<?xml version="1.0"?>
<test_results>
	<status>STATUS_SUCCESS</status>
	<custom>
		<num_loss>0</num_loss>
		<num_total>641224726</num_total>
		<num_misses>-2056465633</num_misses>
		<elapsed_time>7199.299943</elapsed_time>
		<query>
			<report>
				<misses>100000</misses>
				<total>0</total>
				<timestamp>1.135877</timestamp>
			</report>
			<report>
				<misses>200000</misses>
				<total>0</total>
				<timestamp>2.258803</timestamp>
			</report>
			<report>
				<misses>300000</misses>
				<total>0</total>
				<timestamp>3.422354</timestamp>
			</report>
			<report>
				<misses>400000</misses>
				<total>0</total>
				<timestamp>4.573102</timestamp>
			</report>
			<report>
				<misses>500000</misses>
				<total>0</total>
				<timestamp>5.713648</timestamp>
			</report>
			<report>
				<misses>600000</misses>
				<total>0</total>
				<timestamp>6.886987</timestamp>
			</report>
			<report>
				<misses>700000</misses>
				<total>0</total>
				<timestamp>8.009461</timestamp>
			</report>
			<report>
				<misses>800000</misses>
				<total>0</total>
				<timestamp>9.156221</timestamp>
			</report>
			<report>
				<misses>900000</misses>
				<total>0</total>
				<timestamp>10.289403</timestamp>
			</report>
			<report>
				<misses>1000000</misses>
				<total>0</total>
				<timestamp>11.370235</timestamp>
			</report>
			<report>
				<misses>1100000</misses>
				<total>0</total>
				<timestamp>12.475717</timestamp>
			</report>
			<report>
				<misses>1200000</misses>
				<total>0</total>
				<timestamp>13.543443</timestamp>
			</report>
			<report>
				<misses>1300000</misses>
				<total>0</total>
				<timestamp>14.652721</timestamp>
			</report>
			<report>
				<misses>1400000</misses>
				<total>0</total>
				<timestamp>15.814063</timestamp>
			</report>
			<report>
				<misses>1500000</misses>
				<total>0</total>
				<timestamp>16.937519</timestamp>
			</report>
			<report>
				<misses>1600000</misses>
				<total>0</total>
				<timestamp>18.109976</timestamp>
			</report>
			<report>
				<misses>1700000</misses>
				<total>0</total>
				<timestamp>19.244633</timestamp>
			</report>
			<report>
				<misses>1800000</misses>
				<total>0</total>
				<timestamp>20.376852</timestamp>
			</report>
			<report>
				<misses>1900000</misses>
				<total>0</total>
				<timestamp>21.568209</timestamp>
			</report>
			<report>
				<misses>2000000</misses>
				<total>0</total>
				<timestamp>22.724432</timestamp>
			</report>
			<report>
				<misses>2100000</misses>
				<total>0</total>
				<timestamp>23.880272</timestamp>
			</report>
			<report>
				<misses>2200000</misses>
				<total>0</total>
				<timestamp>25.053544</timestamp>
			</report>
			<report>
				<misses>2300000</misses>
				<total>0</total>
				<timestamp>26.217329</timestamp>
			</report>
			<report>
				<misses>2400000</misses>
				<total>0</total>
				<timestamp>27.352930</timestamp>
			</report>
			<report>
				<misses>2500000</misses>
				<total>0</total>
				<timestamp>28.426826</timestamp>
			</report>
			<report>
				<misses>2600000</misses>
				<total>0</total>
				<timestamp>29.518079</timestamp>
			</report>
			<report>
				<misses>2700000</misses>
				<total>0</total>
				<timestamp>30.684970</timestamp>
			</report>
			<report>
				<misses>2800000</misses>
				<total>0</total>
				<timestamp>31.844897</timestamp>
			</report>
			<report>
				<misses>2900000</misses>
				<total>0</total>
				<timestamp>33.014979</timestamp>
			</report>
			<report>
				<misses>3000000</misses>
				<total>0</total>
				<timestamp>34.149310</timestamp>
			</report>
			<report>
				<misses>3100000</misses>
				<total>0</total>
				<timestamp>35.276533</timestamp>
			</report>
			<report>
				<misses>3200000</misses>
				<total>0</total>
				<timestamp>36.422906</timestamp>
			</report>
			<report>
				<misses>3300000</misses>
				<total>0</total>
				<timestamp>37.567323</timestamp>
			</report>
			<report>
				<misses>3400000</misses>
				<total>0</total>
				<timestamp>38.708483</timestamp>
			</report>
			<report>
				<misses>3500000</misses>
				<total>0</total>
				<timestamp>39.840153</timestamp>
			</report>
			<report>
				<misses>3600000</misses>
				<total>0</total>
				<timestamp>41.019067</timestamp>
			</report>
			<report>
				<misses>3700000</misses>
				<total>0</total>
				<timestamp>42.234493</timestamp>
			</report>
			<report>
				<misses>3800000</misses>
				<total>0</total>
				<timestamp>43.385872</timestamp>
			</report>
			<report>
				<misses>3900000</misses>
				<total>0</total>
				<timestamp>44.562713</timestamp>
			</report>
			<report>
				<misses>4000000</misses>
				<total>0</total>
				<timestamp>45.716523</timestamp>
			</report>
			<report>
				<misses>4100000</misses>
				<total>0</total>
				<timestamp>46.817354</timestamp>
			</report>
			<report>
				<misses>4200000</misses>
				<total>0</total>
				<timestamp>47.878710</timestamp>
			</report>
			<report>
				<misses>4300000</misses>
				<total>0</total>
				<timestamp>48.942720</timestamp>
			</report>
			<report>
				<misses>4400000</misses>
				<total>0</total>
				<timestamp>50.012059</timestamp>
			</report>
			<report>
				<misses>4500000</misses>
				<total>0</total>
				<timestamp>51.071414</timestamp>
			</report>
			<report>
				<misses>4600000</misses>
				<total>0</total>
				<timestamp>52.118306</timestamp>
			</report>
			<report>
				<misses>4700000</misses>
				<total>0</total>
				<timestamp>53.284377</timestamp>
			</report>
			<report>
				<misses>4800000</misses>
				<total>0</total>
				<timestamp>54.418642</timestamp>
			</report>
			<report>
				<misses>4900000</misses>
				<total>0</total>
				<timestamp>55.571419</timestamp>
			</report>
			<report>
				<misses>5000000</misses>
				<total>0</total>
				<timestamp>56.741061</timestamp>
			</report>
			<report>
				<misses>5100000</misses>
				<total>0</total>
				<timestamp>57.852082</timestamp>
			</report>
			<report>
				<misses>5200000</misses>
				<total>0</total>
				<timestamp>59.029562</timestamp>
			</report>
			<report>
				<misses>5300000</misses>
				<total>0</total>
				<timestamp>60.154958</timestamp>
			</report>
			<report>
				<misses>5400000</misses>
				<total>0</total>
				<timestamp>61.324970</timestamp>
			</report>
			<report>
				<misses>5500000</misses>
				<total>0</total>
				<timestamp>62.463363</timestamp>
			</report>
			<report>
				<misses>5600000</misses>
				<total>0</total>
				<timestamp>63.549066</timestamp>
			</report>
			<report>
				<misses>5700000</misses>
				<total>0</total>
				<timestamp>64.650677</timestamp>
			</report>
			<report>
				<misses>5800000</misses>
				<total>0</total>
				<timestamp>65.780321</timestamp>
			</report>
			<report>
				<misses>5900000</misses>
				<total>0</total>
				<timestamp>66.821982</timestamp>
			</report>
			<report>
				<misses>6000000</misses>
				<total>0</total>
				<timestamp>67.911274</timestamp>
			</report>
			<report>
				<misses>6100000</misses>
				<total>0</total>
				<timestamp>69.011889</timestamp>
			</report>
			<report>
				<misses>6200000</misses>
				<total>0</total>
				<timestamp>70.096942</timestamp>
			</report>
			<report>
				<misses>6300000</misses>
				<total>0</total>
				<timestamp>71.198643</timestamp>
			</report>
			<report>
				<misses>6400000</misses>
				<total>0</total>
				<timestamp>72.324840</timestamp>
			</report>
			<report>
				<misses>6500000</misses>
				<total>0</total>
				<timestamp>73.457782</timestamp>
			</report>
			<report>
				<misses>6600000</misses>
				<total>0</total>
				<timestamp>74.640348</timestamp>
			</report>
			<report>
				<misses>6700000</misses>
				<total>0</total>
				<timestamp>75.772395</timestamp>
			</report>
			<report>
				<misses>6800000</misses>
				<total>0</total>
				<timestamp>76.986165</timestamp>
			</report>
			<report>
				<misses>6900000</misses>
				<total>0</total>
				<timestamp>78.090549</timestamp>
			</report>
			<report>
				<misses>7000000</misses>
				<total>0</total>
				<timestamp>79.232848</timestamp>
			</report>
			<report>
				<misses>7100000</misses>
				<total>0</total>
				<timestamp>80.318773</timestamp>
			</report>
			<report>
				<misses>7200000</misses>
				<total>0</total>
				<timestamp>81.463296</timestamp>
			</report>
			<report>
				<misses>7300000</misses>
				<total>0</total>
				<timestamp>82.556540</timestamp>
			</report>
			<report>
				<misses>7400000</misses>
				<total>0</total>
				<timestamp>83.654476</timestamp>
			</report>
			<report>
				<misses>7500000</misses>
				<total>0</total>
				<timestamp>84.787021</timestamp>
			</report>
			<report>
				<misses>7600000</misses>
				<total>0</total>
				<timestamp>85.867709</timestamp>
			</report>
			<report>
				<misses>7700000</misses>
				<total>0</total>
				<timestamp>86.947266</timestamp>
			</report>
			<report>
				<misses>7800000</misses>
				<total>0</total>
				<timestamp>88.023059</timestamp>
			</report>
			<report>
				<misses>7900000</misses>
				<total>0</total>
				<timestamp>89.153999</timestamp>
			</report>
			<report>
				<misses>8000000</misses>
				<total>0</total>
				<timestamp>90.275613</timestamp>
			</report>
			<report>
				<misses>8100000</misses>
				<total>0</total>
				<timestamp>91.456414</timestamp>
			</report>
			<report>
				<misses>8200000</misses>
				<total>0</total>
				<timestamp>92.565632</timestamp>
			</report>
			<report>
				<misses>8300000</misses>
				<total>0</total>
				<timestamp>93.669572</timestamp>
			</report>
			<report>
				<misses>8400000</misses>
				<total>0</total>
				<timestamp>94.765746</timestamp>
			</report>
			<report>
				<misses>8500000</misses>
				<total>0</total>
				<timestamp>95.895660</timestamp>
			</report>
			<report>
				<misses>8600000</misses>
				<total>0</total>
				<timestamp>97.012285</timestamp>
			</report>
			<report>
				<misses>8700000</misses>
				<total>0</total>
				<timestamp>98.147744</timestamp>
			</report>
			<report>
				<misses>8800000</misses>
				<total>0</total>
				<timestamp>99.261832</timestamp>
			</report>
			<report>
				<misses>8900000</misses>
				<total>0</total>
				<timestamp>100.352487</timestamp>
			</report>
			<report>
				<misses>9000000</misses>
				<total>0</total>
				<timestamp>101.483940</timestamp>
			</report>
			<report>
				<misses>9100000</misses>
				<total>0</total>
				<timestamp>102.610146</timestamp>
			</report>
			<report>
				<misses>9200000</misses>
				<total>0</total>
				<timestamp>103.686578</timestamp>
			</report>
			<report>
				<misses>9300000</misses>
				<total>0</total>
				<timestamp>104.813538</timestamp>
			</report>
			<report>
				<misses>9400000</misses>
				<total>0</total>
				<timestamp>105.929682</timestamp>
			</report>
			<report>
				<misses>9500000</misses>
				<total>0</total>
				<timestamp>107.024566</timestamp>
			</report>
			<report>
				<misses>9600000</misses>
				<total>0</total>
				<timestamp>108.107266</timestamp>
			</report>
			<report>
				<misses>9700000</misses>
				<total>0</total>
				<timestamp>109.164408</timestamp>
			</report>
			<report>
				<misses>9800000</misses>
				<total>0</total>
				<timestamp>110.252599</timestamp>
			</report>
			<report>
				<misses>9900000</misses>
				<total>0</total>
				<timestamp>111.349843</timestamp>
			</report>
			<report>
				<misses>10000000</misses>
				<total>0</total>
				<timestamp>112.505554</timestamp>
			</report>
			<report>
				<misses>10100000</misses>
				<total>0</total>
				<timestamp>113.639544</timestamp>
			</report>
			<report>
				<misses>10200000</misses>
				<total>0</total>
				<timestamp>114.753928</timestamp>
			</report>
			<report>
				<misses>10300000</misses>
				<total>0</total>
				<timestamp>115.825398</timestamp>
			</report>
			<report>
				<misses>10400000</misses>
				<total>0</total>
				<timestamp>116.984705</timestamp>
			</report>
			<report>
				<misses>10500000</misses>
				<total>0</total>
				<timestamp>118.090576</timestamp>
			</report>
			<report>
				<misses>10600000</misses>
				<total>0</total>
				<timestamp>119.199191</timestamp>
			</report>
			<report>
				<misses>10700000</misses>
				<total>0</total>
				<timestamp>120.293796</timestamp>
			</report>
			<report>
				<misses>10800000</misses>
				<total>0</total>
				<timestamp>121.421241</timestamp>
			</report>
			<report>
				<misses>10900000</misses>
				<total>0</total>
				<timestamp>122.501106</timestamp>
			</report>
			<report>
				<misses>11000000</misses>
				<total>0</total>
				<timestamp>123.636562</timestamp>
			</report>
			<report>
				<misses>11100000</misses>
				<total>0</total>
				<timestamp>124.717692</timestamp>
			</report>
			<report>
				<misses>11200000</misses>
				<total>0</total>
				<timestamp>125.791191</timestamp>
			</report>
			<report>
				<misses>11300000</misses>
				<total>0</total>
				<timestamp>126.930573</timestamp>
			</report>
			<report>
				<misses>11400000</misses>
				<total>0</total>
				<timestamp>128.033702</timestamp>
			</report>
			<report>
				<misses>11500000</misses>
				<total>0</total>
				<timestamp>129.115510</timestamp>
			</report>
			<report>
				<misses>11600000</misses>
				<total>0</total>
				<timestamp>130.248169</timestamp>
			</report>
			<report>
				<misses>11700000</misses>
				<total>0</total>
				<timestamp>131.376408</timestamp>
			</report>
			<report>
				<misses>11800000</misses>
				<total>0</total>
				<timestamp>132.552808</timestamp>
			</report>
			<report>
				<misses>11900000</misses>
				<total>0</total>
				<timestamp>133.671743</timestamp>
			</report>
			<report>
				<misses>12000000</misses>
				<total>0</total>
				<timestamp>134.765513</timestamp>
			</report>
			<report>
				<misses>12100000</misses>
				<total>0</total>
				<timestamp>135.905671</timestamp>
			</report>
			<report>
				<misses>12200000</misses>
				<total>0</total>
				<timestamp>137.041525</timestamp>
			</report>
			<report>
				<misses>12300000</misses>
				<total>0</total>
				<timestamp>138.159637</timestamp>
			</report>
			<report>
				<misses>12400000</misses>
				<total>0</total>
				<timestamp>139.263356</timestamp>
			</report>
			<report>
				<misses>12500000</misses>
				<total>0</total>
				<timestamp>140.361635</timestamp>
			</report>
			<report>
				<misses>12600000</misses>
				<total>0</total>
				<timestamp>141.464736</timestamp>
			</report>
			<report>
				<misses>12700000</misses>
				<total>0</total>
				<timestamp>142.570472</timestamp>
			</report>
			<report>
				<misses>12800000</misses>
				<total>0</total>
				<timestamp>143.716137</timestamp>
			</report>
			<report>
				<misses>12900000</misses>
				<total>0</total>
				<timestamp>144.867124</timestamp>
			</report>
			<report>
				<misses>13000000</misses>
				<total>0</total>
				<timestamp>145.976179</timestamp>
			</report>
			<report>
				<misses>13100000</misses>
				<total>0</total>
				<timestamp>147.099696</timestamp>
			</report>
			<report>
				<misses>13200000</misses>
				<total>0</total>
				<timestamp>148.233153</timestamp>
			</report>
			<report>
				<misses>13300000</misses>
				<total>0</total>
				<timestamp>149.379323</timestamp>
			</report>
			<report>
				<misses>13400000</misses>
				<total>0</total>
				<timestamp>150.470178</timestamp>
			</report>
			<report>
				<misses>13500000</misses>
				<total>0</total>
				<timestamp>151.615663</timestamp>
			</report>
			<report>
				<misses>13600000</misses>
				<total>0</total>
				<timestamp>152.756819</timestamp>
			</report>
			<report>
				<misses>13700000</misses>
				<total>0</total>
				<timestamp>153.921527</timestamp>
			</report>
			<report>
				<misses>13800000</misses>
				<total>0</total>
				<timestamp>155.030532</timestamp>
			</report>
			<report>
				<misses>13900000</misses>
				<total>0</total>
				<timestamp>156.168269</timestamp>
			</report>
			<report>
				<misses>14000000</misses>
				<total>0</total>
				<timestamp>157.284631</timestamp>
			</report>
			<report>
				<misses>14100000</misses>
				<total>0</total>
				<timestamp>158.393541</timestamp>
			</report>
			<report>
				<misses>14200000</misses>
				<total>0</total>
				<timestamp>159.527697</timestamp>
			</report>
			<report>
				<misses>14300000</misses>
				<total>0</total>
				<timestamp>160.644623</timestamp>
			</report>
			<report>
				<misses>14400000</misses>
				<total>0</total>
				<timestamp>161.840394</timestamp>
			</report>
			<report>
				<misses>14500000</misses>
				<total>0</total>
				<timestamp>162.968779</timestamp>
			</report>
			<report>
				<misses>14600000</misses>
				<total>0</total>
				<timestamp>164.038769</timestamp>
			</report>
			<report>
				<misses>14700000</misses>
				<total>0</total>
				<timestamp>165.096302</timestamp>
			</report>
			<report>
				<misses>14800000</misses>
				<total>0</total>
				<timestamp>166.168793</timestamp>
			</report>
			<report>
				<misses>14900000</misses>
				<total>0</total>
				<timestamp>167.250395</timestamp>
			</report>
			<report>
				<misses>15000000</misses>
				<total>0</total>
				<timestamp>168.320389</timestamp>
			</report>
			<report>
				<misses>15100000</misses>
				<total>0</total>
				<timestamp>169.420109</timestamp>
			</report>
			<report>
				<misses>15200000</misses>
				<total>0</total>
				<timestamp>170.581434</timestamp>
			</report>
			<report>
				<misses>15300000</misses>
				<total>0</total>
				<timestamp>171.703367</timestamp>
			</report>
			<report>
				<misses>15400000</misses>
				<total>0</total>
				<timestamp>172.855833</timestamp>
			</report>
			<report>
				<misses>15500000</misses>
				<total>0</total>
				<timestamp>174.003048</timestamp>
			</report>
			<report>
				<misses>15600000</misses>
				<total>0</total>
				<timestamp>175.154812</timestamp>
			</report>
			<report>
				<misses>15700000</misses>
				<total>0</total>
				<timestamp>176.259458</timestamp>
			</report>
			<report>
				<misses>15800000</misses>
				<total>0</total>
				<timestamp>177.386810</timestamp>
			</report>
			<report>
				<misses>15900000</misses>
				<total>0</total>
				<timestamp>178.538900</timestamp>
			</report>
			<report>
				<misses>16000000</misses>
				<total>0</total>
				<timestamp>179.738741</timestamp>
			</report>
			<report>
				<misses>16100000</misses>
				<total>0</total>
				<timestamp>180.867153</timestamp>
			</report>
			<report>
				<misses>16200000</misses>
				<total>0</total>
				<timestamp>182.014743</timestamp>
			</report>
			<report>
				<misses>16300000</misses>
				<total>0</total>
				<timestamp>183.157453</timestamp>
			</report>
			<report>
				<misses>16400000</misses>
				<total>0</total>
				<timestamp>184.267284</timestamp>
			</report>
			<report>
				<misses>16500000</misses>
				<total>0</total>
				<timestamp>185.364747</timestamp>
			</report>
			<report>
				<misses>16600000</misses>
				<total>0</total>
				<timestamp>186.441138</timestamp>
			</report>
			<report>
				<misses>16700000</misses>
				<total>0</total>
				<timestamp>187.545172</timestamp>
			</report>
			<report>
				<misses>16800000</misses>
				<total>0</total>
				<timestamp>188.662761</timestamp>
			</report>
			<report>
				<misses>16900000</misses>
				<total>0</total>
				<timestamp>189.728171</timestamp>
			</report>
			<report>
				<misses>17000000</misses>
				<total>0</total>
				<timestamp>190.791074</timestamp>
			</report>
			<report>
				<misses>17100000</misses>
				<total>0</total>
				<timestamp>191.944874</timestamp>
			</report>
			<report>
				<misses>17200000</misses>
				<total>0</total>
				<timestamp>193.075302</timestamp>
			</report>
			<report>
				<misses>17300000</misses>
				<total>0</total>
				<timestamp>194.230161</timestamp>
			</report>
			<report>
				<misses>17400000</misses>
				<total>0</total>
				<timestamp>195.390644</timestamp>
			</report>
			<report>
				<misses>17500000</misses>
				<total>0</total>
				<timestamp>196.505875</timestamp>
			</report>
			<report>
				<misses>17600000</misses>
				<total>0</total>
				<timestamp>197.639004</timestamp>
			</report>
			<report>
				<misses>17700000</misses>
				<total>0</total>
				<timestamp>198.766243</timestamp>
			</report>
			<report>
				<misses>17800000</misses>
				<total>0</total>
				<timestamp>199.908430</timestamp>
			</report>
			<report>
				<misses>17900000</misses>
				<total>0</total>
				<timestamp>201.032984</timestamp>
			</report>
			<report>
				<misses>18000000</misses>
				<total>0</total>
				<timestamp>202.202137</timestamp>
			</report>
			<report>
				<misses>18100000</misses>
				<total>0</total>
				<timestamp>203.323056</timestamp>
			</report>
			<report>
				<misses>18200000</misses>
				<total>0</total>
				<timestamp>204.413589</timestamp>
			</report>
			<report>
				<misses>18300000</misses>
				<total>0</total>
				<timestamp>205.503357</timestamp>
			</report>
			<report>
				<misses>18400000</misses>
				<total>0</total>
				<timestamp>206.580598</timestamp>
			</report>
			<report>
				<misses>18500000</misses>
				<total>0</total>
				<timestamp>207.753607</timestamp>
			</report>
			<report>
				<misses>18600000</misses>
				<total>0</total>
				<timestamp>208.836628</timestamp>
			</report>
			<report>
				<misses>18700000</misses>
				<total>0</total>
				<timestamp>209.916295</timestamp>
			</report>
			<report>
				<misses>18800000</misses>
				<total>0</total>
				<timestamp>210.985436</timestamp>
			</report>
			<report>
				<misses>18900000</misses>
				<total>0</total>
				<timestamp>212.118948</timestamp>
			</report>
			<report>
				<misses>19000000</misses>
				<total>0</total>
				<timestamp>213.202732</timestamp>
			</report>
			<report>
				<misses>19100000</misses>
				<total>0</total>
				<timestamp>214.398125</timestamp>
			</report>
			<report>
				<misses>19200000</misses>
				<total>0</total>
				<timestamp>215.548518</timestamp>
			</report>
			<report>
				<misses>19300000</misses>
				<total>0</total>
				<timestamp>216.702209</timestamp>
			</report>
			<report>
				<misses>19400000</misses>
				<total>0</total>
				<timestamp>217.851320</timestamp>
			</report>
			<report>
				<misses>19500000</misses>
				<total>0</total>
				<timestamp>218.987702</timestamp>
			</report>
			<report>
				<misses>19600000</misses>
				<total>0</total>
				<timestamp>220.126610</timestamp>
			</report>
			<report>
				<misses>19700000</misses>
				<total>0</total>
				<timestamp>221.243313</timestamp>
			</report>
			<report>
				<misses>19800000</misses>
				<total>0</total>
				<timestamp>222.376537</timestamp>
			</report>
			<report>
				<misses>19900000</misses>
				<total>0</total>
				<timestamp>223.533490</timestamp>
			</report>
			<report>
				<misses>20000000</misses>
				<total>0</total>
				<timestamp>224.712583</timestamp>
			</report>
			<report>
				<misses>20100000</misses>
				<total>0</total>
				<timestamp>225.887115</timestamp>
			</report>
			<report>
				<misses>20200000</misses>
				<total>0</total>
				<timestamp>227.014876</timestamp>
			</report>
			<report>
				<misses>20300000</misses>
				<total>0</total>
				<timestamp>228.132580</timestamp>
			</report>
			<report>
				<misses>20400000</misses>
				<total>0</total>
				<timestamp>229.254311</timestamp>
			</report>
			<report>
				<misses>20500000</misses>
				<total>0</total>
				<timestamp>230.367075</timestamp>
			</report>
			<report>
				<misses>20600000</misses>
				<total>0</total>
				<timestamp>231.498896</timestamp>
			</report>
			<report>
				<misses>20700000</misses>
				<total>0</total>
				<timestamp>232.564724</timestamp>
			</report>
			<report>
				<misses>20800000</misses>
				<total>0</total>
				<timestamp>233.637248</timestamp>
			</report>
			<report>
				<misses>20900000</misses>
				<total>0</total>
				<timestamp>234.780145</timestamp>
			</report>
			<report>
				<misses>21000000</misses>
				<total>0</total>
				<timestamp>235.903485</timestamp>
			</report>
			<report>
				<misses>21100000</misses>
				<total>0</total>
				<timestamp>237.066683</timestamp>
			</report>
			<report>
				<misses>21200000</misses>
				<total>0</total>
				<timestamp>238.228139</timestamp>
			</report>
			<report>
				<misses>21300000</misses>
				<total>0</total>
				<timestamp>239.417286</timestamp>
			</report>
			<report>
				<misses>21400000</misses>
				<total>0</total>
				<timestamp>240.595540</timestamp>
			</report>
			<report>
				<misses>21500000</misses>
				<total>0</total>
				<timestamp>241.758484</timestamp>
			</report>
			<report>
				<misses>21600000</misses>
				<total>0</total>
				<timestamp>242.944311</timestamp>
			</report>
			<report>
				<misses>21700000</misses>
				<total>0</total>
				<timestamp>244.147609</timestamp>
			</report>
			<report>
				<misses>21800000</misses>
				<total>0</total>
				<timestamp>245.300504</timestamp>
			</report>
			<report>
				<misses>21900000</misses>
				<total>0</total>
				<timestamp>246.446877</timestamp>
			</report>
			<report>
				<misses>22000000</misses>
				<total>0</total>
				<timestamp>247.602209</timestamp>
			</report>
			<report>
				<misses>22100000</misses>
				<total>0</total>
				<timestamp>248.744317</timestamp>
			</report>
			<report>
				<misses>22200000</misses>
				<total>0</total>
				<timestamp>249.877398</timestamp>
			</report>
			<report>
				<misses>22300000</misses>
				<total>0</total>
				<timestamp>251.035594</timestamp>
			</report>
			<report>
				<misses>22400000</misses>
				<total>0</total>
				<timestamp>252.120718</timestamp>
			</report>
			<report>
				<misses>22500000</misses>
				<total>0</total>
				<timestamp>253.250329</timestamp>
			</report>
			<report>
				<misses>22600000</misses>
				<total>0</total>
				<timestamp>254.364707</timestamp>
			</report>
			<report>
				<misses>22700000</misses>
				<total>0</total>
				<timestamp>255.470470</timestamp>
			</report>
			<report>
				<misses>22800000</misses>
				<total>0</total>
				<timestamp>256.629074</timestamp>
			</report>
			<report>
				<misses>22900000</misses>
				<total>0</total>
				<timestamp>257.794673</timestamp>
			</report>
			<report>
				<misses>23000000</misses>
				<total>0</total>
				<timestamp>258.986953</timestamp>
			</report>
			<report>
				<misses>23100000</misses>
				<total>0</total>
				<timestamp>260.107630</timestamp>
			</report>
			<report>
				<misses>23200000</misses>
				<total>0</total>
				<timestamp>261.239011</timestamp>
			</report>
			<report>
				<misses>23300000</misses>
				<total>0</total>
				<timestamp>262.406237</timestamp>
			</report>
			<report>
				<misses>23400000</misses>
				<total>0</total>
				<timestamp>263.545640</timestamp>
			</report>
			<report>
				<misses>23500000</misses>
				<total>0</total>
				<timestamp>264.686904</timestamp>
			</report>
			<report>
				<misses>23600000</misses>
				<total>0</total>
				<timestamp>265.862414</timestamp>
			</report>
			<report>
				<misses>23700000</misses>
				<total>0</total>
				<timestamp>266.980414</timestamp>
			</report>
			<report>
				<misses>23800000</misses>
				<total>0</total>
				<timestamp>268.106044</timestamp>
			</report>
			<report>
				<misses>23900000</misses>
				<total>0</total>
				<timestamp>269.199958</timestamp>
			</report>
			<report>
				<misses>24000000</misses>
				<total>0</total>
				<timestamp>270.330858</timestamp>
			</report>
			<report>
				<misses>24100000</misses>
				<total>0</total>
				<timestamp>271.461890</timestamp>
			</report>
			<report>
				<misses>24200000</misses>
				<total>0</total>
				<timestamp>272.514202</timestamp>
			</report>
			<report>
				<misses>24300000</misses>
				<total>0</total>
				<timestamp>273.604835</timestamp>
			</report>
			<report>
				<misses>24400000</misses>
				<total>0</total>
				<timestamp>274.732011</timestamp>
			</report>
			<report>
				<misses>24500000</misses>
				<total>0</total>
				<timestamp>275.846763</timestamp>
			</report>
			<report>
				<misses>24600000</misses>
				<total>0</total>
				<timestamp>276.937615</timestamp>
			</report>
			<report>
				<misses>24700000</misses>
				<total>0</total>
				<timestamp>278.051120</timestamp>
			</report>
			<report>
				<misses>24800000</misses>
				<total>0</total>
				<timestamp>279.195333</timestamp>
			</report>
			<report>
				<misses>24900000</misses>
				<total>0</total>
				<timestamp>280.335567</timestamp>
			</report>
			<report>
				<misses>25000000</misses>
				<total>0</total>
				<timestamp>281.473557</timestamp>
			</report>
			<report>
				<misses>25100000</misses>
				<total>0</total>
				<timestamp>282.638584</timestamp>
			</report>
			<report>
				<misses>25200000</misses>
				<total>0</total>
				<timestamp>283.746873</timestamp>
			</report>
			<report>
				<misses>25300000</misses>
				<total>0</total>
				<timestamp>284.909733</timestamp>
			</report>
			<report>
				<misses>25400000</misses>
				<total>0</total>
				<timestamp>286.022907</timestamp>
			</report>
			<report>
				<misses>25500000</misses>
				<total>0</total>
				<timestamp>287.121331</timestamp>
			</report>
			<report>
				<misses>25600000</misses>
				<total>0</total>
				<timestamp>288.192968</timestamp>
			</report>
			<report>
				<misses>25700000</misses>
				<total>0</total>
				<timestamp>289.318721</timestamp>
			</report>
			<report>
				<misses>25800000</misses>
				<total>0</total>
				<timestamp>290.414060</timestamp>
			</report>
			<report>
				<misses>25900000</misses>
				<total>0</total>
				<timestamp>291.508613</timestamp>
			</report>
			<report>
				<misses>26000000</misses>
				<total>0</total>
				<timestamp>292.615506</timestamp>
			</report>
			<report>
				<misses>26100000</misses>
				<total>0</total>
				<timestamp>293.742871</timestamp>
			</report>
			<report>
				<misses>26200000</misses>
				<total>0</total>
				<timestamp>294.821196</timestamp>
			</report>
			<report>
				<misses>26300000</misses>
				<total>0</total>
				<timestamp>295.959318</timestamp>
			</report>
			<report>
				<misses>26400000</misses>
				<total>0</total>
				<timestamp>297.057771</timestamp>
			</report>
			<report>
				<misses>26500000</misses>
				<total>0</total>
				<timestamp>298.207073</timestamp>
			</report>
			<report>
				<misses>26600000</misses>
				<total>0</total>
				<timestamp>299.351398</timestamp>
			</report>
			<report>
				<misses>26700000</misses>
				<total>0</total>
				<timestamp>300.487285</timestamp>
			</report>
			<report>
				<misses>26800000</misses>
				<total>0</total>
				<timestamp>301.638785</timestamp>
			</report>
			<report>
				<misses>26900000</misses>
				<total>0</total>
				<timestamp>302.789991</timestamp>
			</report>
			<report>
				<misses>27000000</misses>
				<total>0</total>
				<timestamp>303.937502</timestamp>
			</report>
			<report>
				<misses>27100000</misses>
				<total>0</total>
				<timestamp>305.085196</timestamp>
			</report>
			<report>
				<misses>27200000</misses>
				<total>0</total>
				<timestamp>306.164556</timestamp>
			</report>
			<report>
				<misses>27300000</misses>
				<total>0</total>
				<timestamp>307.299928</timestamp>
			</report>
			<report>
				<misses>27400000</misses>
				<total>0</total>
				<timestamp>308.401811</timestamp>
			</report>
			<report>
				<misses>27500000</misses>
				<total>0</total>
				<timestamp>309.499783</timestamp>
			</report>
			<report>
				<misses>27600000</misses>
				<total>0</total>
				<timestamp>310.663816</timestamp>
			</report>
			<report>
				<misses>27700000</misses>
				<total>0</total>
				<timestamp>311.757385</timestamp>
			</report>
			<report>
				<misses>27800000</misses>
				<total>0</total>
				<timestamp>312.916401</timestamp>
			</report>
			<report>
				<misses>27900000</misses>
				<total>0</total>
				<timestamp>314.028157</timestamp>
			</report>
			<report>
				<misses>28000000</misses>
				<total>0</total>
				<timestamp>315.204611</timestamp>
			</report>
			<report>
				<misses>28100000</misses>
				<total>0</total>
				<timestamp>316.336266</timestamp>
			</report>
			<report>
				<misses>28200000</misses>
				<total>0</total>
				<timestamp>317.449242</timestamp>
			</report>
			<report>
				<misses>28300000</misses>
				<total>0</total>
				<timestamp>318.538943</timestamp>
			</report>
			<report>
				<misses>28400000</misses>
				<total>0</total>
				<timestamp>319.646175</timestamp>
			</report>
			<report>
				<misses>28500000</misses>
				<total>0</total>
				<timestamp>320.712029</timestamp>
			</report>
			<report>
				<misses>28600000</misses>
				<total>0</total>
				<timestamp>321.792324</timestamp>
			</report>
			<report>
				<misses>28700000</misses>
				<total>0</total>
				<timestamp>322.856984</timestamp>
			</report>
			<report>
				<misses>28800000</misses>
				<total>0</total>
				<timestamp>323.938215</timestamp>
			</report>
			<report>
				<misses>28900000</misses>
				<total>0</total>
				<timestamp>325.047249</timestamp>
			</report>
			<report>
				<misses>29000000</misses>
				<total>0</total>
				<timestamp>326.155023</timestamp>
			</report>
			<report>
				<misses>29100000</misses>
				<total>0</total>
				<timestamp>327.274932</timestamp>
			</report>
			<report>
				<misses>29200000</misses>
				<total>0</total>
				<timestamp>328.454157</timestamp>
			</report>
			<report>
				<misses>29300000</misses>
				<total>0</total>
				<timestamp>329.571135</timestamp>
			</report>
			<report>
				<misses>29400000</misses>
				<total>0</total>
				<timestamp>330.688020</timestamp>
			</report>
			<report>
				<misses>29500000</misses>
				<total>0</total>
				<timestamp>331.852160</timestamp>
			</report>
			<report>
				<misses>29600000</misses>
				<total>0</total>
				<timestamp>332.978654</timestamp>
			</report>
			<report>
				<misses>29700000</misses>
				<total>0</total>
				<timestamp>334.106942</timestamp>
			</report>
			<report>
				<misses>29800000</misses>
				<total>0</total>
				<timestamp>335.199813</timestamp>
			</report>
			<report>
				<misses>29900000</misses>
				<total>0</total>
				<timestamp>336.341048</timestamp>
			</report>
			<report>
				<misses>30000000</misses>
				<total>0</total>
				<timestamp>337.463020</timestamp>
			</report>
			<report>
				<misses>30100000</misses>
				<total>0</total>
				<timestamp>338.600752</timestamp>
			</report>
			<report>
				<misses>30200000</misses>
				<total>0</total>
				<timestamp>339.677557</timestamp>
			</report>
			<report>
				<misses>30300000</misses>
				<total>0</total>
				<timestamp>340.802410</timestamp>
			</report>
			<report>
				<misses>30400000</misses>
				<total>0</total>
				<timestamp>341.862290</timestamp>
			</report>
			<report>
				<misses>30500000</misses>
				<total>0</total>
				<timestamp>342.920417</timestamp>
			</report>
			<report>
				<misses>30600000</misses>
				<total>0</total>
				<timestamp>344.013013</timestamp>
			</report>
			<report>
				<misses>30700000</misses>
				<total>0</total>
				<timestamp>345.104230</timestamp>
			</report>
			<report>
				<misses>30800000</misses>
				<total>0</total>
				<timestamp>346.210894</timestamp>
			</report>
			<report>
				<misses>30900000</misses>
				<total>0</total>
				<timestamp>347.319157</timestamp>
			</report>
			<report>
				<misses>31000000</misses>
				<total>0</total>
				<timestamp>348.442648</timestamp>
			</report>
			<report>
				<misses>31100000</misses>
				<total>0</total>
				<timestamp>349.532591</timestamp>
			</report>
			<report>
				<misses>31200000</misses>
				<total>0</total>
				<timestamp>350.656853</timestamp>
			</report>
			<report>
				<misses>31300000</misses>
				<total>0</total>
				<timestamp>351.738767</timestamp>
			</report>
			<report>
				<misses>31400000</misses>
				<total>0</total>
				<timestamp>352.884628</timestamp>
			</report>
			<report>
				<misses>31500000</misses>
				<total>0</total>
				<timestamp>354.002339</timestamp>
			</report>
			<report>
				<misses>31600000</misses>
				<total>0</total>
				<timestamp>355.112443</timestamp>
			</report>
			<report>
				<misses>31700000</misses>
				<total>0</total>
				<timestamp>356.233731</timestamp>
			</report>
			<report>
				<misses>31800000</misses>
				<total>0</total>
				<timestamp>357.400466</timestamp>
			</report>
			<report>
				<misses>31900000</misses>
				<total>0</total>
				<timestamp>358.546228</timestamp>
			</report>
			<report>
				<misses>32000000</misses>
				<total>0</total>
				<timestamp>359.672964</timestamp>
			</report>
			<report>
				<misses>32100000</misses>
				<total>0</total>
				<timestamp>360.799742</timestamp>
			</report>
			<report>
				<misses>32200000</misses>
				<total>0</total>
				<timestamp>361.906020</timestamp>
			</report>
			<report>
				<misses>32300000</misses>
				<total>0</total>
				<timestamp>363.030189</timestamp>
			</report>
			<report>
				<misses>32400000</misses>
				<total>0</total>
				<timestamp>364.161442</timestamp>
			</report>
			<report>
				<misses>32500000</misses>
				<total>0</total>
				<timestamp>365.246700</timestamp>
			</report>
			<report>
				<misses>32600000</misses>
				<total>0</total>
				<timestamp>366.301456</timestamp>
			</report>
			<report>
				<misses>32700000</misses>
				<total>0</total>
				<timestamp>367.373447</timestamp>
			</report>
			<report>
				<misses>32800000</misses>
				<total>0</total>
				<timestamp>368.505234</timestamp>
			</report>
			<report>
				<misses>32900000</misses>
				<total>0</total>
				<timestamp>369.631946</timestamp>
			</report>
			<report>
				<misses>33000000</misses>
				<total>0</total>
				<timestamp>370.708655</timestamp>
			</report>
			<report>
				<misses>33100000</misses>
				<total>0</total>
				<timestamp>371.793891</timestamp>
			</report>
			<report>
				<misses>33200000</misses>
				<total>0</total>
				<timestamp>372.929724</timestamp>
			</report>
			<report>
				<misses>33300000</misses>
				<total>0</total>
				<timestamp>374.020154</timestamp>
			</report>
			<report>
				<misses>33400000</misses>
				<total>0</total>
				<timestamp>375.155124</timestamp>
			</report>
			<report>
				<misses>33500000</misses>
				<total>0</total>
				<timestamp>376.296012</timestamp>
			</report>
			<report>
				<misses>33600000</misses>
				<total>0</total>
				<timestamp>377.420709</timestamp>
			</report>
			<report>
				<misses>33700000</misses>
				<total>0</total>
				<timestamp>378.558322</timestamp>
			</report>
			<report>
				<misses>33800000</misses>
				<total>0</total>
				<timestamp>379.677648</timestamp>
			</report>
			<report>
				<misses>33900000</misses>
				<total>0</total>
				<timestamp>380.815196</timestamp>
			</report>
			<report>
				<misses>34000000</misses>
				<total>0</total>
				<timestamp>381.897440</timestamp>
			</report>
			<report>
				<misses>34100000</misses>
				<total>0</total>
				<timestamp>383.041792</timestamp>
			</report>
			<report>
				<misses>34200000</misses>
				<total>0</total>
				<timestamp>384.169622</timestamp>
			</report>
			<report>
				<misses>34300000</misses>
				<total>0</total>
				<timestamp>385.238841</timestamp>
			</report>
			<report>
				<misses>34400000</misses>
				<total>0</total>
				<timestamp>386.317912</timestamp>
			</report>
			<report>
				<misses>34500000</misses>
				<total>0</total>
				<timestamp>387.394600</timestamp>
			</report>
			<report>
				<misses>34600000</misses>
				<total>0</total>
				<timestamp>388.457298</timestamp>
			</report>
			<report>
				<misses>34700000</misses>
				<total>0</total>
				<timestamp>389.572050</timestamp>
			</report>
			<report>
				<misses>34800000</misses>
				<total>0</total>
				<timestamp>390.741082</timestamp>
			</report>
			<report>
				<misses>34900000</misses>
				<total>0</total>
				<timestamp>391.819506</timestamp>
			</report>
			<report>
				<misses>35000000</misses>
				<total>0</total>
				<timestamp>393.007667</timestamp>
			</report>
			<report>
				<misses>35100000</misses>
				<total>0</total>
				<timestamp>394.112566</timestamp>
			</report>
			<report>
				<misses>35200000</misses>
				<total>0</total>
				<timestamp>395.246362</timestamp>
			</report>
			<report>
				<misses>35300000</misses>
				<total>0</total>
				<timestamp>396.371752</timestamp>
			</report>
			<report>
				<misses>35400000</misses>
				<total>0</total>
				<timestamp>397.503547</timestamp>
			</report>
			<report>
				<misses>35500000</misses>
				<total>0</total>
				<timestamp>398.641200</timestamp>
			</report>
			<report>
				<misses>35600000</misses>
				<total>0</total>
				<timestamp>399.754953</timestamp>
			</report>
			<report>
				<misses>35700000</misses>
				<total>0</total>
				<timestamp>400.848813</timestamp>
			</report>
			<report>
				<misses>35800000</misses>
				<total>0</total>
				<timestamp>401.909643</timestamp>
			</report>
			<report>
				<misses>35900000</misses>
				<total>0</total>
				<timestamp>403.033971</timestamp>
			</report>
			<report>
				<misses>36000000</misses>
				<total>0</total>
				<timestamp>404.134083</timestamp>
			</report>
			<report>
				<misses>36100000</misses>
				<total>0</total>
				<timestamp>405.199488</timestamp>
			</report>
			<report>
				<misses>36200000</misses>
				<total>0</total>
				<timestamp>406.303365</timestamp>
			</report>
			<report>
				<misses>36300000</misses>
				<total>0</total>
				<timestamp>407.376556</timestamp>
			</report>
			<report>
				<misses>36400000</misses>
				<total>0</total>
				<timestamp>408.536040</timestamp>
			</report>
			<report>
				<misses>36500000</misses>
				<total>0</total>
				<timestamp>409.651668</timestamp>
			</report>
			<report>
				<misses>36600000</misses>
				<total>0</total>
				<timestamp>410.756675</timestamp>
			</report>
			<report>
				<misses>36700000</misses>
				<total>0</total>
				<timestamp>411.892128</timestamp>
			</report>
			<report>
				<misses>36800000</misses>
				<total>0</total>
				<timestamp>413.018719</timestamp>
			</report>
			<report>
				<misses>36900000</misses>
				<total>0</total>
				<timestamp>414.184039</timestamp>
			</report>
			<report>
				<misses>37000000</misses>
				<total>0</total>
				<timestamp>415.371105</timestamp>
			</report>
			<report>
				<misses>37100000</misses>
				<total>0</total>
				<timestamp>416.515024</timestamp>
			</report>
			<report>
				<misses>37200000</misses>
				<total>0</total>
				<timestamp>417.634850</timestamp>
			</report>
			<report>
				<misses>37300000</misses>
				<total>0</total>
				<timestamp>418.715878</timestamp>
			</report>
			<report>
				<misses>37400000</misses>
				<total>0</total>
				<timestamp>419.803410</timestamp>
			</report>
			<report>
				<misses>37500000</misses>
				<total>0</total>
				<timestamp>420.916879</timestamp>
			</report>
			<report>
				<misses>37600000</misses>
				<total>0</total>
				<timestamp>422.018228</timestamp>
			</report>
			<report>
				<misses>37700000</misses>
				<total>0</total>
				<timestamp>423.129677</timestamp>
			</report>
			<report>
				<misses>37800000</misses>
				<total>0</total>
				<timestamp>424.239581</timestamp>
			</report>
			<report>
				<misses>37900000</misses>
				<total>0</total>
				<timestamp>425.375063</timestamp>
			</report>
			<report>
				<misses>38000000</misses>
				<total>0</total>
				<timestamp>426.466786</timestamp>
			</report>
			<report>
				<misses>38100000</misses>
				<total>0</total>
				<timestamp>427.593231</timestamp>
			</report>
			<report>
				<misses>38200000</misses>
				<total>0</total>
				<timestamp>428.730766</timestamp>
			</report>
			<report>
				<misses>38300000</misses>
				<total>0</total>
				<timestamp>429.898355</timestamp>
			</report>
			<report>
				<misses>38400000</misses>
				<total>0</total>
				<timestamp>431.045719</timestamp>
			</report>
			<report>
				<misses>38500000</misses>
				<total>0</total>
				<timestamp>432.259102</timestamp>
			</report>
			<report>
				<misses>38600000</misses>
				<total>0</total>
				<timestamp>433.404883</timestamp>
			</report>
			<report>
				<misses>38700000</misses>
				<total>0</total>
				<timestamp>434.621551</timestamp>
			</report>
			<report>
				<misses>38800000</misses>
				<total>0</total>
				<timestamp>435.751570</timestamp>
			</report>
			<report>
				<misses>38900000</misses>
				<total>0</total>
				<timestamp>436.901073</timestamp>
			</report>
			<report>
				<misses>39000000</misses>
				<total>0</total>
				<timestamp>438.076005</timestamp>
			</report>
			<report>
				<misses>39100000</misses>
				<total>0</total>
				<timestamp>439.245440</timestamp>
			</report>
			<report>
				<misses>39200000</misses>
				<total>0</total>
				<timestamp>440.403366</timestamp>
			</report>
			<report>
				<misses>39300000</misses>
				<total>0</total>
				<timestamp>441.503971</timestamp>
			</report>
			<report>
				<misses>39400000</misses>
				<total>0</total>
				<timestamp>442.607536</timestamp>
			</report>
			<report>
				<misses>39500000</misses>
				<total>0</total>
				<timestamp>443.722785</timestamp>
			</report>
			<report>
				<misses>39600000</misses>
				<total>0</total>
				<timestamp>444.822088</timestamp>
			</report>
			<report>
				<misses>39700000</misses>
				<total>0</total>
				<timestamp>445.899304</timestamp>
			</report>
			<report>
				<misses>39800000</misses>
				<total>0</total>
				<timestamp>447.030005</timestamp>
			</report>
			<report>
				<misses>39900000</misses>
				<total>0</total>
				<timestamp>448.175389</timestamp>
			</report>
			<report>
				<misses>40000000</misses>
				<total>0</total>
				<timestamp>449.307719</timestamp>
			</report>
			<report>
				<misses>40100000</misses>
				<total>0</total>
				<timestamp>450.444659</timestamp>
			</report>
			<report>
				<misses>40200000</misses>
				<total>0</total>
				<timestamp>451.610604</timestamp>
			</report>
			<report>
				<misses>40300000</misses>
				<total>0</total>
				<timestamp>452.756733</timestamp>
			</report>
			<report>
				<misses>40400000</misses>
				<total>0</total>
				<timestamp>453.940032</timestamp>
			</report>
			<report>
				<misses>40500000</misses>
				<total>0</total>
				<timestamp>455.088365</timestamp>
			</report>
			<report>
				<misses>40600000</misses>
				<total>0</total>
				<timestamp>456.255944</timestamp>
			</report>
			<report>
				<misses>40700000</misses>
				<total>0</total>
				<timestamp>457.421332</timestamp>
			</report>
			<report>
				<misses>40800000</misses>
				<total>0</total>
				<timestamp>458.565125</timestamp>
			</report>
			<report>
				<misses>40900000</misses>
				<total>0</total>
				<timestamp>459.632740</timestamp>
			</report>
			<report>
				<misses>41000000</misses>
				<total>0</total>
				<timestamp>460.717258</timestamp>
			</report>
			<report>
				<misses>41100000</misses>
				<total>0</total>
				<timestamp>461.826736</timestamp>
			</report>
			<report>
				<misses>41200000</misses>
				<total>0</total>
				<timestamp>462.910631</timestamp>
			</report>
			<report>
				<misses>41300000</misses>
				<total>0</total>
				<timestamp>463.999493</timestamp>
			</report>
			<report>
				<misses>41400000</misses>
				<total>0</total>
				<timestamp>465.100806</timestamp>
			</report>
			<report>
				<misses>41500000</misses>
				<total>0</total>
				<timestamp>466.209112</timestamp>
			</report>
			<report>
				<misses>41600000</misses>
				<total>0</total>
				<timestamp>467.373585</timestamp>
			</report>
			<report>
				<misses>41700000</misses>
				<total>0</total>
				<timestamp>468.568007</timestamp>
			</report>
			<report>
				<misses>41800000</misses>
				<total>0</total>
				<timestamp>469.662136</timestamp>
			</report>
			<report>
				<misses>41900000</misses>
				<total>0</total>
				<timestamp>470.746194</timestamp>
			</report>
			<report>
				<misses>42000000</misses>
				<total>0</total>
				<timestamp>471.888658</timestamp>
			</report>
			<report>
				<misses>42100000</misses>
				<total>0</total>
				<timestamp>473.010944</timestamp>
			</report>
			<report>
				<misses>42200000</misses>
				<total>0</total>
				<timestamp>474.162312</timestamp>
			</report>
			<report>
				<misses>42300000</misses>
				<total>0</total>
				<timestamp>475.296093</timestamp>
			</report>
			<report>
				<misses>42400000</misses>
				<total>0</total>
				<timestamp>476.386691</timestamp>
			</report>
			<report>
				<misses>42500000</misses>
				<total>0</total>
				<timestamp>477.455885</timestamp>
			</report>
			<report>
				<misses>42600000</misses>
				<total>0</total>
				<timestamp>478.557588</timestamp>
			</report>
			<report>
				<misses>42700000</misses>
				<total>0</total>
				<timestamp>479.657875</timestamp>
			</report>
			<report>
				<misses>42800000</misses>
				<total>0</total>
				<timestamp>480.730634</timestamp>
			</report>
			<report>
				<misses>42900000</misses>
				<total>0</total>
				<timestamp>481.798331</timestamp>
			</report>
			<report>
				<misses>43000000</misses>
				<total>0</total>
				<timestamp>482.910402</timestamp>
			</report>
			<report>
				<misses>43100000</misses>
				<total>0</total>
				<timestamp>484.031238</timestamp>
			</report>
			<report>
				<misses>43200000</misses>
				<total>0</total>
				<timestamp>485.163788</timestamp>
			</report>
			<report>
				<misses>43300000</misses>
				<total>0</total>
				<timestamp>486.304688</timestamp>
			</report>
			<report>
				<misses>43400000</misses>
				<total>0</total>
				<timestamp>487.418535</timestamp>
			</report>
			<report>
				<misses>43500000</misses>
				<total>0</total>
				<timestamp>488.569206</timestamp>
			</report>
			<report>
				<misses>43600000</misses>
				<total>0</total>
				<timestamp>489.684833</timestamp>
			</report>
			<report>
				<misses>43700000</misses>
				<total>0</total>
				<timestamp>490.785055</timestamp>
			</report>
			<report>
				<misses>43800000</misses>
				<total>0</total>
				<timestamp>491.911013</timestamp>
			</report>
			<report>
				<misses>43900000</misses>
				<total>0</total>
				<timestamp>493.067241</timestamp>
			</report>
			<report>
				<misses>44000000</misses>
				<total>0</total>
				<timestamp>494.235443</timestamp>
			</report>
			<report>
				<misses>44100000</misses>
				<total>0</total>
				<timestamp>495.357278</timestamp>
			</report>
			<report>
				<misses>44200000</misses>
				<total>0</total>
				<timestamp>496.467315</timestamp>
			</report>
			<report>
				<misses>44300000</misses>
				<total>0</total>
				<timestamp>497.631252</timestamp>
			</report>
			<report>
				<misses>44400000</misses>
				<total>0</total>
				<timestamp>498.739741</timestamp>
			</report>
			<report>
				<misses>44500000</misses>
				<total>0</total>
				<timestamp>499.865962</timestamp>
			</report>
			<report>
				<misses>44600000</misses>
				<total>0</total>
				<timestamp>500.998034</timestamp>
			</report>
			<report>
				<misses>44700000</misses>
				<total>0</total>
				<timestamp>502.081313</timestamp>
			</report>
			<report>
				<misses>44800000</misses>
				<total>0</total>
				<timestamp>503.172773</timestamp>
			</report>
			<report>
				<misses>44900000</misses>
				<total>0</total>
				<timestamp>504.228934</timestamp>
			</report>
			<report>
				<misses>45000000</misses>
				<total>0</total>
				<timestamp>505.349623</timestamp>
			</report>
			<report>
				<misses>45100000</misses>
				<total>0</total>
				<timestamp>506.430937</timestamp>
			</report>
			<report>
				<misses>45200000</misses>
				<total>0</total>
				<timestamp>507.525443</timestamp>
			</report>
			<report>
				<misses>45300000</misses>
				<total>0</total>
				<timestamp>508.636757</timestamp>
			</report>
			<report>
				<misses>45400000</misses>
				<total>0</total>
				<timestamp>509.761219</timestamp>
			</report>
			<report>
				<misses>45500000</misses>
				<total>0</total>
				<timestamp>510.876861</timestamp>
			</report>
			<report>
				<misses>45600000</misses>
				<total>0</total>
				<timestamp>512.007704</timestamp>
			</report>
			<report>
				<misses>45700000</misses>
				<total>0</total>
				<timestamp>513.149106</timestamp>
			</report>
			<report>
				<misses>45800000</misses>
				<total>0</total>
				<timestamp>514.267007</timestamp>
			</report>
			<report>
				<misses>45900000</misses>
				<total>0</total>
				<timestamp>515.390112</timestamp>
			</report>
			<report>
				<misses>46000000</misses>
				<total>0</total>
				<timestamp>516.492783</timestamp>
			</report>
			<report>
				<misses>46100000</misses>
				<total>0</total>
				<timestamp>517.580904</timestamp>
			</report>
			<report>
				<misses>46200000</misses>
				<total>0</total>
				<timestamp>518.727333</timestamp>
			</report>
			<report>
				<misses>46300000</misses>
				<total>0</total>
				<timestamp>519.852732</timestamp>
			</report>
			<report>
				<misses>46400000</misses>
				<total>0</total>
				<timestamp>520.945461</timestamp>
			</report>
			<report>
				<misses>46500000</misses>
				<total>0</total>
				<timestamp>522.080103</timestamp>
			</report>
			<report>
				<misses>46600000</misses>
				<total>0</total>
				<timestamp>523.217844</timestamp>
			</report>
			<report>
				<misses>46700000</misses>
				<total>0</total>
				<timestamp>524.343713</timestamp>
			</report>
			<report>
				<misses>46800000</misses>
				<total>0</total>
				<timestamp>525.486995</timestamp>
			</report>
			<report>
				<misses>46900000</misses>
				<total>0</total>
				<timestamp>526.620337</timestamp>
			</report>
			<report>
				<misses>47000000</misses>
				<total>0</total>
				<timestamp>527.725223</timestamp>
			</report>
			<report>
				<misses>47100000</misses>
				<total>0</total>
				<timestamp>528.867888</timestamp>
			</report>
			<report>
				<misses>47200000</misses>
				<total>0</total>
				<timestamp>529.967469</timestamp>
			</report>
			<report>
				<misses>47300000</misses>
				<total>0</total>
				<timestamp>531.147927</timestamp>
			</report>
			<report>
				<misses>47400000</misses>
				<total>0</total>
				<timestamp>532.286948</timestamp>
			</report>
			<report>
				<misses>47500000</misses>
				<total>0</total>
				<timestamp>533.402172</timestamp>
			</report>
			<report>
				<misses>47600000</misses>
				<total>0</total>
				<timestamp>534.530815</timestamp>
			</report>
			<report>
				<misses>47700000</misses>
				<total>0</total>
				<timestamp>535.647564</timestamp>
			</report>
			<report>
				<misses>47800000</misses>
				<total>0</total>
				<timestamp>536.776307</timestamp>
			</report>
			<report>
				<misses>47900000</misses>
				<total>0</total>
				<timestamp>537.922674</timestamp>
			</report>
			<report>
				<misses>48000000</misses>
				<total>0</total>
				<timestamp>539.071340</timestamp>
			</report>
			<report>
				<misses>48100000</misses>
				<total>0</total>
				<timestamp>540.164986</timestamp>
			</report>
			<report>
				<misses>48200000</misses>
				<total>0</total>
				<timestamp>541.318305</timestamp>
			</report>
			<report>
				<misses>48300000</misses>
				<total>0</total>
				<timestamp>542.431021</timestamp>
			</report>
			<report>
				<misses>48400000</misses>
				<total>0</total>
				<timestamp>543.510098</timestamp>
			</report>
			<report>
				<misses>48500000</misses>
				<total>0</total>
				<timestamp>544.582558</timestamp>
			</report>
			<report>
				<misses>48600000</misses>
				<total>0</total>
				<timestamp>545.708074</timestamp>
			</report>
			<report>
				<misses>48700000</misses>
				<total>0</total>
				<timestamp>546.796773</timestamp>
			</report>
			<report>
				<misses>48800000</misses>
				<total>0</total>
				<timestamp>547.851445</timestamp>
			</report>
			<report>
				<misses>48900000</misses>
				<total>0</total>
				<timestamp>548.956450</timestamp>
			</report>
			<report>
				<misses>49000000</misses>
				<total>0</total>
				<timestamp>550.056261</timestamp>
			</report>
			<report>
				<misses>49100000</misses>
				<total>0</total>
				<timestamp>551.173319</timestamp>
			</report>
			<report>
				<misses>49200000</misses>
				<total>0</total>
				<timestamp>552.290752</timestamp>
			</report>
			<report>
				<misses>49300000</misses>
				<total>0</total>
				<timestamp>553.428879</timestamp>
			</report>
			<report>
				<misses>49400000</misses>
				<total>0</total>
				<timestamp>554.523852</timestamp>
			</report>
			<report>
				<misses>49500000</misses>
				<total>0</total>
				<timestamp>555.644028</timestamp>
			</report>
			<report>
				<misses>49600000</misses>
				<total>0</total>
				<timestamp>556.777607</timestamp>
			</report>
			<report>
				<misses>49700000</misses>
				<total>0</total>
				<timestamp>557.915247</timestamp>
			</report>
			<report>
				<misses>49800000</misses>
				<total>0</total>
				<timestamp>559.010858</timestamp>
			</report>
			<report>
				<misses>49900000</misses>
				<total>0</total>
				<timestamp>560.135142</timestamp>
			</report>
			<report>
				<misses>50000000</misses>
				<total>0</total>
				<timestamp>561.195262</timestamp>
			</report>
			<report>
				<misses>50100000</misses>
				<total>0</total>
				<timestamp>562.315544</timestamp>
			</report>
			<report>
				<misses>50200000</misses>
				<total>0</total>
				<timestamp>563.406216</timestamp>
			</report>
			<report>
				<misses>50300000</misses>
				<total>0</total>
				<timestamp>564.460510</timestamp>
			</report>
			<report>
				<misses>50400000</misses>
				<total>0</total>
				<timestamp>565.565912</timestamp>
			</report>
			<report>
				<misses>50500000</misses>
				<total>0</total>
				<timestamp>566.654875</timestamp>
			</report>
			<report>
				<misses>50600000</misses>
				<total>0</total>
				<timestamp>567.755590</timestamp>
			</report>
			<report>
				<misses>50700000</misses>
				<total>0</total>
				<timestamp>568.891220</timestamp>
			</report>
			<report>
				<misses>50800000</misses>
				<total>0</total>
				<timestamp>569.991934</timestamp>
			</report>
			<report>
				<misses>50900000</misses>
				<total>0</total>
				<timestamp>571.139681</timestamp>
			</report>
			<report>
				<misses>51000000</misses>
				<total>0</total>
				<timestamp>572.257183</timestamp>
			</report>
			<report>
				<misses>51100000</misses>
				<total>0</total>
				<timestamp>573.415433</timestamp>
			</report>
			<report>
				<misses>51200000</misses>
				<total>0</total>
				<timestamp>574.596055</timestamp>
			</report>
			<report>
				<misses>51300000</misses>
				<total>0</total>
				<timestamp>575.733002</timestamp>
			</report>
			<report>
				<misses>51400000</misses>
				<total>0</total>
				<timestamp>576.855178</timestamp>
			</report>
			<report>
				<misses>51500000</misses>
				<total>0</total>
				<timestamp>577.953077</timestamp>
			</report>
			<report>
				<misses>51600000</misses>
				<total>0</total>
				<timestamp>579.049187</timestamp>
			</report>
			<report>
				<misses>51700000</misses>
				<total>0</total>
				<timestamp>580.165592</timestamp>
			</report>
			<report>
				<misses>51800000</misses>
				<total>0</total>
				<timestamp>581.287923</timestamp>
			</report>
			<report>
				<misses>51900000</misses>
				<total>0</total>
				<timestamp>582.431861</timestamp>
			</report>
			<report>
				<misses>52000000</misses>
				<total>0</total>
				<timestamp>583.501692</timestamp>
			</report>
			<report>
				<misses>52100000</misses>
				<total>0</total>
				<timestamp>584.607712</timestamp>
			</report>
			<report>
				<misses>52200000</misses>
				<total>0</total>
				<timestamp>585.720600</timestamp>
			</report>
			<report>
				<misses>52300000</misses>
				<total>0</total>
				<timestamp>586.825109</timestamp>
			</report>
			<report>
				<misses>52400000</misses>
				<total>0</total>
				<timestamp>587.903166</timestamp>
			</report>
			<report>
				<misses>52500000</misses>
				<total>0</total>
				<timestamp>589.041626</timestamp>
			</report>
			<report>
				<misses>52600000</misses>
				<total>0</total>
				<timestamp>590.173801</timestamp>
			</report>
			<report>
				<misses>52700000</misses>
				<total>0</total>
				<timestamp>591.249544</timestamp>
			</report>
			<report>
				<misses>52800000</misses>
				<total>0</total>
				<timestamp>592.395672</timestamp>
			</report>
			<report>
				<misses>52900000</misses>
				<total>0</total>
				<timestamp>593.505293</timestamp>
			</report>
			<report>
				<misses>53000000</misses>
				<total>0</total>
				<timestamp>594.664956</timestamp>
			</report>
			<report>
				<misses>53100000</misses>
				<total>0</total>
				<timestamp>595.813391</timestamp>
			</report>
			<report>
				<misses>53200000</misses>
				<total>0</total>
				<timestamp>596.944833</timestamp>
			</report>
			<report>
				<misses>53300000</misses>
				<total>0</total>
				<timestamp>598.076609</timestamp>
			</report>
			<report>
				<misses>53400000</misses>
				<total>0</total>
				<timestamp>599.207306</timestamp>
			</report>
			<report>
				<misses>53500000</misses>
				<total>0</total>
				<timestamp>600.310217</timestamp>
			</report>
			<report>
				<misses>53600000</misses>
				<total>0</total>
				<timestamp>601.376843</timestamp>
			</report>
			<report>
				<misses>53700000</misses>
				<total>0</total>
				<timestamp>602.465182</timestamp>
			</report>
			<report>
				<misses>53800000</misses>
				<total>0</total>
				<timestamp>603.557388</timestamp>
			</report>
			<report>
				<misses>53900000</misses>
				<total>0</total>
				<timestamp>604.679044</timestamp>
			</report>
			<report>
				<misses>54000000</misses>
				<total>0</total>
				<timestamp>605.796758</timestamp>
			</report>
			<report>
				<misses>54100000</misses>
				<total>0</total>
				<timestamp>606.904436</timestamp>
			</report>
			<report>
				<misses>54200000</misses>
				<total>0</total>
				<timestamp>608.067140</timestamp>
			</report>
			<report>
				<misses>54300000</misses>
				<total>0</total>
				<timestamp>609.214755</timestamp>
			</report>
			<report>
				<misses>54400000</misses>
				<total>0</total>
				<timestamp>610.341665</timestamp>
			</report>
			<report>
				<misses>54500000</misses>
				<total>0</total>
				<timestamp>611.483037</timestamp>
			</report>
			<report>
				<misses>54600000</misses>
				<total>0</total>
				<timestamp>612.624963</timestamp>
			</report>
			<report>
				<misses>54700000</misses>
				<total>0</total>
				<timestamp>613.783995</timestamp>
			</report>
			<report>
				<misses>54800000</misses>
				<total>0</total>
				<timestamp>614.968012</timestamp>
			</report>
			<report>
				<misses>54900000</misses>
				<total>0</total>
				<timestamp>616.119497</timestamp>
			</report>
			<report>
				<misses>55000000</misses>
				<total>0</total>
				<timestamp>617.290851</timestamp>
			</report>
			<report>
				<misses>55100000</misses>
				<total>0</total>
				<timestamp>618.369811</timestamp>
			</report>
			<report>
				<misses>55200000</misses>
				<total>0</total>
				<timestamp>619.485159</timestamp>
			</report>
			<report>
				<misses>55300000</misses>
				<total>0</total>
				<timestamp>620.601973</timestamp>
			</report>
			<report>
				<misses>55400000</misses>
				<total>0</total>
				<timestamp>621.688818</timestamp>
			</report>
			<report>
				<misses>55500000</misses>
				<total>0</total>
				<timestamp>622.763883</timestamp>
			</report>
			<report>
				<misses>55600000</misses>
				<total>0</total>
				<timestamp>623.895141</timestamp>
			</report>
			<report>
				<misses>55700000</misses>
				<total>0</total>
				<timestamp>624.975985</timestamp>
			</report>
			<report>
				<misses>55800000</misses>
				<total>0</total>
				<timestamp>626.099065</timestamp>
			</report>
			<report>
				<misses>55900000</misses>
				<total>0</total>
				<timestamp>627.255298</timestamp>
			</report>
			<report>
				<misses>56000000</misses>
				<total>0</total>
				<timestamp>628.393854</timestamp>
			</report>
			<report>
				<misses>56100000</misses>
				<total>0</total>
				<timestamp>629.591464</timestamp>
			</report>
			<report>
				<misses>56200000</misses>
				<total>0</total>
				<timestamp>630.759933</timestamp>
			</report>
			<report>
				<misses>56300000</misses>
				<total>0</total>
				<timestamp>631.934232</timestamp>
			</report>
			<report>
				<misses>56400000</misses>
				<total>0</total>
				<timestamp>633.087277</timestamp>
			</report>
			<report>
				<misses>56500000</misses>
				<total>0</total>
				<timestamp>634.217188</timestamp>
			</report>
			<report>
				<misses>56600000</misses>
				<total>0</total>
				<timestamp>635.391849</timestamp>
			</report>
			<report>
				<misses>56700000</misses>
				<total>0</total>
				<timestamp>636.536952</timestamp>
			</report>
			<report>
				<misses>56800000</misses>
				<total>0</total>
				<timestamp>637.711623</timestamp>
			</report>
			<report>
				<misses>56900000</misses>
				<total>0</total>
				<timestamp>638.836087</timestamp>
			</report>
			<report>
				<misses>57000000</misses>
				<total>0</total>
				<timestamp>639.978016</timestamp>
			</report>
			<report>
				<misses>57100000</misses>
				<total>0</total>
				<timestamp>641.162107</timestamp>
			</report>
			<report>
				<misses>57200000</misses>
				<total>0</total>
				<timestamp>642.322611</timestamp>
			</report>
			<report>
				<misses>57300000</misses>
				<total>0</total>
				<timestamp>643.534751</timestamp>
			</report>
			<report>
				<misses>57400000</misses>
				<total>0</total>
				<timestamp>644.693155</timestamp>
			</report>
			<report>
				<misses>57500000</misses>
				<total>0</total>
				<timestamp>645.845165</timestamp>
			</report>
			<report>
				<misses>57600000</misses>
				<total>0</total>
				<timestamp>646.980647</timestamp>
			</report>
			<report>
				<misses>57700000</misses>
				<total>0</total>
				<timestamp>648.138716</timestamp>
			</report>
			<report>
				<misses>57800000</misses>
				<total>0</total>
				<timestamp>649.239696</timestamp>
			</report>
			<report>
				<misses>57900000</misses>
				<total>0</total>
				<timestamp>650.415935</timestamp>
			</report>
			<report>
				<misses>58000000</misses>
				<total>0</total>
				<timestamp>651.518923</timestamp>
			</report>
			<report>
				<misses>58100000</misses>
				<total>0</total>
				<timestamp>652.672349</timestamp>
			</report>
			<report>
				<misses>58200000</misses>
				<total>0</total>
				<timestamp>653.819069</timestamp>
			</report>
			<report>
				<misses>58300000</misses>
				<total>0</total>
				<timestamp>654.876031</timestamp>
			</report>
			<report>
				<misses>58400000</misses>
				<total>0</total>
				<timestamp>655.974376</timestamp>
			</report>
			<report>
				<misses>58500000</misses>
				<total>0</total>
				<timestamp>657.119682</timestamp>
			</report>
			<report>
				<misses>58600000</misses>
				<total>0</total>
				<timestamp>658.257663</timestamp>
			</report>
			<report>
				<misses>58700000</misses>
				<total>0</total>
				<timestamp>659.411410</timestamp>
			</report>
			<report>
				<misses>58800000</misses>
				<total>0</total>
				<timestamp>660.551208</timestamp>
			</report>
			<report>
				<misses>58900000</misses>
				<total>0</total>
				<timestamp>661.692730</timestamp>
			</report>
			<report>
				<misses>59000000</misses>
				<total>0</total>
				<timestamp>662.837575</timestamp>
			</report>
			<report>
				<misses>59100000</misses>
				<total>0</total>
				<timestamp>664.003367</timestamp>
			</report>
			<report>
				<misses>59200000</misses>
				<total>0</total>
				<timestamp>665.166963</timestamp>
			</report>
			<report>
				<misses>59300000</misses>
				<total>0</total>
				<timestamp>666.314040</timestamp>
			</report>
			<report>
				<misses>59400000</misses>
				<total>0</total>
				<timestamp>667.447386</timestamp>
			</report>
			<report>
				<misses>59500000</misses>
				<total>0</total>
				<timestamp>668.573433</timestamp>
			</report>
			<report>
				<misses>59600000</misses>
				<total>0</total>
				<timestamp>669.713028</timestamp>
			</report>
			<report>
				<misses>59700000</misses>
				<total>0</total>
				<timestamp>670.816740</timestamp>
			</report>
			<report>
				<misses>59800000</misses>
				<total>0</total>
				<timestamp>671.903778</timestamp>
			</report>
			<report>
				<misses>59900000</misses>
				<total>0</total>
				<timestamp>673.044971</timestamp>
			</report>
			<report>
				<misses>60000000</misses>
				<total>0</total>
				<timestamp>674.115231</timestamp>
			</report>
			<report>
				<misses>60100000</misses>
				<total>0</total>
				<timestamp>675.237432</timestamp>
			</report>
			<report>
				<misses>60200000</misses>
				<total>0</total>
				<timestamp>676.289707</timestamp>
			</report>
			<report>
				<misses>60300000</misses>
				<total>0</total>
				<timestamp>677.385647</timestamp>
			</report>
			<report>
				<misses>60400000</misses>
				<total>0</total>
				<timestamp>678.524840</timestamp>
			</report>
			<report>
				<misses>60500000</misses>
				<total>0</total>
				<timestamp>679.659251</timestamp>
			</report>
			<report>
				<misses>60600000</misses>
				<total>0</total>
				<timestamp>680.781685</timestamp>
			</report>
			<report>
				<misses>60700000</misses>
				<total>0</total>
				<timestamp>681.932592</timestamp>
			</report>
			<report>
				<misses>60800000</misses>
				<total>0</total>
				<timestamp>683.042702</timestamp>
			</report>
			<report>
				<misses>60900000</misses>
				<total>0</total>
				<timestamp>684.213626</timestamp>
			</report>
			<report>
				<misses>61000000</misses>
				<total>0</total>
				<timestamp>685.336026</timestamp>
			</report>
			<report>
				<misses>61100000</misses>
				<total>0</total>
				<timestamp>686.457462</timestamp>
			</report>
			<report>
				<misses>61200000</misses>
				<total>0</total>
				<timestamp>687.585115</timestamp>
			</report>
			<report>
				<misses>61300000</misses>
				<total>0</total>
				<timestamp>688.688487</timestamp>
			</report>
			<report>
				<misses>61400000</misses>
				<total>0</total>
				<timestamp>689.758736</timestamp>
			</report>
			<report>
				<misses>61500000</misses>
				<total>0</total>
				<timestamp>690.879844</timestamp>
			</report>
			<report>
				<misses>61600000</misses>
				<total>0</total>
				<timestamp>691.946199</timestamp>
			</report>
			<report>
				<misses>61700000</misses>
				<total>0</total>
				<timestamp>693.015849</timestamp>
			</report>
			<report>
				<misses>61800000</misses>
				<total>0</total>
				<timestamp>694.117083</timestamp>
			</report>
			<report>
				<misses>61900000</misses>
				<total>0</total>
				<timestamp>695.209206</timestamp>
			</report>
			<report>
				<misses>62000000</misses>
				<total>0</total>
				<timestamp>696.335022</timestamp>
			</report>
			<report>
				<misses>62100000</misses>
				<total>0</total>
				<timestamp>697.466441</timestamp>
			</report>
			<report>
				<misses>62200000</misses>
				<total>0</total>
				<timestamp>698.573391</timestamp>
			</report>
			<report>
				<misses>62300000</misses>
				<total>0</total>
				<timestamp>699.739087</timestamp>
			</report>
			<report>
				<misses>62400000</misses>
				<total>0</total>
				<timestamp>700.882593</timestamp>
			</report>
			<report>
				<misses>62500000</misses>
				<total>0</total>
				<timestamp>702.014147</timestamp>
			</report>
			<report>
				<misses>62600000</misses>
				<total>0</total>
				<timestamp>703.137128</timestamp>
			</report>
			<report>
				<misses>62700000</misses>
				<total>0</total>
				<timestamp>704.273689</timestamp>
			</report>
			<report>
				<misses>62800000</misses>
				<total>0</total>
				<timestamp>705.394461</timestamp>
			</report>
			<report>
				<misses>62900000</misses>
				<total>0</total>
				<timestamp>706.545102</timestamp>
			</report>
			<report>
				<misses>63000000</misses>
				<total>0</total>
				<timestamp>707.656906</timestamp>
			</report>
			<report>
				<misses>63100000</misses>
				<total>0</total>
				<timestamp>708.782488</timestamp>
			</report>
			<report>
				<misses>63200000</misses>
				<total>0</total>
				<timestamp>709.898035</timestamp>
			</report>
			<report>
				<misses>63300000</misses>
				<total>0</total>
				<timestamp>711.041180</timestamp>
			</report>
			<report>
				<misses>63400000</misses>
				<total>0</total>
				<timestamp>712.132006</timestamp>
			</report>
			<report>
				<misses>63500000</misses>
				<total>0</total>
				<timestamp>713.256858</timestamp>
			</report>
			<report>
				<misses>63600000</misses>
				<total>0</total>
				<timestamp>714.360745</timestamp>
			</report>
			<report>
				<misses>63700000</misses>
				<total>0</total>
				<timestamp>715.493022</timestamp>
			</report>
			<report>
				<misses>63800000</misses>
				<total>0</total>
				<timestamp>716.588587</timestamp>
			</report>
			<report>
				<misses>63900000</misses>
				<total>0</total>
				<timestamp>717.725397</timestamp>
			</report>
			<report>
				<misses>64000000</misses>
				<total>0</total>
				<timestamp>718.828019</timestamp>
			</report>
			<report>
				<misses>64100000</misses>
				<total>0</total>
				<timestamp>719.957913</timestamp>
			</report>
			<report>
				<misses>64200000</misses>
				<total>0</total>
				<timestamp>721.049832</timestamp>
			</report>
			<report>
				<misses>64300000</misses>
				<total>0</total>
				<timestamp>722.158127</timestamp>
			</report>
			<report>
				<misses>64400000</misses>
				<total>0</total>
				<timestamp>723.256770</timestamp>
			</report>
			<report>
				<misses>64500000</misses>
				<total>0</total>
				<timestamp>724.393504</timestamp>
			</report>
			<report>
				<misses>64600000</misses>
				<total>0</total>
				<timestamp>725.573616</timestamp>
			</report>
			<report>
				<misses>64700000</misses>
				<total>0</total>
				<timestamp>726.701012</timestamp>
			</report>
			<report>
				<misses>64800000</misses>
				<total>0</total>
				<timestamp>727.837899</timestamp>
			</report>
			<report>
				<misses>64900000</misses>
				<total>0</total>
				<timestamp>728.913674</timestamp>
			</report>
			<report>
				<misses>65000000</misses>
				<total>0</total>
				<timestamp>729.989605</timestamp>
			</report>
			<report>
				<misses>65100000</misses>
				<total>0</total>
				<timestamp>731.061510</timestamp>
			</report>
			<report>
				<misses>65200000</misses>
				<total>0</total>
				<timestamp>732.172800</timestamp>
			</report>
			<report>
				<misses>65300000</misses>
				<total>0</total>
				<timestamp>733.256312</timestamp>
			</report>
			<report>
				<misses>65400000</misses>
				<total>0</total>
				<timestamp>734.341293</timestamp>
			</report>
			<report>
				<misses>65500000</misses>
				<total>0</total>
				<timestamp>735.429861</timestamp>
			</report>
			<report>
				<misses>65600000</misses>
				<total>0</total>
				<timestamp>736.596267</timestamp>
			</report>
			<report>
				<misses>65700000</misses>
				<total>0</total>
				<timestamp>737.753439</timestamp>
			</report>
			<report>
				<misses>65800000</misses>
				<total>0</total>
				<timestamp>738.897516</timestamp>
			</report>
			<report>
				<misses>65900000</misses>
				<total>0</total>
				<timestamp>740.046422</timestamp>
			</report>
			<report>
				<misses>66000000</misses>
				<total>0</total>
				<timestamp>741.198066</timestamp>
			</report>
			<report>
				<misses>66100000</misses>
				<total>0</total>
				<timestamp>742.291536</timestamp>
			</report>
			<report>
				<misses>66200000</misses>
				<total>0</total>
				<timestamp>743.406604</timestamp>
			</report>
			<report>
				<misses>66300000</misses>
				<total>0</total>
				<timestamp>744.527776</timestamp>
			</report>
			<report>
				<misses>66400000</misses>
				<total>0</total>
				<timestamp>745.650394</timestamp>
			</report>
			<report>
				<misses>66500000</misses>
				<total>0</total>
				<timestamp>746.772833</timestamp>
			</report>
			<report>
				<misses>66600000</misses>
				<total>0</total>
				<timestamp>747.899598</timestamp>
			</report>
			<report>
				<misses>66700000</misses>
				<total>0</total>
				<timestamp>749.012578</timestamp>
			</report>
			<report>
				<misses>66800000</misses>
				<total>0</total>
				<timestamp>750.106352</timestamp>
			</report>
			<report>
				<misses>66900000</misses>
				<total>0</total>
				<timestamp>751.245111</timestamp>
			</report>
			<report>
				<misses>67000000</misses>
				<total>0</total>
				<timestamp>752.369140</timestamp>
			</report>
			<report>
				<misses>67100000</misses>
				<total>0</total>
				<timestamp>753.472750</timestamp>
			</report>
			<report>
				<misses>67200000</misses>
				<total>0</total>
				<timestamp>754.570704</timestamp>
			</report>
			<report>
				<misses>67300000</misses>
				<total>0</total>
				<timestamp>755.715460</timestamp>
			</report>
			<report>
				<misses>67400000</misses>
				<total>0</total>
				<timestamp>756.794310</timestamp>
			</report>
			<report>
				<misses>67500000</misses>
				<total>0</total>
				<timestamp>757.879463</timestamp>
			</report>
			<report>
				<misses>67600000</misses>
				<total>0</total>
				<timestamp>758.959662</timestamp>
			</report>
			<report>
				<misses>67700000</misses>
				<total>0</total>
				<timestamp>760.055320</timestamp>
			</report>
			<report>
				<misses>67800000</misses>
				<total>0</total>
				<timestamp>761.162686</timestamp>
			</report>
			<report>
				<misses>67900000</misses>
				<total>0</total>
				<timestamp>762.217268</timestamp>
			</report>
			<report>
				<misses>68000000</misses>
				<total>0</total>
				<timestamp>763.284575</timestamp>
			</report>
			<report>
				<misses>68100000</misses>
				<total>0</total>
				<timestamp>764.410751</timestamp>
			</report>
			<report>
				<misses>68200000</misses>
				<total>0</total>
				<timestamp>765.567588</timestamp>
			</report>
			<report>
				<misses>68300000</misses>
				<total>0</total>
				<timestamp>766.689429</timestamp>
			</report>
			<report>
				<misses>68400000</misses>
				<total>0</total>
				<timestamp>767.786524</timestamp>
			</report>
			<report>
				<misses>68500000</misses>
				<total>0</total>
				<timestamp>768.921494</timestamp>
			</report>
			<report>
				<misses>68600000</misses>
				<total>0</total>
				<timestamp>770.052447</timestamp>
			</report>
			<report>
				<misses>68700000</misses>
				<total>0</total>
				<timestamp>771.162966</timestamp>
			</report>
			<report>
				<misses>68800000</misses>
				<total>0</total>
				<timestamp>772.317683</timestamp>
			</report>
			<report>
				<misses>68900000</misses>
				<total>0</total>
				<timestamp>773.493698</timestamp>
			</report>
			<report>
				<misses>69000000</misses>
				<total>0</total>
				<timestamp>774.647846</timestamp>
			</report>
			<report>
				<misses>69100000</misses>
				<total>0</total>
				<timestamp>775.732607</timestamp>
			</report>
			<report>
				<misses>69200000</misses>
				<total>0</total>
				<timestamp>776.836450</timestamp>
			</report>
			<report>
				<misses>69300000</misses>
				<total>0</total>
				<timestamp>777.949057</timestamp>
			</report>
			<report>
				<misses>69400000</misses>
				<total>0</total>
				<timestamp>779.017641</timestamp>
			</report>
			<report>
				<misses>69500000</misses>
				<total>0</total>
				<timestamp>780.074285</timestamp>
			</report>
			<report>
				<misses>69600000</misses>
				<total>0</total>
				<timestamp>781.148839</timestamp>
			</report>
			<report>
				<misses>69700000</misses>
				<total>0</total>
				<timestamp>782.253141</timestamp>
			</report>
			<report>
				<misses>69800000</misses>
				<total>0</total>
				<timestamp>783.363514</timestamp>
			</report>
			<report>
				<misses>69900000</misses>
				<total>0</total>
				<timestamp>784.471274</timestamp>
			</report>
			<report>
				<misses>70000000</misses>
				<total>0</total>
				<timestamp>785.639378</timestamp>
			</report>
			<report>
				<misses>70100000</misses>
				<total>0</total>
				<timestamp>786.774240</timestamp>
			</report>
			<report>
				<misses>70200000</misses>
				<total>0</total>
				<timestamp>787.886578</timestamp>
			</report>
			<report>
				<misses>70300000</misses>
				<total>0</total>
				<timestamp>789.023067</timestamp>
			</report>
			<report>
				<misses>70400000</misses>
				<total>0</total>
				<timestamp>790.125883</timestamp>
			</report>
			<report>
				<misses>70500000</misses>
				<total>0</total>
				<timestamp>791.277050</timestamp>
			</report>
			<report>
				<misses>70600000</misses>
				<total>0</total>
				<timestamp>792.424779</timestamp>
			</report>
			<report>
				<misses>70700000</misses>
				<total>0</total>
				<timestamp>793.523223</timestamp>
			</report>
			<report>
				<misses>70800000</misses>
				<total>0</total>
				<timestamp>794.625192</timestamp>
			</report>
			<report>
				<misses>70900000</misses>
				<total>0</total>
				<timestamp>795.760395</timestamp>
			</report>
			<report>
				<misses>71000000</misses>
				<total>0</total>
				<timestamp>796.907200</timestamp>
			</report>
			<report>
				<misses>71100000</misses>
				<total>0</total>
				<timestamp>798.075550</timestamp>
			</report>
			<report>
				<misses>71200000</misses>
				<total>0</total>
				<timestamp>799.162306</timestamp>
			</report>
			<report>
				<misses>71300000</misses>
				<total>0</total>
				<timestamp>800.247670</timestamp>
			</report>
			<report>
				<misses>71400000</misses>
				<total>0</total>
				<timestamp>801.414171</timestamp>
			</report>
			<report>
				<misses>71500000</misses>
				<total>0</total>
				<timestamp>802.498941</timestamp>
			</report>
			<report>
				<misses>71600000</misses>
				<total>0</total>
				<timestamp>803.624835</timestamp>
			</report>
			<report>
				<misses>71700000</misses>
				<total>0</total>
				<timestamp>804.759154</timestamp>
			</report>
			<report>
				<misses>71800000</misses>
				<total>0</total>
				<timestamp>805.856066</timestamp>
			</report>
			<report>
				<misses>71900000</misses>
				<total>0</total>
				<timestamp>807.011201</timestamp>
			</report>
			<report>
				<misses>72000000</misses>
				<total>0</total>
				<timestamp>808.170436</timestamp>
			</report>
			<report>
				<misses>72100000</misses>
				<total>0</total>
				<timestamp>809.341916</timestamp>
			</report>
			<report>
				<misses>72200000</misses>
				<total>0</total>
				<timestamp>810.477739</timestamp>
			</report>
			<report>
				<misses>72300000</misses>
				<total>0</total>
				<timestamp>811.628163</timestamp>
			</report>
			<report>
				<misses>72400000</misses>
				<total>0</total>
				<timestamp>812.760357</timestamp>
			</report>
			<report>
				<misses>72500000</misses>
				<total>0</total>
				<timestamp>813.898809</timestamp>
			</report>
			<report>
				<misses>72600000</misses>
				<total>0</total>
				<timestamp>815.057928</timestamp>
			</report>
			<report>
				<misses>72700000</misses>
				<total>0</total>
				<timestamp>816.171589</timestamp>
			</report>
			<report>
				<misses>72800000</misses>
				<total>0</total>
				<timestamp>817.316052</timestamp>
			</report>
			<report>
				<misses>72900000</misses>
				<total>0</total>
				<timestamp>818.408753</timestamp>
			</report>
			<report>
				<misses>73000000</misses>
				<total>0</total>
				<timestamp>819.462945</timestamp>
			</report>
			<report>
				<misses>73100000</misses>
				<total>0</total>
				<timestamp>820.597438</timestamp>
			</report>
			<report>
				<misses>73200000</misses>
				<total>0</total>
				<timestamp>821.728360</timestamp>
			</report>
			<report>
				<misses>73300000</misses>
				<total>0</total>
				<timestamp>822.826248</timestamp>
			</report>
			<report>
				<misses>73400000</misses>
				<total>0</total>
				<timestamp>823.911153</timestamp>
			</report>
			<report>
				<misses>73500000</misses>
				<total>0</total>
				<timestamp>825.056478</timestamp>
			</report>
			<report>
				<misses>73600000</misses>
				<total>0</total>
				<timestamp>826.254524</timestamp>
			</report>
			<report>
				<misses>73700000</misses>
				<total>0</total>
				<timestamp>827.433404</timestamp>
			</report>
			<report>
				<misses>73800000</misses>
				<total>0</total>
				<timestamp>828.592368</timestamp>
			</report>
			<report>
				<misses>73900000</misses>
				<total>0</total>
				<timestamp>829.750528</timestamp>
			</report>
			<report>
				<misses>74000000</misses>
				<total>0</total>
				<timestamp>830.914606</timestamp>
			</report>
			<report>
				<misses>74100000</misses>
				<total>0</total>
				<timestamp>832.023128</timestamp>
			</report>
			<report>
				<misses>74200000</misses>
				<total>0</total>
				<timestamp>833.171011</timestamp>
			</report>
			<report>
				<misses>74300000</misses>
				<total>0</total>
				<timestamp>834.320606</timestamp>
			</report>
			<report>
				<misses>74400000</misses>
				<total>0</total>
				<timestamp>835.493044</timestamp>
			</report>
			<report>
				<misses>74500000</misses>
				<total>0</total>
				<timestamp>836.634987</timestamp>
			</report>
			<report>
				<misses>74600000</misses>
				<total>0</total>
				<timestamp>837.755220</timestamp>
			</report>
			<report>
				<misses>74700000</misses>
				<total>0</total>
				<timestamp>838.943769</timestamp>
			</report>
			<report>
				<misses>74800000</misses>
				<total>0</total>
				<timestamp>840.075723</timestamp>
			</report>
			<report>
				<misses>74900000</misses>
				<total>0</total>
				<timestamp>841.247503</timestamp>
			</report>
			<report>
				<misses>75000000</misses>
				<total>0</total>
				<timestamp>842.440908</timestamp>
			</report>
			<report>
				<misses>75100000</misses>
				<total>0</total>
				<timestamp>843.530742</timestamp>
			</report>
			<report>
				<misses>75200000</misses>
				<total>0</total>
				<timestamp>844.621198</timestamp>
			</report>
			<report>
				<misses>75300000</misses>
				<total>0</total>
				<timestamp>845.736264</timestamp>
			</report>
			<report>
				<misses>75400000</misses>
				<total>0</total>
				<timestamp>846.890057</timestamp>
			</report>
			<report>
				<misses>75500000</misses>
				<total>0</total>
				<timestamp>848.010739</timestamp>
			</report>
			<report>
				<misses>75600000</misses>
				<total>0</total>
				<timestamp>849.157458</timestamp>
			</report>
			<report>
				<misses>75700000</misses>
				<total>0</total>
				<timestamp>850.314104</timestamp>
			</report>
			<report>
				<misses>75800000</misses>
				<total>0</total>
				<timestamp>851.456158</timestamp>
			</report>
			<report>
				<misses>75900000</misses>
				<total>0</total>
				<timestamp>852.605525</timestamp>
			</report>
			<report>
				<misses>76000000</misses>
				<total>0</total>
				<timestamp>853.768832</timestamp>
			</report>
			<report>
				<misses>76100000</misses>
				<total>0</total>
				<timestamp>854.892325</timestamp>
			</report>
			<report>
				<misses>76200000</misses>
				<total>0</total>
				<timestamp>856.036753</timestamp>
			</report>
			<report>
				<misses>76300000</misses>
				<total>0</total>
				<timestamp>857.198541</timestamp>
			</report>
			<report>
				<misses>76400000</misses>
				<total>0</total>
				<timestamp>858.343022</timestamp>
			</report>
			<report>
				<misses>76500000</misses>
				<total>0</total>
				<timestamp>859.469762</timestamp>
			</report>
			<report>
				<misses>76600000</misses>
				<total>0</total>
				<timestamp>860.598914</timestamp>
			</report>
			<report>
				<misses>76700000</misses>
				<total>0</total>
				<timestamp>861.661656</timestamp>
			</report>
			<report>
				<misses>76800000</misses>
				<total>0</total>
				<timestamp>862.778388</timestamp>
			</report>
			<report>
				<misses>76900000</misses>
				<total>0</total>
				<timestamp>863.920302</timestamp>
			</report>
			<report>
				<misses>77000000</misses>
				<total>0</total>
				<timestamp>865.014229</timestamp>
			</report>
			<report>
				<misses>77100000</misses>
				<total>0</total>
				<timestamp>866.102195</timestamp>
			</report>
			<report>
				<misses>77200000</misses>
				<total>0</total>
				<timestamp>867.231596</timestamp>
			</report>
			<report>
				<misses>77300000</misses>
				<total>0</total>
				<timestamp>868.370506</timestamp>
			</report>
			<report>
				<misses>77400000</misses>
				<total>0</total>
				<timestamp>869.552348</timestamp>
			</report>
			<report>
				<misses>77500000</misses>
				<total>0</total>
				<timestamp>870.691693</timestamp>
			</report>
			<report>
				<misses>77600000</misses>
				<total>0</total>
				<timestamp>871.818325</timestamp>
			</report>
			<report>
				<misses>77700000</misses>
				<total>0</total>
				<timestamp>872.942434</timestamp>
			</report>
			<report>
				<misses>77800000</misses>
				<total>0</total>
				<timestamp>874.088044</timestamp>
			</report>
			<report>
				<misses>77900000</misses>
				<total>0</total>
				<timestamp>875.204616</timestamp>
			</report>
			<report>
				<misses>78000000</misses>
				<total>0</total>
				<timestamp>876.361365</timestamp>
			</report>
			<report>
				<misses>78100000</misses>
				<total>0</total>
				<timestamp>877.467875</timestamp>
			</report>
			<report>
				<misses>78200000</misses>
				<total>0</total>
				<timestamp>878.626511</timestamp>
			</report>
			<report>
				<misses>78300000</misses>
				<total>0</total>
				<timestamp>879.737438</timestamp>
			</report>
			<report>
				<misses>78400000</misses>
				<total>0</total>
				<timestamp>880.870634</timestamp>
			</report>
			<report>
				<misses>78500000</misses>
				<total>0</total>
				<timestamp>882.042391</timestamp>
			</report>
			<report>
				<misses>78600000</misses>
				<total>0</total>
				<timestamp>883.159179</timestamp>
			</report>
			<report>
				<misses>78700000</misses>
				<total>0</total>
				<timestamp>884.262269</timestamp>
			</report>
			<report>
				<misses>78800000</misses>
				<total>0</total>
				<timestamp>885.370787</timestamp>
			</report>
			<report>
				<misses>78900000</misses>
				<total>0</total>
				<timestamp>886.463396</timestamp>
			</report>
			<report>
				<misses>79000000</misses>
				<total>0</total>
				<timestamp>887.570551</timestamp>
			</report>
			<report>
				<misses>79100000</misses>
				<total>0</total>
				<timestamp>888.684632</timestamp>
			</report>
			<report>
				<misses>79200000</misses>
				<total>0</total>
				<timestamp>889.793298</timestamp>
			</report>
			<report>
				<misses>79300000</misses>
				<total>0</total>
				<timestamp>890.936105</timestamp>
			</report>
			<report>
				<misses>79400000</misses>
				<total>0</total>
				<timestamp>892.054851</timestamp>
			</report>
			<report>
				<misses>79500000</misses>
				<total>0</total>
				<timestamp>893.217929</timestamp>
			</report>
			<report>
				<misses>79600000</misses>
				<total>0</total>
				<timestamp>894.354597</timestamp>
			</report>
			<report>
				<misses>79700000</misses>
				<total>0</total>
				<timestamp>895.574033</timestamp>
			</report>
			<report>
				<misses>79800000</misses>
				<total>0</total>
				<timestamp>896.657289</timestamp>
			</report>
			<report>
				<misses>79900000</misses>
				<total>0</total>
				<timestamp>897.746678</timestamp>
			</report>
			<report>
				<misses>80000000</misses>
				<total>0</total>
				<timestamp>898.903955</timestamp>
			</report>
			<report>
				<misses>80100000</misses>
				<total>0</total>
				<timestamp>900.026513</timestamp>
			</report>
			<report>
				<misses>80200000</misses>
				<total>0</total>
				<timestamp>901.177049</timestamp>
			</report>
			<report>
				<misses>80300000</misses>
				<total>0</total>
				<timestamp>902.237216</timestamp>
			</report>
			<report>
				<misses>80400000</misses>
				<total>0</total>
				<timestamp>903.319462</timestamp>
			</report>
			<report>
				<misses>80500000</misses>
				<total>0</total>
				<timestamp>904.478048</timestamp>
			</report>
			<report>
				<misses>80600000</misses>
				<total>0</total>
				<timestamp>905.587984</timestamp>
			</report>
			<report>
				<misses>80700000</misses>
				<total>0</total>
				<timestamp>906.672967</timestamp>
			</report>
			<report>
				<misses>80800000</misses>
				<total>0</total>
				<timestamp>907.800851</timestamp>
			</report>
			<report>
				<misses>80900000</misses>
				<total>0</total>
				<timestamp>908.895096</timestamp>
			</report>
			<report>
				<misses>81000000</misses>
				<total>0</total>
				<timestamp>910.005840</timestamp>
			</report>
			<report>
				<misses>81100000</misses>
				<total>0</total>
				<timestamp>911.119690</timestamp>
			</report>
			<report>
				<misses>81200000</misses>
				<total>0</total>
				<timestamp>912.222262</timestamp>
			</report>
			<report>
				<misses>81300000</misses>
				<total>0</total>
				<timestamp>913.339054</timestamp>
			</report>
			<report>
				<misses>81400000</misses>
				<total>0</total>
				<timestamp>914.476927</timestamp>
			</report>
			<report>
				<misses>81500000</misses>
				<total>0</total>
				<timestamp>915.578713</timestamp>
			</report>
			<report>
				<misses>81600000</misses>
				<total>0</total>
				<timestamp>916.723450</timestamp>
			</report>
			<report>
				<misses>81700000</misses>
				<total>0</total>
				<timestamp>917.859659</timestamp>
			</report>
			<report>
				<misses>81800000</misses>
				<total>0</total>
				<timestamp>918.977428</timestamp>
			</report>
			<report>
				<misses>81900000</misses>
				<total>0</total>
				<timestamp>920.085714</timestamp>
			</report>
			<report>
				<misses>82000000</misses>
				<total>0</total>
				<timestamp>921.199809</timestamp>
			</report>
			<report>
				<misses>82100000</misses>
				<total>0</total>
				<timestamp>922.331001</timestamp>
			</report>
			<report>
				<misses>82200000</misses>
				<total>0</total>
				<timestamp>923.431981</timestamp>
			</report>
			<report>
				<misses>82300000</misses>
				<total>0</total>
				<timestamp>924.545475</timestamp>
			</report>
			<report>
				<misses>82400000</misses>
				<total>0</total>
				<timestamp>925.662893</timestamp>
			</report>
			<report>
				<misses>82500000</misses>
				<total>0</total>
				<timestamp>926.753378</timestamp>
			</report>
			<report>
				<misses>82600000</misses>
				<total>0</total>
				<timestamp>927.910764</timestamp>
			</report>
			<report>
				<misses>82700000</misses>
				<total>0</total>
				<timestamp>929.065961</timestamp>
			</report>
			<report>
				<misses>82800000</misses>
				<total>0</total>
				<timestamp>930.239299</timestamp>
			</report>
			<report>
				<misses>82900000</misses>
				<total>0</total>
				<timestamp>931.372036</timestamp>
			</report>
			<report>
				<misses>83000000</misses>
				<total>0</total>
				<timestamp>932.527346</timestamp>
			</report>
			<report>
				<misses>83100000</misses>
				<total>0</total>
				<timestamp>933.683221</timestamp>
			</report>
			<report>
				<misses>83200000</misses>
				<total>0</total>
				<timestamp>934.792173</timestamp>
			</report>
			<report>
				<misses>83300000</misses>
				<total>0</total>
				<timestamp>935.903371</timestamp>
			</report>
			<report>
				<misses>83400000</misses>
				<total>0</total>
				<timestamp>937.009279</timestamp>
			</report>
			<report>
				<misses>83500000</misses>
				<total>0</total>
				<timestamp>938.084437</timestamp>
			</report>
			<report>
				<misses>83600000</misses>
				<total>0</total>
				<timestamp>939.178303</timestamp>
			</report>
			<report>
				<misses>83700000</misses>
				<total>0</total>
				<timestamp>940.269339</timestamp>
			</report>
			<report>
				<misses>83800000</misses>
				<total>0</total>
				<timestamp>941.347959</timestamp>
			</report>
			<report>
				<misses>83900000</misses>
				<total>0</total>
				<timestamp>942.415422</timestamp>
			</report>
			<report>
				<misses>84000000</misses>
				<total>0</total>
				<timestamp>943.496536</timestamp>
			</report>
			<report>
				<misses>84100000</misses>
				<total>0</total>
				<timestamp>944.649735</timestamp>
			</report>
			<report>
				<misses>84200000</misses>
				<total>0</total>
				<timestamp>945.799390</timestamp>
			</report>
			<report>
				<misses>84300000</misses>
				<total>0</total>
				<timestamp>946.896118</timestamp>
			</report>
			<report>
				<misses>84400000</misses>
				<total>0</total>
				<timestamp>948.034833</timestamp>
			</report>
			<report>
				<misses>84500000</misses>
				<total>0</total>
				<timestamp>949.177162</timestamp>
			</report>
			<report>
				<misses>84600000</misses>
				<total>0</total>
				<timestamp>950.304180</timestamp>
			</report>
			<report>
				<misses>84700000</misses>
				<total>0</total>
				<timestamp>951.490533</timestamp>
			</report>
			<report>
				<misses>84800000</misses>
				<total>0</total>
				<timestamp>952.612970</timestamp>
			</report>
			<report>
				<misses>84900000</misses>
				<total>0</total>
				<timestamp>953.736253</timestamp>
			</report>
			<report>
				<misses>85000000</misses>
				<total>0</total>
				<timestamp>954.890087</timestamp>
			</report>
			<report>
				<misses>85100000</misses>
				<total>0</total>
				<timestamp>955.984219</timestamp>
			</report>
			<report>
				<misses>85200000</misses>
				<total>0</total>
				<timestamp>957.081210</timestamp>
			</report>
			<report>
				<misses>85300000</misses>
				<total>0</total>
				<timestamp>958.195508</timestamp>
			</report>
			<report>
				<misses>85400000</misses>
				<total>0</total>
				<timestamp>959.339472</timestamp>
			</report>
			<report>
				<misses>85500000</misses>
				<total>0</total>
				<timestamp>960.455686</timestamp>
			</report>
			<report>
				<misses>85600000</misses>
				<total>0</total>
				<timestamp>961.586098</timestamp>
			</report>
			<report>
				<misses>85700000</misses>
				<total>0</total>
				<timestamp>962.685022</timestamp>
			</report>
			<report>
				<misses>85800000</misses>
				<total>0</total>
				<timestamp>963.838383</timestamp>
			</report>
			<report>
				<misses>85900000</misses>
				<total>0</total>
				<timestamp>964.965282</timestamp>
			</report>
			<report>
				<misses>86000000</misses>
				<total>0</total>
				<timestamp>966.119333</timestamp>
			</report>
			<report>
				<misses>86100000</misses>
				<total>0</total>
				<timestamp>967.224084</timestamp>
			</report>
			<report>
				<misses>86200000</misses>
				<total>0</total>
				<timestamp>968.396362</timestamp>
			</report>
			<report>
				<misses>86300000</misses>
				<total>0</total>
				<timestamp>969.543512</timestamp>
			</report>
			<report>
				<misses>86400000</misses>
				<total>0</total>
				<timestamp>970.671597</timestamp>
			</report>
			<report>
				<misses>86500000</misses>
				<total>0</total>
				<timestamp>971.810928</timestamp>
			</report>
			<report>
				<misses>86600000</misses>
				<total>0</total>
				<timestamp>972.952461</timestamp>
			</report>
			<report>
				<misses>86700000</misses>
				<total>0</total>
				<timestamp>974.065465</timestamp>
			</report>
			<report>
				<misses>86800000</misses>
				<total>0</total>
				<timestamp>975.245897</timestamp>
			</report>
			<report>
				<misses>86900000</misses>
				<total>0</total>
				<timestamp>976.353305</timestamp>
			</report>
			<report>
				<misses>87000000</misses>
				<total>0</total>
				<timestamp>977.510141</timestamp>
			</report>
			<report>
				<misses>87100000</misses>
				<total>0</total>
				<timestamp>978.665126</timestamp>
			</report>
			<report>
				<misses>87200000</misses>
				<total>0</total>
				<timestamp>979.747987</timestamp>
			</report>
			<report>
				<misses>87300000</misses>
				<total>0</total>
				<timestamp>980.879018</timestamp>
			</report>
			<report>
				<misses>87400000</misses>
				<total>0</total>
				<timestamp>981.991344</timestamp>
			</report>
			<report>
				<misses>87500000</misses>
				<total>0</total>
				<timestamp>983.038188</timestamp>
			</report>
			<report>
				<misses>87600000</misses>
				<total>0</total>
				<timestamp>984.150674</timestamp>
			</report>
			<report>
				<misses>87700000</misses>
				<total>0</total>
				<timestamp>985.275898</timestamp>
			</report>
			<report>
				<misses>87800000</misses>
				<total>0</total>
				<timestamp>986.407351</timestamp>
			</report>
			<report>
				<misses>87900000</misses>
				<total>0</total>
				<timestamp>987.526079</timestamp>
			</report>
			<report>
				<misses>88000000</misses>
				<total>0</total>
				<timestamp>988.658750</timestamp>
			</report>
			<report>
				<misses>88100000</misses>
				<total>0</total>
				<timestamp>989.779289</timestamp>
			</report>
			<report>
				<misses>88200000</misses>
				<total>0</total>
				<timestamp>990.900328</timestamp>
			</report>
			<report>
				<misses>88300000</misses>
				<total>0</total>
				<timestamp>992.033870</timestamp>
			</report>
			<report>
				<misses>88400000</misses>
				<total>0</total>
				<timestamp>993.177362</timestamp>
			</report>
			<report>
				<misses>88500000</misses>
				<total>0</total>
				<timestamp>994.336446</timestamp>
			</report>
			<report>
				<misses>88600000</misses>
				<total>0</total>
				<timestamp>995.465080</timestamp>
			</report>
			<report>
				<misses>88700000</misses>
				<total>0</total>
				<timestamp>996.614777</timestamp>
			</report>
			<report>
				<misses>88800000</misses>
				<total>0</total>
				<timestamp>997.759956</timestamp>
			</report>
			<report>
				<misses>88900000</misses>
				<total>0</total>
				<timestamp>998.911980</timestamp>
			</report>
			<report>
				<misses>89000000</misses>
				<total>0</total>
				<timestamp>1000.101069</timestamp>
			</report>
			<report>
				<misses>89100000</misses>
				<total>0</total>
				<timestamp>1001.283949</timestamp>
			</report>
			<report>
				<misses>89200000</misses>
				<total>0</total>
				<timestamp>1002.390556</timestamp>
			</report>
			<report>
				<misses>89300000</misses>
				<total>0</total>
				<timestamp>1003.588949</timestamp>
			</report>
			<report>
				<misses>89400000</misses>
				<total>0</total>
				<timestamp>1004.727116</timestamp>
			</report>
			<report>
				<misses>89500000</misses>
				<total>0</total>
				<timestamp>1005.816979</timestamp>
			</report>
			<report>
				<misses>89600000</misses>
				<total>0</total>
				<timestamp>1006.881613</timestamp>
			</report>
			<report>
				<misses>89700000</misses>
				<total>0</total>
				<timestamp>1008.008485</timestamp>
			</report>
			<report>
				<misses>89800000</misses>
				<total>0</total>
				<timestamp>1009.075667</timestamp>
			</report>
			<report>
				<misses>89900000</misses>
				<total>0</total>
				<timestamp>1010.151590</timestamp>
			</report>
			<report>
				<misses>90000000</misses>
				<total>0</total>
				<timestamp>1011.270986</timestamp>
			</report>
			<report>
				<misses>90100000</misses>
				<total>0</total>
				<timestamp>1012.412166</timestamp>
			</report>
			<report>
				<misses>90200000</misses>
				<total>0</total>
				<timestamp>1013.517480</timestamp>
			</report>
			<report>
				<misses>90300000</misses>
				<total>0</total>
				<timestamp>1014.709085</timestamp>
			</report>
			<report>
				<misses>90400000</misses>
				<total>0</total>
				<timestamp>1015.849242</timestamp>
			</report>
			<report>
				<misses>90500000</misses>
				<total>0</total>
				<timestamp>1017.018155</timestamp>
			</report>
			<report>
				<misses>90600000</misses>
				<total>0</total>
				<timestamp>1018.168637</timestamp>
			</report>
			<report>
				<misses>90700000</misses>
				<total>0</total>
				<timestamp>1019.323849</timestamp>
			</report>
			<report>
				<misses>90800000</misses>
				<total>0</total>
				<timestamp>1020.472864</timestamp>
			</report>
			<report>
				<misses>90900000</misses>
				<total>0</total>
				<timestamp>1021.632623</timestamp>
			</report>
			<report>
				<misses>91000000</misses>
				<total>0</total>
				<timestamp>1022.809167</timestamp>
			</report>
			<report>
				<misses>91100000</misses>
				<total>0</total>
				<timestamp>1023.943100</timestamp>
			</report>
			<report>
				<misses>91200000</misses>
				<total>0</total>
				<timestamp>1025.121795</timestamp>
			</report>
			<report>
				<misses>91300000</misses>
				<total>0</total>
				<timestamp>1026.247892</timestamp>
			</report>
			<report>
				<misses>91400000</misses>
				<total>0</total>
				<timestamp>1027.391795</timestamp>
			</report>
			<report>
				<misses>91500000</misses>
				<total>0</total>
				<timestamp>1028.519671</timestamp>
			</report>
			<report>
				<misses>91600000</misses>
				<total>0</total>
				<timestamp>1029.630995</timestamp>
			</report>
			<report>
				<misses>91700000</misses>
				<total>0</total>
				<timestamp>1030.701588</timestamp>
			</report>
			<report>
				<misses>91800000</misses>
				<total>0</total>
				<timestamp>1031.774208</timestamp>
			</report>
			<report>
				<misses>91900000</misses>
				<total>0</total>
				<timestamp>1032.853710</timestamp>
			</report>
			<report>
				<misses>92000000</misses>
				<total>0</total>
				<timestamp>1033.929757</timestamp>
			</report>
			<report>
				<misses>92100000</misses>
				<total>0</total>
				<timestamp>1035.053637</timestamp>
			</report>
			<report>
				<misses>92200000</misses>
				<total>0</total>
				<timestamp>1036.181125</timestamp>
			</report>
			<report>
				<misses>92300000</misses>
				<total>0</total>
				<timestamp>1037.325566</timestamp>
			</report>
			<report>
				<misses>92400000</misses>
				<total>0</total>
				<timestamp>1038.524818</timestamp>
			</report>
			<report>
				<misses>92500000</misses>
				<total>0</total>
				<timestamp>1039.634119</timestamp>
			</report>
			<report>
				<misses>92600000</misses>
				<total>0</total>
				<timestamp>1040.779163</timestamp>
			</report>
			<report>
				<misses>92700000</misses>
				<total>0</total>
				<timestamp>1041.914871</timestamp>
			</report>
			<report>
				<misses>92800000</misses>
				<total>0</total>
				<timestamp>1043.068797</timestamp>
			</report>
			<report>
				<misses>92900000</misses>
				<total>0</total>
				<timestamp>1044.246825</timestamp>
			</report>
			<report>
				<misses>93000000</misses>
				<total>0</total>
				<timestamp>1045.402521</timestamp>
			</report>
			<report>
				<misses>93100000</misses>
				<total>0</total>
				<timestamp>1046.540539</timestamp>
			</report>
			<report>
				<misses>93200000</misses>
				<total>0</total>
				<timestamp>1047.680163</timestamp>
			</report>
			<report>
				<misses>93300000</misses>
				<total>0</total>
				<timestamp>1048.754564</timestamp>
			</report>
			<report>
				<misses>93400000</misses>
				<total>0</total>
				<timestamp>1049.894917</timestamp>
			</report>
			<report>
				<misses>93500000</misses>
				<total>0</total>
				<timestamp>1051.023322</timestamp>
			</report>
			<report>
				<misses>93600000</misses>
				<total>0</total>
				<timestamp>1052.104213</timestamp>
			</report>
			<report>
				<misses>93700000</misses>
				<total>0</total>
				<timestamp>1053.238416</timestamp>
			</report>
			<report>
				<misses>93800000</misses>
				<total>0</total>
				<timestamp>1054.308741</timestamp>
			</report>
			<report>
				<misses>93900000</misses>
				<total>0</total>
				<timestamp>1055.417278</timestamp>
			</report>
			<report>
				<misses>94000000</misses>
				<total>0</total>
				<timestamp>1056.523639</timestamp>
			</report>
			<report>
				<misses>94100000</misses>
				<total>0</total>
				<timestamp>1057.675534</timestamp>
			</report>
			<report>
				<misses>94200000</misses>
				<total>0</total>
				<timestamp>1058.866265</timestamp>
			</report>
			<report>
				<misses>94300000</misses>
				<total>0</total>
				<timestamp>1060.011245</timestamp>
			</report>
			<report>
				<misses>94400000</misses>
				<total>0</total>
				<timestamp>1061.108323</timestamp>
			</report>
			<report>
				<misses>94500000</misses>
				<total>0</total>
				<timestamp>1062.229091</timestamp>
			</report>
			<report>
				<misses>94600000</misses>
				<total>0</total>
				<timestamp>1063.325869</timestamp>
			</report>
			<report>
				<misses>94700000</misses>
				<total>0</total>
				<timestamp>1064.465129</timestamp>
			</report>
			<report>
				<misses>94800000</misses>
				<total>0</total>
				<timestamp>1065.583887</timestamp>
			</report>
			<report>
				<misses>94900000</misses>
				<total>0</total>
				<timestamp>1066.716211</timestamp>
			</report>
			<report>
				<misses>95000000</misses>
				<total>0</total>
				<timestamp>1067.815484</timestamp>
			</report>
			<report>
				<misses>95100000</misses>
				<total>0</total>
				<timestamp>1069.001291</timestamp>
			</report>
			<report>
				<misses>95200000</misses>
				<total>0</total>
				<timestamp>1070.179964</timestamp>
			</report>
			<report>
				<misses>95300000</misses>
				<total>0</total>
				<timestamp>1071.346313</timestamp>
			</report>
			<report>
				<misses>95400000</misses>
				<total>0</total>
				<timestamp>1072.476854</timestamp>
			</report>
			<report>
				<misses>95500000</misses>
				<total>0</total>
				<timestamp>1073.629518</timestamp>
			</report>
			<report>
				<misses>95600000</misses>
				<total>0</total>
				<timestamp>1074.774543</timestamp>
			</report>
			<report>
				<misses>95700000</misses>
				<total>0</total>
				<timestamp>1075.923092</timestamp>
			</report>
			<report>
				<misses>95800000</misses>
				<total>0</total>
				<timestamp>1077.019840</timestamp>
			</report>
			<report>
				<misses>95900000</misses>
				<total>0</total>
				<timestamp>1078.153415</timestamp>
			</report>
			<report>
				<misses>96000000</misses>
				<total>0</total>
				<timestamp>1079.228525</timestamp>
			</report>
			<report>
				<misses>96100000</misses>
				<total>0</total>
				<timestamp>1080.355043</timestamp>
			</report>
			<report>
				<misses>96200000</misses>
				<total>0</total>
				<timestamp>1081.476581</timestamp>
			</report>
			<report>
				<misses>96300000</misses>
				<total>0</total>
				<timestamp>1082.579570</timestamp>
			</report>
			<report>
				<misses>96400000</misses>
				<total>0</total>
				<timestamp>1083.664048</timestamp>
			</report>
			<report>
				<misses>96500000</misses>
				<total>0</total>
				<timestamp>1084.797121</timestamp>
			</report>
			<report>
				<misses>96600000</misses>
				<total>0</total>
				<timestamp>1085.938711</timestamp>
			</report>
			<report>
				<misses>96700000</misses>
				<total>0</total>
				<timestamp>1087.066841</timestamp>
			</report>
			<report>
				<misses>96800000</misses>
				<total>0</total>
				<timestamp>1088.197652</timestamp>
			</report>
			<report>
				<misses>96900000</misses>
				<total>0</total>
				<timestamp>1089.333875</timestamp>
			</report>
			<report>
				<misses>97000000</misses>
				<total>0</total>
				<timestamp>1090.466127</timestamp>
			</report>
			<report>
				<misses>97100000</misses>
				<total>0</total>
				<timestamp>1091.596525</timestamp>
			</report>
			<report>
				<misses>97200000</misses>
				<total>0</total>
				<timestamp>1092.724854</timestamp>
			</report>
			<report>
				<misses>97300000</misses>
				<total>0</total>
				<timestamp>1093.862368</timestamp>
			</report>
			<report>
				<misses>97400000</misses>
				<total>0</total>
				<timestamp>1094.951604</timestamp>
			</report>
			<report>
				<misses>97500000</misses>
				<total>0</total>
				<timestamp>1096.042197</timestamp>
			</report>
			<report>
				<misses>97600000</misses>
				<total>0</total>
				<timestamp>1097.099536</timestamp>
			</report>
			<report>
				<misses>97700000</misses>
				<total>0</total>
				<timestamp>1098.170269</timestamp>
			</report>
			<report>
				<misses>97800000</misses>
				<total>0</total>
				<timestamp>1099.227077</timestamp>
			</report>
			<report>
				<misses>97900000</misses>
				<total>0</total>
				<timestamp>1100.313228</timestamp>
			</report>
			<report>
				<misses>98000000</misses>
				<total>0</total>
				<timestamp>1101.380040</timestamp>
			</report>
			<report>
				<misses>98100000</misses>
				<total>0</total>
				<timestamp>1102.492498</timestamp>
			</report>
			<report>
				<misses>98200000</misses>
				<total>0</total>
				<timestamp>1103.625049</timestamp>
			</report>
			<report>
				<misses>98300000</misses>
				<total>0</total>
				<timestamp>1104.760903</timestamp>
			</report>
			<report>
				<misses>98400000</misses>
				<total>0</total>
				<timestamp>1105.908921</timestamp>
			</report>
			<report>
				<misses>98500000</misses>
				<total>0</total>
				<timestamp>1107.036730</timestamp>
			</report>
			<report>
				<misses>98600000</misses>
				<total>0</total>
				<timestamp>1108.135772</timestamp>
			</report>
			<report>
				<misses>98700000</misses>
				<total>0</total>
				<timestamp>1109.271601</timestamp>
			</report>
			<report>
				<misses>98800000</misses>
				<total>0</total>
				<timestamp>1110.427712</timestamp>
			</report>
			<report>
				<misses>98900000</misses>
				<total>0</total>
				<timestamp>1111.555934</timestamp>
			</report>
			<report>
				<misses>99000000</misses>
				<total>0</total>
				<timestamp>1112.679072</timestamp>
			</report>
			<report>
				<misses>99100000</misses>
				<total>0</total>
				<timestamp>1113.855105</timestamp>
			</report>
			<report>
				<misses>99200000</misses>
				<total>0</total>
				<timestamp>1115.006657</timestamp>
			</report>
			<report>
				<misses>99300000</misses>
				<total>0</total>
				<timestamp>1116.106215</timestamp>
			</report>
			<report>
				<misses>99400000</misses>
				<total>0</total>
				<timestamp>1117.250571</timestamp>
			</report>
			<report>
				<misses>99500000</misses>
				<total>0</total>
				<timestamp>1118.360342</timestamp>
			</report>
			<report>
				<misses>99600000</misses>
				<total>0</total>
				<timestamp>1119.473106</timestamp>
			</report>
			<report>
				<misses>99700000</misses>
				<total>0</total>
				<timestamp>1120.575954</timestamp>
			</report>
			<report>
				<misses>99800000</misses>
				<total>0</total>
				<timestamp>1121.656554</timestamp>
			</report>
			<report>
				<misses>99900000</misses>
				<total>0</total>
				<timestamp>1122.725773</timestamp>
			</report>
			<report>
				<misses>100000000</misses>
				<total>0</total>
				<timestamp>1123.812632</timestamp>
			</report>
			<report>
				<misses>100100000</misses>
				<total>0</total>
				<timestamp>1124.890665</timestamp>
			</report>
			<report>
				<misses>100200000</misses>
				<total>0</total>
				<timestamp>1125.988321</timestamp>
			</report>
			<report>
				<misses>100300000</misses>
				<total>0</total>
				<timestamp>1127.139370</timestamp>
			</report>
			<report>
				<misses>100400000</misses>
				<total>0</total>
				<timestamp>1128.251405</timestamp>
			</report>
			<report>
				<misses>100500000</misses>
				<total>0</total>
				<timestamp>1129.439235</timestamp>
			</report>
			<report>
				<misses>100600000</misses>
				<total>0</total>
				<timestamp>1130.579648</timestamp>
			</report>
			<report>
				<misses>100700000</misses>
				<total>0</total>
				<timestamp>1131.730309</timestamp>
			</report>
			<report>
				<misses>100800000</misses>
				<total>0</total>
				<timestamp>1132.878885</timestamp>
			</report>
			<report>
				<misses>100900000</misses>
				<total>0</total>
				<timestamp>1134.057379</timestamp>
			</report>
			<report>
				<misses>101000000</misses>
				<total>0</total>
				<timestamp>1135.196348</timestamp>
			</report>
			<report>
				<misses>101100000</misses>
				<total>0</total>
				<timestamp>1136.344009</timestamp>
			</report>
			<report>
				<misses>101200000</misses>
				<total>0</total>
				<timestamp>1137.456445</timestamp>
			</report>
			<report>
				<misses>101300000</misses>
				<total>0</total>
				<timestamp>1138.636443</timestamp>
			</report>
			<report>
				<misses>101400000</misses>
				<total>0</total>
				<timestamp>1139.746498</timestamp>
			</report>
			<report>
				<misses>101500000</misses>
				<total>0</total>
				<timestamp>1140.874149</timestamp>
			</report>
			<report>
				<misses>101600000</misses>
				<total>0</total>
				<timestamp>1141.981540</timestamp>
			</report>
			<report>
				<misses>101700000</misses>
				<total>0</total>
				<timestamp>1143.102141</timestamp>
			</report>
			<report>
				<misses>101800000</misses>
				<total>0</total>
				<timestamp>1144.209751</timestamp>
			</report>
			<report>
				<misses>101900000</misses>
				<total>0</total>
				<timestamp>1145.303242</timestamp>
			</report>
			<report>
				<misses>102000000</misses>
				<total>0</total>
				<timestamp>1146.414042</timestamp>
			</report>
			<report>
				<misses>102100000</misses>
				<total>0</total>
				<timestamp>1147.536887</timestamp>
			</report>
			<report>
				<misses>102200000</misses>
				<total>0</total>
				<timestamp>1148.634656</timestamp>
			</report>
			<report>
				<misses>102300000</misses>
				<total>0</total>
				<timestamp>1149.748891</timestamp>
			</report>
			<report>
				<misses>102400000</misses>
				<total>0</total>
				<timestamp>1150.905062</timestamp>
			</report>
			<report>
				<misses>102500000</misses>
				<total>0</total>
				<timestamp>1152.069744</timestamp>
			</report>
			<report>
				<misses>102600000</misses>
				<total>0</total>
				<timestamp>1153.233561</timestamp>
			</report>
			<report>
				<misses>102700000</misses>
				<total>0</total>
				<timestamp>1154.353565</timestamp>
			</report>
			<report>
				<misses>102800000</misses>
				<total>0</total>
				<timestamp>1155.519731</timestamp>
			</report>
			<report>
				<misses>102900000</misses>
				<total>0</total>
				<timestamp>1156.649389</timestamp>
			</report>
			<report>
				<misses>103000000</misses>
				<total>0</total>
				<timestamp>1157.784291</timestamp>
			</report>
			<report>
				<misses>103100000</misses>
				<total>0</total>
				<timestamp>1158.929893</timestamp>
			</report>
			<report>
				<misses>103200000</misses>
				<total>0</total>
				<timestamp>1160.070994</timestamp>
			</report>
			<report>
				<misses>103300000</misses>
				<total>0</total>
				<timestamp>1161.140338</timestamp>
			</report>
			<report>
				<misses>103400000</misses>
				<total>0</total>
				<timestamp>1162.220026</timestamp>
			</report>
			<report>
				<misses>103500000</misses>
				<total>0</total>
				<timestamp>1163.301743</timestamp>
			</report>
			<report>
				<misses>103600000</misses>
				<total>0</total>
				<timestamp>1164.365299</timestamp>
			</report>
			<report>
				<misses>103700000</misses>
				<total>0</total>
				<timestamp>1165.425747</timestamp>
			</report>
			<report>
				<misses>103800000</misses>
				<total>0</total>
				<timestamp>1166.501268</timestamp>
			</report>
			<report>
				<misses>103900000</misses>
				<total>0</total>
				<timestamp>1167.638289</timestamp>
			</report>
			<report>
				<misses>104000000</misses>
				<total>0</total>
				<timestamp>1168.779456</timestamp>
			</report>
			<report>
				<misses>104100000</misses>
				<total>0</total>
				<timestamp>1169.940111</timestamp>
			</report>
			<report>
				<misses>104200000</misses>
				<total>0</total>
				<timestamp>1171.105002</timestamp>
			</report>
			<report>
				<misses>104300000</misses>
				<total>0</total>
				<timestamp>1172.263404</timestamp>
			</report>
			<report>
				<misses>104400000</misses>
				<total>0</total>
				<timestamp>1173.422630</timestamp>
			</report>
			<report>
				<misses>104500000</misses>
				<total>0</total>
				<timestamp>1174.553343</timestamp>
			</report>
			<report>
				<misses>104600000</misses>
				<total>0</total>
				<timestamp>1175.688603</timestamp>
			</report>
			<report>
				<misses>104700000</misses>
				<total>0</total>
				<timestamp>1176.858266</timestamp>
			</report>
			<report>
				<misses>104800000</misses>
				<total>0</total>
				<timestamp>1178.010558</timestamp>
			</report>
			<report>
				<misses>104900000</misses>
				<total>0</total>
				<timestamp>1179.094011</timestamp>
			</report>
			<report>
				<misses>105000000</misses>
				<total>0</total>
				<timestamp>1180.235430</timestamp>
			</report>
			<report>
				<misses>105100000</misses>
				<total>0</total>
				<timestamp>1181.348286</timestamp>
			</report>
			<report>
				<misses>105200000</misses>
				<total>0</total>
				<timestamp>1182.437640</timestamp>
			</report>
			<report>
				<misses>105300000</misses>
				<total>0</total>
				<timestamp>1183.562143</timestamp>
			</report>
			<report>
				<misses>105400000</misses>
				<total>0</total>
				<timestamp>1184.642224</timestamp>
			</report>
			<report>
				<misses>105500000</misses>
				<total>0</total>
				<timestamp>1185.763401</timestamp>
			</report>
			<report>
				<misses>105600000</misses>
				<total>0</total>
				<timestamp>1186.938876</timestamp>
			</report>
			<report>
				<misses>105700000</misses>
				<total>0</total>
				<timestamp>1188.129744</timestamp>
			</report>
			<report>
				<misses>105800000</misses>
				<total>0</total>
				<timestamp>1189.240085</timestamp>
			</report>
			<report>
				<misses>105900000</misses>
				<total>0</total>
				<timestamp>1190.379379</timestamp>
			</report>
			<report>
				<misses>106000000</misses>
				<total>0</total>
				<timestamp>1191.543420</timestamp>
			</report>
			<report>
				<misses>106100000</misses>
				<total>0</total>
				<timestamp>1192.685795</timestamp>
			</report>
			<report>
				<misses>106200000</misses>
				<total>0</total>
				<timestamp>1193.826866</timestamp>
			</report>
			<report>
				<misses>106300000</misses>
				<total>0</total>
				<timestamp>1194.981920</timestamp>
			</report>
			<report>
				<misses>106400000</misses>
				<total>0</total>
				<timestamp>1196.121686</timestamp>
			</report>
			<report>
				<misses>106500000</misses>
				<total>0</total>
				<timestamp>1197.336498</timestamp>
			</report>
			<report>
				<misses>106600000</misses>
				<total>0</total>
				<timestamp>1198.474440</timestamp>
			</report>
			<report>
				<misses>106700000</misses>
				<total>0</total>
				<timestamp>1199.552899</timestamp>
			</report>
			<report>
				<misses>106800000</misses>
				<total>0</total>
				<timestamp>1200.619910</timestamp>
			</report>
			<report>
				<misses>106900000</misses>
				<total>0</total>
				<timestamp>1201.677223</timestamp>
			</report>
			<report>
				<misses>107000000</misses>
				<total>0</total>
				<timestamp>1202.764793</timestamp>
			</report>
			<report>
				<misses>107100000</misses>
				<total>0</total>
				<timestamp>1203.920752</timestamp>
			</report>
			<report>
				<misses>107200000</misses>
				<total>0</total>
				<timestamp>1205.051406</timestamp>
			</report>
			<report>
				<misses>107300000</misses>
				<total>0</total>
				<timestamp>1206.206634</timestamp>
			</report>
			<report>
				<misses>107400000</misses>
				<total>0</total>
				<timestamp>1207.327785</timestamp>
			</report>
			<report>
				<misses>107500000</misses>
				<total>0</total>
				<timestamp>1208.482256</timestamp>
			</report>
			<report>
				<misses>107600000</misses>
				<total>0</total>
				<timestamp>1209.648973</timestamp>
			</report>
			<report>
				<misses>107700000</misses>
				<total>0</total>
				<timestamp>1210.751880</timestamp>
			</report>
			<report>
				<misses>107800000</misses>
				<total>0</total>
				<timestamp>1211.872522</timestamp>
			</report>
			<report>
				<misses>107900000</misses>
				<total>0</total>
				<timestamp>1212.970158</timestamp>
			</report>
			<report>
				<misses>108000000</misses>
				<total>0</total>
				<timestamp>1214.159365</timestamp>
			</report>
			<report>
				<misses>108100000</misses>
				<total>0</total>
				<timestamp>1215.289284</timestamp>
			</report>
			<report>
				<misses>108200000</misses>
				<total>0</total>
				<timestamp>1216.388320</timestamp>
			</report>
			<report>
				<misses>108300000</misses>
				<total>0</total>
				<timestamp>1217.476059</timestamp>
			</report>
			<report>
				<misses>108400000</misses>
				<total>0</total>
				<timestamp>1218.555909</timestamp>
			</report>
			<report>
				<misses>108500000</misses>
				<total>0</total>
				<timestamp>1219.668362</timestamp>
			</report>
			<report>
				<misses>108600000</misses>
				<total>0</total>
				<timestamp>1220.775311</timestamp>
			</report>
			<report>
				<misses>108700000</misses>
				<total>0</total>
				<timestamp>1221.869404</timestamp>
			</report>
			<report>
				<misses>108800000</misses>
				<total>0</total>
				<timestamp>1222.951425</timestamp>
			</report>
			<report>
				<misses>108900000</misses>
				<total>0</total>
				<timestamp>1224.102939</timestamp>
			</report>
			<report>
				<misses>109000000</misses>
				<total>0</total>
				<timestamp>1225.247692</timestamp>
			</report>
			<report>
				<misses>109100000</misses>
				<total>0</total>
				<timestamp>1226.354084</timestamp>
			</report>
			<report>
				<misses>109200000</misses>
				<total>0</total>
				<timestamp>1227.483688</timestamp>
			</report>
			<report>
				<misses>109300000</misses>
				<total>0</total>
				<timestamp>1228.627133</timestamp>
			</report>
			<report>
				<misses>109400000</misses>
				<total>0</total>
				<timestamp>1229.753181</timestamp>
			</report>
			<report>
				<misses>109500000</misses>
				<total>0</total>
				<timestamp>1230.933367</timestamp>
			</report>
			<report>
				<misses>109600000</misses>
				<total>0</total>
				<timestamp>1232.100557</timestamp>
			</report>
			<report>
				<misses>109700000</misses>
				<total>0</total>
				<timestamp>1233.190508</timestamp>
			</report>
			<report>
				<misses>109800000</misses>
				<total>0</total>
				<timestamp>1234.243834</timestamp>
			</report>
			<report>
				<misses>109900000</misses>
				<total>0</total>
				<timestamp>1235.304076</timestamp>
			</report>
			<report>
				<misses>110000000</misses>
				<total>0</total>
				<timestamp>1236.371493</timestamp>
			</report>
			<report>
				<misses>110100000</misses>
				<total>0</total>
				<timestamp>1237.432548</timestamp>
			</report>
			<report>
				<misses>110200000</misses>
				<total>0</total>
				<timestamp>1238.523290</timestamp>
			</report>
			<report>
				<misses>110300000</misses>
				<total>0</total>
				<timestamp>1239.638278</timestamp>
			</report>
			<report>
				<misses>110400000</misses>
				<total>0</total>
				<timestamp>1240.782773</timestamp>
			</report>
			<report>
				<misses>110500000</misses>
				<total>0</total>
				<timestamp>1241.910731</timestamp>
			</report>
			<report>
				<misses>110600000</misses>
				<total>0</total>
				<timestamp>1243.014455</timestamp>
			</report>
			<report>
				<misses>110700000</misses>
				<total>0</total>
				<timestamp>1244.129969</timestamp>
			</report>
			<report>
				<misses>110800000</misses>
				<total>0</total>
				<timestamp>1245.240640</timestamp>
			</report>
			<report>
				<misses>110900000</misses>
				<total>0</total>
				<timestamp>1246.373223</timestamp>
			</report>
			<report>
				<misses>111000000</misses>
				<total>0</total>
				<timestamp>1247.487619</timestamp>
			</report>
			<report>
				<misses>111100000</misses>
				<total>0</total>
				<timestamp>1248.617526</timestamp>
			</report>
			<report>
				<misses>111200000</misses>
				<total>0</total>
				<timestamp>1249.784807</timestamp>
			</report>
			<report>
				<misses>111300000</misses>
				<total>0</total>
				<timestamp>1250.913459</timestamp>
			</report>
			<report>
				<misses>111400000</misses>
				<total>0</total>
				<timestamp>1252.008623</timestamp>
			</report>
			<report>
				<misses>111500000</misses>
				<total>0</total>
				<timestamp>1253.105433</timestamp>
			</report>
			<report>
				<misses>111600000</misses>
				<total>0</total>
				<timestamp>1254.191416</timestamp>
			</report>
			<report>
				<misses>111700000</misses>
				<total>0</total>
				<timestamp>1255.320038</timestamp>
			</report>
			<report>
				<misses>111800000</misses>
				<total>0</total>
				<timestamp>1256.401971</timestamp>
			</report>
			<report>
				<misses>111900000</misses>
				<total>0</total>
				<timestamp>1257.469521</timestamp>
			</report>
			<report>
				<misses>112000000</misses>
				<total>0</total>
				<timestamp>1258.587067</timestamp>
			</report>
			<report>
				<misses>112100000</misses>
				<total>0</total>
				<timestamp>1259.746269</timestamp>
			</report>
			<report>
				<misses>112200000</misses>
				<total>0</total>
				<timestamp>1260.906776</timestamp>
			</report>
			<report>
				<misses>112300000</misses>
				<total>0</total>
				<timestamp>1262.012830</timestamp>
			</report>
			<report>
				<misses>112400000</misses>
				<total>0</total>
				<timestamp>1263.112505</timestamp>
			</report>
			<report>
				<misses>112500000</misses>
				<total>0</total>
				<timestamp>1264.242720</timestamp>
			</report>
			<report>
				<misses>112600000</misses>
				<total>0</total>
				<timestamp>1265.367757</timestamp>
			</report>
			<report>
				<misses>112700000</misses>
				<total>0</total>
				<timestamp>1266.505574</timestamp>
			</report>
			<report>
				<misses>112800000</misses>
				<total>0</total>
				<timestamp>1267.653802</timestamp>
			</report>
			<report>
				<misses>112900000</misses>
				<total>0</total>
				<timestamp>1268.780950</timestamp>
			</report>
			<report>
				<misses>113000000</misses>
				<total>0</total>
				<timestamp>1269.892100</timestamp>
			</report>
			<report>
				<misses>113100000</misses>
				<total>0</total>
				<timestamp>1270.959902</timestamp>
			</report>
			<report>
				<misses>113200000</misses>
				<total>0</total>
				<timestamp>1272.095065</timestamp>
			</report>
			<report>
				<misses>113300000</misses>
				<total>0</total>
				<timestamp>1273.251226</timestamp>
			</report>
			<report>
				<misses>113400000</misses>
				<total>0</total>
				<timestamp>1274.339783</timestamp>
			</report>
			<report>
				<misses>113500000</misses>
				<total>0</total>
				<timestamp>1275.470676</timestamp>
			</report>
			<report>
				<misses>113600000</misses>
				<total>0</total>
				<timestamp>1276.581373</timestamp>
			</report>
			<report>
				<misses>113700000</misses>
				<total>0</total>
				<timestamp>1277.779004</timestamp>
			</report>
			<report>
				<misses>113800000</misses>
				<total>0</total>
				<timestamp>1278.901058</timestamp>
			</report>
			<report>
				<misses>113900000</misses>
				<total>0</total>
				<timestamp>1279.970962</timestamp>
			</report>
			<report>
				<misses>114000000</misses>
				<total>0</total>
				<timestamp>1281.146537</timestamp>
			</report>
			<report>
				<misses>114100000</misses>
				<total>0</total>
				<timestamp>1282.267273</timestamp>
			</report>
			<report>
				<misses>114200000</misses>
				<total>0</total>
				<timestamp>1283.357317</timestamp>
			</report>
			<report>
				<misses>114300000</misses>
				<total>0</total>
				<timestamp>1284.455096</timestamp>
			</report>
			<report>
				<misses>114400000</misses>
				<total>0</total>
				<timestamp>1285.580344</timestamp>
			</report>
			<report>
				<misses>114500000</misses>
				<total>0</total>
				<timestamp>1286.707334</timestamp>
			</report>
			<report>
				<misses>114600000</misses>
				<total>0</total>
				<timestamp>1287.823715</timestamp>
			</report>
			<report>
				<misses>114700000</misses>
				<total>0</total>
				<timestamp>1288.934345</timestamp>
			</report>
			<report>
				<misses>114800000</misses>
				<total>0</total>
				<timestamp>1290.062055</timestamp>
			</report>
			<report>
				<misses>114900000</misses>
				<total>0</total>
				<timestamp>1291.167312</timestamp>
			</report>
			<report>
				<misses>115000000</misses>
				<total>0</total>
				<timestamp>1292.297832</timestamp>
			</report>
			<report>
				<misses>115100000</misses>
				<total>0</total>
				<timestamp>1293.446895</timestamp>
			</report>
			<report>
				<misses>115200000</misses>
				<total>0</total>
				<timestamp>1294.514737</timestamp>
			</report>
			<report>
				<misses>115300000</misses>
				<total>0</total>
				<timestamp>1295.578864</timestamp>
			</report>
			<report>
				<misses>115400000</misses>
				<total>0</total>
				<timestamp>1296.661839</timestamp>
			</report>
			<report>
				<misses>115500000</misses>
				<total>0</total>
				<timestamp>1297.731608</timestamp>
			</report>
			<report>
				<misses>115600000</misses>
				<total>0</total>
				<timestamp>1298.809310</timestamp>
			</report>
			<report>
				<misses>115700000</misses>
				<total>0</total>
				<timestamp>1299.933279</timestamp>
			</report>
			<report>
				<misses>115800000</misses>
				<total>0</total>
				<timestamp>1301.026757</timestamp>
			</report>
			<report>
				<misses>115900000</misses>
				<total>0</total>
				<timestamp>1302.128270</timestamp>
			</report>
			<report>
				<misses>116000000</misses>
				<total>0</total>
				<timestamp>1303.243557</timestamp>
			</report>
			<report>
				<misses>116100000</misses>
				<total>0</total>
				<timestamp>1304.398364</timestamp>
			</report>
			<report>
				<misses>116200000</misses>
				<total>0</total>
				<timestamp>1305.533345</timestamp>
			</report>
			<report>
				<misses>116300000</misses>
				<total>0</total>
				<timestamp>1306.615881</timestamp>
			</report>
			<report>
				<misses>116400000</misses>
				<total>0</total>
				<timestamp>1307.782063</timestamp>
			</report>
			<report>
				<misses>116500000</misses>
				<total>0</total>
				<timestamp>1308.892363</timestamp>
			</report>
			<report>
				<misses>116600000</misses>
				<total>0</total>
				<timestamp>1310.044020</timestamp>
			</report>
			<report>
				<misses>116700000</misses>
				<total>0</total>
				<timestamp>1311.206701</timestamp>
			</report>
			<report>
				<misses>116800000</misses>
				<total>0</total>
				<timestamp>1312.370422</timestamp>
			</report>
			<report>
				<misses>116900000</misses>
				<total>0</total>
				<timestamp>1313.523134</timestamp>
			</report>
			<report>
				<misses>117000000</misses>
				<total>0</total>
				<timestamp>1314.647988</timestamp>
			</report>
			<report>
				<misses>117100000</misses>
				<total>0</total>
				<timestamp>1315.777813</timestamp>
			</report>
			<report>
				<misses>117200000</misses>
				<total>0</total>
				<timestamp>1316.904989</timestamp>
			</report>
			<report>
				<misses>117300000</misses>
				<total>0</total>
				<timestamp>1318.014602</timestamp>
			</report>
			<report>
				<misses>117400000</misses>
				<total>0</total>
				<timestamp>1319.136683</timestamp>
			</report>
			<report>
				<misses>117500000</misses>
				<total>0</total>
				<timestamp>1320.224649</timestamp>
			</report>
			<report>
				<misses>117600000</misses>
				<total>0</total>
				<timestamp>1321.332833</timestamp>
			</report>
			<report>
				<misses>117700000</misses>
				<total>0</total>
				<timestamp>1322.463175</timestamp>
			</report>
			<report>
				<misses>117800000</misses>
				<total>0</total>
				<timestamp>1323.577237</timestamp>
			</report>
			<report>
				<misses>117900000</misses>
				<total>0</total>
				<timestamp>1324.687298</timestamp>
			</report>
			<report>
				<misses>118000000</misses>
				<total>0</total>
				<timestamp>1325.806721</timestamp>
			</report>
			<report>
				<misses>118100000</misses>
				<total>0</total>
				<timestamp>1326.983717</timestamp>
			</report>
			<report>
				<misses>118200000</misses>
				<total>0</total>
				<timestamp>1328.204933</timestamp>
			</report>
			<report>
				<misses>118300000</misses>
				<total>0</total>
				<timestamp>1329.356584</timestamp>
			</report>
			<report>
				<misses>118400000</misses>
				<total>0</total>
				<timestamp>1330.530759</timestamp>
			</report>
			<report>
				<misses>118500000</misses>
				<total>0</total>
				<timestamp>1331.725017</timestamp>
			</report>
			<report>
				<misses>118600000</misses>
				<total>0</total>
				<timestamp>1332.870493</timestamp>
			</report>
			<report>
				<misses>118700000</misses>
				<total>0</total>
				<timestamp>1333.994445</timestamp>
			</report>
			<report>
				<misses>118800000</misses>
				<total>0</total>
				<timestamp>1335.176671</timestamp>
			</report>
			<report>
				<misses>118900000</misses>
				<total>0</total>
				<timestamp>1336.317346</timestamp>
			</report>
			<report>
				<misses>119000000</misses>
				<total>0</total>
				<timestamp>1337.426602</timestamp>
			</report>
			<report>
				<misses>119100000</misses>
				<total>0</total>
				<timestamp>1338.556265</timestamp>
			</report>
			<report>
				<misses>119200000</misses>
				<total>0</total>
				<timestamp>1339.659276</timestamp>
			</report>
			<report>
				<misses>119300000</misses>
				<total>0</total>
				<timestamp>1340.802103</timestamp>
			</report>
			<report>
				<misses>119400000</misses>
				<total>0</total>
				<timestamp>1341.959107</timestamp>
			</report>
			<report>
				<misses>119500000</misses>
				<total>0</total>
				<timestamp>1343.098635</timestamp>
			</report>
			<report>
				<misses>119600000</misses>
				<total>0</total>
				<timestamp>1344.255715</timestamp>
			</report>
			<report>
				<misses>119700000</misses>
				<total>0</total>
				<timestamp>1345.426844</timestamp>
			</report>
			<report>
				<misses>119800000</misses>
				<total>0</total>
				<timestamp>1346.566912</timestamp>
			</report>
			<report>
				<misses>119900000</misses>
				<total>0</total>
				<timestamp>1347.721989</timestamp>
			</report>
			<report>
				<misses>120000000</misses>
				<total>0</total>
				<timestamp>1348.868866</timestamp>
			</report>
			<report>
				<misses>120100000</misses>
				<total>0</total>
				<timestamp>1350.047326</timestamp>
			</report>
			<report>
				<misses>120200000</misses>
				<total>0</total>
				<timestamp>1351.239109</timestamp>
			</report>
			<report>
				<misses>120300000</misses>
				<total>0</total>
				<timestamp>1352.417572</timestamp>
			</report>
			<report>
				<misses>120400000</misses>
				<total>0</total>
				<timestamp>1353.597182</timestamp>
			</report>
			<report>
				<misses>120500000</misses>
				<total>0</total>
				<timestamp>1354.756163</timestamp>
			</report>
			<report>
				<misses>120600000</misses>
				<total>0</total>
				<timestamp>1355.872073</timestamp>
			</report>
			<report>
				<misses>120700000</misses>
				<total>0</total>
				<timestamp>1356.964002</timestamp>
			</report>
			<report>
				<misses>120800000</misses>
				<total>0</total>
				<timestamp>1358.150581</timestamp>
			</report>
			<report>
				<misses>120900000</misses>
				<total>0</total>
				<timestamp>1359.238500</timestamp>
			</report>
			<report>
				<misses>121000000</misses>
				<total>0</total>
				<timestamp>1360.323300</timestamp>
			</report>
			<report>
				<misses>121100000</misses>
				<total>0</total>
				<timestamp>1361.462753</timestamp>
			</report>
			<report>
				<misses>121200000</misses>
				<total>0</total>
				<timestamp>1362.584956</timestamp>
			</report>
			<report>
				<misses>121300000</misses>
				<total>0</total>
				<timestamp>1363.773717</timestamp>
			</report>
			<report>
				<misses>121400000</misses>
				<total>0</total>
				<timestamp>1364.904124</timestamp>
			</report>
			<report>
				<misses>121500000</misses>
				<total>0</total>
				<timestamp>1366.063480</timestamp>
			</report>
			<report>
				<misses>121600000</misses>
				<total>0</total>
				<timestamp>1367.231174</timestamp>
			</report>
			<report>
				<misses>121700000</misses>
				<total>0</total>
				<timestamp>1368.403105</timestamp>
			</report>
			<report>
				<misses>121800000</misses>
				<total>0</total>
				<timestamp>1369.569442</timestamp>
			</report>
			<report>
				<misses>121900000</misses>
				<total>0</total>
				<timestamp>1370.747150</timestamp>
			</report>
			<report>
				<misses>122000000</misses>
				<total>0</total>
				<timestamp>1371.870649</timestamp>
			</report>
			<report>
				<misses>122100000</misses>
				<total>0</total>
				<timestamp>1372.973967</timestamp>
			</report>
			<report>
				<misses>122200000</misses>
				<total>0</total>
				<timestamp>1374.039285</timestamp>
			</report>
			<report>
				<misses>122300000</misses>
				<total>0</total>
				<timestamp>1375.195577</timestamp>
			</report>
			<report>
				<misses>122400000</misses>
				<total>0</total>
				<timestamp>1376.258207</timestamp>
			</report>
			<report>
				<misses>122500000</misses>
				<total>0</total>
				<timestamp>1377.385224</timestamp>
			</report>
			<report>
				<misses>122600000</misses>
				<total>0</total>
				<timestamp>1378.471083</timestamp>
			</report>
			<report>
				<misses>122700000</misses>
				<total>0</total>
				<timestamp>1379.553043</timestamp>
			</report>
			<report>
				<misses>122800000</misses>
				<total>0</total>
				<timestamp>1380.682331</timestamp>
			</report>
			<report>
				<misses>122900000</misses>
				<total>0</total>
				<timestamp>1381.832848</timestamp>
			</report>
			<report>
				<misses>123000000</misses>
				<total>0</total>
				<timestamp>1382.944918</timestamp>
			</report>
			<report>
				<misses>123100000</misses>
				<total>0</total>
				<timestamp>1384.112598</timestamp>
			</report>
			<report>
				<misses>123200000</misses>
				<total>0</total>
				<timestamp>1385.246433</timestamp>
			</report>
			<report>
				<misses>123300000</misses>
				<total>0</total>
				<timestamp>1386.383463</timestamp>
			</report>
			<report>
				<misses>123400000</misses>
				<total>0</total>
				<timestamp>1387.482973</timestamp>
			</report>
			<report>
				<misses>123500000</misses>
				<total>0</total>
				<timestamp>1388.624610</timestamp>
			</report>
			<report>
				<misses>123600000</misses>
				<total>0</total>
				<timestamp>1389.764039</timestamp>
			</report>
			<report>
				<misses>123700000</misses>
				<total>0</total>
				<timestamp>1390.893152</timestamp>
			</report>
			<report>
				<misses>123800000</misses>
				<total>0</total>
				<timestamp>1392.027765</timestamp>
			</report>
			<report>
				<misses>123900000</misses>
				<total>0</total>
				<timestamp>1393.085193</timestamp>
			</report>
			<report>
				<misses>124000000</misses>
				<total>0</total>
				<timestamp>1394.153254</timestamp>
			</report>
			<report>
				<misses>124100000</misses>
				<total>0</total>
				<timestamp>1395.219768</timestamp>
			</report>
			<report>
				<misses>124200000</misses>
				<total>0</total>
				<timestamp>1396.295959</timestamp>
			</report>
			<report>
				<misses>124300000</misses>
				<total>0</total>
				<timestamp>1397.422757</timestamp>
			</report>
			<report>
				<misses>124400000</misses>
				<total>0</total>
				<timestamp>1398.483686</timestamp>
			</report>
			<report>
				<misses>124500000</misses>
				<total>0</total>
				<timestamp>1399.546576</timestamp>
			</report>
			<report>
				<misses>124600000</misses>
				<total>0</total>
				<timestamp>1400.706626</timestamp>
			</report>
			<report>
				<misses>124700000</misses>
				<total>0</total>
				<timestamp>1401.826773</timestamp>
			</report>
			<report>
				<misses>124800000</misses>
				<total>0</total>
				<timestamp>1402.930315</timestamp>
			</report>
			<report>
				<misses>124900000</misses>
				<total>0</total>
				<timestamp>1404.097842</timestamp>
			</report>
			<report>
				<misses>125000000</misses>
				<total>0</total>
				<timestamp>1405.268483</timestamp>
			</report>
			<report>
				<misses>125100000</misses>
				<total>0</total>
				<timestamp>1406.419089</timestamp>
			</report>
			<report>
				<misses>125200000</misses>
				<total>0</total>
				<timestamp>1407.545672</timestamp>
			</report>
			<report>
				<misses>125300000</misses>
				<total>0</total>
				<timestamp>1408.706810</timestamp>
			</report>
			<report>
				<misses>125400000</misses>
				<total>0</total>
				<timestamp>1409.827343</timestamp>
			</report>
			<report>
				<misses>125500000</misses>
				<total>0</total>
				<timestamp>1410.906309</timestamp>
			</report>
			<report>
				<misses>125600000</misses>
				<total>0</total>
				<timestamp>1411.994793</timestamp>
			</report>
			<report>
				<misses>125700000</misses>
				<total>0</total>
				<timestamp>1413.051960</timestamp>
			</report>
			<report>
				<misses>125800000</misses>
				<total>0</total>
				<timestamp>1414.108024</timestamp>
			</report>
			<report>
				<misses>125900000</misses>
				<total>0</total>
				<timestamp>1415.184574</timestamp>
			</report>
			<report>
				<misses>126000000</misses>
				<total>0</total>
				<timestamp>1416.244864</timestamp>
			</report>
			<report>
				<misses>126100000</misses>
				<total>0</total>
				<timestamp>1417.321986</timestamp>
			</report>
			<report>
				<misses>126200000</misses>
				<total>0</total>
				<timestamp>1418.444986</timestamp>
			</report>
			<report>
				<misses>126300000</misses>
				<total>0</total>
				<timestamp>1419.605073</timestamp>
			</report>
			<report>
				<misses>126400000</misses>
				<total>0</total>
				<timestamp>1420.736630</timestamp>
			</report>
			<report>
				<misses>126500000</misses>
				<total>0</total>
				<timestamp>1421.874783</timestamp>
			</report>
			<report>
				<misses>126600000</misses>
				<total>0</total>
				<timestamp>1422.973761</timestamp>
			</report>
			<report>
				<misses>126700000</misses>
				<total>0</total>
				<timestamp>1424.087659</timestamp>
			</report>
			<report>
				<misses>126800000</misses>
				<total>0</total>
				<timestamp>1425.258500</timestamp>
			</report>
			<report>
				<misses>126900000</misses>
				<total>0</total>
				<timestamp>1426.397033</timestamp>
			</report>
			<report>
				<misses>127000000</misses>
				<total>0</total>
				<timestamp>1427.516306</timestamp>
			</report>
			<report>
				<misses>127100000</misses>
				<total>0</total>
				<timestamp>1428.639323</timestamp>
			</report>
			<report>
				<misses>127200000</misses>
				<total>0</total>
				<timestamp>1429.726003</timestamp>
			</report>
			<report>
				<misses>127300000</misses>
				<total>0</total>
				<timestamp>1430.871580</timestamp>
			</report>
			<report>
				<misses>127400000</misses>
				<total>0</total>
				<timestamp>1431.971874</timestamp>
			</report>
			<report>
				<misses>127500000</misses>
				<total>0</total>
				<timestamp>1433.042479</timestamp>
			</report>
			<report>
				<misses>127600000</misses>
				<total>0</total>
				<timestamp>1434.108879</timestamp>
			</report>
			<report>
				<misses>127700000</misses>
				<total>0</total>
				<timestamp>1435.202355</timestamp>
			</report>
			<report>
				<misses>127800000</misses>
				<total>0</total>
				<timestamp>1436.262623</timestamp>
			</report>
			<report>
				<misses>127900000</misses>
				<total>0</total>
				<timestamp>1437.335034</timestamp>
			</report>
			<report>
				<misses>128000000</misses>
				<total>0</total>
				<timestamp>1438.412359</timestamp>
			</report>
			<report>
				<misses>128100000</misses>
				<total>0</total>
				<timestamp>1439.539279</timestamp>
			</report>
			<report>
				<misses>128200000</misses>
				<total>0</total>
				<timestamp>1440.671981</timestamp>
			</report>
			<report>
				<misses>128300000</misses>
				<total>0</total>
				<timestamp>1441.852248</timestamp>
			</report>
			<report>
				<misses>128400000</misses>
				<total>0</total>
				<timestamp>1442.950720</timestamp>
			</report>
			<report>
				<misses>128500000</misses>
				<total>0</total>
				<timestamp>1444.063569</timestamp>
			</report>
			<report>
				<misses>128600000</misses>
				<total>0</total>
				<timestamp>1445.143946</timestamp>
			</report>
			<report>
				<misses>128700000</misses>
				<total>0</total>
				<timestamp>1446.224290</timestamp>
			</report>
			<report>
				<misses>128800000</misses>
				<total>0</total>
				<timestamp>1447.357465</timestamp>
			</report>
			<report>
				<misses>128900000</misses>
				<total>0</total>
				<timestamp>1448.475878</timestamp>
			</report>
			<report>
				<misses>129000000</misses>
				<total>0</total>
				<timestamp>1449.585378</timestamp>
			</report>
			<report>
				<misses>129100000</misses>
				<total>0</total>
				<timestamp>1450.730477</timestamp>
			</report>
			<report>
				<misses>129200000</misses>
				<total>0</total>
				<timestamp>1451.852466</timestamp>
			</report>
			<report>
				<misses>129300000</misses>
				<total>0</total>
				<timestamp>1452.950760</timestamp>
			</report>
			<report>
				<misses>129400000</misses>
				<total>0</total>
				<timestamp>1454.055853</timestamp>
			</report>
			<report>
				<misses>129500000</misses>
				<total>0</total>
				<timestamp>1455.202272</timestamp>
			</report>
			<report>
				<misses>129600000</misses>
				<total>0</total>
				<timestamp>1456.388632</timestamp>
			</report>
			<report>
				<misses>129700000</misses>
				<total>0</total>
				<timestamp>1457.472702</timestamp>
			</report>
			<report>
				<misses>129800000</misses>
				<total>0</total>
				<timestamp>1458.659371</timestamp>
			</report>
			<report>
				<misses>129900000</misses>
				<total>0</total>
				<timestamp>1459.775167</timestamp>
			</report>
			<report>
				<misses>130000000</misses>
				<total>0</total>
				<timestamp>1460.875387</timestamp>
			</report>
			<report>
				<misses>130100000</misses>
				<total>0</total>
				<timestamp>1461.977767</timestamp>
			</report>
			<report>
				<misses>130200000</misses>
				<total>0</total>
				<timestamp>1463.115885</timestamp>
			</report>
			<report>
				<misses>130300000</misses>
				<total>0</total>
				<timestamp>1464.202131</timestamp>
			</report>
			<report>
				<misses>130400000</misses>
				<total>0</total>
				<timestamp>1465.370485</timestamp>
			</report>
			<report>
				<misses>130500000</misses>
				<total>0</total>
				<timestamp>1466.517348</timestamp>
			</report>
			<report>
				<misses>130600000</misses>
				<total>0</total>
				<timestamp>1467.667802</timestamp>
			</report>
			<report>
				<misses>130700000</misses>
				<total>0</total>
				<timestamp>1468.798400</timestamp>
			</report>
			<report>
				<misses>130800000</misses>
				<total>0</total>
				<timestamp>1469.899475</timestamp>
			</report>
			<report>
				<misses>130900000</misses>
				<total>0</total>
				<timestamp>1470.993723</timestamp>
			</report>
			<report>
				<misses>131000000</misses>
				<total>0</total>
				<timestamp>1472.087908</timestamp>
			</report>
			<report>
				<misses>131100000</misses>
				<total>0</total>
				<timestamp>1473.192255</timestamp>
			</report>
			<report>
				<misses>131200000</misses>
				<total>0</total>
				<timestamp>1474.277536</timestamp>
			</report>
			<report>
				<misses>131300000</misses>
				<total>0</total>
				<timestamp>1475.404849</timestamp>
			</report>
			<report>
				<misses>131400000</misses>
				<total>0</total>
				<timestamp>1476.506824</timestamp>
			</report>
			<report>
				<misses>131500000</misses>
				<total>0</total>
				<timestamp>1477.656881</timestamp>
			</report>
			<report>
				<misses>131600000</misses>
				<total>0</total>
				<timestamp>1478.790653</timestamp>
			</report>
			<report>
				<misses>131700000</misses>
				<total>0</total>
				<timestamp>1479.902088</timestamp>
			</report>
			<report>
				<misses>131800000</misses>
				<total>0</total>
				<timestamp>1481.010638</timestamp>
			</report>
			<report>
				<misses>131900000</misses>
				<total>0</total>
				<timestamp>1482.116085</timestamp>
			</report>
			<report>
				<misses>132000000</misses>
				<total>0</total>
				<timestamp>1483.238995</timestamp>
			</report>
			<report>
				<misses>132100000</misses>
				<total>0</total>
				<timestamp>1484.374001</timestamp>
			</report>
			<report>
				<misses>132200000</misses>
				<total>0</total>
				<timestamp>1485.514654</timestamp>
			</report>
			<report>
				<misses>132300000</misses>
				<total>0</total>
				<timestamp>1486.639634</timestamp>
			</report>
			<report>
				<misses>132400000</misses>
				<total>0</total>
				<timestamp>1487.805254</timestamp>
			</report>
			<report>
				<misses>132500000</misses>
				<total>0</total>
				<timestamp>1488.955892</timestamp>
			</report>
			<report>
				<misses>132600000</misses>
				<total>0</total>
				<timestamp>1490.091762</timestamp>
			</report>
			<report>
				<misses>132700000</misses>
				<total>0</total>
				<timestamp>1491.213540</timestamp>
			</report>
			<report>
				<misses>132800000</misses>
				<total>0</total>
				<timestamp>1492.334968</timestamp>
			</report>
			<report>
				<misses>132900000</misses>
				<total>0</total>
				<timestamp>1493.477897</timestamp>
			</report>
			<report>
				<misses>133000000</misses>
				<total>0</total>
				<timestamp>1494.549769</timestamp>
			</report>
			<report>
				<misses>133100000</misses>
				<total>0</total>
				<timestamp>1495.613910</timestamp>
			</report>
			<report>
				<misses>133200000</misses>
				<total>0</total>
				<timestamp>1496.689954</timestamp>
			</report>
			<report>
				<misses>133300000</misses>
				<total>0</total>
				<timestamp>1497.806711</timestamp>
			</report>
			<report>
				<misses>133400000</misses>
				<total>0</total>
				<timestamp>1498.978892</timestamp>
			</report>
			<report>
				<misses>133500000</misses>
				<total>0</total>
				<timestamp>1500.124448</timestamp>
			</report>
			<report>
				<misses>133600000</misses>
				<total>0</total>
				<timestamp>1501.285239</timestamp>
			</report>
			<report>
				<misses>133700000</misses>
				<total>0</total>
				<timestamp>1502.419939</timestamp>
			</report>
			<report>
				<misses>133800000</misses>
				<total>0</total>
				<timestamp>1503.557322</timestamp>
			</report>
			<report>
				<misses>133900000</misses>
				<total>0</total>
				<timestamp>1504.678764</timestamp>
			</report>
			<report>
				<misses>134000000</misses>
				<total>0</total>
				<timestamp>1505.808951</timestamp>
			</report>
			<report>
				<misses>134100000</misses>
				<total>0</total>
				<timestamp>1506.943051</timestamp>
			</report>
			<report>
				<misses>134200000</misses>
				<total>0</total>
				<timestamp>1508.092073</timestamp>
			</report>
			<report>
				<misses>134300000</misses>
				<total>0</total>
				<timestamp>1509.219074</timestamp>
			</report>
			<report>
				<misses>134400000</misses>
				<total>0</total>
				<timestamp>1510.314556</timestamp>
			</report>
			<report>
				<misses>134500000</misses>
				<total>0</total>
				<timestamp>1511.385825</timestamp>
			</report>
			<report>
				<misses>134600000</misses>
				<total>0</total>
				<timestamp>1512.444921</timestamp>
			</report>
			<report>
				<misses>134700000</misses>
				<total>0</total>
				<timestamp>1513.547380</timestamp>
			</report>
			<report>
				<misses>134800000</misses>
				<total>0</total>
				<timestamp>1514.612424</timestamp>
			</report>
			<report>
				<misses>134900000</misses>
				<total>0</total>
				<timestamp>1515.779823</timestamp>
			</report>
			<report>
				<misses>135000000</misses>
				<total>0</total>
				<timestamp>1516.931016</timestamp>
			</report>
			<report>
				<misses>135100000</misses>
				<total>0</total>
				<timestamp>1518.040170</timestamp>
			</report>
			<report>
				<misses>135200000</misses>
				<total>0</total>
				<timestamp>1519.218838</timestamp>
			</report>
			<report>
				<misses>135300000</misses>
				<total>0</total>
				<timestamp>1520.356751</timestamp>
			</report>
			<report>
				<misses>135400000</misses>
				<total>0</total>
				<timestamp>1521.500497</timestamp>
			</report>
			<report>
				<misses>135500000</misses>
				<total>0</total>
				<timestamp>1522.615133</timestamp>
			</report>
			<report>
				<misses>135600000</misses>
				<total>0</total>
				<timestamp>1523.801463</timestamp>
			</report>
			<report>
				<misses>135700000</misses>
				<total>0</total>
				<timestamp>1524.935227</timestamp>
			</report>
			<report>
				<misses>135800000</misses>
				<total>0</total>
				<timestamp>1526.068092</timestamp>
			</report>
			<report>
				<misses>135900000</misses>
				<total>0</total>
				<timestamp>1527.209343</timestamp>
			</report>
			<report>
				<misses>136000000</misses>
				<total>0</total>
				<timestamp>1528.342768</timestamp>
			</report>
			<report>
				<misses>136100000</misses>
				<total>0</total>
				<timestamp>1529.464751</timestamp>
			</report>
			<report>
				<misses>136200000</misses>
				<total>0</total>
				<timestamp>1530.608079</timestamp>
			</report>
			<report>
				<misses>136300000</misses>
				<total>0</total>
				<timestamp>1531.763381</timestamp>
			</report>
			<report>
				<misses>136400000</misses>
				<total>0</total>
				<timestamp>1532.866048</timestamp>
			</report>
			<report>
				<misses>136500000</misses>
				<total>0</total>
				<timestamp>1533.932561</timestamp>
			</report>
			<report>
				<misses>136600000</misses>
				<total>0</total>
				<timestamp>1535.089142</timestamp>
			</report>
			<report>
				<misses>136700000</misses>
				<total>0</total>
				<timestamp>1536.154563</timestamp>
			</report>
			<report>
				<misses>136800000</misses>
				<total>0</total>
				<timestamp>1537.229981</timestamp>
			</report>
			<report>
				<misses>136900000</misses>
				<total>0</total>
				<timestamp>1538.428043</timestamp>
			</report>
			<report>
				<misses>137000000</misses>
				<total>0</total>
				<timestamp>1539.543715</timestamp>
			</report>
			<report>
				<misses>137100000</misses>
				<total>0</total>
				<timestamp>1540.675281</timestamp>
			</report>
			<report>
				<misses>137200000</misses>
				<total>0</total>
				<timestamp>1541.807600</timestamp>
			</report>
			<report>
				<misses>137300000</misses>
				<total>0</total>
				<timestamp>1542.935820</timestamp>
			</report>
			<report>
				<misses>137400000</misses>
				<total>0</total>
				<timestamp>1544.097663</timestamp>
			</report>
			<report>
				<misses>137500000</misses>
				<total>0</total>
				<timestamp>1545.237568</timestamp>
			</report>
			<report>
				<misses>137600000</misses>
				<total>0</total>
				<timestamp>1546.404194</timestamp>
			</report>
			<report>
				<misses>137700000</misses>
				<total>0</total>
				<timestamp>1547.561772</timestamp>
			</report>
			<report>
				<misses>137800000</misses>
				<total>0</total>
				<timestamp>1548.711290</timestamp>
			</report>
			<report>
				<misses>137900000</misses>
				<total>0</total>
				<timestamp>1549.852232</timestamp>
			</report>
			<report>
				<misses>138000000</misses>
				<total>0</total>
				<timestamp>1551.004153</timestamp>
			</report>
			<report>
				<misses>138100000</misses>
				<total>0</total>
				<timestamp>1552.154242</timestamp>
			</report>
			<report>
				<misses>138200000</misses>
				<total>0</total>
				<timestamp>1553.285794</timestamp>
			</report>
			<report>
				<misses>138300000</misses>
				<total>0</total>
				<timestamp>1554.363789</timestamp>
			</report>
			<report>
				<misses>138400000</misses>
				<total>0</total>
				<timestamp>1555.441877</timestamp>
			</report>
			<report>
				<misses>138500000</misses>
				<total>0</total>
				<timestamp>1556.563210</timestamp>
			</report>
			<report>
				<misses>138600000</misses>
				<total>0</total>
				<timestamp>1557.682949</timestamp>
			</report>
			<report>
				<misses>138700000</misses>
				<total>0</total>
				<timestamp>1558.785958</timestamp>
			</report>
			<report>
				<misses>138800000</misses>
				<total>0</total>
				<timestamp>1559.897909</timestamp>
			</report>
			<report>
				<misses>138900000</misses>
				<total>0</total>
				<timestamp>1560.984439</timestamp>
			</report>
			<report>
				<misses>139000000</misses>
				<total>0</total>
				<timestamp>1562.074349</timestamp>
			</report>
			<report>
				<misses>139100000</misses>
				<total>0</total>
				<timestamp>1563.229284</timestamp>
			</report>
			<report>
				<misses>139200000</misses>
				<total>0</total>
				<timestamp>1564.375628</timestamp>
			</report>
			<report>
				<misses>139300000</misses>
				<total>0</total>
				<timestamp>1565.506061</timestamp>
			</report>
			<report>
				<misses>139400000</misses>
				<total>0</total>
				<timestamp>1566.671449</timestamp>
			</report>
			<report>
				<misses>139500000</misses>
				<total>0</total>
				<timestamp>1567.766119</timestamp>
			</report>
			<report>
				<misses>139600000</misses>
				<total>0</total>
				<timestamp>1568.869153</timestamp>
			</report>
			<report>
				<misses>139700000</misses>
				<total>0</total>
				<timestamp>1569.938504</timestamp>
			</report>
			<report>
				<misses>139800000</misses>
				<total>0</total>
				<timestamp>1571.046374</timestamp>
			</report>
			<report>
				<misses>139900000</misses>
				<total>0</total>
				<timestamp>1572.110558</timestamp>
			</report>
			<report>
				<misses>140000000</misses>
				<total>0</total>
				<timestamp>1573.227645</timestamp>
			</report>
			<report>
				<misses>140100000</misses>
				<total>0</total>
				<timestamp>1574.331687</timestamp>
			</report>
			<report>
				<misses>140200000</misses>
				<total>0</total>
				<timestamp>1575.431498</timestamp>
			</report>
			<report>
				<misses>140300000</misses>
				<total>0</total>
				<timestamp>1576.521289</timestamp>
			</report>
			<report>
				<misses>140400000</misses>
				<total>0</total>
				<timestamp>1577.720907</timestamp>
			</report>
			<report>
				<misses>140500000</misses>
				<total>0</total>
				<timestamp>1578.836279</timestamp>
			</report>
			<report>
				<misses>140600000</misses>
				<total>0</total>
				<timestamp>1580.036635</timestamp>
			</report>
			<report>
				<misses>140700000</misses>
				<total>0</total>
				<timestamp>1581.186488</timestamp>
			</report>
			<report>
				<misses>140800000</misses>
				<total>0</total>
				<timestamp>1582.344995</timestamp>
			</report>
			<report>
				<misses>140900000</misses>
				<total>0</total>
				<timestamp>1583.477497</timestamp>
			</report>
			<report>
				<misses>141000000</misses>
				<total>0</total>
				<timestamp>1584.597679</timestamp>
			</report>
			<report>
				<misses>141100000</misses>
				<total>0</total>
				<timestamp>1585.702891</timestamp>
			</report>
			<report>
				<misses>141200000</misses>
				<total>0</total>
				<timestamp>1586.825472</timestamp>
			</report>
			<report>
				<misses>141300000</misses>
				<total>0</total>
				<timestamp>1587.885806</timestamp>
			</report>
			<report>
				<misses>141400000</misses>
				<total>0</total>
				<timestamp>1588.956660</timestamp>
			</report>
			<report>
				<misses>141500000</misses>
				<total>0</total>
				<timestamp>1590.070764</timestamp>
			</report>
			<report>
				<misses>141600000</misses>
				<total>0</total>
				<timestamp>1591.151217</timestamp>
			</report>
			<report>
				<misses>141700000</misses>
				<total>0</total>
				<timestamp>1592.249294</timestamp>
			</report>
			<report>
				<misses>141800000</misses>
				<total>0</total>
				<timestamp>1593.357561</timestamp>
			</report>
			<report>
				<misses>141900000</misses>
				<total>0</total>
				<timestamp>1594.526010</timestamp>
			</report>
			<report>
				<misses>142000000</misses>
				<total>0</total>
				<timestamp>1595.669191</timestamp>
			</report>
			<report>
				<misses>142100000</misses>
				<total>0</total>
				<timestamp>1596.814416</timestamp>
			</report>
			<report>
				<misses>142200000</misses>
				<total>0</total>
				<timestamp>1597.903863</timestamp>
			</report>
			<report>
				<misses>142300000</misses>
				<total>0</total>
				<timestamp>1599.078523</timestamp>
			</report>
			<report>
				<misses>142400000</misses>
				<total>0</total>
				<timestamp>1600.178452</timestamp>
			</report>
			<report>
				<misses>142500000</misses>
				<total>0</total>
				<timestamp>1601.289949</timestamp>
			</report>
			<report>
				<misses>142600000</misses>
				<total>0</total>
				<timestamp>1602.379901</timestamp>
			</report>
			<report>
				<misses>142700000</misses>
				<total>0</total>
				<timestamp>1603.496106</timestamp>
			</report>
			<report>
				<misses>142800000</misses>
				<total>0</total>
				<timestamp>1604.584123</timestamp>
			</report>
			<report>
				<misses>142900000</misses>
				<total>0</total>
				<timestamp>1605.662060</timestamp>
			</report>
			<report>
				<misses>143000000</misses>
				<total>0</total>
				<timestamp>1606.758753</timestamp>
			</report>
			<report>
				<misses>143100000</misses>
				<total>0</total>
				<timestamp>1607.868279</timestamp>
			</report>
			<report>
				<misses>143200000</misses>
				<total>0</total>
				<timestamp>1608.964071</timestamp>
			</report>
			<report>
				<misses>143300000</misses>
				<total>0</total>
				<timestamp>1610.087545</timestamp>
			</report>
			<report>
				<misses>143400000</misses>
				<total>0</total>
				<timestamp>1611.210061</timestamp>
			</report>
			<report>
				<misses>143500000</misses>
				<total>0</total>
				<timestamp>1612.325982</timestamp>
			</report>
			<report>
				<misses>143600000</misses>
				<total>0</total>
				<timestamp>1613.449967</timestamp>
			</report>
			<report>
				<misses>143700000</misses>
				<total>0</total>
				<timestamp>1614.561469</timestamp>
			</report>
			<report>
				<misses>143800000</misses>
				<total>0</total>
				<timestamp>1615.718954</timestamp>
			</report>
			<report>
				<misses>143900000</misses>
				<total>0</total>
				<timestamp>1616.801116</timestamp>
			</report>
			<report>
				<misses>144000000</misses>
				<total>0</total>
				<timestamp>1617.931994</timestamp>
			</report>
			<report>
				<misses>144100000</misses>
				<total>0</total>
				<timestamp>1619.045925</timestamp>
			</report>
			<report>
				<misses>144200000</misses>
				<total>0</total>
				<timestamp>1620.168620</timestamp>
			</report>
			<report>
				<misses>144300000</misses>
				<total>0</total>
				<timestamp>1621.261511</timestamp>
			</report>
			<report>
				<misses>144400000</misses>
				<total>0</total>
				<timestamp>1622.356121</timestamp>
			</report>
			<report>
				<misses>144500000</misses>
				<total>0</total>
				<timestamp>1623.467954</timestamp>
			</report>
			<report>
				<misses>144600000</misses>
				<total>0</total>
				<timestamp>1624.527701</timestamp>
			</report>
			<report>
				<misses>144700000</misses>
				<total>0</total>
				<timestamp>1625.641839</timestamp>
			</report>
			<report>
				<misses>144800000</misses>
				<total>0</total>
				<timestamp>1626.752800</timestamp>
			</report>
			<report>
				<misses>144900000</misses>
				<total>0</total>
				<timestamp>1627.807388</timestamp>
			</report>
			<report>
				<misses>145000000</misses>
				<total>0</total>
				<timestamp>1628.934267</timestamp>
			</report>
			<report>
				<misses>145100000</misses>
				<total>0</total>
				<timestamp>1630.057941</timestamp>
			</report>
			<report>
				<misses>145200000</misses>
				<total>0</total>
				<timestamp>1631.151510</timestamp>
			</report>
			<report>
				<misses>145300000</misses>
				<total>0</total>
				<timestamp>1632.276590</timestamp>
			</report>
			<report>
				<misses>145400000</misses>
				<total>0</total>
				<timestamp>1633.365267</timestamp>
			</report>
			<report>
				<misses>145500000</misses>
				<total>0</total>
				<timestamp>1634.451705</timestamp>
			</report>
			<report>
				<misses>145600000</misses>
				<total>0</total>
				<timestamp>1635.533673</timestamp>
			</report>
			<report>
				<misses>145700000</misses>
				<total>0</total>
				<timestamp>1636.672173</timestamp>
			</report>
			<report>
				<misses>145800000</misses>
				<total>0</total>
				<timestamp>1637.821319</timestamp>
			</report>
			<report>
				<misses>145900000</misses>
				<total>0</total>
				<timestamp>1638.963486</timestamp>
			</report>
			<report>
				<misses>146000000</misses>
				<total>0</total>
				<timestamp>1640.110957</timestamp>
			</report>
			<report>
				<misses>146100000</misses>
				<total>0</total>
				<timestamp>1641.209290</timestamp>
			</report>
			<report>
				<misses>146200000</misses>
				<total>0</total>
				<timestamp>1642.348217</timestamp>
			</report>
			<report>
				<misses>146300000</misses>
				<total>0</total>
				<timestamp>1643.468062</timestamp>
			</report>
			<report>
				<misses>146400000</misses>
				<total>0</total>
				<timestamp>1644.588466</timestamp>
			</report>
			<report>
				<misses>146500000</misses>
				<total>0</total>
				<timestamp>1645.700735</timestamp>
			</report>
			<report>
				<misses>146600000</misses>
				<total>0</total>
				<timestamp>1646.819793</timestamp>
			</report>
			<report>
				<misses>146700000</misses>
				<total>0</total>
				<timestamp>1647.918801</timestamp>
			</report>
			<report>
				<misses>146800000</misses>
				<total>0</total>
				<timestamp>1649.020054</timestamp>
			</report>
			<report>
				<misses>146900000</misses>
				<total>0</total>
				<timestamp>1650.086028</timestamp>
			</report>
			<report>
				<misses>147000000</misses>
				<total>0</total>
				<timestamp>1651.147989</timestamp>
			</report>
			<report>
				<misses>147100000</misses>
				<total>0</total>
				<timestamp>1652.212078</timestamp>
			</report>
			<report>
				<misses>147200000</misses>
				<total>0</total>
				<timestamp>1653.332247</timestamp>
			</report>
			<report>
				<misses>147300000</misses>
				<total>0</total>
				<timestamp>1654.410935</timestamp>
			</report>
			<report>
				<misses>147400000</misses>
				<total>0</total>
				<timestamp>1655.542220</timestamp>
			</report>
			<report>
				<misses>147500000</misses>
				<total>0</total>
				<timestamp>1656.664929</timestamp>
			</report>
			<report>
				<misses>147600000</misses>
				<total>0</total>
				<timestamp>1657.820278</timestamp>
			</report>
			<report>
				<misses>147700000</misses>
				<total>0</total>
				<timestamp>1658.923379</timestamp>
			</report>
			<report>
				<misses>147800000</misses>
				<total>0</total>
				<timestamp>1660.053933</timestamp>
			</report>
			<report>
				<misses>147900000</misses>
				<total>0</total>
				<timestamp>1661.173421</timestamp>
			</report>
			<report>
				<misses>148000000</misses>
				<total>0</total>
				<timestamp>1662.306199</timestamp>
			</report>
			<report>
				<misses>148100000</misses>
				<total>0</total>
				<timestamp>1663.417422</timestamp>
			</report>
			<report>
				<misses>148200000</misses>
				<total>0</total>
				<timestamp>1664.540872</timestamp>
			</report>
			<report>
				<misses>148300000</misses>
				<total>0</total>
				<timestamp>1665.668886</timestamp>
			</report>
			<report>
				<misses>148400000</misses>
				<total>0</total>
				<timestamp>1666.827434</timestamp>
			</report>
			<report>
				<misses>148500000</misses>
				<total>0</total>
				<timestamp>1667.881920</timestamp>
			</report>
			<report>
				<misses>148600000</misses>
				<total>0</total>
				<timestamp>1668.952257</timestamp>
			</report>
			<report>
				<misses>148700000</misses>
				<total>0</total>
				<timestamp>1670.087854</timestamp>
			</report>
			<report>
				<misses>148800000</misses>
				<total>0</total>
				<timestamp>1671.184108</timestamp>
			</report>
			<report>
				<misses>148900000</misses>
				<total>0</total>
				<timestamp>1672.333261</timestamp>
			</report>
			<report>
				<misses>149000000</misses>
				<total>0</total>
				<timestamp>1673.442088</timestamp>
			</report>
			<report>
				<misses>149100000</misses>
				<total>0</total>
				<timestamp>1674.572830</timestamp>
			</report>
			<report>
				<misses>149200000</misses>
				<total>0</total>
				<timestamp>1675.726637</timestamp>
			</report>
			<report>
				<misses>149300000</misses>
				<total>0</total>
				<timestamp>1676.867285</timestamp>
			</report>
			<report>
				<misses>149400000</misses>
				<total>0</total>
				<timestamp>1678.042336</timestamp>
			</report>
			<report>
				<misses>149500000</misses>
				<total>0</total>
				<timestamp>1679.171726</timestamp>
			</report>
			<report>
				<misses>149600000</misses>
				<total>0</total>
				<timestamp>1680.322499</timestamp>
			</report>
			<report>
				<misses>149700000</misses>
				<total>0</total>
				<timestamp>1681.440684</timestamp>
			</report>
			<report>
				<misses>149800000</misses>
				<total>0</total>
				<timestamp>1682.612316</timestamp>
			</report>
			<report>
				<misses>149900000</misses>
				<total>0</total>
				<timestamp>1683.731337</timestamp>
			</report>
			<report>
				<misses>150000000</misses>
				<total>0</total>
				<timestamp>1684.847589</timestamp>
			</report>
			<report>
				<misses>150100000</misses>
				<total>0</total>
				<timestamp>1685.971505</timestamp>
			</report>
			<report>
				<misses>150200000</misses>
				<total>0</total>
				<timestamp>1687.098705</timestamp>
			</report>
			<report>
				<misses>150300000</misses>
				<total>0</total>
				<timestamp>1688.277107</timestamp>
			</report>
			<report>
				<misses>150400000</misses>
				<total>0</total>
				<timestamp>1689.404680</timestamp>
			</report>
			<report>
				<misses>150500000</misses>
				<total>0</total>
				<timestamp>1690.499182</timestamp>
			</report>
			<report>
				<misses>150600000</misses>
				<total>0</total>
				<timestamp>1691.563297</timestamp>
			</report>
			<report>
				<misses>150700000</misses>
				<total>0</total>
				<timestamp>1692.769050</timestamp>
			</report>
			<report>
				<misses>150800000</misses>
				<total>0</total>
				<timestamp>1693.915769</timestamp>
			</report>
			<report>
				<misses>150900000</misses>
				<total>0</total>
				<timestamp>1695.059731</timestamp>
			</report>
			<report>
				<misses>151000000</misses>
				<total>0</total>
				<timestamp>1696.198253</timestamp>
			</report>
			<report>
				<misses>151100000</misses>
				<total>0</total>
				<timestamp>1697.390182</timestamp>
			</report>
			<report>
				<misses>151200000</misses>
				<total>0</total>
				<timestamp>1698.537549</timestamp>
			</report>
			<report>
				<misses>151300000</misses>
				<total>0</total>
				<timestamp>1699.708098</timestamp>
			</report>
			<report>
				<misses>151400000</misses>
				<total>0</total>
				<timestamp>1700.856586</timestamp>
			</report>
			<report>
				<misses>151500000</misses>
				<total>0</total>
				<timestamp>1702.037454</timestamp>
			</report>
			<report>
				<misses>151600000</misses>
				<total>0</total>
				<timestamp>1703.177160</timestamp>
			</report>
			<report>
				<misses>151700000</misses>
				<total>0</total>
				<timestamp>1704.347184</timestamp>
			</report>
			<report>
				<misses>151800000</misses>
				<total>0</total>
				<timestamp>1705.497164</timestamp>
			</report>
			<report>
				<misses>151900000</misses>
				<total>0</total>
				<timestamp>1706.621007</timestamp>
			</report>
			<report>
				<misses>152000000</misses>
				<total>0</total>
				<timestamp>1707.792952</timestamp>
			</report>
			<report>
				<misses>152100000</misses>
				<total>0</total>
				<timestamp>1708.924865</timestamp>
			</report>
			<report>
				<misses>152200000</misses>
				<total>0</total>
				<timestamp>1710.006716</timestamp>
			</report>
			<report>
				<misses>152300000</misses>
				<total>0</total>
				<timestamp>1711.182775</timestamp>
			</report>
			<report>
				<misses>152400000</misses>
				<total>0</total>
				<timestamp>1712.310517</timestamp>
			</report>
			<report>
				<misses>152500000</misses>
				<total>0</total>
				<timestamp>1713.478606</timestamp>
			</report>
			<report>
				<misses>152600000</misses>
				<total>0</total>
				<timestamp>1714.655262</timestamp>
			</report>
			<report>
				<misses>152700000</misses>
				<total>0</total>
				<timestamp>1715.785848</timestamp>
			</report>
			<report>
				<misses>152800000</misses>
				<total>0</total>
				<timestamp>1716.990404</timestamp>
			</report>
			<report>
				<misses>152900000</misses>
				<total>0</total>
				<timestamp>1718.139651</timestamp>
			</report>
			<report>
				<misses>153000000</misses>
				<total>0</total>
				<timestamp>1719.278159</timestamp>
			</report>
			<report>
				<misses>153100000</misses>
				<total>0</total>
				<timestamp>1720.434858</timestamp>
			</report>
			<report>
				<misses>153200000</misses>
				<total>0</total>
				<timestamp>1721.613200</timestamp>
			</report>
			<report>
				<misses>153300000</misses>
				<total>0</total>
				<timestamp>1722.773910</timestamp>
			</report>
			<report>
				<misses>153400000</misses>
				<total>0</total>
				<timestamp>1723.898515</timestamp>
			</report>
			<report>
				<misses>153500000</misses>
				<total>0</total>
				<timestamp>1725.032131</timestamp>
			</report>
			<report>
				<misses>153600000</misses>
				<total>0</total>
				<timestamp>1726.242465</timestamp>
			</report>
			<report>
				<misses>153700000</misses>
				<total>0</total>
				<timestamp>1727.306273</timestamp>
			</report>
			<report>
				<misses>153800000</misses>
				<total>0</total>
				<timestamp>1728.367534</timestamp>
			</report>
			<report>
				<misses>153900000</misses>
				<total>0</total>
				<timestamp>1729.432831</timestamp>
			</report>
			<report>
				<misses>154000000</misses>
				<total>0</total>
				<timestamp>1730.511250</timestamp>
			</report>
			<report>
				<misses>154100000</misses>
				<total>0</total>
				<timestamp>1731.624001</timestamp>
			</report>
			<report>
				<misses>154200000</misses>
				<total>0</total>
				<timestamp>1732.711257</timestamp>
			</report>
			<report>
				<misses>154300000</misses>
				<total>0</total>
				<timestamp>1733.877199</timestamp>
			</report>
			<report>
				<misses>154400000</misses>
				<total>0</total>
				<timestamp>1735.016823</timestamp>
			</report>
			<report>
				<misses>154500000</misses>
				<total>0</total>
				<timestamp>1736.135248</timestamp>
			</report>
			<report>
				<misses>154600000</misses>
				<total>0</total>
				<timestamp>1737.259847</timestamp>
			</report>
			<report>
				<misses>154700000</misses>
				<total>0</total>
				<timestamp>1738.368441</timestamp>
			</report>
			<report>
				<misses>154800000</misses>
				<total>0</total>
				<timestamp>1739.458494</timestamp>
			</report>
			<report>
				<misses>154900000</misses>
				<total>0</total>
				<timestamp>1740.621165</timestamp>
			</report>
			<report>
				<misses>155000000</misses>
				<total>0</total>
				<timestamp>1741.744429</timestamp>
			</report>
			<report>
				<misses>155100000</misses>
				<total>0</total>
				<timestamp>1742.898262</timestamp>
			</report>
			<report>
				<misses>155200000</misses>
				<total>0</total>
				<timestamp>1744.048613</timestamp>
			</report>
			<report>
				<misses>155300000</misses>
				<total>0</total>
				<timestamp>1745.175495</timestamp>
			</report>
			<report>
				<misses>155400000</misses>
				<total>0</total>
				<timestamp>1746.295048</timestamp>
			</report>
			<report>
				<misses>155500000</misses>
				<total>0</total>
				<timestamp>1747.413857</timestamp>
			</report>
			<report>
				<misses>155600000</misses>
				<total>0</total>
				<timestamp>1748.521077</timestamp>
			</report>
			<report>
				<misses>155700000</misses>
				<total>0</total>
				<timestamp>1749.613368</timestamp>
			</report>
			<report>
				<misses>155800000</misses>
				<total>0</total>
				<timestamp>1750.745430</timestamp>
			</report>
			<report>
				<misses>155900000</misses>
				<total>0</total>
				<timestamp>1751.904165</timestamp>
			</report>
			<report>
				<misses>156000000</misses>
				<total>0</total>
				<timestamp>1752.980444</timestamp>
			</report>
			<report>
				<misses>156100000</misses>
				<total>0</total>
				<timestamp>1754.089225</timestamp>
			</report>
			<report>
				<misses>156200000</misses>
				<total>0</total>
				<timestamp>1755.217668</timestamp>
			</report>
			<report>
				<misses>156300000</misses>
				<total>0</total>
				<timestamp>1756.325320</timestamp>
			</report>
			<report>
				<misses>156400000</misses>
				<total>0</total>
				<timestamp>1757.498175</timestamp>
			</report>
			<report>
				<misses>156500000</misses>
				<total>0</total>
				<timestamp>1758.636749</timestamp>
			</report>
			<report>
				<misses>156600000</misses>
				<total>0</total>
				<timestamp>1759.796367</timestamp>
			</report>
			<report>
				<misses>156700000</misses>
				<total>0</total>
				<timestamp>1760.961390</timestamp>
			</report>
			<report>
				<misses>156800000</misses>
				<total>0</total>
				<timestamp>1762.153730</timestamp>
			</report>
			<report>
				<misses>156900000</misses>
				<total>0</total>
				<timestamp>1763.244655</timestamp>
			</report>
			<report>
				<misses>157000000</misses>
				<total>0</total>
				<timestamp>1764.373696</timestamp>
			</report>
			<report>
				<misses>157100000</misses>
				<total>0</total>
				<timestamp>1765.516235</timestamp>
			</report>
			<report>
				<misses>157200000</misses>
				<total>0</total>
				<timestamp>1766.667464</timestamp>
			</report>
			<report>
				<misses>157300000</misses>
				<total>0</total>
				<timestamp>1767.790490</timestamp>
			</report>
			<report>
				<misses>157400000</misses>
				<total>0</total>
				<timestamp>1768.921929</timestamp>
			</report>
			<report>
				<misses>157500000</misses>
				<total>0</total>
				<timestamp>1770.016091</timestamp>
			</report>
			<report>
				<misses>157600000</misses>
				<total>0</total>
				<timestamp>1771.137555</timestamp>
			</report>
			<report>
				<misses>157700000</misses>
				<total>0</total>
				<timestamp>1772.274453</timestamp>
			</report>
			<report>
				<misses>157800000</misses>
				<total>0</total>
				<timestamp>1773.392079</timestamp>
			</report>
			<report>
				<misses>157900000</misses>
				<total>0</total>
				<timestamp>1774.474693</timestamp>
			</report>
			<report>
				<misses>158000000</misses>
				<total>0</total>
				<timestamp>1775.544901</timestamp>
			</report>
			<report>
				<misses>158100000</misses>
				<total>0</total>
				<timestamp>1776.602604</timestamp>
			</report>
			<report>
				<misses>158200000</misses>
				<total>0</total>
				<timestamp>1777.686888</timestamp>
			</report>
			<report>
				<misses>158300000</misses>
				<total>0</total>
				<timestamp>1778.805027</timestamp>
			</report>
			<report>
				<misses>158400000</misses>
				<total>0</total>
				<timestamp>1779.906234</timestamp>
			</report>
			<report>
				<misses>158500000</misses>
				<total>0</total>
				<timestamp>1781.033771</timestamp>
			</report>
			<report>
				<misses>158600000</misses>
				<total>0</total>
				<timestamp>1782.169628</timestamp>
			</report>
			<report>
				<misses>158700000</misses>
				<total>0</total>
				<timestamp>1783.286497</timestamp>
			</report>
			<report>
				<misses>158800000</misses>
				<total>0</total>
				<timestamp>1784.405389</timestamp>
			</report>
			<report>
				<misses>158900000</misses>
				<total>0</total>
				<timestamp>1785.528859</timestamp>
			</report>
			<report>
				<misses>159000000</misses>
				<total>0</total>
				<timestamp>1786.652615</timestamp>
			</report>
			<report>
				<misses>159100000</misses>
				<total>0</total>
				<timestamp>1787.752952</timestamp>
			</report>
			<report>
				<misses>159200000</misses>
				<total>0</total>
				<timestamp>1788.871666</timestamp>
			</report>
			<report>
				<misses>159300000</misses>
				<total>0</total>
				<timestamp>1790.011189</timestamp>
			</report>
			<report>
				<misses>159400000</misses>
				<total>0</total>
				<timestamp>1791.190426</timestamp>
			</report>
			<report>
				<misses>159500000</misses>
				<total>0</total>
				<timestamp>1792.276360</timestamp>
			</report>
			<report>
				<misses>159600000</misses>
				<total>0</total>
				<timestamp>1793.391483</timestamp>
			</report>
			<report>
				<misses>159700000</misses>
				<total>0</total>
				<timestamp>1794.497360</timestamp>
			</report>
			<report>
				<misses>159800000</misses>
				<total>0</total>
				<timestamp>1795.627964</timestamp>
			</report>
			<report>
				<misses>159900000</misses>
				<total>0</total>
				<timestamp>1796.760735</timestamp>
			</report>
			<report>
				<misses>160000000</misses>
				<total>0</total>
				<timestamp>1797.902799</timestamp>
			</report>
			<report>
				<misses>160100000</misses>
				<total>0</total>
				<timestamp>1798.994537</timestamp>
			</report>
			<report>
				<misses>160200000</misses>
				<total>0</total>
				<timestamp>1800.080565</timestamp>
			</report>
			<report>
				<misses>160300000</misses>
				<total>0</total>
				<timestamp>1801.195848</timestamp>
			</report>
			<report>
				<misses>160400000</misses>
				<total>0</total>
				<timestamp>1802.256486</timestamp>
			</report>
			<report>
				<misses>160500000</misses>
				<total>0</total>
				<timestamp>1803.366687</timestamp>
			</report>
			<report>
				<misses>160600000</misses>
				<total>0</total>
				<timestamp>1804.466902</timestamp>
			</report>
			<report>
				<misses>160700000</misses>
				<total>0</total>
				<timestamp>1805.625444</timestamp>
			</report>
			<report>
				<misses>160800000</misses>
				<total>0</total>
				<timestamp>1806.760626</timestamp>
			</report>
			<report>
				<misses>160900000</misses>
				<total>0</total>
				<timestamp>1807.894952</timestamp>
			</report>
			<report>
				<misses>161000000</misses>
				<total>0</total>
				<timestamp>1809.006547</timestamp>
			</report>
			<report>
				<misses>161100000</misses>
				<total>0</total>
				<timestamp>1810.136931</timestamp>
			</report>
			<report>
				<misses>161200000</misses>
				<total>0</total>
				<timestamp>1811.221513</timestamp>
			</report>
			<report>
				<misses>161300000</misses>
				<total>0</total>
				<timestamp>1812.366766</timestamp>
			</report>
			<report>
				<misses>161400000</misses>
				<total>0</total>
				<timestamp>1813.462806</timestamp>
			</report>
			<report>
				<misses>161500000</misses>
				<total>0</total>
				<timestamp>1814.608912</timestamp>
			</report>
			<report>
				<misses>161600000</misses>
				<total>0</total>
				<timestamp>1815.711617</timestamp>
			</report>
			<report>
				<misses>161700000</misses>
				<total>0</total>
				<timestamp>1816.766031</timestamp>
			</report>
			<report>
				<misses>161800000</misses>
				<total>0</total>
				<timestamp>1817.830156</timestamp>
			</report>
			<report>
				<misses>161900000</misses>
				<total>0</total>
				<timestamp>1818.889656</timestamp>
			</report>
			<report>
				<misses>162000000</misses>
				<total>0</total>
				<timestamp>1820.029377</timestamp>
			</report>
			<report>
				<misses>162100000</misses>
				<total>0</total>
				<timestamp>1821.106562</timestamp>
			</report>
			<report>
				<misses>162200000</misses>
				<total>0</total>
				<timestamp>1822.196894</timestamp>
			</report>
			<report>
				<misses>162300000</misses>
				<total>0</total>
				<timestamp>1823.270202</timestamp>
			</report>
			<report>
				<misses>162400000</misses>
				<total>0</total>
				<timestamp>1824.354047</timestamp>
			</report>
			<report>
				<misses>162500000</misses>
				<total>0</total>
				<timestamp>1825.462482</timestamp>
			</report>
			<report>
				<misses>162600000</misses>
				<total>0</total>
				<timestamp>1826.602912</timestamp>
			</report>
			<report>
				<misses>162700000</misses>
				<total>0</total>
				<timestamp>1827.706066</timestamp>
			</report>
			<report>
				<misses>162800000</misses>
				<total>0</total>
				<timestamp>1828.862388</timestamp>
			</report>
			<report>
				<misses>162900000</misses>
				<total>0</total>
				<timestamp>1829.959575</timestamp>
			</report>
			<report>
				<misses>163000000</misses>
				<total>0</total>
				<timestamp>1831.093039</timestamp>
			</report>
			<report>
				<misses>163100000</misses>
				<total>0</total>
				<timestamp>1832.196459</timestamp>
			</report>
			<report>
				<misses>163200000</misses>
				<total>0</total>
				<timestamp>1833.331537</timestamp>
			</report>
			<report>
				<misses>163300000</misses>
				<total>0</total>
				<timestamp>1834.485159</timestamp>
			</report>
			<report>
				<misses>163400000</misses>
				<total>0</total>
				<timestamp>1835.611780</timestamp>
			</report>
			<report>
				<misses>163500000</misses>
				<total>0</total>
				<timestamp>1836.765583</timestamp>
			</report>
			<report>
				<misses>163600000</misses>
				<total>0</total>
				<timestamp>1837.910509</timestamp>
			</report>
			<report>
				<misses>163700000</misses>
				<total>0</total>
				<timestamp>1839.029983</timestamp>
			</report>
			<report>
				<misses>163800000</misses>
				<total>0</total>
				<timestamp>1840.188343</timestamp>
			</report>
			<report>
				<misses>163900000</misses>
				<total>0</total>
				<timestamp>1841.317160</timestamp>
			</report>
			<report>
				<misses>164000000</misses>
				<total>0</total>
				<timestamp>1842.449728</timestamp>
			</report>
			<report>
				<misses>164100000</misses>
				<total>0</total>
				<timestamp>1843.621555</timestamp>
			</report>
			<report>
				<misses>164200000</misses>
				<total>0</total>
				<timestamp>1844.749950</timestamp>
			</report>
			<report>
				<misses>164300000</misses>
				<total>0</total>
				<timestamp>1845.904274</timestamp>
			</report>
			<report>
				<misses>164400000</misses>
				<total>0</total>
				<timestamp>1847.022732</timestamp>
			</report>
			<report>
				<misses>164500000</misses>
				<total>0</total>
				<timestamp>1848.114916</timestamp>
			</report>
			<report>
				<misses>164600000</misses>
				<total>0</total>
				<timestamp>1849.232104</timestamp>
			</report>
			<report>
				<misses>164700000</misses>
				<total>0</total>
				<timestamp>1850.334569</timestamp>
			</report>
			<report>
				<misses>164800000</misses>
				<total>0</total>
				<timestamp>1851.462978</timestamp>
			</report>
			<report>
				<misses>164900000</misses>
				<total>0</total>
				<timestamp>1852.600848</timestamp>
			</report>
			<report>
				<misses>165000000</misses>
				<total>0</total>
				<timestamp>1853.730931</timestamp>
			</report>
			<report>
				<misses>165100000</misses>
				<total>0</total>
				<timestamp>1854.819210</timestamp>
			</report>
			<report>
				<misses>165200000</misses>
				<total>0</total>
				<timestamp>1855.978516</timestamp>
			</report>
			<report>
				<misses>165300000</misses>
				<total>0</total>
				<timestamp>1857.085547</timestamp>
			</report>
			<report>
				<misses>165400000</misses>
				<total>0</total>
				<timestamp>1858.160653</timestamp>
			</report>
			<report>
				<misses>165500000</misses>
				<total>0</total>
				<timestamp>1859.222771</timestamp>
			</report>
			<report>
				<misses>165600000</misses>
				<total>0</total>
				<timestamp>1860.338660</timestamp>
			</report>
			<report>
				<misses>165700000</misses>
				<total>0</total>
				<timestamp>1861.503887</timestamp>
			</report>
			<report>
				<misses>165800000</misses>
				<total>0</total>
				<timestamp>1862.648856</timestamp>
			</report>
			<report>
				<misses>165900000</misses>
				<total>0</total>
				<timestamp>1863.775102</timestamp>
			</report>
			<report>
				<misses>166000000</misses>
				<total>0</total>
				<timestamp>1864.932448</timestamp>
			</report>
			<report>
				<misses>166100000</misses>
				<total>0</total>
				<timestamp>1866.098733</timestamp>
			</report>
			<report>
				<misses>166200000</misses>
				<total>0</total>
				<timestamp>1867.242212</timestamp>
			</report>
			<report>
				<misses>166300000</misses>
				<total>0</total>
				<timestamp>1868.371463</timestamp>
			</report>
			<report>
				<misses>166400000</misses>
				<total>0</total>
				<timestamp>1869.539500</timestamp>
			</report>
			<report>
				<misses>166500000</misses>
				<total>0</total>
				<timestamp>1870.695336</timestamp>
			</report>
			<report>
				<misses>166600000</misses>
				<total>0</total>
				<timestamp>1871.797348</timestamp>
			</report>
			<report>
				<misses>166700000</misses>
				<total>0</total>
				<timestamp>1872.860574</timestamp>
			</report>
			<report>
				<misses>166800000</misses>
				<total>0</total>
				<timestamp>1873.921193</timestamp>
			</report>
			<report>
				<misses>166900000</misses>
				<total>0</total>
				<timestamp>1875.076181</timestamp>
			</report>
			<report>
				<misses>167000000</misses>
				<total>0</total>
				<timestamp>1876.222263</timestamp>
			</report>
			<report>
				<misses>167100000</misses>
				<total>0</total>
				<timestamp>1877.371241</timestamp>
			</report>
			<report>
				<misses>167200000</misses>
				<total>0</total>
				<timestamp>1878.515080</timestamp>
			</report>
			<report>
				<misses>167300000</misses>
				<total>0</total>
				<timestamp>1879.672230</timestamp>
			</report>
			<report>
				<misses>167400000</misses>
				<total>0</total>
				<timestamp>1880.815865</timestamp>
			</report>
			<report>
				<misses>167500000</misses>
				<total>0</total>
				<timestamp>1881.991803</timestamp>
			</report>
			<report>
				<misses>167600000</misses>
				<total>0</total>
				<timestamp>1883.155472</timestamp>
			</report>
			<report>
				<misses>167700000</misses>
				<total>0</total>
				<timestamp>1884.327348</timestamp>
			</report>
			<report>
				<misses>167800000</misses>
				<total>0</total>
				<timestamp>1885.437349</timestamp>
			</report>
			<report>
				<misses>167900000</misses>
				<total>0</total>
				<timestamp>1886.616535</timestamp>
			</report>
			<report>
				<misses>168000000</misses>
				<total>0</total>
				<timestamp>1887.765552</timestamp>
			</report>
			<report>
				<misses>168100000</misses>
				<total>0</total>
				<timestamp>1888.913923</timestamp>
			</report>
			<report>
				<misses>168200000</misses>
				<total>0</total>
				<timestamp>1890.098835</timestamp>
			</report>
			<report>
				<misses>168300000</misses>
				<total>0</total>
				<timestamp>1891.221233</timestamp>
			</report>
			<report>
				<misses>168400000</misses>
				<total>0</total>
				<timestamp>1892.301530</timestamp>
			</report>
			<report>
				<misses>168500000</misses>
				<total>0</total>
				<timestamp>1893.371754</timestamp>
			</report>
			<report>
				<misses>168600000</misses>
				<total>0</total>
				<timestamp>1894.447169</timestamp>
			</report>
			<report>
				<misses>168700000</misses>
				<total>0</total>
				<timestamp>1895.589812</timestamp>
			</report>
			<report>
				<misses>168800000</misses>
				<total>0</total>
				<timestamp>1896.721214</timestamp>
			</report>
			<report>
				<misses>168900000</misses>
				<total>0</total>
				<timestamp>1897.790283</timestamp>
			</report>
			<report>
				<misses>169000000</misses>
				<total>0</total>
				<timestamp>1898.974674</timestamp>
			</report>
			<report>
				<misses>169100000</misses>
				<total>0</total>
				<timestamp>1900.158759</timestamp>
			</report>
			<report>
				<misses>169200000</misses>
				<total>0</total>
				<timestamp>1901.304158</timestamp>
			</report>
			<report>
				<misses>169300000</misses>
				<total>0</total>
				<timestamp>1902.487707</timestamp>
			</report>
			<report>
				<misses>169400000</misses>
				<total>0</total>
				<timestamp>1903.652048</timestamp>
			</report>
			<report>
				<misses>169500000</misses>
				<total>0</total>
				<timestamp>1904.848691</timestamp>
			</report>
			<report>
				<misses>169600000</misses>
				<total>0</total>
				<timestamp>1906.004132</timestamp>
			</report>
			<report>
				<misses>169700000</misses>
				<total>0</total>
				<timestamp>1907.148942</timestamp>
			</report>
			<report>
				<misses>169800000</misses>
				<total>0</total>
				<timestamp>1908.351980</timestamp>
			</report>
			<report>
				<misses>169900000</misses>
				<total>0</total>
				<timestamp>1909.495876</timestamp>
			</report>
			<report>
				<misses>170000000</misses>
				<total>0</total>
				<timestamp>1910.633355</timestamp>
			</report>
			<report>
				<misses>170100000</misses>
				<total>0</total>
				<timestamp>1911.766836</timestamp>
			</report>
			<report>
				<misses>170200000</misses>
				<total>0</total>
				<timestamp>1912.951001</timestamp>
			</report>
			<report>
				<misses>170300000</misses>
				<total>0</total>
				<timestamp>1914.104261</timestamp>
			</report>
			<report>
				<misses>170400000</misses>
				<total>0</total>
				<timestamp>1915.225432</timestamp>
			</report>
			<report>
				<misses>170500000</misses>
				<total>0</total>
				<timestamp>1916.286940</timestamp>
			</report>
			<report>
				<misses>170600000</misses>
				<total>0</total>
				<timestamp>1917.393698</timestamp>
			</report>
			<report>
				<misses>170700000</misses>
				<total>0</total>
				<timestamp>1918.443037</timestamp>
			</report>
			<report>
				<misses>170800000</misses>
				<total>0</total>
				<timestamp>1919.529040</timestamp>
			</report>
			<report>
				<misses>170900000</misses>
				<total>0</total>
				<timestamp>1920.657577</timestamp>
			</report>
			<report>
				<misses>171000000</misses>
				<total>0</total>
				<timestamp>1921.727410</timestamp>
			</report>
			<report>
				<misses>171100000</misses>
				<total>0</total>
				<timestamp>1922.877854</timestamp>
			</report>
			<report>
				<misses>171200000</misses>
				<total>0</total>
				<timestamp>1924.047264</timestamp>
			</report>
			<report>
				<misses>171300000</misses>
				<total>0</total>
				<timestamp>1925.191734</timestamp>
			</report>
			<report>
				<misses>171400000</misses>
				<total>0</total>
				<timestamp>1926.301939</timestamp>
			</report>
			<report>
				<misses>171500000</misses>
				<total>0</total>
				<timestamp>1927.374519</timestamp>
			</report>
			<report>
				<misses>171600000</misses>
				<total>0</total>
				<timestamp>1928.508822</timestamp>
			</report>
			<report>
				<misses>171700000</misses>
				<total>0</total>
				<timestamp>1929.645063</timestamp>
			</report>
			<report>
				<misses>171800000</misses>
				<total>0</total>
				<timestamp>1930.739031</timestamp>
			</report>
			<report>
				<misses>171900000</misses>
				<total>0</total>
				<timestamp>1931.807754</timestamp>
			</report>
			<report>
				<misses>172000000</misses>
				<total>0</total>
				<timestamp>1932.896516</timestamp>
			</report>
			<report>
				<misses>172100000</misses>
				<total>0</total>
				<timestamp>1934.028984</timestamp>
			</report>
			<report>
				<misses>172200000</misses>
				<total>0</total>
				<timestamp>1935.102035</timestamp>
			</report>
			<report>
				<misses>172300000</misses>
				<total>0</total>
				<timestamp>1936.186990</timestamp>
			</report>
			<report>
				<misses>172400000</misses>
				<total>0</total>
				<timestamp>1937.249226</timestamp>
			</report>
			<report>
				<misses>172500000</misses>
				<total>0</total>
				<timestamp>1938.313015</timestamp>
			</report>
			<report>
				<misses>172600000</misses>
				<total>0</total>
				<timestamp>1939.508320</timestamp>
			</report>
			<report>
				<misses>172700000</misses>
				<total>0</total>
				<timestamp>1940.567280</timestamp>
			</report>
			<report>
				<misses>172800000</misses>
				<total>0</total>
				<timestamp>1941.770134</timestamp>
			</report>
			<report>
				<misses>172900000</misses>
				<total>0</total>
				<timestamp>1942.935161</timestamp>
			</report>
			<report>
				<misses>173000000</misses>
				<total>0</total>
				<timestamp>1944.064454</timestamp>
			</report>
			<report>
				<misses>173100000</misses>
				<total>0</total>
				<timestamp>1945.238909</timestamp>
			</report>
			<report>
				<misses>173200000</misses>
				<total>0</total>
				<timestamp>1946.362969</timestamp>
			</report>
			<report>
				<misses>173300000</misses>
				<total>0</total>
				<timestamp>1947.498060</timestamp>
			</report>
			<report>
				<misses>173400000</misses>
				<total>0</total>
				<timestamp>1948.666299</timestamp>
			</report>
			<report>
				<misses>173500000</misses>
				<total>0</total>
				<timestamp>1949.824364</timestamp>
			</report>
			<report>
				<misses>173600000</misses>
				<total>0</total>
				<timestamp>1950.960168</timestamp>
			</report>
			<report>
				<misses>173700000</misses>
				<total>0</total>
				<timestamp>1952.049998</timestamp>
			</report>
			<report>
				<misses>173800000</misses>
				<total>0</total>
				<timestamp>1953.188640</timestamp>
			</report>
			<report>
				<misses>173900000</misses>
				<total>0</total>
				<timestamp>1954.285231</timestamp>
			</report>
			<report>
				<misses>174000000</misses>
				<total>0</total>
				<timestamp>1955.368525</timestamp>
			</report>
			<report>
				<misses>174100000</misses>
				<total>0</total>
				<timestamp>1956.471892</timestamp>
			</report>
			<report>
				<misses>174200000</misses>
				<total>0</total>
				<timestamp>1957.570075</timestamp>
			</report>
			<report>
				<misses>174300000</misses>
				<total>0</total>
				<timestamp>1958.629780</timestamp>
			</report>
			<report>
				<misses>174400000</misses>
				<total>0</total>
				<timestamp>1959.692189</timestamp>
			</report>
			<report>
				<misses>174500000</misses>
				<total>0</total>
				<timestamp>1960.831951</timestamp>
			</report>
			<report>
				<misses>174600000</misses>
				<total>0</total>
				<timestamp>1961.955904</timestamp>
			</report>
			<report>
				<misses>174700000</misses>
				<total>0</total>
				<timestamp>1963.075684</timestamp>
			</report>
			<report>
				<misses>174800000</misses>
				<total>0</total>
				<timestamp>1964.201452</timestamp>
			</report>
			<report>
				<misses>174900000</misses>
				<total>0</total>
				<timestamp>1965.319934</timestamp>
			</report>
			<report>
				<misses>175000000</misses>
				<total>0</total>
				<timestamp>1966.416398</timestamp>
			</report>
			<report>
				<misses>175100000</misses>
				<total>0</total>
				<timestamp>1967.573983</timestamp>
			</report>
			<report>
				<misses>175200000</misses>
				<total>0</total>
				<timestamp>1968.700268</timestamp>
			</report>
			<report>
				<misses>175300000</misses>
				<total>0</total>
				<timestamp>1969.788486</timestamp>
			</report>
			<report>
				<misses>175400000</misses>
				<total>0</total>
				<timestamp>1970.901965</timestamp>
			</report>
			<report>
				<misses>175500000</misses>
				<total>0</total>
				<timestamp>1972.041635</timestamp>
			</report>
			<report>
				<misses>175600000</misses>
				<total>0</total>
				<timestamp>1973.157519</timestamp>
			</report>
			<report>
				<misses>175700000</misses>
				<total>0</total>
				<timestamp>1974.227156</timestamp>
			</report>
			<report>
				<misses>175800000</misses>
				<total>0</total>
				<timestamp>1975.327104</timestamp>
			</report>
			<report>
				<misses>175900000</misses>
				<total>0</total>
				<timestamp>1976.437476</timestamp>
			</report>
			<report>
				<misses>176000000</misses>
				<total>0</total>
				<timestamp>1977.544363</timestamp>
			</report>
			<report>
				<misses>176100000</misses>
				<total>0</total>
				<timestamp>1978.610713</timestamp>
			</report>
			<report>
				<misses>176200000</misses>
				<total>0</total>
				<timestamp>1979.718425</timestamp>
			</report>
			<report>
				<misses>176300000</misses>
				<total>0</total>
				<timestamp>1980.800128</timestamp>
			</report>
			<report>
				<misses>176400000</misses>
				<total>0</total>
				<timestamp>1981.922956</timestamp>
			</report>
			<report>
				<misses>176500000</misses>
				<total>0</total>
				<timestamp>1983.048290</timestamp>
			</report>
			<report>
				<misses>176600000</misses>
				<total>0</total>
				<timestamp>1984.173949</timestamp>
			</report>
			<report>
				<misses>176700000</misses>
				<total>0</total>
				<timestamp>1985.298505</timestamp>
			</report>
			<report>
				<misses>176800000</misses>
				<total>0</total>
				<timestamp>1986.447407</timestamp>
			</report>
			<report>
				<misses>176900000</misses>
				<total>0</total>
				<timestamp>1987.546068</timestamp>
			</report>
			<report>
				<misses>177000000</misses>
				<total>0</total>
				<timestamp>1988.621858</timestamp>
			</report>
			<report>
				<misses>177100000</misses>
				<total>0</total>
				<timestamp>1989.703347</timestamp>
			</report>
			<report>
				<misses>177200000</misses>
				<total>0</total>
				<timestamp>1990.818141</timestamp>
			</report>
			<report>
				<misses>177300000</misses>
				<total>0</total>
				<timestamp>1991.950229</timestamp>
			</report>
			<report>
				<misses>177400000</misses>
				<total>0</total>
				<timestamp>1993.034485</timestamp>
			</report>
			<report>
				<misses>177500000</misses>
				<total>0</total>
				<timestamp>1994.171218</timestamp>
			</report>
			<report>
				<misses>177600000</misses>
				<total>0</total>
				<timestamp>1995.241831</timestamp>
			</report>
			<report>
				<misses>177700000</misses>
				<total>0</total>
				<timestamp>1996.314804</timestamp>
			</report>
			<report>
				<misses>177800000</misses>
				<total>0</total>
				<timestamp>1997.391268</timestamp>
			</report>
			<report>
				<misses>177900000</misses>
				<total>0</total>
				<timestamp>1998.474770</timestamp>
			</report>
			<report>
				<misses>178000000</misses>
				<total>0</total>
				<timestamp>1999.596180</timestamp>
			</report>
			<report>
				<misses>178100000</misses>
				<total>0</total>
				<timestamp>2000.725841</timestamp>
			</report>
			<report>
				<misses>178200000</misses>
				<total>0</total>
				<timestamp>2001.844899</timestamp>
			</report>
			<report>
				<misses>178300000</misses>
				<total>0</total>
				<timestamp>2002.962564</timestamp>
			</report>
			<report>
				<misses>178400000</misses>
				<total>0</total>
				<timestamp>2004.071708</timestamp>
			</report>
			<report>
				<misses>178500000</misses>
				<total>0</total>
				<timestamp>2005.182130</timestamp>
			</report>
			<report>
				<misses>178600000</misses>
				<total>0</total>
				<timestamp>2006.315956</timestamp>
			</report>
			<report>
				<misses>178700000</misses>
				<total>0</total>
				<timestamp>2007.456045</timestamp>
			</report>
			<report>
				<misses>178800000</misses>
				<total>0</total>
				<timestamp>2008.551484</timestamp>
			</report>
			<report>
				<misses>178900000</misses>
				<total>0</total>
				<timestamp>2009.715933</timestamp>
			</report>
			<report>
				<misses>179000000</misses>
				<total>0</total>
				<timestamp>2010.795043</timestamp>
			</report>
			<report>
				<misses>179100000</misses>
				<total>0</total>
				<timestamp>2011.918011</timestamp>
			</report>
			<report>
				<misses>179200000</misses>
				<total>0</total>
				<timestamp>2012.980767</timestamp>
			</report>
			<report>
				<misses>179300000</misses>
				<total>0</total>
				<timestamp>2014.054048</timestamp>
			</report>
			<report>
				<misses>179400000</misses>
				<total>0</total>
				<timestamp>2015.128391</timestamp>
			</report>
			<report>
				<misses>179500000</misses>
				<total>0</total>
				<timestamp>2016.204333</timestamp>
			</report>
			<report>
				<misses>179600000</misses>
				<total>0</total>
				<timestamp>2017.306702</timestamp>
			</report>
			<report>
				<misses>179700000</misses>
				<total>0</total>
				<timestamp>2018.458706</timestamp>
			</report>
			<report>
				<misses>179800000</misses>
				<total>0</total>
				<timestamp>2019.618199</timestamp>
			</report>
			<report>
				<misses>179900000</misses>
				<total>0</total>
				<timestamp>2020.752016</timestamp>
			</report>
			<report>
				<misses>180000000</misses>
				<total>0</total>
				<timestamp>2021.896859</timestamp>
			</report>
			<report>
				<misses>180100000</misses>
				<total>0</total>
				<timestamp>2023.031113</timestamp>
			</report>
			<report>
				<misses>180200000</misses>
				<total>0</total>
				<timestamp>2024.190738</timestamp>
			</report>
			<report>
				<misses>180300000</misses>
				<total>0</total>
				<timestamp>2025.325381</timestamp>
			</report>
			<report>
				<misses>180400000</misses>
				<total>0</total>
				<timestamp>2026.456063</timestamp>
			</report>
			<report>
				<misses>180500000</misses>
				<total>0</total>
				<timestamp>2027.585232</timestamp>
			</report>
			<report>
				<misses>180600000</misses>
				<total>0</total>
				<timestamp>2028.757601</timestamp>
			</report>
			<report>
				<misses>180700000</misses>
				<total>0</total>
				<timestamp>2029.878758</timestamp>
			</report>
			<report>
				<misses>180800000</misses>
				<total>0</total>
				<timestamp>2031.061450</timestamp>
			</report>
			<report>
				<misses>180900000</misses>
				<total>0</total>
				<timestamp>2032.167462</timestamp>
			</report>
			<report>
				<misses>181000000</misses>
				<total>0</total>
				<timestamp>2033.234629</timestamp>
			</report>
			<report>
				<misses>181100000</misses>
				<total>0</total>
				<timestamp>2034.326996</timestamp>
			</report>
			<report>
				<misses>181200000</misses>
				<total>0</total>
				<timestamp>2035.453613</timestamp>
			</report>
			<report>
				<misses>181300000</misses>
				<total>0</total>
				<timestamp>2036.539358</timestamp>
			</report>
			<report>
				<misses>181400000</misses>
				<total>0</total>
				<timestamp>2037.612567</timestamp>
			</report>
			<report>
				<misses>181500000</misses>
				<total>0</total>
				<timestamp>2038.699644</timestamp>
			</report>
			<report>
				<misses>181600000</misses>
				<total>0</total>
				<timestamp>2039.792130</timestamp>
			</report>
			<report>
				<misses>181700000</misses>
				<total>0</total>
				<timestamp>2040.894685</timestamp>
			</report>
			<report>
				<misses>181800000</misses>
				<total>0</total>
				<timestamp>2042.039805</timestamp>
			</report>
			<report>
				<misses>181900000</misses>
				<total>0</total>
				<timestamp>2043.152918</timestamp>
			</report>
			<report>
				<misses>182000000</misses>
				<total>0</total>
				<timestamp>2044.305962</timestamp>
			</report>
			<report>
				<misses>182100000</misses>
				<total>0</total>
				<timestamp>2045.451682</timestamp>
			</report>
			<report>
				<misses>182200000</misses>
				<total>0</total>
				<timestamp>2046.578550</timestamp>
			</report>
			<report>
				<misses>182300000</misses>
				<total>0</total>
				<timestamp>2047.711970</timestamp>
			</report>
			<report>
				<misses>182400000</misses>
				<total>0</total>
				<timestamp>2048.829749</timestamp>
			</report>
			<report>
				<misses>182500000</misses>
				<total>0</total>
				<timestamp>2049.993508</timestamp>
			</report>
			<report>
				<misses>182600000</misses>
				<total>0</total>
				<timestamp>2051.109120</timestamp>
			</report>
			<report>
				<misses>182700000</misses>
				<total>0</total>
				<timestamp>2052.186287</timestamp>
			</report>
			<report>
				<misses>182800000</misses>
				<total>0</total>
				<timestamp>2053.354667</timestamp>
			</report>
			<report>
				<misses>182900000</misses>
				<total>0</total>
				<timestamp>2054.432633</timestamp>
			</report>
			<report>
				<misses>183000000</misses>
				<total>0</total>
				<timestamp>2055.512960</timestamp>
			</report>
			<report>
				<misses>183100000</misses>
				<total>0</total>
				<timestamp>2056.687906</timestamp>
			</report>
			<report>
				<misses>183200000</misses>
				<total>0</total>
				<timestamp>2057.761851</timestamp>
			</report>
			<report>
				<misses>183300000</misses>
				<total>0</total>
				<timestamp>2058.911478</timestamp>
			</report>
			<report>
				<misses>183400000</misses>
				<total>0</total>
				<timestamp>2060.025725</timestamp>
			</report>
			<report>
				<misses>183500000</misses>
				<total>0</total>
				<timestamp>2061.209482</timestamp>
			</report>
			<report>
				<misses>183600000</misses>
				<total>0</total>
				<timestamp>2062.359497</timestamp>
			</report>
			<report>
				<misses>183700000</misses>
				<total>0</total>
				<timestamp>2063.534930</timestamp>
			</report>
			<report>
				<misses>183800000</misses>
				<total>0</total>
				<timestamp>2064.652702</timestamp>
			</report>
			<report>
				<misses>183900000</misses>
				<total>0</total>
				<timestamp>2065.831788</timestamp>
			</report>
			<report>
				<misses>184000000</misses>
				<total>0</total>
				<timestamp>2066.989420</timestamp>
			</report>
			<report>
				<misses>184100000</misses>
				<total>0</total>
				<timestamp>2068.175852</timestamp>
			</report>
			<report>
				<misses>184200000</misses>
				<total>0</total>
				<timestamp>2069.356143</timestamp>
			</report>
			<report>
				<misses>184300000</misses>
				<total>0</total>
				<timestamp>2070.511633</timestamp>
			</report>
			<report>
				<misses>184400000</misses>
				<total>0</total>
				<timestamp>2071.653370</timestamp>
			</report>
			<report>
				<misses>184500000</misses>
				<total>0</total>
				<timestamp>2072.841010</timestamp>
			</report>
			<report>
				<misses>184600000</misses>
				<total>0</total>
				<timestamp>2074.013258</timestamp>
			</report>
			<report>
				<misses>184700000</misses>
				<total>0</total>
				<timestamp>2075.181536</timestamp>
			</report>
			<report>
				<misses>184800000</misses>
				<total>0</total>
				<timestamp>2076.344719</timestamp>
			</report>
			<report>
				<misses>184900000</misses>
				<total>0</total>
				<timestamp>2077.503768</timestamp>
			</report>
			<report>
				<misses>185000000</misses>
				<total>0</total>
				<timestamp>2078.619692</timestamp>
			</report>
			<report>
				<misses>185100000</misses>
				<total>0</total>
				<timestamp>2079.725344</timestamp>
			</report>
			<report>
				<misses>185200000</misses>
				<total>0</total>
				<timestamp>2080.812660</timestamp>
			</report>
			<report>
				<misses>185300000</misses>
				<total>0</total>
				<timestamp>2081.883265</timestamp>
			</report>
			<report>
				<misses>185400000</misses>
				<total>0</total>
				<timestamp>2082.967528</timestamp>
			</report>
			<report>
				<misses>185500000</misses>
				<total>0</total>
				<timestamp>2084.025117</timestamp>
			</report>
			<report>
				<misses>185600000</misses>
				<total>0</total>
				<timestamp>2085.108986</timestamp>
			</report>
			<report>
				<misses>185700000</misses>
				<total>0</total>
				<timestamp>2086.270887</timestamp>
			</report>
			<report>
				<misses>185800000</misses>
				<total>0</total>
				<timestamp>2087.500046</timestamp>
			</report>
			<report>
				<misses>185900000</misses>
				<total>0</total>
				<timestamp>2088.657611</timestamp>
			</report>
			<report>
				<misses>186000000</misses>
				<total>0</total>
				<timestamp>2089.823638</timestamp>
			</report>
			<report>
				<misses>186100000</misses>
				<total>0</total>
				<timestamp>2090.970728</timestamp>
			</report>
			<report>
				<misses>186200000</misses>
				<total>0</total>
				<timestamp>2092.118002</timestamp>
			</report>
			<report>
				<misses>186300000</misses>
				<total>0</total>
				<timestamp>2093.259443</timestamp>
			</report>
			<report>
				<misses>186400000</misses>
				<total>0</total>
				<timestamp>2094.417436</timestamp>
			</report>
			<report>
				<misses>186500000</misses>
				<total>0</total>
				<timestamp>2095.525671</timestamp>
			</report>
			<report>
				<misses>186600000</misses>
				<total>0</total>
				<timestamp>2096.713536</timestamp>
			</report>
			<report>
				<misses>186700000</misses>
				<total>0</total>
				<timestamp>2097.876452</timestamp>
			</report>
			<report>
				<misses>186800000</misses>
				<total>0</total>
				<timestamp>2099.020217</timestamp>
			</report>
			<report>
				<misses>186900000</misses>
				<total>0</total>
				<timestamp>2100.138768</timestamp>
			</report>
			<report>
				<misses>187000000</misses>
				<total>0</total>
				<timestamp>2101.204746</timestamp>
			</report>
			<report>
				<misses>187100000</misses>
				<total>0</total>
				<timestamp>2102.281280</timestamp>
			</report>
			<report>
				<misses>187200000</misses>
				<total>0</total>
				<timestamp>2103.378844</timestamp>
			</report>
			<report>
				<misses>187300000</misses>
				<total>0</total>
				<timestamp>2104.445565</timestamp>
			</report>
			<report>
				<misses>187400000</misses>
				<total>0</total>
				<timestamp>2105.521493</timestamp>
			</report>
			<report>
				<misses>187500000</misses>
				<total>0</total>
				<timestamp>2106.577676</timestamp>
			</report>
			<report>
				<misses>187600000</misses>
				<total>0</total>
				<timestamp>2107.712746</timestamp>
			</report>
			<report>
				<misses>187700000</misses>
				<total>0</total>
				<timestamp>2108.874143</timestamp>
			</report>
			<report>
				<misses>187800000</misses>
				<total>0</total>
				<timestamp>2110.005217</timestamp>
			</report>
			<report>
				<misses>187900000</misses>
				<total>0</total>
				<timestamp>2111.146277</timestamp>
			</report>
			<report>
				<misses>188000000</misses>
				<total>0</total>
				<timestamp>2112.288679</timestamp>
			</report>
			<report>
				<misses>188100000</misses>
				<total>0</total>
				<timestamp>2113.402242</timestamp>
			</report>
			<report>
				<misses>188200000</misses>
				<total>0</total>
				<timestamp>2114.507664</timestamp>
			</report>
			<report>
				<misses>188300000</misses>
				<total>0</total>
				<timestamp>2115.658658</timestamp>
			</report>
			<report>
				<misses>188400000</misses>
				<total>0</total>
				<timestamp>2116.768492</timestamp>
			</report>
			<report>
				<misses>188500000</misses>
				<total>0</total>
				<timestamp>2117.938758</timestamp>
			</report>
			<report>
				<misses>188600000</misses>
				<total>0</total>
				<timestamp>2119.078870</timestamp>
			</report>
			<report>
				<misses>188700000</misses>
				<total>0</total>
				<timestamp>2120.222111</timestamp>
			</report>
			<report>
				<misses>188800000</misses>
				<total>0</total>
				<timestamp>2121.368715</timestamp>
			</report>
			<report>
				<misses>188900000</misses>
				<total>0</total>
				<timestamp>2122.563017</timestamp>
			</report>
			<report>
				<misses>189000000</misses>
				<total>0</total>
				<timestamp>2123.682820</timestamp>
			</report>
			<report>
				<misses>189100000</misses>
				<total>0</total>
				<timestamp>2124.847263</timestamp>
			</report>
			<report>
				<misses>189200000</misses>
				<total>0</total>
				<timestamp>2125.961604</timestamp>
			</report>
			<report>
				<misses>189300000</misses>
				<total>0</total>
				<timestamp>2127.077649</timestamp>
			</report>
			<report>
				<misses>189400000</misses>
				<total>0</total>
				<timestamp>2128.197483</timestamp>
			</report>
			<report>
				<misses>189500000</misses>
				<total>0</total>
				<timestamp>2129.345090</timestamp>
			</report>
			<report>
				<misses>189600000</misses>
				<total>0</total>
				<timestamp>2130.503110</timestamp>
			</report>
			<report>
				<misses>189700000</misses>
				<total>0</total>
				<timestamp>2131.666538</timestamp>
			</report>
			<report>
				<misses>189800000</misses>
				<total>0</total>
				<timestamp>2132.794957</timestamp>
			</report>
			<report>
				<misses>189900000</misses>
				<total>0</total>
				<timestamp>2133.923099</timestamp>
			</report>
			<report>
				<misses>190000000</misses>
				<total>0</total>
				<timestamp>2135.088202</timestamp>
			</report>
			<report>
				<misses>190100000</misses>
				<total>0</total>
				<timestamp>2136.152991</timestamp>
			</report>
			<report>
				<misses>190200000</misses>
				<total>0</total>
				<timestamp>2137.212304</timestamp>
			</report>
			<report>
				<misses>190300000</misses>
				<total>0</total>
				<timestamp>2138.277465</timestamp>
			</report>
			<report>
				<misses>190400000</misses>
				<total>0</total>
				<timestamp>2139.375201</timestamp>
			</report>
			<report>
				<misses>190500000</misses>
				<total>0</total>
				<timestamp>2140.447082</timestamp>
			</report>
			<report>
				<misses>190600000</misses>
				<total>0</total>
				<timestamp>2141.529813</timestamp>
			</report>
			<report>
				<misses>190700000</misses>
				<total>0</total>
				<timestamp>2142.614937</timestamp>
			</report>
			<report>
				<misses>190800000</misses>
				<total>0</total>
				<timestamp>2143.737016</timestamp>
			</report>
			<report>
				<misses>190900000</misses>
				<total>0</total>
				<timestamp>2144.867124</timestamp>
			</report>
			<report>
				<misses>191000000</misses>
				<total>0</total>
				<timestamp>2146.026012</timestamp>
			</report>
			<report>
				<misses>191100000</misses>
				<total>0</total>
				<timestamp>2147.191255</timestamp>
			</report>
			<report>
				<misses>191200000</misses>
				<total>0</total>
				<timestamp>2148.301621</timestamp>
			</report>
			<report>
				<misses>191300000</misses>
				<total>0</total>
				<timestamp>2149.447905</timestamp>
			</report>
			<report>
				<misses>191400000</misses>
				<total>0</total>
				<timestamp>2150.526197</timestamp>
			</report>
			<report>
				<misses>191500000</misses>
				<total>0</total>
				<timestamp>2151.646137</timestamp>
			</report>
			<report>
				<misses>191600000</misses>
				<total>0</total>
				<timestamp>2152.738479</timestamp>
			</report>
			<report>
				<misses>191700000</misses>
				<total>0</total>
				<timestamp>2153.883032</timestamp>
			</report>
			<report>
				<misses>191800000</misses>
				<total>0</total>
				<timestamp>2154.981507</timestamp>
			</report>
			<report>
				<misses>191900000</misses>
				<total>0</total>
				<timestamp>2156.092605</timestamp>
			</report>
			<report>
				<misses>192000000</misses>
				<total>0</total>
				<timestamp>2157.194589</timestamp>
			</report>
			<report>
				<misses>192100000</misses>
				<total>0</total>
				<timestamp>2158.275672</timestamp>
			</report>
			<report>
				<misses>192200000</misses>
				<total>0</total>
				<timestamp>2159.364327</timestamp>
			</report>
			<report>
				<misses>192300000</misses>
				<total>0</total>
				<timestamp>2160.501316</timestamp>
			</report>
			<report>
				<misses>192400000</misses>
				<total>0</total>
				<timestamp>2161.620419</timestamp>
			</report>
			<report>
				<misses>192500000</misses>
				<total>0</total>
				<timestamp>2162.728910</timestamp>
			</report>
			<report>
				<misses>192600000</misses>
				<total>0</total>
				<timestamp>2163.837861</timestamp>
			</report>
			<report>
				<misses>192700000</misses>
				<total>0</total>
				<timestamp>2164.895049</timestamp>
			</report>
			<report>
				<misses>192800000</misses>
				<total>0</total>
				<timestamp>2165.969195</timestamp>
			</report>
			<report>
				<misses>192900000</misses>
				<total>0</total>
				<timestamp>2167.049510</timestamp>
			</report>
			<report>
				<misses>193000000</misses>
				<total>0</total>
				<timestamp>2168.117740</timestamp>
			</report>
			<report>
				<misses>193100000</misses>
				<total>0</total>
				<timestamp>2169.226434</timestamp>
			</report>
			<report>
				<misses>193200000</misses>
				<total>0</total>
				<timestamp>2170.366192</timestamp>
			</report>
			<report>
				<misses>193300000</misses>
				<total>0</total>
				<timestamp>2171.448966</timestamp>
			</report>
			<report>
				<misses>193400000</misses>
				<total>0</total>
				<timestamp>2172.568184</timestamp>
			</report>
			<report>
				<misses>193500000</misses>
				<total>0</total>
				<timestamp>2173.706355</timestamp>
			</report>
			<report>
				<misses>193600000</misses>
				<total>0</total>
				<timestamp>2174.815538</timestamp>
			</report>
			<report>
				<misses>193700000</misses>
				<total>0</total>
				<timestamp>2175.951663</timestamp>
			</report>
			<report>
				<misses>193800000</misses>
				<total>0</total>
				<timestamp>2177.030062</timestamp>
			</report>
			<report>
				<misses>193900000</misses>
				<total>0</total>
				<timestamp>2178.140633</timestamp>
			</report>
			<report>
				<misses>194000000</misses>
				<total>0</total>
				<timestamp>2179.277938</timestamp>
			</report>
			<report>
				<misses>194100000</misses>
				<total>0</total>
				<timestamp>2180.349511</timestamp>
			</report>
			<report>
				<misses>194200000</misses>
				<total>0</total>
				<timestamp>2181.425239</timestamp>
			</report>
			<report>
				<misses>194300000</misses>
				<total>0</total>
				<timestamp>2182.523667</timestamp>
			</report>
			<report>
				<misses>194400000</misses>
				<total>0</total>
				<timestamp>2183.610111</timestamp>
			</report>
			<report>
				<misses>194500000</misses>
				<total>0</total>
				<timestamp>2184.686917</timestamp>
			</report>
			<report>
				<misses>194600000</misses>
				<total>0</total>
				<timestamp>2185.757720</timestamp>
			</report>
			<report>
				<misses>194700000</misses>
				<total>0</total>
				<timestamp>2186.809365</timestamp>
			</report>
			<report>
				<misses>194800000</misses>
				<total>0</total>
				<timestamp>2187.938954</timestamp>
			</report>
			<report>
				<misses>194900000</misses>
				<total>0</total>
				<timestamp>2189.044291</timestamp>
			</report>
			<report>
				<misses>195000000</misses>
				<total>0</total>
				<timestamp>2190.175236</timestamp>
			</report>
			<report>
				<misses>195100000</misses>
				<total>0</total>
				<timestamp>2191.306277</timestamp>
			</report>
			<report>
				<misses>195200000</misses>
				<total>0</total>
				<timestamp>2192.429513</timestamp>
			</report>
			<report>
				<misses>195300000</misses>
				<total>0</total>
				<timestamp>2193.572000</timestamp>
			</report>
			<report>
				<misses>195400000</misses>
				<total>0</total>
				<timestamp>2194.692409</timestamp>
			</report>
			<report>
				<misses>195500000</misses>
				<total>0</total>
				<timestamp>2195.867346</timestamp>
			</report>
			<report>
				<misses>195600000</misses>
				<total>0</total>
				<timestamp>2197.009204</timestamp>
			</report>
			<report>
				<misses>195700000</misses>
				<total>0</total>
				<timestamp>2198.145666</timestamp>
			</report>
			<report>
				<misses>195800000</misses>
				<total>0</total>
				<timestamp>2199.239195</timestamp>
			</report>
			<report>
				<misses>195900000</misses>
				<total>0</total>
				<timestamp>2200.309816</timestamp>
			</report>
			<report>
				<misses>196000000</misses>
				<total>0</total>
				<timestamp>2201.379678</timestamp>
			</report>
			<report>
				<misses>196100000</misses>
				<total>0</total>
				<timestamp>2202.454878</timestamp>
			</report>
			<report>
				<misses>196200000</misses>
				<total>0</total>
				<timestamp>2203.545788</timestamp>
			</report>
			<report>
				<misses>196300000</misses>
				<total>0</total>
				<timestamp>2204.681768</timestamp>
			</report>
			<report>
				<misses>196400000</misses>
				<total>0</total>
				<timestamp>2205.781272</timestamp>
			</report>
			<report>
				<misses>196500000</misses>
				<total>0</total>
				<timestamp>2206.939080</timestamp>
			</report>
			<report>
				<misses>196600000</misses>
				<total>0</total>
				<timestamp>2208.093921</timestamp>
			</report>
			<report>
				<misses>196700000</misses>
				<total>0</total>
				<timestamp>2209.259390</timestamp>
			</report>
			<report>
				<misses>196800000</misses>
				<total>0</total>
				<timestamp>2210.380789</timestamp>
			</report>
			<report>
				<misses>196900000</misses>
				<total>0</total>
				<timestamp>2211.513366</timestamp>
			</report>
			<report>
				<misses>197000000</misses>
				<total>0</total>
				<timestamp>2212.619365</timestamp>
			</report>
			<report>
				<misses>197100000</misses>
				<total>0</total>
				<timestamp>2213.765480</timestamp>
			</report>
			<report>
				<misses>197200000</misses>
				<total>0</total>
				<timestamp>2214.908375</timestamp>
			</report>
			<report>
				<misses>197300000</misses>
				<total>0</total>
				<timestamp>2215.974827</timestamp>
			</report>
			<report>
				<misses>197400000</misses>
				<total>0</total>
				<timestamp>2217.106490</timestamp>
			</report>
			<report>
				<misses>197500000</misses>
				<total>0</total>
				<timestamp>2218.231370</timestamp>
			</report>
			<report>
				<misses>197600000</misses>
				<total>0</total>
				<timestamp>2219.326649</timestamp>
			</report>
			<report>
				<misses>197700000</misses>
				<total>0</total>
				<timestamp>2220.452792</timestamp>
			</report>
			<report>
				<misses>197800000</misses>
				<total>0</total>
				<timestamp>2221.542995</timestamp>
			</report>
			<report>
				<misses>197900000</misses>
				<total>0</total>
				<timestamp>2222.605298</timestamp>
			</report>
			<report>
				<misses>198000000</misses>
				<total>0</total>
				<timestamp>2223.763358</timestamp>
			</report>
			<report>
				<misses>198100000</misses>
				<total>0</total>
				<timestamp>2224.853875</timestamp>
			</report>
			<report>
				<misses>198200000</misses>
				<total>0</total>
				<timestamp>2226.014710</timestamp>
			</report>
			<report>
				<misses>198300000</misses>
				<total>0</total>
				<timestamp>2227.142894</timestamp>
			</report>
			<report>
				<misses>198400000</misses>
				<total>0</total>
				<timestamp>2228.308739</timestamp>
			</report>
			<report>
				<misses>198500000</misses>
				<total>0</total>
				<timestamp>2229.398038</timestamp>
			</report>
			<report>
				<misses>198600000</misses>
				<total>0</total>
				<timestamp>2230.525175</timestamp>
			</report>
			<report>
				<misses>198700000</misses>
				<total>0</total>
				<timestamp>2231.627514</timestamp>
			</report>
			<report>
				<misses>198800000</misses>
				<total>0</total>
				<timestamp>2232.749971</timestamp>
			</report>
			<report>
				<misses>198900000</misses>
				<total>0</total>
				<timestamp>2233.923065</timestamp>
			</report>
			<report>
				<misses>199000000</misses>
				<total>0</total>
				<timestamp>2234.992392</timestamp>
			</report>
			<report>
				<misses>199100000</misses>
				<total>0</total>
				<timestamp>2236.069709</timestamp>
			</report>
			<report>
				<misses>199200000</misses>
				<total>0</total>
				<timestamp>2237.229224</timestamp>
			</report>
			<report>
				<misses>199300000</misses>
				<total>0</total>
				<timestamp>2238.341934</timestamp>
			</report>
			<report>
				<misses>199400000</misses>
				<total>0</total>
				<timestamp>2239.472392</timestamp>
			</report>
			<report>
				<misses>199500000</misses>
				<total>0</total>
				<timestamp>2240.553601</timestamp>
			</report>
			<report>
				<misses>199600000</misses>
				<total>0</total>
				<timestamp>2241.650766</timestamp>
			</report>
			<report>
				<misses>199700000</misses>
				<total>0</total>
				<timestamp>2242.845438</timestamp>
			</report>
			<report>
				<misses>199800000</misses>
				<total>0</total>
				<timestamp>2243.988045</timestamp>
			</report>
			<report>
				<misses>199900000</misses>
				<total>0</total>
				<timestamp>2245.128525</timestamp>
			</report>
			<report>
				<misses>200000000</misses>
				<total>0</total>
				<timestamp>2246.260217</timestamp>
			</report>
			<report>
				<misses>200100000</misses>
				<total>0</total>
				<timestamp>2247.447492</timestamp>
			</report>
			<report>
				<misses>200200000</misses>
				<total>0</total>
				<timestamp>2248.603149</timestamp>
			</report>
			<report>
				<misses>200300000</misses>
				<total>0</total>
				<timestamp>2249.742447</timestamp>
			</report>
			<report>
				<misses>200400000</misses>
				<total>0</total>
				<timestamp>2250.905520</timestamp>
			</report>
			<report>
				<misses>200500000</misses>
				<total>0</total>
				<timestamp>2252.057578</timestamp>
			</report>
			<report>
				<misses>200600000</misses>
				<total>0</total>
				<timestamp>2253.238420</timestamp>
			</report>
			<report>
				<misses>200700000</misses>
				<total>0</total>
				<timestamp>2254.388456</timestamp>
			</report>
			<report>
				<misses>200800000</misses>
				<total>0</total>
				<timestamp>2255.579628</timestamp>
			</report>
			<report>
				<misses>200900000</misses>
				<total>0</total>
				<timestamp>2256.746764</timestamp>
			</report>
			<report>
				<misses>201000000</misses>
				<total>0</total>
				<timestamp>2257.907152</timestamp>
			</report>
			<report>
				<misses>201100000</misses>
				<total>0</total>
				<timestamp>2259.022088</timestamp>
			</report>
			<report>
				<misses>201200000</misses>
				<total>0</total>
				<timestamp>2260.129323</timestamp>
			</report>
			<report>
				<misses>201300000</misses>
				<total>0</total>
				<timestamp>2261.253451</timestamp>
			</report>
			<report>
				<misses>201400000</misses>
				<total>0</total>
				<timestamp>2262.395866</timestamp>
			</report>
			<report>
				<misses>201500000</misses>
				<total>0</total>
				<timestamp>2263.532284</timestamp>
			</report>
			<report>
				<misses>201600000</misses>
				<total>0</total>
				<timestamp>2264.664586</timestamp>
			</report>
			<report>
				<misses>201700000</misses>
				<total>0</total>
				<timestamp>2265.809822</timestamp>
			</report>
			<report>
				<misses>201800000</misses>
				<total>0</total>
				<timestamp>2266.891381</timestamp>
			</report>
			<report>
				<misses>201900000</misses>
				<total>0</total>
				<timestamp>2267.981376</timestamp>
			</report>
			<report>
				<misses>202000000</misses>
				<total>0</total>
				<timestamp>2269.083519</timestamp>
			</report>
			<report>
				<misses>202100000</misses>
				<total>0</total>
				<timestamp>2270.211030</timestamp>
			</report>
			<report>
				<misses>202200000</misses>
				<total>0</total>
				<timestamp>2271.334336</timestamp>
			</report>
			<report>
				<misses>202300000</misses>
				<total>0</total>
				<timestamp>2272.453511</timestamp>
			</report>
			<report>
				<misses>202400000</misses>
				<total>0</total>
				<timestamp>2273.546793</timestamp>
			</report>
			<report>
				<misses>202500000</misses>
				<total>0</total>
				<timestamp>2274.692741</timestamp>
			</report>
			<report>
				<misses>202600000</misses>
				<total>0</total>
				<timestamp>2275.831744</timestamp>
			</report>
			<report>
				<misses>202700000</misses>
				<total>0</total>
				<timestamp>2276.985557</timestamp>
			</report>
			<report>
				<misses>202800000</misses>
				<total>0</total>
				<timestamp>2278.115680</timestamp>
			</report>
			<report>
				<misses>202900000</misses>
				<total>0</total>
				<timestamp>2279.239040</timestamp>
			</report>
			<report>
				<misses>203000000</misses>
				<total>0</total>
				<timestamp>2280.386255</timestamp>
			</report>
			<report>
				<misses>203100000</misses>
				<total>0</total>
				<timestamp>2281.520486</timestamp>
			</report>
			<report>
				<misses>203200000</misses>
				<total>0</total>
				<timestamp>2282.656312</timestamp>
			</report>
			<report>
				<misses>203300000</misses>
				<total>0</total>
				<timestamp>2283.774647</timestamp>
			</report>
			<report>
				<misses>203400000</misses>
				<total>0</total>
				<timestamp>2284.858925</timestamp>
			</report>
			<report>
				<misses>203500000</misses>
				<total>0</total>
				<timestamp>2285.973174</timestamp>
			</report>
			<report>
				<misses>203600000</misses>
				<total>0</total>
				<timestamp>2287.083869</timestamp>
			</report>
			<report>
				<misses>203700000</misses>
				<total>0</total>
				<timestamp>2288.173849</timestamp>
			</report>
			<report>
				<misses>203800000</misses>
				<total>0</total>
				<timestamp>2289.293965</timestamp>
			</report>
			<report>
				<misses>203900000</misses>
				<total>0</total>
				<timestamp>2290.348863</timestamp>
			</report>
			<report>
				<misses>204000000</misses>
				<total>0</total>
				<timestamp>2291.475541</timestamp>
			</report>
			<report>
				<misses>204100000</misses>
				<total>0</total>
				<timestamp>2292.588102</timestamp>
			</report>
			<report>
				<misses>204200000</misses>
				<total>0</total>
				<timestamp>2293.751899</timestamp>
			</report>
			<report>
				<misses>204300000</misses>
				<total>0</total>
				<timestamp>2294.876046</timestamp>
			</report>
			<report>
				<misses>204400000</misses>
				<total>0</total>
				<timestamp>2296.022062</timestamp>
			</report>
			<report>
				<misses>204500000</misses>
				<total>0</total>
				<timestamp>2297.124233</timestamp>
			</report>
			<report>
				<misses>204600000</misses>
				<total>0</total>
				<timestamp>2298.261106</timestamp>
			</report>
			<report>
				<misses>204700000</misses>
				<total>0</total>
				<timestamp>2299.429348</timestamp>
			</report>
			<report>
				<misses>204800000</misses>
				<total>0</total>
				<timestamp>2300.581531</timestamp>
			</report>
			<report>
				<misses>204900000</misses>
				<total>0</total>
				<timestamp>2301.723649</timestamp>
			</report>
			<report>
				<misses>205000000</misses>
				<total>0</total>
				<timestamp>2302.832878</timestamp>
			</report>
			<report>
				<misses>205100000</misses>
				<total>0</total>
				<timestamp>2303.912879</timestamp>
			</report>
			<report>
				<misses>205200000</misses>
				<total>0</total>
				<timestamp>2305.030372</timestamp>
			</report>
			<report>
				<misses>205300000</misses>
				<total>0</total>
				<timestamp>2306.123114</timestamp>
			</report>
			<report>
				<misses>205400000</misses>
				<total>0</total>
				<timestamp>2307.201734</timestamp>
			</report>
			<report>
				<misses>205500000</misses>
				<total>0</total>
				<timestamp>2308.284981</timestamp>
			</report>
			<report>
				<misses>205600000</misses>
				<total>0</total>
				<timestamp>2309.386434</timestamp>
			</report>
			<report>
				<misses>205700000</misses>
				<total>0</total>
				<timestamp>2310.557452</timestamp>
			</report>
			<report>
				<misses>205800000</misses>
				<total>0</total>
				<timestamp>2311.681260</timestamp>
			</report>
			<report>
				<misses>205900000</misses>
				<total>0</total>
				<timestamp>2312.781687</timestamp>
			</report>
			<report>
				<misses>206000000</misses>
				<total>0</total>
				<timestamp>2313.906402</timestamp>
			</report>
			<report>
				<misses>206100000</misses>
				<total>0</total>
				<timestamp>2315.055142</timestamp>
			</report>
			<report>
				<misses>206200000</misses>
				<total>0</total>
				<timestamp>2316.175816</timestamp>
			</report>
			<report>
				<misses>206300000</misses>
				<total>0</total>
				<timestamp>2317.258919</timestamp>
			</report>
			<report>
				<misses>206400000</misses>
				<total>0</total>
				<timestamp>2318.403232</timestamp>
			</report>
			<report>
				<misses>206500000</misses>
				<total>0</total>
				<timestamp>2319.535669</timestamp>
			</report>
			<report>
				<misses>206600000</misses>
				<total>0</total>
				<timestamp>2320.662743</timestamp>
			</report>
			<report>
				<misses>206700000</misses>
				<total>0</total>
				<timestamp>2321.769062</timestamp>
			</report>
			<report>
				<misses>206800000</misses>
				<total>0</total>
				<timestamp>2322.876457</timestamp>
			</report>
			<report>
				<misses>206900000</misses>
				<total>0</total>
				<timestamp>2323.993647</timestamp>
			</report>
			<report>
				<misses>207000000</misses>
				<total>0</total>
				<timestamp>2325.081581</timestamp>
			</report>
			<report>
				<misses>207100000</misses>
				<total>0</total>
				<timestamp>2326.151925</timestamp>
			</report>
			<report>
				<misses>207200000</misses>
				<total>0</total>
				<timestamp>2327.233523</timestamp>
			</report>
			<report>
				<misses>207300000</misses>
				<total>0</total>
				<timestamp>2328.352280</timestamp>
			</report>
			<report>
				<misses>207400000</misses>
				<total>0</total>
				<timestamp>2329.410921</timestamp>
			</report>
			<report>
				<misses>207500000</misses>
				<total>0</total>
				<timestamp>2330.538194</timestamp>
			</report>
			<report>
				<misses>207600000</misses>
				<total>0</total>
				<timestamp>2331.605095</timestamp>
			</report>
			<report>
				<misses>207700000</misses>
				<total>0</total>
				<timestamp>2332.727930</timestamp>
			</report>
			<report>
				<misses>207800000</misses>
				<total>0</total>
				<timestamp>2333.862897</timestamp>
			</report>
			<report>
				<misses>207900000</misses>
				<total>0</total>
				<timestamp>2334.968020</timestamp>
			</report>
			<report>
				<misses>208000000</misses>
				<total>0</total>
				<timestamp>2336.094154</timestamp>
			</report>
			<report>
				<misses>208100000</misses>
				<total>0</total>
				<timestamp>2337.195346</timestamp>
			</report>
			<report>
				<misses>208200000</misses>
				<total>0</total>
				<timestamp>2338.310512</timestamp>
			</report>
			<report>
				<misses>208300000</misses>
				<total>0</total>
				<timestamp>2339.445481</timestamp>
			</report>
			<report>
				<misses>208400000</misses>
				<total>0</total>
				<timestamp>2340.528542</timestamp>
			</report>
			<report>
				<misses>208500000</misses>
				<total>0</total>
				<timestamp>2341.650882</timestamp>
			</report>
			<report>
				<misses>208600000</misses>
				<total>0</total>
				<timestamp>2342.741556</timestamp>
			</report>
			<report>
				<misses>208700000</misses>
				<total>0</total>
				<timestamp>2343.867216</timestamp>
			</report>
			<report>
				<misses>208800000</misses>
				<total>0</total>
				<timestamp>2345.014458</timestamp>
			</report>
			<report>
				<misses>208900000</misses>
				<total>0</total>
				<timestamp>2346.132332</timestamp>
			</report>
			<report>
				<misses>209000000</misses>
				<total>0</total>
				<timestamp>2347.266791</timestamp>
			</report>
			<report>
				<misses>209100000</misses>
				<total>0</total>
				<timestamp>2348.414166</timestamp>
			</report>
			<report>
				<misses>209200000</misses>
				<total>0</total>
				<timestamp>2349.522760</timestamp>
			</report>
			<report>
				<misses>209300000</misses>
				<total>0</total>
				<timestamp>2350.647996</timestamp>
			</report>
			<report>
				<misses>209400000</misses>
				<total>0</total>
				<timestamp>2351.751358</timestamp>
			</report>
			<report>
				<misses>209500000</misses>
				<total>0</total>
				<timestamp>2352.844462</timestamp>
			</report>
			<report>
				<misses>209600000</misses>
				<total>0</total>
				<timestamp>2353.991536</timestamp>
			</report>
			<report>
				<misses>209700000</misses>
				<total>0</total>
				<timestamp>2355.118904</timestamp>
			</report>
			<report>
				<misses>209800000</misses>
				<total>0</total>
				<timestamp>2356.273732</timestamp>
			</report>
			<report>
				<misses>209900000</misses>
				<total>0</total>
				<timestamp>2357.430024</timestamp>
			</report>
			<report>
				<misses>210000000</misses>
				<total>0</total>
				<timestamp>2358.547096</timestamp>
			</report>
			<report>
				<misses>210100000</misses>
				<total>0</total>
				<timestamp>2359.650732</timestamp>
			</report>
			<report>
				<misses>210200000</misses>
				<total>0</total>
				<timestamp>2360.769413</timestamp>
			</report>
			<report>
				<misses>210300000</misses>
				<total>0</total>
				<timestamp>2361.884401</timestamp>
			</report>
			<report>
				<misses>210400000</misses>
				<total>0</total>
				<timestamp>2362.952043</timestamp>
			</report>
			<report>
				<misses>210500000</misses>
				<total>0</total>
				<timestamp>2364.096108</timestamp>
			</report>
			<report>
				<misses>210600000</misses>
				<total>0</total>
				<timestamp>2365.159461</timestamp>
			</report>
			<report>
				<misses>210700000</misses>
				<total>0</total>
				<timestamp>2366.258203</timestamp>
			</report>
			<report>
				<misses>210800000</misses>
				<total>0</total>
				<timestamp>2367.378914</timestamp>
			</report>
			<report>
				<misses>210900000</misses>
				<total>0</total>
				<timestamp>2368.493074</timestamp>
			</report>
			<report>
				<misses>211000000</misses>
				<total>0</total>
				<timestamp>2369.621969</timestamp>
			</report>
			<report>
				<misses>211100000</misses>
				<total>0</total>
				<timestamp>2370.767435</timestamp>
			</report>
			<report>
				<misses>211200000</misses>
				<total>0</total>
				<timestamp>2371.904632</timestamp>
			</report>
			<report>
				<misses>211300000</misses>
				<total>0</total>
				<timestamp>2373.020990</timestamp>
			</report>
			<report>
				<misses>211400000</misses>
				<total>0</total>
				<timestamp>2374.134834</timestamp>
			</report>
			<report>
				<misses>211500000</misses>
				<total>0</total>
				<timestamp>2375.221144</timestamp>
			</report>
			<report>
				<misses>211600000</misses>
				<total>0</total>
				<timestamp>2376.365444</timestamp>
			</report>
			<report>
				<misses>211700000</misses>
				<total>0</total>
				<timestamp>2377.458941</timestamp>
			</report>
			<report>
				<misses>211800000</misses>
				<total>0</total>
				<timestamp>2378.569045</timestamp>
			</report>
			<report>
				<misses>211900000</misses>
				<total>0</total>
				<timestamp>2379.641869</timestamp>
			</report>
			<report>
				<misses>212000000</misses>
				<total>0</total>
				<timestamp>2380.736547</timestamp>
			</report>
			<report>
				<misses>212100000</misses>
				<total>0</total>
				<timestamp>2381.814467</timestamp>
			</report>
			<report>
				<misses>212200000</misses>
				<total>0</total>
				<timestamp>2382.928356</timestamp>
			</report>
			<report>
				<misses>212300000</misses>
				<total>0</total>
				<timestamp>2384.023558</timestamp>
			</report>
			<report>
				<misses>212400000</misses>
				<total>0</total>
				<timestamp>2385.126848</timestamp>
			</report>
			<report>
				<misses>212500000</misses>
				<total>0</total>
				<timestamp>2386.306567</timestamp>
			</report>
			<report>
				<misses>212600000</misses>
				<total>0</total>
				<timestamp>2387.433658</timestamp>
			</report>
			<report>
				<misses>212700000</misses>
				<total>0</total>
				<timestamp>2388.586808</timestamp>
			</report>
			<report>
				<misses>212800000</misses>
				<total>0</total>
				<timestamp>2389.725100</timestamp>
			</report>
			<report>
				<misses>212900000</misses>
				<total>0</total>
				<timestamp>2390.882216</timestamp>
			</report>
			<report>
				<misses>213000000</misses>
				<total>0</total>
				<timestamp>2392.002041</timestamp>
			</report>
			<report>
				<misses>213100000</misses>
				<total>0</total>
				<timestamp>2393.149857</timestamp>
			</report>
			<report>
				<misses>213200000</misses>
				<total>0</total>
				<timestamp>2394.238712</timestamp>
			</report>
			<report>
				<misses>213300000</misses>
				<total>0</total>
				<timestamp>2395.377769</timestamp>
			</report>
			<report>
				<misses>213400000</misses>
				<total>0</total>
				<timestamp>2396.516032</timestamp>
			</report>
			<report>
				<misses>213500000</misses>
				<total>0</total>
				<timestamp>2397.620897</timestamp>
			</report>
			<report>
				<misses>213600000</misses>
				<total>0</total>
				<timestamp>2398.745999</timestamp>
			</report>
			<report>
				<misses>213700000</misses>
				<total>0</total>
				<timestamp>2399.884878</timestamp>
			</report>
			<report>
				<misses>213800000</misses>
				<total>0</total>
				<timestamp>2400.982799</timestamp>
			</report>
			<report>
				<misses>213900000</misses>
				<total>0</total>
				<timestamp>2402.125664</timestamp>
			</report>
			<report>
				<misses>214000000</misses>
				<total>0</total>
				<timestamp>2403.271344</timestamp>
			</report>
			<report>
				<misses>214100000</misses>
				<total>0</total>
				<timestamp>2404.334242</timestamp>
			</report>
			<report>
				<misses>214200000</misses>
				<total>0</total>
				<timestamp>2405.404985</timestamp>
			</report>
			<report>
				<misses>214300000</misses>
				<total>0</total>
				<timestamp>2406.478331</timestamp>
			</report>
			<report>
				<misses>214400000</misses>
				<total>0</total>
				<timestamp>2407.579913</timestamp>
			</report>
			<report>
				<misses>214500000</misses>
				<total>0</total>
				<timestamp>2408.753709</timestamp>
			</report>
			<report>
				<misses>214600000</misses>
				<total>0</total>
				<timestamp>2409.904389</timestamp>
			</report>
			<report>
				<misses>214700000</misses>
				<total>0</total>
				<timestamp>2411.062398</timestamp>
			</report>
			<report>
				<misses>214800000</misses>
				<total>0</total>
				<timestamp>2412.240811</timestamp>
			</report>
			<report>
				<misses>214900000</misses>
				<total>0</total>
				<timestamp>2413.367087</timestamp>
			</report>
			<report>
				<misses>215000000</misses>
				<total>0</total>
				<timestamp>2414.510559</timestamp>
			</report>
			<report>
				<misses>215100000</misses>
				<total>0</total>
				<timestamp>2415.697970</timestamp>
			</report>
			<report>
				<misses>215200000</misses>
				<total>0</total>
				<timestamp>2416.841292</timestamp>
			</report>
			<report>
				<misses>215300000</misses>
				<total>0</total>
				<timestamp>2418.007592</timestamp>
			</report>
			<report>
				<misses>215400000</misses>
				<total>0</total>
				<timestamp>2419.148158</timestamp>
			</report>
			<report>
				<misses>215500000</misses>
				<total>0</total>
				<timestamp>2420.319293</timestamp>
			</report>
			<report>
				<misses>215600000</misses>
				<total>0</total>
				<timestamp>2421.469804</timestamp>
			</report>
			<report>
				<misses>215700000</misses>
				<total>0</total>
				<timestamp>2422.620736</timestamp>
			</report>
			<report>
				<misses>215800000</misses>
				<total>0</total>
				<timestamp>2423.776239</timestamp>
			</report>
			<report>
				<misses>215900000</misses>
				<total>0</total>
				<timestamp>2424.918069</timestamp>
			</report>
			<report>
				<misses>216000000</misses>
				<total>0</total>
				<timestamp>2426.067822</timestamp>
			</report>
			<report>
				<misses>216100000</misses>
				<total>0</total>
				<timestamp>2427.174706</timestamp>
			</report>
			<report>
				<misses>216200000</misses>
				<total>0</total>
				<timestamp>2428.273823</timestamp>
			</report>
			<report>
				<misses>216300000</misses>
				<total>0</total>
				<timestamp>2429.360787</timestamp>
			</report>
			<report>
				<misses>216400000</misses>
				<total>0</total>
				<timestamp>2430.450856</timestamp>
			</report>
			<report>
				<misses>216500000</misses>
				<total>0</total>
				<timestamp>2431.567363</timestamp>
			</report>
			<report>
				<misses>216600000</misses>
				<total>0</total>
				<timestamp>2432.651754</timestamp>
			</report>
			<report>
				<misses>216700000</misses>
				<total>0</total>
				<timestamp>2433.733865</timestamp>
			</report>
			<report>
				<misses>216800000</misses>
				<total>0</total>
				<timestamp>2434.896494</timestamp>
			</report>
			<report>
				<misses>216900000</misses>
				<total>0</total>
				<timestamp>2436.065581</timestamp>
			</report>
			<report>
				<misses>217000000</misses>
				<total>0</total>
				<timestamp>2437.197729</timestamp>
			</report>
			<report>
				<misses>217100000</misses>
				<total>0</total>
				<timestamp>2438.386254</timestamp>
			</report>
			<report>
				<misses>217200000</misses>
				<total>0</total>
				<timestamp>2439.553349</timestamp>
			</report>
			<report>
				<misses>217300000</misses>
				<total>0</total>
				<timestamp>2440.717362</timestamp>
			</report>
			<report>
				<misses>217400000</misses>
				<total>0</total>
				<timestamp>2441.899522</timestamp>
			</report>
			<report>
				<misses>217500000</misses>
				<total>0</total>
				<timestamp>2443.002505</timestamp>
			</report>
			<report>
				<misses>217600000</misses>
				<total>0</total>
				<timestamp>2444.186966</timestamp>
			</report>
			<report>
				<misses>217700000</misses>
				<total>0</total>
				<timestamp>2445.290847</timestamp>
			</report>
			<report>
				<misses>217800000</misses>
				<total>0</total>
				<timestamp>2446.398897</timestamp>
			</report>
			<report>
				<misses>217900000</misses>
				<total>0</total>
				<timestamp>2447.484195</timestamp>
			</report>
			<report>
				<misses>218000000</misses>
				<total>0</total>
				<timestamp>2448.537484</timestamp>
			</report>
			<report>
				<misses>218100000</misses>
				<total>0</total>
				<timestamp>2449.622599</timestamp>
			</report>
			<report>
				<misses>218200000</misses>
				<total>0</total>
				<timestamp>2450.679205</timestamp>
			</report>
			<report>
				<misses>218300000</misses>
				<total>0</total>
				<timestamp>2451.768950</timestamp>
			</report>
			<report>
				<misses>218400000</misses>
				<total>0</total>
				<timestamp>2452.911736</timestamp>
			</report>
			<report>
				<misses>218500000</misses>
				<total>0</total>
				<timestamp>2454.041781</timestamp>
			</report>
			<report>
				<misses>218600000</misses>
				<total>0</total>
				<timestamp>2455.175214</timestamp>
			</report>
			<report>
				<misses>218700000</misses>
				<total>0</total>
				<timestamp>2456.322575</timestamp>
			</report>
			<report>
				<misses>218800000</misses>
				<total>0</total>
				<timestamp>2457.435121</timestamp>
			</report>
			<report>
				<misses>218900000</misses>
				<total>0</total>
				<timestamp>2458.579643</timestamp>
			</report>
			<report>
				<misses>219000000</misses>
				<total>0</total>
				<timestamp>2459.702979</timestamp>
			</report>
			<report>
				<misses>219100000</misses>
				<total>0</total>
				<timestamp>2460.861509</timestamp>
			</report>
			<report>
				<misses>219200000</misses>
				<total>0</total>
				<timestamp>2461.954017</timestamp>
			</report>
			<report>
				<misses>219300000</misses>
				<total>0</total>
				<timestamp>2463.024653</timestamp>
			</report>
			<report>
				<misses>219400000</misses>
				<total>0</total>
				<timestamp>2464.089699</timestamp>
			</report>
			<report>
				<misses>219500000</misses>
				<total>0</total>
				<timestamp>2465.192675</timestamp>
			</report>
			<report>
				<misses>219600000</misses>
				<total>0</total>
				<timestamp>2466.310059</timestamp>
			</report>
			<report>
				<misses>219700000</misses>
				<total>0</total>
				<timestamp>2467.380758</timestamp>
			</report>
			<report>
				<misses>219800000</misses>
				<total>0</total>
				<timestamp>2468.451170</timestamp>
			</report>
			<report>
				<misses>219900000</misses>
				<total>0</total>
				<timestamp>2469.543653</timestamp>
			</report>
			<report>
				<misses>220000000</misses>
				<total>0</total>
				<timestamp>2470.676918</timestamp>
			</report>
			<report>
				<misses>220100000</misses>
				<total>0</total>
				<timestamp>2471.786533</timestamp>
			</report>
			<report>
				<misses>220200000</misses>
				<total>0</total>
				<timestamp>2472.904692</timestamp>
			</report>
			<report>
				<misses>220300000</misses>
				<total>0</total>
				<timestamp>2474.040556</timestamp>
			</report>
			<report>
				<misses>220400000</misses>
				<total>0</total>
				<timestamp>2475.155285</timestamp>
			</report>
			<report>
				<misses>220500000</misses>
				<total>0</total>
				<timestamp>2476.292215</timestamp>
			</report>
			<report>
				<misses>220600000</misses>
				<total>0</total>
				<timestamp>2477.414236</timestamp>
			</report>
			<report>
				<misses>220700000</misses>
				<total>0</total>
				<timestamp>2478.580682</timestamp>
			</report>
			<report>
				<misses>220800000</misses>
				<total>0</total>
				<timestamp>2479.691384</timestamp>
			</report>
			<report>
				<misses>220900000</misses>
				<total>0</total>
				<timestamp>2480.798596</timestamp>
			</report>
			<report>
				<misses>221000000</misses>
				<total>0</total>
				<timestamp>2481.931518</timestamp>
			</report>
			<report>
				<misses>221100000</misses>
				<total>0</total>
				<timestamp>2483.061931</timestamp>
			</report>
			<report>
				<misses>221200000</misses>
				<total>0</total>
				<timestamp>2484.195122</timestamp>
			</report>
			<report>
				<misses>221300000</misses>
				<total>0</total>
				<timestamp>2485.292887</timestamp>
			</report>
			<report>
				<misses>221400000</misses>
				<total>0</total>
				<timestamp>2486.413315</timestamp>
			</report>
			<report>
				<misses>221500000</misses>
				<total>0</total>
				<timestamp>2487.521924</timestamp>
			</report>
			<report>
				<misses>221600000</misses>
				<total>0</total>
				<timestamp>2488.600851</timestamp>
			</report>
			<report>
				<misses>221700000</misses>
				<total>0</total>
				<timestamp>2489.722103</timestamp>
			</report>
			<report>
				<misses>221800000</misses>
				<total>0</total>
				<timestamp>2490.858267</timestamp>
			</report>
			<report>
				<misses>221900000</misses>
				<total>0</total>
				<timestamp>2491.927373</timestamp>
			</report>
			<report>
				<misses>222000000</misses>
				<total>0</total>
				<timestamp>2493.058974</timestamp>
			</report>
			<report>
				<misses>222100000</misses>
				<total>0</total>
				<timestamp>2494.200002</timestamp>
			</report>
			<report>
				<misses>222200000</misses>
				<total>0</total>
				<timestamp>2495.342595</timestamp>
			</report>
			<report>
				<misses>222300000</misses>
				<total>0</total>
				<timestamp>2496.455863</timestamp>
			</report>
			<report>
				<misses>222400000</misses>
				<total>0</total>
				<timestamp>2497.589146</timestamp>
			</report>
			<report>
				<misses>222500000</misses>
				<total>0</total>
				<timestamp>2498.683804</timestamp>
			</report>
			<report>
				<misses>222600000</misses>
				<total>0</total>
				<timestamp>2499.831665</timestamp>
			</report>
			<report>
				<misses>222700000</misses>
				<total>0</total>
				<timestamp>2500.955952</timestamp>
			</report>
			<report>
				<misses>222800000</misses>
				<total>0</total>
				<timestamp>2502.058147</timestamp>
			</report>
			<report>
				<misses>222900000</misses>
				<total>0</total>
				<timestamp>2503.214242</timestamp>
			</report>
			<report>
				<misses>223000000</misses>
				<total>0</total>
				<timestamp>2504.281531</timestamp>
			</report>
			<report>
				<misses>223100000</misses>
				<total>0</total>
				<timestamp>2505.348098</timestamp>
			</report>
			<report>
				<misses>223200000</misses>
				<total>0</total>
				<timestamp>2506.431348</timestamp>
			</report>
			<report>
				<misses>223300000</misses>
				<total>0</total>
				<timestamp>2507.547290</timestamp>
			</report>
			<report>
				<misses>223400000</misses>
				<total>0</total>
				<timestamp>2508.667244</timestamp>
			</report>
			<report>
				<misses>223500000</misses>
				<total>0</total>
				<timestamp>2509.748705</timestamp>
			</report>
			<report>
				<misses>223600000</misses>
				<total>0</total>
				<timestamp>2510.878624</timestamp>
			</report>
			<report>
				<misses>223700000</misses>
				<total>0</total>
				<timestamp>2511.969935</timestamp>
			</report>
			<report>
				<misses>223800000</misses>
				<total>0</total>
				<timestamp>2513.086689</timestamp>
			</report>
			<report>
				<misses>223900000</misses>
				<total>0</total>
				<timestamp>2514.169544</timestamp>
			</report>
			<report>
				<misses>224000000</misses>
				<total>0</total>
				<timestamp>2515.245713</timestamp>
			</report>
			<report>
				<misses>224100000</misses>
				<total>0</total>
				<timestamp>2516.347430</timestamp>
			</report>
			<report>
				<misses>224200000</misses>
				<total>0</total>
				<timestamp>2517.434108</timestamp>
			</report>
			<report>
				<misses>224300000</misses>
				<total>0</total>
				<timestamp>2518.560046</timestamp>
			</report>
			<report>
				<misses>224400000</misses>
				<total>0</total>
				<timestamp>2519.712031</timestamp>
			</report>
			<report>
				<misses>224500000</misses>
				<total>0</total>
				<timestamp>2520.865009</timestamp>
			</report>
			<report>
				<misses>224600000</misses>
				<total>0</total>
				<timestamp>2522.018033</timestamp>
			</report>
			<report>
				<misses>224700000</misses>
				<total>0</total>
				<timestamp>2523.132386</timestamp>
			</report>
			<report>
				<misses>224800000</misses>
				<total>0</total>
				<timestamp>2524.269125</timestamp>
			</report>
			<report>
				<misses>224900000</misses>
				<total>0</total>
				<timestamp>2525.395736</timestamp>
			</report>
			<report>
				<misses>225000000</misses>
				<total>0</total>
				<timestamp>2526.484396</timestamp>
			</report>
			<report>
				<misses>225100000</misses>
				<total>0</total>
				<timestamp>2527.617486</timestamp>
			</report>
			<report>
				<misses>225200000</misses>
				<total>0</total>
				<timestamp>2528.733553</timestamp>
			</report>
			<report>
				<misses>225300000</misses>
				<total>0</total>
				<timestamp>2529.812606</timestamp>
			</report>
			<report>
				<misses>225400000</misses>
				<total>0</total>
				<timestamp>2530.933212</timestamp>
			</report>
			<report>
				<misses>225500000</misses>
				<total>0</total>
				<timestamp>2532.026203</timestamp>
			</report>
			<report>
				<misses>225600000</misses>
				<total>0</total>
				<timestamp>2533.122526</timestamp>
			</report>
			<report>
				<misses>225700000</misses>
				<total>0</total>
				<timestamp>2534.190721</timestamp>
			</report>
			<report>
				<misses>225800000</misses>
				<total>0</total>
				<timestamp>2535.317798</timestamp>
			</report>
			<report>
				<misses>225900000</misses>
				<total>0</total>
				<timestamp>2536.427723</timestamp>
			</report>
			<report>
				<misses>226000000</misses>
				<total>0</total>
				<timestamp>2537.578728</timestamp>
			</report>
			<report>
				<misses>226100000</misses>
				<total>0</total>
				<timestamp>2538.744627</timestamp>
			</report>
			<report>
				<misses>226200000</misses>
				<total>0</total>
				<timestamp>2539.864020</timestamp>
			</report>
			<report>
				<misses>226300000</misses>
				<total>0</total>
				<timestamp>2541.026442</timestamp>
			</report>
			<report>
				<misses>226400000</misses>
				<total>0</total>
				<timestamp>2542.161602</timestamp>
			</report>
			<report>
				<misses>226500000</misses>
				<total>0</total>
				<timestamp>2543.306416</timestamp>
			</report>
			<report>
				<misses>226600000</misses>
				<total>0</total>
				<timestamp>2544.418371</timestamp>
			</report>
			<report>
				<misses>226700000</misses>
				<total>0</total>
				<timestamp>2545.520373</timestamp>
			</report>
			<report>
				<misses>226800000</misses>
				<total>0</total>
				<timestamp>2546.612338</timestamp>
			</report>
			<report>
				<misses>226900000</misses>
				<total>0</total>
				<timestamp>2547.709150</timestamp>
			</report>
			<report>
				<misses>227000000</misses>
				<total>0</total>
				<timestamp>2548.817365</timestamp>
			</report>
			<report>
				<misses>227100000</misses>
				<total>0</total>
				<timestamp>2549.913073</timestamp>
			</report>
			<report>
				<misses>227200000</misses>
				<total>0</total>
				<timestamp>2551.019825</timestamp>
			</report>
			<report>
				<misses>227300000</misses>
				<total>0</total>
				<timestamp>2552.094849</timestamp>
			</report>
			<report>
				<misses>227400000</misses>
				<total>0</total>
				<timestamp>2553.229825</timestamp>
			</report>
			<report>
				<misses>227500000</misses>
				<total>0</total>
				<timestamp>2554.364403</timestamp>
			</report>
			<report>
				<misses>227600000</misses>
				<total>0</total>
				<timestamp>2555.513584</timestamp>
			</report>
			<report>
				<misses>227700000</misses>
				<total>0</total>
				<timestamp>2556.705950</timestamp>
			</report>
			<report>
				<misses>227800000</misses>
				<total>0</total>
				<timestamp>2557.859589</timestamp>
			</report>
			<report>
				<misses>227900000</misses>
				<total>0</total>
				<timestamp>2558.994719</timestamp>
			</report>
			<report>
				<misses>228000000</misses>
				<total>0</total>
				<timestamp>2560.155452</timestamp>
			</report>
			<report>
				<misses>228100000</misses>
				<total>0</total>
				<timestamp>2561.301315</timestamp>
			</report>
			<report>
				<misses>228200000</misses>
				<total>0</total>
				<timestamp>2562.418989</timestamp>
			</report>
			<report>
				<misses>228300000</misses>
				<total>0</total>
				<timestamp>2563.512343</timestamp>
			</report>
			<report>
				<misses>228400000</misses>
				<total>0</total>
				<timestamp>2564.649322</timestamp>
			</report>
			<report>
				<misses>228500000</misses>
				<total>0</total>
				<timestamp>2565.732957</timestamp>
			</report>
			<report>
				<misses>228600000</misses>
				<total>0</total>
				<timestamp>2566.804080</timestamp>
			</report>
			<report>
				<misses>228700000</misses>
				<total>0</total>
				<timestamp>2567.895682</timestamp>
			</report>
			<report>
				<misses>228800000</misses>
				<total>0</total>
				<timestamp>2568.953111</timestamp>
			</report>
			<report>
				<misses>228900000</misses>
				<total>0</total>
				<timestamp>2570.041165</timestamp>
			</report>
			<report>
				<misses>229000000</misses>
				<total>0</total>
				<timestamp>2571.164504</timestamp>
			</report>
			<report>
				<misses>229100000</misses>
				<total>0</total>
				<timestamp>2572.290109</timestamp>
			</report>
			<report>
				<misses>229200000</misses>
				<total>0</total>
				<timestamp>2573.454110</timestamp>
			</report>
			<report>
				<misses>229300000</misses>
				<total>0</total>
				<timestamp>2574.637227</timestamp>
			</report>
			<report>
				<misses>229400000</misses>
				<total>0</total>
				<timestamp>2575.804800</timestamp>
			</report>
			<report>
				<misses>229500000</misses>
				<total>0</total>
				<timestamp>2576.939155</timestamp>
			</report>
			<report>
				<misses>229600000</misses>
				<total>0</total>
				<timestamp>2578.098888</timestamp>
			</report>
			<report>
				<misses>229700000</misses>
				<total>0</total>
				<timestamp>2579.276106</timestamp>
			</report>
			<report>
				<misses>229800000</misses>
				<total>0</total>
				<timestamp>2580.474522</timestamp>
			</report>
			<report>
				<misses>229900000</misses>
				<total>0</total>
				<timestamp>2581.590518</timestamp>
			</report>
			<report>
				<misses>230000000</misses>
				<total>0</total>
				<timestamp>2582.716758</timestamp>
			</report>
			<report>
				<misses>230100000</misses>
				<total>0</total>
				<timestamp>2583.785824</timestamp>
			</report>
			<report>
				<misses>230200000</misses>
				<total>0</total>
				<timestamp>2584.925212</timestamp>
			</report>
			<report>
				<misses>230300000</misses>
				<total>0</total>
				<timestamp>2586.042039</timestamp>
			</report>
			<report>
				<misses>230400000</misses>
				<total>0</total>
				<timestamp>2587.117240</timestamp>
			</report>
			<report>
				<misses>230500000</misses>
				<total>0</total>
				<timestamp>2588.229837</timestamp>
			</report>
			<report>
				<misses>230600000</misses>
				<total>0</total>
				<timestamp>2589.373550</timestamp>
			</report>
			<report>
				<misses>230700000</misses>
				<total>0</total>
				<timestamp>2590.529024</timestamp>
			</report>
			<report>
				<misses>230800000</misses>
				<total>0</total>
				<timestamp>2591.672813</timestamp>
			</report>
			<report>
				<misses>230900000</misses>
				<total>0</total>
				<timestamp>2592.813699</timestamp>
			</report>
			<report>
				<misses>231000000</misses>
				<total>0</total>
				<timestamp>2593.979162</timestamp>
			</report>
			<report>
				<misses>231100000</misses>
				<total>0</total>
				<timestamp>2595.128299</timestamp>
			</report>
			<report>
				<misses>231200000</misses>
				<total>0</total>
				<timestamp>2596.260368</timestamp>
			</report>
			<report>
				<misses>231300000</misses>
				<total>0</total>
				<timestamp>2597.427330</timestamp>
			</report>
			<report>
				<misses>231400000</misses>
				<total>0</total>
				<timestamp>2598.639772</timestamp>
			</report>
			<report>
				<misses>231500000</misses>
				<total>0</total>
				<timestamp>2599.762849</timestamp>
			</report>
			<report>
				<misses>231600000</misses>
				<total>0</total>
				<timestamp>2600.872646</timestamp>
			</report>
			<report>
				<misses>231700000</misses>
				<total>0</total>
				<timestamp>2601.952000</timestamp>
			</report>
			<report>
				<misses>231800000</misses>
				<total>0</total>
				<timestamp>2603.016154</timestamp>
			</report>
			<report>
				<misses>231900000</misses>
				<total>0</total>
				<timestamp>2604.115979</timestamp>
			</report>
			<report>
				<misses>232000000</misses>
				<total>0</total>
				<timestamp>2605.176119</timestamp>
			</report>
			<report>
				<misses>232100000</misses>
				<total>0</total>
				<timestamp>2606.336073</timestamp>
			</report>
			<report>
				<misses>232200000</misses>
				<total>0</total>
				<timestamp>2607.539116</timestamp>
			</report>
			<report>
				<misses>232300000</misses>
				<total>0</total>
				<timestamp>2608.742994</timestamp>
			</report>
			<report>
				<misses>232400000</misses>
				<total>0</total>
				<timestamp>2609.900976</timestamp>
			</report>
			<report>
				<misses>232500000</misses>
				<total>0</total>
				<timestamp>2611.079821</timestamp>
			</report>
			<report>
				<misses>232600000</misses>
				<total>0</total>
				<timestamp>2612.236359</timestamp>
			</report>
			<report>
				<misses>232700000</misses>
				<total>0</total>
				<timestamp>2613.407797</timestamp>
			</report>
			<report>
				<misses>232800000</misses>
				<total>0</total>
				<timestamp>2614.553740</timestamp>
			</report>
			<report>
				<misses>232900000</misses>
				<total>0</total>
				<timestamp>2615.649051</timestamp>
			</report>
			<report>
				<misses>233000000</misses>
				<total>0</total>
				<timestamp>2616.774203</timestamp>
			</report>
			<report>
				<misses>233100000</misses>
				<total>0</total>
				<timestamp>2617.871985</timestamp>
			</report>
			<report>
				<misses>233200000</misses>
				<total>0</total>
				<timestamp>2618.932104</timestamp>
			</report>
			<report>
				<misses>233300000</misses>
				<total>0</total>
				<timestamp>2620.032800</timestamp>
			</report>
			<report>
				<misses>233400000</misses>
				<total>0</total>
				<timestamp>2621.086598</timestamp>
			</report>
			<report>
				<misses>233500000</misses>
				<total>0</total>
				<timestamp>2622.150343</timestamp>
			</report>
			<report>
				<misses>233600000</misses>
				<total>0</total>
				<timestamp>2623.258944</timestamp>
			</report>
			<report>
				<misses>233700000</misses>
				<total>0</total>
				<timestamp>2624.340302</timestamp>
			</report>
			<report>
				<misses>233800000</misses>
				<total>0</total>
				<timestamp>2625.449371</timestamp>
			</report>
			<report>
				<misses>233900000</misses>
				<total>0</total>
				<timestamp>2626.570257</timestamp>
			</report>
			<report>
				<misses>234000000</misses>
				<total>0</total>
				<timestamp>2627.692163</timestamp>
			</report>
			<report>
				<misses>234100000</misses>
				<total>0</total>
				<timestamp>2628.843527</timestamp>
			</report>
			<report>
				<misses>234200000</misses>
				<total>0</total>
				<timestamp>2630.038660</timestamp>
			</report>
			<report>
				<misses>234300000</misses>
				<total>0</total>
				<timestamp>2631.192027</timestamp>
			</report>
			<report>
				<misses>234400000</misses>
				<total>0</total>
				<timestamp>2632.358056</timestamp>
			</report>
			<report>
				<misses>234500000</misses>
				<total>0</total>
				<timestamp>2633.540306</timestamp>
			</report>
			<report>
				<misses>234600000</misses>
				<total>0</total>
				<timestamp>2634.610600</timestamp>
			</report>
			<report>
				<misses>234700000</misses>
				<total>0</total>
				<timestamp>2635.731138</timestamp>
			</report>
			<report>
				<misses>234800000</misses>
				<total>0</total>
				<timestamp>2636.838013</timestamp>
			</report>
			<report>
				<misses>234900000</misses>
				<total>0</total>
				<timestamp>2637.901550</timestamp>
			</report>
			<report>
				<misses>235000000</misses>
				<total>0</total>
				<timestamp>2638.991533</timestamp>
			</report>
			<report>
				<misses>235100000</misses>
				<total>0</total>
				<timestamp>2640.070507</timestamp>
			</report>
			<report>
				<misses>235200000</misses>
				<total>0</total>
				<timestamp>2641.224588</timestamp>
			</report>
			<report>
				<misses>235300000</misses>
				<total>0</total>
				<timestamp>2642.369775</timestamp>
			</report>
			<report>
				<misses>235400000</misses>
				<total>0</total>
				<timestamp>2643.436210</timestamp>
			</report>
			<report>
				<misses>235500000</misses>
				<total>0</total>
				<timestamp>2644.572313</timestamp>
			</report>
			<report>
				<misses>235600000</misses>
				<total>0</total>
				<timestamp>2645.663561</timestamp>
			</report>
			<report>
				<misses>235700000</misses>
				<total>0</total>
				<timestamp>2646.790356</timestamp>
			</report>
			<report>
				<misses>235800000</misses>
				<total>0</total>
				<timestamp>2647.895656</timestamp>
			</report>
			<report>
				<misses>235900000</misses>
				<total>0</total>
				<timestamp>2649.000418</timestamp>
			</report>
			<report>
				<misses>236000000</misses>
				<total>0</total>
				<timestamp>2650.172050</timestamp>
			</report>
			<report>
				<misses>236100000</misses>
				<total>0</total>
				<timestamp>2651.337803</timestamp>
			</report>
			<report>
				<misses>236200000</misses>
				<total>0</total>
				<timestamp>2652.468744</timestamp>
			</report>
			<report>
				<misses>236300000</misses>
				<total>0</total>
				<timestamp>2653.560523</timestamp>
			</report>
			<report>
				<misses>236400000</misses>
				<total>0</total>
				<timestamp>2654.663449</timestamp>
			</report>
			<report>
				<misses>236500000</misses>
				<total>0</total>
				<timestamp>2655.771323</timestamp>
			</report>
			<report>
				<misses>236600000</misses>
				<total>0</total>
				<timestamp>2656.863420</timestamp>
			</report>
			<report>
				<misses>236700000</misses>
				<total>0</total>
				<timestamp>2657.994961</timestamp>
			</report>
			<report>
				<misses>236800000</misses>
				<total>0</total>
				<timestamp>2659.100214</timestamp>
			</report>
			<report>
				<misses>236900000</misses>
				<total>0</total>
				<timestamp>2660.223426</timestamp>
			</report>
			<report>
				<misses>237000000</misses>
				<total>0</total>
				<timestamp>2661.325374</timestamp>
			</report>
			<report>
				<misses>237100000</misses>
				<total>0</total>
				<timestamp>2662.394010</timestamp>
			</report>
			<report>
				<misses>237200000</misses>
				<total>0</total>
				<timestamp>2663.468050</timestamp>
			</report>
			<report>
				<misses>237300000</misses>
				<total>0</total>
				<timestamp>2664.511725</timestamp>
			</report>
			<report>
				<misses>237400000</misses>
				<total>0</total>
				<timestamp>2665.576867</timestamp>
			</report>
			<report>
				<misses>237500000</misses>
				<total>0</total>
				<timestamp>2666.684587</timestamp>
			</report>
			<report>
				<misses>237600000</misses>
				<total>0</total>
				<timestamp>2667.817732</timestamp>
			</report>
			<report>
				<misses>237700000</misses>
				<total>0</total>
				<timestamp>2668.983418</timestamp>
			</report>
			<report>
				<misses>237800000</misses>
				<total>0</total>
				<timestamp>2670.081704</timestamp>
			</report>
			<report>
				<misses>237900000</misses>
				<total>0</total>
				<timestamp>2671.210262</timestamp>
			</report>
			<report>
				<misses>238000000</misses>
				<total>0</total>
				<timestamp>2672.315543</timestamp>
			</report>
			<report>
				<misses>238100000</misses>
				<total>0</total>
				<timestamp>2673.402190</timestamp>
			</report>
			<report>
				<misses>238200000</misses>
				<total>0</total>
				<timestamp>2674.527480</timestamp>
			</report>
			<report>
				<misses>238300000</misses>
				<total>0</total>
				<timestamp>2675.647052</timestamp>
			</report>
			<report>
				<misses>238400000</misses>
				<total>0</total>
				<timestamp>2676.756443</timestamp>
			</report>
			<report>
				<misses>238500000</misses>
				<total>0</total>
				<timestamp>2677.837282</timestamp>
			</report>
			<report>
				<misses>238600000</misses>
				<total>0</total>
				<timestamp>2678.945451</timestamp>
			</report>
			<report>
				<misses>238700000</misses>
				<total>0</total>
				<timestamp>2680.021198</timestamp>
			</report>
			<report>
				<misses>238800000</misses>
				<total>0</total>
				<timestamp>2681.098284</timestamp>
			</report>
			<report>
				<misses>238900000</misses>
				<total>0</total>
				<timestamp>2682.168819</timestamp>
			</report>
			<report>
				<misses>239000000</misses>
				<total>0</total>
				<timestamp>2683.294534</timestamp>
			</report>
			<report>
				<misses>239100000</misses>
				<total>0</total>
				<timestamp>2684.382517</timestamp>
			</report>
			<report>
				<misses>239200000</misses>
				<total>0</total>
				<timestamp>2685.475019</timestamp>
			</report>
			<report>
				<misses>239300000</misses>
				<total>0</total>
				<timestamp>2686.603917</timestamp>
			</report>
			<report>
				<misses>239400000</misses>
				<total>0</total>
				<timestamp>2687.726739</timestamp>
			</report>
			<report>
				<misses>239500000</misses>
				<total>0</total>
				<timestamp>2688.842747</timestamp>
			</report>
			<report>
				<misses>239600000</misses>
				<total>0</total>
				<timestamp>2689.961599</timestamp>
			</report>
			<report>
				<misses>239700000</misses>
				<total>0</total>
				<timestamp>2691.060580</timestamp>
			</report>
			<report>
				<misses>239800000</misses>
				<total>0</total>
				<timestamp>2692.188960</timestamp>
			</report>
			<report>
				<misses>239900000</misses>
				<total>0</total>
				<timestamp>2693.321401</timestamp>
			</report>
			<report>
				<misses>240000000</misses>
				<total>0</total>
				<timestamp>2694.460933</timestamp>
			</report>
			<report>
				<misses>240100000</misses>
				<total>0</total>
				<timestamp>2695.563242</timestamp>
			</report>
			<report>
				<misses>240200000</misses>
				<total>0</total>
				<timestamp>2696.673668</timestamp>
			</report>
			<report>
				<misses>240300000</misses>
				<total>0</total>
				<timestamp>2697.768301</timestamp>
			</report>
			<report>
				<misses>240400000</misses>
				<total>0</total>
				<timestamp>2698.888755</timestamp>
			</report>
			<report>
				<misses>240500000</misses>
				<total>0</total>
				<timestamp>2699.954438</timestamp>
			</report>
			<report>
				<misses>240600000</misses>
				<total>0</total>
				<timestamp>2701.034354</timestamp>
			</report>
			<report>
				<misses>240700000</misses>
				<total>0</total>
				<timestamp>2702.112095</timestamp>
			</report>
			<report>
				<misses>240800000</misses>
				<total>0</total>
				<timestamp>2703.277143</timestamp>
			</report>
			<report>
				<misses>240900000</misses>
				<total>0</total>
				<timestamp>2704.442172</timestamp>
			</report>
			<report>
				<misses>241000000</misses>
				<total>0</total>
				<timestamp>2705.564540</timestamp>
			</report>
			<report>
				<misses>241100000</misses>
				<total>0</total>
				<timestamp>2706.711208</timestamp>
			</report>
			<report>
				<misses>241200000</misses>
				<total>0</total>
				<timestamp>2707.875081</timestamp>
			</report>
			<report>
				<misses>241300000</misses>
				<total>0</total>
				<timestamp>2708.992083</timestamp>
			</report>
			<report>
				<misses>241400000</misses>
				<total>0</total>
				<timestamp>2710.171034</timestamp>
			</report>
			<report>
				<misses>241500000</misses>
				<total>0</total>
				<timestamp>2711.260975</timestamp>
			</report>
			<report>
				<misses>241600000</misses>
				<total>0</total>
				<timestamp>2712.422671</timestamp>
			</report>
			<report>
				<misses>241700000</misses>
				<total>0</total>
				<timestamp>2713.545611</timestamp>
			</report>
			<report>
				<misses>241800000</misses>
				<total>0</total>
				<timestamp>2714.699546</timestamp>
			</report>
			<report>
				<misses>241900000</misses>
				<total>0</total>
				<timestamp>2715.838178</timestamp>
			</report>
			<report>
				<misses>242000000</misses>
				<total>0</total>
				<timestamp>2716.978089</timestamp>
			</report>
			<report>
				<misses>242100000</misses>
				<total>0</total>
				<timestamp>2718.113282</timestamp>
			</report>
			<report>
				<misses>242200000</misses>
				<total>0</total>
				<timestamp>2719.240750</timestamp>
			</report>
			<report>
				<misses>242300000</misses>
				<total>0</total>
				<timestamp>2720.375231</timestamp>
			</report>
			<report>
				<misses>242400000</misses>
				<total>0</total>
				<timestamp>2721.546085</timestamp>
			</report>
			<report>
				<misses>242500000</misses>
				<total>0</total>
				<timestamp>2722.664644</timestamp>
			</report>
			<report>
				<misses>242600000</misses>
				<total>0</total>
				<timestamp>2723.783528</timestamp>
			</report>
			<report>
				<misses>242700000</misses>
				<total>0</total>
				<timestamp>2724.868686</timestamp>
			</report>
			<report>
				<misses>242800000</misses>
				<total>0</total>
				<timestamp>2725.994925</timestamp>
			</report>
			<report>
				<misses>242900000</misses>
				<total>0</total>
				<timestamp>2727.116131</timestamp>
			</report>
			<report>
				<misses>243000000</misses>
				<total>0</total>
				<timestamp>2728.257502</timestamp>
			</report>
			<report>
				<misses>243100000</misses>
				<total>0</total>
				<timestamp>2729.393376</timestamp>
			</report>
			<report>
				<misses>243200000</misses>
				<total>0</total>
				<timestamp>2730.485095</timestamp>
			</report>
			<report>
				<misses>243300000</misses>
				<total>0</total>
				<timestamp>2731.625138</timestamp>
			</report>
			<report>
				<misses>243400000</misses>
				<total>0</total>
				<timestamp>2732.739942</timestamp>
			</report>
			<report>
				<misses>243500000</misses>
				<total>0</total>
				<timestamp>2733.919567</timestamp>
			</report>
			<report>
				<misses>243600000</misses>
				<total>0</total>
				<timestamp>2735.031092</timestamp>
			</report>
			<report>
				<misses>243700000</misses>
				<total>0</total>
				<timestamp>2736.226975</timestamp>
			</report>
			<report>
				<misses>243800000</misses>
				<total>0</total>
				<timestamp>2737.374950</timestamp>
			</report>
			<report>
				<misses>243900000</misses>
				<total>0</total>
				<timestamp>2738.455813</timestamp>
			</report>
			<report>
				<misses>244000000</misses>
				<total>0</total>
				<timestamp>2739.528740</timestamp>
			</report>
			<report>
				<misses>244100000</misses>
				<total>0</total>
				<timestamp>2740.702419</timestamp>
			</report>
			<report>
				<misses>244200000</misses>
				<total>0</total>
				<timestamp>2741.760347</timestamp>
			</report>
			<report>
				<misses>244300000</misses>
				<total>0</total>
				<timestamp>2742.830091</timestamp>
			</report>
			<report>
				<misses>244400000</misses>
				<total>0</total>
				<timestamp>2743.980928</timestamp>
			</report>
			<report>
				<misses>244500000</misses>
				<total>0</total>
				<timestamp>2745.097920</timestamp>
			</report>
			<report>
				<misses>244600000</misses>
				<total>0</total>
				<timestamp>2746.198513</timestamp>
			</report>
			<report>
				<misses>244700000</misses>
				<total>0</total>
				<timestamp>2747.333586</timestamp>
			</report>
			<report>
				<misses>244800000</misses>
				<total>0</total>
				<timestamp>2748.532662</timestamp>
			</report>
			<report>
				<misses>244900000</misses>
				<total>0</total>
				<timestamp>2749.709722</timestamp>
			</report>
			<report>
				<misses>245000000</misses>
				<total>0</total>
				<timestamp>2750.812324</timestamp>
			</report>
			<report>
				<misses>245100000</misses>
				<total>0</total>
				<timestamp>2751.971951</timestamp>
			</report>
			<report>
				<misses>245200000</misses>
				<total>0</total>
				<timestamp>2753.104312</timestamp>
			</report>
			<report>
				<misses>245300000</misses>
				<total>0</total>
				<timestamp>2754.247721</timestamp>
			</report>
			<report>
				<misses>245400000</misses>
				<total>0</total>
				<timestamp>2755.430289</timestamp>
			</report>
			<report>
				<misses>245500000</misses>
				<total>0</total>
				<timestamp>2756.589027</timestamp>
			</report>
			<report>
				<misses>245600000</misses>
				<total>0</total>
				<timestamp>2757.730441</timestamp>
			</report>
			<report>
				<misses>245700000</misses>
				<total>0</total>
				<timestamp>2758.813992</timestamp>
			</report>
			<report>
				<misses>245800000</misses>
				<total>0</total>
				<timestamp>2759.950495</timestamp>
			</report>
			<report>
				<misses>245900000</misses>
				<total>0</total>
				<timestamp>2761.064680</timestamp>
			</report>
			<report>
				<misses>246000000</misses>
				<total>0</total>
				<timestamp>2762.177384</timestamp>
			</report>
			<report>
				<misses>246100000</misses>
				<total>0</total>
				<timestamp>2763.347697</timestamp>
			</report>
			<report>
				<misses>246200000</misses>
				<total>0</total>
				<timestamp>2764.508937</timestamp>
			</report>
			<report>
				<misses>246300000</misses>
				<total>0</total>
				<timestamp>2765.673764</timestamp>
			</report>
			<report>
				<misses>246400000</misses>
				<total>0</total>
				<timestamp>2766.831381</timestamp>
			</report>
			<report>
				<misses>246500000</misses>
				<total>0</total>
				<timestamp>2767.983403</timestamp>
			</report>
			<report>
				<misses>246600000</misses>
				<total>0</total>
				<timestamp>2769.153749</timestamp>
			</report>
			<report>
				<misses>246700000</misses>
				<total>0</total>
				<timestamp>2770.288970</timestamp>
			</report>
			<report>
				<misses>246800000</misses>
				<total>0</total>
				<timestamp>2771.474626</timestamp>
			</report>
			<report>
				<misses>246900000</misses>
				<total>0</total>
				<timestamp>2772.618530</timestamp>
			</report>
			<report>
				<misses>247000000</misses>
				<total>0</total>
				<timestamp>2773.743147</timestamp>
			</report>
			<report>
				<misses>247100000</misses>
				<total>0</total>
				<timestamp>2774.871100</timestamp>
			</report>
			<report>
				<misses>247200000</misses>
				<total>0</total>
				<timestamp>2776.033773</timestamp>
			</report>
			<report>
				<misses>247300000</misses>
				<total>0</total>
				<timestamp>2777.123093</timestamp>
			</report>
			<report>
				<misses>247400000</misses>
				<total>0</total>
				<timestamp>2778.203307</timestamp>
			</report>
			<report>
				<misses>247500000</misses>
				<total>0</total>
				<timestamp>2779.286427</timestamp>
			</report>
			<report>
				<misses>247600000</misses>
				<total>0</total>
				<timestamp>2780.364614</timestamp>
			</report>
			<report>
				<misses>247700000</misses>
				<total>0</total>
				<timestamp>2781.438942</timestamp>
			</report>
			<report>
				<misses>247800000</misses>
				<total>0</total>
				<timestamp>2782.523341</timestamp>
			</report>
			<report>
				<misses>247900000</misses>
				<total>0</total>
				<timestamp>2783.647073</timestamp>
			</report>
			<report>
				<misses>248000000</misses>
				<total>0</total>
				<timestamp>2784.797426</timestamp>
			</report>
			<report>
				<misses>248100000</misses>
				<total>0</total>
				<timestamp>2785.946807</timestamp>
			</report>
			<report>
				<misses>248200000</misses>
				<total>0</total>
				<timestamp>2787.109848</timestamp>
			</report>
			<report>
				<misses>248300000</misses>
				<total>0</total>
				<timestamp>2788.247121</timestamp>
			</report>
			<report>
				<misses>248400000</misses>
				<total>0</total>
				<timestamp>2789.420851</timestamp>
			</report>
			<report>
				<misses>248500000</misses>
				<total>0</total>
				<timestamp>2790.535831</timestamp>
			</report>
			<report>
				<misses>248600000</misses>
				<total>0</total>
				<timestamp>2791.667237</timestamp>
			</report>
			<report>
				<misses>248700000</misses>
				<total>0</total>
				<timestamp>2792.787172</timestamp>
			</report>
			<report>
				<misses>248800000</misses>
				<total>0</total>
				<timestamp>2793.945360</timestamp>
			</report>
			<report>
				<misses>248900000</misses>
				<total>0</total>
				<timestamp>2795.071777</timestamp>
			</report>
			<report>
				<misses>249000000</misses>
				<total>0</total>
				<timestamp>2796.185114</timestamp>
			</report>
			<report>
				<misses>249100000</misses>
				<total>0</total>
				<timestamp>2797.336026</timestamp>
			</report>
			<report>
				<misses>249200000</misses>
				<total>0</total>
				<timestamp>2798.427111</timestamp>
			</report>
			<report>
				<misses>249300000</misses>
				<total>0</total>
				<timestamp>2799.491041</timestamp>
			</report>
			<report>
				<misses>249400000</misses>
				<total>0</total>
				<timestamp>2800.612916</timestamp>
			</report>
			<report>
				<misses>249500000</misses>
				<total>0</total>
				<timestamp>2801.698440</timestamp>
			</report>
			<report>
				<misses>249600000</misses>
				<total>0</total>
				<timestamp>2802.807590</timestamp>
			</report>
			<report>
				<misses>249700000</misses>
				<total>0</total>
				<timestamp>2803.921195</timestamp>
			</report>
			<report>
				<misses>249800000</misses>
				<total>0</total>
				<timestamp>2805.044293</timestamp>
			</report>
			<report>
				<misses>249900000</misses>
				<total>0</total>
				<timestamp>2806.216838</timestamp>
			</report>
			<report>
				<misses>250000000</misses>
				<total>0</total>
				<timestamp>2807.334261</timestamp>
			</report>
			<report>
				<misses>250100000</misses>
				<total>0</total>
				<timestamp>2808.464276</timestamp>
			</report>
			<report>
				<misses>250200000</misses>
				<total>0</total>
				<timestamp>2809.647146</timestamp>
			</report>
			<report>
				<misses>250300000</misses>
				<total>0</total>
				<timestamp>2810.800647</timestamp>
			</report>
			<report>
				<misses>250400000</misses>
				<total>0</total>
				<timestamp>2811.912190</timestamp>
			</report>
			<report>
				<misses>250500000</misses>
				<total>0</total>
				<timestamp>2813.030900</timestamp>
			</report>
			<report>
				<misses>250600000</misses>
				<total>0</total>
				<timestamp>2814.141410</timestamp>
			</report>
			<report>
				<misses>250700000</misses>
				<total>0</total>
				<timestamp>2815.297514</timestamp>
			</report>
			<report>
				<misses>250800000</misses>
				<total>0</total>
				<timestamp>2816.426897</timestamp>
			</report>
			<report>
				<misses>250900000</misses>
				<total>0</total>
				<timestamp>2817.539246</timestamp>
			</report>
			<report>
				<misses>251000000</misses>
				<total>0</total>
				<timestamp>2818.685838</timestamp>
			</report>
			<report>
				<misses>251100000</misses>
				<total>0</total>
				<timestamp>2819.755211</timestamp>
			</report>
			<report>
				<misses>251200000</misses>
				<total>0</total>
				<timestamp>2820.854824</timestamp>
			</report>
			<report>
				<misses>251300000</misses>
				<total>0</total>
				<timestamp>2821.918849</timestamp>
			</report>
			<report>
				<misses>251400000</misses>
				<total>0</total>
				<timestamp>2823.052690</timestamp>
			</report>
			<report>
				<misses>251500000</misses>
				<total>0</total>
				<timestamp>2824.169220</timestamp>
			</report>
			<report>
				<misses>251600000</misses>
				<total>0</total>
				<timestamp>2825.272795</timestamp>
			</report>
			<report>
				<misses>251700000</misses>
				<total>0</total>
				<timestamp>2826.421225</timestamp>
			</report>
			<report>
				<misses>251800000</misses>
				<total>0</total>
				<timestamp>2827.537991</timestamp>
			</report>
			<report>
				<misses>251900000</misses>
				<total>0</total>
				<timestamp>2828.679333</timestamp>
			</report>
			<report>
				<misses>252000000</misses>
				<total>0</total>
				<timestamp>2829.823577</timestamp>
			</report>
			<report>
				<misses>252100000</misses>
				<total>0</total>
				<timestamp>2830.925375</timestamp>
			</report>
			<report>
				<misses>252200000</misses>
				<total>0</total>
				<timestamp>2832.062474</timestamp>
			</report>
			<report>
				<misses>252300000</misses>
				<total>0</total>
				<timestamp>2833.172543</timestamp>
			</report>
			<report>
				<misses>252400000</misses>
				<total>0</total>
				<timestamp>2834.310722</timestamp>
			</report>
			<report>
				<misses>252500000</misses>
				<total>0</total>
				<timestamp>2835.435200</timestamp>
			</report>
			<report>
				<misses>252600000</misses>
				<total>0</total>
				<timestamp>2836.549883</timestamp>
			</report>
			<report>
				<misses>252700000</misses>
				<total>0</total>
				<timestamp>2837.609738</timestamp>
			</report>
			<report>
				<misses>252800000</misses>
				<total>0</total>
				<timestamp>2838.676565</timestamp>
			</report>
			<report>
				<misses>252900000</misses>
				<total>0</total>
				<timestamp>2839.734897</timestamp>
			</report>
			<report>
				<misses>253000000</misses>
				<total>0</total>
				<timestamp>2840.832305</timestamp>
			</report>
			<report>
				<misses>253100000</misses>
				<total>0</total>
				<timestamp>2841.930762</timestamp>
			</report>
			<report>
				<misses>253200000</misses>
				<total>0</total>
				<timestamp>2843.060792</timestamp>
			</report>
			<report>
				<misses>253300000</misses>
				<total>0</total>
				<timestamp>2844.177045</timestamp>
			</report>
			<report>
				<misses>253400000</misses>
				<total>0</total>
				<timestamp>2845.275523</timestamp>
			</report>
			<report>
				<misses>253500000</misses>
				<total>0</total>
				<timestamp>2846.411352</timestamp>
			</report>
			<report>
				<misses>253600000</misses>
				<total>0</total>
				<timestamp>2847.539878</timestamp>
			</report>
			<report>
				<misses>253700000</misses>
				<total>0</total>
				<timestamp>2848.755640</timestamp>
			</report>
			<report>
				<misses>253800000</misses>
				<total>0</total>
				<timestamp>2849.873307</timestamp>
			</report>
			<report>
				<misses>253900000</misses>
				<total>0</total>
				<timestamp>2850.945164</timestamp>
			</report>
			<report>
				<misses>254000000</misses>
				<total>0</total>
				<timestamp>2852.052837</timestamp>
			</report>
			<report>
				<misses>254100000</misses>
				<total>0</total>
				<timestamp>2853.202153</timestamp>
			</report>
			<report>
				<misses>254200000</misses>
				<total>0</total>
				<timestamp>2854.320281</timestamp>
			</report>
			<report>
				<misses>254300000</misses>
				<total>0</total>
				<timestamp>2855.450202</timestamp>
			</report>
			<report>
				<misses>254400000</misses>
				<total>0</total>
				<timestamp>2856.603990</timestamp>
			</report>
			<report>
				<misses>254500000</misses>
				<total>0</total>
				<timestamp>2857.759706</timestamp>
			</report>
			<report>
				<misses>254600000</misses>
				<total>0</total>
				<timestamp>2858.880691</timestamp>
			</report>
			<report>
				<misses>254700000</misses>
				<total>0</total>
				<timestamp>2859.952466</timestamp>
			</report>
			<report>
				<misses>254800000</misses>
				<total>0</total>
				<timestamp>2861.051397</timestamp>
			</report>
			<report>
				<misses>254900000</misses>
				<total>0</total>
				<timestamp>2862.153494</timestamp>
			</report>
			<report>
				<misses>255000000</misses>
				<total>0</total>
				<timestamp>2863.262609</timestamp>
			</report>
			<report>
				<misses>255100000</misses>
				<total>0</total>
				<timestamp>2864.382921</timestamp>
			</report>
			<report>
				<misses>255200000</misses>
				<total>0</total>
				<timestamp>2865.485648</timestamp>
			</report>
			<report>
				<misses>255300000</misses>
				<total>0</total>
				<timestamp>2866.616308</timestamp>
			</report>
			<report>
				<misses>255400000</misses>
				<total>0</total>
				<timestamp>2867.746331</timestamp>
			</report>
			<report>
				<misses>255500000</misses>
				<total>0</total>
				<timestamp>2868.880046</timestamp>
			</report>
			<report>
				<misses>255600000</misses>
				<total>0</total>
				<timestamp>2870.018859</timestamp>
			</report>
			<report>
				<misses>255700000</misses>
				<total>0</total>
				<timestamp>2871.200007</timestamp>
			</report>
			<report>
				<misses>255800000</misses>
				<total>0</total>
				<timestamp>2872.321095</timestamp>
			</report>
			<report>
				<misses>255900000</misses>
				<total>0</total>
				<timestamp>2873.449229</timestamp>
			</report>
			<report>
				<misses>256000000</misses>
				<total>0</total>
				<timestamp>2874.567487</timestamp>
			</report>
			<report>
				<misses>256100000</misses>
				<total>0</total>
				<timestamp>2875.719181</timestamp>
			</report>
			<report>
				<misses>256200000</misses>
				<total>0</total>
				<timestamp>2876.824686</timestamp>
			</report>
			<report>
				<misses>256300000</misses>
				<total>0</total>
				<timestamp>2877.993047</timestamp>
			</report>
			<report>
				<misses>256400000</misses>
				<total>0</total>
				<timestamp>2879.151704</timestamp>
			</report>
			<report>
				<misses>256500000</misses>
				<total>0</total>
				<timestamp>2880.261749</timestamp>
			</report>
			<report>
				<misses>256600000</misses>
				<total>0</total>
				<timestamp>2881.396090</timestamp>
			</report>
			<report>
				<misses>256700000</misses>
				<total>0</total>
				<timestamp>2882.509326</timestamp>
			</report>
			<report>
				<misses>256800000</misses>
				<total>0</total>
				<timestamp>2883.641728</timestamp>
			</report>
			<report>
				<misses>256900000</misses>
				<total>0</total>
				<timestamp>2884.763373</timestamp>
			</report>
			<report>
				<misses>257000000</misses>
				<total>0</total>
				<timestamp>2885.847980</timestamp>
			</report>
			<report>
				<misses>257100000</misses>
				<total>0</total>
				<timestamp>2887.015533</timestamp>
			</report>
			<report>
				<misses>257200000</misses>
				<total>0</total>
				<timestamp>2888.146221</timestamp>
			</report>
			<report>
				<misses>257300000</misses>
				<total>0</total>
				<timestamp>2889.278859</timestamp>
			</report>
			<report>
				<misses>257400000</misses>
				<total>0</total>
				<timestamp>2890.415180</timestamp>
			</report>
			<report>
				<misses>257500000</misses>
				<total>0</total>
				<timestamp>2891.602734</timestamp>
			</report>
			<report>
				<misses>257600000</misses>
				<total>0</total>
				<timestamp>2892.705863</timestamp>
			</report>
			<report>
				<misses>257700000</misses>
				<total>0</total>
				<timestamp>2893.859933</timestamp>
			</report>
			<report>
				<misses>257800000</misses>
				<total>0</total>
				<timestamp>2895.015435</timestamp>
			</report>
			<report>
				<misses>257900000</misses>
				<total>0</total>
				<timestamp>2896.177827</timestamp>
			</report>
			<report>
				<misses>258000000</misses>
				<total>0</total>
				<timestamp>2897.289750</timestamp>
			</report>
			<report>
				<misses>258100000</misses>
				<total>0</total>
				<timestamp>2898.434550</timestamp>
			</report>
			<report>
				<misses>258200000</misses>
				<total>0</total>
				<timestamp>2899.584813</timestamp>
			</report>
			<report>
				<misses>258300000</misses>
				<total>0</total>
				<timestamp>2900.769739</timestamp>
			</report>
			<report>
				<misses>258400000</misses>
				<total>0</total>
				<timestamp>2901.903806</timestamp>
			</report>
			<report>
				<misses>258500000</misses>
				<total>0</total>
				<timestamp>2903.086693</timestamp>
			</report>
			<report>
				<misses>258600000</misses>
				<total>0</total>
				<timestamp>2904.229735</timestamp>
			</report>
			<report>
				<misses>258700000</misses>
				<total>0</total>
				<timestamp>2905.308699</timestamp>
			</report>
			<report>
				<misses>258800000</misses>
				<total>0</total>
				<timestamp>2906.379274</timestamp>
			</report>
			<report>
				<misses>258900000</misses>
				<total>0</total>
				<timestamp>2907.518847</timestamp>
			</report>
			<report>
				<misses>259000000</misses>
				<total>0</total>
				<timestamp>2908.618182</timestamp>
			</report>
			<report>
				<misses>259100000</misses>
				<total>0</total>
				<timestamp>2909.759976</timestamp>
			</report>
			<report>
				<misses>259200000</misses>
				<total>0</total>
				<timestamp>2910.823501</timestamp>
			</report>
			<report>
				<misses>259300000</misses>
				<total>0</total>
				<timestamp>2911.969478</timestamp>
			</report>
			<report>
				<misses>259400000</misses>
				<total>0</total>
				<timestamp>2913.148429</timestamp>
			</report>
			<report>
				<misses>259500000</misses>
				<total>0</total>
				<timestamp>2914.270859</timestamp>
			</report>
			<report>
				<misses>259600000</misses>
				<total>0</total>
				<timestamp>2915.454174</timestamp>
			</report>
			<report>
				<misses>259700000</misses>
				<total>0</total>
				<timestamp>2916.600218</timestamp>
			</report>
			<report>
				<misses>259800000</misses>
				<total>0</total>
				<timestamp>2917.769632</timestamp>
			</report>
			<report>
				<misses>259900000</misses>
				<total>0</total>
				<timestamp>2918.936600</timestamp>
			</report>
			<report>
				<misses>260000000</misses>
				<total>0</total>
				<timestamp>2920.099884</timestamp>
			</report>
			<report>
				<misses>260100000</misses>
				<total>0</total>
				<timestamp>2921.242566</timestamp>
			</report>
			<report>
				<misses>260200000</misses>
				<total>0</total>
				<timestamp>2922.421155</timestamp>
			</report>
			<report>
				<misses>260300000</misses>
				<total>0</total>
				<timestamp>2923.520703</timestamp>
			</report>
			<report>
				<misses>260400000</misses>
				<total>0</total>
				<timestamp>2924.619521</timestamp>
			</report>
			<report>
				<misses>260500000</misses>
				<total>0</total>
				<timestamp>2925.693243</timestamp>
			</report>
			<report>
				<misses>260600000</misses>
				<total>0</total>
				<timestamp>2926.756141</timestamp>
			</report>
			<report>
				<misses>260700000</misses>
				<total>0</total>
				<timestamp>2927.840271</timestamp>
			</report>
			<report>
				<misses>260800000</misses>
				<total>0</total>
				<timestamp>2928.912035</timestamp>
			</report>
			<report>
				<misses>260900000</misses>
				<total>0</total>
				<timestamp>2930.031000</timestamp>
			</report>
			<report>
				<misses>261000000</misses>
				<total>0</total>
				<timestamp>2931.216203</timestamp>
			</report>
			<report>
				<misses>261100000</misses>
				<total>0</total>
				<timestamp>2932.384029</timestamp>
			</report>
			<report>
				<misses>261200000</misses>
				<total>0</total>
				<timestamp>2933.521990</timestamp>
			</report>
			<report>
				<misses>261300000</misses>
				<total>0</total>
				<timestamp>2934.707201</timestamp>
			</report>
			<report>
				<misses>261400000</misses>
				<total>0</total>
				<timestamp>2935.874541</timestamp>
			</report>
			<report>
				<misses>261500000</misses>
				<total>0</total>
				<timestamp>2937.043899</timestamp>
			</report>
			<report>
				<misses>261600000</misses>
				<total>0</total>
				<timestamp>2938.203797</timestamp>
			</report>
			<report>
				<misses>261700000</misses>
				<total>0</total>
				<timestamp>2939.341090</timestamp>
			</report>
			<report>
				<misses>261800000</misses>
				<total>0</total>
				<timestamp>2940.476765</timestamp>
			</report>
			<report>
				<misses>261900000</misses>
				<total>0</total>
				<timestamp>2941.618876</timestamp>
			</report>
			<report>
				<misses>262000000</misses>
				<total>0</total>
				<timestamp>2942.721267</timestamp>
			</report>
			<report>
				<misses>262100000</misses>
				<total>0</total>
				<timestamp>2943.817315</timestamp>
			</report>
			<report>
				<misses>262200000</misses>
				<total>0</total>
				<timestamp>2944.896334</timestamp>
			</report>
			<report>
				<misses>262300000</misses>
				<total>0</total>
				<timestamp>2945.966690</timestamp>
			</report>
			<report>
				<misses>262400000</misses>
				<total>0</total>
				<timestamp>2947.053484</timestamp>
			</report>
			<report>
				<misses>262500000</misses>
				<total>0</total>
				<timestamp>2948.150460</timestamp>
			</report>
			<report>
				<misses>262600000</misses>
				<total>0</total>
				<timestamp>2949.295676</timestamp>
			</report>
			<report>
				<misses>262700000</misses>
				<total>0</total>
				<timestamp>2950.426506</timestamp>
			</report>
			<report>
				<misses>262800000</misses>
				<total>0</total>
				<timestamp>2951.550328</timestamp>
			</report>
			<report>
				<misses>262900000</misses>
				<total>0</total>
				<timestamp>2952.652379</timestamp>
			</report>
			<report>
				<misses>263000000</misses>
				<total>0</total>
				<timestamp>2953.807032</timestamp>
			</report>
			<report>
				<misses>263100000</misses>
				<total>0</total>
				<timestamp>2954.949245</timestamp>
			</report>
			<report>
				<misses>263200000</misses>
				<total>0</total>
				<timestamp>2956.061486</timestamp>
			</report>
			<report>
				<misses>263300000</misses>
				<total>0</total>
				<timestamp>2957.189759</timestamp>
			</report>
			<report>
				<misses>263400000</misses>
				<total>0</total>
				<timestamp>2958.298181</timestamp>
			</report>
			<report>
				<misses>263500000</misses>
				<total>0</total>
				<timestamp>2959.417244</timestamp>
			</report>
			<report>
				<misses>263600000</misses>
				<total>0</total>
				<timestamp>2960.550325</timestamp>
			</report>
			<report>
				<misses>263700000</misses>
				<total>0</total>
				<timestamp>2961.691185</timestamp>
			</report>
			<report>
				<misses>263800000</misses>
				<total>0</total>
				<timestamp>2962.756701</timestamp>
			</report>
			<report>
				<misses>263900000</misses>
				<total>0</total>
				<timestamp>2963.879159</timestamp>
			</report>
			<report>
				<misses>264000000</misses>
				<total>0</total>
				<timestamp>2964.989987</timestamp>
			</report>
			<report>
				<misses>264100000</misses>
				<total>0</total>
				<timestamp>2966.069428</timestamp>
			</report>
			<report>
				<misses>264200000</misses>
				<total>0</total>
				<timestamp>2967.170384</timestamp>
			</report>
			<report>
				<misses>264300000</misses>
				<total>0</total>
				<timestamp>2968.328027</timestamp>
			</report>
			<report>
				<misses>264400000</misses>
				<total>0</total>
				<timestamp>2969.477490</timestamp>
			</report>
			<report>
				<misses>264500000</misses>
				<total>0</total>
				<timestamp>2970.636937</timestamp>
			</report>
			<report>
				<misses>264600000</misses>
				<total>0</total>
				<timestamp>2971.740512</timestamp>
			</report>
			<report>
				<misses>264700000</misses>
				<total>0</total>
				<timestamp>2972.835642</timestamp>
			</report>
			<report>
				<misses>264800000</misses>
				<total>0</total>
				<timestamp>2973.974718</timestamp>
			</report>
			<report>
				<misses>264900000</misses>
				<total>0</total>
				<timestamp>2975.090238</timestamp>
			</report>
			<report>
				<misses>265000000</misses>
				<total>0</total>
				<timestamp>2976.244672</timestamp>
			</report>
			<report>
				<misses>265100000</misses>
				<total>0</total>
				<timestamp>2977.385671</timestamp>
			</report>
			<report>
				<misses>265200000</misses>
				<total>0</total>
				<timestamp>2978.489273</timestamp>
			</report>
			<report>
				<misses>265300000</misses>
				<total>0</total>
				<timestamp>2979.613073</timestamp>
			</report>
			<report>
				<misses>265400000</misses>
				<total>0</total>
				<timestamp>2980.712204</timestamp>
			</report>
			<report>
				<misses>265500000</misses>
				<total>0</total>
				<timestamp>2981.810665</timestamp>
			</report>
			<report>
				<misses>265600000</misses>
				<total>0</total>
				<timestamp>2982.954801</timestamp>
			</report>
			<report>
				<misses>265700000</misses>
				<total>0</total>
				<timestamp>2984.077584</timestamp>
			</report>
			<report>
				<misses>265800000</misses>
				<total>0</total>
				<timestamp>2985.231897</timestamp>
			</report>
			<report>
				<misses>265900000</misses>
				<total>0</total>
				<timestamp>2986.367786</timestamp>
			</report>
			<report>
				<misses>266000000</misses>
				<total>0</total>
				<timestamp>2987.486919</timestamp>
			</report>
			<report>
				<misses>266100000</misses>
				<total>0</total>
				<timestamp>2988.611740</timestamp>
			</report>
			<report>
				<misses>266200000</misses>
				<total>0</total>
				<timestamp>2989.768942</timestamp>
			</report>
			<report>
				<misses>266300000</misses>
				<total>0</total>
				<timestamp>2990.874277</timestamp>
			</report>
			<report>
				<misses>266400000</misses>
				<total>0</total>
				<timestamp>2991.964933</timestamp>
			</report>
			<report>
				<misses>266500000</misses>
				<total>0</total>
				<timestamp>2993.042920</timestamp>
			</report>
			<report>
				<misses>266600000</misses>
				<total>0</total>
				<timestamp>2994.133031</timestamp>
			</report>
			<report>
				<misses>266700000</misses>
				<total>0</total>
				<timestamp>2995.211202</timestamp>
			</report>
			<report>
				<misses>266800000</misses>
				<total>0</total>
				<timestamp>2996.299414</timestamp>
			</report>
			<report>
				<misses>266900000</misses>
				<total>0</total>
				<timestamp>2997.360917</timestamp>
			</report>
			<report>
				<misses>267000000</misses>
				<total>0</total>
				<timestamp>2998.470727</timestamp>
			</report>
			<report>
				<misses>267100000</misses>
				<total>0</total>
				<timestamp>2999.582561</timestamp>
			</report>
			<report>
				<misses>267200000</misses>
				<total>0</total>
				<timestamp>3000.732508</timestamp>
			</report>
			<report>
				<misses>267300000</misses>
				<total>0</total>
				<timestamp>3001.909208</timestamp>
			</report>
			<report>
				<misses>267400000</misses>
				<total>0</total>
				<timestamp>3002.997037</timestamp>
			</report>
			<report>
				<misses>267500000</misses>
				<total>0</total>
				<timestamp>3004.156931</timestamp>
			</report>
			<report>
				<misses>267600000</misses>
				<total>0</total>
				<timestamp>3005.252856</timestamp>
			</report>
			<report>
				<misses>267700000</misses>
				<total>0</total>
				<timestamp>3006.369368</timestamp>
			</report>
			<report>
				<misses>267800000</misses>
				<total>0</total>
				<timestamp>3007.521353</timestamp>
			</report>
			<report>
				<misses>267900000</misses>
				<total>0</total>
				<timestamp>3008.668493</timestamp>
			</report>
			<report>
				<misses>268000000</misses>
				<total>0</total>
				<timestamp>3009.769315</timestamp>
			</report>
			<report>
				<misses>268100000</misses>
				<total>0</total>
				<timestamp>3010.870510</timestamp>
			</report>
			<report>
				<misses>268200000</misses>
				<total>0</total>
				<timestamp>3011.998283</timestamp>
			</report>
			<report>
				<misses>268300000</misses>
				<total>0</total>
				<timestamp>3013.068299</timestamp>
			</report>
			<report>
				<misses>268400000</misses>
				<total>0</total>
				<timestamp>3014.219090</timestamp>
			</report>
			<report>
				<misses>268500000</misses>
				<total>0</total>
				<timestamp>3015.313151</timestamp>
			</report>
			<report>
				<misses>268600000</misses>
				<total>0</total>
				<timestamp>3016.386109</timestamp>
			</report>
			<report>
				<misses>268700000</misses>
				<total>0</total>
				<timestamp>3017.466839</timestamp>
			</report>
			<report>
				<misses>268800000</misses>
				<total>0</total>
				<timestamp>3018.571044</timestamp>
			</report>
			<report>
				<misses>268900000</misses>
				<total>0</total>
				<timestamp>3019.692226</timestamp>
			</report>
			<report>
				<misses>269000000</misses>
				<total>0</total>
				<timestamp>3020.819817</timestamp>
			</report>
			<report>
				<misses>269100000</misses>
				<total>0</total>
				<timestamp>3021.966794</timestamp>
			</report>
			<report>
				<misses>269200000</misses>
				<total>0</total>
				<timestamp>3023.104042</timestamp>
			</report>
			<report>
				<misses>269300000</misses>
				<total>0</total>
				<timestamp>3024.239836</timestamp>
			</report>
			<report>
				<misses>269400000</misses>
				<total>0</total>
				<timestamp>3025.376189</timestamp>
			</report>
			<report>
				<misses>269500000</misses>
				<total>0</total>
				<timestamp>3026.518775</timestamp>
			</report>
			<report>
				<misses>269600000</misses>
				<total>0</total>
				<timestamp>3027.665880</timestamp>
			</report>
			<report>
				<misses>269700000</misses>
				<total>0</total>
				<timestamp>3028.829923</timestamp>
			</report>
			<report>
				<misses>269800000</misses>
				<total>0</total>
				<timestamp>3029.954932</timestamp>
			</report>
			<report>
				<misses>269900000</misses>
				<total>0</total>
				<timestamp>3031.044593</timestamp>
			</report>
			<report>
				<misses>270000000</misses>
				<total>0</total>
				<timestamp>3032.128928</timestamp>
			</report>
			<report>
				<misses>270100000</misses>
				<total>0</total>
				<timestamp>3033.227910</timestamp>
			</report>
			<report>
				<misses>270200000</misses>
				<total>0</total>
				<timestamp>3034.297762</timestamp>
			</report>
			<report>
				<misses>270300000</misses>
				<total>0</total>
				<timestamp>3035.367938</timestamp>
			</report>
			<report>
				<misses>270400000</misses>
				<total>0</total>
				<timestamp>3036.434342</timestamp>
			</report>
			<report>
				<misses>270500000</misses>
				<total>0</total>
				<timestamp>3037.576274</timestamp>
			</report>
			<report>
				<misses>270600000</misses>
				<total>0</total>
				<timestamp>3038.695362</timestamp>
			</report>
			<report>
				<misses>270700000</misses>
				<total>0</total>
				<timestamp>3039.814753</timestamp>
			</report>
			<report>
				<misses>270800000</misses>
				<total>0</total>
				<timestamp>3040.960358</timestamp>
			</report>
			<report>
				<misses>270900000</misses>
				<total>0</total>
				<timestamp>3042.119516</timestamp>
			</report>
			<report>
				<misses>271000000</misses>
				<total>0</total>
				<timestamp>3043.253901</timestamp>
			</report>
			<report>
				<misses>271100000</misses>
				<total>0</total>
				<timestamp>3044.413061</timestamp>
			</report>
			<report>
				<misses>271200000</misses>
				<total>0</total>
				<timestamp>3045.536531</timestamp>
			</report>
			<report>
				<misses>271300000</misses>
				<total>0</total>
				<timestamp>3046.657947</timestamp>
			</report>
			<report>
				<misses>271400000</misses>
				<total>0</total>
				<timestamp>3047.865672</timestamp>
			</report>
			<report>
				<misses>271500000</misses>
				<total>0</total>
				<timestamp>3049.005082</timestamp>
			</report>
			<report>
				<misses>271600000</misses>
				<total>0</total>
				<timestamp>3050.139676</timestamp>
			</report>
			<report>
				<misses>271700000</misses>
				<total>0</total>
				<timestamp>3051.264828</timestamp>
			</report>
			<report>
				<misses>271800000</misses>
				<total>0</total>
				<timestamp>3052.432943</timestamp>
			</report>
			<report>
				<misses>271900000</misses>
				<total>0</total>
				<timestamp>3053.499869</timestamp>
			</report>
			<report>
				<misses>272000000</misses>
				<total>0</total>
				<timestamp>3054.634542</timestamp>
			</report>
			<report>
				<misses>272100000</misses>
				<total>0</total>
				<timestamp>3055.753085</timestamp>
			</report>
			<report>
				<misses>272200000</misses>
				<total>0</total>
				<timestamp>3056.891167</timestamp>
			</report>
			<report>
				<misses>272300000</misses>
				<total>0</total>
				<timestamp>3058.021825</timestamp>
			</report>
			<report>
				<misses>272400000</misses>
				<total>0</total>
				<timestamp>3059.097102</timestamp>
			</report>
			<report>
				<misses>272500000</misses>
				<total>0</total>
				<timestamp>3060.202364</timestamp>
			</report>
			<report>
				<misses>272600000</misses>
				<total>0</total>
				<timestamp>3061.332930</timestamp>
			</report>
			<report>
				<misses>272700000</misses>
				<total>0</total>
				<timestamp>3062.445274</timestamp>
			</report>
			<report>
				<misses>272800000</misses>
				<total>0</total>
				<timestamp>3063.626787</timestamp>
			</report>
			<report>
				<misses>272900000</misses>
				<total>0</total>
				<timestamp>3064.757987</timestamp>
			</report>
			<report>
				<misses>273000000</misses>
				<total>0</total>
				<timestamp>3065.924038</timestamp>
			</report>
			<report>
				<misses>273100000</misses>
				<total>0</total>
				<timestamp>3067.085768</timestamp>
			</report>
			<report>
				<misses>273200000</misses>
				<total>0</total>
				<timestamp>3068.264762</timestamp>
			</report>
			<report>
				<misses>273300000</misses>
				<total>0</total>
				<timestamp>3069.372568</timestamp>
			</report>
			<report>
				<misses>273400000</misses>
				<total>0</total>
				<timestamp>3070.498039</timestamp>
			</report>
			<report>
				<misses>273500000</misses>
				<total>0</total>
				<timestamp>3071.634295</timestamp>
			</report>
			<report>
				<misses>273600000</misses>
				<total>0</total>
				<timestamp>3072.813052</timestamp>
			</report>
			<report>
				<misses>273700000</misses>
				<total>0</total>
				<timestamp>3073.916617</timestamp>
			</report>
			<report>
				<misses>273800000</misses>
				<total>0</total>
				<timestamp>3075.036871</timestamp>
			</report>
			<report>
				<misses>273900000</misses>
				<total>0</total>
				<timestamp>3076.185708</timestamp>
			</report>
			<report>
				<misses>274000000</misses>
				<total>0</total>
				<timestamp>3077.310062</timestamp>
			</report>
			<report>
				<misses>274100000</misses>
				<total>0</total>
				<timestamp>3078.430638</timestamp>
			</report>
			<report>
				<misses>274200000</misses>
				<total>0</total>
				<timestamp>3079.571421</timestamp>
			</report>
			<report>
				<misses>274300000</misses>
				<total>0</total>
				<timestamp>3080.770911</timestamp>
			</report>
			<report>
				<misses>274400000</misses>
				<total>0</total>
				<timestamp>3081.924350</timestamp>
			</report>
			<report>
				<misses>274500000</misses>
				<total>0</total>
				<timestamp>3083.030537</timestamp>
			</report>
			<report>
				<misses>274600000</misses>
				<total>0</total>
				<timestamp>3084.186520</timestamp>
			</report>
			<report>
				<misses>274700000</misses>
				<total>0</total>
				<timestamp>3085.338651</timestamp>
			</report>
			<report>
				<misses>274800000</misses>
				<total>0</total>
				<timestamp>3086.513166</timestamp>
			</report>
			<report>
				<misses>274900000</misses>
				<total>0</total>
				<timestamp>3087.678170</timestamp>
			</report>
			<report>
				<misses>275000000</misses>
				<total>0</total>
				<timestamp>3088.856647</timestamp>
			</report>
			<report>
				<misses>275100000</misses>
				<total>0</total>
				<timestamp>3089.954565</timestamp>
			</report>
			<report>
				<misses>275200000</misses>
				<total>0</total>
				<timestamp>3091.032597</timestamp>
			</report>
			<report>
				<misses>275300000</misses>
				<total>0</total>
				<timestamp>3092.145613</timestamp>
			</report>
			<report>
				<misses>275400000</misses>
				<total>0</total>
				<timestamp>3093.256460</timestamp>
			</report>
			<report>
				<misses>275500000</misses>
				<total>0</total>
				<timestamp>3094.330063</timestamp>
			</report>
			<report>
				<misses>275600000</misses>
				<total>0</total>
				<timestamp>3095.412393</timestamp>
			</report>
			<report>
				<misses>275700000</misses>
				<total>0</total>
				<timestamp>3096.570566</timestamp>
			</report>
			<report>
				<misses>275800000</misses>
				<total>0</total>
				<timestamp>3097.706678</timestamp>
			</report>
			<report>
				<misses>275900000</misses>
				<total>0</total>
				<timestamp>3098.861059</timestamp>
			</report>
			<report>
				<misses>276000000</misses>
				<total>0</total>
				<timestamp>3100.021251</timestamp>
			</report>
			<report>
				<misses>276100000</misses>
				<total>0</total>
				<timestamp>3101.184245</timestamp>
			</report>
			<report>
				<misses>276200000</misses>
				<total>0</total>
				<timestamp>3102.280413</timestamp>
			</report>
			<report>
				<misses>276300000</misses>
				<total>0</total>
				<timestamp>3103.422706</timestamp>
			</report>
			<report>
				<misses>276400000</misses>
				<total>0</total>
				<timestamp>3104.576388</timestamp>
			</report>
			<report>
				<misses>276500000</misses>
				<total>0</total>
				<timestamp>3105.713060</timestamp>
			</report>
			<report>
				<misses>276600000</misses>
				<total>0</total>
				<timestamp>3106.868879</timestamp>
			</report>
			<report>
				<misses>276700000</misses>
				<total>0</total>
				<timestamp>3108.007010</timestamp>
			</report>
			<report>
				<misses>276800000</misses>
				<total>0</total>
				<timestamp>3109.177461</timestamp>
			</report>
			<report>
				<misses>276900000</misses>
				<total>0</total>
				<timestamp>3110.323263</timestamp>
			</report>
			<report>
				<misses>277000000</misses>
				<total>0</total>
				<timestamp>3111.420514</timestamp>
			</report>
			<report>
				<misses>277100000</misses>
				<total>0</total>
				<timestamp>3112.589988</timestamp>
			</report>
			<report>
				<misses>277200000</misses>
				<total>0</total>
				<timestamp>3113.733318</timestamp>
			</report>
			<report>
				<misses>277300000</misses>
				<total>0</total>
				<timestamp>3114.851198</timestamp>
			</report>
			<report>
				<misses>277400000</misses>
				<total>0</total>
				<timestamp>3115.991013</timestamp>
			</report>
			<report>
				<misses>277500000</misses>
				<total>0</total>
				<timestamp>3117.070499</timestamp>
			</report>
			<report>
				<misses>277600000</misses>
				<total>0</total>
				<timestamp>3118.134909</timestamp>
			</report>
			<report>
				<misses>277700000</misses>
				<total>0</total>
				<timestamp>3119.244342</timestamp>
			</report>
			<report>
				<misses>277800000</misses>
				<total>0</total>
				<timestamp>3120.306736</timestamp>
			</report>
			<report>
				<misses>277900000</misses>
				<total>0</total>
				<timestamp>3121.399344</timestamp>
			</report>
			<report>
				<misses>278000000</misses>
				<total>0</total>
				<timestamp>3122.490337</timestamp>
			</report>
			<report>
				<misses>278100000</misses>
				<total>0</total>
				<timestamp>3123.594825</timestamp>
			</report>
			<report>
				<misses>278200000</misses>
				<total>0</total>
				<timestamp>3124.718808</timestamp>
			</report>
			<report>
				<misses>278300000</misses>
				<total>0</total>
				<timestamp>3125.896847</timestamp>
			</report>
			<report>
				<misses>278400000</misses>
				<total>0</total>
				<timestamp>3127.034923</timestamp>
			</report>
			<report>
				<misses>278500000</misses>
				<total>0</total>
				<timestamp>3128.162442</timestamp>
			</report>
			<report>
				<misses>278600000</misses>
				<total>0</total>
				<timestamp>3129.300302</timestamp>
			</report>
			<report>
				<misses>278700000</misses>
				<total>0</total>
				<timestamp>3130.423830</timestamp>
			</report>
			<report>
				<misses>278800000</misses>
				<total>0</total>
				<timestamp>3131.550051</timestamp>
			</report>
			<report>
				<misses>278900000</misses>
				<total>0</total>
				<timestamp>3132.670469</timestamp>
			</report>
			<report>
				<misses>279000000</misses>
				<total>0</total>
				<timestamp>3133.787270</timestamp>
			</report>
			<report>
				<misses>279100000</misses>
				<total>0</total>
				<timestamp>3134.886192</timestamp>
			</report>
			<report>
				<misses>279200000</misses>
				<total>0</total>
				<timestamp>3136.000173</timestamp>
			</report>
			<report>
				<misses>279300000</misses>
				<total>0</total>
				<timestamp>3137.124683</timestamp>
			</report>
			<report>
				<misses>279400000</misses>
				<total>0</total>
				<timestamp>3138.237030</timestamp>
			</report>
			<report>
				<misses>279500000</misses>
				<total>0</total>
				<timestamp>3139.356249</timestamp>
			</report>
			<report>
				<misses>279600000</misses>
				<total>0</total>
				<timestamp>3140.535501</timestamp>
			</report>
			<report>
				<misses>279700000</misses>
				<total>0</total>
				<timestamp>3141.669007</timestamp>
			</report>
			<report>
				<misses>279800000</misses>
				<total>0</total>
				<timestamp>3142.798436</timestamp>
			</report>
			<report>
				<misses>279900000</misses>
				<total>0</total>
				<timestamp>3143.906944</timestamp>
			</report>
			<report>
				<misses>280000000</misses>
				<total>0</total>
				<timestamp>3144.996542</timestamp>
			</report>
			<report>
				<misses>280100000</misses>
				<total>0</total>
				<timestamp>3146.083300</timestamp>
			</report>
			<report>
				<misses>280200000</misses>
				<total>0</total>
				<timestamp>3147.210678</timestamp>
			</report>
			<report>
				<misses>280300000</misses>
				<total>0</total>
				<timestamp>3148.317686</timestamp>
			</report>
			<report>
				<misses>280400000</misses>
				<total>0</total>
				<timestamp>3149.378167</timestamp>
			</report>
			<report>
				<misses>280500000</misses>
				<total>0</total>
				<timestamp>3150.477039</timestamp>
			</report>
			<report>
				<misses>280600000</misses>
				<total>0</total>
				<timestamp>3151.559911</timestamp>
			</report>
			<report>
				<misses>280700000</misses>
				<total>0</total>
				<timestamp>3152.675593</timestamp>
			</report>
			<report>
				<misses>280800000</misses>
				<total>0</total>
				<timestamp>3153.824101</timestamp>
			</report>
			<report>
				<misses>280900000</misses>
				<total>0</total>
				<timestamp>3155.018119</timestamp>
			</report>
			<report>
				<misses>281000000</misses>
				<total>0</total>
				<timestamp>3156.155892</timestamp>
			</report>
			<report>
				<misses>281100000</misses>
				<total>0</total>
				<timestamp>3157.289838</timestamp>
			</report>
			<report>
				<misses>281200000</misses>
				<total>0</total>
				<timestamp>3158.425949</timestamp>
			</report>
			<report>
				<misses>281300000</misses>
				<total>0</total>
				<timestamp>3159.559295</timestamp>
			</report>
			<report>
				<misses>281400000</misses>
				<total>0</total>
				<timestamp>3160.698336</timestamp>
			</report>
			<report>
				<misses>281500000</misses>
				<total>0</total>
				<timestamp>3161.789794</timestamp>
			</report>
			<report>
				<misses>281600000</misses>
				<total>0</total>
				<timestamp>3162.905620</timestamp>
			</report>
			<report>
				<misses>281700000</misses>
				<total>0</total>
				<timestamp>3163.990786</timestamp>
			</report>
			<report>
				<misses>281800000</misses>
				<total>0</total>
				<timestamp>3165.040777</timestamp>
			</report>
			<report>
				<misses>281900000</misses>
				<total>0</total>
				<timestamp>3166.117089</timestamp>
			</report>
			<report>
				<misses>282000000</misses>
				<total>0</total>
				<timestamp>3167.191036</timestamp>
			</report>
			<report>
				<misses>282100000</misses>
				<total>0</total>
				<timestamp>3168.313190</timestamp>
			</report>
			<report>
				<misses>282200000</misses>
				<total>0</total>
				<timestamp>3169.419586</timestamp>
			</report>
			<report>
				<misses>282300000</misses>
				<total>0</total>
				<timestamp>3170.531534</timestamp>
			</report>
			<report>
				<misses>282400000</misses>
				<total>0</total>
				<timestamp>3171.659009</timestamp>
			</report>
			<report>
				<misses>282500000</misses>
				<total>0</total>
				<timestamp>3172.844217</timestamp>
			</report>
			<report>
				<misses>282600000</misses>
				<total>0</total>
				<timestamp>3173.985185</timestamp>
			</report>
			<report>
				<misses>282700000</misses>
				<total>0</total>
				<timestamp>3175.157801</timestamp>
			</report>
			<report>
				<misses>282800000</misses>
				<total>0</total>
				<timestamp>3176.237125</timestamp>
			</report>
			<report>
				<misses>282900000</misses>
				<total>0</total>
				<timestamp>3177.382180</timestamp>
			</report>
			<report>
				<misses>283000000</misses>
				<total>0</total>
				<timestamp>3178.502966</timestamp>
			</report>
			<report>
				<misses>283100000</misses>
				<total>0</total>
				<timestamp>3179.609234</timestamp>
			</report>
			<report>
				<misses>283200000</misses>
				<total>0</total>
				<timestamp>3180.736983</timestamp>
			</report>
			<report>
				<misses>283300000</misses>
				<total>0</total>
				<timestamp>3181.894097</timestamp>
			</report>
			<report>
				<misses>283400000</misses>
				<total>0</total>
				<timestamp>3183.015592</timestamp>
			</report>
			<report>
				<misses>283500000</misses>
				<total>0</total>
				<timestamp>3184.132454</timestamp>
			</report>
			<report>
				<misses>283600000</misses>
				<total>0</total>
				<timestamp>3185.193409</timestamp>
			</report>
			<report>
				<misses>283700000</misses>
				<total>0</total>
				<timestamp>3186.292067</timestamp>
			</report>
			<report>
				<misses>283800000</misses>
				<total>0</total>
				<timestamp>3187.374561</timestamp>
			</report>
			<report>
				<misses>283900000</misses>
				<total>0</total>
				<timestamp>3188.489980</timestamp>
			</report>
			<report>
				<misses>284000000</misses>
				<total>0</total>
				<timestamp>3189.576281</timestamp>
			</report>
			<report>
				<misses>284100000</misses>
				<total>0</total>
				<timestamp>3190.680022</timestamp>
			</report>
			<report>
				<misses>284200000</misses>
				<total>0</total>
				<timestamp>3191.816505</timestamp>
			</report>
			<report>
				<misses>284300000</misses>
				<total>0</total>
				<timestamp>3192.907593</timestamp>
			</report>
			<report>
				<misses>284400000</misses>
				<total>0</total>
				<timestamp>3194.056485</timestamp>
			</report>
			<report>
				<misses>284500000</misses>
				<total>0</total>
				<timestamp>3195.218169</timestamp>
			</report>
			<report>
				<misses>284600000</misses>
				<total>0</total>
				<timestamp>3196.374904</timestamp>
			</report>
			<report>
				<misses>284700000</misses>
				<total>0</total>
				<timestamp>3197.518462</timestamp>
			</report>
			<report>
				<misses>284800000</misses>
				<total>0</total>
				<timestamp>3198.630149</timestamp>
			</report>
			<report>
				<misses>284900000</misses>
				<total>0</total>
				<timestamp>3199.754280</timestamp>
			</report>
			<report>
				<misses>285000000</misses>
				<total>0</total>
				<timestamp>3200.853076</timestamp>
			</report>
			<report>
				<misses>285100000</misses>
				<total>0</total>
				<timestamp>3201.977017</timestamp>
			</report>
			<report>
				<misses>285200000</misses>
				<total>0</total>
				<timestamp>3203.049633</timestamp>
			</report>
			<report>
				<misses>285300000</misses>
				<total>0</total>
				<timestamp>3204.119054</timestamp>
			</report>
			<report>
				<misses>285400000</misses>
				<total>0</total>
				<timestamp>3205.169104</timestamp>
			</report>
			<report>
				<misses>285500000</misses>
				<total>0</total>
				<timestamp>3206.239584</timestamp>
			</report>
			<report>
				<misses>285600000</misses>
				<total>0</total>
				<timestamp>3207.302216</timestamp>
			</report>
			<report>
				<misses>285700000</misses>
				<total>0</total>
				<timestamp>3208.426391</timestamp>
			</report>
			<report>
				<misses>285800000</misses>
				<total>0</total>
				<timestamp>3209.562243</timestamp>
			</report>
			<report>
				<misses>285900000</misses>
				<total>0</total>
				<timestamp>3210.677699</timestamp>
			</report>
			<report>
				<misses>286000000</misses>
				<total>0</total>
				<timestamp>3211.848072</timestamp>
			</report>
			<report>
				<misses>286100000</misses>
				<total>0</total>
				<timestamp>3212.952224</timestamp>
			</report>
			<report>
				<misses>286200000</misses>
				<total>0</total>
				<timestamp>3214.134740</timestamp>
			</report>
			<report>
				<misses>286300000</misses>
				<total>0</total>
				<timestamp>3215.282985</timestamp>
			</report>
			<report>
				<misses>286400000</misses>
				<total>0</total>
				<timestamp>3216.389201</timestamp>
			</report>
			<report>
				<misses>286500000</misses>
				<total>0</total>
				<timestamp>3217.546407</timestamp>
			</report>
			<report>
				<misses>286600000</misses>
				<total>0</total>
				<timestamp>3218.651351</timestamp>
			</report>
			<report>
				<misses>286700000</misses>
				<total>0</total>
				<timestamp>3219.732724</timestamp>
			</report>
			<report>
				<misses>286800000</misses>
				<total>0</total>
				<timestamp>3220.810495</timestamp>
			</report>
			<report>
				<misses>286900000</misses>
				<total>0</total>
				<timestamp>3221.897706</timestamp>
			</report>
			<report>
				<misses>287000000</misses>
				<total>0</total>
				<timestamp>3222.963124</timestamp>
			</report>
			<report>
				<misses>287100000</misses>
				<total>0</total>
				<timestamp>3224.066861</timestamp>
			</report>
			<report>
				<misses>287200000</misses>
				<total>0</total>
				<timestamp>3225.168536</timestamp>
			</report>
			<report>
				<misses>287300000</misses>
				<total>0</total>
				<timestamp>3226.304254</timestamp>
			</report>
			<report>
				<misses>287400000</misses>
				<total>0</total>
				<timestamp>3227.498402</timestamp>
			</report>
			<report>
				<misses>287500000</misses>
				<total>0</total>
				<timestamp>3228.629130</timestamp>
			</report>
			<report>
				<misses>287600000</misses>
				<total>0</total>
				<timestamp>3229.730153</timestamp>
			</report>
			<report>
				<misses>287700000</misses>
				<total>0</total>
				<timestamp>3230.883743</timestamp>
			</report>
			<report>
				<misses>287800000</misses>
				<total>0</total>
				<timestamp>3232.033320</timestamp>
			</report>
			<report>
				<misses>287900000</misses>
				<total>0</total>
				<timestamp>3233.225578</timestamp>
			</report>
			<report>
				<misses>288000000</misses>
				<total>0</total>
				<timestamp>3234.410619</timestamp>
			</report>
			<report>
				<misses>288100000</misses>
				<total>0</total>
				<timestamp>3235.622705</timestamp>
			</report>
			<report>
				<misses>288200000</misses>
				<total>0</total>
				<timestamp>3236.687912</timestamp>
			</report>
			<report>
				<misses>288300000</misses>
				<total>0</total>
				<timestamp>3237.753279</timestamp>
			</report>
			<report>
				<misses>288400000</misses>
				<total>0</total>
				<timestamp>3238.863946</timestamp>
			</report>
			<report>
				<misses>288500000</misses>
				<total>0</total>
				<timestamp>3239.963373</timestamp>
			</report>
			<report>
				<misses>288600000</misses>
				<total>0</total>
				<timestamp>3241.012005</timestamp>
			</report>
			<report>
				<misses>288700000</misses>
				<total>0</total>
				<timestamp>3242.102291</timestamp>
			</report>
			<report>
				<misses>288800000</misses>
				<total>0</total>
				<timestamp>3243.220583</timestamp>
			</report>
			<report>
				<misses>288900000</misses>
				<total>0</total>
				<timestamp>3244.339859</timestamp>
			</report>
			<report>
				<misses>289000000</misses>
				<total>0</total>
				<timestamp>3245.475218</timestamp>
			</report>
			<report>
				<misses>289100000</misses>
				<total>0</total>
				<timestamp>3246.636342</timestamp>
			</report>
			<report>
				<misses>289200000</misses>
				<total>0</total>
				<timestamp>3247.753673</timestamp>
			</report>
			<report>
				<misses>289300000</misses>
				<total>0</total>
				<timestamp>3248.898518</timestamp>
			</report>
			<report>
				<misses>289400000</misses>
				<total>0</total>
				<timestamp>3250.034270</timestamp>
			</report>
			<report>
				<misses>289500000</misses>
				<total>0</total>
				<timestamp>3251.223524</timestamp>
			</report>
			<report>
				<misses>289600000</misses>
				<total>0</total>
				<timestamp>3252.420448</timestamp>
			</report>
			<report>
				<misses>289700000</misses>
				<total>0</total>
				<timestamp>3253.506991</timestamp>
			</report>
			<report>
				<misses>289800000</misses>
				<total>0</total>
				<timestamp>3254.669670</timestamp>
			</report>
			<report>
				<misses>289900000</misses>
				<total>0</total>
				<timestamp>3255.838451</timestamp>
			</report>
			<report>
				<misses>290000000</misses>
				<total>0</total>
				<timestamp>3256.985563</timestamp>
			</report>
			<report>
				<misses>290100000</misses>
				<total>0</total>
				<timestamp>3258.125704</timestamp>
			</report>
			<report>
				<misses>290200000</misses>
				<total>0</total>
				<timestamp>3259.239339</timestamp>
			</report>
			<report>
				<misses>290300000</misses>
				<total>0</total>
				<timestamp>3260.386966</timestamp>
			</report>
			<report>
				<misses>290400000</misses>
				<total>0</total>
				<timestamp>3261.523764</timestamp>
			</report>
			<report>
				<misses>290500000</misses>
				<total>0</total>
				<timestamp>3262.639827</timestamp>
			</report>
			<report>
				<misses>290600000</misses>
				<total>0</total>
				<timestamp>3263.742095</timestamp>
			</report>
			<report>
				<misses>290700000</misses>
				<total>0</total>
				<timestamp>3264.902905</timestamp>
			</report>
			<report>
				<misses>290800000</misses>
				<total>0</total>
				<timestamp>3266.059499</timestamp>
			</report>
			<report>
				<misses>290900000</misses>
				<total>0</total>
				<timestamp>3267.285798</timestamp>
			</report>
			<report>
				<misses>291000000</misses>
				<total>0</total>
				<timestamp>3268.412609</timestamp>
			</report>
			<report>
				<misses>291100000</misses>
				<total>0</total>
				<timestamp>3269.539103</timestamp>
			</report>
			<report>
				<misses>291200000</misses>
				<total>0</total>
				<timestamp>3270.679330</timestamp>
			</report>
			<report>
				<misses>291300000</misses>
				<total>0</total>
				<timestamp>3271.821988</timestamp>
			</report>
			<report>
				<misses>291400000</misses>
				<total>0</total>
				<timestamp>3272.965963</timestamp>
			</report>
			<report>
				<misses>291500000</misses>
				<total>0</total>
				<timestamp>3274.096163</timestamp>
			</report>
			<report>
				<misses>291600000</misses>
				<total>0</total>
				<timestamp>3275.224441</timestamp>
			</report>
			<report>
				<misses>291700000</misses>
				<total>0</total>
				<timestamp>3276.372430</timestamp>
			</report>
			<report>
				<misses>291800000</misses>
				<total>0</total>
				<timestamp>3277.498977</timestamp>
			</report>
			<report>
				<misses>291900000</misses>
				<total>0</total>
				<timestamp>3278.564741</timestamp>
			</report>
			<report>
				<misses>292000000</misses>
				<total>0</total>
				<timestamp>3279.636491</timestamp>
			</report>
			<report>
				<misses>292100000</misses>
				<total>0</total>
				<timestamp>3280.679583</timestamp>
			</report>
			<report>
				<misses>292200000</misses>
				<total>0</total>
				<timestamp>3281.750557</timestamp>
			</report>
			<report>
				<misses>292300000</misses>
				<total>0</total>
				<timestamp>3282.854983</timestamp>
			</report>
			<report>
				<misses>292400000</misses>
				<total>0</total>
				<timestamp>3283.995183</timestamp>
			</report>
			<report>
				<misses>292500000</misses>
				<total>0</total>
				<timestamp>3285.093805</timestamp>
			</report>
			<report>
				<misses>292600000</misses>
				<total>0</total>
				<timestamp>3286.257287</timestamp>
			</report>
			<report>
				<misses>292700000</misses>
				<total>0</total>
				<timestamp>3287.436749</timestamp>
			</report>
			<report>
				<misses>292800000</misses>
				<total>0</total>
				<timestamp>3288.554086</timestamp>
			</report>
			<report>
				<misses>292900000</misses>
				<total>0</total>
				<timestamp>3289.672718</timestamp>
			</report>
			<report>
				<misses>293000000</misses>
				<total>0</total>
				<timestamp>3290.779643</timestamp>
			</report>
			<report>
				<misses>293100000</misses>
				<total>0</total>
				<timestamp>3291.940679</timestamp>
			</report>
			<report>
				<misses>293200000</misses>
				<total>0</total>
				<timestamp>3293.117204</timestamp>
			</report>
			<report>
				<misses>293300000</misses>
				<total>0</total>
				<timestamp>3294.285856</timestamp>
			</report>
			<report>
				<misses>293400000</misses>
				<total>0</total>
				<timestamp>3295.441701</timestamp>
			</report>
			<report>
				<misses>293500000</misses>
				<total>0</total>
				<timestamp>3296.594723</timestamp>
			</report>
			<report>
				<misses>293600000</misses>
				<total>0</total>
				<timestamp>3297.715500</timestamp>
			</report>
			<report>
				<misses>293700000</misses>
				<total>0</total>
				<timestamp>3298.867551</timestamp>
			</report>
			<report>
				<misses>293800000</misses>
				<total>0</total>
				<timestamp>3299.957626</timestamp>
			</report>
			<report>
				<misses>293900000</misses>
				<total>0</total>
				<timestamp>3301.119436</timestamp>
			</report>
			<report>
				<misses>294000000</misses>
				<total>0</total>
				<timestamp>3302.266750</timestamp>
			</report>
			<report>
				<misses>294100000</misses>
				<total>0</total>
				<timestamp>3303.424590</timestamp>
			</report>
			<report>
				<misses>294200000</misses>
				<total>0</total>
				<timestamp>3304.578048</timestamp>
			</report>
			<report>
				<misses>294300000</misses>
				<total>0</total>
				<timestamp>3305.698964</timestamp>
			</report>
			<report>
				<misses>294400000</misses>
				<total>0</total>
				<timestamp>3306.811117</timestamp>
			</report>
			<report>
				<misses>294500000</misses>
				<total>0</total>
				<timestamp>3307.934580</timestamp>
			</report>
			<report>
				<misses>294600000</misses>
				<total>0</total>
				<timestamp>3309.003927</timestamp>
			</report>
			<report>
				<misses>294700000</misses>
				<total>0</total>
				<timestamp>3310.086659</timestamp>
			</report>
			<report>
				<misses>294800000</misses>
				<total>0</total>
				<timestamp>3311.221887</timestamp>
			</report>
			<report>
				<misses>294900000</misses>
				<total>0</total>
				<timestamp>3312.303422</timestamp>
			</report>
			<report>
				<misses>295000000</misses>
				<total>0</total>
				<timestamp>3313.360743</timestamp>
			</report>
			<report>
				<misses>295100000</misses>
				<total>0</total>
				<timestamp>3314.462660</timestamp>
			</report>
			<report>
				<misses>295200000</misses>
				<total>0</total>
				<timestamp>3315.656765</timestamp>
			</report>
			<report>
				<misses>295300000</misses>
				<total>0</total>
				<timestamp>3316.806076</timestamp>
			</report>
			<report>
				<misses>295400000</misses>
				<total>0</total>
				<timestamp>3317.962789</timestamp>
			</report>
			<report>
				<misses>295500000</misses>
				<total>0</total>
				<timestamp>3319.122526</timestamp>
			</report>
			<report>
				<misses>295600000</misses>
				<total>0</total>
				<timestamp>3320.263558</timestamp>
			</report>
			<report>
				<misses>295700000</misses>
				<total>0</total>
				<timestamp>3321.376532</timestamp>
			</report>
			<report>
				<misses>295800000</misses>
				<total>0</total>
				<timestamp>3322.532347</timestamp>
			</report>
			<report>
				<misses>295900000</misses>
				<total>0</total>
				<timestamp>3323.664293</timestamp>
			</report>
			<report>
				<misses>296000000</misses>
				<total>0</total>
				<timestamp>3324.773935</timestamp>
			</report>
			<report>
				<misses>296100000</misses>
				<total>0</total>
				<timestamp>3325.868244</timestamp>
			</report>
			<report>
				<misses>296200000</misses>
				<total>0</total>
				<timestamp>3327.046170</timestamp>
			</report>
			<report>
				<misses>296300000</misses>
				<total>0</total>
				<timestamp>3328.136204</timestamp>
			</report>
			<report>
				<misses>296400000</misses>
				<total>0</total>
				<timestamp>3329.270163</timestamp>
			</report>
			<report>
				<misses>296500000</misses>
				<total>0</total>
				<timestamp>3330.367951</timestamp>
			</report>
			<report>
				<misses>296600000</misses>
				<total>0</total>
				<timestamp>3331.439839</timestamp>
			</report>
			<report>
				<misses>296700000</misses>
				<total>0</total>
				<timestamp>3332.514097</timestamp>
			</report>
			<report>
				<misses>296800000</misses>
				<total>0</total>
				<timestamp>3333.590135</timestamp>
			</report>
			<report>
				<misses>296900000</misses>
				<total>0</total>
				<timestamp>3334.710873</timestamp>
			</report>
			<report>
				<misses>297000000</misses>
				<total>0</total>
				<timestamp>3335.792176</timestamp>
			</report>
			<report>
				<misses>297100000</misses>
				<total>0</total>
				<timestamp>3336.899756</timestamp>
			</report>
			<report>
				<misses>297200000</misses>
				<total>0</total>
				<timestamp>3337.996258</timestamp>
			</report>
			<report>
				<misses>297300000</misses>
				<total>0</total>
				<timestamp>3339.139702</timestamp>
			</report>
			<report>
				<misses>297400000</misses>
				<total>0</total>
				<timestamp>3340.265702</timestamp>
			</report>
			<report>
				<misses>297500000</misses>
				<total>0</total>
				<timestamp>3341.384437</timestamp>
			</report>
			<report>
				<misses>297600000</misses>
				<total>0</total>
				<timestamp>3342.581222</timestamp>
			</report>
			<report>
				<misses>297700000</misses>
				<total>0</total>
				<timestamp>3343.699896</timestamp>
			</report>
			<report>
				<misses>297800000</misses>
				<total>0</total>
				<timestamp>3344.845342</timestamp>
			</report>
			<report>
				<misses>297900000</misses>
				<total>0</total>
				<timestamp>3345.990590</timestamp>
			</report>
			<report>
				<misses>298000000</misses>
				<total>0</total>
				<timestamp>3347.152090</timestamp>
			</report>
			<report>
				<misses>298100000</misses>
				<total>0</total>
				<timestamp>3348.257438</timestamp>
			</report>
			<report>
				<misses>298200000</misses>
				<total>0</total>
				<timestamp>3349.397718</timestamp>
			</report>
			<report>
				<misses>298300000</misses>
				<total>0</total>
				<timestamp>3350.511000</timestamp>
			</report>
			<report>
				<misses>298400000</misses>
				<total>0</total>
				<timestamp>3351.652490</timestamp>
			</report>
			<report>
				<misses>298500000</misses>
				<total>0</total>
				<timestamp>3352.777835</timestamp>
			</report>
			<report>
				<misses>298600000</misses>
				<total>0</total>
				<timestamp>3353.917486</timestamp>
			</report>
			<report>
				<misses>298700000</misses>
				<total>0</total>
				<timestamp>3355.037523</timestamp>
			</report>
			<report>
				<misses>298800000</misses>
				<total>0</total>
				<timestamp>3356.126587</timestamp>
			</report>
			<report>
				<misses>298900000</misses>
				<total>0</total>
				<timestamp>3357.213743</timestamp>
			</report>
			<report>
				<misses>299000000</misses>
				<total>0</total>
				<timestamp>3358.289189</timestamp>
			</report>
			<report>
				<misses>299100000</misses>
				<total>0</total>
				<timestamp>3359.360127</timestamp>
			</report>
			<report>
				<misses>299200000</misses>
				<total>0</total>
				<timestamp>3360.434275</timestamp>
			</report>
			<report>
				<misses>299300000</misses>
				<total>0</total>
				<timestamp>3361.499804</timestamp>
			</report>
			<report>
				<misses>299400000</misses>
				<total>0</total>
				<timestamp>3362.564066</timestamp>
			</report>
			<report>
				<misses>299500000</misses>
				<total>0</total>
				<timestamp>3363.698414</timestamp>
			</report>
			<report>
				<misses>299600000</misses>
				<total>0</total>
				<timestamp>3364.845247</timestamp>
			</report>
			<report>
				<misses>299700000</misses>
				<total>0</total>
				<timestamp>3365.964951</timestamp>
			</report>
			<report>
				<misses>299800000</misses>
				<total>0</total>
				<timestamp>3367.085371</timestamp>
			</report>
			<report>
				<misses>299900000</misses>
				<total>0</total>
				<timestamp>3368.204808</timestamp>
			</report>
			<report>
				<misses>300000000</misses>
				<total>0</total>
				<timestamp>3369.304520</timestamp>
			</report>
			<report>
				<misses>300100000</misses>
				<total>0</total>
				<timestamp>3370.457460</timestamp>
			</report>
			<report>
				<misses>300200000</misses>
				<total>0</total>
				<timestamp>3371.532847</timestamp>
			</report>
			<report>
				<misses>300300000</misses>
				<total>0</total>
				<timestamp>3372.673781</timestamp>
			</report>
			<report>
				<misses>300400000</misses>
				<total>0</total>
				<timestamp>3373.808399</timestamp>
			</report>
			<report>
				<misses>300500000</misses>
				<total>0</total>
				<timestamp>3374.947470</timestamp>
			</report>
			<report>
				<misses>300600000</misses>
				<total>0</total>
				<timestamp>3376.045035</timestamp>
			</report>
			<report>
				<misses>300700000</misses>
				<total>0</total>
				<timestamp>3377.202708</timestamp>
			</report>
			<report>
				<misses>300800000</misses>
				<total>0</total>
				<timestamp>3378.347575</timestamp>
			</report>
			<report>
				<misses>300900000</misses>
				<total>0</total>
				<timestamp>3379.502455</timestamp>
			</report>
			<report>
				<misses>301000000</misses>
				<total>0</total>
				<timestamp>3380.635423</timestamp>
			</report>
			<report>
				<misses>301100000</misses>
				<total>0</total>
				<timestamp>3381.790703</timestamp>
			</report>
			<report>
				<misses>301200000</misses>
				<total>0</total>
				<timestamp>3382.954403</timestamp>
			</report>
			<report>
				<misses>301300000</misses>
				<total>0</total>
				<timestamp>3384.039011</timestamp>
			</report>
			<report>
				<misses>301400000</misses>
				<total>0</total>
				<timestamp>3385.187728</timestamp>
			</report>
			<report>
				<misses>301500000</misses>
				<total>0</total>
				<timestamp>3386.325721</timestamp>
			</report>
			<report>
				<misses>301600000</misses>
				<total>0</total>
				<timestamp>3387.413206</timestamp>
			</report>
			<report>
				<misses>301700000</misses>
				<total>0</total>
				<timestamp>3388.481500</timestamp>
			</report>
			<report>
				<misses>301800000</misses>
				<total>0</total>
				<timestamp>3389.581305</timestamp>
			</report>
			<report>
				<misses>301900000</misses>
				<total>0</total>
				<timestamp>3390.635150</timestamp>
			</report>
			<report>
				<misses>302000000</misses>
				<total>0</total>
				<timestamp>3391.808628</timestamp>
			</report>
			<report>
				<misses>302100000</misses>
				<total>0</total>
				<timestamp>3392.943715</timestamp>
			</report>
			<report>
				<misses>302200000</misses>
				<total>0</total>
				<timestamp>3394.049590</timestamp>
			</report>
			<report>
				<misses>302300000</misses>
				<total>0</total>
				<timestamp>3395.207830</timestamp>
			</report>
			<report>
				<misses>302400000</misses>
				<total>0</total>
				<timestamp>3396.311191</timestamp>
			</report>
			<report>
				<misses>302500000</misses>
				<total>0</total>
				<timestamp>3397.445918</timestamp>
			</report>
			<report>
				<misses>302600000</misses>
				<total>0</total>
				<timestamp>3398.582018</timestamp>
			</report>
			<report>
				<misses>302700000</misses>
				<total>0</total>
				<timestamp>3399.712685</timestamp>
			</report>
			<report>
				<misses>302800000</misses>
				<total>0</total>
				<timestamp>3400.916559</timestamp>
			</report>
			<report>
				<misses>302900000</misses>
				<total>0</total>
				<timestamp>3402.051617</timestamp>
			</report>
			<report>
				<misses>303000000</misses>
				<total>0</total>
				<timestamp>3403.172950</timestamp>
			</report>
			<report>
				<misses>303100000</misses>
				<total>0</total>
				<timestamp>3404.314049</timestamp>
			</report>
			<report>
				<misses>303200000</misses>
				<total>0</total>
				<timestamp>3405.469881</timestamp>
			</report>
			<report>
				<misses>303300000</misses>
				<total>0</total>
				<timestamp>3406.577346</timestamp>
			</report>
			<report>
				<misses>303400000</misses>
				<total>0</total>
				<timestamp>3407.723765</timestamp>
			</report>
			<report>
				<misses>303500000</misses>
				<total>0</total>
				<timestamp>3408.851282</timestamp>
			</report>
			<report>
				<misses>303600000</misses>
				<total>0</total>
				<timestamp>3410.015068</timestamp>
			</report>
			<report>
				<misses>303700000</misses>
				<total>0</total>
				<timestamp>3411.173270</timestamp>
			</report>
			<report>
				<misses>303800000</misses>
				<total>0</total>
				<timestamp>3412.309587</timestamp>
			</report>
			<report>
				<misses>303900000</misses>
				<total>0</total>
				<timestamp>3413.441258</timestamp>
			</report>
			<report>
				<misses>304000000</misses>
				<total>0</total>
				<timestamp>3414.581843</timestamp>
			</report>
			<report>
				<misses>304100000</misses>
				<total>0</total>
				<timestamp>3415.718795</timestamp>
			</report>
			<report>
				<misses>304200000</misses>
				<total>0</total>
				<timestamp>3416.846611</timestamp>
			</report>
			<report>
				<misses>304300000</misses>
				<total>0</total>
				<timestamp>3417.979061</timestamp>
			</report>
			<report>
				<misses>304400000</misses>
				<total>0</total>
				<timestamp>3419.113388</timestamp>
			</report>
			<report>
				<misses>304500000</misses>
				<total>0</total>
				<timestamp>3420.180156</timestamp>
			</report>
			<report>
				<misses>304600000</misses>
				<total>0</total>
				<timestamp>3421.278468</timestamp>
			</report>
			<report>
				<misses>304700000</misses>
				<total>0</total>
				<timestamp>3422.424437</timestamp>
			</report>
			<report>
				<misses>304800000</misses>
				<total>0</total>
				<timestamp>3423.587986</timestamp>
			</report>
			<report>
				<misses>304900000</misses>
				<total>0</total>
				<timestamp>3424.777690</timestamp>
			</report>
			<report>
				<misses>305000000</misses>
				<total>0</total>
				<timestamp>3425.906044</timestamp>
			</report>
			<report>
				<misses>305100000</misses>
				<total>0</total>
				<timestamp>3427.056321</timestamp>
			</report>
			<report>
				<misses>305200000</misses>
				<total>0</total>
				<timestamp>3428.251567</timestamp>
			</report>
			<report>
				<misses>305300000</misses>
				<total>0</total>
				<timestamp>3429.420390</timestamp>
			</report>
			<report>
				<misses>305400000</misses>
				<total>0</total>
				<timestamp>3430.594929</timestamp>
			</report>
			<report>
				<misses>305500000</misses>
				<total>0</total>
				<timestamp>3431.746942</timestamp>
			</report>
			<report>
				<misses>305600000</misses>
				<total>0</total>
				<timestamp>3432.868009</timestamp>
			</report>
			<report>
				<misses>305700000</misses>
				<total>0</total>
				<timestamp>3433.987349</timestamp>
			</report>
			<report>
				<misses>305800000</misses>
				<total>0</total>
				<timestamp>3435.152881</timestamp>
			</report>
			<report>
				<misses>305900000</misses>
				<total>0</total>
				<timestamp>3436.372558</timestamp>
			</report>
			<report>
				<misses>306000000</misses>
				<total>0</total>
				<timestamp>3437.508565</timestamp>
			</report>
			<report>
				<misses>306100000</misses>
				<total>0</total>
				<timestamp>3438.684017</timestamp>
			</report>
			<report>
				<misses>306200000</misses>
				<total>0</total>
				<timestamp>3439.824044</timestamp>
			</report>
			<report>
				<misses>306300000</misses>
				<total>0</total>
				<timestamp>3440.990877</timestamp>
			</report>
			<report>
				<misses>306400000</misses>
				<total>0</total>
				<timestamp>3442.178218</timestamp>
			</report>
			<report>
				<misses>306500000</misses>
				<total>0</total>
				<timestamp>3443.335319</timestamp>
			</report>
			<report>
				<misses>306600000</misses>
				<total>0</total>
				<timestamp>3444.480481</timestamp>
			</report>
			<report>
				<misses>306700000</misses>
				<total>0</total>
				<timestamp>3445.601610</timestamp>
			</report>
			<report>
				<misses>306800000</misses>
				<total>0</total>
				<timestamp>3446.713175</timestamp>
			</report>
			<report>
				<misses>306900000</misses>
				<total>0</total>
				<timestamp>3447.780885</timestamp>
			</report>
			<report>
				<misses>307000000</misses>
				<total>0</total>
				<timestamp>3448.919909</timestamp>
			</report>
			<report>
				<misses>307100000</misses>
				<total>0</total>
				<timestamp>3450.030308</timestamp>
			</report>
			<report>
				<misses>307200000</misses>
				<total>0</total>
				<timestamp>3451.177146</timestamp>
			</report>
			<report>
				<misses>307300000</misses>
				<total>0</total>
				<timestamp>3452.300185</timestamp>
			</report>
			<report>
				<misses>307400000</misses>
				<total>0</total>
				<timestamp>3453.453300</timestamp>
			</report>
			<report>
				<misses>307500000</misses>
				<total>0</total>
				<timestamp>3454.623401</timestamp>
			</report>
			<report>
				<misses>307600000</misses>
				<total>0</total>
				<timestamp>3455.777318</timestamp>
			</report>
			<report>
				<misses>307700000</misses>
				<total>0</total>
				<timestamp>3456.917964</timestamp>
			</report>
			<report>
				<misses>307800000</misses>
				<total>0</total>
				<timestamp>3458.064871</timestamp>
			</report>
			<report>
				<misses>307900000</misses>
				<total>0</total>
				<timestamp>3459.196594</timestamp>
			</report>
			<report>
				<misses>308000000</misses>
				<total>0</total>
				<timestamp>3460.259382</timestamp>
			</report>
			<report>
				<misses>308100000</misses>
				<total>0</total>
				<timestamp>3461.333405</timestamp>
			</report>
			<report>
				<misses>308200000</misses>
				<total>0</total>
				<timestamp>3462.382636</timestamp>
			</report>
			<report>
				<misses>308300000</misses>
				<total>0</total>
				<timestamp>3463.456693</timestamp>
			</report>
			<report>
				<misses>308400000</misses>
				<total>0</total>
				<timestamp>3464.530887</timestamp>
			</report>
			<report>
				<misses>308500000</misses>
				<total>0</total>
				<timestamp>3465.658007</timestamp>
			</report>
			<report>
				<misses>308600000</misses>
				<total>0</total>
				<timestamp>3466.784117</timestamp>
			</report>
			<report>
				<misses>308700000</misses>
				<total>0</total>
				<timestamp>3467.910878</timestamp>
			</report>
			<report>
				<misses>308800000</misses>
				<total>0</total>
				<timestamp>3469.013792</timestamp>
			</report>
			<report>
				<misses>308900000</misses>
				<total>0</total>
				<timestamp>3470.126866</timestamp>
			</report>
			<report>
				<misses>309000000</misses>
				<total>0</total>
				<timestamp>3471.297111</timestamp>
			</report>
			<report>
				<misses>309100000</misses>
				<total>0</total>
				<timestamp>3472.413014</timestamp>
			</report>
			<report>
				<misses>309200000</misses>
				<total>0</total>
				<timestamp>3473.544322</timestamp>
			</report>
			<report>
				<misses>309300000</misses>
				<total>0</total>
				<timestamp>3474.680478</timestamp>
			</report>
			<report>
				<misses>309400000</misses>
				<total>0</total>
				<timestamp>3475.886648</timestamp>
			</report>
			<report>
				<misses>309500000</misses>
				<total>0</total>
				<timestamp>3476.984822</timestamp>
			</report>
			<report>
				<misses>309600000</misses>
				<total>0</total>
				<timestamp>3478.081599</timestamp>
			</report>
			<report>
				<misses>309700000</misses>
				<total>0</total>
				<timestamp>3479.186577</timestamp>
			</report>
			<report>
				<misses>309800000</misses>
				<total>0</total>
				<timestamp>3480.271117</timestamp>
			</report>
			<report>
				<misses>309900000</misses>
				<total>0</total>
				<timestamp>3481.339925</timestamp>
			</report>
			<report>
				<misses>310000000</misses>
				<total>0</total>
				<timestamp>3482.423780</timestamp>
			</report>
			<report>
				<misses>310100000</misses>
				<total>0</total>
				<timestamp>3483.538368</timestamp>
			</report>
			<report>
				<misses>310200000</misses>
				<total>0</total>
				<timestamp>3484.608441</timestamp>
			</report>
			<report>
				<misses>310300000</misses>
				<total>0</total>
				<timestamp>3485.708893</timestamp>
			</report>
			<report>
				<misses>310400000</misses>
				<total>0</total>
				<timestamp>3486.883557</timestamp>
			</report>
			<report>
				<misses>310500000</misses>
				<total>0</total>
				<timestamp>3487.999969</timestamp>
			</report>
			<report>
				<misses>310600000</misses>
				<total>0</total>
				<timestamp>3489.096035</timestamp>
			</report>
			<report>
				<misses>310700000</misses>
				<total>0</total>
				<timestamp>3490.239476</timestamp>
			</report>
			<report>
				<misses>310800000</misses>
				<total>0</total>
				<timestamp>3491.357409</timestamp>
			</report>
			<report>
				<misses>310900000</misses>
				<total>0</total>
				<timestamp>3492.467079</timestamp>
			</report>
			<report>
				<misses>311000000</misses>
				<total>0</total>
				<timestamp>3493.606198</timestamp>
			</report>
			<report>
				<misses>311100000</misses>
				<total>0</total>
				<timestamp>3494.732399</timestamp>
			</report>
			<report>
				<misses>311200000</misses>
				<total>0</total>
				<timestamp>3495.912685</timestamp>
			</report>
			<report>
				<misses>311300000</misses>
				<total>0</total>
				<timestamp>3497.060769</timestamp>
			</report>
			<report>
				<misses>311400000</misses>
				<total>0</total>
				<timestamp>3498.133043</timestamp>
			</report>
			<report>
				<misses>311500000</misses>
				<total>0</total>
				<timestamp>3499.254444</timestamp>
			</report>
			<report>
				<misses>311600000</misses>
				<total>0</total>
				<timestamp>3500.348501</timestamp>
			</report>
			<report>
				<misses>311700000</misses>
				<total>0</total>
				<timestamp>3501.462404</timestamp>
			</report>
			<report>
				<misses>311800000</misses>
				<total>0</total>
				<timestamp>3502.570607</timestamp>
			</report>
			<report>
				<misses>311900000</misses>
				<total>0</total>
				<timestamp>3503.661406</timestamp>
			</report>
			<report>
				<misses>312000000</misses>
				<total>0</total>
				<timestamp>3504.750240</timestamp>
			</report>
			<report>
				<misses>312100000</misses>
				<total>0</total>
				<timestamp>3505.857877</timestamp>
			</report>
			<report>
				<misses>312200000</misses>
				<total>0</total>
				<timestamp>3506.935643</timestamp>
			</report>
			<report>
				<misses>312300000</misses>
				<total>0</total>
				<timestamp>3508.066939</timestamp>
			</report>
			<report>
				<misses>312400000</misses>
				<total>0</total>
				<timestamp>3509.178311</timestamp>
			</report>
			<report>
				<misses>312500000</misses>
				<total>0</total>
				<timestamp>3510.292931</timestamp>
			</report>
			<report>
				<misses>312600000</misses>
				<total>0</total>
				<timestamp>3511.392533</timestamp>
			</report>
			<report>
				<misses>312700000</misses>
				<total>0</total>
				<timestamp>3512.516371</timestamp>
			</report>
			<report>
				<misses>312800000</misses>
				<total>0</total>
				<timestamp>3513.647161</timestamp>
			</report>
			<report>
				<misses>312900000</misses>
				<total>0</total>
				<timestamp>3514.752434</timestamp>
			</report>
			<report>
				<misses>313000000</misses>
				<total>0</total>
				<timestamp>3515.868217</timestamp>
			</report>
			<report>
				<misses>313100000</misses>
				<total>0</total>
				<timestamp>3516.988064</timestamp>
			</report>
			<report>
				<misses>313200000</misses>
				<total>0</total>
				<timestamp>3518.125682</timestamp>
			</report>
			<report>
				<misses>313300000</misses>
				<total>0</total>
				<timestamp>3519.195274</timestamp>
			</report>
			<report>
				<misses>313400000</misses>
				<total>0</total>
				<timestamp>3520.260583</timestamp>
			</report>
			<report>
				<misses>313500000</misses>
				<total>0</total>
				<timestamp>3521.323222</timestamp>
			</report>
			<report>
				<misses>313600000</misses>
				<total>0</total>
				<timestamp>3522.387448</timestamp>
			</report>
			<report>
				<misses>313700000</misses>
				<total>0</total>
				<timestamp>3523.469464</timestamp>
			</report>
			<report>
				<misses>313800000</misses>
				<total>0</total>
				<timestamp>3524.530583</timestamp>
			</report>
			<report>
				<misses>313900000</misses>
				<total>0</total>
				<timestamp>3525.629907</timestamp>
			</report>
			<report>
				<misses>314000000</misses>
				<total>0</total>
				<timestamp>3526.770267</timestamp>
			</report>
			<report>
				<misses>314100000</misses>
				<total>0</total>
				<timestamp>3527.928265</timestamp>
			</report>
			<report>
				<misses>314200000</misses>
				<total>0</total>
				<timestamp>3529.076997</timestamp>
			</report>
			<report>
				<misses>314300000</misses>
				<total>0</total>
				<timestamp>3530.230137</timestamp>
			</report>
			<report>
				<misses>314400000</misses>
				<total>0</total>
				<timestamp>3531.349280</timestamp>
			</report>
			<report>
				<misses>314500000</misses>
				<total>0</total>
				<timestamp>3532.474463</timestamp>
			</report>
			<report>
				<misses>314600000</misses>
				<total>0</total>
				<timestamp>3533.569223</timestamp>
			</report>
			<report>
				<misses>314700000</misses>
				<total>0</total>
				<timestamp>3534.690155</timestamp>
			</report>
			<report>
				<misses>314800000</misses>
				<total>0</total>
				<timestamp>3535.842552</timestamp>
			</report>
			<report>
				<misses>314900000</misses>
				<total>0</total>
				<timestamp>3536.927204</timestamp>
			</report>
			<report>
				<misses>315000000</misses>
				<total>0</total>
				<timestamp>3538.030055</timestamp>
			</report>
			<report>
				<misses>315100000</misses>
				<total>0</total>
				<timestamp>3539.109955</timestamp>
			</report>
			<report>
				<misses>315200000</misses>
				<total>0</total>
				<timestamp>3540.207350</timestamp>
			</report>
			<report>
				<misses>315300000</misses>
				<total>0</total>
				<timestamp>3541.310607</timestamp>
			</report>
			<report>
				<misses>315400000</misses>
				<total>0</total>
				<timestamp>3542.380869</timestamp>
			</report>
			<report>
				<misses>315500000</misses>
				<total>0</total>
				<timestamp>3543.462262</timestamp>
			</report>
			<report>
				<misses>315600000</misses>
				<total>0</total>
				<timestamp>3544.580510</timestamp>
			</report>
			<report>
				<misses>315700000</misses>
				<total>0</total>
				<timestamp>3545.757194</timestamp>
			</report>
			<report>
				<misses>315800000</misses>
				<total>0</total>
				<timestamp>3546.897033</timestamp>
			</report>
			<report>
				<misses>315900000</misses>
				<total>0</total>
				<timestamp>3547.992824</timestamp>
			</report>
			<report>
				<misses>316000000</misses>
				<total>0</total>
				<timestamp>3549.145267</timestamp>
			</report>
			<report>
				<misses>316100000</misses>
				<total>0</total>
				<timestamp>3550.261912</timestamp>
			</report>
			<report>
				<misses>316200000</misses>
				<total>0</total>
				<timestamp>3551.405344</timestamp>
			</report>
			<report>
				<misses>316300000</misses>
				<total>0</total>
				<timestamp>3552.504497</timestamp>
			</report>
			<report>
				<misses>316400000</misses>
				<total>0</total>
				<timestamp>3553.638673</timestamp>
			</report>
			<report>
				<misses>316500000</misses>
				<total>0</total>
				<timestamp>3554.797040</timestamp>
			</report>
			<report>
				<misses>316600000</misses>
				<total>0</total>
				<timestamp>3555.874322</timestamp>
			</report>
			<report>
				<misses>316700000</misses>
				<total>0</total>
				<timestamp>3556.977054</timestamp>
			</report>
			<report>
				<misses>316800000</misses>
				<total>0</total>
				<timestamp>3558.122488</timestamp>
			</report>
			<report>
				<misses>316900000</misses>
				<total>0</total>
				<timestamp>3559.231340</timestamp>
			</report>
			<report>
				<misses>317000000</misses>
				<total>0</total>
				<timestamp>3560.316216</timestamp>
			</report>
			<report>
				<misses>317100000</misses>
				<total>0</total>
				<timestamp>3561.411561</timestamp>
			</report>
			<report>
				<misses>317200000</misses>
				<total>0</total>
				<timestamp>3562.556385</timestamp>
			</report>
			<report>
				<misses>317300000</misses>
				<total>0</total>
				<timestamp>3563.705639</timestamp>
			</report>
			<report>
				<misses>317400000</misses>
				<total>0</total>
				<timestamp>3564.845552</timestamp>
			</report>
			<report>
				<misses>317500000</misses>
				<total>0</total>
				<timestamp>3566.013262</timestamp>
			</report>
			<report>
				<misses>317600000</misses>
				<total>0</total>
				<timestamp>3567.117639</timestamp>
			</report>
			<report>
				<misses>317700000</misses>
				<total>0</total>
				<timestamp>3568.251714</timestamp>
			</report>
			<report>
				<misses>317800000</misses>
				<total>0</total>
				<timestamp>3569.370004</timestamp>
			</report>
			<report>
				<misses>317900000</misses>
				<total>0</total>
				<timestamp>3570.549623</timestamp>
			</report>
			<report>
				<misses>318000000</misses>
				<total>0</total>
				<timestamp>3571.709041</timestamp>
			</report>
			<report>
				<misses>318100000</misses>
				<total>0</total>
				<timestamp>3572.822051</timestamp>
			</report>
			<report>
				<misses>318200000</misses>
				<total>0</total>
				<timestamp>3573.922097</timestamp>
			</report>
			<report>
				<misses>318300000</misses>
				<total>0</total>
				<timestamp>3575.108058</timestamp>
			</report>
			<report>
				<misses>318400000</misses>
				<total>0</total>
				<timestamp>3576.184227</timestamp>
			</report>
			<report>
				<misses>318500000</misses>
				<total>0</total>
				<timestamp>3577.254334</timestamp>
			</report>
			<report>
				<misses>318600000</misses>
				<total>0</total>
				<timestamp>3578.303277</timestamp>
			</report>
			<report>
				<misses>318700000</misses>
				<total>0</total>
				<timestamp>3579.407969</timestamp>
			</report>
			<report>
				<misses>318800000</misses>
				<total>0</total>
				<timestamp>3580.558867</timestamp>
			</report>
			<report>
				<misses>318900000</misses>
				<total>0</total>
				<timestamp>3581.736187</timestamp>
			</report>
			<report>
				<misses>319000000</misses>
				<total>0</total>
				<timestamp>3582.861548</timestamp>
			</report>
			<report>
				<misses>319100000</misses>
				<total>0</total>
				<timestamp>3584.004084</timestamp>
			</report>
			<report>
				<misses>319200000</misses>
				<total>0</total>
				<timestamp>3585.157496</timestamp>
			</report>
			<report>
				<misses>319300000</misses>
				<total>0</total>
				<timestamp>3586.315359</timestamp>
			</report>
			<report>
				<misses>319400000</misses>
				<total>0</total>
				<timestamp>3587.462975</timestamp>
			</report>
			<report>
				<misses>319500000</misses>
				<total>0</total>
				<timestamp>3588.587737</timestamp>
			</report>
			<report>
				<misses>319600000</misses>
				<total>0</total>
				<timestamp>3589.734334</timestamp>
			</report>
			<report>
				<misses>319700000</misses>
				<total>0</total>
				<timestamp>3590.816925</timestamp>
			</report>
			<report>
				<misses>319800000</misses>
				<total>0</total>
				<timestamp>3591.962272</timestamp>
			</report>
			<report>
				<misses>319900000</misses>
				<total>0</total>
				<timestamp>3593.124973</timestamp>
			</report>
			<report>
				<misses>320000000</misses>
				<total>0</total>
				<timestamp>3594.302292</timestamp>
			</report>
			<report>
				<misses>320100000</misses>
				<total>0</total>
				<timestamp>3595.413243</timestamp>
			</report>
			<report>
				<misses>320200000</misses>
				<total>0</total>
				<timestamp>3596.474510</timestamp>
			</report>
			<report>
				<misses>320300000</misses>
				<total>0</total>
				<timestamp>3597.566040</timestamp>
			</report>
			<report>
				<misses>320400000</misses>
				<total>0</total>
				<timestamp>3598.714015</timestamp>
			</report>
			<report>
				<misses>320500000</misses>
				<total>0</total>
				<timestamp>3599.854334</timestamp>
			</report>
			<report>
				<misses>320600000</misses>
				<total>0</total>
				<timestamp>3600.987331</timestamp>
			</report>
			<report>
				<misses>320700000</misses>
				<total>0</total>
				<timestamp>3602.140491</timestamp>
			</report>
			<report>
				<misses>320800000</misses>
				<total>0</total>
				<timestamp>3603.293278</timestamp>
			</report>
			<report>
				<misses>320900000</misses>
				<total>0</total>
				<timestamp>3604.481674</timestamp>
			</report>
			<report>
				<misses>321000000</misses>
				<total>0</total>
				<timestamp>3605.625468</timestamp>
			</report>
			<report>
				<misses>321100000</misses>
				<total>0</total>
				<timestamp>3606.787934</timestamp>
			</report>
			<report>
				<misses>321200000</misses>
				<total>0</total>
				<timestamp>3607.958952</timestamp>
			</report>
			<report>
				<misses>321300000</misses>
				<total>0</total>
				<timestamp>3609.108776</timestamp>
			</report>
			<report>
				<misses>321400000</misses>
				<total>0</total>
				<timestamp>3610.272151</timestamp>
			</report>
			<report>
				<misses>321500000</misses>
				<total>0</total>
				<timestamp>3611.433163</timestamp>
			</report>
			<report>
				<misses>321600000</misses>
				<total>0</total>
				<timestamp>3612.606551</timestamp>
			</report>
			<report>
				<misses>321700000</misses>
				<total>0</total>
				<timestamp>3613.678517</timestamp>
			</report>
			<report>
				<misses>321800000</misses>
				<total>0</total>
				<timestamp>3614.804191</timestamp>
			</report>
			<report>
				<misses>321900000</misses>
				<total>0</total>
				<timestamp>3615.893836</timestamp>
			</report>
			<report>
				<misses>322000000</misses>
				<total>0</total>
				<timestamp>3616.974421</timestamp>
			</report>
			<report>
				<misses>322100000</misses>
				<total>0</total>
				<timestamp>3618.080153</timestamp>
			</report>
			<report>
				<misses>322200000</misses>
				<total>0</total>
				<timestamp>3619.191745</timestamp>
			</report>
			<report>
				<misses>322300000</misses>
				<total>0</total>
				<timestamp>3620.281934</timestamp>
			</report>
			<report>
				<misses>322400000</misses>
				<total>0</total>
				<timestamp>3621.411944</timestamp>
			</report>
			<report>
				<misses>322500000</misses>
				<total>0</total>
				<timestamp>3622.528427</timestamp>
			</report>
			<report>
				<misses>322600000</misses>
				<total>0</total>
				<timestamp>3623.701375</timestamp>
			</report>
			<report>
				<misses>322700000</misses>
				<total>0</total>
				<timestamp>3624.845402</timestamp>
			</report>
			<report>
				<misses>322800000</misses>
				<total>0</total>
				<timestamp>3625.963045</timestamp>
			</report>
			<report>
				<misses>322900000</misses>
				<total>0</total>
				<timestamp>3627.170854</timestamp>
			</report>
			<report>
				<misses>323000000</misses>
				<total>0</total>
				<timestamp>3628.276381</timestamp>
			</report>
			<report>
				<misses>323100000</misses>
				<total>0</total>
				<timestamp>3629.415031</timestamp>
			</report>
			<report>
				<misses>323200000</misses>
				<total>0</total>
				<timestamp>3630.531941</timestamp>
			</report>
			<report>
				<misses>323300000</misses>
				<total>0</total>
				<timestamp>3631.655114</timestamp>
			</report>
			<report>
				<misses>323400000</misses>
				<total>0</total>
				<timestamp>3632.715770</timestamp>
			</report>
			<report>
				<misses>323500000</misses>
				<total>0</total>
				<timestamp>3633.793096</timestamp>
			</report>
			<report>
				<misses>323600000</misses>
				<total>0</total>
				<timestamp>3634.870533</timestamp>
			</report>
			<report>
				<misses>323700000</misses>
				<total>0</total>
				<timestamp>3635.924092</timestamp>
			</report>
			<report>
				<misses>323800000</misses>
				<total>0</total>
				<timestamp>3636.979559</timestamp>
			</report>
			<report>
				<misses>323900000</misses>
				<total>0</total>
				<timestamp>3638.074036</timestamp>
			</report>
			<report>
				<misses>324000000</misses>
				<total>0</total>
				<timestamp>3639.181384</timestamp>
			</report>
			<report>
				<misses>324100000</misses>
				<total>0</total>
				<timestamp>3640.332041</timestamp>
			</report>
			<report>
				<misses>324200000</misses>
				<total>0</total>
				<timestamp>3641.471523</timestamp>
			</report>
			<report>
				<misses>324300000</misses>
				<total>0</total>
				<timestamp>3642.627528</timestamp>
			</report>
			<report>
				<misses>324400000</misses>
				<total>0</total>
				<timestamp>3643.818974</timestamp>
			</report>
			<report>
				<misses>324500000</misses>
				<total>0</total>
				<timestamp>3644.993328</timestamp>
			</report>
			<report>
				<misses>324600000</misses>
				<total>0</total>
				<timestamp>3646.137619</timestamp>
			</report>
			<report>
				<misses>324700000</misses>
				<total>0</total>
				<timestamp>3647.260969</timestamp>
			</report>
			<report>
				<misses>324800000</misses>
				<total>0</total>
				<timestamp>3648.367528</timestamp>
			</report>
			<report>
				<misses>324900000</misses>
				<total>0</total>
				<timestamp>3649.508442</timestamp>
			</report>
			<report>
				<misses>325000000</misses>
				<total>0</total>
				<timestamp>3650.692322</timestamp>
			</report>
			<report>
				<misses>325100000</misses>
				<total>0</total>
				<timestamp>3651.825240</timestamp>
			</report>
			<report>
				<misses>325200000</misses>
				<total>0</total>
				<timestamp>3652.922054</timestamp>
			</report>
			<report>
				<misses>325300000</misses>
				<total>0</total>
				<timestamp>3654.053116</timestamp>
			</report>
			<report>
				<misses>325400000</misses>
				<total>0</total>
				<timestamp>3655.132025</timestamp>
			</report>
			<report>
				<misses>325500000</misses>
				<total>0</total>
				<timestamp>3656.218949</timestamp>
			</report>
			<report>
				<misses>325600000</misses>
				<total>0</total>
				<timestamp>3657.297122</timestamp>
			</report>
			<report>
				<misses>325700000</misses>
				<total>0</total>
				<timestamp>3658.393297</timestamp>
			</report>
			<report>
				<misses>325800000</misses>
				<total>0</total>
				<timestamp>3659.476420</timestamp>
			</report>
			<report>
				<misses>325900000</misses>
				<total>0</total>
				<timestamp>3660.578620</timestamp>
			</report>
			<report>
				<misses>326000000</misses>
				<total>0</total>
				<timestamp>3661.700945</timestamp>
			</report>
			<report>
				<misses>326100000</misses>
				<total>0</total>
				<timestamp>3662.803776</timestamp>
			</report>
			<report>
				<misses>326200000</misses>
				<total>0</total>
				<timestamp>3663.941369</timestamp>
			</report>
			<report>
				<misses>326300000</misses>
				<total>0</total>
				<timestamp>3665.048114</timestamp>
			</report>
			<report>
				<misses>326400000</misses>
				<total>0</total>
				<timestamp>3666.157713</timestamp>
			</report>
			<report>
				<misses>326500000</misses>
				<total>0</total>
				<timestamp>3667.279046</timestamp>
			</report>
			<report>
				<misses>326600000</misses>
				<total>0</total>
				<timestamp>3668.404149</timestamp>
			</report>
			<report>
				<misses>326700000</misses>
				<total>0</total>
				<timestamp>3669.521454</timestamp>
			</report>
			<report>
				<misses>326800000</misses>
				<total>0</total>
				<timestamp>3670.639113</timestamp>
			</report>
			<report>
				<misses>326900000</misses>
				<total>0</total>
				<timestamp>3671.697726</timestamp>
			</report>
			<report>
				<misses>327000000</misses>
				<total>0</total>
				<timestamp>3672.792211</timestamp>
			</report>
			<report>
				<misses>327100000</misses>
				<total>0</total>
				<timestamp>3673.900100</timestamp>
			</report>
			<report>
				<misses>327200000</misses>
				<total>0</total>
				<timestamp>3674.989334</timestamp>
			</report>
			<report>
				<misses>327300000</misses>
				<total>0</total>
				<timestamp>3676.072857</timestamp>
			</report>
			<report>
				<misses>327400000</misses>
				<total>0</total>
				<timestamp>3677.199883</timestamp>
			</report>
			<report>
				<misses>327500000</misses>
				<total>0</total>
				<timestamp>3678.332160</timestamp>
			</report>
			<report>
				<misses>327600000</misses>
				<total>0</total>
				<timestamp>3679.460525</timestamp>
			</report>
			<report>
				<misses>327700000</misses>
				<total>0</total>
				<timestamp>3680.616242</timestamp>
			</report>
			<report>
				<misses>327800000</misses>
				<total>0</total>
				<timestamp>3681.757739</timestamp>
			</report>
			<report>
				<misses>327900000</misses>
				<total>0</total>
				<timestamp>3682.910244</timestamp>
			</report>
			<report>
				<misses>328000000</misses>
				<total>0</total>
				<timestamp>3684.020540</timestamp>
			</report>
			<report>
				<misses>328100000</misses>
				<total>0</total>
				<timestamp>3685.106373</timestamp>
			</report>
			<report>
				<misses>328200000</misses>
				<total>0</total>
				<timestamp>3686.211566</timestamp>
			</report>
			<report>
				<misses>328300000</misses>
				<total>0</total>
				<timestamp>3687.330637</timestamp>
			</report>
			<report>
				<misses>328400000</misses>
				<total>0</total>
				<timestamp>3688.486089</timestamp>
			</report>
			<report>
				<misses>328500000</misses>
				<total>0</total>
				<timestamp>3689.615612</timestamp>
			</report>
			<report>
				<misses>328600000</misses>
				<total>0</total>
				<timestamp>3690.708698</timestamp>
			</report>
			<report>
				<misses>328700000</misses>
				<total>0</total>
				<timestamp>3691.776474</timestamp>
			</report>
			<report>
				<misses>328800000</misses>
				<total>0</total>
				<timestamp>3692.891468</timestamp>
			</report>
			<report>
				<misses>328900000</misses>
				<total>0</total>
				<timestamp>3693.988799</timestamp>
			</report>
			<report>
				<misses>329000000</misses>
				<total>0</total>
				<timestamp>3695.086578</timestamp>
			</report>
			<report>
				<misses>329100000</misses>
				<total>0</total>
				<timestamp>3696.168708</timestamp>
			</report>
			<report>
				<misses>329200000</misses>
				<total>0</total>
				<timestamp>3697.238942</timestamp>
			</report>
			<report>
				<misses>329300000</misses>
				<total>0</total>
				<timestamp>3698.353298</timestamp>
			</report>
			<report>
				<misses>329400000</misses>
				<total>0</total>
				<timestamp>3699.487497</timestamp>
			</report>
			<report>
				<misses>329500000</misses>
				<total>0</total>
				<timestamp>3700.551866</timestamp>
			</report>
			<report>
				<misses>329600000</misses>
				<total>0</total>
				<timestamp>3701.681688</timestamp>
			</report>
			<report>
				<misses>329700000</misses>
				<total>0</total>
				<timestamp>3702.789907</timestamp>
			</report>
			<report>
				<misses>329800000</misses>
				<total>0</total>
				<timestamp>3703.907857</timestamp>
			</report>
			<report>
				<misses>329900000</misses>
				<total>0</total>
				<timestamp>3705.042596</timestamp>
			</report>
			<report>
				<misses>330000000</misses>
				<total>0</total>
				<timestamp>3706.165290</timestamp>
			</report>
			<report>
				<misses>330100000</misses>
				<total>0</total>
				<timestamp>3707.286078</timestamp>
			</report>
			<report>
				<misses>330200000</misses>
				<total>0</total>
				<timestamp>3708.434473</timestamp>
			</report>
			<report>
				<misses>330300000</misses>
				<total>0</total>
				<timestamp>3709.557252</timestamp>
			</report>
			<report>
				<misses>330400000</misses>
				<total>0</total>
				<timestamp>3710.704617</timestamp>
			</report>
			<report>
				<misses>330500000</misses>
				<total>0</total>
				<timestamp>3711.828837</timestamp>
			</report>
			<report>
				<misses>330600000</misses>
				<total>0</total>
				<timestamp>3712.942347</timestamp>
			</report>
			<report>
				<misses>330700000</misses>
				<total>0</total>
				<timestamp>3714.119429</timestamp>
			</report>
			<report>
				<misses>330800000</misses>
				<total>0</total>
				<timestamp>3715.210169</timestamp>
			</report>
			<report>
				<misses>330900000</misses>
				<total>0</total>
				<timestamp>3716.311999</timestamp>
			</report>
			<report>
				<misses>331000000</misses>
				<total>0</total>
				<timestamp>3717.399842</timestamp>
			</report>
			<report>
				<misses>331100000</misses>
				<total>0</total>
				<timestamp>3718.502225</timestamp>
			</report>
			<report>
				<misses>331200000</misses>
				<total>0</total>
				<timestamp>3719.591975</timestamp>
			</report>
			<report>
				<misses>331300000</misses>
				<total>0</total>
				<timestamp>3720.658475</timestamp>
			</report>
			<report>
				<misses>331400000</misses>
				<total>0</total>
				<timestamp>3721.735739</timestamp>
			</report>
			<report>
				<misses>331500000</misses>
				<total>0</total>
				<timestamp>3722.802198</timestamp>
			</report>
			<report>
				<misses>331600000</misses>
				<total>0</total>
				<timestamp>3723.935769</timestamp>
			</report>
			<report>
				<misses>331700000</misses>
				<total>0</total>
				<timestamp>3725.055563</timestamp>
			</report>
			<report>
				<misses>331800000</misses>
				<total>0</total>
				<timestamp>3726.177334</timestamp>
			</report>
			<report>
				<misses>331900000</misses>
				<total>0</total>
				<timestamp>3727.280057</timestamp>
			</report>
			<report>
				<misses>332000000</misses>
				<total>0</total>
				<timestamp>3728.415903</timestamp>
			</report>
			<report>
				<misses>332100000</misses>
				<total>0</total>
				<timestamp>3729.570259</timestamp>
			</report>
			<report>
				<misses>332200000</misses>
				<total>0</total>
				<timestamp>3730.672330</timestamp>
			</report>
			<report>
				<misses>332300000</misses>
				<total>0</total>
				<timestamp>3731.803485</timestamp>
			</report>
			<report>
				<misses>332400000</misses>
				<total>0</total>
				<timestamp>3732.913993</timestamp>
			</report>
			<report>
				<misses>332500000</misses>
				<total>0</total>
				<timestamp>3734.097596</timestamp>
			</report>
			<report>
				<misses>332600000</misses>
				<total>0</total>
				<timestamp>3735.222725</timestamp>
			</report>
			<report>
				<misses>332700000</misses>
				<total>0</total>
				<timestamp>3736.345836</timestamp>
			</report>
			<report>
				<misses>332800000</misses>
				<total>0</total>
				<timestamp>3737.501838</timestamp>
			</report>
			<report>
				<misses>332900000</misses>
				<total>0</total>
				<timestamp>3738.639913</timestamp>
			</report>
			<report>
				<misses>333000000</misses>
				<total>0</total>
				<timestamp>3739.753641</timestamp>
			</report>
			<report>
				<misses>333100000</misses>
				<total>0</total>
				<timestamp>3740.854036</timestamp>
			</report>
			<report>
				<misses>333200000</misses>
				<total>0</total>
				<timestamp>3741.963487</timestamp>
			</report>
			<report>
				<misses>333300000</misses>
				<total>0</total>
				<timestamp>3743.059671</timestamp>
			</report>
			<report>
				<misses>333400000</misses>
				<total>0</total>
				<timestamp>3744.127251</timestamp>
			</report>
			<report>
				<misses>333500000</misses>
				<total>0</total>
				<timestamp>3745.275107</timestamp>
			</report>
			<report>
				<misses>333600000</misses>
				<total>0</total>
				<timestamp>3746.433276</timestamp>
			</report>
			<report>
				<misses>333700000</misses>
				<total>0</total>
				<timestamp>3747.570612</timestamp>
			</report>
			<report>
				<misses>333800000</misses>
				<total>0</total>
				<timestamp>3748.733318</timestamp>
			</report>
			<report>
				<misses>333900000</misses>
				<total>0</total>
				<timestamp>3749.856353</timestamp>
			</report>
			<report>
				<misses>334000000</misses>
				<total>0</total>
				<timestamp>3750.998404</timestamp>
			</report>
			<report>
				<misses>334100000</misses>
				<total>0</total>
				<timestamp>3752.131764</timestamp>
			</report>
			<report>
				<misses>334200000</misses>
				<total>0</total>
				<timestamp>3753.287959</timestamp>
			</report>
			<report>
				<misses>334300000</misses>
				<total>0</total>
				<timestamp>3754.404946</timestamp>
			</report>
			<report>
				<misses>334400000</misses>
				<total>0</total>
				<timestamp>3755.552336</timestamp>
			</report>
			<report>
				<misses>334500000</misses>
				<total>0</total>
				<timestamp>3756.713749</timestamp>
			</report>
			<report>
				<misses>334600000</misses>
				<total>0</total>
				<timestamp>3757.802271</timestamp>
			</report>
			<report>
				<misses>334700000</misses>
				<total>0</total>
				<timestamp>3758.862702</timestamp>
			</report>
			<report>
				<misses>334800000</misses>
				<total>0</total>
				<timestamp>3759.938998</timestamp>
			</report>
			<report>
				<misses>334900000</misses>
				<total>0</total>
				<timestamp>3760.996830</timestamp>
			</report>
			<report>
				<misses>335000000</misses>
				<total>0</total>
				<timestamp>3762.086454</timestamp>
			</report>
			<report>
				<misses>335100000</misses>
				<total>0</total>
				<timestamp>3763.217003</timestamp>
			</report>
			<report>
				<misses>335200000</misses>
				<total>0</total>
				<timestamp>3764.384337</timestamp>
			</report>
			<report>
				<misses>335300000</misses>
				<total>0</total>
				<timestamp>3765.493399</timestamp>
			</report>
			<report>
				<misses>335400000</misses>
				<total>0</total>
				<timestamp>3766.636556</timestamp>
			</report>
			<report>
				<misses>335500000</misses>
				<total>0</total>
				<timestamp>3767.795808</timestamp>
			</report>
			<report>
				<misses>335600000</misses>
				<total>0</total>
				<timestamp>3768.953190</timestamp>
			</report>
			<report>
				<misses>335700000</misses>
				<total>0</total>
				<timestamp>3770.064193</timestamp>
			</report>
			<report>
				<misses>335800000</misses>
				<total>0</total>
				<timestamp>3771.242689</timestamp>
			</report>
			<report>
				<misses>335900000</misses>
				<total>0</total>
				<timestamp>3772.379134</timestamp>
			</report>
			<report>
				<misses>336000000</misses>
				<total>0</total>
				<timestamp>3773.567951</timestamp>
			</report>
			<report>
				<misses>336100000</misses>
				<total>0</total>
				<timestamp>3774.743472</timestamp>
			</report>
			<report>
				<misses>336200000</misses>
				<total>0</total>
				<timestamp>3775.934146</timestamp>
			</report>
			<report>
				<misses>336300000</misses>
				<total>0</total>
				<timestamp>3777.077762</timestamp>
			</report>
			<report>
				<misses>336400000</misses>
				<total>0</total>
				<timestamp>3778.245794</timestamp>
			</report>
			<report>
				<misses>336500000</misses>
				<total>0</total>
				<timestamp>3779.408469</timestamp>
			</report>
			<report>
				<misses>336600000</misses>
				<total>0</total>
				<timestamp>3780.506520</timestamp>
			</report>
			<report>
				<misses>336700000</misses>
				<total>0</total>
				<timestamp>3781.593201</timestamp>
			</report>
			<report>
				<misses>336800000</misses>
				<total>0</total>
				<timestamp>3782.775729</timestamp>
			</report>
			<report>
				<misses>336900000</misses>
				<total>0</total>
				<timestamp>3783.905322</timestamp>
			</report>
			<report>
				<misses>337000000</misses>
				<total>0</total>
				<timestamp>3785.046802</timestamp>
			</report>
			<report>
				<misses>337100000</misses>
				<total>0</total>
				<timestamp>3786.137388</timestamp>
			</report>
			<report>
				<misses>337200000</misses>
				<total>0</total>
				<timestamp>3787.206591</timestamp>
			</report>
			<report>
				<misses>337300000</misses>
				<total>0</total>
				<timestamp>3788.361673</timestamp>
			</report>
			<report>
				<misses>337400000</misses>
				<total>0</total>
				<timestamp>3789.515817</timestamp>
			</report>
			<report>
				<misses>337500000</misses>
				<total>0</total>
				<timestamp>3790.692256</timestamp>
			</report>
			<report>
				<misses>337600000</misses>
				<total>0</total>
				<timestamp>3791.855687</timestamp>
			</report>
			<report>
				<misses>337700000</misses>
				<total>0</total>
				<timestamp>3792.953472</timestamp>
			</report>
			<report>
				<misses>337800000</misses>
				<total>0</total>
				<timestamp>3794.119795</timestamp>
			</report>
			<report>
				<misses>337900000</misses>
				<total>0</total>
				<timestamp>3795.248824</timestamp>
			</report>
			<report>
				<misses>338000000</misses>
				<total>0</total>
				<timestamp>3796.337082</timestamp>
			</report>
			<report>
				<misses>338100000</misses>
				<total>0</total>
				<timestamp>3797.465838</timestamp>
			</report>
			<report>
				<misses>338200000</misses>
				<total>0</total>
				<timestamp>3798.536621</timestamp>
			</report>
			<report>
				<misses>338300000</misses>
				<total>0</total>
				<timestamp>3799.694533</timestamp>
			</report>
			<report>
				<misses>338400000</misses>
				<total>0</total>
				<timestamp>3800.789062</timestamp>
			</report>
			<report>
				<misses>338500000</misses>
				<total>0</total>
				<timestamp>3801.878029</timestamp>
			</report>
			<report>
				<misses>338600000</misses>
				<total>0</total>
				<timestamp>3802.999831</timestamp>
			</report>
			<report>
				<misses>338700000</misses>
				<total>0</total>
				<timestamp>3804.077319</timestamp>
			</report>
			<report>
				<misses>338800000</misses>
				<total>0</total>
				<timestamp>3805.182779</timestamp>
			</report>
			<report>
				<misses>338900000</misses>
				<total>0</total>
				<timestamp>3806.315605</timestamp>
			</report>
			<report>
				<misses>339000000</misses>
				<total>0</total>
				<timestamp>3807.473174</timestamp>
			</report>
			<report>
				<misses>339100000</misses>
				<total>0</total>
				<timestamp>3808.575080</timestamp>
			</report>
			<report>
				<misses>339200000</misses>
				<total>0</total>
				<timestamp>3809.711131</timestamp>
			</report>
			<report>
				<misses>339300000</misses>
				<total>0</total>
				<timestamp>3810.835847</timestamp>
			</report>
			<report>
				<misses>339400000</misses>
				<total>0</total>
				<timestamp>3811.989260</timestamp>
			</report>
			<report>
				<misses>339500000</misses>
				<total>0</total>
				<timestamp>3813.094058</timestamp>
			</report>
			<report>
				<misses>339600000</misses>
				<total>0</total>
				<timestamp>3814.220613</timestamp>
			</report>
			<report>
				<misses>339700000</misses>
				<total>0</total>
				<timestamp>3815.338610</timestamp>
			</report>
			<report>
				<misses>339800000</misses>
				<total>0</total>
				<timestamp>3816.407588</timestamp>
			</report>
			<report>
				<misses>339900000</misses>
				<total>0</total>
				<timestamp>3817.508673</timestamp>
			</report>
			<report>
				<misses>340000000</misses>
				<total>0</total>
				<timestamp>3818.571199</timestamp>
			</report>
			<report>
				<misses>340100000</misses>
				<total>0</total>
				<timestamp>3819.638704</timestamp>
			</report>
			<report>
				<misses>340200000</misses>
				<total>0</total>
				<timestamp>3820.727029</timestamp>
			</report>
			<report>
				<misses>340300000</misses>
				<total>0</total>
				<timestamp>3821.831114</timestamp>
			</report>
			<report>
				<misses>340400000</misses>
				<total>0</total>
				<timestamp>3822.890454</timestamp>
			</report>
			<report>
				<misses>340500000</misses>
				<total>0</total>
				<timestamp>3824.065337</timestamp>
			</report>
			<report>
				<misses>340600000</misses>
				<total>0</total>
				<timestamp>3825.207128</timestamp>
			</report>
			<report>
				<misses>340700000</misses>
				<total>0</total>
				<timestamp>3826.366274</timestamp>
			</report>
			<report>
				<misses>340800000</misses>
				<total>0</total>
				<timestamp>3827.499565</timestamp>
			</report>
			<report>
				<misses>340900000</misses>
				<total>0</total>
				<timestamp>3828.633252</timestamp>
			</report>
			<report>
				<misses>341000000</misses>
				<total>0</total>
				<timestamp>3829.761764</timestamp>
			</report>
			<report>
				<misses>341100000</misses>
				<total>0</total>
				<timestamp>3830.849276</timestamp>
			</report>
			<report>
				<misses>341200000</misses>
				<total>0</total>
				<timestamp>3832.033052</timestamp>
			</report>
			<report>
				<misses>341300000</misses>
				<total>0</total>
				<timestamp>3833.154561</timestamp>
			</report>
			<report>
				<misses>341400000</misses>
				<total>0</total>
				<timestamp>3834.251801</timestamp>
			</report>
			<report>
				<misses>341500000</misses>
				<total>0</total>
				<timestamp>3835.336560</timestamp>
			</report>
			<report>
				<misses>341600000</misses>
				<total>0</total>
				<timestamp>3836.404395</timestamp>
			</report>
			<report>
				<misses>341700000</misses>
				<total>0</total>
				<timestamp>3837.501856</timestamp>
			</report>
			<report>
				<misses>341800000</misses>
				<total>0</total>
				<timestamp>3838.604669</timestamp>
			</report>
			<report>
				<misses>341900000</misses>
				<total>0</total>
				<timestamp>3839.691726</timestamp>
			</report>
			<report>
				<misses>342000000</misses>
				<total>0</total>
				<timestamp>3840.801536</timestamp>
			</report>
			<report>
				<misses>342100000</misses>
				<total>0</total>
				<timestamp>3841.910962</timestamp>
			</report>
			<report>
				<misses>342200000</misses>
				<total>0</total>
				<timestamp>3843.059215</timestamp>
			</report>
			<report>
				<misses>342300000</misses>
				<total>0</total>
				<timestamp>3844.160788</timestamp>
			</report>
			<report>
				<misses>342400000</misses>
				<total>0</total>
				<timestamp>3845.295856</timestamp>
			</report>
			<report>
				<misses>342500000</misses>
				<total>0</total>
				<timestamp>3846.388089</timestamp>
			</report>
			<report>
				<misses>342600000</misses>
				<total>0</total>
				<timestamp>3847.519557</timestamp>
			</report>
			<report>
				<misses>342700000</misses>
				<total>0</total>
				<timestamp>3848.626830</timestamp>
			</report>
			<report>
				<misses>342800000</misses>
				<total>0</total>
				<timestamp>3849.765868</timestamp>
			</report>
			<report>
				<misses>342900000</misses>
				<total>0</total>
				<timestamp>3850.913737</timestamp>
			</report>
			<report>
				<misses>343000000</misses>
				<total>0</total>
				<timestamp>3852.037291</timestamp>
			</report>
			<report>
				<misses>343100000</misses>
				<total>0</total>
				<timestamp>3853.158449</timestamp>
			</report>
			<report>
				<misses>343200000</misses>
				<total>0</total>
				<timestamp>3854.300425</timestamp>
			</report>
			<report>
				<misses>343300000</misses>
				<total>0</total>
				<timestamp>3855.385286</timestamp>
			</report>
			<report>
				<misses>343400000</misses>
				<total>0</total>
				<timestamp>3856.529748</timestamp>
			</report>
			<report>
				<misses>343500000</misses>
				<total>0</total>
				<timestamp>3857.639674</timestamp>
			</report>
			<report>
				<misses>343600000</misses>
				<total>0</total>
				<timestamp>3858.720405</timestamp>
			</report>
			<report>
				<misses>343700000</misses>
				<total>0</total>
				<timestamp>3859.843870</timestamp>
			</report>
			<report>
				<misses>343800000</misses>
				<total>0</total>
				<timestamp>3860.999172</timestamp>
			</report>
			<report>
				<misses>343900000</misses>
				<total>0</total>
				<timestamp>3862.125081</timestamp>
			</report>
			<report>
				<misses>344000000</misses>
				<total>0</total>
				<timestamp>3863.190791</timestamp>
			</report>
			<report>
				<misses>344100000</misses>
				<total>0</total>
				<timestamp>3864.310962</timestamp>
			</report>
			<report>
				<misses>344200000</misses>
				<total>0</total>
				<timestamp>3865.428193</timestamp>
			</report>
			<report>
				<misses>344300000</misses>
				<total>0</total>
				<timestamp>3866.503840</timestamp>
			</report>
			<report>
				<misses>344400000</misses>
				<total>0</total>
				<timestamp>3867.611490</timestamp>
			</report>
			<report>
				<misses>344500000</misses>
				<total>0</total>
				<timestamp>3868.692237</timestamp>
			</report>
			<report>
				<misses>344600000</misses>
				<total>0</total>
				<timestamp>3869.820344</timestamp>
			</report>
			<report>
				<misses>344700000</misses>
				<total>0</total>
				<timestamp>3870.924462</timestamp>
			</report>
			<report>
				<misses>344800000</misses>
				<total>0</total>
				<timestamp>3872.044025</timestamp>
			</report>
			<report>
				<misses>344900000</misses>
				<total>0</total>
				<timestamp>3873.149861</timestamp>
			</report>
			<report>
				<misses>345000000</misses>
				<total>0</total>
				<timestamp>3874.268193</timestamp>
			</report>
			<report>
				<misses>345100000</misses>
				<total>0</total>
				<timestamp>3875.399844</timestamp>
			</report>
			<report>
				<misses>345200000</misses>
				<total>0</total>
				<timestamp>3876.522580</timestamp>
			</report>
			<report>
				<misses>345300000</misses>
				<total>0</total>
				<timestamp>3877.585905</timestamp>
			</report>
			<report>
				<misses>345400000</misses>
				<total>0</total>
				<timestamp>3878.670929</timestamp>
			</report>
			<report>
				<misses>345500000</misses>
				<total>0</total>
				<timestamp>3879.747464</timestamp>
			</report>
			<report>
				<misses>345600000</misses>
				<total>0</total>
				<timestamp>3880.871910</timestamp>
			</report>
			<report>
				<misses>345700000</misses>
				<total>0</total>
				<timestamp>3881.965988</timestamp>
			</report>
			<report>
				<misses>345800000</misses>
				<total>0</total>
				<timestamp>3883.093102</timestamp>
			</report>
			<report>
				<misses>345900000</misses>
				<total>0</total>
				<timestamp>3884.227580</timestamp>
			</report>
			<report>
				<misses>346000000</misses>
				<total>0</total>
				<timestamp>3885.315802</timestamp>
			</report>
			<report>
				<misses>346100000</misses>
				<total>0</total>
				<timestamp>3886.451745</timestamp>
			</report>
			<report>
				<misses>346200000</misses>
				<total>0</total>
				<timestamp>3887.610012</timestamp>
			</report>
			<report>
				<misses>346300000</misses>
				<total>0</total>
				<timestamp>3888.720780</timestamp>
			</report>
			<report>
				<misses>346400000</misses>
				<total>0</total>
				<timestamp>3889.837789</timestamp>
			</report>
			<report>
				<misses>346500000</misses>
				<total>0</total>
				<timestamp>3890.962424</timestamp>
			</report>
			<report>
				<misses>346600000</misses>
				<total>0</total>
				<timestamp>3892.131935</timestamp>
			</report>
			<report>
				<misses>346700000</misses>
				<total>0</total>
				<timestamp>3893.309641</timestamp>
			</report>
			<report>
				<misses>346800000</misses>
				<total>0</total>
				<timestamp>3894.401887</timestamp>
			</report>
			<report>
				<misses>346900000</misses>
				<total>0</total>
				<timestamp>3895.516841</timestamp>
			</report>
			<report>
				<misses>347000000</misses>
				<total>0</total>
				<timestamp>3896.593123</timestamp>
			</report>
			<report>
				<misses>347100000</misses>
				<total>0</total>
				<timestamp>3897.699392</timestamp>
			</report>
			<report>
				<misses>347200000</misses>
				<total>0</total>
				<timestamp>3898.774428</timestamp>
			</report>
			<report>
				<misses>347300000</misses>
				<total>0</total>
				<timestamp>3899.834559</timestamp>
			</report>
			<report>
				<misses>347400000</misses>
				<total>0</total>
				<timestamp>3900.893763</timestamp>
			</report>
			<report>
				<misses>347500000</misses>
				<total>0</total>
				<timestamp>3901.995764</timestamp>
			</report>
			<report>
				<misses>347600000</misses>
				<total>0</total>
				<timestamp>3903.080260</timestamp>
			</report>
			<report>
				<misses>347700000</misses>
				<total>0</total>
				<timestamp>3904.148629</timestamp>
			</report>
			<report>
				<misses>347800000</misses>
				<total>0</total>
				<timestamp>3905.260596</timestamp>
			</report>
			<report>
				<misses>347900000</misses>
				<total>0</total>
				<timestamp>3906.406319</timestamp>
			</report>
			<report>
				<misses>348000000</misses>
				<total>0</total>
				<timestamp>3907.534741</timestamp>
			</report>
			<report>
				<misses>348100000</misses>
				<total>0</total>
				<timestamp>3908.695760</timestamp>
			</report>
			<report>
				<misses>348200000</misses>
				<total>0</total>
				<timestamp>3909.828910</timestamp>
			</report>
			<report>
				<misses>348300000</misses>
				<total>0</total>
				<timestamp>3910.950089</timestamp>
			</report>
			<report>
				<misses>348400000</misses>
				<total>0</total>
				<timestamp>3912.095169</timestamp>
			</report>
			<report>
				<misses>348500000</misses>
				<total>0</total>
				<timestamp>3913.208645</timestamp>
			</report>
			<report>
				<misses>348600000</misses>
				<total>0</total>
				<timestamp>3914.339678</timestamp>
			</report>
			<report>
				<misses>348700000</misses>
				<total>0</total>
				<timestamp>3915.464310</timestamp>
			</report>
			<report>
				<misses>348800000</misses>
				<total>0</total>
				<timestamp>3916.544278</timestamp>
			</report>
			<report>
				<misses>348900000</misses>
				<total>0</total>
				<timestamp>3917.617806</timestamp>
			</report>
			<report>
				<misses>349000000</misses>
				<total>0</total>
				<timestamp>3918.688799</timestamp>
			</report>
			<report>
				<misses>349100000</misses>
				<total>0</total>
				<timestamp>3919.760536</timestamp>
			</report>
			<report>
				<misses>349200000</misses>
				<total>0</total>
				<timestamp>3920.837088</timestamp>
			</report>
			<report>
				<misses>349300000</misses>
				<total>0</total>
				<timestamp>3921.900997</timestamp>
			</report>
			<report>
				<misses>349400000</misses>
				<total>0</total>
				<timestamp>3922.984047</timestamp>
			</report>
			<report>
				<misses>349500000</misses>
				<total>0</total>
				<timestamp>3924.123419</timestamp>
			</report>
			<report>
				<misses>349600000</misses>
				<total>0</total>
				<timestamp>3925.216410</timestamp>
			</report>
			<report>
				<misses>349700000</misses>
				<total>0</total>
				<timestamp>3926.349094</timestamp>
			</report>
			<report>
				<misses>349800000</misses>
				<total>0</total>
				<timestamp>3927.491400</timestamp>
			</report>
			<report>
				<misses>349900000</misses>
				<total>0</total>
				<timestamp>3928.605375</timestamp>
			</report>
			<report>
				<misses>350000000</misses>
				<total>0</total>
				<timestamp>3929.755582</timestamp>
			</report>
			<report>
				<misses>350100000</misses>
				<total>0</total>
				<timestamp>3930.910096</timestamp>
			</report>
			<report>
				<misses>350200000</misses>
				<total>0</total>
				<timestamp>3932.079866</timestamp>
			</report>
			<report>
				<misses>350300000</misses>
				<total>0</total>
				<timestamp>3933.214078</timestamp>
			</report>
			<report>
				<misses>350400000</misses>
				<total>0</total>
				<timestamp>3934.353372</timestamp>
			</report>
			<report>
				<misses>350500000</misses>
				<total>0</total>
				<timestamp>3935.519902</timestamp>
			</report>
			<report>
				<misses>350600000</misses>
				<total>0</total>
				<timestamp>3936.635122</timestamp>
			</report>
			<report>
				<misses>350700000</misses>
				<total>0</total>
				<timestamp>3937.774240</timestamp>
			</report>
			<report>
				<misses>350800000</misses>
				<total>0</total>
				<timestamp>3938.865828</timestamp>
			</report>
			<report>
				<misses>350900000</misses>
				<total>0</total>
				<timestamp>3939.938020</timestamp>
			</report>
			<report>
				<misses>351000000</misses>
				<total>0</total>
				<timestamp>3941.047733</timestamp>
			</report>
			<report>
				<misses>351100000</misses>
				<total>0</total>
				<timestamp>3942.202427</timestamp>
			</report>
			<report>
				<misses>351200000</misses>
				<total>0</total>
				<timestamp>3943.292868</timestamp>
			</report>
			<report>
				<misses>351300000</misses>
				<total>0</total>
				<timestamp>3944.353132</timestamp>
			</report>
			<report>
				<misses>351400000</misses>
				<total>0</total>
				<timestamp>3945.534609</timestamp>
			</report>
			<report>
				<misses>351500000</misses>
				<total>0</total>
				<timestamp>3946.685035</timestamp>
			</report>
			<report>
				<misses>351600000</misses>
				<total>0</total>
				<timestamp>3947.828876</timestamp>
			</report>
			<report>
				<misses>351700000</misses>
				<total>0</total>
				<timestamp>3948.981659</timestamp>
			</report>
			<report>
				<misses>351800000</misses>
				<total>0</total>
				<timestamp>3950.151292</timestamp>
			</report>
			<report>
				<misses>351900000</misses>
				<total>0</total>
				<timestamp>3951.280937</timestamp>
			</report>
			<report>
				<misses>352000000</misses>
				<total>0</total>
				<timestamp>3952.427571</timestamp>
			</report>
			<report>
				<misses>352100000</misses>
				<total>0</total>
				<timestamp>3953.554860</timestamp>
			</report>
			<report>
				<misses>352200000</misses>
				<total>0</total>
				<timestamp>3954.701186</timestamp>
			</report>
			<report>
				<misses>352300000</misses>
				<total>0</total>
				<timestamp>3955.824349</timestamp>
			</report>
			<report>
				<misses>352400000</misses>
				<total>0</total>
				<timestamp>3956.953520</timestamp>
			</report>
			<report>
				<misses>352500000</misses>
				<total>0</total>
				<timestamp>3958.110488</timestamp>
			</report>
			<report>
				<misses>352600000</misses>
				<total>0</total>
				<timestamp>3959.213765</timestamp>
			</report>
			<report>
				<misses>352700000</misses>
				<total>0</total>
				<timestamp>3960.300047</timestamp>
			</report>
			<report>
				<misses>352800000</misses>
				<total>0</total>
				<timestamp>3961.382366</timestamp>
			</report>
			<report>
				<misses>352900000</misses>
				<total>0</total>
				<timestamp>3962.502203</timestamp>
			</report>
			<report>
				<misses>353000000</misses>
				<total>0</total>
				<timestamp>3963.656337</timestamp>
			</report>
			<report>
				<misses>353100000</misses>
				<total>0</total>
				<timestamp>3964.799073</timestamp>
			</report>
			<report>
				<misses>353200000</misses>
				<total>0</total>
				<timestamp>3965.973876</timestamp>
			</report>
			<report>
				<misses>353300000</misses>
				<total>0</total>
				<timestamp>3967.089792</timestamp>
			</report>
			<report>
				<misses>353400000</misses>
				<total>0</total>
				<timestamp>3968.257022</timestamp>
			</report>
			<report>
				<misses>353500000</misses>
				<total>0</total>
				<timestamp>3969.408002</timestamp>
			</report>
			<report>
				<misses>353600000</misses>
				<total>0</total>
				<timestamp>3970.557748</timestamp>
			</report>
			<report>
				<misses>353700000</misses>
				<total>0</total>
				<timestamp>3971.677610</timestamp>
			</report>
			<report>
				<misses>353800000</misses>
				<total>0</total>
				<timestamp>3972.833545</timestamp>
			</report>
			<report>
				<misses>353900000</misses>
				<total>0</total>
				<timestamp>3973.953851</timestamp>
			</report>
			<report>
				<misses>354000000</misses>
				<total>0</total>
				<timestamp>3975.109296</timestamp>
			</report>
			<report>
				<misses>354100000</misses>
				<total>0</total>
				<timestamp>3976.254340</timestamp>
			</report>
			<report>
				<misses>354200000</misses>
				<total>0</total>
				<timestamp>3977.443451</timestamp>
			</report>
			<report>
				<misses>354300000</misses>
				<total>0</total>
				<timestamp>3978.608086</timestamp>
			</report>
			<report>
				<misses>354400000</misses>
				<total>0</total>
				<timestamp>3979.793729</timestamp>
			</report>
			<report>
				<misses>354500000</misses>
				<total>0</total>
				<timestamp>3980.908728</timestamp>
			</report>
			<report>
				<misses>354600000</misses>
				<total>0</total>
				<timestamp>3981.974864</timestamp>
			</report>
			<report>
				<misses>354700000</misses>
				<total>0</total>
				<timestamp>3983.078291</timestamp>
			</report>
			<report>
				<misses>354800000</misses>
				<total>0</total>
				<timestamp>3984.200992</timestamp>
			</report>
			<report>
				<misses>354900000</misses>
				<total>0</total>
				<timestamp>3985.271041</timestamp>
			</report>
			<report>
				<misses>355000000</misses>
				<total>0</total>
				<timestamp>3986.406495</timestamp>
			</report>
			<report>
				<misses>355100000</misses>
				<total>0</total>
				<timestamp>3987.503230</timestamp>
			</report>
			<report>
				<misses>355200000</misses>
				<total>0</total>
				<timestamp>3988.693876</timestamp>
			</report>
			<report>
				<misses>355300000</misses>
				<total>0</total>
				<timestamp>3989.864958</timestamp>
			</report>
			<report>
				<misses>355400000</misses>
				<total>0</total>
				<timestamp>3991.006376</timestamp>
			</report>
			<report>
				<misses>355500000</misses>
				<total>0</total>
				<timestamp>3992.179550</timestamp>
			</report>
			<report>
				<misses>355600000</misses>
				<total>0</total>
				<timestamp>3993.342270</timestamp>
			</report>
			<report>
				<misses>355700000</misses>
				<total>0</total>
				<timestamp>3994.460540</timestamp>
			</report>
			<report>
				<misses>355800000</misses>
				<total>0</total>
				<timestamp>3995.585707</timestamp>
			</report>
			<report>
				<misses>355900000</misses>
				<total>0</total>
				<timestamp>3996.761258</timestamp>
			</report>
			<report>
				<misses>356000000</misses>
				<total>0</total>
				<timestamp>3997.904880</timestamp>
			</report>
			<report>
				<misses>356100000</misses>
				<total>0</total>
				<timestamp>3999.068729</timestamp>
			</report>
			<report>
				<misses>356200000</misses>
				<total>0</total>
				<timestamp>4000.249192</timestamp>
			</report>
			<report>
				<misses>356300000</misses>
				<total>0</total>
				<timestamp>4001.400752</timestamp>
			</report>
			<report>
				<misses>356400000</misses>
				<total>0</total>
				<timestamp>4002.518975</timestamp>
			</report>
			<report>
				<misses>356500000</misses>
				<total>0</total>
				<timestamp>4003.593374</timestamp>
			</report>
			<report>
				<misses>356600000</misses>
				<total>0</total>
				<timestamp>4004.677365</timestamp>
			</report>
			<report>
				<misses>356700000</misses>
				<total>0</total>
				<timestamp>4005.758185</timestamp>
			</report>
			<report>
				<misses>356800000</misses>
				<total>0</total>
				<timestamp>4006.869522</timestamp>
			</report>
			<report>
				<misses>356900000</misses>
				<total>0</total>
				<timestamp>4008.016135</timestamp>
			</report>
			<report>
				<misses>357000000</misses>
				<total>0</total>
				<timestamp>4009.106346</timestamp>
			</report>
			<report>
				<misses>357100000</misses>
				<total>0</total>
				<timestamp>4010.239697</timestamp>
			</report>
			<report>
				<misses>357200000</misses>
				<total>0</total>
				<timestamp>4011.340105</timestamp>
			</report>
			<report>
				<misses>357300000</misses>
				<total>0</total>
				<timestamp>4012.430386</timestamp>
			</report>
			<report>
				<misses>357400000</misses>
				<total>0</total>
				<timestamp>4013.568563</timestamp>
			</report>
			<report>
				<misses>357500000</misses>
				<total>0</total>
				<timestamp>4014.645892</timestamp>
			</report>
			<report>
				<misses>357600000</misses>
				<total>0</total>
				<timestamp>4015.813499</timestamp>
			</report>
			<report>
				<misses>357700000</misses>
				<total>0</total>
				<timestamp>4016.898575</timestamp>
			</report>
			<report>
				<misses>357800000</misses>
				<total>0</total>
				<timestamp>4018.047348</timestamp>
			</report>
			<report>
				<misses>357900000</misses>
				<total>0</total>
				<timestamp>4019.152197</timestamp>
			</report>
			<report>
				<misses>358000000</misses>
				<total>0</total>
				<timestamp>4020.301095</timestamp>
			</report>
			<report>
				<misses>358100000</misses>
				<total>0</total>
				<timestamp>4021.449963</timestamp>
			</report>
			<report>
				<misses>358200000</misses>
				<total>0</total>
				<timestamp>4022.576258</timestamp>
			</report>
			<report>
				<misses>358300000</misses>
				<total>0</total>
				<timestamp>4023.726529</timestamp>
			</report>
			<report>
				<misses>358400000</misses>
				<total>0</total>
				<timestamp>4024.872505</timestamp>
			</report>
			<report>
				<misses>358500000</misses>
				<total>0</total>
				<timestamp>4025.971531</timestamp>
			</report>
			<report>
				<misses>358600000</misses>
				<total>0</total>
				<timestamp>4027.173892</timestamp>
			</report>
			<report>
				<misses>358700000</misses>
				<total>0</total>
				<timestamp>4028.288389</timestamp>
			</report>
			<report>
				<misses>358800000</misses>
				<total>0</total>
				<timestamp>4029.427923</timestamp>
			</report>
			<report>
				<misses>358900000</misses>
				<total>0</total>
				<timestamp>4030.534209</timestamp>
			</report>
			<report>
				<misses>359000000</misses>
				<total>0</total>
				<timestamp>4031.661607</timestamp>
			</report>
			<report>
				<misses>359100000</misses>
				<total>0</total>
				<timestamp>4032.806745</timestamp>
			</report>
			<report>
				<misses>359200000</misses>
				<total>0</total>
				<timestamp>4033.923519</timestamp>
			</report>
			<report>
				<misses>359300000</misses>
				<total>0</total>
				<timestamp>4035.062913</timestamp>
			</report>
			<report>
				<misses>359400000</misses>
				<total>0</total>
				<timestamp>4036.181172</timestamp>
			</report>
			<report>
				<misses>359500000</misses>
				<total>0</total>
				<timestamp>4037.290497</timestamp>
			</report>
			<report>
				<misses>359600000</misses>
				<total>0</total>
				<timestamp>4038.372118</timestamp>
			</report>
			<report>
				<misses>359700000</misses>
				<total>0</total>
				<timestamp>4039.431538</timestamp>
			</report>
			<report>
				<misses>359800000</misses>
				<total>0</total>
				<timestamp>4040.527823</timestamp>
			</report>
			<report>
				<misses>359900000</misses>
				<total>0</total>
				<timestamp>4041.606625</timestamp>
			</report>
			<report>
				<misses>360000000</misses>
				<total>0</total>
				<timestamp>4042.671644</timestamp>
			</report>
			<report>
				<misses>360100000</misses>
				<total>0</total>
				<timestamp>4043.751892</timestamp>
			</report>
			<report>
				<misses>360200000</misses>
				<total>0</total>
				<timestamp>4044.911312</timestamp>
			</report>
			<report>
				<misses>360300000</misses>
				<total>0</total>
				<timestamp>4046.032487</timestamp>
			</report>
			<report>
				<misses>360400000</misses>
				<total>0</total>
				<timestamp>4047.157205</timestamp>
			</report>
			<report>
				<misses>360500000</misses>
				<total>0</total>
				<timestamp>4048.248460</timestamp>
			</report>
			<report>
				<misses>360600000</misses>
				<total>0</total>
				<timestamp>4049.381649</timestamp>
			</report>
			<report>
				<misses>360700000</misses>
				<total>0</total>
				<timestamp>4050.515724</timestamp>
			</report>
			<report>
				<misses>360800000</misses>
				<total>0</total>
				<timestamp>4051.631401</timestamp>
			</report>
			<report>
				<misses>360900000</misses>
				<total>0</total>
				<timestamp>4052.756061</timestamp>
			</report>
			<report>
				<misses>361000000</misses>
				<total>0</total>
				<timestamp>4053.890294</timestamp>
			</report>
			<report>
				<misses>361100000</misses>
				<total>0</total>
				<timestamp>4055.037598</timestamp>
			</report>
			<report>
				<misses>361200000</misses>
				<total>0</total>
				<timestamp>4056.181581</timestamp>
			</report>
			<report>
				<misses>361300000</misses>
				<total>0</total>
				<timestamp>4057.318128</timestamp>
			</report>
			<report>
				<misses>361400000</misses>
				<total>0</total>
				<timestamp>4058.471684</timestamp>
			</report>
			<report>
				<misses>361500000</misses>
				<total>0</total>
				<timestamp>4059.587376</timestamp>
			</report>
			<report>
				<misses>361600000</misses>
				<total>0</total>
				<timestamp>4060.676695</timestamp>
			</report>
			<report>
				<misses>361700000</misses>
				<total>0</total>
				<timestamp>4061.786700</timestamp>
			</report>
			<report>
				<misses>361800000</misses>
				<total>0</total>
				<timestamp>4062.876006</timestamp>
			</report>
			<report>
				<misses>361900000</misses>
				<total>0</total>
				<timestamp>4063.956036</timestamp>
			</report>
			<report>
				<misses>362000000</misses>
				<total>0</total>
				<timestamp>4065.094554</timestamp>
			</report>
			<report>
				<misses>362100000</misses>
				<total>0</total>
				<timestamp>4066.218837</timestamp>
			</report>
			<report>
				<misses>362200000</misses>
				<total>0</total>
				<timestamp>4067.344045</timestamp>
			</report>
			<report>
				<misses>362300000</misses>
				<total>0</total>
				<timestamp>4068.451971</timestamp>
			</report>
			<report>
				<misses>362400000</misses>
				<total>0</total>
				<timestamp>4069.617401</timestamp>
			</report>
			<report>
				<misses>362500000</misses>
				<total>0</total>
				<timestamp>4070.758095</timestamp>
			</report>
			<report>
				<misses>362600000</misses>
				<total>0</total>
				<timestamp>4071.865273</timestamp>
			</report>
			<report>
				<misses>362700000</misses>
				<total>0</total>
				<timestamp>4073.023851</timestamp>
			</report>
			<report>
				<misses>362800000</misses>
				<total>0</total>
				<timestamp>4074.160461</timestamp>
			</report>
			<report>
				<misses>362900000</misses>
				<total>0</total>
				<timestamp>4075.311800</timestamp>
			</report>
			<report>
				<misses>363000000</misses>
				<total>0</total>
				<timestamp>4076.422934</timestamp>
			</report>
			<report>
				<misses>363100000</misses>
				<total>0</total>
				<timestamp>4077.524412</timestamp>
			</report>
			<report>
				<misses>363200000</misses>
				<total>0</total>
				<timestamp>4078.600828</timestamp>
			</report>
			<report>
				<misses>363300000</misses>
				<total>0</total>
				<timestamp>4079.685735</timestamp>
			</report>
			<report>
				<misses>363400000</misses>
				<total>0</total>
				<timestamp>4080.737010</timestamp>
			</report>
			<report>
				<misses>363500000</misses>
				<total>0</total>
				<timestamp>4081.796366</timestamp>
			</report>
			<report>
				<misses>363600000</misses>
				<total>0</total>
				<timestamp>4082.841289</timestamp>
			</report>
			<report>
				<misses>363700000</misses>
				<total>0</total>
				<timestamp>4083.942528</timestamp>
			</report>
			<report>
				<misses>363800000</misses>
				<total>0</total>
				<timestamp>4085.049172</timestamp>
			</report>
			<report>
				<misses>363900000</misses>
				<total>0</total>
				<timestamp>4086.205551</timestamp>
			</report>
			<report>
				<misses>364000000</misses>
				<total>0</total>
				<timestamp>4087.300329</timestamp>
			</report>
			<report>
				<misses>364100000</misses>
				<total>0</total>
				<timestamp>4088.404332</timestamp>
			</report>
			<report>
				<misses>364200000</misses>
				<total>0</total>
				<timestamp>4089.529555</timestamp>
			</report>
			<report>
				<misses>364300000</misses>
				<total>0</total>
				<timestamp>4090.644394</timestamp>
			</report>
			<report>
				<misses>364400000</misses>
				<total>0</total>
				<timestamp>4091.752511</timestamp>
			</report>
			<report>
				<misses>364500000</misses>
				<total>0</total>
				<timestamp>4092.889561</timestamp>
			</report>
			<report>
				<misses>364600000</misses>
				<total>0</total>
				<timestamp>4094.028086</timestamp>
			</report>
			<report>
				<misses>364700000</misses>
				<total>0</total>
				<timestamp>4095.160299</timestamp>
			</report>
			<report>
				<misses>364800000</misses>
				<total>0</total>
				<timestamp>4096.285503</timestamp>
			</report>
			<report>
				<misses>364900000</misses>
				<total>0</total>
				<timestamp>4097.460220</timestamp>
			</report>
			<report>
				<misses>365000000</misses>
				<total>0</total>
				<timestamp>4098.562315</timestamp>
			</report>
			<report>
				<misses>365100000</misses>
				<total>0</total>
				<timestamp>4099.676670</timestamp>
			</report>
			<report>
				<misses>365200000</misses>
				<total>0</total>
				<timestamp>4100.797288</timestamp>
			</report>
			<report>
				<misses>365300000</misses>
				<total>0</total>
				<timestamp>4101.945550</timestamp>
			</report>
			<report>
				<misses>365400000</misses>
				<total>0</total>
				<timestamp>4103.122743</timestamp>
			</report>
			<report>
				<misses>365500000</misses>
				<total>0</total>
				<timestamp>4104.242357</timestamp>
			</report>
			<report>
				<misses>365600000</misses>
				<total>0</total>
				<timestamp>4105.375699</timestamp>
			</report>
			<report>
				<misses>365700000</misses>
				<total>0</total>
				<timestamp>4106.487939</timestamp>
			</report>
			<report>
				<misses>365800000</misses>
				<total>0</total>
				<timestamp>4107.632178</timestamp>
			</report>
			<report>
				<misses>365900000</misses>
				<total>0</total>
				<timestamp>4108.752088</timestamp>
			</report>
			<report>
				<misses>366000000</misses>
				<total>0</total>
				<timestamp>4109.881773</timestamp>
			</report>
			<report>
				<misses>366100000</misses>
				<total>0</total>
				<timestamp>4111.000374</timestamp>
			</report>
			<report>
				<misses>366200000</misses>
				<total>0</total>
				<timestamp>4112.174638</timestamp>
			</report>
			<report>
				<misses>366300000</misses>
				<total>0</total>
				<timestamp>4113.238891</timestamp>
			</report>
			<report>
				<misses>366400000</misses>
				<total>0</total>
				<timestamp>4114.388749</timestamp>
			</report>
			<report>
				<misses>366500000</misses>
				<total>0</total>
				<timestamp>4115.527802</timestamp>
			</report>
			<report>
				<misses>366600000</misses>
				<total>0</total>
				<timestamp>4116.661995</timestamp>
			</report>
			<report>
				<misses>366700000</misses>
				<total>0</total>
				<timestamp>4117.792106</timestamp>
			</report>
			<report>
				<misses>366800000</misses>
				<total>0</total>
				<timestamp>4118.918764</timestamp>
			</report>
			<report>
				<misses>366900000</misses>
				<total>0</total>
				<timestamp>4120.085097</timestamp>
			</report>
			<report>
				<misses>367000000</misses>
				<total>0</total>
				<timestamp>4121.215203</timestamp>
			</report>
			<report>
				<misses>367100000</misses>
				<total>0</total>
				<timestamp>4122.325438</timestamp>
			</report>
			<report>
				<misses>367200000</misses>
				<total>0</total>
				<timestamp>4123.401152</timestamp>
			</report>
			<report>
				<misses>367300000</misses>
				<total>0</total>
				<timestamp>4124.492537</timestamp>
			</report>
			<report>
				<misses>367400000</misses>
				<total>0</total>
				<timestamp>4125.554320</timestamp>
			</report>
			<report>
				<misses>367500000</misses>
				<total>0</total>
				<timestamp>4126.626589</timestamp>
			</report>
			<report>
				<misses>367600000</misses>
				<total>0</total>
				<timestamp>4127.798115</timestamp>
			</report>
			<report>
				<misses>367700000</misses>
				<total>0</total>
				<timestamp>4128.960543</timestamp>
			</report>
			<report>
				<misses>367800000</misses>
				<total>0</total>
				<timestamp>4130.076163</timestamp>
			</report>
			<report>
				<misses>367900000</misses>
				<total>0</total>
				<timestamp>4131.242100</timestamp>
			</report>
			<report>
				<misses>368000000</misses>
				<total>0</total>
				<timestamp>4132.365184</timestamp>
			</report>
			<report>
				<misses>368100000</misses>
				<total>0</total>
				<timestamp>4133.497336</timestamp>
			</report>
			<report>
				<misses>368200000</misses>
				<total>0</total>
				<timestamp>4134.646083</timestamp>
			</report>
			<report>
				<misses>368300000</misses>
				<total>0</total>
				<timestamp>4135.774479</timestamp>
			</report>
			<report>
				<misses>368400000</misses>
				<total>0</total>
				<timestamp>4136.913636</timestamp>
			</report>
			<report>
				<misses>368500000</misses>
				<total>0</total>
				<timestamp>4138.045980</timestamp>
			</report>
			<report>
				<misses>368600000</misses>
				<total>0</total>
				<timestamp>4139.191840</timestamp>
			</report>
			<report>
				<misses>368700000</misses>
				<total>0</total>
				<timestamp>4140.311748</timestamp>
			</report>
			<report>
				<misses>368800000</misses>
				<total>0</total>
				<timestamp>4141.459253</timestamp>
			</report>
			<report>
				<misses>368900000</misses>
				<total>0</total>
				<timestamp>4142.615334</timestamp>
			</report>
			<report>
				<misses>369000000</misses>
				<total>0</total>
				<timestamp>4143.759290</timestamp>
			</report>
			<report>
				<misses>369100000</misses>
				<total>0</total>
				<timestamp>4144.903089</timestamp>
			</report>
			<report>
				<misses>369200000</misses>
				<total>0</total>
				<timestamp>4146.038143</timestamp>
			</report>
			<report>
				<misses>369300000</misses>
				<total>0</total>
				<timestamp>4147.142635</timestamp>
			</report>
			<report>
				<misses>369400000</misses>
				<total>0</total>
				<timestamp>4148.234247</timestamp>
			</report>
			<report>
				<misses>369500000</misses>
				<total>0</total>
				<timestamp>4149.347309</timestamp>
			</report>
			<report>
				<misses>369600000</misses>
				<total>0</total>
				<timestamp>4150.471887</timestamp>
			</report>
			<report>
				<misses>369700000</misses>
				<total>0</total>
				<timestamp>4151.545056</timestamp>
			</report>
			<report>
				<misses>369800000</misses>
				<total>0</total>
				<timestamp>4152.672574</timestamp>
			</report>
			<report>
				<misses>369900000</misses>
				<total>0</total>
				<timestamp>4153.848621</timestamp>
			</report>
			<report>
				<misses>370000000</misses>
				<total>0</total>
				<timestamp>4154.994635</timestamp>
			</report>
			<report>
				<misses>370100000</misses>
				<total>0</total>
				<timestamp>4156.106912</timestamp>
			</report>
			<report>
				<misses>370200000</misses>
				<total>0</total>
				<timestamp>4157.259718</timestamp>
			</report>
			<report>
				<misses>370300000</misses>
				<total>0</total>
				<timestamp>4158.426386</timestamp>
			</report>
			<report>
				<misses>370400000</misses>
				<total>0</total>
				<timestamp>4159.562247</timestamp>
			</report>
			<report>
				<misses>370500000</misses>
				<total>0</total>
				<timestamp>4160.719334</timestamp>
			</report>
			<report>
				<misses>370600000</misses>
				<total>0</total>
				<timestamp>4161.864519</timestamp>
			</report>
			<report>
				<misses>370700000</misses>
				<total>0</total>
				<timestamp>4163.006801</timestamp>
			</report>
			<report>
				<misses>370800000</misses>
				<total>0</total>
				<timestamp>4164.187407</timestamp>
			</report>
			<report>
				<misses>370900000</misses>
				<total>0</total>
				<timestamp>4165.317948</timestamp>
			</report>
			<report>
				<misses>371000000</misses>
				<total>0</total>
				<timestamp>4166.509784</timestamp>
			</report>
			<report>
				<misses>371100000</misses>
				<total>0</total>
				<timestamp>4167.673626</timestamp>
			</report>
			<report>
				<misses>371200000</misses>
				<total>0</total>
				<timestamp>4168.754996</timestamp>
			</report>
			<report>
				<misses>371300000</misses>
				<total>0</total>
				<timestamp>4169.905598</timestamp>
			</report>
			<report>
				<misses>371400000</misses>
				<total>0</total>
				<timestamp>4171.019310</timestamp>
			</report>
			<report>
				<misses>371500000</misses>
				<total>0</total>
				<timestamp>4172.137714</timestamp>
			</report>
			<report>
				<misses>371600000</misses>
				<total>0</total>
				<timestamp>4173.260138</timestamp>
			</report>
			<report>
				<misses>371700000</misses>
				<total>0</total>
				<timestamp>4174.346439</timestamp>
			</report>
			<report>
				<misses>371800000</misses>
				<total>0</total>
				<timestamp>4175.510341</timestamp>
			</report>
			<report>
				<misses>371900000</misses>
				<total>0</total>
				<timestamp>4176.659110</timestamp>
			</report>
			<report>
				<misses>372000000</misses>
				<total>0</total>
				<timestamp>4177.846663</timestamp>
			</report>
			<report>
				<misses>372100000</misses>
				<total>0</total>
				<timestamp>4178.996073</timestamp>
			</report>
			<report>
				<misses>372200000</misses>
				<total>0</total>
				<timestamp>4180.151441</timestamp>
			</report>
			<report>
				<misses>372300000</misses>
				<total>0</total>
				<timestamp>4181.282277</timestamp>
			</report>
			<report>
				<misses>372400000</misses>
				<total>0</total>
				<timestamp>4182.445959</timestamp>
			</report>
			<report>
				<misses>372500000</misses>
				<total>0</total>
				<timestamp>4183.591126</timestamp>
			</report>
			<report>
				<misses>372600000</misses>
				<total>0</total>
				<timestamp>4184.750590</timestamp>
			</report>
			<report>
				<misses>372700000</misses>
				<total>0</total>
				<timestamp>4185.907290</timestamp>
			</report>
			<report>
				<misses>372800000</misses>
				<total>0</total>
				<timestamp>4187.023675</timestamp>
			</report>
			<report>
				<misses>372900000</misses>
				<total>0</total>
				<timestamp>4188.096963</timestamp>
			</report>
			<report>
				<misses>373000000</misses>
				<total>0</total>
				<timestamp>4189.204442</timestamp>
			</report>
			<report>
				<misses>373100000</misses>
				<total>0</total>
				<timestamp>4190.329388</timestamp>
			</report>
			<report>
				<misses>373200000</misses>
				<total>0</total>
				<timestamp>4191.392186</timestamp>
			</report>
			<report>
				<misses>373300000</misses>
				<total>0</total>
				<timestamp>4192.530107</timestamp>
			</report>
			<report>
				<misses>373400000</misses>
				<total>0</total>
				<timestamp>4193.629637</timestamp>
			</report>
			<report>
				<misses>373500000</misses>
				<total>0</total>
				<timestamp>4194.817032</timestamp>
			</report>
			<report>
				<misses>373600000</misses>
				<total>0</total>
				<timestamp>4195.959358</timestamp>
			</report>
			<report>
				<misses>373700000</misses>
				<total>0</total>
				<timestamp>4197.081958</timestamp>
			</report>
			<report>
				<misses>373800000</misses>
				<total>0</total>
				<timestamp>4198.253208</timestamp>
			</report>
			<report>
				<misses>373900000</misses>
				<total>0</total>
				<timestamp>4199.413454</timestamp>
			</report>
			<report>
				<misses>374000000</misses>
				<total>0</total>
				<timestamp>4200.522756</timestamp>
			</report>
			<report>
				<misses>374100000</misses>
				<total>0</total>
				<timestamp>4201.713629</timestamp>
			</report>
			<report>
				<misses>374200000</misses>
				<total>0</total>
				<timestamp>4202.836895</timestamp>
			</report>
			<report>
				<misses>374300000</misses>
				<total>0</total>
				<timestamp>4203.998103</timestamp>
			</report>
			<report>
				<misses>374400000</misses>
				<total>0</total>
				<timestamp>4205.103872</timestamp>
			</report>
			<report>
				<misses>374500000</misses>
				<total>0</total>
				<timestamp>4206.206620</timestamp>
			</report>
			<report>
				<misses>374600000</misses>
				<total>0</total>
				<timestamp>4207.273058</timestamp>
			</report>
			<report>
				<misses>374700000</misses>
				<total>0</total>
				<timestamp>4208.333129</timestamp>
			</report>
			<report>
				<misses>374800000</misses>
				<total>0</total>
				<timestamp>4209.427471</timestamp>
			</report>
			<report>
				<misses>374900000</misses>
				<total>0</total>
				<timestamp>4210.584940</timestamp>
			</report>
			<report>
				<misses>375000000</misses>
				<total>0</total>
				<timestamp>4211.673386</timestamp>
			</report>
			<report>
				<misses>375100000</misses>
				<total>0</total>
				<timestamp>4212.779708</timestamp>
			</report>
			<report>
				<misses>375200000</misses>
				<total>0</total>
				<timestamp>4213.890958</timestamp>
			</report>
			<report>
				<misses>375300000</misses>
				<total>0</total>
				<timestamp>4215.010891</timestamp>
			</report>
			<report>
				<misses>375400000</misses>
				<total>0</total>
				<timestamp>4216.192439</timestamp>
			</report>
			<report>
				<misses>375500000</misses>
				<total>0</total>
				<timestamp>4217.334580</timestamp>
			</report>
			<report>
				<misses>375600000</misses>
				<total>0</total>
				<timestamp>4218.465727</timestamp>
			</report>
			<report>
				<misses>375700000</misses>
				<total>0</total>
				<timestamp>4219.632559</timestamp>
			</report>
			<report>
				<misses>375800000</misses>
				<total>0</total>
				<timestamp>4220.776015</timestamp>
			</report>
			<report>
				<misses>375900000</misses>
				<total>0</total>
				<timestamp>4221.878492</timestamp>
			</report>
			<report>
				<misses>376000000</misses>
				<total>0</total>
				<timestamp>4223.000674</timestamp>
			</report>
			<report>
				<misses>376100000</misses>
				<total>0</total>
				<timestamp>4224.160444</timestamp>
			</report>
			<report>
				<misses>376200000</misses>
				<total>0</total>
				<timestamp>4225.293864</timestamp>
			</report>
			<report>
				<misses>376300000</misses>
				<total>0</total>
				<timestamp>4226.433212</timestamp>
			</report>
			<report>
				<misses>376400000</misses>
				<total>0</total>
				<timestamp>4227.602007</timestamp>
			</report>
			<report>
				<misses>376500000</misses>
				<total>0</total>
				<timestamp>4228.752752</timestamp>
			</report>
			<report>
				<misses>376600000</misses>
				<total>0</total>
				<timestamp>4229.849988</timestamp>
			</report>
			<report>
				<misses>376700000</misses>
				<total>0</total>
				<timestamp>4230.948927</timestamp>
			</report>
			<report>
				<misses>376800000</misses>
				<total>0</total>
				<timestamp>4232.089738</timestamp>
			</report>
			<report>
				<misses>376900000</misses>
				<total>0</total>
				<timestamp>4233.192796</timestamp>
			</report>
			<report>
				<misses>377000000</misses>
				<total>0</total>
				<timestamp>4234.295980</timestamp>
			</report>
			<report>
				<misses>377100000</misses>
				<total>0</total>
				<timestamp>4235.399462</timestamp>
			</report>
			<report>
				<misses>377200000</misses>
				<total>0</total>
				<timestamp>4236.557214</timestamp>
			</report>
			<report>
				<misses>377300000</misses>
				<total>0</total>
				<timestamp>4237.695558</timestamp>
			</report>
			<report>
				<misses>377400000</misses>
				<total>0</total>
				<timestamp>4238.819627</timestamp>
			</report>
			<report>
				<misses>377500000</misses>
				<total>0</total>
				<timestamp>4239.932271</timestamp>
			</report>
			<report>
				<misses>377600000</misses>
				<total>0</total>
				<timestamp>4241.044624</timestamp>
			</report>
			<report>
				<misses>377700000</misses>
				<total>0</total>
				<timestamp>4242.233284</timestamp>
			</report>
			<report>
				<misses>377800000</misses>
				<total>0</total>
				<timestamp>4243.383876</timestamp>
			</report>
			<report>
				<misses>377900000</misses>
				<total>0</total>
				<timestamp>4244.487765</timestamp>
			</report>
			<report>
				<misses>378000000</misses>
				<total>0</total>
				<timestamp>4245.667109</timestamp>
			</report>
			<report>
				<misses>378100000</misses>
				<total>0</total>
				<timestamp>4246.804001</timestamp>
			</report>
			<report>
				<misses>378200000</misses>
				<total>0</total>
				<timestamp>4247.965352</timestamp>
			</report>
			<report>
				<misses>378300000</misses>
				<total>0</total>
				<timestamp>4249.107368</timestamp>
			</report>
			<report>
				<misses>378400000</misses>
				<total>0</total>
				<timestamp>4250.250149</timestamp>
			</report>
			<report>
				<misses>378500000</misses>
				<total>0</total>
				<timestamp>4251.383877</timestamp>
			</report>
			<report>
				<misses>378600000</misses>
				<total>0</total>
				<timestamp>4252.477489</timestamp>
			</report>
			<report>
				<misses>378700000</misses>
				<total>0</total>
				<timestamp>4253.550912</timestamp>
			</report>
			<report>
				<misses>378800000</misses>
				<total>0</total>
				<timestamp>4254.616952</timestamp>
			</report>
			<report>
				<misses>378900000</misses>
				<total>0</total>
				<timestamp>4255.684139</timestamp>
			</report>
			<report>
				<misses>379000000</misses>
				<total>0</total>
				<timestamp>4256.746147</timestamp>
			</report>
			<report>
				<misses>379100000</misses>
				<total>0</total>
				<timestamp>4257.813957</timestamp>
			</report>
			<report>
				<misses>379200000</misses>
				<total>0</total>
				<timestamp>4258.917432</timestamp>
			</report>
			<report>
				<misses>379300000</misses>
				<total>0</total>
				<timestamp>4260.039496</timestamp>
			</report>
			<report>
				<misses>379400000</misses>
				<total>0</total>
				<timestamp>4261.129340</timestamp>
			</report>
			<report>
				<misses>379500000</misses>
				<total>0</total>
				<timestamp>4262.212866</timestamp>
			</report>
			<report>
				<misses>379600000</misses>
				<total>0</total>
				<timestamp>4263.307817</timestamp>
			</report>
			<report>
				<misses>379700000</misses>
				<total>0</total>
				<timestamp>4264.438340</timestamp>
			</report>
			<report>
				<misses>379800000</misses>
				<total>0</total>
				<timestamp>4265.549667</timestamp>
			</report>
			<report>
				<misses>379900000</misses>
				<total>0</total>
				<timestamp>4266.652617</timestamp>
			</report>
			<report>
				<misses>380000000</misses>
				<total>0</total>
				<timestamp>4267.763769</timestamp>
			</report>
			<report>
				<misses>380100000</misses>
				<total>0</total>
				<timestamp>4268.910185</timestamp>
			</report>
			<report>
				<misses>380200000</misses>
				<total>0</total>
				<timestamp>4270.022904</timestamp>
			</report>
			<report>
				<misses>380300000</misses>
				<total>0</total>
				<timestamp>4271.155216</timestamp>
			</report>
			<report>
				<misses>380400000</misses>
				<total>0</total>
				<timestamp>4272.332528</timestamp>
			</report>
			<report>
				<misses>380500000</misses>
				<total>0</total>
				<timestamp>4273.471162</timestamp>
			</report>
			<report>
				<misses>380600000</misses>
				<total>0</total>
				<timestamp>4274.591873</timestamp>
			</report>
			<report>
				<misses>380700000</misses>
				<total>0</total>
				<timestamp>4275.727414</timestamp>
			</report>
			<report>
				<misses>380800000</misses>
				<total>0</total>
				<timestamp>4276.830491</timestamp>
			</report>
			<report>
				<misses>380900000</misses>
				<total>0</total>
				<timestamp>4277.959852</timestamp>
			</report>
			<report>
				<misses>381000000</misses>
				<total>0</total>
				<timestamp>4279.151061</timestamp>
			</report>
			<report>
				<misses>381100000</misses>
				<total>0</total>
				<timestamp>4280.260739</timestamp>
			</report>
			<report>
				<misses>381200000</misses>
				<total>0</total>
				<timestamp>4281.401144</timestamp>
			</report>
			<report>
				<misses>381300000</misses>
				<total>0</total>
				<timestamp>4282.489560</timestamp>
			</report>
			<report>
				<misses>381400000</misses>
				<total>0</total>
				<timestamp>4283.578877</timestamp>
			</report>
			<report>
				<misses>381500000</misses>
				<total>0</total>
				<timestamp>4284.671005</timestamp>
			</report>
			<report>
				<misses>381600000</misses>
				<total>0</total>
				<timestamp>4285.753143</timestamp>
			</report>
			<report>
				<misses>381700000</misses>
				<total>0</total>
				<timestamp>4286.823184</timestamp>
			</report>
			<report>
				<misses>381800000</misses>
				<total>0</total>
				<timestamp>4287.920229</timestamp>
			</report>
			<report>
				<misses>381900000</misses>
				<total>0</total>
				<timestamp>4289.008446</timestamp>
			</report>
			<report>
				<misses>382000000</misses>
				<total>0</total>
				<timestamp>4290.135555</timestamp>
			</report>
			<report>
				<misses>382100000</misses>
				<total>0</total>
				<timestamp>4291.250794</timestamp>
			</report>
			<report>
				<misses>382200000</misses>
				<total>0</total>
				<timestamp>4292.371967</timestamp>
			</report>
			<report>
				<misses>382300000</misses>
				<total>0</total>
				<timestamp>4293.490784</timestamp>
			</report>
			<report>
				<misses>382400000</misses>
				<total>0</total>
				<timestamp>4294.618523</timestamp>
			</report>
			<report>
				<misses>382500000</misses>
				<total>0</total>
				<timestamp>4295.722448</timestamp>
			</report>
			<report>
				<misses>382600000</misses>
				<total>0</total>
				<timestamp>4296.883997</timestamp>
			</report>
			<report>
				<misses>382700000</misses>
				<total>0</total>
				<timestamp>4298.015603</timestamp>
			</report>
			<report>
				<misses>382800000</misses>
				<total>0</total>
				<timestamp>4299.160475</timestamp>
			</report>
			<report>
				<misses>382900000</misses>
				<total>0</total>
				<timestamp>4300.285066</timestamp>
			</report>
			<report>
				<misses>383000000</misses>
				<total>0</total>
				<timestamp>4301.368278</timestamp>
			</report>
			<report>
				<misses>383100000</misses>
				<total>0</total>
				<timestamp>4302.468759</timestamp>
			</report>
			<report>
				<misses>383200000</misses>
				<total>0</total>
				<timestamp>4303.562235</timestamp>
			</report>
			<report>
				<misses>383300000</misses>
				<total>0</total>
				<timestamp>4304.668714</timestamp>
			</report>
			<report>
				<misses>383400000</misses>
				<total>0</total>
				<timestamp>4305.763970</timestamp>
			</report>
			<report>
				<misses>383500000</misses>
				<total>0</total>
				<timestamp>4306.863644</timestamp>
			</report>
			<report>
				<misses>383600000</misses>
				<total>0</total>
				<timestamp>4307.926450</timestamp>
			</report>
			<report>
				<misses>383700000</misses>
				<total>0</total>
				<timestamp>4308.995641</timestamp>
			</report>
			<report>
				<misses>383800000</misses>
				<total>0</total>
				<timestamp>4310.075043</timestamp>
			</report>
			<report>
				<misses>383900000</misses>
				<total>0</total>
				<timestamp>4311.233332</timestamp>
			</report>
			<report>
				<misses>384000000</misses>
				<total>0</total>
				<timestamp>4312.328929</timestamp>
			</report>
			<report>
				<misses>384100000</misses>
				<total>0</total>
				<timestamp>4313.457610</timestamp>
			</report>
			<report>
				<misses>384200000</misses>
				<total>0</total>
				<timestamp>4314.634959</timestamp>
			</report>
			<report>
				<misses>384300000</misses>
				<total>0</total>
				<timestamp>4315.759843</timestamp>
			</report>
			<report>
				<misses>384400000</misses>
				<total>0</total>
				<timestamp>4316.906475</timestamp>
			</report>
			<report>
				<misses>384500000</misses>
				<total>0</total>
				<timestamp>4318.003565</timestamp>
			</report>
			<report>
				<misses>384600000</misses>
				<total>0</total>
				<timestamp>4319.113147</timestamp>
			</report>
			<report>
				<misses>384700000</misses>
				<total>0</total>
				<timestamp>4320.232500</timestamp>
			</report>
			<report>
				<misses>384800000</misses>
				<total>0</total>
				<timestamp>4321.352355</timestamp>
			</report>
			<report>
				<misses>384900000</misses>
				<total>0</total>
				<timestamp>4322.489366</timestamp>
			</report>
			<report>
				<misses>385000000</misses>
				<total>0</total>
				<timestamp>4323.641974</timestamp>
			</report>
			<report>
				<misses>385100000</misses>
				<total>0</total>
				<timestamp>4324.767751</timestamp>
			</report>
			<report>
				<misses>385200000</misses>
				<total>0</total>
				<timestamp>4325.895172</timestamp>
			</report>
			<report>
				<misses>385300000</misses>
				<total>0</total>
				<timestamp>4327.035448</timestamp>
			</report>
			<report>
				<misses>385400000</misses>
				<total>0</total>
				<timestamp>4328.215568</timestamp>
			</report>
			<report>
				<misses>385500000</misses>
				<total>0</total>
				<timestamp>4329.381372</timestamp>
			</report>
			<report>
				<misses>385600000</misses>
				<total>0</total>
				<timestamp>4330.453907</timestamp>
			</report>
			<report>
				<misses>385700000</misses>
				<total>0</total>
				<timestamp>4331.517348</timestamp>
			</report>
			<report>
				<misses>385800000</misses>
				<total>0</total>
				<timestamp>4332.601908</timestamp>
			</report>
			<report>
				<misses>385900000</misses>
				<total>0</total>
				<timestamp>4333.744838</timestamp>
			</report>
			<report>
				<misses>386000000</misses>
				<total>0</total>
				<timestamp>4334.797721</timestamp>
			</report>
			<report>
				<misses>386100000</misses>
				<total>0</total>
				<timestamp>4335.902026</timestamp>
			</report>
			<report>
				<misses>386200000</misses>
				<total>0</total>
				<timestamp>4337.031488</timestamp>
			</report>
			<report>
				<misses>386300000</misses>
				<total>0</total>
				<timestamp>4338.183097</timestamp>
			</report>
			<report>
				<misses>386400000</misses>
				<total>0</total>
				<timestamp>4339.286111</timestamp>
			</report>
			<report>
				<misses>386500000</misses>
				<total>0</total>
				<timestamp>4340.409116</timestamp>
			</report>
			<report>
				<misses>386600000</misses>
				<total>0</total>
				<timestamp>4341.563614</timestamp>
			</report>
			<report>
				<misses>386700000</misses>
				<total>0</total>
				<timestamp>4342.729956</timestamp>
			</report>
			<report>
				<misses>386800000</misses>
				<total>0</total>
				<timestamp>4343.863768</timestamp>
			</report>
			<report>
				<misses>386900000</misses>
				<total>0</total>
				<timestamp>4344.977871</timestamp>
			</report>
			<report>
				<misses>387000000</misses>
				<total>0</total>
				<timestamp>4346.125998</timestamp>
			</report>
			<report>
				<misses>387100000</misses>
				<total>0</total>
				<timestamp>4347.271880</timestamp>
			</report>
			<report>
				<misses>387200000</misses>
				<total>0</total>
				<timestamp>4348.412798</timestamp>
			</report>
			<report>
				<misses>387300000</misses>
				<total>0</total>
				<timestamp>4349.566973</timestamp>
			</report>
			<report>
				<misses>387400000</misses>
				<total>0</total>
				<timestamp>4350.728809</timestamp>
			</report>
			<report>
				<misses>387500000</misses>
				<total>0</total>
				<timestamp>4351.874955</timestamp>
			</report>
			<report>
				<misses>387600000</misses>
				<total>0</total>
				<timestamp>4353.040253</timestamp>
			</report>
			<report>
				<misses>387700000</misses>
				<total>0</total>
				<timestamp>4354.157825</timestamp>
			</report>
			<report>
				<misses>387800000</misses>
				<total>0</total>
				<timestamp>4355.354466</timestamp>
			</report>
			<report>
				<misses>387900000</misses>
				<total>0</total>
				<timestamp>4356.513657</timestamp>
			</report>
			<report>
				<misses>388000000</misses>
				<total>0</total>
				<timestamp>4357.653909</timestamp>
			</report>
			<report>
				<misses>388100000</misses>
				<total>0</total>
				<timestamp>4358.813248</timestamp>
			</report>
			<report>
				<misses>388200000</misses>
				<total>0</total>
				<timestamp>4359.951046</timestamp>
			</report>
			<report>
				<misses>388300000</misses>
				<total>0</total>
				<timestamp>4361.039864</timestamp>
			</report>
			<report>
				<misses>388400000</misses>
				<total>0</total>
				<timestamp>4362.163816</timestamp>
			</report>
			<report>
				<misses>388500000</misses>
				<total>0</total>
				<timestamp>4363.278416</timestamp>
			</report>
			<report>
				<misses>388600000</misses>
				<total>0</total>
				<timestamp>4364.412260</timestamp>
			</report>
			<report>
				<misses>388700000</misses>
				<total>0</total>
				<timestamp>4365.502252</timestamp>
			</report>
			<report>
				<misses>388800000</misses>
				<total>0</total>
				<timestamp>4366.638187</timestamp>
			</report>
			<report>
				<misses>388900000</misses>
				<total>0</total>
				<timestamp>4367.779575</timestamp>
			</report>
			<report>
				<misses>389000000</misses>
				<total>0</total>
				<timestamp>4368.952280</timestamp>
			</report>
			<report>
				<misses>389100000</misses>
				<total>0</total>
				<timestamp>4370.104507</timestamp>
			</report>
			<report>
				<misses>389200000</misses>
				<total>0</total>
				<timestamp>4371.252764</timestamp>
			</report>
			<report>
				<misses>389300000</misses>
				<total>0</total>
				<timestamp>4372.385949</timestamp>
			</report>
			<report>
				<misses>389400000</misses>
				<total>0</total>
				<timestamp>4373.575257</timestamp>
			</report>
			<report>
				<misses>389500000</misses>
				<total>0</total>
				<timestamp>4374.774427</timestamp>
			</report>
			<report>
				<misses>389600000</misses>
				<total>0</total>
				<timestamp>4375.892495</timestamp>
			</report>
			<report>
				<misses>389700000</misses>
				<total>0</total>
				<timestamp>4377.017866</timestamp>
			</report>
			<report>
				<misses>389800000</misses>
				<total>0</total>
				<timestamp>4378.146432</timestamp>
			</report>
			<report>
				<misses>389900000</misses>
				<total>0</total>
				<timestamp>4379.281553</timestamp>
			</report>
			<report>
				<misses>390000000</misses>
				<total>0</total>
				<timestamp>4380.439575</timestamp>
			</report>
			<report>
				<misses>390100000</misses>
				<total>0</total>
				<timestamp>4381.596682</timestamp>
			</report>
			<report>
				<misses>390200000</misses>
				<total>0</total>
				<timestamp>4382.742992</timestamp>
			</report>
			<report>
				<misses>390300000</misses>
				<total>0</total>
				<timestamp>4383.869940</timestamp>
			</report>
			<report>
				<misses>390400000</misses>
				<total>0</total>
				<timestamp>4385.039955</timestamp>
			</report>
			<report>
				<misses>390500000</misses>
				<total>0</total>
				<timestamp>4386.165504</timestamp>
			</report>
			<report>
				<misses>390600000</misses>
				<total>0</total>
				<timestamp>4387.264315</timestamp>
			</report>
			<report>
				<misses>390700000</misses>
				<total>0</total>
				<timestamp>4388.366441</timestamp>
			</report>
			<report>
				<misses>390800000</misses>
				<total>0</total>
				<timestamp>4389.495723</timestamp>
			</report>
			<report>
				<misses>390900000</misses>
				<total>0</total>
				<timestamp>4390.617455</timestamp>
			</report>
			<report>
				<misses>391000000</misses>
				<total>0</total>
				<timestamp>4391.742186</timestamp>
			</report>
			<report>
				<misses>391100000</misses>
				<total>0</total>
				<timestamp>4392.817014</timestamp>
			</report>
			<report>
				<misses>391200000</misses>
				<total>0</total>
				<timestamp>4393.918916</timestamp>
			</report>
			<report>
				<misses>391300000</misses>
				<total>0</total>
				<timestamp>4395.052377</timestamp>
			</report>
			<report>
				<misses>391400000</misses>
				<total>0</total>
				<timestamp>4396.154708</timestamp>
			</report>
			<report>
				<misses>391500000</misses>
				<total>0</total>
				<timestamp>4397.341748</timestamp>
			</report>
			<report>
				<misses>391600000</misses>
				<total>0</total>
				<timestamp>4398.437753</timestamp>
			</report>
			<report>
				<misses>391700000</misses>
				<total>0</total>
				<timestamp>4399.584507</timestamp>
			</report>
			<report>
				<misses>391800000</misses>
				<total>0</total>
				<timestamp>4400.702645</timestamp>
			</report>
			<report>
				<misses>391900000</misses>
				<total>0</total>
				<timestamp>4401.848501</timestamp>
			</report>
			<report>
				<misses>392000000</misses>
				<total>0</total>
				<timestamp>4402.995172</timestamp>
			</report>
			<report>
				<misses>392100000</misses>
				<total>0</total>
				<timestamp>4404.095815</timestamp>
			</report>
			<report>
				<misses>392200000</misses>
				<total>0</total>
				<timestamp>4405.198082</timestamp>
			</report>
			<report>
				<misses>392300000</misses>
				<total>0</total>
				<timestamp>4406.299285</timestamp>
			</report>
			<report>
				<misses>392400000</misses>
				<total>0</total>
				<timestamp>4407.391595</timestamp>
			</report>
			<report>
				<misses>392500000</misses>
				<total>0</total>
				<timestamp>4408.485214</timestamp>
			</report>
			<report>
				<misses>392600000</misses>
				<total>0</total>
				<timestamp>4409.588892</timestamp>
			</report>
			<report>
				<misses>392700000</misses>
				<total>0</total>
				<timestamp>4410.670589</timestamp>
			</report>
			<report>
				<misses>392800000</misses>
				<total>0</total>
				<timestamp>4411.749589</timestamp>
			</report>
			<report>
				<misses>392900000</misses>
				<total>0</total>
				<timestamp>4412.896296</timestamp>
			</report>
			<report>
				<misses>393000000</misses>
				<total>0</total>
				<timestamp>4413.996696</timestamp>
			</report>
			<report>
				<misses>393100000</misses>
				<total>0</total>
				<timestamp>4415.139493</timestamp>
			</report>
			<report>
				<misses>393200000</misses>
				<total>0</total>
				<timestamp>4416.261484</timestamp>
			</report>
			<report>
				<misses>393300000</misses>
				<total>0</total>
				<timestamp>4417.396969</timestamp>
			</report>
			<report>
				<misses>393400000</misses>
				<total>0</total>
				<timestamp>4418.514500</timestamp>
			</report>
			<report>
				<misses>393500000</misses>
				<total>0</total>
				<timestamp>4419.623323</timestamp>
			</report>
			<report>
				<misses>393600000</misses>
				<total>0</total>
				<timestamp>4420.761437</timestamp>
			</report>
			<report>
				<misses>393700000</misses>
				<total>0</total>
				<timestamp>4421.910941</timestamp>
			</report>
			<report>
				<misses>393800000</misses>
				<total>0</total>
				<timestamp>4423.039957</timestamp>
			</report>
			<report>
				<misses>393900000</misses>
				<total>0</total>
				<timestamp>4424.147562</timestamp>
			</report>
			<report>
				<misses>394000000</misses>
				<total>0</total>
				<timestamp>4425.297459</timestamp>
			</report>
			<report>
				<misses>394100000</misses>
				<total>0</total>
				<timestamp>4426.434118</timestamp>
			</report>
			<report>
				<misses>394200000</misses>
				<total>0</total>
				<timestamp>4427.500255</timestamp>
			</report>
			<report>
				<misses>394300000</misses>
				<total>0</total>
				<timestamp>4428.595923</timestamp>
			</report>
			<report>
				<misses>394400000</misses>
				<total>0</total>
				<timestamp>4429.722584</timestamp>
			</report>
			<report>
				<misses>394500000</misses>
				<total>0</total>
				<timestamp>4430.853987</timestamp>
			</report>
			<report>
				<misses>394600000</misses>
				<total>0</total>
				<timestamp>4432.000981</timestamp>
			</report>
			<report>
				<misses>394700000</misses>
				<total>0</total>
				<timestamp>4433.161230</timestamp>
			</report>
			<report>
				<misses>394800000</misses>
				<total>0</total>
				<timestamp>4434.312053</timestamp>
			</report>
			<report>
				<misses>394900000</misses>
				<total>0</total>
				<timestamp>4435.408980</timestamp>
			</report>
			<report>
				<misses>395000000</misses>
				<total>0</total>
				<timestamp>4436.540665</timestamp>
			</report>
			<report>
				<misses>395100000</misses>
				<total>0</total>
				<timestamp>4437.688475</timestamp>
			</report>
			<report>
				<misses>395200000</misses>
				<total>0</total>
				<timestamp>4438.775608</timestamp>
			</report>
			<report>
				<misses>395300000</misses>
				<total>0</total>
				<timestamp>4439.907780</timestamp>
			</report>
			<report>
				<misses>395400000</misses>
				<total>0</total>
				<timestamp>4441.038409</timestamp>
			</report>
			<report>
				<misses>395500000</misses>
				<total>0</total>
				<timestamp>4442.147586</timestamp>
			</report>
			<report>
				<misses>395600000</misses>
				<total>0</total>
				<timestamp>4443.237247</timestamp>
			</report>
			<report>
				<misses>395700000</misses>
				<total>0</total>
				<timestamp>4444.401036</timestamp>
			</report>
			<report>
				<misses>395800000</misses>
				<total>0</total>
				<timestamp>4445.511972</timestamp>
			</report>
			<report>
				<misses>395900000</misses>
				<total>0</total>
				<timestamp>4446.633662</timestamp>
			</report>
			<report>
				<misses>396000000</misses>
				<total>0</total>
				<timestamp>4447.712034</timestamp>
			</report>
			<report>
				<misses>396100000</misses>
				<total>0</total>
				<timestamp>4448.802627</timestamp>
			</report>
			<report>
				<misses>396200000</misses>
				<total>0</total>
				<timestamp>4449.908822</timestamp>
			</report>
			<report>
				<misses>396300000</misses>
				<total>0</total>
				<timestamp>4451.010344</timestamp>
			</report>
			<report>
				<misses>396400000</misses>
				<total>0</total>
				<timestamp>4452.122278</timestamp>
			</report>
			<report>
				<misses>396500000</misses>
				<total>0</total>
				<timestamp>4453.229079</timestamp>
			</report>
			<report>
				<misses>396600000</misses>
				<total>0</total>
				<timestamp>4454.353046</timestamp>
			</report>
			<report>
				<misses>396700000</misses>
				<total>0</total>
				<timestamp>4455.497264</timestamp>
			</report>
			<report>
				<misses>396800000</misses>
				<total>0</total>
				<timestamp>4456.611976</timestamp>
			</report>
			<report>
				<misses>396900000</misses>
				<total>0</total>
				<timestamp>4457.778688</timestamp>
			</report>
			<report>
				<misses>397000000</misses>
				<total>0</total>
				<timestamp>4458.894834</timestamp>
			</report>
			<report>
				<misses>397100000</misses>
				<total>0</total>
				<timestamp>4460.031567</timestamp>
			</report>
			<report>
				<misses>397200000</misses>
				<total>0</total>
				<timestamp>4461.175000</timestamp>
			</report>
			<report>
				<misses>397300000</misses>
				<total>0</total>
				<timestamp>4462.323979</timestamp>
			</report>
			<report>
				<misses>397400000</misses>
				<total>0</total>
				<timestamp>4463.448381</timestamp>
			</report>
			<report>
				<misses>397500000</misses>
				<total>0</total>
				<timestamp>4464.571279</timestamp>
			</report>
			<report>
				<misses>397600000</misses>
				<total>0</total>
				<timestamp>4465.669914</timestamp>
			</report>
			<report>
				<misses>397700000</misses>
				<total>0</total>
				<timestamp>4466.781730</timestamp>
			</report>
			<report>
				<misses>397800000</misses>
				<total>0</total>
				<timestamp>4467.917964</timestamp>
			</report>
			<report>
				<misses>397900000</misses>
				<total>0</total>
				<timestamp>4468.994359</timestamp>
			</report>
			<report>
				<misses>398000000</misses>
				<total>0</total>
				<timestamp>4470.098737</timestamp>
			</report>
			<report>
				<misses>398100000</misses>
				<total>0</total>
				<timestamp>4471.163656</timestamp>
			</report>
			<report>
				<misses>398200000</misses>
				<total>0</total>
				<timestamp>4472.281679</timestamp>
			</report>
			<report>
				<misses>398300000</misses>
				<total>0</total>
				<timestamp>4473.380506</timestamp>
			</report>
			<report>
				<misses>398400000</misses>
				<total>0</total>
				<timestamp>4474.488750</timestamp>
			</report>
			<report>
				<misses>398500000</misses>
				<total>0</total>
				<timestamp>4475.552906</timestamp>
			</report>
			<report>
				<misses>398600000</misses>
				<total>0</total>
				<timestamp>4476.663473</timestamp>
			</report>
			<report>
				<misses>398700000</misses>
				<total>0</total>
				<timestamp>4477.794734</timestamp>
			</report>
			<report>
				<misses>398800000</misses>
				<total>0</total>
				<timestamp>4478.906451</timestamp>
			</report>
			<report>
				<misses>398900000</misses>
				<total>0</total>
				<timestamp>4480.080326</timestamp>
			</report>
			<report>
				<misses>399000000</misses>
				<total>0</total>
				<timestamp>4481.234813</timestamp>
			</report>
			<report>
				<misses>399100000</misses>
				<total>0</total>
				<timestamp>4482.383755</timestamp>
			</report>
			<report>
				<misses>399200000</misses>
				<total>0</total>
				<timestamp>4483.485158</timestamp>
			</report>
			<report>
				<misses>399300000</misses>
				<total>0</total>
				<timestamp>4484.597347</timestamp>
			</report>
			<report>
				<misses>399400000</misses>
				<total>0</total>
				<timestamp>4485.741318</timestamp>
			</report>
			<report>
				<misses>399500000</misses>
				<total>0</total>
				<timestamp>4486.856128</timestamp>
			</report>
			<report>
				<misses>399600000</misses>
				<total>0</total>
				<timestamp>4487.994851</timestamp>
			</report>
			<report>
				<misses>399700000</misses>
				<total>0</total>
				<timestamp>4489.166147</timestamp>
			</report>
			<report>
				<misses>399800000</misses>
				<total>0</total>
				<timestamp>4490.304671</timestamp>
			</report>
			<report>
				<misses>399900000</misses>
				<total>0</total>
				<timestamp>4491.428548</timestamp>
			</report>
			<report>
				<misses>400000000</misses>
				<total>0</total>
				<timestamp>4492.549855</timestamp>
			</report>
			<report>
				<misses>400100000</misses>
				<total>0</total>
				<timestamp>4493.682223</timestamp>
			</report>
			<report>
				<misses>400200000</misses>
				<total>0</total>
				<timestamp>4494.784439</timestamp>
			</report>
			<report>
				<misses>400300000</misses>
				<total>0</total>
				<timestamp>4495.886310</timestamp>
			</report>
			<report>
				<misses>400400000</misses>
				<total>0</total>
				<timestamp>4497.016281</timestamp>
			</report>
			<report>
				<misses>400500000</misses>
				<total>0</total>
				<timestamp>4498.091694</timestamp>
			</report>
			<report>
				<misses>400600000</misses>
				<total>0</total>
				<timestamp>4499.158373</timestamp>
			</report>
			<report>
				<misses>400700000</misses>
				<total>0</total>
				<timestamp>4500.249930</timestamp>
			</report>
			<report>
				<misses>400800000</misses>
				<total>0</total>
				<timestamp>4501.343220</timestamp>
			</report>
			<report>
				<misses>400900000</misses>
				<total>0</total>
				<timestamp>4502.496813</timestamp>
			</report>
			<report>
				<misses>401000000</misses>
				<total>0</total>
				<timestamp>4503.630270</timestamp>
			</report>
			<report>
				<misses>401100000</misses>
				<total>0</total>
				<timestamp>4504.750175</timestamp>
			</report>
			<report>
				<misses>401200000</misses>
				<total>0</total>
				<timestamp>4505.922246</timestamp>
			</report>
			<report>
				<misses>401300000</misses>
				<total>0</total>
				<timestamp>4507.067975</timestamp>
			</report>
			<report>
				<misses>401400000</misses>
				<total>0</total>
				<timestamp>4508.160010</timestamp>
			</report>
			<report>
				<misses>401500000</misses>
				<total>0</total>
				<timestamp>4509.278160</timestamp>
			</report>
			<report>
				<misses>401600000</misses>
				<total>0</total>
				<timestamp>4510.407817</timestamp>
			</report>
			<report>
				<misses>401700000</misses>
				<total>0</total>
				<timestamp>4511.554525</timestamp>
			</report>
			<report>
				<misses>401800000</misses>
				<total>0</total>
				<timestamp>4512.629697</timestamp>
			</report>
			<report>
				<misses>401900000</misses>
				<total>0</total>
				<timestamp>4513.783148</timestamp>
			</report>
			<report>
				<misses>402000000</misses>
				<total>0</total>
				<timestamp>4514.914582</timestamp>
			</report>
			<report>
				<misses>402100000</misses>
				<total>0</total>
				<timestamp>4516.019954</timestamp>
			</report>
			<report>
				<misses>402200000</misses>
				<total>0</total>
				<timestamp>4517.143897</timestamp>
			</report>
			<report>
				<misses>402300000</misses>
				<total>0</total>
				<timestamp>4518.247397</timestamp>
			</report>
			<report>
				<misses>402400000</misses>
				<total>0</total>
				<timestamp>4519.409458</timestamp>
			</report>
			<report>
				<misses>402500000</misses>
				<total>0</total>
				<timestamp>4520.552049</timestamp>
			</report>
			<report>
				<misses>402600000</misses>
				<total>0</total>
				<timestamp>4521.712411</timestamp>
			</report>
			<report>
				<misses>402700000</misses>
				<total>0</total>
				<timestamp>4522.845693</timestamp>
			</report>
			<report>
				<misses>402800000</misses>
				<total>0</total>
				<timestamp>4523.972782</timestamp>
			</report>
			<report>
				<misses>402900000</misses>
				<total>0</total>
				<timestamp>4525.143282</timestamp>
			</report>
			<report>
				<misses>403000000</misses>
				<total>0</total>
				<timestamp>4526.277486</timestamp>
			</report>
			<report>
				<misses>403100000</misses>
				<total>0</total>
				<timestamp>4527.443037</timestamp>
			</report>
			<report>
				<misses>403200000</misses>
				<total>0</total>
				<timestamp>4528.573741</timestamp>
			</report>
			<report>
				<misses>403300000</misses>
				<total>0</total>
				<timestamp>4529.742465</timestamp>
			</report>
			<report>
				<misses>403400000</misses>
				<total>0</total>
				<timestamp>4530.825383</timestamp>
			</report>
			<report>
				<misses>403500000</misses>
				<total>0</total>
				<timestamp>4531.917307</timestamp>
			</report>
			<report>
				<misses>403600000</misses>
				<total>0</total>
				<timestamp>4533.028572</timestamp>
			</report>
			<report>
				<misses>403700000</misses>
				<total>0</total>
				<timestamp>4534.108717</timestamp>
			</report>
			<report>
				<misses>403800000</misses>
				<total>0</total>
				<timestamp>4535.179444</timestamp>
			</report>
			<report>
				<misses>403900000</misses>
				<total>0</total>
				<timestamp>4536.311127</timestamp>
			</report>
			<report>
				<misses>404000000</misses>
				<total>0</total>
				<timestamp>4537.433010</timestamp>
			</report>
			<report>
				<misses>404100000</misses>
				<total>0</total>
				<timestamp>4538.599975</timestamp>
			</report>
			<report>
				<misses>404200000</misses>
				<total>0</total>
				<timestamp>4539.721627</timestamp>
			</report>
			<report>
				<misses>404300000</misses>
				<total>0</total>
				<timestamp>4540.876684</timestamp>
			</report>
			<report>
				<misses>404400000</misses>
				<total>0</total>
				<timestamp>4542.044837</timestamp>
			</report>
			<report>
				<misses>404500000</misses>
				<total>0</total>
				<timestamp>4543.174443</timestamp>
			</report>
			<report>
				<misses>404600000</misses>
				<total>0</total>
				<timestamp>4544.299981</timestamp>
			</report>
			<report>
				<misses>404700000</misses>
				<total>0</total>
				<timestamp>4545.465315</timestamp>
			</report>
			<report>
				<misses>404800000</misses>
				<total>0</total>
				<timestamp>4546.600619</timestamp>
			</report>
			<report>
				<misses>404900000</misses>
				<total>0</total>
				<timestamp>4547.782021</timestamp>
			</report>
			<report>
				<misses>405000000</misses>
				<total>0</total>
				<timestamp>4548.887619</timestamp>
			</report>
			<report>
				<misses>405100000</misses>
				<total>0</total>
				<timestamp>4550.013387</timestamp>
			</report>
			<report>
				<misses>405200000</misses>
				<total>0</total>
				<timestamp>4551.135950</timestamp>
			</report>
			<report>
				<misses>405300000</misses>
				<total>0</total>
				<timestamp>4552.226139</timestamp>
			</report>
			<report>
				<misses>405400000</misses>
				<total>0</total>
				<timestamp>4553.301702</timestamp>
			</report>
			<report>
				<misses>405500000</misses>
				<total>0</total>
				<timestamp>4554.380317</timestamp>
			</report>
			<report>
				<misses>405600000</misses>
				<total>0</total>
				<timestamp>4555.484365</timestamp>
			</report>
			<report>
				<misses>405700000</misses>
				<total>0</total>
				<timestamp>4556.650542</timestamp>
			</report>
			<report>
				<misses>405800000</misses>
				<total>0</total>
				<timestamp>4557.805620</timestamp>
			</report>
			<report>
				<misses>405900000</misses>
				<total>0</total>
				<timestamp>4558.971108</timestamp>
			</report>
			<report>
				<misses>406000000</misses>
				<total>0</total>
				<timestamp>4560.129804</timestamp>
			</report>
			<report>
				<misses>406100000</misses>
				<total>0</total>
				<timestamp>4561.284235</timestamp>
			</report>
			<report>
				<misses>406200000</misses>
				<total>0</total>
				<timestamp>4562.451796</timestamp>
			</report>
			<report>
				<misses>406300000</misses>
				<total>0</total>
				<timestamp>4563.610644</timestamp>
			</report>
			<report>
				<misses>406400000</misses>
				<total>0</total>
				<timestamp>4564.768762</timestamp>
			</report>
			<report>
				<misses>406500000</misses>
				<total>0</total>
				<timestamp>4565.907620</timestamp>
			</report>
			<report>
				<misses>406600000</misses>
				<total>0</total>
				<timestamp>4567.080909</timestamp>
			</report>
			<report>
				<misses>406700000</misses>
				<total>0</total>
				<timestamp>4568.207895</timestamp>
			</report>
			<report>
				<misses>406800000</misses>
				<total>0</total>
				<timestamp>4569.352483</timestamp>
			</report>
			<report>
				<misses>406900000</misses>
				<total>0</total>
				<timestamp>4570.444942</timestamp>
			</report>
			<report>
				<misses>407000000</misses>
				<total>0</total>
				<timestamp>4571.542974</timestamp>
			</report>
			<report>
				<misses>407100000</misses>
				<total>0</total>
				<timestamp>4572.617324</timestamp>
			</report>
			<report>
				<misses>407200000</misses>
				<total>0</total>
				<timestamp>4573.686660</timestamp>
			</report>
			<report>
				<misses>407300000</misses>
				<total>0</total>
				<timestamp>4574.798351</timestamp>
			</report>
			<report>
				<misses>407400000</misses>
				<total>0</total>
				<timestamp>4575.888891</timestamp>
			</report>
			<report>
				<misses>407500000</misses>
				<total>0</total>
				<timestamp>4577.011149</timestamp>
			</report>
			<report>
				<misses>407600000</misses>
				<total>0</total>
				<timestamp>4578.178983</timestamp>
			</report>
			<report>
				<misses>407700000</misses>
				<total>0</total>
				<timestamp>4579.309938</timestamp>
			</report>
			<report>
				<misses>407800000</misses>
				<total>0</total>
				<timestamp>4580.429836</timestamp>
			</report>
			<report>
				<misses>407900000</misses>
				<total>0</total>
				<timestamp>4581.572276</timestamp>
			</report>
			<report>
				<misses>408000000</misses>
				<total>0</total>
				<timestamp>4582.715985</timestamp>
			</report>
			<report>
				<misses>408100000</misses>
				<total>0</total>
				<timestamp>4583.825823</timestamp>
			</report>
			<report>
				<misses>408200000</misses>
				<total>0</total>
				<timestamp>4584.933020</timestamp>
			</report>
			<report>
				<misses>408300000</misses>
				<total>0</total>
				<timestamp>4586.079510</timestamp>
			</report>
			<report>
				<misses>408400000</misses>
				<total>0</total>
				<timestamp>4587.216322</timestamp>
			</report>
			<report>
				<misses>408500000</misses>
				<total>0</total>
				<timestamp>4588.369495</timestamp>
			</report>
			<report>
				<misses>408600000</misses>
				<total>0</total>
				<timestamp>4589.516652</timestamp>
			</report>
			<report>
				<misses>408700000</misses>
				<total>0</total>
				<timestamp>4590.613892</timestamp>
			</report>
			<report>
				<misses>408800000</misses>
				<total>0</total>
				<timestamp>4591.716359</timestamp>
			</report>
			<report>
				<misses>408900000</misses>
				<total>0</total>
				<timestamp>4592.862202</timestamp>
			</report>
			<report>
				<misses>409000000</misses>
				<total>0</total>
				<timestamp>4593.975669</timestamp>
			</report>
			<report>
				<misses>409100000</misses>
				<total>0</total>
				<timestamp>4595.072569</timestamp>
			</report>
			<report>
				<misses>409200000</misses>
				<total>0</total>
				<timestamp>4596.199215</timestamp>
			</report>
			<report>
				<misses>409300000</misses>
				<total>0</total>
				<timestamp>4597.325363</timestamp>
			</report>
			<report>
				<misses>409400000</misses>
				<total>0</total>
				<timestamp>4598.422030</timestamp>
			</report>
			<report>
				<misses>409500000</misses>
				<total>0</total>
				<timestamp>4599.576599</timestamp>
			</report>
			<report>
				<misses>409600000</misses>
				<total>0</total>
				<timestamp>4600.726908</timestamp>
			</report>
			<report>
				<misses>409700000</misses>
				<total>0</total>
				<timestamp>4601.865805</timestamp>
			</report>
			<report>
				<misses>409800000</misses>
				<total>0</total>
				<timestamp>4603.002971</timestamp>
			</report>
			<report>
				<misses>409900000</misses>
				<total>0</total>
				<timestamp>4604.146242</timestamp>
			</report>
			<report>
				<misses>410000000</misses>
				<total>0</total>
				<timestamp>4605.269018</timestamp>
			</report>
			<report>
				<misses>410100000</misses>
				<total>0</total>
				<timestamp>4606.399861</timestamp>
			</report>
			<report>
				<misses>410200000</misses>
				<total>0</total>
				<timestamp>4607.502864</timestamp>
			</report>
			<report>
				<misses>410300000</misses>
				<total>0</total>
				<timestamp>4608.652873</timestamp>
			</report>
			<report>
				<misses>410400000</misses>
				<total>0</total>
				<timestamp>4609.784668</timestamp>
			</report>
			<report>
				<misses>410500000</misses>
				<total>0</total>
				<timestamp>4610.946376</timestamp>
			</report>
			<report>
				<misses>410600000</misses>
				<total>0</total>
				<timestamp>4612.090212</timestamp>
			</report>
			<report>
				<misses>410700000</misses>
				<total>0</total>
				<timestamp>4613.196055</timestamp>
			</report>
			<report>
				<misses>410800000</misses>
				<total>0</total>
				<timestamp>4614.324611</timestamp>
			</report>
			<report>
				<misses>410900000</misses>
				<total>0</total>
				<timestamp>4615.473487</timestamp>
			</report>
			<report>
				<misses>411000000</misses>
				<total>0</total>
				<timestamp>4616.580706</timestamp>
			</report>
			<report>
				<misses>411100000</misses>
				<total>0</total>
				<timestamp>4617.708701</timestamp>
			</report>
			<report>
				<misses>411200000</misses>
				<total>0</total>
				<timestamp>4618.824576</timestamp>
			</report>
			<report>
				<misses>411300000</misses>
				<total>0</total>
				<timestamp>4619.929581</timestamp>
			</report>
			<report>
				<misses>411400000</misses>
				<total>0</total>
				<timestamp>4621.020833</timestamp>
			</report>
			<report>
				<misses>411500000</misses>
				<total>0</total>
				<timestamp>4622.099031</timestamp>
			</report>
			<report>
				<misses>411600000</misses>
				<total>0</total>
				<timestamp>4623.227562</timestamp>
			</report>
			<report>
				<misses>411700000</misses>
				<total>0</total>
				<timestamp>4624.315315</timestamp>
			</report>
			<report>
				<misses>411800000</misses>
				<total>0</total>
				<timestamp>4625.423615</timestamp>
			</report>
			<report>
				<misses>411900000</misses>
				<total>0</total>
				<timestamp>4626.530509</timestamp>
			</report>
			<report>
				<misses>412000000</misses>
				<total>0</total>
				<timestamp>4627.657919</timestamp>
			</report>
			<report>
				<misses>412100000</misses>
				<total>0</total>
				<timestamp>4628.793592</timestamp>
			</report>
			<report>
				<misses>412200000</misses>
				<total>0</total>
				<timestamp>4629.908976</timestamp>
			</report>
			<report>
				<misses>412300000</misses>
				<total>0</total>
				<timestamp>4631.060991</timestamp>
			</report>
			<report>
				<misses>412400000</misses>
				<total>0</total>
				<timestamp>4632.196079</timestamp>
			</report>
			<report>
				<misses>412500000</misses>
				<total>0</total>
				<timestamp>4633.322070</timestamp>
			</report>
			<report>
				<misses>412600000</misses>
				<total>0</total>
				<timestamp>4634.495327</timestamp>
			</report>
			<report>
				<misses>412700000</misses>
				<total>0</total>
				<timestamp>4635.563025</timestamp>
			</report>
			<report>
				<misses>412800000</misses>
				<total>0</total>
				<timestamp>4636.638209</timestamp>
			</report>
			<report>
				<misses>412900000</misses>
				<total>0</total>
				<timestamp>4637.698502</timestamp>
			</report>
			<report>
				<misses>413000000</misses>
				<total>0</total>
				<timestamp>4638.839191</timestamp>
			</report>
			<report>
				<misses>413100000</misses>
				<total>0</total>
				<timestamp>4639.904899</timestamp>
			</report>
			<report>
				<misses>413200000</misses>
				<total>0</total>
				<timestamp>4640.984928</timestamp>
			</report>
			<report>
				<misses>413300000</misses>
				<total>0</total>
				<timestamp>4642.087155</timestamp>
			</report>
			<report>
				<misses>413400000</misses>
				<total>0</total>
				<timestamp>4643.168274</timestamp>
			</report>
			<report>
				<misses>413500000</misses>
				<total>0</total>
				<timestamp>4644.274451</timestamp>
			</report>
			<report>
				<misses>413600000</misses>
				<total>0</total>
				<timestamp>4645.382391</timestamp>
			</report>
			<report>
				<misses>413700000</misses>
				<total>0</total>
				<timestamp>4646.475751</timestamp>
			</report>
			<report>
				<misses>413800000</misses>
				<total>0</total>
				<timestamp>4647.586568</timestamp>
			</report>
			<report>
				<misses>413900000</misses>
				<total>0</total>
				<timestamp>4648.727298</timestamp>
			</report>
			<report>
				<misses>414000000</misses>
				<total>0</total>
				<timestamp>4649.835611</timestamp>
			</report>
			<report>
				<misses>414100000</misses>
				<total>0</total>
				<timestamp>4650.913020</timestamp>
			</report>
			<report>
				<misses>414200000</misses>
				<total>0</total>
				<timestamp>4651.972008</timestamp>
			</report>
			<report>
				<misses>414300000</misses>
				<total>0</total>
				<timestamp>4653.049758</timestamp>
			</report>
			<report>
				<misses>414400000</misses>
				<total>0</total>
				<timestamp>4654.112902</timestamp>
			</report>
			<report>
				<misses>414500000</misses>
				<total>0</total>
				<timestamp>4655.186449</timestamp>
			</report>
			<report>
				<misses>414600000</misses>
				<total>0</total>
				<timestamp>4656.246804</timestamp>
			</report>
			<report>
				<misses>414700000</misses>
				<total>0</total>
				<timestamp>4657.343804</timestamp>
			</report>
			<report>
				<misses>414800000</misses>
				<total>0</total>
				<timestamp>4658.475751</timestamp>
			</report>
			<report>
				<misses>414900000</misses>
				<total>0</total>
				<timestamp>4659.626607</timestamp>
			</report>
			<report>
				<misses>415000000</misses>
				<total>0</total>
				<timestamp>4660.724823</timestamp>
			</report>
			<report>
				<misses>415100000</misses>
				<total>0</total>
				<timestamp>4661.862368</timestamp>
			</report>
			<report>
				<misses>415200000</misses>
				<total>0</total>
				<timestamp>4662.993049</timestamp>
			</report>
			<report>
				<misses>415300000</misses>
				<total>0</total>
				<timestamp>4664.113454</timestamp>
			</report>
			<report>
				<misses>415400000</misses>
				<total>0</total>
				<timestamp>4665.203317</timestamp>
			</report>
			<report>
				<misses>415500000</misses>
				<total>0</total>
				<timestamp>4666.323710</timestamp>
			</report>
			<report>
				<misses>415600000</misses>
				<total>0</total>
				<timestamp>4667.429261</timestamp>
			</report>
			<report>
				<misses>415700000</misses>
				<total>0</total>
				<timestamp>4668.502758</timestamp>
			</report>
			<report>
				<misses>415800000</misses>
				<total>0</total>
				<timestamp>4669.557818</timestamp>
			</report>
			<report>
				<misses>415900000</misses>
				<total>0</total>
				<timestamp>4670.607459</timestamp>
			</report>
			<report>
				<misses>416000000</misses>
				<total>0</total>
				<timestamp>4671.724854</timestamp>
			</report>
			<report>
				<misses>416100000</misses>
				<total>0</total>
				<timestamp>4672.770551</timestamp>
			</report>
			<report>
				<misses>416200000</misses>
				<total>0</total>
				<timestamp>4673.834095</timestamp>
			</report>
			<report>
				<misses>416300000</misses>
				<total>0</total>
				<timestamp>4674.912366</timestamp>
			</report>
			<report>
				<misses>416400000</misses>
				<total>0</total>
				<timestamp>4676.047527</timestamp>
			</report>
			<report>
				<misses>416500000</misses>
				<total>0</total>
				<timestamp>4677.183872</timestamp>
			</report>
			<report>
				<misses>416600000</misses>
				<total>0</total>
				<timestamp>4678.304941</timestamp>
			</report>
			<report>
				<misses>416700000</misses>
				<total>0</total>
				<timestamp>4679.395246</timestamp>
			</report>
			<report>
				<misses>416800000</misses>
				<total>0</total>
				<timestamp>4680.534375</timestamp>
			</report>
			<report>
				<misses>416900000</misses>
				<total>0</total>
				<timestamp>4681.651014</timestamp>
			</report>
			<report>
				<misses>417000000</misses>
				<total>0</total>
				<timestamp>4682.838800</timestamp>
			</report>
			<report>
				<misses>417100000</misses>
				<total>0</total>
				<timestamp>4683.946760</timestamp>
			</report>
			<report>
				<misses>417200000</misses>
				<total>0</total>
				<timestamp>4685.091992</timestamp>
			</report>
			<report>
				<misses>417300000</misses>
				<total>0</total>
				<timestamp>4686.201630</timestamp>
			</report>
			<report>
				<misses>417400000</misses>
				<total>0</total>
				<timestamp>4687.281452</timestamp>
			</report>
			<report>
				<misses>417500000</misses>
				<total>0</total>
				<timestamp>4688.420607</timestamp>
			</report>
			<report>
				<misses>417600000</misses>
				<total>0</total>
				<timestamp>4689.494047</timestamp>
			</report>
			<report>
				<misses>417700000</misses>
				<total>0</total>
				<timestamp>4690.572854</timestamp>
			</report>
			<report>
				<misses>417800000</misses>
				<total>0</total>
				<timestamp>4691.691800</timestamp>
			</report>
			<report>
				<misses>417900000</misses>
				<total>0</total>
				<timestamp>4692.892567</timestamp>
			</report>
			<report>
				<misses>418000000</misses>
				<total>0</total>
				<timestamp>4694.029407</timestamp>
			</report>
			<report>
				<misses>418100000</misses>
				<total>0</total>
				<timestamp>4695.190025</timestamp>
			</report>
			<report>
				<misses>418200000</misses>
				<total>0</total>
				<timestamp>4696.325513</timestamp>
			</report>
			<report>
				<misses>418300000</misses>
				<total>0</total>
				<timestamp>4697.477530</timestamp>
			</report>
			<report>
				<misses>418400000</misses>
				<total>0</total>
				<timestamp>4698.575491</timestamp>
			</report>
			<report>
				<misses>418500000</misses>
				<total>0</total>
				<timestamp>4699.714600</timestamp>
			</report>
			<report>
				<misses>418600000</misses>
				<total>0</total>
				<timestamp>4700.879790</timestamp>
			</report>
			<report>
				<misses>418700000</misses>
				<total>0</total>
				<timestamp>4702.031925</timestamp>
			</report>
			<report>
				<misses>418800000</misses>
				<total>0</total>
				<timestamp>4703.187656</timestamp>
			</report>
			<report>
				<misses>418900000</misses>
				<total>0</total>
				<timestamp>4704.329747</timestamp>
			</report>
			<report>
				<misses>419000000</misses>
				<total>0</total>
				<timestamp>4705.499064</timestamp>
			</report>
			<report>
				<misses>419100000</misses>
				<total>0</total>
				<timestamp>4706.618609</timestamp>
			</report>
			<report>
				<misses>419200000</misses>
				<total>0</total>
				<timestamp>4707.751944</timestamp>
			</report>
			<report>
				<misses>419300000</misses>
				<total>0</total>
				<timestamp>4708.882553</timestamp>
			</report>
			<report>
				<misses>419400000</misses>
				<total>0</total>
				<timestamp>4710.075888</timestamp>
			</report>
			<report>
				<misses>419500000</misses>
				<total>0</total>
				<timestamp>4711.188586</timestamp>
			</report>
			<report>
				<misses>419600000</misses>
				<total>0</total>
				<timestamp>4712.258439</timestamp>
			</report>
			<report>
				<misses>419700000</misses>
				<total>0</total>
				<timestamp>4713.403994</timestamp>
			</report>
			<report>
				<misses>419800000</misses>
				<total>0</total>
				<timestamp>4714.539855</timestamp>
			</report>
			<report>
				<misses>419900000</misses>
				<total>0</total>
				<timestamp>4715.687998</timestamp>
			</report>
			<report>
				<misses>420000000</misses>
				<total>0</total>
				<timestamp>4716.853231</timestamp>
			</report>
			<report>
				<misses>420100000</misses>
				<total>0</total>
				<timestamp>4717.961546</timestamp>
			</report>
			<report>
				<misses>420200000</misses>
				<total>0</total>
				<timestamp>4719.152691</timestamp>
			</report>
			<report>
				<misses>420300000</misses>
				<total>0</total>
				<timestamp>4720.320726</timestamp>
			</report>
			<report>
				<misses>420400000</misses>
				<total>0</total>
				<timestamp>4721.481194</timestamp>
			</report>
			<report>
				<misses>420500000</misses>
				<total>0</total>
				<timestamp>4722.612843</timestamp>
			</report>
			<report>
				<misses>420600000</misses>
				<total>0</total>
				<timestamp>4723.801825</timestamp>
			</report>
			<report>
				<misses>420700000</misses>
				<total>0</total>
				<timestamp>4724.960690</timestamp>
			</report>
			<report>
				<misses>420800000</misses>
				<total>0</total>
				<timestamp>4726.125572</timestamp>
			</report>
			<report>
				<misses>420900000</misses>
				<total>0</total>
				<timestamp>4727.249669</timestamp>
			</report>
			<report>
				<misses>421000000</misses>
				<total>0</total>
				<timestamp>4728.391729</timestamp>
			</report>
			<report>
				<misses>421100000</misses>
				<total>0</total>
				<timestamp>4729.456295</timestamp>
			</report>
			<report>
				<misses>421200000</misses>
				<total>0</total>
				<timestamp>4730.620244</timestamp>
			</report>
			<report>
				<misses>421300000</misses>
				<total>0</total>
				<timestamp>4731.767213</timestamp>
			</report>
			<report>
				<misses>421400000</misses>
				<total>0</total>
				<timestamp>4732.926596</timestamp>
			</report>
			<report>
				<misses>421500000</misses>
				<total>0</total>
				<timestamp>4733.987010</timestamp>
			</report>
			<report>
				<misses>421600000</misses>
				<total>0</total>
				<timestamp>4735.065217</timestamp>
			</report>
			<report>
				<misses>421700000</misses>
				<total>0</total>
				<timestamp>4736.170671</timestamp>
			</report>
			<report>
				<misses>421800000</misses>
				<total>0</total>
				<timestamp>4737.334634</timestamp>
			</report>
			<report>
				<misses>421900000</misses>
				<total>0</total>
				<timestamp>4738.498492</timestamp>
			</report>
			<report>
				<misses>422000000</misses>
				<total>0</total>
				<timestamp>4739.656619</timestamp>
			</report>
			<report>
				<misses>422100000</misses>
				<total>0</total>
				<timestamp>4740.801371</timestamp>
			</report>
			<report>
				<misses>422200000</misses>
				<total>0</total>
				<timestamp>4741.977818</timestamp>
			</report>
			<report>
				<misses>422300000</misses>
				<total>0</total>
				<timestamp>4743.120866</timestamp>
			</report>
			<report>
				<misses>422400000</misses>
				<total>0</total>
				<timestamp>4744.272765</timestamp>
			</report>
			<report>
				<misses>422500000</misses>
				<total>0</total>
				<timestamp>4745.456502</timestamp>
			</report>
			<report>
				<misses>422600000</misses>
				<total>0</total>
				<timestamp>4746.608795</timestamp>
			</report>
			<report>
				<misses>422700000</misses>
				<total>0</total>
				<timestamp>4747.719030</timestamp>
			</report>
			<report>
				<misses>422800000</misses>
				<total>0</total>
				<timestamp>4748.795770</timestamp>
			</report>
			<report>
				<misses>422900000</misses>
				<total>0</total>
				<timestamp>4749.940855</timestamp>
			</report>
			<report>
				<misses>423000000</misses>
				<total>0</total>
				<timestamp>4751.091116</timestamp>
			</report>
			<report>
				<misses>423100000</misses>
				<total>0</total>
				<timestamp>4752.192312</timestamp>
			</report>
			<report>
				<misses>423200000</misses>
				<total>0</total>
				<timestamp>4753.272789</timestamp>
			</report>
			<report>
				<misses>423300000</misses>
				<total>0</total>
				<timestamp>4754.422871</timestamp>
			</report>
			<report>
				<misses>423400000</misses>
				<total>0</total>
				<timestamp>4755.532286</timestamp>
			</report>
			<report>
				<misses>423500000</misses>
				<total>0</total>
				<timestamp>4756.678252</timestamp>
			</report>
			<report>
				<misses>423600000</misses>
				<total>0</total>
				<timestamp>4757.793703</timestamp>
			</report>
			<report>
				<misses>423700000</misses>
				<total>0</total>
				<timestamp>4758.948523</timestamp>
			</report>
			<report>
				<misses>423800000</misses>
				<total>0</total>
				<timestamp>4760.108372</timestamp>
			</report>
			<report>
				<misses>423900000</misses>
				<total>0</total>
				<timestamp>4761.251945</timestamp>
			</report>
			<report>
				<misses>424000000</misses>
				<total>0</total>
				<timestamp>4762.422863</timestamp>
			</report>
			<report>
				<misses>424100000</misses>
				<total>0</total>
				<timestamp>4763.542254</timestamp>
			</report>
			<report>
				<misses>424200000</misses>
				<total>0</total>
				<timestamp>4764.666832</timestamp>
			</report>
			<report>
				<misses>424300000</misses>
				<total>0</total>
				<timestamp>4765.806311</timestamp>
			</report>
			<report>
				<misses>424400000</misses>
				<total>0</total>
				<timestamp>4766.940335</timestamp>
			</report>
			<report>
				<misses>424500000</misses>
				<total>0</total>
				<timestamp>4768.071973</timestamp>
			</report>
			<report>
				<misses>424600000</misses>
				<total>0</total>
				<timestamp>4769.142101</timestamp>
			</report>
			<report>
				<misses>424700000</misses>
				<total>0</total>
				<timestamp>4770.240366</timestamp>
			</report>
			<report>
				<misses>424800000</misses>
				<total>0</total>
				<timestamp>4771.350860</timestamp>
			</report>
			<report>
				<misses>424900000</misses>
				<total>0</total>
				<timestamp>4772.434482</timestamp>
			</report>
			<report>
				<misses>425000000</misses>
				<total>0</total>
				<timestamp>4773.508092</timestamp>
			</report>
			<report>
				<misses>425100000</misses>
				<total>0</total>
				<timestamp>4774.622611</timestamp>
			</report>
			<report>
				<misses>425200000</misses>
				<total>0</total>
				<timestamp>4775.736412</timestamp>
			</report>
			<report>
				<misses>425300000</misses>
				<total>0</total>
				<timestamp>4776.903774</timestamp>
			</report>
			<report>
				<misses>425400000</misses>
				<total>0</total>
				<timestamp>4778.005103</timestamp>
			</report>
			<report>
				<misses>425500000</misses>
				<total>0</total>
				<timestamp>4779.113157</timestamp>
			</report>
			<report>
				<misses>425600000</misses>
				<total>0</total>
				<timestamp>4780.262692</timestamp>
			</report>
			<report>
				<misses>425700000</misses>
				<total>0</total>
				<timestamp>4781.359554</timestamp>
			</report>
			<report>
				<misses>425800000</misses>
				<total>0</total>
				<timestamp>4782.544451</timestamp>
			</report>
			<report>
				<misses>425900000</misses>
				<total>0</total>
				<timestamp>4783.631573</timestamp>
			</report>
			<report>
				<misses>426000000</misses>
				<total>0</total>
				<timestamp>4784.770768</timestamp>
			</report>
			<report>
				<misses>426100000</misses>
				<total>0</total>
				<timestamp>4785.876766</timestamp>
			</report>
			<report>
				<misses>426200000</misses>
				<total>0</total>
				<timestamp>4787.061687</timestamp>
			</report>
			<report>
				<misses>426300000</misses>
				<total>0</total>
				<timestamp>4788.182296</timestamp>
			</report>
			<report>
				<misses>426400000</misses>
				<total>0</total>
				<timestamp>4789.308010</timestamp>
			</report>
			<report>
				<misses>426500000</misses>
				<total>0</total>
				<timestamp>4790.401782</timestamp>
			</report>
			<report>
				<misses>426600000</misses>
				<total>0</total>
				<timestamp>4791.532213</timestamp>
			</report>
			<report>
				<misses>426700000</misses>
				<total>0</total>
				<timestamp>4792.646417</timestamp>
			</report>
			<report>
				<misses>426800000</misses>
				<total>0</total>
				<timestamp>4793.745001</timestamp>
			</report>
			<report>
				<misses>426900000</misses>
				<total>0</total>
				<timestamp>4794.815092</timestamp>
			</report>
			<report>
				<misses>427000000</misses>
				<total>0</total>
				<timestamp>4795.947827</timestamp>
			</report>
			<report>
				<misses>427100000</misses>
				<total>0</total>
				<timestamp>4797.033665</timestamp>
			</report>
			<report>
				<misses>427200000</misses>
				<total>0</total>
				<timestamp>4798.138170</timestamp>
			</report>
			<report>
				<misses>427300000</misses>
				<total>0</total>
				<timestamp>4799.240037</timestamp>
			</report>
			<report>
				<misses>427400000</misses>
				<total>0</total>
				<timestamp>4800.326044</timestamp>
			</report>
			<report>
				<misses>427500000</misses>
				<total>0</total>
				<timestamp>4801.468775</timestamp>
			</report>
			<report>
				<misses>427600000</misses>
				<total>0</total>
				<timestamp>4802.576303</timestamp>
			</report>
			<report>
				<misses>427700000</misses>
				<total>0</total>
				<timestamp>4803.736981</timestamp>
			</report>
			<report>
				<misses>427800000</misses>
				<total>0</total>
				<timestamp>4804.817328</timestamp>
			</report>
			<report>
				<misses>427900000</misses>
				<total>0</total>
				<timestamp>4805.938937</timestamp>
			</report>
			<report>
				<misses>428000000</misses>
				<total>0</total>
				<timestamp>4807.058216</timestamp>
			</report>
			<report>
				<misses>428100000</misses>
				<total>0</total>
				<timestamp>4808.186573</timestamp>
			</report>
			<report>
				<misses>428200000</misses>
				<total>0</total>
				<timestamp>4809.307906</timestamp>
			</report>
			<report>
				<misses>428300000</misses>
				<total>0</total>
				<timestamp>4810.400772</timestamp>
			</report>
			<report>
				<misses>428400000</misses>
				<total>0</total>
				<timestamp>4811.543436</timestamp>
			</report>
			<report>
				<misses>428500000</misses>
				<total>0</total>
				<timestamp>4812.675255</timestamp>
			</report>
			<report>
				<misses>428600000</misses>
				<total>0</total>
				<timestamp>4813.785494</timestamp>
			</report>
			<report>
				<misses>428700000</misses>
				<total>0</total>
				<timestamp>4814.848444</timestamp>
			</report>
			<report>
				<misses>428800000</misses>
				<total>0</total>
				<timestamp>4815.946270</timestamp>
			</report>
			<report>
				<misses>428900000</misses>
				<total>0</total>
				<timestamp>4817.031990</timestamp>
			</report>
			<report>
				<misses>429000000</misses>
				<total>0</total>
				<timestamp>4818.116158</timestamp>
			</report>
			<report>
				<misses>429100000</misses>
				<total>0</total>
				<timestamp>4819.213105</timestamp>
			</report>
			<report>
				<misses>429200000</misses>
				<total>0</total>
				<timestamp>4820.329191</timestamp>
			</report>
			<report>
				<misses>429300000</misses>
				<total>0</total>
				<timestamp>4821.423053</timestamp>
			</report>
			<report>
				<misses>429400000</misses>
				<total>0</total>
				<timestamp>4822.556118</timestamp>
			</report>
			<report>
				<misses>429500000</misses>
				<total>0</total>
				<timestamp>4823.672914</timestamp>
			</report>
			<report>
				<misses>429600000</misses>
				<total>0</total>
				<timestamp>4824.782615</timestamp>
			</report>
			<report>
				<misses>429700000</misses>
				<total>0</total>
				<timestamp>4825.878225</timestamp>
			</report>
			<report>
				<misses>429800000</misses>
				<total>0</total>
				<timestamp>4826.968913</timestamp>
			</report>
			<report>
				<misses>429900000</misses>
				<total>0</total>
				<timestamp>4828.109132</timestamp>
			</report>
			<report>
				<misses>430000000</misses>
				<total>0</total>
				<timestamp>4829.247917</timestamp>
			</report>
			<report>
				<misses>430100000</misses>
				<total>0</total>
				<timestamp>4830.313432</timestamp>
			</report>
			<report>
				<misses>430200000</misses>
				<total>0</total>
				<timestamp>4831.505345</timestamp>
			</report>
			<report>
				<misses>430300000</misses>
				<total>0</total>
				<timestamp>4832.632811</timestamp>
			</report>
			<report>
				<misses>430400000</misses>
				<total>0</total>
				<timestamp>4833.755532</timestamp>
			</report>
			<report>
				<misses>430500000</misses>
				<total>0</total>
				<timestamp>4834.866216</timestamp>
			</report>
			<report>
				<misses>430600000</misses>
				<total>0</total>
				<timestamp>4836.025200</timestamp>
			</report>
			<report>
				<misses>430700000</misses>
				<total>0</total>
				<timestamp>4837.154849</timestamp>
			</report>
			<report>
				<misses>430800000</misses>
				<total>0</total>
				<timestamp>4838.230932</timestamp>
			</report>
			<report>
				<misses>430900000</misses>
				<total>0</total>
				<timestamp>4839.310626</timestamp>
			</report>
			<report>
				<misses>431000000</misses>
				<total>0</total>
				<timestamp>4840.421044</timestamp>
			</report>
			<report>
				<misses>431100000</misses>
				<total>0</total>
				<timestamp>4841.499280</timestamp>
			</report>
			<report>
				<misses>431200000</misses>
				<total>0</total>
				<timestamp>4842.582883</timestamp>
			</report>
			<report>
				<misses>431300000</misses>
				<total>0</total>
				<timestamp>4843.729464</timestamp>
			</report>
			<report>
				<misses>431400000</misses>
				<total>0</total>
				<timestamp>4844.850517</timestamp>
			</report>
			<report>
				<misses>431500000</misses>
				<total>0</total>
				<timestamp>4845.983733</timestamp>
			</report>
			<report>
				<misses>431600000</misses>
				<total>0</total>
				<timestamp>4847.088764</timestamp>
			</report>
			<report>
				<misses>431700000</misses>
				<total>0</total>
				<timestamp>4848.245949</timestamp>
			</report>
			<report>
				<misses>431800000</misses>
				<total>0</total>
				<timestamp>4849.346816</timestamp>
			</report>
			<report>
				<misses>431900000</misses>
				<total>0</total>
				<timestamp>4850.475266</timestamp>
			</report>
			<report>
				<misses>432000000</misses>
				<total>0</total>
				<timestamp>4851.607252</timestamp>
			</report>
			<report>
				<misses>432100000</misses>
				<total>0</total>
				<timestamp>4852.776381</timestamp>
			</report>
			<report>
				<misses>432200000</misses>
				<total>0</total>
				<timestamp>4853.872670</timestamp>
			</report>
			<report>
				<misses>432300000</misses>
				<total>0</total>
				<timestamp>4854.992342</timestamp>
			</report>
			<report>
				<misses>432400000</misses>
				<total>0</total>
				<timestamp>4856.110553</timestamp>
			</report>
			<report>
				<misses>432500000</misses>
				<total>0</total>
				<timestamp>4857.302076</timestamp>
			</report>
			<report>
				<misses>432600000</misses>
				<total>0</total>
				<timestamp>4858.410076</timestamp>
			</report>
			<report>
				<misses>432700000</misses>
				<total>0</total>
				<timestamp>4859.545654</timestamp>
			</report>
			<report>
				<misses>432800000</misses>
				<total>0</total>
				<timestamp>4860.628363</timestamp>
			</report>
			<report>
				<misses>432900000</misses>
				<total>0</total>
				<timestamp>4861.697484</timestamp>
			</report>
			<report>
				<misses>433000000</misses>
				<total>0</total>
				<timestamp>4862.816375</timestamp>
			</report>
			<report>
				<misses>433100000</misses>
				<total>0</total>
				<timestamp>4863.908599</timestamp>
			</report>
			<report>
				<misses>433200000</misses>
				<total>0</total>
				<timestamp>4865.036118</timestamp>
			</report>
			<report>
				<misses>433300000</misses>
				<total>0</total>
				<timestamp>4866.095787</timestamp>
			</report>
			<report>
				<misses>433400000</misses>
				<total>0</total>
				<timestamp>4867.190929</timestamp>
			</report>
			<report>
				<misses>433500000</misses>
				<total>0</total>
				<timestamp>4868.308105</timestamp>
			</report>
			<report>
				<misses>433600000</misses>
				<total>0</total>
				<timestamp>4869.472416</timestamp>
			</report>
			<report>
				<misses>433700000</misses>
				<total>0</total>
				<timestamp>4870.564383</timestamp>
			</report>
			<report>
				<misses>433800000</misses>
				<total>0</total>
				<timestamp>4871.741432</timestamp>
			</report>
			<report>
				<misses>433900000</misses>
				<total>0</total>
				<timestamp>4872.884938</timestamp>
			</report>
			<report>
				<misses>434000000</misses>
				<total>0</total>
				<timestamp>4874.025498</timestamp>
			</report>
			<report>
				<misses>434100000</misses>
				<total>0</total>
				<timestamp>4875.177814</timestamp>
			</report>
			<report>
				<misses>434200000</misses>
				<total>0</total>
				<timestamp>4876.319772</timestamp>
			</report>
			<report>
				<misses>434300000</misses>
				<total>0</total>
				<timestamp>4877.443862</timestamp>
			</report>
			<report>
				<misses>434400000</misses>
				<total>0</total>
				<timestamp>4878.585262</timestamp>
			</report>
			<report>
				<misses>434500000</misses>
				<total>0</total>
				<timestamp>4879.711482</timestamp>
			</report>
			<report>
				<misses>434600000</misses>
				<total>0</total>
				<timestamp>4880.842719</timestamp>
			</report>
			<report>
				<misses>434700000</misses>
				<total>0</total>
				<timestamp>4881.978875</timestamp>
			</report>
			<report>
				<misses>434800000</misses>
				<total>0</total>
				<timestamp>4883.115247</timestamp>
			</report>
			<report>
				<misses>434900000</misses>
				<total>0</total>
				<timestamp>4884.279079</timestamp>
			</report>
			<report>
				<misses>435000000</misses>
				<total>0</total>
				<timestamp>4885.425532</timestamp>
			</report>
			<report>
				<misses>435100000</misses>
				<total>0</total>
				<timestamp>4886.625548</timestamp>
			</report>
			<report>
				<misses>435200000</misses>
				<total>0</total>
				<timestamp>4887.774069</timestamp>
			</report>
			<report>
				<misses>435300000</misses>
				<total>0</total>
				<timestamp>4888.900853</timestamp>
			</report>
			<report>
				<misses>435400000</misses>
				<total>0</total>
				<timestamp>4890.034662</timestamp>
			</report>
			<report>
				<misses>435500000</misses>
				<total>0</total>
				<timestamp>4891.108267</timestamp>
			</report>
			<report>
				<misses>435600000</misses>
				<total>0</total>
				<timestamp>4892.242481</timestamp>
			</report>
			<report>
				<misses>435700000</misses>
				<total>0</total>
				<timestamp>4893.408378</timestamp>
			</report>
			<report>
				<misses>435800000</misses>
				<total>0</total>
				<timestamp>4894.504735</timestamp>
			</report>
			<report>
				<misses>435900000</misses>
				<total>0</total>
				<timestamp>4895.602470</timestamp>
			</report>
			<report>
				<misses>436000000</misses>
				<total>0</total>
				<timestamp>4896.678941</timestamp>
			</report>
			<report>
				<misses>436100000</misses>
				<total>0</total>
				<timestamp>4897.796992</timestamp>
			</report>
			<report>
				<misses>436200000</misses>
				<total>0</total>
				<timestamp>4898.989628</timestamp>
			</report>
			<report>
				<misses>436300000</misses>
				<total>0</total>
				<timestamp>4900.145725</timestamp>
			</report>
			<report>
				<misses>436400000</misses>
				<total>0</total>
				<timestamp>4901.276550</timestamp>
			</report>
			<report>
				<misses>436500000</misses>
				<total>0</total>
				<timestamp>4902.411111</timestamp>
			</report>
			<report>
				<misses>436600000</misses>
				<total>0</total>
				<timestamp>4903.515496</timestamp>
			</report>
			<report>
				<misses>436700000</misses>
				<total>0</total>
				<timestamp>4904.698571</timestamp>
			</report>
			<report>
				<misses>436800000</misses>
				<total>0</total>
				<timestamp>4905.890486</timestamp>
			</report>
			<report>
				<misses>436900000</misses>
				<total>0</total>
				<timestamp>4907.074088</timestamp>
			</report>
			<report>
				<misses>437000000</misses>
				<total>0</total>
				<timestamp>4908.207163</timestamp>
			</report>
			<report>
				<misses>437100000</misses>
				<total>0</total>
				<timestamp>4909.364814</timestamp>
			</report>
			<report>
				<misses>437200000</misses>
				<total>0</total>
				<timestamp>4910.522018</timestamp>
			</report>
			<report>
				<misses>437300000</misses>
				<total>0</total>
				<timestamp>4911.674124</timestamp>
			</report>
			<report>
				<misses>437400000</misses>
				<total>0</total>
				<timestamp>4912.800855</timestamp>
			</report>
			<report>
				<misses>437500000</misses>
				<total>0</total>
				<timestamp>4913.888870</timestamp>
			</report>
			<report>
				<misses>437600000</misses>
				<total>0</total>
				<timestamp>4915.012436</timestamp>
			</report>
			<report>
				<misses>437700000</misses>
				<total>0</total>
				<timestamp>4916.081667</timestamp>
			</report>
			<report>
				<misses>437800000</misses>
				<total>0</total>
				<timestamp>4917.148315</timestamp>
			</report>
			<report>
				<misses>437900000</misses>
				<total>0</total>
				<timestamp>4918.266856</timestamp>
			</report>
			<report>
				<misses>438000000</misses>
				<total>0</total>
				<timestamp>4919.346140</timestamp>
			</report>
			<report>
				<misses>438100000</misses>
				<total>0</total>
				<timestamp>4920.494958</timestamp>
			</report>
			<report>
				<misses>438200000</misses>
				<total>0</total>
				<timestamp>4921.672535</timestamp>
			</report>
			<report>
				<misses>438300000</misses>
				<total>0</total>
				<timestamp>4922.825587</timestamp>
			</report>
			<report>
				<misses>438400000</misses>
				<total>0</total>
				<timestamp>4924.006162</timestamp>
			</report>
			<report>
				<misses>438500000</misses>
				<total>0</total>
				<timestamp>4925.142774</timestamp>
			</report>
			<report>
				<misses>438600000</misses>
				<total>0</total>
				<timestamp>4926.296447</timestamp>
			</report>
			<report>
				<misses>438700000</misses>
				<total>0</total>
				<timestamp>4927.493577</timestamp>
			</report>
			<report>
				<misses>438800000</misses>
				<total>0</total>
				<timestamp>4928.648490</timestamp>
			</report>
			<report>
				<misses>438900000</misses>
				<total>0</total>
				<timestamp>4929.807214</timestamp>
			</report>
			<report>
				<misses>439000000</misses>
				<total>0</total>
				<timestamp>4930.940803</timestamp>
			</report>
			<report>
				<misses>439100000</misses>
				<total>0</total>
				<timestamp>4932.107217</timestamp>
			</report>
			<report>
				<misses>439200000</misses>
				<total>0</total>
				<timestamp>4933.193323</timestamp>
			</report>
			<report>
				<misses>439300000</misses>
				<total>0</total>
				<timestamp>4934.254701</timestamp>
			</report>
			<report>
				<misses>439400000</misses>
				<total>0</total>
				<timestamp>4935.373504</timestamp>
			</report>
			<report>
				<misses>439500000</misses>
				<total>0</total>
				<timestamp>4936.497485</timestamp>
			</report>
			<report>
				<misses>439600000</misses>
				<total>0</total>
				<timestamp>4937.682275</timestamp>
			</report>
			<report>
				<misses>439700000</misses>
				<total>0</total>
				<timestamp>4938.804305</timestamp>
			</report>
			<report>
				<misses>439800000</misses>
				<total>0</total>
				<timestamp>4939.938749</timestamp>
			</report>
			<report>
				<misses>439900000</misses>
				<total>0</total>
				<timestamp>4941.118248</timestamp>
			</report>
			<report>
				<misses>440000000</misses>
				<total>0</total>
				<timestamp>4942.251105</timestamp>
			</report>
			<report>
				<misses>440100000</misses>
				<total>0</total>
				<timestamp>4943.400496</timestamp>
			</report>
			<report>
				<misses>440200000</misses>
				<total>0</total>
				<timestamp>4944.551517</timestamp>
			</report>
			<report>
				<misses>440300000</misses>
				<total>0</total>
				<timestamp>4945.709853</timestamp>
			</report>
			<report>
				<misses>440400000</misses>
				<total>0</total>
				<timestamp>4946.829774</timestamp>
			</report>
			<report>
				<misses>440500000</misses>
				<total>0</total>
				<timestamp>4947.970435</timestamp>
			</report>
			<report>
				<misses>440600000</misses>
				<total>0</total>
				<timestamp>4949.048791</timestamp>
			</report>
			<report>
				<misses>440700000</misses>
				<total>0</total>
				<timestamp>4950.161818</timestamp>
			</report>
			<report>
				<misses>440800000</misses>
				<total>0</total>
				<timestamp>4951.223571</timestamp>
			</report>
			<report>
				<misses>440900000</misses>
				<total>0</total>
				<timestamp>4952.289007</timestamp>
			</report>
			<report>
				<misses>441000000</misses>
				<total>0</total>
				<timestamp>4953.383958</timestamp>
			</report>
			<report>
				<misses>441100000</misses>
				<total>0</total>
				<timestamp>4954.511634</timestamp>
			</report>
			<report>
				<misses>441200000</misses>
				<total>0</total>
				<timestamp>4955.607848</timestamp>
			</report>
			<report>
				<misses>441300000</misses>
				<total>0</total>
				<timestamp>4956.732053</timestamp>
			</report>
			<report>
				<misses>441400000</misses>
				<total>0</total>
				<timestamp>4957.864608</timestamp>
			</report>
			<report>
				<misses>441500000</misses>
				<total>0</total>
				<timestamp>4959.027000</timestamp>
			</report>
			<report>
				<misses>441600000</misses>
				<total>0</total>
				<timestamp>4960.153112</timestamp>
			</report>
			<report>
				<misses>441700000</misses>
				<total>0</total>
				<timestamp>4961.284656</timestamp>
			</report>
			<report>
				<misses>441800000</misses>
				<total>0</total>
				<timestamp>4962.418951</timestamp>
			</report>
			<report>
				<misses>441900000</misses>
				<total>0</total>
				<timestamp>4963.567642</timestamp>
			</report>
			<report>
				<misses>442000000</misses>
				<total>0</total>
				<timestamp>4964.689225</timestamp>
			</report>
			<report>
				<misses>442100000</misses>
				<total>0</total>
				<timestamp>4965.864864</timestamp>
			</report>
			<report>
				<misses>442200000</misses>
				<total>0</total>
				<timestamp>4966.989081</timestamp>
			</report>
			<report>
				<misses>442300000</misses>
				<total>0</total>
				<timestamp>4968.100692</timestamp>
			</report>
			<report>
				<misses>442400000</misses>
				<total>0</total>
				<timestamp>4969.200265</timestamp>
			</report>
			<report>
				<misses>442500000</misses>
				<total>0</total>
				<timestamp>4970.272816</timestamp>
			</report>
			<report>
				<misses>442600000</misses>
				<total>0</total>
				<timestamp>4971.388879</timestamp>
			</report>
			<report>
				<misses>442700000</misses>
				<total>0</total>
				<timestamp>4972.520299</timestamp>
			</report>
			<report>
				<misses>442800000</misses>
				<total>0</total>
				<timestamp>4973.600564</timestamp>
			</report>
			<report>
				<misses>442900000</misses>
				<total>0</total>
				<timestamp>4974.716728</timestamp>
			</report>
			<report>
				<misses>443000000</misses>
				<total>0</total>
				<timestamp>4975.831973</timestamp>
			</report>
			<report>
				<misses>443100000</misses>
				<total>0</total>
				<timestamp>4976.989715</timestamp>
			</report>
			<report>
				<misses>443200000</misses>
				<total>0</total>
				<timestamp>4978.106703</timestamp>
			</report>
			<report>
				<misses>443300000</misses>
				<total>0</total>
				<timestamp>4979.230542</timestamp>
			</report>
			<report>
				<misses>443400000</misses>
				<total>0</total>
				<timestamp>4980.359572</timestamp>
			</report>
			<report>
				<misses>443500000</misses>
				<total>0</total>
				<timestamp>4981.508737</timestamp>
			</report>
			<report>
				<misses>443600000</misses>
				<total>0</total>
				<timestamp>4982.639804</timestamp>
			</report>
			<report>
				<misses>443700000</misses>
				<total>0</total>
				<timestamp>4983.766264</timestamp>
			</report>
			<report>
				<misses>443800000</misses>
				<total>0</total>
				<timestamp>4984.890512</timestamp>
			</report>
			<report>
				<misses>443900000</misses>
				<total>0</total>
				<timestamp>4985.996690</timestamp>
			</report>
			<report>
				<misses>444000000</misses>
				<total>0</total>
				<timestamp>4987.092495</timestamp>
			</report>
			<report>
				<misses>444100000</misses>
				<total>0</total>
				<timestamp>4988.204661</timestamp>
			</report>
			<report>
				<misses>444200000</misses>
				<total>0</total>
				<timestamp>4989.300689</timestamp>
			</report>
			<report>
				<misses>444300000</misses>
				<total>0</total>
				<timestamp>4990.393017</timestamp>
			</report>
			<report>
				<misses>444400000</misses>
				<total>0</total>
				<timestamp>4991.480045</timestamp>
			</report>
			<report>
				<misses>444500000</misses>
				<total>0</total>
				<timestamp>4992.547259</timestamp>
			</report>
			<report>
				<misses>444600000</misses>
				<total>0</total>
				<timestamp>4993.639724</timestamp>
			</report>
			<report>
				<misses>444700000</misses>
				<total>0</total>
				<timestamp>4994.751582</timestamp>
			</report>
			<report>
				<misses>444800000</misses>
				<total>0</total>
				<timestamp>4995.871038</timestamp>
			</report>
			<report>
				<misses>444900000</misses>
				<total>0</total>
				<timestamp>4996.991888</timestamp>
			</report>
			<report>
				<misses>445000000</misses>
				<total>0</total>
				<timestamp>4998.116037</timestamp>
			</report>
			<report>
				<misses>445100000</misses>
				<total>0</total>
				<timestamp>4999.259975</timestamp>
			</report>
			<report>
				<misses>445200000</misses>
				<total>0</total>
				<timestamp>5000.399446</timestamp>
			</report>
			<report>
				<misses>445300000</misses>
				<total>0</total>
				<timestamp>5001.493957</timestamp>
			</report>
			<report>
				<misses>445400000</misses>
				<total>0</total>
				<timestamp>5002.621170</timestamp>
			</report>
			<report>
				<misses>445500000</misses>
				<total>0</total>
				<timestamp>5003.730547</timestamp>
			</report>
			<report>
				<misses>445600000</misses>
				<total>0</total>
				<timestamp>5004.856372</timestamp>
			</report>
			<report>
				<misses>445700000</misses>
				<total>0</total>
				<timestamp>5006.004515</timestamp>
			</report>
			<report>
				<misses>445800000</misses>
				<total>0</total>
				<timestamp>5007.106772</timestamp>
			</report>
			<report>
				<misses>445900000</misses>
				<total>0</total>
				<timestamp>5008.239348</timestamp>
			</report>
			<report>
				<misses>446000000</misses>
				<total>0</total>
				<timestamp>5009.353882</timestamp>
			</report>
			<report>
				<misses>446100000</misses>
				<total>0</total>
				<timestamp>5010.447060</timestamp>
			</report>
			<report>
				<misses>446200000</misses>
				<total>0</total>
				<timestamp>5011.517807</timestamp>
			</report>
			<report>
				<misses>446300000</misses>
				<total>0</total>
				<timestamp>5012.653042</timestamp>
			</report>
			<report>
				<misses>446400000</misses>
				<total>0</total>
				<timestamp>5013.798106</timestamp>
			</report>
			<report>
				<misses>446500000</misses>
				<total>0</total>
				<timestamp>5014.912719</timestamp>
			</report>
			<report>
				<misses>446600000</misses>
				<total>0</total>
				<timestamp>5016.024330</timestamp>
			</report>
			<report>
				<misses>446700000</misses>
				<total>0</total>
				<timestamp>5017.153724</timestamp>
			</report>
			<report>
				<misses>446800000</misses>
				<total>0</total>
				<timestamp>5018.270868</timestamp>
			</report>
			<report>
				<misses>446900000</misses>
				<total>0</total>
				<timestamp>5019.357680</timestamp>
			</report>
			<report>
				<misses>447000000</misses>
				<total>0</total>
				<timestamp>5020.472052</timestamp>
			</report>
			<report>
				<misses>447100000</misses>
				<total>0</total>
				<timestamp>5021.621163</timestamp>
			</report>
			<report>
				<misses>447200000</misses>
				<total>0</total>
				<timestamp>5022.711486</timestamp>
			</report>
			<report>
				<misses>447300000</misses>
				<total>0</total>
				<timestamp>5023.829759</timestamp>
			</report>
			<report>
				<misses>447400000</misses>
				<total>0</total>
				<timestamp>5024.925903</timestamp>
			</report>
			<report>
				<misses>447500000</misses>
				<total>0</total>
				<timestamp>5026.047018</timestamp>
			</report>
			<report>
				<misses>447600000</misses>
				<total>0</total>
				<timestamp>5027.168580</timestamp>
			</report>
			<report>
				<misses>447700000</misses>
				<total>0</total>
				<timestamp>5028.251249</timestamp>
			</report>
			<report>
				<misses>447800000</misses>
				<total>0</total>
				<timestamp>5029.295908</timestamp>
			</report>
			<report>
				<misses>447900000</misses>
				<total>0</total>
				<timestamp>5030.394708</timestamp>
			</report>
			<report>
				<misses>448000000</misses>
				<total>0</total>
				<timestamp>5031.500710</timestamp>
			</report>
			<report>
				<misses>448100000</misses>
				<total>0</total>
				<timestamp>5032.655822</timestamp>
			</report>
			<report>
				<misses>448200000</misses>
				<total>0</total>
				<timestamp>5033.784834</timestamp>
			</report>
			<report>
				<misses>448300000</misses>
				<total>0</total>
				<timestamp>5034.942569</timestamp>
			</report>
			<report>
				<misses>448400000</misses>
				<total>0</total>
				<timestamp>5036.076118</timestamp>
			</report>
			<report>
				<misses>448500000</misses>
				<total>0</total>
				<timestamp>5037.196135</timestamp>
			</report>
			<report>
				<misses>448600000</misses>
				<total>0</total>
				<timestamp>5038.349292</timestamp>
			</report>
			<report>
				<misses>448700000</misses>
				<total>0</total>
				<timestamp>5039.470677</timestamp>
			</report>
			<report>
				<misses>448800000</misses>
				<total>0</total>
				<timestamp>5040.592413</timestamp>
			</report>
			<report>
				<misses>448900000</misses>
				<total>0</total>
				<timestamp>5041.680964</timestamp>
			</report>
			<report>
				<misses>449000000</misses>
				<total>0</total>
				<timestamp>5042.756378</timestamp>
			</report>
			<report>
				<misses>449100000</misses>
				<total>0</total>
				<timestamp>5043.870111</timestamp>
			</report>
			<report>
				<misses>449200000</misses>
				<total>0</total>
				<timestamp>5044.999114</timestamp>
			</report>
			<report>
				<misses>449300000</misses>
				<total>0</total>
				<timestamp>5046.087952</timestamp>
			</report>
			<report>
				<misses>449400000</misses>
				<total>0</total>
				<timestamp>5047.141266</timestamp>
			</report>
			<report>
				<misses>449500000</misses>
				<total>0</total>
				<timestamp>5048.203381</timestamp>
			</report>
			<report>
				<misses>449600000</misses>
				<total>0</total>
				<timestamp>5049.325734</timestamp>
			</report>
			<report>
				<misses>449700000</misses>
				<total>0</total>
				<timestamp>5050.413685</timestamp>
			</report>
			<report>
				<misses>449800000</misses>
				<total>0</total>
				<timestamp>5051.554598</timestamp>
			</report>
			<report>
				<misses>449900000</misses>
				<total>0</total>
				<timestamp>5052.665488</timestamp>
			</report>
			<report>
				<misses>450000000</misses>
				<total>0</total>
				<timestamp>5053.785139</timestamp>
			</report>
			<report>
				<misses>450100000</misses>
				<total>0</total>
				<timestamp>5054.927825</timestamp>
			</report>
			<report>
				<misses>450200000</misses>
				<total>0</total>
				<timestamp>5056.002117</timestamp>
			</report>
			<report>
				<misses>450300000</misses>
				<total>0</total>
				<timestamp>5057.147717</timestamp>
			</report>
			<report>
				<misses>450400000</misses>
				<total>0</total>
				<timestamp>5058.289920</timestamp>
			</report>
			<report>
				<misses>450500000</misses>
				<total>0</total>
				<timestamp>5059.411220</timestamp>
			</report>
			<report>
				<misses>450600000</misses>
				<total>0</total>
				<timestamp>5060.524682</timestamp>
			</report>
			<report>
				<misses>450700000</misses>
				<total>0</total>
				<timestamp>5061.647871</timestamp>
			</report>
			<report>
				<misses>450800000</misses>
				<total>0</total>
				<timestamp>5062.717715</timestamp>
			</report>
			<report>
				<misses>450900000</misses>
				<total>0</total>
				<timestamp>5063.789715</timestamp>
			</report>
			<report>
				<misses>451000000</misses>
				<total>0</total>
				<timestamp>5064.863282</timestamp>
			</report>
			<report>
				<misses>451100000</misses>
				<total>0</total>
				<timestamp>5065.972442</timestamp>
			</report>
			<report>
				<misses>451200000</misses>
				<total>0</total>
				<timestamp>5067.037684</timestamp>
			</report>
			<report>
				<misses>451300000</misses>
				<total>0</total>
				<timestamp>5068.110368</timestamp>
			</report>
			<report>
				<misses>451400000</misses>
				<total>0</total>
				<timestamp>5069.228678</timestamp>
			</report>
			<report>
				<misses>451500000</misses>
				<total>0</total>
				<timestamp>5070.365401</timestamp>
			</report>
			<report>
				<misses>451600000</misses>
				<total>0</total>
				<timestamp>5071.511333</timestamp>
			</report>
			<report>
				<misses>451700000</misses>
				<total>0</total>
				<timestamp>5072.644513</timestamp>
			</report>
			<report>
				<misses>451800000</misses>
				<total>0</total>
				<timestamp>5073.754443</timestamp>
			</report>
			<report>
				<misses>451900000</misses>
				<total>0</total>
				<timestamp>5074.896710</timestamp>
			</report>
			<report>
				<misses>452000000</misses>
				<total>0</total>
				<timestamp>5076.028120</timestamp>
			</report>
			<report>
				<misses>452100000</misses>
				<total>0</total>
				<timestamp>5077.190041</timestamp>
			</report>
			<report>
				<misses>452200000</misses>
				<total>0</total>
				<timestamp>5078.345335</timestamp>
			</report>
			<report>
				<misses>452300000</misses>
				<total>0</total>
				<timestamp>5079.473615</timestamp>
			</report>
			<report>
				<misses>452400000</misses>
				<total>0</total>
				<timestamp>5080.627287</timestamp>
			</report>
			<report>
				<misses>452500000</misses>
				<total>0</total>
				<timestamp>5081.705444</timestamp>
			</report>
			<report>
				<misses>452600000</misses>
				<total>0</total>
				<timestamp>5082.875979</timestamp>
			</report>
			<report>
				<misses>452700000</misses>
				<total>0</total>
				<timestamp>5083.940158</timestamp>
			</report>
			<report>
				<misses>452800000</misses>
				<total>0</total>
				<timestamp>5085.001570</timestamp>
			</report>
			<report>
				<misses>452900000</misses>
				<total>0</total>
				<timestamp>5086.090258</timestamp>
			</report>
			<report>
				<misses>453000000</misses>
				<total>0</total>
				<timestamp>5087.201991</timestamp>
			</report>
			<report>
				<misses>453100000</misses>
				<total>0</total>
				<timestamp>5088.314779</timestamp>
			</report>
			<report>
				<misses>453200000</misses>
				<total>0</total>
				<timestamp>5089.481006</timestamp>
			</report>
			<report>
				<misses>453300000</misses>
				<total>0</total>
				<timestamp>5090.634232</timestamp>
			</report>
			<report>
				<misses>453400000</misses>
				<total>0</total>
				<timestamp>5091.819555</timestamp>
			</report>
			<report>
				<misses>453500000</misses>
				<total>0</total>
				<timestamp>5092.998668</timestamp>
			</report>
			<report>
				<misses>453600000</misses>
				<total>0</total>
				<timestamp>5094.159387</timestamp>
			</report>
			<report>
				<misses>453700000</misses>
				<total>0</total>
				<timestamp>5095.320513</timestamp>
			</report>
			<report>
				<misses>453800000</misses>
				<total>0</total>
				<timestamp>5096.448344</timestamp>
			</report>
			<report>
				<misses>453900000</misses>
				<total>0</total>
				<timestamp>5097.610125</timestamp>
			</report>
			<report>
				<misses>454000000</misses>
				<total>0</total>
				<timestamp>5098.758033</timestamp>
			</report>
			<report>
				<misses>454100000</misses>
				<total>0</total>
				<timestamp>5099.925751</timestamp>
			</report>
			<report>
				<misses>454200000</misses>
				<total>0</total>
				<timestamp>5101.081959</timestamp>
			</report>
			<report>
				<misses>454300000</misses>
				<total>0</total>
				<timestamp>5102.250694</timestamp>
			</report>
			<report>
				<misses>454400000</misses>
				<total>0</total>
				<timestamp>5103.378234</timestamp>
			</report>
			<report>
				<misses>454500000</misses>
				<total>0</total>
				<timestamp>5104.514524</timestamp>
			</report>
			<report>
				<misses>454600000</misses>
				<total>0</total>
				<timestamp>5105.624317</timestamp>
			</report>
			<report>
				<misses>454700000</misses>
				<total>0</total>
				<timestamp>5106.743103</timestamp>
			</report>
			<report>
				<misses>454800000</misses>
				<total>0</total>
				<timestamp>5107.831268</timestamp>
			</report>
			<report>
				<misses>454900000</misses>
				<total>0</total>
				<timestamp>5108.953354</timestamp>
			</report>
			<report>
				<misses>455000000</misses>
				<total>0</total>
				<timestamp>5110.110492</timestamp>
			</report>
			<report>
				<misses>455100000</misses>
				<total>0</total>
				<timestamp>5111.247860</timestamp>
			</report>
			<report>
				<misses>455200000</misses>
				<total>0</total>
				<timestamp>5112.419547</timestamp>
			</report>
			<report>
				<misses>455300000</misses>
				<total>0</total>
				<timestamp>5113.550745</timestamp>
			</report>
			<report>
				<misses>455400000</misses>
				<total>0</total>
				<timestamp>5114.703156</timestamp>
			</report>
			<report>
				<misses>455500000</misses>
				<total>0</total>
				<timestamp>5115.896700</timestamp>
			</report>
			<report>
				<misses>455600000</misses>
				<total>0</total>
				<timestamp>5117.074254</timestamp>
			</report>
			<report>
				<misses>455700000</misses>
				<total>0</total>
				<timestamp>5118.231004</timestamp>
			</report>
			<report>
				<misses>455800000</misses>
				<total>0</total>
				<timestamp>5119.335185</timestamp>
			</report>
			<report>
				<misses>455900000</misses>
				<total>0</total>
				<timestamp>5120.462863</timestamp>
			</report>
			<report>
				<misses>456000000</misses>
				<total>0</total>
				<timestamp>5121.580235</timestamp>
			</report>
			<report>
				<misses>456100000</misses>
				<total>0</total>
				<timestamp>5122.656012</timestamp>
			</report>
			<report>
				<misses>456200000</misses>
				<total>0</total>
				<timestamp>5123.739497</timestamp>
			</report>
			<report>
				<misses>456300000</misses>
				<total>0</total>
				<timestamp>5124.881062</timestamp>
			</report>
			<report>
				<misses>456400000</misses>
				<total>0</total>
				<timestamp>5126.051066</timestamp>
			</report>
			<report>
				<misses>456500000</misses>
				<total>0</total>
				<timestamp>5127.176080</timestamp>
			</report>
			<report>
				<misses>456600000</misses>
				<total>0</total>
				<timestamp>5128.319811</timestamp>
			</report>
			<report>
				<misses>456700000</misses>
				<total>0</total>
				<timestamp>5129.446307</timestamp>
			</report>
			<report>
				<misses>456800000</misses>
				<total>0</total>
				<timestamp>5130.570458</timestamp>
			</report>
			<report>
				<misses>456900000</misses>
				<total>0</total>
				<timestamp>5131.742755</timestamp>
			</report>
			<report>
				<misses>457000000</misses>
				<total>0</total>
				<timestamp>5132.911870</timestamp>
			</report>
			<report>
				<misses>457100000</misses>
				<total>0</total>
				<timestamp>5134.032436</timestamp>
			</report>
			<report>
				<misses>457200000</misses>
				<total>0</total>
				<timestamp>5135.123442</timestamp>
			</report>
			<report>
				<misses>457300000</misses>
				<total>0</total>
				<timestamp>5136.279547</timestamp>
			</report>
			<report>
				<misses>457400000</misses>
				<total>0</total>
				<timestamp>5137.429865</timestamp>
			</report>
			<report>
				<misses>457500000</misses>
				<total>0</total>
				<timestamp>5138.574223</timestamp>
			</report>
			<report>
				<misses>457600000</misses>
				<total>0</total>
				<timestamp>5139.640952</timestamp>
			</report>
			<report>
				<misses>457700000</misses>
				<total>0</total>
				<timestamp>5140.723591</timestamp>
			</report>
			<report>
				<misses>457800000</misses>
				<total>0</total>
				<timestamp>5141.806064</timestamp>
			</report>
			<report>
				<misses>457900000</misses>
				<total>0</total>
				<timestamp>5142.878323</timestamp>
			</report>
			<report>
				<misses>458000000</misses>
				<total>0</total>
				<timestamp>5143.955220</timestamp>
			</report>
			<report>
				<misses>458100000</misses>
				<total>0</total>
				<timestamp>5145.048195</timestamp>
			</report>
			<report>
				<misses>458200000</misses>
				<total>0</total>
				<timestamp>5146.180991</timestamp>
			</report>
			<report>
				<misses>458300000</misses>
				<total>0</total>
				<timestamp>5147.291949</timestamp>
			</report>
			<report>
				<misses>458400000</misses>
				<total>0</total>
				<timestamp>5148.449161</timestamp>
			</report>
			<report>
				<misses>458500000</misses>
				<total>0</total>
				<timestamp>5149.563105</timestamp>
			</report>
			<report>
				<misses>458600000</misses>
				<total>0</total>
				<timestamp>5150.709196</timestamp>
			</report>
			<report>
				<misses>458700000</misses>
				<total>0</total>
				<timestamp>5151.856554</timestamp>
			</report>
			<report>
				<misses>458800000</misses>
				<total>0</total>
				<timestamp>5152.948753</timestamp>
			</report>
			<report>
				<misses>458900000</misses>
				<total>0</total>
				<timestamp>5154.084978</timestamp>
			</report>
			<report>
				<misses>459000000</misses>
				<total>0</total>
				<timestamp>5155.242625</timestamp>
			</report>
			<report>
				<misses>459100000</misses>
				<total>0</total>
				<timestamp>5156.336137</timestamp>
			</report>
			<report>
				<misses>459200000</misses>
				<total>0</total>
				<timestamp>5157.502199</timestamp>
			</report>
			<report>
				<misses>459300000</misses>
				<total>0</total>
				<timestamp>5158.600091</timestamp>
			</report>
			<report>
				<misses>459400000</misses>
				<total>0</total>
				<timestamp>5159.766936</timestamp>
			</report>
			<report>
				<misses>459500000</misses>
				<total>0</total>
				<timestamp>5160.858972</timestamp>
			</report>
			<report>
				<misses>459600000</misses>
				<total>0</total>
				<timestamp>5162.020697</timestamp>
			</report>
			<report>
				<misses>459700000</misses>
				<total>0</total>
				<timestamp>5163.160346</timestamp>
			</report>
			<report>
				<misses>459800000</misses>
				<total>0</total>
				<timestamp>5164.303887</timestamp>
			</report>
			<report>
				<misses>459900000</misses>
				<total>0</total>
				<timestamp>5165.435678</timestamp>
			</report>
			<report>
				<misses>460000000</misses>
				<total>0</total>
				<timestamp>5166.570533</timestamp>
			</report>
			<report>
				<misses>460100000</misses>
				<total>0</total>
				<timestamp>5167.700128</timestamp>
			</report>
			<report>
				<misses>460200000</misses>
				<total>0</total>
				<timestamp>5168.863713</timestamp>
			</report>
			<report>
				<misses>460300000</misses>
				<total>0</total>
				<timestamp>5170.041438</timestamp>
			</report>
			<report>
				<misses>460400000</misses>
				<total>0</total>
				<timestamp>5171.123074</timestamp>
			</report>
			<report>
				<misses>460500000</misses>
				<total>0</total>
				<timestamp>5172.268327</timestamp>
			</report>
			<report>
				<misses>460600000</misses>
				<total>0</total>
				<timestamp>5173.396242</timestamp>
			</report>
			<report>
				<misses>460700000</misses>
				<total>0</total>
				<timestamp>5174.495513</timestamp>
			</report>
			<report>
				<misses>460800000</misses>
				<total>0</total>
				<timestamp>5175.548798</timestamp>
			</report>
			<report>
				<misses>460900000</misses>
				<total>0</total>
				<timestamp>5176.600783</timestamp>
			</report>
			<report>
				<misses>461000000</misses>
				<total>0</total>
				<timestamp>5177.688961</timestamp>
			</report>
			<report>
				<misses>461100000</misses>
				<total>0</total>
				<timestamp>5178.790904</timestamp>
			</report>
			<report>
				<misses>461200000</misses>
				<total>0</total>
				<timestamp>5179.900002</timestamp>
			</report>
			<report>
				<misses>461300000</misses>
				<total>0</total>
				<timestamp>5180.987799</timestamp>
			</report>
			<report>
				<misses>461400000</misses>
				<total>0</total>
				<timestamp>5182.072736</timestamp>
			</report>
			<report>
				<misses>461500000</misses>
				<total>0</total>
				<timestamp>5183.189550</timestamp>
			</report>
			<report>
				<misses>461600000</misses>
				<total>0</total>
				<timestamp>5184.302772</timestamp>
			</report>
			<report>
				<misses>461700000</misses>
				<total>0</total>
				<timestamp>5185.444178</timestamp>
			</report>
			<report>
				<misses>461800000</misses>
				<total>0</total>
				<timestamp>5186.567639</timestamp>
			</report>
			<report>
				<misses>461900000</misses>
				<total>0</total>
				<timestamp>5187.704313</timestamp>
			</report>
			<report>
				<misses>462000000</misses>
				<total>0</total>
				<timestamp>5188.844529</timestamp>
			</report>
			<report>
				<misses>462100000</misses>
				<total>0</total>
				<timestamp>5189.974650</timestamp>
			</report>
			<report>
				<misses>462200000</misses>
				<total>0</total>
				<timestamp>5191.114741</timestamp>
			</report>
			<report>
				<misses>462300000</misses>
				<total>0</total>
				<timestamp>5192.250880</timestamp>
			</report>
			<report>
				<misses>462400000</misses>
				<total>0</total>
				<timestamp>5193.382064</timestamp>
			</report>
			<report>
				<misses>462500000</misses>
				<total>0</total>
				<timestamp>5194.539692</timestamp>
			</report>
			<report>
				<misses>462600000</misses>
				<total>0</total>
				<timestamp>5195.619532</timestamp>
			</report>
			<report>
				<misses>462700000</misses>
				<total>0</total>
				<timestamp>5196.686304</timestamp>
			</report>
			<report>
				<misses>462800000</misses>
				<total>0</total>
				<timestamp>5197.769472</timestamp>
			</report>
			<report>
				<misses>462900000</misses>
				<total>0</total>
				<timestamp>5198.847169</timestamp>
			</report>
			<report>
				<misses>463000000</misses>
				<total>0</total>
				<timestamp>5199.910041</timestamp>
			</report>
			<report>
				<misses>463100000</misses>
				<total>0</total>
				<timestamp>5201.036666</timestamp>
			</report>
			<report>
				<misses>463200000</misses>
				<total>0</total>
				<timestamp>5202.135818</timestamp>
			</report>
			<report>
				<misses>463300000</misses>
				<total>0</total>
				<timestamp>5203.229597</timestamp>
			</report>
			<report>
				<misses>463400000</misses>
				<total>0</total>
				<timestamp>5204.354836</timestamp>
			</report>
			<report>
				<misses>463500000</misses>
				<total>0</total>
				<timestamp>5205.467606</timestamp>
			</report>
			<report>
				<misses>463600000</misses>
				<total>0</total>
				<timestamp>5206.567427</timestamp>
			</report>
			<report>
				<misses>463700000</misses>
				<total>0</total>
				<timestamp>5207.694297</timestamp>
			</report>
			<report>
				<misses>463800000</misses>
				<total>0</total>
				<timestamp>5208.830690</timestamp>
			</report>
			<report>
				<misses>463900000</misses>
				<total>0</total>
				<timestamp>5209.930017</timestamp>
			</report>
			<report>
				<misses>464000000</misses>
				<total>0</total>
				<timestamp>5211.046892</timestamp>
			</report>
			<report>
				<misses>464100000</misses>
				<total>0</total>
				<timestamp>5212.169953</timestamp>
			</report>
			<report>
				<misses>464200000</misses>
				<total>0</total>
				<timestamp>5213.334290</timestamp>
			</report>
			<report>
				<misses>464300000</misses>
				<total>0</total>
				<timestamp>5214.446249</timestamp>
			</report>
			<report>
				<misses>464400000</misses>
				<total>0</total>
				<timestamp>5215.608111</timestamp>
			</report>
			<report>
				<misses>464500000</misses>
				<total>0</total>
				<timestamp>5216.724322</timestamp>
			</report>
			<report>
				<misses>464600000</misses>
				<total>0</total>
				<timestamp>5217.908471</timestamp>
			</report>
			<report>
				<misses>464700000</misses>
				<total>0</total>
				<timestamp>5219.038406</timestamp>
			</report>
			<report>
				<misses>464800000</misses>
				<total>0</total>
				<timestamp>5220.163744</timestamp>
			</report>
			<report>
				<misses>464900000</misses>
				<total>0</total>
				<timestamp>5221.245982</timestamp>
			</report>
			<report>
				<misses>465000000</misses>
				<total>0</total>
				<timestamp>5222.359578</timestamp>
			</report>
			<report>
				<misses>465100000</misses>
				<total>0</total>
				<timestamp>5223.437182</timestamp>
			</report>
			<report>
				<misses>465200000</misses>
				<total>0</total>
				<timestamp>5224.516825</timestamp>
			</report>
			<report>
				<misses>465300000</misses>
				<total>0</total>
				<timestamp>5225.622054</timestamp>
			</report>
			<report>
				<misses>465400000</misses>
				<total>0</total>
				<timestamp>5226.672208</timestamp>
			</report>
			<report>
				<misses>465500000</misses>
				<total>0</total>
				<timestamp>5227.791282</timestamp>
			</report>
			<report>
				<misses>465600000</misses>
				<total>0</total>
				<timestamp>5228.970758</timestamp>
			</report>
			<report>
				<misses>465700000</misses>
				<total>0</total>
				<timestamp>5230.100069</timestamp>
			</report>
			<report>
				<misses>465800000</misses>
				<total>0</total>
				<timestamp>5231.208178</timestamp>
			</report>
			<report>
				<misses>465900000</misses>
				<total>0</total>
				<timestamp>5232.345949</timestamp>
			</report>
			<report>
				<misses>466000000</misses>
				<total>0</total>
				<timestamp>5233.471909</timestamp>
			</report>
			<report>
				<misses>466100000</misses>
				<total>0</total>
				<timestamp>5234.632547</timestamp>
			</report>
			<report>
				<misses>466200000</misses>
				<total>0</total>
				<timestamp>5235.761181</timestamp>
			</report>
			<report>
				<misses>466300000</misses>
				<total>0</total>
				<timestamp>5236.907105</timestamp>
			</report>
			<report>
				<misses>466400000</misses>
				<total>0</total>
				<timestamp>5238.032014</timestamp>
			</report>
			<report>
				<misses>466500000</misses>
				<total>0</total>
				<timestamp>5239.226511</timestamp>
			</report>
			<report>
				<misses>466600000</misses>
				<total>0</total>
				<timestamp>5240.308971</timestamp>
			</report>
			<report>
				<misses>466700000</misses>
				<total>0</total>
				<timestamp>5241.412230</timestamp>
			</report>
			<report>
				<misses>466800000</misses>
				<total>0</total>
				<timestamp>5242.537815</timestamp>
			</report>
			<report>
				<misses>466900000</misses>
				<total>0</total>
				<timestamp>5243.605786</timestamp>
			</report>
			<report>
				<misses>467000000</misses>
				<total>0</total>
				<timestamp>5244.667147</timestamp>
			</report>
			<report>
				<misses>467100000</misses>
				<total>0</total>
				<timestamp>5245.771723</timestamp>
			</report>
			<report>
				<misses>467200000</misses>
				<total>0</total>
				<timestamp>5246.876116</timestamp>
			</report>
			<report>
				<misses>467300000</misses>
				<total>0</total>
				<timestamp>5248.012896</timestamp>
			</report>
			<report>
				<misses>467400000</misses>
				<total>0</total>
				<timestamp>5249.111960</timestamp>
			</report>
			<report>
				<misses>467500000</misses>
				<total>0</total>
				<timestamp>5250.286233</timestamp>
			</report>
			<report>
				<misses>467600000</misses>
				<total>0</total>
				<timestamp>5251.431061</timestamp>
			</report>
			<report>
				<misses>467700000</misses>
				<total>0</total>
				<timestamp>5252.571413</timestamp>
			</report>
			<report>
				<misses>467800000</misses>
				<total>0</total>
				<timestamp>5253.717904</timestamp>
			</report>
			<report>
				<misses>467900000</misses>
				<total>0</total>
				<timestamp>5254.842774</timestamp>
			</report>
			<report>
				<misses>468000000</misses>
				<total>0</total>
				<timestamp>5256.031879</timestamp>
			</report>
			<report>
				<misses>468100000</misses>
				<total>0</total>
				<timestamp>5257.105847</timestamp>
			</report>
			<report>
				<misses>468200000</misses>
				<total>0</total>
				<timestamp>5258.177966</timestamp>
			</report>
			<report>
				<misses>468300000</misses>
				<total>0</total>
				<timestamp>5259.322072</timestamp>
			</report>
			<report>
				<misses>468400000</misses>
				<total>0</total>
				<timestamp>5260.438441</timestamp>
			</report>
			<report>
				<misses>468500000</misses>
				<total>0</total>
				<timestamp>5261.558047</timestamp>
			</report>
			<report>
				<misses>468600000</misses>
				<total>0</total>
				<timestamp>5262.631230</timestamp>
			</report>
			<report>
				<misses>468700000</misses>
				<total>0</total>
				<timestamp>5263.757188</timestamp>
			</report>
			<report>
				<misses>468800000</misses>
				<total>0</total>
				<timestamp>5264.869548</timestamp>
			</report>
			<report>
				<misses>468900000</misses>
				<total>0</total>
				<timestamp>5266.001527</timestamp>
			</report>
			<report>
				<misses>469000000</misses>
				<total>0</total>
				<timestamp>5267.150792</timestamp>
			</report>
			<report>
				<misses>469100000</misses>
				<total>0</total>
				<timestamp>5268.273875</timestamp>
			</report>
			<report>
				<misses>469200000</misses>
				<total>0</total>
				<timestamp>5269.407870</timestamp>
			</report>
			<report>
				<misses>469300000</misses>
				<total>0</total>
				<timestamp>5270.562965</timestamp>
			</report>
			<report>
				<misses>469400000</misses>
				<total>0</total>
				<timestamp>5271.737373</timestamp>
			</report>
			<report>
				<misses>469500000</misses>
				<total>0</total>
				<timestamp>5272.868697</timestamp>
			</report>
			<report>
				<misses>469600000</misses>
				<total>0</total>
				<timestamp>5274.049295</timestamp>
			</report>
			<report>
				<misses>469700000</misses>
				<total>0</total>
				<timestamp>5275.180725</timestamp>
			</report>
			<report>
				<misses>469800000</misses>
				<total>0</total>
				<timestamp>5276.341187</timestamp>
			</report>
			<report>
				<misses>469900000</misses>
				<total>0</total>
				<timestamp>5277.497722</timestamp>
			</report>
			<report>
				<misses>470000000</misses>
				<total>0</total>
				<timestamp>5278.648485</timestamp>
			</report>
			<report>
				<misses>470100000</misses>
				<total>0</total>
				<timestamp>5279.803448</timestamp>
			</report>
			<report>
				<misses>470200000</misses>
				<total>0</total>
				<timestamp>5280.956284</timestamp>
			</report>
			<report>
				<misses>470300000</misses>
				<total>0</total>
				<timestamp>5282.105948</timestamp>
			</report>
			<report>
				<misses>470400000</misses>
				<total>0</total>
				<timestamp>5283.234987</timestamp>
			</report>
			<report>
				<misses>470500000</misses>
				<total>0</total>
				<timestamp>5284.380805</timestamp>
			</report>
			<report>
				<misses>470600000</misses>
				<total>0</total>
				<timestamp>5285.473678</timestamp>
			</report>
			<report>
				<misses>470700000</misses>
				<total>0</total>
				<timestamp>5286.590068</timestamp>
			</report>
			<report>
				<misses>470800000</misses>
				<total>0</total>
				<timestamp>5287.748796</timestamp>
			</report>
			<report>
				<misses>470900000</misses>
				<total>0</total>
				<timestamp>5288.944786</timestamp>
			</report>
			<report>
				<misses>471000000</misses>
				<total>0</total>
				<timestamp>5290.136414</timestamp>
			</report>
			<report>
				<misses>471100000</misses>
				<total>0</total>
				<timestamp>5291.291889</timestamp>
			</report>
			<report>
				<misses>471200000</misses>
				<total>0</total>
				<timestamp>5292.468964</timestamp>
			</report>
			<report>
				<misses>471300000</misses>
				<total>0</total>
				<timestamp>5293.623768</timestamp>
			</report>
			<report>
				<misses>471400000</misses>
				<total>0</total>
				<timestamp>5294.786007</timestamp>
			</report>
			<report>
				<misses>471500000</misses>
				<total>0</total>
				<timestamp>5295.933690</timestamp>
			</report>
			<report>
				<misses>471600000</misses>
				<total>0</total>
				<timestamp>5297.085698</timestamp>
			</report>
			<report>
				<misses>471700000</misses>
				<total>0</total>
				<timestamp>5298.185232</timestamp>
			</report>
			<report>
				<misses>471800000</misses>
				<total>0</total>
				<timestamp>5299.248773</timestamp>
			</report>
			<report>
				<misses>471900000</misses>
				<total>0</total>
				<timestamp>5300.316225</timestamp>
			</report>
			<report>
				<misses>472000000</misses>
				<total>0</total>
				<timestamp>5301.432898</timestamp>
			</report>
			<report>
				<misses>472100000</misses>
				<total>0</total>
				<timestamp>5302.539413</timestamp>
			</report>
			<report>
				<misses>472200000</misses>
				<total>0</total>
				<timestamp>5303.664418</timestamp>
			</report>
			<report>
				<misses>472300000</misses>
				<total>0</total>
				<timestamp>5304.785039</timestamp>
			</report>
			<report>
				<misses>472400000</misses>
				<total>0</total>
				<timestamp>5305.944501</timestamp>
			</report>
			<report>
				<misses>472500000</misses>
				<total>0</total>
				<timestamp>5307.120885</timestamp>
			</report>
			<report>
				<misses>472600000</misses>
				<total>0</total>
				<timestamp>5308.281656</timestamp>
			</report>
			<report>
				<misses>472700000</misses>
				<total>0</total>
				<timestamp>5309.440930</timestamp>
			</report>
			<report>
				<misses>472800000</misses>
				<total>0</total>
				<timestamp>5310.607008</timestamp>
			</report>
			<report>
				<misses>472900000</misses>
				<total>0</total>
				<timestamp>5311.764071</timestamp>
			</report>
			<report>
				<misses>473000000</misses>
				<total>0</total>
				<timestamp>5312.879462</timestamp>
			</report>
			<report>
				<misses>473100000</misses>
				<total>0</total>
				<timestamp>5313.999148</timestamp>
			</report>
			<report>
				<misses>473200000</misses>
				<total>0</total>
				<timestamp>5315.075534</timestamp>
			</report>
			<report>
				<misses>473300000</misses>
				<total>0</total>
				<timestamp>5316.161712</timestamp>
			</report>
			<report>
				<misses>473400000</misses>
				<total>0</total>
				<timestamp>5317.254473</timestamp>
			</report>
			<report>
				<misses>473500000</misses>
				<total>0</total>
				<timestamp>5318.346453</timestamp>
			</report>
			<report>
				<misses>473600000</misses>
				<total>0</total>
				<timestamp>5319.465106</timestamp>
			</report>
			<report>
				<misses>473700000</misses>
				<total>0</total>
				<timestamp>5320.502891</timestamp>
			</report>
			<report>
				<misses>473800000</misses>
				<total>0</total>
				<timestamp>5321.582757</timestamp>
			</report>
			<report>
				<misses>473900000</misses>
				<total>0</total>
				<timestamp>5322.721919</timestamp>
			</report>
			<report>
				<misses>474000000</misses>
				<total>0</total>
				<timestamp>5323.809633</timestamp>
			</report>
			<report>
				<misses>474100000</misses>
				<total>0</total>
				<timestamp>5324.920231</timestamp>
			</report>
			<report>
				<misses>474200000</misses>
				<total>0</total>
				<timestamp>5326.034897</timestamp>
			</report>
			<report>
				<misses>474300000</misses>
				<total>0</total>
				<timestamp>5327.173988</timestamp>
			</report>
			<report>
				<misses>474400000</misses>
				<total>0</total>
				<timestamp>5328.313904</timestamp>
			</report>
			<report>
				<misses>474500000</misses>
				<total>0</total>
				<timestamp>5329.450279</timestamp>
			</report>
			<report>
				<misses>474600000</misses>
				<total>0</total>
				<timestamp>5330.580392</timestamp>
			</report>
			<report>
				<misses>474700000</misses>
				<total>0</total>
				<timestamp>5331.729537</timestamp>
			</report>
			<report>
				<misses>474800000</misses>
				<total>0</total>
				<timestamp>5332.860630</timestamp>
			</report>
			<report>
				<misses>474900000</misses>
				<total>0</total>
				<timestamp>5334.008227</timestamp>
			</report>
			<report>
				<misses>475000000</misses>
				<total>0</total>
				<timestamp>5335.123330</timestamp>
			</report>
			<report>
				<misses>475100000</misses>
				<total>0</total>
				<timestamp>5336.297856</timestamp>
			</report>
			<report>
				<misses>475200000</misses>
				<total>0</total>
				<timestamp>5337.413656</timestamp>
			</report>
			<report>
				<misses>475300000</misses>
				<total>0</total>
				<timestamp>5338.557334</timestamp>
			</report>
			<report>
				<misses>475400000</misses>
				<total>0</total>
				<timestamp>5339.678024</timestamp>
			</report>
			<report>
				<misses>475500000</misses>
				<total>0</total>
				<timestamp>5340.819006</timestamp>
			</report>
			<report>
				<misses>475600000</misses>
				<total>0</total>
				<timestamp>5341.897400</timestamp>
			</report>
			<report>
				<misses>475700000</misses>
				<total>0</total>
				<timestamp>5342.974081</timestamp>
			</report>
			<report>
				<misses>475800000</misses>
				<total>0</total>
				<timestamp>5344.061523</timestamp>
			</report>
			<report>
				<misses>475900000</misses>
				<total>0</total>
				<timestamp>5345.176039</timestamp>
			</report>
			<report>
				<misses>476000000</misses>
				<total>0</total>
				<timestamp>5346.252929</timestamp>
			</report>
			<report>
				<misses>476100000</misses>
				<total>0</total>
				<timestamp>5347.378229</timestamp>
			</report>
			<report>
				<misses>476200000</misses>
				<total>0</total>
				<timestamp>5348.497767</timestamp>
			</report>
			<report>
				<misses>476300000</misses>
				<total>0</total>
				<timestamp>5349.660347</timestamp>
			</report>
			<report>
				<misses>476400000</misses>
				<total>0</total>
				<timestamp>5350.811782</timestamp>
			</report>
			<report>
				<misses>476500000</misses>
				<total>0</total>
				<timestamp>5351.948418</timestamp>
			</report>
			<report>
				<misses>476600000</misses>
				<total>0</total>
				<timestamp>5353.086318</timestamp>
			</report>
			<report>
				<misses>476700000</misses>
				<total>0</total>
				<timestamp>5354.199330</timestamp>
			</report>
			<report>
				<misses>476800000</misses>
				<total>0</total>
				<timestamp>5355.308757</timestamp>
			</report>
			<report>
				<misses>476900000</misses>
				<total>0</total>
				<timestamp>5356.421224</timestamp>
			</report>
			<report>
				<misses>477000000</misses>
				<total>0</total>
				<timestamp>5357.564266</timestamp>
			</report>
			<report>
				<misses>477100000</misses>
				<total>0</total>
				<timestamp>5358.625385</timestamp>
			</report>
			<report>
				<misses>477200000</misses>
				<total>0</total>
				<timestamp>5359.722101</timestamp>
			</report>
			<report>
				<misses>477300000</misses>
				<total>0</total>
				<timestamp>5360.786142</timestamp>
			</report>
			<report>
				<misses>477400000</misses>
				<total>0</total>
				<timestamp>5361.914041</timestamp>
			</report>
			<report>
				<misses>477500000</misses>
				<total>0</total>
				<timestamp>5363.021995</timestamp>
			</report>
			<report>
				<misses>477600000</misses>
				<total>0</total>
				<timestamp>5364.115752</timestamp>
			</report>
			<report>
				<misses>477700000</misses>
				<total>0</total>
				<timestamp>5365.215736</timestamp>
			</report>
			<report>
				<misses>477800000</misses>
				<total>0</total>
				<timestamp>5366.351249</timestamp>
			</report>
			<report>
				<misses>477900000</misses>
				<total>0</total>
				<timestamp>5367.427329</timestamp>
			</report>
			<report>
				<misses>478000000</misses>
				<total>0</total>
				<timestamp>5368.557214</timestamp>
			</report>
			<report>
				<misses>478100000</misses>
				<total>0</total>
				<timestamp>5369.677719</timestamp>
			</report>
			<report>
				<misses>478200000</misses>
				<total>0</total>
				<timestamp>5370.808830</timestamp>
			</report>
			<report>
				<misses>478300000</misses>
				<total>0</total>
				<timestamp>5371.956982</timestamp>
			</report>
			<report>
				<misses>478400000</misses>
				<total>0</total>
				<timestamp>5373.087333</timestamp>
			</report>
			<report>
				<misses>478500000</misses>
				<total>0</total>
				<timestamp>5374.229529</timestamp>
			</report>
			<report>
				<misses>478600000</misses>
				<total>0</total>
				<timestamp>5375.357178</timestamp>
			</report>
			<report>
				<misses>478700000</misses>
				<total>0</total>
				<timestamp>5376.475457</timestamp>
			</report>
			<report>
				<misses>478800000</misses>
				<total>0</total>
				<timestamp>5377.566837</timestamp>
			</report>
			<report>
				<misses>478900000</misses>
				<total>0</total>
				<timestamp>5378.635908</timestamp>
			</report>
			<report>
				<misses>479000000</misses>
				<total>0</total>
				<timestamp>5379.722685</timestamp>
			</report>
			<report>
				<misses>479100000</misses>
				<total>0</total>
				<timestamp>5380.801758</timestamp>
			</report>
			<report>
				<misses>479200000</misses>
				<total>0</total>
				<timestamp>5381.902457</timestamp>
			</report>
			<report>
				<misses>479300000</misses>
				<total>0</total>
				<timestamp>5383.015136</timestamp>
			</report>
			<report>
				<misses>479400000</misses>
				<total>0</total>
				<timestamp>5384.123323</timestamp>
			</report>
			<report>
				<misses>479500000</misses>
				<total>0</total>
				<timestamp>5385.235960</timestamp>
			</report>
			<report>
				<misses>479600000</misses>
				<total>0</total>
				<timestamp>5386.356068</timestamp>
			</report>
			<report>
				<misses>479700000</misses>
				<total>0</total>
				<timestamp>5387.467993</timestamp>
			</report>
			<report>
				<misses>479800000</misses>
				<total>0</total>
				<timestamp>5388.566669</timestamp>
			</report>
			<report>
				<misses>479900000</misses>
				<total>0</total>
				<timestamp>5389.685105</timestamp>
			</report>
			<report>
				<misses>480000000</misses>
				<total>0</total>
				<timestamp>5390.807079</timestamp>
			</report>
			<report>
				<misses>480100000</misses>
				<total>0</total>
				<timestamp>5391.939557</timestamp>
			</report>
			<report>
				<misses>480200000</misses>
				<total>0</total>
				<timestamp>5393.072850</timestamp>
			</report>
			<report>
				<misses>480300000</misses>
				<total>0</total>
				<timestamp>5394.168347</timestamp>
			</report>
			<report>
				<misses>480400000</misses>
				<total>0</total>
				<timestamp>5395.220431</timestamp>
			</report>
			<report>
				<misses>480500000</misses>
				<total>0</total>
				<timestamp>5396.275197</timestamp>
			</report>
			<report>
				<misses>480600000</misses>
				<total>0</total>
				<timestamp>5397.361705</timestamp>
			</report>
			<report>
				<misses>480700000</misses>
				<total>0</total>
				<timestamp>5398.438278</timestamp>
			</report>
			<report>
				<misses>480800000</misses>
				<total>0</total>
				<timestamp>5399.533344</timestamp>
			</report>
			<report>
				<misses>480900000</misses>
				<total>0</total>
				<timestamp>5400.622643</timestamp>
			</report>
			<report>
				<misses>481000000</misses>
				<total>0</total>
				<timestamp>5401.761025</timestamp>
			</report>
			<report>
				<misses>481100000</misses>
				<total>0</total>
				<timestamp>5402.886622</timestamp>
			</report>
			<report>
				<misses>481200000</misses>
				<total>0</total>
				<timestamp>5403.986805</timestamp>
			</report>
			<report>
				<misses>481300000</misses>
				<total>0</total>
				<timestamp>5405.094460</timestamp>
			</report>
			<report>
				<misses>481400000</misses>
				<total>0</total>
				<timestamp>5406.218189</timestamp>
			</report>
			<report>
				<misses>481500000</misses>
				<total>0</total>
				<timestamp>5407.349684</timestamp>
			</report>
			<report>
				<misses>481600000</misses>
				<total>0</total>
				<timestamp>5408.484370</timestamp>
			</report>
			<report>
				<misses>481700000</misses>
				<total>0</total>
				<timestamp>5409.610600</timestamp>
			</report>
			<report>
				<misses>481800000</misses>
				<total>0</total>
				<timestamp>5410.738465</timestamp>
			</report>
			<report>
				<misses>481900000</misses>
				<total>0</total>
				<timestamp>5411.854218</timestamp>
			</report>
			<report>
				<misses>482000000</misses>
				<total>0</total>
				<timestamp>5412.918621</timestamp>
			</report>
			<report>
				<misses>482100000</misses>
				<total>0</total>
				<timestamp>5413.996693</timestamp>
			</report>
			<report>
				<misses>482200000</misses>
				<total>0</total>
				<timestamp>5415.134022</timestamp>
			</report>
			<report>
				<misses>482300000</misses>
				<total>0</total>
				<timestamp>5416.224348</timestamp>
			</report>
			<report>
				<misses>482400000</misses>
				<total>0</total>
				<timestamp>5417.293267</timestamp>
			</report>
			<report>
				<misses>482500000</misses>
				<total>0</total>
				<timestamp>5418.370482</timestamp>
			</report>
			<report>
				<misses>482600000</misses>
				<total>0</total>
				<timestamp>5419.504843</timestamp>
			</report>
			<report>
				<misses>482700000</misses>
				<total>0</total>
				<timestamp>5420.661408</timestamp>
			</report>
			<report>
				<misses>482800000</misses>
				<total>0</total>
				<timestamp>5421.760853</timestamp>
			</report>
			<report>
				<misses>482900000</misses>
				<total>0</total>
				<timestamp>5422.887662</timestamp>
			</report>
			<report>
				<misses>483000000</misses>
				<total>0</total>
				<timestamp>5424.032698</timestamp>
			</report>
			<report>
				<misses>483100000</misses>
				<total>0</total>
				<timestamp>5425.155608</timestamp>
			</report>
			<report>
				<misses>483200000</misses>
				<total>0</total>
				<timestamp>5426.286747</timestamp>
			</report>
			<report>
				<misses>483300000</misses>
				<total>0</total>
				<timestamp>5427.457717</timestamp>
			</report>
			<report>
				<misses>483400000</misses>
				<total>0</total>
				<timestamp>5428.582683</timestamp>
			</report>
			<report>
				<misses>483500000</misses>
				<total>0</total>
				<timestamp>5429.737382</timestamp>
			</report>
			<report>
				<misses>483600000</misses>
				<total>0</total>
				<timestamp>5430.883946</timestamp>
			</report>
			<report>
				<misses>483700000</misses>
				<total>0</total>
				<timestamp>5431.963639</timestamp>
			</report>
			<report>
				<misses>483800000</misses>
				<total>0</total>
				<timestamp>5433.084443</timestamp>
			</report>
			<report>
				<misses>483900000</misses>
				<total>0</total>
				<timestamp>5434.218509</timestamp>
			</report>
			<report>
				<misses>484000000</misses>
				<total>0</total>
				<timestamp>5435.321365</timestamp>
			</report>
			<report>
				<misses>484100000</misses>
				<total>0</total>
				<timestamp>5436.410308</timestamp>
			</report>
			<report>
				<misses>484200000</misses>
				<total>0</total>
				<timestamp>5437.528060</timestamp>
			</report>
			<report>
				<misses>484300000</misses>
				<total>0</total>
				<timestamp>5438.660960</timestamp>
			</report>
			<report>
				<misses>484400000</misses>
				<total>0</total>
				<timestamp>5439.815605</timestamp>
			</report>
			<report>
				<misses>484500000</misses>
				<total>0</total>
				<timestamp>5440.952890</timestamp>
			</report>
			<report>
				<misses>484600000</misses>
				<total>0</total>
				<timestamp>5442.110597</timestamp>
			</report>
			<report>
				<misses>484700000</misses>
				<total>0</total>
				<timestamp>5443.252022</timestamp>
			</report>
			<report>
				<misses>484800000</misses>
				<total>0</total>
				<timestamp>5444.386327</timestamp>
			</report>
			<report>
				<misses>484900000</misses>
				<total>0</total>
				<timestamp>5445.546069</timestamp>
			</report>
			<report>
				<misses>485000000</misses>
				<total>0</total>
				<timestamp>5446.687844</timestamp>
			</report>
			<report>
				<misses>485100000</misses>
				<total>0</total>
				<timestamp>5447.817675</timestamp>
			</report>
			<report>
				<misses>485200000</misses>
				<total>0</total>
				<timestamp>5448.872007</timestamp>
			</report>
			<report>
				<misses>485300000</misses>
				<total>0</total>
				<timestamp>5449.955003</timestamp>
			</report>
			<report>
				<misses>485400000</misses>
				<total>0</total>
				<timestamp>5451.061531</timestamp>
			</report>
			<report>
				<misses>485500000</misses>
				<total>0</total>
				<timestamp>5452.209981</timestamp>
			</report>
			<report>
				<misses>485600000</misses>
				<total>0</total>
				<timestamp>5453.318191</timestamp>
			</report>
			<report>
				<misses>485700000</misses>
				<total>0</total>
				<timestamp>5454.428605</timestamp>
			</report>
			<report>
				<misses>485800000</misses>
				<total>0</total>
				<timestamp>5455.599246</timestamp>
			</report>
			<report>
				<misses>485900000</misses>
				<total>0</total>
				<timestamp>5456.755263</timestamp>
			</report>
			<report>
				<misses>486000000</misses>
				<total>0</total>
				<timestamp>5457.906073</timestamp>
			</report>
			<report>
				<misses>486100000</misses>
				<total>0</total>
				<timestamp>5459.041787</timestamp>
			</report>
			<report>
				<misses>486200000</misses>
				<total>0</total>
				<timestamp>5460.174188</timestamp>
			</report>
			<report>
				<misses>486300000</misses>
				<total>0</total>
				<timestamp>5461.334177</timestamp>
			</report>
			<report>
				<misses>486400000</misses>
				<total>0</total>
				<timestamp>5462.503345</timestamp>
			</report>
			<report>
				<misses>486500000</misses>
				<total>0</total>
				<timestamp>5463.595375</timestamp>
			</report>
			<report>
				<misses>486600000</misses>
				<total>0</total>
				<timestamp>5464.762247</timestamp>
			</report>
			<report>
				<misses>486700000</misses>
				<total>0</total>
				<timestamp>5465.904994</timestamp>
			</report>
			<report>
				<misses>486800000</misses>
				<total>0</total>
				<timestamp>5467.023430</timestamp>
			</report>
			<report>
				<misses>486900000</misses>
				<total>0</total>
				<timestamp>5468.166148</timestamp>
			</report>
			<report>
				<misses>487000000</misses>
				<total>0</total>
				<timestamp>5469.296410</timestamp>
			</report>
			<report>
				<misses>487100000</misses>
				<total>0</total>
				<timestamp>5470.457819</timestamp>
			</report>
			<report>
				<misses>487200000</misses>
				<total>0</total>
				<timestamp>5471.518969</timestamp>
			</report>
			<report>
				<misses>487300000</misses>
				<total>0</total>
				<timestamp>5472.607971</timestamp>
			</report>
			<report>
				<misses>487400000</misses>
				<total>0</total>
				<timestamp>5473.803413</timestamp>
			</report>
			<report>
				<misses>487500000</misses>
				<total>0</total>
				<timestamp>5474.902348</timestamp>
			</report>
			<report>
				<misses>487600000</misses>
				<total>0</total>
				<timestamp>5475.987891</timestamp>
			</report>
			<report>
				<misses>487700000</misses>
				<total>0</total>
				<timestamp>5477.126295</timestamp>
			</report>
			<report>
				<misses>487800000</misses>
				<total>0</total>
				<timestamp>5478.239402</timestamp>
			</report>
			<report>
				<misses>487900000</misses>
				<total>0</total>
				<timestamp>5479.322737</timestamp>
			</report>
			<report>
				<misses>488000000</misses>
				<total>0</total>
				<timestamp>5480.424983</timestamp>
			</report>
			<report>
				<misses>488100000</misses>
				<total>0</total>
				<timestamp>5481.560245</timestamp>
			</report>
			<report>
				<misses>488200000</misses>
				<total>0</total>
				<timestamp>5482.708814</timestamp>
			</report>
			<report>
				<misses>488300000</misses>
				<total>0</total>
				<timestamp>5483.830538</timestamp>
			</report>
			<report>
				<misses>488400000</misses>
				<total>0</total>
				<timestamp>5484.952573</timestamp>
			</report>
			<report>
				<misses>488500000</misses>
				<total>0</total>
				<timestamp>5486.096649</timestamp>
			</report>
			<report>
				<misses>488600000</misses>
				<total>0</total>
				<timestamp>5487.241092</timestamp>
			</report>
			<report>
				<misses>488700000</misses>
				<total>0</total>
				<timestamp>5488.348619</timestamp>
			</report>
			<report>
				<misses>488800000</misses>
				<total>0</total>
				<timestamp>5489.514094</timestamp>
			</report>
			<report>
				<misses>488900000</misses>
				<total>0</total>
				<timestamp>5490.636050</timestamp>
			</report>
			<report>
				<misses>489000000</misses>
				<total>0</total>
				<timestamp>5491.681948</timestamp>
			</report>
			<report>
				<misses>489100000</misses>
				<total>0</total>
				<timestamp>5492.808191</timestamp>
			</report>
			<report>
				<misses>489200000</misses>
				<total>0</total>
				<timestamp>5493.949540</timestamp>
			</report>
			<report>
				<misses>489300000</misses>
				<total>0</total>
				<timestamp>5495.034800</timestamp>
			</report>
			<report>
				<misses>489400000</misses>
				<total>0</total>
				<timestamp>5496.151328</timestamp>
			</report>
			<report>
				<misses>489500000</misses>
				<total>0</total>
				<timestamp>5497.238357</timestamp>
			</report>
			<report>
				<misses>489600000</misses>
				<total>0</total>
				<timestamp>5498.393411</timestamp>
			</report>
			<report>
				<misses>489700000</misses>
				<total>0</total>
				<timestamp>5499.568558</timestamp>
			</report>
			<report>
				<misses>489800000</misses>
				<total>0</total>
				<timestamp>5500.703801</timestamp>
			</report>
			<report>
				<misses>489900000</misses>
				<total>0</total>
				<timestamp>5501.829558</timestamp>
			</report>
			<report>
				<misses>490000000</misses>
				<total>0</total>
				<timestamp>5502.971107</timestamp>
			</report>
			<report>
				<misses>490100000</misses>
				<total>0</total>
				<timestamp>5504.163038</timestamp>
			</report>
			<report>
				<misses>490200000</misses>
				<total>0</total>
				<timestamp>5505.297054</timestamp>
			</report>
			<report>
				<misses>490300000</misses>
				<total>0</total>
				<timestamp>5506.410417</timestamp>
			</report>
			<report>
				<misses>490400000</misses>
				<total>0</total>
				<timestamp>5507.512834</timestamp>
			</report>
			<report>
				<misses>490500000</misses>
				<total>0</total>
				<timestamp>5508.662845</timestamp>
			</report>
			<report>
				<misses>490600000</misses>
				<total>0</total>
				<timestamp>5509.739578</timestamp>
			</report>
			<report>
				<misses>490700000</misses>
				<total>0</total>
				<timestamp>5510.813713</timestamp>
			</report>
			<report>
				<misses>490800000</misses>
				<total>0</total>
				<timestamp>5511.874631</timestamp>
			</report>
			<report>
				<misses>490900000</misses>
				<total>0</total>
				<timestamp>5512.953102</timestamp>
			</report>
			<report>
				<misses>491000000</misses>
				<total>0</total>
				<timestamp>5514.137539</timestamp>
			</report>
			<report>
				<misses>491100000</misses>
				<total>0</total>
				<timestamp>5515.258946</timestamp>
			</report>
			<report>
				<misses>491200000</misses>
				<total>0</total>
				<timestamp>5516.397969</timestamp>
			</report>
			<report>
				<misses>491300000</misses>
				<total>0</total>
				<timestamp>5517.536261</timestamp>
			</report>
			<report>
				<misses>491400000</misses>
				<total>0</total>
				<timestamp>5518.683732</timestamp>
			</report>
			<report>
				<misses>491500000</misses>
				<total>0</total>
				<timestamp>5519.814531</timestamp>
			</report>
			<report>
				<misses>491600000</misses>
				<total>0</total>
				<timestamp>5520.925204</timestamp>
			</report>
			<report>
				<misses>491700000</misses>
				<total>0</total>
				<timestamp>5522.028807</timestamp>
			</report>
			<report>
				<misses>491800000</misses>
				<total>0</total>
				<timestamp>5523.147938</timestamp>
			</report>
			<report>
				<misses>491900000</misses>
				<total>0</total>
				<timestamp>5524.265034</timestamp>
			</report>
			<report>
				<misses>492000000</misses>
				<total>0</total>
				<timestamp>5525.385084</timestamp>
			</report>
			<report>
				<misses>492100000</misses>
				<total>0</total>
				<timestamp>5526.447998</timestamp>
			</report>
			<report>
				<misses>492200000</misses>
				<total>0</total>
				<timestamp>5527.526187</timestamp>
			</report>
			<report>
				<misses>492300000</misses>
				<total>0</total>
				<timestamp>5528.586787</timestamp>
			</report>
			<report>
				<misses>492400000</misses>
				<total>0</total>
				<timestamp>5529.661453</timestamp>
			</report>
			<report>
				<misses>492500000</misses>
				<total>0</total>
				<timestamp>5530.732452</timestamp>
			</report>
			<report>
				<misses>492600000</misses>
				<total>0</total>
				<timestamp>5531.824034</timestamp>
			</report>
			<report>
				<misses>492700000</misses>
				<total>0</total>
				<timestamp>5532.936167</timestamp>
			</report>
			<report>
				<misses>492800000</misses>
				<total>0</total>
				<timestamp>5534.073267</timestamp>
			</report>
			<report>
				<misses>492900000</misses>
				<total>0</total>
				<timestamp>5535.174312</timestamp>
			</report>
			<report>
				<misses>493000000</misses>
				<total>0</total>
				<timestamp>5536.271718</timestamp>
			</report>
			<report>
				<misses>493100000</misses>
				<total>0</total>
				<timestamp>5537.375549</timestamp>
			</report>
			<report>
				<misses>493200000</misses>
				<total>0</total>
				<timestamp>5538.503684</timestamp>
			</report>
			<report>
				<misses>493300000</misses>
				<total>0</total>
				<timestamp>5539.584921</timestamp>
			</report>
			<report>
				<misses>493400000</misses>
				<total>0</total>
				<timestamp>5540.702092</timestamp>
			</report>
			<report>
				<misses>493500000</misses>
				<total>0</total>
				<timestamp>5541.807769</timestamp>
			</report>
			<report>
				<misses>493600000</misses>
				<total>0</total>
				<timestamp>5542.911390</timestamp>
			</report>
			<report>
				<misses>493700000</misses>
				<total>0</total>
				<timestamp>5544.012581</timestamp>
			</report>
			<report>
				<misses>493800000</misses>
				<total>0</total>
				<timestamp>5545.093594</timestamp>
			</report>
			<report>
				<misses>493900000</misses>
				<total>0</total>
				<timestamp>5546.160846</timestamp>
			</report>
			<report>
				<misses>494000000</misses>
				<total>0</total>
				<timestamp>5547.246439</timestamp>
			</report>
			<report>
				<misses>494100000</misses>
				<total>0</total>
				<timestamp>5548.378726</timestamp>
			</report>
			<report>
				<misses>494200000</misses>
				<total>0</total>
				<timestamp>5549.525038</timestamp>
			</report>
			<report>
				<misses>494300000</misses>
				<total>0</total>
				<timestamp>5550.669039</timestamp>
			</report>
			<report>
				<misses>494400000</misses>
				<total>0</total>
				<timestamp>5551.760257</timestamp>
			</report>
			<report>
				<misses>494500000</misses>
				<total>0</total>
				<timestamp>5552.922784</timestamp>
			</report>
			<report>
				<misses>494600000</misses>
				<total>0</total>
				<timestamp>5554.063236</timestamp>
			</report>
			<report>
				<misses>494700000</misses>
				<total>0</total>
				<timestamp>5555.181398</timestamp>
			</report>
			<report>
				<misses>494800000</misses>
				<total>0</total>
				<timestamp>5556.311016</timestamp>
			</report>
			<report>
				<misses>494900000</misses>
				<total>0</total>
				<timestamp>5557.472013</timestamp>
			</report>
			<report>
				<misses>495000000</misses>
				<total>0</total>
				<timestamp>5558.583030</timestamp>
			</report>
			<report>
				<misses>495100000</misses>
				<total>0</total>
				<timestamp>5559.723033</timestamp>
			</report>
			<report>
				<misses>495200000</misses>
				<total>0</total>
				<timestamp>5560.859389</timestamp>
			</report>
			<report>
				<misses>495300000</misses>
				<total>0</total>
				<timestamp>5561.984511</timestamp>
			</report>
			<report>
				<misses>495400000</misses>
				<total>0</total>
				<timestamp>5563.108300</timestamp>
			</report>
			<report>
				<misses>495500000</misses>
				<total>0</total>
				<timestamp>5564.294334</timestamp>
			</report>
			<report>
				<misses>495600000</misses>
				<total>0</total>
				<timestamp>5565.391525</timestamp>
			</report>
			<report>
				<misses>495700000</misses>
				<total>0</total>
				<timestamp>5566.460489</timestamp>
			</report>
			<report>
				<misses>495800000</misses>
				<total>0</total>
				<timestamp>5567.529173</timestamp>
			</report>
			<report>
				<misses>495900000</misses>
				<total>0</total>
				<timestamp>5568.583445</timestamp>
			</report>
			<report>
				<misses>496000000</misses>
				<total>0</total>
				<timestamp>5569.699788</timestamp>
			</report>
			<report>
				<misses>496100000</misses>
				<total>0</total>
				<timestamp>5570.821370</timestamp>
			</report>
			<report>
				<misses>496200000</misses>
				<total>0</total>
				<timestamp>5571.918785</timestamp>
			</report>
			<report>
				<misses>496300000</misses>
				<total>0</total>
				<timestamp>5572.968524</timestamp>
			</report>
			<report>
				<misses>496400000</misses>
				<total>0</total>
				<timestamp>5574.117058</timestamp>
			</report>
			<report>
				<misses>496500000</misses>
				<total>0</total>
				<timestamp>5575.287689</timestamp>
			</report>
			<report>
				<misses>496600000</misses>
				<total>0</total>
				<timestamp>5576.453291</timestamp>
			</report>
			<report>
				<misses>496700000</misses>
				<total>0</total>
				<timestamp>5577.543936</timestamp>
			</report>
			<report>
				<misses>496800000</misses>
				<total>0</total>
				<timestamp>5578.731598</timestamp>
			</report>
			<report>
				<misses>496900000</misses>
				<total>0</total>
				<timestamp>5579.851312</timestamp>
			</report>
			<report>
				<misses>497000000</misses>
				<total>0</total>
				<timestamp>5580.967211</timestamp>
			</report>
			<report>
				<misses>497100000</misses>
				<total>0</total>
				<timestamp>5582.094657</timestamp>
			</report>
			<report>
				<misses>497200000</misses>
				<total>0</total>
				<timestamp>5583.260772</timestamp>
			</report>
			<report>
				<misses>497300000</misses>
				<total>0</total>
				<timestamp>5584.395260</timestamp>
			</report>
			<report>
				<misses>497400000</misses>
				<total>0</total>
				<timestamp>5585.520877</timestamp>
			</report>
			<report>
				<misses>497500000</misses>
				<total>0</total>
				<timestamp>5586.678631</timestamp>
			</report>
			<report>
				<misses>497600000</misses>
				<total>0</total>
				<timestamp>5587.856134</timestamp>
			</report>
			<report>
				<misses>497700000</misses>
				<total>0</total>
				<timestamp>5588.981584</timestamp>
			</report>
			<report>
				<misses>497800000</misses>
				<total>0</total>
				<timestamp>5590.133452</timestamp>
			</report>
			<report>
				<misses>497900000</misses>
				<total>0</total>
				<timestamp>5591.261599</timestamp>
			</report>
			<report>
				<misses>498000000</misses>
				<total>0</total>
				<timestamp>5592.368193</timestamp>
			</report>
			<report>
				<misses>498100000</misses>
				<total>0</total>
				<timestamp>5593.529373</timestamp>
			</report>
			<report>
				<misses>498200000</misses>
				<total>0</total>
				<timestamp>5594.681890</timestamp>
			</report>
			<report>
				<misses>498300000</misses>
				<total>0</total>
				<timestamp>5595.792470</timestamp>
			</report>
			<report>
				<misses>498400000</misses>
				<total>0</total>
				<timestamp>5596.929722</timestamp>
			</report>
			<report>
				<misses>498500000</misses>
				<total>0</total>
				<timestamp>5598.019290</timestamp>
			</report>
			<report>
				<misses>498600000</misses>
				<total>0</total>
				<timestamp>5599.141254</timestamp>
			</report>
			<report>
				<misses>498700000</misses>
				<total>0</total>
				<timestamp>5600.295846</timestamp>
			</report>
			<report>
				<misses>498800000</misses>
				<total>0</total>
				<timestamp>5601.412444</timestamp>
			</report>
			<report>
				<misses>498900000</misses>
				<total>0</total>
				<timestamp>5602.511674</timestamp>
			</report>
			<report>
				<misses>499000000</misses>
				<total>0</total>
				<timestamp>5603.603245</timestamp>
			</report>
			<report>
				<misses>499100000</misses>
				<total>0</total>
				<timestamp>5604.719139</timestamp>
			</report>
			<report>
				<misses>499200000</misses>
				<total>0</total>
				<timestamp>5605.886817</timestamp>
			</report>
			<report>
				<misses>499300000</misses>
				<total>0</total>
				<timestamp>5607.016486</timestamp>
			</report>
			<report>
				<misses>499400000</misses>
				<total>0</total>
				<timestamp>5608.144409</timestamp>
			</report>
			<report>
				<misses>499500000</misses>
				<total>0</total>
				<timestamp>5609.256757</timestamp>
			</report>
			<report>
				<misses>499600000</misses>
				<total>0</total>
				<timestamp>5610.391535</timestamp>
			</report>
			<report>
				<misses>499700000</misses>
				<total>0</total>
				<timestamp>5611.547176</timestamp>
			</report>
			<report>
				<misses>499800000</misses>
				<total>0</total>
				<timestamp>5612.700489</timestamp>
			</report>
			<report>
				<misses>499900000</misses>
				<total>0</total>
				<timestamp>5613.845746</timestamp>
			</report>
			<report>
				<misses>500000000</misses>
				<total>0</total>
				<timestamp>5614.938905</timestamp>
			</report>
			<report>
				<misses>500100000</misses>
				<total>0</total>
				<timestamp>5616.043292</timestamp>
			</report>
			<report>
				<misses>500200000</misses>
				<total>0</total>
				<timestamp>5617.182937</timestamp>
			</report>
			<report>
				<misses>500300000</misses>
				<total>0</total>
				<timestamp>5618.260831</timestamp>
			</report>
			<report>
				<misses>500400000</misses>
				<total>0</total>
				<timestamp>5619.333835</timestamp>
			</report>
			<report>
				<misses>500500000</misses>
				<total>0</total>
				<timestamp>5620.405962</timestamp>
			</report>
			<report>
				<misses>500600000</misses>
				<total>0</total>
				<timestamp>5621.468489</timestamp>
			</report>
			<report>
				<misses>500700000</misses>
				<total>0</total>
				<timestamp>5622.586408</timestamp>
			</report>
			<report>
				<misses>500800000</misses>
				<total>0</total>
				<timestamp>5623.767792</timestamp>
			</report>
			<report>
				<misses>500900000</misses>
				<total>0</total>
				<timestamp>5624.920726</timestamp>
			</report>
			<report>
				<misses>501000000</misses>
				<total>0</total>
				<timestamp>5626.063155</timestamp>
			</report>
			<report>
				<misses>501100000</misses>
				<total>0</total>
				<timestamp>5627.207057</timestamp>
			</report>
			<report>
				<misses>501200000</misses>
				<total>0</total>
				<timestamp>5628.349859</timestamp>
			</report>
			<report>
				<misses>501300000</misses>
				<total>0</total>
				<timestamp>5629.493702</timestamp>
			</report>
			<report>
				<misses>501400000</misses>
				<total>0</total>
				<timestamp>5630.646496</timestamp>
			</report>
			<report>
				<misses>501500000</misses>
				<total>0</total>
				<timestamp>5631.841900</timestamp>
			</report>
			<report>
				<misses>501600000</misses>
				<total>0</total>
				<timestamp>5632.950845</timestamp>
			</report>
			<report>
				<misses>501700000</misses>
				<total>0</total>
				<timestamp>5634.047794</timestamp>
			</report>
			<report>
				<misses>501800000</misses>
				<total>0</total>
				<timestamp>5635.137895</timestamp>
			</report>
			<report>
				<misses>501900000</misses>
				<total>0</total>
				<timestamp>5636.245738</timestamp>
			</report>
			<report>
				<misses>502000000</misses>
				<total>0</total>
				<timestamp>5637.334331</timestamp>
			</report>
			<report>
				<misses>502100000</misses>
				<total>0</total>
				<timestamp>5638.406073</timestamp>
			</report>
			<report>
				<misses>502200000</misses>
				<total>0</total>
				<timestamp>5639.555298</timestamp>
			</report>
			<report>
				<misses>502300000</misses>
				<total>0</total>
				<timestamp>5640.697442</timestamp>
			</report>
			<report>
				<misses>502400000</misses>
				<total>0</total>
				<timestamp>5641.865196</timestamp>
			</report>
			<report>
				<misses>502500000</misses>
				<total>0</total>
				<timestamp>5643.037959</timestamp>
			</report>
			<report>
				<misses>502600000</misses>
				<total>0</total>
				<timestamp>5644.191043</timestamp>
			</report>
			<report>
				<misses>502700000</misses>
				<total>0</total>
				<timestamp>5645.339693</timestamp>
			</report>
			<report>
				<misses>502800000</misses>
				<total>0</total>
				<timestamp>5646.484225</timestamp>
			</report>
			<report>
				<misses>502900000</misses>
				<total>0</total>
				<timestamp>5647.645565</timestamp>
			</report>
			<report>
				<misses>503000000</misses>
				<total>0</total>
				<timestamp>5648.799672</timestamp>
			</report>
			<report>
				<misses>503100000</misses>
				<total>0</total>
				<timestamp>5649.956313</timestamp>
			</report>
			<report>
				<misses>503200000</misses>
				<total>0</total>
				<timestamp>5651.092803</timestamp>
			</report>
			<report>
				<misses>503300000</misses>
				<total>0</total>
				<timestamp>5652.262290</timestamp>
			</report>
			<report>
				<misses>503400000</misses>
				<total>0</total>
				<timestamp>5653.461796</timestamp>
			</report>
			<report>
				<misses>503500000</misses>
				<total>0</total>
				<timestamp>5654.611657</timestamp>
			</report>
			<report>
				<misses>503600000</misses>
				<total>0</total>
				<timestamp>5655.755544</timestamp>
			</report>
			<report>
				<misses>503700000</misses>
				<total>0</total>
				<timestamp>5656.890545</timestamp>
			</report>
			<report>
				<misses>503800000</misses>
				<total>0</total>
				<timestamp>5658.068974</timestamp>
			</report>
			<report>
				<misses>503900000</misses>
				<total>0</total>
				<timestamp>5659.209225</timestamp>
			</report>
			<report>
				<misses>504000000</misses>
				<total>0</total>
				<timestamp>5660.341640</timestamp>
			</report>
			<report>
				<misses>504100000</misses>
				<total>0</total>
				<timestamp>5661.403013</timestamp>
			</report>
			<report>
				<misses>504200000</misses>
				<total>0</total>
				<timestamp>5662.520135</timestamp>
			</report>
			<report>
				<misses>504300000</misses>
				<total>0</total>
				<timestamp>5663.681627</timestamp>
			</report>
			<report>
				<misses>504400000</misses>
				<total>0</total>
				<timestamp>5664.815467</timestamp>
			</report>
			<report>
				<misses>504500000</misses>
				<total>0</total>
				<timestamp>5665.928228</timestamp>
			</report>
			<report>
				<misses>504600000</misses>
				<total>0</total>
				<timestamp>5667.086990</timestamp>
			</report>
			<report>
				<misses>504700000</misses>
				<total>0</total>
				<timestamp>5668.213474</timestamp>
			</report>
			<report>
				<misses>504800000</misses>
				<total>0</total>
				<timestamp>5669.374260</timestamp>
			</report>
			<report>
				<misses>504900000</misses>
				<total>0</total>
				<timestamp>5670.514032</timestamp>
			</report>
			<report>
				<misses>505000000</misses>
				<total>0</total>
				<timestamp>5671.635012</timestamp>
			</report>
			<report>
				<misses>505100000</misses>
				<total>0</total>
				<timestamp>5672.783623</timestamp>
			</report>
			<report>
				<misses>505200000</misses>
				<total>0</total>
				<timestamp>5673.889771</timestamp>
			</report>
			<report>
				<misses>505300000</misses>
				<total>0</total>
				<timestamp>5675.003557</timestamp>
			</report>
			<report>
				<misses>505400000</misses>
				<total>0</total>
				<timestamp>5676.147615</timestamp>
			</report>
			<report>
				<misses>505500000</misses>
				<total>0</total>
				<timestamp>5677.286856</timestamp>
			</report>
			<report>
				<misses>505600000</misses>
				<total>0</total>
				<timestamp>5678.450335</timestamp>
			</report>
			<report>
				<misses>505700000</misses>
				<total>0</total>
				<timestamp>5679.583527</timestamp>
			</report>
			<report>
				<misses>505800000</misses>
				<total>0</total>
				<timestamp>5680.754652</timestamp>
			</report>
			<report>
				<misses>505900000</misses>
				<total>0</total>
				<timestamp>5681.924171</timestamp>
			</report>
			<report>
				<misses>506000000</misses>
				<total>0</total>
				<timestamp>5683.112200</timestamp>
			</report>
			<report>
				<misses>506100000</misses>
				<total>0</total>
				<timestamp>5684.220375</timestamp>
			</report>
			<report>
				<misses>506200000</misses>
				<total>0</total>
				<timestamp>5685.357397</timestamp>
			</report>
			<report>
				<misses>506300000</misses>
				<total>0</total>
				<timestamp>5686.519049</timestamp>
			</report>
			<report>
				<misses>506400000</misses>
				<total>0</total>
				<timestamp>5687.637849</timestamp>
			</report>
			<report>
				<misses>506500000</misses>
				<total>0</total>
				<timestamp>5688.739290</timestamp>
			</report>
			<report>
				<misses>506600000</misses>
				<total>0</total>
				<timestamp>5689.823446</timestamp>
			</report>
			<report>
				<misses>506700000</misses>
				<total>0</total>
				<timestamp>5690.901508</timestamp>
			</report>
			<report>
				<misses>506800000</misses>
				<total>0</total>
				<timestamp>5692.001508</timestamp>
			</report>
			<report>
				<misses>506900000</misses>
				<total>0</total>
				<timestamp>5693.081132</timestamp>
			</report>
			<report>
				<misses>507000000</misses>
				<total>0</total>
				<timestamp>5694.136305</timestamp>
			</report>
			<report>
				<misses>507100000</misses>
				<total>0</total>
				<timestamp>5695.217769</timestamp>
			</report>
			<report>
				<misses>507200000</misses>
				<total>0</total>
				<timestamp>5696.340400</timestamp>
			</report>
			<report>
				<misses>507300000</misses>
				<total>0</total>
				<timestamp>5697.493575</timestamp>
			</report>
			<report>
				<misses>507400000</misses>
				<total>0</total>
				<timestamp>5698.577129</timestamp>
			</report>
			<report>
				<misses>507500000</misses>
				<total>0</total>
				<timestamp>5699.740203</timestamp>
			</report>
			<report>
				<misses>507600000</misses>
				<total>0</total>
				<timestamp>5700.838029</timestamp>
			</report>
			<report>
				<misses>507700000</misses>
				<total>0</total>
				<timestamp>5701.970179</timestamp>
			</report>
			<report>
				<misses>507800000</misses>
				<total>0</total>
				<timestamp>5703.055203</timestamp>
			</report>
			<report>
				<misses>507900000</misses>
				<total>0</total>
				<timestamp>5704.193285</timestamp>
			</report>
			<report>
				<misses>508000000</misses>
				<total>0</total>
				<timestamp>5705.309582</timestamp>
			</report>
			<report>
				<misses>508100000</misses>
				<total>0</total>
				<timestamp>5706.435224</timestamp>
			</report>
			<report>
				<misses>508200000</misses>
				<total>0</total>
				<timestamp>5707.502611</timestamp>
			</report>
			<report>
				<misses>508300000</misses>
				<total>0</total>
				<timestamp>5708.582077</timestamp>
			</report>
			<report>
				<misses>508400000</misses>
				<total>0</total>
				<timestamp>5709.652872</timestamp>
			</report>
			<report>
				<misses>508500000</misses>
				<total>0</total>
				<timestamp>5710.726621</timestamp>
			</report>
			<report>
				<misses>508600000</misses>
				<total>0</total>
				<timestamp>5711.861508</timestamp>
			</report>
			<report>
				<misses>508700000</misses>
				<total>0</total>
				<timestamp>5712.972832</timestamp>
			</report>
			<report>
				<misses>508800000</misses>
				<total>0</total>
				<timestamp>5714.101926</timestamp>
			</report>
			<report>
				<misses>508900000</misses>
				<total>0</total>
				<timestamp>5715.201165</timestamp>
			</report>
			<report>
				<misses>509000000</misses>
				<total>0</total>
				<timestamp>5716.370142</timestamp>
			</report>
			<report>
				<misses>509100000</misses>
				<total>0</total>
				<timestamp>5717.472271</timestamp>
			</report>
			<report>
				<misses>509200000</misses>
				<total>0</total>
				<timestamp>5718.616280</timestamp>
			</report>
			<report>
				<misses>509300000</misses>
				<total>0</total>
				<timestamp>5719.759474</timestamp>
			</report>
			<report>
				<misses>509400000</misses>
				<total>0</total>
				<timestamp>5720.857518</timestamp>
			</report>
			<report>
				<misses>509500000</misses>
				<total>0</total>
				<timestamp>5721.958241</timestamp>
			</report>
			<report>
				<misses>509600000</misses>
				<total>0</total>
				<timestamp>5723.098362</timestamp>
			</report>
			<report>
				<misses>509700000</misses>
				<total>0</total>
				<timestamp>5724.168231</timestamp>
			</report>
			<report>
				<misses>509800000</misses>
				<total>0</total>
				<timestamp>5725.252990</timestamp>
			</report>
			<report>
				<misses>509900000</misses>
				<total>0</total>
				<timestamp>5726.376049</timestamp>
			</report>
			<report>
				<misses>510000000</misses>
				<total>0</total>
				<timestamp>5727.494575</timestamp>
			</report>
			<report>
				<misses>510100000</misses>
				<total>0</total>
				<timestamp>5728.578844</timestamp>
			</report>
			<report>
				<misses>510200000</misses>
				<total>0</total>
				<timestamp>5729.688272</timestamp>
			</report>
			<report>
				<misses>510300000</misses>
				<total>0</total>
				<timestamp>5730.782938</timestamp>
			</report>
			<report>
				<misses>510400000</misses>
				<total>0</total>
				<timestamp>5731.913091</timestamp>
			</report>
			<report>
				<misses>510500000</misses>
				<total>0</total>
				<timestamp>5733.007757</timestamp>
			</report>
			<report>
				<misses>510600000</misses>
				<total>0</total>
				<timestamp>5734.131313</timestamp>
			</report>
			<report>
				<misses>510700000</misses>
				<total>0</total>
				<timestamp>5735.253126</timestamp>
			</report>
			<report>
				<misses>510800000</misses>
				<total>0</total>
				<timestamp>5736.364311</timestamp>
			</report>
			<report>
				<misses>510900000</misses>
				<total>0</total>
				<timestamp>5737.463849</timestamp>
			</report>
			<report>
				<misses>511000000</misses>
				<total>0</total>
				<timestamp>5738.607606</timestamp>
			</report>
			<report>
				<misses>511100000</misses>
				<total>0</total>
				<timestamp>5739.729560</timestamp>
			</report>
			<report>
				<misses>511200000</misses>
				<total>0</total>
				<timestamp>5740.848363</timestamp>
			</report>
			<report>
				<misses>511300000</misses>
				<total>0</total>
				<timestamp>5741.973911</timestamp>
			</report>
			<report>
				<misses>511400000</misses>
				<total>0</total>
				<timestamp>5743.100062</timestamp>
			</report>
			<report>
				<misses>511500000</misses>
				<total>0</total>
				<timestamp>5744.197579</timestamp>
			</report>
			<report>
				<misses>511600000</misses>
				<total>0</total>
				<timestamp>5745.307394</timestamp>
			</report>
			<report>
				<misses>511700000</misses>
				<total>0</total>
				<timestamp>5746.413112</timestamp>
			</report>
			<report>
				<misses>511800000</misses>
				<total>0</total>
				<timestamp>5747.514157</timestamp>
			</report>
			<report>
				<misses>511900000</misses>
				<total>0</total>
				<timestamp>5748.632053</timestamp>
			</report>
			<report>
				<misses>512000000</misses>
				<total>0</total>
				<timestamp>5749.733615</timestamp>
			</report>
			<report>
				<misses>512100000</misses>
				<total>0</total>
				<timestamp>5750.833458</timestamp>
			</report>
			<report>
				<misses>512200000</misses>
				<total>0</total>
				<timestamp>5751.940246</timestamp>
			</report>
			<report>
				<misses>512300000</misses>
				<total>0</total>
				<timestamp>5753.054770</timestamp>
			</report>
			<report>
				<misses>512400000</misses>
				<total>0</total>
				<timestamp>5754.141876</timestamp>
			</report>
			<report>
				<misses>512500000</misses>
				<total>0</total>
				<timestamp>5755.267934</timestamp>
			</report>
			<report>
				<misses>512600000</misses>
				<total>0</total>
				<timestamp>5756.379147</timestamp>
			</report>
			<report>
				<misses>512700000</misses>
				<total>0</total>
				<timestamp>5757.551421</timestamp>
			</report>
			<report>
				<misses>512800000</misses>
				<total>0</total>
				<timestamp>5758.664509</timestamp>
			</report>
			<report>
				<misses>512900000</misses>
				<total>0</total>
				<timestamp>5759.778855</timestamp>
			</report>
			<report>
				<misses>513000000</misses>
				<total>0</total>
				<timestamp>5760.921167</timestamp>
			</report>
			<report>
				<misses>513100000</misses>
				<total>0</total>
				<timestamp>5762.091827</timestamp>
			</report>
			<report>
				<misses>513200000</misses>
				<total>0</total>
				<timestamp>5763.190029</timestamp>
			</report>
			<report>
				<misses>513300000</misses>
				<total>0</total>
				<timestamp>5764.324469</timestamp>
			</report>
			<report>
				<misses>513400000</misses>
				<total>0</total>
				<timestamp>5765.436356</timestamp>
			</report>
			<report>
				<misses>513500000</misses>
				<total>0</total>
				<timestamp>5766.524445</timestamp>
			</report>
			<report>
				<misses>513600000</misses>
				<total>0</total>
				<timestamp>5767.658139</timestamp>
			</report>
			<report>
				<misses>513700000</misses>
				<total>0</total>
				<timestamp>5768.764794</timestamp>
			</report>
			<report>
				<misses>513800000</misses>
				<total>0</total>
				<timestamp>5769.817351</timestamp>
			</report>
			<report>
				<misses>513900000</misses>
				<total>0</total>
				<timestamp>5770.875608</timestamp>
			</report>
			<report>
				<misses>514000000</misses>
				<total>0</total>
				<timestamp>5771.944254</timestamp>
			</report>
			<report>
				<misses>514100000</misses>
				<total>0</total>
				<timestamp>5773.006390</timestamp>
			</report>
			<report>
				<misses>514200000</misses>
				<total>0</total>
				<timestamp>5774.152724</timestamp>
			</report>
			<report>
				<misses>514300000</misses>
				<total>0</total>
				<timestamp>5775.267331</timestamp>
			</report>
			<report>
				<misses>514400000</misses>
				<total>0</total>
				<timestamp>5776.372635</timestamp>
			</report>
			<report>
				<misses>514500000</misses>
				<total>0</total>
				<timestamp>5777.538001</timestamp>
			</report>
			<report>
				<misses>514600000</misses>
				<total>0</total>
				<timestamp>5778.680656</timestamp>
			</report>
			<report>
				<misses>514700000</misses>
				<total>0</total>
				<timestamp>5779.801716</timestamp>
			</report>
			<report>
				<misses>514800000</misses>
				<total>0</total>
				<timestamp>5780.965867</timestamp>
			</report>
			<report>
				<misses>514900000</misses>
				<total>0</total>
				<timestamp>5782.108778</timestamp>
			</report>
			<report>
				<misses>515000000</misses>
				<total>0</total>
				<timestamp>5783.229581</timestamp>
			</report>
			<report>
				<misses>515100000</misses>
				<total>0</total>
				<timestamp>5784.358677</timestamp>
			</report>
			<report>
				<misses>515200000</misses>
				<total>0</total>
				<timestamp>5785.493387</timestamp>
			</report>
			<report>
				<misses>515300000</misses>
				<total>0</total>
				<timestamp>5786.628530</timestamp>
			</report>
			<report>
				<misses>515400000</misses>
				<total>0</total>
				<timestamp>5787.754531</timestamp>
			</report>
			<report>
				<misses>515500000</misses>
				<total>0</total>
				<timestamp>5788.896492</timestamp>
			</report>
			<report>
				<misses>515600000</misses>
				<total>0</total>
				<timestamp>5790.034016</timestamp>
			</report>
			<report>
				<misses>515700000</misses>
				<total>0</total>
				<timestamp>5791.107999</timestamp>
			</report>
			<report>
				<misses>515800000</misses>
				<total>0</total>
				<timestamp>5792.168895</timestamp>
			</report>
			<report>
				<misses>515900000</misses>
				<total>0</total>
				<timestamp>5793.306135</timestamp>
			</report>
			<report>
				<misses>516000000</misses>
				<total>0</total>
				<timestamp>5794.392959</timestamp>
			</report>
			<report>
				<misses>516100000</misses>
				<total>0</total>
				<timestamp>5795.481215</timestamp>
			</report>
			<report>
				<misses>516200000</misses>
				<total>0</total>
				<timestamp>5796.625192</timestamp>
			</report>
			<report>
				<misses>516300000</misses>
				<total>0</total>
				<timestamp>5797.745236</timestamp>
			</report>
			<report>
				<misses>516400000</misses>
				<total>0</total>
				<timestamp>5798.873658</timestamp>
			</report>
			<report>
				<misses>516500000</misses>
				<total>0</total>
				<timestamp>5800.002575</timestamp>
			</report>
			<report>
				<misses>516600000</misses>
				<total>0</total>
				<timestamp>5801.157925</timestamp>
			</report>
			<report>
				<misses>516700000</misses>
				<total>0</total>
				<timestamp>5802.276985</timestamp>
			</report>
			<report>
				<misses>516800000</misses>
				<total>0</total>
				<timestamp>5803.430551</timestamp>
			</report>
			<report>
				<misses>516900000</misses>
				<total>0</total>
				<timestamp>5804.589547</timestamp>
			</report>
			<report>
				<misses>517000000</misses>
				<total>0</total>
				<timestamp>5805.747790</timestamp>
			</report>
			<report>
				<misses>517100000</misses>
				<total>0</total>
				<timestamp>5806.870074</timestamp>
			</report>
			<report>
				<misses>517200000</misses>
				<total>0</total>
				<timestamp>5808.033949</timestamp>
			</report>
			<report>
				<misses>517300000</misses>
				<total>0</total>
				<timestamp>5809.169675</timestamp>
			</report>
			<report>
				<misses>517400000</misses>
				<total>0</total>
				<timestamp>5810.313944</timestamp>
			</report>
			<report>
				<misses>517500000</misses>
				<total>0</total>
				<timestamp>5811.475855</timestamp>
			</report>
			<report>
				<misses>517600000</misses>
				<total>0</total>
				<timestamp>5812.587978</timestamp>
			</report>
			<report>
				<misses>517700000</misses>
				<total>0</total>
				<timestamp>5813.665872</timestamp>
			</report>
			<report>
				<misses>517800000</misses>
				<total>0</total>
				<timestamp>5814.730168</timestamp>
			</report>
			<report>
				<misses>517900000</misses>
				<total>0</total>
				<timestamp>5815.790193</timestamp>
			</report>
			<report>
				<misses>518000000</misses>
				<total>0</total>
				<timestamp>5816.869549</timestamp>
			</report>
			<report>
				<misses>518100000</misses>
				<total>0</total>
				<timestamp>5817.936741</timestamp>
			</report>
			<report>
				<misses>518200000</misses>
				<total>0</total>
				<timestamp>5819.088919</timestamp>
			</report>
			<report>
				<misses>518300000</misses>
				<total>0</total>
				<timestamp>5820.229934</timestamp>
			</report>
			<report>
				<misses>518400000</misses>
				<total>0</total>
				<timestamp>5821.359968</timestamp>
			</report>
			<report>
				<misses>518500000</misses>
				<total>0</total>
				<timestamp>5822.516047</timestamp>
			</report>
			<report>
				<misses>518600000</misses>
				<total>0</total>
				<timestamp>5823.719460</timestamp>
			</report>
			<report>
				<misses>518700000</misses>
				<total>0</total>
				<timestamp>5824.858745</timestamp>
			</report>
			<report>
				<misses>518800000</misses>
				<total>0</total>
				<timestamp>5826.009034</timestamp>
			</report>
			<report>
				<misses>518900000</misses>
				<total>0</total>
				<timestamp>5827.169718</timestamp>
			</report>
			<report>
				<misses>519000000</misses>
				<total>0</total>
				<timestamp>5828.282006</timestamp>
			</report>
			<report>
				<misses>519100000</misses>
				<total>0</total>
				<timestamp>5829.473369</timestamp>
			</report>
			<report>
				<misses>519200000</misses>
				<total>0</total>
				<timestamp>5830.637526</timestamp>
			</report>
			<report>
				<misses>519300000</misses>
				<total>0</total>
				<timestamp>5831.775627</timestamp>
			</report>
			<report>
				<misses>519400000</misses>
				<total>0</total>
				<timestamp>5832.917530</timestamp>
			</report>
			<report>
				<misses>519500000</misses>
				<total>0</total>
				<timestamp>5834.090222</timestamp>
			</report>
			<report>
				<misses>519600000</misses>
				<total>0</total>
				<timestamp>5835.276159</timestamp>
			</report>
			<report>
				<misses>519700000</misses>
				<total>0</total>
				<timestamp>5836.431590</timestamp>
			</report>
			<report>
				<misses>519800000</misses>
				<total>0</total>
				<timestamp>5837.583665</timestamp>
			</report>
			<report>
				<misses>519900000</misses>
				<total>0</total>
				<timestamp>5838.712616</timestamp>
			</report>
			<report>
				<misses>520000000</misses>
				<total>0</total>
				<timestamp>5839.844038</timestamp>
			</report>
			<report>
				<misses>520100000</misses>
				<total>0</total>
				<timestamp>5840.991969</timestamp>
			</report>
			<report>
				<misses>520200000</misses>
				<total>0</total>
				<timestamp>5842.170428</timestamp>
			</report>
			<report>
				<misses>520300000</misses>
				<total>0</total>
				<timestamp>5843.302558</timestamp>
			</report>
			<report>
				<misses>520400000</misses>
				<total>0</total>
				<timestamp>5844.384926</timestamp>
			</report>
			<report>
				<misses>520500000</misses>
				<total>0</total>
				<timestamp>5845.457414</timestamp>
			</report>
			<report>
				<misses>520600000</misses>
				<total>0</total>
				<timestamp>5846.606159</timestamp>
			</report>
			<report>
				<misses>520700000</misses>
				<total>0</total>
				<timestamp>5847.738352</timestamp>
			</report>
			<report>
				<misses>520800000</misses>
				<total>0</total>
				<timestamp>5848.870140</timestamp>
			</report>
			<report>
				<misses>520900000</misses>
				<total>0</total>
				<timestamp>5849.973350</timestamp>
			</report>
			<report>
				<misses>521000000</misses>
				<total>0</total>
				<timestamp>5851.120114</timestamp>
			</report>
			<report>
				<misses>521100000</misses>
				<total>0</total>
				<timestamp>5852.225756</timestamp>
			</report>
			<report>
				<misses>521200000</misses>
				<total>0</total>
				<timestamp>5853.360679</timestamp>
			</report>
			<report>
				<misses>521300000</misses>
				<total>0</total>
				<timestamp>5854.503616</timestamp>
			</report>
			<report>
				<misses>521400000</misses>
				<total>0</total>
				<timestamp>5855.651914</timestamp>
			</report>
			<report>
				<misses>521500000</misses>
				<total>0</total>
				<timestamp>5856.831339</timestamp>
			</report>
			<report>
				<misses>521600000</misses>
				<total>0</total>
				<timestamp>5857.976844</timestamp>
			</report>
			<report>
				<misses>521700000</misses>
				<total>0</total>
				<timestamp>5859.117366</timestamp>
			</report>
			<report>
				<misses>521800000</misses>
				<total>0</total>
				<timestamp>5860.252931</timestamp>
			</report>
			<report>
				<misses>521900000</misses>
				<total>0</total>
				<timestamp>5861.364733</timestamp>
			</report>
			<report>
				<misses>522000000</misses>
				<total>0</total>
				<timestamp>5862.471086</timestamp>
			</report>
			<report>
				<misses>522100000</misses>
				<total>0</total>
				<timestamp>5863.595903</timestamp>
			</report>
			<report>
				<misses>522200000</misses>
				<total>0</total>
				<timestamp>5864.732173</timestamp>
			</report>
			<report>
				<misses>522300000</misses>
				<total>0</total>
				<timestamp>5865.848661</timestamp>
			</report>
			<report>
				<misses>522400000</misses>
				<total>0</total>
				<timestamp>5867.037241</timestamp>
			</report>
			<report>
				<misses>522500000</misses>
				<total>0</total>
				<timestamp>5868.179327</timestamp>
			</report>
			<report>
				<misses>522600000</misses>
				<total>0</total>
				<timestamp>5869.320687</timestamp>
			</report>
			<report>
				<misses>522700000</misses>
				<total>0</total>
				<timestamp>5870.395490</timestamp>
			</report>
			<report>
				<misses>522800000</misses>
				<total>0</total>
				<timestamp>5871.506030</timestamp>
			</report>
			<report>
				<misses>522900000</misses>
				<total>0</total>
				<timestamp>5872.626146</timestamp>
			</report>
			<report>
				<misses>523000000</misses>
				<total>0</total>
				<timestamp>5873.766935</timestamp>
			</report>
			<report>
				<misses>523100000</misses>
				<total>0</total>
				<timestamp>5874.861694</timestamp>
			</report>
			<report>
				<misses>523200000</misses>
				<total>0</total>
				<timestamp>5876.020563</timestamp>
			</report>
			<report>
				<misses>523300000</misses>
				<total>0</total>
				<timestamp>5877.117982</timestamp>
			</report>
			<report>
				<misses>523400000</misses>
				<total>0</total>
				<timestamp>5878.183430</timestamp>
			</report>
			<report>
				<misses>523500000</misses>
				<total>0</total>
				<timestamp>5879.253561</timestamp>
			</report>
			<report>
				<misses>523600000</misses>
				<total>0</total>
				<timestamp>5880.347300</timestamp>
			</report>
			<report>
				<misses>523700000</misses>
				<total>0</total>
				<timestamp>5881.409071</timestamp>
			</report>
			<report>
				<misses>523800000</misses>
				<total>0</total>
				<timestamp>5882.506772</timestamp>
			</report>
			<report>
				<misses>523900000</misses>
				<total>0</total>
				<timestamp>5883.604480</timestamp>
			</report>
			<report>
				<misses>524000000</misses>
				<total>0</total>
				<timestamp>5884.699018</timestamp>
			</report>
			<report>
				<misses>524100000</misses>
				<total>0</total>
				<timestamp>5885.832168</timestamp>
			</report>
			<report>
				<misses>524200000</misses>
				<total>0</total>
				<timestamp>5886.954262</timestamp>
			</report>
			<report>
				<misses>524300000</misses>
				<total>0</total>
				<timestamp>5888.076225</timestamp>
			</report>
			<report>
				<misses>524400000</misses>
				<total>0</total>
				<timestamp>5889.185281</timestamp>
			</report>
			<report>
				<misses>524500000</misses>
				<total>0</total>
				<timestamp>5890.316666</timestamp>
			</report>
			<report>
				<misses>524600000</misses>
				<total>0</total>
				<timestamp>5891.472733</timestamp>
			</report>
			<report>
				<misses>524700000</misses>
				<total>0</total>
				<timestamp>5892.625863</timestamp>
			</report>
			<report>
				<misses>524800000</misses>
				<total>0</total>
				<timestamp>5893.749192</timestamp>
			</report>
			<report>
				<misses>524900000</misses>
				<total>0</total>
				<timestamp>5894.852778</timestamp>
			</report>
			<report>
				<misses>525000000</misses>
				<total>0</total>
				<timestamp>5895.951557</timestamp>
			</report>
			<report>
				<misses>525100000</misses>
				<total>0</total>
				<timestamp>5897.075795</timestamp>
			</report>
			<report>
				<misses>525200000</misses>
				<total>0</total>
				<timestamp>5898.196106</timestamp>
			</report>
			<report>
				<misses>525300000</misses>
				<total>0</total>
				<timestamp>5899.325773</timestamp>
			</report>
			<report>
				<misses>525400000</misses>
				<total>0</total>
				<timestamp>5900.417515</timestamp>
			</report>
			<report>
				<misses>525500000</misses>
				<total>0</total>
				<timestamp>5901.511887</timestamp>
			</report>
			<report>
				<misses>525600000</misses>
				<total>0</total>
				<timestamp>5902.664555</timestamp>
			</report>
			<report>
				<misses>525700000</misses>
				<total>0</total>
				<timestamp>5903.768235</timestamp>
			</report>
			<report>
				<misses>525800000</misses>
				<total>0</total>
				<timestamp>5904.882413</timestamp>
			</report>
			<report>
				<misses>525900000</misses>
				<total>0</total>
				<timestamp>5905.956028</timestamp>
			</report>
			<report>
				<misses>526000000</misses>
				<total>0</total>
				<timestamp>5907.038791</timestamp>
			</report>
			<report>
				<misses>526100000</misses>
				<total>0</total>
				<timestamp>5908.133268</timestamp>
			</report>
			<report>
				<misses>526200000</misses>
				<total>0</total>
				<timestamp>5909.244857</timestamp>
			</report>
			<report>
				<misses>526300000</misses>
				<total>0</total>
				<timestamp>5910.354345</timestamp>
			</report>
			<report>
				<misses>526400000</misses>
				<total>0</total>
				<timestamp>5911.451310</timestamp>
			</report>
			<report>
				<misses>526500000</misses>
				<total>0</total>
				<timestamp>5912.594361</timestamp>
			</report>
			<report>
				<misses>526600000</misses>
				<total>0</total>
				<timestamp>5913.747129</timestamp>
			</report>
			<report>
				<misses>526700000</misses>
				<total>0</total>
				<timestamp>5914.850979</timestamp>
			</report>
			<report>
				<misses>526800000</misses>
				<total>0</total>
				<timestamp>5915.960422</timestamp>
			</report>
			<report>
				<misses>526900000</misses>
				<total>0</total>
				<timestamp>5917.080596</timestamp>
			</report>
			<report>
				<misses>527000000</misses>
				<total>0</total>
				<timestamp>5918.198884</timestamp>
			</report>
			<report>
				<misses>527100000</misses>
				<total>0</total>
				<timestamp>5919.338336</timestamp>
			</report>
			<report>
				<misses>527200000</misses>
				<total>0</total>
				<timestamp>5920.480587</timestamp>
			</report>
			<report>
				<misses>527300000</misses>
				<total>0</total>
				<timestamp>5921.598310</timestamp>
			</report>
			<report>
				<misses>527400000</misses>
				<total>0</total>
				<timestamp>5922.690218</timestamp>
			</report>
			<report>
				<misses>527500000</misses>
				<total>0</total>
				<timestamp>5923.795348</timestamp>
			</report>
			<report>
				<misses>527600000</misses>
				<total>0</total>
				<timestamp>5924.907665</timestamp>
			</report>
			<report>
				<misses>527700000</misses>
				<total>0</total>
				<timestamp>5926.035812</timestamp>
			</report>
			<report>
				<misses>527800000</misses>
				<total>0</total>
				<timestamp>5927.099349</timestamp>
			</report>
			<report>
				<misses>527900000</misses>
				<total>0</total>
				<timestamp>5928.168034</timestamp>
			</report>
			<report>
				<misses>528000000</misses>
				<total>0</total>
				<timestamp>5929.227597</timestamp>
			</report>
			<report>
				<misses>528100000</misses>
				<total>0</total>
				<timestamp>5930.354986</timestamp>
			</report>
			<report>
				<misses>528200000</misses>
				<total>0</total>
				<timestamp>5931.483887</timestamp>
			</report>
			<report>
				<misses>528300000</misses>
				<total>0</total>
				<timestamp>5932.582109</timestamp>
			</report>
			<report>
				<misses>528400000</misses>
				<total>0</total>
				<timestamp>5933.719989</timestamp>
			</report>
			<report>
				<misses>528500000</misses>
				<total>0</total>
				<timestamp>5934.871552</timestamp>
			</report>
			<report>
				<misses>528600000</misses>
				<total>0</total>
				<timestamp>5936.022980</timestamp>
			</report>
			<report>
				<misses>528700000</misses>
				<total>0</total>
				<timestamp>5937.178736</timestamp>
			</report>
			<report>
				<misses>528800000</misses>
				<total>0</total>
				<timestamp>5938.277862</timestamp>
			</report>
			<report>
				<misses>528900000</misses>
				<total>0</total>
				<timestamp>5939.449458</timestamp>
			</report>
			<report>
				<misses>529000000</misses>
				<total>0</total>
				<timestamp>5940.593983</timestamp>
			</report>
			<report>
				<misses>529100000</misses>
				<total>0</total>
				<timestamp>5941.720091</timestamp>
			</report>
			<report>
				<misses>529200000</misses>
				<total>0</total>
				<timestamp>5942.875115</timestamp>
			</report>
			<report>
				<misses>529300000</misses>
				<total>0</total>
				<timestamp>5944.058236</timestamp>
			</report>
			<report>
				<misses>529400000</misses>
				<total>0</total>
				<timestamp>5945.142138</timestamp>
			</report>
			<report>
				<misses>529500000</misses>
				<total>0</total>
				<timestamp>5946.246236</timestamp>
			</report>
			<report>
				<misses>529600000</misses>
				<total>0</total>
				<timestamp>5947.400166</timestamp>
			</report>
			<report>
				<misses>529700000</misses>
				<total>0</total>
				<timestamp>5948.485242</timestamp>
			</report>
			<report>
				<misses>529800000</misses>
				<total>0</total>
				<timestamp>5949.550532</timestamp>
			</report>
			<report>
				<misses>529900000</misses>
				<total>0</total>
				<timestamp>5950.642245</timestamp>
			</report>
			<report>
				<misses>530000000</misses>
				<total>0</total>
				<timestamp>5951.799037</timestamp>
			</report>
			<report>
				<misses>530100000</misses>
				<total>0</total>
				<timestamp>5952.891285</timestamp>
			</report>
			<report>
				<misses>530200000</misses>
				<total>0</total>
				<timestamp>5954.000009</timestamp>
			</report>
			<report>
				<misses>530300000</misses>
				<total>0</total>
				<timestamp>5955.137127</timestamp>
			</report>
			<report>
				<misses>530400000</misses>
				<total>0</total>
				<timestamp>5956.250405</timestamp>
			</report>
			<report>
				<misses>530500000</misses>
				<total>0</total>
				<timestamp>5957.399439</timestamp>
			</report>
			<report>
				<misses>530600000</misses>
				<total>0</total>
				<timestamp>5958.530919</timestamp>
			</report>
			<report>
				<misses>530700000</misses>
				<total>0</total>
				<timestamp>5959.638003</timestamp>
			</report>
			<report>
				<misses>530800000</misses>
				<total>0</total>
				<timestamp>5960.758455</timestamp>
			</report>
			<report>
				<misses>530900000</misses>
				<total>0</total>
				<timestamp>5961.891419</timestamp>
			</report>
			<report>
				<misses>531000000</misses>
				<total>0</total>
				<timestamp>5963.011596</timestamp>
			</report>
			<report>
				<misses>531100000</misses>
				<total>0</total>
				<timestamp>5964.123934</timestamp>
			</report>
			<report>
				<misses>531200000</misses>
				<total>0</total>
				<timestamp>5965.196174</timestamp>
			</report>
			<report>
				<misses>531300000</misses>
				<total>0</total>
				<timestamp>5966.288646</timestamp>
			</report>
			<report>
				<misses>531400000</misses>
				<total>0</total>
				<timestamp>5967.373494</timestamp>
			</report>
			<report>
				<misses>531500000</misses>
				<total>0</total>
				<timestamp>5968.500946</timestamp>
			</report>
			<report>
				<misses>531600000</misses>
				<total>0</total>
				<timestamp>5969.631373</timestamp>
			</report>
			<report>
				<misses>531700000</misses>
				<total>0</total>
				<timestamp>5970.777760</timestamp>
			</report>
			<report>
				<misses>531800000</misses>
				<total>0</total>
				<timestamp>5971.964432</timestamp>
			</report>
			<report>
				<misses>531900000</misses>
				<total>0</total>
				<timestamp>5973.110359</timestamp>
			</report>
			<report>
				<misses>532000000</misses>
				<total>0</total>
				<timestamp>5974.289799</timestamp>
			</report>
			<report>
				<misses>532100000</misses>
				<total>0</total>
				<timestamp>5975.427783</timestamp>
			</report>
			<report>
				<misses>532200000</misses>
				<total>0</total>
				<timestamp>5976.551313</timestamp>
			</report>
			<report>
				<misses>532300000</misses>
				<total>0</total>
				<timestamp>5977.742861</timestamp>
			</report>
			<report>
				<misses>532400000</misses>
				<total>0</total>
				<timestamp>5978.898579</timestamp>
			</report>
			<report>
				<misses>532500000</misses>
				<total>0</total>
				<timestamp>5980.018271</timestamp>
			</report>
			<report>
				<misses>532600000</misses>
				<total>0</total>
				<timestamp>5981.124027</timestamp>
			</report>
			<report>
				<misses>532700000</misses>
				<total>0</total>
				<timestamp>5982.252805</timestamp>
			</report>
			<report>
				<misses>532800000</misses>
				<total>0</total>
				<timestamp>5983.394920</timestamp>
			</report>
			<report>
				<misses>532900000</misses>
				<total>0</total>
				<timestamp>5984.485044</timestamp>
			</report>
			<report>
				<misses>533000000</misses>
				<total>0</total>
				<timestamp>5985.548246</timestamp>
			</report>
			<report>
				<misses>533100000</misses>
				<total>0</total>
				<timestamp>5986.652411</timestamp>
			</report>
			<report>
				<misses>533200000</misses>
				<total>0</total>
				<timestamp>5987.750569</timestamp>
			</report>
			<report>
				<misses>533300000</misses>
				<total>0</total>
				<timestamp>5988.908133</timestamp>
			</report>
			<report>
				<misses>533400000</misses>
				<total>0</total>
				<timestamp>5990.044946</timestamp>
			</report>
			<report>
				<misses>533500000</misses>
				<total>0</total>
				<timestamp>5991.189526</timestamp>
			</report>
			<report>
				<misses>533600000</misses>
				<total>0</total>
				<timestamp>5992.370270</timestamp>
			</report>
			<report>
				<misses>533700000</misses>
				<total>0</total>
				<timestamp>5993.503736</timestamp>
			</report>
			<report>
				<misses>533800000</misses>
				<total>0</total>
				<timestamp>5994.666770</timestamp>
			</report>
			<report>
				<misses>533900000</misses>
				<total>0</total>
				<timestamp>5995.778819</timestamp>
			</report>
			<report>
				<misses>534000000</misses>
				<total>0</total>
				<timestamp>5996.950457</timestamp>
			</report>
			<report>
				<misses>534100000</misses>
				<total>0</total>
				<timestamp>5998.067614</timestamp>
			</report>
			<report>
				<misses>534200000</misses>
				<total>0</total>
				<timestamp>5999.193046</timestamp>
			</report>
			<report>
				<misses>534300000</misses>
				<total>0</total>
				<timestamp>6000.273050</timestamp>
			</report>
			<report>
				<misses>534400000</misses>
				<total>0</total>
				<timestamp>6001.334200</timestamp>
			</report>
			<report>
				<misses>534500000</misses>
				<total>0</total>
				<timestamp>6002.413805</timestamp>
			</report>
			<report>
				<misses>534600000</misses>
				<total>0</total>
				<timestamp>6003.476576</timestamp>
			</report>
			<report>
				<misses>534700000</misses>
				<total>0</total>
				<timestamp>6004.581192</timestamp>
			</report>
			<report>
				<misses>534800000</misses>
				<total>0</total>
				<timestamp>6005.717380</timestamp>
			</report>
			<report>
				<misses>534900000</misses>
				<total>0</total>
				<timestamp>6006.879263</timestamp>
			</report>
			<report>
				<misses>535000000</misses>
				<total>0</total>
				<timestamp>6008.090954</timestamp>
			</report>
			<report>
				<misses>535100000</misses>
				<total>0</total>
				<timestamp>6009.264195</timestamp>
			</report>
			<report>
				<misses>535200000</misses>
				<total>0</total>
				<timestamp>6010.437355</timestamp>
			</report>
			<report>
				<misses>535300000</misses>
				<total>0</total>
				<timestamp>6011.599121</timestamp>
			</report>
			<report>
				<misses>535400000</misses>
				<total>0</total>
				<timestamp>6012.753938</timestamp>
			</report>
			<report>
				<misses>535500000</misses>
				<total>0</total>
				<timestamp>6013.902478</timestamp>
			</report>
			<report>
				<misses>535600000</misses>
				<total>0</total>
				<timestamp>6015.063331</timestamp>
			</report>
			<report>
				<misses>535700000</misses>
				<total>0</total>
				<timestamp>6016.206712</timestamp>
			</report>
			<report>
				<misses>535800000</misses>
				<total>0</total>
				<timestamp>6017.305511</timestamp>
			</report>
			<report>
				<misses>535900000</misses>
				<total>0</total>
				<timestamp>6018.439179</timestamp>
			</report>
			<report>
				<misses>536000000</misses>
				<total>0</total>
				<timestamp>6019.614336</timestamp>
			</report>
			<report>
				<misses>536100000</misses>
				<total>0</total>
				<timestamp>6020.745162</timestamp>
			</report>
			<report>
				<misses>536200000</misses>
				<total>0</total>
				<timestamp>6021.827661</timestamp>
			</report>
			<report>
				<misses>536300000</misses>
				<total>0</total>
				<timestamp>6022.900825</timestamp>
			</report>
			<report>
				<misses>536400000</misses>
				<total>0</total>
				<timestamp>6023.996291</timestamp>
			</report>
			<report>
				<misses>536500000</misses>
				<total>0</total>
				<timestamp>6025.080238</timestamp>
			</report>
			<report>
				<misses>536600000</misses>
				<total>0</total>
				<timestamp>6026.131130</timestamp>
			</report>
			<report>
				<misses>536700000</misses>
				<total>0</total>
				<timestamp>6027.266044</timestamp>
			</report>
			<report>
				<misses>536800000</misses>
				<total>0</total>
				<timestamp>6028.350774</timestamp>
			</report>
			<report>
				<misses>536900000</misses>
				<total>0</total>
				<timestamp>6029.494323</timestamp>
			</report>
			<report>
				<misses>537000000</misses>
				<total>0</total>
				<timestamp>6030.681171</timestamp>
			</report>
			<report>
				<misses>537100000</misses>
				<total>0</total>
				<timestamp>6031.783909</timestamp>
			</report>
			<report>
				<misses>537200000</misses>
				<total>0</total>
				<timestamp>6032.916393</timestamp>
			</report>
			<report>
				<misses>537300000</misses>
				<total>0</total>
				<timestamp>6034.072011</timestamp>
			</report>
			<report>
				<misses>537400000</misses>
				<total>0</total>
				<timestamp>6035.227503</timestamp>
			</report>
			<report>
				<misses>537500000</misses>
				<total>0</total>
				<timestamp>6036.326699</timestamp>
			</report>
			<report>
				<misses>537600000</misses>
				<total>0</total>
				<timestamp>6037.456187</timestamp>
			</report>
			<report>
				<misses>537700000</misses>
				<total>0</total>
				<timestamp>6038.557592</timestamp>
			</report>
			<report>
				<misses>537800000</misses>
				<total>0</total>
				<timestamp>6039.671850</timestamp>
			</report>
			<report>
				<misses>537900000</misses>
				<total>0</total>
				<timestamp>6040.760519</timestamp>
			</report>
			<report>
				<misses>538000000</misses>
				<total>0</total>
				<timestamp>6041.842505</timestamp>
			</report>
			<report>
				<misses>538100000</misses>
				<total>0</total>
				<timestamp>6042.926879</timestamp>
			</report>
			<report>
				<misses>538200000</misses>
				<total>0</total>
				<timestamp>6043.993988</timestamp>
			</report>
			<report>
				<misses>538300000</misses>
				<total>0</total>
				<timestamp>6045.050022</timestamp>
			</report>
			<report>
				<misses>538400000</misses>
				<total>0</total>
				<timestamp>6046.155660</timestamp>
			</report>
			<report>
				<misses>538500000</misses>
				<total>0</total>
				<timestamp>6047.283168</timestamp>
			</report>
			<report>
				<misses>538600000</misses>
				<total>0</total>
				<timestamp>6048.426970</timestamp>
			</report>
			<report>
				<misses>538700000</misses>
				<total>0</total>
				<timestamp>6049.542561</timestamp>
			</report>
			<report>
				<misses>538800000</misses>
				<total>0</total>
				<timestamp>6050.656977</timestamp>
			</report>
			<report>
				<misses>538900000</misses>
				<total>0</total>
				<timestamp>6051.813763</timestamp>
			</report>
			<report>
				<misses>539000000</misses>
				<total>0</total>
				<timestamp>6052.894346</timestamp>
			</report>
			<report>
				<misses>539100000</misses>
				<total>0</total>
				<timestamp>6054.060161</timestamp>
			</report>
			<report>
				<misses>539200000</misses>
				<total>0</total>
				<timestamp>6055.196125</timestamp>
			</report>
			<report>
				<misses>539300000</misses>
				<total>0</total>
				<timestamp>6056.268860</timestamp>
			</report>
			<report>
				<misses>539400000</misses>
				<total>0</total>
				<timestamp>6057.407895</timestamp>
			</report>
			<report>
				<misses>539500000</misses>
				<total>0</total>
				<timestamp>6058.542036</timestamp>
			</report>
			<report>
				<misses>539600000</misses>
				<total>0</total>
				<timestamp>6059.606469</timestamp>
			</report>
			<report>
				<misses>539700000</misses>
				<total>0</total>
				<timestamp>6060.696163</timestamp>
			</report>
			<report>
				<misses>539800000</misses>
				<total>0</total>
				<timestamp>6061.782900</timestamp>
			</report>
			<report>
				<misses>539900000</misses>
				<total>0</total>
				<timestamp>6062.885376</timestamp>
			</report>
			<report>
				<misses>540000000</misses>
				<total>0</total>
				<timestamp>6063.970767</timestamp>
			</report>
			<report>
				<misses>540100000</misses>
				<total>0</total>
				<timestamp>6065.083973</timestamp>
			</report>
			<report>
				<misses>540200000</misses>
				<total>0</total>
				<timestamp>6066.235117</timestamp>
			</report>
			<report>
				<misses>540300000</misses>
				<total>0</total>
				<timestamp>6067.352764</timestamp>
			</report>
			<report>
				<misses>540400000</misses>
				<total>0</total>
				<timestamp>6068.477318</timestamp>
			</report>
			<report>
				<misses>540500000</misses>
				<total>0</total>
				<timestamp>6069.591641</timestamp>
			</report>
			<report>
				<misses>540600000</misses>
				<total>0</total>
				<timestamp>6070.688472</timestamp>
			</report>
			<report>
				<misses>540700000</misses>
				<total>0</total>
				<timestamp>6071.784872</timestamp>
			</report>
			<report>
				<misses>540800000</misses>
				<total>0</total>
				<timestamp>6072.926834</timestamp>
			</report>
			<report>
				<misses>540900000</misses>
				<total>0</total>
				<timestamp>6074.072275</timestamp>
			</report>
			<report>
				<misses>541000000</misses>
				<total>0</total>
				<timestamp>6075.161117</timestamp>
			</report>
			<report>
				<misses>541100000</misses>
				<total>0</total>
				<timestamp>6076.223353</timestamp>
			</report>
			<report>
				<misses>541200000</misses>
				<total>0</total>
				<timestamp>6077.296467</timestamp>
			</report>
			<report>
				<misses>541300000</misses>
				<total>0</total>
				<timestamp>6078.371595</timestamp>
			</report>
			<report>
				<misses>541400000</misses>
				<total>0</total>
				<timestamp>6079.423378</timestamp>
			</report>
			<report>
				<misses>541500000</misses>
				<total>0</total>
				<timestamp>6080.506890</timestamp>
			</report>
			<report>
				<misses>541600000</misses>
				<total>0</total>
				<timestamp>6081.609244</timestamp>
			</report>
			<report>
				<misses>541700000</misses>
				<total>0</total>
				<timestamp>6082.731478</timestamp>
			</report>
			<report>
				<misses>541800000</misses>
				<total>0</total>
				<timestamp>6083.852038</timestamp>
			</report>
			<report>
				<misses>541900000</misses>
				<total>0</total>
				<timestamp>6084.977217</timestamp>
			</report>
			<report>
				<misses>542000000</misses>
				<total>0</total>
				<timestamp>6086.100575</timestamp>
			</report>
			<report>
				<misses>542100000</misses>
				<total>0</total>
				<timestamp>6087.228744</timestamp>
			</report>
			<report>
				<misses>542200000</misses>
				<total>0</total>
				<timestamp>6088.343521</timestamp>
			</report>
			<report>
				<misses>542300000</misses>
				<total>0</total>
				<timestamp>6089.449515</timestamp>
			</report>
			<report>
				<misses>542400000</misses>
				<total>0</total>
				<timestamp>6090.550196</timestamp>
			</report>
			<report>
				<misses>542500000</misses>
				<total>0</total>
				<timestamp>6091.675675</timestamp>
			</report>
			<report>
				<misses>542600000</misses>
				<total>0</total>
				<timestamp>6092.767923</timestamp>
			</report>
			<report>
				<misses>542700000</misses>
				<total>0</total>
				<timestamp>6093.935462</timestamp>
			</report>
			<report>
				<misses>542800000</misses>
				<total>0</total>
				<timestamp>6094.999334</timestamp>
			</report>
			<report>
				<misses>542900000</misses>
				<total>0</total>
				<timestamp>6096.098399</timestamp>
			</report>
			<report>
				<misses>543000000</misses>
				<total>0</total>
				<timestamp>6097.195454</timestamp>
			</report>
			<report>
				<misses>543100000</misses>
				<total>0</total>
				<timestamp>6098.311056</timestamp>
			</report>
			<report>
				<misses>543200000</misses>
				<total>0</total>
				<timestamp>6099.442363</timestamp>
			</report>
			<report>
				<misses>543300000</misses>
				<total>0</total>
				<timestamp>6100.547259</timestamp>
			</report>
			<report>
				<misses>543400000</misses>
				<total>0</total>
				<timestamp>6101.677685</timestamp>
			</report>
			<report>
				<misses>543500000</misses>
				<total>0</total>
				<timestamp>6102.827841</timestamp>
			</report>
			<report>
				<misses>543600000</misses>
				<total>0</total>
				<timestamp>6103.976950</timestamp>
			</report>
			<report>
				<misses>543700000</misses>
				<total>0</total>
				<timestamp>6105.137331</timestamp>
			</report>
			<report>
				<misses>543800000</misses>
				<total>0</total>
				<timestamp>6106.247406</timestamp>
			</report>
			<report>
				<misses>543900000</misses>
				<total>0</total>
				<timestamp>6107.390075</timestamp>
			</report>
			<report>
				<misses>544000000</misses>
				<total>0</total>
				<timestamp>6108.513113</timestamp>
			</report>
			<report>
				<misses>544100000</misses>
				<total>0</total>
				<timestamp>6109.610011</timestamp>
			</report>
			<report>
				<misses>544200000</misses>
				<total>0</total>
				<timestamp>6110.692548</timestamp>
			</report>
			<report>
				<misses>544300000</misses>
				<total>0</total>
				<timestamp>6111.851809</timestamp>
			</report>
			<report>
				<misses>544400000</misses>
				<total>0</total>
				<timestamp>6112.934597</timestamp>
			</report>
			<report>
				<misses>544500000</misses>
				<total>0</total>
				<timestamp>6114.005959</timestamp>
			</report>
			<report>
				<misses>544600000</misses>
				<total>0</total>
				<timestamp>6115.138816</timestamp>
			</report>
			<report>
				<misses>544700000</misses>
				<total>0</total>
				<timestamp>6116.211669</timestamp>
			</report>
			<report>
				<misses>544800000</misses>
				<total>0</total>
				<timestamp>6117.284322</timestamp>
			</report>
			<report>
				<misses>544900000</misses>
				<total>0</total>
				<timestamp>6118.425724</timestamp>
			</report>
			<report>
				<misses>545000000</misses>
				<total>0</total>
				<timestamp>6119.565885</timestamp>
			</report>
			<report>
				<misses>545100000</misses>
				<total>0</total>
				<timestamp>6120.725373</timestamp>
			</report>
			<report>
				<misses>545200000</misses>
				<total>0</total>
				<timestamp>6121.862866</timestamp>
			</report>
			<report>
				<misses>545300000</misses>
				<total>0</total>
				<timestamp>6122.940102</timestamp>
			</report>
			<report>
				<misses>545400000</misses>
				<total>0</total>
				<timestamp>6124.066614</timestamp>
			</report>
			<report>
				<misses>545500000</misses>
				<total>0</total>
				<timestamp>6125.193748</timestamp>
			</report>
			<report>
				<misses>545600000</misses>
				<total>0</total>
				<timestamp>6126.295450</timestamp>
			</report>
			<report>
				<misses>545700000</misses>
				<total>0</total>
				<timestamp>6127.469442</timestamp>
			</report>
			<report>
				<misses>545800000</misses>
				<total>0</total>
				<timestamp>6128.611752</timestamp>
			</report>
			<report>
				<misses>545900000</misses>
				<total>0</total>
				<timestamp>6129.738623</timestamp>
			</report>
			<report>
				<misses>546000000</misses>
				<total>0</total>
				<timestamp>6130.879033</timestamp>
			</report>
			<report>
				<misses>546100000</misses>
				<total>0</total>
				<timestamp>6131.994319</timestamp>
			</report>
			<report>
				<misses>546200000</misses>
				<total>0</total>
				<timestamp>6133.125930</timestamp>
			</report>
			<report>
				<misses>546300000</misses>
				<total>0</total>
				<timestamp>6134.274924</timestamp>
			</report>
			<report>
				<misses>546400000</misses>
				<total>0</total>
				<timestamp>6135.404199</timestamp>
			</report>
			<report>
				<misses>546500000</misses>
				<total>0</total>
				<timestamp>6136.517199</timestamp>
			</report>
			<report>
				<misses>546600000</misses>
				<total>0</total>
				<timestamp>6137.612788</timestamp>
			</report>
			<report>
				<misses>546700000</misses>
				<total>0</total>
				<timestamp>6138.764947</timestamp>
			</report>
			<report>
				<misses>546800000</misses>
				<total>0</total>
				<timestamp>6139.907511</timestamp>
			</report>
			<report>
				<misses>546900000</misses>
				<total>0</total>
				<timestamp>6141.056382</timestamp>
			</report>
			<report>
				<misses>547000000</misses>
				<total>0</total>
				<timestamp>6142.200392</timestamp>
			</report>
			<report>
				<misses>547100000</misses>
				<total>0</total>
				<timestamp>6143.297123</timestamp>
			</report>
			<report>
				<misses>547200000</misses>
				<total>0</total>
				<timestamp>6144.471796</timestamp>
			</report>
			<report>
				<misses>547300000</misses>
				<total>0</total>
				<timestamp>6145.632821</timestamp>
			</report>
			<report>
				<misses>547400000</misses>
				<total>0</total>
				<timestamp>6146.775743</timestamp>
			</report>
			<report>
				<misses>547500000</misses>
				<total>0</total>
				<timestamp>6147.887943</timestamp>
			</report>
			<report>
				<misses>547600000</misses>
				<total>0</total>
				<timestamp>6148.980429</timestamp>
			</report>
			<report>
				<misses>547700000</misses>
				<total>0</total>
				<timestamp>6150.078202</timestamp>
			</report>
			<report>
				<misses>547800000</misses>
				<total>0</total>
				<timestamp>6151.170176</timestamp>
			</report>
			<report>
				<misses>547900000</misses>
				<total>0</total>
				<timestamp>6152.237541</timestamp>
			</report>
			<report>
				<misses>548000000</misses>
				<total>0</total>
				<timestamp>6153.311802</timestamp>
			</report>
			<report>
				<misses>548100000</misses>
				<total>0</total>
				<timestamp>6154.452345</timestamp>
			</report>
			<report>
				<misses>548200000</misses>
				<total>0</total>
				<timestamp>6155.612670</timestamp>
			</report>
			<report>
				<misses>548300000</misses>
				<total>0</total>
				<timestamp>6156.783658</timestamp>
			</report>
			<report>
				<misses>548400000</misses>
				<total>0</total>
				<timestamp>6157.931784</timestamp>
			</report>
			<report>
				<misses>548500000</misses>
				<total>0</total>
				<timestamp>6159.042734</timestamp>
			</report>
			<report>
				<misses>548600000</misses>
				<total>0</total>
				<timestamp>6160.224942</timestamp>
			</report>
			<report>
				<misses>548700000</misses>
				<total>0</total>
				<timestamp>6161.359800</timestamp>
			</report>
			<report>
				<misses>548800000</misses>
				<total>0</total>
				<timestamp>6162.512854</timestamp>
			</report>
			<report>
				<misses>548900000</misses>
				<total>0</total>
				<timestamp>6163.642937</timestamp>
			</report>
			<report>
				<misses>549000000</misses>
				<total>0</total>
				<timestamp>6164.804963</timestamp>
			</report>
			<report>
				<misses>549100000</misses>
				<total>0</total>
				<timestamp>6165.868137</timestamp>
			</report>
			<report>
				<misses>549200000</misses>
				<total>0</total>
				<timestamp>6166.977721</timestamp>
			</report>
			<report>
				<misses>549300000</misses>
				<total>0</total>
				<timestamp>6168.093185</timestamp>
			</report>
			<report>
				<misses>549400000</misses>
				<total>0</total>
				<timestamp>6169.217096</timestamp>
			</report>
			<report>
				<misses>549500000</misses>
				<total>0</total>
				<timestamp>6170.294445</timestamp>
			</report>
			<report>
				<misses>549600000</misses>
				<total>0</total>
				<timestamp>6171.425349</timestamp>
			</report>
			<report>
				<misses>549700000</misses>
				<total>0</total>
				<timestamp>6172.532134</timestamp>
			</report>
			<report>
				<misses>549800000</misses>
				<total>0</total>
				<timestamp>6173.654730</timestamp>
			</report>
			<report>
				<misses>549900000</misses>
				<total>0</total>
				<timestamp>6174.832988</timestamp>
			</report>
			<report>
				<misses>550000000</misses>
				<total>0</total>
				<timestamp>6176.002739</timestamp>
			</report>
			<report>
				<misses>550100000</misses>
				<total>0</total>
				<timestamp>6177.170842</timestamp>
			</report>
			<report>
				<misses>550200000</misses>
				<total>0</total>
				<timestamp>6178.317998</timestamp>
			</report>
			<report>
				<misses>550300000</misses>
				<total>0</total>
				<timestamp>6179.453405</timestamp>
			</report>
			<report>
				<misses>550400000</misses>
				<total>0</total>
				<timestamp>6180.597366</timestamp>
			</report>
			<report>
				<misses>550500000</misses>
				<total>0</total>
				<timestamp>6181.754119</timestamp>
			</report>
			<report>
				<misses>550600000</misses>
				<total>0</total>
				<timestamp>6182.918300</timestamp>
			</report>
			<report>
				<misses>550700000</misses>
				<total>0</total>
				<timestamp>6184.073010</timestamp>
			</report>
			<report>
				<misses>550800000</misses>
				<total>0</total>
				<timestamp>6185.180485</timestamp>
			</report>
			<report>
				<misses>550900000</misses>
				<total>0</total>
				<timestamp>6186.246621</timestamp>
			</report>
			<report>
				<misses>551000000</misses>
				<total>0</total>
				<timestamp>6187.315649</timestamp>
			</report>
			<report>
				<misses>551100000</misses>
				<total>0</total>
				<timestamp>6188.466667</timestamp>
			</report>
			<report>
				<misses>551200000</misses>
				<total>0</total>
				<timestamp>6189.536776</timestamp>
			</report>
			<report>
				<misses>551300000</misses>
				<total>0</total>
				<timestamp>6190.610864</timestamp>
			</report>
			<report>
				<misses>551400000</misses>
				<total>0</total>
				<timestamp>6191.737183</timestamp>
			</report>
			<report>
				<misses>551500000</misses>
				<total>0</total>
				<timestamp>6192.873715</timestamp>
			</report>
			<report>
				<misses>551600000</misses>
				<total>0</total>
				<timestamp>6193.976277</timestamp>
			</report>
			<report>
				<misses>551700000</misses>
				<total>0</total>
				<timestamp>6195.104738</timestamp>
			</report>
			<report>
				<misses>551800000</misses>
				<total>0</total>
				<timestamp>6196.182951</timestamp>
			</report>
			<report>
				<misses>551900000</misses>
				<total>0</total>
				<timestamp>6197.349956</timestamp>
			</report>
			<report>
				<misses>552000000</misses>
				<total>0</total>
				<timestamp>6198.451159</timestamp>
			</report>
			<report>
				<misses>552100000</misses>
				<total>0</total>
				<timestamp>6199.588038</timestamp>
			</report>
			<report>
				<misses>552200000</misses>
				<total>0</total>
				<timestamp>6200.683718</timestamp>
			</report>
			<report>
				<misses>552300000</misses>
				<total>0</total>
				<timestamp>6201.822880</timestamp>
			</report>
			<report>
				<misses>552400000</misses>
				<total>0</total>
				<timestamp>6202.882633</timestamp>
			</report>
			<report>
				<misses>552500000</misses>
				<total>0</total>
				<timestamp>6203.949555</timestamp>
			</report>
			<report>
				<misses>552600000</misses>
				<total>0</total>
				<timestamp>6205.049008</timestamp>
			</report>
			<report>
				<misses>552700000</misses>
				<total>0</total>
				<timestamp>6206.150324</timestamp>
			</report>
			<report>
				<misses>552800000</misses>
				<total>0</total>
				<timestamp>6207.209980</timestamp>
			</report>
			<report>
				<misses>552900000</misses>
				<total>0</total>
				<timestamp>6208.283775</timestamp>
			</report>
			<report>
				<misses>553000000</misses>
				<total>0</total>
				<timestamp>6209.368290</timestamp>
			</report>
			<report>
				<misses>553100000</misses>
				<total>0</total>
				<timestamp>6210.478480</timestamp>
			</report>
			<report>
				<misses>553200000</misses>
				<total>0</total>
				<timestamp>6211.619624</timestamp>
			</report>
			<report>
				<misses>553300000</misses>
				<total>0</total>
				<timestamp>6212.697909</timestamp>
			</report>
			<report>
				<misses>553400000</misses>
				<total>0</total>
				<timestamp>6213.888331</timestamp>
			</report>
			<report>
				<misses>553500000</misses>
				<total>0</total>
				<timestamp>6214.977737</timestamp>
			</report>
			<report>
				<misses>553600000</misses>
				<total>0</total>
				<timestamp>6216.103968</timestamp>
			</report>
			<report>
				<misses>553700000</misses>
				<total>0</total>
				<timestamp>6217.222034</timestamp>
			</report>
			<report>
				<misses>553800000</misses>
				<total>0</total>
				<timestamp>6218.333829</timestamp>
			</report>
			<report>
				<misses>553900000</misses>
				<total>0</total>
				<timestamp>6219.472339</timestamp>
			</report>
			<report>
				<misses>554000000</misses>
				<total>0</total>
				<timestamp>6220.610468</timestamp>
			</report>
			<report>
				<misses>554100000</misses>
				<total>0</total>
				<timestamp>6221.723820</timestamp>
			</report>
			<report>
				<misses>554200000</misses>
				<total>0</total>
				<timestamp>6222.871883</timestamp>
			</report>
			<report>
				<misses>554300000</misses>
				<total>0</total>
				<timestamp>6223.980397</timestamp>
			</report>
			<report>
				<misses>554400000</misses>
				<total>0</total>
				<timestamp>6225.067031</timestamp>
			</report>
			<report>
				<misses>554500000</misses>
				<total>0</total>
				<timestamp>6226.145514</timestamp>
			</report>
			<report>
				<misses>554600000</misses>
				<total>0</total>
				<timestamp>6227.245606</timestamp>
			</report>
			<report>
				<misses>554700000</misses>
				<total>0</total>
				<timestamp>6228.355673</timestamp>
			</report>
			<report>
				<misses>554800000</misses>
				<total>0</total>
				<timestamp>6229.428664</timestamp>
			</report>
			<report>
				<misses>554900000</misses>
				<total>0</total>
				<timestamp>6230.505214</timestamp>
			</report>
			<report>
				<misses>555000000</misses>
				<total>0</total>
				<timestamp>6231.579343</timestamp>
			</report>
			<report>
				<misses>555100000</misses>
				<total>0</total>
				<timestamp>6232.729878</timestamp>
			</report>
			<report>
				<misses>555200000</misses>
				<total>0</total>
				<timestamp>6233.830612</timestamp>
			</report>
			<report>
				<misses>555300000</misses>
				<total>0</total>
				<timestamp>6234.912231</timestamp>
			</report>
			<report>
				<misses>555400000</misses>
				<total>0</total>
				<timestamp>6236.039116</timestamp>
			</report>
			<report>
				<misses>555500000</misses>
				<total>0</total>
				<timestamp>6237.158236</timestamp>
			</report>
			<report>
				<misses>555600000</misses>
				<total>0</total>
				<timestamp>6238.239736</timestamp>
			</report>
			<report>
				<misses>555700000</misses>
				<total>0</total>
				<timestamp>6239.373087</timestamp>
			</report>
			<report>
				<misses>555800000</misses>
				<total>0</total>
				<timestamp>6240.476945</timestamp>
			</report>
			<report>
				<misses>555900000</misses>
				<total>0</total>
				<timestamp>6241.600755</timestamp>
			</report>
			<report>
				<misses>556000000</misses>
				<total>0</total>
				<timestamp>6242.712951</timestamp>
			</report>
			<report>
				<misses>556100000</misses>
				<total>0</total>
				<timestamp>6243.789317</timestamp>
			</report>
			<report>
				<misses>556200000</misses>
				<total>0</total>
				<timestamp>6244.864589</timestamp>
			</report>
			<report>
				<misses>556300000</misses>
				<total>0</total>
				<timestamp>6245.949403</timestamp>
			</report>
			<report>
				<misses>556400000</misses>
				<total>0</total>
				<timestamp>6247.026704</timestamp>
			</report>
			<report>
				<misses>556500000</misses>
				<total>0</total>
				<timestamp>6248.074268</timestamp>
			</report>
			<report>
				<misses>556600000</misses>
				<total>0</total>
				<timestamp>6249.136132</timestamp>
			</report>
			<report>
				<misses>556700000</misses>
				<total>0</total>
				<timestamp>6250.260720</timestamp>
			</report>
			<report>
				<misses>556800000</misses>
				<total>0</total>
				<timestamp>6251.394838</timestamp>
			</report>
			<report>
				<misses>556900000</misses>
				<total>0</total>
				<timestamp>6252.514746</timestamp>
			</report>
			<report>
				<misses>557000000</misses>
				<total>0</total>
				<timestamp>6253.654940</timestamp>
			</report>
			<report>
				<misses>557100000</misses>
				<total>0</total>
				<timestamp>6254.740525</timestamp>
			</report>
			<report>
				<misses>557200000</misses>
				<total>0</total>
				<timestamp>6255.854281</timestamp>
			</report>
			<report>
				<misses>557300000</misses>
				<total>0</total>
				<timestamp>6256.940739</timestamp>
			</report>
			<report>
				<misses>557400000</misses>
				<total>0</total>
				<timestamp>6258.048542</timestamp>
			</report>
			<report>
				<misses>557500000</misses>
				<total>0</total>
				<timestamp>6259.174984</timestamp>
			</report>
			<report>
				<misses>557600000</misses>
				<total>0</total>
				<timestamp>6260.283921</timestamp>
			</report>
			<report>
				<misses>557700000</misses>
				<total>0</total>
				<timestamp>6261.401007</timestamp>
			</report>
			<report>
				<misses>557800000</misses>
				<total>0</total>
				<timestamp>6262.485335</timestamp>
			</report>
			<report>
				<misses>557900000</misses>
				<total>0</total>
				<timestamp>6263.552816</timestamp>
			</report>
			<report>
				<misses>558000000</misses>
				<total>0</total>
				<timestamp>6264.608072</timestamp>
			</report>
			<report>
				<misses>558100000</misses>
				<total>0</total>
				<timestamp>6265.717025</timestamp>
			</report>
			<report>
				<misses>558200000</misses>
				<total>0</total>
				<timestamp>6266.848604</timestamp>
			</report>
			<report>
				<misses>558300000</misses>
				<total>0</total>
				<timestamp>6267.900603</timestamp>
			</report>
			<report>
				<misses>558400000</misses>
				<total>0</total>
				<timestamp>6268.953965</timestamp>
			</report>
			<report>
				<misses>558500000</misses>
				<total>0</total>
				<timestamp>6270.068820</timestamp>
			</report>
			<report>
				<misses>558600000</misses>
				<total>0</total>
				<timestamp>6271.235187</timestamp>
			</report>
			<report>
				<misses>558700000</misses>
				<total>0</total>
				<timestamp>6272.360691</timestamp>
			</report>
			<report>
				<misses>558800000</misses>
				<total>0</total>
				<timestamp>6273.469124</timestamp>
			</report>
			<report>
				<misses>558900000</misses>
				<total>0</total>
				<timestamp>6274.613177</timestamp>
			</report>
			<report>
				<misses>559000000</misses>
				<total>0</total>
				<timestamp>6275.731855</timestamp>
			</report>
			<report>
				<misses>559100000</misses>
				<total>0</total>
				<timestamp>6276.814289</timestamp>
			</report>
			<report>
				<misses>559200000</misses>
				<total>0</total>
				<timestamp>6277.946649</timestamp>
			</report>
			<report>
				<misses>559300000</misses>
				<total>0</total>
				<timestamp>6279.147009</timestamp>
			</report>
			<report>
				<misses>559400000</misses>
				<total>0</total>
				<timestamp>6280.277884</timestamp>
			</report>
			<report>
				<misses>559500000</misses>
				<total>0</total>
				<timestamp>6281.348622</timestamp>
			</report>
			<report>
				<misses>559600000</misses>
				<total>0</total>
				<timestamp>6282.486829</timestamp>
			</report>
			<report>
				<misses>559700000</misses>
				<total>0</total>
				<timestamp>6283.592084</timestamp>
			</report>
			<report>
				<misses>559800000</misses>
				<total>0</total>
				<timestamp>6284.655716</timestamp>
			</report>
			<report>
				<misses>559900000</misses>
				<total>0</total>
				<timestamp>6285.736453</timestamp>
			</report>
			<report>
				<misses>560000000</misses>
				<total>0</total>
				<timestamp>6286.810238</timestamp>
			</report>
			<report>
				<misses>560100000</misses>
				<total>0</total>
				<timestamp>6287.955558</timestamp>
			</report>
			<report>
				<misses>560200000</misses>
				<total>0</total>
				<timestamp>6289.036942</timestamp>
			</report>
			<report>
				<misses>560300000</misses>
				<total>0</total>
				<timestamp>6290.193079</timestamp>
			</report>
			<report>
				<misses>560400000</misses>
				<total>0</total>
				<timestamp>6291.335798</timestamp>
			</report>
			<report>
				<misses>560500000</misses>
				<total>0</total>
				<timestamp>6292.456533</timestamp>
			</report>
			<report>
				<misses>560600000</misses>
				<total>0</total>
				<timestamp>6293.588046</timestamp>
			</report>
			<report>
				<misses>560700000</misses>
				<total>0</total>
				<timestamp>6294.753498</timestamp>
			</report>
			<report>
				<misses>560800000</misses>
				<total>0</total>
				<timestamp>6295.863260</timestamp>
			</report>
			<report>
				<misses>560900000</misses>
				<total>0</total>
				<timestamp>6297.027348</timestamp>
			</report>
			<report>
				<misses>561000000</misses>
				<total>0</total>
				<timestamp>6298.164495</timestamp>
			</report>
			<report>
				<misses>561100000</misses>
				<total>0</total>
				<timestamp>6299.289286</timestamp>
			</report>
			<report>
				<misses>561200000</misses>
				<total>0</total>
				<timestamp>6300.408266</timestamp>
			</report>
			<report>
				<misses>561300000</misses>
				<total>0</total>
				<timestamp>6301.580857</timestamp>
			</report>
			<report>
				<misses>561400000</misses>
				<total>0</total>
				<timestamp>6302.732668</timestamp>
			</report>
			<report>
				<misses>561500000</misses>
				<total>0</total>
				<timestamp>6303.833616</timestamp>
			</report>
			<report>
				<misses>561600000</misses>
				<total>0</total>
				<timestamp>6304.961625</timestamp>
			</report>
			<report>
				<misses>561700000</misses>
				<total>0</total>
				<timestamp>6306.077234</timestamp>
			</report>
			<report>
				<misses>561800000</misses>
				<total>0</total>
				<timestamp>6307.188821</timestamp>
			</report>
			<report>
				<misses>561900000</misses>
				<total>0</total>
				<timestamp>6308.259604</timestamp>
			</report>
			<report>
				<misses>562000000</misses>
				<total>0</total>
				<timestamp>6309.376764</timestamp>
			</report>
			<report>
				<misses>562100000</misses>
				<total>0</total>
				<timestamp>6310.429444</timestamp>
			</report>
			<report>
				<misses>562200000</misses>
				<total>0</total>
				<timestamp>6311.494419</timestamp>
			</report>
			<report>
				<misses>562300000</misses>
				<total>0</total>
				<timestamp>6312.555090</timestamp>
			</report>
			<report>
				<misses>562400000</misses>
				<total>0</total>
				<timestamp>6313.716463</timestamp>
			</report>
			<report>
				<misses>562500000</misses>
				<total>0</total>
				<timestamp>6314.844384</timestamp>
			</report>
			<report>
				<misses>562600000</misses>
				<total>0</total>
				<timestamp>6316.007617</timestamp>
			</report>
			<report>
				<misses>562700000</misses>
				<total>0</total>
				<timestamp>6317.181804</timestamp>
			</report>
			<report>
				<misses>562800000</misses>
				<total>0</total>
				<timestamp>6318.333902</timestamp>
			</report>
			<report>
				<misses>562900000</misses>
				<total>0</total>
				<timestamp>6319.530246</timestamp>
			</report>
			<report>
				<misses>563000000</misses>
				<total>0</total>
				<timestamp>6320.716025</timestamp>
			</report>
			<report>
				<misses>563100000</misses>
				<total>0</total>
				<timestamp>6321.849881</timestamp>
			</report>
			<report>
				<misses>563200000</misses>
				<total>0</total>
				<timestamp>6323.014982</timestamp>
			</report>
			<report>
				<misses>563300000</misses>
				<total>0</total>
				<timestamp>6324.172743</timestamp>
			</report>
			<report>
				<misses>563400000</misses>
				<total>0</total>
				<timestamp>6325.243101</timestamp>
			</report>
			<report>
				<misses>563500000</misses>
				<total>0</total>
				<timestamp>6326.315122</timestamp>
			</report>
			<report>
				<misses>563600000</misses>
				<total>0</total>
				<timestamp>6327.400467</timestamp>
			</report>
			<report>
				<misses>563700000</misses>
				<total>0</total>
				<timestamp>6328.480531</timestamp>
			</report>
			<report>
				<misses>563800000</misses>
				<total>0</total>
				<timestamp>6329.559253</timestamp>
			</report>
			<report>
				<misses>563900000</misses>
				<total>0</total>
				<timestamp>6330.733287</timestamp>
			</report>
			<report>
				<misses>564000000</misses>
				<total>0</total>
				<timestamp>6331.852418</timestamp>
			</report>
			<report>
				<misses>564100000</misses>
				<total>0</total>
				<timestamp>6333.034231</timestamp>
			</report>
			<report>
				<misses>564200000</misses>
				<total>0</total>
				<timestamp>6334.174089</timestamp>
			</report>
			<report>
				<misses>564300000</misses>
				<total>0</total>
				<timestamp>6335.325738</timestamp>
			</report>
			<report>
				<misses>564400000</misses>
				<total>0</total>
				<timestamp>6336.467868</timestamp>
			</report>
			<report>
				<misses>564500000</misses>
				<total>0</total>
				<timestamp>6337.620642</timestamp>
			</report>
			<report>
				<misses>564600000</misses>
				<total>0</total>
				<timestamp>6338.824481</timestamp>
			</report>
			<report>
				<misses>564700000</misses>
				<total>0</total>
				<timestamp>6339.985043</timestamp>
			</report>
			<report>
				<misses>564800000</misses>
				<total>0</total>
				<timestamp>6341.126909</timestamp>
			</report>
			<report>
				<misses>564900000</misses>
				<total>0</total>
				<timestamp>6342.260115</timestamp>
			</report>
			<report>
				<misses>565000000</misses>
				<total>0</total>
				<timestamp>6343.437565</timestamp>
			</report>
			<report>
				<misses>565100000</misses>
				<total>0</total>
				<timestamp>6344.526043</timestamp>
			</report>
			<report>
				<misses>565200000</misses>
				<total>0</total>
				<timestamp>6345.633921</timestamp>
			</report>
			<report>
				<misses>565300000</misses>
				<total>0</total>
				<timestamp>6346.699913</timestamp>
			</report>
			<report>
				<misses>565400000</misses>
				<total>0</total>
				<timestamp>6347.758369</timestamp>
			</report>
			<report>
				<misses>565500000</misses>
				<total>0</total>
				<timestamp>6348.877776</timestamp>
			</report>
			<report>
				<misses>565600000</misses>
				<total>0</total>
				<timestamp>6349.992639</timestamp>
			</report>
			<report>
				<misses>565700000</misses>
				<total>0</total>
				<timestamp>6351.131112</timestamp>
			</report>
			<report>
				<misses>565800000</misses>
				<total>0</total>
				<timestamp>6352.266662</timestamp>
			</report>
			<report>
				<misses>565900000</misses>
				<total>0</total>
				<timestamp>6353.434114</timestamp>
			</report>
			<report>
				<misses>566000000</misses>
				<total>0</total>
				<timestamp>6354.598789</timestamp>
			</report>
			<report>
				<misses>566100000</misses>
				<total>0</total>
				<timestamp>6355.758641</timestamp>
			</report>
			<report>
				<misses>566200000</misses>
				<total>0</total>
				<timestamp>6356.889774</timestamp>
			</report>
			<report>
				<misses>566300000</misses>
				<total>0</total>
				<timestamp>6358.008838</timestamp>
			</report>
			<report>
				<misses>566400000</misses>
				<total>0</total>
				<timestamp>6359.157694</timestamp>
			</report>
			<report>
				<misses>566500000</misses>
				<total>0</total>
				<timestamp>6360.281152</timestamp>
			</report>
			<report>
				<misses>566600000</misses>
				<total>0</total>
				<timestamp>6361.412856</timestamp>
			</report>
			<report>
				<misses>566700000</misses>
				<total>0</total>
				<timestamp>6362.580611</timestamp>
			</report>
			<report>
				<misses>566800000</misses>
				<total>0</total>
				<timestamp>6363.742388</timestamp>
			</report>
			<report>
				<misses>566900000</misses>
				<total>0</total>
				<timestamp>6364.882779</timestamp>
			</report>
			<report>
				<misses>567000000</misses>
				<total>0</total>
				<timestamp>6365.948594</timestamp>
			</report>
			<report>
				<misses>567100000</misses>
				<total>0</total>
				<timestamp>6367.012597</timestamp>
			</report>
			<report>
				<misses>567200000</misses>
				<total>0</total>
				<timestamp>6368.098369</timestamp>
			</report>
			<report>
				<misses>567300000</misses>
				<total>0</total>
				<timestamp>6369.235814</timestamp>
			</report>
			<report>
				<misses>567400000</misses>
				<total>0</total>
				<timestamp>6370.305181</timestamp>
			</report>
			<report>
				<misses>567500000</misses>
				<total>0</total>
				<timestamp>6371.398135</timestamp>
			</report>
			<report>
				<misses>567600000</misses>
				<total>0</total>
				<timestamp>6372.480503</timestamp>
			</report>
			<report>
				<misses>567700000</misses>
				<total>0</total>
				<timestamp>6373.663708</timestamp>
			</report>
			<report>
				<misses>567800000</misses>
				<total>0</total>
				<timestamp>6374.810434</timestamp>
			</report>
			<report>
				<misses>567900000</misses>
				<total>0</total>
				<timestamp>6375.955652</timestamp>
			</report>
			<report>
				<misses>568000000</misses>
				<total>0</total>
				<timestamp>6377.073935</timestamp>
			</report>
			<report>
				<misses>568100000</misses>
				<total>0</total>
				<timestamp>6378.210811</timestamp>
			</report>
			<report>
				<misses>568200000</misses>
				<total>0</total>
				<timestamp>6379.327050</timestamp>
			</report>
			<report>
				<misses>568300000</misses>
				<total>0</total>
				<timestamp>6380.432445</timestamp>
			</report>
			<report>
				<misses>568400000</misses>
				<total>0</total>
				<timestamp>6381.535643</timestamp>
			</report>
			<report>
				<misses>568500000</misses>
				<total>0</total>
				<timestamp>6382.658218</timestamp>
			</report>
			<report>
				<misses>568600000</misses>
				<total>0</total>
				<timestamp>6383.741044</timestamp>
			</report>
			<report>
				<misses>568700000</misses>
				<total>0</total>
				<timestamp>6384.887264</timestamp>
			</report>
			<report>
				<misses>568800000</misses>
				<total>0</total>
				<timestamp>6385.999129</timestamp>
			</report>
			<report>
				<misses>568900000</misses>
				<total>0</total>
				<timestamp>6387.116936</timestamp>
			</report>
			<report>
				<misses>569000000</misses>
				<total>0</total>
				<timestamp>6388.269611</timestamp>
			</report>
			<report>
				<misses>569100000</misses>
				<total>0</total>
				<timestamp>6389.355781</timestamp>
			</report>
			<report>
				<misses>569200000</misses>
				<total>0</total>
				<timestamp>6390.472793</timestamp>
			</report>
			<report>
				<misses>569300000</misses>
				<total>0</total>
				<timestamp>6391.614790</timestamp>
			</report>
			<report>
				<misses>569400000</misses>
				<total>0</total>
				<timestamp>6392.783678</timestamp>
			</report>
			<report>
				<misses>569500000</misses>
				<total>0</total>
				<timestamp>6393.943334</timestamp>
			</report>
			<report>
				<misses>569600000</misses>
				<total>0</total>
				<timestamp>6395.059915</timestamp>
			</report>
			<report>
				<misses>569700000</misses>
				<total>0</total>
				<timestamp>6396.216142</timestamp>
			</report>
			<report>
				<misses>569800000</misses>
				<total>0</total>
				<timestamp>6397.331418</timestamp>
			</report>
			<report>
				<misses>569900000</misses>
				<total>0</total>
				<timestamp>6398.496935</timestamp>
			</report>
			<report>
				<misses>570000000</misses>
				<total>0</total>
				<timestamp>6399.577298</timestamp>
			</report>
			<report>
				<misses>570100000</misses>
				<total>0</total>
				<timestamp>6400.708530</timestamp>
			</report>
			<report>
				<misses>570200000</misses>
				<total>0</total>
				<timestamp>6401.803788</timestamp>
			</report>
			<report>
				<misses>570300000</misses>
				<total>0</total>
				<timestamp>6402.880652</timestamp>
			</report>
			<report>
				<misses>570400000</misses>
				<total>0</total>
				<timestamp>6403.962105</timestamp>
			</report>
			<report>
				<misses>570500000</misses>
				<total>0</total>
				<timestamp>6405.073322</timestamp>
			</report>
			<report>
				<misses>570600000</misses>
				<total>0</total>
				<timestamp>6406.174969</timestamp>
			</report>
			<report>
				<misses>570700000</misses>
				<total>0</total>
				<timestamp>6407.262254</timestamp>
			</report>
			<report>
				<misses>570800000</misses>
				<total>0</total>
				<timestamp>6408.368478</timestamp>
			</report>
			<report>
				<misses>570900000</misses>
				<total>0</total>
				<timestamp>6409.476787</timestamp>
			</report>
			<report>
				<misses>571000000</misses>
				<total>0</total>
				<timestamp>6410.587619</timestamp>
			</report>
			<report>
				<misses>571100000</misses>
				<total>0</total>
				<timestamp>6411.760953</timestamp>
			</report>
			<report>
				<misses>571200000</misses>
				<total>0</total>
				<timestamp>6412.875507</timestamp>
			</report>
			<report>
				<misses>571300000</misses>
				<total>0</total>
				<timestamp>6414.056406</timestamp>
			</report>
			<report>
				<misses>571400000</misses>
				<total>0</total>
				<timestamp>6415.191163</timestamp>
			</report>
			<report>
				<misses>571500000</misses>
				<total>0</total>
				<timestamp>6416.358248</timestamp>
			</report>
			<report>
				<misses>571600000</misses>
				<total>0</total>
				<timestamp>6417.465360</timestamp>
			</report>
			<report>
				<misses>571700000</misses>
				<total>0</total>
				<timestamp>6418.579992</timestamp>
			</report>
			<report>
				<misses>571800000</misses>
				<total>0</total>
				<timestamp>6419.709197</timestamp>
			</report>
			<report>
				<misses>571900000</misses>
				<total>0</total>
				<timestamp>6420.883885</timestamp>
			</report>
			<report>
				<misses>572000000</misses>
				<total>0</total>
				<timestamp>6422.008238</timestamp>
			</report>
			<report>
				<misses>572100000</misses>
				<total>0</total>
				<timestamp>6423.109707</timestamp>
			</report>
			<report>
				<misses>572200000</misses>
				<total>0</total>
				<timestamp>6424.201665</timestamp>
			</report>
			<report>
				<misses>572300000</misses>
				<total>0</total>
				<timestamp>6425.285433</timestamp>
			</report>
			<report>
				<misses>572400000</misses>
				<total>0</total>
				<timestamp>6426.353386</timestamp>
			</report>
			<report>
				<misses>572500000</misses>
				<total>0</total>
				<timestamp>6427.472023</timestamp>
			</report>
			<report>
				<misses>572600000</misses>
				<total>0</total>
				<timestamp>6428.564567</timestamp>
			</report>
			<report>
				<misses>572700000</misses>
				<total>0</total>
				<timestamp>6429.641884</timestamp>
			</report>
			<report>
				<misses>572800000</misses>
				<total>0</total>
				<timestamp>6430.768005</timestamp>
			</report>
			<report>
				<misses>572900000</misses>
				<total>0</total>
				<timestamp>6431.898240</timestamp>
			</report>
			<report>
				<misses>573000000</misses>
				<total>0</total>
				<timestamp>6433.061034</timestamp>
			</report>
			<report>
				<misses>573100000</misses>
				<total>0</total>
				<timestamp>6434.186481</timestamp>
			</report>
			<report>
				<misses>573200000</misses>
				<total>0</total>
				<timestamp>6435.255658</timestamp>
			</report>
			<report>
				<misses>573300000</misses>
				<total>0</total>
				<timestamp>6436.406746</timestamp>
			</report>
			<report>
				<misses>573400000</misses>
				<total>0</total>
				<timestamp>6437.571881</timestamp>
			</report>
			<report>
				<misses>573500000</misses>
				<total>0</total>
				<timestamp>6438.686062</timestamp>
			</report>
			<report>
				<misses>573600000</misses>
				<total>0</total>
				<timestamp>6439.835505</timestamp>
			</report>
			<report>
				<misses>573700000</misses>
				<total>0</total>
				<timestamp>6440.925304</timestamp>
			</report>
			<report>
				<misses>573800000</misses>
				<total>0</total>
				<timestamp>6442.072275</timestamp>
			</report>
			<report>
				<misses>573900000</misses>
				<total>0</total>
				<timestamp>6443.221768</timestamp>
			</report>
			<report>
				<misses>574000000</misses>
				<total>0</total>
				<timestamp>6444.283142</timestamp>
			</report>
			<report>
				<misses>574100000</misses>
				<total>0</total>
				<timestamp>6445.369668</timestamp>
			</report>
			<report>
				<misses>574200000</misses>
				<total>0</total>
				<timestamp>6446.436860</timestamp>
			</report>
			<report>
				<misses>574300000</misses>
				<total>0</total>
				<timestamp>6447.507268</timestamp>
			</report>
			<report>
				<misses>574400000</misses>
				<total>0</total>
				<timestamp>6448.566871</timestamp>
			</report>
			<report>
				<misses>574500000</misses>
				<total>0</total>
				<timestamp>6449.691910</timestamp>
			</report>
			<report>
				<misses>574600000</misses>
				<total>0</total>
				<timestamp>6450.813998</timestamp>
			</report>
			<report>
				<misses>574700000</misses>
				<total>0</total>
				<timestamp>6451.961984</timestamp>
			</report>
			<report>
				<misses>574800000</misses>
				<total>0</total>
				<timestamp>6453.068609</timestamp>
			</report>
			<report>
				<misses>574900000</misses>
				<total>0</total>
				<timestamp>6454.149723</timestamp>
			</report>
			<report>
				<misses>575000000</misses>
				<total>0</total>
				<timestamp>6455.274198</timestamp>
			</report>
			<report>
				<misses>575100000</misses>
				<total>0</total>
				<timestamp>6456.436331</timestamp>
			</report>
			<report>
				<misses>575200000</misses>
				<total>0</total>
				<timestamp>6457.574353</timestamp>
			</report>
			<report>
				<misses>575300000</misses>
				<total>0</total>
				<timestamp>6458.690322</timestamp>
			</report>
			<report>
				<misses>575400000</misses>
				<total>0</total>
				<timestamp>6459.846517</timestamp>
			</report>
			<report>
				<misses>575500000</misses>
				<total>0</total>
				<timestamp>6460.985293</timestamp>
			</report>
			<report>
				<misses>575600000</misses>
				<total>0</total>
				<timestamp>6462.116362</timestamp>
			</report>
			<report>
				<misses>575700000</misses>
				<total>0</total>
				<timestamp>6463.254937</timestamp>
			</report>
			<report>
				<misses>575800000</misses>
				<total>0</total>
				<timestamp>6464.354617</timestamp>
			</report>
			<report>
				<misses>575900000</misses>
				<total>0</total>
				<timestamp>6465.496542</timestamp>
			</report>
			<report>
				<misses>576000000</misses>
				<total>0</total>
				<timestamp>6466.612513</timestamp>
			</report>
			<report>
				<misses>576100000</misses>
				<total>0</total>
				<timestamp>6467.724203</timestamp>
			</report>
			<report>
				<misses>576200000</misses>
				<total>0</total>
				<timestamp>6468.803650</timestamp>
			</report>
			<report>
				<misses>576300000</misses>
				<total>0</total>
				<timestamp>6469.932022</timestamp>
			</report>
			<report>
				<misses>576400000</misses>
				<total>0</total>
				<timestamp>6471.074710</timestamp>
			</report>
			<report>
				<misses>576500000</misses>
				<total>0</total>
				<timestamp>6472.234119</timestamp>
			</report>
			<report>
				<misses>576600000</misses>
				<total>0</total>
				<timestamp>6473.375726</timestamp>
			</report>
			<report>
				<misses>576700000</misses>
				<total>0</total>
				<timestamp>6474.513975</timestamp>
			</report>
			<report>
				<misses>576800000</misses>
				<total>0</total>
				<timestamp>6475.620261</timestamp>
			</report>
			<report>
				<misses>576900000</misses>
				<total>0</total>
				<timestamp>6476.753537</timestamp>
			</report>
			<report>
				<misses>577000000</misses>
				<total>0</total>
				<timestamp>6477.886459</timestamp>
			</report>
			<report>
				<misses>577100000</misses>
				<total>0</total>
				<timestamp>6479.003447</timestamp>
			</report>
			<report>
				<misses>577200000</misses>
				<total>0</total>
				<timestamp>6480.110198</timestamp>
			</report>
			<report>
				<misses>577300000</misses>
				<total>0</total>
				<timestamp>6481.264929</timestamp>
			</report>
			<report>
				<misses>577400000</misses>
				<total>0</total>
				<timestamp>6482.444514</timestamp>
			</report>
			<report>
				<misses>577500000</misses>
				<total>0</total>
				<timestamp>6483.557472</timestamp>
			</report>
			<report>
				<misses>577600000</misses>
				<total>0</total>
				<timestamp>6484.617368</timestamp>
			</report>
			<report>
				<misses>577700000</misses>
				<total>0</total>
				<timestamp>6485.725377</timestamp>
			</report>
			<report>
				<misses>577800000</misses>
				<total>0</total>
				<timestamp>6486.793537</timestamp>
			</report>
			<report>
				<misses>577900000</misses>
				<total>0</total>
				<timestamp>6487.856503</timestamp>
			</report>
			<report>
				<misses>578000000</misses>
				<total>0</total>
				<timestamp>6488.977058</timestamp>
			</report>
			<report>
				<misses>578100000</misses>
				<total>0</total>
				<timestamp>6490.110871</timestamp>
			</report>
			<report>
				<misses>578200000</misses>
				<total>0</total>
				<timestamp>6491.239773</timestamp>
			</report>
			<report>
				<misses>578300000</misses>
				<total>0</total>
				<timestamp>6492.397170</timestamp>
			</report>
			<report>
				<misses>578400000</misses>
				<total>0</total>
				<timestamp>6493.510797</timestamp>
			</report>
			<report>
				<misses>578500000</misses>
				<total>0</total>
				<timestamp>6494.619831</timestamp>
			</report>
			<report>
				<misses>578600000</misses>
				<total>0</total>
				<timestamp>6495.764001</timestamp>
			</report>
			<report>
				<misses>578700000</misses>
				<total>0</total>
				<timestamp>6496.882059</timestamp>
			</report>
			<report>
				<misses>578800000</misses>
				<total>0</total>
				<timestamp>6498.016369</timestamp>
			</report>
			<report>
				<misses>578900000</misses>
				<total>0</total>
				<timestamp>6499.152835</timestamp>
			</report>
			<report>
				<misses>579000000</misses>
				<total>0</total>
				<timestamp>6500.217517</timestamp>
			</report>
			<report>
				<misses>579100000</misses>
				<total>0</total>
				<timestamp>6501.305590</timestamp>
			</report>
			<report>
				<misses>579200000</misses>
				<total>0</total>
				<timestamp>6502.386686</timestamp>
			</report>
			<report>
				<misses>579300000</misses>
				<total>0</total>
				<timestamp>6503.471966</timestamp>
			</report>
			<report>
				<misses>579400000</misses>
				<total>0</total>
				<timestamp>6504.577302</timestamp>
			</report>
			<report>
				<misses>579500000</misses>
				<total>0</total>
				<timestamp>6505.743271</timestamp>
			</report>
			<report>
				<misses>579600000</misses>
				<total>0</total>
				<timestamp>6506.815561</timestamp>
			</report>
			<report>
				<misses>579700000</misses>
				<total>0</total>
				<timestamp>6507.954685</timestamp>
			</report>
			<report>
				<misses>579800000</misses>
				<total>0</total>
				<timestamp>6509.160839</timestamp>
			</report>
			<report>
				<misses>579900000</misses>
				<total>0</total>
				<timestamp>6510.272479</timestamp>
			</report>
			<report>
				<misses>580000000</misses>
				<total>0</total>
				<timestamp>6511.426873</timestamp>
			</report>
			<report>
				<misses>580100000</misses>
				<total>0</total>
				<timestamp>6512.639968</timestamp>
			</report>
			<report>
				<misses>580200000</misses>
				<total>0</total>
				<timestamp>6513.755102</timestamp>
			</report>
			<report>
				<misses>580300000</misses>
				<total>0</total>
				<timestamp>6514.885990</timestamp>
			</report>
			<report>
				<misses>580400000</misses>
				<total>0</total>
				<timestamp>6516.038339</timestamp>
			</report>
			<report>
				<misses>580500000</misses>
				<total>0</total>
				<timestamp>6517.189184</timestamp>
			</report>
			<report>
				<misses>580600000</misses>
				<total>0</total>
				<timestamp>6518.326959</timestamp>
			</report>
			<report>
				<misses>580700000</misses>
				<total>0</total>
				<timestamp>6519.395111</timestamp>
			</report>
			<report>
				<misses>580800000</misses>
				<total>0</total>
				<timestamp>6520.539062</timestamp>
			</report>
			<report>
				<misses>580900000</misses>
				<total>0</total>
				<timestamp>6521.598649</timestamp>
			</report>
			<report>
				<misses>581000000</misses>
				<total>0</total>
				<timestamp>6522.703637</timestamp>
			</report>
			<report>
				<misses>581100000</misses>
				<total>0</total>
				<timestamp>6523.857556</timestamp>
			</report>
			<report>
				<misses>581200000</misses>
				<total>0</total>
				<timestamp>6524.924609</timestamp>
			</report>
			<report>
				<misses>581300000</misses>
				<total>0</total>
				<timestamp>6526.001315</timestamp>
			</report>
			<report>
				<misses>581400000</misses>
				<total>0</total>
				<timestamp>6527.150729</timestamp>
			</report>
			<report>
				<misses>581500000</misses>
				<total>0</total>
				<timestamp>6528.310448</timestamp>
			</report>
			<report>
				<misses>581600000</misses>
				<total>0</total>
				<timestamp>6529.480676</timestamp>
			</report>
			<report>
				<misses>581700000</misses>
				<total>0</total>
				<timestamp>6530.687501</timestamp>
			</report>
			<report>
				<misses>581800000</misses>
				<total>0</total>
				<timestamp>6531.817035</timestamp>
			</report>
			<report>
				<misses>581900000</misses>
				<total>0</total>
				<timestamp>6532.976412</timestamp>
			</report>
			<report>
				<misses>582000000</misses>
				<total>0</total>
				<timestamp>6534.105213</timestamp>
			</report>
			<report>
				<misses>582100000</misses>
				<total>0</total>
				<timestamp>6535.229209</timestamp>
			</report>
			<report>
				<misses>582200000</misses>
				<total>0</total>
				<timestamp>6536.364606</timestamp>
			</report>
			<report>
				<misses>582300000</misses>
				<total>0</total>
				<timestamp>6537.442816</timestamp>
			</report>
			<report>
				<misses>582400000</misses>
				<total>0</total>
				<timestamp>6538.565298</timestamp>
			</report>
			<report>
				<misses>582500000</misses>
				<total>0</total>
				<timestamp>6539.713214</timestamp>
			</report>
			<report>
				<misses>582600000</misses>
				<total>0</total>
				<timestamp>6540.861577</timestamp>
			</report>
			<report>
				<misses>582700000</misses>
				<total>0</total>
				<timestamp>6542.004514</timestamp>
			</report>
			<report>
				<misses>582800000</misses>
				<total>0</total>
				<timestamp>6543.106679</timestamp>
			</report>
			<report>
				<misses>582900000</misses>
				<total>0</total>
				<timestamp>6544.231074</timestamp>
			</report>
			<report>
				<misses>583000000</misses>
				<total>0</total>
				<timestamp>6545.389014</timestamp>
			</report>
			<report>
				<misses>583100000</misses>
				<total>0</total>
				<timestamp>6546.497488</timestamp>
			</report>
			<report>
				<misses>583200000</misses>
				<total>0</total>
				<timestamp>6547.647044</timestamp>
			</report>
			<report>
				<misses>583300000</misses>
				<total>0</total>
				<timestamp>6548.757369</timestamp>
			</report>
			<report>
				<misses>583400000</misses>
				<total>0</total>
				<timestamp>6549.885227</timestamp>
			</report>
			<report>
				<misses>583500000</misses>
				<total>0</total>
				<timestamp>6551.053707</timestamp>
			</report>
			<report>
				<misses>583600000</misses>
				<total>0</total>
				<timestamp>6552.205242</timestamp>
			</report>
			<report>
				<misses>583700000</misses>
				<total>0</total>
				<timestamp>6553.361152</timestamp>
			</report>
			<report>
				<misses>583800000</misses>
				<total>0</total>
				<timestamp>6554.471974</timestamp>
			</report>
			<report>
				<misses>583900000</misses>
				<total>0</total>
				<timestamp>6555.569585</timestamp>
			</report>
			<report>
				<misses>584000000</misses>
				<total>0</total>
				<timestamp>6556.658450</timestamp>
			</report>
			<report>
				<misses>584100000</misses>
				<total>0</total>
				<timestamp>6557.711796</timestamp>
			</report>
			<report>
				<misses>584200000</misses>
				<total>0</total>
				<timestamp>6558.795612</timestamp>
			</report>
			<report>
				<misses>584300000</misses>
				<total>0</total>
				<timestamp>6559.929805</timestamp>
			</report>
			<report>
				<misses>584400000</misses>
				<total>0</total>
				<timestamp>6561.031470</timestamp>
			</report>
			<report>
				<misses>584500000</misses>
				<total>0</total>
				<timestamp>6562.107270</timestamp>
			</report>
			<report>
				<misses>584600000</misses>
				<total>0</total>
				<timestamp>6563.229614</timestamp>
			</report>
			<report>
				<misses>584700000</misses>
				<total>0</total>
				<timestamp>6564.344486</timestamp>
			</report>
			<report>
				<misses>584800000</misses>
				<total>0</total>
				<timestamp>6565.493392</timestamp>
			</report>
			<report>
				<misses>584900000</misses>
				<total>0</total>
				<timestamp>6566.609185</timestamp>
			</report>
			<report>
				<misses>585000000</misses>
				<total>0</total>
				<timestamp>6567.748689</timestamp>
			</report>
			<report>
				<misses>585100000</misses>
				<total>0</total>
				<timestamp>6568.826019</timestamp>
			</report>
			<report>
				<misses>585200000</misses>
				<total>0</total>
				<timestamp>6569.950621</timestamp>
			</report>
			<report>
				<misses>585300000</misses>
				<total>0</total>
				<timestamp>6571.112313</timestamp>
			</report>
			<report>
				<misses>585400000</misses>
				<total>0</total>
				<timestamp>6572.239141</timestamp>
			</report>
			<report>
				<misses>585500000</misses>
				<total>0</total>
				<timestamp>6573.335204</timestamp>
			</report>
			<report>
				<misses>585600000</misses>
				<total>0</total>
				<timestamp>6574.426347</timestamp>
			</report>
			<report>
				<misses>585700000</misses>
				<total>0</total>
				<timestamp>6575.598014</timestamp>
			</report>
			<report>
				<misses>585800000</misses>
				<total>0</total>
				<timestamp>6576.690142</timestamp>
			</report>
			<report>
				<misses>585900000</misses>
				<total>0</total>
				<timestamp>6577.831127</timestamp>
			</report>
			<report>
				<misses>586000000</misses>
				<total>0</total>
				<timestamp>6578.976931</timestamp>
			</report>
			<report>
				<misses>586100000</misses>
				<total>0</total>
				<timestamp>6580.121660</timestamp>
			</report>
			<report>
				<misses>586200000</misses>
				<total>0</total>
				<timestamp>6581.281909</timestamp>
			</report>
			<report>
				<misses>586300000</misses>
				<total>0</total>
				<timestamp>6582.388769</timestamp>
			</report>
			<report>
				<misses>586400000</misses>
				<total>0</total>
				<timestamp>6583.540447</timestamp>
			</report>
			<report>
				<misses>586500000</misses>
				<total>0</total>
				<timestamp>6584.677807</timestamp>
			</report>
			<report>
				<misses>586600000</misses>
				<total>0</total>
				<timestamp>6585.771691</timestamp>
			</report>
			<report>
				<misses>586700000</misses>
				<total>0</total>
				<timestamp>6586.886420</timestamp>
			</report>
			<report>
				<misses>586800000</misses>
				<total>0</total>
				<timestamp>6588.026540</timestamp>
			</report>
			<report>
				<misses>586900000</misses>
				<total>0</total>
				<timestamp>6589.117137</timestamp>
			</report>
			<report>
				<misses>587000000</misses>
				<total>0</total>
				<timestamp>6590.225390</timestamp>
			</report>
			<report>
				<misses>587100000</misses>
				<total>0</total>
				<timestamp>6591.310343</timestamp>
			</report>
			<report>
				<misses>587200000</misses>
				<total>0</total>
				<timestamp>6592.416985</timestamp>
			</report>
			<report>
				<misses>587300000</misses>
				<total>0</total>
				<timestamp>6593.494326</timestamp>
			</report>
			<report>
				<misses>587400000</misses>
				<total>0</total>
				<timestamp>6594.572670</timestamp>
			</report>
			<report>
				<misses>587500000</misses>
				<total>0</total>
				<timestamp>6595.693775</timestamp>
			</report>
			<report>
				<misses>587600000</misses>
				<total>0</total>
				<timestamp>6596.829384</timestamp>
			</report>
			<report>
				<misses>587700000</misses>
				<total>0</total>
				<timestamp>6597.950468</timestamp>
			</report>
			<report>
				<misses>587800000</misses>
				<total>0</total>
				<timestamp>6599.100660</timestamp>
			</report>
			<report>
				<misses>587900000</misses>
				<total>0</total>
				<timestamp>6600.216209</timestamp>
			</report>
			<report>
				<misses>588000000</misses>
				<total>0</total>
				<timestamp>6601.338328</timestamp>
			</report>
			<report>
				<misses>588100000</misses>
				<total>0</total>
				<timestamp>6602.485173</timestamp>
			</report>
			<report>
				<misses>588200000</misses>
				<total>0</total>
				<timestamp>6603.613562</timestamp>
			</report>
			<report>
				<misses>588300000</misses>
				<total>0</total>
				<timestamp>6604.739812</timestamp>
			</report>
			<report>
				<misses>588400000</misses>
				<total>0</total>
				<timestamp>6605.891116</timestamp>
			</report>
			<report>
				<misses>588500000</misses>
				<total>0</total>
				<timestamp>6606.991034</timestamp>
			</report>
			<report>
				<misses>588600000</misses>
				<total>0</total>
				<timestamp>6608.064318</timestamp>
			</report>
			<report>
				<misses>588700000</misses>
				<total>0</total>
				<timestamp>6609.124465</timestamp>
			</report>
			<report>
				<misses>588800000</misses>
				<total>0</total>
				<timestamp>6610.238410</timestamp>
			</report>
			<report>
				<misses>588900000</misses>
				<total>0</total>
				<timestamp>6611.315367</timestamp>
			</report>
			<report>
				<misses>589000000</misses>
				<total>0</total>
				<timestamp>6612.387818</timestamp>
			</report>
			<report>
				<misses>589100000</misses>
				<total>0</total>
				<timestamp>6613.501170</timestamp>
			</report>
			<report>
				<misses>589200000</misses>
				<total>0</total>
				<timestamp>6614.616714</timestamp>
			</report>
			<report>
				<misses>589300000</misses>
				<total>0</total>
				<timestamp>6615.746987</timestamp>
			</report>
			<report>
				<misses>589400000</misses>
				<total>0</total>
				<timestamp>6616.839593</timestamp>
			</report>
			<report>
				<misses>589500000</misses>
				<total>0</total>
				<timestamp>6617.947526</timestamp>
			</report>
			<report>
				<misses>589600000</misses>
				<total>0</total>
				<timestamp>6619.096959</timestamp>
			</report>
			<report>
				<misses>589700000</misses>
				<total>0</total>
				<timestamp>6620.238065</timestamp>
			</report>
			<report>
				<misses>589800000</misses>
				<total>0</total>
				<timestamp>6621.345408</timestamp>
			</report>
			<report>
				<misses>589900000</misses>
				<total>0</total>
				<timestamp>6622.487140</timestamp>
			</report>
			<report>
				<misses>590000000</misses>
				<total>0</total>
				<timestamp>6623.624887</timestamp>
			</report>
			<report>
				<misses>590100000</misses>
				<total>0</total>
				<timestamp>6624.783177</timestamp>
			</report>
			<report>
				<misses>590200000</misses>
				<total>0</total>
				<timestamp>6625.969094</timestamp>
			</report>
			<report>
				<misses>590300000</misses>
				<total>0</total>
				<timestamp>6627.125443</timestamp>
			</report>
			<report>
				<misses>590400000</misses>
				<total>0</total>
				<timestamp>6628.226610</timestamp>
			</report>
			<report>
				<misses>590500000</misses>
				<total>0</total>
				<timestamp>6629.290900</timestamp>
			</report>
			<report>
				<misses>590600000</misses>
				<total>0</total>
				<timestamp>6630.424117</timestamp>
			</report>
			<report>
				<misses>590700000</misses>
				<total>0</total>
				<timestamp>6631.482925</timestamp>
			</report>
			<report>
				<misses>590800000</misses>
				<total>0</total>
				<timestamp>6632.595029</timestamp>
			</report>
			<report>
				<misses>590900000</misses>
				<total>0</total>
				<timestamp>6633.664212</timestamp>
			</report>
			<report>
				<misses>591000000</misses>
				<total>0</total>
				<timestamp>6634.746702</timestamp>
			</report>
			<report>
				<misses>591100000</misses>
				<total>0</total>
				<timestamp>6635.848778</timestamp>
			</report>
			<report>
				<misses>591200000</misses>
				<total>0</total>
				<timestamp>6637.004885</timestamp>
			</report>
			<report>
				<misses>591300000</misses>
				<total>0</total>
				<timestamp>6638.151643</timestamp>
			</report>
			<report>
				<misses>591400000</misses>
				<total>0</total>
				<timestamp>6639.303538</timestamp>
			</report>
			<report>
				<misses>591500000</misses>
				<total>0</total>
				<timestamp>6640.399924</timestamp>
			</report>
			<report>
				<misses>591600000</misses>
				<total>0</total>
				<timestamp>6641.555976</timestamp>
			</report>
			<report>
				<misses>591700000</misses>
				<total>0</total>
				<timestamp>6642.693328</timestamp>
			</report>
			<report>
				<misses>591800000</misses>
				<total>0</total>
				<timestamp>6643.834562</timestamp>
			</report>
			<report>
				<misses>591900000</misses>
				<total>0</total>
				<timestamp>6644.979367</timestamp>
			</report>
			<report>
				<misses>592000000</misses>
				<total>0</total>
				<timestamp>6646.094361</timestamp>
			</report>
			<report>
				<misses>592100000</misses>
				<total>0</total>
				<timestamp>6647.229762</timestamp>
			</report>
			<report>
				<misses>592200000</misses>
				<total>0</total>
				<timestamp>6648.381789</timestamp>
			</report>
			<report>
				<misses>592300000</misses>
				<total>0</total>
				<timestamp>6649.477717</timestamp>
			</report>
			<report>
				<misses>592400000</misses>
				<total>0</total>
				<timestamp>6650.560917</timestamp>
			</report>
			<report>
				<misses>592500000</misses>
				<total>0</total>
				<timestamp>6651.623036</timestamp>
			</report>
			<report>
				<misses>592600000</misses>
				<total>0</total>
				<timestamp>6652.768736</timestamp>
			</report>
			<report>
				<misses>592700000</misses>
				<total>0</total>
				<timestamp>6653.881341</timestamp>
			</report>
			<report>
				<misses>592800000</misses>
				<total>0</total>
				<timestamp>6655.074918</timestamp>
			</report>
			<report>
				<misses>592900000</misses>
				<total>0</total>
				<timestamp>6656.231021</timestamp>
			</report>
			<report>
				<misses>593000000</misses>
				<total>0</total>
				<timestamp>6657.350545</timestamp>
			</report>
			<report>
				<misses>593100000</misses>
				<total>0</total>
				<timestamp>6658.536608</timestamp>
			</report>
			<report>
				<misses>593200000</misses>
				<total>0</total>
				<timestamp>6659.704825</timestamp>
			</report>
			<report>
				<misses>593300000</misses>
				<total>0</total>
				<timestamp>6660.854921</timestamp>
			</report>
			<report>
				<misses>593400000</misses>
				<total>0</total>
				<timestamp>6662.018217</timestamp>
			</report>
			<report>
				<misses>593500000</misses>
				<total>0</total>
				<timestamp>6663.176060</timestamp>
			</report>
			<report>
				<misses>593600000</misses>
				<total>0</total>
				<timestamp>6664.314394</timestamp>
			</report>
			<report>
				<misses>593700000</misses>
				<total>0</total>
				<timestamp>6665.521554</timestamp>
			</report>
			<report>
				<misses>593800000</misses>
				<total>0</total>
				<timestamp>6666.649340</timestamp>
			</report>
			<report>
				<misses>593900000</misses>
				<total>0</total>
				<timestamp>6667.809985</timestamp>
			</report>
			<report>
				<misses>594000000</misses>
				<total>0</total>
				<timestamp>6668.963036</timestamp>
			</report>
			<report>
				<misses>594100000</misses>
				<total>0</total>
				<timestamp>6670.085075</timestamp>
			</report>
			<report>
				<misses>594200000</misses>
				<total>0</total>
				<timestamp>6671.213162</timestamp>
			</report>
			<report>
				<misses>594300000</misses>
				<total>0</total>
				<timestamp>6672.324433</timestamp>
			</report>
			<report>
				<misses>594400000</misses>
				<total>0</total>
				<timestamp>6673.387053</timestamp>
			</report>
			<report>
				<misses>594500000</misses>
				<total>0</total>
				<timestamp>6674.463338</timestamp>
			</report>
			<report>
				<misses>594600000</misses>
				<total>0</total>
				<timestamp>6675.563051</timestamp>
			</report>
			<report>
				<misses>594700000</misses>
				<total>0</total>
				<timestamp>6676.703222</timestamp>
			</report>
			<report>
				<misses>594800000</misses>
				<total>0</total>
				<timestamp>6677.878734</timestamp>
			</report>
			<report>
				<misses>594900000</misses>
				<total>0</total>
				<timestamp>6679.060971</timestamp>
			</report>
			<report>
				<misses>595000000</misses>
				<total>0</total>
				<timestamp>6680.273444</timestamp>
			</report>
			<report>
				<misses>595100000</misses>
				<total>0</total>
				<timestamp>6681.404878</timestamp>
			</report>
			<report>
				<misses>595200000</misses>
				<total>0</total>
				<timestamp>6682.553957</timestamp>
			</report>
			<report>
				<misses>595300000</misses>
				<total>0</total>
				<timestamp>6683.753187</timestamp>
			</report>
			<report>
				<misses>595400000</misses>
				<total>0</total>
				<timestamp>6684.938937</timestamp>
			</report>
			<report>
				<misses>595500000</misses>
				<total>0</total>
				<timestamp>6686.087975</timestamp>
			</report>
			<report>
				<misses>595600000</misses>
				<total>0</total>
				<timestamp>6687.194123</timestamp>
			</report>
			<report>
				<misses>595700000</misses>
				<total>0</total>
				<timestamp>6688.272388</timestamp>
			</report>
			<report>
				<misses>595800000</misses>
				<total>0</total>
				<timestamp>6689.352238</timestamp>
			</report>
			<report>
				<misses>595900000</misses>
				<total>0</total>
				<timestamp>6690.414699</timestamp>
			</report>
			<report>
				<misses>596000000</misses>
				<total>0</total>
				<timestamp>6691.529684</timestamp>
			</report>
			<report>
				<misses>596100000</misses>
				<total>0</total>
				<timestamp>6692.635477</timestamp>
			</report>
			<report>
				<misses>596200000</misses>
				<total>0</total>
				<timestamp>6693.784760</timestamp>
			</report>
			<report>
				<misses>596300000</misses>
				<total>0</total>
				<timestamp>6694.884102</timestamp>
			</report>
			<report>
				<misses>596400000</misses>
				<total>0</total>
				<timestamp>6696.047167</timestamp>
			</report>
			<report>
				<misses>596500000</misses>
				<total>0</total>
				<timestamp>6697.156854</timestamp>
			</report>
			<report>
				<misses>596600000</misses>
				<total>0</total>
				<timestamp>6698.307520</timestamp>
			</report>
			<report>
				<misses>596700000</misses>
				<total>0</total>
				<timestamp>6699.417719</timestamp>
			</report>
			<report>
				<misses>596800000</misses>
				<total>0</total>
				<timestamp>6700.536614</timestamp>
			</report>
			<report>
				<misses>596900000</misses>
				<total>0</total>
				<timestamp>6701.648410</timestamp>
			</report>
			<report>
				<misses>597000000</misses>
				<total>0</total>
				<timestamp>6702.792429</timestamp>
			</report>
			<report>
				<misses>597100000</misses>
				<total>0</total>
				<timestamp>6703.894529</timestamp>
			</report>
			<report>
				<misses>597200000</misses>
				<total>0</total>
				<timestamp>6705.009959</timestamp>
			</report>
			<report>
				<misses>597300000</misses>
				<total>0</total>
				<timestamp>6706.096334</timestamp>
			</report>
			<report>
				<misses>597400000</misses>
				<total>0</total>
				<timestamp>6707.166237</timestamp>
			</report>
			<report>
				<misses>597500000</misses>
				<total>0</total>
				<timestamp>6708.253361</timestamp>
			</report>
			<report>
				<misses>597600000</misses>
				<total>0</total>
				<timestamp>6709.397117</timestamp>
			</report>
			<report>
				<misses>597700000</misses>
				<total>0</total>
				<timestamp>6710.466945</timestamp>
			</report>
			<report>
				<misses>597800000</misses>
				<total>0</total>
				<timestamp>6711.590812</timestamp>
			</report>
			<report>
				<misses>597900000</misses>
				<total>0</total>
				<timestamp>6712.670798</timestamp>
			</report>
			<report>
				<misses>598000000</misses>
				<total>0</total>
				<timestamp>6713.824335</timestamp>
			</report>
			<report>
				<misses>598100000</misses>
				<total>0</total>
				<timestamp>6714.979079</timestamp>
			</report>
			<report>
				<misses>598200000</misses>
				<total>0</total>
				<timestamp>6716.137654</timestamp>
			</report>
			<report>
				<misses>598300000</misses>
				<total>0</total>
				<timestamp>6717.286997</timestamp>
			</report>
			<report>
				<misses>598400000</misses>
				<total>0</total>
				<timestamp>6718.424857</timestamp>
			</report>
			<report>
				<misses>598500000</misses>
				<total>0</total>
				<timestamp>6719.545365</timestamp>
			</report>
			<report>
				<misses>598600000</misses>
				<total>0</total>
				<timestamp>6720.657465</timestamp>
			</report>
			<report>
				<misses>598700000</misses>
				<total>0</total>
				<timestamp>6721.817440</timestamp>
			</report>
			<report>
				<misses>598800000</misses>
				<total>0</total>
				<timestamp>6723.007085</timestamp>
			</report>
			<report>
				<misses>598900000</misses>
				<total>0</total>
				<timestamp>6724.107157</timestamp>
			</report>
			<report>
				<misses>599000000</misses>
				<total>0</total>
				<timestamp>6725.231007</timestamp>
			</report>
			<report>
				<misses>599100000</misses>
				<total>0</total>
				<timestamp>6726.384575</timestamp>
			</report>
			<report>
				<misses>599200000</misses>
				<total>0</total>
				<timestamp>6727.500562</timestamp>
			</report>
			<report>
				<misses>599300000</misses>
				<total>0</total>
				<timestamp>6728.650063</timestamp>
			</report>
			<report>
				<misses>599400000</misses>
				<total>0</total>
				<timestamp>6729.780863</timestamp>
			</report>
			<report>
				<misses>599500000</misses>
				<total>0</total>
				<timestamp>6730.876506</timestamp>
			</report>
			<report>
				<misses>599600000</misses>
				<total>0</total>
				<timestamp>6732.008159</timestamp>
			</report>
			<report>
				<misses>599700000</misses>
				<total>0</total>
				<timestamp>6733.081641</timestamp>
			</report>
			<report>
				<misses>599800000</misses>
				<total>0</total>
				<timestamp>6734.156700</timestamp>
			</report>
			<report>
				<misses>599900000</misses>
				<total>0</total>
				<timestamp>6735.259212</timestamp>
			</report>
			<report>
				<misses>600000000</misses>
				<total>0</total>
				<timestamp>6736.373506</timestamp>
			</report>
			<report>
				<misses>600100000</misses>
				<total>0</total>
				<timestamp>6737.442257</timestamp>
			</report>
			<report>
				<misses>600200000</misses>
				<total>0</total>
				<timestamp>6738.565007</timestamp>
			</report>
			<report>
				<misses>600300000</misses>
				<total>0</total>
				<timestamp>6739.728227</timestamp>
			</report>
			<report>
				<misses>600400000</misses>
				<total>0</total>
				<timestamp>6740.885638</timestamp>
			</report>
			<report>
				<misses>600500000</misses>
				<total>0</total>
				<timestamp>6742.012269</timestamp>
			</report>
			<report>
				<misses>600600000</misses>
				<total>0</total>
				<timestamp>6743.151746</timestamp>
			</report>
			<report>
				<misses>600700000</misses>
				<total>0</total>
				<timestamp>6744.296649</timestamp>
			</report>
			<report>
				<misses>600800000</misses>
				<total>0</total>
				<timestamp>6745.434523</timestamp>
			</report>
			<report>
				<misses>600900000</misses>
				<total>0</total>
				<timestamp>6746.606634</timestamp>
			</report>
			<report>
				<misses>601000000</misses>
				<total>0</total>
				<timestamp>6747.727601</timestamp>
			</report>
			<report>
				<misses>601100000</misses>
				<total>0</total>
				<timestamp>6748.858753</timestamp>
			</report>
			<report>
				<misses>601200000</misses>
				<total>0</total>
				<timestamp>6750.006487</timestamp>
			</report>
			<report>
				<misses>601300000</misses>
				<total>0</total>
				<timestamp>6751.096290</timestamp>
			</report>
			<report>
				<misses>601400000</misses>
				<total>0</total>
				<timestamp>6752.207190</timestamp>
			</report>
			<report>
				<misses>601500000</misses>
				<total>0</total>
				<timestamp>6753.291505</timestamp>
			</report>
			<report>
				<misses>601600000</misses>
				<total>0</total>
				<timestamp>6754.374856</timestamp>
			</report>
			<report>
				<misses>601700000</misses>
				<total>0</total>
				<timestamp>6755.439638</timestamp>
			</report>
			<report>
				<misses>601800000</misses>
				<total>0</total>
				<timestamp>6756.563250</timestamp>
			</report>
			<report>
				<misses>601900000</misses>
				<total>0</total>
				<timestamp>6757.712009</timestamp>
			</report>
			<report>
				<misses>602000000</misses>
				<total>0</total>
				<timestamp>6758.817305</timestamp>
			</report>
			<report>
				<misses>602100000</misses>
				<total>0</total>
				<timestamp>6759.910544</timestamp>
			</report>
			<report>
				<misses>602200000</misses>
				<total>0</total>
				<timestamp>6761.046369</timestamp>
			</report>
			<report>
				<misses>602300000</misses>
				<total>0</total>
				<timestamp>6762.125355</timestamp>
			</report>
			<report>
				<misses>602400000</misses>
				<total>0</total>
				<timestamp>6763.305963</timestamp>
			</report>
			<report>
				<misses>602500000</misses>
				<total>0</total>
				<timestamp>6764.396426</timestamp>
			</report>
			<report>
				<misses>602600000</misses>
				<total>0</total>
				<timestamp>6765.524391</timestamp>
			</report>
			<report>
				<misses>602700000</misses>
				<total>0</total>
				<timestamp>6766.648842</timestamp>
			</report>
			<report>
				<misses>602800000</misses>
				<total>0</total>
				<timestamp>6767.819983</timestamp>
			</report>
			<report>
				<misses>602900000</misses>
				<total>0</total>
				<timestamp>6768.902275</timestamp>
			</report>
			<report>
				<misses>603000000</misses>
				<total>0</total>
				<timestamp>6769.985142</timestamp>
			</report>
			<report>
				<misses>603100000</misses>
				<total>0</total>
				<timestamp>6771.082710</timestamp>
			</report>
			<report>
				<misses>603200000</misses>
				<total>0</total>
				<timestamp>6772.201078</timestamp>
			</report>
			<report>
				<misses>603300000</misses>
				<total>0</total>
				<timestamp>6773.282254</timestamp>
			</report>
			<report>
				<misses>603400000</misses>
				<total>0</total>
				<timestamp>6774.372254</timestamp>
			</report>
			<report>
				<misses>603500000</misses>
				<total>0</total>
				<timestamp>6775.484461</timestamp>
			</report>
			<report>
				<misses>603600000</misses>
				<total>0</total>
				<timestamp>6776.607801</timestamp>
			</report>
			<report>
				<misses>603700000</misses>
				<total>0</total>
				<timestamp>6777.742658</timestamp>
			</report>
			<report>
				<misses>603800000</misses>
				<total>0</total>
				<timestamp>6778.867614</timestamp>
			</report>
			<report>
				<misses>603900000</misses>
				<total>0</total>
				<timestamp>6780.031939</timestamp>
			</report>
			<report>
				<misses>604000000</misses>
				<total>0</total>
				<timestamp>6781.115015</timestamp>
			</report>
			<report>
				<misses>604100000</misses>
				<total>0</total>
				<timestamp>6782.229643</timestamp>
			</report>
			<report>
				<misses>604200000</misses>
				<total>0</total>
				<timestamp>6783.332388</timestamp>
			</report>
			<report>
				<misses>604300000</misses>
				<total>0</total>
				<timestamp>6784.511649</timestamp>
			</report>
			<report>
				<misses>604400000</misses>
				<total>0</total>
				<timestamp>6785.648897</timestamp>
			</report>
			<report>
				<misses>604500000</misses>
				<total>0</total>
				<timestamp>6786.752453</timestamp>
			</report>
			<report>
				<misses>604600000</misses>
				<total>0</total>
				<timestamp>6787.887053</timestamp>
			</report>
			<report>
				<misses>604700000</misses>
				<total>0</total>
				<timestamp>6789.027366</timestamp>
			</report>
			<report>
				<misses>604800000</misses>
				<total>0</total>
				<timestamp>6790.133684</timestamp>
			</report>
			<report>
				<misses>604900000</misses>
				<total>0</total>
				<timestamp>6791.255179</timestamp>
			</report>
			<report>
				<misses>605000000</misses>
				<total>0</total>
				<timestamp>6792.373911</timestamp>
			</report>
			<report>
				<misses>605100000</misses>
				<total>0</total>
				<timestamp>6793.462113</timestamp>
			</report>
			<report>
				<misses>605200000</misses>
				<total>0</total>
				<timestamp>6794.634695</timestamp>
			</report>
			<report>
				<misses>605300000</misses>
				<total>0</total>
				<timestamp>6795.761528</timestamp>
			</report>
			<report>
				<misses>605400000</misses>
				<total>0</total>
				<timestamp>6796.891045</timestamp>
			</report>
			<report>
				<misses>605500000</misses>
				<total>0</total>
				<timestamp>6798.036601</timestamp>
			</report>
			<report>
				<misses>605600000</misses>
				<total>0</total>
				<timestamp>6799.214033</timestamp>
			</report>
			<report>
				<misses>605700000</misses>
				<total>0</total>
				<timestamp>6800.308579</timestamp>
			</report>
			<report>
				<misses>605800000</misses>
				<total>0</total>
				<timestamp>6801.441280</timestamp>
			</report>
			<report>
				<misses>605900000</misses>
				<total>0</total>
				<timestamp>6802.572345</timestamp>
			</report>
			<report>
				<misses>606000000</misses>
				<total>0</total>
				<timestamp>6803.720916</timestamp>
			</report>
			<report>
				<misses>606100000</misses>
				<total>0</total>
				<timestamp>6804.874664</timestamp>
			</report>
			<report>
				<misses>606200000</misses>
				<total>0</total>
				<timestamp>6806.025417</timestamp>
			</report>
			<report>
				<misses>606300000</misses>
				<total>0</total>
				<timestamp>6807.193627</timestamp>
			</report>
			<report>
				<misses>606400000</misses>
				<total>0</total>
				<timestamp>6808.334425</timestamp>
			</report>
			<report>
				<misses>606500000</misses>
				<total>0</total>
				<timestamp>6809.418723</timestamp>
			</report>
			<report>
				<misses>606600000</misses>
				<total>0</total>
				<timestamp>6810.496644</timestamp>
			</report>
			<report>
				<misses>606700000</misses>
				<total>0</total>
				<timestamp>6811.556855</timestamp>
			</report>
			<report>
				<misses>606800000</misses>
				<total>0</total>
				<timestamp>6812.638610</timestamp>
			</report>
			<report>
				<misses>606900000</misses>
				<total>0</total>
				<timestamp>6813.760375</timestamp>
			</report>
			<report>
				<misses>607000000</misses>
				<total>0</total>
				<timestamp>6814.884470</timestamp>
			</report>
			<report>
				<misses>607100000</misses>
				<total>0</total>
				<timestamp>6816.007826</timestamp>
			</report>
			<report>
				<misses>607200000</misses>
				<total>0</total>
				<timestamp>6817.133280</timestamp>
			</report>
			<report>
				<misses>607300000</misses>
				<total>0</total>
				<timestamp>6818.252041</timestamp>
			</report>
			<report>
				<misses>607400000</misses>
				<total>0</total>
				<timestamp>6819.430456</timestamp>
			</report>
			<report>
				<misses>607500000</misses>
				<total>0</total>
				<timestamp>6820.541740</timestamp>
			</report>
			<report>
				<misses>607600000</misses>
				<total>0</total>
				<timestamp>6821.703380</timestamp>
			</report>
			<report>
				<misses>607700000</misses>
				<total>0</total>
				<timestamp>6822.864661</timestamp>
			</report>
			<report>
				<misses>607800000</misses>
				<total>0</total>
				<timestamp>6824.030181</timestamp>
			</report>
			<report>
				<misses>607900000</misses>
				<total>0</total>
				<timestamp>6825.162638</timestamp>
			</report>
			<report>
				<misses>608000000</misses>
				<total>0</total>
				<timestamp>6826.280215</timestamp>
			</report>
			<report>
				<misses>608100000</misses>
				<total>0</total>
				<timestamp>6827.464673</timestamp>
			</report>
			<report>
				<misses>608200000</misses>
				<total>0</total>
				<timestamp>6828.590787</timestamp>
			</report>
			<report>
				<misses>608300000</misses>
				<total>0</total>
				<timestamp>6829.662613</timestamp>
			</report>
			<report>
				<misses>608400000</misses>
				<total>0</total>
				<timestamp>6830.729943</timestamp>
			</report>
			<report>
				<misses>608500000</misses>
				<total>0</total>
				<timestamp>6831.799073</timestamp>
			</report>
			<report>
				<misses>608600000</misses>
				<total>0</total>
				<timestamp>6832.857140</timestamp>
			</report>
			<report>
				<misses>608700000</misses>
				<total>0</total>
				<timestamp>6833.943835</timestamp>
			</report>
			<report>
				<misses>608800000</misses>
				<total>0</total>
				<timestamp>6835.088645</timestamp>
			</report>
			<report>
				<misses>608900000</misses>
				<total>0</total>
				<timestamp>6836.242008</timestamp>
			</report>
			<report>
				<misses>609000000</misses>
				<total>0</total>
				<timestamp>6837.379277</timestamp>
			</report>
			<report>
				<misses>609100000</misses>
				<total>0</total>
				<timestamp>6838.520254</timestamp>
			</report>
			<report>
				<misses>609200000</misses>
				<total>0</total>
				<timestamp>6839.641791</timestamp>
			</report>
			<report>
				<misses>609300000</misses>
				<total>0</total>
				<timestamp>6840.833388</timestamp>
			</report>
			<report>
				<misses>609400000</misses>
				<total>0</total>
				<timestamp>6841.956105</timestamp>
			</report>
			<report>
				<misses>609500000</misses>
				<total>0</total>
				<timestamp>6843.099115</timestamp>
			</report>
			<report>
				<misses>609600000</misses>
				<total>0</total>
				<timestamp>6844.272646</timestamp>
			</report>
			<report>
				<misses>609700000</misses>
				<total>0</total>
				<timestamp>6845.420137</timestamp>
			</report>
			<report>
				<misses>609800000</misses>
				<total>0</total>
				<timestamp>6846.564702</timestamp>
			</report>
			<report>
				<misses>609900000</misses>
				<total>0</total>
				<timestamp>6847.731573</timestamp>
			</report>
			<report>
				<misses>610000000</misses>
				<total>0</total>
				<timestamp>6848.878141</timestamp>
			</report>
			<report>
				<misses>610100000</misses>
				<total>0</total>
				<timestamp>6850.057618</timestamp>
			</report>
			<report>
				<misses>610200000</misses>
				<total>0</total>
				<timestamp>6851.200708</timestamp>
			</report>
			<report>
				<misses>610300000</misses>
				<total>0</total>
				<timestamp>6852.370199</timestamp>
			</report>
			<report>
				<misses>610400000</misses>
				<total>0</total>
				<timestamp>6853.506330</timestamp>
			</report>
			<report>
				<misses>610500000</misses>
				<total>0</total>
				<timestamp>6854.675427</timestamp>
			</report>
			<report>
				<misses>610600000</misses>
				<total>0</total>
				<timestamp>6855.831021</timestamp>
			</report>
			<report>
				<misses>610700000</misses>
				<total>0</total>
				<timestamp>6856.920291</timestamp>
			</report>
			<report>
				<misses>610800000</misses>
				<total>0</total>
				<timestamp>6858.039723</timestamp>
			</report>
			<report>
				<misses>610900000</misses>
				<total>0</total>
				<timestamp>6859.193746</timestamp>
			</report>
			<report>
				<misses>611000000</misses>
				<total>0</total>
				<timestamp>6860.268868</timestamp>
			</report>
			<report>
				<misses>611100000</misses>
				<total>0</total>
				<timestamp>6861.406540</timestamp>
			</report>
			<report>
				<misses>611200000</misses>
				<total>0</total>
				<timestamp>6862.557587</timestamp>
			</report>
			<report>
				<misses>611300000</misses>
				<total>0</total>
				<timestamp>6863.712925</timestamp>
			</report>
			<report>
				<misses>611400000</misses>
				<total>0</total>
				<timestamp>6864.828025</timestamp>
			</report>
			<report>
				<misses>611500000</misses>
				<total>0</total>
				<timestamp>6865.982688</timestamp>
			</report>
			<report>
				<misses>611600000</misses>
				<total>0</total>
				<timestamp>6867.094802</timestamp>
			</report>
			<report>
				<misses>611700000</misses>
				<total>0</total>
				<timestamp>6868.217199</timestamp>
			</report>
			<report>
				<misses>611800000</misses>
				<total>0</total>
				<timestamp>6869.325530</timestamp>
			</report>
			<report>
				<misses>611900000</misses>
				<total>0</total>
				<timestamp>6870.416323</timestamp>
			</report>
			<report>
				<misses>612000000</misses>
				<total>0</total>
				<timestamp>6871.573888</timestamp>
			</report>
			<report>
				<misses>612100000</misses>
				<total>0</total>
				<timestamp>6872.659681</timestamp>
			</report>
			<report>
				<misses>612200000</misses>
				<total>0</total>
				<timestamp>6873.730957</timestamp>
			</report>
			<report>
				<misses>612300000</misses>
				<total>0</total>
				<timestamp>6874.803600</timestamp>
			</report>
			<report>
				<misses>612400000</misses>
				<total>0</total>
				<timestamp>6875.871467</timestamp>
			</report>
			<report>
				<misses>612500000</misses>
				<total>0</total>
				<timestamp>6876.938343</timestamp>
			</report>
			<report>
				<misses>612600000</misses>
				<total>0</total>
				<timestamp>6878.033255</timestamp>
			</report>
			<report>
				<misses>612700000</misses>
				<total>0</total>
				<timestamp>6879.194220</timestamp>
			</report>
			<report>
				<misses>612800000</misses>
				<total>0</total>
				<timestamp>6880.334036</timestamp>
			</report>
			<report>
				<misses>612900000</misses>
				<total>0</total>
				<timestamp>6881.490741</timestamp>
			</report>
			<report>
				<misses>613000000</misses>
				<total>0</total>
				<timestamp>6882.597028</timestamp>
			</report>
			<report>
				<misses>613100000</misses>
				<total>0</total>
				<timestamp>6883.695041</timestamp>
			</report>
			<report>
				<misses>613200000</misses>
				<total>0</total>
				<timestamp>6884.847826</timestamp>
			</report>
			<report>
				<misses>613300000</misses>
				<total>0</total>
				<timestamp>6885.985047</timestamp>
			</report>
			<report>
				<misses>613400000</misses>
				<total>0</total>
				<timestamp>6887.110220</timestamp>
			</report>
			<report>
				<misses>613500000</misses>
				<total>0</total>
				<timestamp>6888.253119</timestamp>
			</report>
			<report>
				<misses>613600000</misses>
				<total>0</total>
				<timestamp>6889.365854</timestamp>
			</report>
			<report>
				<misses>613700000</misses>
				<total>0</total>
				<timestamp>6890.414198</timestamp>
			</report>
			<report>
				<misses>613800000</misses>
				<total>0</total>
				<timestamp>6891.494156</timestamp>
			</report>
			<report>
				<misses>613900000</misses>
				<total>0</total>
				<timestamp>6892.622945</timestamp>
			</report>
			<report>
				<misses>614000000</misses>
				<total>0</total>
				<timestamp>6893.717559</timestamp>
			</report>
			<report>
				<misses>614100000</misses>
				<total>0</total>
				<timestamp>6894.817008</timestamp>
			</report>
			<report>
				<misses>614200000</misses>
				<total>0</total>
				<timestamp>6895.883623</timestamp>
			</report>
			<report>
				<misses>614300000</misses>
				<total>0</total>
				<timestamp>6897.025025</timestamp>
			</report>
			<report>
				<misses>614400000</misses>
				<total>0</total>
				<timestamp>6898.142674</timestamp>
			</report>
			<report>
				<misses>614500000</misses>
				<total>0</total>
				<timestamp>6899.258328</timestamp>
			</report>
			<report>
				<misses>614600000</misses>
				<total>0</total>
				<timestamp>6900.375201</timestamp>
			</report>
			<report>
				<misses>614700000</misses>
				<total>0</total>
				<timestamp>6901.482917</timestamp>
			</report>
			<report>
				<misses>614800000</misses>
				<total>0</total>
				<timestamp>6902.627521</timestamp>
			</report>
			<report>
				<misses>614900000</misses>
				<total>0</total>
				<timestamp>6903.692619</timestamp>
			</report>
			<report>
				<misses>615000000</misses>
				<total>0</total>
				<timestamp>6904.818638</timestamp>
			</report>
			<report>
				<misses>615100000</misses>
				<total>0</total>
				<timestamp>6905.979742</timestamp>
			</report>
			<report>
				<misses>615200000</misses>
				<total>0</total>
				<timestamp>6907.105644</timestamp>
			</report>
			<report>
				<misses>615300000</misses>
				<total>0</total>
				<timestamp>6908.181331</timestamp>
			</report>
			<report>
				<misses>615400000</misses>
				<total>0</total>
				<timestamp>6909.242106</timestamp>
			</report>
			<report>
				<misses>615500000</misses>
				<total>0</total>
				<timestamp>6910.351786</timestamp>
			</report>
			<report>
				<misses>615600000</misses>
				<total>0</total>
				<timestamp>6911.455573</timestamp>
			</report>
			<report>
				<misses>615700000</misses>
				<total>0</total>
				<timestamp>6912.584972</timestamp>
			</report>
			<report>
				<misses>615800000</misses>
				<total>0</total>
				<timestamp>6913.702004</timestamp>
			</report>
			<report>
				<misses>615900000</misses>
				<total>0</total>
				<timestamp>6914.795813</timestamp>
			</report>
			<report>
				<misses>616000000</misses>
				<total>0</total>
				<timestamp>6915.920017</timestamp>
			</report>
			<report>
				<misses>616100000</misses>
				<total>0</total>
				<timestamp>6917.066624</timestamp>
			</report>
			<report>
				<misses>616200000</misses>
				<total>0</total>
				<timestamp>6918.186524</timestamp>
			</report>
			<report>
				<misses>616300000</misses>
				<total>0</total>
				<timestamp>6919.307872</timestamp>
			</report>
			<report>
				<misses>616400000</misses>
				<total>0</total>
				<timestamp>6920.419717</timestamp>
			</report>
			<report>
				<misses>616500000</misses>
				<total>0</total>
				<timestamp>6921.551939</timestamp>
			</report>
			<report>
				<misses>616600000</misses>
				<total>0</total>
				<timestamp>6922.654715</timestamp>
			</report>
			<report>
				<misses>616700000</misses>
				<total>0</total>
				<timestamp>6923.807929</timestamp>
			</report>
			<report>
				<misses>616800000</misses>
				<total>0</total>
				<timestamp>6924.906958</timestamp>
			</report>
			<report>
				<misses>616900000</misses>
				<total>0</total>
				<timestamp>6926.042569</timestamp>
			</report>
			<report>
				<misses>617000000</misses>
				<total>0</total>
				<timestamp>6927.186650</timestamp>
			</report>
			<report>
				<misses>617100000</misses>
				<total>0</total>
				<timestamp>6928.313990</timestamp>
			</report>
			<report>
				<misses>617200000</misses>
				<total>0</total>
				<timestamp>6929.505386</timestamp>
			</report>
			<report>
				<misses>617300000</misses>
				<total>0</total>
				<timestamp>6930.657006</timestamp>
			</report>
			<report>
				<misses>617400000</misses>
				<total>0</total>
				<timestamp>6931.760242</timestamp>
			</report>
			<report>
				<misses>617500000</misses>
				<total>0</total>
				<timestamp>6932.894138</timestamp>
			</report>
			<report>
				<misses>617600000</misses>
				<total>0</total>
				<timestamp>6934.019061</timestamp>
			</report>
			<report>
				<misses>617700000</misses>
				<total>0</total>
				<timestamp>6935.119399</timestamp>
			</report>
			<report>
				<misses>617800000</misses>
				<total>0</total>
				<timestamp>6936.223699</timestamp>
			</report>
			<report>
				<misses>617900000</misses>
				<total>0</total>
				<timestamp>6937.279136</timestamp>
			</report>
			<report>
				<misses>618000000</misses>
				<total>0</total>
				<timestamp>6938.349287</timestamp>
			</report>
			<report>
				<misses>618100000</misses>
				<total>0</total>
				<timestamp>6939.425185</timestamp>
			</report>
			<report>
				<misses>618200000</misses>
				<total>0</total>
				<timestamp>6940.519293</timestamp>
			</report>
			<report>
				<misses>618300000</misses>
				<total>0</total>
				<timestamp>6941.668824</timestamp>
			</report>
			<report>
				<misses>618400000</misses>
				<total>0</total>
				<timestamp>6942.790339</timestamp>
			</report>
			<report>
				<misses>618500000</misses>
				<total>0</total>
				<timestamp>6943.879941</timestamp>
			</report>
			<report>
				<misses>618600000</misses>
				<total>0</total>
				<timestamp>6945.019983</timestamp>
			</report>
			<report>
				<misses>618700000</misses>
				<total>0</total>
				<timestamp>6946.123283</timestamp>
			</report>
			<report>
				<misses>618800000</misses>
				<total>0</total>
				<timestamp>6947.212384</timestamp>
			</report>
			<report>
				<misses>618900000</misses>
				<total>0</total>
				<timestamp>6948.299062</timestamp>
			</report>
			<report>
				<misses>619000000</misses>
				<total>0</total>
				<timestamp>6949.466095</timestamp>
			</report>
			<report>
				<misses>619100000</misses>
				<total>0</total>
				<timestamp>6950.623001</timestamp>
			</report>
			<report>
				<misses>619200000</misses>
				<total>0</total>
				<timestamp>6951.732167</timestamp>
			</report>
			<report>
				<misses>619300000</misses>
				<total>0</total>
				<timestamp>6952.817788</timestamp>
			</report>
			<report>
				<misses>619400000</misses>
				<total>0</total>
				<timestamp>6953.952504</timestamp>
			</report>
			<report>
				<misses>619500000</misses>
				<total>0</total>
				<timestamp>6955.108352</timestamp>
			</report>
			<report>
				<misses>619600000</misses>
				<total>0</total>
				<timestamp>6956.280507</timestamp>
			</report>
			<report>
				<misses>619700000</misses>
				<total>0</total>
				<timestamp>6957.360865</timestamp>
			</report>
			<report>
				<misses>619800000</misses>
				<total>0</total>
				<timestamp>6958.513271</timestamp>
			</report>
			<report>
				<misses>619900000</misses>
				<total>0</total>
				<timestamp>6959.582428</timestamp>
			</report>
			<report>
				<misses>620000000</misses>
				<total>0</total>
				<timestamp>6960.644648</timestamp>
			</report>
			<report>
				<misses>620100000</misses>
				<total>0</total>
				<timestamp>6961.778533</timestamp>
			</report>
			<report>
				<misses>620200000</misses>
				<total>0</total>
				<timestamp>6962.880700</timestamp>
			</report>
			<report>
				<misses>620300000</misses>
				<total>0</total>
				<timestamp>6963.948481</timestamp>
			</report>
			<report>
				<misses>620400000</misses>
				<total>0</total>
				<timestamp>6965.062651</timestamp>
			</report>
			<report>
				<misses>620500000</misses>
				<total>0</total>
				<timestamp>6966.148308</timestamp>
			</report>
			<report>
				<misses>620600000</misses>
				<total>0</total>
				<timestamp>6967.272218</timestamp>
			</report>
			<report>
				<misses>620700000</misses>
				<total>0</total>
				<timestamp>6968.391472</timestamp>
			</report>
			<report>
				<misses>620800000</misses>
				<total>0</total>
				<timestamp>6969.514709</timestamp>
			</report>
			<report>
				<misses>620900000</misses>
				<total>0</total>
				<timestamp>6970.618404</timestamp>
			</report>
			<report>
				<misses>621000000</misses>
				<total>0</total>
				<timestamp>6971.709370</timestamp>
			</report>
			<report>
				<misses>621100000</misses>
				<total>0</total>
				<timestamp>6972.833845</timestamp>
			</report>
			<report>
				<misses>621200000</misses>
				<total>0</total>
				<timestamp>6973.962511</timestamp>
			</report>
			<report>
				<misses>621300000</misses>
				<total>0</total>
				<timestamp>6975.077546</timestamp>
			</report>
			<report>
				<misses>621400000</misses>
				<total>0</total>
				<timestamp>6976.159828</timestamp>
			</report>
			<report>
				<misses>621500000</misses>
				<total>0</total>
				<timestamp>6977.252645</timestamp>
			</report>
			<report>
				<misses>621600000</misses>
				<total>0</total>
				<timestamp>6978.334115</timestamp>
			</report>
			<report>
				<misses>621700000</misses>
				<total>0</total>
				<timestamp>6979.441230</timestamp>
			</report>
			<report>
				<misses>621800000</misses>
				<total>0</total>
				<timestamp>6980.527503</timestamp>
			</report>
			<report>
				<misses>621900000</misses>
				<total>0</total>
				<timestamp>6981.637973</timestamp>
			</report>
			<report>
				<misses>622000000</misses>
				<total>0</total>
				<timestamp>6982.753004</timestamp>
			</report>
			<report>
				<misses>622100000</misses>
				<total>0</total>
				<timestamp>6983.972549</timestamp>
			</report>
			<report>
				<misses>622200000</misses>
				<total>0</total>
				<timestamp>6985.063786</timestamp>
			</report>
			<report>
				<misses>622300000</misses>
				<total>0</total>
				<timestamp>6986.240961</timestamp>
			</report>
			<report>
				<misses>622400000</misses>
				<total>0</total>
				<timestamp>6987.384271</timestamp>
			</report>
			<report>
				<misses>622500000</misses>
				<total>0</total>
				<timestamp>6988.541895</timestamp>
			</report>
			<report>
				<misses>622600000</misses>
				<total>0</total>
				<timestamp>6989.707267</timestamp>
			</report>
			<report>
				<misses>622700000</misses>
				<total>0</total>
				<timestamp>6990.852945</timestamp>
			</report>
			<report>
				<misses>622800000</misses>
				<total>0</total>
				<timestamp>6991.998463</timestamp>
			</report>
			<report>
				<misses>622900000</misses>
				<total>0</total>
				<timestamp>6993.145849</timestamp>
			</report>
			<report>
				<misses>623000000</misses>
				<total>0</total>
				<timestamp>6994.215936</timestamp>
			</report>
			<report>
				<misses>623100000</misses>
				<total>0</total>
				<timestamp>6995.301217</timestamp>
			</report>
			<report>
				<misses>623200000</misses>
				<total>0</total>
				<timestamp>6996.408527</timestamp>
			</report>
			<report>
				<misses>623300000</misses>
				<total>0</total>
				<timestamp>6997.483325</timestamp>
			</report>
			<report>
				<misses>623400000</misses>
				<total>0</total>
				<timestamp>6998.663292</timestamp>
			</report>
			<report>
				<misses>623500000</misses>
				<total>0</total>
				<timestamp>6999.792077</timestamp>
			</report>
			<report>
				<misses>623600000</misses>
				<total>0</total>
				<timestamp>7000.938288</timestamp>
			</report>
			<report>
				<misses>623700000</misses>
				<total>0</total>
				<timestamp>7002.061519</timestamp>
			</report>
			<report>
				<misses>623800000</misses>
				<total>0</total>
				<timestamp>7003.172401</timestamp>
			</report>
			<report>
				<misses>623900000</misses>
				<total>0</total>
				<timestamp>7004.332413</timestamp>
			</report>
			<report>
				<misses>624000000</misses>
				<total>0</total>
				<timestamp>7005.495485</timestamp>
			</report>
			<report>
				<misses>624100000</misses>
				<total>0</total>
				<timestamp>7006.630334</timestamp>
			</report>
			<report>
				<misses>624200000</misses>
				<total>0</total>
				<timestamp>7007.773880</timestamp>
			</report>
			<report>
				<misses>624300000</misses>
				<total>0</total>
				<timestamp>7008.928790</timestamp>
			</report>
			<report>
				<misses>624400000</misses>
				<total>0</total>
				<timestamp>7010.110276</timestamp>
			</report>
			<report>
				<misses>624500000</misses>
				<total>0</total>
				<timestamp>7011.234612</timestamp>
			</report>
			<report>
				<misses>624600000</misses>
				<total>0</total>
				<timestamp>7012.434181</timestamp>
			</report>
			<report>
				<misses>624700000</misses>
				<total>0</total>
				<timestamp>7013.583406</timestamp>
			</report>
			<report>
				<misses>624800000</misses>
				<total>0</total>
				<timestamp>7014.745694</timestamp>
			</report>
			<report>
				<misses>624900000</misses>
				<total>0</total>
				<timestamp>7015.857746</timestamp>
			</report>
			<report>
				<misses>625000000</misses>
				<total>0</total>
				<timestamp>7016.952803</timestamp>
			</report>
			<report>
				<misses>625100000</misses>
				<total>0</total>
				<timestamp>7018.077514</timestamp>
			</report>
			<report>
				<misses>625200000</misses>
				<total>0</total>
				<timestamp>7019.131539</timestamp>
			</report>
			<report>
				<misses>625300000</misses>
				<total>0</total>
				<timestamp>7020.203668</timestamp>
			</report>
			<report>
				<misses>625400000</misses>
				<total>0</total>
				<timestamp>7021.273252</timestamp>
			</report>
			<report>
				<misses>625500000</misses>
				<total>0</total>
				<timestamp>7022.355910</timestamp>
			</report>
			<report>
				<misses>625600000</misses>
				<total>0</total>
				<timestamp>7023.514139</timestamp>
			</report>
			<report>
				<misses>625700000</misses>
				<total>0</total>
				<timestamp>7024.624596</timestamp>
			</report>
			<report>
				<misses>625800000</misses>
				<total>0</total>
				<timestamp>7025.772197</timestamp>
			</report>
			<report>
				<misses>625900000</misses>
				<total>0</total>
				<timestamp>7026.900205</timestamp>
			</report>
			<report>
				<misses>626000000</misses>
				<total>0</total>
				<timestamp>7028.020418</timestamp>
			</report>
			<report>
				<misses>626100000</misses>
				<total>0</total>
				<timestamp>7029.188423</timestamp>
			</report>
			<report>
				<misses>626200000</misses>
				<total>0</total>
				<timestamp>7030.344701</timestamp>
			</report>
			<report>
				<misses>626300000</misses>
				<total>0</total>
				<timestamp>7031.495362</timestamp>
			</report>
			<report>
				<misses>626400000</misses>
				<total>0</total>
				<timestamp>7032.643792</timestamp>
			</report>
			<report>
				<misses>626500000</misses>
				<total>0</total>
				<timestamp>7033.756611</timestamp>
			</report>
			<report>
				<misses>626600000</misses>
				<total>0</total>
				<timestamp>7034.845562</timestamp>
			</report>
			<report>
				<misses>626700000</misses>
				<total>0</total>
				<timestamp>7035.948981</timestamp>
			</report>
			<report>
				<misses>626800000</misses>
				<total>0</total>
				<timestamp>7037.018740</timestamp>
			</report>
			<report>
				<misses>626900000</misses>
				<total>0</total>
				<timestamp>7038.079431</timestamp>
			</report>
			<report>
				<misses>627000000</misses>
				<total>0</total>
				<timestamp>7039.137782</timestamp>
			</report>
			<report>
				<misses>627100000</misses>
				<total>0</total>
				<timestamp>7040.190181</timestamp>
			</report>
			<report>
				<misses>627200000</misses>
				<total>0</total>
				<timestamp>7041.332072</timestamp>
			</report>
			<report>
				<misses>627300000</misses>
				<total>0</total>
				<timestamp>7042.424308</timestamp>
			</report>
			<report>
				<misses>627400000</misses>
				<total>0</total>
				<timestamp>7043.536033</timestamp>
			</report>
			<report>
				<misses>627500000</misses>
				<total>0</total>
				<timestamp>7044.659929</timestamp>
			</report>
			<report>
				<misses>627600000</misses>
				<total>0</total>
				<timestamp>7045.828251</timestamp>
			</report>
			<report>
				<misses>627700000</misses>
				<total>0</total>
				<timestamp>7046.948970</timestamp>
			</report>
			<report>
				<misses>627800000</misses>
				<total>0</total>
				<timestamp>7048.109425</timestamp>
			</report>
			<report>
				<misses>627900000</misses>
				<total>0</total>
				<timestamp>7049.248335</timestamp>
			</report>
			<report>
				<misses>628000000</misses>
				<total>0</total>
				<timestamp>7050.385814</timestamp>
			</report>
			<report>
				<misses>628100000</misses>
				<total>0</total>
				<timestamp>7051.500806</timestamp>
			</report>
			<report>
				<misses>628200000</misses>
				<total>0</total>
				<timestamp>7052.634340</timestamp>
			</report>
			<report>
				<misses>628300000</misses>
				<total>0</total>
				<timestamp>7053.718228</timestamp>
			</report>
			<report>
				<misses>628400000</misses>
				<total>0</total>
				<timestamp>7054.778612</timestamp>
			</report>
			<report>
				<misses>628500000</misses>
				<total>0</total>
				<timestamp>7055.828008</timestamp>
			</report>
			<report>
				<misses>628600000</misses>
				<total>0</total>
				<timestamp>7056.902256</timestamp>
			</report>
			<report>
				<misses>628700000</misses>
				<total>0</total>
				<timestamp>7057.965270</timestamp>
			</report>
			<report>
				<misses>628800000</misses>
				<total>0</total>
				<timestamp>7059.078587</timestamp>
			</report>
			<report>
				<misses>628900000</misses>
				<total>0</total>
				<timestamp>7060.147248</timestamp>
			</report>
			<report>
				<misses>629000000</misses>
				<total>0</total>
				<timestamp>7061.303076</timestamp>
			</report>
			<report>
				<misses>629100000</misses>
				<total>0</total>
				<timestamp>7062.419521</timestamp>
			</report>
			<report>
				<misses>629200000</misses>
				<total>0</total>
				<timestamp>7063.549906</timestamp>
			</report>
			<report>
				<misses>629300000</misses>
				<total>0</total>
				<timestamp>7064.664021</timestamp>
			</report>
			<report>
				<misses>629400000</misses>
				<total>0</total>
				<timestamp>7065.744376</timestamp>
			</report>
			<report>
				<misses>629500000</misses>
				<total>0</total>
				<timestamp>7066.906517</timestamp>
			</report>
			<report>
				<misses>629600000</misses>
				<total>0</total>
				<timestamp>7068.061993</timestamp>
			</report>
			<report>
				<misses>629700000</misses>
				<total>0</total>
				<timestamp>7069.175936</timestamp>
			</report>
			<report>
				<misses>629800000</misses>
				<total>0</total>
				<timestamp>7070.262888</timestamp>
			</report>
			<report>
				<misses>629900000</misses>
				<total>0</total>
				<timestamp>7071.365612</timestamp>
			</report>
			<report>
				<misses>630000000</misses>
				<total>0</total>
				<timestamp>7072.449097</timestamp>
			</report>
			<report>
				<misses>630100000</misses>
				<total>0</total>
				<timestamp>7073.589514</timestamp>
			</report>
			<report>
				<misses>630200000</misses>
				<total>0</total>
				<timestamp>7074.688842</timestamp>
			</report>
			<report>
				<misses>630300000</misses>
				<total>0</total>
				<timestamp>7075.768008</timestamp>
			</report>
			<report>
				<misses>630400000</misses>
				<total>0</total>
				<timestamp>7076.865820</timestamp>
			</report>
			<report>
				<misses>630500000</misses>
				<total>0</total>
				<timestamp>7077.929683</timestamp>
			</report>
			<report>
				<misses>630600000</misses>
				<total>0</total>
				<timestamp>7079.036573</timestamp>
			</report>
			<report>
				<misses>630700000</misses>
				<total>0</total>
				<timestamp>7080.202833</timestamp>
			</report>
			<report>
				<misses>630800000</misses>
				<total>0</total>
				<timestamp>7081.319996</timestamp>
			</report>
			<report>
				<misses>630900000</misses>
				<total>0</total>
				<timestamp>7082.483880</timestamp>
			</report>
			<report>
				<misses>631000000</misses>
				<total>0</total>
				<timestamp>7083.594815</timestamp>
			</report>
			<report>
				<misses>631100000</misses>
				<total>0</total>
				<timestamp>7084.685003</timestamp>
			</report>
			<report>
				<misses>631200000</misses>
				<total>0</total>
				<timestamp>7085.799973</timestamp>
			</report>
			<report>
				<misses>631300000</misses>
				<total>0</total>
				<timestamp>7086.912084</timestamp>
			</report>
			<report>
				<misses>631400000</misses>
				<total>0</total>
				<timestamp>7088.031809</timestamp>
			</report>
			<report>
				<misses>631500000</misses>
				<total>0</total>
				<timestamp>7089.135670</timestamp>
			</report>
			<report>
				<misses>631600000</misses>
				<total>0</total>
				<timestamp>7090.262223</timestamp>
			</report>
			<report>
				<misses>631700000</misses>
				<total>0</total>
				<timestamp>7091.335345</timestamp>
			</report>
			<report>
				<misses>631800000</misses>
				<total>0</total>
				<timestamp>7092.416038</timestamp>
			</report>
			<report>
				<misses>631900000</misses>
				<total>0</total>
				<timestamp>7093.490825</timestamp>
			</report>
			<report>
				<misses>632000000</misses>
				<total>0</total>
				<timestamp>7094.590759</timestamp>
			</report>
			<report>
				<misses>632100000</misses>
				<total>0</total>
				<timestamp>7095.728545</timestamp>
			</report>
			<report>
				<misses>632200000</misses>
				<total>0</total>
				<timestamp>7096.846555</timestamp>
			</report>
			<report>
				<misses>632300000</misses>
				<total>0</total>
				<timestamp>7097.969588</timestamp>
			</report>
			<report>
				<misses>632400000</misses>
				<total>0</total>
				<timestamp>7099.073064</timestamp>
			</report>
			<report>
				<misses>632500000</misses>
				<total>0</total>
				<timestamp>7100.222172</timestamp>
			</report>
			<report>
				<misses>632600000</misses>
				<total>0</total>
				<timestamp>7101.322837</timestamp>
			</report>
			<report>
				<misses>632700000</misses>
				<total>0</total>
				<timestamp>7102.449203</timestamp>
			</report>
			<report>
				<misses>632800000</misses>
				<total>0</total>
				<timestamp>7103.636650</timestamp>
			</report>
			<report>
				<misses>632900000</misses>
				<total>0</total>
				<timestamp>7104.738915</timestamp>
			</report>
			<report>
				<misses>633000000</misses>
				<total>0</total>
				<timestamp>7105.901251</timestamp>
			</report>
			<report>
				<misses>633100000</misses>
				<total>0</total>
				<timestamp>7107.039127</timestamp>
			</report>
			<report>
				<misses>633200000</misses>
				<total>0</total>
				<timestamp>7108.160104</timestamp>
			</report>
			<report>
				<misses>633300000</misses>
				<total>0</total>
				<timestamp>7109.229569</timestamp>
			</report>
			<report>
				<misses>633400000</misses>
				<total>0</total>
				<timestamp>7110.307066</timestamp>
			</report>
			<report>
				<misses>633500000</misses>
				<total>0</total>
				<timestamp>7111.376638</timestamp>
			</report>
			<report>
				<misses>633600000</misses>
				<total>0</total>
				<timestamp>7112.453199</timestamp>
			</report>
			<report>
				<misses>633700000</misses>
				<total>0</total>
				<timestamp>7113.524455</timestamp>
			</report>
			<report>
				<misses>633800000</misses>
				<total>0</total>
				<timestamp>7114.596692</timestamp>
			</report>
			<report>
				<misses>633900000</misses>
				<total>0</total>
				<timestamp>7115.737249</timestamp>
			</report>
			<report>
				<misses>634000000</misses>
				<total>0</total>
				<timestamp>7116.894748</timestamp>
			</report>
			<report>
				<misses>634100000</misses>
				<total>0</total>
				<timestamp>7118.035276</timestamp>
			</report>
			<report>
				<misses>634200000</misses>
				<total>0</total>
				<timestamp>7119.126487</timestamp>
			</report>
			<report>
				<misses>634300000</misses>
				<total>0</total>
				<timestamp>7120.265289</timestamp>
			</report>
			<report>
				<misses>634400000</misses>
				<total>0</total>
				<timestamp>7121.416119</timestamp>
			</report>
			<report>
				<misses>634500000</misses>
				<total>0</total>
				<timestamp>7122.532211</timestamp>
			</report>
			<report>
				<misses>634600000</misses>
				<total>0</total>
				<timestamp>7123.613093</timestamp>
			</report>
			<report>
				<misses>634700000</misses>
				<total>0</total>
				<timestamp>7124.747254</timestamp>
			</report>
			<report>
				<misses>634800000</misses>
				<total>0</total>
				<timestamp>7125.862264</timestamp>
			</report>
			<report>
				<misses>634900000</misses>
				<total>0</total>
				<timestamp>7127.027972</timestamp>
			</report>
			<report>
				<misses>635000000</misses>
				<total>0</total>
				<timestamp>7128.189518</timestamp>
			</report>
			<report>
				<misses>635100000</misses>
				<total>0</total>
				<timestamp>7129.288718</timestamp>
			</report>
			<report>
				<misses>635200000</misses>
				<total>0</total>
				<timestamp>7130.410366</timestamp>
			</report>
			<report>
				<misses>635300000</misses>
				<total>0</total>
				<timestamp>7131.503612</timestamp>
			</report>
			<report>
				<misses>635400000</misses>
				<total>0</total>
				<timestamp>7132.608111</timestamp>
			</report>
			<report>
				<misses>635500000</misses>
				<total>0</total>
				<timestamp>7133.683494</timestamp>
			</report>
			<report>
				<misses>635600000</misses>
				<total>0</total>
				<timestamp>7134.772803</timestamp>
			</report>
			<report>
				<misses>635700000</misses>
				<total>0</total>
				<timestamp>7135.874387</timestamp>
			</report>
			<report>
				<misses>635800000</misses>
				<total>0</total>
				<timestamp>7136.974699</timestamp>
			</report>
			<report>
				<misses>635900000</misses>
				<total>0</total>
				<timestamp>7138.082516</timestamp>
			</report>
			<report>
				<misses>636000000</misses>
				<total>0</total>
				<timestamp>7139.242392</timestamp>
			</report>
			<report>
				<misses>636100000</misses>
				<total>0</total>
				<timestamp>7140.359088</timestamp>
			</report>
			<report>
				<misses>636200000</misses>
				<total>0</total>
				<timestamp>7141.497984</timestamp>
			</report>
			<report>
				<misses>636300000</misses>
				<total>0</total>
				<timestamp>7142.642793</timestamp>
			</report>
			<report>
				<misses>636400000</misses>
				<total>0</total>
				<timestamp>7143.751480</timestamp>
			</report>
			<report>
				<misses>636500000</misses>
				<total>0</total>
				<timestamp>7144.892811</timestamp>
			</report>
			<report>
				<misses>636600000</misses>
				<total>0</total>
				<timestamp>7146.008005</timestamp>
			</report>
			<report>
				<misses>636700000</misses>
				<total>0</total>
				<timestamp>7147.164706</timestamp>
			</report>
			<report>
				<misses>636800000</misses>
				<total>0</total>
				<timestamp>7148.282813</timestamp>
			</report>
			<report>
				<misses>636900000</misses>
				<total>0</total>
				<timestamp>7149.423953</timestamp>
			</report>
			<report>
				<misses>637000000</misses>
				<total>0</total>
				<timestamp>7150.531468</timestamp>
			</report>
			<report>
				<misses>637100000</misses>
				<total>0</total>
				<timestamp>7151.634311</timestamp>
			</report>
			<report>
				<misses>637200000</misses>
				<total>0</total>
				<timestamp>7152.773792</timestamp>
			</report>
			<report>
				<misses>637300000</misses>
				<total>0</total>
				<timestamp>7153.871653</timestamp>
			</report>
			<report>
				<misses>637400000</misses>
				<total>0</total>
				<timestamp>7154.957613</timestamp>
			</report>
			<report>
				<misses>637500000</misses>
				<total>0</total>
				<timestamp>7156.053515</timestamp>
			</report>
			<report>
				<misses>637600000</misses>
				<total>0</total>
				<timestamp>7157.198058</timestamp>
			</report>
			<report>
				<misses>637700000</misses>
				<total>0</total>
				<timestamp>7158.368218</timestamp>
			</report>
			<report>
				<misses>637800000</misses>
				<total>0</total>
				<timestamp>7159.520759</timestamp>
			</report>
			<report>
				<misses>637900000</misses>
				<total>0</total>
				<timestamp>7160.710740</timestamp>
			</report>
			<report>
				<misses>638000000</misses>
				<total>0</total>
				<timestamp>7161.848349</timestamp>
			</report>
			<report>
				<misses>638100000</misses>
				<total>0</total>
				<timestamp>7163.007220</timestamp>
			</report>
			<report>
				<misses>638200000</misses>
				<total>0</total>
				<timestamp>7164.177347</timestamp>
			</report>
			<report>
				<misses>638300000</misses>
				<total>0</total>
				<timestamp>7165.327140</timestamp>
			</report>
			<report>
				<misses>638400000</misses>
				<total>0</total>
				<timestamp>7166.435072</timestamp>
			</report>
			<report>
				<misses>638500000</misses>
				<total>0</total>
				<timestamp>7167.560864</timestamp>
			</report>
			<report>
				<misses>638600000</misses>
				<total>0</total>
				<timestamp>7168.651707</timestamp>
			</report>
			<report>
				<misses>638700000</misses>
				<total>0</total>
				<timestamp>7169.868260</timestamp>
			</report>
			<report>
				<misses>638800000</misses>
				<total>0</total>
				<timestamp>7170.956041</timestamp>
			</report>
			<report>
				<misses>638900000</misses>
				<total>0</total>
				<timestamp>7172.104031</timestamp>
			</report>
			<report>
				<misses>639000000</misses>
				<total>0</total>
				<timestamp>7173.181207</timestamp>
			</report>
			<report>
				<misses>639100000</misses>
				<total>0</total>
				<timestamp>7174.244190</timestamp>
			</report>
			<report>
				<misses>639200000</misses>
				<total>0</total>
				<timestamp>7175.419791</timestamp>
			</report>
			<report>
				<misses>639300000</misses>
				<total>0</total>
				<timestamp>7176.581218</timestamp>
			</report>
			<report>
				<misses>639400000</misses>
				<total>0</total>
				<timestamp>7177.748760</timestamp>
			</report>
			<report>
				<misses>639500000</misses>
				<total>0</total>
				<timestamp>7178.955826</timestamp>
			</report>
			<report>
				<misses>639600000</misses>
				<total>0</total>
				<timestamp>7180.142073</timestamp>
			</report>
			<report>
				<misses>639700000</misses>
				<total>0</total>
				<timestamp>7181.368984</timestamp>
			</report>
			<report>
				<misses>639800000</misses>
				<total>0</total>
				<timestamp>7182.533158</timestamp>
			</report>
			<report>
				<misses>639900000</misses>
				<total>0</total>
				<timestamp>7183.703144</timestamp>
			</report>
			<report>
				<misses>640000000</misses>
				<total>0</total>
				<timestamp>7184.954779</timestamp>
			</report>
			<report>
				<misses>640100000</misses>
				<total>0</total>
				<timestamp>7186.243617</timestamp>
			</report>
			<report>
				<misses>640200000</misses>
				<total>0</total>
				<timestamp>7187.457941</timestamp>
			</report>
			<report>
				<misses>640300000</misses>
				<total>0</total>
				<timestamp>7188.639024</timestamp>
			</report>
			<report>
				<misses>640400000</misses>
				<total>0</total>
				<timestamp>7189.795506</timestamp>
			</report>
			<report>
				<misses>640500000</misses>
				<total>0</total>
				<timestamp>7191.067967</timestamp>
			</report>
			<report>
				<misses>640600000</misses>
				<total>0</total>
				<timestamp>7192.197261</timestamp>
			</report>
			<report>
				<misses>640700000</misses>
				<total>0</total>
				<timestamp>7193.348623</timestamp>
			</report>
			<report>
				<misses>640800000</misses>
				<total>0</total>
				<timestamp>7194.478762</timestamp>
			</report>
			<report>
				<misses>640900000</misses>
				<total>0</total>
				<timestamp>7195.622245</timestamp>
			</report>
			<report>
				<misses>641000000</misses>
				<total>0</total>
				<timestamp>7196.750991</timestamp>
			</report>
			<report>
				<misses>641100000</misses>
				<total>0</total>
				<timestamp>7197.872796</timestamp>
			</report>
			<report>
				<misses>641200000</misses>
				<total>0</total>
				<timestamp>7199.012690</timestamp>
			</report>
		</query>
	</custom>
	<ethtool_statistic>
		<rx_packets>
			<start>576264174</start>
			<end>879821051</end>
		</rx_packets>
		<tx_packets>
			<start>1628466588</start>
			<end>2472055050</end>
		</tx_packets>
		<rx_dropped>
			<start>0</start>
			<end>0</end>
		</rx_dropped>
		<tx_dropped>
			<start>0</start>
			<end>0</end>
		</tx_dropped>
		<collisions>
			<start>0</start>
			<end>0</end>
		</collisions>
		<port_tx_errors>
			<start>0</start>
			<end>0</end>
		</port_tx_errors>
		<port_rx_dropped>
			<start>0</start>
			<end>0</end>
		</port_rx_dropped>
		<port_tx_dropped_link_down>
			<start>0</start>
			<end>0</end>
		</port_tx_dropped_link_down>
	</ethtool_statistic>
	<ip_statistic>
		<mtu>
			<start>9000</start>
			<end>9000</end>
		</mtu>
		<rx_bytes>
			<start>5152803581158</start>
			<end>7867133662542</end>
		</rx_bytes>
		<rx_packets>
			<start>576264261</start>
			<end>879821127</end>
		</rx_packets>
		<rx_errors>
			<start>0</start>
			<end>0</end>
		</rx_errors>
		<rx_dropped>
			<start>0</start>
			<end>0</end>
		</rx_dropped>
		<rx_missed>
			<start>0</start>
			<end>0</end>
		</rx_missed>
		<rx_mcast>
			<start>480</start>
			<end>628</end>
		</rx_mcast>
		<tx_bytes>
			<start>3979561567496</start>
			<end>11522861349998</end>
		</tx_bytes>
		<tx_packets>
			<start>1628466644</start>
			<end>2472055112</end>
		</tx_packets>
		<tx_errors>
			<start>0</start>
			<end>0</end>
		</tx_errors>
		<tx_dropped>
			<start>0</start>
			<end>0</end>
		</tx_dropped>
		<tx_carrier>
			<start>0</start>
			<end>0</end>
		</tx_carrier>
		<tx_collisions>
			<start>0</start>
			<end>0</end>
		</tx_collisions>
	</ip_statistic>
	<netstat_statistic>
		<udp_pkg_rec>
			<start>576362445</start>
			<end>879956713</end>
		</udp_pkg_rec>
		<udp_pkg_snt>
			<start>1628566174</start>
			<end>2472192738</end>
		</udp_pkg_snt>
		<udp_rec_err>
			<start>1</start>
			<end>1</end>
		</udp_rec_err>
		<udp_rec_buf_err>
			<start>1</start>
			<end>1</end>
		</udp_rec_buf_err>
		<udp_snt_buf_err>
			<start>0</start>
			<end>0</end>
		</udp_snt_buf_err>
	</netstat_statistic>
</test_results>
