<?xml version="1.0"?>
<test_results>
	<status>STATUS_SUCCESS</status>
	<custom>
		<num_loss>827180</num_loss>
		<num_total>1000001</num_total>
		<num_misses>88</num_misses>
		<elapsed_time>110.009794</elapsed_time>
		<query />
	</custom>
	<ethtool_statistic>
		<rx_packets>
			<start>3744411111</start>
			<end>3753646607</end>
		</rx_packets>
		<tx_packets>
			<start>6162244952</start>
			<end>6181869013</end>
		</tx_packets>
		<rx_dropped>
			<start>0</start>
			<end>0</end>
		</rx_dropped>
		<tx_dropped>
			<start>0</start>
			<end>0</end>
		</tx_dropped>
		<collisions>
			<start>0</start>
			<end>0</end>
		</collisions>
		<port_tx_errors>
			<start>0</start>
			<end>0</end>
		</port_tx_errors>
		<port_rx_dropped>
			<start>0</start>
			<end>0</end>
		</port_rx_dropped>
		<port_tx_dropped_link_down>
			<start>0</start>
			<end>0</end>
		</port_tx_dropped_link_down>
	</ethtool_statistic>
	<ip_statistic>
		<mtu>
			<start>9000</start>
			<end>9000</end>
		</mtu>
		<rx_bytes>
			<start>15309305424221</start>
			<end>15347173321045</end>
		</rx_bytes>
		<rx_packets>
			<start>3744411139</start>
			<end>3753647026</end>
		</rx_packets>
		<rx_errors>
			<start>0</start>
			<end>0</end>
		</rx_errors>
		<rx_dropped>
			<start>0</start>
			<end>0</end>
		</rx_dropped>
		<rx_missed>
			<start>0</start>
			<end>0</end>
		</rx_missed>
		<rx_mcast>
			<start>2238</start>
			<end>2242</end>
		</rx_mcast>
		<tx_bytes>
			<start>17680740201429</start>
			<end>17775389996963</end>
		</tx_bytes>
		<tx_packets>
			<start>6162245540</start>
			<end>6181869135</end>
		</tx_packets>
		<tx_errors>
			<start>0</start>
			<end>0</end>
		</tx_errors>
		<tx_dropped>
			<start>0</start>
			<end>0</end>
		</tx_dropped>
		<tx_carrier>
			<start>0</start>
			<end>0</end>
		</tx_carrier>
		<tx_collisions>
			<start>0</start>
			<end>0</end>
		</tx_collisions>
	</ip_statistic>
	<netstat_statistic>
		<udp_pkg_rec>
			<start>3143598297</start>
			<end>3151632484</end>
		</udp_pkg_rec>
		<udp_pkg_snt>
			<start>6120748612</start>
			<end>6133372355</end>
		</udp_pkg_snt>
		<udp_rec_err>
			<start>601497757</start>
			<end>602700065</end>
		</udp_rec_err>
		<udp_rec_buf_err>
			<start>601497757</start>
			<end>602700065</end>
		</udp_rec_buf_err>
		<udp_snt_buf_err>
			<start>0</start>
			<end>0</end>
		</udp_snt_buf_err>
	</netstat_statistic>
</test_results>
