<?xml version="1.0"?>
<test_results>
	<status>STATUS_SUCCESS</status>
	<custom>
		<num_loss>587</num_loss>
		<num_total>30625343</num_total>
		<num_misses>89363288</num_misses>
		<elapsed_time>299.970813</elapsed_time>
		<query>
			<report>
				<misses>100001</misses>
				<total>0</total>
				<timestamp>0.871759</timestamp>
			</report>
			<report>
				<misses>200001</misses>
				<total>0</total>
				<timestamp>1.737004</timestamp>
			</report>
			<report>
				<misses>300001</misses>
				<total>0</total>
				<timestamp>2.699611</timestamp>
			</report>
			<report>
				<misses>400001</misses>
				<total>0</total>
				<timestamp>3.689836</timestamp>
			</report>
			<report>
				<misses>500001</misses>
				<total>0</total>
				<timestamp>4.674195</timestamp>
			</report>
			<report>
				<misses>600001</misses>
				<total>0</total>
				<timestamp>5.639006</timestamp>
			</report>
			<report>
				<misses>700001</misses>
				<total>0</total>
				<timestamp>6.638068</timestamp>
			</report>
			<report>
				<misses>800001</misses>
				<total>0</total>
				<timestamp>7.612004</timestamp>
			</report>
			<report>
				<misses>900001</misses>
				<total>0</total>
				<timestamp>8.585213</timestamp>
			</report>
			<report>
				<misses>1000001</misses>
				<total>0</total>
				<timestamp>9.600427</timestamp>
			</report>
			<report>
				<misses>1100001</misses>
				<total>0</total>
				<timestamp>10.659988</timestamp>
			</report>
			<report>
				<misses>1200001</misses>
				<total>0</total>
				<timestamp>11.715583</timestamp>
			</report>
			<report>
				<misses>1300001</misses>
				<total>0</total>
				<timestamp>12.799639</timestamp>
			</report>
			<report>
				<misses>1400001</misses>
				<total>113</total>
				<timestamp>13.875780</timestamp>
			</report>
			<report>
				<misses>1500001</misses>
				<total>113</total>
				<timestamp>14.975996</timestamp>
			</report>
			<report>
				<misses>1600001</misses>
				<total>113</total>
				<timestamp>16.067417</timestamp>
			</report>
			<report>
				<misses>1700001</misses>
				<total>113</total>
				<timestamp>17.149713</timestamp>
			</report>
			<report>
				<misses>1800001</misses>
				<total>113</total>
				<timestamp>18.213054</timestamp>
			</report>
			<report>
				<misses>1900001</misses>
				<total>113</total>
				<timestamp>19.265391</timestamp>
			</report>
			<report>
				<misses>2000001</misses>
				<total>113</total>
				<timestamp>20.290110</timestamp>
			</report>
			<report>
				<misses>2100001</misses>
				<total>113</total>
				<timestamp>21.280535</timestamp>
			</report>
			<report>
				<misses>2200001</misses>
				<total>113</total>
				<timestamp>22.249248</timestamp>
			</report>
			<report>
				<misses>2300001</misses>
				<total>113</total>
				<timestamp>23.193965</timestamp>
			</report>
			<report>
				<misses>2400001</misses>
				<total>113</total>
				<timestamp>24.164410</timestamp>
			</report>
			<report>
				<misses>2500001</misses>
				<total>113</total>
				<timestamp>25.137335</timestamp>
			</report>
			<report>
				<misses>2600001</misses>
				<total>113</total>
				<timestamp>26.084519</timestamp>
			</report>
			<report>
				<misses>2700001</misses>
				<total>113</total>
				<timestamp>27.020055</timestamp>
			</report>
			<report>
				<misses>2800001</misses>
				<total>113</total>
				<timestamp>27.966013</timestamp>
			</report>
			<report>
				<misses>2900001</misses>
				<total>113</total>
				<timestamp>28.926983</timestamp>
			</report>
			<report>
				<misses>3000001</misses>
				<total>113</total>
				<timestamp>29.891875</timestamp>
			</report>
			<report>
				<misses>3100001</misses>
				<total>113</total>
				<timestamp>30.863646</timestamp>
			</report>
			<report>
				<misses>3200001</misses>
				<total>113</total>
				<timestamp>31.823123</timestamp>
			</report>
			<report>
				<misses>3300001</misses>
				<total>113</total>
				<timestamp>32.792117</timestamp>
			</report>
			<report>
				<misses>3400001</misses>
				<total>113</total>
				<timestamp>33.776336</timestamp>
			</report>
			<report>
				<misses>3500001</misses>
				<total>113</total>
				<timestamp>34.774701</timestamp>
			</report>
			<report>
				<misses>3600001</misses>
				<total>113</total>
				<timestamp>35.712717</timestamp>
			</report>
			<report>
				<misses>3700001</misses>
				<total>113</total>
				<timestamp>36.664964</timestamp>
			</report>
			<report>
				<misses>3800001</misses>
				<total>113</total>
				<timestamp>37.610622</timestamp>
			</report>
			<report>
				<misses>3900001</misses>
				<total>113</total>
				<timestamp>38.563018</timestamp>
			</report>
			<report>
				<misses>4000001</misses>
				<total>113</total>
				<timestamp>39.521180</timestamp>
			</report>
			<report>
				<misses>4100001</misses>
				<total>113</total>
				<timestamp>40.482691</timestamp>
			</report>
			<report>
				<misses>4200001</misses>
				<total>113</total>
				<timestamp>41.441212</timestamp>
			</report>
			<report>
				<misses>4300001</misses>
				<total>113</total>
				<timestamp>42.394825</timestamp>
			</report>
			<report>
				<misses>4400001</misses>
				<total>113</total>
				<timestamp>43.344869</timestamp>
			</report>
			<report>
				<misses>4500001</misses>
				<total>113</total>
				<timestamp>44.286146</timestamp>
			</report>
			<report>
				<misses>4600001</misses>
				<total>113</total>
				<timestamp>45.234322</timestamp>
			</report>
			<report>
				<misses>4700001</misses>
				<total>113</total>
				<timestamp>46.189091</timestamp>
			</report>
			<report>
				<misses>4800001</misses>
				<total>113</total>
				<timestamp>47.158298</timestamp>
			</report>
			<report>
				<misses>4900001</misses>
				<total>113</total>
				<timestamp>48.115111</timestamp>
			</report>
			<report>
				<misses>5000001</misses>
				<total>113</total>
				<timestamp>49.069955</timestamp>
			</report>
			<report>
				<misses>5100001</misses>
				<total>113</total>
				<timestamp>50.014182</timestamp>
			</report>
			<report>
				<misses>5200001</misses>
				<total>113</total>
				<timestamp>50.991010</timestamp>
			</report>
			<report>
				<misses>5300001</misses>
				<total>113</total>
				<timestamp>51.954956</timestamp>
			</report>
			<report>
				<misses>5400001</misses>
				<total>113</total>
				<timestamp>52.890786</timestamp>
			</report>
			<report>
				<misses>5500001</misses>
				<total>113</total>
				<timestamp>53.851514</timestamp>
			</report>
			<report>
				<misses>5600001</misses>
				<total>113</total>
				<timestamp>54.818097</timestamp>
			</report>
			<report>
				<misses>5700001</misses>
				<total>113</total>
				<timestamp>55.776660</timestamp>
			</report>
			<report>
				<misses>5800001</misses>
				<total>113</total>
				<timestamp>56.722381</timestamp>
			</report>
			<report>
				<misses>5900001</misses>
				<total>113</total>
				<timestamp>57.679801</timestamp>
			</report>
			<report>
				<misses>6000001</misses>
				<total>113</total>
				<timestamp>58.633395</timestamp>
			</report>
			<report>
				<misses>6100001</misses>
				<total>113</total>
				<timestamp>59.589160</timestamp>
			</report>
			<report>
				<misses>6200001</misses>
				<total>113</total>
				<timestamp>60.545233</timestamp>
			</report>
			<report>
				<misses>6300001</misses>
				<total>113</total>
				<timestamp>61.505836</timestamp>
			</report>
			<report>
				<misses>6400001</misses>
				<total>113</total>
				<timestamp>62.468534</timestamp>
			</report>
			<report>
				<misses>6500001</misses>
				<total>113</total>
				<timestamp>63.414769</timestamp>
			</report>
			<report>
				<misses>6600001</misses>
				<total>113</total>
				<timestamp>64.371455</timestamp>
			</report>
			<report>
				<misses>6700001</misses>
				<total>113</total>
				<timestamp>65.337244</timestamp>
			</report>
			<report>
				<misses>6800001</misses>
				<total>113</total>
				<timestamp>66.289172</timestamp>
			</report>
			<report>
				<misses>6900001</misses>
				<total>113</total>
				<timestamp>67.234948</timestamp>
			</report>
			<report>
				<misses>7000001</misses>
				<total>113</total>
				<timestamp>68.185738</timestamp>
			</report>
			<report>
				<misses>7100001</misses>
				<total>113</total>
				<timestamp>69.155300</timestamp>
			</report>
			<report>
				<misses>7200001</misses>
				<total>113</total>
				<timestamp>70.114953</timestamp>
			</report>
			<report>
				<misses>7300001</misses>
				<total>113</total>
				<timestamp>71.076378</timestamp>
			</report>
			<report>
				<misses>7400001</misses>
				<total>113</total>
				<timestamp>72.030270</timestamp>
			</report>
			<report>
				<misses>7500001</misses>
				<total>113</total>
				<timestamp>72.960430</timestamp>
			</report>
			<report>
				<misses>7600001</misses>
				<total>229</total>
				<timestamp>73.920086</timestamp>
			</report>
			<report>
				<misses>7700001</misses>
				<total>229</total>
				<timestamp>74.873810</timestamp>
			</report>
			<report>
				<misses>7800001</misses>
				<total>229</total>
				<timestamp>75.822017</timestamp>
			</report>
			<report>
				<misses>7900001</misses>
				<total>229</total>
				<timestamp>76.800062</timestamp>
			</report>
			<report>
				<misses>8000001</misses>
				<total>229</total>
				<timestamp>77.767514</timestamp>
			</report>
			<report>
				<misses>8100001</misses>
				<total>229</total>
				<timestamp>78.733202</timestamp>
			</report>
			<report>
				<misses>8200001</misses>
				<total>229</total>
				<timestamp>79.698157</timestamp>
			</report>
			<report>
				<misses>8300001</misses>
				<total>229</total>
				<timestamp>80.663676</timestamp>
			</report>
			<report>
				<misses>8400001</misses>
				<total>229</total>
				<timestamp>81.630104</timestamp>
			</report>
			<report>
				<misses>8500001</misses>
				<total>229</total>
				<timestamp>82.588577</timestamp>
			</report>
			<report>
				<misses>8600001</misses>
				<total>229</total>
				<timestamp>83.567029</timestamp>
			</report>
			<report>
				<misses>8700001</misses>
				<total>229</total>
				<timestamp>84.542439</timestamp>
			</report>
			<report>
				<misses>8800001</misses>
				<total>229</total>
				<timestamp>85.503921</timestamp>
			</report>
			<report>
				<misses>8900001</misses>
				<total>229</total>
				<timestamp>86.468597</timestamp>
			</report>
			<report>
				<misses>9000001</misses>
				<total>229</total>
				<timestamp>87.428040</timestamp>
			</report>
			<report>
				<misses>9100001</misses>
				<total>229</total>
				<timestamp>88.400571</timestamp>
			</report>
			<report>
				<misses>9200001</misses>
				<total>229</total>
				<timestamp>89.382941</timestamp>
			</report>
			<report>
				<misses>9300001</misses>
				<total>229</total>
				<timestamp>90.363265</timestamp>
			</report>
			<report>
				<misses>9400001</misses>
				<total>229</total>
				<timestamp>91.323854</timestamp>
			</report>
			<report>
				<misses>9500001</misses>
				<total>229</total>
				<timestamp>92.304359</timestamp>
			</report>
			<report>
				<misses>9600001</misses>
				<total>229</total>
				<timestamp>93.279408</timestamp>
			</report>
			<report>
				<misses>9700001</misses>
				<total>229</total>
				<timestamp>94.265524</timestamp>
			</report>
			<report>
				<misses>9800001</misses>
				<total>229</total>
				<timestamp>95.235799</timestamp>
			</report>
			<report>
				<misses>9900001</misses>
				<total>229</total>
				<timestamp>96.214829</timestamp>
			</report>
			<report>
				<misses>10000001</misses>
				<total>229</total>
				<timestamp>97.192410</timestamp>
			</report>
			<report>
				<misses>10100001</misses>
				<total>229</total>
				<timestamp>98.173290</timestamp>
			</report>
			<report>
				<misses>10200001</misses>
				<total>229</total>
				<timestamp>99.142576</timestamp>
			</report>
			<report>
				<misses>10300001</misses>
				<total>229</total>
				<timestamp>100.098928</timestamp>
			</report>
			<report>
				<misses>10400001</misses>
				<total>229</total>
				<timestamp>101.080734</timestamp>
			</report>
			<report>
				<misses>10500001</misses>
				<total>229</total>
				<timestamp>102.053335</timestamp>
			</report>
			<report>
				<misses>10600001</misses>
				<total>229</total>
				<timestamp>103.023397</timestamp>
			</report>
			<report>
				<misses>10700001</misses>
				<total>229</total>
				<timestamp>103.994562</timestamp>
			</report>
			<report>
				<misses>10800001</misses>
				<total>229</total>
				<timestamp>104.983284</timestamp>
			</report>
			<report>
				<misses>10900001</misses>
				<total>229</total>
				<timestamp>105.971826</timestamp>
			</report>
			<report>
				<misses>11000001</misses>
				<total>229</total>
				<timestamp>106.942686</timestamp>
			</report>
			<report>
				<misses>11100001</misses>
				<total>229</total>
				<timestamp>107.910934</timestamp>
			</report>
			<report>
				<misses>11200001</misses>
				<total>229</total>
				<timestamp>108.896435</timestamp>
			</report>
			<report>
				<misses>11300001</misses>
				<total>229</total>
				<timestamp>109.877091</timestamp>
			</report>
			<report>
				<misses>11400001</misses>
				<total>229</total>
				<timestamp>110.871581</timestamp>
			</report>
			<report>
				<misses>11500001</misses>
				<total>229</total>
				<timestamp>111.844396</timestamp>
			</report>
			<report>
				<misses>11600001</misses>
				<total>229</total>
				<timestamp>112.814830</timestamp>
			</report>
			<report>
				<misses>11700001</misses>
				<total>229</total>
				<timestamp>113.774286</timestamp>
			</report>
			<report>
				<misses>11800001</misses>
				<total>229</total>
				<timestamp>114.758640</timestamp>
			</report>
			<report>
				<misses>11900001</misses>
				<total>229</total>
				<timestamp>115.736872</timestamp>
			</report>
			<report>
				<misses>12000001</misses>
				<total>229</total>
				<timestamp>116.734148</timestamp>
			</report>
			<report>
				<misses>12100001</misses>
				<total>229</total>
				<timestamp>117.730474</timestamp>
			</report>
			<report>
				<misses>12200001</misses>
				<total>229</total>
				<timestamp>118.719479</timestamp>
			</report>
			<report>
				<misses>12300001</misses>
				<total>229</total>
				<timestamp>119.700822</timestamp>
			</report>
			<report>
				<misses>12400001</misses>
				<total>229</total>
				<timestamp>120.683471</timestamp>
			</report>
			<report>
				<misses>12500001</misses>
				<total>229</total>
				<timestamp>121.672908</timestamp>
			</report>
			<report>
				<misses>12600001</misses>
				<total>229</total>
				<timestamp>122.656689</timestamp>
			</report>
			<report>
				<misses>12700001</misses>
				<total>229</total>
				<timestamp>123.645612</timestamp>
			</report>
			<report>
				<misses>12800001</misses>
				<total>229</total>
				<timestamp>124.627670</timestamp>
			</report>
			<report>
				<misses>12900001</misses>
				<total>229</total>
				<timestamp>125.616717</timestamp>
			</report>
			<report>
				<misses>13000001</misses>
				<total>229</total>
				<timestamp>126.588052</timestamp>
			</report>
			<report>
				<misses>13100001</misses>
				<total>229</total>
				<timestamp>127.584471</timestamp>
			</report>
			<report>
				<misses>13200001</misses>
				<total>229</total>
				<timestamp>128.593174</timestamp>
			</report>
			<report>
				<misses>13300001</misses>
				<total>229</total>
				<timestamp>129.573484</timestamp>
			</report>
			<report>
				<misses>13400001</misses>
				<total>229</total>
				<timestamp>130.556478</timestamp>
			</report>
			<report>
				<misses>13500001</misses>
				<total>229</total>
				<timestamp>131.536490</timestamp>
			</report>
			<report>
				<misses>13600001</misses>
				<total>229</total>
				<timestamp>132.521942</timestamp>
			</report>
			<report>
				<misses>13700001</misses>
				<total>338</total>
				<timestamp>133.508164</timestamp>
			</report>
			<report>
				<misses>13800001</misses>
				<total>338</total>
				<timestamp>134.485642</timestamp>
			</report>
			<report>
				<misses>13900001</misses>
				<total>338</total>
				<timestamp>135.491792</timestamp>
			</report>
			<report>
				<misses>14000001</misses>
				<total>338</total>
				<timestamp>136.488484</timestamp>
			</report>
			<report>
				<misses>14100001</misses>
				<total>338</total>
				<timestamp>137.481893</timestamp>
			</report>
			<report>
				<misses>14200001</misses>
				<total>338</total>
				<timestamp>138.454332</timestamp>
			</report>
			<report>
				<misses>14300001</misses>
				<total>338</total>
				<timestamp>139.405061</timestamp>
			</report>
			<report>
				<misses>14400001</misses>
				<total>338</total>
				<timestamp>140.378688</timestamp>
			</report>
			<report>
				<misses>14500001</misses>
				<total>338</total>
				<timestamp>141.365113</timestamp>
			</report>
			<report>
				<misses>14600001</misses>
				<total>338</total>
				<timestamp>142.340713</timestamp>
			</report>
			<report>
				<misses>14700001</misses>
				<total>338</total>
				<timestamp>143.306160</timestamp>
			</report>
			<report>
				<misses>14800001</misses>
				<total>338</total>
				<timestamp>144.279310</timestamp>
			</report>
			<report>
				<misses>14900001</misses>
				<total>338</total>
				<timestamp>145.252170</timestamp>
			</report>
			<report>
				<misses>15000001</misses>
				<total>338</total>
				<timestamp>146.232990</timestamp>
			</report>
			<report>
				<misses>15100001</misses>
				<total>338</total>
				<timestamp>147.221257</timestamp>
			</report>
			<report>
				<misses>15200001</misses>
				<total>338</total>
				<timestamp>148.204743</timestamp>
			</report>
			<report>
				<misses>15300001</misses>
				<total>338</total>
				<timestamp>149.172878</timestamp>
			</report>
			<report>
				<misses>15400001</misses>
				<total>338</total>
				<timestamp>150.154478</timestamp>
			</report>
			<report>
				<misses>15500001</misses>
				<total>338</total>
				<timestamp>151.139768</timestamp>
			</report>
			<report>
				<misses>15600001</misses>
				<total>338</total>
				<timestamp>152.119884</timestamp>
			</report>
			<report>
				<misses>15700001</misses>
				<total>338</total>
				<timestamp>153.117524</timestamp>
			</report>
			<report>
				<misses>15800001</misses>
				<total>338</total>
				<timestamp>154.081660</timestamp>
			</report>
			<report>
				<misses>15900001</misses>
				<total>338</total>
				<timestamp>155.055944</timestamp>
			</report>
			<report>
				<misses>16000001</misses>
				<total>338</total>
				<timestamp>156.032183</timestamp>
			</report>
			<report>
				<misses>16100001</misses>
				<total>338</total>
				<timestamp>157.001385</timestamp>
			</report>
			<report>
				<misses>16200001</misses>
				<total>338</total>
				<timestamp>157.967094</timestamp>
			</report>
			<report>
				<misses>16300001</misses>
				<total>338</total>
				<timestamp>158.956513</timestamp>
			</report>
			<report>
				<misses>16400001</misses>
				<total>338</total>
				<timestamp>159.944313</timestamp>
			</report>
			<report>
				<misses>16500001</misses>
				<total>338</total>
				<timestamp>160.922492</timestamp>
			</report>
			<report>
				<misses>16600001</misses>
				<total>338</total>
				<timestamp>161.892632</timestamp>
			</report>
			<report>
				<misses>16700001</misses>
				<total>338</total>
				<timestamp>162.875824</timestamp>
			</report>
			<report>
				<misses>16800001</misses>
				<total>338</total>
				<timestamp>163.858025</timestamp>
			</report>
			<report>
				<misses>16900001</misses>
				<total>338</total>
				<timestamp>164.856894</timestamp>
			</report>
			<report>
				<misses>17000001</misses>
				<total>338</total>
				<timestamp>165.828175</timestamp>
			</report>
			<report>
				<misses>17100001</misses>
				<total>338</total>
				<timestamp>166.802341</timestamp>
			</report>
			<report>
				<misses>17200001</misses>
				<total>338</total>
				<timestamp>167.786266</timestamp>
			</report>
			<report>
				<misses>17300001</misses>
				<total>338</total>
				<timestamp>168.784243</timestamp>
			</report>
			<report>
				<misses>17400001</misses>
				<total>338</total>
				<timestamp>169.759379</timestamp>
			</report>
			<report>
				<misses>17500001</misses>
				<total>338</total>
				<timestamp>170.741203</timestamp>
			</report>
			<report>
				<misses>17600001</misses>
				<total>338</total>
				<timestamp>171.728785</timestamp>
			</report>
			<report>
				<misses>17700001</misses>
				<total>338</total>
				<timestamp>172.718076</timestamp>
			</report>
			<report>
				<misses>17800001</misses>
				<total>338</total>
				<timestamp>173.708358</timestamp>
			</report>
			<report>
				<misses>17900001</misses>
				<total>338</total>
				<timestamp>174.683144</timestamp>
			</report>
			<report>
				<misses>18000001</misses>
				<total>338</total>
				<timestamp>175.668372</timestamp>
			</report>
			<report>
				<misses>18100001</misses>
				<total>338</total>
				<timestamp>176.642090</timestamp>
			</report>
			<report>
				<misses>18200001</misses>
				<total>338</total>
				<timestamp>177.610463</timestamp>
			</report>
			<report>
				<misses>18300001</misses>
				<total>338</total>
				<timestamp>178.590661</timestamp>
			</report>
			<report>
				<misses>18400001</misses>
				<total>338</total>
				<timestamp>179.562057</timestamp>
			</report>
			<report>
				<misses>18500001</misses>
				<total>338</total>
				<timestamp>180.523068</timestamp>
			</report>
			<report>
				<misses>18600001</misses>
				<total>338</total>
				<timestamp>181.517478</timestamp>
			</report>
			<report>
				<misses>18700001</misses>
				<total>338</total>
				<timestamp>182.484116</timestamp>
			</report>
			<report>
				<misses>18800001</misses>
				<total>338</total>
				<timestamp>183.480812</timestamp>
			</report>
			<report>
				<misses>18900001</misses>
				<total>338</total>
				<timestamp>184.463866</timestamp>
			</report>
			<report>
				<misses>19000001</misses>
				<total>338</total>
				<timestamp>185.433039</timestamp>
			</report>
			<report>
				<misses>19100001</misses>
				<total>338</total>
				<timestamp>186.415366</timestamp>
			</report>
			<report>
				<misses>19200001</misses>
				<total>338</total>
				<timestamp>187.394201</timestamp>
			</report>
			<report>
				<misses>19300001</misses>
				<total>338</total>
				<timestamp>188.369461</timestamp>
			</report>
			<report>
				<misses>19400001</misses>
				<total>338</total>
				<timestamp>189.374449</timestamp>
			</report>
			<report>
				<misses>19500001</misses>
				<total>338</total>
				<timestamp>190.349012</timestamp>
			</report>
			<report>
				<misses>19600001</misses>
				<total>338</total>
				<timestamp>191.341736</timestamp>
			</report>
			<report>
				<misses>19700001</misses>
				<total>338</total>
				<timestamp>192.318339</timestamp>
			</report>
			<report>
				<misses>19800001</misses>
				<total>467</total>
				<timestamp>193.295209</timestamp>
			</report>
			<report>
				<misses>19900001</misses>
				<total>467</total>
				<timestamp>194.290307</timestamp>
			</report>
			<report>
				<misses>20000001</misses>
				<total>467</total>
				<timestamp>195.291094</timestamp>
			</report>
			<report>
				<misses>20100001</misses>
				<total>467</total>
				<timestamp>196.282452</timestamp>
			</report>
			<report>
				<misses>20200001</misses>
				<total>467</total>
				<timestamp>197.264695</timestamp>
			</report>
			<report>
				<misses>20300001</misses>
				<total>467</total>
				<timestamp>198.254602</timestamp>
			</report>
			<report>
				<misses>20400001</misses>
				<total>467</total>
				<timestamp>199.242160</timestamp>
			</report>
			<report>
				<misses>20500001</misses>
				<total>467</total>
				<timestamp>200.234450</timestamp>
			</report>
			<report>
				<misses>20600001</misses>
				<total>467</total>
				<timestamp>201.235117</timestamp>
			</report>
			<report>
				<misses>20700001</misses>
				<total>467</total>
				<timestamp>202.232177</timestamp>
			</report>
			<report>
				<misses>20800001</misses>
				<total>467</total>
				<timestamp>203.233062</timestamp>
			</report>
			<report>
				<misses>20900001</misses>
				<total>467</total>
				<timestamp>204.225671</timestamp>
			</report>
			<report>
				<misses>21000001</misses>
				<total>467</total>
				<timestamp>205.225540</timestamp>
			</report>
			<report>
				<misses>21100001</misses>
				<total>467</total>
				<timestamp>206.221533</timestamp>
			</report>
			<report>
				<misses>21200001</misses>
				<total>467</total>
				<timestamp>207.200884</timestamp>
			</report>
			<report>
				<misses>21300001</misses>
				<total>467</total>
				<timestamp>208.164605</timestamp>
			</report>
			<report>
				<misses>21400001</misses>
				<total>467</total>
				<timestamp>209.166302</timestamp>
			</report>
			<report>
				<misses>21500001</misses>
				<total>467</total>
				<timestamp>210.153331</timestamp>
			</report>
			<report>
				<misses>21600001</misses>
				<total>467</total>
				<timestamp>211.135717</timestamp>
			</report>
			<report>
				<misses>21700001</misses>
				<total>467</total>
				<timestamp>212.115138</timestamp>
			</report>
			<report>
				<misses>21800001</misses>
				<total>467</total>
				<timestamp>213.090433</timestamp>
			</report>
			<report>
				<misses>21900001</misses>
				<total>467</total>
				<timestamp>214.072023</timestamp>
			</report>
			<report>
				<misses>22000001</misses>
				<total>467</total>
				<timestamp>215.049864</timestamp>
			</report>
			<report>
				<misses>22100001</misses>
				<total>467</total>
				<timestamp>216.036611</timestamp>
			</report>
			<report>
				<misses>22200001</misses>
				<total>467</total>
				<timestamp>217.035352</timestamp>
			</report>
			<report>
				<misses>22300001</misses>
				<total>467</total>
				<timestamp>218.045014</timestamp>
			</report>
			<report>
				<misses>22400001</misses>
				<total>467</total>
				<timestamp>219.039468</timestamp>
			</report>
			<report>
				<misses>22500001</misses>
				<total>467</total>
				<timestamp>220.059978</timestamp>
			</report>
			<report>
				<misses>22600001</misses>
				<total>467</total>
				<timestamp>221.051500</timestamp>
			</report>
			<report>
				<misses>22700001</misses>
				<total>467</total>
				<timestamp>222.069975</timestamp>
			</report>
			<report>
				<misses>22800001</misses>
				<total>467</total>
				<timestamp>223.056230</timestamp>
			</report>
			<report>
				<misses>22900001</misses>
				<total>467</total>
				<timestamp>224.044133</timestamp>
			</report>
			<report>
				<misses>23000001</misses>
				<total>467</total>
				<timestamp>225.043353</timestamp>
			</report>
			<report>
				<misses>23100001</misses>
				<total>467</total>
				<timestamp>226.027181</timestamp>
			</report>
			<report>
				<misses>23200001</misses>
				<total>467</total>
				<timestamp>226.989612</timestamp>
			</report>
			<report>
				<misses>23300001</misses>
				<total>467</total>
				<timestamp>227.959881</timestamp>
			</report>
			<report>
				<misses>23400001</misses>
				<total>467</total>
				<timestamp>228.942407</timestamp>
			</report>
			<report>
				<misses>23500001</misses>
				<total>467</total>
				<timestamp>229.918727</timestamp>
			</report>
			<report>
				<misses>23600001</misses>
				<total>467</total>
				<timestamp>230.893063</timestamp>
			</report>
			<report>
				<misses>23700001</misses>
				<total>467</total>
				<timestamp>231.889448</timestamp>
			</report>
			<report>
				<misses>23800001</misses>
				<total>467</total>
				<timestamp>232.874924</timestamp>
			</report>
			<report>
				<misses>23900001</misses>
				<total>467</total>
				<timestamp>233.865592</timestamp>
			</report>
			<report>
				<misses>24000001</misses>
				<total>467</total>
				<timestamp>234.836686</timestamp>
			</report>
			<report>
				<misses>24100001</misses>
				<total>467</total>
				<timestamp>235.807005</timestamp>
			</report>
			<report>
				<misses>24200001</misses>
				<total>467</total>
				<timestamp>236.776833</timestamp>
			</report>
			<report>
				<misses>24300001</misses>
				<total>467</total>
				<timestamp>237.754869</timestamp>
			</report>
			<report>
				<misses>24400001</misses>
				<total>467</total>
				<timestamp>238.717480</timestamp>
			</report>
			<report>
				<misses>24500001</misses>
				<total>467</total>
				<timestamp>239.709748</timestamp>
			</report>
			<report>
				<misses>24600001</misses>
				<total>467</total>
				<timestamp>240.687624</timestamp>
			</report>
			<report>
				<misses>24700001</misses>
				<total>467</total>
				<timestamp>241.690255</timestamp>
			</report>
			<report>
				<misses>24800001</misses>
				<total>467</total>
				<timestamp>242.671662</timestamp>
			</report>
			<report>
				<misses>24900001</misses>
				<total>467</total>
				<timestamp>243.643120</timestamp>
			</report>
			<report>
				<misses>25000001</misses>
				<total>467</total>
				<timestamp>244.644819</timestamp>
			</report>
			<report>
				<misses>25100001</misses>
				<total>467</total>
				<timestamp>245.621520</timestamp>
			</report>
			<report>
				<misses>25200001</misses>
				<total>467</total>
				<timestamp>246.598657</timestamp>
			</report>
			<report>
				<misses>25300001</misses>
				<total>467</total>
				<timestamp>247.579417</timestamp>
			</report>
			<report>
				<misses>25400001</misses>
				<total>467</total>
				<timestamp>248.579147</timestamp>
			</report>
			<report>
				<misses>25500001</misses>
				<total>467</total>
				<timestamp>249.565969</timestamp>
			</report>
			<report>
				<misses>25600001</misses>
				<total>467</total>
				<timestamp>250.577611</timestamp>
			</report>
			<report>
				<misses>25700001</misses>
				<total>467</total>
				<timestamp>251.585326</timestamp>
			</report>
			<report>
				<misses>25800001</misses>
				<total>467</total>
				<timestamp>252.583744</timestamp>
			</report>
			<report>
				<misses>25900001</misses>
				<total>587</total>
				<timestamp>253.567870</timestamp>
			</report>
			<report>
				<misses>26000001</misses>
				<total>587</total>
				<timestamp>254.535960</timestamp>
			</report>
			<report>
				<misses>26100001</misses>
				<total>587</total>
				<timestamp>255.523236</timestamp>
			</report>
			<report>
				<misses>26200001</misses>
				<total>587</total>
				<timestamp>256.518084</timestamp>
			</report>
			<report>
				<misses>26300001</misses>
				<total>587</total>
				<timestamp>257.503987</timestamp>
			</report>
			<report>
				<misses>26400001</misses>
				<total>587</total>
				<timestamp>258.479472</timestamp>
			</report>
			<report>
				<misses>26500001</misses>
				<total>587</total>
				<timestamp>259.461753</timestamp>
			</report>
			<report>
				<misses>26600001</misses>
				<total>587</total>
				<timestamp>260.436162</timestamp>
			</report>
			<report>
				<misses>26700001</misses>
				<total>587</total>
				<timestamp>261.416943</timestamp>
			</report>
			<report>
				<misses>26800001</misses>
				<total>587</total>
				<timestamp>262.387087</timestamp>
			</report>
			<report>
				<misses>26900001</misses>
				<total>587</total>
				<timestamp>263.380340</timestamp>
			</report>
			<report>
				<misses>27000001</misses>
				<total>587</total>
				<timestamp>264.357923</timestamp>
			</report>
			<report>
				<misses>27100001</misses>
				<total>587</total>
				<timestamp>265.332624</timestamp>
			</report>
			<report>
				<misses>27200001</misses>
				<total>587</total>
				<timestamp>266.314279</timestamp>
			</report>
			<report>
				<misses>27300001</misses>
				<total>587</total>
				<timestamp>267.289823</timestamp>
			</report>
			<report>
				<misses>27400001</misses>
				<total>587</total>
				<timestamp>268.273129</timestamp>
			</report>
			<report>
				<misses>27500001</misses>
				<total>587</total>
				<timestamp>269.245012</timestamp>
			</report>
			<report>
				<misses>27600001</misses>
				<total>587</total>
				<timestamp>270.228586</timestamp>
			</report>
			<report>
				<misses>27700001</misses>
				<total>587</total>
				<timestamp>271.210280</timestamp>
			</report>
			<report>
				<misses>27800001</misses>
				<total>587</total>
				<timestamp>272.195925</timestamp>
			</report>
			<report>
				<misses>27900001</misses>
				<total>587</total>
				<timestamp>273.171469</timestamp>
			</report>
			<report>
				<misses>28000001</misses>
				<total>587</total>
				<timestamp>274.164771</timestamp>
			</report>
			<report>
				<misses>28100001</misses>
				<total>587</total>
				<timestamp>275.138634</timestamp>
			</report>
			<report>
				<misses>28200001</misses>
				<total>587</total>
				<timestamp>276.120981</timestamp>
			</report>
			<report>
				<misses>28300001</misses>
				<total>587</total>
				<timestamp>277.093630</timestamp>
			</report>
			<report>
				<misses>28400001</misses>
				<total>587</total>
				<timestamp>278.075417</timestamp>
			</report>
			<report>
				<misses>28500001</misses>
				<total>587</total>
				<timestamp>279.047268</timestamp>
			</report>
			<report>
				<misses>28600001</misses>
				<total>587</total>
				<timestamp>280.038260</timestamp>
			</report>
			<report>
				<misses>28700001</misses>
				<total>587</total>
				<timestamp>281.022947</timestamp>
			</report>
			<report>
				<misses>28800001</misses>
				<total>587</total>
				<timestamp>282.001097</timestamp>
			</report>
			<report>
				<misses>28900001</misses>
				<total>587</total>
				<timestamp>282.990202</timestamp>
			</report>
			<report>
				<misses>29000001</misses>
				<total>587</total>
				<timestamp>283.975259</timestamp>
			</report>
			<report>
				<misses>29100001</misses>
				<total>587</total>
				<timestamp>284.956134</timestamp>
			</report>
			<report>
				<misses>29200001</misses>
				<total>587</total>
				<timestamp>285.942801</timestamp>
			</report>
			<report>
				<misses>29300001</misses>
				<total>587</total>
				<timestamp>286.927516</timestamp>
			</report>
			<report>
				<misses>29400001</misses>
				<total>587</total>
				<timestamp>287.922153</timestamp>
			</report>
			<report>
				<misses>29500001</misses>
				<total>587</total>
				<timestamp>288.899325</timestamp>
			</report>
			<report>
				<misses>29600001</misses>
				<total>587</total>
				<timestamp>289.884909</timestamp>
			</report>
			<report>
				<misses>29700001</misses>
				<total>587</total>
				<timestamp>290.869777</timestamp>
			</report>
			<report>
				<misses>29800001</misses>
				<total>587</total>
				<timestamp>291.850121</timestamp>
			</report>
			<report>
				<misses>29900001</misses>
				<total>587</total>
				<timestamp>292.842201</timestamp>
			</report>
			<report>
				<misses>30000001</misses>
				<total>587</total>
				<timestamp>293.825701</timestamp>
			</report>
			<report>
				<misses>30100001</misses>
				<total>587</total>
				<timestamp>294.794579</timestamp>
			</report>
			<report>
				<misses>30200001</misses>
				<total>587</total>
				<timestamp>295.776291</timestamp>
			</report>
			<report>
				<misses>30300001</misses>
				<total>587</total>
				<timestamp>296.767369</timestamp>
			</report>
			<report>
				<misses>30400001</misses>
				<total>587</total>
				<timestamp>297.746175</timestamp>
			</report>
			<report>
				<misses>30500001</misses>
				<total>587</total>
				<timestamp>298.725069</timestamp>
			</report>
			<report>
				<misses>30600001</misses>
				<total>587</total>
				<timestamp>299.707658</timestamp>
			</report>
		</query>
	</custom>
	<ethtool_statistic>
		<rx_packets>
			<start>127171711</start>
			<end>150806849</end>
		</rx_packets>
		<tx_packets>
			<start>146958477</start>
			<end>177584073</end>
		</tx_packets>
		<rx_dropped>
			<start>0</start>
			<end>0</end>
		</rx_dropped>
		<tx_dropped>
			<start>0</start>
			<end>0</end>
		</tx_dropped>
		<collisions>
			<start>0</start>
			<end>0</end>
		</collisions>
		<port_tx_errors>
			<start>0</start>
			<end>0</end>
		</port_tx_errors>
		<port_rx_dropped>
			<start>0</start>
			<end>0</end>
		</port_rx_dropped>
		<port_tx_dropped_link_down>
			<start>0</start>
			<end>0</end>
		</port_tx_dropped_link_down>
	</ethtool_statistic>
	<ip_statistic>
		<mtu>
			<start>9000</start>
			<end>9000</end>
		</mtu>
		<rx_bytes>
			<start>595494464987</start>
			<end>806834895241</end>
		</rx_bytes>
		<rx_packets>
			<start>127171711</start>
			<end>150806849</end>
		</rx_packets>
		<rx_errors>
			<start>0</start>
			<end>0</end>
		</rx_errors>
		<rx_dropped>
			<start>0</start>
			<end>0</end>
		</rx_dropped>
		<rx_missed>
			<start>0</start>
			<end>0</end>
		</rx_missed>
		<rx_mcast>
			<start>4</start>
			<end>4</end>
		</rx_mcast>
		<tx_bytes>
			<start>576109870676</start>
			<end>849958980012</end>
		</tx_bytes>
		<tx_packets>
			<start>146958477</start>
			<end>177584073</end>
		</tx_packets>
		<tx_errors>
			<start>0</start>
			<end>0</end>
		</tx_errors>
		<tx_dropped>
			<start>0</start>
			<end>0</end>
		</tx_dropped>
		<tx_carrier>
			<start>0</start>
			<end>0</end>
		</tx_carrier>
		<tx_collisions>
			<start>0</start>
			<end>0</end>
		</tx_collisions>
	</ip_statistic>
	<netstat_statistic>
		<udp_pkg_rec>
			<start>871953132</start>
			<end>1096410044</end>
		</udp_pkg_rec>
		<udp_pkg_snt>
			<start>911438984</start>
			<end>1157183575</end>
		</udp_pkg_snt>
		<udp_rec_err>
			<start>0</start>
			<end>0</end>
		</udp_rec_err>
		<udp_rec_buf_err>
			<start>0</start>
			<end>0</end>
		</udp_rec_buf_err>
		<udp_snt_buf_err>
			<start>0</start>
			<end>0</end>
		</udp_snt_buf_err>
	</netstat_statistic>
</test_results>
