<?xml version="1.0"?>
<test_results>
	<status>STATUS_SUCCESS</status>
	<custom>
		<num_loss>1733</num_loss>
		<num_total>5000001</num_total>
		<num_misses>1802</num_misses>
		<elapsed_time>100.035310</elapsed_time>
		<query>
			<report>
				<misses>100000</misses>
				<total>68</total>
				<timestamp>2.000770</timestamp>
			</report>
			<report>
				<misses>200000</misses>
				<total>88</total>
				<timestamp>4.001823</timestamp>
			</report>
			<report>
				<misses>300000</misses>
				<total>111</total>
				<timestamp>6.002570</timestamp>
			</report>
			<report>
				<misses>400000</misses>
				<total>114</total>
				<timestamp>8.003217</timestamp>
			</report>
			<report>
				<misses>500000</misses>
				<total>140</total>
				<timestamp>10.004663</timestamp>
			</report>
			<report>
				<misses>600000</misses>
				<total>166</total>
				<timestamp>12.005337</timestamp>
			</report>
			<report>
				<misses>700000</misses>
				<total>166</total>
				<timestamp>14.006013</timestamp>
			</report>
			<report>
				<misses>800000</misses>
				<total>227</total>
				<timestamp>16.006418</timestamp>
			</report>
			<report>
				<misses>900000</misses>
				<total>230</total>
				<timestamp>18.006828</timestamp>
			</report>
			<report>
				<misses>1000000</misses>
				<total>241</total>
				<timestamp>20.007235</timestamp>
			</report>
			<report>
				<misses>1100000</misses>
				<total>311</total>
				<timestamp>22.008032</timestamp>
			</report>
			<report>
				<misses>1200000</misses>
				<total>382</total>
				<timestamp>24.008378</timestamp>
			</report>
			<report>
				<misses>1300000</misses>
				<total>412</total>
				<timestamp>26.008947</timestamp>
			</report>
			<report>
				<misses>1400000</misses>
				<total>440</total>
				<timestamp>28.009680</timestamp>
			</report>
			<report>
				<misses>1500000</misses>
				<total>480</total>
				<timestamp>30.011082</timestamp>
			</report>
			<report>
				<misses>1600000</misses>
				<total>481</total>
				<timestamp>32.011912</timestamp>
			</report>
			<report>
				<misses>1700000</misses>
				<total>529</total>
				<timestamp>34.012134</timestamp>
			</report>
			<report>
				<misses>1800000</misses>
				<total>534</total>
				<timestamp>36.012810</timestamp>
			</report>
			<report>
				<misses>1900000</misses>
				<total>588</total>
				<timestamp>38.013257</timestamp>
			</report>
			<report>
				<misses>2000000</misses>
				<total>621</total>
				<timestamp>40.013559</timestamp>
			</report>
			<report>
				<misses>2100000</misses>
				<total>625</total>
				<timestamp>42.013816</timestamp>
			</report>
			<report>
				<misses>2200000</misses>
				<total>632</total>
				<timestamp>44.014383</timestamp>
			</report>
			<report>
				<misses>2300000</misses>
				<total>676</total>
				<timestamp>46.015213</timestamp>
			</report>
			<report>
				<misses>2400000</misses>
				<total>713</total>
				<timestamp>48.015812</timestamp>
			</report>
			<report>
				<misses>2500000</misses>
				<total>731</total>
				<timestamp>50.016278</timestamp>
			</report>
			<report>
				<misses>2600000</misses>
				<total>755</total>
				<timestamp>52.017065</timestamp>
			</report>
			<report>
				<misses>2700000</misses>
				<total>822</total>
				<timestamp>54.018190</timestamp>
			</report>
			<report>
				<misses>2800000</misses>
				<total>839</total>
				<timestamp>56.019154</timestamp>
			</report>
			<report>
				<misses>2900000</misses>
				<total>851</total>
				<timestamp>58.020017</timestamp>
			</report>
			<report>
				<misses>3000000</misses>
				<total>926</total>
				<timestamp>60.020717</timestamp>
			</report>
			<report>
				<misses>3100000</misses>
				<total>951</total>
				<timestamp>62.021283</timestamp>
			</report>
			<report>
				<misses>3200000</misses>
				<total>988</total>
				<timestamp>64.021689</timestamp>
			</report>
			<report>
				<misses>3300000</misses>
				<total>1004</total>
				<timestamp>66.022270</timestamp>
			</report>
			<report>
				<misses>3400000</misses>
				<total>1025</total>
				<timestamp>68.024204</timestamp>
			</report>
			<report>
				<misses>3500000</misses>
				<total>1055</total>
				<timestamp>70.024699</timestamp>
			</report>
			<report>
				<misses>3600000</misses>
				<total>1158</total>
				<timestamp>72.025231</timestamp>
			</report>
			<report>
				<misses>3700000</misses>
				<total>1177</total>
				<timestamp>74.025404</timestamp>
			</report>
			<report>
				<misses>3800000</misses>
				<total>1187</total>
				<timestamp>76.025975</timestamp>
			</report>
			<report>
				<misses>3900000</misses>
				<total>1240</total>
				<timestamp>78.026929</timestamp>
			</report>
			<report>
				<misses>4000000</misses>
				<total>1311</total>
				<timestamp>80.027579</timestamp>
			</report>
			<report>
				<misses>4100000</misses>
				<total>1404</total>
				<timestamp>82.028709</timestamp>
			</report>
			<report>
				<misses>4200000</misses>
				<total>1440</total>
				<timestamp>84.029289</timestamp>
			</report>
			<report>
				<misses>4300000</misses>
				<total>1544</total>
				<timestamp>86.029748</timestamp>
			</report>
			<report>
				<misses>4400000</misses>
				<total>1549</total>
				<timestamp>88.030720</timestamp>
			</report>
			<report>
				<misses>4500000</misses>
				<total>1582</total>
				<timestamp>90.031470</timestamp>
			</report>
			<report>
				<misses>4600000</misses>
				<total>1598</total>
				<timestamp>92.032241</timestamp>
			</report>
			<report>
				<misses>4700000</misses>
				<total>1640</total>
				<timestamp>94.033051</timestamp>
			</report>
			<report>
				<misses>4800000</misses>
				<total>1698</total>
				<timestamp>96.033563</timestamp>
			</report>
			<report>
				<misses>4900000</misses>
				<total>1704</total>
				<timestamp>98.034294</timestamp>
			</report>
			<report>
				<misses>5000000</misses>
				<total>1733</total>
				<timestamp>100.035286</timestamp>
			</report>
		</query>
	</custom>
	<ethtool_statistic>
		<rx_packets>
			<start>2646466175</start>
			<end>2651352538</end>
		</rx_packets>
		<tx_packets>
			<start>2989686061</start>
			<end>2997619979</end>
		</tx_packets>
		<rx_dropped>
			<start>0</start>
			<end>0</end>
		</rx_dropped>
		<tx_dropped>
			<start>0</start>
			<end>0</end>
		</tx_dropped>
		<collisions>
			<start>0</start>
			<end>0</end>
		</collisions>
		<port_tx_errors>
			<start>0</start>
			<end>0</end>
		</port_tx_errors>
		<port_rx_dropped>
			<start>0</start>
			<end>0</end>
		</port_rx_dropped>
		<port_tx_dropped_link_down>
			<start>0</start>
			<end>0</end>
		</port_tx_dropped_link_down>
	</ethtool_statistic>
	<ip_statistic>
		<mtu>
			<start>9000</start>
			<end>9000</end>
		</mtu>
		<rx_bytes>
			<start>23790868241844</start>
			<end>23834787545481</end>
		</rx_bytes>
		<rx_packets>
			<start>2646466257</start>
			<end>2651352643</end>
		</rx_packets>
		<rx_errors>
			<start>0</start>
			<end>0</end>
		</rx_errors>
		<rx_dropped>
			<start>0</start>
			<end>0</end>
		</rx_dropped>
		<rx_missed>
			<start>0</start>
			<end>0</end>
		</rx_missed>
		<rx_mcast>
			<start>486</start>
			<end>489</end>
		</rx_mcast>
		<tx_bytes>
			<start>14999193111731</start>
			<end>15070261678986</end>
		</tx_bytes>
		<tx_packets>
			<start>2989686113</start>
			<end>2997620035</end>
		</tx_packets>
		<tx_errors>
			<start>0</start>
			<end>0</end>
		</tx_errors>
		<tx_dropped>
			<start>0</start>
			<end>0</end>
		</tx_dropped>
		<tx_carrier>
			<start>0</start>
			<end>0</end>
		</tx_carrier>
		<tx_collisions>
			<start>0</start>
			<end>0</end>
		</tx_collisions>
	</ip_statistic>
	<netstat_statistic>
		<udp_pkg_rec>
			<start>2493551273</start>
			<end>2498196928</end>
		</udp_pkg_rec>
		<udp_pkg_snt>
			<start>2989938094</start>
			<end>2997870974</end>
		</udp_pkg_snt>
		<udp_rec_err>
			<start>153149946</start>
			<end>153390382</end>
		</udp_rec_err>
		<udp_rec_buf_err>
			<start>153149946</start>
			<end>153390382</end>
		</udp_rec_buf_err>
		<udp_snt_buf_err>
			<start>0</start>
			<end>0</end>
		</udp_snt_buf_err>
	</netstat_statistic>
</test_results>
