<?xml version="1.0"?>
<test_results>
	<status>STATUS_SUCCESS</status>
	<custom>
		<num_loss>2</num_loss>
		<num_total>119979859</num_total>
		<num_misses>5051</num_misses>
		<elapsed_time>7199.022664</elapsed_time>
		<query>
			<report>
				<misses>100000</misses>
				<total>0</total>
				<timestamp>6.000324</timestamp>
			</report>
			<report>
				<misses>200000</misses>
				<total>0</total>
				<timestamp>12.000278</timestamp>
			</report>
			<report>
				<misses>300000</misses>
				<total>0</total>
				<timestamp>18.000573</timestamp>
			</report>
			<report>
				<misses>400000</misses>
				<total>0</total>
				<timestamp>24.000496</timestamp>
			</report>
			<report>
				<misses>500000</misses>
				<total>0</total>
				<timestamp>30.001873</timestamp>
			</report>
			<report>
				<misses>600000</misses>
				<total>0</total>
				<timestamp>36.002058</timestamp>
			</report>
			<report>
				<misses>700000</misses>
				<total>0</total>
				<timestamp>42.002913</timestamp>
			</report>
			<report>
				<misses>800000</misses>
				<total>0</total>
				<timestamp>48.003094</timestamp>
			</report>
			<report>
				<misses>900000</misses>
				<total>0</total>
				<timestamp>54.003794</timestamp>
			</report>
			<report>
				<misses>1000000</misses>
				<total>0</total>
				<timestamp>60.003885</timestamp>
			</report>
			<report>
				<misses>1100000</misses>
				<total>0</total>
				<timestamp>66.004092</timestamp>
			</report>
			<report>
				<misses>1200000</misses>
				<total>0</total>
				<timestamp>72.004827</timestamp>
			</report>
			<report>
				<misses>1300000</misses>
				<total>0</total>
				<timestamp>78.004753</timestamp>
			</report>
			<report>
				<misses>1400000</misses>
				<total>0</total>
				<timestamp>84.005108</timestamp>
			</report>
			<report>
				<misses>1500000</misses>
				<total>0</total>
				<timestamp>90.006721</timestamp>
			</report>
			<report>
				<misses>1600000</misses>
				<total>0</total>
				<timestamp>96.007179</timestamp>
			</report>
			<report>
				<misses>1700000</misses>
				<total>0</total>
				<timestamp>102.007411</timestamp>
			</report>
			<report>
				<misses>1800000</misses>
				<total>0</total>
				<timestamp>108.007698</timestamp>
			</report>
			<report>
				<misses>1900000</misses>
				<total>0</total>
				<timestamp>114.007996</timestamp>
			</report>
			<report>
				<misses>2000000</misses>
				<total>0</total>
				<timestamp>120.008222</timestamp>
			</report>
			<report>
				<misses>2100000</misses>
				<total>0</total>
				<timestamp>126.008223</timestamp>
			</report>
			<report>
				<misses>2200000</misses>
				<total>0</total>
				<timestamp>132.008487</timestamp>
			</report>
			<report>
				<misses>2300000</misses>
				<total>0</total>
				<timestamp>138.008484</timestamp>
			</report>
			<report>
				<misses>2400000</misses>
				<total>0</total>
				<timestamp>144.008599</timestamp>
			</report>
			<report>
				<misses>2500000</misses>
				<total>0</total>
				<timestamp>150.008696</timestamp>
			</report>
			<report>
				<misses>2600000</misses>
				<total>0</total>
				<timestamp>156.009075</timestamp>
			</report>
			<report>
				<misses>2700000</misses>
				<total>0</total>
				<timestamp>162.009386</timestamp>
			</report>
			<report>
				<misses>2800000</misses>
				<total>0</total>
				<timestamp>168.010417</timestamp>
			</report>
			<report>
				<misses>2900000</misses>
				<total>0</total>
				<timestamp>174.011316</timestamp>
			</report>
			<report>
				<misses>3000000</misses>
				<total>0</total>
				<timestamp>180.011225</timestamp>
			</report>
			<report>
				<misses>3100000</misses>
				<total>0</total>
				<timestamp>186.011175</timestamp>
			</report>
			<report>
				<misses>3200000</misses>
				<total>0</total>
				<timestamp>192.011188</timestamp>
			</report>
			<report>
				<misses>3300000</misses>
				<total>0</total>
				<timestamp>198.011120</timestamp>
			</report>
			<report>
				<misses>3400000</misses>
				<total>0</total>
				<timestamp>204.011102</timestamp>
			</report>
			<report>
				<misses>3500000</misses>
				<total>0</total>
				<timestamp>210.011098</timestamp>
			</report>
			<report>
				<misses>3600000</misses>
				<total>0</total>
				<timestamp>216.011065</timestamp>
			</report>
			<report>
				<misses>3700000</misses>
				<total>0</total>
				<timestamp>222.010996</timestamp>
			</report>
			<report>
				<misses>3800000</misses>
				<total>0</total>
				<timestamp>228.011054</timestamp>
			</report>
			<report>
				<misses>3900000</misses>
				<total>0</total>
				<timestamp>234.011114</timestamp>
			</report>
			<report>
				<misses>4000000</misses>
				<total>0</total>
				<timestamp>240.011181</timestamp>
			</report>
			<report>
				<misses>4100000</misses>
				<total>0</total>
				<timestamp>246.011621</timestamp>
			</report>
			<report>
				<misses>4200000</misses>
				<total>0</total>
				<timestamp>252.011920</timestamp>
			</report>
			<report>
				<misses>4300000</misses>
				<total>0</total>
				<timestamp>258.012133</timestamp>
			</report>
			<report>
				<misses>4400000</misses>
				<total>0</total>
				<timestamp>264.012068</timestamp>
			</report>
			<report>
				<misses>4500000</misses>
				<total>0</total>
				<timestamp>270.012044</timestamp>
			</report>
			<report>
				<misses>4600000</misses>
				<total>0</total>
				<timestamp>276.011961</timestamp>
			</report>
			<report>
				<misses>4700000</misses>
				<total>0</total>
				<timestamp>282.012083</timestamp>
			</report>
			<report>
				<misses>4800000</misses>
				<total>0</total>
				<timestamp>288.012138</timestamp>
			</report>
			<report>
				<misses>4900000</misses>
				<total>0</total>
				<timestamp>294.012201</timestamp>
			</report>
			<report>
				<misses>5000000</misses>
				<total>0</total>
				<timestamp>300.012435</timestamp>
			</report>
			<report>
				<misses>5100000</misses>
				<total>0</total>
				<timestamp>306.012797</timestamp>
			</report>
			<report>
				<misses>5200000</misses>
				<total>0</total>
				<timestamp>312.013402</timestamp>
			</report>
			<report>
				<misses>5300000</misses>
				<total>0</total>
				<timestamp>318.013394</timestamp>
			</report>
			<report>
				<misses>5400000</misses>
				<total>0</total>
				<timestamp>324.013510</timestamp>
			</report>
			<report>
				<misses>5500000</misses>
				<total>0</total>
				<timestamp>330.013706</timestamp>
			</report>
			<report>
				<misses>5600000</misses>
				<total>1</total>
				<timestamp>336.013718</timestamp>
			</report>
			<report>
				<misses>5700000</misses>
				<total>1</total>
				<timestamp>342.013773</timestamp>
			</report>
			<report>
				<misses>5800000</misses>
				<total>1</total>
				<timestamp>348.014426</timestamp>
			</report>
			<report>
				<misses>5900000</misses>
				<total>1</total>
				<timestamp>354.014894</timestamp>
			</report>
			<report>
				<misses>6000000</misses>
				<total>1</total>
				<timestamp>360.015232</timestamp>
			</report>
			<report>
				<misses>6100000</misses>
				<total>1</total>
				<timestamp>366.015604</timestamp>
			</report>
			<report>
				<misses>6200000</misses>
				<total>1</total>
				<timestamp>372.015820</timestamp>
			</report>
			<report>
				<misses>6300000</misses>
				<total>1</total>
				<timestamp>378.016206</timestamp>
			</report>
			<report>
				<misses>6400000</misses>
				<total>1</total>
				<timestamp>384.016333</timestamp>
			</report>
			<report>
				<misses>6500000</misses>
				<total>1</total>
				<timestamp>390.016271</timestamp>
			</report>
			<report>
				<misses>6600000</misses>
				<total>1</total>
				<timestamp>396.016441</timestamp>
			</report>
			<report>
				<misses>6700000</misses>
				<total>1</total>
				<timestamp>402.016399</timestamp>
			</report>
			<report>
				<misses>6800000</misses>
				<total>1</total>
				<timestamp>408.016747</timestamp>
			</report>
			<report>
				<misses>6900000</misses>
				<total>1</total>
				<timestamp>414.017071</timestamp>
			</report>
			<report>
				<misses>7000000</misses>
				<total>1</total>
				<timestamp>420.017594</timestamp>
			</report>
			<report>
				<misses>7100000</misses>
				<total>1</total>
				<timestamp>426.017594</timestamp>
			</report>
			<report>
				<misses>7200000</misses>
				<total>1</total>
				<timestamp>432.017543</timestamp>
			</report>
			<report>
				<misses>7300000</misses>
				<total>1</total>
				<timestamp>438.017463</timestamp>
			</report>
			<report>
				<misses>7400000</misses>
				<total>1</total>
				<timestamp>444.017426</timestamp>
			</report>
			<report>
				<misses>7500000</misses>
				<total>1</total>
				<timestamp>450.017371</timestamp>
			</report>
			<report>
				<misses>7600000</misses>
				<total>1</total>
				<timestamp>456.017279</timestamp>
			</report>
			<report>
				<misses>7700000</misses>
				<total>1</total>
				<timestamp>462.017338</timestamp>
			</report>
			<report>
				<misses>7800000</misses>
				<total>1</total>
				<timestamp>468.017286</timestamp>
			</report>
			<report>
				<misses>7900000</misses>
				<total>1</total>
				<timestamp>474.017229</timestamp>
			</report>
			<report>
				<misses>8000000</misses>
				<total>1</total>
				<timestamp>480.017260</timestamp>
			</report>
			<report>
				<misses>8100000</misses>
				<total>1</total>
				<timestamp>486.017162</timestamp>
			</report>
			<report>
				<misses>8200000</misses>
				<total>1</total>
				<timestamp>492.017110</timestamp>
			</report>
			<report>
				<misses>8300000</misses>
				<total>1</total>
				<timestamp>498.017061</timestamp>
			</report>
			<report>
				<misses>8400000</misses>
				<total>1</total>
				<timestamp>504.016992</timestamp>
			</report>
			<report>
				<misses>8500000</misses>
				<total>1</total>
				<timestamp>510.016933</timestamp>
			</report>
			<report>
				<misses>8600000</misses>
				<total>1</total>
				<timestamp>516.016873</timestamp>
			</report>
			<report>
				<misses>8700000</misses>
				<total>1</total>
				<timestamp>522.016813</timestamp>
			</report>
			<report>
				<misses>8800000</misses>
				<total>1</total>
				<timestamp>528.016818</timestamp>
			</report>
			<report>
				<misses>8900000</misses>
				<total>1</total>
				<timestamp>534.016760</timestamp>
			</report>
			<report>
				<misses>9000000</misses>
				<total>1</total>
				<timestamp>540.016696</timestamp>
			</report>
			<report>
				<misses>9100000</misses>
				<total>1</total>
				<timestamp>546.016638</timestamp>
			</report>
			<report>
				<misses>9200000</misses>
				<total>1</total>
				<timestamp>552.016572</timestamp>
			</report>
			<report>
				<misses>9300000</misses>
				<total>1</total>
				<timestamp>558.016543</timestamp>
			</report>
			<report>
				<misses>9400000</misses>
				<total>1</total>
				<timestamp>564.016496</timestamp>
			</report>
			<report>
				<misses>9500000</misses>
				<total>1</total>
				<timestamp>570.016534</timestamp>
			</report>
			<report>
				<misses>9600000</misses>
				<total>1</total>
				<timestamp>576.016445</timestamp>
			</report>
			<report>
				<misses>9700000</misses>
				<total>1</total>
				<timestamp>582.016450</timestamp>
			</report>
			<report>
				<misses>9800000</misses>
				<total>1</total>
				<timestamp>588.016810</timestamp>
			</report>
			<report>
				<misses>9900000</misses>
				<total>1</total>
				<timestamp>594.016891</timestamp>
			</report>
			<report>
				<misses>10000000</misses>
				<total>1</total>
				<timestamp>600.016862</timestamp>
			</report>
			<report>
				<misses>10100000</misses>
				<total>1</total>
				<timestamp>606.017224</timestamp>
			</report>
			<report>
				<misses>10200000</misses>
				<total>1</total>
				<timestamp>612.017657</timestamp>
			</report>
			<report>
				<misses>10300000</misses>
				<total>1</total>
				<timestamp>618.017613</timestamp>
			</report>
			<report>
				<misses>10400000</misses>
				<total>1</total>
				<timestamp>624.018251</timestamp>
			</report>
			<report>
				<misses>10500000</misses>
				<total>1</total>
				<timestamp>630.019054</timestamp>
			</report>
			<report>
				<misses>10600000</misses>
				<total>1</total>
				<timestamp>636.019063</timestamp>
			</report>
			<report>
				<misses>10700000</misses>
				<total>1</total>
				<timestamp>642.019138</timestamp>
			</report>
			<report>
				<misses>10800000</misses>
				<total>1</total>
				<timestamp>648.019260</timestamp>
			</report>
			<report>
				<misses>10900000</misses>
				<total>1</total>
				<timestamp>654.019817</timestamp>
			</report>
			<report>
				<misses>11000000</misses>
				<total>1</total>
				<timestamp>660.020098</timestamp>
			</report>
			<report>
				<misses>11100000</misses>
				<total>1</total>
				<timestamp>666.020050</timestamp>
			</report>
			<report>
				<misses>11200000</misses>
				<total>1</total>
				<timestamp>672.020411</timestamp>
			</report>
			<report>
				<misses>11300000</misses>
				<total>1</total>
				<timestamp>678.020941</timestamp>
			</report>
			<report>
				<misses>11400000</misses>
				<total>1</total>
				<timestamp>684.021754</timestamp>
			</report>
			<report>
				<misses>11500000</misses>
				<total>1</total>
				<timestamp>690.022259</timestamp>
			</report>
			<report>
				<misses>11600000</misses>
				<total>1</total>
				<timestamp>696.022467</timestamp>
			</report>
			<report>
				<misses>11700000</misses>
				<total>1</total>
				<timestamp>702.022461</timestamp>
			</report>
			<report>
				<misses>11800000</misses>
				<total>1</total>
				<timestamp>708.022401</timestamp>
			</report>
			<report>
				<misses>11900000</misses>
				<total>1</total>
				<timestamp>714.022875</timestamp>
			</report>
			<report>
				<misses>12000000</misses>
				<total>1</total>
				<timestamp>720.023472</timestamp>
			</report>
			<report>
				<misses>12100000</misses>
				<total>1</total>
				<timestamp>726.023482</timestamp>
			</report>
			<report>
				<misses>12200000</misses>
				<total>1</total>
				<timestamp>732.024020</timestamp>
			</report>
			<report>
				<misses>12300000</misses>
				<total>1</total>
				<timestamp>738.024370</timestamp>
			</report>
			<report>
				<misses>12400000</misses>
				<total>1</total>
				<timestamp>744.024316</timestamp>
			</report>
			<report>
				<misses>12500000</misses>
				<total>1</total>
				<timestamp>750.024323</timestamp>
			</report>
			<report>
				<misses>12600000</misses>
				<total>1</total>
				<timestamp>756.024329</timestamp>
			</report>
			<report>
				<misses>12700000</misses>
				<total>1</total>
				<timestamp>762.024247</timestamp>
			</report>
			<report>
				<misses>12800000</misses>
				<total>1</total>
				<timestamp>768.024219</timestamp>
			</report>
			<report>
				<misses>12900000</misses>
				<total>1</total>
				<timestamp>774.024133</timestamp>
			</report>
			<report>
				<misses>13000000</misses>
				<total>1</total>
				<timestamp>780.024092</timestamp>
			</report>
			<report>
				<misses>13100000</misses>
				<total>1</total>
				<timestamp>786.024159</timestamp>
			</report>
			<report>
				<misses>13200000</misses>
				<total>1</total>
				<timestamp>792.024121</timestamp>
			</report>
			<report>
				<misses>13300000</misses>
				<total>1</total>
				<timestamp>798.024065</timestamp>
			</report>
			<report>
				<misses>13400000</misses>
				<total>1</total>
				<timestamp>804.024036</timestamp>
			</report>
			<report>
				<misses>13500000</misses>
				<total>1</total>
				<timestamp>810.023958</timestamp>
			</report>
			<report>
				<misses>13600000</misses>
				<total>1</total>
				<timestamp>816.024215</timestamp>
			</report>
			<report>
				<misses>13700000</misses>
				<total>1</total>
				<timestamp>822.024243</timestamp>
			</report>
			<report>
				<misses>13800000</misses>
				<total>1</total>
				<timestamp>828.024306</timestamp>
			</report>
			<report>
				<misses>13900000</misses>
				<total>1</total>
				<timestamp>834.024329</timestamp>
			</report>
			<report>
				<misses>14000000</misses>
				<total>1</total>
				<timestamp>840.024793</timestamp>
			</report>
			<report>
				<misses>14100000</misses>
				<total>1</total>
				<timestamp>846.025096</timestamp>
			</report>
			<report>
				<misses>14200000</misses>
				<total>1</total>
				<timestamp>852.025442</timestamp>
			</report>
			<report>
				<misses>14300000</misses>
				<total>1</total>
				<timestamp>858.025498</timestamp>
			</report>
			<report>
				<misses>14400000</misses>
				<total>1</total>
				<timestamp>864.026432</timestamp>
			</report>
			<report>
				<misses>14500000</misses>
				<total>1</total>
				<timestamp>870.026781</timestamp>
			</report>
			<report>
				<misses>14600000</misses>
				<total>1</total>
				<timestamp>876.026776</timestamp>
			</report>
			<report>
				<misses>14700000</misses>
				<total>1</total>
				<timestamp>882.026722</timestamp>
			</report>
			<report>
				<misses>14800000</misses>
				<total>1</total>
				<timestamp>888.026961</timestamp>
			</report>
			<report>
				<misses>14900000</misses>
				<total>1</total>
				<timestamp>894.026971</timestamp>
			</report>
			<report>
				<misses>15000000</misses>
				<total>1</total>
				<timestamp>900.026926</timestamp>
			</report>
			<report>
				<misses>15100000</misses>
				<total>1</total>
				<timestamp>906.027195</timestamp>
			</report>
			<report>
				<misses>15200000</misses>
				<total>1</total>
				<timestamp>912.027241</timestamp>
			</report>
			<report>
				<misses>15300000</misses>
				<total>1</total>
				<timestamp>918.027196</timestamp>
			</report>
			<report>
				<misses>15400000</misses>
				<total>1</total>
				<timestamp>924.027158</timestamp>
			</report>
			<report>
				<misses>15500000</misses>
				<total>1</total>
				<timestamp>930.027069</timestamp>
			</report>
			<report>
				<misses>15600000</misses>
				<total>1</total>
				<timestamp>936.027019</timestamp>
			</report>
			<report>
				<misses>15700000</misses>
				<total>1</total>
				<timestamp>942.026977</timestamp>
			</report>
			<report>
				<misses>15800000</misses>
				<total>1</total>
				<timestamp>948.026899</timestamp>
			</report>
			<report>
				<misses>15900000</misses>
				<total>1</total>
				<timestamp>954.026944</timestamp>
			</report>
			<report>
				<misses>16000000</misses>
				<total>1</total>
				<timestamp>960.026918</timestamp>
			</report>
			<report>
				<misses>16100000</misses>
				<total>1</total>
				<timestamp>966.026831</timestamp>
			</report>
			<report>
				<misses>16200000</misses>
				<total>1</total>
				<timestamp>972.026838</timestamp>
			</report>
			<report>
				<misses>16300000</misses>
				<total>1</total>
				<timestamp>978.026893</timestamp>
			</report>
			<report>
				<misses>16400000</misses>
				<total>1</total>
				<timestamp>984.026952</timestamp>
			</report>
			<report>
				<misses>16500000</misses>
				<total>1</total>
				<timestamp>990.027859</timestamp>
			</report>
			<report>
				<misses>16600000</misses>
				<total>1</total>
				<timestamp>996.027917</timestamp>
			</report>
			<report>
				<misses>16700000</misses>
				<total>1</total>
				<timestamp>1002.027977</timestamp>
			</report>
			<report>
				<misses>16800000</misses>
				<total>1</total>
				<timestamp>1008.027986</timestamp>
			</report>
			<report>
				<misses>16900000</misses>
				<total>1</total>
				<timestamp>1014.027987</timestamp>
			</report>
			<report>
				<misses>17000000</misses>
				<total>1</total>
				<timestamp>1020.027982</timestamp>
			</report>
			<report>
				<misses>17100000</misses>
				<total>1</total>
				<timestamp>1026.027953</timestamp>
			</report>
			<report>
				<misses>17200000</misses>
				<total>1</total>
				<timestamp>1032.027973</timestamp>
			</report>
			<report>
				<misses>17300000</misses>
				<total>1</total>
				<timestamp>1038.028049</timestamp>
			</report>
			<report>
				<misses>17400000</misses>
				<total>1</total>
				<timestamp>1044.028574</timestamp>
			</report>
			<report>
				<misses>17500000</misses>
				<total>1</total>
				<timestamp>1050.028960</timestamp>
			</report>
			<report>
				<misses>17600000</misses>
				<total>1</total>
				<timestamp>1056.028994</timestamp>
			</report>
			<report>
				<misses>17700000</misses>
				<total>1</total>
				<timestamp>1062.029242</timestamp>
			</report>
			<report>
				<misses>17800000</misses>
				<total>1</total>
				<timestamp>1068.029411</timestamp>
			</report>
			<report>
				<misses>17900000</misses>
				<total>1</total>
				<timestamp>1074.029771</timestamp>
			</report>
			<report>
				<misses>18000000</misses>
				<total>1</total>
				<timestamp>1080.030138</timestamp>
			</report>
			<report>
				<misses>18100000</misses>
				<total>1</total>
				<timestamp>1086.030969</timestamp>
			</report>
			<report>
				<misses>18200000</misses>
				<total>1</total>
				<timestamp>1092.031874</timestamp>
			</report>
			<report>
				<misses>18300000</misses>
				<total>1</total>
				<timestamp>1098.032401</timestamp>
			</report>
			<report>
				<misses>18400000</misses>
				<total>1</total>
				<timestamp>1104.032580</timestamp>
			</report>
			<report>
				<misses>18500000</misses>
				<total>1</total>
				<timestamp>1110.032587</timestamp>
			</report>
			<report>
				<misses>18600000</misses>
				<total>1</total>
				<timestamp>1116.032798</timestamp>
			</report>
			<report>
				<misses>18700000</misses>
				<total>1</total>
				<timestamp>1122.032847</timestamp>
			</report>
			<report>
				<misses>18800000</misses>
				<total>1</total>
				<timestamp>1128.032910</timestamp>
			</report>
			<report>
				<misses>18900000</misses>
				<total>1</total>
				<timestamp>1134.032829</timestamp>
			</report>
			<report>
				<misses>19000000</misses>
				<total>1</total>
				<timestamp>1140.032799</timestamp>
			</report>
			<report>
				<misses>19100000</misses>
				<total>1</total>
				<timestamp>1146.032727</timestamp>
			</report>
			<report>
				<misses>19200000</misses>
				<total>1</total>
				<timestamp>1152.032646</timestamp>
			</report>
			<report>
				<misses>19300000</misses>
				<total>1</total>
				<timestamp>1158.032610</timestamp>
			</report>
			<report>
				<misses>19400000</misses>
				<total>1</total>
				<timestamp>1164.032531</timestamp>
			</report>
			<report>
				<misses>19500000</misses>
				<total>1</total>
				<timestamp>1170.032478</timestamp>
			</report>
			<report>
				<misses>19600000</misses>
				<total>1</total>
				<timestamp>1176.032549</timestamp>
			</report>
			<report>
				<misses>19700000</misses>
				<total>1</total>
				<timestamp>1182.032534</timestamp>
			</report>
			<report>
				<misses>19800000</misses>
				<total>1</total>
				<timestamp>1188.032486</timestamp>
			</report>
			<report>
				<misses>19900000</misses>
				<total>1</total>
				<timestamp>1194.032946</timestamp>
			</report>
			<report>
				<misses>20000000</misses>
				<total>1</total>
				<timestamp>1200.033496</timestamp>
			</report>
			<report>
				<misses>20100000</misses>
				<total>1</total>
				<timestamp>1206.033606</timestamp>
			</report>
			<report>
				<misses>20200000</misses>
				<total>1</total>
				<timestamp>1212.033580</timestamp>
			</report>
			<report>
				<misses>20300000</misses>
				<total>1</total>
				<timestamp>1218.033768</timestamp>
			</report>
			<report>
				<misses>20400000</misses>
				<total>1</total>
				<timestamp>1224.033674</timestamp>
			</report>
			<report>
				<misses>20500000</misses>
				<total>1</total>
				<timestamp>1230.033682</timestamp>
			</report>
			<report>
				<misses>20600000</misses>
				<total>1</total>
				<timestamp>1236.033932</timestamp>
			</report>
			<report>
				<misses>20700000</misses>
				<total>1</total>
				<timestamp>1242.034214</timestamp>
			</report>
			<report>
				<misses>20800000</misses>
				<total>1</total>
				<timestamp>1248.034231</timestamp>
			</report>
			<report>
				<misses>20900000</misses>
				<total>1</total>
				<timestamp>1254.034262</timestamp>
			</report>
			<report>
				<misses>21000000</misses>
				<total>1</total>
				<timestamp>1260.034320</timestamp>
			</report>
			<report>
				<misses>21100000</misses>
				<total>1</total>
				<timestamp>1266.034509</timestamp>
			</report>
			<report>
				<misses>21200000</misses>
				<total>1</total>
				<timestamp>1272.034577</timestamp>
			</report>
			<report>
				<misses>21300000</misses>
				<total>1</total>
				<timestamp>1278.035413</timestamp>
			</report>
			<report>
				<misses>21400000</misses>
				<total>1</total>
				<timestamp>1284.036052</timestamp>
			</report>
			<report>
				<misses>21500000</misses>
				<total>1</total>
				<timestamp>1290.036626</timestamp>
			</report>
			<report>
				<misses>21600000</misses>
				<total>1</total>
				<timestamp>1296.036559</timestamp>
			</report>
			<report>
				<misses>21700000</misses>
				<total>1</total>
				<timestamp>1302.036490</timestamp>
			</report>
			<report>
				<misses>21800000</misses>
				<total>1</total>
				<timestamp>1308.036455</timestamp>
			</report>
			<report>
				<misses>21900000</misses>
				<total>1</total>
				<timestamp>1314.036868</timestamp>
			</report>
			<report>
				<misses>22000000</misses>
				<total>1</total>
				<timestamp>1320.036851</timestamp>
			</report>
			<report>
				<misses>22100000</misses>
				<total>1</total>
				<timestamp>1326.037002</timestamp>
			</report>
			<report>
				<misses>22200000</misses>
				<total>1</total>
				<timestamp>1332.037163</timestamp>
			</report>
			<report>
				<misses>22300000</misses>
				<total>1</total>
				<timestamp>1338.037167</timestamp>
			</report>
			<report>
				<misses>22400000</misses>
				<total>1</total>
				<timestamp>1344.037097</timestamp>
			</report>
			<report>
				<misses>22500000</misses>
				<total>1</total>
				<timestamp>1350.037555</timestamp>
			</report>
			<report>
				<misses>22600000</misses>
				<total>1</total>
				<timestamp>1356.037891</timestamp>
			</report>
			<report>
				<misses>22700000</misses>
				<total>1</total>
				<timestamp>1362.037911</timestamp>
			</report>
			<report>
				<misses>22800000</misses>
				<total>1</total>
				<timestamp>1368.037813</timestamp>
			</report>
			<report>
				<misses>22900000</misses>
				<total>1</total>
				<timestamp>1374.037800</timestamp>
			</report>
			<report>
				<misses>23000000</misses>
				<total>1</total>
				<timestamp>1380.037797</timestamp>
			</report>
			<report>
				<misses>23100000</misses>
				<total>1</total>
				<timestamp>1386.037812</timestamp>
			</report>
			<report>
				<misses>23200000</misses>
				<total>1</total>
				<timestamp>1392.039056</timestamp>
			</report>
			<report>
				<misses>23300000</misses>
				<total>1</total>
				<timestamp>1398.039847</timestamp>
			</report>
			<report>
				<misses>23400000</misses>
				<total>1</total>
				<timestamp>1404.039895</timestamp>
			</report>
			<report>
				<misses>23500000</misses>
				<total>1</total>
				<timestamp>1410.039971</timestamp>
			</report>
			<report>
				<misses>23600000</misses>
				<total>1</total>
				<timestamp>1416.039917</timestamp>
			</report>
			<report>
				<misses>23700000</misses>
				<total>1</total>
				<timestamp>1422.040030</timestamp>
			</report>
			<report>
				<misses>23800000</misses>
				<total>1</total>
				<timestamp>1428.040442</timestamp>
			</report>
			<report>
				<misses>23900000</misses>
				<total>1</total>
				<timestamp>1434.041058</timestamp>
			</report>
			<report>
				<misses>24000000</misses>
				<total>1</total>
				<timestamp>1440.041220</timestamp>
			</report>
			<report>
				<misses>24100000</misses>
				<total>1</total>
				<timestamp>1446.041289</timestamp>
			</report>
			<report>
				<misses>24200000</misses>
				<total>1</total>
				<timestamp>1452.041335</timestamp>
			</report>
			<report>
				<misses>24300000</misses>
				<total>1</total>
				<timestamp>1458.041285</timestamp>
			</report>
			<report>
				<misses>24400000</misses>
				<total>1</total>
				<timestamp>1464.041238</timestamp>
			</report>
			<report>
				<misses>24500000</misses>
				<total>1</total>
				<timestamp>1470.041285</timestamp>
			</report>
			<report>
				<misses>24600000</misses>
				<total>1</total>
				<timestamp>1476.041298</timestamp>
			</report>
			<report>
				<misses>24700000</misses>
				<total>1</total>
				<timestamp>1482.041228</timestamp>
			</report>
			<report>
				<misses>24800000</misses>
				<total>1</total>
				<timestamp>1488.041248</timestamp>
			</report>
			<report>
				<misses>24900000</misses>
				<total>1</total>
				<timestamp>1494.041341</timestamp>
			</report>
			<report>
				<misses>25000000</misses>
				<total>1</total>
				<timestamp>1500.041345</timestamp>
			</report>
			<report>
				<misses>25100000</misses>
				<total>1</total>
				<timestamp>1506.041833</timestamp>
			</report>
			<report>
				<misses>25200000</misses>
				<total>1</total>
				<timestamp>1512.042004</timestamp>
			</report>
			<report>
				<misses>25300000</misses>
				<total>1</total>
				<timestamp>1518.042444</timestamp>
			</report>
			<report>
				<misses>25400000</misses>
				<total>1</total>
				<timestamp>1524.042860</timestamp>
			</report>
			<report>
				<misses>25500000</misses>
				<total>1</total>
				<timestamp>1530.042790</timestamp>
			</report>
			<report>
				<misses>25600000</misses>
				<total>1</total>
				<timestamp>1536.042787</timestamp>
			</report>
			<report>
				<misses>25700000</misses>
				<total>1</total>
				<timestamp>1542.043084</timestamp>
			</report>
			<report>
				<misses>25800000</misses>
				<total>1</total>
				<timestamp>1548.043052</timestamp>
			</report>
			<report>
				<misses>25900000</misses>
				<total>1</total>
				<timestamp>1554.042985</timestamp>
			</report>
			<report>
				<misses>26000000</misses>
				<total>1</total>
				<timestamp>1560.043325</timestamp>
			</report>
			<report>
				<misses>26100000</misses>
				<total>1</total>
				<timestamp>1566.043750</timestamp>
			</report>
			<report>
				<misses>26200000</misses>
				<total>1</total>
				<timestamp>1572.044178</timestamp>
			</report>
			<report>
				<misses>26300000</misses>
				<total>1</total>
				<timestamp>1578.044309</timestamp>
			</report>
			<report>
				<misses>26400000</misses>
				<total>1</total>
				<timestamp>1584.044670</timestamp>
			</report>
			<report>
				<misses>26500000</misses>
				<total>1</total>
				<timestamp>1590.044832</timestamp>
			</report>
			<report>
				<misses>26600000</misses>
				<total>1</total>
				<timestamp>1596.045244</timestamp>
			</report>
			<report>
				<misses>26700000</misses>
				<total>1</total>
				<timestamp>1602.045963</timestamp>
			</report>
			<report>
				<misses>26800000</misses>
				<total>1</total>
				<timestamp>1608.046743</timestamp>
			</report>
			<report>
				<misses>26900000</misses>
				<total>1</total>
				<timestamp>1614.047158</timestamp>
			</report>
			<report>
				<misses>27000000</misses>
				<total>1</total>
				<timestamp>1620.047128</timestamp>
			</report>
			<report>
				<misses>27100000</misses>
				<total>1</total>
				<timestamp>1626.047294</timestamp>
			</report>
			<report>
				<misses>27200000</misses>
				<total>1</total>
				<timestamp>1632.047509</timestamp>
			</report>
			<report>
				<misses>27300000</misses>
				<total>1</total>
				<timestamp>1638.047605</timestamp>
			</report>
			<report>
				<misses>27400000</misses>
				<total>1</total>
				<timestamp>1644.047583</timestamp>
			</report>
			<report>
				<misses>27500000</misses>
				<total>1</total>
				<timestamp>1650.047833</timestamp>
			</report>
			<report>
				<misses>27600000</misses>
				<total>1</total>
				<timestamp>1656.047910</timestamp>
			</report>
			<report>
				<misses>27700000</misses>
				<total>1</total>
				<timestamp>1662.048480</timestamp>
			</report>
			<report>
				<misses>27800000</misses>
				<total>1</total>
				<timestamp>1668.048442</timestamp>
			</report>
			<report>
				<misses>27900000</misses>
				<total>1</total>
				<timestamp>1674.048487</timestamp>
			</report>
			<report>
				<misses>28000000</misses>
				<total>1</total>
				<timestamp>1680.048603</timestamp>
			</report>
			<report>
				<misses>28100000</misses>
				<total>1</total>
				<timestamp>1686.049262</timestamp>
			</report>
			<report>
				<misses>28200000</misses>
				<total>1</total>
				<timestamp>1692.049221</timestamp>
			</report>
			<report>
				<misses>28300000</misses>
				<total>1</total>
				<timestamp>1698.049182</timestamp>
			</report>
			<report>
				<misses>28400000</misses>
				<total>1</total>
				<timestamp>1704.049575</timestamp>
			</report>
			<report>
				<misses>28500000</misses>
				<total>1</total>
				<timestamp>1710.049692</timestamp>
			</report>
			<report>
				<misses>28600000</misses>
				<total>1</total>
				<timestamp>1716.049621</timestamp>
			</report>
			<report>
				<misses>28700000</misses>
				<total>1</total>
				<timestamp>1722.049671</timestamp>
			</report>
			<report>
				<misses>28800000</misses>
				<total>1</total>
				<timestamp>1728.049656</timestamp>
			</report>
			<report>
				<misses>28900000</misses>
				<total>1</total>
				<timestamp>1734.050916</timestamp>
			</report>
			<report>
				<misses>29000000</misses>
				<total>1</total>
				<timestamp>1740.051257</timestamp>
			</report>
			<report>
				<misses>29100000</misses>
				<total>1</total>
				<timestamp>1746.051443</timestamp>
			</report>
			<report>
				<misses>29200000</misses>
				<total>1</total>
				<timestamp>1752.051752</timestamp>
			</report>
			<report>
				<misses>29300000</misses>
				<total>1</total>
				<timestamp>1758.051971</timestamp>
			</report>
			<report>
				<misses>29400000</misses>
				<total>1</total>
				<timestamp>1764.052591</timestamp>
			</report>
			<report>
				<misses>29500000</misses>
				<total>1</total>
				<timestamp>1770.052580</timestamp>
			</report>
			<report>
				<misses>29600000</misses>
				<total>1</total>
				<timestamp>1776.052629</timestamp>
			</report>
			<report>
				<misses>29700000</misses>
				<total>1</total>
				<timestamp>1782.052706</timestamp>
			</report>
			<report>
				<misses>29800000</misses>
				<total>1</total>
				<timestamp>1788.052807</timestamp>
			</report>
			<report>
				<misses>29900000</misses>
				<total>1</total>
				<timestamp>1794.053157</timestamp>
			</report>
			<report>
				<misses>30000000</misses>
				<total>1</total>
				<timestamp>1800.053669</timestamp>
			</report>
			<report>
				<misses>30100000</misses>
				<total>1</total>
				<timestamp>1806.053867</timestamp>
			</report>
			<report>
				<misses>30200000</misses>
				<total>1</total>
				<timestamp>1812.053913</timestamp>
			</report>
			<report>
				<misses>30300000</misses>
				<total>1</total>
				<timestamp>1818.054315</timestamp>
			</report>
			<report>
				<misses>30400000</misses>
				<total>1</total>
				<timestamp>1824.054590</timestamp>
			</report>
			<report>
				<misses>30500000</misses>
				<total>1</total>
				<timestamp>1830.055034</timestamp>
			</report>
			<report>
				<misses>30600000</misses>
				<total>1</total>
				<timestamp>1836.055006</timestamp>
			</report>
			<report>
				<misses>30700000</misses>
				<total>1</total>
				<timestamp>1842.055199</timestamp>
			</report>
			<report>
				<misses>30800000</misses>
				<total>1</total>
				<timestamp>1848.055188</timestamp>
			</report>
			<report>
				<misses>30900000</misses>
				<total>1</total>
				<timestamp>1854.055742</timestamp>
			</report>
			<report>
				<misses>31000000</misses>
				<total>1</total>
				<timestamp>1860.055807</timestamp>
			</report>
			<report>
				<misses>31100000</misses>
				<total>1</total>
				<timestamp>1866.055961</timestamp>
			</report>
			<report>
				<misses>31200000</misses>
				<total>1</total>
				<timestamp>1872.056219</timestamp>
			</report>
			<report>
				<misses>31300000</misses>
				<total>1</total>
				<timestamp>1878.056244</timestamp>
			</report>
			<report>
				<misses>31400000</misses>
				<total>1</total>
				<timestamp>1884.056166</timestamp>
			</report>
			<report>
				<misses>31500000</misses>
				<total>1</total>
				<timestamp>1890.056498</timestamp>
			</report>
			<report>
				<misses>31600000</misses>
				<total>1</total>
				<timestamp>1896.056418</timestamp>
			</report>
			<report>
				<misses>31700000</misses>
				<total>1</total>
				<timestamp>1902.056529</timestamp>
			</report>
			<report>
				<misses>31800000</misses>
				<total>1</total>
				<timestamp>1908.056951</timestamp>
			</report>
			<report>
				<misses>31900000</misses>
				<total>1</total>
				<timestamp>1914.057123</timestamp>
			</report>
			<report>
				<misses>32000000</misses>
				<total>1</total>
				<timestamp>1920.057123</timestamp>
			</report>
			<report>
				<misses>32100000</misses>
				<total>1</total>
				<timestamp>1926.057278</timestamp>
			</report>
			<report>
				<misses>32200000</misses>
				<total>1</total>
				<timestamp>1932.057241</timestamp>
			</report>
			<report>
				<misses>32300000</misses>
				<total>1</total>
				<timestamp>1938.057332</timestamp>
			</report>
			<report>
				<misses>32400000</misses>
				<total>1</total>
				<timestamp>1944.057325</timestamp>
			</report>
			<report>
				<misses>32500000</misses>
				<total>1</total>
				<timestamp>1950.057404</timestamp>
			</report>
			<report>
				<misses>32600000</misses>
				<total>1</total>
				<timestamp>1956.057309</timestamp>
			</report>
			<report>
				<misses>32700000</misses>
				<total>1</total>
				<timestamp>1962.057427</timestamp>
			</report>
			<report>
				<misses>32800000</misses>
				<total>1</total>
				<timestamp>1968.057999</timestamp>
			</report>
			<report>
				<misses>32900000</misses>
				<total>1</total>
				<timestamp>1974.058646</timestamp>
			</report>
			<report>
				<misses>33000000</misses>
				<total>1</total>
				<timestamp>1980.058771</timestamp>
			</report>
			<report>
				<misses>33100000</misses>
				<total>1</total>
				<timestamp>1986.058715</timestamp>
			</report>
			<report>
				<misses>33200000</misses>
				<total>1</total>
				<timestamp>1992.058924</timestamp>
			</report>
			<report>
				<misses>33300000</misses>
				<total>1</total>
				<timestamp>1998.058935</timestamp>
			</report>
			<report>
				<misses>33400000</misses>
				<total>1</total>
				<timestamp>2004.058974</timestamp>
			</report>
			<report>
				<misses>33500000</misses>
				<total>1</total>
				<timestamp>2010.058952</timestamp>
			</report>
			<report>
				<misses>33600000</misses>
				<total>1</total>
				<timestamp>2016.058877</timestamp>
			</report>
			<report>
				<misses>33700000</misses>
				<total>1</total>
				<timestamp>2022.059932</timestamp>
			</report>
			<report>
				<misses>33800000</misses>
				<total>1</total>
				<timestamp>2028.060045</timestamp>
			</report>
			<report>
				<misses>33900000</misses>
				<total>1</total>
				<timestamp>2034.060371</timestamp>
			</report>
			<report>
				<misses>34000000</misses>
				<total>1</total>
				<timestamp>2040.060924</timestamp>
			</report>
			<report>
				<misses>34100000</misses>
				<total>1</total>
				<timestamp>2046.061099</timestamp>
			</report>
			<report>
				<misses>34200000</misses>
				<total>1</total>
				<timestamp>2052.061096</timestamp>
			</report>
			<report>
				<misses>34300000</misses>
				<total>1</total>
				<timestamp>2058.061870</timestamp>
			</report>
			<report>
				<misses>34400000</misses>
				<total>1</total>
				<timestamp>2064.062424</timestamp>
			</report>
			<report>
				<misses>34500000</misses>
				<total>1</total>
				<timestamp>2070.062481</timestamp>
			</report>
			<report>
				<misses>34600000</misses>
				<total>1</total>
				<timestamp>2076.062907</timestamp>
			</report>
			<report>
				<misses>34700000</misses>
				<total>1</total>
				<timestamp>2082.063339</timestamp>
			</report>
			<report>
				<misses>34800000</misses>
				<total>1</total>
				<timestamp>2088.063562</timestamp>
			</report>
			<report>
				<misses>34900000</misses>
				<total>1</total>
				<timestamp>2094.063777</timestamp>
			</report>
			<report>
				<misses>35000000</misses>
				<total>1</total>
				<timestamp>2100.063746</timestamp>
			</report>
			<report>
				<misses>35100000</misses>
				<total>1</total>
				<timestamp>2106.063712</timestamp>
			</report>
			<report>
				<misses>35200000</misses>
				<total>1</total>
				<timestamp>2112.063683</timestamp>
			</report>
			<report>
				<misses>35300000</misses>
				<total>1</total>
				<timestamp>2118.064517</timestamp>
			</report>
			<report>
				<misses>35400000</misses>
				<total>1</total>
				<timestamp>2124.064880</timestamp>
			</report>
			<report>
				<misses>35500000</misses>
				<total>1</total>
				<timestamp>2130.064830</timestamp>
			</report>
			<report>
				<misses>35600000</misses>
				<total>1</total>
				<timestamp>2136.065046</timestamp>
			</report>
			<report>
				<misses>35700000</misses>
				<total>1</total>
				<timestamp>2142.065401</timestamp>
			</report>
			<report>
				<misses>35800000</misses>
				<total>1</total>
				<timestamp>2148.065466</timestamp>
			</report>
			<report>
				<misses>35900000</misses>
				<total>1</total>
				<timestamp>2154.066133</timestamp>
			</report>
			<report>
				<misses>36000000</misses>
				<total>1</total>
				<timestamp>2160.066327</timestamp>
			</report>
			<report>
				<misses>36100000</misses>
				<total>1</total>
				<timestamp>2166.066682</timestamp>
			</report>
			<report>
				<misses>36200000</misses>
				<total>1</total>
				<timestamp>2172.067763</timestamp>
			</report>
			<report>
				<misses>36300000</misses>
				<total>1</total>
				<timestamp>2178.067819</timestamp>
			</report>
			<report>
				<misses>36400000</misses>
				<total>1</total>
				<timestamp>2184.068700</timestamp>
			</report>
			<report>
				<misses>36500000</misses>
				<total>1</total>
				<timestamp>2190.069275</timestamp>
			</report>
			<report>
				<misses>36600000</misses>
				<total>1</total>
				<timestamp>2196.069297</timestamp>
			</report>
			<report>
				<misses>36700000</misses>
				<total>1</total>
				<timestamp>2202.069364</timestamp>
			</report>
			<report>
				<misses>36800000</misses>
				<total>1</total>
				<timestamp>2208.069451</timestamp>
			</report>
			<report>
				<misses>36900000</misses>
				<total>1</total>
				<timestamp>2214.069393</timestamp>
			</report>
			<report>
				<misses>37000000</misses>
				<total>1</total>
				<timestamp>2220.069508</timestamp>
			</report>
			<report>
				<misses>37100000</misses>
				<total>1</total>
				<timestamp>2226.069795</timestamp>
			</report>
			<report>
				<misses>37200000</misses>
				<total>1</total>
				<timestamp>2232.069945</timestamp>
			</report>
			<report>
				<misses>37300000</misses>
				<total>1</total>
				<timestamp>2238.069969</timestamp>
			</report>
			<report>
				<misses>37400000</misses>
				<total>1</total>
				<timestamp>2244.070043</timestamp>
			</report>
			<report>
				<misses>37500000</misses>
				<total>1</total>
				<timestamp>2250.070751</timestamp>
			</report>
			<report>
				<misses>37600000</misses>
				<total>1</total>
				<timestamp>2256.070801</timestamp>
			</report>
			<report>
				<misses>37700000</misses>
				<total>1</total>
				<timestamp>2262.071287</timestamp>
			</report>
			<report>
				<misses>37800000</misses>
				<total>1</total>
				<timestamp>2268.071407</timestamp>
			</report>
			<report>
				<misses>37900000</misses>
				<total>1</total>
				<timestamp>2274.071700</timestamp>
			</report>
			<report>
				<misses>38000000</misses>
				<total>1</total>
				<timestamp>2280.071645</timestamp>
			</report>
			<report>
				<misses>38100000</misses>
				<total>1</total>
				<timestamp>2286.072143</timestamp>
			</report>
			<report>
				<misses>38200000</misses>
				<total>1</total>
				<timestamp>2292.072666</timestamp>
			</report>
			<report>
				<misses>38300000</misses>
				<total>1</total>
				<timestamp>2298.073050</timestamp>
			</report>
			<report>
				<misses>38400000</misses>
				<total>1</total>
				<timestamp>2304.073085</timestamp>
			</report>
			<report>
				<misses>38500000</misses>
				<total>1</total>
				<timestamp>2310.073683</timestamp>
			</report>
			<report>
				<misses>38600000</misses>
				<total>1</total>
				<timestamp>2316.074479</timestamp>
			</report>
			<report>
				<misses>38700000</misses>
				<total>1</total>
				<timestamp>2322.075665</timestamp>
			</report>
			<report>
				<misses>38800000</misses>
				<total>1</total>
				<timestamp>2328.076867</timestamp>
			</report>
			<report>
				<misses>38900000</misses>
				<total>1</total>
				<timestamp>2334.077657</timestamp>
			</report>
			<report>
				<misses>39000000</misses>
				<total>1</total>
				<timestamp>2340.078295</timestamp>
			</report>
			<report>
				<misses>39100000</misses>
				<total>1</total>
				<timestamp>2346.078276</timestamp>
			</report>
			<report>
				<misses>39200000</misses>
				<total>1</total>
				<timestamp>2352.078596</timestamp>
			</report>
			<report>
				<misses>39300000</misses>
				<total>1</total>
				<timestamp>2358.078799</timestamp>
			</report>
			<report>
				<misses>39400000</misses>
				<total>1</total>
				<timestamp>2364.078976</timestamp>
			</report>
			<report>
				<misses>39500000</misses>
				<total>1</total>
				<timestamp>2370.079356</timestamp>
			</report>
			<report>
				<misses>39600000</misses>
				<total>1</total>
				<timestamp>2376.079455</timestamp>
			</report>
			<report>
				<misses>39700000</misses>
				<total>1</total>
				<timestamp>2382.079841</timestamp>
			</report>
			<report>
				<misses>39800000</misses>
				<total>1</total>
				<timestamp>2388.079953</timestamp>
			</report>
			<report>
				<misses>39900000</misses>
				<total>1</total>
				<timestamp>2394.079987</timestamp>
			</report>
			<report>
				<misses>40000000</misses>
				<total>1</total>
				<timestamp>2400.080440</timestamp>
			</report>
			<report>
				<misses>40100000</misses>
				<total>1</total>
				<timestamp>2406.080862</timestamp>
			</report>
			<report>
				<misses>40200000</misses>
				<total>1</total>
				<timestamp>2412.081617</timestamp>
			</report>
			<report>
				<misses>40300000</misses>
				<total>1</total>
				<timestamp>2418.081607</timestamp>
			</report>
			<report>
				<misses>40400000</misses>
				<total>1</total>
				<timestamp>2424.081879</timestamp>
			</report>
			<report>
				<misses>40500000</misses>
				<total>1</total>
				<timestamp>2430.082220</timestamp>
			</report>
			<report>
				<misses>40600000</misses>
				<total>1</total>
				<timestamp>2436.082409</timestamp>
			</report>
			<report>
				<misses>40700000</misses>
				<total>1</total>
				<timestamp>2442.082384</timestamp>
			</report>
			<report>
				<misses>40800000</misses>
				<total>1</total>
				<timestamp>2448.082342</timestamp>
			</report>
			<report>
				<misses>40900000</misses>
				<total>1</total>
				<timestamp>2454.082449</timestamp>
			</report>
			<report>
				<misses>41000000</misses>
				<total>1</total>
				<timestamp>2460.082458</timestamp>
			</report>
			<report>
				<misses>41100000</misses>
				<total>1</total>
				<timestamp>2466.082506</timestamp>
			</report>
			<report>
				<misses>41200000</misses>
				<total>1</total>
				<timestamp>2472.082636</timestamp>
			</report>
			<report>
				<misses>41300000</misses>
				<total>1</total>
				<timestamp>2478.083120</timestamp>
			</report>
			<report>
				<misses>41400000</misses>
				<total>1</total>
				<timestamp>2484.083640</timestamp>
			</report>
			<report>
				<misses>41500000</misses>
				<total>1</total>
				<timestamp>2490.083583</timestamp>
			</report>
			<report>
				<misses>41600000</misses>
				<total>1</total>
				<timestamp>2496.083672</timestamp>
			</report>
			<report>
				<misses>41700000</misses>
				<total>1</total>
				<timestamp>2502.083842</timestamp>
			</report>
			<report>
				<misses>41800000</misses>
				<total>1</total>
				<timestamp>2508.084306</timestamp>
			</report>
			<report>
				<misses>41900000</misses>
				<total>1</total>
				<timestamp>2514.084487</timestamp>
			</report>
			<report>
				<misses>42000000</misses>
				<total>1</total>
				<timestamp>2520.084736</timestamp>
			</report>
			<report>
				<misses>42100000</misses>
				<total>1</total>
				<timestamp>2526.084796</timestamp>
			</report>
			<report>
				<misses>42200000</misses>
				<total>1</total>
				<timestamp>2532.084744</timestamp>
			</report>
			<report>
				<misses>42300000</misses>
				<total>1</total>
				<timestamp>2538.084673</timestamp>
			</report>
			<report>
				<misses>42400000</misses>
				<total>1</total>
				<timestamp>2544.084746</timestamp>
			</report>
			<report>
				<misses>42500000</misses>
				<total>1</total>
				<timestamp>2550.084664</timestamp>
			</report>
			<report>
				<misses>42600000</misses>
				<total>1</total>
				<timestamp>2556.084720</timestamp>
			</report>
			<report>
				<misses>42700000</misses>
				<total>1</total>
				<timestamp>2562.084696</timestamp>
			</report>
			<report>
				<misses>42800000</misses>
				<total>1</total>
				<timestamp>2568.084605</timestamp>
			</report>
			<report>
				<misses>42900000</misses>
				<total>1</total>
				<timestamp>2574.084544</timestamp>
			</report>
			<report>
				<misses>43000000</misses>
				<total>1</total>
				<timestamp>2580.084586</timestamp>
			</report>
			<report>
				<misses>43100000</misses>
				<total>1</total>
				<timestamp>2586.084479</timestamp>
			</report>
			<report>
				<misses>43200000</misses>
				<total>1</total>
				<timestamp>2592.084741</timestamp>
			</report>
			<report>
				<misses>43300000</misses>
				<total>1</total>
				<timestamp>2598.084792</timestamp>
			</report>
			<report>
				<misses>43400000</misses>
				<total>1</total>
				<timestamp>2604.084918</timestamp>
			</report>
			<report>
				<misses>43500000</misses>
				<total>1</total>
				<timestamp>2610.085419</timestamp>
			</report>
			<report>
				<misses>43600000</misses>
				<total>1</total>
				<timestamp>2616.085503</timestamp>
			</report>
			<report>
				<misses>43700000</misses>
				<total>1</total>
				<timestamp>2622.085618</timestamp>
			</report>
			<report>
				<misses>43800000</misses>
				<total>1</total>
				<timestamp>2628.085839</timestamp>
			</report>
			<report>
				<misses>43900000</misses>
				<total>1</total>
				<timestamp>2634.086069</timestamp>
			</report>
			<report>
				<misses>44000000</misses>
				<total>1</total>
				<timestamp>2640.086849</timestamp>
			</report>
			<report>
				<misses>44100000</misses>
				<total>1</total>
				<timestamp>2646.087368</timestamp>
			</report>
			<report>
				<misses>44200000</misses>
				<total>1</total>
				<timestamp>2652.087458</timestamp>
			</report>
			<report>
				<misses>44300000</misses>
				<total>1</total>
				<timestamp>2658.087553</timestamp>
			</report>
			<report>
				<misses>44400000</misses>
				<total>1</total>
				<timestamp>2664.089102</timestamp>
			</report>
			<report>
				<misses>44500000</misses>
				<total>1</total>
				<timestamp>2670.089477</timestamp>
			</report>
			<report>
				<misses>44600000</misses>
				<total>1</total>
				<timestamp>2676.089708</timestamp>
			</report>
			<report>
				<misses>44700000</misses>
				<total>1</total>
				<timestamp>2682.089787</timestamp>
			</report>
			<report>
				<misses>44800000</misses>
				<total>1</total>
				<timestamp>2688.089701</timestamp>
			</report>
			<report>
				<misses>44900000</misses>
				<total>1</total>
				<timestamp>2694.089758</timestamp>
			</report>
			<report>
				<misses>45000000</misses>
				<total>1</total>
				<timestamp>2700.089891</timestamp>
			</report>
			<report>
				<misses>45100000</misses>
				<total>1</total>
				<timestamp>2706.090132</timestamp>
			</report>
			<report>
				<misses>45200000</misses>
				<total>1</total>
				<timestamp>2712.090085</timestamp>
			</report>
			<report>
				<misses>45300000</misses>
				<total>1</total>
				<timestamp>2718.090290</timestamp>
			</report>
			<report>
				<misses>45400000</misses>
				<total>1</total>
				<timestamp>2724.090370</timestamp>
			</report>
			<report>
				<misses>45500000</misses>
				<total>1</total>
				<timestamp>2730.090606</timestamp>
			</report>
			<report>
				<misses>45600000</misses>
				<total>1</total>
				<timestamp>2736.090891</timestamp>
			</report>
			<report>
				<misses>45700000</misses>
				<total>1</total>
				<timestamp>2742.090795</timestamp>
			</report>
			<report>
				<misses>45800000</misses>
				<total>1</total>
				<timestamp>2748.091387</timestamp>
			</report>
			<report>
				<misses>45900000</misses>
				<total>1</total>
				<timestamp>2754.091342</timestamp>
			</report>
			<report>
				<misses>46000000</misses>
				<total>1</total>
				<timestamp>2760.091502</timestamp>
			</report>
			<report>
				<misses>46100000</misses>
				<total>1</total>
				<timestamp>2766.091463</timestamp>
			</report>
			<report>
				<misses>46200000</misses>
				<total>1</total>
				<timestamp>2772.091393</timestamp>
			</report>
			<report>
				<misses>46300000</misses>
				<total>1</total>
				<timestamp>2778.091328</timestamp>
			</report>
			<report>
				<misses>46400000</misses>
				<total>1</total>
				<timestamp>2784.091274</timestamp>
			</report>
			<report>
				<misses>46500000</misses>
				<total>1</total>
				<timestamp>2790.091231</timestamp>
			</report>
			<report>
				<misses>46600000</misses>
				<total>1</total>
				<timestamp>2796.091146</timestamp>
			</report>
			<report>
				<misses>46700000</misses>
				<total>1</total>
				<timestamp>2802.091158</timestamp>
			</report>
			<report>
				<misses>46800000</misses>
				<total>1</total>
				<timestamp>2808.091090</timestamp>
			</report>
			<report>
				<misses>46900000</misses>
				<total>1</total>
				<timestamp>2814.091031</timestamp>
			</report>
			<report>
				<misses>47000000</misses>
				<total>1</total>
				<timestamp>2820.090990</timestamp>
			</report>
			<report>
				<misses>47100000</misses>
				<total>1</total>
				<timestamp>2826.090925</timestamp>
			</report>
			<report>
				<misses>47200000</misses>
				<total>1</total>
				<timestamp>2832.090927</timestamp>
			</report>
			<report>
				<misses>47300000</misses>
				<total>1</total>
				<timestamp>2838.090895</timestamp>
			</report>
			<report>
				<misses>47400000</misses>
				<total>1</total>
				<timestamp>2844.090863</timestamp>
			</report>
			<report>
				<misses>47500000</misses>
				<total>1</total>
				<timestamp>2850.091119</timestamp>
			</report>
			<report>
				<misses>47600000</misses>
				<total>1</total>
				<timestamp>2856.091171</timestamp>
			</report>
			<report>
				<misses>47700000</misses>
				<total>1</total>
				<timestamp>2862.091384</timestamp>
			</report>
			<report>
				<misses>47800000</misses>
				<total>1</total>
				<timestamp>2868.091803</timestamp>
			</report>
			<report>
				<misses>47900000</misses>
				<total>1</total>
				<timestamp>2874.092223</timestamp>
			</report>
			<report>
				<misses>48000000</misses>
				<total>1</total>
				<timestamp>2880.092876</timestamp>
			</report>
			<report>
				<misses>48100000</misses>
				<total>1</total>
				<timestamp>2886.093433</timestamp>
			</report>
			<report>
				<misses>48200000</misses>
				<total>1</total>
				<timestamp>2892.094308</timestamp>
			</report>
			<report>
				<misses>48300000</misses>
				<total>1</total>
				<timestamp>2898.094688</timestamp>
			</report>
			<report>
				<misses>48400000</misses>
				<total>1</total>
				<timestamp>2904.094673</timestamp>
			</report>
			<report>
				<misses>48500000</misses>
				<total>1</total>
				<timestamp>2910.094871</timestamp>
			</report>
			<report>
				<misses>48600000</misses>
				<total>1</total>
				<timestamp>2916.094820</timestamp>
			</report>
			<report>
				<misses>48700000</misses>
				<total>1</total>
				<timestamp>2922.094751</timestamp>
			</report>
			<report>
				<misses>48800000</misses>
				<total>1</total>
				<timestamp>2928.094725</timestamp>
			</report>
			<report>
				<misses>48900000</misses>
				<total>1</total>
				<timestamp>2934.094631</timestamp>
			</report>
			<report>
				<misses>49000000</misses>
				<total>1</total>
				<timestamp>2940.094661</timestamp>
			</report>
			<report>
				<misses>49100000</misses>
				<total>1</total>
				<timestamp>2946.094564</timestamp>
			</report>
			<report>
				<misses>49200000</misses>
				<total>1</total>
				<timestamp>2952.094625</timestamp>
			</report>
			<report>
				<misses>49300000</misses>
				<total>1</total>
				<timestamp>2958.095076</timestamp>
			</report>
			<report>
				<misses>49400000</misses>
				<total>1</total>
				<timestamp>2964.095328</timestamp>
			</report>
			<report>
				<misses>49500000</misses>
				<total>1</total>
				<timestamp>2970.095498</timestamp>
			</report>
			<report>
				<misses>49600000</misses>
				<total>1</total>
				<timestamp>2976.095412</timestamp>
			</report>
			<report>
				<misses>49700000</misses>
				<total>1</total>
				<timestamp>2982.095344</timestamp>
			</report>
			<report>
				<misses>49800000</misses>
				<total>1</total>
				<timestamp>2988.095297</timestamp>
			</report>
			<report>
				<misses>49900000</misses>
				<total>1</total>
				<timestamp>2994.095228</timestamp>
			</report>
			<report>
				<misses>50000000</misses>
				<total>1</total>
				<timestamp>3000.095189</timestamp>
			</report>
			<report>
				<misses>50100000</misses>
				<total>1</total>
				<timestamp>3006.095163</timestamp>
			</report>
			<report>
				<misses>50200000</misses>
				<total>1</total>
				<timestamp>3012.095239</timestamp>
			</report>
			<report>
				<misses>50300000</misses>
				<total>1</total>
				<timestamp>3018.095413</timestamp>
			</report>
			<report>
				<misses>50400000</misses>
				<total>1</total>
				<timestamp>3024.095613</timestamp>
			</report>
			<report>
				<misses>50500000</misses>
				<total>1</total>
				<timestamp>3030.096246</timestamp>
			</report>
			<report>
				<misses>50600000</misses>
				<total>1</total>
				<timestamp>3036.096278</timestamp>
			</report>
			<report>
				<misses>50700000</misses>
				<total>1</total>
				<timestamp>3042.096191</timestamp>
			</report>
			<report>
				<misses>50800000</misses>
				<total>1</total>
				<timestamp>3048.096231</timestamp>
			</report>
			<report>
				<misses>50900000</misses>
				<total>1</total>
				<timestamp>3054.096504</timestamp>
			</report>
			<report>
				<misses>51000000</misses>
				<total>1</total>
				<timestamp>3060.096622</timestamp>
			</report>
			<report>
				<misses>51100000</misses>
				<total>1</total>
				<timestamp>3066.096676</timestamp>
			</report>
			<report>
				<misses>51200000</misses>
				<total>1</total>
				<timestamp>3072.096788</timestamp>
			</report>
			<report>
				<misses>51300000</misses>
				<total>1</total>
				<timestamp>3078.096760</timestamp>
			</report>
			<report>
				<misses>51400000</misses>
				<total>1</total>
				<timestamp>3084.096911</timestamp>
			</report>
			<report>
				<misses>51500000</misses>
				<total>1</total>
				<timestamp>3090.097406</timestamp>
			</report>
			<report>
				<misses>51600000</misses>
				<total>1</total>
				<timestamp>3096.098281</timestamp>
			</report>
			<report>
				<misses>51700000</misses>
				<total>1</total>
				<timestamp>3102.098430</timestamp>
			</report>
			<report>
				<misses>51800000</misses>
				<total>1</total>
				<timestamp>3108.099143</timestamp>
			</report>
			<report>
				<misses>51900000</misses>
				<total>1</total>
				<timestamp>3114.099375</timestamp>
			</report>
			<report>
				<misses>52000000</misses>
				<total>1</total>
				<timestamp>3120.099632</timestamp>
			</report>
			<report>
				<misses>52100000</misses>
				<total>1</total>
				<timestamp>3126.099570</timestamp>
			</report>
			<report>
				<misses>52200000</misses>
				<total>1</total>
				<timestamp>3132.099976</timestamp>
			</report>
			<report>
				<misses>52300000</misses>
				<total>1</total>
				<timestamp>3138.100323</timestamp>
			</report>
			<report>
				<misses>52400000</misses>
				<total>1</total>
				<timestamp>3144.100471</timestamp>
			</report>
			<report>
				<misses>52500000</misses>
				<total>1</total>
				<timestamp>3150.100641</timestamp>
			</report>
			<report>
				<misses>52600000</misses>
				<total>1</total>
				<timestamp>3156.100575</timestamp>
			</report>
			<report>
				<misses>52700000</misses>
				<total>1</total>
				<timestamp>3162.100523</timestamp>
			</report>
			<report>
				<misses>52800000</misses>
				<total>1</total>
				<timestamp>3168.101116</timestamp>
			</report>
			<report>
				<misses>52900000</misses>
				<total>1</total>
				<timestamp>3174.101306</timestamp>
			</report>
			<report>
				<misses>53000000</misses>
				<total>1</total>
				<timestamp>3180.101905</timestamp>
			</report>
			<report>
				<misses>53100000</misses>
				<total>1</total>
				<timestamp>3186.102499</timestamp>
			</report>
			<report>
				<misses>53200000</misses>
				<total>1</total>
				<timestamp>3192.102858</timestamp>
			</report>
			<report>
				<misses>53300000</misses>
				<total>1</total>
				<timestamp>3198.103036</timestamp>
			</report>
			<report>
				<misses>53400000</misses>
				<total>1</total>
				<timestamp>3204.103693</timestamp>
			</report>
			<report>
				<misses>53500000</misses>
				<total>1</total>
				<timestamp>3210.103820</timestamp>
			</report>
			<report>
				<misses>53600000</misses>
				<total>1</total>
				<timestamp>3216.104794</timestamp>
			</report>
			<report>
				<misses>53700000</misses>
				<total>1</total>
				<timestamp>3222.105773</timestamp>
			</report>
			<report>
				<misses>53800000</misses>
				<total>1</total>
				<timestamp>3228.105984</timestamp>
			</report>
			<report>
				<misses>53900000</misses>
				<total>1</total>
				<timestamp>3234.105923</timestamp>
			</report>
			<report>
				<misses>54000000</misses>
				<total>1</total>
				<timestamp>3240.106025</timestamp>
			</report>
			<report>
				<misses>54100000</misses>
				<total>1</total>
				<timestamp>3246.106077</timestamp>
			</report>
			<report>
				<misses>54200000</misses>
				<total>1</total>
				<timestamp>3252.106896</timestamp>
			</report>
			<report>
				<misses>54300000</misses>
				<total>1</total>
				<timestamp>3258.108021</timestamp>
			</report>
			<report>
				<misses>54400000</misses>
				<total>1</total>
				<timestamp>3264.108262</timestamp>
			</report>
			<report>
				<misses>54500000</misses>
				<total>1</total>
				<timestamp>3270.108504</timestamp>
			</report>
			<report>
				<misses>54600000</misses>
				<total>1</total>
				<timestamp>3276.109264</timestamp>
			</report>
			<report>
				<misses>54700000</misses>
				<total>1</total>
				<timestamp>3282.109504</timestamp>
			</report>
			<report>
				<misses>54800000</misses>
				<total>1</total>
				<timestamp>3288.109780</timestamp>
			</report>
			<report>
				<misses>54900000</misses>
				<total>1</total>
				<timestamp>3294.109725</timestamp>
			</report>
			<report>
				<misses>55000000</misses>
				<total>1</total>
				<timestamp>3300.109663</timestamp>
			</report>
			<report>
				<misses>55100000</misses>
				<total>1</total>
				<timestamp>3306.109559</timestamp>
			</report>
			<report>
				<misses>55200000</misses>
				<total>1</total>
				<timestamp>3312.109695</timestamp>
			</report>
			<report>
				<misses>55300000</misses>
				<total>1</total>
				<timestamp>3318.110284</timestamp>
			</report>
			<report>
				<misses>55400000</misses>
				<total>1</total>
				<timestamp>3324.111259</timestamp>
			</report>
			<report>
				<misses>55500000</misses>
				<total>1</total>
				<timestamp>3330.111667</timestamp>
			</report>
			<report>
				<misses>55600000</misses>
				<total>1</total>
				<timestamp>3336.111810</timestamp>
			</report>
			<report>
				<misses>55700000</misses>
				<total>1</total>
				<timestamp>3342.111871</timestamp>
			</report>
			<report>
				<misses>55800000</misses>
				<total>1</total>
				<timestamp>3348.112152</timestamp>
			</report>
			<report>
				<misses>55900000</misses>
				<total>1</total>
				<timestamp>3354.112108</timestamp>
			</report>
			<report>
				<misses>56000000</misses>
				<total>1</total>
				<timestamp>3360.112392</timestamp>
			</report>
			<report>
				<misses>56100000</misses>
				<total>1</total>
				<timestamp>3366.112333</timestamp>
			</report>
			<report>
				<misses>56200000</misses>
				<total>1</total>
				<timestamp>3372.112388</timestamp>
			</report>
			<report>
				<misses>56300000</misses>
				<total>1</total>
				<timestamp>3378.113003</timestamp>
			</report>
			<report>
				<misses>56400000</misses>
				<total>1</total>
				<timestamp>3384.113100</timestamp>
			</report>
			<report>
				<misses>56500000</misses>
				<total>1</total>
				<timestamp>3390.113179</timestamp>
			</report>
			<report>
				<misses>56600000</misses>
				<total>1</total>
				<timestamp>3396.113103</timestamp>
			</report>
			<report>
				<misses>56700000</misses>
				<total>1</total>
				<timestamp>3402.113120</timestamp>
			</report>
			<report>
				<misses>56800000</misses>
				<total>1</total>
				<timestamp>3408.113140</timestamp>
			</report>
			<report>
				<misses>56900000</misses>
				<total>1</total>
				<timestamp>3414.113064</timestamp>
			</report>
			<report>
				<misses>57000000</misses>
				<total>1</total>
				<timestamp>3420.113260</timestamp>
			</report>
			<report>
				<misses>57100000</misses>
				<total>1</total>
				<timestamp>3426.113610</timestamp>
			</report>
			<report>
				<misses>57200000</misses>
				<total>1</total>
				<timestamp>3432.113546</timestamp>
			</report>
			<report>
				<misses>57300000</misses>
				<total>1</total>
				<timestamp>3438.113650</timestamp>
			</report>
			<report>
				<misses>57400000</misses>
				<total>1</total>
				<timestamp>3444.113593</timestamp>
			</report>
			<report>
				<misses>57500000</misses>
				<total>1</total>
				<timestamp>3450.114131</timestamp>
			</report>
			<report>
				<misses>57600000</misses>
				<total>1</total>
				<timestamp>3456.114559</timestamp>
			</report>
			<report>
				<misses>57700000</misses>
				<total>1</total>
				<timestamp>3462.114497</timestamp>
			</report>
			<report>
				<misses>57800000</misses>
				<total>1</total>
				<timestamp>3468.115448</timestamp>
			</report>
			<report>
				<misses>57900000</misses>
				<total>1</total>
				<timestamp>3474.115453</timestamp>
			</report>
			<report>
				<misses>58000000</misses>
				<total>1</total>
				<timestamp>3480.115737</timestamp>
			</report>
			<report>
				<misses>58100000</misses>
				<total>1</total>
				<timestamp>3486.116287</timestamp>
			</report>
			<report>
				<misses>58200000</misses>
				<total>1</total>
				<timestamp>3492.116464</timestamp>
			</report>
			<report>
				<misses>58300000</misses>
				<total>1</total>
				<timestamp>3498.117182</timestamp>
			</report>
			<report>
				<misses>58400000</misses>
				<total>1</total>
				<timestamp>3504.117133</timestamp>
			</report>
			<report>
				<misses>58500000</misses>
				<total>1</total>
				<timestamp>3510.117250</timestamp>
			</report>
			<report>
				<misses>58600000</misses>
				<total>1</total>
				<timestamp>3516.117481</timestamp>
			</report>
			<report>
				<misses>58700000</misses>
				<total>1</total>
				<timestamp>3522.117567</timestamp>
			</report>
			<report>
				<misses>58800000</misses>
				<total>1</total>
				<timestamp>3528.117703</timestamp>
			</report>
			<report>
				<misses>58900000</misses>
				<total>1</total>
				<timestamp>3534.117746</timestamp>
			</report>
			<report>
				<misses>59000000</misses>
				<total>1</total>
				<timestamp>3540.117872</timestamp>
			</report>
			<report>
				<misses>59100000</misses>
				<total>1</total>
				<timestamp>3546.117833</timestamp>
			</report>
			<report>
				<misses>59200000</misses>
				<total>1</total>
				<timestamp>3552.118104</timestamp>
			</report>
			<report>
				<misses>59300000</misses>
				<total>1</total>
				<timestamp>3558.118171</timestamp>
			</report>
			<report>
				<misses>59400000</misses>
				<total>1</total>
				<timestamp>3564.118111</timestamp>
			</report>
			<report>
				<misses>59500000</misses>
				<total>1</total>
				<timestamp>3570.118069</timestamp>
			</report>
			<report>
				<misses>59600000</misses>
				<total>1</total>
				<timestamp>3576.117971</timestamp>
			</report>
			<report>
				<misses>59700000</misses>
				<total>1</total>
				<timestamp>3582.117965</timestamp>
			</report>
			<report>
				<misses>59800000</misses>
				<total>1</total>
				<timestamp>3588.117919</timestamp>
			</report>
			<report>
				<misses>59900000</misses>
				<total>1</total>
				<timestamp>3594.117866</timestamp>
			</report>
			<report>
				<misses>60000000</misses>
				<total>1</total>
				<timestamp>3600.117869</timestamp>
			</report>
			<report>
				<misses>60100000</misses>
				<total>1</total>
				<timestamp>3606.117810</timestamp>
			</report>
			<report>
				<misses>60200000</misses>
				<total>1</total>
				<timestamp>3612.117769</timestamp>
			</report>
			<report>
				<misses>60300000</misses>
				<total>1</total>
				<timestamp>3618.117684</timestamp>
			</report>
			<report>
				<misses>60400000</misses>
				<total>1</total>
				<timestamp>3624.117845</timestamp>
			</report>
			<report>
				<misses>60500000</misses>
				<total>1</total>
				<timestamp>3630.117863</timestamp>
			</report>
			<report>
				<misses>60600000</misses>
				<total>1</total>
				<timestamp>3636.118506</timestamp>
			</report>
			<report>
				<misses>60700000</misses>
				<total>1</total>
				<timestamp>3642.119098</timestamp>
			</report>
			<report>
				<misses>60800000</misses>
				<total>1</total>
				<timestamp>3648.119584</timestamp>
			</report>
			<report>
				<misses>60900000</misses>
				<total>1</total>
				<timestamp>3654.120311</timestamp>
			</report>
			<report>
				<misses>61000000</misses>
				<total>1</total>
				<timestamp>3660.120800</timestamp>
			</report>
			<report>
				<misses>61100000</misses>
				<total>1</total>
				<timestamp>3666.121148</timestamp>
			</report>
			<report>
				<misses>61200000</misses>
				<total>1</total>
				<timestamp>3672.121213</timestamp>
			</report>
			<report>
				<misses>61300000</misses>
				<total>1</total>
				<timestamp>3678.121338</timestamp>
			</report>
			<report>
				<misses>61400000</misses>
				<total>1</total>
				<timestamp>3684.121385</timestamp>
			</report>
			<report>
				<misses>61500000</misses>
				<total>1</total>
				<timestamp>3690.121335</timestamp>
			</report>
			<report>
				<misses>61600000</misses>
				<total>1</total>
				<timestamp>3696.122291</timestamp>
			</report>
			<report>
				<misses>61700000</misses>
				<total>1</total>
				<timestamp>3702.122541</timestamp>
			</report>
			<report>
				<misses>61800000</misses>
				<total>1</total>
				<timestamp>3708.122571</timestamp>
			</report>
			<report>
				<misses>61900000</misses>
				<total>1</total>
				<timestamp>3714.122473</timestamp>
			</report>
			<report>
				<misses>62000000</misses>
				<total>1</total>
				<timestamp>3720.123215</timestamp>
			</report>
			<report>
				<misses>62100000</misses>
				<total>1</total>
				<timestamp>3726.123950</timestamp>
			</report>
			<report>
				<misses>62200000</misses>
				<total>1</total>
				<timestamp>3732.124874</timestamp>
			</report>
			<report>
				<misses>62300000</misses>
				<total>1</total>
				<timestamp>3738.125103</timestamp>
			</report>
			<report>
				<misses>62400000</misses>
				<total>1</total>
				<timestamp>3744.125357</timestamp>
			</report>
			<report>
				<misses>62500000</misses>
				<total>1</total>
				<timestamp>3750.125683</timestamp>
			</report>
			<report>
				<misses>62600000</misses>
				<total>1</total>
				<timestamp>3756.126018</timestamp>
			</report>
			<report>
				<misses>62700000</misses>
				<total>1</total>
				<timestamp>3762.125971</timestamp>
			</report>
			<report>
				<misses>62800000</misses>
				<total>1</total>
				<timestamp>3768.126257</timestamp>
			</report>
			<report>
				<misses>62900000</misses>
				<total>1</total>
				<timestamp>3774.126380</timestamp>
			</report>
			<report>
				<misses>63000000</misses>
				<total>1</total>
				<timestamp>3780.126482</timestamp>
			</report>
			<report>
				<misses>63100000</misses>
				<total>1</total>
				<timestamp>3786.126458</timestamp>
			</report>
			<report>
				<misses>63200000</misses>
				<total>1</total>
				<timestamp>3792.126442</timestamp>
			</report>
			<report>
				<misses>63300000</misses>
				<total>1</total>
				<timestamp>3798.126407</timestamp>
			</report>
			<report>
				<misses>63400000</misses>
				<total>1</total>
				<timestamp>3804.126338</timestamp>
			</report>
			<report>
				<misses>63500000</misses>
				<total>1</total>
				<timestamp>3810.126373</timestamp>
			</report>
			<report>
				<misses>63600000</misses>
				<total>1</total>
				<timestamp>3816.126555</timestamp>
			</report>
			<report>
				<misses>63700000</misses>
				<total>1</total>
				<timestamp>3822.126939</timestamp>
			</report>
			<report>
				<misses>63800000</misses>
				<total>1</total>
				<timestamp>3828.127182</timestamp>
			</report>
			<report>
				<misses>63900000</misses>
				<total>1</total>
				<timestamp>3834.127568</timestamp>
			</report>
			<report>
				<misses>64000000</misses>
				<total>1</total>
				<timestamp>3840.127741</timestamp>
			</report>
			<report>
				<misses>64100000</misses>
				<total>1</total>
				<timestamp>3846.127712</timestamp>
			</report>
			<report>
				<misses>64200000</misses>
				<total>1</total>
				<timestamp>3852.127627</timestamp>
			</report>
			<report>
				<misses>64300000</misses>
				<total>1</total>
				<timestamp>3858.127595</timestamp>
			</report>
			<report>
				<misses>64400000</misses>
				<total>1</total>
				<timestamp>3864.128099</timestamp>
			</report>
			<report>
				<misses>64500000</misses>
				<total>1</total>
				<timestamp>3870.128310</timestamp>
			</report>
			<report>
				<misses>64600000</misses>
				<total>1</total>
				<timestamp>3876.128519</timestamp>
			</report>
			<report>
				<misses>64700000</misses>
				<total>1</total>
				<timestamp>3882.128670</timestamp>
			</report>
			<report>
				<misses>64800000</misses>
				<total>1</total>
				<timestamp>3888.128912</timestamp>
			</report>
			<report>
				<misses>64900000</misses>
				<total>1</total>
				<timestamp>3894.128938</timestamp>
			</report>
			<report>
				<misses>65000000</misses>
				<total>1</total>
				<timestamp>3900.129072</timestamp>
			</report>
			<report>
				<misses>65100000</misses>
				<total>1</total>
				<timestamp>3906.129862</timestamp>
			</report>
			<report>
				<misses>65200000</misses>
				<total>1</total>
				<timestamp>3912.130473</timestamp>
			</report>
			<report>
				<misses>65300000</misses>
				<total>1</total>
				<timestamp>3918.131219</timestamp>
			</report>
			<report>
				<misses>65400000</misses>
				<total>1</total>
				<timestamp>3924.131344</timestamp>
			</report>
			<report>
				<misses>65500000</misses>
				<total>1</total>
				<timestamp>3930.131646</timestamp>
			</report>
			<report>
				<misses>65600000</misses>
				<total>1</total>
				<timestamp>3936.131989</timestamp>
			</report>
			<report>
				<misses>65700000</misses>
				<total>1</total>
				<timestamp>3942.132022</timestamp>
			</report>
			<report>
				<misses>65800000</misses>
				<total>1</total>
				<timestamp>3948.131993</timestamp>
			</report>
			<report>
				<misses>65900000</misses>
				<total>1</total>
				<timestamp>3954.131957</timestamp>
			</report>
			<report>
				<misses>66000000</misses>
				<total>1</total>
				<timestamp>3960.131904</timestamp>
			</report>
			<report>
				<misses>66100000</misses>
				<total>1</total>
				<timestamp>3966.132020</timestamp>
			</report>
			<report>
				<misses>66200000</misses>
				<total>1</total>
				<timestamp>3972.131965</timestamp>
			</report>
			<report>
				<misses>66300000</misses>
				<total>1</total>
				<timestamp>3978.131895</timestamp>
			</report>
			<report>
				<misses>66400000</misses>
				<total>1</total>
				<timestamp>3984.132190</timestamp>
			</report>
			<report>
				<misses>66500000</misses>
				<total>1</total>
				<timestamp>3990.132234</timestamp>
			</report>
			<report>
				<misses>66600000</misses>
				<total>1</total>
				<timestamp>3996.132350</timestamp>
			</report>
			<report>
				<misses>66700000</misses>
				<total>1</total>
				<timestamp>4002.132571</timestamp>
			</report>
			<report>
				<misses>66800000</misses>
				<total>1</total>
				<timestamp>4008.132788</timestamp>
			</report>
			<report>
				<misses>66900000</misses>
				<total>1</total>
				<timestamp>4014.133105</timestamp>
			</report>
			<report>
				<misses>67000000</misses>
				<total>1</total>
				<timestamp>4020.133590</timestamp>
			</report>
			<report>
				<misses>67100000</misses>
				<total>1</total>
				<timestamp>4026.134291</timestamp>
			</report>
			<report>
				<misses>67200000</misses>
				<total>1</total>
				<timestamp>4032.135186</timestamp>
			</report>
			<report>
				<misses>67300000</misses>
				<total>1</total>
				<timestamp>4038.135244</timestamp>
			</report>
			<report>
				<misses>67400000</misses>
				<total>1</total>
				<timestamp>4044.136215</timestamp>
			</report>
			<report>
				<misses>67500000</misses>
				<total>1</total>
				<timestamp>4050.136524</timestamp>
			</report>
			<report>
				<misses>67600000</misses>
				<total>1</total>
				<timestamp>4056.136622</timestamp>
			</report>
			<report>
				<misses>67700000</misses>
				<total>1</total>
				<timestamp>4062.137229</timestamp>
			</report>
			<report>
				<misses>67800000</misses>
				<total>1</total>
				<timestamp>4068.137272</timestamp>
			</report>
			<report>
				<misses>67900000</misses>
				<total>1</total>
				<timestamp>4074.137224</timestamp>
			</report>
			<report>
				<misses>68000000</misses>
				<total>1</total>
				<timestamp>4080.137287</timestamp>
			</report>
			<report>
				<misses>68100000</misses>
				<total>1</total>
				<timestamp>4086.137512</timestamp>
			</report>
			<report>
				<misses>68200000</misses>
				<total>1</total>
				<timestamp>4092.137416</timestamp>
			</report>
			<report>
				<misses>68300000</misses>
				<total>1</total>
				<timestamp>4098.137354</timestamp>
			</report>
			<report>
				<misses>68400000</misses>
				<total>1</total>
				<timestamp>4104.137299</timestamp>
			</report>
			<report>
				<misses>68500000</misses>
				<total>1</total>
				<timestamp>4110.137238</timestamp>
			</report>
			<report>
				<misses>68600000</misses>
				<total>1</total>
				<timestamp>4116.137186</timestamp>
			</report>
			<report>
				<misses>68700000</misses>
				<total>1</total>
				<timestamp>4122.137229</timestamp>
			</report>
			<report>
				<misses>68800000</misses>
				<total>1</total>
				<timestamp>4128.137317</timestamp>
			</report>
			<report>
				<misses>68900000</misses>
				<total>1</total>
				<timestamp>4134.137251</timestamp>
			</report>
			<report>
				<misses>69000000</misses>
				<total>1</total>
				<timestamp>4140.138145</timestamp>
			</report>
			<report>
				<misses>69100000</misses>
				<total>1</total>
				<timestamp>4146.138491</timestamp>
			</report>
			<report>
				<misses>69200000</misses>
				<total>1</total>
				<timestamp>4152.138429</timestamp>
			</report>
			<report>
				<misses>69300000</misses>
				<total>1</total>
				<timestamp>4158.138515</timestamp>
			</report>
			<report>
				<misses>69400000</misses>
				<total>1</total>
				<timestamp>4164.138617</timestamp>
			</report>
			<report>
				<misses>69500000</misses>
				<total>1</total>
				<timestamp>4170.138603</timestamp>
			</report>
			<report>
				<misses>69600000</misses>
				<total>1</total>
				<timestamp>4176.138601</timestamp>
			</report>
			<report>
				<misses>69700000</misses>
				<total>1</total>
				<timestamp>4182.138543</timestamp>
			</report>
			<report>
				<misses>69800000</misses>
				<total>1</total>
				<timestamp>4188.138505</timestamp>
			</report>
			<report>
				<misses>69900000</misses>
				<total>1</total>
				<timestamp>4194.138428</timestamp>
			</report>
			<report>
				<misses>70000000</misses>
				<total>1</total>
				<timestamp>4200.138391</timestamp>
			</report>
			<report>
				<misses>70100000</misses>
				<total>1</total>
				<timestamp>4206.138310</timestamp>
			</report>
			<report>
				<misses>70200000</misses>
				<total>1</total>
				<timestamp>4212.138323</timestamp>
			</report>
			<report>
				<misses>70300000</misses>
				<total>1</total>
				<timestamp>4218.138268</timestamp>
			</report>
			<report>
				<misses>70400000</misses>
				<total>1</total>
				<timestamp>4224.138183</timestamp>
			</report>
			<report>
				<misses>70500000</misses>
				<total>1</total>
				<timestamp>4230.138129</timestamp>
			</report>
			<report>
				<misses>70600000</misses>
				<total>1</total>
				<timestamp>4236.138078</timestamp>
			</report>
			<report>
				<misses>70700000</misses>
				<total>1</total>
				<timestamp>4242.138006</timestamp>
			</report>
			<report>
				<misses>70800000</misses>
				<total>1</total>
				<timestamp>4248.137958</timestamp>
			</report>
			<report>
				<misses>70900000</misses>
				<total>1</total>
				<timestamp>4254.137968</timestamp>
			</report>
			<report>
				<misses>71000000</misses>
				<total>1</total>
				<timestamp>4260.138709</timestamp>
			</report>
			<report>
				<misses>71100000</misses>
				<total>1</total>
				<timestamp>4266.139145</timestamp>
			</report>
			<report>
				<misses>71200000</misses>
				<total>1</total>
				<timestamp>4272.139144</timestamp>
			</report>
			<report>
				<misses>71300000</misses>
				<total>1</total>
				<timestamp>4278.139458</timestamp>
			</report>
			<report>
				<misses>71400000</misses>
				<total>1</total>
				<timestamp>4284.139386</timestamp>
			</report>
			<report>
				<misses>71500000</misses>
				<total>1</total>
				<timestamp>4290.139691</timestamp>
			</report>
			<report>
				<misses>71600000</misses>
				<total>1</total>
				<timestamp>4296.139846</timestamp>
			</report>
			<report>
				<misses>71700000</misses>
				<total>1</total>
				<timestamp>4302.139868</timestamp>
			</report>
			<report>
				<misses>71800000</misses>
				<total>1</total>
				<timestamp>4308.139890</timestamp>
			</report>
			<report>
				<misses>71900000</misses>
				<total>1</total>
				<timestamp>4314.139920</timestamp>
			</report>
			<report>
				<misses>72000000</misses>
				<total>1</total>
				<timestamp>4320.140014</timestamp>
			</report>
			<report>
				<misses>72100000</misses>
				<total>1</total>
				<timestamp>4326.140544</timestamp>
			</report>
			<report>
				<misses>72200000</misses>
				<total>1</total>
				<timestamp>4332.140600</timestamp>
			</report>
			<report>
				<misses>72300000</misses>
				<total>1</total>
				<timestamp>4338.140719</timestamp>
			</report>
			<report>
				<misses>72400000</misses>
				<total>1</total>
				<timestamp>4344.141611</timestamp>
			</report>
			<report>
				<misses>72500000</misses>
				<total>1</total>
				<timestamp>4350.141926</timestamp>
			</report>
			<report>
				<misses>72600000</misses>
				<total>1</total>
				<timestamp>4356.141864</timestamp>
			</report>
			<report>
				<misses>72700000</misses>
				<total>1</total>
				<timestamp>4362.141973</timestamp>
			</report>
			<report>
				<misses>72800000</misses>
				<total>1</total>
				<timestamp>4368.142349</timestamp>
			</report>
			<report>
				<misses>72900000</misses>
				<total>1</total>
				<timestamp>4374.142416</timestamp>
			</report>
			<report>
				<misses>73000000</misses>
				<total>1</total>
				<timestamp>4380.142442</timestamp>
			</report>
			<report>
				<misses>73100000</misses>
				<total>1</total>
				<timestamp>4386.142627</timestamp>
			</report>
			<report>
				<misses>73200000</misses>
				<total>1</total>
				<timestamp>4392.142873</timestamp>
			</report>
			<report>
				<misses>73300000</misses>
				<total>1</total>
				<timestamp>4398.143390</timestamp>
			</report>
			<report>
				<misses>73400000</misses>
				<total>1</total>
				<timestamp>4404.143417</timestamp>
			</report>
			<report>
				<misses>73500000</misses>
				<total>1</total>
				<timestamp>4410.143615</timestamp>
			</report>
			<report>
				<misses>73600000</misses>
				<total>1</total>
				<timestamp>4416.143915</timestamp>
			</report>
			<report>
				<misses>73700000</misses>
				<total>1</total>
				<timestamp>4422.143826</timestamp>
			</report>
			<report>
				<misses>73800000</misses>
				<total>1</total>
				<timestamp>4428.143900</timestamp>
			</report>
			<report>
				<misses>73900000</misses>
				<total>1</total>
				<timestamp>4434.143905</timestamp>
			</report>
			<report>
				<misses>74000000</misses>
				<total>1</total>
				<timestamp>4440.144396</timestamp>
			</report>
			<report>
				<misses>74100000</misses>
				<total>1</total>
				<timestamp>4446.144666</timestamp>
			</report>
			<report>
				<misses>74200000</misses>
				<total>1</total>
				<timestamp>4452.145447</timestamp>
			</report>
			<report>
				<misses>74300000</misses>
				<total>1</total>
				<timestamp>4458.146222</timestamp>
			</report>
			<report>
				<misses>74400000</misses>
				<total>1</total>
				<timestamp>4464.146334</timestamp>
			</report>
			<report>
				<misses>74500000</misses>
				<total>1</total>
				<timestamp>4470.146286</timestamp>
			</report>
			<report>
				<misses>74600000</misses>
				<total>1</total>
				<timestamp>4476.146235</timestamp>
			</report>
			<report>
				<misses>74700000</misses>
				<total>1</total>
				<timestamp>4482.146170</timestamp>
			</report>
			<report>
				<misses>74800000</misses>
				<total>1</total>
				<timestamp>4488.146124</timestamp>
			</report>
			<report>
				<misses>74900000</misses>
				<total>1</total>
				<timestamp>4494.146054</timestamp>
			</report>
			<report>
				<misses>75000000</misses>
				<total>1</total>
				<timestamp>4500.146417</timestamp>
			</report>
			<report>
				<misses>75100000</misses>
				<total>1</total>
				<timestamp>4506.146620</timestamp>
			</report>
			<report>
				<misses>75200000</misses>
				<total>1</total>
				<timestamp>4512.146911</timestamp>
			</report>
			<report>
				<misses>75300000</misses>
				<total>1</total>
				<timestamp>4518.147084</timestamp>
			</report>
			<report>
				<misses>75400000</misses>
				<total>1</total>
				<timestamp>4524.147018</timestamp>
			</report>
			<report>
				<misses>75500000</misses>
				<total>1</total>
				<timestamp>4530.146968</timestamp>
			</report>
			<report>
				<misses>75600000</misses>
				<total>1</total>
				<timestamp>4536.146893</timestamp>
			</report>
			<report>
				<misses>75700000</misses>
				<total>1</total>
				<timestamp>4542.146842</timestamp>
			</report>
			<report>
				<misses>75800000</misses>
				<total>1</total>
				<timestamp>4548.146762</timestamp>
			</report>
			<report>
				<misses>75900000</misses>
				<total>1</total>
				<timestamp>4554.146813</timestamp>
			</report>
			<report>
				<misses>76000000</misses>
				<total>1</total>
				<timestamp>4560.146873</timestamp>
			</report>
			<report>
				<misses>76100000</misses>
				<total>1</total>
				<timestamp>4566.147185</timestamp>
			</report>
			<report>
				<misses>76200000</misses>
				<total>1</total>
				<timestamp>4572.147556</timestamp>
			</report>
			<report>
				<misses>76300000</misses>
				<total>1</total>
				<timestamp>4578.147787</timestamp>
			</report>
			<report>
				<misses>76400000</misses>
				<total>1</total>
				<timestamp>4584.147873</timestamp>
			</report>
			<report>
				<misses>76500000</misses>
				<total>1</total>
				<timestamp>4590.148091</timestamp>
			</report>
			<report>
				<misses>76600000</misses>
				<total>1</total>
				<timestamp>4596.148512</timestamp>
			</report>
			<report>
				<misses>76700000</misses>
				<total>1</total>
				<timestamp>4602.148505</timestamp>
			</report>
			<report>
				<misses>76800000</misses>
				<total>1</total>
				<timestamp>4608.148782</timestamp>
			</report>
			<report>
				<misses>76900000</misses>
				<total>1</total>
				<timestamp>4614.149237</timestamp>
			</report>
			<report>
				<misses>77000000</misses>
				<total>1</total>
				<timestamp>4620.149772</timestamp>
			</report>
			<report>
				<misses>77100000</misses>
				<total>1</total>
				<timestamp>4626.149897</timestamp>
			</report>
			<report>
				<misses>77200000</misses>
				<total>1</total>
				<timestamp>4632.149952</timestamp>
			</report>
			<report>
				<misses>77300000</misses>
				<total>1</total>
				<timestamp>4638.150068</timestamp>
			</report>
			<report>
				<misses>77400000</misses>
				<total>1</total>
				<timestamp>4644.150220</timestamp>
			</report>
			<report>
				<misses>77500000</misses>
				<total>1</total>
				<timestamp>4650.150182</timestamp>
			</report>
			<report>
				<misses>77600000</misses>
				<total>1</total>
				<timestamp>4656.150180</timestamp>
			</report>
			<report>
				<misses>77700000</misses>
				<total>1</total>
				<timestamp>4662.150247</timestamp>
			</report>
			<report>
				<misses>77800000</misses>
				<total>1</total>
				<timestamp>4668.150351</timestamp>
			</report>
			<report>
				<misses>77900000</misses>
				<total>1</total>
				<timestamp>4674.150303</timestamp>
			</report>
			<report>
				<misses>78000000</misses>
				<total>1</total>
				<timestamp>4680.150249</timestamp>
			</report>
			<report>
				<misses>78100000</misses>
				<total>1</total>
				<timestamp>4686.150603</timestamp>
			</report>
			<report>
				<misses>78200000</misses>
				<total>1</total>
				<timestamp>4692.150725</timestamp>
			</report>
			<report>
				<misses>78300000</misses>
				<total>1</total>
				<timestamp>4698.151111</timestamp>
			</report>
			<report>
				<misses>78400000</misses>
				<total>1</total>
				<timestamp>4704.151022</timestamp>
			</report>
			<report>
				<misses>78500000</misses>
				<total>1</total>
				<timestamp>4710.150971</timestamp>
			</report>
			<report>
				<misses>78600000</misses>
				<total>1</total>
				<timestamp>4716.151272</timestamp>
			</report>
			<report>
				<misses>78700000</misses>
				<total>1</total>
				<timestamp>4722.151254</timestamp>
			</report>
			<report>
				<misses>78800000</misses>
				<total>1</total>
				<timestamp>4728.151469</timestamp>
			</report>
			<report>
				<misses>78900000</misses>
				<total>1</total>
				<timestamp>4734.151656</timestamp>
			</report>
			<report>
				<misses>79000000</misses>
				<total>1</total>
				<timestamp>4740.151828</timestamp>
			</report>
			<report>
				<misses>79100000</misses>
				<total>1</total>
				<timestamp>4746.151801</timestamp>
			</report>
			<report>
				<misses>79200000</misses>
				<total>1</total>
				<timestamp>4752.152223</timestamp>
			</report>
			<report>
				<misses>79300000</misses>
				<total>1</total>
				<timestamp>4758.152299</timestamp>
			</report>
			<report>
				<misses>79400000</misses>
				<total>1</total>
				<timestamp>4764.152489</timestamp>
			</report>
			<report>
				<misses>79500000</misses>
				<total>1</total>
				<timestamp>4770.152528</timestamp>
			</report>
			<report>
				<misses>79600000</misses>
				<total>1</total>
				<timestamp>4776.152750</timestamp>
			</report>
			<report>
				<misses>79700000</misses>
				<total>1</total>
				<timestamp>4782.153871</timestamp>
			</report>
			<report>
				<misses>79800000</misses>
				<total>1</total>
				<timestamp>4788.153994</timestamp>
			</report>
			<report>
				<misses>79900000</misses>
				<total>1</total>
				<timestamp>4794.154017</timestamp>
			</report>
			<report>
				<misses>80000000</misses>
				<total>1</total>
				<timestamp>4800.153986</timestamp>
			</report>
			<report>
				<misses>80100000</misses>
				<total>1</total>
				<timestamp>4806.154097</timestamp>
			</report>
			<report>
				<misses>80200000</misses>
				<total>1</total>
				<timestamp>4812.154167</timestamp>
			</report>
			<report>
				<misses>80300000</misses>
				<total>1</total>
				<timestamp>4818.154114</timestamp>
			</report>
			<report>
				<misses>80400000</misses>
				<total>1</total>
				<timestamp>4824.154034</timestamp>
			</report>
			<report>
				<misses>80500000</misses>
				<total>1</total>
				<timestamp>4830.154711</timestamp>
			</report>
			<report>
				<misses>80600000</misses>
				<total>1</total>
				<timestamp>4836.155155</timestamp>
			</report>
			<report>
				<misses>80700000</misses>
				<total>1</total>
				<timestamp>4842.155306</timestamp>
			</report>
			<report>
				<misses>80800000</misses>
				<total>1</total>
				<timestamp>4848.155360</timestamp>
			</report>
			<report>
				<misses>80900000</misses>
				<total>1</total>
				<timestamp>4854.155281</timestamp>
			</report>
			<report>
				<misses>81000000</misses>
				<total>1</total>
				<timestamp>4860.155234</timestamp>
			</report>
			<report>
				<misses>81100000</misses>
				<total>1</total>
				<timestamp>4866.155214</timestamp>
			</report>
			<report>
				<misses>81200000</misses>
				<total>1</total>
				<timestamp>4872.155173</timestamp>
			</report>
			<report>
				<misses>81300000</misses>
				<total>1</total>
				<timestamp>4878.155159</timestamp>
			</report>
			<report>
				<misses>81400000</misses>
				<total>1</total>
				<timestamp>4884.155109</timestamp>
			</report>
			<report>
				<misses>81500000</misses>
				<total>1</total>
				<timestamp>4890.155070</timestamp>
			</report>
			<report>
				<misses>81600000</misses>
				<total>1</total>
				<timestamp>4896.155948</timestamp>
			</report>
			<report>
				<misses>81700000</misses>
				<total>1</total>
				<timestamp>4902.156976</timestamp>
			</report>
			<report>
				<misses>81800000</misses>
				<total>1</total>
				<timestamp>4908.157642</timestamp>
			</report>
			<report>
				<misses>81900000</misses>
				<total>1</total>
				<timestamp>4914.157625</timestamp>
			</report>
			<report>
				<misses>82000000</misses>
				<total>1</total>
				<timestamp>4920.157579</timestamp>
			</report>
			<report>
				<misses>82100000</misses>
				<total>1</total>
				<timestamp>4926.157603</timestamp>
			</report>
			<report>
				<misses>82200000</misses>
				<total>1</total>
				<timestamp>4932.157629</timestamp>
			</report>
			<report>
				<misses>82300000</misses>
				<total>1</total>
				<timestamp>4938.158092</timestamp>
			</report>
			<report>
				<misses>82400000</misses>
				<total>1</total>
				<timestamp>4944.158621</timestamp>
			</report>
			<report>
				<misses>82500000</misses>
				<total>1</total>
				<timestamp>4950.158895</timestamp>
			</report>
			<report>
				<misses>82600000</misses>
				<total>1</total>
				<timestamp>4956.158960</timestamp>
			</report>
			<report>
				<misses>82700000</misses>
				<total>1</total>
				<timestamp>4962.159192</timestamp>
			</report>
			<report>
				<misses>82800000</misses>
				<total>1</total>
				<timestamp>4968.159678</timestamp>
			</report>
			<report>
				<misses>82900000</misses>
				<total>1</total>
				<timestamp>4974.160380</timestamp>
			</report>
			<report>
				<misses>83000000</misses>
				<total>1</total>
				<timestamp>4980.160319</timestamp>
			</report>
			<report>
				<misses>83100000</misses>
				<total>1</total>
				<timestamp>4986.160438</timestamp>
			</report>
			<report>
				<misses>83200000</misses>
				<total>1</total>
				<timestamp>4992.161049</timestamp>
			</report>
			<report>
				<misses>83300000</misses>
				<total>1</total>
				<timestamp>4998.161353</timestamp>
			</report>
			<report>
				<misses>83400000</misses>
				<total>1</total>
				<timestamp>5004.161347</timestamp>
			</report>
			<report>
				<misses>83500000</misses>
				<total>1</total>
				<timestamp>5010.161318</timestamp>
			</report>
			<report>
				<misses>83600000</misses>
				<total>1</total>
				<timestamp>5016.161284</timestamp>
			</report>
			<report>
				<misses>83700000</misses>
				<total>1</total>
				<timestamp>5022.161292</timestamp>
			</report>
			<report>
				<misses>83800000</misses>
				<total>1</total>
				<timestamp>5028.161237</timestamp>
			</report>
			<report>
				<misses>83900000</misses>
				<total>1</total>
				<timestamp>5034.161238</timestamp>
			</report>
			<report>
				<misses>84000000</misses>
				<total>1</total>
				<timestamp>5040.161157</timestamp>
			</report>
			<report>
				<misses>84100000</misses>
				<total>1</total>
				<timestamp>5046.161340</timestamp>
			</report>
			<report>
				<misses>84200000</misses>
				<total>1</total>
				<timestamp>5052.162393</timestamp>
			</report>
			<report>
				<misses>84300000</misses>
				<total>1</total>
				<timestamp>5058.163331</timestamp>
			</report>
			<report>
				<misses>84400000</misses>
				<total>1</total>
				<timestamp>5064.163986</timestamp>
			</report>
			<report>
				<misses>84500000</misses>
				<total>1</total>
				<timestamp>5070.163998</timestamp>
			</report>
			<report>
				<misses>84600000</misses>
				<total>1</total>
				<timestamp>5076.164069</timestamp>
			</report>
			<report>
				<misses>84700000</misses>
				<total>1</total>
				<timestamp>5082.163989</timestamp>
			</report>
			<report>
				<misses>84800000</misses>
				<total>1</total>
				<timestamp>5088.164166</timestamp>
			</report>
			<report>
				<misses>84900000</misses>
				<total>1</total>
				<timestamp>5094.164258</timestamp>
			</report>
			<report>
				<misses>85000000</misses>
				<total>1</total>
				<timestamp>5100.164713</timestamp>
			</report>
			<report>
				<misses>85100000</misses>
				<total>1</total>
				<timestamp>5106.164649</timestamp>
			</report>
			<report>
				<misses>85200000</misses>
				<total>1</total>
				<timestamp>5112.165120</timestamp>
			</report>
			<report>
				<misses>85300000</misses>
				<total>1</total>
				<timestamp>5118.165977</timestamp>
			</report>
			<report>
				<misses>85400000</misses>
				<total>1</total>
				<timestamp>5124.166181</timestamp>
			</report>
			<report>
				<misses>85500000</misses>
				<total>1</total>
				<timestamp>5130.166386</timestamp>
			</report>
			<report>
				<misses>85600000</misses>
				<total>1</total>
				<timestamp>5136.166457</timestamp>
			</report>
			<report>
				<misses>85700000</misses>
				<total>1</total>
				<timestamp>5142.166460</timestamp>
			</report>
			<report>
				<misses>85800000</misses>
				<total>1</total>
				<timestamp>5148.166565</timestamp>
			</report>
			<report>
				<misses>85900000</misses>
				<total>1</total>
				<timestamp>5154.166871</timestamp>
			</report>
			<report>
				<misses>86000000</misses>
				<total>1</total>
				<timestamp>5160.167414</timestamp>
			</report>
			<report>
				<misses>86100000</misses>
				<total>1</total>
				<timestamp>5166.167474</timestamp>
			</report>
			<report>
				<misses>86200000</misses>
				<total>1</total>
				<timestamp>5172.167769</timestamp>
			</report>
			<report>
				<misses>86300000</misses>
				<total>1</total>
				<timestamp>5178.168042</timestamp>
			</report>
			<report>
				<misses>86400000</misses>
				<total>1</total>
				<timestamp>5184.168002</timestamp>
			</report>
			<report>
				<misses>86500000</misses>
				<total>1</total>
				<timestamp>5190.168071</timestamp>
			</report>
			<report>
				<misses>86600000</misses>
				<total>1</total>
				<timestamp>5196.168192</timestamp>
			</report>
			<report>
				<misses>86700000</misses>
				<total>1</total>
				<timestamp>5202.168132</timestamp>
			</report>
			<report>
				<misses>86800000</misses>
				<total>1</total>
				<timestamp>5208.168440</timestamp>
			</report>
			<report>
				<misses>86900000</misses>
				<total>1</total>
				<timestamp>5214.168359</timestamp>
			</report>
			<report>
				<misses>87000000</misses>
				<total>1</total>
				<timestamp>5220.168552</timestamp>
			</report>
			<report>
				<misses>87100000</misses>
				<total>1</total>
				<timestamp>5226.168854</timestamp>
			</report>
			<report>
				<misses>87200000</misses>
				<total>1</total>
				<timestamp>5232.169509</timestamp>
			</report>
			<report>
				<misses>87300000</misses>
				<total>1</total>
				<timestamp>5238.169449</timestamp>
			</report>
			<report>
				<misses>87400000</misses>
				<total>1</total>
				<timestamp>5244.169556</timestamp>
			</report>
			<report>
				<misses>87500000</misses>
				<total>1</total>
				<timestamp>5250.169524</timestamp>
			</report>
			<report>
				<misses>87600000</misses>
				<total>1</total>
				<timestamp>5256.169443</timestamp>
			</report>
			<report>
				<misses>87700000</misses>
				<total>1</total>
				<timestamp>5262.169415</timestamp>
			</report>
			<report>
				<misses>87800000</misses>
				<total>1</total>
				<timestamp>5268.169695</timestamp>
			</report>
			<report>
				<misses>87900000</misses>
				<total>1</total>
				<timestamp>5274.170905</timestamp>
			</report>
			<report>
				<misses>88000000</misses>
				<total>1</total>
				<timestamp>5280.171421</timestamp>
			</report>
			<report>
				<misses>88100000</misses>
				<total>1</total>
				<timestamp>5286.171738</timestamp>
			</report>
			<report>
				<misses>88200000</misses>
				<total>1</total>
				<timestamp>5292.172261</timestamp>
			</report>
			<report>
				<misses>88300000</misses>
				<total>1</total>
				<timestamp>5298.172874</timestamp>
			</report>
			<report>
				<misses>88400000</misses>
				<total>1</total>
				<timestamp>5304.172877</timestamp>
			</report>
			<report>
				<misses>88500000</misses>
				<total>1</total>
				<timestamp>5310.173311</timestamp>
			</report>
			<report>
				<misses>88600000</misses>
				<total>1</total>
				<timestamp>5316.173514</timestamp>
			</report>
			<report>
				<misses>88700000</misses>
				<total>1</total>
				<timestamp>5322.173406</timestamp>
			</report>
			<report>
				<misses>88800000</misses>
				<total>1</total>
				<timestamp>5328.173460</timestamp>
			</report>
			<report>
				<misses>88900000</misses>
				<total>1</total>
				<timestamp>5334.173588</timestamp>
			</report>
			<report>
				<misses>89000000</misses>
				<total>1</total>
				<timestamp>5340.173894</timestamp>
			</report>
			<report>
				<misses>89100000</misses>
				<total>1</total>
				<timestamp>5346.173927</timestamp>
			</report>
			<report>
				<misses>89200000</misses>
				<total>1</total>
				<timestamp>5352.174133</timestamp>
			</report>
			<report>
				<misses>89300000</misses>
				<total>1</total>
				<timestamp>5358.174261</timestamp>
			</report>
			<report>
				<misses>89400000</misses>
				<total>1</total>
				<timestamp>5364.174315</timestamp>
			</report>
			<report>
				<misses>89500000</misses>
				<total>1</total>
				<timestamp>5370.174362</timestamp>
			</report>
			<report>
				<misses>89600000</misses>
				<total>1</total>
				<timestamp>5376.174314</timestamp>
			</report>
			<report>
				<misses>89700000</misses>
				<total>1</total>
				<timestamp>5382.174429</timestamp>
			</report>
			<report>
				<misses>89800000</misses>
				<total>1</total>
				<timestamp>5388.174674</timestamp>
			</report>
			<report>
				<misses>89900000</misses>
				<total>1</total>
				<timestamp>5394.174864</timestamp>
			</report>
			<report>
				<misses>90000000</misses>
				<total>1</total>
				<timestamp>5400.174861</timestamp>
			</report>
			<report>
				<misses>90100000</misses>
				<total>1</total>
				<timestamp>5406.174828</timestamp>
			</report>
			<report>
				<misses>90200000</misses>
				<total>1</total>
				<timestamp>5412.174769</timestamp>
			</report>
			<report>
				<misses>90300000</misses>
				<total>1</total>
				<timestamp>5418.174691</timestamp>
			</report>
			<report>
				<misses>90400000</misses>
				<total>1</total>
				<timestamp>5424.174613</timestamp>
			</report>
			<report>
				<misses>90500000</misses>
				<total>1</total>
				<timestamp>5430.174549</timestamp>
			</report>
			<report>
				<misses>90600000</misses>
				<total>1</total>
				<timestamp>5436.174494</timestamp>
			</report>
			<report>
				<misses>90700000</misses>
				<total>1</total>
				<timestamp>5442.174434</timestamp>
			</report>
			<report>
				<misses>90800000</misses>
				<total>1</total>
				<timestamp>5448.174376</timestamp>
			</report>
			<report>
				<misses>90900000</misses>
				<total>1</total>
				<timestamp>5454.174353</timestamp>
			</report>
			<report>
				<misses>91000000</misses>
				<total>1</total>
				<timestamp>5460.174260</timestamp>
			</report>
			<report>
				<misses>91100000</misses>
				<total>1</total>
				<timestamp>5466.174214</timestamp>
			</report>
			<report>
				<misses>91200000</misses>
				<total>1</total>
				<timestamp>5472.174123</timestamp>
			</report>
			<report>
				<misses>91300000</misses>
				<total>1</total>
				<timestamp>5478.174115</timestamp>
			</report>
			<report>
				<misses>91400000</misses>
				<total>1</total>
				<timestamp>5484.174080</timestamp>
			</report>
			<report>
				<misses>91500000</misses>
				<total>1</total>
				<timestamp>5490.174019</timestamp>
			</report>
			<report>
				<misses>91600000</misses>
				<total>1</total>
				<timestamp>5496.174027</timestamp>
			</report>
			<report>
				<misses>91700000</misses>
				<total>1</total>
				<timestamp>5502.174033</timestamp>
			</report>
			<report>
				<misses>91800000</misses>
				<total>1</total>
				<timestamp>5508.173943</timestamp>
			</report>
			<report>
				<misses>91900000</misses>
				<total>1</total>
				<timestamp>5514.173951</timestamp>
			</report>
			<report>
				<misses>92000000</misses>
				<total>1</total>
				<timestamp>5520.174186</timestamp>
			</report>
			<report>
				<misses>92100000</misses>
				<total>1</total>
				<timestamp>5526.174266</timestamp>
			</report>
			<report>
				<misses>92200000</misses>
				<total>1</total>
				<timestamp>5532.174254</timestamp>
			</report>
			<report>
				<misses>92300000</misses>
				<total>1</total>
				<timestamp>5538.174317</timestamp>
			</report>
			<report>
				<misses>92400000</misses>
				<total>1</total>
				<timestamp>5544.174257</timestamp>
			</report>
			<report>
				<misses>92500000</misses>
				<total>1</total>
				<timestamp>5550.175046</timestamp>
			</report>
			<report>
				<misses>92600000</misses>
				<total>1</total>
				<timestamp>5556.175485</timestamp>
			</report>
			<report>
				<misses>92700000</misses>
				<total>1</total>
				<timestamp>5562.175764</timestamp>
			</report>
			<report>
				<misses>92800000</misses>
				<total>1</total>
				<timestamp>5568.175769</timestamp>
			</report>
			<report>
				<misses>92900000</misses>
				<total>1</total>
				<timestamp>5574.175759</timestamp>
			</report>
			<report>
				<misses>93000000</misses>
				<total>1</total>
				<timestamp>5580.175762</timestamp>
			</report>
			<report>
				<misses>93100000</misses>
				<total>1</total>
				<timestamp>5586.175826</timestamp>
			</report>
			<report>
				<misses>93200000</misses>
				<total>1</total>
				<timestamp>5592.175877</timestamp>
			</report>
			<report>
				<misses>93300000</misses>
				<total>1</total>
				<timestamp>5598.175803</timestamp>
			</report>
			<report>
				<misses>93400000</misses>
				<total>1</total>
				<timestamp>5604.175758</timestamp>
			</report>
			<report>
				<misses>93500000</misses>
				<total>1</total>
				<timestamp>5610.175703</timestamp>
			</report>
			<report>
				<misses>93600000</misses>
				<total>1</total>
				<timestamp>5616.175642</timestamp>
			</report>
			<report>
				<misses>93700000</misses>
				<total>1</total>
				<timestamp>5622.176168</timestamp>
			</report>
			<report>
				<misses>93800000</misses>
				<total>1</total>
				<timestamp>5628.176361</timestamp>
			</report>
			<report>
				<misses>93900000</misses>
				<total>1</total>
				<timestamp>5634.176317</timestamp>
			</report>
			<report>
				<misses>94000000</misses>
				<total>1</total>
				<timestamp>5640.176423</timestamp>
			</report>
			<report>
				<misses>94100000</misses>
				<total>1</total>
				<timestamp>5646.176791</timestamp>
			</report>
			<report>
				<misses>94200000</misses>
				<total>1</total>
				<timestamp>5652.176833</timestamp>
			</report>
			<report>
				<misses>94300000</misses>
				<total>1</total>
				<timestamp>5658.177027</timestamp>
			</report>
			<report>
				<misses>94400000</misses>
				<total>1</total>
				<timestamp>5664.177194</timestamp>
			</report>
			<report>
				<misses>94500000</misses>
				<total>1</total>
				<timestamp>5670.177253</timestamp>
			</report>
			<report>
				<misses>94600000</misses>
				<total>1</total>
				<timestamp>5676.177196</timestamp>
			</report>
			<report>
				<misses>94700000</misses>
				<total>1</total>
				<timestamp>5682.177363</timestamp>
			</report>
			<report>
				<misses>94800000</misses>
				<total>1</total>
				<timestamp>5688.177560</timestamp>
			</report>
			<report>
				<misses>94900000</misses>
				<total>1</total>
				<timestamp>5694.177608</timestamp>
			</report>
			<report>
				<misses>95000000</misses>
				<total>1</total>
				<timestamp>5700.177979</timestamp>
			</report>
			<report>
				<misses>95100000</misses>
				<total>1</total>
				<timestamp>5706.178469</timestamp>
			</report>
			<report>
				<misses>95200000</misses>
				<total>1</total>
				<timestamp>5712.179107</timestamp>
			</report>
			<report>
				<misses>95300000</misses>
				<total>1</total>
				<timestamp>5718.179776</timestamp>
			</report>
			<report>
				<misses>95400000</misses>
				<total>1</total>
				<timestamp>5724.180884</timestamp>
			</report>
			<report>
				<misses>95500000</misses>
				<total>1</total>
				<timestamp>5730.180804</timestamp>
			</report>
			<report>
				<misses>95600000</misses>
				<total>1</total>
				<timestamp>5736.181264</timestamp>
			</report>
			<report>
				<misses>95700000</misses>
				<total>1</total>
				<timestamp>5742.181441</timestamp>
			</report>
			<report>
				<misses>95800000</misses>
				<total>1</total>
				<timestamp>5748.181683</timestamp>
			</report>
			<report>
				<misses>95900000</misses>
				<total>1</total>
				<timestamp>5754.181631</timestamp>
			</report>
			<report>
				<misses>96000000</misses>
				<total>1</total>
				<timestamp>5760.182065</timestamp>
			</report>
			<report>
				<misses>96100000</misses>
				<total>1</total>
				<timestamp>5766.182652</timestamp>
			</report>
			<report>
				<misses>96200000</misses>
				<total>1</total>
				<timestamp>5772.183439</timestamp>
			</report>
			<report>
				<misses>96300000</misses>
				<total>1</total>
				<timestamp>5778.183556</timestamp>
			</report>
			<report>
				<misses>96400000</misses>
				<total>1</total>
				<timestamp>5784.183755</timestamp>
			</report>
			<report>
				<misses>96500000</misses>
				<total>1</total>
				<timestamp>5790.183674</timestamp>
			</report>
			<report>
				<misses>96600000</misses>
				<total>1</total>
				<timestamp>5796.183622</timestamp>
			</report>
			<report>
				<misses>96700000</misses>
				<total>1</total>
				<timestamp>5802.183641</timestamp>
			</report>
			<report>
				<misses>96800000</misses>
				<total>1</total>
				<timestamp>5808.183624</timestamp>
			</report>
			<report>
				<misses>96900000</misses>
				<total>1</total>
				<timestamp>5814.183790</timestamp>
			</report>
			<report>
				<misses>97000000</misses>
				<total>1</total>
				<timestamp>5820.183846</timestamp>
			</report>
			<report>
				<misses>97100000</misses>
				<total>1</total>
				<timestamp>5826.183972</timestamp>
			</report>
			<report>
				<misses>97200000</misses>
				<total>1</total>
				<timestamp>5832.184396</timestamp>
			</report>
			<report>
				<misses>97300000</misses>
				<total>1</total>
				<timestamp>5838.184323</timestamp>
			</report>
			<report>
				<misses>97400000</misses>
				<total>1</total>
				<timestamp>5844.184320</timestamp>
			</report>
			<report>
				<misses>97500000</misses>
				<total>1</total>
				<timestamp>5850.184333</timestamp>
			</report>
			<report>
				<misses>97600000</misses>
				<total>1</total>
				<timestamp>5856.184984</timestamp>
			</report>
			<report>
				<misses>97700000</misses>
				<total>1</total>
				<timestamp>5862.184985</timestamp>
			</report>
			<report>
				<misses>97800000</misses>
				<total>1</total>
				<timestamp>5868.185063</timestamp>
			</report>
			<report>
				<misses>97900000</misses>
				<total>1</total>
				<timestamp>5874.185229</timestamp>
			</report>
			<report>
				<misses>98000000</misses>
				<total>1</total>
				<timestamp>5880.185989</timestamp>
			</report>
			<report>
				<misses>98100000</misses>
				<total>1</total>
				<timestamp>5886.186621</timestamp>
			</report>
			<report>
				<misses>98200000</misses>
				<total>1</total>
				<timestamp>5892.186867</timestamp>
			</report>
			<report>
				<misses>98300000</misses>
				<total>1</total>
				<timestamp>5898.187279</timestamp>
			</report>
			<report>
				<misses>98400000</misses>
				<total>1</total>
				<timestamp>5904.187679</timestamp>
			</report>
			<report>
				<misses>98500000</misses>
				<total>1</total>
				<timestamp>5910.188090</timestamp>
			</report>
			<report>
				<misses>98600000</misses>
				<total>1</total>
				<timestamp>5916.188043</timestamp>
			</report>
			<report>
				<misses>98700000</misses>
				<total>1</total>
				<timestamp>5922.188041</timestamp>
			</report>
			<report>
				<misses>98800000</misses>
				<total>1</total>
				<timestamp>5928.188163</timestamp>
			</report>
			<report>
				<misses>98900000</misses>
				<total>1</total>
				<timestamp>5934.188174</timestamp>
			</report>
			<report>
				<misses>99000000</misses>
				<total>1</total>
				<timestamp>5940.188226</timestamp>
			</report>
			<report>
				<misses>99100000</misses>
				<total>1</total>
				<timestamp>5946.188430</timestamp>
			</report>
			<report>
				<misses>99200000</misses>
				<total>1</total>
				<timestamp>5952.188366</timestamp>
			</report>
			<report>
				<misses>99300000</misses>
				<total>1</total>
				<timestamp>5958.188661</timestamp>
			</report>
			<report>
				<misses>99400000</misses>
				<total>1</total>
				<timestamp>5964.189255</timestamp>
			</report>
			<report>
				<misses>99500000</misses>
				<total>1</total>
				<timestamp>5970.189667</timestamp>
			</report>
			<report>
				<misses>99600000</misses>
				<total>1</total>
				<timestamp>5976.190216</timestamp>
			</report>
			<report>
				<misses>99700000</misses>
				<total>1</total>
				<timestamp>5982.190603</timestamp>
			</report>
			<report>
				<misses>99800000</misses>
				<total>1</total>
				<timestamp>5988.190538</timestamp>
			</report>
			<report>
				<misses>99900000</misses>
				<total>1</total>
				<timestamp>5994.190508</timestamp>
			</report>
			<report>
				<misses>100000000</misses>
				<total>1</total>
				<timestamp>6000.190570</timestamp>
			</report>
			<report>
				<misses>100100000</misses>
				<total>1</total>
				<timestamp>6006.190553</timestamp>
			</report>
			<report>
				<misses>100200000</misses>
				<total>1</total>
				<timestamp>6012.190987</timestamp>
			</report>
			<report>
				<misses>100300000</misses>
				<total>1</total>
				<timestamp>6018.191108</timestamp>
			</report>
			<report>
				<misses>100400000</misses>
				<total>1</total>
				<timestamp>6024.191127</timestamp>
			</report>
			<report>
				<misses>100500000</misses>
				<total>1</total>
				<timestamp>6030.191228</timestamp>
			</report>
			<report>
				<misses>100600000</misses>
				<total>1</total>
				<timestamp>6036.191527</timestamp>
			</report>
			<report>
				<misses>100700000</misses>
				<total>1</total>
				<timestamp>6042.191553</timestamp>
			</report>
			<report>
				<misses>100800000</misses>
				<total>1</total>
				<timestamp>6048.191501</timestamp>
			</report>
			<report>
				<misses>100900000</misses>
				<total>1</total>
				<timestamp>6054.191647</timestamp>
			</report>
			<report>
				<misses>101000000</misses>
				<total>1</total>
				<timestamp>6060.191590</timestamp>
			</report>
			<report>
				<misses>101100000</misses>
				<total>1</total>
				<timestamp>6066.191530</timestamp>
			</report>
			<report>
				<misses>101200000</misses>
				<total>1</total>
				<timestamp>6072.191536</timestamp>
			</report>
			<report>
				<misses>101300000</misses>
				<total>1</total>
				<timestamp>6078.191942</timestamp>
			</report>
			<report>
				<misses>101400000</misses>
				<total>1</total>
				<timestamp>6084.192370</timestamp>
			</report>
			<report>
				<misses>101500000</misses>
				<total>1</total>
				<timestamp>6090.192433</timestamp>
			</report>
			<report>
				<misses>101600000</misses>
				<total>1</total>
				<timestamp>6096.192442</timestamp>
			</report>
			<report>
				<misses>101700000</misses>
				<total>1</total>
				<timestamp>6102.192470</timestamp>
			</report>
			<report>
				<misses>101800000</misses>
				<total>1</total>
				<timestamp>6108.192381</timestamp>
			</report>
			<report>
				<misses>101900000</misses>
				<total>1</total>
				<timestamp>6114.192429</timestamp>
			</report>
			<report>
				<misses>102000000</misses>
				<total>1</total>
				<timestamp>6120.192672</timestamp>
			</report>
			<report>
				<misses>102100000</misses>
				<total>1</total>
				<timestamp>6126.192926</timestamp>
			</report>
			<report>
				<misses>102200000</misses>
				<total>1</total>
				<timestamp>6132.193222</timestamp>
			</report>
			<report>
				<misses>102300000</misses>
				<total>1</total>
				<timestamp>6138.193451</timestamp>
			</report>
			<report>
				<misses>102400000</misses>
				<total>1</total>
				<timestamp>6144.193743</timestamp>
			</report>
			<report>
				<misses>102500000</misses>
				<total>1</total>
				<timestamp>6150.194015</timestamp>
			</report>
			<report>
				<misses>102600000</misses>
				<total>1</total>
				<timestamp>6156.194180</timestamp>
			</report>
			<report>
				<misses>102700000</misses>
				<total>1</total>
				<timestamp>6162.194791</timestamp>
			</report>
			<report>
				<misses>102800000</misses>
				<total>1</total>
				<timestamp>6168.194739</timestamp>
			</report>
			<report>
				<misses>102900000</misses>
				<total>1</total>
				<timestamp>6174.194890</timestamp>
			</report>
			<report>
				<misses>103000000</misses>
				<total>1</total>
				<timestamp>6180.195159</timestamp>
			</report>
			<report>
				<misses>103100000</misses>
				<total>1</total>
				<timestamp>6186.195193</timestamp>
			</report>
			<report>
				<misses>103200000</misses>
				<total>1</total>
				<timestamp>6192.195137</timestamp>
			</report>
			<report>
				<misses>103300000</misses>
				<total>1</total>
				<timestamp>6198.195206</timestamp>
			</report>
			<report>
				<misses>103400000</misses>
				<total>1</total>
				<timestamp>6204.195233</timestamp>
			</report>
			<report>
				<misses>103500000</misses>
				<total>1</total>
				<timestamp>6210.195133</timestamp>
			</report>
			<report>
				<misses>103600000</misses>
				<total>1</total>
				<timestamp>6216.195071</timestamp>
			</report>
			<report>
				<misses>103700000</misses>
				<total>1</total>
				<timestamp>6222.195007</timestamp>
			</report>
			<report>
				<misses>103800000</misses>
				<total>1</total>
				<timestamp>6228.195062</timestamp>
			</report>
			<report>
				<misses>103900000</misses>
				<total>1</total>
				<timestamp>6234.195304</timestamp>
			</report>
			<report>
				<misses>104000000</misses>
				<total>1</total>
				<timestamp>6240.195510</timestamp>
			</report>
			<report>
				<misses>104100000</misses>
				<total>1</total>
				<timestamp>6246.195551</timestamp>
			</report>
			<report>
				<misses>104200000</misses>
				<total>1</total>
				<timestamp>6252.195509</timestamp>
			</report>
			<report>
				<misses>104300000</misses>
				<total>1</total>
				<timestamp>6258.195616</timestamp>
			</report>
			<report>
				<misses>104400000</misses>
				<total>1</total>
				<timestamp>6264.195748</timestamp>
			</report>
			<report>
				<misses>104500000</misses>
				<total>1</total>
				<timestamp>6270.196495</timestamp>
			</report>
			<report>
				<misses>104600000</misses>
				<total>1</total>
				<timestamp>6276.196569</timestamp>
			</report>
			<report>
				<misses>104700000</misses>
				<total>1</total>
				<timestamp>6282.197541</timestamp>
			</report>
			<report>
				<misses>104800000</misses>
				<total>1</total>
				<timestamp>6288.197966</timestamp>
			</report>
			<report>
				<misses>104900000</misses>
				<total>1</total>
				<timestamp>6294.197880</timestamp>
			</report>
			<report>
				<misses>105000000</misses>
				<total>1</total>
				<timestamp>6300.197822</timestamp>
			</report>
			<report>
				<misses>105100000</misses>
				<total>1</total>
				<timestamp>6306.197903</timestamp>
			</report>
			<report>
				<misses>105200000</misses>
				<total>1</total>
				<timestamp>6312.198810</timestamp>
			</report>
			<report>
				<misses>105300000</misses>
				<total>1</total>
				<timestamp>6318.198785</timestamp>
			</report>
			<report>
				<misses>105400000</misses>
				<total>1</total>
				<timestamp>6324.198991</timestamp>
			</report>
			<report>
				<misses>105500000</misses>
				<total>1</total>
				<timestamp>6330.199351</timestamp>
			</report>
			<report>
				<misses>105600000</misses>
				<total>1</total>
				<timestamp>6336.199303</timestamp>
			</report>
			<report>
				<misses>105700000</misses>
				<total>1</total>
				<timestamp>6342.199636</timestamp>
			</report>
			<report>
				<misses>105800000</misses>
				<total>1</total>
				<timestamp>6348.199581</timestamp>
			</report>
			<report>
				<misses>105900000</misses>
				<total>1</total>
				<timestamp>6354.199514</timestamp>
			</report>
			<report>
				<misses>106000000</misses>
				<total>1</total>
				<timestamp>6360.200115</timestamp>
			</report>
			<report>
				<misses>106100000</misses>
				<total>1</total>
				<timestamp>6366.200121</timestamp>
			</report>
			<report>
				<misses>106200000</misses>
				<total>1</total>
				<timestamp>6372.200952</timestamp>
			</report>
			<report>
				<misses>106300000</misses>
				<total>1</total>
				<timestamp>6378.200938</timestamp>
			</report>
			<report>
				<misses>106400000</misses>
				<total>1</total>
				<timestamp>6384.201620</timestamp>
			</report>
			<report>
				<misses>106500000</misses>
				<total>1</total>
				<timestamp>6390.202329</timestamp>
			</report>
			<report>
				<misses>106600000</misses>
				<total>1</total>
				<timestamp>6396.202299</timestamp>
			</report>
			<report>
				<misses>106700000</misses>
				<total>1</total>
				<timestamp>6402.202217</timestamp>
			</report>
			<report>
				<misses>106800000</misses>
				<total>1</total>
				<timestamp>6408.202563</timestamp>
			</report>
			<report>
				<misses>106900000</misses>
				<total>1</total>
				<timestamp>6414.202803</timestamp>
			</report>
			<report>
				<misses>107000000</misses>
				<total>1</total>
				<timestamp>6420.203053</timestamp>
			</report>
			<report>
				<misses>107100000</misses>
				<total>1</total>
				<timestamp>6426.203912</timestamp>
			</report>
			<report>
				<misses>107200000</misses>
				<total>1</total>
				<timestamp>6432.204970</timestamp>
			</report>
			<report>
				<misses>107300000</misses>
				<total>1</total>
				<timestamp>6438.205164</timestamp>
			</report>
			<report>
				<misses>107400000</misses>
				<total>1</total>
				<timestamp>6444.205217</timestamp>
			</report>
			<report>
				<misses>107500000</misses>
				<total>1</total>
				<timestamp>6450.205196</timestamp>
			</report>
			<report>
				<misses>107600000</misses>
				<total>1</total>
				<timestamp>6456.205890</timestamp>
			</report>
			<report>
				<misses>107700000</misses>
				<total>1</total>
				<timestamp>6462.206057</timestamp>
			</report>
			<report>
				<misses>107800000</misses>
				<total>1</total>
				<timestamp>6468.206120</timestamp>
			</report>
			<report>
				<misses>107900000</misses>
				<total>1</total>
				<timestamp>6474.206841</timestamp>
			</report>
			<report>
				<misses>108000000</misses>
				<total>1</total>
				<timestamp>6480.207186</timestamp>
			</report>
			<report>
				<misses>108100000</misses>
				<total>1</total>
				<timestamp>6486.208050</timestamp>
			</report>
			<report>
				<misses>108200000</misses>
				<total>1</total>
				<timestamp>6492.208602</timestamp>
			</report>
			<report>
				<misses>108300000</misses>
				<total>1</total>
				<timestamp>6498.208796</timestamp>
			</report>
			<report>
				<misses>108400000</misses>
				<total>1</total>
				<timestamp>6504.208764</timestamp>
			</report>
			<report>
				<misses>108500000</misses>
				<total>1</total>
				<timestamp>6510.208823</timestamp>
			</report>
			<report>
				<misses>108600000</misses>
				<total>1</total>
				<timestamp>6516.209384</timestamp>
			</report>
			<report>
				<misses>108700000</misses>
				<total>1</total>
				<timestamp>6522.210122</timestamp>
			</report>
			<report>
				<misses>108800000</misses>
				<total>1</total>
				<timestamp>6528.210178</timestamp>
			</report>
			<report>
				<misses>108900000</misses>
				<total>1</total>
				<timestamp>6534.210673</timestamp>
			</report>
			<report>
				<misses>109000000</misses>
				<total>1</total>
				<timestamp>6540.210638</timestamp>
			</report>
			<report>
				<misses>109100000</misses>
				<total>1</total>
				<timestamp>6546.210675</timestamp>
			</report>
			<report>
				<misses>109200000</misses>
				<total>1</total>
				<timestamp>6552.210687</timestamp>
			</report>
			<report>
				<misses>109300000</misses>
				<total>1</total>
				<timestamp>6558.210822</timestamp>
			</report>
			<report>
				<misses>109400000</misses>
				<total>1</total>
				<timestamp>6564.211411</timestamp>
			</report>
			<report>
				<misses>109500000</misses>
				<total>1</total>
				<timestamp>6570.211690</timestamp>
			</report>
			<report>
				<misses>109600000</misses>
				<total>1</total>
				<timestamp>6576.212360</timestamp>
			</report>
			<report>
				<misses>109700000</misses>
				<total>1</total>
				<timestamp>6582.212972</timestamp>
			</report>
			<report>
				<misses>109800000</misses>
				<total>1</total>
				<timestamp>6588.213831</timestamp>
			</report>
			<report>
				<misses>109900000</misses>
				<total>1</total>
				<timestamp>6594.214034</timestamp>
			</report>
			<report>
				<misses>110000000</misses>
				<total>1</total>
				<timestamp>6600.214043</timestamp>
			</report>
			<report>
				<misses>110100000</misses>
				<total>1</total>
				<timestamp>6606.214386</timestamp>
			</report>
			<report>
				<misses>110200000</misses>
				<total>1</total>
				<timestamp>6612.214560</timestamp>
			</report>
			<report>
				<misses>110300000</misses>
				<total>1</total>
				<timestamp>6618.214677</timestamp>
			</report>
			<report>
				<misses>110400000</misses>
				<total>1</total>
				<timestamp>6624.215227</timestamp>
			</report>
			<report>
				<misses>110500000</misses>
				<total>1</total>
				<timestamp>6630.215173</timestamp>
			</report>
			<report>
				<misses>110600000</misses>
				<total>1</total>
				<timestamp>6636.215109</timestamp>
			</report>
			<report>
				<misses>110700000</misses>
				<total>1</total>
				<timestamp>6642.215588</timestamp>
			</report>
			<report>
				<misses>110800000</misses>
				<total>1</total>
				<timestamp>6648.215928</timestamp>
			</report>
			<report>
				<misses>110900000</misses>
				<total>1</total>
				<timestamp>6654.215856</timestamp>
			</report>
			<report>
				<misses>111000000</misses>
				<total>1</total>
				<timestamp>6660.216208</timestamp>
			</report>
			<report>
				<misses>111100000</misses>
				<total>1</total>
				<timestamp>6666.216454</timestamp>
			</report>
			<report>
				<misses>111200000</misses>
				<total>1</total>
				<timestamp>6672.216740</timestamp>
			</report>
			<report>
				<misses>111300000</misses>
				<total>1</total>
				<timestamp>6678.216746</timestamp>
			</report>
			<report>
				<misses>111400000</misses>
				<total>1</total>
				<timestamp>6684.217209</timestamp>
			</report>
			<report>
				<misses>111500000</misses>
				<total>1</total>
				<timestamp>6690.217528</timestamp>
			</report>
			<report>
				<misses>111600000</misses>
				<total>1</total>
				<timestamp>6696.218100</timestamp>
			</report>
			<report>
				<misses>111700000</misses>
				<total>1</total>
				<timestamp>6702.218167</timestamp>
			</report>
			<report>
				<misses>111800000</misses>
				<total>1</total>
				<timestamp>6708.218588</timestamp>
			</report>
			<report>
				<misses>111900000</misses>
				<total>1</total>
				<timestamp>6714.219196</timestamp>
			</report>
			<report>
				<misses>112000000</misses>
				<total>1</total>
				<timestamp>6720.219814</timestamp>
			</report>
			<report>
				<misses>112100000</misses>
				<total>1</total>
				<timestamp>6726.219748</timestamp>
			</report>
			<report>
				<misses>112200000</misses>
				<total>1</total>
				<timestamp>6732.219915</timestamp>
			</report>
			<report>
				<misses>112300000</misses>
				<total>1</total>
				<timestamp>6738.219875</timestamp>
			</report>
			<report>
				<misses>112400000</misses>
				<total>1</total>
				<timestamp>6744.219797</timestamp>
			</report>
			<report>
				<misses>112500000</misses>
				<total>1</total>
				<timestamp>6750.219774</timestamp>
			</report>
			<report>
				<misses>112600000</misses>
				<total>1</total>
				<timestamp>6756.219754</timestamp>
			</report>
			<report>
				<misses>112700000</misses>
				<total>1</total>
				<timestamp>6762.219674</timestamp>
			</report>
			<report>
				<misses>112800000</misses>
				<total>1</total>
				<timestamp>6768.219654</timestamp>
			</report>
			<report>
				<misses>112900000</misses>
				<total>1</total>
				<timestamp>6774.219619</timestamp>
			</report>
			<report>
				<misses>113000000</misses>
				<total>1</total>
				<timestamp>6780.219844</timestamp>
			</report>
			<report>
				<misses>113100000</misses>
				<total>2</total>
				<timestamp>6786.220128</timestamp>
			</report>
			<report>
				<misses>113200000</misses>
				<total>2</total>
				<timestamp>6792.220523</timestamp>
			</report>
			<report>
				<misses>113300000</misses>
				<total>2</total>
				<timestamp>6798.220455</timestamp>
			</report>
			<report>
				<misses>113400000</misses>
				<total>2</total>
				<timestamp>6804.220417</timestamp>
			</report>
			<report>
				<misses>113500000</misses>
				<total>2</total>
				<timestamp>6810.220400</timestamp>
			</report>
			<report>
				<misses>113600000</misses>
				<total>2</total>
				<timestamp>6816.220339</timestamp>
			</report>
			<report>
				<misses>113700000</misses>
				<total>2</total>
				<timestamp>6822.220638</timestamp>
			</report>
			<report>
				<misses>113800000</misses>
				<total>2</total>
				<timestamp>6828.220579</timestamp>
			</report>
			<report>
				<misses>113900000</misses>
				<total>2</total>
				<timestamp>6834.220820</timestamp>
			</report>
			<report>
				<misses>114000000</misses>
				<total>2</total>
				<timestamp>6840.220868</timestamp>
			</report>
			<report>
				<misses>114100000</misses>
				<total>2</total>
				<timestamp>6846.221188</timestamp>
			</report>
			<report>
				<misses>114200000</misses>
				<total>2</total>
				<timestamp>6852.221480</timestamp>
			</report>
			<report>
				<misses>114300000</misses>
				<total>2</total>
				<timestamp>6858.221423</timestamp>
			</report>
			<report>
				<misses>114400000</misses>
				<total>2</total>
				<timestamp>6864.221777</timestamp>
			</report>
			<report>
				<misses>114500000</misses>
				<total>2</total>
				<timestamp>6870.221976</timestamp>
			</report>
			<report>
				<misses>114600000</misses>
				<total>2</total>
				<timestamp>6876.222071</timestamp>
			</report>
			<report>
				<misses>114700000</misses>
				<total>2</total>
				<timestamp>6882.222190</timestamp>
			</report>
			<report>
				<misses>114800000</misses>
				<total>2</total>
				<timestamp>6888.222146</timestamp>
			</report>
			<report>
				<misses>114900000</misses>
				<total>2</total>
				<timestamp>6894.222383</timestamp>
			</report>
			<report>
				<misses>115000000</misses>
				<total>2</total>
				<timestamp>6900.222876</timestamp>
			</report>
			<report>
				<misses>115100000</misses>
				<total>2</total>
				<timestamp>6906.222823</timestamp>
			</report>
			<report>
				<misses>115200000</misses>
				<total>2</total>
				<timestamp>6912.223522</timestamp>
			</report>
			<report>
				<misses>115300000</misses>
				<total>2</total>
				<timestamp>6918.223630</timestamp>
			</report>
			<report>
				<misses>115400000</misses>
				<total>2</total>
				<timestamp>6924.224121</timestamp>
			</report>
			<report>
				<misses>115500000</misses>
				<total>2</total>
				<timestamp>6930.224650</timestamp>
			</report>
			<report>
				<misses>115600000</misses>
				<total>2</total>
				<timestamp>6936.224618</timestamp>
			</report>
			<report>
				<misses>115700000</misses>
				<total>2</total>
				<timestamp>6942.224549</timestamp>
			</report>
			<report>
				<misses>115800000</misses>
				<total>2</total>
				<timestamp>6948.224486</timestamp>
			</report>
			<report>
				<misses>115900000</misses>
				<total>2</total>
				<timestamp>6954.224406</timestamp>
			</report>
			<report>
				<misses>116000000</misses>
				<total>2</total>
				<timestamp>6960.224357</timestamp>
			</report>
			<report>
				<misses>116100000</misses>
				<total>2</total>
				<timestamp>6966.224320</timestamp>
			</report>
			<report>
				<misses>116200000</misses>
				<total>2</total>
				<timestamp>6972.224281</timestamp>
			</report>
			<report>
				<misses>116300000</misses>
				<total>2</total>
				<timestamp>6978.224236</timestamp>
			</report>
			<report>
				<misses>116400000</misses>
				<total>2</total>
				<timestamp>6984.224177</timestamp>
			</report>
			<report>
				<misses>116500000</misses>
				<total>2</total>
				<timestamp>6990.224113</timestamp>
			</report>
			<report>
				<misses>116600000</misses>
				<total>2</total>
				<timestamp>6996.224095</timestamp>
			</report>
			<report>
				<misses>116700000</misses>
				<total>2</total>
				<timestamp>7002.224172</timestamp>
			</report>
			<report>
				<misses>116800000</misses>
				<total>2</total>
				<timestamp>7008.224352</timestamp>
			</report>
			<report>
				<misses>116900000</misses>
				<total>2</total>
				<timestamp>7014.224731</timestamp>
			</report>
			<report>
				<misses>117000000</misses>
				<total>2</total>
				<timestamp>7020.225142</timestamp>
			</report>
			<report>
				<misses>117100000</misses>
				<total>2</total>
				<timestamp>7026.225083</timestamp>
			</report>
			<report>
				<misses>117200000</misses>
				<total>2</total>
				<timestamp>7032.225756</timestamp>
			</report>
			<report>
				<misses>117300000</misses>
				<total>2</total>
				<timestamp>7038.226729</timestamp>
			</report>
			<report>
				<misses>117400000</misses>
				<total>2</total>
				<timestamp>7044.226762</timestamp>
			</report>
			<report>
				<misses>117500000</misses>
				<total>2</total>
				<timestamp>7050.226689</timestamp>
			</report>
			<report>
				<misses>117600000</misses>
				<total>2</total>
				<timestamp>7056.226701</timestamp>
			</report>
			<report>
				<misses>117700000</misses>
				<total>2</total>
				<timestamp>7062.226647</timestamp>
			</report>
			<report>
				<misses>117800000</misses>
				<total>2</total>
				<timestamp>7068.226771</timestamp>
			</report>
			<report>
				<misses>117900000</misses>
				<total>2</total>
				<timestamp>7074.226751</timestamp>
			</report>
			<report>
				<misses>118000000</misses>
				<total>2</total>
				<timestamp>7080.226696</timestamp>
			</report>
			<report>
				<misses>118100000</misses>
				<total>2</total>
				<timestamp>7086.226714</timestamp>
			</report>
			<report>
				<misses>118200000</misses>
				<total>2</total>
				<timestamp>7092.227043</timestamp>
			</report>
			<report>
				<misses>118300000</misses>
				<total>2</total>
				<timestamp>7098.227484</timestamp>
			</report>
			<report>
				<misses>118400000</misses>
				<total>2</total>
				<timestamp>7104.227669</timestamp>
			</report>
			<report>
				<misses>118500000</misses>
				<total>2</total>
				<timestamp>7110.227599</timestamp>
			</report>
			<report>
				<misses>118600000</misses>
				<total>2</total>
				<timestamp>7116.228009</timestamp>
			</report>
			<report>
				<misses>118700000</misses>
				<total>2</total>
				<timestamp>7122.228631</timestamp>
			</report>
			<report>
				<misses>118800000</misses>
				<total>2</total>
				<timestamp>7128.228970</timestamp>
			</report>
			<report>
				<misses>118900000</misses>
				<total>2</total>
				<timestamp>7134.228973</timestamp>
			</report>
			<report>
				<misses>119000000</misses>
				<total>2</total>
				<timestamp>7140.229026</timestamp>
			</report>
			<report>
				<misses>119100000</misses>
				<total>2</total>
				<timestamp>7146.229210</timestamp>
			</report>
			<report>
				<misses>119200000</misses>
				<total>2</total>
				<timestamp>7152.229575</timestamp>
			</report>
			<report>
				<misses>119300000</misses>
				<total>2</total>
				<timestamp>7158.229503</timestamp>
			</report>
			<report>
				<misses>119400000</misses>
				<total>2</total>
				<timestamp>7164.229521</timestamp>
			</report>
			<report>
				<misses>119500000</misses>
				<total>2</total>
				<timestamp>7170.229875</timestamp>
			</report>
			<report>
				<misses>119600000</misses>
				<total>2</total>
				<timestamp>7176.230364</timestamp>
			</report>
			<report>
				<misses>119700000</misses>
				<total>2</total>
				<timestamp>7182.230655</timestamp>
			</report>
			<report>
				<misses>119800000</misses>
				<total>2</total>
				<timestamp>7188.230905</timestamp>
			</report>
			<report>
				<misses>119900000</misses>
				<total>2</total>
				<timestamp>7194.231141</timestamp>
			</report>
		</query>
	</custom>
	<ethtool_statistic>
		<rx_packets>
			<start>1376001362</start>
			<end>1711399297</end>
		</rx_packets>
		<tx_packets>
			<start>1829265109</start>
			<end>2150519798</end>
		</tx_packets>
		<rx_dropped>
			<start>0</start>
			<end>0</end>
		</rx_dropped>
		<tx_dropped>
			<start>0</start>
			<end>0</end>
		</tx_dropped>
		<collisions>
			<start>0</start>
			<end>0</end>
		</collisions>
		<port_tx_errors>
			<start>0</start>
			<end>0</end>
		</port_tx_errors>
		<port_rx_dropped>
			<start>0</start>
			<end>0</end>
		</port_rx_dropped>
		<port_tx_dropped_link_down>
			<start>0</start>
			<end>0</end>
		</port_tx_dropped_link_down>
	</ethtool_statistic>
	<ip_statistic>
		<mtu>
			<start>9000</start>
			<end>9000</end>
		</mtu>
		<rx_bytes>
			<start>12370030348660</start>
			<end>15385216058599</end>
		</rx_bytes>
		<rx_packets>
			<start>1376001493</start>
			<end>1711399450</end>
		</rx_packets>
		<rx_errors>
			<start>0</start>
			<end>0</end>
		</rx_errors>
		<rx_dropped>
			<start>0</start>
			<end>0</end>
		</rx_dropped>
		<rx_missed>
			<start>0</start>
			<end>0</end>
		</rx_missed>
		<rx_mcast>
			<start>280</start>
			<end>313</end>
		</rx_mcast>
		<tx_bytes>
			<start>7566308030936</start>
			<end>9390381484128</end>
		</tx_bytes>
		<tx_packets>
			<start>1829265146</start>
			<end>2150519854</end>
		</tx_packets>
		<tx_errors>
			<start>0</start>
			<end>0</end>
		</tx_errors>
		<tx_dropped>
			<start>0</start>
			<end>0</end>
		</tx_dropped>
		<tx_carrier>
			<start>0</start>
			<end>0</end>
		</tx_carrier>
		<tx_collisions>
			<start>0</start>
			<end>0</end>
		</tx_collisions>
	</ip_statistic>
	<netstat_statistic>
		<udp_pkg_rec>
			<start>1298921194</start>
			<end>1617647213</end>
		</udp_pkg_rec>
		<udp_pkg_snt>
			<start>1829487982</start>
			<end>2150797056</end>
		</udp_pkg_snt>
		<udp_rec_err>
			<start>77227840</start>
			<end>93935471</end>
		</udp_rec_err>
		<udp_rec_buf_err>
			<start>77227840</start>
			<end>93935471</end>
		</udp_rec_buf_err>
		<udp_snt_buf_err>
			<start>0</start>
			<end>0</end>
		</udp_snt_buf_err>
	</netstat_statistic>
</test_results>
