<?xml version="1.0"?>
<test_results>
	<status>STATUS_SUCCESS</status>
	<custom>
		<num_loss>0</num_loss>
		<num_total>13208836</num_total>
		<num_misses>123173</num_misses>
	</custom>
	<ethtool_statistic>
		<rx_packets>
			<start>62406948</start>
			<end>72979925</end>
		</rx_packets>
		<tx_packets>
			<start>301307926</start>
			<end>314516771</end>
		</tx_packets>
		<rx_dropped>
			<start>1899</start>
			<end>1899</end>
		</rx_dropped>
		<tx_dropped>
			<start>0</start>
			<end>0</end>
		</tx_dropped>
		<collisions>
			<start>0</start>
			<end>0</end>
		</collisions>
		<port_tx_errors>
			<start>0</start>
			<end>0</end>
		</port_tx_errors>
		<port_rx_dropped>
			<start>0</start>
			<end>0</end>
		</port_rx_dropped>
		<port_tx_dropped_link_down>
			<start>0</start>
			<end>0</end>
		</port_tx_dropped_link_down>
	</ethtool_statistic>
	<ip_statistic>
		<mtu>
			<start>9000</start>
			<end>9000</end>
		</mtu>
		<rx_bytes>
			<start>246904699347</start>
			<end>341448144492</end>
		</rx_bytes>
		<rx_packets>
			<start>62407128</start>
			<end>72980103</end>
		</rx_packets>
		<rx_errors>
			<start>0</start>
			<end>0</end>
		</rx_errors>
		<rx_dropped>
			<start>1899</start>
			<end>1899</end>
		</rx_dropped>
		<rx_missed>
			<start>0</start>
			<end>0</end>
		</rx_missed>
		<rx_mcast>
			<start>241</start>
			<end>241</end>
		</rx_mcast>
		<tx_bytes>
			<start>1566626603294</start>
			<end>1568238081668</end>
		</tx_bytes>
		<tx_packets>
			<start>301307926</start>
			<end>314516771</end>
		</tx_packets>
		<tx_errors>
			<start>0</start>
			<end>0</end>
		</tx_errors>
		<tx_dropped>
			<start>0</start>
			<end>0</end>
		</tx_dropped>
		<tx_carrier>
			<start>0</start>
			<end>0</end>
		</tx_carrier>
		<tx_collisions>
			<start>0</start>
			<end>0</end>
		</tx_collisions>
	</ip_statistic>
</test_results>
