<?xml version="1.0"?>
<test_results>
	<status>STATUS_SUCCESS</status>
	<custom>
		<num_loss>0</num_loss>
		<num_total>112248292</num_total>
		<num_misses>-1527227639</num_misses>
		<elapsed_time>7199.967068</elapsed_time>
		<query>
			<report>
				<misses>100001</misses>
				<total>2</total>
				<timestamp>6.417387</timestamp>
			</report>
			<report>
				<misses>200001</misses>
				<total>2</total>
				<timestamp>12.839857</timestamp>
			</report>
			<report>
				<misses>300001</misses>
				<total>2</total>
				<timestamp>19.247558</timestamp>
			</report>
			<report>
				<misses>400001</misses>
				<total>1</total>
				<timestamp>25.660885</timestamp>
			</report>
			<report>
				<misses>500001</misses>
				<total>1</total>
				<timestamp>32.077779</timestamp>
			</report>
			<report>
				<misses>600001</misses>
				<total>2</total>
				<timestamp>38.495278</timestamp>
			</report>
			<report>
				<misses>700001</misses>
				<total>1</total>
				<timestamp>44.910335</timestamp>
			</report>
			<report>
				<misses>800001</misses>
				<total>2</total>
				<timestamp>51.345568</timestamp>
			</report>
			<report>
				<misses>900001</misses>
				<total>1</total>
				<timestamp>57.766071</timestamp>
			</report>
			<report>
				<misses>1000001</misses>
				<total>2</total>
				<timestamp>64.187098</timestamp>
			</report>
			<report>
				<misses>1100001</misses>
				<total>2</total>
				<timestamp>70.618293</timestamp>
			</report>
			<report>
				<misses>1200001</misses>
				<total>2</total>
				<timestamp>77.031816</timestamp>
			</report>
			<report>
				<misses>1300001</misses>
				<total>2</total>
				<timestamp>83.433313</timestamp>
			</report>
			<report>
				<misses>1400001</misses>
				<total>1</total>
				<timestamp>89.847513</timestamp>
			</report>
			<report>
				<misses>1500001</misses>
				<total>1</total>
				<timestamp>96.259757</timestamp>
			</report>
			<report>
				<misses>1600001</misses>
				<total>2</total>
				<timestamp>102.679272</timestamp>
			</report>
			<report>
				<misses>1700001</misses>
				<total>2</total>
				<timestamp>109.097965</timestamp>
			</report>
			<report>
				<misses>1800001</misses>
				<total>1</total>
				<timestamp>115.507464</timestamp>
			</report>
			<report>
				<misses>1900001</misses>
				<total>2</total>
				<timestamp>121.932306</timestamp>
			</report>
			<report>
				<misses>2000001</misses>
				<total>2</total>
				<timestamp>128.326565</timestamp>
			</report>
			<report>
				<misses>2100001</misses>
				<total>2</total>
				<timestamp>134.731838</timestamp>
			</report>
			<report>
				<misses>2200001</misses>
				<total>2</total>
				<timestamp>141.128047</timestamp>
			</report>
			<report>
				<misses>2300001</misses>
				<total>1</total>
				<timestamp>147.539442</timestamp>
			</report>
			<report>
				<misses>2400001</misses>
				<total>2</total>
				<timestamp>153.948209</timestamp>
			</report>
			<report>
				<misses>2500001</misses>
				<total>2</total>
				<timestamp>160.365994</timestamp>
			</report>
			<report>
				<misses>2600001</misses>
				<total>1</total>
				<timestamp>166.773754</timestamp>
			</report>
			<report>
				<misses>2700001</misses>
				<total>2</total>
				<timestamp>173.201761</timestamp>
			</report>
			<report>
				<misses>2800001</misses>
				<total>1</total>
				<timestamp>179.601934</timestamp>
			</report>
			<report>
				<misses>2900001</misses>
				<total>2</total>
				<timestamp>186.029892</timestamp>
			</report>
			<report>
				<misses>3000001</misses>
				<total>1</total>
				<timestamp>192.443962</timestamp>
			</report>
			<report>
				<misses>3100001</misses>
				<total>2</total>
				<timestamp>198.852421</timestamp>
			</report>
			<report>
				<misses>3200001</misses>
				<total>1</total>
				<timestamp>205.266362</timestamp>
			</report>
			<report>
				<misses>3300001</misses>
				<total>1</total>
				<timestamp>211.687205</timestamp>
			</report>
			<report>
				<misses>3400001</misses>
				<total>2</total>
				<timestamp>218.096979</timestamp>
			</report>
			<report>
				<misses>3500001</misses>
				<total>1</total>
				<timestamp>224.517518</timestamp>
			</report>
			<report>
				<misses>3600001</misses>
				<total>2</total>
				<timestamp>230.915762</timestamp>
			</report>
			<report>
				<misses>3700001</misses>
				<total>2</total>
				<timestamp>237.326603</timestamp>
			</report>
			<report>
				<misses>3800001</misses>
				<total>1</total>
				<timestamp>243.742437</timestamp>
			</report>
			<report>
				<misses>3900001</misses>
				<total>1</total>
				<timestamp>250.124548</timestamp>
			</report>
			<report>
				<misses>4000001</misses>
				<total>1</total>
				<timestamp>256.541852</timestamp>
			</report>
			<report>
				<misses>4100001</misses>
				<total>1</total>
				<timestamp>262.950137</timestamp>
			</report>
			<report>
				<misses>4200001</misses>
				<total>1</total>
				<timestamp>269.370515</timestamp>
			</report>
			<report>
				<misses>4300001</misses>
				<total>2</total>
				<timestamp>275.778955</timestamp>
			</report>
			<report>
				<misses>4400001</misses>
				<total>1</total>
				<timestamp>282.207698</timestamp>
			</report>
			<report>
				<misses>4500001</misses>
				<total>1</total>
				<timestamp>288.619172</timestamp>
			</report>
			<report>
				<misses>4600001</misses>
				<total>2</total>
				<timestamp>295.007199</timestamp>
			</report>
			<report>
				<misses>4700001</misses>
				<total>2</total>
				<timestamp>301.427059</timestamp>
			</report>
			<report>
				<misses>4800001</misses>
				<total>1</total>
				<timestamp>307.842370</timestamp>
			</report>
			<report>
				<misses>4900001</misses>
				<total>1</total>
				<timestamp>314.260356</timestamp>
			</report>
			<report>
				<misses>5000001</misses>
				<total>2</total>
				<timestamp>320.662952</timestamp>
			</report>
			<report>
				<misses>5100001</misses>
				<total>2</total>
				<timestamp>327.070073</timestamp>
			</report>
			<report>
				<misses>5200001</misses>
				<total>1</total>
				<timestamp>333.469006</timestamp>
			</report>
			<report>
				<misses>5300001</misses>
				<total>2</total>
				<timestamp>339.885431</timestamp>
			</report>
			<report>
				<misses>5400001</misses>
				<total>1</total>
				<timestamp>346.313668</timestamp>
			</report>
			<report>
				<misses>5500001</misses>
				<total>1</total>
				<timestamp>352.720842</timestamp>
			</report>
			<report>
				<misses>5600001</misses>
				<total>2</total>
				<timestamp>359.139856</timestamp>
			</report>
			<report>
				<misses>5700001</misses>
				<total>3</total>
				<timestamp>365.561609</timestamp>
			</report>
			<report>
				<misses>5800001</misses>
				<total>1</total>
				<timestamp>371.967818</timestamp>
			</report>
			<report>
				<misses>5900001</misses>
				<total>1</total>
				<timestamp>378.368923</timestamp>
			</report>
			<report>
				<misses>6000001</misses>
				<total>1</total>
				<timestamp>384.794237</timestamp>
			</report>
			<report>
				<misses>6100001</misses>
				<total>2</total>
				<timestamp>391.199582</timestamp>
			</report>
			<report>
				<misses>6200001</misses>
				<total>1</total>
				<timestamp>397.605675</timestamp>
			</report>
			<report>
				<misses>6300001</misses>
				<total>1</total>
				<timestamp>404.000375</timestamp>
			</report>
			<report>
				<misses>6400001</misses>
				<total>1</total>
				<timestamp>410.418315</timestamp>
			</report>
			<report>
				<misses>6500001</misses>
				<total>2</total>
				<timestamp>416.829082</timestamp>
			</report>
			<report>
				<misses>6600001</misses>
				<total>1</total>
				<timestamp>423.239707</timestamp>
			</report>
			<report>
				<misses>6700001</misses>
				<total>1</total>
				<timestamp>429.659065</timestamp>
			</report>
			<report>
				<misses>6800001</misses>
				<total>1</total>
				<timestamp>436.059672</timestamp>
			</report>
			<report>
				<misses>6900001</misses>
				<total>2</total>
				<timestamp>442.461703</timestamp>
			</report>
			<report>
				<misses>7000001</misses>
				<total>1</total>
				<timestamp>448.869447</timestamp>
			</report>
			<report>
				<misses>7100001</misses>
				<total>1</total>
				<timestamp>455.293353</timestamp>
			</report>
			<report>
				<misses>7200001</misses>
				<total>1</total>
				<timestamp>461.711376</timestamp>
			</report>
			<report>
				<misses>7300001</misses>
				<total>0</total>
				<timestamp>468.113384</timestamp>
			</report>
			<report>
				<misses>7400001</misses>
				<total>2</total>
				<timestamp>474.516567</timestamp>
			</report>
			<report>
				<misses>7500001</misses>
				<total>2</total>
				<timestamp>480.911879</timestamp>
			</report>
			<report>
				<misses>7600001</misses>
				<total>1</total>
				<timestamp>487.325441</timestamp>
			</report>
			<report>
				<misses>7700001</misses>
				<total>2</total>
				<timestamp>493.747098</timestamp>
			</report>
			<report>
				<misses>7800001</misses>
				<total>1</total>
				<timestamp>500.145407</timestamp>
			</report>
			<report>
				<misses>7900001</misses>
				<total>1</total>
				<timestamp>506.558096</timestamp>
			</report>
			<report>
				<misses>8000001</misses>
				<total>2</total>
				<timestamp>512.965500</timestamp>
			</report>
			<report>
				<misses>8100001</misses>
				<total>2</total>
				<timestamp>519.392028</timestamp>
			</report>
			<report>
				<misses>8200001</misses>
				<total>1</total>
				<timestamp>525.812143</timestamp>
			</report>
			<report>
				<misses>8300001</misses>
				<total>1</total>
				<timestamp>532.232621</timestamp>
			</report>
			<report>
				<misses>8400001</misses>
				<total>1</total>
				<timestamp>538.660906</timestamp>
			</report>
			<report>
				<misses>8500001</misses>
				<total>2</total>
				<timestamp>545.075966</timestamp>
			</report>
			<report>
				<misses>8600001</misses>
				<total>1</total>
				<timestamp>551.473000</timestamp>
			</report>
			<report>
				<misses>8700001</misses>
				<total>1</total>
				<timestamp>557.908858</timestamp>
			</report>
			<report>
				<misses>8800001</misses>
				<total>2</total>
				<timestamp>564.337360</timestamp>
			</report>
			<report>
				<misses>8900001</misses>
				<total>1</total>
				<timestamp>570.752476</timestamp>
			</report>
			<report>
				<misses>9000001</misses>
				<total>2</total>
				<timestamp>577.180187</timestamp>
			</report>
			<report>
				<misses>9100001</misses>
				<total>2</total>
				<timestamp>583.605689</timestamp>
			</report>
			<report>
				<misses>9200001</misses>
				<total>1</total>
				<timestamp>590.024685</timestamp>
			</report>
			<report>
				<misses>9300001</misses>
				<total>1</total>
				<timestamp>596.451745</timestamp>
			</report>
			<report>
				<misses>9400001</misses>
				<total>1</total>
				<timestamp>602.866110</timestamp>
			</report>
			<report>
				<misses>9500001</misses>
				<total>2</total>
				<timestamp>609.276544</timestamp>
			</report>
			<report>
				<misses>9600001</misses>
				<total>1</total>
				<timestamp>615.704393</timestamp>
			</report>
			<report>
				<misses>9700001</misses>
				<total>1</total>
				<timestamp>622.114362</timestamp>
			</report>
			<report>
				<misses>9800001</misses>
				<total>2</total>
				<timestamp>628.518322</timestamp>
			</report>
			<report>
				<misses>9900001</misses>
				<total>1</total>
				<timestamp>634.930495</timestamp>
			</report>
			<report>
				<misses>10000001</misses>
				<total>1</total>
				<timestamp>641.345109</timestamp>
			</report>
			<report>
				<misses>10100001</misses>
				<total>2</total>
				<timestamp>647.742623</timestamp>
			</report>
			<report>
				<misses>10200001</misses>
				<total>0</total>
				<timestamp>654.163906</timestamp>
			</report>
			<report>
				<misses>10300001</misses>
				<total>2</total>
				<timestamp>660.571326</timestamp>
			</report>
			<report>
				<misses>10400001</misses>
				<total>2</total>
				<timestamp>666.971676</timestamp>
			</report>
			<report>
				<misses>10500001</misses>
				<total>2</total>
				<timestamp>673.371379</timestamp>
			</report>
			<report>
				<misses>10600001</misses>
				<total>1</total>
				<timestamp>679.799881</timestamp>
			</report>
			<report>
				<misses>10700001</misses>
				<total>1</total>
				<timestamp>686.216574</timestamp>
			</report>
			<report>
				<misses>10800001</misses>
				<total>1</total>
				<timestamp>692.639286</timestamp>
			</report>
			<report>
				<misses>10900001</misses>
				<total>2</total>
				<timestamp>699.060690</timestamp>
			</report>
			<report>
				<misses>11000001</misses>
				<total>1</total>
				<timestamp>705.462707</timestamp>
			</report>
			<report>
				<misses>11100001</misses>
				<total>1</total>
				<timestamp>711.876279</timestamp>
			</report>
			<report>
				<misses>11200001</misses>
				<total>1</total>
				<timestamp>718.282712</timestamp>
			</report>
			<report>
				<misses>11300001</misses>
				<total>0</total>
				<timestamp>724.670510</timestamp>
			</report>
			<report>
				<misses>11400001</misses>
				<total>1</total>
				<timestamp>731.071104</timestamp>
			</report>
			<report>
				<misses>11500001</misses>
				<total>2</total>
				<timestamp>737.485692</timestamp>
			</report>
			<report>
				<misses>11600001</misses>
				<total>1</total>
				<timestamp>743.908364</timestamp>
			</report>
			<report>
				<misses>11700001</misses>
				<total>2</total>
				<timestamp>750.329484</timestamp>
			</report>
			<report>
				<misses>11800001</misses>
				<total>1</total>
				<timestamp>756.724689</timestamp>
			</report>
			<report>
				<misses>11900001</misses>
				<total>1</total>
				<timestamp>763.133558</timestamp>
			</report>
			<report>
				<misses>12000001</misses>
				<total>1</total>
				<timestamp>769.543626</timestamp>
			</report>
			<report>
				<misses>12100001</misses>
				<total>2</total>
				<timestamp>775.962899</timestamp>
			</report>
			<report>
				<misses>12200001</misses>
				<total>2</total>
				<timestamp>782.372975</timestamp>
			</report>
			<report>
				<misses>12300001</misses>
				<total>1</total>
				<timestamp>788.796040</timestamp>
			</report>
			<report>
				<misses>12400001</misses>
				<total>1</total>
				<timestamp>795.215644</timestamp>
			</report>
			<report>
				<misses>12500001</misses>
				<total>1</total>
				<timestamp>801.641779</timestamp>
			</report>
			<report>
				<misses>12600001</misses>
				<total>2</total>
				<timestamp>808.074537</timestamp>
			</report>
			<report>
				<misses>12700001</misses>
				<total>1</total>
				<timestamp>814.497099</timestamp>
			</report>
			<report>
				<misses>12800001</misses>
				<total>1</total>
				<timestamp>820.916044</timestamp>
			</report>
			<report>
				<misses>12900001</misses>
				<total>0</total>
				<timestamp>827.345607</timestamp>
			</report>
			<report>
				<misses>13000001</misses>
				<total>2</total>
				<timestamp>833.767881</timestamp>
			</report>
			<report>
				<misses>13100001</misses>
				<total>1</total>
				<timestamp>840.188410</timestamp>
			</report>
			<report>
				<misses>13200001</misses>
				<total>1</total>
				<timestamp>846.619500</timestamp>
			</report>
			<report>
				<misses>13300001</misses>
				<total>2</total>
				<timestamp>853.044652</timestamp>
			</report>
			<report>
				<misses>13400001</misses>
				<total>1</total>
				<timestamp>859.470419</timestamp>
			</report>
			<report>
				<misses>13500001</misses>
				<total>2</total>
				<timestamp>865.888376</timestamp>
			</report>
			<report>
				<misses>13600001</misses>
				<total>2</total>
				<timestamp>872.301284</timestamp>
			</report>
			<report>
				<misses>13700001</misses>
				<total>1</total>
				<timestamp>878.684647</timestamp>
			</report>
			<report>
				<misses>13800001</misses>
				<total>2</total>
				<timestamp>885.100918</timestamp>
			</report>
			<report>
				<misses>13900001</misses>
				<total>2</total>
				<timestamp>891.524584</timestamp>
			</report>
			<report>
				<misses>14000001</misses>
				<total>2</total>
				<timestamp>897.945168</timestamp>
			</report>
			<report>
				<misses>14100001</misses>
				<total>2</total>
				<timestamp>904.380936</timestamp>
			</report>
			<report>
				<misses>14200001</misses>
				<total>2</total>
				<timestamp>910.801233</timestamp>
			</report>
			<report>
				<misses>14300001</misses>
				<total>2</total>
				<timestamp>917.216010</timestamp>
			</report>
			<report>
				<misses>14400001</misses>
				<total>1</total>
				<timestamp>923.648544</timestamp>
			</report>
			<report>
				<misses>14500001</misses>
				<total>1</total>
				<timestamp>930.073048</timestamp>
			</report>
			<report>
				<misses>14600001</misses>
				<total>1</total>
				<timestamp>936.509202</timestamp>
			</report>
			<report>
				<misses>14700001</misses>
				<total>2</total>
				<timestamp>942.931722</timestamp>
			</report>
			<report>
				<misses>14800001</misses>
				<total>1</total>
				<timestamp>949.366928</timestamp>
			</report>
			<report>
				<misses>14900001</misses>
				<total>1</total>
				<timestamp>955.783089</timestamp>
			</report>
			<report>
				<misses>15000001</misses>
				<total>2</total>
				<timestamp>962.205752</timestamp>
			</report>
			<report>
				<misses>15100001</misses>
				<total>1</total>
				<timestamp>968.632996</timestamp>
			</report>
			<report>
				<misses>15200001</misses>
				<total>1</total>
				<timestamp>975.064425</timestamp>
			</report>
			<report>
				<misses>15300001</misses>
				<total>2</total>
				<timestamp>981.490669</timestamp>
			</report>
			<report>
				<misses>15400001</misses>
				<total>2</total>
				<timestamp>987.904055</timestamp>
			</report>
			<report>
				<misses>15500001</misses>
				<total>2</total>
				<timestamp>994.339436</timestamp>
			</report>
			<report>
				<misses>15600001</misses>
				<total>2</total>
				<timestamp>1000.755686</timestamp>
			</report>
			<report>
				<misses>15700001</misses>
				<total>1</total>
				<timestamp>1007.162806</timestamp>
			</report>
			<report>
				<misses>15800001</misses>
				<total>2</total>
				<timestamp>1013.571602</timestamp>
			</report>
			<report>
				<misses>15900001</misses>
				<total>2</total>
				<timestamp>1019.998996</timestamp>
			</report>
			<report>
				<misses>16000001</misses>
				<total>2</total>
				<timestamp>1026.394388</timestamp>
			</report>
			<report>
				<misses>16100001</misses>
				<total>1</total>
				<timestamp>1032.817972</timestamp>
			</report>
			<report>
				<misses>16200001</misses>
				<total>1</total>
				<timestamp>1039.234897</timestamp>
			</report>
			<report>
				<misses>16300001</misses>
				<total>2</total>
				<timestamp>1045.648716</timestamp>
			</report>
			<report>
				<misses>16400001</misses>
				<total>2</total>
				<timestamp>1052.063731</timestamp>
			</report>
			<report>
				<misses>16500001</misses>
				<total>2</total>
				<timestamp>1058.471694</timestamp>
			</report>
			<report>
				<misses>16600001</misses>
				<total>1</total>
				<timestamp>1064.880567</timestamp>
			</report>
			<report>
				<misses>16700001</misses>
				<total>1</total>
				<timestamp>1071.291653</timestamp>
			</report>
			<report>
				<misses>16800001</misses>
				<total>2</total>
				<timestamp>1077.703471</timestamp>
			</report>
			<report>
				<misses>16900001</misses>
				<total>1</total>
				<timestamp>1084.118173</timestamp>
			</report>
			<report>
				<misses>17000001</misses>
				<total>2</total>
				<timestamp>1090.514123</timestamp>
			</report>
			<report>
				<misses>17100001</misses>
				<total>1</total>
				<timestamp>1096.936550</timestamp>
			</report>
			<report>
				<misses>17200001</misses>
				<total>1</total>
				<timestamp>1103.339710</timestamp>
			</report>
			<report>
				<misses>17300001</misses>
				<total>0</total>
				<timestamp>1109.739170</timestamp>
			</report>
			<report>
				<misses>17400001</misses>
				<total>2</total>
				<timestamp>1116.158174</timestamp>
			</report>
			<report>
				<misses>17500001</misses>
				<total>2</total>
				<timestamp>1122.573719</timestamp>
			</report>
			<report>
				<misses>17600001</misses>
				<total>2</total>
				<timestamp>1129.000631</timestamp>
			</report>
			<report>
				<misses>17700001</misses>
				<total>1</total>
				<timestamp>1135.386859</timestamp>
			</report>
			<report>
				<misses>17800001</misses>
				<total>1</total>
				<timestamp>1141.806934</timestamp>
			</report>
			<report>
				<misses>17900001</misses>
				<total>1</total>
				<timestamp>1148.226681</timestamp>
			</report>
			<report>
				<misses>18000001</misses>
				<total>2</total>
				<timestamp>1154.636314</timestamp>
			</report>
			<report>
				<misses>18100001</misses>
				<total>2</total>
				<timestamp>1161.034831</timestamp>
			</report>
			<report>
				<misses>18200001</misses>
				<total>1</total>
				<timestamp>1167.444011</timestamp>
			</report>
			<report>
				<misses>18300001</misses>
				<total>1</total>
				<timestamp>1173.861325</timestamp>
			</report>
			<report>
				<misses>18400001</misses>
				<total>1</total>
				<timestamp>1180.276132</timestamp>
			</report>
			<report>
				<misses>18500001</misses>
				<total>1</total>
				<timestamp>1186.695670</timestamp>
			</report>
			<report>
				<misses>18600001</misses>
				<total>1</total>
				<timestamp>1193.113946</timestamp>
			</report>
			<report>
				<misses>18700001</misses>
				<total>2</total>
				<timestamp>1199.538536</timestamp>
			</report>
			<report>
				<misses>18800001</misses>
				<total>1</total>
				<timestamp>1205.965651</timestamp>
			</report>
			<report>
				<misses>18900001</misses>
				<total>2</total>
				<timestamp>1212.387677</timestamp>
			</report>
			<report>
				<misses>19000001</misses>
				<total>1</total>
				<timestamp>1218.809492</timestamp>
			</report>
			<report>
				<misses>19100001</misses>
				<total>1</total>
				<timestamp>1225.235096</timestamp>
			</report>
			<report>
				<misses>19200001</misses>
				<total>1</total>
				<timestamp>1231.643704</timestamp>
			</report>
			<report>
				<misses>19300001</misses>
				<total>2</total>
				<timestamp>1238.043699</timestamp>
			</report>
			<report>
				<misses>19400001</misses>
				<total>1</total>
				<timestamp>1244.462067</timestamp>
			</report>
			<report>
				<misses>19500001</misses>
				<total>2</total>
				<timestamp>1250.882068</timestamp>
			</report>
			<report>
				<misses>19600001</misses>
				<total>2</total>
				<timestamp>1257.296873</timestamp>
			</report>
			<report>
				<misses>19700001</misses>
				<total>2</total>
				<timestamp>1263.682408</timestamp>
			</report>
			<report>
				<misses>19800001</misses>
				<total>1</total>
				<timestamp>1270.087524</timestamp>
			</report>
			<report>
				<misses>19900001</misses>
				<total>1</total>
				<timestamp>1276.507498</timestamp>
			</report>
			<report>
				<misses>20000001</misses>
				<total>2</total>
				<timestamp>1282.934707</timestamp>
			</report>
			<report>
				<misses>20100001</misses>
				<total>1</total>
				<timestamp>1289.346363</timestamp>
			</report>
			<report>
				<misses>20200001</misses>
				<total>1</total>
				<timestamp>1295.760491</timestamp>
			</report>
			<report>
				<misses>20300001</misses>
				<total>1</total>
				<timestamp>1302.183611</timestamp>
			</report>
			<report>
				<misses>20400001</misses>
				<total>2</total>
				<timestamp>1308.610796</timestamp>
			</report>
			<report>
				<misses>20500001</misses>
				<total>1</total>
				<timestamp>1315.021305</timestamp>
			</report>
			<report>
				<misses>20600001</misses>
				<total>1</total>
				<timestamp>1321.440270</timestamp>
			</report>
			<report>
				<misses>20700001</misses>
				<total>2</total>
				<timestamp>1327.860049</timestamp>
			</report>
			<report>
				<misses>20800001</misses>
				<total>2</total>
				<timestamp>1334.275741</timestamp>
			</report>
			<report>
				<misses>20900001</misses>
				<total>1</total>
				<timestamp>1340.689424</timestamp>
			</report>
			<report>
				<misses>21000001</misses>
				<total>2</total>
				<timestamp>1347.103999</timestamp>
			</report>
			<report>
				<misses>21100001</misses>
				<total>1</total>
				<timestamp>1353.524505</timestamp>
			</report>
			<report>
				<misses>21200001</misses>
				<total>2</total>
				<timestamp>1359.927687</timestamp>
			</report>
			<report>
				<misses>21300001</misses>
				<total>0</total>
				<timestamp>1366.348605</timestamp>
			</report>
			<report>
				<misses>21400001</misses>
				<total>2</total>
				<timestamp>1372.766961</timestamp>
			</report>
			<report>
				<misses>21500001</misses>
				<total>2</total>
				<timestamp>1379.161613</timestamp>
			</report>
			<report>
				<misses>21600001</misses>
				<total>2</total>
				<timestamp>1385.576414</timestamp>
			</report>
			<report>
				<misses>21700001</misses>
				<total>1</total>
				<timestamp>1391.993200</timestamp>
			</report>
			<report>
				<misses>21800001</misses>
				<total>2</total>
				<timestamp>1398.419866</timestamp>
			</report>
			<report>
				<misses>21900001</misses>
				<total>2</total>
				<timestamp>1404.832477</timestamp>
			</report>
			<report>
				<misses>22000001</misses>
				<total>1</total>
				<timestamp>1411.263973</timestamp>
			</report>
			<report>
				<misses>22100001</misses>
				<total>1</total>
				<timestamp>1417.678137</timestamp>
			</report>
			<report>
				<misses>22200001</misses>
				<total>2</total>
				<timestamp>1424.078137</timestamp>
			</report>
			<report>
				<misses>22300001</misses>
				<total>1</total>
				<timestamp>1430.489317</timestamp>
			</report>
			<report>
				<misses>22400001</misses>
				<total>1</total>
				<timestamp>1436.911188</timestamp>
			</report>
			<report>
				<misses>22500001</misses>
				<total>1</total>
				<timestamp>1443.319183</timestamp>
			</report>
			<report>
				<misses>22600001</misses>
				<total>1</total>
				<timestamp>1449.730331</timestamp>
			</report>
			<report>
				<misses>22700001</misses>
				<total>2</total>
				<timestamp>1456.145779</timestamp>
			</report>
			<report>
				<misses>22800001</misses>
				<total>1</total>
				<timestamp>1462.556912</timestamp>
			</report>
			<report>
				<misses>22900001</misses>
				<total>1</total>
				<timestamp>1468.978640</timestamp>
			</report>
			<report>
				<misses>23000001</misses>
				<total>2</total>
				<timestamp>1475.373270</timestamp>
			</report>
			<report>
				<misses>23100001</misses>
				<total>2</total>
				<timestamp>1481.770149</timestamp>
			</report>
			<report>
				<misses>23200001</misses>
				<total>2</total>
				<timestamp>1488.174067</timestamp>
			</report>
			<report>
				<misses>23300001</misses>
				<total>2</total>
				<timestamp>1494.579623</timestamp>
			</report>
			<report>
				<misses>23400001</misses>
				<total>2</total>
				<timestamp>1500.983936</timestamp>
			</report>
			<report>
				<misses>23500001</misses>
				<total>2</total>
				<timestamp>1507.381244</timestamp>
			</report>
			<report>
				<misses>23600001</misses>
				<total>2</total>
				<timestamp>1513.773623</timestamp>
			</report>
			<report>
				<misses>23700001</misses>
				<total>1</total>
				<timestamp>1520.192270</timestamp>
			</report>
			<report>
				<misses>23800001</misses>
				<total>2</total>
				<timestamp>1526.596432</timestamp>
			</report>
			<report>
				<misses>23900001</misses>
				<total>1</total>
				<timestamp>1533.006711</timestamp>
			</report>
			<report>
				<misses>24000001</misses>
				<total>1</total>
				<timestamp>1539.426740</timestamp>
			</report>
			<report>
				<misses>24100001</misses>
				<total>2</total>
				<timestamp>1545.852529</timestamp>
			</report>
			<report>
				<misses>24200001</misses>
				<total>1</total>
				<timestamp>1552.279123</timestamp>
			</report>
			<report>
				<misses>24300001</misses>
				<total>1</total>
				<timestamp>1558.704765</timestamp>
			</report>
			<report>
				<misses>24400001</misses>
				<total>1</total>
				<timestamp>1565.127396</timestamp>
			</report>
			<report>
				<misses>24500001</misses>
				<total>2</total>
				<timestamp>1571.559137</timestamp>
			</report>
			<report>
				<misses>24600001</misses>
				<total>2</total>
				<timestamp>1577.987931</timestamp>
			</report>
			<report>
				<misses>24700001</misses>
				<total>1</total>
				<timestamp>1584.412139</timestamp>
			</report>
			<report>
				<misses>24800001</misses>
				<total>2</total>
				<timestamp>1590.838102</timestamp>
			</report>
			<report>
				<misses>24900001</misses>
				<total>1</total>
				<timestamp>1597.265312</timestamp>
			</report>
			<report>
				<misses>25000001</misses>
				<total>2</total>
				<timestamp>1603.701520</timestamp>
			</report>
			<report>
				<misses>25100001</misses>
				<total>1</total>
				<timestamp>1610.124442</timestamp>
			</report>
			<report>
				<misses>25200001</misses>
				<total>1</total>
				<timestamp>1616.548337</timestamp>
			</report>
			<report>
				<misses>25300001</misses>
				<total>0</total>
				<timestamp>1622.981022</timestamp>
			</report>
			<report>
				<misses>25400001</misses>
				<total>1</total>
				<timestamp>1629.407807</timestamp>
			</report>
			<report>
				<misses>25500001</misses>
				<total>2</total>
				<timestamp>1635.840180</timestamp>
			</report>
			<report>
				<misses>25600001</misses>
				<total>1</total>
				<timestamp>1642.265290</timestamp>
			</report>
			<report>
				<misses>25700001</misses>
				<total>2</total>
				<timestamp>1648.699881</timestamp>
			</report>
			<report>
				<misses>25800001</misses>
				<total>2</total>
				<timestamp>1655.135511</timestamp>
			</report>
			<report>
				<misses>25900001</misses>
				<total>1</total>
				<timestamp>1661.550570</timestamp>
			</report>
			<report>
				<misses>26000001</misses>
				<total>2</total>
				<timestamp>1667.972216</timestamp>
			</report>
			<report>
				<misses>26100001</misses>
				<total>2</total>
				<timestamp>1674.400545</timestamp>
			</report>
			<report>
				<misses>26200001</misses>
				<total>2</total>
				<timestamp>1680.825919</timestamp>
			</report>
			<report>
				<misses>26300001</misses>
				<total>1</total>
				<timestamp>1687.253937</timestamp>
			</report>
			<report>
				<misses>26400001</misses>
				<total>1</total>
				<timestamp>1693.680343</timestamp>
			</report>
			<report>
				<misses>26500001</misses>
				<total>1</total>
				<timestamp>1700.088142</timestamp>
			</report>
			<report>
				<misses>26600001</misses>
				<total>2</total>
				<timestamp>1706.494239</timestamp>
			</report>
			<report>
				<misses>26700001</misses>
				<total>2</total>
				<timestamp>1712.917320</timestamp>
			</report>
			<report>
				<misses>26800001</misses>
				<total>2</total>
				<timestamp>1719.330078</timestamp>
			</report>
			<report>
				<misses>26900001</misses>
				<total>2</total>
				<timestamp>1725.754729</timestamp>
			</report>
			<report>
				<misses>27000001</misses>
				<total>2</total>
				<timestamp>1732.165289</timestamp>
			</report>
			<report>
				<misses>27100001</misses>
				<total>1</total>
				<timestamp>1738.591412</timestamp>
			</report>
			<report>
				<misses>27200001</misses>
				<total>2</total>
				<timestamp>1745.008279</timestamp>
			</report>
			<report>
				<misses>27300001</misses>
				<total>2</total>
				<timestamp>1751.416326</timestamp>
			</report>
			<report>
				<misses>27400001</misses>
				<total>2</total>
				<timestamp>1757.833467</timestamp>
			</report>
			<report>
				<misses>27500001</misses>
				<total>2</total>
				<timestamp>1764.255602</timestamp>
			</report>
			<report>
				<misses>27600001</misses>
				<total>1</total>
				<timestamp>1770.678383</timestamp>
			</report>
			<report>
				<misses>27700001</misses>
				<total>1</total>
				<timestamp>1777.095087</timestamp>
			</report>
			<report>
				<misses>27800001</misses>
				<total>2</total>
				<timestamp>1783.503940</timestamp>
			</report>
			<report>
				<misses>27900001</misses>
				<total>1</total>
				<timestamp>1789.890524</timestamp>
			</report>
			<report>
				<misses>28000001</misses>
				<total>2</total>
				<timestamp>1796.317628</timestamp>
			</report>
			<report>
				<misses>28100001</misses>
				<total>2</total>
				<timestamp>1802.730156</timestamp>
			</report>
			<report>
				<misses>28200001</misses>
				<total>2</total>
				<timestamp>1809.117487</timestamp>
			</report>
			<report>
				<misses>28300001</misses>
				<total>1</total>
				<timestamp>1815.517764</timestamp>
			</report>
			<report>
				<misses>28400001</misses>
				<total>1</total>
				<timestamp>1821.915529</timestamp>
			</report>
			<report>
				<misses>28500001</misses>
				<total>2</total>
				<timestamp>1828.319146</timestamp>
			</report>
			<report>
				<misses>28600001</misses>
				<total>1</total>
				<timestamp>1834.718720</timestamp>
			</report>
			<report>
				<misses>28700001</misses>
				<total>1</total>
				<timestamp>1841.097807</timestamp>
			</report>
			<report>
				<misses>28800001</misses>
				<total>2</total>
				<timestamp>1847.533418</timestamp>
			</report>
			<report>
				<misses>28900001</misses>
				<total>2</total>
				<timestamp>1853.953078</timestamp>
			</report>
			<report>
				<misses>29000001</misses>
				<total>2</total>
				<timestamp>1860.378838</timestamp>
			</report>
			<report>
				<misses>29100001</misses>
				<total>2</total>
				<timestamp>1866.813240</timestamp>
			</report>
			<report>
				<misses>29200001</misses>
				<total>2</total>
				<timestamp>1873.242510</timestamp>
			</report>
			<report>
				<misses>29300001</misses>
				<total>2</total>
				<timestamp>1879.674482</timestamp>
			</report>
			<report>
				<misses>29400001</misses>
				<total>1</total>
				<timestamp>1886.095892</timestamp>
			</report>
			<report>
				<misses>29500001</misses>
				<total>2</total>
				<timestamp>1892.514518</timestamp>
			</report>
			<report>
				<misses>29600001</misses>
				<total>1</total>
				<timestamp>1898.941631</timestamp>
			</report>
			<report>
				<misses>29700001</misses>
				<total>1</total>
				<timestamp>1905.368386</timestamp>
			</report>
			<report>
				<misses>29800001</misses>
				<total>1</total>
				<timestamp>1911.778114</timestamp>
			</report>
			<report>
				<misses>29900001</misses>
				<total>1</total>
				<timestamp>1918.201961</timestamp>
			</report>
			<report>
				<misses>30000001</misses>
				<total>1</total>
				<timestamp>1924.611696</timestamp>
			</report>
			<report>
				<misses>30100001</misses>
				<total>2</total>
				<timestamp>1931.010439</timestamp>
			</report>
			<report>
				<misses>30200001</misses>
				<total>1</total>
				<timestamp>1937.436040</timestamp>
			</report>
			<report>
				<misses>30300001</misses>
				<total>1</total>
				<timestamp>1943.859265</timestamp>
			</report>
			<report>
				<misses>30400001</misses>
				<total>1</total>
				<timestamp>1950.250667</timestamp>
			</report>
			<report>
				<misses>30500001</misses>
				<total>2</total>
				<timestamp>1956.666731</timestamp>
			</report>
			<report>
				<misses>30600001</misses>
				<total>2</total>
				<timestamp>1963.073179</timestamp>
			</report>
			<report>
				<misses>30700001</misses>
				<total>2</total>
				<timestamp>1969.500052</timestamp>
			</report>
			<report>
				<misses>30800001</misses>
				<total>2</total>
				<timestamp>1975.922208</timestamp>
			</report>
			<report>
				<misses>30900001</misses>
				<total>1</total>
				<timestamp>1982.320574</timestamp>
			</report>
			<report>
				<misses>31000001</misses>
				<total>0</total>
				<timestamp>1988.727503</timestamp>
			</report>
			<report>
				<misses>31100001</misses>
				<total>2</total>
				<timestamp>1995.148286</timestamp>
			</report>
			<report>
				<misses>31200001</misses>
				<total>1</total>
				<timestamp>2001.561772</timestamp>
			</report>
			<report>
				<misses>31300001</misses>
				<total>1</total>
				<timestamp>2007.986770</timestamp>
			</report>
			<report>
				<misses>31400001</misses>
				<total>1</total>
				<timestamp>2014.393288</timestamp>
			</report>
			<report>
				<misses>31500001</misses>
				<total>1</total>
				<timestamp>2020.820822</timestamp>
			</report>
			<report>
				<misses>31600001</misses>
				<total>2</total>
				<timestamp>2027.239067</timestamp>
			</report>
			<report>
				<misses>31700001</misses>
				<total>0</total>
				<timestamp>2033.644784</timestamp>
			</report>
			<report>
				<misses>31800001</misses>
				<total>1</total>
				<timestamp>2040.036919</timestamp>
			</report>
			<report>
				<misses>31900001</misses>
				<total>1</total>
				<timestamp>2046.445238</timestamp>
			</report>
			<report>
				<misses>32000001</misses>
				<total>2</total>
				<timestamp>2052.863074</timestamp>
			</report>
			<report>
				<misses>32100001</misses>
				<total>2</total>
				<timestamp>2059.299258</timestamp>
			</report>
			<report>
				<misses>32200001</misses>
				<total>1</total>
				<timestamp>2065.714698</timestamp>
			</report>
			<report>
				<misses>32300001</misses>
				<total>1</total>
				<timestamp>2072.136848</timestamp>
			</report>
			<report>
				<misses>32400001</misses>
				<total>2</total>
				<timestamp>2078.552958</timestamp>
			</report>
			<report>
				<misses>32500001</misses>
				<total>1</total>
				<timestamp>2084.977117</timestamp>
			</report>
			<report>
				<misses>32600001</misses>
				<total>1</total>
				<timestamp>2091.398451</timestamp>
			</report>
			<report>
				<misses>32700001</misses>
				<total>1</total>
				<timestamp>2097.812252</timestamp>
			</report>
			<report>
				<misses>32800001</misses>
				<total>2</total>
				<timestamp>2104.219073</timestamp>
			</report>
			<report>
				<misses>32900001</misses>
				<total>0</total>
				<timestamp>2110.627227</timestamp>
			</report>
			<report>
				<misses>33000001</misses>
				<total>2</total>
				<timestamp>2117.042677</timestamp>
			</report>
			<report>
				<misses>33100001</misses>
				<total>1</total>
				<timestamp>2123.459910</timestamp>
			</report>
			<report>
				<misses>33200001</misses>
				<total>2</total>
				<timestamp>2129.876633</timestamp>
			</report>
			<report>
				<misses>33300001</misses>
				<total>0</total>
				<timestamp>2136.301605</timestamp>
			</report>
			<report>
				<misses>33400001</misses>
				<total>2</total>
				<timestamp>2142.711878</timestamp>
			</report>
			<report>
				<misses>33500001</misses>
				<total>2</total>
				<timestamp>2149.131086</timestamp>
			</report>
			<report>
				<misses>33600001</misses>
				<total>1</total>
				<timestamp>2155.539092</timestamp>
			</report>
			<report>
				<misses>33700001</misses>
				<total>2</total>
				<timestamp>2161.951874</timestamp>
			</report>
			<report>
				<misses>33800001</misses>
				<total>2</total>
				<timestamp>2168.366530</timestamp>
			</report>
			<report>
				<misses>33900001</misses>
				<total>2</total>
				<timestamp>2174.758750</timestamp>
			</report>
			<report>
				<misses>34000001</misses>
				<total>1</total>
				<timestamp>2181.150614</timestamp>
			</report>
			<report>
				<misses>34100001</misses>
				<total>2</total>
				<timestamp>2187.535933</timestamp>
			</report>
			<report>
				<misses>34200001</misses>
				<total>1</total>
				<timestamp>2193.936042</timestamp>
			</report>
			<report>
				<misses>34300001</misses>
				<total>2</total>
				<timestamp>2200.330688</timestamp>
			</report>
			<report>
				<misses>34400001</misses>
				<total>2</total>
				<timestamp>2206.739546</timestamp>
			</report>
			<report>
				<misses>34500001</misses>
				<total>2</total>
				<timestamp>2213.148858</timestamp>
			</report>
			<report>
				<misses>34600001</misses>
				<total>1</total>
				<timestamp>2219.563967</timestamp>
			</report>
			<report>
				<misses>34700001</misses>
				<total>1</total>
				<timestamp>2225.979624</timestamp>
			</report>
			<report>
				<misses>34800001</misses>
				<total>2</total>
				<timestamp>2232.405317</timestamp>
			</report>
			<report>
				<misses>34900001</misses>
				<total>2</total>
				<timestamp>2238.812474</timestamp>
			</report>
			<report>
				<misses>35000001</misses>
				<total>1</total>
				<timestamp>2245.229508</timestamp>
			</report>
			<report>
				<misses>35100001</misses>
				<total>1</total>
				<timestamp>2251.640970</timestamp>
			</report>
			<report>
				<misses>35200001</misses>
				<total>1</total>
				<timestamp>2258.066161</timestamp>
			</report>
			<report>
				<misses>35300001</misses>
				<total>1</total>
				<timestamp>2264.480364</timestamp>
			</report>
			<report>
				<misses>35400001</misses>
				<total>2</total>
				<timestamp>2270.891035</timestamp>
			</report>
			<report>
				<misses>35500001</misses>
				<total>2</total>
				<timestamp>2277.307049</timestamp>
			</report>
			<report>
				<misses>35600001</misses>
				<total>2</total>
				<timestamp>2283.732825</timestamp>
			</report>
			<report>
				<misses>35700001</misses>
				<total>2</total>
				<timestamp>2290.149288</timestamp>
			</report>
			<report>
				<misses>35800001</misses>
				<total>2</total>
				<timestamp>2296.563403</timestamp>
			</report>
			<report>
				<misses>35900001</misses>
				<total>1</total>
				<timestamp>2302.973282</timestamp>
			</report>
			<report>
				<misses>36000001</misses>
				<total>1</total>
				<timestamp>2309.392543</timestamp>
			</report>
			<report>
				<misses>36100001</misses>
				<total>2</total>
				<timestamp>2315.803653</timestamp>
			</report>
			<report>
				<misses>36200001</misses>
				<total>2</total>
				<timestamp>2322.228488</timestamp>
			</report>
			<report>
				<misses>36300001</misses>
				<total>2</total>
				<timestamp>2328.650099</timestamp>
			</report>
			<report>
				<misses>36400001</misses>
				<total>1</total>
				<timestamp>2335.068899</timestamp>
			</report>
			<report>
				<misses>36500001</misses>
				<total>2</total>
				<timestamp>2341.475193</timestamp>
			</report>
			<report>
				<misses>36600001</misses>
				<total>2</total>
				<timestamp>2347.889757</timestamp>
			</report>
			<report>
				<misses>36700001</misses>
				<total>1</total>
				<timestamp>2354.301266</timestamp>
			</report>
			<report>
				<misses>36800001</misses>
				<total>1</total>
				<timestamp>2360.720075</timestamp>
			</report>
			<report>
				<misses>36900001</misses>
				<total>2</total>
				<timestamp>2367.144777</timestamp>
			</report>
			<report>
				<misses>37000001</misses>
				<total>1</total>
				<timestamp>2373.564177</timestamp>
			</report>
			<report>
				<misses>37100001</misses>
				<total>1</total>
				<timestamp>2379.981313</timestamp>
			</report>
			<report>
				<misses>37200001</misses>
				<total>1</total>
				<timestamp>2386.393822</timestamp>
			</report>
			<report>
				<misses>37300001</misses>
				<total>2</total>
				<timestamp>2392.812288</timestamp>
			</report>
			<report>
				<misses>37400001</misses>
				<total>1</total>
				<timestamp>2399.240295</timestamp>
			</report>
			<report>
				<misses>37500001</misses>
				<total>1</total>
				<timestamp>2405.650122</timestamp>
			</report>
			<report>
				<misses>37600001</misses>
				<total>2</total>
				<timestamp>2412.070136</timestamp>
			</report>
			<report>
				<misses>37700001</misses>
				<total>2</total>
				<timestamp>2418.481128</timestamp>
			</report>
			<report>
				<misses>37800001</misses>
				<total>2</total>
				<timestamp>2424.904252</timestamp>
			</report>
			<report>
				<misses>37900001</misses>
				<total>1</total>
				<timestamp>2431.326190</timestamp>
			</report>
			<report>
				<misses>38000001</misses>
				<total>2</total>
				<timestamp>2437.739873</timestamp>
			</report>
			<report>
				<misses>38100001</misses>
				<total>1</total>
				<timestamp>2444.161753</timestamp>
			</report>
			<report>
				<misses>38200001</misses>
				<total>1</total>
				<timestamp>2450.571481</timestamp>
			</report>
			<report>
				<misses>38300001</misses>
				<total>2</total>
				<timestamp>2456.998407</timestamp>
			</report>
			<report>
				<misses>38400001</misses>
				<total>1</total>
				<timestamp>2463.428719</timestamp>
			</report>
			<report>
				<misses>38500001</misses>
				<total>1</total>
				<timestamp>2469.842318</timestamp>
			</report>
			<report>
				<misses>38600001</misses>
				<total>2</total>
				<timestamp>2476.241109</timestamp>
			</report>
			<report>
				<misses>38700001</misses>
				<total>1</total>
				<timestamp>2482.633424</timestamp>
			</report>
			<report>
				<misses>38800001</misses>
				<total>2</total>
				<timestamp>2489.057236</timestamp>
			</report>
			<report>
				<misses>38900001</misses>
				<total>2</total>
				<timestamp>2495.482139</timestamp>
			</report>
			<report>
				<misses>39000001</misses>
				<total>1</total>
				<timestamp>2501.855593</timestamp>
			</report>
			<report>
				<misses>39100001</misses>
				<total>1</total>
				<timestamp>2508.264921</timestamp>
			</report>
			<report>
				<misses>39200001</misses>
				<total>1</total>
				<timestamp>2514.685404</timestamp>
			</report>
			<report>
				<misses>39300001</misses>
				<total>2</total>
				<timestamp>2521.073171</timestamp>
			</report>
			<report>
				<misses>39400001</misses>
				<total>1</total>
				<timestamp>2527.479900</timestamp>
			</report>
			<report>
				<misses>39500001</misses>
				<total>2</total>
				<timestamp>2533.903698</timestamp>
			</report>
			<report>
				<misses>39600001</misses>
				<total>1</total>
				<timestamp>2540.323976</timestamp>
			</report>
			<report>
				<misses>39700001</misses>
				<total>2</total>
				<timestamp>2546.737274</timestamp>
			</report>
			<report>
				<misses>39800001</misses>
				<total>1</total>
				<timestamp>2553.154514</timestamp>
			</report>
			<report>
				<misses>39900001</misses>
				<total>2</total>
				<timestamp>2559.585018</timestamp>
			</report>
			<report>
				<misses>40000001</misses>
				<total>2</total>
				<timestamp>2566.013950</timestamp>
			</report>
			<report>
				<misses>40100001</misses>
				<total>2</total>
				<timestamp>2572.429251</timestamp>
			</report>
			<report>
				<misses>40200001</misses>
				<total>2</total>
				<timestamp>2578.836637</timestamp>
			</report>
			<report>
				<misses>40300001</misses>
				<total>1</total>
				<timestamp>2585.250242</timestamp>
			</report>
			<report>
				<misses>40400001</misses>
				<total>2</total>
				<timestamp>2591.665298</timestamp>
			</report>
			<report>
				<misses>40500001</misses>
				<total>2</total>
				<timestamp>2598.086154</timestamp>
			</report>
			<report>
				<misses>40600001</misses>
				<total>1</total>
				<timestamp>2604.511755</timestamp>
			</report>
			<report>
				<misses>40700001</misses>
				<total>1</total>
				<timestamp>2610.924967</timestamp>
			</report>
			<report>
				<misses>40800001</misses>
				<total>1</total>
				<timestamp>2617.338513</timestamp>
			</report>
			<report>
				<misses>40900001</misses>
				<total>1</total>
				<timestamp>2623.743386</timestamp>
			</report>
			<report>
				<misses>41000001</misses>
				<total>2</total>
				<timestamp>2630.167342</timestamp>
			</report>
			<report>
				<misses>41100001</misses>
				<total>1</total>
				<timestamp>2636.568995</timestamp>
			</report>
			<report>
				<misses>41200001</misses>
				<total>2</total>
				<timestamp>2642.996112</timestamp>
			</report>
			<report>
				<misses>41300001</misses>
				<total>2</total>
				<timestamp>2649.431330</timestamp>
			</report>
			<report>
				<misses>41400001</misses>
				<total>1</total>
				<timestamp>2655.829868</timestamp>
			</report>
			<report>
				<misses>41500001</misses>
				<total>2</total>
				<timestamp>2662.242457</timestamp>
			</report>
			<report>
				<misses>41600001</misses>
				<total>1</total>
				<timestamp>2668.664086</timestamp>
			</report>
			<report>
				<misses>41700001</misses>
				<total>1</total>
				<timestamp>2675.081008</timestamp>
			</report>
			<report>
				<misses>41800001</misses>
				<total>1</total>
				<timestamp>2681.500853</timestamp>
			</report>
			<report>
				<misses>41900001</misses>
				<total>2</total>
				<timestamp>2687.924236</timestamp>
			</report>
			<report>
				<misses>42000001</misses>
				<total>2</total>
				<timestamp>2694.352671</timestamp>
			</report>
			<report>
				<misses>42100001</misses>
				<total>0</total>
				<timestamp>2700.779279</timestamp>
			</report>
			<report>
				<misses>42200001</misses>
				<total>2</total>
				<timestamp>2707.200032</timestamp>
			</report>
			<report>
				<misses>42300001</misses>
				<total>2</total>
				<timestamp>2713.632492</timestamp>
			</report>
			<report>
				<misses>42400001</misses>
				<total>1</total>
				<timestamp>2720.055836</timestamp>
			</report>
			<report>
				<misses>42500001</misses>
				<total>0</total>
				<timestamp>2726.481847</timestamp>
			</report>
			<report>
				<misses>42600001</misses>
				<total>2</total>
				<timestamp>2732.905916</timestamp>
			</report>
			<report>
				<misses>42700001</misses>
				<total>2</total>
				<timestamp>2739.334969</timestamp>
			</report>
			<report>
				<misses>42800001</misses>
				<total>1</total>
				<timestamp>2745.748045</timestamp>
			</report>
			<report>
				<misses>42900001</misses>
				<total>2</total>
				<timestamp>2752.165026</timestamp>
			</report>
			<report>
				<misses>43000001</misses>
				<total>2</total>
				<timestamp>2758.585952</timestamp>
			</report>
			<report>
				<misses>43100001</misses>
				<total>1</total>
				<timestamp>2765.001454</timestamp>
			</report>
			<report>
				<misses>43200001</misses>
				<total>1</total>
				<timestamp>2771.428778</timestamp>
			</report>
			<report>
				<misses>43300001</misses>
				<total>1</total>
				<timestamp>2777.847188</timestamp>
			</report>
			<report>
				<misses>43400001</misses>
				<total>1</total>
				<timestamp>2784.261787</timestamp>
			</report>
			<report>
				<misses>43500001</misses>
				<total>1</total>
				<timestamp>2790.681362</timestamp>
			</report>
			<report>
				<misses>43600001</misses>
				<total>1</total>
				<timestamp>2797.086759</timestamp>
			</report>
			<report>
				<misses>43700001</misses>
				<total>1</total>
				<timestamp>2803.507866</timestamp>
			</report>
			<report>
				<misses>43800001</misses>
				<total>1</total>
				<timestamp>2809.930857</timestamp>
			</report>
			<report>
				<misses>43900001</misses>
				<total>2</total>
				<timestamp>2816.350608</timestamp>
			</report>
			<report>
				<misses>44000001</misses>
				<total>1</total>
				<timestamp>2822.760629</timestamp>
			</report>
			<report>
				<misses>44100001</misses>
				<total>1</total>
				<timestamp>2829.191750</timestamp>
			</report>
			<report>
				<misses>44200001</misses>
				<total>2</total>
				<timestamp>2835.613240</timestamp>
			</report>
			<report>
				<misses>44300001</misses>
				<total>1</total>
				<timestamp>2842.033885</timestamp>
			</report>
			<report>
				<misses>44400001</misses>
				<total>1</total>
				<timestamp>2848.450176</timestamp>
			</report>
			<report>
				<misses>44500001</misses>
				<total>2</total>
				<timestamp>2854.873835</timestamp>
			</report>
			<report>
				<misses>44600001</misses>
				<total>2</total>
				<timestamp>2861.298524</timestamp>
			</report>
			<report>
				<misses>44700001</misses>
				<total>2</total>
				<timestamp>2867.721605</timestamp>
			</report>
			<report>
				<misses>44800001</misses>
				<total>1</total>
				<timestamp>2874.150468</timestamp>
			</report>
			<report>
				<misses>44900001</misses>
				<total>2</total>
				<timestamp>2880.569327</timestamp>
			</report>
			<report>
				<misses>45000001</misses>
				<total>1</total>
				<timestamp>2886.995823</timestamp>
			</report>
			<report>
				<misses>45100001</misses>
				<total>1</total>
				<timestamp>2893.409561</timestamp>
			</report>
			<report>
				<misses>45200001</misses>
				<total>2</total>
				<timestamp>2899.817194</timestamp>
			</report>
			<report>
				<misses>45300001</misses>
				<total>1</total>
				<timestamp>2906.254486</timestamp>
			</report>
			<report>
				<misses>45400001</misses>
				<total>1</total>
				<timestamp>2912.607374</timestamp>
			</report>
			<report>
				<misses>45500001</misses>
				<total>1</total>
				<timestamp>2919.042970</timestamp>
			</report>
			<report>
				<misses>45600001</misses>
				<total>2</total>
				<timestamp>2925.458640</timestamp>
			</report>
			<report>
				<misses>45700001</misses>
				<total>0</total>
				<timestamp>2931.870452</timestamp>
			</report>
			<report>
				<misses>45800001</misses>
				<total>2</total>
				<timestamp>2938.286288</timestamp>
			</report>
			<report>
				<misses>45900001</misses>
				<total>2</total>
				<timestamp>2944.683119</timestamp>
			</report>
			<report>
				<misses>46000001</misses>
				<total>1</total>
				<timestamp>2951.081917</timestamp>
			</report>
			<report>
				<misses>46100001</misses>
				<total>2</total>
				<timestamp>2957.503806</timestamp>
			</report>
			<report>
				<misses>46200001</misses>
				<total>2</total>
				<timestamp>2963.940479</timestamp>
			</report>
			<report>
				<misses>46300001</misses>
				<total>1</total>
				<timestamp>2970.380103</timestamp>
			</report>
			<report>
				<misses>46400001</misses>
				<total>1</total>
				<timestamp>2976.812223</timestamp>
			</report>
			<report>
				<misses>46500001</misses>
				<total>1</total>
				<timestamp>2983.235297</timestamp>
			</report>
			<report>
				<misses>46600001</misses>
				<total>1</total>
				<timestamp>2989.664221</timestamp>
			</report>
			<report>
				<misses>46700001</misses>
				<total>2</total>
				<timestamp>2996.091423</timestamp>
			</report>
			<report>
				<misses>46800001</misses>
				<total>1</total>
				<timestamp>3002.519278</timestamp>
			</report>
			<report>
				<misses>46900001</misses>
				<total>2</total>
				<timestamp>3008.947775</timestamp>
			</report>
			<report>
				<misses>47000001</misses>
				<total>1</total>
				<timestamp>3015.364412</timestamp>
			</report>
			<report>
				<misses>47100001</misses>
				<total>2</total>
				<timestamp>3021.758096</timestamp>
			</report>
			<report>
				<misses>47200001</misses>
				<total>2</total>
				<timestamp>3028.152660</timestamp>
			</report>
			<report>
				<misses>47300001</misses>
				<total>1</total>
				<timestamp>3034.543831</timestamp>
			</report>
			<report>
				<misses>47400001</misses>
				<total>2</total>
				<timestamp>3040.960307</timestamp>
			</report>
			<report>
				<misses>47500001</misses>
				<total>1</total>
				<timestamp>3047.376134</timestamp>
			</report>
			<report>
				<misses>47600001</misses>
				<total>2</total>
				<timestamp>3053.776308</timestamp>
			</report>
			<report>
				<misses>47700001</misses>
				<total>2</total>
				<timestamp>3060.194678</timestamp>
			</report>
			<report>
				<misses>47800001</misses>
				<total>2</total>
				<timestamp>3066.607880</timestamp>
			</report>
			<report>
				<misses>47900001</misses>
				<total>2</total>
				<timestamp>3073.026429</timestamp>
			</report>
			<report>
				<misses>48000001</misses>
				<total>1</total>
				<timestamp>3079.429983</timestamp>
			</report>
			<report>
				<misses>48100001</misses>
				<total>1</total>
				<timestamp>3085.844502</timestamp>
			</report>
			<report>
				<misses>48200001</misses>
				<total>2</total>
				<timestamp>3092.255309</timestamp>
			</report>
			<report>
				<misses>48300001</misses>
				<total>2</total>
				<timestamp>3098.660931</timestamp>
			</report>
			<report>
				<misses>48400001</misses>
				<total>1</total>
				<timestamp>3105.075773</timestamp>
			</report>
			<report>
				<misses>48500001</misses>
				<total>2</total>
				<timestamp>3111.495007</timestamp>
			</report>
			<report>
				<misses>48600001</misses>
				<total>1</total>
				<timestamp>3117.898873</timestamp>
			</report>
			<report>
				<misses>48700001</misses>
				<total>1</total>
				<timestamp>3124.298313</timestamp>
			</report>
			<report>
				<misses>48800001</misses>
				<total>1</total>
				<timestamp>3130.718068</timestamp>
			</report>
			<report>
				<misses>48900001</misses>
				<total>1</total>
				<timestamp>3137.121934</timestamp>
			</report>
			<report>
				<misses>49000001</misses>
				<total>2</total>
				<timestamp>3143.524999</timestamp>
			</report>
			<report>
				<misses>49100001</misses>
				<total>1</total>
				<timestamp>3149.935803</timestamp>
			</report>
			<report>
				<misses>49200001</misses>
				<total>1</total>
				<timestamp>3156.338059</timestamp>
			</report>
			<report>
				<misses>49300001</misses>
				<total>2</total>
				<timestamp>3162.755642</timestamp>
			</report>
			<report>
				<misses>49400001</misses>
				<total>2</total>
				<timestamp>3169.158512</timestamp>
			</report>
			<report>
				<misses>49500001</misses>
				<total>1</total>
				<timestamp>3175.577177</timestamp>
			</report>
			<report>
				<misses>49600001</misses>
				<total>1</total>
				<timestamp>3181.971459</timestamp>
			</report>
			<report>
				<misses>49700001</misses>
				<total>1</total>
				<timestamp>3188.378248</timestamp>
			</report>
			<report>
				<misses>49800001</misses>
				<total>2</total>
				<timestamp>3194.782960</timestamp>
			</report>
			<report>
				<misses>49900001</misses>
				<total>2</total>
				<timestamp>3201.177965</timestamp>
			</report>
			<report>
				<misses>50000001</misses>
				<total>1</total>
				<timestamp>3207.584531</timestamp>
			</report>
			<report>
				<misses>50100001</misses>
				<total>2</total>
				<timestamp>3213.996545</timestamp>
			</report>
			<report>
				<misses>50200001</misses>
				<total>1</total>
				<timestamp>3220.417449</timestamp>
			</report>
			<report>
				<misses>50300001</misses>
				<total>1</total>
				<timestamp>3226.826237</timestamp>
			</report>
			<report>
				<misses>50400001</misses>
				<total>1</total>
				<timestamp>3233.235366</timestamp>
			</report>
			<report>
				<misses>50500001</misses>
				<total>2</total>
				<timestamp>3239.645601</timestamp>
			</report>
			<report>
				<misses>50600001</misses>
				<total>2</total>
				<timestamp>3246.066319</timestamp>
			</report>
			<report>
				<misses>50700001</misses>
				<total>2</total>
				<timestamp>3252.466797</timestamp>
			</report>
			<report>
				<misses>50800001</misses>
				<total>2</total>
				<timestamp>3258.878796</timestamp>
			</report>
			<report>
				<misses>50900001</misses>
				<total>1</total>
				<timestamp>3265.284504</timestamp>
			</report>
			<report>
				<misses>51000001</misses>
				<total>2</total>
				<timestamp>3271.703253</timestamp>
			</report>
			<report>
				<misses>51100001</misses>
				<total>2</total>
				<timestamp>3278.117650</timestamp>
			</report>
			<report>
				<misses>51200001</misses>
				<total>1</total>
				<timestamp>3284.531370</timestamp>
			</report>
			<report>
				<misses>51300001</misses>
				<total>2</total>
				<timestamp>3290.938818</timestamp>
			</report>
			<report>
				<misses>51400001</misses>
				<total>1</total>
				<timestamp>3297.354162</timestamp>
			</report>
			<report>
				<misses>51500001</misses>
				<total>2</total>
				<timestamp>3303.768884</timestamp>
			</report>
			<report>
				<misses>51600001</misses>
				<total>1</total>
				<timestamp>3310.186125</timestamp>
			</report>
			<report>
				<misses>51700001</misses>
				<total>1</total>
				<timestamp>3316.596733</timestamp>
			</report>
			<report>
				<misses>51800001</misses>
				<total>1</total>
				<timestamp>3323.019935</timestamp>
			</report>
			<report>
				<misses>51900001</misses>
				<total>1</total>
				<timestamp>3329.431410</timestamp>
			</report>
			<report>
				<misses>52000001</misses>
				<total>1</total>
				<timestamp>3335.854027</timestamp>
			</report>
			<report>
				<misses>52100001</misses>
				<total>1</total>
				<timestamp>3342.281852</timestamp>
			</report>
			<report>
				<misses>52200001</misses>
				<total>2</total>
				<timestamp>3348.689796</timestamp>
			</report>
			<report>
				<misses>52300001</misses>
				<total>1</total>
				<timestamp>3355.099882</timestamp>
			</report>
			<report>
				<misses>52400001</misses>
				<total>1</total>
				<timestamp>3361.511214</timestamp>
			</report>
			<report>
				<misses>52500001</misses>
				<total>1</total>
				<timestamp>3367.939647</timestamp>
			</report>
			<report>
				<misses>52600001</misses>
				<total>1</total>
				<timestamp>3374.353659</timestamp>
			</report>
			<report>
				<misses>52700001</misses>
				<total>2</total>
				<timestamp>3380.732333</timestamp>
			</report>
			<report>
				<misses>52800001</misses>
				<total>2</total>
				<timestamp>3387.156672</timestamp>
			</report>
			<report>
				<misses>52900001</misses>
				<total>1</total>
				<timestamp>3393.564806</timestamp>
			</report>
			<report>
				<misses>53000001</misses>
				<total>1</total>
				<timestamp>3399.976052</timestamp>
			</report>
			<report>
				<misses>53100001</misses>
				<total>1</total>
				<timestamp>3406.390046</timestamp>
			</report>
			<report>
				<misses>53200001</misses>
				<total>1</total>
				<timestamp>3412.803309</timestamp>
			</report>
			<report>
				<misses>53300001</misses>
				<total>2</total>
				<timestamp>3419.217476</timestamp>
			</report>
			<report>
				<misses>53400001</misses>
				<total>2</total>
				<timestamp>3425.637276</timestamp>
			</report>
			<report>
				<misses>53500001</misses>
				<total>1</total>
				<timestamp>3432.054940</timestamp>
			</report>
			<report>
				<misses>53600001</misses>
				<total>2</total>
				<timestamp>3438.454206</timestamp>
			</report>
			<report>
				<misses>53700001</misses>
				<total>0</total>
				<timestamp>3444.852735</timestamp>
			</report>
			<report>
				<misses>53800001</misses>
				<total>2</total>
				<timestamp>3451.277283</timestamp>
			</report>
			<report>
				<misses>53900001</misses>
				<total>2</total>
				<timestamp>3457.690682</timestamp>
			</report>
			<report>
				<misses>54000001</misses>
				<total>2</total>
				<timestamp>3464.076982</timestamp>
			</report>
			<report>
				<misses>54100001</misses>
				<total>2</total>
				<timestamp>3470.490735</timestamp>
			</report>
			<report>
				<misses>54200001</misses>
				<total>1</total>
				<timestamp>3476.901638</timestamp>
			</report>
			<report>
				<misses>54300001</misses>
				<total>2</total>
				<timestamp>3483.318521</timestamp>
			</report>
			<report>
				<misses>54400001</misses>
				<total>2</total>
				<timestamp>3489.739628</timestamp>
			</report>
			<report>
				<misses>54500001</misses>
				<total>2</total>
				<timestamp>3496.154907</timestamp>
			</report>
			<report>
				<misses>54600001</misses>
				<total>2</total>
				<timestamp>3502.559360</timestamp>
			</report>
			<report>
				<misses>54700001</misses>
				<total>1</total>
				<timestamp>3508.977505</timestamp>
			</report>
			<report>
				<misses>54800001</misses>
				<total>1</total>
				<timestamp>3515.398859</timestamp>
			</report>
			<report>
				<misses>54900001</misses>
				<total>2</total>
				<timestamp>3521.816508</timestamp>
			</report>
			<report>
				<misses>55000001</misses>
				<total>2</total>
				<timestamp>3528.250194</timestamp>
			</report>
			<report>
				<misses>55100001</misses>
				<total>1</total>
				<timestamp>3534.667675</timestamp>
			</report>
			<report>
				<misses>55200001</misses>
				<total>1</total>
				<timestamp>3541.078440</timestamp>
			</report>
			<report>
				<misses>55300001</misses>
				<total>2</total>
				<timestamp>3547.488852</timestamp>
			</report>
			<report>
				<misses>55400001</misses>
				<total>2</total>
				<timestamp>3553.900189</timestamp>
			</report>
			<report>
				<misses>55500001</misses>
				<total>2</total>
				<timestamp>3560.318745</timestamp>
			</report>
			<report>
				<misses>55600001</misses>
				<total>1</total>
				<timestamp>3566.723326</timestamp>
			</report>
			<report>
				<misses>55700001</misses>
				<total>1</total>
				<timestamp>3573.142005</timestamp>
			</report>
			<report>
				<misses>55800001</misses>
				<total>1</total>
				<timestamp>3579.553438</timestamp>
			</report>
			<report>
				<misses>55900001</misses>
				<total>1</total>
				<timestamp>3585.961419</timestamp>
			</report>
			<report>
				<misses>56000001</misses>
				<total>2</total>
				<timestamp>3592.388854</timestamp>
			</report>
			<report>
				<misses>56100001</misses>
				<total>1</total>
				<timestamp>3598.803178</timestamp>
			</report>
			<report>
				<misses>56200001</misses>
				<total>2</total>
				<timestamp>3605.204652</timestamp>
			</report>
			<report>
				<misses>56300001</misses>
				<total>1</total>
				<timestamp>3611.631411</timestamp>
			</report>
			<report>
				<misses>56400001</misses>
				<total>1</total>
				<timestamp>3618.036246</timestamp>
			</report>
			<report>
				<misses>56500001</misses>
				<total>1</total>
				<timestamp>3624.440502</timestamp>
			</report>
			<report>
				<misses>56600001</misses>
				<total>2</total>
				<timestamp>3630.860031</timestamp>
			</report>
			<report>
				<misses>56700001</misses>
				<total>1</total>
				<timestamp>3637.262405</timestamp>
			</report>
			<report>
				<misses>56800001</misses>
				<total>1</total>
				<timestamp>3643.659465</timestamp>
			</report>
			<report>
				<misses>56900001</misses>
				<total>1</total>
				<timestamp>3650.066215</timestamp>
			</report>
			<report>
				<misses>57000001</misses>
				<total>1</total>
				<timestamp>3656.471505</timestamp>
			</report>
			<report>
				<misses>57100001</misses>
				<total>2</total>
				<timestamp>3662.859390</timestamp>
			</report>
			<report>
				<misses>57200001</misses>
				<total>1</total>
				<timestamp>3669.263922</timestamp>
			</report>
			<report>
				<misses>57300001</misses>
				<total>1</total>
				<timestamp>3675.679533</timestamp>
			</report>
			<report>
				<misses>57400001</misses>
				<total>1</total>
				<timestamp>3682.072557</timestamp>
			</report>
			<report>
				<misses>57500001</misses>
				<total>2</total>
				<timestamp>3688.478665</timestamp>
			</report>
			<report>
				<misses>57600001</misses>
				<total>2</total>
				<timestamp>3694.896744</timestamp>
			</report>
			<report>
				<misses>57700001</misses>
				<total>2</total>
				<timestamp>3701.293909</timestamp>
			</report>
			<report>
				<misses>57800001</misses>
				<total>2</total>
				<timestamp>3707.699947</timestamp>
			</report>
			<report>
				<misses>57900001</misses>
				<total>2</total>
				<timestamp>3714.106599</timestamp>
			</report>
			<report>
				<misses>58000001</misses>
				<total>2</total>
				<timestamp>3720.508477</timestamp>
			</report>
			<report>
				<misses>58100001</misses>
				<total>2</total>
				<timestamp>3726.922394</timestamp>
			</report>
			<report>
				<misses>58200001</misses>
				<total>1</total>
				<timestamp>3733.340864</timestamp>
			</report>
			<report>
				<misses>58300001</misses>
				<total>1</total>
				<timestamp>3739.768935</timestamp>
			</report>
			<report>
				<misses>58400001</misses>
				<total>1</total>
				<timestamp>3746.202675</timestamp>
			</report>
			<report>
				<misses>58500001</misses>
				<total>1</total>
				<timestamp>3752.618312</timestamp>
			</report>
			<report>
				<misses>58600001</misses>
				<total>1</total>
				<timestamp>3759.034101</timestamp>
			</report>
			<report>
				<misses>58700001</misses>
				<total>1</total>
				<timestamp>3765.442161</timestamp>
			</report>
			<report>
				<misses>58800001</misses>
				<total>2</total>
				<timestamp>3771.859772</timestamp>
			</report>
			<report>
				<misses>58900001</misses>
				<total>2</total>
				<timestamp>3778.272750</timestamp>
			</report>
			<report>
				<misses>59000001</misses>
				<total>2</total>
				<timestamp>3784.682322</timestamp>
			</report>
			<report>
				<misses>59100001</misses>
				<total>1</total>
				<timestamp>3791.105374</timestamp>
			</report>
			<report>
				<misses>59200001</misses>
				<total>1</total>
				<timestamp>3797.510123</timestamp>
			</report>
			<report>
				<misses>59300001</misses>
				<total>2</total>
				<timestamp>3803.923627</timestamp>
			</report>
			<report>
				<misses>59400001</misses>
				<total>1</total>
				<timestamp>3810.332678</timestamp>
			</report>
			<report>
				<misses>59500001</misses>
				<total>2</total>
				<timestamp>3816.749008</timestamp>
			</report>
			<report>
				<misses>59600001</misses>
				<total>2</total>
				<timestamp>3823.148850</timestamp>
			</report>
			<report>
				<misses>59700001</misses>
				<total>2</total>
				<timestamp>3829.574074</timestamp>
			</report>
			<report>
				<misses>59800001</misses>
				<total>2</total>
				<timestamp>3835.990252</timestamp>
			</report>
			<report>
				<misses>59900001</misses>
				<total>1</total>
				<timestamp>3842.407369</timestamp>
			</report>
			<report>
				<misses>60000001</misses>
				<total>1</total>
				<timestamp>3848.829692</timestamp>
			</report>
			<report>
				<misses>60100001</misses>
				<total>0</total>
				<timestamp>3855.250397</timestamp>
			</report>
			<report>
				<misses>60200001</misses>
				<total>1</total>
				<timestamp>3861.674140</timestamp>
			</report>
			<report>
				<misses>60300001</misses>
				<total>1</total>
				<timestamp>3868.071056</timestamp>
			</report>
			<report>
				<misses>60400001</misses>
				<total>1</total>
				<timestamp>3874.430767</timestamp>
			</report>
			<report>
				<misses>60500001</misses>
				<total>1</total>
				<timestamp>3880.837382</timestamp>
			</report>
			<report>
				<misses>60600001</misses>
				<total>1</total>
				<timestamp>3887.218473</timestamp>
			</report>
			<report>
				<misses>60700001</misses>
				<total>2</total>
				<timestamp>3893.582350</timestamp>
			</report>
			<report>
				<misses>60800001</misses>
				<total>1</total>
				<timestamp>3900.002875</timestamp>
			</report>
			<report>
				<misses>60900001</misses>
				<total>2</total>
				<timestamp>3906.408540</timestamp>
			</report>
			<report>
				<misses>61000001</misses>
				<total>1</total>
				<timestamp>3912.841726</timestamp>
			</report>
			<report>
				<misses>61100001</misses>
				<total>1</total>
				<timestamp>3919.265182</timestamp>
			</report>
			<report>
				<misses>61200001</misses>
				<total>1</total>
				<timestamp>3925.693507</timestamp>
			</report>
			<report>
				<misses>61300001</misses>
				<total>1</total>
				<timestamp>3932.111951</timestamp>
			</report>
			<report>
				<misses>61400001</misses>
				<total>1</total>
				<timestamp>3938.516751</timestamp>
			</report>
			<report>
				<misses>61500001</misses>
				<total>1</total>
				<timestamp>3944.927720</timestamp>
			</report>
			<report>
				<misses>61600001</misses>
				<total>2</total>
				<timestamp>3951.332139</timestamp>
			</report>
			<report>
				<misses>61700001</misses>
				<total>0</total>
				<timestamp>3957.729653</timestamp>
			</report>
			<report>
				<misses>61800001</misses>
				<total>1</total>
				<timestamp>3964.134818</timestamp>
			</report>
			<report>
				<misses>61900001</misses>
				<total>1</total>
				<timestamp>3970.544905</timestamp>
			</report>
			<report>
				<misses>62000001</misses>
				<total>1</total>
				<timestamp>3976.941100</timestamp>
			</report>
			<report>
				<misses>62100001</misses>
				<total>2</total>
				<timestamp>3983.347709</timestamp>
			</report>
			<report>
				<misses>62200001</misses>
				<total>2</total>
				<timestamp>3989.764387</timestamp>
			</report>
			<report>
				<misses>62300001</misses>
				<total>1</total>
				<timestamp>3996.157688</timestamp>
			</report>
			<report>
				<misses>62400001</misses>
				<total>1</total>
				<timestamp>4002.552484</timestamp>
			</report>
			<report>
				<misses>62500001</misses>
				<total>1</total>
				<timestamp>4008.966886</timestamp>
			</report>
			<report>
				<misses>62600001</misses>
				<total>2</total>
				<timestamp>4015.367039</timestamp>
			</report>
			<report>
				<misses>62700001</misses>
				<total>2</total>
				<timestamp>4021.746779</timestamp>
			</report>
			<report>
				<misses>62800001</misses>
				<total>1</total>
				<timestamp>4028.140306</timestamp>
			</report>
			<report>
				<misses>62900001</misses>
				<total>3</total>
				<timestamp>4034.547385</timestamp>
			</report>
			<report>
				<misses>63000001</misses>
				<total>1</total>
				<timestamp>4040.951958</timestamp>
			</report>
			<report>
				<misses>63100001</misses>
				<total>2</total>
				<timestamp>4047.347580</timestamp>
			</report>
			<report>
				<misses>63200001</misses>
				<total>1</total>
				<timestamp>4053.744436</timestamp>
			</report>
			<report>
				<misses>63300001</misses>
				<total>1</total>
				<timestamp>4060.163249</timestamp>
			</report>
			<report>
				<misses>63400001</misses>
				<total>1</total>
				<timestamp>4066.599004</timestamp>
			</report>
			<report>
				<misses>63500001</misses>
				<total>2</total>
				<timestamp>4073.033551</timestamp>
			</report>
			<report>
				<misses>63600001</misses>
				<total>2</total>
				<timestamp>4079.462501</timestamp>
			</report>
			<report>
				<misses>63700001</misses>
				<total>1</total>
				<timestamp>4085.887962</timestamp>
			</report>
			<report>
				<misses>63800001</misses>
				<total>2</total>
				<timestamp>4092.316464</timestamp>
			</report>
			<report>
				<misses>63900001</misses>
				<total>1</total>
				<timestamp>4098.747352</timestamp>
			</report>
			<report>
				<misses>64000001</misses>
				<total>1</total>
				<timestamp>4105.169049</timestamp>
			</report>
			<report>
				<misses>64100001</misses>
				<total>2</total>
				<timestamp>4111.587794</timestamp>
			</report>
			<report>
				<misses>64200001</misses>
				<total>2</total>
				<timestamp>4118.014061</timestamp>
			</report>
			<report>
				<misses>64300001</misses>
				<total>1</total>
				<timestamp>4124.422185</timestamp>
			</report>
			<report>
				<misses>64400001</misses>
				<total>1</total>
				<timestamp>4130.819690</timestamp>
			</report>
			<report>
				<misses>64500001</misses>
				<total>2</total>
				<timestamp>4137.249381</timestamp>
			</report>
			<report>
				<misses>64600001</misses>
				<total>1</total>
				<timestamp>4143.665232</timestamp>
			</report>
			<report>
				<misses>64700001</misses>
				<total>1</total>
				<timestamp>4150.071274</timestamp>
			</report>
			<report>
				<misses>64800001</misses>
				<total>1</total>
				<timestamp>4156.458867</timestamp>
			</report>
			<report>
				<misses>64900001</misses>
				<total>1</total>
				<timestamp>4162.871994</timestamp>
			</report>
			<report>
				<misses>65000001</misses>
				<total>1</total>
				<timestamp>4169.271092</timestamp>
			</report>
			<report>
				<misses>65100001</misses>
				<total>2</total>
				<timestamp>4175.691591</timestamp>
			</report>
			<report>
				<misses>65200001</misses>
				<total>2</total>
				<timestamp>4182.101208</timestamp>
			</report>
			<report>
				<misses>65300001</misses>
				<total>2</total>
				<timestamp>4188.514921</timestamp>
			</report>
			<report>
				<misses>65400001</misses>
				<total>1</total>
				<timestamp>4194.914843</timestamp>
			</report>
			<report>
				<misses>65500001</misses>
				<total>2</total>
				<timestamp>4201.313973</timestamp>
			</report>
			<report>
				<misses>65600001</misses>
				<total>1</total>
				<timestamp>4207.749821</timestamp>
			</report>
			<report>
				<misses>65700001</misses>
				<total>2</total>
				<timestamp>4214.151974</timestamp>
			</report>
			<report>
				<misses>65800001</misses>
				<total>1</total>
				<timestamp>4220.572396</timestamp>
			</report>
			<report>
				<misses>65900001</misses>
				<total>2</total>
				<timestamp>4226.977490</timestamp>
			</report>
			<report>
				<misses>66000001</misses>
				<total>1</total>
				<timestamp>4233.390428</timestamp>
			</report>
			<report>
				<misses>66100001</misses>
				<total>2</total>
				<timestamp>4239.798790</timestamp>
			</report>
			<report>
				<misses>66200001</misses>
				<total>1</total>
				<timestamp>4246.219212</timestamp>
			</report>
			<report>
				<misses>66300001</misses>
				<total>2</total>
				<timestamp>4252.626072</timestamp>
			</report>
			<report>
				<misses>66400001</misses>
				<total>1</total>
				<timestamp>4259.039507</timestamp>
			</report>
			<report>
				<misses>66500001</misses>
				<total>2</total>
				<timestamp>4265.468521</timestamp>
			</report>
			<report>
				<misses>66600001</misses>
				<total>2</total>
				<timestamp>4271.880622</timestamp>
			</report>
			<report>
				<misses>66700001</misses>
				<total>1</total>
				<timestamp>4278.282811</timestamp>
			</report>
			<report>
				<misses>66800001</misses>
				<total>1</total>
				<timestamp>4284.710210</timestamp>
			</report>
			<report>
				<misses>66900001</misses>
				<total>1</total>
				<timestamp>4291.127916</timestamp>
			</report>
			<report>
				<misses>67000001</misses>
				<total>1</total>
				<timestamp>4297.558335</timestamp>
			</report>
			<report>
				<misses>67100001</misses>
				<total>2</total>
				<timestamp>4303.968683</timestamp>
			</report>
			<report>
				<misses>67200001</misses>
				<total>1</total>
				<timestamp>4310.385070</timestamp>
			</report>
			<report>
				<misses>67300001</misses>
				<total>0</total>
				<timestamp>4316.798547</timestamp>
			</report>
			<report>
				<misses>67400001</misses>
				<total>1</total>
				<timestamp>4323.220765</timestamp>
			</report>
			<report>
				<misses>67500001</misses>
				<total>2</total>
				<timestamp>4329.631294</timestamp>
			</report>
			<report>
				<misses>67600001</misses>
				<total>2</total>
				<timestamp>4336.034069</timestamp>
			</report>
			<report>
				<misses>67700001</misses>
				<total>2</total>
				<timestamp>4342.468543</timestamp>
			</report>
			<report>
				<misses>67800001</misses>
				<total>2</total>
				<timestamp>4348.896080</timestamp>
			</report>
			<report>
				<misses>67900001</misses>
				<total>2</total>
				<timestamp>4355.315906</timestamp>
			</report>
			<report>
				<misses>68000001</misses>
				<total>2</total>
				<timestamp>4361.734111</timestamp>
			</report>
			<report>
				<misses>68100001</misses>
				<total>2</total>
				<timestamp>4368.132160</timestamp>
			</report>
			<report>
				<misses>68200001</misses>
				<total>1</total>
				<timestamp>4374.547394</timestamp>
			</report>
			<report>
				<misses>68300001</misses>
				<total>2</total>
				<timestamp>4380.961455</timestamp>
			</report>
			<report>
				<misses>68400001</misses>
				<total>1</total>
				<timestamp>4387.371237</timestamp>
			</report>
			<report>
				<misses>68500001</misses>
				<total>2</total>
				<timestamp>4393.787812</timestamp>
			</report>
			<report>
				<misses>68600001</misses>
				<total>2</total>
				<timestamp>4400.178057</timestamp>
			</report>
			<report>
				<misses>68700001</misses>
				<total>2</total>
				<timestamp>4406.599152</timestamp>
			</report>
			<report>
				<misses>68800001</misses>
				<total>2</total>
				<timestamp>4413.022894</timestamp>
			</report>
			<report>
				<misses>68900001</misses>
				<total>2</total>
				<timestamp>4419.436539</timestamp>
			</report>
			<report>
				<misses>69000001</misses>
				<total>1</total>
				<timestamp>4425.860838</timestamp>
			</report>
			<report>
				<misses>69100001</misses>
				<total>1</total>
				<timestamp>4432.293438</timestamp>
			</report>
			<report>
				<misses>69200001</misses>
				<total>2</total>
				<timestamp>4438.705506</timestamp>
			</report>
			<report>
				<misses>69300001</misses>
				<total>2</total>
				<timestamp>4445.120399</timestamp>
			</report>
			<report>
				<misses>69400001</misses>
				<total>1</total>
				<timestamp>4451.533715</timestamp>
			</report>
			<report>
				<misses>69500001</misses>
				<total>1</total>
				<timestamp>4457.959342</timestamp>
			</report>
			<report>
				<misses>69600001</misses>
				<total>2</total>
				<timestamp>4464.368729</timestamp>
			</report>
			<report>
				<misses>69700001</misses>
				<total>1</total>
				<timestamp>4470.800250</timestamp>
			</report>
			<report>
				<misses>69800001</misses>
				<total>2</total>
				<timestamp>4477.229003</timestamp>
			</report>
			<report>
				<misses>69900001</misses>
				<total>1</total>
				<timestamp>4483.649030</timestamp>
			</report>
			<report>
				<misses>70000001</misses>
				<total>1</total>
				<timestamp>4490.069960</timestamp>
			</report>
			<report>
				<misses>70100001</misses>
				<total>2</total>
				<timestamp>4496.477722</timestamp>
			</report>
			<report>
				<misses>70200001</misses>
				<total>1</total>
				<timestamp>4502.870054</timestamp>
			</report>
			<report>
				<misses>70300001</misses>
				<total>2</total>
				<timestamp>4509.285490</timestamp>
			</report>
			<report>
				<misses>70400001</misses>
				<total>2</total>
				<timestamp>4515.716431</timestamp>
			</report>
			<report>
				<misses>70500001</misses>
				<total>0</total>
				<timestamp>4522.129996</timestamp>
			</report>
			<report>
				<misses>70600001</misses>
				<total>1</total>
				<timestamp>4528.514837</timestamp>
			</report>
			<report>
				<misses>70700001</misses>
				<total>1</total>
				<timestamp>4534.916025</timestamp>
			</report>
			<report>
				<misses>70800001</misses>
				<total>2</total>
				<timestamp>4541.333411</timestamp>
			</report>
			<report>
				<misses>70900001</misses>
				<total>2</total>
				<timestamp>4547.744038</timestamp>
			</report>
			<report>
				<misses>71000001</misses>
				<total>1</total>
				<timestamp>4554.151379</timestamp>
			</report>
			<report>
				<misses>71100001</misses>
				<total>1</total>
				<timestamp>4560.562858</timestamp>
			</report>
			<report>
				<misses>71200001</misses>
				<total>1</total>
				<timestamp>4566.987601</timestamp>
			</report>
			<report>
				<misses>71300001</misses>
				<total>1</total>
				<timestamp>4573.375960</timestamp>
			</report>
			<report>
				<misses>71400001</misses>
				<total>2</total>
				<timestamp>4579.785394</timestamp>
			</report>
			<report>
				<misses>71500001</misses>
				<total>2</total>
				<timestamp>4586.178666</timestamp>
			</report>
			<report>
				<misses>71600001</misses>
				<total>2</total>
				<timestamp>4592.574322</timestamp>
			</report>
			<report>
				<misses>71700001</misses>
				<total>2</total>
				<timestamp>4598.980223</timestamp>
			</report>
			<report>
				<misses>71800001</misses>
				<total>2</total>
				<timestamp>4605.386686</timestamp>
			</report>
			<report>
				<misses>71900001</misses>
				<total>2</total>
				<timestamp>4611.810533</timestamp>
			</report>
			<report>
				<misses>72000001</misses>
				<total>1</total>
				<timestamp>4618.230204</timestamp>
			</report>
			<report>
				<misses>72100001</misses>
				<total>1</total>
				<timestamp>4624.661361</timestamp>
			</report>
			<report>
				<misses>72200001</misses>
				<total>1</total>
				<timestamp>4631.083746</timestamp>
			</report>
			<report>
				<misses>72300001</misses>
				<total>1</total>
				<timestamp>4637.493084</timestamp>
			</report>
			<report>
				<misses>72400001</misses>
				<total>2</total>
				<timestamp>4643.905337</timestamp>
			</report>
			<report>
				<misses>72500001</misses>
				<total>1</total>
				<timestamp>4650.330587</timestamp>
			</report>
			<report>
				<misses>72600001</misses>
				<total>1</total>
				<timestamp>4656.730162</timestamp>
			</report>
			<report>
				<misses>72700001</misses>
				<total>2</total>
				<timestamp>4663.159411</timestamp>
			</report>
			<report>
				<misses>72800001</misses>
				<total>1</total>
				<timestamp>4669.585354</timestamp>
			</report>
			<report>
				<misses>72900001</misses>
				<total>2</total>
				<timestamp>4676.008014</timestamp>
			</report>
			<report>
				<misses>73000001</misses>
				<total>2</total>
				<timestamp>4682.431282</timestamp>
			</report>
			<report>
				<misses>73100001</misses>
				<total>2</total>
				<timestamp>4688.864501</timestamp>
			</report>
			<report>
				<misses>73200001</misses>
				<total>1</total>
				<timestamp>4695.293165</timestamp>
			</report>
			<report>
				<misses>73300001</misses>
				<total>2</total>
				<timestamp>4701.720185</timestamp>
			</report>
			<report>
				<misses>73400001</misses>
				<total>2</total>
				<timestamp>4708.144573</timestamp>
			</report>
			<report>
				<misses>73500001</misses>
				<total>2</total>
				<timestamp>4714.571741</timestamp>
			</report>
			<report>
				<misses>73600001</misses>
				<total>2</total>
				<timestamp>4721.003840</timestamp>
			</report>
			<report>
				<misses>73700001</misses>
				<total>1</total>
				<timestamp>4727.436868</timestamp>
			</report>
			<report>
				<misses>73800001</misses>
				<total>2</total>
				<timestamp>4733.860044</timestamp>
			</report>
			<report>
				<misses>73900001</misses>
				<total>1</total>
				<timestamp>4740.289417</timestamp>
			</report>
			<report>
				<misses>74000001</misses>
				<total>1</total>
				<timestamp>4746.710378</timestamp>
			</report>
			<report>
				<misses>74100001</misses>
				<total>2</total>
				<timestamp>4753.131127</timestamp>
			</report>
			<report>
				<misses>74200001</misses>
				<total>2</total>
				<timestamp>4759.563461</timestamp>
			</report>
			<report>
				<misses>74300001</misses>
				<total>2</total>
				<timestamp>4765.989396</timestamp>
			</report>
			<report>
				<misses>74400001</misses>
				<total>2</total>
				<timestamp>4772.426810</timestamp>
			</report>
			<report>
				<misses>74500001</misses>
				<total>2</total>
				<timestamp>4778.853955</timestamp>
			</report>
			<report>
				<misses>74600001</misses>
				<total>2</total>
				<timestamp>4785.272632</timestamp>
			</report>
			<report>
				<misses>74700001</misses>
				<total>1</total>
				<timestamp>4791.688879</timestamp>
			</report>
			<report>
				<misses>74800001</misses>
				<total>2</total>
				<timestamp>4798.111402</timestamp>
			</report>
			<report>
				<misses>74900001</misses>
				<total>2</total>
				<timestamp>4804.529830</timestamp>
			</report>
			<report>
				<misses>75000001</misses>
				<total>1</total>
				<timestamp>4810.945443</timestamp>
			</report>
			<report>
				<misses>75100001</misses>
				<total>1</total>
				<timestamp>4817.366253</timestamp>
			</report>
			<report>
				<misses>75200001</misses>
				<total>1</total>
				<timestamp>4823.772313</timestamp>
			</report>
			<report>
				<misses>75300001</misses>
				<total>0</total>
				<timestamp>4830.192637</timestamp>
			</report>
			<report>
				<misses>75400001</misses>
				<total>1</total>
				<timestamp>4836.608276</timestamp>
			</report>
			<report>
				<misses>75500001</misses>
				<total>2</total>
				<timestamp>4843.026544</timestamp>
			</report>
			<report>
				<misses>75600001</misses>
				<total>2</total>
				<timestamp>4849.450796</timestamp>
			</report>
			<report>
				<misses>75700001</misses>
				<total>1</total>
				<timestamp>4855.876900</timestamp>
			</report>
			<report>
				<misses>75800001</misses>
				<total>1</total>
				<timestamp>4862.287218</timestamp>
			</report>
			<report>
				<misses>75900001</misses>
				<total>2</total>
				<timestamp>4868.699880</timestamp>
			</report>
			<report>
				<misses>76000001</misses>
				<total>1</total>
				<timestamp>4875.119816</timestamp>
			</report>
			<report>
				<misses>76100001</misses>
				<total>1</total>
				<timestamp>4881.542520</timestamp>
			</report>
			<report>
				<misses>76200001</misses>
				<total>2</total>
				<timestamp>4887.972506</timestamp>
			</report>
			<report>
				<misses>76300001</misses>
				<total>2</total>
				<timestamp>4894.361581</timestamp>
			</report>
			<report>
				<misses>76400001</misses>
				<total>2</total>
				<timestamp>4900.795333</timestamp>
			</report>
			<report>
				<misses>76500001</misses>
				<total>1</total>
				<timestamp>4907.206653</timestamp>
			</report>
			<report>
				<misses>76600001</misses>
				<total>2</total>
				<timestamp>4913.617661</timestamp>
			</report>
			<report>
				<misses>76700001</misses>
				<total>2</total>
				<timestamp>4920.049392</timestamp>
			</report>
			<report>
				<misses>76800001</misses>
				<total>2</total>
				<timestamp>4926.464765</timestamp>
			</report>
			<report>
				<misses>76900001</misses>
				<total>1</total>
				<timestamp>4932.888872</timestamp>
			</report>
			<report>
				<misses>77000001</misses>
				<total>1</total>
				<timestamp>4939.317648</timestamp>
			</report>
			<report>
				<misses>77100001</misses>
				<total>1</total>
				<timestamp>4945.735969</timestamp>
			</report>
			<report>
				<misses>77200001</misses>
				<total>2</total>
				<timestamp>4952.162083</timestamp>
			</report>
			<report>
				<misses>77300001</misses>
				<total>2</total>
				<timestamp>4958.584413</timestamp>
			</report>
			<report>
				<misses>77400001</misses>
				<total>2</total>
				<timestamp>4965.000945</timestamp>
			</report>
			<report>
				<misses>77500001</misses>
				<total>1</total>
				<timestamp>4971.429820</timestamp>
			</report>
			<report>
				<misses>77600001</misses>
				<total>2</total>
				<timestamp>4977.850202</timestamp>
			</report>
			<report>
				<misses>77700001</misses>
				<total>2</total>
				<timestamp>4984.280154</timestamp>
			</report>
			<report>
				<misses>77800001</misses>
				<total>2</total>
				<timestamp>4990.701472</timestamp>
			</report>
			<report>
				<misses>77900001</misses>
				<total>1</total>
				<timestamp>4997.113418</timestamp>
			</report>
			<report>
				<misses>78000001</misses>
				<total>1</total>
				<timestamp>5003.537169</timestamp>
			</report>
			<report>
				<misses>78100001</misses>
				<total>2</total>
				<timestamp>5009.955014</timestamp>
			</report>
			<report>
				<misses>78200001</misses>
				<total>1</total>
				<timestamp>5016.366180</timestamp>
			</report>
			<report>
				<misses>78300001</misses>
				<total>1</total>
				<timestamp>5022.792217</timestamp>
			</report>
			<report>
				<misses>78400001</misses>
				<total>1</total>
				<timestamp>5029.211318</timestamp>
			</report>
			<report>
				<misses>78500001</misses>
				<total>2</total>
				<timestamp>5035.634064</timestamp>
			</report>
			<report>
				<misses>78600001</misses>
				<total>1</total>
				<timestamp>5042.060907</timestamp>
			</report>
			<report>
				<misses>78700001</misses>
				<total>1</total>
				<timestamp>5048.490587</timestamp>
			</report>
			<report>
				<misses>78800001</misses>
				<total>1</total>
				<timestamp>5054.921162</timestamp>
			</report>
			<report>
				<misses>78900001</misses>
				<total>1</total>
				<timestamp>5061.341631</timestamp>
			</report>
			<report>
				<misses>79000001</misses>
				<total>1</total>
				<timestamp>5067.762754</timestamp>
			</report>
			<report>
				<misses>79100001</misses>
				<total>2</total>
				<timestamp>5074.182845</timestamp>
			</report>
			<report>
				<misses>79200001</misses>
				<total>2</total>
				<timestamp>5080.584718</timestamp>
			</report>
			<report>
				<misses>79300001</misses>
				<total>2</total>
				<timestamp>5087.004560</timestamp>
			</report>
			<report>
				<misses>79400001</misses>
				<total>2</total>
				<timestamp>5093.433380</timestamp>
			</report>
			<report>
				<misses>79500001</misses>
				<total>2</total>
				<timestamp>5099.850047</timestamp>
			</report>
			<report>
				<misses>79600001</misses>
				<total>1</total>
				<timestamp>5106.274702</timestamp>
			</report>
			<report>
				<misses>79700001</misses>
				<total>1</total>
				<timestamp>5112.701363</timestamp>
			</report>
			<report>
				<misses>79800001</misses>
				<total>2</total>
				<timestamp>5119.136573</timestamp>
			</report>
			<report>
				<misses>79900001</misses>
				<total>2</total>
				<timestamp>5125.561803</timestamp>
			</report>
			<report>
				<misses>80000001</misses>
				<total>1</total>
				<timestamp>5131.986374</timestamp>
			</report>
			<report>
				<misses>80100001</misses>
				<total>2</total>
				<timestamp>5138.408944</timestamp>
			</report>
			<report>
				<misses>80200001</misses>
				<total>1</total>
				<timestamp>5144.816421</timestamp>
			</report>
			<report>
				<misses>80300001</misses>
				<total>1</total>
				<timestamp>5151.241474</timestamp>
			</report>
			<report>
				<misses>80400001</misses>
				<total>1</total>
				<timestamp>5157.655338</timestamp>
			</report>
			<report>
				<misses>80500001</misses>
				<total>1</total>
				<timestamp>5164.079813</timestamp>
			</report>
			<report>
				<misses>80600001</misses>
				<total>2</total>
				<timestamp>5170.497184</timestamp>
			</report>
			<report>
				<misses>80700001</misses>
				<total>1</total>
				<timestamp>5176.915657</timestamp>
			</report>
			<report>
				<misses>80800001</misses>
				<total>1</total>
				<timestamp>5183.337567</timestamp>
			</report>
			<report>
				<misses>80900001</misses>
				<total>1</total>
				<timestamp>5189.748617</timestamp>
			</report>
			<report>
				<misses>81000001</misses>
				<total>1</total>
				<timestamp>5196.160864</timestamp>
			</report>
			<report>
				<misses>81100001</misses>
				<total>1</total>
				<timestamp>5202.586632</timestamp>
			</report>
			<report>
				<misses>81200001</misses>
				<total>1</total>
				<timestamp>5209.005319</timestamp>
			</report>
			<report>
				<misses>81300001</misses>
				<total>1</total>
				<timestamp>5215.428063</timestamp>
			</report>
			<report>
				<misses>81400001</misses>
				<total>1</total>
				<timestamp>5221.857495</timestamp>
			</report>
			<report>
				<misses>81500001</misses>
				<total>1</total>
				<timestamp>5228.286653</timestamp>
			</report>
			<report>
				<misses>81600001</misses>
				<total>2</total>
				<timestamp>5234.706318</timestamp>
			</report>
			<report>
				<misses>81700001</misses>
				<total>2</total>
				<timestamp>5241.136821</timestamp>
			</report>
			<report>
				<misses>81800001</misses>
				<total>1</total>
				<timestamp>5247.553821</timestamp>
			</report>
			<report>
				<misses>81900001</misses>
				<total>2</total>
				<timestamp>5253.965346</timestamp>
			</report>
			<report>
				<misses>82000001</misses>
				<total>1</total>
				<timestamp>5260.374120</timestamp>
			</report>
			<report>
				<misses>82100001</misses>
				<total>2</total>
				<timestamp>5266.781787</timestamp>
			</report>
			<report>
				<misses>82200001</misses>
				<total>2</total>
				<timestamp>5273.192821</timestamp>
			</report>
			<report>
				<misses>82300001</misses>
				<total>1</total>
				<timestamp>5279.620130</timestamp>
			</report>
			<report>
				<misses>82400001</misses>
				<total>1</total>
				<timestamp>5286.026345</timestamp>
			</report>
			<report>
				<misses>82500001</misses>
				<total>2</total>
				<timestamp>5292.425052</timestamp>
			</report>
			<report>
				<misses>82600001</misses>
				<total>1</total>
				<timestamp>5298.852246</timestamp>
			</report>
			<report>
				<misses>82700001</misses>
				<total>1</total>
				<timestamp>5305.261835</timestamp>
			</report>
			<report>
				<misses>82800001</misses>
				<total>2</total>
				<timestamp>5311.680235</timestamp>
			</report>
			<report>
				<misses>82900001</misses>
				<total>2</total>
				<timestamp>5318.096322</timestamp>
			</report>
			<report>
				<misses>83000001</misses>
				<total>2</total>
				<timestamp>5324.505333</timestamp>
			</report>
			<report>
				<misses>83100001</misses>
				<total>2</total>
				<timestamp>5330.902377</timestamp>
			</report>
			<report>
				<misses>83200001</misses>
				<total>2</total>
				<timestamp>5337.321741</timestamp>
			</report>
			<report>
				<misses>83300001</misses>
				<total>1</total>
				<timestamp>5343.734732</timestamp>
			</report>
			<report>
				<misses>83400001</misses>
				<total>1</total>
				<timestamp>5350.134120</timestamp>
			</report>
			<report>
				<misses>83500001</misses>
				<total>2</total>
				<timestamp>5356.539098</timestamp>
			</report>
			<report>
				<misses>83600001</misses>
				<total>2</total>
				<timestamp>5362.950890</timestamp>
			</report>
			<report>
				<misses>83700001</misses>
				<total>0</total>
				<timestamp>5369.367888</timestamp>
			</report>
			<report>
				<misses>83800001</misses>
				<total>2</total>
				<timestamp>5375.777071</timestamp>
			</report>
			<report>
				<misses>83900001</misses>
				<total>1</total>
				<timestamp>5382.179489</timestamp>
			</report>
			<report>
				<misses>84000001</misses>
				<total>1</total>
				<timestamp>5388.570406</timestamp>
			</report>
			<report>
				<misses>84100001</misses>
				<total>1</total>
				<timestamp>5394.991330</timestamp>
			</report>
			<report>
				<misses>84200001</misses>
				<total>2</total>
				<timestamp>5401.396807</timestamp>
			</report>
			<report>
				<misses>84300001</misses>
				<total>2</total>
				<timestamp>5407.813103</timestamp>
			</report>
			<report>
				<misses>84400001</misses>
				<total>1</total>
				<timestamp>5414.226147</timestamp>
			</report>
			<report>
				<misses>84500001</misses>
				<total>2</total>
				<timestamp>5420.631752</timestamp>
			</report>
			<report>
				<misses>84600001</misses>
				<total>2</total>
				<timestamp>5427.044123</timestamp>
			</report>
			<report>
				<misses>84700001</misses>
				<total>1</total>
				<timestamp>5433.449583</timestamp>
			</report>
			<report>
				<misses>84800001</misses>
				<total>1</total>
				<timestamp>5439.862713</timestamp>
			</report>
			<report>
				<misses>84900001</misses>
				<total>2</total>
				<timestamp>5446.276545</timestamp>
			</report>
			<report>
				<misses>85000001</misses>
				<total>1</total>
				<timestamp>5452.689674</timestamp>
			</report>
			<report>
				<misses>85100001</misses>
				<total>1</total>
				<timestamp>5459.113331</timestamp>
			</report>
			<report>
				<misses>85200001</misses>
				<total>1</total>
				<timestamp>5465.534943</timestamp>
			</report>
			<report>
				<misses>85300001</misses>
				<total>0</total>
				<timestamp>5471.945362</timestamp>
			</report>
			<report>
				<misses>85400001</misses>
				<total>2</total>
				<timestamp>5478.355703</timestamp>
			</report>
			<report>
				<misses>85500001</misses>
				<total>1</total>
				<timestamp>5484.777585</timestamp>
			</report>
			<report>
				<misses>85600001</misses>
				<total>2</total>
				<timestamp>5491.189455</timestamp>
			</report>
			<report>
				<misses>85700001</misses>
				<total>2</total>
				<timestamp>5497.598430</timestamp>
			</report>
			<report>
				<misses>85800001</misses>
				<total>2</total>
				<timestamp>5503.990399</timestamp>
			</report>
			<report>
				<misses>85900001</misses>
				<total>1</total>
				<timestamp>5510.388395</timestamp>
			</report>
			<report>
				<misses>86000001</misses>
				<total>1</total>
				<timestamp>5516.804345</timestamp>
			</report>
			<report>
				<misses>86100001</misses>
				<total>0</total>
				<timestamp>5523.232946</timestamp>
			</report>
			<report>
				<misses>86200001</misses>
				<total>1</total>
				<timestamp>5529.639179</timestamp>
			</report>
			<report>
				<misses>86300001</misses>
				<total>2</total>
				<timestamp>5536.055073</timestamp>
			</report>
			<report>
				<misses>86400001</misses>
				<total>1</total>
				<timestamp>5542.467079</timestamp>
			</report>
			<report>
				<misses>86500001</misses>
				<total>0</total>
				<timestamp>5548.873307</timestamp>
			</report>
			<report>
				<misses>86600001</misses>
				<total>1</total>
				<timestamp>5555.277430</timestamp>
			</report>
			<report>
				<misses>86700001</misses>
				<total>1</total>
				<timestamp>5561.693466</timestamp>
			</report>
			<report>
				<misses>86800001</misses>
				<total>1</total>
				<timestamp>5568.094715</timestamp>
			</report>
			<report>
				<misses>86900001</misses>
				<total>2</total>
				<timestamp>5574.503495</timestamp>
			</report>
			<report>
				<misses>87000001</misses>
				<total>2</total>
				<timestamp>5580.914583</timestamp>
			</report>
			<report>
				<misses>87100001</misses>
				<total>1</total>
				<timestamp>5587.321711</timestamp>
			</report>
			<report>
				<misses>87200001</misses>
				<total>1</total>
				<timestamp>5593.738464</timestamp>
			</report>
			<report>
				<misses>87300001</misses>
				<total>2</total>
				<timestamp>5600.150667</timestamp>
			</report>
			<report>
				<misses>87400001</misses>
				<total>1</total>
				<timestamp>5606.538666</timestamp>
			</report>
			<report>
				<misses>87500001</misses>
				<total>1</total>
				<timestamp>5612.955713</timestamp>
			</report>
			<report>
				<misses>87600001</misses>
				<total>1</total>
				<timestamp>5619.388338</timestamp>
			</report>
			<report>
				<misses>87700001</misses>
				<total>1</total>
				<timestamp>5625.791324</timestamp>
			</report>
			<report>
				<misses>87800001</misses>
				<total>2</total>
				<timestamp>5632.208651</timestamp>
			</report>
			<report>
				<misses>87900001</misses>
				<total>1</total>
				<timestamp>5638.617083</timestamp>
			</report>
			<report>
				<misses>88000001</misses>
				<total>1</total>
				<timestamp>5645.027411</timestamp>
			</report>
			<report>
				<misses>88100001</misses>
				<total>1</total>
				<timestamp>5651.460185</timestamp>
			</report>
			<report>
				<misses>88200001</misses>
				<total>2</total>
				<timestamp>5657.887791</timestamp>
			</report>
			<report>
				<misses>88300001</misses>
				<total>1</total>
				<timestamp>5664.305643</timestamp>
			</report>
			<report>
				<misses>88400001</misses>
				<total>0</total>
				<timestamp>5670.718652</timestamp>
			</report>
			<report>
				<misses>88500001</misses>
				<total>2</total>
				<timestamp>5677.135401</timestamp>
			</report>
			<report>
				<misses>88600001</misses>
				<total>1</total>
				<timestamp>5683.561582</timestamp>
			</report>
			<report>
				<misses>88700001</misses>
				<total>1</total>
				<timestamp>5689.985707</timestamp>
			</report>
			<report>
				<misses>88800001</misses>
				<total>2</total>
				<timestamp>5696.414832</timestamp>
			</report>
			<report>
				<misses>88900001</misses>
				<total>0</total>
				<timestamp>5702.831930</timestamp>
			</report>
			<report>
				<misses>89000001</misses>
				<total>1</total>
				<timestamp>5709.256422</timestamp>
			</report>
			<report>
				<misses>89100001</misses>
				<total>1</total>
				<timestamp>5715.688190</timestamp>
			</report>
			<report>
				<misses>89200001</misses>
				<total>1</total>
				<timestamp>5722.106200</timestamp>
			</report>
			<report>
				<misses>89300001</misses>
				<total>1</total>
				<timestamp>5728.516078</timestamp>
			</report>
			<report>
				<misses>89400001</misses>
				<total>2</total>
				<timestamp>5734.940723</timestamp>
			</report>
			<report>
				<misses>89500001</misses>
				<total>2</total>
				<timestamp>5741.348535</timestamp>
			</report>
			<report>
				<misses>89600001</misses>
				<total>2</total>
				<timestamp>5747.766998</timestamp>
			</report>
			<report>
				<misses>89700001</misses>
				<total>2</total>
				<timestamp>5754.182784</timestamp>
			</report>
			<report>
				<misses>89800001</misses>
				<total>1</total>
				<timestamp>5760.601011</timestamp>
			</report>
			<report>
				<misses>89900001</misses>
				<total>2</total>
				<timestamp>5767.002292</timestamp>
			</report>
			<report>
				<misses>90000001</misses>
				<total>2</total>
				<timestamp>5773.415319</timestamp>
			</report>
			<report>
				<misses>90100001</misses>
				<total>0</total>
				<timestamp>5779.838066</timestamp>
			</report>
			<report>
				<misses>90200001</misses>
				<total>1</total>
				<timestamp>5786.255951</timestamp>
			</report>
			<report>
				<misses>90300001</misses>
				<total>1</total>
				<timestamp>5792.669766</timestamp>
			</report>
			<report>
				<misses>90400001</misses>
				<total>2</total>
				<timestamp>5799.075239</timestamp>
			</report>
			<report>
				<misses>90500001</misses>
				<total>1</total>
				<timestamp>5805.482362</timestamp>
			</report>
			<report>
				<misses>90600001</misses>
				<total>1</total>
				<timestamp>5811.888203</timestamp>
			</report>
			<report>
				<misses>90700001</misses>
				<total>2</total>
				<timestamp>5818.288885</timestamp>
			</report>
			<report>
				<misses>90800001</misses>
				<total>1</total>
				<timestamp>5824.692430</timestamp>
			</report>
			<report>
				<misses>90900001</misses>
				<total>1</total>
				<timestamp>5831.092666</timestamp>
			</report>
			<report>
				<misses>91000001</misses>
				<total>1</total>
				<timestamp>5837.496818</timestamp>
			</report>
			<report>
				<misses>91100001</misses>
				<total>2</total>
				<timestamp>5843.903929</timestamp>
			</report>
			<report>
				<misses>91200001</misses>
				<total>2</total>
				<timestamp>5850.327279</timestamp>
			</report>
			<report>
				<misses>91300001</misses>
				<total>2</total>
				<timestamp>5856.735087</timestamp>
			</report>
			<report>
				<misses>91400001</misses>
				<total>2</total>
				<timestamp>5863.162664</timestamp>
			</report>
			<report>
				<misses>91500001</misses>
				<total>1</total>
				<timestamp>5869.568761</timestamp>
			</report>
			<report>
				<misses>91600001</misses>
				<total>1</total>
				<timestamp>5875.981619</timestamp>
			</report>
			<report>
				<misses>91700001</misses>
				<total>1</total>
				<timestamp>5882.412979</timestamp>
			</report>
			<report>
				<misses>91800001</misses>
				<total>2</total>
				<timestamp>5888.819200</timestamp>
			</report>
			<report>
				<misses>91900001</misses>
				<total>2</total>
				<timestamp>5895.207146</timestamp>
			</report>
			<report>
				<misses>92000001</misses>
				<total>2</total>
				<timestamp>5901.614703</timestamp>
			</report>
			<report>
				<misses>92100001</misses>
				<total>1</total>
				<timestamp>5908.028263</timestamp>
			</report>
			<report>
				<misses>92200001</misses>
				<total>2</total>
				<timestamp>5914.439715</timestamp>
			</report>
			<report>
				<misses>92300001</misses>
				<total>2</total>
				<timestamp>5920.852697</timestamp>
			</report>
			<report>
				<misses>92400001</misses>
				<total>2</total>
				<timestamp>5927.274170</timestamp>
			</report>
			<report>
				<misses>92500001</misses>
				<total>2</total>
				<timestamp>5933.680277</timestamp>
			</report>
			<report>
				<misses>92600001</misses>
				<total>2</total>
				<timestamp>5940.101799</timestamp>
			</report>
			<report>
				<misses>92700001</misses>
				<total>1</total>
				<timestamp>5946.498320</timestamp>
			</report>
			<report>
				<misses>92800001</misses>
				<total>1</total>
				<timestamp>5952.910041</timestamp>
			</report>
			<report>
				<misses>92900001</misses>
				<total>2</total>
				<timestamp>5959.332790</timestamp>
			</report>
			<report>
				<misses>93000001</misses>
				<total>1</total>
				<timestamp>5965.739204</timestamp>
			</report>
			<report>
				<misses>93100001</misses>
				<total>1</total>
				<timestamp>5972.146099</timestamp>
			</report>
			<report>
				<misses>93200001</misses>
				<total>2</total>
				<timestamp>5978.571813</timestamp>
			</report>
			<report>
				<misses>93300001</misses>
				<total>1</total>
				<timestamp>5984.989413</timestamp>
			</report>
			<report>
				<misses>93400001</misses>
				<total>2</total>
				<timestamp>5991.398408</timestamp>
			</report>
			<report>
				<misses>93500001</misses>
				<total>1</total>
				<timestamp>5997.817447</timestamp>
			</report>
			<report>
				<misses>93600001</misses>
				<total>2</total>
				<timestamp>6004.209286</timestamp>
			</report>
			<report>
				<misses>93700001</misses>
				<total>1</total>
				<timestamp>6010.575294</timestamp>
			</report>
			<report>
				<misses>93800001</misses>
				<total>2</total>
				<timestamp>6016.988692</timestamp>
			</report>
			<report>
				<misses>93900001</misses>
				<total>1</total>
				<timestamp>6023.404053</timestamp>
			</report>
			<report>
				<misses>94000001</misses>
				<total>1</total>
				<timestamp>6029.817981</timestamp>
			</report>
			<report>
				<misses>94100001</misses>
				<total>2</total>
				<timestamp>6036.234070</timestamp>
			</report>
			<report>
				<misses>94200001</misses>
				<total>2</total>
				<timestamp>6042.646877</timestamp>
			</report>
			<report>
				<misses>94300001</misses>
				<total>2</total>
				<timestamp>6049.058960</timestamp>
			</report>
			<report>
				<misses>94400001</misses>
				<total>2</total>
				<timestamp>6055.487029</timestamp>
			</report>
			<report>
				<misses>94500001</misses>
				<total>2</total>
				<timestamp>6061.879602</timestamp>
			</report>
			<report>
				<misses>94600001</misses>
				<total>1</total>
				<timestamp>6068.294860</timestamp>
			</report>
			<report>
				<misses>94700001</misses>
				<total>1</total>
				<timestamp>6074.711266</timestamp>
			</report>
			<report>
				<misses>94800001</misses>
				<total>2</total>
				<timestamp>6081.123527</timestamp>
			</report>
			<report>
				<misses>94900001</misses>
				<total>2</total>
				<timestamp>6087.532214</timestamp>
			</report>
			<report>
				<misses>95000001</misses>
				<total>2</total>
				<timestamp>6093.939149</timestamp>
			</report>
			<report>
				<misses>95100001</misses>
				<total>2</total>
				<timestamp>6100.337823</timestamp>
			</report>
			<report>
				<misses>95200001</misses>
				<total>1</total>
				<timestamp>6106.753546</timestamp>
			</report>
			<report>
				<misses>95300001</misses>
				<total>1</total>
				<timestamp>6113.166666</timestamp>
			</report>
			<report>
				<misses>95400001</misses>
				<total>2</total>
				<timestamp>6119.577031</timestamp>
			</report>
			<report>
				<misses>95500001</misses>
				<total>1</total>
				<timestamp>6125.971210</timestamp>
			</report>
			<report>
				<misses>95600001</misses>
				<total>1</total>
				<timestamp>6132.371261</timestamp>
			</report>
			<report>
				<misses>95700001</misses>
				<total>1</total>
				<timestamp>6138.773646</timestamp>
			</report>
			<report>
				<misses>95800001</misses>
				<total>2</total>
				<timestamp>6145.198094</timestamp>
			</report>
			<report>
				<misses>95900001</misses>
				<total>1</total>
				<timestamp>6151.612424</timestamp>
			</report>
			<report>
				<misses>96000001</misses>
				<total>1</total>
				<timestamp>6158.034007</timestamp>
			</report>
			<report>
				<misses>96100001</misses>
				<total>2</total>
				<timestamp>6164.453532</timestamp>
			</report>
			<report>
				<misses>96200001</misses>
				<total>1</total>
				<timestamp>6170.881616</timestamp>
			</report>
			<report>
				<misses>96300001</misses>
				<total>1</total>
				<timestamp>6177.276909</timestamp>
			</report>
			<report>
				<misses>96400001</misses>
				<total>1</total>
				<timestamp>6183.694870</timestamp>
			</report>
			<report>
				<misses>96500001</misses>
				<total>2</total>
				<timestamp>6190.111955</timestamp>
			</report>
			<report>
				<misses>96600001</misses>
				<total>2</total>
				<timestamp>6196.542669</timestamp>
			</report>
			<report>
				<misses>96700001</misses>
				<total>2</total>
				<timestamp>6202.962562</timestamp>
			</report>
			<report>
				<misses>96800001</misses>
				<total>1</total>
				<timestamp>6209.374783</timestamp>
			</report>
			<report>
				<misses>96900001</misses>
				<total>2</total>
				<timestamp>6215.790503</timestamp>
			</report>
			<report>
				<misses>97000001</misses>
				<total>2</total>
				<timestamp>6222.208285</timestamp>
			</report>
			<report>
				<misses>97100001</misses>
				<total>1</total>
				<timestamp>6228.619102</timestamp>
			</report>
			<report>
				<misses>97200001</misses>
				<total>1</total>
				<timestamp>6235.036634</timestamp>
			</report>
			<report>
				<misses>97300001</misses>
				<total>2</total>
				<timestamp>6241.451448</timestamp>
			</report>
			<report>
				<misses>97400001</misses>
				<total>2</total>
				<timestamp>6247.870362</timestamp>
			</report>
			<report>
				<misses>97500001</misses>
				<total>2</total>
				<timestamp>6254.280114</timestamp>
			</report>
			<report>
				<misses>97600001</misses>
				<total>1</total>
				<timestamp>6260.695727</timestamp>
			</report>
			<report>
				<misses>97700001</misses>
				<total>2</total>
				<timestamp>6267.103180</timestamp>
			</report>
			<report>
				<misses>97800001</misses>
				<total>2</total>
				<timestamp>6273.505162</timestamp>
			</report>
			<report>
				<misses>97900001</misses>
				<total>2</total>
				<timestamp>6279.899430</timestamp>
			</report>
			<report>
				<misses>98000001</misses>
				<total>2</total>
				<timestamp>6286.312458</timestamp>
			</report>
			<report>
				<misses>98100001</misses>
				<total>2</total>
				<timestamp>6292.712057</timestamp>
			</report>
			<report>
				<misses>98200001</misses>
				<total>2</total>
				<timestamp>6299.108953</timestamp>
			</report>
			<report>
				<misses>98300001</misses>
				<total>1</total>
				<timestamp>6305.493729</timestamp>
			</report>
			<report>
				<misses>98400001</misses>
				<total>1</total>
				<timestamp>6311.884722</timestamp>
			</report>
			<report>
				<misses>98500001</misses>
				<total>0</total>
				<timestamp>6318.298222</timestamp>
			</report>
			<report>
				<misses>98600001</misses>
				<total>1</total>
				<timestamp>6324.693642</timestamp>
			</report>
			<report>
				<misses>98700001</misses>
				<total>1</total>
				<timestamp>6331.111983</timestamp>
			</report>
			<report>
				<misses>98800001</misses>
				<total>1</total>
				<timestamp>6337.494486</timestamp>
			</report>
			<report>
				<misses>98900001</misses>
				<total>2</total>
				<timestamp>6343.897140</timestamp>
			</report>
			<report>
				<misses>99000001</misses>
				<total>0</total>
				<timestamp>6350.327404</timestamp>
			</report>
			<report>
				<misses>99100001</misses>
				<total>2</total>
				<timestamp>6356.747424</timestamp>
			</report>
			<report>
				<misses>99200001</misses>
				<total>1</total>
				<timestamp>6363.139272</timestamp>
			</report>
			<report>
				<misses>99300001</misses>
				<total>2</total>
				<timestamp>6369.553680</timestamp>
			</report>
			<report>
				<misses>99400001</misses>
				<total>1</total>
				<timestamp>6375.965479</timestamp>
			</report>
			<report>
				<misses>99500001</misses>
				<total>1</total>
				<timestamp>6382.371273</timestamp>
			</report>
			<report>
				<misses>99600001</misses>
				<total>2</total>
				<timestamp>6388.777262</timestamp>
			</report>
			<report>
				<misses>99700001</misses>
				<total>2</total>
				<timestamp>6395.198363</timestamp>
			</report>
			<report>
				<misses>99800001</misses>
				<total>1</total>
				<timestamp>6401.617329</timestamp>
			</report>
			<report>
				<misses>99900001</misses>
				<total>1</total>
				<timestamp>6408.019839</timestamp>
			</report>
			<report>
				<misses>100000001</misses>
				<total>2</total>
				<timestamp>6414.447945</timestamp>
			</report>
			<report>
				<misses>100100001</misses>
				<total>2</total>
				<timestamp>6420.852887</timestamp>
			</report>
			<report>
				<misses>100200001</misses>
				<total>2</total>
				<timestamp>6427.263593</timestamp>
			</report>
			<report>
				<misses>100300001</misses>
				<total>2</total>
				<timestamp>6433.697579</timestamp>
			</report>
			<report>
				<misses>100400001</misses>
				<total>2</total>
				<timestamp>6440.077691</timestamp>
			</report>
			<report>
				<misses>100500001</misses>
				<total>2</total>
				<timestamp>6446.492322</timestamp>
			</report>
			<report>
				<misses>100600001</misses>
				<total>1</total>
				<timestamp>6452.907292</timestamp>
			</report>
			<report>
				<misses>100700001</misses>
				<total>1</total>
				<timestamp>6459.326964</timestamp>
			</report>
			<report>
				<misses>100800001</misses>
				<total>1</total>
				<timestamp>6465.735075</timestamp>
			</report>
			<report>
				<misses>100900001</misses>
				<total>1</total>
				<timestamp>6472.153347</timestamp>
			</report>
			<report>
				<misses>101000001</misses>
				<total>1</total>
				<timestamp>6478.548123</timestamp>
			</report>
			<report>
				<misses>101100001</misses>
				<total>1</total>
				<timestamp>6484.958680</timestamp>
			</report>
			<report>
				<misses>101200001</misses>
				<total>1</total>
				<timestamp>6491.367845</timestamp>
			</report>
			<report>
				<misses>101300001</misses>
				<total>2</total>
				<timestamp>6497.774068</timestamp>
			</report>
			<report>
				<misses>101400001</misses>
				<total>2</total>
				<timestamp>6504.173189</timestamp>
			</report>
			<report>
				<misses>101500001</misses>
				<total>2</total>
				<timestamp>6510.577054</timestamp>
			</report>
			<report>
				<misses>101600001</misses>
				<total>1</total>
				<timestamp>6516.974564</timestamp>
			</report>
			<report>
				<misses>101700001</misses>
				<total>2</total>
				<timestamp>6523.390689</timestamp>
			</report>
			<report>
				<misses>101800001</misses>
				<total>2</total>
				<timestamp>6529.814022</timestamp>
			</report>
			<report>
				<misses>101900001</misses>
				<total>1</total>
				<timestamp>6536.214579</timestamp>
			</report>
			<report>
				<misses>102000001</misses>
				<total>1</total>
				<timestamp>6542.633299</timestamp>
			</report>
			<report>
				<misses>102100001</misses>
				<total>2</total>
				<timestamp>6549.044164</timestamp>
			</report>
			<report>
				<misses>102200001</misses>
				<total>2</total>
				<timestamp>6555.445175</timestamp>
			</report>
			<report>
				<misses>102300001</misses>
				<total>1</total>
				<timestamp>6561.822831</timestamp>
			</report>
			<report>
				<misses>102400001</misses>
				<total>2</total>
				<timestamp>6568.227139</timestamp>
			</report>
			<report>
				<misses>102500001</misses>
				<total>1</total>
				<timestamp>6574.644397</timestamp>
			</report>
			<report>
				<misses>102600001</misses>
				<total>2</total>
				<timestamp>6581.062389</timestamp>
			</report>
			<report>
				<misses>102700001</misses>
				<total>0</total>
				<timestamp>6587.479724</timestamp>
			</report>
			<report>
				<misses>102800001</misses>
				<total>1</total>
				<timestamp>6593.896773</timestamp>
			</report>
			<report>
				<misses>102900001</misses>
				<total>2</total>
				<timestamp>6600.302966</timestamp>
			</report>
			<report>
				<misses>103000001</misses>
				<total>2</total>
				<timestamp>6606.700294</timestamp>
			</report>
			<report>
				<misses>103100001</misses>
				<total>1</total>
				<timestamp>6613.126649</timestamp>
			</report>
			<report>
				<misses>103200001</misses>
				<total>2</total>
				<timestamp>6619.513294</timestamp>
			</report>
			<report>
				<misses>103300001</misses>
				<total>1</total>
				<timestamp>6625.902712</timestamp>
			</report>
			<report>
				<misses>103400001</misses>
				<total>1</total>
				<timestamp>6632.303550</timestamp>
			</report>
			<report>
				<misses>103500001</misses>
				<total>1</total>
				<timestamp>6638.708367</timestamp>
			</report>
			<report>
				<misses>103600001</misses>
				<total>2</total>
				<timestamp>6645.134804</timestamp>
			</report>
			<report>
				<misses>103700001</misses>
				<total>0</total>
				<timestamp>6651.568467</timestamp>
			</report>
			<report>
				<misses>103800001</misses>
				<total>2</total>
				<timestamp>6657.986817</timestamp>
			</report>
			<report>
				<misses>103900001</misses>
				<total>1</total>
				<timestamp>6664.416739</timestamp>
			</report>
			<report>
				<misses>104000001</misses>
				<total>1</total>
				<timestamp>6670.829629</timestamp>
			</report>
			<report>
				<misses>104100001</misses>
				<total>1</total>
				<timestamp>6677.234280</timestamp>
			</report>
			<report>
				<misses>104200001</misses>
				<total>1</total>
				<timestamp>6683.658882</timestamp>
			</report>
			<report>
				<misses>104300001</misses>
				<total>2</total>
				<timestamp>6690.063601</timestamp>
			</report>
			<report>
				<misses>104400001</misses>
				<total>2</total>
				<timestamp>6696.473679</timestamp>
			</report>
			<report>
				<misses>104500001</misses>
				<total>2</total>
				<timestamp>6702.861730</timestamp>
			</report>
			<report>
				<misses>104600001</misses>
				<total>2</total>
				<timestamp>6709.276793</timestamp>
			</report>
			<report>
				<misses>104700001</misses>
				<total>2</total>
				<timestamp>6715.681457</timestamp>
			</report>
			<report>
				<misses>104800001</misses>
				<total>2</total>
				<timestamp>6722.078255</timestamp>
			</report>
			<report>
				<misses>104900001</misses>
				<total>0</total>
				<timestamp>6728.500405</timestamp>
			</report>
			<report>
				<misses>105000001</misses>
				<total>2</total>
				<timestamp>6734.901039</timestamp>
			</report>
			<report>
				<misses>105100001</misses>
				<total>1</total>
				<timestamp>6741.315169</timestamp>
			</report>
			<report>
				<misses>105200001</misses>
				<total>1</total>
				<timestamp>6747.731937</timestamp>
			</report>
			<report>
				<misses>105300001</misses>
				<total>0</total>
				<timestamp>6754.145940</timestamp>
			</report>
			<report>
				<misses>105400001</misses>
				<total>2</total>
				<timestamp>6760.563676</timestamp>
			</report>
			<report>
				<misses>105500001</misses>
				<total>1</total>
				<timestamp>6766.983338</timestamp>
			</report>
			<report>
				<misses>105600001</misses>
				<total>2</total>
				<timestamp>6773.415057</timestamp>
			</report>
			<report>
				<misses>105700001</misses>
				<total>1</total>
				<timestamp>6779.820325</timestamp>
			</report>
			<report>
				<misses>105800001</misses>
				<total>1</total>
				<timestamp>6786.245562</timestamp>
			</report>
			<report>
				<misses>105900001</misses>
				<total>1</total>
				<timestamp>6792.654248</timestamp>
			</report>
			<report>
				<misses>106000001</misses>
				<total>1</total>
				<timestamp>6799.065728</timestamp>
			</report>
			<report>
				<misses>106100001</misses>
				<total>1</total>
				<timestamp>6805.470165</timestamp>
			</report>
			<report>
				<misses>106200001</misses>
				<total>2</total>
				<timestamp>6811.880032</timestamp>
			</report>
			<report>
				<misses>106300001</misses>
				<total>2</total>
				<timestamp>6818.298332</timestamp>
			</report>
			<report>
				<misses>106400001</misses>
				<total>2</total>
				<timestamp>6824.718435</timestamp>
			</report>
			<report>
				<misses>106500001</misses>
				<total>2</total>
				<timestamp>6831.142629</timestamp>
			</report>
			<report>
				<misses>106600001</misses>
				<total>2</total>
				<timestamp>6837.557104</timestamp>
			</report>
			<report>
				<misses>106700001</misses>
				<total>2</total>
				<timestamp>6843.976961</timestamp>
			</report>
			<report>
				<misses>106800001</misses>
				<total>1</total>
				<timestamp>6850.406209</timestamp>
			</report>
			<report>
				<misses>106900001</misses>
				<total>1</total>
				<timestamp>6856.819378</timestamp>
			</report>
			<report>
				<misses>107000001</misses>
				<total>1</total>
				<timestamp>6863.231770</timestamp>
			</report>
			<report>
				<misses>107100001</misses>
				<total>1</total>
				<timestamp>6869.628439</timestamp>
			</report>
			<report>
				<misses>107200001</misses>
				<total>2</total>
				<timestamp>6876.023570</timestamp>
			</report>
			<report>
				<misses>107300001</misses>
				<total>2</total>
				<timestamp>6882.434980</timestamp>
			</report>
			<report>
				<misses>107400001</misses>
				<total>1</total>
				<timestamp>6888.840195</timestamp>
			</report>
			<report>
				<misses>107500001</misses>
				<total>1</total>
				<timestamp>6895.247779</timestamp>
			</report>
			<report>
				<misses>107600001</misses>
				<total>1</total>
				<timestamp>6901.678702</timestamp>
			</report>
			<report>
				<misses>107700001</misses>
				<total>2</total>
				<timestamp>6908.091134</timestamp>
			</report>
			<report>
				<misses>107800001</misses>
				<total>2</total>
				<timestamp>6914.485147</timestamp>
			</report>
			<report>
				<misses>107900001</misses>
				<total>1</total>
				<timestamp>6920.897541</timestamp>
			</report>
			<report>
				<misses>108000001</misses>
				<total>2</total>
				<timestamp>6927.285164</timestamp>
			</report>
			<report>
				<misses>108100001</misses>
				<total>2</total>
				<timestamp>6933.724825</timestamp>
			</report>
			<report>
				<misses>108200001</misses>
				<total>1</total>
				<timestamp>6940.149532</timestamp>
			</report>
			<report>
				<misses>108300001</misses>
				<total>1</total>
				<timestamp>6946.577542</timestamp>
			</report>
			<report>
				<misses>108400001</misses>
				<total>2</total>
				<timestamp>6952.990992</timestamp>
			</report>
			<report>
				<misses>108500001</misses>
				<total>2</total>
				<timestamp>6959.404080</timestamp>
			</report>
			<report>
				<misses>108600001</misses>
				<total>1</total>
				<timestamp>6965.830577</timestamp>
			</report>
			<report>
				<misses>108700001</misses>
				<total>1</total>
				<timestamp>6972.262652</timestamp>
			</report>
			<report>
				<misses>108800001</misses>
				<total>2</total>
				<timestamp>6978.703649</timestamp>
			</report>
			<report>
				<misses>108900001</misses>
				<total>2</total>
				<timestamp>6985.122870</timestamp>
			</report>
			<report>
				<misses>109000001</misses>
				<total>1</total>
				<timestamp>6991.548324</timestamp>
			</report>
			<report>
				<misses>109100001</misses>
				<total>1</total>
				<timestamp>6997.981943</timestamp>
			</report>
			<report>
				<misses>109200001</misses>
				<total>1</total>
				<timestamp>7004.408687</timestamp>
			</report>
			<report>
				<misses>109300001</misses>
				<total>0</total>
				<timestamp>7010.839392</timestamp>
			</report>
			<report>
				<misses>109400001</misses>
				<total>1</total>
				<timestamp>7017.259263</timestamp>
			</report>
			<report>
				<misses>109500001</misses>
				<total>1</total>
				<timestamp>7023.677469</timestamp>
			</report>
			<report>
				<misses>109600001</misses>
				<total>1</total>
				<timestamp>7030.081630</timestamp>
			</report>
			<report>
				<misses>109700001</misses>
				<total>0</total>
				<timestamp>7036.477516</timestamp>
			</report>
			<report>
				<misses>109800001</misses>
				<total>2</total>
				<timestamp>7042.909684</timestamp>
			</report>
			<report>
				<misses>109900001</misses>
				<total>2</total>
				<timestamp>7049.325959</timestamp>
			</report>
			<report>
				<misses>110000001</misses>
				<total>1</total>
				<timestamp>7055.727284</timestamp>
			</report>
			<report>
				<misses>110100001</misses>
				<total>1</total>
				<timestamp>7062.136568</timestamp>
			</report>
			<report>
				<misses>110200001</misses>
				<total>1</total>
				<timestamp>7068.556795</timestamp>
			</report>
			<report>
				<misses>110300001</misses>
				<total>2</total>
				<timestamp>7074.949628</timestamp>
			</report>
			<report>
				<misses>110400001</misses>
				<total>1</total>
				<timestamp>7081.367844</timestamp>
			</report>
			<report>
				<misses>110500001</misses>
				<total>1</total>
				<timestamp>7087.762257</timestamp>
			</report>
			<report>
				<misses>110600001</misses>
				<total>1</total>
				<timestamp>7094.165925</timestamp>
			</report>
			<report>
				<misses>110700001</misses>
				<total>2</total>
				<timestamp>7100.582606</timestamp>
			</report>
			<report>
				<misses>110800001</misses>
				<total>1</total>
				<timestamp>7107.013414</timestamp>
			</report>
			<report>
				<misses>110900001</misses>
				<total>0</total>
				<timestamp>7113.414374</timestamp>
			</report>
			<report>
				<misses>111000001</misses>
				<total>2</total>
				<timestamp>7119.825311</timestamp>
			</report>
			<report>
				<misses>111100001</misses>
				<total>1</total>
				<timestamp>7126.258185</timestamp>
			</report>
			<report>
				<misses>111200001</misses>
				<total>1</total>
				<timestamp>7132.675905</timestamp>
			</report>
			<report>
				<misses>111300001</misses>
				<total>2</total>
				<timestamp>7139.084099</timestamp>
			</report>
			<report>
				<misses>111400001</misses>
				<total>1</total>
				<timestamp>7145.487595</timestamp>
			</report>
			<report>
				<misses>111500001</misses>
				<total>1</total>
				<timestamp>7151.898033</timestamp>
			</report>
			<report>
				<misses>111600001</misses>
				<total>2</total>
				<timestamp>7158.327512</timestamp>
			</report>
			<report>
				<misses>111700001</misses>
				<total>2</total>
				<timestamp>7164.738723</timestamp>
			</report>
			<report>
				<misses>111800001</misses>
				<total>1</total>
				<timestamp>7171.165718</timestamp>
			</report>
			<report>
				<misses>111900001</misses>
				<total>2</total>
				<timestamp>7177.589743</timestamp>
			</report>
			<report>
				<misses>112000001</misses>
				<total>1</total>
				<timestamp>7184.022713</timestamp>
			</report>
			<report>
				<misses>112100001</misses>
				<total>1</total>
				<timestamp>7190.442368</timestamp>
			</report>
			<report>
				<misses>112200001</misses>
				<total>1</total>
				<timestamp>7196.864465</timestamp>
			</report>
		</query>
	</custom>
	<ethtool_statistic>
		<rx_packets>
			<start>19843</start>
			<end>21402</end>
		</rx_packets>
		<tx_packets>
			<start>1883079116</start>
			<end>2781058034</end>
		</tx_packets>
		<rx_dropped>
			<start>0</start>
			<end>0</end>
		</rx_dropped>
		<tx_dropped>
			<start>0</start>
			<end>0</end>
		</tx_dropped>
		<collisions>
			<start>0</start>
			<end>0</end>
		</collisions>
		<port_tx_errors>
			<start>-1</start>
			<end>-1</end>
		</port_tx_errors>
		<port_rx_dropped>
			<start>-1</start>
			<end>-1</end>
		</port_rx_dropped>
		<port_tx_dropped_link_down>
			<start>-1</start>
			<end>-1</end>
		</port_tx_dropped_link_down>
	</ethtool_statistic>
	<ip_statistic>
		<mtu>
			<start>9000</start>
			<end>9000</end>
		</mtu>
		<rx_bytes>
			<start>1216911</start>
			<end>1315514</end>
		</rx_bytes>
		<rx_packets>
			<start>19843</start>
			<end>21402</end>
		</rx_packets>
		<rx_errors>
			<start>0</start>
			<end>0</end>
		</rx_errors>
		<rx_dropped>
			<start>0</start>
			<end>0</end>
		</rx_dropped>
		<rx_missed>
			<start>0</start>
			<end>0</end>
		</rx_missed>
		<rx_mcast>
			<start>105</start>
			<end>118</end>
		</rx_mcast>
		<tx_bytes>
			<start>6987983810820</start>
			<end>14315479143266</end>
		</tx_bytes>
		<tx_packets>
			<start>1883079116</start>
			<end>2781058034</end>
		</tx_packets>
		<tx_errors>
			<start>0</start>
			<end>0</end>
		</tx_errors>
		<tx_dropped>
			<start>0</start>
			<end>0</end>
		</tx_dropped>
		<tx_carrier>
			<start>0</start>
			<end>0</end>
		</tx_carrier>
		<tx_collisions>
			<start>0</start>
			<end>0</end>
		</tx_collisions>
	</ip_statistic>
	<netstat_statistic>
		<udp_pkg_rec>
			<start>98729</start>
			<end>138841</end>
		</udp_pkg_rec>
		<udp_pkg_snt>
			<start>1883158034</start>
			<end>1995445307</end>
		</udp_pkg_snt>
		<udp_rec_err>
			<start>0</start>
			<end>0</end>
		</udp_rec_err>
		<udp_rec_buf_err>
			<start>0</start>
			<end>0</end>
		</udp_rec_buf_err>
		<udp_snt_buf_err>
			<start>0</start>
			<end>0</end>
		</udp_snt_buf_err>
	</netstat_statistic>
</test_results>
