<?xml version="1.0"?>
<test_results>
	<status>STATUS_SUCCESS</status>
	<custom>
		<num_loss>51</num_loss>
		<num_total>21186001</num_total>
		<num_misses>5</num_misses>
		<elapsed_time>6984.390550</elapsed_time>
		<query>
			<report>
				<misses>1001</misses>
				<total>0</total>
				<timestamp>0.329939</timestamp>
			</report>
			<report>
				<misses>2001</misses>
				<total>0</total>
				<timestamp>0.659590</timestamp>
			</report>
			<report>
				<misses>3001</misses>
				<total>0</total>
				<timestamp>0.989270</timestamp>
			</report>
			<report>
				<misses>4001</misses>
				<total>0</total>
				<timestamp>1.319028</timestamp>
			</report>
			<report>
				<misses>5001</misses>
				<total>0</total>
				<timestamp>1.648591</timestamp>
			</report>
			<report>
				<misses>6001</misses>
				<total>0</total>
				<timestamp>1.978267</timestamp>
			</report>
			<report>
				<misses>7001</misses>
				<total>0</total>
				<timestamp>2.307952</timestamp>
			</report>
			<report>
				<misses>8001</misses>
				<total>0</total>
				<timestamp>2.637616</timestamp>
			</report>
			<report>
				<misses>9001</misses>
				<total>0</total>
				<timestamp>2.967271</timestamp>
			</report>
			<report>
				<misses>10001</misses>
				<total>0</total>
				<timestamp>3.296976</timestamp>
			</report>
			<report>
				<misses>11001</misses>
				<total>0</total>
				<timestamp>3.626636</timestamp>
			</report>
			<report>
				<misses>12001</misses>
				<total>0</total>
				<timestamp>3.956308</timestamp>
			</report>
			<report>
				<misses>13001</misses>
				<total>0</total>
				<timestamp>4.285990</timestamp>
			</report>
			<report>
				<misses>14001</misses>
				<total>0</total>
				<timestamp>4.615642</timestamp>
			</report>
			<report>
				<misses>15001</misses>
				<total>0</total>
				<timestamp>4.945321</timestamp>
			</report>
			<report>
				<misses>16001</misses>
				<total>0</total>
				<timestamp>5.275025</timestamp>
			</report>
			<report>
				<misses>17001</misses>
				<total>0</total>
				<timestamp>5.604656</timestamp>
			</report>
			<report>
				<misses>18001</misses>
				<total>0</total>
				<timestamp>5.934319</timestamp>
			</report>
			<report>
				<misses>19001</misses>
				<total>0</total>
				<timestamp>6.264084</timestamp>
			</report>
			<report>
				<misses>20001</misses>
				<total>0</total>
				<timestamp>6.593670</timestamp>
			</report>
			<report>
				<misses>21001</misses>
				<total>0</total>
				<timestamp>6.923327</timestamp>
			</report>
			<report>
				<misses>22001</misses>
				<total>0</total>
				<timestamp>7.253006</timestamp>
			</report>
			<report>
				<misses>23001</misses>
				<total>0</total>
				<timestamp>7.582675</timestamp>
			</report>
			<report>
				<misses>24001</misses>
				<total>0</total>
				<timestamp>7.912339</timestamp>
			</report>
			<report>
				<misses>25001</misses>
				<total>0</total>
				<timestamp>8.242019</timestamp>
			</report>
			<report>
				<misses>26001</misses>
				<total>0</total>
				<timestamp>8.571701</timestamp>
			</report>
			<report>
				<misses>27001</misses>
				<total>0</total>
				<timestamp>8.901398</timestamp>
			</report>
			<report>
				<misses>28001</misses>
				<total>0</total>
				<timestamp>9.231033</timestamp>
			</report>
			<report>
				<misses>29001</misses>
				<total>0</total>
				<timestamp>9.560698</timestamp>
			</report>
			<report>
				<misses>30001</misses>
				<total>0</total>
				<timestamp>9.890349</timestamp>
			</report>
			<report>
				<misses>31001</misses>
				<total>0</total>
				<timestamp>10.220035</timestamp>
			</report>
			<report>
				<misses>32001</misses>
				<total>0</total>
				<timestamp>10.549728</timestamp>
			</report>
			<report>
				<misses>33001</misses>
				<total>0</total>
				<timestamp>10.879388</timestamp>
			</report>
			<report>
				<misses>34001</misses>
				<total>0</total>
				<timestamp>11.209039</timestamp>
			</report>
			<report>
				<misses>35001</misses>
				<total>0</total>
				<timestamp>11.538807</timestamp>
			</report>
			<report>
				<misses>36001</misses>
				<total>0</total>
				<timestamp>11.868379</timestamp>
			</report>
			<report>
				<misses>37001</misses>
				<total>0</total>
				<timestamp>12.198139</timestamp>
			</report>
			<report>
				<misses>38001</misses>
				<total>0</total>
				<timestamp>12.527877</timestamp>
			</report>
			<report>
				<misses>39001</misses>
				<total>0</total>
				<timestamp>12.857388</timestamp>
			</report>
			<report>
				<misses>40001</misses>
				<total>0</total>
				<timestamp>13.187054</timestamp>
			</report>
			<report>
				<misses>41001</misses>
				<total>0</total>
				<timestamp>13.516839</timestamp>
			</report>
			<report>
				<misses>42001</misses>
				<total>0</total>
				<timestamp>13.846397</timestamp>
			</report>
			<report>
				<misses>43001</misses>
				<total>0</total>
				<timestamp>14.176106</timestamp>
			</report>
			<report>
				<misses>44001</misses>
				<total>0</total>
				<timestamp>14.505839</timestamp>
			</report>
			<report>
				<misses>45001</misses>
				<total>0</total>
				<timestamp>14.835421</timestamp>
			</report>
			<report>
				<misses>46001</misses>
				<total>0</total>
				<timestamp>15.165079</timestamp>
			</report>
			<report>
				<misses>47001</misses>
				<total>0</total>
				<timestamp>15.494813</timestamp>
			</report>
			<report>
				<misses>48001</misses>
				<total>0</total>
				<timestamp>15.824424</timestamp>
			</report>
			<report>
				<misses>49001</misses>
				<total>0</total>
				<timestamp>16.154126</timestamp>
			</report>
			<report>
				<misses>50001</misses>
				<total>0</total>
				<timestamp>16.483830</timestamp>
			</report>
			<report>
				<misses>51001</misses>
				<total>0</total>
				<timestamp>16.813423</timestamp>
			</report>
			<report>
				<misses>52001</misses>
				<total>0</total>
				<timestamp>17.143106</timestamp>
			</report>
			<report>
				<misses>53001</misses>
				<total>0</total>
				<timestamp>17.472795</timestamp>
			</report>
			<report>
				<misses>54001</misses>
				<total>0</total>
				<timestamp>17.802447</timestamp>
			</report>
			<report>
				<misses>55001</misses>
				<total>0</total>
				<timestamp>18.132222</timestamp>
			</report>
			<report>
				<misses>56001</misses>
				<total>0</total>
				<timestamp>18.461857</timestamp>
			</report>
			<report>
				<misses>57001</misses>
				<total>0</total>
				<timestamp>18.791445</timestamp>
			</report>
			<report>
				<misses>58001</misses>
				<total>0</total>
				<timestamp>19.121135</timestamp>
			</report>
			<report>
				<misses>59001</misses>
				<total>0</total>
				<timestamp>19.450797</timestamp>
			</report>
			<report>
				<misses>60001</misses>
				<total>0</total>
				<timestamp>19.780449</timestamp>
			</report>
			<report>
				<misses>61001</misses>
				<total>0</total>
				<timestamp>20.110139</timestamp>
			</report>
			<report>
				<misses>62001</misses>
				<total>0</total>
				<timestamp>20.439835</timestamp>
			</report>
			<report>
				<misses>63001</misses>
				<total>0</total>
				<timestamp>20.769459</timestamp>
			</report>
			<report>
				<misses>64001</misses>
				<total>0</total>
				<timestamp>21.099160</timestamp>
			</report>
			<report>
				<misses>65001</misses>
				<total>0</total>
				<timestamp>21.428808</timestamp>
			</report>
			<report>
				<misses>66001</misses>
				<total>0</total>
				<timestamp>21.758492</timestamp>
			</report>
			<report>
				<misses>67001</misses>
				<total>0</total>
				<timestamp>22.088198</timestamp>
			</report>
			<report>
				<misses>68001</misses>
				<total>0</total>
				<timestamp>22.417881</timestamp>
			</report>
			<report>
				<misses>69001</misses>
				<total>0</total>
				<timestamp>22.747486</timestamp>
			</report>
			<report>
				<misses>70001</misses>
				<total>0</total>
				<timestamp>23.077162</timestamp>
			</report>
			<report>
				<misses>71001</misses>
				<total>0</total>
				<timestamp>23.406873</timestamp>
			</report>
			<report>
				<misses>72001</misses>
				<total>0</total>
				<timestamp>23.736518</timestamp>
			</report>
			<report>
				<misses>73001</misses>
				<total>0</total>
				<timestamp>24.066161</timestamp>
			</report>
			<report>
				<misses>74001</misses>
				<total>0</total>
				<timestamp>24.395884</timestamp>
			</report>
			<report>
				<misses>75001</misses>
				<total>0</total>
				<timestamp>24.725523</timestamp>
			</report>
			<report>
				<misses>76001</misses>
				<total>0</total>
				<timestamp>25.055174</timestamp>
			</report>
			<report>
				<misses>77001</misses>
				<total>0</total>
				<timestamp>25.384852</timestamp>
			</report>
			<report>
				<misses>78001</misses>
				<total>0</total>
				<timestamp>25.714530</timestamp>
			</report>
			<report>
				<misses>79001</misses>
				<total>0</total>
				<timestamp>26.044184</timestamp>
			</report>
			<report>
				<misses>80001</misses>
				<total>0</total>
				<timestamp>26.373892</timestamp>
			</report>
			<report>
				<misses>81001</misses>
				<total>0</total>
				<timestamp>26.703546</timestamp>
			</report>
			<report>
				<misses>82001</misses>
				<total>0</total>
				<timestamp>27.033186</timestamp>
			</report>
			<report>
				<misses>83001</misses>
				<total>0</total>
				<timestamp>27.362926</timestamp>
			</report>
			<report>
				<misses>84001</misses>
				<total>0</total>
				<timestamp>27.692545</timestamp>
			</report>
			<report>
				<misses>85001</misses>
				<total>0</total>
				<timestamp>28.022215</timestamp>
			</report>
			<report>
				<misses>86001</misses>
				<total>0</total>
				<timestamp>28.351877</timestamp>
			</report>
			<report>
				<misses>87001</misses>
				<total>0</total>
				<timestamp>28.681569</timestamp>
			</report>
			<report>
				<misses>88001</misses>
				<total>1</total>
				<timestamp>29.011229</timestamp>
			</report>
			<report>
				<misses>89001</misses>
				<total>1</total>
				<timestamp>29.340948</timestamp>
			</report>
			<report>
				<misses>90001</misses>
				<total>1</total>
				<timestamp>29.670594</timestamp>
			</report>
			<report>
				<misses>91001</misses>
				<total>1</total>
				<timestamp>30.000248</timestamp>
			</report>
			<report>
				<misses>92001</misses>
				<total>1</total>
				<timestamp>30.329945</timestamp>
			</report>
			<report>
				<misses>93001</misses>
				<total>1</total>
				<timestamp>30.659590</timestamp>
			</report>
			<report>
				<misses>94001</misses>
				<total>1</total>
				<timestamp>30.989248</timestamp>
			</report>
			<report>
				<misses>95001</misses>
				<total>1</total>
				<timestamp>31.318915</timestamp>
			</report>
			<report>
				<misses>96001</misses>
				<total>1</total>
				<timestamp>31.648613</timestamp>
			</report>
			<report>
				<misses>97001</misses>
				<total>1</total>
				<timestamp>31.978262</timestamp>
			</report>
			<report>
				<misses>98001</misses>
				<total>1</total>
				<timestamp>32.307911</timestamp>
			</report>
			<report>
				<misses>99001</misses>
				<total>1</total>
				<timestamp>32.637693</timestamp>
			</report>
			<report>
				<misses>100001</misses>
				<total>1</total>
				<timestamp>32.967260</timestamp>
			</report>
			<report>
				<misses>101001</misses>
				<total>1</total>
				<timestamp>33.296956</timestamp>
			</report>
			<report>
				<misses>102001</misses>
				<total>1</total>
				<timestamp>33.626637</timestamp>
			</report>
			<report>
				<misses>103001</misses>
				<total>1</total>
				<timestamp>33.956263</timestamp>
			</report>
			<report>
				<misses>104001</misses>
				<total>1</total>
				<timestamp>34.285947</timestamp>
			</report>
			<report>
				<misses>105001</misses>
				<total>1</total>
				<timestamp>34.615613</timestamp>
			</report>
			<report>
				<misses>106001</misses>
				<total>1</total>
				<timestamp>34.945272</timestamp>
			</report>
			<report>
				<misses>107001</misses>
				<total>1</total>
				<timestamp>35.274966</timestamp>
			</report>
			<report>
				<misses>108001</misses>
				<total>1</total>
				<timestamp>35.604721</timestamp>
			</report>
			<report>
				<misses>109001</misses>
				<total>1</total>
				<timestamp>35.934303</timestamp>
			</report>
			<report>
				<misses>110001</misses>
				<total>1</total>
				<timestamp>36.263982</timestamp>
			</report>
			<report>
				<misses>111001</misses>
				<total>1</total>
				<timestamp>36.593720</timestamp>
			</report>
			<report>
				<misses>112001</misses>
				<total>1</total>
				<timestamp>36.923316</timestamp>
			</report>
			<report>
				<misses>113001</misses>
				<total>1</total>
				<timestamp>37.252967</timestamp>
			</report>
			<report>
				<misses>114001</misses>
				<total>1</total>
				<timestamp>37.582682</timestamp>
			</report>
			<report>
				<misses>115001</misses>
				<total>1</total>
				<timestamp>37.912307</timestamp>
			</report>
			<report>
				<misses>116001</misses>
				<total>1</total>
				<timestamp>38.241976</timestamp>
			</report>
			<report>
				<misses>117001</misses>
				<total>1</total>
				<timestamp>38.571682</timestamp>
			</report>
			<report>
				<misses>118001</misses>
				<total>1</total>
				<timestamp>38.901321</timestamp>
			</report>
			<report>
				<misses>119001</misses>
				<total>1</total>
				<timestamp>39.230995</timestamp>
			</report>
			<report>
				<misses>120001</misses>
				<total>1</total>
				<timestamp>39.560735</timestamp>
			</report>
			<report>
				<misses>121001</misses>
				<total>1</total>
				<timestamp>39.890333</timestamp>
			</report>
			<report>
				<misses>122001</misses>
				<total>1</total>
				<timestamp>40.220008</timestamp>
			</report>
			<report>
				<misses>123001</misses>
				<total>1</total>
				<timestamp>40.549684</timestamp>
			</report>
			<report>
				<misses>124001</misses>
				<total>1</total>
				<timestamp>40.879330</timestamp>
			</report>
			<report>
				<misses>125001</misses>
				<total>1</total>
				<timestamp>41.209033</timestamp>
			</report>
			<report>
				<misses>126001</misses>
				<total>1</total>
				<timestamp>41.538710</timestamp>
			</report>
			<report>
				<misses>127001</misses>
				<total>1</total>
				<timestamp>41.868347</timestamp>
			</report>
			<report>
				<misses>128001</misses>
				<total>1</total>
				<timestamp>42.198022</timestamp>
			</report>
			<report>
				<misses>129001</misses>
				<total>1</total>
				<timestamp>42.527702</timestamp>
			</report>
			<report>
				<misses>130001</misses>
				<total>1</total>
				<timestamp>42.857354</timestamp>
			</report>
			<report>
				<misses>131001</misses>
				<total>1</total>
				<timestamp>43.187026</timestamp>
			</report>
			<report>
				<misses>132001</misses>
				<total>1</total>
				<timestamp>43.516700</timestamp>
			</report>
			<report>
				<misses>133001</misses>
				<total>1</total>
				<timestamp>43.846371</timestamp>
			</report>
			<report>
				<misses>134001</misses>
				<total>1</total>
				<timestamp>44.176041</timestamp>
			</report>
			<report>
				<misses>135001</misses>
				<total>1</total>
				<timestamp>44.505735</timestamp>
			</report>
			<report>
				<misses>136001</misses>
				<total>1</total>
				<timestamp>44.835379</timestamp>
			</report>
			<report>
				<misses>137001</misses>
				<total>1</total>
				<timestamp>45.165051</timestamp>
			</report>
			<report>
				<misses>138001</misses>
				<total>1</total>
				<timestamp>45.494777</timestamp>
			</report>
			<report>
				<misses>139001</misses>
				<total>1</total>
				<timestamp>45.824382</timestamp>
			</report>
			<report>
				<misses>140001</misses>
				<total>1</total>
				<timestamp>46.154065</timestamp>
			</report>
			<report>
				<misses>141001</misses>
				<total>1</total>
				<timestamp>46.483794</timestamp>
			</report>
			<report>
				<misses>142001</misses>
				<total>1</total>
				<timestamp>46.813398</timestamp>
			</report>
			<report>
				<misses>143001</misses>
				<total>1</total>
				<timestamp>47.143113</timestamp>
			</report>
			<report>
				<misses>144001</misses>
				<total>1</total>
				<timestamp>47.472756</timestamp>
			</report>
			<report>
				<misses>145001</misses>
				<total>1</total>
				<timestamp>47.802434</timestamp>
			</report>
			<report>
				<misses>146001</misses>
				<total>1</total>
				<timestamp>48.132094</timestamp>
			</report>
			<report>
				<misses>147001</misses>
				<total>1</total>
				<timestamp>48.461774</timestamp>
			</report>
			<report>
				<misses>148001</misses>
				<total>1</total>
				<timestamp>48.791418</timestamp>
			</report>
			<report>
				<misses>149001</misses>
				<total>1</total>
				<timestamp>49.121111</timestamp>
			</report>
			<report>
				<misses>150001</misses>
				<total>1</total>
				<timestamp>49.450765</timestamp>
			</report>
			<report>
				<misses>151001</misses>
				<total>1</total>
				<timestamp>49.780436</timestamp>
			</report>
			<report>
				<misses>152001</misses>
				<total>1</total>
				<timestamp>50.110142</timestamp>
			</report>
			<report>
				<misses>153001</misses>
				<total>1</total>
				<timestamp>50.439778</timestamp>
			</report>
			<report>
				<misses>154001</misses>
				<total>1</total>
				<timestamp>50.769475</timestamp>
			</report>
			<report>
				<misses>155001</misses>
				<total>1</total>
				<timestamp>51.099125</timestamp>
			</report>
			<report>
				<misses>156001</misses>
				<total>1</total>
				<timestamp>51.428784</timestamp>
			</report>
			<report>
				<misses>157001</misses>
				<total>1</total>
				<timestamp>51.758494</timestamp>
			</report>
			<report>
				<misses>158001</misses>
				<total>1</total>
				<timestamp>52.088130</timestamp>
			</report>
			<report>
				<misses>159001</misses>
				<total>1</total>
				<timestamp>52.417794</timestamp>
			</report>
			<report>
				<misses>160001</misses>
				<total>1</total>
				<timestamp>52.747562</timestamp>
			</report>
			<report>
				<misses>161001</misses>
				<total>1</total>
				<timestamp>53.077119</timestamp>
			</report>
			<report>
				<misses>162001</misses>
				<total>1</total>
				<timestamp>53.406787</timestamp>
			</report>
			<report>
				<misses>163001</misses>
				<total>1</total>
				<timestamp>53.736493</timestamp>
			</report>
			<report>
				<misses>164001</misses>
				<total>1</total>
				<timestamp>54.066139</timestamp>
			</report>
			<report>
				<misses>165001</misses>
				<total>1</total>
				<timestamp>54.395801</timestamp>
			</report>
			<report>
				<misses>166001</misses>
				<total>1</total>
				<timestamp>54.725566</timestamp>
			</report>
			<report>
				<misses>167001</misses>
				<total>2</total>
				<timestamp>55.055155</timestamp>
			</report>
			<report>
				<misses>168001</misses>
				<total>2</total>
				<timestamp>55.384811</timestamp>
			</report>
			<report>
				<misses>169001</misses>
				<total>2</total>
				<timestamp>55.714503</timestamp>
			</report>
			<report>
				<misses>170001</misses>
				<total>2</total>
				<timestamp>56.044203</timestamp>
			</report>
			<report>
				<misses>171001</misses>
				<total>2</total>
				<timestamp>56.373826</timestamp>
			</report>
			<report>
				<misses>172001</misses>
				<total>2</total>
				<timestamp>56.703505</timestamp>
			</report>
			<report>
				<misses>173001</misses>
				<total>2</total>
				<timestamp>57.033162</timestamp>
			</report>
			<report>
				<misses>174001</misses>
				<total>2</total>
				<timestamp>57.362838</timestamp>
			</report>
			<report>
				<misses>175001</misses>
				<total>2</total>
				<timestamp>57.692625</timestamp>
			</report>
			<report>
				<misses>176001</misses>
				<total>2</total>
				<timestamp>58.022188</timestamp>
			</report>
			<report>
				<misses>177001</misses>
				<total>2</total>
				<timestamp>58.351857</timestamp>
			</report>
			<report>
				<misses>178001</misses>
				<total>2</total>
				<timestamp>58.681532</timestamp>
			</report>
			<report>
				<misses>179001</misses>
				<total>2</total>
				<timestamp>59.011226</timestamp>
			</report>
			<report>
				<misses>180001</misses>
				<total>2</total>
				<timestamp>59.340849</timestamp>
			</report>
			<report>
				<misses>181001</misses>
				<total>2</total>
				<timestamp>59.670544</timestamp>
			</report>
			<report>
				<misses>182001</misses>
				<total>2</total>
				<timestamp>60.000203</timestamp>
			</report>
			<report>
				<misses>183001</misses>
				<total>2</total>
				<timestamp>60.329871</timestamp>
			</report>
			<report>
				<misses>184001</misses>
				<total>2</total>
				<timestamp>60.659553</timestamp>
			</report>
			<report>
				<misses>185001</misses>
				<total>2</total>
				<timestamp>60.989241</timestamp>
			</report>
			<report>
				<misses>186001</misses>
				<total>2</total>
				<timestamp>61.318877</timestamp>
			</report>
			<report>
				<misses>187001</misses>
				<total>2</total>
				<timestamp>61.648576</timestamp>
			</report>
			<report>
				<misses>188001</misses>
				<total>2</total>
				<timestamp>61.978232</timestamp>
			</report>
			<report>
				<misses>189001</misses>
				<total>2</total>
				<timestamp>62.307882</timestamp>
			</report>
			<report>
				<misses>190001</misses>
				<total>2</total>
				<timestamp>62.637595</timestamp>
			</report>
			<report>
				<misses>191001</misses>
				<total>2</total>
				<timestamp>62.967233</timestamp>
			</report>
			<report>
				<misses>192001</misses>
				<total>2</total>
				<timestamp>63.296890</timestamp>
			</report>
			<report>
				<misses>193001</misses>
				<total>2</total>
				<timestamp>63.626636</timestamp>
			</report>
			<report>
				<misses>194001</misses>
				<total>2</total>
				<timestamp>63.956258</timestamp>
			</report>
			<report>
				<misses>195001</misses>
				<total>2</total>
				<timestamp>64.285931</timestamp>
			</report>
			<report>
				<misses>196001</misses>
				<total>2</total>
				<timestamp>64.615604</timestamp>
			</report>
			<report>
				<misses>197001</misses>
				<total>2</total>
				<timestamp>64.945268</timestamp>
			</report>
			<report>
				<misses>198001</misses>
				<total>2</total>
				<timestamp>65.274927</timestamp>
			</report>
			<report>
				<misses>199001</misses>
				<total>2</total>
				<timestamp>65.604578</timestamp>
			</report>
			<report>
				<misses>200001</misses>
				<total>2</total>
				<timestamp>65.934257</timestamp>
			</report>
			<report>
				<misses>201001</misses>
				<total>2</total>
				<timestamp>66.263928</timestamp>
			</report>
			<report>
				<misses>202001</misses>
				<total>2</total>
				<timestamp>66.593625</timestamp>
			</report>
			<report>
				<misses>203001</misses>
				<total>2</total>
				<timestamp>66.923293</timestamp>
			</report>
			<report>
				<misses>204001</misses>
				<total>2</total>
				<timestamp>67.252943</timestamp>
			</report>
			<report>
				<misses>205001</misses>
				<total>2</total>
				<timestamp>67.582607</timestamp>
			</report>
			<report>
				<misses>206001</misses>
				<total>2</total>
				<timestamp>67.912307</timestamp>
			</report>
			<report>
				<misses>207001</misses>
				<total>2</total>
				<timestamp>68.241979</timestamp>
			</report>
			<report>
				<misses>208001</misses>
				<total>2</total>
				<timestamp>68.571686</timestamp>
			</report>
			<report>
				<misses>209001</misses>
				<total>2</total>
				<timestamp>68.901304</timestamp>
			</report>
			<report>
				<misses>210001</misses>
				<total>2</total>
				<timestamp>69.230966</timestamp>
			</report>
			<report>
				<misses>211001</misses>
				<total>2</total>
				<timestamp>69.560680</timestamp>
			</report>
			<report>
				<misses>212001</misses>
				<total>2</total>
				<timestamp>69.890314</timestamp>
			</report>
			<report>
				<misses>213001</misses>
				<total>2</total>
				<timestamp>70.219982</timestamp>
			</report>
			<report>
				<misses>214001</misses>
				<total>2</total>
				<timestamp>70.549651</timestamp>
			</report>
			<report>
				<misses>215001</misses>
				<total>2</total>
				<timestamp>70.879345</timestamp>
			</report>
			<report>
				<misses>216001</misses>
				<total>2</total>
				<timestamp>71.208998</timestamp>
			</report>
			<report>
				<misses>217001</misses>
				<total>2</total>
				<timestamp>71.538653</timestamp>
			</report>
			<report>
				<misses>218001</misses>
				<total>2</total>
				<timestamp>71.868350</timestamp>
			</report>
			<report>
				<misses>219001</misses>
				<total>2</total>
				<timestamp>72.197985</timestamp>
			</report>
			<report>
				<misses>220001</misses>
				<total>2</total>
				<timestamp>72.527690</timestamp>
			</report>
			<report>
				<misses>221001</misses>
				<total>2</total>
				<timestamp>72.857339</timestamp>
			</report>
			<report>
				<misses>222001</misses>
				<total>2</total>
				<timestamp>73.186999</timestamp>
			</report>
			<report>
				<misses>223001</misses>
				<total>2</total>
				<timestamp>73.516664</timestamp>
			</report>
			<report>
				<misses>224001</misses>
				<total>2</total>
				<timestamp>73.846401</timestamp>
			</report>
			<report>
				<misses>225001</misses>
				<total>2</total>
				<timestamp>74.176036</timestamp>
			</report>
			<report>
				<misses>226001</misses>
				<total>2</total>
				<timestamp>74.505678</timestamp>
			</report>
			<report>
				<misses>227001</misses>
				<total>2</total>
				<timestamp>74.835357</timestamp>
			</report>
			<report>
				<misses>228001</misses>
				<total>2</total>
				<timestamp>75.165021</timestamp>
			</report>
			<report>
				<misses>229001</misses>
				<total>2</total>
				<timestamp>75.494697</timestamp>
			</report>
			<report>
				<misses>230001</misses>
				<total>2</total>
				<timestamp>75.824378</timestamp>
			</report>
			<report>
				<misses>231001</misses>
				<total>2</total>
				<timestamp>76.154034</timestamp>
			</report>
			<report>
				<misses>232001</misses>
				<total>2</total>
				<timestamp>76.483693</timestamp>
			</report>
			<report>
				<misses>233001</misses>
				<total>2</total>
				<timestamp>76.813383</timestamp>
			</report>
			<report>
				<misses>234001</misses>
				<total>2</total>
				<timestamp>77.143066</timestamp>
			</report>
			<report>
				<misses>235001</misses>
				<total>2</total>
				<timestamp>77.472723</timestamp>
			</report>
			<report>
				<misses>236001</misses>
				<total>2</total>
				<timestamp>77.802482</timestamp>
			</report>
			<report>
				<misses>237001</misses>
				<total>2</total>
				<timestamp>78.132051</timestamp>
			</report>
			<report>
				<misses>238001</misses>
				<total>2</total>
				<timestamp>78.461708</timestamp>
			</report>
			<report>
				<misses>239001</misses>
				<total>2</total>
				<timestamp>78.791455</timestamp>
			</report>
			<report>
				<misses>240001</misses>
				<total>2</total>
				<timestamp>79.121059</timestamp>
			</report>
			<report>
				<misses>241001</misses>
				<total>2</total>
				<timestamp>79.450743</timestamp>
			</report>
			<report>
				<misses>242001</misses>
				<total>2</total>
				<timestamp>79.780392</timestamp>
			</report>
			<report>
				<misses>243001</misses>
				<total>2</total>
				<timestamp>80.110060</timestamp>
			</report>
			<report>
				<misses>244001</misses>
				<total>2</total>
				<timestamp>80.439750</timestamp>
			</report>
			<report>
				<misses>245001</misses>
				<total>2</total>
				<timestamp>80.769481</timestamp>
			</report>
			<report>
				<misses>246001</misses>
				<total>2</total>
				<timestamp>81.099098</timestamp>
			</report>
			<report>
				<misses>247001</misses>
				<total>2</total>
				<timestamp>81.428749</timestamp>
			</report>
			<report>
				<misses>248001</misses>
				<total>2</total>
				<timestamp>81.758466</timestamp>
			</report>
			<report>
				<misses>249001</misses>
				<total>2</total>
				<timestamp>82.088110</timestamp>
			</report>
			<report>
				<misses>250001</misses>
				<total>2</total>
				<timestamp>82.417746</timestamp>
			</report>
			<report>
				<misses>251001</misses>
				<total>2</total>
				<timestamp>82.747502</timestamp>
			</report>
			<report>
				<misses>252001</misses>
				<total>2</total>
				<timestamp>83.077112</timestamp>
			</report>
			<report>
				<misses>253001</misses>
				<total>2</total>
				<timestamp>83.406777</timestamp>
			</report>
			<report>
				<misses>254001</misses>
				<total>2</total>
				<timestamp>83.736504</timestamp>
			</report>
			<report>
				<misses>255001</misses>
				<total>2</total>
				<timestamp>84.066116</timestamp>
			</report>
			<report>
				<misses>256001</misses>
				<total>2</total>
				<timestamp>84.395775</timestamp>
			</report>
			<report>
				<misses>257001</misses>
				<total>2</total>
				<timestamp>84.725450</timestamp>
			</report>
			<report>
				<misses>258001</misses>
				<total>2</total>
				<timestamp>85.055172</timestamp>
			</report>
			<report>
				<misses>259001</misses>
				<total>2</total>
				<timestamp>85.384785</timestamp>
			</report>
			<report>
				<misses>260001</misses>
				<total>2</total>
				<timestamp>85.714496</timestamp>
			</report>
			<report>
				<misses>261001</misses>
				<total>2</total>
				<timestamp>86.044121</timestamp>
			</report>
			<report>
				<misses>262001</misses>
				<total>2</total>
				<timestamp>86.373797</timestamp>
			</report>
			<report>
				<misses>263001</misses>
				<total>2</total>
				<timestamp>86.703510</timestamp>
			</report>
			<report>
				<misses>264001</misses>
				<total>2</total>
				<timestamp>87.033135</timestamp>
			</report>
			<report>
				<misses>265001</misses>
				<total>2</total>
				<timestamp>87.362791</timestamp>
			</report>
			<report>
				<misses>266001</misses>
				<total>2</total>
				<timestamp>87.692525</timestamp>
			</report>
			<report>
				<misses>267001</misses>
				<total>2</total>
				<timestamp>88.022142</timestamp>
			</report>
			<report>
				<misses>268001</misses>
				<total>2</total>
				<timestamp>88.351837</timestamp>
			</report>
			<report>
				<misses>269001</misses>
				<total>2</total>
				<timestamp>88.681551</timestamp>
			</report>
			<report>
				<misses>270001</misses>
				<total>2</total>
				<timestamp>89.011151</timestamp>
			</report>
			<report>
				<misses>271001</misses>
				<total>2</total>
				<timestamp>89.340845</timestamp>
			</report>
			<report>
				<misses>272001</misses>
				<total>2</total>
				<timestamp>89.670484</timestamp>
			</report>
			<report>
				<misses>273001</misses>
				<total>2</total>
				<timestamp>90.000163</timestamp>
			</report>
			<report>
				<misses>274001</misses>
				<total>2</total>
				<timestamp>90.329827</timestamp>
			</report>
			<report>
				<misses>275001</misses>
				<total>2</total>
				<timestamp>90.659526</timestamp>
			</report>
			<report>
				<misses>276001</misses>
				<total>2</total>
				<timestamp>90.989206</timestamp>
			</report>
			<report>
				<misses>277001</misses>
				<total>2</total>
				<timestamp>91.318855</timestamp>
			</report>
			<report>
				<misses>278001</misses>
				<total>2</total>
				<timestamp>91.648529</timestamp>
			</report>
			<report>
				<misses>279001</misses>
				<total>2</total>
				<timestamp>91.978205</timestamp>
			</report>
			<report>
				<misses>280001</misses>
				<total>2</total>
				<timestamp>92.307858</timestamp>
			</report>
			<report>
				<misses>281001</misses>
				<total>2</total>
				<timestamp>92.637530</timestamp>
			</report>
			<report>
				<misses>282001</misses>
				<total>2</total>
				<timestamp>92.967227</timestamp>
			</report>
			<report>
				<misses>283001</misses>
				<total>2</total>
				<timestamp>93.296858</timestamp>
			</report>
			<report>
				<misses>284001</misses>
				<total>2</total>
				<timestamp>93.626565</timestamp>
			</report>
			<report>
				<misses>285001</misses>
				<total>2</total>
				<timestamp>93.956231</timestamp>
			</report>
			<report>
				<misses>286001</misses>
				<total>2</total>
				<timestamp>94.285894</timestamp>
			</report>
			<report>
				<misses>287001</misses>
				<total>2</total>
				<timestamp>94.615578</timestamp>
			</report>
			<report>
				<misses>288001</misses>
				<total>2</total>
				<timestamp>94.945228</timestamp>
			</report>
			<report>
				<misses>289001</misses>
				<total>2</total>
				<timestamp>95.274882</timestamp>
			</report>
			<report>
				<misses>290001</misses>
				<total>2</total>
				<timestamp>95.604554</timestamp>
			</report>
			<report>
				<misses>291001</misses>
				<total>2</total>
				<timestamp>95.934324</timestamp>
			</report>
			<report>
				<misses>292001</misses>
				<total>2</total>
				<timestamp>96.263919</timestamp>
			</report>
			<report>
				<misses>293001</misses>
				<total>2</total>
				<timestamp>96.593601</timestamp>
			</report>
			<report>
				<misses>294001</misses>
				<total>2</total>
				<timestamp>96.923226</timestamp>
			</report>
			<report>
				<misses>295001</misses>
				<total>2</total>
				<timestamp>97.252934</timestamp>
			</report>
			<report>
				<misses>296001</misses>
				<total>2</total>
				<timestamp>97.582571</timestamp>
			</report>
			<report>
				<misses>297001</misses>
				<total>2</total>
				<timestamp>97.912303</timestamp>
			</report>
			<report>
				<misses>298001</misses>
				<total>2</total>
				<timestamp>98.241910</timestamp>
			</report>
			<report>
				<misses>299001</misses>
				<total>2</total>
				<timestamp>98.571577</timestamp>
			</report>
			<report>
				<misses>300001</misses>
				<total>2</total>
				<timestamp>98.901276</timestamp>
			</report>
			<report>
				<misses>301001</misses>
				<total>2</total>
				<timestamp>99.230920</timestamp>
			</report>
			<report>
				<misses>302001</misses>
				<total>2</total>
				<timestamp>99.560595</timestamp>
			</report>
			<report>
				<misses>303001</misses>
				<total>2</total>
				<timestamp>99.890334</timestamp>
			</report>
			<report>
				<misses>304001</misses>
				<total>2</total>
				<timestamp>100.219931</timestamp>
			</report>
			<report>
				<misses>305001</misses>
				<total>2</total>
				<timestamp>100.549633</timestamp>
			</report>
			<report>
				<misses>306001</misses>
				<total>2</total>
				<timestamp>100.879283</timestamp>
			</report>
			<report>
				<misses>307001</misses>
				<total>2</total>
				<timestamp>101.208975</timestamp>
			</report>
			<report>
				<misses>308001</misses>
				<total>2</total>
				<timestamp>101.538617</timestamp>
			</report>
			<report>
				<misses>309001</misses>
				<total>2</total>
				<timestamp>101.868311</timestamp>
			</report>
			<report>
				<misses>310001</misses>
				<total>2</total>
				<timestamp>102.198025</timestamp>
			</report>
			<report>
				<misses>311001</misses>
				<total>2</total>
				<timestamp>102.527665</timestamp>
			</report>
			<report>
				<misses>312001</misses>
				<total>2</total>
				<timestamp>102.857406</timestamp>
			</report>
			<report>
				<misses>313001</misses>
				<total>2</total>
				<timestamp>103.186970</timestamp>
			</report>
			<report>
				<misses>314001</misses>
				<total>2</total>
				<timestamp>103.516638</timestamp>
			</report>
			<report>
				<misses>315001</misses>
				<total>2</total>
				<timestamp>103.846304</timestamp>
			</report>
			<report>
				<misses>316001</misses>
				<total>2</total>
				<timestamp>104.175981</timestamp>
			</report>
			<report>
				<misses>317001</misses>
				<total>2</total>
				<timestamp>104.505638</timestamp>
			</report>
			<report>
				<misses>318001</misses>
				<total>2</total>
				<timestamp>104.835410</timestamp>
			</report>
			<report>
				<misses>319001</misses>
				<total>2</total>
				<timestamp>105.164993</timestamp>
			</report>
			<report>
				<misses>320001</misses>
				<total>2</total>
				<timestamp>105.494652</timestamp>
			</report>
			<report>
				<misses>321001</misses>
				<total>2</total>
				<timestamp>105.824330</timestamp>
			</report>
			<report>
				<misses>322001</misses>
				<total>2</total>
				<timestamp>106.154012</timestamp>
			</report>
			<report>
				<misses>323001</misses>
				<total>2</total>
				<timestamp>106.483675</timestamp>
			</report>
			<report>
				<misses>324001</misses>
				<total>2</total>
				<timestamp>106.813378</timestamp>
			</report>
			<report>
				<misses>325001</misses>
				<total>2</total>
				<timestamp>107.143014</timestamp>
			</report>
			<report>
				<misses>326001</misses>
				<total>2</total>
				<timestamp>107.472671</timestamp>
			</report>
			<report>
				<misses>327001</misses>
				<total>2</total>
				<timestamp>107.802369</timestamp>
			</report>
			<report>
				<misses>328001</misses>
				<total>2</total>
				<timestamp>108.132042</timestamp>
			</report>
			<report>
				<misses>329001</misses>
				<total>2</total>
				<timestamp>108.461693</timestamp>
			</report>
			<report>
				<misses>330001</misses>
				<total>2</total>
				<timestamp>108.791383</timestamp>
			</report>
			<report>
				<misses>331001</misses>
				<total>2</total>
				<timestamp>109.121053</timestamp>
			</report>
			<report>
				<misses>332001</misses>
				<total>2</total>
				<timestamp>109.450717</timestamp>
			</report>
			<report>
				<misses>333001</misses>
				<total>2</total>
				<timestamp>109.780449</timestamp>
			</report>
			<report>
				<misses>334001</misses>
				<total>2</total>
				<timestamp>110.110145</timestamp>
			</report>
			<report>
				<misses>335001</misses>
				<total>2</total>
				<timestamp>110.439713</timestamp>
			</report>
			<report>
				<misses>336001</misses>
				<total>2</total>
				<timestamp>110.769446</timestamp>
			</report>
			<report>
				<misses>337001</misses>
				<total>2</total>
				<timestamp>111.099055</timestamp>
			</report>
			<report>
				<misses>338001</misses>
				<total>2</total>
				<timestamp>111.428727</timestamp>
			</report>
			<report>
				<misses>339001</misses>
				<total>2</total>
				<timestamp>111.758428</timestamp>
			</report>
			<report>
				<misses>340001</misses>
				<total>2</total>
				<timestamp>112.088107</timestamp>
			</report>
			<report>
				<misses>341001</misses>
				<total>2</total>
				<timestamp>112.417731</timestamp>
			</report>
			<report>
				<misses>342001</misses>
				<total>2</total>
				<timestamp>112.747409</timestamp>
			</report>
			<report>
				<misses>343001</misses>
				<total>2</total>
				<timestamp>113.077123</timestamp>
			</report>
			<report>
				<misses>344001</misses>
				<total>2</total>
				<timestamp>113.406737</timestamp>
			</report>
			<report>
				<misses>345001</misses>
				<total>2</total>
				<timestamp>113.736411</timestamp>
			</report>
			<report>
				<misses>346001</misses>
				<total>2</total>
				<timestamp>114.066171</timestamp>
			</report>
			<report>
				<misses>347001</misses>
				<total>2</total>
				<timestamp>114.395747</timestamp>
			</report>
			<report>
				<misses>348001</misses>
				<total>2</total>
				<timestamp>114.725459</timestamp>
			</report>
			<report>
				<misses>349001</misses>
				<total>2</total>
				<timestamp>115.055090</timestamp>
			</report>
			<report>
				<misses>350001</misses>
				<total>2</total>
				<timestamp>115.384759</timestamp>
			</report>
			<report>
				<misses>351001</misses>
				<total>2</total>
				<timestamp>115.714442</timestamp>
			</report>
			<report>
				<misses>352001</misses>
				<total>2</total>
				<timestamp>116.044120</timestamp>
			</report>
			<report>
				<misses>353001</misses>
				<total>2</total>
				<timestamp>116.373770</timestamp>
			</report>
			<report>
				<misses>354001</misses>
				<total>2</total>
				<timestamp>116.703430</timestamp>
			</report>
			<report>
				<misses>355001</misses>
				<total>2</total>
				<timestamp>117.033184</timestamp>
			</report>
			<report>
				<misses>356001</misses>
				<total>2</total>
				<timestamp>117.362772</timestamp>
			</report>
			<report>
				<misses>357001</misses>
				<total>2</total>
				<timestamp>117.692495</timestamp>
			</report>
			<report>
				<misses>358001</misses>
				<total>2</total>
				<timestamp>118.022133</timestamp>
			</report>
			<report>
				<misses>359001</misses>
				<total>2</total>
				<timestamp>118.351804</timestamp>
			</report>
			<report>
				<misses>360001</misses>
				<total>2</total>
				<timestamp>118.681543</timestamp>
			</report>
			<report>
				<misses>361001</misses>
				<total>2</total>
				<timestamp>119.011139</timestamp>
			</report>
			<report>
				<misses>362001</misses>
				<total>2</total>
				<timestamp>119.340817</timestamp>
			</report>
			<report>
				<misses>363001</misses>
				<total>2</total>
				<timestamp>119.670453</timestamp>
			</report>
			<report>
				<misses>364001</misses>
				<total>2</total>
				<timestamp>120.000140</timestamp>
			</report>
			<report>
				<misses>365001</misses>
				<total>2</total>
				<timestamp>120.329838</timestamp>
			</report>
			<report>
				<misses>366001</misses>
				<total>2</total>
				<timestamp>120.659521</timestamp>
			</report>
			<report>
				<misses>367001</misses>
				<total>2</total>
				<timestamp>120.989167</timestamp>
			</report>
			<report>
				<misses>368001</misses>
				<total>2</total>
				<timestamp>121.318822</timestamp>
			</report>
			<report>
				<misses>369001</misses>
				<total>2</total>
				<timestamp>121.648514</timestamp>
			</report>
			<report>
				<misses>370001</misses>
				<total>2</total>
				<timestamp>121.978195</timestamp>
			</report>
			<report>
				<misses>371001</misses>
				<total>2</total>
				<timestamp>122.307834</timestamp>
			</report>
			<report>
				<misses>372001</misses>
				<total>2</total>
				<timestamp>122.637508</timestamp>
			</report>
			<report>
				<misses>373001</misses>
				<total>2</total>
				<timestamp>122.967199</timestamp>
			</report>
			<report>
				<misses>374001</misses>
				<total>2</total>
				<timestamp>123.296851</timestamp>
			</report>
			<report>
				<misses>375001</misses>
				<total>2</total>
				<timestamp>123.626507</timestamp>
			</report>
			<report>
				<misses>376001</misses>
				<total>2</total>
				<timestamp>123.956264</timestamp>
			</report>
			<report>
				<misses>377001</misses>
				<total>2</total>
				<timestamp>124.285845</timestamp>
			</report>
			<report>
				<misses>378001</misses>
				<total>2</total>
				<timestamp>124.615544</timestamp>
			</report>
			<report>
				<misses>379001</misses>
				<total>2</total>
				<timestamp>124.945268</timestamp>
			</report>
			<report>
				<misses>380001</misses>
				<total>2</total>
				<timestamp>125.274853</timestamp>
			</report>
			<report>
				<misses>381001</misses>
				<total>2</total>
				<timestamp>125.604559</timestamp>
			</report>
			<report>
				<misses>382001</misses>
				<total>2</total>
				<timestamp>125.934181</timestamp>
			</report>
			<report>
				<misses>383001</misses>
				<total>2</total>
				<timestamp>126.263905</timestamp>
			</report>
			<report>
				<misses>384001</misses>
				<total>2</total>
				<timestamp>126.593522</timestamp>
			</report>
			<report>
				<misses>385001</misses>
				<total>2</total>
				<timestamp>126.923277</timestamp>
			</report>
			<report>
				<misses>386001</misses>
				<total>2</total>
				<timestamp>127.252938</timestamp>
			</report>
			<report>
				<misses>387001</misses>
				<total>2</total>
				<timestamp>127.582543</timestamp>
			</report>
			<report>
				<misses>388001</misses>
				<total>2</total>
				<timestamp>127.912229</timestamp>
			</report>
			<report>
				<misses>389001</misses>
				<total>2</total>
				<timestamp>128.241882</timestamp>
			</report>
			<report>
				<misses>390001</misses>
				<total>2</total>
				<timestamp>128.571562</timestamp>
			</report>
			<report>
				<misses>391001</misses>
				<total>2</total>
				<timestamp>128.901295</timestamp>
			</report>
			<report>
				<misses>392001</misses>
				<total>2</total>
				<timestamp>129.230901</timestamp>
			</report>
			<report>
				<misses>393001</misses>
				<total>2</total>
				<timestamp>129.560568</timestamp>
			</report>
			<report>
				<misses>394001</misses>
				<total>2</total>
				<timestamp>129.890280</timestamp>
			</report>
			<report>
				<misses>395001</misses>
				<total>2</total>
				<timestamp>130.219902</timestamp>
			</report>
			<report>
				<misses>396001</misses>
				<total>2</total>
				<timestamp>130.549574</timestamp>
			</report>
			<report>
				<misses>397001</misses>
				<total>2</total>
				<timestamp>130.879308</timestamp>
			</report>
			<report>
				<misses>398001</misses>
				<total>2</total>
				<timestamp>131.208917</timestamp>
			</report>
			<report>
				<misses>399001</misses>
				<total>2</total>
				<timestamp>131.538580</timestamp>
			</report>
			<report>
				<misses>400001</misses>
				<total>2</total>
				<timestamp>131.868291</timestamp>
			</report>
			<report>
				<misses>401001</misses>
				<total>2</total>
				<timestamp>132.197904</timestamp>
			</report>
			<report>
				<misses>402001</misses>
				<total>2</total>
				<timestamp>132.527595</timestamp>
			</report>
			<report>
				<misses>403001</misses>
				<total>2</total>
				<timestamp>132.857285</timestamp>
			</report>
			<report>
				<misses>404001</misses>
				<total>2</total>
				<timestamp>133.186962</timestamp>
			</report>
			<report>
				<misses>405001</misses>
				<total>2</total>
				<timestamp>133.516606</timestamp>
			</report>
			<report>
				<misses>406001</misses>
				<total>2</total>
				<timestamp>133.846320</timestamp>
			</report>
			<report>
				<misses>407001</misses>
				<total>2</total>
				<timestamp>134.175980</timestamp>
			</report>
			<report>
				<misses>408001</misses>
				<total>2</total>
				<timestamp>134.505624</timestamp>
			</report>
			<report>
				<misses>409001</misses>
				<total>2</total>
				<timestamp>134.835293</timestamp>
			</report>
			<report>
				<misses>410001</misses>
				<total>2</total>
				<timestamp>135.165012</timestamp>
			</report>
			<report>
				<misses>411001</misses>
				<total>2</total>
				<timestamp>135.494636</timestamp>
			</report>
			<report>
				<misses>412001</misses>
				<total>2</total>
				<timestamp>135.824346</timestamp>
			</report>
			<report>
				<misses>413001</misses>
				<total>2</total>
				<timestamp>136.153987</timestamp>
			</report>
			<report>
				<misses>414001</misses>
				<total>2</total>
				<timestamp>136.483640</timestamp>
			</report>
			<report>
				<misses>415001</misses>
				<total>2</total>
				<timestamp>136.813374</timestamp>
			</report>
			<report>
				<misses>416001</misses>
				<total>2</total>
				<timestamp>137.142974</timestamp>
			</report>
			<report>
				<misses>417001</misses>
				<total>2</total>
				<timestamp>137.472652</timestamp>
			</report>
			<report>
				<misses>418001</misses>
				<total>2</total>
				<timestamp>137.802381</timestamp>
			</report>
			<report>
				<misses>419001</misses>
				<total>2</total>
				<timestamp>138.132015</timestamp>
			</report>
			<report>
				<misses>420001</misses>
				<total>2</total>
				<timestamp>138.461664</timestamp>
			</report>
			<report>
				<misses>421001</misses>
				<total>2</total>
				<timestamp>138.791376</timestamp>
			</report>
			<report>
				<misses>422001</misses>
				<total>2</total>
				<timestamp>139.121001</timestamp>
			</report>
			<report>
				<misses>423001</misses>
				<total>2</total>
				<timestamp>139.450669</timestamp>
			</report>
			<report>
				<misses>424001</misses>
				<total>2</total>
				<timestamp>139.780343</timestamp>
			</report>
			<report>
				<misses>425001</misses>
				<total>2</total>
				<timestamp>140.110012</timestamp>
			</report>
			<report>
				<misses>426001</misses>
				<total>2</total>
				<timestamp>140.439682</timestamp>
			</report>
			<report>
				<misses>427001</misses>
				<total>2</total>
				<timestamp>140.769351</timestamp>
			</report>
			<report>
				<misses>428001</misses>
				<total>2</total>
				<timestamp>141.099047</timestamp>
			</report>
			<report>
				<misses>429001</misses>
				<total>2</total>
				<timestamp>141.428685</timestamp>
			</report>
			<report>
				<misses>430001</misses>
				<total>2</total>
				<timestamp>141.758379</timestamp>
			</report>
			<report>
				<misses>431001</misses>
				<total>2</total>
				<timestamp>142.088039</timestamp>
			</report>
			<report>
				<misses>432001</misses>
				<total>2</total>
				<timestamp>142.417703</timestamp>
			</report>
			<report>
				<misses>433001</misses>
				<total>2</total>
				<timestamp>142.747370</timestamp>
			</report>
			<report>
				<misses>434001</misses>
				<total>2</total>
				<timestamp>143.077093</timestamp>
			</report>
			<report>
				<misses>435001</misses>
				<total>2</total>
				<timestamp>143.406705</timestamp>
			</report>
			<report>
				<misses>436001</misses>
				<total>2</total>
				<timestamp>143.736392</timestamp>
			</report>
			<report>
				<misses>437001</misses>
				<total>2</total>
				<timestamp>144.066052</timestamp>
			</report>
			<report>
				<misses>438001</misses>
				<total>2</total>
				<timestamp>144.395708</timestamp>
			</report>
			<report>
				<misses>439001</misses>
				<total>2</total>
				<timestamp>144.725401</timestamp>
			</report>
			<report>
				<misses>440001</misses>
				<total>2</total>
				<timestamp>145.055069</timestamp>
			</report>
			<report>
				<misses>441001</misses>
				<total>2</total>
				<timestamp>145.384725</timestamp>
			</report>
			<report>
				<misses>442001</misses>
				<total>2</total>
				<timestamp>145.714418</timestamp>
			</report>
			<report>
				<misses>443001</misses>
				<total>2</total>
				<timestamp>146.044079</timestamp>
			</report>
			<report>
				<misses>444001</misses>
				<total>2</total>
				<timestamp>146.373726</timestamp>
			</report>
			<report>
				<misses>445001</misses>
				<total>2</total>
				<timestamp>146.703423</timestamp>
			</report>
			<report>
				<misses>446001</misses>
				<total>2</total>
				<timestamp>147.033112</timestamp>
			</report>
			<report>
				<misses>447001</misses>
				<total>2</total>
				<timestamp>147.362758</timestamp>
			</report>
			<report>
				<misses>448001</misses>
				<total>2</total>
				<timestamp>147.692422</timestamp>
			</report>
			<report>
				<misses>449001</misses>
				<total>2</total>
				<timestamp>148.022166</timestamp>
			</report>
			<report>
				<misses>450001</misses>
				<total>2</total>
				<timestamp>148.351753</timestamp>
			</report>
			<report>
				<misses>451001</misses>
				<total>2</total>
				<timestamp>148.681425</timestamp>
			</report>
			<report>
				<misses>452001</misses>
				<total>2</total>
				<timestamp>149.011163</timestamp>
			</report>
			<report>
				<misses>453001</misses>
				<total>2</total>
				<timestamp>149.340760</timestamp>
			</report>
			<report>
				<misses>454001</misses>
				<total>2</total>
				<timestamp>149.670429</timestamp>
			</report>
			<report>
				<misses>455001</misses>
				<total>2</total>
				<timestamp>150.000114</timestamp>
			</report>
			<report>
				<misses>456001</misses>
				<total>2</total>
				<timestamp>150.329826</timestamp>
			</report>
			<report>
				<misses>457001</misses>
				<total>2</total>
				<timestamp>150.659448</timestamp>
			</report>
			<report>
				<misses>458001</misses>
				<total>2</total>
				<timestamp>150.989170</timestamp>
			</report>
			<report>
				<misses>459001</misses>
				<total>2</total>
				<timestamp>151.318796</timestamp>
			</report>
			<report>
				<misses>460001</misses>
				<total>2</total>
				<timestamp>151.648470</timestamp>
			</report>
			<report>
				<misses>461001</misses>
				<total>2</total>
				<timestamp>151.978129</timestamp>
			</report>
			<report>
				<misses>462001</misses>
				<total>2</total>
				<timestamp>152.307890</timestamp>
			</report>
			<report>
				<misses>463001</misses>
				<total>2</total>
				<timestamp>152.637491</timestamp>
			</report>
			<report>
				<misses>464001</misses>
				<total>2</total>
				<timestamp>152.967203</timestamp>
			</report>
			<report>
				<misses>465001</misses>
				<total>2</total>
				<timestamp>153.296828</timestamp>
			</report>
			<report>
				<misses>466001</misses>
				<total>2</total>
				<timestamp>153.626470</timestamp>
			</report>
			<report>
				<misses>467001</misses>
				<total>2</total>
				<timestamp>153.956205</timestamp>
			</report>
			<report>
				<misses>468001</misses>
				<total>2</total>
				<timestamp>154.285843</timestamp>
			</report>
			<report>
				<misses>469001</misses>
				<total>2</total>
				<timestamp>154.615481</timestamp>
			</report>
			<report>
				<misses>470001</misses>
				<total>2</total>
				<timestamp>154.945177</timestamp>
			</report>
			<report>
				<misses>471001</misses>
				<total>2</total>
				<timestamp>155.274842</timestamp>
			</report>
			<report>
				<misses>472001</misses>
				<total>2</total>
				<timestamp>155.604506</timestamp>
			</report>
			<report>
				<misses>473001</misses>
				<total>2</total>
				<timestamp>155.934231</timestamp>
			</report>
			<report>
				<misses>474001</misses>
				<total>2</total>
				<timestamp>156.263865</timestamp>
			</report>
			<report>
				<misses>475001</misses>
				<total>2</total>
				<timestamp>156.593509</timestamp>
			</report>
			<report>
				<misses>476001</misses>
				<total>2</total>
				<timestamp>156.923227</timestamp>
			</report>
			<report>
				<misses>477001</misses>
				<total>2</total>
				<timestamp>157.252853</timestamp>
			</report>
			<report>
				<misses>478001</misses>
				<total>2</total>
				<timestamp>157.582574</timestamp>
			</report>
			<report>
				<misses>479001</misses>
				<total>2</total>
				<timestamp>157.912230</timestamp>
			</report>
			<report>
				<misses>480001</misses>
				<total>2</total>
				<timestamp>158.241863</timestamp>
			</report>
			<report>
				<misses>481001</misses>
				<total>2</total>
				<timestamp>158.571534</timestamp>
			</report>
			<report>
				<misses>482001</misses>
				<total>2</total>
				<timestamp>158.901213</timestamp>
			</report>
			<report>
				<misses>483001</misses>
				<total>2</total>
				<timestamp>159.230864</timestamp>
			</report>
			<report>
				<misses>484001</misses>
				<total>2</total>
				<timestamp>159.560564</timestamp>
			</report>
			<report>
				<misses>485001</misses>
				<total>2</total>
				<timestamp>159.890276</timestamp>
			</report>
			<report>
				<misses>486001</misses>
				<total>2</total>
				<timestamp>160.219876</timestamp>
			</report>
			<report>
				<misses>487001</misses>
				<total>2</total>
				<timestamp>160.549522</timestamp>
			</report>
			<report>
				<misses>488001</misses>
				<total>2</total>
				<timestamp>160.879253</timestamp>
			</report>
			<report>
				<misses>489001</misses>
				<total>2</total>
				<timestamp>161.208962</timestamp>
			</report>
			<report>
				<misses>490001</misses>
				<total>2</total>
				<timestamp>161.538552</timestamp>
			</report>
			<report>
				<misses>491001</misses>
				<total>2</total>
				<timestamp>161.868266</timestamp>
			</report>
			<report>
				<misses>492001</misses>
				<total>2</total>
				<timestamp>162.197917</timestamp>
			</report>
			<report>
				<misses>493001</misses>
				<total>2</total>
				<timestamp>162.527558</timestamp>
			</report>
			<report>
				<misses>494001</misses>
				<total>2</total>
				<timestamp>162.857255</timestamp>
			</report>
			<report>
				<misses>495001</misses>
				<total>2</total>
				<timestamp>163.186965</timestamp>
			</report>
			<report>
				<misses>496001</misses>
				<total>2</total>
				<timestamp>163.516576</timestamp>
			</report>
			<report>
				<misses>497001</misses>
				<total>2</total>
				<timestamp>163.846250</timestamp>
			</report>
			<report>
				<misses>498001</misses>
				<total>2</total>
				<timestamp>164.175929</timestamp>
			</report>
			<report>
				<misses>499001</misses>
				<total>2</total>
				<timestamp>164.505581</timestamp>
			</report>
			<report>
				<misses>500001</misses>
				<total>2</total>
				<timestamp>164.835248</timestamp>
			</report>
			<report>
				<misses>501001</misses>
				<total>2</total>
				<timestamp>165.164929</timestamp>
			</report>
			<report>
				<misses>502001</misses>
				<total>2</total>
				<timestamp>165.494588</timestamp>
			</report>
			<report>
				<misses>503001</misses>
				<total>2</total>
				<timestamp>165.824253</timestamp>
			</report>
			<report>
				<misses>504001</misses>
				<total>2</total>
				<timestamp>166.153986</timestamp>
			</report>
			<report>
				<misses>505001</misses>
				<total>2</total>
				<timestamp>166.483610</timestamp>
			</report>
			<report>
				<misses>506001</misses>
				<total>2</total>
				<timestamp>166.813292</timestamp>
			</report>
			<report>
				<misses>507001</misses>
				<total>2</total>
				<timestamp>167.142939</timestamp>
			</report>
			<report>
				<misses>508001</misses>
				<total>2</total>
				<timestamp>167.472629</timestamp>
			</report>
			<report>
				<misses>509001</misses>
				<total>2</total>
				<timestamp>167.802314</timestamp>
			</report>
			<report>
				<misses>510001</misses>
				<total>2</total>
				<timestamp>168.131950</timestamp>
			</report>
			<report>
				<misses>511001</misses>
				<total>2</total>
				<timestamp>168.461625</timestamp>
			</report>
			<report>
				<misses>512001</misses>
				<total>2</total>
				<timestamp>168.791291</timestamp>
			</report>
			<report>
				<misses>513001</misses>
				<total>2</total>
				<timestamp>169.120977</timestamp>
			</report>
			<report>
				<misses>514001</misses>
				<total>2</total>
				<timestamp>169.450646</timestamp>
			</report>
			<report>
				<misses>515001</misses>
				<total>2</total>
				<timestamp>169.780322</timestamp>
			</report>
			<report>
				<misses>516001</misses>
				<total>2</total>
				<timestamp>170.109979</timestamp>
			</report>
			<report>
				<misses>517001</misses>
				<total>2</total>
				<timestamp>170.439706</timestamp>
			</report>
			<report>
				<misses>518001</misses>
				<total>2</total>
				<timestamp>170.769393</timestamp>
			</report>
			<report>
				<misses>519001</misses>
				<total>2</total>
				<timestamp>171.098996</timestamp>
			</report>
			<report>
				<misses>520001</misses>
				<total>2</total>
				<timestamp>171.428666</timestamp>
			</report>
			<report>
				<misses>521001</misses>
				<total>2</total>
				<timestamp>171.758331</timestamp>
			</report>
			<report>
				<misses>522001</misses>
				<total>2</total>
				<timestamp>172.088023</timestamp>
			</report>
			<report>
				<misses>523001</misses>
				<total>2</total>
				<timestamp>172.417667</timestamp>
			</report>
			<report>
				<misses>524001</misses>
				<total>2</total>
				<timestamp>172.747351</timestamp>
			</report>
			<report>
				<misses>525001</misses>
				<total>2</total>
				<timestamp>173.077055</timestamp>
			</report>
			<report>
				<misses>526001</misses>
				<total>2</total>
				<timestamp>173.406716</timestamp>
			</report>
			<report>
				<misses>527001</misses>
				<total>2</total>
				<timestamp>173.736339</timestamp>
			</report>
			<report>
				<misses>528001</misses>
				<total>2</total>
				<timestamp>174.066003</timestamp>
			</report>
			<report>
				<misses>529001</misses>
				<total>2</total>
				<timestamp>174.395717</timestamp>
			</report>
			<report>
				<misses>530001</misses>
				<total>2</total>
				<timestamp>174.725351</timestamp>
			</report>
			<report>
				<misses>531001</misses>
				<total>2</total>
				<timestamp>175.055062</timestamp>
			</report>
			<report>
				<misses>532001</misses>
				<total>2</total>
				<timestamp>175.384700</timestamp>
			</report>
			<report>
				<misses>533001</misses>
				<total>2</total>
				<timestamp>175.714431</timestamp>
			</report>
			<report>
				<misses>534001</misses>
				<total>2</total>
				<timestamp>176.044037</timestamp>
			</report>
			<report>
				<misses>535001</misses>
				<total>2</total>
				<timestamp>176.373726</timestamp>
			</report>
			<report>
				<misses>536001</misses>
				<total>2</total>
				<timestamp>176.703383</timestamp>
			</report>
			<report>
				<misses>537001</misses>
				<total>2</total>
				<timestamp>177.033062</timestamp>
			</report>
			<report>
				<misses>538001</misses>
				<total>2</total>
				<timestamp>177.362727</timestamp>
			</report>
			<report>
				<misses>539001</misses>
				<total>2</total>
				<timestamp>177.692395</timestamp>
			</report>
			<report>
				<misses>540001</misses>
				<total>2</total>
				<timestamp>178.022111</timestamp>
			</report>
			<report>
				<misses>541001</misses>
				<total>2</total>
				<timestamp>178.351729</timestamp>
			</report>
			<report>
				<misses>542001</misses>
				<total>2</total>
				<timestamp>178.681466</timestamp>
			</report>
			<report>
				<misses>543001</misses>
				<total>2</total>
				<timestamp>179.011132</timestamp>
			</report>
			<report>
				<misses>544001</misses>
				<total>2</total>
				<timestamp>179.340747</timestamp>
			</report>
			<report>
				<misses>545001</misses>
				<total>2</total>
				<timestamp>179.670417</timestamp>
			</report>
			<report>
				<misses>546001</misses>
				<total>2</total>
				<timestamp>180.000123</timestamp>
			</report>
			<report>
				<misses>547001</misses>
				<total>2</total>
				<timestamp>180.329764</timestamp>
			</report>
			<report>
				<misses>548001</misses>
				<total>2</total>
				<timestamp>180.659420</timestamp>
			</report>
			<report>
				<misses>549001</misses>
				<total>2</total>
				<timestamp>180.989116</timestamp>
			</report>
			<report>
				<misses>550001</misses>
				<total>2</total>
				<timestamp>181.318767</timestamp>
			</report>
			<report>
				<misses>551001</misses>
				<total>2</total>
				<timestamp>181.648444</timestamp>
			</report>
			<report>
				<misses>552001</misses>
				<total>2</total>
				<timestamp>181.978152</timestamp>
			</report>
			<report>
				<misses>553001</misses>
				<total>2</total>
				<timestamp>182.307794</timestamp>
			</report>
			<report>
				<misses>554001</misses>
				<total>2</total>
				<timestamp>182.637454</timestamp>
			</report>
			<report>
				<misses>555001</misses>
				<total>2</total>
				<timestamp>182.967128</timestamp>
			</report>
			<report>
				<misses>556001</misses>
				<total>2</total>
				<timestamp>183.296810</timestamp>
			</report>
			<report>
				<misses>557001</misses>
				<total>2</total>
				<timestamp>183.626444</timestamp>
			</report>
			<report>
				<misses>558001</misses>
				<total>2</total>
				<timestamp>183.956163</timestamp>
			</report>
			<report>
				<misses>559001</misses>
				<total>2</total>
				<timestamp>184.285790</timestamp>
			</report>
			<report>
				<misses>560001</misses>
				<total>2</total>
				<timestamp>184.615440</timestamp>
			</report>
			<report>
				<misses>561001</misses>
				<total>2</total>
				<timestamp>184.945177</timestamp>
			</report>
			<report>
				<misses>562001</misses>
				<total>2</total>
				<timestamp>185.274789</timestamp>
			</report>
			<report>
				<misses>563001</misses>
				<total>2</total>
				<timestamp>185.604475</timestamp>
			</report>
			<report>
				<misses>564001</misses>
				<total>2</total>
				<timestamp>185.934150</timestamp>
			</report>
			<report>
				<misses>565001</misses>
				<total>2</total>
				<timestamp>186.263815</timestamp>
			</report>
			<report>
				<misses>566001</misses>
				<total>2</total>
				<timestamp>186.593469</timestamp>
			</report>
			<report>
				<misses>567001</misses>
				<total>2</total>
				<timestamp>186.923164</timestamp>
			</report>
			<report>
				<misses>568001</misses>
				<total>2</total>
				<timestamp>187.252825</timestamp>
			</report>
			<report>
				<misses>569001</misses>
				<total>2</total>
				<timestamp>187.582497</timestamp>
			</report>
			<report>
				<misses>570001</misses>
				<total>2</total>
				<timestamp>187.912160</timestamp>
			</report>
			<report>
				<misses>571001</misses>
				<total>2</total>
				<timestamp>188.241831</timestamp>
			</report>
			<report>
				<misses>572001</misses>
				<total>2</total>
				<timestamp>188.571501</timestamp>
			</report>
			<report>
				<misses>573001</misses>
				<total>2</total>
				<timestamp>188.901251</timestamp>
			</report>
			<report>
				<misses>574001</misses>
				<total>2</total>
				<timestamp>189.230841</timestamp>
			</report>
			<report>
				<misses>575001</misses>
				<total>2</total>
				<timestamp>189.560500</timestamp>
			</report>
			<report>
				<misses>576001</misses>
				<total>2</total>
				<timestamp>189.890201</timestamp>
			</report>
			<report>
				<misses>577001</misses>
				<total>2</total>
				<timestamp>190.219849</timestamp>
			</report>
			<report>
				<misses>578001</misses>
				<total>2</total>
				<timestamp>190.549510</timestamp>
			</report>
			<report>
				<misses>579001</misses>
				<total>2</total>
				<timestamp>190.879200</timestamp>
			</report>
			<report>
				<misses>580001</misses>
				<total>2</total>
				<timestamp>191.208864</timestamp>
			</report>
			<report>
				<misses>581001</misses>
				<total>2</total>
				<timestamp>191.538529</timestamp>
			</report>
			<report>
				<misses>582001</misses>
				<total>2</total>
				<timestamp>191.868196</timestamp>
			</report>
			<report>
				<misses>583001</misses>
				<total>2</total>
				<timestamp>192.197872</timestamp>
			</report>
			<report>
				<misses>584001</misses>
				<total>2</total>
				<timestamp>192.527540</timestamp>
			</report>
			<report>
				<misses>585001</misses>
				<total>2</total>
				<timestamp>192.857210</timestamp>
			</report>
			<report>
				<misses>586001</misses>
				<total>2</total>
				<timestamp>193.186871</timestamp>
			</report>
			<report>
				<misses>587001</misses>
				<total>2</total>
				<timestamp>193.516613</timestamp>
			</report>
			<report>
				<misses>588001</misses>
				<total>2</total>
				<timestamp>193.846225</timestamp>
			</report>
			<report>
				<misses>589001</misses>
				<total>2</total>
				<timestamp>194.175957</timestamp>
			</report>
			<report>
				<misses>590001</misses>
				<total>2</total>
				<timestamp>194.505591</timestamp>
			</report>
			<report>
				<misses>591001</misses>
				<total>2</total>
				<timestamp>194.835215</timestamp>
			</report>
			<report>
				<misses>592001</misses>
				<total>2</total>
				<timestamp>195.164908</timestamp>
			</report>
			<report>
				<misses>593001</misses>
				<total>2</total>
				<timestamp>195.494596</timestamp>
			</report>
			<report>
				<misses>594001</misses>
				<total>2</total>
				<timestamp>195.824224</timestamp>
			</report>
			<report>
				<misses>595001</misses>
				<total>2</total>
				<timestamp>196.153923</timestamp>
			</report>
			<report>
				<misses>596001</misses>
				<total>2</total>
				<timestamp>196.483617</timestamp>
			</report>
			<report>
				<misses>597001</misses>
				<total>2</total>
				<timestamp>196.813247</timestamp>
			</report>
			<report>
				<misses>598001</misses>
				<total>2</total>
				<timestamp>197.142961</timestamp>
			</report>
			<report>
				<misses>599001</misses>
				<total>2</total>
				<timestamp>197.472608</timestamp>
			</report>
			<report>
				<misses>600001</misses>
				<total>2</total>
				<timestamp>197.802260</timestamp>
			</report>
			<report>
				<misses>601001</misses>
				<total>2</total>
				<timestamp>198.131985</timestamp>
			</report>
			<report>
				<misses>602001</misses>
				<total>2</total>
				<timestamp>198.461631</timestamp>
			</report>
			<report>
				<misses>603001</misses>
				<total>2</total>
				<timestamp>198.791267</timestamp>
			</report>
			<report>
				<misses>604001</misses>
				<total>2</total>
				<timestamp>199.121005</timestamp>
			</report>
			<report>
				<misses>605001</misses>
				<total>2</total>
				<timestamp>199.450637</timestamp>
			</report>
			<report>
				<misses>606001</misses>
				<total>2</total>
				<timestamp>199.780265</timestamp>
			</report>
			<report>
				<misses>607001</misses>
				<total>2</total>
				<timestamp>200.109979</timestamp>
			</report>
			<report>
				<misses>608001</misses>
				<total>2</total>
				<timestamp>200.439644</timestamp>
			</report>
			<report>
				<misses>609001</misses>
				<total>2</total>
				<timestamp>200.769279</timestamp>
			</report>
			<report>
				<misses>610001</misses>
				<total>2</total>
				<timestamp>201.099030</timestamp>
			</report>
			<report>
				<misses>611001</misses>
				<total>2</total>
				<timestamp>201.428620</timestamp>
			</report>
			<report>
				<misses>612001</misses>
				<total>2</total>
				<timestamp>201.758296</timestamp>
			</report>
			<report>
				<misses>613001</misses>
				<total>2</total>
				<timestamp>202.088010</timestamp>
			</report>
			<report>
				<misses>614001</misses>
				<total>2</total>
				<timestamp>202.417662</timestamp>
			</report>
			<report>
				<misses>615001</misses>
				<total>2</total>
				<timestamp>202.747365</timestamp>
			</report>
			<report>
				<misses>616001</misses>
				<total>2</total>
				<timestamp>203.077018</timestamp>
			</report>
			<report>
				<misses>617001</misses>
				<total>2</total>
				<timestamp>203.406719</timestamp>
			</report>
			<report>
				<misses>618001</misses>
				<total>2</total>
				<timestamp>203.736327</timestamp>
			</report>
			<report>
				<misses>619001</misses>
				<total>2</total>
				<timestamp>204.065991</timestamp>
			</report>
			<report>
				<misses>620001</misses>
				<total>2</total>
				<timestamp>204.395682</timestamp>
			</report>
			<report>
				<misses>621001</misses>
				<total>2</total>
				<timestamp>204.725334</timestamp>
			</report>
			<report>
				<misses>622001</misses>
				<total>2</total>
				<timestamp>205.055053</timestamp>
			</report>
			<report>
				<misses>623001</misses>
				<total>2</total>
				<timestamp>205.384680</timestamp>
			</report>
			<report>
				<misses>624001</misses>
				<total>2</total>
				<timestamp>205.714350</timestamp>
			</report>
			<report>
				<misses>625001</misses>
				<total>2</total>
				<timestamp>206.044048</timestamp>
			</report>
			<report>
				<misses>626001</misses>
				<total>2</total>
				<timestamp>206.373685</timestamp>
			</report>
			<report>
				<misses>627001</misses>
				<total>2</total>
				<timestamp>206.703344</timestamp>
			</report>
			<report>
				<misses>628001</misses>
				<total>2</total>
				<timestamp>207.033046</timestamp>
			</report>
			<report>
				<misses>629001</misses>
				<total>2</total>
				<timestamp>207.362717</timestamp>
			</report>
			<report>
				<misses>630001</misses>
				<total>2</total>
				<timestamp>207.692359</timestamp>
			</report>
			<report>
				<misses>631001</misses>
				<total>2</total>
				<timestamp>208.022051</timestamp>
			</report>
			<report>
				<misses>632001</misses>
				<total>2</total>
				<timestamp>208.351699</timestamp>
			</report>
			<report>
				<misses>633001</misses>
				<total>2</total>
				<timestamp>208.681380</timestamp>
			</report>
			<report>
				<misses>634001</misses>
				<total>2</total>
				<timestamp>209.011096</timestamp>
			</report>
			<report>
				<misses>635001</misses>
				<total>2</total>
				<timestamp>209.340731</timestamp>
			</report>
			<report>
				<misses>636001</misses>
				<total>2</total>
				<timestamp>209.670394</timestamp>
			</report>
			<report>
				<misses>637001</misses>
				<total>2</total>
				<timestamp>210.000067</timestamp>
			</report>
			<report>
				<misses>638001</misses>
				<total>2</total>
				<timestamp>210.329725</timestamp>
			</report>
			<report>
				<misses>639001</misses>
				<total>2</total>
				<timestamp>210.659427</timestamp>
			</report>
			<report>
				<misses>640001</misses>
				<total>2</total>
				<timestamp>210.989143</timestamp>
			</report>
			<report>
				<misses>641001</misses>
				<total>2</total>
				<timestamp>211.318725</timestamp>
			</report>
			<report>
				<misses>642001</misses>
				<total>2</total>
				<timestamp>211.648401</timestamp>
			</report>
			<report>
				<misses>643001</misses>
				<total>2</total>
				<timestamp>211.978127</timestamp>
			</report>
			<report>
				<misses>644001</misses>
				<total>2</total>
				<timestamp>212.307731</timestamp>
			</report>
			<report>
				<misses>645001</misses>
				<total>2</total>
				<timestamp>212.637417</timestamp>
			</report>
			<report>
				<misses>646001</misses>
				<total>2</total>
				<timestamp>212.967081</timestamp>
			</report>
			<report>
				<misses>647001</misses>
				<total>2</total>
				<timestamp>213.296751</timestamp>
			</report>
			<report>
				<misses>648001</misses>
				<total>2</total>
				<timestamp>213.626466</timestamp>
			</report>
			<report>
				<misses>649001</misses>
				<total>2</total>
				<timestamp>213.956129</timestamp>
			</report>
			<report>
				<misses>650001</misses>
				<total>2</total>
				<timestamp>214.285754</timestamp>
			</report>
			<report>
				<misses>651001</misses>
				<total>2</total>
				<timestamp>214.615443</timestamp>
			</report>
			<report>
				<misses>652001</misses>
				<total>2</total>
				<timestamp>214.945164</timestamp>
			</report>
			<report>
				<misses>653001</misses>
				<total>2</total>
				<timestamp>215.274771</timestamp>
			</report>
			<report>
				<misses>654001</misses>
				<total>2</total>
				<timestamp>215.604480</timestamp>
			</report>
			<report>
				<misses>655001</misses>
				<total>2</total>
				<timestamp>215.934115</timestamp>
			</report>
			<report>
				<misses>656001</misses>
				<total>2</total>
				<timestamp>216.263843</timestamp>
			</report>
			<report>
				<misses>657001</misses>
				<total>2</total>
				<timestamp>216.593488</timestamp>
			</report>
			<report>
				<misses>658001</misses>
				<total>2</total>
				<timestamp>216.923118</timestamp>
			</report>
			<report>
				<misses>659001</misses>
				<total>2</total>
				<timestamp>217.252869</timestamp>
			</report>
			<report>
				<misses>660001</misses>
				<total>2</total>
				<timestamp>217.582486</timestamp>
			</report>
			<report>
				<misses>661001</misses>
				<total>2</total>
				<timestamp>217.912165</timestamp>
			</report>
			<report>
				<misses>662001</misses>
				<total>2</total>
				<timestamp>218.241862</timestamp>
			</report>
			<report>
				<misses>663001</misses>
				<total>2</total>
				<timestamp>218.571504</timestamp>
			</report>
			<report>
				<misses>664001</misses>
				<total>2</total>
				<timestamp>218.901131</timestamp>
			</report>
			<report>
				<misses>665001</misses>
				<total>2</total>
				<timestamp>219.230861</timestamp>
			</report>
			<report>
				<misses>666001</misses>
				<total>2</total>
				<timestamp>219.560495</timestamp>
			</report>
			<report>
				<misses>667001</misses>
				<total>2</total>
				<timestamp>219.890154</timestamp>
			</report>
			<report>
				<misses>668001</misses>
				<total>2</total>
				<timestamp>220.219812</timestamp>
			</report>
			<report>
				<misses>669001</misses>
				<total>2</total>
				<timestamp>220.549511</timestamp>
			</report>
			<report>
				<misses>670001</misses>
				<total>2</total>
				<timestamp>220.879158</timestamp>
			</report>
			<report>
				<misses>671001</misses>
				<total>2</total>
				<timestamp>221.208906</timestamp>
			</report>
			<report>
				<misses>672001</misses>
				<total>2</total>
				<timestamp>221.538526</timestamp>
			</report>
			<report>
				<misses>673001</misses>
				<total>2</total>
				<timestamp>221.868160</timestamp>
			</report>
			<report>
				<misses>674001</misses>
				<total>2</total>
				<timestamp>222.197837</timestamp>
			</report>
			<report>
				<misses>675001</misses>
				<total>2</total>
				<timestamp>222.527508</timestamp>
			</report>
			<report>
				<misses>676001</misses>
				<total>2</total>
				<timestamp>222.857181</timestamp>
			</report>
			<report>
				<misses>677001</misses>
				<total>2</total>
				<timestamp>223.186846</timestamp>
			</report>
			<report>
				<misses>678001</misses>
				<total>2</total>
				<timestamp>223.516552</timestamp>
			</report>
			<report>
				<misses>679001</misses>
				<total>2</total>
				<timestamp>223.846190</timestamp>
			</report>
			<report>
				<misses>680001</misses>
				<total>2</total>
				<timestamp>224.175903</timestamp>
			</report>
			<report>
				<misses>681001</misses>
				<total>2</total>
				<timestamp>224.505580</timestamp>
			</report>
			<report>
				<misses>682001</misses>
				<total>2</total>
				<timestamp>224.835200</timestamp>
			</report>
			<report>
				<misses>683001</misses>
				<total>2</total>
				<timestamp>225.164872</timestamp>
			</report>
			<report>
				<misses>684001</misses>
				<total>2</total>
				<timestamp>225.494549</timestamp>
			</report>
			<report>
				<misses>685001</misses>
				<total>2</total>
				<timestamp>225.824208</timestamp>
			</report>
			<report>
				<misses>686001</misses>
				<total>2</total>
				<timestamp>226.153899</timestamp>
			</report>
			<report>
				<misses>687001</misses>
				<total>2</total>
				<timestamp>226.483552</timestamp>
			</report>
			<report>
				<misses>688001</misses>
				<total>2</total>
				<timestamp>226.813226</timestamp>
			</report>
			<report>
				<misses>689001</misses>
				<total>2</total>
				<timestamp>227.142967</timestamp>
			</report>
			<report>
				<misses>690001</misses>
				<total>2</total>
				<timestamp>227.472588</timestamp>
			</report>
			<report>
				<misses>691001</misses>
				<total>2</total>
				<timestamp>227.802232</timestamp>
			</report>
			<report>
				<misses>692001</misses>
				<total>2</total>
				<timestamp>228.131922</timestamp>
			</report>
			<report>
				<misses>693001</misses>
				<total>2</total>
				<timestamp>228.461580</timestamp>
			</report>
			<report>
				<misses>694001</misses>
				<total>2</total>
				<timestamp>228.791245</timestamp>
			</report>
			<report>
				<misses>695001</misses>
				<total>2</total>
				<timestamp>229.120912</timestamp>
			</report>
			<report>
				<misses>696001</misses>
				<total>2</total>
				<timestamp>229.450577</timestamp>
			</report>
			<report>
				<misses>697001</misses>
				<total>2</total>
				<timestamp>229.780253</timestamp>
			</report>
			<report>
				<misses>698001</misses>
				<total>2</total>
				<timestamp>230.109983</timestamp>
			</report>
			<report>
				<misses>699001</misses>
				<total>2</total>
				<timestamp>230.439587</timestamp>
			</report>
			<report>
				<misses>700001</misses>
				<total>2</total>
				<timestamp>230.769288</timestamp>
			</report>
			<report>
				<misses>701001</misses>
				<total>2</total>
				<timestamp>231.099022</timestamp>
			</report>
			<report>
				<misses>702001</misses>
				<total>2</total>
				<timestamp>231.428600</timestamp>
			</report>
			<report>
				<misses>703001</misses>
				<total>2</total>
				<timestamp>231.758270</timestamp>
			</report>
			<report>
				<misses>704001</misses>
				<total>2</total>
				<timestamp>232.087957</timestamp>
			</report>
			<report>
				<misses>705001</misses>
				<total>2</total>
				<timestamp>232.417601</timestamp>
			</report>
			<report>
				<misses>706001</misses>
				<total>2</total>
				<timestamp>232.747278</timestamp>
			</report>
			<report>
				<misses>707001</misses>
				<total>2</total>
				<timestamp>233.076956</timestamp>
			</report>
			<report>
				<misses>708001</misses>
				<total>2</total>
				<timestamp>233.406626</timestamp>
			</report>
			<report>
				<misses>709001</misses>
				<total>2</total>
				<timestamp>233.736276</timestamp>
			</report>
			<report>
				<misses>710001</misses>
				<total>2</total>
				<timestamp>234.065957</timestamp>
			</report>
			<report>
				<misses>711001</misses>
				<total>2</total>
				<timestamp>234.395630</timestamp>
			</report>
			<report>
				<misses>712001</misses>
				<total>2</total>
				<timestamp>234.725316</timestamp>
			</report>
			<report>
				<misses>713001</misses>
				<total>2</total>
				<timestamp>235.054989</timestamp>
			</report>
			<report>
				<misses>714001</misses>
				<total>2</total>
				<timestamp>235.384625</timestamp>
			</report>
			<report>
				<misses>715001</misses>
				<total>2</total>
				<timestamp>235.714350</timestamp>
			</report>
			<report>
				<misses>716001</misses>
				<total>2</total>
				<timestamp>236.044047</timestamp>
			</report>
			<report>
				<misses>717001</misses>
				<total>2</total>
				<timestamp>236.373652</timestamp>
			</report>
			<report>
				<misses>718001</misses>
				<total>2</total>
				<timestamp>236.703359</timestamp>
			</report>
			<report>
				<misses>719001</misses>
				<total>2</total>
				<timestamp>237.032976</timestamp>
			</report>
			<report>
				<misses>720001</misses>
				<total>2</total>
				<timestamp>237.362656</timestamp>
			</report>
			<report>
				<misses>721001</misses>
				<total>2</total>
				<timestamp>237.692341</timestamp>
			</report>
			<report>
				<misses>722001</misses>
				<total>2</total>
				<timestamp>238.021999</timestamp>
			</report>
			<report>
				<misses>723001</misses>
				<total>2</total>
				<timestamp>238.351668</timestamp>
			</report>
			<report>
				<misses>724001</misses>
				<total>2</total>
				<timestamp>238.681365</timestamp>
			</report>
			<report>
				<misses>725001</misses>
				<total>2</total>
				<timestamp>239.011021</timestamp>
			</report>
			<report>
				<misses>726001</misses>
				<total>2</total>
				<timestamp>239.340673</timestamp>
			</report>
			<report>
				<misses>727001</misses>
				<total>2</total>
				<timestamp>239.670448</timestamp>
			</report>
			<report>
				<misses>728001</misses>
				<total>2</total>
				<timestamp>240.000028</timestamp>
			</report>
			<report>
				<misses>729001</misses>
				<total>2</total>
				<timestamp>240.329689</timestamp>
			</report>
			<report>
				<misses>730001</misses>
				<total>2</total>
				<timestamp>240.659374</timestamp>
			</report>
			<report>
				<misses>731001</misses>
				<total>2</total>
				<timestamp>240.989026</timestamp>
			</report>
			<report>
				<misses>732001</misses>
				<total>2</total>
				<timestamp>241.318770</timestamp>
			</report>
			<report>
				<misses>733001</misses>
				<total>2</total>
				<timestamp>241.648379</timestamp>
			</report>
			<report>
				<misses>734001</misses>
				<total>2</total>
				<timestamp>241.978044</timestamp>
			</report>
			<report>
				<misses>735001</misses>
				<total>2</total>
				<timestamp>242.307782</timestamp>
			</report>
			<report>
				<misses>736001</misses>
				<total>2</total>
				<timestamp>242.637392</timestamp>
			</report>
			<report>
				<misses>737001</misses>
				<total>2</total>
				<timestamp>242.967042</timestamp>
			</report>
			<report>
				<misses>738001</misses>
				<total>2</total>
				<timestamp>243.296719</timestamp>
			</report>
			<report>
				<misses>739001</misses>
				<total>2</total>
				<timestamp>243.626400</timestamp>
			</report>
			<report>
				<misses>740001</misses>
				<total>2</total>
				<timestamp>243.956050</timestamp>
			</report>
			<report>
				<misses>741001</misses>
				<total>2</total>
				<timestamp>244.285772</timestamp>
			</report>
			<report>
				<misses>742001</misses>
				<total>2</total>
				<timestamp>244.615440</timestamp>
			</report>
			<report>
				<misses>743001</misses>
				<total>2</total>
				<timestamp>244.945087</timestamp>
			</report>
			<report>
				<misses>744001</misses>
				<total>2</total>
				<timestamp>245.274763</timestamp>
			</report>
			<report>
				<misses>745001</misses>
				<total>2</total>
				<timestamp>245.604423</timestamp>
			</report>
			<report>
				<misses>746001</misses>
				<total>2</total>
				<timestamp>245.934088</timestamp>
			</report>
			<report>
				<misses>747001</misses>
				<total>2</total>
				<timestamp>246.263805</timestamp>
			</report>
			<report>
				<misses>748001</misses>
				<total>2</total>
				<timestamp>246.593428</timestamp>
			</report>
			<report>
				<misses>749001</misses>
				<total>2</total>
				<timestamp>246.923099</timestamp>
			</report>
			<report>
				<misses>750001</misses>
				<total>2</total>
				<timestamp>247.252791</timestamp>
			</report>
			<report>
				<misses>751001</misses>
				<total>2</total>
				<timestamp>247.582447</timestamp>
			</report>
			<report>
				<misses>752001</misses>
				<total>2</total>
				<timestamp>247.912094</timestamp>
			</report>
			<report>
				<misses>753001</misses>
				<total>2</total>
				<timestamp>248.241838</timestamp>
			</report>
			<report>
				<misses>754001</misses>
				<total>2</total>
				<timestamp>248.571434</timestamp>
			</report>
			<report>
				<misses>755001</misses>
				<total>2</total>
				<timestamp>248.901106</timestamp>
			</report>
			<report>
				<misses>756001</misses>
				<total>2</total>
				<timestamp>249.230782</timestamp>
			</report>
			<report>
				<misses>757001</misses>
				<total>2</total>
				<timestamp>249.560438</timestamp>
			</report>
			<report>
				<misses>758001</misses>
				<total>2</total>
				<timestamp>249.890130</timestamp>
			</report>
			<report>
				<misses>759001</misses>
				<total>2</total>
				<timestamp>250.219863</timestamp>
			</report>
			<report>
				<misses>760001</misses>
				<total>2</total>
				<timestamp>250.549446</timestamp>
			</report>
			<report>
				<misses>761001</misses>
				<total>2</total>
				<timestamp>250.879153</timestamp>
			</report>
			<report>
				<misses>762001</misses>
				<total>2</total>
				<timestamp>251.208856</timestamp>
			</report>
			<report>
				<misses>763001</misses>
				<total>2</total>
				<timestamp>251.538472</timestamp>
			</report>
			<report>
				<misses>764001</misses>
				<total>2</total>
				<timestamp>251.868154</timestamp>
			</report>
			<report>
				<misses>765001</misses>
				<total>2</total>
				<timestamp>252.197818</timestamp>
			</report>
			<report>
				<misses>766001</misses>
				<total>2</total>
				<timestamp>252.527485</timestamp>
			</report>
			<report>
				<misses>767001</misses>
				<total>2</total>
				<timestamp>252.857190</timestamp>
			</report>
			<report>
				<misses>768001</misses>
				<total>2</total>
				<timestamp>253.186821</timestamp>
			</report>
			<report>
				<misses>769001</misses>
				<total>2</total>
				<timestamp>253.516559</timestamp>
			</report>
			<report>
				<misses>770001</misses>
				<total>2</total>
				<timestamp>253.846214</timestamp>
			</report>
			<report>
				<misses>771001</misses>
				<total>2</total>
				<timestamp>254.175827</timestamp>
			</report>
			<report>
				<misses>772001</misses>
				<total>2</total>
				<timestamp>254.505494</timestamp>
			</report>
			<report>
				<misses>773001</misses>
				<total>2</total>
				<timestamp>254.835197</timestamp>
			</report>
			<report>
				<misses>774001</misses>
				<total>2</total>
				<timestamp>255.164875</timestamp>
			</report>
			<report>
				<misses>775001</misses>
				<total>2</total>
				<timestamp>255.494508</timestamp>
			</report>
			<report>
				<misses>776001</misses>
				<total>2</total>
				<timestamp>255.824206</timestamp>
			</report>
			<report>
				<misses>777001</misses>
				<total>2</total>
				<timestamp>256.153946</timestamp>
			</report>
			<report>
				<misses>778001</misses>
				<total>2</total>
				<timestamp>256.483540</timestamp>
			</report>
			<report>
				<misses>779001</misses>
				<total>2</total>
				<timestamp>256.813240</timestamp>
			</report>
			<report>
				<misses>780001</misses>
				<total>2</total>
				<timestamp>257.142878</timestamp>
			</report>
			<report>
				<misses>781001</misses>
				<total>2</total>
				<timestamp>257.472543</timestamp>
			</report>
			<report>
				<misses>782001</misses>
				<total>2</total>
				<timestamp>257.802231</timestamp>
			</report>
			<report>
				<misses>783001</misses>
				<total>2</total>
				<timestamp>258.131941</timestamp>
			</report>
			<report>
				<misses>784001</misses>
				<total>2</total>
				<timestamp>258.461560</timestamp>
			</report>
			<report>
				<misses>785001</misses>
				<total>2</total>
				<timestamp>258.791246</timestamp>
			</report>
			<report>
				<misses>786001</misses>
				<total>2</total>
				<timestamp>259.120894</timestamp>
			</report>
			<report>
				<misses>787001</misses>
				<total>2</total>
				<timestamp>259.450568</timestamp>
			</report>
			<report>
				<misses>788001</misses>
				<total>2</total>
				<timestamp>259.780244</timestamp>
			</report>
			<report>
				<misses>789001</misses>
				<total>2</total>
				<timestamp>260.109897</timestamp>
			</report>
			<report>
				<misses>790001</misses>
				<total>2</total>
				<timestamp>260.439579</timestamp>
			</report>
			<report>
				<misses>791001</misses>
				<total>2</total>
				<timestamp>260.769266</timestamp>
			</report>
			<report>
				<misses>792001</misses>
				<total>2</total>
				<timestamp>261.098886</timestamp>
			</report>
			<report>
				<misses>793001</misses>
				<total>2</total>
				<timestamp>261.428565</timestamp>
			</report>
			<report>
				<misses>794001</misses>
				<total>2</total>
				<timestamp>261.758249</timestamp>
			</report>
			<report>
				<misses>795001</misses>
				<total>2</total>
				<timestamp>262.087907</timestamp>
			</report>
			<report>
				<misses>796001</misses>
				<total>2</total>
				<timestamp>262.417577</timestamp>
			</report>
			<report>
				<misses>797001</misses>
				<total>2</total>
				<timestamp>262.747265</timestamp>
			</report>
			<report>
				<misses>798001</misses>
				<total>2</total>
				<timestamp>263.076910</timestamp>
			</report>
			<report>
				<misses>799001</misses>
				<total>2</total>
				<timestamp>263.406679</timestamp>
			</report>
			<report>
				<misses>800001</misses>
				<total>2</total>
				<timestamp>263.736295</timestamp>
			</report>
			<report>
				<misses>801001</misses>
				<total>2</total>
				<timestamp>264.065975</timestamp>
			</report>
			<report>
				<misses>802001</misses>
				<total>2</total>
				<timestamp>264.395654</timestamp>
			</report>
			<report>
				<misses>803001</misses>
				<total>2</total>
				<timestamp>264.725306</timestamp>
			</report>
			<report>
				<misses>804001</misses>
				<total>2</total>
				<timestamp>265.054943</timestamp>
			</report>
			<report>
				<misses>805001</misses>
				<total>2</total>
				<timestamp>265.384644</timestamp>
			</report>
			<report>
				<misses>806001</misses>
				<total>2</total>
				<timestamp>265.714333</timestamp>
			</report>
			<report>
				<misses>807001</misses>
				<total>2</total>
				<timestamp>266.043948</timestamp>
			</report>
			<report>
				<misses>808001</misses>
				<total>2</total>
				<timestamp>266.373663</timestamp>
			</report>
			<report>
				<misses>809001</misses>
				<total>2</total>
				<timestamp>266.703305</timestamp>
			</report>
			<report>
				<misses>810001</misses>
				<total>2</total>
				<timestamp>267.032967</timestamp>
			</report>
			<report>
				<misses>811001</misses>
				<total>2</total>
				<timestamp>267.362677</timestamp>
			</report>
			<report>
				<misses>812001</misses>
				<total>2</total>
				<timestamp>267.692304</timestamp>
			</report>
			<report>
				<misses>813001</misses>
				<total>2</total>
				<timestamp>268.021975</timestamp>
			</report>
			<report>
				<misses>814001</misses>
				<total>2</total>
				<timestamp>268.351658</timestamp>
			</report>
			<report>
				<misses>815001</misses>
				<total>2</total>
				<timestamp>268.681307</timestamp>
			</report>
			<report>
				<misses>816001</misses>
				<total>2</total>
				<timestamp>269.010986</timestamp>
			</report>
			<report>
				<misses>817001</misses>
				<total>2</total>
				<timestamp>269.340691</timestamp>
			</report>
			<report>
				<misses>818001</misses>
				<total>2</total>
				<timestamp>269.670324</timestamp>
			</report>
			<report>
				<misses>819001</misses>
				<total>2</total>
				<timestamp>269.999988</timestamp>
			</report>
			<report>
				<misses>820001</misses>
				<total>2</total>
				<timestamp>270.329726</timestamp>
			</report>
			<report>
				<misses>821001</misses>
				<total>2</total>
				<timestamp>270.659324</timestamp>
			</report>
			<report>
				<misses>822001</misses>
				<total>2</total>
				<timestamp>270.989003</timestamp>
			</report>
			<report>
				<misses>823001</misses>
				<total>2</total>
				<timestamp>271.318730</timestamp>
			</report>
			<report>
				<misses>824001</misses>
				<total>2</total>
				<timestamp>271.648348</timestamp>
			</report>
			<report>
				<misses>825001</misses>
				<total>2</total>
				<timestamp>271.978030</timestamp>
			</report>
			<report>
				<misses>826001</misses>
				<total>2</total>
				<timestamp>272.307710</timestamp>
			</report>
			<report>
				<misses>827001</misses>
				<total>2</total>
				<timestamp>272.637354</timestamp>
			</report>
			<report>
				<misses>828001</misses>
				<total>2</total>
				<timestamp>272.967020</timestamp>
			</report>
			<report>
				<misses>829001</misses>
				<total>2</total>
				<timestamp>273.296703</timestamp>
			</report>
			<report>
				<misses>830001</misses>
				<total>2</total>
				<timestamp>273.626364</timestamp>
			</report>
			<report>
				<misses>831001</misses>
				<total>2</total>
				<timestamp>273.956043</timestamp>
			</report>
			<report>
				<misses>832001</misses>
				<total>2</total>
				<timestamp>274.285713</timestamp>
			</report>
			<report>
				<misses>833001</misses>
				<total>2</total>
				<timestamp>274.615385</timestamp>
			</report>
			<report>
				<misses>834001</misses>
				<total>2</total>
				<timestamp>274.945063</timestamp>
			</report>
			<report>
				<misses>835001</misses>
				<total>2</total>
				<timestamp>275.274707</timestamp>
			</report>
			<report>
				<misses>836001</misses>
				<total>2</total>
				<timestamp>275.604401</timestamp>
			</report>
			<report>
				<misses>837001</misses>
				<total>2</total>
				<timestamp>275.934053</timestamp>
			</report>
			<report>
				<misses>838001</misses>
				<total>2</total>
				<timestamp>276.263722</timestamp>
			</report>
			<report>
				<misses>839001</misses>
				<total>2</total>
				<timestamp>276.593387</timestamp>
			</report>
			<report>
				<misses>840001</misses>
				<total>2</total>
				<timestamp>276.923108</timestamp>
			</report>
			<report>
				<misses>841001</misses>
				<total>2</total>
				<timestamp>277.252757</timestamp>
			</report>
			<report>
				<misses>842001</misses>
				<total>2</total>
				<timestamp>277.582406</timestamp>
			</report>
			<report>
				<misses>843001</misses>
				<total>2</total>
				<timestamp>277.912100</timestamp>
			</report>
			<report>
				<misses>844001</misses>
				<total>2</total>
				<timestamp>278.241735</timestamp>
			</report>
			<report>
				<misses>845001</misses>
				<total>2</total>
				<timestamp>278.571414</timestamp>
			</report>
			<report>
				<misses>846001</misses>
				<total>2</total>
				<timestamp>278.901116</timestamp>
			</report>
			<report>
				<misses>847001</misses>
				<total>2</total>
				<timestamp>279.230802</timestamp>
			</report>
			<report>
				<misses>848001</misses>
				<total>2</total>
				<timestamp>279.560420</timestamp>
			</report>
			<report>
				<misses>849001</misses>
				<total>2</total>
				<timestamp>279.890107</timestamp>
			</report>
			<report>
				<misses>850001</misses>
				<total>2</total>
				<timestamp>280.219760</timestamp>
			</report>
			<report>
				<misses>851001</misses>
				<total>2</total>
				<timestamp>280.549442</timestamp>
			</report>
			<report>
				<misses>852001</misses>
				<total>2</total>
				<timestamp>280.879126</timestamp>
			</report>
			<report>
				<misses>853001</misses>
				<total>2</total>
				<timestamp>281.208759</timestamp>
			</report>
			<report>
				<misses>854001</misses>
				<total>2</total>
				<timestamp>281.538435</timestamp>
			</report>
			<report>
				<misses>855001</misses>
				<total>2</total>
				<timestamp>281.868104</timestamp>
			</report>
			<report>
				<misses>856001</misses>
				<total>2</total>
				<timestamp>282.197777</timestamp>
			</report>
			<report>
				<misses>857001</misses>
				<total>2</total>
				<timestamp>282.527470</timestamp>
			</report>
			<report>
				<misses>858001</misses>
				<total>2</total>
				<timestamp>282.857139</timestamp>
			</report>
			<report>
				<misses>859001</misses>
				<total>2</total>
				<timestamp>283.186794</timestamp>
			</report>
			<report>
				<misses>860001</misses>
				<total>2</total>
				<timestamp>283.516470</timestamp>
			</report>
			<report>
				<misses>861001</misses>
				<total>2</total>
				<timestamp>283.846180</timestamp>
			</report>
			<report>
				<misses>862001</misses>
				<total>2</total>
				<timestamp>284.175798</timestamp>
			</report>
			<report>
				<misses>863001</misses>
				<total>2</total>
				<timestamp>284.505493</timestamp>
			</report>
			<report>
				<misses>864001</misses>
				<total>2</total>
				<timestamp>284.835148</timestamp>
			</report>
			<report>
				<misses>865001</misses>
				<total>2</total>
				<timestamp>285.164835</timestamp>
			</report>
			<report>
				<misses>866001</misses>
				<total>2</total>
				<timestamp>285.494471</timestamp>
			</report>
			<report>
				<misses>867001</misses>
				<total>2</total>
				<timestamp>285.824169</timestamp>
			</report>
			<report>
				<misses>868001</misses>
				<total>2</total>
				<timestamp>286.153824</timestamp>
			</report>
			<report>
				<misses>869001</misses>
				<total>2</total>
				<timestamp>286.483531</timestamp>
			</report>
			<report>
				<misses>870001</misses>
				<total>2</total>
				<timestamp>286.813198</timestamp>
			</report>
			<report>
				<misses>871001</misses>
				<total>2</total>
				<timestamp>287.142843</timestamp>
			</report>
			<report>
				<misses>872001</misses>
				<total>2</total>
				<timestamp>287.472572</timestamp>
			</report>
			<report>
				<misses>873001</misses>
				<total>2</total>
				<timestamp>287.802177</timestamp>
			</report>
			<report>
				<misses>874001</misses>
				<total>2</total>
				<timestamp>288.131835</timestamp>
			</report>
			<report>
				<misses>875001</misses>
				<total>2</total>
				<timestamp>288.461569</timestamp>
			</report>
			<report>
				<misses>876001</misses>
				<total>2</total>
				<timestamp>288.791214</timestamp>
			</report>
			<report>
				<misses>877001</misses>
				<total>2</total>
				<timestamp>289.120844</timestamp>
			</report>
			<report>
				<misses>878001</misses>
				<total>2</total>
				<timestamp>289.450532</timestamp>
			</report>
			<report>
				<misses>879001</misses>
				<total>2</total>
				<timestamp>289.780190</timestamp>
			</report>
			<report>
				<misses>880001</misses>
				<total>2</total>
				<timestamp>290.109852</timestamp>
			</report>
			<report>
				<misses>881001</misses>
				<total>2</total>
				<timestamp>290.439578</timestamp>
			</report>
			<report>
				<misses>882001</misses>
				<total>2</total>
				<timestamp>290.769194</timestamp>
			</report>
			<report>
				<misses>883001</misses>
				<total>2</total>
				<timestamp>291.098894</timestamp>
			</report>
			<report>
				<misses>884001</misses>
				<total>2</total>
				<timestamp>291.428604</timestamp>
			</report>
			<report>
				<misses>885001</misses>
				<total>2</total>
				<timestamp>291.758213</timestamp>
			</report>
			<report>
				<misses>886001</misses>
				<total>2</total>
				<timestamp>292.087868</timestamp>
			</report>
			<report>
				<misses>887001</misses>
				<total>2</total>
				<timestamp>292.417557</timestamp>
			</report>
			<report>
				<misses>888001</misses>
				<total>2</total>
				<timestamp>292.747206</timestamp>
			</report>
			<report>
				<misses>889001</misses>
				<total>2</total>
				<timestamp>293.076918</timestamp>
			</report>
			<report>
				<misses>890001</misses>
				<total>2</total>
				<timestamp>293.406571</timestamp>
			</report>
			<report>
				<misses>891001</misses>
				<total>2</total>
				<timestamp>293.736222</timestamp>
			</report>
			<report>
				<misses>892001</misses>
				<total>2</total>
				<timestamp>294.065909</timestamp>
			</report>
			<report>
				<misses>893001</misses>
				<total>2</total>
				<timestamp>294.395600</timestamp>
			</report>
			<report>
				<misses>894001</misses>
				<total>2</total>
				<timestamp>294.725231</timestamp>
			</report>
			<report>
				<misses>895001</misses>
				<total>2</total>
				<timestamp>295.054922</timestamp>
			</report>
			<report>
				<misses>896001</misses>
				<total>2</total>
				<timestamp>295.384576</timestamp>
			</report>
			<report>
				<misses>897001</misses>
				<total>2</total>
				<timestamp>295.714246</timestamp>
			</report>
			<report>
				<misses>898001</misses>
				<total>2</total>
				<timestamp>296.043944</timestamp>
			</report>
			<report>
				<misses>899001</misses>
				<total>2</total>
				<timestamp>296.373681</timestamp>
			</report>
			<report>
				<misses>900001</misses>
				<total>2</total>
				<timestamp>296.703265</timestamp>
			</report>
			<report>
				<misses>901001</misses>
				<total>2</total>
				<timestamp>297.032969</timestamp>
			</report>
			<report>
				<misses>902001</misses>
				<total>2</total>
				<timestamp>297.362650</timestamp>
			</report>
			<report>
				<misses>903001</misses>
				<total>2</total>
				<timestamp>297.692258</timestamp>
			</report>
			<report>
				<misses>904001</misses>
				<total>2</total>
				<timestamp>298.021985</timestamp>
			</report>
			<report>
				<misses>905001</misses>
				<total>2</total>
				<timestamp>298.351599</timestamp>
			</report>
			<report>
				<misses>906001</misses>
				<total>2</total>
				<timestamp>298.681291</timestamp>
			</report>
			<report>
				<misses>907001</misses>
				<total>2</total>
				<timestamp>299.011010</timestamp>
			</report>
			<report>
				<misses>908001</misses>
				<total>2</total>
				<timestamp>299.340618</timestamp>
			</report>
			<report>
				<misses>909001</misses>
				<total>2</total>
				<timestamp>299.670273</timestamp>
			</report>
			<report>
				<misses>910001</misses>
				<total>2</total>
				<timestamp>299.999977</timestamp>
			</report>
			<report>
				<misses>911001</misses>
				<total>2</total>
				<timestamp>300.329620</timestamp>
			</report>
			<report>
				<misses>912001</misses>
				<total>2</total>
				<timestamp>300.659298</timestamp>
			</report>
			<report>
				<misses>913001</misses>
				<total>2</total>
				<timestamp>300.988985</timestamp>
			</report>
			<report>
				<misses>914001</misses>
				<total>2</total>
				<timestamp>301.318622</timestamp>
			</report>
			<report>
				<misses>915001</misses>
				<total>2</total>
				<timestamp>301.648307</timestamp>
			</report>
			<report>
				<misses>916001</misses>
				<total>2</total>
				<timestamp>301.977999</timestamp>
			</report>
			<report>
				<misses>917001</misses>
				<total>2</total>
				<timestamp>302.307681</timestamp>
			</report>
			<report>
				<misses>918001</misses>
				<total>2</total>
				<timestamp>302.637318</timestamp>
			</report>
			<report>
				<misses>919001</misses>
				<total>2</total>
				<timestamp>302.966998</timestamp>
			</report>
			<report>
				<misses>920001</misses>
				<total>2</total>
				<timestamp>303.296658</timestamp>
			</report>
			<report>
				<misses>921001</misses>
				<total>2</total>
				<timestamp>303.626326</timestamp>
			</report>
			<report>
				<misses>922001</misses>
				<total>2</total>
				<timestamp>303.956008</timestamp>
			</report>
			<report>
				<misses>923001</misses>
				<total>2</total>
				<timestamp>304.285709</timestamp>
			</report>
			<report>
				<misses>924001</misses>
				<total>2</total>
				<timestamp>304.615340</timestamp>
			</report>
			<report>
				<misses>925001</misses>
				<total>2</total>
				<timestamp>304.945044</timestamp>
			</report>
			<report>
				<misses>926001</misses>
				<total>2</total>
				<timestamp>305.274673</timestamp>
			</report>
			<report>
				<misses>927001</misses>
				<total>2</total>
				<timestamp>305.604441</timestamp>
			</report>
			<report>
				<misses>928001</misses>
				<total>2</total>
				<timestamp>305.934034</timestamp>
			</report>
			<report>
				<misses>929001</misses>
				<total>2</total>
				<timestamp>306.263708</timestamp>
			</report>
			<report>
				<misses>930001</misses>
				<total>2</total>
				<timestamp>306.593387</timestamp>
			</report>
			<report>
				<misses>931001</misses>
				<total>2</total>
				<timestamp>306.923054</timestamp>
			</report>
			<report>
				<misses>932001</misses>
				<total>2</total>
				<timestamp>307.252710</timestamp>
			</report>
			<report>
				<misses>933001</misses>
				<total>2</total>
				<timestamp>307.582360</timestamp>
			</report>
			<report>
				<misses>934001</misses>
				<total>2</total>
				<timestamp>307.912066</timestamp>
			</report>
			<report>
				<misses>935001</misses>
				<total>2</total>
				<timestamp>308.241698</timestamp>
			</report>
			<report>
				<misses>936001</misses>
				<total>2</total>
				<timestamp>308.571393</timestamp>
			</report>
			<report>
				<misses>937001</misses>
				<total>2</total>
				<timestamp>308.901045</timestamp>
			</report>
			<report>
				<misses>938001</misses>
				<total>2</total>
				<timestamp>309.230720</timestamp>
			</report>
			<report>
				<misses>939001</misses>
				<total>2</total>
				<timestamp>309.560419</timestamp>
			</report>
			<report>
				<misses>940001</misses>
				<total>2</total>
				<timestamp>309.890057</timestamp>
			</report>
			<report>
				<misses>941001</misses>
				<total>2</total>
				<timestamp>310.219729</timestamp>
			</report>
			<report>
				<misses>942001</misses>
				<total>2</total>
				<timestamp>310.549406</timestamp>
			</report>
			<report>
				<misses>943001</misses>
				<total>2</total>
				<timestamp>310.879078</timestamp>
			</report>
			<report>
				<misses>944001</misses>
				<total>2</total>
				<timestamp>311.208740</timestamp>
			</report>
			<report>
				<misses>945001</misses>
				<total>2</total>
				<timestamp>311.538431</timestamp>
			</report>
			<report>
				<misses>946001</misses>
				<total>2</total>
				<timestamp>311.868091</timestamp>
			</report>
			<report>
				<misses>947001</misses>
				<total>2</total>
				<timestamp>312.197759</timestamp>
			</report>
			<report>
				<misses>948001</misses>
				<total>2</total>
				<timestamp>312.527427</timestamp>
			</report>
			<report>
				<misses>949001</misses>
				<total>2</total>
				<timestamp>312.857096</timestamp>
			</report>
			<report>
				<misses>950001</misses>
				<total>2</total>
				<timestamp>313.186766</timestamp>
			</report>
			<report>
				<misses>951001</misses>
				<total>2</total>
				<timestamp>313.516431</timestamp>
			</report>
			<report>
				<misses>952001</misses>
				<total>2</total>
				<timestamp>313.846103</timestamp>
			</report>
			<report>
				<misses>953001</misses>
				<total>2</total>
				<timestamp>314.175770</timestamp>
			</report>
			<report>
				<misses>954001</misses>
				<total>2</total>
				<timestamp>314.505433</timestamp>
			</report>
			<report>
				<misses>955001</misses>
				<total>2</total>
				<timestamp>314.835127</timestamp>
			</report>
			<report>
				<misses>956001</misses>
				<total>2</total>
				<timestamp>315.164790</timestamp>
			</report>
			<report>
				<misses>957001</misses>
				<total>2</total>
				<timestamp>315.494443</timestamp>
			</report>
			<report>
				<misses>958001</misses>
				<total>2</total>
				<timestamp>315.824152</timestamp>
			</report>
			<report>
				<misses>959001</misses>
				<total>2</total>
				<timestamp>316.153827</timestamp>
			</report>
			<report>
				<misses>960001</misses>
				<total>2</total>
				<timestamp>316.483517</timestamp>
			</report>
			<report>
				<misses>961001</misses>
				<total>2</total>
				<timestamp>316.813162</timestamp>
			</report>
			<report>
				<misses>962001</misses>
				<total>2</total>
				<timestamp>317.142827</timestamp>
			</report>
			<report>
				<misses>963001</misses>
				<total>2</total>
				<timestamp>317.472529</timestamp>
			</report>
			<report>
				<misses>964001</misses>
				<total>2</total>
				<timestamp>317.802161</timestamp>
			</report>
			<report>
				<misses>965001</misses>
				<total>2</total>
				<timestamp>318.131806</timestamp>
			</report>
			<report>
				<misses>966001</misses>
				<total>2</total>
				<timestamp>318.461552</timestamp>
			</report>
			<report>
				<misses>967001</misses>
				<total>2</total>
				<timestamp>318.791140</timestamp>
			</report>
			<report>
				<misses>968001</misses>
				<total>2</total>
				<timestamp>319.120823</timestamp>
			</report>
			<report>
				<misses>969001</misses>
				<total>2</total>
				<timestamp>319.450497</timestamp>
			</report>
			<report>
				<misses>970001</misses>
				<total>2</total>
				<timestamp>319.780174</timestamp>
			</report>
			<report>
				<misses>971001</misses>
				<total>2</total>
				<timestamp>320.109851</timestamp>
			</report>
			<report>
				<misses>972001</misses>
				<total>2</total>
				<timestamp>320.439576</timestamp>
			</report>
			<report>
				<misses>973001</misses>
				<total>2</total>
				<timestamp>320.769182</timestamp>
			</report>
			<report>
				<misses>974001</misses>
				<total>2</total>
				<timestamp>321.098837</timestamp>
			</report>
			<report>
				<misses>975001</misses>
				<total>2</total>
				<timestamp>321.428546</timestamp>
			</report>
			<report>
				<misses>976001</misses>
				<total>2</total>
				<timestamp>321.758210</timestamp>
			</report>
			<report>
				<misses>977001</misses>
				<total>2</total>
				<timestamp>322.087877</timestamp>
			</report>
			<report>
				<misses>978001</misses>
				<total>2</total>
				<timestamp>322.417522</timestamp>
			</report>
			<report>
				<misses>979001</misses>
				<total>2</total>
				<timestamp>322.747233</timestamp>
			</report>
			<report>
				<misses>980001</misses>
				<total>2</total>
				<timestamp>323.076872</timestamp>
			</report>
			<report>
				<misses>981001</misses>
				<total>2</total>
				<timestamp>323.406586</timestamp>
			</report>
			<report>
				<misses>982001</misses>
				<total>2</total>
				<timestamp>323.736185</timestamp>
			</report>
			<report>
				<misses>983001</misses>
				<total>2</total>
				<timestamp>324.065885</timestamp>
			</report>
			<report>
				<misses>984001</misses>
				<total>2</total>
				<timestamp>324.395633</timestamp>
			</report>
			<report>
				<misses>985001</misses>
				<total>2</total>
				<timestamp>324.725216</timestamp>
			</report>
			<report>
				<misses>986001</misses>
				<total>2</total>
				<timestamp>325.054882</timestamp>
			</report>
			<report>
				<misses>987001</misses>
				<total>2</total>
				<timestamp>325.384611</timestamp>
			</report>
			<report>
				<misses>988001</misses>
				<total>2</total>
				<timestamp>325.714234</timestamp>
			</report>
			<report>
				<misses>989001</misses>
				<total>2</total>
				<timestamp>326.043896</timestamp>
			</report>
			<report>
				<misses>990001</misses>
				<total>2</total>
				<timestamp>326.373606</timestamp>
			</report>
			<report>
				<misses>991001</misses>
				<total>2</total>
				<timestamp>326.703230</timestamp>
			</report>
			<report>
				<misses>992001</misses>
				<total>2</total>
				<timestamp>327.032932</timestamp>
			</report>
			<report>
				<misses>993001</misses>
				<total>2</total>
				<timestamp>327.362573</timestamp>
			</report>
			<report>
				<misses>994001</misses>
				<total>2</total>
				<timestamp>327.692251</timestamp>
			</report>
			<report>
				<misses>995001</misses>
				<total>2</total>
				<timestamp>328.021914</timestamp>
			</report>
			<report>
				<misses>996001</misses>
				<total>2</total>
				<timestamp>328.351576</timestamp>
			</report>
			<report>
				<misses>997001</misses>
				<total>2</total>
				<timestamp>328.681263</timestamp>
			</report>
			<report>
				<misses>998001</misses>
				<total>2</total>
				<timestamp>329.010919</timestamp>
			</report>
			<report>
				<misses>999001</misses>
				<total>2</total>
				<timestamp>329.340596</timestamp>
			</report>
			<report>
				<misses>1000001</misses>
				<total>2</total>
				<timestamp>329.670279</timestamp>
			</report>
			<report>
				<misses>1001001</misses>
				<total>2</total>
				<timestamp>329.999926</timestamp>
			</report>
			<report>
				<misses>1002001</misses>
				<total>2</total>
				<timestamp>330.329598</timestamp>
			</report>
			<report>
				<misses>1003001</misses>
				<total>2</total>
				<timestamp>330.659290</timestamp>
			</report>
			<report>
				<misses>1004001</misses>
				<total>2</total>
				<timestamp>330.988929</timestamp>
			</report>
			<report>
				<misses>1005001</misses>
				<total>2</total>
				<timestamp>331.318604</timestamp>
			</report>
			<report>
				<misses>1006001</misses>
				<total>2</total>
				<timestamp>331.648306</timestamp>
			</report>
			<report>
				<misses>1007001</misses>
				<total>2</total>
				<timestamp>331.977967</timestamp>
			</report>
			<report>
				<misses>1008001</misses>
				<total>2</total>
				<timestamp>332.307621</timestamp>
			</report>
			<report>
				<misses>1009001</misses>
				<total>2</total>
				<timestamp>332.637363</timestamp>
			</report>
			<report>
				<misses>1010001</misses>
				<total>2</total>
				<timestamp>332.966962</timestamp>
			</report>
			<report>
				<misses>1011001</misses>
				<total>2</total>
				<timestamp>333.296636</timestamp>
			</report>
			<report>
				<misses>1012001</misses>
				<total>2</total>
				<timestamp>333.626361</timestamp>
			</report>
			<report>
				<misses>1013001</misses>
				<total>2</total>
				<timestamp>333.955962</timestamp>
			</report>
			<report>
				<misses>1014001</misses>
				<total>2</total>
				<timestamp>334.285647</timestamp>
			</report>
			<report>
				<misses>1015001</misses>
				<total>2</total>
				<timestamp>334.615422</timestamp>
			</report>
			<report>
				<misses>1016001</misses>
				<total>2</total>
				<timestamp>334.945026</timestamp>
			</report>
			<report>
				<misses>1017001</misses>
				<total>2</total>
				<timestamp>335.274662</timestamp>
			</report>
			<report>
				<misses>1018001</misses>
				<total>2</total>
				<timestamp>335.604348</timestamp>
			</report>
			<report>
				<misses>1019001</misses>
				<total>2</total>
				<timestamp>335.934005</timestamp>
			</report>
			<report>
				<misses>1020001</misses>
				<total>2</total>
				<timestamp>336.263666</timestamp>
			</report>
			<report>
				<misses>1021001</misses>
				<total>2</total>
				<timestamp>336.593337</timestamp>
			</report>
			<report>
				<misses>1022001</misses>
				<total>2</total>
				<timestamp>336.923005</timestamp>
			</report>
			<report>
				<misses>1023001</misses>
				<total>2</total>
				<timestamp>337.252707</timestamp>
			</report>
			<report>
				<misses>1024001</misses>
				<total>2</total>
				<timestamp>337.582439</timestamp>
			</report>
			<report>
				<misses>1025001</misses>
				<total>2</total>
				<timestamp>337.912008</timestamp>
			</report>
			<report>
				<misses>1026001</misses>
				<total>2</total>
				<timestamp>338.241718</timestamp>
			</report>
			<report>
				<misses>1027001</misses>
				<total>2</total>
				<timestamp>338.571401</timestamp>
			</report>
			<report>
				<misses>1028001</misses>
				<total>2</total>
				<timestamp>338.901007</timestamp>
			</report>
			<report>
				<misses>1029001</misses>
				<total>2</total>
				<timestamp>339.230734</timestamp>
			</report>
			<report>
				<misses>1030001</misses>
				<total>2</total>
				<timestamp>339.560416</timestamp>
			</report>
			<report>
				<misses>1031001</misses>
				<total>2</total>
				<timestamp>339.890021</timestamp>
			</report>
			<report>
				<misses>1032001</misses>
				<total>2</total>
				<timestamp>340.219734</timestamp>
			</report>
			<report>
				<misses>1033001</misses>
				<total>2</total>
				<timestamp>340.549365</timestamp>
			</report>
			<report>
				<misses>1034001</misses>
				<total>2</total>
				<timestamp>340.879031</timestamp>
			</report>
			<report>
				<misses>1035001</misses>
				<total>2</total>
				<timestamp>341.208726</timestamp>
			</report>
			<report>
				<misses>1036001</misses>
				<total>2</total>
				<timestamp>341.538411</timestamp>
			</report>
			<report>
				<misses>1037001</misses>
				<total>2</total>
				<timestamp>341.868044</timestamp>
			</report>
			<report>
				<misses>1038001</misses>
				<total>2</total>
				<timestamp>342.197702</timestamp>
			</report>
			<report>
				<misses>1039001</misses>
				<total>2</total>
				<timestamp>342.527400</timestamp>
			</report>
			<report>
				<misses>1040001</misses>
				<total>2</total>
				<timestamp>342.857054</timestamp>
			</report>
			<report>
				<misses>1041001</misses>
				<total>2</total>
				<timestamp>343.186740</timestamp>
			</report>
			<report>
				<misses>1042001</misses>
				<total>2</total>
				<timestamp>343.516454</timestamp>
			</report>
			<report>
				<misses>1043001</misses>
				<total>2</total>
				<timestamp>343.846080</timestamp>
			</report>
			<report>
				<misses>1044001</misses>
				<total>2</total>
				<timestamp>344.175767</timestamp>
			</report>
			<report>
				<misses>1045001</misses>
				<total>2</total>
				<timestamp>344.505433</timestamp>
			</report>
			<report>
				<misses>1046001</misses>
				<total>2</total>
				<timestamp>344.835092</timestamp>
			</report>
			<report>
				<misses>1047001</misses>
				<total>2</total>
				<timestamp>345.164776</timestamp>
			</report>
			<report>
				<misses>1048001</misses>
				<total>2</total>
				<timestamp>345.494440</timestamp>
			</report>
			<report>
				<misses>1049001</misses>
				<total>2</total>
				<timestamp>345.824110</timestamp>
			</report>
			<report>
				<misses>1050001</misses>
				<total>2</total>
				<timestamp>346.153796</timestamp>
			</report>
			<report>
				<misses>1051001</misses>
				<total>2</total>
				<timestamp>346.483432</timestamp>
			</report>
			<report>
				<misses>1052001</misses>
				<total>2</total>
				<timestamp>346.813114</timestamp>
			</report>
			<report>
				<misses>1053001</misses>
				<total>2</total>
				<timestamp>347.142838</timestamp>
			</report>
			<report>
				<misses>1054001</misses>
				<total>2</total>
				<timestamp>347.472470</timestamp>
			</report>
			<report>
				<misses>1055001</misses>
				<total>2</total>
				<timestamp>347.802106</timestamp>
			</report>
			<report>
				<misses>1056001</misses>
				<total>2</total>
				<timestamp>348.131794</timestamp>
			</report>
			<report>
				<misses>1057001</misses>
				<total>2</total>
				<timestamp>348.461462</timestamp>
			</report>
			<report>
				<misses>1058001</misses>
				<total>2</total>
				<timestamp>348.791126</timestamp>
			</report>
			<report>
				<misses>1059001</misses>
				<total>2</total>
				<timestamp>349.120802</timestamp>
			</report>
			<report>
				<misses>1060001</misses>
				<total>2</total>
				<timestamp>349.450463</timestamp>
			</report>
			<report>
				<misses>1061001</misses>
				<total>2</total>
				<timestamp>349.780134</timestamp>
			</report>
			<report>
				<misses>1062001</misses>
				<total>2</total>
				<timestamp>350.109807</timestamp>
			</report>
			<report>
				<misses>1063001</misses>
				<total>2</total>
				<timestamp>350.439480</timestamp>
			</report>
			<report>
				<misses>1064001</misses>
				<total>2</total>
				<timestamp>350.769142</timestamp>
			</report>
			<report>
				<misses>1065001</misses>
				<total>2</total>
				<timestamp>351.098809</timestamp>
			</report>
			<report>
				<misses>1066001</misses>
				<total>2</total>
				<timestamp>351.428478</timestamp>
			</report>
			<report>
				<misses>1067001</misses>
				<total>2</total>
				<timestamp>351.758189</timestamp>
			</report>
			<report>
				<misses>1068001</misses>
				<total>2</total>
				<timestamp>352.087808</timestamp>
			</report>
			<report>
				<misses>1069001</misses>
				<total>2</total>
				<timestamp>352.417483</timestamp>
			</report>
			<report>
				<misses>1070001</misses>
				<total>2</total>
				<timestamp>352.747168</timestamp>
			</report>
			<report>
				<misses>1071001</misses>
				<total>2</total>
				<timestamp>353.076822</timestamp>
			</report>
			<report>
				<misses>1072001</misses>
				<total>2</total>
				<timestamp>353.406488</timestamp>
			</report>
			<report>
				<misses>1073001</misses>
				<total>2</total>
				<timestamp>353.736154</timestamp>
			</report>
			<report>
				<misses>1074001</misses>
				<total>2</total>
				<timestamp>354.065829</timestamp>
			</report>
			<report>
				<misses>1075001</misses>
				<total>2</total>
				<timestamp>354.395563</timestamp>
			</report>
			<report>
				<misses>1076001</misses>
				<total>2</total>
				<timestamp>354.725226</timestamp>
			</report>
			<report>
				<misses>1077001</misses>
				<total>2</total>
				<timestamp>355.054843</timestamp>
			</report>
			<report>
				<misses>1078001</misses>
				<total>2</total>
				<timestamp>355.384528</timestamp>
			</report>
			<report>
				<misses>1079001</misses>
				<total>2</total>
				<timestamp>355.714183</timestamp>
			</report>
			<report>
				<misses>1080001</misses>
				<total>2</total>
				<timestamp>356.043851</timestamp>
			</report>
			<report>
				<misses>1081001</misses>
				<total>2</total>
				<timestamp>356.373569</timestamp>
			</report>
			<report>
				<misses>1082001</misses>
				<total>2</total>
				<timestamp>356.703246</timestamp>
			</report>
			<report>
				<misses>1083001</misses>
				<total>2</total>
				<timestamp>357.032871</timestamp>
			</report>
			<report>
				<misses>1084001</misses>
				<total>2</total>
				<timestamp>357.362591</timestamp>
			</report>
			<report>
				<misses>1085001</misses>
				<total>2</total>
				<timestamp>357.692235</timestamp>
			</report>
			<report>
				<misses>1086001</misses>
				<total>2</total>
				<timestamp>358.021905</timestamp>
			</report>
			<report>
				<misses>1087001</misses>
				<total>2</total>
				<timestamp>358.351561</timestamp>
			</report>
			<report>
				<misses>1088001</misses>
				<total>2</total>
				<timestamp>358.681219</timestamp>
			</report>
			<report>
				<misses>1089001</misses>
				<total>2</total>
				<timestamp>359.010886</timestamp>
			</report>
			<report>
				<misses>1090001</misses>
				<total>2</total>
				<timestamp>359.340609</timestamp>
			</report>
			<report>
				<misses>1091001</misses>
				<total>2</total>
				<timestamp>359.670297</timestamp>
			</report>
			<report>
				<misses>1092001</misses>
				<total>2</total>
				<timestamp>359.999906</timestamp>
			</report>
			<report>
				<misses>1093001</misses>
				<total>2</total>
				<timestamp>360.329590</timestamp>
			</report>
			<report>
				<misses>1094001</misses>
				<total>2</total>
				<timestamp>360.659274</timestamp>
			</report>
			<report>
				<misses>1095001</misses>
				<total>2</total>
				<timestamp>360.988897</timestamp>
			</report>
			<report>
				<misses>1096001</misses>
				<total>2</total>
				<timestamp>361.318581</timestamp>
			</report>
			<report>
				<misses>1097001</misses>
				<total>2</total>
				<timestamp>361.648345</timestamp>
			</report>
			<report>
				<misses>1098001</misses>
				<total>2</total>
				<timestamp>361.977925</timestamp>
			</report>
			<report>
				<misses>1099001</misses>
				<total>2</total>
				<timestamp>362.307593</timestamp>
			</report>
			<report>
				<misses>1100001</misses>
				<total>2</total>
				<timestamp>362.637300</timestamp>
			</report>
			<report>
				<misses>1101001</misses>
				<total>2</total>
				<timestamp>362.966931</timestamp>
			</report>
			<report>
				<misses>1102001</misses>
				<total>2</total>
				<timestamp>363.296615</timestamp>
			</report>
			<report>
				<misses>1103001</misses>
				<total>2</total>
				<timestamp>363.626258</timestamp>
			</report>
			<report>
				<misses>1104001</misses>
				<total>2</total>
				<timestamp>363.955946</timestamp>
			</report>
			<report>
				<misses>1105001</misses>
				<total>2</total>
				<timestamp>364.285611</timestamp>
			</report>
			<report>
				<misses>1106001</misses>
				<total>2</total>
				<timestamp>364.615310</timestamp>
			</report>
			<report>
				<misses>1107001</misses>
				<total>2</total>
				<timestamp>364.944942</timestamp>
			</report>
			<report>
				<misses>1108001</misses>
				<total>2</total>
				<timestamp>365.274643</timestamp>
			</report>
			<report>
				<misses>1109001</misses>
				<total>2</total>
				<timestamp>365.604318</timestamp>
			</report>
			<report>
				<misses>1110001</misses>
				<total>2</total>
				<timestamp>365.933945</timestamp>
			</report>
			<report>
				<misses>1111001</misses>
				<total>2</total>
				<timestamp>366.263650</timestamp>
			</report>
			<report>
				<misses>1112001</misses>
				<total>2</total>
				<timestamp>366.593298</timestamp>
			</report>
			<report>
				<misses>1113001</misses>
				<total>2</total>
				<timestamp>366.922978</timestamp>
			</report>
			<report>
				<misses>1114001</misses>
				<total>2</total>
				<timestamp>367.252640</timestamp>
			</report>
			<report>
				<misses>1115001</misses>
				<total>2</total>
				<timestamp>367.582400</timestamp>
			</report>
			<report>
				<misses>1116001</misses>
				<total>2</total>
				<timestamp>367.911984</timestamp>
			</report>
			<report>
				<misses>1117001</misses>
				<total>2</total>
				<timestamp>368.241667</timestamp>
			</report>
			<report>
				<misses>1118001</misses>
				<total>2</total>
				<timestamp>368.571333</timestamp>
			</report>
			<report>
				<misses>1119001</misses>
				<total>2</total>
				<timestamp>368.900976</timestamp>
			</report>
			<report>
				<misses>1120001</misses>
				<total>2</total>
				<timestamp>369.230687</timestamp>
			</report>
			<report>
				<misses>1121001</misses>
				<total>2</total>
				<timestamp>369.560346</timestamp>
			</report>
			<report>
				<misses>1122001</misses>
				<total>2</total>
				<timestamp>369.889991</timestamp>
			</report>
			<report>
				<misses>1123001</misses>
				<total>2</total>
				<timestamp>370.219758</timestamp>
			</report>
			<report>
				<misses>1124001</misses>
				<total>2</total>
				<timestamp>370.549348</timestamp>
			</report>
			<report>
				<misses>1125001</misses>
				<total>2</total>
				<timestamp>370.879004</timestamp>
			</report>
			<report>
				<misses>1126001</misses>
				<total>2</total>
				<timestamp>371.208712</timestamp>
			</report>
			<report>
				<misses>1127001</misses>
				<total>2</total>
				<timestamp>371.538382</timestamp>
			</report>
			<report>
				<misses>1128001</misses>
				<total>2</total>
				<timestamp>371.868013</timestamp>
			</report>
			<report>
				<misses>1129001</misses>
				<total>2</total>
				<timestamp>372.197693</timestamp>
			</report>
			<report>
				<misses>1130001</misses>
				<total>2</total>
				<timestamp>372.527350</timestamp>
			</report>
			<report>
				<misses>1131001</misses>
				<total>2</total>
				<timestamp>372.857102</timestamp>
			</report>
			<report>
				<misses>1132001</misses>
				<total>2</total>
				<timestamp>373.186691</timestamp>
			</report>
			<report>
				<misses>1133001</misses>
				<total>2</total>
				<timestamp>373.516373</timestamp>
			</report>
			<report>
				<misses>1134001</misses>
				<total>2</total>
				<timestamp>373.846044</timestamp>
			</report>
			<report>
				<misses>1135001</misses>
				<total>2</total>
				<timestamp>374.175696</timestamp>
			</report>
			<report>
				<misses>1136001</misses>
				<total>2</total>
				<timestamp>374.505376</timestamp>
			</report>
			<report>
				<misses>1137001</misses>
				<total>2</total>
				<timestamp>374.835047</timestamp>
			</report>
			<report>
				<misses>1138001</misses>
				<total>2</total>
				<timestamp>375.164739</timestamp>
			</report>
			<report>
				<misses>1139001</misses>
				<total>2</total>
				<timestamp>375.494408</timestamp>
			</report>
			<report>
				<misses>1140001</misses>
				<total>2</total>
				<timestamp>375.824050</timestamp>
			</report>
			<report>
				<misses>1141001</misses>
				<total>2</total>
				<timestamp>376.153729</timestamp>
			</report>
			<report>
				<misses>1142001</misses>
				<total>2</total>
				<timestamp>376.483395</timestamp>
			</report>
			<report>
				<misses>1143001</misses>
				<total>2</total>
				<timestamp>376.813064</timestamp>
			</report>
			<report>
				<misses>1144001</misses>
				<total>2</total>
				<timestamp>377.142787</timestamp>
			</report>
			<report>
				<misses>1145001</misses>
				<total>2</total>
				<timestamp>377.472415</timestamp>
			</report>
			<report>
				<misses>1146001</misses>
				<total>2</total>
				<timestamp>377.802126</timestamp>
			</report>
			<report>
				<misses>1147001</misses>
				<total>2</total>
				<timestamp>378.131748</timestamp>
			</report>
			<report>
				<misses>1148001</misses>
				<total>2</total>
				<timestamp>378.461493</timestamp>
			</report>
			<report>
				<misses>1149001</misses>
				<total>2</total>
				<timestamp>378.791145</timestamp>
			</report>
			<report>
				<misses>1150001</misses>
				<total>2</total>
				<timestamp>379.120753</timestamp>
			</report>
			<report>
				<misses>1151001</misses>
				<total>2</total>
				<timestamp>379.450442</timestamp>
			</report>
			<report>
				<misses>1152001</misses>
				<total>2</total>
				<timestamp>379.780151</timestamp>
			</report>
			<report>
				<misses>1153001</misses>
				<total>2</total>
				<timestamp>380.109766</timestamp>
			</report>
			<report>
				<misses>1154001</misses>
				<total>2</total>
				<timestamp>380.439486</timestamp>
			</report>
			<report>
				<misses>1155001</misses>
				<total>2</total>
				<timestamp>380.769192</timestamp>
			</report>
			<report>
				<misses>1156001</misses>
				<total>2</total>
				<timestamp>381.098767</timestamp>
			</report>
			<report>
				<misses>1157001</misses>
				<total>2</total>
				<timestamp>381.428512</timestamp>
			</report>
			<report>
				<misses>1158001</misses>
				<total>2</total>
				<timestamp>381.758189</timestamp>
			</report>
			<report>
				<misses>1159001</misses>
				<total>2</total>
				<timestamp>382.087787</timestamp>
			</report>
			<report>
				<misses>1160001</misses>
				<total>2</total>
				<timestamp>382.417460</timestamp>
			</report>
			<report>
				<misses>1161001</misses>
				<total>2</total>
				<timestamp>382.747146</timestamp>
			</report>
			<report>
				<misses>1162001</misses>
				<total>2</total>
				<timestamp>383.076796</timestamp>
			</report>
			<report>
				<misses>1163001</misses>
				<total>2</total>
				<timestamp>383.406477</timestamp>
			</report>
			<report>
				<misses>1164001</misses>
				<total>2</total>
				<timestamp>383.736168</timestamp>
			</report>
			<report>
				<misses>1165001</misses>
				<total>2</total>
				<timestamp>384.065803</timestamp>
			</report>
			<report>
				<misses>1166001</misses>
				<total>2</total>
				<timestamp>384.395490</timestamp>
			</report>
			<report>
				<misses>1167001</misses>
				<total>2</total>
				<timestamp>384.725154</timestamp>
			</report>
			<report>
				<misses>1168001</misses>
				<total>2</total>
				<timestamp>385.054834</timestamp>
			</report>
			<report>
				<misses>1169001</misses>
				<total>2</total>
				<timestamp>385.384494</timestamp>
			</report>
			<report>
				<misses>1170001</misses>
				<total>2</total>
				<timestamp>385.714200</timestamp>
			</report>
			<report>
				<misses>1171001</misses>
				<total>2</total>
				<timestamp>386.043850</timestamp>
			</report>
			<report>
				<misses>1172001</misses>
				<total>2</total>
				<timestamp>386.373515</timestamp>
			</report>
			<report>
				<misses>1173001</misses>
				<total>2</total>
				<timestamp>386.703183</timestamp>
			</report>
			<report>
				<misses>1174001</misses>
				<total>2</total>
				<timestamp>387.032858</timestamp>
			</report>
			<report>
				<misses>1175001</misses>
				<total>2</total>
				<timestamp>387.362530</timestamp>
			</report>
			<report>
				<misses>1176001</misses>
				<total>2</total>
				<timestamp>387.692219</timestamp>
			</report>
			<report>
				<misses>1177001</misses>
				<total>2</total>
				<timestamp>388.021855</timestamp>
			</report>
			<report>
				<misses>1178001</misses>
				<total>2</total>
				<timestamp>388.351550</timestamp>
			</report>
			<report>
				<misses>1179001</misses>
				<total>2</total>
				<timestamp>388.681200</timestamp>
			</report>
			<report>
				<misses>1180001</misses>
				<total>2</total>
				<timestamp>389.010888</timestamp>
			</report>
			<report>
				<misses>1181001</misses>
				<total>2</total>
				<timestamp>389.340554</timestamp>
			</report>
			<report>
				<misses>1182001</misses>
				<total>2</total>
				<timestamp>389.670222</timestamp>
			</report>
			<report>
				<misses>1183001</misses>
				<total>2</total>
				<timestamp>389.999879</timestamp>
			</report>
			<report>
				<misses>1184001</misses>
				<total>2</total>
				<timestamp>390.329559</timestamp>
			</report>
			<report>
				<misses>1185001</misses>
				<total>2</total>
				<timestamp>390.659274</timestamp>
			</report>
			<report>
				<misses>1186001</misses>
				<total>2</total>
				<timestamp>390.988873</timestamp>
			</report>
			<report>
				<misses>1187001</misses>
				<total>2</total>
				<timestamp>391.318575</timestamp>
			</report>
			<report>
				<misses>1188001</misses>
				<total>2</total>
				<timestamp>391.648255</timestamp>
			</report>
			<report>
				<misses>1189001</misses>
				<total>2</total>
				<timestamp>391.977902</timestamp>
			</report>
			<report>
				<misses>1190001</misses>
				<total>2</total>
				<timestamp>392.307564</timestamp>
			</report>
			<report>
				<misses>1191001</misses>
				<total>2</total>
				<timestamp>392.637222</timestamp>
			</report>
			<report>
				<misses>1192001</misses>
				<total>2</total>
				<timestamp>392.966896</timestamp>
			</report>
			<report>
				<misses>1193001</misses>
				<total>2</total>
				<timestamp>393.296566</timestamp>
			</report>
			<report>
				<misses>1194001</misses>
				<total>2</total>
				<timestamp>393.626239</timestamp>
			</report>
			<report>
				<misses>1195001</misses>
				<total>2</total>
				<timestamp>393.955900</timestamp>
			</report>
			<report>
				<misses>1196001</misses>
				<total>2</total>
				<timestamp>394.285632</timestamp>
			</report>
			<report>
				<misses>1197001</misses>
				<total>2</total>
				<timestamp>394.615272</timestamp>
			</report>
			<report>
				<misses>1198001</misses>
				<total>2</total>
				<timestamp>394.944913</timestamp>
			</report>
			<report>
				<misses>1199001</misses>
				<total>2</total>
				<timestamp>395.274597</timestamp>
			</report>
			<report>
				<misses>1200001</misses>
				<total>2</total>
				<timestamp>395.604261</timestamp>
			</report>
			<report>
				<misses>1201001</misses>
				<total>2</total>
				<timestamp>395.933923</timestamp>
			</report>
			<report>
				<misses>1202001</misses>
				<total>2</total>
				<timestamp>396.263598</timestamp>
			</report>
			<report>
				<misses>1203001</misses>
				<total>2</total>
				<timestamp>396.593281</timestamp>
			</report>
			<report>
				<misses>1204001</misses>
				<total>2</total>
				<timestamp>396.922933</timestamp>
			</report>
			<report>
				<misses>1205001</misses>
				<total>2</total>
				<timestamp>397.252616</timestamp>
			</report>
			<report>
				<misses>1206001</misses>
				<total>2</total>
				<timestamp>397.582313</timestamp>
			</report>
			<report>
				<misses>1207001</misses>
				<total>2</total>
				<timestamp>397.911950</timestamp>
			</report>
			<report>
				<misses>1208001</misses>
				<total>2</total>
				<timestamp>398.241638</timestamp>
			</report>
			<report>
				<misses>1209001</misses>
				<total>2</total>
				<timestamp>398.571347</timestamp>
			</report>
			<report>
				<misses>1210001</misses>
				<total>2</total>
				<timestamp>398.900963</timestamp>
			</report>
			<report>
				<misses>1211001</misses>
				<total>2</total>
				<timestamp>399.230647</timestamp>
			</report>
			<report>
				<misses>1212001</misses>
				<total>2</total>
				<timestamp>399.560352</timestamp>
			</report>
			<report>
				<misses>1213001</misses>
				<total>2</total>
				<timestamp>399.890006</timestamp>
			</report>
			<report>
				<misses>1214001</misses>
				<total>2</total>
				<timestamp>400.219634</timestamp>
			</report>
			<report>
				<misses>1215001</misses>
				<total>2</total>
				<timestamp>400.549406</timestamp>
			</report>
			<report>
				<misses>1216001</misses>
				<total>2</total>
				<timestamp>400.879028</timestamp>
			</report>
			<report>
				<misses>1217001</misses>
				<total>2</total>
				<timestamp>401.208651</timestamp>
			</report>
			<report>
				<misses>1218001</misses>
				<total>2</total>
				<timestamp>401.538440</timestamp>
			</report>
			<report>
				<misses>1219001</misses>
				<total>2</total>
				<timestamp>401.868021</timestamp>
			</report>
			<report>
				<misses>1220001</misses>
				<total>2</total>
				<timestamp>402.197678</timestamp>
			</report>
			<report>
				<misses>1221001</misses>
				<total>2</total>
				<timestamp>402.527325</timestamp>
			</report>
			<report>
				<misses>1222001</misses>
				<total>2</total>
				<timestamp>402.857042</timestamp>
			</report>
			<report>
				<misses>1223001</misses>
				<total>2</total>
				<timestamp>403.186674</timestamp>
			</report>
			<report>
				<misses>1224001</misses>
				<total>2</total>
				<timestamp>403.516346</timestamp>
			</report>
			<report>
				<misses>1225001</misses>
				<total>2</total>
				<timestamp>403.846018</timestamp>
			</report>
			<report>
				<misses>1226001</misses>
				<total>2</total>
				<timestamp>404.175678</timestamp>
			</report>
			<report>
				<misses>1227001</misses>
				<total>2</total>
				<timestamp>404.505368</timestamp>
			</report>
			<report>
				<misses>1228001</misses>
				<total>2</total>
				<timestamp>404.835068</timestamp>
			</report>
			<report>
				<misses>1229001</misses>
				<total>2</total>
				<timestamp>405.164712</timestamp>
			</report>
			<report>
				<misses>1230001</misses>
				<total>2</total>
				<timestamp>405.494379</timestamp>
			</report>
			<report>
				<misses>1231001</misses>
				<total>2</total>
				<timestamp>405.824044</timestamp>
			</report>
			<report>
				<misses>1232001</misses>
				<total>2</total>
				<timestamp>406.153709</timestamp>
			</report>
			<report>
				<misses>1233001</misses>
				<total>2</total>
				<timestamp>406.483409</timestamp>
			</report>
			<report>
				<misses>1234001</misses>
				<total>2</total>
				<timestamp>406.813080</timestamp>
			</report>
			<report>
				<misses>1235001</misses>
				<total>2</total>
				<timestamp>407.142711</timestamp>
			</report>
			<report>
				<misses>1236001</misses>
				<total>2</total>
				<timestamp>407.472394</timestamp>
			</report>
			<report>
				<misses>1237001</misses>
				<total>2</total>
				<timestamp>407.802090</timestamp>
			</report>
			<report>
				<misses>1238001</misses>
				<total>2</total>
				<timestamp>408.131727</timestamp>
			</report>
			<report>
				<misses>1239001</misses>
				<total>2</total>
				<timestamp>408.461488</timestamp>
			</report>
			<report>
				<misses>1240001</misses>
				<total>2</total>
				<timestamp>408.791047</timestamp>
			</report>
			<report>
				<misses>1241001</misses>
				<total>2</total>
				<timestamp>409.120723</timestamp>
			</report>
			<report>
				<misses>1242001</misses>
				<total>2</total>
				<timestamp>409.450393</timestamp>
			</report>
			<report>
				<misses>1243001</misses>
				<total>2</total>
				<timestamp>409.780099</timestamp>
			</report>
			<report>
				<misses>1244001</misses>
				<total>2</total>
				<timestamp>410.109750</timestamp>
			</report>
			<report>
				<misses>1245001</misses>
				<total>2</total>
				<timestamp>410.439416</timestamp>
			</report>
			<report>
				<misses>1246001</misses>
				<total>2</total>
				<timestamp>410.769101</timestamp>
			</report>
			<report>
				<misses>1247001</misses>
				<total>2</total>
				<timestamp>411.098755</timestamp>
			</report>
			<report>
				<misses>1248001</misses>
				<total>2</total>
				<timestamp>411.428414</timestamp>
			</report>
			<report>
				<misses>1249001</misses>
				<total>2</total>
				<timestamp>411.758130</timestamp>
			</report>
			<report>
				<misses>1250001</misses>
				<total>2</total>
				<timestamp>412.087795</timestamp>
			</report>
			<report>
				<misses>1251001</misses>
				<total>2</total>
				<timestamp>412.417432</timestamp>
			</report>
			<report>
				<misses>1252001</misses>
				<total>2</total>
				<timestamp>412.747130</timestamp>
			</report>
			<report>
				<misses>1253001</misses>
				<total>2</total>
				<timestamp>413.076788</timestamp>
			</report>
			<report>
				<misses>1254001</misses>
				<total>2</total>
				<timestamp>413.406452</timestamp>
			</report>
			<report>
				<misses>1255001</misses>
				<total>2</total>
				<timestamp>413.736214</timestamp>
			</report>
			<report>
				<misses>1256001</misses>
				<total>2</total>
				<timestamp>414.065790</timestamp>
			</report>
			<report>
				<misses>1257001</misses>
				<total>2</total>
				<timestamp>414.395451</timestamp>
			</report>
			<report>
				<misses>1258001</misses>
				<total>2</total>
				<timestamp>414.725120</timestamp>
			</report>
			<report>
				<misses>1259001</misses>
				<total>2</total>
				<timestamp>415.054782</timestamp>
			</report>
			<report>
				<misses>1260001</misses>
				<total>2</total>
				<timestamp>415.384463</timestamp>
			</report>
			<report>
				<misses>1261001</misses>
				<total>2</total>
				<timestamp>415.714134</timestamp>
			</report>
			<report>
				<misses>1262001</misses>
				<total>2</total>
				<timestamp>416.043805</timestamp>
			</report>
			<report>
				<misses>1263001</misses>
				<total>2</total>
				<timestamp>416.373469</timestamp>
			</report>
			<report>
				<misses>1264001</misses>
				<total>2</total>
				<timestamp>416.703192</timestamp>
			</report>
			<report>
				<misses>1265001</misses>
				<total>2</total>
				<timestamp>417.032798</timestamp>
			</report>
			<report>
				<misses>1266001</misses>
				<total>2</total>
				<timestamp>417.362463</timestamp>
			</report>
			<report>
				<misses>1267001</misses>
				<total>2</total>
				<timestamp>417.692163</timestamp>
			</report>
			<report>
				<misses>1268001</misses>
				<total>2</total>
				<timestamp>418.021822</timestamp>
			</report>
			<report>
				<misses>1269001</misses>
				<total>2</total>
				<timestamp>418.351483</timestamp>
			</report>
			<report>
				<misses>1270001</misses>
				<total>2</total>
				<timestamp>418.681229</timestamp>
			</report>
			<report>
				<misses>1271001</misses>
				<total>2</total>
				<timestamp>419.010832</timestamp>
			</report>
			<report>
				<misses>1272001</misses>
				<total>2</total>
				<timestamp>419.340508</timestamp>
			</report>
			<report>
				<misses>1273001</misses>
				<total>2</total>
				<timestamp>419.670232</timestamp>
			</report>
			<report>
				<misses>1274001</misses>
				<total>2</total>
				<timestamp>419.999848</timestamp>
			</report>
			<report>
				<misses>1275001</misses>
				<total>2</total>
				<timestamp>420.329514</timestamp>
			</report>
			<report>
				<misses>1276001</misses>
				<total>2</total>
				<timestamp>420.659220</timestamp>
			</report>
			<report>
				<misses>1277001</misses>
				<total>2</total>
				<timestamp>420.988839</timestamp>
			</report>
			<report>
				<misses>1278001</misses>
				<total>2</total>
				<timestamp>421.318538</timestamp>
			</report>
			<report>
				<misses>1279001</misses>
				<total>2</total>
				<timestamp>421.648245</timestamp>
			</report>
			<report>
				<misses>1280001</misses>
				<total>2</total>
				<timestamp>421.977912</timestamp>
			</report>
			<report>
				<misses>1281001</misses>
				<total>2</total>
				<timestamp>422.307542</timestamp>
			</report>
			<report>
				<misses>1282001</misses>
				<total>2</total>
				<timestamp>422.637220</timestamp>
			</report>
			<report>
				<misses>1283001</misses>
				<total>2</total>
				<timestamp>422.966882</timestamp>
			</report>
			<report>
				<misses>1284001</misses>
				<total>2</total>
				<timestamp>423.296542</timestamp>
			</report>
			<report>
				<misses>1285001</misses>
				<total>2</total>
				<timestamp>423.626295</timestamp>
			</report>
			<report>
				<misses>1286001</misses>
				<total>2</total>
				<timestamp>423.955904</timestamp>
			</report>
			<report>
				<misses>1287001</misses>
				<total>2</total>
				<timestamp>424.285543</timestamp>
			</report>
			<report>
				<misses>1288001</misses>
				<total>2</total>
				<timestamp>424.615251</timestamp>
			</report>
			<report>
				<misses>1289001</misses>
				<total>2</total>
				<timestamp>424.944901</timestamp>
			</report>
			<report>
				<misses>1290001</misses>
				<total>2</total>
				<timestamp>425.274555</timestamp>
			</report>
			<report>
				<misses>1291001</misses>
				<total>2</total>
				<timestamp>425.604251</timestamp>
			</report>
			<report>
				<misses>1292001</misses>
				<total>2</total>
				<timestamp>425.933910</timestamp>
			</report>
			<report>
				<misses>1293001</misses>
				<total>2</total>
				<timestamp>426.263562</timestamp>
			</report>
			<report>
				<misses>1294001</misses>
				<total>2</total>
				<timestamp>426.593248</timestamp>
			</report>
			<report>
				<misses>1295001</misses>
				<total>2</total>
				<timestamp>426.922961</timestamp>
			</report>
			<report>
				<misses>1296001</misses>
				<total>2</total>
				<timestamp>427.252626</timestamp>
			</report>
			<report>
				<misses>1297001</misses>
				<total>2</total>
				<timestamp>427.582266</timestamp>
			</report>
			<report>
				<misses>1298001</misses>
				<total>2</total>
				<timestamp>427.911976</timestamp>
			</report>
			<report>
				<misses>1299001</misses>
				<total>2</total>
				<timestamp>428.241585</timestamp>
			</report>
			<report>
				<misses>1300001</misses>
				<total>2</total>
				<timestamp>428.571296</timestamp>
			</report>
			<report>
				<misses>1301001</misses>
				<total>2</total>
				<timestamp>428.900934</timestamp>
			</report>
			<report>
				<misses>1302001</misses>
				<total>2</total>
				<timestamp>429.230656</timestamp>
			</report>
			<report>
				<misses>1303001</misses>
				<total>2</total>
				<timestamp>429.560293</timestamp>
			</report>
			<report>
				<misses>1304001</misses>
				<total>2</total>
				<timestamp>429.889995</timestamp>
			</report>
			<report>
				<misses>1305001</misses>
				<total>2</total>
				<timestamp>430.219594</timestamp>
			</report>
			<report>
				<misses>1306001</misses>
				<total>2</total>
				<timestamp>430.549277</timestamp>
			</report>
			<report>
				<misses>1307001</misses>
				<total>2</total>
				<timestamp>430.878957</timestamp>
			</report>
			<report>
				<misses>1308001</misses>
				<total>2</total>
				<timestamp>431.208618</timestamp>
			</report>
			<report>
				<misses>1309001</misses>
				<total>2</total>
				<timestamp>431.538299</timestamp>
			</report>
			<report>
				<misses>1310001</misses>
				<total>2</total>
				<timestamp>431.868007</timestamp>
			</report>
			<report>
				<misses>1311001</misses>
				<total>2</total>
				<timestamp>432.197623</timestamp>
			</report>
			<report>
				<misses>1312001</misses>
				<total>2</total>
				<timestamp>432.527288</timestamp>
			</report>
			<report>
				<misses>1313001</misses>
				<total>2</total>
				<timestamp>432.857034</timestamp>
			</report>
			<report>
				<misses>1314001</misses>
				<total>2</total>
				<timestamp>433.186658</timestamp>
			</report>
			<report>
				<misses>1315001</misses>
				<total>2</total>
				<timestamp>433.516298</timestamp>
			</report>
			<report>
				<misses>1316001</misses>
				<total>2</total>
				<timestamp>433.845986</timestamp>
			</report>
			<report>
				<misses>1317001</misses>
				<total>2</total>
				<timestamp>434.175636</timestamp>
			</report>
			<report>
				<misses>1318001</misses>
				<total>2</total>
				<timestamp>434.505315</timestamp>
			</report>
			<report>
				<misses>1319001</misses>
				<total>2</total>
				<timestamp>434.835009</timestamp>
			</report>
			<report>
				<misses>1320001</misses>
				<total>2</total>
				<timestamp>435.164661</timestamp>
			</report>
			<report>
				<misses>1321001</misses>
				<total>2</total>
				<timestamp>435.494347</timestamp>
			</report>
			<report>
				<misses>1322001</misses>
				<total>2</total>
				<timestamp>435.823989</timestamp>
			</report>
			<report>
				<misses>1323001</misses>
				<total>2</total>
				<timestamp>436.153657</timestamp>
			</report>
			<report>
				<misses>1324001</misses>
				<total>2</total>
				<timestamp>436.483342</timestamp>
			</report>
			<report>
				<misses>1325001</misses>
				<total>2</total>
				<timestamp>436.813074</timestamp>
			</report>
			<report>
				<misses>1326001</misses>
				<total>2</total>
				<timestamp>437.142692</timestamp>
			</report>
			<report>
				<misses>1327001</misses>
				<total>2</total>
				<timestamp>437.472350</timestamp>
			</report>
			<report>
				<misses>1328001</misses>
				<total>2</total>
				<timestamp>437.802026</timestamp>
			</report>
			<report>
				<misses>1329001</misses>
				<total>2</total>
				<timestamp>438.131693</timestamp>
			</report>
			<report>
				<misses>1330001</misses>
				<total>2</total>
				<timestamp>438.461358</timestamp>
			</report>
			<report>
				<misses>1331001</misses>
				<total>2</total>
				<timestamp>438.791052</timestamp>
			</report>
			<report>
				<misses>1332001</misses>
				<total>2</total>
				<timestamp>439.120692</timestamp>
			</report>
			<report>
				<misses>1333001</misses>
				<total>2</total>
				<timestamp>439.450381</timestamp>
			</report>
			<report>
				<misses>1334001</misses>
				<total>2</total>
				<timestamp>439.780074</timestamp>
			</report>
			<report>
				<misses>1335001</misses>
				<total>2</total>
				<timestamp>440.109716</timestamp>
			</report>
			<report>
				<misses>1336001</misses>
				<total>2</total>
				<timestamp>440.439403</timestamp>
			</report>
			<report>
				<misses>1337001</misses>
				<total>2</total>
				<timestamp>440.769104</timestamp>
			</report>
			<report>
				<misses>1338001</misses>
				<total>2</total>
				<timestamp>441.098722</timestamp>
			</report>
			<report>
				<misses>1339001</misses>
				<total>2</total>
				<timestamp>441.428384</timestamp>
			</report>
			<report>
				<misses>1340001</misses>
				<total>2</total>
				<timestamp>441.758081</timestamp>
			</report>
			<report>
				<misses>1341001</misses>
				<total>2</total>
				<timestamp>442.087719</timestamp>
			</report>
			<report>
				<misses>1342001</misses>
				<total>2</total>
				<timestamp>442.417417</timestamp>
			</report>
			<report>
				<misses>1343001</misses>
				<total>2</total>
				<timestamp>442.747101</timestamp>
			</report>
			<report>
				<misses>1344001</misses>
				<total>2</total>
				<timestamp>443.076729</timestamp>
			</report>
			<report>
				<misses>1345001</misses>
				<total>2</total>
				<timestamp>443.406415</timestamp>
			</report>
			<report>
				<misses>1346001</misses>
				<total>2</total>
				<timestamp>443.736119</timestamp>
			</report>
			<report>
				<misses>1347001</misses>
				<total>2</total>
				<timestamp>444.065746</timestamp>
			</report>
			<report>
				<misses>1348001</misses>
				<total>2</total>
				<timestamp>444.395414</timestamp>
			</report>
			<report>
				<misses>1349001</misses>
				<total>2</total>
				<timestamp>444.725107</timestamp>
			</report>
			<report>
				<misses>1350001</misses>
				<total>2</total>
				<timestamp>445.054755</timestamp>
			</report>
			<report>
				<misses>1351001</misses>
				<total>2</total>
				<timestamp>445.384424</timestamp>
			</report>
			<report>
				<misses>1352001</misses>
				<total>2</total>
				<timestamp>445.714103</timestamp>
			</report>
			<report>
				<misses>1353001</misses>
				<total>2</total>
				<timestamp>446.043842</timestamp>
			</report>
			<report>
				<misses>1354001</misses>
				<total>2</total>
				<timestamp>446.373465</timestamp>
			</report>
			<report>
				<misses>1355001</misses>
				<total>2</total>
				<timestamp>446.703138</timestamp>
			</report>
			<report>
				<misses>1356001</misses>
				<total>2</total>
				<timestamp>447.032828</timestamp>
			</report>
			<report>
				<misses>1357001</misses>
				<total>2</total>
				<timestamp>447.362452</timestamp>
			</report>
			<report>
				<misses>1358001</misses>
				<total>2</total>
				<timestamp>447.692120</timestamp>
			</report>
			<report>
				<misses>1359001</misses>
				<total>2</total>
				<timestamp>448.021851</timestamp>
			</report>
			<report>
				<misses>1360001</misses>
				<total>2</total>
				<timestamp>448.351464</timestamp>
			</report>
			<report>
				<misses>1361001</misses>
				<total>2</total>
				<timestamp>448.681174</timestamp>
			</report>
			<report>
				<misses>1362001</misses>
				<total>2</total>
				<timestamp>449.010813</timestamp>
			</report>
			<report>
				<misses>1363001</misses>
				<total>2</total>
				<timestamp>449.340468</timestamp>
			</report>
			<report>
				<misses>1364001</misses>
				<total>2</total>
				<timestamp>449.670147</timestamp>
			</report>
			<report>
				<misses>1365001</misses>
				<total>2</total>
				<timestamp>449.999831</timestamp>
			</report>
			<report>
				<misses>1366001</misses>
				<total>2</total>
				<timestamp>450.329487</timestamp>
			</report>
			<report>
				<misses>1367001</misses>
				<total>2</total>
				<timestamp>450.659190</timestamp>
			</report>
			<report>
				<misses>1368001</misses>
				<total>2</total>
				<timestamp>450.988825</timestamp>
			</report>
			<report>
				<misses>1369001</misses>
				<total>2</total>
				<timestamp>451.318498</timestamp>
			</report>
			<report>
				<misses>1370001</misses>
				<total>2</total>
				<timestamp>451.648194</timestamp>
			</report>
			<report>
				<misses>1371001</misses>
				<total>2</total>
				<timestamp>451.977830</timestamp>
			</report>
			<report>
				<misses>1372001</misses>
				<total>2</total>
				<timestamp>452.307511</timestamp>
			</report>
			<report>
				<misses>1373001</misses>
				<total>2</total>
				<timestamp>452.637158</timestamp>
			</report>
			<report>
				<misses>1374001</misses>
				<total>2</total>
				<timestamp>452.966894</timestamp>
			</report>
			<report>
				<misses>1375001</misses>
				<total>2</total>
				<timestamp>453.296512</timestamp>
			</report>
			<report>
				<misses>1376001</misses>
				<total>2</total>
				<timestamp>453.626175</timestamp>
			</report>
			<report>
				<misses>1377001</misses>
				<total>2</total>
				<timestamp>453.955884</timestamp>
			</report>
			<report>
				<misses>1378001</misses>
				<total>2</total>
				<timestamp>454.285506</timestamp>
			</report>
			<report>
				<misses>1379001</misses>
				<total>2</total>
				<timestamp>454.615203</timestamp>
			</report>
			<report>
				<misses>1380001</misses>
				<total>2</total>
				<timestamp>454.944936</timestamp>
			</report>
			<report>
				<misses>1381001</misses>
				<total>2</total>
				<timestamp>455.274522</timestamp>
			</report>
			<report>
				<misses>1382001</misses>
				<total>2</total>
				<timestamp>455.604212</timestamp>
			</report>
			<report>
				<misses>1383001</misses>
				<total>2</total>
				<timestamp>455.933932</timestamp>
			</report>
			<report>
				<misses>1384001</misses>
				<total>2</total>
				<timestamp>456.263537</timestamp>
			</report>
			<report>
				<misses>1385001</misses>
				<total>2</total>
				<timestamp>456.593217</timestamp>
			</report>
			<report>
				<misses>1386001</misses>
				<total>2</total>
				<timestamp>456.922936</timestamp>
			</report>
			<report>
				<misses>1387001</misses>
				<total>2</total>
				<timestamp>457.252536</timestamp>
			</report>
			<report>
				<misses>1388001</misses>
				<total>2</total>
				<timestamp>457.582217</timestamp>
			</report>
			<report>
				<misses>1389001</misses>
				<total>2</total>
				<timestamp>457.911958</timestamp>
			</report>
			<report>
				<misses>1390001</misses>
				<total>2</total>
				<timestamp>458.241575</timestamp>
			</report>
			<report>
				<misses>1391001</misses>
				<total>2</total>
				<timestamp>458.571233</timestamp>
			</report>
			<report>
				<misses>1392001</misses>
				<total>2</total>
				<timestamp>458.901010</timestamp>
			</report>
			<report>
				<misses>1393001</misses>
				<total>2</total>
				<timestamp>459.230570</timestamp>
			</report>
			<report>
				<misses>1394001</misses>
				<total>2</total>
				<timestamp>459.560233</timestamp>
			</report>
			<report>
				<misses>1395001</misses>
				<total>2</total>
				<timestamp>459.889924</timestamp>
			</report>
			<report>
				<misses>1396001</misses>
				<total>2</total>
				<timestamp>460.219581</timestamp>
			</report>
			<report>
				<misses>1397001</misses>
				<total>2</total>
				<timestamp>460.549244</timestamp>
			</report>
			<report>
				<misses>1398001</misses>
				<total>2</total>
				<timestamp>460.878956</timestamp>
			</report>
			<report>
				<misses>1399001</misses>
				<total>2</total>
				<timestamp>461.208605</timestamp>
			</report>
			<report>
				<misses>1400001</misses>
				<total>2</total>
				<timestamp>461.538261</timestamp>
			</report>
			<report>
				<misses>1401001</misses>
				<total>2</total>
				<timestamp>461.867983</timestamp>
			</report>
			<report>
				<misses>1402001</misses>
				<total>2</total>
				<timestamp>462.197598</timestamp>
			</report>
			<report>
				<misses>1403001</misses>
				<total>2</total>
				<timestamp>462.527323</timestamp>
			</report>
			<report>
				<misses>1404001</misses>
				<total>2</total>
				<timestamp>462.856975</timestamp>
			</report>
			<report>
				<misses>1405001</misses>
				<total>2</total>
				<timestamp>463.186603</timestamp>
			</report>
			<report>
				<misses>1406001</misses>
				<total>2</total>
				<timestamp>463.516278</timestamp>
			</report>
			<report>
				<misses>1407001</misses>
				<total>2</total>
				<timestamp>463.845942</timestamp>
			</report>
			<report>
				<misses>1408001</misses>
				<total>2</total>
				<timestamp>464.175625</timestamp>
			</report>
			<report>
				<misses>1409001</misses>
				<total>2</total>
				<timestamp>464.505298</timestamp>
			</report>
			<report>
				<misses>1410001</misses>
				<total>2</total>
				<timestamp>464.834976</timestamp>
			</report>
			<report>
				<misses>1411001</misses>
				<total>2</total>
				<timestamp>465.164626</timestamp>
			</report>
			<report>
				<misses>1412001</misses>
				<total>2</total>
				<timestamp>465.494343</timestamp>
			</report>
			<report>
				<misses>1413001</misses>
				<total>2</total>
				<timestamp>465.824019</timestamp>
			</report>
			<report>
				<misses>1414001</misses>
				<total>2</total>
				<timestamp>466.153714</timestamp>
			</report>
			<report>
				<misses>1415001</misses>
				<total>2</total>
				<timestamp>466.483319</timestamp>
			</report>
			<report>
				<misses>1416001</misses>
				<total>2</total>
				<timestamp>466.813002</timestamp>
			</report>
			<report>
				<misses>1417001</misses>
				<total>2</total>
				<timestamp>467.142641</timestamp>
			</report>
			<report>
				<misses>1418001</misses>
				<total>2</total>
				<timestamp>467.472330</timestamp>
			</report>
			<report>
				<misses>1419001</misses>
				<total>2</total>
				<timestamp>467.802040</timestamp>
			</report>
			<report>
				<misses>1420001</misses>
				<total>2</total>
				<timestamp>468.131679</timestamp>
			</report>
			<report>
				<misses>1421001</misses>
				<total>2</total>
				<timestamp>468.461332</timestamp>
			</report>
			<report>
				<misses>1422001</misses>
				<total>2</total>
				<timestamp>468.791042</timestamp>
			</report>
			<report>
				<misses>1423001</misses>
				<total>2</total>
				<timestamp>469.120708</timestamp>
			</report>
			<report>
				<misses>1424001</misses>
				<total>2</total>
				<timestamp>469.450351</timestamp>
			</report>
			<report>
				<misses>1425001</misses>
				<total>2</total>
				<timestamp>469.780034</timestamp>
			</report>
			<report>
				<misses>1426001</misses>
				<total>2</total>
				<timestamp>470.109743</timestamp>
			</report>
			<report>
				<misses>1427001</misses>
				<total>2</total>
				<timestamp>470.439346</timestamp>
			</report>
			<report>
				<misses>1428001</misses>
				<total>2</total>
				<timestamp>470.769046</timestamp>
			</report>
			<report>
				<misses>1429001</misses>
				<total>2</total>
				<timestamp>471.098701</timestamp>
			</report>
			<report>
				<misses>1430001</misses>
				<total>2</total>
				<timestamp>471.428358</timestamp>
			</report>
			<report>
				<misses>1431001</misses>
				<total>2</total>
				<timestamp>471.758032</timestamp>
			</report>
			<report>
				<misses>1432001</misses>
				<total>2</total>
				<timestamp>472.087744</timestamp>
			</report>
			<report>
				<misses>1433001</misses>
				<total>2</total>
				<timestamp>472.417429</timestamp>
			</report>
			<report>
				<misses>1434001</misses>
				<total>2</total>
				<timestamp>472.747064</timestamp>
			</report>
			<report>
				<misses>1435001</misses>
				<total>2</total>
				<timestamp>473.076726</timestamp>
			</report>
			<report>
				<misses>1436001</misses>
				<total>2</total>
				<timestamp>473.406381</timestamp>
			</report>
			<report>
				<misses>1437001</misses>
				<total>2</total>
				<timestamp>473.736047</timestamp>
			</report>
			<report>
				<misses>1438001</misses>
				<total>2</total>
				<timestamp>474.065777</timestamp>
			</report>
			<report>
				<misses>1439001</misses>
				<total>2</total>
				<timestamp>474.395415</timestamp>
			</report>
			<report>
				<misses>1440001</misses>
				<total>2</total>
				<timestamp>474.725069</timestamp>
			</report>
			<report>
				<misses>1441001</misses>
				<total>2</total>
				<timestamp>475.054738</timestamp>
			</report>
			<report>
				<misses>1442001</misses>
				<total>2</total>
				<timestamp>475.384418</timestamp>
			</report>
			<report>
				<misses>1443001</misses>
				<total>2</total>
				<timestamp>475.714092</timestamp>
			</report>
			<report>
				<misses>1444001</misses>
				<total>2</total>
				<timestamp>476.043753</timestamp>
			</report>
			<report>
				<misses>1445001</misses>
				<total>2</total>
				<timestamp>476.373417</timestamp>
			</report>
			<report>
				<misses>1446001</misses>
				<total>2</total>
				<timestamp>476.703106</timestamp>
			</report>
			<report>
				<misses>1447001</misses>
				<total>2</total>
				<timestamp>477.032751</timestamp>
			</report>
			<report>
				<misses>1448001</misses>
				<total>2</total>
				<timestamp>477.362431</timestamp>
			</report>
			<report>
				<misses>1449001</misses>
				<total>2</total>
				<timestamp>477.692095</timestamp>
			</report>
			<report>
				<misses>1450001</misses>
				<total>2</total>
				<timestamp>478.021808</timestamp>
			</report>
			<report>
				<misses>1451001</misses>
				<total>2</total>
				<timestamp>478.351446</timestamp>
			</report>
			<report>
				<misses>1452001</misses>
				<total>2</total>
				<timestamp>478.681151</timestamp>
			</report>
			<report>
				<misses>1453001</misses>
				<total>2</total>
				<timestamp>479.010798</timestamp>
			</report>
			<report>
				<misses>1454001</misses>
				<total>2</total>
				<timestamp>479.340441</timestamp>
			</report>
			<report>
				<misses>1455001</misses>
				<total>2</total>
				<timestamp>479.670143</timestamp>
			</report>
			<report>
				<misses>1456001</misses>
				<total>2</total>
				<timestamp>479.999828</timestamp>
			</report>
			<report>
				<misses>1457001</misses>
				<total>2</total>
				<timestamp>480.329452</timestamp>
			</report>
			<report>
				<misses>1458001</misses>
				<total>2</total>
				<timestamp>480.659124</timestamp>
			</report>
			<report>
				<misses>1459001</misses>
				<total>2</total>
				<timestamp>480.988822</timestamp>
			</report>
			<report>
				<misses>1460001</misses>
				<total>2</total>
				<timestamp>481.318456</timestamp>
			</report>
			<report>
				<misses>1461001</misses>
				<total>2</total>
				<timestamp>481.648133</timestamp>
			</report>
			<report>
				<misses>1462001</misses>
				<total>2</total>
				<timestamp>481.977828</timestamp>
			</report>
			<report>
				<misses>1463001</misses>
				<total>2</total>
				<timestamp>482.307463</timestamp>
			</report>
			<report>
				<misses>1464001</misses>
				<total>2</total>
				<timestamp>482.637160</timestamp>
			</report>
			<report>
				<misses>1465001</misses>
				<total>2</total>
				<timestamp>482.966851</timestamp>
			</report>
			<report>
				<misses>1466001</misses>
				<total>2</total>
				<timestamp>483.296484</timestamp>
			</report>
			<report>
				<misses>1467001</misses>
				<total>2</total>
				<timestamp>483.626139</timestamp>
			</report>
			<report>
				<misses>1468001</misses>
				<total>2</total>
				<timestamp>483.955888</timestamp>
			</report>
			<report>
				<misses>1469001</misses>
				<total>2</total>
				<timestamp>484.285511</timestamp>
			</report>
			<report>
				<misses>1470001</misses>
				<total>2</total>
				<timestamp>484.615186</timestamp>
			</report>
			<report>
				<misses>1471001</misses>
				<total>2</total>
				<timestamp>484.944847</timestamp>
			</report>
			<report>
				<misses>1472001</misses>
				<total>2</total>
				<timestamp>485.274521</timestamp>
			</report>
			<report>
				<misses>1473001</misses>
				<total>2</total>
				<timestamp>485.604207</timestamp>
			</report>
			<report>
				<misses>1474001</misses>
				<total>2</total>
				<timestamp>485.933839</timestamp>
			</report>
			<report>
				<misses>1475001</misses>
				<total>2</total>
				<timestamp>486.263498</timestamp>
			</report>
			<report>
				<misses>1476001</misses>
				<total>2</total>
				<timestamp>486.593204</timestamp>
			</report>
			<report>
				<misses>1477001</misses>
				<total>2</total>
				<timestamp>486.922851</timestamp>
			</report>
			<report>
				<misses>1478001</misses>
				<total>2</total>
				<timestamp>487.252523</timestamp>
			</report>
			<report>
				<misses>1479001</misses>
				<total>2</total>
				<timestamp>487.582190</timestamp>
			</report>
			<report>
				<misses>1480001</misses>
				<total>2</total>
				<timestamp>487.911854</timestamp>
			</report>
			<report>
				<misses>1481001</misses>
				<total>2</total>
				<timestamp>488.241531</timestamp>
			</report>
			<report>
				<misses>1482001</misses>
				<total>2</total>
				<timestamp>488.571203</timestamp>
			</report>
			<report>
				<misses>1483001</misses>
				<total>2</total>
				<timestamp>488.900874</timestamp>
			</report>
			<report>
				<misses>1484001</misses>
				<total>2</total>
				<timestamp>489.230570</timestamp>
			</report>
			<report>
				<misses>1485001</misses>
				<total>2</total>
				<timestamp>489.560205</timestamp>
			</report>
			<report>
				<misses>1486001</misses>
				<total>2</total>
				<timestamp>489.889917</timestamp>
			</report>
			<report>
				<misses>1487001</misses>
				<total>2</total>
				<timestamp>490.219562</timestamp>
			</report>
			<report>
				<misses>1488001</misses>
				<total>2</total>
				<timestamp>490.549226</timestamp>
			</report>
			<report>
				<misses>1489001</misses>
				<total>2</total>
				<timestamp>490.878916</timestamp>
			</report>
			<report>
				<misses>1490001</misses>
				<total>2</total>
				<timestamp>491.208569</timestamp>
			</report>
			<report>
				<misses>1491001</misses>
				<total>2</total>
				<timestamp>491.538230</timestamp>
			</report>
			<report>
				<misses>1492001</misses>
				<total>2</total>
				<timestamp>491.867945</timestamp>
			</report>
			<report>
				<misses>1493001</misses>
				<total>2</total>
				<timestamp>492.197565</timestamp>
			</report>
			<report>
				<misses>1494001</misses>
				<total>2</total>
				<timestamp>492.527243</timestamp>
			</report>
			<report>
				<misses>1495001</misses>
				<total>2</total>
				<timestamp>492.856918</timestamp>
			</report>
			<report>
				<misses>1496001</misses>
				<total>2</total>
				<timestamp>493.186598</timestamp>
			</report>
			<report>
				<misses>1497001</misses>
				<total>2</total>
				<timestamp>493.516249</timestamp>
			</report>
			<report>
				<misses>1498001</misses>
				<total>2</total>
				<timestamp>493.845931</timestamp>
			</report>
			<report>
				<misses>1499001</misses>
				<total>2</total>
				<timestamp>494.175677</timestamp>
			</report>
			<report>
				<misses>1500001</misses>
				<total>2</total>
				<timestamp>494.505258</timestamp>
			</report>
			<report>
				<misses>1501001</misses>
				<total>2</total>
				<timestamp>494.834929</timestamp>
			</report>
			<report>
				<misses>1502001</misses>
				<total>2</total>
				<timestamp>495.164631</timestamp>
			</report>
			<report>
				<misses>1503001</misses>
				<total>2</total>
				<timestamp>495.494282</timestamp>
			</report>
			<report>
				<misses>1504001</misses>
				<total>2</total>
				<timestamp>495.823947</timestamp>
			</report>
			<report>
				<misses>1505001</misses>
				<total>2</total>
				<timestamp>496.153631</timestamp>
			</report>
			<report>
				<misses>1506001</misses>
				<total>2</total>
				<timestamp>496.483279</timestamp>
			</report>
			<report>
				<misses>1507001</misses>
				<total>2</total>
				<timestamp>496.812956</timestamp>
			</report>
			<report>
				<misses>1508001</misses>
				<total>2</total>
				<timestamp>497.142646</timestamp>
			</report>
			<report>
				<misses>1509001</misses>
				<total>2</total>
				<timestamp>497.472284</timestamp>
			</report>
			<report>
				<misses>1510001</misses>
				<total>2</total>
				<timestamp>497.801951</timestamp>
			</report>
			<report>
				<misses>1511001</misses>
				<total>2</total>
				<timestamp>498.131682</timestamp>
			</report>
			<report>
				<misses>1512001</misses>
				<total>2</total>
				<timestamp>498.461286</timestamp>
			</report>
			<report>
				<misses>1513001</misses>
				<total>2</total>
				<timestamp>498.790965</timestamp>
			</report>
			<report>
				<misses>1514001</misses>
				<total>2</total>
				<timestamp>499.120711</timestamp>
			</report>
			<report>
				<misses>1515001</misses>
				<total>2</total>
				<timestamp>499.450309</timestamp>
			</report>
			<report>
				<misses>1516001</misses>
				<total>2</total>
				<timestamp>499.779971</timestamp>
			</report>
			<report>
				<misses>1517001</misses>
				<total>2</total>
				<timestamp>500.109727</timestamp>
			</report>
			<report>
				<misses>1518001</misses>
				<total>2</total>
				<timestamp>500.439331</timestamp>
			</report>
			<report>
				<misses>1519001</misses>
				<total>2</total>
				<timestamp>500.768980</timestamp>
			</report>
			<report>
				<misses>1520001</misses>
				<total>2</total>
				<timestamp>501.098705</timestamp>
			</report>
			<report>
				<misses>1521001</misses>
				<total>2</total>
				<timestamp>501.428335</timestamp>
			</report>
			<report>
				<misses>1522001</misses>
				<total>2</total>
				<timestamp>501.757982</timestamp>
			</report>
			<report>
				<misses>1523001</misses>
				<total>2</total>
				<timestamp>502.087723</timestamp>
			</report>
			<report>
				<misses>1524001</misses>
				<total>2</total>
				<timestamp>502.417345</timestamp>
			</report>
			<report>
				<misses>1525001</misses>
				<total>2</total>
				<timestamp>502.747011</timestamp>
			</report>
			<report>
				<misses>1526001</misses>
				<total>2</total>
				<timestamp>503.076815</timestamp>
			</report>
			<report>
				<misses>1527001</misses>
				<total>2</total>
				<timestamp>503.406351</timestamp>
			</report>
			<report>
				<misses>1528001</misses>
				<total>2</total>
				<timestamp>503.736007</timestamp>
			</report>
			<report>
				<misses>1529001</misses>
				<total>2</total>
				<timestamp>504.065764</timestamp>
			</report>
			<report>
				<misses>1530001</misses>
				<total>2</total>
				<timestamp>504.395387</timestamp>
			</report>
			<report>
				<misses>1531001</misses>
				<total>2</total>
				<timestamp>504.725023</timestamp>
			</report>
			<report>
				<misses>1532001</misses>
				<total>2</total>
				<timestamp>505.054699</timestamp>
			</report>
			<report>
				<misses>1533001</misses>
				<total>2</total>
				<timestamp>505.384371</timestamp>
			</report>
			<report>
				<misses>1534001</misses>
				<total>2</total>
				<timestamp>505.714080</timestamp>
			</report>
			<report>
				<misses>1535001</misses>
				<total>2</total>
				<timestamp>506.043761</timestamp>
			</report>
			<report>
				<misses>1536001</misses>
				<total>2</total>
				<timestamp>506.373396</timestamp>
			</report>
			<report>
				<misses>1537001</misses>
				<total>2</total>
				<timestamp>506.703058</timestamp>
			</report>
			<report>
				<misses>1538001</misses>
				<total>2</total>
				<timestamp>507.032768</timestamp>
			</report>
			<report>
				<misses>1539001</misses>
				<total>2</total>
				<timestamp>507.362392</timestamp>
			</report>
			<report>
				<misses>1540001</misses>
				<total>2</total>
				<timestamp>507.692085</timestamp>
			</report>
			<report>
				<misses>1541001</misses>
				<total>2</total>
				<timestamp>508.021748</timestamp>
			</report>
			<report>
				<misses>1542001</misses>
				<total>2</total>
				<timestamp>508.351415</timestamp>
			</report>
			<report>
				<misses>1543001</misses>
				<total>2</total>
				<timestamp>508.681078</timestamp>
			</report>
			<report>
				<misses>1544001</misses>
				<total>2</total>
				<timestamp>509.010777</timestamp>
			</report>
			<report>
				<misses>1545001</misses>
				<total>2</total>
				<timestamp>509.340400</timestamp>
			</report>
			<report>
				<misses>1546001</misses>
				<total>2</total>
				<timestamp>509.670103</timestamp>
			</report>
			<report>
				<misses>1547001</misses>
				<total>2</total>
				<timestamp>509.999762</timestamp>
			</report>
			<report>
				<misses>1548001</misses>
				<total>2</total>
				<timestamp>510.329416</timestamp>
			</report>
			<report>
				<misses>1549001</misses>
				<total>2</total>
				<timestamp>510.659110</timestamp>
			</report>
			<report>
				<misses>1550001</misses>
				<total>2</total>
				<timestamp>510.988788</timestamp>
			</report>
			<report>
				<misses>1551001</misses>
				<total>2</total>
				<timestamp>511.318440</timestamp>
			</report>
			<report>
				<misses>1552001</misses>
				<total>2</total>
				<timestamp>511.648107</timestamp>
			</report>
			<report>
				<misses>1553001</misses>
				<total>2</total>
				<timestamp>511.977793</timestamp>
			</report>
			<report>
				<misses>1554001</misses>
				<total>2</total>
				<timestamp>512.307425</timestamp>
			</report>
			<report>
				<misses>1555001</misses>
				<total>2</total>
				<timestamp>512.637114</timestamp>
			</report>
			<report>
				<misses>1556001</misses>
				<total>2</total>
				<timestamp>512.966830</timestamp>
			</report>
			<report>
				<misses>1557001</misses>
				<total>2</total>
				<timestamp>513.296446</timestamp>
			</report>
			<report>
				<misses>1558001</misses>
				<total>2</total>
				<timestamp>513.626129</timestamp>
			</report>
			<report>
				<misses>1559001</misses>
				<total>2</total>
				<timestamp>513.955789</timestamp>
			</report>
			<report>
				<misses>1560001</misses>
				<total>2</total>
				<timestamp>514.285501</timestamp>
			</report>
			<report>
				<misses>1561001</misses>
				<total>2</total>
				<timestamp>514.615126</timestamp>
			</report>
			<report>
				<misses>1562001</misses>
				<total>2</total>
				<timestamp>514.944864</timestamp>
			</report>
			<report>
				<misses>1563001</misses>
				<total>2</total>
				<timestamp>515.274469</timestamp>
			</report>
			<report>
				<misses>1564001</misses>
				<total>2</total>
				<timestamp>515.604205</timestamp>
			</report>
			<report>
				<misses>1565001</misses>
				<total>2</total>
				<timestamp>515.933839</timestamp>
			</report>
			<report>
				<misses>1566001</misses>
				<total>2</total>
				<timestamp>516.263507</timestamp>
			</report>
			<report>
				<misses>1567001</misses>
				<total>2</total>
				<timestamp>516.593180</timestamp>
			</report>
			<report>
				<misses>1568001</misses>
				<total>2</total>
				<timestamp>516.922814</timestamp>
			</report>
			<report>
				<misses>1569001</misses>
				<total>2</total>
				<timestamp>517.252572</timestamp>
			</report>
			<report>
				<misses>1570001</misses>
				<total>2</total>
				<timestamp>517.582200</timestamp>
			</report>
			<report>
				<misses>1571001</misses>
				<total>2</total>
				<timestamp>517.911826</timestamp>
			</report>
			<report>
				<misses>1572001</misses>
				<total>2</total>
				<timestamp>518.241539</timestamp>
			</report>
			<report>
				<misses>1573001</misses>
				<total>2</total>
				<timestamp>518.571167</timestamp>
			</report>
			<report>
				<misses>1574001</misses>
				<total>2</total>
				<timestamp>518.900891</timestamp>
			</report>
			<report>
				<misses>1575001</misses>
				<total>2</total>
				<timestamp>519.230537</timestamp>
			</report>
			<report>
				<misses>1576001</misses>
				<total>2</total>
				<timestamp>519.560184</timestamp>
			</report>
			<report>
				<misses>1577001</misses>
				<total>2</total>
				<timestamp>519.889850</timestamp>
			</report>
			<report>
				<misses>1578001</misses>
				<total>2</total>
				<timestamp>520.219597</timestamp>
			</report>
			<report>
				<misses>1579001</misses>
				<total>2</total>
				<timestamp>520.549207</timestamp>
			</report>
			<report>
				<misses>1580001</misses>
				<total>2</total>
				<timestamp>520.878858</timestamp>
			</report>
			<report>
				<misses>1581001</misses>
				<total>2</total>
				<timestamp>521.208580</timestamp>
			</report>
			<report>
				<misses>1582001</misses>
				<total>2</total>
				<timestamp>521.538204</timestamp>
			</report>
			<report>
				<misses>1583001</misses>
				<total>2</total>
				<timestamp>521.867883</timestamp>
			</report>
			<report>
				<misses>1584001</misses>
				<total>2</total>
				<timestamp>522.197651</timestamp>
			</report>
			<report>
				<misses>1585001</misses>
				<total>2</total>
				<timestamp>522.527194</timestamp>
			</report>
			<report>
				<misses>1586001</misses>
				<total>2</total>
				<timestamp>522.856876</timestamp>
			</report>
			<report>
				<misses>1587001</misses>
				<total>2</total>
				<timestamp>523.186637</timestamp>
			</report>
			<report>
				<misses>1588001</misses>
				<total>2</total>
				<timestamp>523.516222</timestamp>
			</report>
			<report>
				<misses>1589001</misses>
				<total>2</total>
				<timestamp>523.845903</timestamp>
			</report>
			<report>
				<misses>1590001</misses>
				<total>2</total>
				<timestamp>524.175626</timestamp>
			</report>
			<report>
				<misses>1591001</misses>
				<total>2</total>
				<timestamp>524.505223</timestamp>
			</report>
			<report>
				<misses>1592001</misses>
				<total>2</total>
				<timestamp>524.834900</timestamp>
			</report>
			<report>
				<misses>1593001</misses>
				<total>2</total>
				<timestamp>525.164609</timestamp>
			</report>
			<report>
				<misses>1594001</misses>
				<total>2</total>
				<timestamp>525.494233</timestamp>
			</report>
			<report>
				<misses>1595001</misses>
				<total>2</total>
				<timestamp>525.823896</timestamp>
			</report>
			<report>
				<misses>1596001</misses>
				<total>2</total>
				<timestamp>526.153586</timestamp>
			</report>
			<report>
				<misses>1597001</misses>
				<total>2</total>
				<timestamp>526.483263</timestamp>
			</report>
			<report>
				<misses>1598001</misses>
				<total>2</total>
				<timestamp>526.812911</timestamp>
			</report>
			<report>
				<misses>1599001</misses>
				<total>2</total>
				<timestamp>527.142609</timestamp>
			</report>
			<report>
				<misses>1600001</misses>
				<total>2</total>
				<timestamp>527.472251</timestamp>
			</report>
			<report>
				<misses>1601001</misses>
				<total>2</total>
				<timestamp>527.801945</timestamp>
			</report>
			<report>
				<misses>1602001</misses>
				<total>2</total>
				<timestamp>528.131633</timestamp>
			</report>
			<report>
				<misses>1603001</misses>
				<total>2</total>
				<timestamp>528.461266</timestamp>
			</report>
			<report>
				<misses>1604001</misses>
				<total>2</total>
				<timestamp>528.790968</timestamp>
			</report>
			<report>
				<misses>1605001</misses>
				<total>2</total>
				<timestamp>529.120691</timestamp>
			</report>
			<report>
				<misses>1606001</misses>
				<total>2</total>
				<timestamp>529.450276</timestamp>
			</report>
			<report>
				<misses>1607001</misses>
				<total>2</total>
				<timestamp>529.779953</timestamp>
			</report>
			<report>
				<misses>1608001</misses>
				<total>2</total>
				<timestamp>530.109633</timestamp>
			</report>
			<report>
				<misses>1609001</misses>
				<total>2</total>
				<timestamp>530.439283</timestamp>
			</report>
			<report>
				<misses>1610001</misses>
				<total>2</total>
				<timestamp>530.768957</timestamp>
			</report>
			<report>
				<misses>1611001</misses>
				<total>2</total>
				<timestamp>531.098661</timestamp>
			</report>
			<report>
				<misses>1612001</misses>
				<total>2</total>
				<timestamp>531.428301</timestamp>
			</report>
			<report>
				<misses>1613001</misses>
				<total>2</total>
				<timestamp>531.757959</timestamp>
			</report>
			<report>
				<misses>1614001</misses>
				<total>2</total>
				<timestamp>532.087657</timestamp>
			</report>
			<report>
				<misses>1615001</misses>
				<total>2</total>
				<timestamp>532.417305</timestamp>
			</report>
			<report>
				<misses>1616001</misses>
				<total>2</total>
				<timestamp>532.746978</timestamp>
			</report>
			<report>
				<misses>1617001</misses>
				<total>2</total>
				<timestamp>533.076659</timestamp>
			</report>
			<report>
				<misses>1618001</misses>
				<total>2</total>
				<timestamp>533.406321</timestamp>
			</report>
			<report>
				<misses>1619001</misses>
				<total>2</total>
				<timestamp>533.736024</timestamp>
			</report>
			<report>
				<misses>1620001</misses>
				<total>2</total>
				<timestamp>534.065660</timestamp>
			</report>
			<report>
				<misses>1621001</misses>
				<total>2</total>
				<timestamp>534.395344</timestamp>
			</report>
			<report>
				<misses>1622001</misses>
				<total>2</total>
				<timestamp>534.724988</timestamp>
			</report>
			<report>
				<misses>1623001</misses>
				<total>2</total>
				<timestamp>535.054678</timestamp>
			</report>
			<report>
				<misses>1624001</misses>
				<total>2</total>
				<timestamp>535.384343</timestamp>
			</report>
			<report>
				<misses>1625001</misses>
				<total>2</total>
				<timestamp>535.714006</timestamp>
			</report>
			<report>
				<misses>1626001</misses>
				<total>2</total>
				<timestamp>536.043687</timestamp>
			</report>
			<report>
				<misses>1627001</misses>
				<total>2</total>
				<timestamp>536.373332</timestamp>
			</report>
			<report>
				<misses>1628001</misses>
				<total>2</total>
				<timestamp>536.703020</timestamp>
			</report>
			<report>
				<misses>1629001</misses>
				<total>2</total>
				<timestamp>537.032676</timestamp>
			</report>
			<report>
				<misses>1630001</misses>
				<total>2</total>
				<timestamp>537.362355</timestamp>
			</report>
			<report>
				<misses>1631001</misses>
				<total>2</total>
				<timestamp>537.692037</timestamp>
			</report>
			<report>
				<misses>1632001</misses>
				<total>2</total>
				<timestamp>538.021707</timestamp>
			</report>
			<report>
				<misses>1633001</misses>
				<total>2</total>
				<timestamp>538.351442</timestamp>
			</report>
			<report>
				<misses>1634001</misses>
				<total>2</total>
				<timestamp>538.681040</timestamp>
			</report>
			<report>
				<misses>1635001</misses>
				<total>2</total>
				<timestamp>539.010708</timestamp>
			</report>
			<report>
				<misses>1636001</misses>
				<total>2</total>
				<timestamp>539.340435</timestamp>
			</report>
			<report>
				<misses>1637001</misses>
				<total>2</total>
				<timestamp>539.670052</timestamp>
			</report>
			<report>
				<misses>1638001</misses>
				<total>2</total>
				<timestamp>539.999708</timestamp>
			</report>
			<report>
				<misses>1639001</misses>
				<total>2</total>
				<timestamp>540.329412</timestamp>
			</report>
			<report>
				<misses>1640001</misses>
				<total>2</total>
				<timestamp>540.659060</timestamp>
			</report>
			<report>
				<misses>1641001</misses>
				<total>2</total>
				<timestamp>540.988723</timestamp>
			</report>
			<report>
				<misses>1642001</misses>
				<total>2</total>
				<timestamp>541.318445</timestamp>
			</report>
			<report>
				<misses>1643001</misses>
				<total>2</total>
				<timestamp>541.648076</timestamp>
			</report>
			<report>
				<misses>1644001</misses>
				<total>2</total>
				<timestamp>541.977736</timestamp>
			</report>
			<report>
				<misses>1645001</misses>
				<total>2</total>
				<timestamp>542.307506</timestamp>
			</report>
			<report>
				<misses>1646001</misses>
				<total>2</total>
				<timestamp>542.637095</timestamp>
			</report>
			<report>
				<misses>1647001</misses>
				<total>2</total>
				<timestamp>542.966783</timestamp>
			</report>
			<report>
				<misses>1648001</misses>
				<total>2</total>
				<timestamp>543.296462</timestamp>
			</report>
			<report>
				<misses>1649001</misses>
				<total>2</total>
				<timestamp>543.626091</timestamp>
			</report>
			<report>
				<misses>1650001</misses>
				<total>2</total>
				<timestamp>543.955771</timestamp>
			</report>
			<report>
				<misses>1651001</misses>
				<total>2</total>
				<timestamp>544.285517</timestamp>
			</report>
			<report>
				<misses>1652001</misses>
				<total>2</total>
				<timestamp>544.615112</timestamp>
			</report>
			<report>
				<misses>1653001</misses>
				<total>2</total>
				<timestamp>544.944773</timestamp>
			</report>
			<report>
				<misses>1654001</misses>
				<total>2</total>
				<timestamp>545.274449</timestamp>
			</report>
			<report>
				<misses>1655001</misses>
				<total>2</total>
				<timestamp>545.604127</timestamp>
			</report>
			<report>
				<misses>1656001</misses>
				<total>2</total>
				<timestamp>545.933783</timestamp>
			</report>
			<report>
				<misses>1657001</misses>
				<total>2</total>
				<timestamp>546.263473</timestamp>
			</report>
			<report>
				<misses>1658001</misses>
				<total>2</total>
				<timestamp>546.593113</timestamp>
			</report>
			<report>
				<misses>1659001</misses>
				<total>2</total>
				<timestamp>546.922778</timestamp>
			</report>
			<report>
				<misses>1660001</misses>
				<total>2</total>
				<timestamp>547.252543</timestamp>
			</report>
			<report>
				<misses>1661001</misses>
				<total>2</total>
				<timestamp>547.582141</timestamp>
			</report>
			<report>
				<misses>1662001</misses>
				<total>2</total>
				<timestamp>547.911800</timestamp>
			</report>
			<report>
				<misses>1663001</misses>
				<total>2</total>
				<timestamp>548.241474</timestamp>
			</report>
			<report>
				<misses>1664001</misses>
				<total>2</total>
				<timestamp>548.571142</timestamp>
			</report>
			<report>
				<misses>1665001</misses>
				<total>2</total>
				<timestamp>548.900801</timestamp>
			</report>
			<report>
				<misses>1666001</misses>
				<total>2</total>
				<timestamp>549.230517</timestamp>
			</report>
			<report>
				<misses>1667001</misses>
				<total>2</total>
				<timestamp>549.560159</timestamp>
			</report>
			<report>
				<misses>1668001</misses>
				<total>2</total>
				<timestamp>549.889836</timestamp>
			</report>
			<report>
				<misses>1669001</misses>
				<total>2</total>
				<timestamp>550.219488</timestamp>
			</report>
			<report>
				<misses>1670001</misses>
				<total>2</total>
				<timestamp>550.549150</timestamp>
			</report>
			<report>
				<misses>1671001</misses>
				<total>2</total>
				<timestamp>550.878832</timestamp>
			</report>
			<report>
				<misses>1672001</misses>
				<total>2</total>
				<timestamp>551.208490</timestamp>
			</report>
			<report>
				<misses>1673001</misses>
				<total>2</total>
				<timestamp>551.538154</timestamp>
			</report>
			<report>
				<misses>1674001</misses>
				<total>2</total>
				<timestamp>551.867850</timestamp>
			</report>
			<report>
				<misses>1675001</misses>
				<total>2</total>
				<timestamp>552.197528</timestamp>
			</report>
			<report>
				<misses>1676001</misses>
				<total>2</total>
				<timestamp>552.527192</timestamp>
			</report>
			<report>
				<misses>1677001</misses>
				<total>2</total>
				<timestamp>552.856847</timestamp>
			</report>
			<report>
				<misses>1678001</misses>
				<total>2</total>
				<timestamp>553.186555</timestamp>
			</report>
			<report>
				<misses>1679001</misses>
				<total>2</total>
				<timestamp>553.516177</timestamp>
			</report>
			<report>
				<misses>1680001</misses>
				<total>2</total>
				<timestamp>553.845859</timestamp>
			</report>
			<report>
				<misses>1681001</misses>
				<total>2</total>
				<timestamp>554.175526</timestamp>
			</report>
			<report>
				<misses>1682001</misses>
				<total>2</total>
				<timestamp>554.505211</timestamp>
			</report>
			<report>
				<misses>1683001</misses>
				<total>2</total>
				<timestamp>554.834881</timestamp>
			</report>
			<report>
				<misses>1684001</misses>
				<total>2</total>
				<timestamp>555.164593</timestamp>
			</report>
			<report>
				<misses>1685001</misses>
				<total>2</total>
				<timestamp>555.494239</timestamp>
			</report>
			<report>
				<misses>1686001</misses>
				<total>2</total>
				<timestamp>555.823877</timestamp>
			</report>
			<report>
				<misses>1687001</misses>
				<total>2</total>
				<timestamp>556.153552</timestamp>
			</report>
			<report>
				<misses>1688001</misses>
				<total>2</total>
				<timestamp>556.483241</timestamp>
			</report>
			<report>
				<misses>1689001</misses>
				<total>2</total>
				<timestamp>556.812891</timestamp>
			</report>
			<report>
				<misses>1690001</misses>
				<total>2</total>
				<timestamp>557.142577</timestamp>
			</report>
			<report>
				<misses>1691001</misses>
				<total>2</total>
				<timestamp>557.472231</timestamp>
			</report>
			<report>
				<misses>1692001</misses>
				<total>2</total>
				<timestamp>557.801915</timestamp>
			</report>
			<report>
				<misses>1693001</misses>
				<total>2</total>
				<timestamp>558.131574</timestamp>
			</report>
			<report>
				<misses>1694001</misses>
				<total>2</total>
				<timestamp>558.461283</timestamp>
			</report>
			<report>
				<misses>1695001</misses>
				<total>2</total>
				<timestamp>558.790903</timestamp>
			</report>
			<report>
				<misses>1696001</misses>
				<total>2</total>
				<timestamp>559.120583</timestamp>
			</report>
			<report>
				<misses>1697001</misses>
				<total>2</total>
				<timestamp>559.450285</timestamp>
			</report>
			<report>
				<misses>1698001</misses>
				<total>2</total>
				<timestamp>559.779924</timestamp>
			</report>
			<report>
				<misses>1699001</misses>
				<total>2</total>
				<timestamp>560.109624</timestamp>
			</report>
			<report>
				<misses>1700001</misses>
				<total>2</total>
				<timestamp>560.439322</timestamp>
			</report>
			<report>
				<misses>1701001</misses>
				<total>2</total>
				<timestamp>560.768925</timestamp>
			</report>
			<report>
				<misses>1702001</misses>
				<total>2</total>
				<timestamp>561.098622</timestamp>
			</report>
			<report>
				<misses>1703001</misses>
				<total>2</total>
				<timestamp>561.428339</timestamp>
			</report>
			<report>
				<misses>1704001</misses>
				<total>2</total>
				<timestamp>561.757938</timestamp>
			</report>
			<report>
				<misses>1705001</misses>
				<total>2</total>
				<timestamp>562.087621</timestamp>
			</report>
			<report>
				<misses>1706001</misses>
				<total>2</total>
				<timestamp>562.417392</timestamp>
			</report>
			<report>
				<misses>1707001</misses>
				<total>2</total>
				<timestamp>562.746940</timestamp>
			</report>
			<report>
				<misses>1708001</misses>
				<total>2</total>
				<timestamp>563.076630</timestamp>
			</report>
			<report>
				<misses>1709001</misses>
				<total>2</total>
				<timestamp>563.406327</timestamp>
			</report>
			<report>
				<misses>1710001</misses>
				<total>2</total>
				<timestamp>563.735965</timestamp>
			</report>
			<report>
				<misses>1711001</misses>
				<total>2</total>
				<timestamp>564.065615</timestamp>
			</report>
			<report>
				<misses>1712001</misses>
				<total>2</total>
				<timestamp>564.395366</timestamp>
			</report>
			<report>
				<misses>1713001</misses>
				<total>2</total>
				<timestamp>564.724971</timestamp>
			</report>
			<report>
				<misses>1714001</misses>
				<total>2</total>
				<timestamp>565.054693</timestamp>
			</report>
			<report>
				<misses>1715001</misses>
				<total>2</total>
				<timestamp>565.384395</timestamp>
			</report>
			<report>
				<misses>1716001</misses>
				<total>2</total>
				<timestamp>565.714028</timestamp>
			</report>
			<report>
				<misses>1717001</misses>
				<total>2</total>
				<timestamp>566.043669</timestamp>
			</report>
			<report>
				<misses>1718001</misses>
				<total>2</total>
				<timestamp>566.373342</timestamp>
			</report>
			<report>
				<misses>1719001</misses>
				<total>2</total>
				<timestamp>566.702982</timestamp>
			</report>
			<report>
				<misses>1720001</misses>
				<total>2</total>
				<timestamp>567.032676</timestamp>
			</report>
			<report>
				<misses>1721001</misses>
				<total>2</total>
				<timestamp>567.362389</timestamp>
			</report>
			<report>
				<misses>1722001</misses>
				<total>2</total>
				<timestamp>567.692017</timestamp>
			</report>
			<report>
				<misses>1723001</misses>
				<total>2</total>
				<timestamp>568.021676</timestamp>
			</report>
			<report>
				<misses>1724001</misses>
				<total>2</total>
				<timestamp>568.351429</timestamp>
			</report>
			<report>
				<misses>1725001</misses>
				<total>2</total>
				<timestamp>568.681021</timestamp>
			</report>
			<report>
				<misses>1726001</misses>
				<total>2</total>
				<timestamp>569.010679</timestamp>
			</report>
			<report>
				<misses>1727001</misses>
				<total>2</total>
				<timestamp>569.340372</timestamp>
			</report>
			<report>
				<misses>1728001</misses>
				<total>2</total>
				<timestamp>569.670029</timestamp>
			</report>
			<report>
				<misses>1729001</misses>
				<total>2</total>
				<timestamp>569.999696</timestamp>
			</report>
			<report>
				<misses>1730001</misses>
				<total>2</total>
				<timestamp>570.329356</timestamp>
			</report>
			<report>
				<misses>1731001</misses>
				<total>2</total>
				<timestamp>570.659025</timestamp>
			</report>
			<report>
				<misses>1732001</misses>
				<total>2</total>
				<timestamp>570.988771</timestamp>
			</report>
			<report>
				<misses>1733001</misses>
				<total>2</total>
				<timestamp>571.318434</timestamp>
			</report>
			<report>
				<misses>1734001</misses>
				<total>2</total>
				<timestamp>571.648044</timestamp>
			</report>
			<report>
				<misses>1735001</misses>
				<total>2</total>
				<timestamp>571.977708</timestamp>
			</report>
			<report>
				<misses>1736001</misses>
				<total>2</total>
				<timestamp>572.307438</timestamp>
			</report>
			<report>
				<misses>1737001</misses>
				<total>2</total>
				<timestamp>572.637044</timestamp>
			</report>
			<report>
				<misses>1738001</misses>
				<total>2</total>
				<timestamp>572.966727</timestamp>
			</report>
			<report>
				<misses>1739001</misses>
				<total>2</total>
				<timestamp>573.296488</timestamp>
			</report>
			<report>
				<misses>1740001</misses>
				<total>2</total>
				<timestamp>573.626080</timestamp>
			</report>
			<report>
				<misses>1741001</misses>
				<total>2</total>
				<timestamp>573.955722</timestamp>
			</report>
			<report>
				<misses>1742001</misses>
				<total>2</total>
				<timestamp>574.285429</timestamp>
			</report>
			<report>
				<misses>1743001</misses>
				<total>2</total>
				<timestamp>574.615090</timestamp>
			</report>
			<report>
				<misses>1744001</misses>
				<total>2</total>
				<timestamp>574.944736</timestamp>
			</report>
			<report>
				<misses>1745001</misses>
				<total>2</total>
				<timestamp>575.274405</timestamp>
			</report>
			<report>
				<misses>1746001</misses>
				<total>2</total>
				<timestamp>575.604096</timestamp>
			</report>
			<report>
				<misses>1747001</misses>
				<total>2</total>
				<timestamp>575.933761</timestamp>
			</report>
			<report>
				<misses>1748001</misses>
				<total>2</total>
				<timestamp>576.263421</timestamp>
			</report>
			<report>
				<misses>1749001</misses>
				<total>2</total>
				<timestamp>576.593085</timestamp>
			</report>
			<report>
				<misses>1750001</misses>
				<total>2</total>
				<timestamp>576.922761</timestamp>
			</report>
			<report>
				<misses>1751001</misses>
				<total>2</total>
				<timestamp>577.252434</timestamp>
			</report>
			<report>
				<misses>1752001</misses>
				<total>2</total>
				<timestamp>577.582129</timestamp>
			</report>
			<report>
				<misses>1753001</misses>
				<total>2</total>
				<timestamp>577.911776</timestamp>
			</report>
			<report>
				<misses>1754001</misses>
				<total>2</total>
				<timestamp>578.241434</timestamp>
			</report>
			<report>
				<misses>1755001</misses>
				<total>2</total>
				<timestamp>578.571213</timestamp>
			</report>
			<report>
				<misses>1756001</misses>
				<total>2</total>
				<timestamp>578.900774</timestamp>
			</report>
			<report>
				<misses>1757001</misses>
				<total>2</total>
				<timestamp>579.230505</timestamp>
			</report>
			<report>
				<misses>1758001</misses>
				<total>2</total>
				<timestamp>579.560126</timestamp>
			</report>
			<report>
				<misses>1759001</misses>
				<total>2</total>
				<timestamp>579.889798</timestamp>
			</report>
			<report>
				<misses>1760001</misses>
				<total>2</total>
				<timestamp>580.219463</timestamp>
			</report>
			<report>
				<misses>1761001</misses>
				<total>2</total>
				<timestamp>580.549155</timestamp>
			</report>
			<report>
				<misses>1762001</misses>
				<total>2</total>
				<timestamp>580.878808</timestamp>
			</report>
			<report>
				<misses>1763001</misses>
				<total>2</total>
				<timestamp>581.208467</timestamp>
			</report>
			<report>
				<misses>1764001</misses>
				<total>2</total>
				<timestamp>581.538142</timestamp>
			</report>
			<report>
				<misses>1765001</misses>
				<total>2</total>
				<timestamp>581.867813</timestamp>
			</report>
			<report>
				<misses>1766001</misses>
				<total>2</total>
				<timestamp>582.197475</timestamp>
			</report>
			<report>
				<misses>1767001</misses>
				<total>2</total>
				<timestamp>582.527165</timestamp>
			</report>
			<report>
				<misses>1768001</misses>
				<total>2</total>
				<timestamp>582.856815</timestamp>
			</report>
			<report>
				<misses>1769001</misses>
				<total>2</total>
				<timestamp>583.186502</timestamp>
			</report>
			<report>
				<misses>1770001</misses>
				<total>2</total>
				<timestamp>583.516210</timestamp>
			</report>
			<report>
				<misses>1771001</misses>
				<total>2</total>
				<timestamp>583.845837</timestamp>
			</report>
			<report>
				<misses>1772001</misses>
				<total>2</total>
				<timestamp>584.175506</timestamp>
			</report>
			<report>
				<misses>1773001</misses>
				<total>2</total>
				<timestamp>584.505257</timestamp>
			</report>
			<report>
				<misses>1774001</misses>
				<total>2</total>
				<timestamp>584.834831</timestamp>
			</report>
			<report>
				<misses>1775001</misses>
				<total>2</total>
				<timestamp>585.164523</timestamp>
			</report>
			<report>
				<misses>1776001</misses>
				<total>2</total>
				<timestamp>585.494254</timestamp>
			</report>
			<report>
				<misses>1777001</misses>
				<total>2</total>
				<timestamp>585.823850</timestamp>
			</report>
			<report>
				<misses>1778001</misses>
				<total>2</total>
				<timestamp>586.153513</timestamp>
			</report>
			<report>
				<misses>1779001</misses>
				<total>2</total>
				<timestamp>586.483287</timestamp>
			</report>
			<report>
				<misses>1780001</misses>
				<total>2</total>
				<timestamp>586.812866</timestamp>
			</report>
			<report>
				<misses>1781001</misses>
				<total>2</total>
				<timestamp>587.142541</timestamp>
			</report>
			<report>
				<misses>1782001</misses>
				<total>2</total>
				<timestamp>587.472197</timestamp>
			</report>
			<report>
				<misses>1783001</misses>
				<total>2</total>
				<timestamp>587.801859</timestamp>
			</report>
			<report>
				<misses>1784001</misses>
				<total>2</total>
				<timestamp>588.131615</timestamp>
			</report>
			<report>
				<misses>1785001</misses>
				<total>2</total>
				<timestamp>588.461348</timestamp>
			</report>
			<report>
				<misses>1786001</misses>
				<total>2</total>
				<timestamp>588.790892</timestamp>
			</report>
			<report>
				<misses>1787001</misses>
				<total>2</total>
				<timestamp>589.120543</timestamp>
			</report>
			<report>
				<misses>1788001</misses>
				<total>2</total>
				<timestamp>589.450230</timestamp>
			</report>
			<report>
				<misses>1789001</misses>
				<total>2</total>
				<timestamp>589.779893</timestamp>
			</report>
			<report>
				<misses>1790001</misses>
				<total>2</total>
				<timestamp>590.109554</timestamp>
			</report>
			<report>
				<misses>1791001</misses>
				<total>2</total>
				<timestamp>590.439261</timestamp>
			</report>
			<report>
				<misses>1792001</misses>
				<total>2</total>
				<timestamp>590.768904</timestamp>
			</report>
			<report>
				<misses>1793001</misses>
				<total>2</total>
				<timestamp>591.098573</timestamp>
			</report>
			<report>
				<misses>1794001</misses>
				<total>2</total>
				<timestamp>591.428381</timestamp>
			</report>
			<report>
				<misses>1795001</misses>
				<total>2</total>
				<timestamp>591.757911</timestamp>
			</report>
			<report>
				<misses>1796001</misses>
				<total>2</total>
				<timestamp>592.087578</timestamp>
			</report>
			<report>
				<misses>1797001</misses>
				<total>2</total>
				<timestamp>592.417335</timestamp>
			</report>
			<report>
				<misses>1798001</misses>
				<total>2</total>
				<timestamp>592.746899</timestamp>
			</report>
			<report>
				<misses>1799001</misses>
				<total>2</total>
				<timestamp>593.076572</timestamp>
			</report>
			<report>
				<misses>1800001</misses>
				<total>2</total>
				<timestamp>593.406329</timestamp>
			</report>
			<report>
				<misses>1801001</misses>
				<total>2</total>
				<timestamp>593.735925</timestamp>
			</report>
			<report>
				<misses>1802001</misses>
				<total>2</total>
				<timestamp>594.065604</timestamp>
			</report>
			<report>
				<misses>1803001</misses>
				<total>2</total>
				<timestamp>594.395274</timestamp>
			</report>
			<report>
				<misses>1804001</misses>
				<total>2</total>
				<timestamp>594.724953</timestamp>
			</report>
			<report>
				<misses>1805001</misses>
				<total>2</total>
				<timestamp>595.054618</timestamp>
			</report>
			<report>
				<misses>1806001</misses>
				<total>2</total>
				<timestamp>595.384353</timestamp>
			</report>
			<report>
				<misses>1807001</misses>
				<total>2</total>
				<timestamp>595.713941</timestamp>
			</report>
			<report>
				<misses>1808001</misses>
				<total>2</total>
				<timestamp>596.043622</timestamp>
			</report>
			<report>
				<misses>1809001</misses>
				<total>2</total>
				<timestamp>596.373297</timestamp>
			</report>
			<report>
				<misses>1810001</misses>
				<total>2</total>
				<timestamp>596.702958</timestamp>
			</report>
			<report>
				<misses>1811001</misses>
				<total>2</total>
				<timestamp>597.032635</timestamp>
			</report>
			<report>
				<misses>1812001</misses>
				<total>2</total>
				<timestamp>597.362359</timestamp>
			</report>
			<report>
				<misses>1813001</misses>
				<total>2</total>
				<timestamp>597.691962</timestamp>
			</report>
			<report>
				<misses>1814001</misses>
				<total>2</total>
				<timestamp>598.021632</timestamp>
			</report>
			<report>
				<misses>1815001</misses>
				<total>2</total>
				<timestamp>598.351338</timestamp>
			</report>
			<report>
				<misses>1816001</misses>
				<total>2</total>
				<timestamp>598.680995</timestamp>
			</report>
			<report>
				<misses>1817001</misses>
				<total>2</total>
				<timestamp>599.010646</timestamp>
			</report>
			<report>
				<misses>1818001</misses>
				<total>2</total>
				<timestamp>599.340382</timestamp>
			</report>
			<report>
				<misses>1819001</misses>
				<total>2</total>
				<timestamp>599.669997</timestamp>
			</report>
			<report>
				<misses>1820001</misses>
				<total>2</total>
				<timestamp>599.999656</timestamp>
			</report>
			<report>
				<misses>1821001</misses>
				<total>2</total>
				<timestamp>600.329338</timestamp>
			</report>
			<report>
				<misses>1822001</misses>
				<total>2</total>
				<timestamp>600.659012</timestamp>
			</report>
			<report>
				<misses>1823001</misses>
				<total>2</total>
				<timestamp>600.988678</timestamp>
			</report>
			<report>
				<misses>1824001</misses>
				<total>2</total>
				<timestamp>601.318336</timestamp>
			</report>
			<report>
				<misses>1825001</misses>
				<total>2</total>
				<timestamp>601.648026</timestamp>
			</report>
			<report>
				<misses>1826001</misses>
				<total>2</total>
				<timestamp>601.977676</timestamp>
			</report>
			<report>
				<misses>1827001</misses>
				<total>2</total>
				<timestamp>602.307357</timestamp>
			</report>
			<report>
				<misses>1828001</misses>
				<total>2</total>
				<timestamp>602.637124</timestamp>
			</report>
			<report>
				<misses>1829001</misses>
				<total>2</total>
				<timestamp>602.966682</timestamp>
			</report>
			<report>
				<misses>1830001</misses>
				<total>2</total>
				<timestamp>603.296417</timestamp>
			</report>
			<report>
				<misses>1831001</misses>
				<total>2</total>
				<timestamp>603.626076</timestamp>
			</report>
			<report>
				<misses>1832001</misses>
				<total>2</total>
				<timestamp>603.955709</timestamp>
			</report>
			<report>
				<misses>1833001</misses>
				<total>2</total>
				<timestamp>604.285368</timestamp>
			</report>
			<report>
				<misses>1834001</misses>
				<total>2</total>
				<timestamp>604.615102</timestamp>
			</report>
			<report>
				<misses>1835001</misses>
				<total>2</total>
				<timestamp>604.944735</timestamp>
			</report>
			<report>
				<misses>1836001</misses>
				<total>2</total>
				<timestamp>605.274431</timestamp>
			</report>
			<report>
				<misses>1837001</misses>
				<total>2</total>
				<timestamp>605.604138</timestamp>
			</report>
			<report>
				<misses>1838001</misses>
				<total>2</total>
				<timestamp>605.933712</timestamp>
			</report>
			<report>
				<misses>1839001</misses>
				<total>2</total>
				<timestamp>606.263411</timestamp>
			</report>
			<report>
				<misses>1840001</misses>
				<total>2</total>
				<timestamp>606.593103</timestamp>
			</report>
			<report>
				<misses>1841001</misses>
				<total>2</total>
				<timestamp>606.922740</timestamp>
			</report>
			<report>
				<misses>1842001</misses>
				<total>2</total>
				<timestamp>607.252393</timestamp>
			</report>
			<report>
				<misses>1843001</misses>
				<total>2</total>
				<timestamp>607.582113</timestamp>
			</report>
			<report>
				<misses>1844001</misses>
				<total>2</total>
				<timestamp>607.911741</timestamp>
			</report>
			<report>
				<misses>1845001</misses>
				<total>2</total>
				<timestamp>608.241409</timestamp>
			</report>
			<report>
				<misses>1846001</misses>
				<total>2</total>
				<timestamp>608.571154</timestamp>
			</report>
			<report>
				<misses>1847001</misses>
				<total>2</total>
				<timestamp>608.900785</timestamp>
			</report>
			<report>
				<misses>1848001</misses>
				<total>2</total>
				<timestamp>609.230425</timestamp>
			</report>
			<report>
				<misses>1849001</misses>
				<total>2</total>
				<timestamp>609.560112</timestamp>
			</report>
			<report>
				<misses>1850001</misses>
				<total>2</total>
				<timestamp>609.889764</timestamp>
			</report>
			<report>
				<misses>1851001</misses>
				<total>2</total>
				<timestamp>610.219433</timestamp>
			</report>
			<report>
				<misses>1852001</misses>
				<total>2</total>
				<timestamp>610.549142</timestamp>
			</report>
			<report>
				<misses>1853001</misses>
				<total>2</total>
				<timestamp>610.878768</timestamp>
			</report>
			<report>
				<misses>1854001</misses>
				<total>2</total>
				<timestamp>611.208447</timestamp>
			</report>
			<report>
				<misses>1855001</misses>
				<total>2</total>
				<timestamp>611.538144</timestamp>
			</report>
			<report>
				<misses>1856001</misses>
				<total>2</total>
				<timestamp>611.867780</timestamp>
			</report>
			<report>
				<misses>1857001</misses>
				<total>2</total>
				<timestamp>612.197455</timestamp>
			</report>
			<report>
				<misses>1858001</misses>
				<total>2</total>
				<timestamp>612.527155</timestamp>
			</report>
			<report>
				<misses>1859001</misses>
				<total>2</total>
				<timestamp>612.856820</timestamp>
			</report>
			<report>
				<misses>1860001</misses>
				<total>2</total>
				<timestamp>613.186478</timestamp>
			</report>
			<report>
				<misses>1861001</misses>
				<total>2</total>
				<timestamp>613.516139</timestamp>
			</report>
			<report>
				<misses>1862001</misses>
				<total>2</total>
				<timestamp>613.845816</timestamp>
			</report>
			<report>
				<misses>1863001</misses>
				<total>2</total>
				<timestamp>614.175472</timestamp>
			</report>
			<report>
				<misses>1864001</misses>
				<total>2</total>
				<timestamp>614.505173</timestamp>
			</report>
			<report>
				<misses>1865001</misses>
				<total>2</total>
				<timestamp>614.834812</timestamp>
			</report>
			<report>
				<misses>1866001</misses>
				<total>2</total>
				<timestamp>615.164481</timestamp>
			</report>
			<report>
				<misses>1867001</misses>
				<total>2</total>
				<timestamp>615.494140</timestamp>
			</report>
			<report>
				<misses>1868001</misses>
				<total>2</total>
				<timestamp>615.823869</timestamp>
			</report>
			<report>
				<misses>1869001</misses>
				<total>2</total>
				<timestamp>616.153499</timestamp>
			</report>
			<report>
				<misses>1870001</misses>
				<total>2</total>
				<timestamp>616.483214</timestamp>
			</report>
			<report>
				<misses>1871001</misses>
				<total>2</total>
				<timestamp>616.812821</timestamp>
			</report>
			<report>
				<misses>1872001</misses>
				<total>2</total>
				<timestamp>617.142485</timestamp>
			</report>
			<report>
				<misses>1873001</misses>
				<total>2</total>
				<timestamp>617.472180</timestamp>
			</report>
			<report>
				<misses>1874001</misses>
				<total>2</total>
				<timestamp>617.801831</timestamp>
			</report>
			<report>
				<misses>1875001</misses>
				<total>2</total>
				<timestamp>618.131548</timestamp>
			</report>
			<report>
				<misses>1876001</misses>
				<total>2</total>
				<timestamp>618.461228</timestamp>
			</report>
			<report>
				<misses>1877001</misses>
				<total>2</total>
				<timestamp>618.790851</timestamp>
			</report>
			<report>
				<misses>1878001</misses>
				<total>2</total>
				<timestamp>619.120514</timestamp>
			</report>
			<report>
				<misses>1879001</misses>
				<total>2</total>
				<timestamp>619.450194</timestamp>
			</report>
			<report>
				<misses>1880001</misses>
				<total>2</total>
				<timestamp>619.779862</timestamp>
			</report>
			<report>
				<misses>1881001</misses>
				<total>2</total>
				<timestamp>620.109535</timestamp>
			</report>
			<report>
				<misses>1882001</misses>
				<total>2</total>
				<timestamp>620.439251</timestamp>
			</report>
			<report>
				<misses>1883001</misses>
				<total>2</total>
				<timestamp>620.768888</timestamp>
			</report>
			<report>
				<misses>1884001</misses>
				<total>2</total>
				<timestamp>621.098535</timestamp>
			</report>
			<report>
				<misses>1885001</misses>
				<total>2</total>
				<timestamp>621.428256</timestamp>
			</report>
			<report>
				<misses>1886001</misses>
				<total>2</total>
				<timestamp>621.757890</timestamp>
			</report>
			<report>
				<misses>1887001</misses>
				<total>2</total>
				<timestamp>622.087566</timestamp>
			</report>
			<report>
				<misses>1888001</misses>
				<total>2</total>
				<timestamp>622.417246</timestamp>
			</report>
			<report>
				<misses>1889001</misses>
				<total>2</total>
				<timestamp>622.746931</timestamp>
			</report>
			<report>
				<misses>1890001</misses>
				<total>2</total>
				<timestamp>623.076569</timestamp>
			</report>
			<report>
				<misses>1891001</misses>
				<total>2</total>
				<timestamp>623.406241</timestamp>
			</report>
			<report>
				<misses>1892001</misses>
				<total>2</total>
				<timestamp>623.735897</timestamp>
			</report>
			<report>
				<misses>1893001</misses>
				<total>2</total>
				<timestamp>624.065573</timestamp>
			</report>
			<report>
				<misses>1894001</misses>
				<total>2</total>
				<timestamp>624.395232</timestamp>
			</report>
			<report>
				<misses>1895001</misses>
				<total>2</total>
				<timestamp>624.724979</timestamp>
			</report>
			<report>
				<misses>1896001</misses>
				<total>2</total>
				<timestamp>625.054574</timestamp>
			</report>
			<report>
				<misses>1897001</misses>
				<total>2</total>
				<timestamp>625.384247</timestamp>
			</report>
			<report>
				<misses>1898001</misses>
				<total>2</total>
				<timestamp>625.713951</timestamp>
			</report>
			<report>
				<misses>1899001</misses>
				<total>2</total>
				<timestamp>626.043589</timestamp>
			</report>
			<report>
				<misses>1900001</misses>
				<total>2</total>
				<timestamp>626.373288</timestamp>
			</report>
			<report>
				<misses>1901001</misses>
				<total>2</total>
				<timestamp>626.703036</timestamp>
			</report>
			<report>
				<misses>1902001</misses>
				<total>2</total>
				<timestamp>627.032629</timestamp>
			</report>
			<report>
				<misses>1903001</misses>
				<total>2</total>
				<timestamp>627.362296</timestamp>
			</report>
			<report>
				<misses>1904001</misses>
				<total>2</total>
				<timestamp>627.691927</timestamp>
			</report>
			<report>
				<misses>1905001</misses>
				<total>2</total>
				<timestamp>628.021602</timestamp>
			</report>
			<report>
				<misses>1906001</misses>
				<total>2</total>
				<timestamp>628.351310</timestamp>
			</report>
			<report>
				<misses>1907001</misses>
				<total>2</total>
				<timestamp>628.680954</timestamp>
			</report>
			<report>
				<misses>1908001</misses>
				<total>2</total>
				<timestamp>629.010637</timestamp>
			</report>
			<report>
				<misses>1909001</misses>
				<total>2</total>
				<timestamp>629.340287</timestamp>
			</report>
			<report>
				<misses>1910001</misses>
				<total>2</total>
				<timestamp>629.670035</timestamp>
			</report>
			<report>
				<misses>1911001</misses>
				<total>2</total>
				<timestamp>629.999632</timestamp>
			</report>
			<report>
				<misses>1912001</misses>
				<total>2</total>
				<timestamp>630.329372</timestamp>
			</report>
			<report>
				<misses>1913001</misses>
				<total>2</total>
				<timestamp>630.659023</timestamp>
			</report>
			<report>
				<misses>1914001</misses>
				<total>2</total>
				<timestamp>630.988646</timestamp>
			</report>
			<report>
				<misses>1915001</misses>
				<total>2</total>
				<timestamp>631.318363</timestamp>
			</report>
			<report>
				<misses>1916001</misses>
				<total>2</total>
				<timestamp>631.648013</timestamp>
			</report>
			<report>
				<misses>1917001</misses>
				<total>2</total>
				<timestamp>631.977725</timestamp>
			</report>
			<report>
				<misses>1918001</misses>
				<total>2</total>
				<timestamp>632.307326</timestamp>
			</report>
			<report>
				<misses>1919001</misses>
				<total>2</total>
				<timestamp>632.637029</timestamp>
			</report>
			<report>
				<misses>1920001</misses>
				<total>2</total>
				<timestamp>632.966649</timestamp>
			</report>
			<report>
				<misses>1921001</misses>
				<total>2</total>
				<timestamp>633.296356</timestamp>
			</report>
			<report>
				<misses>1922001</misses>
				<total>2</total>
				<timestamp>633.626046</timestamp>
			</report>
			<report>
				<misses>1923001</misses>
				<total>2</total>
				<timestamp>633.955662</timestamp>
			</report>
			<report>
				<misses>1924001</misses>
				<total>2</total>
				<timestamp>634.285382</timestamp>
			</report>
			<report>
				<misses>1925001</misses>
				<total>2</total>
				<timestamp>634.615057</timestamp>
			</report>
			<report>
				<misses>1926001</misses>
				<total>2</total>
				<timestamp>634.944785</timestamp>
			</report>
			<report>
				<misses>1927001</misses>
				<total>2</total>
				<timestamp>635.274370</timestamp>
			</report>
			<report>
				<misses>1928001</misses>
				<total>2</total>
				<timestamp>635.604050</timestamp>
			</report>
			<report>
				<misses>1929001</misses>
				<total>2</total>
				<timestamp>635.933693</timestamp>
			</report>
			<report>
				<misses>1930001</misses>
				<total>2</total>
				<timestamp>636.263355</timestamp>
			</report>
			<report>
				<misses>1931001</misses>
				<total>2</total>
				<timestamp>636.593033</timestamp>
			</report>
			<report>
				<misses>1932001</misses>
				<total>2</total>
				<timestamp>636.922712</timestamp>
			</report>
			<report>
				<misses>1933001</misses>
				<total>2</total>
				<timestamp>637.252362</timestamp>
			</report>
			<report>
				<misses>1934001</misses>
				<total>2</total>
				<timestamp>637.582104</timestamp>
			</report>
			<report>
				<misses>1935001</misses>
				<total>2</total>
				<timestamp>637.911717</timestamp>
			</report>
			<report>
				<misses>1936001</misses>
				<total>2</total>
				<timestamp>638.241381</timestamp>
			</report>
			<report>
				<misses>1937001</misses>
				<total>2</total>
				<timestamp>638.571102</timestamp>
			</report>
			<report>
				<misses>1938001</misses>
				<total>2</total>
				<timestamp>638.900738</timestamp>
			</report>
			<report>
				<misses>1939001</misses>
				<total>2</total>
				<timestamp>639.230394</timestamp>
			</report>
			<report>
				<misses>1940001</misses>
				<total>2</total>
				<timestamp>639.560080</timestamp>
			</report>
			<report>
				<misses>1941001</misses>
				<total>2</total>
				<timestamp>639.889729</timestamp>
			</report>
			<report>
				<misses>1942001</misses>
				<total>2</total>
				<timestamp>640.219391</timestamp>
			</report>
			<report>
				<misses>1943001</misses>
				<total>2</total>
				<timestamp>640.549070</timestamp>
			</report>
			<report>
				<misses>1944001</misses>
				<total>2</total>
				<timestamp>640.878743</timestamp>
			</report>
			<report>
				<misses>1945001</misses>
				<total>2</total>
				<timestamp>641.208396</timestamp>
			</report>
			<report>
				<misses>1946001</misses>
				<total>2</total>
				<timestamp>641.538132</timestamp>
			</report>
			<report>
				<misses>1947001</misses>
				<total>2</total>
				<timestamp>641.867745</timestamp>
			</report>
			<report>
				<misses>1948001</misses>
				<total>2</total>
				<timestamp>642.197427</timestamp>
			</report>
			<report>
				<misses>1949001</misses>
				<total>2</total>
				<timestamp>642.527121</timestamp>
			</report>
			<report>
				<misses>1950001</misses>
				<total>2</total>
				<timestamp>642.856760</timestamp>
			</report>
			<report>
				<misses>1951001</misses>
				<total>2</total>
				<timestamp>643.186436</timestamp>
			</report>
			<report>
				<misses>1952001</misses>
				<total>2</total>
				<timestamp>643.516181</timestamp>
			</report>
			<report>
				<misses>1953001</misses>
				<total>2</total>
				<timestamp>643.845846</timestamp>
			</report>
			<report>
				<misses>1954001</misses>
				<total>2</total>
				<timestamp>644.175433</timestamp>
			</report>
			<report>
				<misses>1955001</misses>
				<total>2</total>
				<timestamp>644.505145</timestamp>
			</report>
			<report>
				<misses>1956001</misses>
				<total>2</total>
				<timestamp>644.834841</timestamp>
			</report>
			<report>
				<misses>1957001</misses>
				<total>2</total>
				<timestamp>645.164458</timestamp>
			</report>
			<report>
				<misses>1958001</misses>
				<total>2</total>
				<timestamp>645.494188</timestamp>
			</report>
			<report>
				<misses>1959001</misses>
				<total>2</total>
				<timestamp>645.823840</timestamp>
			</report>
			<report>
				<misses>1960001</misses>
				<total>2</total>
				<timestamp>646.153466</timestamp>
			</report>
			<report>
				<misses>1961001</misses>
				<total>2</total>
				<timestamp>646.483161</timestamp>
			</report>
			<report>
				<misses>1962001</misses>
				<total>2</total>
				<timestamp>646.812831</timestamp>
			</report>
			<report>
				<misses>1963001</misses>
				<total>2</total>
				<timestamp>647.142464</timestamp>
			</report>
			<report>
				<misses>1964001</misses>
				<total>2</total>
				<timestamp>647.472140</timestamp>
			</report>
			<report>
				<misses>1965001</misses>
				<total>2</total>
				<timestamp>647.801806</timestamp>
			</report>
			<report>
				<misses>1966001</misses>
				<total>2</total>
				<timestamp>648.131485</timestamp>
			</report>
			<report>
				<misses>1967001</misses>
				<total>2</total>
				<timestamp>648.461169</timestamp>
			</report>
			<report>
				<misses>1968001</misses>
				<total>2</total>
				<timestamp>648.790825</timestamp>
			</report>
			<report>
				<misses>1969001</misses>
				<total>2</total>
				<timestamp>649.120493</timestamp>
			</report>
			<report>
				<misses>1970001</misses>
				<total>2</total>
				<timestamp>649.450178</timestamp>
			</report>
			<report>
				<misses>1971001</misses>
				<total>2</total>
				<timestamp>649.779902</timestamp>
			</report>
			<report>
				<misses>1972001</misses>
				<total>2</total>
				<timestamp>650.109528</timestamp>
			</report>
			<report>
				<misses>1973001</misses>
				<total>2</total>
				<timestamp>650.439174</timestamp>
			</report>
			<report>
				<misses>1974001</misses>
				<total>2</total>
				<timestamp>650.768871</timestamp>
			</report>
			<report>
				<misses>1975001</misses>
				<total>2</total>
				<timestamp>651.098494</timestamp>
			</report>
			<report>
				<misses>1976001</misses>
				<total>2</total>
				<timestamp>651.428182</timestamp>
			</report>
			<report>
				<misses>1977001</misses>
				<total>2</total>
				<timestamp>651.757942</timestamp>
			</report>
			<report>
				<misses>1978001</misses>
				<total>2</total>
				<timestamp>652.087525</timestamp>
			</report>
			<report>
				<misses>1979001</misses>
				<total>2</total>
				<timestamp>652.417222</timestamp>
			</report>
			<report>
				<misses>1980001</misses>
				<total>2</total>
				<timestamp>652.746872</timestamp>
			</report>
			<report>
				<misses>1981001</misses>
				<total>2</total>
				<timestamp>653.076527</timestamp>
			</report>
			<report>
				<misses>1982001</misses>
				<total>2</total>
				<timestamp>653.406225</timestamp>
			</report>
			<report>
				<misses>1983001</misses>
				<total>2</total>
				<timestamp>653.735943</timestamp>
			</report>
			<report>
				<misses>1984001</misses>
				<total>2</total>
				<timestamp>654.065543</timestamp>
			</report>
			<report>
				<misses>1985001</misses>
				<total>2</total>
				<timestamp>654.395208</timestamp>
			</report>
			<report>
				<misses>1986001</misses>
				<total>2</total>
				<timestamp>654.724948</timestamp>
			</report>
			<report>
				<misses>1987001</misses>
				<total>2</total>
				<timestamp>655.054547</timestamp>
			</report>
			<report>
				<misses>1988001</misses>
				<total>2</total>
				<timestamp>655.384226</timestamp>
			</report>
			<report>
				<misses>1989001</misses>
				<total>2</total>
				<timestamp>655.713989</timestamp>
			</report>
			<report>
				<misses>1990001</misses>
				<total>2</total>
				<timestamp>656.043566</timestamp>
			</report>
			<report>
				<misses>1991001</misses>
				<total>2</total>
				<timestamp>656.373250</timestamp>
			</report>
			<report>
				<misses>1992001</misses>
				<total>2</total>
				<timestamp>656.702987</timestamp>
			</report>
			<report>
				<misses>1993001</misses>
				<total>2</total>
				<timestamp>657.032572</timestamp>
			</report>
			<report>
				<misses>1994001</misses>
				<total>2</total>
				<timestamp>657.362232</timestamp>
			</report>
			<report>
				<misses>1995001</misses>
				<total>2</total>
				<timestamp>657.691983</timestamp>
			</report>
			<report>
				<misses>1996001</misses>
				<total>2</total>
				<timestamp>658.021586</timestamp>
			</report>
			<report>
				<misses>1997001</misses>
				<total>2</total>
				<timestamp>658.351237</timestamp>
			</report>
			<report>
				<misses>1998001</misses>
				<total>2</total>
				<timestamp>658.680979</timestamp>
			</report>
			<report>
				<misses>1999001</misses>
				<total>2</total>
				<timestamp>659.010599</timestamp>
			</report>
			<report>
				<misses>2000001</misses>
				<total>2</total>
				<timestamp>659.340254</timestamp>
			</report>
			<report>
				<misses>2001001</misses>
				<total>2</total>
				<timestamp>659.669994</timestamp>
			</report>
			<report>
				<misses>2002001</misses>
				<total>2</total>
				<timestamp>659.999618</timestamp>
			</report>
			<report>
				<misses>2003001</misses>
				<total>2</total>
				<timestamp>660.329325</timestamp>
			</report>
			<report>
				<misses>2004001</misses>
				<total>2</total>
				<timestamp>660.658975</timestamp>
			</report>
			<report>
				<misses>2005001</misses>
				<total>2</total>
				<timestamp>660.988617</timestamp>
			</report>
			<report>
				<misses>2006001</misses>
				<total>2</total>
				<timestamp>661.318358</timestamp>
			</report>
			<report>
				<misses>2007001</misses>
				<total>2</total>
				<timestamp>661.647983</timestamp>
			</report>
			<report>
				<misses>2008001</misses>
				<total>2</total>
				<timestamp>661.977628</timestamp>
			</report>
			<report>
				<misses>2009001</misses>
				<total>2</total>
				<timestamp>662.307304</timestamp>
			</report>
			<report>
				<misses>2010001</misses>
				<total>2</total>
				<timestamp>662.637016</timestamp>
			</report>
			<report>
				<misses>2011001</misses>
				<total>2</total>
				<timestamp>662.966642</timestamp>
			</report>
			<report>
				<misses>2012001</misses>
				<total>2</total>
				<timestamp>663.296310</timestamp>
			</report>
			<report>
				<misses>2013001</misses>
				<total>2</total>
				<timestamp>663.626010</timestamp>
			</report>
			<report>
				<misses>2014001</misses>
				<total>2</total>
				<timestamp>663.955695</timestamp>
			</report>
			<report>
				<misses>2015001</misses>
				<total>2</total>
				<timestamp>664.285310</timestamp>
			</report>
			<report>
				<misses>2016001</misses>
				<total>2</total>
				<timestamp>664.615049</timestamp>
			</report>
			<report>
				<misses>2017001</misses>
				<total>2</total>
				<timestamp>664.944706</timestamp>
			</report>
			<report>
				<misses>2018001</misses>
				<total>2</total>
				<timestamp>665.274310</timestamp>
			</report>
			<report>
				<misses>2019001</misses>
				<total>2</total>
				<timestamp>665.604009</timestamp>
			</report>
			<report>
				<misses>2020001</misses>
				<total>2</total>
				<timestamp>665.933685</timestamp>
			</report>
			<report>
				<misses>2021001</misses>
				<total>2</total>
				<timestamp>666.263337</timestamp>
			</report>
			<report>
				<misses>2022001</misses>
				<total>2</total>
				<timestamp>666.592995</timestamp>
			</report>
			<report>
				<misses>2023001</misses>
				<total>2</total>
				<timestamp>666.922684</timestamp>
			</report>
			<report>
				<misses>2024001</misses>
				<total>2</total>
				<timestamp>667.252342</timestamp>
			</report>
			<report>
				<misses>2025001</misses>
				<total>2</total>
				<timestamp>667.582018</timestamp>
			</report>
			<report>
				<misses>2026001</misses>
				<total>2</total>
				<timestamp>667.911694</timestamp>
			</report>
			<report>
				<misses>2027001</misses>
				<total>2</total>
				<timestamp>668.241350</timestamp>
			</report>
			<report>
				<misses>2028001</misses>
				<total>2</total>
				<timestamp>668.571012</timestamp>
			</report>
			<report>
				<misses>2029001</misses>
				<total>2</total>
				<timestamp>668.900702</timestamp>
			</report>
			<report>
				<misses>2030001</misses>
				<total>2</total>
				<timestamp>669.230374</timestamp>
			</report>
			<report>
				<misses>2031001</misses>
				<total>2</total>
				<timestamp>669.560097</timestamp>
			</report>
			<report>
				<misses>2032001</misses>
				<total>2</total>
				<timestamp>669.889723</timestamp>
			</report>
			<report>
				<misses>2033001</misses>
				<total>2</total>
				<timestamp>670.219368</timestamp>
			</report>
			<report>
				<misses>2034001</misses>
				<total>2</total>
				<timestamp>670.549047</timestamp>
			</report>
			<report>
				<misses>2035001</misses>
				<total>2</total>
				<timestamp>670.878704</timestamp>
			</report>
			<report>
				<misses>2036001</misses>
				<total>2</total>
				<timestamp>671.208376</timestamp>
			</report>
			<report>
				<misses>2037001</misses>
				<total>2</total>
				<timestamp>671.538050</timestamp>
			</report>
			<report>
				<misses>2038001</misses>
				<total>2</total>
				<timestamp>671.867735</timestamp>
			</report>
			<report>
				<misses>2039001</misses>
				<total>2</total>
				<timestamp>672.197399</timestamp>
			</report>
			<report>
				<misses>2040001</misses>
				<total>2</total>
				<timestamp>672.527058</timestamp>
			</report>
			<report>
				<misses>2041001</misses>
				<total>2</total>
				<timestamp>672.856751</timestamp>
			</report>
			<report>
				<misses>2042001</misses>
				<total>2</total>
				<timestamp>673.186398</timestamp>
			</report>
			<report>
				<misses>2043001</misses>
				<total>2</total>
				<timestamp>673.516115</timestamp>
			</report>
			<report>
				<misses>2044001</misses>
				<total>2</total>
				<timestamp>673.845836</timestamp>
			</report>
			<report>
				<misses>2045001</misses>
				<total>2</total>
				<timestamp>674.175422</timestamp>
			</report>
			<report>
				<misses>2046001</misses>
				<total>2</total>
				<timestamp>674.505071</timestamp>
			</report>
			<report>
				<misses>2047001</misses>
				<total>2</total>
				<timestamp>674.834755</timestamp>
			</report>
			<report>
				<misses>2048001</misses>
				<total>2</total>
				<timestamp>675.164420</timestamp>
			</report>
			<report>
				<misses>2049001</misses>
				<total>2</total>
				<timestamp>675.494114</timestamp>
			</report>
			<report>
				<misses>2050001</misses>
				<total>2</total>
				<timestamp>675.823860</timestamp>
			</report>
			<report>
				<misses>2051001</misses>
				<total>2</total>
				<timestamp>676.153430</timestamp>
			</report>
			<report>
				<misses>2052001</misses>
				<total>2</total>
				<timestamp>676.483138</timestamp>
			</report>
			<report>
				<misses>2053001</misses>
				<total>2</total>
				<timestamp>676.812822</timestamp>
			</report>
			<report>
				<misses>2054001</misses>
				<total>2</total>
				<timestamp>677.142442</timestamp>
			</report>
			<report>
				<misses>2055001</misses>
				<total>2</total>
				<timestamp>677.472114</timestamp>
			</report>
			<report>
				<misses>2056001</misses>
				<total>2</total>
				<timestamp>677.801803</timestamp>
			</report>
			<report>
				<misses>2057001</misses>
				<total>2</total>
				<timestamp>678.131473</timestamp>
			</report>
			<report>
				<misses>2058001</misses>
				<total>2</total>
				<timestamp>678.461140</timestamp>
			</report>
			<report>
				<misses>2059001</misses>
				<total>2</total>
				<timestamp>678.790786</timestamp>
			</report>
			<report>
				<misses>2060001</misses>
				<total>2</total>
				<timestamp>679.120457</timestamp>
			</report>
			<report>
				<misses>2061001</misses>
				<total>2</total>
				<timestamp>679.450137</timestamp>
			</report>
			<report>
				<misses>2062001</misses>
				<total>2</total>
				<timestamp>679.779805</timestamp>
			</report>
			<report>
				<misses>2063001</misses>
				<total>2</total>
				<timestamp>680.109478</timestamp>
			</report>
			<report>
				<misses>2064001</misses>
				<total>2</total>
				<timestamp>680.439152</timestamp>
			</report>
			<report>
				<misses>2065001</misses>
				<total>2</total>
				<timestamp>680.768883</timestamp>
			</report>
			<report>
				<misses>2066001</misses>
				<total>2</total>
				<timestamp>681.098496</timestamp>
			</report>
			<report>
				<misses>2067001</misses>
				<total>2</total>
				<timestamp>681.428167</timestamp>
			</report>
			<report>
				<misses>2068001</misses>
				<total>2</total>
				<timestamp>681.757876</timestamp>
			</report>
			<report>
				<misses>2069001</misses>
				<total>2</total>
				<timestamp>682.087519</timestamp>
			</report>
			<report>
				<misses>2070001</misses>
				<total>2</total>
				<timestamp>682.417180</timestamp>
			</report>
			<report>
				<misses>2071001</misses>
				<total>2</total>
				<timestamp>682.746879</timestamp>
			</report>
			<report>
				<misses>2072001</misses>
				<total>2</total>
				<timestamp>683.076510</timestamp>
			</report>
			<report>
				<misses>2073001</misses>
				<total>2</total>
				<timestamp>683.406182</timestamp>
			</report>
			<report>
				<misses>2074001</misses>
				<total>2</total>
				<timestamp>683.735855</timestamp>
			</report>
			<report>
				<misses>2075001</misses>
				<total>2</total>
				<timestamp>684.065555</timestamp>
			</report>
			<report>
				<misses>2076001</misses>
				<total>2</total>
				<timestamp>684.395191</timestamp>
			</report>
			<report>
				<misses>2077001</misses>
				<total>2</total>
				<timestamp>684.724898</timestamp>
			</report>
			<report>
				<misses>2078001</misses>
				<total>2</total>
				<timestamp>685.054543</timestamp>
			</report>
			<report>
				<misses>2079001</misses>
				<total>2</total>
				<timestamp>685.384196</timestamp>
			</report>
			<report>
				<misses>2080001</misses>
				<total>2</total>
				<timestamp>685.713911</timestamp>
			</report>
			<report>
				<misses>2081001</misses>
				<total>2</total>
				<timestamp>686.043586</timestamp>
			</report>
			<report>
				<misses>2082001</misses>
				<total>2</total>
				<timestamp>686.373187</timestamp>
			</report>
			<report>
				<misses>2083001</misses>
				<total>2</total>
				<timestamp>686.702892</timestamp>
			</report>
			<report>
				<misses>2084001</misses>
				<total>2</total>
				<timestamp>687.032548</timestamp>
			</report>
			<report>
				<misses>2085001</misses>
				<total>2</total>
				<timestamp>687.362205</timestamp>
			</report>
			<report>
				<misses>2086001</misses>
				<total>2</total>
				<timestamp>687.691911</timestamp>
			</report>
			<report>
				<misses>2087001</misses>
				<total>2</total>
				<timestamp>688.021576</timestamp>
			</report>
			<report>
				<misses>2088001</misses>
				<total>2</total>
				<timestamp>688.351233</timestamp>
			</report>
			<report>
				<misses>2089001</misses>
				<total>2</total>
				<timestamp>688.680963</timestamp>
			</report>
			<report>
				<misses>2090001</misses>
				<total>2</total>
				<timestamp>689.010550</timestamp>
			</report>
			<report>
				<misses>2091001</misses>
				<total>2</total>
				<timestamp>689.340226</timestamp>
			</report>
			<report>
				<misses>2092001</misses>
				<total>2</total>
				<timestamp>689.669951</timestamp>
			</report>
			<report>
				<misses>2093001</misses>
				<total>2</total>
				<timestamp>689.999557</timestamp>
			</report>
			<report>
				<misses>2094001</misses>
				<total>2</total>
				<timestamp>690.329247</timestamp>
			</report>
			<report>
				<misses>2095001</misses>
				<total>2</total>
				<timestamp>690.658904</timestamp>
			</report>
			<report>
				<misses>2096001</misses>
				<total>2</total>
				<timestamp>690.988589</timestamp>
			</report>
			<report>
				<misses>2097001</misses>
				<total>2</total>
				<timestamp>691.318245</timestamp>
			</report>
			<report>
				<misses>2098001</misses>
				<total>2</total>
				<timestamp>691.647950</timestamp>
			</report>
			<report>
				<misses>2099001</misses>
				<total>2</total>
				<timestamp>691.977623</timestamp>
			</report>
			<report>
				<misses>2100001</misses>
				<total>2</total>
				<timestamp>692.307247</timestamp>
			</report>
			<report>
				<misses>2101001</misses>
				<total>2</total>
				<timestamp>692.636914</timestamp>
			</report>
			<report>
				<misses>2102001</misses>
				<total>2</total>
				<timestamp>692.966591</timestamp>
			</report>
			<report>
				<misses>2103001</misses>
				<total>2</total>
				<timestamp>693.296268</timestamp>
			</report>
			<report>
				<misses>2104001</misses>
				<total>2</total>
				<timestamp>693.625946</timestamp>
			</report>
			<report>
				<misses>2105001</misses>
				<total>2</total>
				<timestamp>693.955712</timestamp>
			</report>
			<report>
				<misses>2106001</misses>
				<total>2</total>
				<timestamp>694.285277</timestamp>
			</report>
			<report>
				<misses>2107001</misses>
				<total>2</total>
				<timestamp>694.614947</timestamp>
			</report>
			<report>
				<misses>2108001</misses>
				<total>2</total>
				<timestamp>694.944649</timestamp>
			</report>
			<report>
				<misses>2109001</misses>
				<total>2</total>
				<timestamp>695.274294</timestamp>
			</report>
			<report>
				<misses>2110001</misses>
				<total>2</total>
				<timestamp>695.603976</timestamp>
			</report>
			<report>
				<misses>2111001</misses>
				<total>2</total>
				<timestamp>695.933690</timestamp>
			</report>
			<report>
				<misses>2112001</misses>
				<total>2</total>
				<timestamp>696.263287</timestamp>
			</report>
			<report>
				<misses>2113001</misses>
				<total>2</total>
				<timestamp>696.592995</timestamp>
			</report>
			<report>
				<misses>2114001</misses>
				<total>2</total>
				<timestamp>696.923016</timestamp>
			</report>
			<report>
				<misses>2115001</misses>
				<total>2</total>
				<timestamp>697.252640</timestamp>
			</report>
			<report>
				<misses>2116001</misses>
				<total>3</total>
				<timestamp>697.582303</timestamp>
			</report>
			<report>
				<misses>2117001</misses>
				<total>3</total>
				<timestamp>697.912006</timestamp>
			</report>
			<report>
				<misses>2118001</misses>
				<total>3</total>
				<timestamp>698.241661</timestamp>
			</report>
			<report>
				<misses>2119001</misses>
				<total>3</total>
				<timestamp>698.571347</timestamp>
			</report>
			<report>
				<misses>2120001</misses>
				<total>3</total>
				<timestamp>698.901007</timestamp>
			</report>
			<report>
				<misses>2121001</misses>
				<total>3</total>
				<timestamp>699.230716</timestamp>
			</report>
			<report>
				<misses>2122001</misses>
				<total>3</total>
				<timestamp>699.560373</timestamp>
			</report>
			<report>
				<misses>2123001</misses>
				<total>3</total>
				<timestamp>699.890086</timestamp>
			</report>
			<report>
				<misses>2124001</misses>
				<total>3</total>
				<timestamp>700.219747</timestamp>
			</report>
			<report>
				<misses>2125001</misses>
				<total>3</total>
				<timestamp>700.549353</timestamp>
			</report>
			<report>
				<misses>2126001</misses>
				<total>3</total>
				<timestamp>700.879031</timestamp>
			</report>
			<report>
				<misses>2127001</misses>
				<total>3</total>
				<timestamp>701.208754</timestamp>
			</report>
			<report>
				<misses>2128001</misses>
				<total>3</total>
				<timestamp>701.538353</timestamp>
			</report>
			<report>
				<misses>2129001</misses>
				<total>3</total>
				<timestamp>701.868033</timestamp>
			</report>
			<report>
				<misses>2130001</misses>
				<total>3</total>
				<timestamp>702.197747</timestamp>
			</report>
			<report>
				<misses>2131001</misses>
				<total>3</total>
				<timestamp>702.527367</timestamp>
			</report>
			<report>
				<misses>2132001</misses>
				<total>3</total>
				<timestamp>702.857042</timestamp>
			</report>
			<report>
				<misses>2133001</misses>
				<total>3</total>
				<timestamp>703.186722</timestamp>
			</report>
			<report>
				<misses>2134001</misses>
				<total>3</total>
				<timestamp>703.516375</timestamp>
			</report>
			<report>
				<misses>2135001</misses>
				<total>3</total>
				<timestamp>703.846063</timestamp>
			</report>
			<report>
				<misses>2136001</misses>
				<total>3</total>
				<timestamp>704.175755</timestamp>
			</report>
			<report>
				<misses>2137001</misses>
				<total>3</total>
				<timestamp>704.505418</timestamp>
			</report>
			<report>
				<misses>2138001</misses>
				<total>3</total>
				<timestamp>704.835077</timestamp>
			</report>
			<report>
				<misses>2139001</misses>
				<total>3</total>
				<timestamp>705.164721</timestamp>
			</report>
			<report>
				<misses>2140001</misses>
				<total>3</total>
				<timestamp>705.494402</timestamp>
			</report>
			<report>
				<misses>2141001</misses>
				<total>3</total>
				<timestamp>705.824121</timestamp>
			</report>
			<report>
				<misses>2142001</misses>
				<total>3</total>
				<timestamp>706.153827</timestamp>
			</report>
			<report>
				<misses>2143001</misses>
				<total>3</total>
				<timestamp>706.483407</timestamp>
			</report>
			<report>
				<misses>2144001</misses>
				<total>3</total>
				<timestamp>706.813090</timestamp>
			</report>
			<report>
				<misses>2145001</misses>
				<total>3</total>
				<timestamp>707.142779</timestamp>
			</report>
			<report>
				<misses>2146001</misses>
				<total>3</total>
				<timestamp>707.472445</timestamp>
			</report>
			<report>
				<misses>2147001</misses>
				<total>3</total>
				<timestamp>707.802087</timestamp>
			</report>
			<report>
				<misses>2148001</misses>
				<total>3</total>
				<timestamp>708.131813</timestamp>
			</report>
			<report>
				<misses>2149001</misses>
				<total>3</total>
				<timestamp>708.461464</timestamp>
			</report>
			<report>
				<misses>2150001</misses>
				<total>3</total>
				<timestamp>708.791095</timestamp>
			</report>
			<report>
				<misses>2151001</misses>
				<total>3</total>
				<timestamp>709.120784</timestamp>
			</report>
			<report>
				<misses>2152001</misses>
				<total>3</total>
				<timestamp>709.450518</timestamp>
			</report>
			<report>
				<misses>2153001</misses>
				<total>3</total>
				<timestamp>709.780110</timestamp>
			</report>
			<report>
				<misses>2154001</misses>
				<total>3</total>
				<timestamp>710.109828</timestamp>
			</report>
			<report>
				<misses>2155001</misses>
				<total>3</total>
				<timestamp>710.439444</timestamp>
			</report>
			<report>
				<misses>2156001</misses>
				<total>3</total>
				<timestamp>710.769098</timestamp>
			</report>
			<report>
				<misses>2157001</misses>
				<total>3</total>
				<timestamp>711.098777</timestamp>
			</report>
			<report>
				<misses>2158001</misses>
				<total>3</total>
				<timestamp>711.428451</timestamp>
			</report>
			<report>
				<misses>2159001</misses>
				<total>3</total>
				<timestamp>711.758104</timestamp>
			</report>
			<report>
				<misses>2160001</misses>
				<total>3</total>
				<timestamp>712.087792</timestamp>
			</report>
			<report>
				<misses>2161001</misses>
				<total>3</total>
				<timestamp>712.417450</timestamp>
			</report>
			<report>
				<misses>2162001</misses>
				<total>3</total>
				<timestamp>712.747121</timestamp>
			</report>
			<report>
				<misses>2163001</misses>
				<total>3</total>
				<timestamp>713.076809</timestamp>
			</report>
			<report>
				<misses>2164001</misses>
				<total>3</total>
				<timestamp>713.406518</timestamp>
			</report>
			<report>
				<misses>2165001</misses>
				<total>3</total>
				<timestamp>713.736155</timestamp>
			</report>
			<report>
				<misses>2166001</misses>
				<total>3</total>
				<timestamp>714.065839</timestamp>
			</report>
			<report>
				<misses>2167001</misses>
				<total>3</total>
				<timestamp>714.395539</timestamp>
			</report>
			<report>
				<misses>2168001</misses>
				<total>3</total>
				<timestamp>714.725148</timestamp>
			</report>
			<report>
				<misses>2169001</misses>
				<total>3</total>
				<timestamp>715.054816</timestamp>
			</report>
			<report>
				<misses>2170001</misses>
				<total>3</total>
				<timestamp>715.384501</timestamp>
			</report>
			<report>
				<misses>2171001</misses>
				<total>3</total>
				<timestamp>715.714164</timestamp>
			</report>
			<report>
				<misses>2172001</misses>
				<total>3</total>
				<timestamp>716.043829</timestamp>
			</report>
			<report>
				<misses>2173001</misses>
				<total>3</total>
				<timestamp>716.373520</timestamp>
			</report>
			<report>
				<misses>2174001</misses>
				<total>3</total>
				<timestamp>716.703172</timestamp>
			</report>
			<report>
				<misses>2175001</misses>
				<total>3</total>
				<timestamp>717.032856</timestamp>
			</report>
			<report>
				<misses>2176001</misses>
				<total>3</total>
				<timestamp>717.362492</timestamp>
			</report>
			<report>
				<misses>2177001</misses>
				<total>3</total>
				<timestamp>717.692181</timestamp>
			</report>
			<report>
				<misses>2178001</misses>
				<total>3</total>
				<timestamp>718.021845</timestamp>
			</report>
			<report>
				<misses>2179001</misses>
				<total>3</total>
				<timestamp>718.351526</timestamp>
			</report>
			<report>
				<misses>2180001</misses>
				<total>3</total>
				<timestamp>718.681189</timestamp>
			</report>
			<report>
				<misses>2181001</misses>
				<total>3</total>
				<timestamp>719.010865</timestamp>
			</report>
			<report>
				<misses>2182001</misses>
				<total>3</total>
				<timestamp>719.340512</timestamp>
			</report>
			<report>
				<misses>2183001</misses>
				<total>3</total>
				<timestamp>719.670212</timestamp>
			</report>
			<report>
				<misses>2184001</misses>
				<total>3</total>
				<timestamp>719.999866</timestamp>
			</report>
			<report>
				<misses>2185001</misses>
				<total>3</total>
				<timestamp>720.329540</timestamp>
			</report>
			<report>
				<misses>2186001</misses>
				<total>3</total>
				<timestamp>720.659225</timestamp>
			</report>
			<report>
				<misses>2187001</misses>
				<total>3</total>
				<timestamp>720.988875</timestamp>
			</report>
			<report>
				<misses>2188001</misses>
				<total>3</total>
				<timestamp>721.318563</timestamp>
			</report>
			<report>
				<misses>2189001</misses>
				<total>3</total>
				<timestamp>721.648250</timestamp>
			</report>
			<report>
				<misses>2190001</misses>
				<total>3</total>
				<timestamp>721.977879</timestamp>
			</report>
			<report>
				<misses>2191001</misses>
				<total>3</total>
				<timestamp>722.307580</timestamp>
			</report>
			<report>
				<misses>2192001</misses>
				<total>3</total>
				<timestamp>722.637254</timestamp>
			</report>
			<report>
				<misses>2193001</misses>
				<total>3</total>
				<timestamp>722.966910</timestamp>
			</report>
			<report>
				<misses>2194001</misses>
				<total>3</total>
				<timestamp>723.296606</timestamp>
			</report>
			<report>
				<misses>2195001</misses>
				<total>3</total>
				<timestamp>723.626278</timestamp>
			</report>
			<report>
				<misses>2196001</misses>
				<total>3</total>
				<timestamp>723.955904</timestamp>
			</report>
			<report>
				<misses>2197001</misses>
				<total>3</total>
				<timestamp>724.285611</timestamp>
			</report>
			<report>
				<misses>2198001</misses>
				<total>3</total>
				<timestamp>724.615259</timestamp>
			</report>
			<report>
				<misses>2199001</misses>
				<total>3</total>
				<timestamp>724.944921</timestamp>
			</report>
			<report>
				<misses>2200001</misses>
				<total>3</total>
				<timestamp>725.274646</timestamp>
			</report>
			<report>
				<misses>2201001</misses>
				<total>3</total>
				<timestamp>725.604288</timestamp>
			</report>
			<report>
				<misses>2202001</misses>
				<total>3</total>
				<timestamp>725.933931</timestamp>
			</report>
			<report>
				<misses>2203001</misses>
				<total>3</total>
				<timestamp>726.263624</timestamp>
			</report>
			<report>
				<misses>2204001</misses>
				<total>3</total>
				<timestamp>726.593399</timestamp>
			</report>
			<report>
				<misses>2205001</misses>
				<total>3</total>
				<timestamp>726.922945</timestamp>
			</report>
			<report>
				<misses>2206001</misses>
				<total>3</total>
				<timestamp>727.252640</timestamp>
			</report>
			<report>
				<misses>2207001</misses>
				<total>3</total>
				<timestamp>727.582328</timestamp>
			</report>
			<report>
				<misses>2208001</misses>
				<total>3</total>
				<timestamp>727.911948</timestamp>
			</report>
			<report>
				<misses>2209001</misses>
				<total>3</total>
				<timestamp>728.241632</timestamp>
			</report>
			<report>
				<misses>2210001</misses>
				<total>3</total>
				<timestamp>728.571305</timestamp>
			</report>
			<report>
				<misses>2211001</misses>
				<total>3</total>
				<timestamp>728.900942</timestamp>
			</report>
			<report>
				<misses>2212001</misses>
				<total>3</total>
				<timestamp>729.230686</timestamp>
			</report>
			<report>
				<misses>2213001</misses>
				<total>3</total>
				<timestamp>729.560302</timestamp>
			</report>
			<report>
				<misses>2214001</misses>
				<total>3</total>
				<timestamp>729.889962</timestamp>
			</report>
			<report>
				<misses>2215001</misses>
				<total>3</total>
				<timestamp>730.219689</timestamp>
			</report>
			<report>
				<misses>2216001</misses>
				<total>3</total>
				<timestamp>730.549319</timestamp>
			</report>
			<report>
				<misses>2217001</misses>
				<total>3</total>
				<timestamp>730.878986</timestamp>
			</report>
			<report>
				<misses>2218001</misses>
				<total>3</total>
				<timestamp>731.208639</timestamp>
			</report>
			<report>
				<misses>2219001</misses>
				<total>3</total>
				<timestamp>731.538330</timestamp>
			</report>
			<report>
				<misses>2220001</misses>
				<total>3</total>
				<timestamp>731.867969</timestamp>
			</report>
			<report>
				<misses>2221001</misses>
				<total>3</total>
				<timestamp>732.197730</timestamp>
			</report>
			<report>
				<misses>2222001</misses>
				<total>3</total>
				<timestamp>732.527339</timestamp>
			</report>
			<report>
				<misses>2223001</misses>
				<total>3</total>
				<timestamp>732.856989</timestamp>
			</report>
			<report>
				<misses>2224001</misses>
				<total>3</total>
				<timestamp>733.186664</timestamp>
			</report>
			<report>
				<misses>2225001</misses>
				<total>3</total>
				<timestamp>733.516365</timestamp>
			</report>
			<report>
				<misses>2226001</misses>
				<total>3</total>
				<timestamp>733.846013</timestamp>
			</report>
			<report>
				<misses>2227001</misses>
				<total>3</total>
				<timestamp>734.175698</timestamp>
			</report>
			<report>
				<misses>2228001</misses>
				<total>3</total>
				<timestamp>734.505378</timestamp>
			</report>
			<report>
				<misses>2229001</misses>
				<total>3</total>
				<timestamp>734.835017</timestamp>
			</report>
			<report>
				<misses>2230001</misses>
				<total>3</total>
				<timestamp>735.164697</timestamp>
			</report>
			<report>
				<misses>2231001</misses>
				<total>3</total>
				<timestamp>735.494403</timestamp>
			</report>
			<report>
				<misses>2232001</misses>
				<total>3</total>
				<timestamp>735.824019</timestamp>
			</report>
			<report>
				<misses>2233001</misses>
				<total>3</total>
				<timestamp>736.153739</timestamp>
			</report>
			<report>
				<misses>2234001</misses>
				<total>3</total>
				<timestamp>736.483396</timestamp>
			</report>
			<report>
				<misses>2235001</misses>
				<total>3</total>
				<timestamp>736.813030</timestamp>
			</report>
			<report>
				<misses>2236001</misses>
				<total>3</total>
				<timestamp>737.142694</timestamp>
			</report>
			<report>
				<misses>2237001</misses>
				<total>3</total>
				<timestamp>737.472398</timestamp>
			</report>
			<report>
				<misses>2238001</misses>
				<total>3</total>
				<timestamp>737.802073</timestamp>
			</report>
			<report>
				<misses>2239001</misses>
				<total>3</total>
				<timestamp>738.131726</timestamp>
			</report>
			<report>
				<misses>2240001</misses>
				<total>3</total>
				<timestamp>738.461404</timestamp>
			</report>
			<report>
				<misses>2241001</misses>
				<total>3</total>
				<timestamp>738.791085</timestamp>
			</report>
			<report>
				<misses>2242001</misses>
				<total>3</total>
				<timestamp>739.120733</timestamp>
			</report>
			<report>
				<misses>2243001</misses>
				<total>3</total>
				<timestamp>739.450418</timestamp>
			</report>
			<report>
				<misses>2244001</misses>
				<total>3</total>
				<timestamp>739.780062</timestamp>
			</report>
			<report>
				<misses>2245001</misses>
				<total>3</total>
				<timestamp>740.109793</timestamp>
			</report>
			<report>
				<misses>2246001</misses>
				<total>3</total>
				<timestamp>740.439408</timestamp>
			</report>
			<report>
				<misses>2247001</misses>
				<total>3</total>
				<timestamp>740.769083</timestamp>
			</report>
			<report>
				<misses>2248001</misses>
				<total>3</total>
				<timestamp>741.098766</timestamp>
			</report>
			<report>
				<misses>2249001</misses>
				<total>3</total>
				<timestamp>741.428504</timestamp>
			</report>
			<report>
				<misses>2250001</misses>
				<total>3</total>
				<timestamp>741.758089</timestamp>
			</report>
			<report>
				<misses>2251001</misses>
				<total>3</total>
				<timestamp>742.087850</timestamp>
			</report>
			<report>
				<misses>2252001</misses>
				<total>3</total>
				<timestamp>742.417501</timestamp>
			</report>
			<report>
				<misses>2253001</misses>
				<total>3</total>
				<timestamp>742.747098</timestamp>
			</report>
			<report>
				<misses>2254001</misses>
				<total>3</total>
				<timestamp>743.076775</timestamp>
			</report>
			<report>
				<misses>2255001</misses>
				<total>3</total>
				<timestamp>743.406454</timestamp>
			</report>
			<report>
				<misses>2256001</misses>
				<total>3</total>
				<timestamp>743.736154</timestamp>
			</report>
			<report>
				<misses>2257001</misses>
				<total>3</total>
				<timestamp>744.065799</timestamp>
			</report>
			<report>
				<misses>2258001</misses>
				<total>3</total>
				<timestamp>744.395485</timestamp>
			</report>
			<report>
				<misses>2259001</misses>
				<total>3</total>
				<timestamp>744.725138</timestamp>
			</report>
			<report>
				<misses>2260001</misses>
				<total>3</total>
				<timestamp>745.054798</timestamp>
			</report>
			<report>
				<misses>2261001</misses>
				<total>3</total>
				<timestamp>745.384485</timestamp>
			</report>
			<report>
				<misses>2262001</misses>
				<total>3</total>
				<timestamp>745.714146</timestamp>
			</report>
			<report>
				<misses>2263001</misses>
				<total>3</total>
				<timestamp>746.043789</timestamp>
			</report>
			<report>
				<misses>2264001</misses>
				<total>3</total>
				<timestamp>746.373517</timestamp>
			</report>
			<report>
				<misses>2265001</misses>
				<total>3</total>
				<timestamp>746.703197</timestamp>
			</report>
			<report>
				<misses>2266001</misses>
				<total>3</total>
				<timestamp>747.032808</timestamp>
			</report>
			<report>
				<misses>2267001</misses>
				<total>3</total>
				<timestamp>747.362511</timestamp>
			</report>
			<report>
				<misses>2268001</misses>
				<total>3</total>
				<timestamp>747.692178</timestamp>
			</report>
			<report>
				<misses>2269001</misses>
				<total>3</total>
				<timestamp>748.021808</timestamp>
			</report>
			<report>
				<misses>2270001</misses>
				<total>3</total>
				<timestamp>748.351498</timestamp>
			</report>
			<report>
				<misses>2271001</misses>
				<total>3</total>
				<timestamp>748.681181</timestamp>
			</report>
			<report>
				<misses>2272001</misses>
				<total>3</total>
				<timestamp>749.010824</timestamp>
			</report>
			<report>
				<misses>2273001</misses>
				<total>3</total>
				<timestamp>749.340509</timestamp>
			</report>
			<report>
				<misses>2274001</misses>
				<total>3</total>
				<timestamp>749.670166</timestamp>
			</report>
			<report>
				<misses>2275001</misses>
				<total>3</total>
				<timestamp>749.999831</timestamp>
			</report>
			<report>
				<misses>2276001</misses>
				<total>3</total>
				<timestamp>750.329508</timestamp>
			</report>
			<report>
				<misses>2277001</misses>
				<total>3</total>
				<timestamp>750.659191</timestamp>
			</report>
			<report>
				<misses>2278001</misses>
				<total>3</total>
				<timestamp>750.988848</timestamp>
			</report>
			<report>
				<misses>2279001</misses>
				<total>3</total>
				<timestamp>751.318570</timestamp>
			</report>
			<report>
				<misses>2280001</misses>
				<total>3</total>
				<timestamp>751.648199</timestamp>
			</report>
			<report>
				<misses>2281001</misses>
				<total>3</total>
				<timestamp>751.977875</timestamp>
			</report>
			<report>
				<misses>2282001</misses>
				<total>3</total>
				<timestamp>752.307550</timestamp>
			</report>
			<report>
				<misses>2283001</misses>
				<total>3</total>
				<timestamp>752.637231</timestamp>
			</report>
			<report>
				<misses>2284001</misses>
				<total>3</total>
				<timestamp>752.966875</timestamp>
			</report>
			<report>
				<misses>2285001</misses>
				<total>3</total>
				<timestamp>753.296618</timestamp>
			</report>
			<report>
				<misses>2286001</misses>
				<total>3</total>
				<timestamp>753.626232</timestamp>
			</report>
			<report>
				<misses>2287001</misses>
				<total>3</total>
				<timestamp>753.955885</timestamp>
			</report>
			<report>
				<misses>2288001</misses>
				<total>3</total>
				<timestamp>754.285614</timestamp>
			</report>
			<report>
				<misses>2289001</misses>
				<total>3</total>
				<timestamp>754.615237</timestamp>
			</report>
			<report>
				<misses>2290001</misses>
				<total>3</total>
				<timestamp>754.944887</timestamp>
			</report>
			<report>
				<misses>2291001</misses>
				<total>3</total>
				<timestamp>755.274621</timestamp>
			</report>
			<report>
				<misses>2292001</misses>
				<total>3</total>
				<timestamp>755.604283</timestamp>
			</report>
			<report>
				<misses>2293001</misses>
				<total>3</total>
				<timestamp>755.933892</timestamp>
			</report>
			<report>
				<misses>2294001</misses>
				<total>3</total>
				<timestamp>756.263589</timestamp>
			</report>
			<report>
				<misses>2295001</misses>
				<total>3</total>
				<timestamp>756.593254</timestamp>
			</report>
			<report>
				<misses>2296001</misses>
				<total>3</total>
				<timestamp>756.922912</timestamp>
			</report>
			<report>
				<misses>2297001</misses>
				<total>3</total>
				<timestamp>757.252622</timestamp>
			</report>
			<report>
				<misses>2298001</misses>
				<total>3</total>
				<timestamp>757.582255</timestamp>
			</report>
			<report>
				<misses>2299001</misses>
				<total>3</total>
				<timestamp>757.911920</timestamp>
			</report>
			<report>
				<misses>2300001</misses>
				<total>3</total>
				<timestamp>758.241586</timestamp>
			</report>
			<report>
				<misses>2301001</misses>
				<total>3</total>
				<timestamp>758.571264</timestamp>
			</report>
			<report>
				<misses>2302001</misses>
				<total>3</total>
				<timestamp>758.900914</timestamp>
			</report>
			<report>
				<misses>2303001</misses>
				<total>3</total>
				<timestamp>759.230606</timestamp>
			</report>
			<report>
				<misses>2304001</misses>
				<total>3</total>
				<timestamp>759.560273</timestamp>
			</report>
			<report>
				<misses>2305001</misses>
				<total>3</total>
				<timestamp>759.889945</timestamp>
			</report>
			<report>
				<misses>2306001</misses>
				<total>3</total>
				<timestamp>760.219613</timestamp>
			</report>
			<report>
				<misses>2307001</misses>
				<total>3</total>
				<timestamp>760.549286</timestamp>
			</report>
			<report>
				<misses>2308001</misses>
				<total>3</total>
				<timestamp>760.878954</timestamp>
			</report>
			<report>
				<misses>2309001</misses>
				<total>3</total>
				<timestamp>761.208614</timestamp>
			</report>
			<report>
				<misses>2310001</misses>
				<total>3</total>
				<timestamp>761.538328</timestamp>
			</report>
			<report>
				<misses>2311001</misses>
				<total>3</total>
				<timestamp>761.867962</timestamp>
			</report>
			<report>
				<misses>2312001</misses>
				<total>3</total>
				<timestamp>762.197706</timestamp>
			</report>
			<report>
				<misses>2313001</misses>
				<total>3</total>
				<timestamp>762.527292</timestamp>
			</report>
			<report>
				<misses>2314001</misses>
				<total>3</total>
				<timestamp>762.856967</timestamp>
			</report>
			<report>
				<misses>2315001</misses>
				<total>3</total>
				<timestamp>763.186677</timestamp>
			</report>
			<report>
				<misses>2316001</misses>
				<total>3</total>
				<timestamp>763.516332</timestamp>
			</report>
			<report>
				<misses>2317001</misses>
				<total>3</total>
				<timestamp>763.845985</timestamp>
			</report>
			<report>
				<misses>2318001</misses>
				<total>3</total>
				<timestamp>764.175649</timestamp>
			</report>
			<report>
				<misses>2319001</misses>
				<total>3</total>
				<timestamp>764.505322</timestamp>
			</report>
			<report>
				<misses>2320001</misses>
				<total>3</total>
				<timestamp>764.835010</timestamp>
			</report>
			<report>
				<misses>2321001</misses>
				<total>3</total>
				<timestamp>765.164670</timestamp>
			</report>
			<report>
				<misses>2322001</misses>
				<total>3</total>
				<timestamp>765.494331</timestamp>
			</report>
			<report>
				<misses>2323001</misses>
				<total>3</total>
				<timestamp>765.824033</timestamp>
			</report>
			<report>
				<misses>2324001</misses>
				<total>3</total>
				<timestamp>766.153704</timestamp>
			</report>
			<report>
				<misses>2325001</misses>
				<total>3</total>
				<timestamp>766.483341</timestamp>
			</report>
			<report>
				<misses>2326001</misses>
				<total>3</total>
				<timestamp>766.813056</timestamp>
			</report>
			<report>
				<misses>2327001</misses>
				<total>3</total>
				<timestamp>767.142793</timestamp>
			</report>
			<report>
				<misses>2328001</misses>
				<total>3</total>
				<timestamp>767.472371</timestamp>
			</report>
			<report>
				<misses>2329001</misses>
				<total>3</total>
				<timestamp>767.802048</timestamp>
			</report>
			<report>
				<misses>2330001</misses>
				<total>3</total>
				<timestamp>768.131700</timestamp>
			</report>
			<report>
				<misses>2331001</misses>
				<total>3</total>
				<timestamp>768.461403</timestamp>
			</report>
			<report>
				<misses>2332001</misses>
				<total>3</total>
				<timestamp>768.791041</timestamp>
			</report>
			<report>
				<misses>2333001</misses>
				<total>3</total>
				<timestamp>769.120791</timestamp>
			</report>
			<report>
				<misses>2334001</misses>
				<total>3</total>
				<timestamp>769.450391</timestamp>
			</report>
			<report>
				<misses>2335001</misses>
				<total>3</total>
				<timestamp>769.780039</timestamp>
			</report>
			<report>
				<misses>2336001</misses>
				<total>3</total>
				<timestamp>770.109721</timestamp>
			</report>
			<report>
				<misses>2337001</misses>
				<total>3</total>
				<timestamp>770.439396</timestamp>
			</report>
			<report>
				<misses>2338001</misses>
				<total>3</total>
				<timestamp>770.769073</timestamp>
			</report>
			<report>
				<misses>2339001</misses>
				<total>3</total>
				<timestamp>771.098714</timestamp>
			</report>
			<report>
				<misses>2340001</misses>
				<total>3</total>
				<timestamp>771.428417</timestamp>
			</report>
			<report>
				<misses>2341001</misses>
				<total>3</total>
				<timestamp>771.758067</timestamp>
			</report>
			<report>
				<misses>2342001</misses>
				<total>3</total>
				<timestamp>772.087720</timestamp>
			</report>
			<report>
				<misses>2343001</misses>
				<total>3</total>
				<timestamp>772.417401</timestamp>
			</report>
			<report>
				<misses>2344001</misses>
				<total>3</total>
				<timestamp>772.747108</timestamp>
			</report>
			<report>
				<misses>2345001</misses>
				<total>3</total>
				<timestamp>773.076741</timestamp>
			</report>
			<report>
				<misses>2346001</misses>
				<total>3</total>
				<timestamp>773.406409</timestamp>
			</report>
			<report>
				<misses>2347001</misses>
				<total>3</total>
				<timestamp>773.736150</timestamp>
			</report>
			<report>
				<misses>2348001</misses>
				<total>3</total>
				<timestamp>774.065753</timestamp>
			</report>
			<report>
				<misses>2349001</misses>
				<total>3</total>
				<timestamp>774.395413</timestamp>
			</report>
			<report>
				<misses>2350001</misses>
				<total>3</total>
				<timestamp>774.725124</timestamp>
			</report>
			<report>
				<misses>2351001</misses>
				<total>3</total>
				<timestamp>775.054763</timestamp>
			</report>
			<report>
				<misses>2352001</misses>
				<total>3</total>
				<timestamp>775.384445</timestamp>
			</report>
			<report>
				<misses>2353001</misses>
				<total>3</total>
				<timestamp>775.714158</timestamp>
			</report>
			<report>
				<misses>2354001</misses>
				<total>3</total>
				<timestamp>776.043762</timestamp>
			</report>
			<report>
				<misses>2355001</misses>
				<total>3</total>
				<timestamp>776.373472</timestamp>
			</report>
			<report>
				<misses>2356001</misses>
				<total>3</total>
				<timestamp>776.703121</timestamp>
			</report>
			<report>
				<misses>2357001</misses>
				<total>3</total>
				<timestamp>777.032774</timestamp>
			</report>
			<report>
				<misses>2358001</misses>
				<total>3</total>
				<timestamp>777.362452</timestamp>
			</report>
			<report>
				<misses>2359001</misses>
				<total>3</total>
				<timestamp>777.692129</timestamp>
			</report>
			<report>
				<misses>2360001</misses>
				<total>3</total>
				<timestamp>778.021789</timestamp>
			</report>
			<report>
				<misses>2361001</misses>
				<total>3</total>
				<timestamp>778.351513</timestamp>
			</report>
			<report>
				<misses>2362001</misses>
				<total>3</total>
				<timestamp>778.681136</timestamp>
			</report>
			<report>
				<misses>2363001</misses>
				<total>3</total>
				<timestamp>779.010811</timestamp>
			</report>
			<report>
				<misses>2364001</misses>
				<total>3</total>
				<timestamp>779.340475</timestamp>
			</report>
			<report>
				<misses>2365001</misses>
				<total>3</total>
				<timestamp>779.670166</timestamp>
			</report>
			<report>
				<misses>2366001</misses>
				<total>3</total>
				<timestamp>779.999818</timestamp>
			</report>
			<report>
				<misses>2367001</misses>
				<total>3</total>
				<timestamp>780.329486</timestamp>
			</report>
			<report>
				<misses>2368001</misses>
				<total>3</total>
				<timestamp>780.659171</timestamp>
			</report>
			<report>
				<misses>2369001</misses>
				<total>3</total>
				<timestamp>780.988816</timestamp>
			</report>
			<report>
				<misses>2370001</misses>
				<total>3</total>
				<timestamp>781.318542</timestamp>
			</report>
			<report>
				<misses>2371001</misses>
				<total>3</total>
				<timestamp>781.648165</timestamp>
			</report>
			<report>
				<misses>2372001</misses>
				<total>3</total>
				<timestamp>781.977824</timestamp>
			</report>
			<report>
				<misses>2373001</misses>
				<total>3</total>
				<timestamp>782.307498</timestamp>
			</report>
			<report>
				<misses>2374001</misses>
				<total>3</total>
				<timestamp>782.637181</timestamp>
			</report>
			<report>
				<misses>2375001</misses>
				<total>3</total>
				<timestamp>782.966864</timestamp>
			</report>
			<report>
				<misses>2376001</misses>
				<total>3</total>
				<timestamp>783.296590</timestamp>
			</report>
			<report>
				<misses>2377001</misses>
				<total>3</total>
				<timestamp>783.626194</timestamp>
			</report>
			<report>
				<misses>2378001</misses>
				<total>3</total>
				<timestamp>783.955855</timestamp>
			</report>
			<report>
				<misses>2379001</misses>
				<total>3</total>
				<timestamp>784.285533</timestamp>
			</report>
			<report>
				<misses>2380001</misses>
				<total>3</total>
				<timestamp>784.615209</timestamp>
			</report>
			<report>
				<misses>2381001</misses>
				<total>3</total>
				<timestamp>784.944871</timestamp>
			</report>
			<report>
				<misses>2382001</misses>
				<total>3</total>
				<timestamp>785.274529</timestamp>
			</report>
			<report>
				<misses>2383001</misses>
				<total>3</total>
				<timestamp>785.604199</timestamp>
			</report>
			<report>
				<misses>2384001</misses>
				<total>3</total>
				<timestamp>785.933874</timestamp>
			</report>
			<report>
				<misses>2385001</misses>
				<total>3</total>
				<timestamp>786.263554</timestamp>
			</report>
			<report>
				<misses>2386001</misses>
				<total>3</total>
				<timestamp>786.593230</timestamp>
			</report>
			<report>
				<misses>2387001</misses>
				<total>3</total>
				<timestamp>786.922886</timestamp>
			</report>
			<report>
				<misses>2388001</misses>
				<total>3</total>
				<timestamp>787.252550</timestamp>
			</report>
			<report>
				<misses>2389001</misses>
				<total>3</total>
				<timestamp>787.582226</timestamp>
			</report>
			<report>
				<misses>2390001</misses>
				<total>3</total>
				<timestamp>787.911930</timestamp>
			</report>
			<report>
				<misses>2391001</misses>
				<total>3</total>
				<timestamp>788.241570</timestamp>
			</report>
			<report>
				<misses>2392001</misses>
				<total>3</total>
				<timestamp>788.571218</timestamp>
			</report>
			<report>
				<misses>2393001</misses>
				<total>3</total>
				<timestamp>788.900913</timestamp>
			</report>
			<report>
				<misses>2394001</misses>
				<total>3</total>
				<timestamp>789.230580</timestamp>
			</report>
			<report>
				<misses>2395001</misses>
				<total>3</total>
				<timestamp>789.560238</timestamp>
			</report>
			<report>
				<misses>2396001</misses>
				<total>3</total>
				<timestamp>789.889923</timestamp>
			</report>
			<report>
				<misses>2397001</misses>
				<total>3</total>
				<timestamp>790.219575</timestamp>
			</report>
			<report>
				<misses>2398001</misses>
				<total>3</total>
				<timestamp>790.549328</timestamp>
			</report>
			<report>
				<misses>2399001</misses>
				<total>3</total>
				<timestamp>790.878924</timestamp>
			</report>
			<report>
				<misses>2400001</misses>
				<total>3</total>
				<timestamp>791.208588</timestamp>
			</report>
			<report>
				<misses>2401001</misses>
				<total>3</total>
				<timestamp>791.538310</timestamp>
			</report>
			<report>
				<misses>2402001</misses>
				<total>3</total>
				<timestamp>791.867921</timestamp>
			</report>
			<report>
				<misses>2403001</misses>
				<total>3</total>
				<timestamp>792.197612</timestamp>
			</report>
			<report>
				<misses>2404001</misses>
				<total>3</total>
				<timestamp>792.527292</timestamp>
			</report>
			<report>
				<misses>2405001</misses>
				<total>3</total>
				<timestamp>792.856955</timestamp>
			</report>
			<report>
				<misses>2406001</misses>
				<total>3</total>
				<timestamp>793.186629</timestamp>
			</report>
			<report>
				<misses>2407001</misses>
				<total>3</total>
				<timestamp>793.516273</timestamp>
			</report>
			<report>
				<misses>2408001</misses>
				<total>3</total>
				<timestamp>793.845948</timestamp>
			</report>
			<report>
				<misses>2409001</misses>
				<total>3</total>
				<timestamp>794.175621</timestamp>
			</report>
			<report>
				<misses>2410001</misses>
				<total>3</total>
				<timestamp>794.505311</timestamp>
			</report>
			<report>
				<misses>2411001</misses>
				<total>3</total>
				<timestamp>794.834973</timestamp>
			</report>
			<report>
				<misses>2412001</misses>
				<total>3</total>
				<timestamp>795.164632</timestamp>
			</report>
			<report>
				<misses>2413001</misses>
				<total>3</total>
				<timestamp>795.494368</timestamp>
			</report>
			<report>
				<misses>2414001</misses>
				<total>3</total>
				<timestamp>795.824012</timestamp>
			</report>
			<report>
				<misses>2415001</misses>
				<total>3</total>
				<timestamp>796.153644</timestamp>
			</report>
			<report>
				<misses>2416001</misses>
				<total>3</total>
				<timestamp>796.483334</timestamp>
			</report>
			<report>
				<misses>2417001</misses>
				<total>3</total>
				<timestamp>796.813001</timestamp>
			</report>
			<report>
				<misses>2418001</misses>
				<total>3</total>
				<timestamp>797.142658</timestamp>
			</report>
			<report>
				<misses>2419001</misses>
				<total>3</total>
				<timestamp>797.472419</timestamp>
			</report>
			<report>
				<misses>2420001</misses>
				<total>3</total>
				<timestamp>797.802012</timestamp>
			</report>
			<report>
				<misses>2421001</misses>
				<total>3</total>
				<timestamp>798.131684</timestamp>
			</report>
			<report>
				<misses>2422001</misses>
				<total>3</total>
				<timestamp>798.461365</timestamp>
			</report>
			<report>
				<misses>2423001</misses>
				<total>3</total>
				<timestamp>798.791011</timestamp>
			</report>
			<report>
				<misses>2424001</misses>
				<total>3</total>
				<timestamp>799.120736</timestamp>
			</report>
			<report>
				<misses>2425001</misses>
				<total>3</total>
				<timestamp>799.450416</timestamp>
			</report>
			<report>
				<misses>2426001</misses>
				<total>3</total>
				<timestamp>799.780032</timestamp>
			</report>
			<report>
				<misses>2427001</misses>
				<total>3</total>
				<timestamp>800.109687</timestamp>
			</report>
			<report>
				<misses>2428001</misses>
				<total>3</total>
				<timestamp>800.439444</timestamp>
			</report>
			<report>
				<misses>2429001</misses>
				<total>3</total>
				<timestamp>800.769019</timestamp>
			</report>
			<report>
				<misses>2430001</misses>
				<total>3</total>
				<timestamp>801.098688</timestamp>
			</report>
			<report>
				<misses>2431001</misses>
				<total>3</total>
				<timestamp>801.428417</timestamp>
			</report>
			<report>
				<misses>2432001</misses>
				<total>3</total>
				<timestamp>801.758027</timestamp>
			</report>
			<report>
				<misses>2433001</misses>
				<total>3</total>
				<timestamp>802.087689</timestamp>
			</report>
			<report>
				<misses>2434001</misses>
				<total>3</total>
				<timestamp>802.417413</timestamp>
			</report>
			<report>
				<misses>2435001</misses>
				<total>3</total>
				<timestamp>802.747045</timestamp>
			</report>
			<report>
				<misses>2436001</misses>
				<total>3</total>
				<timestamp>803.076728</timestamp>
			</report>
			<report>
				<misses>2437001</misses>
				<total>3</total>
				<timestamp>803.406384</timestamp>
			</report>
			<report>
				<misses>2438001</misses>
				<total>3</total>
				<timestamp>803.736058</timestamp>
			</report>
			<report>
				<misses>2439001</misses>
				<total>3</total>
				<timestamp>804.065734</timestamp>
			</report>
			<report>
				<misses>2440001</misses>
				<total>3</total>
				<timestamp>804.395441</timestamp>
			</report>
			<report>
				<misses>2441001</misses>
				<total>3</total>
				<timestamp>804.725060</timestamp>
			</report>
			<report>
				<misses>2442001</misses>
				<total>3</total>
				<timestamp>805.054724</timestamp>
			</report>
			<report>
				<misses>2443001</misses>
				<total>3</total>
				<timestamp>805.384489</timestamp>
			</report>
			<report>
				<misses>2444001</misses>
				<total>3</total>
				<timestamp>805.714079</timestamp>
			</report>
			<report>
				<misses>2445001</misses>
				<total>3</total>
				<timestamp>806.043747</timestamp>
			</report>
			<report>
				<misses>2446001</misses>
				<total>3</total>
				<timestamp>806.373421</timestamp>
			</report>
			<report>
				<misses>2447001</misses>
				<total>3</total>
				<timestamp>806.703092</timestamp>
			</report>
			<report>
				<misses>2448001</misses>
				<total>3</total>
				<timestamp>807.032786</timestamp>
			</report>
			<report>
				<misses>2449001</misses>
				<total>3</total>
				<timestamp>807.362428</timestamp>
			</report>
			<report>
				<misses>2450001</misses>
				<total>3</total>
				<timestamp>807.692105</timestamp>
			</report>
			<report>
				<misses>2451001</misses>
				<total>3</total>
				<timestamp>808.021768</timestamp>
			</report>
			<report>
				<misses>2452001</misses>
				<total>3</total>
				<timestamp>808.351424</timestamp>
			</report>
			<report>
				<misses>2453001</misses>
				<total>3</total>
				<timestamp>808.681109</timestamp>
			</report>
			<report>
				<misses>2454001</misses>
				<total>3</total>
				<timestamp>809.010785</timestamp>
			</report>
			<report>
				<misses>2455001</misses>
				<total>3</total>
				<timestamp>809.340434</timestamp>
			</report>
			<report>
				<misses>2456001</misses>
				<total>3</total>
				<timestamp>809.670109</timestamp>
			</report>
			<report>
				<misses>2457001</misses>
				<total>3</total>
				<timestamp>809.999787</timestamp>
			</report>
			<report>
				<misses>2458001</misses>
				<total>3</total>
				<timestamp>810.329476</timestamp>
			</report>
			<report>
				<misses>2459001</misses>
				<total>3</total>
				<timestamp>810.659188</timestamp>
			</report>
			<report>
				<misses>2460001</misses>
				<total>3</total>
				<timestamp>810.988827</timestamp>
			</report>
			<report>
				<misses>2461001</misses>
				<total>3</total>
				<timestamp>811.318457</timestamp>
			</report>
			<report>
				<misses>2462001</misses>
				<total>3</total>
				<timestamp>811.648141</timestamp>
			</report>
			<report>
				<misses>2463001</misses>
				<total>3</total>
				<timestamp>811.977835</timestamp>
			</report>
			<report>
				<misses>2464001</misses>
				<total>3</total>
				<timestamp>812.307469</timestamp>
			</report>
			<report>
				<misses>2465001</misses>
				<total>3</total>
				<timestamp>812.637208</timestamp>
			</report>
			<report>
				<misses>2466001</misses>
				<total>3</total>
				<timestamp>812.966817</timestamp>
			</report>
			<report>
				<misses>2467001</misses>
				<total>3</total>
				<timestamp>813.296484</timestamp>
			</report>
			<report>
				<misses>2468001</misses>
				<total>3</total>
				<timestamp>813.626160</timestamp>
			</report>
			<report>
				<misses>2469001</misses>
				<total>3</total>
				<timestamp>813.955831</timestamp>
			</report>
			<report>
				<misses>2470001</misses>
				<total>3</total>
				<timestamp>814.285486</timestamp>
			</report>
			<report>
				<misses>2471001</misses>
				<total>3</total>
				<timestamp>814.615177</timestamp>
			</report>
			<report>
				<misses>2472001</misses>
				<total>3</total>
				<timestamp>814.944822</timestamp>
			</report>
			<report>
				<misses>2473001</misses>
				<total>3</total>
				<timestamp>815.274508</timestamp>
			</report>
			<report>
				<misses>2474001</misses>
				<total>3</total>
				<timestamp>815.604239</timestamp>
			</report>
			<report>
				<misses>2475001</misses>
				<total>3</total>
				<timestamp>815.933833</timestamp>
			</report>
			<report>
				<misses>2476001</misses>
				<total>3</total>
				<timestamp>816.263517</timestamp>
			</report>
			<report>
				<misses>2477001</misses>
				<total>3</total>
				<timestamp>816.593201</timestamp>
			</report>
			<report>
				<misses>2478001</misses>
				<total>3</total>
				<timestamp>816.922882</timestamp>
			</report>
			<report>
				<misses>2479001</misses>
				<total>3</total>
				<timestamp>817.252508</timestamp>
			</report>
			<report>
				<misses>2480001</misses>
				<total>3</total>
				<timestamp>817.582215</timestamp>
			</report>
			<report>
				<misses>2481001</misses>
				<total>3</total>
				<timestamp>817.911892</timestamp>
			</report>
			<report>
				<misses>2482001</misses>
				<total>3</total>
				<timestamp>818.241544</timestamp>
			</report>
			<report>
				<misses>2483001</misses>
				<total>3</total>
				<timestamp>818.571227</timestamp>
			</report>
			<report>
				<misses>2484001</misses>
				<total>3</total>
				<timestamp>818.900868</timestamp>
			</report>
			<report>
				<misses>2485001</misses>
				<total>3</total>
				<timestamp>819.230525</timestamp>
			</report>
			<report>
				<misses>2486001</misses>
				<total>3</total>
				<timestamp>819.560243</timestamp>
			</report>
			<report>
				<misses>2487001</misses>
				<total>3</total>
				<timestamp>819.889880</timestamp>
			</report>
			<report>
				<misses>2488001</misses>
				<total>3</total>
				<timestamp>820.219540</timestamp>
			</report>
			<report>
				<misses>2489001</misses>
				<total>3</total>
				<timestamp>820.549247</timestamp>
			</report>
			<report>
				<misses>2490001</misses>
				<total>3</total>
				<timestamp>820.878892</timestamp>
			</report>
			<report>
				<misses>2491001</misses>
				<total>3</total>
				<timestamp>821.208563</timestamp>
			</report>
			<report>
				<misses>2492001</misses>
				<total>3</total>
				<timestamp>821.538259</timestamp>
			</report>
			<report>
				<misses>2493001</misses>
				<total>3</total>
				<timestamp>821.867906</timestamp>
			</report>
			<report>
				<misses>2494001</misses>
				<total>3</total>
				<timestamp>822.197582</timestamp>
			</report>
			<report>
				<misses>2495001</misses>
				<total>3</total>
				<timestamp>822.527253</timestamp>
			</report>
			<report>
				<misses>2496001</misses>
				<total>3</total>
				<timestamp>822.856913</timestamp>
			</report>
			<report>
				<misses>2497001</misses>
				<total>3</total>
				<timestamp>823.186611</timestamp>
			</report>
			<report>
				<misses>2498001</misses>
				<total>3</total>
				<timestamp>823.516277</timestamp>
			</report>
			<report>
				<misses>2499001</misses>
				<total>3</total>
				<timestamp>823.845920</timestamp>
			</report>
			<report>
				<misses>2500001</misses>
				<total>3</total>
				<timestamp>824.175579</timestamp>
			</report>
			<report>
				<misses>2501001</misses>
				<total>3</total>
				<timestamp>824.505293</timestamp>
			</report>
			<report>
				<misses>2502001</misses>
				<total>3</total>
				<timestamp>824.834928</timestamp>
			</report>
			<report>
				<misses>2503001</misses>
				<total>3</total>
				<timestamp>825.164590</timestamp>
			</report>
			<report>
				<misses>2504001</misses>
				<total>3</total>
				<timestamp>825.494258</timestamp>
			</report>
			<report>
				<misses>2505001</misses>
				<total>3</total>
				<timestamp>825.823954</timestamp>
			</report>
			<report>
				<misses>2506001</misses>
				<total>3</total>
				<timestamp>826.153629</timestamp>
			</report>
			<report>
				<misses>2507001</misses>
				<total>3</total>
				<timestamp>826.483312</timestamp>
			</report>
			<report>
				<misses>2508001</misses>
				<total>3</total>
				<timestamp>826.812952</timestamp>
			</report>
			<report>
				<misses>2509001</misses>
				<total>3</total>
				<timestamp>827.142646</timestamp>
			</report>
			<report>
				<misses>2510001</misses>
				<total>3</total>
				<timestamp>827.472297</timestamp>
			</report>
			<report>
				<misses>2511001</misses>
				<total>3</total>
				<timestamp>827.801953</timestamp>
			</report>
			<report>
				<misses>2512001</misses>
				<total>3</total>
				<timestamp>828.131641</timestamp>
			</report>
			<report>
				<misses>2513001</misses>
				<total>3</total>
				<timestamp>828.461310</timestamp>
			</report>
			<report>
				<misses>2514001</misses>
				<total>3</total>
				<timestamp>828.790974</timestamp>
			</report>
			<report>
				<misses>2515001</misses>
				<total>3</total>
				<timestamp>829.120672</timestamp>
			</report>
			<report>
				<misses>2516001</misses>
				<total>3</total>
				<timestamp>829.450346</timestamp>
			</report>
			<report>
				<misses>2517001</misses>
				<total>3</total>
				<timestamp>829.779976</timestamp>
			</report>
			<report>
				<misses>2518001</misses>
				<total>3</total>
				<timestamp>830.109678</timestamp>
			</report>
			<report>
				<misses>2519001</misses>
				<total>3</total>
				<timestamp>830.439321</timestamp>
			</report>
			<report>
				<misses>2520001</misses>
				<total>3</total>
				<timestamp>830.768973</timestamp>
			</report>
			<report>
				<misses>2521001</misses>
				<total>3</total>
				<timestamp>831.098674</timestamp>
			</report>
			<report>
				<misses>2522001</misses>
				<total>3</total>
				<timestamp>831.428337</timestamp>
			</report>
			<report>
				<misses>2523001</misses>
				<total>3</total>
				<timestamp>831.757999</timestamp>
			</report>
			<report>
				<misses>2524001</misses>
				<total>3</total>
				<timestamp>832.087675</timestamp>
			</report>
			<report>
				<misses>2525001</misses>
				<total>3</total>
				<timestamp>832.417352</timestamp>
			</report>
			<report>
				<misses>2526001</misses>
				<total>3</total>
				<timestamp>832.747008</timestamp>
			</report>
			<report>
				<misses>2527001</misses>
				<total>3</total>
				<timestamp>833.076698</timestamp>
			</report>
			<report>
				<misses>2528001</misses>
				<total>3</total>
				<timestamp>833.406345</timestamp>
			</report>
			<report>
				<misses>2529001</misses>
				<total>3</total>
				<timestamp>833.736022</timestamp>
			</report>
			<report>
				<misses>2530001</misses>
				<total>3</total>
				<timestamp>834.065709</timestamp>
			</report>
			<report>
				<misses>2531001</misses>
				<total>3</total>
				<timestamp>834.395362</timestamp>
			</report>
			<report>
				<misses>2532001</misses>
				<total>3</total>
				<timestamp>834.725036</timestamp>
			</report>
			<report>
				<misses>2533001</misses>
				<total>3</total>
				<timestamp>835.054730</timestamp>
			</report>
			<report>
				<misses>2534001</misses>
				<total>3</total>
				<timestamp>835.384380</timestamp>
			</report>
			<report>
				<misses>2535001</misses>
				<total>3</total>
				<timestamp>835.714093</timestamp>
			</report>
			<report>
				<misses>2536001</misses>
				<total>3</total>
				<timestamp>836.043751</timestamp>
			</report>
			<report>
				<misses>2537001</misses>
				<total>3</total>
				<timestamp>836.373424</timestamp>
			</report>
			<report>
				<misses>2538001</misses>
				<total>3</total>
				<timestamp>836.703060</timestamp>
			</report>
			<report>
				<misses>2539001</misses>
				<total>3</total>
				<timestamp>837.032745</timestamp>
			</report>
			<report>
				<misses>2540001</misses>
				<total>3</total>
				<timestamp>837.362400</timestamp>
			</report>
			<report>
				<misses>2541001</misses>
				<total>3</total>
				<timestamp>837.692070</timestamp>
			</report>
			<report>
				<misses>2542001</misses>
				<total>3</total>
				<timestamp>838.021741</timestamp>
			</report>
			<report>
				<misses>2543001</misses>
				<total>3</total>
				<timestamp>838.351411</timestamp>
			</report>
			<report>
				<misses>2544001</misses>
				<total>3</total>
				<timestamp>838.681103</timestamp>
			</report>
			<report>
				<misses>2545001</misses>
				<total>3</total>
				<timestamp>839.010752</timestamp>
			</report>
			<report>
				<misses>2546001</misses>
				<total>3</total>
				<timestamp>839.340403</timestamp>
			</report>
			<report>
				<misses>2547001</misses>
				<total>3</total>
				<timestamp>839.670135</timestamp>
			</report>
			<report>
				<misses>2548001</misses>
				<total>3</total>
				<timestamp>839.999763</timestamp>
			</report>
			<report>
				<misses>2549001</misses>
				<total>3</total>
				<timestamp>840.329438</timestamp>
			</report>
			<report>
				<misses>2550001</misses>
				<total>3</total>
				<timestamp>840.659089</timestamp>
			</report>
			<report>
				<misses>2551001</misses>
				<total>3</total>
				<timestamp>840.988761</timestamp>
			</report>
			<report>
				<misses>2552001</misses>
				<total>3</total>
				<timestamp>841.318421</timestamp>
			</report>
			<report>
				<misses>2553001</misses>
				<total>3</total>
				<timestamp>841.648154</timestamp>
			</report>
			<report>
				<misses>2554001</misses>
				<total>3</total>
				<timestamp>841.977875</timestamp>
			</report>
			<report>
				<misses>2555001</misses>
				<total>3</total>
				<timestamp>842.307428</timestamp>
			</report>
			<report>
				<misses>2556001</misses>
				<total>3</total>
				<timestamp>842.637141</timestamp>
			</report>
			<report>
				<misses>2557001</misses>
				<total>3</total>
				<timestamp>842.966819</timestamp>
			</report>
			<report>
				<misses>2558001</misses>
				<total>3</total>
				<timestamp>843.296445</timestamp>
			</report>
			<report>
				<misses>2559001</misses>
				<total>3</total>
				<timestamp>843.626177</timestamp>
			</report>
			<report>
				<misses>2560001</misses>
				<total>3</total>
				<timestamp>843.955854</timestamp>
			</report>
			<report>
				<misses>2561001</misses>
				<total>3</total>
				<timestamp>844.285489</timestamp>
			</report>
			<report>
				<misses>2562001</misses>
				<total>3</total>
				<timestamp>844.615181</timestamp>
			</report>
			<report>
				<misses>2563001</misses>
				<total>3</total>
				<timestamp>844.944800</timestamp>
			</report>
			<report>
				<misses>2564001</misses>
				<total>3</total>
				<timestamp>845.274485</timestamp>
			</report>
			<report>
				<misses>2565001</misses>
				<total>3</total>
				<timestamp>845.604166</timestamp>
			</report>
			<report>
				<misses>2566001</misses>
				<total>3</total>
				<timestamp>845.933829</timestamp>
			</report>
			<report>
				<misses>2567001</misses>
				<total>3</total>
				<timestamp>846.263520</timestamp>
			</report>
			<report>
				<misses>2568001</misses>
				<total>3</total>
				<timestamp>846.593152</timestamp>
			</report>
			<report>
				<misses>2569001</misses>
				<total>3</total>
				<timestamp>846.922818</timestamp>
			</report>
			<report>
				<misses>2570001</misses>
				<total>3</total>
				<timestamp>847.252510</timestamp>
			</report>
			<report>
				<misses>2571001</misses>
				<total>3</total>
				<timestamp>847.582172</timestamp>
			</report>
			<report>
				<misses>2572001</misses>
				<total>3</total>
				<timestamp>847.911841</timestamp>
			</report>
			<report>
				<misses>2573001</misses>
				<total>3</total>
				<timestamp>848.241518</timestamp>
			</report>
			<report>
				<misses>2574001</misses>
				<total>3</total>
				<timestamp>848.571195</timestamp>
			</report>
			<report>
				<misses>2575001</misses>
				<total>3</total>
				<timestamp>848.900831</timestamp>
			</report>
			<report>
				<misses>2576001</misses>
				<total>3</total>
				<timestamp>849.230535</timestamp>
			</report>
			<report>
				<misses>2577001</misses>
				<total>3</total>
				<timestamp>849.560204</timestamp>
			</report>
			<report>
				<misses>2578001</misses>
				<total>3</total>
				<timestamp>849.889854</timestamp>
			</report>
			<report>
				<misses>2579001</misses>
				<total>3</total>
				<timestamp>850.219512</timestamp>
			</report>
			<report>
				<misses>2580001</misses>
				<total>3</total>
				<timestamp>850.549240</timestamp>
			</report>
			<report>
				<misses>2581001</misses>
				<total>3</total>
				<timestamp>850.878871</timestamp>
			</report>
			<report>
				<misses>2582001</misses>
				<total>3</total>
				<timestamp>851.208572</timestamp>
			</report>
			<report>
				<misses>2583001</misses>
				<total>3</total>
				<timestamp>851.538201</timestamp>
			</report>
			<report>
				<misses>2584001</misses>
				<total>3</total>
				<timestamp>851.867875</timestamp>
			</report>
			<report>
				<misses>2585001</misses>
				<total>3</total>
				<timestamp>852.197626</timestamp>
			</report>
			<report>
				<misses>2586001</misses>
				<total>3</total>
				<timestamp>852.527214</timestamp>
			</report>
			<report>
				<misses>2587001</misses>
				<total>3</total>
				<timestamp>852.856884</timestamp>
			</report>
			<report>
				<misses>2588001</misses>
				<total>3</total>
				<timestamp>853.186561</timestamp>
			</report>
			<report>
				<misses>2589001</misses>
				<total>3</total>
				<timestamp>853.516217</timestamp>
			</report>
			<report>
				<misses>2590001</misses>
				<total>3</total>
				<timestamp>853.845895</timestamp>
			</report>
			<report>
				<misses>2591001</misses>
				<total>3</total>
				<timestamp>854.175559</timestamp>
			</report>
			<report>
				<misses>2592001</misses>
				<total>3</total>
				<timestamp>854.505235</timestamp>
			</report>
			<report>
				<misses>2593001</misses>
				<total>3</total>
				<timestamp>854.834900</timestamp>
			</report>
			<report>
				<misses>2594001</misses>
				<total>3</total>
				<timestamp>855.164574</timestamp>
			</report>
			<report>
				<misses>2595001</misses>
				<total>3</total>
				<timestamp>855.494232</timestamp>
			</report>
			<report>
				<misses>2596001</misses>
				<total>3</total>
				<timestamp>855.823920</timestamp>
			</report>
			<report>
				<misses>2597001</misses>
				<total>3</total>
				<timestamp>856.153568</timestamp>
			</report>
			<report>
				<misses>2598001</misses>
				<total>3</total>
				<timestamp>856.483271</timestamp>
			</report>
			<report>
				<misses>2599001</misses>
				<total>3</total>
				<timestamp>856.812978</timestamp>
			</report>
			<report>
				<misses>2600001</misses>
				<total>3</total>
				<timestamp>857.142629</timestamp>
			</report>
			<report>
				<misses>2601001</misses>
				<total>3</total>
				<timestamp>857.472254</timestamp>
			</report>
			<report>
				<misses>2602001</misses>
				<total>3</total>
				<timestamp>857.801978</timestamp>
			</report>
			<report>
				<misses>2603001</misses>
				<total>3</total>
				<timestamp>858.131613</timestamp>
			</report>
			<report>
				<misses>2604001</misses>
				<total>3</total>
				<timestamp>858.461283</timestamp>
			</report>
			<report>
				<misses>2605001</misses>
				<total>3</total>
				<timestamp>858.790989</timestamp>
			</report>
			<report>
				<misses>2606001</misses>
				<total>3</total>
				<timestamp>859.120604</timestamp>
			</report>
			<report>
				<misses>2607001</misses>
				<total>3</total>
				<timestamp>859.450260</timestamp>
			</report>
			<report>
				<misses>2608001</misses>
				<total>3</total>
				<timestamp>859.779939</timestamp>
			</report>
			<report>
				<misses>2609001</misses>
				<total>3</total>
				<timestamp>860.109619</timestamp>
			</report>
			<report>
				<misses>2610001</misses>
				<total>3</total>
				<timestamp>860.439286</timestamp>
			</report>
			<report>
				<misses>2611001</misses>
				<total>3</total>
				<timestamp>860.768956</timestamp>
			</report>
			<report>
				<misses>2612001</misses>
				<total>3</total>
				<timestamp>861.098654</timestamp>
			</report>
			<report>
				<misses>2613001</misses>
				<total>3</total>
				<timestamp>861.428292</timestamp>
			</report>
			<report>
				<misses>2614001</misses>
				<total>3</total>
				<timestamp>861.757983</timestamp>
			</report>
			<report>
				<misses>2615001</misses>
				<total>3</total>
				<timestamp>862.087647</timestamp>
			</report>
			<report>
				<misses>2616001</misses>
				<total>3</total>
				<timestamp>862.417311</timestamp>
			</report>
			<report>
				<misses>2617001</misses>
				<total>3</total>
				<timestamp>862.747014</timestamp>
			</report>
			<report>
				<misses>2618001</misses>
				<total>3</total>
				<timestamp>863.076670</timestamp>
			</report>
			<report>
				<misses>2619001</misses>
				<total>3</total>
				<timestamp>863.406318</timestamp>
			</report>
			<report>
				<misses>2620001</misses>
				<total>3</total>
				<timestamp>863.736053</timestamp>
			</report>
			<report>
				<misses>2621001</misses>
				<total>3</total>
				<timestamp>864.065668</timestamp>
			</report>
			<report>
				<misses>2622001</misses>
				<total>3</total>
				<timestamp>864.395323</timestamp>
			</report>
			<report>
				<misses>2623001</misses>
				<total>3</total>
				<timestamp>864.724996</timestamp>
			</report>
			<report>
				<misses>2624001</misses>
				<total>3</total>
				<timestamp>865.054682</timestamp>
			</report>
			<report>
				<misses>2625001</misses>
				<total>3</total>
				<timestamp>865.384342</timestamp>
			</report>
			<report>
				<misses>2626001</misses>
				<total>3</total>
				<timestamp>865.714063</timestamp>
			</report>
			<report>
				<misses>2627001</misses>
				<total>3</total>
				<timestamp>866.043697</timestamp>
			</report>
			<report>
				<misses>2628001</misses>
				<total>3</total>
				<timestamp>866.373346</timestamp>
			</report>
			<report>
				<misses>2629001</misses>
				<total>3</total>
				<timestamp>866.703015</timestamp>
			</report>
			<report>
				<misses>2630001</misses>
				<total>3</total>
				<timestamp>867.032708</timestamp>
			</report>
			<report>
				<misses>2631001</misses>
				<total>3</total>
				<timestamp>867.362399</timestamp>
			</report>
			<report>
				<misses>2632001</misses>
				<total>3</total>
				<timestamp>867.692084</timestamp>
			</report>
			<report>
				<misses>2633001</misses>
				<total>3</total>
				<timestamp>868.021700</timestamp>
			</report>
			<report>
				<misses>2634001</misses>
				<total>3</total>
				<timestamp>868.351371</timestamp>
			</report>
			<report>
				<misses>2635001</misses>
				<total>3</total>
				<timestamp>868.681089</timestamp>
			</report>
			<report>
				<misses>2636001</misses>
				<total>3</total>
				<timestamp>869.010732</timestamp>
			</report>
			<report>
				<misses>2637001</misses>
				<total>3</total>
				<timestamp>869.340416</timestamp>
			</report>
			<report>
				<misses>2638001</misses>
				<total>3</total>
				<timestamp>869.670106</timestamp>
			</report>
			<report>
				<misses>2639001</misses>
				<total>3</total>
				<timestamp>869.999712</timestamp>
			</report>
			<report>
				<misses>2640001</misses>
				<total>3</total>
				<timestamp>870.329409</timestamp>
			</report>
			<report>
				<misses>2641001</misses>
				<total>3</total>
				<timestamp>870.659063</timestamp>
			</report>
			<report>
				<misses>2642001</misses>
				<total>3</total>
				<timestamp>870.988724</timestamp>
			</report>
			<report>
				<misses>2643001</misses>
				<total>3</total>
				<timestamp>871.318447</timestamp>
			</report>
			<report>
				<misses>2644001</misses>
				<total>3</total>
				<timestamp>871.648135</timestamp>
			</report>
			<report>
				<misses>2645001</misses>
				<total>3</total>
				<timestamp>871.977757</timestamp>
			</report>
			<report>
				<misses>2646001</misses>
				<total>3</total>
				<timestamp>872.307416</timestamp>
			</report>
			<report>
				<misses>2647001</misses>
				<total>3</total>
				<timestamp>872.637099</timestamp>
			</report>
			<report>
				<misses>2648001</misses>
				<total>3</total>
				<timestamp>872.966773</timestamp>
			</report>
			<report>
				<misses>2649001</misses>
				<total>3</total>
				<timestamp>873.296438</timestamp>
			</report>
			<report>
				<misses>2650001</misses>
				<total>3</total>
				<timestamp>873.626097</timestamp>
			</report>
			<report>
				<misses>2651001</misses>
				<total>3</total>
				<timestamp>873.955755</timestamp>
			</report>
			<report>
				<misses>2652001</misses>
				<total>3</total>
				<timestamp>874.285428</timestamp>
			</report>
			<report>
				<misses>2653001</misses>
				<total>3</total>
				<timestamp>874.615090</timestamp>
			</report>
			<report>
				<misses>2654001</misses>
				<total>3</total>
				<timestamp>874.944778</timestamp>
			</report>
			<report>
				<misses>2655001</misses>
				<total>3</total>
				<timestamp>875.274437</timestamp>
			</report>
			<report>
				<misses>2656001</misses>
				<total>3</total>
				<timestamp>875.604137</timestamp>
			</report>
			<report>
				<misses>2657001</misses>
				<total>3</total>
				<timestamp>875.933772</timestamp>
			</report>
			<report>
				<misses>2658001</misses>
				<total>3</total>
				<timestamp>876.263507</timestamp>
			</report>
			<report>
				<misses>2659001</misses>
				<total>3</total>
				<timestamp>876.593115</timestamp>
			</report>
			<report>
				<misses>2660001</misses>
				<total>3</total>
				<timestamp>876.922786</timestamp>
			</report>
			<report>
				<misses>2661001</misses>
				<total>3</total>
				<timestamp>877.252502</timestamp>
			</report>
			<report>
				<misses>2662001</misses>
				<total>3</total>
				<timestamp>877.582142</timestamp>
			</report>
			<report>
				<misses>2663001</misses>
				<total>3</total>
				<timestamp>877.911867</timestamp>
			</report>
			<report>
				<misses>2664001</misses>
				<total>3</total>
				<timestamp>878.241496</timestamp>
			</report>
			<report>
				<misses>2665001</misses>
				<total>3</total>
				<timestamp>878.571164</timestamp>
			</report>
			<report>
				<misses>2666001</misses>
				<total>3</total>
				<timestamp>878.900920</timestamp>
			</report>
			<report>
				<misses>2667001</misses>
				<total>3</total>
				<timestamp>879.230497</timestamp>
			</report>
			<report>
				<misses>2668001</misses>
				<total>3</total>
				<timestamp>879.560198</timestamp>
			</report>
			<report>
				<misses>2669001</misses>
				<total>3</total>
				<timestamp>879.889874</timestamp>
			</report>
			<report>
				<misses>2670001</misses>
				<total>3</total>
				<timestamp>880.219507</timestamp>
			</report>
			<report>
				<misses>2671001</misses>
				<total>3</total>
				<timestamp>880.549164</timestamp>
			</report>
			<report>
				<misses>2672001</misses>
				<total>3</total>
				<timestamp>880.878846</timestamp>
			</report>
			<report>
				<misses>2673001</misses>
				<total>3</total>
				<timestamp>881.208491</timestamp>
			</report>
			<report>
				<misses>2674001</misses>
				<total>3</total>
				<timestamp>881.538154</timestamp>
			</report>
			<report>
				<misses>2675001</misses>
				<total>3</total>
				<timestamp>881.867853</timestamp>
			</report>
			<report>
				<misses>2676001</misses>
				<total>3</total>
				<timestamp>882.197527</timestamp>
			</report>
			<report>
				<misses>2677001</misses>
				<total>3</total>
				<timestamp>882.527234</timestamp>
			</report>
			<report>
				<misses>2678001</misses>
				<total>3</total>
				<timestamp>882.856845</timestamp>
			</report>
			<report>
				<misses>2679001</misses>
				<total>3</total>
				<timestamp>883.186517</timestamp>
			</report>
			<report>
				<misses>2680001</misses>
				<total>3</total>
				<timestamp>883.516194</timestamp>
			</report>
			<report>
				<misses>2681001</misses>
				<total>3</total>
				<timestamp>883.845864</timestamp>
			</report>
			<report>
				<misses>2682001</misses>
				<total>3</total>
				<timestamp>884.175515</timestamp>
			</report>
			<report>
				<misses>2683001</misses>
				<total>3</total>
				<timestamp>884.505194</timestamp>
			</report>
			<report>
				<misses>2684001</misses>
				<total>3</total>
				<timestamp>884.834882</timestamp>
			</report>
			<report>
				<misses>2685001</misses>
				<total>3</total>
				<timestamp>885.164531</timestamp>
			</report>
			<report>
				<misses>2686001</misses>
				<total>3</total>
				<timestamp>885.494208</timestamp>
			</report>
			<report>
				<misses>2687001</misses>
				<total>3</total>
				<timestamp>885.823916</timestamp>
			</report>
			<report>
				<misses>2688001</misses>
				<total>3</total>
				<timestamp>886.153555</timestamp>
			</report>
			<report>
				<misses>2689001</misses>
				<total>3</total>
				<timestamp>886.483267</timestamp>
			</report>
			<report>
				<misses>2690001</misses>
				<total>3</total>
				<timestamp>886.812955</timestamp>
			</report>
			<report>
				<misses>2691001</misses>
				<total>3</total>
				<timestamp>887.142592</timestamp>
			</report>
			<report>
				<misses>2692001</misses>
				<total>3</total>
				<timestamp>887.472223</timestamp>
			</report>
			<report>
				<misses>2693001</misses>
				<total>3</total>
				<timestamp>887.801919</timestamp>
			</report>
			<report>
				<misses>2694001</misses>
				<total>3</total>
				<timestamp>888.131607</timestamp>
			</report>
			<report>
				<misses>2695001</misses>
				<total>3</total>
				<timestamp>888.461322</timestamp>
			</report>
			<report>
				<misses>2696001</misses>
				<total>3</total>
				<timestamp>888.790936</timestamp>
			</report>
			<report>
				<misses>2697001</misses>
				<total>3</total>
				<timestamp>889.120598</timestamp>
			</report>
			<report>
				<misses>2698001</misses>
				<total>3</total>
				<timestamp>889.450269</timestamp>
			</report>
			<report>
				<misses>2699001</misses>
				<total>3</total>
				<timestamp>889.779921</timestamp>
			</report>
			<report>
				<misses>2700001</misses>
				<total>3</total>
				<timestamp>890.109617</timestamp>
			</report>
			<report>
				<misses>2701001</misses>
				<total>3</total>
				<timestamp>890.439313</timestamp>
			</report>
			<report>
				<misses>2702001</misses>
				<total>3</total>
				<timestamp>890.769001</timestamp>
			</report>
			<report>
				<misses>2703001</misses>
				<total>3</total>
				<timestamp>891.098614</timestamp>
			</report>
			<report>
				<misses>2704001</misses>
				<total>3</total>
				<timestamp>891.428294</timestamp>
			</report>
			<report>
				<misses>2705001</misses>
				<total>3</total>
				<timestamp>891.757983</timestamp>
			</report>
			<report>
				<misses>2706001</misses>
				<total>3</total>
				<timestamp>892.087592</timestamp>
			</report>
			<report>
				<misses>2707001</misses>
				<total>3</total>
				<timestamp>892.417283</timestamp>
			</report>
			<report>
				<misses>2708001</misses>
				<total>3</total>
				<timestamp>892.746951</timestamp>
			</report>
			<report>
				<misses>2709001</misses>
				<total>3</total>
				<timestamp>893.076626</timestamp>
			</report>
			<report>
				<misses>2710001</misses>
				<total>3</total>
				<timestamp>893.406305</timestamp>
			</report>
			<report>
				<misses>2711001</misses>
				<total>3</total>
				<timestamp>893.736004</timestamp>
			</report>
			<report>
				<misses>2712001</misses>
				<total>3</total>
				<timestamp>894.065624</timestamp>
			</report>
			<report>
				<misses>2713001</misses>
				<total>3</total>
				<timestamp>894.395316</timestamp>
			</report>
			<report>
				<misses>2714001</misses>
				<total>3</total>
				<timestamp>894.724985</timestamp>
			</report>
			<report>
				<misses>2715001</misses>
				<total>3</total>
				<timestamp>895.054629</timestamp>
			</report>
			<report>
				<misses>2716001</misses>
				<total>3</total>
				<timestamp>895.384321</timestamp>
			</report>
			<report>
				<misses>2717001</misses>
				<total>3</total>
				<timestamp>895.713979</timestamp>
			</report>
			<report>
				<misses>2718001</misses>
				<total>3</total>
				<timestamp>896.043641</timestamp>
			</report>
			<report>
				<misses>2719001</misses>
				<total>3</total>
				<timestamp>896.373324</timestamp>
			</report>
			<report>
				<misses>2720001</misses>
				<total>3</total>
				<timestamp>896.703034</timestamp>
			</report>
			<report>
				<misses>2721001</misses>
				<total>3</total>
				<timestamp>897.032663</timestamp>
			</report>
			<report>
				<misses>2722001</misses>
				<total>3</total>
				<timestamp>897.362340</timestamp>
			</report>
			<report>
				<misses>2723001</misses>
				<total>3</total>
				<timestamp>897.691996</timestamp>
			</report>
			<report>
				<misses>2724001</misses>
				<total>3</total>
				<timestamp>898.021685</timestamp>
			</report>
			<report>
				<misses>2725001</misses>
				<total>3</total>
				<timestamp>898.351346</timestamp>
			</report>
			<report>
				<misses>2726001</misses>
				<total>3</total>
				<timestamp>898.681014</timestamp>
			</report>
			<report>
				<misses>2727001</misses>
				<total>3</total>
				<timestamp>899.010673</timestamp>
			</report>
			<report>
				<misses>2728001</misses>
				<total>3</total>
				<timestamp>899.340375</timestamp>
			</report>
			<report>
				<misses>2729001</misses>
				<total>3</total>
				<timestamp>899.670010</timestamp>
			</report>
			<report>
				<misses>2730001</misses>
				<total>3</total>
				<timestamp>899.999731</timestamp>
			</report>
			<report>
				<misses>2731001</misses>
				<total>3</total>
				<timestamp>900.329385</timestamp>
			</report>
			<report>
				<misses>2732001</misses>
				<total>3</total>
				<timestamp>900.659022</timestamp>
			</report>
			<report>
				<misses>2733001</misses>
				<total>3</total>
				<timestamp>900.988697</timestamp>
			</report>
			<report>
				<misses>2734001</misses>
				<total>3</total>
				<timestamp>901.318358</timestamp>
			</report>
			<report>
				<misses>2735001</misses>
				<total>3</total>
				<timestamp>901.648034</timestamp>
			</report>
			<report>
				<misses>2736001</misses>
				<total>3</total>
				<timestamp>901.977728</timestamp>
			</report>
			<report>
				<misses>2737001</misses>
				<total>3</total>
				<timestamp>902.307372</timestamp>
			</report>
			<report>
				<misses>2738001</misses>
				<total>3</total>
				<timestamp>902.637051</timestamp>
			</report>
			<report>
				<misses>2739001</misses>
				<total>3</total>
				<timestamp>902.966725</timestamp>
			</report>
			<report>
				<misses>2740001</misses>
				<total>3</total>
				<timestamp>903.296398</timestamp>
			</report>
			<report>
				<misses>2741001</misses>
				<total>3</total>
				<timestamp>903.626083</timestamp>
			</report>
			<report>
				<misses>2742001</misses>
				<total>3</total>
				<timestamp>903.955763</timestamp>
			</report>
			<report>
				<misses>2743001</misses>
				<total>3</total>
				<timestamp>904.285419</timestamp>
			</report>
			<report>
				<misses>2744001</misses>
				<total>3</total>
				<timestamp>904.615110</timestamp>
			</report>
			<report>
				<misses>2745001</misses>
				<total>3</total>
				<timestamp>904.944778</timestamp>
			</report>
			<report>
				<misses>2746001</misses>
				<total>3</total>
				<timestamp>905.274403</timestamp>
			</report>
			<report>
				<misses>2747001</misses>
				<total>3</total>
				<timestamp>905.604133</timestamp>
			</report>
			<report>
				<misses>2748001</misses>
				<total>3</total>
				<timestamp>905.933762</timestamp>
			</report>
			<report>
				<misses>2749001</misses>
				<total>3</total>
				<timestamp>906.263449</timestamp>
			</report>
			<report>
				<misses>2750001</misses>
				<total>3</total>
				<timestamp>906.593107</timestamp>
			</report>
			<report>
				<misses>2751001</misses>
				<total>3</total>
				<timestamp>906.922775</timestamp>
			</report>
			<report>
				<misses>2752001</misses>
				<total>3</total>
				<timestamp>907.252427</timestamp>
			</report>
			<report>
				<misses>2753001</misses>
				<total>3</total>
				<timestamp>907.582168</timestamp>
			</report>
			<report>
				<misses>2754001</misses>
				<total>3</total>
				<timestamp>907.911768</timestamp>
			</report>
			<report>
				<misses>2755001</misses>
				<total>3</total>
				<timestamp>908.241430</timestamp>
			</report>
			<report>
				<misses>2756001</misses>
				<total>3</total>
				<timestamp>908.571170</timestamp>
			</report>
			<report>
				<misses>2757001</misses>
				<total>3</total>
				<timestamp>908.900787</timestamp>
			</report>
			<report>
				<misses>2758001</misses>
				<total>3</total>
				<timestamp>909.230486</timestamp>
			</report>
			<report>
				<misses>2759001</misses>
				<total>3</total>
				<timestamp>909.560167</timestamp>
			</report>
			<report>
				<misses>2760001</misses>
				<total>3</total>
				<timestamp>909.889802</timestamp>
			</report>
			<report>
				<misses>2761001</misses>
				<total>3</total>
				<timestamp>910.219466</timestamp>
			</report>
			<report>
				<misses>2762001</misses>
				<total>3</total>
				<timestamp>910.549138</timestamp>
			</report>
			<report>
				<misses>2763001</misses>
				<total>3</total>
				<timestamp>910.878819</timestamp>
			</report>
			<report>
				<misses>2764001</misses>
				<total>3</total>
				<timestamp>911.208488</timestamp>
			</report>
			<report>
				<misses>2765001</misses>
				<total>3</total>
				<timestamp>911.538164</timestamp>
			</report>
			<report>
				<misses>2766001</misses>
				<total>3</total>
				<timestamp>911.867826</timestamp>
			</report>
			<report>
				<misses>2767001</misses>
				<total>3</total>
				<timestamp>912.197503</timestamp>
			</report>
			<report>
				<misses>2768001</misses>
				<total>3</total>
				<timestamp>912.527175</timestamp>
			</report>
			<report>
				<misses>2769001</misses>
				<total>3</total>
				<timestamp>912.856840</timestamp>
			</report>
			<report>
				<misses>2770001</misses>
				<total>3</total>
				<timestamp>913.186501</timestamp>
			</report>
			<report>
				<misses>2771001</misses>
				<total>3</total>
				<timestamp>913.516164</timestamp>
			</report>
			<report>
				<misses>2772001</misses>
				<total>3</total>
				<timestamp>913.845866</timestamp>
			</report>
			<report>
				<misses>2773001</misses>
				<total>3</total>
				<timestamp>914.175513</timestamp>
			</report>
			<report>
				<misses>2774001</misses>
				<total>3</total>
				<timestamp>914.505195</timestamp>
			</report>
			<report>
				<misses>2775001</misses>
				<total>3</total>
				<timestamp>914.834896</timestamp>
			</report>
			<report>
				<misses>2776001</misses>
				<total>3</total>
				<timestamp>915.164502</timestamp>
			</report>
			<report>
				<misses>2777001</misses>
				<total>3</total>
				<timestamp>915.494181</timestamp>
			</report>
			<report>
				<misses>2778001</misses>
				<total>3</total>
				<timestamp>915.823842</timestamp>
			</report>
			<report>
				<misses>2779001</misses>
				<total>3</total>
				<timestamp>916.153515</timestamp>
			</report>
			<report>
				<misses>2780001</misses>
				<total>3</total>
				<timestamp>916.483199</timestamp>
			</report>
			<report>
				<misses>2781001</misses>
				<total>3</total>
				<timestamp>916.812921</timestamp>
			</report>
			<report>
				<misses>2782001</misses>
				<total>3</total>
				<timestamp>917.142521</timestamp>
			</report>
			<report>
				<misses>2783001</misses>
				<total>3</total>
				<timestamp>917.472251</timestamp>
			</report>
			<report>
				<misses>2784001</misses>
				<total>3</total>
				<timestamp>917.801914</timestamp>
			</report>
			<report>
				<misses>2785001</misses>
				<total>3</total>
				<timestamp>918.131535</timestamp>
			</report>
			<report>
				<misses>2786001</misses>
				<total>3</total>
				<timestamp>918.461251</timestamp>
			</report>
			<report>
				<misses>2787001</misses>
				<total>3</total>
				<timestamp>918.790892</timestamp>
			</report>
			<report>
				<misses>2788001</misses>
				<total>3</total>
				<timestamp>919.120547</timestamp>
			</report>
			<report>
				<misses>2789001</misses>
				<total>3</total>
				<timestamp>919.450248</timestamp>
			</report>
			<report>
				<misses>2790001</misses>
				<total>3</total>
				<timestamp>919.779928</timestamp>
			</report>
			<report>
				<misses>2791001</misses>
				<total>3</total>
				<timestamp>920.109564</timestamp>
			</report>
			<report>
				<misses>2792001</misses>
				<total>3</total>
				<timestamp>920.439230</timestamp>
			</report>
			<report>
				<misses>2793001</misses>
				<total>3</total>
				<timestamp>920.768908</timestamp>
			</report>
			<report>
				<misses>2794001</misses>
				<total>3</total>
				<timestamp>921.098582</timestamp>
			</report>
			<report>
				<misses>2795001</misses>
				<total>3</total>
				<timestamp>921.428232</timestamp>
			</report>
			<report>
				<misses>2796001</misses>
				<total>3</total>
				<timestamp>921.757897</timestamp>
			</report>
			<report>
				<misses>2797001</misses>
				<total>3</total>
				<timestamp>922.087569</timestamp>
			</report>
			<report>
				<misses>2798001</misses>
				<total>3</total>
				<timestamp>922.417233</timestamp>
			</report>
			<report>
				<misses>2799001</misses>
				<total>3</total>
				<timestamp>922.746919</timestamp>
			</report>
			<report>
				<misses>2800001</misses>
				<total>3</total>
				<timestamp>923.076595</timestamp>
			</report>
			<report>
				<misses>2801001</misses>
				<total>3</total>
				<timestamp>923.406255</timestamp>
			</report>
			<report>
				<misses>2802001</misses>
				<total>3</total>
				<timestamp>923.735925</timestamp>
			</report>
			<report>
				<misses>2803001</misses>
				<total>3</total>
				<timestamp>924.065589</timestamp>
			</report>
			<report>
				<misses>2804001</misses>
				<total>3</total>
				<timestamp>924.395271</timestamp>
			</report>
			<report>
				<misses>2805001</misses>
				<total>3</total>
				<timestamp>924.724934</timestamp>
			</report>
			<report>
				<misses>2806001</misses>
				<total>3</total>
				<timestamp>925.054655</timestamp>
			</report>
			<report>
				<misses>2807001</misses>
				<total>3</total>
				<timestamp>925.384289</timestamp>
			</report>
			<report>
				<misses>2808001</misses>
				<total>3</total>
				<timestamp>925.713953</timestamp>
			</report>
			<report>
				<misses>2809001</misses>
				<total>3</total>
				<timestamp>926.043622</timestamp>
			</report>
			<report>
				<misses>2810001</misses>
				<total>3</total>
				<timestamp>926.373298</timestamp>
			</report>
			<report>
				<misses>2811001</misses>
				<total>3</total>
				<timestamp>926.702996</timestamp>
			</report>
			<report>
				<misses>2812001</misses>
				<total>3</total>
				<timestamp>927.032618</timestamp>
			</report>
			<report>
				<misses>2813001</misses>
				<total>3</total>
				<timestamp>927.362290</timestamp>
			</report>
			<report>
				<misses>2814001</misses>
				<total>3</total>
				<timestamp>927.692025</timestamp>
			</report>
			<report>
				<misses>2815001</misses>
				<total>3</total>
				<timestamp>928.021679</timestamp>
			</report>
			<report>
				<misses>2816001</misses>
				<total>3</total>
				<timestamp>928.351317</timestamp>
			</report>
			<report>
				<misses>2817001</misses>
				<total>3</total>
				<timestamp>928.681008</timestamp>
			</report>
			<report>
				<misses>2818001</misses>
				<total>3</total>
				<timestamp>929.010657</timestamp>
			</report>
			<report>
				<misses>2819001</misses>
				<total>3</total>
				<timestamp>929.340318</timestamp>
			</report>
			<report>
				<misses>2820001</misses>
				<total>3</total>
				<timestamp>929.670030</timestamp>
			</report>
			<report>
				<misses>2821001</misses>
				<total>3</total>
				<timestamp>929.999700</timestamp>
			</report>
			<report>
				<misses>2822001</misses>
				<total>3</total>
				<timestamp>930.329371</timestamp>
			</report>
			<report>
				<misses>2823001</misses>
				<total>3</total>
				<timestamp>930.659049</timestamp>
			</report>
			<report>
				<misses>2824001</misses>
				<total>3</total>
				<timestamp>930.988665</timestamp>
			</report>
			<report>
				<misses>2825001</misses>
				<total>3</total>
				<timestamp>931.318345</timestamp>
			</report>
			<report>
				<misses>2826001</misses>
				<total>3</total>
				<timestamp>931.648054</timestamp>
			</report>
			<report>
				<misses>2827001</misses>
				<total>3</total>
				<timestamp>931.977696</timestamp>
			</report>
			<report>
				<misses>2828001</misses>
				<total>3</total>
				<timestamp>932.307395</timestamp>
			</report>
			<report>
				<misses>2829001</misses>
				<total>3</total>
				<timestamp>932.637053</timestamp>
			</report>
			<report>
				<misses>2830001</misses>
				<total>3</total>
				<timestamp>932.966697</timestamp>
			</report>
			<report>
				<misses>2831001</misses>
				<total>3</total>
				<timestamp>933.296428</timestamp>
			</report>
			<report>
				<misses>2832001</misses>
				<total>3</total>
				<timestamp>933.626052</timestamp>
			</report>
			<report>
				<misses>2833001</misses>
				<total>3</total>
				<timestamp>933.955730</timestamp>
			</report>
			<report>
				<misses>2834001</misses>
				<total>3</total>
				<timestamp>934.285374</timestamp>
			</report>
			<report>
				<misses>2835001</misses>
				<total>3</total>
				<timestamp>934.615045</timestamp>
			</report>
			<report>
				<misses>2836001</misses>
				<total>3</total>
				<timestamp>934.944764</timestamp>
			</report>
			<report>
				<misses>2837001</misses>
				<total>3</total>
				<timestamp>935.274387</timestamp>
			</report>
			<report>
				<misses>2838001</misses>
				<total>3</total>
				<timestamp>935.604084</timestamp>
			</report>
			<report>
				<misses>2839001</misses>
				<total>3</total>
				<timestamp>935.933729</timestamp>
			</report>
			<report>
				<misses>2840001</misses>
				<total>3</total>
				<timestamp>936.263380</timestamp>
			</report>
			<report>
				<misses>2841001</misses>
				<total>3</total>
				<timestamp>936.593086</timestamp>
			</report>
			<report>
				<misses>2842001</misses>
				<total>3</total>
				<timestamp>936.922731</timestamp>
			</report>
			<report>
				<misses>2843001</misses>
				<total>3</total>
				<timestamp>937.252407</timestamp>
			</report>
			<report>
				<misses>2844001</misses>
				<total>3</total>
				<timestamp>937.582114</timestamp>
			</report>
			<report>
				<misses>2845001</misses>
				<total>3</total>
				<timestamp>937.911739</timestamp>
			</report>
			<report>
				<misses>2846001</misses>
				<total>3</total>
				<timestamp>938.241414</timestamp>
			</report>
			<report>
				<misses>2847001</misses>
				<total>3</total>
				<timestamp>938.571148</timestamp>
			</report>
			<report>
				<misses>2848001</misses>
				<total>3</total>
				<timestamp>938.900762</timestamp>
			</report>
			<report>
				<misses>2849001</misses>
				<total>3</total>
				<timestamp>939.230416</timestamp>
			</report>
			<report>
				<misses>2850001</misses>
				<total>3</total>
				<timestamp>939.560124</timestamp>
			</report>
			<report>
				<misses>2851001</misses>
				<total>3</total>
				<timestamp>939.889761</timestamp>
			</report>
			<report>
				<misses>2852001</misses>
				<total>3</total>
				<timestamp>940.219446</timestamp>
			</report>
			<report>
				<misses>2853001</misses>
				<total>3</total>
				<timestamp>940.549125</timestamp>
			</report>
			<report>
				<misses>2854001</misses>
				<total>3</total>
				<timestamp>940.878781</timestamp>
			</report>
			<report>
				<misses>2855001</misses>
				<total>3</total>
				<timestamp>941.208430</timestamp>
			</report>
			<report>
				<misses>2856001</misses>
				<total>3</total>
				<timestamp>941.538099</timestamp>
			</report>
			<report>
				<misses>2857001</misses>
				<total>3</total>
				<timestamp>941.867801</timestamp>
			</report>
			<report>
				<misses>2858001</misses>
				<total>3</total>
				<timestamp>942.197443</timestamp>
			</report>
			<report>
				<misses>2859001</misses>
				<total>3</total>
				<timestamp>942.527118</timestamp>
			</report>
			<report>
				<misses>2860001</misses>
				<total>3</total>
				<timestamp>942.856806</timestamp>
			</report>
			<report>
				<misses>2861001</misses>
				<total>3</total>
				<timestamp>943.186456</timestamp>
			</report>
			<report>
				<misses>2862001</misses>
				<total>3</total>
				<timestamp>943.516125</timestamp>
			</report>
			<report>
				<misses>2863001</misses>
				<total>3</total>
				<timestamp>943.845807</timestamp>
			</report>
			<report>
				<misses>2864001</misses>
				<total>3</total>
				<timestamp>944.175457</timestamp>
			</report>
			<report>
				<misses>2865001</misses>
				<total>3</total>
				<timestamp>944.505137</timestamp>
			</report>
			<report>
				<misses>2866001</misses>
				<total>3</total>
				<timestamp>944.834828</timestamp>
			</report>
			<report>
				<misses>2867001</misses>
				<total>3</total>
				<timestamp>945.164468</timestamp>
			</report>
			<report>
				<misses>2868001</misses>
				<total>3</total>
				<timestamp>945.494165</timestamp>
			</report>
			<report>
				<misses>2869001</misses>
				<total>3</total>
				<timestamp>945.823813</timestamp>
			</report>
			<report>
				<misses>2870001</misses>
				<total>3</total>
				<timestamp>946.153569</timestamp>
			</report>
			<report>
				<misses>2871001</misses>
				<total>3</total>
				<timestamp>946.483177</timestamp>
			</report>
			<report>
				<misses>2872001</misses>
				<total>3</total>
				<timestamp>946.812839</timestamp>
			</report>
			<report>
				<misses>2873001</misses>
				<total>3</total>
				<timestamp>947.142504</timestamp>
			</report>
			<report>
				<misses>2874001</misses>
				<total>3</total>
				<timestamp>947.472169</timestamp>
			</report>
			<report>
				<misses>2875001</misses>
				<total>3</total>
				<timestamp>947.801849</timestamp>
			</report>
			<report>
				<misses>2876001</misses>
				<total>3</total>
				<timestamp>948.131520</timestamp>
			</report>
			<report>
				<misses>2877001</misses>
				<total>3</total>
				<timestamp>948.461183</timestamp>
			</report>
			<report>
				<misses>2878001</misses>
				<total>3</total>
				<timestamp>948.790866</timestamp>
			</report>
			<report>
				<misses>2879001</misses>
				<total>3</total>
				<timestamp>949.120518</timestamp>
			</report>
			<report>
				<misses>2880001</misses>
				<total>3</total>
				<timestamp>949.450205</timestamp>
			</report>
			<report>
				<misses>2881001</misses>
				<total>3</total>
				<timestamp>949.779890</timestamp>
			</report>
			<report>
				<misses>2882001</misses>
				<total>3</total>
				<timestamp>950.109593</timestamp>
			</report>
			<report>
				<misses>2883001</misses>
				<total>3</total>
				<timestamp>950.439198</timestamp>
			</report>
			<report>
				<misses>2884001</misses>
				<total>3</total>
				<timestamp>950.768889</timestamp>
			</report>
			<report>
				<misses>2885001</misses>
				<total>3</total>
				<timestamp>951.098543</timestamp>
			</report>
			<report>
				<misses>2886001</misses>
				<total>3</total>
				<timestamp>951.428207</timestamp>
			</report>
			<report>
				<misses>2887001</misses>
				<total>3</total>
				<timestamp>951.757877</timestamp>
			</report>
			<report>
				<misses>2888001</misses>
				<total>3</total>
				<timestamp>952.087563</timestamp>
			</report>
			<report>
				<misses>2889001</misses>
				<total>3</total>
				<timestamp>952.417225</timestamp>
			</report>
			<report>
				<misses>2890001</misses>
				<total>3</total>
				<timestamp>952.746936</timestamp>
			</report>
			<report>
				<misses>2891001</misses>
				<total>3</total>
				<timestamp>953.076605</timestamp>
			</report>
			<report>
				<misses>2892001</misses>
				<total>3</total>
				<timestamp>953.406237</timestamp>
			</report>
			<report>
				<misses>2893001</misses>
				<total>3</total>
				<timestamp>953.735982</timestamp>
			</report>
			<report>
				<misses>2894001</misses>
				<total>3</total>
				<timestamp>954.065645</timestamp>
			</report>
			<report>
				<misses>2895001</misses>
				<total>3</total>
				<timestamp>954.395242</timestamp>
			</report>
			<report>
				<misses>2896001</misses>
				<total>3</total>
				<timestamp>954.724952</timestamp>
			</report>
			<report>
				<misses>2897001</misses>
				<total>3</total>
				<timestamp>955.054643</timestamp>
			</report>
			<report>
				<misses>2898001</misses>
				<total>3</total>
				<timestamp>955.384267</timestamp>
			</report>
			<report>
				<misses>2899001</misses>
				<total>3</total>
				<timestamp>955.713961</timestamp>
			</report>
			<report>
				<misses>2900001</misses>
				<total>3</total>
				<timestamp>956.043607</timestamp>
			</report>
			<report>
				<misses>2901001</misses>
				<total>3</total>
				<timestamp>956.373278</timestamp>
			</report>
			<report>
				<misses>2902001</misses>
				<total>3</total>
				<timestamp>956.702923</timestamp>
			</report>
			<report>
				<misses>2903001</misses>
				<total>3</total>
				<timestamp>957.032595</timestamp>
			</report>
			<report>
				<misses>2904001</misses>
				<total>3</total>
				<timestamp>957.362282</timestamp>
			</report>
			<report>
				<misses>2905001</misses>
				<total>3</total>
				<timestamp>957.691953</timestamp>
			</report>
			<report>
				<misses>2906001</misses>
				<total>3</total>
				<timestamp>958.021606</timestamp>
			</report>
			<report>
				<misses>2907001</misses>
				<total>3</total>
				<timestamp>958.351283</timestamp>
			</report>
			<report>
				<misses>2908001</misses>
				<total>3</total>
				<timestamp>958.680988</timestamp>
			</report>
			<report>
				<misses>2909001</misses>
				<total>3</total>
				<timestamp>959.010676</timestamp>
			</report>
			<report>
				<misses>2910001</misses>
				<total>3</total>
				<timestamp>959.340309</timestamp>
			</report>
			<report>
				<misses>2911001</misses>
				<total>3</total>
				<timestamp>959.669982</timestamp>
			</report>
			<report>
				<misses>2912001</misses>
				<total>3</total>
				<timestamp>959.999681</timestamp>
			</report>
			<report>
				<misses>2913001</misses>
				<total>3</total>
				<timestamp>960.329297</timestamp>
			</report>
			<report>
				<misses>2914001</misses>
				<total>3</total>
				<timestamp>960.658987</timestamp>
			</report>
			<report>
				<misses>2915001</misses>
				<total>3</total>
				<timestamp>960.988691</timestamp>
			</report>
			<report>
				<misses>2916001</misses>
				<total>3</total>
				<timestamp>961.318320</timestamp>
			</report>
			<report>
				<misses>2917001</misses>
				<total>3</total>
				<timestamp>961.648019</timestamp>
			</report>
			<report>
				<misses>2918001</misses>
				<total>3</total>
				<timestamp>961.977644</timestamp>
			</report>
			<report>
				<misses>2919001</misses>
				<total>3</total>
				<timestamp>962.307316</timestamp>
			</report>
			<report>
				<misses>2920001</misses>
				<total>3</total>
				<timestamp>962.637005</timestamp>
			</report>
			<report>
				<misses>2921001</misses>
				<total>3</total>
				<timestamp>962.966672</timestamp>
			</report>
			<report>
				<misses>2922001</misses>
				<total>3</total>
				<timestamp>963.296332</timestamp>
			</report>
			<report>
				<misses>2923001</misses>
				<total>3</total>
				<timestamp>963.625996</timestamp>
			</report>
			<report>
				<misses>2924001</misses>
				<total>3</total>
				<timestamp>963.955675</timestamp>
			</report>
			<report>
				<misses>2925001</misses>
				<total>3</total>
				<timestamp>964.285349</timestamp>
			</report>
			<report>
				<misses>2926001</misses>
				<total>3</total>
				<timestamp>964.614997</timestamp>
			</report>
			<report>
				<misses>2927001</misses>
				<total>3</total>
				<timestamp>964.944668</timestamp>
			</report>
			<report>
				<misses>2928001</misses>
				<total>3</total>
				<timestamp>965.274349</timestamp>
			</report>
			<report>
				<misses>2929001</misses>
				<total>3</total>
				<timestamp>965.604007</timestamp>
			</report>
			<report>
				<misses>2930001</misses>
				<total>3</total>
				<timestamp>965.933674</timestamp>
			</report>
			<report>
				<misses>2931001</misses>
				<total>3</total>
				<timestamp>966.263368</timestamp>
			</report>
			<report>
				<misses>2932001</misses>
				<total>3</total>
				<timestamp>966.593022</timestamp>
			</report>
			<report>
				<misses>2933001</misses>
				<total>3</total>
				<timestamp>966.922705</timestamp>
			</report>
			<report>
				<misses>2934001</misses>
				<total>3</total>
				<timestamp>967.252389</timestamp>
			</report>
			<report>
				<misses>2935001</misses>
				<total>3</total>
				<timestamp>967.582048</timestamp>
			</report>
			<report>
				<misses>2936001</misses>
				<total>3</total>
				<timestamp>967.911700</timestamp>
			</report>
			<report>
				<misses>2937001</misses>
				<total>3</total>
				<timestamp>968.241395</timestamp>
			</report>
			<report>
				<misses>2938001</misses>
				<total>3</total>
				<timestamp>968.571062</timestamp>
			</report>
			<report>
				<misses>2939001</misses>
				<total>3</total>
				<timestamp>968.900725</timestamp>
			</report>
			<report>
				<misses>2940001</misses>
				<total>3</total>
				<timestamp>969.230388</timestamp>
			</report>
			<report>
				<misses>2941001</misses>
				<total>3</total>
				<timestamp>969.560075</timestamp>
			</report>
			<report>
				<misses>2942001</misses>
				<total>3</total>
				<timestamp>969.889798</timestamp>
			</report>
			<report>
				<misses>2943001</misses>
				<total>3</total>
				<timestamp>970.219390</timestamp>
			</report>
			<report>
				<misses>2944001</misses>
				<total>3</total>
				<timestamp>970.549071</timestamp>
			</report>
			<report>
				<misses>2945001</misses>
				<total>3</total>
				<timestamp>970.878752</timestamp>
			</report>
			<report>
				<misses>2946001</misses>
				<total>3</total>
				<timestamp>971.208481</timestamp>
			</report>
			<report>
				<misses>2947001</misses>
				<total>3</total>
				<timestamp>971.538083</timestamp>
			</report>
			<report>
				<misses>2948001</misses>
				<total>3</total>
				<timestamp>971.867812</timestamp>
			</report>
			<report>
				<misses>2949001</misses>
				<total>3</total>
				<timestamp>972.197459</timestamp>
			</report>
			<report>
				<misses>2950001</misses>
				<total>3</total>
				<timestamp>972.527101</timestamp>
			</report>
			<report>
				<misses>2951001</misses>
				<total>3</total>
				<timestamp>972.856786</timestamp>
			</report>
			<report>
				<misses>2952001</misses>
				<total>3</total>
				<timestamp>973.186426</timestamp>
			</report>
			<report>
				<misses>2953001</misses>
				<total>3</total>
				<timestamp>973.516111</timestamp>
			</report>
			<report>
				<misses>2954001</misses>
				<total>3</total>
				<timestamp>973.845786</timestamp>
			</report>
			<report>
				<misses>2955001</misses>
				<total>3</total>
				<timestamp>974.175504</timestamp>
			</report>
			<report>
				<misses>2956001</misses>
				<total>3</total>
				<timestamp>974.505162</timestamp>
			</report>
			<report>
				<misses>2957001</misses>
				<total>3</total>
				<timestamp>974.834860</timestamp>
			</report>
			<report>
				<misses>2958001</misses>
				<total>3</total>
				<timestamp>975.164502</timestamp>
			</report>
			<report>
				<misses>2959001</misses>
				<total>4</total>
				<timestamp>975.494123</timestamp>
			</report>
			<report>
				<misses>2960001</misses>
				<total>4</total>
				<timestamp>975.823793</timestamp>
			</report>
			<report>
				<misses>2961001</misses>
				<total>4</total>
				<timestamp>976.153450</timestamp>
			</report>
			<report>
				<misses>2962001</misses>
				<total>4</total>
				<timestamp>976.483149</timestamp>
			</report>
			<report>
				<misses>2963001</misses>
				<total>4</total>
				<timestamp>976.812825</timestamp>
			</report>
			<report>
				<misses>2964001</misses>
				<total>4</total>
				<timestamp>977.142518</timestamp>
			</report>
			<report>
				<misses>2965001</misses>
				<total>4</total>
				<timestamp>977.472153</timestamp>
			</report>
			<report>
				<misses>2966001</misses>
				<total>4</total>
				<timestamp>977.801824</timestamp>
			</report>
			<report>
				<misses>2967001</misses>
				<total>4</total>
				<timestamp>978.131531</timestamp>
			</report>
			<report>
				<misses>2968001</misses>
				<total>4</total>
				<timestamp>978.461170</timestamp>
			</report>
			<report>
				<misses>2969001</misses>
				<total>4</total>
				<timestamp>978.790879</timestamp>
			</report>
			<report>
				<misses>2970001</misses>
				<total>4</total>
				<timestamp>979.120550</timestamp>
			</report>
			<report>
				<misses>2971001</misses>
				<total>4</total>
				<timestamp>979.450166</timestamp>
			</report>
			<report>
				<misses>2972001</misses>
				<total>4</total>
				<timestamp>979.779833</timestamp>
			</report>
			<report>
				<misses>2973001</misses>
				<total>4</total>
				<timestamp>980.109587</timestamp>
			</report>
			<report>
				<misses>2974001</misses>
				<total>4</total>
				<timestamp>980.439185</timestamp>
			</report>
			<report>
				<misses>2975001</misses>
				<total>4</total>
				<timestamp>980.768860</timestamp>
			</report>
			<report>
				<misses>2976001</misses>
				<total>4</total>
				<timestamp>981.098557</timestamp>
			</report>
			<report>
				<misses>2977001</misses>
				<total>4</total>
				<timestamp>981.428171</timestamp>
			</report>
			<report>
				<misses>2978001</misses>
				<total>4</total>
				<timestamp>981.757898</timestamp>
			</report>
			<report>
				<misses>2979001</misses>
				<total>4</total>
				<timestamp>982.087570</timestamp>
			</report>
			<report>
				<misses>2980001</misses>
				<total>4</total>
				<timestamp>982.417192</timestamp>
			</report>
			<report>
				<misses>2981001</misses>
				<total>4</total>
				<timestamp>982.746877</timestamp>
			</report>
			<report>
				<misses>2982001</misses>
				<total>4</total>
				<timestamp>983.076582</timestamp>
			</report>
			<report>
				<misses>2983001</misses>
				<total>4</total>
				<timestamp>983.406211</timestamp>
			</report>
			<report>
				<misses>2984001</misses>
				<total>4</total>
				<timestamp>983.735885</timestamp>
			</report>
			<report>
				<misses>2985001</misses>
				<total>4</total>
				<timestamp>984.065589</timestamp>
			</report>
			<report>
				<misses>2986001</misses>
				<total>4</total>
				<timestamp>984.395224</timestamp>
			</report>
			<report>
				<misses>2987001</misses>
				<total>4</total>
				<timestamp>984.724884</timestamp>
			</report>
			<report>
				<misses>2988001</misses>
				<total>4</total>
				<timestamp>985.054581</timestamp>
			</report>
			<report>
				<misses>2989001</misses>
				<total>4</total>
				<timestamp>985.384248</timestamp>
			</report>
			<report>
				<misses>2990001</misses>
				<total>4</total>
				<timestamp>985.713881</timestamp>
			</report>
			<report>
				<misses>2991001</misses>
				<total>4</total>
				<timestamp>986.043563</timestamp>
			</report>
			<report>
				<misses>2992001</misses>
				<total>4</total>
				<timestamp>986.373249</timestamp>
			</report>
			<report>
				<misses>2993001</misses>
				<total>4</total>
				<timestamp>986.702899</timestamp>
			</report>
			<report>
				<misses>2994001</misses>
				<total>4</total>
				<timestamp>987.032585</timestamp>
			</report>
			<report>
				<misses>2995001</misses>
				<total>4</total>
				<timestamp>987.362232</timestamp>
			</report>
			<report>
				<misses>2996001</misses>
				<total>4</total>
				<timestamp>987.691916</timestamp>
			</report>
			<report>
				<misses>2997001</misses>
				<total>4</total>
				<timestamp>988.021584</timestamp>
			</report>
			<report>
				<misses>2998001</misses>
				<total>4</total>
				<timestamp>988.351240</timestamp>
			</report>
			<report>
				<misses>2999001</misses>
				<total>4</total>
				<timestamp>988.680912</timestamp>
			</report>
			<report>
				<misses>3000001</misses>
				<total>4</total>
				<timestamp>989.010657</timestamp>
			</report>
			<report>
				<misses>3001001</misses>
				<total>4</total>
				<timestamp>989.340249</timestamp>
			</report>
			<report>
				<misses>3002001</misses>
				<total>4</total>
				<timestamp>989.669919</timestamp>
			</report>
			<report>
				<misses>3003001</misses>
				<total>4</total>
				<timestamp>989.999677</timestamp>
			</report>
			<report>
				<misses>3004001</misses>
				<total>4</total>
				<timestamp>990.329263</timestamp>
			</report>
			<report>
				<misses>3005001</misses>
				<total>4</total>
				<timestamp>990.658938</timestamp>
			</report>
			<report>
				<misses>3006001</misses>
				<total>4</total>
				<timestamp>990.988660</timestamp>
			</report>
			<report>
				<misses>3007001</misses>
				<total>4</total>
				<timestamp>991.318266</timestamp>
			</report>
			<report>
				<misses>3008001</misses>
				<total>4</total>
				<timestamp>991.647962</timestamp>
			</report>
			<report>
				<misses>3009001</misses>
				<total>4</total>
				<timestamp>991.977704</timestamp>
			</report>
			<report>
				<misses>3010001</misses>
				<total>4</total>
				<timestamp>992.307287</timestamp>
			</report>
			<report>
				<misses>3011001</misses>
				<total>4</total>
				<timestamp>992.636952</timestamp>
			</report>
			<report>
				<misses>3012001</misses>
				<total>4</total>
				<timestamp>992.966662</timestamp>
			</report>
			<report>
				<misses>3013001</misses>
				<total>4</total>
				<timestamp>993.296291</timestamp>
			</report>
			<report>
				<misses>3014001</misses>
				<total>4</total>
				<timestamp>993.625968</timestamp>
			</report>
			<report>
				<misses>3015001</misses>
				<total>4</total>
				<timestamp>993.955677</timestamp>
			</report>
			<report>
				<misses>3016001</misses>
				<total>4</total>
				<timestamp>994.285309</timestamp>
			</report>
			<report>
				<misses>3017001</misses>
				<total>4</total>
				<timestamp>994.614974</timestamp>
			</report>
			<report>
				<misses>3018001</misses>
				<total>4</total>
				<timestamp>994.944664</timestamp>
			</report>
			<report>
				<misses>3019001</misses>
				<total>4</total>
				<timestamp>995.274317</timestamp>
			</report>
			<report>
				<misses>3020001</misses>
				<total>4</total>
				<timestamp>995.604016</timestamp>
			</report>
			<report>
				<misses>3021001</misses>
				<total>4</total>
				<timestamp>995.933762</timestamp>
			</report>
			<report>
				<misses>3022001</misses>
				<total>4</total>
				<timestamp>996.263362</timestamp>
			</report>
			<report>
				<misses>3023001</misses>
				<total>4</total>
				<timestamp>996.593001</timestamp>
			</report>
			<report>
				<misses>3024001</misses>
				<total>4</total>
				<timestamp>996.922688</timestamp>
			</report>
			<report>
				<misses>3025001</misses>
				<total>4</total>
				<timestamp>997.252391</timestamp>
			</report>
			<report>
				<misses>3026001</misses>
				<total>4</total>
				<timestamp>997.582000</timestamp>
			</report>
			<report>
				<misses>3027001</misses>
				<total>4</total>
				<timestamp>997.911697</timestamp>
			</report>
			<report>
				<misses>3028001</misses>
				<total>4</total>
				<timestamp>998.241355</timestamp>
			</report>
			<report>
				<misses>3029001</misses>
				<total>4</total>
				<timestamp>998.571023</timestamp>
			</report>
			<report>
				<misses>3030001</misses>
				<total>4</total>
				<timestamp>998.900688</timestamp>
			</report>
			<report>
				<misses>3031001</misses>
				<total>4</total>
				<timestamp>999.230401</timestamp>
			</report>
			<report>
				<misses>3032001</misses>
				<total>4</total>
				<timestamp>999.560036</timestamp>
			</report>
			<report>
				<misses>3033001</misses>
				<total>4</total>
				<timestamp>999.889709</timestamp>
			</report>
			<report>
				<misses>3034001</misses>
				<total>4</total>
				<timestamp>1000.219407</timestamp>
			</report>
			<report>
				<misses>3035001</misses>
				<total>4</total>
				<timestamp>1000.549032</timestamp>
			</report>
			<report>
				<misses>3036001</misses>
				<total>4</total>
				<timestamp>1000.878737</timestamp>
			</report>
			<report>
				<misses>3037001</misses>
				<total>4</total>
				<timestamp>1001.208448</timestamp>
			</report>
			<report>
				<misses>3038001</misses>
				<total>4</total>
				<timestamp>1001.538057</timestamp>
			</report>
			<report>
				<misses>3039001</misses>
				<total>4</total>
				<timestamp>1001.867762</timestamp>
			</report>
			<report>
				<misses>3040001</misses>
				<total>4</total>
				<timestamp>1002.197455</timestamp>
			</report>
			<report>
				<misses>3041001</misses>
				<total>4</total>
				<timestamp>1002.527054</timestamp>
			</report>
			<report>
				<misses>3042001</misses>
				<total>4</total>
				<timestamp>1002.856735</timestamp>
			</report>
			<report>
				<misses>3043001</misses>
				<total>4</total>
				<timestamp>1003.186425</timestamp>
			</report>
			<report>
				<misses>3044001</misses>
				<total>4</total>
				<timestamp>1003.516077</timestamp>
			</report>
			<report>
				<misses>3045001</misses>
				<total>4</total>
				<timestamp>1003.845739</timestamp>
			</report>
			<report>
				<misses>3046001</misses>
				<total>4</total>
				<timestamp>1004.175518</timestamp>
			</report>
			<report>
				<misses>3047001</misses>
				<total>4</total>
				<timestamp>1004.505071</timestamp>
			</report>
			<report>
				<misses>3048001</misses>
				<total>4</total>
				<timestamp>1004.834804</timestamp>
			</report>
			<report>
				<misses>3049001</misses>
				<total>4</total>
				<timestamp>1005.164407</timestamp>
			</report>
			<report>
				<misses>3050001</misses>
				<total>4</total>
				<timestamp>1005.494087</timestamp>
			</report>
			<report>
				<misses>3051001</misses>
				<total>4</total>
				<timestamp>1005.823765</timestamp>
			</report>
			<report>
				<misses>3052001</misses>
				<total>4</total>
				<timestamp>1006.153447</timestamp>
			</report>
			<report>
				<misses>3053001</misses>
				<total>4</total>
				<timestamp>1006.483096</timestamp>
			</report>
			<report>
				<misses>3054001</misses>
				<total>4</total>
				<timestamp>1006.812765</timestamp>
			</report>
			<report>
				<misses>3055001</misses>
				<total>6</total>
				<timestamp>1007.142523</timestamp>
			</report>
			<report>
				<misses>3056001</misses>
				<total>6</total>
				<timestamp>1007.472115</timestamp>
			</report>
			<report>
				<misses>3057001</misses>
				<total>6</total>
				<timestamp>1007.801798</timestamp>
			</report>
			<report>
				<misses>3058001</misses>
				<total>6</total>
				<timestamp>1008.131450</timestamp>
			</report>
			<report>
				<misses>3059001</misses>
				<total>6</total>
				<timestamp>1008.461136</timestamp>
			</report>
			<report>
				<misses>3060001</misses>
				<total>6</total>
				<timestamp>1008.790778</timestamp>
			</report>
			<report>
				<misses>3061001</misses>
				<total>6</total>
				<timestamp>1009.120493</timestamp>
			</report>
			<report>
				<misses>3062001</misses>
				<total>6</total>
				<timestamp>1009.450120</timestamp>
			</report>
			<report>
				<misses>3063001</misses>
				<total>6</total>
				<timestamp>1009.779802</timestamp>
			</report>
			<report>
				<misses>3064001</misses>
				<total>6</total>
				<timestamp>1010.109509</timestamp>
			</report>
			<report>
				<misses>3065001</misses>
				<total>6</total>
				<timestamp>1010.439134</timestamp>
			</report>
			<report>
				<misses>3066001</misses>
				<total>6</total>
				<timestamp>1010.768806</timestamp>
			</report>
			<report>
				<misses>3067001</misses>
				<total>6</total>
				<timestamp>1011.098530</timestamp>
			</report>
			<report>
				<misses>3068001</misses>
				<total>6</total>
				<timestamp>1011.428162</timestamp>
			</report>
			<report>
				<misses>3069001</misses>
				<total>6</total>
				<timestamp>1011.757832</timestamp>
			</report>
			<report>
				<misses>3070001</misses>
				<total>6</total>
				<timestamp>1012.087574</timestamp>
			</report>
			<report>
				<misses>3071001</misses>
				<total>6</total>
				<timestamp>1012.417167</timestamp>
			</report>
			<report>
				<misses>3072001</misses>
				<total>6</total>
				<timestamp>1012.746824</timestamp>
			</report>
			<report>
				<misses>3073001</misses>
				<total>6</total>
				<timestamp>1013.076530</timestamp>
			</report>
			<report>
				<misses>3074001</misses>
				<total>6</total>
				<timestamp>1013.406180</timestamp>
			</report>
			<report>
				<misses>3075001</misses>
				<total>6</total>
				<timestamp>1013.735829</timestamp>
			</report>
			<report>
				<misses>3076001</misses>
				<total>6</total>
				<timestamp>1014.065578</timestamp>
			</report>
			<report>
				<misses>3077001</misses>
				<total>6</total>
				<timestamp>1014.395183</timestamp>
			</report>
			<report>
				<misses>3078001</misses>
				<total>6</total>
				<timestamp>1014.724916</timestamp>
			</report>
			<report>
				<misses>3079001</misses>
				<total>6</total>
				<timestamp>1015.054517</timestamp>
			</report>
			<report>
				<misses>3080001</misses>
				<total>6</total>
				<timestamp>1015.384187</timestamp>
			</report>
			<report>
				<misses>3081001</misses>
				<total>6</total>
				<timestamp>1015.713893</timestamp>
			</report>
			<report>
				<misses>3082001</misses>
				<total>6</total>
				<timestamp>1016.043576</timestamp>
			</report>
			<report>
				<misses>3083001</misses>
				<total>6</total>
				<timestamp>1016.373270</timestamp>
			</report>
			<report>
				<misses>3084001</misses>
				<total>6</total>
				<timestamp>1016.702867</timestamp>
			</report>
			<report>
				<misses>3085001</misses>
				<total>6</total>
				<timestamp>1017.032565</timestamp>
			</report>
			<report>
				<misses>3086001</misses>
				<total>6</total>
				<timestamp>1017.362206</timestamp>
			</report>
			<report>
				<misses>3087001</misses>
				<total>6</total>
				<timestamp>1017.691888</timestamp>
			</report>
			<report>
				<misses>3088001</misses>
				<total>6</total>
				<timestamp>1018.021569</timestamp>
			</report>
			<report>
				<misses>3089001</misses>
				<total>6</total>
				<timestamp>1018.351220</timestamp>
			</report>
			<report>
				<misses>3090001</misses>
				<total>6</total>
				<timestamp>1018.680902</timestamp>
			</report>
			<report>
				<misses>3091001</misses>
				<total>6</total>
				<timestamp>1019.010575</timestamp>
			</report>
			<report>
				<misses>3092001</misses>
				<total>6</total>
				<timestamp>1019.340303</timestamp>
			</report>
			<report>
				<misses>3093001</misses>
				<total>6</total>
				<timestamp>1019.669905</timestamp>
			</report>
			<report>
				<misses>3094001</misses>
				<total>6</total>
				<timestamp>1019.999567</timestamp>
			</report>
			<report>
				<misses>3095001</misses>
				<total>6</total>
				<timestamp>1020.329258</timestamp>
			</report>
			<report>
				<misses>3096001</misses>
				<total>6</total>
				<timestamp>1020.658917</timestamp>
			</report>
			<report>
				<misses>3097001</misses>
				<total>6</total>
				<timestamp>1020.988617</timestamp>
			</report>
			<report>
				<misses>3098001</misses>
				<total>6</total>
				<timestamp>1021.318299</timestamp>
			</report>
			<report>
				<misses>3099001</misses>
				<total>6</total>
				<timestamp>1021.647919</timestamp>
			</report>
			<report>
				<misses>3100001</misses>
				<total>6</total>
				<timestamp>1021.977637</timestamp>
			</report>
			<report>
				<misses>3101001</misses>
				<total>6</total>
				<timestamp>1022.307297</timestamp>
			</report>
			<report>
				<misses>3102001</misses>
				<total>6</total>
				<timestamp>1022.636938</timestamp>
			</report>
			<report>
				<misses>3103001</misses>
				<total>6</total>
				<timestamp>1022.966617</timestamp>
			</report>
			<report>
				<misses>3104001</misses>
				<total>6</total>
				<timestamp>1023.296305</timestamp>
			</report>
			<report>
				<misses>3105001</misses>
				<total>6</total>
				<timestamp>1023.625925</timestamp>
			</report>
			<report>
				<misses>3106001</misses>
				<total>6</total>
				<timestamp>1023.955606</timestamp>
			</report>
			<report>
				<misses>3107001</misses>
				<total>6</total>
				<timestamp>1024.285294</timestamp>
			</report>
			<report>
				<misses>3108001</misses>
				<total>6</total>
				<timestamp>1024.614956</timestamp>
			</report>
			<report>
				<misses>3109001</misses>
				<total>6</total>
				<timestamp>1024.944627</timestamp>
			</report>
			<report>
				<misses>3110001</misses>
				<total>6</total>
				<timestamp>1025.274337</timestamp>
			</report>
			<report>
				<misses>3111001</misses>
				<total>6</total>
				<timestamp>1025.603962</timestamp>
			</report>
			<report>
				<misses>3112001</misses>
				<total>6</total>
				<timestamp>1025.933687</timestamp>
			</report>
			<report>
				<misses>3113001</misses>
				<total>6</total>
				<timestamp>1026.263357</timestamp>
			</report>
			<report>
				<misses>3114001</misses>
				<total>6</total>
				<timestamp>1026.592984</timestamp>
			</report>
			<report>
				<misses>3115001</misses>
				<total>6</total>
				<timestamp>1026.922633</timestamp>
			</report>
			<report>
				<misses>3116001</misses>
				<total>6</total>
				<timestamp>1027.252359</timestamp>
			</report>
			<report>
				<misses>3117001</misses>
				<total>6</total>
				<timestamp>1027.581995</timestamp>
			</report>
			<report>
				<misses>3118001</misses>
				<total>6</total>
				<timestamp>1027.911641</timestamp>
			</report>
			<report>
				<misses>3119001</misses>
				<total>6</total>
				<timestamp>1028.241358</timestamp>
			</report>
			<report>
				<misses>3120001</misses>
				<total>6</total>
				<timestamp>1028.570995</timestamp>
			</report>
			<report>
				<misses>3121001</misses>
				<total>6</total>
				<timestamp>1028.900642</timestamp>
			</report>
			<report>
				<misses>3122001</misses>
				<total>6</total>
				<timestamp>1029.230366</timestamp>
			</report>
			<report>
				<misses>3123001</misses>
				<total>6</total>
				<timestamp>1029.560029</timestamp>
			</report>
			<report>
				<misses>3124001</misses>
				<total>6</total>
				<timestamp>1029.889674</timestamp>
			</report>
			<report>
				<misses>3125001</misses>
				<total>6</total>
				<timestamp>1030.219352</timestamp>
			</report>
			<report>
				<misses>3126001</misses>
				<total>6</total>
				<timestamp>1030.549102</timestamp>
			</report>
			<report>
				<misses>3127001</misses>
				<total>6</total>
				<timestamp>1030.878669</timestamp>
			</report>
			<report>
				<misses>3128001</misses>
				<total>6</total>
				<timestamp>1031.208357</timestamp>
			</report>
			<report>
				<misses>3129001</misses>
				<total>6</total>
				<timestamp>1031.538032</timestamp>
			</report>
			<report>
				<misses>3130001</misses>
				<total>6</total>
				<timestamp>1031.867683</timestamp>
			</report>
			<report>
				<misses>3131001</misses>
				<total>6</total>
				<timestamp>1032.197430</timestamp>
			</report>
			<report>
				<misses>3132001</misses>
				<total>6</total>
				<timestamp>1032.527033</timestamp>
			</report>
			<report>
				<misses>3133001</misses>
				<total>6</total>
				<timestamp>1032.856699</timestamp>
			</report>
			<report>
				<misses>3134001</misses>
				<total>6</total>
				<timestamp>1033.186404</timestamp>
			</report>
			<report>
				<misses>3135001</misses>
				<total>6</total>
				<timestamp>1033.516044</timestamp>
			</report>
			<report>
				<misses>3136001</misses>
				<total>6</total>
				<timestamp>1033.845713</timestamp>
			</report>
			<report>
				<misses>3137001</misses>
				<total>6</total>
				<timestamp>1034.175397</timestamp>
			</report>
			<report>
				<misses>3138001</misses>
				<total>6</total>
				<timestamp>1034.505040</timestamp>
			</report>
			<report>
				<misses>3139001</misses>
				<total>6</total>
				<timestamp>1034.834711</timestamp>
			</report>
			<report>
				<misses>3140001</misses>
				<total>6</total>
				<timestamp>1035.164412</timestamp>
			</report>
			<report>
				<misses>3141001</misses>
				<total>6</total>
				<timestamp>1035.494068</timestamp>
			</report>
			<report>
				<misses>3142001</misses>
				<total>6</total>
				<timestamp>1035.823718</timestamp>
			</report>
			<report>
				<misses>3143001</misses>
				<total>6</total>
				<timestamp>1036.153434</timestamp>
			</report>
			<report>
				<misses>3144001</misses>
				<total>6</total>
				<timestamp>1036.483064</timestamp>
			</report>
			<report>
				<misses>3145001</misses>
				<total>6</total>
				<timestamp>1036.812768</timestamp>
			</report>
			<report>
				<misses>3146001</misses>
				<total>6</total>
				<timestamp>1037.142413</timestamp>
			</report>
			<report>
				<misses>3147001</misses>
				<total>6</total>
				<timestamp>1037.472088</timestamp>
			</report>
			<report>
				<misses>3148001</misses>
				<total>6</total>
				<timestamp>1037.801802</timestamp>
			</report>
			<report>
				<misses>3149001</misses>
				<total>6</total>
				<timestamp>1038.131434</timestamp>
			</report>
			<report>
				<misses>3150001</misses>
				<total>6</total>
				<timestamp>1038.461095</timestamp>
			</report>
			<report>
				<misses>3151001</misses>
				<total>6</total>
				<timestamp>1038.790755</timestamp>
			</report>
			<report>
				<misses>3152001</misses>
				<total>6</total>
				<timestamp>1039.120501</timestamp>
			</report>
			<report>
				<misses>3153001</misses>
				<total>6</total>
				<timestamp>1039.450107</timestamp>
			</report>
			<report>
				<misses>3154001</misses>
				<total>6</total>
				<timestamp>1039.779760</timestamp>
			</report>
			<report>
				<misses>3155001</misses>
				<total>6</total>
				<timestamp>1040.109470</timestamp>
			</report>
			<report>
				<misses>3156001</misses>
				<total>6</total>
				<timestamp>1040.439100</timestamp>
			</report>
			<report>
				<misses>3157001</misses>
				<total>6</total>
				<timestamp>1040.768823</timestamp>
			</report>
			<report>
				<misses>3158001</misses>
				<total>6</total>
				<timestamp>1041.098492</timestamp>
			</report>
			<report>
				<misses>3159001</misses>
				<total>6</total>
				<timestamp>1041.428161</timestamp>
			</report>
			<report>
				<misses>3160001</misses>
				<total>6</total>
				<timestamp>1041.757778</timestamp>
			</report>
			<report>
				<misses>3161001</misses>
				<total>6</total>
				<timestamp>1042.087449</timestamp>
			</report>
			<report>
				<misses>3162001</misses>
				<total>6</total>
				<timestamp>1042.417216</timestamp>
			</report>
			<report>
				<misses>3163001</misses>
				<total>6</total>
				<timestamp>1042.746813</timestamp>
			</report>
			<report>
				<misses>3164001</misses>
				<total>6</total>
				<timestamp>1043.076490</timestamp>
			</report>
			<report>
				<misses>3165001</misses>
				<total>6</total>
				<timestamp>1043.406178</timestamp>
			</report>
			<report>
				<misses>3166001</misses>
				<total>6</total>
				<timestamp>1043.735791</timestamp>
			</report>
			<report>
				<misses>3167001</misses>
				<total>6</total>
				<timestamp>1044.065481</timestamp>
			</report>
			<report>
				<misses>3168001</misses>
				<total>6</total>
				<timestamp>1044.395147</timestamp>
			</report>
			<report>
				<misses>3169001</misses>
				<total>6</total>
				<timestamp>1044.724830</timestamp>
			</report>
			<report>
				<misses>3170001</misses>
				<total>6</total>
				<timestamp>1045.054483</timestamp>
			</report>
			<report>
				<misses>3171001</misses>
				<total>6</total>
				<timestamp>1045.384179</timestamp>
			</report>
			<report>
				<misses>3172001</misses>
				<total>6</total>
				<timestamp>1045.713831</timestamp>
			</report>
			<report>
				<misses>3173001</misses>
				<total>6</total>
				<timestamp>1046.043512</timestamp>
			</report>
			<report>
				<misses>3174001</misses>
				<total>6</total>
				<timestamp>1046.373231</timestamp>
			</report>
			<report>
				<misses>3175001</misses>
				<total>6</total>
				<timestamp>1046.702834</timestamp>
			</report>
			<report>
				<misses>3176001</misses>
				<total>6</total>
				<timestamp>1047.032519</timestamp>
			</report>
			<report>
				<misses>3177001</misses>
				<total>6</total>
				<timestamp>1047.362185</timestamp>
			</report>
			<report>
				<misses>3178001</misses>
				<total>6</total>
				<timestamp>1047.691849</timestamp>
			</report>
			<report>
				<misses>3179001</misses>
				<total>6</total>
				<timestamp>1048.021519</timestamp>
			</report>
			<report>
				<misses>3180001</misses>
				<total>6</total>
				<timestamp>1048.351196</timestamp>
			</report>
			<report>
				<misses>3181001</misses>
				<total>6</total>
				<timestamp>1048.680867</timestamp>
			</report>
			<report>
				<misses>3182001</misses>
				<total>6</total>
				<timestamp>1049.010524</timestamp>
			</report>
			<report>
				<misses>3183001</misses>
				<total>6</total>
				<timestamp>1049.340271</timestamp>
			</report>
			<report>
				<misses>3184001</misses>
				<total>6</total>
				<timestamp>1049.669868</timestamp>
			</report>
			<report>
				<misses>3185001</misses>
				<total>6</total>
				<timestamp>1049.999541</timestamp>
			</report>
			<report>
				<misses>3186001</misses>
				<total>6</total>
				<timestamp>1050.329273</timestamp>
			</report>
			<report>
				<misses>3187001</misses>
				<total>6</total>
				<timestamp>1050.658890</timestamp>
			</report>
			<report>
				<misses>3188001</misses>
				<total>6</total>
				<timestamp>1050.988574</timestamp>
			</report>
			<report>
				<misses>3189001</misses>
				<total>6</total>
				<timestamp>1051.318249</timestamp>
			</report>
			<report>
				<misses>3190001</misses>
				<total>6</total>
				<timestamp>1051.647907</timestamp>
			</report>
			<report>
				<misses>3191001</misses>
				<total>6</total>
				<timestamp>1051.977596</timestamp>
			</report>
			<report>
				<misses>3192001</misses>
				<total>6</total>
				<timestamp>1052.307256</timestamp>
			</report>
			<report>
				<misses>3193001</misses>
				<total>6</total>
				<timestamp>1052.636905</timestamp>
			</report>
			<report>
				<misses>3194001</misses>
				<total>6</total>
				<timestamp>1052.966567</timestamp>
			</report>
			<report>
				<misses>3195001</misses>
				<total>6</total>
				<timestamp>1053.296316</timestamp>
			</report>
			<report>
				<misses>3196001</misses>
				<total>6</total>
				<timestamp>1053.625909</timestamp>
			</report>
			<report>
				<misses>3197001</misses>
				<total>6</total>
				<timestamp>1053.955567</timestamp>
			</report>
			<report>
				<misses>3198001</misses>
				<total>6</total>
				<timestamp>1054.285340</timestamp>
			</report>
			<report>
				<misses>3199001</misses>
				<total>6</total>
				<timestamp>1054.614929</timestamp>
			</report>
			<report>
				<misses>3200001</misses>
				<total>6</total>
				<timestamp>1054.944593</timestamp>
			</report>
			<report>
				<misses>3201001</misses>
				<total>6</total>
				<timestamp>1055.274277</timestamp>
			</report>
			<report>
				<misses>3202001</misses>
				<total>6</total>
				<timestamp>1055.603925</timestamp>
			</report>
			<report>
				<misses>3203001</misses>
				<total>6</total>
				<timestamp>1055.933600</timestamp>
			</report>
			<report>
				<misses>3204001</misses>
				<total>6</total>
				<timestamp>1056.263339</timestamp>
			</report>
			<report>
				<misses>3205001</misses>
				<total>6</total>
				<timestamp>1056.592925</timestamp>
			</report>
			<report>
				<misses>3206001</misses>
				<total>6</total>
				<timestamp>1056.922599</timestamp>
			</report>
			<report>
				<misses>3207001</misses>
				<total>6</total>
				<timestamp>1057.252297</timestamp>
			</report>
			<report>
				<misses>3208001</misses>
				<total>6</total>
				<timestamp>1057.581941</timestamp>
			</report>
			<report>
				<misses>3209001</misses>
				<total>6</total>
				<timestamp>1057.911614</timestamp>
			</report>
			<report>
				<misses>3210001</misses>
				<total>6</total>
				<timestamp>1058.241305</timestamp>
			</report>
			<report>
				<misses>3211001</misses>
				<total>6</total>
				<timestamp>1058.570966</timestamp>
			</report>
			<report>
				<misses>3212001</misses>
				<total>6</total>
				<timestamp>1058.900622</timestamp>
			</report>
			<report>
				<misses>3213001</misses>
				<total>6</total>
				<timestamp>1059.230373</timestamp>
			</report>
			<report>
				<misses>3214001</misses>
				<total>6</total>
				<timestamp>1059.559966</timestamp>
			</report>
			<report>
				<misses>3215001</misses>
				<total>6</total>
				<timestamp>1059.889653</timestamp>
			</report>
			<report>
				<misses>3216001</misses>
				<total>6</total>
				<timestamp>1060.219317</timestamp>
			</report>
			<report>
				<misses>3217001</misses>
				<total>6</total>
				<timestamp>1060.548989</timestamp>
			</report>
			<report>
				<misses>3218001</misses>
				<total>6</total>
				<timestamp>1060.878645</timestamp>
			</report>
			<report>
				<misses>3219001</misses>
				<total>6</total>
				<timestamp>1061.208344</timestamp>
			</report>
			<report>
				<misses>3220001</misses>
				<total>6</total>
				<timestamp>1061.537986</timestamp>
			</report>
			<report>
				<misses>3221001</misses>
				<total>6</total>
				<timestamp>1061.867659</timestamp>
			</report>
			<report>
				<misses>3222001</misses>
				<total>6</total>
				<timestamp>1062.197365</timestamp>
			</report>
			<report>
				<misses>3223001</misses>
				<total>6</total>
				<timestamp>1062.526996</timestamp>
			</report>
			<report>
				<misses>3224001</misses>
				<total>6</total>
				<timestamp>1062.856673</timestamp>
			</report>
			<report>
				<misses>3225001</misses>
				<total>6</total>
				<timestamp>1063.186364</timestamp>
			</report>
			<report>
				<misses>3226001</misses>
				<total>6</total>
				<timestamp>1063.516033</timestamp>
			</report>
			<report>
				<misses>3227001</misses>
				<total>6</total>
				<timestamp>1063.845681</timestamp>
			</report>
			<report>
				<misses>3228001</misses>
				<total>6</total>
				<timestamp>1064.175341</timestamp>
			</report>
			<report>
				<misses>3229001</misses>
				<total>6</total>
				<timestamp>1064.505012</timestamp>
			</report>
			<report>
				<misses>3230001</misses>
				<total>6</total>
				<timestamp>1064.834682</timestamp>
			</report>
			<report>
				<misses>3231001</misses>
				<total>6</total>
				<timestamp>1065.164362</timestamp>
			</report>
			<report>
				<misses>3232001</misses>
				<total>6</total>
				<timestamp>1065.494061</timestamp>
			</report>
			<report>
				<misses>3233001</misses>
				<total>6</total>
				<timestamp>1065.823713</timestamp>
			</report>
			<report>
				<misses>3234001</misses>
				<total>6</total>
				<timestamp>1066.153392</timestamp>
			</report>
			<report>
				<misses>3235001</misses>
				<total>6</total>
				<timestamp>1066.483109</timestamp>
			</report>
			<report>
				<misses>3236001</misses>
				<total>6</total>
				<timestamp>1066.812736</timestamp>
			</report>
			<report>
				<misses>3237001</misses>
				<total>6</total>
				<timestamp>1067.142390</timestamp>
			</report>
			<report>
				<misses>3238001</misses>
				<total>6</total>
				<timestamp>1067.472088</timestamp>
			</report>
			<report>
				<misses>3239001</misses>
				<total>6</total>
				<timestamp>1067.801706</timestamp>
			</report>
			<report>
				<misses>3240001</misses>
				<total>6</total>
				<timestamp>1068.131393</timestamp>
			</report>
			<report>
				<misses>3241001</misses>
				<total>6</total>
				<timestamp>1068.461100</timestamp>
			</report>
			<report>
				<misses>3242001</misses>
				<total>6</total>
				<timestamp>1068.790732</timestamp>
			</report>
			<report>
				<misses>3243001</misses>
				<total>6</total>
				<timestamp>1069.120423</timestamp>
			</report>
			<report>
				<misses>3244001</misses>
				<total>6</total>
				<timestamp>1069.450135</timestamp>
			</report>
			<report>
				<misses>3245001</misses>
				<total>6</total>
				<timestamp>1069.779729</timestamp>
			</report>
			<report>
				<misses>3246001</misses>
				<total>6</total>
				<timestamp>1070.109428</timestamp>
			</report>
			<report>
				<misses>3247001</misses>
				<total>6</total>
				<timestamp>1070.439136</timestamp>
			</report>
			<report>
				<misses>3248001</misses>
				<total>6</total>
				<timestamp>1070.768753</timestamp>
			</report>
			<report>
				<misses>3249001</misses>
				<total>6</total>
				<timestamp>1071.098417</timestamp>
			</report>
			<report>
				<misses>3250001</misses>
				<total>6</total>
				<timestamp>1071.428153</timestamp>
			</report>
			<report>
				<misses>3251001</misses>
				<total>6</total>
				<timestamp>1071.757769</timestamp>
			</report>
			<report>
				<misses>3252001</misses>
				<total>6</total>
				<timestamp>1072.087423</timestamp>
			</report>
			<report>
				<misses>3253001</misses>
				<total>6</total>
				<timestamp>1072.417168</timestamp>
			</report>
			<report>
				<misses>3254001</misses>
				<total>6</total>
				<timestamp>1072.746758</timestamp>
			</report>
			<report>
				<misses>3255001</misses>
				<total>6</total>
				<timestamp>1073.076431</timestamp>
			</report>
			<report>
				<misses>3256001</misses>
				<total>6</total>
				<timestamp>1073.406141</timestamp>
			</report>
			<report>
				<misses>3257001</misses>
				<total>6</total>
				<timestamp>1073.735768</timestamp>
			</report>
			<report>
				<misses>3258001</misses>
				<total>6</total>
				<timestamp>1074.065449</timestamp>
			</report>
			<report>
				<misses>3259001</misses>
				<total>6</total>
				<timestamp>1074.395171</timestamp>
			</report>
			<report>
				<misses>3260001</misses>
				<total>6</total>
				<timestamp>1074.724792</timestamp>
			</report>
			<report>
				<misses>3261001</misses>
				<total>6</total>
				<timestamp>1075.054439</timestamp>
			</report>
			<report>
				<misses>3262001</misses>
				<total>6</total>
				<timestamp>1075.384173</timestamp>
			</report>
			<report>
				<misses>3263001</misses>
				<total>6</total>
				<timestamp>1075.713793</timestamp>
			</report>
			<report>
				<misses>3264001</misses>
				<total>6</total>
				<timestamp>1076.043474</timestamp>
			</report>
			<report>
				<misses>3265001</misses>
				<total>6</total>
				<timestamp>1076.373159</timestamp>
			</report>
			<report>
				<misses>3266001</misses>
				<total>6</total>
				<timestamp>1076.702798</timestamp>
			</report>
			<report>
				<misses>3267001</misses>
				<total>6</total>
				<timestamp>1077.032478</timestamp>
			</report>
			<report>
				<misses>3268001</misses>
				<total>6</total>
				<timestamp>1077.362180</timestamp>
			</report>
			<report>
				<misses>3269001</misses>
				<total>6</total>
				<timestamp>1077.691820</timestamp>
			</report>
			<report>
				<misses>3270001</misses>
				<total>6</total>
				<timestamp>1078.021498</timestamp>
			</report>
			<report>
				<misses>3271001</misses>
				<total>6</total>
				<timestamp>1078.351229</timestamp>
			</report>
			<report>
				<misses>3272001</misses>
				<total>6</total>
				<timestamp>1078.680832</timestamp>
			</report>
			<report>
				<misses>3273001</misses>
				<total>6</total>
				<timestamp>1079.010497</timestamp>
			</report>
			<report>
				<misses>3274001</misses>
				<total>6</total>
				<timestamp>1079.340183</timestamp>
			</report>
			<report>
				<misses>3275001</misses>
				<total>6</total>
				<timestamp>1079.669830</timestamp>
			</report>
			<report>
				<misses>3276001</misses>
				<total>6</total>
				<timestamp>1079.999501</timestamp>
			</report>
			<report>
				<misses>3277001</misses>
				<total>6</total>
				<timestamp>1080.329232</timestamp>
			</report>
			<report>
				<misses>3278001</misses>
				<total>6</total>
				<timestamp>1080.658868</timestamp>
			</report>
			<report>
				<misses>3279001</misses>
				<total>6</total>
				<timestamp>1080.988523</timestamp>
			</report>
			<report>
				<misses>3280001</misses>
				<total>6</total>
				<timestamp>1081.318198</timestamp>
			</report>
			<report>
				<misses>3281001</misses>
				<total>6</total>
				<timestamp>1081.647877</timestamp>
			</report>
			<report>
				<misses>3282001</misses>
				<total>6</total>
				<timestamp>1081.977531</timestamp>
			</report>
			<report>
				<misses>3283001</misses>
				<total>6</total>
				<timestamp>1082.307363</timestamp>
			</report>
			<report>
				<misses>3284001</misses>
				<total>6</total>
				<timestamp>1082.636864</timestamp>
			</report>
			<report>
				<misses>3285001</misses>
				<total>6</total>
				<timestamp>1082.966544</timestamp>
			</report>
			<report>
				<misses>3286001</misses>
				<total>6</total>
				<timestamp>1083.296317</timestamp>
			</report>
			<report>
				<misses>3287001</misses>
				<total>6</total>
				<timestamp>1083.625877</timestamp>
			</report>
			<report>
				<misses>3288001</misses>
				<total>6</total>
				<timestamp>1083.955549</timestamp>
			</report>
			<report>
				<misses>3289001</misses>
				<total>6</total>
				<timestamp>1084.285233</timestamp>
			</report>
			<report>
				<misses>3290001</misses>
				<total>6</total>
				<timestamp>1084.614968</timestamp>
			</report>
			<report>
				<misses>3291001</misses>
				<total>6</total>
				<timestamp>1084.944555</timestamp>
			</report>
			<report>
				<misses>3292001</misses>
				<total>6</total>
				<timestamp>1085.274239</timestamp>
			</report>
			<report>
				<misses>3293001</misses>
				<total>6</total>
				<timestamp>1085.603905</timestamp>
			</report>
			<report>
				<misses>3294001</misses>
				<total>6</total>
				<timestamp>1085.933564</timestamp>
			</report>
			<report>
				<misses>3295001</misses>
				<total>6</total>
				<timestamp>1086.263263</timestamp>
			</report>
			<report>
				<misses>3296001</misses>
				<total>6</total>
				<timestamp>1086.592975</timestamp>
			</report>
			<report>
				<misses>3297001</misses>
				<total>6</total>
				<timestamp>1086.922576</timestamp>
			</report>
			<report>
				<misses>3298001</misses>
				<total>6</total>
				<timestamp>1087.252256</timestamp>
			</report>
			<report>
				<misses>3299001</misses>
				<total>6</total>
				<timestamp>1087.581910</timestamp>
			</report>
			<report>
				<misses>3300001</misses>
				<total>6</total>
				<timestamp>1087.911589</timestamp>
			</report>
			<report>
				<misses>3301001</misses>
				<total>6</total>
				<timestamp>1088.241271</timestamp>
			</report>
			<report>
				<misses>3302001</misses>
				<total>6</total>
				<timestamp>1088.570960</timestamp>
			</report>
			<report>
				<misses>3303001</misses>
				<total>6</total>
				<timestamp>1088.900591</timestamp>
			</report>
			<report>
				<misses>3304001</misses>
				<total>6</total>
				<timestamp>1089.230264</timestamp>
			</report>
			<report>
				<misses>3305001</misses>
				<total>6</total>
				<timestamp>1089.559995</timestamp>
			</report>
			<report>
				<misses>3306001</misses>
				<total>6</total>
				<timestamp>1089.889599</timestamp>
			</report>
			<report>
				<misses>3307001</misses>
				<total>6</total>
				<timestamp>1090.219272</timestamp>
			</report>
			<report>
				<misses>3308001</misses>
				<total>6</total>
				<timestamp>1090.548957</timestamp>
			</report>
			<report>
				<misses>3309001</misses>
				<total>6</total>
				<timestamp>1090.878606</timestamp>
			</report>
			<report>
				<misses>3310001</misses>
				<total>6</total>
				<timestamp>1091.208303</timestamp>
			</report>
			<report>
				<misses>3311001</misses>
				<total>6</total>
				<timestamp>1091.538003</timestamp>
			</report>
			<report>
				<misses>3312001</misses>
				<total>6</total>
				<timestamp>1091.867637</timestamp>
			</report>
			<report>
				<misses>3313001</misses>
				<total>6</total>
				<timestamp>1092.197291</timestamp>
			</report>
			<report>
				<misses>3314001</misses>
				<total>6</total>
				<timestamp>1092.527010</timestamp>
			</report>
			<report>
				<misses>3315001</misses>
				<total>6</total>
				<timestamp>1092.856644</timestamp>
			</report>
			<report>
				<misses>3316001</misses>
				<total>6</total>
				<timestamp>1093.186328</timestamp>
			</report>
			<report>
				<misses>3317001</misses>
				<total>6</total>
				<timestamp>1093.515989</timestamp>
			</report>
			<report>
				<misses>3318001</misses>
				<total>6</total>
				<timestamp>1093.845639</timestamp>
			</report>
			<report>
				<misses>3319001</misses>
				<total>6</total>
				<timestamp>1094.175318</timestamp>
			</report>
			<report>
				<misses>3320001</misses>
				<total>6</total>
				<timestamp>1094.505094</timestamp>
			</report>
			<report>
				<misses>3321001</misses>
				<total>6</total>
				<timestamp>1094.834685</timestamp>
			</report>
			<report>
				<misses>3322001</misses>
				<total>6</total>
				<timestamp>1095.164328</timestamp>
			</report>
			<report>
				<misses>3323001</misses>
				<total>6</total>
				<timestamp>1095.494115</timestamp>
			</report>
			<report>
				<misses>3324001</misses>
				<total>6</total>
				<timestamp>1095.823689</timestamp>
			</report>
			<report>
				<misses>3325001</misses>
				<total>6</total>
				<timestamp>1096.153355</timestamp>
			</report>
			<report>
				<misses>3326001</misses>
				<total>6</total>
				<timestamp>1096.483039</timestamp>
			</report>
			<report>
				<misses>3327001</misses>
				<total>6</total>
				<timestamp>1096.812665</timestamp>
			</report>
			<report>
				<misses>3328001</misses>
				<total>6</total>
				<timestamp>1097.142345</timestamp>
			</report>
			<report>
				<misses>3329001</misses>
				<total>6</total>
				<timestamp>1097.472035</timestamp>
			</report>
			<report>
				<misses>3330001</misses>
				<total>6</total>
				<timestamp>1097.801674</timestamp>
			</report>
			<report>
				<misses>3331001</misses>
				<total>6</total>
				<timestamp>1098.131350</timestamp>
			</report>
			<report>
				<misses>3332001</misses>
				<total>6</total>
				<timestamp>1098.461128</timestamp>
			</report>
			<report>
				<misses>3333001</misses>
				<total>6</total>
				<timestamp>1098.790702</timestamp>
			</report>
			<report>
				<misses>3334001</misses>
				<total>6</total>
				<timestamp>1099.120378</timestamp>
			</report>
			<report>
				<misses>3335001</misses>
				<total>6</total>
				<timestamp>1099.450050</timestamp>
			</report>
			<report>
				<misses>3336001</misses>
				<total>6</total>
				<timestamp>1099.779705</timestamp>
			</report>
			<report>
				<misses>3337001</misses>
				<total>6</total>
				<timestamp>1100.109384</timestamp>
			</report>
			<report>
				<misses>3338001</misses>
				<total>6</total>
				<timestamp>1100.439074</timestamp>
			</report>
			<report>
				<misses>3339001</misses>
				<total>6</total>
				<timestamp>1100.768720</timestamp>
			</report>
			<report>
				<misses>3340001</misses>
				<total>6</total>
				<timestamp>1101.098412</timestamp>
			</report>
			<report>
				<misses>3341001</misses>
				<total>6</total>
				<timestamp>1101.428153</timestamp>
			</report>
			<report>
				<misses>3342001</misses>
				<total>6</total>
				<timestamp>1101.757727</timestamp>
			</report>
			<report>
				<misses>3343001</misses>
				<total>6</total>
				<timestamp>1102.087404</timestamp>
			</report>
			<report>
				<misses>3344001</misses>
				<total>6</total>
				<timestamp>1102.417110</timestamp>
			</report>
			<report>
				<misses>3345001</misses>
				<total>6</total>
				<timestamp>1102.746751</timestamp>
			</report>
			<report>
				<misses>3346001</misses>
				<total>6</total>
				<timestamp>1103.076429</timestamp>
			</report>
			<report>
				<misses>3347001</misses>
				<total>6</total>
				<timestamp>1103.406122</timestamp>
			</report>
			<report>
				<misses>3348001</misses>
				<total>6</total>
				<timestamp>1103.735786</timestamp>
			</report>
			<report>
				<misses>3349001</misses>
				<total>6</total>
				<timestamp>1104.065426</timestamp>
			</report>
			<report>
				<misses>3350001</misses>
				<total>6</total>
				<timestamp>1104.395142</timestamp>
			</report>
			<report>
				<misses>3351001</misses>
				<total>6</total>
				<timestamp>1104.724765</timestamp>
			</report>
			<report>
				<misses>3352001</misses>
				<total>6</total>
				<timestamp>1105.054444</timestamp>
			</report>
			<report>
				<misses>3353001</misses>
				<total>6</total>
				<timestamp>1105.384109</timestamp>
			</report>
			<report>
				<misses>3354001</misses>
				<total>6</total>
				<timestamp>1105.713772</timestamp>
			</report>
			<report>
				<misses>3355001</misses>
				<total>6</total>
				<timestamp>1106.043441</timestamp>
			</report>
			<report>
				<misses>3356001</misses>
				<total>6</total>
				<timestamp>1106.373116</timestamp>
			</report>
			<report>
				<misses>3357001</misses>
				<total>6</total>
				<timestamp>1106.702787</timestamp>
			</report>
			<report>
				<misses>3358001</misses>
				<total>6</total>
				<timestamp>1107.032450</timestamp>
			</report>
			<report>
				<misses>3359001</misses>
				<total>6</total>
				<timestamp>1107.362137</timestamp>
			</report>
			<report>
				<misses>3360001</misses>
				<total>6</total>
				<timestamp>1107.691790</timestamp>
			</report>
			<report>
				<misses>3361001</misses>
				<total>6</total>
				<timestamp>1108.021508</timestamp>
			</report>
			<report>
				<misses>3362001</misses>
				<total>6</total>
				<timestamp>1108.351130</timestamp>
			</report>
			<report>
				<misses>3363001</misses>
				<total>6</total>
				<timestamp>1108.680812</timestamp>
			</report>
			<report>
				<misses>3364001</misses>
				<total>6</total>
				<timestamp>1109.010501</timestamp>
			</report>
			<report>
				<misses>3365001</misses>
				<total>6</total>
				<timestamp>1109.340204</timestamp>
			</report>
			<report>
				<misses>3366001</misses>
				<total>6</total>
				<timestamp>1109.669880</timestamp>
			</report>
			<report>
				<misses>3367001</misses>
				<total>6</total>
				<timestamp>1109.999483</timestamp>
			</report>
			<report>
				<misses>3368001</misses>
				<total>6</total>
				<timestamp>1110.329149</timestamp>
			</report>
			<report>
				<misses>3369001</misses>
				<total>6</total>
				<timestamp>1110.658876</timestamp>
			</report>
			<report>
				<misses>3370001</misses>
				<total>6</total>
				<timestamp>1110.988497</timestamp>
			</report>
			<report>
				<misses>3371001</misses>
				<total>6</total>
				<timestamp>1111.318157</timestamp>
			</report>
			<report>
				<misses>3372001</misses>
				<total>6</total>
				<timestamp>1111.647831</timestamp>
			</report>
			<report>
				<misses>3373001</misses>
				<total>6</total>
				<timestamp>1111.977505</timestamp>
			</report>
			<report>
				<misses>3374001</misses>
				<total>6</total>
				<timestamp>1112.307163</timestamp>
			</report>
			<report>
				<misses>3375001</misses>
				<total>6</total>
				<timestamp>1112.636895</timestamp>
			</report>
			<report>
				<misses>3376001</misses>
				<total>6</total>
				<timestamp>1112.966500</timestamp>
			</report>
			<report>
				<misses>3377001</misses>
				<total>6</total>
				<timestamp>1113.296242</timestamp>
			</report>
			<report>
				<misses>3378001</misses>
				<total>6</total>
				<timestamp>1113.625934</timestamp>
			</report>
			<report>
				<misses>3379001</misses>
				<total>6</total>
				<timestamp>1113.955512</timestamp>
			</report>
			<report>
				<misses>3380001</misses>
				<total>6</total>
				<timestamp>1114.285177</timestamp>
			</report>
			<report>
				<misses>3381001</misses>
				<total>6</total>
				<timestamp>1114.614970</timestamp>
			</report>
			<report>
				<misses>3382001</misses>
				<total>6</total>
				<timestamp>1114.944538</timestamp>
			</report>
			<report>
				<misses>3383001</misses>
				<total>6</total>
				<timestamp>1115.274227</timestamp>
			</report>
			<report>
				<misses>3384001</misses>
				<total>6</total>
				<timestamp>1115.603912</timestamp>
			</report>
			<report>
				<misses>3385001</misses>
				<total>6</total>
				<timestamp>1115.933544</timestamp>
			</report>
			<report>
				<misses>3386001</misses>
				<total>6</total>
				<timestamp>1116.263209</timestamp>
			</report>
			<report>
				<misses>3387001</misses>
				<total>6</total>
				<timestamp>1116.593009</timestamp>
			</report>
			<report>
				<misses>3388001</misses>
				<total>6</total>
				<timestamp>1116.922560</timestamp>
			</report>
			<report>
				<misses>3389001</misses>
				<total>6</total>
				<timestamp>1117.252227</timestamp>
			</report>
			<report>
				<misses>3390001</misses>
				<total>6</total>
				<timestamp>1117.581946</timestamp>
			</report>
			<report>
				<misses>3391001</misses>
				<total>6</total>
				<timestamp>1117.911563</timestamp>
			</report>
			<report>
				<misses>3392001</misses>
				<total>6</total>
				<timestamp>1118.241236</timestamp>
			</report>
			<report>
				<misses>3393001</misses>
				<total>6</total>
				<timestamp>1118.570944</timestamp>
			</report>
			<report>
				<misses>3394001</misses>
				<total>6</total>
				<timestamp>1118.900580</timestamp>
			</report>
			<report>
				<misses>3395001</misses>
				<total>6</total>
				<timestamp>1119.230245</timestamp>
			</report>
			<report>
				<misses>3396001</misses>
				<total>6</total>
				<timestamp>1119.560005</timestamp>
			</report>
			<report>
				<misses>3397001</misses>
				<total>6</total>
				<timestamp>1119.889585</timestamp>
			</report>
			<report>
				<misses>3398001</misses>
				<total>6</total>
				<timestamp>1120.219248</timestamp>
			</report>
			<report>
				<misses>3399001</misses>
				<total>6</total>
				<timestamp>1120.549005</timestamp>
			</report>
			<report>
				<misses>3400001</misses>
				<total>6</total>
				<timestamp>1120.878601</timestamp>
			</report>
			<report>
				<misses>3401001</misses>
				<total>6</total>
				<timestamp>1121.208260</timestamp>
			</report>
			<report>
				<misses>3402001</misses>
				<total>6</total>
				<timestamp>1121.537994</timestamp>
			</report>
			<report>
				<misses>3403001</misses>
				<total>6</total>
				<timestamp>1121.867655</timestamp>
			</report>
			<report>
				<misses>3404001</misses>
				<total>6</total>
				<timestamp>1122.197301</timestamp>
			</report>
			<report>
				<misses>3405001</misses>
				<total>6</total>
				<timestamp>1122.526981</timestamp>
			</report>
			<report>
				<misses>3406001</misses>
				<total>6</total>
				<timestamp>1122.856616</timestamp>
			</report>
			<report>
				<misses>3407001</misses>
				<total>6</total>
				<timestamp>1123.186275</timestamp>
			</report>
			<report>
				<misses>3408001</misses>
				<total>6</total>
				<timestamp>1123.515966</timestamp>
			</report>
			<report>
				<misses>3409001</misses>
				<total>6</total>
				<timestamp>1123.845628</timestamp>
			</report>
			<report>
				<misses>3410001</misses>
				<total>6</total>
				<timestamp>1124.175290</timestamp>
			</report>
			<report>
				<misses>3411001</misses>
				<total>6</total>
				<timestamp>1124.504985</timestamp>
			</report>
			<report>
				<misses>3412001</misses>
				<total>6</total>
				<timestamp>1124.834626</timestamp>
			</report>
			<report>
				<misses>3413001</misses>
				<total>6</total>
				<timestamp>1125.164303</timestamp>
			</report>
			<report>
				<misses>3414001</misses>
				<total>6</total>
				<timestamp>1125.493974</timestamp>
			</report>
			<report>
				<misses>3415001</misses>
				<total>6</total>
				<timestamp>1125.823648</timestamp>
			</report>
			<report>
				<misses>3416001</misses>
				<total>6</total>
				<timestamp>1126.153315</timestamp>
			</report>
			<report>
				<misses>3417001</misses>
				<total>6</total>
				<timestamp>1126.483012</timestamp>
			</report>
			<report>
				<misses>3418001</misses>
				<total>6</total>
				<timestamp>1126.812657</timestamp>
			</report>
			<report>
				<misses>3419001</misses>
				<total>6</total>
				<timestamp>1127.142318</timestamp>
			</report>
			<report>
				<misses>3420001</misses>
				<total>6</total>
				<timestamp>1127.472000</timestamp>
			</report>
			<report>
				<misses>3421001</misses>
				<total>6</total>
				<timestamp>1127.801666</timestamp>
			</report>
			<report>
				<misses>3422001</misses>
				<total>6</total>
				<timestamp>1128.131333</timestamp>
			</report>
			<report>
				<misses>3423001</misses>
				<total>6</total>
				<timestamp>1128.461073</timestamp>
			</report>
			<report>
				<misses>3424001</misses>
				<total>6</total>
				<timestamp>1128.790673</timestamp>
			</report>
			<report>
				<misses>3425001</misses>
				<total>6</total>
				<timestamp>1129.120351</timestamp>
			</report>
			<report>
				<misses>3426001</misses>
				<total>6</total>
				<timestamp>1129.450004</timestamp>
			</report>
			<report>
				<misses>3427001</misses>
				<total>6</total>
				<timestamp>1129.779671</timestamp>
			</report>
			<report>
				<misses>3428001</misses>
				<total>6</total>
				<timestamp>1130.109353</timestamp>
			</report>
			<report>
				<misses>3429001</misses>
				<total>6</total>
				<timestamp>1130.439021</timestamp>
			</report>
			<report>
				<misses>3430001</misses>
				<total>6</total>
				<timestamp>1130.768675</timestamp>
			</report>
			<report>
				<misses>3431001</misses>
				<total>6</total>
				<timestamp>1131.098361</timestamp>
			</report>
			<report>
				<misses>3432001</misses>
				<total>6</total>
				<timestamp>1131.428041</timestamp>
			</report>
			<report>
				<misses>3433001</misses>
				<total>6</total>
				<timestamp>1131.757806</timestamp>
			</report>
			<report>
				<misses>3434001</misses>
				<total>6</total>
				<timestamp>1132.087357</timestamp>
			</report>
			<report>
				<misses>3435001</misses>
				<total>6</total>
				<timestamp>1132.417077</timestamp>
			</report>
			<report>
				<misses>3436001</misses>
				<total>6</total>
				<timestamp>1132.746809</timestamp>
			</report>
			<report>
				<misses>3437001</misses>
				<total>6</total>
				<timestamp>1133.076372</timestamp>
			</report>
			<report>
				<misses>3438001</misses>
				<total>6</total>
				<timestamp>1133.406036</timestamp>
			</report>
			<report>
				<misses>3439001</misses>
				<total>6</total>
				<timestamp>1133.735742</timestamp>
			</report>
			<report>
				<misses>3440001</misses>
				<total>6</total>
				<timestamp>1134.065391</timestamp>
			</report>
			<report>
				<misses>3441001</misses>
				<total>6</total>
				<timestamp>1134.395064</timestamp>
			</report>
			<report>
				<misses>3442001</misses>
				<total>6</total>
				<timestamp>1134.724863</timestamp>
			</report>
			<report>
				<misses>3443001</misses>
				<total>6</total>
				<timestamp>1135.054416</timestamp>
			</report>
			<report>
				<misses>3444001</misses>
				<total>6</total>
				<timestamp>1135.384071</timestamp>
			</report>
			<report>
				<misses>3445001</misses>
				<total>6</total>
				<timestamp>1135.713760</timestamp>
			</report>
			<report>
				<misses>3446001</misses>
				<total>6</total>
				<timestamp>1136.043394</timestamp>
			</report>
			<report>
				<misses>3447001</misses>
				<total>6</total>
				<timestamp>1136.373071</timestamp>
			</report>
			<report>
				<misses>3448001</misses>
				<total>6</total>
				<timestamp>1136.702858</timestamp>
			</report>
			<report>
				<misses>3449001</misses>
				<total>6</total>
				<timestamp>1137.032418</timestamp>
			</report>
			<report>
				<misses>3450001</misses>
				<total>6</total>
				<timestamp>1137.362095</timestamp>
			</report>
			<report>
				<misses>3451001</misses>
				<total>6</total>
				<timestamp>1137.691861</timestamp>
			</report>
			<report>
				<misses>3452001</misses>
				<total>6</total>
				<timestamp>1138.021498</timestamp>
			</report>
			<report>
				<misses>3453001</misses>
				<total>6</total>
				<timestamp>1138.351094</timestamp>
			</report>
			<report>
				<misses>3454001</misses>
				<total>6</total>
				<timestamp>1138.680790</timestamp>
			</report>
			<report>
				<misses>3455001</misses>
				<total>6</total>
				<timestamp>1139.010451</timestamp>
			</report>
			<report>
				<misses>3456001</misses>
				<total>6</total>
				<timestamp>1139.340112</timestamp>
			</report>
			<report>
				<misses>3457001</misses>
				<total>6</total>
				<timestamp>1139.669848</timestamp>
			</report>
			<report>
				<misses>3458001</misses>
				<total>6</total>
				<timestamp>1139.999450</timestamp>
			</report>
			<report>
				<misses>3459001</misses>
				<total>6</total>
				<timestamp>1140.329120</timestamp>
			</report>
			<report>
				<misses>3460001</misses>
				<total>6</total>
				<timestamp>1140.658820</timestamp>
			</report>
			<report>
				<misses>3461001</misses>
				<total>6</total>
				<timestamp>1140.988473</timestamp>
			</report>
			<report>
				<misses>3462001</misses>
				<total>6</total>
				<timestamp>1141.318130</timestamp>
			</report>
			<report>
				<misses>3463001</misses>
				<total>6</total>
				<timestamp>1141.647871</timestamp>
			</report>
			<report>
				<misses>3464001</misses>
				<total>6</total>
				<timestamp>1141.977464</timestamp>
			</report>
			<report>
				<misses>3465001</misses>
				<total>6</total>
				<timestamp>1142.307163</timestamp>
			</report>
			<report>
				<misses>3466001</misses>
				<total>6</total>
				<timestamp>1142.636827</timestamp>
			</report>
			<report>
				<misses>3467001</misses>
				<total>6</total>
				<timestamp>1142.966479</timestamp>
			</report>
			<report>
				<misses>3468001</misses>
				<total>6</total>
				<timestamp>1143.296135</timestamp>
			</report>
			<report>
				<misses>3469001</misses>
				<total>6</total>
				<timestamp>1143.625881</timestamp>
			</report>
			<report>
				<misses>3470001</misses>
				<total>6</total>
				<timestamp>1143.955506</timestamp>
			</report>
			<report>
				<misses>3471001</misses>
				<total>6</total>
				<timestamp>1144.285154</timestamp>
			</report>
			<report>
				<misses>3472001</misses>
				<total>6</total>
				<timestamp>1144.614920</timestamp>
			</report>
			<report>
				<misses>3473001</misses>
				<total>6</total>
				<timestamp>1144.944523</timestamp>
			</report>
			<report>
				<misses>3474001</misses>
				<total>6</total>
				<timestamp>1145.274178</timestamp>
			</report>
			<report>
				<misses>3475001</misses>
				<total>6</total>
				<timestamp>1145.603842</timestamp>
			</report>
			<report>
				<misses>3476001</misses>
				<total>6</total>
				<timestamp>1145.933509</timestamp>
			</report>
			<report>
				<misses>3477001</misses>
				<total>6</total>
				<timestamp>1146.263178</timestamp>
			</report>
			<report>
				<misses>3478001</misses>
				<total>6</total>
				<timestamp>1146.592856</timestamp>
			</report>
			<report>
				<misses>3479001</misses>
				<total>6</total>
				<timestamp>1146.922553</timestamp>
			</report>
			<report>
				<misses>3480001</misses>
				<total>6</total>
				<timestamp>1147.252199</timestamp>
			</report>
			<report>
				<misses>3481001</misses>
				<total>6</total>
				<timestamp>1147.581857</timestamp>
			</report>
			<report>
				<misses>3482001</misses>
				<total>6</total>
				<timestamp>1147.911525</timestamp>
			</report>
			<report>
				<misses>3483001</misses>
				<total>6</total>
				<timestamp>1148.241181</timestamp>
			</report>
			<report>
				<misses>3484001</misses>
				<total>6</total>
				<timestamp>1148.570917</timestamp>
			</report>
			<report>
				<misses>3485001</misses>
				<total>6</total>
				<timestamp>1148.900532</timestamp>
			</report>
			<report>
				<misses>3486001</misses>
				<total>6</total>
				<timestamp>1149.230228</timestamp>
			</report>
			<report>
				<misses>3487001</misses>
				<total>6</total>
				<timestamp>1149.559866</timestamp>
			</report>
			<report>
				<misses>3488001</misses>
				<total>6</total>
				<timestamp>1149.889540</timestamp>
			</report>
			<report>
				<misses>3489001</misses>
				<total>6</total>
				<timestamp>1150.219229</timestamp>
			</report>
			<report>
				<misses>3490001</misses>
				<total>6</total>
				<timestamp>1150.548879</timestamp>
			</report>
			<report>
				<misses>3491001</misses>
				<total>6</total>
				<timestamp>1150.878550</timestamp>
			</report>
			<report>
				<misses>3492001</misses>
				<total>6</total>
				<timestamp>1151.208238</timestamp>
			</report>
			<report>
				<misses>3493001</misses>
				<total>6</total>
				<timestamp>1151.537897</timestamp>
			</report>
			<report>
				<misses>3494001</misses>
				<total>6</total>
				<timestamp>1151.867557</timestamp>
			</report>
			<report>
				<misses>3495001</misses>
				<total>6</total>
				<timestamp>1152.197232</timestamp>
			</report>
			<report>
				<misses>3496001</misses>
				<total>6</total>
				<timestamp>1152.526952</timestamp>
			</report>
			<report>
				<misses>3497001</misses>
				<total>6</total>
				<timestamp>1152.856600</timestamp>
			</report>
			<report>
				<misses>3498001</misses>
				<total>6</total>
				<timestamp>1153.186240</timestamp>
			</report>
			<report>
				<misses>3499001</misses>
				<total>6</total>
				<timestamp>1153.515913</timestamp>
			</report>
			<report>
				<misses>3500001</misses>
				<total>6</total>
				<timestamp>1153.845611</timestamp>
			</report>
			<report>
				<misses>3501001</misses>
				<total>6</total>
				<timestamp>1154.175241</timestamp>
			</report>
			<report>
				<misses>3502001</misses>
				<total>6</total>
				<timestamp>1154.504916</timestamp>
			</report>
			<report>
				<misses>3503001</misses>
				<total>6</total>
				<timestamp>1154.834671</timestamp>
			</report>
			<report>
				<misses>3504001</misses>
				<total>6</total>
				<timestamp>1155.164274</timestamp>
			</report>
			<report>
				<misses>3505001</misses>
				<total>6</total>
				<timestamp>1155.493935</timestamp>
			</report>
			<report>
				<misses>3506001</misses>
				<total>6</total>
				<timestamp>1155.823629</timestamp>
			</report>
			<report>
				<misses>3507001</misses>
				<total>6</total>
				<timestamp>1156.153284</timestamp>
			</report>
			<report>
				<misses>3508001</misses>
				<total>6</total>
				<timestamp>1156.482950</timestamp>
			</report>
			<report>
				<misses>3509001</misses>
				<total>6</total>
				<timestamp>1156.812689</timestamp>
			</report>
			<report>
				<misses>3510001</misses>
				<total>6</total>
				<timestamp>1157.142314</timestamp>
			</report>
			<report>
				<misses>3511001</misses>
				<total>6</total>
				<timestamp>1157.471954</timestamp>
			</report>
			<report>
				<misses>3512001</misses>
				<total>6</total>
				<timestamp>1157.801677</timestamp>
			</report>
			<report>
				<misses>3513001</misses>
				<total>6</total>
				<timestamp>1158.131300</timestamp>
			</report>
			<report>
				<misses>3514001</misses>
				<total>6</total>
				<timestamp>1158.460980</timestamp>
			</report>
			<report>
				<misses>3515001</misses>
				<total>6</total>
				<timestamp>1158.790702</timestamp>
			</report>
			<report>
				<misses>3516001</misses>
				<total>6</total>
				<timestamp>1159.120310</timestamp>
			</report>
			<report>
				<misses>3517001</misses>
				<total>6</total>
				<timestamp>1159.449974</timestamp>
			</report>
			<report>
				<misses>3518001</misses>
				<total>6</total>
				<timestamp>1159.779723</timestamp>
			</report>
			<report>
				<misses>3519001</misses>
				<total>6</total>
				<timestamp>1160.109316</timestamp>
			</report>
			<report>
				<misses>3520001</misses>
				<total>6</total>
				<timestamp>1160.439012</timestamp>
			</report>
			<report>
				<misses>3521001</misses>
				<total>6</total>
				<timestamp>1160.768709</timestamp>
			</report>
			<report>
				<misses>3522001</misses>
				<total>6</total>
				<timestamp>1161.098334</timestamp>
			</report>
			<report>
				<misses>3523001</misses>
				<total>6</total>
				<timestamp>1161.428000</timestamp>
			</report>
			<report>
				<misses>3524001</misses>
				<total>6</total>
				<timestamp>1161.757728</timestamp>
			</report>
			<report>
				<misses>3525001</misses>
				<total>6</total>
				<timestamp>1162.087334</timestamp>
			</report>
			<report>
				<misses>3526001</misses>
				<total>6</total>
				<timestamp>1162.417031</timestamp>
			</report>
			<report>
				<misses>3527001</misses>
				<total>6</total>
				<timestamp>1162.746683</timestamp>
			</report>
			<report>
				<misses>3528001</misses>
				<total>6</total>
				<timestamp>1163.076336</timestamp>
			</report>
			<report>
				<misses>3529001</misses>
				<total>6</total>
				<timestamp>1163.406028</timestamp>
			</report>
			<report>
				<misses>3530001</misses>
				<total>6</total>
				<timestamp>1163.735707</timestamp>
			</report>
			<report>
				<misses>3531001</misses>
				<total>6</total>
				<timestamp>1164.065358</timestamp>
			</report>
			<report>
				<misses>3532001</misses>
				<total>6</total>
				<timestamp>1164.395083</timestamp>
			</report>
			<report>
				<misses>3533001</misses>
				<total>6</total>
				<timestamp>1164.724743</timestamp>
			</report>
			<report>
				<misses>3534001</misses>
				<total>6</total>
				<timestamp>1165.054364</timestamp>
			</report>
			<report>
				<misses>3535001</misses>
				<total>6</total>
				<timestamp>1165.384040</timestamp>
			</report>
			<report>
				<misses>3536001</misses>
				<total>6</total>
				<timestamp>1165.713817</timestamp>
			</report>
			<report>
				<misses>3537001</misses>
				<total>6</total>
				<timestamp>1166.043387</timestamp>
			</report>
			<report>
				<misses>3538001</misses>
				<total>6</total>
				<timestamp>1166.373061</timestamp>
			</report>
			<report>
				<misses>3539001</misses>
				<total>6</total>
				<timestamp>1166.702733</timestamp>
			</report>
			<report>
				<misses>3540001</misses>
				<total>6</total>
				<timestamp>1167.032391</timestamp>
			</report>
			<report>
				<misses>3541001</misses>
				<total>6</total>
				<timestamp>1167.362082</timestamp>
			</report>
			<report>
				<misses>3542001</misses>
				<total>6</total>
				<timestamp>1167.691772</timestamp>
			</report>
			<report>
				<misses>3543001</misses>
				<total>6</total>
				<timestamp>1168.021395</timestamp>
			</report>
			<report>
				<misses>3544001</misses>
				<total>6</total>
				<timestamp>1168.351079</timestamp>
			</report>
			<report>
				<misses>3545001</misses>
				<total>6</total>
				<timestamp>1168.680795</timestamp>
			</report>
			<report>
				<misses>3546001</misses>
				<total>6</total>
				<timestamp>1169.010404</timestamp>
			</report>
			<report>
				<misses>3547001</misses>
				<total>6</total>
				<timestamp>1169.340071</timestamp>
			</report>
			<report>
				<misses>3548001</misses>
				<total>6</total>
				<timestamp>1169.669752</timestamp>
			</report>
			<report>
				<misses>3549001</misses>
				<total>6</total>
				<timestamp>1169.999422</timestamp>
			</report>
			<report>
				<misses>3550001</misses>
				<total>6</total>
				<timestamp>1170.329102</timestamp>
			</report>
			<report>
				<misses>3551001</misses>
				<total>6</total>
				<timestamp>1170.658754</timestamp>
			</report>
			<report>
				<misses>3552001</misses>
				<total>6</total>
				<timestamp>1170.988437</timestamp>
			</report>
			<report>
				<misses>3553001</misses>
				<total>6</total>
				<timestamp>1171.318096</timestamp>
			</report>
			<report>
				<misses>3554001</misses>
				<total>6</total>
				<timestamp>1171.647819</timestamp>
			</report>
			<report>
				<misses>3555001</misses>
				<total>6</total>
				<timestamp>1171.977435</timestamp>
			</report>
			<report>
				<misses>3556001</misses>
				<total>6</total>
				<timestamp>1172.307121</timestamp>
			</report>
			<report>
				<misses>3557001</misses>
				<total>6</total>
				<timestamp>1172.636767</timestamp>
			</report>
			<report>
				<misses>3558001</misses>
				<total>6</total>
				<timestamp>1172.966455</timestamp>
			</report>
			<report>
				<misses>3559001</misses>
				<total>6</total>
				<timestamp>1173.296117</timestamp>
			</report>
			<report>
				<misses>3560001</misses>
				<total>6</total>
				<timestamp>1173.625830</timestamp>
			</report>
			<report>
				<misses>3561001</misses>
				<total>6</total>
				<timestamp>1173.955506</timestamp>
			</report>
			<report>
				<misses>3562001</misses>
				<total>6</total>
				<timestamp>1174.285159</timestamp>
			</report>
			<report>
				<misses>3563001</misses>
				<total>6</total>
				<timestamp>1174.614795</timestamp>
			</report>
			<report>
				<misses>3564001</misses>
				<total>7</total>
				<timestamp>1174.944503</timestamp>
			</report>
			<report>
				<misses>3565001</misses>
				<total>7</total>
				<timestamp>1175.274161</timestamp>
			</report>
			<report>
				<misses>3566001</misses>
				<total>7</total>
				<timestamp>1175.603859</timestamp>
			</report>
			<report>
				<misses>3567001</misses>
				<total>7</total>
				<timestamp>1175.933560</timestamp>
			</report>
			<report>
				<misses>3568001</misses>
				<total>7</total>
				<timestamp>1176.263143</timestamp>
			</report>
			<report>
				<misses>3569001</misses>
				<total>7</total>
				<timestamp>1176.592864</timestamp>
			</report>
			<report>
				<misses>3570001</misses>
				<total>7</total>
				<timestamp>1176.922598</timestamp>
			</report>
			<report>
				<misses>3571001</misses>
				<total>7</total>
				<timestamp>1177.252207</timestamp>
			</report>
			<report>
				<misses>3572001</misses>
				<total>7</total>
				<timestamp>1177.581834</timestamp>
			</report>
			<report>
				<misses>3573001</misses>
				<total>7</total>
				<timestamp>1177.911565</timestamp>
			</report>
			<report>
				<misses>3574001</misses>
				<total>7</total>
				<timestamp>1178.241189</timestamp>
			</report>
			<report>
				<misses>3575001</misses>
				<total>7</total>
				<timestamp>1178.570848</timestamp>
			</report>
			<report>
				<misses>3576001</misses>
				<total>7</total>
				<timestamp>1178.900553</timestamp>
			</report>
			<report>
				<misses>3577001</misses>
				<total>7</total>
				<timestamp>1179.230190</timestamp>
			</report>
			<report>
				<misses>3578001</misses>
				<total>7</total>
				<timestamp>1179.559853</timestamp>
			</report>
			<report>
				<misses>3579001</misses>
				<total>7</total>
				<timestamp>1179.889624</timestamp>
			</report>
			<report>
				<misses>3580001</misses>
				<total>7</total>
				<timestamp>1180.219206</timestamp>
			</report>
			<report>
				<misses>3581001</misses>
				<total>7</total>
				<timestamp>1180.548855</timestamp>
			</report>
			<report>
				<misses>3582001</misses>
				<total>7</total>
				<timestamp>1180.878628</timestamp>
			</report>
			<report>
				<misses>3583001</misses>
				<total>7</total>
				<timestamp>1181.208198</timestamp>
			</report>
			<report>
				<misses>3584001</misses>
				<total>7</total>
				<timestamp>1181.537868</timestamp>
			</report>
			<report>
				<misses>3585001</misses>
				<total>7</total>
				<timestamp>1181.867603</timestamp>
			</report>
			<report>
				<misses>3586001</misses>
				<total>7</total>
				<timestamp>1182.197222</timestamp>
			</report>
			<report>
				<misses>3587001</misses>
				<total>7</total>
				<timestamp>1182.526927</timestamp>
			</report>
			<report>
				<misses>3588001</misses>
				<total>7</total>
				<timestamp>1182.856596</timestamp>
			</report>
			<report>
				<misses>3589001</misses>
				<total>7</total>
				<timestamp>1183.186235</timestamp>
			</report>
			<report>
				<misses>3590001</misses>
				<total>7</total>
				<timestamp>1183.515892</timestamp>
			</report>
			<report>
				<misses>3591001</misses>
				<total>7</total>
				<timestamp>1183.845636</timestamp>
			</report>
			<report>
				<misses>3592001</misses>
				<total>7</total>
				<timestamp>1184.175254</timestamp>
			</report>
			<report>
				<misses>3593001</misses>
				<total>7</total>
				<timestamp>1184.504914</timestamp>
			</report>
			<report>
				<misses>3594001</misses>
				<total>7</total>
				<timestamp>1184.834633</timestamp>
			</report>
			<report>
				<misses>3595001</misses>
				<total>7</total>
				<timestamp>1185.164243</timestamp>
			</report>
			<report>
				<misses>3596001</misses>
				<total>7</total>
				<timestamp>1185.493902</timestamp>
			</report>
			<report>
				<misses>3597001</misses>
				<total>7</total>
				<timestamp>1185.823632</timestamp>
			</report>
			<report>
				<misses>3598001</misses>
				<total>7</total>
				<timestamp>1186.153270</timestamp>
			</report>
			<report>
				<misses>3599001</misses>
				<total>7</total>
				<timestamp>1186.482929</timestamp>
			</report>
			<report>
				<misses>3600001</misses>
				<total>7</total>
				<timestamp>1186.812674</timestamp>
			</report>
			<report>
				<misses>3601001</misses>
				<total>7</total>
				<timestamp>1187.142259</timestamp>
			</report>
			<report>
				<misses>3602001</misses>
				<total>7</total>
				<timestamp>1187.471997</timestamp>
			</report>
			<report>
				<misses>3603001</misses>
				<total>7</total>
				<timestamp>1187.801617</timestamp>
			</report>
			<report>
				<misses>3604001</misses>
				<total>7</total>
				<timestamp>1188.131288</timestamp>
			</report>
			<report>
				<misses>3605001</misses>
				<total>7</total>
				<timestamp>1188.460944</timestamp>
			</report>
			<report>
				<misses>3606001</misses>
				<total>7</total>
				<timestamp>1188.790640</timestamp>
			</report>
			<report>
				<misses>3607001</misses>
				<total>7</total>
				<timestamp>1189.120268</timestamp>
			</report>
			<report>
				<misses>3608001</misses>
				<total>7</total>
				<timestamp>1189.449958</timestamp>
			</report>
			<report>
				<misses>3609001</misses>
				<total>7</total>
				<timestamp>1189.779665</timestamp>
			</report>
			<report>
				<misses>3610001</misses>
				<total>7</total>
				<timestamp>1190.109323</timestamp>
			</report>
			<report>
				<misses>3611001</misses>
				<total>7</total>
				<timestamp>1190.439004</timestamp>
			</report>
			<report>
				<misses>3612001</misses>
				<total>7</total>
				<timestamp>1190.768684</timestamp>
			</report>
			<report>
				<misses>3613001</misses>
				<total>7</total>
				<timestamp>1191.098298</timestamp>
			</report>
			<report>
				<misses>3614001</misses>
				<total>7</total>
				<timestamp>1191.427968</timestamp>
			</report>
			<report>
				<misses>3615001</misses>
				<total>7</total>
				<timestamp>1191.757657</timestamp>
			</report>
			<report>
				<misses>3616001</misses>
				<total>7</total>
				<timestamp>1192.087317</timestamp>
			</report>
			<report>
				<misses>3617001</misses>
				<total>7</total>
				<timestamp>1192.416976</timestamp>
			</report>
			<report>
				<misses>3618001</misses>
				<total>7</total>
				<timestamp>1192.746656</timestamp>
			</report>
			<report>
				<misses>3619001</misses>
				<total>7</total>
				<timestamp>1193.076322</timestamp>
			</report>
			<report>
				<misses>3620001</misses>
				<total>7</total>
				<timestamp>1193.405997</timestamp>
			</report>
			<report>
				<misses>3621001</misses>
				<total>7</total>
				<timestamp>1193.735668</timestamp>
			</report>
			<report>
				<misses>3622001</misses>
				<total>7</total>
				<timestamp>1194.065329</timestamp>
			</report>
			<report>
				<misses>3623001</misses>
				<total>7</total>
				<timestamp>1194.395050</timestamp>
			</report>
			<report>
				<misses>3624001</misses>
				<total>7</total>
				<timestamp>1194.724670</timestamp>
			</report>
			<report>
				<misses>3625001</misses>
				<total>7</total>
				<timestamp>1195.054381</timestamp>
			</report>
			<report>
				<misses>3626001</misses>
				<total>7</total>
				<timestamp>1195.384017</timestamp>
			</report>
			<report>
				<misses>3627001</misses>
				<total>7</total>
				<timestamp>1195.713694</timestamp>
			</report>
			<report>
				<misses>3628001</misses>
				<total>7</total>
				<timestamp>1196.043389</timestamp>
			</report>
			<report>
				<misses>3629001</misses>
				<total>7</total>
				<timestamp>1196.373023</timestamp>
			</report>
			<report>
				<misses>3630001</misses>
				<total>7</total>
				<timestamp>1196.702733</timestamp>
			</report>
			<report>
				<misses>3631001</misses>
				<total>7</total>
				<timestamp>1197.032403</timestamp>
			</report>
			<report>
				<misses>3632001</misses>
				<total>7</total>
				<timestamp>1197.362024</timestamp>
			</report>
			<report>
				<misses>3633001</misses>
				<total>7</total>
				<timestamp>1197.691715</timestamp>
			</report>
			<report>
				<misses>3634001</misses>
				<total>7</total>
				<timestamp>1198.021404</timestamp>
			</report>
			<report>
				<misses>3635001</misses>
				<total>7</total>
				<timestamp>1198.351035</timestamp>
			</report>
			<report>
				<misses>3636001</misses>
				<total>7</total>
				<timestamp>1198.680714</timestamp>
			</report>
			<report>
				<misses>3637001</misses>
				<total>7</total>
				<timestamp>1199.010402</timestamp>
			</report>
			<report>
				<misses>3638001</misses>
				<total>7</total>
				<timestamp>1199.340057</timestamp>
			</report>
			<report>
				<misses>3639001</misses>
				<total>7</total>
				<timestamp>1199.669776</timestamp>
			</report>
			<report>
				<misses>3640001</misses>
				<total>7</total>
				<timestamp>1199.999423</timestamp>
			</report>
			<report>
				<misses>3641001</misses>
				<total>7</total>
				<timestamp>1200.329074</timestamp>
			</report>
			<report>
				<misses>3642001</misses>
				<total>7</total>
				<timestamp>1200.658736</timestamp>
			</report>
			<report>
				<misses>3643001</misses>
				<total>7</total>
				<timestamp>1200.988406</timestamp>
			</report>
			<report>
				<misses>3644001</misses>
				<total>7</total>
				<timestamp>1201.318067</timestamp>
			</report>
			<report>
				<misses>3645001</misses>
				<total>7</total>
				<timestamp>1201.647758</timestamp>
			</report>
			<report>
				<misses>3646001</misses>
				<total>7</total>
				<timestamp>1201.977482</timestamp>
			</report>
			<report>
				<misses>3647001</misses>
				<total>7</total>
				<timestamp>1202.307086</timestamp>
			</report>
			<report>
				<misses>3648001</misses>
				<total>7</total>
				<timestamp>1202.636730</timestamp>
			</report>
			<report>
				<misses>3649001</misses>
				<total>7</total>
				<timestamp>1202.966533</timestamp>
			</report>
			<report>
				<misses>3650001</misses>
				<total>7</total>
				<timestamp>1203.296121</timestamp>
			</report>
			<report>
				<misses>3651001</misses>
				<total>7</total>
				<timestamp>1203.625787</timestamp>
			</report>
			<report>
				<misses>3652001</misses>
				<total>7</total>
				<timestamp>1203.955507</timestamp>
			</report>
			<report>
				<misses>3653001</misses>
				<total>7</total>
				<timestamp>1204.285135</timestamp>
			</report>
			<report>
				<misses>3654001</misses>
				<total>7</total>
				<timestamp>1204.614812</timestamp>
			</report>
			<report>
				<misses>3655001</misses>
				<total>7</total>
				<timestamp>1204.944479</timestamp>
			</report>
			<report>
				<misses>3656001</misses>
				<total>7</total>
				<timestamp>1205.274148</timestamp>
			</report>
			<report>
				<misses>3657001</misses>
				<total>7</total>
				<timestamp>1205.603779</timestamp>
			</report>
			<report>
				<misses>3658001</misses>
				<total>7</total>
				<timestamp>1205.933548</timestamp>
			</report>
			<report>
				<misses>3659001</misses>
				<total>7</total>
				<timestamp>1206.263128</timestamp>
			</report>
			<report>
				<misses>3660001</misses>
				<total>7</total>
				<timestamp>1206.592786</timestamp>
			</report>
			<report>
				<misses>3661001</misses>
				<total>7</total>
				<timestamp>1206.922514</timestamp>
			</report>
			<report>
				<misses>3662001</misses>
				<total>7</total>
				<timestamp>1207.252159</timestamp>
			</report>
			<report>
				<misses>3663001</misses>
				<total>7</total>
				<timestamp>1207.581818</timestamp>
			</report>
			<report>
				<misses>3664001</misses>
				<total>7</total>
				<timestamp>1207.911499</timestamp>
			</report>
			<report>
				<misses>3665001</misses>
				<total>7</total>
				<timestamp>1208.241134</timestamp>
			</report>
			<report>
				<misses>3666001</misses>
				<total>7</total>
				<timestamp>1208.570817</timestamp>
			</report>
			<report>
				<misses>3667001</misses>
				<total>7</total>
				<timestamp>1208.900593</timestamp>
			</report>
			<report>
				<misses>3668001</misses>
				<total>7</total>
				<timestamp>1209.230217</timestamp>
			</report>
			<report>
				<misses>3669001</misses>
				<total>7</total>
				<timestamp>1209.559905</timestamp>
			</report>
			<report>
				<misses>3670001</misses>
				<total>7</total>
				<timestamp>1209.889531</timestamp>
			</report>
			<report>
				<misses>3671001</misses>
				<total>7</total>
				<timestamp>1210.219161</timestamp>
			</report>
			<report>
				<misses>3672001</misses>
				<total>7</total>
				<timestamp>1210.548877</timestamp>
			</report>
			<report>
				<misses>3673001</misses>
				<total>7</total>
				<timestamp>1210.878572</timestamp>
			</report>
			<report>
				<misses>3674001</misses>
				<total>7</total>
				<timestamp>1211.208190</timestamp>
			</report>
			<report>
				<misses>3675001</misses>
				<total>7</total>
				<timestamp>1211.537838</timestamp>
			</report>
			<report>
				<misses>3676001</misses>
				<total>7</total>
				<timestamp>1211.867595</timestamp>
			</report>
			<report>
				<misses>3677001</misses>
				<total>7</total>
				<timestamp>1212.197184</timestamp>
			</report>
			<report>
				<misses>3678001</misses>
				<total>7</total>
				<timestamp>1212.526840</timestamp>
			</report>
			<report>
				<misses>3679001</misses>
				<total>7</total>
				<timestamp>1212.856529</timestamp>
			</report>
			<report>
				<misses>3680001</misses>
				<total>7</total>
				<timestamp>1213.186201</timestamp>
			</report>
			<report>
				<misses>3681001</misses>
				<total>7</total>
				<timestamp>1213.515856</timestamp>
			</report>
			<report>
				<misses>3682001</misses>
				<total>7</total>
				<timestamp>1213.845588</timestamp>
			</report>
			<report>
				<misses>3683001</misses>
				<total>7</total>
				<timestamp>1214.175215</timestamp>
			</report>
			<report>
				<misses>3684001</misses>
				<total>7</total>
				<timestamp>1214.504859</timestamp>
			</report>
			<report>
				<misses>3685001</misses>
				<total>7</total>
				<timestamp>1214.834575</timestamp>
			</report>
			<report>
				<misses>3686001</misses>
				<total>7</total>
				<timestamp>1215.164235</timestamp>
			</report>
			<report>
				<misses>3687001</misses>
				<total>7</total>
				<timestamp>1215.493866</timestamp>
			</report>
			<report>
				<misses>3688001</misses>
				<total>7</total>
				<timestamp>1215.823546</timestamp>
			</report>
			<report>
				<misses>3689001</misses>
				<total>7</total>
				<timestamp>1216.153242</timestamp>
			</report>
			<report>
				<misses>3690001</misses>
				<total>7</total>
				<timestamp>1216.482899</timestamp>
			</report>
			<report>
				<misses>3691001</misses>
				<total>7</total>
				<timestamp>1216.812548</timestamp>
			</report>
			<report>
				<misses>3692001</misses>
				<total>7</total>
				<timestamp>1217.142256</timestamp>
			</report>
			<report>
				<misses>3693001</misses>
				<total>7</total>
				<timestamp>1217.471889</timestamp>
			</report>
			<report>
				<misses>3694001</misses>
				<total>7</total>
				<timestamp>1217.801582</timestamp>
			</report>
			<report>
				<misses>3695001</misses>
				<total>7</total>
				<timestamp>1218.131235</timestamp>
			</report>
			<report>
				<misses>3696001</misses>
				<total>7</total>
				<timestamp>1218.460969</timestamp>
			</report>
			<report>
				<misses>3697001</misses>
				<total>7</total>
				<timestamp>1218.790591</timestamp>
			</report>
			<report>
				<misses>3698001</misses>
				<total>7</total>
				<timestamp>1219.120255</timestamp>
			</report>
			<report>
				<misses>3699001</misses>
				<total>7</total>
				<timestamp>1219.449924</timestamp>
			</report>
			<report>
				<misses>3700001</misses>
				<total>7</total>
				<timestamp>1219.779609</timestamp>
			</report>
			<report>
				<misses>3701001</misses>
				<total>7</total>
				<timestamp>1220.109273</timestamp>
			</report>
			<report>
				<misses>3702001</misses>
				<total>7</total>
				<timestamp>1220.438918</timestamp>
			</report>
			<report>
				<misses>3703001</misses>
				<total>7</total>
				<timestamp>1220.768600</timestamp>
			</report>
			<report>
				<misses>3704001</misses>
				<total>7</total>
				<timestamp>1221.098268</timestamp>
			</report>
			<report>
				<misses>3705001</misses>
				<total>7</total>
				<timestamp>1221.427931</timestamp>
			</report>
			<report>
				<misses>3706001</misses>
				<total>7</total>
				<timestamp>1221.757602</timestamp>
			</report>
			<report>
				<misses>3707001</misses>
				<total>7</total>
				<timestamp>1222.087301</timestamp>
			</report>
			<report>
				<misses>3708001</misses>
				<total>7</total>
				<timestamp>1222.416945</timestamp>
			</report>
			<report>
				<misses>3709001</misses>
				<total>7</total>
				<timestamp>1222.746623</timestamp>
			</report>
			<report>
				<misses>3710001</misses>
				<total>7</total>
				<timestamp>1223.076309</timestamp>
			</report>
			<report>
				<misses>3711001</misses>
				<total>7</total>
				<timestamp>1223.405941</timestamp>
			</report>
			<report>
				<misses>3712001</misses>
				<total>7</total>
				<timestamp>1223.735626</timestamp>
			</report>
			<report>
				<misses>3713001</misses>
				<total>7</total>
				<timestamp>1224.065336</timestamp>
			</report>
			<report>
				<misses>3714001</misses>
				<total>7</total>
				<timestamp>1224.394965</timestamp>
			</report>
			<report>
				<misses>3715001</misses>
				<total>7</total>
				<timestamp>1224.724642</timestamp>
			</report>
			<report>
				<misses>3716001</misses>
				<total>7</total>
				<timestamp>1225.054320</timestamp>
			</report>
			<report>
				<misses>3717001</misses>
				<total>7</total>
				<timestamp>1225.383973</timestamp>
			</report>
			<report>
				<misses>3718001</misses>
				<total>7</total>
				<timestamp>1225.713639</timestamp>
			</report>
			<report>
				<misses>3719001</misses>
				<total>7</total>
				<timestamp>1226.043413</timestamp>
			</report>
			<report>
				<misses>3720001</misses>
				<total>7</total>
				<timestamp>1226.372994</timestamp>
			</report>
			<report>
				<misses>3721001</misses>
				<total>7</total>
				<timestamp>1226.702658</timestamp>
			</report>
			<report>
				<misses>3722001</misses>
				<total>7</total>
				<timestamp>1227.032371</timestamp>
			</report>
			<report>
				<misses>3723001</misses>
				<total>7</total>
				<timestamp>1227.362062</timestamp>
			</report>
			<report>
				<misses>3724001</misses>
				<total>7</total>
				<timestamp>1227.691663</timestamp>
			</report>
			<report>
				<misses>3725001</misses>
				<total>7</total>
				<timestamp>1228.021396</timestamp>
			</report>
			<report>
				<misses>3726001</misses>
				<total>7</total>
				<timestamp>1228.351020</timestamp>
			</report>
			<report>
				<misses>3727001</misses>
				<total>7</total>
				<timestamp>1228.680691</timestamp>
			</report>
			<report>
				<misses>3728001</misses>
				<total>7</total>
				<timestamp>1229.010354</timestamp>
			</report>
			<report>
				<misses>3729001</misses>
				<total>7</total>
				<timestamp>1229.340025</timestamp>
			</report>
			<report>
				<misses>3730001</misses>
				<total>7</total>
				<timestamp>1229.669688</timestamp>
			</report>
			<report>
				<misses>3731001</misses>
				<total>7</total>
				<timestamp>1229.999358</timestamp>
			</report>
			<report>
				<misses>3732001</misses>
				<total>7</total>
				<timestamp>1230.329024</timestamp>
			</report>
			<report>
				<misses>3733001</misses>
				<total>7</total>
				<timestamp>1230.658696</timestamp>
			</report>
			<report>
				<misses>3734001</misses>
				<total>7</total>
				<timestamp>1230.988382</timestamp>
			</report>
			<report>
				<misses>3735001</misses>
				<total>7</total>
				<timestamp>1231.318038</timestamp>
			</report>
			<report>
				<misses>3736001</misses>
				<total>7</total>
				<timestamp>1231.647709</timestamp>
			</report>
			<report>
				<misses>3737001</misses>
				<total>7</total>
				<timestamp>1231.977445</timestamp>
			</report>
			<report>
				<misses>3738001</misses>
				<total>7</total>
				<timestamp>1232.307052</timestamp>
			</report>
			<report>
				<misses>3739001</misses>
				<total>7</total>
				<timestamp>1232.636718</timestamp>
			</report>
			<report>
				<misses>3740001</misses>
				<total>7</total>
				<timestamp>1232.966425</timestamp>
			</report>
			<report>
				<misses>3741001</misses>
				<total>7</total>
				<timestamp>1233.296073</timestamp>
			</report>
			<report>
				<misses>3742001</misses>
				<total>7</total>
				<timestamp>1233.625718</timestamp>
			</report>
			<report>
				<misses>3743001</misses>
				<total>7</total>
				<timestamp>1233.955443</timestamp>
			</report>
			<report>
				<misses>3744001</misses>
				<total>7</total>
				<timestamp>1234.285081</timestamp>
			</report>
			<report>
				<misses>3745001</misses>
				<total>7</total>
				<timestamp>1234.614744</timestamp>
			</report>
			<report>
				<misses>3746001</misses>
				<total>7</total>
				<timestamp>1234.944425</timestamp>
			</report>
			<report>
				<misses>3747001</misses>
				<total>7</total>
				<timestamp>1235.274075</timestamp>
			</report>
			<report>
				<misses>3748001</misses>
				<total>7</total>
				<timestamp>1235.603744</timestamp>
			</report>
			<report>
				<misses>3749001</misses>
				<total>7</total>
				<timestamp>1235.933425</timestamp>
			</report>
			<report>
				<misses>3750001</misses>
				<total>7</total>
				<timestamp>1236.263159</timestamp>
			</report>
			<report>
				<misses>3751001</misses>
				<total>7</total>
				<timestamp>1236.592753</timestamp>
			</report>
			<report>
				<misses>3752001</misses>
				<total>7</total>
				<timestamp>1236.922435</timestamp>
			</report>
			<report>
				<misses>3753001</misses>
				<total>7</total>
				<timestamp>1237.252119</timestamp>
			</report>
			<report>
				<misses>3754001</misses>
				<total>7</total>
				<timestamp>1237.581784</timestamp>
			</report>
			<report>
				<misses>3755001</misses>
				<total>7</total>
				<timestamp>1237.911450</timestamp>
			</report>
			<report>
				<misses>3756001</misses>
				<total>7</total>
				<timestamp>1238.241141</timestamp>
			</report>
			<report>
				<misses>3757001</misses>
				<total>7</total>
				<timestamp>1238.570773</timestamp>
			</report>
			<report>
				<misses>3758001</misses>
				<total>7</total>
				<timestamp>1238.900469</timestamp>
			</report>
			<report>
				<misses>3759001</misses>
				<total>7</total>
				<timestamp>1239.230172</timestamp>
			</report>
			<report>
				<misses>3760001</misses>
				<total>7</total>
				<timestamp>1239.559778</timestamp>
			</report>
			<report>
				<misses>3761001</misses>
				<total>7</total>
				<timestamp>1239.889456</timestamp>
			</report>
			<report>
				<misses>3762001</misses>
				<total>7</total>
				<timestamp>1240.219166</timestamp>
			</report>
			<report>
				<misses>3763001</misses>
				<total>7</total>
				<timestamp>1240.548807</timestamp>
			</report>
			<report>
				<misses>3764001</misses>
				<total>7</total>
				<timestamp>1240.878469</timestamp>
			</report>
			<report>
				<misses>3765001</misses>
				<total>7</total>
				<timestamp>1241.208141</timestamp>
			</report>
			<report>
				<misses>3766001</misses>
				<total>7</total>
				<timestamp>1241.537797</timestamp>
			</report>
			<report>
				<misses>3767001</misses>
				<total>7</total>
				<timestamp>1241.867501</timestamp>
			</report>
			<report>
				<misses>3768001</misses>
				<total>7</total>
				<timestamp>1242.197167</timestamp>
			</report>
			<report>
				<misses>3769001</misses>
				<total>7</total>
				<timestamp>1242.526828</timestamp>
			</report>
			<report>
				<misses>3770001</misses>
				<total>7</total>
				<timestamp>1242.856508</timestamp>
			</report>
			<report>
				<misses>3771001</misses>
				<total>7</total>
				<timestamp>1243.186238</timestamp>
			</report>
			<report>
				<misses>3772001</misses>
				<total>7</total>
				<timestamp>1243.515850</timestamp>
			</report>
			<report>
				<misses>3773001</misses>
				<total>7</total>
				<timestamp>1243.845548</timestamp>
			</report>
			<report>
				<misses>3774001</misses>
				<total>7</total>
				<timestamp>1244.175174</timestamp>
			</report>
			<report>
				<misses>3775001</misses>
				<total>7</total>
				<timestamp>1244.504834</timestamp>
			</report>
			<report>
				<misses>3776001</misses>
				<total>7</total>
				<timestamp>1244.834544</timestamp>
			</report>
			<report>
				<misses>3777001</misses>
				<total>7</total>
				<timestamp>1245.164271</timestamp>
			</report>
			<report>
				<misses>3778001</misses>
				<total>7</total>
				<timestamp>1245.493847</timestamp>
			</report>
			<report>
				<misses>3779001</misses>
				<total>7</total>
				<timestamp>1245.823526</timestamp>
			</report>
			<report>
				<misses>3780001</misses>
				<total>7</total>
				<timestamp>1246.153262</timestamp>
			</report>
			<report>
				<misses>3781001</misses>
				<total>7</total>
				<timestamp>1246.482864</timestamp>
			</report>
			<report>
				<misses>3782001</misses>
				<total>7</total>
				<timestamp>1246.812535</timestamp>
			</report>
			<report>
				<misses>3783001</misses>
				<total>7</total>
				<timestamp>1247.142230</timestamp>
			</report>
			<report>
				<misses>3784001</misses>
				<total>7</total>
				<timestamp>1247.471876</timestamp>
			</report>
			<report>
				<misses>3785001</misses>
				<total>7</total>
				<timestamp>1247.801528</timestamp>
			</report>
			<report>
				<misses>3786001</misses>
				<total>7</total>
				<timestamp>1248.131299</timestamp>
			</report>
			<report>
				<misses>3787001</misses>
				<total>7</total>
				<timestamp>1248.460865</timestamp>
			</report>
			<report>
				<misses>3788001</misses>
				<total>7</total>
				<timestamp>1248.790537</timestamp>
			</report>
			<report>
				<misses>3789001</misses>
				<total>7</total>
				<timestamp>1249.120338</timestamp>
			</report>
			<report>
				<misses>3790001</misses>
				<total>7</total>
				<timestamp>1249.449886</timestamp>
			</report>
			<report>
				<misses>3791001</misses>
				<total>7</total>
				<timestamp>1249.779569</timestamp>
			</report>
			<report>
				<misses>3792001</misses>
				<total>7</total>
				<timestamp>1250.109296</timestamp>
			</report>
			<report>
				<misses>3793001</misses>
				<total>7</total>
				<timestamp>1250.438891</timestamp>
			</report>
			<report>
				<misses>3794001</misses>
				<total>7</total>
				<timestamp>1250.768571</timestamp>
			</report>
			<report>
				<misses>3795001</misses>
				<total>7</total>
				<timestamp>1251.098282</timestamp>
			</report>
			<report>
				<misses>3796001</misses>
				<total>7</total>
				<timestamp>1251.427929</timestamp>
			</report>
			<report>
				<misses>3797001</misses>
				<total>7</total>
				<timestamp>1251.757571</timestamp>
			</report>
			<report>
				<misses>3798001</misses>
				<total>7</total>
				<timestamp>1252.087244</timestamp>
			</report>
			<report>
				<misses>3799001</misses>
				<total>7</total>
				<timestamp>1252.416936</timestamp>
			</report>
			<report>
				<misses>3800001</misses>
				<total>7</total>
				<timestamp>1252.746691</timestamp>
			</report>
			<report>
				<misses>3801001</misses>
				<total>7</total>
				<timestamp>1253.076320</timestamp>
			</report>
			<report>
				<misses>3802001</misses>
				<total>7</total>
				<timestamp>1253.405942</timestamp>
			</report>
			<report>
				<misses>3803001</misses>
				<total>7</total>
				<timestamp>1253.735611</timestamp>
			</report>
			<report>
				<misses>3804001</misses>
				<total>7</total>
				<timestamp>1254.065365</timestamp>
			</report>
			<report>
				<misses>3805001</misses>
				<total>7</total>
				<timestamp>1254.394939</timestamp>
			</report>
			<report>
				<misses>3806001</misses>
				<total>7</total>
				<timestamp>1254.724602</timestamp>
			</report>
			<report>
				<misses>3807001</misses>
				<total>7</total>
				<timestamp>1255.054294</timestamp>
			</report>
			<report>
				<misses>3808001</misses>
				<total>7</total>
				<timestamp>1255.383979</timestamp>
			</report>
			<report>
				<misses>3809001</misses>
				<total>7</total>
				<timestamp>1255.713619</timestamp>
			</report>
			<report>
				<misses>3810001</misses>
				<total>7</total>
				<timestamp>1256.043303</timestamp>
			</report>
			<report>
				<misses>3811001</misses>
				<total>7</total>
				<timestamp>1256.373016</timestamp>
			</report>
			<report>
				<misses>3812001</misses>
				<total>7</total>
				<timestamp>1256.702617</timestamp>
			</report>
			<report>
				<misses>3813001</misses>
				<total>7</total>
				<timestamp>1257.032371</timestamp>
			</report>
			<report>
				<misses>3814001</misses>
				<total>7</total>
				<timestamp>1257.361988</timestamp>
			</report>
			<report>
				<misses>3815001</misses>
				<total>7</total>
				<timestamp>1257.691637</timestamp>
			</report>
			<report>
				<misses>3816001</misses>
				<total>7</total>
				<timestamp>1258.021317</timestamp>
			</report>
			<report>
				<misses>3817001</misses>
				<total>7</total>
				<timestamp>1258.351000</timestamp>
			</report>
			<report>
				<misses>3818001</misses>
				<total>7</total>
				<timestamp>1258.680648</timestamp>
			</report>
			<report>
				<misses>3819001</misses>
				<total>7</total>
				<timestamp>1259.010330</timestamp>
			</report>
			<report>
				<misses>3820001</misses>
				<total>7</total>
				<timestamp>1259.340060</timestamp>
			</report>
			<report>
				<misses>3821001</misses>
				<total>7</total>
				<timestamp>1259.669659</timestamp>
			</report>
			<report>
				<misses>3822001</misses>
				<total>7</total>
				<timestamp>1259.999344</timestamp>
			</report>
			<report>
				<misses>3823001</misses>
				<total>7</total>
				<timestamp>1260.329022</timestamp>
			</report>
			<report>
				<misses>3824001</misses>
				<total>7</total>
				<timestamp>1260.658666</timestamp>
			</report>
			<report>
				<misses>3825001</misses>
				<total>7</total>
				<timestamp>1260.988353</timestamp>
			</report>
			<report>
				<misses>3826001</misses>
				<total>7</total>
				<timestamp>1261.318031</timestamp>
			</report>
			<report>
				<misses>3827001</misses>
				<total>7</total>
				<timestamp>1261.647680</timestamp>
			</report>
			<report>
				<misses>3828001</misses>
				<total>7</total>
				<timestamp>1261.977421</timestamp>
			</report>
			<report>
				<misses>3829001</misses>
				<total>7</total>
				<timestamp>1262.307067</timestamp>
			</report>
			<report>
				<misses>3830001</misses>
				<total>7</total>
				<timestamp>1262.636688</timestamp>
			</report>
			<report>
				<misses>3831001</misses>
				<total>7</total>
				<timestamp>1262.966460</timestamp>
			</report>
			<report>
				<misses>3832001</misses>
				<total>7</total>
				<timestamp>1263.296038</timestamp>
			</report>
			<report>
				<misses>3833001</misses>
				<total>7</total>
				<timestamp>1263.625730</timestamp>
			</report>
			<report>
				<misses>3834001</misses>
				<total>7</total>
				<timestamp>1263.955372</timestamp>
			</report>
			<report>
				<misses>3835001</misses>
				<total>7</total>
				<timestamp>1264.285053</timestamp>
			</report>
			<report>
				<misses>3836001</misses>
				<total>7</total>
				<timestamp>1264.614713</timestamp>
			</report>
			<report>
				<misses>3837001</misses>
				<total>7</total>
				<timestamp>1264.944366</timestamp>
			</report>
			<report>
				<misses>3838001</misses>
				<total>7</total>
				<timestamp>1265.274105</timestamp>
			</report>
			<report>
				<misses>3839001</misses>
				<total>7</total>
				<timestamp>1265.603706</timestamp>
			</report>
			<report>
				<misses>3840001</misses>
				<total>7</total>
				<timestamp>1265.933378</timestamp>
			</report>
			<report>
				<misses>3841001</misses>
				<total>7</total>
				<timestamp>1266.263154</timestamp>
			</report>
			<report>
				<misses>3842001</misses>
				<total>7</total>
				<timestamp>1266.592741</timestamp>
			</report>
			<report>
				<misses>3843001</misses>
				<total>7</total>
				<timestamp>1266.922401</timestamp>
			</report>
			<report>
				<misses>3844001</misses>
				<total>7</total>
				<timestamp>1267.252092</timestamp>
			</report>
			<report>
				<misses>3845001</misses>
				<total>7</total>
				<timestamp>1267.581773</timestamp>
			</report>
			<report>
				<misses>3846001</misses>
				<total>7</total>
				<timestamp>1267.911448</timestamp>
			</report>
			<report>
				<misses>3847001</misses>
				<total>7</total>
				<timestamp>1268.241097</timestamp>
			</report>
			<report>
				<misses>3848001</misses>
				<total>7</total>
				<timestamp>1268.570749</timestamp>
			</report>
			<report>
				<misses>3849001</misses>
				<total>7</total>
				<timestamp>1268.900436</timestamp>
			</report>
			<report>
				<misses>3850001</misses>
				<total>7</total>
				<timestamp>1269.230128</timestamp>
			</report>
			<report>
				<misses>3851001</misses>
				<total>7</total>
				<timestamp>1269.559801</timestamp>
			</report>
			<report>
				<misses>3852001</misses>
				<total>7</total>
				<timestamp>1269.889418</timestamp>
			</report>
			<report>
				<misses>3853001</misses>
				<total>7</total>
				<timestamp>1270.219116</timestamp>
			</report>
			<report>
				<misses>3854001</misses>
				<total>7</total>
				<timestamp>1270.548861</timestamp>
			</report>
			<report>
				<misses>3855001</misses>
				<total>7</total>
				<timestamp>1270.878441</timestamp>
			</report>
			<report>
				<misses>3856001</misses>
				<total>7</total>
				<timestamp>1271.208152</timestamp>
			</report>
			<report>
				<misses>3857001</misses>
				<total>7</total>
				<timestamp>1271.537859</timestamp>
			</report>
			<report>
				<misses>3858001</misses>
				<total>7</total>
				<timestamp>1271.867448</timestamp>
			</report>
			<report>
				<misses>3859001</misses>
				<total>7</total>
				<timestamp>1272.197141</timestamp>
			</report>
			<report>
				<misses>3860001</misses>
				<total>7</total>
				<timestamp>1272.526806</timestamp>
			</report>
			<report>
				<misses>3861001</misses>
				<total>7</total>
				<timestamp>1272.856474</timestamp>
			</report>
			<report>
				<misses>3862001</misses>
				<total>7</total>
				<timestamp>1273.186194</timestamp>
			</report>
			<report>
				<misses>3863001</misses>
				<total>7</total>
				<timestamp>1273.515819</timestamp>
			</report>
			<report>
				<misses>3864001</misses>
				<total>7</total>
				<timestamp>1273.845466</timestamp>
			</report>
			<report>
				<misses>3865001</misses>
				<total>7</total>
				<timestamp>1274.175170</timestamp>
			</report>
			<report>
				<misses>3866001</misses>
				<total>7</total>
				<timestamp>1274.504841</timestamp>
			</report>
			<report>
				<misses>3867001</misses>
				<total>7</total>
				<timestamp>1274.834494</timestamp>
			</report>
			<report>
				<misses>3868001</misses>
				<total>7</total>
				<timestamp>1275.164199</timestamp>
			</report>
			<report>
				<misses>3869001</misses>
				<total>7</total>
				<timestamp>1275.493856</timestamp>
			</report>
			<report>
				<misses>3870001</misses>
				<total>7</total>
				<timestamp>1275.823509</timestamp>
			</report>
			<report>
				<misses>3871001</misses>
				<total>7</total>
				<timestamp>1276.153193</timestamp>
			</report>
			<report>
				<misses>3872001</misses>
				<total>7</total>
				<timestamp>1276.482848</timestamp>
			</report>
			<report>
				<misses>3873001</misses>
				<total>7</total>
				<timestamp>1276.812504</timestamp>
			</report>
			<report>
				<misses>3874001</misses>
				<total>7</total>
				<timestamp>1277.142230</timestamp>
			</report>
			<report>
				<misses>3875001</misses>
				<total>7</total>
				<timestamp>1277.471854</timestamp>
			</report>
			<report>
				<misses>3876001</misses>
				<total>7</total>
				<timestamp>1277.801526</timestamp>
			</report>
			<report>
				<misses>3877001</misses>
				<total>7</total>
				<timestamp>1278.131222</timestamp>
			</report>
			<report>
				<misses>3878001</misses>
				<total>7</total>
				<timestamp>1278.460862</timestamp>
			</report>
			<report>
				<misses>3879001</misses>
				<total>7</total>
				<timestamp>1278.790505</timestamp>
			</report>
			<report>
				<misses>3880001</misses>
				<total>7</total>
				<timestamp>1279.120244</timestamp>
			</report>
			<report>
				<misses>3881001</misses>
				<total>7</total>
				<timestamp>1279.449885</timestamp>
			</report>
			<report>
				<misses>3882001</misses>
				<total>7</total>
				<timestamp>1279.779557</timestamp>
			</report>
			<report>
				<misses>3883001</misses>
				<total>7</total>
				<timestamp>1280.109233</timestamp>
			</report>
			<report>
				<misses>3884001</misses>
				<total>7</total>
				<timestamp>1280.438890</timestamp>
			</report>
			<report>
				<misses>3885001</misses>
				<total>7</total>
				<timestamp>1280.768539</timestamp>
			</report>
			<report>
				<misses>3886001</misses>
				<total>7</total>
				<timestamp>1281.098258</timestamp>
			</report>
			<report>
				<misses>3887001</misses>
				<total>7</total>
				<timestamp>1281.427903</timestamp>
			</report>
			<report>
				<misses>3888001</misses>
				<total>7</total>
				<timestamp>1281.757551</timestamp>
			</report>
			<report>
				<misses>3889001</misses>
				<total>7</total>
				<timestamp>1282.087221</timestamp>
			</report>
			<report>
				<misses>3890001</misses>
				<total>7</total>
				<timestamp>1282.416924</timestamp>
			</report>
			<report>
				<misses>3891001</misses>
				<total>7</total>
				<timestamp>1282.746555</timestamp>
			</report>
			<report>
				<misses>3892001</misses>
				<total>7</total>
				<timestamp>1283.076221</timestamp>
			</report>
			<report>
				<misses>3893001</misses>
				<total>7</total>
				<timestamp>1283.405894</timestamp>
			</report>
			<report>
				<misses>3894001</misses>
				<total>7</total>
				<timestamp>1283.735571</timestamp>
			</report>
			<report>
				<misses>3895001</misses>
				<total>7</total>
				<timestamp>1284.065253</timestamp>
			</report>
			<report>
				<misses>3896001</misses>
				<total>7</total>
				<timestamp>1284.394917</timestamp>
			</report>
			<report>
				<misses>3897001</misses>
				<total>7</total>
				<timestamp>1284.724583</timestamp>
			</report>
			<report>
				<misses>3898001</misses>
				<total>7</total>
				<timestamp>1285.054303</timestamp>
			</report>
			<report>
				<misses>3899001</misses>
				<total>7</total>
				<timestamp>1285.383932</timestamp>
			</report>
			<report>
				<misses>3900001</misses>
				<total>7</total>
				<timestamp>1285.713580</timestamp>
			</report>
			<report>
				<misses>3901001</misses>
				<total>7</total>
				<timestamp>1286.043324</timestamp>
			</report>
			<report>
				<misses>3902001</misses>
				<total>7</total>
				<timestamp>1286.372930</timestamp>
			</report>
			<report>
				<misses>3903001</misses>
				<total>7</total>
				<timestamp>1286.702590</timestamp>
			</report>
			<report>
				<misses>3904001</misses>
				<total>7</total>
				<timestamp>1287.032308</timestamp>
			</report>
			<report>
				<misses>3905001</misses>
				<total>7</total>
				<timestamp>1287.361947</timestamp>
			</report>
			<report>
				<misses>3906001</misses>
				<total>7</total>
				<timestamp>1287.691611</timestamp>
			</report>
			<report>
				<misses>3907001</misses>
				<total>7</total>
				<timestamp>1288.021273</timestamp>
			</report>
			<report>
				<misses>3908001</misses>
				<total>7</total>
				<timestamp>1288.350949</timestamp>
			</report>
			<report>
				<misses>3909001</misses>
				<total>7</total>
				<timestamp>1288.680607</timestamp>
			</report>
			<report>
				<misses>3910001</misses>
				<total>7</total>
				<timestamp>1289.010290</timestamp>
			</report>
			<report>
				<misses>3911001</misses>
				<total>7</total>
				<timestamp>1289.339956</timestamp>
			</report>
			<report>
				<misses>3912001</misses>
				<total>7</total>
				<timestamp>1289.669673</timestamp>
			</report>
			<report>
				<misses>3913001</misses>
				<total>7</total>
				<timestamp>1289.999328</timestamp>
			</report>
			<report>
				<misses>3914001</misses>
				<total>7</total>
				<timestamp>1290.328966</timestamp>
			</report>
			<report>
				<misses>3915001</misses>
				<total>7</total>
				<timestamp>1290.658637</timestamp>
			</report>
			<report>
				<misses>3916001</misses>
				<total>7</total>
				<timestamp>1290.988304</timestamp>
			</report>
			<report>
				<misses>3917001</misses>
				<total>7</total>
				<timestamp>1291.318050</timestamp>
			</report>
			<report>
				<misses>3918001</misses>
				<total>7</total>
				<timestamp>1291.647658</timestamp>
			</report>
			<report>
				<misses>3919001</misses>
				<total>7</total>
				<timestamp>1291.977317</timestamp>
			</report>
			<report>
				<misses>3920001</misses>
				<total>7</total>
				<timestamp>1292.307072</timestamp>
			</report>
			<report>
				<misses>3921001</misses>
				<total>7</total>
				<timestamp>1292.636664</timestamp>
			</report>
			<report>
				<misses>3922001</misses>
				<total>7</total>
				<timestamp>1292.966356</timestamp>
			</report>
			<report>
				<misses>3923001</misses>
				<total>7</total>
				<timestamp>1293.295996</timestamp>
			</report>
			<report>
				<misses>3924001</misses>
				<total>7</total>
				<timestamp>1293.625669</timestamp>
			</report>
			<report>
				<misses>3925001</misses>
				<total>7</total>
				<timestamp>1293.955353</timestamp>
			</report>
			<report>
				<misses>3926001</misses>
				<total>7</total>
				<timestamp>1294.285011</timestamp>
			</report>
			<report>
				<misses>3927001</misses>
				<total>7</total>
				<timestamp>1294.614684</timestamp>
			</report>
			<report>
				<misses>3928001</misses>
				<total>7</total>
				<timestamp>1294.944346</timestamp>
			</report>
			<report>
				<misses>3929001</misses>
				<total>7</total>
				<timestamp>1295.274083</timestamp>
			</report>
			<report>
				<misses>3930001</misses>
				<total>7</total>
				<timestamp>1295.603690</timestamp>
			</report>
			<report>
				<misses>3931001</misses>
				<total>7</total>
				<timestamp>1295.933382</timestamp>
			</report>
			<report>
				<misses>3932001</misses>
				<total>7</total>
				<timestamp>1296.263021</timestamp>
			</report>
			<report>
				<misses>3933001</misses>
				<total>7</total>
				<timestamp>1296.592738</timestamp>
			</report>
			<report>
				<misses>3934001</misses>
				<total>7</total>
				<timestamp>1296.922362</timestamp>
			</report>
			<report>
				<misses>3935001</misses>
				<total>7</total>
				<timestamp>1297.252033</timestamp>
			</report>
			<report>
				<misses>3936001</misses>
				<total>7</total>
				<timestamp>1297.581750</timestamp>
			</report>
			<report>
				<misses>3937001</misses>
				<total>7</total>
				<timestamp>1297.911374</timestamp>
			</report>
			<report>
				<misses>3938001</misses>
				<total>7</total>
				<timestamp>1298.241056</timestamp>
			</report>
			<report>
				<misses>3939001</misses>
				<total>7</total>
				<timestamp>1298.570743</timestamp>
			</report>
			<report>
				<misses>3940001</misses>
				<total>7</total>
				<timestamp>1298.900379</timestamp>
			</report>
			<report>
				<misses>3941001</misses>
				<total>7</total>
				<timestamp>1299.230064</timestamp>
			</report>
			<report>
				<misses>3942001</misses>
				<total>7</total>
				<timestamp>1299.559759</timestamp>
			</report>
			<report>
				<misses>3943001</misses>
				<total>7</total>
				<timestamp>1299.889453</timestamp>
			</report>
			<report>
				<misses>3944001</misses>
				<total>7</total>
				<timestamp>1300.219104</timestamp>
			</report>
			<report>
				<misses>3945001</misses>
				<total>7</total>
				<timestamp>1300.548743</timestamp>
			</report>
			<report>
				<misses>3946001</misses>
				<total>7</total>
				<timestamp>1300.878420</timestamp>
			</report>
			<report>
				<misses>3947001</misses>
				<total>7</total>
				<timestamp>1301.208095</timestamp>
			</report>
			<report>
				<misses>3948001</misses>
				<total>7</total>
				<timestamp>1301.537743</timestamp>
			</report>
			<report>
				<misses>3949001</misses>
				<total>7</total>
				<timestamp>1301.867419</timestamp>
			</report>
			<report>
				<misses>3950001</misses>
				<total>7</total>
				<timestamp>1302.197106</timestamp>
			</report>
			<report>
				<misses>3951001</misses>
				<total>7</total>
				<timestamp>1302.526761</timestamp>
			</report>
			<report>
				<misses>3952001</misses>
				<total>7</total>
				<timestamp>1302.856439</timestamp>
			</report>
			<report>
				<misses>3953001</misses>
				<total>7</total>
				<timestamp>1303.186107</timestamp>
			</report>
			<report>
				<misses>3954001</misses>
				<total>7</total>
				<timestamp>1303.515771</timestamp>
			</report>
			<report>
				<misses>3955001</misses>
				<total>7</total>
				<timestamp>1303.845435</timestamp>
			</report>
			<report>
				<misses>3956001</misses>
				<total>7</total>
				<timestamp>1304.175141</timestamp>
			</report>
			<report>
				<misses>3957001</misses>
				<total>7</total>
				<timestamp>1304.504781</timestamp>
			</report>
			<report>
				<misses>3958001</misses>
				<total>7</total>
				<timestamp>1304.834444</timestamp>
			</report>
			<report>
				<misses>3959001</misses>
				<total>7</total>
				<timestamp>1305.164163</timestamp>
			</report>
			<report>
				<misses>3960001</misses>
				<total>7</total>
				<timestamp>1305.493836</timestamp>
			</report>
			<report>
				<misses>3961001</misses>
				<total>7</total>
				<timestamp>1305.823462</timestamp>
			</report>
			<report>
				<misses>3962001</misses>
				<total>7</total>
				<timestamp>1306.153172</timestamp>
			</report>
			<report>
				<misses>3963001</misses>
				<total>7</total>
				<timestamp>1306.482804</timestamp>
			</report>
			<report>
				<misses>3964001</misses>
				<total>7</total>
				<timestamp>1306.812463</timestamp>
			</report>
			<report>
				<misses>3965001</misses>
				<total>7</total>
				<timestamp>1307.142146</timestamp>
			</report>
			<report>
				<misses>3966001</misses>
				<total>7</total>
				<timestamp>1307.471866</timestamp>
			</report>
			<report>
				<misses>3967001</misses>
				<total>7</total>
				<timestamp>1307.801476</timestamp>
			</report>
			<report>
				<misses>3968001</misses>
				<total>7</total>
				<timestamp>1308.131161</timestamp>
			</report>
			<report>
				<misses>3969001</misses>
				<total>7</total>
				<timestamp>1308.460830</timestamp>
			</report>
			<report>
				<misses>3970001</misses>
				<total>7</total>
				<timestamp>1308.790483</timestamp>
			</report>
			<report>
				<misses>3971001</misses>
				<total>7</total>
				<timestamp>1309.120165</timestamp>
			</report>
			<report>
				<misses>3972001</misses>
				<total>7</total>
				<timestamp>1309.449856</timestamp>
			</report>
			<report>
				<misses>3973001</misses>
				<total>7</total>
				<timestamp>1309.779507</timestamp>
			</report>
			<report>
				<misses>3974001</misses>
				<total>7</total>
				<timestamp>1310.109162</timestamp>
			</report>
			<report>
				<misses>3975001</misses>
				<total>7</total>
				<timestamp>1310.438852</timestamp>
			</report>
			<report>
				<misses>3976001</misses>
				<total>7</total>
				<timestamp>1310.768512</timestamp>
			</report>
			<report>
				<misses>3977001</misses>
				<total>7</total>
				<timestamp>1311.098194</timestamp>
			</report>
			<report>
				<misses>3978001</misses>
				<total>7</total>
				<timestamp>1311.427857</timestamp>
			</report>
			<report>
				<misses>3979001</misses>
				<total>7</total>
				<timestamp>1311.757529</timestamp>
			</report>
			<report>
				<misses>3980001</misses>
				<total>7</total>
				<timestamp>1312.087222</timestamp>
			</report>
			<report>
				<misses>3981001</misses>
				<total>7</total>
				<timestamp>1312.416859</timestamp>
			</report>
			<report>
				<misses>3982001</misses>
				<total>7</total>
				<timestamp>1312.746518</timestamp>
			</report>
			<report>
				<misses>3983001</misses>
				<total>7</total>
				<timestamp>1313.076305</timestamp>
			</report>
			<report>
				<misses>3984001</misses>
				<total>7</total>
				<timestamp>1313.405868</timestamp>
			</report>
			<report>
				<misses>3985001</misses>
				<total>7</total>
				<timestamp>1313.735548</timestamp>
			</report>
			<report>
				<misses>3986001</misses>
				<total>7</total>
				<timestamp>1314.065244</timestamp>
			</report>
			<report>
				<misses>3987001</misses>
				<total>7</total>
				<timestamp>1314.394942</timestamp>
			</report>
			<report>
				<misses>3988001</misses>
				<total>7</total>
				<timestamp>1314.724614</timestamp>
			</report>
			<report>
				<misses>3989001</misses>
				<total>7</total>
				<timestamp>1315.054234</timestamp>
			</report>
			<report>
				<misses>3990001</misses>
				<total>7</total>
				<timestamp>1315.383887</timestamp>
			</report>
			<report>
				<misses>3991001</misses>
				<total>7</total>
				<timestamp>1315.713589</timestamp>
			</report>
			<report>
				<misses>3992001</misses>
				<total>7</total>
				<timestamp>1316.043245</timestamp>
			</report>
			<report>
				<misses>3993001</misses>
				<total>7</total>
				<timestamp>1316.372900</timestamp>
			</report>
			<report>
				<misses>3994001</misses>
				<total>7</total>
				<timestamp>1316.702582</timestamp>
			</report>
			<report>
				<misses>3995001</misses>
				<total>7</total>
				<timestamp>1317.032275</timestamp>
			</report>
			<report>
				<misses>3996001</misses>
				<total>7</total>
				<timestamp>1317.361911</timestamp>
			</report>
			<report>
				<misses>3997001</misses>
				<total>7</total>
				<timestamp>1317.691620</timestamp>
			</report>
			<report>
				<misses>3998001</misses>
				<total>7</total>
				<timestamp>1318.021255</timestamp>
			</report>
			<report>
				<misses>3999001</misses>
				<total>7</total>
				<timestamp>1318.350983</timestamp>
			</report>
			<report>
				<misses>4000001</misses>
				<total>7</total>
				<timestamp>1318.680623</timestamp>
			</report>
			<report>
				<misses>4001001</misses>
				<total>7</total>
				<timestamp>1319.010264</timestamp>
			</report>
			<report>
				<misses>4002001</misses>
				<total>7</total>
				<timestamp>1319.339999</timestamp>
			</report>
			<report>
				<misses>4003001</misses>
				<total>7</total>
				<timestamp>1319.669705</timestamp>
			</report>
			<report>
				<misses>4004001</misses>
				<total>7</total>
				<timestamp>1319.999271</timestamp>
			</report>
			<report>
				<misses>4005001</misses>
				<total>7</total>
				<timestamp>1320.328999</timestamp>
			</report>
			<report>
				<misses>4006001</misses>
				<total>7</total>
				<timestamp>1320.658632</timestamp>
			</report>
			<report>
				<misses>4007001</misses>
				<total>7</total>
				<timestamp>1320.988269</timestamp>
			</report>
			<report>
				<misses>4008001</misses>
				<total>7</total>
				<timestamp>1321.318018</timestamp>
			</report>
			<report>
				<misses>4009001</misses>
				<total>7</total>
				<timestamp>1321.647606</timestamp>
			</report>
			<report>
				<misses>4010001</misses>
				<total>7</total>
				<timestamp>1321.977328</timestamp>
			</report>
			<report>
				<misses>4011001</misses>
				<total>7</total>
				<timestamp>1322.306964</timestamp>
			</report>
			<report>
				<misses>4012001</misses>
				<total>7</total>
				<timestamp>1322.636628</timestamp>
			</report>
			<report>
				<misses>4013001</misses>
				<total>7</total>
				<timestamp>1322.966303</timestamp>
			</report>
			<report>
				<misses>4014001</misses>
				<total>7</total>
				<timestamp>1323.295998</timestamp>
			</report>
			<report>
				<misses>4015001</misses>
				<total>7</total>
				<timestamp>1323.625634</timestamp>
			</report>
			<report>
				<misses>4016001</misses>
				<total>7</total>
				<timestamp>1323.955297</timestamp>
			</report>
			<report>
				<misses>4017001</misses>
				<total>7</total>
				<timestamp>1324.285027</timestamp>
			</report>
			<report>
				<misses>4018001</misses>
				<total>7</total>
				<timestamp>1324.614654</timestamp>
			</report>
			<report>
				<misses>4019001</misses>
				<total>7</total>
				<timestamp>1324.944320</timestamp>
			</report>
			<report>
				<misses>4020001</misses>
				<total>8</total>
				<timestamp>1325.273981</timestamp>
			</report>
			<report>
				<misses>4021001</misses>
				<total>8</total>
				<timestamp>1325.603660</timestamp>
			</report>
			<report>
				<misses>4022001</misses>
				<total>8</total>
				<timestamp>1325.933328</timestamp>
			</report>
			<report>
				<misses>4023001</misses>
				<total>8</total>
				<timestamp>1326.263019</timestamp>
			</report>
			<report>
				<misses>4024001</misses>
				<total>8</total>
				<timestamp>1326.592666</timestamp>
			</report>
			<report>
				<misses>4025001</misses>
				<total>8</total>
				<timestamp>1326.922329</timestamp>
			</report>
			<report>
				<misses>4026001</misses>
				<total>8</total>
				<timestamp>1327.252039</timestamp>
			</report>
			<report>
				<misses>4027001</misses>
				<total>8</total>
				<timestamp>1327.581710</timestamp>
			</report>
			<report>
				<misses>4028001</misses>
				<total>8</total>
				<timestamp>1327.911342</timestamp>
			</report>
			<report>
				<misses>4029001</misses>
				<total>8</total>
				<timestamp>1328.241023</timestamp>
			</report>
			<report>
				<misses>4030001</misses>
				<total>8</total>
				<timestamp>1328.570701</timestamp>
			</report>
			<report>
				<misses>4031001</misses>
				<total>8</total>
				<timestamp>1328.900369</timestamp>
			</report>
			<report>
				<misses>4032001</misses>
				<total>8</total>
				<timestamp>1329.230105</timestamp>
			</report>
			<report>
				<misses>4033001</misses>
				<total>8</total>
				<timestamp>1329.559717</timestamp>
			</report>
			<report>
				<misses>4034001</misses>
				<total>8</total>
				<timestamp>1329.889362</timestamp>
			</report>
			<report>
				<misses>4035001</misses>
				<total>8</total>
				<timestamp>1330.219029</timestamp>
			</report>
			<report>
				<misses>4036001</misses>
				<total>8</total>
				<timestamp>1330.548708</timestamp>
			</report>
			<report>
				<misses>4037001</misses>
				<total>8</total>
				<timestamp>1330.878378</timestamp>
			</report>
			<report>
				<misses>4038001</misses>
				<total>8</total>
				<timestamp>1331.208047</timestamp>
			</report>
			<report>
				<misses>4039001</misses>
				<total>8</total>
				<timestamp>1331.537714</timestamp>
			</report>
			<report>
				<misses>4040001</misses>
				<total>8</total>
				<timestamp>1331.867382</timestamp>
			</report>
			<report>
				<misses>4041001</misses>
				<total>8</total>
				<timestamp>1332.197098</timestamp>
			</report>
			<report>
				<misses>4042001</misses>
				<total>8</total>
				<timestamp>1332.526732</timestamp>
			</report>
			<report>
				<misses>4043001</misses>
				<total>8</total>
				<timestamp>1332.856406</timestamp>
			</report>
			<report>
				<misses>4044001</misses>
				<total>8</total>
				<timestamp>1333.186057</timestamp>
			</report>
			<report>
				<misses>4045001</misses>
				<total>8</total>
				<timestamp>1333.515756</timestamp>
			</report>
			<report>
				<misses>4046001</misses>
				<total>8</total>
				<timestamp>1333.845422</timestamp>
			</report>
			<report>
				<misses>4047001</misses>
				<total>8</total>
				<timestamp>1334.175148</timestamp>
			</report>
			<report>
				<misses>4048001</misses>
				<total>8</total>
				<timestamp>1334.504756</timestamp>
			</report>
			<report>
				<misses>4049001</misses>
				<total>8</total>
				<timestamp>1334.834436</timestamp>
			</report>
			<report>
				<misses>4050001</misses>
				<total>8</total>
				<timestamp>1335.164103</timestamp>
			</report>
			<report>
				<misses>4051001</misses>
				<total>8</total>
				<timestamp>1335.493761</timestamp>
			</report>
			<report>
				<misses>4052001</misses>
				<total>8</total>
				<timestamp>1335.823425</timestamp>
			</report>
			<report>
				<misses>4053001</misses>
				<total>8</total>
				<timestamp>1336.153103</timestamp>
			</report>
			<report>
				<misses>4054001</misses>
				<total>8</total>
				<timestamp>1336.482857</timestamp>
			</report>
			<report>
				<misses>4055001</misses>
				<total>8</total>
				<timestamp>1336.812473</timestamp>
			</report>
			<report>
				<misses>4056001</misses>
				<total>8</total>
				<timestamp>1337.142117</timestamp>
			</report>
			<report>
				<misses>4057001</misses>
				<total>8</total>
				<timestamp>1337.471778</timestamp>
			</report>
			<report>
				<misses>4058001</misses>
				<total>8</total>
				<timestamp>1337.801514</timestamp>
			</report>
			<report>
				<misses>4059001</misses>
				<total>8</total>
				<timestamp>1338.131165</timestamp>
			</report>
			<report>
				<misses>4060001</misses>
				<total>8</total>
				<timestamp>1338.460793</timestamp>
			</report>
			<report>
				<misses>4061001</misses>
				<total>8</total>
				<timestamp>1338.790486</timestamp>
			</report>
			<report>
				<misses>4062001</misses>
				<total>8</total>
				<timestamp>1339.120128</timestamp>
			</report>
			<report>
				<misses>4063001</misses>
				<total>8</total>
				<timestamp>1339.449839</timestamp>
			</report>
			<report>
				<misses>4064001</misses>
				<total>8</total>
				<timestamp>1339.779549</timestamp>
			</report>
			<report>
				<misses>4065001</misses>
				<total>8</total>
				<timestamp>1340.109123</timestamp>
			</report>
			<report>
				<misses>4066001</misses>
				<total>8</total>
				<timestamp>1340.438850</timestamp>
			</report>
			<report>
				<misses>4067001</misses>
				<total>8</total>
				<timestamp>1340.768521</timestamp>
			</report>
			<report>
				<misses>4068001</misses>
				<total>8</total>
				<timestamp>1341.098152</timestamp>
			</report>
			<report>
				<misses>4069001</misses>
				<total>8</total>
				<timestamp>1341.427852</timestamp>
			</report>
			<report>
				<misses>4070001</misses>
				<total>8</total>
				<timestamp>1341.757537</timestamp>
			</report>
			<report>
				<misses>4071001</misses>
				<total>8</total>
				<timestamp>1342.087166</timestamp>
			</report>
			<report>
				<misses>4072001</misses>
				<total>8</total>
				<timestamp>1342.416876</timestamp>
			</report>
			<report>
				<misses>4073001</misses>
				<total>8</total>
				<timestamp>1342.746512</timestamp>
			</report>
			<report>
				<misses>4074001</misses>
				<total>8</total>
				<timestamp>1343.076165</timestamp>
			</report>
			<report>
				<misses>4075001</misses>
				<total>8</total>
				<timestamp>1343.405870</timestamp>
			</report>
			<report>
				<misses>4076001</misses>
				<total>8</total>
				<timestamp>1343.735523</timestamp>
			</report>
			<report>
				<misses>4077001</misses>
				<total>8</total>
				<timestamp>1344.065199</timestamp>
			</report>
			<report>
				<misses>4078001</misses>
				<total>8</total>
				<timestamp>1344.394910</timestamp>
			</report>
			<report>
				<misses>4079001</misses>
				<total>8</total>
				<timestamp>1344.724527</timestamp>
			</report>
			<report>
				<misses>4080001</misses>
				<total>8</total>
				<timestamp>1345.054187</timestamp>
			</report>
			<report>
				<misses>4081001</misses>
				<total>8</total>
				<timestamp>1345.383856</timestamp>
			</report>
			<report>
				<misses>4082001</misses>
				<total>8</total>
				<timestamp>1345.713562</timestamp>
			</report>
			<report>
				<misses>4083001</misses>
				<total>8</total>
				<timestamp>1346.043267</timestamp>
			</report>
			<report>
				<misses>4084001</misses>
				<total>8</total>
				<timestamp>1346.372968</timestamp>
			</report>
			<report>
				<misses>4085001</misses>
				<total>8</total>
				<timestamp>1346.702591</timestamp>
			</report>
			<report>
				<misses>4086001</misses>
				<total>8</total>
				<timestamp>1347.032199</timestamp>
			</report>
			<report>
				<misses>4087001</misses>
				<total>8</total>
				<timestamp>1347.361930</timestamp>
			</report>
			<report>
				<misses>4088001</misses>
				<total>8</total>
				<timestamp>1347.691569</timestamp>
			</report>
			<report>
				<misses>4089001</misses>
				<total>8</total>
				<timestamp>1348.021240</timestamp>
			</report>
			<report>
				<misses>4090001</misses>
				<total>8</total>
				<timestamp>1348.350945</timestamp>
			</report>
			<report>
				<misses>4091001</misses>
				<total>8</total>
				<timestamp>1348.680581</timestamp>
			</report>
			<report>
				<misses>4092001</misses>
				<total>8</total>
				<timestamp>1349.010232</timestamp>
			</report>
			<report>
				<misses>4093001</misses>
				<total>8</total>
				<timestamp>1349.339925</timestamp>
			</report>
			<report>
				<misses>4094001</misses>
				<total>8</total>
				<timestamp>1349.669582</timestamp>
			</report>
			<report>
				<misses>4095001</misses>
				<total>8</total>
				<timestamp>1349.999259</timestamp>
			</report>
			<report>
				<misses>4096001</misses>
				<total>8</total>
				<timestamp>1350.328894</timestamp>
			</report>
			<report>
				<misses>4097001</misses>
				<total>8</total>
				<timestamp>1350.658577</timestamp>
			</report>
			<report>
				<misses>4098001</misses>
				<total>8</total>
				<timestamp>1350.988265</timestamp>
			</report>
			<report>
				<misses>4099001</misses>
				<total>8</total>
				<timestamp>1351.317942</timestamp>
			</report>
			<report>
				<misses>4100001</misses>
				<total>8</total>
				<timestamp>1351.647599</timestamp>
			</report>
			<report>
				<misses>4101001</misses>
				<total>8</total>
				<timestamp>1351.977263</timestamp>
			</report>
			<report>
				<misses>4102001</misses>
				<total>8</total>
				<timestamp>1352.306937</timestamp>
			</report>
			<report>
				<misses>4103001</misses>
				<total>8</total>
				<timestamp>1352.636603</timestamp>
			</report>
			<report>
				<misses>4104001</misses>
				<total>8</total>
				<timestamp>1352.966285</timestamp>
			</report>
			<report>
				<misses>4105001</misses>
				<total>8</total>
				<timestamp>1353.296004</timestamp>
			</report>
			<report>
				<misses>4106001</misses>
				<total>8</total>
				<timestamp>1353.625605</timestamp>
			</report>
			<report>
				<misses>4107001</misses>
				<total>8</total>
				<timestamp>1353.955267</timestamp>
			</report>
			<report>
				<misses>4108001</misses>
				<total>8</total>
				<timestamp>1354.284951</timestamp>
			</report>
			<report>
				<misses>4109001</misses>
				<total>8</total>
				<timestamp>1354.614621</timestamp>
			</report>
			<report>
				<misses>4110001</misses>
				<total>8</total>
				<timestamp>1354.944309</timestamp>
			</report>
			<report>
				<misses>4111001</misses>
				<total>8</total>
				<timestamp>1355.273998</timestamp>
			</report>
			<report>
				<misses>4112001</misses>
				<total>8</total>
				<timestamp>1355.603623</timestamp>
			</report>
			<report>
				<misses>4113001</misses>
				<total>8</total>
				<timestamp>1355.933323</timestamp>
			</report>
			<report>
				<misses>4114001</misses>
				<total>8</total>
				<timestamp>1356.262976</timestamp>
			</report>
			<report>
				<misses>4115001</misses>
				<total>8</total>
				<timestamp>1356.592643</timestamp>
			</report>
			<report>
				<misses>4116001</misses>
				<total>8</total>
				<timestamp>1356.922322</timestamp>
			</report>
			<report>
				<misses>4117001</misses>
				<total>8</total>
				<timestamp>1357.251980</timestamp>
			</report>
			<report>
				<misses>4118001</misses>
				<total>8</total>
				<timestamp>1357.581656</timestamp>
			</report>
			<report>
				<misses>4119001</misses>
				<total>8</total>
				<timestamp>1357.911334</timestamp>
			</report>
			<report>
				<misses>4120001</misses>
				<total>8</total>
				<timestamp>1358.240987</timestamp>
			</report>
			<report>
				<misses>4121001</misses>
				<total>8</total>
				<timestamp>1358.570661</timestamp>
			</report>
			<report>
				<misses>4122001</misses>
				<total>8</total>
				<timestamp>1358.900337</timestamp>
			</report>
			<report>
				<misses>4123001</misses>
				<total>8</total>
				<timestamp>1359.230042</timestamp>
			</report>
			<report>
				<misses>4124001</misses>
				<total>8</total>
				<timestamp>1359.559673</timestamp>
			</report>
			<report>
				<misses>4125001</misses>
				<total>8</total>
				<timestamp>1359.889343</timestamp>
			</report>
			<report>
				<misses>4126001</misses>
				<total>8</total>
				<timestamp>1360.219016</timestamp>
			</report>
			<report>
				<misses>4127001</misses>
				<total>8</total>
				<timestamp>1360.548694</timestamp>
			</report>
			<report>
				<misses>4128001</misses>
				<total>8</total>
				<timestamp>1360.878392</timestamp>
			</report>
			<report>
				<misses>4129001</misses>
				<total>8</total>
				<timestamp>1361.208014</timestamp>
			</report>
			<report>
				<misses>4130001</misses>
				<total>8</total>
				<timestamp>1361.537690</timestamp>
			</report>
			<report>
				<misses>4131001</misses>
				<total>8</total>
				<timestamp>1361.867368</timestamp>
			</report>
			<report>
				<misses>4132001</misses>
				<total>8</total>
				<timestamp>1362.197042</timestamp>
			</report>
			<report>
				<misses>4133001</misses>
				<total>8</total>
				<timestamp>1362.526693</timestamp>
			</report>
			<report>
				<misses>4134001</misses>
				<total>8</total>
				<timestamp>1362.856393</timestamp>
			</report>
			<report>
				<misses>4135001</misses>
				<total>8</total>
				<timestamp>1363.186061</timestamp>
			</report>
			<report>
				<misses>4136001</misses>
				<total>8</total>
				<timestamp>1363.515762</timestamp>
			</report>
			<report>
				<misses>4137001</misses>
				<total>8</total>
				<timestamp>1363.845410</timestamp>
			</report>
			<report>
				<misses>4138001</misses>
				<total>8</total>
				<timestamp>1364.175061</timestamp>
			</report>
			<report>
				<misses>4139001</misses>
				<total>8</total>
				<timestamp>1364.504760</timestamp>
			</report>
			<report>
				<misses>4140001</misses>
				<total>8</total>
				<timestamp>1364.834401</timestamp>
			</report>
			<report>
				<misses>4141001</misses>
				<total>8</total>
				<timestamp>1365.164084</timestamp>
			</report>
			<report>
				<misses>4142001</misses>
				<total>8</total>
				<timestamp>1365.493725</timestamp>
			</report>
			<report>
				<misses>4143001</misses>
				<total>8</total>
				<timestamp>1365.823419</timestamp>
			</report>
			<report>
				<misses>4144001</misses>
				<total>8</total>
				<timestamp>1366.153063</timestamp>
			</report>
			<report>
				<misses>4145001</misses>
				<total>8</total>
				<timestamp>1366.482774</timestamp>
			</report>
			<report>
				<misses>4146001</misses>
				<total>8</total>
				<timestamp>1366.812477</timestamp>
			</report>
			<report>
				<misses>4147001</misses>
				<total>8</total>
				<timestamp>1367.142071</timestamp>
			</report>
			<report>
				<misses>4148001</misses>
				<total>8</total>
				<timestamp>1367.471762</timestamp>
			</report>
			<report>
				<misses>4149001</misses>
				<total>8</total>
				<timestamp>1367.801437</timestamp>
			</report>
			<report>
				<misses>4150001</misses>
				<total>8</total>
				<timestamp>1368.131113</timestamp>
			</report>
			<report>
				<misses>4151001</misses>
				<total>8</total>
				<timestamp>1368.460812</timestamp>
			</report>
			<report>
				<misses>4152001</misses>
				<total>8</total>
				<timestamp>1368.790473</timestamp>
			</report>
			<report>
				<misses>4153001</misses>
				<total>8</total>
				<timestamp>1369.120110</timestamp>
			</report>
			<report>
				<misses>4154001</misses>
				<total>8</total>
				<timestamp>1369.449777</timestamp>
			</report>
			<report>
				<misses>4155001</misses>
				<total>8</total>
				<timestamp>1369.779453</timestamp>
			</report>
			<report>
				<misses>4156001</misses>
				<total>8</total>
				<timestamp>1370.109157</timestamp>
			</report>
			<report>
				<misses>4157001</misses>
				<total>8</total>
				<timestamp>1370.438806</timestamp>
			</report>
			<report>
				<misses>4158001</misses>
				<total>8</total>
				<timestamp>1370.768474</timestamp>
			</report>
			<report>
				<misses>4159001</misses>
				<total>8</total>
				<timestamp>1371.098147</timestamp>
			</report>
			<report>
				<misses>4160001</misses>
				<total>8</total>
				<timestamp>1371.427781</timestamp>
			</report>
			<report>
				<misses>4161001</misses>
				<total>8</total>
				<timestamp>1371.757464</timestamp>
			</report>
			<report>
				<misses>4162001</misses>
				<total>8</total>
				<timestamp>1372.087128</timestamp>
			</report>
			<report>
				<misses>4163001</misses>
				<total>8</total>
				<timestamp>1372.416808</timestamp>
			</report>
			<report>
				<misses>4164001</misses>
				<total>8</total>
				<timestamp>1372.746461</timestamp>
			</report>
			<report>
				<misses>4165001</misses>
				<total>8</total>
				<timestamp>1373.076133</timestamp>
			</report>
			<report>
				<misses>4166001</misses>
				<total>8</total>
				<timestamp>1373.405851</timestamp>
			</report>
			<report>
				<misses>4167001</misses>
				<total>8</total>
				<timestamp>1373.735494</timestamp>
			</report>
			<report>
				<misses>4168001</misses>
				<total>8</total>
				<timestamp>1374.065148</timestamp>
			</report>
			<report>
				<misses>4169001</misses>
				<total>8</total>
				<timestamp>1374.394863</timestamp>
			</report>
			<report>
				<misses>4170001</misses>
				<total>8</total>
				<timestamp>1374.724487</timestamp>
			</report>
			<report>
				<misses>4171001</misses>
				<total>8</total>
				<timestamp>1375.054164</timestamp>
			</report>
			<report>
				<misses>4172001</misses>
				<total>8</total>
				<timestamp>1375.383884</timestamp>
			</report>
			<report>
				<misses>4173001</misses>
				<total>8</total>
				<timestamp>1375.713506</timestamp>
			</report>
			<report>
				<misses>4174001</misses>
				<total>8</total>
				<timestamp>1376.043188</timestamp>
			</report>
			<report>
				<misses>4175001</misses>
				<total>8</total>
				<timestamp>1376.372845</timestamp>
			</report>
			<report>
				<misses>4176001</misses>
				<total>8</total>
				<timestamp>1376.702511</timestamp>
			</report>
			<report>
				<misses>4177001</misses>
				<total>8</total>
				<timestamp>1377.032187</timestamp>
			</report>
			<report>
				<misses>4178001</misses>
				<total>8</total>
				<timestamp>1377.361898</timestamp>
			</report>
			<report>
				<misses>4179001</misses>
				<total>8</total>
				<timestamp>1377.691513</timestamp>
			</report>
			<report>
				<misses>4180001</misses>
				<total>8</total>
				<timestamp>1378.021238</timestamp>
			</report>
			<report>
				<misses>4181001</misses>
				<total>8</total>
				<timestamp>1378.350883</timestamp>
			</report>
			<report>
				<misses>4182001</misses>
				<total>8</total>
				<timestamp>1378.680559</timestamp>
			</report>
			<report>
				<misses>4183001</misses>
				<total>8</total>
				<timestamp>1379.010265</timestamp>
			</report>
			<report>
				<misses>4184001</misses>
				<total>8</total>
				<timestamp>1379.339941</timestamp>
			</report>
			<report>
				<misses>4185001</misses>
				<total>8</total>
				<timestamp>1379.669545</timestamp>
			</report>
			<report>
				<misses>4186001</misses>
				<total>8</total>
				<timestamp>1379.999279</timestamp>
			</report>
			<report>
				<misses>4187001</misses>
				<total>8</total>
				<timestamp>1380.328888</timestamp>
			</report>
			<report>
				<misses>4188001</misses>
				<total>8</total>
				<timestamp>1380.658603</timestamp>
			</report>
			<report>
				<misses>4189001</misses>
				<total>8</total>
				<timestamp>1380.988276</timestamp>
			</report>
			<report>
				<misses>4190001</misses>
				<total>8</total>
				<timestamp>1381.317905</timestamp>
			</report>
			<report>
				<misses>4191001</misses>
				<total>8</total>
				<timestamp>1381.647575</timestamp>
			</report>
			<report>
				<misses>4192001</misses>
				<total>8</total>
				<timestamp>1381.977245</timestamp>
			</report>
			<report>
				<misses>4193001</misses>
				<total>8</total>
				<timestamp>1382.306892</timestamp>
			</report>
			<report>
				<misses>4194001</misses>
				<total>8</total>
				<timestamp>1382.636572</timestamp>
			</report>
			<report>
				<misses>4195001</misses>
				<total>8</total>
				<timestamp>1382.966243</timestamp>
			</report>
			<report>
				<misses>4196001</misses>
				<total>8</total>
				<timestamp>1383.295901</timestamp>
			</report>
			<report>
				<misses>4197001</misses>
				<total>8</total>
				<timestamp>1383.625590</timestamp>
			</report>
			<report>
				<misses>4198001</misses>
				<total>8</total>
				<timestamp>1383.955285</timestamp>
			</report>
			<report>
				<misses>4199001</misses>
				<total>8</total>
				<timestamp>1384.284924</timestamp>
			</report>
			<report>
				<misses>4200001</misses>
				<total>8</total>
				<timestamp>1384.614591</timestamp>
			</report>
			<report>
				<misses>4201001</misses>
				<total>8</total>
				<timestamp>1384.944281</timestamp>
			</report>
			<report>
				<misses>4202001</misses>
				<total>8</total>
				<timestamp>1385.273930</timestamp>
			</report>
			<report>
				<misses>4203001</misses>
				<total>8</total>
				<timestamp>1385.603670</timestamp>
			</report>
			<report>
				<misses>4204001</misses>
				<total>8</total>
				<timestamp>1385.933299</timestamp>
			</report>
			<report>
				<misses>4205001</misses>
				<total>8</total>
				<timestamp>1386.262934</timestamp>
			</report>
			<report>
				<misses>4206001</misses>
				<total>8</total>
				<timestamp>1386.592620</timestamp>
			</report>
			<report>
				<misses>4207001</misses>
				<total>8</total>
				<timestamp>1386.922277</timestamp>
			</report>
			<report>
				<misses>4208001</misses>
				<total>8</total>
				<timestamp>1387.251978</timestamp>
			</report>
			<report>
				<misses>4209001</misses>
				<total>8</total>
				<timestamp>1387.581637</timestamp>
			</report>
			<report>
				<misses>4210001</misses>
				<total>8</total>
				<timestamp>1387.911341</timestamp>
			</report>
			<report>
				<misses>4211001</misses>
				<total>8</total>
				<timestamp>1388.240951</timestamp>
			</report>
			<report>
				<misses>4212001</misses>
				<total>8</total>
				<timestamp>1388.570665</timestamp>
			</report>
			<report>
				<misses>4213001</misses>
				<total>8</total>
				<timestamp>1388.900335</timestamp>
			</report>
			<report>
				<misses>4214001</misses>
				<total>8</total>
				<timestamp>1389.229977</timestamp>
			</report>
			<report>
				<misses>4215001</misses>
				<total>8</total>
				<timestamp>1389.559674</timestamp>
			</report>
			<report>
				<misses>4216001</misses>
				<total>8</total>
				<timestamp>1389.889309</timestamp>
			</report>
			<report>
				<misses>4217001</misses>
				<total>8</total>
				<timestamp>1390.218993</timestamp>
			</report>
			<report>
				<misses>4218001</misses>
				<total>8</total>
				<timestamp>1390.548706</timestamp>
			</report>
			<report>
				<misses>4219001</misses>
				<total>8</total>
				<timestamp>1390.878351</timestamp>
			</report>
			<report>
				<misses>4220001</misses>
				<total>8</total>
				<timestamp>1391.207991</timestamp>
			</report>
			<report>
				<misses>4221001</misses>
				<total>8</total>
				<timestamp>1391.537665</timestamp>
			</report>
			<report>
				<misses>4222001</misses>
				<total>8</total>
				<timestamp>1391.867364</timestamp>
			</report>
			<report>
				<misses>4223001</misses>
				<total>8</total>
				<timestamp>1392.197010</timestamp>
			</report>
			<report>
				<misses>4224001</misses>
				<total>8</total>
				<timestamp>1392.526726</timestamp>
			</report>
			<report>
				<misses>4225001</misses>
				<total>8</total>
				<timestamp>1392.856371</timestamp>
			</report>
			<report>
				<misses>4226001</misses>
				<total>8</total>
				<timestamp>1393.185995</timestamp>
			</report>
			<report>
				<misses>4227001</misses>
				<total>8</total>
				<timestamp>1393.515675</timestamp>
			</report>
			<report>
				<misses>4228001</misses>
				<total>8</total>
				<timestamp>1393.845340</timestamp>
			</report>
			<report>
				<misses>4229001</misses>
				<total>8</total>
				<timestamp>1394.175026</timestamp>
			</report>
			<report>
				<misses>4230001</misses>
				<total>8</total>
				<timestamp>1394.504689</timestamp>
			</report>
			<report>
				<misses>4231001</misses>
				<total>8</total>
				<timestamp>1394.834347</timestamp>
			</report>
			<report>
				<misses>4232001</misses>
				<total>8</total>
				<timestamp>1395.164039</timestamp>
			</report>
			<report>
				<misses>4233001</misses>
				<total>8</total>
				<timestamp>1395.493735</timestamp>
			</report>
			<report>
				<misses>4234001</misses>
				<total>8</total>
				<timestamp>1395.823369</timestamp>
			</report>
			<report>
				<misses>4235001</misses>
				<total>8</total>
				<timestamp>1396.153038</timestamp>
			</report>
			<report>
				<misses>4236001</misses>
				<total>8</total>
				<timestamp>1396.482765</timestamp>
			</report>
			<report>
				<misses>4237001</misses>
				<total>8</total>
				<timestamp>1396.812382</timestamp>
			</report>
			<report>
				<misses>4238001</misses>
				<total>8</total>
				<timestamp>1397.142041</timestamp>
			</report>
			<report>
				<misses>4239001</misses>
				<total>8</total>
				<timestamp>1397.471713</timestamp>
			</report>
			<report>
				<misses>4240001</misses>
				<total>8</total>
				<timestamp>1397.801385</timestamp>
			</report>
			<report>
				<misses>4241001</misses>
				<total>8</total>
				<timestamp>1398.131077</timestamp>
			</report>
			<report>
				<misses>4242001</misses>
				<total>8</total>
				<timestamp>1398.460757</timestamp>
			</report>
			<report>
				<misses>4243001</misses>
				<total>8</total>
				<timestamp>1398.790402</timestamp>
			</report>
			<report>
				<misses>4244001</misses>
				<total>8</total>
				<timestamp>1399.120086</timestamp>
			</report>
			<report>
				<misses>4245001</misses>
				<total>8</total>
				<timestamp>1399.449781</timestamp>
			</report>
			<report>
				<misses>4246001</misses>
				<total>8</total>
				<timestamp>1399.779422</timestamp>
			</report>
			<report>
				<misses>4247001</misses>
				<total>8</total>
				<timestamp>1400.109131</timestamp>
			</report>
			<report>
				<misses>4248001</misses>
				<total>8</total>
				<timestamp>1400.438744</timestamp>
			</report>
			<report>
				<misses>4249001</misses>
				<total>8</total>
				<timestamp>1400.768442</timestamp>
			</report>
			<report>
				<misses>4250001</misses>
				<total>8</total>
				<timestamp>1401.098138</timestamp>
			</report>
			<report>
				<misses>4251001</misses>
				<total>8</total>
				<timestamp>1401.427822</timestamp>
			</report>
			<report>
				<misses>4252001</misses>
				<total>8</total>
				<timestamp>1401.757478</timestamp>
			</report>
			<report>
				<misses>4253001</misses>
				<total>8</total>
				<timestamp>1402.087111</timestamp>
			</report>
			<report>
				<misses>4254001</misses>
				<total>8</total>
				<timestamp>1402.416789</timestamp>
			</report>
			<report>
				<misses>4255001</misses>
				<total>8</total>
				<timestamp>1402.746444</timestamp>
			</report>
			<report>
				<misses>4256001</misses>
				<total>8</total>
				<timestamp>1403.076124</timestamp>
			</report>
			<report>
				<misses>4257001</misses>
				<total>8</total>
				<timestamp>1403.405787</timestamp>
			</report>
			<report>
				<misses>4258001</misses>
				<total>8</total>
				<timestamp>1403.735459</timestamp>
			</report>
			<report>
				<misses>4259001</misses>
				<total>8</total>
				<timestamp>1404.065169</timestamp>
			</report>
			<report>
				<misses>4260001</misses>
				<total>8</total>
				<timestamp>1404.394801</timestamp>
			</report>
			<report>
				<misses>4261001</misses>
				<total>8</total>
				<timestamp>1404.724465</timestamp>
			</report>
			<report>
				<misses>4262001</misses>
				<total>8</total>
				<timestamp>1405.054141</timestamp>
			</report>
			<report>
				<misses>4263001</misses>
				<total>8</total>
				<timestamp>1405.383809</timestamp>
			</report>
			<report>
				<misses>4264001</misses>
				<total>8</total>
				<timestamp>1405.713479</timestamp>
			</report>
			<report>
				<misses>4265001</misses>
				<total>8</total>
				<timestamp>1406.043179</timestamp>
			</report>
			<report>
				<misses>4266001</misses>
				<total>8</total>
				<timestamp>1406.372834</timestamp>
			</report>
			<report>
				<misses>4267001</misses>
				<total>8</total>
				<timestamp>1406.702497</timestamp>
			</report>
			<report>
				<misses>4268001</misses>
				<total>8</total>
				<timestamp>1407.032157</timestamp>
			</report>
			<report>
				<misses>4269001</misses>
				<total>8</total>
				<timestamp>1407.361813</timestamp>
			</report>
			<report>
				<misses>4270001</misses>
				<total>8</total>
				<timestamp>1407.691577</timestamp>
			</report>
			<report>
				<misses>4271001</misses>
				<total>8</total>
				<timestamp>1408.021209</timestamp>
			</report>
			<report>
				<misses>4272001</misses>
				<total>8</total>
				<timestamp>1408.350830</timestamp>
			</report>
			<report>
				<misses>4273001</misses>
				<total>8</total>
				<timestamp>1408.680601</timestamp>
			</report>
			<report>
				<misses>4274001</misses>
				<total>8</total>
				<timestamp>1409.010202</timestamp>
			</report>
			<report>
				<misses>4275001</misses>
				<total>8</total>
				<timestamp>1409.339846</timestamp>
			</report>
			<report>
				<misses>4276001</misses>
				<total>8</total>
				<timestamp>1409.669562</timestamp>
			</report>
			<report>
				<misses>4277001</misses>
				<total>8</total>
				<timestamp>1409.999205</timestamp>
			</report>
			<report>
				<misses>4278001</misses>
				<total>8</total>
				<timestamp>1410.328850</timestamp>
			</report>
			<report>
				<misses>4279001</misses>
				<total>8</total>
				<timestamp>1410.658568</timestamp>
			</report>
			<report>
				<misses>4280001</misses>
				<total>8</total>
				<timestamp>1410.988203</timestamp>
			</report>
			<report>
				<misses>4281001</misses>
				<total>8</total>
				<timestamp>1411.317854</timestamp>
			</report>
			<report>
				<misses>4282001</misses>
				<total>8</total>
				<timestamp>1411.647537</timestamp>
			</report>
			<report>
				<misses>4283001</misses>
				<total>8</total>
				<timestamp>1411.977190</timestamp>
			</report>
			<report>
				<misses>4284001</misses>
				<total>8</total>
				<timestamp>1412.306872</timestamp>
			</report>
			<report>
				<misses>4285001</misses>
				<total>8</total>
				<timestamp>1412.636550</timestamp>
			</report>
			<report>
				<misses>4286001</misses>
				<total>8</total>
				<timestamp>1412.966200</timestamp>
			</report>
			<report>
				<misses>4287001</misses>
				<total>8</total>
				<timestamp>1413.295943</timestamp>
			</report>
			<report>
				<misses>4288001</misses>
				<total>8</total>
				<timestamp>1413.625557</timestamp>
			</report>
			<report>
				<misses>4289001</misses>
				<total>8</total>
				<timestamp>1413.955231</timestamp>
			</report>
			<report>
				<misses>4290001</misses>
				<total>8</total>
				<timestamp>1414.284883</timestamp>
			</report>
			<report>
				<misses>4291001</misses>
				<total>8</total>
				<timestamp>1414.614621</timestamp>
			</report>
			<report>
				<misses>4292001</misses>
				<total>8</total>
				<timestamp>1414.944277</timestamp>
			</report>
			<report>
				<misses>4293001</misses>
				<total>8</total>
				<timestamp>1415.273896</timestamp>
			</report>
			<report>
				<misses>4294001</misses>
				<total>8</total>
				<timestamp>1415.603670</timestamp>
			</report>
			<report>
				<misses>4295001</misses>
				<total>8</total>
				<timestamp>1415.933256</timestamp>
			</report>
			<report>
				<misses>4296001</misses>
				<total>8</total>
				<timestamp>1416.262900</timestamp>
			</report>
			<report>
				<misses>4297001</misses>
				<total>8</total>
				<timestamp>1416.592595</timestamp>
			</report>
			<report>
				<misses>4298001</misses>
				<total>8</total>
				<timestamp>1416.922280</timestamp>
			</report>
			<report>
				<misses>4299001</misses>
				<total>8</total>
				<timestamp>1417.252033</timestamp>
			</report>
			<report>
				<misses>4300001</misses>
				<total>8</total>
				<timestamp>1417.581616</timestamp>
			</report>
			<report>
				<misses>4301001</misses>
				<total>8</total>
				<timestamp>1417.911263</timestamp>
			</report>
			<report>
				<misses>4302001</misses>
				<total>8</total>
				<timestamp>1418.240932</timestamp>
			</report>
			<report>
				<misses>4303001</misses>
				<total>8</total>
				<timestamp>1418.570589</timestamp>
			</report>
			<report>
				<misses>4304001</misses>
				<total>8</total>
				<timestamp>1418.900277</timestamp>
			</report>
			<report>
				<misses>4305001</misses>
				<total>8</total>
				<timestamp>1419.229950</timestamp>
			</report>
			<report>
				<misses>4306001</misses>
				<total>8</total>
				<timestamp>1419.559628</timestamp>
			</report>
			<report>
				<misses>4307001</misses>
				<total>8</total>
				<timestamp>1419.889270</timestamp>
			</report>
			<report>
				<misses>4308001</misses>
				<total>8</total>
				<timestamp>1420.218954</timestamp>
			</report>
			<report>
				<misses>4309001</misses>
				<total>8</total>
				<timestamp>1420.548691</timestamp>
			</report>
			<report>
				<misses>4310001</misses>
				<total>8</total>
				<timestamp>1420.878294</timestamp>
			</report>
			<report>
				<misses>4311001</misses>
				<total>8</total>
				<timestamp>1421.208016</timestamp>
			</report>
			<report>
				<misses>4312001</misses>
				<total>8</total>
				<timestamp>1421.537641</timestamp>
			</report>
			<report>
				<misses>4313001</misses>
				<total>8</total>
				<timestamp>1421.867300</timestamp>
			</report>
			<report>
				<misses>4314001</misses>
				<total>8</total>
				<timestamp>1422.196990</timestamp>
			</report>
			<report>
				<misses>4315001</misses>
				<total>8</total>
				<timestamp>1422.526653</timestamp>
			</report>
			<report>
				<misses>4316001</misses>
				<total>8</total>
				<timestamp>1422.856360</timestamp>
			</report>
			<report>
				<misses>4317001</misses>
				<total>8</total>
				<timestamp>1423.185993</timestamp>
			</report>
			<report>
				<misses>4318001</misses>
				<total>8</total>
				<timestamp>1423.515685</timestamp>
			</report>
			<report>
				<misses>4319001</misses>
				<total>8</total>
				<timestamp>1423.845310</timestamp>
			</report>
			<report>
				<misses>4320001</misses>
				<total>8</total>
				<timestamp>1424.174986</timestamp>
			</report>
			<report>
				<misses>4321001</misses>
				<total>8</total>
				<timestamp>1424.504655</timestamp>
			</report>
			<report>
				<misses>4322001</misses>
				<total>8</total>
				<timestamp>1424.834329</timestamp>
			</report>
			<report>
				<misses>4323001</misses>
				<total>8</total>
				<timestamp>1425.164010</timestamp>
			</report>
			<report>
				<misses>4324001</misses>
				<total>8</total>
				<timestamp>1425.493673</timestamp>
			</report>
			<report>
				<misses>4325001</misses>
				<total>8</total>
				<timestamp>1425.823327</timestamp>
			</report>
			<report>
				<misses>4326001</misses>
				<total>8</total>
				<timestamp>1426.153030</timestamp>
			</report>
			<report>
				<misses>4327001</misses>
				<total>8</total>
				<timestamp>1426.482672</timestamp>
			</report>
			<report>
				<misses>4328001</misses>
				<total>8</total>
				<timestamp>1426.812350</timestamp>
			</report>
			<report>
				<misses>4329001</misses>
				<total>8</total>
				<timestamp>1427.142024</timestamp>
			</report>
			<report>
				<misses>4330001</misses>
				<total>8</total>
				<timestamp>1427.471695</timestamp>
			</report>
			<report>
				<misses>4331001</misses>
				<total>8</total>
				<timestamp>1427.801360</timestamp>
			</report>
			<report>
				<misses>4332001</misses>
				<total>8</total>
				<timestamp>1428.131047</timestamp>
			</report>
			<report>
				<misses>4333001</misses>
				<total>8</total>
				<timestamp>1428.460705</timestamp>
			</report>
			<report>
				<misses>4334001</misses>
				<total>8</total>
				<timestamp>1428.790386</timestamp>
			</report>
			<report>
				<misses>4335001</misses>
				<total>8</total>
				<timestamp>1429.120105</timestamp>
			</report>
			<report>
				<misses>4336001</misses>
				<total>8</total>
				<timestamp>1429.449720</timestamp>
			</report>
			<report>
				<misses>4337001</misses>
				<total>8</total>
				<timestamp>1429.779373</timestamp>
			</report>
			<report>
				<misses>4338001</misses>
				<total>8</total>
				<timestamp>1430.109052</timestamp>
			</report>
			<report>
				<misses>4339001</misses>
				<total>8</total>
				<timestamp>1430.438723</timestamp>
			</report>
			<report>
				<misses>4340001</misses>
				<total>8</total>
				<timestamp>1430.768388</timestamp>
			</report>
			<report>
				<misses>4341001</misses>
				<total>8</total>
				<timestamp>1431.098086</timestamp>
			</report>
			<report>
				<misses>4342001</misses>
				<total>8</total>
				<timestamp>1431.427738</timestamp>
			</report>
			<report>
				<misses>4343001</misses>
				<total>8</total>
				<timestamp>1431.757389</timestamp>
			</report>
			<report>
				<misses>4344001</misses>
				<total>8</total>
				<timestamp>1432.087125</timestamp>
			</report>
			<report>
				<misses>4345001</misses>
				<total>8</total>
				<timestamp>1432.416733</timestamp>
			</report>
			<report>
				<misses>4346001</misses>
				<total>8</total>
				<timestamp>1432.746478</timestamp>
			</report>
			<report>
				<misses>4347001</misses>
				<total>8</total>
				<timestamp>1433.076102</timestamp>
			</report>
			<report>
				<misses>4348001</misses>
				<total>8</total>
				<timestamp>1433.405740</timestamp>
			</report>
			<report>
				<misses>4349001</misses>
				<total>8</total>
				<timestamp>1433.735467</timestamp>
			</report>
			<report>
				<misses>4350001</misses>
				<total>8</total>
				<timestamp>1434.065112</timestamp>
			</report>
			<report>
				<misses>4351001</misses>
				<total>8</total>
				<timestamp>1434.394745</timestamp>
			</report>
			<report>
				<misses>4352001</misses>
				<total>8</total>
				<timestamp>1434.724490</timestamp>
			</report>
			<report>
				<misses>4353001</misses>
				<total>8</total>
				<timestamp>1435.054109</timestamp>
			</report>
			<report>
				<misses>4354001</misses>
				<total>8</total>
				<timestamp>1435.383752</timestamp>
			</report>
			<report>
				<misses>4355001</misses>
				<total>8</total>
				<timestamp>1435.713457</timestamp>
			</report>
			<report>
				<misses>4356001</misses>
				<total>8</total>
				<timestamp>1436.043114</timestamp>
			</report>
			<report>
				<misses>4357001</misses>
				<total>8</total>
				<timestamp>1436.372787</timestamp>
			</report>
			<report>
				<misses>4358001</misses>
				<total>8</total>
				<timestamp>1436.702512</timestamp>
			</report>
			<report>
				<misses>4359001</misses>
				<total>8</total>
				<timestamp>1437.032124</timestamp>
			</report>
			<report>
				<misses>4360001</misses>
				<total>8</total>
				<timestamp>1437.361801</timestamp>
			</report>
			<report>
				<misses>4361001</misses>
				<total>8</total>
				<timestamp>1437.691551</timestamp>
			</report>
			<report>
				<misses>4362001</misses>
				<total>8</total>
				<timestamp>1438.021128</timestamp>
			</report>
			<report>
				<misses>4363001</misses>
				<total>8</total>
				<timestamp>1438.350847</timestamp>
			</report>
			<report>
				<misses>4364001</misses>
				<total>8</total>
				<timestamp>1438.680511</timestamp>
			</report>
			<report>
				<misses>4365001</misses>
				<total>8</total>
				<timestamp>1439.010152</timestamp>
			</report>
			<report>
				<misses>4366001</misses>
				<total>8</total>
				<timestamp>1439.339817</timestamp>
			</report>
			<report>
				<misses>4367001</misses>
				<total>8</total>
				<timestamp>1439.669541</timestamp>
			</report>
			<report>
				<misses>4368001</misses>
				<total>8</total>
				<timestamp>1439.999153</timestamp>
			</report>
			<report>
				<misses>4369001</misses>
				<total>8</total>
				<timestamp>1440.328829</timestamp>
			</report>
			<report>
				<misses>4370001</misses>
				<total>8</total>
				<timestamp>1440.658562</timestamp>
			</report>
			<report>
				<misses>4371001</misses>
				<total>8</total>
				<timestamp>1440.988171</timestamp>
			</report>
			<report>
				<misses>4372001</misses>
				<total>8</total>
				<timestamp>1441.317828</timestamp>
			</report>
			<report>
				<misses>4373001</misses>
				<total>8</total>
				<timestamp>1441.647509</timestamp>
			</report>
			<report>
				<misses>4374001</misses>
				<total>8</total>
				<timestamp>1441.977183</timestamp>
			</report>
			<report>
				<misses>4375001</misses>
				<total>8</total>
				<timestamp>1442.306896</timestamp>
			</report>
			<report>
				<misses>4376001</misses>
				<total>8</total>
				<timestamp>1442.636540</timestamp>
			</report>
			<report>
				<misses>4377001</misses>
				<total>8</total>
				<timestamp>1442.966180</timestamp>
			</report>
			<report>
				<misses>4378001</misses>
				<total>8</total>
				<timestamp>1443.295916</timestamp>
			</report>
			<report>
				<misses>4379001</misses>
				<total>8</total>
				<timestamp>1443.625534</timestamp>
			</report>
			<report>
				<misses>4380001</misses>
				<total>8</total>
				<timestamp>1443.955220</timestamp>
			</report>
			<report>
				<misses>4381001</misses>
				<total>8</total>
				<timestamp>1444.284877</timestamp>
			</report>
			<report>
				<misses>4382001</misses>
				<total>8</total>
				<timestamp>1444.614515</timestamp>
			</report>
			<report>
				<misses>4383001</misses>
				<total>8</total>
				<timestamp>1444.944265</timestamp>
			</report>
			<report>
				<misses>4384001</misses>
				<total>8</total>
				<timestamp>1445.273884</timestamp>
			</report>
			<report>
				<misses>4385001</misses>
				<total>8</total>
				<timestamp>1445.603559</timestamp>
			</report>
			<report>
				<misses>4386001</misses>
				<total>8</total>
				<timestamp>1445.933213</timestamp>
			</report>
			<report>
				<misses>4387001</misses>
				<total>8</total>
				<timestamp>1446.262896</timestamp>
			</report>
			<report>
				<misses>4388001</misses>
				<total>8</total>
				<timestamp>1446.592539</timestamp>
			</report>
			<report>
				<misses>4389001</misses>
				<total>8</total>
				<timestamp>1446.922220</timestamp>
			</report>
			<report>
				<misses>4390001</misses>
				<total>8</total>
				<timestamp>1447.251890</timestamp>
			</report>
			<report>
				<misses>4391001</misses>
				<total>8</total>
				<timestamp>1447.581548</timestamp>
			</report>
			<report>
				<misses>4392001</misses>
				<total>8</total>
				<timestamp>1447.911230</timestamp>
			</report>
			<report>
				<misses>4393001</misses>
				<total>8</total>
				<timestamp>1448.240916</timestamp>
			</report>
			<report>
				<misses>4394001</misses>
				<total>8</total>
				<timestamp>1448.570556</timestamp>
			</report>
			<report>
				<misses>4395001</misses>
				<total>8</total>
				<timestamp>1448.900244</timestamp>
			</report>
			<report>
				<misses>4396001</misses>
				<total>8</total>
				<timestamp>1449.229979</timestamp>
			</report>
			<report>
				<misses>4397001</misses>
				<total>8</total>
				<timestamp>1449.559568</timestamp>
			</report>
			<report>
				<misses>4398001</misses>
				<total>8</total>
				<timestamp>1449.889250</timestamp>
			</report>
			<report>
				<misses>4399001</misses>
				<total>8</total>
				<timestamp>1450.218926</timestamp>
			</report>
			<report>
				<misses>4400001</misses>
				<total>8</total>
				<timestamp>1450.548578</timestamp>
			</report>
			<report>
				<misses>4401001</misses>
				<total>8</total>
				<timestamp>1450.878258</timestamp>
			</report>
			<report>
				<misses>4402001</misses>
				<total>8</total>
				<timestamp>1451.208034</timestamp>
			</report>
			<report>
				<misses>4403001</misses>
				<total>8</total>
				<timestamp>1451.537617</timestamp>
			</report>
			<report>
				<misses>4404001</misses>
				<total>8</total>
				<timestamp>1451.867263</timestamp>
			</report>
			<report>
				<misses>4405001</misses>
				<total>8</total>
				<timestamp>1452.196945</timestamp>
			</report>
			<report>
				<misses>4406001</misses>
				<total>8</total>
				<timestamp>1452.526639</timestamp>
			</report>
			<report>
				<misses>4407001</misses>
				<total>8</total>
				<timestamp>1452.856292</timestamp>
			</report>
			<report>
				<misses>4408001</misses>
				<total>8</total>
				<timestamp>1453.185938</timestamp>
			</report>
			<report>
				<misses>4409001</misses>
				<total>8</total>
				<timestamp>1453.515620</timestamp>
			</report>
			<report>
				<misses>4410001</misses>
				<total>8</total>
				<timestamp>1453.845358</timestamp>
			</report>
			<report>
				<misses>4411001</misses>
				<total>8</total>
				<timestamp>1454.174973</timestamp>
			</report>
			<report>
				<misses>4412001</misses>
				<total>8</total>
				<timestamp>1454.504621</timestamp>
			</report>
			<report>
				<misses>4413001</misses>
				<total>8</total>
				<timestamp>1454.834293</timestamp>
			</report>
			<report>
				<misses>4414001</misses>
				<total>8</total>
				<timestamp>1455.163967</timestamp>
			</report>
			<report>
				<misses>4415001</misses>
				<total>8</total>
				<timestamp>1455.493631</timestamp>
			</report>
			<report>
				<misses>4416001</misses>
				<total>8</total>
				<timestamp>1455.823361</timestamp>
			</report>
			<report>
				<misses>4417001</misses>
				<total>8</total>
				<timestamp>1456.153010</timestamp>
			</report>
			<report>
				<misses>4418001</misses>
				<total>8</total>
				<timestamp>1456.482641</timestamp>
			</report>
			<report>
				<misses>4419001</misses>
				<total>8</total>
				<timestamp>1456.812376</timestamp>
			</report>
			<report>
				<misses>4420001</misses>
				<total>8</total>
				<timestamp>1457.142008</timestamp>
			</report>
			<report>
				<misses>4421001</misses>
				<total>8</total>
				<timestamp>1457.471666</timestamp>
			</report>
			<report>
				<misses>4422001</misses>
				<total>8</total>
				<timestamp>1457.801360</timestamp>
			</report>
			<report>
				<misses>4423001</misses>
				<total>8</total>
				<timestamp>1458.131006</timestamp>
			</report>
			<report>
				<misses>4424001</misses>
				<total>8</total>
				<timestamp>1458.460673</timestamp>
			</report>
			<report>
				<misses>4425001</misses>
				<total>8</total>
				<timestamp>1458.790364</timestamp>
			</report>
			<report>
				<misses>4426001</misses>
				<total>8</total>
				<timestamp>1459.120016</timestamp>
			</report>
			<report>
				<misses>4427001</misses>
				<total>8</total>
				<timestamp>1459.449692</timestamp>
			</report>
			<report>
				<misses>4428001</misses>
				<total>8</total>
				<timestamp>1459.779357</timestamp>
			</report>
			<report>
				<misses>4429001</misses>
				<total>8</total>
				<timestamp>1460.109012</timestamp>
			</report>
			<report>
				<misses>4430001</misses>
				<total>8</total>
				<timestamp>1460.438691</timestamp>
			</report>
			<report>
				<misses>4431001</misses>
				<total>8</total>
				<timestamp>1460.768399</timestamp>
			</report>
			<report>
				<misses>4432001</misses>
				<total>8</total>
				<timestamp>1461.098040</timestamp>
			</report>
			<report>
				<misses>4433001</misses>
				<total>8</total>
				<timestamp>1461.427726</timestamp>
			</report>
			<report>
				<misses>4434001</misses>
				<total>8</total>
				<timestamp>1461.757423</timestamp>
			</report>
			<report>
				<misses>4435001</misses>
				<total>8</total>
				<timestamp>1462.087054</timestamp>
			</report>
			<report>
				<misses>4436001</misses>
				<total>8</total>
				<timestamp>1462.416744</timestamp>
			</report>
			<report>
				<misses>4437001</misses>
				<total>8</total>
				<timestamp>1462.746393</timestamp>
			</report>
			<report>
				<misses>4438001</misses>
				<total>8</total>
				<timestamp>1463.076049</timestamp>
			</report>
			<report>
				<misses>4439001</misses>
				<total>8</total>
				<timestamp>1463.405744</timestamp>
			</report>
			<report>
				<misses>4440001</misses>
				<total>8</total>
				<timestamp>1463.735406</timestamp>
			</report>
			<report>
				<misses>4441001</misses>
				<total>8</total>
				<timestamp>1464.065065</timestamp>
			</report>
			<report>
				<misses>4442001</misses>
				<total>8</total>
				<timestamp>1464.394765</timestamp>
			</report>
			<report>
				<misses>4443001</misses>
				<total>8</total>
				<timestamp>1464.724421</timestamp>
			</report>
			<report>
				<misses>4444001</misses>
				<total>8</total>
				<timestamp>1465.054071</timestamp>
			</report>
			<report>
				<misses>4445001</misses>
				<total>8</total>
				<timestamp>1465.383735</timestamp>
			</report>
			<report>
				<misses>4446001</misses>
				<total>8</total>
				<timestamp>1465.713426</timestamp>
			</report>
			<report>
				<misses>4447001</misses>
				<total>8</total>
				<timestamp>1466.043077</timestamp>
			</report>
			<report>
				<misses>4448001</misses>
				<total>8</total>
				<timestamp>1466.372741</timestamp>
			</report>
			<report>
				<misses>4449001</misses>
				<total>8</total>
				<timestamp>1466.702433</timestamp>
			</report>
			<report>
				<misses>4450001</misses>
				<total>8</total>
				<timestamp>1467.032094</timestamp>
			</report>
			<report>
				<misses>4451001</misses>
				<total>8</total>
				<timestamp>1467.361751</timestamp>
			</report>
			<report>
				<misses>4452001</misses>
				<total>8</total>
				<timestamp>1467.691458</timestamp>
			</report>
			<report>
				<misses>4453001</misses>
				<total>8</total>
				<timestamp>1468.021157</timestamp>
			</report>
			<report>
				<misses>4454001</misses>
				<total>8</total>
				<timestamp>1468.350806</timestamp>
			</report>
			<report>
				<misses>4455001</misses>
				<total>8</total>
				<timestamp>1468.680431</timestamp>
			</report>
			<report>
				<misses>4456001</misses>
				<total>8</total>
				<timestamp>1469.010109</timestamp>
			</report>
			<report>
				<misses>4457001</misses>
				<total>8</total>
				<timestamp>1469.339771</timestamp>
			</report>
			<report>
				<misses>4458001</misses>
				<total>8</total>
				<timestamp>1469.669435</timestamp>
			</report>
			<report>
				<misses>4459001</misses>
				<total>8</total>
				<timestamp>1469.999135</timestamp>
			</report>
			<report>
				<misses>4460001</misses>
				<total>8</total>
				<timestamp>1470.328798</timestamp>
			</report>
			<report>
				<misses>4461001</misses>
				<total>8</total>
				<timestamp>1470.658466</timestamp>
			</report>
			<report>
				<misses>4462001</misses>
				<total>8</total>
				<timestamp>1470.988128</timestamp>
			</report>
			<report>
				<misses>4463001</misses>
				<total>8</total>
				<timestamp>1471.317822</timestamp>
			</report>
			<report>
				<misses>4464001</misses>
				<total>8</total>
				<timestamp>1471.647475</timestamp>
			</report>
			<report>
				<misses>4465001</misses>
				<total>8</total>
				<timestamp>1471.977163</timestamp>
			</report>
			<report>
				<misses>4466001</misses>
				<total>8</total>
				<timestamp>1472.306835</timestamp>
			</report>
			<report>
				<misses>4467001</misses>
				<total>8</total>
				<timestamp>1472.636493</timestamp>
			</report>
			<report>
				<misses>4468001</misses>
				<total>8</total>
				<timestamp>1472.966138</timestamp>
			</report>
			<report>
				<misses>4469001</misses>
				<total>8</total>
				<timestamp>1473.295825</timestamp>
			</report>
			<report>
				<misses>4470001</misses>
				<total>8</total>
				<timestamp>1473.625484</timestamp>
			</report>
			<report>
				<misses>4471001</misses>
				<total>8</total>
				<timestamp>1473.955151</timestamp>
			</report>
			<report>
				<misses>4472001</misses>
				<total>8</total>
				<timestamp>1474.284833</timestamp>
			</report>
			<report>
				<misses>4473001</misses>
				<total>8</total>
				<timestamp>1474.614530</timestamp>
			</report>
			<report>
				<misses>4474001</misses>
				<total>8</total>
				<timestamp>1474.944161</timestamp>
			</report>
			<report>
				<misses>4475001</misses>
				<total>8</total>
				<timestamp>1475.273839</timestamp>
			</report>
			<report>
				<misses>4476001</misses>
				<total>8</total>
				<timestamp>1475.603507</timestamp>
			</report>
			<report>
				<misses>4477001</misses>
				<total>8</total>
				<timestamp>1475.933251</timestamp>
			</report>
			<report>
				<misses>4478001</misses>
				<total>8</total>
				<timestamp>1476.262851</timestamp>
			</report>
			<report>
				<misses>4479001</misses>
				<total>8</total>
				<timestamp>1476.592514</timestamp>
			</report>
			<report>
				<misses>4480001</misses>
				<total>8</total>
				<timestamp>1476.922253</timestamp>
			</report>
			<report>
				<misses>4481001</misses>
				<total>8</total>
				<timestamp>1477.251904</timestamp>
			</report>
			<report>
				<misses>4482001</misses>
				<total>8</total>
				<timestamp>1477.581520</timestamp>
			</report>
			<report>
				<misses>4483001</misses>
				<total>8</total>
				<timestamp>1477.911212</timestamp>
			</report>
			<report>
				<misses>4484001</misses>
				<total>8</total>
				<timestamp>1478.240867</timestamp>
			</report>
			<report>
				<misses>4485001</misses>
				<total>8</total>
				<timestamp>1478.570547</timestamp>
			</report>
			<report>
				<misses>4486001</misses>
				<total>8</total>
				<timestamp>1478.900214</timestamp>
			</report>
			<report>
				<misses>4487001</misses>
				<total>8</total>
				<timestamp>1479.229875</timestamp>
			</report>
			<report>
				<misses>4488001</misses>
				<total>8</total>
				<timestamp>1479.559564</timestamp>
			</report>
			<report>
				<misses>4489001</misses>
				<total>8</total>
				<timestamp>1479.889237</timestamp>
			</report>
			<report>
				<misses>4490001</misses>
				<total>8</total>
				<timestamp>1480.218885</timestamp>
			</report>
			<report>
				<misses>4491001</misses>
				<total>8</total>
				<timestamp>1480.548561</timestamp>
			</report>
			<report>
				<misses>4492001</misses>
				<total>8</total>
				<timestamp>1480.878224</timestamp>
			</report>
			<report>
				<misses>4493001</misses>
				<total>8</total>
				<timestamp>1481.207906</timestamp>
			</report>
			<report>
				<misses>4494001</misses>
				<total>8</total>
				<timestamp>1481.537642</timestamp>
			</report>
			<report>
				<misses>4495001</misses>
				<total>8</total>
				<timestamp>1481.867262</timestamp>
			</report>
			<report>
				<misses>4496001</misses>
				<total>8</total>
				<timestamp>1482.196916</timestamp>
			</report>
			<report>
				<misses>4497001</misses>
				<total>8</total>
				<timestamp>1482.526613</timestamp>
			</report>
			<report>
				<misses>4498001</misses>
				<total>8</total>
				<timestamp>1482.856288</timestamp>
			</report>
			<report>
				<misses>4499001</misses>
				<total>8</total>
				<timestamp>1483.185933</timestamp>
			</report>
			<report>
				<misses>4500001</misses>
				<total>8</total>
				<timestamp>1483.515631</timestamp>
			</report>
			<report>
				<misses>4501001</misses>
				<total>8</total>
				<timestamp>1483.845298</timestamp>
			</report>
			<report>
				<misses>4502001</misses>
				<total>8</total>
				<timestamp>1484.174931</timestamp>
			</report>
			<report>
				<misses>4503001</misses>
				<total>8</total>
				<timestamp>1484.504614</timestamp>
			</report>
			<report>
				<misses>4504001</misses>
				<total>8</total>
				<timestamp>1484.834331</timestamp>
			</report>
			<report>
				<misses>4505001</misses>
				<total>8</total>
				<timestamp>1485.163956</timestamp>
			</report>
			<report>
				<misses>4506001</misses>
				<total>8</total>
				<timestamp>1485.493623</timestamp>
			</report>
			<report>
				<misses>4507001</misses>
				<total>8</total>
				<timestamp>1485.823346</timestamp>
			</report>
			<report>
				<misses>4508001</misses>
				<total>8</total>
				<timestamp>1486.152955</timestamp>
			</report>
			<report>
				<misses>4509001</misses>
				<total>8</total>
				<timestamp>1486.482621</timestamp>
			</report>
			<report>
				<misses>4510001</misses>
				<total>8</total>
				<timestamp>1486.812328</timestamp>
			</report>
			<report>
				<misses>4511001</misses>
				<total>8</total>
				<timestamp>1487.141950</timestamp>
			</report>
			<report>
				<misses>4512001</misses>
				<total>8</total>
				<timestamp>1487.471638</timestamp>
			</report>
			<report>
				<misses>4513001</misses>
				<total>8</total>
				<timestamp>1487.801344</timestamp>
			</report>
			<report>
				<misses>4514001</misses>
				<total>8</total>
				<timestamp>1488.130982</timestamp>
			</report>
			<report>
				<misses>4515001</misses>
				<total>8</total>
				<timestamp>1488.460642</timestamp>
			</report>
			<report>
				<misses>4516001</misses>
				<total>8</total>
				<timestamp>1488.790356</timestamp>
			</report>
			<report>
				<misses>4517001</misses>
				<total>8</total>
				<timestamp>1489.120001</timestamp>
			</report>
			<report>
				<misses>4518001</misses>
				<total>8</total>
				<timestamp>1489.449667</timestamp>
			</report>
			<report>
				<misses>4519001</misses>
				<total>8</total>
				<timestamp>1489.779319</timestamp>
			</report>
			<report>
				<misses>4520001</misses>
				<total>8</total>
				<timestamp>1490.108986</timestamp>
			</report>
			<report>
				<misses>4521001</misses>
				<total>8</total>
				<timestamp>1490.438660</timestamp>
			</report>
			<report>
				<misses>4522001</misses>
				<total>8</total>
				<timestamp>1490.768399</timestamp>
			</report>
			<report>
				<misses>4523001</misses>
				<total>8</total>
				<timestamp>1491.097991</timestamp>
			</report>
			<report>
				<misses>4524001</misses>
				<total>8</total>
				<timestamp>1491.427715</timestamp>
			</report>
			<report>
				<misses>4525001</misses>
				<total>8</total>
				<timestamp>1491.757424</timestamp>
			</report>
			<report>
				<misses>4526001</misses>
				<total>8</total>
				<timestamp>1492.087005</timestamp>
			</report>
			<report>
				<misses>4527001</misses>
				<total>8</total>
				<timestamp>1492.416681</timestamp>
			</report>
			<report>
				<misses>4528001</misses>
				<total>8</total>
				<timestamp>1492.746349</timestamp>
			</report>
			<report>
				<misses>4529001</misses>
				<total>8</total>
				<timestamp>1493.076023</timestamp>
			</report>
			<report>
				<misses>4530001</misses>
				<total>8</total>
				<timestamp>1493.405681</timestamp>
			</report>
			<report>
				<misses>4531001</misses>
				<total>8</total>
				<timestamp>1493.735379</timestamp>
			</report>
			<report>
				<misses>4532001</misses>
				<total>8</total>
				<timestamp>1494.065022</timestamp>
			</report>
			<report>
				<misses>4533001</misses>
				<total>8</total>
				<timestamp>1494.394706</timestamp>
			</report>
			<report>
				<misses>4534001</misses>
				<total>8</total>
				<timestamp>1494.724387</timestamp>
			</report>
			<report>
				<misses>4535001</misses>
				<total>8</total>
				<timestamp>1495.054057</timestamp>
			</report>
			<report>
				<misses>4536001</misses>
				<total>8</total>
				<timestamp>1495.383814</timestamp>
			</report>
			<report>
				<misses>4537001</misses>
				<total>8</total>
				<timestamp>1495.713360</timestamp>
			</report>
			<report>
				<misses>4538001</misses>
				<total>8</total>
				<timestamp>1496.043032</timestamp>
			</report>
			<report>
				<misses>4539001</misses>
				<total>8</total>
				<timestamp>1496.372718</timestamp>
			</report>
			<report>
				<misses>4540001</misses>
				<total>8</total>
				<timestamp>1496.702384</timestamp>
			</report>
			<report>
				<misses>4541001</misses>
				<total>8</total>
				<timestamp>1497.032083</timestamp>
			</report>
			<report>
				<misses>4542001</misses>
				<total>8</total>
				<timestamp>1497.361721</timestamp>
			</report>
			<report>
				<misses>4543001</misses>
				<total>8</total>
				<timestamp>1497.691385</timestamp>
			</report>
			<report>
				<misses>4544001</misses>
				<total>8</total>
				<timestamp>1498.021062</timestamp>
			</report>
			<report>
				<misses>4545001</misses>
				<total>8</total>
				<timestamp>1498.350762</timestamp>
			</report>
			<report>
				<misses>4546001</misses>
				<total>8</total>
				<timestamp>1498.680412</timestamp>
			</report>
			<report>
				<misses>4547001</misses>
				<total>8</total>
				<timestamp>1499.010099</timestamp>
			</report>
			<report>
				<misses>4548001</misses>
				<total>8</total>
				<timestamp>1499.339750</timestamp>
			</report>
			<report>
				<misses>4549001</misses>
				<total>8</total>
				<timestamp>1499.669453</timestamp>
			</report>
			<report>
				<misses>4550001</misses>
				<total>8</total>
				<timestamp>1499.999118</timestamp>
			</report>
			<report>
				<misses>4551001</misses>
				<total>8</total>
				<timestamp>1500.328755</timestamp>
			</report>
			<report>
				<misses>4552001</misses>
				<total>8</total>
				<timestamp>1500.658442</timestamp>
			</report>
			<report>
				<misses>4553001</misses>
				<total>8</total>
				<timestamp>1500.988114</timestamp>
			</report>
			<report>
				<misses>4554001</misses>
				<total>8</total>
				<timestamp>1501.317854</timestamp>
			</report>
			<report>
				<misses>4555001</misses>
				<total>8</total>
				<timestamp>1501.647465</timestamp>
			</report>
			<report>
				<misses>4556001</misses>
				<total>8</total>
				<timestamp>1501.977169</timestamp>
			</report>
			<report>
				<misses>4557001</misses>
				<total>8</total>
				<timestamp>1502.306783</timestamp>
			</report>
			<report>
				<misses>4558001</misses>
				<total>8</total>
				<timestamp>1502.636507</timestamp>
			</report>
			<report>
				<misses>4559001</misses>
				<total>8</total>
				<timestamp>1502.966163</timestamp>
			</report>
			<report>
				<misses>4560001</misses>
				<total>8</total>
				<timestamp>1503.295815</timestamp>
			</report>
			<report>
				<misses>4561001</misses>
				<total>8</total>
				<timestamp>1503.625473</timestamp>
			</report>
			<report>
				<misses>4562001</misses>
				<total>8</total>
				<timestamp>1503.955159</timestamp>
			</report>
			<report>
				<misses>4563001</misses>
				<total>8</total>
				<timestamp>1504.284792</timestamp>
			</report>
			<report>
				<misses>4564001</misses>
				<total>8</total>
				<timestamp>1504.614514</timestamp>
			</report>
			<report>
				<misses>4565001</misses>
				<total>8</total>
				<timestamp>1504.944192</timestamp>
			</report>
			<report>
				<misses>4566001</misses>
				<total>8</total>
				<timestamp>1505.273829</timestamp>
			</report>
			<report>
				<misses>4567001</misses>
				<total>8</total>
				<timestamp>1505.603491</timestamp>
			</report>
			<report>
				<misses>4568001</misses>
				<total>8</total>
				<timestamp>1505.933211</timestamp>
			</report>
			<report>
				<misses>4569001</misses>
				<total>8</total>
				<timestamp>1506.262820</timestamp>
			</report>
			<report>
				<misses>4570001</misses>
				<total>8</total>
				<timestamp>1506.592530</timestamp>
			</report>
			<report>
				<misses>4571001</misses>
				<total>8</total>
				<timestamp>1506.922241</timestamp>
			</report>
			<report>
				<misses>4572001</misses>
				<total>8</total>
				<timestamp>1507.251840</timestamp>
			</report>
			<report>
				<misses>4573001</misses>
				<total>8</total>
				<timestamp>1507.581535</timestamp>
			</report>
			<report>
				<misses>4574001</misses>
				<total>8</total>
				<timestamp>1507.911212</timestamp>
			</report>
			<report>
				<misses>4575001</misses>
				<total>8</total>
				<timestamp>1508.240847</timestamp>
			</report>
			<report>
				<misses>4576001</misses>
				<total>8</total>
				<timestamp>1508.570531</timestamp>
			</report>
			<report>
				<misses>4577001</misses>
				<total>8</total>
				<timestamp>1508.900221</timestamp>
			</report>
			<report>
				<misses>4578001</misses>
				<total>8</total>
				<timestamp>1509.229876</timestamp>
			</report>
			<report>
				<misses>4579001</misses>
				<total>8</total>
				<timestamp>1509.559553</timestamp>
			</report>
			<report>
				<misses>4580001</misses>
				<total>8</total>
				<timestamp>1509.889270</timestamp>
			</report>
			<report>
				<misses>4581001</misses>
				<total>8</total>
				<timestamp>1510.218869</timestamp>
			</report>
			<report>
				<misses>4582001</misses>
				<total>8</total>
				<timestamp>1510.548537</timestamp>
			</report>
			<report>
				<misses>4583001</misses>
				<total>8</total>
				<timestamp>1510.878226</timestamp>
			</report>
			<report>
				<misses>4584001</misses>
				<total>8</total>
				<timestamp>1511.207877</timestamp>
			</report>
			<report>
				<misses>4585001</misses>
				<total>8</total>
				<timestamp>1511.537558</timestamp>
			</report>
			<report>
				<misses>4586001</misses>
				<total>8</total>
				<timestamp>1511.867244</timestamp>
			</report>
			<report>
				<misses>4587001</misses>
				<total>8</total>
				<timestamp>1512.196883</timestamp>
			</report>
			<report>
				<misses>4588001</misses>
				<total>8</total>
				<timestamp>1512.526560</timestamp>
			</report>
			<report>
				<misses>4589001</misses>
				<total>8</total>
				<timestamp>1512.856244</timestamp>
			</report>
			<report>
				<misses>4590001</misses>
				<total>8</total>
				<timestamp>1513.185890</timestamp>
			</report>
			<report>
				<misses>4591001</misses>
				<total>8</total>
				<timestamp>1513.515565</timestamp>
			</report>
			<report>
				<misses>4592001</misses>
				<total>8</total>
				<timestamp>1513.845238</timestamp>
			</report>
			<report>
				<misses>4593001</misses>
				<total>8</total>
				<timestamp>1514.174940</timestamp>
			</report>
			<report>
				<misses>4594001</misses>
				<total>8</total>
				<timestamp>1514.504619</timestamp>
			</report>
			<report>
				<misses>4595001</misses>
				<total>8</total>
				<timestamp>1514.834236</timestamp>
			</report>
			<report>
				<misses>4596001</misses>
				<total>8</total>
				<timestamp>1515.163910</timestamp>
			</report>
			<report>
				<misses>4597001</misses>
				<total>8</total>
				<timestamp>1515.493605</timestamp>
			</report>
			<report>
				<misses>4598001</misses>
				<total>8</total>
				<timestamp>1515.823240</timestamp>
			</report>
			<report>
				<misses>4599001</misses>
				<total>8</total>
				<timestamp>1516.152932</timestamp>
			</report>
			<report>
				<misses>4600001</misses>
				<total>8</total>
				<timestamp>1516.482582</timestamp>
			</report>
			<report>
				<misses>4601001</misses>
				<total>8</total>
				<timestamp>1516.812306</timestamp>
			</report>
			<report>
				<misses>4602001</misses>
				<total>8</total>
				<timestamp>1517.141925</timestamp>
			</report>
			<report>
				<misses>4603001</misses>
				<total>8</total>
				<timestamp>1517.471599</timestamp>
			</report>
			<report>
				<misses>4604001</misses>
				<total>8</total>
				<timestamp>1517.801285</timestamp>
			</report>
			<report>
				<misses>4605001</misses>
				<total>8</total>
				<timestamp>1518.130949</timestamp>
			</report>
			<report>
				<misses>4606001</misses>
				<total>8</total>
				<timestamp>1518.460664</timestamp>
			</report>
			<report>
				<misses>4607001</misses>
				<total>8</total>
				<timestamp>1518.790293</timestamp>
			</report>
			<report>
				<misses>4608001</misses>
				<total>8</total>
				<timestamp>1519.119938</timestamp>
			</report>
			<report>
				<misses>4609001</misses>
				<total>8</total>
				<timestamp>1519.449650</timestamp>
			</report>
			<report>
				<misses>4610001</misses>
				<total>8</total>
				<timestamp>1519.779295</timestamp>
			</report>
			<report>
				<misses>4611001</misses>
				<total>8</total>
				<timestamp>1520.108965</timestamp>
			</report>
			<report>
				<misses>4612001</misses>
				<total>8</total>
				<timestamp>1520.438627</timestamp>
			</report>
			<report>
				<misses>4613001</misses>
				<total>8</total>
				<timestamp>1520.768318</timestamp>
			</report>
			<report>
				<misses>4614001</misses>
				<total>8</total>
				<timestamp>1521.098035</timestamp>
			</report>
			<report>
				<misses>4615001</misses>
				<total>8</total>
				<timestamp>1521.427655</timestamp>
			</report>
			<report>
				<misses>4616001</misses>
				<total>8</total>
				<timestamp>1521.757337</timestamp>
			</report>
			<report>
				<misses>4617001</misses>
				<total>8</total>
				<timestamp>1522.087046</timestamp>
			</report>
			<report>
				<misses>4618001</misses>
				<total>8</total>
				<timestamp>1522.416675</timestamp>
			</report>
			<report>
				<misses>4619001</misses>
				<total>8</total>
				<timestamp>1522.746372</timestamp>
			</report>
			<report>
				<misses>4620001</misses>
				<total>8</total>
				<timestamp>1523.075997</timestamp>
			</report>
			<report>
				<misses>4621001</misses>
				<total>8</total>
				<timestamp>1523.405673</timestamp>
			</report>
			<report>
				<misses>4622001</misses>
				<total>8</total>
				<timestamp>1523.735371</timestamp>
			</report>
			<report>
				<misses>4623001</misses>
				<total>8</total>
				<timestamp>1524.065023</timestamp>
			</report>
			<report>
				<misses>4624001</misses>
				<total>8</total>
				<timestamp>1524.394738</timestamp>
			</report>
			<report>
				<misses>4625001</misses>
				<total>8</total>
				<timestamp>1524.724373</timestamp>
			</report>
			<report>
				<misses>4626001</misses>
				<total>8</total>
				<timestamp>1525.054024</timestamp>
			</report>
			<report>
				<misses>4627001</misses>
				<total>8</total>
				<timestamp>1525.383693</timestamp>
			</report>
			<report>
				<misses>4628001</misses>
				<total>8</total>
				<timestamp>1525.713357</timestamp>
			</report>
			<report>
				<misses>4629001</misses>
				<total>8</total>
				<timestamp>1526.043045</timestamp>
			</report>
			<report>
				<misses>4630001</misses>
				<total>8</total>
				<timestamp>1526.372678</timestamp>
			</report>
			<report>
				<misses>4631001</misses>
				<total>8</total>
				<timestamp>1526.702387</timestamp>
			</report>
			<report>
				<misses>4632001</misses>
				<total>8</total>
				<timestamp>1527.032044</timestamp>
			</report>
			<report>
				<misses>4633001</misses>
				<total>8</total>
				<timestamp>1527.361711</timestamp>
			</report>
			<report>
				<misses>4634001</misses>
				<total>8</total>
				<timestamp>1527.691396</timestamp>
			</report>
			<report>
				<misses>4635001</misses>
				<total>8</total>
				<timestamp>1528.021079</timestamp>
			</report>
			<report>
				<misses>4636001</misses>
				<total>8</total>
				<timestamp>1528.350706</timestamp>
			</report>
			<report>
				<misses>4637001</misses>
				<total>8</total>
				<timestamp>1528.680404</timestamp>
			</report>
			<report>
				<misses>4638001</misses>
				<total>8</total>
				<timestamp>1529.010101</timestamp>
			</report>
			<report>
				<misses>4639001</misses>
				<total>8</total>
				<timestamp>1529.339749</timestamp>
			</report>
			<report>
				<misses>4640001</misses>
				<total>8</total>
				<timestamp>1529.669403</timestamp>
			</report>
			<report>
				<misses>4641001</misses>
				<total>8</total>
				<timestamp>1529.999067</timestamp>
			</report>
			<report>
				<misses>4642001</misses>
				<total>8</total>
				<timestamp>1530.328711</timestamp>
			</report>
			<report>
				<misses>4643001</misses>
				<total>8</total>
				<timestamp>1530.658418</timestamp>
			</report>
			<report>
				<misses>4644001</misses>
				<total>8</total>
				<timestamp>1530.988090</timestamp>
			</report>
			<report>
				<misses>4645001</misses>
				<total>8</total>
				<timestamp>1531.317790</timestamp>
			</report>
			<report>
				<misses>4646001</misses>
				<total>8</total>
				<timestamp>1531.647438</timestamp>
			</report>
			<report>
				<misses>4647001</misses>
				<total>8</total>
				<timestamp>1531.977116</timestamp>
			</report>
			<report>
				<misses>4648001</misses>
				<total>8</total>
				<timestamp>1532.306766</timestamp>
			</report>
			<report>
				<misses>4649001</misses>
				<total>8</total>
				<timestamp>1532.636440</timestamp>
			</report>
			<report>
				<misses>4650001</misses>
				<total>8</total>
				<timestamp>1532.966114</timestamp>
			</report>
			<report>
				<misses>4651001</misses>
				<total>8</total>
				<timestamp>1533.295760</timestamp>
			</report>
			<report>
				<misses>4652001</misses>
				<total>8</total>
				<timestamp>1533.625443</timestamp>
			</report>
			<report>
				<misses>4653001</misses>
				<total>8</total>
				<timestamp>1533.955131</timestamp>
			</report>
			<report>
				<misses>4654001</misses>
				<total>8</total>
				<timestamp>1534.284792</timestamp>
			</report>
			<report>
				<misses>4655001</misses>
				<total>8</total>
				<timestamp>1534.614436</timestamp>
			</report>
			<report>
				<misses>4656001</misses>
				<total>8</total>
				<timestamp>1534.944128</timestamp>
			</report>
			<report>
				<misses>4657001</misses>
				<total>8</total>
				<timestamp>1535.273766</timestamp>
			</report>
			<report>
				<misses>4658001</misses>
				<total>8</total>
				<timestamp>1535.603455</timestamp>
			</report>
			<report>
				<misses>4659001</misses>
				<total>8</total>
				<timestamp>1535.933166</timestamp>
			</report>
			<report>
				<misses>4660001</misses>
				<total>8</total>
				<timestamp>1536.262785</timestamp>
			</report>
			<report>
				<misses>4661001</misses>
				<total>8</total>
				<timestamp>1536.592467</timestamp>
			</report>
			<report>
				<misses>4662001</misses>
				<total>8</total>
				<timestamp>1536.922185</timestamp>
			</report>
			<report>
				<misses>4663001</misses>
				<total>8</total>
				<timestamp>1537.251787</timestamp>
			</report>
			<report>
				<misses>4664001</misses>
				<total>8</total>
				<timestamp>1537.581470</timestamp>
			</report>
			<report>
				<misses>4665001</misses>
				<total>8</total>
				<timestamp>1537.911150</timestamp>
			</report>
			<report>
				<misses>4666001</misses>
				<total>8</total>
				<timestamp>1538.240820</timestamp>
			</report>
			<report>
				<misses>4667001</misses>
				<total>8</total>
				<timestamp>1538.570487</timestamp>
			</report>
			<report>
				<misses>4668001</misses>
				<total>8</total>
				<timestamp>1538.900200</timestamp>
			</report>
			<report>
				<misses>4669001</misses>
				<total>8</total>
				<timestamp>1539.229822</timestamp>
			</report>
			<report>
				<misses>4670001</misses>
				<total>8</total>
				<timestamp>1539.559542</timestamp>
			</report>
			<report>
				<misses>4671001</misses>
				<total>8</total>
				<timestamp>1539.889211</timestamp>
			</report>
			<report>
				<misses>4672001</misses>
				<total>8</total>
				<timestamp>1540.218839</timestamp>
			</report>
			<report>
				<misses>4673001</misses>
				<total>8</total>
				<timestamp>1540.548491</timestamp>
			</report>
			<report>
				<misses>4674001</misses>
				<total>8</total>
				<timestamp>1540.878203</timestamp>
			</report>
			<report>
				<misses>4675001</misses>
				<total>8</total>
				<timestamp>1541.207842</timestamp>
			</report>
			<report>
				<misses>4676001</misses>
				<total>8</total>
				<timestamp>1541.537516</timestamp>
			</report>
			<report>
				<misses>4677001</misses>
				<total>8</total>
				<timestamp>1541.867179</timestamp>
			</report>
			<report>
				<misses>4678001</misses>
				<total>8</total>
				<timestamp>1542.196853</timestamp>
			</report>
			<report>
				<misses>4679001</misses>
				<total>8</total>
				<timestamp>1542.526533</timestamp>
			</report>
			<report>
				<misses>4680001</misses>
				<total>8</total>
				<timestamp>1542.856197</timestamp>
			</report>
			<report>
				<misses>4681001</misses>
				<total>8</total>
				<timestamp>1543.185886</timestamp>
			</report>
			<report>
				<misses>4682001</misses>
				<total>8</total>
				<timestamp>1543.515532</timestamp>
			</report>
			<report>
				<misses>4683001</misses>
				<total>8</total>
				<timestamp>1543.845267</timestamp>
			</report>
			<report>
				<misses>4684001</misses>
				<total>8</total>
				<timestamp>1544.174893</timestamp>
			</report>
			<report>
				<misses>4685001</misses>
				<total>8</total>
				<timestamp>1544.504531</timestamp>
			</report>
			<report>
				<misses>4686001</misses>
				<total>8</total>
				<timestamp>1544.834223</timestamp>
			</report>
			<report>
				<misses>4687001</misses>
				<total>8</total>
				<timestamp>1545.163947</timestamp>
			</report>
			<report>
				<misses>4688001</misses>
				<total>8</total>
				<timestamp>1545.493634</timestamp>
			</report>
			<report>
				<misses>4689001</misses>
				<total>8</total>
				<timestamp>1545.823259</timestamp>
			</report>
			<report>
				<misses>4690001</misses>
				<total>8</total>
				<timestamp>1546.152880</timestamp>
			</report>
			<report>
				<misses>4691001</misses>
				<total>8</total>
				<timestamp>1546.482557</timestamp>
			</report>
			<report>
				<misses>4692001</misses>
				<total>8</total>
				<timestamp>1546.812241</timestamp>
			</report>
			<report>
				<misses>4693001</misses>
				<total>8</total>
				<timestamp>1547.141914</timestamp>
			</report>
			<report>
				<misses>4694001</misses>
				<total>8</total>
				<timestamp>1547.471566</timestamp>
			</report>
			<report>
				<misses>4695001</misses>
				<total>8</total>
				<timestamp>1547.801283</timestamp>
			</report>
			<report>
				<misses>4696001</misses>
				<total>8</total>
				<timestamp>1548.130943</timestamp>
			</report>
			<report>
				<misses>4697001</misses>
				<total>8</total>
				<timestamp>1548.460581</timestamp>
			</report>
			<report>
				<misses>4698001</misses>
				<total>8</total>
				<timestamp>1548.790280</timestamp>
			</report>
			<report>
				<misses>4699001</misses>
				<total>8</total>
				<timestamp>1549.119919</timestamp>
			</report>
			<report>
				<misses>4700001</misses>
				<total>8</total>
				<timestamp>1549.449592</timestamp>
			</report>
			<report>
				<misses>4701001</misses>
				<total>8</total>
				<timestamp>1549.779282</timestamp>
			</report>
			<report>
				<misses>4702001</misses>
				<total>8</total>
				<timestamp>1550.108946</timestamp>
			</report>
			<report>
				<misses>4703001</misses>
				<total>8</total>
				<timestamp>1550.438600</timestamp>
			</report>
			<report>
				<misses>4704001</misses>
				<total>8</total>
				<timestamp>1550.768265</timestamp>
			</report>
			<report>
				<misses>4705001</misses>
				<total>8</total>
				<timestamp>1551.097939</timestamp>
			</report>
			<report>
				<misses>4706001</misses>
				<total>8</total>
				<timestamp>1551.427630</timestamp>
			</report>
			<report>
				<misses>4707001</misses>
				<total>8</total>
				<timestamp>1551.757308</timestamp>
			</report>
			<report>
				<misses>4708001</misses>
				<total>8</total>
				<timestamp>1552.086944</timestamp>
			</report>
			<report>
				<misses>4709001</misses>
				<total>8</total>
				<timestamp>1552.416616</timestamp>
			</report>
			<report>
				<misses>4710001</misses>
				<total>8</total>
				<timestamp>1552.746297</timestamp>
			</report>
			<report>
				<misses>4711001</misses>
				<total>8</total>
				<timestamp>1553.075994</timestamp>
			</report>
			<report>
				<misses>4712001</misses>
				<total>8</total>
				<timestamp>1553.405633</timestamp>
			</report>
			<report>
				<misses>4713001</misses>
				<total>8</total>
				<timestamp>1553.735312</timestamp>
			</report>
			<report>
				<misses>4714001</misses>
				<total>8</total>
				<timestamp>1554.064982</timestamp>
			</report>
			<report>
				<misses>4715001</misses>
				<total>8</total>
				<timestamp>1554.394639</timestamp>
			</report>
			<report>
				<misses>4716001</misses>
				<total>8</total>
				<timestamp>1554.724321</timestamp>
			</report>
			<report>
				<misses>4717001</misses>
				<total>8</total>
				<timestamp>1555.054025</timestamp>
			</report>
			<report>
				<misses>4718001</misses>
				<total>8</total>
				<timestamp>1555.383664</timestamp>
			</report>
			<report>
				<misses>4719001</misses>
				<total>8</total>
				<timestamp>1555.713313</timestamp>
			</report>
			<report>
				<misses>4720001</misses>
				<total>8</total>
				<timestamp>1556.043009</timestamp>
			</report>
			<report>
				<misses>4721001</misses>
				<total>8</total>
				<timestamp>1556.372652</timestamp>
			</report>
			<report>
				<misses>4722001</misses>
				<total>8</total>
				<timestamp>1556.702325</timestamp>
			</report>
			<report>
				<misses>4723001</misses>
				<total>8</total>
				<timestamp>1557.032024</timestamp>
			</report>
			<report>
				<misses>4724001</misses>
				<total>8</total>
				<timestamp>1557.361661</timestamp>
			</report>
			<report>
				<misses>4725001</misses>
				<total>8</total>
				<timestamp>1557.691346</timestamp>
			</report>
			<report>
				<misses>4726001</misses>
				<total>8</total>
				<timestamp>1558.021036</timestamp>
			</report>
			<report>
				<misses>4727001</misses>
				<total>8</total>
				<timestamp>1558.350684</timestamp>
			</report>
			<report>
				<misses>4728001</misses>
				<total>8</total>
				<timestamp>1558.680347</timestamp>
			</report>
			<report>
				<misses>4729001</misses>
				<total>8</total>
				<timestamp>1559.010038</timestamp>
			</report>
			<report>
				<misses>4730001</misses>
				<total>8</total>
				<timestamp>1559.339683</timestamp>
			</report>
			<report>
				<misses>4731001</misses>
				<total>8</total>
				<timestamp>1559.669356</timestamp>
			</report>
			<report>
				<misses>4732001</misses>
				<total>8</total>
				<timestamp>1559.999046</timestamp>
			</report>
			<report>
				<misses>4733001</misses>
				<total>8</total>
				<timestamp>1560.328701</timestamp>
			</report>
			<report>
				<misses>4734001</misses>
				<total>8</total>
				<timestamp>1560.658361</timestamp>
			</report>
			<report>
				<misses>4735001</misses>
				<total>8</total>
				<timestamp>1560.988050</timestamp>
			</report>
			<report>
				<misses>4736001</misses>
				<total>8</total>
				<timestamp>1561.317714</timestamp>
			</report>
			<report>
				<misses>4737001</misses>
				<total>8</total>
				<timestamp>1561.647383</timestamp>
			</report>
			<report>
				<misses>4738001</misses>
				<total>8</total>
				<timestamp>1561.977055</timestamp>
			</report>
			<report>
				<misses>4739001</misses>
				<total>8</total>
				<timestamp>1562.306734</timestamp>
			</report>
			<report>
				<misses>4740001</misses>
				<total>8</total>
				<timestamp>1562.636387</timestamp>
			</report>
			<report>
				<misses>4741001</misses>
				<total>8</total>
				<timestamp>1562.966136</timestamp>
			</report>
			<report>
				<misses>4742001</misses>
				<total>8</total>
				<timestamp>1563.295715</timestamp>
			</report>
			<report>
				<misses>4743001</misses>
				<total>8</total>
				<timestamp>1563.625405</timestamp>
			</report>
			<report>
				<misses>4744001</misses>
				<total>8</total>
				<timestamp>1563.955139</timestamp>
			</report>
			<report>
				<misses>4745001</misses>
				<total>8</total>
				<timestamp>1564.284736</timestamp>
			</report>
			<report>
				<misses>4746001</misses>
				<total>8</total>
				<timestamp>1564.614418</timestamp>
			</report>
			<report>
				<misses>4747001</misses>
				<total>8</total>
				<timestamp>1564.944131</timestamp>
			</report>
			<report>
				<misses>4748001</misses>
				<total>8</total>
				<timestamp>1565.273751</timestamp>
			</report>
			<report>
				<misses>4749001</misses>
				<total>8</total>
				<timestamp>1565.603423</timestamp>
			</report>
			<report>
				<misses>4750001</misses>
				<total>8</total>
				<timestamp>1565.933105</timestamp>
			</report>
			<report>
				<misses>4751001</misses>
				<total>8</total>
				<timestamp>1566.262754</timestamp>
			</report>
			<report>
				<misses>4752001</misses>
				<total>8</total>
				<timestamp>1566.592424</timestamp>
			</report>
			<report>
				<misses>4753001</misses>
				<total>8</total>
				<timestamp>1566.922121</timestamp>
			</report>
			<report>
				<misses>4754001</misses>
				<total>8</total>
				<timestamp>1567.251836</timestamp>
			</report>
			<report>
				<misses>4755001</misses>
				<total>8</total>
				<timestamp>1567.581430</timestamp>
			</report>
			<report>
				<misses>4756001</misses>
				<total>8</total>
				<timestamp>1567.911117</timestamp>
			</report>
			<report>
				<misses>4757001</misses>
				<total>8</total>
				<timestamp>1568.240781</timestamp>
			</report>
			<report>
				<misses>4758001</misses>
				<total>8</total>
				<timestamp>1568.570472</timestamp>
			</report>
			<report>
				<misses>4759001</misses>
				<total>8</total>
				<timestamp>1568.900121</timestamp>
			</report>
			<report>
				<misses>4760001</misses>
				<total>8</total>
				<timestamp>1569.229793</timestamp>
			</report>
			<report>
				<misses>4761001</misses>
				<total>8</total>
				<timestamp>1569.559462</timestamp>
			</report>
			<report>
				<misses>4762001</misses>
				<total>8</total>
				<timestamp>1569.889189</timestamp>
			</report>
			<report>
				<misses>4763001</misses>
				<total>8</total>
				<timestamp>1570.218861</timestamp>
			</report>
			<report>
				<misses>4764001</misses>
				<total>8</total>
				<timestamp>1570.548491</timestamp>
			</report>
			<report>
				<misses>4765001</misses>
				<total>8</total>
				<timestamp>1570.878150</timestamp>
			</report>
			<report>
				<misses>4766001</misses>
				<total>8</total>
				<timestamp>1571.207854</timestamp>
			</report>
			<report>
				<misses>4767001</misses>
				<total>8</total>
				<timestamp>1571.537481</timestamp>
			</report>
			<report>
				<misses>4768001</misses>
				<total>8</total>
				<timestamp>1571.867151</timestamp>
			</report>
			<report>
				<misses>4769001</misses>
				<total>8</total>
				<timestamp>1572.196861</timestamp>
			</report>
			<report>
				<misses>4770001</misses>
				<total>8</total>
				<timestamp>1572.526477</timestamp>
			</report>
			<report>
				<misses>4771001</misses>
				<total>8</total>
				<timestamp>1572.856193</timestamp>
			</report>
			<report>
				<misses>4772001</misses>
				<total>8</total>
				<timestamp>1573.185878</timestamp>
			</report>
			<report>
				<misses>4773001</misses>
				<total>8</total>
				<timestamp>1573.515513</timestamp>
			</report>
			<report>
				<misses>4774001</misses>
				<total>8</total>
				<timestamp>1573.845222</timestamp>
			</report>
			<report>
				<misses>4775001</misses>
				<total>8</total>
				<timestamp>1574.174887</timestamp>
			</report>
			<report>
				<misses>4776001</misses>
				<total>8</total>
				<timestamp>1574.504516</timestamp>
			</report>
			<report>
				<misses>4777001</misses>
				<total>8</total>
				<timestamp>1574.834191</timestamp>
			</report>
			<report>
				<misses>4778001</misses>
				<total>8</total>
				<timestamp>1575.163847</timestamp>
			</report>
			<report>
				<misses>4779001</misses>
				<total>8</total>
				<timestamp>1575.493558</timestamp>
			</report>
			<report>
				<misses>4780001</misses>
				<total>8</total>
				<timestamp>1575.823182</timestamp>
			</report>
			<report>
				<misses>4781001</misses>
				<total>8</total>
				<timestamp>1576.152875</timestamp>
			</report>
			<report>
				<misses>4782001</misses>
				<total>8</total>
				<timestamp>1576.482547</timestamp>
			</report>
			<report>
				<misses>4783001</misses>
				<total>9</total>
				<timestamp>1576.812196</timestamp>
			</report>
			<report>
				<misses>4784001</misses>
				<total>9</total>
				<timestamp>1577.141894</timestamp>
			</report>
			<report>
				<misses>4785001</misses>
				<total>9</total>
				<timestamp>1577.471571</timestamp>
			</report>
			<report>
				<misses>4786001</misses>
				<total>9</total>
				<timestamp>1577.801236</timestamp>
			</report>
			<report>
				<misses>4787001</misses>
				<total>9</total>
				<timestamp>1578.130970</timestamp>
			</report>
			<report>
				<misses>4788001</misses>
				<total>9</total>
				<timestamp>1578.460559</timestamp>
			</report>
			<report>
				<misses>4789001</misses>
				<total>9</total>
				<timestamp>1578.790237</timestamp>
			</report>
			<report>
				<misses>4790001</misses>
				<total>9</total>
				<timestamp>1579.119884</timestamp>
			</report>
			<report>
				<misses>4791001</misses>
				<total>9</total>
				<timestamp>1579.449575</timestamp>
			</report>
			<report>
				<misses>4792001</misses>
				<total>9</total>
				<timestamp>1579.779220</timestamp>
			</report>
			<report>
				<misses>4793001</misses>
				<total>9</total>
				<timestamp>1580.108922</timestamp>
			</report>
			<report>
				<misses>4794001</misses>
				<total>9</total>
				<timestamp>1580.438579</timestamp>
			</report>
			<report>
				<misses>4795001</misses>
				<total>9</total>
				<timestamp>1580.768234</timestamp>
			</report>
			<report>
				<misses>4796001</misses>
				<total>9</total>
				<timestamp>1581.097949</timestamp>
			</report>
			<report>
				<misses>4797001</misses>
				<total>9</total>
				<timestamp>1581.427563</timestamp>
			</report>
			<report>
				<misses>4798001</misses>
				<total>9</total>
				<timestamp>1581.757255</timestamp>
			</report>
			<report>
				<misses>4799001</misses>
				<total>9</total>
				<timestamp>1582.086917</timestamp>
			</report>
			<report>
				<misses>4800001</misses>
				<total>9</total>
				<timestamp>1582.416579</timestamp>
			</report>
			<report>
				<misses>4801001</misses>
				<total>9</total>
				<timestamp>1582.746254</timestamp>
			</report>
			<report>
				<misses>4802001</misses>
				<total>9</total>
				<timestamp>1583.075977</timestamp>
			</report>
			<report>
				<misses>4803001</misses>
				<total>9</total>
				<timestamp>1583.405587</timestamp>
			</report>
			<report>
				<misses>4804001</misses>
				<total>9</total>
				<timestamp>1583.735264</timestamp>
			</report>
			<report>
				<misses>4805001</misses>
				<total>9</total>
				<timestamp>1584.064958</timestamp>
			</report>
			<report>
				<misses>4806001</misses>
				<total>9</total>
				<timestamp>1584.394605</timestamp>
			</report>
			<report>
				<misses>4807001</misses>
				<total>9</total>
				<timestamp>1584.724278</timestamp>
			</report>
			<report>
				<misses>4808001</misses>
				<total>9</total>
				<timestamp>1585.053970</timestamp>
			</report>
			<report>
				<misses>4809001</misses>
				<total>9</total>
				<timestamp>1585.383678</timestamp>
			</report>
			<report>
				<misses>4810001</misses>
				<total>9</total>
				<timestamp>1585.713310</timestamp>
			</report>
			<report>
				<misses>4811001</misses>
				<total>9</total>
				<timestamp>1586.042977</timestamp>
			</report>
			<report>
				<misses>4812001</misses>
				<total>9</total>
				<timestamp>1586.372644</timestamp>
			</report>
			<report>
				<misses>4813001</misses>
				<total>9</total>
				<timestamp>1586.702294</timestamp>
			</report>
			<report>
				<misses>4814001</misses>
				<total>9</total>
				<timestamp>1587.031987</timestamp>
			</report>
			<report>
				<misses>4815001</misses>
				<total>9</total>
				<timestamp>1587.361664</timestamp>
			</report>
			<report>
				<misses>4816001</misses>
				<total>9</total>
				<timestamp>1587.691312</timestamp>
			</report>
			<report>
				<misses>4817001</misses>
				<total>9</total>
				<timestamp>1588.021007</timestamp>
			</report>
			<report>
				<misses>4818001</misses>
				<total>9</total>
				<timestamp>1588.350634</timestamp>
			</report>
			<report>
				<misses>4819001</misses>
				<total>9</total>
				<timestamp>1588.680307</timestamp>
			</report>
			<report>
				<misses>4820001</misses>
				<total>9</total>
				<timestamp>1589.009999</timestamp>
			</report>
			<report>
				<misses>4821001</misses>
				<total>9</total>
				<timestamp>1589.339669</timestamp>
			</report>
			<report>
				<misses>4822001</misses>
				<total>9</total>
				<timestamp>1589.669328</timestamp>
			</report>
			<report>
				<misses>4823001</misses>
				<total>9</total>
				<timestamp>1589.999032</timestamp>
			</report>
			<report>
				<misses>4824001</misses>
				<total>9</total>
				<timestamp>1590.328665</timestamp>
			</report>
			<report>
				<misses>4825001</misses>
				<total>9</total>
				<timestamp>1590.658348</timestamp>
			</report>
			<report>
				<misses>4826001</misses>
				<total>9</total>
				<timestamp>1590.988031</timestamp>
			</report>
			<report>
				<misses>4827001</misses>
				<total>9</total>
				<timestamp>1591.317687</timestamp>
			</report>
			<report>
				<misses>4828001</misses>
				<total>9</total>
				<timestamp>1591.647341</timestamp>
			</report>
			<report>
				<misses>4829001</misses>
				<total>9</total>
				<timestamp>1591.977029</timestamp>
			</report>
			<report>
				<misses>4830001</misses>
				<total>9</total>
				<timestamp>1592.306762</timestamp>
			</report>
			<report>
				<misses>4831001</misses>
				<total>9</total>
				<timestamp>1592.636374</timestamp>
			</report>
			<report>
				<misses>4832001</misses>
				<total>9</total>
				<timestamp>1592.966047</timestamp>
			</report>
			<report>
				<misses>4833001</misses>
				<total>9</total>
				<timestamp>1593.295748</timestamp>
			</report>
			<report>
				<misses>4834001</misses>
				<total>9</total>
				<timestamp>1593.625366</timestamp>
			</report>
			<report>
				<misses>4835001</misses>
				<total>9</total>
				<timestamp>1593.955062</timestamp>
			</report>
			<report>
				<misses>4836001</misses>
				<total>9</total>
				<timestamp>1594.284743</timestamp>
			</report>
			<report>
				<misses>4837001</misses>
				<total>9</total>
				<timestamp>1594.614375</timestamp>
			</report>
			<report>
				<misses>4838001</misses>
				<total>9</total>
				<timestamp>1594.944051</timestamp>
			</report>
			<report>
				<misses>4839001</misses>
				<total>9</total>
				<timestamp>1595.273737</timestamp>
			</report>
			<report>
				<misses>4840001</misses>
				<total>9</total>
				<timestamp>1595.603402</timestamp>
			</report>
			<report>
				<misses>4841001</misses>
				<total>9</total>
				<timestamp>1595.933061</timestamp>
			</report>
			<report>
				<misses>4842001</misses>
				<total>9</total>
				<timestamp>1596.262729</timestamp>
			</report>
			<report>
				<misses>4843001</misses>
				<total>9</total>
				<timestamp>1596.592393</timestamp>
			</report>
			<report>
				<misses>4844001</misses>
				<total>9</total>
				<timestamp>1596.922091</timestamp>
			</report>
			<report>
				<misses>4845001</misses>
				<total>9</total>
				<timestamp>1597.251837</timestamp>
			</report>
			<report>
				<misses>4846001</misses>
				<total>9</total>
				<timestamp>1597.581409</timestamp>
			</report>
			<report>
				<misses>4847001</misses>
				<total>9</total>
				<timestamp>1597.911087</timestamp>
			</report>
			<report>
				<misses>4848001</misses>
				<total>9</total>
				<timestamp>1598.240782</timestamp>
			</report>
			<report>
				<misses>4849001</misses>
				<total>9</total>
				<timestamp>1598.570421</timestamp>
			</report>
			<report>
				<misses>4850001</misses>
				<total>9</total>
				<timestamp>1598.900095</timestamp>
			</report>
			<report>
				<misses>4851001</misses>
				<total>9</total>
				<timestamp>1599.229822</timestamp>
			</report>
			<report>
				<misses>4852001</misses>
				<total>9</total>
				<timestamp>1599.559419</timestamp>
			</report>
			<report>
				<misses>4853001</misses>
				<total>9</total>
				<timestamp>1599.889089</timestamp>
			</report>
			<report>
				<misses>4854001</misses>
				<total>9</total>
				<timestamp>1600.218811</timestamp>
			</report>
			<report>
				<misses>4855001</misses>
				<total>9</total>
				<timestamp>1600.548440</timestamp>
			</report>
			<report>
				<misses>4856001</misses>
				<total>9</total>
				<timestamp>1600.878100</timestamp>
			</report>
			<report>
				<misses>4857001</misses>
				<total>9</total>
				<timestamp>1601.207822</timestamp>
			</report>
			<report>
				<misses>4858001</misses>
				<total>9</total>
				<timestamp>1601.537479</timestamp>
			</report>
			<report>
				<misses>4859001</misses>
				<total>9</total>
				<timestamp>1601.867109</timestamp>
			</report>
			<report>
				<misses>4860001</misses>
				<total>9</total>
				<timestamp>1602.196795</timestamp>
			</report>
			<report>
				<misses>4861001</misses>
				<total>9</total>
				<timestamp>1602.526459</timestamp>
			</report>
			<report>
				<misses>4862001</misses>
				<total>9</total>
				<timestamp>1602.856133</timestamp>
			</report>
			<report>
				<misses>4863001</misses>
				<total>9</total>
				<timestamp>1603.185816</timestamp>
			</report>
			<report>
				<misses>4864001</misses>
				<total>9</total>
				<timestamp>1603.515466</timestamp>
			</report>
			<report>
				<misses>4865001</misses>
				<total>9</total>
				<timestamp>1603.845150</timestamp>
			</report>
			<report>
				<misses>4866001</misses>
				<total>9</total>
				<timestamp>1604.174823</timestamp>
			</report>
			<report>
				<misses>4867001</misses>
				<total>9</total>
				<timestamp>1604.504480</timestamp>
			</report>
			<report>
				<misses>4868001</misses>
				<total>9</total>
				<timestamp>1604.834226</timestamp>
			</report>
			<report>
				<misses>4869001</misses>
				<total>9</total>
				<timestamp>1605.163836</timestamp>
			</report>
			<report>
				<misses>4870001</misses>
				<total>9</total>
				<timestamp>1605.493482</timestamp>
			</report>
			<report>
				<misses>4871001</misses>
				<total>9</total>
				<timestamp>1605.823164</timestamp>
			</report>
			<report>
				<misses>4872001</misses>
				<total>9</total>
				<timestamp>1606.152905</timestamp>
			</report>
			<report>
				<misses>4873001</misses>
				<total>9</total>
				<timestamp>1606.482492</timestamp>
			</report>
			<report>
				<misses>4874001</misses>
				<total>9</total>
				<timestamp>1606.812160</timestamp>
			</report>
			<report>
				<misses>4875001</misses>
				<total>9</total>
				<timestamp>1607.141839</timestamp>
			</report>
			<report>
				<misses>4876001</misses>
				<total>9</total>
				<timestamp>1607.471508</timestamp>
			</report>
			<report>
				<misses>4877001</misses>
				<total>9</total>
				<timestamp>1607.801165</timestamp>
			</report>
			<report>
				<misses>4878001</misses>
				<total>9</total>
				<timestamp>1608.130896</timestamp>
			</report>
			<report>
				<misses>4879001</misses>
				<total>9</total>
				<timestamp>1608.460527</timestamp>
			</report>
			<report>
				<misses>4880001</misses>
				<total>9</total>
				<timestamp>1608.790208</timestamp>
			</report>
			<report>
				<misses>4881001</misses>
				<total>9</total>
				<timestamp>1609.119871</timestamp>
			</report>
			<report>
				<misses>4882001</misses>
				<total>9</total>
				<timestamp>1609.449528</timestamp>
			</report>
			<report>
				<misses>4883001</misses>
				<total>9</total>
				<timestamp>1609.779203</timestamp>
			</report>
			<report>
				<misses>4884001</misses>
				<total>9</total>
				<timestamp>1610.108869</timestamp>
			</report>
			<report>
				<misses>4885001</misses>
				<total>9</total>
				<timestamp>1610.438569</timestamp>
			</report>
			<report>
				<misses>4886001</misses>
				<total>9</total>
				<timestamp>1610.768226</timestamp>
			</report>
			<report>
				<misses>4887001</misses>
				<total>9</total>
				<timestamp>1611.097879</timestamp>
			</report>
			<report>
				<misses>4888001</misses>
				<total>9</total>
				<timestamp>1611.427534</timestamp>
			</report>
			<report>
				<misses>4889001</misses>
				<total>9</total>
				<timestamp>1611.757229</timestamp>
			</report>
			<report>
				<misses>4890001</misses>
				<total>9</total>
				<timestamp>1612.086934</timestamp>
			</report>
			<report>
				<misses>4891001</misses>
				<total>9</total>
				<timestamp>1612.416558</timestamp>
			</report>
			<report>
				<misses>4892001</misses>
				<total>9</total>
				<timestamp>1612.746242</timestamp>
			</report>
			<report>
				<misses>4893001</misses>
				<total>9</total>
				<timestamp>1613.075942</timestamp>
			</report>
			<report>
				<misses>4894001</misses>
				<total>9</total>
				<timestamp>1613.405555</timestamp>
			</report>
			<report>
				<misses>4895001</misses>
				<total>9</total>
				<timestamp>1613.735249</timestamp>
			</report>
			<report>
				<misses>4896001</misses>
				<total>9</total>
				<timestamp>1614.064930</timestamp>
			</report>
			<report>
				<misses>4897001</misses>
				<total>9</total>
				<timestamp>1614.394629</timestamp>
			</report>
			<report>
				<misses>4898001</misses>
				<total>9</total>
				<timestamp>1614.724256</timestamp>
			</report>
			<report>
				<misses>4899001</misses>
				<total>9</total>
				<timestamp>1615.053917</timestamp>
			</report>
			<report>
				<misses>4900001</misses>
				<total>9</total>
				<timestamp>1615.383602</timestamp>
			</report>
			<report>
				<misses>4901001</misses>
				<total>9</total>
				<timestamp>1615.713267</timestamp>
			</report>
			<report>
				<misses>4902001</misses>
				<total>9</total>
				<timestamp>1616.042962</timestamp>
			</report>
			<report>
				<misses>4903001</misses>
				<total>9</total>
				<timestamp>1616.372617</timestamp>
			</report>
			<report>
				<misses>4904001</misses>
				<total>9</total>
				<timestamp>1616.702275</timestamp>
			</report>
			<report>
				<misses>4905001</misses>
				<total>9</total>
				<timestamp>1617.031943</timestamp>
			</report>
			<report>
				<misses>4906001</misses>
				<total>9</total>
				<timestamp>1617.361622</timestamp>
			</report>
			<report>
				<misses>4907001</misses>
				<total>9</total>
				<timestamp>1617.691291</timestamp>
			</report>
			<report>
				<misses>4908001</misses>
				<total>9</total>
				<timestamp>1618.020953</timestamp>
			</report>
			<report>
				<misses>4909001</misses>
				<total>9</total>
				<timestamp>1618.350624</timestamp>
			</report>
			<report>
				<misses>4910001</misses>
				<total>9</total>
				<timestamp>1618.680301</timestamp>
			</report>
			<report>
				<misses>4911001</misses>
				<total>9</total>
				<timestamp>1619.009968</timestamp>
			</report>
			<report>
				<misses>4912001</misses>
				<total>9</total>
				<timestamp>1619.339697</timestamp>
			</report>
			<report>
				<misses>4913001</misses>
				<total>9</total>
				<timestamp>1619.669334</timestamp>
			</report>
			<report>
				<misses>4914001</misses>
				<total>9</total>
				<timestamp>1619.998967</timestamp>
			</report>
			<report>
				<misses>4915001</misses>
				<total>9</total>
				<timestamp>1620.328686</timestamp>
			</report>
			<report>
				<misses>4916001</misses>
				<total>9</total>
				<timestamp>1620.658315</timestamp>
			</report>
			<report>
				<misses>4917001</misses>
				<total>9</total>
				<timestamp>1620.987986</timestamp>
			</report>
			<report>
				<misses>4918001</misses>
				<total>9</total>
				<timestamp>1621.317660</timestamp>
			</report>
			<report>
				<misses>4919001</misses>
				<total>9</total>
				<timestamp>1621.647317</timestamp>
			</report>
			<report>
				<misses>4920001</misses>
				<total>9</total>
				<timestamp>1621.977041</timestamp>
			</report>
			<report>
				<misses>4921001</misses>
				<total>9</total>
				<timestamp>1622.306703</timestamp>
			</report>
			<report>
				<misses>4922001</misses>
				<total>9</total>
				<timestamp>1622.636327</timestamp>
			</report>
			<report>
				<misses>4923001</misses>
				<total>9</total>
				<timestamp>1622.965987</timestamp>
			</report>
			<report>
				<misses>4924001</misses>
				<total>9</total>
				<timestamp>1623.295746</timestamp>
			</report>
			<report>
				<misses>4925001</misses>
				<total>9</total>
				<timestamp>1623.625344</timestamp>
			</report>
			<report>
				<misses>4926001</misses>
				<total>9</total>
				<timestamp>1623.955000</timestamp>
			</report>
			<report>
				<misses>4927001</misses>
				<total>9</total>
				<timestamp>1624.284731</timestamp>
			</report>
			<report>
				<misses>4928001</misses>
				<total>9</total>
				<timestamp>1624.614343</timestamp>
			</report>
			<report>
				<misses>4929001</misses>
				<total>9</total>
				<timestamp>1624.944040</timestamp>
			</report>
			<report>
				<misses>4930001</misses>
				<total>9</total>
				<timestamp>1625.273696</timestamp>
			</report>
			<report>
				<misses>4931001</misses>
				<total>9</total>
				<timestamp>1625.603358</timestamp>
			</report>
			<report>
				<misses>4932001</misses>
				<total>9</total>
				<timestamp>1625.933020</timestamp>
			</report>
			<report>
				<misses>4933001</misses>
				<total>9</total>
				<timestamp>1626.262753</timestamp>
			</report>
			<report>
				<misses>4934001</misses>
				<total>9</total>
				<timestamp>1626.592374</timestamp>
			</report>
			<report>
				<misses>4935001</misses>
				<total>9</total>
				<timestamp>1626.922035</timestamp>
			</report>
			<report>
				<misses>4936001</misses>
				<total>9</total>
				<timestamp>1627.251773</timestamp>
			</report>
			<report>
				<misses>4937001</misses>
				<total>9</total>
				<timestamp>1627.581373</timestamp>
			</report>
			<report>
				<misses>4938001</misses>
				<total>9</total>
				<timestamp>1627.911047</timestamp>
			</report>
			<report>
				<misses>4939001</misses>
				<total>9</total>
				<timestamp>1628.240730</timestamp>
			</report>
			<report>
				<misses>4940001</misses>
				<total>9</total>
				<timestamp>1628.570407</timestamp>
			</report>
			<report>
				<misses>4941001</misses>
				<total>9</total>
				<timestamp>1628.900069</timestamp>
			</report>
			<report>
				<misses>4942001</misses>
				<total>9</total>
				<timestamp>1629.229756</timestamp>
			</report>
			<report>
				<misses>4943001</misses>
				<total>9</total>
				<timestamp>1629.559395</timestamp>
			</report>
			<report>
				<misses>4944001</misses>
				<total>9</total>
				<timestamp>1629.889074</timestamp>
			</report>
			<report>
				<misses>4945001</misses>
				<total>9</total>
				<timestamp>1630.218742</timestamp>
			</report>
			<report>
				<misses>4946001</misses>
				<total>9</total>
				<timestamp>1630.548405</timestamp>
			</report>
			<report>
				<misses>4947001</misses>
				<total>9</total>
				<timestamp>1630.878078</timestamp>
			</report>
			<report>
				<misses>4948001</misses>
				<total>9</total>
				<timestamp>1631.207741</timestamp>
			</report>
			<report>
				<misses>4949001</misses>
				<total>9</total>
				<timestamp>1631.537414</timestamp>
			</report>
			<report>
				<misses>4950001</misses>
				<total>9</total>
				<timestamp>1631.867069</timestamp>
			</report>
			<report>
				<misses>4951001</misses>
				<total>9</total>
				<timestamp>1632.196792</timestamp>
			</report>
			<report>
				<misses>4952001</misses>
				<total>9</total>
				<timestamp>1632.526428</timestamp>
			</report>
			<report>
				<misses>4953001</misses>
				<total>9</total>
				<timestamp>1632.856116</timestamp>
			</report>
			<report>
				<misses>4954001</misses>
				<total>9</total>
				<timestamp>1633.185761</timestamp>
			</report>
			<report>
				<misses>4955001</misses>
				<total>9</total>
				<timestamp>1633.515424</timestamp>
			</report>
			<report>
				<misses>4956001</misses>
				<total>9</total>
				<timestamp>1633.845121</timestamp>
			</report>
			<report>
				<misses>4957001</misses>
				<total>9</total>
				<timestamp>1634.174811</timestamp>
			</report>
			<report>
				<misses>4958001</misses>
				<total>9</total>
				<timestamp>1634.504435</timestamp>
			</report>
			<report>
				<misses>4959001</misses>
				<total>9</total>
				<timestamp>1634.834141</timestamp>
			</report>
			<report>
				<misses>4960001</misses>
				<total>9</total>
				<timestamp>1635.163775</timestamp>
			</report>
			<report>
				<misses>4961001</misses>
				<total>9</total>
				<timestamp>1635.493458</timestamp>
			</report>
			<report>
				<misses>4962001</misses>
				<total>9</total>
				<timestamp>1635.823121</timestamp>
			</report>
			<report>
				<misses>4963001</misses>
				<total>9</total>
				<timestamp>1636.152853</timestamp>
			</report>
			<report>
				<misses>4964001</misses>
				<total>9</total>
				<timestamp>1636.482457</timestamp>
			</report>
			<report>
				<misses>4965001</misses>
				<total>9</total>
				<timestamp>1636.812129</timestamp>
			</report>
			<report>
				<misses>4966001</misses>
				<total>9</total>
				<timestamp>1637.141805</timestamp>
			</report>
			<report>
				<misses>4967001</misses>
				<total>9</total>
				<timestamp>1637.471521</timestamp>
			</report>
			<report>
				<misses>4968001</misses>
				<total>9</total>
				<timestamp>1637.801222</timestamp>
			</report>
			<report>
				<misses>4969001</misses>
				<total>9</total>
				<timestamp>1638.130819</timestamp>
			</report>
			<report>
				<misses>4970001</misses>
				<total>9</total>
				<timestamp>1638.460558</timestamp>
			</report>
			<report>
				<misses>4971001</misses>
				<total>9</total>
				<timestamp>1638.790145</timestamp>
			</report>
			<report>
				<misses>4972001</misses>
				<total>9</total>
				<timestamp>1639.119831</timestamp>
			</report>
			<report>
				<misses>4973001</misses>
				<total>9</total>
				<timestamp>1639.449495</timestamp>
			</report>
			<report>
				<misses>4974001</misses>
				<total>9</total>
				<timestamp>1639.779182</timestamp>
			</report>
			<report>
				<misses>4975001</misses>
				<total>9</total>
				<timestamp>1640.108859</timestamp>
			</report>
			<report>
				<misses>4976001</misses>
				<total>9</total>
				<timestamp>1640.438521</timestamp>
			</report>
			<report>
				<misses>4977001</misses>
				<total>9</total>
				<timestamp>1640.768230</timestamp>
			</report>
			<report>
				<misses>4978001</misses>
				<total>9</total>
				<timestamp>1641.097851</timestamp>
			</report>
			<report>
				<misses>4979001</misses>
				<total>9</total>
				<timestamp>1641.427535</timestamp>
			</report>
			<report>
				<misses>4980001</misses>
				<total>9</total>
				<timestamp>1641.757245</timestamp>
			</report>
			<report>
				<misses>4981001</misses>
				<total>9</total>
				<timestamp>1642.086856</timestamp>
			</report>
			<report>
				<misses>4982001</misses>
				<total>9</total>
				<timestamp>1642.416534</timestamp>
			</report>
			<report>
				<misses>4983001</misses>
				<total>9</total>
				<timestamp>1642.746213</timestamp>
			</report>
			<report>
				<misses>4984001</misses>
				<total>9</total>
				<timestamp>1643.075868</timestamp>
			</report>
			<report>
				<misses>4985001</misses>
				<total>9</total>
				<timestamp>1643.405608</timestamp>
			</report>
			<report>
				<misses>4986001</misses>
				<total>9</total>
				<timestamp>1643.735206</timestamp>
			</report>
			<report>
				<misses>4987001</misses>
				<total>9</total>
				<timestamp>1644.064905</timestamp>
			</report>
			<report>
				<misses>4988001</misses>
				<total>9</total>
				<timestamp>1644.394556</timestamp>
			</report>
			<report>
				<misses>4989001</misses>
				<total>9</total>
				<timestamp>1644.724230</timestamp>
			</report>
			<report>
				<misses>4990001</misses>
				<total>9</total>
				<timestamp>1645.053889</timestamp>
			</report>
			<report>
				<misses>4991001</misses>
				<total>9</total>
				<timestamp>1645.383651</timestamp>
			</report>
			<report>
				<misses>4992001</misses>
				<total>9</total>
				<timestamp>1645.713229</timestamp>
			</report>
			<report>
				<misses>4993001</misses>
				<total>9</total>
				<timestamp>1646.042902</timestamp>
			</report>
			<report>
				<misses>4994001</misses>
				<total>9</total>
				<timestamp>1646.372631</timestamp>
			</report>
			<report>
				<misses>4995001</misses>
				<total>9</total>
				<timestamp>1646.702250</timestamp>
			</report>
			<report>
				<misses>4996001</misses>
				<total>9</total>
				<timestamp>1647.031907</timestamp>
			</report>
			<report>
				<misses>4997001</misses>
				<total>9</total>
				<timestamp>1647.361651</timestamp>
			</report>
			<report>
				<misses>4998001</misses>
				<total>9</total>
				<timestamp>1647.691247</timestamp>
			</report>
			<report>
				<misses>4999001</misses>
				<total>9</total>
				<timestamp>1648.020919</timestamp>
			</report>
			<report>
				<misses>5000001</misses>
				<total>9</total>
				<timestamp>1648.350625</timestamp>
			</report>
			<report>
				<misses>5001001</misses>
				<total>9</total>
				<timestamp>1648.680261</timestamp>
			</report>
			<report>
				<misses>5002001</misses>
				<total>9</total>
				<timestamp>1649.009928</timestamp>
			</report>
			<report>
				<misses>5003001</misses>
				<total>9</total>
				<timestamp>1649.339625</timestamp>
			</report>
			<report>
				<misses>5004001</misses>
				<total>9</total>
				<timestamp>1649.669291</timestamp>
			</report>
			<report>
				<misses>5005001</misses>
				<total>9</total>
				<timestamp>1649.998938</timestamp>
			</report>
			<report>
				<misses>5006001</misses>
				<total>9</total>
				<timestamp>1650.328699</timestamp>
			</report>
			<report>
				<misses>5007001</misses>
				<total>9</total>
				<timestamp>1650.658284</timestamp>
			</report>
			<report>
				<misses>5008001</misses>
				<total>9</total>
				<timestamp>1650.987942</timestamp>
			</report>
			<report>
				<misses>5009001</misses>
				<total>9</total>
				<timestamp>1651.317638</timestamp>
			</report>
			<report>
				<misses>5010001</misses>
				<total>9</total>
				<timestamp>1651.647276</timestamp>
			</report>
			<report>
				<misses>5011001</misses>
				<total>9</total>
				<timestamp>1651.976948</timestamp>
			</report>
			<report>
				<misses>5012001</misses>
				<total>9</total>
				<timestamp>1652.306621</timestamp>
			</report>
			<report>
				<misses>5013001</misses>
				<total>9</total>
				<timestamp>1652.636285</timestamp>
			</report>
			<report>
				<misses>5014001</misses>
				<total>9</total>
				<timestamp>1652.966012</timestamp>
			</report>
			<report>
				<misses>5015001</misses>
				<total>9</total>
				<timestamp>1653.295648</timestamp>
			</report>
			<report>
				<misses>5016001</misses>
				<total>9</total>
				<timestamp>1653.625296</timestamp>
			</report>
			<report>
				<misses>5017001</misses>
				<total>9</total>
				<timestamp>1653.954975</timestamp>
			</report>
			<report>
				<misses>5018001</misses>
				<total>9</total>
				<timestamp>1654.284635</timestamp>
			</report>
			<report>
				<misses>5019001</misses>
				<total>9</total>
				<timestamp>1654.614319</timestamp>
			</report>
			<report>
				<misses>5020001</misses>
				<total>9</total>
				<timestamp>1654.943985</timestamp>
			</report>
			<report>
				<misses>5021001</misses>
				<total>9</total>
				<timestamp>1655.273662</timestamp>
			</report>
			<report>
				<misses>5022001</misses>
				<total>9</total>
				<timestamp>1655.603328</timestamp>
			</report>
			<report>
				<misses>5023001</misses>
				<total>9</total>
				<timestamp>1655.933005</timestamp>
			</report>
			<report>
				<misses>5024001</misses>
				<total>9</total>
				<timestamp>1656.262752</timestamp>
			</report>
			<report>
				<misses>5025001</misses>
				<total>9</total>
				<timestamp>1656.592343</timestamp>
			</report>
			<report>
				<misses>5026001</misses>
				<total>9</total>
				<timestamp>1656.922026</timestamp>
			</report>
			<report>
				<misses>5027001</misses>
				<total>9</total>
				<timestamp>1657.251729</timestamp>
			</report>
			<report>
				<misses>5028001</misses>
				<total>9</total>
				<timestamp>1657.581440</timestamp>
			</report>
			<report>
				<misses>5029001</misses>
				<total>9</total>
				<timestamp>1657.911079</timestamp>
			</report>
			<report>
				<misses>5030001</misses>
				<total>9</total>
				<timestamp>1658.240748</timestamp>
			</report>
			<report>
				<misses>5031001</misses>
				<total>9</total>
				<timestamp>1658.570414</timestamp>
			</report>
			<report>
				<misses>5032001</misses>
				<total>9</total>
				<timestamp>1658.900042</timestamp>
			</report>
			<report>
				<misses>5033001</misses>
				<total>9</total>
				<timestamp>1659.229754</timestamp>
			</report>
			<report>
				<misses>5034001</misses>
				<total>9</total>
				<timestamp>1659.559436</timestamp>
			</report>
			<report>
				<misses>5035001</misses>
				<total>9</total>
				<timestamp>1659.889108</timestamp>
			</report>
			<report>
				<misses>5036001</misses>
				<total>9</total>
				<timestamp>1660.218708</timestamp>
			</report>
			<report>
				<misses>5037001</misses>
				<total>9</total>
				<timestamp>1660.548378</timestamp>
			</report>
			<report>
				<misses>5038001</misses>
				<total>9</total>
				<timestamp>1660.878111</timestamp>
			</report>
			<report>
				<misses>5039001</misses>
				<total>9</total>
				<timestamp>1661.207706</timestamp>
			</report>
			<report>
				<misses>5040001</misses>
				<total>9</total>
				<timestamp>1661.537423</timestamp>
			</report>
			<report>
				<misses>5041001</misses>
				<total>9</total>
				<timestamp>1661.867051</timestamp>
			</report>
			<report>
				<misses>5042001</misses>
				<total>9</total>
				<timestamp>1662.196747</timestamp>
			</report>
			<report>
				<misses>5043001</misses>
				<total>9</total>
				<timestamp>1662.526445</timestamp>
			</report>
			<report>
				<misses>5044001</misses>
				<total>9</total>
				<timestamp>1662.856087</timestamp>
			</report>
			<report>
				<misses>5045001</misses>
				<total>9</total>
				<timestamp>1663.185749</timestamp>
			</report>
			<report>
				<misses>5046001</misses>
				<total>9</total>
				<timestamp>1663.515453</timestamp>
			</report>
			<report>
				<misses>5047001</misses>
				<total>9</total>
				<timestamp>1663.845092</timestamp>
			</report>
			<report>
				<misses>5048001</misses>
				<total>9</total>
				<timestamp>1664.174739</timestamp>
			</report>
			<report>
				<misses>5049001</misses>
				<total>9</total>
				<timestamp>1664.504432</timestamp>
			</report>
			<report>
				<misses>5050001</misses>
				<total>9</total>
				<timestamp>1664.834113</timestamp>
			</report>
			<report>
				<misses>5051001</misses>
				<total>9</total>
				<timestamp>1665.163772</timestamp>
			</report>
			<report>
				<misses>5052001</misses>
				<total>9</total>
				<timestamp>1665.493477</timestamp>
			</report>
			<report>
				<misses>5053001</misses>
				<total>9</total>
				<timestamp>1665.823106</timestamp>
			</report>
			<report>
				<misses>5054001</misses>
				<total>9</total>
				<timestamp>1666.152762</timestamp>
			</report>
			<report>
				<misses>5055001</misses>
				<total>9</total>
				<timestamp>1666.482445</timestamp>
			</report>
			<report>
				<misses>5056001</misses>
				<total>9</total>
				<timestamp>1666.812112</timestamp>
			</report>
			<report>
				<misses>5057001</misses>
				<total>9</total>
				<timestamp>1667.141857</timestamp>
			</report>
			<report>
				<misses>5058001</misses>
				<total>9</total>
				<timestamp>1667.471520</timestamp>
			</report>
			<report>
				<misses>5059001</misses>
				<total>9</total>
				<timestamp>1667.801123</timestamp>
			</report>
			<report>
				<misses>5060001</misses>
				<total>9</total>
				<timestamp>1668.130778</timestamp>
			</report>
			<report>
				<misses>5061001</misses>
				<total>9</total>
				<timestamp>1668.460502</timestamp>
			</report>
			<report>
				<misses>5062001</misses>
				<total>9</total>
				<timestamp>1668.790120</timestamp>
			</report>
			<report>
				<misses>5063001</misses>
				<total>9</total>
				<timestamp>1669.119795</timestamp>
			</report>
			<report>
				<misses>5064001</misses>
				<total>9</total>
				<timestamp>1669.449488</timestamp>
			</report>
			<report>
				<misses>5065001</misses>
				<total>9</total>
				<timestamp>1669.779152</timestamp>
			</report>
			<report>
				<misses>5066001</misses>
				<total>9</total>
				<timestamp>1670.108813</timestamp>
			</report>
			<report>
				<misses>5067001</misses>
				<total>9</total>
				<timestamp>1670.438503</timestamp>
			</report>
			<report>
				<misses>5068001</misses>
				<total>9</total>
				<timestamp>1670.768157</timestamp>
			</report>
			<report>
				<misses>5069001</misses>
				<total>9</total>
				<timestamp>1671.097933</timestamp>
			</report>
			<report>
				<misses>5070001</misses>
				<total>9</total>
				<timestamp>1671.427512</timestamp>
			</report>
			<report>
				<misses>5071001</misses>
				<total>9</total>
				<timestamp>1671.757163</timestamp>
			</report>
			<report>
				<misses>5072001</misses>
				<total>9</total>
				<timestamp>1672.086828</timestamp>
			</report>
			<report>
				<misses>5073001</misses>
				<total>9</total>
				<timestamp>1672.416555</timestamp>
			</report>
			<report>
				<misses>5074001</misses>
				<total>9</total>
				<timestamp>1672.746223</timestamp>
			</report>
			<report>
				<misses>5075001</misses>
				<total>9</total>
				<timestamp>1673.075851</timestamp>
			</report>
			<report>
				<misses>5076001</misses>
				<total>9</total>
				<timestamp>1673.405540</timestamp>
			</report>
			<report>
				<misses>5077001</misses>
				<total>9</total>
				<timestamp>1673.735201</timestamp>
			</report>
			<report>
				<misses>5078001</misses>
				<total>9</total>
				<timestamp>1674.064845</timestamp>
			</report>
			<report>
				<misses>5079001</misses>
				<total>9</total>
				<timestamp>1674.394538</timestamp>
			</report>
			<report>
				<misses>5080001</misses>
				<total>9</total>
				<timestamp>1674.724180</timestamp>
			</report>
			<report>
				<misses>5081001</misses>
				<total>9</total>
				<timestamp>1675.053848</timestamp>
			</report>
			<report>
				<misses>5082001</misses>
				<total>9</total>
				<timestamp>1675.383544</timestamp>
			</report>
			<report>
				<misses>5083001</misses>
				<total>9</total>
				<timestamp>1675.713197</timestamp>
			</report>
			<report>
				<misses>5084001</misses>
				<total>9</total>
				<timestamp>1676.042867</timestamp>
			</report>
			<report>
				<misses>5085001</misses>
				<total>9</total>
				<timestamp>1676.372549</timestamp>
			</report>
			<report>
				<misses>5086001</misses>
				<total>9</total>
				<timestamp>1676.702247</timestamp>
			</report>
			<report>
				<misses>5087001</misses>
				<total>9</total>
				<timestamp>1677.031879</timestamp>
			</report>
			<report>
				<misses>5088001</misses>
				<total>9</total>
				<timestamp>1677.361554</timestamp>
			</report>
			<report>
				<misses>5089001</misses>
				<total>9</total>
				<timestamp>1677.691220</timestamp>
			</report>
			<report>
				<misses>5090001</misses>
				<total>9</total>
				<timestamp>1678.020905</timestamp>
			</report>
			<report>
				<misses>5091001</misses>
				<total>9</total>
				<timestamp>1678.350566</timestamp>
			</report>
			<report>
				<misses>5092001</misses>
				<total>9</total>
				<timestamp>1678.680248</timestamp>
			</report>
			<report>
				<misses>5093001</misses>
				<total>9</total>
				<timestamp>1679.009894</timestamp>
			</report>
			<report>
				<misses>5094001</misses>
				<total>9</total>
				<timestamp>1679.339563</timestamp>
			</report>
			<report>
				<misses>5095001</misses>
				<total>9</total>
				<timestamp>1679.669227</timestamp>
			</report>
			<report>
				<misses>5096001</misses>
				<total>9</total>
				<timestamp>1679.998913</timestamp>
			</report>
			<report>
				<misses>5097001</misses>
				<total>9</total>
				<timestamp>1680.328631</timestamp>
			</report>
			<report>
				<misses>5098001</misses>
				<total>9</total>
				<timestamp>1680.658243</timestamp>
			</report>
			<report>
				<misses>5099001</misses>
				<total>9</total>
				<timestamp>1680.987908</timestamp>
			</report>
			<report>
				<misses>5100001</misses>
				<total>9</total>
				<timestamp>1681.317590</timestamp>
			</report>
			<report>
				<misses>5101001</misses>
				<total>9</total>
				<timestamp>1681.647314</timestamp>
			</report>
			<report>
				<misses>5102001</misses>
				<total>9</total>
				<timestamp>1681.976922</timestamp>
			</report>
			<report>
				<misses>5103001</misses>
				<total>9</total>
				<timestamp>1682.306595</timestamp>
			</report>
			<report>
				<misses>5104001</misses>
				<total>9</total>
				<timestamp>1682.636303</timestamp>
			</report>
			<report>
				<misses>5105001</misses>
				<total>9</total>
				<timestamp>1682.965946</timestamp>
			</report>
			<report>
				<misses>5106001</misses>
				<total>9</total>
				<timestamp>1683.295605</timestamp>
			</report>
			<report>
				<misses>5107001</misses>
				<total>9</total>
				<timestamp>1683.625319</timestamp>
			</report>
			<report>
				<misses>5108001</misses>
				<total>9</total>
				<timestamp>1683.954939</timestamp>
			</report>
			<report>
				<misses>5109001</misses>
				<total>9</total>
				<timestamp>1684.284608</timestamp>
			</report>
			<report>
				<misses>5110001</misses>
				<total>9</total>
				<timestamp>1684.614302</timestamp>
			</report>
			<report>
				<misses>5111001</misses>
				<total>9</total>
				<timestamp>1684.943961</timestamp>
			</report>
			<report>
				<misses>5112001</misses>
				<total>9</total>
				<timestamp>1685.273649</timestamp>
			</report>
			<report>
				<misses>5113001</misses>
				<total>9</total>
				<timestamp>1685.603387</timestamp>
			</report>
			<report>
				<misses>5114001</misses>
				<total>9</total>
				<timestamp>1685.932958</timestamp>
			</report>
			<report>
				<misses>5115001</misses>
				<total>9</total>
				<timestamp>1686.262636</timestamp>
			</report>
			<report>
				<misses>5116001</misses>
				<total>9</total>
				<timestamp>1686.592311</timestamp>
			</report>
			<report>
				<misses>5117001</misses>
				<total>9</total>
				<timestamp>1686.921979</timestamp>
			</report>
			<report>
				<misses>5118001</misses>
				<total>9</total>
				<timestamp>1687.251636</timestamp>
			</report>
			<report>
				<misses>5119001</misses>
				<total>9</total>
				<timestamp>1687.581406</timestamp>
			</report>
			<report>
				<misses>5120001</misses>
				<total>9</total>
				<timestamp>1687.911029</timestamp>
			</report>
			<report>
				<misses>5121001</misses>
				<total>9</total>
				<timestamp>1688.240667</timestamp>
			</report>
			<report>
				<misses>5122001</misses>
				<total>9</total>
				<timestamp>1688.570389</timestamp>
			</report>
			<report>
				<misses>5123001</misses>
				<total>9</total>
				<timestamp>1688.899994</timestamp>
			</report>
			<report>
				<misses>5124001</misses>
				<total>9</total>
				<timestamp>1689.229669</timestamp>
			</report>
			<report>
				<misses>5125001</misses>
				<total>9</total>
				<timestamp>1689.559400</timestamp>
			</report>
			<report>
				<misses>5126001</misses>
				<total>9</total>
				<timestamp>1689.889001</timestamp>
			</report>
			<report>
				<misses>5127001</misses>
				<total>9</total>
				<timestamp>1690.218677</timestamp>
			</report>
			<report>
				<misses>5128001</misses>
				<total>9</total>
				<timestamp>1690.548395</timestamp>
			</report>
			<report>
				<misses>5129001</misses>
				<total>9</total>
				<timestamp>1690.878033</timestamp>
			</report>
			<report>
				<misses>5130001</misses>
				<total>9</total>
				<timestamp>1691.207732</timestamp>
			</report>
			<report>
				<misses>5131001</misses>
				<total>9</total>
				<timestamp>1691.537400</timestamp>
			</report>
			<report>
				<misses>5132001</misses>
				<total>9</total>
				<timestamp>1691.867091</timestamp>
			</report>
			<report>
				<misses>5133001</misses>
				<total>9</total>
				<timestamp>1692.196697</timestamp>
			</report>
			<report>
				<misses>5134001</misses>
				<total>9</total>
				<timestamp>1692.526407</timestamp>
			</report>
			<report>
				<misses>5135001</misses>
				<total>9</total>
				<timestamp>1692.856041</timestamp>
			</report>
			<report>
				<misses>5136001</misses>
				<total>9</total>
				<timestamp>1693.185710</timestamp>
			</report>
			<report>
				<misses>5137001</misses>
				<total>9</total>
				<timestamp>1693.515409</timestamp>
			</report>
			<report>
				<misses>5138001</misses>
				<total>9</total>
				<timestamp>1693.845129</timestamp>
			</report>
			<report>
				<misses>5139001</misses>
				<total>9</total>
				<timestamp>1694.174726</timestamp>
			</report>
			<report>
				<misses>5140001</misses>
				<total>9</total>
				<timestamp>1694.504437</timestamp>
			</report>
			<report>
				<misses>5141001</misses>
				<total>9</total>
				<timestamp>1694.834067</timestamp>
			</report>
			<report>
				<misses>5142001</misses>
				<total>9</total>
				<timestamp>1695.163726</timestamp>
			</report>
			<report>
				<misses>5143001</misses>
				<total>9</total>
				<timestamp>1695.493500</timestamp>
			</report>
			<report>
				<misses>5144001</misses>
				<total>9</total>
				<timestamp>1695.823078</timestamp>
			</report>
			<report>
				<misses>5145001</misses>
				<total>9</total>
				<timestamp>1696.152744</timestamp>
			</report>
			<report>
				<misses>5146001</misses>
				<total>9</total>
				<timestamp>1696.482440</timestamp>
			</report>
			<report>
				<misses>5147001</misses>
				<total>9</total>
				<timestamp>1696.812115</timestamp>
			</report>
			<report>
				<misses>5148001</misses>
				<total>9</total>
				<timestamp>1697.141742</timestamp>
			</report>
			<report>
				<misses>5149001</misses>
				<total>9</total>
				<timestamp>1697.471462</timestamp>
			</report>
			<report>
				<misses>5150001</misses>
				<total>9</total>
				<timestamp>1697.801102</timestamp>
			</report>
			<report>
				<misses>5151001</misses>
				<total>9</total>
				<timestamp>1698.130774</timestamp>
			</report>
			<report>
				<misses>5152001</misses>
				<total>9</total>
				<timestamp>1698.460446</timestamp>
			</report>
			<report>
				<misses>5153001</misses>
				<total>9</total>
				<timestamp>1698.790109</timestamp>
			</report>
			<report>
				<misses>5154001</misses>
				<total>9</total>
				<timestamp>1699.119786</timestamp>
			</report>
			<report>
				<misses>5155001</misses>
				<total>9</total>
				<timestamp>1699.449496</timestamp>
			</report>
			<report>
				<misses>5156001</misses>
				<total>9</total>
				<timestamp>1699.779122</timestamp>
			</report>
			<report>
				<misses>5157001</misses>
				<total>9</total>
				<timestamp>1700.108781</timestamp>
			</report>
			<report>
				<misses>5158001</misses>
				<total>9</total>
				<timestamp>1700.438460</timestamp>
			</report>
			<report>
				<misses>5159001</misses>
				<total>9</total>
				<timestamp>1700.768122</timestamp>
			</report>
			<report>
				<misses>5160001</misses>
				<total>9</total>
				<timestamp>1701.097791</timestamp>
			</report>
			<report>
				<misses>5161001</misses>
				<total>9</total>
				<timestamp>1701.427452</timestamp>
			</report>
			<report>
				<misses>5162001</misses>
				<total>9</total>
				<timestamp>1701.757127</timestamp>
			</report>
			<report>
				<misses>5163001</misses>
				<total>9</total>
				<timestamp>1702.086816</timestamp>
			</report>
			<report>
				<misses>5164001</misses>
				<total>9</total>
				<timestamp>1702.416494</timestamp>
			</report>
			<report>
				<misses>5165001</misses>
				<total>9</total>
				<timestamp>1702.746166</timestamp>
			</report>
			<report>
				<misses>5166001</misses>
				<total>9</total>
				<timestamp>1703.075804</timestamp>
			</report>
			<report>
				<misses>5167001</misses>
				<total>9</total>
				<timestamp>1703.405472</timestamp>
			</report>
			<report>
				<misses>5168001</misses>
				<total>9</total>
				<timestamp>1703.735221</timestamp>
			</report>
			<report>
				<misses>5169001</misses>
				<total>9</total>
				<timestamp>1704.064817</timestamp>
			</report>
			<report>
				<misses>5170001</misses>
				<total>9</total>
				<timestamp>1704.394527</timestamp>
			</report>
			<report>
				<misses>5171001</misses>
				<total>9</total>
				<timestamp>1704.724161</timestamp>
			</report>
			<report>
				<misses>5172001</misses>
				<total>9</total>
				<timestamp>1705.053840</timestamp>
			</report>
			<report>
				<misses>5173001</misses>
				<total>9</total>
				<timestamp>1705.383516</timestamp>
			</report>
			<report>
				<misses>5174001</misses>
				<total>9</total>
				<timestamp>1705.713301</timestamp>
			</report>
			<report>
				<misses>5175001</misses>
				<total>9</total>
				<timestamp>1706.042834</timestamp>
			</report>
			<report>
				<misses>5176001</misses>
				<total>9</total>
				<timestamp>1706.372503</timestamp>
			</report>
			<report>
				<misses>5177001</misses>
				<total>9</total>
				<timestamp>1706.702206</timestamp>
			</report>
			<report>
				<misses>5178001</misses>
				<total>9</total>
				<timestamp>1707.031878</timestamp>
			</report>
			<report>
				<misses>5179001</misses>
				<total>9</total>
				<timestamp>1707.361563</timestamp>
			</report>
			<report>
				<misses>5180001</misses>
				<total>9</total>
				<timestamp>1707.691203</timestamp>
			</report>
			<report>
				<misses>5181001</misses>
				<total>9</total>
				<timestamp>1708.020863</timestamp>
			</report>
			<report>
				<misses>5182001</misses>
				<total>9</total>
				<timestamp>1708.350519</timestamp>
			</report>
			<report>
				<misses>5183001</misses>
				<total>9</total>
				<timestamp>1708.680236</timestamp>
			</report>
			<report>
				<misses>5184001</misses>
				<total>9</total>
				<timestamp>1709.009862</timestamp>
			</report>
			<report>
				<misses>5185001</misses>
				<total>9</total>
				<timestamp>1709.339598</timestamp>
			</report>
			<report>
				<misses>5186001</misses>
				<total>9</total>
				<timestamp>1709.669324</timestamp>
			</report>
			<report>
				<misses>5187001</misses>
				<total>9</total>
				<timestamp>1709.998900</timestamp>
			</report>
			<report>
				<misses>5188001</misses>
				<total>9</total>
				<timestamp>1710.328555</timestamp>
			</report>
			<report>
				<misses>5189001</misses>
				<total>9</total>
				<timestamp>1710.658265</timestamp>
			</report>
			<report>
				<misses>5190001</misses>
				<total>9</total>
				<timestamp>1710.987886</timestamp>
			</report>
			<report>
				<misses>5191001</misses>
				<total>9</total>
				<timestamp>1711.317614</timestamp>
			</report>
			<report>
				<misses>5192001</misses>
				<total>9</total>
				<timestamp>1711.647260</timestamp>
			</report>
			<report>
				<misses>5193001</misses>
				<total>9</total>
				<timestamp>1711.976920</timestamp>
			</report>
			<report>
				<misses>5194001</misses>
				<total>9</total>
				<timestamp>1712.306570</timestamp>
			</report>
			<report>
				<misses>5195001</misses>
				<total>9</total>
				<timestamp>1712.636308</timestamp>
			</report>
			<report>
				<misses>5196001</misses>
				<total>9</total>
				<timestamp>1712.965980</timestamp>
			</report>
			<report>
				<misses>5197001</misses>
				<total>9</total>
				<timestamp>1713.295578</timestamp>
			</report>
			<report>
				<misses>5198001</misses>
				<total>9</total>
				<timestamp>1713.625256</timestamp>
			</report>
			<report>
				<misses>5199001</misses>
				<total>9</total>
				<timestamp>1713.954927</timestamp>
			</report>
			<report>
				<misses>5200001</misses>
				<total>9</total>
				<timestamp>1714.284597</timestamp>
			</report>
			<report>
				<misses>5201001</misses>
				<total>9</total>
				<timestamp>1714.614373</timestamp>
			</report>
			<report>
				<misses>5202001</misses>
				<total>9</total>
				<timestamp>1714.943924</timestamp>
			</report>
			<report>
				<misses>5203001</misses>
				<total>9</total>
				<timestamp>1715.273612</timestamp>
			</report>
			<report>
				<misses>5204001</misses>
				<total>9</total>
				<timestamp>1715.603342</timestamp>
			</report>
			<report>
				<misses>5205001</misses>
				<total>9</total>
				<timestamp>1715.932935</timestamp>
			</report>
			<report>
				<misses>5206001</misses>
				<total>9</total>
				<timestamp>1716.262618</timestamp>
			</report>
			<report>
				<misses>5207001</misses>
				<total>9</total>
				<timestamp>1716.592330</timestamp>
			</report>
			<report>
				<misses>5208001</misses>
				<total>9</total>
				<timestamp>1716.921955</timestamp>
			</report>
			<report>
				<misses>5209001</misses>
				<total>9</total>
				<timestamp>1717.251617</timestamp>
			</report>
			<report>
				<misses>5210001</misses>
				<total>9</total>
				<timestamp>1717.581338</timestamp>
			</report>
			<report>
				<misses>5211001</misses>
				<total>9</total>
				<timestamp>1717.910960</timestamp>
			</report>
			<report>
				<misses>5212001</misses>
				<total>9</total>
				<timestamp>1718.240640</timestamp>
			</report>
			<report>
				<misses>5213001</misses>
				<total>9</total>
				<timestamp>1718.570340</timestamp>
			</report>
			<report>
				<misses>5214001</misses>
				<total>9</total>
				<timestamp>1718.899960</timestamp>
			</report>
			<report>
				<misses>5215001</misses>
				<total>9</total>
				<timestamp>1719.229649</timestamp>
			</report>
			<report>
				<misses>5216001</misses>
				<total>9</total>
				<timestamp>1719.559320</timestamp>
			</report>
			<report>
				<misses>5217001</misses>
				<total>9</total>
				<timestamp>1719.888983</timestamp>
			</report>
			<report>
				<misses>5218001</misses>
				<total>9</total>
				<timestamp>1720.218641</timestamp>
			</report>
			<report>
				<misses>5219001</misses>
				<total>9</total>
				<timestamp>1720.548375</timestamp>
			</report>
			<report>
				<misses>5220001</misses>
				<total>9</total>
				<timestamp>1720.878020</timestamp>
			</report>
			<report>
				<misses>5221001</misses>
				<total>9</total>
				<timestamp>1721.207662</timestamp>
			</report>
			<report>
				<misses>5222001</misses>
				<total>9</total>
				<timestamp>1721.537319</timestamp>
			</report>
			<report>
				<misses>5223001</misses>
				<total>9</total>
				<timestamp>1721.866999</timestamp>
			</report>
			<report>
				<misses>5224001</misses>
				<total>9</total>
				<timestamp>1722.196674</timestamp>
			</report>
			<report>
				<misses>5225001</misses>
				<total>9</total>
				<timestamp>1722.526341</timestamp>
			</report>
			<report>
				<misses>5226001</misses>
				<total>9</total>
				<timestamp>1722.856022</timestamp>
			</report>
			<report>
				<misses>5227001</misses>
				<total>9</total>
				<timestamp>1723.185674</timestamp>
			</report>
			<report>
				<misses>5228001</misses>
				<total>9</total>
				<timestamp>1723.515353</timestamp>
			</report>
			<report>
				<misses>5229001</misses>
				<total>9</total>
				<timestamp>1723.845042</timestamp>
			</report>
			<report>
				<misses>5230001</misses>
				<total>9</total>
				<timestamp>1724.174697</timestamp>
			</report>
			<report>
				<misses>5231001</misses>
				<total>9</total>
				<timestamp>1724.504378</timestamp>
			</report>
			<report>
				<misses>5232001</misses>
				<total>9</total>
				<timestamp>1724.834024</timestamp>
			</report>
			<report>
				<misses>5233001</misses>
				<total>9</total>
				<timestamp>1725.163732</timestamp>
			</report>
			<report>
				<misses>5234001</misses>
				<total>9</total>
				<timestamp>1725.493357</timestamp>
			</report>
			<report>
				<misses>5235001</misses>
				<total>9</total>
				<timestamp>1725.823054</timestamp>
			</report>
			<report>
				<misses>5236001</misses>
				<total>9</total>
				<timestamp>1726.152718</timestamp>
			</report>
			<report>
				<misses>5237001</misses>
				<total>9</total>
				<timestamp>1726.482398</timestamp>
			</report>
			<report>
				<misses>5238001</misses>
				<total>9</total>
				<timestamp>1726.812074</timestamp>
			</report>
			<report>
				<misses>5239001</misses>
				<total>9</total>
				<timestamp>1727.141719</timestamp>
			</report>
			<report>
				<misses>5240001</misses>
				<total>9</total>
				<timestamp>1727.471378</timestamp>
			</report>
			<report>
				<misses>5241001</misses>
				<total>9</total>
				<timestamp>1727.801119</timestamp>
			</report>
			<report>
				<misses>5242001</misses>
				<total>9</total>
				<timestamp>1728.130722</timestamp>
			</report>
			<report>
				<misses>5243001</misses>
				<total>9</total>
				<timestamp>1728.460415</timestamp>
			</report>
			<report>
				<misses>5244001</misses>
				<total>9</total>
				<timestamp>1728.790112</timestamp>
			</report>
			<report>
				<misses>5245001</misses>
				<total>9</total>
				<timestamp>1729.119753</timestamp>
			</report>
			<report>
				<misses>5246001</misses>
				<total>9</total>
				<timestamp>1729.449454</timestamp>
			</report>
			<report>
				<misses>5247001</misses>
				<total>9</total>
				<timestamp>1729.779176</timestamp>
			</report>
			<report>
				<misses>5248001</misses>
				<total>9</total>
				<timestamp>1730.108757</timestamp>
			</report>
			<report>
				<misses>5249001</misses>
				<total>9</total>
				<timestamp>1730.438417</timestamp>
			</report>
			<report>
				<misses>5250001</misses>
				<total>9</total>
				<timestamp>1730.768160</timestamp>
			</report>
			<report>
				<misses>5251001</misses>
				<total>9</total>
				<timestamp>1731.097754</timestamp>
			</report>
			<report>
				<misses>5252001</misses>
				<total>9</total>
				<timestamp>1731.427427</timestamp>
			</report>
			<report>
				<misses>5253001</misses>
				<total>9</total>
				<timestamp>1731.757167</timestamp>
			</report>
			<report>
				<misses>5254001</misses>
				<total>9</total>
				<timestamp>1732.086771</timestamp>
			</report>
			<report>
				<misses>5255001</misses>
				<total>9</total>
				<timestamp>1732.416449</timestamp>
			</report>
			<report>
				<misses>5256001</misses>
				<total>9</total>
				<timestamp>1732.746149</timestamp>
			</report>
			<report>
				<misses>5257001</misses>
				<total>9</total>
				<timestamp>1733.075774</timestamp>
			</report>
			<report>
				<misses>5258001</misses>
				<total>9</total>
				<timestamp>1733.405442</timestamp>
			</report>
			<report>
				<misses>5259001</misses>
				<total>9</total>
				<timestamp>1733.735137</timestamp>
			</report>
			<report>
				<misses>5260001</misses>
				<total>9</total>
				<timestamp>1734.064785</timestamp>
			</report>
			<report>
				<misses>5261001</misses>
				<total>9</total>
				<timestamp>1734.394464</timestamp>
			</report>
			<report>
				<misses>5262001</misses>
				<total>9</total>
				<timestamp>1734.724237</timestamp>
			</report>
			<report>
				<misses>5263001</misses>
				<total>9</total>
				<timestamp>1735.053791</timestamp>
			</report>
			<report>
				<misses>5264001</misses>
				<total>9</total>
				<timestamp>1735.383489</timestamp>
			</report>
			<report>
				<misses>5265001</misses>
				<total>9</total>
				<timestamp>1735.713223</timestamp>
			</report>
			<report>
				<misses>5266001</misses>
				<total>9</total>
				<timestamp>1736.042794</timestamp>
			</report>
			<report>
				<misses>5267001</misses>
				<total>9</total>
				<timestamp>1736.372475</timestamp>
			</report>
			<report>
				<misses>5268001</misses>
				<total>9</total>
				<timestamp>1736.702197</timestamp>
			</report>
			<report>
				<misses>5269001</misses>
				<total>9</total>
				<timestamp>1737.031806</timestamp>
			</report>
			<report>
				<misses>5270001</misses>
				<total>9</total>
				<timestamp>1737.361565</timestamp>
			</report>
			<report>
				<misses>5271001</misses>
				<total>9</total>
				<timestamp>1737.691198</timestamp>
			</report>
			<report>
				<misses>5272001</misses>
				<total>9</total>
				<timestamp>1738.020835</timestamp>
			</report>
			<report>
				<misses>5273001</misses>
				<total>9</total>
				<timestamp>1738.350493</timestamp>
			</report>
			<report>
				<misses>5274001</misses>
				<total>9</total>
				<timestamp>1738.680162</timestamp>
			</report>
			<report>
				<misses>5275001</misses>
				<total>9</total>
				<timestamp>1739.009831</timestamp>
			</report>
			<report>
				<misses>5276001</misses>
				<total>9</total>
				<timestamp>1739.339518</timestamp>
			</report>
			<report>
				<misses>5277001</misses>
				<total>9</total>
				<timestamp>1739.669205</timestamp>
			</report>
			<report>
				<misses>5278001</misses>
				<total>9</total>
				<timestamp>1739.998852</timestamp>
			</report>
			<report>
				<misses>5279001</misses>
				<total>9</total>
				<timestamp>1740.328544</timestamp>
			</report>
			<report>
				<misses>5280001</misses>
				<total>9</total>
				<timestamp>1740.658203</timestamp>
			</report>
			<report>
				<misses>5281001</misses>
				<total>9</total>
				<timestamp>1740.987859</timestamp>
			</report>
			<report>
				<misses>5282001</misses>
				<total>9</total>
				<timestamp>1741.317538</timestamp>
			</report>
			<report>
				<misses>5283001</misses>
				<total>9</total>
				<timestamp>1741.647253</timestamp>
			</report>
			<report>
				<misses>5284001</misses>
				<total>9</total>
				<timestamp>1741.976859</timestamp>
			</report>
			<report>
				<misses>5285001</misses>
				<total>9</total>
				<timestamp>1742.306528</timestamp>
			</report>
			<report>
				<misses>5286001</misses>
				<total>9</total>
				<timestamp>1742.636215</timestamp>
			</report>
			<report>
				<misses>5287001</misses>
				<total>9</total>
				<timestamp>1742.965877</timestamp>
			</report>
			<report>
				<misses>5288001</misses>
				<total>9</total>
				<timestamp>1743.295594</timestamp>
			</report>
			<report>
				<misses>5289001</misses>
				<total>9</total>
				<timestamp>1743.625242</timestamp>
			</report>
			<report>
				<misses>5290001</misses>
				<total>9</total>
				<timestamp>1743.954884</timestamp>
			</report>
			<report>
				<misses>5291001</misses>
				<total>9</total>
				<timestamp>1744.284550</timestamp>
			</report>
			<report>
				<misses>5292001</misses>
				<total>9</total>
				<timestamp>1744.614255</timestamp>
			</report>
			<report>
				<misses>5293001</misses>
				<total>9</total>
				<timestamp>1744.943892</timestamp>
			</report>
			<report>
				<misses>5294001</misses>
				<total>9</total>
				<timestamp>1745.273570</timestamp>
			</report>
			<report>
				<misses>5295001</misses>
				<total>9</total>
				<timestamp>1745.603280</timestamp>
			</report>
			<report>
				<misses>5296001</misses>
				<total>9</total>
				<timestamp>1745.932921</timestamp>
			</report>
			<report>
				<misses>5297001</misses>
				<total>9</total>
				<timestamp>1746.262567</timestamp>
			</report>
			<report>
				<misses>5298001</misses>
				<total>9</total>
				<timestamp>1746.592242</timestamp>
			</report>
			<report>
				<misses>5299001</misses>
				<total>9</total>
				<timestamp>1746.921955</timestamp>
			</report>
			<report>
				<misses>5300001</misses>
				<total>9</total>
				<timestamp>1747.251591</timestamp>
			</report>
			<report>
				<misses>5301001</misses>
				<total>9</total>
				<timestamp>1747.581259</timestamp>
			</report>
			<report>
				<misses>5302001</misses>
				<total>9</total>
				<timestamp>1747.910970</timestamp>
			</report>
			<report>
				<misses>5303001</misses>
				<total>9</total>
				<timestamp>1748.240624</timestamp>
			</report>
			<report>
				<misses>5304001</misses>
				<total>9</total>
				<timestamp>1748.570271</timestamp>
			</report>
			<report>
				<misses>5305001</misses>
				<total>9</total>
				<timestamp>1748.899949</timestamp>
			</report>
			<report>
				<misses>5306001</misses>
				<total>9</total>
				<timestamp>1749.229601</timestamp>
			</report>
			<report>
				<misses>5307001</misses>
				<total>9</total>
				<timestamp>1749.559275</timestamp>
			</report>
			<report>
				<misses>5308001</misses>
				<total>9</total>
				<timestamp>1749.888960</timestamp>
			</report>
			<report>
				<misses>5309001</misses>
				<total>9</total>
				<timestamp>1750.218616</timestamp>
			</report>
			<report>
				<misses>5310001</misses>
				<total>9</total>
				<timestamp>1750.548302</timestamp>
			</report>
			<report>
				<misses>5311001</misses>
				<total>9</total>
				<timestamp>1750.877986</timestamp>
			</report>
			<report>
				<misses>5312001</misses>
				<total>9</total>
				<timestamp>1751.207623</timestamp>
			</report>
			<report>
				<misses>5313001</misses>
				<total>9</total>
				<timestamp>1751.537296</timestamp>
			</report>
			<report>
				<misses>5314001</misses>
				<total>9</total>
				<timestamp>1751.867071</timestamp>
			</report>
			<report>
				<misses>5315001</misses>
				<total>9</total>
				<timestamp>1752.196646</timestamp>
			</report>
			<report>
				<misses>5316001</misses>
				<total>9</total>
				<timestamp>1752.526304</timestamp>
			</report>
			<report>
				<misses>5317001</misses>
				<total>9</total>
				<timestamp>1752.856035</timestamp>
			</report>
			<report>
				<misses>5318001</misses>
				<total>9</total>
				<timestamp>1753.185642</timestamp>
			</report>
			<report>
				<misses>5319001</misses>
				<total>9</total>
				<timestamp>1753.515317</timestamp>
			</report>
			<report>
				<misses>5320001</misses>
				<total>9</total>
				<timestamp>1753.845047</timestamp>
			</report>
			<report>
				<misses>5321001</misses>
				<total>9</total>
				<timestamp>1754.174650</timestamp>
			</report>
			<report>
				<misses>5322001</misses>
				<total>9</total>
				<timestamp>1754.504332</timestamp>
			</report>
			<report>
				<misses>5323001</misses>
				<total>9</total>
				<timestamp>1754.834072</timestamp>
			</report>
			<report>
				<misses>5324001</misses>
				<total>9</total>
				<timestamp>1755.163664</timestamp>
			</report>
			<report>
				<misses>5325001</misses>
				<total>9</total>
				<timestamp>1755.493339</timestamp>
			</report>
			<report>
				<misses>5326001</misses>
				<total>9</total>
				<timestamp>1755.823064</timestamp>
			</report>
			<report>
				<misses>5327001</misses>
				<total>9</total>
				<timestamp>1756.152678</timestamp>
			</report>
			<report>
				<misses>5328001</misses>
				<total>9</total>
				<timestamp>1756.482357</timestamp>
			</report>
			<report>
				<misses>5329001</misses>
				<total>9</total>
				<timestamp>1756.812063</timestamp>
			</report>
			<report>
				<misses>5330001</misses>
				<total>9</total>
				<timestamp>1757.141682</timestamp>
			</report>
			<report>
				<misses>5331001</misses>
				<total>9</total>
				<timestamp>1757.471366</timestamp>
			</report>
			<report>
				<misses>5332001</misses>
				<total>9</total>
				<timestamp>1757.801024</timestamp>
			</report>
			<report>
				<misses>5333001</misses>
				<total>9</total>
				<timestamp>1758.130736</timestamp>
			</report>
			<report>
				<misses>5334001</misses>
				<total>9</total>
				<timestamp>1758.460370</timestamp>
			</report>
			<report>
				<misses>5335001</misses>
				<total>9</total>
				<timestamp>1758.790111</timestamp>
			</report>
			<report>
				<misses>5336001</misses>
				<total>9</total>
				<timestamp>1759.119719</timestamp>
			</report>
			<report>
				<misses>5337001</misses>
				<total>9</total>
				<timestamp>1759.449378</timestamp>
			</report>
			<report>
				<misses>5338001</misses>
				<total>9</total>
				<timestamp>1759.779107</timestamp>
			</report>
			<report>
				<misses>5339001</misses>
				<total>9</total>
				<timestamp>1760.108723</timestamp>
			</report>
			<report>
				<misses>5340001</misses>
				<total>9</total>
				<timestamp>1760.438437</timestamp>
			</report>
			<report>
				<misses>5341001</misses>
				<total>9</total>
				<timestamp>1760.768054</timestamp>
			</report>
			<report>
				<misses>5342001</misses>
				<total>9</total>
				<timestamp>1761.097722</timestamp>
			</report>
			<report>
				<misses>5343001</misses>
				<total>9</total>
				<timestamp>1761.427421</timestamp>
			</report>
			<report>
				<misses>5344001</misses>
				<total>9</total>
				<timestamp>1761.757095</timestamp>
			</report>
			<report>
				<misses>5345001</misses>
				<total>9</total>
				<timestamp>1762.086753</timestamp>
			</report>
			<report>
				<misses>5346001</misses>
				<total>9</total>
				<timestamp>1762.416466</timestamp>
			</report>
			<report>
				<misses>5347001</misses>
				<total>9</total>
				<timestamp>1762.746187</timestamp>
			</report>
			<report>
				<misses>5348001</misses>
				<total>9</total>
				<timestamp>1763.075789</timestamp>
			</report>
			<report>
				<misses>5349001</misses>
				<total>9</total>
				<timestamp>1763.405423</timestamp>
			</report>
			<report>
				<misses>5350001</misses>
				<total>9</total>
				<timestamp>1763.735131</timestamp>
			</report>
			<report>
				<misses>5351001</misses>
				<total>9</total>
				<timestamp>1764.064788</timestamp>
			</report>
			<report>
				<misses>5352001</misses>
				<total>9</total>
				<timestamp>1764.394426</timestamp>
			</report>
			<report>
				<misses>5353001</misses>
				<total>9</total>
				<timestamp>1764.724130</timestamp>
			</report>
			<report>
				<misses>5354001</misses>
				<total>9</total>
				<timestamp>1765.053768</timestamp>
			</report>
			<report>
				<misses>5355001</misses>
				<total>9</total>
				<timestamp>1765.383443</timestamp>
			</report>
			<report>
				<misses>5356001</misses>
				<total>9</total>
				<timestamp>1765.713108</timestamp>
			</report>
			<report>
				<misses>5357001</misses>
				<total>9</total>
				<timestamp>1766.042808</timestamp>
			</report>
			<report>
				<misses>5358001</misses>
				<total>9</total>
				<timestamp>1766.372451</timestamp>
			</report>
			<report>
				<misses>5359001</misses>
				<total>9</total>
				<timestamp>1766.702154</timestamp>
			</report>
			<report>
				<misses>5360001</misses>
				<total>9</total>
				<timestamp>1767.031811</timestamp>
			</report>
			<report>
				<misses>5361001</misses>
				<total>9</total>
				<timestamp>1767.361462</timestamp>
			</report>
			<report>
				<misses>5362001</misses>
				<total>9</total>
				<timestamp>1767.691195</timestamp>
			</report>
			<report>
				<misses>5363001</misses>
				<total>9</total>
				<timestamp>1768.020824</timestamp>
			</report>
			<report>
				<misses>5364001</misses>
				<total>9</total>
				<timestamp>1768.350457</timestamp>
			</report>
			<report>
				<misses>5365001</misses>
				<total>9</total>
				<timestamp>1768.680141</timestamp>
			</report>
			<report>
				<misses>5366001</misses>
				<total>9</total>
				<timestamp>1769.009852</timestamp>
			</report>
			<report>
				<misses>5367001</misses>
				<total>9</total>
				<timestamp>1769.339482</timestamp>
			</report>
			<report>
				<misses>5368001</misses>
				<total>9</total>
				<timestamp>1769.669221</timestamp>
			</report>
			<report>
				<misses>5369001</misses>
				<total>9</total>
				<timestamp>1769.998844</timestamp>
			</report>
			<report>
				<misses>5370001</misses>
				<total>9</total>
				<timestamp>1770.328495</timestamp>
			</report>
			<report>
				<misses>5371001</misses>
				<total>9</total>
				<timestamp>1770.658157</timestamp>
			</report>
			<report>
				<misses>5372001</misses>
				<total>9</total>
				<timestamp>1770.988023</timestamp>
			</report>
			<report>
				<misses>5373001</misses>
				<total>9</total>
				<timestamp>1771.317513</timestamp>
			</report>
			<report>
				<misses>5374001</misses>
				<total>9</total>
				<timestamp>1771.647183</timestamp>
			</report>
			<report>
				<misses>5375001</misses>
				<total>9</total>
				<timestamp>1771.976919</timestamp>
			</report>
			<report>
				<misses>5376001</misses>
				<total>9</total>
				<timestamp>1772.306511</timestamp>
			</report>
			<report>
				<misses>5377001</misses>
				<total>9</total>
				<timestamp>1772.636197</timestamp>
			</report>
			<report>
				<misses>5378001</misses>
				<total>9</total>
				<timestamp>1772.965854</timestamp>
			</report>
			<report>
				<misses>5379001</misses>
				<total>9</total>
				<timestamp>1773.295509</timestamp>
			</report>
			<report>
				<misses>5380001</misses>
				<total>9</total>
				<timestamp>1773.625205</timestamp>
			</report>
			<report>
				<misses>5381001</misses>
				<total>9</total>
				<timestamp>1773.954859</timestamp>
			</report>
			<report>
				<misses>5382001</misses>
				<total>9</total>
				<timestamp>1774.284529</timestamp>
			</report>
			<report>
				<misses>5383001</misses>
				<total>9</total>
				<timestamp>1774.614228</timestamp>
			</report>
			<report>
				<misses>5384001</misses>
				<total>9</total>
				<timestamp>1774.943948</timestamp>
			</report>
			<report>
				<misses>5385001</misses>
				<total>9</total>
				<timestamp>1775.273536</timestamp>
			</report>
			<report>
				<misses>5386001</misses>
				<total>9</total>
				<timestamp>1775.603206</timestamp>
			</report>
			<report>
				<misses>5387001</misses>
				<total>9</total>
				<timestamp>1775.932900</timestamp>
			</report>
			<report>
				<misses>5388001</misses>
				<total>9</total>
				<timestamp>1776.262541</timestamp>
			</report>
			<report>
				<misses>5389001</misses>
				<total>9</total>
				<timestamp>1776.592207</timestamp>
			</report>
			<report>
				<misses>5390001</misses>
				<total>9</total>
				<timestamp>1776.921955</timestamp>
			</report>
			<report>
				<misses>5391001</misses>
				<total>9</total>
				<timestamp>1777.251567</timestamp>
			</report>
			<report>
				<misses>5392001</misses>
				<total>9</total>
				<timestamp>1777.581231</timestamp>
			</report>
			<report>
				<misses>5393001</misses>
				<total>9</total>
				<timestamp>1777.910929</timestamp>
			</report>
			<report>
				<misses>5394001</misses>
				<total>9</total>
				<timestamp>1778.240567</timestamp>
			</report>
			<report>
				<misses>5395001</misses>
				<total>9</total>
				<timestamp>1778.570248</timestamp>
			</report>
			<report>
				<misses>5396001</misses>
				<total>9</total>
				<timestamp>1778.899962</timestamp>
			</report>
			<report>
				<misses>5397001</misses>
				<total>9</total>
				<timestamp>1779.229582</timestamp>
			</report>
			<report>
				<misses>5398001</misses>
				<total>9</total>
				<timestamp>1779.559250</timestamp>
			</report>
			<report>
				<misses>5399001</misses>
				<total>9</total>
				<timestamp>1779.888956</timestamp>
			</report>
			<report>
				<misses>5400001</misses>
				<total>9</total>
				<timestamp>1780.218597</timestamp>
			</report>
			<report>
				<misses>5401001</misses>
				<total>9</total>
				<timestamp>1780.548257</timestamp>
			</report>
			<report>
				<misses>5402001</misses>
				<total>9</total>
				<timestamp>1780.877996</timestamp>
			</report>
			<report>
				<misses>5403001</misses>
				<total>9</total>
				<timestamp>1781.207616</timestamp>
			</report>
			<report>
				<misses>5404001</misses>
				<total>9</total>
				<timestamp>1781.537275</timestamp>
			</report>
			<report>
				<misses>5405001</misses>
				<total>9</total>
				<timestamp>1781.866967</timestamp>
			</report>
			<report>
				<misses>5406001</misses>
				<total>9</total>
				<timestamp>1782.196614</timestamp>
			</report>
			<report>
				<misses>5407001</misses>
				<total>9</total>
				<timestamp>1782.526271</timestamp>
			</report>
			<report>
				<misses>5408001</misses>
				<total>9</total>
				<timestamp>1782.856003</timestamp>
			</report>
			<report>
				<misses>5409001</misses>
				<total>9</total>
				<timestamp>1783.185614</timestamp>
			</report>
			<report>
				<misses>5410001</misses>
				<total>9</total>
				<timestamp>1783.515294</timestamp>
			</report>
			<report>
				<misses>5411001</misses>
				<total>9</total>
				<timestamp>1783.844976</timestamp>
			</report>
			<report>
				<misses>5412001</misses>
				<total>9</total>
				<timestamp>1784.174623</timestamp>
			</report>
			<report>
				<misses>5413001</misses>
				<total>9</total>
				<timestamp>1784.504290</timestamp>
			</report>
			<report>
				<misses>5414001</misses>
				<total>9</total>
				<timestamp>1784.833968</timestamp>
			</report>
			<report>
				<misses>5415001</misses>
				<total>9</total>
				<timestamp>1785.163632</timestamp>
			</report>
			<report>
				<misses>5416001</misses>
				<total>9</total>
				<timestamp>1785.493319</timestamp>
			</report>
			<report>
				<misses>5417001</misses>
				<total>9</total>
				<timestamp>1785.822997</timestamp>
			</report>
			<report>
				<misses>5418001</misses>
				<total>9</total>
				<timestamp>1786.152736</timestamp>
			</report>
			<report>
				<misses>5419001</misses>
				<total>9</total>
				<timestamp>1786.482309</timestamp>
			</report>
			<report>
				<misses>5420001</misses>
				<total>9</total>
				<timestamp>1786.812004</timestamp>
			</report>
			<report>
				<misses>5421001</misses>
				<total>9</total>
				<timestamp>1787.141715</timestamp>
			</report>
			<report>
				<misses>5422001</misses>
				<total>9</total>
				<timestamp>1787.471334</timestamp>
			</report>
			<report>
				<misses>5423001</misses>
				<total>9</total>
				<timestamp>1787.801038</timestamp>
			</report>
			<report>
				<misses>5424001</misses>
				<total>9</total>
				<timestamp>1788.130699</timestamp>
			</report>
			<report>
				<misses>5425001</misses>
				<total>9</total>
				<timestamp>1788.460332</timestamp>
			</report>
			<report>
				<misses>5426001</misses>
				<total>9</total>
				<timestamp>1788.790056</timestamp>
			</report>
			<report>
				<misses>5427001</misses>
				<total>9</total>
				<timestamp>1789.119694</timestamp>
			</report>
			<report>
				<misses>5428001</misses>
				<total>9</total>
				<timestamp>1789.449346</timestamp>
			</report>
			<report>
				<misses>5429001</misses>
				<total>9</total>
				<timestamp>1789.779017</timestamp>
			</report>
			<report>
				<misses>5430001</misses>
				<total>9</total>
				<timestamp>1790.108714</timestamp>
			</report>
			<report>
				<misses>5431001</misses>
				<total>9</total>
				<timestamp>1790.438362</timestamp>
			</report>
			<report>
				<misses>5432001</misses>
				<total>9</total>
				<timestamp>1790.768044</timestamp>
			</report>
			<report>
				<misses>5433001</misses>
				<total>9</total>
				<timestamp>1791.097711</timestamp>
			</report>
			<report>
				<misses>5434001</misses>
				<total>9</total>
				<timestamp>1791.427364</timestamp>
			</report>
			<report>
				<misses>5435001</misses>
				<total>9</total>
				<timestamp>1791.757092</timestamp>
			</report>
			<report>
				<misses>5436001</misses>
				<total>9</total>
				<timestamp>1792.086721</timestamp>
			</report>
			<report>
				<misses>5437001</misses>
				<total>9</total>
				<timestamp>1792.416375</timestamp>
			</report>
			<report>
				<misses>5438001</misses>
				<total>9</total>
				<timestamp>1792.746070</timestamp>
			</report>
			<report>
				<misses>5439001</misses>
				<total>9</total>
				<timestamp>1793.075731</timestamp>
			</report>
			<report>
				<misses>5440001</misses>
				<total>9</total>
				<timestamp>1793.405406</timestamp>
			</report>
			<report>
				<misses>5441001</misses>
				<total>9</total>
				<timestamp>1793.735063</timestamp>
			</report>
			<report>
				<misses>5442001</misses>
				<total>9</total>
				<timestamp>1794.064732</timestamp>
			</report>
			<report>
				<misses>5443001</misses>
				<total>9</total>
				<timestamp>1794.394396</timestamp>
			</report>
			<report>
				<misses>5444001</misses>
				<total>9</total>
				<timestamp>1794.724079</timestamp>
			</report>
			<report>
				<misses>5445001</misses>
				<total>9</total>
				<timestamp>1795.053730</timestamp>
			</report>
			<report>
				<misses>5446001</misses>
				<total>9</total>
				<timestamp>1795.383400</timestamp>
			</report>
			<report>
				<misses>5447001</misses>
				<total>9</total>
				<timestamp>1795.713084</timestamp>
			</report>
			<report>
				<misses>5448001</misses>
				<total>9</total>
				<timestamp>1796.042823</timestamp>
			</report>
			<report>
				<misses>5449001</misses>
				<total>9</total>
				<timestamp>1796.372427</timestamp>
			</report>
			<report>
				<misses>5450001</misses>
				<total>9</total>
				<timestamp>1796.702106</timestamp>
			</report>
			<report>
				<misses>5451001</misses>
				<total>9</total>
				<timestamp>1797.031811</timestamp>
			</report>
			<report>
				<misses>5452001</misses>
				<total>9</total>
				<timestamp>1797.361421</timestamp>
			</report>
			<report>
				<misses>5453001</misses>
				<total>9</total>
				<timestamp>1797.691118</timestamp>
			</report>
			<report>
				<misses>5454001</misses>
				<total>9</total>
				<timestamp>1798.020841</timestamp>
			</report>
			<report>
				<misses>5455001</misses>
				<total>9</total>
				<timestamp>1798.350444</timestamp>
			</report>
			<report>
				<misses>5456001</misses>
				<total>9</total>
				<timestamp>1798.680105</timestamp>
			</report>
			<report>
				<misses>5457001</misses>
				<total>9</total>
				<timestamp>1799.009855</timestamp>
			</report>
			<report>
				<misses>5458001</misses>
				<total>9</total>
				<timestamp>1799.339440</timestamp>
			</report>
			<report>
				<misses>5459001</misses>
				<total>9</total>
				<timestamp>1799.669126</timestamp>
			</report>
			<report>
				<misses>5460001</misses>
				<total>9</total>
				<timestamp>1799.998874</timestamp>
			</report>
			<report>
				<misses>5461001</misses>
				<total>9</total>
				<timestamp>1800.328464</timestamp>
			</report>
			<report>
				<misses>5462001</misses>
				<total>9</total>
				<timestamp>1800.658159</timestamp>
			</report>
			<report>
				<misses>5463001</misses>
				<total>9</total>
				<timestamp>1800.987815</timestamp>
			</report>
			<report>
				<misses>5464001</misses>
				<total>9</total>
				<timestamp>1801.317459</timestamp>
			</report>
			<report>
				<misses>5465001</misses>
				<total>9</total>
				<timestamp>1801.647158</timestamp>
			</report>
			<report>
				<misses>5466001</misses>
				<total>9</total>
				<timestamp>1801.976861</timestamp>
			</report>
			<report>
				<misses>5467001</misses>
				<total>9</total>
				<timestamp>1802.306472</timestamp>
			</report>
			<report>
				<misses>5468001</misses>
				<total>9</total>
				<timestamp>1802.636157</timestamp>
			</report>
			<report>
				<misses>5469001</misses>
				<total>9</total>
				<timestamp>1802.965827</timestamp>
			</report>
			<report>
				<misses>5470001</misses>
				<total>9</total>
				<timestamp>1803.295481</timestamp>
			</report>
			<report>
				<misses>5471001</misses>
				<total>9</total>
				<timestamp>1803.625171</timestamp>
			</report>
			<report>
				<misses>5472001</misses>
				<total>9</total>
				<timestamp>1803.954859</timestamp>
			</report>
			<report>
				<misses>5473001</misses>
				<total>9</total>
				<timestamp>1804.284505</timestamp>
			</report>
			<report>
				<misses>5474001</misses>
				<total>9</total>
				<timestamp>1804.614177</timestamp>
			</report>
			<report>
				<misses>5475001</misses>
				<total>9</total>
				<timestamp>1804.943892</timestamp>
			</report>
			<report>
				<misses>5476001</misses>
				<total>9</total>
				<timestamp>1805.273504</timestamp>
			</report>
			<report>
				<misses>5477001</misses>
				<total>9</total>
				<timestamp>1805.603199</timestamp>
			</report>
			<report>
				<misses>5478001</misses>
				<total>9</total>
				<timestamp>1805.932909</timestamp>
			</report>
			<report>
				<misses>5479001</misses>
				<total>9</total>
				<timestamp>1806.262553</timestamp>
			</report>
			<report>
				<misses>5480001</misses>
				<total>9</total>
				<timestamp>1806.592192</timestamp>
			</report>
			<report>
				<misses>5481001</misses>
				<total>9</total>
				<timestamp>1806.921961</timestamp>
			</report>
			<report>
				<misses>5482001</misses>
				<total>9</total>
				<timestamp>1807.251535</timestamp>
			</report>
			<report>
				<misses>5483001</misses>
				<total>9</total>
				<timestamp>1807.581243</timestamp>
			</report>
			<report>
				<misses>5484001</misses>
				<total>9</total>
				<timestamp>1807.910904</timestamp>
			</report>
			<report>
				<misses>5485001</misses>
				<total>9</total>
				<timestamp>1808.240538</timestamp>
			</report>
			<report>
				<misses>5486001</misses>
				<total>9</total>
				<timestamp>1808.570211</timestamp>
			</report>
			<report>
				<misses>5487001</misses>
				<total>9</total>
				<timestamp>1808.899892</timestamp>
			</report>
			<report>
				<misses>5488001</misses>
				<total>9</total>
				<timestamp>1809.229572</timestamp>
			</report>
			<report>
				<misses>5489001</misses>
				<total>9</total>
				<timestamp>1809.559206</timestamp>
			</report>
			<report>
				<misses>5490001</misses>
				<total>9</total>
				<timestamp>1809.888883</timestamp>
			</report>
			<report>
				<misses>5491001</misses>
				<total>9</total>
				<timestamp>1810.218616</timestamp>
			</report>
			<report>
				<misses>5492001</misses>
				<total>9</total>
				<timestamp>1810.548312</timestamp>
			</report>
			<report>
				<misses>5493001</misses>
				<total>9</total>
				<timestamp>1810.877893</timestamp>
			</report>
			<report>
				<misses>5494001</misses>
				<total>9</total>
				<timestamp>1811.207607</timestamp>
			</report>
			<report>
				<misses>5495001</misses>
				<total>9</total>
				<timestamp>1811.537247</timestamp>
			</report>
			<report>
				<misses>5496001</misses>
				<total>9</total>
				<timestamp>1811.866932</timestamp>
			</report>
			<report>
				<misses>5497001</misses>
				<total>9</total>
				<timestamp>1812.196590</timestamp>
			</report>
			<report>
				<misses>5498001</misses>
				<total>9</total>
				<timestamp>1812.526259</timestamp>
			</report>
			<report>
				<misses>5499001</misses>
				<total>9</total>
				<timestamp>1812.855986</timestamp>
			</report>
			<report>
				<misses>5500001</misses>
				<total>9</total>
				<timestamp>1813.185599</timestamp>
			</report>
			<report>
				<misses>5501001</misses>
				<total>9</total>
				<timestamp>1813.515251</timestamp>
			</report>
			<report>
				<misses>5502001</misses>
				<total>9</total>
				<timestamp>1813.844964</timestamp>
			</report>
			<report>
				<misses>5503001</misses>
				<total>9</total>
				<timestamp>1814.174612</timestamp>
			</report>
			<report>
				<misses>5504001</misses>
				<total>9</total>
				<timestamp>1814.504256</timestamp>
			</report>
			<report>
				<misses>5505001</misses>
				<total>9</total>
				<timestamp>1814.833949</timestamp>
			</report>
			<report>
				<misses>5506001</misses>
				<total>9</total>
				<timestamp>1815.163601</timestamp>
			</report>
			<report>
				<misses>5507001</misses>
				<total>9</total>
				<timestamp>1815.493271</timestamp>
			</report>
			<report>
				<misses>5508001</misses>
				<total>9</total>
				<timestamp>1815.823014</timestamp>
			</report>
			<report>
				<misses>5509001</misses>
				<total>9</total>
				<timestamp>1816.152615</timestamp>
			</report>
			<report>
				<misses>5510001</misses>
				<total>9</total>
				<timestamp>1816.482294</timestamp>
			</report>
			<report>
				<misses>5511001</misses>
				<total>9</total>
				<timestamp>1816.811962</timestamp>
			</report>
			<report>
				<misses>5512001</misses>
				<total>9</total>
				<timestamp>1817.141641</timestamp>
			</report>
			<report>
				<misses>5513001</misses>
				<total>9</total>
				<timestamp>1817.471292</timestamp>
			</report>
			<report>
				<misses>5514001</misses>
				<total>9</total>
				<timestamp>1817.800985</timestamp>
			</report>
			<report>
				<misses>5515001</misses>
				<total>9</total>
				<timestamp>1818.130645</timestamp>
			</report>
			<report>
				<misses>5516001</misses>
				<total>9</total>
				<timestamp>1818.460302</timestamp>
			</report>
			<report>
				<misses>5517001</misses>
				<total>9</total>
				<timestamp>1818.789980</timestamp>
			</report>
			<report>
				<misses>5518001</misses>
				<total>9</total>
				<timestamp>1819.119708</timestamp>
			</report>
			<report>
				<misses>5519001</misses>
				<total>9</total>
				<timestamp>1819.449347</timestamp>
			</report>
			<report>
				<misses>5520001</misses>
				<total>9</total>
				<timestamp>1819.778995</timestamp>
			</report>
			<report>
				<misses>5521001</misses>
				<total>9</total>
				<timestamp>1820.108711</timestamp>
			</report>
			<report>
				<misses>5522001</misses>
				<total>9</total>
				<timestamp>1820.438334</timestamp>
			</report>
			<report>
				<misses>5523001</misses>
				<total>9</total>
				<timestamp>1820.768010</timestamp>
			</report>
			<report>
				<misses>5524001</misses>
				<total>9</total>
				<timestamp>1821.097732</timestamp>
			</report>
			<report>
				<misses>5525001</misses>
				<total>9</total>
				<timestamp>1821.427348</timestamp>
			</report>
			<report>
				<misses>5526001</misses>
				<total>9</total>
				<timestamp>1821.757000</timestamp>
			</report>
			<report>
				<misses>5527001</misses>
				<total>9</total>
				<timestamp>1822.086705</timestamp>
			</report>
			<report>
				<misses>5528001</misses>
				<total>9</total>
				<timestamp>1822.416367</timestamp>
			</report>
			<report>
				<misses>5529001</misses>
				<total>9</total>
				<timestamp>1822.746016</timestamp>
			</report>
			<report>
				<misses>5530001</misses>
				<total>9</total>
				<timestamp>1823.075736</timestamp>
			</report>
			<report>
				<misses>5531001</misses>
				<total>9</total>
				<timestamp>1823.405353</timestamp>
			</report>
			<report>
				<misses>5532001</misses>
				<total>9</total>
				<timestamp>1823.735080</timestamp>
			</report>
			<report>
				<misses>5533001</misses>
				<total>9</total>
				<timestamp>1824.064771</timestamp>
			</report>
			<report>
				<misses>5534001</misses>
				<total>9</total>
				<timestamp>1824.394384</timestamp>
			</report>
			<report>
				<misses>5535001</misses>
				<total>9</total>
				<timestamp>1824.724048</timestamp>
			</report>
			<report>
				<misses>5536001</misses>
				<total>9</total>
				<timestamp>1825.053765</timestamp>
			</report>
			<report>
				<misses>5537001</misses>
				<total>9</total>
				<timestamp>1825.383396</timestamp>
			</report>
			<report>
				<misses>5538001</misses>
				<total>9</total>
				<timestamp>1825.713061</timestamp>
			</report>
			<report>
				<misses>5539001</misses>
				<total>9</total>
				<timestamp>1826.042756</timestamp>
			</report>
			<report>
				<misses>5540001</misses>
				<total>9</total>
				<timestamp>1826.372403</timestamp>
			</report>
			<report>
				<misses>5541001</misses>
				<total>9</total>
				<timestamp>1826.702069</timestamp>
			</report>
			<report>
				<misses>5542001</misses>
				<total>9</total>
				<timestamp>1827.031751</timestamp>
			</report>
			<report>
				<misses>5543001</misses>
				<total>9</total>
				<timestamp>1827.361427</timestamp>
			</report>
			<report>
				<misses>5544001</misses>
				<total>9</total>
				<timestamp>1827.691073</timestamp>
			</report>
			<report>
				<misses>5545001</misses>
				<total>9</total>
				<timestamp>1828.020784</timestamp>
			</report>
			<report>
				<misses>5546001</misses>
				<total>9</total>
				<timestamp>1828.350433</timestamp>
			</report>
			<report>
				<misses>5547001</misses>
				<total>9</total>
				<timestamp>1828.680087</timestamp>
			</report>
			<report>
				<misses>5548001</misses>
				<total>9</total>
				<timestamp>1829.009768</timestamp>
			</report>
			<report>
				<misses>5549001</misses>
				<total>9</total>
				<timestamp>1829.339545</timestamp>
			</report>
			<report>
				<misses>5550001</misses>
				<total>9</total>
				<timestamp>1829.669087</timestamp>
			</report>
			<report>
				<misses>5551001</misses>
				<total>9</total>
				<timestamp>1829.998844</timestamp>
			</report>
			<report>
				<misses>5552001</misses>
				<total>9</total>
				<timestamp>1830.328455</timestamp>
			</report>
			<report>
				<misses>5553001</misses>
				<total>9</total>
				<timestamp>1830.658095</timestamp>
			</report>
			<report>
				<misses>5554001</misses>
				<total>9</total>
				<timestamp>1830.987837</timestamp>
			</report>
			<report>
				<misses>5555001</misses>
				<total>9</total>
				<timestamp>1831.317519</timestamp>
			</report>
			<report>
				<misses>5556001</misses>
				<total>9</total>
				<timestamp>1831.647148</timestamp>
			</report>
			<report>
				<misses>5557001</misses>
				<total>9</total>
				<timestamp>1831.976865</timestamp>
			</report>
			<report>
				<misses>5558001</misses>
				<total>9</total>
				<timestamp>1832.306476</timestamp>
			</report>
			<report>
				<misses>5559001</misses>
				<total>9</total>
				<timestamp>1832.636168</timestamp>
			</report>
			<report>
				<misses>5560001</misses>
				<total>9</total>
				<timestamp>1832.965788</timestamp>
			</report>
			<report>
				<misses>5561001</misses>
				<total>9</total>
				<timestamp>1833.295490</timestamp>
			</report>
			<report>
				<misses>5562001</misses>
				<total>9</total>
				<timestamp>1833.625126</timestamp>
			</report>
			<report>
				<misses>5563001</misses>
				<total>9</total>
				<timestamp>1833.954829</timestamp>
			</report>
			<report>
				<misses>5564001</misses>
				<total>9</total>
				<timestamp>1834.284472</timestamp>
			</report>
			<report>
				<misses>5565001</misses>
				<total>9</total>
				<timestamp>1834.614161</timestamp>
			</report>
			<report>
				<misses>5566001</misses>
				<total>9</total>
				<timestamp>1834.943830</timestamp>
			</report>
			<report>
				<misses>5567001</misses>
				<total>9</total>
				<timestamp>1835.273479</timestamp>
			</report>
			<report>
				<misses>5568001</misses>
				<total>9</total>
				<timestamp>1835.603151</timestamp>
			</report>
			<report>
				<misses>5569001</misses>
				<total>9</total>
				<timestamp>1835.932867</timestamp>
			</report>
			<report>
				<misses>5570001</misses>
				<total>9</total>
				<timestamp>1836.262548</timestamp>
			</report>
			<report>
				<misses>5571001</misses>
				<total>9</total>
				<timestamp>1836.592166</timestamp>
			</report>
			<report>
				<misses>5572001</misses>
				<total>9</total>
				<timestamp>1836.921875</timestamp>
			</report>
			<report>
				<misses>5573001</misses>
				<total>9</total>
				<timestamp>1837.251515</timestamp>
			</report>
			<report>
				<misses>5574001</misses>
				<total>9</total>
				<timestamp>1837.581189</timestamp>
			</report>
			<report>
				<misses>5575001</misses>
				<total>9</total>
				<timestamp>1837.910903</timestamp>
			</report>
			<report>
				<misses>5576001</misses>
				<total>9</total>
				<timestamp>1838.240518</timestamp>
			</report>
			<report>
				<misses>5577001</misses>
				<total>9</total>
				<timestamp>1838.570178</timestamp>
			</report>
			<report>
				<misses>5578001</misses>
				<total>9</total>
				<timestamp>1838.899843</timestamp>
			</report>
			<report>
				<misses>5579001</misses>
				<total>9</total>
				<timestamp>1839.229565</timestamp>
			</report>
			<report>
				<misses>5580001</misses>
				<total>9</total>
				<timestamp>1839.559189</timestamp>
			</report>
			<report>
				<misses>5581001</misses>
				<total>9</total>
				<timestamp>1839.888854</timestamp>
			</report>
			<report>
				<misses>5582001</misses>
				<total>9</total>
				<timestamp>1840.218555</timestamp>
			</report>
			<report>
				<misses>5583001</misses>
				<total>9</total>
				<timestamp>1840.548203</timestamp>
			</report>
			<report>
				<misses>5584001</misses>
				<total>9</total>
				<timestamp>1840.877872</timestamp>
			</report>
			<report>
				<misses>5585001</misses>
				<total>9</total>
				<timestamp>1841.207548</timestamp>
			</report>
			<report>
				<misses>5586001</misses>
				<total>9</total>
				<timestamp>1841.537230</timestamp>
			</report>
			<report>
				<misses>5587001</misses>
				<total>9</total>
				<timestamp>1841.866886</timestamp>
			</report>
			<report>
				<misses>5588001</misses>
				<total>9</total>
				<timestamp>1842.196545</timestamp>
			</report>
			<report>
				<misses>5589001</misses>
				<total>9</total>
				<timestamp>1842.526276</timestamp>
			</report>
			<report>
				<misses>5590001</misses>
				<total>9</total>
				<timestamp>1842.855934</timestamp>
			</report>
			<report>
				<misses>5591001</misses>
				<total>9</total>
				<timestamp>1843.185609</timestamp>
			</report>
			<report>
				<misses>5592001</misses>
				<total>9</total>
				<timestamp>1843.515235</timestamp>
			</report>
			<report>
				<misses>5593001</misses>
				<total>9</total>
				<timestamp>1843.844912</timestamp>
			</report>
			<report>
				<misses>5594001</misses>
				<total>9</total>
				<timestamp>1844.174562</timestamp>
			</report>
			<report>
				<misses>5595001</misses>
				<total>9</total>
				<timestamp>1844.504316</timestamp>
			</report>
			<report>
				<misses>5596001</misses>
				<total>9</total>
				<timestamp>1844.833911</timestamp>
			</report>
			<report>
				<misses>5597001</misses>
				<total>9</total>
				<timestamp>1845.163648</timestamp>
			</report>
			<report>
				<misses>5598001</misses>
				<total>9</total>
				<timestamp>1845.493256</timestamp>
			</report>
			<report>
				<misses>5599001</misses>
				<total>9</total>
				<timestamp>1845.822915</timestamp>
			</report>
			<report>
				<misses>5600001</misses>
				<total>9</total>
				<timestamp>1846.152612</timestamp>
			</report>
			<report>
				<misses>5601001</misses>
				<total>9</total>
				<timestamp>1846.482275</timestamp>
			</report>
			<report>
				<misses>5602001</misses>
				<total>9</total>
				<timestamp>1846.811940</timestamp>
			</report>
			<report>
				<misses>5603001</misses>
				<total>9</total>
				<timestamp>1847.141631</timestamp>
			</report>
			<report>
				<misses>5604001</misses>
				<total>9</total>
				<timestamp>1847.471284</timestamp>
			</report>
			<report>
				<misses>5605001</misses>
				<total>9</total>
				<timestamp>1847.800942</timestamp>
			</report>
			<report>
				<misses>5606001</misses>
				<total>9</total>
				<timestamp>1848.130615</timestamp>
			</report>
			<report>
				<misses>5607001</misses>
				<total>9</total>
				<timestamp>1848.460281</timestamp>
			</report>
			<report>
				<misses>5608001</misses>
				<total>9</total>
				<timestamp>1848.789959</timestamp>
			</report>
			<report>
				<misses>5609001</misses>
				<total>9</total>
				<timestamp>1849.119674</timestamp>
			</report>
			<report>
				<misses>5610001</misses>
				<total>9</total>
				<timestamp>1849.449297</timestamp>
			</report>
			<report>
				<misses>5611001</misses>
				<total>9</total>
				<timestamp>1849.778958</timestamp>
			</report>
			<report>
				<misses>5612001</misses>
				<total>9</total>
				<timestamp>1850.108642</timestamp>
			</report>
			<report>
				<misses>5613001</misses>
				<total>9</total>
				<timestamp>1850.438346</timestamp>
			</report>
			<report>
				<misses>5614001</misses>
				<total>9</total>
				<timestamp>1850.767966</timestamp>
			</report>
			<report>
				<misses>5615001</misses>
				<total>9</total>
				<timestamp>1851.097694</timestamp>
			</report>
			<report>
				<misses>5616001</misses>
				<total>9</total>
				<timestamp>1851.427318</timestamp>
			</report>
			<report>
				<misses>5617001</misses>
				<total>9</total>
				<timestamp>1851.756968</timestamp>
			</report>
			<report>
				<misses>5618001</misses>
				<total>9</total>
				<timestamp>1852.086720</timestamp>
			</report>
			<report>
				<misses>5619001</misses>
				<total>9</total>
				<timestamp>1852.416326</timestamp>
			</report>
			<report>
				<misses>5620001</misses>
				<total>9</total>
				<timestamp>1852.745991</timestamp>
			</report>
			<report>
				<misses>5621001</misses>
				<total>9</total>
				<timestamp>1853.075714</timestamp>
			</report>
			<report>
				<misses>5622001</misses>
				<total>9</total>
				<timestamp>1853.405329</timestamp>
			</report>
			<report>
				<misses>5623001</misses>
				<total>9</total>
				<timestamp>1853.734989</timestamp>
			</report>
			<report>
				<misses>5624001</misses>
				<total>9</total>
				<timestamp>1854.064695</timestamp>
			</report>
			<report>
				<misses>5625001</misses>
				<total>9</total>
				<timestamp>1854.394352</timestamp>
			</report>
			<report>
				<misses>5626001</misses>
				<total>9</total>
				<timestamp>1854.723998</timestamp>
			</report>
			<report>
				<misses>5627001</misses>
				<total>9</total>
				<timestamp>1855.053709</timestamp>
			</report>
			<report>
				<misses>5628001</misses>
				<total>9</total>
				<timestamp>1855.383369</timestamp>
			</report>
			<report>
				<misses>5629001</misses>
				<total>9</total>
				<timestamp>1855.713012</timestamp>
			</report>
			<report>
				<misses>5630001</misses>
				<total>9</total>
				<timestamp>1856.042737</timestamp>
			</report>
			<report>
				<misses>5631001</misses>
				<total>9</total>
				<timestamp>1856.372377</timestamp>
			</report>
			<report>
				<misses>5632001</misses>
				<total>9</total>
				<timestamp>1856.702025</timestamp>
			</report>
			<report>
				<misses>5633001</misses>
				<total>9</total>
				<timestamp>1857.031713</timestamp>
			</report>
			<report>
				<misses>5634001</misses>
				<total>9</total>
				<timestamp>1857.361416</timestamp>
			</report>
			<report>
				<misses>5635001</misses>
				<total>9</total>
				<timestamp>1857.691045</timestamp>
			</report>
			<report>
				<misses>5636001</misses>
				<total>9</total>
				<timestamp>1858.020733</timestamp>
			</report>
			<report>
				<misses>5637001</misses>
				<total>9</total>
				<timestamp>1858.350376</timestamp>
			</report>
			<report>
				<misses>5638001</misses>
				<total>9</total>
				<timestamp>1858.680058</timestamp>
			</report>
			<report>
				<misses>5639001</misses>
				<total>9</total>
				<timestamp>1859.009746</timestamp>
			</report>
			<report>
				<misses>5640001</misses>
				<total>9</total>
				<timestamp>1859.339414</timestamp>
			</report>
			<report>
				<misses>5641001</misses>
				<total>9</total>
				<timestamp>1859.669100</timestamp>
			</report>
			<report>
				<misses>5642001</misses>
				<total>9</total>
				<timestamp>1859.998735</timestamp>
			</report>
			<report>
				<misses>5643001</misses>
				<total>9</total>
				<timestamp>1860.328398</timestamp>
			</report>
			<report>
				<misses>5644001</misses>
				<total>9</total>
				<timestamp>1860.658071</timestamp>
			</report>
			<report>
				<misses>5645001</misses>
				<total>9</total>
				<timestamp>1860.987792</timestamp>
			</report>
			<report>
				<misses>5646001</misses>
				<total>9</total>
				<timestamp>1861.317407</timestamp>
			</report>
			<report>
				<misses>5647001</misses>
				<total>9</total>
				<timestamp>1861.647151</timestamp>
			</report>
			<report>
				<misses>5648001</misses>
				<total>9</total>
				<timestamp>1861.976754</timestamp>
			</report>
			<report>
				<misses>5649001</misses>
				<total>9</total>
				<timestamp>1862.306408</timestamp>
			</report>
			<report>
				<misses>5650001</misses>
				<total>9</total>
				<timestamp>1862.636097</timestamp>
			</report>
			<report>
				<misses>5651001</misses>
				<total>9</total>
				<timestamp>1862.965844</timestamp>
			</report>
			<report>
				<misses>5652001</misses>
				<total>9</total>
				<timestamp>1863.295432</timestamp>
			</report>
			<report>
				<misses>5653001</misses>
				<total>9</total>
				<timestamp>1863.625098</timestamp>
			</report>
			<report>
				<misses>5654001</misses>
				<total>9</total>
				<timestamp>1863.954778</timestamp>
			</report>
			<report>
				<misses>5655001</misses>
				<total>9</total>
				<timestamp>1864.284442</timestamp>
			</report>
			<report>
				<misses>5656001</misses>
				<total>9</total>
				<timestamp>1864.614162</timestamp>
			</report>
			<report>
				<misses>5657001</misses>
				<total>9</total>
				<timestamp>1864.943775</timestamp>
			</report>
			<report>
				<misses>5658001</misses>
				<total>9</total>
				<timestamp>1865.273449</timestamp>
			</report>
			<report>
				<misses>5659001</misses>
				<total>9</total>
				<timestamp>1865.603141</timestamp>
			</report>
			<report>
				<misses>5660001</misses>
				<total>9</total>
				<timestamp>1865.932788</timestamp>
			</report>
			<report>
				<misses>5661001</misses>
				<total>9</total>
				<timestamp>1866.262458</timestamp>
			</report>
			<report>
				<misses>5662001</misses>
				<total>9</total>
				<timestamp>1866.592136</timestamp>
			</report>
			<report>
				<misses>5663001</misses>
				<total>9</total>
				<timestamp>1866.921798</timestamp>
			</report>
			<report>
				<misses>5664001</misses>
				<total>9</total>
				<timestamp>1867.251525</timestamp>
			</report>
			<report>
				<misses>5665001</misses>
				<total>9</total>
				<timestamp>1867.581141</timestamp>
			</report>
			<report>
				<misses>5666001</misses>
				<total>9</total>
				<timestamp>1867.910795</timestamp>
			</report>
			<report>
				<misses>5667001</misses>
				<total>9</total>
				<timestamp>1868.240523</timestamp>
			</report>
			<report>
				<misses>5668001</misses>
				<total>9</total>
				<timestamp>1868.570167</timestamp>
			</report>
			<report>
				<misses>5669001</misses>
				<total>9</total>
				<timestamp>1868.899831</timestamp>
			</report>
			<report>
				<misses>5670001</misses>
				<total>9</total>
				<timestamp>1869.229559</timestamp>
			</report>
			<report>
				<misses>5671001</misses>
				<total>9</total>
				<timestamp>1869.559183</timestamp>
			</report>
			<report>
				<misses>5672001</misses>
				<total>9</total>
				<timestamp>1869.888846</timestamp>
			</report>
			<report>
				<misses>5673001</misses>
				<total>9</total>
				<timestamp>1870.218540</timestamp>
			</report>
			<report>
				<misses>5674001</misses>
				<total>9</total>
				<timestamp>1870.548177</timestamp>
			</report>
			<report>
				<misses>5675001</misses>
				<total>9</total>
				<timestamp>1870.877848</timestamp>
			</report>
			<report>
				<misses>5676001</misses>
				<total>9</total>
				<timestamp>1871.207516</timestamp>
			</report>
			<report>
				<misses>5677001</misses>
				<total>9</total>
				<timestamp>1871.537218</timestamp>
			</report>
			<report>
				<misses>5678001</misses>
				<total>9</total>
				<timestamp>1871.866845</timestamp>
			</report>
			<report>
				<misses>5679001</misses>
				<total>9</total>
				<timestamp>1872.196552</timestamp>
			</report>
			<report>
				<misses>5680001</misses>
				<total>9</total>
				<timestamp>1872.526210</timestamp>
			</report>
			<report>
				<misses>5681001</misses>
				<total>9</total>
				<timestamp>1872.855865</timestamp>
			</report>
			<report>
				<misses>5682001</misses>
				<total>9</total>
				<timestamp>1873.185529</timestamp>
			</report>
			<report>
				<misses>5683001</misses>
				<total>9</total>
				<timestamp>1873.515219</timestamp>
			</report>
			<report>
				<misses>5684001</misses>
				<total>9</total>
				<timestamp>1873.844863</timestamp>
			</report>
			<report>
				<misses>5685001</misses>
				<total>9</total>
				<timestamp>1874.174590</timestamp>
			</report>
			<report>
				<misses>5686001</misses>
				<total>9</total>
				<timestamp>1874.504250</timestamp>
			</report>
			<report>
				<misses>5687001</misses>
				<total>9</total>
				<timestamp>1874.833878</timestamp>
			</report>
			<report>
				<misses>5688001</misses>
				<total>9</total>
				<timestamp>1875.163536</timestamp>
			</report>
			<report>
				<misses>5689001</misses>
				<total>9</total>
				<timestamp>1875.493240</timestamp>
			</report>
			<report>
				<misses>5690001</misses>
				<total>9</total>
				<timestamp>1875.822890</timestamp>
			</report>
			<report>
				<misses>5691001</misses>
				<total>9</total>
				<timestamp>1876.152565</timestamp>
			</report>
			<report>
				<misses>5692001</misses>
				<total>9</total>
				<timestamp>1876.482237</timestamp>
			</report>
			<report>
				<misses>5693001</misses>
				<total>9</total>
				<timestamp>1876.811911</timestamp>
			</report>
			<report>
				<misses>5694001</misses>
				<total>9</total>
				<timestamp>1877.141583</timestamp>
			</report>
			<report>
				<misses>5695001</misses>
				<total>9</total>
				<timestamp>1877.471266</timestamp>
			</report>
			<report>
				<misses>5696001</misses>
				<total>9</total>
				<timestamp>1877.800913</timestamp>
			</report>
			<report>
				<misses>5697001</misses>
				<total>9</total>
				<timestamp>1878.130614</timestamp>
			</report>
			<report>
				<misses>5698001</misses>
				<total>9</total>
				<timestamp>1878.460307</timestamp>
			</report>
			<report>
				<misses>5699001</misses>
				<total>9</total>
				<timestamp>1878.789923</timestamp>
			</report>
			<report>
				<misses>5700001</misses>
				<total>9</total>
				<timestamp>1879.119640</timestamp>
			</report>
			<report>
				<misses>5701001</misses>
				<total>9</total>
				<timestamp>1879.449295</timestamp>
			</report>
			<report>
				<misses>5702001</misses>
				<total>9</total>
				<timestamp>1879.778928</timestamp>
			</report>
			<report>
				<misses>5703001</misses>
				<total>9</total>
				<timestamp>1880.108627</timestamp>
			</report>
			<report>
				<misses>5704001</misses>
				<total>9</total>
				<timestamp>1880.438355</timestamp>
			</report>
			<report>
				<misses>5705001</misses>
				<total>9</total>
				<timestamp>1880.767934</timestamp>
			</report>
			<report>
				<misses>5706001</misses>
				<total>9</total>
				<timestamp>1881.097638</timestamp>
			</report>
			<report>
				<misses>5707001</misses>
				<total>9</total>
				<timestamp>1881.427291</timestamp>
			</report>
			<report>
				<misses>5708001</misses>
				<total>9</total>
				<timestamp>1881.756939</timestamp>
			</report>
			<report>
				<misses>5709001</misses>
				<total>9</total>
				<timestamp>1882.086657</timestamp>
			</report>
			<report>
				<misses>5710001</misses>
				<total>9</total>
				<timestamp>1882.416336</timestamp>
			</report>
			<report>
				<misses>5711001</misses>
				<total>9</total>
				<timestamp>1882.745962</timestamp>
			</report>
			<report>
				<misses>5712001</misses>
				<total>9</total>
				<timestamp>1883.075625</timestamp>
			</report>
			<report>
				<misses>5713001</misses>
				<total>9</total>
				<timestamp>1883.405300</timestamp>
			</report>
			<report>
				<misses>5714001</misses>
				<total>9</total>
				<timestamp>1883.734986</timestamp>
			</report>
			<report>
				<misses>5715001</misses>
				<total>9</total>
				<timestamp>1884.064685</timestamp>
			</report>
			<report>
				<misses>5716001</misses>
				<total>9</total>
				<timestamp>1884.394308</timestamp>
			</report>
			<report>
				<misses>5717001</misses>
				<total>9</total>
				<timestamp>1884.724011</timestamp>
			</report>
			<report>
				<misses>5718001</misses>
				<total>9</total>
				<timestamp>1885.053648</timestamp>
			</report>
			<report>
				<misses>5719001</misses>
				<total>9</total>
				<timestamp>1885.383339</timestamp>
			</report>
			<report>
				<misses>5720001</misses>
				<total>9</total>
				<timestamp>1885.712995</timestamp>
			</report>
			<report>
				<misses>5721001</misses>
				<total>9</total>
				<timestamp>1886.042665</timestamp>
			</report>
			<report>
				<misses>5722001</misses>
				<total>9</total>
				<timestamp>1886.372314</timestamp>
			</report>
			<report>
				<misses>5723001</misses>
				<total>9</total>
				<timestamp>1886.702010</timestamp>
			</report>
			<report>
				<misses>5724001</misses>
				<total>9</total>
				<timestamp>1887.031668</timestamp>
			</report>
			<report>
				<misses>5725001</misses>
				<total>9</total>
				<timestamp>1887.361343</timestamp>
			</report>
			<report>
				<misses>5726001</misses>
				<total>9</total>
				<timestamp>1887.691043</timestamp>
			</report>
			<report>
				<misses>5727001</misses>
				<total>9</total>
				<timestamp>1888.020681</timestamp>
			</report>
			<report>
				<misses>5728001</misses>
				<total>9</total>
				<timestamp>1888.350352</timestamp>
			</report>
			<report>
				<misses>5729001</misses>
				<total>9</total>
				<timestamp>1888.680056</timestamp>
			</report>
			<report>
				<misses>5730001</misses>
				<total>9</total>
				<timestamp>1889.009700</timestamp>
			</report>
			<report>
				<misses>5731001</misses>
				<total>9</total>
				<timestamp>1889.339367</timestamp>
			</report>
			<report>
				<misses>5732001</misses>
				<total>9</total>
				<timestamp>1889.669045</timestamp>
			</report>
			<report>
				<misses>5733001</misses>
				<total>9</total>
				<timestamp>1889.998702</timestamp>
			</report>
			<report>
				<misses>5734001</misses>
				<total>9</total>
				<timestamp>1890.328425</timestamp>
			</report>
			<report>
				<misses>5735001</misses>
				<total>9</total>
				<timestamp>1890.658080</timestamp>
			</report>
			<report>
				<misses>5736001</misses>
				<total>9</total>
				<timestamp>1890.987710</timestamp>
			</report>
			<report>
				<misses>5737001</misses>
				<total>9</total>
				<timestamp>1891.317396</timestamp>
			</report>
			<report>
				<misses>5738001</misses>
				<total>9</total>
				<timestamp>1891.647063</timestamp>
			</report>
			<report>
				<misses>5739001</misses>
				<total>9</total>
				<timestamp>1891.976720</timestamp>
			</report>
			<report>
				<misses>5740001</misses>
				<total>9</total>
				<timestamp>1892.306433</timestamp>
			</report>
			<report>
				<misses>5741001</misses>
				<total>9</total>
				<timestamp>1892.636083</timestamp>
			</report>
			<report>
				<misses>5742001</misses>
				<total>9</total>
				<timestamp>1892.965739</timestamp>
			</report>
			<report>
				<misses>5743001</misses>
				<total>9</total>
				<timestamp>1893.295411</timestamp>
			</report>
			<report>
				<misses>5744001</misses>
				<total>9</total>
				<timestamp>1893.625081</timestamp>
			</report>
			<report>
				<misses>5745001</misses>
				<total>9</total>
				<timestamp>1893.954776</timestamp>
			</report>
			<report>
				<misses>5746001</misses>
				<total>9</total>
				<timestamp>1894.284462</timestamp>
			</report>
			<report>
				<misses>5747001</misses>
				<total>9</total>
				<timestamp>1894.614119</timestamp>
			</report>
			<report>
				<misses>5748001</misses>
				<total>9</total>
				<timestamp>1894.943742</timestamp>
			</report>
			<report>
				<misses>5749001</misses>
				<total>9</total>
				<timestamp>1895.273476</timestamp>
			</report>
			<report>
				<misses>5750001</misses>
				<total>9</total>
				<timestamp>1895.603118</timestamp>
			</report>
			<report>
				<misses>5751001</misses>
				<total>9</total>
				<timestamp>1895.932774</timestamp>
			</report>
			<report>
				<misses>5752001</misses>
				<total>9</total>
				<timestamp>1896.262498</timestamp>
			</report>
			<report>
				<misses>5753001</misses>
				<total>9</total>
				<timestamp>1896.592093</timestamp>
			</report>
			<report>
				<misses>5754001</misses>
				<total>9</total>
				<timestamp>1896.921778</timestamp>
			</report>
			<report>
				<misses>5755001</misses>
				<total>9</total>
				<timestamp>1897.251433</timestamp>
			</report>
			<report>
				<misses>5756001</misses>
				<total>9</total>
				<timestamp>1897.581135</timestamp>
			</report>
			<report>
				<misses>5757001</misses>
				<total>9</total>
				<timestamp>1897.910787</timestamp>
			</report>
			<report>
				<misses>5758001</misses>
				<total>9</total>
				<timestamp>1898.240474</timestamp>
			</report>
			<report>
				<misses>5759001</misses>
				<total>9</total>
				<timestamp>1898.570143</timestamp>
			</report>
			<report>
				<misses>5760001</misses>
				<total>9</total>
				<timestamp>1898.899779</timestamp>
			</report>
			<report>
				<misses>5761001</misses>
				<total>9</total>
				<timestamp>1899.229481</timestamp>
			</report>
			<report>
				<misses>5762001</misses>
				<total>9</total>
				<timestamp>1899.559166</timestamp>
			</report>
			<report>
				<misses>5763001</misses>
				<total>9</total>
				<timestamp>1899.888790</timestamp>
			</report>
			<report>
				<misses>5764001</misses>
				<total>9</total>
				<timestamp>1900.218471</timestamp>
			</report>
			<report>
				<misses>5765001</misses>
				<total>9</total>
				<timestamp>1900.548162</timestamp>
			</report>
			<report>
				<misses>5766001</misses>
				<total>9</total>
				<timestamp>1900.877812</timestamp>
			</report>
			<report>
				<misses>5767001</misses>
				<total>9</total>
				<timestamp>1901.207491</timestamp>
			</report>
			<report>
				<misses>5768001</misses>
				<total>9</total>
				<timestamp>1901.537158</timestamp>
			</report>
			<report>
				<misses>5769001</misses>
				<total>9</total>
				<timestamp>1901.866824</timestamp>
			</report>
			<report>
				<misses>5770001</misses>
				<total>9</total>
				<timestamp>1902.196523</timestamp>
			</report>
			<report>
				<misses>5771001</misses>
				<total>9</total>
				<timestamp>1902.526276</timestamp>
			</report>
			<report>
				<misses>5772001</misses>
				<total>9</total>
				<timestamp>1902.855831</timestamp>
			</report>
			<report>
				<misses>5773001</misses>
				<total>9</total>
				<timestamp>1903.185493</timestamp>
			</report>
			<report>
				<misses>5774001</misses>
				<total>9</total>
				<timestamp>1903.515170</timestamp>
			</report>
			<report>
				<misses>5775001</misses>
				<total>9</total>
				<timestamp>1903.844882</timestamp>
			</report>
			<report>
				<misses>5776001</misses>
				<total>9</total>
				<timestamp>1904.174531</timestamp>
			</report>
			<report>
				<misses>5777001</misses>
				<total>9</total>
				<timestamp>1904.504194</timestamp>
			</report>
			<report>
				<misses>5778001</misses>
				<total>9</total>
				<timestamp>1904.833848</timestamp>
			</report>
			<report>
				<misses>5779001</misses>
				<total>9</total>
				<timestamp>1905.163534</timestamp>
			</report>
			<report>
				<misses>5780001</misses>
				<total>9</total>
				<timestamp>1905.493223</timestamp>
			</report>
			<report>
				<misses>5781001</misses>
				<total>9</total>
				<timestamp>1905.822867</timestamp>
			</report>
			<report>
				<misses>5782001</misses>
				<total>9</total>
				<timestamp>1906.152533</timestamp>
			</report>
			<report>
				<misses>5783001</misses>
				<total>9</total>
				<timestamp>1906.482183</timestamp>
			</report>
			<report>
				<misses>5784001</misses>
				<total>9</total>
				<timestamp>1906.811861</timestamp>
			</report>
			<report>
				<misses>5785001</misses>
				<total>9</total>
				<timestamp>1907.141539</timestamp>
			</report>
			<report>
				<misses>5786001</misses>
				<total>9</total>
				<timestamp>1907.471206</timestamp>
			</report>
			<report>
				<misses>5787001</misses>
				<total>9</total>
				<timestamp>1907.800896</timestamp>
			</report>
			<report>
				<misses>5788001</misses>
				<total>9</total>
				<timestamp>1908.130545</timestamp>
			</report>
			<report>
				<misses>5789001</misses>
				<total>9</total>
				<timestamp>1908.460240</timestamp>
			</report>
			<report>
				<misses>5790001</misses>
				<total>9</total>
				<timestamp>1908.789887</timestamp>
			</report>
			<report>
				<misses>5791001</misses>
				<total>9</total>
				<timestamp>1909.119550</timestamp>
			</report>
			<report>
				<misses>5792001</misses>
				<total>9</total>
				<timestamp>1909.449232</timestamp>
			</report>
			<report>
				<misses>5793001</misses>
				<total>9</total>
				<timestamp>1909.778903</timestamp>
			</report>
			<report>
				<misses>5794001</misses>
				<total>9</total>
				<timestamp>1910.108556</timestamp>
			</report>
			<report>
				<misses>5795001</misses>
				<total>9</total>
				<timestamp>1910.438239</timestamp>
			</report>
			<report>
				<misses>5796001</misses>
				<total>9</total>
				<timestamp>1910.767963</timestamp>
			</report>
			<report>
				<misses>5797001</misses>
				<total>9</total>
				<timestamp>1911.097593</timestamp>
			</report>
			<report>
				<misses>5798001</misses>
				<total>9</total>
				<timestamp>1911.427294</timestamp>
			</report>
			<report>
				<misses>5799001</misses>
				<total>9</total>
				<timestamp>1911.756958</timestamp>
			</report>
			<report>
				<misses>5800001</misses>
				<total>9</total>
				<timestamp>1912.086584</timestamp>
			</report>
			<report>
				<misses>5801001</misses>
				<total>9</total>
				<timestamp>1912.416323</timestamp>
			</report>
			<report>
				<misses>5802001</misses>
				<total>9</total>
				<timestamp>1912.745949</timestamp>
			</report>
			<report>
				<misses>5803001</misses>
				<total>9</total>
				<timestamp>1913.075620</timestamp>
			</report>
			<report>
				<misses>5804001</misses>
				<total>9</total>
				<timestamp>1913.405340</timestamp>
			</report>
			<report>
				<misses>5805001</misses>
				<total>9</total>
				<timestamp>1913.734960</timestamp>
			</report>
			<report>
				<misses>5806001</misses>
				<total>9</total>
				<timestamp>1914.064618</timestamp>
			</report>
			<report>
				<misses>5807001</misses>
				<total>9</total>
				<timestamp>1914.394334</timestamp>
			</report>
			<report>
				<misses>5808001</misses>
				<total>9</total>
				<timestamp>1914.723952</timestamp>
			</report>
			<report>
				<misses>5809001</misses>
				<total>9</total>
				<timestamp>1915.053610</timestamp>
			</report>
			<report>
				<misses>5810001</misses>
				<total>9</total>
				<timestamp>1915.383305</timestamp>
			</report>
			<report>
				<misses>5811001</misses>
				<total>9</total>
				<timestamp>1915.712984</timestamp>
			</report>
			<report>
				<misses>5812001</misses>
				<total>9</total>
				<timestamp>1916.042648</timestamp>
			</report>
			<report>
				<misses>5813001</misses>
				<total>9</total>
				<timestamp>1916.372313</timestamp>
			</report>
			<report>
				<misses>5814001</misses>
				<total>9</total>
				<timestamp>1916.701978</timestamp>
			</report>
			<report>
				<misses>5815001</misses>
				<total>9</total>
				<timestamp>1917.031660</timestamp>
			</report>
			<report>
				<misses>5816001</misses>
				<total>9</total>
				<timestamp>1917.361328</timestamp>
			</report>
			<report>
				<misses>5817001</misses>
				<total>9</total>
				<timestamp>1917.691000</timestamp>
			</report>
			<report>
				<misses>5818001</misses>
				<total>9</total>
				<timestamp>1918.020647</timestamp>
			</report>
			<report>
				<misses>5819001</misses>
				<total>9</total>
				<timestamp>1918.350385</timestamp>
			</report>
			<report>
				<misses>5820001</misses>
				<total>9</total>
				<timestamp>1918.680053</timestamp>
			</report>
			<report>
				<misses>5821001</misses>
				<total>9</total>
				<timestamp>1919.009672</timestamp>
			</report>
			<report>
				<misses>5822001</misses>
				<total>9</total>
				<timestamp>1919.339336</timestamp>
			</report>
			<report>
				<misses>5823001</misses>
				<total>9</total>
				<timestamp>1919.668997</timestamp>
			</report>
			<report>
				<misses>5824001</misses>
				<total>9</total>
				<timestamp>1919.998663</timestamp>
			</report>
			<report>
				<misses>5825001</misses>
				<total>9</total>
				<timestamp>1920.328344</timestamp>
			</report>
			<report>
				<misses>5826001</misses>
				<total>9</total>
				<timestamp>1920.658045</timestamp>
			</report>
			<report>
				<misses>5827001</misses>
				<total>9</total>
				<timestamp>1920.987686</timestamp>
			</report>
			<report>
				<misses>5828001</misses>
				<total>9</total>
				<timestamp>1921.317413</timestamp>
			</report>
			<report>
				<misses>5829001</misses>
				<total>9</total>
				<timestamp>1921.647059</timestamp>
			</report>
			<report>
				<misses>5830001</misses>
				<total>9</total>
				<timestamp>1921.976727</timestamp>
			</report>
			<report>
				<misses>5831001</misses>
				<total>9</total>
				<timestamp>1922.306387</timestamp>
			</report>
			<report>
				<misses>5832001</misses>
				<total>9</total>
				<timestamp>1922.636055</timestamp>
			</report>
			<report>
				<misses>5833001</misses>
				<total>9</total>
				<timestamp>1922.965703</timestamp>
			</report>
			<report>
				<misses>5834001</misses>
				<total>9</total>
				<timestamp>1923.295451</timestamp>
			</report>
			<report>
				<misses>5835001</misses>
				<total>9</total>
				<timestamp>1923.625041</timestamp>
			</report>
			<report>
				<misses>5836001</misses>
				<total>9</total>
				<timestamp>1923.954707</timestamp>
			</report>
			<report>
				<misses>5837001</misses>
				<total>9</total>
				<timestamp>1924.284385</timestamp>
			</report>
			<report>
				<misses>5838001</misses>
				<total>9</total>
				<timestamp>1924.614039</timestamp>
			</report>
			<report>
				<misses>5839001</misses>
				<total>9</total>
				<timestamp>1924.943736</timestamp>
			</report>
			<report>
				<misses>5840001</misses>
				<total>9</total>
				<timestamp>1925.273393</timestamp>
			</report>
			<report>
				<misses>5841001</misses>
				<total>9</total>
				<timestamp>1925.603076</timestamp>
			</report>
			<report>
				<misses>5842001</misses>
				<total>9</total>
				<timestamp>1925.932752</timestamp>
			</report>
			<report>
				<misses>5843001</misses>
				<total>9</total>
				<timestamp>1926.262420</timestamp>
			</report>
			<report>
				<misses>5844001</misses>
				<total>9</total>
				<timestamp>1926.592076</timestamp>
			</report>
			<report>
				<misses>5845001</misses>
				<total>9</total>
				<timestamp>1926.921747</timestamp>
			</report>
			<report>
				<misses>5846001</misses>
				<total>9</total>
				<timestamp>1927.251457</timestamp>
			</report>
			<report>
				<misses>5847001</misses>
				<total>9</total>
				<timestamp>1927.581114</timestamp>
			</report>
			<report>
				<misses>5848001</misses>
				<total>9</total>
				<timestamp>1927.910766</timestamp>
			</report>
			<report>
				<misses>5849001</misses>
				<total>9</total>
				<timestamp>1928.240479</timestamp>
			</report>
			<report>
				<misses>5850001</misses>
				<total>9</total>
				<timestamp>1928.570090</timestamp>
			</report>
			<report>
				<misses>5851001</misses>
				<total>9</total>
				<timestamp>1928.899754</timestamp>
			</report>
			<report>
				<misses>5852001</misses>
				<total>9</total>
				<timestamp>1929.229485</timestamp>
			</report>
			<report>
				<misses>5853001</misses>
				<total>9</total>
				<timestamp>1929.559108</timestamp>
			</report>
			<report>
				<misses>5854001</misses>
				<total>9</total>
				<timestamp>1929.888783</timestamp>
			</report>
			<report>
				<misses>5855001</misses>
				<total>9</total>
				<timestamp>1930.218457</timestamp>
			</report>
			<report>
				<misses>5856001</misses>
				<total>9</total>
				<timestamp>1930.548115</timestamp>
			</report>
			<report>
				<misses>5857001</misses>
				<total>9</total>
				<timestamp>1930.877806</timestamp>
			</report>
			<report>
				<misses>5858001</misses>
				<total>9</total>
				<timestamp>1931.207441</timestamp>
			</report>
			<report>
				<misses>5859001</misses>
				<total>9</total>
				<timestamp>1931.537159</timestamp>
			</report>
			<report>
				<misses>5860001</misses>
				<total>9</total>
				<timestamp>1931.866839</timestamp>
			</report>
			<report>
				<misses>5861001</misses>
				<total>9</total>
				<timestamp>1932.196493</timestamp>
			</report>
			<report>
				<misses>5862001</misses>
				<total>9</total>
				<timestamp>1932.526154</timestamp>
			</report>
			<report>
				<misses>5863001</misses>
				<total>9</total>
				<timestamp>1932.855827</timestamp>
			</report>
			<report>
				<misses>5864001</misses>
				<total>9</total>
				<timestamp>1933.185485</timestamp>
			</report>
			<report>
				<misses>5865001</misses>
				<total>9</total>
				<timestamp>1933.515145</timestamp>
			</report>
			<report>
				<misses>5866001</misses>
				<total>9</total>
				<timestamp>1933.844830</timestamp>
			</report>
			<report>
				<misses>5867001</misses>
				<total>9</total>
				<timestamp>1934.174490</timestamp>
			</report>
			<report>
				<misses>5868001</misses>
				<total>9</total>
				<timestamp>1934.504215</timestamp>
			</report>
			<report>
				<misses>5869001</misses>
				<total>9</total>
				<timestamp>1934.833839</timestamp>
			</report>
			<report>
				<misses>5870001</misses>
				<total>9</total>
				<timestamp>1935.163520</timestamp>
			</report>
			<report>
				<misses>5871001</misses>
				<total>9</total>
				<timestamp>1935.493246</timestamp>
			</report>
			<report>
				<misses>5872001</misses>
				<total>9</total>
				<timestamp>1935.822826</timestamp>
			</report>
			<report>
				<misses>5873001</misses>
				<total>9</total>
				<timestamp>1936.152494</timestamp>
			</report>
			<report>
				<misses>5874001</misses>
				<total>9</total>
				<timestamp>1936.482166</timestamp>
			</report>
			<report>
				<misses>5875001</misses>
				<total>9</total>
				<timestamp>1936.811854</timestamp>
			</report>
			<report>
				<misses>5876001</misses>
				<total>9</total>
				<timestamp>1937.141568</timestamp>
			</report>
			<report>
				<misses>5877001</misses>
				<total>9</total>
				<timestamp>1937.471265</timestamp>
			</report>
			<report>
				<misses>5878001</misses>
				<total>9</total>
				<timestamp>1937.800835</timestamp>
			</report>
			<report>
				<misses>5879001</misses>
				<total>9</total>
				<timestamp>1938.130540</timestamp>
			</report>
			<report>
				<misses>5880001</misses>
				<total>9</total>
				<timestamp>1938.460184</timestamp>
			</report>
			<report>
				<misses>5881001</misses>
				<total>9</total>
				<timestamp>1938.789850</timestamp>
			</report>
			<report>
				<misses>5882001</misses>
				<total>9</total>
				<timestamp>1939.119549</timestamp>
			</report>
			<report>
				<misses>5883001</misses>
				<total>9</total>
				<timestamp>1939.449270</timestamp>
			</report>
			<report>
				<misses>5884001</misses>
				<total>9</total>
				<timestamp>1939.778866</timestamp>
			</report>
			<report>
				<misses>5885001</misses>
				<total>9</total>
				<timestamp>1940.108530</timestamp>
			</report>
			<report>
				<misses>5886001</misses>
				<total>9</total>
				<timestamp>1940.438288</timestamp>
			</report>
			<report>
				<misses>5887001</misses>
				<total>9</total>
				<timestamp>1940.767897</timestamp>
			</report>
			<report>
				<misses>5888001</misses>
				<total>9</total>
				<timestamp>1941.097543</timestamp>
			</report>
			<report>
				<misses>5889001</misses>
				<total>9</total>
				<timestamp>1941.427257</timestamp>
			</report>
			<report>
				<misses>5890001</misses>
				<total>9</total>
				<timestamp>1941.756885</timestamp>
			</report>
			<report>
				<misses>5891001</misses>
				<total>9</total>
				<timestamp>1942.086552</timestamp>
			</report>
			<report>
				<misses>5892001</misses>
				<total>9</total>
				<timestamp>1942.416270</timestamp>
			</report>
			<report>
				<misses>5893001</misses>
				<total>9</total>
				<timestamp>1942.745891</timestamp>
			</report>
			<report>
				<misses>5894001</misses>
				<total>9</total>
				<timestamp>1943.075570</timestamp>
			</report>
			<report>
				<misses>5895001</misses>
				<total>9</total>
				<timestamp>1943.405257</timestamp>
			</report>
			<report>
				<misses>5896001</misses>
				<total>9</total>
				<timestamp>1943.734905</timestamp>
			</report>
			<report>
				<misses>5897001</misses>
				<total>9</total>
				<timestamp>1944.064575</timestamp>
			</report>
			<report>
				<misses>5898001</misses>
				<total>9</total>
				<timestamp>1944.394285</timestamp>
			</report>
			<report>
				<misses>5899001</misses>
				<total>9</total>
				<timestamp>1944.723925</timestamp>
			</report>
			<report>
				<misses>5900001</misses>
				<total>9</total>
				<timestamp>1945.053589</timestamp>
			</report>
			<report>
				<misses>5901001</misses>
				<total>9</total>
				<timestamp>1945.383285</timestamp>
			</report>
			<report>
				<misses>5902001</misses>
				<total>9</total>
				<timestamp>1945.712938</timestamp>
			</report>
			<report>
				<misses>5903001</misses>
				<total>9</total>
				<timestamp>1946.042595</timestamp>
			</report>
			<report>
				<misses>5904001</misses>
				<total>9</total>
				<timestamp>1946.372298</timestamp>
			</report>
			<report>
				<misses>5905001</misses>
				<total>9</total>
				<timestamp>1946.701948</timestamp>
			</report>
			<report>
				<misses>5906001</misses>
				<total>9</total>
				<timestamp>1947.031626</timestamp>
			</report>
			<report>
				<misses>5907001</misses>
				<total>9</total>
				<timestamp>1947.361321</timestamp>
			</report>
			<report>
				<misses>5908001</misses>
				<total>9</total>
				<timestamp>1947.690952</timestamp>
			</report>
			<report>
				<misses>5909001</misses>
				<total>9</total>
				<timestamp>1948.020621</timestamp>
			</report>
			<report>
				<misses>5910001</misses>
				<total>9</total>
				<timestamp>1948.350322</timestamp>
			</report>
			<report>
				<misses>5911001</misses>
				<total>9</total>
				<timestamp>1948.679956</timestamp>
			</report>
			<report>
				<misses>5912001</misses>
				<total>9</total>
				<timestamp>1949.009631</timestamp>
			</report>
			<report>
				<misses>5913001</misses>
				<total>9</total>
				<timestamp>1949.339360</timestamp>
			</report>
			<report>
				<misses>5914001</misses>
				<total>9</total>
				<timestamp>1949.668973</timestamp>
			</report>
			<report>
				<misses>5915001</misses>
				<total>9</total>
				<timestamp>1949.998650</timestamp>
			</report>
			<report>
				<misses>5916001</misses>
				<total>9</total>
				<timestamp>1950.328316</timestamp>
			</report>
			<report>
				<misses>5917001</misses>
				<total>9</total>
				<timestamp>1950.657991</timestamp>
			</report>
			<report>
				<misses>5918001</misses>
				<total>9</total>
				<timestamp>1950.987688</timestamp>
			</report>
			<report>
				<misses>5919001</misses>
				<total>9</total>
				<timestamp>1951.317344</timestamp>
			</report>
			<report>
				<misses>5920001</misses>
				<total>9</total>
				<timestamp>1951.647000</timestamp>
			</report>
			<report>
				<misses>5921001</misses>
				<total>9</total>
				<timestamp>1951.976685</timestamp>
			</report>
			<report>
				<misses>5922001</misses>
				<total>9</total>
				<timestamp>1952.306341</timestamp>
			</report>
			<report>
				<misses>5923001</misses>
				<total>9</total>
				<timestamp>1952.636013</timestamp>
			</report>
			<report>
				<misses>5924001</misses>
				<total>9</total>
				<timestamp>1952.965760</timestamp>
			</report>
			<report>
				<misses>5925001</misses>
				<total>9</total>
				<timestamp>1953.295382</timestamp>
			</report>
			<report>
				<misses>5926001</misses>
				<total>9</total>
				<timestamp>1953.625013</timestamp>
			</report>
			<report>
				<misses>5927001</misses>
				<total>9</total>
				<timestamp>1953.954690</timestamp>
			</report>
			<report>
				<misses>5928001</misses>
				<total>9</total>
				<timestamp>1954.284367</timestamp>
			</report>
			<report>
				<misses>5929001</misses>
				<total>9</total>
				<timestamp>1954.614014</timestamp>
			</report>
			<report>
				<misses>5930001</misses>
				<total>9</total>
				<timestamp>1954.943686</timestamp>
			</report>
			<report>
				<misses>5931001</misses>
				<total>9</total>
				<timestamp>1955.273350</timestamp>
			</report>
			<report>
				<misses>5932001</misses>
				<total>9</total>
				<timestamp>1955.603109</timestamp>
			</report>
			<report>
				<misses>5933001</misses>
				<total>9</total>
				<timestamp>1955.932682</timestamp>
			</report>
			<report>
				<misses>5934001</misses>
				<total>9</total>
				<timestamp>1956.262416</timestamp>
			</report>
			<report>
				<misses>5935001</misses>
				<total>9</total>
				<timestamp>1956.592049</timestamp>
			</report>
			<report>
				<misses>5936001</misses>
				<total>9</total>
				<timestamp>1956.921721</timestamp>
			</report>
			<report>
				<misses>5937001</misses>
				<total>9</total>
				<timestamp>1957.251434</timestamp>
			</report>
			<report>
				<misses>5938001</misses>
				<total>9</total>
				<timestamp>1957.581048</timestamp>
			</report>
			<report>
				<misses>5939001</misses>
				<total>9</total>
				<timestamp>1957.910730</timestamp>
			</report>
			<report>
				<misses>5940001</misses>
				<total>9</total>
				<timestamp>1958.240395</timestamp>
			</report>
			<report>
				<misses>5941001</misses>
				<total>9</total>
				<timestamp>1958.570081</timestamp>
			</report>
			<report>
				<misses>5942001</misses>
				<total>9</total>
				<timestamp>1958.899742</timestamp>
			</report>
			<report>
				<misses>5943001</misses>
				<total>9</total>
				<timestamp>1959.229424</timestamp>
			</report>
			<report>
				<misses>5944001</misses>
				<total>9</total>
				<timestamp>1959.559095</timestamp>
			</report>
			<report>
				<misses>5945001</misses>
				<total>9</total>
				<timestamp>1959.888726</timestamp>
			</report>
			<report>
				<misses>5946001</misses>
				<total>9</total>
				<timestamp>1960.218420</timestamp>
			</report>
			<report>
				<misses>5947001</misses>
				<total>9</total>
				<timestamp>1960.548086</timestamp>
			</report>
			<report>
				<misses>5948001</misses>
				<total>9</total>
				<timestamp>1960.877747</timestamp>
			</report>
			<report>
				<misses>5949001</misses>
				<total>9</total>
				<timestamp>1961.207416</timestamp>
			</report>
			<report>
				<misses>5950001</misses>
				<total>9</total>
				<timestamp>1961.537169</timestamp>
			</report>
			<report>
				<misses>5951001</misses>
				<total>9</total>
				<timestamp>1961.866765</timestamp>
			</report>
			<report>
				<misses>5952001</misses>
				<total>9</total>
				<timestamp>1962.196423</timestamp>
			</report>
			<report>
				<misses>5953001</misses>
				<total>9</total>
				<timestamp>1962.526116</timestamp>
			</report>
			<report>
				<misses>5954001</misses>
				<total>9</total>
				<timestamp>1962.855807</timestamp>
			</report>
			<report>
				<misses>5955001</misses>
				<total>9</total>
				<timestamp>1963.185430</timestamp>
			</report>
			<report>
				<misses>5956001</misses>
				<total>9</total>
				<timestamp>1963.515120</timestamp>
			</report>
			<report>
				<misses>5957001</misses>
				<total>9</total>
				<timestamp>1963.844782</timestamp>
			</report>
			<report>
				<misses>5958001</misses>
				<total>9</total>
				<timestamp>1964.174453</timestamp>
			</report>
			<report>
				<misses>5959001</misses>
				<total>9</total>
				<timestamp>1964.504160</timestamp>
			</report>
			<report>
				<misses>5960001</misses>
				<total>9</total>
				<timestamp>1964.833786</timestamp>
			</report>
			<report>
				<misses>5961001</misses>
				<total>9</total>
				<timestamp>1965.163459</timestamp>
			</report>
			<report>
				<misses>5962001</misses>
				<total>9</total>
				<timestamp>1965.493219</timestamp>
			</report>
			<report>
				<misses>5963001</misses>
				<total>9</total>
				<timestamp>1965.822799</timestamp>
			</report>
			<report>
				<misses>5964001</misses>
				<total>9</total>
				<timestamp>1966.152464</timestamp>
			</report>
			<report>
				<misses>5965001</misses>
				<total>9</total>
				<timestamp>1966.482197</timestamp>
			</report>
			<report>
				<misses>5966001</misses>
				<total>9</total>
				<timestamp>1966.811811</timestamp>
			</report>
			<report>
				<misses>5967001</misses>
				<total>9</total>
				<timestamp>1967.141468</timestamp>
			</report>
			<report>
				<misses>5968001</misses>
				<total>9</total>
				<timestamp>1967.471185</timestamp>
			</report>
			<report>
				<misses>5969001</misses>
				<total>9</total>
				<timestamp>1967.800831</timestamp>
			</report>
			<report>
				<misses>5970001</misses>
				<total>9</total>
				<timestamp>1968.130494</timestamp>
			</report>
			<report>
				<misses>5971001</misses>
				<total>9</total>
				<timestamp>1968.460200</timestamp>
			</report>
			<report>
				<misses>5972001</misses>
				<total>9</total>
				<timestamp>1968.789833</timestamp>
			</report>
			<report>
				<misses>5973001</misses>
				<total>10</total>
				<timestamp>1969.119498</timestamp>
			</report>
			<report>
				<misses>5974001</misses>
				<total>10</total>
				<timestamp>1969.449180</timestamp>
			</report>
			<report>
				<misses>5975001</misses>
				<total>10</total>
				<timestamp>1969.778835</timestamp>
			</report>
			<report>
				<misses>5976001</misses>
				<total>10</total>
				<timestamp>1970.108510</timestamp>
			</report>
			<report>
				<misses>5977001</misses>
				<total>10</total>
				<timestamp>1970.438217</timestamp>
			</report>
			<report>
				<misses>5978001</misses>
				<total>10</total>
				<timestamp>1970.767859</timestamp>
			</report>
			<report>
				<misses>5979001</misses>
				<total>10</total>
				<timestamp>1971.097533</timestamp>
			</report>
			<report>
				<misses>5980001</misses>
				<total>10</total>
				<timestamp>1971.427209</timestamp>
			</report>
			<report>
				<misses>5981001</misses>
				<total>10</total>
				<timestamp>1971.756851</timestamp>
			</report>
			<report>
				<misses>5982001</misses>
				<total>10</total>
				<timestamp>1972.086542</timestamp>
			</report>
			<report>
				<misses>5983001</misses>
				<total>10</total>
				<timestamp>1972.416227</timestamp>
			</report>
			<report>
				<misses>5984001</misses>
				<total>10</total>
				<timestamp>1972.745872</timestamp>
			</report>
			<report>
				<misses>5985001</misses>
				<total>10</total>
				<timestamp>1973.075601</timestamp>
			</report>
			<report>
				<misses>5986001</misses>
				<total>10</total>
				<timestamp>1973.405255</timestamp>
			</report>
			<report>
				<misses>5987001</misses>
				<total>10</total>
				<timestamp>1973.734875</timestamp>
			</report>
			<report>
				<misses>5988001</misses>
				<total>10</total>
				<timestamp>1974.064570</timestamp>
			</report>
			<report>
				<misses>5989001</misses>
				<total>10</total>
				<timestamp>1974.394213</timestamp>
			</report>
			<report>
				<misses>5990001</misses>
				<total>10</total>
				<timestamp>1974.723893</timestamp>
			</report>
			<report>
				<misses>5991001</misses>
				<total>10</total>
				<timestamp>1975.053587</timestamp>
			</report>
			<report>
				<misses>5992001</misses>
				<total>10</total>
				<timestamp>1975.383229</timestamp>
			</report>
			<report>
				<misses>5993001</misses>
				<total>10</total>
				<timestamp>1975.712897</timestamp>
			</report>
			<report>
				<misses>5994001</misses>
				<total>10</total>
				<timestamp>1976.042580</timestamp>
			</report>
			<report>
				<misses>5995001</misses>
				<total>10</total>
				<timestamp>1976.372253</timestamp>
			</report>
			<report>
				<misses>5996001</misses>
				<total>10</total>
				<timestamp>1976.701906</timestamp>
			</report>
			<report>
				<misses>5997001</misses>
				<total>10</total>
				<timestamp>1977.031600</timestamp>
			</report>
			<report>
				<misses>5998001</misses>
				<total>10</total>
				<timestamp>1977.361319</timestamp>
			</report>
			<report>
				<misses>5999001</misses>
				<total>10</total>
				<timestamp>1977.690912</timestamp>
			</report>
			<report>
				<misses>6000001</misses>
				<total>10</total>
				<timestamp>1978.020591</timestamp>
			</report>
			<report>
				<misses>6001001</misses>
				<total>10</total>
				<timestamp>1978.350263</timestamp>
			</report>
			<report>
				<misses>6002001</misses>
				<total>10</total>
				<timestamp>1978.679938</timestamp>
			</report>
			<report>
				<misses>6003001</misses>
				<total>10</total>
				<timestamp>1979.009594</timestamp>
			</report>
			<report>
				<misses>6004001</misses>
				<total>10</total>
				<timestamp>1979.339292</timestamp>
			</report>
			<report>
				<misses>6005001</misses>
				<total>10</total>
				<timestamp>1979.668958</timestamp>
			</report>
			<report>
				<misses>6006001</misses>
				<total>10</total>
				<timestamp>1979.998624</timestamp>
			</report>
			<report>
				<misses>6007001</misses>
				<total>10</total>
				<timestamp>1980.328317</timestamp>
			</report>
			<report>
				<misses>6008001</misses>
				<total>10</total>
				<timestamp>1980.657968</timestamp>
			</report>
			<report>
				<misses>6009001</misses>
				<total>10</total>
				<timestamp>1980.987631</timestamp>
			</report>
			<report>
				<misses>6010001</misses>
				<total>10</total>
				<timestamp>1981.317298</timestamp>
			</report>
			<report>
				<misses>6011001</misses>
				<total>10</total>
				<timestamp>1981.646992</timestamp>
			</report>
			<report>
				<misses>6012001</misses>
				<total>10</total>
				<timestamp>1981.976635</timestamp>
			</report>
			<report>
				<misses>6013001</misses>
				<total>10</total>
				<timestamp>1982.306295</timestamp>
			</report>
			<report>
				<misses>6014001</misses>
				<total>10</total>
				<timestamp>1982.635964</timestamp>
			</report>
			<report>
				<misses>6015001</misses>
				<total>10</total>
				<timestamp>1982.965671</timestamp>
			</report>
			<report>
				<misses>6016001</misses>
				<total>10</total>
				<timestamp>1983.295304</timestamp>
			</report>
			<report>
				<misses>6017001</misses>
				<total>10</total>
				<timestamp>1983.625015</timestamp>
			</report>
			<report>
				<misses>6018001</misses>
				<total>10</total>
				<timestamp>1983.954639</timestamp>
			</report>
			<report>
				<misses>6019001</misses>
				<total>10</total>
				<timestamp>1984.284309</timestamp>
			</report>
			<report>
				<misses>6020001</misses>
				<total>10</total>
				<timestamp>1984.614029</timestamp>
			</report>
			<report>
				<misses>6021001</misses>
				<total>10</total>
				<timestamp>1984.943688</timestamp>
			</report>
			<report>
				<misses>6022001</misses>
				<total>10</total>
				<timestamp>1985.273354</timestamp>
			</report>
			<report>
				<misses>6023001</misses>
				<total>10</total>
				<timestamp>1985.603055</timestamp>
			</report>
			<report>
				<misses>6024001</misses>
				<total>10</total>
				<timestamp>1985.932669</timestamp>
			</report>
			<report>
				<misses>6025001</misses>
				<total>10</total>
				<timestamp>1986.262341</timestamp>
			</report>
			<report>
				<misses>6026001</misses>
				<total>10</total>
				<timestamp>1986.591998</timestamp>
			</report>
			<report>
				<misses>6027001</misses>
				<total>10</total>
				<timestamp>1986.921673</timestamp>
			</report>
			<report>
				<misses>6028001</misses>
				<total>10</total>
				<timestamp>1987.251381</timestamp>
			</report>
			<report>
				<misses>6029001</misses>
				<total>10</total>
				<timestamp>1987.581046</timestamp>
			</report>
			<report>
				<misses>6030001</misses>
				<total>10</total>
				<timestamp>1987.910689</timestamp>
			</report>
			<report>
				<misses>6031001</misses>
				<total>10</total>
				<timestamp>1988.240354</timestamp>
			</report>
			<report>
				<misses>6032001</misses>
				<total>10</total>
				<timestamp>1988.570102</timestamp>
			</report>
			<report>
				<misses>6033001</misses>
				<total>10</total>
				<timestamp>1988.899716</timestamp>
			</report>
			<report>
				<misses>6034001</misses>
				<total>10</total>
				<timestamp>1989.229368</timestamp>
			</report>
			<report>
				<misses>6035001</misses>
				<total>10</total>
				<timestamp>1989.559120</timestamp>
			</report>
			<report>
				<misses>6036001</misses>
				<total>10</total>
				<timestamp>1989.888814</timestamp>
			</report>
			<report>
				<misses>6037001</misses>
				<total>10</total>
				<timestamp>1990.218402</timestamp>
			</report>
			<report>
				<misses>6038001</misses>
				<total>10</total>
				<timestamp>1990.548128</timestamp>
			</report>
			<report>
				<misses>6039001</misses>
				<total>10</total>
				<timestamp>1990.877737</timestamp>
			</report>
			<report>
				<misses>6040001</misses>
				<total>10</total>
				<timestamp>1991.207415</timestamp>
			</report>
			<report>
				<misses>6041001</misses>
				<total>10</total>
				<timestamp>1991.537119</timestamp>
			</report>
			<report>
				<misses>6042001</misses>
				<total>10</total>
				<timestamp>1991.866735</timestamp>
			</report>
			<report>
				<misses>6043001</misses>
				<total>10</total>
				<timestamp>1992.196438</timestamp>
			</report>
			<report>
				<misses>6044001</misses>
				<total>10</total>
				<timestamp>1992.526098</timestamp>
			</report>
			<report>
				<misses>6045001</misses>
				<total>10</total>
				<timestamp>1992.855738</timestamp>
			</report>
			<report>
				<misses>6046001</misses>
				<total>10</total>
				<timestamp>1993.185416</timestamp>
			</report>
			<report>
				<misses>6047001</misses>
				<total>10</total>
				<timestamp>1993.515096</timestamp>
			</report>
			<report>
				<misses>6048001</misses>
				<total>10</total>
				<timestamp>1993.844744</timestamp>
			</report>
			<report>
				<misses>6049001</misses>
				<total>10</total>
				<timestamp>1994.174425</timestamp>
			</report>
			<report>
				<misses>6050001</misses>
				<total>10</total>
				<timestamp>1994.504087</timestamp>
			</report>
			<report>
				<misses>6051001</misses>
				<total>10</total>
				<timestamp>1994.833741</timestamp>
			</report>
			<report>
				<misses>6052001</misses>
				<total>10</total>
				<timestamp>1995.163435</timestamp>
			</report>
			<report>
				<misses>6053001</misses>
				<total>10</total>
				<timestamp>1995.493119</timestamp>
			</report>
			<report>
				<misses>6054001</misses>
				<total>10</total>
				<timestamp>1995.822757</timestamp>
			</report>
			<report>
				<misses>6055001</misses>
				<total>10</total>
				<timestamp>1996.152448</timestamp>
			</report>
			<report>
				<misses>6056001</misses>
				<total>10</total>
				<timestamp>1996.482110</timestamp>
			</report>
			<report>
				<misses>6057001</misses>
				<total>10</total>
				<timestamp>1996.811832</timestamp>
			</report>
			<report>
				<misses>6058001</misses>
				<total>10</total>
				<timestamp>1997.141460</timestamp>
			</report>
			<report>
				<misses>6059001</misses>
				<total>10</total>
				<timestamp>1997.471174</timestamp>
			</report>
			<report>
				<misses>6060001</misses>
				<total>10</total>
				<timestamp>1997.800802</timestamp>
			</report>
			<report>
				<misses>6061001</misses>
				<total>10</total>
				<timestamp>1998.130509</timestamp>
			</report>
			<report>
				<misses>6062001</misses>
				<total>10</total>
				<timestamp>1998.460164</timestamp>
			</report>
			<report>
				<misses>6063001</misses>
				<total>10</total>
				<timestamp>1998.789794</timestamp>
			</report>
			<report>
				<misses>6064001</misses>
				<total>10</total>
				<timestamp>1999.119468</timestamp>
			</report>
			<report>
				<misses>6065001</misses>
				<total>10</total>
				<timestamp>1999.449161</timestamp>
			</report>
			<report>
				<misses>6066001</misses>
				<total>10</total>
				<timestamp>1999.778874</timestamp>
			</report>
			<report>
				<misses>6067001</misses>
				<total>10</total>
				<timestamp>2000.108483</timestamp>
			</report>
			<report>
				<misses>6068001</misses>
				<total>10</total>
				<timestamp>2000.438140</timestamp>
			</report>
			<report>
				<misses>6069001</misses>
				<total>10</total>
				<timestamp>2000.767910</timestamp>
			</report>
			<report>
				<misses>6070001</misses>
				<total>10</total>
				<timestamp>2001.097541</timestamp>
			</report>
			<report>
				<misses>6071001</misses>
				<total>10</total>
				<timestamp>2001.427201</timestamp>
			</report>
			<report>
				<misses>6072001</misses>
				<total>10</total>
				<timestamp>2001.756827</timestamp>
			</report>
			<report>
				<misses>6073001</misses>
				<total>10</total>
				<timestamp>2002.086520</timestamp>
			</report>
			<report>
				<misses>6074001</misses>
				<total>10</total>
				<timestamp>2002.416175</timestamp>
			</report>
			<report>
				<misses>6075001</misses>
				<total>10</total>
				<timestamp>2002.745837</timestamp>
			</report>
			<report>
				<misses>6076001</misses>
				<total>10</total>
				<timestamp>2003.075518</timestamp>
			</report>
			<report>
				<misses>6077001</misses>
				<total>10</total>
				<timestamp>2003.405183</timestamp>
			</report>
			<report>
				<misses>6078001</misses>
				<total>10</total>
				<timestamp>2003.734916</timestamp>
			</report>
			<report>
				<misses>6079001</misses>
				<total>10</total>
				<timestamp>2004.064547</timestamp>
			</report>
			<report>
				<misses>6080001</misses>
				<total>10</total>
				<timestamp>2004.394189</timestamp>
			</report>
			<report>
				<misses>6081001</misses>
				<total>10</total>
				<timestamp>2004.723917</timestamp>
			</report>
			<report>
				<misses>6082001</misses>
				<total>10</total>
				<timestamp>2005.053533</timestamp>
			</report>
			<report>
				<misses>6083001</misses>
				<total>10</total>
				<timestamp>2005.383232</timestamp>
			</report>
			<report>
				<misses>6084001</misses>
				<total>10</total>
				<timestamp>2005.712891</timestamp>
			</report>
			<report>
				<misses>6085001</misses>
				<total>10</total>
				<timestamp>2006.042541</timestamp>
			</report>
			<report>
				<misses>6086001</misses>
				<total>10</total>
				<timestamp>2006.372194</timestamp>
			</report>
			<report>
				<misses>6087001</misses>
				<total>10</total>
				<timestamp>2006.701934</timestamp>
			</report>
			<report>
				<misses>6088001</misses>
				<total>10</total>
				<timestamp>2007.031584</timestamp>
			</report>
			<report>
				<misses>6089001</misses>
				<total>10</total>
				<timestamp>2007.361300</timestamp>
			</report>
			<report>
				<misses>6090001</misses>
				<total>10</total>
				<timestamp>2007.690962</timestamp>
			</report>
			<report>
				<misses>6091001</misses>
				<total>10</total>
				<timestamp>2008.020558</timestamp>
			</report>
			<report>
				<misses>6092001</misses>
				<total>10</total>
				<timestamp>2008.350262</timestamp>
			</report>
			<report>
				<misses>6093001</misses>
				<total>10</total>
				<timestamp>2008.679950</timestamp>
			</report>
			<report>
				<misses>6094001</misses>
				<total>10</total>
				<timestamp>2009.009594</timestamp>
			</report>
			<report>
				<misses>6095001</misses>
				<total>10</total>
				<timestamp>2009.339249</timestamp>
			</report>
			<report>
				<misses>6096001</misses>
				<total>10</total>
				<timestamp>2009.668975</timestamp>
			</report>
			<report>
				<misses>6097001</misses>
				<total>10</total>
				<timestamp>2009.998579</timestamp>
			</report>
			<report>
				<misses>6098001</misses>
				<total>10</total>
				<timestamp>2010.328270</timestamp>
			</report>
			<report>
				<misses>6099001</misses>
				<total>10</total>
				<timestamp>2010.657941</timestamp>
			</report>
			<report>
				<misses>6100001</misses>
				<total>10</total>
				<timestamp>2010.987589</timestamp>
			</report>
			<report>
				<misses>6101001</misses>
				<total>10</total>
				<timestamp>2011.317287</timestamp>
			</report>
			<report>
				<misses>6102001</misses>
				<total>10</total>
				<timestamp>2011.646954</timestamp>
			</report>
			<report>
				<misses>6103001</misses>
				<total>10</total>
				<timestamp>2011.976615</timestamp>
			</report>
			<report>
				<misses>6104001</misses>
				<total>10</total>
				<timestamp>2012.306298</timestamp>
			</report>
			<report>
				<misses>6105001</misses>
				<total>10</total>
				<timestamp>2012.635989</timestamp>
			</report>
			<report>
				<misses>6106001</misses>
				<total>10</total>
				<timestamp>2012.965607</timestamp>
			</report>
			<report>
				<misses>6107001</misses>
				<total>10</total>
				<timestamp>2013.295294</timestamp>
			</report>
			<report>
				<misses>6108001</misses>
				<total>10</total>
				<timestamp>2013.625020</timestamp>
			</report>
			<report>
				<misses>6109001</misses>
				<total>10</total>
				<timestamp>2013.954656</timestamp>
			</report>
			<report>
				<misses>6110001</misses>
				<total>10</total>
				<timestamp>2014.284321</timestamp>
			</report>
			<report>
				<misses>6111001</misses>
				<total>10</total>
				<timestamp>2014.613959</timestamp>
			</report>
			<report>
				<misses>6112001</misses>
				<total>10</total>
				<timestamp>2014.943646</timestamp>
			</report>
			<report>
				<misses>6113001</misses>
				<total>10</total>
				<timestamp>2015.273323</timestamp>
			</report>
			<report>
				<misses>6114001</misses>
				<total>10</total>
				<timestamp>2015.602966</timestamp>
			</report>
			<report>
				<misses>6115001</misses>
				<total>10</total>
				<timestamp>2015.932634</timestamp>
			</report>
			<report>
				<misses>6116001</misses>
				<total>10</total>
				<timestamp>2016.262321</timestamp>
			</report>
			<report>
				<misses>6117001</misses>
				<total>10</total>
				<timestamp>2016.592030</timestamp>
			</report>
			<report>
				<misses>6118001</misses>
				<total>10</total>
				<timestamp>2016.921651</timestamp>
			</report>
			<report>
				<misses>6119001</misses>
				<total>10</total>
				<timestamp>2017.251325</timestamp>
			</report>
			<report>
				<misses>6120001</misses>
				<total>10</total>
				<timestamp>2017.581042</timestamp>
			</report>
			<report>
				<misses>6121001</misses>
				<total>10</total>
				<timestamp>2017.910674</timestamp>
			</report>
			<report>
				<misses>6122001</misses>
				<total>10</total>
				<timestamp>2018.240352</timestamp>
			</report>
			<report>
				<misses>6123001</misses>
				<total>10</total>
				<timestamp>2018.570056</timestamp>
			</report>
			<report>
				<misses>6124001</misses>
				<total>10</total>
				<timestamp>2018.899677</timestamp>
			</report>
			<report>
				<misses>6125001</misses>
				<total>10</total>
				<timestamp>2019.229337</timestamp>
			</report>
			<report>
				<misses>6126001</misses>
				<total>10</total>
				<timestamp>2019.559052</timestamp>
			</report>
			<report>
				<misses>6127001</misses>
				<total>10</total>
				<timestamp>2019.888673</timestamp>
			</report>
			<report>
				<misses>6128001</misses>
				<total>10</total>
				<timestamp>2020.218393</timestamp>
			</report>
			<report>
				<misses>6129001</misses>
				<total>10</total>
				<timestamp>2020.548020</timestamp>
			</report>
			<report>
				<misses>6130001</misses>
				<total>10</total>
				<timestamp>2020.877678</timestamp>
			</report>
			<report>
				<misses>6131001</misses>
				<total>10</total>
				<timestamp>2021.207369</timestamp>
			</report>
			<report>
				<misses>6132001</misses>
				<total>10</total>
				<timestamp>2021.537028</timestamp>
			</report>
			<report>
				<misses>6133001</misses>
				<total>10</total>
				<timestamp>2021.866725</timestamp>
			</report>
			<report>
				<misses>6134001</misses>
				<total>10</total>
				<timestamp>2022.196396</timestamp>
			</report>
			<report>
				<misses>6135001</misses>
				<total>10</total>
				<timestamp>2022.526042</timestamp>
			</report>
			<report>
				<misses>6136001</misses>
				<total>10</total>
				<timestamp>2022.855697</timestamp>
			</report>
			<report>
				<misses>6137001</misses>
				<total>10</total>
				<timestamp>2023.185403</timestamp>
			</report>
			<report>
				<misses>6138001</misses>
				<total>10</total>
				<timestamp>2023.515030</timestamp>
			</report>
			<report>
				<misses>6139001</misses>
				<total>10</total>
				<timestamp>2023.844762</timestamp>
			</report>
			<report>
				<misses>6140001</misses>
				<total>10</total>
				<timestamp>2024.174392</timestamp>
			</report>
			<report>
				<misses>6141001</misses>
				<total>10</total>
				<timestamp>2024.504064</timestamp>
			</report>
			<report>
				<misses>6142001</misses>
				<total>10</total>
				<timestamp>2024.833729</timestamp>
			</report>
			<report>
				<misses>6143001</misses>
				<total>10</total>
				<timestamp>2025.163392</timestamp>
			</report>
			<report>
				<misses>6144001</misses>
				<total>10</total>
				<timestamp>2025.493071</timestamp>
			</report>
			<report>
				<misses>6145001</misses>
				<total>10</total>
				<timestamp>2025.822787</timestamp>
			</report>
			<report>
				<misses>6146001</misses>
				<total>10</total>
				<timestamp>2026.152412</timestamp>
			</report>
			<report>
				<misses>6147001</misses>
				<total>10</total>
				<timestamp>2026.482078</timestamp>
			</report>
			<report>
				<misses>6148001</misses>
				<total>10</total>
				<timestamp>2026.811733</timestamp>
			</report>
			<report>
				<misses>6149001</misses>
				<total>10</total>
				<timestamp>2027.141417</timestamp>
			</report>
			<report>
				<misses>6150001</misses>
				<total>10</total>
				<timestamp>2027.471101</timestamp>
			</report>
			<report>
				<misses>6151001</misses>
				<total>10</total>
				<timestamp>2027.800805</timestamp>
			</report>
			<report>
				<misses>6152001</misses>
				<total>10</total>
				<timestamp>2028.130448</timestamp>
			</report>
			<report>
				<misses>6153001</misses>
				<total>10</total>
				<timestamp>2028.460132</timestamp>
			</report>
			<report>
				<misses>6154001</misses>
				<total>10</total>
				<timestamp>2028.789840</timestamp>
			</report>
			<report>
				<misses>6155001</misses>
				<total>10</total>
				<timestamp>2029.119531</timestamp>
			</report>
			<report>
				<misses>6156001</misses>
				<total>10</total>
				<timestamp>2029.449101</timestamp>
			</report>
			<report>
				<misses>6157001</misses>
				<total>10</total>
				<timestamp>2029.778832</timestamp>
			</report>
			<report>
				<misses>6158001</misses>
				<total>10</total>
				<timestamp>2030.108457</timestamp>
			</report>
			<report>
				<misses>6159001</misses>
				<total>10</total>
				<timestamp>2030.438210</timestamp>
			</report>
			<report>
				<misses>6160001</misses>
				<total>10</total>
				<timestamp>2030.767811</timestamp>
			</report>
			<report>
				<misses>6161001</misses>
				<total>10</total>
				<timestamp>2031.097461</timestamp>
			</report>
			<report>
				<misses>6162001</misses>
				<total>10</total>
				<timestamp>2031.427163</timestamp>
			</report>
			<report>
				<misses>6163001</misses>
				<total>10</total>
				<timestamp>2031.756819</timestamp>
			</report>
			<report>
				<misses>6164001</misses>
				<total>10</total>
				<timestamp>2032.086463</timestamp>
			</report>
			<report>
				<misses>6165001</misses>
				<total>10</total>
				<timestamp>2032.416155</timestamp>
			</report>
			<report>
				<misses>6166001</misses>
				<total>10</total>
				<timestamp>2032.745823</timestamp>
			</report>
			<report>
				<misses>6167001</misses>
				<total>10</total>
				<timestamp>2033.075483</timestamp>
			</report>
			<report>
				<misses>6168001</misses>
				<total>10</total>
				<timestamp>2033.405181</timestamp>
			</report>
			<report>
				<misses>6169001</misses>
				<total>10</total>
				<timestamp>2033.734859</timestamp>
			</report>
			<report>
				<misses>6170001</misses>
				<total>10</total>
				<timestamp>2034.064491</timestamp>
			</report>
			<report>
				<misses>6171001</misses>
				<total>10</total>
				<timestamp>2034.394172</timestamp>
			</report>
			<report>
				<misses>6172001</misses>
				<total>10</total>
				<timestamp>2034.723880</timestamp>
			</report>
			<report>
				<misses>6173001</misses>
				<total>10</total>
				<timestamp>2035.053498</timestamp>
			</report>
			<report>
				<misses>6174001</misses>
				<total>10</total>
				<timestamp>2035.383179</timestamp>
			</report>
			<report>
				<misses>6175001</misses>
				<total>10</total>
				<timestamp>2035.712833</timestamp>
			</report>
			<report>
				<misses>6176001</misses>
				<total>10</total>
				<timestamp>2036.042515</timestamp>
			</report>
			<report>
				<misses>6177001</misses>
				<total>10</total>
				<timestamp>2036.372173</timestamp>
			</report>
			<report>
				<misses>6178001</misses>
				<total>10</total>
				<timestamp>2036.701868</timestamp>
			</report>
			<report>
				<misses>6179001</misses>
				<total>10</total>
				<timestamp>2037.031533</timestamp>
			</report>
			<report>
				<misses>6180001</misses>
				<total>10</total>
				<timestamp>2037.361196</timestamp>
			</report>
			<report>
				<misses>6181001</misses>
				<total>10</total>
				<timestamp>2037.690934</timestamp>
			</report>
			<report>
				<misses>6182001</misses>
				<total>10</total>
				<timestamp>2038.020527</timestamp>
			</report>
			<report>
				<misses>6183001</misses>
				<total>10</total>
				<timestamp>2038.350222</timestamp>
			</report>
			<report>
				<misses>6184001</misses>
				<total>10</total>
				<timestamp>2038.679860</timestamp>
			</report>
			<report>
				<misses>6185001</misses>
				<total>10</total>
				<timestamp>2039.009551</timestamp>
			</report>
			<report>
				<misses>6186001</misses>
				<total>10</total>
				<timestamp>2039.339227</timestamp>
			</report>
			<report>
				<misses>6187001</misses>
				<total>10</total>
				<timestamp>2039.668897</timestamp>
			</report>
			<report>
				<misses>6188001</misses>
				<total>10</total>
				<timestamp>2039.998564</timestamp>
			</report>
			<report>
				<misses>6189001</misses>
				<total>10</total>
				<timestamp>2040.328251</timestamp>
			</report>
			<report>
				<misses>6190001</misses>
				<total>10</total>
				<timestamp>2040.657952</timestamp>
			</report>
			<report>
				<misses>6191001</misses>
				<total>10</total>
				<timestamp>2040.987555</timestamp>
			</report>
			<report>
				<misses>6192001</misses>
				<total>10</total>
				<timestamp>2041.317222</timestamp>
			</report>
			<report>
				<misses>6193001</misses>
				<total>10</total>
				<timestamp>2041.646942</timestamp>
			</report>
			<report>
				<misses>6194001</misses>
				<total>10</total>
				<timestamp>2041.976586</timestamp>
			</report>
			<report>
				<misses>6195001</misses>
				<total>10</total>
				<timestamp>2042.306262</timestamp>
			</report>
			<report>
				<misses>6196001</misses>
				<total>10</total>
				<timestamp>2042.635904</timestamp>
			</report>
			<report>
				<misses>6197001</misses>
				<total>10</total>
				<timestamp>2042.965588</timestamp>
			</report>
			<report>
				<misses>6198001</misses>
				<total>10</total>
				<timestamp>2043.295282</timestamp>
			</report>
			<report>
				<misses>6199001</misses>
				<total>10</total>
				<timestamp>2043.624904</timestamp>
			</report>
			<report>
				<misses>6200001</misses>
				<total>10</total>
				<timestamp>2043.954607</timestamp>
			</report>
			<report>
				<misses>6201001</misses>
				<total>10</total>
				<timestamp>2044.284281</timestamp>
			</report>
			<report>
				<misses>6202001</misses>
				<total>10</total>
				<timestamp>2044.613924</timestamp>
			</report>
			<report>
				<misses>6203001</misses>
				<total>10</total>
				<timestamp>2044.943635</timestamp>
			</report>
			<report>
				<misses>6204001</misses>
				<total>10</total>
				<timestamp>2045.273263</timestamp>
			</report>
			<report>
				<misses>6205001</misses>
				<total>10</total>
				<timestamp>2045.603020</timestamp>
			</report>
			<report>
				<misses>6206001</misses>
				<total>10</total>
				<timestamp>2045.932604</timestamp>
			</report>
			<report>
				<misses>6207001</misses>
				<total>10</total>
				<timestamp>2046.262273</timestamp>
			</report>
			<report>
				<misses>6208001</misses>
				<total>10</total>
				<timestamp>2046.591958</timestamp>
			</report>
			<report>
				<misses>6209001</misses>
				<total>10</total>
				<timestamp>2046.921625</timestamp>
			</report>
			<report>
				<misses>6210001</misses>
				<total>10</total>
				<timestamp>2047.251285</timestamp>
			</report>
			<report>
				<misses>6211001</misses>
				<total>10</total>
				<timestamp>2047.580957</timestamp>
			</report>
			<report>
				<misses>6212001</misses>
				<total>10</total>
				<timestamp>2047.910638</timestamp>
			</report>
			<report>
				<misses>6213001</misses>
				<total>10</total>
				<timestamp>2048.240358</timestamp>
			</report>
			<report>
				<misses>6214001</misses>
				<total>10</total>
				<timestamp>2048.569972</timestamp>
			</report>
			<report>
				<misses>6215001</misses>
				<total>10</total>
				<timestamp>2048.899720</timestamp>
			</report>
			<report>
				<misses>6216001</misses>
				<total>10</total>
				<timestamp>2049.229316</timestamp>
			</report>
			<report>
				<misses>6217001</misses>
				<total>10</total>
				<timestamp>2049.558977</timestamp>
			</report>
			<report>
				<misses>6218001</misses>
				<total>10</total>
				<timestamp>2049.888654</timestamp>
			</report>
			<report>
				<misses>6219001</misses>
				<total>10</total>
				<timestamp>2050.218346</timestamp>
			</report>
			<report>
				<misses>6220001</misses>
				<total>10</total>
				<timestamp>2050.548016</timestamp>
			</report>
			<report>
				<misses>6221001</misses>
				<total>10</total>
				<timestamp>2050.877732</timestamp>
			</report>
			<report>
				<misses>6222001</misses>
				<total>10</total>
				<timestamp>2051.207347</timestamp>
			</report>
			<report>
				<misses>6223001</misses>
				<total>10</total>
				<timestamp>2051.537062</timestamp>
			</report>
			<report>
				<misses>6224001</misses>
				<total>10</total>
				<timestamp>2051.866695</timestamp>
			</report>
			<report>
				<misses>6225001</misses>
				<total>10</total>
				<timestamp>2052.196367</timestamp>
			</report>
			<report>
				<misses>6226001</misses>
				<total>10</total>
				<timestamp>2052.526031</timestamp>
			</report>
			<report>
				<misses>6227001</misses>
				<total>10</total>
				<timestamp>2052.855687</timestamp>
			</report>
			<report>
				<misses>6228001</misses>
				<total>10</total>
				<timestamp>2053.185358</timestamp>
			</report>
			<report>
				<misses>6229001</misses>
				<total>10</total>
				<timestamp>2053.515047</timestamp>
			</report>
			<report>
				<misses>6230001</misses>
				<total>10</total>
				<timestamp>2053.844765</timestamp>
			</report>
			<report>
				<misses>6231001</misses>
				<total>10</total>
				<timestamp>2054.174367</timestamp>
			</report>
			<report>
				<misses>6232001</misses>
				<total>10</total>
				<timestamp>2054.504061</timestamp>
			</report>
			<report>
				<misses>6233001</misses>
				<total>10</total>
				<timestamp>2054.833732</timestamp>
			</report>
			<report>
				<misses>6234001</misses>
				<total>10</total>
				<timestamp>2055.163365</timestamp>
			</report>
			<report>
				<misses>6235001</misses>
				<total>10</total>
				<timestamp>2055.493091</timestamp>
			</report>
			<report>
				<misses>6236001</misses>
				<total>10</total>
				<timestamp>2055.822735</timestamp>
			</report>
			<report>
				<misses>6237001</misses>
				<total>10</total>
				<timestamp>2056.152372</timestamp>
			</report>
			<report>
				<misses>6238001</misses>
				<total>10</total>
				<timestamp>2056.482078</timestamp>
			</report>
			<report>
				<misses>6239001</misses>
				<total>10</total>
				<timestamp>2056.811751</timestamp>
			</report>
			<report>
				<misses>6240001</misses>
				<total>10</total>
				<timestamp>2057.141405</timestamp>
			</report>
			<report>
				<misses>6241001</misses>
				<total>10</total>
				<timestamp>2057.471057</timestamp>
			</report>
			<report>
				<misses>6242001</misses>
				<total>10</total>
				<timestamp>2057.800771</timestamp>
			</report>
			<report>
				<misses>6243001</misses>
				<total>10</total>
				<timestamp>2058.130409</timestamp>
			</report>
			<report>
				<misses>6244001</misses>
				<total>10</total>
				<timestamp>2058.460090</timestamp>
			</report>
			<report>
				<misses>6245001</misses>
				<total>10</total>
				<timestamp>2058.789780</timestamp>
			</report>
			<report>
				<misses>6246001</misses>
				<total>10</total>
				<timestamp>2059.119429</timestamp>
			</report>
			<report>
				<misses>6247001</misses>
				<total>10</total>
				<timestamp>2059.449071</timestamp>
			</report>
			<report>
				<misses>6248001</misses>
				<total>10</total>
				<timestamp>2059.778834</timestamp>
			</report>
			<report>
				<misses>6249001</misses>
				<total>10</total>
				<timestamp>2060.108439</timestamp>
			</report>
			<report>
				<misses>6250001</misses>
				<total>10</total>
				<timestamp>2060.438119</timestamp>
			</report>
			<report>
				<misses>6251001</misses>
				<total>10</total>
				<timestamp>2060.767804</timestamp>
			</report>
			<report>
				<misses>6252001</misses>
				<total>10</total>
				<timestamp>2061.097437</timestamp>
			</report>
			<report>
				<misses>6253001</misses>
				<total>10</total>
				<timestamp>2061.427128</timestamp>
			</report>
			<report>
				<misses>6254001</misses>
				<total>10</total>
				<timestamp>2061.756822</timestamp>
			</report>
			<report>
				<misses>6255001</misses>
				<total>10</total>
				<timestamp>2062.086438</timestamp>
			</report>
			<report>
				<misses>6256001</misses>
				<total>10</total>
				<timestamp>2062.416147</timestamp>
			</report>
			<report>
				<misses>6257001</misses>
				<total>10</total>
				<timestamp>2062.745837</timestamp>
			</report>
			<report>
				<misses>6258001</misses>
				<total>10</total>
				<timestamp>2063.075445</timestamp>
			</report>
			<report>
				<misses>6259001</misses>
				<total>10</total>
				<timestamp>2063.405118</timestamp>
			</report>
			<report>
				<misses>6260001</misses>
				<total>10</total>
				<timestamp>2063.734842</timestamp>
			</report>
			<report>
				<misses>6261001</misses>
				<total>10</total>
				<timestamp>2064.064470</timestamp>
			</report>
			<report>
				<misses>6262001</misses>
				<total>10</total>
				<timestamp>2064.394124</timestamp>
			</report>
			<report>
				<misses>6263001</misses>
				<total>10</total>
				<timestamp>2064.723794</timestamp>
			</report>
			<report>
				<misses>6264001</misses>
				<total>10</total>
				<timestamp>2065.053482</timestamp>
			</report>
			<report>
				<misses>6265001</misses>
				<total>10</total>
				<timestamp>2065.383134</timestamp>
			</report>
			<report>
				<misses>6266001</misses>
				<total>10</total>
				<timestamp>2065.712811</timestamp>
			</report>
			<report>
				<misses>6267001</misses>
				<total>10</total>
				<timestamp>2066.042469</timestamp>
			</report>
			<report>
				<misses>6268001</misses>
				<total>10</total>
				<timestamp>2066.372203</timestamp>
			</report>
			<report>
				<misses>6269001</misses>
				<total>10</total>
				<timestamp>2066.701827</timestamp>
			</report>
			<report>
				<misses>6270001</misses>
				<total>10</total>
				<timestamp>2067.031499</timestamp>
			</report>
			<report>
				<misses>6271001</misses>
				<total>10</total>
				<timestamp>2067.361150</timestamp>
			</report>
			<report>
				<misses>6272001</misses>
				<total>10</total>
				<timestamp>2067.690848</timestamp>
			</report>
			<report>
				<misses>6273001</misses>
				<total>10</total>
				<timestamp>2068.020495</timestamp>
			</report>
			<report>
				<misses>6274001</misses>
				<total>10</total>
				<timestamp>2068.350167</timestamp>
			</report>
			<report>
				<misses>6275001</misses>
				<total>10</total>
				<timestamp>2068.679944</timestamp>
			</report>
			<report>
				<misses>6276001</misses>
				<total>10</total>
				<timestamp>2069.009516</timestamp>
			</report>
			<report>
				<misses>6277001</misses>
				<total>10</total>
				<timestamp>2069.339193</timestamp>
			</report>
			<report>
				<misses>6278001</misses>
				<total>10</total>
				<timestamp>2069.668878</timestamp>
			</report>
			<report>
				<misses>6279001</misses>
				<total>10</total>
				<timestamp>2069.998527</timestamp>
			</report>
			<report>
				<misses>6280001</misses>
				<total>10</total>
				<timestamp>2070.328196</timestamp>
			</report>
			<report>
				<misses>6281001</misses>
				<total>10</total>
				<timestamp>2070.657870</timestamp>
			</report>
			<report>
				<misses>6282001</misses>
				<total>10</total>
				<timestamp>2070.987526</timestamp>
			</report>
			<report>
				<misses>6283001</misses>
				<total>10</total>
				<timestamp>2071.317205</timestamp>
			</report>
			<report>
				<misses>6284001</misses>
				<total>10</total>
				<timestamp>2071.646887</timestamp>
			</report>
			<report>
				<misses>6285001</misses>
				<total>10</total>
				<timestamp>2071.976541</timestamp>
			</report>
			<report>
				<misses>6286001</misses>
				<total>10</total>
				<timestamp>2072.306203</timestamp>
			</report>
			<report>
				<misses>6287001</misses>
				<total>10</total>
				<timestamp>2072.635924</timestamp>
			</report>
			<report>
				<misses>6288001</misses>
				<total>10</total>
				<timestamp>2072.965580</timestamp>
			</report>
			<report>
				<misses>6289001</misses>
				<total>10</total>
				<timestamp>2073.295220</timestamp>
			</report>
			<report>
				<misses>6290001</misses>
				<total>10</total>
				<timestamp>2073.624972</timestamp>
			</report>
			<report>
				<misses>6291001</misses>
				<total>10</total>
				<timestamp>2073.954601</timestamp>
			</report>
			<report>
				<misses>6292001</misses>
				<total>10</total>
				<timestamp>2074.284215</timestamp>
			</report>
			<report>
				<misses>6293001</misses>
				<total>10</total>
				<timestamp>2074.613945</timestamp>
			</report>
			<report>
				<misses>6294001</misses>
				<total>10</total>
				<timestamp>2074.943573</timestamp>
			</report>
			<report>
				<misses>6295001</misses>
				<total>10</total>
				<timestamp>2075.273239</timestamp>
			</report>
			<report>
				<misses>6296001</misses>
				<total>10</total>
				<timestamp>2075.602939</timestamp>
			</report>
			<report>
				<misses>6297001</misses>
				<total>10</total>
				<timestamp>2075.932598</timestamp>
			</report>
			<report>
				<misses>6298001</misses>
				<total>10</total>
				<timestamp>2076.262236</timestamp>
			</report>
			<report>
				<misses>6299001</misses>
				<total>10</total>
				<timestamp>2076.591964</timestamp>
			</report>
			<report>
				<misses>6300001</misses>
				<total>10</total>
				<timestamp>2076.921594</timestamp>
			</report>
			<report>
				<misses>6301001</misses>
				<total>10</total>
				<timestamp>2077.251253</timestamp>
			</report>
			<report>
				<misses>6302001</misses>
				<total>10</total>
				<timestamp>2077.580922</timestamp>
			</report>
			<report>
				<misses>6303001</misses>
				<total>10</total>
				<timestamp>2077.910632</timestamp>
			</report>
			<report>
				<misses>6304001</misses>
				<total>10</total>
				<timestamp>2078.240314</timestamp>
			</report>
			<report>
				<misses>6305001</misses>
				<total>10</total>
				<timestamp>2078.569963</timestamp>
			</report>
			<report>
				<misses>6306001</misses>
				<total>10</total>
				<timestamp>2078.899632</timestamp>
			</report>
			<report>
				<misses>6307001</misses>
				<total>10</total>
				<timestamp>2079.229279</timestamp>
			</report>
			<report>
				<misses>6308001</misses>
				<total>10</total>
				<timestamp>2079.558950</timestamp>
			</report>
			<report>
				<misses>6309001</misses>
				<total>10</total>
				<timestamp>2079.888672</timestamp>
			</report>
			<report>
				<misses>6310001</misses>
				<total>10</total>
				<timestamp>2080.218290</timestamp>
			</report>
			<report>
				<misses>6311001</misses>
				<total>10</total>
				<timestamp>2080.547988</timestamp>
			</report>
			<report>
				<misses>6312001</misses>
				<total>10</total>
				<timestamp>2080.877719</timestamp>
			</report>
			<report>
				<misses>6313001</misses>
				<total>10</total>
				<timestamp>2081.207305</timestamp>
			</report>
			<report>
				<misses>6314001</misses>
				<total>10</total>
				<timestamp>2081.536972</timestamp>
			</report>
			<report>
				<misses>6315001</misses>
				<total>10</total>
				<timestamp>2081.866637</timestamp>
			</report>
			<report>
				<misses>6316001</misses>
				<total>10</total>
				<timestamp>2082.196321</timestamp>
			</report>
			<report>
				<misses>6317001</misses>
				<total>10</total>
				<timestamp>2082.525994</timestamp>
			</report>
			<report>
				<misses>6318001</misses>
				<total>10</total>
				<timestamp>2082.855704</timestamp>
			</report>
			<report>
				<misses>6319001</misses>
				<total>10</total>
				<timestamp>2083.185322</timestamp>
			</report>
			<report>
				<misses>6320001</misses>
				<total>10</total>
				<timestamp>2083.515010</timestamp>
			</report>
			<report>
				<misses>6321001</misses>
				<total>10</total>
				<timestamp>2083.844707</timestamp>
			</report>
			<report>
				<misses>6322001</misses>
				<total>10</total>
				<timestamp>2084.174334</timestamp>
			</report>
			<report>
				<misses>6323001</misses>
				<total>10</total>
				<timestamp>2084.504021</timestamp>
			</report>
			<report>
				<misses>6324001</misses>
				<total>10</total>
				<timestamp>2084.833690</timestamp>
			</report>
			<report>
				<misses>6325001</misses>
				<total>10</total>
				<timestamp>2085.163335</timestamp>
			</report>
			<report>
				<misses>6326001</misses>
				<total>10</total>
				<timestamp>2085.493015</timestamp>
			</report>
			<report>
				<misses>6327001</misses>
				<total>10</total>
				<timestamp>2085.822690</timestamp>
			</report>
			<report>
				<misses>6328001</misses>
				<total>10</total>
				<timestamp>2086.152357</timestamp>
			</report>
			<report>
				<misses>6329001</misses>
				<total>10</total>
				<timestamp>2086.482034</timestamp>
			</report>
			<report>
				<misses>6330001</misses>
				<total>10</total>
				<timestamp>2086.811700</timestamp>
			</report>
			<report>
				<misses>6331001</misses>
				<total>10</total>
				<timestamp>2087.141351</timestamp>
			</report>
			<report>
				<misses>6332001</misses>
				<total>10</total>
				<timestamp>2087.471020</timestamp>
			</report>
			<report>
				<misses>6333001</misses>
				<total>10</total>
				<timestamp>2087.800700</timestamp>
			</report>
			<report>
				<misses>6334001</misses>
				<total>10</total>
				<timestamp>2088.130373</timestamp>
			</report>
			<report>
				<misses>6335001</misses>
				<total>10</total>
				<timestamp>2088.460028</timestamp>
			</report>
			<report>
				<misses>6336001</misses>
				<total>10</total>
				<timestamp>2088.789793</timestamp>
			</report>
			<report>
				<misses>6337001</misses>
				<total>10</total>
				<timestamp>2089.119372</timestamp>
			</report>
			<report>
				<misses>6338001</misses>
				<total>10</total>
				<timestamp>2089.449058</timestamp>
			</report>
			<report>
				<misses>6339001</misses>
				<total>10</total>
				<timestamp>2089.778717</timestamp>
			</report>
			<report>
				<misses>6340001</misses>
				<total>10</total>
				<timestamp>2090.108390</timestamp>
			</report>
			<report>
				<misses>6341001</misses>
				<total>10</total>
				<timestamp>2090.438062</timestamp>
			</report>
			<report>
				<misses>6342001</misses>
				<total>10</total>
				<timestamp>2090.767767</timestamp>
			</report>
			<report>
				<misses>6343001</misses>
				<total>10</total>
				<timestamp>2091.097393</timestamp>
			</report>
			<report>
				<misses>6344001</misses>
				<total>10</total>
				<timestamp>2091.427077</timestamp>
			</report>
			<report>
				<misses>6345001</misses>
				<total>10</total>
				<timestamp>2091.756729</timestamp>
			</report>
			<report>
				<misses>6346001</misses>
				<total>10</total>
				<timestamp>2092.086394</timestamp>
			</report>
			<report>
				<misses>6347001</misses>
				<total>10</total>
				<timestamp>2092.416083</timestamp>
			</report>
			<report>
				<misses>6348001</misses>
				<total>10</total>
				<timestamp>2092.745772</timestamp>
			</report>
			<report>
				<misses>6349001</misses>
				<total>10</total>
				<timestamp>2093.075429</timestamp>
			</report>
			<report>
				<misses>6350001</misses>
				<total>10</total>
				<timestamp>2093.405093</timestamp>
			</report>
			<report>
				<misses>6351001</misses>
				<total>10</total>
				<timestamp>2093.734779</timestamp>
			</report>
			<report>
				<misses>6352001</misses>
				<total>10</total>
				<timestamp>2094.064502</timestamp>
			</report>
			<report>
				<misses>6353001</misses>
				<total>10</total>
				<timestamp>2094.394119</timestamp>
			</report>
			<report>
				<misses>6354001</misses>
				<total>10</total>
				<timestamp>2094.723814</timestamp>
			</report>
			<report>
				<misses>6355001</misses>
				<total>10</total>
				<timestamp>2095.053440</timestamp>
			</report>
			<report>
				<misses>6356001</misses>
				<total>10</total>
				<timestamp>2095.383141</timestamp>
			</report>
			<report>
				<misses>6357001</misses>
				<total>10</total>
				<timestamp>2095.712818</timestamp>
			</report>
			<report>
				<misses>6358001</misses>
				<total>10</total>
				<timestamp>2096.042522</timestamp>
			</report>
			<report>
				<misses>6359001</misses>
				<total>10</total>
				<timestamp>2096.372156</timestamp>
			</report>
			<report>
				<misses>6360001</misses>
				<total>10</total>
				<timestamp>2096.701836</timestamp>
			</report>
			<report>
				<misses>6361001</misses>
				<total>10</total>
				<timestamp>2097.031499</timestamp>
			</report>
			<report>
				<misses>6362001</misses>
				<total>10</total>
				<timestamp>2097.361138</timestamp>
			</report>
			<report>
				<misses>6363001</misses>
				<total>10</total>
				<timestamp>2097.690827</timestamp>
			</report>
			<report>
				<misses>6364001</misses>
				<total>10</total>
				<timestamp>2098.020476</timestamp>
			</report>
			<report>
				<misses>6365001</misses>
				<total>10</total>
				<timestamp>2098.350169</timestamp>
			</report>
			<report>
				<misses>6366001</misses>
				<total>10</total>
				<timestamp>2098.679804</timestamp>
			</report>
			<report>
				<misses>6367001</misses>
				<total>10</total>
				<timestamp>2099.009523</timestamp>
			</report>
			<report>
				<misses>6368001</misses>
				<total>10</total>
				<timestamp>2099.339174</timestamp>
			</report>
			<report>
				<misses>6369001</misses>
				<total>10</total>
				<timestamp>2099.668846</timestamp>
			</report>
			<report>
				<misses>6370001</misses>
				<total>10</total>
				<timestamp>2099.998529</timestamp>
			</report>
			<report>
				<misses>6371001</misses>
				<total>10</total>
				<timestamp>2100.328193</timestamp>
			</report>
			<report>
				<misses>6372001</misses>
				<total>10</total>
				<timestamp>2100.657843</timestamp>
			</report>
			<report>
				<misses>6373001</misses>
				<total>10</total>
				<timestamp>2100.987574</timestamp>
			</report>
			<report>
				<misses>6374001</misses>
				<total>10</total>
				<timestamp>2101.317187</timestamp>
			</report>
			<report>
				<misses>6375001</misses>
				<total>10</total>
				<timestamp>2101.646841</timestamp>
			</report>
			<report>
				<misses>6376001</misses>
				<total>10</total>
				<timestamp>2101.976577</timestamp>
			</report>
			<report>
				<misses>6377001</misses>
				<total>10</total>
				<timestamp>2102.306184</timestamp>
			</report>
			<report>
				<misses>6378001</misses>
				<total>10</total>
				<timestamp>2102.635888</timestamp>
			</report>
			<report>
				<misses>6379001</misses>
				<total>10</total>
				<timestamp>2102.965517</timestamp>
			</report>
			<report>
				<misses>6380001</misses>
				<total>10</total>
				<timestamp>2103.295192</timestamp>
			</report>
			<report>
				<misses>6381001</misses>
				<total>10</total>
				<timestamp>2103.624878</timestamp>
			</report>
			<report>
				<misses>6382001</misses>
				<total>10</total>
				<timestamp>2103.954536</timestamp>
			</report>
			<report>
				<misses>6383001</misses>
				<total>10</total>
				<timestamp>2104.284197</timestamp>
			</report>
			<report>
				<misses>6384001</misses>
				<total>10</total>
				<timestamp>2104.613861</timestamp>
			</report>
			<report>
				<misses>6385001</misses>
				<total>10</total>
				<timestamp>2104.943607</timestamp>
			</report>
			<report>
				<misses>6386001</misses>
				<total>10</total>
				<timestamp>2105.273219</timestamp>
			</report>
			<report>
				<misses>6387001</misses>
				<total>10</total>
				<timestamp>2105.602918</timestamp>
			</report>
			<report>
				<misses>6388001</misses>
				<total>10</total>
				<timestamp>2105.932638</timestamp>
			</report>
			<report>
				<misses>6389001</misses>
				<total>10</total>
				<timestamp>2106.262206</timestamp>
			</report>
			<report>
				<misses>6390001</misses>
				<total>10</total>
				<timestamp>2106.591892</timestamp>
			</report>
			<report>
				<misses>6391001</misses>
				<total>10</total>
				<timestamp>2106.921621</timestamp>
			</report>
			<report>
				<misses>6392001</misses>
				<total>10</total>
				<timestamp>2107.251254</timestamp>
			</report>
			<report>
				<misses>6393001</misses>
				<total>10</total>
				<timestamp>2107.580901</timestamp>
			</report>
			<report>
				<misses>6394001</misses>
				<total>10</total>
				<timestamp>2107.910600</timestamp>
			</report>
			<report>
				<misses>6395001</misses>
				<total>10</total>
				<timestamp>2108.240236</timestamp>
			</report>
			<report>
				<misses>6396001</misses>
				<total>10</total>
				<timestamp>2108.569907</timestamp>
			</report>
			<report>
				<misses>6397001</misses>
				<total>10</total>
				<timestamp>2108.899603</timestamp>
			</report>
			<report>
				<misses>6398001</misses>
				<total>10</total>
				<timestamp>2109.229268</timestamp>
			</report>
			<report>
				<misses>6399001</misses>
				<total>10</total>
				<timestamp>2109.558921</timestamp>
			</report>
			<report>
				<misses>6400001</misses>
				<total>10</total>
				<timestamp>2109.888575</timestamp>
			</report>
			<report>
				<misses>6401001</misses>
				<total>10</total>
				<timestamp>2110.218266</timestamp>
			</report>
			<report>
				<misses>6402001</misses>
				<total>10</total>
				<timestamp>2110.547938</timestamp>
			</report>
			<report>
				<misses>6403001</misses>
				<total>10</total>
				<timestamp>2110.877602</timestamp>
			</report>
			<report>
				<misses>6404001</misses>
				<total>10</total>
				<timestamp>2111.207278</timestamp>
			</report>
			<report>
				<misses>6405001</misses>
				<total>10</total>
				<timestamp>2111.536944</timestamp>
			</report>
			<report>
				<misses>6406001</misses>
				<total>10</total>
				<timestamp>2111.866617</timestamp>
			</report>
			<report>
				<misses>6407001</misses>
				<total>10</total>
				<timestamp>2112.196281</timestamp>
			</report>
			<report>
				<misses>6408001</misses>
				<total>10</total>
				<timestamp>2112.525940</timestamp>
			</report>
			<report>
				<misses>6409001</misses>
				<total>10</total>
				<timestamp>2112.855636</timestamp>
			</report>
			<report>
				<misses>6410001</misses>
				<total>10</total>
				<timestamp>2113.185294</timestamp>
			</report>
			<report>
				<misses>6411001</misses>
				<total>10</total>
				<timestamp>2113.514957</timestamp>
			</report>
			<report>
				<misses>6412001</misses>
				<total>10</total>
				<timestamp>2113.844655</timestamp>
			</report>
			<report>
				<misses>6413001</misses>
				<total>10</total>
				<timestamp>2114.174292</timestamp>
			</report>
			<report>
				<misses>6414001</misses>
				<total>10</total>
				<timestamp>2114.503972</timestamp>
			</report>
			<report>
				<misses>6415001</misses>
				<total>10</total>
				<timestamp>2114.833667</timestamp>
			</report>
			<report>
				<misses>6416001</misses>
				<total>10</total>
				<timestamp>2115.163302</timestamp>
			</report>
			<report>
				<misses>6417001</misses>
				<total>10</total>
				<timestamp>2115.492985</timestamp>
			</report>
			<report>
				<misses>6418001</misses>
				<total>10</total>
				<timestamp>2115.822691</timestamp>
			</report>
			<report>
				<misses>6419001</misses>
				<total>10</total>
				<timestamp>2116.152313</timestamp>
			</report>
			<report>
				<misses>6420001</misses>
				<total>10</total>
				<timestamp>2116.481996</timestamp>
			</report>
			<report>
				<misses>6421001</misses>
				<total>10</total>
				<timestamp>2116.811695</timestamp>
			</report>
			<report>
				<misses>6422001</misses>
				<total>10</total>
				<timestamp>2117.141340</timestamp>
			</report>
			<report>
				<misses>6423001</misses>
				<total>10</total>
				<timestamp>2117.470993</timestamp>
			</report>
			<report>
				<misses>6424001</misses>
				<total>10</total>
				<timestamp>2117.800723</timestamp>
			</report>
			<report>
				<misses>6425001</misses>
				<total>10</total>
				<timestamp>2118.130327</timestamp>
			</report>
			<report>
				<misses>6426001</misses>
				<total>10</total>
				<timestamp>2118.459999</timestamp>
			</report>
			<report>
				<misses>6427001</misses>
				<total>10</total>
				<timestamp>2118.789697</timestamp>
			</report>
			<report>
				<misses>6428001</misses>
				<total>10</total>
				<timestamp>2119.119390</timestamp>
			</report>
			<report>
				<misses>6429001</misses>
				<total>10</total>
				<timestamp>2119.449028</timestamp>
			</report>
			<report>
				<misses>6430001</misses>
				<total>10</total>
				<timestamp>2119.778681</timestamp>
			</report>
			<report>
				<misses>6431001</misses>
				<total>10</total>
				<timestamp>2120.108412</timestamp>
			</report>
			<report>
				<misses>6432001</misses>
				<total>10</total>
				<timestamp>2120.438033</timestamp>
			</report>
			<report>
				<misses>6433001</misses>
				<total>10</total>
				<timestamp>2120.767708</timestamp>
			</report>
			<report>
				<misses>6434001</misses>
				<total>10</total>
				<timestamp>2121.097362</timestamp>
			</report>
			<report>
				<misses>6435001</misses>
				<total>10</total>
				<timestamp>2121.427035</timestamp>
			</report>
			<report>
				<misses>6436001</misses>
				<total>10</total>
				<timestamp>2121.756702</timestamp>
			</report>
			<report>
				<misses>6437001</misses>
				<total>10</total>
				<timestamp>2122.086412</timestamp>
			</report>
			<report>
				<misses>6438001</misses>
				<total>10</total>
				<timestamp>2122.416066</timestamp>
			</report>
			<report>
				<misses>6439001</misses>
				<total>10</total>
				<timestamp>2122.745727</timestamp>
			</report>
			<report>
				<misses>6440001</misses>
				<total>10</total>
				<timestamp>2123.075423</timestamp>
			</report>
			<report>
				<misses>6441001</misses>
				<total>10</total>
				<timestamp>2123.405073</timestamp>
			</report>
			<report>
				<misses>6442001</misses>
				<total>10</total>
				<timestamp>2123.734750</timestamp>
			</report>
			<report>
				<misses>6443001</misses>
				<total>10</total>
				<timestamp>2124.064407</timestamp>
			</report>
			<report>
				<misses>6444001</misses>
				<total>10</total>
				<timestamp>2124.394091</timestamp>
			</report>
			<report>
				<misses>6445001</misses>
				<total>10</total>
				<timestamp>2124.723775</timestamp>
			</report>
			<report>
				<misses>6446001</misses>
				<total>10</total>
				<timestamp>2125.053469</timestamp>
			</report>
			<report>
				<misses>6447001</misses>
				<total>10</total>
				<timestamp>2125.383104</timestamp>
			</report>
			<report>
				<misses>6448001</misses>
				<total>10</total>
				<timestamp>2125.712757</timestamp>
			</report>
			<report>
				<misses>6449001</misses>
				<total>10</total>
				<timestamp>2126.042447</timestamp>
			</report>
			<report>
				<misses>6450001</misses>
				<total>10</total>
				<timestamp>2126.372087</timestamp>
			</report>
			<report>
				<misses>6451001</misses>
				<total>10</total>
				<timestamp>2126.701756</timestamp>
			</report>
			<report>
				<misses>6452001</misses>
				<total>10</total>
				<timestamp>2127.031451</timestamp>
			</report>
			<report>
				<misses>6453001</misses>
				<total>10</total>
				<timestamp>2127.361101</timestamp>
			</report>
			<report>
				<misses>6454001</misses>
				<total>10</total>
				<timestamp>2127.690783</timestamp>
			</report>
			<report>
				<misses>6455001</misses>
				<total>10</total>
				<timestamp>2128.020488</timestamp>
			</report>
			<report>
				<misses>6456001</misses>
				<total>10</total>
				<timestamp>2128.350129</timestamp>
			</report>
			<report>
				<misses>6457001</misses>
				<total>10</total>
				<timestamp>2128.679780</timestamp>
			</report>
			<report>
				<misses>6458001</misses>
				<total>10</total>
				<timestamp>2129.009462</timestamp>
			</report>
			<report>
				<misses>6459001</misses>
				<total>10</total>
				<timestamp>2129.339137</timestamp>
			</report>
			<report>
				<misses>6460001</misses>
				<total>10</total>
				<timestamp>2129.668785</timestamp>
			</report>
			<report>
				<misses>6461001</misses>
				<total>10</total>
				<timestamp>2129.998476</timestamp>
			</report>
			<report>
				<misses>6462001</misses>
				<total>10</total>
				<timestamp>2130.328138</timestamp>
			</report>
			<report>
				<misses>6463001</misses>
				<total>10</total>
				<timestamp>2130.657808</timestamp>
			</report>
			<report>
				<misses>6464001</misses>
				<total>10</total>
				<timestamp>2130.987464</timestamp>
			</report>
			<report>
				<misses>6465001</misses>
				<total>10</total>
				<timestamp>2131.317152</timestamp>
			</report>
			<report>
				<misses>6466001</misses>
				<total>10</total>
				<timestamp>2131.646809</timestamp>
			</report>
			<report>
				<misses>6467001</misses>
				<total>10</total>
				<timestamp>2131.976481</timestamp>
			</report>
			<report>
				<misses>6468001</misses>
				<total>10</total>
				<timestamp>2132.306184</timestamp>
			</report>
			<report>
				<misses>6469001</misses>
				<total>10</total>
				<timestamp>2132.635826</timestamp>
			</report>
			<report>
				<misses>6470001</misses>
				<total>10</total>
				<timestamp>2132.965514</timestamp>
			</report>
			<report>
				<misses>6471001</misses>
				<total>10</total>
				<timestamp>2133.295161</timestamp>
			</report>
			<report>
				<misses>6472001</misses>
				<total>10</total>
				<timestamp>2133.624823</timestamp>
			</report>
			<report>
				<misses>6473001</misses>
				<total>10</total>
				<timestamp>2133.954490</timestamp>
			</report>
			<report>
				<misses>6474001</misses>
				<total>10</total>
				<timestamp>2134.284167</timestamp>
			</report>
			<report>
				<misses>6475001</misses>
				<total>10</total>
				<timestamp>2134.613843</timestamp>
			</report>
			<report>
				<misses>6476001</misses>
				<total>10</total>
				<timestamp>2134.943597</timestamp>
			</report>
			<report>
				<misses>6477001</misses>
				<total>10</total>
				<timestamp>2135.273173</timestamp>
			</report>
			<report>
				<misses>6478001</misses>
				<total>10</total>
				<timestamp>2135.602834</timestamp>
			</report>
			<report>
				<misses>6479001</misses>
				<total>10</total>
				<timestamp>2135.932668</timestamp>
			</report>
			<report>
				<misses>6480001</misses>
				<total>10</total>
				<timestamp>2136.262213</timestamp>
			</report>
			<report>
				<misses>6481001</misses>
				<total>10</total>
				<timestamp>2136.591855</timestamp>
			</report>
			<report>
				<misses>6482001</misses>
				<total>10</total>
				<timestamp>2136.921543</timestamp>
			</report>
			<report>
				<misses>6483001</misses>
				<total>10</total>
				<timestamp>2137.251191</timestamp>
			</report>
			<report>
				<misses>6484001</misses>
				<total>10</total>
				<timestamp>2137.580875</timestamp>
			</report>
			<report>
				<misses>6485001</misses>
				<total>10</total>
				<timestamp>2137.910556</timestamp>
			</report>
			<report>
				<misses>6486001</misses>
				<total>10</total>
				<timestamp>2138.240234</timestamp>
			</report>
			<report>
				<misses>6487001</misses>
				<total>10</total>
				<timestamp>2138.569882</timestamp>
			</report>
			<report>
				<misses>6488001</misses>
				<total>10</total>
				<timestamp>2138.899570</timestamp>
			</report>
			<report>
				<misses>6489001</misses>
				<total>10</total>
				<timestamp>2139.229207</timestamp>
			</report>
			<report>
				<misses>6490001</misses>
				<total>10</total>
				<timestamp>2139.558889</timestamp>
			</report>
			<report>
				<misses>6491001</misses>
				<total>10</total>
				<timestamp>2139.888597</timestamp>
			</report>
			<report>
				<misses>6492001</misses>
				<total>10</total>
				<timestamp>2140.218227</timestamp>
			</report>
			<report>
				<misses>6493001</misses>
				<total>10</total>
				<timestamp>2140.547937</timestamp>
			</report>
			<report>
				<misses>6494001</misses>
				<total>10</total>
				<timestamp>2140.877566</timestamp>
			</report>
			<report>
				<misses>6495001</misses>
				<total>10</total>
				<timestamp>2141.207357</timestamp>
			</report>
			<report>
				<misses>6496001</misses>
				<total>10</total>
				<timestamp>2141.536971</timestamp>
			</report>
			<report>
				<misses>6497001</misses>
				<total>10</total>
				<timestamp>2141.866572</timestamp>
			</report>
			<report>
				<misses>6498001</misses>
				<total>10</total>
				<timestamp>2142.196264</timestamp>
			</report>
			<report>
				<misses>6499001</misses>
				<total>10</total>
				<timestamp>2142.525942</timestamp>
			</report>
			<report>
				<misses>6500001</misses>
				<total>10</total>
				<timestamp>2142.855615</timestamp>
			</report>
			<report>
				<misses>6501001</misses>
				<total>10</total>
				<timestamp>2143.185290</timestamp>
			</report>
			<report>
				<misses>6502001</misses>
				<total>10</total>
				<timestamp>2143.514967</timestamp>
			</report>
			<report>
				<misses>6503001</misses>
				<total>10</total>
				<timestamp>2143.844609</timestamp>
			</report>
			<report>
				<misses>6504001</misses>
				<total>10</total>
				<timestamp>2144.174328</timestamp>
			</report>
			<report>
				<misses>6505001</misses>
				<total>10</total>
				<timestamp>2144.503929</timestamp>
			</report>
			<report>
				<misses>6506001</misses>
				<total>10</total>
				<timestamp>2144.833661</timestamp>
			</report>
			<report>
				<misses>6507001</misses>
				<total>10</total>
				<timestamp>2145.163313</timestamp>
			</report>
			<report>
				<misses>6508001</misses>
				<total>10</total>
				<timestamp>2145.492962</timestamp>
			</report>
			<report>
				<misses>6509001</misses>
				<total>10</total>
				<timestamp>2145.822632</timestamp>
			</report>
			<report>
				<misses>6510001</misses>
				<total>10</total>
				<timestamp>2146.152299</timestamp>
			</report>
			<report>
				<misses>6511001</misses>
				<total>10</total>
				<timestamp>2146.482006</timestamp>
			</report>
			<report>
				<misses>6512001</misses>
				<total>10</total>
				<timestamp>2146.811653</timestamp>
			</report>
			<report>
				<misses>6513001</misses>
				<total>10</total>
				<timestamp>2147.141363</timestamp>
			</report>
			<report>
				<misses>6514001</misses>
				<total>10</total>
				<timestamp>2147.471034</timestamp>
			</report>
			<report>
				<misses>6515001</misses>
				<total>10</total>
				<timestamp>2147.800657</timestamp>
			</report>
			<report>
				<misses>6516001</misses>
				<total>10</total>
				<timestamp>2148.130351</timestamp>
			</report>
			<report>
				<misses>6517001</misses>
				<total>10</total>
				<timestamp>2148.459987</timestamp>
			</report>
			<report>
				<misses>6518001</misses>
				<total>10</total>
				<timestamp>2148.789655</timestamp>
			</report>
			<report>
				<misses>6519001</misses>
				<total>10</total>
				<timestamp>2149.119349</timestamp>
			</report>
			<report>
				<misses>6520001</misses>
				<total>10</total>
				<timestamp>2149.448984</timestamp>
			</report>
			<report>
				<misses>6521001</misses>
				<total>10</total>
				<timestamp>2149.778663</timestamp>
			</report>
			<report>
				<misses>6522001</misses>
				<total>10</total>
				<timestamp>2150.108333</timestamp>
			</report>
			<report>
				<misses>6523001</misses>
				<total>10</total>
				<timestamp>2150.437992</timestamp>
			</report>
			<report>
				<misses>6524001</misses>
				<total>10</total>
				<timestamp>2150.767661</timestamp>
			</report>
			<report>
				<misses>6525001</misses>
				<total>10</total>
				<timestamp>2151.097377</timestamp>
			</report>
			<report>
				<misses>6526001</misses>
				<total>10</total>
				<timestamp>2151.427013</timestamp>
			</report>
			<report>
				<misses>6527001</misses>
				<total>10</total>
				<timestamp>2151.756683</timestamp>
			</report>
			<report>
				<misses>6528001</misses>
				<total>10</total>
				<timestamp>2152.086388</timestamp>
			</report>
			<report>
				<misses>6529001</misses>
				<total>10</total>
				<timestamp>2152.416019</timestamp>
			</report>
			<report>
				<misses>6530001</misses>
				<total>10</total>
				<timestamp>2152.745681</timestamp>
			</report>
			<report>
				<misses>6531001</misses>
				<total>10</total>
				<timestamp>2153.075381</timestamp>
			</report>
			<report>
				<misses>6532001</misses>
				<total>10</total>
				<timestamp>2153.405045</timestamp>
			</report>
			<report>
				<misses>6533001</misses>
				<total>10</total>
				<timestamp>2153.734685</timestamp>
			</report>
			<report>
				<misses>6534001</misses>
				<total>10</total>
				<timestamp>2154.064405</timestamp>
			</report>
			<report>
				<misses>6535001</misses>
				<total>10</total>
				<timestamp>2154.394033</timestamp>
			</report>
			<report>
				<misses>6536001</misses>
				<total>10</total>
				<timestamp>2154.723700</timestamp>
			</report>
			<report>
				<misses>6537001</misses>
				<total>10</total>
				<timestamp>2155.053386</timestamp>
			</report>
			<report>
				<misses>6538001</misses>
				<total>10</total>
				<timestamp>2155.383052</timestamp>
			</report>
			<report>
				<misses>6539001</misses>
				<total>10</total>
				<timestamp>2155.712702</timestamp>
			</report>
			<report>
				<misses>6540001</misses>
				<total>10</total>
				<timestamp>2156.042404</timestamp>
			</report>
			<report>
				<misses>6541001</misses>
				<total>10</total>
				<timestamp>2156.372065</timestamp>
			</report>
			<report>
				<misses>6542001</misses>
				<total>10</total>
				<timestamp>2156.701727</timestamp>
			</report>
			<report>
				<misses>6543001</misses>
				<total>10</total>
				<timestamp>2157.031419</timestamp>
			</report>
			<report>
				<misses>6544001</misses>
				<total>10</total>
				<timestamp>2157.361096</timestamp>
			</report>
			<report>
				<misses>6545001</misses>
				<total>10</total>
				<timestamp>2157.690730</timestamp>
			</report>
			<report>
				<misses>6546001</misses>
				<total>10</total>
				<timestamp>2158.020436</timestamp>
			</report>
			<report>
				<misses>6547001</misses>
				<total>10</total>
				<timestamp>2158.350098</timestamp>
			</report>
			<report>
				<misses>6548001</misses>
				<total>10</total>
				<timestamp>2158.679749</timestamp>
			</report>
			<report>
				<misses>6549001</misses>
				<total>10</total>
				<timestamp>2159.009442</timestamp>
			</report>
			<report>
				<misses>6550001</misses>
				<total>10</total>
				<timestamp>2159.339102</timestamp>
			</report>
			<report>
				<misses>6551001</misses>
				<total>10</total>
				<timestamp>2159.668763</timestamp>
			</report>
			<report>
				<misses>6552001</misses>
				<total>10</total>
				<timestamp>2159.998433</timestamp>
			</report>
			<report>
				<misses>6553001</misses>
				<total>10</total>
				<timestamp>2160.328120</timestamp>
			</report>
			<report>
				<misses>6554001</misses>
				<total>10</total>
				<timestamp>2160.657769</timestamp>
			</report>
			<report>
				<misses>6555001</misses>
				<total>10</total>
				<timestamp>2160.987485</timestamp>
			</report>
			<report>
				<misses>6556001</misses>
				<total>10</total>
				<timestamp>2161.317114</timestamp>
			</report>
			<report>
				<misses>6557001</misses>
				<total>10</total>
				<timestamp>2161.646782</timestamp>
			</report>
			<report>
				<misses>6558001</misses>
				<total>10</total>
				<timestamp>2161.976462</timestamp>
			</report>
			<report>
				<misses>6559001</misses>
				<total>10</total>
				<timestamp>2162.306128</timestamp>
			</report>
			<report>
				<misses>6560001</misses>
				<total>10</total>
				<timestamp>2162.635799</timestamp>
			</report>
			<report>
				<misses>6561001</misses>
				<total>10</total>
				<timestamp>2162.965580</timestamp>
			</report>
			<report>
				<misses>6562001</misses>
				<total>10</total>
				<timestamp>2163.295128</timestamp>
			</report>
			<report>
				<misses>6563001</misses>
				<total>10</total>
				<timestamp>2163.624811</timestamp>
			</report>
			<report>
				<misses>6564001</misses>
				<total>10</total>
				<timestamp>2163.954505</timestamp>
			</report>
			<report>
				<misses>6565001</misses>
				<total>10</total>
				<timestamp>2164.284160</timestamp>
			</report>
			<report>
				<misses>6566001</misses>
				<total>10</total>
				<timestamp>2164.613812</timestamp>
			</report>
			<report>
				<misses>6567001</misses>
				<total>10</total>
				<timestamp>2164.943493</timestamp>
			</report>
			<report>
				<misses>6568001</misses>
				<total>10</total>
				<timestamp>2165.273163</timestamp>
			</report>
			<report>
				<misses>6569001</misses>
				<total>10</total>
				<timestamp>2165.602812</timestamp>
			</report>
			<report>
				<misses>6570001</misses>
				<total>10</total>
				<timestamp>2165.932533</timestamp>
			</report>
			<report>
				<misses>6571001</misses>
				<total>10</total>
				<timestamp>2166.262206</timestamp>
			</report>
			<report>
				<misses>6572001</misses>
				<total>10</total>
				<timestamp>2166.591869</timestamp>
			</report>
			<report>
				<misses>6573001</misses>
				<total>10</total>
				<timestamp>2166.921532</timestamp>
			</report>
			<report>
				<misses>6574001</misses>
				<total>10</total>
				<timestamp>2167.251209</timestamp>
			</report>
			<report>
				<misses>6575001</misses>
				<total>10</total>
				<timestamp>2167.580851</timestamp>
			</report>
			<report>
				<misses>6576001</misses>
				<total>10</total>
				<timestamp>2167.910545</timestamp>
			</report>
			<report>
				<misses>6577001</misses>
				<total>10</total>
				<timestamp>2168.240188</timestamp>
			</report>
			<report>
				<misses>6578001</misses>
				<total>10</total>
				<timestamp>2168.569853</timestamp>
			</report>
			<report>
				<misses>6579001</misses>
				<total>10</total>
				<timestamp>2168.899511</timestamp>
			</report>
			<report>
				<misses>6580001</misses>
				<total>10</total>
				<timestamp>2169.229211</timestamp>
			</report>
			<report>
				<misses>6581001</misses>
				<total>10</total>
				<timestamp>2169.558861</timestamp>
			</report>
			<report>
				<misses>6582001</misses>
				<total>10</total>
				<timestamp>2169.888523</timestamp>
			</report>
			<report>
				<misses>6583001</misses>
				<total>10</total>
				<timestamp>2170.218208</timestamp>
			</report>
			<report>
				<misses>6584001</misses>
				<total>10</total>
				<timestamp>2170.547868</timestamp>
			</report>
			<report>
				<misses>6585001</misses>
				<total>10</total>
				<timestamp>2170.877541</timestamp>
			</report>
			<report>
				<misses>6586001</misses>
				<total>10</total>
				<timestamp>2171.207281</timestamp>
			</report>
			<report>
				<misses>6587001</misses>
				<total>10</total>
				<timestamp>2171.536886</timestamp>
			</report>
			<report>
				<misses>6588001</misses>
				<total>10</total>
				<timestamp>2171.866557</timestamp>
			</report>
			<report>
				<misses>6589001</misses>
				<total>10</total>
				<timestamp>2172.196251</timestamp>
			</report>
			<report>
				<misses>6590001</misses>
				<total>10</total>
				<timestamp>2172.525888</timestamp>
			</report>
			<report>
				<misses>6591001</misses>
				<total>10</total>
				<timestamp>2172.855562</timestamp>
			</report>
			<report>
				<misses>6592001</misses>
				<total>10</total>
				<timestamp>2173.185349</timestamp>
			</report>
			<report>
				<misses>6593001</misses>
				<total>10</total>
				<timestamp>2173.514912</timestamp>
			</report>
			<report>
				<misses>6594001</misses>
				<total>10</total>
				<timestamp>2173.844611</timestamp>
			</report>
			<report>
				<misses>6595001</misses>
				<total>10</total>
				<timestamp>2174.174268</timestamp>
			</report>
			<report>
				<misses>6596001</misses>
				<total>10</total>
				<timestamp>2174.503916</timestamp>
			</report>
			<report>
				<misses>6597001</misses>
				<total>10</total>
				<timestamp>2174.833571</timestamp>
			</report>
			<report>
				<misses>6598001</misses>
				<total>10</total>
				<timestamp>2175.163298</timestamp>
			</report>
			<report>
				<misses>6599001</misses>
				<total>10</total>
				<timestamp>2175.492931</timestamp>
			</report>
			<report>
				<misses>6600001</misses>
				<total>10</total>
				<timestamp>2175.822594</timestamp>
			</report>
			<report>
				<misses>6601001</misses>
				<total>10</total>
				<timestamp>2176.152327</timestamp>
			</report>
			<report>
				<misses>6602001</misses>
				<total>10</total>
				<timestamp>2176.481944</timestamp>
			</report>
			<report>
				<misses>6603001</misses>
				<total>10</total>
				<timestamp>2176.811615</timestamp>
			</report>
			<report>
				<misses>6604001</misses>
				<total>10</total>
				<timestamp>2177.141327</timestamp>
			</report>
			<report>
				<misses>6605001</misses>
				<total>10</total>
				<timestamp>2177.470946</timestamp>
			</report>
			<report>
				<misses>6606001</misses>
				<total>10</total>
				<timestamp>2177.800601</timestamp>
			</report>
			<report>
				<misses>6607001</misses>
				<total>10</total>
				<timestamp>2178.130313</timestamp>
			</report>
			<report>
				<misses>6608001</misses>
				<total>10</total>
				<timestamp>2178.459932</timestamp>
			</report>
			<report>
				<misses>6609001</misses>
				<total>10</total>
				<timestamp>2178.789632</timestamp>
			</report>
			<report>
				<misses>6610001</misses>
				<total>10</total>
				<timestamp>2179.119314</timestamp>
			</report>
			<report>
				<misses>6611001</misses>
				<total>10</total>
				<timestamp>2179.448945</timestamp>
			</report>
			<report>
				<misses>6612001</misses>
				<total>10</total>
				<timestamp>2179.778630</timestamp>
			</report>
			<report>
				<misses>6613001</misses>
				<total>10</total>
				<timestamp>2180.108376</timestamp>
			</report>
			<report>
				<misses>6614001</misses>
				<total>10</total>
				<timestamp>2180.437968</timestamp>
			</report>
			<report>
				<misses>6615001</misses>
				<total>10</total>
				<timestamp>2180.767651</timestamp>
			</report>
			<report>
				<misses>6616001</misses>
				<total>10</total>
				<timestamp>2181.097392</timestamp>
			</report>
			<report>
				<misses>6617001</misses>
				<total>10</total>
				<timestamp>2181.426984</timestamp>
			</report>
			<report>
				<misses>6618001</misses>
				<total>10</total>
				<timestamp>2181.756646</timestamp>
			</report>
			<report>
				<misses>6619001</misses>
				<total>10</total>
				<timestamp>2182.086397</timestamp>
			</report>
			<report>
				<misses>6620001</misses>
				<total>10</total>
				<timestamp>2182.415991</timestamp>
			</report>
			<report>
				<misses>6621001</misses>
				<total>10</total>
				<timestamp>2182.745674</timestamp>
			</report>
			<report>
				<misses>6622001</misses>
				<total>10</total>
				<timestamp>2183.075338</timestamp>
			</report>
			<report>
				<misses>6623001</misses>
				<total>10</total>
				<timestamp>2183.405010</timestamp>
			</report>
			<report>
				<misses>6624001</misses>
				<total>10</total>
				<timestamp>2183.734683</timestamp>
			</report>
			<report>
				<misses>6625001</misses>
				<total>10</total>
				<timestamp>2184.064357</timestamp>
			</report>
			<report>
				<misses>6626001</misses>
				<total>10</total>
				<timestamp>2184.394015</timestamp>
			</report>
			<report>
				<misses>6627001</misses>
				<total>10</total>
				<timestamp>2184.723676</timestamp>
			</report>
			<report>
				<misses>6628001</misses>
				<total>10</total>
				<timestamp>2185.053353</timestamp>
			</report>
			<report>
				<misses>6629001</misses>
				<total>10</total>
				<timestamp>2185.383016</timestamp>
			</report>
			<report>
				<misses>6630001</misses>
				<total>10</total>
				<timestamp>2185.712689</timestamp>
			</report>
			<report>
				<misses>6631001</misses>
				<total>10</total>
				<timestamp>2186.042372</timestamp>
			</report>
			<report>
				<misses>6632001</misses>
				<total>10</total>
				<timestamp>2186.372034</timestamp>
			</report>
			<report>
				<misses>6633001</misses>
				<total>10</total>
				<timestamp>2186.701726</timestamp>
			</report>
			<report>
				<misses>6634001</misses>
				<total>10</total>
				<timestamp>2187.031403</timestamp>
			</report>
			<report>
				<misses>6635001</misses>
				<total>10</total>
				<timestamp>2187.361047</timestamp>
			</report>
			<report>
				<misses>6636001</misses>
				<total>10</total>
				<timestamp>2187.690706</timestamp>
			</report>
			<report>
				<misses>6637001</misses>
				<total>10</total>
				<timestamp>2188.020379</timestamp>
			</report>
			<report>
				<misses>6638001</misses>
				<total>10</total>
				<timestamp>2188.350126</timestamp>
			</report>
			<report>
				<misses>6639001</misses>
				<total>10</total>
				<timestamp>2188.679714</timestamp>
			</report>
			<report>
				<misses>6640001</misses>
				<total>10</total>
				<timestamp>2189.009401</timestamp>
			</report>
			<report>
				<misses>6641001</misses>
				<total>10</total>
				<timestamp>2189.339094</timestamp>
			</report>
			<report>
				<misses>6642001</misses>
				<total>10</total>
				<timestamp>2189.668772</timestamp>
			</report>
			<report>
				<misses>6643001</misses>
				<total>10</total>
				<timestamp>2189.998498</timestamp>
			</report>
			<report>
				<misses>6644001</misses>
				<total>10</total>
				<timestamp>2190.328158</timestamp>
			</report>
			<report>
				<misses>6645001</misses>
				<total>10</total>
				<timestamp>2190.657754</timestamp>
			</report>
			<report>
				<misses>6646001</misses>
				<total>10</total>
				<timestamp>2190.987421</timestamp>
			</report>
			<report>
				<misses>6647001</misses>
				<total>10</total>
				<timestamp>2191.317109</timestamp>
			</report>
			<report>
				<misses>6648001</misses>
				<total>10</total>
				<timestamp>2191.646750</timestamp>
			</report>
			<report>
				<misses>6649001</misses>
				<total>10</total>
				<timestamp>2191.976422</timestamp>
			</report>
			<report>
				<misses>6650001</misses>
				<total>10</total>
				<timestamp>2192.306098</timestamp>
			</report>
			<report>
				<misses>6651001</misses>
				<total>10</total>
				<timestamp>2192.635769</timestamp>
			</report>
			<report>
				<misses>6652001</misses>
				<total>10</total>
				<timestamp>2192.965424</timestamp>
			</report>
			<report>
				<misses>6653001</misses>
				<total>10</total>
				<timestamp>2193.295125</timestamp>
			</report>
			<report>
				<misses>6654001</misses>
				<total>10</total>
				<timestamp>2193.624783</timestamp>
			</report>
			<report>
				<misses>6655001</misses>
				<total>10</total>
				<timestamp>2193.954432</timestamp>
			</report>
			<report>
				<misses>6656001</misses>
				<total>10</total>
				<timestamp>2194.284191</timestamp>
			</report>
			<report>
				<misses>6657001</misses>
				<total>10</total>
				<timestamp>2194.613852</timestamp>
			</report>
			<report>
				<misses>6658001</misses>
				<total>11</total>
				<timestamp>2194.943477</timestamp>
			</report>
			<report>
				<misses>6659001</misses>
				<total>11</total>
				<timestamp>2195.273180</timestamp>
			</report>
			<report>
				<misses>6660001</misses>
				<total>11</total>
				<timestamp>2195.602822</timestamp>
			</report>
			<report>
				<misses>6661001</misses>
				<total>11</total>
				<timestamp>2195.932456</timestamp>
			</report>
			<report>
				<misses>6662001</misses>
				<total>11</total>
				<timestamp>2196.262169</timestamp>
			</report>
			<report>
				<misses>6663001</misses>
				<total>11</total>
				<timestamp>2196.591795</timestamp>
			</report>
			<report>
				<misses>6664001</misses>
				<total>11</total>
				<timestamp>2196.921459</timestamp>
			</report>
			<report>
				<misses>6665001</misses>
				<total>11</total>
				<timestamp>2197.251210</timestamp>
			</report>
			<report>
				<misses>6666001</misses>
				<total>11</total>
				<timestamp>2197.580857</timestamp>
			</report>
			<report>
				<misses>6667001</misses>
				<total>11</total>
				<timestamp>2197.910474</timestamp>
			</report>
			<report>
				<misses>6668001</misses>
				<total>11</total>
				<timestamp>2198.240304</timestamp>
			</report>
			<report>
				<misses>6669001</misses>
				<total>11</total>
				<timestamp>2198.569837</timestamp>
			</report>
			<report>
				<misses>6670001</misses>
				<total>11</total>
				<timestamp>2198.899496</timestamp>
			</report>
			<report>
				<misses>6671001</misses>
				<total>11</total>
				<timestamp>2199.229224</timestamp>
			</report>
			<report>
				<misses>6672001</misses>
				<total>11</total>
				<timestamp>2199.558830</timestamp>
			</report>
			<report>
				<misses>6673001</misses>
				<total>11</total>
				<timestamp>2199.888511</timestamp>
			</report>
			<report>
				<misses>6674001</misses>
				<total>11</total>
				<timestamp>2200.218268</timestamp>
			</report>
			<report>
				<misses>6675001</misses>
				<total>11</total>
				<timestamp>2200.547835</timestamp>
			</report>
			<report>
				<misses>6676001</misses>
				<total>11</total>
				<timestamp>2200.877514</timestamp>
			</report>
			<report>
				<misses>6677001</misses>
				<total>11</total>
				<timestamp>2201.207204</timestamp>
			</report>
			<report>
				<misses>6678001</misses>
				<total>11</total>
				<timestamp>2201.536879</timestamp>
			</report>
			<report>
				<misses>6679001</misses>
				<total>11</total>
				<timestamp>2201.866504</timestamp>
			</report>
			<report>
				<misses>6680001</misses>
				<total>11</total>
				<timestamp>2202.196256</timestamp>
			</report>
			<report>
				<misses>6681001</misses>
				<total>11</total>
				<timestamp>2202.525875</timestamp>
			</report>
			<report>
				<misses>6682001</misses>
				<total>11</total>
				<timestamp>2202.855543</timestamp>
			</report>
			<report>
				<misses>6683001</misses>
				<total>11</total>
				<timestamp>2203.185209</timestamp>
			</report>
			<report>
				<misses>6684001</misses>
				<total>11</total>
				<timestamp>2203.514892</timestamp>
			</report>
			<report>
				<misses>6685001</misses>
				<total>11</total>
				<timestamp>2203.844538</timestamp>
			</report>
			<report>
				<misses>6686001</misses>
				<total>11</total>
				<timestamp>2204.174271</timestamp>
			</report>
			<report>
				<misses>6687001</misses>
				<total>11</total>
				<timestamp>2204.503877</timestamp>
			</report>
			<report>
				<misses>6688001</misses>
				<total>11</total>
				<timestamp>2204.833544</timestamp>
			</report>
			<report>
				<misses>6689001</misses>
				<total>11</total>
				<timestamp>2205.163297</timestamp>
			</report>
			<report>
				<misses>6690001</misses>
				<total>11</total>
				<timestamp>2205.492883</timestamp>
			</report>
			<report>
				<misses>6691001</misses>
				<total>11</total>
				<timestamp>2205.822546</timestamp>
			</report>
			<report>
				<misses>6692001</misses>
				<total>11</total>
				<timestamp>2206.152248</timestamp>
			</report>
			<report>
				<misses>6693001</misses>
				<total>11</total>
				<timestamp>2206.481899</timestamp>
			</report>
			<report>
				<misses>6694001</misses>
				<total>11</total>
				<timestamp>2206.811570</timestamp>
			</report>
			<report>
				<misses>6695001</misses>
				<total>11</total>
				<timestamp>2207.141276</timestamp>
			</report>
			<report>
				<misses>6696001</misses>
				<total>11</total>
				<timestamp>2207.470918</timestamp>
			</report>
			<report>
				<misses>6697001</misses>
				<total>11</total>
				<timestamp>2207.800628</timestamp>
			</report>
			<report>
				<misses>6698001</misses>
				<total>11</total>
				<timestamp>2208.130267</timestamp>
			</report>
			<report>
				<misses>6699001</misses>
				<total>11</total>
				<timestamp>2208.459918</timestamp>
			</report>
			<report>
				<misses>6700001</misses>
				<total>11</total>
				<timestamp>2208.789590</timestamp>
			</report>
			<report>
				<misses>6701001</misses>
				<total>11</total>
				<timestamp>2209.119278</timestamp>
			</report>
			<report>
				<misses>6702001</misses>
				<total>11</total>
				<timestamp>2209.448940</timestamp>
			</report>
			<report>
				<misses>6703001</misses>
				<total>11</total>
				<timestamp>2209.778608</timestamp>
			</report>
			<report>
				<misses>6704001</misses>
				<total>11</total>
				<timestamp>2210.108296</timestamp>
			</report>
			<report>
				<misses>6705001</misses>
				<total>11</total>
				<timestamp>2210.438012</timestamp>
			</report>
			<report>
				<misses>6706001</misses>
				<total>11</total>
				<timestamp>2210.767602</timestamp>
			</report>
			<report>
				<misses>6707001</misses>
				<total>11</total>
				<timestamp>2211.097289</timestamp>
			</report>
			<report>
				<misses>6708001</misses>
				<total>11</total>
				<timestamp>2211.427015</timestamp>
			</report>
			<report>
				<misses>6709001</misses>
				<total>11</total>
				<timestamp>2211.756626</timestamp>
			</report>
			<report>
				<misses>6710001</misses>
				<total>11</total>
				<timestamp>2212.086309</timestamp>
			</report>
			<report>
				<misses>6711001</misses>
				<total>11</total>
				<timestamp>2212.416022</timestamp>
			</report>
			<report>
				<misses>6712001</misses>
				<total>11</total>
				<timestamp>2212.745643</timestamp>
			</report>
			<report>
				<misses>6713001</misses>
				<total>11</total>
				<timestamp>2213.075317</timestamp>
			</report>
			<report>
				<misses>6714001</misses>
				<total>11</total>
				<timestamp>2213.404965</timestamp>
			</report>
			<report>
				<misses>6715001</misses>
				<total>11</total>
				<timestamp>2213.734648</timestamp>
			</report>
			<report>
				<misses>6716001</misses>
				<total>11</total>
				<timestamp>2214.064303</timestamp>
			</report>
			<report>
				<misses>6717001</misses>
				<total>11</total>
				<timestamp>2214.394026</timestamp>
			</report>
			<report>
				<misses>6718001</misses>
				<total>11</total>
				<timestamp>2214.723645</timestamp>
			</report>
			<report>
				<misses>6719001</misses>
				<total>11</total>
				<timestamp>2215.053309</timestamp>
			</report>
			<report>
				<misses>6720001</misses>
				<total>11</total>
				<timestamp>2215.382984</timestamp>
			</report>
			<report>
				<misses>6721001</misses>
				<total>11</total>
				<timestamp>2215.712663</timestamp>
			</report>
			<report>
				<misses>6722001</misses>
				<total>11</total>
				<timestamp>2216.042339</timestamp>
			</report>
			<report>
				<misses>6723001</misses>
				<total>11</total>
				<timestamp>2216.372067</timestamp>
			</report>
			<report>
				<misses>6724001</misses>
				<total>11</total>
				<timestamp>2216.701708</timestamp>
			</report>
			<report>
				<misses>6725001</misses>
				<total>11</total>
				<timestamp>2217.031347</timestamp>
			</report>
			<report>
				<misses>6726001</misses>
				<total>11</total>
				<timestamp>2217.361079</timestamp>
			</report>
			<report>
				<misses>6727001</misses>
				<total>11</total>
				<timestamp>2217.690678</timestamp>
			</report>
			<report>
				<misses>6728001</misses>
				<total>11</total>
				<timestamp>2218.020359</timestamp>
			</report>
			<report>
				<misses>6729001</misses>
				<total>11</total>
				<timestamp>2218.350076</timestamp>
			</report>
			<report>
				<misses>6730001</misses>
				<total>11</total>
				<timestamp>2218.679686</timestamp>
			</report>
			<report>
				<misses>6731001</misses>
				<total>11</total>
				<timestamp>2219.009353</timestamp>
			</report>
			<report>
				<misses>6732001</misses>
				<total>11</total>
				<timestamp>2219.339067</timestamp>
			</report>
			<report>
				<misses>6733001</misses>
				<total>11</total>
				<timestamp>2219.668702</timestamp>
			</report>
			<report>
				<misses>6734001</misses>
				<total>11</total>
				<timestamp>2219.998376</timestamp>
			</report>
			<report>
				<misses>6735001</misses>
				<total>11</total>
				<timestamp>2220.328031</timestamp>
			</report>
			<report>
				<misses>6736001</misses>
				<total>11</total>
				<timestamp>2220.657698</timestamp>
			</report>
			<report>
				<misses>6737001</misses>
				<total>11</total>
				<timestamp>2220.987374</timestamp>
			</report>
			<report>
				<misses>6738001</misses>
				<total>11</total>
				<timestamp>2221.317083</timestamp>
			</report>
			<report>
				<misses>6739001</misses>
				<total>11</total>
				<timestamp>2221.646732</timestamp>
			</report>
			<report>
				<misses>6740001</misses>
				<total>11</total>
				<timestamp>2221.976405</timestamp>
			</report>
			<report>
				<misses>6741001</misses>
				<total>11</total>
				<timestamp>2222.306141</timestamp>
			</report>
			<report>
				<misses>6742001</misses>
				<total>11</total>
				<timestamp>2222.635732</timestamp>
			</report>
			<report>
				<misses>6743001</misses>
				<total>11</total>
				<timestamp>2222.965402</timestamp>
			</report>
			<report>
				<misses>6744001</misses>
				<total>11</total>
				<timestamp>2223.295105</timestamp>
			</report>
			<report>
				<misses>6745001</misses>
				<total>11</total>
				<timestamp>2223.624740</timestamp>
			</report>
			<report>
				<misses>6746001</misses>
				<total>11</total>
				<timestamp>2223.954416</timestamp>
			</report>
			<report>
				<misses>6747001</misses>
				<total>11</total>
				<timestamp>2224.284128</timestamp>
			</report>
			<report>
				<misses>6748001</misses>
				<total>11</total>
				<timestamp>2224.613752</timestamp>
			</report>
			<report>
				<misses>6749001</misses>
				<total>11</total>
				<timestamp>2224.943410</timestamp>
			</report>
			<report>
				<misses>6750001</misses>
				<total>11</total>
				<timestamp>2225.273130</timestamp>
			</report>
			<report>
				<misses>6751001</misses>
				<total>11</total>
				<timestamp>2225.602763</timestamp>
			</report>
			<report>
				<misses>6752001</misses>
				<total>11</total>
				<timestamp>2225.932481</timestamp>
			</report>
			<report>
				<misses>6753001</misses>
				<total>11</total>
				<timestamp>2226.262113</timestamp>
			</report>
			<report>
				<misses>6754001</misses>
				<total>11</total>
				<timestamp>2226.591771</timestamp>
			</report>
			<report>
				<misses>6755001</misses>
				<total>11</total>
				<timestamp>2226.921433</timestamp>
			</report>
			<report>
				<misses>6756001</misses>
				<total>11</total>
				<timestamp>2227.251145</timestamp>
			</report>
			<report>
				<misses>6757001</misses>
				<total>11</total>
				<timestamp>2227.580788</timestamp>
			</report>
			<report>
				<misses>6758001</misses>
				<total>11</total>
				<timestamp>2227.910454</timestamp>
			</report>
			<report>
				<misses>6759001</misses>
				<total>11</total>
				<timestamp>2228.240159</timestamp>
			</report>
			<report>
				<misses>6760001</misses>
				<total>11</total>
				<timestamp>2228.569791</timestamp>
			</report>
			<report>
				<misses>6761001</misses>
				<total>11</total>
				<timestamp>2228.899472</timestamp>
			</report>
			<report>
				<misses>6762001</misses>
				<total>11</total>
				<timestamp>2229.229162</timestamp>
			</report>
			<report>
				<misses>6763001</misses>
				<total>11</total>
				<timestamp>2229.558827</timestamp>
			</report>
			<report>
				<misses>6764001</misses>
				<total>11</total>
				<timestamp>2229.888475</timestamp>
			</report>
			<report>
				<misses>6765001</misses>
				<total>11</total>
				<timestamp>2230.218131</timestamp>
			</report>
			<report>
				<misses>6766001</misses>
				<total>11</total>
				<timestamp>2230.547808</timestamp>
			</report>
			<report>
				<misses>6767001</misses>
				<total>11</total>
				<timestamp>2230.877485</timestamp>
			</report>
			<report>
				<misses>6768001</misses>
				<total>11</total>
				<timestamp>2231.207153</timestamp>
			</report>
			<report>
				<misses>6769001</misses>
				<total>11</total>
				<timestamp>2231.536810</timestamp>
			</report>
			<report>
				<misses>6770001</misses>
				<total>11</total>
				<timestamp>2231.866481</timestamp>
			</report>
			<report>
				<misses>6771001</misses>
				<total>11</total>
				<timestamp>2232.196160</timestamp>
			</report>
			<report>
				<misses>6772001</misses>
				<total>11</total>
				<timestamp>2232.525827</timestamp>
			</report>
			<report>
				<misses>6773001</misses>
				<total>11</total>
				<timestamp>2232.855496</timestamp>
			</report>
			<report>
				<misses>6774001</misses>
				<total>11</total>
				<timestamp>2233.185238</timestamp>
			</report>
			<report>
				<misses>6775001</misses>
				<total>11</total>
				<timestamp>2233.514883</timestamp>
			</report>
			<report>
				<misses>6776001</misses>
				<total>11</total>
				<timestamp>2233.844508</timestamp>
			</report>
			<report>
				<misses>6777001</misses>
				<total>11</total>
				<timestamp>2234.174195</timestamp>
			</report>
			<report>
				<misses>6778001</misses>
				<total>11</total>
				<timestamp>2234.503873</timestamp>
			</report>
			<report>
				<misses>6779001</misses>
				<total>11</total>
				<timestamp>2234.833530</timestamp>
			</report>
			<report>
				<misses>6780001</misses>
				<total>11</total>
				<timestamp>2235.163201</timestamp>
			</report>
			<report>
				<misses>6781001</misses>
				<total>11</total>
				<timestamp>2235.492874</timestamp>
			</report>
			<report>
				<misses>6782001</misses>
				<total>11</total>
				<timestamp>2235.822518</timestamp>
			</report>
			<report>
				<misses>6783001</misses>
				<total>11</total>
				<timestamp>2236.152196</timestamp>
			</report>
			<report>
				<misses>6784001</misses>
				<total>11</total>
				<timestamp>2236.481902</timestamp>
			</report>
			<report>
				<misses>6785001</misses>
				<total>11</total>
				<timestamp>2236.811532</timestamp>
			</report>
			<report>
				<misses>6786001</misses>
				<total>11</total>
				<timestamp>2237.141221</timestamp>
			</report>
			<report>
				<misses>6787001</misses>
				<total>11</total>
				<timestamp>2237.470970</timestamp>
			</report>
			<report>
				<misses>6788001</misses>
				<total>11</total>
				<timestamp>2237.800563</timestamp>
			</report>
			<report>
				<misses>6789001</misses>
				<total>11</total>
				<timestamp>2238.130208</timestamp>
			</report>
			<report>
				<misses>6790001</misses>
				<total>11</total>
				<timestamp>2238.459941</timestamp>
			</report>
			<report>
				<misses>6791001</misses>
				<total>11</total>
				<timestamp>2238.789558</timestamp>
			</report>
			<report>
				<misses>6792001</misses>
				<total>11</total>
				<timestamp>2239.119219</timestamp>
			</report>
			<report>
				<misses>6793001</misses>
				<total>11</total>
				<timestamp>2239.448977</timestamp>
			</report>
			<report>
				<misses>6794001</misses>
				<total>11</total>
				<timestamp>2239.778576</timestamp>
			</report>
			<report>
				<misses>6795001</misses>
				<total>11</total>
				<timestamp>2240.108182</timestamp>
			</report>
			<report>
				<misses>6796001</misses>
				<total>11</total>
				<timestamp>2240.437969</timestamp>
			</report>
			<report>
				<misses>6797001</misses>
				<total>11</total>
				<timestamp>2240.767580</timestamp>
			</report>
			<report>
				<misses>6798001</misses>
				<total>11</total>
				<timestamp>2241.097301</timestamp>
			</report>
			<report>
				<misses>6799001</misses>
				<total>11</total>
				<timestamp>2241.426966</timestamp>
			</report>
			<report>
				<misses>6800001</misses>
				<total>11</total>
				<timestamp>2241.756587</timestamp>
			</report>
			<report>
				<misses>6801001</misses>
				<total>11</total>
				<timestamp>2242.086248</timestamp>
			</report>
			<report>
				<misses>6802001</misses>
				<total>11</total>
				<timestamp>2242.416035</timestamp>
			</report>
			<report>
				<misses>6803001</misses>
				<total>11</total>
				<timestamp>2242.745605</timestamp>
			</report>
			<report>
				<misses>6804001</misses>
				<total>11</total>
				<timestamp>2243.075267</timestamp>
			</report>
			<report>
				<misses>6805001</misses>
				<total>11</total>
				<timestamp>2243.404992</timestamp>
			</report>
			<report>
				<misses>6806001</misses>
				<total>11</total>
				<timestamp>2243.734616</timestamp>
			</report>
			<report>
				<misses>6807001</misses>
				<total>11</total>
				<timestamp>2244.064270</timestamp>
			</report>
			<report>
				<misses>6808001</misses>
				<total>11</total>
				<timestamp>2244.393958</timestamp>
			</report>
			<report>
				<misses>6809001</misses>
				<total>11</total>
				<timestamp>2244.723610</timestamp>
			</report>
			<report>
				<misses>6810001</misses>
				<total>11</total>
				<timestamp>2245.053295</timestamp>
			</report>
			<report>
				<misses>6811001</misses>
				<total>11</total>
				<timestamp>2245.383073</timestamp>
			</report>
			<report>
				<misses>6812001</misses>
				<total>11</total>
				<timestamp>2245.712621</timestamp>
			</report>
			<report>
				<misses>6813001</misses>
				<total>11</total>
				<timestamp>2246.042292</timestamp>
			</report>
			<report>
				<misses>6814001</misses>
				<total>11</total>
				<timestamp>2246.371990</timestamp>
			</report>
			<report>
				<misses>6815001</misses>
				<total>11</total>
				<timestamp>2246.701633</timestamp>
			</report>
			<report>
				<misses>6816001</misses>
				<total>11</total>
				<timestamp>2247.031317</timestamp>
			</report>
			<report>
				<misses>6817001</misses>
				<total>11</total>
				<timestamp>2247.360968</timestamp>
			</report>
			<report>
				<misses>6818001</misses>
				<total>11</total>
				<timestamp>2247.690644</timestamp>
			</report>
			<report>
				<misses>6819001</misses>
				<total>11</total>
				<timestamp>2248.020320</timestamp>
			</report>
			<report>
				<misses>6820001</misses>
				<total>11</total>
				<timestamp>2248.349993</timestamp>
			</report>
			<report>
				<misses>6821001</misses>
				<total>11</total>
				<timestamp>2248.679674</timestamp>
			</report>
			<report>
				<misses>6822001</misses>
				<total>11</total>
				<timestamp>2249.009323</timestamp>
			</report>
			<report>
				<misses>6823001</misses>
				<total>11</total>
				<timestamp>2249.339015</timestamp>
			</report>
			<report>
				<misses>6824001</misses>
				<total>11</total>
				<timestamp>2249.668662</timestamp>
			</report>
			<report>
				<misses>6825001</misses>
				<total>11</total>
				<timestamp>2249.998348</timestamp>
			</report>
			<report>
				<misses>6826001</misses>
				<total>11</total>
				<timestamp>2250.328030</timestamp>
			</report>
			<report>
				<misses>6827001</misses>
				<total>11</total>
				<timestamp>2250.657682</timestamp>
			</report>
			<report>
				<misses>6828001</misses>
				<total>11</total>
				<timestamp>2250.987342</timestamp>
			</report>
			<report>
				<misses>6829001</misses>
				<total>11</total>
				<timestamp>2251.317021</timestamp>
			</report>
			<report>
				<misses>6830001</misses>
				<total>11</total>
				<timestamp>2251.646708</timestamp>
			</report>
			<report>
				<misses>6831001</misses>
				<total>11</total>
				<timestamp>2251.976380</timestamp>
			</report>
			<report>
				<misses>6832001</misses>
				<total>11</total>
				<timestamp>2252.306080</timestamp>
			</report>
			<report>
				<misses>6833001</misses>
				<total>11</total>
				<timestamp>2252.635751</timestamp>
			</report>
			<report>
				<misses>6834001</misses>
				<total>11</total>
				<timestamp>2252.965375</timestamp>
			</report>
			<report>
				<misses>6835001</misses>
				<total>11</total>
				<timestamp>2253.295033</timestamp>
			</report>
			<report>
				<misses>6836001</misses>
				<total>11</total>
				<timestamp>2253.624734</timestamp>
			</report>
			<report>
				<misses>6837001</misses>
				<total>11</total>
				<timestamp>2253.954382</timestamp>
			</report>
			<report>
				<misses>6838001</misses>
				<total>11</total>
				<timestamp>2254.284045</timestamp>
			</report>
			<report>
				<misses>6839001</misses>
				<total>11</total>
				<timestamp>2254.613780</timestamp>
			</report>
			<report>
				<misses>6840001</misses>
				<total>11</total>
				<timestamp>2254.943416</timestamp>
			</report>
			<report>
				<misses>6841001</misses>
				<total>11</total>
				<timestamp>2255.273067</timestamp>
			</report>
			<report>
				<misses>6842001</misses>
				<total>11</total>
				<timestamp>2255.602789</timestamp>
			</report>
			<report>
				<misses>6843001</misses>
				<total>11</total>
				<timestamp>2255.932406</timestamp>
			</report>
			<report>
				<misses>6844001</misses>
				<total>11</total>
				<timestamp>2256.262083</timestamp>
			</report>
			<report>
				<misses>6845001</misses>
				<total>11</total>
				<timestamp>2256.591816</timestamp>
			</report>
			<report>
				<misses>6846001</misses>
				<total>11</total>
				<timestamp>2256.921410</timestamp>
			</report>
			<report>
				<misses>6847001</misses>
				<total>11</total>
				<timestamp>2257.251076</timestamp>
			</report>
			<report>
				<misses>6848001</misses>
				<total>11</total>
				<timestamp>2257.580774</timestamp>
			</report>
			<report>
				<misses>6849001</misses>
				<total>11</total>
				<timestamp>2257.910410</timestamp>
			</report>
			<report>
				<misses>6850001</misses>
				<total>11</total>
				<timestamp>2258.240138</timestamp>
			</report>
			<report>
				<misses>6851001</misses>
				<total>11</total>
				<timestamp>2258.569874</timestamp>
			</report>
			<report>
				<misses>6852001</misses>
				<total>11</total>
				<timestamp>2258.899508</timestamp>
			</report>
			<report>
				<misses>6853001</misses>
				<total>11</total>
				<timestamp>2259.229099</timestamp>
			</report>
			<report>
				<misses>6854001</misses>
				<total>11</total>
				<timestamp>2259.558824</timestamp>
			</report>
			<report>
				<misses>6855001</misses>
				<total>11</total>
				<timestamp>2259.888445</timestamp>
			</report>
			<report>
				<misses>6856001</misses>
				<total>11</total>
				<timestamp>2260.218101</timestamp>
			</report>
			<report>
				<misses>6857001</misses>
				<total>11</total>
				<timestamp>2260.547865</timestamp>
			</report>
			<report>
				<misses>6858001</misses>
				<total>11</total>
				<timestamp>2260.877443</timestamp>
			</report>
			<report>
				<misses>6859001</misses>
				<total>11</total>
				<timestamp>2261.207151</timestamp>
			</report>
			<report>
				<misses>6860001</misses>
				<total>11</total>
				<timestamp>2261.536856</timestamp>
			</report>
			<report>
				<misses>6861001</misses>
				<total>11</total>
				<timestamp>2261.866453</timestamp>
			</report>
			<report>
				<misses>6862001</misses>
				<total>11</total>
				<timestamp>2262.196156</timestamp>
			</report>
			<report>
				<misses>6863001</misses>
				<total>11</total>
				<timestamp>2262.525819</timestamp>
			</report>
			<report>
				<misses>6864001</misses>
				<total>11</total>
				<timestamp>2262.855476</timestamp>
			</report>
			<report>
				<misses>6865001</misses>
				<total>11</total>
				<timestamp>2263.185137</timestamp>
			</report>
			<report>
				<misses>6866001</misses>
				<total>11</total>
				<timestamp>2263.514919</timestamp>
			</report>
			<report>
				<misses>6867001</misses>
				<total>11</total>
				<timestamp>2263.844485</timestamp>
			</report>
			<report>
				<misses>6868001</misses>
				<total>11</total>
				<timestamp>2264.174153</timestamp>
			</report>
			<report>
				<misses>6869001</misses>
				<total>11</total>
				<timestamp>2264.503864</timestamp>
			</report>
			<report>
				<misses>6870001</misses>
				<total>11</total>
				<timestamp>2264.833479</timestamp>
			</report>
			<report>
				<misses>6871001</misses>
				<total>11</total>
				<timestamp>2265.163199</timestamp>
			</report>
			<report>
				<misses>6872001</misses>
				<total>11</total>
				<timestamp>2265.492919</timestamp>
			</report>
			<report>
				<misses>6873001</misses>
				<total>11</total>
				<timestamp>2265.822497</timestamp>
			</report>
			<report>
				<misses>6874001</misses>
				<total>11</total>
				<timestamp>2266.152174</timestamp>
			</report>
			<report>
				<misses>6875001</misses>
				<total>11</total>
				<timestamp>2266.481878</timestamp>
			</report>
			<report>
				<misses>6876001</misses>
				<total>11</total>
				<timestamp>2266.811522</timestamp>
			</report>
			<report>
				<misses>6877001</misses>
				<total>11</total>
				<timestamp>2267.141184</timestamp>
			</report>
			<report>
				<misses>6878001</misses>
				<total>11</total>
				<timestamp>2267.470913</timestamp>
			</report>
			<report>
				<misses>6879001</misses>
				<total>11</total>
				<timestamp>2267.800514</timestamp>
			</report>
			<report>
				<misses>6880001</misses>
				<total>11</total>
				<timestamp>2268.130177</timestamp>
			</report>
			<report>
				<misses>6881001</misses>
				<total>11</total>
				<timestamp>2268.459934</timestamp>
			</report>
			<report>
				<misses>6882001</misses>
				<total>11</total>
				<timestamp>2268.789594</timestamp>
			</report>
			<report>
				<misses>6883001</misses>
				<total>11</total>
				<timestamp>2269.119195</timestamp>
			</report>
			<report>
				<misses>6884001</misses>
				<total>11</total>
				<timestamp>2269.448917</timestamp>
			</report>
			<report>
				<misses>6885001</misses>
				<total>11</total>
				<timestamp>2269.778563</timestamp>
			</report>
			<report>
				<misses>6886001</misses>
				<total>11</total>
				<timestamp>2270.108221</timestamp>
			</report>
			<report>
				<misses>6887001</misses>
				<total>11</total>
				<timestamp>2270.437916</timestamp>
			</report>
			<report>
				<misses>6888001</misses>
				<total>11</total>
				<timestamp>2270.767550</timestamp>
			</report>
			<report>
				<misses>6889001</misses>
				<total>11</total>
				<timestamp>2271.097234</timestamp>
			</report>
			<report>
				<misses>6890001</misses>
				<total>11</total>
				<timestamp>2271.426885</timestamp>
			</report>
			<report>
				<misses>6891001</misses>
				<total>11</total>
				<timestamp>2271.756564</timestamp>
			</report>
			<report>
				<misses>6892001</misses>
				<total>11</total>
				<timestamp>2272.086239</timestamp>
			</report>
			<report>
				<misses>6893001</misses>
				<total>11</total>
				<timestamp>2272.415944</timestamp>
			</report>
			<report>
				<misses>6894001</misses>
				<total>11</total>
				<timestamp>2272.745638</timestamp>
			</report>
			<report>
				<misses>6895001</misses>
				<total>11</total>
				<timestamp>2273.075236</timestamp>
			</report>
			<report>
				<misses>6896001</misses>
				<total>11</total>
				<timestamp>2273.404919</timestamp>
			</report>
			<report>
				<misses>6897001</misses>
				<total>11</total>
				<timestamp>2273.734586</timestamp>
			</report>
			<report>
				<misses>6898001</misses>
				<total>11</total>
				<timestamp>2274.064247</timestamp>
			</report>
			<report>
				<misses>6899001</misses>
				<total>11</total>
				<timestamp>2274.393937</timestamp>
			</report>
			<report>
				<misses>6900001</misses>
				<total>11</total>
				<timestamp>2274.723593</timestamp>
			</report>
			<report>
				<misses>6901001</misses>
				<total>11</total>
				<timestamp>2275.053274</timestamp>
			</report>
			<report>
				<misses>6902001</misses>
				<total>11</total>
				<timestamp>2275.382930</timestamp>
			</report>
			<report>
				<misses>6903001</misses>
				<total>11</total>
				<timestamp>2275.712648</timestamp>
			</report>
			<report>
				<misses>6904001</misses>
				<total>11</total>
				<timestamp>2276.042276</timestamp>
			</report>
			<report>
				<misses>6905001</misses>
				<total>11</total>
				<timestamp>2276.371954</timestamp>
			</report>
			<report>
				<misses>6906001</misses>
				<total>11</total>
				<timestamp>2276.701634</timestamp>
			</report>
			<report>
				<misses>6907001</misses>
				<total>11</total>
				<timestamp>2277.031274</timestamp>
			</report>
			<report>
				<misses>6908001</misses>
				<total>11</total>
				<timestamp>2277.360962</timestamp>
			</report>
			<report>
				<misses>6909001</misses>
				<total>11</total>
				<timestamp>2277.690739</timestamp>
			</report>
			<report>
				<misses>6910001</misses>
				<total>11</total>
				<timestamp>2278.020285</timestamp>
			</report>
			<report>
				<misses>6911001</misses>
				<total>11</total>
				<timestamp>2278.349953</timestamp>
			</report>
			<report>
				<misses>6912001</misses>
				<total>11</total>
				<timestamp>2278.679643</timestamp>
			</report>
			<report>
				<misses>6913001</misses>
				<total>11</total>
				<timestamp>2279.009306</timestamp>
			</report>
			<report>
				<misses>6914001</misses>
				<total>11</total>
				<timestamp>2279.338959</timestamp>
			</report>
			<report>
				<misses>6915001</misses>
				<total>11</total>
				<timestamp>2279.668747</timestamp>
			</report>
			<report>
				<misses>6916001</misses>
				<total>11</total>
				<timestamp>2279.998290</timestamp>
			</report>
			<report>
				<misses>6917001</misses>
				<total>11</total>
				<timestamp>2280.327982</timestamp>
			</report>
			<report>
				<misses>6918001</misses>
				<total>11</total>
				<timestamp>2280.657648</timestamp>
			</report>
			<report>
				<misses>6919001</misses>
				<total>13</total>
				<timestamp>2280.987325</timestamp>
			</report>
			<report>
				<misses>6920001</misses>
				<total>13</total>
				<timestamp>2281.316999</timestamp>
			</report>
			<report>
				<misses>6921001</misses>
				<total>13</total>
				<timestamp>2281.646722</timestamp>
			</report>
			<report>
				<misses>6922001</misses>
				<total>13</total>
				<timestamp>2281.976321</timestamp>
			</report>
			<report>
				<misses>6923001</misses>
				<total>13</total>
				<timestamp>2282.305994</timestamp>
			</report>
			<report>
				<misses>6924001</misses>
				<total>13</total>
				<timestamp>2282.635672</timestamp>
			</report>
			<report>
				<misses>6925001</misses>
				<total>13</total>
				<timestamp>2282.965326</timestamp>
			</report>
			<report>
				<misses>6926001</misses>
				<total>13</total>
				<timestamp>2283.294993</timestamp>
			</report>
			<report>
				<misses>6927001</misses>
				<total>13</total>
				<timestamp>2283.624774</timestamp>
			</report>
			<report>
				<misses>6928001</misses>
				<total>13</total>
				<timestamp>2283.954357</timestamp>
			</report>
			<report>
				<misses>6929001</misses>
				<total>13</total>
				<timestamp>2284.284036</timestamp>
			</report>
			<report>
				<misses>6930001</misses>
				<total>13</total>
				<timestamp>2284.613732</timestamp>
			</report>
			<report>
				<misses>6931001</misses>
				<total>13</total>
				<timestamp>2284.943348</timestamp>
			</report>
			<report>
				<misses>6932001</misses>
				<total>13</total>
				<timestamp>2285.273027</timestamp>
			</report>
			<report>
				<misses>6933001</misses>
				<total>13</total>
				<timestamp>2285.602723</timestamp>
			</report>
			<report>
				<misses>6934001</misses>
				<total>13</total>
				<timestamp>2285.932365</timestamp>
			</report>
			<report>
				<misses>6935001</misses>
				<total>13</total>
				<timestamp>2286.262039</timestamp>
			</report>
			<report>
				<misses>6936001</misses>
				<total>13</total>
				<timestamp>2286.591829</timestamp>
			</report>
			<report>
				<misses>6937001</misses>
				<total>13</total>
				<timestamp>2286.921386</timestamp>
			</report>
			<report>
				<misses>6938001</misses>
				<total>13</total>
				<timestamp>2287.251049</timestamp>
			</report>
			<report>
				<misses>6939001</misses>
				<total>13</total>
				<timestamp>2287.580766</timestamp>
			</report>
			<report>
				<misses>6940001</misses>
				<total>13</total>
				<timestamp>2287.910392</timestamp>
			</report>
			<report>
				<misses>6941001</misses>
				<total>13</total>
				<timestamp>2288.240078</timestamp>
			</report>
			<report>
				<misses>6942001</misses>
				<total>13</total>
				<timestamp>2288.569739</timestamp>
			</report>
			<report>
				<misses>6943001</misses>
				<total>13</total>
				<timestamp>2288.899400</timestamp>
			</report>
			<report>
				<misses>6944001</misses>
				<total>13</total>
				<timestamp>2289.229091</timestamp>
			</report>
			<report>
				<misses>6945001</misses>
				<total>13</total>
				<timestamp>2289.558807</timestamp>
			</report>
			<report>
				<misses>6946001</misses>
				<total>13</total>
				<timestamp>2289.888401</timestamp>
			</report>
			<report>
				<misses>6947001</misses>
				<total>13</total>
				<timestamp>2290.218079</timestamp>
			</report>
			<report>
				<misses>6948001</misses>
				<total>13</total>
				<timestamp>2290.547836</timestamp>
			</report>
			<report>
				<misses>6949001</misses>
				<total>13</total>
				<timestamp>2290.877409</timestamp>
			</report>
			<report>
				<misses>6950001</misses>
				<total>13</total>
				<timestamp>2291.207095</timestamp>
			</report>
			<report>
				<misses>6951001</misses>
				<total>13</total>
				<timestamp>2291.536829</timestamp>
			</report>
			<report>
				<misses>6952001</misses>
				<total>13</total>
				<timestamp>2291.866433</timestamp>
			</report>
			<report>
				<misses>6953001</misses>
				<total>13</total>
				<timestamp>2292.196102</timestamp>
			</report>
			<report>
				<misses>6954001</misses>
				<total>13</total>
				<timestamp>2292.525854</timestamp>
			</report>
			<report>
				<misses>6955001</misses>
				<total>13</total>
				<timestamp>2292.855434</timestamp>
			</report>
			<report>
				<misses>6956001</misses>
				<total>13</total>
				<timestamp>2293.185101</timestamp>
			</report>
			<report>
				<misses>6957001</misses>
				<total>13</total>
				<timestamp>2293.514804</timestamp>
			</report>
			<report>
				<misses>6958001</misses>
				<total>13</total>
				<timestamp>2293.844457</timestamp>
			</report>
			<report>
				<misses>6959001</misses>
				<total>13</total>
				<timestamp>2294.174187</timestamp>
			</report>
			<report>
				<misses>6960001</misses>
				<total>13</total>
				<timestamp>2294.503819</timestamp>
			</report>
			<report>
				<misses>6961001</misses>
				<total>13</total>
				<timestamp>2294.833459</timestamp>
			</report>
			<report>
				<misses>6962001</misses>
				<total>13</total>
				<timestamp>2295.163138</timestamp>
			</report>
			<report>
				<misses>6963001</misses>
				<total>13</total>
				<timestamp>2295.492827</timestamp>
			</report>
			<report>
				<misses>6964001</misses>
				<total>13</total>
				<timestamp>2295.822470</timestamp>
			</report>
			<report>
				<misses>6965001</misses>
				<total>13</total>
				<timestamp>2296.152164</timestamp>
			</report>
			<report>
				<misses>6966001</misses>
				<total>13</total>
				<timestamp>2296.481863</timestamp>
			</report>
			<report>
				<misses>6967001</misses>
				<total>13</total>
				<timestamp>2296.811484</timestamp>
			</report>
			<report>
				<misses>6968001</misses>
				<total>13</total>
				<timestamp>2297.141159</timestamp>
			</report>
			<report>
				<misses>6969001</misses>
				<total>13</total>
				<timestamp>2297.470854</timestamp>
			</report>
			<report>
				<misses>6970001</misses>
				<total>13</total>
				<timestamp>2297.800519</timestamp>
			</report>
			<report>
				<misses>6971001</misses>
				<total>13</total>
				<timestamp>2298.130151</timestamp>
			</report>
			<report>
				<misses>6972001</misses>
				<total>13</total>
				<timestamp>2298.459825</timestamp>
			</report>
			<report>
				<misses>6973001</misses>
				<total>13</total>
				<timestamp>2298.789533</timestamp>
			</report>
			<report>
				<misses>6974001</misses>
				<total>13</total>
				<timestamp>2299.119168</timestamp>
			</report>
			<report>
				<misses>6975001</misses>
				<total>13</total>
				<timestamp>2299.448829</timestamp>
			</report>
			<report>
				<misses>6976001</misses>
				<total>13</total>
				<timestamp>2299.778564</timestamp>
			</report>
			<report>
				<misses>6977001</misses>
				<total>13</total>
				<timestamp>2300.108181</timestamp>
			</report>
			<report>
				<misses>6978001</misses>
				<total>13</total>
				<timestamp>2300.437836</timestamp>
			</report>
			<report>
				<misses>6979001</misses>
				<total>13</total>
				<timestamp>2300.767551</timestamp>
			</report>
			<report>
				<misses>6980001</misses>
				<total>13</total>
				<timestamp>2301.097213</timestamp>
			</report>
			<report>
				<misses>6981001</misses>
				<total>13</total>
				<timestamp>2301.426848</timestamp>
			</report>
			<report>
				<misses>6982001</misses>
				<total>13</total>
				<timestamp>2301.756581</timestamp>
			</report>
			<report>
				<misses>6983001</misses>
				<total>13</total>
				<timestamp>2302.086185</timestamp>
			</report>
			<report>
				<misses>6984001</misses>
				<total>13</total>
				<timestamp>2302.415860</timestamp>
			</report>
			<report>
				<misses>6985001</misses>
				<total>13</total>
				<timestamp>2302.745555</timestamp>
			</report>
			<report>
				<misses>6986001</misses>
				<total>13</total>
				<timestamp>2303.075208</timestamp>
			</report>
			<report>
				<misses>6987001</misses>
				<total>13</total>
				<timestamp>2303.404871</timestamp>
			</report>
			<report>
				<misses>6988001</misses>
				<total>13</total>
				<timestamp>2303.734650</timestamp>
			</report>
			<report>
				<misses>6989001</misses>
				<total>13</total>
				<timestamp>2304.064276</timestamp>
			</report>
			<report>
				<misses>6990001</misses>
				<total>13</total>
				<timestamp>2304.393916</timestamp>
			</report>
			<report>
				<misses>6991001</misses>
				<total>13</total>
				<timestamp>2304.723565</timestamp>
			</report>
			<report>
				<misses>6992001</misses>
				<total>13</total>
				<timestamp>2305.053213</timestamp>
			</report>
			<report>
				<misses>6993001</misses>
				<total>13</total>
				<timestamp>2305.382885</timestamp>
			</report>
			<report>
				<misses>6994001</misses>
				<total>13</total>
				<timestamp>2305.712646</timestamp>
			</report>
			<report>
				<misses>6995001</misses>
				<total>13</total>
				<timestamp>2306.042237</timestamp>
			</report>
			<report>
				<misses>6996001</misses>
				<total>13</total>
				<timestamp>2306.371895</timestamp>
			</report>
			<report>
				<misses>6997001</misses>
				<total>13</total>
				<timestamp>2306.701611</timestamp>
			</report>
			<report>
				<misses>6998001</misses>
				<total>13</total>
				<timestamp>2307.031237</timestamp>
			</report>
			<report>
				<misses>6999001</misses>
				<total>13</total>
				<timestamp>2307.360915</timestamp>
			</report>
			<report>
				<misses>7000001</misses>
				<total>13</total>
				<timestamp>2307.690614</timestamp>
			</report>
			<report>
				<misses>7001001</misses>
				<total>13</total>
				<timestamp>2308.020256</timestamp>
			</report>
			<report>
				<misses>7002001</misses>
				<total>13</total>
				<timestamp>2308.349919</timestamp>
			</report>
			<report>
				<misses>7003001</misses>
				<total>13</total>
				<timestamp>2308.679690</timestamp>
			</report>
			<report>
				<misses>7004001</misses>
				<total>13</total>
				<timestamp>2309.009276</timestamp>
			</report>
			<report>
				<misses>7005001</misses>
				<total>13</total>
				<timestamp>2309.338945</timestamp>
			</report>
			<report>
				<misses>7006001</misses>
				<total>13</total>
				<timestamp>2309.668670</timestamp>
			</report>
			<report>
				<misses>7007001</misses>
				<total>13</total>
				<timestamp>2309.998281</timestamp>
			</report>
			<report>
				<misses>7008001</misses>
				<total>13</total>
				<timestamp>2310.327962</timestamp>
			</report>
			<report>
				<misses>7009001</misses>
				<total>13</total>
				<timestamp>2310.657683</timestamp>
			</report>
			<report>
				<misses>7010001</misses>
				<total>13</total>
				<timestamp>2310.987306</timestamp>
			</report>
			<report>
				<misses>7011001</misses>
				<total>13</total>
				<timestamp>2311.316952</timestamp>
			</report>
			<report>
				<misses>7012001</misses>
				<total>13</total>
				<timestamp>2311.646640</timestamp>
			</report>
			<report>
				<misses>7013001</misses>
				<total>13</total>
				<timestamp>2311.976285</timestamp>
			</report>
			<report>
				<misses>7014001</misses>
				<total>13</total>
				<timestamp>2312.305981</timestamp>
			</report>
			<report>
				<misses>7015001</misses>
				<total>13</total>
				<timestamp>2312.635698</timestamp>
			</report>
			<report>
				<misses>7016001</misses>
				<total>13</total>
				<timestamp>2312.965325</timestamp>
			</report>
			<report>
				<misses>7017001</misses>
				<total>13</total>
				<timestamp>2313.294967</timestamp>
			</report>
			<report>
				<misses>7018001</misses>
				<total>13</total>
				<timestamp>2313.624689</timestamp>
			</report>
			<report>
				<misses>7019001</misses>
				<total>13</total>
				<timestamp>2313.954312</timestamp>
			</report>
			<report>
				<misses>7020001</misses>
				<total>13</total>
				<timestamp>2314.284023</timestamp>
			</report>
			<report>
				<misses>7021001</misses>
				<total>13</total>
				<timestamp>2314.613703</timestamp>
			</report>
			<report>
				<misses>7022001</misses>
				<total>13</total>
				<timestamp>2314.943375</timestamp>
			</report>
			<report>
				<misses>7023001</misses>
				<total>13</total>
				<timestamp>2315.273015</timestamp>
			</report>
			<report>
				<misses>7024001</misses>
				<total>13</total>
				<timestamp>2315.602686</timestamp>
			</report>
			<report>
				<misses>7025001</misses>
				<total>13</total>
				<timestamp>2315.932334</timestamp>
			</report>
			<report>
				<misses>7026001</misses>
				<total>13</total>
				<timestamp>2316.262005</timestamp>
			</report>
			<report>
				<misses>7027001</misses>
				<total>13</total>
				<timestamp>2316.591743</timestamp>
			</report>
			<report>
				<misses>7028001</misses>
				<total>13</total>
				<timestamp>2316.921686</timestamp>
			</report>
			<report>
				<misses>7029001</misses>
				<total>13</total>
				<timestamp>2317.251358</timestamp>
			</report>
			<report>
				<misses>7030001</misses>
				<total>13</total>
				<timestamp>2317.581017</timestamp>
			</report>
			<report>
				<misses>7031001</misses>
				<total>13</total>
				<timestamp>2317.910697</timestamp>
			</report>
			<report>
				<misses>7032001</misses>
				<total>13</total>
				<timestamp>2318.240362</timestamp>
			</report>
			<report>
				<misses>7033001</misses>
				<total>13</total>
				<timestamp>2318.570038</timestamp>
			</report>
			<report>
				<misses>7034001</misses>
				<total>13</total>
				<timestamp>2318.899696</timestamp>
			</report>
			<report>
				<misses>7035001</misses>
				<total>13</total>
				<timestamp>2319.229414</timestamp>
			</report>
			<report>
				<misses>7036001</misses>
				<total>13</total>
				<timestamp>2319.559046</timestamp>
			</report>
			<report>
				<misses>7037001</misses>
				<total>13</total>
				<timestamp>2319.888741</timestamp>
			</report>
			<report>
				<misses>7038001</misses>
				<total>13</total>
				<timestamp>2320.218419</timestamp>
			</report>
			<report>
				<misses>7039001</misses>
				<total>13</total>
				<timestamp>2320.548053</timestamp>
			</report>
			<report>
				<misses>7040001</misses>
				<total>13</total>
				<timestamp>2320.877727</timestamp>
			</report>
			<report>
				<misses>7041001</misses>
				<total>13</total>
				<timestamp>2321.207417</timestamp>
			</report>
			<report>
				<misses>7042001</misses>
				<total>13</total>
				<timestamp>2321.537058</timestamp>
			</report>
			<report>
				<misses>7043001</misses>
				<total>13</total>
				<timestamp>2321.866755</timestamp>
			</report>
			<report>
				<misses>7044001</misses>
				<total>13</total>
				<timestamp>2322.196393</timestamp>
			</report>
			<report>
				<misses>7045001</misses>
				<total>13</total>
				<timestamp>2322.526070</timestamp>
			</report>
			<report>
				<misses>7046001</misses>
				<total>13</total>
				<timestamp>2322.855741</timestamp>
			</report>
			<report>
				<misses>7047001</misses>
				<total>13</total>
				<timestamp>2323.185496</timestamp>
			</report>
			<report>
				<misses>7048001</misses>
				<total>13</total>
				<timestamp>2323.515109</timestamp>
			</report>
			<report>
				<misses>7049001</misses>
				<total>13</total>
				<timestamp>2323.844768</timestamp>
			</report>
			<report>
				<misses>7050001</misses>
				<total>13</total>
				<timestamp>2324.174513</timestamp>
			</report>
			<report>
				<misses>7051001</misses>
				<total>13</total>
				<timestamp>2324.504154</timestamp>
			</report>
			<report>
				<misses>7052001</misses>
				<total>13</total>
				<timestamp>2324.833819</timestamp>
			</report>
			<report>
				<misses>7053001</misses>
				<total>13</total>
				<timestamp>2325.163468</timestamp>
			</report>
			<report>
				<misses>7054001</misses>
				<total>13</total>
				<timestamp>2325.493090</timestamp>
			</report>
			<report>
				<misses>7055001</misses>
				<total>13</total>
				<timestamp>2325.822765</timestamp>
			</report>
			<report>
				<misses>7056001</misses>
				<total>13</total>
				<timestamp>2326.152446</timestamp>
			</report>
			<report>
				<misses>7057001</misses>
				<total>13</total>
				<timestamp>2326.482117</timestamp>
			</report>
			<report>
				<misses>7058001</misses>
				<total>13</total>
				<timestamp>2326.811785</timestamp>
			</report>
			<report>
				<misses>7059001</misses>
				<total>13</total>
				<timestamp>2327.141513</timestamp>
			</report>
			<report>
				<misses>7060001</misses>
				<total>13</total>
				<timestamp>2327.471114</timestamp>
			</report>
			<report>
				<misses>7061001</misses>
				<total>13</total>
				<timestamp>2327.800792</timestamp>
			</report>
			<report>
				<misses>7062001</misses>
				<total>13</total>
				<timestamp>2328.130483</timestamp>
			</report>
			<report>
				<misses>7063001</misses>
				<total>13</total>
				<timestamp>2328.460131</timestamp>
			</report>
			<report>
				<misses>7064001</misses>
				<total>13</total>
				<timestamp>2328.789804</timestamp>
			</report>
			<report>
				<misses>7065001</misses>
				<total>13</total>
				<timestamp>2329.119499</timestamp>
			</report>
			<report>
				<misses>7066001</misses>
				<total>13</total>
				<timestamp>2329.449138</timestamp>
			</report>
			<report>
				<misses>7067001</misses>
				<total>13</total>
				<timestamp>2329.778800</timestamp>
			</report>
			<report>
				<misses>7068001</misses>
				<total>13</total>
				<timestamp>2330.108571</timestamp>
			</report>
			<report>
				<misses>7069001</misses>
				<total>13</total>
				<timestamp>2330.438158</timestamp>
			</report>
			<report>
				<misses>7070001</misses>
				<total>13</total>
				<timestamp>2330.767824</timestamp>
			</report>
			<report>
				<misses>7071001</misses>
				<total>13</total>
				<timestamp>2331.097534</timestamp>
			</report>
			<report>
				<misses>7072001</misses>
				<total>13</total>
				<timestamp>2331.427159</timestamp>
			</report>
			<report>
				<misses>7073001</misses>
				<total>13</total>
				<timestamp>2331.756841</timestamp>
			</report>
			<report>
				<misses>7074001</misses>
				<total>13</total>
				<timestamp>2332.086582</timestamp>
			</report>
			<report>
				<misses>7075001</misses>
				<total>13</total>
				<timestamp>2332.416177</timestamp>
			</report>
			<report>
				<misses>7076001</misses>
				<total>13</total>
				<timestamp>2332.745878</timestamp>
			</report>
			<report>
				<misses>7077001</misses>
				<total>13</total>
				<timestamp>2333.075560</timestamp>
			</report>
			<report>
				<misses>7078001</misses>
				<total>13</total>
				<timestamp>2333.405190</timestamp>
			</report>
			<report>
				<misses>7079001</misses>
				<total>13</total>
				<timestamp>2333.734831</timestamp>
			</report>
			<report>
				<misses>7080001</misses>
				<total>13</total>
				<timestamp>2334.064533</timestamp>
			</report>
			<report>
				<misses>7081001</misses>
				<total>13</total>
				<timestamp>2334.394179</timestamp>
			</report>
			<report>
				<misses>7082001</misses>
				<total>13</total>
				<timestamp>2334.723858</timestamp>
			</report>
			<report>
				<misses>7083001</misses>
				<total>13</total>
				<timestamp>2335.053548</timestamp>
			</report>
			<report>
				<misses>7084001</misses>
				<total>13</total>
				<timestamp>2335.383214</timestamp>
			</report>
			<report>
				<misses>7085001</misses>
				<total>13</total>
				<timestamp>2335.712869</timestamp>
			</report>
			<report>
				<misses>7086001</misses>
				<total>13</total>
				<timestamp>2336.042533</timestamp>
			</report>
			<report>
				<misses>7087001</misses>
				<total>13</total>
				<timestamp>2336.372231</timestamp>
			</report>
			<report>
				<misses>7088001</misses>
				<total>13</total>
				<timestamp>2336.701878</timestamp>
			</report>
			<report>
				<misses>7089001</misses>
				<total>13</total>
				<timestamp>2337.031612</timestamp>
			</report>
			<report>
				<misses>7090001</misses>
				<total>13</total>
				<timestamp>2337.361229</timestamp>
			</report>
			<report>
				<misses>7091001</misses>
				<total>13</total>
				<timestamp>2337.690900</timestamp>
			</report>
			<report>
				<misses>7092001</misses>
				<total>13</total>
				<timestamp>2338.020548</timestamp>
			</report>
			<report>
				<misses>7093001</misses>
				<total>14</total>
				<timestamp>2338.350226</timestamp>
			</report>
			<report>
				<misses>7094001</misses>
				<total>14</total>
				<timestamp>2338.679904</timestamp>
			</report>
			<report>
				<misses>7095001</misses>
				<total>14</total>
				<timestamp>2339.009570</timestamp>
			</report>
			<report>
				<misses>7096001</misses>
				<total>14</total>
				<timestamp>2339.339268</timestamp>
			</report>
			<report>
				<misses>7097001</misses>
				<total>14</total>
				<timestamp>2339.668893</timestamp>
			</report>
			<report>
				<misses>7098001</misses>
				<total>14</total>
				<timestamp>2339.998582</timestamp>
			</report>
			<report>
				<misses>7099001</misses>
				<total>14</total>
				<timestamp>2340.328270</timestamp>
			</report>
			<report>
				<misses>7100001</misses>
				<total>14</total>
				<timestamp>2340.657911</timestamp>
			</report>
			<report>
				<misses>7101001</misses>
				<total>14</total>
				<timestamp>2340.987606</timestamp>
			</report>
			<report>
				<misses>7102001</misses>
				<total>14</total>
				<timestamp>2341.317292</timestamp>
			</report>
			<report>
				<misses>7103001</misses>
				<total>14</total>
				<timestamp>2341.646987</timestamp>
			</report>
			<report>
				<misses>7104001</misses>
				<total>14</total>
				<timestamp>2341.976596</timestamp>
			</report>
			<report>
				<misses>7105001</misses>
				<total>14</total>
				<timestamp>2342.306313</timestamp>
			</report>
			<report>
				<misses>7106001</misses>
				<total>14</total>
				<timestamp>2342.635928</timestamp>
			</report>
			<report>
				<misses>7107001</misses>
				<total>14</total>
				<timestamp>2342.965605</timestamp>
			</report>
			<report>
				<misses>7108001</misses>
				<total>14</total>
				<timestamp>2343.295385</timestamp>
			</report>
			<report>
				<misses>7109001</misses>
				<total>14</total>
				<timestamp>2343.625001</timestamp>
			</report>
			<report>
				<misses>7110001</misses>
				<total>14</total>
				<timestamp>2343.954693</timestamp>
			</report>
			<report>
				<misses>7111001</misses>
				<total>14</total>
				<timestamp>2344.284294</timestamp>
			</report>
			<report>
				<misses>7112001</misses>
				<total>14</total>
				<timestamp>2344.613945</timestamp>
			</report>
			<report>
				<misses>7113001</misses>
				<total>14</total>
				<timestamp>2344.943627</timestamp>
			</report>
			<report>
				<misses>7114001</misses>
				<total>14</total>
				<timestamp>2345.273306</timestamp>
			</report>
			<report>
				<misses>7115001</misses>
				<total>14</total>
				<timestamp>2345.602974</timestamp>
			</report>
			<report>
				<misses>7116001</misses>
				<total>14</total>
				<timestamp>2345.932629</timestamp>
			</report>
			<report>
				<misses>7117001</misses>
				<total>14</total>
				<timestamp>2346.262300</timestamp>
			</report>
			<report>
				<misses>7118001</misses>
				<total>14</total>
				<timestamp>2346.591995</timestamp>
			</report>
			<report>
				<misses>7119001</misses>
				<total>14</total>
				<timestamp>2346.921656</timestamp>
			</report>
			<report>
				<misses>7120001</misses>
				<total>14</total>
				<timestamp>2347.251395</timestamp>
			</report>
			<report>
				<misses>7121001</misses>
				<total>14</total>
				<timestamp>2347.580985</timestamp>
			</report>
			<report>
				<misses>7122001</misses>
				<total>14</total>
				<timestamp>2347.910658</timestamp>
			</report>
			<report>
				<misses>7123001</misses>
				<total>14</total>
				<timestamp>2348.240321</timestamp>
			</report>
			<report>
				<misses>7124001</misses>
				<total>14</total>
				<timestamp>2348.570019</timestamp>
			</report>
			<report>
				<misses>7125001</misses>
				<total>14</total>
				<timestamp>2348.899666</timestamp>
			</report>
			<report>
				<misses>7126001</misses>
				<total>14</total>
				<timestamp>2349.229437</timestamp>
			</report>
			<report>
				<misses>7127001</misses>
				<total>14</total>
				<timestamp>2349.559019</timestamp>
			</report>
			<report>
				<misses>7128001</misses>
				<total>14</total>
				<timestamp>2349.888735</timestamp>
			</report>
			<report>
				<misses>7129001</misses>
				<total>14</total>
				<timestamp>2350.218445</timestamp>
			</report>
			<report>
				<misses>7130001</misses>
				<total>14</total>
				<timestamp>2350.548014</timestamp>
			</report>
			<report>
				<misses>7131001</misses>
				<total>14</total>
				<timestamp>2350.877691</timestamp>
			</report>
			<report>
				<misses>7132001</misses>
				<total>14</total>
				<timestamp>2351.207460</timestamp>
			</report>
			<report>
				<misses>7133001</misses>
				<total>14</total>
				<timestamp>2351.537060</timestamp>
			</report>
			<report>
				<misses>7134001</misses>
				<total>14</total>
				<timestamp>2351.866699</timestamp>
			</report>
			<report>
				<misses>7135001</misses>
				<total>14</total>
				<timestamp>2352.196417</timestamp>
			</report>
			<report>
				<misses>7136001</misses>
				<total>14</total>
				<timestamp>2352.526046</timestamp>
			</report>
			<report>
				<misses>7137001</misses>
				<total>14</total>
				<timestamp>2352.855724</timestamp>
			</report>
			<report>
				<misses>7138001</misses>
				<total>14</total>
				<timestamp>2353.185422</timestamp>
			</report>
			<report>
				<misses>7139001</misses>
				<total>14</total>
				<timestamp>2353.515038</timestamp>
			</report>
			<report>
				<misses>7140001</misses>
				<total>14</total>
				<timestamp>2353.844703</timestamp>
			</report>
			<report>
				<misses>7141001</misses>
				<total>14</total>
				<timestamp>2354.174395</timestamp>
			</report>
			<report>
				<misses>7142001</misses>
				<total>14</total>
				<timestamp>2354.504048</timestamp>
			</report>
			<report>
				<misses>7143001</misses>
				<total>14</total>
				<timestamp>2354.833725</timestamp>
			</report>
			<report>
				<misses>7144001</misses>
				<total>14</total>
				<timestamp>2355.163394</timestamp>
			</report>
			<report>
				<misses>7145001</misses>
				<total>14</total>
				<timestamp>2355.493065</timestamp>
			</report>
			<report>
				<misses>7146001</misses>
				<total>14</total>
				<timestamp>2355.822729</timestamp>
			</report>
			<report>
				<misses>7147001</misses>
				<total>14</total>
				<timestamp>2356.152470</timestamp>
			</report>
			<report>
				<misses>7148001</misses>
				<total>14</total>
				<timestamp>2356.482112</timestamp>
			</report>
			<report>
				<misses>7149001</misses>
				<total>14</total>
				<timestamp>2356.811748</timestamp>
			</report>
			<report>
				<misses>7150001</misses>
				<total>14</total>
				<timestamp>2357.141465</timestamp>
			</report>
			<report>
				<misses>7151001</misses>
				<total>14</total>
				<timestamp>2357.471113</timestamp>
			</report>
			<report>
				<misses>7152001</misses>
				<total>14</total>
				<timestamp>2357.800762</timestamp>
			</report>
			<report>
				<misses>7153001</misses>
				<total>14</total>
				<timestamp>2358.130509</timestamp>
			</report>
			<report>
				<misses>7154001</misses>
				<total>14</total>
				<timestamp>2358.460163</timestamp>
			</report>
			<report>
				<misses>7155001</misses>
				<total>14</total>
				<timestamp>2358.789787</timestamp>
			</report>
			<report>
				<misses>7156001</misses>
				<total>14</total>
				<timestamp>2359.119545</timestamp>
			</report>
			<report>
				<misses>7157001</misses>
				<total>14</total>
				<timestamp>2359.449127</timestamp>
			</report>
			<report>
				<misses>7158001</misses>
				<total>14</total>
				<timestamp>2359.778789</timestamp>
			</report>
			<report>
				<misses>7159001</misses>
				<total>14</total>
				<timestamp>2360.108467</timestamp>
			</report>
			<report>
				<misses>7160001</misses>
				<total>14</total>
				<timestamp>2360.438138</timestamp>
			</report>
			<report>
				<misses>7161001</misses>
				<total>14</total>
				<timestamp>2360.767778</timestamp>
			</report>
			<report>
				<misses>7162001</misses>
				<total>14</total>
				<timestamp>2361.097465</timestamp>
			</report>
			<report>
				<misses>7163001</misses>
				<total>14</total>
				<timestamp>2361.427188</timestamp>
			</report>
			<report>
				<misses>7164001</misses>
				<total>14</total>
				<timestamp>2361.756801</timestamp>
			</report>
			<report>
				<misses>7165001</misses>
				<total>14</total>
				<timestamp>2362.086509</timestamp>
			</report>
			<report>
				<misses>7166001</misses>
				<total>14</total>
				<timestamp>2362.416183</timestamp>
			</report>
			<report>
				<misses>7167001</misses>
				<total>14</total>
				<timestamp>2362.745881</timestamp>
			</report>
			<report>
				<misses>7168001</misses>
				<total>14</total>
				<timestamp>2363.075505</timestamp>
			</report>
			<report>
				<misses>7169001</misses>
				<total>14</total>
				<timestamp>2363.405162</timestamp>
			</report>
			<report>
				<misses>7170001</misses>
				<total>14</total>
				<timestamp>2363.734814</timestamp>
			</report>
			<report>
				<misses>7171001</misses>
				<total>14</total>
				<timestamp>2364.064493</timestamp>
			</report>
			<report>
				<misses>7172001</misses>
				<total>14</total>
				<timestamp>2364.394186</timestamp>
			</report>
			<report>
				<misses>7173001</misses>
				<total>14</total>
				<timestamp>2364.723818</timestamp>
			</report>
			<report>
				<misses>7174001</misses>
				<total>14</total>
				<timestamp>2365.053571</timestamp>
			</report>
			<report>
				<misses>7175001</misses>
				<total>14</total>
				<timestamp>2365.383185</timestamp>
			</report>
			<report>
				<misses>7176001</misses>
				<total>14</total>
				<timestamp>2365.712829</timestamp>
			</report>
			<report>
				<misses>7177001</misses>
				<total>14</total>
				<timestamp>2366.042493</timestamp>
			</report>
			<report>
				<misses>7178001</misses>
				<total>14</total>
				<timestamp>2366.372205</timestamp>
			</report>
			<report>
				<misses>7179001</misses>
				<total>14</total>
				<timestamp>2366.701845</timestamp>
			</report>
			<report>
				<misses>7180001</misses>
				<total>14</total>
				<timestamp>2367.031519</timestamp>
			</report>
			<report>
				<misses>7181001</misses>
				<total>14</total>
				<timestamp>2367.361191</timestamp>
			</report>
			<report>
				<misses>7182001</misses>
				<total>14</total>
				<timestamp>2367.690861</timestamp>
			</report>
			<report>
				<misses>7183001</misses>
				<total>14</total>
				<timestamp>2368.020535</timestamp>
			</report>
			<report>
				<misses>7184001</misses>
				<total>14</total>
				<timestamp>2368.350208</timestamp>
			</report>
			<report>
				<misses>7185001</misses>
				<total>14</total>
				<timestamp>2368.679883</timestamp>
			</report>
			<report>
				<misses>7186001</misses>
				<total>14</total>
				<timestamp>2369.009585</timestamp>
			</report>
			<report>
				<misses>7187001</misses>
				<total>14</total>
				<timestamp>2369.339306</timestamp>
			</report>
			<report>
				<misses>7188001</misses>
				<total>14</total>
				<timestamp>2369.668869</timestamp>
			</report>
			<report>
				<misses>7189001</misses>
				<total>14</total>
				<timestamp>2369.998539</timestamp>
			</report>
			<report>
				<misses>7190001</misses>
				<total>14</total>
				<timestamp>2370.328254</timestamp>
			</report>
			<report>
				<misses>7191001</misses>
				<total>14</total>
				<timestamp>2370.657889</timestamp>
			</report>
			<report>
				<misses>7192001</misses>
				<total>14</total>
				<timestamp>2370.987567</timestamp>
			</report>
			<report>
				<misses>7193001</misses>
				<total>14</total>
				<timestamp>2371.317328</timestamp>
			</report>
			<report>
				<misses>7194001</misses>
				<total>14</total>
				<timestamp>2371.646899</timestamp>
			</report>
			<report>
				<misses>7195001</misses>
				<total>14</total>
				<timestamp>2371.976560</timestamp>
			</report>
			<report>
				<misses>7196001</misses>
				<total>14</total>
				<timestamp>2372.306236</timestamp>
			</report>
			<report>
				<misses>7197001</misses>
				<total>14</total>
				<timestamp>2372.635913</timestamp>
			</report>
			<report>
				<misses>7198001</misses>
				<total>14</total>
				<timestamp>2372.965595</timestamp>
			</report>
			<report>
				<misses>7199001</misses>
				<total>14</total>
				<timestamp>2373.295269</timestamp>
			</report>
			<report>
				<misses>7200001</misses>
				<total>14</total>
				<timestamp>2373.624919</timestamp>
			</report>
			<report>
				<misses>7201001</misses>
				<total>14</total>
				<timestamp>2373.954600</timestamp>
			</report>
			<report>
				<misses>7202001</misses>
				<total>14</total>
				<timestamp>2374.284309</timestamp>
			</report>
			<report>
				<misses>7203001</misses>
				<total>14</total>
				<timestamp>2374.613926</timestamp>
			</report>
			<report>
				<misses>7204001</misses>
				<total>14</total>
				<timestamp>2374.943601</timestamp>
			</report>
			<report>
				<misses>7205001</misses>
				<total>14</total>
				<timestamp>2375.273359</timestamp>
			</report>
			<report>
				<misses>7206001</misses>
				<total>14</total>
				<timestamp>2375.602934</timestamp>
			</report>
			<report>
				<misses>7207001</misses>
				<total>14</total>
				<timestamp>2375.932610</timestamp>
			</report>
			<report>
				<misses>7208001</misses>
				<total>14</total>
				<timestamp>2376.262314</timestamp>
			</report>
			<report>
				<misses>7209001</misses>
				<total>14</total>
				<timestamp>2376.591960</timestamp>
			</report>
			<report>
				<misses>7210001</misses>
				<total>14</total>
				<timestamp>2376.921620</timestamp>
			</report>
			<report>
				<misses>7211001</misses>
				<total>14</total>
				<timestamp>2377.251342</timestamp>
			</report>
			<report>
				<misses>7212001</misses>
				<total>15</total>
				<timestamp>2377.580972</timestamp>
			</report>
			<report>
				<misses>7213001</misses>
				<total>15</total>
				<timestamp>2377.910648</timestamp>
			</report>
			<report>
				<misses>7214001</misses>
				<total>15</total>
				<timestamp>2378.240294</timestamp>
			</report>
			<report>
				<misses>7215001</misses>
				<total>15</total>
				<timestamp>2378.569997</timestamp>
			</report>
			<report>
				<misses>7216001</misses>
				<total>15</total>
				<timestamp>2378.899638</timestamp>
			</report>
			<report>
				<misses>7217001</misses>
				<total>15</total>
				<timestamp>2379.229357</timestamp>
			</report>
			<report>
				<misses>7218001</misses>
				<total>15</total>
				<timestamp>2379.559000</timestamp>
			</report>
			<report>
				<misses>7219001</misses>
				<total>15</total>
				<timestamp>2379.888649</timestamp>
			</report>
			<report>
				<misses>7220001</misses>
				<total>15</total>
				<timestamp>2380.218329</timestamp>
			</report>
			<report>
				<misses>7221001</misses>
				<total>15</total>
				<timestamp>2380.548024</timestamp>
			</report>
			<report>
				<misses>7222001</misses>
				<total>15</total>
				<timestamp>2380.877667</timestamp>
			</report>
			<report>
				<misses>7223001</misses>
				<total>15</total>
				<timestamp>2381.207366</timestamp>
			</report>
			<report>
				<misses>7224001</misses>
				<total>15</total>
				<timestamp>2381.536992</timestamp>
			</report>
			<report>
				<misses>7225001</misses>
				<total>15</total>
				<timestamp>2381.866658</timestamp>
			</report>
			<report>
				<misses>7226001</misses>
				<total>15</total>
				<timestamp>2382.196382</timestamp>
			</report>
			<report>
				<misses>7227001</misses>
				<total>15</total>
				<timestamp>2382.526044</timestamp>
			</report>
			<report>
				<misses>7228001</misses>
				<total>15</total>
				<timestamp>2382.855674</timestamp>
			</report>
			<report>
				<misses>7229001</misses>
				<total>15</total>
				<timestamp>2383.185430</timestamp>
			</report>
			<report>
				<misses>7230001</misses>
				<total>15</total>
				<timestamp>2383.515020</timestamp>
			</report>
			<report>
				<misses>7231001</misses>
				<total>15</total>
				<timestamp>2383.844687</timestamp>
			</report>
			<report>
				<misses>7232001</misses>
				<total>15</total>
				<timestamp>2384.174360</timestamp>
			</report>
			<report>
				<misses>7233001</misses>
				<total>15</total>
				<timestamp>2384.504033</timestamp>
			</report>
			<report>
				<misses>7234001</misses>
				<total>15</total>
				<timestamp>2384.833700</timestamp>
			</report>
			<report>
				<misses>7235001</misses>
				<total>15</total>
				<timestamp>2385.163390</timestamp>
			</report>
			<report>
				<misses>7236001</misses>
				<total>15</total>
				<timestamp>2385.493041</timestamp>
			</report>
			<report>
				<misses>7237001</misses>
				<total>15</total>
				<timestamp>2385.822717</timestamp>
			</report>
			<report>
				<misses>7238001</misses>
				<total>15</total>
				<timestamp>2386.152441</timestamp>
			</report>
			<report>
				<misses>7239001</misses>
				<total>15</total>
				<timestamp>2386.482072</timestamp>
			</report>
			<report>
				<misses>7240001</misses>
				<total>15</total>
				<timestamp>2386.811709</timestamp>
			</report>
			<report>
				<misses>7241001</misses>
				<total>15</total>
				<timestamp>2387.141416</timestamp>
			</report>
			<report>
				<misses>7242001</misses>
				<total>15</total>
				<timestamp>2387.471051</timestamp>
			</report>
			<report>
				<misses>7243001</misses>
				<total>15</total>
				<timestamp>2387.800740</timestamp>
			</report>
			<report>
				<misses>7244001</misses>
				<total>15</total>
				<timestamp>2388.130405</timestamp>
			</report>
			<report>
				<misses>7245001</misses>
				<total>15</total>
				<timestamp>2388.460063</timestamp>
			</report>
			<report>
				<misses>7246001</misses>
				<total>15</total>
				<timestamp>2388.789726</timestamp>
			</report>
			<report>
				<misses>7247001</misses>
				<total>15</total>
				<timestamp>2389.119411</timestamp>
			</report>
			<report>
				<misses>7248001</misses>
				<total>15</total>
				<timestamp>2389.449124</timestamp>
			</report>
			<report>
				<misses>7249001</misses>
				<total>15</total>
				<timestamp>2389.778745</timestamp>
			</report>
			<report>
				<misses>7250001</misses>
				<total>15</total>
				<timestamp>2390.108444</timestamp>
			</report>
			<report>
				<misses>7251001</misses>
				<total>15</total>
				<timestamp>2390.438089</timestamp>
			</report>
			<report>
				<misses>7252001</misses>
				<total>15</total>
				<timestamp>2390.767778</timestamp>
			</report>
			<report>
				<misses>7253001</misses>
				<total>15</total>
				<timestamp>2391.097437</timestamp>
			</report>
			<report>
				<misses>7254001</misses>
				<total>15</total>
				<timestamp>2391.427129</timestamp>
			</report>
			<report>
				<misses>7255001</misses>
				<total>15</total>
				<timestamp>2391.756764</timestamp>
			</report>
			<report>
				<misses>7256001</misses>
				<total>15</total>
				<timestamp>2392.086435</timestamp>
			</report>
			<report>
				<misses>7257001</misses>
				<total>15</total>
				<timestamp>2392.416129</timestamp>
			</report>
			<report>
				<misses>7258001</misses>
				<total>15</total>
				<timestamp>2392.745774</timestamp>
			</report>
			<report>
				<misses>7259001</misses>
				<total>15</total>
				<timestamp>2393.075446</timestamp>
			</report>
			<report>
				<misses>7260001</misses>
				<total>15</total>
				<timestamp>2393.405123</timestamp>
			</report>
			<report>
				<misses>7261001</misses>
				<total>15</total>
				<timestamp>2393.734788</timestamp>
			</report>
			<report>
				<misses>7262001</misses>
				<total>15</total>
				<timestamp>2394.064474</timestamp>
			</report>
			<report>
				<misses>7263001</misses>
				<total>15</total>
				<timestamp>2394.394125</timestamp>
			</report>
			<report>
				<misses>7264001</misses>
				<total>15</total>
				<timestamp>2394.723793</timestamp>
			</report>
			<report>
				<misses>7265001</misses>
				<total>15</total>
				<timestamp>2395.053464</timestamp>
			</report>
			<report>
				<misses>7266001</misses>
				<total>15</total>
				<timestamp>2395.383140</timestamp>
			</report>
			<report>
				<misses>7267001</misses>
				<total>15</total>
				<timestamp>2395.712812</timestamp>
			</report>
			<report>
				<misses>7268001</misses>
				<total>15</total>
				<timestamp>2396.042500</timestamp>
			</report>
			<report>
				<misses>7269001</misses>
				<total>15</total>
				<timestamp>2396.372214</timestamp>
			</report>
			<report>
				<misses>7270001</misses>
				<total>15</total>
				<timestamp>2396.701832</timestamp>
			</report>
			<report>
				<misses>7271001</misses>
				<total>15</total>
				<timestamp>2397.031476</timestamp>
			</report>
			<report>
				<misses>7272001</misses>
				<total>15</total>
				<timestamp>2397.361193</timestamp>
			</report>
			<report>
				<misses>7273001</misses>
				<total>15</total>
				<timestamp>2397.690879</timestamp>
			</report>
			<report>
				<misses>7274001</misses>
				<total>15</total>
				<timestamp>2398.020491</timestamp>
			</report>
			<report>
				<misses>7275001</misses>
				<total>15</total>
				<timestamp>2398.350200</timestamp>
			</report>
			<report>
				<misses>7276001</misses>
				<total>15</total>
				<timestamp>2398.679881</timestamp>
			</report>
			<report>
				<misses>7277001</misses>
				<total>15</total>
				<timestamp>2399.009519</timestamp>
			</report>
			<report>
				<misses>7278001</misses>
				<total>15</total>
				<timestamp>2399.339242</timestamp>
			</report>
			<report>
				<misses>7279001</misses>
				<total>15</total>
				<timestamp>2399.668873</timestamp>
			</report>
			<report>
				<misses>7280001</misses>
				<total>15</total>
				<timestamp>2399.998504</timestamp>
			</report>
			<report>
				<misses>7281001</misses>
				<total>15</total>
				<timestamp>2400.328198</timestamp>
			</report>
			<report>
				<misses>7282001</misses>
				<total>15</total>
				<timestamp>2400.657928</timestamp>
			</report>
			<report>
				<misses>7283001</misses>
				<total>15</total>
				<timestamp>2400.987531</timestamp>
			</report>
			<report>
				<misses>7284001</misses>
				<total>15</total>
				<timestamp>2401.317251</timestamp>
			</report>
			<report>
				<misses>7285001</misses>
				<total>15</total>
				<timestamp>2401.646893</timestamp>
			</report>
			<report>
				<misses>7286001</misses>
				<total>15</total>
				<timestamp>2401.976548</timestamp>
			</report>
			<report>
				<misses>7287001</misses>
				<total>15</total>
				<timestamp>2402.306265</timestamp>
			</report>
			<report>
				<misses>7288001</misses>
				<total>15</total>
				<timestamp>2402.635928</timestamp>
			</report>
			<report>
				<misses>7289001</misses>
				<total>15</total>
				<timestamp>2402.965544</timestamp>
			</report>
			<report>
				<misses>7290001</misses>
				<total>15</total>
				<timestamp>2403.295225</timestamp>
			</report>
			<report>
				<misses>7291001</misses>
				<total>15</total>
				<timestamp>2403.624897</timestamp>
			</report>
			<report>
				<misses>7292001</misses>
				<total>15</total>
				<timestamp>2403.954552</timestamp>
			</report>
			<report>
				<misses>7293001</misses>
				<total>15</total>
				<timestamp>2404.284271</timestamp>
			</report>
			<report>
				<misses>7294001</misses>
				<total>15</total>
				<timestamp>2404.613916</timestamp>
			</report>
			<report>
				<misses>7295001</misses>
				<total>15</total>
				<timestamp>2404.943571</timestamp>
			</report>
			<report>
				<misses>7296001</misses>
				<total>15</total>
				<timestamp>2405.273261</timestamp>
			</report>
			<report>
				<misses>7297001</misses>
				<total>15</total>
				<timestamp>2405.603015</timestamp>
			</report>
			<report>
				<misses>7298001</misses>
				<total>15</total>
				<timestamp>2405.932575</timestamp>
			</report>
			<report>
				<misses>7299001</misses>
				<total>15</total>
				<timestamp>2406.262258</timestamp>
			</report>
			<report>
				<misses>7300001</misses>
				<total>15</total>
				<timestamp>2406.591923</timestamp>
			</report>
			<report>
				<misses>7301001</misses>
				<total>15</total>
				<timestamp>2406.921616</timestamp>
			</report>
			<report>
				<misses>7302001</misses>
				<total>15</total>
				<timestamp>2407.251288</timestamp>
			</report>
			<report>
				<misses>7303001</misses>
				<total>15</total>
				<timestamp>2407.580982</timestamp>
			</report>
			<report>
				<misses>7304001</misses>
				<total>15</total>
				<timestamp>2407.910597</timestamp>
			</report>
			<report>
				<misses>7305001</misses>
				<total>15</total>
				<timestamp>2408.240282</timestamp>
			</report>
			<report>
				<misses>7306001</misses>
				<total>15</total>
				<timestamp>2408.569957</timestamp>
			</report>
			<report>
				<misses>7307001</misses>
				<total>15</total>
				<timestamp>2408.899629</timestamp>
			</report>
			<report>
				<misses>7308001</misses>
				<total>15</total>
				<timestamp>2409.229351</timestamp>
			</report>
			<report>
				<misses>7309001</misses>
				<total>15</total>
				<timestamp>2409.558977</timestamp>
			</report>
			<report>
				<misses>7310001</misses>
				<total>15</total>
				<timestamp>2409.888633</timestamp>
			</report>
			<report>
				<misses>7311001</misses>
				<total>15</total>
				<timestamp>2410.218337</timestamp>
			</report>
			<report>
				<misses>7312001</misses>
				<total>15</total>
				<timestamp>2410.547994</timestamp>
			</report>
			<report>
				<misses>7313001</misses>
				<total>15</total>
				<timestamp>2410.877617</timestamp>
			</report>
			<report>
				<misses>7314001</misses>
				<total>15</total>
				<timestamp>2411.207321</timestamp>
			</report>
			<report>
				<misses>7315001</misses>
				<total>15</total>
				<timestamp>2411.536970</timestamp>
			</report>
			<report>
				<misses>7316001</misses>
				<total>15</total>
				<timestamp>2411.866646</timestamp>
			</report>
			<report>
				<misses>7317001</misses>
				<total>15</total>
				<timestamp>2412.196330</timestamp>
			</report>
			<report>
				<misses>7318001</misses>
				<total>15</total>
				<timestamp>2412.526005</timestamp>
			</report>
			<report>
				<misses>7319001</misses>
				<total>15</total>
				<timestamp>2412.855645</timestamp>
			</report>
			<report>
				<misses>7320001</misses>
				<total>15</total>
				<timestamp>2413.185312</timestamp>
			</report>
			<report>
				<misses>7321001</misses>
				<total>15</total>
				<timestamp>2413.514987</timestamp>
			</report>
			<report>
				<misses>7322001</misses>
				<total>15</total>
				<timestamp>2413.844655</timestamp>
			</report>
			<report>
				<misses>7323001</misses>
				<total>15</total>
				<timestamp>2414.174386</timestamp>
			</report>
			<report>
				<misses>7324001</misses>
				<total>15</total>
				<timestamp>2414.503991</timestamp>
			</report>
			<report>
				<misses>7325001</misses>
				<total>15</total>
				<timestamp>2414.833663</timestamp>
			</report>
			<report>
				<misses>7326001</misses>
				<total>15</total>
				<timestamp>2415.163350</timestamp>
			</report>
			<report>
				<misses>7327001</misses>
				<total>15</total>
				<timestamp>2415.493012</timestamp>
			</report>
			<report>
				<misses>7328001</misses>
				<total>15</total>
				<timestamp>2415.822672</timestamp>
			</report>
			<report>
				<misses>7329001</misses>
				<total>15</total>
				<timestamp>2416.152377</timestamp>
			</report>
			<report>
				<misses>7330001</misses>
				<total>15</total>
				<timestamp>2416.482004</timestamp>
			</report>
			<report>
				<misses>7331001</misses>
				<total>15</total>
				<timestamp>2416.811693</timestamp>
			</report>
			<report>
				<misses>7332001</misses>
				<total>15</total>
				<timestamp>2417.141362</timestamp>
			</report>
			<report>
				<misses>7333001</misses>
				<total>15</total>
				<timestamp>2417.471030</timestamp>
			</report>
			<report>
				<misses>7334001</misses>
				<total>15</total>
				<timestamp>2417.800741</timestamp>
			</report>
			<report>
				<misses>7335001</misses>
				<total>15</total>
				<timestamp>2418.130379</timestamp>
			</report>
			<report>
				<misses>7336001</misses>
				<total>15</total>
				<timestamp>2418.460022</timestamp>
			</report>
			<report>
				<misses>7337001</misses>
				<total>15</total>
				<timestamp>2418.789703</timestamp>
			</report>
			<report>
				<misses>7338001</misses>
				<total>15</total>
				<timestamp>2419.119402</timestamp>
			</report>
			<report>
				<misses>7339001</misses>
				<total>15</total>
				<timestamp>2419.449100</timestamp>
			</report>
			<report>
				<misses>7340001</misses>
				<total>15</total>
				<timestamp>2419.778721</timestamp>
			</report>
			<report>
				<misses>7341001</misses>
				<total>15</total>
				<timestamp>2420.108381</timestamp>
			</report>
			<report>
				<misses>7342001</misses>
				<total>15</total>
				<timestamp>2420.438097</timestamp>
			</report>
			<report>
				<misses>7343001</misses>
				<total>15</total>
				<timestamp>2420.767814</timestamp>
			</report>
			<report>
				<misses>7344001</misses>
				<total>15</total>
				<timestamp>2421.097403</timestamp>
			</report>
			<report>
				<misses>7345001</misses>
				<total>15</total>
				<timestamp>2421.427117</timestamp>
			</report>
			<report>
				<misses>7346001</misses>
				<total>15</total>
				<timestamp>2421.756787</timestamp>
			</report>
			<report>
				<misses>7347001</misses>
				<total>15</total>
				<timestamp>2422.086403</timestamp>
			</report>
			<report>
				<misses>7348001</misses>
				<total>15</total>
				<timestamp>2422.416096</timestamp>
			</report>
			<report>
				<misses>7349001</misses>
				<total>15</total>
				<timestamp>2422.745769</timestamp>
			</report>
			<report>
				<misses>7350001</misses>
				<total>15</total>
				<timestamp>2423.075404</timestamp>
			</report>
			<report>
				<misses>7351001</misses>
				<total>15</total>
				<timestamp>2423.405094</timestamp>
			</report>
			<report>
				<misses>7352001</misses>
				<total>15</total>
				<timestamp>2423.734799</timestamp>
			</report>
			<report>
				<misses>7353001</misses>
				<total>15</total>
				<timestamp>2424.064448</timestamp>
			</report>
			<report>
				<misses>7354001</misses>
				<total>15</total>
				<timestamp>2424.394117</timestamp>
			</report>
			<report>
				<misses>7355001</misses>
				<total>15</total>
				<timestamp>2424.723814</timestamp>
			</report>
			<report>
				<misses>7356001</misses>
				<total>15</total>
				<timestamp>2425.053433</timestamp>
			</report>
			<report>
				<misses>7357001</misses>
				<total>15</total>
				<timestamp>2425.383140</timestamp>
			</report>
			<report>
				<misses>7358001</misses>
				<total>15</total>
				<timestamp>2425.712830</timestamp>
			</report>
			<report>
				<misses>7359001</misses>
				<total>15</total>
				<timestamp>2426.042439</timestamp>
			</report>
			<report>
				<misses>7360001</misses>
				<total>15</total>
				<timestamp>2426.372135</timestamp>
			</report>
			<report>
				<misses>7361001</misses>
				<total>15</total>
				<timestamp>2426.701797</timestamp>
			</report>
			<report>
				<misses>7362001</misses>
				<total>15</total>
				<timestamp>2427.031465</timestamp>
			</report>
			<report>
				<misses>7363001</misses>
				<total>15</total>
				<timestamp>2427.361129</timestamp>
			</report>
			<report>
				<misses>7364001</misses>
				<total>15</total>
				<timestamp>2427.690813</timestamp>
			</report>
			<report>
				<misses>7365001</misses>
				<total>15</total>
				<timestamp>2428.020458</timestamp>
			</report>
			<report>
				<misses>7366001</misses>
				<total>15</total>
				<timestamp>2428.350190</timestamp>
			</report>
			<report>
				<misses>7367001</misses>
				<total>15</total>
				<timestamp>2428.679832</timestamp>
			</report>
			<report>
				<misses>7368001</misses>
				<total>15</total>
				<timestamp>2429.009484</timestamp>
			</report>
			<report>
				<misses>7369001</misses>
				<total>15</total>
				<timestamp>2429.339191</timestamp>
			</report>
			<report>
				<misses>7370001</misses>
				<total>15</total>
				<timestamp>2429.668852</timestamp>
			</report>
			<report>
				<misses>7371001</misses>
				<total>15</total>
				<timestamp>2429.998490</timestamp>
			</report>
			<report>
				<misses>7372001</misses>
				<total>15</total>
				<timestamp>2430.328242</timestamp>
			</report>
			<report>
				<misses>7373001</misses>
				<total>15</total>
				<timestamp>2430.657865</timestamp>
			</report>
			<report>
				<misses>7374001</misses>
				<total>15</total>
				<timestamp>2430.987505</timestamp>
			</report>
			<report>
				<misses>7375001</misses>
				<total>15</total>
				<timestamp>2431.317182</timestamp>
			</report>
			<report>
				<misses>7376001</misses>
				<total>15</total>
				<timestamp>2431.646858</timestamp>
			</report>
			<report>
				<misses>7377001</misses>
				<total>15</total>
				<timestamp>2431.976500</timestamp>
			</report>
			<report>
				<misses>7378001</misses>
				<total>15</total>
				<timestamp>2432.306191</timestamp>
			</report>
			<report>
				<misses>7379001</misses>
				<total>15</total>
				<timestamp>2432.635938</timestamp>
			</report>
			<report>
				<misses>7380001</misses>
				<total>15</total>
				<timestamp>2432.965519</timestamp>
			</report>
			<report>
				<misses>7381001</misses>
				<total>15</total>
				<timestamp>2433.295202</timestamp>
			</report>
			<report>
				<misses>7382001</misses>
				<total>15</total>
				<timestamp>2433.624870</timestamp>
			</report>
			<report>
				<misses>7383001</misses>
				<total>15</total>
				<timestamp>2433.954518</timestamp>
			</report>
			<report>
				<misses>7384001</misses>
				<total>15</total>
				<timestamp>2434.284216</timestamp>
			</report>
			<report>
				<misses>7385001</misses>
				<total>15</total>
				<timestamp>2434.613870</timestamp>
			</report>
			<report>
				<misses>7386001</misses>
				<total>15</total>
				<timestamp>2434.943534</timestamp>
			</report>
			<report>
				<misses>7387001</misses>
				<total>15</total>
				<timestamp>2435.273222</timestamp>
			</report>
			<report>
				<misses>7388001</misses>
				<total>15</total>
				<timestamp>2435.602881</timestamp>
			</report>
			<report>
				<misses>7389001</misses>
				<total>15</total>
				<timestamp>2435.932585</timestamp>
			</report>
			<report>
				<misses>7390001</misses>
				<total>15</total>
				<timestamp>2436.262246</timestamp>
			</report>
			<report>
				<misses>7391001</misses>
				<total>15</total>
				<timestamp>2436.591936</timestamp>
			</report>
			<report>
				<misses>7392001</misses>
				<total>15</total>
				<timestamp>2436.921556</timestamp>
			</report>
			<report>
				<misses>7393001</misses>
				<total>15</total>
				<timestamp>2437.251277</timestamp>
			</report>
			<report>
				<misses>7394001</misses>
				<total>15</total>
				<timestamp>2437.580900</timestamp>
			</report>
			<report>
				<misses>7395001</misses>
				<total>15</total>
				<timestamp>2437.910576</timestamp>
			</report>
			<report>
				<misses>7396001</misses>
				<total>15</total>
				<timestamp>2438.240288</timestamp>
			</report>
			<report>
				<misses>7397001</misses>
				<total>15</total>
				<timestamp>2438.569907</timestamp>
			</report>
			<report>
				<misses>7398001</misses>
				<total>15</total>
				<timestamp>2438.899612</timestamp>
			</report>
			<report>
				<misses>7399001</misses>
				<total>15</total>
				<timestamp>2439.229236</timestamp>
			</report>
			<report>
				<misses>7400001</misses>
				<total>15</total>
				<timestamp>2439.558912</timestamp>
			</report>
			<report>
				<misses>7401001</misses>
				<total>15</total>
				<timestamp>2439.888596</timestamp>
			</report>
			<report>
				<misses>7402001</misses>
				<total>15</total>
				<timestamp>2440.218265</timestamp>
			</report>
			<report>
				<misses>7403001</misses>
				<total>15</total>
				<timestamp>2440.547926</timestamp>
			</report>
			<report>
				<misses>7404001</misses>
				<total>15</total>
				<timestamp>2440.877595</timestamp>
			</report>
			<report>
				<misses>7405001</misses>
				<total>15</total>
				<timestamp>2441.207260</timestamp>
			</report>
			<report>
				<misses>7406001</misses>
				<total>15</total>
				<timestamp>2441.536963</timestamp>
			</report>
			<report>
				<misses>7407001</misses>
				<total>15</total>
				<timestamp>2441.866642</timestamp>
			</report>
			<report>
				<misses>7408001</misses>
				<total>15</total>
				<timestamp>2442.196279</timestamp>
			</report>
			<report>
				<misses>7409001</misses>
				<total>15</total>
				<timestamp>2442.525987</timestamp>
			</report>
			<report>
				<misses>7410001</misses>
				<total>15</total>
				<timestamp>2442.855655</timestamp>
			</report>
			<report>
				<misses>7411001</misses>
				<total>15</total>
				<timestamp>2443.185279</timestamp>
			</report>
			<report>
				<misses>7412001</misses>
				<total>15</total>
				<timestamp>2443.514949</timestamp>
			</report>
			<report>
				<misses>7413001</misses>
				<total>15</total>
				<timestamp>2443.844638</timestamp>
			</report>
			<report>
				<misses>7414001</misses>
				<total>15</total>
				<timestamp>2444.174291</timestamp>
			</report>
			<report>
				<misses>7415001</misses>
				<total>15</total>
				<timestamp>2444.503972</timestamp>
			</report>
			<report>
				<misses>7416001</misses>
				<total>15</total>
				<timestamp>2444.833666</timestamp>
			</report>
			<report>
				<misses>7417001</misses>
				<total>15</total>
				<timestamp>2445.163304</timestamp>
			</report>
			<report>
				<misses>7418001</misses>
				<total>15</total>
				<timestamp>2445.493045</timestamp>
			</report>
			<report>
				<misses>7419001</misses>
				<total>15</total>
				<timestamp>2445.822656</timestamp>
			</report>
			<report>
				<misses>7420001</misses>
				<total>15</total>
				<timestamp>2446.152335</timestamp>
			</report>
			<report>
				<misses>7421001</misses>
				<total>15</total>
				<timestamp>2446.482005</timestamp>
			</report>
			<report>
				<misses>7422001</misses>
				<total>16</total>
				<timestamp>2446.811651</timestamp>
			</report>
			<report>
				<misses>7423001</misses>
				<total>16</total>
				<timestamp>2447.141328</timestamp>
			</report>
			<report>
				<misses>7424001</misses>
				<total>16</total>
				<timestamp>2447.471004</timestamp>
			</report>
			<report>
				<misses>7425001</misses>
				<total>16</total>
				<timestamp>2447.800678</timestamp>
			</report>
			<report>
				<misses>7426001</misses>
				<total>16</total>
				<timestamp>2448.130345</timestamp>
			</report>
			<report>
				<misses>7427001</misses>
				<total>16</total>
				<timestamp>2448.460063</timestamp>
			</report>
			<report>
				<misses>7428001</misses>
				<total>16</total>
				<timestamp>2448.789682</timestamp>
			</report>
			<report>
				<misses>7429001</misses>
				<total>16</total>
				<timestamp>2449.119355</timestamp>
			</report>
			<report>
				<misses>7430001</misses>
				<total>16</total>
				<timestamp>2449.449075</timestamp>
			</report>
			<report>
				<misses>7431001</misses>
				<total>16</total>
				<timestamp>2449.778709</timestamp>
			</report>
			<report>
				<misses>7432001</misses>
				<total>16</total>
				<timestamp>2450.108350</timestamp>
			</report>
			<report>
				<misses>7433001</misses>
				<total>16</total>
				<timestamp>2450.438103</timestamp>
			</report>
			<report>
				<misses>7434001</misses>
				<total>16</total>
				<timestamp>2450.767725</timestamp>
			</report>
			<report>
				<misses>7435001</misses>
				<total>16</total>
				<timestamp>2451.097364</timestamp>
			</report>
			<report>
				<misses>7436001</misses>
				<total>16</total>
				<timestamp>2451.427060</timestamp>
			</report>
			<report>
				<misses>7437001</misses>
				<total>16</total>
				<timestamp>2451.756719</timestamp>
			</report>
			<report>
				<misses>7438001</misses>
				<total>16</total>
				<timestamp>2452.086380</timestamp>
			</report>
			<report>
				<misses>7439001</misses>
				<total>16</total>
				<timestamp>2452.416061</timestamp>
			</report>
			<report>
				<misses>7440001</misses>
				<total>16</total>
				<timestamp>2452.745741</timestamp>
			</report>
			<report>
				<misses>7441001</misses>
				<total>16</total>
				<timestamp>2453.075391</timestamp>
			</report>
			<report>
				<misses>7442001</misses>
				<total>16</total>
				<timestamp>2453.405094</timestamp>
			</report>
			<report>
				<misses>7443001</misses>
				<total>16</total>
				<timestamp>2453.734732</timestamp>
			</report>
			<report>
				<misses>7444001</misses>
				<total>16</total>
				<timestamp>2454.064398</timestamp>
			</report>
			<report>
				<misses>7445001</misses>
				<total>16</total>
				<timestamp>2454.394085</timestamp>
			</report>
			<report>
				<misses>7446001</misses>
				<total>16</total>
				<timestamp>2454.723790</timestamp>
			</report>
			<report>
				<misses>7447001</misses>
				<total>16</total>
				<timestamp>2455.053405</timestamp>
			</report>
			<report>
				<misses>7448001</misses>
				<total>16</total>
				<timestamp>2455.383094</timestamp>
			</report>
			<report>
				<misses>7449001</misses>
				<total>16</total>
				<timestamp>2455.712776</timestamp>
			</report>
			<report>
				<misses>7450001</misses>
				<total>16</total>
				<timestamp>2456.042451</timestamp>
			</report>
			<report>
				<misses>7451001</misses>
				<total>16</total>
				<timestamp>2456.372105</timestamp>
			</report>
			<report>
				<misses>7452001</misses>
				<total>16</total>
				<timestamp>2456.701769</timestamp>
			</report>
			<report>
				<misses>7453001</misses>
				<total>16</total>
				<timestamp>2457.031416</timestamp>
			</report>
			<report>
				<misses>7454001</misses>
				<total>16</total>
				<timestamp>2457.361123</timestamp>
			</report>
			<report>
				<misses>7455001</misses>
				<total>16</total>
				<timestamp>2457.690769</timestamp>
			</report>
			<report>
				<misses>7456001</misses>
				<total>16</total>
				<timestamp>2458.020453</timestamp>
			</report>
			<report>
				<misses>7457001</misses>
				<total>16</total>
				<timestamp>2458.350125</timestamp>
			</report>
			<report>
				<misses>7458001</misses>
				<total>16</total>
				<timestamp>2458.679765</timestamp>
			</report>
			<report>
				<misses>7459001</misses>
				<total>16</total>
				<timestamp>2459.009459</timestamp>
			</report>
			<report>
				<misses>7460001</misses>
				<total>16</total>
				<timestamp>2459.339127</timestamp>
			</report>
			<report>
				<misses>7461001</misses>
				<total>16</total>
				<timestamp>2459.668775</timestamp>
			</report>
			<report>
				<misses>7462001</misses>
				<total>16</total>
				<timestamp>2459.998468</timestamp>
			</report>
			<report>
				<misses>7463001</misses>
				<total>16</total>
				<timestamp>2460.328133</timestamp>
			</report>
			<report>
				<misses>7464001</misses>
				<total>16</total>
				<timestamp>2460.657800</timestamp>
			</report>
			<report>
				<misses>7465001</misses>
				<total>16</total>
				<timestamp>2460.987463</timestamp>
			</report>
			<report>
				<misses>7466001</misses>
				<total>16</total>
				<timestamp>2461.317152</timestamp>
			</report>
			<report>
				<misses>7467001</misses>
				<total>16</total>
				<timestamp>2461.646810</timestamp>
			</report>
			<report>
				<misses>7468001</misses>
				<total>16</total>
				<timestamp>2461.976540</timestamp>
			</report>
			<report>
				<misses>7469001</misses>
				<total>16</total>
				<timestamp>2462.306179</timestamp>
			</report>
			<report>
				<misses>7470001</misses>
				<total>16</total>
				<timestamp>2462.635815</timestamp>
			</report>
			<report>
				<misses>7471001</misses>
				<total>16</total>
				<timestamp>2462.965515</timestamp>
			</report>
			<report>
				<misses>7472001</misses>
				<total>16</total>
				<timestamp>2463.295164</timestamp>
			</report>
			<report>
				<misses>7473001</misses>
				<total>16</total>
				<timestamp>2463.624824</timestamp>
			</report>
			<report>
				<misses>7474001</misses>
				<total>16</total>
				<timestamp>2463.954513</timestamp>
			</report>
			<report>
				<misses>7475001</misses>
				<total>16</total>
				<timestamp>2464.284164</timestamp>
			</report>
			<report>
				<misses>7476001</misses>
				<total>16</total>
				<timestamp>2464.613900</timestamp>
			</report>
			<report>
				<misses>7477001</misses>
				<total>16</total>
				<timestamp>2464.943547</timestamp>
			</report>
			<report>
				<misses>7478001</misses>
				<total>16</total>
				<timestamp>2465.273185</timestamp>
			</report>
			<report>
				<misses>7479001</misses>
				<total>16</total>
				<timestamp>2465.602918</timestamp>
			</report>
			<report>
				<misses>7480001</misses>
				<total>16</total>
				<timestamp>2465.932514</timestamp>
			</report>
			<report>
				<misses>7481001</misses>
				<total>16</total>
				<timestamp>2466.262192</timestamp>
			</report>
			<report>
				<misses>7482001</misses>
				<total>16</total>
				<timestamp>2466.591860</timestamp>
			</report>
			<report>
				<misses>7483001</misses>
				<total>16</total>
				<timestamp>2466.921541</timestamp>
			</report>
			<report>
				<misses>7484001</misses>
				<total>16</total>
				<timestamp>2467.251218</timestamp>
			</report>
			<report>
				<misses>7485001</misses>
				<total>16</total>
				<timestamp>2467.580892</timestamp>
			</report>
			<report>
				<misses>7486001</misses>
				<total>16</total>
				<timestamp>2467.910538</timestamp>
			</report>
			<report>
				<misses>7487001</misses>
				<total>16</total>
				<timestamp>2468.240231</timestamp>
			</report>
			<report>
				<misses>7488001</misses>
				<total>16</total>
				<timestamp>2468.569877</timestamp>
			</report>
			<report>
				<misses>7489001</misses>
				<total>16</total>
				<timestamp>2468.899548</timestamp>
			</report>
			<report>
				<misses>7490001</misses>
				<total>16</total>
				<timestamp>2469.229231</timestamp>
			</report>
			<report>
				<misses>7491001</misses>
				<total>16</total>
				<timestamp>2469.558956</timestamp>
			</report>
			<report>
				<misses>7492001</misses>
				<total>16</total>
				<timestamp>2469.888555</timestamp>
			</report>
			<report>
				<misses>7493001</misses>
				<total>16</total>
				<timestamp>2470.218245</timestamp>
			</report>
			<report>
				<misses>7494001</misses>
				<total>16</total>
				<timestamp>2470.547947</timestamp>
			</report>
			<report>
				<misses>7495001</misses>
				<total>16</total>
				<timestamp>2470.877571</timestamp>
			</report>
			<report>
				<misses>7496001</misses>
				<total>16</total>
				<timestamp>2471.207263</timestamp>
			</report>
			<report>
				<misses>7497001</misses>
				<total>16</total>
				<timestamp>2471.536908</timestamp>
			</report>
			<report>
				<misses>7498001</misses>
				<total>16</total>
				<timestamp>2471.866617</timestamp>
			</report>
			<report>
				<misses>7499001</misses>
				<total>16</total>
				<timestamp>2472.196252</timestamp>
			</report>
			<report>
				<misses>7500001</misses>
				<total>16</total>
				<timestamp>2472.525974</timestamp>
			</report>
			<report>
				<misses>7501001</misses>
				<total>16</total>
				<timestamp>2472.855606</timestamp>
			</report>
			<report>
				<misses>7502001</misses>
				<total>16</total>
				<timestamp>2473.185277</timestamp>
			</report>
			<report>
				<misses>7503001</misses>
				<total>16</total>
				<timestamp>2473.514990</timestamp>
			</report>
			<report>
				<misses>7504001</misses>
				<total>16</total>
				<timestamp>2473.844608</timestamp>
			</report>
			<report>
				<misses>7505001</misses>
				<total>16</total>
				<timestamp>2474.174277</timestamp>
			</report>
			<report>
				<misses>7506001</misses>
				<total>16</total>
				<timestamp>2474.503952</timestamp>
			</report>
			<report>
				<misses>7507001</misses>
				<total>16</total>
				<timestamp>2474.833610</timestamp>
			</report>
			<report>
				<misses>7508001</misses>
				<total>16</total>
				<timestamp>2475.163287</timestamp>
			</report>
			<report>
				<misses>7509001</misses>
				<total>16</total>
				<timestamp>2475.492974</timestamp>
			</report>
			<report>
				<misses>7510001</misses>
				<total>16</total>
				<timestamp>2475.822631</timestamp>
			</report>
			<report>
				<misses>7511001</misses>
				<total>16</total>
				<timestamp>2476.152287</timestamp>
			</report>
			<report>
				<misses>7512001</misses>
				<total>16</total>
				<timestamp>2476.481959</timestamp>
			</report>
			<report>
				<misses>7513001</misses>
				<total>16</total>
				<timestamp>2476.811648</timestamp>
			</report>
			<report>
				<misses>7514001</misses>
				<total>16</total>
				<timestamp>2477.141302</timestamp>
			</report>
			<report>
				<misses>7515001</misses>
				<total>16</total>
				<timestamp>2477.470971</timestamp>
			</report>
			<report>
				<misses>7516001</misses>
				<total>16</total>
				<timestamp>2477.800629</timestamp>
			</report>
			<report>
				<misses>7517001</misses>
				<total>16</total>
				<timestamp>2478.130315</timestamp>
			</report>
			<report>
				<misses>7518001</misses>
				<total>16</total>
				<timestamp>2478.459974</timestamp>
			</report>
			<report>
				<misses>7519001</misses>
				<total>16</total>
				<timestamp>2478.789631</timestamp>
			</report>
			<report>
				<misses>7520001</misses>
				<total>16</total>
				<timestamp>2479.119303</timestamp>
			</report>
			<report>
				<misses>7521001</misses>
				<total>16</total>
				<timestamp>2479.448980</timestamp>
			</report>
			<report>
				<misses>7522001</misses>
				<total>16</total>
				<timestamp>2479.778660</timestamp>
			</report>
			<report>
				<misses>7523001</misses>
				<total>16</total>
				<timestamp>2480.108353</timestamp>
			</report>
			<report>
				<misses>7524001</misses>
				<total>16</total>
				<timestamp>2480.438033</timestamp>
			</report>
			<report>
				<misses>7525001</misses>
				<total>16</total>
				<timestamp>2480.767708</timestamp>
			</report>
			<report>
				<misses>7526001</misses>
				<total>16</total>
				<timestamp>2481.097401</timestamp>
			</report>
			<report>
				<misses>7527001</misses>
				<total>16</total>
				<timestamp>2481.427025</timestamp>
			</report>
			<report>
				<misses>7528001</misses>
				<total>16</total>
				<timestamp>2481.756675</timestamp>
			</report>
			<report>
				<misses>7529001</misses>
				<total>16</total>
				<timestamp>2482.086436</timestamp>
			</report>
			<report>
				<misses>7530001</misses>
				<total>16</total>
				<timestamp>2482.416032</timestamp>
			</report>
			<report>
				<misses>7531001</misses>
				<total>16</total>
				<timestamp>2482.745703</timestamp>
			</report>
			<report>
				<misses>7532001</misses>
				<total>16</total>
				<timestamp>2483.075412</timestamp>
			</report>
			<report>
				<misses>7533001</misses>
				<total>16</total>
				<timestamp>2483.405033</timestamp>
			</report>
			<report>
				<misses>7534001</misses>
				<total>16</total>
				<timestamp>2483.734715</timestamp>
			</report>
			<report>
				<misses>7535001</misses>
				<total>16</total>
				<timestamp>2484.064412</timestamp>
			</report>
			<report>
				<misses>7536001</misses>
				<total>16</total>
				<timestamp>2484.394052</timestamp>
			</report>
			<report>
				<misses>7537001</misses>
				<total>16</total>
				<timestamp>2484.723713</timestamp>
			</report>
			<report>
				<misses>7538001</misses>
				<total>16</total>
				<timestamp>2485.053408</timestamp>
			</report>
			<report>
				<misses>7539001</misses>
				<total>16</total>
				<timestamp>2485.383074</timestamp>
			</report>
			<report>
				<misses>7540001</misses>
				<total>16</total>
				<timestamp>2485.712778</timestamp>
			</report>
			<report>
				<misses>7541001</misses>
				<total>16</total>
				<timestamp>2486.042428</timestamp>
			</report>
			<report>
				<misses>7542001</misses>
				<total>16</total>
				<timestamp>2486.372057</timestamp>
			</report>
			<report>
				<misses>7543001</misses>
				<total>16</total>
				<timestamp>2486.701732</timestamp>
			</report>
			<report>
				<misses>7544001</misses>
				<total>16</total>
				<timestamp>2487.031400</timestamp>
			</report>
			<report>
				<misses>7545001</misses>
				<total>16</total>
				<timestamp>2487.361071</timestamp>
			</report>
			<report>
				<misses>7546001</misses>
				<total>16</total>
				<timestamp>2487.690719</timestamp>
			</report>
			<report>
				<misses>7547001</misses>
				<total>16</total>
				<timestamp>2488.020449</timestamp>
			</report>
			<report>
				<misses>7548001</misses>
				<total>16</total>
				<timestamp>2488.350080</timestamp>
			</report>
			<report>
				<misses>7549001</misses>
				<total>16</total>
				<timestamp>2488.679791</timestamp>
			</report>
			<report>
				<misses>7550001</misses>
				<total>16</total>
				<timestamp>2489.009430</timestamp>
			</report>
			<report>
				<misses>7551001</misses>
				<total>16</total>
				<timestamp>2489.339122</timestamp>
			</report>
			<report>
				<misses>7552001</misses>
				<total>16</total>
				<timestamp>2489.668805</timestamp>
			</report>
			<report>
				<misses>7553001</misses>
				<total>16</total>
				<timestamp>2489.998423</timestamp>
			</report>
			<report>
				<misses>7554001</misses>
				<total>16</total>
				<timestamp>2490.328119</timestamp>
			</report>
			<report>
				<misses>7555001</misses>
				<total>16</total>
				<timestamp>2490.657792</timestamp>
			</report>
			<report>
				<misses>7556001</misses>
				<total>16</total>
				<timestamp>2490.987444</timestamp>
			</report>
			<report>
				<misses>7557001</misses>
				<total>16</total>
				<timestamp>2491.317112</timestamp>
			</report>
			<report>
				<misses>7558001</misses>
				<total>16</total>
				<timestamp>2491.646786</timestamp>
			</report>
			<report>
				<misses>7559001</misses>
				<total>16</total>
				<timestamp>2491.976510</timestamp>
			</report>
			<report>
				<misses>7560001</misses>
				<total>16</total>
				<timestamp>2492.306124</timestamp>
			</report>
			<report>
				<misses>7561001</misses>
				<total>16</total>
				<timestamp>2492.635805</timestamp>
			</report>
			<report>
				<misses>7562001</misses>
				<total>16</total>
				<timestamp>2492.965487</timestamp>
			</report>
			<report>
				<misses>7563001</misses>
				<total>16</total>
				<timestamp>2493.295136</timestamp>
			</report>
			<report>
				<misses>7564001</misses>
				<total>16</total>
				<timestamp>2493.624788</timestamp>
			</report>
			<report>
				<misses>7565001</misses>
				<total>16</total>
				<timestamp>2493.954471</timestamp>
			</report>
			<report>
				<misses>7566001</misses>
				<total>16</total>
				<timestamp>2494.284137</timestamp>
			</report>
			<report>
				<misses>7567001</misses>
				<total>16</total>
				<timestamp>2494.613889</timestamp>
			</report>
			<report>
				<misses>7568001</misses>
				<total>16</total>
				<timestamp>2494.943486</timestamp>
			</report>
			<report>
				<misses>7569001</misses>
				<total>16</total>
				<timestamp>2495.273143</timestamp>
			</report>
			<report>
				<misses>7570001</misses>
				<total>16</total>
				<timestamp>2495.602874</timestamp>
			</report>
			<report>
				<misses>7571001</misses>
				<total>16</total>
				<timestamp>2495.932493</timestamp>
			</report>
			<report>
				<misses>7572001</misses>
				<total>16</total>
				<timestamp>2496.262156</timestamp>
			</report>
			<report>
				<misses>7573001</misses>
				<total>16</total>
				<timestamp>2496.591839</timestamp>
			</report>
			<report>
				<misses>7574001</misses>
				<total>16</total>
				<timestamp>2496.921549</timestamp>
			</report>
			<report>
				<misses>7575001</misses>
				<total>16</total>
				<timestamp>2497.251162</timestamp>
			</report>
			<report>
				<misses>7576001</misses>
				<total>16</total>
				<timestamp>2497.580859</timestamp>
			</report>
			<report>
				<misses>7577001</misses>
				<total>16</total>
				<timestamp>2497.910512</timestamp>
			</report>
			<report>
				<misses>7578001</misses>
				<total>16</total>
				<timestamp>2498.240171</timestamp>
			</report>
			<report>
				<misses>7579001</misses>
				<total>16</total>
				<timestamp>2498.569902</timestamp>
			</report>
			<report>
				<misses>7580001</misses>
				<total>16</total>
				<timestamp>2498.899515</timestamp>
			</report>
			<report>
				<misses>7581001</misses>
				<total>16</total>
				<timestamp>2499.229182</timestamp>
			</report>
			<report>
				<misses>7582001</misses>
				<total>16</total>
				<timestamp>2499.558878</timestamp>
			</report>
			<report>
				<misses>7583001</misses>
				<total>16</total>
				<timestamp>2499.888520</timestamp>
			</report>
			<report>
				<misses>7584001</misses>
				<total>16</total>
				<timestamp>2500.218130</timestamp>
			</report>
			<report>
				<misses>7585001</misses>
				<total>16</total>
				<timestamp>2500.547884</timestamp>
			</report>
			<report>
				<misses>7586001</misses>
				<total>16</total>
				<timestamp>2500.877544</timestamp>
			</report>
			<report>
				<misses>7587001</misses>
				<total>16</total>
				<timestamp>2501.207337</timestamp>
			</report>
			<report>
				<misses>7588001</misses>
				<total>16</total>
				<timestamp>2501.536870</timestamp>
			</report>
			<report>
				<misses>7589001</misses>
				<total>16</total>
				<timestamp>2501.866544</timestamp>
			</report>
			<report>
				<misses>7590001</misses>
				<total>16</total>
				<timestamp>2502.196209</timestamp>
			</report>
			<report>
				<misses>7591001</misses>
				<total>16</total>
				<timestamp>2502.525947</timestamp>
			</report>
			<report>
				<misses>7592001</misses>
				<total>16</total>
				<timestamp>2502.855548</timestamp>
			</report>
			<report>
				<misses>7593001</misses>
				<total>16</total>
				<timestamp>2503.185262</timestamp>
			</report>
			<report>
				<misses>7594001</misses>
				<total>16</total>
				<timestamp>2503.514945</timestamp>
			</report>
			<report>
				<misses>7595001</misses>
				<total>16</total>
				<timestamp>2503.844572</timestamp>
			</report>
			<report>
				<misses>7596001</misses>
				<total>16</total>
				<timestamp>2504.174279</timestamp>
			</report>
			<report>
				<misses>7597001</misses>
				<total>16</total>
				<timestamp>2504.503905</timestamp>
			</report>
			<report>
				<misses>7598001</misses>
				<total>16</total>
				<timestamp>2504.833594</timestamp>
			</report>
			<report>
				<misses>7599001</misses>
				<total>16</total>
				<timestamp>2505.163260</timestamp>
			</report>
			<report>
				<misses>7600001</misses>
				<total>16</total>
				<timestamp>2505.492907</timestamp>
			</report>
			<report>
				<misses>7601001</misses>
				<total>16</total>
				<timestamp>2505.822605</timestamp>
			</report>
			<report>
				<misses>7602001</misses>
				<total>16</total>
				<timestamp>2506.152384</timestamp>
			</report>
			<report>
				<misses>7603001</misses>
				<total>16</total>
				<timestamp>2506.481940</timestamp>
			</report>
			<report>
				<misses>7604001</misses>
				<total>16</total>
				<timestamp>2506.811602</timestamp>
			</report>
			<report>
				<misses>7605001</misses>
				<total>16</total>
				<timestamp>2507.141273</timestamp>
			</report>
			<report>
				<misses>7606001</misses>
				<total>16</total>
				<timestamp>2507.470926</timestamp>
			</report>
			<report>
				<misses>7607001</misses>
				<total>16</total>
				<timestamp>2507.800608</timestamp>
			</report>
			<report>
				<misses>7608001</misses>
				<total>16</total>
				<timestamp>2508.130283</timestamp>
			</report>
			<report>
				<misses>7609001</misses>
				<total>16</total>
				<timestamp>2508.459946</timestamp>
			</report>
			<report>
				<misses>7610001</misses>
				<total>16</total>
				<timestamp>2508.789612</timestamp>
			</report>
			<report>
				<misses>7611001</misses>
				<total>16</total>
				<timestamp>2509.119315</timestamp>
			</report>
			<report>
				<misses>7612001</misses>
				<total>16</total>
				<timestamp>2509.448966</timestamp>
			</report>
			<report>
				<misses>7613001</misses>
				<total>16</total>
				<timestamp>2509.778679</timestamp>
			</report>
			<report>
				<misses>7614001</misses>
				<total>16</total>
				<timestamp>2510.108308</timestamp>
			</report>
			<report>
				<misses>7615001</misses>
				<total>16</total>
				<timestamp>2510.437975</timestamp>
			</report>
			<report>
				<misses>7616001</misses>
				<total>16</total>
				<timestamp>2510.767712</timestamp>
			</report>
			<report>
				<misses>7617001</misses>
				<total>16</total>
				<timestamp>2511.097365</timestamp>
			</report>
			<report>
				<misses>7618001</misses>
				<total>16</total>
				<timestamp>2511.426987</timestamp>
			</report>
			<report>
				<misses>7619001</misses>
				<total>16</total>
				<timestamp>2511.756671</timestamp>
			</report>
			<report>
				<misses>7620001</misses>
				<total>16</total>
				<timestamp>2512.086332</timestamp>
			</report>
			<report>
				<misses>7621001</misses>
				<total>16</total>
				<timestamp>2512.416011</timestamp>
			</report>
			<report>
				<misses>7622001</misses>
				<total>16</total>
				<timestamp>2512.745763</timestamp>
			</report>
			<report>
				<misses>7623001</misses>
				<total>16</total>
				<timestamp>2513.075336</timestamp>
			</report>
			<report>
				<misses>7624001</misses>
				<total>16</total>
				<timestamp>2513.405008</timestamp>
			</report>
			<report>
				<misses>7625001</misses>
				<total>16</total>
				<timestamp>2513.734697</timestamp>
			</report>
			<report>
				<misses>7626001</misses>
				<total>16</total>
				<timestamp>2514.064356</timestamp>
			</report>
			<report>
				<misses>7627001</misses>
				<total>16</total>
				<timestamp>2514.394012</timestamp>
			</report>
			<report>
				<misses>7628001</misses>
				<total>16</total>
				<timestamp>2514.723700</timestamp>
			</report>
			<report>
				<misses>7629001</misses>
				<total>16</total>
				<timestamp>2515.053365</timestamp>
			</report>
			<report>
				<misses>7630001</misses>
				<total>16</total>
				<timestamp>2515.383040</timestamp>
			</report>
			<report>
				<misses>7631001</misses>
				<total>16</total>
				<timestamp>2515.712716</timestamp>
			</report>
			<report>
				<misses>7632001</misses>
				<total>16</total>
				<timestamp>2516.042359</timestamp>
			</report>
			<report>
				<misses>7633001</misses>
				<total>16</total>
				<timestamp>2516.372037</timestamp>
			</report>
			<report>
				<misses>7634001</misses>
				<total>16</total>
				<timestamp>2516.701759</timestamp>
			</report>
			<report>
				<misses>7635001</misses>
				<total>16</total>
				<timestamp>2517.031386</timestamp>
			</report>
			<report>
				<misses>7636001</misses>
				<total>16</total>
				<timestamp>2517.361041</timestamp>
			</report>
			<report>
				<misses>7637001</misses>
				<total>16</total>
				<timestamp>2517.690758</timestamp>
			</report>
			<report>
				<misses>7638001</misses>
				<total>16</total>
				<timestamp>2518.020374</timestamp>
			</report>
			<report>
				<misses>7639001</misses>
				<total>16</total>
				<timestamp>2518.350043</timestamp>
			</report>
			<report>
				<misses>7640001</misses>
				<total>16</total>
				<timestamp>2518.679715</timestamp>
			</report>
			<report>
				<misses>7641001</misses>
				<total>16</total>
				<timestamp>2519.009378</timestamp>
			</report>
			<report>
				<misses>7642001</misses>
				<total>16</total>
				<timestamp>2519.339129</timestamp>
			</report>
			<report>
				<misses>7643001</misses>
				<total>16</total>
				<timestamp>2519.668761</timestamp>
			</report>
			<report>
				<misses>7644001</misses>
				<total>16</total>
				<timestamp>2519.998402</timestamp>
			</report>
			<report>
				<misses>7645001</misses>
				<total>16</total>
				<timestamp>2520.328081</timestamp>
			</report>
			<report>
				<misses>7646001</misses>
				<total>16</total>
				<timestamp>2520.657747</timestamp>
			</report>
			<report>
				<misses>7647001</misses>
				<total>16</total>
				<timestamp>2520.987422</timestamp>
			</report>
			<report>
				<misses>7648001</misses>
				<total>16</total>
				<timestamp>2521.317139</timestamp>
			</report>
			<report>
				<misses>7649001</misses>
				<total>16</total>
				<timestamp>2521.646770</timestamp>
			</report>
			<report>
				<misses>7650001</misses>
				<total>16</total>
				<timestamp>2521.976411</timestamp>
			</report>
			<report>
				<misses>7651001</misses>
				<total>16</total>
				<timestamp>2522.306149</timestamp>
			</report>
			<report>
				<misses>7652001</misses>
				<total>16</total>
				<timestamp>2522.635806</timestamp>
			</report>
			<report>
				<misses>7653001</misses>
				<total>16</total>
				<timestamp>2522.965440</timestamp>
			</report>
			<report>
				<misses>7654001</misses>
				<total>16</total>
				<timestamp>2523.295150</timestamp>
			</report>
			<report>
				<misses>7655001</misses>
				<total>16</total>
				<timestamp>2523.624755</timestamp>
			</report>
			<report>
				<misses>7656001</misses>
				<total>16</total>
				<timestamp>2523.954418</timestamp>
			</report>
			<report>
				<misses>7657001</misses>
				<total>16</total>
				<timestamp>2524.284120</timestamp>
			</report>
			<report>
				<misses>7658001</misses>
				<total>16</total>
				<timestamp>2524.613837</timestamp>
			</report>
			<report>
				<misses>7659001</misses>
				<total>16</total>
				<timestamp>2524.943444</timestamp>
			</report>
			<report>
				<misses>7660001</misses>
				<total>16</total>
				<timestamp>2525.273166</timestamp>
			</report>
			<report>
				<misses>7661001</misses>
				<total>16</total>
				<timestamp>2525.602849</timestamp>
			</report>
			<report>
				<misses>7662001</misses>
				<total>16</total>
				<timestamp>2525.932444</timestamp>
			</report>
			<report>
				<misses>7663001</misses>
				<total>16</total>
				<timestamp>2526.262145</timestamp>
			</report>
			<report>
				<misses>7664001</misses>
				<total>16</total>
				<timestamp>2526.591813</timestamp>
			</report>
			<report>
				<misses>7665001</misses>
				<total>16</total>
				<timestamp>2526.921505</timestamp>
			</report>
			<report>
				<misses>7666001</misses>
				<total>16</total>
				<timestamp>2527.251160</timestamp>
			</report>
			<report>
				<misses>7667001</misses>
				<total>16</total>
				<timestamp>2527.580813</timestamp>
			</report>
			<report>
				<misses>7668001</misses>
				<total>16</total>
				<timestamp>2527.910474</timestamp>
			</report>
			<report>
				<misses>7669001</misses>
				<total>16</total>
				<timestamp>2528.240157</timestamp>
			</report>
			<report>
				<misses>7670001</misses>
				<total>16</total>
				<timestamp>2528.569833</timestamp>
			</report>
			<report>
				<misses>7671001</misses>
				<total>16</total>
				<timestamp>2528.899487</timestamp>
			</report>
			<report>
				<misses>7672001</misses>
				<total>16</total>
				<timestamp>2529.229241</timestamp>
			</report>
			<report>
				<misses>7673001</misses>
				<total>16</total>
				<timestamp>2529.558863</timestamp>
			</report>
			<report>
				<misses>7674001</misses>
				<total>16</total>
				<timestamp>2529.888494</timestamp>
			</report>
			<report>
				<misses>7675001</misses>
				<total>16</total>
				<timestamp>2530.218177</timestamp>
			</report>
			<report>
				<misses>7676001</misses>
				<total>16</total>
				<timestamp>2530.547855</timestamp>
			</report>
			<report>
				<misses>7677001</misses>
				<total>16</total>
				<timestamp>2530.877509</timestamp>
			</report>
			<report>
				<misses>7678001</misses>
				<total>16</total>
				<timestamp>2531.207169</timestamp>
			</report>
			<report>
				<misses>7679001</misses>
				<total>16</total>
				<timestamp>2531.536850</timestamp>
			</report>
			<report>
				<misses>7680001</misses>
				<total>16</total>
				<timestamp>2531.866599</timestamp>
			</report>
			<report>
				<misses>7681001</misses>
				<total>16</total>
				<timestamp>2532.196213</timestamp>
			</report>
			<report>
				<misses>7682001</misses>
				<total>16</total>
				<timestamp>2532.525857</timestamp>
			</report>
			<report>
				<misses>7683001</misses>
				<total>16</total>
				<timestamp>2532.855620</timestamp>
			</report>
			<report>
				<misses>7684001</misses>
				<total>16</total>
				<timestamp>2533.185208</timestamp>
			</report>
			<report>
				<misses>7685001</misses>
				<total>16</total>
				<timestamp>2533.514872</timestamp>
			</report>
			<report>
				<misses>7686001</misses>
				<total>16</total>
				<timestamp>2533.844549</timestamp>
			</report>
			<report>
				<misses>7687001</misses>
				<total>16</total>
				<timestamp>2534.174227</timestamp>
			</report>
			<report>
				<misses>7688001</misses>
				<total>16</total>
				<timestamp>2534.503879</timestamp>
			</report>
			<report>
				<misses>7689001</misses>
				<total>16</total>
				<timestamp>2534.833568</timestamp>
			</report>
			<report>
				<misses>7690001</misses>
				<total>16</total>
				<timestamp>2535.163220</timestamp>
			</report>
			<report>
				<misses>7691001</misses>
				<total>16</total>
				<timestamp>2535.492901</timestamp>
			</report>
			<report>
				<misses>7692001</misses>
				<total>16</total>
				<timestamp>2535.822631</timestamp>
			</report>
			<report>
				<misses>7693001</misses>
				<total>16</total>
				<timestamp>2536.152242</timestamp>
			</report>
			<report>
				<misses>7694001</misses>
				<total>16</total>
				<timestamp>2536.481899</timestamp>
			</report>
			<report>
				<misses>7695001</misses>
				<total>16</total>
				<timestamp>2536.811576</timestamp>
			</report>
			<report>
				<misses>7696001</misses>
				<total>16</total>
				<timestamp>2537.141233</timestamp>
			</report>
			<report>
				<misses>7697001</misses>
				<total>16</total>
				<timestamp>2537.470910</timestamp>
			</report>
			<report>
				<misses>7698001</misses>
				<total>16</total>
				<timestamp>2537.800602</timestamp>
			</report>
			<report>
				<misses>7699001</misses>
				<total>16</total>
				<timestamp>2538.130245</timestamp>
			</report>
			<report>
				<misses>7700001</misses>
				<total>16</total>
				<timestamp>2538.460023</timestamp>
			</report>
			<report>
				<misses>7701001</misses>
				<total>16</total>
				<timestamp>2538.789612</timestamp>
			</report>
			<report>
				<misses>7702001</misses>
				<total>16</total>
				<timestamp>2539.119268</timestamp>
			</report>
			<report>
				<misses>7703001</misses>
				<total>16</total>
				<timestamp>2539.448935</timestamp>
			</report>
			<report>
				<misses>7704001</misses>
				<total>16</total>
				<timestamp>2539.778604</timestamp>
			</report>
			<report>
				<misses>7705001</misses>
				<total>16</total>
				<timestamp>2540.108264</timestamp>
			</report>
			<report>
				<misses>7706001</misses>
				<total>16</total>
				<timestamp>2540.437924</timestamp>
			</report>
			<report>
				<misses>7707001</misses>
				<total>16</total>
				<timestamp>2540.767619</timestamp>
			</report>
			<report>
				<misses>7708001</misses>
				<total>16</total>
				<timestamp>2541.097269</timestamp>
			</report>
			<report>
				<misses>7709001</misses>
				<total>16</total>
				<timestamp>2541.426963</timestamp>
			</report>
			<report>
				<misses>7710001</misses>
				<total>16</total>
				<timestamp>2541.756637</timestamp>
			</report>
			<report>
				<misses>7711001</misses>
				<total>16</total>
				<timestamp>2542.086306</timestamp>
			</report>
			<report>
				<misses>7712001</misses>
				<total>16</total>
				<timestamp>2542.415979</timestamp>
			</report>
			<report>
				<misses>7713001</misses>
				<total>16</total>
				<timestamp>2542.745664</timestamp>
			</report>
			<report>
				<misses>7714001</misses>
				<total>16</total>
				<timestamp>2543.075293</timestamp>
			</report>
			<report>
				<misses>7715001</misses>
				<total>16</total>
				<timestamp>2543.405001</timestamp>
			</report>
			<report>
				<misses>7716001</misses>
				<total>16</total>
				<timestamp>2543.734667</timestamp>
			</report>
			<report>
				<misses>7717001</misses>
				<total>16</total>
				<timestamp>2544.064318</timestamp>
			</report>
			<report>
				<misses>7718001</misses>
				<total>16</total>
				<timestamp>2544.394005</timestamp>
			</report>
			<report>
				<misses>7719001</misses>
				<total>16</total>
				<timestamp>2544.723706</timestamp>
			</report>
			<report>
				<misses>7720001</misses>
				<total>16</total>
				<timestamp>2545.053331</timestamp>
			</report>
			<report>
				<misses>7721001</misses>
				<total>16</total>
				<timestamp>2545.383036</timestamp>
			</report>
			<report>
				<misses>7722001</misses>
				<total>16</total>
				<timestamp>2545.712680</timestamp>
			</report>
			<report>
				<misses>7723001</misses>
				<total>16</total>
				<timestamp>2546.042325</timestamp>
			</report>
			<report>
				<misses>7724001</misses>
				<total>16</total>
				<timestamp>2546.372016</timestamp>
			</report>
			<report>
				<misses>7725001</misses>
				<total>16</total>
				<timestamp>2546.701658</timestamp>
			</report>
			<report>
				<misses>7726001</misses>
				<total>16</total>
				<timestamp>2547.031350</timestamp>
			</report>
			<report>
				<misses>7727001</misses>
				<total>16</total>
				<timestamp>2547.361008</timestamp>
			</report>
			<report>
				<misses>7728001</misses>
				<total>16</total>
				<timestamp>2547.690694</timestamp>
			</report>
			<report>
				<misses>7729001</misses>
				<total>16</total>
				<timestamp>2548.020339</timestamp>
			</report>
			<report>
				<misses>7730001</misses>
				<total>16</total>
				<timestamp>2548.350018</timestamp>
			</report>
			<report>
				<misses>7731001</misses>
				<total>16</total>
				<timestamp>2548.679694</timestamp>
			</report>
			<report>
				<misses>7732001</misses>
				<total>16</total>
				<timestamp>2549.009354</timestamp>
			</report>
			<report>
				<misses>7733001</misses>
				<total>16</total>
				<timestamp>2549.339037</timestamp>
			</report>
			<report>
				<misses>7734001</misses>
				<total>16</total>
				<timestamp>2549.668693</timestamp>
			</report>
			<report>
				<misses>7735001</misses>
				<total>16</total>
				<timestamp>2549.998354</timestamp>
			</report>
			<report>
				<misses>7736001</misses>
				<total>16</total>
				<timestamp>2550.328048</timestamp>
			</report>
			<report>
				<misses>7737001</misses>
				<total>16</total>
				<timestamp>2550.657698</timestamp>
			</report>
			<report>
				<misses>7738001</misses>
				<total>16</total>
				<timestamp>2550.987402</timestamp>
			</report>
			<report>
				<misses>7739001</misses>
				<total>16</total>
				<timestamp>2551.317055</timestamp>
			</report>
			<report>
				<misses>7740001</misses>
				<total>16</total>
				<timestamp>2551.646708</timestamp>
			</report>
			<report>
				<misses>7741001</misses>
				<total>16</total>
				<timestamp>2551.976391</timestamp>
			</report>
			<report>
				<misses>7742001</misses>
				<total>16</total>
				<timestamp>2552.306075</timestamp>
			</report>
			<report>
				<misses>7743001</misses>
				<total>16</total>
				<timestamp>2552.635757</timestamp>
			</report>
			<report>
				<misses>7744001</misses>
				<total>16</total>
				<timestamp>2552.965399</timestamp>
			</report>
			<report>
				<misses>7745001</misses>
				<total>16</total>
				<timestamp>2553.295103</timestamp>
			</report>
			<report>
				<misses>7746001</misses>
				<total>16</total>
				<timestamp>2553.624735</timestamp>
			</report>
			<report>
				<misses>7747001</misses>
				<total>16</total>
				<timestamp>2553.954414</timestamp>
			</report>
			<report>
				<misses>7748001</misses>
				<total>16</total>
				<timestamp>2554.284096</timestamp>
			</report>
			<report>
				<misses>7749001</misses>
				<total>16</total>
				<timestamp>2554.613762</timestamp>
			</report>
			<report>
				<misses>7750001</misses>
				<total>16</total>
				<timestamp>2554.943423</timestamp>
			</report>
			<report>
				<misses>7751001</misses>
				<total>16</total>
				<timestamp>2555.273105</timestamp>
			</report>
			<report>
				<misses>7752001</misses>
				<total>16</total>
				<timestamp>2555.602783</timestamp>
			</report>
			<report>
				<misses>7753001</misses>
				<total>16</total>
				<timestamp>2555.932418</timestamp>
			</report>
			<report>
				<misses>7754001</misses>
				<total>16</total>
				<timestamp>2556.262105</timestamp>
			</report>
			<report>
				<misses>7755001</misses>
				<total>16</total>
				<timestamp>2556.591808</timestamp>
			</report>
			<report>
				<misses>7756001</misses>
				<total>16</total>
				<timestamp>2556.921470</timestamp>
			</report>
			<report>
				<misses>7757001</misses>
				<total>16</total>
				<timestamp>2557.251113</timestamp>
			</report>
			<report>
				<misses>7758001</misses>
				<total>16</total>
				<timestamp>2557.580813</timestamp>
			</report>
			<report>
				<misses>7759001</misses>
				<total>16</total>
				<timestamp>2557.910509</timestamp>
			</report>
			<report>
				<misses>7760001</misses>
				<total>16</total>
				<timestamp>2558.240117</timestamp>
			</report>
			<report>
				<misses>7761001</misses>
				<total>16</total>
				<timestamp>2558.569810</timestamp>
			</report>
			<report>
				<misses>7762001</misses>
				<total>16</total>
				<timestamp>2558.899498</timestamp>
			</report>
			<report>
				<misses>7763001</misses>
				<total>16</total>
				<timestamp>2559.229142</timestamp>
			</report>
			<report>
				<misses>7764001</misses>
				<total>16</total>
				<timestamp>2559.558801</timestamp>
			</report>
			<report>
				<misses>7765001</misses>
				<total>16</total>
				<timestamp>2559.888493</timestamp>
			</report>
			<report>
				<misses>7766001</misses>
				<total>16</total>
				<timestamp>2560.218145</timestamp>
			</report>
			<report>
				<misses>7767001</misses>
				<total>16</total>
				<timestamp>2560.547821</timestamp>
			</report>
			<report>
				<misses>7768001</misses>
				<total>16</total>
				<timestamp>2560.877476</timestamp>
			</report>
			<report>
				<misses>7769001</misses>
				<total>16</total>
				<timestamp>2561.207149</timestamp>
			</report>
			<report>
				<misses>7770001</misses>
				<total>16</total>
				<timestamp>2561.536823</timestamp>
			</report>
			<report>
				<misses>7771001</misses>
				<total>16</total>
				<timestamp>2561.866492</timestamp>
			</report>
			<report>
				<misses>7772001</misses>
				<total>16</total>
				<timestamp>2562.196166</timestamp>
			</report>
			<report>
				<misses>7773001</misses>
				<total>16</total>
				<timestamp>2562.525857</timestamp>
			</report>
			<report>
				<misses>7774001</misses>
				<total>16</total>
				<timestamp>2562.855564</timestamp>
			</report>
			<report>
				<misses>7775001</misses>
				<total>16</total>
				<timestamp>2563.185174</timestamp>
			</report>
			<report>
				<misses>7776001</misses>
				<total>16</total>
				<timestamp>2563.514865</timestamp>
			</report>
			<report>
				<misses>7777001</misses>
				<total>16</total>
				<timestamp>2563.844544</timestamp>
			</report>
			<report>
				<misses>7778001</misses>
				<total>16</total>
				<timestamp>2564.174194</timestamp>
			</report>
			<report>
				<misses>7779001</misses>
				<total>16</total>
				<timestamp>2564.503871</timestamp>
			</report>
			<report>
				<misses>7780001</misses>
				<total>16</total>
				<timestamp>2564.833528</timestamp>
			</report>
			<report>
				<misses>7781001</misses>
				<total>16</total>
				<timestamp>2565.163189</timestamp>
			</report>
			<report>
				<misses>7782001</misses>
				<total>16</total>
				<timestamp>2565.492880</timestamp>
			</report>
			<report>
				<misses>7783001</misses>
				<total>16</total>
				<timestamp>2565.822546</timestamp>
			</report>
			<report>
				<misses>7784001</misses>
				<total>16</total>
				<timestamp>2566.152192</timestamp>
			</report>
			<report>
				<misses>7785001</misses>
				<total>16</total>
				<timestamp>2566.481904</timestamp>
			</report>
			<report>
				<misses>7786001</misses>
				<total>16</total>
				<timestamp>2566.811592</timestamp>
			</report>
			<report>
				<misses>7787001</misses>
				<total>16</total>
				<timestamp>2567.141209</timestamp>
			</report>
			<report>
				<misses>7788001</misses>
				<total>16</total>
				<timestamp>2567.470900</timestamp>
			</report>
			<report>
				<misses>7789001</misses>
				<total>16</total>
				<timestamp>2567.800559</timestamp>
			</report>
			<report>
				<misses>7790001</misses>
				<total>16</total>
				<timestamp>2568.130223</timestamp>
			</report>
			<report>
				<misses>7791001</misses>
				<total>16</total>
				<timestamp>2568.459911</timestamp>
			</report>
			<report>
				<misses>7792001</misses>
				<total>16</total>
				<timestamp>2568.789553</timestamp>
			</report>
			<report>
				<misses>7793001</misses>
				<total>16</total>
				<timestamp>2569.119232</timestamp>
			</report>
			<report>
				<misses>7794001</misses>
				<total>16</total>
				<timestamp>2569.448910</timestamp>
			</report>
			<report>
				<misses>7795001</misses>
				<total>16</total>
				<timestamp>2569.778597</timestamp>
			</report>
			<report>
				<misses>7796001</misses>
				<total>16</total>
				<timestamp>2570.108229</timestamp>
			</report>
			<report>
				<misses>7797001</misses>
				<total>16</total>
				<timestamp>2570.437904</timestamp>
			</report>
			<report>
				<misses>7798001</misses>
				<total>16</total>
				<timestamp>2570.767584</timestamp>
			</report>
			<report>
				<misses>7799001</misses>
				<total>16</total>
				<timestamp>2571.097297</timestamp>
			</report>
			<report>
				<misses>7800001</misses>
				<total>16</total>
				<timestamp>2571.426932</timestamp>
			</report>
			<report>
				<misses>7801001</misses>
				<total>16</total>
				<timestamp>2571.756590</timestamp>
			</report>
			<report>
				<misses>7802001</misses>
				<total>16</total>
				<timestamp>2572.086267</timestamp>
			</report>
			<report>
				<misses>7803001</misses>
				<total>16</total>
				<timestamp>2572.415953</timestamp>
			</report>
			<report>
				<misses>7804001</misses>
				<total>16</total>
				<timestamp>2572.745614</timestamp>
			</report>
			<report>
				<misses>7805001</misses>
				<total>16</total>
				<timestamp>2573.075265</timestamp>
			</report>
			<report>
				<misses>7806001</misses>
				<total>16</total>
				<timestamp>2573.404956</timestamp>
			</report>
			<report>
				<misses>7807001</misses>
				<total>16</total>
				<timestamp>2573.734607</timestamp>
			</report>
			<report>
				<misses>7808001</misses>
				<total>16</total>
				<timestamp>2574.064282</timestamp>
			</report>
			<report>
				<misses>7809001</misses>
				<total>16</total>
				<timestamp>2574.393958</timestamp>
			</report>
			<report>
				<misses>7810001</misses>
				<total>16</total>
				<timestamp>2574.723631</timestamp>
			</report>
			<report>
				<misses>7811001</misses>
				<total>16</total>
				<timestamp>2575.053289</timestamp>
			</report>
			<report>
				<misses>7812001</misses>
				<total>16</total>
				<timestamp>2575.382980</timestamp>
			</report>
			<report>
				<misses>7813001</misses>
				<total>16</total>
				<timestamp>2575.712617</timestamp>
			</report>
			<report>
				<misses>7814001</misses>
				<total>16</total>
				<timestamp>2576.042305</timestamp>
			</report>
			<report>
				<misses>7815001</misses>
				<total>16</total>
				<timestamp>2576.371965</timestamp>
			</report>
			<report>
				<misses>7816001</misses>
				<total>16</total>
				<timestamp>2576.701645</timestamp>
			</report>
			<report>
				<misses>7817001</misses>
				<total>16</total>
				<timestamp>2577.031300</timestamp>
			</report>
			<report>
				<misses>7818001</misses>
				<total>16</total>
				<timestamp>2577.360982</timestamp>
			</report>
			<report>
				<misses>7819001</misses>
				<total>16</total>
				<timestamp>2577.690697</timestamp>
			</report>
			<report>
				<misses>7820001</misses>
				<total>16</total>
				<timestamp>2578.020377</timestamp>
			</report>
			<report>
				<misses>7821001</misses>
				<total>16</total>
				<timestamp>2578.349996</timestamp>
			</report>
			<report>
				<misses>7822001</misses>
				<total>16</total>
				<timestamp>2578.679660</timestamp>
			</report>
			<report>
				<misses>7823001</misses>
				<total>16</total>
				<timestamp>2579.009339</timestamp>
			</report>
			<report>
				<misses>7824001</misses>
				<total>16</total>
				<timestamp>2579.339001</timestamp>
			</report>
			<report>
				<misses>7825001</misses>
				<total>16</total>
				<timestamp>2579.668670</timestamp>
			</report>
			<report>
				<misses>7826001</misses>
				<total>16</total>
				<timestamp>2579.998373</timestamp>
			</report>
			<report>
				<misses>7827001</misses>
				<total>16</total>
				<timestamp>2580.328036</timestamp>
			</report>
			<report>
				<misses>7828001</misses>
				<total>16</total>
				<timestamp>2580.657691</timestamp>
			</report>
			<report>
				<misses>7829001</misses>
				<total>16</total>
				<timestamp>2580.987402</timestamp>
			</report>
			<report>
				<misses>7830001</misses>
				<total>16</total>
				<timestamp>2581.317017</timestamp>
			</report>
			<report>
				<misses>7831001</misses>
				<total>16</total>
				<timestamp>2581.646701</timestamp>
			</report>
			<report>
				<misses>7832001</misses>
				<total>16</total>
				<timestamp>2581.976392</timestamp>
			</report>
			<report>
				<misses>7833001</misses>
				<total>16</total>
				<timestamp>2582.306032</timestamp>
			</report>
			<report>
				<misses>7834001</misses>
				<total>16</total>
				<timestamp>2582.635724</timestamp>
			</report>
			<report>
				<misses>7835001</misses>
				<total>16</total>
				<timestamp>2582.965446</timestamp>
			</report>
			<report>
				<misses>7836001</misses>
				<total>16</total>
				<timestamp>2583.295040</timestamp>
			</report>
			<report>
				<misses>7837001</misses>
				<total>16</total>
				<timestamp>2583.624743</timestamp>
			</report>
			<report>
				<misses>7838001</misses>
				<total>16</total>
				<timestamp>2583.954414</timestamp>
			</report>
			<report>
				<misses>7839001</misses>
				<total>16</total>
				<timestamp>2584.284045</timestamp>
			</report>
			<report>
				<misses>7840001</misses>
				<total>16</total>
				<timestamp>2584.613793</timestamp>
			</report>
			<report>
				<misses>7841001</misses>
				<total>16</total>
				<timestamp>2584.943462</timestamp>
			</report>
			<report>
				<misses>7842001</misses>
				<total>16</total>
				<timestamp>2585.273056</timestamp>
			</report>
			<report>
				<misses>7843001</misses>
				<total>16</total>
				<timestamp>2585.602787</timestamp>
			</report>
			<report>
				<misses>7844001</misses>
				<total>16</total>
				<timestamp>2585.932444</timestamp>
			</report>
			<report>
				<misses>7845001</misses>
				<total>16</total>
				<timestamp>2586.262062</timestamp>
			</report>
			<report>
				<misses>7846001</misses>
				<total>16</total>
				<timestamp>2586.591793</timestamp>
			</report>
			<report>
				<misses>7847001</misses>
				<total>16</total>
				<timestamp>2586.921473</timestamp>
			</report>
			<report>
				<misses>7848001</misses>
				<total>16</total>
				<timestamp>2587.251082</timestamp>
			</report>
			<report>
				<misses>7849001</misses>
				<total>16</total>
				<timestamp>2587.580764</timestamp>
			</report>
			<report>
				<misses>7850001</misses>
				<total>16</total>
				<timestamp>2587.910453</timestamp>
			</report>
			<report>
				<misses>7851001</misses>
				<total>16</total>
				<timestamp>2588.240090</timestamp>
			</report>
			<report>
				<misses>7852001</misses>
				<total>16</total>
				<timestamp>2588.569767</timestamp>
			</report>
			<report>
				<misses>7853001</misses>
				<total>16</total>
				<timestamp>2588.899475</timestamp>
			</report>
			<report>
				<misses>7854001</misses>
				<total>16</total>
				<timestamp>2589.229101</timestamp>
			</report>
			<report>
				<misses>7855001</misses>
				<total>16</total>
				<timestamp>2589.558757</timestamp>
			</report>
			<report>
				<misses>7856001</misses>
				<total>16</total>
				<timestamp>2589.888447</timestamp>
			</report>
			<report>
				<misses>7857001</misses>
				<total>16</total>
				<timestamp>2590.218121</timestamp>
			</report>
			<report>
				<misses>7858001</misses>
				<total>16</total>
				<timestamp>2590.547776</timestamp>
			</report>
			<report>
				<misses>7859001</misses>
				<total>16</total>
				<timestamp>2590.877479</timestamp>
			</report>
			<report>
				<misses>7860001</misses>
				<total>16</total>
				<timestamp>2591.207117</timestamp>
			</report>
			<report>
				<misses>7861001</misses>
				<total>16</total>
				<timestamp>2591.536801</timestamp>
			</report>
			<report>
				<misses>7862001</misses>
				<total>16</total>
				<timestamp>2591.866470</timestamp>
			</report>
			<report>
				<misses>7863001</misses>
				<total>16</total>
				<timestamp>2592.196144</timestamp>
			</report>
			<report>
				<misses>7864001</misses>
				<total>16</total>
				<timestamp>2592.525828</timestamp>
			</report>
			<report>
				<misses>7865001</misses>
				<total>16</total>
				<timestamp>2592.855473</timestamp>
			</report>
			<report>
				<misses>7866001</misses>
				<total>16</total>
				<timestamp>2593.185134</timestamp>
			</report>
			<report>
				<misses>7867001</misses>
				<total>16</total>
				<timestamp>2593.514842</timestamp>
			</report>
			<report>
				<misses>7868001</misses>
				<total>16</total>
				<timestamp>2593.844504</timestamp>
			</report>
			<report>
				<misses>7869001</misses>
				<total>16</total>
				<timestamp>2594.174167</timestamp>
			</report>
			<report>
				<misses>7870001</misses>
				<total>16</total>
				<timestamp>2594.503809</timestamp>
			</report>
			<report>
				<misses>7871001</misses>
				<total>16</total>
				<timestamp>2594.833497</timestamp>
			</report>
			<report>
				<misses>7872001</misses>
				<total>16</total>
				<timestamp>2595.163183</timestamp>
			</report>
			<report>
				<misses>7873001</misses>
				<total>16</total>
				<timestamp>2595.492848</timestamp>
			</report>
			<report>
				<misses>7874001</misses>
				<total>16</total>
				<timestamp>2595.822505</timestamp>
			</report>
			<report>
				<misses>7875001</misses>
				<total>16</total>
				<timestamp>2596.152175</timestamp>
			</report>
			<report>
				<misses>7876001</misses>
				<total>16</total>
				<timestamp>2596.481840</timestamp>
			</report>
			<report>
				<misses>7877001</misses>
				<total>16</total>
				<timestamp>2596.811563</timestamp>
			</report>
			<report>
				<misses>7878001</misses>
				<total>16</total>
				<timestamp>2597.141175</timestamp>
			</report>
			<report>
				<misses>7879001</misses>
				<total>16</total>
				<timestamp>2597.470867</timestamp>
			</report>
			<report>
				<misses>7880001</misses>
				<total>16</total>
				<timestamp>2597.800598</timestamp>
			</report>
			<report>
				<misses>7881001</misses>
				<total>16</total>
				<timestamp>2598.130205</timestamp>
			</report>
			<report>
				<misses>7882001</misses>
				<total>16</total>
				<timestamp>2598.459869</timestamp>
			</report>
			<report>
				<misses>7883001</misses>
				<total>16</total>
				<timestamp>2598.789541</timestamp>
			</report>
			<report>
				<misses>7884001</misses>
				<total>16</total>
				<timestamp>2599.119205</timestamp>
			</report>
			<report>
				<misses>7885001</misses>
				<total>16</total>
				<timestamp>2599.448870</timestamp>
			</report>
			<report>
				<misses>7886001</misses>
				<total>16</total>
				<timestamp>2599.778538</timestamp>
			</report>
			<report>
				<misses>7887001</misses>
				<total>16</total>
				<timestamp>2600.108267</timestamp>
			</report>
			<report>
				<misses>7888001</misses>
				<total>16</total>
				<timestamp>2600.437869</timestamp>
			</report>
			<report>
				<misses>7889001</misses>
				<total>16</total>
				<timestamp>2600.767546</timestamp>
			</report>
			<report>
				<misses>7890001</misses>
				<total>16</total>
				<timestamp>2601.097298</timestamp>
			</report>
			<report>
				<misses>7891001</misses>
				<total>16</total>
				<timestamp>2601.426898</timestamp>
			</report>
			<report>
				<misses>7892001</misses>
				<total>16</total>
				<timestamp>2601.756558</timestamp>
			</report>
			<report>
				<misses>7893001</misses>
				<total>16</total>
				<timestamp>2602.086303</timestamp>
			</report>
			<report>
				<misses>7894001</misses>
				<total>16</total>
				<timestamp>2602.415899</timestamp>
			</report>
			<report>
				<misses>7895001</misses>
				<total>16</total>
				<timestamp>2602.745567</timestamp>
			</report>
			<report>
				<misses>7896001</misses>
				<total>16</total>
				<timestamp>2603.075309</timestamp>
			</report>
			<report>
				<misses>7897001</misses>
				<total>16</total>
				<timestamp>2603.404905</timestamp>
			</report>
			<report>
				<misses>7898001</misses>
				<total>16</total>
				<timestamp>2603.734597</timestamp>
			</report>
			<report>
				<misses>7899001</misses>
				<total>16</total>
				<timestamp>2604.064270</timestamp>
			</report>
			<report>
				<misses>7900001</misses>
				<total>16</total>
				<timestamp>2604.393919</timestamp>
			</report>
			<report>
				<misses>7901001</misses>
				<total>16</total>
				<timestamp>2604.723594</timestamp>
			</report>
			<report>
				<misses>7902001</misses>
				<total>16</total>
				<timestamp>2605.053306</timestamp>
			</report>
			<report>
				<misses>7903001</misses>
				<total>16</total>
				<timestamp>2605.382931</timestamp>
			</report>
			<report>
				<misses>7904001</misses>
				<total>16</total>
				<timestamp>2605.712602</timestamp>
			</report>
			<report>
				<misses>7905001</misses>
				<total>16</total>
				<timestamp>2606.042292</timestamp>
			</report>
			<report>
				<misses>7906001</misses>
				<total>16</total>
				<timestamp>2606.371946</timestamp>
			</report>
			<report>
				<misses>7907001</misses>
				<total>16</total>
				<timestamp>2606.701628</timestamp>
			</report>
			<report>
				<misses>7908001</misses>
				<total>16</total>
				<timestamp>2607.031324</timestamp>
			</report>
			<report>
				<misses>7909001</misses>
				<total>16</total>
				<timestamp>2607.361011</timestamp>
			</report>
			<report>
				<misses>7910001</misses>
				<total>16</total>
				<timestamp>2607.690646</timestamp>
			</report>
			<report>
				<misses>7911001</misses>
				<total>16</total>
				<timestamp>2608.020356</timestamp>
			</report>
			<report>
				<misses>7912001</misses>
				<total>16</total>
				<timestamp>2608.349968</timestamp>
			</report>
			<report>
				<misses>7913001</misses>
				<total>16</total>
				<timestamp>2608.679668</timestamp>
			</report>
			<report>
				<misses>7914001</misses>
				<total>16</total>
				<timestamp>2609.009329</timestamp>
			</report>
			<report>
				<misses>7915001</misses>
				<total>16</total>
				<timestamp>2609.338971</timestamp>
			</report>
			<report>
				<misses>7916001</misses>
				<total>16</total>
				<timestamp>2609.668641</timestamp>
			</report>
			<report>
				<misses>7917001</misses>
				<total>16</total>
				<timestamp>2609.998326</timestamp>
			</report>
			<report>
				<misses>7918001</misses>
				<total>16</total>
				<timestamp>2610.327969</timestamp>
			</report>
			<report>
				<misses>7919001</misses>
				<total>16</total>
				<timestamp>2610.657674</timestamp>
			</report>
			<report>
				<misses>7920001</misses>
				<total>16</total>
				<timestamp>2610.987356</timestamp>
			</report>
			<report>
				<misses>7921001</misses>
				<total>16</total>
				<timestamp>2611.316982</timestamp>
			</report>
			<report>
				<misses>7922001</misses>
				<total>16</total>
				<timestamp>2611.646680</timestamp>
			</report>
			<report>
				<misses>7923001</misses>
				<total>16</total>
				<timestamp>2611.976352</timestamp>
			</report>
			<report>
				<misses>7924001</misses>
				<total>16</total>
				<timestamp>2612.306002</timestamp>
			</report>
			<report>
				<misses>7925001</misses>
				<total>16</total>
				<timestamp>2612.635679</timestamp>
			</report>
			<report>
				<misses>7926001</misses>
				<total>16</total>
				<timestamp>2612.965358</timestamp>
			</report>
			<report>
				<misses>7927001</misses>
				<total>16</total>
				<timestamp>2613.295023</timestamp>
			</report>
			<report>
				<misses>7928001</misses>
				<total>16</total>
				<timestamp>2613.624691</timestamp>
			</report>
			<report>
				<misses>7929001</misses>
				<total>16</total>
				<timestamp>2613.954360</timestamp>
			</report>
			<report>
				<misses>7930001</misses>
				<total>16</total>
				<timestamp>2614.284011</timestamp>
			</report>
			<report>
				<misses>7931001</misses>
				<total>16</total>
				<timestamp>2614.613728</timestamp>
			</report>
			<report>
				<misses>7932001</misses>
				<total>16</total>
				<timestamp>2614.943369</timestamp>
			</report>
			<report>
				<misses>7933001</misses>
				<total>16</total>
				<timestamp>2615.273039</timestamp>
			</report>
			<report>
				<misses>7934001</misses>
				<total>16</total>
				<timestamp>2615.602730</timestamp>
			</report>
			<report>
				<misses>7935001</misses>
				<total>16</total>
				<timestamp>2615.932419</timestamp>
			</report>
			<report>
				<misses>7936001</misses>
				<total>16</total>
				<timestamp>2616.262027</timestamp>
			</report>
			<report>
				<misses>7937001</misses>
				<total>16</total>
				<timestamp>2616.591739</timestamp>
			</report>
			<report>
				<misses>7938001</misses>
				<total>16</total>
				<timestamp>2616.921443</timestamp>
			</report>
			<report>
				<misses>7939001</misses>
				<total>16</total>
				<timestamp>2617.251040</timestamp>
			</report>
			<report>
				<misses>7940001</misses>
				<total>16</total>
				<timestamp>2617.580721</timestamp>
			</report>
			<report>
				<misses>7941001</misses>
				<total>16</total>
				<timestamp>2617.910390</timestamp>
			</report>
			<report>
				<misses>7942001</misses>
				<total>16</total>
				<timestamp>2618.240067</timestamp>
			</report>
			<report>
				<misses>7943001</misses>
				<total>16</total>
				<timestamp>2618.569715</timestamp>
			</report>
			<report>
				<misses>7944001</misses>
				<total>16</total>
				<timestamp>2618.899439</timestamp>
			</report>
			<report>
				<misses>7945001</misses>
				<total>16</total>
				<timestamp>2619.229074</timestamp>
			</report>
			<report>
				<misses>7946001</misses>
				<total>16</total>
				<timestamp>2619.558736</timestamp>
			</report>
			<report>
				<misses>7947001</misses>
				<total>16</total>
				<timestamp>2619.888438</timestamp>
			</report>
			<report>
				<misses>7948001</misses>
				<total>16</total>
				<timestamp>2620.218091</timestamp>
			</report>
			<report>
				<misses>7949001</misses>
				<total>16</total>
				<timestamp>2620.547741</timestamp>
			</report>
			<report>
				<misses>7950001</misses>
				<total>16</total>
				<timestamp>2620.877414</timestamp>
			</report>
			<report>
				<misses>7951001</misses>
				<total>16</total>
				<timestamp>2621.207104</timestamp>
			</report>
			<report>
				<misses>7952001</misses>
				<total>16</total>
				<timestamp>2621.536772</timestamp>
			</report>
			<report>
				<misses>7953001</misses>
				<total>16</total>
				<timestamp>2621.866452</timestamp>
			</report>
			<report>
				<misses>7954001</misses>
				<total>16</total>
				<timestamp>2622.196085</timestamp>
			</report>
			<report>
				<misses>7955001</misses>
				<total>16</total>
				<timestamp>2622.525815</timestamp>
			</report>
			<report>
				<misses>7956001</misses>
				<total>16</total>
				<timestamp>2622.855505</timestamp>
			</report>
			<report>
				<misses>7957001</misses>
				<total>16</total>
				<timestamp>2623.185093</timestamp>
			</report>
			<report>
				<misses>7958001</misses>
				<total>16</total>
				<timestamp>2623.514789</timestamp>
			</report>
			<report>
				<misses>7959001</misses>
				<total>16</total>
				<timestamp>2623.844472</timestamp>
			</report>
			<report>
				<misses>7960001</misses>
				<total>16</total>
				<timestamp>2624.174133</timestamp>
			</report>
			<report>
				<misses>7961001</misses>
				<total>16</total>
				<timestamp>2624.503796</timestamp>
			</report>
			<report>
				<misses>7962001</misses>
				<total>16</total>
				<timestamp>2624.833476</timestamp>
			</report>
			<report>
				<misses>7963001</misses>
				<total>16</total>
				<timestamp>2625.163157</timestamp>
			</report>
			<report>
				<misses>7964001</misses>
				<total>16</total>
				<timestamp>2625.492789</timestamp>
			</report>
			<report>
				<misses>7965001</misses>
				<total>16</total>
				<timestamp>2625.822515</timestamp>
			</report>
			<report>
				<misses>7966001</misses>
				<total>16</total>
				<timestamp>2626.152197</timestamp>
			</report>
			<report>
				<misses>7967001</misses>
				<total>16</total>
				<timestamp>2626.481819</timestamp>
			</report>
			<report>
				<misses>7968001</misses>
				<total>16</total>
				<timestamp>2626.811511</timestamp>
			</report>
			<report>
				<misses>7969001</misses>
				<total>16</total>
				<timestamp>2627.141184</timestamp>
			</report>
			<report>
				<misses>7970001</misses>
				<total>16</total>
				<timestamp>2627.470837</timestamp>
			</report>
			<report>
				<misses>7971001</misses>
				<total>16</total>
				<timestamp>2627.800510</timestamp>
			</report>
			<report>
				<misses>7972001</misses>
				<total>16</total>
				<timestamp>2628.130178</timestamp>
			</report>
			<report>
				<misses>7973001</misses>
				<total>16</total>
				<timestamp>2628.459816</timestamp>
			</report>
			<report>
				<misses>7974001</misses>
				<total>16</total>
				<timestamp>2628.789590</timestamp>
			</report>
			<report>
				<misses>7975001</misses>
				<total>16</total>
				<timestamp>2629.119168</timestamp>
			</report>
			<report>
				<misses>7976001</misses>
				<total>16</total>
				<timestamp>2629.448845</timestamp>
			</report>
			<report>
				<misses>7977001</misses>
				<total>16</total>
				<timestamp>2629.778545</timestamp>
			</report>
			<report>
				<misses>7978001</misses>
				<total>16</total>
				<timestamp>2630.108216</timestamp>
			</report>
			<report>
				<misses>7979001</misses>
				<total>16</total>
				<timestamp>2630.437848</timestamp>
			</report>
			<report>
				<misses>7980001</misses>
				<total>16</total>
				<timestamp>2630.767580</timestamp>
			</report>
			<report>
				<misses>7981001</misses>
				<total>16</total>
				<timestamp>2631.097214</timestamp>
			</report>
			<report>
				<misses>7982001</misses>
				<total>16</total>
				<timestamp>2631.426864</timestamp>
			</report>
			<report>
				<misses>7983001</misses>
				<total>16</total>
				<timestamp>2631.756539</timestamp>
			</report>
			<report>
				<misses>7984001</misses>
				<total>16</total>
				<timestamp>2632.086215</timestamp>
			</report>
			<report>
				<misses>7985001</misses>
				<total>16</total>
				<timestamp>2632.415887</timestamp>
			</report>
			<report>
				<misses>7986001</misses>
				<total>16</total>
				<timestamp>2632.745539</timestamp>
			</report>
			<report>
				<misses>7987001</misses>
				<total>16</total>
				<timestamp>2633.075282</timestamp>
			</report>
			<report>
				<misses>7988001</misses>
				<total>16</total>
				<timestamp>2633.404896</timestamp>
			</report>
			<report>
				<misses>7989001</misses>
				<total>16</total>
				<timestamp>2633.734567</timestamp>
			</report>
			<report>
				<misses>7990001</misses>
				<total>16</total>
				<timestamp>2634.064263</timestamp>
			</report>
			<report>
				<misses>7991001</misses>
				<total>16</total>
				<timestamp>2634.393910</timestamp>
			</report>
			<report>
				<misses>7992001</misses>
				<total>16</total>
				<timestamp>2634.723583</timestamp>
			</report>
			<report>
				<misses>7993001</misses>
				<total>16</total>
				<timestamp>2635.053288</timestamp>
			</report>
			<report>
				<misses>7994001</misses>
				<total>16</total>
				<timestamp>2635.382890</timestamp>
			</report>
			<report>
				<misses>7995001</misses>
				<total>16</total>
				<timestamp>2635.712591</timestamp>
			</report>
			<report>
				<misses>7996001</misses>
				<total>16</total>
				<timestamp>2636.042256</timestamp>
			</report>
			<report>
				<misses>7997001</misses>
				<total>16</total>
				<timestamp>2636.371919</timestamp>
			</report>
			<report>
				<misses>7998001</misses>
				<total>16</total>
				<timestamp>2636.701619</timestamp>
			</report>
			<report>
				<misses>7999001</misses>
				<total>16</total>
				<timestamp>2637.031282</timestamp>
			</report>
			<report>
				<misses>8000001</misses>
				<total>16</total>
				<timestamp>2637.360967</timestamp>
			</report>
			<report>
				<misses>8001001</misses>
				<total>16</total>
				<timestamp>2637.690600</timestamp>
			</report>
			<report>
				<misses>8002001</misses>
				<total>16</total>
				<timestamp>2638.020256</timestamp>
			</report>
			<report>
				<misses>8003001</misses>
				<total>16</total>
				<timestamp>2638.349952</timestamp>
			</report>
			<report>
				<misses>8004001</misses>
				<total>16</total>
				<timestamp>2638.679595</timestamp>
			</report>
			<report>
				<misses>8005001</misses>
				<total>16</total>
				<timestamp>2639.009302</timestamp>
			</report>
			<report>
				<misses>8006001</misses>
				<total>16</total>
				<timestamp>2639.338942</timestamp>
			</report>
			<report>
				<misses>8007001</misses>
				<total>16</total>
				<timestamp>2639.668623</timestamp>
			</report>
			<report>
				<misses>8008001</misses>
				<total>16</total>
				<timestamp>2639.998280</timestamp>
			</report>
			<report>
				<misses>8009001</misses>
				<total>16</total>
				<timestamp>2640.327951</timestamp>
			</report>
			<report>
				<misses>8010001</misses>
				<total>16</total>
				<timestamp>2640.657645</timestamp>
			</report>
			<report>
				<misses>8011001</misses>
				<total>16</total>
				<timestamp>2640.987274</timestamp>
			</report>
			<report>
				<misses>8012001</misses>
				<total>16</total>
				<timestamp>2641.316951</timestamp>
			</report>
			<report>
				<misses>8013001</misses>
				<total>16</total>
				<timestamp>2641.646629</timestamp>
			</report>
			<report>
				<misses>8014001</misses>
				<total>16</total>
				<timestamp>2641.976316</timestamp>
			</report>
			<report>
				<misses>8015001</misses>
				<total>16</total>
				<timestamp>2642.305963</timestamp>
			</report>
			<report>
				<misses>8016001</misses>
				<total>16</total>
				<timestamp>2642.635638</timestamp>
			</report>
			<report>
				<misses>8017001</misses>
				<total>16</total>
				<timestamp>2642.965309</timestamp>
			</report>
			<report>
				<misses>8018001</misses>
				<total>16</total>
				<timestamp>2643.294968</timestamp>
			</report>
			<report>
				<misses>8019001</misses>
				<total>16</total>
				<timestamp>2643.624634</timestamp>
			</report>
			<report>
				<misses>8020001</misses>
				<total>16</total>
				<timestamp>2643.954330</timestamp>
			</report>
			<report>
				<misses>8021001</misses>
				<total>16</total>
				<timestamp>2644.283977</timestamp>
			</report>
			<report>
				<misses>8022001</misses>
				<total>16</total>
				<timestamp>2644.613662</timestamp>
			</report>
			<report>
				<misses>8023001</misses>
				<total>16</total>
				<timestamp>2644.943338</timestamp>
			</report>
			<report>
				<misses>8024001</misses>
				<total>16</total>
				<timestamp>2645.272992</timestamp>
			</report>
			<report>
				<misses>8025001</misses>
				<total>16</total>
				<timestamp>2645.602650</timestamp>
			</report>
			<report>
				<misses>8026001</misses>
				<total>16</total>
				<timestamp>2645.932336</timestamp>
			</report>
			<report>
				<misses>8027001</misses>
				<total>16</total>
				<timestamp>2646.262004</timestamp>
			</report>
			<report>
				<misses>8028001</misses>
				<total>16</total>
				<timestamp>2646.591675</timestamp>
			</report>
			<report>
				<misses>8029001</misses>
				<total>16</total>
				<timestamp>2646.921412</timestamp>
			</report>
			<report>
				<misses>8030001</misses>
				<total>16</total>
				<timestamp>2647.251040</timestamp>
			</report>
			<report>
				<misses>8031001</misses>
				<total>16</total>
				<timestamp>2647.580686</timestamp>
			</report>
			<report>
				<misses>8032001</misses>
				<total>16</total>
				<timestamp>2647.910381</timestamp>
			</report>
			<report>
				<misses>8033001</misses>
				<total>16</total>
				<timestamp>2648.240096</timestamp>
			</report>
			<report>
				<misses>8034001</misses>
				<total>16</total>
				<timestamp>2648.569692</timestamp>
			</report>
			<report>
				<misses>8035001</misses>
				<total>16</total>
				<timestamp>2648.899395</timestamp>
			</report>
			<report>
				<misses>8036001</misses>
				<total>16</total>
				<timestamp>2649.229059</timestamp>
			</report>
			<report>
				<misses>8037001</misses>
				<total>16</total>
				<timestamp>2649.558698</timestamp>
			</report>
			<report>
				<misses>8038001</misses>
				<total>16</total>
				<timestamp>2649.888369</timestamp>
			</report>
			<report>
				<misses>8039001</misses>
				<total>16</total>
				<timestamp>2650.218057</timestamp>
			</report>
			<report>
				<misses>8040001</misses>
				<total>16</total>
				<timestamp>2650.547757</timestamp>
			</report>
			<report>
				<misses>8041001</misses>
				<total>16</total>
				<timestamp>2650.877394</timestamp>
			</report>
			<report>
				<misses>8042001</misses>
				<total>16</total>
				<timestamp>2651.207095</timestamp>
			</report>
			<report>
				<misses>8043001</misses>
				<total>16</total>
				<timestamp>2651.536747</timestamp>
			</report>
			<report>
				<misses>8044001</misses>
				<total>16</total>
				<timestamp>2651.866419</timestamp>
			</report>
			<report>
				<misses>8045001</misses>
				<total>16</total>
				<timestamp>2652.196137</timestamp>
			</report>
			<report>
				<misses>8046001</misses>
				<total>16</total>
				<timestamp>2652.525739</timestamp>
			</report>
			<report>
				<misses>8047001</misses>
				<total>16</total>
				<timestamp>2652.855419</timestamp>
			</report>
			<report>
				<misses>8048001</misses>
				<total>16</total>
				<timestamp>2653.185112</timestamp>
			</report>
			<report>
				<misses>8049001</misses>
				<total>16</total>
				<timestamp>2653.514736</timestamp>
			</report>
			<report>
				<misses>8050001</misses>
				<total>16</total>
				<timestamp>2653.844426</timestamp>
			</report>
			<report>
				<misses>8051001</misses>
				<total>16</total>
				<timestamp>2654.174135</timestamp>
			</report>
			<report>
				<misses>8052001</misses>
				<total>16</total>
				<timestamp>2654.503772</timestamp>
			</report>
			<report>
				<misses>8053001</misses>
				<total>16</total>
				<timestamp>2654.833453</timestamp>
			</report>
			<report>
				<misses>8054001</misses>
				<total>16</total>
				<timestamp>2655.163125</timestamp>
			</report>
			<report>
				<misses>8055001</misses>
				<total>16</total>
				<timestamp>2655.492755</timestamp>
			</report>
			<report>
				<misses>8056001</misses>
				<total>16</total>
				<timestamp>2655.822481</timestamp>
			</report>
			<report>
				<misses>8057001</misses>
				<total>16</total>
				<timestamp>2656.152170</timestamp>
			</report>
			<report>
				<misses>8058001</misses>
				<total>16</total>
				<timestamp>2656.481783</timestamp>
			</report>
			<report>
				<misses>8059001</misses>
				<total>16</total>
				<timestamp>2656.811572</timestamp>
			</report>
			<report>
				<misses>8060001</misses>
				<total>16</total>
				<timestamp>2657.141202</timestamp>
			</report>
			<report>
				<misses>8061001</misses>
				<total>16</total>
				<timestamp>2657.470823</timestamp>
			</report>
			<report>
				<misses>8062001</misses>
				<total>16</total>
				<timestamp>2657.800473</timestamp>
			</report>
			<report>
				<misses>8063001</misses>
				<total>16</total>
				<timestamp>2658.130199</timestamp>
			</report>
			<report>
				<misses>8064001</misses>
				<total>16</total>
				<timestamp>2658.459807</timestamp>
			</report>
			<report>
				<misses>8065001</misses>
				<total>16</total>
				<timestamp>2658.789476</timestamp>
			</report>
			<report>
				<misses>8066001</misses>
				<total>16</total>
				<timestamp>2659.119153</timestamp>
			</report>
			<report>
				<misses>8067001</misses>
				<total>16</total>
				<timestamp>2659.448808</timestamp>
			</report>
			<report>
				<misses>8068001</misses>
				<total>16</total>
				<timestamp>2659.778489</timestamp>
			</report>
			<report>
				<misses>8069001</misses>
				<total>16</total>
				<timestamp>2660.108153</timestamp>
			</report>
			<report>
				<misses>8070001</misses>
				<total>16</total>
				<timestamp>2660.437810</timestamp>
			</report>
			<report>
				<misses>8071001</misses>
				<total>16</total>
				<timestamp>2660.767523</timestamp>
			</report>
			<report>
				<misses>8072001</misses>
				<total>16</total>
				<timestamp>2661.097147</timestamp>
			</report>
			<report>
				<misses>8073001</misses>
				<total>16</total>
				<timestamp>2661.426846</timestamp>
			</report>
			<report>
				<misses>8074001</misses>
				<total>16</total>
				<timestamp>2661.756525</timestamp>
			</report>
			<report>
				<misses>8075001</misses>
				<total>16</total>
				<timestamp>2662.086168</timestamp>
			</report>
			<report>
				<misses>8076001</misses>
				<total>16</total>
				<timestamp>2662.415857</timestamp>
			</report>
			<report>
				<misses>8077001</misses>
				<total>16</total>
				<timestamp>2662.745511</timestamp>
			</report>
			<report>
				<misses>8078001</misses>
				<total>16</total>
				<timestamp>2663.075192</timestamp>
			</report>
			<report>
				<misses>8079001</misses>
				<total>16</total>
				<timestamp>2663.404845</timestamp>
			</report>
			<report>
				<misses>8080001</misses>
				<total>16</total>
				<timestamp>2663.734513</timestamp>
			</report>
			<report>
				<misses>8081001</misses>
				<total>16</total>
				<timestamp>2664.064201</timestamp>
			</report>
			<report>
				<misses>8082001</misses>
				<total>16</total>
				<timestamp>2664.393855</timestamp>
			</report>
			<report>
				<misses>8083001</misses>
				<total>16</total>
				<timestamp>2664.723529</timestamp>
			</report>
			<report>
				<misses>8084001</misses>
				<total>16</total>
				<timestamp>2665.053243</timestamp>
			</report>
			<report>
				<misses>8085001</misses>
				<total>16</total>
				<timestamp>2665.382870</timestamp>
			</report>
			<report>
				<misses>8086001</misses>
				<total>16</total>
				<timestamp>2665.712539</timestamp>
			</report>
			<report>
				<misses>8087001</misses>
				<total>16</total>
				<timestamp>2666.042227</timestamp>
			</report>
			<report>
				<misses>8088001</misses>
				<total>16</total>
				<timestamp>2666.371873</timestamp>
			</report>
			<report>
				<misses>8089001</misses>
				<total>16</total>
				<timestamp>2666.701538</timestamp>
			</report>
			<report>
				<misses>8090001</misses>
				<total>16</total>
				<timestamp>2667.031279</timestamp>
			</report>
			<report>
				<misses>8091001</misses>
				<total>16</total>
				<timestamp>2667.360882</timestamp>
			</report>
			<report>
				<misses>8092001</misses>
				<total>16</total>
				<timestamp>2667.690556</timestamp>
			</report>
			<report>
				<misses>8093001</misses>
				<total>16</total>
				<timestamp>2668.020299</timestamp>
			</report>
			<report>
				<misses>8094001</misses>
				<total>16</total>
				<timestamp>2668.349904</timestamp>
			</report>
			<report>
				<misses>8095001</misses>
				<total>16</total>
				<timestamp>2668.679572</timestamp>
			</report>
			<report>
				<misses>8096001</misses>
				<total>16</total>
				<timestamp>2669.009290</timestamp>
			</report>
			<report>
				<misses>8097001</misses>
				<total>16</total>
				<timestamp>2669.338959</timestamp>
			</report>
			<report>
				<misses>8098001</misses>
				<total>16</total>
				<timestamp>2669.668587</timestamp>
			</report>
			<report>
				<misses>8099001</misses>
				<total>16</total>
				<timestamp>2669.998255</timestamp>
			</report>
			<report>
				<misses>8100001</misses>
				<total>16</total>
				<timestamp>2670.327915</timestamp>
			</report>
			<report>
				<misses>8101001</misses>
				<total>16</total>
				<timestamp>2670.657587</timestamp>
			</report>
			<report>
				<misses>8102001</misses>
				<total>16</total>
				<timestamp>2670.987263</timestamp>
			</report>
			<report>
				<misses>8103001</misses>
				<total>16</total>
				<timestamp>2671.316916</timestamp>
			</report>
			<report>
				<misses>8104001</misses>
				<total>16</total>
				<timestamp>2671.646610</timestamp>
			</report>
			<report>
				<misses>8105001</misses>
				<total>16</total>
				<timestamp>2671.976297</timestamp>
			</report>
			<report>
				<misses>8106001</misses>
				<total>16</total>
				<timestamp>2672.305985</timestamp>
			</report>
			<report>
				<misses>8107001</misses>
				<total>16</total>
				<timestamp>2672.635640</timestamp>
			</report>
			<report>
				<misses>8108001</misses>
				<total>16</total>
				<timestamp>2672.965351</timestamp>
			</report>
			<report>
				<misses>8109001</misses>
				<total>16</total>
				<timestamp>2673.294992</timestamp>
			</report>
			<report>
				<misses>8110001</misses>
				<total>16</total>
				<timestamp>2673.624617</timestamp>
			</report>
			<report>
				<misses>8111001</misses>
				<total>16</total>
				<timestamp>2673.954299</timestamp>
			</report>
			<report>
				<misses>8112001</misses>
				<total>16</total>
				<timestamp>2674.283981</timestamp>
			</report>
			<report>
				<misses>8113001</misses>
				<total>16</total>
				<timestamp>2674.613632</timestamp>
			</report>
			<report>
				<misses>8114001</misses>
				<total>16</total>
				<timestamp>2674.943333</timestamp>
			</report>
			<report>
				<misses>8115001</misses>
				<total>16</total>
				<timestamp>2675.272974</timestamp>
			</report>
			<report>
				<misses>8116001</misses>
				<total>16</total>
				<timestamp>2675.602636</timestamp>
			</report>
			<report>
				<misses>8117001</misses>
				<total>16</total>
				<timestamp>2675.932348</timestamp>
			</report>
			<report>
				<misses>8118001</misses>
				<total>16</total>
				<timestamp>2676.262034</timestamp>
			</report>
			<report>
				<misses>8119001</misses>
				<total>16</total>
				<timestamp>2676.591635</timestamp>
			</report>
			<report>
				<misses>8120001</misses>
				<total>16</total>
				<timestamp>2676.921377</timestamp>
			</report>
			<report>
				<misses>8121001</misses>
				<total>16</total>
				<timestamp>2677.251028</timestamp>
			</report>
			<report>
				<misses>8122001</misses>
				<total>16</total>
				<timestamp>2677.580647</timestamp>
			</report>
			<report>
				<misses>8123001</misses>
				<total>16</total>
				<timestamp>2677.910330</timestamp>
			</report>
			<report>
				<misses>8124001</misses>
				<total>16</total>
				<timestamp>2678.240060</timestamp>
			</report>
			<report>
				<misses>8125001</misses>
				<total>16</total>
				<timestamp>2678.569656</timestamp>
			</report>
			<report>
				<misses>8126001</misses>
				<total>16</total>
				<timestamp>2678.899354</timestamp>
			</report>
			<report>
				<misses>8127001</misses>
				<total>16</total>
				<timestamp>2679.229022</timestamp>
			</report>
			<report>
				<misses>8128001</misses>
				<total>16</total>
				<timestamp>2679.558684</timestamp>
			</report>
			<report>
				<misses>8129001</misses>
				<total>16</total>
				<timestamp>2679.888363</timestamp>
			</report>
			<report>
				<misses>8130001</misses>
				<total>16</total>
				<timestamp>2680.218080</timestamp>
			</report>
			<report>
				<misses>8131001</misses>
				<total>16</total>
				<timestamp>2680.547700</timestamp>
			</report>
			<report>
				<misses>8132001</misses>
				<total>16</total>
				<timestamp>2680.877364</timestamp>
			</report>
			<report>
				<misses>8133001</misses>
				<total>16</total>
				<timestamp>2681.207071</timestamp>
			</report>
			<report>
				<misses>8134001</misses>
				<total>16</total>
				<timestamp>2681.536724</timestamp>
			</report>
			<report>
				<misses>8135001</misses>
				<total>16</total>
				<timestamp>2681.866380</timestamp>
			</report>
			<report>
				<misses>8136001</misses>
				<total>16</total>
				<timestamp>2682.196043</timestamp>
			</report>
			<report>
				<misses>8137001</misses>
				<total>16</total>
				<timestamp>2682.525767</timestamp>
			</report>
			<report>
				<misses>8138001</misses>
				<total>16</total>
				<timestamp>2682.855378</timestamp>
			</report>
			<report>
				<misses>8139001</misses>
				<total>16</total>
				<timestamp>2683.185081</timestamp>
			</report>
			<report>
				<misses>8140001</misses>
				<total>16</total>
				<timestamp>2683.514737</timestamp>
			</report>
			<report>
				<misses>8141001</misses>
				<total>16</total>
				<timestamp>2683.844381</timestamp>
			</report>
			<report>
				<misses>8142001</misses>
				<total>16</total>
				<timestamp>2684.174102</timestamp>
			</report>
			<report>
				<misses>8143001</misses>
				<total>16</total>
				<timestamp>2684.503754</timestamp>
			</report>
			<report>
				<misses>8144001</misses>
				<total>16</total>
				<timestamp>2684.833392</timestamp>
			</report>
			<report>
				<misses>8145001</misses>
				<total>16</total>
				<timestamp>2685.163133</timestamp>
			</report>
			<report>
				<misses>8146001</misses>
				<total>16</total>
				<timestamp>2685.492728</timestamp>
			</report>
			<report>
				<misses>8147001</misses>
				<total>16</total>
				<timestamp>2685.822433</timestamp>
			</report>
			<report>
				<misses>8148001</misses>
				<total>16</total>
				<timestamp>2686.152114</timestamp>
			</report>
			<report>
				<misses>8149001</misses>
				<total>16</total>
				<timestamp>2686.481743</timestamp>
			</report>
			<report>
				<misses>8150001</misses>
				<total>16</total>
				<timestamp>2686.811405</timestamp>
			</report>
			<report>
				<misses>8151001</misses>
				<total>16</total>
				<timestamp>2687.141167</timestamp>
			</report>
			<report>
				<misses>8152001</misses>
				<total>16</total>
				<timestamp>2687.470738</timestamp>
			</report>
			<report>
				<misses>8153001</misses>
				<total>16</total>
				<timestamp>2687.800422</timestamp>
			</report>
			<report>
				<misses>8154001</misses>
				<total>16</total>
				<timestamp>2688.130141</timestamp>
			</report>
			<report>
				<misses>8155001</misses>
				<total>16</total>
				<timestamp>2688.459772</timestamp>
			</report>
			<report>
				<misses>8156001</misses>
				<total>16</total>
				<timestamp>2688.789441</timestamp>
			</report>
			<report>
				<misses>8157001</misses>
				<total>16</total>
				<timestamp>2689.119143</timestamp>
			</report>
			<report>
				<misses>8158001</misses>
				<total>16</total>
				<timestamp>2689.448780</timestamp>
			</report>
			<report>
				<misses>8159001</misses>
				<total>16</total>
				<timestamp>2689.778453</timestamp>
			</report>
			<report>
				<misses>8160001</misses>
				<total>16</total>
				<timestamp>2690.108163</timestamp>
			</report>
			<report>
				<misses>8161001</misses>
				<total>16</total>
				<timestamp>2690.437838</timestamp>
			</report>
			<report>
				<misses>8162001</misses>
				<total>16</total>
				<timestamp>2690.767452</timestamp>
			</report>
			<report>
				<misses>8163001</misses>
				<total>16</total>
				<timestamp>2691.097150</timestamp>
			</report>
			<report>
				<misses>8164001</misses>
				<total>16</total>
				<timestamp>2691.426793</timestamp>
			</report>
			<report>
				<misses>8165001</misses>
				<total>16</total>
				<timestamp>2691.756461</timestamp>
			</report>
			<report>
				<misses>8166001</misses>
				<total>16</total>
				<timestamp>2692.086150</timestamp>
			</report>
			<report>
				<misses>8167001</misses>
				<total>16</total>
				<timestamp>2692.415861</timestamp>
			</report>
			<report>
				<misses>8168001</misses>
				<total>16</total>
				<timestamp>2692.745493</timestamp>
			</report>
			<report>
				<misses>8169001</misses>
				<total>16</total>
				<timestamp>2693.075169</timestamp>
			</report>
			<report>
				<misses>8170001</misses>
				<total>16</total>
				<timestamp>2693.404828</timestamp>
			</report>
			<report>
				<misses>8171001</misses>
				<total>16</total>
				<timestamp>2693.734507</timestamp>
			</report>
			<report>
				<misses>8172001</misses>
				<total>16</total>
				<timestamp>2694.064204</timestamp>
			</report>
			<report>
				<misses>8173001</misses>
				<total>16</total>
				<timestamp>2694.393881</timestamp>
			</report>
			<report>
				<misses>8174001</misses>
				<total>16</total>
				<timestamp>2694.723505</timestamp>
			</report>
			<report>
				<misses>8175001</misses>
				<total>16</total>
				<timestamp>2695.053164</timestamp>
			</report>
			<report>
				<misses>8176001</misses>
				<total>16</total>
				<timestamp>2695.382894</timestamp>
			</report>
			<report>
				<misses>8177001</misses>
				<total>16</total>
				<timestamp>2695.712514</timestamp>
			</report>
			<report>
				<misses>8178001</misses>
				<total>16</total>
				<timestamp>2696.042203</timestamp>
			</report>
			<report>
				<misses>8179001</misses>
				<total>16</total>
				<timestamp>2696.371895</timestamp>
			</report>
			<report>
				<misses>8180001</misses>
				<total>16</total>
				<timestamp>2696.701527</timestamp>
			</report>
			<report>
				<misses>8181001</misses>
				<total>16</total>
				<timestamp>2697.031202</timestamp>
			</report>
			<report>
				<misses>8182001</misses>
				<total>16</total>
				<timestamp>2697.360917</timestamp>
			</report>
			<report>
				<misses>8183001</misses>
				<total>16</total>
				<timestamp>2697.690536</timestamp>
			</report>
			<report>
				<misses>8184001</misses>
				<total>16</total>
				<timestamp>2698.020210</timestamp>
			</report>
			<report>
				<misses>8185001</misses>
				<total>16</total>
				<timestamp>2698.349871</timestamp>
			</report>
			<report>
				<misses>8186001</misses>
				<total>16</total>
				<timestamp>2698.679536</timestamp>
			</report>
			<report>
				<misses>8187001</misses>
				<total>16</total>
				<timestamp>2699.009220</timestamp>
			</report>
			<report>
				<misses>8188001</misses>
				<total>16</total>
				<timestamp>2699.338937</timestamp>
			</report>
			<report>
				<misses>8189001</misses>
				<total>16</total>
				<timestamp>2699.668541</timestamp>
			</report>
			<report>
				<misses>8190001</misses>
				<total>16</total>
				<timestamp>2699.998227</timestamp>
			</report>
			<report>
				<misses>8191001</misses>
				<total>16</total>
				<timestamp>2700.327929</timestamp>
			</report>
			<report>
				<misses>8192001</misses>
				<total>16</total>
				<timestamp>2700.657557</timestamp>
			</report>
			<report>
				<misses>8193001</misses>
				<total>16</total>
				<timestamp>2700.987225</timestamp>
			</report>
			<report>
				<misses>8194001</misses>
				<total>16</total>
				<timestamp>2701.316919</timestamp>
			</report>
			<report>
				<misses>8195001</misses>
				<total>16</total>
				<timestamp>2701.646565</timestamp>
			</report>
			<report>
				<misses>8196001</misses>
				<total>16</total>
				<timestamp>2701.976248</timestamp>
			</report>
			<report>
				<misses>8197001</misses>
				<total>16</total>
				<timestamp>2702.305929</timestamp>
			</report>
			<report>
				<misses>8198001</misses>
				<total>16</total>
				<timestamp>2702.635580</timestamp>
			</report>
			<report>
				<misses>8199001</misses>
				<total>16</total>
				<timestamp>2702.965254</timestamp>
			</report>
			<report>
				<misses>8200001</misses>
				<total>16</total>
				<timestamp>2703.294925</timestamp>
			</report>
			<report>
				<misses>8201001</misses>
				<total>16</total>
				<timestamp>2703.624589</timestamp>
			</report>
			<report>
				<misses>8202001</misses>
				<total>16</total>
				<timestamp>2703.954270</timestamp>
			</report>
			<report>
				<misses>8203001</misses>
				<total>16</total>
				<timestamp>2704.283961</timestamp>
			</report>
			<report>
				<misses>8204001</misses>
				<total>16</total>
				<timestamp>2704.613610</timestamp>
			</report>
			<report>
				<misses>8205001</misses>
				<total>16</total>
				<timestamp>2704.943275</timestamp>
			</report>
			<report>
				<misses>8206001</misses>
				<total>16</total>
				<timestamp>2705.273014</timestamp>
			</report>
			<report>
				<misses>8207001</misses>
				<total>16</total>
				<timestamp>2705.602601</timestamp>
			</report>
			<report>
				<misses>8208001</misses>
				<total>16</total>
				<timestamp>2705.932273</timestamp>
			</report>
			<report>
				<misses>8209001</misses>
				<total>16</total>
				<timestamp>2706.261997</timestamp>
			</report>
			<report>
				<misses>8210001</misses>
				<total>16</total>
				<timestamp>2706.591611</timestamp>
			</report>
			<report>
				<misses>8211001</misses>
				<total>16</total>
				<timestamp>2706.921289</timestamp>
			</report>
			<report>
				<misses>8212001</misses>
				<total>16</total>
				<timestamp>2707.250984</timestamp>
			</report>
			<report>
				<misses>8213001</misses>
				<total>16</total>
				<timestamp>2707.580624</timestamp>
			</report>
			<report>
				<misses>8214001</misses>
				<total>16</total>
				<timestamp>2707.910305</timestamp>
			</report>
			<report>
				<misses>8215001</misses>
				<total>16</total>
				<timestamp>2708.239971</timestamp>
			</report>
			<report>
				<misses>8216001</misses>
				<total>16</total>
				<timestamp>2708.569635</timestamp>
			</report>
			<report>
				<misses>8217001</misses>
				<total>16</total>
				<timestamp>2708.899294</timestamp>
			</report>
			<report>
				<misses>8218001</misses>
				<total>16</total>
				<timestamp>2709.228986</timestamp>
			</report>
			<report>
				<misses>8219001</misses>
				<total>16</total>
				<timestamp>2709.558656</timestamp>
			</report>
			<report>
				<misses>8220001</misses>
				<total>16</total>
				<timestamp>2709.888315</timestamp>
			</report>
			<report>
				<misses>8221001</misses>
				<total>16</total>
				<timestamp>2710.218004</timestamp>
			</report>
			<report>
				<misses>8222001</misses>
				<total>16</total>
				<timestamp>2710.547663</timestamp>
			</report>
			<report>
				<misses>8223001</misses>
				<total>16</total>
				<timestamp>2710.877339</timestamp>
			</report>
			<report>
				<misses>8224001</misses>
				<total>16</total>
				<timestamp>2711.207017</timestamp>
			</report>
			<report>
				<misses>8225001</misses>
				<total>16</total>
				<timestamp>2711.536697</timestamp>
			</report>
			<report>
				<misses>8226001</misses>
				<total>16</total>
				<timestamp>2711.866325</timestamp>
			</report>
			<report>
				<misses>8227001</misses>
				<total>16</total>
				<timestamp>2712.196017</timestamp>
			</report>
			<report>
				<misses>8228001</misses>
				<total>16</total>
				<timestamp>2712.525762</timestamp>
			</report>
			<report>
				<misses>8229001</misses>
				<total>16</total>
				<timestamp>2712.855417</timestamp>
			</report>
			<report>
				<misses>8230001</misses>
				<total>16</total>
				<timestamp>2713.185029</timestamp>
			</report>
			<report>
				<misses>8231001</misses>
				<total>16</total>
				<timestamp>2713.514688</timestamp>
			</report>
			<report>
				<misses>8232001</misses>
				<total>16</total>
				<timestamp>2713.844401</timestamp>
			</report>
			<report>
				<misses>8233001</misses>
				<total>16</total>
				<timestamp>2714.174076</timestamp>
			</report>
			<report>
				<misses>8234001</misses>
				<total>16</total>
				<timestamp>2714.503704</timestamp>
			</report>
			<report>
				<misses>8235001</misses>
				<total>16</total>
				<timestamp>2714.833368</timestamp>
			</report>
			<report>
				<misses>8236001</misses>
				<total>16</total>
				<timestamp>2715.163069</timestamp>
			</report>
			<report>
				<misses>8237001</misses>
				<total>16</total>
				<timestamp>2715.492693</timestamp>
			</report>
			<report>
				<misses>8238001</misses>
				<total>16</total>
				<timestamp>2715.822422</timestamp>
			</report>
			<report>
				<misses>8239001</misses>
				<total>16</total>
				<timestamp>2716.152055</timestamp>
			</report>
			<report>
				<misses>8240001</misses>
				<total>16</total>
				<timestamp>2716.481792</timestamp>
			</report>
			<report>
				<misses>8241001</misses>
				<total>16</total>
				<timestamp>2716.811396</timestamp>
			</report>
			<report>
				<misses>8242001</misses>
				<total>16</total>
				<timestamp>2717.141067</timestamp>
			</report>
			<report>
				<misses>8243001</misses>
				<total>16</total>
				<timestamp>2717.470741</timestamp>
			</report>
			<report>
				<misses>8244001</misses>
				<total>16</total>
				<timestamp>2717.800413</timestamp>
			</report>
			<report>
				<misses>8245001</misses>
				<total>16</total>
				<timestamp>2718.130074</timestamp>
			</report>
			<report>
				<misses>8246001</misses>
				<total>16</total>
				<timestamp>2718.459792</timestamp>
			</report>
			<report>
				<misses>8247001</misses>
				<total>16</total>
				<timestamp>2718.789406</timestamp>
			</report>
			<report>
				<misses>8248001</misses>
				<total>16</total>
				<timestamp>2719.119084</timestamp>
			</report>
			<report>
				<misses>8249001</misses>
				<total>16</total>
				<timestamp>2719.448773</timestamp>
			</report>
			<report>
				<misses>8250001</misses>
				<total>16</total>
				<timestamp>2719.778405</timestamp>
			</report>
			<report>
				<misses>8251001</misses>
				<total>16</total>
				<timestamp>2720.108090</timestamp>
			</report>
			<report>
				<misses>8252001</misses>
				<total>16</total>
				<timestamp>2720.437849</timestamp>
			</report>
			<report>
				<misses>8253001</misses>
				<total>16</total>
				<timestamp>2720.767431</timestamp>
			</report>
			<report>
				<misses>8254001</misses>
				<total>16</total>
				<timestamp>2721.097150</timestamp>
			</report>
			<report>
				<misses>8255001</misses>
				<total>16</total>
				<timestamp>2721.426803</timestamp>
			</report>
			<report>
				<misses>8256001</misses>
				<total>16</total>
				<timestamp>2721.756437</timestamp>
			</report>
			<report>
				<misses>8257001</misses>
				<total>16</total>
				<timestamp>2722.086120</timestamp>
			</report>
			<report>
				<misses>8258001</misses>
				<total>16</total>
				<timestamp>2722.415836</timestamp>
			</report>
			<report>
				<misses>8259001</misses>
				<total>16</total>
				<timestamp>2722.745444</timestamp>
			</report>
			<report>
				<misses>8260001</misses>
				<total>16</total>
				<timestamp>2723.075118</timestamp>
			</report>
			<report>
				<misses>8261001</misses>
				<total>16</total>
				<timestamp>2723.404875</timestamp>
			</report>
			<report>
				<misses>8262001</misses>
				<total>16</total>
				<timestamp>2723.734458</timestamp>
			</report>
			<report>
				<misses>8263001</misses>
				<total>16</total>
				<timestamp>2724.064125</timestamp>
			</report>
			<report>
				<misses>8264001</misses>
				<total>16</total>
				<timestamp>2724.393857</timestamp>
			</report>
			<report>
				<misses>8265001</misses>
				<total>16</total>
				<timestamp>2724.723495</timestamp>
			</report>
			<report>
				<misses>8266001</misses>
				<total>16</total>
				<timestamp>2725.053137</timestamp>
			</report>
			<report>
				<misses>8267001</misses>
				<total>16</total>
				<timestamp>2725.382899</timestamp>
			</report>
			<report>
				<misses>8268001</misses>
				<total>16</total>
				<timestamp>2725.712490</timestamp>
			</report>
			<report>
				<misses>8269001</misses>
				<total>16</total>
				<timestamp>2726.042151</timestamp>
			</report>
			<report>
				<misses>8270001</misses>
				<total>16</total>
				<timestamp>2726.371870</timestamp>
			</report>
			<report>
				<misses>8271001</misses>
				<total>16</total>
				<timestamp>2726.701503</timestamp>
			</report>
			<report>
				<misses>8272001</misses>
				<total>16</total>
				<timestamp>2727.031150</timestamp>
			</report>
			<report>
				<misses>8273001</misses>
				<total>16</total>
				<timestamp>2727.360878</timestamp>
			</report>
			<report>
				<misses>8274001</misses>
				<total>16</total>
				<timestamp>2727.690490</timestamp>
			</report>
			<report>
				<misses>8275001</misses>
				<total>16</total>
				<timestamp>2728.020180</timestamp>
			</report>
			<report>
				<misses>8276001</misses>
				<total>16</total>
				<timestamp>2728.349893</timestamp>
			</report>
			<report>
				<misses>8277001</misses>
				<total>16</total>
				<timestamp>2728.679506</timestamp>
			</report>
			<report>
				<misses>8278001</misses>
				<total>16</total>
				<timestamp>2729.009187</timestamp>
			</report>
			<report>
				<misses>8279001</misses>
				<total>16</total>
				<timestamp>2729.338913</timestamp>
			</report>
			<report>
				<misses>8280001</misses>
				<total>16</total>
				<timestamp>2729.668526</timestamp>
			</report>
			<report>
				<misses>8281001</misses>
				<total>16</total>
				<timestamp>2729.998183</timestamp>
			</report>
			<report>
				<misses>8282001</misses>
				<total>16</total>
				<timestamp>2730.327913</timestamp>
			</report>
			<report>
				<misses>8283001</misses>
				<total>16</total>
				<timestamp>2730.657531</timestamp>
			</report>
			<report>
				<misses>8284001</misses>
				<total>16</total>
				<timestamp>2730.987209</timestamp>
			</report>
			<report>
				<misses>8285001</misses>
				<total>16</total>
				<timestamp>2731.316940</timestamp>
			</report>
			<report>
				<misses>8286001</misses>
				<total>16</total>
				<timestamp>2731.646539</timestamp>
			</report>
			<report>
				<misses>8287001</misses>
				<total>16</total>
				<timestamp>2731.976223</timestamp>
			</report>
			<report>
				<misses>8288001</misses>
				<total>16</total>
				<timestamp>2732.305949</timestamp>
			</report>
			<report>
				<misses>8289001</misses>
				<total>16</total>
				<timestamp>2732.635557</timestamp>
			</report>
			<report>
				<misses>8290001</misses>
				<total>16</total>
				<timestamp>2732.965215</timestamp>
			</report>
			<report>
				<misses>8291001</misses>
				<total>16</total>
				<timestamp>2733.294889</timestamp>
			</report>
			<report>
				<misses>8292001</misses>
				<total>16</total>
				<timestamp>2733.624557</timestamp>
			</report>
			<report>
				<misses>8293001</misses>
				<total>16</total>
				<timestamp>2733.954218</timestamp>
			</report>
			<report>
				<misses>8294001</misses>
				<total>16</total>
				<timestamp>2734.283930</timestamp>
			</report>
			<report>
				<misses>8295001</misses>
				<total>16</total>
				<timestamp>2734.613561</timestamp>
			</report>
			<report>
				<misses>8296001</misses>
				<total>16</total>
				<timestamp>2734.943255</timestamp>
			</report>
			<report>
				<misses>8297001</misses>
				<total>16</total>
				<timestamp>2735.272908</timestamp>
			</report>
			<report>
				<misses>8298001</misses>
				<total>16</total>
				<timestamp>2735.602579</timestamp>
			</report>
			<report>
				<misses>8299001</misses>
				<total>16</total>
				<timestamp>2735.932246</timestamp>
			</report>
			<report>
				<misses>8300001</misses>
				<total>16</total>
				<timestamp>2736.261902</timestamp>
			</report>
			<report>
				<misses>8301001</misses>
				<total>16</total>
				<timestamp>2736.591594</timestamp>
			</report>
			<report>
				<misses>8302001</misses>
				<total>16</total>
				<timestamp>2736.921263</timestamp>
			</report>
			<report>
				<misses>8303001</misses>
				<total>16</total>
				<timestamp>2737.250948</timestamp>
			</report>
			<report>
				<misses>8304001</misses>
				<total>16</total>
				<timestamp>2737.580615</timestamp>
			</report>
			<report>
				<misses>8305001</misses>
				<total>16</total>
				<timestamp>2737.910258</timestamp>
			</report>
			<report>
				<misses>8306001</misses>
				<total>16</total>
				<timestamp>2738.239974</timestamp>
			</report>
			<report>
				<misses>8307001</misses>
				<total>16</total>
				<timestamp>2738.569679</timestamp>
			</report>
			<report>
				<misses>8308001</misses>
				<total>16</total>
				<timestamp>2738.899290</timestamp>
			</report>
			<report>
				<misses>8309001</misses>
				<total>16</total>
				<timestamp>2739.228966</timestamp>
			</report>
			<report>
				<misses>8310001</misses>
				<total>16</total>
				<timestamp>2739.558725</timestamp>
			</report>
			<report>
				<misses>8311001</misses>
				<total>16</total>
				<timestamp>2739.888309</timestamp>
			</report>
			<report>
				<misses>8312001</misses>
				<total>16</total>
				<timestamp>2740.217976</timestamp>
			</report>
			<report>
				<misses>8313001</misses>
				<total>16</total>
				<timestamp>2740.547632</timestamp>
			</report>
			<report>
				<misses>8314001</misses>
				<total>16</total>
				<timestamp>2740.877302</timestamp>
			</report>
			<report>
				<misses>8315001</misses>
				<total>16</total>
				<timestamp>2741.206975</timestamp>
			</report>
			<report>
				<misses>8316001</misses>
				<total>16</total>
				<timestamp>2741.536652</timestamp>
			</report>
			<report>
				<misses>8317001</misses>
				<total>16</total>
				<timestamp>2741.866363</timestamp>
			</report>
			<report>
				<misses>8318001</misses>
				<total>16</total>
				<timestamp>2742.195982</timestamp>
			</report>
			<report>
				<misses>8319001</misses>
				<total>16</total>
				<timestamp>2742.525702</timestamp>
			</report>
			<report>
				<misses>8320001</misses>
				<total>16</total>
				<timestamp>2742.855313</timestamp>
			</report>
			<report>
				<misses>8321001</misses>
				<total>16</total>
				<timestamp>2743.184991</timestamp>
			</report>
			<report>
				<misses>8322001</misses>
				<total>16</total>
				<timestamp>2743.514702</timestamp>
			</report>
			<report>
				<misses>8323001</misses>
				<total>16</total>
				<timestamp>2743.844333</timestamp>
			</report>
			<report>
				<misses>8324001</misses>
				<total>16</total>
				<timestamp>2744.174004</timestamp>
			</report>
			<report>
				<misses>8325001</misses>
				<total>16</total>
				<timestamp>2744.503672</timestamp>
			</report>
			<report>
				<misses>8326001</misses>
				<total>16</total>
				<timestamp>2744.833344</timestamp>
			</report>
			<report>
				<misses>8327001</misses>
				<total>16</total>
				<timestamp>2745.163003</timestamp>
			</report>
			<report>
				<misses>8328001</misses>
				<total>16</total>
				<timestamp>2745.492687</timestamp>
			</report>
			<report>
				<misses>8329001</misses>
				<total>16</total>
				<timestamp>2745.822348</timestamp>
			</report>
			<report>
				<misses>8330001</misses>
				<total>16</total>
				<timestamp>2746.152010</timestamp>
			</report>
			<report>
				<misses>8331001</misses>
				<total>16</total>
				<timestamp>2746.481736</timestamp>
			</report>
			<report>
				<misses>8332001</misses>
				<total>16</total>
				<timestamp>2746.811349</timestamp>
			</report>
			<report>
				<misses>8333001</misses>
				<total>16</total>
				<timestamp>2747.141030</timestamp>
			</report>
			<report>
				<misses>8334001</misses>
				<total>16</total>
				<timestamp>2747.470710</timestamp>
			</report>
			<report>
				<misses>8335001</misses>
				<total>16</total>
				<timestamp>2747.800357</timestamp>
			</report>
			<report>
				<misses>8336001</misses>
				<total>16</total>
				<timestamp>2748.130035</timestamp>
			</report>
			<report>
				<misses>8337001</misses>
				<total>16</total>
				<timestamp>2748.459812</timestamp>
			</report>
			<report>
				<misses>8338001</misses>
				<total>16</total>
				<timestamp>2748.789383</timestamp>
			</report>
			<report>
				<misses>8339001</misses>
				<total>16</total>
				<timestamp>2749.119062</timestamp>
			</report>
			<report>
				<misses>8340001</misses>
				<total>16</total>
				<timestamp>2749.448741</timestamp>
			</report>
			<report>
				<misses>8341001</misses>
				<total>16</total>
				<timestamp>2749.778388</timestamp>
			</report>
			<report>
				<misses>8342001</misses>
				<total>16</total>
				<timestamp>2750.108060</timestamp>
			</report>
			<report>
				<misses>8343001</misses>
				<total>16</total>
				<timestamp>2750.437752</timestamp>
			</report>
			<report>
				<misses>8344001</misses>
				<total>16</total>
				<timestamp>2750.767394</timestamp>
			</report>
			<report>
				<misses>8345001</misses>
				<total>16</total>
				<timestamp>2751.097086</timestamp>
			</report>
			<report>
				<misses>8346001</misses>
				<total>16</total>
				<timestamp>2751.426852</timestamp>
			</report>
			<report>
				<misses>8347001</misses>
				<total>16</total>
				<timestamp>2751.756416</timestamp>
			</report>
			<report>
				<misses>8348001</misses>
				<total>16</total>
				<timestamp>2752.086090</timestamp>
			</report>
			<report>
				<misses>8349001</misses>
				<total>16</total>
				<timestamp>2752.415812</timestamp>
			</report>
			<report>
				<misses>8350001</misses>
				<total>16</total>
				<timestamp>2752.745416</timestamp>
			</report>
			<report>
				<misses>8351001</misses>
				<total>16</total>
				<timestamp>2753.075114</timestamp>
			</report>
			<report>
				<misses>8352001</misses>
				<total>16</total>
				<timestamp>2753.404755</timestamp>
			</report>
			<report>
				<misses>8353001</misses>
				<total>16</total>
				<timestamp>2753.734418</timestamp>
			</report>
			<report>
				<misses>8354001</misses>
				<total>16</total>
				<timestamp>2754.064114</timestamp>
			</report>
			<report>
				<misses>8355001</misses>
				<total>16</total>
				<timestamp>2754.393830</timestamp>
			</report>
			<report>
				<misses>8356001</misses>
				<total>16</total>
				<timestamp>2754.723437</timestamp>
			</report>
			<report>
				<misses>8357001</misses>
				<total>16</total>
				<timestamp>2755.053106</timestamp>
			</report>
			<report>
				<misses>8358001</misses>
				<total>16</total>
				<timestamp>2755.382808</timestamp>
			</report>
			<report>
				<misses>8359001</misses>
				<total>16</total>
				<timestamp>2755.712445</timestamp>
			</report>
			<report>
				<misses>8360001</misses>
				<total>16</total>
				<timestamp>2756.042157</timestamp>
			</report>
			<report>
				<misses>8361001</misses>
				<total>16</total>
				<timestamp>2756.371791</timestamp>
			</report>
			<report>
				<misses>8362001</misses>
				<total>16</total>
				<timestamp>2756.701457</timestamp>
			</report>
			<report>
				<misses>8363001</misses>
				<total>16</total>
				<timestamp>2757.031132</timestamp>
			</report>
			<report>
				<misses>8364001</misses>
				<total>16</total>
				<timestamp>2757.360873</timestamp>
			</report>
			<report>
				<misses>8365001</misses>
				<total>16</total>
				<timestamp>2757.690463</timestamp>
			</report>
			<report>
				<misses>8366001</misses>
				<total>16</total>
				<timestamp>2758.020144</timestamp>
			</report>
			<report>
				<misses>8367001</misses>
				<total>16</total>
				<timestamp>2758.349838</timestamp>
			</report>
			<report>
				<misses>8368001</misses>
				<total>16</total>
				<timestamp>2758.679483</timestamp>
			</report>
			<report>
				<misses>8369001</misses>
				<total>16</total>
				<timestamp>2759.009155</timestamp>
			</report>
			<report>
				<misses>8370001</misses>
				<total>16</total>
				<timestamp>2759.338902</timestamp>
			</report>
			<report>
				<misses>8371001</misses>
				<total>16</total>
				<timestamp>2759.668491</timestamp>
			</report>
			<report>
				<misses>8372001</misses>
				<total>16</total>
				<timestamp>2759.998154</timestamp>
			</report>
			<report>
				<misses>8373001</misses>
				<total>16</total>
				<timestamp>2760.327849</timestamp>
			</report>
			<report>
				<misses>8374001</misses>
				<total>16</total>
				<timestamp>2760.657518</timestamp>
			</report>
			<report>
				<misses>8375001</misses>
				<total>16</total>
				<timestamp>2760.987172</timestamp>
			</report>
			<report>
				<misses>8376001</misses>
				<total>16</total>
				<timestamp>2761.316831</timestamp>
			</report>
			<report>
				<misses>8377001</misses>
				<total>16</total>
				<timestamp>2761.646499</timestamp>
			</report>
			<report>
				<misses>8378001</misses>
				<total>16</total>
				<timestamp>2761.976169</timestamp>
			</report>
			<report>
				<misses>8379001</misses>
				<total>16</total>
				<timestamp>2762.305863</timestamp>
			</report>
			<report>
				<misses>8380001</misses>
				<total>16</total>
				<timestamp>2762.635526</timestamp>
			</report>
			<report>
				<misses>8381001</misses>
				<total>16</total>
				<timestamp>2762.965228</timestamp>
			</report>
			<report>
				<misses>8382001</misses>
				<total>16</total>
				<timestamp>2763.294900</timestamp>
			</report>
			<report>
				<misses>8383001</misses>
				<total>16</total>
				<timestamp>2763.624594</timestamp>
			</report>
			<report>
				<misses>8384001</misses>
				<total>16</total>
				<timestamp>2763.954249</timestamp>
			</report>
			<report>
				<misses>8385001</misses>
				<total>16</total>
				<timestamp>2764.283873</timestamp>
			</report>
			<report>
				<misses>8386001</misses>
				<total>16</total>
				<timestamp>2764.613602</timestamp>
			</report>
			<report>
				<misses>8387001</misses>
				<total>16</total>
				<timestamp>2764.943209</timestamp>
			</report>
			<report>
				<misses>8388001</misses>
				<total>16</total>
				<timestamp>2765.272880</timestamp>
			</report>
			<report>
				<misses>8389001</misses>
				<total>16</total>
				<timestamp>2765.602607</timestamp>
			</report>
			<report>
				<misses>8390001</misses>
				<total>16</total>
				<timestamp>2765.932226</timestamp>
			</report>
			<report>
				<misses>8391001</misses>
				<total>16</total>
				<timestamp>2766.261901</timestamp>
			</report>
			<report>
				<misses>8392001</misses>
				<total>16</total>
				<timestamp>2766.591637</timestamp>
			</report>
			<report>
				<misses>8393001</misses>
				<total>16</total>
				<timestamp>2766.921289</timestamp>
			</report>
			<report>
				<misses>8394001</misses>
				<total>16</total>
				<timestamp>2767.250951</timestamp>
			</report>
			<report>
				<misses>8395001</misses>
				<total>16</total>
				<timestamp>2767.580642</timestamp>
			</report>
			<report>
				<misses>8396001</misses>
				<total>16</total>
				<timestamp>2767.910233</timestamp>
			</report>
			<report>
				<misses>8397001</misses>
				<total>16</total>
				<timestamp>2768.239937</timestamp>
			</report>
			<report>
				<misses>8398001</misses>
				<total>16</total>
				<timestamp>2768.569687</timestamp>
			</report>
			<report>
				<misses>8399001</misses>
				<total>16</total>
				<timestamp>2768.899258</timestamp>
			</report>
			<report>
				<misses>8400001</misses>
				<total>16</total>
				<timestamp>2769.228917</timestamp>
			</report>
			<report>
				<misses>8401001</misses>
				<total>16</total>
				<timestamp>2769.558603</timestamp>
			</report>
			<report>
				<misses>8402001</misses>
				<total>16</total>
				<timestamp>2769.888254</timestamp>
			</report>
			<report>
				<misses>8403001</misses>
				<total>16</total>
				<timestamp>2770.217937</timestamp>
			</report>
			<report>
				<misses>8404001</misses>
				<total>16</total>
				<timestamp>2770.547625</timestamp>
			</report>
			<report>
				<misses>8405001</misses>
				<total>16</total>
				<timestamp>2770.877265</timestamp>
			</report>
			<report>
				<misses>8406001</misses>
				<total>16</total>
				<timestamp>2771.206934</timestamp>
			</report>
			<report>
				<misses>8407001</misses>
				<total>16</total>
				<timestamp>2771.536628</timestamp>
			</report>
			<report>
				<misses>8408001</misses>
				<total>16</total>
				<timestamp>2771.866297</timestamp>
			</report>
			<report>
				<misses>8409001</misses>
				<total>16</total>
				<timestamp>2772.195958</timestamp>
			</report>
			<report>
				<misses>8410001</misses>
				<total>16</total>
				<timestamp>2772.525679</timestamp>
			</report>
			<report>
				<misses>8411001</misses>
				<total>16</total>
				<timestamp>2772.855299</timestamp>
			</report>
			<report>
				<misses>8412001</misses>
				<total>16</total>
				<timestamp>2773.184952</timestamp>
			</report>
			<report>
				<misses>8413001</misses>
				<total>16</total>
				<timestamp>2773.514709</timestamp>
			</report>
			<report>
				<misses>8414001</misses>
				<total>16</total>
				<timestamp>2773.844333</timestamp>
			</report>
			<report>
				<misses>8415001</misses>
				<total>16</total>
				<timestamp>2774.173960</timestamp>
			</report>
			<report>
				<misses>8416001</misses>
				<total>16</total>
				<timestamp>2774.503646</timestamp>
			</report>
			<report>
				<misses>8417001</misses>
				<total>16</total>
				<timestamp>2774.833325</timestamp>
			</report>
			<report>
				<misses>8418001</misses>
				<total>16</total>
				<timestamp>2775.162972</timestamp>
			</report>
			<report>
				<misses>8419001</misses>
				<total>16</total>
				<timestamp>2775.492661</timestamp>
			</report>
			<report>
				<misses>8420001</misses>
				<total>16</total>
				<timestamp>2775.822324</timestamp>
			</report>
			<report>
				<misses>8421001</misses>
				<total>16</total>
				<timestamp>2776.152037</timestamp>
			</report>
			<report>
				<misses>8422001</misses>
				<total>16</total>
				<timestamp>2776.481662</timestamp>
			</report>
			<report>
				<misses>8423001</misses>
				<total>16</total>
				<timestamp>2776.811323</timestamp>
			</report>
			<report>
				<misses>8424001</misses>
				<total>16</total>
				<timestamp>2777.141017</timestamp>
			</report>
			<report>
				<misses>8425001</misses>
				<total>16</total>
				<timestamp>2777.470794</timestamp>
			</report>
			<report>
				<misses>8426001</misses>
				<total>16</total>
				<timestamp>2777.800351</timestamp>
			</report>
			<report>
				<misses>8427001</misses>
				<total>16</total>
				<timestamp>2778.130009</timestamp>
			</report>
			<report>
				<misses>8428001</misses>
				<total>16</total>
				<timestamp>2778.459729</timestamp>
			</report>
			<report>
				<misses>8429001</misses>
				<total>16</total>
				<timestamp>2778.789343</timestamp>
			</report>
			<report>
				<misses>8430001</misses>
				<total>16</total>
				<timestamp>2779.119011</timestamp>
			</report>
			<report>
				<misses>8431001</misses>
				<total>16</total>
				<timestamp>2779.448710</timestamp>
			</report>
			<report>
				<misses>8432001</misses>
				<total>16</total>
				<timestamp>2779.778350</timestamp>
			</report>
			<report>
				<misses>8433001</misses>
				<total>16</total>
				<timestamp>2780.108028</timestamp>
			</report>
			<report>
				<misses>8434001</misses>
				<total>16</total>
				<timestamp>2780.437719</timestamp>
			</report>
			<report>
				<misses>8435001</misses>
				<total>16</total>
				<timestamp>2780.767365</timestamp>
			</report>
			<report>
				<misses>8436001</misses>
				<total>16</total>
				<timestamp>2781.097043</timestamp>
			</report>
			<report>
				<misses>8437001</misses>
				<total>16</total>
				<timestamp>2781.426734</timestamp>
			</report>
			<report>
				<misses>8438001</misses>
				<total>16</total>
				<timestamp>2781.756373</timestamp>
			</report>
			<report>
				<misses>8439001</misses>
				<total>16</total>
				<timestamp>2782.086054</timestamp>
			</report>
			<report>
				<misses>8440001</misses>
				<total>16</total>
				<timestamp>2782.415723</timestamp>
			</report>
			<report>
				<misses>8441001</misses>
				<total>16</total>
				<timestamp>2782.745455</timestamp>
			</report>
			<report>
				<misses>8442001</misses>
				<total>16</total>
				<timestamp>2783.075060</timestamp>
			</report>
			<report>
				<misses>8443001</misses>
				<total>16</total>
				<timestamp>2783.404737</timestamp>
			</report>
			<report>
				<misses>8444001</misses>
				<total>16</total>
				<timestamp>2783.734420</timestamp>
			</report>
			<report>
				<misses>8445001</misses>
				<total>16</total>
				<timestamp>2784.064104</timestamp>
			</report>
			<report>
				<misses>8446001</misses>
				<total>16</total>
				<timestamp>2784.393733</timestamp>
			</report>
			<report>
				<misses>8447001</misses>
				<total>16</total>
				<timestamp>2784.723437</timestamp>
			</report>
			<report>
				<misses>8448001</misses>
				<total>16</total>
				<timestamp>2785.053105</timestamp>
			</report>
			<report>
				<misses>8449001</misses>
				<total>16</total>
				<timestamp>2785.382757</timestamp>
			</report>
			<report>
				<misses>8450001</misses>
				<total>16</total>
				<timestamp>2785.712465</timestamp>
			</report>
			<report>
				<misses>8451001</misses>
				<total>16</total>
				<timestamp>2786.042105</timestamp>
			</report>
			<report>
				<misses>8452001</misses>
				<total>16</total>
				<timestamp>2786.371758</timestamp>
			</report>
			<report>
				<misses>8453001</misses>
				<total>16</total>
				<timestamp>2786.701484</timestamp>
			</report>
			<report>
				<misses>8454001</misses>
				<total>16</total>
				<timestamp>2787.031125</timestamp>
			</report>
			<report>
				<misses>8455001</misses>
				<total>16</total>
				<timestamp>2787.360796</timestamp>
			</report>
			<report>
				<misses>8456001</misses>
				<total>16</total>
				<timestamp>2787.690501</timestamp>
			</report>
			<report>
				<misses>8457001</misses>
				<total>16</total>
				<timestamp>2788.020111</timestamp>
			</report>
			<report>
				<misses>8458001</misses>
				<total>16</total>
				<timestamp>2788.349820</timestamp>
			</report>
			<report>
				<misses>8459001</misses>
				<total>16</total>
				<timestamp>2788.679549</timestamp>
			</report>
			<report>
				<misses>8460001</misses>
				<total>16</total>
				<timestamp>2789.009115</timestamp>
			</report>
			<report>
				<misses>8461001</misses>
				<total>16</total>
				<timestamp>2789.338805</timestamp>
			</report>
			<report>
				<misses>8462001</misses>
				<total>16</total>
				<timestamp>2789.668572</timestamp>
			</report>
			<report>
				<misses>8463001</misses>
				<total>16</total>
				<timestamp>2789.998142</timestamp>
			</report>
			<report>
				<misses>8464001</misses>
				<total>16</total>
				<timestamp>2790.327871</timestamp>
			</report>
			<report>
				<misses>8465001</misses>
				<total>16</total>
				<timestamp>2790.657554</timestamp>
			</report>
			<report>
				<misses>8466001</misses>
				<total>16</total>
				<timestamp>2790.987138</timestamp>
			</report>
			<report>
				<misses>8467001</misses>
				<total>16</total>
				<timestamp>2791.316843</timestamp>
			</report>
			<report>
				<misses>8468001</misses>
				<total>16</total>
				<timestamp>2791.646621</timestamp>
			</report>
			<report>
				<misses>8469001</misses>
				<total>16</total>
				<timestamp>2791.976134</timestamp>
			</report>
			<report>
				<misses>8470001</misses>
				<total>16</total>
				<timestamp>2792.305818</timestamp>
			</report>
			<report>
				<misses>8471001</misses>
				<total>16</total>
				<timestamp>2792.635514</timestamp>
			</report>
			<report>
				<misses>8472001</misses>
				<total>16</total>
				<timestamp>2792.965177</timestamp>
			</report>
			<report>
				<misses>8473001</misses>
				<total>16</total>
				<timestamp>2793.294842</timestamp>
			</report>
			<report>
				<misses>8474001</misses>
				<total>16</total>
				<timestamp>2793.624557</timestamp>
			</report>
			<report>
				<misses>8475001</misses>
				<total>16</total>
				<timestamp>2793.954271</timestamp>
			</report>
			<report>
				<misses>8476001</misses>
				<total>16</total>
				<timestamp>2794.283839</timestamp>
			</report>
			<report>
				<misses>8477001</misses>
				<total>16</total>
				<timestamp>2794.613600</timestamp>
			</report>
			<report>
				<misses>8478001</misses>
				<total>16</total>
				<timestamp>2794.943197</timestamp>
			</report>
			<report>
				<misses>8479001</misses>
				<total>16</total>
				<timestamp>2795.272863</timestamp>
			</report>
			<report>
				<misses>8480001</misses>
				<total>16</total>
				<timestamp>2795.602563</timestamp>
			</report>
			<report>
				<misses>8481001</misses>
				<total>16</total>
				<timestamp>2795.932191</timestamp>
			</report>
			<report>
				<misses>8482001</misses>
				<total>16</total>
				<timestamp>2796.261862</timestamp>
			</report>
			<report>
				<misses>8483001</misses>
				<total>16</total>
				<timestamp>2796.591558</timestamp>
			</report>
			<report>
				<misses>8484001</misses>
				<total>16</total>
				<timestamp>2796.921567</timestamp>
			</report>
			<report>
				<misses>8485001</misses>
				<total>16</total>
				<timestamp>2797.251200</timestamp>
			</report>
			<report>
				<misses>8486001</misses>
				<total>16</total>
				<timestamp>2797.580878</timestamp>
			</report>
			<report>
				<misses>8487001</misses>
				<total>16</total>
				<timestamp>2797.910616</timestamp>
			</report>
			<report>
				<misses>8488001</misses>
				<total>16</total>
				<timestamp>2798.240223</timestamp>
			</report>
			<report>
				<misses>8489001</misses>
				<total>16</total>
				<timestamp>2798.569895</timestamp>
			</report>
			<report>
				<misses>8490001</misses>
				<total>16</total>
				<timestamp>2798.899598</timestamp>
			</report>
			<report>
				<misses>8491001</misses>
				<total>16</total>
				<timestamp>2799.229247</timestamp>
			</report>
			<report>
				<misses>8492001</misses>
				<total>16</total>
				<timestamp>2799.558898</timestamp>
			</report>
			<report>
				<misses>8493001</misses>
				<total>16</total>
				<timestamp>2799.888563</timestamp>
			</report>
			<report>
				<misses>8494001</misses>
				<total>16</total>
				<timestamp>2800.218247</timestamp>
			</report>
			<report>
				<misses>8495001</misses>
				<total>16</total>
				<timestamp>2800.547929</timestamp>
			</report>
			<report>
				<misses>8496001</misses>
				<total>16</total>
				<timestamp>2800.877622</timestamp>
			</report>
			<report>
				<misses>8497001</misses>
				<total>16</total>
				<timestamp>2801.207246</timestamp>
			</report>
			<report>
				<misses>8498001</misses>
				<total>16</total>
				<timestamp>2801.536927</timestamp>
			</report>
			<report>
				<misses>8499001</misses>
				<total>16</total>
				<timestamp>2801.866638</timestamp>
			</report>
			<report>
				<misses>8500001</misses>
				<total>16</total>
				<timestamp>2802.196244</timestamp>
			</report>
			<report>
				<misses>8501001</misses>
				<total>16</total>
				<timestamp>2802.525918</timestamp>
			</report>
			<report>
				<misses>8502001</misses>
				<total>16</total>
				<timestamp>2802.855586</timestamp>
			</report>
			<report>
				<misses>8503001</misses>
				<total>16</total>
				<timestamp>2803.185265</timestamp>
			</report>
			<report>
				<misses>8504001</misses>
				<total>16</total>
				<timestamp>2803.514932</timestamp>
			</report>
			<report>
				<misses>8505001</misses>
				<total>16</total>
				<timestamp>2803.844595</timestamp>
			</report>
			<report>
				<misses>8506001</misses>
				<total>16</total>
				<timestamp>2804.174271</timestamp>
			</report>
			<report>
				<misses>8507001</misses>
				<total>16</total>
				<timestamp>2804.503947</timestamp>
			</report>
			<report>
				<misses>8508001</misses>
				<total>16</total>
				<timestamp>2804.833617</timestamp>
			</report>
			<report>
				<misses>8509001</misses>
				<total>16</total>
				<timestamp>2805.163265</timestamp>
			</report>
			<report>
				<misses>8510001</misses>
				<total>16</total>
				<timestamp>2805.492978</timestamp>
			</report>
			<report>
				<misses>8511001</misses>
				<total>16</total>
				<timestamp>2805.822683</timestamp>
			</report>
			<report>
				<misses>8512001</misses>
				<total>16</total>
				<timestamp>2806.152315</timestamp>
			</report>
			<report>
				<misses>8513001</misses>
				<total>16</total>
				<timestamp>2806.481978</timestamp>
			</report>
			<report>
				<misses>8514001</misses>
				<total>16</total>
				<timestamp>2806.811612</timestamp>
			</report>
			<report>
				<misses>8515001</misses>
				<total>16</total>
				<timestamp>2807.141306</timestamp>
			</report>
			<report>
				<misses>8516001</misses>
				<total>16</total>
				<timestamp>2807.470975</timestamp>
			</report>
			<report>
				<misses>8517001</misses>
				<total>16</total>
				<timestamp>2807.800644</timestamp>
			</report>
			<report>
				<misses>8518001</misses>
				<total>16</total>
				<timestamp>2808.130395</timestamp>
			</report>
			<report>
				<misses>8519001</misses>
				<total>16</total>
				<timestamp>2808.459987</timestamp>
			</report>
			<report>
				<misses>8520001</misses>
				<total>16</total>
				<timestamp>2808.789642</timestamp>
			</report>
			<report>
				<misses>8521001</misses>
				<total>16</total>
				<timestamp>2809.119489</timestamp>
			</report>
			<report>
				<misses>8522001</misses>
				<total>16</total>
				<timestamp>2809.448977</timestamp>
			</report>
			<report>
				<misses>8523001</misses>
				<total>16</total>
				<timestamp>2809.778649</timestamp>
			</report>
			<report>
				<misses>8524001</misses>
				<total>16</total>
				<timestamp>2810.108379</timestamp>
			</report>
			<report>
				<misses>8525001</misses>
				<total>16</total>
				<timestamp>2810.438055</timestamp>
			</report>
			<report>
				<misses>8526001</misses>
				<total>16</total>
				<timestamp>2810.767735</timestamp>
			</report>
			<report>
				<misses>8527001</misses>
				<total>16</total>
				<timestamp>2811.097403</timestamp>
			</report>
			<report>
				<misses>8528001</misses>
				<total>16</total>
				<timestamp>2811.427005</timestamp>
			</report>
			<report>
				<misses>8529001</misses>
				<total>16</total>
				<timestamp>2811.756685</timestamp>
			</report>
			<report>
				<misses>8530001</misses>
				<total>16</total>
				<timestamp>2812.086441</timestamp>
			</report>
			<report>
				<misses>8531001</misses>
				<total>16</total>
				<timestamp>2812.416040</timestamp>
			</report>
			<report>
				<misses>8532001</misses>
				<total>16</total>
				<timestamp>2812.745681</timestamp>
			</report>
			<report>
				<misses>8533001</misses>
				<total>16</total>
				<timestamp>2813.075423</timestamp>
			</report>
			<report>
				<misses>8534001</misses>
				<total>16</total>
				<timestamp>2813.405043</timestamp>
			</report>
			<report>
				<misses>8535001</misses>
				<total>16</total>
				<timestamp>2813.734683</timestamp>
			</report>
			<report>
				<misses>8536001</misses>
				<total>16</total>
				<timestamp>2814.064370</timestamp>
			</report>
			<report>
				<misses>8537001</misses>
				<total>16</total>
				<timestamp>2814.394043</timestamp>
			</report>
			<report>
				<misses>8538001</misses>
				<total>16</total>
				<timestamp>2814.723711</timestamp>
			</report>
			<report>
				<misses>8539001</misses>
				<total>16</total>
				<timestamp>2815.053481</timestamp>
			</report>
			<report>
				<misses>8540001</misses>
				<total>16</total>
				<timestamp>2815.383059</timestamp>
			</report>
			<report>
				<misses>8541001</misses>
				<total>16</total>
				<timestamp>2815.712730</timestamp>
			</report>
			<report>
				<misses>8542001</misses>
				<total>16</total>
				<timestamp>2816.042402</timestamp>
			</report>
			<report>
				<misses>8543001</misses>
				<total>16</total>
				<timestamp>2816.372093</timestamp>
			</report>
			<report>
				<misses>8544001</misses>
				<total>16</total>
				<timestamp>2816.701722</timestamp>
			</report>
			<report>
				<misses>8545001</misses>
				<total>16</total>
				<timestamp>2817.031485</timestamp>
			</report>
			<report>
				<misses>8546001</misses>
				<total>16</total>
				<timestamp>2817.361075</timestamp>
			</report>
			<report>
				<misses>8547001</misses>
				<total>16</total>
				<timestamp>2817.690786</timestamp>
			</report>
			<report>
				<misses>8548001</misses>
				<total>16</total>
				<timestamp>2818.020447</timestamp>
			</report>
			<report>
				<misses>8549001</misses>
				<total>16</total>
				<timestamp>2818.350120</timestamp>
			</report>
			<report>
				<misses>8550001</misses>
				<total>16</total>
				<timestamp>2818.679748</timestamp>
			</report>
			<report>
				<misses>8551001</misses>
				<total>16</total>
				<timestamp>2819.009469</timestamp>
			</report>
			<report>
				<misses>8552001</misses>
				<total>16</total>
				<timestamp>2819.339103</timestamp>
			</report>
			<report>
				<misses>8553001</misses>
				<total>16</total>
				<timestamp>2819.668753</timestamp>
			</report>
			<report>
				<misses>8554001</misses>
				<total>16</total>
				<timestamp>2819.998464</timestamp>
			</report>
			<report>
				<misses>8555001</misses>
				<total>16</total>
				<timestamp>2820.328122</timestamp>
			</report>
			<report>
				<misses>8556001</misses>
				<total>16</total>
				<timestamp>2820.657755</timestamp>
			</report>
			<report>
				<misses>8557001</misses>
				<total>16</total>
				<timestamp>2820.987492</timestamp>
			</report>
			<report>
				<misses>8558001</misses>
				<total>16</total>
				<timestamp>2821.317115</timestamp>
			</report>
			<report>
				<misses>8559001</misses>
				<total>16</total>
				<timestamp>2821.646777</timestamp>
			</report>
			<report>
				<misses>8560001</misses>
				<total>16</total>
				<timestamp>2821.976491</timestamp>
			</report>
			<report>
				<misses>8561001</misses>
				<total>16</total>
				<timestamp>2822.306127</timestamp>
			</report>
			<report>
				<misses>8562001</misses>
				<total>16</total>
				<timestamp>2822.635795</timestamp>
			</report>
			<report>
				<misses>8563001</misses>
				<total>16</total>
				<timestamp>2822.965476</timestamp>
			</report>
			<report>
				<misses>8564001</misses>
				<total>16</total>
				<timestamp>2823.295122</timestamp>
			</report>
			<report>
				<misses>8565001</misses>
				<total>16</total>
				<timestamp>2823.624783</timestamp>
			</report>
			<report>
				<misses>8566001</misses>
				<total>16</total>
				<timestamp>2823.954532</timestamp>
			</report>
			<report>
				<misses>8567001</misses>
				<total>16</total>
				<timestamp>2824.284147</timestamp>
			</report>
			<report>
				<misses>8568001</misses>
				<total>16</total>
				<timestamp>2824.613813</timestamp>
			</report>
			<report>
				<misses>8569001</misses>
				<total>16</total>
				<timestamp>2824.943486</timestamp>
			</report>
			<report>
				<misses>8570001</misses>
				<total>16</total>
				<timestamp>2825.273140</timestamp>
			</report>
			<report>
				<misses>8571001</misses>
				<total>16</total>
				<timestamp>2825.602811</timestamp>
			</report>
			<report>
				<misses>8572001</misses>
				<total>16</total>
				<timestamp>2825.932480</timestamp>
			</report>
			<report>
				<misses>8573001</misses>
				<total>16</total>
				<timestamp>2826.262177</timestamp>
			</report>
			<report>
				<misses>8574001</misses>
				<total>16</total>
				<timestamp>2826.591897</timestamp>
			</report>
			<report>
				<misses>8575001</misses>
				<total>16</total>
				<timestamp>2826.921495</timestamp>
			</report>
			<report>
				<misses>8576001</misses>
				<total>16</total>
				<timestamp>2827.251178</timestamp>
			</report>
			<report>
				<misses>8577001</misses>
				<total>16</total>
				<timestamp>2827.580843</timestamp>
			</report>
			<report>
				<misses>8578001</misses>
				<total>16</total>
				<timestamp>2827.910537</timestamp>
			</report>
			<report>
				<misses>8579001</misses>
				<total>16</total>
				<timestamp>2828.240193</timestamp>
			</report>
			<report>
				<misses>8580001</misses>
				<total>16</total>
				<timestamp>2828.569854</timestamp>
			</report>
			<report>
				<misses>8581001</misses>
				<total>16</total>
				<timestamp>2828.899525</timestamp>
			</report>
			<report>
				<misses>8582001</misses>
				<total>16</total>
				<timestamp>2829.229208</timestamp>
			</report>
			<report>
				<misses>8583001</misses>
				<total>16</total>
				<timestamp>2829.558862</timestamp>
			</report>
			<report>
				<misses>8584001</misses>
				<total>16</total>
				<timestamp>2829.888563</timestamp>
			</report>
			<report>
				<misses>8585001</misses>
				<total>16</total>
				<timestamp>2830.218289</timestamp>
			</report>
			<report>
				<misses>8586001</misses>
				<total>16</total>
				<timestamp>2830.547927</timestamp>
			</report>
			<report>
				<misses>8587001</misses>
				<total>16</total>
				<timestamp>2830.877584</timestamp>
			</report>
			<report>
				<misses>8588001</misses>
				<total>16</total>
				<timestamp>2831.207313</timestamp>
			</report>
			<report>
				<misses>8589001</misses>
				<total>16</total>
				<timestamp>2831.536891</timestamp>
			</report>
			<report>
				<misses>8590001</misses>
				<total>16</total>
				<timestamp>2831.866548</timestamp>
			</report>
			<report>
				<misses>8591001</misses>
				<total>16</total>
				<timestamp>2832.196289</timestamp>
			</report>
			<report>
				<misses>8592001</misses>
				<total>16</total>
				<timestamp>2832.525887</timestamp>
			</report>
			<report>
				<misses>8593001</misses>
				<total>16</total>
				<timestamp>2832.855624</timestamp>
			</report>
			<report>
				<misses>8594001</misses>
				<total>16</total>
				<timestamp>2833.185339</timestamp>
			</report>
			<report>
				<misses>8595001</misses>
				<total>16</total>
				<timestamp>2833.514916</timestamp>
			</report>
			<report>
				<misses>8596001</misses>
				<total>16</total>
				<timestamp>2833.844569</timestamp>
			</report>
			<report>
				<misses>8597001</misses>
				<total>16</total>
				<timestamp>2834.174316</timestamp>
			</report>
			<report>
				<misses>8598001</misses>
				<total>16</total>
				<timestamp>2834.503902</timestamp>
			</report>
			<report>
				<misses>8599001</misses>
				<total>16</total>
				<timestamp>2834.833577</timestamp>
			</report>
			<report>
				<misses>8600001</misses>
				<total>16</total>
				<timestamp>2835.163268</timestamp>
			</report>
			<report>
				<misses>8601001</misses>
				<total>16</total>
				<timestamp>2835.492908</timestamp>
			</report>
			<report>
				<misses>8602001</misses>
				<total>16</total>
				<timestamp>2835.822580</timestamp>
			</report>
			<report>
				<misses>8603001</misses>
				<total>16</total>
				<timestamp>2836.152285</timestamp>
			</report>
			<report>
				<misses>8604001</misses>
				<total>16</total>
				<timestamp>2836.481943</timestamp>
			</report>
			<report>
				<misses>8605001</misses>
				<total>16</total>
				<timestamp>2836.811602</timestamp>
			</report>
			<report>
				<misses>8606001</misses>
				<total>16</total>
				<timestamp>2837.141333</timestamp>
			</report>
			<report>
				<misses>8607001</misses>
				<total>16</total>
				<timestamp>2837.470943</timestamp>
			</report>
			<report>
				<misses>8608001</misses>
				<total>16</total>
				<timestamp>2837.800627</timestamp>
			</report>
			<report>
				<misses>8609001</misses>
				<total>16</total>
				<timestamp>2838.130332</timestamp>
			</report>
			<report>
				<misses>8610001</misses>
				<total>16</total>
				<timestamp>2838.459952</timestamp>
			</report>
			<report>
				<misses>8611001</misses>
				<total>16</total>
				<timestamp>2838.789651</timestamp>
			</report>
			<report>
				<misses>8612001</misses>
				<total>16</total>
				<timestamp>2839.119415</timestamp>
			</report>
			<report>
				<misses>8613001</misses>
				<total>16</total>
				<timestamp>2839.448953</timestamp>
			</report>
			<report>
				<misses>8614001</misses>
				<total>16</total>
				<timestamp>2839.778643</timestamp>
			</report>
			<report>
				<misses>8615001</misses>
				<total>16</total>
				<timestamp>2840.108379</timestamp>
			</report>
			<report>
				<misses>8616001</misses>
				<total>16</total>
				<timestamp>2840.437969</timestamp>
			</report>
			<report>
				<misses>8617001</misses>
				<total>16</total>
				<timestamp>2840.767625</timestamp>
			</report>
			<report>
				<misses>8618001</misses>
				<total>16</total>
				<timestamp>2841.097400</timestamp>
			</report>
			<report>
				<misses>8619001</misses>
				<total>16</total>
				<timestamp>2841.427035</timestamp>
			</report>
			<report>
				<misses>8620001</misses>
				<total>16</total>
				<timestamp>2841.756648</timestamp>
			</report>
			<report>
				<misses>8621001</misses>
				<total>16</total>
				<timestamp>2842.086407</timestamp>
			</report>
			<report>
				<misses>8622001</misses>
				<total>16</total>
				<timestamp>2842.415988</timestamp>
			</report>
			<report>
				<misses>8623001</misses>
				<total>16</total>
				<timestamp>2842.745659</timestamp>
			</report>
			<report>
				<misses>8624001</misses>
				<total>16</total>
				<timestamp>2843.075340</timestamp>
			</report>
			<report>
				<misses>8625001</misses>
				<total>16</total>
				<timestamp>2843.404994</timestamp>
			</report>
			<report>
				<misses>8626001</misses>
				<total>16</total>
				<timestamp>2843.734676</timestamp>
			</report>
			<report>
				<misses>8627001</misses>
				<total>16</total>
				<timestamp>2844.064379</timestamp>
			</report>
			<report>
				<misses>8628001</misses>
				<total>16</total>
				<timestamp>2844.394106</timestamp>
			</report>
			<report>
				<misses>8629001</misses>
				<total>16</total>
				<timestamp>2844.723682</timestamp>
			</report>
			<report>
				<misses>8630001</misses>
				<total>16</total>
				<timestamp>2845.053398</timestamp>
			</report>
			<report>
				<misses>8631001</misses>
				<total>16</total>
				<timestamp>2845.383035</timestamp>
			</report>
			<report>
				<misses>8632001</misses>
				<total>16</total>
				<timestamp>2845.712687</timestamp>
			</report>
			<report>
				<misses>8633001</misses>
				<total>16</total>
				<timestamp>2846.042370</timestamp>
			</report>
			<report>
				<misses>8634001</misses>
				<total>16</total>
				<timestamp>2846.372025</timestamp>
			</report>
			<report>
				<misses>8635001</misses>
				<total>16</total>
				<timestamp>2846.701690</timestamp>
			</report>
			<report>
				<misses>8636001</misses>
				<total>16</total>
				<timestamp>2847.031376</timestamp>
			</report>
			<report>
				<misses>8637001</misses>
				<total>16</total>
				<timestamp>2847.361043</timestamp>
			</report>
			<report>
				<misses>8638001</misses>
				<total>16</total>
				<timestamp>2847.690717</timestamp>
			</report>
			<report>
				<misses>8639001</misses>
				<total>16</total>
				<timestamp>2848.020388</timestamp>
			</report>
			<report>
				<misses>8640001</misses>
				<total>16</total>
				<timestamp>2848.350090</timestamp>
			</report>
			<report>
				<misses>8641001</misses>
				<total>16</total>
				<timestamp>2848.679719</timestamp>
			</report>
			<report>
				<misses>8642001</misses>
				<total>16</total>
				<timestamp>2849.009388</timestamp>
			</report>
			<report>
				<misses>8643001</misses>
				<total>16</total>
				<timestamp>2849.339067</timestamp>
			</report>
			<report>
				<misses>8644001</misses>
				<total>16</total>
				<timestamp>2849.668754</timestamp>
			</report>
			<report>
				<misses>8645001</misses>
				<total>16</total>
				<timestamp>2849.998401</timestamp>
			</report>
			<report>
				<misses>8646001</misses>
				<total>16</total>
				<timestamp>2850.328108</timestamp>
			</report>
			<report>
				<misses>8647001</misses>
				<total>16</total>
				<timestamp>2850.657742</timestamp>
			</report>
			<report>
				<misses>8648001</misses>
				<total>16</total>
				<timestamp>2850.987470</timestamp>
			</report>
			<report>
				<misses>8649001</misses>
				<total>16</total>
				<timestamp>2851.317226</timestamp>
			</report>
			<report>
				<misses>8650001</misses>
				<total>16</total>
				<timestamp>2851.646746</timestamp>
			</report>
			<report>
				<misses>8651001</misses>
				<total>16</total>
				<timestamp>2851.976414</timestamp>
			</report>
			<report>
				<misses>8652001</misses>
				<total>16</total>
				<timestamp>2852.306217</timestamp>
			</report>
			<report>
				<misses>8653001</misses>
				<total>16</total>
				<timestamp>2852.635758</timestamp>
			</report>
			<report>
				<misses>8654001</misses>
				<total>16</total>
				<timestamp>2852.965434</timestamp>
			</report>
			<report>
				<misses>8655001</misses>
				<total>16</total>
				<timestamp>2853.295134</timestamp>
			</report>
			<report>
				<misses>8656001</misses>
				<total>16</total>
				<timestamp>2853.624759</timestamp>
			</report>
			<report>
				<misses>8657001</misses>
				<total>16</total>
				<timestamp>2853.954446</timestamp>
			</report>
			<report>
				<misses>8658001</misses>
				<total>16</total>
				<timestamp>2854.284126</timestamp>
			</report>
			<report>
				<misses>8659001</misses>
				<total>16</total>
				<timestamp>2854.613808</timestamp>
			</report>
			<report>
				<misses>8660001</misses>
				<total>16</total>
				<timestamp>2854.943478</timestamp>
			</report>
			<report>
				<misses>8661001</misses>
				<total>16</total>
				<timestamp>2855.273203</timestamp>
			</report>
			<report>
				<misses>8662001</misses>
				<total>16</total>
				<timestamp>2855.602797</timestamp>
			</report>
			<report>
				<misses>8663001</misses>
				<total>16</total>
				<timestamp>2855.932456</timestamp>
			</report>
			<report>
				<misses>8664001</misses>
				<total>16</total>
				<timestamp>2856.262184</timestamp>
			</report>
			<report>
				<misses>8665001</misses>
				<total>16</total>
				<timestamp>2856.591811</timestamp>
			</report>
			<report>
				<misses>8666001</misses>
				<total>16</total>
				<timestamp>2856.921463</timestamp>
			</report>
			<report>
				<misses>8667001</misses>
				<total>16</total>
				<timestamp>2857.251226</timestamp>
			</report>
			<report>
				<misses>8668001</misses>
				<total>16</total>
				<timestamp>2857.580812</timestamp>
			</report>
			<report>
				<misses>8669001</misses>
				<total>16</total>
				<timestamp>2857.910499</timestamp>
			</report>
			<report>
				<misses>8670001</misses>
				<total>16</total>
				<timestamp>2858.240223</timestamp>
			</report>
			<report>
				<misses>8671001</misses>
				<total>16</total>
				<timestamp>2858.569819</timestamp>
			</report>
			<report>
				<misses>8672001</misses>
				<total>16</total>
				<timestamp>2858.899511</timestamp>
			</report>
			<report>
				<misses>8673001</misses>
				<total>16</total>
				<timestamp>2859.229254</timestamp>
			</report>
			<report>
				<misses>8674001</misses>
				<total>16</total>
				<timestamp>2859.558862</timestamp>
			</report>
			<report>
				<misses>8675001</misses>
				<total>16</total>
				<timestamp>2859.888493</timestamp>
			</report>
			<report>
				<misses>8676001</misses>
				<total>16</total>
				<timestamp>2860.218253</timestamp>
			</report>
			<report>
				<misses>8677001</misses>
				<total>16</total>
				<timestamp>2860.547842</timestamp>
			</report>
			<report>
				<misses>8678001</misses>
				<total>16</total>
				<timestamp>2860.877524</timestamp>
			</report>
			<report>
				<misses>8679001</misses>
				<total>16</total>
				<timestamp>2861.207212</timestamp>
			</report>
			<report>
				<misses>8680001</misses>
				<total>16</total>
				<timestamp>2861.536860</timestamp>
			</report>
			<report>
				<misses>8681001</misses>
				<total>16</total>
				<timestamp>2861.866547</timestamp>
			</report>
			<report>
				<misses>8682001</misses>
				<total>16</total>
				<timestamp>2862.196221</timestamp>
			</report>
			<report>
				<misses>8683001</misses>
				<total>16</total>
				<timestamp>2862.525879</timestamp>
			</report>
			<report>
				<misses>8684001</misses>
				<total>16</total>
				<timestamp>2862.855528</timestamp>
			</report>
			<report>
				<misses>8685001</misses>
				<total>16</total>
				<timestamp>2863.185253</timestamp>
			</report>
			<report>
				<misses>8686001</misses>
				<total>16</total>
				<timestamp>2863.514867</timestamp>
			</report>
			<report>
				<misses>8687001</misses>
				<total>16</total>
				<timestamp>2863.844556</timestamp>
			</report>
			<report>
				<misses>8688001</misses>
				<total>16</total>
				<timestamp>2864.174271</timestamp>
			</report>
			<report>
				<misses>8689001</misses>
				<total>16</total>
				<timestamp>2864.503871</timestamp>
			</report>
			<report>
				<misses>8690001</misses>
				<total>16</total>
				<timestamp>2864.833552</timestamp>
			</report>
			<report>
				<misses>8691001</misses>
				<total>16</total>
				<timestamp>2865.163296</timestamp>
			</report>
			<report>
				<misses>8692001</misses>
				<total>16</total>
				<timestamp>2865.492912</timestamp>
			</report>
			<report>
				<misses>8693001</misses>
				<total>16</total>
				<timestamp>2865.822558</timestamp>
			</report>
			<report>
				<misses>8694001</misses>
				<total>16</total>
				<timestamp>2866.152290</timestamp>
			</report>
			<report>
				<misses>8695001</misses>
				<total>16</total>
				<timestamp>2866.481884</timestamp>
			</report>
			<report>
				<misses>8696001</misses>
				<total>16</total>
				<timestamp>2866.811572</timestamp>
			</report>
			<report>
				<misses>8697001</misses>
				<total>16</total>
				<timestamp>2867.141254</timestamp>
			</report>
			<report>
				<misses>8698001</misses>
				<total>16</total>
				<timestamp>2867.470910</timestamp>
			</report>
			<report>
				<misses>8699001</misses>
				<total>16</total>
				<timestamp>2867.800576</timestamp>
			</report>
			<report>
				<misses>8700001</misses>
				<total>16</total>
				<timestamp>2868.130277</timestamp>
			</report>
			<report>
				<misses>8701001</misses>
				<total>16</total>
				<timestamp>2868.459944</timestamp>
			</report>
			<report>
				<misses>8702001</misses>
				<total>16</total>
				<timestamp>2868.789580</timestamp>
			</report>
			<report>
				<misses>8703001</misses>
				<total>16</total>
				<timestamp>2869.119254</timestamp>
			</report>
			<report>
				<misses>8704001</misses>
				<total>16</total>
				<timestamp>2869.448978</timestamp>
			</report>
			<report>
				<misses>8705001</misses>
				<total>16</total>
				<timestamp>2869.778609</timestamp>
			</report>
			<report>
				<misses>8706001</misses>
				<total>16</total>
				<timestamp>2870.108267</timestamp>
			</report>
			<report>
				<misses>8707001</misses>
				<total>16</total>
				<timestamp>2870.437971</timestamp>
			</report>
			<report>
				<misses>8708001</misses>
				<total>16</total>
				<timestamp>2870.767608</timestamp>
			</report>
			<report>
				<misses>8709001</misses>
				<total>16</total>
				<timestamp>2871.097312</timestamp>
			</report>
			<report>
				<misses>8710001</misses>
				<total>16</total>
				<timestamp>2871.426981</timestamp>
			</report>
			<report>
				<misses>8711001</misses>
				<total>16</total>
				<timestamp>2871.756627</timestamp>
			</report>
			<report>
				<misses>8712001</misses>
				<total>16</total>
				<timestamp>2872.086346</timestamp>
			</report>
			<report>
				<misses>8713001</misses>
				<total>16</total>
				<timestamp>2872.415982</timestamp>
			</report>
			<report>
				<misses>8714001</misses>
				<total>16</total>
				<timestamp>2872.745627</timestamp>
			</report>
			<report>
				<misses>8715001</misses>
				<total>16</total>
				<timestamp>2873.075305</timestamp>
			</report>
			<report>
				<misses>8716001</misses>
				<total>16</total>
				<timestamp>2873.405012</timestamp>
			</report>
			<report>
				<misses>8717001</misses>
				<total>16</total>
				<timestamp>2873.734642</timestamp>
			</report>
			<report>
				<misses>8718001</misses>
				<total>16</total>
				<timestamp>2874.064304</timestamp>
			</report>
			<report>
				<misses>8719001</misses>
				<total>16</total>
				<timestamp>2874.393997</timestamp>
			</report>
			<report>
				<misses>8720001</misses>
				<total>16</total>
				<timestamp>2874.723658</timestamp>
			</report>
			<report>
				<misses>8721001</misses>
				<total>16</total>
				<timestamp>2875.053325</timestamp>
			</report>
			<report>
				<misses>8722001</misses>
				<total>16</total>
				<timestamp>2875.383051</timestamp>
			</report>
			<report>
				<misses>8723001</misses>
				<total>16</total>
				<timestamp>2875.712661</timestamp>
			</report>
			<report>
				<misses>8724001</misses>
				<total>16</total>
				<timestamp>2876.042334</timestamp>
			</report>
			<report>
				<misses>8725001</misses>
				<total>16</total>
				<timestamp>2876.372000</timestamp>
			</report>
			<report>
				<misses>8726001</misses>
				<total>16</total>
				<timestamp>2876.701695</timestamp>
			</report>
			<report>
				<misses>8727001</misses>
				<total>16</total>
				<timestamp>2877.031333</timestamp>
			</report>
			<report>
				<misses>8728001</misses>
				<total>16</total>
				<timestamp>2877.360996</timestamp>
			</report>
			<report>
				<misses>8729001</misses>
				<total>16</total>
				<timestamp>2877.690692</timestamp>
			</report>
			<report>
				<misses>8730001</misses>
				<total>16</total>
				<timestamp>2878.020365</timestamp>
			</report>
			<report>
				<misses>8731001</misses>
				<total>16</total>
				<timestamp>2878.350027</timestamp>
			</report>
			<report>
				<misses>8732001</misses>
				<total>16</total>
				<timestamp>2878.679698</timestamp>
			</report>
			<report>
				<misses>8733001</misses>
				<total>16</total>
				<timestamp>2879.009362</timestamp>
			</report>
			<report>
				<misses>8734001</misses>
				<total>16</total>
				<timestamp>2879.339049</timestamp>
			</report>
			<report>
				<misses>8735001</misses>
				<total>16</total>
				<timestamp>2879.668697</timestamp>
			</report>
			<report>
				<misses>8736001</misses>
				<total>16</total>
				<timestamp>2879.998366</timestamp>
			</report>
			<report>
				<misses>8737001</misses>
				<total>16</total>
				<timestamp>2880.328064</timestamp>
			</report>
			<report>
				<misses>8738001</misses>
				<total>16</total>
				<timestamp>2880.657713</timestamp>
			</report>
			<report>
				<misses>8739001</misses>
				<total>16</total>
				<timestamp>2880.987378</timestamp>
			</report>
			<report>
				<misses>8740001</misses>
				<total>16</total>
				<timestamp>2881.317140</timestamp>
			</report>
			<report>
				<misses>8741001</misses>
				<total>16</total>
				<timestamp>2881.646726</timestamp>
			</report>
			<report>
				<misses>8742001</misses>
				<total>16</total>
				<timestamp>2881.976419</timestamp>
			</report>
			<report>
				<misses>8743001</misses>
				<total>16</total>
				<timestamp>2882.306092</timestamp>
			</report>
			<report>
				<misses>8744001</misses>
				<total>16</total>
				<timestamp>2882.635718</timestamp>
			</report>
			<report>
				<misses>8745001</misses>
				<total>16</total>
				<timestamp>2882.965392</timestamp>
			</report>
			<report>
				<misses>8746001</misses>
				<total>16</total>
				<timestamp>2883.295155</timestamp>
			</report>
			<report>
				<misses>8747001</misses>
				<total>16</total>
				<timestamp>2883.624746</timestamp>
			</report>
			<report>
				<misses>8748001</misses>
				<total>16</total>
				<timestamp>2883.954412</timestamp>
			</report>
			<report>
				<misses>8749001</misses>
				<total>16</total>
				<timestamp>2884.284200</timestamp>
			</report>
			<report>
				<misses>8750001</misses>
				<total>16</total>
				<timestamp>2884.613745</timestamp>
			</report>
			<report>
				<misses>8751001</misses>
				<total>16</total>
				<timestamp>2884.943421</timestamp>
			</report>
			<report>
				<misses>8752001</misses>
				<total>16</total>
				<timestamp>2885.273136</timestamp>
			</report>
			<report>
				<misses>8753001</misses>
				<total>16</total>
				<timestamp>2885.602771</timestamp>
			</report>
			<report>
				<misses>8754001</misses>
				<total>16</total>
				<timestamp>2885.932437</timestamp>
			</report>
			<report>
				<misses>8755001</misses>
				<total>16</total>
				<timestamp>2886.262127</timestamp>
			</report>
			<report>
				<misses>8756001</misses>
				<total>16</total>
				<timestamp>2886.591766</timestamp>
			</report>
			<report>
				<misses>8757001</misses>
				<total>16</total>
				<timestamp>2886.921443</timestamp>
			</report>
			<report>
				<misses>8758001</misses>
				<total>16</total>
				<timestamp>2887.251218</timestamp>
			</report>
			<report>
				<misses>8759001</misses>
				<total>16</total>
				<timestamp>2887.580808</timestamp>
			</report>
			<report>
				<misses>8760001</misses>
				<total>16</total>
				<timestamp>2887.910452</timestamp>
			</report>
			<report>
				<misses>8761001</misses>
				<total>17</total>
				<timestamp>2888.240151</timestamp>
			</report>
			<report>
				<misses>8762001</misses>
				<total>17</total>
				<timestamp>2888.569831</timestamp>
			</report>
			<report>
				<misses>8763001</misses>
				<total>17</total>
				<timestamp>2888.899449</timestamp>
			</report>
			<report>
				<misses>8764001</misses>
				<total>17</total>
				<timestamp>2889.229193</timestamp>
			</report>
			<report>
				<misses>8765001</misses>
				<total>17</total>
				<timestamp>2889.558800</timestamp>
			</report>
			<report>
				<misses>8766001</misses>
				<total>17</total>
				<timestamp>2889.888468</timestamp>
			</report>
			<report>
				<misses>8767001</misses>
				<total>17</total>
				<timestamp>2890.218133</timestamp>
			</report>
			<report>
				<misses>8768001</misses>
				<total>17</total>
				<timestamp>2890.547842</timestamp>
			</report>
			<report>
				<misses>8769001</misses>
				<total>17</total>
				<timestamp>2890.877477</timestamp>
			</report>
			<report>
				<misses>8770001</misses>
				<total>17</total>
				<timestamp>2891.207159</timestamp>
			</report>
			<report>
				<misses>8771001</misses>
				<total>17</total>
				<timestamp>2891.536826</timestamp>
			</report>
			<report>
				<misses>8772001</misses>
				<total>17</total>
				<timestamp>2891.866619</timestamp>
			</report>
			<report>
				<misses>8773001</misses>
				<total>17</total>
				<timestamp>2892.196166</timestamp>
			</report>
			<report>
				<misses>8774001</misses>
				<total>17</total>
				<timestamp>2892.525847</timestamp>
			</report>
			<report>
				<misses>8775001</misses>
				<total>17</total>
				<timestamp>2892.855497</timestamp>
			</report>
			<report>
				<misses>8776001</misses>
				<total>17</total>
				<timestamp>2893.185180</timestamp>
			</report>
			<report>
				<misses>8777001</misses>
				<total>17</total>
				<timestamp>2893.514852</timestamp>
			</report>
			<report>
				<misses>8778001</misses>
				<total>17</total>
				<timestamp>2893.844513</timestamp>
			</report>
			<report>
				<misses>8779001</misses>
				<total>17</total>
				<timestamp>2894.174171</timestamp>
			</report>
			<report>
				<misses>8780001</misses>
				<total>17</total>
				<timestamp>2894.503849</timestamp>
			</report>
			<report>
				<misses>8781001</misses>
				<total>17</total>
				<timestamp>2894.833515</timestamp>
			</report>
			<report>
				<misses>8782001</misses>
				<total>17</total>
				<timestamp>2895.163246</timestamp>
			</report>
			<report>
				<misses>8783001</misses>
				<total>17</total>
				<timestamp>2895.492878</timestamp>
			</report>
			<report>
				<misses>8784001</misses>
				<total>17</total>
				<timestamp>2895.822533</timestamp>
			</report>
			<report>
				<misses>8785001</misses>
				<total>17</total>
				<timestamp>2896.152201</timestamp>
			</report>
			<report>
				<misses>8786001</misses>
				<total>17</total>
				<timestamp>2896.481882</timestamp>
			</report>
			<report>
				<misses>8787001</misses>
				<total>17</total>
				<timestamp>2896.811544</timestamp>
			</report>
			<report>
				<misses>8788001</misses>
				<total>17</total>
				<timestamp>2897.141265</timestamp>
			</report>
			<report>
				<misses>8789001</misses>
				<total>17</total>
				<timestamp>2897.470898</timestamp>
			</report>
			<report>
				<misses>8790001</misses>
				<total>17</total>
				<timestamp>2897.800543</timestamp>
			</report>
			<report>
				<misses>8791001</misses>
				<total>17</total>
				<timestamp>2898.130223</timestamp>
			</report>
			<report>
				<misses>8792001</misses>
				<total>17</total>
				<timestamp>2898.459891</timestamp>
			</report>
			<report>
				<misses>8793001</misses>
				<total>17</total>
				<timestamp>2898.789551</timestamp>
			</report>
			<report>
				<misses>8794001</misses>
				<total>17</total>
				<timestamp>2899.119292</timestamp>
			</report>
			<report>
				<misses>8795001</misses>
				<total>17</total>
				<timestamp>2899.448895</timestamp>
			</report>
			<report>
				<misses>8796001</misses>
				<total>17</total>
				<timestamp>2899.778563</timestamp>
			</report>
			<report>
				<misses>8797001</misses>
				<total>17</total>
				<timestamp>2900.108284</timestamp>
			</report>
			<report>
				<misses>8798001</misses>
				<total>17</total>
				<timestamp>2900.437946</timestamp>
			</report>
			<report>
				<misses>8799001</misses>
				<total>17</total>
				<timestamp>2900.767588</timestamp>
			</report>
			<report>
				<misses>8800001</misses>
				<total>17</total>
				<timestamp>2901.097246</timestamp>
			</report>
			<report>
				<misses>8801001</misses>
				<total>17</total>
				<timestamp>2901.426982</timestamp>
			</report>
			<report>
				<misses>8802001</misses>
				<total>17</total>
				<timestamp>2901.756584</timestamp>
			</report>
			<report>
				<misses>8803001</misses>
				<total>17</total>
				<timestamp>2902.086267</timestamp>
			</report>
			<report>
				<misses>8804001</misses>
				<total>17</total>
				<timestamp>2902.415987</timestamp>
			</report>
			<report>
				<misses>8805001</misses>
				<total>17</total>
				<timestamp>2902.745609</timestamp>
			</report>
			<report>
				<misses>8806001</misses>
				<total>17</total>
				<timestamp>2903.075273</timestamp>
			</report>
			<report>
				<misses>8807001</misses>
				<total>17</total>
				<timestamp>2903.404994</timestamp>
			</report>
			<report>
				<misses>8808001</misses>
				<total>17</total>
				<timestamp>2903.734608</timestamp>
			</report>
			<report>
				<misses>8809001</misses>
				<total>17</total>
				<timestamp>2904.064281</timestamp>
			</report>
			<report>
				<misses>8810001</misses>
				<total>17</total>
				<timestamp>2904.394023</timestamp>
			</report>
			<report>
				<misses>8811001</misses>
				<total>17</total>
				<timestamp>2904.723616</timestamp>
			</report>
			<report>
				<misses>8812001</misses>
				<total>17</total>
				<timestamp>2905.053351</timestamp>
			</report>
			<report>
				<misses>8813001</misses>
				<total>17</total>
				<timestamp>2905.382953</timestamp>
			</report>
			<report>
				<misses>8814001</misses>
				<total>17</total>
				<timestamp>2905.712623</timestamp>
			</report>
			<report>
				<misses>8815001</misses>
				<total>17</total>
				<timestamp>2906.042301</timestamp>
			</report>
			<report>
				<misses>8816001</misses>
				<total>17</total>
				<timestamp>2906.372010</timestamp>
			</report>
			<report>
				<misses>8817001</misses>
				<total>17</total>
				<timestamp>2906.701646</timestamp>
			</report>
			<report>
				<misses>8818001</misses>
				<total>17</total>
				<timestamp>2907.031340</timestamp>
			</report>
			<report>
				<misses>8819001</misses>
				<total>17</total>
				<timestamp>2907.361033</timestamp>
			</report>
			<report>
				<misses>8820001</misses>
				<total>17</total>
				<timestamp>2907.690655</timestamp>
			</report>
			<report>
				<misses>8821001</misses>
				<total>17</total>
				<timestamp>2908.020305</timestamp>
			</report>
			<report>
				<misses>8822001</misses>
				<total>17</total>
				<timestamp>2908.350046</timestamp>
			</report>
			<report>
				<misses>8823001</misses>
				<total>17</total>
				<timestamp>2908.679653</timestamp>
			</report>
			<report>
				<misses>8824001</misses>
				<total>17</total>
				<timestamp>2909.009326</timestamp>
			</report>
			<report>
				<misses>8825001</misses>
				<total>17</total>
				<timestamp>2909.339034</timestamp>
			</report>
			<report>
				<misses>8826001</misses>
				<total>17</total>
				<timestamp>2909.668688</timestamp>
			</report>
			<report>
				<misses>8827001</misses>
				<total>17</total>
				<timestamp>2909.998328</timestamp>
			</report>
			<report>
				<misses>8828001</misses>
				<total>17</total>
				<timestamp>2910.328069</timestamp>
			</report>
			<report>
				<misses>8829001</misses>
				<total>17</total>
				<timestamp>2910.657668</timestamp>
			</report>
			<report>
				<misses>8830001</misses>
				<total>17</total>
				<timestamp>2910.987371</timestamp>
			</report>
			<report>
				<misses>8831001</misses>
				<total>17</total>
				<timestamp>2911.317043</timestamp>
			</report>
			<report>
				<misses>8832001</misses>
				<total>17</total>
				<timestamp>2911.646713</timestamp>
			</report>
			<report>
				<misses>8833001</misses>
				<total>17</total>
				<timestamp>2911.976353</timestamp>
			</report>
			<report>
				<misses>8834001</misses>
				<total>17</total>
				<timestamp>2912.306029</timestamp>
			</report>
			<report>
				<misses>8835001</misses>
				<total>17</total>
				<timestamp>2912.635725</timestamp>
			</report>
			<report>
				<misses>8836001</misses>
				<total>17</total>
				<timestamp>2912.965372</timestamp>
			</report>
			<report>
				<misses>8837001</misses>
				<total>17</total>
				<timestamp>2913.295056</timestamp>
			</report>
			<report>
				<misses>8838001</misses>
				<total>17</total>
				<timestamp>2913.624787</timestamp>
			</report>
			<report>
				<misses>8839001</misses>
				<total>17</total>
				<timestamp>2913.954375</timestamp>
			</report>
			<report>
				<misses>8840001</misses>
				<total>17</total>
				<timestamp>2914.284060</timestamp>
			</report>
			<report>
				<misses>8841001</misses>
				<total>17</total>
				<timestamp>2914.613755</timestamp>
			</report>
			<report>
				<misses>8842001</misses>
				<total>17</total>
				<timestamp>2914.943398</timestamp>
			</report>
			<report>
				<misses>8843001</misses>
				<total>17</total>
				<timestamp>2915.273064</timestamp>
			</report>
			<report>
				<misses>8844001</misses>
				<total>17</total>
				<timestamp>2915.602756</timestamp>
			</report>
			<report>
				<misses>8845001</misses>
				<total>17</total>
				<timestamp>2915.932392</timestamp>
			</report>
			<report>
				<misses>8846001</misses>
				<total>17</total>
				<timestamp>2916.262084</timestamp>
			</report>
			<report>
				<misses>8847001</misses>
				<total>17</total>
				<timestamp>2916.591750</timestamp>
			</report>
			<report>
				<misses>8848001</misses>
				<total>17</total>
				<timestamp>2916.921409</timestamp>
			</report>
			<report>
				<misses>8849001</misses>
				<total>17</total>
				<timestamp>2917.251110</timestamp>
			</report>
			<report>
				<misses>8850001</misses>
				<total>17</total>
				<timestamp>2917.580748</timestamp>
			</report>
			<report>
				<misses>8851001</misses>
				<total>17</total>
				<timestamp>2917.910418</timestamp>
			</report>
			<report>
				<misses>8852001</misses>
				<total>17</total>
				<timestamp>2918.240096</timestamp>
			</report>
			<report>
				<misses>8853001</misses>
				<total>17</total>
				<timestamp>2918.569759</timestamp>
			</report>
			<report>
				<misses>8854001</misses>
				<total>17</total>
				<timestamp>2918.899432</timestamp>
			</report>
			<report>
				<misses>8855001</misses>
				<total>17</total>
				<timestamp>2919.229126</timestamp>
			</report>
			<report>
				<misses>8856001</misses>
				<total>17</total>
				<timestamp>2919.558778</timestamp>
			</report>
			<report>
				<misses>8857001</misses>
				<total>17</total>
				<timestamp>2919.888424</timestamp>
			</report>
			<report>
				<misses>8858001</misses>
				<total>17</total>
				<timestamp>2920.218112</timestamp>
			</report>
			<report>
				<misses>8859001</misses>
				<total>17</total>
				<timestamp>2920.547800</timestamp>
			</report>
			<report>
				<misses>8860001</misses>
				<total>17</total>
				<timestamp>2920.877446</timestamp>
			</report>
			<report>
				<misses>8861001</misses>
				<total>17</total>
				<timestamp>2921.207133</timestamp>
			</report>
			<report>
				<misses>8862001</misses>
				<total>17</total>
				<timestamp>2921.536898</timestamp>
			</report>
			<report>
				<misses>8863001</misses>
				<total>17</total>
				<timestamp>2921.866463</timestamp>
			</report>
			<report>
				<misses>8864001</misses>
				<total>17</total>
				<timestamp>2922.196159</timestamp>
			</report>
			<report>
				<misses>8865001</misses>
				<total>17</total>
				<timestamp>2922.525908</timestamp>
			</report>
			<report>
				<misses>8866001</misses>
				<total>17</total>
				<timestamp>2922.855505</timestamp>
			</report>
			<report>
				<misses>8867001</misses>
				<total>17</total>
				<timestamp>2923.185205</timestamp>
			</report>
			<report>
				<misses>8868001</misses>
				<total>17</total>
				<timestamp>2923.514912</timestamp>
			</report>
			<report>
				<misses>8869001</misses>
				<total>17</total>
				<timestamp>2923.844483</timestamp>
			</report>
			<report>
				<misses>8870001</misses>
				<total>17</total>
				<timestamp>2924.174163</timestamp>
			</report>
			<report>
				<misses>8871001</misses>
				<total>17</total>
				<timestamp>2924.503858</timestamp>
			</report>
			<report>
				<misses>8872001</misses>
				<total>17</total>
				<timestamp>2924.833489</timestamp>
			</report>
			<report>
				<misses>8873001</misses>
				<total>17</total>
				<timestamp>2925.163148</timestamp>
			</report>
			<report>
				<misses>8874001</misses>
				<total>17</total>
				<timestamp>2925.492912</timestamp>
			</report>
			<report>
				<misses>8875001</misses>
				<total>17</total>
				<timestamp>2925.822493</timestamp>
			</report>
			<report>
				<misses>8876001</misses>
				<total>17</total>
				<timestamp>2926.152167</timestamp>
			</report>
			<report>
				<misses>8877001</misses>
				<total>17</total>
				<timestamp>2926.481830</timestamp>
			</report>
			<report>
				<misses>8878001</misses>
				<total>17</total>
				<timestamp>2926.811499</timestamp>
			</report>
			<report>
				<misses>8879001</misses>
				<total>17</total>
				<timestamp>2927.141195</timestamp>
			</report>
			<report>
				<misses>8880001</misses>
				<total>17</total>
				<timestamp>2927.470862</timestamp>
			</report>
			<report>
				<misses>8881001</misses>
				<total>17</total>
				<timestamp>2927.800505</timestamp>
			</report>
			<report>
				<misses>8882001</misses>
				<total>17</total>
				<timestamp>2928.130207</timestamp>
			</report>
			<report>
				<misses>8883001</misses>
				<total>17</total>
				<timestamp>2928.459949</timestamp>
			</report>
			<report>
				<misses>8884001</misses>
				<total>17</total>
				<timestamp>2928.789545</timestamp>
			</report>
			<report>
				<misses>8885001</misses>
				<total>17</total>
				<timestamp>2929.119211</timestamp>
			</report>
			<report>
				<misses>8886001</misses>
				<total>17</total>
				<timestamp>2929.448861</timestamp>
			</report>
			<report>
				<misses>8887001</misses>
				<total>17</total>
				<timestamp>2929.778533</timestamp>
			</report>
			<report>
				<misses>8888001</misses>
				<total>17</total>
				<timestamp>2930.108203</timestamp>
			</report>
			<report>
				<misses>8889001</misses>
				<total>17</total>
				<timestamp>2930.437934</timestamp>
			</report>
			<report>
				<misses>8890001</misses>
				<total>17</total>
				<timestamp>2930.767571</timestamp>
			</report>
			<report>
				<misses>8891001</misses>
				<total>17</total>
				<timestamp>2931.097207</timestamp>
			</report>
			<report>
				<misses>8892001</misses>
				<total>17</total>
				<timestamp>2931.426904</timestamp>
			</report>
			<report>
				<misses>8893001</misses>
				<total>17</total>
				<timestamp>2931.756591</timestamp>
			</report>
			<report>
				<misses>8894001</misses>
				<total>17</total>
				<timestamp>2932.086221</timestamp>
			</report>
			<report>
				<misses>8895001</misses>
				<total>17</total>
				<timestamp>2932.415975</timestamp>
			</report>
			<report>
				<misses>8896001</misses>
				<total>17</total>
				<timestamp>2932.745585</timestamp>
			</report>
			<report>
				<misses>8897001</misses>
				<total>17</total>
				<timestamp>2933.075255</timestamp>
			</report>
			<report>
				<misses>8898001</misses>
				<total>17</total>
				<timestamp>2933.404912</timestamp>
			</report>
			<report>
				<misses>8899001</misses>
				<total>17</total>
				<timestamp>2933.734637</timestamp>
			</report>
			<report>
				<misses>8900001</misses>
				<total>17</total>
				<timestamp>2934.064251</timestamp>
			</report>
			<report>
				<misses>8901001</misses>
				<total>17</total>
				<timestamp>2934.393978</timestamp>
			</report>
			<report>
				<misses>8902001</misses>
				<total>17</total>
				<timestamp>2934.723634</timestamp>
			</report>
			<report>
				<misses>8903001</misses>
				<total>17</total>
				<timestamp>2935.053266</timestamp>
			</report>
			<report>
				<misses>8904001</misses>
				<total>17</total>
				<timestamp>2935.382945</timestamp>
			</report>
			<report>
				<misses>8905001</misses>
				<total>17</total>
				<timestamp>2935.712604</timestamp>
			</report>
			<report>
				<misses>8906001</misses>
				<total>17</total>
				<timestamp>2936.042264</timestamp>
			</report>
			<report>
				<misses>8907001</misses>
				<total>17</total>
				<timestamp>2936.371980</timestamp>
			</report>
			<report>
				<misses>8908001</misses>
				<total>17</total>
				<timestamp>2936.701637</timestamp>
			</report>
			<report>
				<misses>8909001</misses>
				<total>17</total>
				<timestamp>2937.031284</timestamp>
			</report>
			<report>
				<misses>8910001</misses>
				<total>17</total>
				<timestamp>2937.361007</timestamp>
			</report>
			<report>
				<misses>8911001</misses>
				<total>17</total>
				<timestamp>2937.690620</timestamp>
			</report>
			<report>
				<misses>8912001</misses>
				<total>17</total>
				<timestamp>2938.020295</timestamp>
			</report>
			<report>
				<misses>8913001</misses>
				<total>17</total>
				<timestamp>2938.350048</timestamp>
			</report>
			<report>
				<misses>8914001</misses>
				<total>17</total>
				<timestamp>2938.679641</timestamp>
			</report>
			<report>
				<misses>8915001</misses>
				<total>17</total>
				<timestamp>2939.009299</timestamp>
			</report>
			<report>
				<misses>8916001</misses>
				<total>17</total>
				<timestamp>2939.338974</timestamp>
			</report>
			<report>
				<misses>8917001</misses>
				<total>17</total>
				<timestamp>2939.668650</timestamp>
			</report>
			<report>
				<misses>8918001</misses>
				<total>17</total>
				<timestamp>2939.998320</timestamp>
			</report>
			<report>
				<misses>8919001</misses>
				<total>17</total>
				<timestamp>2940.327989</timestamp>
			</report>
			<report>
				<misses>8920001</misses>
				<total>17</total>
				<timestamp>2940.657663</timestamp>
			</report>
			<report>
				<misses>8921001</misses>
				<total>17</total>
				<timestamp>2940.987312</timestamp>
			</report>
			<report>
				<misses>8922001</misses>
				<total>17</total>
				<timestamp>2941.317015</timestamp>
			</report>
			<report>
				<misses>8923001</misses>
				<total>17</total>
				<timestamp>2941.646684</timestamp>
			</report>
			<report>
				<misses>8924001</misses>
				<total>17</total>
				<timestamp>2941.976330</timestamp>
			</report>
			<report>
				<misses>8925001</misses>
				<total>17</total>
				<timestamp>2942.306000</timestamp>
			</report>
			<report>
				<misses>8926001</misses>
				<total>17</total>
				<timestamp>2942.635759</timestamp>
			</report>
			<report>
				<misses>8927001</misses>
				<total>17</total>
				<timestamp>2942.965346</timestamp>
			</report>
			<report>
				<misses>8928001</misses>
				<total>17</total>
				<timestamp>2943.295014</timestamp>
			</report>
			<report>
				<misses>8929001</misses>
				<total>17</total>
				<timestamp>2943.624698</timestamp>
			</report>
			<report>
				<misses>8930001</misses>
				<total>17</total>
				<timestamp>2943.954352</timestamp>
			</report>
			<report>
				<misses>8931001</misses>
				<total>17</total>
				<timestamp>2944.284020</timestamp>
			</report>
			<report>
				<misses>8932001</misses>
				<total>17</total>
				<timestamp>2944.613755</timestamp>
			</report>
			<report>
				<misses>8933001</misses>
				<total>17</total>
				<timestamp>2944.943371</timestamp>
			</report>
			<report>
				<misses>8934001</misses>
				<total>17</total>
				<timestamp>2945.273033</timestamp>
			</report>
			<report>
				<misses>8935001</misses>
				<total>17</total>
				<timestamp>2945.602749</timestamp>
			</report>
			<report>
				<misses>8936001</misses>
				<total>17</total>
				<timestamp>2945.932382</timestamp>
			</report>
			<report>
				<misses>8937001</misses>
				<total>17</total>
				<timestamp>2946.262033</timestamp>
			</report>
			<report>
				<misses>8938001</misses>
				<total>17</total>
				<timestamp>2946.591754</timestamp>
			</report>
			<report>
				<misses>8939001</misses>
				<total>17</total>
				<timestamp>2946.921435</timestamp>
			</report>
			<report>
				<misses>8940001</misses>
				<total>17</total>
				<timestamp>2947.251054</timestamp>
			</report>
			<report>
				<misses>8941001</misses>
				<total>17</total>
				<timestamp>2947.580785</timestamp>
			</report>
			<report>
				<misses>8942001</misses>
				<total>17</total>
				<timestamp>2947.910417</timestamp>
			</report>
			<report>
				<misses>8943001</misses>
				<total>17</total>
				<timestamp>2948.240068</timestamp>
			</report>
			<report>
				<misses>8944001</misses>
				<total>17</total>
				<timestamp>2948.569761</timestamp>
			</report>
			<report>
				<misses>8945001</misses>
				<total>17</total>
				<timestamp>2948.899408</timestamp>
			</report>
			<report>
				<misses>8946001</misses>
				<total>17</total>
				<timestamp>2949.229078</timestamp>
			</report>
			<report>
				<misses>8947001</misses>
				<total>17</total>
				<timestamp>2949.558815</timestamp>
			</report>
			<report>
				<misses>8948001</misses>
				<total>17</total>
				<timestamp>2949.888404</timestamp>
			</report>
			<report>
				<misses>8949001</misses>
				<total>17</total>
				<timestamp>2950.218165</timestamp>
			</report>
			<report>
				<misses>8950001</misses>
				<total>17</total>
				<timestamp>2950.547761</timestamp>
			</report>
			<report>
				<misses>8951001</misses>
				<total>17</total>
				<timestamp>2950.877440</timestamp>
			</report>
			<report>
				<misses>8952001</misses>
				<total>17</total>
				<timestamp>2951.207130</timestamp>
			</report>
			<report>
				<misses>8953001</misses>
				<total>17</total>
				<timestamp>2951.536790</timestamp>
			</report>
			<report>
				<misses>8954001</misses>
				<total>17</total>
				<timestamp>2951.866477</timestamp>
			</report>
			<report>
				<misses>8955001</misses>
				<total>17</total>
				<timestamp>2952.196121</timestamp>
			</report>
			<report>
				<misses>8956001</misses>
				<total>17</total>
				<timestamp>2952.525814</timestamp>
			</report>
			<report>
				<misses>8957001</misses>
				<total>17</total>
				<timestamp>2952.855447</timestamp>
			</report>
			<report>
				<misses>8958001</misses>
				<total>17</total>
				<timestamp>2953.185123</timestamp>
			</report>
			<report>
				<misses>8959001</misses>
				<total>17</total>
				<timestamp>2953.514801</timestamp>
			</report>
			<report>
				<misses>8960001</misses>
				<total>17</total>
				<timestamp>2953.844536</timestamp>
			</report>
			<report>
				<misses>8961001</misses>
				<total>17</total>
				<timestamp>2954.174198</timestamp>
			</report>
			<report>
				<misses>8962001</misses>
				<total>17</total>
				<timestamp>2954.503849</timestamp>
			</report>
			<report>
				<misses>8963001</misses>
				<total>17</total>
				<timestamp>2954.833475</timestamp>
			</report>
			<report>
				<misses>8964001</misses>
				<total>17</total>
				<timestamp>2955.163177</timestamp>
			</report>
			<report>
				<misses>8965001</misses>
				<total>17</total>
				<timestamp>2955.492807</timestamp>
			</report>
			<report>
				<misses>8966001</misses>
				<total>17</total>
				<timestamp>2955.822500</timestamp>
			</report>
			<report>
				<misses>8967001</misses>
				<total>17</total>
				<timestamp>2956.152156</timestamp>
			</report>
			<report>
				<misses>8968001</misses>
				<total>17</total>
				<timestamp>2956.481886</timestamp>
			</report>
			<report>
				<misses>8969001</misses>
				<total>17</total>
				<timestamp>2956.811513</timestamp>
			</report>
			<report>
				<misses>8970001</misses>
				<total>17</total>
				<timestamp>2957.141137</timestamp>
			</report>
			<report>
				<misses>8971001</misses>
				<total>17</total>
				<timestamp>2957.470817</timestamp>
			</report>
			<report>
				<misses>8972001</misses>
				<total>17</total>
				<timestamp>2957.800503</timestamp>
			</report>
			<report>
				<misses>8973001</misses>
				<total>17</total>
				<timestamp>2958.130173</timestamp>
			</report>
			<report>
				<misses>8974001</misses>
				<total>17</total>
				<timestamp>2958.459867</timestamp>
			</report>
			<report>
				<misses>8975001</misses>
				<total>17</total>
				<timestamp>2958.789517</timestamp>
			</report>
			<report>
				<misses>8976001</misses>
				<total>17</total>
				<timestamp>2959.119169</timestamp>
			</report>
			<report>
				<misses>8977001</misses>
				<total>17</total>
				<timestamp>2959.448887</timestamp>
			</report>
			<report>
				<misses>8978001</misses>
				<total>17</total>
				<timestamp>2959.778511</timestamp>
			</report>
			<report>
				<misses>8979001</misses>
				<total>17</total>
				<timestamp>2960.108183</timestamp>
			</report>
			<report>
				<misses>8980001</misses>
				<total>17</total>
				<timestamp>2960.437866</timestamp>
			</report>
			<report>
				<misses>8981001</misses>
				<total>17</total>
				<timestamp>2960.767540</timestamp>
			</report>
			<report>
				<misses>8982001</misses>
				<total>17</total>
				<timestamp>2961.097183</timestamp>
			</report>
			<report>
				<misses>8983001</misses>
				<total>17</total>
				<timestamp>2961.426858</timestamp>
			</report>
			<report>
				<misses>8984001</misses>
				<total>17</total>
				<timestamp>2961.756682</timestamp>
			</report>
			<report>
				<misses>8985001</misses>
				<total>17</total>
				<timestamp>2962.086198</timestamp>
			</report>
			<report>
				<misses>8986001</misses>
				<total>17</total>
				<timestamp>2962.415859</timestamp>
			</report>
			<report>
				<misses>8987001</misses>
				<total>17</total>
				<timestamp>2962.745564</timestamp>
			</report>
			<report>
				<misses>8988001</misses>
				<total>17</total>
				<timestamp>2963.075219</timestamp>
			</report>
			<report>
				<misses>8989001</misses>
				<total>17</total>
				<timestamp>2963.404942</timestamp>
			</report>
			<report>
				<misses>8990001</misses>
				<total>17</total>
				<timestamp>2963.734565</timestamp>
			</report>
			<report>
				<misses>8991001</misses>
				<total>17</total>
				<timestamp>2964.064248</timestamp>
			</report>
			<report>
				<misses>8992001</misses>
				<total>17</total>
				<timestamp>2964.393900</timestamp>
			</report>
			<report>
				<misses>8993001</misses>
				<total>17</total>
				<timestamp>2964.723579</timestamp>
			</report>
			<report>
				<misses>8994001</misses>
				<total>17</total>
				<timestamp>2965.053223</timestamp>
			</report>
			<report>
				<misses>8995001</misses>
				<total>17</total>
				<timestamp>2965.382915</timestamp>
			</report>
			<report>
				<misses>8996001</misses>
				<total>17</total>
				<timestamp>2965.712564</timestamp>
			</report>
			<report>
				<misses>8997001</misses>
				<total>17</total>
				<timestamp>2966.042244</timestamp>
			</report>
			<report>
				<misses>8998001</misses>
				<total>18</total>
				<timestamp>2966.371906</timestamp>
			</report>
			<report>
				<misses>8999001</misses>
				<total>18</total>
				<timestamp>2966.701572</timestamp>
			</report>
			<report>
				<misses>9000001</misses>
				<total>18</total>
				<timestamp>2967.031252</timestamp>
			</report>
			<report>
				<misses>9001001</misses>
				<total>18</total>
				<timestamp>2967.360931</timestamp>
			</report>
			<report>
				<misses>9002001</misses>
				<total>18</total>
				<timestamp>2967.690590</timestamp>
			</report>
			<report>
				<misses>9003001</misses>
				<total>18</total>
				<timestamp>2968.020256</timestamp>
			</report>
			<report>
				<misses>9004001</misses>
				<total>18</total>
				<timestamp>2968.349926</timestamp>
			</report>
			<report>
				<misses>9005001</misses>
				<total>18</total>
				<timestamp>2968.679593</timestamp>
			</report>
			<report>
				<misses>9006001</misses>
				<total>18</total>
				<timestamp>2969.009283</timestamp>
			</report>
			<report>
				<misses>9007001</misses>
				<total>18</total>
				<timestamp>2969.338976</timestamp>
			</report>
			<report>
				<misses>9008001</misses>
				<total>18</total>
				<timestamp>2969.668679</timestamp>
			</report>
			<report>
				<misses>9009001</misses>
				<total>18</total>
				<timestamp>2969.998299</timestamp>
			</report>
			<report>
				<misses>9010001</misses>
				<total>18</total>
				<timestamp>2970.327964</timestamp>
			</report>
			<report>
				<misses>9011001</misses>
				<total>18</total>
				<timestamp>2970.657670</timestamp>
			</report>
			<report>
				<misses>9012001</misses>
				<total>18</total>
				<timestamp>2970.987309</timestamp>
			</report>
			<report>
				<misses>9013001</misses>
				<total>18</total>
				<timestamp>2971.316970</timestamp>
			</report>
			<report>
				<misses>9014001</misses>
				<total>18</total>
				<timestamp>2971.646680</timestamp>
			</report>
			<report>
				<misses>9015001</misses>
				<total>18</total>
				<timestamp>2971.976326</timestamp>
			</report>
			<report>
				<misses>9016001</misses>
				<total>18</total>
				<timestamp>2972.305968</timestamp>
			</report>
			<report>
				<misses>9017001</misses>
				<total>18</total>
				<timestamp>2972.635681</timestamp>
			</report>
			<report>
				<misses>9018001</misses>
				<total>18</total>
				<timestamp>2972.965317</timestamp>
			</report>
			<report>
				<misses>9019001</misses>
				<total>18</total>
				<timestamp>2973.294979</timestamp>
			</report>
			<report>
				<misses>9020001</misses>
				<total>18</total>
				<timestamp>2973.624731</timestamp>
			</report>
			<report>
				<misses>9021001</misses>
				<total>18</total>
				<timestamp>2973.954354</timestamp>
			</report>
			<report>
				<misses>9022001</misses>
				<total>18</total>
				<timestamp>2974.283981</timestamp>
			</report>
			<report>
				<misses>9023001</misses>
				<total>18</total>
				<timestamp>2974.613662</timestamp>
			</report>
			<report>
				<misses>9024001</misses>
				<total>18</total>
				<timestamp>2974.943376</timestamp>
			</report>
			<report>
				<misses>9025001</misses>
				<total>18</total>
				<timestamp>2975.272988</timestamp>
			</report>
			<report>
				<misses>9026001</misses>
				<total>18</total>
				<timestamp>2975.602691</timestamp>
			</report>
			<report>
				<misses>9027001</misses>
				<total>18</total>
				<timestamp>2975.932355</timestamp>
			</report>
			<report>
				<misses>9028001</misses>
				<total>18</total>
				<timestamp>2976.262012</timestamp>
			</report>
			<report>
				<misses>9029001</misses>
				<total>18</total>
				<timestamp>2976.591739</timestamp>
			</report>
			<report>
				<misses>9030001</misses>
				<total>18</total>
				<timestamp>2976.921359</timestamp>
			</report>
			<report>
				<misses>9031001</misses>
				<total>18</total>
				<timestamp>2977.251028</timestamp>
			</report>
			<report>
				<misses>9032001</misses>
				<total>18</total>
				<timestamp>2977.580724</timestamp>
			</report>
			<report>
				<misses>9033001</misses>
				<total>18</total>
				<timestamp>2977.910389</timestamp>
			</report>
			<report>
				<misses>9034001</misses>
				<total>18</total>
				<timestamp>2978.240042</timestamp>
			</report>
			<report>
				<misses>9035001</misses>
				<total>18</total>
				<timestamp>2978.569752</timestamp>
			</report>
			<report>
				<misses>9036001</misses>
				<total>18</total>
				<timestamp>2978.899379</timestamp>
			</report>
			<report>
				<misses>9037001</misses>
				<total>18</total>
				<timestamp>2979.229044</timestamp>
			</report>
			<report>
				<misses>9038001</misses>
				<total>18</total>
				<timestamp>2979.558780</timestamp>
			</report>
			<report>
				<misses>9039001</misses>
				<total>18</total>
				<timestamp>2979.888392</timestamp>
			</report>
			<report>
				<misses>9040001</misses>
				<total>18</total>
				<timestamp>2980.218047</timestamp>
			</report>
			<report>
				<misses>9041001</misses>
				<total>18</total>
				<timestamp>2980.547736</timestamp>
			</report>
			<report>
				<misses>9042001</misses>
				<total>18</total>
				<timestamp>2980.877391</timestamp>
			</report>
			<report>
				<misses>9043001</misses>
				<total>18</total>
				<timestamp>2981.207060</timestamp>
			</report>
			<report>
				<misses>9044001</misses>
				<total>18</total>
				<timestamp>2981.536779</timestamp>
			</report>
			<report>
				<misses>9045001</misses>
				<total>18</total>
				<timestamp>2981.866413</timestamp>
			</report>
			<report>
				<misses>9046001</misses>
				<total>18</total>
				<timestamp>2982.196084</timestamp>
			</report>
			<report>
				<misses>9047001</misses>
				<total>18</total>
				<timestamp>2982.525758</timestamp>
			</report>
			<report>
				<misses>9048001</misses>
				<total>18</total>
				<timestamp>2982.855451</timestamp>
			</report>
			<report>
				<misses>9049001</misses>
				<total>18</total>
				<timestamp>2983.185121</timestamp>
			</report>
			<report>
				<misses>9050001</misses>
				<total>18</total>
				<timestamp>2983.514785</timestamp>
			</report>
			<report>
				<misses>9051001</misses>
				<total>18</total>
				<timestamp>2983.844429</timestamp>
			</report>
			<report>
				<misses>9052001</misses>
				<total>18</total>
				<timestamp>2984.174112</timestamp>
			</report>
			<report>
				<misses>9053001</misses>
				<total>18</total>
				<timestamp>2984.503780</timestamp>
			</report>
			<report>
				<misses>9054001</misses>
				<total>18</total>
				<timestamp>2984.833426</timestamp>
			</report>
			<report>
				<misses>9055001</misses>
				<total>18</total>
				<timestamp>2985.163114</timestamp>
			</report>
			<report>
				<misses>9056001</misses>
				<total>18</total>
				<timestamp>2985.492783</timestamp>
			</report>
			<report>
				<misses>9057001</misses>
				<total>18</total>
				<timestamp>2985.822548</timestamp>
			</report>
			<report>
				<misses>9058001</misses>
				<total>18</total>
				<timestamp>2986.152131</timestamp>
			</report>
			<report>
				<misses>9059001</misses>
				<total>18</total>
				<timestamp>2986.481776</timestamp>
			</report>
			<report>
				<misses>9060001</misses>
				<total>18</total>
				<timestamp>2986.811446</timestamp>
			</report>
			<report>
				<misses>9061001</misses>
				<total>18</total>
				<timestamp>2987.141131</timestamp>
			</report>
			<report>
				<misses>9062001</misses>
				<total>18</total>
				<timestamp>2987.470784</timestamp>
			</report>
			<report>
				<misses>9063001</misses>
				<total>18</total>
				<timestamp>2987.800464</timestamp>
			</report>
			<report>
				<misses>9064001</misses>
				<total>18</total>
				<timestamp>2988.130134</timestamp>
			</report>
			<report>
				<misses>9065001</misses>
				<total>18</total>
				<timestamp>2988.459816</timestamp>
			</report>
			<report>
				<misses>9066001</misses>
				<total>18</total>
				<timestamp>2988.789465</timestamp>
			</report>
			<report>
				<misses>9067001</misses>
				<total>18</total>
				<timestamp>2989.119131</timestamp>
			</report>
			<report>
				<misses>9068001</misses>
				<total>18</total>
				<timestamp>2989.448880</timestamp>
			</report>
			<report>
				<misses>9069001</misses>
				<total>18</total>
				<timestamp>2989.778477</timestamp>
			</report>
			<report>
				<misses>9070001</misses>
				<total>18</total>
				<timestamp>2990.108259</timestamp>
			</report>
			<report>
				<misses>9071001</misses>
				<total>18</total>
				<timestamp>2990.437809</timestamp>
			</report>
			<report>
				<misses>9072001</misses>
				<total>18</total>
				<timestamp>2990.767484</timestamp>
			</report>
			<report>
				<misses>9073001</misses>
				<total>18</total>
				<timestamp>2991.097180</timestamp>
			</report>
			<report>
				<misses>9074001</misses>
				<total>18</total>
				<timestamp>2991.426821</timestamp>
			</report>
			<report>
				<misses>9075001</misses>
				<total>18</total>
				<timestamp>2991.756487</timestamp>
			</report>
			<report>
				<misses>9076001</misses>
				<total>18</total>
				<timestamp>2992.086191</timestamp>
			</report>
			<report>
				<misses>9077001</misses>
				<total>18</total>
				<timestamp>2992.415925</timestamp>
			</report>
			<report>
				<misses>9078001</misses>
				<total>18</total>
				<timestamp>2992.745576</timestamp>
			</report>
			<report>
				<misses>9079001</misses>
				<total>18</total>
				<timestamp>2993.075208</timestamp>
			</report>
			<report>
				<misses>9080001</misses>
				<total>18</total>
				<timestamp>2993.404848</timestamp>
			</report>
			<report>
				<misses>9081001</misses>
				<total>18</total>
				<timestamp>2993.734535</timestamp>
			</report>
			<report>
				<misses>9082001</misses>
				<total>18</total>
				<timestamp>2994.064201</timestamp>
			</report>
			<report>
				<misses>9083001</misses>
				<total>18</total>
				<timestamp>2994.393859</timestamp>
			</report>
			<report>
				<misses>9084001</misses>
				<total>18</total>
				<timestamp>2994.723568</timestamp>
			</report>
			<report>
				<misses>9085001</misses>
				<total>18</total>
				<timestamp>2995.053202</timestamp>
			</report>
			<report>
				<misses>9086001</misses>
				<total>18</total>
				<timestamp>2995.382862</timestamp>
			</report>
			<report>
				<misses>9087001</misses>
				<total>18</total>
				<timestamp>2995.712577</timestamp>
			</report>
			<report>
				<misses>9088001</misses>
				<total>18</total>
				<timestamp>2996.042230</timestamp>
			</report>
			<report>
				<misses>9089001</misses>
				<total>18</total>
				<timestamp>2996.371864</timestamp>
			</report>
			<report>
				<misses>9090001</misses>
				<total>18</total>
				<timestamp>2996.701564</timestamp>
			</report>
			<report>
				<misses>9091001</misses>
				<total>18</total>
				<timestamp>2997.031245</timestamp>
			</report>
			<report>
				<misses>9092001</misses>
				<total>18</total>
				<timestamp>2997.360878</timestamp>
			</report>
			<report>
				<misses>9093001</misses>
				<total>18</total>
				<timestamp>2997.690635</timestamp>
			</report>
			<report>
				<misses>9094001</misses>
				<total>18</total>
				<timestamp>2998.020258</timestamp>
			</report>
			<report>
				<misses>9095001</misses>
				<total>18</total>
				<timestamp>2998.349913</timestamp>
			</report>
			<report>
				<misses>9096001</misses>
				<total>18</total>
				<timestamp>2998.679588</timestamp>
			</report>
			<report>
				<misses>9097001</misses>
				<total>18</total>
				<timestamp>2999.009247</timestamp>
			</report>
			<report>
				<misses>9098001</misses>
				<total>18</total>
				<timestamp>2999.338910</timestamp>
			</report>
			<report>
				<misses>9099001</misses>
				<total>18</total>
				<timestamp>2999.668663</timestamp>
			</report>
			<report>
				<misses>9100001</misses>
				<total>18</total>
				<timestamp>2999.998288</timestamp>
			</report>
			<report>
				<misses>9101001</misses>
				<total>18</total>
				<timestamp>3000.327928</timestamp>
			</report>
			<report>
				<misses>9102001</misses>
				<total>18</total>
				<timestamp>3000.657593</timestamp>
			</report>
			<report>
				<misses>9103001</misses>
				<total>18</total>
				<timestamp>3000.987258</timestamp>
			</report>
			<report>
				<misses>9104001</misses>
				<total>18</total>
				<timestamp>3001.316954</timestamp>
			</report>
			<report>
				<misses>9105001</misses>
				<total>18</total>
				<timestamp>3001.646591</timestamp>
			</report>
			<report>
				<misses>9106001</misses>
				<total>18</total>
				<timestamp>3001.976314</timestamp>
			</report>
			<report>
				<misses>9107001</misses>
				<total>18</total>
				<timestamp>3002.305978</timestamp>
			</report>
			<report>
				<misses>9108001</misses>
				<total>18</total>
				<timestamp>3002.635618</timestamp>
			</report>
			<report>
				<misses>9109001</misses>
				<total>18</total>
				<timestamp>3002.965306</timestamp>
			</report>
			<report>
				<misses>9110001</misses>
				<total>18</total>
				<timestamp>3003.294941</timestamp>
			</report>
			<report>
				<misses>9111001</misses>
				<total>18</total>
				<timestamp>3003.624622</timestamp>
			</report>
			<report>
				<misses>9112001</misses>
				<total>18</total>
				<timestamp>3003.954292</timestamp>
			</report>
			<report>
				<misses>9113001</misses>
				<total>18</total>
				<timestamp>3004.283977</timestamp>
			</report>
			<report>
				<misses>9114001</misses>
				<total>18</total>
				<timestamp>3004.613640</timestamp>
			</report>
			<report>
				<misses>9115001</misses>
				<total>18</total>
				<timestamp>3004.943298</timestamp>
			</report>
			<report>
				<misses>9116001</misses>
				<total>18</total>
				<timestamp>3005.272989</timestamp>
			</report>
			<report>
				<misses>9117001</misses>
				<total>18</total>
				<timestamp>3005.602630</timestamp>
			</report>
			<report>
				<misses>9118001</misses>
				<total>18</total>
				<timestamp>3005.932304</timestamp>
			</report>
			<report>
				<misses>9119001</misses>
				<total>18</total>
				<timestamp>3006.261975</timestamp>
			</report>
			<report>
				<misses>9120001</misses>
				<total>18</total>
				<timestamp>3006.591674</timestamp>
			</report>
			<report>
				<misses>9121001</misses>
				<total>18</total>
				<timestamp>3006.921324</timestamp>
			</report>
			<report>
				<misses>9122001</misses>
				<total>18</total>
				<timestamp>3007.250989</timestamp>
			</report>
			<report>
				<misses>9123001</misses>
				<total>18</total>
				<timestamp>3007.580669</timestamp>
			</report>
			<report>
				<misses>9124001</misses>
				<total>18</total>
				<timestamp>3007.910334</timestamp>
			</report>
			<report>
				<misses>9125001</misses>
				<total>18</total>
				<timestamp>3008.239990</timestamp>
			</report>
			<report>
				<misses>9126001</misses>
				<total>18</total>
				<timestamp>3008.569738</timestamp>
			</report>
			<report>
				<misses>9127001</misses>
				<total>18</total>
				<timestamp>3008.899345</timestamp>
			</report>
			<report>
				<misses>9128001</misses>
				<total>18</total>
				<timestamp>3009.228999</timestamp>
			</report>
			<report>
				<misses>9129001</misses>
				<total>18</total>
				<timestamp>3009.558725</timestamp>
			</report>
			<report>
				<misses>9130001</misses>
				<total>18</total>
				<timestamp>3009.888354</timestamp>
			</report>
			<report>
				<misses>9131001</misses>
				<total>18</total>
				<timestamp>3010.218051</timestamp>
			</report>
			<report>
				<misses>9132001</misses>
				<total>18</total>
				<timestamp>3010.547704</timestamp>
			</report>
			<report>
				<misses>9133001</misses>
				<total>18</total>
				<timestamp>3010.877357</timestamp>
			</report>
			<report>
				<misses>9134001</misses>
				<total>18</total>
				<timestamp>3011.207030</timestamp>
			</report>
			<report>
				<misses>9135001</misses>
				<total>18</total>
				<timestamp>3011.536766</timestamp>
			</report>
			<report>
				<misses>9136001</misses>
				<total>18</total>
				<timestamp>3011.866435</timestamp>
			</report>
			<report>
				<misses>9137001</misses>
				<total>18</total>
				<timestamp>3012.196042</timestamp>
			</report>
			<report>
				<misses>9138001</misses>
				<total>18</total>
				<timestamp>3012.525707</timestamp>
			</report>
			<report>
				<misses>9139001</misses>
				<total>18</total>
				<timestamp>3012.855426</timestamp>
			</report>
			<report>
				<misses>9140001</misses>
				<total>18</total>
				<timestamp>3013.185047</timestamp>
			</report>
			<report>
				<misses>9141001</misses>
				<total>18</total>
				<timestamp>3013.514732</timestamp>
			</report>
			<report>
				<misses>9142001</misses>
				<total>18</total>
				<timestamp>3013.844385</timestamp>
			</report>
			<report>
				<misses>9143001</misses>
				<total>18</total>
				<timestamp>3014.174074</timestamp>
			</report>
			<report>
				<misses>9144001</misses>
				<total>18</total>
				<timestamp>3014.503716</timestamp>
			</report>
			<report>
				<misses>9145001</misses>
				<total>18</total>
				<timestamp>3014.833381</timestamp>
			</report>
			<report>
				<misses>9146001</misses>
				<total>18</total>
				<timestamp>3015.163091</timestamp>
			</report>
			<report>
				<misses>9147001</misses>
				<total>18</total>
				<timestamp>3015.492739</timestamp>
			</report>
			<report>
				<misses>9148001</misses>
				<total>18</total>
				<timestamp>3015.822402</timestamp>
			</report>
			<report>
				<misses>9149001</misses>
				<total>18</total>
				<timestamp>3016.152149</timestamp>
			</report>
			<report>
				<misses>9150001</misses>
				<total>18</total>
				<timestamp>3016.481747</timestamp>
			</report>
			<report>
				<misses>9151001</misses>
				<total>18</total>
				<timestamp>3016.811478</timestamp>
			</report>
			<report>
				<misses>9152001</misses>
				<total>18</total>
				<timestamp>3017.141126</timestamp>
			</report>
			<report>
				<misses>9153001</misses>
				<total>18</total>
				<timestamp>3017.470764</timestamp>
			</report>
			<report>
				<misses>9154001</misses>
				<total>18</total>
				<timestamp>3017.800424</timestamp>
			</report>
			<report>
				<misses>9155001</misses>
				<total>18</total>
				<timestamp>3018.130146</timestamp>
			</report>
			<report>
				<misses>9156001</misses>
				<total>18</total>
				<timestamp>3018.459779</timestamp>
			</report>
			<report>
				<misses>9157001</misses>
				<total>18</total>
				<timestamp>3018.789529</timestamp>
			</report>
			<report>
				<misses>9158001</misses>
				<total>18</total>
				<timestamp>3019.119107</timestamp>
			</report>
			<report>
				<misses>9159001</misses>
				<total>18</total>
				<timestamp>3019.448771</timestamp>
			</report>
			<report>
				<misses>9160001</misses>
				<total>18</total>
				<timestamp>3019.778521</timestamp>
			</report>
			<report>
				<misses>9161001</misses>
				<total>18</total>
				<timestamp>3020.108121</timestamp>
			</report>
			<report>
				<misses>9162001</misses>
				<total>18</total>
				<timestamp>3020.437819</timestamp>
			</report>
			<report>
				<misses>9163001</misses>
				<total>18</total>
				<timestamp>3020.767518</timestamp>
			</report>
			<report>
				<misses>9164001</misses>
				<total>18</total>
				<timestamp>3021.097129</timestamp>
			</report>
			<report>
				<misses>9165001</misses>
				<total>18</total>
				<timestamp>3021.426782</timestamp>
			</report>
			<report>
				<misses>9166001</misses>
				<total>18</total>
				<timestamp>3021.756503</timestamp>
			</report>
			<report>
				<misses>9167001</misses>
				<total>18</total>
				<timestamp>3022.086131</timestamp>
			</report>
			<report>
				<misses>9168001</misses>
				<total>18</total>
				<timestamp>3022.415808</timestamp>
			</report>
			<report>
				<misses>9169001</misses>
				<total>18</total>
				<timestamp>3022.745525</timestamp>
			</report>
			<report>
				<misses>9170001</misses>
				<total>18</total>
				<timestamp>3023.075183</timestamp>
			</report>
			<report>
				<misses>9171001</misses>
				<total>18</total>
				<timestamp>3023.404813</timestamp>
			</report>
			<report>
				<misses>9172001</misses>
				<total>18</total>
				<timestamp>3023.734537</timestamp>
			</report>
			<report>
				<misses>9173001</misses>
				<total>18</total>
				<timestamp>3024.064178</timestamp>
			</report>
			<report>
				<misses>9174001</misses>
				<total>18</total>
				<timestamp>3024.393824</timestamp>
			</report>
			<report>
				<misses>9175001</misses>
				<total>18</total>
				<timestamp>3024.723527</timestamp>
			</report>
			<report>
				<misses>9176001</misses>
				<total>18</total>
				<timestamp>3025.053189</timestamp>
			</report>
			<report>
				<misses>9177001</misses>
				<total>18</total>
				<timestamp>3025.383019</timestamp>
			</report>
			<report>
				<misses>9178001</misses>
				<total>18</total>
				<timestamp>3025.712527</timestamp>
			</report>
			<report>
				<misses>9179001</misses>
				<total>18</total>
				<timestamp>3026.042193</timestamp>
			</report>
			<report>
				<misses>9180001</misses>
				<total>18</total>
				<timestamp>3026.371838</timestamp>
			</report>
			<report>
				<misses>9181001</misses>
				<total>18</total>
				<timestamp>3026.701591</timestamp>
			</report>
			<report>
				<misses>9182001</misses>
				<total>18</total>
				<timestamp>3027.031201</timestamp>
			</report>
			<report>
				<misses>9183001</misses>
				<total>18</total>
				<timestamp>3027.360849</timestamp>
			</report>
			<report>
				<misses>9184001</misses>
				<total>18</total>
				<timestamp>3027.690581</timestamp>
			</report>
			<report>
				<misses>9185001</misses>
				<total>18</total>
				<timestamp>3028.020211</timestamp>
			</report>
			<report>
				<misses>9186001</misses>
				<total>18</total>
				<timestamp>3028.349865</timestamp>
			</report>
			<report>
				<misses>9187001</misses>
				<total>18</total>
				<timestamp>3028.679564</timestamp>
			</report>
			<report>
				<misses>9188001</misses>
				<total>18</total>
				<timestamp>3029.009204</timestamp>
			</report>
			<report>
				<misses>9189001</misses>
				<total>18</total>
				<timestamp>3029.338882</timestamp>
			</report>
			<report>
				<misses>9190001</misses>
				<total>18</total>
				<timestamp>3029.668567</timestamp>
			</report>
			<report>
				<misses>9191001</misses>
				<total>18</total>
				<timestamp>3029.998231</timestamp>
			</report>
			<report>
				<misses>9192001</misses>
				<total>18</total>
				<timestamp>3030.327903</timestamp>
			</report>
			<report>
				<misses>9193001</misses>
				<total>18</total>
				<timestamp>3030.657557</timestamp>
			</report>
			<report>
				<misses>9194001</misses>
				<total>18</total>
				<timestamp>3030.987246</timestamp>
			</report>
			<report>
				<misses>9195001</misses>
				<total>18</total>
				<timestamp>3031.316916</timestamp>
			</report>
			<report>
				<misses>9196001</misses>
				<total>18</total>
				<timestamp>3031.646575</timestamp>
			</report>
			<report>
				<misses>9197001</misses>
				<total>18</total>
				<timestamp>3031.976230</timestamp>
			</report>
			<report>
				<misses>9198001</misses>
				<total>18</total>
				<timestamp>3032.305919</timestamp>
			</report>
			<report>
				<misses>9199001</misses>
				<total>18</total>
				<timestamp>3032.635605</timestamp>
			</report>
			<report>
				<misses>9200001</misses>
				<total>18</total>
				<timestamp>3032.965249</timestamp>
			</report>
			<report>
				<misses>9201001</misses>
				<total>18</total>
				<timestamp>3033.294980</timestamp>
			</report>
			<report>
				<misses>9202001</misses>
				<total>18</total>
				<timestamp>3033.624603</timestamp>
			</report>
			<report>
				<misses>9203001</misses>
				<total>18</total>
				<timestamp>3033.954248</timestamp>
			</report>
			<report>
				<misses>9204001</misses>
				<total>18</total>
				<timestamp>3034.283947</timestamp>
			</report>
			<report>
				<misses>9205001</misses>
				<total>18</total>
				<timestamp>3034.613616</timestamp>
			</report>
			<report>
				<misses>9206001</misses>
				<total>18</total>
				<timestamp>3034.943274</timestamp>
			</report>
			<report>
				<misses>9207001</misses>
				<total>18</total>
				<timestamp>3035.273045</timestamp>
			</report>
			<report>
				<misses>9208001</misses>
				<total>18</total>
				<timestamp>3035.602601</timestamp>
			</report>
			<report>
				<misses>9209001</misses>
				<total>18</total>
				<timestamp>3035.932309</timestamp>
			</report>
			<report>
				<misses>9210001</misses>
				<total>18</total>
				<timestamp>3036.261994</timestamp>
			</report>
			<report>
				<misses>9211001</misses>
				<total>18</total>
				<timestamp>3036.591616</timestamp>
			</report>
			<report>
				<misses>9212001</misses>
				<total>18</total>
				<timestamp>3036.921287</timestamp>
			</report>
			<report>
				<misses>9213001</misses>
				<total>18</total>
				<timestamp>3037.250972</timestamp>
			</report>
			<report>
				<misses>9214001</misses>
				<total>18</total>
				<timestamp>3037.580620</timestamp>
			</report>
			<report>
				<misses>9215001</misses>
				<total>18</total>
				<timestamp>3037.910320</timestamp>
			</report>
			<report>
				<misses>9216001</misses>
				<total>18</total>
				<timestamp>3038.240042</timestamp>
			</report>
			<report>
				<misses>9217001</misses>
				<total>18</total>
				<timestamp>3038.569643</timestamp>
			</report>
			<report>
				<misses>9218001</misses>
				<total>18</total>
				<timestamp>3038.899329</timestamp>
			</report>
			<report>
				<misses>9219001</misses>
				<total>18</total>
				<timestamp>3039.228986</timestamp>
			</report>
			<report>
				<misses>9220001</misses>
				<total>18</total>
				<timestamp>3039.558653</timestamp>
			</report>
			<report>
				<misses>9221001</misses>
				<total>18</total>
				<timestamp>3039.888401</timestamp>
			</report>
			<report>
				<misses>9222001</misses>
				<total>18</total>
				<timestamp>3040.218014</timestamp>
			</report>
			<report>
				<misses>9223001</misses>
				<total>18</total>
				<timestamp>3040.547674</timestamp>
			</report>
			<report>
				<misses>9224001</misses>
				<total>18</total>
				<timestamp>3040.877338</timestamp>
			</report>
			<report>
				<misses>9225001</misses>
				<total>18</total>
				<timestamp>3041.206998</timestamp>
			</report>
			<report>
				<misses>9226001</misses>
				<total>18</total>
				<timestamp>3041.536667</timestamp>
			</report>
			<report>
				<misses>9227001</misses>
				<total>18</total>
				<timestamp>3041.866411</timestamp>
			</report>
			<report>
				<misses>9228001</misses>
				<total>18</total>
				<timestamp>3042.196065</timestamp>
			</report>
			<report>
				<misses>9229001</misses>
				<total>18</total>
				<timestamp>3042.525699</timestamp>
			</report>
			<report>
				<misses>9230001</misses>
				<total>18</total>
				<timestamp>3042.855404</timestamp>
			</report>
			<report>
				<misses>9231001</misses>
				<total>18</total>
				<timestamp>3043.185034</timestamp>
			</report>
			<report>
				<misses>9232001</misses>
				<total>18</total>
				<timestamp>3043.514692</timestamp>
			</report>
			<report>
				<misses>9233001</misses>
				<total>18</total>
				<timestamp>3043.844412</timestamp>
			</report>
			<report>
				<misses>9234001</misses>
				<total>18</total>
				<timestamp>3044.174050</timestamp>
			</report>
			<report>
				<misses>9235001</misses>
				<total>18</total>
				<timestamp>3044.503698</timestamp>
			</report>
			<report>
				<misses>9236001</misses>
				<total>18</total>
				<timestamp>3044.833407</timestamp>
			</report>
			<report>
				<misses>9237001</misses>
				<total>18</total>
				<timestamp>3045.163062</timestamp>
			</report>
			<report>
				<misses>9238001</misses>
				<total>18</total>
				<timestamp>3045.492706</timestamp>
			</report>
			<report>
				<misses>9239001</misses>
				<total>18</total>
				<timestamp>3045.822422</timestamp>
			</report>
			<report>
				<misses>9240001</misses>
				<total>18</total>
				<timestamp>3046.152078</timestamp>
			</report>
			<report>
				<misses>9241001</misses>
				<total>18</total>
				<timestamp>3046.481719</timestamp>
			</report>
			<report>
				<misses>9242001</misses>
				<total>18</total>
				<timestamp>3046.811438</timestamp>
			</report>
			<report>
				<misses>9243001</misses>
				<total>18</total>
				<timestamp>3047.141068</timestamp>
			</report>
			<report>
				<misses>9244001</misses>
				<total>18</total>
				<timestamp>3047.470737</timestamp>
			</report>
			<report>
				<misses>9245001</misses>
				<total>18</total>
				<timestamp>3047.800398</timestamp>
			</report>
			<report>
				<misses>9246001</misses>
				<total>18</total>
				<timestamp>3048.130078</timestamp>
			</report>
			<report>
				<misses>9247001</misses>
				<total>18</total>
				<timestamp>3048.459745</timestamp>
			</report>
			<report>
				<misses>9248001</misses>
				<total>18</total>
				<timestamp>3048.789478</timestamp>
			</report>
			<report>
				<misses>9249001</misses>
				<total>18</total>
				<timestamp>3049.119077</timestamp>
			</report>
			<report>
				<misses>9250001</misses>
				<total>18</total>
				<timestamp>3049.448801</timestamp>
			</report>
			<report>
				<misses>9251001</misses>
				<total>18</total>
				<timestamp>3049.778425</timestamp>
			</report>
			<report>
				<misses>9252001</misses>
				<total>18</total>
				<timestamp>3050.108100</timestamp>
			</report>
			<report>
				<misses>9253001</misses>
				<total>18</total>
				<timestamp>3050.437768</timestamp>
			</report>
			<report>
				<misses>9254001</misses>
				<total>18</total>
				<timestamp>3050.767506</timestamp>
			</report>
			<report>
				<misses>9255001</misses>
				<total>18</total>
				<timestamp>3051.097115</timestamp>
			</report>
			<report>
				<misses>9256001</misses>
				<total>18</total>
				<timestamp>3051.426772</timestamp>
			</report>
			<report>
				<misses>9257001</misses>
				<total>18</total>
				<timestamp>3051.756447</timestamp>
			</report>
			<report>
				<misses>9258001</misses>
				<total>18</total>
				<timestamp>3052.086107</timestamp>
			</report>
			<report>
				<misses>9259001</misses>
				<total>18</total>
				<timestamp>3052.415775</timestamp>
			</report>
			<report>
				<misses>9260001</misses>
				<total>18</total>
				<timestamp>3052.745459</timestamp>
			</report>
			<report>
				<misses>9261001</misses>
				<total>18</total>
				<timestamp>3053.075144</timestamp>
			</report>
			<report>
				<misses>9262001</misses>
				<total>18</total>
				<timestamp>3053.404838</timestamp>
			</report>
			<report>
				<misses>9263001</misses>
				<total>18</total>
				<timestamp>3053.734538</timestamp>
			</report>
			<report>
				<misses>9264001</misses>
				<total>18</total>
				<timestamp>3054.064184</timestamp>
			</report>
			<report>
				<misses>9265001</misses>
				<total>18</total>
				<timestamp>3054.393825</timestamp>
			</report>
			<report>
				<misses>9266001</misses>
				<total>18</total>
				<timestamp>3054.723488</timestamp>
			</report>
			<report>
				<misses>9267001</misses>
				<total>18</total>
				<timestamp>3055.053172</timestamp>
			</report>
			<report>
				<misses>9268001</misses>
				<total>18</total>
				<timestamp>3055.382863</timestamp>
			</report>
			<report>
				<misses>9269001</misses>
				<total>18</total>
				<timestamp>3055.712517</timestamp>
			</report>
			<report>
				<misses>9270001</misses>
				<total>18</total>
				<timestamp>3056.042194</timestamp>
			</report>
			<report>
				<misses>9271001</misses>
				<total>18</total>
				<timestamp>3056.371874</timestamp>
			</report>
			<report>
				<misses>9272001</misses>
				<total>18</total>
				<timestamp>3056.701495</timestamp>
			</report>
			<report>
				<misses>9273001</misses>
				<total>18</total>
				<timestamp>3057.031170</timestamp>
			</report>
			<report>
				<misses>9274001</misses>
				<total>18</total>
				<timestamp>3057.360873</timestamp>
			</report>
			<report>
				<misses>9275001</misses>
				<total>18</total>
				<timestamp>3057.690485</timestamp>
			</report>
			<report>
				<misses>9276001</misses>
				<total>18</total>
				<timestamp>3058.020181</timestamp>
			</report>
			<report>
				<misses>9277001</misses>
				<total>18</total>
				<timestamp>3058.349854</timestamp>
			</report>
			<report>
				<misses>9278001</misses>
				<total>18</total>
				<timestamp>3058.679615</timestamp>
			</report>
			<report>
				<misses>9279001</misses>
				<total>18</total>
				<timestamp>3059.009218</timestamp>
			</report>
			<report>
				<misses>9280001</misses>
				<total>18</total>
				<timestamp>3059.338858</timestamp>
			</report>
			<report>
				<misses>9281001</misses>
				<total>18</total>
				<timestamp>3059.668536</timestamp>
			</report>
			<report>
				<misses>9282001</misses>
				<total>18</total>
				<timestamp>3059.998219</timestamp>
			</report>
			<report>
				<misses>9283001</misses>
				<total>18</total>
				<timestamp>3060.327903</timestamp>
			</report>
			<report>
				<misses>9284001</misses>
				<total>18</total>
				<timestamp>3060.657522</timestamp>
			</report>
			<report>
				<misses>9285001</misses>
				<total>18</total>
				<timestamp>3060.987258</timestamp>
			</report>
			<report>
				<misses>9286001</misses>
				<total>18</total>
				<timestamp>3061.316887</timestamp>
			</report>
			<report>
				<misses>9287001</misses>
				<total>18</total>
				<timestamp>3061.646565</timestamp>
			</report>
			<report>
				<misses>9288001</misses>
				<total>18</total>
				<timestamp>3061.976210</timestamp>
			</report>
			<report>
				<misses>9289001</misses>
				<total>18</total>
				<timestamp>3062.305926</timestamp>
			</report>
			<report>
				<misses>9290001</misses>
				<total>18</total>
				<timestamp>3062.635552</timestamp>
			</report>
			<report>
				<misses>9291001</misses>
				<total>18</total>
				<timestamp>3062.965274</timestamp>
			</report>
			<report>
				<misses>9292001</misses>
				<total>18</total>
				<timestamp>3063.294926</timestamp>
			</report>
			<report>
				<misses>9293001</misses>
				<total>18</total>
				<timestamp>3063.624580</timestamp>
			</report>
			<report>
				<misses>9294001</misses>
				<total>18</total>
				<timestamp>3063.954304</timestamp>
			</report>
			<report>
				<misses>9295001</misses>
				<total>18</total>
				<timestamp>3064.283926</timestamp>
			</report>
			<report>
				<misses>9296001</misses>
				<total>18</total>
				<timestamp>3064.613577</timestamp>
			</report>
			<report>
				<misses>9297001</misses>
				<total>18</total>
				<timestamp>3064.943247</timestamp>
			</report>
			<report>
				<misses>9298001</misses>
				<total>18</total>
				<timestamp>3065.272960</timestamp>
			</report>
			<report>
				<misses>9299001</misses>
				<total>18</total>
				<timestamp>3065.602592</timestamp>
			</report>
			<report>
				<misses>9300001</misses>
				<total>18</total>
				<timestamp>3065.932294</timestamp>
			</report>
			<report>
				<misses>9301001</misses>
				<total>18</total>
				<timestamp>3066.261947</timestamp>
			</report>
			<report>
				<misses>9302001</misses>
				<total>18</total>
				<timestamp>3066.591589</timestamp>
			</report>
			<report>
				<misses>9303001</misses>
				<total>18</total>
				<timestamp>3066.921293</timestamp>
			</report>
			<report>
				<misses>9304001</misses>
				<total>18</total>
				<timestamp>3067.250924</timestamp>
			</report>
			<report>
				<misses>9305001</misses>
				<total>18</total>
				<timestamp>3067.580594</timestamp>
			</report>
			<report>
				<misses>9306001</misses>
				<total>18</total>
				<timestamp>3067.910305</timestamp>
			</report>
			<report>
				<misses>9307001</misses>
				<total>18</total>
				<timestamp>3068.239978</timestamp>
			</report>
			<report>
				<misses>9308001</misses>
				<total>18</total>
				<timestamp>3068.569618</timestamp>
			</report>
			<report>
				<misses>9309001</misses>
				<total>18</total>
				<timestamp>3068.899327</timestamp>
			</report>
			<report>
				<misses>9310001</misses>
				<total>18</total>
				<timestamp>3069.228958</timestamp>
			</report>
			<report>
				<misses>9311001</misses>
				<total>18</total>
				<timestamp>3069.558631</timestamp>
			</report>
			<report>
				<misses>9312001</misses>
				<total>18</total>
				<timestamp>3069.888288</timestamp>
			</report>
			<report>
				<misses>9313001</misses>
				<total>18</total>
				<timestamp>3070.217961</timestamp>
			</report>
			<report>
				<misses>9314001</misses>
				<total>18</total>
				<timestamp>3070.547623</timestamp>
			</report>
			<report>
				<misses>9315001</misses>
				<total>18</total>
				<timestamp>3070.877376</timestamp>
			</report>
			<report>
				<misses>9316001</misses>
				<total>18</total>
				<timestamp>3071.206984</timestamp>
			</report>
			<report>
				<misses>9317001</misses>
				<total>18</total>
				<timestamp>3071.536641</timestamp>
			</report>
			<report>
				<misses>9318001</misses>
				<total>18</total>
				<timestamp>3071.866312</timestamp>
			</report>
			<report>
				<misses>9319001</misses>
				<total>18</total>
				<timestamp>3072.195971</timestamp>
			</report>
			<report>
				<misses>9320001</misses>
				<total>18</total>
				<timestamp>3072.525647</timestamp>
			</report>
			<report>
				<misses>9321001</misses>
				<total>18</total>
				<timestamp>3072.855358</timestamp>
			</report>
			<report>
				<misses>9322001</misses>
				<total>18</total>
				<timestamp>3073.184994</timestamp>
			</report>
			<report>
				<misses>9323001</misses>
				<total>18</total>
				<timestamp>3073.514662</timestamp>
			</report>
			<report>
				<misses>9324001</misses>
				<total>18</total>
				<timestamp>3073.844369</timestamp>
			</report>
			<report>
				<misses>9325001</misses>
				<total>18</total>
				<timestamp>3074.174005</timestamp>
			</report>
			<report>
				<misses>9326001</misses>
				<total>18</total>
				<timestamp>3074.503710</timestamp>
			</report>
			<report>
				<misses>9327001</misses>
				<total>18</total>
				<timestamp>3074.833353</timestamp>
			</report>
			<report>
				<misses>9328001</misses>
				<total>18</total>
				<timestamp>3075.162997</timestamp>
			</report>
			<report>
				<misses>9329001</misses>
				<total>18</total>
				<timestamp>3075.492776</timestamp>
			</report>
			<report>
				<misses>9330001</misses>
				<total>18</total>
				<timestamp>3075.822365</timestamp>
			</report>
			<report>
				<misses>9331001</misses>
				<total>18</total>
				<timestamp>3076.152025</timestamp>
			</report>
			<report>
				<misses>9332001</misses>
				<total>18</total>
				<timestamp>3076.481692</timestamp>
			</report>
			<report>
				<misses>9333001</misses>
				<total>18</total>
				<timestamp>3076.811357</timestamp>
			</report>
			<report>
				<misses>9334001</misses>
				<total>18</total>
				<timestamp>3077.141042</timestamp>
			</report>
			<report>
				<misses>9335001</misses>
				<total>18</total>
				<timestamp>3077.470732</timestamp>
			</report>
			<report>
				<misses>9336001</misses>
				<total>18</total>
				<timestamp>3077.800423</timestamp>
			</report>
			<report>
				<misses>9337001</misses>
				<total>18</total>
				<timestamp>3078.130038</timestamp>
			</report>
			<report>
				<misses>9338001</misses>
				<total>18</total>
				<timestamp>3078.459727</timestamp>
			</report>
			<report>
				<misses>9339001</misses>
				<total>18</total>
				<timestamp>3078.789489</timestamp>
			</report>
			<report>
				<misses>9340001</misses>
				<total>18</total>
				<timestamp>3079.119058</timestamp>
			</report>
			<report>
				<misses>9341001</misses>
				<total>18</total>
				<timestamp>3079.448739</timestamp>
			</report>
			<report>
				<misses>9342001</misses>
				<total>18</total>
				<timestamp>3079.778426</timestamp>
			</report>
			<report>
				<misses>9343001</misses>
				<total>18</total>
				<timestamp>3080.108055</timestamp>
			</report>
			<report>
				<misses>9344001</misses>
				<total>18</total>
				<timestamp>3080.437729</timestamp>
			</report>
			<report>
				<misses>9345001</misses>
				<total>18</total>
				<timestamp>3080.767490</timestamp>
			</report>
			<report>
				<misses>9346001</misses>
				<total>18</total>
				<timestamp>3081.097164</timestamp>
			</report>
			<report>
				<misses>9347001</misses>
				<total>18</total>
				<timestamp>3081.426758</timestamp>
			</report>
			<report>
				<misses>9348001</misses>
				<total>18</total>
				<timestamp>3081.756396</timestamp>
			</report>
			<report>
				<misses>9349001</misses>
				<total>18</total>
				<timestamp>3082.086110</timestamp>
			</report>
			<report>
				<misses>9350001</misses>
				<total>18</total>
				<timestamp>3082.415760</timestamp>
			</report>
			<report>
				<misses>9351001</misses>
				<total>18</total>
				<timestamp>3082.745425</timestamp>
			</report>
			<report>
				<misses>9352001</misses>
				<total>18</total>
				<timestamp>3083.075105</timestamp>
			</report>
			<report>
				<misses>9353001</misses>
				<total>18</total>
				<timestamp>3083.404770</timestamp>
			</report>
			<report>
				<misses>9354001</misses>
				<total>18</total>
				<timestamp>3083.734433</timestamp>
			</report>
			<report>
				<misses>9355001</misses>
				<total>18</total>
				<timestamp>3084.064104</timestamp>
			</report>
			<report>
				<misses>9356001</misses>
				<total>18</total>
				<timestamp>3084.393784</timestamp>
			</report>
			<report>
				<misses>9357001</misses>
				<total>18</total>
				<timestamp>3084.723442</timestamp>
			</report>
			<report>
				<misses>9358001</misses>
				<total>18</total>
				<timestamp>3085.053126</timestamp>
			</report>
			<report>
				<misses>9359001</misses>
				<total>18</total>
				<timestamp>3085.382816</timestamp>
			</report>
			<report>
				<misses>9360001</misses>
				<total>18</total>
				<timestamp>3085.712434</timestamp>
			</report>
			<report>
				<misses>9361001</misses>
				<total>18</total>
				<timestamp>3086.042119</timestamp>
			</report>
			<report>
				<misses>9362001</misses>
				<total>18</total>
				<timestamp>3086.371809</timestamp>
			</report>
			<report>
				<misses>9363001</misses>
				<total>18</total>
				<timestamp>3086.701449</timestamp>
			</report>
			<report>
				<misses>9364001</misses>
				<total>18</total>
				<timestamp>3087.031126</timestamp>
			</report>
			<report>
				<misses>9365001</misses>
				<total>18</total>
				<timestamp>3087.360807</timestamp>
			</report>
			<report>
				<misses>9366001</misses>
				<total>18</total>
				<timestamp>3087.690468</timestamp>
			</report>
			<report>
				<misses>9367001</misses>
				<total>18</total>
				<timestamp>3088.020139</timestamp>
			</report>
			<report>
				<misses>9368001</misses>
				<total>18</total>
				<timestamp>3088.349802</timestamp>
			</report>
			<report>
				<misses>9369001</misses>
				<total>18</total>
				<timestamp>3088.679463</timestamp>
			</report>
			<report>
				<misses>9370001</misses>
				<total>18</total>
				<timestamp>3089.009169</timestamp>
			</report>
			<report>
				<misses>9371001</misses>
				<total>18</total>
				<timestamp>3089.338820</timestamp>
			</report>
			<report>
				<misses>9372001</misses>
				<total>18</total>
				<timestamp>3089.668483</timestamp>
			</report>
			<report>
				<misses>9373001</misses>
				<total>18</total>
				<timestamp>3089.998230</timestamp>
			</report>
			<report>
				<misses>9374001</misses>
				<total>18</total>
				<timestamp>3090.327838</timestamp>
			</report>
			<report>
				<misses>9375001</misses>
				<total>18</total>
				<timestamp>3090.657498</timestamp>
			</report>
			<report>
				<misses>9376001</misses>
				<total>18</total>
				<timestamp>3090.987161</timestamp>
			</report>
			<report>
				<misses>9377001</misses>
				<total>18</total>
				<timestamp>3091.316850</timestamp>
			</report>
			<report>
				<misses>9378001</misses>
				<total>18</total>
				<timestamp>3091.646521</timestamp>
			</report>
			<report>
				<misses>9379001</misses>
				<total>18</total>
				<timestamp>3091.976241</timestamp>
			</report>
			<report>
				<misses>9380001</misses>
				<total>18</total>
				<timestamp>3092.305855</timestamp>
			</report>
			<report>
				<misses>9381001</misses>
				<total>18</total>
				<timestamp>3092.635510</timestamp>
			</report>
			<report>
				<misses>9382001</misses>
				<total>18</total>
				<timestamp>3092.965224</timestamp>
			</report>
			<report>
				<misses>9383001</misses>
				<total>18</total>
				<timestamp>3093.294852</timestamp>
			</report>
			<report>
				<misses>9384001</misses>
				<total>18</total>
				<timestamp>3093.624539</timestamp>
			</report>
			<report>
				<misses>9385001</misses>
				<total>18</total>
				<timestamp>3093.954254</timestamp>
			</report>
			<report>
				<misses>9386001</misses>
				<total>18</total>
				<timestamp>3094.283876</timestamp>
			</report>
			<report>
				<misses>9387001</misses>
				<total>18</total>
				<timestamp>3094.613570</timestamp>
			</report>
			<report>
				<misses>9388001</misses>
				<total>18</total>
				<timestamp>3094.943234</timestamp>
			</report>
			<report>
				<misses>9389001</misses>
				<total>18</total>
				<timestamp>3095.272888</timestamp>
			</report>
			<report>
				<misses>9390001</misses>
				<total>18</total>
				<timestamp>3095.602593</timestamp>
			</report>
			<report>
				<misses>9391001</misses>
				<total>18</total>
				<timestamp>3095.932260</timestamp>
			</report>
			<report>
				<misses>9392001</misses>
				<total>18</total>
				<timestamp>3096.261887</timestamp>
			</report>
			<report>
				<misses>9393001</misses>
				<total>18</total>
				<timestamp>3096.591603</timestamp>
			</report>
			<report>
				<misses>9394001</misses>
				<total>18</total>
				<timestamp>3096.921223</timestamp>
			</report>
			<report>
				<misses>9395001</misses>
				<total>18</total>
				<timestamp>3097.250900</timestamp>
			</report>
			<report>
				<misses>9396001</misses>
				<total>18</total>
				<timestamp>3097.580598</timestamp>
			</report>
			<report>
				<misses>9397001</misses>
				<total>18</total>
				<timestamp>3097.910271</timestamp>
			</report>
			<report>
				<misses>9398001</misses>
				<total>18</total>
				<timestamp>3098.239897</timestamp>
			</report>
			<report>
				<misses>9399001</misses>
				<total>18</total>
				<timestamp>3098.569604</timestamp>
			</report>
			<report>
				<misses>9400001</misses>
				<total>18</total>
				<timestamp>3098.899254</timestamp>
			</report>
			<report>
				<misses>9401001</misses>
				<total>18</total>
				<timestamp>3099.228918</timestamp>
			</report>
			<report>
				<misses>9402001</misses>
				<total>18</total>
				<timestamp>3099.558616</timestamp>
			</report>
			<report>
				<misses>9403001</misses>
				<total>18</total>
				<timestamp>3099.888264</timestamp>
			</report>
			<report>
				<misses>9404001</misses>
				<total>18</total>
				<timestamp>3100.217945</timestamp>
			</report>
			<report>
				<misses>9405001</misses>
				<total>18</total>
				<timestamp>3100.547608</timestamp>
			</report>
			<report>
				<misses>9406001</misses>
				<total>18</total>
				<timestamp>3100.877281</timestamp>
			</report>
			<report>
				<misses>9407001</misses>
				<total>18</total>
				<timestamp>3101.206946</timestamp>
			</report>
			<report>
				<misses>9408001</misses>
				<total>18</total>
				<timestamp>3101.536612</timestamp>
			</report>
			<report>
				<misses>9409001</misses>
				<total>18</total>
				<timestamp>3101.866265</timestamp>
			</report>
			<report>
				<misses>9410001</misses>
				<total>18</total>
				<timestamp>3102.195964</timestamp>
			</report>
			<report>
				<misses>9411001</misses>
				<total>18</total>
				<timestamp>3102.525611</timestamp>
			</report>
			<report>
				<misses>9412001</misses>
				<total>18</total>
				<timestamp>3102.855288</timestamp>
			</report>
			<report>
				<misses>9413001</misses>
				<total>18</total>
				<timestamp>3103.184947</timestamp>
			</report>
			<report>
				<misses>9414001</misses>
				<total>18</total>
				<timestamp>3103.514649</timestamp>
			</report>
			<report>
				<misses>9415001</misses>
				<total>18</total>
				<timestamp>3103.844357</timestamp>
			</report>
			<report>
				<misses>9416001</misses>
				<total>18</total>
				<timestamp>3104.173986</timestamp>
			</report>
			<report>
				<misses>9417001</misses>
				<total>18</total>
				<timestamp>3104.503698</timestamp>
			</report>
			<report>
				<misses>9418001</misses>
				<total>18</total>
				<timestamp>3104.833312</timestamp>
			</report>
			<report>
				<misses>9419001</misses>
				<total>18</total>
				<timestamp>3105.162986</timestamp>
			</report>
			<report>
				<misses>9420001</misses>
				<total>18</total>
				<timestamp>3105.492668</timestamp>
			</report>
			<report>
				<misses>9421001</misses>
				<total>18</total>
				<timestamp>3105.822316</timestamp>
			</report>
			<report>
				<misses>9422001</misses>
				<total>18</total>
				<timestamp>3106.152045</timestamp>
			</report>
			<report>
				<misses>9423001</misses>
				<total>18</total>
				<timestamp>3106.481671</timestamp>
			</report>
			<report>
				<misses>9424001</misses>
				<total>18</total>
				<timestamp>3106.811334</timestamp>
			</report>
			<report>
				<misses>9425001</misses>
				<total>18</total>
				<timestamp>3107.140999</timestamp>
			</report>
			<report>
				<misses>9426001</misses>
				<total>18</total>
				<timestamp>3107.470685</timestamp>
			</report>
			<report>
				<misses>9427001</misses>
				<total>18</total>
				<timestamp>3107.800337</timestamp>
			</report>
			<report>
				<misses>9428001</misses>
				<total>18</total>
				<timestamp>3108.130016</timestamp>
			</report>
			<report>
				<misses>9429001</misses>
				<total>18</total>
				<timestamp>3108.459683</timestamp>
			</report>
			<report>
				<misses>9430001</misses>
				<total>18</total>
				<timestamp>3108.789348</timestamp>
			</report>
			<report>
				<misses>9431001</misses>
				<total>18</total>
				<timestamp>3109.119030</timestamp>
			</report>
			<report>
				<misses>9432001</misses>
				<total>18</total>
				<timestamp>3109.448680</timestamp>
			</report>
			<report>
				<misses>9433001</misses>
				<total>18</total>
				<timestamp>3109.778359</timestamp>
			</report>
			<report>
				<misses>9434001</misses>
				<total>18</total>
				<timestamp>3110.108025</timestamp>
			</report>
			<report>
				<misses>9435001</misses>
				<total>18</total>
				<timestamp>3110.437696</timestamp>
			</report>
			<report>
				<misses>9436001</misses>
				<total>18</total>
				<timestamp>3110.767369</timestamp>
			</report>
			<report>
				<misses>9437001</misses>
				<total>18</total>
				<timestamp>3111.097050</timestamp>
			</report>
			<report>
				<misses>9438001</misses>
				<total>18</total>
				<timestamp>3111.426708</timestamp>
			</report>
			<report>
				<misses>9439001</misses>
				<total>18</total>
				<timestamp>3111.756378</timestamp>
			</report>
			<report>
				<misses>9440001</misses>
				<total>18</total>
				<timestamp>3112.086103</timestamp>
			</report>
			<report>
				<misses>9441001</misses>
				<total>18</total>
				<timestamp>3112.415714</timestamp>
			</report>
			<report>
				<misses>9442001</misses>
				<total>18</total>
				<timestamp>3112.745404</timestamp>
			</report>
			<report>
				<misses>9443001</misses>
				<total>18</total>
				<timestamp>3113.075065</timestamp>
			</report>
			<report>
				<misses>9444001</misses>
				<total>18</total>
				<timestamp>3113.404719</timestamp>
			</report>
			<report>
				<misses>9445001</misses>
				<total>18</total>
				<timestamp>3113.734456</timestamp>
			</report>
			<report>
				<misses>9446001</misses>
				<total>18</total>
				<timestamp>3114.064118</timestamp>
			</report>
			<report>
				<misses>9447001</misses>
				<total>18</total>
				<timestamp>3114.393732</timestamp>
			</report>
			<report>
				<misses>9448001</misses>
				<total>18</total>
				<timestamp>3114.723409</timestamp>
			</report>
			<report>
				<misses>9449001</misses>
				<total>18</total>
				<timestamp>3115.053139</timestamp>
			</report>
			<report>
				<misses>9450001</misses>
				<total>18</total>
				<timestamp>3115.382759</timestamp>
			</report>
			<report>
				<misses>9451001</misses>
				<total>18</total>
				<timestamp>3115.712437</timestamp>
			</report>
			<report>
				<misses>9452001</misses>
				<total>18</total>
				<timestamp>3116.042116</timestamp>
			</report>
			<report>
				<misses>9453001</misses>
				<total>18</total>
				<timestamp>3116.371765</timestamp>
			</report>
			<report>
				<misses>9454001</misses>
				<total>18</total>
				<timestamp>3116.701451</timestamp>
			</report>
			<report>
				<misses>9455001</misses>
				<total>18</total>
				<timestamp>3117.031164</timestamp>
			</report>
			<report>
				<misses>9456001</misses>
				<total>18</total>
				<timestamp>3117.360812</timestamp>
			</report>
			<report>
				<misses>9457001</misses>
				<total>18</total>
				<timestamp>3117.690497</timestamp>
			</report>
			<report>
				<misses>9458001</misses>
				<total>18</total>
				<timestamp>3118.020169</timestamp>
			</report>
			<report>
				<misses>9459001</misses>
				<total>18</total>
				<timestamp>3118.349788</timestamp>
			</report>
			<report>
				<misses>9460001</misses>
				<total>18</total>
				<timestamp>3118.679457</timestamp>
			</report>
			<report>
				<misses>9461001</misses>
				<total>18</total>
				<timestamp>3119.009151</timestamp>
			</report>
			<report>
				<misses>9462001</misses>
				<total>18</total>
				<timestamp>3119.338785</timestamp>
			</report>
			<report>
				<misses>9463001</misses>
				<total>18</total>
				<timestamp>3119.668481</timestamp>
			</report>
			<report>
				<misses>9464001</misses>
				<total>18</total>
				<timestamp>3119.998156</timestamp>
			</report>
			<report>
				<misses>9465001</misses>
				<total>18</total>
				<timestamp>3120.327796</timestamp>
			</report>
			<report>
				<misses>9466001</misses>
				<total>18</total>
				<timestamp>3120.657476</timestamp>
			</report>
			<report>
				<misses>9467001</misses>
				<total>18</total>
				<timestamp>3120.987152</timestamp>
			</report>
			<report>
				<misses>9468001</misses>
				<total>18</total>
				<timestamp>3121.316809</timestamp>
			</report>
			<report>
				<misses>9469001</misses>
				<total>18</total>
				<timestamp>3121.646484</timestamp>
			</report>
			<report>
				<misses>9470001</misses>
				<total>18</total>
				<timestamp>3121.976160</timestamp>
			</report>
			<report>
				<misses>9471001</misses>
				<total>18</total>
				<timestamp>3122.305817</timestamp>
			</report>
			<report>
				<misses>9472001</misses>
				<total>18</total>
				<timestamp>3122.635508</timestamp>
			</report>
			<report>
				<misses>9473001</misses>
				<total>18</total>
				<timestamp>3122.965154</timestamp>
			</report>
			<report>
				<misses>9474001</misses>
				<total>18</total>
				<timestamp>3123.294846</timestamp>
			</report>
			<report>
				<misses>9475001</misses>
				<total>18</total>
				<timestamp>3123.624527</timestamp>
			</report>
			<report>
				<misses>9476001</misses>
				<total>18</total>
				<timestamp>3123.954181</timestamp>
			</report>
			<report>
				<misses>9477001</misses>
				<total>18</total>
				<timestamp>3124.283842</timestamp>
			</report>
			<report>
				<misses>9478001</misses>
				<total>18</total>
				<timestamp>3124.613541</timestamp>
			</report>
			<report>
				<misses>9479001</misses>
				<total>18</total>
				<timestamp>3124.943194</timestamp>
			</report>
			<report>
				<misses>9480001</misses>
				<total>18</total>
				<timestamp>3125.272855</timestamp>
			</report>
			<report>
				<misses>9481001</misses>
				<total>18</total>
				<timestamp>3125.602532</timestamp>
			</report>
			<report>
				<misses>9482001</misses>
				<total>18</total>
				<timestamp>3125.932204</timestamp>
			</report>
			<report>
				<misses>9483001</misses>
				<total>18</total>
				<timestamp>3126.261850</timestamp>
			</report>
			<report>
				<misses>9484001</misses>
				<total>18</total>
				<timestamp>3126.591553</timestamp>
			</report>
			<report>
				<misses>9485001</misses>
				<total>18</total>
				<timestamp>3126.921185</timestamp>
			</report>
			<report>
				<misses>9486001</misses>
				<total>18</total>
				<timestamp>3127.250875</timestamp>
			</report>
			<report>
				<misses>9487001</misses>
				<total>18</total>
				<timestamp>3127.580556</timestamp>
			</report>
			<report>
				<misses>9488001</misses>
				<total>18</total>
				<timestamp>3127.910210</timestamp>
			</report>
			<report>
				<misses>9489001</misses>
				<total>18</total>
				<timestamp>3128.239879</timestamp>
			</report>
			<report>
				<misses>9490001</misses>
				<total>18</total>
				<timestamp>3128.569548</timestamp>
			</report>
			<report>
				<misses>9491001</misses>
				<total>18</total>
				<timestamp>3128.899239</timestamp>
			</report>
			<report>
				<misses>9492001</misses>
				<total>18</total>
				<timestamp>3129.228950</timestamp>
			</report>
			<report>
				<misses>9493001</misses>
				<total>18</total>
				<timestamp>3129.558585</timestamp>
			</report>
			<report>
				<misses>9494001</misses>
				<total>18</total>
				<timestamp>3129.888223</timestamp>
			</report>
			<report>
				<misses>9495001</misses>
				<total>18</total>
				<timestamp>3130.217968</timestamp>
			</report>
			<report>
				<misses>9496001</misses>
				<total>18</total>
				<timestamp>3130.547589</timestamp>
			</report>
			<report>
				<misses>9497001</misses>
				<total>18</total>
				<timestamp>3130.877241</timestamp>
			</report>
			<report>
				<misses>9498001</misses>
				<total>18</total>
				<timestamp>3131.206900</timestamp>
			</report>
			<report>
				<misses>9499001</misses>
				<total>18</total>
				<timestamp>3131.536572</timestamp>
			</report>
			<report>
				<misses>9500001</misses>
				<total>18</total>
				<timestamp>3131.866253</timestamp>
			</report>
			<report>
				<misses>9501001</misses>
				<total>18</total>
				<timestamp>3132.195945</timestamp>
			</report>
			<report>
				<misses>9502001</misses>
				<total>18</total>
				<timestamp>3132.525588</timestamp>
			</report>
			<report>
				<misses>9503001</misses>
				<total>18</total>
				<timestamp>3132.855284</timestamp>
			</report>
			<report>
				<misses>9504001</misses>
				<total>18</total>
				<timestamp>3133.184997</timestamp>
			</report>
			<report>
				<misses>9505001</misses>
				<total>18</total>
				<timestamp>3133.514613</timestamp>
			</report>
			<report>
				<misses>9506001</misses>
				<total>18</total>
				<timestamp>3133.844294</timestamp>
			</report>
			<report>
				<misses>9507001</misses>
				<total>18</total>
				<timestamp>3134.173988</timestamp>
			</report>
			<report>
				<misses>9508001</misses>
				<total>18</total>
				<timestamp>3134.503633</timestamp>
			</report>
			<report>
				<misses>9509001</misses>
				<total>18</total>
				<timestamp>3134.833282</timestamp>
			</report>
			<report>
				<misses>9510001</misses>
				<total>18</total>
				<timestamp>3135.163031</timestamp>
			</report>
			<report>
				<misses>9511001</misses>
				<total>19</total>
				<timestamp>3135.492659</timestamp>
			</report>
			<report>
				<misses>9512001</misses>
				<total>19</total>
				<timestamp>3135.822346</timestamp>
			</report>
			<report>
				<misses>9513001</misses>
				<total>19</total>
				<timestamp>3136.151963</timestamp>
			</report>
			<report>
				<misses>9514001</misses>
				<total>19</total>
				<timestamp>3136.481648</timestamp>
			</report>
			<report>
				<misses>9515001</misses>
				<total>19</total>
				<timestamp>3136.811349</timestamp>
			</report>
			<report>
				<misses>9516001</misses>
				<total>19</total>
				<timestamp>3137.140997</timestamp>
			</report>
			<report>
				<misses>9517001</misses>
				<total>19</total>
				<timestamp>3137.470632</timestamp>
			</report>
			<report>
				<misses>9518001</misses>
				<total>19</total>
				<timestamp>3137.800337</timestamp>
			</report>
			<report>
				<misses>9519001</misses>
				<total>19</total>
				<timestamp>3138.130011</timestamp>
			</report>
			<report>
				<misses>9520001</misses>
				<total>19</total>
				<timestamp>3138.459660</timestamp>
			</report>
			<report>
				<misses>9521001</misses>
				<total>19</total>
				<timestamp>3138.789345</timestamp>
			</report>
			<report>
				<misses>9522001</misses>
				<total>19</total>
				<timestamp>3139.119005</timestamp>
			</report>
			<report>
				<misses>9523001</misses>
				<total>19</total>
				<timestamp>3139.448650</timestamp>
			</report>
			<report>
				<misses>9524001</misses>
				<total>19</total>
				<timestamp>3139.778345</timestamp>
			</report>
			<report>
				<misses>9525001</misses>
				<total>19</total>
				<timestamp>3140.108025</timestamp>
			</report>
			<report>
				<misses>9526001</misses>
				<total>19</total>
				<timestamp>3140.437662</timestamp>
			</report>
			<report>
				<misses>9527001</misses>
				<total>19</total>
				<timestamp>3140.767360</timestamp>
			</report>
			<report>
				<misses>9528001</misses>
				<total>19</total>
				<timestamp>3141.097040</timestamp>
			</report>
			<report>
				<misses>9529001</misses>
				<total>19</total>
				<timestamp>3141.426684</timestamp>
			</report>
			<report>
				<misses>9530001</misses>
				<total>19</total>
				<timestamp>3141.756369</timestamp>
			</report>
			<report>
				<misses>9531001</misses>
				<total>19</total>
				<timestamp>3142.086018</timestamp>
			</report>
			<report>
				<misses>9532001</misses>
				<total>19</total>
				<timestamp>3142.415689</timestamp>
			</report>
			<report>
				<misses>9533001</misses>
				<total>19</total>
				<timestamp>3142.745377</timestamp>
			</report>
			<report>
				<misses>9534001</misses>
				<total>19</total>
				<timestamp>3143.075018</timestamp>
			</report>
			<report>
				<misses>9535001</misses>
				<total>19</total>
				<timestamp>3143.404694</timestamp>
			</report>
			<report>
				<misses>9536001</misses>
				<total>19</total>
				<timestamp>3143.734393</timestamp>
			</report>
			<report>
				<misses>9537001</misses>
				<total>19</total>
				<timestamp>3144.064056</timestamp>
			</report>
			<report>
				<misses>9538001</misses>
				<total>19</total>
				<timestamp>3144.393773</timestamp>
			</report>
			<report>
				<misses>9539001</misses>
				<total>19</total>
				<timestamp>3144.723418</timestamp>
			</report>
			<report>
				<misses>9540001</misses>
				<total>19</total>
				<timestamp>3145.053055</timestamp>
			</report>
			<report>
				<misses>9541001</misses>
				<total>19</total>
				<timestamp>3145.382761</timestamp>
			</report>
			<report>
				<misses>9542001</misses>
				<total>19</total>
				<timestamp>3145.712403</timestamp>
			</report>
			<report>
				<misses>9543001</misses>
				<total>19</total>
				<timestamp>3146.042065</timestamp>
			</report>
			<report>
				<misses>9544001</misses>
				<total>19</total>
				<timestamp>3146.371745</timestamp>
			</report>
			<report>
				<misses>9545001</misses>
				<total>19</total>
				<timestamp>3146.701416</timestamp>
			</report>
			<report>
				<misses>9546001</misses>
				<total>19</total>
				<timestamp>3147.031102</timestamp>
			</report>
			<report>
				<misses>9547001</misses>
				<total>19</total>
				<timestamp>3147.360744</timestamp>
			</report>
			<report>
				<misses>9548001</misses>
				<total>19</total>
				<timestamp>3147.690431</timestamp>
			</report>
			<report>
				<misses>9549001</misses>
				<total>19</total>
				<timestamp>3148.020131</timestamp>
			</report>
			<report>
				<misses>9550001</misses>
				<total>19</total>
				<timestamp>3148.349758</timestamp>
			</report>
			<report>
				<misses>9551001</misses>
				<total>19</total>
				<timestamp>3148.679418</timestamp>
			</report>
			<report>
				<misses>9552001</misses>
				<total>19</total>
				<timestamp>3149.009099</timestamp>
			</report>
			<report>
				<misses>9553001</misses>
				<total>19</total>
				<timestamp>3149.338742</timestamp>
			</report>
			<report>
				<misses>9554001</misses>
				<total>19</total>
				<timestamp>3149.668437</timestamp>
			</report>
			<report>
				<misses>9555001</misses>
				<total>19</total>
				<timestamp>3149.998116</timestamp>
			</report>
			<report>
				<misses>9556001</misses>
				<total>19</total>
				<timestamp>3150.327758</timestamp>
			</report>
			<report>
				<misses>9557001</misses>
				<total>19</total>
				<timestamp>3150.657434</timestamp>
			</report>
			<report>
				<misses>9558001</misses>
				<total>19</total>
				<timestamp>3150.987100</timestamp>
			</report>
			<report>
				<misses>9559001</misses>
				<total>19</total>
				<timestamp>3151.316798</timestamp>
			</report>
			<report>
				<misses>9560001</misses>
				<total>19</total>
				<timestamp>3151.646476</timestamp>
			</report>
			<report>
				<misses>9561001</misses>
				<total>19</total>
				<timestamp>3151.976129</timestamp>
			</report>
			<report>
				<misses>9562001</misses>
				<total>19</total>
				<timestamp>3152.305781</timestamp>
			</report>
			<report>
				<misses>9563001</misses>
				<total>19</total>
				<timestamp>3152.635516</timestamp>
			</report>
			<report>
				<misses>9564001</misses>
				<total>19</total>
				<timestamp>3152.965166</timestamp>
			</report>
			<report>
				<misses>9565001</misses>
				<total>19</total>
				<timestamp>3153.294788</timestamp>
			</report>
			<report>
				<misses>9566001</misses>
				<total>19</total>
				<timestamp>3153.624477</timestamp>
			</report>
			<report>
				<misses>9567001</misses>
				<total>19</total>
				<timestamp>3153.954127</timestamp>
			</report>
			<report>
				<misses>9568001</misses>
				<total>19</total>
				<timestamp>3154.283865</timestamp>
			</report>
			<report>
				<misses>9569001</misses>
				<total>19</total>
				<timestamp>3154.613473</timestamp>
			</report>
			<report>
				<misses>9570001</misses>
				<total>19</total>
				<timestamp>3154.943201</timestamp>
			</report>
			<report>
				<misses>9571001</misses>
				<total>19</total>
				<timestamp>3155.272824</timestamp>
			</report>
			<report>
				<misses>9572001</misses>
				<total>19</total>
				<timestamp>3155.602488</timestamp>
			</report>
			<report>
				<misses>9573001</misses>
				<total>19</total>
				<timestamp>3155.932180</timestamp>
			</report>
			<report>
				<misses>9574001</misses>
				<total>19</total>
				<timestamp>3156.261868</timestamp>
			</report>
			<report>
				<misses>9575001</misses>
				<total>19</total>
				<timestamp>3156.591500</timestamp>
			</report>
			<report>
				<misses>9576001</misses>
				<total>19</total>
				<timestamp>3156.921158</timestamp>
			</report>
			<report>
				<misses>9577001</misses>
				<total>19</total>
				<timestamp>3157.250881</timestamp>
			</report>
			<report>
				<misses>9578001</misses>
				<total>19</total>
				<timestamp>3157.580503</timestamp>
			</report>
			<report>
				<misses>9579001</misses>
				<total>19</total>
				<timestamp>3157.910217</timestamp>
			</report>
			<report>
				<misses>9580001</misses>
				<total>19</total>
				<timestamp>3158.239876</timestamp>
			</report>
			<report>
				<misses>9581001</misses>
				<total>19</total>
				<timestamp>3158.569512</timestamp>
			</report>
			<report>
				<misses>9582001</misses>
				<total>19</total>
				<timestamp>3158.899223</timestamp>
			</report>
			<report>
				<misses>9583001</misses>
				<total>19</total>
				<timestamp>3159.228925</timestamp>
			</report>
			<report>
				<misses>9584001</misses>
				<total>19</total>
				<timestamp>3159.558538</timestamp>
			</report>
			<report>
				<misses>9585001</misses>
				<total>19</total>
				<timestamp>3159.888217</timestamp>
			</report>
			<report>
				<misses>9586001</misses>
				<total>19</total>
				<timestamp>3160.217877</timestamp>
			</report>
			<report>
				<misses>9587001</misses>
				<total>19</total>
				<timestamp>3160.547549</timestamp>
			</report>
			<report>
				<misses>9588001</misses>
				<total>19</total>
				<timestamp>3160.877236</timestamp>
			</report>
			<report>
				<misses>9589001</misses>
				<total>19</total>
				<timestamp>3161.206920</timestamp>
			</report>
			<report>
				<misses>9590001</misses>
				<total>19</total>
				<timestamp>3161.536567</timestamp>
			</report>
			<report>
				<misses>9591001</misses>
				<total>19</total>
				<timestamp>3161.866227</timestamp>
			</report>
			<report>
				<misses>9592001</misses>
				<total>19</total>
				<timestamp>3162.195948</timestamp>
			</report>
			<report>
				<misses>9593001</misses>
				<total>19</total>
				<timestamp>3162.525552</timestamp>
			</report>
			<report>
				<misses>9594001</misses>
				<total>19</total>
				<timestamp>3162.855252</timestamp>
			</report>
			<report>
				<misses>9595001</misses>
				<total>19</total>
				<timestamp>3163.184972</timestamp>
			</report>
			<report>
				<misses>9596001</misses>
				<total>19</total>
				<timestamp>3163.514567</timestamp>
			</report>
			<report>
				<misses>9597001</misses>
				<total>19</total>
				<timestamp>3163.844275</timestamp>
			</report>
			<report>
				<misses>9598001</misses>
				<total>19</total>
				<timestamp>3164.173962</timestamp>
			</report>
			<report>
				<misses>9599001</misses>
				<total>19</total>
				<timestamp>3164.503600</timestamp>
			</report>
			<report>
				<misses>9600001</misses>
				<total>19</total>
				<timestamp>3164.833274</timestamp>
			</report>
			<report>
				<misses>9601001</misses>
				<total>19</total>
				<timestamp>3165.162937</timestamp>
			</report>
			<report>
				<misses>9602001</misses>
				<total>19</total>
				<timestamp>3165.492610</timestamp>
			</report>
			<report>
				<misses>9603001</misses>
				<total>19</total>
				<timestamp>3165.822329</timestamp>
			</report>
			<report>
				<misses>9604001</misses>
				<total>19</total>
				<timestamp>3166.151956</timestamp>
			</report>
			<report>
				<misses>9605001</misses>
				<total>19</total>
				<timestamp>3166.481601</timestamp>
			</report>
			<report>
				<misses>9606001</misses>
				<total>19</total>
				<timestamp>3166.811281</timestamp>
			</report>
			<report>
				<misses>9607001</misses>
				<total>19</total>
				<timestamp>3167.140966</timestamp>
			</report>
			<report>
				<misses>9608001</misses>
				<total>19</total>
				<timestamp>3167.470601</timestamp>
			</report>
			<report>
				<misses>9609001</misses>
				<total>19</total>
				<timestamp>3167.800291</timestamp>
			</report>
			<report>
				<misses>9610001</misses>
				<total>19</total>
				<timestamp>3168.129953</timestamp>
			</report>
			<report>
				<misses>9611001</misses>
				<total>19</total>
				<timestamp>3168.459622</timestamp>
			</report>
			<report>
				<misses>9612001</misses>
				<total>19</total>
				<timestamp>3168.789393</timestamp>
			</report>
			<report>
				<misses>9613001</misses>
				<total>19</total>
				<timestamp>3169.118943</timestamp>
			</report>
			<report>
				<misses>9614001</misses>
				<total>19</total>
				<timestamp>3169.448621</timestamp>
			</report>
			<report>
				<misses>9615001</misses>
				<total>19</total>
				<timestamp>3169.778289</timestamp>
			</report>
			<report>
				<misses>9616001</misses>
				<total>19</total>
				<timestamp>3170.108010</timestamp>
			</report>
			<report>
				<misses>9617001</misses>
				<total>19</total>
				<timestamp>3170.437643</timestamp>
			</report>
			<report>
				<misses>9618001</misses>
				<total>19</total>
				<timestamp>3170.767299</timestamp>
			</report>
			<report>
				<misses>9619001</misses>
				<total>19</total>
				<timestamp>3171.096981</timestamp>
			</report>
			<report>
				<misses>9620001</misses>
				<total>19</total>
				<timestamp>3171.426643</timestamp>
			</report>
			<report>
				<misses>9621001</misses>
				<total>19</total>
				<timestamp>3171.756320</timestamp>
			</report>
			<report>
				<misses>9622001</misses>
				<total>19</total>
				<timestamp>3172.086024</timestamp>
			</report>
			<report>
				<misses>9623001</misses>
				<total>19</total>
				<timestamp>3172.415662</timestamp>
			</report>
			<report>
				<misses>9624001</misses>
				<total>19</total>
				<timestamp>3172.745360</timestamp>
			</report>
			<report>
				<misses>9625001</misses>
				<total>19</total>
				<timestamp>3173.075014</timestamp>
			</report>
			<report>
				<misses>9626001</misses>
				<total>19</total>
				<timestamp>3173.404672</timestamp>
			</report>
			<report>
				<misses>9627001</misses>
				<total>19</total>
				<timestamp>3173.734338</timestamp>
			</report>
			<report>
				<misses>9628001</misses>
				<total>19</total>
				<timestamp>3174.064014</timestamp>
			</report>
			<report>
				<misses>9629001</misses>
				<total>19</total>
				<timestamp>3174.393736</timestamp>
			</report>
			<report>
				<misses>9630001</misses>
				<total>19</total>
				<timestamp>3174.723355</timestamp>
			</report>
			<report>
				<misses>9631001</misses>
				<total>19</total>
				<timestamp>3175.053028</timestamp>
			</report>
			<report>
				<misses>9632001</misses>
				<total>19</total>
				<timestamp>3175.382724</timestamp>
			</report>
			<report>
				<misses>9633001</misses>
				<total>19</total>
				<timestamp>3175.712357</timestamp>
			</report>
			<report>
				<misses>9634001</misses>
				<total>19</total>
				<timestamp>3176.042072</timestamp>
			</report>
			<report>
				<misses>9635001</misses>
				<total>19</total>
				<timestamp>3176.371793</timestamp>
			</report>
			<report>
				<misses>9636001</misses>
				<total>19</total>
				<timestamp>3176.701388</timestamp>
			</report>
			<report>
				<misses>9637001</misses>
				<total>19</total>
				<timestamp>3177.031112</timestamp>
			</report>
			<report>
				<misses>9638001</misses>
				<total>19</total>
				<timestamp>3177.360733</timestamp>
			</report>
			<report>
				<misses>9639001</misses>
				<total>19</total>
				<timestamp>3177.690371</timestamp>
			</report>
			<report>
				<misses>9640001</misses>
				<total>19</total>
				<timestamp>3178.020105</timestamp>
			</report>
			<report>
				<misses>9641001</misses>
				<total>19</total>
				<timestamp>3178.349766</timestamp>
			</report>
			<report>
				<misses>9642001</misses>
				<total>19</total>
				<timestamp>3178.679389</timestamp>
			</report>
			<report>
				<misses>9643001</misses>
				<total>19</total>
				<timestamp>3179.009101</timestamp>
			</report>
			<report>
				<misses>9644001</misses>
				<total>19</total>
				<timestamp>3179.338818</timestamp>
			</report>
			<report>
				<misses>9645001</misses>
				<total>19</total>
				<timestamp>3179.668399</timestamp>
			</report>
			<report>
				<misses>9646001</misses>
				<total>19</total>
				<timestamp>3179.998083</timestamp>
			</report>
			<report>
				<misses>9647001</misses>
				<total>19</total>
				<timestamp>3180.327765</timestamp>
			</report>
			<report>
				<misses>9648001</misses>
				<total>19</total>
				<timestamp>3180.657412</timestamp>
			</report>
			<report>
				<misses>9649001</misses>
				<total>19</total>
				<timestamp>3180.987102</timestamp>
			</report>
			<report>
				<misses>9650001</misses>
				<total>19</total>
				<timestamp>3181.316739</timestamp>
			</report>
			<report>
				<misses>9651001</misses>
				<total>19</total>
				<timestamp>3181.646426</timestamp>
			</report>
			<report>
				<misses>9652001</misses>
				<total>19</total>
				<timestamp>3181.976093</timestamp>
			</report>
			<report>
				<misses>9653001</misses>
				<total>19</total>
				<timestamp>3182.305754</timestamp>
			</report>
			<report>
				<misses>9654001</misses>
				<total>19</total>
				<timestamp>3182.635439</timestamp>
			</report>
			<report>
				<misses>9655001</misses>
				<total>19</total>
				<timestamp>3182.965125</timestamp>
			</report>
			<report>
				<misses>9656001</misses>
				<total>19</total>
				<timestamp>3183.294815</timestamp>
			</report>
			<report>
				<misses>9657001</misses>
				<total>19</total>
				<timestamp>3183.624433</timestamp>
			</report>
			<report>
				<misses>9658001</misses>
				<total>19</total>
				<timestamp>3183.954132</timestamp>
			</report>
			<report>
				<misses>9659001</misses>
				<total>19</total>
				<timestamp>3184.283779</timestamp>
			</report>
			<report>
				<misses>9660001</misses>
				<total>19</total>
				<timestamp>3184.613448</timestamp>
			</report>
			<report>
				<misses>9661001</misses>
				<total>19</total>
				<timestamp>3184.943169</timestamp>
			</report>
			<report>
				<misses>9662001</misses>
				<total>19</total>
				<timestamp>3185.272850</timestamp>
			</report>
			<report>
				<misses>9663001</misses>
				<total>19</total>
				<timestamp>3185.602458</timestamp>
			</report>
			<report>
				<misses>9664001</misses>
				<total>19</total>
				<timestamp>3185.932182</timestamp>
			</report>
			<report>
				<misses>9665001</misses>
				<total>19</total>
				<timestamp>3186.261855</timestamp>
			</report>
			<report>
				<misses>9666001</misses>
				<total>19</total>
				<timestamp>3186.591467</timestamp>
			</report>
			<report>
				<misses>9667001</misses>
				<total>19</total>
				<timestamp>3186.921197</timestamp>
			</report>
			<report>
				<misses>9668001</misses>
				<total>19</total>
				<timestamp>3187.250806</timestamp>
			</report>
			<report>
				<misses>9669001</misses>
				<total>19</total>
				<timestamp>3187.580505</timestamp>
			</report>
			<report>
				<misses>9670001</misses>
				<total>19</total>
				<timestamp>3187.910162</timestamp>
			</report>
			<report>
				<misses>9671001</misses>
				<total>19</total>
				<timestamp>3188.239820</timestamp>
			</report>
			<report>
				<misses>9672001</misses>
				<total>19</total>
				<timestamp>3188.569495</timestamp>
			</report>
			<report>
				<misses>9673001</misses>
				<total>19</total>
				<timestamp>3188.899175</timestamp>
			</report>
			<report>
				<misses>9674001</misses>
				<total>19</total>
				<timestamp>3189.228871</timestamp>
			</report>
			<report>
				<misses>9675001</misses>
				<total>19</total>
				<timestamp>3189.558502</timestamp>
			</report>
			<report>
				<misses>9676001</misses>
				<total>19</total>
				<timestamp>3189.888178</timestamp>
			</report>
			<report>
				<misses>9677001</misses>
				<total>19</total>
				<timestamp>3190.217855</timestamp>
			</report>
			<report>
				<misses>9678001</misses>
				<total>19</total>
				<timestamp>3190.547507</timestamp>
			</report>
			<report>
				<misses>9679001</misses>
				<total>19</total>
				<timestamp>3190.877180</timestamp>
			</report>
			<report>
				<misses>9680001</misses>
				<total>19</total>
				<timestamp>3191.206863</timestamp>
			</report>
			<report>
				<misses>9681001</misses>
				<total>19</total>
				<timestamp>3191.536539</timestamp>
			</report>
			<report>
				<misses>9682001</misses>
				<total>19</total>
				<timestamp>3191.866185</timestamp>
			</report>
			<report>
				<misses>9683001</misses>
				<total>19</total>
				<timestamp>3192.195863</timestamp>
			</report>
			<report>
				<misses>9684001</misses>
				<total>19</total>
				<timestamp>3192.525542</timestamp>
			</report>
			<report>
				<misses>9685001</misses>
				<total>19</total>
				<timestamp>3192.855259</timestamp>
			</report>
			<report>
				<misses>9686001</misses>
				<total>19</total>
				<timestamp>3193.184862</timestamp>
			</report>
			<report>
				<misses>9687001</misses>
				<total>19</total>
				<timestamp>3193.514549</timestamp>
			</report>
			<report>
				<misses>9688001</misses>
				<total>19</total>
				<timestamp>3193.844206</timestamp>
			</report>
			<report>
				<misses>9689001</misses>
				<total>19</total>
				<timestamp>3194.173879</timestamp>
			</report>
			<report>
				<misses>9690001</misses>
				<total>19</total>
				<timestamp>3194.503554</timestamp>
			</report>
			<report>
				<misses>9691001</misses>
				<total>19</total>
				<timestamp>3194.833223</timestamp>
			</report>
			<report>
				<misses>9692001</misses>
				<total>19</total>
				<timestamp>3195.162887</timestamp>
			</report>
			<report>
				<misses>9693001</misses>
				<total>19</total>
				<timestamp>3195.492542</timestamp>
			</report>
			<report>
				<misses>9694001</misses>
				<total>19</total>
				<timestamp>3195.822231</timestamp>
			</report>
			<report>
				<misses>9695001</misses>
				<total>19</total>
				<timestamp>3196.151918</timestamp>
			</report>
			<report>
				<misses>9696001</misses>
				<total>19</total>
				<timestamp>3196.481560</timestamp>
			</report>
			<report>
				<misses>9697001</misses>
				<total>19</total>
				<timestamp>3196.811283</timestamp>
			</report>
			<report>
				<misses>9698001</misses>
				<total>19</total>
				<timestamp>3197.140935</timestamp>
			</report>
			<report>
				<misses>9699001</misses>
				<total>19</total>
				<timestamp>3197.470577</timestamp>
			</report>
			<report>
				<misses>9700001</misses>
				<total>19</total>
				<timestamp>3197.800245</timestamp>
			</report>
			<report>
				<misses>9701001</misses>
				<total>19</total>
				<timestamp>3198.129928</timestamp>
			</report>
			<report>
				<misses>9702001</misses>
				<total>19</total>
				<timestamp>3198.459586</timestamp>
			</report>
			<report>
				<misses>9703001</misses>
				<total>19</total>
				<timestamp>3198.789283</timestamp>
			</report>
			<report>
				<misses>9704001</misses>
				<total>19</total>
				<timestamp>3199.118948</timestamp>
			</report>
			<report>
				<misses>9705001</misses>
				<total>19</total>
				<timestamp>3199.448601</timestamp>
			</report>
			<report>
				<misses>9706001</misses>
				<total>19</total>
				<timestamp>3199.778267</timestamp>
			</report>
			<report>
				<misses>9707001</misses>
				<total>19</total>
				<timestamp>3200.107953</timestamp>
			</report>
			<report>
				<misses>9708001</misses>
				<total>19</total>
				<timestamp>3200.437687</timestamp>
			</report>
			<report>
				<misses>9709001</misses>
				<total>19</total>
				<timestamp>3200.767298</timestamp>
			</report>
			<report>
				<misses>9710001</misses>
				<total>19</total>
				<timestamp>3201.096975</timestamp>
			</report>
			<report>
				<misses>9711001</misses>
				<total>19</total>
				<timestamp>3201.426634</timestamp>
			</report>
			<report>
				<misses>9712001</misses>
				<total>19</total>
				<timestamp>3201.756294</timestamp>
			</report>
			<report>
				<misses>9713001</misses>
				<total>19</total>
				<timestamp>3202.085962</timestamp>
			</report>
			<report>
				<misses>9714001</misses>
				<total>19</total>
				<timestamp>3202.415665</timestamp>
			</report>
			<report>
				<misses>9715001</misses>
				<total>19</total>
				<timestamp>3202.745316</timestamp>
			</report>
			<report>
				<misses>9716001</misses>
				<total>19</total>
				<timestamp>3203.074991</timestamp>
			</report>
			<report>
				<misses>9717001</misses>
				<total>19</total>
				<timestamp>3203.404656</timestamp>
			</report>
			<report>
				<misses>9718001</misses>
				<total>19</total>
				<timestamp>3203.734317</timestamp>
			</report>
			<report>
				<misses>9719001</misses>
				<total>19</total>
				<timestamp>3204.063985</timestamp>
			</report>
			<report>
				<misses>9720001</misses>
				<total>19</total>
				<timestamp>3204.393686</timestamp>
			</report>
			<report>
				<misses>9721001</misses>
				<total>19</total>
				<timestamp>3204.723334</timestamp>
			</report>
			<report>
				<misses>9722001</misses>
				<total>19</total>
				<timestamp>3205.053014</timestamp>
			</report>
			<report>
				<misses>9723001</misses>
				<total>19</total>
				<timestamp>3205.382671</timestamp>
			</report>
			<report>
				<misses>9724001</misses>
				<total>19</total>
				<timestamp>3205.712345</timestamp>
			</report>
			<report>
				<misses>9725001</misses>
				<total>19</total>
				<timestamp>3206.042005</timestamp>
			</report>
			<report>
				<misses>9726001</misses>
				<total>19</total>
				<timestamp>3206.371677</timestamp>
			</report>
			<report>
				<misses>9727001</misses>
				<total>19</total>
				<timestamp>3206.701336</timestamp>
			</report>
			<report>
				<misses>9728001</misses>
				<total>19</total>
				<timestamp>3207.031031</timestamp>
			</report>
			<report>
				<misses>9729001</misses>
				<total>19</total>
				<timestamp>3207.360724</timestamp>
			</report>
			<report>
				<misses>9730001</misses>
				<total>19</total>
				<timestamp>3207.690344</timestamp>
			</report>
			<report>
				<misses>9731001</misses>
				<total>19</total>
				<timestamp>3208.020052</timestamp>
			</report>
			<report>
				<misses>9732001</misses>
				<total>19</total>
				<timestamp>3208.349690</timestamp>
			</report>
			<report>
				<misses>9733001</misses>
				<total>19</total>
				<timestamp>3208.679372</timestamp>
			</report>
			<report>
				<misses>9734001</misses>
				<total>19</total>
				<timestamp>3209.009051</timestamp>
			</report>
			<report>
				<misses>9735001</misses>
				<total>19</total>
				<timestamp>3209.338726</timestamp>
			</report>
			<report>
				<misses>9736001</misses>
				<total>19</total>
				<timestamp>3209.668376</timestamp>
			</report>
			<report>
				<misses>9737001</misses>
				<total>19</total>
				<timestamp>3209.998060</timestamp>
			</report>
			<report>
				<misses>9738001</misses>
				<total>19</total>
				<timestamp>3210.327718</timestamp>
			</report>
			<report>
				<misses>9739001</misses>
				<total>19</total>
				<timestamp>3210.657388</timestamp>
			</report>
			<report>
				<misses>9740001</misses>
				<total>19</total>
				<timestamp>3210.987061</timestamp>
			</report>
			<report>
				<misses>9741001</misses>
				<total>19</total>
				<timestamp>3211.316744</timestamp>
			</report>
			<report>
				<misses>9742001</misses>
				<total>19</total>
				<timestamp>3211.646434</timestamp>
			</report>
			<report>
				<misses>9743001</misses>
				<total>19</total>
				<timestamp>3211.976128</timestamp>
			</report>
			<report>
				<misses>9744001</misses>
				<total>19</total>
				<timestamp>3212.305727</timestamp>
			</report>
			<report>
				<misses>9745001</misses>
				<total>19</total>
				<timestamp>3212.635409</timestamp>
			</report>
			<report>
				<misses>9746001</misses>
				<total>19</total>
				<timestamp>3212.965067</timestamp>
			</report>
			<report>
				<misses>9747001</misses>
				<total>19</total>
				<timestamp>3213.294781</timestamp>
			</report>
			<report>
				<misses>9748001</misses>
				<total>19</total>
				<timestamp>3213.624413</timestamp>
			</report>
			<report>
				<misses>9749001</misses>
				<total>19</total>
				<timestamp>3213.954078</timestamp>
			</report>
			<report>
				<misses>9750001</misses>
				<total>19</total>
				<timestamp>3214.283753</timestamp>
			</report>
			<report>
				<misses>9751001</misses>
				<total>19</total>
				<timestamp>3214.613413</timestamp>
			</report>
			<report>
				<misses>9752001</misses>
				<total>19</total>
				<timestamp>3214.943112</timestamp>
			</report>
			<report>
				<misses>9753001</misses>
				<total>19</total>
				<timestamp>3215.272775</timestamp>
			</report>
			<report>
				<misses>9754001</misses>
				<total>19</total>
				<timestamp>3215.602419</timestamp>
			</report>
			<report>
				<misses>9755001</misses>
				<total>19</total>
				<timestamp>3215.932089</timestamp>
			</report>
			<report>
				<misses>9756001</misses>
				<total>19</total>
				<timestamp>3216.261786</timestamp>
			</report>
			<report>
				<misses>9757001</misses>
				<total>19</total>
				<timestamp>3216.591444</timestamp>
			</report>
			<report>
				<misses>9758001</misses>
				<total>19</total>
				<timestamp>3216.921107</timestamp>
			</report>
			<report>
				<misses>9759001</misses>
				<total>19</total>
				<timestamp>3217.250784</timestamp>
			</report>
			<report>
				<misses>9760001</misses>
				<total>19</total>
				<timestamp>3217.580445</timestamp>
			</report>
			<report>
				<misses>9761001</misses>
				<total>19</total>
				<timestamp>3217.910135</timestamp>
			</report>
			<report>
				<misses>9762001</misses>
				<total>19</total>
				<timestamp>3218.239799</timestamp>
			</report>
			<report>
				<misses>9763001</misses>
				<total>19</total>
				<timestamp>3218.569483</timestamp>
			</report>
			<report>
				<misses>9764001</misses>
				<total>19</total>
				<timestamp>3218.899120</timestamp>
			</report>
			<report>
				<misses>9765001</misses>
				<total>19</total>
				<timestamp>3219.228864</timestamp>
			</report>
			<report>
				<misses>9766001</misses>
				<total>19</total>
				<timestamp>3219.558546</timestamp>
			</report>
			<report>
				<misses>9767001</misses>
				<total>19</total>
				<timestamp>3219.888149</timestamp>
			</report>
			<report>
				<misses>9768001</misses>
				<total>19</total>
				<timestamp>3220.217842</timestamp>
			</report>
			<report>
				<misses>9769001</misses>
				<total>19</total>
				<timestamp>3220.547485</timestamp>
			</report>
			<report>
				<misses>9770001</misses>
				<total>19</total>
				<timestamp>3220.877147</timestamp>
			</report>
			<report>
				<misses>9771001</misses>
				<total>19</total>
				<timestamp>3221.206839</timestamp>
			</report>
			<report>
				<misses>9772001</misses>
				<total>19</total>
				<timestamp>3221.536521</timestamp>
			</report>
			<report>
				<misses>9773001</misses>
				<total>19</total>
				<timestamp>3221.866185</timestamp>
			</report>
			<report>
				<misses>9774001</misses>
				<total>19</total>
				<timestamp>3222.195837</timestamp>
			</report>
			<report>
				<misses>9775001</misses>
				<total>19</total>
				<timestamp>3222.525575</timestamp>
			</report>
			<report>
				<misses>9776001</misses>
				<total>19</total>
				<timestamp>3222.855189</timestamp>
			</report>
			<report>
				<misses>9777001</misses>
				<total>19</total>
				<timestamp>3223.184838</timestamp>
			</report>
			<report>
				<misses>9778001</misses>
				<total>19</total>
				<timestamp>3223.514540</timestamp>
			</report>
			<report>
				<misses>9779001</misses>
				<total>19</total>
				<timestamp>3223.844186</timestamp>
			</report>
			<report>
				<misses>9780001</misses>
				<total>19</total>
				<timestamp>3224.173870</timestamp>
			</report>
			<report>
				<misses>9781001</misses>
				<total>19</total>
				<timestamp>3224.503608</timestamp>
			</report>
			<report>
				<misses>9782001</misses>
				<total>19</total>
				<timestamp>3224.833190</timestamp>
			</report>
			<report>
				<misses>9783001</misses>
				<total>19</total>
				<timestamp>3225.162887</timestamp>
			</report>
			<report>
				<misses>9784001</misses>
				<total>19</total>
				<timestamp>3225.492596</timestamp>
			</report>
			<report>
				<misses>9785001</misses>
				<total>19</total>
				<timestamp>3225.822201</timestamp>
			</report>
			<report>
				<misses>9786001</misses>
				<total>19</total>
				<timestamp>3226.151857</timestamp>
			</report>
			<report>
				<misses>9787001</misses>
				<total>19</total>
				<timestamp>3226.481554</timestamp>
			</report>
			<report>
				<misses>9788001</misses>
				<total>19</total>
				<timestamp>3226.811216</timestamp>
			</report>
			<report>
				<misses>9789001</misses>
				<total>19</total>
				<timestamp>3227.140879</timestamp>
			</report>
			<report>
				<misses>9790001</misses>
				<total>19</total>
				<timestamp>3227.470557</timestamp>
			</report>
			<report>
				<misses>9791001</misses>
				<total>19</total>
				<timestamp>3227.800218</timestamp>
			</report>
			<report>
				<misses>9792001</misses>
				<total>19</total>
				<timestamp>3228.129911</timestamp>
			</report>
			<report>
				<misses>9793001</misses>
				<total>19</total>
				<timestamp>3228.459633</timestamp>
			</report>
			<report>
				<misses>9794001</misses>
				<total>19</total>
				<timestamp>3228.789236</timestamp>
			</report>
			<report>
				<misses>9795001</misses>
				<total>19</total>
				<timestamp>3229.118911</timestamp>
			</report>
			<report>
				<misses>9796001</misses>
				<total>19</total>
				<timestamp>3229.448587</timestamp>
			</report>
			<report>
				<misses>9797001</misses>
				<total>19</total>
				<timestamp>3229.778251</timestamp>
			</report>
			<report>
				<misses>9798001</misses>
				<total>19</total>
				<timestamp>3230.107927</timestamp>
			</report>
			<report>
				<misses>9799001</misses>
				<total>19</total>
				<timestamp>3230.437637</timestamp>
			</report>
			<report>
				<misses>9800001</misses>
				<total>19</total>
				<timestamp>3230.767270</timestamp>
			</report>
			<report>
				<misses>9801001</misses>
				<total>19</total>
				<timestamp>3231.096922</timestamp>
			</report>
			<report>
				<misses>9802001</misses>
				<total>19</total>
				<timestamp>3231.426604</timestamp>
			</report>
			<report>
				<misses>9803001</misses>
				<total>19</total>
				<timestamp>3231.756278</timestamp>
			</report>
			<report>
				<misses>9804001</misses>
				<total>19</total>
				<timestamp>3232.085934</timestamp>
			</report>
			<report>
				<misses>9805001</misses>
				<total>19</total>
				<timestamp>3232.415609</timestamp>
			</report>
			<report>
				<misses>9806001</misses>
				<total>19</total>
				<timestamp>3232.745279</timestamp>
			</report>
			<report>
				<misses>9807001</misses>
				<total>19</total>
				<timestamp>3233.074977</timestamp>
			</report>
			<report>
				<misses>9808001</misses>
				<total>19</total>
				<timestamp>3233.404610</timestamp>
			</report>
			<report>
				<misses>9809001</misses>
				<total>19</total>
				<timestamp>3233.734280</timestamp>
			</report>
			<report>
				<misses>9810001</misses>
				<total>19</total>
				<timestamp>3234.063950</timestamp>
			</report>
			<report>
				<misses>9811001</misses>
				<total>19</total>
				<timestamp>3234.393682</timestamp>
			</report>
			<report>
				<misses>9812001</misses>
				<total>19</total>
				<timestamp>3234.723306</timestamp>
			</report>
			<report>
				<misses>9813001</misses>
				<total>19</total>
				<timestamp>3235.052966</timestamp>
			</report>
			<report>
				<misses>9814001</misses>
				<total>19</total>
				<timestamp>3235.382629</timestamp>
			</report>
			<report>
				<misses>9815001</misses>
				<total>19</total>
				<timestamp>3235.712298</timestamp>
			</report>
			<report>
				<misses>9816001</misses>
				<total>19</total>
				<timestamp>3236.041961</timestamp>
			</report>
			<report>
				<misses>9817001</misses>
				<total>19</total>
				<timestamp>3236.371645</timestamp>
			</report>
			<report>
				<misses>9818001</misses>
				<total>19</total>
				<timestamp>3236.701297</timestamp>
			</report>
			<report>
				<misses>9819001</misses>
				<total>19</total>
				<timestamp>3237.030972</timestamp>
			</report>
			<report>
				<misses>9820001</misses>
				<total>19</total>
				<timestamp>3237.360667</timestamp>
			</report>
			<report>
				<misses>9821001</misses>
				<total>19</total>
				<timestamp>3237.690307</timestamp>
			</report>
			<report>
				<misses>9822001</misses>
				<total>19</total>
				<timestamp>3238.019993</timestamp>
			</report>
			<report>
				<misses>9823001</misses>
				<total>19</total>
				<timestamp>3238.349687</timestamp>
			</report>
			<report>
				<misses>9824001</misses>
				<total>19</total>
				<timestamp>3238.679325</timestamp>
			</report>
			<report>
				<misses>9825001</misses>
				<total>19</total>
				<timestamp>3239.008995</timestamp>
			</report>
			<report>
				<misses>9826001</misses>
				<total>19</total>
				<timestamp>3239.338684</timestamp>
			</report>
			<report>
				<misses>9827001</misses>
				<total>19</total>
				<timestamp>3239.668336</timestamp>
			</report>
			<report>
				<misses>9828001</misses>
				<total>19</total>
				<timestamp>3239.998000</timestamp>
			</report>
			<report>
				<misses>9829001</misses>
				<total>19</total>
				<timestamp>3240.327725</timestamp>
			</report>
			<report>
				<misses>9830001</misses>
				<total>19</total>
				<timestamp>3240.657342</timestamp>
			</report>
			<report>
				<misses>9831001</misses>
				<total>19</total>
				<timestamp>3240.987013</timestamp>
			</report>
			<report>
				<misses>9832001</misses>
				<total>19</total>
				<timestamp>3241.316696</timestamp>
			</report>
			<report>
				<misses>9833001</misses>
				<total>19</total>
				<timestamp>3241.646354</timestamp>
			</report>
			<report>
				<misses>9834001</misses>
				<total>19</total>
				<timestamp>3241.976020</timestamp>
			</report>
			<report>
				<misses>9835001</misses>
				<total>19</total>
				<timestamp>3242.305755</timestamp>
			</report>
			<report>
				<misses>9836001</misses>
				<total>19</total>
				<timestamp>3242.635363</timestamp>
			</report>
			<report>
				<misses>9837001</misses>
				<total>19</total>
				<timestamp>3242.965063</timestamp>
			</report>
			<report>
				<misses>9838001</misses>
				<total>19</total>
				<timestamp>3243.294733</timestamp>
			</report>
			<report>
				<misses>9839001</misses>
				<total>19</total>
				<timestamp>3243.624419</timestamp>
			</report>
			<report>
				<misses>9840001</misses>
				<total>19</total>
				<timestamp>3243.954053</timestamp>
			</report>
			<report>
				<misses>9841001</misses>
				<total>19</total>
				<timestamp>3244.283712</timestamp>
			</report>
			<report>
				<misses>9842001</misses>
				<total>19</total>
				<timestamp>3244.613386</timestamp>
			</report>
			<report>
				<misses>9843001</misses>
				<total>19</total>
				<timestamp>3244.943045</timestamp>
			</report>
			<report>
				<misses>9844001</misses>
				<total>19</total>
				<timestamp>3245.272740</timestamp>
			</report>
			<report>
				<misses>9845001</misses>
				<total>19</total>
				<timestamp>3245.602397</timestamp>
			</report>
			<report>
				<misses>9846001</misses>
				<total>19</total>
				<timestamp>3245.932079</timestamp>
			</report>
			<report>
				<misses>9847001</misses>
				<total>19</total>
				<timestamp>3246.261738</timestamp>
			</report>
			<report>
				<misses>9848001</misses>
				<total>19</total>
				<timestamp>3246.591459</timestamp>
			</report>
			<report>
				<misses>9849001</misses>
				<total>19</total>
				<timestamp>3246.921099</timestamp>
			</report>
			<report>
				<misses>9850001</misses>
				<total>19</total>
				<timestamp>3247.250760</timestamp>
			</report>
			<report>
				<misses>9851001</misses>
				<total>19</total>
				<timestamp>3247.580471</timestamp>
			</report>
			<report>
				<misses>9852001</misses>
				<total>19</total>
				<timestamp>3247.910109</timestamp>
			</report>
			<report>
				<misses>9853001</misses>
				<total>19</total>
				<timestamp>3248.239784</timestamp>
			</report>
			<report>
				<misses>9854001</misses>
				<total>19</total>
				<timestamp>3248.569444</timestamp>
			</report>
			<report>
				<misses>9855001</misses>
				<total>19</total>
				<timestamp>3248.899096</timestamp>
			</report>
			<report>
				<misses>9856001</misses>
				<total>19</total>
				<timestamp>3249.228828</timestamp>
			</report>
			<report>
				<misses>9857001</misses>
				<total>19</total>
				<timestamp>3249.558537</timestamp>
			</report>
			<report>
				<misses>9858001</misses>
				<total>19</total>
				<timestamp>3249.888105</timestamp>
			</report>
			<report>
				<misses>9859001</misses>
				<total>19</total>
				<timestamp>3250.217785</timestamp>
			</report>
			<report>
				<misses>9860001</misses>
				<total>19</total>
				<timestamp>3250.547515</timestamp>
			</report>
			<report>
				<misses>9861001</misses>
				<total>19</total>
				<timestamp>3250.877181</timestamp>
			</report>
			<report>
				<misses>9862001</misses>
				<total>19</total>
				<timestamp>3251.206804</timestamp>
			</report>
			<report>
				<misses>9863001</misses>
				<total>19</total>
				<timestamp>3251.536457</timestamp>
			</report>
			<report>
				<misses>9864001</misses>
				<total>19</total>
				<timestamp>3251.866131</timestamp>
			</report>
			<report>
				<misses>9865001</misses>
				<total>19</total>
				<timestamp>3252.195813</timestamp>
			</report>
			<report>
				<misses>9866001</misses>
				<total>19</total>
				<timestamp>3252.525530</timestamp>
			</report>
			<report>
				<misses>9867001</misses>
				<total>19</total>
				<timestamp>3252.855140</timestamp>
			</report>
			<report>
				<misses>9868001</misses>
				<total>19</total>
				<timestamp>3253.184803</timestamp>
			</report>
			<report>
				<misses>9869001</misses>
				<total>19</total>
				<timestamp>3253.514512</timestamp>
			</report>
			<report>
				<misses>9870001</misses>
				<total>19</total>
				<timestamp>3253.844192</timestamp>
			</report>
			<report>
				<misses>9871001</misses>
				<total>19</total>
				<timestamp>3254.173821</timestamp>
			</report>
			<report>
				<misses>9872001</misses>
				<total>19</total>
				<timestamp>3254.503548</timestamp>
			</report>
			<report>
				<misses>9873001</misses>
				<total>19</total>
				<timestamp>3254.833156</timestamp>
			</report>
			<report>
				<misses>9874001</misses>
				<total>19</total>
				<timestamp>3255.162826</timestamp>
			</report>
			<report>
				<misses>9875001</misses>
				<total>19</total>
				<timestamp>3255.492534</timestamp>
			</report>
			<report>
				<misses>9876001</misses>
				<total>19</total>
				<timestamp>3255.822193</timestamp>
			</report>
			<report>
				<misses>9877001</misses>
				<total>19</total>
				<timestamp>3256.151850</timestamp>
			</report>
			<report>
				<misses>9878001</misses>
				<total>19</total>
				<timestamp>3256.481523</timestamp>
			</report>
			<report>
				<misses>9879001</misses>
				<total>19</total>
				<timestamp>3256.811183</timestamp>
			</report>
			<report>
				<misses>9880001</misses>
				<total>19</total>
				<timestamp>3257.140861</timestamp>
			</report>
			<report>
				<misses>9881001</misses>
				<total>19</total>
				<timestamp>3257.470545</timestamp>
			</report>
			<report>
				<misses>9882001</misses>
				<total>19</total>
				<timestamp>3257.800188</timestamp>
			</report>
			<report>
				<misses>9883001</misses>
				<total>19</total>
				<timestamp>3258.129854</timestamp>
			</report>
			<report>
				<misses>9884001</misses>
				<total>19</total>
				<timestamp>3258.459564</timestamp>
			</report>
			<report>
				<misses>9885001</misses>
				<total>19</total>
				<timestamp>3258.789232</timestamp>
			</report>
			<report>
				<misses>9886001</misses>
				<total>19</total>
				<timestamp>3259.118873</timestamp>
			</report>
			<report>
				<misses>9887001</misses>
				<total>19</total>
				<timestamp>3259.448573</timestamp>
			</report>
			<report>
				<misses>9888001</misses>
				<total>19</total>
				<timestamp>3259.778218</timestamp>
			</report>
			<report>
				<misses>9889001</misses>
				<total>19</total>
				<timestamp>3260.107877</timestamp>
			</report>
			<report>
				<misses>9890001</misses>
				<total>19</total>
				<timestamp>3260.437599</timestamp>
			</report>
			<report>
				<misses>9891001</misses>
				<total>19</total>
				<timestamp>3260.767243</timestamp>
			</report>
			<report>
				<misses>9892001</misses>
				<total>19</total>
				<timestamp>3261.096898</timestamp>
			</report>
			<report>
				<misses>9893001</misses>
				<total>19</total>
				<timestamp>3261.426569</timestamp>
			</report>
			<report>
				<misses>9894001</misses>
				<total>19</total>
				<timestamp>3261.756244</timestamp>
			</report>
			<report>
				<misses>9895001</misses>
				<total>19</total>
				<timestamp>3262.085890</timestamp>
			</report>
			<report>
				<misses>9896001</misses>
				<total>19</total>
				<timestamp>3262.415578</timestamp>
			</report>
			<report>
				<misses>9897001</misses>
				<total>19</total>
				<timestamp>3262.745228</timestamp>
			</report>
			<report>
				<misses>9898001</misses>
				<total>19</total>
				<timestamp>3263.074901</timestamp>
			</report>
			<report>
				<misses>9899001</misses>
				<total>19</total>
				<timestamp>3263.404607</timestamp>
			</report>
			<report>
				<misses>9900001</misses>
				<total>19</total>
				<timestamp>3263.734255</timestamp>
			</report>
			<report>
				<misses>9901001</misses>
				<total>19</total>
				<timestamp>3264.063910</timestamp>
			</report>
			<report>
				<misses>9902001</misses>
				<total>19</total>
				<timestamp>3264.393617</timestamp>
			</report>
			<report>
				<misses>9903001</misses>
				<total>19</total>
				<timestamp>3264.723264</timestamp>
			</report>
			<report>
				<misses>9904001</misses>
				<total>19</total>
				<timestamp>3265.052921</timestamp>
			</report>
			<report>
				<misses>9905001</misses>
				<total>19</total>
				<timestamp>3265.382602</timestamp>
			</report>
			<report>
				<misses>9906001</misses>
				<total>19</total>
				<timestamp>3265.712286</timestamp>
			</report>
			<report>
				<misses>9907001</misses>
				<total>19</total>
				<timestamp>3266.041921</timestamp>
			</report>
			<report>
				<misses>9908001</misses>
				<total>19</total>
				<timestamp>3266.371658</timestamp>
			</report>
			<report>
				<misses>9909001</misses>
				<total>19</total>
				<timestamp>3266.701337</timestamp>
			</report>
			<report>
				<misses>9910001</misses>
				<total>19</total>
				<timestamp>3267.030942</timestamp>
			</report>
			<report>
				<misses>9911001</misses>
				<total>19</total>
				<timestamp>3267.360649</timestamp>
			</report>
			<report>
				<misses>9912001</misses>
				<total>19</total>
				<timestamp>3267.690287</timestamp>
			</report>
			<report>
				<misses>9913001</misses>
				<total>19</total>
				<timestamp>3268.019960</timestamp>
			</report>
			<report>
				<misses>9914001</misses>
				<total>19</total>
				<timestamp>3268.349637</timestamp>
			</report>
			<report>
				<misses>9915001</misses>
				<total>19</total>
				<timestamp>3268.679321</timestamp>
			</report>
			<report>
				<misses>9916001</misses>
				<total>19</total>
				<timestamp>3269.008974</timestamp>
			</report>
			<report>
				<misses>9917001</misses>
				<total>19</total>
				<timestamp>3269.338652</timestamp>
			</report>
			<report>
				<misses>9918001</misses>
				<total>19</total>
				<timestamp>3269.668321</timestamp>
			</report>
			<report>
				<misses>9919001</misses>
				<total>19</total>
				<timestamp>3269.997986</timestamp>
			</report>
			<report>
				<misses>9920001</misses>
				<total>19</total>
				<timestamp>3270.327635</timestamp>
			</report>
			<report>
				<misses>9921001</misses>
				<total>19</total>
				<timestamp>3270.657307</timestamp>
			</report>
			<report>
				<misses>9922001</misses>
				<total>19</total>
				<timestamp>3270.986989</timestamp>
			</report>
			<report>
				<misses>9923001</misses>
				<total>19</total>
				<timestamp>3271.316660</timestamp>
			</report>
			<report>
				<misses>9924001</misses>
				<total>19</total>
				<timestamp>3271.646361</timestamp>
			</report>
			<report>
				<misses>9925001</misses>
				<total>19</total>
				<timestamp>3271.976018</timestamp>
			</report>
			<report>
				<misses>9926001</misses>
				<total>19</total>
				<timestamp>3272.305674</timestamp>
			</report>
			<report>
				<misses>9927001</misses>
				<total>19</total>
				<timestamp>3272.635374</timestamp>
			</report>
			<report>
				<misses>9928001</misses>
				<total>19</total>
				<timestamp>3272.965034</timestamp>
			</report>
			<report>
				<misses>9929001</misses>
				<total>19</total>
				<timestamp>3273.294687</timestamp>
			</report>
			<report>
				<misses>9930001</misses>
				<total>19</total>
				<timestamp>3273.624421</timestamp>
			</report>
			<report>
				<misses>9931001</misses>
				<total>19</total>
				<timestamp>3273.954017</timestamp>
			</report>
			<report>
				<misses>9932001</misses>
				<total>19</total>
				<timestamp>3274.283688</timestamp>
			</report>
			<report>
				<misses>9933001</misses>
				<total>19</total>
				<timestamp>3274.613420</timestamp>
			</report>
			<report>
				<misses>9934001</misses>
				<total>19</total>
				<timestamp>3274.943030</timestamp>
			</report>
			<report>
				<misses>9935001</misses>
				<total>19</total>
				<timestamp>3275.272689</timestamp>
			</report>
			<report>
				<misses>9936001</misses>
				<total>19</total>
				<timestamp>3275.602374</timestamp>
			</report>
			<report>
				<misses>9937001</misses>
				<total>19</total>
				<timestamp>3275.932052</timestamp>
			</report>
			<report>
				<misses>9938001</misses>
				<total>19</total>
				<timestamp>3276.261705</timestamp>
			</report>
			<report>
				<misses>9939001</misses>
				<total>19</total>
				<timestamp>3276.591463</timestamp>
			</report>
			<report>
				<misses>9940001</misses>
				<total>19</total>
				<timestamp>3276.921068</timestamp>
			</report>
			<report>
				<misses>9941001</misses>
				<total>19</total>
				<timestamp>3277.250726</timestamp>
			</report>
			<report>
				<misses>9942001</misses>
				<total>19</total>
				<timestamp>3277.580405</timestamp>
			</report>
			<report>
				<misses>9943001</misses>
				<total>19</total>
				<timestamp>3277.910058</timestamp>
			</report>
			<report>
				<misses>9944001</misses>
				<total>19</total>
				<timestamp>3278.239799</timestamp>
			</report>
			<report>
				<misses>9945001</misses>
				<total>19</total>
				<timestamp>3278.569410</timestamp>
			</report>
			<report>
				<misses>9946001</misses>
				<total>19</total>
				<timestamp>3278.899059</timestamp>
			</report>
			<report>
				<misses>9947001</misses>
				<total>19</total>
				<timestamp>3279.228725</timestamp>
			</report>
			<report>
				<misses>9948001</misses>
				<total>19</total>
				<timestamp>3279.558458</timestamp>
			</report>
			<report>
				<misses>9949001</misses>
				<total>19</total>
				<timestamp>3279.888072</timestamp>
			</report>
			<report>
				<misses>9950001</misses>
				<total>19</total>
				<timestamp>3280.217761</timestamp>
			</report>
			<report>
				<misses>9951001</misses>
				<total>19</total>
				<timestamp>3280.547475</timestamp>
			</report>
			<report>
				<misses>9952001</misses>
				<total>19</total>
				<timestamp>3280.877101</timestamp>
			</report>
			<report>
				<misses>9953001</misses>
				<total>19</total>
				<timestamp>3281.206752</timestamp>
			</report>
			<report>
				<misses>9954001</misses>
				<total>19</total>
				<timestamp>3281.536530</timestamp>
			</report>
			<report>
				<misses>9955001</misses>
				<total>19</total>
				<timestamp>3281.866109</timestamp>
			</report>
			<report>
				<misses>9956001</misses>
				<total>19</total>
				<timestamp>3282.195764</timestamp>
			</report>
			<report>
				<misses>9957001</misses>
				<total>19</total>
				<timestamp>3282.525473</timestamp>
			</report>
			<report>
				<misses>9958001</misses>
				<total>19</total>
				<timestamp>3282.855104</timestamp>
			</report>
			<report>
				<misses>9959001</misses>
				<total>19</total>
				<timestamp>3283.184789</timestamp>
			</report>
			<report>
				<misses>9960001</misses>
				<total>19</total>
				<timestamp>3283.514471</timestamp>
			</report>
			<report>
				<misses>9961001</misses>
				<total>19</total>
				<timestamp>3283.844124</timestamp>
			</report>
			<report>
				<misses>9962001</misses>
				<total>19</total>
				<timestamp>3284.173784</timestamp>
			</report>
			<report>
				<misses>9963001</misses>
				<total>19</total>
				<timestamp>3284.503452</timestamp>
			</report>
			<report>
				<misses>9964001</misses>
				<total>19</total>
				<timestamp>3284.833131</timestamp>
			</report>
			<report>
				<misses>9965001</misses>
				<total>19</total>
				<timestamp>3285.162801</timestamp>
			</report>
			<report>
				<misses>9966001</misses>
				<total>19</total>
				<timestamp>3285.492487</timestamp>
			</report>
			<report>
				<misses>9967001</misses>
				<total>19</total>
				<timestamp>3285.822141</timestamp>
			</report>
			<report>
				<misses>9968001</misses>
				<total>19</total>
				<timestamp>3286.151797</timestamp>
			</report>
			<report>
				<misses>9969001</misses>
				<total>19</total>
				<timestamp>3286.481476</timestamp>
			</report>
			<report>
				<misses>9970001</misses>
				<total>19</total>
				<timestamp>3286.811138</timestamp>
			</report>
			<report>
				<misses>9971001</misses>
				<total>19</total>
				<timestamp>3287.140827</timestamp>
			</report>
			<report>
				<misses>9972001</misses>
				<total>19</total>
				<timestamp>3287.470543</timestamp>
			</report>
			<report>
				<misses>9973001</misses>
				<total>19</total>
				<timestamp>3287.800158</timestamp>
			</report>
			<report>
				<misses>9974001</misses>
				<total>19</total>
				<timestamp>3288.129837</timestamp>
			</report>
			<report>
				<misses>9975001</misses>
				<total>19</total>
				<timestamp>3288.459551</timestamp>
			</report>
			<report>
				<misses>9976001</misses>
				<total>19</total>
				<timestamp>3288.789183</timestamp>
			</report>
			<report>
				<misses>9977001</misses>
				<total>19</total>
				<timestamp>3289.118833</timestamp>
			</report>
			<report>
				<misses>9978001</misses>
				<total>19</total>
				<timestamp>3289.448526</timestamp>
			</report>
			<report>
				<misses>9979001</misses>
				<total>19</total>
				<timestamp>3289.778245</timestamp>
			</report>
			<report>
				<misses>9980001</misses>
				<total>19</total>
				<timestamp>3290.107852</timestamp>
			</report>
			<report>
				<misses>9981001</misses>
				<total>19</total>
				<timestamp>3290.437532</timestamp>
			</report>
			<report>
				<misses>9982001</misses>
				<total>19</total>
				<timestamp>3290.767185</timestamp>
			</report>
			<report>
				<misses>9983001</misses>
				<total>19</total>
				<timestamp>3291.096869</timestamp>
			</report>
			<report>
				<misses>9984001</misses>
				<total>19</total>
				<timestamp>3291.426607</timestamp>
			</report>
			<report>
				<misses>9985001</misses>
				<total>19</total>
				<timestamp>3291.756260</timestamp>
			</report>
			<report>
				<misses>9986001</misses>
				<total>19</total>
				<timestamp>3292.085873</timestamp>
			</report>
			<report>
				<misses>9987001</misses>
				<total>19</total>
				<timestamp>3292.415541</timestamp>
			</report>
			<report>
				<misses>9988001</misses>
				<total>19</total>
				<timestamp>3292.745338</timestamp>
			</report>
			<report>
				<misses>9989001</misses>
				<total>19</total>
				<timestamp>3293.074899</timestamp>
			</report>
			<report>
				<misses>9990001</misses>
				<total>19</total>
				<timestamp>3293.404555</timestamp>
			</report>
			<report>
				<misses>9991001</misses>
				<total>19</total>
				<timestamp>3293.734262</timestamp>
			</report>
			<report>
				<misses>9992001</misses>
				<total>19</total>
				<timestamp>3294.063878</timestamp>
			</report>
			<report>
				<misses>9993001</misses>
				<total>19</total>
				<timestamp>3294.393563</timestamp>
			</report>
			<report>
				<misses>9994001</misses>
				<total>19</total>
				<timestamp>3294.723269</timestamp>
			</report>
			<report>
				<misses>9995001</misses>
				<total>19</total>
				<timestamp>3295.052899</timestamp>
			</report>
			<report>
				<misses>9996001</misses>
				<total>19</total>
				<timestamp>3295.382590</timestamp>
			</report>
			<report>
				<misses>9997001</misses>
				<total>19</total>
				<timestamp>3295.712245</timestamp>
			</report>
			<report>
				<misses>9998001</misses>
				<total>19</total>
				<timestamp>3296.041911</timestamp>
			</report>
			<report>
				<misses>9999001</misses>
				<total>19</total>
				<timestamp>3296.371580</timestamp>
			</report>
			<report>
				<misses>10000001</misses>
				<total>19</total>
				<timestamp>3296.701323</timestamp>
			</report>
			<report>
				<misses>10001001</misses>
				<total>19</total>
				<timestamp>3297.030908</timestamp>
			</report>
			<report>
				<misses>10002001</misses>
				<total>19</total>
				<timestamp>3297.360593</timestamp>
			</report>
			<report>
				<misses>10003001</misses>
				<total>19</total>
				<timestamp>3297.690292</timestamp>
			</report>
			<report>
				<misses>10004001</misses>
				<total>19</total>
				<timestamp>3298.019925</timestamp>
			</report>
			<report>
				<misses>10005001</misses>
				<total>19</total>
				<timestamp>3298.349594</timestamp>
			</report>
			<report>
				<misses>10006001</misses>
				<total>19</total>
				<timestamp>3298.679310</timestamp>
			</report>
			<report>
				<misses>10007001</misses>
				<total>19</total>
				<timestamp>3299.008941</timestamp>
			</report>
			<report>
				<misses>10008001</misses>
				<total>19</total>
				<timestamp>3299.338626</timestamp>
			</report>
			<report>
				<misses>10009001</misses>
				<total>19</total>
				<timestamp>3299.668322</timestamp>
			</report>
			<report>
				<misses>10010001</misses>
				<total>19</total>
				<timestamp>3299.997951</timestamp>
			</report>
			<report>
				<misses>10011001</misses>
				<total>19</total>
				<timestamp>3300.327694</timestamp>
			</report>
			<report>
				<misses>10012001</misses>
				<total>19</total>
				<timestamp>3300.657353</timestamp>
			</report>
			<report>
				<misses>10013001</misses>
				<total>19</total>
				<timestamp>3300.986967</timestamp>
			</report>
			<report>
				<misses>10014001</misses>
				<total>19</total>
				<timestamp>3301.316630</timestamp>
			</report>
			<report>
				<misses>10015001</misses>
				<total>19</total>
				<timestamp>3301.646381</timestamp>
			</report>
			<report>
				<misses>10016001</misses>
				<total>19</total>
				<timestamp>3301.975977</timestamp>
			</report>
			<report>
				<misses>10017001</misses>
				<total>19</total>
				<timestamp>3302.305636</timestamp>
			</report>
			<report>
				<misses>10018001</misses>
				<total>19</total>
				<timestamp>3302.635326</timestamp>
			</report>
			<report>
				<misses>10019001</misses>
				<total>19</total>
				<timestamp>3302.965002</timestamp>
			</report>
			<report>
				<misses>10020001</misses>
				<total>19</total>
				<timestamp>3303.294638</timestamp>
			</report>
			<report>
				<misses>10021001</misses>
				<total>19</total>
				<timestamp>3303.624352</timestamp>
			</report>
			<report>
				<misses>10022001</misses>
				<total>19</total>
				<timestamp>3303.954016</timestamp>
			</report>
			<report>
				<misses>10023001</misses>
				<total>19</total>
				<timestamp>3304.283683</timestamp>
			</report>
			<report>
				<misses>10024001</misses>
				<total>19</total>
				<timestamp>3304.613342</timestamp>
			</report>
			<report>
				<misses>10025001</misses>
				<total>19</total>
				<timestamp>3304.942992</timestamp>
			</report>
			<report>
				<misses>10026001</misses>
				<total>19</total>
				<timestamp>3305.272667</timestamp>
			</report>
			<report>
				<misses>10027001</misses>
				<total>19</total>
				<timestamp>3305.602355</timestamp>
			</report>
			<report>
				<misses>10028001</misses>
				<total>19</total>
				<timestamp>3305.932011</timestamp>
			</report>
			<report>
				<misses>10029001</misses>
				<total>19</total>
				<timestamp>3306.261702</timestamp>
			</report>
			<report>
				<misses>10030001</misses>
				<total>19</total>
				<timestamp>3306.591359</timestamp>
			</report>
			<report>
				<misses>10031001</misses>
				<total>19</total>
				<timestamp>3306.921050</timestamp>
			</report>
			<report>
				<misses>10032001</misses>
				<total>19</total>
				<timestamp>3307.250705</timestamp>
			</report>
			<report>
				<misses>10033001</misses>
				<total>19</total>
				<timestamp>3307.580405</timestamp>
			</report>
			<report>
				<misses>10034001</misses>
				<total>19</total>
				<timestamp>3307.910017</timestamp>
			</report>
			<report>
				<misses>10035001</misses>
				<total>19</total>
				<timestamp>3308.239718</timestamp>
			</report>
			<report>
				<misses>10036001</misses>
				<total>19</total>
				<timestamp>3308.569420</timestamp>
			</report>
			<report>
				<misses>10037001</misses>
				<total>19</total>
				<timestamp>3308.899054</timestamp>
			</report>
			<report>
				<misses>10038001</misses>
				<total>19</total>
				<timestamp>3309.228696</timestamp>
			</report>
			<report>
				<misses>10039001</misses>
				<total>19</total>
				<timestamp>3309.558387</timestamp>
			</report>
			<report>
				<misses>10040001</misses>
				<total>19</total>
				<timestamp>3309.888058</timestamp>
			</report>
			<report>
				<misses>10041001</misses>
				<total>19</total>
				<timestamp>3310.217715</timestamp>
			</report>
			<report>
				<misses>10042001</misses>
				<total>19</total>
				<timestamp>3310.547418</timestamp>
			</report>
			<report>
				<misses>10043001</misses>
				<total>19</total>
				<timestamp>3310.877080</timestamp>
			</report>
			<report>
				<misses>10044001</misses>
				<total>19</total>
				<timestamp>3311.206728</timestamp>
			</report>
			<report>
				<misses>10045001</misses>
				<total>19</total>
				<timestamp>3311.536389</timestamp>
			</report>
			<report>
				<misses>10046001</misses>
				<total>19</total>
				<timestamp>3311.866070</timestamp>
			</report>
			<report>
				<misses>10047001</misses>
				<total>19</total>
				<timestamp>3312.195730</timestamp>
			</report>
			<report>
				<misses>10048001</misses>
				<total>19</total>
				<timestamp>3312.525421</timestamp>
			</report>
			<report>
				<misses>10049001</misses>
				<total>19</total>
				<timestamp>3312.855092</timestamp>
			</report>
			<report>
				<misses>10050001</misses>
				<total>19</total>
				<timestamp>3313.184749</timestamp>
			</report>
			<report>
				<misses>10051001</misses>
				<total>19</total>
				<timestamp>3313.514434</timestamp>
			</report>
			<report>
				<misses>10052001</misses>
				<total>19</total>
				<timestamp>3313.844128</timestamp>
			</report>
			<report>
				<misses>10053001</misses>
				<total>19</total>
				<timestamp>3314.173750</timestamp>
			</report>
			<report>
				<misses>10054001</misses>
				<total>19</total>
				<timestamp>3314.503424</timestamp>
			</report>
			<report>
				<misses>10055001</misses>
				<total>19</total>
				<timestamp>3314.833115</timestamp>
			</report>
			<report>
				<misses>10056001</misses>
				<total>19</total>
				<timestamp>3315.162767</timestamp>
			</report>
			<report>
				<misses>10057001</misses>
				<total>19</total>
				<timestamp>3315.492437</timestamp>
			</report>
			<report>
				<misses>10058001</misses>
				<total>19</total>
				<timestamp>3315.822160</timestamp>
			</report>
			<report>
				<misses>10059001</misses>
				<total>19</total>
				<timestamp>3316.151792</timestamp>
			</report>
			<report>
				<misses>10060001</misses>
				<total>19</total>
				<timestamp>3316.481447</timestamp>
			</report>
			<report>
				<misses>10061001</misses>
				<total>19</total>
				<timestamp>3316.811181</timestamp>
			</report>
			<report>
				<misses>10062001</misses>
				<total>19</total>
				<timestamp>3317.140802</timestamp>
			</report>
			<report>
				<misses>10063001</misses>
				<total>19</total>
				<timestamp>3317.470459</timestamp>
			</report>
			<report>
				<misses>10064001</misses>
				<total>19</total>
				<timestamp>3317.800174</timestamp>
			</report>
			<report>
				<misses>10065001</misses>
				<total>19</total>
				<timestamp>3318.129800</timestamp>
			</report>
			<report>
				<misses>10066001</misses>
				<total>19</total>
				<timestamp>3318.459463</timestamp>
			</report>
			<report>
				<misses>10067001</misses>
				<total>19</total>
				<timestamp>3318.789251</timestamp>
			</report>
			<report>
				<misses>10068001</misses>
				<total>19</total>
				<timestamp>3319.118811</timestamp>
			</report>
			<report>
				<misses>10069001</misses>
				<total>19</total>
				<timestamp>3319.448499</timestamp>
			</report>
			<report>
				<misses>10070001</misses>
				<total>19</total>
				<timestamp>3319.778187</timestamp>
			</report>
			<report>
				<misses>10071001</misses>
				<total>19</total>
				<timestamp>3320.107809</timestamp>
			</report>
			<report>
				<misses>10072001</misses>
				<total>19</total>
				<timestamp>3320.437484</timestamp>
			</report>
			<report>
				<misses>10073001</misses>
				<total>19</total>
				<timestamp>3320.767201</timestamp>
			</report>
			<report>
				<misses>10074001</misses>
				<total>19</total>
				<timestamp>3321.096815</timestamp>
			</report>
			<report>
				<misses>10075001</misses>
				<total>19</total>
				<timestamp>3321.426509</timestamp>
			</report>
			<report>
				<misses>10076001</misses>
				<total>19</total>
				<timestamp>3321.756183</timestamp>
			</report>
			<report>
				<misses>10077001</misses>
				<total>19</total>
				<timestamp>3322.085851</timestamp>
			</report>
			<report>
				<misses>10078001</misses>
				<total>19</total>
				<timestamp>3322.415511</timestamp>
			</report>
			<report>
				<misses>10079001</misses>
				<total>19</total>
				<timestamp>3322.745253</timestamp>
			</report>
			<report>
				<misses>10080001</misses>
				<total>19</total>
				<timestamp>3323.074857</timestamp>
			</report>
			<report>
				<misses>10081001</misses>
				<total>19</total>
				<timestamp>3323.404525</timestamp>
			</report>
			<report>
				<misses>10082001</misses>
				<total>19</total>
				<timestamp>3323.734204</timestamp>
			</report>
			<report>
				<misses>10083001</misses>
				<total>19</total>
				<timestamp>3324.063904</timestamp>
			</report>
			<report>
				<misses>10084001</misses>
				<total>19</total>
				<timestamp>3324.393538</timestamp>
			</report>
			<report>
				<misses>10085001</misses>
				<total>19</total>
				<timestamp>3324.723256</timestamp>
			</report>
			<report>
				<misses>10086001</misses>
				<total>19</total>
				<timestamp>3325.052865</timestamp>
			</report>
			<report>
				<misses>10087001</misses>
				<total>19</total>
				<timestamp>3325.382535</timestamp>
			</report>
			<report>
				<misses>10088001</misses>
				<total>19</total>
				<timestamp>3325.712217</timestamp>
			</report>
			<report>
				<misses>10089001</misses>
				<total>19</total>
				<timestamp>3326.041878</timestamp>
			</report>
			<report>
				<misses>10090001</misses>
				<total>19</total>
				<timestamp>3326.371546</timestamp>
			</report>
			<report>
				<misses>10091001</misses>
				<total>19</total>
				<timestamp>3326.701262</timestamp>
			</report>
			<report>
				<misses>10092001</misses>
				<total>19</total>
				<timestamp>3327.030882</timestamp>
			</report>
			<report>
				<misses>10093001</misses>
				<total>19</total>
				<timestamp>3327.360544</timestamp>
			</report>
			<report>
				<misses>10094001</misses>
				<total>19</total>
				<timestamp>3327.690310</timestamp>
			</report>
			<report>
				<misses>10095001</misses>
				<total>19</total>
				<timestamp>3328.019892</timestamp>
			</report>
			<report>
				<misses>10096001</misses>
				<total>19</total>
				<timestamp>3328.349636</timestamp>
			</report>
			<report>
				<misses>10097001</misses>
				<total>19</total>
				<timestamp>3328.679256</timestamp>
			</report>
			<report>
				<misses>10098001</misses>
				<total>19</total>
				<timestamp>3329.008904</timestamp>
			</report>
			<report>
				<misses>10099001</misses>
				<total>19</total>
				<timestamp>3329.338571</timestamp>
			</report>
			<report>
				<misses>10100001</misses>
				<total>19</total>
				<timestamp>3329.668298</timestamp>
			</report>
			<report>
				<misses>10101001</misses>
				<total>19</total>
				<timestamp>3329.997902</timestamp>
			</report>
			<report>
				<misses>10102001</misses>
				<total>19</total>
				<timestamp>3330.327577</timestamp>
			</report>
			<report>
				<misses>10103001</misses>
				<total>19</total>
				<timestamp>3330.657328</timestamp>
			</report>
			<report>
				<misses>10104001</misses>
				<total>19</total>
				<timestamp>3330.986925</timestamp>
			</report>
			<report>
				<misses>10105001</misses>
				<total>19</total>
				<timestamp>3331.316605</timestamp>
			</report>
			<report>
				<misses>10106001</misses>
				<total>19</total>
				<timestamp>3331.646297</timestamp>
			</report>
			<report>
				<misses>10107001</misses>
				<total>19</total>
				<timestamp>3331.975937</timestamp>
			</report>
			<report>
				<misses>10108001</misses>
				<total>19</total>
				<timestamp>3332.305658</timestamp>
			</report>
			<report>
				<misses>10109001</misses>
				<total>19</total>
				<timestamp>3332.635314</timestamp>
			</report>
			<report>
				<misses>10110001</misses>
				<total>19</total>
				<timestamp>3332.964958</timestamp>
			</report>
			<report>
				<misses>10111001</misses>
				<total>19</total>
				<timestamp>3333.294616</timestamp>
			</report>
			<report>
				<misses>10112001</misses>
				<total>19</total>
				<timestamp>3333.624332</timestamp>
			</report>
			<report>
				<misses>10113001</misses>
				<total>19</total>
				<timestamp>3333.953953</timestamp>
			</report>
			<report>
				<misses>10114001</misses>
				<total>19</total>
				<timestamp>3334.283645</timestamp>
			</report>
			<report>
				<misses>10115001</misses>
				<total>19</total>
				<timestamp>3334.613296</timestamp>
			</report>
			<report>
				<misses>10116001</misses>
				<total>19</total>
				<timestamp>3334.942984</timestamp>
			</report>
			<report>
				<misses>10117001</misses>
				<total>19</total>
				<timestamp>3335.272636</timestamp>
			</report>
			<report>
				<misses>10118001</misses>
				<total>19</total>
				<timestamp>3335.602327</timestamp>
			</report>
			<report>
				<misses>10119001</misses>
				<total>19</total>
				<timestamp>3335.932066</timestamp>
			</report>
			<report>
				<misses>10120001</misses>
				<total>19</total>
				<timestamp>3336.261660</timestamp>
			</report>
			<report>
				<misses>10121001</misses>
				<total>19</total>
				<timestamp>3336.591328</timestamp>
			</report>
			<report>
				<misses>10122001</misses>
				<total>19</total>
				<timestamp>3336.921356</timestamp>
			</report>
			<report>
				<misses>10123001</misses>
				<total>19</total>
				<timestamp>3337.251002</timestamp>
			</report>
			<report>
				<misses>10124001</misses>
				<total>19</total>
				<timestamp>3337.580649</timestamp>
			</report>
			<report>
				<misses>10125001</misses>
				<total>19</total>
				<timestamp>3337.910326</timestamp>
			</report>
			<report>
				<misses>10126001</misses>
				<total>19</total>
				<timestamp>3338.240045</timestamp>
			</report>
			<report>
				<misses>10127001</misses>
				<total>19</total>
				<timestamp>3338.569667</timestamp>
			</report>
			<report>
				<misses>10128001</misses>
				<total>19</total>
				<timestamp>3338.899339</timestamp>
			</report>
			<report>
				<misses>10129001</misses>
				<total>19</total>
				<timestamp>3339.229095</timestamp>
			</report>
			<report>
				<misses>10130001</misses>
				<total>19</total>
				<timestamp>3339.558679</timestamp>
			</report>
			<report>
				<misses>10131001</misses>
				<total>19</total>
				<timestamp>3339.888364</timestamp>
			</report>
			<report>
				<misses>10132001</misses>
				<total>19</total>
				<timestamp>3340.218062</timestamp>
			</report>
			<report>
				<misses>10133001</misses>
				<total>19</total>
				<timestamp>3340.547683</timestamp>
			</report>
			<report>
				<misses>10134001</misses>
				<total>19</total>
				<timestamp>3340.877346</timestamp>
			</report>
			<report>
				<misses>10135001</misses>
				<total>19</total>
				<timestamp>3341.207112</timestamp>
			</report>
			<report>
				<misses>10136001</misses>
				<total>19</total>
				<timestamp>3341.536722</timestamp>
			</report>
			<report>
				<misses>10137001</misses>
				<total>19</total>
				<timestamp>3341.866356</timestamp>
			</report>
			<report>
				<misses>10138001</misses>
				<total>19</total>
				<timestamp>3342.196101</timestamp>
			</report>
			<report>
				<misses>10139001</misses>
				<total>19</total>
				<timestamp>3342.525728</timestamp>
			</report>
			<report>
				<misses>10140001</misses>
				<total>19</total>
				<timestamp>3342.855378</timestamp>
			</report>
			<report>
				<misses>10141001</misses>
				<total>19</total>
				<timestamp>3343.185078</timestamp>
			</report>
			<report>
				<misses>10142001</misses>
				<total>19</total>
				<timestamp>3343.514753</timestamp>
			</report>
			<report>
				<misses>10143001</misses>
				<total>19</total>
				<timestamp>3343.844376</timestamp>
			</report>
			<report>
				<misses>10144001</misses>
				<total>19</total>
				<timestamp>3344.174107</timestamp>
			</report>
			<report>
				<misses>10145001</misses>
				<total>19</total>
				<timestamp>3344.503737</timestamp>
			</report>
			<report>
				<misses>10146001</misses>
				<total>19</total>
				<timestamp>3344.833398</timestamp>
			</report>
			<report>
				<misses>10147001</misses>
				<total>19</total>
				<timestamp>3345.163104</timestamp>
			</report>
			<report>
				<misses>10148001</misses>
				<total>19</total>
				<timestamp>3345.492753</timestamp>
			</report>
			<report>
				<misses>10149001</misses>
				<total>19</total>
				<timestamp>3345.822418</timestamp>
			</report>
			<report>
				<misses>10150001</misses>
				<total>19</total>
				<timestamp>3346.152177</timestamp>
			</report>
			<report>
				<misses>10151001</misses>
				<total>19</total>
				<timestamp>3346.481759</timestamp>
			</report>
			<report>
				<misses>10152001</misses>
				<total>19</total>
				<timestamp>3346.811417</timestamp>
			</report>
			<report>
				<misses>10153001</misses>
				<total>19</total>
				<timestamp>3347.141158</timestamp>
			</report>
			<report>
				<misses>10154001</misses>
				<total>19</total>
				<timestamp>3347.470764</timestamp>
			</report>
			<report>
				<misses>10155001</misses>
				<total>19</total>
				<timestamp>3347.800432</timestamp>
			</report>
			<report>
				<misses>10156001</misses>
				<total>19</total>
				<timestamp>3348.130100</timestamp>
			</report>
			<report>
				<misses>10157001</misses>
				<total>19</total>
				<timestamp>3348.459771</timestamp>
			</report>
			<report>
				<misses>10158001</misses>
				<total>19</total>
				<timestamp>3348.789439</timestamp>
			</report>
			<report>
				<misses>10159001</misses>
				<total>19</total>
				<timestamp>3349.119156</timestamp>
			</report>
			<report>
				<misses>10160001</misses>
				<total>19</total>
				<timestamp>3349.448783</timestamp>
			</report>
			<report>
				<misses>10161001</misses>
				<total>19</total>
				<timestamp>3349.778448</timestamp>
			</report>
			<report>
				<misses>10162001</misses>
				<total>19</total>
				<timestamp>3350.108190</timestamp>
			</report>
			<report>
				<misses>10163001</misses>
				<total>19</total>
				<timestamp>3350.437793</timestamp>
			</report>
			<report>
				<misses>10164001</misses>
				<total>19</total>
				<timestamp>3350.767466</timestamp>
			</report>
			<report>
				<misses>10165001</misses>
				<total>19</total>
				<timestamp>3351.097245</timestamp>
			</report>
			<report>
				<misses>10166001</misses>
				<total>19</total>
				<timestamp>3351.426809</timestamp>
			</report>
			<report>
				<misses>10167001</misses>
				<total>19</total>
				<timestamp>3351.756469</timestamp>
			</report>
			<report>
				<misses>10168001</misses>
				<total>19</total>
				<timestamp>3352.086177</timestamp>
			</report>
			<report>
				<misses>10169001</misses>
				<total>19</total>
				<timestamp>3352.415801</timestamp>
			</report>
			<report>
				<misses>10170001</misses>
				<total>19</total>
				<timestamp>3352.745476</timestamp>
			</report>
			<report>
				<misses>10171001</misses>
				<total>19</total>
				<timestamp>3353.075164</timestamp>
			</report>
			<report>
				<misses>10172001</misses>
				<total>19</total>
				<timestamp>3353.404810</timestamp>
			</report>
			<report>
				<misses>10173001</misses>
				<total>19</total>
				<timestamp>3353.734483</timestamp>
			</report>
			<report>
				<misses>10174001</misses>
				<total>19</total>
				<timestamp>3354.064198</timestamp>
			</report>
			<report>
				<misses>10175001</misses>
				<total>19</total>
				<timestamp>3354.393837</timestamp>
			</report>
			<report>
				<misses>10176001</misses>
				<total>19</total>
				<timestamp>3354.723504</timestamp>
			</report>
			<report>
				<misses>10177001</misses>
				<total>19</total>
				<timestamp>3355.053176</timestamp>
			</report>
			<report>
				<misses>10178001</misses>
				<total>19</total>
				<timestamp>3355.382927</timestamp>
			</report>
			<report>
				<misses>10179001</misses>
				<total>19</total>
				<timestamp>3355.712517</timestamp>
			</report>
			<report>
				<misses>10180001</misses>
				<total>19</total>
				<timestamp>3356.042186</timestamp>
			</report>
			<report>
				<misses>10181001</misses>
				<total>19</total>
				<timestamp>3356.371918</timestamp>
			</report>
			<report>
				<misses>10182001</misses>
				<total>19</total>
				<timestamp>3356.701529</timestamp>
			</report>
			<report>
				<misses>10183001</misses>
				<total>19</total>
				<timestamp>3357.031230</timestamp>
			</report>
			<report>
				<misses>10184001</misses>
				<total>19</total>
				<timestamp>3357.360892</timestamp>
			</report>
			<report>
				<misses>10185001</misses>
				<total>19</total>
				<timestamp>3357.690562</timestamp>
			</report>
			<report>
				<misses>10186001</misses>
				<total>19</total>
				<timestamp>3358.020197</timestamp>
			</report>
			<report>
				<misses>10187001</misses>
				<total>19</total>
				<timestamp>3358.349925</timestamp>
			</report>
			<report>
				<misses>10188001</misses>
				<total>19</total>
				<timestamp>3358.679540</timestamp>
			</report>
			<report>
				<misses>10189001</misses>
				<total>19</total>
				<timestamp>3359.009208</timestamp>
			</report>
			<report>
				<misses>10190001</misses>
				<total>19</total>
				<timestamp>3359.338876</timestamp>
			</report>
			<report>
				<misses>10191001</misses>
				<total>19</total>
				<timestamp>3359.668554</timestamp>
			</report>
			<report>
				<misses>10192001</misses>
				<total>19</total>
				<timestamp>3359.998211</timestamp>
			</report>
			<report>
				<misses>10193001</misses>
				<total>19</total>
				<timestamp>3360.327919</timestamp>
			</report>
			<report>
				<misses>10194001</misses>
				<total>19</total>
				<timestamp>3360.657558</timestamp>
			</report>
			<report>
				<misses>10195001</misses>
				<total>19</total>
				<timestamp>3360.987297</timestamp>
			</report>
			<report>
				<misses>10196001</misses>
				<total>19</total>
				<timestamp>3361.316995</timestamp>
			</report>
			<report>
				<misses>10197001</misses>
				<total>19</total>
				<timestamp>3361.646577</timestamp>
			</report>
			<report>
				<misses>10198001</misses>
				<total>19</total>
				<timestamp>3361.976295</timestamp>
			</report>
			<report>
				<misses>10199001</misses>
				<total>19</total>
				<timestamp>3362.305951</timestamp>
			</report>
			<report>
				<misses>10200001</misses>
				<total>19</total>
				<timestamp>3362.635578</timestamp>
			</report>
			<report>
				<misses>10201001</misses>
				<total>19</total>
				<timestamp>3362.965261</timestamp>
			</report>
			<report>
				<misses>10202001</misses>
				<total>19</total>
				<timestamp>3363.294930</timestamp>
			</report>
			<report>
				<misses>10203001</misses>
				<total>19</total>
				<timestamp>3363.624588</timestamp>
			</report>
			<report>
				<misses>10204001</misses>
				<total>19</total>
				<timestamp>3363.954253</timestamp>
			</report>
			<report>
				<misses>10205001</misses>
				<total>19</total>
				<timestamp>3364.283961</timestamp>
			</report>
			<report>
				<misses>10206001</misses>
				<total>19</total>
				<timestamp>3364.613597</timestamp>
			</report>
			<report>
				<misses>10207001</misses>
				<total>19</total>
				<timestamp>3364.943292</timestamp>
			</report>
			<report>
				<misses>10208001</misses>
				<total>19</total>
				<timestamp>3365.273004</timestamp>
			</report>
			<report>
				<misses>10209001</misses>
				<total>19</total>
				<timestamp>3365.602609</timestamp>
			</report>
			<report>
				<misses>10210001</misses>
				<total>19</total>
				<timestamp>3365.932310</timestamp>
			</report>
			<report>
				<misses>10211001</misses>
				<total>19</total>
				<timestamp>3366.262024</timestamp>
			</report>
			<report>
				<misses>10212001</misses>
				<total>19</total>
				<timestamp>3366.591636</timestamp>
			</report>
			<report>
				<misses>10213001</misses>
				<total>19</total>
				<timestamp>3366.921345</timestamp>
			</report>
			<report>
				<misses>10214001</misses>
				<total>19</total>
				<timestamp>3367.250978</timestamp>
			</report>
			<report>
				<misses>10215001</misses>
				<total>19</total>
				<timestamp>3367.580621</timestamp>
			</report>
			<report>
				<misses>10216001</misses>
				<total>19</total>
				<timestamp>3367.910298</timestamp>
			</report>
			<report>
				<misses>10217001</misses>
				<total>19</total>
				<timestamp>3368.240061</timestamp>
			</report>
			<report>
				<misses>10218001</misses>
				<total>19</total>
				<timestamp>3368.569637</timestamp>
			</report>
			<report>
				<misses>10219001</misses>
				<total>19</total>
				<timestamp>3368.899318</timestamp>
			</report>
			<report>
				<misses>10220001</misses>
				<total>19</total>
				<timestamp>3369.229060</timestamp>
			</report>
			<report>
				<misses>10221001</misses>
				<total>19</total>
				<timestamp>3369.558654</timestamp>
			</report>
			<report>
				<misses>10222001</misses>
				<total>19</total>
				<timestamp>3369.888313</timestamp>
			</report>
			<report>
				<misses>10223001</misses>
				<total>19</total>
				<timestamp>3370.218008</timestamp>
			</report>
			<report>
				<misses>10224001</misses>
				<total>19</total>
				<timestamp>3370.547659</timestamp>
			</report>
			<report>
				<misses>10225001</misses>
				<total>19</total>
				<timestamp>3370.877323</timestamp>
			</report>
			<report>
				<misses>10226001</misses>
				<total>19</total>
				<timestamp>3371.207075</timestamp>
			</report>
			<report>
				<misses>10227001</misses>
				<total>19</total>
				<timestamp>3371.536677</timestamp>
			</report>
			<report>
				<misses>10228001</misses>
				<total>19</total>
				<timestamp>3371.866334</timestamp>
			</report>
			<report>
				<misses>10229001</misses>
				<total>19</total>
				<timestamp>3372.196080</timestamp>
			</report>
			<report>
				<misses>10230001</misses>
				<total>19</total>
				<timestamp>3372.525678</timestamp>
			</report>
			<report>
				<misses>10231001</misses>
				<total>19</total>
				<timestamp>3372.855354</timestamp>
			</report>
			<report>
				<misses>10232001</misses>
				<total>19</total>
				<timestamp>3373.185071</timestamp>
			</report>
			<report>
				<misses>10233001</misses>
				<total>19</total>
				<timestamp>3373.514688</timestamp>
			</report>
			<report>
				<misses>10234001</misses>
				<total>19</total>
				<timestamp>3373.844363</timestamp>
			</report>
			<report>
				<misses>10235001</misses>
				<total>19</total>
				<timestamp>3374.174118</timestamp>
			</report>
			<report>
				<misses>10236001</misses>
				<total>19</total>
				<timestamp>3374.503701</timestamp>
			</report>
			<report>
				<misses>10237001</misses>
				<total>19</total>
				<timestamp>3374.833369</timestamp>
			</report>
			<report>
				<misses>10238001</misses>
				<total>20</total>
				<timestamp>3375.163045</timestamp>
			</report>
			<report>
				<misses>10239001</misses>
				<total>20</total>
				<timestamp>3375.492731</timestamp>
			</report>
			<report>
				<misses>10240001</misses>
				<total>20</total>
				<timestamp>3375.822379</timestamp>
			</report>
			<report>
				<misses>10241001</misses>
				<total>20</total>
				<timestamp>3376.152072</timestamp>
			</report>
			<report>
				<misses>10242001</misses>
				<total>20</total>
				<timestamp>3376.481724</timestamp>
			</report>
			<report>
				<misses>10243001</misses>
				<total>20</total>
				<timestamp>3376.811418</timestamp>
			</report>
			<report>
				<misses>10244001</misses>
				<total>20</total>
				<timestamp>3377.141058</timestamp>
			</report>
			<report>
				<misses>10245001</misses>
				<total>20</total>
				<timestamp>3377.470738</timestamp>
			</report>
			<report>
				<misses>10246001</misses>
				<total>20</total>
				<timestamp>3377.800384</timestamp>
			</report>
			<report>
				<misses>10247001</misses>
				<total>20</total>
				<timestamp>3378.130174</timestamp>
			</report>
			<report>
				<misses>10248001</misses>
				<total>20</total>
				<timestamp>3378.459743</timestamp>
			</report>
			<report>
				<misses>10249001</misses>
				<total>20</total>
				<timestamp>3378.789412</timestamp>
			</report>
			<report>
				<misses>10250001</misses>
				<total>20</total>
				<timestamp>3379.119096</timestamp>
			</report>
			<report>
				<misses>10251001</misses>
				<total>20</total>
				<timestamp>3379.448763</timestamp>
			</report>
			<report>
				<misses>10252001</misses>
				<total>20</total>
				<timestamp>3379.778420</timestamp>
			</report>
			<report>
				<misses>10253001</misses>
				<total>20</total>
				<timestamp>3380.108117</timestamp>
			</report>
			<report>
				<misses>10254001</misses>
				<total>20</total>
				<timestamp>3380.437762</timestamp>
			</report>
			<report>
				<misses>10255001</misses>
				<total>20</total>
				<timestamp>3380.767440</timestamp>
			</report>
			<report>
				<misses>10256001</misses>
				<total>20</total>
				<timestamp>3381.097110</timestamp>
			</report>
			<report>
				<misses>10257001</misses>
				<total>20</total>
				<timestamp>3381.426800</timestamp>
			</report>
			<report>
				<misses>10258001</misses>
				<total>20</total>
				<timestamp>3381.756446</timestamp>
			</report>
			<report>
				<misses>10259001</misses>
				<total>20</total>
				<timestamp>3382.086141</timestamp>
			</report>
			<report>
				<misses>10260001</misses>
				<total>20</total>
				<timestamp>3382.415882</timestamp>
			</report>
			<report>
				<misses>10261001</misses>
				<total>20</total>
				<timestamp>3382.745457</timestamp>
			</report>
			<report>
				<misses>10262001</misses>
				<total>20</total>
				<timestamp>3383.075133</timestamp>
			</report>
			<report>
				<misses>10263001</misses>
				<total>20</total>
				<timestamp>3383.404900</timestamp>
			</report>
			<report>
				<misses>10264001</misses>
				<total>20</total>
				<timestamp>3383.734467</timestamp>
			</report>
			<report>
				<misses>10265001</misses>
				<total>20</total>
				<timestamp>3384.064130</timestamp>
			</report>
			<report>
				<misses>10266001</misses>
				<total>20</total>
				<timestamp>3384.393939</timestamp>
			</report>
			<report>
				<misses>10267001</misses>
				<total>20</total>
				<timestamp>3384.723509</timestamp>
			</report>
			<report>
				<misses>10268001</misses>
				<total>20</total>
				<timestamp>3385.053146</timestamp>
			</report>
			<report>
				<misses>10269001</misses>
				<total>20</total>
				<timestamp>3385.382894</timestamp>
			</report>
			<report>
				<misses>10270001</misses>
				<total>20</total>
				<timestamp>3385.712480</timestamp>
			</report>
			<report>
				<misses>10271001</misses>
				<total>20</total>
				<timestamp>3386.042240</timestamp>
			</report>
			<report>
				<misses>10272001</misses>
				<total>20</total>
				<timestamp>3386.371822</timestamp>
			</report>
			<report>
				<misses>10273001</misses>
				<total>20</total>
				<timestamp>3386.701499</timestamp>
			</report>
			<report>
				<misses>10274001</misses>
				<total>20</total>
				<timestamp>3387.031249</timestamp>
			</report>
			<report>
				<misses>10275001</misses>
				<total>20</total>
				<timestamp>3387.360922</timestamp>
			</report>
			<report>
				<misses>10276001</misses>
				<total>20</total>
				<timestamp>3387.690511</timestamp>
			</report>
			<report>
				<misses>10277001</misses>
				<total>20</total>
				<timestamp>3388.020159</timestamp>
			</report>
			<report>
				<misses>10278001</misses>
				<total>20</total>
				<timestamp>3388.349862</timestamp>
			</report>
			<report>
				<misses>10279001</misses>
				<total>20</total>
				<timestamp>3388.679509</timestamp>
			</report>
			<report>
				<misses>10280001</misses>
				<total>20</total>
				<timestamp>3389.009191</timestamp>
			</report>
			<report>
				<misses>10281001</misses>
				<total>20</total>
				<timestamp>3389.338939</timestamp>
			</report>
			<report>
				<misses>10282001</misses>
				<total>20</total>
				<timestamp>3389.668540</timestamp>
			</report>
			<report>
				<misses>10283001</misses>
				<total>20</total>
				<timestamp>3389.998223</timestamp>
			</report>
			<report>
				<misses>10284001</misses>
				<total>20</total>
				<timestamp>3390.327918</timestamp>
			</report>
			<report>
				<misses>10285001</misses>
				<total>20</total>
				<timestamp>3390.657528</timestamp>
			</report>
			<report>
				<misses>10286001</misses>
				<total>20</total>
				<timestamp>3390.987194</timestamp>
			</report>
			<report>
				<misses>10287001</misses>
				<total>20</total>
				<timestamp>3391.316916</timestamp>
			</report>
			<report>
				<misses>10288001</misses>
				<total>20</total>
				<timestamp>3391.646544</timestamp>
			</report>
			<report>
				<misses>10289001</misses>
				<total>20</total>
				<timestamp>3391.976232</timestamp>
			</report>
			<report>
				<misses>10290001</misses>
				<total>20</total>
				<timestamp>3392.305908</timestamp>
			</report>
			<report>
				<misses>10291001</misses>
				<total>20</total>
				<timestamp>3392.635541</timestamp>
			</report>
			<report>
				<misses>10292001</misses>
				<total>20</total>
				<timestamp>3392.965228</timestamp>
			</report>
			<report>
				<misses>10293001</misses>
				<total>20</total>
				<timestamp>3393.294948</timestamp>
			</report>
			<report>
				<misses>10294001</misses>
				<total>20</total>
				<timestamp>3393.624544</timestamp>
			</report>
			<report>
				<misses>10295001</misses>
				<total>20</total>
				<timestamp>3393.954252</timestamp>
			</report>
			<report>
				<misses>10296001</misses>
				<total>20</total>
				<timestamp>3394.283964</timestamp>
			</report>
			<report>
				<misses>10297001</misses>
				<total>20</total>
				<timestamp>3394.613563</timestamp>
			</report>
			<report>
				<misses>10298001</misses>
				<total>20</total>
				<timestamp>3394.943245</timestamp>
			</report>
			<report>
				<misses>10299001</misses>
				<total>20</total>
				<timestamp>3395.272975</timestamp>
			</report>
			<report>
				<misses>10300001</misses>
				<total>20</total>
				<timestamp>3395.602577</timestamp>
			</report>
			<report>
				<misses>10301001</misses>
				<total>20</total>
				<timestamp>3395.932240</timestamp>
			</report>
			<report>
				<misses>10302001</misses>
				<total>20</total>
				<timestamp>3396.261928</timestamp>
			</report>
			<report>
				<misses>10303001</misses>
				<total>20</total>
				<timestamp>3396.591576</timestamp>
			</report>
			<report>
				<misses>10304001</misses>
				<total>20</total>
				<timestamp>3396.921258</timestamp>
			</report>
			<report>
				<misses>10305001</misses>
				<total>20</total>
				<timestamp>3397.250935</timestamp>
			</report>
			<report>
				<misses>10306001</misses>
				<total>20</total>
				<timestamp>3397.580588</timestamp>
			</report>
			<report>
				<misses>10307001</misses>
				<total>20</total>
				<timestamp>3397.910288</timestamp>
			</report>
			<report>
				<misses>10308001</misses>
				<total>20</total>
				<timestamp>3398.239943</timestamp>
			</report>
			<report>
				<misses>10309001</misses>
				<total>20</total>
				<timestamp>3398.569609</timestamp>
			</report>
			<report>
				<misses>10310001</misses>
				<total>20</total>
				<timestamp>3398.899303</timestamp>
			</report>
			<report>
				<misses>10311001</misses>
				<total>20</total>
				<timestamp>3399.228993</timestamp>
			</report>
			<report>
				<misses>10312001</misses>
				<total>20</total>
				<timestamp>3399.558624</timestamp>
			</report>
			<report>
				<misses>10313001</misses>
				<total>20</total>
				<timestamp>3399.888305</timestamp>
			</report>
			<report>
				<misses>10314001</misses>
				<total>20</total>
				<timestamp>3400.217966</timestamp>
			</report>
			<report>
				<misses>10315001</misses>
				<total>20</total>
				<timestamp>3400.547654</timestamp>
			</report>
			<report>
				<misses>10316001</misses>
				<total>20</total>
				<timestamp>3400.877305</timestamp>
			</report>
			<report>
				<misses>10317001</misses>
				<total>20</total>
				<timestamp>3401.206966</timestamp>
			</report>
			<report>
				<misses>10318001</misses>
				<total>20</total>
				<timestamp>3401.536694</timestamp>
			</report>
			<report>
				<misses>10319001</misses>
				<total>20</total>
				<timestamp>3401.866307</timestamp>
			</report>
			<report>
				<misses>10320001</misses>
				<total>20</total>
				<timestamp>3402.195983</timestamp>
			</report>
			<report>
				<misses>10321001</misses>
				<total>20</total>
				<timestamp>3402.525681</timestamp>
			</report>
			<report>
				<misses>10322001</misses>
				<total>20</total>
				<timestamp>3402.855315</timestamp>
			</report>
			<report>
				<misses>10323001</misses>
				<total>20</total>
				<timestamp>3403.185005</timestamp>
			</report>
			<report>
				<misses>10324001</misses>
				<total>20</total>
				<timestamp>3403.514775</timestamp>
			</report>
			<report>
				<misses>10325001</misses>
				<total>20</total>
				<timestamp>3403.844324</timestamp>
			</report>
			<report>
				<misses>10326001</misses>
				<total>20</total>
				<timestamp>3404.173991</timestamp>
			</report>
			<report>
				<misses>10327001</misses>
				<total>20</total>
				<timestamp>3404.503809</timestamp>
			</report>
			<report>
				<misses>10328001</misses>
				<total>20</total>
				<timestamp>3404.833331</timestamp>
			</report>
			<report>
				<misses>10329001</misses>
				<total>20</total>
				<timestamp>3405.163004</timestamp>
			</report>
			<report>
				<misses>10330001</misses>
				<total>20</total>
				<timestamp>3405.492731</timestamp>
			</report>
			<report>
				<misses>10331001</misses>
				<total>20</total>
				<timestamp>3405.822341</timestamp>
			</report>
			<report>
				<misses>10332001</misses>
				<total>20</total>
				<timestamp>3406.152012</timestamp>
			</report>
			<report>
				<misses>10333001</misses>
				<total>20</total>
				<timestamp>3406.481746</timestamp>
			</report>
			<report>
				<misses>10334001</misses>
				<total>20</total>
				<timestamp>3406.811352</timestamp>
			</report>
			<report>
				<misses>10335001</misses>
				<total>20</total>
				<timestamp>3407.141029</timestamp>
			</report>
			<report>
				<misses>10336001</misses>
				<total>20</total>
				<timestamp>3407.470808</timestamp>
			</report>
			<report>
				<misses>10337001</misses>
				<total>20</total>
				<timestamp>3407.800362</timestamp>
			</report>
			<report>
				<misses>10338001</misses>
				<total>20</total>
				<timestamp>3408.130044</timestamp>
			</report>
			<report>
				<misses>10339001</misses>
				<total>20</total>
				<timestamp>3408.459725</timestamp>
			</report>
			<report>
				<misses>10340001</misses>
				<total>20</total>
				<timestamp>3408.789384</timestamp>
			</report>
			<report>
				<misses>10341001</misses>
				<total>20</total>
				<timestamp>3409.119041</timestamp>
			</report>
			<report>
				<misses>10342001</misses>
				<total>20</total>
				<timestamp>3409.448745</timestamp>
			</report>
			<report>
				<misses>10343001</misses>
				<total>20</total>
				<timestamp>3409.778388</timestamp>
			</report>
			<report>
				<misses>10344001</misses>
				<total>20</total>
				<timestamp>3410.108128</timestamp>
			</report>
			<report>
				<misses>10345001</misses>
				<total>20</total>
				<timestamp>3410.437812</timestamp>
			</report>
			<report>
				<misses>10346001</misses>
				<total>20</total>
				<timestamp>3410.767398</timestamp>
			</report>
			<report>
				<misses>10347001</misses>
				<total>20</total>
				<timestamp>3411.097089</timestamp>
			</report>
			<report>
				<misses>10348001</misses>
				<total>20</total>
				<timestamp>3411.426825</timestamp>
			</report>
			<report>
				<misses>10349001</misses>
				<total>20</total>
				<timestamp>3411.756418</timestamp>
			</report>
			<report>
				<misses>10350001</misses>
				<total>20</total>
				<timestamp>3412.086099</timestamp>
			</report>
			<report>
				<misses>10351001</misses>
				<total>20</total>
				<timestamp>3412.415797</timestamp>
			</report>
			<report>
				<misses>10352001</misses>
				<total>20</total>
				<timestamp>3412.745423</timestamp>
			</report>
			<report>
				<misses>10353001</misses>
				<total>20</total>
				<timestamp>3413.075102</timestamp>
			</report>
			<report>
				<misses>10354001</misses>
				<total>20</total>
				<timestamp>3413.404867</timestamp>
			</report>
			<report>
				<misses>10355001</misses>
				<total>20</total>
				<timestamp>3413.734437</timestamp>
			</report>
			<report>
				<misses>10356001</misses>
				<total>20</total>
				<timestamp>3414.064116</timestamp>
			</report>
			<report>
				<misses>10357001</misses>
				<total>20</total>
				<timestamp>3414.393894</timestamp>
			</report>
			<report>
				<misses>10358001</misses>
				<total>20</total>
				<timestamp>3414.723433</timestamp>
			</report>
			<report>
				<misses>10359001</misses>
				<total>20</total>
				<timestamp>3415.053120</timestamp>
			</report>
			<report>
				<misses>10360001</misses>
				<total>20</total>
				<timestamp>3415.382800</timestamp>
			</report>
			<report>
				<misses>10361001</misses>
				<total>20</total>
				<timestamp>3415.712439</timestamp>
			</report>
			<report>
				<misses>10362001</misses>
				<total>20</total>
				<timestamp>3416.042109</timestamp>
			</report>
			<report>
				<misses>10363001</misses>
				<total>20</total>
				<timestamp>3416.371868</timestamp>
			</report>
			<report>
				<misses>10364001</misses>
				<total>20</total>
				<timestamp>3416.701459</timestamp>
			</report>
			<report>
				<misses>10365001</misses>
				<total>20</total>
				<timestamp>3417.031119</timestamp>
			</report>
			<report>
				<misses>10366001</misses>
				<total>20</total>
				<timestamp>3417.360851</timestamp>
			</report>
			<report>
				<misses>10367001</misses>
				<total>20</total>
				<timestamp>3417.690460</timestamp>
			</report>
			<report>
				<misses>10368001</misses>
				<total>20</total>
				<timestamp>3418.020147</timestamp>
			</report>
			<report>
				<misses>10369001</misses>
				<total>20</total>
				<timestamp>3418.349808</timestamp>
			</report>
			<report>
				<misses>10370001</misses>
				<total>20</total>
				<timestamp>3418.679483</timestamp>
			</report>
			<report>
				<misses>10371001</misses>
				<total>20</total>
				<timestamp>3419.009147</timestamp>
			</report>
			<report>
				<misses>10372001</misses>
				<total>20</total>
				<timestamp>3419.338817</timestamp>
			</report>
			<report>
				<misses>10373001</misses>
				<total>20</total>
				<timestamp>3419.668483</timestamp>
			</report>
			<report>
				<misses>10374001</misses>
				<total>20</total>
				<timestamp>3419.998148</timestamp>
			</report>
			<report>
				<misses>10375001</misses>
				<total>20</total>
				<timestamp>3420.327848</timestamp>
			</report>
			<report>
				<misses>10376001</misses>
				<total>20</total>
				<timestamp>3420.657491</timestamp>
			</report>
			<report>
				<misses>10377001</misses>
				<total>20</total>
				<timestamp>3420.987165</timestamp>
			</report>
			<report>
				<misses>10378001</misses>
				<total>20</total>
				<timestamp>3421.316849</timestamp>
			</report>
			<report>
				<misses>10379001</misses>
				<total>20</total>
				<timestamp>3421.646522</timestamp>
			</report>
			<report>
				<misses>10380001</misses>
				<total>20</total>
				<timestamp>3421.976181</timestamp>
			</report>
			<report>
				<misses>10381001</misses>
				<total>20</total>
				<timestamp>3422.305847</timestamp>
			</report>
			<report>
				<misses>10382001</misses>
				<total>20</total>
				<timestamp>3422.635542</timestamp>
			</report>
			<report>
				<misses>10383001</misses>
				<total>20</total>
				<timestamp>3422.965179</timestamp>
			</report>
			<report>
				<misses>10384001</misses>
				<total>20</total>
				<timestamp>3423.294932</timestamp>
			</report>
			<report>
				<misses>10385001</misses>
				<total>20</total>
				<timestamp>3423.624594</timestamp>
			</report>
			<report>
				<misses>10386001</misses>
				<total>20</total>
				<timestamp>3423.954202</timestamp>
			</report>
			<report>
				<misses>10387001</misses>
				<total>20</total>
				<timestamp>3424.283864</timestamp>
			</report>
			<report>
				<misses>10388001</misses>
				<total>20</total>
				<timestamp>3424.613586</timestamp>
			</report>
			<report>
				<misses>10389001</misses>
				<total>20</total>
				<timestamp>3424.943204</timestamp>
			</report>
			<report>
				<misses>10390001</misses>
				<total>20</total>
				<timestamp>3425.272887</timestamp>
			</report>
			<report>
				<misses>10391001</misses>
				<total>20</total>
				<timestamp>3425.602570</timestamp>
			</report>
			<report>
				<misses>10392001</misses>
				<total>20</total>
				<timestamp>3425.932220</timestamp>
			</report>
			<report>
				<misses>10393001</misses>
				<total>20</total>
				<timestamp>3426.261899</timestamp>
			</report>
			<report>
				<misses>10394001</misses>
				<total>20</total>
				<timestamp>3426.591571</timestamp>
			</report>
			<report>
				<misses>10395001</misses>
				<total>20</total>
				<timestamp>3426.921231</timestamp>
			</report>
			<report>
				<misses>10396001</misses>
				<total>20</total>
				<timestamp>3427.250905</timestamp>
			</report>
			<report>
				<misses>10397001</misses>
				<total>20</total>
				<timestamp>3427.580686</timestamp>
			</report>
			<report>
				<misses>10398001</misses>
				<total>20</total>
				<timestamp>3427.910226</timestamp>
			</report>
			<report>
				<misses>10399001</misses>
				<total>20</total>
				<timestamp>3428.239894</timestamp>
			</report>
			<report>
				<misses>10400001</misses>
				<total>20</total>
				<timestamp>3428.569578</timestamp>
			</report>
			<report>
				<misses>10401001</misses>
				<total>20</total>
				<timestamp>3428.899255</timestamp>
			</report>
			<report>
				<misses>10402001</misses>
				<total>20</total>
				<timestamp>3429.228993</timestamp>
			</report>
			<report>
				<misses>10403001</misses>
				<total>20</total>
				<timestamp>3429.558650</timestamp>
			</report>
			<report>
				<misses>10404001</misses>
				<total>20</total>
				<timestamp>3429.888306</timestamp>
			</report>
			<report>
				<misses>10405001</misses>
				<total>20</total>
				<timestamp>3430.217952</timestamp>
			</report>
			<report>
				<misses>10406001</misses>
				<total>20</total>
				<timestamp>3430.547678</timestamp>
			</report>
			<report>
				<misses>10407001</misses>
				<total>20</total>
				<timestamp>3430.877273</timestamp>
			</report>
			<report>
				<misses>10408001</misses>
				<total>20</total>
				<timestamp>3431.206940</timestamp>
			</report>
			<report>
				<misses>10409001</misses>
				<total>20</total>
				<timestamp>3431.536689</timestamp>
			</report>
			<report>
				<misses>10410001</misses>
				<total>20</total>
				<timestamp>3431.866294</timestamp>
			</report>
			<report>
				<misses>10411001</misses>
				<total>20</total>
				<timestamp>3432.195947</timestamp>
			</report>
			<report>
				<misses>10412001</misses>
				<total>20</total>
				<timestamp>3432.525706</timestamp>
			</report>
			<report>
				<misses>10413001</misses>
				<total>20</total>
				<timestamp>3432.855291</timestamp>
			</report>
			<report>
				<misses>10414001</misses>
				<total>20</total>
				<timestamp>3433.184968</timestamp>
			</report>
			<report>
				<misses>10415001</misses>
				<total>20</total>
				<timestamp>3433.514687</timestamp>
			</report>
			<report>
				<misses>10416001</misses>
				<total>20</total>
				<timestamp>3433.844367</timestamp>
			</report>
			<report>
				<misses>10417001</misses>
				<total>20</total>
				<timestamp>3434.173979</timestamp>
			</report>
			<report>
				<misses>10418001</misses>
				<total>20</total>
				<timestamp>3434.503720</timestamp>
			</report>
			<report>
				<misses>10419001</misses>
				<total>20</total>
				<timestamp>3434.833311</timestamp>
			</report>
			<report>
				<misses>10420001</misses>
				<total>20</total>
				<timestamp>3435.162989</timestamp>
			</report>
			<report>
				<misses>10421001</misses>
				<total>20</total>
				<timestamp>3435.492688</timestamp>
			</report>
			<report>
				<misses>10422001</misses>
				<total>20</total>
				<timestamp>3435.822331</timestamp>
			</report>
			<report>
				<misses>10423001</misses>
				<total>20</total>
				<timestamp>3436.151982</timestamp>
			</report>
			<report>
				<misses>10424001</misses>
				<total>20</total>
				<timestamp>3436.481662</timestamp>
			</report>
			<report>
				<misses>10425001</misses>
				<total>20</total>
				<timestamp>3436.811340</timestamp>
			</report>
			<report>
				<misses>10426001</misses>
				<total>20</total>
				<timestamp>3437.140993</timestamp>
			</report>
			<report>
				<misses>10427001</misses>
				<total>20</total>
				<timestamp>3437.470753</timestamp>
			</report>
			<report>
				<misses>10428001</misses>
				<total>20</total>
				<timestamp>3437.800347</timestamp>
			</report>
			<report>
				<misses>10429001</misses>
				<total>20</total>
				<timestamp>3438.130003</timestamp>
			</report>
			<report>
				<misses>10430001</misses>
				<total>20</total>
				<timestamp>3438.459719</timestamp>
			</report>
			<report>
				<misses>10431001</misses>
				<total>20</total>
				<timestamp>3438.789363</timestamp>
			</report>
			<report>
				<misses>10432001</misses>
				<total>20</total>
				<timestamp>3439.119004</timestamp>
			</report>
			<report>
				<misses>10433001</misses>
				<total>20</total>
				<timestamp>3439.448756</timestamp>
			</report>
			<report>
				<misses>10434001</misses>
				<total>20</total>
				<timestamp>3439.778372</timestamp>
			</report>
			<report>
				<misses>10435001</misses>
				<total>20</total>
				<timestamp>3440.108029</timestamp>
			</report>
			<report>
				<misses>10436001</misses>
				<total>20</total>
				<timestamp>3440.437730</timestamp>
			</report>
			<report>
				<misses>10437001</misses>
				<total>20</total>
				<timestamp>3440.767355</timestamp>
			</report>
			<report>
				<misses>10438001</misses>
				<total>20</total>
				<timestamp>3441.097034</timestamp>
			</report>
			<report>
				<misses>10439001</misses>
				<total>20</total>
				<timestamp>3441.426760</timestamp>
			</report>
			<report>
				<misses>10440001</misses>
				<total>20</total>
				<timestamp>3441.756397</timestamp>
			</report>
			<report>
				<misses>10441001</misses>
				<total>20</total>
				<timestamp>3442.086052</timestamp>
			</report>
			<report>
				<misses>10442001</misses>
				<total>20</total>
				<timestamp>3442.415731</timestamp>
			</report>
			<report>
				<misses>10443001</misses>
				<total>20</total>
				<timestamp>3442.745376</timestamp>
			</report>
			<report>
				<misses>10444001</misses>
				<total>20</total>
				<timestamp>3443.075050</timestamp>
			</report>
			<report>
				<misses>10445001</misses>
				<total>20</total>
				<timestamp>3443.404785</timestamp>
			</report>
			<report>
				<misses>10446001</misses>
				<total>20</total>
				<timestamp>3443.734425</timestamp>
			</report>
			<report>
				<misses>10447001</misses>
				<total>20</total>
				<timestamp>3444.064074</timestamp>
			</report>
			<report>
				<misses>10448001</misses>
				<total>20</total>
				<timestamp>3444.393740</timestamp>
			</report>
			<report>
				<misses>10449001</misses>
				<total>20</total>
				<timestamp>3444.723467</timestamp>
			</report>
			<report>
				<misses>10450001</misses>
				<total>20</total>
				<timestamp>3445.053083</timestamp>
			</report>
			<report>
				<misses>10451001</misses>
				<total>20</total>
				<timestamp>3445.382747</timestamp>
			</report>
			<report>
				<misses>10452001</misses>
				<total>20</total>
				<timestamp>3445.712455</timestamp>
			</report>
			<report>
				<misses>10453001</misses>
				<total>20</total>
				<timestamp>3446.042093</timestamp>
			</report>
			<report>
				<misses>10454001</misses>
				<total>20</total>
				<timestamp>3446.371763</timestamp>
			</report>
			<report>
				<misses>10455001</misses>
				<total>20</total>
				<timestamp>3446.701430</timestamp>
			</report>
			<report>
				<misses>10456001</misses>
				<total>20</total>
				<timestamp>3447.031092</timestamp>
			</report>
			<report>
				<misses>10457001</misses>
				<total>20</total>
				<timestamp>3447.360755</timestamp>
			</report>
			<report>
				<misses>10458001</misses>
				<total>20</total>
				<timestamp>3447.690470</timestamp>
			</report>
			<report>
				<misses>10459001</misses>
				<total>20</total>
				<timestamp>3448.020117</timestamp>
			</report>
			<report>
				<misses>10460001</misses>
				<total>20</total>
				<timestamp>3448.349774</timestamp>
			</report>
			<report>
				<misses>10461001</misses>
				<total>20</total>
				<timestamp>3448.679440</timestamp>
			</report>
			<report>
				<misses>10462001</misses>
				<total>20</total>
				<timestamp>3449.009145</timestamp>
			</report>
			<report>
				<misses>10463001</misses>
				<total>20</total>
				<timestamp>3449.338802</timestamp>
			</report>
			<report>
				<misses>10464001</misses>
				<total>20</total>
				<timestamp>3449.668460</timestamp>
			</report>
			<report>
				<misses>10465001</misses>
				<total>20</total>
				<timestamp>3449.998132</timestamp>
			</report>
			<report>
				<misses>10466001</misses>
				<total>20</total>
				<timestamp>3450.327805</timestamp>
			</report>
			<report>
				<misses>10467001</misses>
				<total>20</total>
				<timestamp>3450.657457</timestamp>
			</report>
			<report>
				<misses>10468001</misses>
				<total>20</total>
				<timestamp>3450.987134</timestamp>
			</report>
			<report>
				<misses>10469001</misses>
				<total>20</total>
				<timestamp>3451.316809</timestamp>
			</report>
			<report>
				<misses>10470001</misses>
				<total>20</total>
				<timestamp>3451.646524</timestamp>
			</report>
			<report>
				<misses>10471001</misses>
				<total>20</total>
				<timestamp>3451.976139</timestamp>
			</report>
			<report>
				<misses>10472001</misses>
				<total>20</total>
				<timestamp>3452.305819</timestamp>
			</report>
			<report>
				<misses>10473001</misses>
				<total>20</total>
				<timestamp>3452.635540</timestamp>
			</report>
			<report>
				<misses>10474001</misses>
				<total>20</total>
				<timestamp>3452.965215</timestamp>
			</report>
			<report>
				<misses>10475001</misses>
				<total>20</total>
				<timestamp>3453.294828</timestamp>
			</report>
			<report>
				<misses>10476001</misses>
				<total>20</total>
				<timestamp>3453.624582</timestamp>
			</report>
			<report>
				<misses>10477001</misses>
				<total>20</total>
				<timestamp>3453.954170</timestamp>
			</report>
			<report>
				<misses>10478001</misses>
				<total>20</total>
				<timestamp>3454.283831</timestamp>
			</report>
			<report>
				<misses>10479001</misses>
				<total>20</total>
				<timestamp>3454.613584</timestamp>
			</report>
			<report>
				<misses>10480001</misses>
				<total>20</total>
				<timestamp>3454.943190</timestamp>
			</report>
			<report>
				<misses>10481001</misses>
				<total>20</total>
				<timestamp>3455.272865</timestamp>
			</report>
			<report>
				<misses>10482001</misses>
				<total>20</total>
				<timestamp>3455.602590</timestamp>
			</report>
			<report>
				<misses>10483001</misses>
				<total>20</total>
				<timestamp>3455.932183</timestamp>
			</report>
			<report>
				<misses>10484001</misses>
				<total>20</total>
				<timestamp>3456.261862</timestamp>
			</report>
			<report>
				<misses>10485001</misses>
				<total>20</total>
				<timestamp>3456.591543</timestamp>
			</report>
			<report>
				<misses>10486001</misses>
				<total>20</total>
				<timestamp>3456.921226</timestamp>
			</report>
			<report>
				<misses>10487001</misses>
				<total>20</total>
				<timestamp>3457.250867</timestamp>
			</report>
			<report>
				<misses>10488001</misses>
				<total>20</total>
				<timestamp>3457.580540</timestamp>
			</report>
			<report>
				<misses>10489001</misses>
				<total>20</total>
				<timestamp>3457.910277</timestamp>
			</report>
			<report>
				<misses>10490001</misses>
				<total>20</total>
				<timestamp>3458.239894</timestamp>
			</report>
			<report>
				<misses>10491001</misses>
				<total>20</total>
				<timestamp>3458.569606</timestamp>
			</report>
			<report>
				<misses>10492001</misses>
				<total>20</total>
				<timestamp>3458.899255</timestamp>
			</report>
			<report>
				<misses>10493001</misses>
				<total>20</total>
				<timestamp>3459.228924</timestamp>
			</report>
			<report>
				<misses>10494001</misses>
				<total>20</total>
				<timestamp>3459.558562</timestamp>
			</report>
			<report>
				<misses>10495001</misses>
				<total>20</total>
				<timestamp>3459.888229</timestamp>
			</report>
			<report>
				<misses>10496001</misses>
				<total>20</total>
				<timestamp>3460.217887</timestamp>
			</report>
			<report>
				<misses>10497001</misses>
				<total>20</total>
				<timestamp>3460.547639</timestamp>
			</report>
			<report>
				<misses>10498001</misses>
				<total>20</total>
				<timestamp>3460.877303</timestamp>
			</report>
			<report>
				<misses>10499001</misses>
				<total>20</total>
				<timestamp>3461.206909</timestamp>
			</report>
			<report>
				<misses>10500001</misses>
				<total>20</total>
				<timestamp>3461.536614</timestamp>
			</report>
			<report>
				<misses>10501001</misses>
				<total>20</total>
				<timestamp>3461.866255</timestamp>
			</report>
			<report>
				<misses>10502001</misses>
				<total>20</total>
				<timestamp>3462.195932</timestamp>
			</report>
			<report>
				<misses>10503001</misses>
				<total>20</total>
				<timestamp>3462.525633</timestamp>
			</report>
			<report>
				<misses>10504001</misses>
				<total>20</total>
				<timestamp>3462.855279</timestamp>
			</report>
			<report>
				<misses>10505001</misses>
				<total>20</total>
				<timestamp>3463.184932</timestamp>
			</report>
			<report>
				<misses>10506001</misses>
				<total>20</total>
				<timestamp>3463.514664</timestamp>
			</report>
			<report>
				<misses>10507001</misses>
				<total>20</total>
				<timestamp>3463.844289</timestamp>
			</report>
			<report>
				<misses>10508001</misses>
				<total>20</total>
				<timestamp>3464.173945</timestamp>
			</report>
			<report>
				<misses>10509001</misses>
				<total>20</total>
				<timestamp>3464.503635</timestamp>
			</report>
			<report>
				<misses>10510001</misses>
				<total>20</total>
				<timestamp>3464.833326</timestamp>
			</report>
			<report>
				<misses>10511001</misses>
				<total>20</total>
				<timestamp>3465.162953</timestamp>
			</report>
			<report>
				<misses>10512001</misses>
				<total>20</total>
				<timestamp>3465.492631</timestamp>
			</report>
			<report>
				<misses>10513001</misses>
				<total>20</total>
				<timestamp>3465.822289</timestamp>
			</report>
			<report>
				<misses>10514001</misses>
				<total>20</total>
				<timestamp>3466.151950</timestamp>
			</report>
			<report>
				<misses>10515001</misses>
				<total>20</total>
				<timestamp>3466.481658</timestamp>
			</report>
			<report>
				<misses>10516001</misses>
				<total>20</total>
				<timestamp>3466.811297</timestamp>
			</report>
			<report>
				<misses>10517001</misses>
				<total>20</total>
				<timestamp>3467.140977</timestamp>
			</report>
			<report>
				<misses>10518001</misses>
				<total>20</total>
				<timestamp>3467.470663</timestamp>
			</report>
			<report>
				<misses>10519001</misses>
				<total>20</total>
				<timestamp>3467.800323</timestamp>
			</report>
			<report>
				<misses>10520001</misses>
				<total>20</total>
				<timestamp>3468.129980</timestamp>
			</report>
			<report>
				<misses>10521001</misses>
				<total>20</total>
				<timestamp>3468.459688</timestamp>
			</report>
			<report>
				<misses>10522001</misses>
				<total>20</total>
				<timestamp>3468.789346</timestamp>
			</report>
			<report>
				<misses>10523001</misses>
				<total>20</total>
				<timestamp>3469.118982</timestamp>
			</report>
			<report>
				<misses>10524001</misses>
				<total>20</total>
				<timestamp>3469.448680</timestamp>
			</report>
			<report>
				<misses>10525001</misses>
				<total>20</total>
				<timestamp>3469.778329</timestamp>
			</report>
			<report>
				<misses>10526001</misses>
				<total>20</total>
				<timestamp>3470.107996</timestamp>
			</report>
			<report>
				<misses>10527001</misses>
				<total>20</total>
				<timestamp>3470.437672</timestamp>
			</report>
			<report>
				<misses>10528001</misses>
				<total>20</total>
				<timestamp>3470.767357</timestamp>
			</report>
			<report>
				<misses>10529001</misses>
				<total>20</total>
				<timestamp>3471.097005</timestamp>
			</report>
			<report>
				<misses>10530001</misses>
				<total>20</total>
				<timestamp>3471.426703</timestamp>
			</report>
			<report>
				<misses>10531001</misses>
				<total>20</total>
				<timestamp>3471.756424</timestamp>
			</report>
			<report>
				<misses>10532001</misses>
				<total>20</total>
				<timestamp>3472.086034</timestamp>
			</report>
			<report>
				<misses>10533001</misses>
				<total>20</total>
				<timestamp>3472.415709</timestamp>
			</report>
			<report>
				<misses>10534001</misses>
				<total>20</total>
				<timestamp>3472.745357</timestamp>
			</report>
			<report>
				<misses>10535001</misses>
				<total>20</total>
				<timestamp>3473.075045</timestamp>
			</report>
			<report>
				<misses>10536001</misses>
				<total>20</total>
				<timestamp>3473.404723</timestamp>
			</report>
			<report>
				<misses>10537001</misses>
				<total>20</total>
				<timestamp>3473.734420</timestamp>
			</report>
			<report>
				<misses>10538001</misses>
				<total>20</total>
				<timestamp>3474.064060</timestamp>
			</report>
			<report>
				<misses>10539001</misses>
				<total>20</total>
				<timestamp>3474.393707</timestamp>
			</report>
			<report>
				<misses>10540001</misses>
				<total>20</total>
				<timestamp>3474.723427</timestamp>
			</report>
			<report>
				<misses>10541001</misses>
				<total>20</total>
				<timestamp>3475.053036</timestamp>
			</report>
			<report>
				<misses>10542001</misses>
				<total>20</total>
				<timestamp>3475.382738</timestamp>
			</report>
			<report>
				<misses>10543001</misses>
				<total>20</total>
				<timestamp>3475.712468</timestamp>
			</report>
			<report>
				<misses>10544001</misses>
				<total>20</total>
				<timestamp>3476.042078</timestamp>
			</report>
			<report>
				<misses>10545001</misses>
				<total>20</total>
				<timestamp>3476.371719</timestamp>
			</report>
			<report>
				<misses>10546001</misses>
				<total>20</total>
				<timestamp>3476.701467</timestamp>
			</report>
			<report>
				<misses>10547001</misses>
				<total>20</total>
				<timestamp>3477.031098</timestamp>
			</report>
			<report>
				<misses>10548001</misses>
				<total>20</total>
				<timestamp>3477.360744</timestamp>
			</report>
			<report>
				<misses>10549001</misses>
				<total>20</total>
				<timestamp>3477.690454</timestamp>
			</report>
			<report>
				<misses>10550001</misses>
				<total>20</total>
				<timestamp>3478.020080</timestamp>
			</report>
			<report>
				<misses>10551001</misses>
				<total>20</total>
				<timestamp>3478.349790</timestamp>
			</report>
			<report>
				<misses>10552001</misses>
				<total>20</total>
				<timestamp>3478.679475</timestamp>
			</report>
			<report>
				<misses>10553001</misses>
				<total>20</total>
				<timestamp>3479.009100</timestamp>
			</report>
			<report>
				<misses>10554001</misses>
				<total>20</total>
				<timestamp>3479.338763</timestamp>
			</report>
			<report>
				<misses>10555001</misses>
				<total>20</total>
				<timestamp>3479.668544</timestamp>
			</report>
			<report>
				<misses>10556001</misses>
				<total>20</total>
				<timestamp>3479.998116</timestamp>
			</report>
			<report>
				<misses>10557001</misses>
				<total>20</total>
				<timestamp>3480.327780</timestamp>
			</report>
			<report>
				<misses>10558001</misses>
				<total>20</total>
				<timestamp>3480.657524</timestamp>
			</report>
			<report>
				<misses>10559001</misses>
				<total>20</total>
				<timestamp>3480.987138</timestamp>
			</report>
			<report>
				<misses>10560001</misses>
				<total>20</total>
				<timestamp>3481.316796</timestamp>
			</report>
			<report>
				<misses>10561001</misses>
				<total>20</total>
				<timestamp>3481.646535</timestamp>
			</report>
			<report>
				<misses>10562001</misses>
				<total>20</total>
				<timestamp>3481.976152</timestamp>
			</report>
			<report>
				<misses>10563001</misses>
				<total>20</total>
				<timestamp>3482.305797</timestamp>
			</report>
			<report>
				<misses>10564001</misses>
				<total>20</total>
				<timestamp>3482.635490</timestamp>
			</report>
			<report>
				<misses>10565001</misses>
				<total>20</total>
				<timestamp>3482.965138</timestamp>
			</report>
			<report>
				<misses>10566001</misses>
				<total>20</total>
				<timestamp>3483.294791</timestamp>
			</report>
			<report>
				<misses>10567001</misses>
				<total>20</total>
				<timestamp>3483.624533</timestamp>
			</report>
			<report>
				<misses>10568001</misses>
				<total>20</total>
				<timestamp>3483.954164</timestamp>
			</report>
			<report>
				<misses>10569001</misses>
				<total>20</total>
				<timestamp>3484.283817</timestamp>
			</report>
			<report>
				<misses>10570001</misses>
				<total>20</total>
				<timestamp>3484.613508</timestamp>
			</report>
			<report>
				<misses>10571001</misses>
				<total>20</total>
				<timestamp>3484.943162</timestamp>
			</report>
			<report>
				<misses>10572001</misses>
				<total>20</total>
				<timestamp>3485.272852</timestamp>
			</report>
			<report>
				<misses>10573001</misses>
				<total>20</total>
				<timestamp>3485.602533</timestamp>
			</report>
			<report>
				<misses>10574001</misses>
				<total>20</total>
				<timestamp>3485.932189</timestamp>
			</report>
			<report>
				<misses>10575001</misses>
				<total>20</total>
				<timestamp>3486.261830</timestamp>
			</report>
			<report>
				<misses>10576001</misses>
				<total>20</total>
				<timestamp>3486.591563</timestamp>
			</report>
			<report>
				<misses>10577001</misses>
				<total>20</total>
				<timestamp>3486.921166</timestamp>
			</report>
			<report>
				<misses>10578001</misses>
				<total>20</total>
				<timestamp>3487.250849</timestamp>
			</report>
			<report>
				<misses>10579001</misses>
				<total>20</total>
				<timestamp>3487.580561</timestamp>
			</report>
			<report>
				<misses>10580001</misses>
				<total>20</total>
				<timestamp>3487.910225</timestamp>
			</report>
			<report>
				<misses>10581001</misses>
				<total>20</total>
				<timestamp>3488.239864</timestamp>
			</report>
			<report>
				<misses>10582001</misses>
				<total>20</total>
				<timestamp>3488.569585</timestamp>
			</report>
			<report>
				<misses>10583001</misses>
				<total>20</total>
				<timestamp>3488.899213</timestamp>
			</report>
			<report>
				<misses>10584001</misses>
				<total>20</total>
				<timestamp>3489.228870</timestamp>
			</report>
			<report>
				<misses>10585001</misses>
				<total>20</total>
				<timestamp>3489.558545</timestamp>
			</report>
			<report>
				<misses>10586001</misses>
				<total>20</total>
				<timestamp>3489.888223</timestamp>
			</report>
			<report>
				<misses>10587001</misses>
				<total>20</total>
				<timestamp>3490.217864</timestamp>
			</report>
			<report>
				<misses>10588001</misses>
				<total>20</total>
				<timestamp>3490.547613</timestamp>
			</report>
			<report>
				<misses>10589001</misses>
				<total>20</total>
				<timestamp>3490.877205</timestamp>
			</report>
			<report>
				<misses>10590001</misses>
				<total>20</total>
				<timestamp>3491.206885</timestamp>
			</report>
			<report>
				<misses>10591001</misses>
				<total>20</total>
				<timestamp>3491.536539</timestamp>
			</report>
			<report>
				<misses>10592001</misses>
				<total>20</total>
				<timestamp>3491.866250</timestamp>
			</report>
			<report>
				<misses>10593001</misses>
				<total>20</total>
				<timestamp>3492.195894</timestamp>
			</report>
			<report>
				<misses>10594001</misses>
				<total>20</total>
				<timestamp>3492.525567</timestamp>
			</report>
			<report>
				<misses>10595001</misses>
				<total>20</total>
				<timestamp>3492.855237</timestamp>
			</report>
			<report>
				<misses>10596001</misses>
				<total>20</total>
				<timestamp>3493.184907</timestamp>
			</report>
			<report>
				<misses>10597001</misses>
				<total>20</total>
				<timestamp>3493.514606</timestamp>
			</report>
			<report>
				<misses>10598001</misses>
				<total>20</total>
				<timestamp>3493.844267</timestamp>
			</report>
			<report>
				<misses>10599001</misses>
				<total>20</total>
				<timestamp>3494.173905</timestamp>
			</report>
			<report>
				<misses>10600001</misses>
				<total>20</total>
				<timestamp>3494.503576</timestamp>
			</report>
			<report>
				<misses>10601001</misses>
				<total>20</total>
				<timestamp>3494.833293</timestamp>
			</report>
			<report>
				<misses>10602001</misses>
				<total>20</total>
				<timestamp>3495.162927</timestamp>
			</report>
			<report>
				<misses>10603001</misses>
				<total>20</total>
				<timestamp>3495.492587</timestamp>
			</report>
			<report>
				<misses>10604001</misses>
				<total>20</total>
				<timestamp>3495.822278</timestamp>
			</report>
			<report>
				<misses>10605001</misses>
				<total>20</total>
				<timestamp>3496.151926</timestamp>
			</report>
			<report>
				<misses>10606001</misses>
				<total>20</total>
				<timestamp>3496.481588</timestamp>
			</report>
			<report>
				<misses>10607001</misses>
				<total>20</total>
				<timestamp>3496.811269</timestamp>
			</report>
			<report>
				<misses>10608001</misses>
				<total>20</total>
				<timestamp>3497.140928</timestamp>
			</report>
			<report>
				<misses>10609001</misses>
				<total>20</total>
				<timestamp>3497.470654</timestamp>
			</report>
			<report>
				<misses>10610001</misses>
				<total>20</total>
				<timestamp>3497.800278</timestamp>
			</report>
			<report>
				<misses>10611001</misses>
				<total>20</total>
				<timestamp>3498.130000</timestamp>
			</report>
			<report>
				<misses>10612001</misses>
				<total>20</total>
				<timestamp>3498.459693</timestamp>
			</report>
			<report>
				<misses>10613001</misses>
				<total>20</total>
				<timestamp>3498.789297</timestamp>
			</report>
			<report>
				<misses>10614001</misses>
				<total>20</total>
				<timestamp>3499.119018</timestamp>
			</report>
			<report>
				<misses>10615001</misses>
				<total>20</total>
				<timestamp>3499.448620</timestamp>
			</report>
			<report>
				<misses>10616001</misses>
				<total>20</total>
				<timestamp>3499.778362</timestamp>
			</report>
			<report>
				<misses>10617001</misses>
				<total>20</total>
				<timestamp>3500.107995</timestamp>
			</report>
			<report>
				<misses>10618001</misses>
				<total>20</total>
				<timestamp>3500.437681</timestamp>
			</report>
			<report>
				<misses>10619001</misses>
				<total>20</total>
				<timestamp>3500.767356</timestamp>
			</report>
			<report>
				<misses>10620001</misses>
				<total>20</total>
				<timestamp>3501.096979</timestamp>
			</report>
			<report>
				<misses>10621001</misses>
				<total>20</total>
				<timestamp>3501.426638</timestamp>
			</report>
			<report>
				<misses>10622001</misses>
				<total>20</total>
				<timestamp>3501.756369</timestamp>
			</report>
			<report>
				<misses>10623001</misses>
				<total>20</total>
				<timestamp>3502.085995</timestamp>
			</report>
			<report>
				<misses>10624001</misses>
				<total>20</total>
				<timestamp>3502.415664</timestamp>
			</report>
			<report>
				<misses>10625001</misses>
				<total>20</total>
				<timestamp>3502.745366</timestamp>
			</report>
			<report>
				<misses>10626001</misses>
				<total>20</total>
				<timestamp>3503.075004</timestamp>
			</report>
			<report>
				<misses>10627001</misses>
				<total>20</total>
				<timestamp>3503.404694</timestamp>
			</report>
			<report>
				<misses>10628001</misses>
				<total>20</total>
				<timestamp>3503.734375</timestamp>
			</report>
			<report>
				<misses>10629001</misses>
				<total>20</total>
				<timestamp>3504.064076</timestamp>
			</report>
			<report>
				<misses>10630001</misses>
				<total>20</total>
				<timestamp>3504.393677</timestamp>
			</report>
			<report>
				<misses>10631001</misses>
				<total>20</total>
				<timestamp>3504.723392</timestamp>
			</report>
			<report>
				<misses>10632001</misses>
				<total>20</total>
				<timestamp>3505.053069</timestamp>
			</report>
			<report>
				<misses>10633001</misses>
				<total>20</total>
				<timestamp>3505.382692</timestamp>
			</report>
			<report>
				<misses>10634001</misses>
				<total>20</total>
				<timestamp>3505.712392</timestamp>
			</report>
			<report>
				<misses>10635001</misses>
				<total>20</total>
				<timestamp>3506.042078</timestamp>
			</report>
			<report>
				<misses>10636001</misses>
				<total>20</total>
				<timestamp>3506.371690</timestamp>
			</report>
			<report>
				<misses>10637001</misses>
				<total>20</total>
				<timestamp>3506.701414</timestamp>
			</report>
			<report>
				<misses>10638001</misses>
				<total>20</total>
				<timestamp>3507.031073</timestamp>
			</report>
			<report>
				<misses>10639001</misses>
				<total>20</total>
				<timestamp>3507.360698</timestamp>
			</report>
			<report>
				<misses>10640001</misses>
				<total>20</total>
				<timestamp>3507.690413</timestamp>
			</report>
			<report>
				<misses>10641001</misses>
				<total>20</total>
				<timestamp>3508.020044</timestamp>
			</report>
			<report>
				<misses>10642001</misses>
				<total>20</total>
				<timestamp>3508.349728</timestamp>
			</report>
			<report>
				<misses>10643001</misses>
				<total>20</total>
				<timestamp>3508.679444</timestamp>
			</report>
			<report>
				<misses>10644001</misses>
				<total>20</total>
				<timestamp>3509.009075</timestamp>
			</report>
			<report>
				<misses>10645001</misses>
				<total>20</total>
				<timestamp>3509.338719</timestamp>
			</report>
			<report>
				<misses>10646001</misses>
				<total>20</total>
				<timestamp>3509.668459</timestamp>
			</report>
			<report>
				<misses>10647001</misses>
				<total>20</total>
				<timestamp>3509.998098</timestamp>
			</report>
			<report>
				<misses>10648001</misses>
				<total>20</total>
				<timestamp>3510.327729</timestamp>
			</report>
			<report>
				<misses>10649001</misses>
				<total>20</total>
				<timestamp>3510.657461</timestamp>
			</report>
			<report>
				<misses>10650001</misses>
				<total>20</total>
				<timestamp>3510.987093</timestamp>
			</report>
			<report>
				<misses>10651001</misses>
				<total>20</total>
				<timestamp>3511.316747</timestamp>
			</report>
			<report>
				<misses>10652001</misses>
				<total>20</total>
				<timestamp>3511.646435</timestamp>
			</report>
			<report>
				<misses>10653001</misses>
				<total>20</total>
				<timestamp>3511.976129</timestamp>
			</report>
			<report>
				<misses>10654001</misses>
				<total>20</total>
				<timestamp>3512.305749</timestamp>
			</report>
			<report>
				<misses>10655001</misses>
				<total>20</total>
				<timestamp>3512.635429</timestamp>
			</report>
			<report>
				<misses>10656001</misses>
				<total>20</total>
				<timestamp>3512.965242</timestamp>
			</report>
			<report>
				<misses>10657001</misses>
				<total>20</total>
				<timestamp>3513.294756</timestamp>
			</report>
			<report>
				<misses>10658001</misses>
				<total>20</total>
				<timestamp>3513.624492</timestamp>
			</report>
			<report>
				<misses>10659001</misses>
				<total>20</total>
				<timestamp>3513.954174</timestamp>
			</report>
			<report>
				<misses>10660001</misses>
				<total>20</total>
				<timestamp>3514.283775</timestamp>
			</report>
			<report>
				<misses>10661001</misses>
				<total>20</total>
				<timestamp>3514.613455</timestamp>
			</report>
			<report>
				<misses>10662001</misses>
				<total>20</total>
				<timestamp>3514.943131</timestamp>
			</report>
			<report>
				<misses>10663001</misses>
				<total>20</total>
				<timestamp>3515.272779</timestamp>
			</report>
			<report>
				<misses>10664001</misses>
				<total>20</total>
				<timestamp>3515.602450</timestamp>
			</report>
			<report>
				<misses>10665001</misses>
				<total>20</total>
				<timestamp>3515.932139</timestamp>
			</report>
			<report>
				<misses>10666001</misses>
				<total>20</total>
				<timestamp>3516.261794</timestamp>
			</report>
			<report>
				<misses>10667001</misses>
				<total>20</total>
				<timestamp>3516.591485</timestamp>
			</report>
			<report>
				<misses>10668001</misses>
				<total>20</total>
				<timestamp>3516.921138</timestamp>
			</report>
			<report>
				<misses>10669001</misses>
				<total>20</total>
				<timestamp>3517.250797</timestamp>
			</report>
			<report>
				<misses>10670001</misses>
				<total>20</total>
				<timestamp>3517.580519</timestamp>
			</report>
			<report>
				<misses>10671001</misses>
				<total>20</total>
				<timestamp>3517.910144</timestamp>
			</report>
			<report>
				<misses>10672001</misses>
				<total>20</total>
				<timestamp>3518.239803</timestamp>
			</report>
			<report>
				<misses>10673001</misses>
				<total>20</total>
				<timestamp>3518.569470</timestamp>
			</report>
			<report>
				<misses>10674001</misses>
				<total>20</total>
				<timestamp>3518.899165</timestamp>
			</report>
			<report>
				<misses>10675001</misses>
				<total>20</total>
				<timestamp>3519.228828</timestamp>
			</report>
			<report>
				<misses>10676001</misses>
				<total>20</total>
				<timestamp>3519.558506</timestamp>
			</report>
			<report>
				<misses>10677001</misses>
				<total>20</total>
				<timestamp>3519.888252</timestamp>
			</report>
			<report>
				<misses>10678001</misses>
				<total>20</total>
				<timestamp>3520.217854</timestamp>
			</report>
			<report>
				<misses>10679001</misses>
				<total>20</total>
				<timestamp>3520.547514</timestamp>
			</report>
			<report>
				<misses>10680001</misses>
				<total>20</total>
				<timestamp>3520.877228</timestamp>
			</report>
			<report>
				<misses>10681001</misses>
				<total>20</total>
				<timestamp>3521.206845</timestamp>
			</report>
			<report>
				<misses>10682001</misses>
				<total>20</total>
				<timestamp>3521.536513</timestamp>
			</report>
			<report>
				<misses>10683001</misses>
				<total>20</total>
				<timestamp>3521.866184</timestamp>
			</report>
			<report>
				<misses>10684001</misses>
				<total>20</total>
				<timestamp>3522.195863</timestamp>
			</report>
			<report>
				<misses>10685001</misses>
				<total>20</total>
				<timestamp>3522.525519</timestamp>
			</report>
			<report>
				<misses>10686001</misses>
				<total>20</total>
				<timestamp>3522.855264</timestamp>
			</report>
			<report>
				<misses>10687001</misses>
				<total>20</total>
				<timestamp>3523.184890</timestamp>
			</report>
			<report>
				<misses>10688001</misses>
				<total>20</total>
				<timestamp>3523.514526</timestamp>
			</report>
			<report>
				<misses>10689001</misses>
				<total>20</total>
				<timestamp>3523.844214</timestamp>
			</report>
			<report>
				<misses>10690001</misses>
				<total>20</total>
				<timestamp>3524.173876</timestamp>
			</report>
			<report>
				<misses>10691001</misses>
				<total>20</total>
				<timestamp>3524.503532</timestamp>
			</report>
			<report>
				<misses>10692001</misses>
				<total>20</total>
				<timestamp>3524.833255</timestamp>
			</report>
			<report>
				<misses>10693001</misses>
				<total>20</total>
				<timestamp>3525.162906</timestamp>
			</report>
			<report>
				<misses>10694001</misses>
				<total>20</total>
				<timestamp>3525.492540</timestamp>
			</report>
			<report>
				<misses>10695001</misses>
				<total>20</total>
				<timestamp>3525.822249</timestamp>
			</report>
			<report>
				<misses>10696001</misses>
				<total>20</total>
				<timestamp>3526.151910</timestamp>
			</report>
			<report>
				<misses>10697001</misses>
				<total>20</total>
				<timestamp>3526.481565</timestamp>
			</report>
			<report>
				<misses>10698001</misses>
				<total>20</total>
				<timestamp>3526.811282</timestamp>
			</report>
			<report>
				<misses>10699001</misses>
				<total>20</total>
				<timestamp>3527.140899</timestamp>
			</report>
			<report>
				<misses>10700001</misses>
				<total>20</total>
				<timestamp>3527.470575</timestamp>
			</report>
			<report>
				<misses>10701001</misses>
				<total>20</total>
				<timestamp>3527.800277</timestamp>
			</report>
			<report>
				<misses>10702001</misses>
				<total>20</total>
				<timestamp>3528.129938</timestamp>
			</report>
			<report>
				<misses>10703001</misses>
				<total>20</total>
				<timestamp>3528.459593</timestamp>
			</report>
			<report>
				<misses>10704001</misses>
				<total>20</total>
				<timestamp>3528.789313</timestamp>
			</report>
			<report>
				<misses>10705001</misses>
				<total>20</total>
				<timestamp>3529.118956</timestamp>
			</report>
			<report>
				<misses>10706001</misses>
				<total>20</total>
				<timestamp>3529.448587</timestamp>
			</report>
			<report>
				<misses>10707001</misses>
				<total>20</total>
				<timestamp>3529.778330</timestamp>
			</report>
			<report>
				<misses>10708001</misses>
				<total>20</total>
				<timestamp>3530.107989</timestamp>
			</report>
			<report>
				<misses>10709001</misses>
				<total>20</total>
				<timestamp>3530.437616</timestamp>
			</report>
			<report>
				<misses>10710001</misses>
				<total>20</total>
				<timestamp>3530.767302</timestamp>
			</report>
			<report>
				<misses>10711001</misses>
				<total>20</total>
				<timestamp>3531.096970</timestamp>
			</report>
			<report>
				<misses>10712001</misses>
				<total>20</total>
				<timestamp>3531.426613</timestamp>
			</report>
			<report>
				<misses>10713001</misses>
				<total>20</total>
				<timestamp>3531.756360</timestamp>
			</report>
			<report>
				<misses>10714001</misses>
				<total>20</total>
				<timestamp>3532.085975</timestamp>
			</report>
			<report>
				<misses>10715001</misses>
				<total>20</total>
				<timestamp>3532.415635</timestamp>
			</report>
			<report>
				<misses>10716001</misses>
				<total>20</total>
				<timestamp>3532.745304</timestamp>
			</report>
			<report>
				<misses>10717001</misses>
				<total>20</total>
				<timestamp>3533.075018</timestamp>
			</report>
			<report>
				<misses>10718001</misses>
				<total>20</total>
				<timestamp>3533.404671</timestamp>
			</report>
			<report>
				<misses>10719001</misses>
				<total>20</total>
				<timestamp>3533.734316</timestamp>
			</report>
			<report>
				<misses>10720001</misses>
				<total>20</total>
				<timestamp>3534.064001</timestamp>
			</report>
			<report>
				<misses>10721001</misses>
				<total>20</total>
				<timestamp>3534.393659</timestamp>
			</report>
			<report>
				<misses>10722001</misses>
				<total>20</total>
				<timestamp>3534.723328</timestamp>
			</report>
			<report>
				<misses>10723001</misses>
				<total>20</total>
				<timestamp>3535.053113</timestamp>
			</report>
			<report>
				<misses>10724001</misses>
				<total>20</total>
				<timestamp>3535.382679</timestamp>
			</report>
			<report>
				<misses>10725001</misses>
				<total>20</total>
				<timestamp>3535.712382</timestamp>
			</report>
			<report>
				<misses>10726001</misses>
				<total>20</total>
				<timestamp>3536.042030</timestamp>
			</report>
			<report>
				<misses>10727001</misses>
				<total>20</total>
				<timestamp>3536.371667</timestamp>
			</report>
			<report>
				<misses>10728001</misses>
				<total>21</total>
				<timestamp>3536.701348</timestamp>
			</report>
			<report>
				<misses>10729001</misses>
				<total>21</total>
				<timestamp>3537.031023</timestamp>
			</report>
			<report>
				<misses>10730001</misses>
				<total>21</total>
				<timestamp>3537.360673</timestamp>
			</report>
			<report>
				<misses>10731001</misses>
				<total>21</total>
				<timestamp>3537.690377</timestamp>
			</report>
			<report>
				<misses>10732001</misses>
				<total>21</total>
				<timestamp>3538.020045</timestamp>
			</report>
			<report>
				<misses>10733001</misses>
				<total>21</total>
				<timestamp>3538.349691</timestamp>
			</report>
			<report>
				<misses>10734001</misses>
				<total>21</total>
				<timestamp>3538.679362</timestamp>
			</report>
			<report>
				<misses>10735001</misses>
				<total>21</total>
				<timestamp>3539.009030</timestamp>
			</report>
			<report>
				<misses>10736001</misses>
				<total>21</total>
				<timestamp>3539.338696</timestamp>
			</report>
			<report>
				<misses>10737001</misses>
				<total>21</total>
				<timestamp>3539.668362</timestamp>
			</report>
			<report>
				<misses>10738001</misses>
				<total>21</total>
				<timestamp>3539.998037</timestamp>
			</report>
			<report>
				<misses>10739001</misses>
				<total>21</total>
				<timestamp>3540.327713</timestamp>
			</report>
			<report>
				<misses>10740001</misses>
				<total>21</total>
				<timestamp>3540.657382</timestamp>
			</report>
			<report>
				<misses>10741001</misses>
				<total>21</total>
				<timestamp>3540.987041</timestamp>
			</report>
			<report>
				<misses>10742001</misses>
				<total>21</total>
				<timestamp>3541.316720</timestamp>
			</report>
			<report>
				<misses>10743001</misses>
				<total>21</total>
				<timestamp>3541.646385</timestamp>
			</report>
			<report>
				<misses>10744001</misses>
				<total>21</total>
				<timestamp>3541.976057</timestamp>
			</report>
			<report>
				<misses>10745001</misses>
				<total>21</total>
				<timestamp>3542.305730</timestamp>
			</report>
			<report>
				<misses>10746001</misses>
				<total>21</total>
				<timestamp>3542.635382</timestamp>
			</report>
			<report>
				<misses>10747001</misses>
				<total>21</total>
				<timestamp>3542.965064</timestamp>
			</report>
			<report>
				<misses>10748001</misses>
				<total>21</total>
				<timestamp>3543.294763</timestamp>
			</report>
			<report>
				<misses>10749001</misses>
				<total>21</total>
				<timestamp>3543.624401</timestamp>
			</report>
			<report>
				<misses>10750001</misses>
				<total>21</total>
				<timestamp>3543.954072</timestamp>
			</report>
			<report>
				<misses>10751001</misses>
				<total>21</total>
				<timestamp>3544.283748</timestamp>
			</report>
			<report>
				<misses>10752001</misses>
				<total>21</total>
				<timestamp>3544.613422</timestamp>
			</report>
			<report>
				<misses>10753001</misses>
				<total>21</total>
				<timestamp>3544.943140</timestamp>
			</report>
			<report>
				<misses>10754001</misses>
				<total>21</total>
				<timestamp>3545.272771</timestamp>
			</report>
			<report>
				<misses>10755001</misses>
				<total>21</total>
				<timestamp>3545.602461</timestamp>
			</report>
			<report>
				<misses>10756001</misses>
				<total>21</total>
				<timestamp>3545.932110</timestamp>
			</report>
			<report>
				<misses>10757001</misses>
				<total>21</total>
				<timestamp>3546.261809</timestamp>
			</report>
			<report>
				<misses>10758001</misses>
				<total>21</total>
				<timestamp>3546.591505</timestamp>
			</report>
			<report>
				<misses>10759001</misses>
				<total>21</total>
				<timestamp>3546.921173</timestamp>
			</report>
			<report>
				<misses>10760001</misses>
				<total>21</total>
				<timestamp>3547.250883</timestamp>
			</report>
			<report>
				<misses>10761001</misses>
				<total>21</total>
				<timestamp>3547.580557</timestamp>
			</report>
			<report>
				<misses>10762001</misses>
				<total>21</total>
				<timestamp>3547.910219</timestamp>
			</report>
			<report>
				<misses>10763001</misses>
				<total>21</total>
				<timestamp>3548.239806</timestamp>
			</report>
			<report>
				<misses>10764001</misses>
				<total>21</total>
				<timestamp>3548.569454</timestamp>
			</report>
			<report>
				<misses>10765001</misses>
				<total>21</total>
				<timestamp>3548.899126</timestamp>
			</report>
			<report>
				<misses>10766001</misses>
				<total>21</total>
				<timestamp>3549.228834</timestamp>
			</report>
			<report>
				<misses>10767001</misses>
				<total>21</total>
				<timestamp>3549.558462</timestamp>
			</report>
			<report>
				<misses>10768001</misses>
				<total>21</total>
				<timestamp>3549.888157</timestamp>
			</report>
			<report>
				<misses>10769001</misses>
				<total>21</total>
				<timestamp>3550.217824</timestamp>
			</report>
			<report>
				<misses>10770001</misses>
				<total>21</total>
				<timestamp>3550.547481</timestamp>
			</report>
			<report>
				<misses>10771001</misses>
				<total>21</total>
				<timestamp>3550.877184</timestamp>
			</report>
			<report>
				<misses>10772001</misses>
				<total>21</total>
				<timestamp>3551.206811</timestamp>
			</report>
			<report>
				<misses>10773001</misses>
				<total>21</total>
				<timestamp>3551.536504</timestamp>
			</report>
			<report>
				<misses>10774001</misses>
				<total>21</total>
				<timestamp>3551.866176</timestamp>
			</report>
			<report>
				<misses>10775001</misses>
				<total>21</total>
				<timestamp>3552.195823</timestamp>
			</report>
			<report>
				<misses>10776001</misses>
				<total>21</total>
				<timestamp>3552.525511</timestamp>
			</report>
			<report>
				<misses>10777001</misses>
				<total>21</total>
				<timestamp>3552.855196</timestamp>
			</report>
			<report>
				<misses>10778001</misses>
				<total>21</total>
				<timestamp>3553.184852</timestamp>
			</report>
			<report>
				<misses>10779001</misses>
				<total>21</total>
				<timestamp>3553.514501</timestamp>
			</report>
			<report>
				<misses>10780001</misses>
				<total>21</total>
				<timestamp>3553.844241</timestamp>
			</report>
			<report>
				<misses>10781001</misses>
				<total>21</total>
				<timestamp>3554.173890</timestamp>
			</report>
			<report>
				<misses>10782001</misses>
				<total>21</total>
				<timestamp>3554.503519</timestamp>
			</report>
			<report>
				<misses>10783001</misses>
				<total>21</total>
				<timestamp>3554.833210</timestamp>
			</report>
			<report>
				<misses>10784001</misses>
				<total>21</total>
				<timestamp>3555.162880</timestamp>
			</report>
			<report>
				<misses>10785001</misses>
				<total>21</total>
				<timestamp>3555.492545</timestamp>
			</report>
			<report>
				<misses>10786001</misses>
				<total>21</total>
				<timestamp>3555.822262</timestamp>
			</report>
			<report>
				<misses>10787001</misses>
				<total>21</total>
				<timestamp>3556.151882</timestamp>
			</report>
			<report>
				<misses>10788001</misses>
				<total>21</total>
				<timestamp>3556.481536</timestamp>
			</report>
			<report>
				<misses>10789001</misses>
				<total>21</total>
				<timestamp>3556.811270</timestamp>
			</report>
			<report>
				<misses>10790001</misses>
				<total>21</total>
				<timestamp>3557.140895</timestamp>
			</report>
			<report>
				<misses>10791001</misses>
				<total>21</total>
				<timestamp>3557.470550</timestamp>
			</report>
			<report>
				<misses>10792001</misses>
				<total>21</total>
				<timestamp>3557.800219</timestamp>
			</report>
			<report>
				<misses>10793001</misses>
				<total>21</total>
				<timestamp>3558.129904</timestamp>
			</report>
			<report>
				<misses>10794001</misses>
				<total>21</total>
				<timestamp>3558.459559</timestamp>
			</report>
			<report>
				<misses>10795001</misses>
				<total>21</total>
				<timestamp>3558.789234</timestamp>
			</report>
			<report>
				<misses>10796001</misses>
				<total>21</total>
				<timestamp>3559.118894</timestamp>
			</report>
			<report>
				<misses>10797001</misses>
				<total>21</total>
				<timestamp>3559.448580</timestamp>
			</report>
			<report>
				<misses>10798001</misses>
				<total>21</total>
				<timestamp>3559.778250</timestamp>
			</report>
			<report>
				<misses>10799001</misses>
				<total>21</total>
				<timestamp>3560.107921</timestamp>
			</report>
			<report>
				<misses>10800001</misses>
				<total>21</total>
				<timestamp>3560.437576</timestamp>
			</report>
			<report>
				<misses>10801001</misses>
				<total>21</total>
				<timestamp>3560.767292</timestamp>
			</report>
			<report>
				<misses>10802001</misses>
				<total>21</total>
				<timestamp>3561.096935</timestamp>
			</report>
			<report>
				<misses>10803001</misses>
				<total>21</total>
				<timestamp>3561.426593</timestamp>
			</report>
			<report>
				<misses>10804001</misses>
				<total>21</total>
				<timestamp>3561.756335</timestamp>
			</report>
			<report>
				<misses>10805001</misses>
				<total>21</total>
				<timestamp>3562.085924</timestamp>
			</report>
			<report>
				<misses>10806001</misses>
				<total>21</total>
				<timestamp>3562.415596</timestamp>
			</report>
			<report>
				<misses>10807001</misses>
				<total>21</total>
				<timestamp>3562.745280</timestamp>
			</report>
			<report>
				<misses>10808001</misses>
				<total>21</total>
				<timestamp>3563.074947</timestamp>
			</report>
			<report>
				<misses>10809001</misses>
				<total>21</total>
				<timestamp>3563.404667</timestamp>
			</report>
			<report>
				<misses>10810001</misses>
				<total>21</total>
				<timestamp>3563.734277</timestamp>
			</report>
			<report>
				<misses>10811001</misses>
				<total>21</total>
				<timestamp>3564.063941</timestamp>
			</report>
			<report>
				<misses>10812001</misses>
				<total>21</total>
				<timestamp>3564.393647</timestamp>
			</report>
			<report>
				<misses>10813001</misses>
				<total>21</total>
				<timestamp>3564.723305</timestamp>
			</report>
			<report>
				<misses>10814001</misses>
				<total>21</total>
				<timestamp>3565.052978</timestamp>
			</report>
			<report>
				<misses>10815001</misses>
				<total>21</total>
				<timestamp>3565.382663</timestamp>
			</report>
			<report>
				<misses>10816001</misses>
				<total>21</total>
				<timestamp>3565.712313</timestamp>
			</report>
			<report>
				<misses>10817001</misses>
				<total>21</total>
				<timestamp>3566.041994</timestamp>
			</report>
			<report>
				<misses>10818001</misses>
				<total>21</total>
				<timestamp>3566.371678</timestamp>
			</report>
			<report>
				<misses>10819001</misses>
				<total>21</total>
				<timestamp>3566.701325</timestamp>
			</report>
			<report>
				<misses>10820001</misses>
				<total>21</total>
				<timestamp>3567.031045</timestamp>
			</report>
			<report>
				<misses>10821001</misses>
				<total>21</total>
				<timestamp>3567.360714</timestamp>
			</report>
			<report>
				<misses>10822001</misses>
				<total>21</total>
				<timestamp>3567.690331</timestamp>
			</report>
			<report>
				<misses>10823001</misses>
				<total>21</total>
				<timestamp>3568.019998</timestamp>
			</report>
			<report>
				<misses>10824001</misses>
				<total>21</total>
				<timestamp>3568.349754</timestamp>
			</report>
			<report>
				<misses>10825001</misses>
				<total>21</total>
				<timestamp>3568.679322</timestamp>
			</report>
			<report>
				<misses>10826001</misses>
				<total>21</total>
				<timestamp>3569.009039</timestamp>
			</report>
			<report>
				<misses>10827001</misses>
				<total>21</total>
				<timestamp>3569.338682</timestamp>
			</report>
			<report>
				<misses>10828001</misses>
				<total>21</total>
				<timestamp>3569.668346</timestamp>
			</report>
			<report>
				<misses>10829001</misses>
				<total>21</total>
				<timestamp>3569.998057</timestamp>
			</report>
			<report>
				<misses>10830001</misses>
				<total>21</total>
				<timestamp>3570.327691</timestamp>
			</report>
			<report>
				<misses>10831001</misses>
				<total>21</total>
				<timestamp>3570.657357</timestamp>
			</report>
			<report>
				<misses>10832001</misses>
				<total>21</total>
				<timestamp>3570.987042</timestamp>
			</report>
			<report>
				<misses>10833001</misses>
				<total>21</total>
				<timestamp>3571.316677</timestamp>
			</report>
			<report>
				<misses>10834001</misses>
				<total>21</total>
				<timestamp>3571.646376</timestamp>
			</report>
			<report>
				<misses>10835001</misses>
				<total>21</total>
				<timestamp>3571.976049</timestamp>
			</report>
			<report>
				<misses>10836001</misses>
				<total>21</total>
				<timestamp>3572.305714</timestamp>
			</report>
			<report>
				<misses>10837001</misses>
				<total>21</total>
				<timestamp>3572.635384</timestamp>
			</report>
			<report>
				<misses>10838001</misses>
				<total>21</total>
				<timestamp>3572.965038</timestamp>
			</report>
			<report>
				<misses>10839001</misses>
				<total>21</total>
				<timestamp>3573.294718</timestamp>
			</report>
			<report>
				<misses>10840001</misses>
				<total>21</total>
				<timestamp>3573.624364</timestamp>
			</report>
			<report>
				<misses>10841001</misses>
				<total>21</total>
				<timestamp>3573.954034</timestamp>
			</report>
			<report>
				<misses>10842001</misses>
				<total>21</total>
				<timestamp>3574.283744</timestamp>
			</report>
			<report>
				<misses>10843001</misses>
				<total>21</total>
				<timestamp>3574.613388</timestamp>
			</report>
			<report>
				<misses>10844001</misses>
				<total>21</total>
				<timestamp>3574.943066</timestamp>
			</report>
			<report>
				<misses>10845001</misses>
				<total>21</total>
				<timestamp>3575.272751</timestamp>
			</report>
			<report>
				<misses>10846001</misses>
				<total>21</total>
				<timestamp>3575.602411</timestamp>
			</report>
			<report>
				<misses>10847001</misses>
				<total>21</total>
				<timestamp>3575.932087</timestamp>
			</report>
			<report>
				<misses>10848001</misses>
				<total>21</total>
				<timestamp>3576.261771</timestamp>
			</report>
			<report>
				<misses>10849001</misses>
				<total>21</total>
				<timestamp>3576.591403</timestamp>
			</report>
			<report>
				<misses>10850001</misses>
				<total>21</total>
				<timestamp>3576.921153</timestamp>
			</report>
			<report>
				<misses>10851001</misses>
				<total>21</total>
				<timestamp>3577.250757</timestamp>
			</report>
			<report>
				<misses>10852001</misses>
				<total>21</total>
				<timestamp>3577.580426</timestamp>
			</report>
			<report>
				<misses>10853001</misses>
				<total>21</total>
				<timestamp>3577.910124</timestamp>
			</report>
			<report>
				<misses>10854001</misses>
				<total>21</total>
				<timestamp>3578.239765</timestamp>
			</report>
			<report>
				<misses>10855001</misses>
				<total>21</total>
				<timestamp>3578.569421</timestamp>
			</report>
			<report>
				<misses>10856001</misses>
				<total>21</total>
				<timestamp>3578.899187</timestamp>
			</report>
			<report>
				<misses>10857001</misses>
				<total>21</total>
				<timestamp>3579.228773</timestamp>
			</report>
			<report>
				<misses>10858001</misses>
				<total>21</total>
				<timestamp>3579.558438</timestamp>
			</report>
			<report>
				<misses>10859001</misses>
				<total>21</total>
				<timestamp>3579.888163</timestamp>
			</report>
			<report>
				<misses>10860001</misses>
				<total>21</total>
				<timestamp>3580.217779</timestamp>
			</report>
			<report>
				<misses>10861001</misses>
				<total>21</total>
				<timestamp>3580.547456</timestamp>
			</report>
			<report>
				<misses>10862001</misses>
				<total>21</total>
				<timestamp>3580.877149</timestamp>
			</report>
			<report>
				<misses>10863001</misses>
				<total>21</total>
				<timestamp>3581.206781</timestamp>
			</report>
			<report>
				<misses>10864001</misses>
				<total>21</total>
				<timestamp>3581.536462</timestamp>
			</report>
			<report>
				<misses>10865001</misses>
				<total>21</total>
				<timestamp>3581.866134</timestamp>
			</report>
			<report>
				<misses>10866001</misses>
				<total>21</total>
				<timestamp>3582.195800</timestamp>
			</report>
			<report>
				<misses>10867001</misses>
				<total>21</total>
				<timestamp>3582.525454</timestamp>
			</report>
			<report>
				<misses>10868001</misses>
				<total>21</total>
				<timestamp>3582.855204</timestamp>
			</report>
			<report>
				<misses>10869001</misses>
				<total>21</total>
				<timestamp>3583.184866</timestamp>
			</report>
			<report>
				<misses>10870001</misses>
				<total>21</total>
				<timestamp>3583.514486</timestamp>
			</report>
			<report>
				<misses>10871001</misses>
				<total>21</total>
				<timestamp>3583.844162</timestamp>
			</report>
			<report>
				<misses>10872001</misses>
				<total>21</total>
				<timestamp>3584.173818</timestamp>
			</report>
			<report>
				<misses>10873001</misses>
				<total>21</total>
				<timestamp>3584.503513</timestamp>
			</report>
			<report>
				<misses>10874001</misses>
				<total>21</total>
				<timestamp>3584.833163</timestamp>
			</report>
			<report>
				<misses>10875001</misses>
				<total>21</total>
				<timestamp>3585.162825</timestamp>
			</report>
			<report>
				<misses>10876001</misses>
				<total>21</total>
				<timestamp>3585.492557</timestamp>
			</report>
			<report>
				<misses>10877001</misses>
				<total>21</total>
				<timestamp>3585.822176</timestamp>
			</report>
			<report>
				<misses>10878001</misses>
				<total>21</total>
				<timestamp>3586.151846</timestamp>
			</report>
			<report>
				<misses>10879001</misses>
				<total>21</total>
				<timestamp>3586.481527</timestamp>
			</report>
			<report>
				<misses>10880001</misses>
				<total>21</total>
				<timestamp>3586.811189</timestamp>
			</report>
			<report>
				<misses>10881001</misses>
				<total>21</total>
				<timestamp>3587.140854</timestamp>
			</report>
			<report>
				<misses>10882001</misses>
				<total>21</total>
				<timestamp>3587.470520</timestamp>
			</report>
			<report>
				<misses>10883001</misses>
				<total>21</total>
				<timestamp>3587.800192</timestamp>
			</report>
			<report>
				<misses>10884001</misses>
				<total>21</total>
				<timestamp>3588.129918</timestamp>
			</report>
			<report>
				<misses>10885001</misses>
				<total>21</total>
				<timestamp>3588.459550</timestamp>
			</report>
			<report>
				<misses>10886001</misses>
				<total>21</total>
				<timestamp>3588.789222</timestamp>
			</report>
			<report>
				<misses>10887001</misses>
				<total>21</total>
				<timestamp>3589.118870</timestamp>
			</report>
			<report>
				<misses>10888001</misses>
				<total>21</total>
				<timestamp>3589.448576</timestamp>
			</report>
			<report>
				<misses>10889001</misses>
				<total>21</total>
				<timestamp>3589.778219</timestamp>
			</report>
			<report>
				<misses>10890001</misses>
				<total>21</total>
				<timestamp>3590.107903</timestamp>
			</report>
			<report>
				<misses>10891001</misses>
				<total>21</total>
				<timestamp>3590.437545</timestamp>
			</report>
			<report>
				<misses>10892001</misses>
				<total>21</total>
				<timestamp>3590.767233</timestamp>
			</report>
			<report>
				<misses>10893001</misses>
				<total>21</total>
				<timestamp>3591.096905</timestamp>
			</report>
			<report>
				<misses>10894001</misses>
				<total>21</total>
				<timestamp>3591.426578</timestamp>
			</report>
			<report>
				<misses>10895001</misses>
				<total>21</total>
				<timestamp>3591.756239</timestamp>
			</report>
			<report>
				<misses>10896001</misses>
				<total>21</total>
				<timestamp>3592.085940</timestamp>
			</report>
			<report>
				<misses>10897001</misses>
				<total>21</total>
				<timestamp>3592.415593</timestamp>
			</report>
			<report>
				<misses>10898001</misses>
				<total>21</total>
				<timestamp>3592.745233</timestamp>
			</report>
			<report>
				<misses>10899001</misses>
				<total>21</total>
				<timestamp>3593.074957</timestamp>
			</report>
			<report>
				<misses>10900001</misses>
				<total>21</total>
				<timestamp>3593.404606</timestamp>
			</report>
			<report>
				<misses>10901001</misses>
				<total>21</total>
				<timestamp>3593.734249</timestamp>
			</report>
			<report>
				<misses>10902001</misses>
				<total>21</total>
				<timestamp>3594.063986</timestamp>
			</report>
			<report>
				<misses>10903001</misses>
				<total>21</total>
				<timestamp>3594.393598</timestamp>
			</report>
			<report>
				<misses>10904001</misses>
				<total>21</total>
				<timestamp>3594.723290</timestamp>
			</report>
			<report>
				<misses>10905001</misses>
				<total>21</total>
				<timestamp>3595.052923</timestamp>
			</report>
			<report>
				<misses>10906001</misses>
				<total>21</total>
				<timestamp>3595.382623</timestamp>
			</report>
			<report>
				<misses>10907001</misses>
				<total>21</total>
				<timestamp>3595.712299</timestamp>
			</report>
			<report>
				<misses>10908001</misses>
				<total>21</total>
				<timestamp>3596.041990</timestamp>
			</report>
			<report>
				<misses>10909001</misses>
				<total>21</total>
				<timestamp>3596.371624</timestamp>
			</report>
			<report>
				<misses>10910001</misses>
				<total>21</total>
				<timestamp>3596.701275</timestamp>
			</report>
			<report>
				<misses>10911001</misses>
				<total>21</total>
				<timestamp>3597.030951</timestamp>
			</report>
			<report>
				<misses>10912001</misses>
				<total>21</total>
				<timestamp>3597.360633</timestamp>
			</report>
			<report>
				<misses>10913001</misses>
				<total>21</total>
				<timestamp>3597.690284</timestamp>
			</report>
			<report>
				<misses>10914001</misses>
				<total>21</total>
				<timestamp>3598.019980</timestamp>
			</report>
			<report>
				<misses>10915001</misses>
				<total>21</total>
				<timestamp>3598.349625</timestamp>
			</report>
			<report>
				<misses>10916001</misses>
				<total>21</total>
				<timestamp>3598.679295</timestamp>
			</report>
			<report>
				<misses>10917001</misses>
				<total>21</total>
				<timestamp>3599.008977</timestamp>
			</report>
			<report>
				<misses>10918001</misses>
				<total>21</total>
				<timestamp>3599.338651</timestamp>
			</report>
			<report>
				<misses>10919001</misses>
				<total>21</total>
				<timestamp>3599.668300</timestamp>
			</report>
			<report>
				<misses>10920001</misses>
				<total>21</total>
				<timestamp>3599.998048</timestamp>
			</report>
			<report>
				<misses>10921001</misses>
				<total>21</total>
				<timestamp>3600.327670</timestamp>
			</report>
			<report>
				<misses>10922001</misses>
				<total>21</total>
				<timestamp>3600.657325</timestamp>
			</report>
			<report>
				<misses>10923001</misses>
				<total>21</total>
				<timestamp>3600.987014</timestamp>
			</report>
			<report>
				<misses>10924001</misses>
				<total>21</total>
				<timestamp>3601.316662</timestamp>
			</report>
			<report>
				<misses>10925001</misses>
				<total>21</total>
				<timestamp>3601.646333</timestamp>
			</report>
			<report>
				<misses>10926001</misses>
				<total>21</total>
				<timestamp>3601.976034</timestamp>
			</report>
			<report>
				<misses>10927001</misses>
				<total>21</total>
				<timestamp>3602.305679</timestamp>
			</report>
			<report>
				<misses>10928001</misses>
				<total>21</total>
				<timestamp>3602.635349</timestamp>
			</report>
			<report>
				<misses>10929001</misses>
				<total>21</total>
				<timestamp>3602.965036</timestamp>
			</report>
			<report>
				<misses>10930001</misses>
				<total>21</total>
				<timestamp>3603.294695</timestamp>
			</report>
			<report>
				<misses>10931001</misses>
				<total>21</total>
				<timestamp>3603.624353</timestamp>
			</report>
			<report>
				<misses>10932001</misses>
				<total>21</total>
				<timestamp>3603.954029</timestamp>
			</report>
			<report>
				<misses>10933001</misses>
				<total>21</total>
				<timestamp>3604.283700</timestamp>
			</report>
			<report>
				<misses>10934001</misses>
				<total>21</total>
				<timestamp>3604.613358</timestamp>
			</report>
			<report>
				<misses>10935001</misses>
				<total>21</total>
				<timestamp>3604.943043</timestamp>
			</report>
			<report>
				<misses>10936001</misses>
				<total>21</total>
				<timestamp>3605.272779</timestamp>
			</report>
			<report>
				<misses>10937001</misses>
				<total>21</total>
				<timestamp>3605.602399</timestamp>
			</report>
			<report>
				<misses>10938001</misses>
				<total>21</total>
				<timestamp>3605.932048</timestamp>
			</report>
			<report>
				<misses>10939001</misses>
				<total>21</total>
				<timestamp>3606.261705</timestamp>
			</report>
			<report>
				<misses>10940001</misses>
				<total>21</total>
				<timestamp>3606.591406</timestamp>
			</report>
			<report>
				<misses>10941001</misses>
				<total>21</total>
				<timestamp>3606.921080</timestamp>
			</report>
			<report>
				<misses>10942001</misses>
				<total>21</total>
				<timestamp>3607.250734</timestamp>
			</report>
			<report>
				<misses>10943001</misses>
				<total>21</total>
				<timestamp>3607.580431</timestamp>
			</report>
			<report>
				<misses>10944001</misses>
				<total>21</total>
				<timestamp>3607.910046</timestamp>
			</report>
			<report>
				<misses>10945001</misses>
				<total>21</total>
				<timestamp>3608.239717</timestamp>
			</report>
			<report>
				<misses>10946001</misses>
				<total>21</total>
				<timestamp>3608.569447</timestamp>
			</report>
			<report>
				<misses>10947001</misses>
				<total>21</total>
				<timestamp>3608.899088</timestamp>
			</report>
			<report>
				<misses>10948001</misses>
				<total>21</total>
				<timestamp>3609.228761</timestamp>
			</report>
			<report>
				<misses>10949001</misses>
				<total>21</total>
				<timestamp>3609.558509</timestamp>
			</report>
			<report>
				<misses>10950001</misses>
				<total>21</total>
				<timestamp>3609.888177</timestamp>
			</report>
			<report>
				<misses>10951001</misses>
				<total>21</total>
				<timestamp>3610.217747</timestamp>
			</report>
			<report>
				<misses>10952001</misses>
				<total>21</total>
				<timestamp>3610.547442</timestamp>
			</report>
			<report>
				<misses>10953001</misses>
				<total>21</total>
				<timestamp>3610.877088</timestamp>
			</report>
			<report>
				<misses>10954001</misses>
				<total>21</total>
				<timestamp>3611.206769</timestamp>
			</report>
			<report>
				<misses>10955001</misses>
				<total>21</total>
				<timestamp>3611.536463</timestamp>
			</report>
			<report>
				<misses>10956001</misses>
				<total>21</total>
				<timestamp>3611.866117</timestamp>
			</report>
			<report>
				<misses>10957001</misses>
				<total>21</total>
				<timestamp>3612.195786</timestamp>
			</report>
			<report>
				<misses>10958001</misses>
				<total>21</total>
				<timestamp>3612.525458</timestamp>
			</report>
			<report>
				<misses>10959001</misses>
				<total>21</total>
				<timestamp>3612.855122</timestamp>
			</report>
			<report>
				<misses>10960001</misses>
				<total>21</total>
				<timestamp>3613.184840</timestamp>
			</report>
			<report>
				<misses>10961001</misses>
				<total>21</total>
				<timestamp>3613.514479</timestamp>
			</report>
			<report>
				<misses>10962001</misses>
				<total>21</total>
				<timestamp>3613.844150</timestamp>
			</report>
			<report>
				<misses>10963001</misses>
				<total>21</total>
				<timestamp>3614.173857</timestamp>
			</report>
			<report>
				<misses>10964001</misses>
				<total>21</total>
				<timestamp>3614.503508</timestamp>
			</report>
			<report>
				<misses>10965001</misses>
				<total>21</total>
				<timestamp>3614.833176</timestamp>
			</report>
			<report>
				<misses>10966001</misses>
				<total>21</total>
				<timestamp>3615.162876</timestamp>
			</report>
			<report>
				<misses>10967001</misses>
				<total>21</total>
				<timestamp>3615.492509</timestamp>
			</report>
			<report>
				<misses>10968001</misses>
				<total>21</total>
				<timestamp>3615.822163</timestamp>
			</report>
			<report>
				<misses>10969001</misses>
				<total>21</total>
				<timestamp>3616.151845</timestamp>
			</report>
			<report>
				<misses>10970001</misses>
				<total>21</total>
				<timestamp>3616.481490</timestamp>
			</report>
			<report>
				<misses>10971001</misses>
				<total>21</total>
				<timestamp>3616.811160</timestamp>
			</report>
			<report>
				<misses>10972001</misses>
				<total>21</total>
				<timestamp>3617.140818</timestamp>
			</report>
			<report>
				<misses>10973001</misses>
				<total>21</total>
				<timestamp>3617.470517</timestamp>
			</report>
			<report>
				<misses>10974001</misses>
				<total>21</total>
				<timestamp>3617.800173</timestamp>
			</report>
			<report>
				<misses>10975001</misses>
				<total>21</total>
				<timestamp>3618.129848</timestamp>
			</report>
			<report>
				<misses>10976001</misses>
				<total>21</total>
				<timestamp>3618.459510</timestamp>
			</report>
			<report>
				<misses>10977001</misses>
				<total>21</total>
				<timestamp>3618.789167</timestamp>
			</report>
			<report>
				<misses>10978001</misses>
				<total>21</total>
				<timestamp>3619.118879</timestamp>
			</report>
			<report>
				<misses>10979001</misses>
				<total>21</total>
				<timestamp>3619.448505</timestamp>
			</report>
			<report>
				<misses>10980001</misses>
				<total>21</total>
				<timestamp>3619.778232</timestamp>
			</report>
			<report>
				<misses>10981001</misses>
				<total>21</total>
				<timestamp>3620.107864</timestamp>
			</report>
			<report>
				<misses>10982001</misses>
				<total>21</total>
				<timestamp>3620.437509</timestamp>
			</report>
			<report>
				<misses>10983001</misses>
				<total>21</total>
				<timestamp>3620.767181</timestamp>
			</report>
			<report>
				<misses>10984001</misses>
				<total>21</total>
				<timestamp>3621.096861</timestamp>
			</report>
			<report>
				<misses>10985001</misses>
				<total>21</total>
				<timestamp>3621.426525</timestamp>
			</report>
			<report>
				<misses>10986001</misses>
				<total>21</total>
				<timestamp>3621.756206</timestamp>
			</report>
			<report>
				<misses>10987001</misses>
				<total>21</total>
				<timestamp>3622.085954</timestamp>
			</report>
			<report>
				<misses>10988001</misses>
				<total>21</total>
				<timestamp>3622.415553</timestamp>
			</report>
			<report>
				<misses>10989001</misses>
				<total>21</total>
				<timestamp>3622.745224</timestamp>
			</report>
			<report>
				<misses>10990001</misses>
				<total>21</total>
				<timestamp>3623.074923</timestamp>
			</report>
			<report>
				<misses>10991001</misses>
				<total>21</total>
				<timestamp>3623.404551</timestamp>
			</report>
			<report>
				<misses>10992001</misses>
				<total>21</total>
				<timestamp>3623.734258</timestamp>
			</report>
			<report>
				<misses>10993001</misses>
				<total>21</total>
				<timestamp>3624.063940</timestamp>
			</report>
			<report>
				<misses>10994001</misses>
				<total>21</total>
				<timestamp>3624.393553</timestamp>
			</report>
			<report>
				<misses>10995001</misses>
				<total>21</total>
				<timestamp>3624.723233</timestamp>
			</report>
			<report>
				<misses>10996001</misses>
				<total>21</total>
				<timestamp>3625.052941</timestamp>
			</report>
			<report>
				<misses>10997001</misses>
				<total>21</total>
				<timestamp>3625.382564</timestamp>
			</report>
			<report>
				<misses>10998001</misses>
				<total>21</total>
				<timestamp>3625.712245</timestamp>
			</report>
			<report>
				<misses>10999001</misses>
				<total>21</total>
				<timestamp>3626.041920</timestamp>
			</report>
			<report>
				<misses>11000001</misses>
				<total>21</total>
				<timestamp>3626.371580</timestamp>
			</report>
			<report>
				<misses>11001001</misses>
				<total>21</total>
				<timestamp>3626.701278</timestamp>
			</report>
			<report>
				<misses>11002001</misses>
				<total>21</total>
				<timestamp>3627.030921</timestamp>
			</report>
			<report>
				<misses>11003001</misses>
				<total>21</total>
				<timestamp>3627.360581</timestamp>
			</report>
			<report>
				<misses>11004001</misses>
				<total>21</total>
				<timestamp>3627.690314</timestamp>
			</report>
			<report>
				<misses>11005001</misses>
				<total>21</total>
				<timestamp>3628.019995</timestamp>
			</report>
			<report>
				<misses>11006001</misses>
				<total>21</total>
				<timestamp>3628.349593</timestamp>
			</report>
			<report>
				<misses>11007001</misses>
				<total>21</total>
				<timestamp>3628.679324</timestamp>
			</report>
			<report>
				<misses>11008001</misses>
				<total>21</total>
				<timestamp>3629.008970</timestamp>
			</report>
			<report>
				<misses>11009001</misses>
				<total>21</total>
				<timestamp>3629.338685</timestamp>
			</report>
			<report>
				<misses>11010001</misses>
				<total>21</total>
				<timestamp>3629.668281</timestamp>
			</report>
			<report>
				<misses>11011001</misses>
				<total>21</total>
				<timestamp>3629.997964</timestamp>
			</report>
			<report>
				<misses>11012001</misses>
				<total>21</total>
				<timestamp>3630.327646</timestamp>
			</report>
			<report>
				<misses>11013001</misses>
				<total>21</total>
				<timestamp>3630.657295</timestamp>
			</report>
			<report>
				<misses>11014001</misses>
				<total>21</total>
				<timestamp>3630.986964</timestamp>
			</report>
			<report>
				<misses>11015001</misses>
				<total>21</total>
				<timestamp>3631.316617</timestamp>
			</report>
			<report>
				<misses>11016001</misses>
				<total>21</total>
				<timestamp>3631.646305</timestamp>
			</report>
			<report>
				<misses>11017001</misses>
				<total>21</total>
				<timestamp>3631.975953</timestamp>
			</report>
			<report>
				<misses>11018001</misses>
				<total>21</total>
				<timestamp>3632.305633</timestamp>
			</report>
			<report>
				<misses>11019001</misses>
				<total>21</total>
				<timestamp>3632.635320</timestamp>
			</report>
			<report>
				<misses>11020001</misses>
				<total>21</total>
				<timestamp>3632.964978</timestamp>
			</report>
			<report>
				<misses>11021001</misses>
				<total>21</total>
				<timestamp>3633.294642</timestamp>
			</report>
			<report>
				<misses>11022001</misses>
				<total>21</total>
				<timestamp>3633.624326</timestamp>
			</report>
			<report>
				<misses>11023001</misses>
				<total>21</total>
				<timestamp>3633.953983</timestamp>
			</report>
			<report>
				<misses>11024001</misses>
				<total>21</total>
				<timestamp>3634.283674</timestamp>
			</report>
			<report>
				<misses>11025001</misses>
				<total>21</total>
				<timestamp>3634.613319</timestamp>
			</report>
			<report>
				<misses>11026001</misses>
				<total>21</total>
				<timestamp>3634.942986</timestamp>
			</report>
			<report>
				<misses>11027001</misses>
				<total>21</total>
				<timestamp>3635.272678</timestamp>
			</report>
			<report>
				<misses>11028001</misses>
				<total>21</total>
				<timestamp>3635.602356</timestamp>
			</report>
			<report>
				<misses>11029001</misses>
				<total>21</total>
				<timestamp>3635.932021</timestamp>
			</report>
			<report>
				<misses>11030001</misses>
				<total>21</total>
				<timestamp>3636.261712</timestamp>
			</report>
			<report>
				<misses>11031001</misses>
				<total>21</total>
				<timestamp>3636.591384</timestamp>
			</report>
			<report>
				<misses>11032001</misses>
				<total>21</total>
				<timestamp>3636.921018</timestamp>
			</report>
			<report>
				<misses>11033001</misses>
				<total>21</total>
				<timestamp>3637.250690</timestamp>
			</report>
			<report>
				<misses>11034001</misses>
				<total>21</total>
				<timestamp>3637.580366</timestamp>
			</report>
			<report>
				<misses>11035001</misses>
				<total>21</total>
				<timestamp>3637.910029</timestamp>
			</report>
			<report>
				<misses>11036001</misses>
				<total>21</total>
				<timestamp>3638.239771</timestamp>
			</report>
			<report>
				<misses>11037001</misses>
				<total>21</total>
				<timestamp>3638.569375</timestamp>
			</report>
			<report>
				<misses>11038001</misses>
				<total>21</total>
				<timestamp>3638.899043</timestamp>
			</report>
			<report>
				<misses>11039001</misses>
				<total>21</total>
				<timestamp>3639.228769</timestamp>
			</report>
			<report>
				<misses>11040001</misses>
				<total>21</total>
				<timestamp>3639.558382</timestamp>
			</report>
			<report>
				<misses>11041001</misses>
				<total>21</total>
				<timestamp>3639.888046</timestamp>
			</report>
			<report>
				<misses>11042001</misses>
				<total>21</total>
				<timestamp>3640.217736</timestamp>
			</report>
			<report>
				<misses>11043001</misses>
				<total>21</total>
				<timestamp>3640.547386</timestamp>
			</report>
			<report>
				<misses>11044001</misses>
				<total>21</total>
				<timestamp>3640.877053</timestamp>
			</report>
			<report>
				<misses>11045001</misses>
				<total>21</total>
				<timestamp>3641.206735</timestamp>
			</report>
			<report>
				<misses>11046001</misses>
				<total>21</total>
				<timestamp>3641.536400</timestamp>
			</report>
			<report>
				<misses>11047001</misses>
				<total>21</total>
				<timestamp>3641.866085</timestamp>
			</report>
			<report>
				<misses>11048001</misses>
				<total>21</total>
				<timestamp>3642.195744</timestamp>
			</report>
			<report>
				<misses>11049001</misses>
				<total>21</total>
				<timestamp>3642.525419</timestamp>
			</report>
			<report>
				<misses>11050001</misses>
				<total>21</total>
				<timestamp>3642.855075</timestamp>
			</report>
			<report>
				<misses>11051001</misses>
				<total>21</total>
				<timestamp>3643.184732</timestamp>
			</report>
			<report>
				<misses>11052001</misses>
				<total>21</total>
				<timestamp>3643.514411</timestamp>
			</report>
			<report>
				<misses>11053001</misses>
				<total>21</total>
				<timestamp>3643.844118</timestamp>
			</report>
			<report>
				<misses>11054001</misses>
				<total>21</total>
				<timestamp>3644.173797</timestamp>
			</report>
			<report>
				<misses>11055001</misses>
				<total>21</total>
				<timestamp>3644.503429</timestamp>
			</report>
			<report>
				<misses>11056001</misses>
				<total>21</total>
				<timestamp>3644.833113</timestamp>
			</report>
			<report>
				<misses>11057001</misses>
				<total>21</total>
				<timestamp>3645.162774</timestamp>
			</report>
			<report>
				<misses>11058001</misses>
				<total>21</total>
				<timestamp>3645.492448</timestamp>
			</report>
			<report>
				<misses>11059001</misses>
				<total>21</total>
				<timestamp>3645.822136</timestamp>
			</report>
			<report>
				<misses>11060001</misses>
				<total>21</total>
				<timestamp>3646.151804</timestamp>
			</report>
			<report>
				<misses>11061001</misses>
				<total>21</total>
				<timestamp>3646.481447</timestamp>
			</report>
			<report>
				<misses>11062001</misses>
				<total>21</total>
				<timestamp>3646.811185</timestamp>
			</report>
			<report>
				<misses>11063001</misses>
				<total>21</total>
				<timestamp>3647.140797</timestamp>
			</report>
			<report>
				<misses>11064001</misses>
				<total>21</total>
				<timestamp>3647.470452</timestamp>
			</report>
			<report>
				<misses>11065001</misses>
				<total>21</total>
				<timestamp>3647.800167</timestamp>
			</report>
			<report>
				<misses>11066001</misses>
				<total>21</total>
				<timestamp>3648.129823</timestamp>
			</report>
			<report>
				<misses>11067001</misses>
				<total>21</total>
				<timestamp>3648.459461</timestamp>
			</report>
			<report>
				<misses>11068001</misses>
				<total>21</total>
				<timestamp>3648.789165</timestamp>
			</report>
			<report>
				<misses>11069001</misses>
				<total>21</total>
				<timestamp>3649.118876</timestamp>
			</report>
			<report>
				<misses>11070001</misses>
				<total>21</total>
				<timestamp>3649.448501</timestamp>
			</report>
			<report>
				<misses>11071001</misses>
				<total>21</total>
				<timestamp>3649.778153</timestamp>
			</report>
			<report>
				<misses>11072001</misses>
				<total>21</total>
				<timestamp>3650.107825</timestamp>
			</report>
			<report>
				<misses>11073001</misses>
				<total>21</total>
				<timestamp>3650.437484</timestamp>
			</report>
			<report>
				<misses>11074001</misses>
				<total>21</total>
				<timestamp>3650.767193</timestamp>
			</report>
			<report>
				<misses>11075001</misses>
				<total>21</total>
				<timestamp>3651.096829</timestamp>
			</report>
			<report>
				<misses>11076001</misses>
				<total>21</total>
				<timestamp>3651.426497</timestamp>
			</report>
			<report>
				<misses>11077001</misses>
				<total>21</total>
				<timestamp>3651.756174</timestamp>
			</report>
			<report>
				<misses>11078001</misses>
				<total>21</total>
				<timestamp>3652.085912</timestamp>
			</report>
			<report>
				<misses>11079001</misses>
				<total>21</total>
				<timestamp>3652.415568</timestamp>
			</report>
			<report>
				<misses>11080001</misses>
				<total>21</total>
				<timestamp>3652.745196</timestamp>
			</report>
			<report>
				<misses>11081001</misses>
				<total>21</total>
				<timestamp>3653.074851</timestamp>
			</report>
			<report>
				<misses>11082001</misses>
				<total>21</total>
				<timestamp>3653.404511</timestamp>
			</report>
			<report>
				<misses>11083001</misses>
				<total>21</total>
				<timestamp>3653.734190</timestamp>
			</report>
			<report>
				<misses>11084001</misses>
				<total>21</total>
				<timestamp>3654.063856</timestamp>
			</report>
			<report>
				<misses>11085001</misses>
				<total>21</total>
				<timestamp>3654.393528</timestamp>
			</report>
			<report>
				<misses>11086001</misses>
				<total>21</total>
				<timestamp>3654.723253</timestamp>
			</report>
			<report>
				<misses>11087001</misses>
				<total>21</total>
				<timestamp>3655.052871</timestamp>
			</report>
			<report>
				<misses>11088001</misses>
				<total>21</total>
				<timestamp>3655.382533</timestamp>
			</report>
			<report>
				<misses>11089001</misses>
				<total>21</total>
				<timestamp>3655.712232</timestamp>
			</report>
			<report>
				<misses>11090001</misses>
				<total>21</total>
				<timestamp>3656.041882</timestamp>
			</report>
			<report>
				<misses>11091001</misses>
				<total>21</total>
				<timestamp>3656.371546</timestamp>
			</report>
			<report>
				<misses>11092001</misses>
				<total>21</total>
				<timestamp>3656.701265</timestamp>
			</report>
			<report>
				<misses>11093001</misses>
				<total>21</total>
				<timestamp>3657.030890</timestamp>
			</report>
			<report>
				<misses>11094001</misses>
				<total>21</total>
				<timestamp>3657.360549</timestamp>
			</report>
			<report>
				<misses>11095001</misses>
				<total>21</total>
				<timestamp>3657.690240</timestamp>
			</report>
			<report>
				<misses>11096001</misses>
				<total>21</total>
				<timestamp>3658.019906</timestamp>
			</report>
			<report>
				<misses>11097001</misses>
				<total>21</total>
				<timestamp>3658.349581</timestamp>
			</report>
			<report>
				<misses>11098001</misses>
				<total>21</total>
				<timestamp>3658.679284</timestamp>
			</report>
			<report>
				<misses>11099001</misses>
				<total>21</total>
				<timestamp>3659.008911</timestamp>
			</report>
			<report>
				<misses>11100001</misses>
				<total>21</total>
				<timestamp>3659.338658</timestamp>
			</report>
			<report>
				<misses>11101001</misses>
				<total>21</total>
				<timestamp>3659.668256</timestamp>
			</report>
			<report>
				<misses>11102001</misses>
				<total>21</total>
				<timestamp>3659.997943</timestamp>
			</report>
			<report>
				<misses>11103001</misses>
				<total>21</total>
				<timestamp>3660.327615</timestamp>
			</report>
			<report>
				<misses>11104001</misses>
				<total>21</total>
				<timestamp>3660.657287</timestamp>
			</report>
			<report>
				<misses>11105001</misses>
				<total>21</total>
				<timestamp>3660.986919</timestamp>
			</report>
			<report>
				<misses>11106001</misses>
				<total>21</total>
				<timestamp>3661.316619</timestamp>
			</report>
			<report>
				<misses>11107001</misses>
				<total>21</total>
				<timestamp>3661.646255</timestamp>
			</report>
			<report>
				<misses>11108001</misses>
				<total>21</total>
				<timestamp>3661.975938</timestamp>
			</report>
			<report>
				<misses>11109001</misses>
				<total>21</total>
				<timestamp>3662.305652</timestamp>
			</report>
			<report>
				<misses>11110001</misses>
				<total>21</total>
				<timestamp>3662.635286</timestamp>
			</report>
			<report>
				<misses>11111001</misses>
				<total>21</total>
				<timestamp>3662.964951</timestamp>
			</report>
			<report>
				<misses>11112001</misses>
				<total>21</total>
				<timestamp>3663.294657</timestamp>
			</report>
			<report>
				<misses>11113001</misses>
				<total>21</total>
				<timestamp>3663.624386</timestamp>
			</report>
			<report>
				<misses>11114001</misses>
				<total>21</total>
				<timestamp>3663.953956</timestamp>
			</report>
			<report>
				<misses>11115001</misses>
				<total>21</total>
				<timestamp>3664.283629</timestamp>
			</report>
			<report>
				<misses>11116001</misses>
				<total>21</total>
				<timestamp>3664.613304</timestamp>
			</report>
			<report>
				<misses>11117001</misses>
				<total>21</total>
				<timestamp>3664.943048</timestamp>
			</report>
			<report>
				<misses>11118001</misses>
				<total>21</total>
				<timestamp>3665.272696</timestamp>
			</report>
			<report>
				<misses>11119001</misses>
				<total>21</total>
				<timestamp>3665.602296</timestamp>
			</report>
			<report>
				<misses>11120001</misses>
				<total>21</total>
				<timestamp>3665.931978</timestamp>
			</report>
			<report>
				<misses>11121001</misses>
				<total>21</total>
				<timestamp>3666.261674</timestamp>
			</report>
			<report>
				<misses>11122001</misses>
				<total>21</total>
				<timestamp>3666.591336</timestamp>
			</report>
			<report>
				<misses>11123001</misses>
				<total>21</total>
				<timestamp>3666.921014</timestamp>
			</report>
			<report>
				<misses>11124001</misses>
				<total>21</total>
				<timestamp>3667.250662</timestamp>
			</report>
			<report>
				<misses>11125001</misses>
				<total>21</total>
				<timestamp>3667.580325</timestamp>
			</report>
			<report>
				<misses>11126001</misses>
				<total>21</total>
				<timestamp>3667.910026</timestamp>
			</report>
			<report>
				<misses>11127001</misses>
				<total>21</total>
				<timestamp>3668.239655</timestamp>
			</report>
			<report>
				<misses>11128001</misses>
				<total>21</total>
				<timestamp>3668.569325</timestamp>
			</report>
			<report>
				<misses>11129001</misses>
				<total>21</total>
				<timestamp>3668.899015</timestamp>
			</report>
			<report>
				<misses>11130001</misses>
				<total>21</total>
				<timestamp>3669.228704</timestamp>
			</report>
			<report>
				<misses>11131001</misses>
				<total>21</total>
				<timestamp>3669.558366</timestamp>
			</report>
			<report>
				<misses>11132001</misses>
				<total>21</total>
				<timestamp>3669.888012</timestamp>
			</report>
			<report>
				<misses>11133001</misses>
				<total>21</total>
				<timestamp>3670.217700</timestamp>
			</report>
			<report>
				<misses>11134001</misses>
				<total>21</total>
				<timestamp>3670.547370</timestamp>
			</report>
			<report>
				<misses>11135001</misses>
				<total>21</total>
				<timestamp>3670.877070</timestamp>
			</report>
			<report>
				<misses>11136001</misses>
				<total>21</total>
				<timestamp>3671.206703</timestamp>
			</report>
			<report>
				<misses>11137001</misses>
				<total>21</total>
				<timestamp>3671.536378</timestamp>
			</report>
			<report>
				<misses>11138001</misses>
				<total>21</total>
				<timestamp>3671.866066</timestamp>
			</report>
			<report>
				<misses>11139001</misses>
				<total>21</total>
				<timestamp>3672.195704</timestamp>
			</report>
			<report>
				<misses>11140001</misses>
				<total>21</total>
				<timestamp>3672.525372</timestamp>
			</report>
			<report>
				<misses>11141001</misses>
				<total>21</total>
				<timestamp>3672.855064</timestamp>
			</report>
			<report>
				<misses>11142001</misses>
				<total>21</total>
				<timestamp>3673.184749</timestamp>
			</report>
			<report>
				<misses>11143001</misses>
				<total>21</total>
				<timestamp>3673.514408</timestamp>
			</report>
			<report>
				<misses>11144001</misses>
				<total>21</total>
				<timestamp>3673.844077</timestamp>
			</report>
			<report>
				<misses>11145001</misses>
				<total>21</total>
				<timestamp>3674.173727</timestamp>
			</report>
			<report>
				<misses>11146001</misses>
				<total>21</total>
				<timestamp>3674.503408</timestamp>
			</report>
			<report>
				<misses>11147001</misses>
				<total>21</total>
				<timestamp>3674.833064</timestamp>
			</report>
			<report>
				<misses>11148001</misses>
				<total>21</total>
				<timestamp>3675.162743</timestamp>
			</report>
			<report>
				<misses>11149001</misses>
				<total>21</total>
				<timestamp>3675.492407</timestamp>
			</report>
			<report>
				<misses>11150001</misses>
				<total>21</total>
				<timestamp>3675.822099</timestamp>
			</report>
			<report>
				<misses>11151001</misses>
				<total>21</total>
				<timestamp>3676.151750</timestamp>
			</report>
			<report>
				<misses>11152001</misses>
				<total>21</total>
				<timestamp>3676.481423</timestamp>
			</report>
			<report>
				<misses>11153001</misses>
				<total>21</total>
				<timestamp>3676.811123</timestamp>
			</report>
			<report>
				<misses>11154001</misses>
				<total>21</total>
				<timestamp>3677.140751</timestamp>
			</report>
			<report>
				<misses>11155001</misses>
				<total>21</total>
				<timestamp>3677.470420</timestamp>
			</report>
			<report>
				<misses>11156001</misses>
				<total>21</total>
				<timestamp>3677.800140</timestamp>
			</report>
			<report>
				<misses>11157001</misses>
				<total>21</total>
				<timestamp>3678.129765</timestamp>
			</report>
			<report>
				<misses>11158001</misses>
				<total>21</total>
				<timestamp>3678.459432</timestamp>
			</report>
			<report>
				<misses>11159001</misses>
				<total>21</total>
				<timestamp>3678.789138</timestamp>
			</report>
			<report>
				<misses>11160001</misses>
				<total>21</total>
				<timestamp>3679.118794</timestamp>
			</report>
			<report>
				<misses>11161001</misses>
				<total>21</total>
				<timestamp>3679.448441</timestamp>
			</report>
			<report>
				<misses>11162001</misses>
				<total>21</total>
				<timestamp>3679.778114</timestamp>
			</report>
			<report>
				<misses>11163001</misses>
				<total>21</total>
				<timestamp>3680.107787</timestamp>
			</report>
			<report>
				<misses>11164001</misses>
				<total>21</total>
				<timestamp>3680.437540</timestamp>
			</report>
			<report>
				<misses>11165001</misses>
				<total>21</total>
				<timestamp>3680.767159</timestamp>
			</report>
			<report>
				<misses>11166001</misses>
				<total>21</total>
				<timestamp>3681.096792</timestamp>
			</report>
			<report>
				<misses>11167001</misses>
				<total>21</total>
				<timestamp>3681.426474</timestamp>
			</report>
			<report>
				<misses>11168001</misses>
				<total>21</total>
				<timestamp>3681.756145</timestamp>
			</report>
			<report>
				<misses>11169001</misses>
				<total>21</total>
				<timestamp>3682.085823</timestamp>
			</report>
			<report>
				<misses>11170001</misses>
				<total>21</total>
				<timestamp>3682.415478</timestamp>
			</report>
			<report>
				<misses>11171001</misses>
				<total>21</total>
				<timestamp>3682.745216</timestamp>
			</report>
			<report>
				<misses>11172001</misses>
				<total>21</total>
				<timestamp>3683.074821</timestamp>
			</report>
			<report>
				<misses>11173001</misses>
				<total>21</total>
				<timestamp>3683.404537</timestamp>
			</report>
			<report>
				<misses>11174001</misses>
				<total>21</total>
				<timestamp>3683.734160</timestamp>
			</report>
			<report>
				<misses>11175001</misses>
				<total>21</total>
				<timestamp>3684.063823</timestamp>
			</report>
			<report>
				<misses>11176001</misses>
				<total>21</total>
				<timestamp>3684.393545</timestamp>
			</report>
			<report>
				<misses>11177001</misses>
				<total>21</total>
				<timestamp>3684.723180</timestamp>
			</report>
			<report>
				<misses>11178001</misses>
				<total>21</total>
				<timestamp>3685.052848</timestamp>
			</report>
			<report>
				<misses>11179001</misses>
				<total>21</total>
				<timestamp>3685.382541</timestamp>
			</report>
			<report>
				<misses>11180001</misses>
				<total>21</total>
				<timestamp>3685.712238</timestamp>
			</report>
			<report>
				<misses>11181001</misses>
				<total>21</total>
				<timestamp>3686.041859</timestamp>
			</report>
			<report>
				<misses>11182001</misses>
				<total>21</total>
				<timestamp>3686.371542</timestamp>
			</report>
			<report>
				<misses>11183001</misses>
				<total>21</total>
				<timestamp>3686.701185</timestamp>
			</report>
			<report>
				<misses>11184001</misses>
				<total>21</total>
				<timestamp>3687.030861</timestamp>
			</report>
			<report>
				<misses>11185001</misses>
				<total>21</total>
				<timestamp>3687.360597</timestamp>
			</report>
			<report>
				<misses>11186001</misses>
				<total>21</total>
				<timestamp>3687.690213</timestamp>
			</report>
			<report>
				<misses>11187001</misses>
				<total>21</total>
				<timestamp>3688.019917</timestamp>
			</report>
			<report>
				<misses>11188001</misses>
				<total>21</total>
				<timestamp>3688.349535</timestamp>
			</report>
			<report>
				<misses>11189001</misses>
				<total>21</total>
				<timestamp>3688.679214</timestamp>
			</report>
			<report>
				<misses>11190001</misses>
				<total>21</total>
				<timestamp>3689.008891</timestamp>
			</report>
			<report>
				<misses>11191001</misses>
				<total>21</total>
				<timestamp>3689.338570</timestamp>
			</report>
			<report>
				<misses>11192001</misses>
				<total>21</total>
				<timestamp>3689.668249</timestamp>
			</report>
			<report>
				<misses>11193001</misses>
				<total>21</total>
				<timestamp>3689.997922</timestamp>
			</report>
			<report>
				<misses>11194001</misses>
				<total>21</total>
				<timestamp>3690.327628</timestamp>
			</report>
			<report>
				<misses>11195001</misses>
				<total>21</total>
				<timestamp>3690.657233</timestamp>
			</report>
			<report>
				<misses>11196001</misses>
				<total>21</total>
				<timestamp>3690.986988</timestamp>
			</report>
			<report>
				<misses>11197001</misses>
				<total>21</total>
				<timestamp>3691.316601</timestamp>
			</report>
			<report>
				<misses>11198001</misses>
				<total>21</total>
				<timestamp>3691.646251</timestamp>
			</report>
			<report>
				<misses>11199001</misses>
				<total>21</total>
				<timestamp>3691.975914</timestamp>
			</report>
			<report>
				<misses>11200001</misses>
				<total>21</total>
				<timestamp>3692.305594</timestamp>
			</report>
			<report>
				<misses>11201001</misses>
				<total>21</total>
				<timestamp>3692.635273</timestamp>
			</report>
			<report>
				<misses>11202001</misses>
				<total>21</total>
				<timestamp>3692.964950</timestamp>
			</report>
			<report>
				<misses>11203001</misses>
				<total>21</total>
				<timestamp>3693.294593</timestamp>
			</report>
			<report>
				<misses>11204001</misses>
				<total>21</total>
				<timestamp>3693.624252</timestamp>
			</report>
			<report>
				<misses>11205001</misses>
				<total>21</total>
				<timestamp>3693.953932</timestamp>
			</report>
			<report>
				<misses>11206001</misses>
				<total>21</total>
				<timestamp>3694.283652</timestamp>
			</report>
			<report>
				<misses>11207001</misses>
				<total>21</total>
				<timestamp>3694.613260</timestamp>
			</report>
			<report>
				<misses>11208001</misses>
				<total>21</total>
				<timestamp>3694.942966</timestamp>
			</report>
			<report>
				<misses>11209001</misses>
				<total>21</total>
				<timestamp>3695.272650</timestamp>
			</report>
			<report>
				<misses>11210001</misses>
				<total>21</total>
				<timestamp>3695.602282</timestamp>
			</report>
			<report>
				<misses>11211001</misses>
				<total>21</total>
				<timestamp>3695.931946</timestamp>
			</report>
			<report>
				<misses>11212001</misses>
				<total>21</total>
				<timestamp>3696.261617</timestamp>
			</report>
			<report>
				<misses>11213001</misses>
				<total>21</total>
				<timestamp>3696.591312</timestamp>
			</report>
			<report>
				<misses>11214001</misses>
				<total>21</total>
				<timestamp>3696.920969</timestamp>
			</report>
			<report>
				<misses>11215001</misses>
				<total>21</total>
				<timestamp>3697.250645</timestamp>
			</report>
			<report>
				<misses>11216001</misses>
				<total>21</total>
				<timestamp>3697.580300</timestamp>
			</report>
			<report>
				<misses>11217001</misses>
				<total>21</total>
				<timestamp>3697.909990</timestamp>
			</report>
			<report>
				<misses>11218001</misses>
				<total>21</total>
				<timestamp>3698.239641</timestamp>
			</report>
			<report>
				<misses>11219001</misses>
				<total>21</total>
				<timestamp>3698.569314</timestamp>
			</report>
			<report>
				<misses>11220001</misses>
				<total>21</total>
				<timestamp>3698.898986</timestamp>
			</report>
			<report>
				<misses>11221001</misses>
				<total>21</total>
				<timestamp>3699.228664</timestamp>
			</report>
			<report>
				<misses>11222001</misses>
				<total>21</total>
				<timestamp>3699.558340</timestamp>
			</report>
			<report>
				<misses>11223001</misses>
				<total>21</total>
				<timestamp>3699.888014</timestamp>
			</report>
			<report>
				<misses>11224001</misses>
				<total>21</total>
				<timestamp>3700.217650</timestamp>
			</report>
			<report>
				<misses>11225001</misses>
				<total>21</total>
				<timestamp>3700.547340</timestamp>
			</report>
			<report>
				<misses>11226001</misses>
				<total>21</total>
				<timestamp>3700.877013</timestamp>
			</report>
			<report>
				<misses>11227001</misses>
				<total>21</total>
				<timestamp>3701.206665</timestamp>
			</report>
			<report>
				<misses>11228001</misses>
				<total>21</total>
				<timestamp>3701.536384</timestamp>
			</report>
			<report>
				<misses>11229001</misses>
				<total>21</total>
				<timestamp>3701.866018</timestamp>
			</report>
			<report>
				<misses>11230001</misses>
				<total>21</total>
				<timestamp>3702.195685</timestamp>
			</report>
			<report>
				<misses>11231001</misses>
				<total>21</total>
				<timestamp>3702.525343</timestamp>
			</report>
			<report>
				<misses>11232001</misses>
				<total>21</total>
				<timestamp>3702.855018</timestamp>
			</report>
			<report>
				<misses>11233001</misses>
				<total>21</total>
				<timestamp>3703.184688</timestamp>
			</report>
			<report>
				<misses>11234001</misses>
				<total>21</total>
				<timestamp>3703.514353</timestamp>
			</report>
			<report>
				<misses>11235001</misses>
				<total>21</total>
				<timestamp>3703.844030</timestamp>
			</report>
			<report>
				<misses>11236001</misses>
				<total>21</total>
				<timestamp>3704.173690</timestamp>
			</report>
			<report>
				<misses>11237001</misses>
				<total>21</total>
				<timestamp>3704.503362</timestamp>
			</report>
			<report>
				<misses>11238001</misses>
				<total>21</total>
				<timestamp>3704.833024</timestamp>
			</report>
			<report>
				<misses>11239001</misses>
				<total>21</total>
				<timestamp>3705.162714</timestamp>
			</report>
			<report>
				<misses>11240001</misses>
				<total>21</total>
				<timestamp>3705.492438</timestamp>
			</report>
			<report>
				<misses>11241001</misses>
				<total>21</total>
				<timestamp>3705.822042</timestamp>
			</report>
			<report>
				<misses>11242001</misses>
				<total>21</total>
				<timestamp>3706.151723</timestamp>
			</report>
			<report>
				<misses>11243001</misses>
				<total>21</total>
				<timestamp>3706.481428</timestamp>
			</report>
			<report>
				<misses>11244001</misses>
				<total>21</total>
				<timestamp>3706.811080</timestamp>
			</report>
			<report>
				<misses>11245001</misses>
				<total>21</total>
				<timestamp>3707.140725</timestamp>
			</report>
			<report>
				<misses>11246001</misses>
				<total>21</total>
				<timestamp>3707.470404</timestamp>
			</report>
			<report>
				<misses>11247001</misses>
				<total>21</total>
				<timestamp>3707.800068</timestamp>
			</report>
			<report>
				<misses>11248001</misses>
				<total>21</total>
				<timestamp>3708.129736</timestamp>
			</report>
			<report>
				<misses>11249001</misses>
				<total>21</total>
				<timestamp>3708.459402</timestamp>
			</report>
			<report>
				<misses>11250001</misses>
				<total>21</total>
				<timestamp>3708.789087</timestamp>
			</report>
			<report>
				<misses>11251001</misses>
				<total>21</total>
				<timestamp>3709.118760</timestamp>
			</report>
			<report>
				<misses>11252001</misses>
				<total>21</total>
				<timestamp>3709.448413</timestamp>
			</report>
			<report>
				<misses>11253001</misses>
				<total>21</total>
				<timestamp>3709.778095</timestamp>
			</report>
			<report>
				<misses>11254001</misses>
				<total>21</total>
				<timestamp>3710.107779</timestamp>
			</report>
			<report>
				<misses>11255001</misses>
				<total>21</total>
				<timestamp>3710.437456</timestamp>
			</report>
			<report>
				<misses>11256001</misses>
				<total>21</total>
				<timestamp>3710.767107</timestamp>
			</report>
			<report>
				<misses>11257001</misses>
				<total>21</total>
				<timestamp>3711.096818</timestamp>
			</report>
			<report>
				<misses>11258001</misses>
				<total>21</total>
				<timestamp>3711.426433</timestamp>
			</report>
			<report>
				<misses>11259001</misses>
				<total>21</total>
				<timestamp>3711.756103</timestamp>
			</report>
			<report>
				<misses>11260001</misses>
				<total>21</total>
				<timestamp>3712.085798</timestamp>
			</report>
			<report>
				<misses>11261001</misses>
				<total>21</total>
				<timestamp>3712.415495</timestamp>
			</report>
			<report>
				<misses>11262001</misses>
				<total>21</total>
				<timestamp>3712.745139</timestamp>
			</report>
			<report>
				<misses>11263001</misses>
				<total>21</total>
				<timestamp>3713.074809</timestamp>
			</report>
			<report>
				<misses>11264001</misses>
				<total>21</total>
				<timestamp>3713.404480</timestamp>
			</report>
			<report>
				<misses>11265001</misses>
				<total>21</total>
				<timestamp>3713.734139</timestamp>
			</report>
			<report>
				<misses>11266001</misses>
				<total>21</total>
				<timestamp>3714.063799</timestamp>
			</report>
			<report>
				<misses>11267001</misses>
				<total>21</total>
				<timestamp>3714.393479</timestamp>
			</report>
			<report>
				<misses>11268001</misses>
				<total>21</total>
				<timestamp>3714.723149</timestamp>
			</report>
			<report>
				<misses>11269001</misses>
				<total>21</total>
				<timestamp>3715.052859</timestamp>
			</report>
			<report>
				<misses>11270001</misses>
				<total>21</total>
				<timestamp>3715.382491</timestamp>
			</report>
			<report>
				<misses>11271001</misses>
				<total>21</total>
				<timestamp>3715.712198</timestamp>
			</report>
			<report>
				<misses>11272001</misses>
				<total>21</total>
				<timestamp>3716.041843</timestamp>
			</report>
			<report>
				<misses>11273001</misses>
				<total>21</total>
				<timestamp>3716.371515</timestamp>
			</report>
			<report>
				<misses>11274001</misses>
				<total>21</total>
				<timestamp>3716.701190</timestamp>
			</report>
			<report>
				<misses>11275001</misses>
				<total>21</total>
				<timestamp>3717.030855</timestamp>
			</report>
			<report>
				<misses>11276001</misses>
				<total>21</total>
				<timestamp>3717.360486</timestamp>
			</report>
			<report>
				<misses>11277001</misses>
				<total>21</total>
				<timestamp>3717.690192</timestamp>
			</report>
			<report>
				<misses>11278001</misses>
				<total>21</total>
				<timestamp>3718.019846</timestamp>
			</report>
			<report>
				<misses>11279001</misses>
				<total>21</total>
				<timestamp>3718.349507</timestamp>
			</report>
			<report>
				<misses>11280001</misses>
				<total>21</total>
				<timestamp>3718.679192</timestamp>
			</report>
			<report>
				<misses>11281001</misses>
				<total>21</total>
				<timestamp>3719.008838</timestamp>
			</report>
			<report>
				<misses>11282001</misses>
				<total>21</total>
				<timestamp>3719.338530</timestamp>
			</report>
			<report>
				<misses>11283001</misses>
				<total>21</total>
				<timestamp>3719.668193</timestamp>
			</report>
			<report>
				<misses>11284001</misses>
				<total>21</total>
				<timestamp>3719.997862</timestamp>
			</report>
			<report>
				<misses>11285001</misses>
				<total>21</total>
				<timestamp>3720.327529</timestamp>
			</report>
			<report>
				<misses>11286001</misses>
				<total>21</total>
				<timestamp>3720.657198</timestamp>
			</report>
			<report>
				<misses>11287001</misses>
				<total>21</total>
				<timestamp>3720.986895</timestamp>
			</report>
			<report>
				<misses>11288001</misses>
				<total>21</total>
				<timestamp>3721.316529</timestamp>
			</report>
			<report>
				<misses>11289001</misses>
				<total>21</total>
				<timestamp>3721.646210</timestamp>
			</report>
			<report>
				<misses>11290001</misses>
				<total>21</total>
				<timestamp>3721.975887</timestamp>
			</report>
			<report>
				<misses>11291001</misses>
				<total>21</total>
				<timestamp>3722.305544</timestamp>
			</report>
			<report>
				<misses>11292001</misses>
				<total>21</total>
				<timestamp>3722.635217</timestamp>
			</report>
			<report>
				<misses>11293001</misses>
				<total>21</total>
				<timestamp>3722.964886</timestamp>
			</report>
			<report>
				<misses>11294001</misses>
				<total>21</total>
				<timestamp>3723.294574</timestamp>
			</report>
			<report>
				<misses>11295001</misses>
				<total>21</total>
				<timestamp>3723.624235</timestamp>
			</report>
			<report>
				<misses>11296001</misses>
				<total>21</total>
				<timestamp>3723.953897</timestamp>
			</report>
			<report>
				<misses>11297001</misses>
				<total>21</total>
				<timestamp>3724.283585</timestamp>
			</report>
			<report>
				<misses>11298001</misses>
				<total>21</total>
				<timestamp>3724.613245</timestamp>
			</report>
			<report>
				<misses>11299001</misses>
				<total>21</total>
				<timestamp>3724.942898</timestamp>
			</report>
			<report>
				<misses>11300001</misses>
				<total>21</total>
				<timestamp>3725.272598</timestamp>
			</report>
			<report>
				<misses>11301001</misses>
				<total>21</total>
				<timestamp>3725.602239</timestamp>
			</report>
			<report>
				<misses>11302001</misses>
				<total>21</total>
				<timestamp>3725.931919</timestamp>
			</report>
			<report>
				<misses>11303001</misses>
				<total>21</total>
				<timestamp>3726.261573</timestamp>
			</report>
			<report>
				<misses>11304001</misses>
				<total>21</total>
				<timestamp>3726.591328</timestamp>
			</report>
			<report>
				<misses>11305001</misses>
				<total>21</total>
				<timestamp>3726.920916</timestamp>
			</report>
			<report>
				<misses>11306001</misses>
				<total>21</total>
				<timestamp>3727.250609</timestamp>
			</report>
			<report>
				<misses>11307001</misses>
				<total>21</total>
				<timestamp>3727.580307</timestamp>
			</report>
			<report>
				<misses>11308001</misses>
				<total>21</total>
				<timestamp>3727.909945</timestamp>
			</report>
			<report>
				<misses>11309001</misses>
				<total>21</total>
				<timestamp>3728.239627</timestamp>
			</report>
			<report>
				<misses>11310001</misses>
				<total>21</total>
				<timestamp>3728.569279</timestamp>
			</report>
			<report>
				<misses>11311001</misses>
				<total>21</total>
				<timestamp>3728.898945</timestamp>
			</report>
			<report>
				<misses>11312001</misses>
				<total>21</total>
				<timestamp>3729.228649</timestamp>
			</report>
			<report>
				<misses>11313001</misses>
				<total>21</total>
				<timestamp>3729.558314</timestamp>
			</report>
			<report>
				<misses>11314001</misses>
				<total>21</total>
				<timestamp>3729.887979</timestamp>
			</report>
			<report>
				<misses>11315001</misses>
				<total>21</total>
				<timestamp>3730.217734</timestamp>
			</report>
			<report>
				<misses>11316001</misses>
				<total>21</total>
				<timestamp>3730.547357</timestamp>
			</report>
			<report>
				<misses>11317001</misses>
				<total>21</total>
				<timestamp>3730.876975</timestamp>
			</report>
			<report>
				<misses>11318001</misses>
				<total>21</total>
				<timestamp>3731.206680</timestamp>
			</report>
			<report>
				<misses>11319001</misses>
				<total>21</total>
				<timestamp>3731.536328</timestamp>
			</report>
			<report>
				<misses>11320001</misses>
				<total>21</total>
				<timestamp>3731.865985</timestamp>
			</report>
			<report>
				<misses>11321001</misses>
				<total>21</total>
				<timestamp>3732.195677</timestamp>
			</report>
			<report>
				<misses>11322001</misses>
				<total>21</total>
				<timestamp>3732.525421</timestamp>
			</report>
			<report>
				<misses>11323001</misses>
				<total>21</total>
				<timestamp>3732.855003</timestamp>
			</report>
			<report>
				<misses>11324001</misses>
				<total>21</total>
				<timestamp>3733.184660</timestamp>
			</report>
			<report>
				<misses>11325001</misses>
				<total>21</total>
				<timestamp>3733.514365</timestamp>
			</report>
			<report>
				<misses>11326001</misses>
				<total>21</total>
				<timestamp>3733.844003</timestamp>
			</report>
			<report>
				<misses>11327001</misses>
				<total>21</total>
				<timestamp>3734.173700</timestamp>
			</report>
			<report>
				<misses>11328001</misses>
				<total>21</total>
				<timestamp>3734.503392</timestamp>
			</report>
			<report>
				<misses>11329001</misses>
				<total>21</total>
				<timestamp>3734.833025</timestamp>
			</report>
			<report>
				<misses>11330001</misses>
				<total>21</total>
				<timestamp>3735.162688</timestamp>
			</report>
			<report>
				<misses>11331001</misses>
				<total>21</total>
				<timestamp>3735.492427</timestamp>
			</report>
			<report>
				<misses>11332001</misses>
				<total>21</total>
				<timestamp>3735.822014</timestamp>
			</report>
			<report>
				<misses>11333001</misses>
				<total>21</total>
				<timestamp>3736.151688</timestamp>
			</report>
			<report>
				<misses>11334001</misses>
				<total>21</total>
				<timestamp>3736.481408</timestamp>
			</report>
			<report>
				<misses>11335001</misses>
				<total>21</total>
				<timestamp>3736.811034</timestamp>
			</report>
			<report>
				<misses>11336001</misses>
				<total>21</total>
				<timestamp>3737.140729</timestamp>
			</report>
			<report>
				<misses>11337001</misses>
				<total>21</total>
				<timestamp>3737.470373</timestamp>
			</report>
			<report>
				<misses>11338001</misses>
				<total>21</total>
				<timestamp>3737.800050</timestamp>
			</report>
			<report>
				<misses>11339001</misses>
				<total>21</total>
				<timestamp>3738.129701</timestamp>
			</report>
			<report>
				<misses>11340001</misses>
				<total>21</total>
				<timestamp>3738.459410</timestamp>
			</report>
			<report>
				<misses>11341001</misses>
				<total>21</total>
				<timestamp>3738.789052</timestamp>
			</report>
			<report>
				<misses>11342001</misses>
				<total>21</total>
				<timestamp>3739.118759</timestamp>
			</report>
			<report>
				<misses>11343001</misses>
				<total>21</total>
				<timestamp>3739.448410</timestamp>
			</report>
			<report>
				<misses>11344001</misses>
				<total>21</total>
				<timestamp>3739.778094</timestamp>
			</report>
			<report>
				<misses>11345001</misses>
				<total>21</total>
				<timestamp>3740.107736</timestamp>
			</report>
			<report>
				<misses>11346001</misses>
				<total>21</total>
				<timestamp>3740.437416</timestamp>
			</report>
			<report>
				<misses>11347001</misses>
				<total>21</total>
				<timestamp>3740.767072</timestamp>
			</report>
			<report>
				<misses>11348001</misses>
				<total>21</total>
				<timestamp>3741.096747</timestamp>
			</report>
			<report>
				<misses>11349001</misses>
				<total>21</total>
				<timestamp>3741.426406</timestamp>
			</report>
			<report>
				<misses>11350001</misses>
				<total>21</total>
				<timestamp>3741.756092</timestamp>
			</report>
			<report>
				<misses>11351001</misses>
				<total>21</total>
				<timestamp>3742.085755</timestamp>
			</report>
			<report>
				<misses>11352001</misses>
				<total>21</total>
				<timestamp>3742.415438</timestamp>
			</report>
			<report>
				<misses>11353001</misses>
				<total>21</total>
				<timestamp>3742.745084</timestamp>
			</report>
			<report>
				<misses>11354001</misses>
				<total>21</total>
				<timestamp>3743.074748</timestamp>
			</report>
			<report>
				<misses>11355001</misses>
				<total>21</total>
				<timestamp>3743.404487</timestamp>
			</report>
			<report>
				<misses>11356001</misses>
				<total>21</total>
				<timestamp>3743.734090</timestamp>
			</report>
			<report>
				<misses>11357001</misses>
				<total>21</total>
				<timestamp>3744.063765</timestamp>
			</report>
			<report>
				<misses>11358001</misses>
				<total>21</total>
				<timestamp>3744.393452</timestamp>
			</report>
			<report>
				<misses>11359001</misses>
				<total>21</total>
				<timestamp>3744.723102</timestamp>
			</report>
			<report>
				<misses>11360001</misses>
				<total>21</total>
				<timestamp>3745.052799</timestamp>
			</report>
			<report>
				<misses>11361001</misses>
				<total>21</total>
				<timestamp>3745.382467</timestamp>
			</report>
			<report>
				<misses>11362001</misses>
				<total>21</total>
				<timestamp>3745.712126</timestamp>
			</report>
			<report>
				<misses>11363001</misses>
				<total>21</total>
				<timestamp>3746.041777</timestamp>
			</report>
			<report>
				<misses>11364001</misses>
				<total>21</total>
				<timestamp>3746.371469</timestamp>
			</report>
			<report>
				<misses>11365001</misses>
				<total>21</total>
				<timestamp>3746.701140</timestamp>
			</report>
			<report>
				<misses>11366001</misses>
				<total>21</total>
				<timestamp>3747.030801</timestamp>
			</report>
			<report>
				<misses>11367001</misses>
				<total>21</total>
				<timestamp>3747.360471</timestamp>
			</report>
			<report>
				<misses>11368001</misses>
				<total>21</total>
				<timestamp>3747.690152</timestamp>
			</report>
			<report>
				<misses>11369001</misses>
				<total>21</total>
				<timestamp>3748.019802</timestamp>
			</report>
			<report>
				<misses>11370001</misses>
				<total>21</total>
				<timestamp>3748.349482</timestamp>
			</report>
			<report>
				<misses>11371001</misses>
				<total>21</total>
				<timestamp>3748.679148</timestamp>
			</report>
			<report>
				<misses>11372001</misses>
				<total>21</total>
				<timestamp>3749.008800</timestamp>
			</report>
			<report>
				<misses>11373001</misses>
				<total>21</total>
				<timestamp>3749.338526</timestamp>
			</report>
			<report>
				<misses>11374001</misses>
				<total>21</total>
				<timestamp>3749.668164</timestamp>
			</report>
			<report>
				<misses>11375001</misses>
				<total>21</total>
				<timestamp>3749.997826</timestamp>
			</report>
			<report>
				<misses>11376001</misses>
				<total>21</total>
				<timestamp>3750.327520</timestamp>
			</report>
			<report>
				<misses>11377001</misses>
				<total>21</total>
				<timestamp>3750.657212</timestamp>
			</report>
			<report>
				<misses>11378001</misses>
				<total>21</total>
				<timestamp>3750.986865</timestamp>
			</report>
			<report>
				<misses>11379001</misses>
				<total>21</total>
				<timestamp>3751.316549</timestamp>
			</report>
			<report>
				<misses>11380001</misses>
				<total>21</total>
				<timestamp>3751.646207</timestamp>
			</report>
			<report>
				<misses>11381001</misses>
				<total>21</total>
				<timestamp>3751.975852</timestamp>
			</report>
			<report>
				<misses>11382001</misses>
				<total>21</total>
				<timestamp>3752.305529</timestamp>
			</report>
			<report>
				<misses>11383001</misses>
				<total>21</total>
				<timestamp>3752.635189</timestamp>
			</report>
			<report>
				<misses>11384001</misses>
				<total>21</total>
				<timestamp>3752.964875</timestamp>
			</report>
			<report>
				<misses>11385001</misses>
				<total>21</total>
				<timestamp>3753.294542</timestamp>
			</report>
			<report>
				<misses>11386001</misses>
				<total>21</total>
				<timestamp>3753.624221</timestamp>
			</report>
			<report>
				<misses>11387001</misses>
				<total>21</total>
				<timestamp>3753.953874</timestamp>
			</report>
			<report>
				<misses>11388001</misses>
				<total>21</total>
				<timestamp>3754.283537</timestamp>
			</report>
			<report>
				<misses>11389001</misses>
				<total>21</total>
				<timestamp>3754.613274</timestamp>
			</report>
			<report>
				<misses>11390001</misses>
				<total>21</total>
				<timestamp>3754.942904</timestamp>
			</report>
			<report>
				<misses>11391001</misses>
				<total>21</total>
				<timestamp>3755.272569</timestamp>
			</report>
			<report>
				<misses>11392001</misses>
				<total>21</total>
				<timestamp>3755.602225</timestamp>
			</report>
			<report>
				<misses>11393001</misses>
				<total>21</total>
				<timestamp>3755.931926</timestamp>
			</report>
			<report>
				<misses>11394001</misses>
				<total>21</total>
				<timestamp>3756.261569</timestamp>
			</report>
			<report>
				<misses>11395001</misses>
				<total>21</total>
				<timestamp>3756.591302</timestamp>
			</report>
			<report>
				<misses>11396001</misses>
				<total>21</total>
				<timestamp>3756.920902</timestamp>
			</report>
			<report>
				<misses>11397001</misses>
				<total>21</total>
				<timestamp>3757.250582</timestamp>
			</report>
			<report>
				<misses>11398001</misses>
				<total>21</total>
				<timestamp>3757.580287</timestamp>
			</report>
			<report>
				<misses>11399001</misses>
				<total>21</total>
				<timestamp>3757.909927</timestamp>
			</report>
			<report>
				<misses>11400001</misses>
				<total>21</total>
				<timestamp>3758.239613</timestamp>
			</report>
			<report>
				<misses>11401001</misses>
				<total>21</total>
				<timestamp>3758.569351</timestamp>
			</report>
			<report>
				<misses>11402001</misses>
				<total>21</total>
				<timestamp>3758.898926</timestamp>
			</report>
			<report>
				<misses>11403001</misses>
				<total>21</total>
				<timestamp>3759.228652</timestamp>
			</report>
			<report>
				<misses>11404001</misses>
				<total>21</total>
				<timestamp>3759.558293</timestamp>
			</report>
			<report>
				<misses>11405001</misses>
				<total>21</total>
				<timestamp>3759.888020</timestamp>
			</report>
			<report>
				<misses>11406001</misses>
				<total>21</total>
				<timestamp>3760.217601</timestamp>
			</report>
			<report>
				<misses>11407001</misses>
				<total>21</total>
				<timestamp>3760.547294</timestamp>
			</report>
			<report>
				<misses>11408001</misses>
				<total>21</total>
				<timestamp>3760.876929</timestamp>
			</report>
			<report>
				<misses>11409001</misses>
				<total>21</total>
				<timestamp>3761.206623</timestamp>
			</report>
			<report>
				<misses>11410001</misses>
				<total>21</total>
				<timestamp>3761.536347</timestamp>
			</report>
			<report>
				<misses>11411001</misses>
				<total>21</total>
				<timestamp>3761.865945</timestamp>
			</report>
			<report>
				<misses>11412001</misses>
				<total>21</total>
				<timestamp>3762.195701</timestamp>
			</report>
			<report>
				<misses>11413001</misses>
				<total>21</total>
				<timestamp>3762.525341</timestamp>
			</report>
			<report>
				<misses>11414001</misses>
				<total>21</total>
				<timestamp>3762.854954</timestamp>
			</report>
			<report>
				<misses>11415001</misses>
				<total>21</total>
				<timestamp>3763.184647</timestamp>
			</report>
			<report>
				<misses>11416001</misses>
				<total>21</total>
				<timestamp>3763.514324</timestamp>
			</report>
			<report>
				<misses>11417001</misses>
				<total>21</total>
				<timestamp>3763.843983</timestamp>
			</report>
			<report>
				<misses>11418001</misses>
				<total>21</total>
				<timestamp>3764.173640</timestamp>
			</report>
			<report>
				<misses>11419001</misses>
				<total>21</total>
				<timestamp>3764.503310</timestamp>
			</report>
			<report>
				<misses>11420001</misses>
				<total>21</total>
				<timestamp>3764.832975</timestamp>
			</report>
			<report>
				<misses>11421001</misses>
				<total>21</total>
				<timestamp>3765.162651</timestamp>
			</report>
			<report>
				<misses>11422001</misses>
				<total>21</total>
				<timestamp>3765.492322</timestamp>
			</report>
			<report>
				<misses>11423001</misses>
				<total>21</total>
				<timestamp>3765.821975</timestamp>
			</report>
			<report>
				<misses>11424001</misses>
				<total>21</total>
				<timestamp>3766.151667</timestamp>
			</report>
			<report>
				<misses>11425001</misses>
				<total>21</total>
				<timestamp>3766.481344</timestamp>
			</report>
			<report>
				<misses>11426001</misses>
				<total>21</total>
				<timestamp>3766.811007</timestamp>
			</report>
			<report>
				<misses>11427001</misses>
				<total>21</total>
				<timestamp>3767.140669</timestamp>
			</report>
			<report>
				<misses>11428001</misses>
				<total>21</total>
				<timestamp>3767.470339</timestamp>
			</report>
			<report>
				<misses>11429001</misses>
				<total>21</total>
				<timestamp>3767.800007</timestamp>
			</report>
			<report>
				<misses>11430001</misses>
				<total>21</total>
				<timestamp>3768.129667</timestamp>
			</report>
			<report>
				<misses>11431001</misses>
				<total>21</total>
				<timestamp>3768.459386</timestamp>
			</report>
			<report>
				<misses>11432001</misses>
				<total>21</total>
				<timestamp>3768.789020</timestamp>
			</report>
			<report>
				<misses>11433001</misses>
				<total>21</total>
				<timestamp>3769.118684</timestamp>
			</report>
			<report>
				<misses>11434001</misses>
				<total>21</total>
				<timestamp>3769.448367</timestamp>
			</report>
			<report>
				<misses>11435001</misses>
				<total>21</total>
				<timestamp>3769.778049</timestamp>
			</report>
			<report>
				<misses>11436001</misses>
				<total>21</total>
				<timestamp>3770.107688</timestamp>
			</report>
			<report>
				<misses>11437001</misses>
				<total>21</total>
				<timestamp>3770.437395</timestamp>
			</report>
			<report>
				<misses>11438001</misses>
				<total>21</total>
				<timestamp>3770.767052</timestamp>
			</report>
			<report>
				<misses>11439001</misses>
				<total>21</total>
				<timestamp>3771.096697</timestamp>
			</report>
			<report>
				<misses>11440001</misses>
				<total>21</total>
				<timestamp>3771.426422</timestamp>
			</report>
			<report>
				<misses>11441001</misses>
				<total>21</total>
				<timestamp>3771.756058</timestamp>
			</report>
			<report>
				<misses>11442001</misses>
				<total>21</total>
				<timestamp>3772.085722</timestamp>
			</report>
			<report>
				<misses>11443001</misses>
				<total>21</total>
				<timestamp>3772.415431</timestamp>
			</report>
			<report>
				<misses>11444001</misses>
				<total>21</total>
				<timestamp>3772.745114</timestamp>
			</report>
			<report>
				<misses>11445001</misses>
				<total>21</total>
				<timestamp>3773.074742</timestamp>
			</report>
			<report>
				<misses>11446001</misses>
				<total>21</total>
				<timestamp>3773.404394</timestamp>
			</report>
			<report>
				<misses>11447001</misses>
				<total>21</total>
				<timestamp>3773.734114</timestamp>
			</report>
			<report>
				<misses>11448001</misses>
				<total>21</total>
				<timestamp>3774.063781</timestamp>
			</report>
			<report>
				<misses>11449001</misses>
				<total>21</total>
				<timestamp>3774.393418</timestamp>
			</report>
			<report>
				<misses>11450001</misses>
				<total>21</total>
				<timestamp>3774.723089</timestamp>
			</report>
			<report>
				<misses>11451001</misses>
				<total>21</total>
				<timestamp>3775.052742</timestamp>
			</report>
			<report>
				<misses>11452001</misses>
				<total>21</total>
				<timestamp>3775.382427</timestamp>
			</report>
			<report>
				<misses>11453001</misses>
				<total>21</total>
				<timestamp>3775.712109</timestamp>
			</report>
			<report>
				<misses>11454001</misses>
				<total>21</total>
				<timestamp>3776.041770</timestamp>
			</report>
			<report>
				<misses>11455001</misses>
				<total>21</total>
				<timestamp>3776.371433</timestamp>
			</report>
			<report>
				<misses>11456001</misses>
				<total>21</total>
				<timestamp>3776.701190</timestamp>
			</report>
			<report>
				<misses>11457001</misses>
				<total>21</total>
				<timestamp>3777.030769</timestamp>
			</report>
			<report>
				<misses>11458001</misses>
				<total>21</total>
				<timestamp>3777.360501</timestamp>
			</report>
			<report>
				<misses>11459001</misses>
				<total>21</total>
				<timestamp>3777.690165</timestamp>
			</report>
			<report>
				<misses>11460001</misses>
				<total>21</total>
				<timestamp>3778.019768</timestamp>
			</report>
			<report>
				<misses>11461001</misses>
				<total>21</total>
				<timestamp>3778.349475</timestamp>
			</report>
			<report>
				<misses>11462001</misses>
				<total>21</total>
				<timestamp>3778.679142</timestamp>
			</report>
			<report>
				<misses>11463001</misses>
				<total>21</total>
				<timestamp>3779.008784</timestamp>
			</report>
			<report>
				<misses>11464001</misses>
				<total>21</total>
				<timestamp>3779.338482</timestamp>
			</report>
			<report>
				<misses>11465001</misses>
				<total>21</total>
				<timestamp>3779.668134</timestamp>
			</report>
			<report>
				<misses>11466001</misses>
				<total>21</total>
				<timestamp>3779.997835</timestamp>
			</report>
			<report>
				<misses>11467001</misses>
				<total>21</total>
				<timestamp>3780.327488</timestamp>
			</report>
			<report>
				<misses>11468001</misses>
				<total>21</total>
				<timestamp>3780.657140</timestamp>
			</report>
			<report>
				<misses>11469001</misses>
				<total>21</total>
				<timestamp>3780.986828</timestamp>
			</report>
			<report>
				<misses>11470001</misses>
				<total>21</total>
				<timestamp>3781.316505</timestamp>
			</report>
			<report>
				<misses>11471001</misses>
				<total>21</total>
				<timestamp>3781.646172</timestamp>
			</report>
			<report>
				<misses>11472001</misses>
				<total>21</total>
				<timestamp>3781.975842</timestamp>
			</report>
			<report>
				<misses>11473001</misses>
				<total>21</total>
				<timestamp>3782.305526</timestamp>
			</report>
			<report>
				<misses>11474001</misses>
				<total>21</total>
				<timestamp>3782.635176</timestamp>
			</report>
			<report>
				<misses>11475001</misses>
				<total>21</total>
				<timestamp>3782.964820</timestamp>
			</report>
			<report>
				<misses>11476001</misses>
				<total>21</total>
				<timestamp>3783.294493</timestamp>
			</report>
			<report>
				<misses>11477001</misses>
				<total>21</total>
				<timestamp>3783.624182</timestamp>
			</report>
			<report>
				<misses>11478001</misses>
				<total>21</total>
				<timestamp>3783.953845</timestamp>
			</report>
			<report>
				<misses>11479001</misses>
				<total>21</total>
				<timestamp>3784.283500</timestamp>
			</report>
			<report>
				<misses>11480001</misses>
				<total>21</total>
				<timestamp>3784.613185</timestamp>
			</report>
			<report>
				<misses>11481001</misses>
				<total>21</total>
				<timestamp>3784.942849</timestamp>
			</report>
			<report>
				<misses>11482001</misses>
				<total>21</total>
				<timestamp>3785.272513</timestamp>
			</report>
			<report>
				<misses>11483001</misses>
				<total>21</total>
				<timestamp>3785.602230</timestamp>
			</report>
			<report>
				<misses>11484001</misses>
				<total>21</total>
				<timestamp>3785.931862</timestamp>
			</report>
			<report>
				<misses>11485001</misses>
				<total>21</total>
				<timestamp>3786.261523</timestamp>
			</report>
			<report>
				<misses>11486001</misses>
				<total>21</total>
				<timestamp>3786.591285</timestamp>
			</report>
			<report>
				<misses>11487001</misses>
				<total>21</total>
				<timestamp>3786.920857</timestamp>
			</report>
			<report>
				<misses>11488001</misses>
				<total>21</total>
				<timestamp>3787.250541</timestamp>
			</report>
			<report>
				<misses>11489001</misses>
				<total>21</total>
				<timestamp>3787.580216</timestamp>
			</report>
			<report>
				<misses>11490001</misses>
				<total>21</total>
				<timestamp>3787.909867</timestamp>
			</report>
			<report>
				<misses>11491001</misses>
				<total>21</total>
				<timestamp>3788.239541</timestamp>
			</report>
			<report>
				<misses>11492001</misses>
				<total>21</total>
				<timestamp>3788.569226</timestamp>
			</report>
			<report>
				<misses>11493001</misses>
				<total>21</total>
				<timestamp>3788.898906</timestamp>
			</report>
			<report>
				<misses>11494001</misses>
				<total>21</total>
				<timestamp>3789.228673</timestamp>
			</report>
			<report>
				<misses>11495001</misses>
				<total>21</total>
				<timestamp>3789.558275</timestamp>
			</report>
			<report>
				<misses>11496001</misses>
				<total>21</total>
				<timestamp>3789.887908</timestamp>
			</report>
			<report>
				<misses>11497001</misses>
				<total>21</total>
				<timestamp>3790.217569</timestamp>
			</report>
			<report>
				<misses>11498001</misses>
				<total>21</total>
				<timestamp>3790.547263</timestamp>
			</report>
			<report>
				<misses>11499001</misses>
				<total>21</total>
				<timestamp>3790.876921</timestamp>
			</report>
			<report>
				<misses>11500001</misses>
				<total>21</total>
				<timestamp>3791.206579</timestamp>
			</report>
			<report>
				<misses>11501001</misses>
				<total>21</total>
				<timestamp>3791.536304</timestamp>
			</report>
			<report>
				<misses>11502001</misses>
				<total>21</total>
				<timestamp>3791.865936</timestamp>
			</report>
			<report>
				<misses>11503001</misses>
				<total>21</total>
				<timestamp>3792.195573</timestamp>
			</report>
			<report>
				<misses>11504001</misses>
				<total>21</total>
				<timestamp>3792.525291</timestamp>
			</report>
			<report>
				<misses>11505001</misses>
				<total>21</total>
				<timestamp>3792.854931</timestamp>
			</report>
			<report>
				<misses>11506001</misses>
				<total>21</total>
				<timestamp>3793.184590</timestamp>
			</report>
			<report>
				<misses>11507001</misses>
				<total>21</total>
				<timestamp>3793.514307</timestamp>
			</report>
			<report>
				<misses>11508001</misses>
				<total>21</total>
				<timestamp>3793.844028</timestamp>
			</report>
			<report>
				<misses>11509001</misses>
				<total>21</total>
				<timestamp>3794.173598</timestamp>
			</report>
			<report>
				<misses>11510001</misses>
				<total>21</total>
				<timestamp>3794.503302</timestamp>
			</report>
			<report>
				<misses>11511001</misses>
				<total>21</total>
				<timestamp>3794.832949</timestamp>
			</report>
			<report>
				<misses>11512001</misses>
				<total>21</total>
				<timestamp>3795.162611</timestamp>
			</report>
			<report>
				<misses>11513001</misses>
				<total>21</total>
				<timestamp>3795.492318</timestamp>
			</report>
			<report>
				<misses>11514001</misses>
				<total>21</total>
				<timestamp>3795.821981</timestamp>
			</report>
			<report>
				<misses>11515001</misses>
				<total>21</total>
				<timestamp>3796.151613</timestamp>
			</report>
			<report>
				<misses>11516001</misses>
				<total>21</total>
				<timestamp>3796.481287</timestamp>
			</report>
			<report>
				<misses>11517001</misses>
				<total>21</total>
				<timestamp>3796.811043</timestamp>
			</report>
			<report>
				<misses>11518001</misses>
				<total>21</total>
				<timestamp>3797.140639</timestamp>
			</report>
			<report>
				<misses>11519001</misses>
				<total>21</total>
				<timestamp>3797.470314</timestamp>
			</report>
			<report>
				<misses>11520001</misses>
				<total>21</total>
				<timestamp>3797.800041</timestamp>
			</report>
			<report>
				<misses>11521001</misses>
				<total>21</total>
				<timestamp>3798.129641</timestamp>
			</report>
			<report>
				<misses>11522001</misses>
				<total>21</total>
				<timestamp>3798.459351</timestamp>
			</report>
			<report>
				<misses>11523001</misses>
				<total>21</total>
				<timestamp>3798.789022</timestamp>
			</report>
			<report>
				<misses>11524001</misses>
				<total>21</total>
				<timestamp>3799.118656</timestamp>
			</report>
			<report>
				<misses>11525001</misses>
				<total>21</total>
				<timestamp>3799.448347</timestamp>
			</report>
			<report>
				<misses>11526001</misses>
				<total>21</total>
				<timestamp>3799.778102</timestamp>
			</report>
			<report>
				<misses>11527001</misses>
				<total>21</total>
				<timestamp>3800.107663</timestamp>
			</report>
			<report>
				<misses>11528001</misses>
				<total>21</total>
				<timestamp>3800.437378</timestamp>
			</report>
			<report>
				<misses>11529001</misses>
				<total>21</total>
				<timestamp>3800.767060</timestamp>
			</report>
			<report>
				<misses>11530001</misses>
				<total>21</total>
				<timestamp>3801.096694</timestamp>
			</report>
			<report>
				<misses>11531001</misses>
				<total>21</total>
				<timestamp>3801.426387</timestamp>
			</report>
			<report>
				<misses>11532001</misses>
				<total>21</total>
				<timestamp>3801.756068</timestamp>
			</report>
			<report>
				<misses>11533001</misses>
				<total>21</total>
				<timestamp>3802.085712</timestamp>
			</report>
			<report>
				<misses>11534001</misses>
				<total>21</total>
				<timestamp>3802.415360</timestamp>
			</report>
			<report>
				<misses>11535001</misses>
				<total>21</total>
				<timestamp>3802.745091</timestamp>
			</report>
			<report>
				<misses>11536001</misses>
				<total>21</total>
				<timestamp>3803.074723</timestamp>
			</report>
			<report>
				<misses>11537001</misses>
				<total>21</total>
				<timestamp>3803.404357</timestamp>
			</report>
			<report>
				<misses>11538001</misses>
				<total>21</total>
				<timestamp>3803.734062</timestamp>
			</report>
			<report>
				<misses>11539001</misses>
				<total>21</total>
				<timestamp>3804.063721</timestamp>
			</report>
			<report>
				<misses>11540001</misses>
				<total>21</total>
				<timestamp>3804.393397</timestamp>
			</report>
			<report>
				<misses>11541001</misses>
				<total>21</total>
				<timestamp>3804.723086</timestamp>
			</report>
			<report>
				<misses>11542001</misses>
				<total>21</total>
				<timestamp>3805.052725</timestamp>
			</report>
			<report>
				<misses>11543001</misses>
				<total>21</total>
				<timestamp>3805.382392</timestamp>
			</report>
			<report>
				<misses>11544001</misses>
				<total>21</total>
				<timestamp>3805.712090</timestamp>
			</report>
			<report>
				<misses>11545001</misses>
				<total>21</total>
				<timestamp>3806.041742</timestamp>
			</report>
			<report>
				<misses>11546001</misses>
				<total>21</total>
				<timestamp>3806.371418</timestamp>
			</report>
			<report>
				<misses>11547001</misses>
				<total>21</total>
				<timestamp>3806.701159</timestamp>
			</report>
			<report>
				<misses>11548001</misses>
				<total>21</total>
				<timestamp>3807.030744</timestamp>
			</report>
			<report>
				<misses>11549001</misses>
				<total>21</total>
				<timestamp>3807.360413</timestamp>
			</report>
			<report>
				<misses>11550001</misses>
				<total>21</total>
				<timestamp>3807.690125</timestamp>
			</report>
			<report>
				<misses>11551001</misses>
				<total>21</total>
				<timestamp>3808.019741</timestamp>
			</report>
			<report>
				<misses>11552001</misses>
				<total>21</total>
				<timestamp>3808.349415</timestamp>
			</report>
			<report>
				<misses>11553001</misses>
				<total>21</total>
				<timestamp>3808.679100</timestamp>
			</report>
			<report>
				<misses>11554001</misses>
				<total>21</total>
				<timestamp>3809.008742</timestamp>
			</report>
			<report>
				<misses>11555001</misses>
				<total>21</total>
				<timestamp>3809.338423</timestamp>
			</report>
			<report>
				<misses>11556001</misses>
				<total>21</total>
				<timestamp>3809.668164</timestamp>
			</report>
			<report>
				<misses>11557001</misses>
				<total>21</total>
				<timestamp>3809.997782</timestamp>
			</report>
			<report>
				<misses>11558001</misses>
				<total>21</total>
				<timestamp>3810.327448</timestamp>
			</report>
			<report>
				<misses>11559001</misses>
				<total>21</total>
				<timestamp>3810.657209</timestamp>
			</report>
			<report>
				<misses>11560001</misses>
				<total>21</total>
				<timestamp>3810.986771</timestamp>
			</report>
			<report>
				<misses>11561001</misses>
				<total>21</total>
				<timestamp>3811.316472</timestamp>
			</report>
			<report>
				<misses>11562001</misses>
				<total>21</total>
				<timestamp>3811.646158</timestamp>
			</report>
			<report>
				<misses>11563001</misses>
				<total>21</total>
				<timestamp>3811.975809</timestamp>
			</report>
			<report>
				<misses>11564001</misses>
				<total>21</total>
				<timestamp>3812.305467</timestamp>
			</report>
			<report>
				<misses>11565001</misses>
				<total>21</total>
				<timestamp>3812.635182</timestamp>
			</report>
			<report>
				<misses>11566001</misses>
				<total>21</total>
				<timestamp>3812.964804</timestamp>
			</report>
			<report>
				<misses>11567001</misses>
				<total>21</total>
				<timestamp>3813.294475</timestamp>
			</report>
			<report>
				<misses>11568001</misses>
				<total>21</total>
				<timestamp>3813.624174</timestamp>
			</report>
			<report>
				<misses>11569001</misses>
				<total>21</total>
				<timestamp>3813.953810</timestamp>
			</report>
			<report>
				<misses>11570001</misses>
				<total>21</total>
				<timestamp>3814.283480</timestamp>
			</report>
			<report>
				<misses>11571001</misses>
				<total>21</total>
				<timestamp>3814.613152</timestamp>
			</report>
			<report>
				<misses>11572001</misses>
				<total>21</total>
				<timestamp>3814.942815</timestamp>
			</report>
			<report>
				<misses>11573001</misses>
				<total>21</total>
				<timestamp>3815.272497</timestamp>
			</report>
			<report>
				<misses>11574001</misses>
				<total>21</total>
				<timestamp>3815.602169</timestamp>
			</report>
			<report>
				<misses>11575001</misses>
				<total>21</total>
				<timestamp>3815.931841</timestamp>
			</report>
			<report>
				<misses>11576001</misses>
				<total>21</total>
				<timestamp>3816.261496</timestamp>
			</report>
			<report>
				<misses>11577001</misses>
				<total>21</total>
				<timestamp>3816.591193</timestamp>
			</report>
			<report>
				<misses>11578001</misses>
				<total>21</total>
				<timestamp>3816.920846</timestamp>
			</report>
			<report>
				<misses>11579001</misses>
				<total>21</total>
				<timestamp>3817.250504</timestamp>
			</report>
			<report>
				<misses>11580001</misses>
				<total>21</total>
				<timestamp>3817.580192</timestamp>
			</report>
			<report>
				<misses>11581001</misses>
				<total>21</total>
				<timestamp>3817.909916</timestamp>
			</report>
			<report>
				<misses>11582001</misses>
				<total>21</total>
				<timestamp>3818.239588</timestamp>
			</report>
			<report>
				<misses>11583001</misses>
				<total>21</total>
				<timestamp>3818.569189</timestamp>
			</report>
			<report>
				<misses>11584001</misses>
				<total>21</total>
				<timestamp>3818.898856</timestamp>
			</report>
			<report>
				<misses>11585001</misses>
				<total>21</total>
				<timestamp>3819.228532</timestamp>
			</report>
			<report>
				<misses>11586001</misses>
				<total>21</total>
				<timestamp>3819.558225</timestamp>
			</report>
			<report>
				<misses>11587001</misses>
				<total>21</total>
				<timestamp>3819.887918</timestamp>
			</report>
			<report>
				<misses>11588001</misses>
				<total>21</total>
				<timestamp>3820.217546</timestamp>
			</report>
			<report>
				<misses>11589001</misses>
				<total>21</total>
				<timestamp>3820.547221</timestamp>
			</report>
			<report>
				<misses>11590001</misses>
				<total>21</total>
				<timestamp>3820.876870</timestamp>
			</report>
			<report>
				<misses>11591001</misses>
				<total>21</total>
				<timestamp>3821.206537</timestamp>
			</report>
			<report>
				<misses>11592001</misses>
				<total>21</total>
				<timestamp>3821.536245</timestamp>
			</report>
			<report>
				<misses>11593001</misses>
				<total>21</total>
				<timestamp>3821.865925</timestamp>
			</report>
			<report>
				<misses>11594001</misses>
				<total>21</total>
				<timestamp>3822.195565</timestamp>
			</report>
			<report>
				<misses>11595001</misses>
				<total>21</total>
				<timestamp>3822.525301</timestamp>
			</report>
			<report>
				<misses>11596001</misses>
				<total>22</total>
				<timestamp>3822.854952</timestamp>
			</report>
			<report>
				<misses>11597001</misses>
				<total>22</total>
				<timestamp>3823.184580</timestamp>
			</report>
			<report>
				<misses>11598001</misses>
				<total>22</total>
				<timestamp>3823.514326</timestamp>
			</report>
			<report>
				<misses>11599001</misses>
				<total>22</total>
				<timestamp>3823.843996</timestamp>
			</report>
			<report>
				<misses>11600001</misses>
				<total>22</total>
				<timestamp>3824.173596</timestamp>
			</report>
			<report>
				<misses>11601001</misses>
				<total>22</total>
				<timestamp>3824.503276</timestamp>
			</report>
			<report>
				<misses>11602001</misses>
				<total>22</total>
				<timestamp>3824.832930</timestamp>
			</report>
			<report>
				<misses>11603001</misses>
				<total>22</total>
				<timestamp>3825.162588</timestamp>
			</report>
			<report>
				<misses>11604001</misses>
				<total>22</total>
				<timestamp>3825.492244</timestamp>
			</report>
			<report>
				<misses>11605001</misses>
				<total>22</total>
				<timestamp>3825.821975</timestamp>
			</report>
			<report>
				<misses>11606001</misses>
				<total>22</total>
				<timestamp>3826.151618</timestamp>
			</report>
			<report>
				<misses>11607001</misses>
				<total>22</total>
				<timestamp>3826.481279</timestamp>
			</report>
			<report>
				<misses>11608001</misses>
				<total>22</total>
				<timestamp>3826.810977</timestamp>
			</report>
			<report>
				<misses>11609001</misses>
				<total>22</total>
				<timestamp>3827.140607</timestamp>
			</report>
			<report>
				<misses>11610001</misses>
				<total>22</total>
				<timestamp>3827.470274</timestamp>
			</report>
			<report>
				<misses>11611001</misses>
				<total>22</total>
				<timestamp>3827.800026</timestamp>
			</report>
			<report>
				<misses>11612001</misses>
				<total>22</total>
				<timestamp>3828.129607</timestamp>
			</report>
			<report>
				<misses>11613001</misses>
				<total>22</total>
				<timestamp>3828.459276</timestamp>
			</report>
			<report>
				<misses>11614001</misses>
				<total>22</total>
				<timestamp>3828.788987</timestamp>
			</report>
			<report>
				<misses>11615001</misses>
				<total>22</total>
				<timestamp>3829.118637</timestamp>
			</report>
			<report>
				<misses>11616001</misses>
				<total>22</total>
				<timestamp>3829.448293</timestamp>
			</report>
			<report>
				<misses>11617001</misses>
				<total>22</total>
				<timestamp>3829.778033</timestamp>
			</report>
			<report>
				<misses>11618001</misses>
				<total>22</total>
				<timestamp>3830.107641</timestamp>
			</report>
			<report>
				<misses>11619001</misses>
				<total>22</total>
				<timestamp>3830.437320</timestamp>
			</report>
			<report>
				<misses>11620001</misses>
				<total>22</total>
				<timestamp>3830.767012</timestamp>
			</report>
			<report>
				<misses>11621001</misses>
				<total>22</total>
				<timestamp>3831.096652</timestamp>
			</report>
			<report>
				<misses>11622001</misses>
				<total>22</total>
				<timestamp>3831.426329</timestamp>
			</report>
			<report>
				<misses>11623001</misses>
				<total>22</total>
				<timestamp>3831.756018</timestamp>
			</report>
			<report>
				<misses>11624001</misses>
				<total>22</total>
				<timestamp>3832.085662</timestamp>
			</report>
			<report>
				<misses>11625001</misses>
				<total>22</total>
				<timestamp>3832.415335</timestamp>
			</report>
			<report>
				<misses>11626001</misses>
				<total>22</total>
				<timestamp>3832.745048</timestamp>
			</report>
			<report>
				<misses>11627001</misses>
				<total>22</total>
				<timestamp>3833.074661</timestamp>
			</report>
			<report>
				<misses>11628001</misses>
				<total>22</total>
				<timestamp>3833.404335</timestamp>
			</report>
			<report>
				<misses>11629001</misses>
				<total>22</total>
				<timestamp>3833.734002</timestamp>
			</report>
			<report>
				<misses>11630001</misses>
				<total>22</total>
				<timestamp>3834.063680</timestamp>
			</report>
			<report>
				<misses>11631001</misses>
				<total>22</total>
				<timestamp>3834.393337</timestamp>
			</report>
			<report>
				<misses>11632001</misses>
				<total>22</total>
				<timestamp>3834.723025</timestamp>
			</report>
			<report>
				<misses>11633001</misses>
				<total>22</total>
				<timestamp>3835.052705</timestamp>
			</report>
			<report>
				<misses>11634001</misses>
				<total>22</total>
				<timestamp>3835.382353</timestamp>
			</report>
			<report>
				<misses>11635001</misses>
				<total>22</total>
				<timestamp>3835.712057</timestamp>
			</report>
			<report>
				<misses>11636001</misses>
				<total>22</total>
				<timestamp>3836.041702</timestamp>
			</report>
			<report>
				<misses>11637001</misses>
				<total>22</total>
				<timestamp>3836.371359</timestamp>
			</report>
			<report>
				<misses>11638001</misses>
				<total>22</total>
				<timestamp>3836.701046</timestamp>
			</report>
			<report>
				<misses>11639001</misses>
				<total>22</total>
				<timestamp>3837.030729</timestamp>
			</report>
			<report>
				<misses>11640001</misses>
				<total>22</total>
				<timestamp>3837.360381</timestamp>
			</report>
			<report>
				<misses>11641001</misses>
				<total>22</total>
				<timestamp>3837.690087</timestamp>
			</report>
			<report>
				<misses>11642001</misses>
				<total>22</total>
				<timestamp>3838.019724</timestamp>
			</report>
			<report>
				<misses>11643001</misses>
				<total>22</total>
				<timestamp>3838.349405</timestamp>
			</report>
			<report>
				<misses>11644001</misses>
				<total>22</total>
				<timestamp>3838.679068</timestamp>
			</report>
			<report>
				<misses>11645001</misses>
				<total>22</total>
				<timestamp>3839.008740</timestamp>
			</report>
			<report>
				<misses>11646001</misses>
				<total>22</total>
				<timestamp>3839.338403</timestamp>
			</report>
			<report>
				<misses>11647001</misses>
				<total>22</total>
				<timestamp>3839.668148</timestamp>
			</report>
			<report>
				<misses>11648001</misses>
				<total>22</total>
				<timestamp>3839.997744</timestamp>
			</report>
			<report>
				<misses>11649001</misses>
				<total>22</total>
				<timestamp>3840.327410</timestamp>
			</report>
			<report>
				<misses>11650001</misses>
				<total>22</total>
				<timestamp>3840.657188</timestamp>
			</report>
			<report>
				<misses>11651001</misses>
				<total>22</total>
				<timestamp>3840.986757</timestamp>
			</report>
			<report>
				<misses>11652001</misses>
				<total>22</total>
				<timestamp>3841.316421</timestamp>
			</report>
			<report>
				<misses>11653001</misses>
				<total>22</total>
				<timestamp>3841.646126</timestamp>
			</report>
			<report>
				<misses>11654001</misses>
				<total>22</total>
				<timestamp>3841.975781</timestamp>
			</report>
			<report>
				<misses>11655001</misses>
				<total>22</total>
				<timestamp>3842.305458</timestamp>
			</report>
			<report>
				<misses>11656001</misses>
				<total>22</total>
				<timestamp>3842.635119</timestamp>
			</report>
			<report>
				<misses>11657001</misses>
				<total>22</total>
				<timestamp>3842.964798</timestamp>
			</report>
			<report>
				<misses>11658001</misses>
				<total>22</total>
				<timestamp>3843.294446</timestamp>
			</report>
			<report>
				<misses>11659001</misses>
				<total>22</total>
				<timestamp>3843.624136</timestamp>
			</report>
			<report>
				<misses>11660001</misses>
				<total>22</total>
				<timestamp>3843.953856</timestamp>
			</report>
			<report>
				<misses>11661001</misses>
				<total>22</total>
				<timestamp>3844.283451</timestamp>
			</report>
			<report>
				<misses>11662001</misses>
				<total>22</total>
				<timestamp>3844.613150</timestamp>
			</report>
			<report>
				<misses>11663001</misses>
				<total>22</total>
				<timestamp>3844.942831</timestamp>
			</report>
			<report>
				<misses>11664001</misses>
				<total>22</total>
				<timestamp>3845.272461</timestamp>
			</report>
			<report>
				<misses>11665001</misses>
				<total>22</total>
				<timestamp>3845.602124</timestamp>
			</report>
			<report>
				<misses>11666001</misses>
				<total>22</total>
				<timestamp>3845.931818</timestamp>
			</report>
			<report>
				<misses>11667001</misses>
				<total>22</total>
				<timestamp>3846.261479</timestamp>
			</report>
			<report>
				<misses>11668001</misses>
				<total>22</total>
				<timestamp>3846.591163</timestamp>
			</report>
			<report>
				<misses>11669001</misses>
				<total>22</total>
				<timestamp>3846.920834</timestamp>
			</report>
			<report>
				<misses>11670001</misses>
				<total>22</total>
				<timestamp>3847.250474</timestamp>
			</report>
			<report>
				<misses>11671001</misses>
				<total>22</total>
				<timestamp>3847.580140</timestamp>
			</report>
			<report>
				<misses>11672001</misses>
				<total>22</total>
				<timestamp>3847.909855</timestamp>
			</report>
			<report>
				<misses>11673001</misses>
				<total>22</total>
				<timestamp>3848.239499</timestamp>
			</report>
			<report>
				<misses>11674001</misses>
				<total>22</total>
				<timestamp>3848.569148</timestamp>
			</report>
			<report>
				<misses>11675001</misses>
				<total>22</total>
				<timestamp>3848.898874</timestamp>
			</report>
			<report>
				<misses>11676001</misses>
				<total>22</total>
				<timestamp>3849.228503</timestamp>
			</report>
			<report>
				<misses>11677001</misses>
				<total>22</total>
				<timestamp>3849.558172</timestamp>
			</report>
			<report>
				<misses>11678001</misses>
				<total>22</total>
				<timestamp>3849.887888</timestamp>
			</report>
			<report>
				<misses>11679001</misses>
				<total>22</total>
				<timestamp>3850.217510</timestamp>
			</report>
			<report>
				<misses>11680001</misses>
				<total>22</total>
				<timestamp>3850.547209</timestamp>
			</report>
			<report>
				<misses>11681001</misses>
				<total>22</total>
				<timestamp>3850.876870</timestamp>
			</report>
			<report>
				<misses>11682001</misses>
				<total>22</total>
				<timestamp>3851.206516</timestamp>
			</report>
			<report>
				<misses>11683001</misses>
				<total>22</total>
				<timestamp>3851.536189</timestamp>
			</report>
			<report>
				<misses>11684001</misses>
				<total>22</total>
				<timestamp>3851.865864</timestamp>
			</report>
			<report>
				<misses>11685001</misses>
				<total>22</total>
				<timestamp>3852.195527</timestamp>
			</report>
			<report>
				<misses>11686001</misses>
				<total>22</total>
				<timestamp>3852.525200</timestamp>
			</report>
			<report>
				<misses>11687001</misses>
				<total>22</total>
				<timestamp>3852.854888</timestamp>
			</report>
			<report>
				<misses>11688001</misses>
				<total>22</total>
				<timestamp>3853.184532</timestamp>
			</report>
			<report>
				<misses>11689001</misses>
				<total>22</total>
				<timestamp>3853.514267</timestamp>
			</report>
			<report>
				<misses>11690001</misses>
				<total>22</total>
				<timestamp>3853.843934</timestamp>
			</report>
			<report>
				<misses>11691001</misses>
				<total>22</total>
				<timestamp>3854.173552</timestamp>
			</report>
			<report>
				<misses>11692001</misses>
				<total>22</total>
				<timestamp>3854.503221</timestamp>
			</report>
			<report>
				<misses>11693001</misses>
				<total>22</total>
				<timestamp>3854.833031</timestamp>
			</report>
			<report>
				<misses>11694001</misses>
				<total>22</total>
				<timestamp>3855.162582</timestamp>
			</report>
			<report>
				<misses>11695001</misses>
				<total>22</total>
				<timestamp>3855.492230</timestamp>
			</report>
			<report>
				<misses>11696001</misses>
				<total>22</total>
				<timestamp>3855.821909</timestamp>
			</report>
			<report>
				<misses>11697001</misses>
				<total>22</total>
				<timestamp>3856.151631</timestamp>
			</report>
			<report>
				<misses>11698001</misses>
				<total>22</total>
				<timestamp>3856.481238</timestamp>
			</report>
			<report>
				<misses>11699001</misses>
				<total>22</total>
				<timestamp>3856.810916</timestamp>
			</report>
			<report>
				<misses>11700001</misses>
				<total>22</total>
				<timestamp>3857.140568</timestamp>
			</report>
			<report>
				<misses>11701001</misses>
				<total>22</total>
				<timestamp>3857.470250</timestamp>
			</report>
			<report>
				<misses>11702001</misses>
				<total>22</total>
				<timestamp>3857.799923</timestamp>
			</report>
			<report>
				<misses>11703001</misses>
				<total>22</total>
				<timestamp>3858.129585</timestamp>
			</report>
			<report>
				<misses>11704001</misses>
				<total>22</total>
				<timestamp>3858.459263</timestamp>
			</report>
			<report>
				<misses>11705001</misses>
				<total>22</total>
				<timestamp>3858.788953</timestamp>
			</report>
			<report>
				<misses>11706001</misses>
				<total>22</total>
				<timestamp>3859.118596</timestamp>
			</report>
			<report>
				<misses>11707001</misses>
				<total>22</total>
				<timestamp>3859.448283</timestamp>
			</report>
			<report>
				<misses>11708001</misses>
				<total>22</total>
				<timestamp>3859.777956</timestamp>
			</report>
			<report>
				<misses>11709001</misses>
				<total>22</total>
				<timestamp>3860.107596</timestamp>
			</report>
			<report>
				<misses>11710001</misses>
				<total>22</total>
				<timestamp>3860.437281</timestamp>
			</report>
			<report>
				<misses>11711001</misses>
				<total>22</total>
				<timestamp>3860.766980</timestamp>
			</report>
			<report>
				<misses>11712001</misses>
				<total>22</total>
				<timestamp>3861.096626</timestamp>
			</report>
			<report>
				<misses>11713001</misses>
				<total>22</total>
				<timestamp>3861.426306</timestamp>
			</report>
			<report>
				<misses>11714001</misses>
				<total>22</total>
				<timestamp>3861.755983</timestamp>
			</report>
			<report>
				<misses>11715001</misses>
				<total>22</total>
				<timestamp>3862.085614</timestamp>
			</report>
			<report>
				<misses>11716001</misses>
				<total>22</total>
				<timestamp>3862.415302</timestamp>
			</report>
			<report>
				<misses>11717001</misses>
				<total>22</total>
				<timestamp>3862.745011</timestamp>
			</report>
			<report>
				<misses>11718001</misses>
				<total>22</total>
				<timestamp>3863.074637</timestamp>
			</report>
			<report>
				<misses>11719001</misses>
				<total>22</total>
				<timestamp>3863.404308</timestamp>
			</report>
			<report>
				<misses>11720001</misses>
				<total>22</total>
				<timestamp>3863.734002</timestamp>
			</report>
			<report>
				<misses>11721001</misses>
				<total>22</total>
				<timestamp>3864.063725</timestamp>
			</report>
			<report>
				<misses>11722001</misses>
				<total>22</total>
				<timestamp>3864.393312</timestamp>
			</report>
			<report>
				<misses>11723001</misses>
				<total>22</total>
				<timestamp>3864.722992</timestamp>
			</report>
			<report>
				<misses>11724001</misses>
				<total>22</total>
				<timestamp>3865.052729</timestamp>
			</report>
			<report>
				<misses>11725001</misses>
				<total>22</total>
				<timestamp>3865.382345</timestamp>
			</report>
			<report>
				<misses>11726001</misses>
				<total>22</total>
				<timestamp>3865.712003</timestamp>
			</report>
			<report>
				<misses>11727001</misses>
				<total>22</total>
				<timestamp>3866.041732</timestamp>
			</report>
			<report>
				<misses>11728001</misses>
				<total>22</total>
				<timestamp>3866.371348</timestamp>
			</report>
			<report>
				<misses>11729001</misses>
				<total>22</total>
				<timestamp>3866.701008</timestamp>
			</report>
			<report>
				<misses>11730001</misses>
				<total>22</total>
				<timestamp>3867.030741</timestamp>
			</report>
			<report>
				<misses>11731001</misses>
				<total>22</total>
				<timestamp>3867.360357</timestamp>
			</report>
			<report>
				<misses>11732001</misses>
				<total>22</total>
				<timestamp>3867.690022</timestamp>
			</report>
			<report>
				<misses>11733001</misses>
				<total>22</total>
				<timestamp>3868.019746</timestamp>
			</report>
			<report>
				<misses>11734001</misses>
				<total>22</total>
				<timestamp>3868.349358</timestamp>
			</report>
			<report>
				<misses>11735001</misses>
				<total>22</total>
				<timestamp>3868.679068</timestamp>
			</report>
			<report>
				<misses>11736001</misses>
				<total>22</total>
				<timestamp>3869.008729</timestamp>
			</report>
			<report>
				<misses>11737001</misses>
				<total>22</total>
				<timestamp>3869.338378</timestamp>
			</report>
			<report>
				<misses>11738001</misses>
				<total>22</total>
				<timestamp>3869.668117</timestamp>
			</report>
			<report>
				<misses>11739001</misses>
				<total>22</total>
				<timestamp>3869.997727</timestamp>
			</report>
			<report>
				<misses>11740001</misses>
				<total>22</total>
				<timestamp>3870.327376</timestamp>
			</report>
			<report>
				<misses>11741001</misses>
				<total>22</total>
				<timestamp>3870.657045</timestamp>
			</report>
			<report>
				<misses>11742001</misses>
				<total>22</total>
				<timestamp>3870.986745</timestamp>
			</report>
			<report>
				<misses>11743001</misses>
				<total>22</total>
				<timestamp>3871.316399</timestamp>
			</report>
			<report>
				<misses>11744001</misses>
				<total>22</total>
				<timestamp>3871.646057</timestamp>
			</report>
			<report>
				<misses>11745001</misses>
				<total>22</total>
				<timestamp>3871.975820</timestamp>
			</report>
			<report>
				<misses>11746001</misses>
				<total>22</total>
				<timestamp>3872.305393</timestamp>
			</report>
			<report>
				<misses>11747001</misses>
				<total>22</total>
				<timestamp>3872.635095</timestamp>
			</report>
			<report>
				<misses>11748001</misses>
				<total>22</total>
				<timestamp>3872.964746</timestamp>
			</report>
			<report>
				<misses>11749001</misses>
				<total>22</total>
				<timestamp>3873.294409</timestamp>
			</report>
			<report>
				<misses>11750001</misses>
				<total>22</total>
				<timestamp>3873.624108</timestamp>
			</report>
			<report>
				<misses>11751001</misses>
				<total>22</total>
				<timestamp>3873.953778</timestamp>
			</report>
			<report>
				<misses>11752001</misses>
				<total>22</total>
				<timestamp>3874.283444</timestamp>
			</report>
			<report>
				<misses>11753001</misses>
				<total>22</total>
				<timestamp>3874.613114</timestamp>
			</report>
			<report>
				<misses>11754001</misses>
				<total>22</total>
				<timestamp>3874.942788</timestamp>
			</report>
			<report>
				<misses>11755001</misses>
				<total>22</total>
				<timestamp>3875.272434</timestamp>
			</report>
			<report>
				<misses>11756001</misses>
				<total>22</total>
				<timestamp>3875.602132</timestamp>
			</report>
			<report>
				<misses>11757001</misses>
				<total>22</total>
				<timestamp>3875.931848</timestamp>
			</report>
			<report>
				<misses>11758001</misses>
				<total>22</total>
				<timestamp>3876.261429</timestamp>
			</report>
			<report>
				<misses>11759001</misses>
				<total>22</total>
				<timestamp>3876.591115</timestamp>
			</report>
			<report>
				<misses>11760001</misses>
				<total>22</total>
				<timestamp>3876.920871</timestamp>
			</report>
			<report>
				<misses>11761001</misses>
				<total>22</total>
				<timestamp>3877.250463</timestamp>
			</report>
			<report>
				<misses>11762001</misses>
				<total>22</total>
				<timestamp>3877.580146</timestamp>
			</report>
			<report>
				<misses>11763001</misses>
				<total>22</total>
				<timestamp>3877.909806</timestamp>
			</report>
			<report>
				<misses>11764001</misses>
				<total>22</total>
				<timestamp>3878.239458</timestamp>
			</report>
			<report>
				<misses>11765001</misses>
				<total>22</total>
				<timestamp>3878.569121</timestamp>
			</report>
			<report>
				<misses>11766001</misses>
				<total>22</total>
				<timestamp>3878.898819</timestamp>
			</report>
			<report>
				<misses>11767001</misses>
				<total>22</total>
				<timestamp>3879.228473</timestamp>
			</report>
			<report>
				<misses>11768001</misses>
				<total>22</total>
				<timestamp>3879.558133</timestamp>
			</report>
			<report>
				<misses>11769001</misses>
				<total>22</total>
				<timestamp>3879.887835</timestamp>
			</report>
			<report>
				<misses>11770001</misses>
				<total>22</total>
				<timestamp>3880.217484</timestamp>
			</report>
			<report>
				<misses>11771001</misses>
				<total>22</total>
				<timestamp>3880.547165</timestamp>
			</report>
			<report>
				<misses>11772001</misses>
				<total>22</total>
				<timestamp>3880.876828</timestamp>
			</report>
			<report>
				<misses>11773001</misses>
				<total>22</total>
				<timestamp>3881.206495</timestamp>
			</report>
			<report>
				<misses>11774001</misses>
				<total>22</total>
				<timestamp>3881.536161</timestamp>
			</report>
			<report>
				<misses>11775001</misses>
				<total>22</total>
				<timestamp>3881.865898</timestamp>
			</report>
			<report>
				<misses>11776001</misses>
				<total>22</total>
				<timestamp>3882.195511</timestamp>
			</report>
			<report>
				<misses>11777001</misses>
				<total>22</total>
				<timestamp>3882.525182</timestamp>
			</report>
			<report>
				<misses>11778001</misses>
				<total>22</total>
				<timestamp>3882.854850</timestamp>
			</report>
			<report>
				<misses>11779001</misses>
				<total>22</total>
				<timestamp>3883.184509</timestamp>
			</report>
			<report>
				<misses>11780001</misses>
				<total>22</total>
				<timestamp>3883.514173</timestamp>
			</report>
			<report>
				<misses>11781001</misses>
				<total>22</total>
				<timestamp>3883.843870</timestamp>
			</report>
			<report>
				<misses>11782001</misses>
				<total>22</total>
				<timestamp>3884.173521</timestamp>
			</report>
			<report>
				<misses>11783001</misses>
				<total>22</total>
				<timestamp>3884.503197</timestamp>
			</report>
			<report>
				<misses>11784001</misses>
				<total>22</total>
				<timestamp>3884.832877</timestamp>
			</report>
			<report>
				<misses>11785001</misses>
				<total>22</total>
				<timestamp>3885.162528</timestamp>
			</report>
			<report>
				<misses>11786001</misses>
				<total>22</total>
				<timestamp>3885.492206</timestamp>
			</report>
			<report>
				<misses>11787001</misses>
				<total>22</total>
				<timestamp>3885.821865</timestamp>
			</report>
			<report>
				<misses>11788001</misses>
				<total>22</total>
				<timestamp>3886.151536</timestamp>
			</report>
			<report>
				<misses>11789001</misses>
				<total>22</total>
				<timestamp>3886.481210</timestamp>
			</report>
			<report>
				<misses>11790001</misses>
				<total>22</total>
				<timestamp>3886.810876</timestamp>
			</report>
			<report>
				<misses>11791001</misses>
				<total>22</total>
				<timestamp>3887.140613</timestamp>
			</report>
			<report>
				<misses>11792001</misses>
				<total>22</total>
				<timestamp>3887.470214</timestamp>
			</report>
			<report>
				<misses>11793001</misses>
				<total>22</total>
				<timestamp>3887.799880</timestamp>
			</report>
			<report>
				<misses>11794001</misses>
				<total>22</total>
				<timestamp>3888.129559</timestamp>
			</report>
			<report>
				<misses>11795001</misses>
				<total>22</total>
				<timestamp>3888.459247</timestamp>
			</report>
			<report>
				<misses>11796001</misses>
				<total>22</total>
				<timestamp>3888.788891</timestamp>
			</report>
			<report>
				<misses>11797001</misses>
				<total>22</total>
				<timestamp>3889.118639</timestamp>
			</report>
			<report>
				<misses>11798001</misses>
				<total>22</total>
				<timestamp>3889.448253</timestamp>
			</report>
			<report>
				<misses>11799001</misses>
				<total>22</total>
				<timestamp>3889.777900</timestamp>
			</report>
			<report>
				<misses>11800001</misses>
				<total>22</total>
				<timestamp>3890.107622</timestamp>
			</report>
			<report>
				<misses>11801001</misses>
				<total>22</total>
				<timestamp>3890.437256</timestamp>
			</report>
			<report>
				<misses>11802001</misses>
				<total>22</total>
				<timestamp>3890.766905</timestamp>
			</report>
			<report>
				<misses>11803001</misses>
				<total>22</total>
				<timestamp>3891.096635</timestamp>
			</report>
			<report>
				<misses>11804001</misses>
				<total>22</total>
				<timestamp>3891.426251</timestamp>
			</report>
			<report>
				<misses>11805001</misses>
				<total>22</total>
				<timestamp>3891.755934</timestamp>
			</report>
			<report>
				<misses>11806001</misses>
				<total>22</total>
				<timestamp>3892.085651</timestamp>
			</report>
			<report>
				<misses>11807001</misses>
				<total>22</total>
				<timestamp>3892.415256</timestamp>
			</report>
			<report>
				<misses>11808001</misses>
				<total>22</total>
				<timestamp>3892.744933</timestamp>
			</report>
			<report>
				<misses>11809001</misses>
				<total>22</total>
				<timestamp>3893.074632</timestamp>
			</report>
			<report>
				<misses>11810001</misses>
				<total>22</total>
				<timestamp>3893.404275</timestamp>
			</report>
			<report>
				<misses>11811001</misses>
				<total>22</total>
				<timestamp>3893.733945</timestamp>
			</report>
			<report>
				<misses>11812001</misses>
				<total>22</total>
				<timestamp>3894.063709</timestamp>
			</report>
			<report>
				<misses>11813001</misses>
				<total>22</total>
				<timestamp>3894.393292</timestamp>
			</report>
			<report>
				<misses>11814001</misses>
				<total>22</total>
				<timestamp>3894.722977</timestamp>
			</report>
			<report>
				<misses>11815001</misses>
				<total>22</total>
				<timestamp>3895.052671</timestamp>
			</report>
			<report>
				<misses>11816001</misses>
				<total>22</total>
				<timestamp>3895.382407</timestamp>
			</report>
			<report>
				<misses>11817001</misses>
				<total>22</total>
				<timestamp>3895.711972</timestamp>
			</report>
			<report>
				<misses>11818001</misses>
				<total>22</total>
				<timestamp>3896.041705</timestamp>
			</report>
			<report>
				<misses>11819001</misses>
				<total>22</total>
				<timestamp>3896.371305</timestamp>
			</report>
			<report>
				<misses>11820001</misses>
				<total>22</total>
				<timestamp>3896.700976</timestamp>
			</report>
			<report>
				<misses>11821001</misses>
				<total>22</total>
				<timestamp>3897.030755</timestamp>
			</report>
			<report>
				<misses>11822001</misses>
				<total>22</total>
				<timestamp>3897.360319</timestamp>
			</report>
			<report>
				<misses>11823001</misses>
				<total>22</total>
				<timestamp>3897.689985</timestamp>
			</report>
			<report>
				<misses>11824001</misses>
				<total>22</total>
				<timestamp>3898.019711</timestamp>
			</report>
			<report>
				<misses>11825001</misses>
				<total>22</total>
				<timestamp>3898.349336</timestamp>
			</report>
			<report>
				<misses>11826001</misses>
				<total>22</total>
				<timestamp>3898.679000</timestamp>
			</report>
			<report>
				<misses>11827001</misses>
				<total>22</total>
				<timestamp>3899.008750</timestamp>
			</report>
			<report>
				<misses>11828001</misses>
				<total>22</total>
				<timestamp>3899.338347</timestamp>
			</report>
			<report>
				<misses>11829001</misses>
				<total>22</total>
				<timestamp>3899.667998</timestamp>
			</report>
			<report>
				<misses>11830001</misses>
				<total>22</total>
				<timestamp>3899.997730</timestamp>
			</report>
			<report>
				<misses>11831001</misses>
				<total>22</total>
				<timestamp>3900.327347</timestamp>
			</report>
			<report>
				<misses>11832001</misses>
				<total>22</total>
				<timestamp>3900.657045</timestamp>
			</report>
			<report>
				<misses>11833001</misses>
				<total>22</total>
				<timestamp>3900.986733</timestamp>
			</report>
			<report>
				<misses>11834001</misses>
				<total>22</total>
				<timestamp>3901.316352</timestamp>
			</report>
			<report>
				<misses>11835001</misses>
				<total>22</total>
				<timestamp>3901.646024</timestamp>
			</report>
			<report>
				<misses>11836001</misses>
				<total>22</total>
				<timestamp>3901.975727</timestamp>
			</report>
			<report>
				<misses>11837001</misses>
				<total>22</total>
				<timestamp>3902.305411</timestamp>
			</report>
			<report>
				<misses>11838001</misses>
				<total>22</total>
				<timestamp>3902.635032</timestamp>
			</report>
			<report>
				<misses>11839001</misses>
				<total>22</total>
				<timestamp>3902.964749</timestamp>
			</report>
			<report>
				<misses>11840001</misses>
				<total>22</total>
				<timestamp>3903.294393</timestamp>
			</report>
			<report>
				<misses>11841001</misses>
				<total>22</total>
				<timestamp>3903.624056</timestamp>
			</report>
			<report>
				<misses>11842001</misses>
				<total>22</total>
				<timestamp>3903.953732</timestamp>
			</report>
			<report>
				<misses>11843001</misses>
				<total>22</total>
				<timestamp>3904.283398</timestamp>
			</report>
			<report>
				<misses>11844001</misses>
				<total>22</total>
				<timestamp>3904.613093</timestamp>
			</report>
			<report>
				<misses>11845001</misses>
				<total>22</total>
				<timestamp>3904.942758</timestamp>
			</report>
			<report>
				<misses>11846001</misses>
				<total>22</total>
				<timestamp>3905.272390</timestamp>
			</report>
			<report>
				<misses>11847001</misses>
				<total>22</total>
				<timestamp>3905.602079</timestamp>
			</report>
			<report>
				<misses>11848001</misses>
				<total>22</total>
				<timestamp>3905.931743</timestamp>
			</report>
			<report>
				<misses>11849001</misses>
				<total>22</total>
				<timestamp>3906.261419</timestamp>
			</report>
			<report>
				<misses>11850001</misses>
				<total>22</total>
				<timestamp>3906.591092</timestamp>
			</report>
			<report>
				<misses>11851001</misses>
				<total>22</total>
				<timestamp>3906.920743</timestamp>
			</report>
			<report>
				<misses>11852001</misses>
				<total>22</total>
				<timestamp>3907.250411</timestamp>
			</report>
			<report>
				<misses>11853001</misses>
				<total>22</total>
				<timestamp>3907.580088</timestamp>
			</report>
			<report>
				<misses>11854001</misses>
				<total>22</total>
				<timestamp>3907.909765</timestamp>
			</report>
			<report>
				<misses>11855001</misses>
				<total>22</total>
				<timestamp>3908.239418</timestamp>
			</report>
			<report>
				<misses>11856001</misses>
				<total>22</total>
				<timestamp>3908.569109</timestamp>
			</report>
			<report>
				<misses>11857001</misses>
				<total>22</total>
				<timestamp>3908.898830</timestamp>
			</report>
			<report>
				<misses>11858001</misses>
				<total>22</total>
				<timestamp>3909.228440</timestamp>
			</report>
			<report>
				<misses>11859001</misses>
				<total>22</total>
				<timestamp>3909.558114</timestamp>
			</report>
			<report>
				<misses>11860001</misses>
				<total>22</total>
				<timestamp>3909.887802</timestamp>
			</report>
			<report>
				<misses>11861001</misses>
				<total>22</total>
				<timestamp>3910.217459</timestamp>
			</report>
			<report>
				<misses>11862001</misses>
				<total>22</total>
				<timestamp>3910.547146</timestamp>
			</report>
			<report>
				<misses>11863001</misses>
				<total>22</total>
				<timestamp>3910.876789</timestamp>
			</report>
			<report>
				<misses>11864001</misses>
				<total>22</total>
				<timestamp>3911.206535</timestamp>
			</report>
			<report>
				<misses>11865001</misses>
				<total>22</total>
				<timestamp>3911.536133</timestamp>
			</report>
			<report>
				<misses>11866001</misses>
				<total>22</total>
				<timestamp>3911.865796</timestamp>
			</report>
			<report>
				<misses>11867001</misses>
				<total>22</total>
				<timestamp>3912.195561</timestamp>
			</report>
			<report>
				<misses>11868001</misses>
				<total>22</total>
				<timestamp>3912.525152</timestamp>
			</report>
			<report>
				<misses>11869001</misses>
				<total>22</total>
				<timestamp>3912.854800</timestamp>
			</report>
			<report>
				<misses>11870001</misses>
				<total>22</total>
				<timestamp>3913.184547</timestamp>
			</report>
			<report>
				<misses>11871001</misses>
				<total>22</total>
				<timestamp>3913.514152</timestamp>
			</report>
			<report>
				<misses>11872001</misses>
				<total>22</total>
				<timestamp>3913.843821</timestamp>
			</report>
			<report>
				<misses>11873001</misses>
				<total>22</total>
				<timestamp>3914.173611</timestamp>
			</report>
			<report>
				<misses>11874001</misses>
				<total>22</total>
				<timestamp>3914.503174</timestamp>
			</report>
			<report>
				<misses>11875001</misses>
				<total>22</total>
				<timestamp>3914.832830</timestamp>
			</report>
			<report>
				<misses>11876001</misses>
				<total>22</total>
				<timestamp>3915.162523</timestamp>
			</report>
			<report>
				<misses>11877001</misses>
				<total>22</total>
				<timestamp>3915.492162</timestamp>
			</report>
			<report>
				<misses>11878001</misses>
				<total>22</total>
				<timestamp>3915.821854</timestamp>
			</report>
			<report>
				<misses>11879001</misses>
				<total>22</total>
				<timestamp>3916.151609</timestamp>
			</report>
			<report>
				<misses>11880001</misses>
				<total>22</total>
				<timestamp>3916.481177</timestamp>
			</report>
			<report>
				<misses>11881001</misses>
				<total>22</total>
				<timestamp>3916.810853</timestamp>
			</report>
			<report>
				<misses>11882001</misses>
				<total>22</total>
				<timestamp>3917.140538</timestamp>
			</report>
			<report>
				<misses>11883001</misses>
				<total>22</total>
				<timestamp>3917.470212</timestamp>
			</report>
			<report>
				<misses>11884001</misses>
				<total>22</total>
				<timestamp>3917.799853</timestamp>
			</report>
			<report>
				<misses>11885001</misses>
				<total>22</total>
				<timestamp>3918.129650</timestamp>
			</report>
			<report>
				<misses>11886001</misses>
				<total>22</total>
				<timestamp>3918.459212</timestamp>
			</report>
			<report>
				<misses>11887001</misses>
				<total>22</total>
				<timestamp>3918.788866</timestamp>
			</report>
			<report>
				<misses>11888001</misses>
				<total>22</total>
				<timestamp>3919.118596</timestamp>
			</report>
			<report>
				<misses>11889001</misses>
				<total>22</total>
				<timestamp>3919.448214</timestamp>
			</report>
			<report>
				<misses>11890001</misses>
				<total>22</total>
				<timestamp>3919.777893</timestamp>
			</report>
			<report>
				<misses>11891001</misses>
				<total>22</total>
				<timestamp>3920.107575</timestamp>
			</report>
			<report>
				<misses>11892001</misses>
				<total>22</total>
				<timestamp>3920.437227</timestamp>
			</report>
			<report>
				<misses>11893001</misses>
				<total>22</total>
				<timestamp>3920.766887</timestamp>
			</report>
			<report>
				<misses>11894001</misses>
				<total>22</total>
				<timestamp>3921.096639</timestamp>
			</report>
			<report>
				<misses>11895001</misses>
				<total>22</total>
				<timestamp>3921.426263</timestamp>
			</report>
			<report>
				<misses>11896001</misses>
				<total>22</total>
				<timestamp>3921.755918</timestamp>
			</report>
			<report>
				<misses>11897001</misses>
				<total>22</total>
				<timestamp>3922.085669</timestamp>
			</report>
			<report>
				<misses>11898001</misses>
				<total>22</total>
				<timestamp>3922.415243</timestamp>
			</report>
			<report>
				<misses>11899001</misses>
				<total>22</total>
				<timestamp>3922.744925</timestamp>
			</report>
			<report>
				<misses>11900001</misses>
				<total>22</total>
				<timestamp>3923.074596</timestamp>
			</report>
			<report>
				<misses>11901001</misses>
				<total>22</total>
				<timestamp>3923.404264</timestamp>
			</report>
			<report>
				<misses>11902001</misses>
				<total>22</total>
				<timestamp>3923.733930</timestamp>
			</report>
			<report>
				<misses>11903001</misses>
				<total>22</total>
				<timestamp>3924.063592</timestamp>
			</report>
			<report>
				<misses>11904001</misses>
				<total>22</total>
				<timestamp>3924.393313</timestamp>
			</report>
			<report>
				<misses>11905001</misses>
				<total>22</total>
				<timestamp>3924.722931</timestamp>
			</report>
			<report>
				<misses>11906001</misses>
				<total>22</total>
				<timestamp>3925.052686</timestamp>
			</report>
			<report>
				<misses>11907001</misses>
				<total>22</total>
				<timestamp>3925.382268</timestamp>
			</report>
			<report>
				<misses>11908001</misses>
				<total>22</total>
				<timestamp>3925.711942</timestamp>
			</report>
			<report>
				<misses>11909001</misses>
				<total>22</total>
				<timestamp>3926.041628</timestamp>
			</report>
			<report>
				<misses>11910001</misses>
				<total>22</total>
				<timestamp>3926.371295</timestamp>
			</report>
			<report>
				<misses>11911001</misses>
				<total>22</total>
				<timestamp>3926.700935</timestamp>
			</report>
			<report>
				<misses>11912001</misses>
				<total>22</total>
				<timestamp>3927.030677</timestamp>
			</report>
			<report>
				<misses>11913001</misses>
				<total>22</total>
				<timestamp>3927.360301</timestamp>
			</report>
			<report>
				<misses>11914001</misses>
				<total>22</total>
				<timestamp>3927.689991</timestamp>
			</report>
			<report>
				<misses>11915001</misses>
				<total>22</total>
				<timestamp>3928.019624</timestamp>
			</report>
			<report>
				<misses>11916001</misses>
				<total>22</total>
				<timestamp>3928.349296</timestamp>
			</report>
			<report>
				<misses>11917001</misses>
				<total>22</total>
				<timestamp>3928.678967</timestamp>
			</report>
			<report>
				<misses>11918001</misses>
				<total>22</total>
				<timestamp>3929.008670</timestamp>
			</report>
			<report>
				<misses>11919001</misses>
				<total>22</total>
				<timestamp>3929.338334</timestamp>
			</report>
			<report>
				<misses>11920001</misses>
				<total>22</total>
				<timestamp>3929.667965</timestamp>
			</report>
			<report>
				<misses>11921001</misses>
				<total>22</total>
				<timestamp>3929.997694</timestamp>
			</report>
			<report>
				<misses>11922001</misses>
				<total>22</total>
				<timestamp>3930.327316</timestamp>
			</report>
			<report>
				<misses>11923001</misses>
				<total>22</total>
				<timestamp>3930.657012</timestamp>
			</report>
			<report>
				<misses>11924001</misses>
				<total>22</total>
				<timestamp>3930.986680</timestamp>
			</report>
			<report>
				<misses>11925001</misses>
				<total>22</total>
				<timestamp>3931.316332</timestamp>
			</report>
			<report>
				<misses>11926001</misses>
				<total>22</total>
				<timestamp>3931.646003</timestamp>
			</report>
			<report>
				<misses>11927001</misses>
				<total>22</total>
				<timestamp>3931.975674</timestamp>
			</report>
			<report>
				<misses>11928001</misses>
				<total>22</total>
				<timestamp>3932.305358</timestamp>
			</report>
			<report>
				<misses>11929001</misses>
				<total>22</total>
				<timestamp>3932.635008</timestamp>
			</report>
			<report>
				<misses>11930001</misses>
				<total>22</total>
				<timestamp>3932.964698</timestamp>
			</report>
			<report>
				<misses>11931001</misses>
				<total>22</total>
				<timestamp>3933.294365</timestamp>
			</report>
			<report>
				<misses>11932001</misses>
				<total>22</total>
				<timestamp>3933.624010</timestamp>
			</report>
			<report>
				<misses>11933001</misses>
				<total>22</total>
				<timestamp>3933.953682</timestamp>
			</report>
			<report>
				<misses>11934001</misses>
				<total>22</total>
				<timestamp>3934.283367</timestamp>
			</report>
			<report>
				<misses>11935001</misses>
				<total>22</total>
				<timestamp>3934.613018</timestamp>
			</report>
			<report>
				<misses>11936001</misses>
				<total>22</total>
				<timestamp>3934.942689</timestamp>
			</report>
			<report>
				<misses>11937001</misses>
				<total>22</total>
				<timestamp>3935.272491</timestamp>
			</report>
			<report>
				<misses>11938001</misses>
				<total>22</total>
				<timestamp>3935.602088</timestamp>
			</report>
			<report>
				<misses>11939001</misses>
				<total>22</total>
				<timestamp>3935.931771</timestamp>
			</report>
			<report>
				<misses>11940001</misses>
				<total>22</total>
				<timestamp>3936.261453</timestamp>
			</report>
			<report>
				<misses>11941001</misses>
				<total>22</total>
				<timestamp>3936.591052</timestamp>
			</report>
			<report>
				<misses>11942001</misses>
				<total>22</total>
				<timestamp>3936.920718</timestamp>
			</report>
			<report>
				<misses>11943001</misses>
				<total>22</total>
				<timestamp>3937.250465</timestamp>
			</report>
			<report>
				<misses>11944001</misses>
				<total>22</total>
				<timestamp>3937.580057</timestamp>
			</report>
			<report>
				<misses>11945001</misses>
				<total>22</total>
				<timestamp>3937.909711</timestamp>
			</report>
			<report>
				<misses>11946001</misses>
				<total>22</total>
				<timestamp>3938.239483</timestamp>
			</report>
			<report>
				<misses>11947001</misses>
				<total>22</total>
				<timestamp>3938.569077</timestamp>
			</report>
			<report>
				<misses>11948001</misses>
				<total>22</total>
				<timestamp>3938.898744</timestamp>
			</report>
			<report>
				<misses>11949001</misses>
				<total>22</total>
				<timestamp>3939.228521</timestamp>
			</report>
			<report>
				<misses>11950001</misses>
				<total>22</total>
				<timestamp>3939.558068</timestamp>
			</report>
			<report>
				<misses>11951001</misses>
				<total>22</total>
				<timestamp>3939.887762</timestamp>
			</report>
			<report>
				<misses>11952001</misses>
				<total>22</total>
				<timestamp>3940.217515</timestamp>
			</report>
			<report>
				<misses>11953001</misses>
				<total>22</total>
				<timestamp>3940.547098</timestamp>
			</report>
			<report>
				<misses>11954001</misses>
				<total>22</total>
				<timestamp>3940.876750</timestamp>
			</report>
			<report>
				<misses>11955001</misses>
				<total>22</total>
				<timestamp>3941.206553</timestamp>
			</report>
			<report>
				<misses>11956001</misses>
				<total>22</total>
				<timestamp>3941.536135</timestamp>
			</report>
			<report>
				<misses>11957001</misses>
				<total>22</total>
				<timestamp>3941.865774</timestamp>
			</report>
			<report>
				<misses>11958001</misses>
				<total>22</total>
				<timestamp>3942.195480</timestamp>
			</report>
			<report>
				<misses>11959001</misses>
				<total>22</total>
				<timestamp>3942.525225</timestamp>
			</report>
			<report>
				<misses>11960001</misses>
				<total>22</total>
				<timestamp>3942.854768</timestamp>
			</report>
			<report>
				<misses>11961001</misses>
				<total>22</total>
				<timestamp>3943.184514</timestamp>
			</report>
			<report>
				<misses>11962001</misses>
				<total>22</total>
				<timestamp>3943.514123</timestamp>
			</report>
			<report>
				<misses>11963001</misses>
				<total>22</total>
				<timestamp>3943.843803</timestamp>
			</report>
			<report>
				<misses>11964001</misses>
				<total>22</total>
				<timestamp>3944.173507</timestamp>
			</report>
			<report>
				<misses>11965001</misses>
				<total>22</total>
				<timestamp>3944.503134</timestamp>
			</report>
			<report>
				<misses>11966001</misses>
				<total>22</total>
				<timestamp>3944.832804</timestamp>
			</report>
			<report>
				<misses>11967001</misses>
				<total>22</total>
				<timestamp>3945.162491</timestamp>
			</report>
			<report>
				<misses>11968001</misses>
				<total>22</total>
				<timestamp>3945.492146</timestamp>
			</report>
			<report>
				<misses>11969001</misses>
				<total>22</total>
				<timestamp>3945.821832</timestamp>
			</report>
			<report>
				<misses>11970001</misses>
				<total>22</total>
				<timestamp>3946.151543</timestamp>
			</report>
			<report>
				<misses>11971001</misses>
				<total>22</total>
				<timestamp>3946.481169</timestamp>
			</report>
			<report>
				<misses>11972001</misses>
				<total>22</total>
				<timestamp>3946.810825</timestamp>
			</report>
			<report>
				<misses>11973001</misses>
				<total>22</total>
				<timestamp>3947.140597</timestamp>
			</report>
			<report>
				<misses>11974001</misses>
				<total>22</total>
				<timestamp>3947.470167</timestamp>
			</report>
			<report>
				<misses>11975001</misses>
				<total>22</total>
				<timestamp>3947.799864</timestamp>
			</report>
			<report>
				<misses>11976001</misses>
				<total>22</total>
				<timestamp>3948.129506</timestamp>
			</report>
			<report>
				<misses>11977001</misses>
				<total>22</total>
				<timestamp>3948.459173</timestamp>
			</report>
			<report>
				<misses>11978001</misses>
				<total>22</total>
				<timestamp>3948.788869</timestamp>
			</report>
			<report>
				<misses>11979001</misses>
				<total>22</total>
				<timestamp>3949.118528</timestamp>
			</report>
			<report>
				<misses>11980001</misses>
				<total>22</total>
				<timestamp>3949.448187</timestamp>
			</report>
			<report>
				<misses>11981001</misses>
				<total>22</total>
				<timestamp>3949.777858</timestamp>
			</report>
			<report>
				<misses>11982001</misses>
				<total>22</total>
				<timestamp>3950.107571</timestamp>
			</report>
			<report>
				<misses>11983001</misses>
				<total>22</total>
				<timestamp>3950.437209</timestamp>
			</report>
			<report>
				<misses>11984001</misses>
				<total>22</total>
				<timestamp>3950.766870</timestamp>
			</report>
			<report>
				<misses>11985001</misses>
				<total>22</total>
				<timestamp>3951.096530</timestamp>
			</report>
			<report>
				<misses>11986001</misses>
				<total>22</total>
				<timestamp>3951.426281</timestamp>
			</report>
			<report>
				<misses>11987001</misses>
				<total>22</total>
				<timestamp>3951.755856</timestamp>
			</report>
			<report>
				<misses>11988001</misses>
				<total>22</total>
				<timestamp>3952.085588</timestamp>
			</report>
			<report>
				<misses>11989001</misses>
				<total>22</total>
				<timestamp>3952.415231</timestamp>
			</report>
			<report>
				<misses>11990001</misses>
				<total>22</total>
				<timestamp>3952.744875</timestamp>
			</report>
			<report>
				<misses>11991001</misses>
				<total>22</total>
				<timestamp>3953.074541</timestamp>
			</report>
			<report>
				<misses>11992001</misses>
				<total>22</total>
				<timestamp>3953.404251</timestamp>
			</report>
			<report>
				<misses>11993001</misses>
				<total>22</total>
				<timestamp>3953.733893</timestamp>
			</report>
			<report>
				<misses>11994001</misses>
				<total>22</total>
				<timestamp>3954.063563</timestamp>
			</report>
			<report>
				<misses>11995001</misses>
				<total>22</total>
				<timestamp>3954.393330</timestamp>
			</report>
			<report>
				<misses>11996001</misses>
				<total>22</total>
				<timestamp>3954.722885</timestamp>
			</report>
			<report>
				<misses>11997001</misses>
				<total>22</total>
				<timestamp>3955.052595</timestamp>
			</report>
			<report>
				<misses>11998001</misses>
				<total>22</total>
				<timestamp>3955.382350</timestamp>
			</report>
			<report>
				<misses>11999001</misses>
				<total>22</total>
				<timestamp>3955.711905</timestamp>
			</report>
			<report>
				<misses>12000001</misses>
				<total>22</total>
				<timestamp>3956.041577</timestamp>
			</report>
			<report>
				<misses>12001001</misses>
				<total>22</total>
				<timestamp>3956.371390</timestamp>
			</report>
			<report>
				<misses>12002001</misses>
				<total>22</total>
				<timestamp>3956.700924</timestamp>
			</report>
			<report>
				<misses>12003001</misses>
				<total>22</total>
				<timestamp>3957.030595</timestamp>
			</report>
			<report>
				<misses>12004001</misses>
				<total>22</total>
				<timestamp>3957.360393</timestamp>
			</report>
			<report>
				<misses>12005001</misses>
				<total>22</total>
				<timestamp>3957.689939</timestamp>
			</report>
			<report>
				<misses>12006001</misses>
				<total>22</total>
				<timestamp>3958.019599</timestamp>
			</report>
			<report>
				<misses>12007001</misses>
				<total>22</total>
				<timestamp>3958.349347</timestamp>
			</report>
			<report>
				<misses>12008001</misses>
				<total>22</total>
				<timestamp>3958.678935</timestamp>
			</report>
			<report>
				<misses>12009001</misses>
				<total>22</total>
				<timestamp>3959.008623</timestamp>
			</report>
			<report>
				<misses>12010001</misses>
				<total>22</total>
				<timestamp>3959.338399</timestamp>
			</report>
			<report>
				<misses>12011001</misses>
				<total>22</total>
				<timestamp>3959.667972</timestamp>
			</report>
			<report>
				<misses>12012001</misses>
				<total>22</total>
				<timestamp>3959.997625</timestamp>
			</report>
			<report>
				<misses>12013001</misses>
				<total>22</total>
				<timestamp>3960.327347</timestamp>
			</report>
			<report>
				<misses>12014001</misses>
				<total>22</total>
				<timestamp>3960.656947</timestamp>
			</report>
			<report>
				<misses>12015001</misses>
				<total>22</total>
				<timestamp>3960.986634</timestamp>
			</report>
			<report>
				<misses>12016001</misses>
				<total>22</total>
				<timestamp>3961.316420</timestamp>
			</report>
			<report>
				<misses>12017001</misses>
				<total>22</total>
				<timestamp>3961.645970</timestamp>
			</report>
			<report>
				<misses>12018001</misses>
				<total>22</total>
				<timestamp>3961.975641</timestamp>
			</report>
			<report>
				<misses>12019001</misses>
				<total>22</total>
				<timestamp>3962.305335</timestamp>
			</report>
			<report>
				<misses>12020001</misses>
				<total>22</total>
				<timestamp>3962.634987</timestamp>
			</report>
			<report>
				<misses>12021001</misses>
				<total>22</total>
				<timestamp>3962.964657</timestamp>
			</report>
			<report>
				<misses>12022001</misses>
				<total>22</total>
				<timestamp>3963.294401</timestamp>
			</report>
			<report>
				<misses>12023001</misses>
				<total>22</total>
				<timestamp>3963.623986</timestamp>
			</report>
			<report>
				<misses>12024001</misses>
				<total>22</total>
				<timestamp>3963.953704</timestamp>
			</report>
			<report>
				<misses>12025001</misses>
				<total>22</total>
				<timestamp>3964.283359</timestamp>
			</report>
			<report>
				<misses>12026001</misses>
				<total>22</total>
				<timestamp>3964.612985</timestamp>
			</report>
			<report>
				<misses>12027001</misses>
				<total>22</total>
				<timestamp>3964.942662</timestamp>
			</report>
			<report>
				<misses>12028001</misses>
				<total>22</total>
				<timestamp>3965.272364</timestamp>
			</report>
			<report>
				<misses>12029001</misses>
				<total>22</total>
				<timestamp>3965.602012</timestamp>
			</report>
			<report>
				<misses>12030001</misses>
				<total>22</total>
				<timestamp>3965.931695</timestamp>
			</report>
			<report>
				<misses>12031001</misses>
				<total>22</total>
				<timestamp>3966.261391</timestamp>
			</report>
			<report>
				<misses>12032001</misses>
				<total>22</total>
				<timestamp>3966.591019</timestamp>
			</report>
			<report>
				<misses>12033001</misses>
				<total>22</total>
				<timestamp>3966.920690</timestamp>
			</report>
			<report>
				<misses>12034001</misses>
				<total>22</total>
				<timestamp>3967.250354</timestamp>
			</report>
			<report>
				<misses>12035001</misses>
				<total>22</total>
				<timestamp>3967.580030</timestamp>
			</report>
			<report>
				<misses>12036001</misses>
				<total>22</total>
				<timestamp>3967.909708</timestamp>
			</report>
			<report>
				<misses>12037001</misses>
				<total>22</total>
				<timestamp>3968.239385</timestamp>
			</report>
			<report>
				<misses>12038001</misses>
				<total>22</total>
				<timestamp>3968.569038</timestamp>
			</report>
			<report>
				<misses>12039001</misses>
				<total>22</total>
				<timestamp>3968.898746</timestamp>
			</report>
			<report>
				<misses>12040001</misses>
				<total>22</total>
				<timestamp>3969.228395</timestamp>
			</report>
			<report>
				<misses>12041001</misses>
				<total>22</total>
				<timestamp>3969.558042</timestamp>
			</report>
			<report>
				<misses>12042001</misses>
				<total>22</total>
				<timestamp>3969.887714</timestamp>
			</report>
			<report>
				<misses>12043001</misses>
				<total>22</total>
				<timestamp>3970.217400</timestamp>
			</report>
			<report>
				<misses>12044001</misses>
				<total>22</total>
				<timestamp>3970.547102</timestamp>
			</report>
			<report>
				<misses>12045001</misses>
				<total>22</total>
				<timestamp>3970.876740</timestamp>
			</report>
			<report>
				<misses>12046001</misses>
				<total>22</total>
				<timestamp>3971.206452</timestamp>
			</report>
			<report>
				<misses>12047001</misses>
				<total>22</total>
				<timestamp>3971.536106</timestamp>
			</report>
			<report>
				<misses>12048001</misses>
				<total>22</total>
				<timestamp>3971.865751</timestamp>
			</report>
			<report>
				<misses>12049001</misses>
				<total>22</total>
				<timestamp>3972.195422</timestamp>
			</report>
			<report>
				<misses>12050001</misses>
				<total>22</total>
				<timestamp>3972.525115</timestamp>
			</report>
			<report>
				<misses>12051001</misses>
				<total>22</total>
				<timestamp>3972.854754</timestamp>
			</report>
			<report>
				<misses>12052001</misses>
				<total>22</total>
				<timestamp>3973.184529</timestamp>
			</report>
			<report>
				<misses>12053001</misses>
				<total>22</total>
				<timestamp>3973.514103</timestamp>
			</report>
			<report>
				<misses>12054001</misses>
				<total>22</total>
				<timestamp>3973.843780</timestamp>
			</report>
			<report>
				<misses>12055001</misses>
				<total>22</total>
				<timestamp>3974.173477</timestamp>
			</report>
			<report>
				<misses>12056001</misses>
				<total>22</total>
				<timestamp>3974.503130</timestamp>
			</report>
			<report>
				<misses>12057001</misses>
				<total>22</total>
				<timestamp>3974.832832</timestamp>
			</report>
			<report>
				<misses>12058001</misses>
				<total>22</total>
				<timestamp>3975.162441</timestamp>
			</report>
			<report>
				<misses>12059001</misses>
				<total>22</total>
				<timestamp>3975.492186</timestamp>
			</report>
			<report>
				<misses>12060001</misses>
				<total>22</total>
				<timestamp>3975.821776</timestamp>
			</report>
			<report>
				<misses>12061001</misses>
				<total>22</total>
				<timestamp>3976.151513</timestamp>
			</report>
			<report>
				<misses>12062001</misses>
				<total>22</total>
				<timestamp>3976.481141</timestamp>
			</report>
			<report>
				<misses>12063001</misses>
				<total>22</total>
				<timestamp>3976.810823</timestamp>
			</report>
			<report>
				<misses>12064001</misses>
				<total>22</total>
				<timestamp>3977.140499</timestamp>
			</report>
			<report>
				<misses>12065001</misses>
				<total>22</total>
				<timestamp>3977.470161</timestamp>
			</report>
			<report>
				<misses>12066001</misses>
				<total>22</total>
				<timestamp>3977.799821</timestamp>
			</report>
			<report>
				<misses>12067001</misses>
				<total>22</total>
				<timestamp>3978.129478</timestamp>
			</report>
			<report>
				<misses>12068001</misses>
				<total>22</total>
				<timestamp>3978.459190</timestamp>
			</report>
			<report>
				<misses>12069001</misses>
				<total>22</total>
				<timestamp>3978.788804</timestamp>
			</report>
			<report>
				<misses>12070001</misses>
				<total>22</total>
				<timestamp>3979.118472</timestamp>
			</report>
			<report>
				<misses>12071001</misses>
				<total>22</total>
				<timestamp>3979.448152</timestamp>
			</report>
			<report>
				<misses>12072001</misses>
				<total>22</total>
				<timestamp>3979.777816</timestamp>
			</report>
			<report>
				<misses>12073001</misses>
				<total>22</total>
				<timestamp>3980.107501</timestamp>
			</report>
			<report>
				<misses>12074001</misses>
				<total>22</total>
				<timestamp>3980.437243</timestamp>
			</report>
			<report>
				<misses>12075001</misses>
				<total>22</total>
				<timestamp>3980.766834</timestamp>
			</report>
			<report>
				<misses>12076001</misses>
				<total>22</total>
				<timestamp>3981.096511</timestamp>
			</report>
			<report>
				<misses>12077001</misses>
				<total>22</total>
				<timestamp>3981.426232</timestamp>
			</report>
			<report>
				<misses>12078001</misses>
				<total>22</total>
				<timestamp>3981.755849</timestamp>
			</report>
			<report>
				<misses>12079001</misses>
				<total>22</total>
				<timestamp>3982.085515</timestamp>
			</report>
			<report>
				<misses>12080001</misses>
				<total>22</total>
				<timestamp>3982.415206</timestamp>
			</report>
			<report>
				<misses>12081001</misses>
				<total>22</total>
				<timestamp>3982.744847</timestamp>
			</report>
			<report>
				<misses>12082001</misses>
				<total>22</total>
				<timestamp>3983.074539</timestamp>
			</report>
			<report>
				<misses>12083001</misses>
				<total>22</total>
				<timestamp>3983.404188</timestamp>
			</report>
			<report>
				<misses>12084001</misses>
				<total>22</total>
				<timestamp>3983.733850</timestamp>
			</report>
			<report>
				<misses>12085001</misses>
				<total>22</total>
				<timestamp>3984.063532</timestamp>
			</report>
			<report>
				<misses>12086001</misses>
				<total>22</total>
				<timestamp>3984.393266</timestamp>
			</report>
			<report>
				<misses>12087001</misses>
				<total>22</total>
				<timestamp>3984.722884</timestamp>
			</report>
			<report>
				<misses>12088001</misses>
				<total>22</total>
				<timestamp>3985.052555</timestamp>
			</report>
			<report>
				<misses>12089001</misses>
				<total>22</total>
				<timestamp>3985.382309</timestamp>
			</report>
			<report>
				<misses>12090001</misses>
				<total>22</total>
				<timestamp>3985.711879</timestamp>
			</report>
			<report>
				<misses>12091001</misses>
				<total>22</total>
				<timestamp>3986.041550</timestamp>
			</report>
			<report>
				<misses>12092001</misses>
				<total>22</total>
				<timestamp>3986.371267</timestamp>
			</report>
			<report>
				<misses>12093001</misses>
				<total>22</total>
				<timestamp>3986.700881</timestamp>
			</report>
			<report>
				<misses>12094001</misses>
				<total>22</total>
				<timestamp>3987.030575</timestamp>
			</report>
			<report>
				<misses>12095001</misses>
				<total>22</total>
				<timestamp>3987.360262</timestamp>
			</report>
			<report>
				<misses>12096001</misses>
				<total>22</total>
				<timestamp>3987.689908</timestamp>
			</report>
			<report>
				<misses>12097001</misses>
				<total>22</total>
				<timestamp>3988.019578</timestamp>
			</report>
			<report>
				<misses>12098001</misses>
				<total>22</total>
				<timestamp>3988.349282</timestamp>
			</report>
			<report>
				<misses>12099001</misses>
				<total>22</total>
				<timestamp>3988.678919</timestamp>
			</report>
			<report>
				<misses>12100001</misses>
				<total>22</total>
				<timestamp>3989.008584</timestamp>
			</report>
			<report>
				<misses>12101001</misses>
				<total>22</total>
				<timestamp>3989.338263</timestamp>
			</report>
			<report>
				<misses>12102001</misses>
				<total>22</total>
				<timestamp>3989.667922</timestamp>
			</report>
			<report>
				<misses>12103001</misses>
				<total>22</total>
				<timestamp>3989.997612</timestamp>
			</report>
			<report>
				<misses>12104001</misses>
				<total>22</total>
				<timestamp>3990.327274</timestamp>
			</report>
			<report>
				<misses>12105001</misses>
				<total>22</total>
				<timestamp>3990.656938</timestamp>
			</report>
			<report>
				<misses>12106001</misses>
				<total>22</total>
				<timestamp>3990.986612</timestamp>
			</report>
			<report>
				<misses>12107001</misses>
				<total>22</total>
				<timestamp>3991.316322</timestamp>
			</report>
			<report>
				<misses>12108001</misses>
				<total>22</total>
				<timestamp>3991.645943</timestamp>
			</report>
			<report>
				<misses>12109001</misses>
				<total>22</total>
				<timestamp>3991.975630</timestamp>
			</report>
			<report>
				<misses>12110001</misses>
				<total>22</total>
				<timestamp>3992.305277</timestamp>
			</report>
			<report>
				<misses>12111001</misses>
				<total>22</total>
				<timestamp>3992.634942</timestamp>
			</report>
			<report>
				<misses>12112001</misses>
				<total>22</total>
				<timestamp>3992.964619</timestamp>
			</report>
			<report>
				<misses>12113001</misses>
				<total>22</total>
				<timestamp>3993.294328</timestamp>
			</report>
			<report>
				<misses>12114001</misses>
				<total>22</total>
				<timestamp>3993.624000</timestamp>
			</report>
			<report>
				<misses>12115001</misses>
				<total>22</total>
				<timestamp>3993.953633</timestamp>
			</report>
			<report>
				<misses>12116001</misses>
				<total>22</total>
				<timestamp>3994.283298</timestamp>
			</report>
			<report>
				<misses>12117001</misses>
				<total>22</total>
				<timestamp>3994.612973</timestamp>
			</report>
			<report>
				<misses>12118001</misses>
				<total>22</total>
				<timestamp>3994.942642</timestamp>
			</report>
			<report>
				<misses>12119001</misses>
				<total>22</total>
				<timestamp>3995.272299</timestamp>
			</report>
			<report>
				<misses>12120001</misses>
				<total>22</total>
				<timestamp>3995.601994</timestamp>
			</report>
			<report>
				<misses>12121001</misses>
				<total>22</total>
				<timestamp>3995.931652</timestamp>
			</report>
			<report>
				<misses>12122001</misses>
				<total>22</total>
				<timestamp>3996.261343</timestamp>
			</report>
			<report>
				<misses>12123001</misses>
				<total>22</total>
				<timestamp>3996.591015</timestamp>
			</report>
			<report>
				<misses>12124001</misses>
				<total>22</total>
				<timestamp>3996.920656</timestamp>
			</report>
			<report>
				<misses>12125001</misses>
				<total>22</total>
				<timestamp>3997.250333</timestamp>
			</report>
			<report>
				<misses>12126001</misses>
				<total>22</total>
				<timestamp>3997.580008</timestamp>
			</report>
			<report>
				<misses>12127001</misses>
				<total>22</total>
				<timestamp>3997.909662</timestamp>
			</report>
			<report>
				<misses>12128001</misses>
				<total>22</total>
				<timestamp>3998.239347</timestamp>
			</report>
			<report>
				<misses>12129001</misses>
				<total>22</total>
				<timestamp>3998.569014</timestamp>
			</report>
			<report>
				<misses>12130001</misses>
				<total>22</total>
				<timestamp>3998.898680</timestamp>
			</report>
			<report>
				<misses>12131001</misses>
				<total>22</total>
				<timestamp>3999.228359</timestamp>
			</report>
			<report>
				<misses>12132001</misses>
				<total>22</total>
				<timestamp>3999.558022</timestamp>
			</report>
			<report>
				<misses>12133001</misses>
				<total>22</total>
				<timestamp>3999.887680</timestamp>
			</report>
			<report>
				<misses>12134001</misses>
				<total>22</total>
				<timestamp>4000.217365</timestamp>
			</report>
			<report>
				<misses>12135001</misses>
				<total>22</total>
				<timestamp>4000.547042</timestamp>
			</report>
			<report>
				<misses>12136001</misses>
				<total>22</total>
				<timestamp>4000.876694</timestamp>
			</report>
			<report>
				<misses>12137001</misses>
				<total>22</total>
				<timestamp>4001.206369</timestamp>
			</report>
			<report>
				<misses>12138001</misses>
				<total>22</total>
				<timestamp>4001.536120</timestamp>
			</report>
			<report>
				<misses>12139001</misses>
				<total>22</total>
				<timestamp>4001.865711</timestamp>
			</report>
			<report>
				<misses>12140001</misses>
				<total>22</total>
				<timestamp>4002.195456</timestamp>
			</report>
			<report>
				<misses>12141001</misses>
				<total>22</total>
				<timestamp>4002.525047</timestamp>
			</report>
			<report>
				<misses>12142001</misses>
				<total>22</total>
				<timestamp>4002.854731</timestamp>
			</report>
			<report>
				<misses>12143001</misses>
				<total>22</total>
				<timestamp>4003.184392</timestamp>
			</report>
			<report>
				<misses>12144001</misses>
				<total>22</total>
				<timestamp>4003.514049</timestamp>
			</report>
			<report>
				<misses>12145001</misses>
				<total>22</total>
				<timestamp>4003.843712</timestamp>
			</report>
			<report>
				<misses>12146001</misses>
				<total>22</total>
				<timestamp>4004.173388</timestamp>
			</report>
			<report>
				<misses>12147001</misses>
				<total>22</total>
				<timestamp>4004.503099</timestamp>
			</report>
			<report>
				<misses>12148001</misses>
				<total>22</total>
				<timestamp>4004.832730</timestamp>
			</report>
			<report>
				<misses>12149001</misses>
				<total>22</total>
				<timestamp>4005.162406</timestamp>
			</report>
			<report>
				<misses>12150001</misses>
				<total>22</total>
				<timestamp>4005.492207</timestamp>
			</report>
			<report>
				<misses>12151001</misses>
				<total>22</total>
				<timestamp>4005.821752</timestamp>
			</report>
			<report>
				<misses>12152001</misses>
				<total>22</total>
				<timestamp>4006.151458</timestamp>
			</report>
			<report>
				<misses>12153001</misses>
				<total>22</total>
				<timestamp>4006.481173</timestamp>
			</report>
			<report>
				<misses>12154001</misses>
				<total>22</total>
				<timestamp>4006.810755</timestamp>
			</report>
			<report>
				<misses>12155001</misses>
				<total>22</total>
				<timestamp>4007.140447</timestamp>
			</report>
			<report>
				<misses>12156001</misses>
				<total>22</total>
				<timestamp>4007.470137</timestamp>
			</report>
			<report>
				<misses>12157001</misses>
				<total>22</total>
				<timestamp>4007.799767</timestamp>
			</report>
			<report>
				<misses>12158001</misses>
				<total>22</total>
				<timestamp>4008.129420</timestamp>
			</report>
			<report>
				<misses>12159001</misses>
				<total>22</total>
				<timestamp>4008.459143</timestamp>
			</report>
			<report>
				<misses>12160001</misses>
				<total>22</total>
				<timestamp>4008.788781</timestamp>
			</report>
			<report>
				<misses>12161001</misses>
				<total>22</total>
				<timestamp>4009.118451</timestamp>
			</report>
			<report>
				<misses>12162001</misses>
				<total>22</total>
				<timestamp>4009.448115</timestamp>
			</report>
			<report>
				<misses>12163001</misses>
				<total>22</total>
				<timestamp>4009.777795</timestamp>
			</report>
			<report>
				<misses>12164001</misses>
				<total>22</total>
				<timestamp>4010.107445</timestamp>
			</report>
			<report>
				<misses>12165001</misses>
				<total>22</total>
				<timestamp>4010.437135</timestamp>
			</report>
			<report>
				<misses>12166001</misses>
				<total>22</total>
				<timestamp>4010.766810</timestamp>
			</report>
			<report>
				<misses>12167001</misses>
				<total>22</total>
				<timestamp>4011.096476</timestamp>
			</report>
			<report>
				<misses>12168001</misses>
				<total>22</total>
				<timestamp>4011.426192</timestamp>
			</report>
			<report>
				<misses>12169001</misses>
				<total>22</total>
				<timestamp>4011.755826</timestamp>
			</report>
			<report>
				<misses>12170001</misses>
				<total>22</total>
				<timestamp>4012.085510</timestamp>
			</report>
			<report>
				<misses>12171001</misses>
				<total>22</total>
				<timestamp>4012.415171</timestamp>
			</report>
			<report>
				<misses>12172001</misses>
				<total>22</total>
				<timestamp>4012.744845</timestamp>
			</report>
			<report>
				<misses>12173001</misses>
				<total>22</total>
				<timestamp>4013.074494</timestamp>
			</report>
			<report>
				<misses>12174001</misses>
				<total>22</total>
				<timestamp>4013.404228</timestamp>
			</report>
			<report>
				<misses>12175001</misses>
				<total>22</total>
				<timestamp>4013.733907</timestamp>
			</report>
			<report>
				<misses>12176001</misses>
				<total>22</total>
				<timestamp>4014.063583</timestamp>
			</report>
			<report>
				<misses>12177001</misses>
				<total>22</total>
				<timestamp>4014.393216</timestamp>
			</report>
			<report>
				<misses>12178001</misses>
				<total>22</total>
				<timestamp>4014.722866</timestamp>
			</report>
			<report>
				<misses>12179001</misses>
				<total>22</total>
				<timestamp>4015.052507</timestamp>
			</report>
			<report>
				<misses>12180001</misses>
				<total>22</total>
				<timestamp>4015.382209</timestamp>
			</report>
			<report>
				<misses>12181001</misses>
				<total>22</total>
				<timestamp>4015.711883</timestamp>
			</report>
			<report>
				<misses>12182001</misses>
				<total>22</total>
				<timestamp>4016.041508</timestamp>
			</report>
			<report>
				<misses>12183001</misses>
				<total>22</total>
				<timestamp>4016.371205</timestamp>
			</report>
			<report>
				<misses>12184001</misses>
				<total>22</total>
				<timestamp>4016.700870</timestamp>
			</report>
			<report>
				<misses>12185001</misses>
				<total>22</total>
				<timestamp>4017.030538</timestamp>
			</report>
			<report>
				<misses>12186001</misses>
				<total>22</total>
				<timestamp>4017.360216</timestamp>
			</report>
			<report>
				<misses>12187001</misses>
				<total>22</total>
				<timestamp>4017.689859</timestamp>
			</report>
			<report>
				<misses>12188001</misses>
				<total>22</total>
				<timestamp>4018.019535</timestamp>
			</report>
			<report>
				<misses>12189001</misses>
				<total>22</total>
				<timestamp>4018.349259</timestamp>
			</report>
			<report>
				<misses>12190001</misses>
				<total>22</total>
				<timestamp>4018.678902</timestamp>
			</report>
			<report>
				<misses>12191001</misses>
				<total>22</total>
				<timestamp>4019.008536</timestamp>
			</report>
			<report>
				<misses>12192001</misses>
				<total>22</total>
				<timestamp>4019.338223</timestamp>
			</report>
			<report>
				<misses>12193001</misses>
				<total>22</total>
				<timestamp>4019.667890</timestamp>
			</report>
			<report>
				<misses>12194001</misses>
				<total>22</total>
				<timestamp>4019.997548</timestamp>
			</report>
			<report>
				<misses>12195001</misses>
				<total>22</total>
				<timestamp>4020.327222</timestamp>
			</report>
			<report>
				<misses>12196001</misses>
				<total>22</total>
				<timestamp>4020.656895</timestamp>
			</report>
			<report>
				<misses>12197001</misses>
				<total>22</total>
				<timestamp>4020.986592</timestamp>
			</report>
			<report>
				<misses>12198001</misses>
				<total>22</total>
				<timestamp>4021.316266</timestamp>
			</report>
			<report>
				<misses>12199001</misses>
				<total>22</total>
				<timestamp>4021.645911</timestamp>
			</report>
			<report>
				<misses>12200001</misses>
				<total>22</total>
				<timestamp>4021.975575</timestamp>
			</report>
			<report>
				<misses>12201001</misses>
				<total>22</total>
				<timestamp>4022.305240</timestamp>
			</report>
			<report>
				<misses>12202001</misses>
				<total>22</total>
				<timestamp>4022.634942</timestamp>
			</report>
			<report>
				<misses>12203001</misses>
				<total>22</total>
				<timestamp>4022.964665</timestamp>
			</report>
			<report>
				<misses>12204001</misses>
				<total>22</total>
				<timestamp>4023.294271</timestamp>
			</report>
			<report>
				<misses>12205001</misses>
				<total>22</total>
				<timestamp>4023.624007</timestamp>
			</report>
			<report>
				<misses>12206001</misses>
				<total>22</total>
				<timestamp>4023.953594</timestamp>
			</report>
			<report>
				<misses>12207001</misses>
				<total>22</total>
				<timestamp>4024.283334</timestamp>
			</report>
			<report>
				<misses>12208001</misses>
				<total>22</total>
				<timestamp>4024.612943</timestamp>
			</report>
			<report>
				<misses>12209001</misses>
				<total>22</total>
				<timestamp>4024.942607</timestamp>
			</report>
			<report>
				<misses>12210001</misses>
				<total>22</total>
				<timestamp>4025.272274</timestamp>
			</report>
			<report>
				<misses>12211001</misses>
				<total>22</total>
				<timestamp>4025.602040</timestamp>
			</report>
			<report>
				<misses>12212001</misses>
				<total>22</total>
				<timestamp>4025.931616</timestamp>
			</report>
			<report>
				<misses>12213001</misses>
				<total>22</total>
				<timestamp>4026.261297</timestamp>
			</report>
			<report>
				<misses>12214001</misses>
				<total>22</total>
				<timestamp>4026.591054</timestamp>
			</report>
			<report>
				<misses>12215001</misses>
				<total>22</total>
				<timestamp>4026.920629</timestamp>
			</report>
			<report>
				<misses>12216001</misses>
				<total>22</total>
				<timestamp>4027.250298</timestamp>
			</report>
			<report>
				<misses>12217001</misses>
				<total>22</total>
				<timestamp>4027.579996</timestamp>
			</report>
			<report>
				<misses>12218001</misses>
				<total>22</total>
				<timestamp>4027.909636</timestamp>
			</report>
			<report>
				<misses>12219001</misses>
				<total>22</total>
				<timestamp>4028.239309</timestamp>
			</report>
			<report>
				<misses>12220001</misses>
				<total>22</total>
				<timestamp>4028.569107</timestamp>
			</report>
			<report>
				<misses>12221001</misses>
				<total>22</total>
				<timestamp>4028.898656</timestamp>
			</report>
			<report>
				<misses>12222001</misses>
				<total>22</total>
				<timestamp>4029.228316</timestamp>
			</report>
			<report>
				<misses>12223001</misses>
				<total>22</total>
				<timestamp>4029.558052</timestamp>
			</report>
			<report>
				<misses>12224001</misses>
				<total>22</total>
				<timestamp>4029.887659</timestamp>
			</report>
			<report>
				<misses>12225001</misses>
				<total>22</total>
				<timestamp>4030.217335</timestamp>
			</report>
			<report>
				<misses>12226001</misses>
				<total>22</total>
				<timestamp>4030.547074</timestamp>
			</report>
			<report>
				<misses>12227001</misses>
				<total>22</total>
				<timestamp>4030.876667</timestamp>
			</report>
			<report>
				<misses>12228001</misses>
				<total>22</total>
				<timestamp>4031.206349</timestamp>
			</report>
			<report>
				<misses>12229001</misses>
				<total>22</total>
				<timestamp>4031.536031</timestamp>
			</report>
			<report>
				<misses>12230001</misses>
				<total>22</total>
				<timestamp>4031.865710</timestamp>
			</report>
			<report>
				<misses>12231001</misses>
				<total>22</total>
				<timestamp>4032.195431</timestamp>
			</report>
			<report>
				<misses>12232001</misses>
				<total>22</total>
				<timestamp>4032.525058</timestamp>
			</report>
			<report>
				<misses>12233001</misses>
				<total>22</total>
				<timestamp>4032.854694</timestamp>
			</report>
			<report>
				<misses>12234001</misses>
				<total>22</total>
				<timestamp>4033.184356</timestamp>
			</report>
			<report>
				<misses>12235001</misses>
				<total>22</total>
				<timestamp>4033.514076</timestamp>
			</report>
			<report>
				<misses>12236001</misses>
				<total>22</total>
				<timestamp>4033.843715</timestamp>
			</report>
			<report>
				<misses>12237001</misses>
				<total>22</total>
				<timestamp>4034.173384</timestamp>
			</report>
			<report>
				<misses>12238001</misses>
				<total>22</total>
				<timestamp>4034.503076</timestamp>
			</report>
			<report>
				<misses>12239001</misses>
				<total>22</total>
				<timestamp>4034.832756</timestamp>
			</report>
			<report>
				<misses>12240001</misses>
				<total>22</total>
				<timestamp>4035.162376</timestamp>
			</report>
			<report>
				<misses>12241001</misses>
				<total>22</total>
				<timestamp>4035.492139</timestamp>
			</report>
			<report>
				<misses>12242001</misses>
				<total>22</total>
				<timestamp>4035.821753</timestamp>
			</report>
			<report>
				<misses>12243001</misses>
				<total>22</total>
				<timestamp>4036.151419</timestamp>
			</report>
			<report>
				<misses>12244001</misses>
				<total>22</total>
				<timestamp>4036.481127</timestamp>
			</report>
			<report>
				<misses>12245001</misses>
				<total>22</total>
				<timestamp>4036.810751</timestamp>
			</report>
			<report>
				<misses>12246001</misses>
				<total>22</total>
				<timestamp>4037.140406</timestamp>
			</report>
			<report>
				<misses>12247001</misses>
				<total>22</total>
				<timestamp>4037.470073</timestamp>
			</report>
			<report>
				<misses>12248001</misses>
				<total>22</total>
				<timestamp>4037.799751</timestamp>
			</report>
			<report>
				<misses>12249001</misses>
				<total>22</total>
				<timestamp>4038.129417</timestamp>
			</report>
			<report>
				<misses>12250001</misses>
				<total>22</total>
				<timestamp>4038.459116</timestamp>
			</report>
			<report>
				<misses>12251001</misses>
				<total>22</total>
				<timestamp>4038.788775</timestamp>
			</report>
			<report>
				<misses>12252001</misses>
				<total>22</total>
				<timestamp>4039.118416</timestamp>
			</report>
			<report>
				<misses>12253001</misses>
				<total>22</total>
				<timestamp>4039.448122</timestamp>
			</report>
			<report>
				<misses>12254001</misses>
				<total>22</total>
				<timestamp>4039.777801</timestamp>
			</report>
			<report>
				<misses>12255001</misses>
				<total>22</total>
				<timestamp>4040.107423</timestamp>
			</report>
			<report>
				<misses>12256001</misses>
				<total>22</total>
				<timestamp>4040.437119</timestamp>
			</report>
			<report>
				<misses>12257001</misses>
				<total>22</total>
				<timestamp>4040.766781</timestamp>
			</report>
			<report>
				<misses>12258001</misses>
				<total>22</total>
				<timestamp>4041.096533</timestamp>
			</report>
			<report>
				<misses>12259001</misses>
				<total>22</total>
				<timestamp>4041.426131</timestamp>
			</report>
			<report>
				<misses>12260001</misses>
				<total>22</total>
				<timestamp>4041.755777</timestamp>
			</report>
			<report>
				<misses>12261001</misses>
				<total>22</total>
				<timestamp>4042.085436</timestamp>
			</report>
			<report>
				<misses>12262001</misses>
				<total>22</total>
				<timestamp>4042.415173</timestamp>
			</report>
			<report>
				<misses>12263001</misses>
				<total>22</total>
				<timestamp>4042.744800</timestamp>
			</report>
			<report>
				<misses>12264001</misses>
				<total>22</total>
				<timestamp>4043.074452</timestamp>
			</report>
			<report>
				<misses>12265001</misses>
				<total>22</total>
				<timestamp>4043.404162</timestamp>
			</report>
			<report>
				<misses>12266001</misses>
				<total>22</total>
				<timestamp>4043.733815</timestamp>
			</report>
			<report>
				<misses>12267001</misses>
				<total>22</total>
				<timestamp>4044.063470</timestamp>
			</report>
			<report>
				<misses>12268001</misses>
				<total>22</total>
				<timestamp>4044.393191</timestamp>
			</report>
			<report>
				<misses>12269001</misses>
				<total>22</total>
				<timestamp>4044.722827</timestamp>
			</report>
			<report>
				<misses>12270001</misses>
				<total>22</total>
				<timestamp>4045.052481</timestamp>
			</report>
			<report>
				<misses>12271001</misses>
				<total>22</total>
				<timestamp>4045.382143</timestamp>
			</report>
			<report>
				<misses>12272001</misses>
				<total>22</total>
				<timestamp>4045.711808</timestamp>
			</report>
			<report>
				<misses>12273001</misses>
				<total>22</total>
				<timestamp>4046.041491</timestamp>
			</report>
			<report>
				<misses>12274001</misses>
				<total>22</total>
				<timestamp>4046.371169</timestamp>
			</report>
			<report>
				<misses>12275001</misses>
				<total>22</total>
				<timestamp>4046.700832</timestamp>
			</report>
			<report>
				<misses>12276001</misses>
				<total>22</total>
				<timestamp>4047.030501</timestamp>
			</report>
			<report>
				<misses>12277001</misses>
				<total>22</total>
				<timestamp>4047.360164</timestamp>
			</report>
			<report>
				<misses>12278001</misses>
				<total>22</total>
				<timestamp>4047.689859</timestamp>
			</report>
			<report>
				<misses>12279001</misses>
				<total>22</total>
				<timestamp>4048.019518</timestamp>
			</report>
			<report>
				<misses>12280001</misses>
				<total>22</total>
				<timestamp>4048.349184</timestamp>
			</report>
			<report>
				<misses>12281001</misses>
				<total>22</total>
				<timestamp>4048.678936</timestamp>
			</report>
			<report>
				<misses>12282001</misses>
				<total>22</total>
				<timestamp>4049.008518</timestamp>
			</report>
			<report>
				<misses>12283001</misses>
				<total>22</total>
				<timestamp>4049.338172</timestamp>
			</report>
			<report>
				<misses>12284001</misses>
				<total>22</total>
				<timestamp>4049.667852</timestamp>
			</report>
			<report>
				<misses>12285001</misses>
				<total>22</total>
				<timestamp>4049.997519</timestamp>
			</report>
			<report>
				<misses>12286001</misses>
				<total>22</total>
				<timestamp>4050.327199</timestamp>
			</report>
			<report>
				<misses>12287001</misses>
				<total>22</total>
				<timestamp>4050.656882</timestamp>
			</report>
			<report>
				<misses>12288001</misses>
				<total>22</total>
				<timestamp>4050.986529</timestamp>
			</report>
			<report>
				<misses>12289001</misses>
				<total>22</total>
				<timestamp>4051.316204</timestamp>
			</report>
			<report>
				<misses>12290001</misses>
				<total>22</total>
				<timestamp>4051.645932</timestamp>
			</report>
			<report>
				<misses>12291001</misses>
				<total>22</total>
				<timestamp>4051.975563</timestamp>
			</report>
			<report>
				<misses>12292001</misses>
				<total>22</total>
				<timestamp>4052.305236</timestamp>
			</report>
			<report>
				<misses>12293001</misses>
				<total>22</total>
				<timestamp>4052.634977</timestamp>
			</report>
			<report>
				<misses>12294001</misses>
				<total>22</total>
				<timestamp>4052.964562</timestamp>
			</report>
			<report>
				<misses>12295001</misses>
				<total>22</total>
				<timestamp>4053.294229</timestamp>
			</report>
			<report>
				<misses>12296001</misses>
				<total>22</total>
				<timestamp>4053.623903</timestamp>
			</report>
			<report>
				<misses>12297001</misses>
				<total>22</total>
				<timestamp>4053.953591</timestamp>
			</report>
			<report>
				<misses>12298001</misses>
				<total>22</total>
				<timestamp>4054.283236</timestamp>
			</report>
			<report>
				<misses>12299001</misses>
				<total>22</total>
				<timestamp>4054.612937</timestamp>
			</report>
			<report>
				<misses>12300001</misses>
				<total>22</total>
				<timestamp>4054.942584</timestamp>
			</report>
			<report>
				<misses>12301001</misses>
				<total>22</total>
				<timestamp>4055.272238</timestamp>
			</report>
			<report>
				<misses>12302001</misses>
				<total>22</total>
				<timestamp>4055.601962</timestamp>
			</report>
			<report>
				<misses>12303001</misses>
				<total>22</total>
				<timestamp>4055.931593</timestamp>
			</report>
			<report>
				<misses>12304001</misses>
				<total>22</total>
				<timestamp>4056.261256</timestamp>
			</report>
			<report>
				<misses>12305001</misses>
				<total>22</total>
				<timestamp>4056.590934</timestamp>
			</report>
			<report>
				<misses>12306001</misses>
				<total>22</total>
				<timestamp>4056.920741</timestamp>
			</report>
			<report>
				<misses>12307001</misses>
				<total>22</total>
				<timestamp>4057.250273</timestamp>
			</report>
			<report>
				<misses>12308001</misses>
				<total>22</total>
				<timestamp>4057.579997</timestamp>
			</report>
			<report>
				<misses>12309001</misses>
				<total>22</total>
				<timestamp>4057.909633</timestamp>
			</report>
			<report>
				<misses>12310001</misses>
				<total>22</total>
				<timestamp>4058.239285</timestamp>
			</report>
			<report>
				<misses>12311001</misses>
				<total>22</total>
				<timestamp>4058.568958</timestamp>
			</report>
			<report>
				<misses>12312001</misses>
				<total>22</total>
				<timestamp>4058.898659</timestamp>
			</report>
			<report>
				<misses>12313001</misses>
				<total>22</total>
				<timestamp>4059.228287</timestamp>
			</report>
			<report>
				<misses>12314001</misses>
				<total>22</total>
				<timestamp>4059.558002</timestamp>
			</report>
			<report>
				<misses>12315001</misses>
				<total>22</total>
				<timestamp>4059.887674</timestamp>
			</report>
			<report>
				<misses>12316001</misses>
				<total>22</total>
				<timestamp>4060.217311</timestamp>
			</report>
			<report>
				<misses>12317001</misses>
				<total>22</total>
				<timestamp>4060.547063</timestamp>
			</report>
			<report>
				<misses>12318001</misses>
				<total>22</total>
				<timestamp>4060.876643</timestamp>
			</report>
			<report>
				<misses>12319001</misses>
				<total>22</total>
				<timestamp>4061.206306</timestamp>
			</report>
			<report>
				<misses>12320001</misses>
				<total>22</total>
				<timestamp>4061.536040</timestamp>
			</report>
			<report>
				<misses>12321001</misses>
				<total>22</total>
				<timestamp>4061.865663</timestamp>
			</report>
			<report>
				<misses>12322001</misses>
				<total>22</total>
				<timestamp>4062.195306</timestamp>
			</report>
			<report>
				<misses>12323001</misses>
				<total>22</total>
				<timestamp>4062.525027</timestamp>
			</report>
			<report>
				<misses>12324001</misses>
				<total>22</total>
				<timestamp>4062.854655</timestamp>
			</report>
			<report>
				<misses>12325001</misses>
				<total>22</total>
				<timestamp>4063.184337</timestamp>
			</report>
			<report>
				<misses>12326001</misses>
				<total>22</total>
				<timestamp>4063.514008</timestamp>
			</report>
			<report>
				<misses>12327001</misses>
				<total>22</total>
				<timestamp>4063.843702</timestamp>
			</report>
			<report>
				<misses>12328001</misses>
				<total>22</total>
				<timestamp>4064.173334</timestamp>
			</report>
			<report>
				<misses>12329001</misses>
				<total>22</total>
				<timestamp>4064.503014</timestamp>
			</report>
			<report>
				<misses>12330001</misses>
				<total>22</total>
				<timestamp>4064.832687</timestamp>
			</report>
			<report>
				<misses>12331001</misses>
				<total>22</total>
				<timestamp>4065.162342</timestamp>
			</report>
			<report>
				<misses>12332001</misses>
				<total>22</total>
				<timestamp>4065.492008</timestamp>
			</report>
			<report>
				<misses>12333001</misses>
				<total>22</total>
				<timestamp>4065.821753</timestamp>
			</report>
			<report>
				<misses>12334001</misses>
				<total>22</total>
				<timestamp>4066.151362</timestamp>
			</report>
			<report>
				<misses>12335001</misses>
				<total>22</total>
				<timestamp>4066.481026</timestamp>
			</report>
			<report>
				<misses>12336001</misses>
				<total>22</total>
				<timestamp>4066.810725</timestamp>
			</report>
			<report>
				<misses>12337001</misses>
				<total>22</total>
				<timestamp>4067.140404</timestamp>
			</report>
			<report>
				<misses>12338001</misses>
				<total>22</total>
				<timestamp>4067.470045</timestamp>
			</report>
			<report>
				<misses>12339001</misses>
				<total>22</total>
				<timestamp>4067.799812</timestamp>
			</report>
			<report>
				<misses>12340001</misses>
				<total>22</total>
				<timestamp>4068.129385</timestamp>
			</report>
			<report>
				<misses>12341001</misses>
				<total>22</total>
				<timestamp>4068.459044</timestamp>
			</report>
			<report>
				<misses>12342001</misses>
				<total>22</total>
				<timestamp>4068.788747</timestamp>
			</report>
			<report>
				<misses>12343001</misses>
				<total>22</total>
				<timestamp>4069.118385</timestamp>
			</report>
			<report>
				<misses>12344001</misses>
				<total>22</total>
				<timestamp>4069.448068</timestamp>
			</report>
			<report>
				<misses>12345001</misses>
				<total>22</total>
				<timestamp>4069.777745</timestamp>
			</report>
			<report>
				<misses>12346001</misses>
				<total>22</total>
				<timestamp>4070.107395</timestamp>
			</report>
			<report>
				<misses>12347001</misses>
				<total>22</total>
				<timestamp>4070.437091</timestamp>
			</report>
			<report>
				<misses>12348001</misses>
				<total>22</total>
				<timestamp>4070.766755</timestamp>
			</report>
			<report>
				<misses>12349001</misses>
				<total>22</total>
				<timestamp>4071.096454</timestamp>
			</report>
			<report>
				<misses>12350001</misses>
				<total>22</total>
				<timestamp>4071.426076</timestamp>
			</report>
			<report>
				<misses>12351001</misses>
				<total>22</total>
				<timestamp>4071.755753</timestamp>
			</report>
			<report>
				<misses>12352001</misses>
				<total>22</total>
				<timestamp>4072.085421</timestamp>
			</report>
			<report>
				<misses>12353001</misses>
				<total>22</total>
				<timestamp>4072.415126</timestamp>
			</report>
			<report>
				<misses>12354001</misses>
				<total>22</total>
				<timestamp>4072.744822</timestamp>
			</report>
			<report>
				<misses>12355001</misses>
				<total>22</total>
				<timestamp>4073.074423</timestamp>
			</report>
			<report>
				<misses>12356001</misses>
				<total>22</total>
				<timestamp>4073.404114</timestamp>
			</report>
			<report>
				<misses>12357001</misses>
				<total>22</total>
				<timestamp>4073.733815</timestamp>
			</report>
			<report>
				<misses>12358001</misses>
				<total>22</total>
				<timestamp>4074.063526</timestamp>
			</report>
			<report>
				<misses>12359001</misses>
				<total>22</total>
				<timestamp>4074.393139</timestamp>
			</report>
			<report>
				<misses>12360001</misses>
				<total>22</total>
				<timestamp>4074.722788</timestamp>
			</report>
			<report>
				<misses>12361001</misses>
				<total>22</total>
				<timestamp>4075.052484</timestamp>
			</report>
			<report>
				<misses>12362001</misses>
				<total>22</total>
				<timestamp>4075.382171</timestamp>
			</report>
			<report>
				<misses>12363001</misses>
				<total>22</total>
				<timestamp>4075.711873</timestamp>
			</report>
			<report>
				<misses>12364001</misses>
				<total>22</total>
				<timestamp>4076.041453</timestamp>
			</report>
			<report>
				<misses>12365001</misses>
				<total>22</total>
				<timestamp>4076.371148</timestamp>
			</report>
			<report>
				<misses>12366001</misses>
				<total>22</total>
				<timestamp>4076.700802</timestamp>
			</report>
			<report>
				<misses>12367001</misses>
				<total>22</total>
				<timestamp>4077.030483</timestamp>
			</report>
			<report>
				<misses>12368001</misses>
				<total>22</total>
				<timestamp>4077.360139</timestamp>
			</report>
			<report>
				<misses>12369001</misses>
				<total>22</total>
				<timestamp>4077.689872</timestamp>
			</report>
			<report>
				<misses>12370001</misses>
				<total>22</total>
				<timestamp>4078.019514</timestamp>
			</report>
			<report>
				<misses>12371001</misses>
				<total>22</total>
				<timestamp>4078.349155</timestamp>
			</report>
			<report>
				<misses>12372001</misses>
				<total>22</total>
				<timestamp>4078.678886</timestamp>
			</report>
			<report>
				<misses>12373001</misses>
				<total>22</total>
				<timestamp>4079.008499</timestamp>
			</report>
			<report>
				<misses>12374001</misses>
				<total>22</total>
				<timestamp>4079.338155</timestamp>
			</report>
			<report>
				<misses>12375001</misses>
				<total>22</total>
				<timestamp>4079.667873</timestamp>
			</report>
			<report>
				<misses>12376001</misses>
				<total>22</total>
				<timestamp>4079.997513</timestamp>
			</report>
			<report>
				<misses>12377001</misses>
				<total>22</total>
				<timestamp>4080.327175</timestamp>
			</report>
			<report>
				<misses>12378001</misses>
				<total>22</total>
				<timestamp>4080.656874</timestamp>
			</report>
			<report>
				<misses>12379001</misses>
				<total>22</total>
				<timestamp>4080.986537</timestamp>
			</report>
			<report>
				<misses>12380001</misses>
				<total>22</total>
				<timestamp>4081.316182</timestamp>
			</report>
			<report>
				<misses>12381001</misses>
				<total>22</total>
				<timestamp>4081.645885</timestamp>
			</report>
			<report>
				<misses>12382001</misses>
				<total>22</total>
				<timestamp>4081.975531</timestamp>
			</report>
			<report>
				<misses>12383001</misses>
				<total>22</total>
				<timestamp>4082.305180</timestamp>
			</report>
			<report>
				<misses>12384001</misses>
				<total>22</total>
				<timestamp>4082.634875</timestamp>
			</report>
			<report>
				<misses>12385001</misses>
				<total>22</total>
				<timestamp>4082.964525</timestamp>
			</report>
			<report>
				<misses>12386001</misses>
				<total>22</total>
				<timestamp>4083.294202</timestamp>
			</report>
			<report>
				<misses>12387001</misses>
				<total>22</total>
				<timestamp>4083.623942</timestamp>
			</report>
			<report>
				<misses>12388001</misses>
				<total>22</total>
				<timestamp>4083.953540</timestamp>
			</report>
			<report>
				<misses>12389001</misses>
				<total>22</total>
				<timestamp>4084.283230</timestamp>
			</report>
			<report>
				<misses>12390001</misses>
				<total>22</total>
				<timestamp>4084.612933</timestamp>
			</report>
			<report>
				<misses>12391001</misses>
				<total>22</total>
				<timestamp>4084.942581</timestamp>
			</report>
			<report>
				<misses>12392001</misses>
				<total>22</total>
				<timestamp>4085.272221</timestamp>
			</report>
			<report>
				<misses>12393001</misses>
				<total>22</total>
				<timestamp>4085.601907</timestamp>
			</report>
			<report>
				<misses>12394001</misses>
				<total>22</total>
				<timestamp>4085.931593</timestamp>
			</report>
			<report>
				<misses>12395001</misses>
				<total>22</total>
				<timestamp>4086.261235</timestamp>
			</report>
			<report>
				<misses>12396001</misses>
				<total>22</total>
				<timestamp>4086.590911</timestamp>
			</report>
			<report>
				<misses>12397001</misses>
				<total>22</total>
				<timestamp>4086.920655</timestamp>
			</report>
			<report>
				<misses>12398001</misses>
				<total>22</total>
				<timestamp>4087.250226</timestamp>
			</report>
			<report>
				<misses>12399001</misses>
				<total>22</total>
				<timestamp>4087.579951</timestamp>
			</report>
			<report>
				<misses>12400001</misses>
				<total>22</total>
				<timestamp>4087.909597</timestamp>
			</report>
			<report>
				<misses>12401001</misses>
				<total>22</total>
				<timestamp>4088.239246</timestamp>
			</report>
			<report>
				<misses>12402001</misses>
				<total>22</total>
				<timestamp>4088.568925</timestamp>
			</report>
			<report>
				<misses>12403001</misses>
				<total>22</total>
				<timestamp>4088.898635</timestamp>
			</report>
			<report>
				<misses>12404001</misses>
				<total>22</total>
				<timestamp>4089.228284</timestamp>
			</report>
			<report>
				<misses>12405001</misses>
				<total>22</total>
				<timestamp>4089.557946</timestamp>
			</report>
			<report>
				<misses>12406001</misses>
				<total>22</total>
				<timestamp>4089.887588</timestamp>
			</report>
			<report>
				<misses>12407001</misses>
				<total>22</total>
				<timestamp>4090.217257</timestamp>
			</report>
			<report>
				<misses>12408001</misses>
				<total>22</total>
				<timestamp>4090.546988</timestamp>
			</report>
			<report>
				<misses>12409001</misses>
				<total>22</total>
				<timestamp>4090.876610</timestamp>
			</report>
			<report>
				<misses>12410001</misses>
				<total>22</total>
				<timestamp>4091.206271</timestamp>
			</report>
			<report>
				<misses>12411001</misses>
				<total>22</total>
				<timestamp>4091.535976</timestamp>
			</report>
			<report>
				<misses>12412001</misses>
				<total>22</total>
				<timestamp>4091.865622</timestamp>
			</report>
			<report>
				<misses>12413001</misses>
				<total>22</total>
				<timestamp>4092.195318</timestamp>
			</report>
			<report>
				<misses>12414001</misses>
				<total>22</total>
				<timestamp>4092.525013</timestamp>
			</report>
			<report>
				<misses>12415001</misses>
				<total>22</total>
				<timestamp>4092.854627</timestamp>
			</report>
			<report>
				<misses>12416001</misses>
				<total>22</total>
				<timestamp>4093.184347</timestamp>
			</report>
			<report>
				<misses>12417001</misses>
				<total>22</total>
				<timestamp>4093.513984</timestamp>
			</report>
			<report>
				<misses>12418001</misses>
				<total>22</total>
				<timestamp>4093.843713</timestamp>
			</report>
			<report>
				<misses>12419001</misses>
				<total>22</total>
				<timestamp>4094.173308</timestamp>
			</report>
			<report>
				<misses>12420001</misses>
				<total>22</total>
				<timestamp>4094.503003</timestamp>
			</report>
			<report>
				<misses>12421001</misses>
				<total>22</total>
				<timestamp>4094.832656</timestamp>
			</report>
			<report>
				<misses>12422001</misses>
				<total>22</total>
				<timestamp>4095.162335</timestamp>
			</report>
			<report>
				<misses>12423001</misses>
				<total>22</total>
				<timestamp>4095.491991</timestamp>
			</report>
			<report>
				<misses>12424001</misses>
				<total>22</total>
				<timestamp>4095.821719</timestamp>
			</report>
			<report>
				<misses>12425001</misses>
				<total>22</total>
				<timestamp>4096.151429</timestamp>
			</report>
			<report>
				<misses>12426001</misses>
				<total>22</total>
				<timestamp>4096.481022</timestamp>
			</report>
			<report>
				<misses>12427001</misses>
				<total>22</total>
				<timestamp>4096.810662</timestamp>
			</report>
			<report>
				<misses>12428001</misses>
				<total>22</total>
				<timestamp>4097.140375</timestamp>
			</report>
			<report>
				<misses>12429001</misses>
				<total>22</total>
				<timestamp>4097.470025</timestamp>
			</report>
			<report>
				<misses>12430001</misses>
				<total>22</total>
				<timestamp>4097.799722</timestamp>
			</report>
			<report>
				<misses>12431001</misses>
				<total>22</total>
				<timestamp>4098.129396</timestamp>
			</report>
			<report>
				<misses>12432001</misses>
				<total>22</total>
				<timestamp>4098.459047</timestamp>
			</report>
			<report>
				<misses>12433001</misses>
				<total>22</total>
				<timestamp>4098.788707</timestamp>
			</report>
			<report>
				<misses>12434001</misses>
				<total>22</total>
				<timestamp>4099.118397</timestamp>
			</report>
			<report>
				<misses>12435001</misses>
				<total>22</total>
				<timestamp>4099.448029</timestamp>
			</report>
			<report>
				<misses>12436001</misses>
				<total>22</total>
				<timestamp>4099.777725</timestamp>
			</report>
			<report>
				<misses>12437001</misses>
				<total>22</total>
				<timestamp>4100.107387</timestamp>
			</report>
			<report>
				<misses>12438001</misses>
				<total>22</total>
				<timestamp>4100.437032</timestamp>
			</report>
			<report>
				<misses>12439001</misses>
				<total>22</total>
				<timestamp>4100.766729</timestamp>
			</report>
			<report>
				<misses>12440001</misses>
				<total>22</total>
				<timestamp>4101.096454</timestamp>
			</report>
			<report>
				<misses>12441001</misses>
				<total>22</total>
				<timestamp>4101.426071</timestamp>
			</report>
			<report>
				<misses>12442001</misses>
				<total>22</total>
				<timestamp>4101.755792</timestamp>
			</report>
			<report>
				<misses>12443001</misses>
				<total>22</total>
				<timestamp>4102.085389</timestamp>
			</report>
			<report>
				<misses>12444001</misses>
				<total>22</total>
				<timestamp>4102.415073</timestamp>
			</report>
			<report>
				<misses>12445001</misses>
				<total>22</total>
				<timestamp>4102.744781</timestamp>
			</report>
			<report>
				<misses>12446001</misses>
				<total>22</total>
				<timestamp>4103.074420</timestamp>
			</report>
			<report>
				<misses>12447001</misses>
				<total>22</total>
				<timestamp>4103.404081</timestamp>
			</report>
			<report>
				<misses>12448001</misses>
				<total>22</total>
				<timestamp>4103.733784</timestamp>
			</report>
			<report>
				<misses>12449001</misses>
				<total>22</total>
				<timestamp>4104.063422</timestamp>
			</report>
			<report>
				<misses>12450001</misses>
				<total>22</total>
				<timestamp>4104.393081</timestamp>
			</report>
			<report>
				<misses>12451001</misses>
				<total>22</total>
				<timestamp>4104.722809</timestamp>
			</report>
			<report>
				<misses>12452001</misses>
				<total>22</total>
				<timestamp>4105.052417</timestamp>
			</report>
			<report>
				<misses>12453001</misses>
				<total>22</total>
				<timestamp>4105.382084</timestamp>
			</report>
			<report>
				<misses>12454001</misses>
				<total>22</total>
				<timestamp>4105.711839</timestamp>
			</report>
			<report>
				<misses>12455001</misses>
				<total>22</total>
				<timestamp>4106.041444</timestamp>
			</report>
			<report>
				<misses>12456001</misses>
				<total>22</total>
				<timestamp>4106.371103</timestamp>
			</report>
			<report>
				<misses>12457001</misses>
				<total>22</total>
				<timestamp>4106.700831</timestamp>
			</report>
			<report>
				<misses>12458001</misses>
				<total>22</total>
				<timestamp>4107.030456</timestamp>
			</report>
			<report>
				<misses>12459001</misses>
				<total>22</total>
				<timestamp>4107.360119</timestamp>
			</report>
			<report>
				<misses>12460001</misses>
				<total>22</total>
				<timestamp>4107.689792</timestamp>
			</report>
			<report>
				<misses>12461001</misses>
				<total>22</total>
				<timestamp>4108.019558</timestamp>
			</report>
			<report>
				<misses>12462001</misses>
				<total>22</total>
				<timestamp>4108.349116</timestamp>
			</report>
			<report>
				<misses>12463001</misses>
				<total>22</total>
				<timestamp>4108.678808</timestamp>
			</report>
			<report>
				<misses>12464001</misses>
				<total>22</total>
				<timestamp>4109.008468</timestamp>
			</report>
			<report>
				<misses>12465001</misses>
				<total>22</total>
				<timestamp>4109.338148</timestamp>
			</report>
			<report>
				<misses>12466001</misses>
				<total>22</total>
				<timestamp>4109.667837</timestamp>
			</report>
			<report>
				<misses>12467001</misses>
				<total>22</total>
				<timestamp>4109.997472</timestamp>
			</report>
			<report>
				<misses>12468001</misses>
				<total>22</total>
				<timestamp>4110.327135</timestamp>
			</report>
			<report>
				<misses>12469001</misses>
				<total>22</total>
				<timestamp>4110.656852</timestamp>
			</report>
			<report>
				<misses>12470001</misses>
				<total>22</total>
				<timestamp>4110.986483</timestamp>
			</report>
			<report>
				<misses>12471001</misses>
				<total>22</total>
				<timestamp>4111.316152</timestamp>
			</report>
			<report>
				<misses>12472001</misses>
				<total>22</total>
				<timestamp>4111.645828</timestamp>
			</report>
			<report>
				<misses>12473001</misses>
				<total>22</total>
				<timestamp>4111.975517</timestamp>
			</report>
			<report>
				<misses>12474001</misses>
				<total>22</total>
				<timestamp>4112.305180</timestamp>
			</report>
			<report>
				<misses>12475001</misses>
				<total>22</total>
				<timestamp>4112.634862</timestamp>
			</report>
			<report>
				<misses>12476001</misses>
				<total>22</total>
				<timestamp>4112.964504</timestamp>
			</report>
			<report>
				<misses>12477001</misses>
				<total>22</total>
				<timestamp>4113.294172</timestamp>
			</report>
			<report>
				<misses>12478001</misses>
				<total>22</total>
				<timestamp>4113.623900</timestamp>
			</report>
			<report>
				<misses>12479001</misses>
				<total>22</total>
				<timestamp>4113.953532</timestamp>
			</report>
			<report>
				<misses>12480001</misses>
				<total>22</total>
				<timestamp>4114.283168</timestamp>
			</report>
			<report>
				<misses>12481001</misses>
				<total>22</total>
				<timestamp>4114.612850</timestamp>
			</report>
			<report>
				<misses>12482001</misses>
				<total>22</total>
				<timestamp>4114.942526</timestamp>
			</report>
			<report>
				<misses>12483001</misses>
				<total>22</total>
				<timestamp>4115.272198</timestamp>
			</report>
			<report>
				<misses>12484001</misses>
				<total>22</total>
				<timestamp>4115.601881</timestamp>
			</report>
			<report>
				<misses>12485001</misses>
				<total>22</total>
				<timestamp>4115.931535</timestamp>
			</report>
			<report>
				<misses>12486001</misses>
				<total>22</total>
				<timestamp>4116.261226</timestamp>
			</report>
			<report>
				<misses>12487001</misses>
				<total>22</total>
				<timestamp>4116.590878</timestamp>
			</report>
			<report>
				<misses>12488001</misses>
				<total>22</total>
				<timestamp>4116.920546</timestamp>
			</report>
			<report>
				<misses>12489001</misses>
				<total>22</total>
				<timestamp>4117.250215</timestamp>
			</report>
			<report>
				<misses>12490001</misses>
				<total>22</total>
				<timestamp>4117.579868</timestamp>
			</report>
			<report>
				<misses>12491001</misses>
				<total>22</total>
				<timestamp>4117.909575</timestamp>
			</report>
			<report>
				<misses>12492001</misses>
				<total>22</total>
				<timestamp>4118.239319</timestamp>
			</report>
			<report>
				<misses>12493001</misses>
				<total>22</total>
				<timestamp>4118.568919</timestamp>
			</report>
			<report>
				<misses>12494001</misses>
				<total>22</total>
				<timestamp>4118.898607</timestamp>
			</report>
			<report>
				<misses>12495001</misses>
				<total>22</total>
				<timestamp>4119.228257</timestamp>
			</report>
			<report>
				<misses>12496001</misses>
				<total>22</total>
				<timestamp>4119.557898</timestamp>
			</report>
			<report>
				<misses>12497001</misses>
				<total>22</total>
				<timestamp>4119.887614</timestamp>
			</report>
			<report>
				<misses>12498001</misses>
				<total>22</total>
				<timestamp>4120.217289</timestamp>
			</report>
			<report>
				<misses>12499001</misses>
				<total>22</total>
				<timestamp>4120.546938</timestamp>
			</report>
			<report>
				<misses>12500001</misses>
				<total>22</total>
				<timestamp>4120.876618</timestamp>
			</report>
			<report>
				<misses>12501001</misses>
				<total>22</total>
				<timestamp>4121.206263</timestamp>
			</report>
			<report>
				<misses>12502001</misses>
				<total>22</total>
				<timestamp>4121.535923</timestamp>
			</report>
			<report>
				<misses>12503001</misses>
				<total>22</total>
				<timestamp>4121.865593</timestamp>
			</report>
			<report>
				<misses>12504001</misses>
				<total>22</total>
				<timestamp>4122.195259</timestamp>
			</report>
			<report>
				<misses>12505001</misses>
				<total>22</total>
				<timestamp>4122.524939</timestamp>
			</report>
			<report>
				<misses>12506001</misses>
				<total>22</total>
				<timestamp>4122.854629</timestamp>
			</report>
			<report>
				<misses>12507001</misses>
				<total>22</total>
				<timestamp>4123.184258</timestamp>
			</report>
			<report>
				<misses>12508001</misses>
				<total>22</total>
				<timestamp>4123.513928</timestamp>
			</report>
			<report>
				<misses>12509001</misses>
				<total>22</total>
				<timestamp>4123.843615</timestamp>
			</report>
			<report>
				<misses>12510001</misses>
				<total>22</total>
				<timestamp>4124.173262</timestamp>
			</report>
			<report>
				<misses>12511001</misses>
				<total>22</total>
				<timestamp>4124.502934</timestamp>
			</report>
			<report>
				<misses>12512001</misses>
				<total>22</total>
				<timestamp>4124.832673</timestamp>
			</report>
			<report>
				<misses>12513001</misses>
				<total>22</total>
				<timestamp>4125.162287</timestamp>
			</report>
			<report>
				<misses>12514001</misses>
				<total>22</total>
				<timestamp>4125.491959</timestamp>
			</report>
			<report>
				<misses>12515001</misses>
				<total>22</total>
				<timestamp>4125.821722</timestamp>
			</report>
			<report>
				<misses>12516001</misses>
				<total>22</total>
				<timestamp>4126.151329</timestamp>
			</report>
			<report>
				<misses>12517001</misses>
				<total>22</total>
				<timestamp>4126.480963</timestamp>
			</report>
			<report>
				<misses>12518001</misses>
				<total>22</total>
				<timestamp>4126.810673</timestamp>
			</report>
			<report>
				<misses>12519001</misses>
				<total>22</total>
				<timestamp>4127.140378</timestamp>
			</report>
			<report>
				<misses>12520001</misses>
				<total>22</total>
				<timestamp>4127.469976</timestamp>
			</report>
			<report>
				<misses>12521001</misses>
				<total>22</total>
				<timestamp>4127.799648</timestamp>
			</report>
			<report>
				<misses>12522001</misses>
				<total>22</total>
				<timestamp>4128.129343</timestamp>
			</report>
			<report>
				<misses>12523001</misses>
				<total>22</total>
				<timestamp>4128.458996</timestamp>
			</report>
			<report>
				<misses>12524001</misses>
				<total>22</total>
				<timestamp>4128.788707</timestamp>
			</report>
			<report>
				<misses>12525001</misses>
				<total>22</total>
				<timestamp>4129.118336</timestamp>
			</report>
			<report>
				<misses>12526001</misses>
				<total>22</total>
				<timestamp>4129.448003</timestamp>
			</report>
			<report>
				<misses>12527001</misses>
				<total>23</total>
				<timestamp>4129.777721</timestamp>
			</report>
			<report>
				<misses>12528001</misses>
				<total>23</total>
				<timestamp>4130.107343</timestamp>
			</report>
			<report>
				<misses>12529001</misses>
				<total>23</total>
				<timestamp>4130.436995</timestamp>
			</report>
			<report>
				<misses>12530001</misses>
				<total>23</total>
				<timestamp>4130.766671</timestamp>
			</report>
			<report>
				<misses>12531001</misses>
				<total>23</total>
				<timestamp>4131.096353</timestamp>
			</report>
			<report>
				<misses>12532001</misses>
				<total>23</total>
				<timestamp>4131.426034</timestamp>
			</report>
			<report>
				<misses>12533001</misses>
				<total>23</total>
				<timestamp>4131.755687</timestamp>
			</report>
			<report>
				<misses>12534001</misses>
				<total>23</total>
				<timestamp>4132.085363</timestamp>
			</report>
			<report>
				<misses>12535001</misses>
				<total>23</total>
				<timestamp>4132.415034</timestamp>
			</report>
			<report>
				<misses>12536001</misses>
				<total>23</total>
				<timestamp>4132.744748</timestamp>
			</report>
			<report>
				<misses>12537001</misses>
				<total>23</total>
				<timestamp>4133.074372</timestamp>
			</report>
			<report>
				<misses>12538001</misses>
				<total>23</total>
				<timestamp>4133.404060</timestamp>
			</report>
			<report>
				<misses>12539001</misses>
				<total>23</total>
				<timestamp>4133.733721</timestamp>
			</report>
			<report>
				<misses>12540001</misses>
				<total>23</total>
				<timestamp>4134.063376</timestamp>
			</report>
			<report>
				<misses>12541001</misses>
				<total>23</total>
				<timestamp>4134.393048</timestamp>
			</report>
			<report>
				<misses>12542001</misses>
				<total>23</total>
				<timestamp>4134.722749</timestamp>
			</report>
			<report>
				<misses>12543001</misses>
				<total>23</total>
				<timestamp>4135.052382</timestamp>
			</report>
			<report>
				<misses>12544001</misses>
				<total>23</total>
				<timestamp>4135.382055</timestamp>
			</report>
			<report>
				<misses>12545001</misses>
				<total>23</total>
				<timestamp>4135.711714</timestamp>
			</report>
			<report>
				<misses>12546001</misses>
				<total>23</total>
				<timestamp>4136.041408</timestamp>
			</report>
			<report>
				<misses>12547001</misses>
				<total>23</total>
				<timestamp>4136.371105</timestamp>
			</report>
			<report>
				<misses>12548001</misses>
				<total>23</total>
				<timestamp>4136.700761</timestamp>
			</report>
			<report>
				<misses>12549001</misses>
				<total>23</total>
				<timestamp>4137.030408</timestamp>
			</report>
			<report>
				<misses>12550001</misses>
				<total>23</total>
				<timestamp>4137.360103</timestamp>
			</report>
			<report>
				<misses>12551001</misses>
				<total>23</total>
				<timestamp>4137.689759</timestamp>
			</report>
			<report>
				<misses>12552001</misses>
				<total>23</total>
				<timestamp>4138.019429</timestamp>
			</report>
			<report>
				<misses>12553001</misses>
				<total>23</total>
				<timestamp>4138.349094</timestamp>
			</report>
			<report>
				<misses>12554001</misses>
				<total>23</total>
				<timestamp>4138.678757</timestamp>
			</report>
			<report>
				<misses>12555001</misses>
				<total>23</total>
				<timestamp>4139.008420</timestamp>
			</report>
			<report>
				<misses>12556001</misses>
				<total>23</total>
				<timestamp>4139.338139</timestamp>
			</report>
			<report>
				<misses>12557001</misses>
				<total>23</total>
				<timestamp>4139.667766</timestamp>
			</report>
			<report>
				<misses>12558001</misses>
				<total>23</total>
				<timestamp>4139.997446</timestamp>
			</report>
			<report>
				<misses>12559001</misses>
				<total>23</total>
				<timestamp>4140.327146</timestamp>
			</report>
			<report>
				<misses>12560001</misses>
				<total>23</total>
				<timestamp>4140.656766</timestamp>
			</report>
			<report>
				<misses>12561001</misses>
				<total>23</total>
				<timestamp>4140.986511</timestamp>
			</report>
			<report>
				<misses>12562001</misses>
				<total>23</total>
				<timestamp>4141.316126</timestamp>
			</report>
			<report>
				<misses>12563001</misses>
				<total>23</total>
				<timestamp>4141.645795</timestamp>
			</report>
			<report>
				<misses>12564001</misses>
				<total>23</total>
				<timestamp>4141.975452</timestamp>
			</report>
			<report>
				<misses>12565001</misses>
				<total>23</total>
				<timestamp>4142.305129</timestamp>
			</report>
			<report>
				<misses>12566001</misses>
				<total>23</total>
				<timestamp>4142.634838</timestamp>
			</report>
			<report>
				<misses>12567001</misses>
				<total>23</total>
				<timestamp>4142.964480</timestamp>
			</report>
			<report>
				<misses>12568001</misses>
				<total>23</total>
				<timestamp>4143.294150</timestamp>
			</report>
			<report>
				<misses>12569001</misses>
				<total>23</total>
				<timestamp>4143.623802</timestamp>
			</report>
			<report>
				<misses>12570001</misses>
				<total>23</total>
				<timestamp>4143.953474</timestamp>
			</report>
			<report>
				<misses>12571001</misses>
				<total>23</total>
				<timestamp>4144.283158</timestamp>
			</report>
			<report>
				<misses>12572001</misses>
				<total>23</total>
				<timestamp>4144.612817</timestamp>
			</report>
			<report>
				<misses>12573001</misses>
				<total>23</total>
				<timestamp>4144.942515</timestamp>
			</report>
			<report>
				<misses>12574001</misses>
				<total>23</total>
				<timestamp>4145.272172</timestamp>
			</report>
			<report>
				<misses>12575001</misses>
				<total>23</total>
				<timestamp>4145.601828</timestamp>
			</report>
			<report>
				<misses>12576001</misses>
				<total>23</total>
				<timestamp>4145.931520</timestamp>
			</report>
			<report>
				<misses>12577001</misses>
				<total>23</total>
				<timestamp>4146.261197</timestamp>
			</report>
			<report>
				<misses>12578001</misses>
				<total>23</total>
				<timestamp>4146.590849</timestamp>
			</report>
			<report>
				<misses>12579001</misses>
				<total>23</total>
				<timestamp>4146.920565</timestamp>
			</report>
			<report>
				<misses>12580001</misses>
				<total>23</total>
				<timestamp>4147.250200</timestamp>
			</report>
			<report>
				<misses>12581001</misses>
				<total>23</total>
				<timestamp>4147.579859</timestamp>
			</report>
			<report>
				<misses>12582001</misses>
				<total>23</total>
				<timestamp>4147.909544</timestamp>
			</report>
			<report>
				<misses>12583001</misses>
				<total>23</total>
				<timestamp>4148.239267</timestamp>
			</report>
			<report>
				<misses>12584001</misses>
				<total>23</total>
				<timestamp>4148.568866</timestamp>
			</report>
			<report>
				<misses>12585001</misses>
				<total>23</total>
				<timestamp>4148.898573</timestamp>
			</report>
			<report>
				<misses>12586001</misses>
				<total>23</total>
				<timestamp>4149.228248</timestamp>
			</report>
			<report>
				<misses>12587001</misses>
				<total>23</total>
				<timestamp>4149.557869</timestamp>
			</report>
			<report>
				<misses>12588001</misses>
				<total>23</total>
				<timestamp>4149.887648</timestamp>
			</report>
			<report>
				<misses>12589001</misses>
				<total>23</total>
				<timestamp>4150.217243</timestamp>
			</report>
			<report>
				<misses>12590001</misses>
				<total>23</total>
				<timestamp>4150.546874</timestamp>
			</report>
			<report>
				<misses>12591001</misses>
				<total>23</total>
				<timestamp>4150.876606</timestamp>
			</report>
			<report>
				<misses>12592001</misses>
				<total>23</total>
				<timestamp>4151.206222</timestamp>
			</report>
			<report>
				<misses>12593001</misses>
				<total>23</total>
				<timestamp>4151.535892</timestamp>
			</report>
			<report>
				<misses>12594001</misses>
				<total>23</total>
				<timestamp>4151.865620</timestamp>
			</report>
			<report>
				<misses>12595001</misses>
				<total>23</total>
				<timestamp>4152.195226</timestamp>
			</report>
			<report>
				<misses>12596001</misses>
				<total>23</total>
				<timestamp>4152.524897</timestamp>
			</report>
			<report>
				<misses>12597001</misses>
				<total>23</total>
				<timestamp>4152.854605</timestamp>
			</report>
			<report>
				<misses>12598001</misses>
				<total>23</total>
				<timestamp>4153.184241</timestamp>
			</report>
			<report>
				<misses>12599001</misses>
				<total>23</total>
				<timestamp>4153.513920</timestamp>
			</report>
			<report>
				<misses>12600001</misses>
				<total>23</total>
				<timestamp>4153.843574</timestamp>
			</report>
			<report>
				<misses>12601001</misses>
				<total>23</total>
				<timestamp>4154.173252</timestamp>
			</report>
			<report>
				<misses>12602001</misses>
				<total>23</total>
				<timestamp>4154.502925</timestamp>
			</report>
			<report>
				<misses>12603001</misses>
				<total>23</total>
				<timestamp>4154.832635</timestamp>
			</report>
			<report>
				<misses>12604001</misses>
				<total>23</total>
				<timestamp>4155.162261</timestamp>
			</report>
			<report>
				<misses>12605001</misses>
				<total>23</total>
				<timestamp>4155.491935</timestamp>
			</report>
			<report>
				<misses>12606001</misses>
				<total>23</total>
				<timestamp>4155.821655</timestamp>
			</report>
			<report>
				<misses>12607001</misses>
				<total>23</total>
				<timestamp>4156.151264</timestamp>
			</report>
			<report>
				<misses>12608001</misses>
				<total>23</total>
				<timestamp>4156.480964</timestamp>
			</report>
			<report>
				<misses>12609001</misses>
				<total>23</total>
				<timestamp>4156.810609</timestamp>
			</report>
			<report>
				<misses>12610001</misses>
				<total>23</total>
				<timestamp>4157.140293</timestamp>
			</report>
			<report>
				<misses>12611001</misses>
				<total>23</total>
				<timestamp>4157.469966</timestamp>
			</report>
			<report>
				<misses>12612001</misses>
				<total>23</total>
				<timestamp>4157.799649</timestamp>
			</report>
			<report>
				<misses>12613001</misses>
				<total>23</total>
				<timestamp>4158.129285</timestamp>
			</report>
			<report>
				<misses>12614001</misses>
				<total>23</total>
				<timestamp>4158.458959</timestamp>
			</report>
			<report>
				<misses>12615001</misses>
				<total>23</total>
				<timestamp>4158.788654</timestamp>
			</report>
			<report>
				<misses>12616001</misses>
				<total>23</total>
				<timestamp>4159.118312</timestamp>
			</report>
			<report>
				<misses>12617001</misses>
				<total>23</total>
				<timestamp>4159.447977</timestamp>
			</report>
			<report>
				<misses>12618001</misses>
				<total>23</total>
				<timestamp>4159.777641</timestamp>
			</report>
			<report>
				<misses>12619001</misses>
				<total>23</total>
				<timestamp>4160.107297</timestamp>
			</report>
			<report>
				<misses>12620001</misses>
				<total>23</total>
				<timestamp>4160.437027</timestamp>
			</report>
			<report>
				<misses>12621001</misses>
				<total>23</total>
				<timestamp>4160.766669</timestamp>
			</report>
			<report>
				<misses>12622001</misses>
				<total>23</total>
				<timestamp>4161.096317</timestamp>
			</report>
			<report>
				<misses>12623001</misses>
				<total>23</total>
				<timestamp>4161.426002</timestamp>
			</report>
			<report>
				<misses>12624001</misses>
				<total>23</total>
				<timestamp>4161.755649</timestamp>
			</report>
			<report>
				<misses>12625001</misses>
				<total>23</total>
				<timestamp>4162.085322</timestamp>
			</report>
			<report>
				<misses>12626001</misses>
				<total>23</total>
				<timestamp>4162.415019</timestamp>
			</report>
			<report>
				<misses>12627001</misses>
				<total>23</total>
				<timestamp>4162.744682</timestamp>
			</report>
			<report>
				<misses>12628001</misses>
				<total>23</total>
				<timestamp>4163.074367</timestamp>
			</report>
			<report>
				<misses>12629001</misses>
				<total>23</total>
				<timestamp>4163.404001</timestamp>
			</report>
			<report>
				<misses>12630001</misses>
				<total>23</total>
				<timestamp>4163.733685</timestamp>
			</report>
			<report>
				<misses>12631001</misses>
				<total>23</total>
				<timestamp>4164.063405</timestamp>
			</report>
			<report>
				<misses>12632001</misses>
				<total>23</total>
				<timestamp>4164.393012</timestamp>
			</report>
			<report>
				<misses>12633001</misses>
				<total>23</total>
				<timestamp>4164.722709</timestamp>
			</report>
			<report>
				<misses>12634001</misses>
				<total>23</total>
				<timestamp>4165.052425</timestamp>
			</report>
			<report>
				<misses>12635001</misses>
				<total>23</total>
				<timestamp>4165.382026</timestamp>
			</report>
			<report>
				<misses>12636001</misses>
				<total>23</total>
				<timestamp>4165.711718</timestamp>
			</report>
			<report>
				<misses>12637001</misses>
				<total>23</total>
				<timestamp>4166.041441</timestamp>
			</report>
			<report>
				<misses>12638001</misses>
				<total>23</total>
				<timestamp>4166.371046</timestamp>
			</report>
			<report>
				<misses>12639001</misses>
				<total>23</total>
				<timestamp>4166.700697</timestamp>
			</report>
			<report>
				<misses>12640001</misses>
				<total>23</total>
				<timestamp>4167.030432</timestamp>
			</report>
			<report>
				<misses>12641001</misses>
				<total>23</total>
				<timestamp>4167.360087</timestamp>
			</report>
			<report>
				<misses>12642001</misses>
				<total>23</total>
				<timestamp>4167.689710</timestamp>
			</report>
			<report>
				<misses>12643001</misses>
				<total>23</total>
				<timestamp>4168.019404</timestamp>
			</report>
			<report>
				<misses>12644001</misses>
				<total>23</total>
				<timestamp>4168.349107</timestamp>
			</report>
			<report>
				<misses>12645001</misses>
				<total>23</total>
				<timestamp>4168.678743</timestamp>
			</report>
			<report>
				<misses>12646001</misses>
				<total>23</total>
				<timestamp>4169.008402</timestamp>
			</report>
			<report>
				<misses>12647001</misses>
				<total>23</total>
				<timestamp>4169.338141</timestamp>
			</report>
			<report>
				<misses>12648001</misses>
				<total>23</total>
				<timestamp>4169.667732</timestamp>
			</report>
			<report>
				<misses>12649001</misses>
				<total>23</total>
				<timestamp>4169.997419</timestamp>
			</report>
			<report>
				<misses>12650001</misses>
				<total>23</total>
				<timestamp>4170.327171</timestamp>
			</report>
			<report>
				<misses>12651001</misses>
				<total>23</total>
				<timestamp>4170.656738</timestamp>
			</report>
			<report>
				<misses>12652001</misses>
				<total>23</total>
				<timestamp>4170.986461</timestamp>
			</report>
			<report>
				<misses>12653001</misses>
				<total>23</total>
				<timestamp>4171.316106</timestamp>
			</report>
			<report>
				<misses>12654001</misses>
				<total>23</total>
				<timestamp>4171.645746</timestamp>
			</report>
			<report>
				<misses>12655001</misses>
				<total>23</total>
				<timestamp>4171.975514</timestamp>
			</report>
			<report>
				<misses>12656001</misses>
				<total>23</total>
				<timestamp>4172.305120</timestamp>
			</report>
			<report>
				<misses>12657001</misses>
				<total>23</total>
				<timestamp>4172.634761</timestamp>
			</report>
			<report>
				<misses>12658001</misses>
				<total>23</total>
				<timestamp>4172.964456</timestamp>
			</report>
			<report>
				<misses>12659001</misses>
				<total>23</total>
				<timestamp>4173.294111</timestamp>
			</report>
			<report>
				<misses>12660001</misses>
				<total>23</total>
				<timestamp>4173.623778</timestamp>
			</report>
			<report>
				<misses>12661001</misses>
				<total>23</total>
				<timestamp>4173.953459</timestamp>
			</report>
			<report>
				<misses>12662001</misses>
				<total>23</total>
				<timestamp>4174.283118</timestamp>
			</report>
			<report>
				<misses>12663001</misses>
				<total>23</total>
				<timestamp>4174.612796</timestamp>
			</report>
			<report>
				<misses>12664001</misses>
				<total>23</total>
				<timestamp>4174.942487</timestamp>
			</report>
			<report>
				<misses>12665001</misses>
				<total>23</total>
				<timestamp>4175.272134</timestamp>
			</report>
			<report>
				<misses>12666001</misses>
				<total>23</total>
				<timestamp>4175.601804</timestamp>
			</report>
			<report>
				<misses>12667001</misses>
				<total>23</total>
				<timestamp>4175.931514</timestamp>
			</report>
			<report>
				<misses>12668001</misses>
				<total>23</total>
				<timestamp>4176.261130</timestamp>
			</report>
			<report>
				<misses>12669001</misses>
				<total>23</total>
				<timestamp>4176.590804</timestamp>
			</report>
			<report>
				<misses>12670001</misses>
				<total>23</total>
				<timestamp>4176.920496</timestamp>
			</report>
			<report>
				<misses>12671001</misses>
				<total>23</total>
				<timestamp>4177.250156</timestamp>
			</report>
			<report>
				<misses>12672001</misses>
				<total>23</total>
				<timestamp>4177.579854</timestamp>
			</report>
			<report>
				<misses>12673001</misses>
				<total>23</total>
				<timestamp>4177.909480</timestamp>
			</report>
			<report>
				<misses>12674001</misses>
				<total>23</total>
				<timestamp>4178.239170</timestamp>
			</report>
			<report>
				<misses>12675001</misses>
				<total>23</total>
				<timestamp>4178.568850</timestamp>
			</report>
			<report>
				<misses>12676001</misses>
				<total>23</total>
				<timestamp>4178.898580</timestamp>
			</report>
			<report>
				<misses>12677001</misses>
				<total>23</total>
				<timestamp>4179.228189</timestamp>
			</report>
			<report>
				<misses>12678001</misses>
				<total>23</total>
				<timestamp>4179.557849</timestamp>
			</report>
			<report>
				<misses>12679001</misses>
				<total>23</total>
				<timestamp>4179.887511</timestamp>
			</report>
			<report>
				<misses>12680001</misses>
				<total>23</total>
				<timestamp>4180.217191</timestamp>
			</report>
			<report>
				<misses>12681001</misses>
				<total>23</total>
				<timestamp>4180.546880</timestamp>
			</report>
			<report>
				<misses>12682001</misses>
				<total>23</total>
				<timestamp>4180.876512</timestamp>
			</report>
			<report>
				<misses>12683001</misses>
				<total>23</total>
				<timestamp>4181.206196</timestamp>
			</report>
			<report>
				<misses>12684001</misses>
				<total>23</total>
				<timestamp>4181.535881</timestamp>
			</report>
			<report>
				<misses>12685001</misses>
				<total>23</total>
				<timestamp>4181.865532</timestamp>
			</report>
			<report>
				<misses>12686001</misses>
				<total>23</total>
				<timestamp>4182.195192</timestamp>
			</report>
			<report>
				<misses>12687001</misses>
				<total>23</total>
				<timestamp>4182.524906</timestamp>
			</report>
			<report>
				<misses>12688001</misses>
				<total>23</total>
				<timestamp>4182.854529</timestamp>
			</report>
			<report>
				<misses>12689001</misses>
				<total>23</total>
				<timestamp>4183.184211</timestamp>
			</report>
			<report>
				<misses>12690001</misses>
				<total>23</total>
				<timestamp>4183.513904</timestamp>
			</report>
			<report>
				<misses>12691001</misses>
				<total>23</total>
				<timestamp>4183.843544</timestamp>
			</report>
			<report>
				<misses>12692001</misses>
				<total>23</total>
				<timestamp>4184.173230</timestamp>
			</report>
			<report>
				<misses>12693001</misses>
				<total>23</total>
				<timestamp>4184.502889</timestamp>
			</report>
			<report>
				<misses>12694001</misses>
				<total>23</total>
				<timestamp>4184.832586</timestamp>
			</report>
			<report>
				<misses>12695001</misses>
				<total>23</total>
				<timestamp>4185.162240</timestamp>
			</report>
			<report>
				<misses>12696001</misses>
				<total>23</total>
				<timestamp>4185.491912</timestamp>
			</report>
			<report>
				<misses>12697001</misses>
				<total>23</total>
				<timestamp>4185.821580</timestamp>
			</report>
			<report>
				<misses>12698001</misses>
				<total>23</total>
				<timestamp>4186.151242</timestamp>
			</report>
			<report>
				<misses>12699001</misses>
				<total>23</total>
				<timestamp>4186.480911</timestamp>
			</report>
			<report>
				<misses>12700001</misses>
				<total>23</total>
				<timestamp>4186.810582</timestamp>
			</report>
			<report>
				<misses>12701001</misses>
				<total>23</total>
				<timestamp>4187.140254</timestamp>
			</report>
			<report>
				<misses>12702001</misses>
				<total>23</total>
				<timestamp>4187.469957</timestamp>
			</report>
			<report>
				<misses>12703001</misses>
				<total>23</total>
				<timestamp>4187.799580</timestamp>
			</report>
			<report>
				<misses>12704001</misses>
				<total>23</total>
				<timestamp>4188.129260</timestamp>
			</report>
			<report>
				<misses>12705001</misses>
				<total>23</total>
				<timestamp>4188.458995</timestamp>
			</report>
			<report>
				<misses>12706001</misses>
				<total>23</total>
				<timestamp>4188.788612</timestamp>
			</report>
			<report>
				<misses>12707001</misses>
				<total>23</total>
				<timestamp>4189.118330</timestamp>
			</report>
			<report>
				<misses>12708001</misses>
				<total>23</total>
				<timestamp>4189.447953</timestamp>
			</report>
			<report>
				<misses>12709001</misses>
				<total>23</total>
				<timestamp>4189.777602</timestamp>
			</report>
			<report>
				<misses>12710001</misses>
				<total>23</total>
				<timestamp>4190.107333</timestamp>
			</report>
			<report>
				<misses>12711001</misses>
				<total>23</total>
				<timestamp>4190.436955</timestamp>
			</report>
			<report>
				<misses>12712001</misses>
				<total>23</total>
				<timestamp>4190.766617</timestamp>
			</report>
			<report>
				<misses>12713001</misses>
				<total>23</total>
				<timestamp>4191.096332</timestamp>
			</report>
			<report>
				<misses>12714001</misses>
				<total>23</total>
				<timestamp>4191.425946</timestamp>
			</report>
			<report>
				<misses>12715001</misses>
				<total>23</total>
				<timestamp>4191.755616</timestamp>
			</report>
			<report>
				<misses>12716001</misses>
				<total>23</total>
				<timestamp>4192.085303</timestamp>
			</report>
			<report>
				<misses>12717001</misses>
				<total>23</total>
				<timestamp>4192.414968</timestamp>
			</report>
			<report>
				<misses>12718001</misses>
				<total>23</total>
				<timestamp>4192.744644</timestamp>
			</report>
			<report>
				<misses>12719001</misses>
				<total>23</total>
				<timestamp>4193.074333</timestamp>
			</report>
			<report>
				<misses>12720001</misses>
				<total>23</total>
				<timestamp>4193.403962</timestamp>
			</report>
			<report>
				<misses>12721001</misses>
				<total>23</total>
				<timestamp>4193.733642</timestamp>
			</report>
			<report>
				<misses>12722001</misses>
				<total>23</total>
				<timestamp>4194.063351</timestamp>
			</report>
			<report>
				<misses>12723001</misses>
				<total>23</total>
				<timestamp>4194.392981</timestamp>
			</report>
			<report>
				<misses>12724001</misses>
				<total>23</total>
				<timestamp>4194.722651</timestamp>
			</report>
			<report>
				<misses>12725001</misses>
				<total>23</total>
				<timestamp>4195.052381</timestamp>
			</report>
			<report>
				<misses>12726001</misses>
				<total>23</total>
				<timestamp>4195.381991</timestamp>
			</report>
			<report>
				<misses>12727001</misses>
				<total>23</total>
				<timestamp>4195.711662</timestamp>
			</report>
			<report>
				<misses>12728001</misses>
				<total>23</total>
				<timestamp>4196.041401</timestamp>
			</report>
			<report>
				<misses>12729001</misses>
				<total>23</total>
				<timestamp>4196.371007</timestamp>
			</report>
			<report>
				<misses>12730001</misses>
				<total>23</total>
				<timestamp>4196.700725</timestamp>
			</report>
			<report>
				<misses>12731001</misses>
				<total>23</total>
				<timestamp>4197.030408</timestamp>
			</report>
			<report>
				<misses>12732001</misses>
				<total>23</total>
				<timestamp>4197.360031</timestamp>
			</report>
			<report>
				<misses>12733001</misses>
				<total>23</total>
				<timestamp>4197.689686</timestamp>
			</report>
			<report>
				<misses>12734001</misses>
				<total>23</total>
				<timestamp>4198.019392</timestamp>
			</report>
			<report>
				<misses>12735001</misses>
				<total>23</total>
				<timestamp>4198.349040</timestamp>
			</report>
			<report>
				<misses>12736001</misses>
				<total>23</total>
				<timestamp>4198.678704</timestamp>
			</report>
			<report>
				<misses>12737001</misses>
				<total>23</total>
				<timestamp>4199.008373</timestamp>
			</report>
			<report>
				<misses>12738001</misses>
				<total>23</total>
				<timestamp>4199.338025</timestamp>
			</report>
			<report>
				<misses>12739001</misses>
				<total>23</total>
				<timestamp>4199.667722</timestamp>
			</report>
			<report>
				<misses>12740001</misses>
				<total>23</total>
				<timestamp>4199.997378</timestamp>
			</report>
			<report>
				<misses>12741001</misses>
				<total>23</total>
				<timestamp>4200.327108</timestamp>
			</report>
			<report>
				<misses>12742001</misses>
				<total>23</total>
				<timestamp>4200.656754</timestamp>
			</report>
			<report>
				<misses>12743001</misses>
				<total>25</total>
				<timestamp>4200.986387</timestamp>
			</report>
			<report>
				<misses>12744001</misses>
				<total>25</total>
				<timestamp>4201.316061</timestamp>
			</report>
			<report>
				<misses>12745001</misses>
				<total>25</total>
				<timestamp>4201.645727</timestamp>
			</report>
			<report>
				<misses>12746001</misses>
				<total>25</total>
				<timestamp>4201.975419</timestamp>
			</report>
			<report>
				<misses>12747001</misses>
				<total>25</total>
				<timestamp>4202.305075</timestamp>
			</report>
			<report>
				<misses>12748001</misses>
				<total>25</total>
				<timestamp>4202.634755</timestamp>
			</report>
			<report>
				<misses>12749001</misses>
				<total>25</total>
				<timestamp>4202.964504</timestamp>
			</report>
			<report>
				<misses>12750001</misses>
				<total>25</total>
				<timestamp>4203.294097</timestamp>
			</report>
			<report>
				<misses>12751001</misses>
				<total>25</total>
				<timestamp>4203.623755</timestamp>
			</report>
			<report>
				<misses>12752001</misses>
				<total>25</total>
				<timestamp>4203.953427</timestamp>
			</report>
			<report>
				<misses>12753001</misses>
				<total>25</total>
				<timestamp>4204.283106</timestamp>
			</report>
			<report>
				<misses>12754001</misses>
				<total>25</total>
				<timestamp>4204.612748</timestamp>
			</report>
			<report>
				<misses>12755001</misses>
				<total>25</total>
				<timestamp>4204.942434</timestamp>
			</report>
			<report>
				<misses>12756001</misses>
				<total>25</total>
				<timestamp>4205.272111</timestamp>
			</report>
			<report>
				<misses>12757001</misses>
				<total>25</total>
				<timestamp>4205.601776</timestamp>
			</report>
			<report>
				<misses>12758001</misses>
				<total>25</total>
				<timestamp>4205.931438</timestamp>
			</report>
			<report>
				<misses>12759001</misses>
				<total>25</total>
				<timestamp>4206.261118</timestamp>
			</report>
			<report>
				<misses>12760001</misses>
				<total>25</total>
				<timestamp>4206.590783</timestamp>
			</report>
			<report>
				<misses>12761001</misses>
				<total>25</total>
				<timestamp>4206.920484</timestamp>
			</report>
			<report>
				<misses>12762001</misses>
				<total>25</total>
				<timestamp>4207.250190</timestamp>
			</report>
			<report>
				<misses>12763001</misses>
				<total>25</total>
				<timestamp>4207.579797</timestamp>
			</report>
			<report>
				<misses>12764001</misses>
				<total>25</total>
				<timestamp>4207.909461</timestamp>
			</report>
			<report>
				<misses>12765001</misses>
				<total>25</total>
				<timestamp>4208.239137</timestamp>
			</report>
			<report>
				<misses>12766001</misses>
				<total>25</total>
				<timestamp>4208.568819</timestamp>
			</report>
			<report>
				<misses>12767001</misses>
				<total>25</total>
				<timestamp>4208.898477</timestamp>
			</report>
			<report>
				<misses>12768001</misses>
				<total>25</total>
				<timestamp>4209.228143</timestamp>
			</report>
			<report>
				<misses>12769001</misses>
				<total>25</total>
				<timestamp>4209.557823</timestamp>
			</report>
			<report>
				<misses>12770001</misses>
				<total>25</total>
				<timestamp>4209.887480</timestamp>
			</report>
			<report>
				<misses>12771001</misses>
				<total>25</total>
				<timestamp>4210.217236</timestamp>
			</report>
			<report>
				<misses>12772001</misses>
				<total>25</total>
				<timestamp>4210.546851</timestamp>
			</report>
			<report>
				<misses>12773001</misses>
				<total>25</total>
				<timestamp>4210.876484</timestamp>
			</report>
			<report>
				<misses>12774001</misses>
				<total>25</total>
				<timestamp>4211.206162</timestamp>
			</report>
			<report>
				<misses>12775001</misses>
				<total>25</total>
				<timestamp>4211.535815</timestamp>
			</report>
			<report>
				<misses>12776001</misses>
				<total>25</total>
				<timestamp>4211.865491</timestamp>
			</report>
			<report>
				<misses>12777001</misses>
				<total>25</total>
				<timestamp>4212.195228</timestamp>
			</report>
			<report>
				<misses>12778001</misses>
				<total>25</total>
				<timestamp>4212.524831</timestamp>
			</report>
			<report>
				<misses>12779001</misses>
				<total>25</total>
				<timestamp>4212.854516</timestamp>
			</report>
			<report>
				<misses>12780001</misses>
				<total>25</total>
				<timestamp>4213.184178</timestamp>
			</report>
			<report>
				<misses>12781001</misses>
				<total>25</total>
				<timestamp>4213.513845</timestamp>
			</report>
			<report>
				<misses>12782001</misses>
				<total>25</total>
				<timestamp>4213.843516</timestamp>
			</report>
			<report>
				<misses>12783001</misses>
				<total>25</total>
				<timestamp>4214.173195</timestamp>
			</report>
			<report>
				<misses>12784001</misses>
				<total>25</total>
				<timestamp>4214.502856</timestamp>
			</report>
			<report>
				<misses>12785001</misses>
				<total>25</total>
				<timestamp>4214.832520</timestamp>
			</report>
			<report>
				<misses>12786001</misses>
				<total>25</total>
				<timestamp>4215.162194</timestamp>
			</report>
			<report>
				<misses>12787001</misses>
				<total>25</total>
				<timestamp>4215.491863</timestamp>
			</report>
			<report>
				<misses>12788001</misses>
				<total>25</total>
				<timestamp>4215.821544</timestamp>
			</report>
			<report>
				<misses>12789001</misses>
				<total>25</total>
				<timestamp>4216.151209</timestamp>
			</report>
			<report>
				<misses>12790001</misses>
				<total>25</total>
				<timestamp>4216.480874</timestamp>
			</report>
			<report>
				<misses>12791001</misses>
				<total>25</total>
				<timestamp>4216.810534</timestamp>
			</report>
			<report>
				<misses>12792001</misses>
				<total>25</total>
				<timestamp>4217.140269</timestamp>
			</report>
			<report>
				<misses>12793001</misses>
				<total>25</total>
				<timestamp>4217.469872</timestamp>
			</report>
			<report>
				<misses>12794001</misses>
				<total>25</total>
				<timestamp>4217.799566</timestamp>
			</report>
			<report>
				<misses>12795001</misses>
				<total>25</total>
				<timestamp>4218.129292</timestamp>
			</report>
			<report>
				<misses>12796001</misses>
				<total>25</total>
				<timestamp>4218.458902</timestamp>
			</report>
			<report>
				<misses>12797001</misses>
				<total>25</total>
				<timestamp>4218.788598</timestamp>
			</report>
			<report>
				<misses>12798001</misses>
				<total>25</total>
				<timestamp>4219.118234</timestamp>
			</report>
			<report>
				<misses>12799001</misses>
				<total>25</total>
				<timestamp>4219.447914</timestamp>
			</report>
			<report>
				<misses>12800001</misses>
				<total>25</total>
				<timestamp>4219.777563</timestamp>
			</report>
			<report>
				<misses>12801001</misses>
				<total>25</total>
				<timestamp>4220.107277</timestamp>
			</report>
			<report>
				<misses>12802001</misses>
				<total>25</total>
				<timestamp>4220.436917</timestamp>
			</report>
			<report>
				<misses>12803001</misses>
				<total>25</total>
				<timestamp>4220.766643</timestamp>
			</report>
			<report>
				<misses>12804001</misses>
				<total>25</total>
				<timestamp>4221.096251</timestamp>
			</report>
			<report>
				<misses>12805001</misses>
				<total>25</total>
				<timestamp>4221.425923</timestamp>
			</report>
			<report>
				<misses>12806001</misses>
				<total>25</total>
				<timestamp>4221.755620</timestamp>
			</report>
			<report>
				<misses>12807001</misses>
				<total>25</total>
				<timestamp>4222.085269</timestamp>
			</report>
			<report>
				<misses>12808001</misses>
				<total>25</total>
				<timestamp>4222.415038</timestamp>
			</report>
			<report>
				<misses>12809001</misses>
				<total>25</total>
				<timestamp>4222.744629</timestamp>
			</report>
			<report>
				<misses>12810001</misses>
				<total>25</total>
				<timestamp>4223.074270</timestamp>
			</report>
			<report>
				<misses>12811001</misses>
				<total>25</total>
				<timestamp>4223.404017</timestamp>
			</report>
			<report>
				<misses>12812001</misses>
				<total>25</total>
				<timestamp>4223.733639</timestamp>
			</report>
			<report>
				<misses>12813001</misses>
				<total>25</total>
				<timestamp>4224.063301</timestamp>
			</report>
			<report>
				<misses>12814001</misses>
				<total>25</total>
				<timestamp>4224.392958</timestamp>
			</report>
			<report>
				<misses>12815001</misses>
				<total>25</total>
				<timestamp>4224.722647</timestamp>
			</report>
			<report>
				<misses>12816001</misses>
				<total>25</total>
				<timestamp>4225.052319</timestamp>
			</report>
			<report>
				<misses>12817001</misses>
				<total>25</total>
				<timestamp>4225.381968</timestamp>
			</report>
			<report>
				<misses>12818001</misses>
				<total>25</total>
				<timestamp>4225.711627</timestamp>
			</report>
			<report>
				<misses>12819001</misses>
				<total>25</total>
				<timestamp>4226.041373</timestamp>
			</report>
			<report>
				<misses>12820001</misses>
				<total>25</total>
				<timestamp>4226.370971</timestamp>
			</report>
			<report>
				<misses>12821001</misses>
				<total>25</total>
				<timestamp>4226.700651</timestamp>
			</report>
			<report>
				<misses>12822001</misses>
				<total>25</total>
				<timestamp>4227.030314</timestamp>
			</report>
			<report>
				<misses>12823001</misses>
				<total>25</total>
				<timestamp>4227.360002</timestamp>
			</report>
			<report>
				<misses>12824001</misses>
				<total>25</total>
				<timestamp>4227.689697</timestamp>
			</report>
			<report>
				<misses>12825001</misses>
				<total>25</total>
				<timestamp>4228.019320</timestamp>
			</report>
			<report>
				<misses>12826001</misses>
				<total>25</total>
				<timestamp>4228.349094</timestamp>
			</report>
			<report>
				<misses>12827001</misses>
				<total>25</total>
				<timestamp>4228.678658</timestamp>
			</report>
			<report>
				<misses>12828001</misses>
				<total>25</total>
				<timestamp>4229.008343</timestamp>
			</report>
			<report>
				<misses>12829001</misses>
				<total>25</total>
				<timestamp>4229.338011</timestamp>
			</report>
			<report>
				<misses>12830001</misses>
				<total>25</total>
				<timestamp>4229.667693</timestamp>
			</report>
			<report>
				<misses>12831001</misses>
				<total>25</total>
				<timestamp>4229.997348</timestamp>
			</report>
			<report>
				<misses>12832001</misses>
				<total>25</total>
				<timestamp>4230.327017</timestamp>
			</report>
			<report>
				<misses>12833001</misses>
				<total>25</total>
				<timestamp>4230.656696</timestamp>
			</report>
			<report>
				<misses>12834001</misses>
				<total>25</total>
				<timestamp>4230.986432</timestamp>
			</report>
			<report>
				<misses>12835001</misses>
				<total>25</total>
				<timestamp>4231.316075</timestamp>
			</report>
			<report>
				<misses>12836001</misses>
				<total>25</total>
				<timestamp>4231.645718</timestamp>
			</report>
			<report>
				<misses>12837001</misses>
				<total>25</total>
				<timestamp>4231.975361</timestamp>
			</report>
			<report>
				<misses>12838001</misses>
				<total>25</total>
				<timestamp>4232.305058</timestamp>
			</report>
			<report>
				<misses>12839001</misses>
				<total>25</total>
				<timestamp>4232.634721</timestamp>
			</report>
			<report>
				<misses>12840001</misses>
				<total>25</total>
				<timestamp>4232.964390</timestamp>
			</report>
			<report>
				<misses>12841001</misses>
				<total>25</total>
				<timestamp>4233.294132</timestamp>
			</report>
			<report>
				<misses>12842001</misses>
				<total>25</total>
				<timestamp>4233.623710</timestamp>
			</report>
			<report>
				<misses>12843001</misses>
				<total>25</total>
				<timestamp>4233.953382</timestamp>
			</report>
			<report>
				<misses>12844001</misses>
				<total>25</total>
				<timestamp>4234.283053</timestamp>
			</report>
			<report>
				<misses>12845001</misses>
				<total>25</total>
				<timestamp>4234.612749</timestamp>
			</report>
			<report>
				<misses>12846001</misses>
				<total>25</total>
				<timestamp>4234.942393</timestamp>
			</report>
			<report>
				<misses>12847001</misses>
				<total>25</total>
				<timestamp>4235.272156</timestamp>
			</report>
			<report>
				<misses>12848001</misses>
				<total>25</total>
				<timestamp>4235.601731</timestamp>
			</report>
			<report>
				<misses>12849001</misses>
				<total>25</total>
				<timestamp>4235.931398</timestamp>
			</report>
			<report>
				<misses>12850001</misses>
				<total>25</total>
				<timestamp>4236.261174</timestamp>
			</report>
			<report>
				<misses>12851001</misses>
				<total>25</total>
				<timestamp>4236.590751</timestamp>
			</report>
			<report>
				<misses>12852001</misses>
				<total>25</total>
				<timestamp>4236.920407</timestamp>
			</report>
			<report>
				<misses>12853001</misses>
				<total>25</total>
				<timestamp>4237.250182</timestamp>
			</report>
			<report>
				<misses>12854001</misses>
				<total>25</total>
				<timestamp>4237.579766</timestamp>
			</report>
			<report>
				<misses>12855001</misses>
				<total>25</total>
				<timestamp>4237.909476</timestamp>
			</report>
			<report>
				<misses>12856001</misses>
				<total>25</total>
				<timestamp>4238.239115</timestamp>
			</report>
			<report>
				<misses>12857001</misses>
				<total>25</total>
				<timestamp>4238.568776</timestamp>
			</report>
			<report>
				<misses>12858001</misses>
				<total>25</total>
				<timestamp>4238.898452</timestamp>
			</report>
			<report>
				<misses>12859001</misses>
				<total>25</total>
				<timestamp>4239.228154</timestamp>
			</report>
			<report>
				<misses>12860001</misses>
				<total>25</total>
				<timestamp>4239.557790</timestamp>
			</report>
			<report>
				<misses>12861001</misses>
				<total>25</total>
				<timestamp>4239.887480</timestamp>
			</report>
			<report>
				<misses>12862001</misses>
				<total>25</total>
				<timestamp>4240.217129</timestamp>
			</report>
			<report>
				<misses>12863001</misses>
				<total>25</total>
				<timestamp>4240.546807</timestamp>
			</report>
			<report>
				<misses>12864001</misses>
				<total>25</total>
				<timestamp>4240.876486</timestamp>
			</report>
			<report>
				<misses>12865001</misses>
				<total>25</total>
				<timestamp>4241.206158</timestamp>
			</report>
			<report>
				<misses>12866001</misses>
				<total>25</total>
				<timestamp>4241.535811</timestamp>
			</report>
			<report>
				<misses>12867001</misses>
				<total>25</total>
				<timestamp>4241.865494</timestamp>
			</report>
			<report>
				<misses>12868001</misses>
				<total>25</total>
				<timestamp>4242.195198</timestamp>
			</report>
			<report>
				<misses>12869001</misses>
				<total>25</total>
				<timestamp>4242.524820</timestamp>
			</report>
			<report>
				<misses>12870001</misses>
				<total>25</total>
				<timestamp>4242.854516</timestamp>
			</report>
			<report>
				<misses>12871001</misses>
				<total>25</total>
				<timestamp>4243.184171</timestamp>
			</report>
			<report>
				<misses>12872001</misses>
				<total>25</total>
				<timestamp>4243.513861</timestamp>
			</report>
			<report>
				<misses>12873001</misses>
				<total>25</total>
				<timestamp>4243.843490</timestamp>
			</report>
			<report>
				<misses>12874001</misses>
				<total>25</total>
				<timestamp>4244.173180</timestamp>
			</report>
			<report>
				<misses>12875001</misses>
				<total>25</total>
				<timestamp>4244.502814</timestamp>
			</report>
			<report>
				<misses>12876001</misses>
				<total>25</total>
				<timestamp>4244.832493</timestamp>
			</report>
			<report>
				<misses>12877001</misses>
				<total>25</total>
				<timestamp>4245.162182</timestamp>
			</report>
			<report>
				<misses>12878001</misses>
				<total>25</total>
				<timestamp>4245.491839</timestamp>
			</report>
			<report>
				<misses>12879001</misses>
				<total>25</total>
				<timestamp>4245.821517</timestamp>
			</report>
			<report>
				<misses>12880001</misses>
				<total>25</total>
				<timestamp>4246.151175</timestamp>
			</report>
			<report>
				<misses>12881001</misses>
				<total>25</total>
				<timestamp>4246.480849</timestamp>
			</report>
			<report>
				<misses>12882001</misses>
				<total>25</total>
				<timestamp>4246.810594</timestamp>
			</report>
			<report>
				<misses>12883001</misses>
				<total>25</total>
				<timestamp>4247.140202</timestamp>
			</report>
			<report>
				<misses>12884001</misses>
				<total>25</total>
				<timestamp>4247.469855</timestamp>
			</report>
			<report>
				<misses>12885001</misses>
				<total>25</total>
				<timestamp>4247.799586</timestamp>
			</report>
			<report>
				<misses>12886001</misses>
				<total>25</total>
				<timestamp>4248.129239</timestamp>
			</report>
			<report>
				<misses>12887001</misses>
				<total>25</total>
				<timestamp>4248.458865</timestamp>
			</report>
			<report>
				<misses>12888001</misses>
				<total>25</total>
				<timestamp>4248.788533</timestamp>
			</report>
			<report>
				<misses>12889001</misses>
				<total>25</total>
				<timestamp>4249.118227</timestamp>
			</report>
			<report>
				<misses>12890001</misses>
				<total>25</total>
				<timestamp>4249.447876</timestamp>
			</report>
			<report>
				<misses>12891001</misses>
				<total>25</total>
				<timestamp>4249.777552</timestamp>
			</report>
			<report>
				<misses>12892001</misses>
				<total>25</total>
				<timestamp>4250.107250</timestamp>
			</report>
			<report>
				<misses>12893001</misses>
				<total>25</total>
				<timestamp>4250.436900</timestamp>
			</report>
			<report>
				<misses>12894001</misses>
				<total>25</total>
				<timestamp>4250.766602</timestamp>
			</report>
			<report>
				<misses>12895001</misses>
				<total>25</total>
				<timestamp>4251.096246</timestamp>
			</report>
			<report>
				<misses>12896001</misses>
				<total>25</total>
				<timestamp>4251.425890</timestamp>
			</report>
			<report>
				<misses>12897001</misses>
				<total>27</total>
				<timestamp>4251.755693</timestamp>
			</report>
			<report>
				<misses>12898001</misses>
				<total>27</total>
				<timestamp>4252.085254</timestamp>
			</report>
			<report>
				<misses>12899001</misses>
				<total>27</total>
				<timestamp>4252.414937</timestamp>
			</report>
			<report>
				<misses>12900001</misses>
				<total>27</total>
				<timestamp>4252.744575</timestamp>
			</report>
			<report>
				<misses>12901001</misses>
				<total>27</total>
				<timestamp>4253.074249</timestamp>
			</report>
			<report>
				<misses>12902001</misses>
				<total>28</total>
				<timestamp>4253.403986</timestamp>
			</report>
			<report>
				<misses>12903001</misses>
				<total>28</total>
				<timestamp>4253.733592</timestamp>
			</report>
			<report>
				<misses>12904001</misses>
				<total>28</total>
				<timestamp>4254.063279</timestamp>
			</report>
			<report>
				<misses>12905001</misses>
				<total>28</total>
				<timestamp>4254.392919</timestamp>
			</report>
			<report>
				<misses>12906001</misses>
				<total>28</total>
				<timestamp>4254.722602</timestamp>
			</report>
			<report>
				<misses>12907001</misses>
				<total>28</total>
				<timestamp>4255.052297</timestamp>
			</report>
			<report>
				<misses>12908001</misses>
				<total>28</total>
				<timestamp>4255.381959</timestamp>
			</report>
			<report>
				<misses>12909001</misses>
				<total>28</total>
				<timestamp>4255.711599</timestamp>
			</report>
			<report>
				<misses>12910001</misses>
				<total>28</total>
				<timestamp>4256.041308</timestamp>
			</report>
			<report>
				<misses>12911001</misses>
				<total>28</total>
				<timestamp>4256.370980</timestamp>
			</report>
			<report>
				<misses>12912001</misses>
				<total>28</total>
				<timestamp>4256.700621</timestamp>
			</report>
			<report>
				<misses>12913001</misses>
				<total>28</total>
				<timestamp>4257.030285</timestamp>
			</report>
			<report>
				<misses>12914001</misses>
				<total>28</total>
				<timestamp>4257.360008</timestamp>
			</report>
			<report>
				<misses>12915001</misses>
				<total>28</total>
				<timestamp>4257.689623</timestamp>
			</report>
			<report>
				<misses>12916001</misses>
				<total>28</total>
				<timestamp>4258.019315</timestamp>
			</report>
			<report>
				<misses>12917001</misses>
				<total>28</total>
				<timestamp>4258.349019</timestamp>
			</report>
			<report>
				<misses>12918001</misses>
				<total>28</total>
				<timestamp>4258.678644</timestamp>
			</report>
			<report>
				<misses>12919001</misses>
				<total>28</total>
				<timestamp>4259.008323</timestamp>
			</report>
			<report>
				<misses>12920001</misses>
				<total>28</total>
				<timestamp>4259.337973</timestamp>
			</report>
			<report>
				<misses>12921001</misses>
				<total>28</total>
				<timestamp>4259.667648</timestamp>
			</report>
			<report>
				<misses>12922001</misses>
				<total>28</total>
				<timestamp>4259.997329</timestamp>
			</report>
			<report>
				<misses>12923001</misses>
				<total>28</total>
				<timestamp>4260.327036</timestamp>
			</report>
			<report>
				<misses>12924001</misses>
				<total>28</total>
				<timestamp>4260.656660</timestamp>
			</report>
			<report>
				<misses>12925001</misses>
				<total>28</total>
				<timestamp>4260.986415</timestamp>
			</report>
			<report>
				<misses>12926001</misses>
				<total>28</total>
				<timestamp>4261.316049</timestamp>
			</report>
			<report>
				<misses>12927001</misses>
				<total>28</total>
				<timestamp>4261.645684</timestamp>
			</report>
			<report>
				<misses>12928001</misses>
				<total>28</total>
				<timestamp>4261.975409</timestamp>
			</report>
			<report>
				<misses>12929001</misses>
				<total>28</total>
				<timestamp>4262.305043</timestamp>
			</report>
			<report>
				<misses>12930001</misses>
				<total>28</total>
				<timestamp>4262.634685</timestamp>
			</report>
			<report>
				<misses>12931001</misses>
				<total>28</total>
				<timestamp>4262.964369</timestamp>
			</report>
			<report>
				<misses>12932001</misses>
				<total>28</total>
				<timestamp>4263.294029</timestamp>
			</report>
			<report>
				<misses>12933001</misses>
				<total>28</total>
				<timestamp>4263.623684</timestamp>
			</report>
			<report>
				<misses>12934001</misses>
				<total>28</total>
				<timestamp>4263.953368</timestamp>
			</report>
			<report>
				<misses>12935001</misses>
				<total>28</total>
				<timestamp>4264.283049</timestamp>
			</report>
			<report>
				<misses>12936001</misses>
				<total>28</total>
				<timestamp>4264.612704</timestamp>
			</report>
			<report>
				<misses>12937001</misses>
				<total>28</total>
				<timestamp>4264.942445</timestamp>
			</report>
			<report>
				<misses>12938001</misses>
				<total>28</total>
				<timestamp>4265.272091</timestamp>
			</report>
			<report>
				<misses>12939001</misses>
				<total>28</total>
				<timestamp>4265.601707</timestamp>
			</report>
			<report>
				<misses>12940001</misses>
				<total>28</total>
				<timestamp>4265.931404</timestamp>
			</report>
			<report>
				<misses>12941001</misses>
				<total>28</total>
				<timestamp>4266.261054</timestamp>
			</report>
			<report>
				<misses>12942001</misses>
				<total>28</total>
				<timestamp>4266.590778</timestamp>
			</report>
			<report>
				<misses>12943001</misses>
				<total>28</total>
				<timestamp>4266.920392</timestamp>
			</report>
			<report>
				<misses>12944001</misses>
				<total>28</total>
				<timestamp>4267.250117</timestamp>
			</report>
			<report>
				<misses>12945001</misses>
				<total>28</total>
				<timestamp>4267.579734</timestamp>
			</report>
			<report>
				<misses>12946001</misses>
				<total>28</total>
				<timestamp>4267.909500</timestamp>
			</report>
			<report>
				<misses>12947001</misses>
				<total>28</total>
				<timestamp>4268.239105</timestamp>
			</report>
			<report>
				<misses>12948001</misses>
				<total>28</total>
				<timestamp>4268.568748</timestamp>
			</report>
			<report>
				<misses>12949001</misses>
				<total>28</total>
				<timestamp>4268.898414</timestamp>
			</report>
			<report>
				<misses>12950001</misses>
				<total>28</total>
				<timestamp>4269.228089</timestamp>
			</report>
			<report>
				<misses>12951001</misses>
				<total>28</total>
				<timestamp>4269.557760</timestamp>
			</report>
			<report>
				<misses>12952001</misses>
				<total>28</total>
				<timestamp>4269.887443</timestamp>
			</report>
			<report>
				<misses>12953001</misses>
				<total>28</total>
				<timestamp>4270.217099</timestamp>
			</report>
			<report>
				<misses>12954001</misses>
				<total>28</total>
				<timestamp>4270.546757</timestamp>
			</report>
			<report>
				<misses>12955001</misses>
				<total>28</total>
				<timestamp>4270.876457</timestamp>
			</report>
			<report>
				<misses>12956001</misses>
				<total>28</total>
				<timestamp>4271.206110</timestamp>
			</report>
			<report>
				<misses>12957001</misses>
				<total>28</total>
				<timestamp>4271.535822</timestamp>
			</report>
			<report>
				<misses>12958001</misses>
				<total>28</total>
				<timestamp>4271.865457</timestamp>
			</report>
			<report>
				<misses>12959001</misses>
				<total>28</total>
				<timestamp>4272.195101</timestamp>
			</report>
			<report>
				<misses>12960001</misses>
				<total>28</total>
				<timestamp>4272.524765</timestamp>
			</report>
			<report>
				<misses>12961001</misses>
				<total>28</total>
				<timestamp>4272.854457</timestamp>
			</report>
			<report>
				<misses>12962001</misses>
				<total>28</total>
				<timestamp>4273.184116</timestamp>
			</report>
			<report>
				<misses>12963001</misses>
				<total>28</total>
				<timestamp>4273.513789</timestamp>
			</report>
			<report>
				<misses>12964001</misses>
				<total>28</total>
				<timestamp>4273.843453</timestamp>
			</report>
			<report>
				<misses>12965001</misses>
				<total>28</total>
				<timestamp>4274.173118</timestamp>
			</report>
			<report>
				<misses>12966001</misses>
				<total>28</total>
				<timestamp>4274.502792</timestamp>
			</report>
			<report>
				<misses>12967001</misses>
				<total>28</total>
				<timestamp>4274.832479</timestamp>
			</report>
			<report>
				<misses>12968001</misses>
				<total>28</total>
				<timestamp>4275.162132</timestamp>
			</report>
			<report>
				<misses>12969001</misses>
				<total>30</total>
				<timestamp>4275.491800</timestamp>
			</report>
			<report>
				<misses>12970001</misses>
				<total>30</total>
				<timestamp>4275.821478</timestamp>
			</report>
			<report>
				<misses>12971001</misses>
				<total>30</total>
				<timestamp>4276.151206</timestamp>
			</report>
			<report>
				<misses>12972001</misses>
				<total>30</total>
				<timestamp>4276.480891</timestamp>
			</report>
			<report>
				<misses>12973001</misses>
				<total>30</total>
				<timestamp>4276.810481</timestamp>
			</report>
			<report>
				<misses>12974001</misses>
				<total>30</total>
				<timestamp>4277.140170</timestamp>
			</report>
			<report>
				<misses>12975001</misses>
				<total>30</total>
				<timestamp>4277.469895</timestamp>
			</report>
			<report>
				<misses>12976001</misses>
				<total>30</total>
				<timestamp>4277.799516</timestamp>
			</report>
			<report>
				<misses>12977001</misses>
				<total>30</total>
				<timestamp>4278.129163</timestamp>
			</report>
			<report>
				<misses>12978001</misses>
				<total>30</total>
				<timestamp>4278.458924</timestamp>
			</report>
			<report>
				<misses>12979001</misses>
				<total>30</total>
				<timestamp>4278.788498</timestamp>
			</report>
			<report>
				<misses>12980001</misses>
				<total>30</total>
				<timestamp>4279.118172</timestamp>
			</report>
			<report>
				<misses>12981001</misses>
				<total>30</total>
				<timestamp>4279.447869</timestamp>
			</report>
			<report>
				<misses>12982001</misses>
				<total>30</total>
				<timestamp>4279.777541</timestamp>
			</report>
			<report>
				<misses>12983001</misses>
				<total>30</total>
				<timestamp>4280.107171</timestamp>
			</report>
			<report>
				<misses>12984001</misses>
				<total>30</total>
				<timestamp>4280.436884</timestamp>
			</report>
			<report>
				<misses>12985001</misses>
				<total>30</total>
				<timestamp>4280.766541</timestamp>
			</report>
			<report>
				<misses>12986001</misses>
				<total>30</total>
				<timestamp>4281.096231</timestamp>
			</report>
			<report>
				<misses>12987001</misses>
				<total>30</total>
				<timestamp>4281.425913</timestamp>
			</report>
			<report>
				<misses>12988001</misses>
				<total>30</total>
				<timestamp>4281.755559</timestamp>
			</report>
			<report>
				<misses>12989001</misses>
				<total>30</total>
				<timestamp>4282.085254</timestamp>
			</report>
			<report>
				<misses>12990001</misses>
				<total>30</total>
				<timestamp>4282.414895</timestamp>
			</report>
			<report>
				<misses>12991001</misses>
				<total>30</total>
				<timestamp>4282.744547</timestamp>
			</report>
			<report>
				<misses>12992001</misses>
				<total>30</total>
				<timestamp>4283.074264</timestamp>
			</report>
			<report>
				<misses>12993001</misses>
				<total>30</total>
				<timestamp>4283.403908</timestamp>
			</report>
			<report>
				<misses>12994001</misses>
				<total>30</total>
				<timestamp>4283.733561</timestamp>
			</report>
			<report>
				<misses>12995001</misses>
				<total>30</total>
				<timestamp>4284.063263</timestamp>
			</report>
			<report>
				<misses>12996001</misses>
				<total>30</total>
				<timestamp>4284.392903</timestamp>
			</report>
			<report>
				<misses>12997001</misses>
				<total>30</total>
				<timestamp>4284.722579</timestamp>
			</report>
			<report>
				<misses>12998001</misses>
				<total>30</total>
				<timestamp>4285.052284</timestamp>
			</report>
			<report>
				<misses>12999001</misses>
				<total>30</total>
				<timestamp>4285.381959</timestamp>
			</report>
			<report>
				<misses>13000001</misses>
				<total>30</total>
				<timestamp>4285.711587</timestamp>
			</report>
			<report>
				<misses>13001001</misses>
				<total>30</total>
				<timestamp>4286.041251</timestamp>
			</report>
			<report>
				<misses>13002001</misses>
				<total>30</total>
				<timestamp>4286.370942</timestamp>
			</report>
			<report>
				<misses>13003001</misses>
				<total>30</total>
				<timestamp>4286.700583</timestamp>
			</report>
			<report>
				<misses>13004001</misses>
				<total>30</total>
				<timestamp>4287.030276</timestamp>
			</report>
			<report>
				<misses>13005001</misses>
				<total>30</total>
				<timestamp>4287.359915</timestamp>
			</report>
			<report>
				<misses>13006001</misses>
				<total>30</total>
				<timestamp>4287.689592</timestamp>
			</report>
			<report>
				<misses>13007001</misses>
				<total>30</total>
				<timestamp>4288.019281</timestamp>
			</report>
			<report>
				<misses>13008001</misses>
				<total>30</total>
				<timestamp>4288.349000</timestamp>
			</report>
			<report>
				<misses>13009001</misses>
				<total>30</total>
				<timestamp>4288.678619</timestamp>
			</report>
			<report>
				<misses>13010001</misses>
				<total>30</total>
				<timestamp>4289.008285</timestamp>
			</report>
			<report>
				<misses>13011001</misses>
				<total>30</total>
				<timestamp>4289.337943</timestamp>
			</report>
			<report>
				<misses>13012001</misses>
				<total>30</total>
				<timestamp>4289.667613</timestamp>
			</report>
			<report>
				<misses>13013001</misses>
				<total>30</total>
				<timestamp>4289.997315</timestamp>
			</report>
			<report>
				<misses>13014001</misses>
				<total>30</total>
				<timestamp>4290.326947</timestamp>
			</report>
			<report>
				<misses>13015001</misses>
				<total>30</total>
				<timestamp>4290.656626</timestamp>
			</report>
			<report>
				<misses>13016001</misses>
				<total>30</total>
				<timestamp>4290.986288</timestamp>
			</report>
			<report>
				<misses>13017001</misses>
				<total>30</total>
				<timestamp>4291.316031</timestamp>
			</report>
			<report>
				<misses>13018001</misses>
				<total>30</total>
				<timestamp>4291.645637</timestamp>
			</report>
			<report>
				<misses>13019001</misses>
				<total>30</total>
				<timestamp>4291.975344</timestamp>
			</report>
			<report>
				<misses>13020001</misses>
				<total>30</total>
				<timestamp>4292.304978</timestamp>
			</report>
			<report>
				<misses>13021001</misses>
				<total>30</total>
				<timestamp>4292.634656</timestamp>
			</report>
			<report>
				<misses>13022001</misses>
				<total>30</total>
				<timestamp>4292.964341</timestamp>
			</report>
			<report>
				<misses>13023001</misses>
				<total>30</total>
				<timestamp>4293.293979</timestamp>
			</report>
			<report>
				<misses>13024001</misses>
				<total>30</total>
				<timestamp>4293.623665</timestamp>
			</report>
			<report>
				<misses>13025001</misses>
				<total>30</total>
				<timestamp>4293.953341</timestamp>
			</report>
			<report>
				<misses>13026001</misses>
				<total>30</total>
				<timestamp>4294.283016</timestamp>
			</report>
			<report>
				<misses>13027001</misses>
				<total>30</total>
				<timestamp>4294.612665</timestamp>
			</report>
			<report>
				<misses>13028001</misses>
				<total>30</total>
				<timestamp>4294.942358</timestamp>
			</report>
			<report>
				<misses>13029001</misses>
				<total>30</total>
				<timestamp>4295.272014</timestamp>
			</report>
			<report>
				<misses>13030001</misses>
				<total>30</total>
				<timestamp>4295.601684</timestamp>
			</report>
			<report>
				<misses>13031001</misses>
				<total>30</total>
				<timestamp>4295.931357</timestamp>
			</report>
			<report>
				<misses>13032001</misses>
				<total>30</total>
				<timestamp>4296.261020</timestamp>
			</report>
			<report>
				<misses>13033001</misses>
				<total>30</total>
				<timestamp>4296.590699</timestamp>
			</report>
			<report>
				<misses>13034001</misses>
				<total>30</total>
				<timestamp>4296.920367</timestamp>
			</report>
			<report>
				<misses>13035001</misses>
				<total>30</total>
				<timestamp>4297.250019</timestamp>
			</report>
			<report>
				<misses>13036001</misses>
				<total>30</total>
				<timestamp>4297.579701</timestamp>
			</report>
			<report>
				<misses>13037001</misses>
				<total>30</total>
				<timestamp>4297.909368</timestamp>
			</report>
			<report>
				<misses>13038001</misses>
				<total>30</total>
				<timestamp>4298.239040</timestamp>
			</report>
			<report>
				<misses>13039001</misses>
				<total>30</total>
				<timestamp>4298.568709</timestamp>
			</report>
			<report>
				<misses>13040001</misses>
				<total>30</total>
				<timestamp>4298.898375</timestamp>
			</report>
			<report>
				<misses>13041001</misses>
				<total>30</total>
				<timestamp>4299.228031</timestamp>
			</report>
			<report>
				<misses>13042001</misses>
				<total>30</total>
				<timestamp>4299.557724</timestamp>
			</report>
			<report>
				<misses>13043001</misses>
				<total>30</total>
				<timestamp>4299.887396</timestamp>
			</report>
			<report>
				<misses>13044001</misses>
				<total>30</total>
				<timestamp>4300.217100</timestamp>
			</report>
			<report>
				<misses>13045001</misses>
				<total>30</total>
				<timestamp>4300.546717</timestamp>
			</report>
			<report>
				<misses>13046001</misses>
				<total>30</total>
				<timestamp>4300.876399</timestamp>
			</report>
			<report>
				<misses>13047001</misses>
				<total>30</total>
				<timestamp>4301.206093</timestamp>
			</report>
			<report>
				<misses>13048001</misses>
				<total>30</total>
				<timestamp>4301.535780</timestamp>
			</report>
			<report>
				<misses>13049001</misses>
				<total>30</total>
				<timestamp>4301.865408</timestamp>
			</report>
			<report>
				<misses>13050001</misses>
				<total>30</total>
				<timestamp>4302.195120</timestamp>
			</report>
			<report>
				<misses>13051001</misses>
				<total>30</total>
				<timestamp>4302.524813</timestamp>
			</report>
			<report>
				<misses>13052001</misses>
				<total>30</total>
				<timestamp>4302.854411</timestamp>
			</report>
			<report>
				<misses>13053001</misses>
				<total>30</total>
				<timestamp>4303.184131</timestamp>
			</report>
			<report>
				<misses>13054001</misses>
				<total>30</total>
				<timestamp>4303.513771</timestamp>
			</report>
			<report>
				<misses>13055001</misses>
				<total>30</total>
				<timestamp>4303.843432</timestamp>
			</report>
			<report>
				<misses>13056001</misses>
				<total>30</total>
				<timestamp>4304.173116</timestamp>
			</report>
			<report>
				<misses>13057001</misses>
				<total>30</total>
				<timestamp>4304.502801</timestamp>
			</report>
			<report>
				<misses>13058001</misses>
				<total>30</total>
				<timestamp>4304.832429</timestamp>
			</report>
			<report>
				<misses>13059001</misses>
				<total>30</total>
				<timestamp>4305.162158</timestamp>
			</report>
			<report>
				<misses>13060001</misses>
				<total>30</total>
				<timestamp>4305.491798</timestamp>
			</report>
			<report>
				<misses>13061001</misses>
				<total>30</total>
				<timestamp>4305.821452</timestamp>
			</report>
			<report>
				<misses>13062001</misses>
				<total>30</total>
				<timestamp>4306.151129</timestamp>
			</report>
			<report>
				<misses>13063001</misses>
				<total>30</total>
				<timestamp>4306.480780</timestamp>
			</report>
			<report>
				<misses>13064001</misses>
				<total>30</total>
				<timestamp>4306.810460</timestamp>
			</report>
			<report>
				<misses>13065001</misses>
				<total>30</total>
				<timestamp>4307.140156</timestamp>
			</report>
			<report>
				<misses>13066001</misses>
				<total>30</total>
				<timestamp>4307.469855</timestamp>
			</report>
			<report>
				<misses>13067001</misses>
				<total>30</total>
				<timestamp>4307.799465</timestamp>
			</report>
			<report>
				<misses>13068001</misses>
				<total>30</total>
				<timestamp>4308.129157</timestamp>
			</report>
			<report>
				<misses>13069001</misses>
				<total>30</total>
				<timestamp>4308.458860</timestamp>
			</report>
			<report>
				<misses>13070001</misses>
				<total>30</total>
				<timestamp>4308.788485</timestamp>
			</report>
			<report>
				<misses>13071001</misses>
				<total>30</total>
				<timestamp>4309.118153</timestamp>
			</report>
			<report>
				<misses>13072001</misses>
				<total>30</total>
				<timestamp>4309.447877</timestamp>
			</report>
			<report>
				<misses>13073001</misses>
				<total>30</total>
				<timestamp>4309.777478</timestamp>
			</report>
			<report>
				<misses>13074001</misses>
				<total>30</total>
				<timestamp>4310.107157</timestamp>
			</report>
			<report>
				<misses>13075001</misses>
				<total>30</total>
				<timestamp>4310.436838</timestamp>
			</report>
			<report>
				<misses>13076001</misses>
				<total>30</total>
				<timestamp>4310.766516</timestamp>
			</report>
			<report>
				<misses>13077001</misses>
				<total>30</total>
				<timestamp>4311.096216</timestamp>
			</report>
			<report>
				<misses>13078001</misses>
				<total>30</total>
				<timestamp>4311.425873</timestamp>
			</report>
			<report>
				<misses>13079001</misses>
				<total>30</total>
				<timestamp>4311.755508</timestamp>
			</report>
			<report>
				<misses>13080001</misses>
				<total>30</total>
				<timestamp>4312.085183</timestamp>
			</report>
			<report>
				<misses>13081001</misses>
				<total>30</total>
				<timestamp>4312.414889</timestamp>
			</report>
			<report>
				<misses>13082001</misses>
				<total>30</total>
				<timestamp>4312.744536</timestamp>
			</report>
			<report>
				<misses>13083001</misses>
				<total>30</total>
				<timestamp>4313.074203</timestamp>
			</report>
			<report>
				<misses>13084001</misses>
				<total>30</total>
				<timestamp>4313.403898</timestamp>
			</report>
			<report>
				<misses>13085001</misses>
				<total>30</total>
				<timestamp>4313.733541</timestamp>
			</report>
			<report>
				<misses>13086001</misses>
				<total>30</total>
				<timestamp>4314.063220</timestamp>
			</report>
			<report>
				<misses>13087001</misses>
				<total>30</total>
				<timestamp>4314.392889</timestamp>
			</report>
			<report>
				<misses>13088001</misses>
				<total>30</total>
				<timestamp>4314.722536</timestamp>
			</report>
			<report>
				<misses>13089001</misses>
				<total>30</total>
				<timestamp>4315.052198</timestamp>
			</report>
			<report>
				<misses>13090001</misses>
				<total>30</total>
				<timestamp>4315.381924</timestamp>
			</report>
			<report>
				<misses>13091001</misses>
				<total>30</total>
				<timestamp>4315.711568</timestamp>
			</report>
			<report>
				<misses>13092001</misses>
				<total>30</total>
				<timestamp>4316.041222</timestamp>
			</report>
			<report>
				<misses>13093001</misses>
				<total>30</total>
				<timestamp>4316.370984</timestamp>
			</report>
			<report>
				<misses>13094001</misses>
				<total>30</total>
				<timestamp>4316.700577</timestamp>
			</report>
			<report>
				<misses>13095001</misses>
				<total>30</total>
				<timestamp>4317.030241</timestamp>
			</report>
			<report>
				<misses>13096001</misses>
				<total>30</total>
				<timestamp>4317.359890</timestamp>
			</report>
			<report>
				<misses>13097001</misses>
				<total>30</total>
				<timestamp>4317.689584</timestamp>
			</report>
			<report>
				<misses>13098001</misses>
				<total>30</total>
				<timestamp>4318.019259</timestamp>
			</report>
			<report>
				<misses>13099001</misses>
				<total>30</total>
				<timestamp>4318.348903</timestamp>
			</report>
			<report>
				<misses>13100001</misses>
				<total>30</total>
				<timestamp>4318.678583</timestamp>
			</report>
			<report>
				<misses>13101001</misses>
				<total>30</total>
				<timestamp>4319.008255</timestamp>
			</report>
			<report>
				<misses>13102001</misses>
				<total>30</total>
				<timestamp>4319.337921</timestamp>
			</report>
			<report>
				<misses>13103001</misses>
				<total>30</total>
				<timestamp>4319.667614</timestamp>
			</report>
			<report>
				<misses>13104001</misses>
				<total>30</total>
				<timestamp>4319.997268</timestamp>
			</report>
			<report>
				<misses>13105001</misses>
				<total>30</total>
				<timestamp>4320.326926</timestamp>
			</report>
			<report>
				<misses>13106001</misses>
				<total>30</total>
				<timestamp>4320.656603</timestamp>
			</report>
			<report>
				<misses>13107001</misses>
				<total>30</total>
				<timestamp>4320.986280</timestamp>
			</report>
			<report>
				<misses>13108001</misses>
				<total>30</total>
				<timestamp>4321.315948</timestamp>
			</report>
			<report>
				<misses>13109001</misses>
				<total>30</total>
				<timestamp>4321.645611</timestamp>
			</report>
			<report>
				<misses>13110001</misses>
				<total>30</total>
				<timestamp>4321.975279</timestamp>
			</report>
			<report>
				<misses>13111001</misses>
				<total>30</total>
				<timestamp>4322.304964</timestamp>
			</report>
			<report>
				<misses>13112001</misses>
				<total>30</total>
				<timestamp>4322.634621</timestamp>
			</report>
			<report>
				<misses>13113001</misses>
				<total>30</total>
				<timestamp>4322.964288</timestamp>
			</report>
			<report>
				<misses>13114001</misses>
				<total>30</total>
				<timestamp>4323.294006</timestamp>
			</report>
			<report>
				<misses>13115001</misses>
				<total>30</total>
				<timestamp>4323.623672</timestamp>
			</report>
			<report>
				<misses>13116001</misses>
				<total>30</total>
				<timestamp>4323.953286</timestamp>
			</report>
			<report>
				<misses>13117001</misses>
				<total>30</total>
				<timestamp>4324.283033</timestamp>
			</report>
			<report>
				<misses>13118001</misses>
				<total>30</total>
				<timestamp>4324.612716</timestamp>
			</report>
			<report>
				<misses>13119001</misses>
				<total>30</total>
				<timestamp>4324.942321</timestamp>
			</report>
			<report>
				<misses>13120001</misses>
				<total>30</total>
				<timestamp>4325.272006</timestamp>
			</report>
			<report>
				<misses>13121001</misses>
				<total>30</total>
				<timestamp>4325.601712</timestamp>
			</report>
			<report>
				<misses>13122001</misses>
				<total>30</total>
				<timestamp>4325.931331</timestamp>
			</report>
			<report>
				<misses>13123001</misses>
				<total>30</total>
				<timestamp>4326.261019</timestamp>
			</report>
			<report>
				<misses>13124001</misses>
				<total>30</total>
				<timestamp>4326.590711</timestamp>
			</report>
			<report>
				<misses>13125001</misses>
				<total>30</total>
				<timestamp>4326.920324</timestamp>
			</report>
			<report>
				<misses>13126001</misses>
				<total>30</total>
				<timestamp>4327.250014</timestamp>
			</report>
			<report>
				<misses>13127001</misses>
				<total>30</total>
				<timestamp>4327.579721</timestamp>
			</report>
			<report>
				<misses>13128001</misses>
				<total>30</total>
				<timestamp>4327.909331</timestamp>
			</report>
			<report>
				<misses>13129001</misses>
				<total>30</total>
				<timestamp>4328.239030</timestamp>
			</report>
			<report>
				<misses>13130001</misses>
				<total>30</total>
				<timestamp>4328.568692</timestamp>
			</report>
			<report>
				<misses>13131001</misses>
				<total>30</total>
				<timestamp>4328.898366</timestamp>
			</report>
			<report>
				<misses>13132001</misses>
				<total>30</total>
				<timestamp>4329.228096</timestamp>
			</report>
			<report>
				<misses>13133001</misses>
				<total>30</total>
				<timestamp>4329.557735</timestamp>
			</report>
			<report>
				<misses>13134001</misses>
				<total>30</total>
				<timestamp>4329.887373</timestamp>
			</report>
			<report>
				<misses>13135001</misses>
				<total>30</total>
				<timestamp>4330.217043</timestamp>
			</report>
			<report>
				<misses>13136001</misses>
				<total>30</total>
				<timestamp>4330.546766</timestamp>
			</report>
			<report>
				<misses>13137001</misses>
				<total>30</total>
				<timestamp>4330.876384</timestamp>
			</report>
			<report>
				<misses>13138001</misses>
				<total>30</total>
				<timestamp>4331.206076</timestamp>
			</report>
			<report>
				<misses>13139001</misses>
				<total>30</total>
				<timestamp>4331.535806</timestamp>
			</report>
			<report>
				<misses>13140001</misses>
				<total>30</total>
				<timestamp>4331.865368</timestamp>
			</report>
			<report>
				<misses>13141001</misses>
				<total>30</total>
				<timestamp>4332.195063</timestamp>
			</report>
			<report>
				<misses>13142001</misses>
				<total>30</total>
				<timestamp>4332.524778</timestamp>
			</report>
			<report>
				<misses>13143001</misses>
				<total>30</total>
				<timestamp>4332.854392</timestamp>
			</report>
			<report>
				<misses>13144001</misses>
				<total>30</total>
				<timestamp>4333.184075</timestamp>
			</report>
			<report>
				<misses>13145001</misses>
				<total>30</total>
				<timestamp>4333.513777</timestamp>
			</report>
			<report>
				<misses>13146001</misses>
				<total>30</total>
				<timestamp>4333.843407</timestamp>
			</report>
			<report>
				<misses>13147001</misses>
				<total>30</total>
				<timestamp>4334.173078</timestamp>
			</report>
			<report>
				<misses>13148001</misses>
				<total>30</total>
				<timestamp>4334.502787</timestamp>
			</report>
			<report>
				<misses>13149001</misses>
				<total>30</total>
				<timestamp>4334.832404</timestamp>
			</report>
			<report>
				<misses>13150001</misses>
				<total>30</total>
				<timestamp>4335.162069</timestamp>
			</report>
			<report>
				<misses>13151001</misses>
				<total>30</total>
				<timestamp>4335.491755</timestamp>
			</report>
			<report>
				<misses>13152001</misses>
				<total>30</total>
				<timestamp>4335.821422</timestamp>
			</report>
			<report>
				<misses>13153001</misses>
				<total>30</total>
				<timestamp>4336.151098</timestamp>
			</report>
			<report>
				<misses>13154001</misses>
				<total>30</total>
				<timestamp>4336.480798</timestamp>
			</report>
			<report>
				<misses>13155001</misses>
				<total>30</total>
				<timestamp>4336.810437</timestamp>
			</report>
			<report>
				<misses>13156001</misses>
				<total>30</total>
				<timestamp>4337.140125</timestamp>
			</report>
			<report>
				<misses>13157001</misses>
				<total>30</total>
				<timestamp>4337.469781</timestamp>
			</report>
			<report>
				<misses>13158001</misses>
				<total>30</total>
				<timestamp>4337.799449</timestamp>
			</report>
			<report>
				<misses>13159001</misses>
				<total>30</total>
				<timestamp>4338.129098</timestamp>
			</report>
			<report>
				<misses>13160001</misses>
				<total>30</total>
				<timestamp>4338.458780</timestamp>
			</report>
			<report>
				<misses>13161001</misses>
				<total>30</total>
				<timestamp>4338.788473</timestamp>
			</report>
			<report>
				<misses>13162001</misses>
				<total>30</total>
				<timestamp>4339.118141</timestamp>
			</report>
			<report>
				<misses>13163001</misses>
				<total>30</total>
				<timestamp>4339.447803</timestamp>
			</report>
			<report>
				<misses>13164001</misses>
				<total>30</total>
				<timestamp>4339.777477</timestamp>
			</report>
			<report>
				<misses>13165001</misses>
				<total>30</total>
				<timestamp>4340.107123</timestamp>
			</report>
			<report>
				<misses>13166001</misses>
				<total>30</total>
				<timestamp>4340.436812</timestamp>
			</report>
			<report>
				<misses>13167001</misses>
				<total>30</total>
				<timestamp>4340.766467</timestamp>
			</report>
			<report>
				<misses>13168001</misses>
				<total>30</total>
				<timestamp>4341.096159</timestamp>
			</report>
			<report>
				<misses>13169001</misses>
				<total>30</total>
				<timestamp>4341.425843</timestamp>
			</report>
			<report>
				<misses>13170001</misses>
				<total>30</total>
				<timestamp>4341.755521</timestamp>
			</report>
			<report>
				<misses>13171001</misses>
				<total>30</total>
				<timestamp>4342.085166</timestamp>
			</report>
			<report>
				<misses>13172001</misses>
				<total>30</total>
				<timestamp>4342.414862</timestamp>
			</report>
			<report>
				<misses>13173001</misses>
				<total>30</total>
				<timestamp>4342.744482</timestamp>
			</report>
			<report>
				<misses>13174001</misses>
				<total>30</total>
				<timestamp>4343.074171</timestamp>
			</report>
			<report>
				<misses>13175001</misses>
				<total>30</total>
				<timestamp>4343.403913</timestamp>
			</report>
			<report>
				<misses>13176001</misses>
				<total>30</total>
				<timestamp>4343.733513</timestamp>
			</report>
			<report>
				<misses>13177001</misses>
				<total>30</total>
				<timestamp>4344.063166</timestamp>
			</report>
			<report>
				<misses>13178001</misses>
				<total>30</total>
				<timestamp>4344.392846</timestamp>
			</report>
			<report>
				<misses>13179001</misses>
				<total>30</total>
				<timestamp>4344.722503</timestamp>
			</report>
			<report>
				<misses>13180001</misses>
				<total>30</total>
				<timestamp>4345.052179</timestamp>
			</report>
			<report>
				<misses>13181001</misses>
				<total>30</total>
				<timestamp>4345.381868</timestamp>
			</report>
			<report>
				<misses>13182001</misses>
				<total>30</total>
				<timestamp>4345.711679</timestamp>
			</report>
			<report>
				<misses>13183001</misses>
				<total>30</total>
				<timestamp>4346.041180</timestamp>
			</report>
			<report>
				<misses>13184001</misses>
				<total>30</total>
				<timestamp>4346.370865</timestamp>
			</report>
			<report>
				<misses>13185001</misses>
				<total>30</total>
				<timestamp>4346.700524</timestamp>
			</report>
			<report>
				<misses>13186001</misses>
				<total>30</total>
				<timestamp>4347.030195</timestamp>
			</report>
			<report>
				<misses>13187001</misses>
				<total>30</total>
				<timestamp>4347.359879</timestamp>
			</report>
			<report>
				<misses>13188001</misses>
				<total>30</total>
				<timestamp>4347.689557</timestamp>
			</report>
			<report>
				<misses>13189001</misses>
				<total>30</total>
				<timestamp>4348.019242</timestamp>
			</report>
			<report>
				<misses>13190001</misses>
				<total>30</total>
				<timestamp>4348.348891</timestamp>
			</report>
			<report>
				<misses>13191001</misses>
				<total>30</total>
				<timestamp>4348.678550</timestamp>
			</report>
			<report>
				<misses>13192001</misses>
				<total>30</total>
				<timestamp>4349.008309</timestamp>
			</report>
			<report>
				<misses>13193001</misses>
				<total>30</total>
				<timestamp>4349.337878</timestamp>
			</report>
			<report>
				<misses>13194001</misses>
				<total>30</total>
				<timestamp>4349.667550</timestamp>
			</report>
			<report>
				<misses>13195001</misses>
				<total>30</total>
				<timestamp>4349.997244</timestamp>
			</report>
			<report>
				<misses>13196001</misses>
				<total>30</total>
				<timestamp>4350.326974</timestamp>
			</report>
			<report>
				<misses>13197001</misses>
				<total>30</total>
				<timestamp>4350.656608</timestamp>
			</report>
			<report>
				<misses>13198001</misses>
				<total>30</total>
				<timestamp>4350.986251</timestamp>
			</report>
			<report>
				<misses>13199001</misses>
				<total>30</total>
				<timestamp>4351.315928</timestamp>
			</report>
			<report>
				<misses>13200001</misses>
				<total>30</total>
				<timestamp>4351.645618</timestamp>
			</report>
			<report>
				<misses>13201001</misses>
				<total>30</total>
				<timestamp>4351.975245</timestamp>
			</report>
			<report>
				<misses>13202001</misses>
				<total>30</total>
				<timestamp>4352.304988</timestamp>
			</report>
			<report>
				<misses>13203001</misses>
				<total>30</total>
				<timestamp>4352.634589</timestamp>
			</report>
			<report>
				<misses>13204001</misses>
				<total>30</total>
				<timestamp>4352.964251</timestamp>
			</report>
			<report>
				<misses>13205001</misses>
				<total>30</total>
				<timestamp>4353.293976</timestamp>
			</report>
			<report>
				<misses>13206001</misses>
				<total>30</total>
				<timestamp>4353.623660</timestamp>
			</report>
			<report>
				<misses>13207001</misses>
				<total>30</total>
				<timestamp>4353.953259</timestamp>
			</report>
			<report>
				<misses>13208001</misses>
				<total>30</total>
				<timestamp>4354.282951</timestamp>
			</report>
			<report>
				<misses>13209001</misses>
				<total>30</total>
				<timestamp>4354.612611</timestamp>
			</report>
			<report>
				<misses>13210001</misses>
				<total>30</total>
				<timestamp>4354.942261</timestamp>
			</report>
			<report>
				<misses>13211001</misses>
				<total>30</total>
				<timestamp>4355.271944</timestamp>
			</report>
			<report>
				<misses>13212001</misses>
				<total>30</total>
				<timestamp>4355.601646</timestamp>
			</report>
			<report>
				<misses>13213001</misses>
				<total>30</total>
				<timestamp>4355.931282</timestamp>
			</report>
			<report>
				<misses>13214001</misses>
				<total>30</total>
				<timestamp>4356.260959</timestamp>
			</report>
			<report>
				<misses>13215001</misses>
				<total>30</total>
				<timestamp>4356.590676</timestamp>
			</report>
			<report>
				<misses>13216001</misses>
				<total>30</total>
				<timestamp>4356.920288</timestamp>
			</report>
			<report>
				<misses>13217001</misses>
				<total>30</total>
				<timestamp>4357.249981</timestamp>
			</report>
			<report>
				<misses>13218001</misses>
				<total>30</total>
				<timestamp>4357.579707</timestamp>
			</report>
			<report>
				<misses>13219001</misses>
				<total>30</total>
				<timestamp>4357.909301</timestamp>
			</report>
			<report>
				<misses>13220001</misses>
				<total>30</total>
				<timestamp>4358.238974</timestamp>
			</report>
			<report>
				<misses>13221001</misses>
				<total>30</total>
				<timestamp>4358.568689</timestamp>
			</report>
			<report>
				<misses>13222001</misses>
				<total>30</total>
				<timestamp>4358.898313</timestamp>
			</report>
			<report>
				<misses>13223001</misses>
				<total>30</total>
				<timestamp>4359.227983</timestamp>
			</report>
			<report>
				<misses>13224001</misses>
				<total>30</total>
				<timestamp>4359.557709</timestamp>
			</report>
			<report>
				<misses>13225001</misses>
				<total>30</total>
				<timestamp>4359.887329</timestamp>
			</report>
			<report>
				<misses>13226001</misses>
				<total>30</total>
				<timestamp>4360.217002</timestamp>
			</report>
			<report>
				<misses>13227001</misses>
				<total>30</total>
				<timestamp>4360.546729</timestamp>
			</report>
			<report>
				<misses>13228001</misses>
				<total>30</total>
				<timestamp>4360.876363</timestamp>
			</report>
			<report>
				<misses>13229001</misses>
				<total>30</total>
				<timestamp>4361.206010</timestamp>
			</report>
			<report>
				<misses>13230001</misses>
				<total>31</total>
				<timestamp>4361.535678</timestamp>
			</report>
			<report>
				<misses>13231001</misses>
				<total>31</total>
				<timestamp>4361.865339</timestamp>
			</report>
			<report>
				<misses>13232001</misses>
				<total>31</total>
				<timestamp>4362.195025</timestamp>
			</report>
			<report>
				<misses>13233001</misses>
				<total>31</total>
				<timestamp>4362.524711</timestamp>
			</report>
			<report>
				<misses>13234001</misses>
				<total>31</total>
				<timestamp>4362.854356</timestamp>
			</report>
			<report>
				<misses>13235001</misses>
				<total>31</total>
				<timestamp>4363.184031</timestamp>
			</report>
			<report>
				<misses>13236001</misses>
				<total>31</total>
				<timestamp>4363.513746</timestamp>
			</report>
			<report>
				<misses>13237001</misses>
				<total>31</total>
				<timestamp>4363.843362</timestamp>
			</report>
			<report>
				<misses>13238001</misses>
				<total>31</total>
				<timestamp>4364.173035</timestamp>
			</report>
			<report>
				<misses>13239001</misses>
				<total>31</total>
				<timestamp>4364.502749</timestamp>
			</report>
			<report>
				<misses>13240001</misses>
				<total>31</total>
				<timestamp>4364.832427</timestamp>
			</report>
			<report>
				<misses>13241001</misses>
				<total>31</total>
				<timestamp>4365.162070</timestamp>
			</report>
			<report>
				<misses>13242001</misses>
				<total>31</total>
				<timestamp>4365.491750</timestamp>
			</report>
			<report>
				<misses>13243001</misses>
				<total>31</total>
				<timestamp>4365.821400</timestamp>
			</report>
			<report>
				<misses>13244001</misses>
				<total>31</total>
				<timestamp>4366.151055</timestamp>
			</report>
			<report>
				<misses>13245001</misses>
				<total>31</total>
				<timestamp>4366.480825</timestamp>
			</report>
			<report>
				<misses>13246001</misses>
				<total>31</total>
				<timestamp>4366.810395</timestamp>
			</report>
			<report>
				<misses>13247001</misses>
				<total>31</total>
				<timestamp>4367.140086</timestamp>
			</report>
			<report>
				<misses>13248001</misses>
				<total>31</total>
				<timestamp>4367.469821</timestamp>
			</report>
			<report>
				<misses>13249001</misses>
				<total>31</total>
				<timestamp>4367.799411</timestamp>
			</report>
			<report>
				<misses>13250001</misses>
				<total>31</total>
				<timestamp>4368.129088</timestamp>
			</report>
			<report>
				<misses>13251001</misses>
				<total>31</total>
				<timestamp>4368.458746</timestamp>
			</report>
			<report>
				<misses>13252001</misses>
				<total>31</total>
				<timestamp>4368.788427</timestamp>
			</report>
			<report>
				<misses>13253001</misses>
				<total>31</total>
				<timestamp>4369.118113</timestamp>
			</report>
			<report>
				<misses>13254001</misses>
				<total>31</total>
				<timestamp>4369.447777</timestamp>
			</report>
			<report>
				<misses>13255001</misses>
				<total>31</total>
				<timestamp>4369.777442</timestamp>
			</report>
			<report>
				<misses>13256001</misses>
				<total>31</total>
				<timestamp>4370.107118</timestamp>
			</report>
			<report>
				<misses>13257001</misses>
				<total>31</total>
				<timestamp>4370.436830</timestamp>
			</report>
			<report>
				<misses>13258001</misses>
				<total>31</total>
				<timestamp>4370.766444</timestamp>
			</report>
			<report>
				<misses>13259001</misses>
				<total>31</total>
				<timestamp>4371.096131</timestamp>
			</report>
			<report>
				<misses>13260001</misses>
				<total>31</total>
				<timestamp>4371.425784</timestamp>
			</report>
			<report>
				<misses>13261001</misses>
				<total>31</total>
				<timestamp>4371.755512</timestamp>
			</report>
			<report>
				<misses>13262001</misses>
				<total>31</total>
				<timestamp>4372.085122</timestamp>
			</report>
			<report>
				<misses>13263001</misses>
				<total>31</total>
				<timestamp>4372.414814</timestamp>
			</report>
			<report>
				<misses>13264001</misses>
				<total>31</total>
				<timestamp>4372.744469</timestamp>
			</report>
			<report>
				<misses>13265001</misses>
				<total>31</total>
				<timestamp>4373.074133</timestamp>
			</report>
			<report>
				<misses>13266001</misses>
				<total>31</total>
				<timestamp>4373.403823</timestamp>
			</report>
			<report>
				<misses>13267001</misses>
				<total>31</total>
				<timestamp>4373.733530</timestamp>
			</report>
			<report>
				<misses>13268001</misses>
				<total>31</total>
				<timestamp>4374.063151</timestamp>
			</report>
			<report>
				<misses>13269001</misses>
				<total>31</total>
				<timestamp>4374.392813</timestamp>
			</report>
			<report>
				<misses>13270001</misses>
				<total>31</total>
				<timestamp>4374.722501</timestamp>
			</report>
			<report>
				<misses>13271001</misses>
				<total>31</total>
				<timestamp>4375.052143</timestamp>
			</report>
			<report>
				<misses>13272001</misses>
				<total>31</total>
				<timestamp>4375.381869</timestamp>
			</report>
			<report>
				<misses>13273001</misses>
				<total>31</total>
				<timestamp>4375.711504</timestamp>
			</report>
			<report>
				<misses>13274001</misses>
				<total>31</total>
				<timestamp>4376.041139</timestamp>
			</report>
			<report>
				<misses>13275001</misses>
				<total>31</total>
				<timestamp>4376.370832</timestamp>
			</report>
			<report>
				<misses>13276001</misses>
				<total>31</total>
				<timestamp>4376.700568</timestamp>
			</report>
			<report>
				<misses>13277001</misses>
				<total>31</total>
				<timestamp>4377.030168</timestamp>
			</report>
			<report>
				<misses>13278001</misses>
				<total>31</total>
				<timestamp>4377.359855</timestamp>
			</report>
			<report>
				<misses>13279001</misses>
				<total>31</total>
				<timestamp>4377.689516</timestamp>
			</report>
			<report>
				<misses>13280001</misses>
				<total>31</total>
				<timestamp>4378.019183</timestamp>
			</report>
			<report>
				<misses>13281001</misses>
				<total>31</total>
				<timestamp>4378.348854</timestamp>
			</report>
			<report>
				<misses>13282001</misses>
				<total>31</total>
				<timestamp>4378.678544</timestamp>
			</report>
			<report>
				<misses>13283001</misses>
				<total>31</total>
				<timestamp>4379.008185</timestamp>
			</report>
			<report>
				<misses>13284001</misses>
				<total>31</total>
				<timestamp>4379.337858</timestamp>
			</report>
			<report>
				<misses>13285001</misses>
				<total>31</total>
				<timestamp>4379.667563</timestamp>
			</report>
			<report>
				<misses>13286001</misses>
				<total>31</total>
				<timestamp>4379.997206</timestamp>
			</report>
			<report>
				<misses>13287001</misses>
				<total>31</total>
				<timestamp>4380.326875</timestamp>
			</report>
			<report>
				<misses>13288001</misses>
				<total>31</total>
				<timestamp>4380.656561</timestamp>
			</report>
			<report>
				<misses>13289001</misses>
				<total>31</total>
				<timestamp>4380.986234</timestamp>
			</report>
			<report>
				<misses>13290001</misses>
				<total>31</total>
				<timestamp>4381.315914</timestamp>
			</report>
			<report>
				<misses>13291001</misses>
				<total>31</total>
				<timestamp>4381.645555</timestamp>
			</report>
			<report>
				<misses>13292001</misses>
				<total>31</total>
				<timestamp>4381.975223</timestamp>
			</report>
			<report>
				<misses>13293001</misses>
				<total>31</total>
				<timestamp>4382.304894</timestamp>
			</report>
			<report>
				<misses>13294001</misses>
				<total>31</total>
				<timestamp>4382.634575</timestamp>
			</report>
			<report>
				<misses>13295001</misses>
				<total>31</total>
				<timestamp>4382.964222</timestamp>
			</report>
			<report>
				<misses>13296001</misses>
				<total>31</total>
				<timestamp>4383.293904</timestamp>
			</report>
			<report>
				<misses>13297001</misses>
				<total>31</total>
				<timestamp>4383.623589</timestamp>
			</report>
			<report>
				<misses>13298001</misses>
				<total>31</total>
				<timestamp>4383.953249</timestamp>
			</report>
			<report>
				<misses>13299001</misses>
				<total>31</total>
				<timestamp>4384.282906</timestamp>
			</report>
			<report>
				<misses>13300001</misses>
				<total>31</total>
				<timestamp>4384.612652</timestamp>
			</report>
			<report>
				<misses>13301001</misses>
				<total>31</total>
				<timestamp>4384.942248</timestamp>
			</report>
			<report>
				<misses>13302001</misses>
				<total>31</total>
				<timestamp>4385.271916</timestamp>
			</report>
			<report>
				<misses>13303001</misses>
				<total>31</total>
				<timestamp>4385.601624</timestamp>
			</report>
			<report>
				<misses>13304001</misses>
				<total>31</total>
				<timestamp>4385.931257</timestamp>
			</report>
			<report>
				<misses>13305001</misses>
				<total>31</total>
				<timestamp>4386.260939</timestamp>
			</report>
			<report>
				<misses>13306001</misses>
				<total>31</total>
				<timestamp>4386.590602</timestamp>
			</report>
			<report>
				<misses>13307001</misses>
				<total>31</total>
				<timestamp>4386.920268</timestamp>
			</report>
			<report>
				<misses>13308001</misses>
				<total>31</total>
				<timestamp>4387.249932</timestamp>
			</report>
			<report>
				<misses>13309001</misses>
				<total>31</total>
				<timestamp>4387.579636</timestamp>
			</report>
			<report>
				<misses>13310001</misses>
				<total>31</total>
				<timestamp>4387.909275</timestamp>
			</report>
			<report>
				<misses>13311001</misses>
				<total>31</total>
				<timestamp>4388.238943</timestamp>
			</report>
			<report>
				<misses>13312001</misses>
				<total>31</total>
				<timestamp>4388.568632</timestamp>
			</report>
			<report>
				<misses>13313001</misses>
				<total>31</total>
				<timestamp>4388.898298</timestamp>
			</report>
			<report>
				<misses>13314001</misses>
				<total>31</total>
				<timestamp>4389.227961</timestamp>
			</report>
			<report>
				<misses>13315001</misses>
				<total>31</total>
				<timestamp>4389.557651</timestamp>
			</report>
			<report>
				<misses>13316001</misses>
				<total>31</total>
				<timestamp>4389.887329</timestamp>
			</report>
			<report>
				<misses>13317001</misses>
				<total>31</total>
				<timestamp>4390.216962</timestamp>
			</report>
			<report>
				<misses>13318001</misses>
				<total>31</total>
				<timestamp>4390.546627</timestamp>
			</report>
			<report>
				<misses>13319001</misses>
				<total>31</total>
				<timestamp>4390.876311</timestamp>
			</report>
			<report>
				<misses>13320001</misses>
				<total>31</total>
				<timestamp>4391.205977</timestamp>
			</report>
			<report>
				<misses>13321001</misses>
				<total>31</total>
				<timestamp>4391.535670</timestamp>
			</report>
			<report>
				<misses>13322001</misses>
				<total>31</total>
				<timestamp>4391.865327</timestamp>
			</report>
			<report>
				<misses>13323001</misses>
				<total>31</total>
				<timestamp>4392.195051</timestamp>
			</report>
			<report>
				<misses>13324001</misses>
				<total>31</total>
				<timestamp>4392.524659</timestamp>
			</report>
			<report>
				<misses>13325001</misses>
				<total>31</total>
				<timestamp>4392.854326</timestamp>
			</report>
			<report>
				<misses>13326001</misses>
				<total>31</total>
				<timestamp>4393.183995</timestamp>
			</report>
			<report>
				<misses>13327001</misses>
				<total>31</total>
				<timestamp>4393.513714</timestamp>
			</report>
			<report>
				<misses>13328001</misses>
				<total>31</total>
				<timestamp>4393.843369</timestamp>
			</report>
			<report>
				<misses>13329001</misses>
				<total>31</total>
				<timestamp>4394.173014</timestamp>
			</report>
			<report>
				<misses>13330001</misses>
				<total>31</total>
				<timestamp>4394.502697</timestamp>
			</report>
			<report>
				<misses>13331001</misses>
				<total>31</total>
				<timestamp>4394.832381</timestamp>
			</report>
			<report>
				<misses>13332001</misses>
				<total>31</total>
				<timestamp>4395.162031</timestamp>
			</report>
			<report>
				<misses>13333001</misses>
				<total>31</total>
				<timestamp>4395.491690</timestamp>
			</report>
			<report>
				<misses>13334001</misses>
				<total>31</total>
				<timestamp>4395.821407</timestamp>
			</report>
			<report>
				<misses>13335001</misses>
				<total>31</total>
				<timestamp>4396.151032</timestamp>
			</report>
			<report>
				<misses>13336001</misses>
				<total>31</total>
				<timestamp>4396.480713</timestamp>
			</report>
			<report>
				<misses>13337001</misses>
				<total>31</total>
				<timestamp>4396.810382</timestamp>
			</report>
			<report>
				<misses>13338001</misses>
				<total>31</total>
				<timestamp>4397.140056</timestamp>
			</report>
			<report>
				<misses>13339001</misses>
				<total>31</total>
				<timestamp>4397.469722</timestamp>
			</report>
			<report>
				<misses>13340001</misses>
				<total>31</total>
				<timestamp>4397.799397</timestamp>
			</report>
			<report>
				<misses>13341001</misses>
				<total>31</total>
				<timestamp>4398.129040</timestamp>
			</report>
			<report>
				<misses>13342001</misses>
				<total>31</total>
				<timestamp>4398.458707</timestamp>
			</report>
			<report>
				<misses>13343001</misses>
				<total>31</total>
				<timestamp>4398.788405</timestamp>
			</report>
			<report>
				<misses>13344001</misses>
				<total>31</total>
				<timestamp>4399.118077</timestamp>
			</report>
			<report>
				<misses>13345001</misses>
				<total>31</total>
				<timestamp>4399.447734</timestamp>
			</report>
			<report>
				<misses>13346001</misses>
				<total>31</total>
				<timestamp>4399.777485</timestamp>
			</report>
			<report>
				<misses>13347001</misses>
				<total>31</total>
				<timestamp>4400.107072</timestamp>
			</report>
			<report>
				<misses>13348001</misses>
				<total>31</total>
				<timestamp>4400.436746</timestamp>
			</report>
			<report>
				<misses>13349001</misses>
				<total>31</total>
				<timestamp>4400.766462</timestamp>
			</report>
			<report>
				<misses>13350001</misses>
				<total>31</total>
				<timestamp>4401.096110</timestamp>
			</report>
			<report>
				<misses>13351001</misses>
				<total>31</total>
				<timestamp>4401.425762</timestamp>
			</report>
			<report>
				<misses>13352001</misses>
				<total>31</total>
				<timestamp>4401.755444</timestamp>
			</report>
			<report>
				<misses>13353001</misses>
				<total>31</total>
				<timestamp>4402.085091</timestamp>
			</report>
			<report>
				<misses>13354001</misses>
				<total>31</total>
				<timestamp>4402.414757</timestamp>
			</report>
			<report>
				<misses>13355001</misses>
				<total>31</total>
				<timestamp>4402.744508</timestamp>
			</report>
			<report>
				<misses>13356001</misses>
				<total>31</total>
				<timestamp>4403.074110</timestamp>
			</report>
			<report>
				<misses>13357001</misses>
				<total>31</total>
				<timestamp>4403.403770</timestamp>
			</report>
			<report>
				<misses>13358001</misses>
				<total>31</total>
				<timestamp>4403.733518</timestamp>
			</report>
			<report>
				<misses>13359001</misses>
				<total>31</total>
				<timestamp>4404.063206</timestamp>
			</report>
			<report>
				<misses>13360001</misses>
				<total>31</total>
				<timestamp>4404.392778</timestamp>
			</report>
			<report>
				<misses>13361001</misses>
				<total>31</total>
				<timestamp>4404.722524</timestamp>
			</report>
			<report>
				<misses>13362001</misses>
				<total>31</total>
				<timestamp>4405.052144</timestamp>
			</report>
			<report>
				<misses>13363001</misses>
				<total>31</total>
				<timestamp>4405.381793</timestamp>
			</report>
			<report>
				<misses>13364001</misses>
				<total>31</total>
				<timestamp>4405.711556</timestamp>
			</report>
			<report>
				<misses>13365001</misses>
				<total>31</total>
				<timestamp>4406.041125</timestamp>
			</report>
			<report>
				<misses>13366001</misses>
				<total>31</total>
				<timestamp>4406.370815</timestamp>
			</report>
			<report>
				<misses>13367001</misses>
				<total>31</total>
				<timestamp>4406.700613</timestamp>
			</report>
			<report>
				<misses>13368001</misses>
				<total>31</total>
				<timestamp>4407.030137</timestamp>
			</report>
			<report>
				<misses>13369001</misses>
				<total>31</total>
				<timestamp>4407.359811</timestamp>
			</report>
			<report>
				<misses>13370001</misses>
				<total>31</total>
				<timestamp>4407.689498</timestamp>
			</report>
			<report>
				<misses>13371001</misses>
				<total>31</total>
				<timestamp>4408.019133</timestamp>
			</report>
			<report>
				<misses>13372001</misses>
				<total>31</total>
				<timestamp>4408.348827</timestamp>
			</report>
			<report>
				<misses>13373001</misses>
				<total>31</total>
				<timestamp>4408.678493</timestamp>
			</report>
			<report>
				<misses>13374001</misses>
				<total>31</total>
				<timestamp>4409.008164</timestamp>
			</report>
			<report>
				<misses>13375001</misses>
				<total>31</total>
				<timestamp>4409.337826</timestamp>
			</report>
			<report>
				<misses>13376001</misses>
				<total>31</total>
				<timestamp>4409.667525</timestamp>
			</report>
			<report>
				<misses>13377001</misses>
				<total>31</total>
				<timestamp>4409.997167</timestamp>
			</report>
			<report>
				<misses>13378001</misses>
				<total>31</total>
				<timestamp>4410.326836</timestamp>
			</report>
			<report>
				<misses>13379001</misses>
				<total>31</total>
				<timestamp>4410.656528</timestamp>
			</report>
			<report>
				<misses>13380001</misses>
				<total>31</total>
				<timestamp>4410.986181</timestamp>
			</report>
			<report>
				<misses>13381001</misses>
				<total>31</total>
				<timestamp>4411.315870</timestamp>
			</report>
			<report>
				<misses>13382001</misses>
				<total>31</total>
				<timestamp>4411.645507</timestamp>
			</report>
			<report>
				<misses>13383001</misses>
				<total>31</total>
				<timestamp>4411.975182</timestamp>
			</report>
			<report>
				<misses>13384001</misses>
				<total>31</total>
				<timestamp>4412.304875</timestamp>
			</report>
			<report>
				<misses>13385001</misses>
				<total>31</total>
				<timestamp>4412.634541</timestamp>
			</report>
			<report>
				<misses>13386001</misses>
				<total>31</total>
				<timestamp>4412.964211</timestamp>
			</report>
			<report>
				<misses>13387001</misses>
				<total>31</total>
				<timestamp>4413.293870</timestamp>
			</report>
			<report>
				<misses>13388001</misses>
				<total>31</total>
				<timestamp>4413.623588</timestamp>
			</report>
			<report>
				<misses>13389001</misses>
				<total>31</total>
				<timestamp>4413.953278</timestamp>
			</report>
			<report>
				<misses>13390001</misses>
				<total>31</total>
				<timestamp>4414.282884</timestamp>
			</report>
			<report>
				<misses>13391001</misses>
				<total>31</total>
				<timestamp>4414.612561</timestamp>
			</report>
			<report>
				<misses>13392001</misses>
				<total>31</total>
				<timestamp>4414.942209</timestamp>
			</report>
			<report>
				<misses>13393001</misses>
				<total>31</total>
				<timestamp>4415.271902</timestamp>
			</report>
			<report>
				<misses>13394001</misses>
				<total>31</total>
				<timestamp>4415.601600</timestamp>
			</report>
			<report>
				<misses>13395001</misses>
				<total>31</total>
				<timestamp>4415.931220</timestamp>
			</report>
			<report>
				<misses>13396001</misses>
				<total>31</total>
				<timestamp>4416.260953</timestamp>
			</report>
			<report>
				<misses>13397001</misses>
				<total>31</total>
				<timestamp>4416.590635</timestamp>
			</report>
			<report>
				<misses>13398001</misses>
				<total>31</total>
				<timestamp>4416.920279</timestamp>
			</report>
			<report>
				<misses>13399001</misses>
				<total>31</total>
				<timestamp>4417.249924</timestamp>
			</report>
			<report>
				<misses>13400001</misses>
				<total>31</total>
				<timestamp>4417.579589</timestamp>
			</report>
			<report>
				<misses>13401001</misses>
				<total>31</total>
				<timestamp>4417.909275</timestamp>
			</report>
			<report>
				<misses>13402001</misses>
				<total>31</total>
				<timestamp>4418.238953</timestamp>
			</report>
			<report>
				<misses>13403001</misses>
				<total>31</total>
				<timestamp>4418.568570</timestamp>
			</report>
			<report>
				<misses>13404001</misses>
				<total>31</total>
				<timestamp>4418.898301</timestamp>
			</report>
			<report>
				<misses>13405001</misses>
				<total>31</total>
				<timestamp>4419.227917</timestamp>
			</report>
			<report>
				<misses>13406001</misses>
				<total>31</total>
				<timestamp>4419.557595</timestamp>
			</report>
			<report>
				<misses>13407001</misses>
				<total>31</total>
				<timestamp>4419.887329</timestamp>
			</report>
			<report>
				<misses>13408001</misses>
				<total>31</total>
				<timestamp>4420.216947</timestamp>
			</report>
			<report>
				<misses>13409001</misses>
				<total>31</total>
				<timestamp>4420.546605</timestamp>
			</report>
			<report>
				<misses>13410001</misses>
				<total>31</total>
				<timestamp>4420.876337</timestamp>
			</report>
			<report>
				<misses>13411001</misses>
				<total>31</total>
				<timestamp>4421.205952</timestamp>
			</report>
			<report>
				<misses>13412001</misses>
				<total>31</total>
				<timestamp>4421.535626</timestamp>
			</report>
			<report>
				<misses>13413001</misses>
				<total>31</total>
				<timestamp>4421.865339</timestamp>
			</report>
			<report>
				<misses>13414001</misses>
				<total>31</total>
				<timestamp>4422.194965</timestamp>
			</report>
			<report>
				<misses>13415001</misses>
				<total>31</total>
				<timestamp>4422.524641</timestamp>
			</report>
			<report>
				<misses>13416001</misses>
				<total>31</total>
				<timestamp>4422.854360</timestamp>
			</report>
			<report>
				<misses>13417001</misses>
				<total>32</total>
				<timestamp>4423.183976</timestamp>
			</report>
			<report>
				<misses>13418001</misses>
				<total>32</total>
				<timestamp>4423.513644</timestamp>
			</report>
			<report>
				<misses>13419001</misses>
				<total>32</total>
				<timestamp>4423.843324</timestamp>
			</report>
			<report>
				<misses>13420001</misses>
				<total>32</total>
				<timestamp>4424.172972</timestamp>
			</report>
			<report>
				<misses>13421001</misses>
				<total>32</total>
				<timestamp>4424.502651</timestamp>
			</report>
			<report>
				<misses>13422001</misses>
				<total>32</total>
				<timestamp>4424.832398</timestamp>
			</report>
			<report>
				<misses>13423001</misses>
				<total>32</total>
				<timestamp>4425.161994</timestamp>
			</report>
			<report>
				<misses>13424001</misses>
				<total>32</total>
				<timestamp>4425.491669</timestamp>
			</report>
			<report>
				<misses>13425001</misses>
				<total>32</total>
				<timestamp>4425.821389</timestamp>
			</report>
			<report>
				<misses>13426001</misses>
				<total>32</total>
				<timestamp>4426.150990</timestamp>
			</report>
			<report>
				<misses>13427001</misses>
				<total>32</total>
				<timestamp>4426.480662</timestamp>
			</report>
			<report>
				<misses>13428001</misses>
				<total>32</total>
				<timestamp>4426.810400</timestamp>
			</report>
			<report>
				<misses>13429001</misses>
				<total>32</total>
				<timestamp>4427.140025</timestamp>
			</report>
			<report>
				<misses>13430001</misses>
				<total>32</total>
				<timestamp>4427.469677</timestamp>
			</report>
			<report>
				<misses>13431001</misses>
				<total>32</total>
				<timestamp>4427.799413</timestamp>
			</report>
			<report>
				<misses>13432001</misses>
				<total>32</total>
				<timestamp>4428.129033</timestamp>
			</report>
			<report>
				<misses>13433001</misses>
				<total>32</total>
				<timestamp>4428.458690</timestamp>
			</report>
			<report>
				<misses>13434001</misses>
				<total>32</total>
				<timestamp>4428.788366</timestamp>
			</report>
			<report>
				<misses>13435001</misses>
				<total>32</total>
				<timestamp>4429.118036</timestamp>
			</report>
			<report>
				<misses>13436001</misses>
				<total>32</total>
				<timestamp>4429.447719</timestamp>
			</report>
			<report>
				<misses>13437001</misses>
				<total>32</total>
				<timestamp>4429.777363</timestamp>
			</report>
			<report>
				<misses>13438001</misses>
				<total>32</total>
				<timestamp>4430.107041</timestamp>
			</report>
			<report>
				<misses>13439001</misses>
				<total>32</total>
				<timestamp>4430.436706</timestamp>
			</report>
			<report>
				<misses>13440001</misses>
				<total>32</total>
				<timestamp>4430.766430</timestamp>
			</report>
			<report>
				<misses>13441001</misses>
				<total>32</total>
				<timestamp>4431.096058</timestamp>
			</report>
			<report>
				<misses>13442001</misses>
				<total>32</total>
				<timestamp>4431.425724</timestamp>
			</report>
			<report>
				<misses>13443001</misses>
				<total>32</total>
				<timestamp>4431.755462</timestamp>
			</report>
			<report>
				<misses>13444001</misses>
				<total>32</total>
				<timestamp>4432.085060</timestamp>
			</report>
			<report>
				<misses>13445001</misses>
				<total>32</total>
				<timestamp>4432.414731</timestamp>
			</report>
			<report>
				<misses>13446001</misses>
				<total>32</total>
				<timestamp>4432.744421</timestamp>
			</report>
			<report>
				<misses>13447001</misses>
				<total>32</total>
				<timestamp>4433.074083</timestamp>
			</report>
			<report>
				<misses>13448001</misses>
				<total>32</total>
				<timestamp>4433.403733</timestamp>
			</report>
			<report>
				<misses>13449001</misses>
				<total>32</total>
				<timestamp>4433.733445</timestamp>
			</report>
			<report>
				<misses>13450001</misses>
				<total>32</total>
				<timestamp>4434.063102</timestamp>
			</report>
			<report>
				<misses>13451001</misses>
				<total>32</total>
				<timestamp>4434.392732</timestamp>
			</report>
			<report>
				<misses>13452001</misses>
				<total>32</total>
				<timestamp>4434.722441</timestamp>
			</report>
			<report>
				<misses>13453001</misses>
				<total>32</total>
				<timestamp>4435.052106</timestamp>
			</report>
			<report>
				<misses>13454001</misses>
				<total>32</total>
				<timestamp>4435.381761</timestamp>
			</report>
			<report>
				<misses>13455001</misses>
				<total>32</total>
				<timestamp>4435.711435</timestamp>
			</report>
			<report>
				<misses>13456001</misses>
				<total>32</total>
				<timestamp>4436.041113</timestamp>
			</report>
			<report>
				<misses>13457001</misses>
				<total>32</total>
				<timestamp>4436.370783</timestamp>
			</report>
			<report>
				<misses>13458001</misses>
				<total>32</total>
				<timestamp>4436.700446</timestamp>
			</report>
			<report>
				<misses>13459001</misses>
				<total>32</total>
				<timestamp>4437.030112</timestamp>
			</report>
			<report>
				<misses>13460001</misses>
				<total>32</total>
				<timestamp>4437.359768</timestamp>
			</report>
			<report>
				<misses>13461001</misses>
				<total>32</total>
				<timestamp>4437.689438</timestamp>
			</report>
			<report>
				<misses>13462001</misses>
				<total>32</total>
				<timestamp>4438.019125</timestamp>
			</report>
			<report>
				<misses>13463001</misses>
				<total>32</total>
				<timestamp>4438.348792</timestamp>
			</report>
			<report>
				<misses>13464001</misses>
				<total>32</total>
				<timestamp>4438.678451</timestamp>
			</report>
			<report>
				<misses>13465001</misses>
				<total>32</total>
				<timestamp>4439.008113</timestamp>
			</report>
			<report>
				<misses>13466001</misses>
				<total>32</total>
				<timestamp>4439.337794</timestamp>
			</report>
			<report>
				<misses>13467001</misses>
				<total>32</total>
				<timestamp>4439.667475</timestamp>
			</report>
			<report>
				<misses>13468001</misses>
				<total>32</total>
				<timestamp>4439.997169</timestamp>
			</report>
			<report>
				<misses>13469001</misses>
				<total>32</total>
				<timestamp>4440.326794</timestamp>
			</report>
			<report>
				<misses>13470001</misses>
				<total>32</total>
				<timestamp>4440.656474</timestamp>
			</report>
			<report>
				<misses>13471001</misses>
				<total>32</total>
				<timestamp>4440.986137</timestamp>
			</report>
			<report>
				<misses>13472001</misses>
				<total>32</total>
				<timestamp>4441.315812</timestamp>
			</report>
			<report>
				<misses>13473001</misses>
				<total>32</total>
				<timestamp>4441.645494</timestamp>
			</report>
			<report>
				<misses>13474001</misses>
				<total>32</total>
				<timestamp>4441.975177</timestamp>
			</report>
			<report>
				<misses>13475001</misses>
				<total>32</total>
				<timestamp>4442.304822</timestamp>
			</report>
			<report>
				<misses>13476001</misses>
				<total>32</total>
				<timestamp>4442.634521</timestamp>
			</report>
			<report>
				<misses>13477001</misses>
				<total>32</total>
				<timestamp>4442.964245</timestamp>
			</report>
			<report>
				<misses>13478001</misses>
				<total>32</total>
				<timestamp>4443.293835</timestamp>
			</report>
			<report>
				<misses>13479001</misses>
				<total>32</total>
				<timestamp>4443.623514</timestamp>
			</report>
			<report>
				<misses>13480001</misses>
				<total>32</total>
				<timestamp>4443.953268</timestamp>
			</report>
			<report>
				<misses>13481001</misses>
				<total>32</total>
				<timestamp>4444.282871</timestamp>
			</report>
			<report>
				<misses>13482001</misses>
				<total>32</total>
				<timestamp>4444.612516</timestamp>
			</report>
			<report>
				<misses>13483001</misses>
				<total>32</total>
				<timestamp>4444.942280</timestamp>
			</report>
			<report>
				<misses>13484001</misses>
				<total>32</total>
				<timestamp>4445.271852</timestamp>
			</report>
			<report>
				<misses>13485001</misses>
				<total>32</total>
				<timestamp>4445.601522</timestamp>
			</report>
			<report>
				<misses>13486001</misses>
				<total>32</total>
				<timestamp>4445.931265</timestamp>
			</report>
			<report>
				<misses>13487001</misses>
				<total>32</total>
				<timestamp>4446.260887</timestamp>
			</report>
			<report>
				<misses>13488001</misses>
				<total>32</total>
				<timestamp>4446.590533</timestamp>
			</report>
			<report>
				<misses>13489001</misses>
				<total>32</total>
				<timestamp>4446.920261</timestamp>
			</report>
			<report>
				<misses>13490001</misses>
				<total>32</total>
				<timestamp>4447.249870</timestamp>
			</report>
			<report>
				<misses>13491001</misses>
				<total>32</total>
				<timestamp>4447.579560</timestamp>
			</report>
			<report>
				<misses>13492001</misses>
				<total>32</total>
				<timestamp>4447.909284</timestamp>
			</report>
			<report>
				<misses>13493001</misses>
				<total>32</total>
				<timestamp>4448.238892</timestamp>
			</report>
			<report>
				<misses>13494001</misses>
				<total>32</total>
				<timestamp>4448.568565</timestamp>
			</report>
			<report>
				<misses>13495001</misses>
				<total>32</total>
				<timestamp>4448.898325</timestamp>
			</report>
			<report>
				<misses>13496001</misses>
				<total>32</total>
				<timestamp>4449.227901</timestamp>
			</report>
			<report>
				<misses>13497001</misses>
				<total>32</total>
				<timestamp>4449.557589</timestamp>
			</report>
			<report>
				<misses>13498001</misses>
				<total>32</total>
				<timestamp>4449.887264</timestamp>
			</report>
			<report>
				<misses>13499001</misses>
				<total>32</total>
				<timestamp>4450.216918</timestamp>
			</report>
			<report>
				<misses>13500001</misses>
				<total>32</total>
				<timestamp>4450.546583</timestamp>
			</report>
			<report>
				<misses>13501001</misses>
				<total>32</total>
				<timestamp>4450.876315</timestamp>
			</report>
			<report>
				<misses>13502001</misses>
				<total>32</total>
				<timestamp>4451.205933</timestamp>
			</report>
			<report>
				<misses>13503001</misses>
				<total>32</total>
				<timestamp>4451.535579</timestamp>
			</report>
			<report>
				<misses>13504001</misses>
				<total>32</total>
				<timestamp>4451.865300</timestamp>
			</report>
			<report>
				<misses>13505001</misses>
				<total>32</total>
				<timestamp>4452.194920</timestamp>
			</report>
			<report>
				<misses>13506001</misses>
				<total>32</total>
				<timestamp>4452.524670</timestamp>
			</report>
			<report>
				<misses>13507001</misses>
				<total>32</total>
				<timestamp>4452.854318</timestamp>
			</report>
			<report>
				<misses>13508001</misses>
				<total>32</total>
				<timestamp>4453.183946</timestamp>
			</report>
			<report>
				<misses>13509001</misses>
				<total>32</total>
				<timestamp>4453.513603</timestamp>
			</report>
			<report>
				<misses>13510001</misses>
				<total>32</total>
				<timestamp>4453.843292</timestamp>
			</report>
			<report>
				<misses>13511001</misses>
				<total>32</total>
				<timestamp>4454.172941</timestamp>
			</report>
			<report>
				<misses>13512001</misses>
				<total>32</total>
				<timestamp>4454.502624</timestamp>
			</report>
			<report>
				<misses>13513001</misses>
				<total>32</total>
				<timestamp>4454.832310</timestamp>
			</report>
			<report>
				<misses>13514001</misses>
				<total>32</total>
				<timestamp>4455.161952</timestamp>
			</report>
			<report>
				<misses>13515001</misses>
				<total>32</total>
				<timestamp>4455.491630</timestamp>
			</report>
			<report>
				<misses>13516001</misses>
				<total>32</total>
				<timestamp>4455.821345</timestamp>
			</report>
			<report>
				<misses>13517001</misses>
				<total>32</total>
				<timestamp>4456.151041</timestamp>
			</report>
			<report>
				<misses>13518001</misses>
				<total>32</total>
				<timestamp>4456.480652</timestamp>
			</report>
			<report>
				<misses>13519001</misses>
				<total>32</total>
				<timestamp>4456.810364</timestamp>
			</report>
			<report>
				<misses>13520001</misses>
				<total>32</total>
				<timestamp>4457.139984</timestamp>
			</report>
			<report>
				<misses>13521001</misses>
				<total>32</total>
				<timestamp>4457.469636</timestamp>
			</report>
			<report>
				<misses>13522001</misses>
				<total>32</total>
				<timestamp>4457.799354</timestamp>
			</report>
			<report>
				<misses>13523001</misses>
				<total>32</total>
				<timestamp>4458.128988</timestamp>
			</report>
			<report>
				<misses>13524001</misses>
				<total>32</total>
				<timestamp>4458.458656</timestamp>
			</report>
			<report>
				<misses>13525001</misses>
				<total>32</total>
				<timestamp>4458.788327</timestamp>
			</report>
			<report>
				<misses>13526001</misses>
				<total>32</total>
				<timestamp>4459.117999</timestamp>
			</report>
			<report>
				<misses>13527001</misses>
				<total>32</total>
				<timestamp>4459.447669</timestamp>
			</report>
			<report>
				<misses>13528001</misses>
				<total>32</total>
				<timestamp>4459.777409</timestamp>
			</report>
			<report>
				<misses>13529001</misses>
				<total>32</total>
				<timestamp>4460.106997</timestamp>
			</report>
			<report>
				<misses>13530001</misses>
				<total>32</total>
				<timestamp>4460.436670</timestamp>
			</report>
			<report>
				<misses>13531001</misses>
				<total>32</total>
				<timestamp>4460.766358</timestamp>
			</report>
			<report>
				<misses>13532001</misses>
				<total>32</total>
				<timestamp>4461.096021</timestamp>
			</report>
			<report>
				<misses>13533001</misses>
				<total>32</total>
				<timestamp>4461.425704</timestamp>
			</report>
			<report>
				<misses>13534001</misses>
				<total>32</total>
				<timestamp>4461.755356</timestamp>
			</report>
			<report>
				<misses>13535001</misses>
				<total>32</total>
				<timestamp>4462.085048</timestamp>
			</report>
			<report>
				<misses>13536001</misses>
				<total>32</total>
				<timestamp>4462.414705</timestamp>
			</report>
			<report>
				<misses>13537001</misses>
				<total>32</total>
				<timestamp>4462.744377</timestamp>
			</report>
			<report>
				<misses>13538001</misses>
				<total>32</total>
				<timestamp>4463.074110</timestamp>
			</report>
			<report>
				<misses>13539001</misses>
				<total>32</total>
				<timestamp>4463.403704</timestamp>
			</report>
			<report>
				<misses>13540001</misses>
				<total>32</total>
				<timestamp>4463.733372</timestamp>
			</report>
			<report>
				<misses>13541001</misses>
				<total>32</total>
				<timestamp>4464.063146</timestamp>
			</report>
			<report>
				<misses>13542001</misses>
				<total>32</total>
				<timestamp>4464.392732</timestamp>
			</report>
			<report>
				<misses>13543001</misses>
				<total>32</total>
				<timestamp>4464.722412</timestamp>
			</report>
			<report>
				<misses>13544001</misses>
				<total>32</total>
				<timestamp>4465.052132</timestamp>
			</report>
			<report>
				<misses>13545001</misses>
				<total>32</total>
				<timestamp>4465.381735</timestamp>
			</report>
			<report>
				<misses>13546001</misses>
				<total>32</total>
				<timestamp>4465.711395</timestamp>
			</report>
			<report>
				<misses>13547001</misses>
				<total>32</total>
				<timestamp>4466.041158</timestamp>
			</report>
			<report>
				<misses>13548001</misses>
				<total>32</total>
				<timestamp>4466.370746</timestamp>
			</report>
			<report>
				<misses>13549001</misses>
				<total>32</total>
				<timestamp>4466.700401</timestamp>
			</report>
			<report>
				<misses>13550001</misses>
				<total>32</total>
				<timestamp>4467.030133</timestamp>
			</report>
			<report>
				<misses>13551001</misses>
				<total>32</total>
				<timestamp>4467.359755</timestamp>
			</report>
			<report>
				<misses>13552001</misses>
				<total>32</total>
				<timestamp>4467.689428</timestamp>
			</report>
			<report>
				<misses>13553001</misses>
				<total>32</total>
				<timestamp>4468.019191</timestamp>
			</report>
			<report>
				<misses>13554001</misses>
				<total>32</total>
				<timestamp>4468.348766</timestamp>
			</report>
			<report>
				<misses>13555001</misses>
				<total>32</total>
				<timestamp>4468.678442</timestamp>
			</report>
			<report>
				<misses>13556001</misses>
				<total>32</total>
				<timestamp>4469.008126</timestamp>
			</report>
			<report>
				<misses>13557001</misses>
				<total>32</total>
				<timestamp>4469.337772</timestamp>
			</report>
			<report>
				<misses>13558001</misses>
				<total>32</total>
				<timestamp>4469.667439</timestamp>
			</report>
			<report>
				<misses>13559001</misses>
				<total>32</total>
				<timestamp>4469.997145</timestamp>
			</report>
			<report>
				<misses>13560001</misses>
				<total>32</total>
				<timestamp>4470.326788</timestamp>
			</report>
			<report>
				<misses>13561001</misses>
				<total>32</total>
				<timestamp>4470.656456</timestamp>
			</report>
			<report>
				<misses>13562001</misses>
				<total>32</total>
				<timestamp>4470.986198</timestamp>
			</report>
			<report>
				<misses>13563001</misses>
				<total>32</total>
				<timestamp>4471.315796</timestamp>
			</report>
			<report>
				<misses>13564001</misses>
				<total>32</total>
				<timestamp>4471.645462</timestamp>
			</report>
			<report>
				<misses>13565001</misses>
				<total>32</total>
				<timestamp>4471.975134</timestamp>
			</report>
			<report>
				<misses>13566001</misses>
				<total>32</total>
				<timestamp>4472.304829</timestamp>
			</report>
			<report>
				<misses>13567001</misses>
				<total>32</total>
				<timestamp>4472.634469</timestamp>
			</report>
			<report>
				<misses>13568001</misses>
				<total>32</total>
				<timestamp>4472.964251</timestamp>
			</report>
			<report>
				<misses>13569001</misses>
				<total>32</total>
				<timestamp>4473.293842</timestamp>
			</report>
			<report>
				<misses>13570001</misses>
				<total>32</total>
				<timestamp>4473.623489</timestamp>
			</report>
			<report>
				<misses>13571001</misses>
				<total>32</total>
				<timestamp>4473.953177</timestamp>
			</report>
			<report>
				<misses>13572001</misses>
				<total>32</total>
				<timestamp>4474.282823</timestamp>
			</report>
			<report>
				<misses>13573001</misses>
				<total>32</total>
				<timestamp>4474.612512</timestamp>
			</report>
			<report>
				<misses>13574001</misses>
				<total>32</total>
				<timestamp>4474.942221</timestamp>
			</report>
			<report>
				<misses>13575001</misses>
				<total>32</total>
				<timestamp>4475.271826</timestamp>
			</report>
			<report>
				<misses>13576001</misses>
				<total>32</total>
				<timestamp>4475.601506</timestamp>
			</report>
			<report>
				<misses>13577001</misses>
				<total>32</total>
				<timestamp>4475.931223</timestamp>
			</report>
			<report>
				<misses>13578001</misses>
				<total>32</total>
				<timestamp>4476.260875</timestamp>
			</report>
			<report>
				<misses>13579001</misses>
				<total>32</total>
				<timestamp>4476.590532</timestamp>
			</report>
			<report>
				<misses>13580001</misses>
				<total>32</total>
				<timestamp>4476.920207</timestamp>
			</report>
			<report>
				<misses>13581001</misses>
				<total>32</total>
				<timestamp>4477.249853</timestamp>
			</report>
			<report>
				<misses>13582001</misses>
				<total>32</total>
				<timestamp>4477.579514</timestamp>
			</report>
			<report>
				<misses>13583001</misses>
				<total>32</total>
				<timestamp>4477.909213</timestamp>
			</report>
			<report>
				<misses>13584001</misses>
				<total>32</total>
				<timestamp>4478.238859</timestamp>
			</report>
			<report>
				<misses>13585001</misses>
				<total>32</total>
				<timestamp>4478.568530</timestamp>
			</report>
			<report>
				<misses>13586001</misses>
				<total>32</total>
				<timestamp>4478.898218</timestamp>
			</report>
			<report>
				<misses>13587001</misses>
				<total>32</total>
				<timestamp>4479.227915</timestamp>
			</report>
			<report>
				<misses>13588001</misses>
				<total>32</total>
				<timestamp>4479.557547</timestamp>
			</report>
			<report>
				<misses>13589001</misses>
				<total>32</total>
				<timestamp>4479.887254</timestamp>
			</report>
			<report>
				<misses>13590001</misses>
				<total>32</total>
				<timestamp>4480.216886</timestamp>
			</report>
			<report>
				<misses>13591001</misses>
				<total>32</total>
				<timestamp>4480.546570</timestamp>
			</report>
			<report>
				<misses>13592001</misses>
				<total>32</total>
				<timestamp>4480.876284</timestamp>
			</report>
			<report>
				<misses>13593001</misses>
				<total>32</total>
				<timestamp>4481.205900</timestamp>
			</report>
			<report>
				<misses>13594001</misses>
				<total>32</total>
				<timestamp>4481.535569</timestamp>
			</report>
			<report>
				<misses>13595001</misses>
				<total>32</total>
				<timestamp>4481.865243</timestamp>
			</report>
			<report>
				<misses>13596001</misses>
				<total>32</total>
				<timestamp>4482.194892</timestamp>
			</report>
			<report>
				<misses>13597001</misses>
				<total>32</total>
				<timestamp>4482.524564</timestamp>
			</report>
			<report>
				<misses>13598001</misses>
				<total>32</total>
				<timestamp>4482.854235</timestamp>
			</report>
			<report>
				<misses>13599001</misses>
				<total>32</total>
				<timestamp>4483.183908</timestamp>
			</report>
			<report>
				<misses>13600001</misses>
				<total>32</total>
				<timestamp>4483.513572</timestamp>
			</report>
			<report>
				<misses>13601001</misses>
				<total>32</total>
				<timestamp>4483.843246</timestamp>
			</report>
			<report>
				<misses>13602001</misses>
				<total>32</total>
				<timestamp>4484.172910</timestamp>
			</report>
			<report>
				<misses>13603001</misses>
				<total>32</total>
				<timestamp>4484.502593</timestamp>
			</report>
			<report>
				<misses>13604001</misses>
				<total>32</total>
				<timestamp>4484.832261</timestamp>
			</report>
			<report>
				<misses>13605001</misses>
				<total>32</total>
				<timestamp>4485.162009</timestamp>
			</report>
			<report>
				<misses>13606001</misses>
				<total>32</total>
				<timestamp>4485.491587</timestamp>
			</report>
			<report>
				<misses>13607001</misses>
				<total>32</total>
				<timestamp>4485.821309</timestamp>
			</report>
			<report>
				<misses>13608001</misses>
				<total>32</total>
				<timestamp>4486.151011</timestamp>
			</report>
			<report>
				<misses>13609001</misses>
				<total>32</total>
				<timestamp>4486.480619</timestamp>
			</report>
			<report>
				<misses>13610001</misses>
				<total>32</total>
				<timestamp>4486.810285</timestamp>
			</report>
			<report>
				<misses>13611001</misses>
				<total>32</total>
				<timestamp>4487.139943</timestamp>
			</report>
			<report>
				<misses>13612001</misses>
				<total>32</total>
				<timestamp>4487.469614</timestamp>
			</report>
			<report>
				<misses>13613001</misses>
				<total>32</total>
				<timestamp>4487.799280</timestamp>
			</report>
			<report>
				<misses>13614001</misses>
				<total>32</total>
				<timestamp>4488.129051</timestamp>
			</report>
			<report>
				<misses>13615001</misses>
				<total>32</total>
				<timestamp>4488.458628</timestamp>
			</report>
			<report>
				<misses>13616001</misses>
				<total>32</total>
				<timestamp>4488.788321</timestamp>
			</report>
			<report>
				<misses>13617001</misses>
				<total>32</total>
				<timestamp>4489.117992</timestamp>
			</report>
			<report>
				<misses>13618001</misses>
				<total>32</total>
				<timestamp>4489.447618</timestamp>
			</report>
			<report>
				<misses>13619001</misses>
				<total>32</total>
				<timestamp>4489.777317</timestamp>
			</report>
			<report>
				<misses>13620001</misses>
				<total>32</total>
				<timestamp>4490.106983</timestamp>
			</report>
			<report>
				<misses>13621001</misses>
				<total>32</total>
				<timestamp>4490.436661</timestamp>
			</report>
			<report>
				<misses>13622001</misses>
				<total>32</total>
				<timestamp>4490.766329</timestamp>
			</report>
			<report>
				<misses>13623001</misses>
				<total>32</total>
				<timestamp>4491.096032</timestamp>
			</report>
			<report>
				<misses>13624001</misses>
				<total>32</total>
				<timestamp>4491.425715</timestamp>
			</report>
			<report>
				<misses>13625001</misses>
				<total>32</total>
				<timestamp>4491.755343</timestamp>
			</report>
			<report>
				<misses>13626001</misses>
				<total>32</total>
				<timestamp>4492.085072</timestamp>
			</report>
			<report>
				<misses>13627001</misses>
				<total>32</total>
				<timestamp>4492.414682</timestamp>
			</report>
			<report>
				<misses>13628001</misses>
				<total>32</total>
				<timestamp>4492.744379</timestamp>
			</report>
			<report>
				<misses>13629001</misses>
				<total>32</total>
				<timestamp>4493.074041</timestamp>
			</report>
			<report>
				<misses>13630001</misses>
				<total>32</total>
				<timestamp>4493.403673</timestamp>
			</report>
			<report>
				<misses>13631001</misses>
				<total>32</total>
				<timestamp>4493.733396</timestamp>
			</report>
			<report>
				<misses>13632001</misses>
				<total>32</total>
				<timestamp>4494.063091</timestamp>
			</report>
			<report>
				<misses>13633001</misses>
				<total>32</total>
				<timestamp>4494.392698</timestamp>
			</report>
			<report>
				<misses>13634001</misses>
				<total>32</total>
				<timestamp>4494.722361</timestamp>
			</report>
			<report>
				<misses>13635001</misses>
				<total>32</total>
				<timestamp>4495.052060</timestamp>
			</report>
			<report>
				<misses>13636001</misses>
				<total>32</total>
				<timestamp>4495.381705</timestamp>
			</report>
			<report>
				<misses>13637001</misses>
				<total>32</total>
				<timestamp>4495.711390</timestamp>
			</report>
			<report>
				<misses>13638001</misses>
				<total>32</total>
				<timestamp>4496.041129</timestamp>
			</report>
			<report>
				<misses>13639001</misses>
				<total>32</total>
				<timestamp>4496.370708</timestamp>
			</report>
			<report>
				<misses>13640001</misses>
				<total>32</total>
				<timestamp>4496.700388</timestamp>
			</report>
			<report>
				<misses>13641001</misses>
				<total>32</total>
				<timestamp>4497.030061</timestamp>
			</report>
			<report>
				<misses>13642001</misses>
				<total>32</total>
				<timestamp>4497.359716</timestamp>
			</report>
			<report>
				<misses>13643001</misses>
				<total>32</total>
				<timestamp>4497.689390</timestamp>
			</report>
			<report>
				<misses>13644001</misses>
				<total>32</total>
				<timestamp>4498.019076</timestamp>
			</report>
			<report>
				<misses>13645001</misses>
				<total>32</total>
				<timestamp>4498.348744</timestamp>
			</report>
			<report>
				<misses>13646001</misses>
				<total>32</total>
				<timestamp>4498.678393</timestamp>
			</report>
			<report>
				<misses>13647001</misses>
				<total>32</total>
				<timestamp>4499.008084</timestamp>
			</report>
			<report>
				<misses>13648001</misses>
				<total>32</total>
				<timestamp>4499.337767</timestamp>
			</report>
			<report>
				<misses>13649001</misses>
				<total>32</total>
				<timestamp>4499.667406</timestamp>
			</report>
			<report>
				<misses>13650001</misses>
				<total>32</total>
				<timestamp>4499.997150</timestamp>
			</report>
			<report>
				<misses>13651001</misses>
				<total>32</total>
				<timestamp>4500.326748</timestamp>
			</report>
			<report>
				<misses>13652001</misses>
				<total>32</total>
				<timestamp>4500.656422</timestamp>
			</report>
			<report>
				<misses>13653001</misses>
				<total>32</total>
				<timestamp>4500.986089</timestamp>
			</report>
			<report>
				<misses>13654001</misses>
				<total>32</total>
				<timestamp>4501.315754</timestamp>
			</report>
			<report>
				<misses>13655001</misses>
				<total>32</total>
				<timestamp>4501.645428</timestamp>
			</report>
			<report>
				<misses>13656001</misses>
				<total>32</total>
				<timestamp>4501.975100</timestamp>
			</report>
			<report>
				<misses>13657001</misses>
				<total>32</total>
				<timestamp>4502.304762</timestamp>
			</report>
			<report>
				<misses>13658001</misses>
				<total>32</total>
				<timestamp>4502.634457</timestamp>
			</report>
			<report>
				<misses>13659001</misses>
				<total>32</total>
				<timestamp>4502.964166</timestamp>
			</report>
			<report>
				<misses>13660001</misses>
				<total>32</total>
				<timestamp>4503.293804</timestamp>
			</report>
			<report>
				<misses>13661001</misses>
				<total>32</total>
				<timestamp>4503.623440</timestamp>
			</report>
			<report>
				<misses>13662001</misses>
				<total>32</total>
				<timestamp>4503.953124</timestamp>
			</report>
			<report>
				<misses>13663001</misses>
				<total>32</total>
				<timestamp>4504.282816</timestamp>
			</report>
			<report>
				<misses>13664001</misses>
				<total>32</total>
				<timestamp>4504.612461</timestamp>
			</report>
			<report>
				<misses>13665001</misses>
				<total>32</total>
				<timestamp>4504.942133</timestamp>
			</report>
			<report>
				<misses>13666001</misses>
				<total>32</total>
				<timestamp>4505.271882</timestamp>
			</report>
			<report>
				<misses>13667001</misses>
				<total>32</total>
				<timestamp>4505.601482</timestamp>
			</report>
			<report>
				<misses>13668001</misses>
				<total>32</total>
				<timestamp>4505.931171</timestamp>
			</report>
			<report>
				<misses>13669001</misses>
				<total>32</total>
				<timestamp>4506.260829</timestamp>
			</report>
			<report>
				<misses>13670001</misses>
				<total>32</total>
				<timestamp>4506.590502</timestamp>
			</report>
			<report>
				<misses>13671001</misses>
				<total>32</total>
				<timestamp>4506.920157</timestamp>
			</report>
			<report>
				<misses>13672001</misses>
				<total>32</total>
				<timestamp>4507.249968</timestamp>
			</report>
			<report>
				<misses>13673001</misses>
				<total>32</total>
				<timestamp>4507.579484</timestamp>
			</report>
			<report>
				<misses>13674001</misses>
				<total>32</total>
				<timestamp>4507.909178</timestamp>
			</report>
			<report>
				<misses>13675001</misses>
				<total>32</total>
				<timestamp>4508.238899</timestamp>
			</report>
			<report>
				<misses>13676001</misses>
				<total>32</total>
				<timestamp>4508.568499</timestamp>
			</report>
			<report>
				<misses>13677001</misses>
				<total>32</total>
				<timestamp>4508.898187</timestamp>
			</report>
			<report>
				<misses>13678001</misses>
				<total>32</total>
				<timestamp>4509.227942</timestamp>
			</report>
			<report>
				<misses>13679001</misses>
				<total>32</total>
				<timestamp>4509.557499</timestamp>
			</report>
			<report>
				<misses>13680001</misses>
				<total>32</total>
				<timestamp>4509.887186</timestamp>
			</report>
			<report>
				<misses>13681001</misses>
				<total>32</total>
				<timestamp>4510.216904</timestamp>
			</report>
			<report>
				<misses>13682001</misses>
				<total>32</total>
				<timestamp>4510.546527</timestamp>
			</report>
			<report>
				<misses>13683001</misses>
				<total>32</total>
				<timestamp>4510.876205</timestamp>
			</report>
			<report>
				<misses>13684001</misses>
				<total>32</total>
				<timestamp>4511.205925</timestamp>
			</report>
			<report>
				<misses>13685001</misses>
				<total>32</total>
				<timestamp>4511.535529</timestamp>
			</report>
			<report>
				<misses>13686001</misses>
				<total>32</total>
				<timestamp>4511.865212</timestamp>
			</report>
			<report>
				<misses>13687001</misses>
				<total>32</total>
				<timestamp>4512.194931</timestamp>
			</report>
			<report>
				<misses>13688001</misses>
				<total>32</total>
				<timestamp>4512.524539</timestamp>
			</report>
			<report>
				<misses>13689001</misses>
				<total>32</total>
				<timestamp>4512.854240</timestamp>
			</report>
			<report>
				<misses>13690001</misses>
				<total>32</total>
				<timestamp>4513.183951</timestamp>
			</report>
			<report>
				<misses>13691001</misses>
				<total>32</total>
				<timestamp>4513.513543</timestamp>
			</report>
			<report>
				<misses>13692001</misses>
				<total>32</total>
				<timestamp>4513.843224</timestamp>
			</report>
			<report>
				<misses>13693001</misses>
				<total>32</total>
				<timestamp>4514.172949</timestamp>
			</report>
			<report>
				<misses>13694001</misses>
				<total>32</total>
				<timestamp>4514.502597</timestamp>
			</report>
			<report>
				<misses>13695001</misses>
				<total>32</total>
				<timestamp>4514.832229</timestamp>
			</report>
			<report>
				<misses>13696001</misses>
				<total>32</total>
				<timestamp>4515.161949</timestamp>
			</report>
			<report>
				<misses>13697001</misses>
				<total>32</total>
				<timestamp>4515.491561</timestamp>
			</report>
			<report>
				<misses>13698001</misses>
				<total>32</total>
				<timestamp>4515.821233</timestamp>
			</report>
			<report>
				<misses>13699001</misses>
				<total>32</total>
				<timestamp>4516.150991</timestamp>
			</report>
			<report>
				<misses>13700001</misses>
				<total>32</total>
				<timestamp>4516.480585</timestamp>
			</report>
			<report>
				<misses>13701001</misses>
				<total>32</total>
				<timestamp>4516.810253</timestamp>
			</report>
			<report>
				<misses>13702001</misses>
				<total>32</total>
				<timestamp>4517.139984</timestamp>
			</report>
			<report>
				<misses>13703001</misses>
				<total>32</total>
				<timestamp>4517.469581</timestamp>
			</report>
			<report>
				<misses>13704001</misses>
				<total>32</total>
				<timestamp>4517.799262</timestamp>
			</report>
			<report>
				<misses>13705001</misses>
				<total>32</total>
				<timestamp>4518.128944</timestamp>
			</report>
			<report>
				<misses>13706001</misses>
				<total>32</total>
				<timestamp>4518.458593</timestamp>
			</report>
			<report>
				<misses>13707001</misses>
				<total>32</total>
				<timestamp>4518.788271</timestamp>
			</report>
			<report>
				<misses>13708001</misses>
				<total>32</total>
				<timestamp>4519.117934</timestamp>
			</report>
			<report>
				<misses>13709001</misses>
				<total>32</total>
				<timestamp>4519.447635</timestamp>
			</report>
			<report>
				<misses>13710001</misses>
				<total>32</total>
				<timestamp>4519.777279</timestamp>
			</report>
			<report>
				<misses>13711001</misses>
				<total>32</total>
				<timestamp>4520.106998</timestamp>
			</report>
			<report>
				<misses>13712001</misses>
				<total>32</total>
				<timestamp>4520.436624</timestamp>
			</report>
			<report>
				<misses>13713001</misses>
				<total>32</total>
				<timestamp>4520.766350</timestamp>
			</report>
			<report>
				<misses>13714001</misses>
				<total>32</total>
				<timestamp>4521.095968</timestamp>
			</report>
			<report>
				<misses>13715001</misses>
				<total>32</total>
				<timestamp>4521.425651</timestamp>
			</report>
			<report>
				<misses>13716001</misses>
				<total>32</total>
				<timestamp>4521.755306</timestamp>
			</report>
			<report>
				<misses>13717001</misses>
				<total>32</total>
				<timestamp>4522.084960</timestamp>
			</report>
			<report>
				<misses>13718001</misses>
				<total>32</total>
				<timestamp>4522.414630</timestamp>
			</report>
			<report>
				<misses>13719001</misses>
				<total>32</total>
				<timestamp>4522.744316</timestamp>
			</report>
			<report>
				<misses>13720001</misses>
				<total>32</total>
				<timestamp>4523.073980</timestamp>
			</report>
			<report>
				<misses>13721001</misses>
				<total>32</total>
				<timestamp>4523.403656</timestamp>
			</report>
			<report>
				<misses>13722001</misses>
				<total>32</total>
				<timestamp>4523.733338</timestamp>
			</report>
			<report>
				<misses>13723001</misses>
				<total>32</total>
				<timestamp>4524.063042</timestamp>
			</report>
			<report>
				<misses>13724001</misses>
				<total>32</total>
				<timestamp>4524.392669</timestamp>
			</report>
			<report>
				<misses>13725001</misses>
				<total>32</total>
				<timestamp>4524.722357</timestamp>
			</report>
			<report>
				<misses>13726001</misses>
				<total>32</total>
				<timestamp>4525.051990</timestamp>
			</report>
			<report>
				<misses>13727001</misses>
				<total>32</total>
				<timestamp>4525.381696</timestamp>
			</report>
			<report>
				<misses>13728001</misses>
				<total>32</total>
				<timestamp>4525.711339</timestamp>
			</report>
			<report>
				<misses>13729001</misses>
				<total>32</total>
				<timestamp>4526.041008</timestamp>
			</report>
			<report>
				<misses>13730001</misses>
				<total>32</total>
				<timestamp>4526.370729</timestamp>
			</report>
			<report>
				<misses>13731001</misses>
				<total>32</total>
				<timestamp>4526.700378</timestamp>
			</report>
			<report>
				<misses>13732001</misses>
				<total>32</total>
				<timestamp>4527.030024</timestamp>
			</report>
			<report>
				<misses>13733001</misses>
				<total>32</total>
				<timestamp>4527.359696</timestamp>
			</report>
			<report>
				<misses>13734001</misses>
				<total>32</total>
				<timestamp>4527.689407</timestamp>
			</report>
			<report>
				<misses>13735001</misses>
				<total>32</total>
				<timestamp>4528.019049</timestamp>
			</report>
			<report>
				<misses>13736001</misses>
				<total>32</total>
				<timestamp>4528.348720</timestamp>
			</report>
			<report>
				<misses>13737001</misses>
				<total>32</total>
				<timestamp>4528.678371</timestamp>
			</report>
			<report>
				<misses>13738001</misses>
				<total>32</total>
				<timestamp>4529.008058</timestamp>
			</report>
			<report>
				<misses>13739001</misses>
				<total>32</total>
				<timestamp>4529.337840</timestamp>
			</report>
			<report>
				<misses>13740001</misses>
				<total>32</total>
				<timestamp>4529.667371</timestamp>
			</report>
			<report>
				<misses>13741001</misses>
				<total>32</total>
				<timestamp>4529.997054</timestamp>
			</report>
			<report>
				<misses>13742001</misses>
				<total>32</total>
				<timestamp>4530.326738</timestamp>
			</report>
			<report>
				<misses>13743001</misses>
				<total>32</total>
				<timestamp>4530.656384</timestamp>
			</report>
			<report>
				<misses>13744001</misses>
				<total>32</total>
				<timestamp>4530.986060</timestamp>
			</report>
			<report>
				<misses>13745001</misses>
				<total>32</total>
				<timestamp>4531.315723</timestamp>
			</report>
			<report>
				<misses>13746001</misses>
				<total>32</total>
				<timestamp>4531.645389</timestamp>
			</report>
			<report>
				<misses>13747001</misses>
				<total>32</total>
				<timestamp>4531.975094</timestamp>
			</report>
			<report>
				<misses>13748001</misses>
				<total>32</total>
				<timestamp>4532.304764</timestamp>
			</report>
			<report>
				<misses>13749001</misses>
				<total>32</total>
				<timestamp>4532.634410</timestamp>
			</report>
			<report>
				<misses>13750001</misses>
				<total>32</total>
				<timestamp>4532.964086</timestamp>
			</report>
			<report>
				<misses>13751001</misses>
				<total>32</total>
				<timestamp>4533.293799</timestamp>
			</report>
			<report>
				<misses>13752001</misses>
				<total>32</total>
				<timestamp>4533.623419</timestamp>
			</report>
			<report>
				<misses>13753001</misses>
				<total>32</total>
				<timestamp>4533.953096</timestamp>
			</report>
			<report>
				<misses>13754001</misses>
				<total>32</total>
				<timestamp>4534.282841</timestamp>
			</report>
			<report>
				<misses>13755001</misses>
				<total>32</total>
				<timestamp>4534.612421</timestamp>
			</report>
			<report>
				<misses>13756001</misses>
				<total>32</total>
				<timestamp>4534.942116</timestamp>
			</report>
			<report>
				<misses>13757001</misses>
				<total>32</total>
				<timestamp>4535.271801</timestamp>
			</report>
			<report>
				<misses>13758001</misses>
				<total>32</total>
				<timestamp>4535.601436</timestamp>
			</report>
			<report>
				<misses>13759001</misses>
				<total>32</total>
				<timestamp>4535.931133</timestamp>
			</report>
			<report>
				<misses>13760001</misses>
				<total>32</total>
				<timestamp>4536.260888</timestamp>
			</report>
			<report>
				<misses>13761001</misses>
				<total>32</total>
				<timestamp>4536.590446</timestamp>
			</report>
			<report>
				<misses>13762001</misses>
				<total>32</total>
				<timestamp>4536.920128</timestamp>
			</report>
			<report>
				<misses>13763001</misses>
				<total>32</total>
				<timestamp>4537.249825</timestamp>
			</report>
			<report>
				<misses>13764001</misses>
				<total>32</total>
				<timestamp>4537.579480</timestamp>
			</report>
			<report>
				<misses>13765001</misses>
				<total>32</total>
				<timestamp>4537.909125</timestamp>
			</report>
			<report>
				<misses>13766001</misses>
				<total>32</total>
				<timestamp>4538.238820</timestamp>
			</report>
			<report>
				<misses>13767001</misses>
				<total>32</total>
				<timestamp>4538.568461</timestamp>
			</report>
			<report>
				<misses>13768001</misses>
				<total>32</total>
				<timestamp>4538.898154</timestamp>
			</report>
			<report>
				<misses>13769001</misses>
				<total>32</total>
				<timestamp>4539.227822</timestamp>
			</report>
			<report>
				<misses>13770001</misses>
				<total>32</total>
				<timestamp>4539.557485</timestamp>
			</report>
			<report>
				<misses>13771001</misses>
				<total>32</total>
				<timestamp>4539.887140</timestamp>
			</report>
			<report>
				<misses>13772001</misses>
				<total>32</total>
				<timestamp>4540.216876</timestamp>
			</report>
			<report>
				<misses>13773001</misses>
				<total>32</total>
				<timestamp>4540.546544</timestamp>
			</report>
			<report>
				<misses>13774001</misses>
				<total>32</total>
				<timestamp>4540.876173</timestamp>
			</report>
			<report>
				<misses>13775001</misses>
				<total>32</total>
				<timestamp>4541.205856</timestamp>
			</report>
			<report>
				<misses>13776001</misses>
				<total>32</total>
				<timestamp>4541.535521</timestamp>
			</report>
			<report>
				<misses>13777001</misses>
				<total>32</total>
				<timestamp>4541.865168</timestamp>
			</report>
			<report>
				<misses>13778001</misses>
				<total>32</total>
				<timestamp>4542.194901</timestamp>
			</report>
			<report>
				<misses>13779001</misses>
				<total>32</total>
				<timestamp>4542.524503</timestamp>
			</report>
			<report>
				<misses>13780001</misses>
				<total>32</total>
				<timestamp>4542.854208</timestamp>
			</report>
			<report>
				<misses>13781001</misses>
				<total>32</total>
				<timestamp>4543.183897</timestamp>
			</report>
			<report>
				<misses>13782001</misses>
				<total>32</total>
				<timestamp>4543.513547</timestamp>
			</report>
			<report>
				<misses>13783001</misses>
				<total>32</total>
				<timestamp>4543.843208</timestamp>
			</report>
			<report>
				<misses>13784001</misses>
				<total>32</total>
				<timestamp>4544.172872</timestamp>
			</report>
			<report>
				<misses>13785001</misses>
				<total>32</total>
				<timestamp>4544.502559</timestamp>
			</report>
			<report>
				<misses>13786001</misses>
				<total>32</total>
				<timestamp>4544.832219</timestamp>
			</report>
			<report>
				<misses>13787001</misses>
				<total>32</total>
				<timestamp>4545.161875</timestamp>
			</report>
			<report>
				<misses>13788001</misses>
				<total>32</total>
				<timestamp>4545.491540</timestamp>
			</report>
			<report>
				<misses>13789001</misses>
				<total>32</total>
				<timestamp>4545.821219</timestamp>
			</report>
			<report>
				<misses>13790001</misses>
				<total>32</total>
				<timestamp>4546.150922</timestamp>
			</report>
			<report>
				<misses>13791001</misses>
				<total>32</total>
				<timestamp>4546.480577</timestamp>
			</report>
			<report>
				<misses>13792001</misses>
				<total>32</total>
				<timestamp>4546.810243</timestamp>
			</report>
			<report>
				<misses>13793001</misses>
				<total>32</total>
				<timestamp>4547.139958</timestamp>
			</report>
			<report>
				<misses>13794001</misses>
				<total>32</total>
				<timestamp>4547.469604</timestamp>
			</report>
			<report>
				<misses>13795001</misses>
				<total>32</total>
				<timestamp>4547.799302</timestamp>
			</report>
			<report>
				<misses>13796001</misses>
				<total>32</total>
				<timestamp>4548.128894</timestamp>
			</report>
			<report>
				<misses>13797001</misses>
				<total>32</total>
				<timestamp>4548.458594</timestamp>
			</report>
			<report>
				<misses>13798001</misses>
				<total>32</total>
				<timestamp>4548.788242</timestamp>
			</report>
			<report>
				<misses>13799001</misses>
				<total>32</total>
				<timestamp>4549.117907</timestamp>
			</report>
			<report>
				<misses>13800001</misses>
				<total>32</total>
				<timestamp>4549.447601</timestamp>
			</report>
			<report>
				<misses>13801001</misses>
				<total>32</total>
				<timestamp>4549.777267</timestamp>
			</report>
			<report>
				<misses>13802001</misses>
				<total>32</total>
				<timestamp>4550.106917</timestamp>
			</report>
			<report>
				<misses>13803001</misses>
				<total>32</total>
				<timestamp>4550.436605</timestamp>
			</report>
			<report>
				<misses>13804001</misses>
				<total>32</total>
				<timestamp>4550.766255</timestamp>
			</report>
			<report>
				<misses>13805001</misses>
				<total>32</total>
				<timestamp>4551.095931</timestamp>
			</report>
			<report>
				<misses>13806001</misses>
				<total>32</total>
				<timestamp>4551.425619</timestamp>
			</report>
			<report>
				<misses>13807001</misses>
				<total>32</total>
				<timestamp>4551.755283</timestamp>
			</report>
			<report>
				<misses>13808001</misses>
				<total>32</total>
				<timestamp>4552.084949</timestamp>
			</report>
			<report>
				<misses>13809001</misses>
				<total>32</total>
				<timestamp>4552.414609</timestamp>
			</report>
			<report>
				<misses>13810001</misses>
				<total>32</total>
				<timestamp>4552.744280</timestamp>
			</report>
			<report>
				<misses>13811001</misses>
				<total>32</total>
				<timestamp>4553.073953</timestamp>
			</report>
			<report>
				<misses>13812001</misses>
				<total>32</total>
				<timestamp>4553.403700</timestamp>
			</report>
			<report>
				<misses>13813001</misses>
				<total>32</total>
				<timestamp>4553.733295</timestamp>
			</report>
			<report>
				<misses>13814001</misses>
				<total>32</total>
				<timestamp>4554.063002</timestamp>
			</report>
			<report>
				<misses>13815001</misses>
				<total>32</total>
				<timestamp>4554.392704</timestamp>
			</report>
			<report>
				<misses>13816001</misses>
				<total>32</total>
				<timestamp>4554.722303</timestamp>
			</report>
			<report>
				<misses>13817001</misses>
				<total>32</total>
				<timestamp>4555.051985</timestamp>
			</report>
			<report>
				<misses>13818001</misses>
				<total>32</total>
				<timestamp>4555.381735</timestamp>
			</report>
			<report>
				<misses>13819001</misses>
				<total>32</total>
				<timestamp>4555.711301</timestamp>
			</report>
			<report>
				<misses>13820001</misses>
				<total>32</total>
				<timestamp>4556.040997</timestamp>
			</report>
			<report>
				<misses>13821001</misses>
				<total>32</total>
				<timestamp>4556.370727</timestamp>
			</report>
			<report>
				<misses>13822001</misses>
				<total>32</total>
				<timestamp>4556.700337</timestamp>
			</report>
			<report>
				<misses>13823001</misses>
				<total>32</total>
				<timestamp>4557.029992</timestamp>
			</report>
			<report>
				<misses>13824001</misses>
				<total>32</total>
				<timestamp>4557.359665</timestamp>
			</report>
			<report>
				<misses>13825001</misses>
				<total>32</total>
				<timestamp>4557.689333</timestamp>
			</report>
			<report>
				<misses>13826001</misses>
				<total>32</total>
				<timestamp>4558.019008</timestamp>
			</report>
			<report>
				<misses>13827001</misses>
				<total>32</total>
				<timestamp>4558.348681</timestamp>
			</report>
			<report>
				<misses>13828001</misses>
				<total>32</total>
				<timestamp>4558.678337</timestamp>
			</report>
			<report>
				<misses>13829001</misses>
				<total>32</total>
				<timestamp>4559.008018</timestamp>
			</report>
			<report>
				<misses>13830001</misses>
				<total>32</total>
				<timestamp>4559.337714</timestamp>
			</report>
			<report>
				<misses>13831001</misses>
				<total>32</total>
				<timestamp>4559.667363</timestamp>
			</report>
			<report>
				<misses>13832001</misses>
				<total>32</total>
				<timestamp>4559.997019</timestamp>
			</report>
			<report>
				<misses>13833001</misses>
				<total>32</total>
				<timestamp>4560.326697</timestamp>
			</report>
			<report>
				<misses>13834001</misses>
				<total>32</total>
				<timestamp>4560.656359</timestamp>
			</report>
			<report>
				<misses>13835001</misses>
				<total>32</total>
				<timestamp>4560.986025</timestamp>
			</report>
			<report>
				<misses>13836001</misses>
				<total>32</total>
				<timestamp>4561.315704</timestamp>
			</report>
			<report>
				<misses>13837001</misses>
				<total>32</total>
				<timestamp>4561.645437</timestamp>
			</report>
			<report>
				<misses>13838001</misses>
				<total>32</total>
				<timestamp>4561.975042</timestamp>
			</report>
			<report>
				<misses>13839001</misses>
				<total>32</total>
				<timestamp>4562.304758</timestamp>
			</report>
			<report>
				<misses>13840001</misses>
				<total>32</total>
				<timestamp>4562.634401</timestamp>
			</report>
			<report>
				<misses>13841001</misses>
				<total>32</total>
				<timestamp>4562.964044</timestamp>
			</report>
			<report>
				<misses>13842001</misses>
				<total>32</total>
				<timestamp>4563.293706</timestamp>
			</report>
			<report>
				<misses>13843001</misses>
				<total>32</total>
				<timestamp>4563.623416</timestamp>
			</report>
			<report>
				<misses>13844001</misses>
				<total>32</total>
				<timestamp>4563.953063</timestamp>
			</report>
			<report>
				<misses>13845001</misses>
				<total>32</total>
				<timestamp>4564.282805</timestamp>
			</report>
			<report>
				<misses>13846001</misses>
				<total>32</total>
				<timestamp>4564.612401</timestamp>
			</report>
			<report>
				<misses>13847001</misses>
				<total>32</total>
				<timestamp>4564.942060</timestamp>
			</report>
			<report>
				<misses>13848001</misses>
				<total>32</total>
				<timestamp>4565.271778</timestamp>
			</report>
			<report>
				<misses>13849001</misses>
				<total>32</total>
				<timestamp>4565.601436</timestamp>
			</report>
			<report>
				<misses>13850001</misses>
				<total>32</total>
				<timestamp>4565.931112</timestamp>
			</report>
			<report>
				<misses>13851001</misses>
				<total>32</total>
				<timestamp>4566.260754</timestamp>
			</report>
			<report>
				<misses>13852001</misses>
				<total>32</total>
				<timestamp>4566.590495</timestamp>
			</report>
			<report>
				<misses>13853001</misses>
				<total>32</total>
				<timestamp>4566.920089</timestamp>
			</report>
			<report>
				<misses>13854001</misses>
				<total>32</total>
				<timestamp>4567.249749</timestamp>
			</report>
			<report>
				<misses>13855001</misses>
				<total>32</total>
				<timestamp>4567.579422</timestamp>
			</report>
			<report>
				<misses>13856001</misses>
				<total>32</total>
				<timestamp>4567.909095</timestamp>
			</report>
			<report>
				<misses>13857001</misses>
				<total>32</total>
				<timestamp>4568.238773</timestamp>
			</report>
			<report>
				<misses>13858001</misses>
				<total>32</total>
				<timestamp>4568.568489</timestamp>
			</report>
			<report>
				<misses>13859001</misses>
				<total>32</total>
				<timestamp>4568.898113</timestamp>
			</report>
			<report>
				<misses>13860001</misses>
				<total>32</total>
				<timestamp>4569.227778</timestamp>
			</report>
			<report>
				<misses>13861001</misses>
				<total>32</total>
				<timestamp>4569.557472</timestamp>
			</report>
			<report>
				<misses>13862001</misses>
				<total>32</total>
				<timestamp>4569.887126</timestamp>
			</report>
			<report>
				<misses>13863001</misses>
				<total>32</total>
				<timestamp>4570.216802</timestamp>
			</report>
			<report>
				<misses>13864001</misses>
				<total>32</total>
				<timestamp>4570.546496</timestamp>
			</report>
			<report>
				<misses>13865001</misses>
				<total>32</total>
				<timestamp>4570.876169</timestamp>
			</report>
			<report>
				<misses>13866001</misses>
				<total>32</total>
				<timestamp>4571.205790</timestamp>
			</report>
			<report>
				<misses>13867001</misses>
				<total>32</total>
				<timestamp>4571.535456</timestamp>
			</report>
			<report>
				<misses>13868001</misses>
				<total>32</total>
				<timestamp>4571.865125</timestamp>
			</report>
			<report>
				<misses>13869001</misses>
				<total>32</total>
				<timestamp>4572.194793</timestamp>
			</report>
			<report>
				<misses>13870001</misses>
				<total>32</total>
				<timestamp>4572.524499</timestamp>
			</report>
			<report>
				<misses>13871001</misses>
				<total>32</total>
				<timestamp>4572.854130</timestamp>
			</report>
			<report>
				<misses>13872001</misses>
				<total>32</total>
				<timestamp>4573.183825</timestamp>
			</report>
			<report>
				<misses>13873001</misses>
				<total>32</total>
				<timestamp>4573.513536</timestamp>
			</report>
			<report>
				<misses>13874001</misses>
				<total>32</total>
				<timestamp>4573.843164</timestamp>
			</report>
			<report>
				<misses>13875001</misses>
				<total>32</total>
				<timestamp>4574.172825</timestamp>
			</report>
			<report>
				<misses>13876001</misses>
				<total>32</total>
				<timestamp>4574.502517</timestamp>
			</report>
			<report>
				<misses>13877001</misses>
				<total>32</total>
				<timestamp>4574.832190</timestamp>
			</report>
			<report>
				<misses>13878001</misses>
				<total>32</total>
				<timestamp>4575.161854</timestamp>
			</report>
			<report>
				<misses>13879001</misses>
				<total>32</total>
				<timestamp>4575.491551</timestamp>
			</report>
			<report>
				<misses>13880001</misses>
				<total>32</total>
				<timestamp>4575.821177</timestamp>
			</report>
			<report>
				<misses>13881001</misses>
				<total>32</total>
				<timestamp>4576.150856</timestamp>
			</report>
			<report>
				<misses>13882001</misses>
				<total>32</total>
				<timestamp>4576.480598</timestamp>
			</report>
			<report>
				<misses>13883001</misses>
				<total>32</total>
				<timestamp>4576.810196</timestamp>
			</report>
			<report>
				<misses>13884001</misses>
				<total>32</total>
				<timestamp>4577.139859</timestamp>
			</report>
			<report>
				<misses>13885001</misses>
				<total>32</total>
				<timestamp>4577.469589</timestamp>
			</report>
			<report>
				<misses>13886001</misses>
				<total>32</total>
				<timestamp>4577.799212</timestamp>
			</report>
			<report>
				<misses>13887001</misses>
				<total>32</total>
				<timestamp>4578.128866</timestamp>
			</report>
			<report>
				<misses>13888001</misses>
				<total>32</total>
				<timestamp>4578.458579</timestamp>
			</report>
			<report>
				<misses>13889001</misses>
				<total>32</total>
				<timestamp>4578.788208</timestamp>
			</report>
			<report>
				<misses>13890001</misses>
				<total>32</total>
				<timestamp>4579.117876</timestamp>
			</report>
			<report>
				<misses>13891001</misses>
				<total>32</total>
				<timestamp>4579.447568</timestamp>
			</report>
			<report>
				<misses>13892001</misses>
				<total>32</total>
				<timestamp>4579.777234</timestamp>
			</report>
			<report>
				<misses>13893001</misses>
				<total>32</total>
				<timestamp>4580.106906</timestamp>
			</report>
			<report>
				<misses>13894001</misses>
				<total>32</total>
				<timestamp>4580.436594</timestamp>
			</report>
			<report>
				<misses>13895001</misses>
				<total>32</total>
				<timestamp>4580.766236</timestamp>
			</report>
			<report>
				<misses>13896001</misses>
				<total>32</total>
				<timestamp>4581.095890</timestamp>
			</report>
			<report>
				<misses>13897001</misses>
				<total>32</total>
				<timestamp>4581.425656</timestamp>
			</report>
			<report>
				<misses>13898001</misses>
				<total>32</total>
				<timestamp>4581.755238</timestamp>
			</report>
			<report>
				<misses>13899001</misses>
				<total>32</total>
				<timestamp>4582.084926</timestamp>
			</report>
			<report>
				<misses>13900001</misses>
				<total>32</total>
				<timestamp>4582.414615</timestamp>
			</report>
			<report>
				<misses>13901001</misses>
				<total>32</total>
				<timestamp>4582.744261</timestamp>
			</report>
			<report>
				<misses>13902001</misses>
				<total>32</total>
				<timestamp>4583.073928</timestamp>
			</report>
			<report>
				<misses>13903001</misses>
				<total>32</total>
				<timestamp>4583.403644</timestamp>
			</report>
			<report>
				<misses>13904001</misses>
				<total>32</total>
				<timestamp>4583.733275</timestamp>
			</report>
			<report>
				<misses>13905001</misses>
				<total>32</total>
				<timestamp>4584.062924</timestamp>
			</report>
			<report>
				<misses>13906001</misses>
				<total>32</total>
				<timestamp>4584.392651</timestamp>
			</report>
			<report>
				<misses>13907001</misses>
				<total>32</total>
				<timestamp>4584.722296</timestamp>
			</report>
			<report>
				<misses>13908001</misses>
				<total>32</total>
				<timestamp>4585.051922</timestamp>
			</report>
			<report>
				<misses>13909001</misses>
				<total>32</total>
				<timestamp>4585.381649</timestamp>
			</report>
			<report>
				<misses>13910001</misses>
				<total>32</total>
				<timestamp>4585.711295</timestamp>
			</report>
			<report>
				<misses>13911001</misses>
				<total>32</total>
				<timestamp>4586.040953</timestamp>
			</report>
			<report>
				<misses>13912001</misses>
				<total>32</total>
				<timestamp>4586.370622</timestamp>
			</report>
			<report>
				<misses>13913001</misses>
				<total>32</total>
				<timestamp>4586.700327</timestamp>
			</report>
			<report>
				<misses>13914001</misses>
				<total>32</total>
				<timestamp>4587.030016</timestamp>
			</report>
			<report>
				<misses>13915001</misses>
				<total>32</total>
				<timestamp>4587.359669</timestamp>
			</report>
			<report>
				<misses>13916001</misses>
				<total>32</total>
				<timestamp>4587.689349</timestamp>
			</report>
			<report>
				<misses>13917001</misses>
				<total>32</total>
				<timestamp>4588.018974</timestamp>
			</report>
			<report>
				<misses>13918001</misses>
				<total>32</total>
				<timestamp>4588.348652</timestamp>
			</report>
			<report>
				<misses>13919001</misses>
				<total>32</total>
				<timestamp>4588.678348</timestamp>
			</report>
			<report>
				<misses>13920001</misses>
				<total>32</total>
				<timestamp>4589.007966</timestamp>
			</report>
			<report>
				<misses>13921001</misses>
				<total>32</total>
				<timestamp>4589.337672</timestamp>
			</report>
			<report>
				<misses>13922001</misses>
				<total>32</total>
				<timestamp>4589.667316</timestamp>
			</report>
			<report>
				<misses>13923001</misses>
				<total>32</total>
				<timestamp>4589.996993</timestamp>
			</report>
			<report>
				<misses>13924001</misses>
				<total>32</total>
				<timestamp>4590.326671</timestamp>
			</report>
			<report>
				<misses>13925001</misses>
				<total>32</total>
				<timestamp>4590.656370</timestamp>
			</report>
			<report>
				<misses>13926001</misses>
				<total>32</total>
				<timestamp>4590.986006</timestamp>
			</report>
			<report>
				<misses>13927001</misses>
				<total>32</total>
				<timestamp>4591.315673</timestamp>
			</report>
			<report>
				<misses>13928001</misses>
				<total>32</total>
				<timestamp>4591.645372</timestamp>
			</report>
			<report>
				<misses>13929001</misses>
				<total>32</total>
				<timestamp>4591.975043</timestamp>
			</report>
			<report>
				<misses>13930001</misses>
				<total>32</total>
				<timestamp>4592.304681</timestamp>
			</report>
			<report>
				<misses>13931001</misses>
				<total>32</total>
				<timestamp>4592.634363</timestamp>
			</report>
			<report>
				<misses>13932001</misses>
				<total>32</total>
				<timestamp>4592.964012</timestamp>
			</report>
			<report>
				<misses>13933001</misses>
				<total>32</total>
				<timestamp>4593.293707</timestamp>
			</report>
			<report>
				<misses>13934001</misses>
				<total>32</total>
				<timestamp>4593.623401</timestamp>
			</report>
			<report>
				<misses>13935001</misses>
				<total>32</total>
				<timestamp>4593.953029</timestamp>
			</report>
			<report>
				<misses>13936001</misses>
				<total>32</total>
				<timestamp>4594.282694</timestamp>
			</report>
			<report>
				<misses>13937001</misses>
				<total>32</total>
				<timestamp>4594.612371</timestamp>
			</report>
			<report>
				<misses>13938001</misses>
				<total>32</total>
				<timestamp>4594.942057</timestamp>
			</report>
			<report>
				<misses>13939001</misses>
				<total>32</total>
				<timestamp>4595.271694</timestamp>
			</report>
			<report>
				<misses>13940001</misses>
				<total>32</total>
				<timestamp>4595.601451</timestamp>
			</report>
			<report>
				<misses>13941001</misses>
				<total>32</total>
				<timestamp>4595.931037</timestamp>
			</report>
			<report>
				<misses>13942001</misses>
				<total>32</total>
				<timestamp>4596.260720</timestamp>
			</report>
			<report>
				<misses>13943001</misses>
				<total>32</total>
				<timestamp>4596.590482</timestamp>
			</report>
			<report>
				<misses>13944001</misses>
				<total>32</total>
				<timestamp>4596.920059</timestamp>
			</report>
			<report>
				<misses>13945001</misses>
				<total>32</total>
				<timestamp>4597.249775</timestamp>
			</report>
			<report>
				<misses>13946001</misses>
				<total>32</total>
				<timestamp>4597.579505</timestamp>
			</report>
			<report>
				<misses>13947001</misses>
				<total>32</total>
				<timestamp>4597.909091</timestamp>
			</report>
			<report>
				<misses>13948001</misses>
				<total>32</total>
				<timestamp>4598.238732</timestamp>
			</report>
			<report>
				<misses>13949001</misses>
				<total>32</total>
				<timestamp>4598.568494</timestamp>
			</report>
			<report>
				<misses>13950001</misses>
				<total>32</total>
				<timestamp>4598.898094</timestamp>
			</report>
			<report>
				<misses>13951001</misses>
				<total>32</total>
				<timestamp>4599.227751</timestamp>
			</report>
			<report>
				<misses>13952001</misses>
				<total>32</total>
				<timestamp>4599.557470</timestamp>
			</report>
			<report>
				<misses>13953001</misses>
				<total>32</total>
				<timestamp>4599.887155</timestamp>
			</report>
			<report>
				<misses>13954001</misses>
				<total>32</total>
				<timestamp>4600.216752</timestamp>
			</report>
			<report>
				<misses>13955001</misses>
				<total>32</total>
				<timestamp>4600.546421</timestamp>
			</report>
			<report>
				<misses>13956001</misses>
				<total>32</total>
				<timestamp>4600.876103</timestamp>
			</report>
			<report>
				<misses>13957001</misses>
				<total>32</total>
				<timestamp>4601.205760</timestamp>
			</report>
			<report>
				<misses>13958001</misses>
				<total>32</total>
				<timestamp>4601.535520</timestamp>
			</report>
			<report>
				<misses>13959001</misses>
				<total>32</total>
				<timestamp>4601.865116</timestamp>
			</report>
			<report>
				<misses>13960001</misses>
				<total>32</total>
				<timestamp>4602.194801</timestamp>
			</report>
			<report>
				<misses>13961001</misses>
				<total>32</total>
				<timestamp>4602.524510</timestamp>
			</report>
			<report>
				<misses>13962001</misses>
				<total>32</total>
				<timestamp>4602.854147</timestamp>
			</report>
			<report>
				<misses>13963001</misses>
				<total>32</total>
				<timestamp>4603.183785</timestamp>
			</report>
			<report>
				<misses>13964001</misses>
				<total>32</total>
				<timestamp>4603.513485</timestamp>
			</report>
			<report>
				<misses>13965001</misses>
				<total>32</total>
				<timestamp>4603.843158</timestamp>
			</report>
			<report>
				<misses>13966001</misses>
				<total>32</total>
				<timestamp>4604.172810</timestamp>
			</report>
			<report>
				<misses>13967001</misses>
				<total>32</total>
				<timestamp>4604.502483</timestamp>
			</report>
			<report>
				<misses>13968001</misses>
				<total>32</total>
				<timestamp>4604.832160</timestamp>
			</report>
			<report>
				<misses>13969001</misses>
				<total>32</total>
				<timestamp>4605.161798</timestamp>
			</report>
			<report>
				<misses>13970001</misses>
				<total>32</total>
				<timestamp>4605.491509</timestamp>
			</report>
			<report>
				<misses>13971001</misses>
				<total>32</total>
				<timestamp>4605.821156</timestamp>
			</report>
			<report>
				<misses>13972001</misses>
				<total>32</total>
				<timestamp>4606.150806</timestamp>
			</report>
			<report>
				<misses>13973001</misses>
				<total>32</total>
				<timestamp>4606.480531</timestamp>
			</report>
			<report>
				<misses>13974001</misses>
				<total>32</total>
				<timestamp>4606.810168</timestamp>
			</report>
			<report>
				<misses>13975001</misses>
				<total>32</total>
				<timestamp>4607.139844</timestamp>
			</report>
			<report>
				<misses>13976001</misses>
				<total>32</total>
				<timestamp>4607.469498</timestamp>
			</report>
			<report>
				<misses>13977001</misses>
				<total>32</total>
				<timestamp>4607.799214</timestamp>
			</report>
			<report>
				<misses>13978001</misses>
				<total>32</total>
				<timestamp>4608.128862</timestamp>
			</report>
			<report>
				<misses>13979001</misses>
				<total>32</total>
				<timestamp>4608.458561</timestamp>
			</report>
			<report>
				<misses>13980001</misses>
				<total>32</total>
				<timestamp>4608.788206</timestamp>
			</report>
			<report>
				<misses>13981001</misses>
				<total>32</total>
				<timestamp>4609.117854</timestamp>
			</report>
			<report>
				<misses>13982001</misses>
				<total>32</total>
				<timestamp>4609.447550</timestamp>
			</report>
			<report>
				<misses>13983001</misses>
				<total>32</total>
				<timestamp>4609.777214</timestamp>
			</report>
			<report>
				<misses>13984001</misses>
				<total>32</total>
				<timestamp>4610.106883</timestamp>
			</report>
			<report>
				<misses>13985001</misses>
				<total>32</total>
				<timestamp>4610.436551</timestamp>
			</report>
			<report>
				<misses>13986001</misses>
				<total>32</total>
				<timestamp>4610.766241</timestamp>
			</report>
			<report>
				<misses>13987001</misses>
				<total>32</total>
				<timestamp>4611.095893</timestamp>
			</report>
			<report>
				<misses>13988001</misses>
				<total>32</total>
				<timestamp>4611.425592</timestamp>
			</report>
			<report>
				<misses>13989001</misses>
				<total>32</total>
				<timestamp>4611.755243</timestamp>
			</report>
			<report>
				<misses>13990001</misses>
				<total>32</total>
				<timestamp>4612.084887</timestamp>
			</report>
			<report>
				<misses>13991001</misses>
				<total>32</total>
				<timestamp>4612.414543</timestamp>
			</report>
			<report>
				<misses>13992001</misses>
				<total>32</total>
				<timestamp>4612.744246</timestamp>
			</report>
			<report>
				<misses>13993001</misses>
				<total>32</total>
				<timestamp>4613.073897</timestamp>
			</report>
			<report>
				<misses>13994001</misses>
				<total>32</total>
				<timestamp>4613.403581</timestamp>
			</report>
			<report>
				<misses>13995001</misses>
				<total>32</total>
				<timestamp>4613.733238</timestamp>
			</report>
			<report>
				<misses>13996001</misses>
				<total>32</total>
				<timestamp>4614.062914</timestamp>
			</report>
			<report>
				<misses>13997001</misses>
				<total>32</total>
				<timestamp>4614.392662</timestamp>
			</report>
			<report>
				<misses>13998001</misses>
				<total>32</total>
				<timestamp>4614.722254</timestamp>
			</report>
			<report>
				<misses>13999001</misses>
				<total>32</total>
				<timestamp>4615.051917</timestamp>
			</report>
			<report>
				<misses>14000001</misses>
				<total>32</total>
				<timestamp>4615.381609</timestamp>
			</report>
			<report>
				<misses>14001001</misses>
				<total>32</total>
				<timestamp>4615.711242</timestamp>
			</report>
			<report>
				<misses>14002001</misses>
				<total>32</total>
				<timestamp>4616.040927</timestamp>
			</report>
			<report>
				<misses>14003001</misses>
				<total>32</total>
				<timestamp>4616.370607</timestamp>
			</report>
			<report>
				<misses>14004001</misses>
				<total>32</total>
				<timestamp>4616.700273</timestamp>
			</report>
			<report>
				<misses>14005001</misses>
				<total>32</total>
				<timestamp>4617.029915</timestamp>
			</report>
			<report>
				<misses>14006001</misses>
				<total>32</total>
				<timestamp>4617.359588</timestamp>
			</report>
			<report>
				<misses>14007001</misses>
				<total>32</total>
				<timestamp>4617.689296</timestamp>
			</report>
			<report>
				<misses>14008001</misses>
				<total>32</total>
				<timestamp>4618.018933</timestamp>
			</report>
			<report>
				<misses>14009001</misses>
				<total>32</total>
				<timestamp>4618.348622</timestamp>
			</report>
			<report>
				<misses>14010001</misses>
				<total>32</total>
				<timestamp>4618.678300</timestamp>
			</report>
			<report>
				<misses>14011001</misses>
				<total>32</total>
				<timestamp>4619.007995</timestamp>
			</report>
			<report>
				<misses>14012001</misses>
				<total>32</total>
				<timestamp>4619.337672</timestamp>
			</report>
			<report>
				<misses>14013001</misses>
				<total>32</total>
				<timestamp>4619.667312</timestamp>
			</report>
			<report>
				<misses>14014001</misses>
				<total>32</total>
				<timestamp>4619.996960</timestamp>
			</report>
			<report>
				<misses>14015001</misses>
				<total>32</total>
				<timestamp>4620.326622</timestamp>
			</report>
			<report>
				<misses>14016001</misses>
				<total>32</total>
				<timestamp>4620.656294</timestamp>
			</report>
			<report>
				<misses>14017001</misses>
				<total>32</total>
				<timestamp>4620.985975</timestamp>
			</report>
			<report>
				<misses>14018001</misses>
				<total>32</total>
				<timestamp>4621.315648</timestamp>
			</report>
			<report>
				<misses>14019001</misses>
				<total>32</total>
				<timestamp>4621.645302</timestamp>
			</report>
			<report>
				<misses>14020001</misses>
				<total>32</total>
				<timestamp>4621.974981</timestamp>
			</report>
			<report>
				<misses>14021001</misses>
				<total>32</total>
				<timestamp>4622.304670</timestamp>
			</report>
			<report>
				<misses>14022001</misses>
				<total>32</total>
				<timestamp>4622.634362</timestamp>
			</report>
			<report>
				<misses>14023001</misses>
				<total>32</total>
				<timestamp>4622.964000</timestamp>
			</report>
			<report>
				<misses>14024001</misses>
				<total>32</total>
				<timestamp>4623.293660</timestamp>
			</report>
			<report>
				<misses>14025001</misses>
				<total>32</total>
				<timestamp>4623.623346</timestamp>
			</report>
			<report>
				<misses>14026001</misses>
				<total>32</total>
				<timestamp>4623.953008</timestamp>
			</report>
			<report>
				<misses>14027001</misses>
				<total>32</total>
				<timestamp>4624.282672</timestamp>
			</report>
			<report>
				<misses>14028001</misses>
				<total>32</total>
				<timestamp>4624.612374</timestamp>
			</report>
			<report>
				<misses>14029001</misses>
				<total>32</total>
				<timestamp>4624.942012</timestamp>
			</report>
			<report>
				<misses>14030001</misses>
				<total>32</total>
				<timestamp>4625.271711</timestamp>
			</report>
			<report>
				<misses>14031001</misses>
				<total>32</total>
				<timestamp>4625.601408</timestamp>
			</report>
			<report>
				<misses>14032001</misses>
				<total>32</total>
				<timestamp>4625.931018</timestamp>
			</report>
			<report>
				<misses>14033001</misses>
				<total>32</total>
				<timestamp>4626.260690</timestamp>
			</report>
			<report>
				<misses>14034001</misses>
				<total>32</total>
				<timestamp>4626.590388</timestamp>
			</report>
			<report>
				<misses>14035001</misses>
				<total>32</total>
				<timestamp>4626.920087</timestamp>
			</report>
			<report>
				<misses>14036001</misses>
				<total>32</total>
				<timestamp>4627.249688</timestamp>
			</report>
			<report>
				<misses>14037001</misses>
				<total>32</total>
				<timestamp>4627.579433</timestamp>
			</report>
			<report>
				<misses>14038001</misses>
				<total>32</total>
				<timestamp>4627.909109</timestamp>
			</report>
			<report>
				<misses>14039001</misses>
				<total>32</total>
				<timestamp>4628.238713</timestamp>
			</report>
			<report>
				<misses>14040001</misses>
				<total>32</total>
				<timestamp>4628.568431</timestamp>
			</report>
			<report>
				<misses>14041001</misses>
				<total>32</total>
				<timestamp>4628.898076</timestamp>
			</report>
			<report>
				<misses>14042001</misses>
				<total>32</total>
				<timestamp>4629.227724</timestamp>
			</report>
			<report>
				<misses>14043001</misses>
				<total>32</total>
				<timestamp>4629.557407</timestamp>
			</report>
			<report>
				<misses>14044001</misses>
				<total>32</total>
				<timestamp>4629.887114</timestamp>
			</report>
			<report>
				<misses>14045001</misses>
				<total>32</total>
				<timestamp>4630.216735</timestamp>
			</report>
			<report>
				<misses>14046001</misses>
				<total>32</total>
				<timestamp>4630.546439</timestamp>
			</report>
			<report>
				<misses>14047001</misses>
				<total>32</total>
				<timestamp>4630.876090</timestamp>
			</report>
			<report>
				<misses>14048001</misses>
				<total>32</total>
				<timestamp>4631.205763</timestamp>
			</report>
			<report>
				<misses>14049001</misses>
				<total>32</total>
				<timestamp>4631.535501</timestamp>
			</report>
			<report>
				<misses>14050001</misses>
				<total>32</total>
				<timestamp>4631.865115</timestamp>
			</report>
			<report>
				<misses>14051001</misses>
				<total>32</total>
				<timestamp>4632.194751</timestamp>
			</report>
			<report>
				<misses>14052001</misses>
				<total>32</total>
				<timestamp>4632.524480</timestamp>
			</report>
			<report>
				<misses>14053001</misses>
				<total>32</total>
				<timestamp>4632.854101</timestamp>
			</report>
			<report>
				<misses>14054001</misses>
				<total>32</total>
				<timestamp>4633.183767</timestamp>
			</report>
			<report>
				<misses>14055001</misses>
				<total>32</total>
				<timestamp>4633.513512</timestamp>
			</report>
			<report>
				<misses>14056001</misses>
				<total>32</total>
				<timestamp>4633.843138</timestamp>
			</report>
			<report>
				<misses>14057001</misses>
				<total>32</total>
				<timestamp>4634.172769</timestamp>
			</report>
			<report>
				<misses>14058001</misses>
				<total>32</total>
				<timestamp>4634.502523</timestamp>
			</report>
			<report>
				<misses>14059001</misses>
				<total>32</total>
				<timestamp>4634.832166</timestamp>
			</report>
			<report>
				<misses>14060001</misses>
				<total>32</total>
				<timestamp>4635.161796</timestamp>
			</report>
			<report>
				<misses>14061001</misses>
				<total>32</total>
				<timestamp>4635.491469</timestamp>
			</report>
			<report>
				<misses>14062001</misses>
				<total>32</total>
				<timestamp>4635.821132</timestamp>
			</report>
			<report>
				<misses>14063001</misses>
				<total>32</total>
				<timestamp>4636.150797</timestamp>
			</report>
			<report>
				<misses>14064001</misses>
				<total>32</total>
				<timestamp>4636.480536</timestamp>
			</report>
			<report>
				<misses>14065001</misses>
				<total>32</total>
				<timestamp>4636.810125</timestamp>
			</report>
			<report>
				<misses>14066001</misses>
				<total>32</total>
				<timestamp>4637.139816</timestamp>
			</report>
			<report>
				<misses>14067001</misses>
				<total>32</total>
				<timestamp>4637.469490</timestamp>
			</report>
			<report>
				<misses>14068001</misses>
				<total>32</total>
				<timestamp>4637.799167</timestamp>
			</report>
			<report>
				<misses>14069001</misses>
				<total>32</total>
				<timestamp>4638.128815</timestamp>
			</report>
			<report>
				<misses>14070001</misses>
				<total>32</total>
				<timestamp>4638.458483</timestamp>
			</report>
			<report>
				<misses>14071001</misses>
				<total>32</total>
				<timestamp>4638.788173</timestamp>
			</report>
			<report>
				<misses>14072001</misses>
				<total>32</total>
				<timestamp>4639.117815</timestamp>
			</report>
			<report>
				<misses>14073001</misses>
				<total>32</total>
				<timestamp>4639.447484</timestamp>
			</report>
			<report>
				<misses>14074001</misses>
				<total>32</total>
				<timestamp>4639.777208</timestamp>
			</report>
			<report>
				<misses>14075001</misses>
				<total>32</total>
				<timestamp>4640.106817</timestamp>
			</report>
			<report>
				<misses>14076001</misses>
				<total>32</total>
				<timestamp>4640.436501</timestamp>
			</report>
			<report>
				<misses>14077001</misses>
				<total>32</total>
				<timestamp>4640.766170</timestamp>
			</report>
			<report>
				<misses>14078001</misses>
				<total>32</total>
				<timestamp>4641.095847</timestamp>
			</report>
			<report>
				<misses>14079001</misses>
				<total>32</total>
				<timestamp>4641.425494</timestamp>
			</report>
			<report>
				<misses>14080001</misses>
				<total>32</total>
				<timestamp>4641.755180</timestamp>
			</report>
			<report>
				<misses>14081001</misses>
				<total>32</total>
				<timestamp>4642.084856</timestamp>
			</report>
			<report>
				<misses>14082001</misses>
				<total>32</total>
				<timestamp>4642.414526</timestamp>
			</report>
			<report>
				<misses>14083001</misses>
				<total>32</total>
				<timestamp>4642.744213</timestamp>
			</report>
			<report>
				<misses>14084001</misses>
				<total>32</total>
				<timestamp>4643.073871</timestamp>
			</report>
			<report>
				<misses>14085001</misses>
				<total>32</total>
				<timestamp>4643.403602</timestamp>
			</report>
			<report>
				<misses>14086001</misses>
				<total>32</total>
				<timestamp>4643.733282</timestamp>
			</report>
			<report>
				<misses>14087001</misses>
				<total>32</total>
				<timestamp>4644.062870</timestamp>
			</report>
			<report>
				<misses>14088001</misses>
				<total>32</total>
				<timestamp>4644.392547</timestamp>
			</report>
			<report>
				<misses>14089001</misses>
				<total>32</total>
				<timestamp>4644.722225</timestamp>
			</report>
			<report>
				<misses>14090001</misses>
				<total>32</total>
				<timestamp>4645.051881</timestamp>
			</report>
			<report>
				<misses>14091001</misses>
				<total>32</total>
				<timestamp>4645.381544</timestamp>
			</report>
			<report>
				<misses>14092001</misses>
				<total>32</total>
				<timestamp>4645.711281</timestamp>
			</report>
			<report>
				<misses>14093001</misses>
				<total>32</total>
				<timestamp>4646.040899</timestamp>
			</report>
			<report>
				<misses>14094001</misses>
				<total>32</total>
				<timestamp>4646.370575</timestamp>
			</report>
			<report>
				<misses>14095001</misses>
				<total>32</total>
				<timestamp>4646.700227</timestamp>
			</report>
			<report>
				<misses>14096001</misses>
				<total>32</total>
				<timestamp>4647.029926</timestamp>
			</report>
			<report>
				<misses>14097001</misses>
				<total>32</total>
				<timestamp>4647.359581</timestamp>
			</report>
			<report>
				<misses>14098001</misses>
				<total>32</total>
				<timestamp>4647.689299</timestamp>
			</report>
			<report>
				<misses>14099001</misses>
				<total>32</total>
				<timestamp>4648.018940</timestamp>
			</report>
			<report>
				<misses>14100001</misses>
				<total>32</total>
				<timestamp>4648.348586</timestamp>
			</report>
			<report>
				<misses>14101001</misses>
				<total>32</total>
				<timestamp>4648.678279</timestamp>
			</report>
			<report>
				<misses>14102001</misses>
				<total>32</total>
				<timestamp>4649.007945</timestamp>
			</report>
			<report>
				<misses>14103001</misses>
				<total>32</total>
				<timestamp>4649.337601</timestamp>
			</report>
			<report>
				<misses>14104001</misses>
				<total>32</total>
				<timestamp>4649.667304</timestamp>
			</report>
			<report>
				<misses>14105001</misses>
				<total>32</total>
				<timestamp>4649.996940</timestamp>
			</report>
			<report>
				<misses>14106001</misses>
				<total>32</total>
				<timestamp>4650.326593</timestamp>
			</report>
			<report>
				<misses>14107001</misses>
				<total>32</total>
				<timestamp>4650.656288</timestamp>
			</report>
			<report>
				<misses>14108001</misses>
				<total>32</total>
				<timestamp>4650.985974</timestamp>
			</report>
			<report>
				<misses>14109001</misses>
				<total>32</total>
				<timestamp>4651.315601</timestamp>
			</report>
			<report>
				<misses>14110001</misses>
				<total>32</total>
				<timestamp>4651.645294</timestamp>
			</report>
			<report>
				<misses>14111001</misses>
				<total>32</total>
				<timestamp>4651.974951</timestamp>
			</report>
			<report>
				<misses>14112001</misses>
				<total>32</total>
				<timestamp>4652.304620</timestamp>
			</report>
			<report>
				<misses>14113001</misses>
				<total>32</total>
				<timestamp>4652.634335</timestamp>
			</report>
			<report>
				<misses>14114001</misses>
				<total>32</total>
				<timestamp>4652.963972</timestamp>
			</report>
			<report>
				<misses>14115001</misses>
				<total>32</total>
				<timestamp>4653.293623</timestamp>
			</report>
			<report>
				<misses>14116001</misses>
				<total>32</total>
				<timestamp>4653.623363</timestamp>
			</report>
			<report>
				<misses>14117001</misses>
				<total>32</total>
				<timestamp>4653.953012</timestamp>
			</report>
			<report>
				<misses>14118001</misses>
				<total>32</total>
				<timestamp>4654.282642</timestamp>
			</report>
			<report>
				<misses>14119001</misses>
				<total>32</total>
				<timestamp>4654.612372</timestamp>
			</report>
			<report>
				<misses>14120001</misses>
				<total>32</total>
				<timestamp>4654.941991</timestamp>
			</report>
			<report>
				<misses>14121001</misses>
				<total>32</total>
				<timestamp>4655.271722</timestamp>
			</report>
			<report>
				<misses>14122001</misses>
				<total>32</total>
				<timestamp>4655.601323</timestamp>
			</report>
			<report>
				<misses>14123001</misses>
				<total>32</total>
				<timestamp>4655.930992</timestamp>
			</report>
			<report>
				<misses>14124001</misses>
				<total>32</total>
				<timestamp>4656.260647</timestamp>
			</report>
			<report>
				<misses>14125001</misses>
				<total>32</total>
				<timestamp>4656.590322</timestamp>
			</report>
			<report>
				<misses>14126001</misses>
				<total>32</total>
				<timestamp>4656.920037</timestamp>
			</report>
			<report>
				<misses>14127001</misses>
				<total>32</total>
				<timestamp>4657.249673</timestamp>
			</report>
			<report>
				<misses>14128001</misses>
				<total>32</total>
				<timestamp>4657.579399</timestamp>
			</report>
			<report>
				<misses>14129001</misses>
				<total>32</total>
				<timestamp>4657.909029</timestamp>
			</report>
			<report>
				<misses>14130001</misses>
				<total>32</total>
				<timestamp>4658.238681</timestamp>
			</report>
			<report>
				<misses>14131001</misses>
				<total>32</total>
				<timestamp>4658.568378</timestamp>
			</report>
			<report>
				<misses>14132001</misses>
				<total>32</total>
				<timestamp>4658.898016</timestamp>
			</report>
			<report>
				<misses>14133001</misses>
				<total>32</total>
				<timestamp>4659.227685</timestamp>
			</report>
			<report>
				<misses>14134001</misses>
				<total>32</total>
				<timestamp>4659.557423</timestamp>
			</report>
			<report>
				<misses>14135001</misses>
				<total>32</total>
				<timestamp>4659.887051</timestamp>
			</report>
			<report>
				<misses>14136001</misses>
				<total>32</total>
				<timestamp>4660.216700</timestamp>
			</report>
			<report>
				<misses>14137001</misses>
				<total>32</total>
				<timestamp>4660.546377</timestamp>
			</report>
			<report>
				<misses>14138001</misses>
				<total>32</total>
				<timestamp>4660.876118</timestamp>
			</report>
			<report>
				<misses>14139001</misses>
				<total>32</total>
				<timestamp>4661.205751</timestamp>
			</report>
			<report>
				<misses>14140001</misses>
				<total>32</total>
				<timestamp>4661.535429</timestamp>
			</report>
			<report>
				<misses>14141001</misses>
				<total>32</total>
				<timestamp>4661.865068</timestamp>
			</report>
			<report>
				<misses>14142001</misses>
				<total>32</total>
				<timestamp>4662.194719</timestamp>
			</report>
			<report>
				<misses>14143001</misses>
				<total>32</total>
				<timestamp>4662.524423</timestamp>
			</report>
			<report>
				<misses>14144001</misses>
				<total>32</total>
				<timestamp>4662.854075</timestamp>
			</report>
			<report>
				<misses>14145001</misses>
				<total>32</total>
				<timestamp>4663.183860</timestamp>
			</report>
			<report>
				<misses>14146001</misses>
				<total>32</total>
				<timestamp>4663.513401</timestamp>
			</report>
			<report>
				<misses>14147001</misses>
				<total>32</total>
				<timestamp>4663.843068</timestamp>
			</report>
			<report>
				<misses>14148001</misses>
				<total>32</total>
				<timestamp>4664.172741</timestamp>
			</report>
			<report>
				<misses>14149001</misses>
				<total>32</total>
				<timestamp>4664.502430</timestamp>
			</report>
			<report>
				<misses>14150001</misses>
				<total>32</total>
				<timestamp>4664.832119</timestamp>
			</report>
			<report>
				<misses>14151001</misses>
				<total>32</total>
				<timestamp>4665.161755</timestamp>
			</report>
			<report>
				<misses>14152001</misses>
				<total>32</total>
				<timestamp>4665.491473</timestamp>
			</report>
			<report>
				<misses>14153001</misses>
				<total>32</total>
				<timestamp>4665.821095</timestamp>
			</report>
			<report>
				<misses>14154001</misses>
				<total>32</total>
				<timestamp>4666.150762</timestamp>
			</report>
			<report>
				<misses>14155001</misses>
				<total>32</total>
				<timestamp>4666.480419</timestamp>
			</report>
			<report>
				<misses>14156001</misses>
				<total>32</total>
				<timestamp>4666.810165</timestamp>
			</report>
			<report>
				<misses>14157001</misses>
				<total>32</total>
				<timestamp>4667.139763</timestamp>
			</report>
			<report>
				<misses>14158001</misses>
				<total>32</total>
				<timestamp>4667.469469</timestamp>
			</report>
			<report>
				<misses>14159001</misses>
				<total>32</total>
				<timestamp>4667.799109</timestamp>
			</report>
			<report>
				<misses>14160001</misses>
				<total>32</total>
				<timestamp>4668.128771</timestamp>
			</report>
			<report>
				<misses>14161001</misses>
				<total>32</total>
				<timestamp>4668.458466</timestamp>
			</report>
			<report>
				<misses>14162001</misses>
				<total>32</total>
				<timestamp>4668.788140</timestamp>
			</report>
			<report>
				<misses>14163001</misses>
				<total>32</total>
				<timestamp>4669.117780</timestamp>
			</report>
			<report>
				<misses>14164001</misses>
				<total>32</total>
				<timestamp>4669.447451</timestamp>
			</report>
			<report>
				<misses>14165001</misses>
				<total>32</total>
				<timestamp>4669.777159</timestamp>
			</report>
			<report>
				<misses>14166001</misses>
				<total>32</total>
				<timestamp>4670.106819</timestamp>
			</report>
			<report>
				<misses>14167001</misses>
				<total>32</total>
				<timestamp>4670.436455</timestamp>
			</report>
			<report>
				<misses>14168001</misses>
				<total>32</total>
				<timestamp>4670.766129</timestamp>
			</report>
			<report>
				<misses>14169001</misses>
				<total>32</total>
				<timestamp>4671.095800</timestamp>
			</report>
			<report>
				<misses>14170001</misses>
				<total>32</total>
				<timestamp>4671.425495</timestamp>
			</report>
			<report>
				<misses>14171001</misses>
				<total>32</total>
				<timestamp>4671.755196</timestamp>
			</report>
			<report>
				<misses>14172001</misses>
				<total>32</total>
				<timestamp>4672.084887</timestamp>
			</report>
			<report>
				<misses>14173001</misses>
				<total>32</total>
				<timestamp>4672.414485</timestamp>
			</report>
			<report>
				<misses>14174001</misses>
				<total>32</total>
				<timestamp>4672.744164</timestamp>
			</report>
			<report>
				<misses>14175001</misses>
				<total>32</total>
				<timestamp>4673.073843</timestamp>
			</report>
			<report>
				<misses>14176001</misses>
				<total>32</total>
				<timestamp>4673.403517</timestamp>
			</report>
			<report>
				<misses>14177001</misses>
				<total>32</total>
				<timestamp>4673.733212</timestamp>
			</report>
			<report>
				<misses>14178001</misses>
				<total>32</total>
				<timestamp>4674.062872</timestamp>
			</report>
			<report>
				<misses>14179001</misses>
				<total>32</total>
				<timestamp>4674.392508</timestamp>
			</report>
			<report>
				<misses>14180001</misses>
				<total>32</total>
				<timestamp>4674.722234</timestamp>
			</report>
			<report>
				<misses>14181001</misses>
				<total>32</total>
				<timestamp>4675.051872</timestamp>
			</report>
			<report>
				<misses>14182001</misses>
				<total>32</total>
				<timestamp>4675.381504</timestamp>
			</report>
			<report>
				<misses>14183001</misses>
				<total>32</total>
				<timestamp>4675.711224</timestamp>
			</report>
			<report>
				<misses>14184001</misses>
				<total>32</total>
				<timestamp>4676.040909</timestamp>
			</report>
			<report>
				<misses>14185001</misses>
				<total>32</total>
				<timestamp>4676.370534</timestamp>
			</report>
			<report>
				<misses>14186001</misses>
				<total>32</total>
				<timestamp>4676.700193</timestamp>
			</report>
			<report>
				<misses>14187001</misses>
				<total>32</total>
				<timestamp>4677.029869</timestamp>
			</report>
			<report>
				<misses>14188001</misses>
				<total>32</total>
				<timestamp>4677.359535</timestamp>
			</report>
			<report>
				<misses>14189001</misses>
				<total>32</total>
				<timestamp>4677.689285</timestamp>
			</report>
			<report>
				<misses>14190001</misses>
				<total>32</total>
				<timestamp>4678.018891</timestamp>
			</report>
			<report>
				<misses>14191001</misses>
				<total>32</total>
				<timestamp>4678.348535</timestamp>
			</report>
			<report>
				<misses>14192001</misses>
				<total>32</total>
				<timestamp>4678.678233</timestamp>
			</report>
			<report>
				<misses>14193001</misses>
				<total>32</total>
				<timestamp>4679.007879</timestamp>
			</report>
			<report>
				<misses>14194001</misses>
				<total>32</total>
				<timestamp>4679.337550</timestamp>
			</report>
			<report>
				<misses>14195001</misses>
				<total>32</total>
				<timestamp>4679.667260</timestamp>
			</report>
			<report>
				<misses>14196001</misses>
				<total>32</total>
				<timestamp>4679.996903</timestamp>
			</report>
			<report>
				<misses>14197001</misses>
				<total>32</total>
				<timestamp>4680.326583</timestamp>
			</report>
			<report>
				<misses>14198001</misses>
				<total>32</total>
				<timestamp>4680.656252</timestamp>
			</report>
			<report>
				<misses>14199001</misses>
				<total>32</total>
				<timestamp>4680.985934</timestamp>
			</report>
			<report>
				<misses>14200001</misses>
				<total>32</total>
				<timestamp>4681.315565</timestamp>
			</report>
			<report>
				<misses>14201001</misses>
				<total>32</total>
				<timestamp>4681.645292</timestamp>
			</report>
			<report>
				<misses>14202001</misses>
				<total>32</total>
				<timestamp>4681.974908</timestamp>
			</report>
			<report>
				<misses>14203001</misses>
				<total>32</total>
				<timestamp>4682.304585</timestamp>
			</report>
			<report>
				<misses>14204001</misses>
				<total>32</total>
				<timestamp>4682.634282</timestamp>
			</report>
			<report>
				<misses>14205001</misses>
				<total>32</total>
				<timestamp>4682.963932</timestamp>
			</report>
			<report>
				<misses>14206001</misses>
				<total>32</total>
				<timestamp>4683.293590</timestamp>
			</report>
			<report>
				<misses>14207001</misses>
				<total>32</total>
				<timestamp>4683.623300</timestamp>
			</report>
			<report>
				<misses>14208001</misses>
				<total>32</total>
				<timestamp>4683.952931</timestamp>
			</report>
			<report>
				<misses>14209001</misses>
				<total>32</total>
				<timestamp>4684.282664</timestamp>
			</report>
			<report>
				<misses>14210001</misses>
				<total>32</total>
				<timestamp>4684.612308</timestamp>
			</report>
			<report>
				<misses>14211001</misses>
				<total>32</total>
				<timestamp>4684.942014</timestamp>
			</report>
			<report>
				<misses>14212001</misses>
				<total>32</total>
				<timestamp>4685.271603</timestamp>
			</report>
			<report>
				<misses>14213001</misses>
				<total>32</total>
				<timestamp>4685.601281</timestamp>
			</report>
			<report>
				<misses>14214001</misses>
				<total>32</total>
				<timestamp>4685.930957</timestamp>
			</report>
			<report>
				<misses>14215001</misses>
				<total>32</total>
				<timestamp>4686.260633</timestamp>
			</report>
			<report>
				<misses>14216001</misses>
				<total>33</total>
				<timestamp>4686.590328</timestamp>
			</report>
			<report>
				<misses>14217001</misses>
				<total>33</total>
				<timestamp>4686.919975</timestamp>
			</report>
			<report>
				<misses>14218001</misses>
				<total>33</total>
				<timestamp>4687.249644</timestamp>
			</report>
			<report>
				<misses>14219001</misses>
				<total>33</total>
				<timestamp>4687.579318</timestamp>
			</report>
			<report>
				<misses>14220001</misses>
				<total>33</total>
				<timestamp>4687.908968</timestamp>
			</report>
			<report>
				<misses>14221001</misses>
				<total>33</total>
				<timestamp>4688.238678</timestamp>
			</report>
			<report>
				<misses>14222001</misses>
				<total>33</total>
				<timestamp>4688.568344</timestamp>
			</report>
			<report>
				<misses>14223001</misses>
				<total>33</total>
				<timestamp>4688.897998</timestamp>
			</report>
			<report>
				<misses>14224001</misses>
				<total>33</total>
				<timestamp>4689.227664</timestamp>
			</report>
			<report>
				<misses>14225001</misses>
				<total>33</total>
				<timestamp>4689.557336</timestamp>
			</report>
			<report>
				<misses>14226001</misses>
				<total>33</total>
				<timestamp>4689.886998</timestamp>
			</report>
			<report>
				<misses>14227001</misses>
				<total>33</total>
				<timestamp>4690.216684</timestamp>
			</report>
			<report>
				<misses>14228001</misses>
				<total>33</total>
				<timestamp>4690.546362</timestamp>
			</report>
			<report>
				<misses>14229001</misses>
				<total>33</total>
				<timestamp>4690.876076</timestamp>
			</report>
			<report>
				<misses>14230001</misses>
				<total>33</total>
				<timestamp>4691.205709</timestamp>
			</report>
			<report>
				<misses>14231001</misses>
				<total>33</total>
				<timestamp>4691.535347</timestamp>
			</report>
			<report>
				<misses>14232001</misses>
				<total>33</total>
				<timestamp>4691.865087</timestamp>
			</report>
			<report>
				<misses>14233001</misses>
				<total>33</total>
				<timestamp>4692.194726</timestamp>
			</report>
			<report>
				<misses>14234001</misses>
				<total>33</total>
				<timestamp>4692.524367</timestamp>
			</report>
			<report>
				<misses>14235001</misses>
				<total>33</total>
				<timestamp>4692.854068</timestamp>
			</report>
			<report>
				<misses>14236001</misses>
				<total>33</total>
				<timestamp>4693.183741</timestamp>
			</report>
			<report>
				<misses>14237001</misses>
				<total>33</total>
				<timestamp>4693.513357</timestamp>
			</report>
			<report>
				<misses>14238001</misses>
				<total>33</total>
				<timestamp>4693.843091</timestamp>
			</report>
			<report>
				<misses>14239001</misses>
				<total>33</total>
				<timestamp>4694.172716</timestamp>
			</report>
			<report>
				<misses>14240001</misses>
				<total>33</total>
				<timestamp>4694.502377</timestamp>
			</report>
			<report>
				<misses>14241001</misses>
				<total>33</total>
				<timestamp>4694.832103</timestamp>
			</report>
			<report>
				<misses>14242001</misses>
				<total>33</total>
				<timestamp>4695.161732</timestamp>
			</report>
			<report>
				<misses>14243001</misses>
				<total>33</total>
				<timestamp>4695.491391</timestamp>
			</report>
			<report>
				<misses>14244001</misses>
				<total>33</total>
				<timestamp>4695.821109</timestamp>
			</report>
			<report>
				<misses>14245001</misses>
				<total>33</total>
				<timestamp>4696.150757</timestamp>
			</report>
			<report>
				<misses>14246001</misses>
				<total>33</total>
				<timestamp>4696.480424</timestamp>
			</report>
			<report>
				<misses>14247001</misses>
				<total>33</total>
				<timestamp>4696.810089</timestamp>
			</report>
			<report>
				<misses>14248001</misses>
				<total>33</total>
				<timestamp>4697.139742</timestamp>
			</report>
			<report>
				<misses>14249001</misses>
				<total>33</total>
				<timestamp>4697.469403</timestamp>
			</report>
			<report>
				<misses>14250001</misses>
				<total>33</total>
				<timestamp>4697.799128</timestamp>
			</report>
			<report>
				<misses>14251001</misses>
				<total>33</total>
				<timestamp>4698.128777</timestamp>
			</report>
			<report>
				<misses>14252001</misses>
				<total>33</total>
				<timestamp>4698.458424</timestamp>
			</report>
			<report>
				<misses>14253001</misses>
				<total>33</total>
				<timestamp>4698.788120</timestamp>
			</report>
			<report>
				<misses>14254001</misses>
				<total>33</total>
				<timestamp>4699.117764</timestamp>
			</report>
			<report>
				<misses>14255001</misses>
				<total>33</total>
				<timestamp>4699.447453</timestamp>
			</report>
			<report>
				<misses>14256001</misses>
				<total>33</total>
				<timestamp>4699.777176</timestamp>
			</report>
			<report>
				<misses>14257001</misses>
				<total>33</total>
				<timestamp>4700.106786</timestamp>
			</report>
			<report>
				<misses>14258001</misses>
				<total>33</total>
				<timestamp>4700.436446</timestamp>
			</report>
			<report>
				<misses>14259001</misses>
				<total>33</total>
				<timestamp>4700.766190</timestamp>
			</report>
			<report>
				<misses>14260001</misses>
				<total>33</total>
				<timestamp>4701.095791</timestamp>
			</report>
			<report>
				<misses>14261001</misses>
				<total>33</total>
				<timestamp>4701.425436</timestamp>
			</report>
			<report>
				<misses>14262001</misses>
				<total>33</total>
				<timestamp>4701.755116</timestamp>
			</report>
			<report>
				<misses>14263001</misses>
				<total>33</total>
				<timestamp>4702.084819</timestamp>
			</report>
			<report>
				<misses>14264001</misses>
				<total>33</total>
				<timestamp>4702.414476</timestamp>
			</report>
			<report>
				<misses>14265001</misses>
				<total>33</total>
				<timestamp>4702.744176</timestamp>
			</report>
			<report>
				<misses>14266001</misses>
				<total>33</total>
				<timestamp>4703.073796</timestamp>
			</report>
			<report>
				<misses>14267001</misses>
				<total>33</total>
				<timestamp>4703.403458</timestamp>
			</report>
			<report>
				<misses>14268001</misses>
				<total>33</total>
				<timestamp>4703.733207</timestamp>
			</report>
			<report>
				<misses>14269001</misses>
				<total>33</total>
				<timestamp>4704.062807</timestamp>
			</report>
			<report>
				<misses>14270001</misses>
				<total>33</total>
				<timestamp>4704.392479</timestamp>
			</report>
			<report>
				<misses>14271001</misses>
				<total>33</total>
				<timestamp>4704.722154</timestamp>
			</report>
			<report>
				<misses>14272001</misses>
				<total>33</total>
				<timestamp>4705.051828</timestamp>
			</report>
			<report>
				<misses>14273001</misses>
				<total>33</total>
				<timestamp>4705.381485</timestamp>
			</report>
			<report>
				<misses>14274001</misses>
				<total>33</total>
				<timestamp>4705.711187</timestamp>
			</report>
			<report>
				<misses>14275001</misses>
				<total>33</total>
				<timestamp>4706.040833</timestamp>
			</report>
			<report>
				<misses>14276001</misses>
				<total>33</total>
				<timestamp>4706.370515</timestamp>
			</report>
			<report>
				<misses>14277001</misses>
				<total>33</total>
				<timestamp>4706.700222</timestamp>
			</report>
			<report>
				<misses>14278001</misses>
				<total>33</total>
				<timestamp>4707.029828</timestamp>
			</report>
			<report>
				<misses>14279001</misses>
				<total>33</total>
				<timestamp>4707.359523</timestamp>
			</report>
			<report>
				<misses>14280001</misses>
				<total>33</total>
				<timestamp>4707.689201</timestamp>
			</report>
			<report>
				<misses>14281001</misses>
				<total>33</total>
				<timestamp>4708.018875</timestamp>
			</report>
			<report>
				<misses>14282001</misses>
				<total>33</total>
				<timestamp>4708.348529</timestamp>
			</report>
			<report>
				<misses>14283001</misses>
				<total>33</total>
				<timestamp>4708.678231</timestamp>
			</report>
			<report>
				<misses>14284001</misses>
				<total>33</total>
				<timestamp>4709.007862</timestamp>
			</report>
			<report>
				<misses>14285001</misses>
				<total>33</total>
				<timestamp>4709.337552</timestamp>
			</report>
			<report>
				<misses>14286001</misses>
				<total>33</total>
				<timestamp>4709.667189</timestamp>
			</report>
			<report>
				<misses>14287001</misses>
				<total>33</total>
				<timestamp>4709.996891</timestamp>
			</report>
			<report>
				<misses>14288001</misses>
				<total>33</total>
				<timestamp>4710.326548</timestamp>
			</report>
			<report>
				<misses>14289001</misses>
				<total>33</total>
				<timestamp>4710.656207</timestamp>
			</report>
			<report>
				<misses>14290001</misses>
				<total>33</total>
				<timestamp>4710.985877</timestamp>
			</report>
			<report>
				<misses>14291001</misses>
				<total>33</total>
				<timestamp>4711.315595</timestamp>
			</report>
			<report>
				<misses>14292001</misses>
				<total>33</total>
				<timestamp>4711.645236</timestamp>
			</report>
			<report>
				<misses>14293001</misses>
				<total>33</total>
				<timestamp>4711.974883</timestamp>
			</report>
			<report>
				<misses>14294001</misses>
				<total>33</total>
				<timestamp>4712.304689</timestamp>
			</report>
			<report>
				<misses>14295001</misses>
				<total>33</total>
				<timestamp>4712.634222</timestamp>
			</report>
			<report>
				<misses>14296001</misses>
				<total>33</total>
				<timestamp>4712.963910</timestamp>
			</report>
			<report>
				<misses>14297001</misses>
				<total>33</total>
				<timestamp>4713.293568</timestamp>
			</report>
			<report>
				<misses>14298001</misses>
				<total>33</total>
				<timestamp>4713.623255</timestamp>
			</report>
			<report>
				<misses>14299001</misses>
				<total>33</total>
				<timestamp>4713.952963</timestamp>
			</report>
			<report>
				<misses>14300001</misses>
				<total>33</total>
				<timestamp>4714.282681</timestamp>
			</report>
			<report>
				<misses>14301001</misses>
				<total>33</total>
				<timestamp>4714.612246</timestamp>
			</report>
			<report>
				<misses>14302001</misses>
				<total>33</total>
				<timestamp>4714.941906</timestamp>
			</report>
			<report>
				<misses>14303001</misses>
				<total>33</total>
				<timestamp>4715.271583</timestamp>
			</report>
			<report>
				<misses>14304001</misses>
				<total>33</total>
				<timestamp>4715.601268</timestamp>
			</report>
			<report>
				<misses>14305001</misses>
				<total>33</total>
				<timestamp>4715.930927</timestamp>
			</report>
			<report>
				<misses>14306001</misses>
				<total>33</total>
				<timestamp>4716.260604</timestamp>
			</report>
			<report>
				<misses>14307001</misses>
				<total>33</total>
				<timestamp>4716.590283</timestamp>
			</report>
			<report>
				<misses>14308001</misses>
				<total>33</total>
				<timestamp>4716.919985</timestamp>
			</report>
			<report>
				<misses>14309001</misses>
				<total>33</total>
				<timestamp>4717.249705</timestamp>
			</report>
			<report>
				<misses>14310001</misses>
				<total>33</total>
				<timestamp>4717.579290</timestamp>
			</report>
			<report>
				<misses>14311001</misses>
				<total>33</total>
				<timestamp>4717.908983</timestamp>
			</report>
			<report>
				<misses>14312001</misses>
				<total>33</total>
				<timestamp>4718.238703</timestamp>
			</report>
			<report>
				<misses>14313001</misses>
				<total>33</total>
				<timestamp>4718.568292</timestamp>
			</report>
			<report>
				<misses>14314001</misses>
				<total>33</total>
				<timestamp>4718.897971</timestamp>
			</report>
			<report>
				<misses>14315001</misses>
				<total>33</total>
				<timestamp>4719.227648</timestamp>
			</report>
			<report>
				<misses>14316001</misses>
				<total>33</total>
				<timestamp>4719.557322</timestamp>
			</report>
			<report>
				<misses>14317001</misses>
				<total>33</total>
				<timestamp>4719.887012</timestamp>
			</report>
			<report>
				<misses>14318001</misses>
				<total>33</total>
				<timestamp>4720.216683</timestamp>
			</report>
			<report>
				<misses>14319001</misses>
				<total>33</total>
				<timestamp>4720.546303</timestamp>
			</report>
			<report>
				<misses>14320001</misses>
				<total>33</total>
				<timestamp>4720.876022</timestamp>
			</report>
			<report>
				<misses>14321001</misses>
				<total>33</total>
				<timestamp>4721.205685</timestamp>
			</report>
			<report>
				<misses>14322001</misses>
				<total>33</total>
				<timestamp>4721.535317</timestamp>
			</report>
			<report>
				<misses>14323001</misses>
				<total>33</total>
				<timestamp>4721.864988</timestamp>
			</report>
			<report>
				<misses>14324001</misses>
				<total>33</total>
				<timestamp>4722.194691</timestamp>
			</report>
			<report>
				<misses>14325001</misses>
				<total>33</total>
				<timestamp>4722.524318</timestamp>
			</report>
			<report>
				<misses>14326001</misses>
				<total>33</total>
				<timestamp>4722.854064</timestamp>
			</report>
			<report>
				<misses>14327001</misses>
				<total>33</total>
				<timestamp>4723.183659</timestamp>
			</report>
			<report>
				<misses>14328001</misses>
				<total>33</total>
				<timestamp>4723.513374</timestamp>
			</report>
			<report>
				<misses>14329001</misses>
				<total>33</total>
				<timestamp>4723.843039</timestamp>
			</report>
			<report>
				<misses>14330001</misses>
				<total>33</total>
				<timestamp>4724.172683</timestamp>
			</report>
			<report>
				<misses>14331001</misses>
				<total>33</total>
				<timestamp>4724.502362</timestamp>
			</report>
			<report>
				<misses>14332001</misses>
				<total>33</total>
				<timestamp>4724.832039</timestamp>
			</report>
			<report>
				<misses>14333001</misses>
				<total>33</total>
				<timestamp>4725.161689</timestamp>
			</report>
			<report>
				<misses>14334001</misses>
				<total>33</total>
				<timestamp>4725.491353</timestamp>
			</report>
			<report>
				<misses>14335001</misses>
				<total>33</total>
				<timestamp>4725.821097</timestamp>
			</report>
			<report>
				<misses>14336001</misses>
				<total>33</total>
				<timestamp>4726.150720</timestamp>
			</report>
			<report>
				<misses>14337001</misses>
				<total>33</total>
				<timestamp>4726.480392</timestamp>
			</report>
			<report>
				<misses>14338001</misses>
				<total>33</total>
				<timestamp>4726.810025</timestamp>
			</report>
			<report>
				<misses>14339001</misses>
				<total>33</total>
				<timestamp>4727.139701</timestamp>
			</report>
			<report>
				<misses>14340001</misses>
				<total>33</total>
				<timestamp>4727.469396</timestamp>
			</report>
			<report>
				<misses>14341001</misses>
				<total>33</total>
				<timestamp>4727.799086</timestamp>
			</report>
			<report>
				<misses>14342001</misses>
				<total>33</total>
				<timestamp>4728.128717</timestamp>
			</report>
			<report>
				<misses>14343001</misses>
				<total>33</total>
				<timestamp>4728.458393</timestamp>
			</report>
			<report>
				<misses>14344001</misses>
				<total>33</total>
				<timestamp>4728.788078</timestamp>
			</report>
			<report>
				<misses>14345001</misses>
				<total>33</total>
				<timestamp>4729.117737</timestamp>
			</report>
			<report>
				<misses>14346001</misses>
				<total>33</total>
				<timestamp>4729.447445</timestamp>
			</report>
			<report>
				<misses>14347001</misses>
				<total>33</total>
				<timestamp>4729.777067</timestamp>
			</report>
			<report>
				<misses>14348001</misses>
				<total>33</total>
				<timestamp>4730.106748</timestamp>
			</report>
			<report>
				<misses>14349001</misses>
				<total>33</total>
				<timestamp>4730.436423</timestamp>
			</report>
			<report>
				<misses>14350001</misses>
				<total>33</total>
				<timestamp>4730.766125</timestamp>
			</report>
			<report>
				<misses>14351001</misses>
				<total>33</total>
				<timestamp>4731.095746</timestamp>
			</report>
			<report>
				<misses>14352001</misses>
				<total>33</total>
				<timestamp>4731.425442</timestamp>
			</report>
			<report>
				<misses>14353001</misses>
				<total>33</total>
				<timestamp>4731.755097</timestamp>
			</report>
			<report>
				<misses>14354001</misses>
				<total>33</total>
				<timestamp>4732.084752</timestamp>
			</report>
			<report>
				<misses>14355001</misses>
				<total>33</total>
				<timestamp>4732.414484</timestamp>
			</report>
			<report>
				<misses>14356001</misses>
				<total>33</total>
				<timestamp>4732.744113</timestamp>
			</report>
			<report>
				<misses>14357001</misses>
				<total>33</total>
				<timestamp>4733.073792</timestamp>
			</report>
			<report>
				<misses>14358001</misses>
				<total>33</total>
				<timestamp>4733.403452</timestamp>
			</report>
			<report>
				<misses>14359001</misses>
				<total>33</total>
				<timestamp>4733.733097</timestamp>
			</report>
			<report>
				<misses>14360001</misses>
				<total>33</total>
				<timestamp>4734.062785</timestamp>
			</report>
			<report>
				<misses>14361001</misses>
				<total>33</total>
				<timestamp>4734.392462</timestamp>
			</report>
			<report>
				<misses>14362001</misses>
				<total>33</total>
				<timestamp>4734.722111</timestamp>
			</report>
			<report>
				<misses>14363001</misses>
				<total>33</total>
				<timestamp>4735.051793</timestamp>
			</report>
			<report>
				<misses>14364001</misses>
				<total>33</total>
				<timestamp>4735.381481</timestamp>
			</report>
			<report>
				<misses>14365001</misses>
				<total>33</total>
				<timestamp>4735.711119</timestamp>
			</report>
			<report>
				<misses>14366001</misses>
				<total>33</total>
				<timestamp>4736.040842</timestamp>
			</report>
			<report>
				<misses>14367001</misses>
				<total>33</total>
				<timestamp>4736.370483</timestamp>
			</report>
			<report>
				<misses>14368001</misses>
				<total>33</total>
				<timestamp>4736.700143</timestamp>
			</report>
			<report>
				<misses>14369001</misses>
				<total>33</total>
				<timestamp>4737.029802</timestamp>
			</report>
			<report>
				<misses>14370001</misses>
				<total>33</total>
				<timestamp>4737.359480</timestamp>
			</report>
			<report>
				<misses>14371001</misses>
				<total>33</total>
				<timestamp>4737.689158</timestamp>
			</report>
			<report>
				<misses>14372001</misses>
				<total>33</total>
				<timestamp>4738.018827</timestamp>
			</report>
			<report>
				<misses>14373001</misses>
				<total>33</total>
				<timestamp>4738.348487</timestamp>
			</report>
			<report>
				<misses>14374001</misses>
				<total>33</total>
				<timestamp>4738.678215</timestamp>
			</report>
			<report>
				<misses>14375001</misses>
				<total>33</total>
				<timestamp>4739.007888</timestamp>
			</report>
			<report>
				<misses>14376001</misses>
				<total>33</total>
				<timestamp>4739.337510</timestamp>
			</report>
			<report>
				<misses>14377001</misses>
				<total>33</total>
				<timestamp>4739.667159</timestamp>
			</report>
			<report>
				<misses>14378001</misses>
				<total>33</total>
				<timestamp>4739.996896</timestamp>
			</report>
			<report>
				<misses>14379001</misses>
				<total>33</total>
				<timestamp>4740.326571</timestamp>
			</report>
			<report>
				<misses>14380001</misses>
				<total>33</total>
				<timestamp>4740.656197</timestamp>
			</report>
			<report>
				<misses>14381001</misses>
				<total>33</total>
				<timestamp>4740.985851</timestamp>
			</report>
			<report>
				<misses>14382001</misses>
				<total>33</total>
				<timestamp>4741.315560</timestamp>
			</report>
			<report>
				<misses>14383001</misses>
				<total>33</total>
				<timestamp>4741.645195</timestamp>
			</report>
			<report>
				<misses>14384001</misses>
				<total>33</total>
				<timestamp>4741.974864</timestamp>
			</report>
			<report>
				<misses>14385001</misses>
				<total>33</total>
				<timestamp>4742.304553</timestamp>
			</report>
			<report>
				<misses>14386001</misses>
				<total>33</total>
				<timestamp>4742.634195</timestamp>
			</report>
			<report>
				<misses>14387001</misses>
				<total>33</total>
				<timestamp>4742.963920</timestamp>
			</report>
			<report>
				<misses>14388001</misses>
				<total>33</total>
				<timestamp>4743.293554</timestamp>
			</report>
			<report>
				<misses>14389001</misses>
				<total>33</total>
				<timestamp>4743.623215</timestamp>
			</report>
			<report>
				<misses>14390001</misses>
				<total>33</total>
				<timestamp>4743.952930</timestamp>
			</report>
			<report>
				<misses>14391001</misses>
				<total>33</total>
				<timestamp>4744.282541</timestamp>
			</report>
			<report>
				<misses>14392001</misses>
				<total>33</total>
				<timestamp>4744.612236</timestamp>
			</report>
			<report>
				<misses>14393001</misses>
				<total>33</total>
				<timestamp>4744.941922</timestamp>
			</report>
			<report>
				<misses>14394001</misses>
				<total>33</total>
				<timestamp>4745.271563</timestamp>
			</report>
			<report>
				<misses>14395001</misses>
				<total>33</total>
				<timestamp>4745.601218</timestamp>
			</report>
			<report>
				<misses>14396001</misses>
				<total>33</total>
				<timestamp>4745.930906</timestamp>
			</report>
			<report>
				<misses>14397001</misses>
				<total>33</total>
				<timestamp>4746.260559</timestamp>
			</report>
			<report>
				<misses>14398001</misses>
				<total>33</total>
				<timestamp>4746.590267</timestamp>
			</report>
			<report>
				<misses>14399001</misses>
				<total>33</total>
				<timestamp>4746.919926</timestamp>
			</report>
			<report>
				<misses>14400001</misses>
				<total>33</total>
				<timestamp>4747.249579</timestamp>
			</report>
			<report>
				<misses>14401001</misses>
				<total>33</total>
				<timestamp>4747.579342</timestamp>
			</report>
			<report>
				<misses>14402001</misses>
				<total>33</total>
				<timestamp>4747.908931</timestamp>
			</report>
			<report>
				<misses>14403001</misses>
				<total>33</total>
				<timestamp>4748.238659</timestamp>
			</report>
			<report>
				<misses>14404001</misses>
				<total>33</total>
				<timestamp>4748.568282</timestamp>
			</report>
			<report>
				<misses>14405001</misses>
				<total>33</total>
				<timestamp>4748.897942</timestamp>
			</report>
			<report>
				<misses>14406001</misses>
				<total>33</total>
				<timestamp>4749.227666</timestamp>
			</report>
			<report>
				<misses>14407001</misses>
				<total>33</total>
				<timestamp>4749.557311</timestamp>
			</report>
			<report>
				<misses>14408001</misses>
				<total>33</total>
				<timestamp>4749.886946</timestamp>
			</report>
			<report>
				<misses>14409001</misses>
				<total>33</total>
				<timestamp>4750.216606</timestamp>
			</report>
			<report>
				<misses>14410001</misses>
				<total>33</total>
				<timestamp>4750.546310</timestamp>
			</report>
			<report>
				<misses>14411001</misses>
				<total>33</total>
				<timestamp>4750.875937</timestamp>
			</report>
			<report>
				<misses>14412001</misses>
				<total>33</total>
				<timestamp>4751.205612</timestamp>
			</report>
			<report>
				<misses>14413001</misses>
				<total>33</total>
				<timestamp>4751.535361</timestamp>
			</report>
			<report>
				<misses>14414001</misses>
				<total>33</total>
				<timestamp>4751.864982</timestamp>
			</report>
			<report>
				<misses>14415001</misses>
				<total>33</total>
				<timestamp>4752.194622</timestamp>
			</report>
			<report>
				<misses>14416001</misses>
				<total>33</total>
				<timestamp>4752.524337</timestamp>
			</report>
			<report>
				<misses>14417001</misses>
				<total>33</total>
				<timestamp>4752.854027</timestamp>
			</report>
			<report>
				<misses>14418001</misses>
				<total>33</total>
				<timestamp>4753.183641</timestamp>
			</report>
			<report>
				<misses>14419001</misses>
				<total>33</total>
				<timestamp>4753.513338</timestamp>
			</report>
			<report>
				<misses>14420001</misses>
				<total>33</total>
				<timestamp>4753.843001</timestamp>
			</report>
			<report>
				<misses>14421001</misses>
				<total>33</total>
				<timestamp>4754.172658</timestamp>
			</report>
			<report>
				<misses>14422001</misses>
				<total>33</total>
				<timestamp>4754.502464</timestamp>
			</report>
			<report>
				<misses>14423001</misses>
				<total>33</total>
				<timestamp>4754.832031</timestamp>
			</report>
			<report>
				<misses>14424001</misses>
				<total>33</total>
				<timestamp>4755.161647</timestamp>
			</report>
			<report>
				<misses>14425001</misses>
				<total>33</total>
				<timestamp>4755.491329</timestamp>
			</report>
			<report>
				<misses>14426001</misses>
				<total>33</total>
				<timestamp>4755.821008</timestamp>
			</report>
			<report>
				<misses>14427001</misses>
				<total>33</total>
				<timestamp>4756.150666</timestamp>
			</report>
			<report>
				<misses>14428001</misses>
				<total>33</total>
				<timestamp>4756.480380</timestamp>
			</report>
			<report>
				<misses>14429001</misses>
				<total>33</total>
				<timestamp>4756.810005</timestamp>
			</report>
			<report>
				<misses>14430001</misses>
				<total>33</total>
				<timestamp>4757.139670</timestamp>
			</report>
			<report>
				<misses>14431001</misses>
				<total>33</total>
				<timestamp>4757.469347</timestamp>
			</report>
			<report>
				<misses>14432001</misses>
				<total>33</total>
				<timestamp>4757.799034</timestamp>
			</report>
			<report>
				<misses>14433001</misses>
				<total>33</total>
				<timestamp>4758.128682</timestamp>
			</report>
			<report>
				<misses>14434001</misses>
				<total>33</total>
				<timestamp>4758.458382</timestamp>
			</report>
			<report>
				<misses>14435001</misses>
				<total>33</total>
				<timestamp>4758.788025</timestamp>
			</report>
			<report>
				<misses>14436001</misses>
				<total>33</total>
				<timestamp>4759.117724</timestamp>
			</report>
			<report>
				<misses>14437001</misses>
				<total>33</total>
				<timestamp>4759.447370</timestamp>
			</report>
			<report>
				<misses>14438001</misses>
				<total>33</total>
				<timestamp>4759.777045</timestamp>
			</report>
			<report>
				<misses>14439001</misses>
				<total>33</total>
				<timestamp>4760.106704</timestamp>
			</report>
			<report>
				<misses>14440001</misses>
				<total>33</total>
				<timestamp>4760.436376</timestamp>
			</report>
			<report>
				<misses>14441001</misses>
				<total>33</total>
				<timestamp>4760.766065</timestamp>
			</report>
			<report>
				<misses>14442001</misses>
				<total>33</total>
				<timestamp>4761.095734</timestamp>
			</report>
			<report>
				<misses>14443001</misses>
				<total>33</total>
				<timestamp>4761.425408</timestamp>
			</report>
			<report>
				<misses>14444001</misses>
				<total>33</total>
				<timestamp>4761.755056</timestamp>
			</report>
			<report>
				<misses>14445001</misses>
				<total>33</total>
				<timestamp>4762.084797</timestamp>
			</report>
			<report>
				<misses>14446001</misses>
				<total>33</total>
				<timestamp>4762.414411</timestamp>
			</report>
			<report>
				<misses>14447001</misses>
				<total>33</total>
				<timestamp>4762.744084</timestamp>
			</report>
			<report>
				<misses>14448001</misses>
				<total>33</total>
				<timestamp>4763.073815</timestamp>
			</report>
			<report>
				<misses>14449001</misses>
				<total>33</total>
				<timestamp>4763.403476</timestamp>
			</report>
			<report>
				<misses>14450001</misses>
				<total>33</total>
				<timestamp>4763.733114</timestamp>
			</report>
			<report>
				<misses>14451001</misses>
				<total>33</total>
				<timestamp>4764.062753</timestamp>
			</report>
			<report>
				<misses>14452001</misses>
				<total>33</total>
				<timestamp>4764.392419</timestamp>
			</report>
			<report>
				<misses>14453001</misses>
				<total>33</total>
				<timestamp>4764.722094</timestamp>
			</report>
			<report>
				<misses>14454001</misses>
				<total>33</total>
				<timestamp>4765.051801</timestamp>
			</report>
			<report>
				<misses>14455001</misses>
				<total>33</total>
				<timestamp>4765.381430</timestamp>
			</report>
			<report>
				<misses>14456001</misses>
				<total>33</total>
				<timestamp>4765.711109</timestamp>
			</report>
			<report>
				<misses>14457001</misses>
				<total>33</total>
				<timestamp>4766.040793</timestamp>
			</report>
			<report>
				<misses>14458001</misses>
				<total>33</total>
				<timestamp>4766.370439</timestamp>
			</report>
			<report>
				<misses>14459001</misses>
				<total>33</total>
				<timestamp>4766.700127</timestamp>
			</report>
			<report>
				<misses>14460001</misses>
				<total>33</total>
				<timestamp>4767.029820</timestamp>
			</report>
			<report>
				<misses>14461001</misses>
				<total>33</total>
				<timestamp>4767.359445</timestamp>
			</report>
			<report>
				<misses>14462001</misses>
				<total>33</total>
				<timestamp>4767.689163</timestamp>
			</report>
			<report>
				<misses>14463001</misses>
				<total>33</total>
				<timestamp>4768.018879</timestamp>
			</report>
			<report>
				<misses>14464001</misses>
				<total>33</total>
				<timestamp>4768.348455</timestamp>
			</report>
			<report>
				<misses>14465001</misses>
				<total>33</total>
				<timestamp>4768.678132</timestamp>
			</report>
			<report>
				<misses>14466001</misses>
				<total>33</total>
				<timestamp>4769.007865</timestamp>
			</report>
			<report>
				<misses>14467001</misses>
				<total>33</total>
				<timestamp>4769.337455</timestamp>
			</report>
			<report>
				<misses>14468001</misses>
				<total>33</total>
				<timestamp>4769.667143</timestamp>
			</report>
			<report>
				<misses>14469001</misses>
				<total>33</total>
				<timestamp>4769.996800</timestamp>
			</report>
			<report>
				<misses>14470001</misses>
				<total>33</total>
				<timestamp>4770.326511</timestamp>
			</report>
			<report>
				<misses>14471001</misses>
				<total>33</total>
				<timestamp>4770.656151</timestamp>
			</report>
			<report>
				<misses>14472001</misses>
				<total>33</total>
				<timestamp>4770.985874</timestamp>
			</report>
			<report>
				<misses>14473001</misses>
				<total>33</total>
				<timestamp>4771.315474</timestamp>
			</report>
			<report>
				<misses>14474001</misses>
				<total>33</total>
				<timestamp>4771.645182</timestamp>
			</report>
			<report>
				<misses>14475001</misses>
				<total>33</total>
				<timestamp>4771.974883</timestamp>
			</report>
			<report>
				<misses>14476001</misses>
				<total>33</total>
				<timestamp>4772.304489</timestamp>
			</report>
			<report>
				<misses>14477001</misses>
				<total>33</total>
				<timestamp>4772.634198</timestamp>
			</report>
			<report>
				<misses>14478001</misses>
				<total>33</total>
				<timestamp>4772.963848</timestamp>
			</report>
			<report>
				<misses>14479001</misses>
				<total>33</total>
				<timestamp>4773.293522</timestamp>
			</report>
			<report>
				<misses>14480001</misses>
				<total>33</total>
				<timestamp>4773.623232</timestamp>
			</report>
			<report>
				<misses>14481001</misses>
				<total>33</total>
				<timestamp>4773.952856</timestamp>
			</report>
			<report>
				<misses>14482001</misses>
				<total>33</total>
				<timestamp>4774.282527</timestamp>
			</report>
			<report>
				<misses>14483001</misses>
				<total>33</total>
				<timestamp>4774.612281</timestamp>
			</report>
			<report>
				<misses>14484001</misses>
				<total>33</total>
				<timestamp>4774.941872</timestamp>
			</report>
			<report>
				<misses>14485001</misses>
				<total>33</total>
				<timestamp>4775.271514</timestamp>
			</report>
			<report>
				<misses>14486001</misses>
				<total>33</total>
				<timestamp>4775.601203</timestamp>
			</report>
			<report>
				<misses>14487001</misses>
				<total>33</total>
				<timestamp>4775.930866</timestamp>
			</report>
			<report>
				<misses>14488001</misses>
				<total>33</total>
				<timestamp>4776.260534</timestamp>
			</report>
			<report>
				<misses>14489001</misses>
				<total>33</total>
				<timestamp>4776.590214</timestamp>
			</report>
			<report>
				<misses>14490001</misses>
				<total>33</total>
				<timestamp>4776.919878</timestamp>
			</report>
			<report>
				<misses>14491001</misses>
				<total>33</total>
				<timestamp>4777.249542</timestamp>
			</report>
			<report>
				<misses>14492001</misses>
				<total>33</total>
				<timestamp>4777.579208</timestamp>
			</report>
			<report>
				<misses>14493001</misses>
				<total>33</total>
				<timestamp>4777.908884</timestamp>
			</report>
			<report>
				<misses>14494001</misses>
				<total>33</total>
				<timestamp>4778.238564</timestamp>
			</report>
			<report>
				<misses>14495001</misses>
				<total>33</total>
				<timestamp>4778.568251</timestamp>
			</report>
			<report>
				<misses>14496001</misses>
				<total>33</total>
				<timestamp>4778.897917</timestamp>
			</report>
			<report>
				<misses>14497001</misses>
				<total>33</total>
				<timestamp>4779.227563</timestamp>
			</report>
			<report>
				<misses>14498001</misses>
				<total>33</total>
				<timestamp>4779.557266</timestamp>
			</report>
			<report>
				<misses>14499001</misses>
				<total>33</total>
				<timestamp>4779.886908</timestamp>
			</report>
			<report>
				<misses>14500001</misses>
				<total>33</total>
				<timestamp>4780.216588</timestamp>
			</report>
			<report>
				<misses>14501001</misses>
				<total>33</total>
				<timestamp>4780.546263</timestamp>
			</report>
			<report>
				<misses>14502001</misses>
				<total>33</total>
				<timestamp>4780.875921</timestamp>
			</report>
			<report>
				<misses>14503001</misses>
				<total>33</total>
				<timestamp>4781.205581</timestamp>
			</report>
			<report>
				<misses>14504001</misses>
				<total>33</total>
				<timestamp>4781.535287</timestamp>
			</report>
			<report>
				<misses>14505001</misses>
				<total>33</total>
				<timestamp>4781.864924</timestamp>
			</report>
			<report>
				<misses>14506001</misses>
				<total>33</total>
				<timestamp>4782.194594</timestamp>
			</report>
			<report>
				<misses>14507001</misses>
				<total>33</total>
				<timestamp>4782.524282</timestamp>
			</report>
			<report>
				<misses>14508001</misses>
				<total>33</total>
				<timestamp>4782.853929</timestamp>
			</report>
			<report>
				<misses>14509001</misses>
				<total>33</total>
				<timestamp>4783.183615</timestamp>
			</report>
			<report>
				<misses>14510001</misses>
				<total>33</total>
				<timestamp>4783.513292</timestamp>
			</report>
			<report>
				<misses>14511001</misses>
				<total>33</total>
				<timestamp>4783.842950</timestamp>
			</report>
			<report>
				<misses>14512001</misses>
				<total>33</total>
				<timestamp>4784.172688</timestamp>
			</report>
			<report>
				<misses>14513001</misses>
				<total>33</total>
				<timestamp>4784.502287</timestamp>
			</report>
			<report>
				<misses>14514001</misses>
				<total>33</total>
				<timestamp>4784.831949</timestamp>
			</report>
			<report>
				<misses>14515001</misses>
				<total>33</total>
				<timestamp>4785.161681</timestamp>
			</report>
			<report>
				<misses>14516001</misses>
				<total>33</total>
				<timestamp>4785.491323</timestamp>
			</report>
			<report>
				<misses>14517001</misses>
				<total>33</total>
				<timestamp>4785.821046</timestamp>
			</report>
			<report>
				<misses>14518001</misses>
				<total>33</total>
				<timestamp>4786.150701</timestamp>
			</report>
			<report>
				<misses>14519001</misses>
				<total>33</total>
				<timestamp>4786.480302</timestamp>
			</report>
			<report>
				<misses>14520001</misses>
				<total>33</total>
				<timestamp>4786.810028</timestamp>
			</report>
			<report>
				<misses>14521001</misses>
				<total>33</total>
				<timestamp>4787.139689</timestamp>
			</report>
			<report>
				<misses>14522001</misses>
				<total>33</total>
				<timestamp>4787.469336</timestamp>
			</report>
			<report>
				<misses>14523001</misses>
				<total>33</total>
				<timestamp>4787.798986</timestamp>
			</report>
			<report>
				<misses>14524001</misses>
				<total>33</total>
				<timestamp>4788.128712</timestamp>
			</report>
			<report>
				<misses>14525001</misses>
				<total>33</total>
				<timestamp>4788.458320</timestamp>
			</report>
			<report>
				<misses>14526001</misses>
				<total>33</total>
				<timestamp>4788.788006</timestamp>
			</report>
			<report>
				<misses>14527001</misses>
				<total>33</total>
				<timestamp>4789.117727</timestamp>
			</report>
			<report>
				<misses>14528001</misses>
				<total>33</total>
				<timestamp>4789.447337</timestamp>
			</report>
			<report>
				<misses>14529001</misses>
				<total>33</total>
				<timestamp>4789.777013</timestamp>
			</report>
			<report>
				<misses>14530001</misses>
				<total>33</total>
				<timestamp>4790.106710</timestamp>
			</report>
			<report>
				<misses>14531001</misses>
				<total>33</total>
				<timestamp>4790.436340</timestamp>
			</report>
			<report>
				<misses>14532001</misses>
				<total>33</total>
				<timestamp>4790.766060</timestamp>
			</report>
			<report>
				<misses>14533001</misses>
				<total>33</total>
				<timestamp>4791.095749</timestamp>
			</report>
			<report>
				<misses>14534001</misses>
				<total>33</total>
				<timestamp>4791.425363</timestamp>
			</report>
			<report>
				<misses>14535001</misses>
				<total>33</total>
				<timestamp>4791.755046</timestamp>
			</report>
			<report>
				<misses>14536001</misses>
				<total>33</total>
				<timestamp>4792.084685</timestamp>
			</report>
			<report>
				<misses>14537001</misses>
				<total>33</total>
				<timestamp>4792.414395</timestamp>
			</report>
			<report>
				<misses>14538001</misses>
				<total>33</total>
				<timestamp>4792.744032</timestamp>
			</report>
			<report>
				<misses>14539001</misses>
				<total>33</total>
				<timestamp>4793.073709</timestamp>
			</report>
			<report>
				<misses>14540001</misses>
				<total>33</total>
				<timestamp>4793.403380</timestamp>
			</report>
			<report>
				<misses>14541001</misses>
				<total>33</total>
				<timestamp>4793.733085</timestamp>
			</report>
			<report>
				<misses>14542001</misses>
				<total>33</total>
				<timestamp>4794.062780</timestamp>
			</report>
			<report>
				<misses>14543001</misses>
				<total>33</total>
				<timestamp>4794.392399</timestamp>
			</report>
			<report>
				<misses>14544001</misses>
				<total>33</total>
				<timestamp>4794.722090</timestamp>
			</report>
			<report>
				<misses>14545001</misses>
				<total>33</total>
				<timestamp>4795.051793</timestamp>
			</report>
			<report>
				<misses>14546001</misses>
				<total>33</total>
				<timestamp>4795.381416</timestamp>
			</report>
			<report>
				<misses>14547001</misses>
				<total>33</total>
				<timestamp>4795.711084</timestamp>
			</report>
			<report>
				<misses>14548001</misses>
				<total>33</total>
				<timestamp>4796.040732</timestamp>
			</report>
			<report>
				<misses>14549001</misses>
				<total>33</total>
				<timestamp>4796.370466</timestamp>
			</report>
			<report>
				<misses>14550001</misses>
				<total>33</total>
				<timestamp>4796.700091</timestamp>
			</report>
			<report>
				<misses>14551001</misses>
				<total>33</total>
				<timestamp>4797.029799</timestamp>
			</report>
			<report>
				<misses>14552001</misses>
				<total>33</total>
				<timestamp>4797.359420</timestamp>
			</report>
			<report>
				<misses>14553001</misses>
				<total>33</total>
				<timestamp>4797.689122</timestamp>
			</report>
			<report>
				<misses>14554001</misses>
				<total>33</total>
				<timestamp>4798.018751</timestamp>
			</report>
			<report>
				<misses>14555001</misses>
				<total>33</total>
				<timestamp>4798.348460</timestamp>
			</report>
			<report>
				<misses>14556001</misses>
				<total>33</total>
				<timestamp>4798.678130</timestamp>
			</report>
			<report>
				<misses>14557001</misses>
				<total>33</total>
				<timestamp>4799.007827</timestamp>
			</report>
			<report>
				<misses>14558001</misses>
				<total>33</total>
				<timestamp>4799.337435</timestamp>
			</report>
			<report>
				<misses>14559001</misses>
				<total>33</total>
				<timestamp>4799.667138</timestamp>
			</report>
			<report>
				<misses>14560001</misses>
				<total>33</total>
				<timestamp>4799.996791</timestamp>
			</report>
			<report>
				<misses>14561001</misses>
				<total>33</total>
				<timestamp>4800.326459</timestamp>
			</report>
			<report>
				<misses>14562001</misses>
				<total>33</total>
				<timestamp>4800.656166</timestamp>
			</report>
			<report>
				<misses>14563001</misses>
				<total>33</total>
				<timestamp>4800.985792</timestamp>
			</report>
			<report>
				<misses>14564001</misses>
				<total>33</total>
				<timestamp>4801.315455</timestamp>
			</report>
			<report>
				<misses>14565001</misses>
				<total>33</total>
				<timestamp>4801.645143</timestamp>
			</report>
			<report>
				<misses>14566001</misses>
				<total>33</total>
				<timestamp>4801.974805</timestamp>
			</report>
			<report>
				<misses>14567001</misses>
				<total>33</total>
				<timestamp>4802.304469</timestamp>
			</report>
			<report>
				<misses>14568001</misses>
				<total>33</total>
				<timestamp>4802.634173</timestamp>
			</report>
			<report>
				<misses>14569001</misses>
				<total>33</total>
				<timestamp>4802.963824</timestamp>
			</report>
			<report>
				<misses>14570001</misses>
				<total>33</total>
				<timestamp>4803.293473</timestamp>
			</report>
			<report>
				<misses>14571001</misses>
				<total>33</total>
				<timestamp>4803.623165</timestamp>
			</report>
			<report>
				<misses>14572001</misses>
				<total>33</total>
				<timestamp>4803.952856</timestamp>
			</report>
			<report>
				<misses>14573001</misses>
				<total>33</total>
				<timestamp>4804.282500</timestamp>
			</report>
			<report>
				<misses>14574001</misses>
				<total>33</total>
				<timestamp>4804.612166</timestamp>
			</report>
			<report>
				<misses>14575001</misses>
				<total>33</total>
				<timestamp>4804.941826</timestamp>
			</report>
			<report>
				<misses>14576001</misses>
				<total>33</total>
				<timestamp>4805.271515</timestamp>
			</report>
			<report>
				<misses>14577001</misses>
				<total>33</total>
				<timestamp>4805.601193</timestamp>
			</report>
			<report>
				<misses>14578001</misses>
				<total>33</total>
				<timestamp>4805.930844</timestamp>
			</report>
			<report>
				<misses>14579001</misses>
				<total>33</total>
				<timestamp>4806.260540</timestamp>
			</report>
			<report>
				<misses>14580001</misses>
				<total>33</total>
				<timestamp>4806.590198</timestamp>
			</report>
			<report>
				<misses>14581001</misses>
				<total>33</total>
				<timestamp>4806.919871</timestamp>
			</report>
			<report>
				<misses>14582001</misses>
				<total>33</total>
				<timestamp>4807.249556</timestamp>
			</report>
			<report>
				<misses>14583001</misses>
				<total>33</total>
				<timestamp>4807.579211</timestamp>
			</report>
			<report>
				<misses>14584001</misses>
				<total>33</total>
				<timestamp>4807.908872</timestamp>
			</report>
			<report>
				<misses>14585001</misses>
				<total>33</total>
				<timestamp>4808.238537</timestamp>
			</report>
			<report>
				<misses>14586001</misses>
				<total>33</total>
				<timestamp>4808.568207</timestamp>
			</report>
			<report>
				<misses>14587001</misses>
				<total>33</total>
				<timestamp>4808.897873</timestamp>
			</report>
			<report>
				<misses>14588001</misses>
				<total>33</total>
				<timestamp>4809.227608</timestamp>
			</report>
			<report>
				<misses>14589001</misses>
				<total>33</total>
				<timestamp>4809.557230</timestamp>
			</report>
			<report>
				<misses>14590001</misses>
				<total>33</total>
				<timestamp>4809.886898</timestamp>
			</report>
			<report>
				<misses>14591001</misses>
				<total>33</total>
				<timestamp>4810.216606</timestamp>
			</report>
			<report>
				<misses>14592001</misses>
				<total>33</total>
				<timestamp>4810.546213</timestamp>
			</report>
			<report>
				<misses>14593001</misses>
				<total>33</total>
				<timestamp>4810.875923</timestamp>
			</report>
			<report>
				<misses>14594001</misses>
				<total>33</total>
				<timestamp>4811.205586</timestamp>
			</report>
			<report>
				<misses>14595001</misses>
				<total>33</total>
				<timestamp>4811.535267</timestamp>
			</report>
			<report>
				<misses>14596001</misses>
				<total>33</total>
				<timestamp>4811.864888</timestamp>
			</report>
			<report>
				<misses>14597001</misses>
				<total>33</total>
				<timestamp>4812.194596</timestamp>
			</report>
			<report>
				<misses>14598001</misses>
				<total>33</total>
				<timestamp>4812.524234</timestamp>
			</report>
			<report>
				<misses>14599001</misses>
				<total>33</total>
				<timestamp>4812.853938</timestamp>
			</report>
			<report>
				<misses>14600001</misses>
				<total>33</total>
				<timestamp>4813.183651</timestamp>
			</report>
			<report>
				<misses>14601001</misses>
				<total>33</total>
				<timestamp>4813.513261</timestamp>
			</report>
			<report>
				<misses>14602001</misses>
				<total>33</total>
				<timestamp>4813.842916</timestamp>
			</report>
			<report>
				<misses>14603001</misses>
				<total>33</total>
				<timestamp>4814.172655</timestamp>
			</report>
			<report>
				<misses>14604001</misses>
				<total>33</total>
				<timestamp>4814.502266</timestamp>
			</report>
			<report>
				<misses>14605001</misses>
				<total>33</total>
				<timestamp>4814.831956</timestamp>
			</report>
			<report>
				<misses>14606001</misses>
				<total>33</total>
				<timestamp>4815.161616</timestamp>
			</report>
			<report>
				<misses>14607001</misses>
				<total>33</total>
				<timestamp>4815.491276</timestamp>
			</report>
			<report>
				<misses>14608001</misses>
				<total>33</total>
				<timestamp>4815.820959</timestamp>
			</report>
			<report>
				<misses>14609001</misses>
				<total>33</total>
				<timestamp>4816.150606</timestamp>
			</report>
			<report>
				<misses>14610001</misses>
				<total>33</total>
				<timestamp>4816.480285</timestamp>
			</report>
			<report>
				<misses>14611001</misses>
				<total>33</total>
				<timestamp>4816.809979</timestamp>
			</report>
			<report>
				<misses>14612001</misses>
				<total>33</total>
				<timestamp>4817.139665</timestamp>
			</report>
			<report>
				<misses>14613001</misses>
				<total>33</total>
				<timestamp>4817.469298</timestamp>
			</report>
			<report>
				<misses>14614001</misses>
				<total>33</total>
				<timestamp>4817.798977</timestamp>
			</report>
			<report>
				<misses>14615001</misses>
				<total>33</total>
				<timestamp>4818.128699</timestamp>
			</report>
			<report>
				<misses>14616001</misses>
				<total>33</total>
				<timestamp>4818.458309</timestamp>
			</report>
			<report>
				<misses>14617001</misses>
				<total>33</total>
				<timestamp>4818.788014</timestamp>
			</report>
			<report>
				<misses>14618001</misses>
				<total>33</total>
				<timestamp>4819.117710</timestamp>
			</report>
			<report>
				<misses>14619001</misses>
				<total>33</total>
				<timestamp>4819.447310</timestamp>
			</report>
			<report>
				<misses>14620001</misses>
				<total>33</total>
				<timestamp>4819.776992</timestamp>
			</report>
			<report>
				<misses>14621001</misses>
				<total>33</total>
				<timestamp>4820.106641</timestamp>
			</report>
			<report>
				<misses>14622001</misses>
				<total>33</total>
				<timestamp>4820.436390</timestamp>
			</report>
			<report>
				<misses>14623001</misses>
				<total>33</total>
				<timestamp>4820.765985</timestamp>
			</report>
			<report>
				<misses>14624001</misses>
				<total>33</total>
				<timestamp>4821.095677</timestamp>
			</report>
			<report>
				<misses>14625001</misses>
				<total>33</total>
				<timestamp>4821.425323</timestamp>
			</report>
			<report>
				<misses>14626001</misses>
				<total>33</total>
				<timestamp>4821.755037</timestamp>
			</report>
			<report>
				<misses>14627001</misses>
				<total>33</total>
				<timestamp>4822.084668</timestamp>
			</report>
			<report>
				<misses>14628001</misses>
				<total>33</total>
				<timestamp>4822.414333</timestamp>
			</report>
			<report>
				<misses>14629001</misses>
				<total>33</total>
				<timestamp>4822.744062</timestamp>
			</report>
			<report>
				<misses>14630001</misses>
				<total>33</total>
				<timestamp>4823.073671</timestamp>
			</report>
			<report>
				<misses>14631001</misses>
				<total>33</total>
				<timestamp>4823.403367</timestamp>
			</report>
			<report>
				<misses>14632001</misses>
				<total>33</total>
				<timestamp>4823.733053</timestamp>
			</report>
			<report>
				<misses>14633001</misses>
				<total>33</total>
				<timestamp>4824.062745</timestamp>
			</report>
			<report>
				<misses>14634001</misses>
				<total>33</total>
				<timestamp>4824.392359</timestamp>
			</report>
			<report>
				<misses>14635001</misses>
				<total>33</total>
				<timestamp>4824.722037</timestamp>
			</report>
			<report>
				<misses>14636001</misses>
				<total>33</total>
				<timestamp>4825.051688</timestamp>
			</report>
			<report>
				<misses>14637001</misses>
				<total>33</total>
				<timestamp>4825.381366</timestamp>
			</report>
			<report>
				<misses>14638001</misses>
				<total>33</total>
				<timestamp>4825.711044</timestamp>
			</report>
			<report>
				<misses>14639001</misses>
				<total>33</total>
				<timestamp>4826.040700</timestamp>
			</report>
			<report>
				<misses>14640001</misses>
				<total>33</total>
				<timestamp>4826.370379</timestamp>
			</report>
			<report>
				<misses>14641001</misses>
				<total>33</total>
				<timestamp>4826.700042</timestamp>
			</report>
			<report>
				<misses>14642001</misses>
				<total>33</total>
				<timestamp>4827.029718</timestamp>
			</report>
			<report>
				<misses>14643001</misses>
				<total>33</total>
				<timestamp>4827.359399</timestamp>
			</report>
			<report>
				<misses>14644001</misses>
				<total>33</total>
				<timestamp>4827.689091</timestamp>
			</report>
			<report>
				<misses>14645001</misses>
				<total>33</total>
				<timestamp>4828.018719</timestamp>
			</report>
			<report>
				<misses>14646001</misses>
				<total>33</total>
				<timestamp>4828.348400</timestamp>
			</report>
			<report>
				<misses>14647001</misses>
				<total>33</total>
				<timestamp>4828.678077</timestamp>
			</report>
			<report>
				<misses>14648001</misses>
				<total>33</total>
				<timestamp>4829.007770</timestamp>
			</report>
			<report>
				<misses>14649001</misses>
				<total>33</total>
				<timestamp>4829.337421</timestamp>
			</report>
			<report>
				<misses>14650001</misses>
				<total>33</total>
				<timestamp>4829.667077</timestamp>
			</report>
			<report>
				<misses>14651001</misses>
				<total>33</total>
				<timestamp>4829.996765</timestamp>
			</report>
			<report>
				<misses>14652001</misses>
				<total>33</total>
				<timestamp>4830.326412</timestamp>
			</report>
			<report>
				<misses>14653001</misses>
				<total>33</total>
				<timestamp>4830.656087</timestamp>
			</report>
			<report>
				<misses>14654001</misses>
				<total>33</total>
				<timestamp>4830.985757</timestamp>
			</report>
			<report>
				<misses>14655001</misses>
				<total>33</total>
				<timestamp>4831.315491</timestamp>
			</report>
			<report>
				<misses>14656001</misses>
				<total>33</total>
				<timestamp>4831.645101</timestamp>
			</report>
			<report>
				<misses>14657001</misses>
				<total>33</total>
				<timestamp>4831.974796</timestamp>
			</report>
			<report>
				<misses>14658001</misses>
				<total>33</total>
				<timestamp>4832.304460</timestamp>
			</report>
			<report>
				<misses>14659001</misses>
				<total>33</total>
				<timestamp>4832.634103</timestamp>
			</report>
			<report>
				<misses>14660001</misses>
				<total>33</total>
				<timestamp>4832.963770</timestamp>
			</report>
			<report>
				<misses>14661001</misses>
				<total>33</total>
				<timestamp>4833.293483</timestamp>
			</report>
			<report>
				<misses>14662001</misses>
				<total>33</total>
				<timestamp>4833.623119</timestamp>
			</report>
			<report>
				<misses>14663001</misses>
				<total>33</total>
				<timestamp>4833.952821</timestamp>
			</report>
			<report>
				<misses>14664001</misses>
				<total>33</total>
				<timestamp>4834.282507</timestamp>
			</report>
			<report>
				<misses>14665001</misses>
				<total>33</total>
				<timestamp>4834.612132</timestamp>
			</report>
			<report>
				<misses>14666001</misses>
				<total>33</total>
				<timestamp>4834.941824</timestamp>
			</report>
			<report>
				<misses>14667001</misses>
				<total>33</total>
				<timestamp>4835.271534</timestamp>
			</report>
			<report>
				<misses>14668001</misses>
				<total>33</total>
				<timestamp>4835.601143</timestamp>
			</report>
			<report>
				<misses>14669001</misses>
				<total>33</total>
				<timestamp>4835.930829</timestamp>
			</report>
			<report>
				<misses>14670001</misses>
				<total>33</total>
				<timestamp>4836.260515</timestamp>
			</report>
			<report>
				<misses>14671001</misses>
				<total>33</total>
				<timestamp>4836.590149</timestamp>
			</report>
			<report>
				<misses>14672001</misses>
				<total>33</total>
				<timestamp>4836.919813</timestamp>
			</report>
			<report>
				<misses>14673001</misses>
				<total>33</total>
				<timestamp>4837.249511</timestamp>
			</report>
			<report>
				<misses>14674001</misses>
				<total>33</total>
				<timestamp>4837.579174</timestamp>
			</report>
			<report>
				<misses>14675001</misses>
				<total>33</total>
				<timestamp>4837.908855</timestamp>
			</report>
			<report>
				<misses>14676001</misses>
				<total>33</total>
				<timestamp>4838.238558</timestamp>
			</report>
			<report>
				<misses>14677001</misses>
				<total>33</total>
				<timestamp>4838.568212</timestamp>
			</report>
			<report>
				<misses>14678001</misses>
				<total>33</total>
				<timestamp>4838.897861</timestamp>
			</report>
			<report>
				<misses>14679001</misses>
				<total>33</total>
				<timestamp>4839.227567</timestamp>
			</report>
			<report>
				<misses>14680001</misses>
				<total>33</total>
				<timestamp>4839.557177</timestamp>
			</report>
			<report>
				<misses>14681001</misses>
				<total>33</total>
				<timestamp>4839.886845</timestamp>
			</report>
			<report>
				<misses>14682001</misses>
				<total>33</total>
				<timestamp>4840.216527</timestamp>
			</report>
			<report>
				<misses>14683001</misses>
				<total>33</total>
				<timestamp>4840.546228</timestamp>
			</report>
			<report>
				<misses>14684001</misses>
				<total>33</total>
				<timestamp>4840.875864</timestamp>
			</report>
			<report>
				<misses>14685001</misses>
				<total>33</total>
				<timestamp>4841.205541</timestamp>
			</report>
			<report>
				<misses>14686001</misses>
				<total>33</total>
				<timestamp>4841.535200</timestamp>
			</report>
			<report>
				<misses>14687001</misses>
				<total>33</total>
				<timestamp>4841.864890</timestamp>
			</report>
			<report>
				<misses>14688001</misses>
				<total>33</total>
				<timestamp>4842.194534</timestamp>
			</report>
			<report>
				<misses>14689001</misses>
				<total>33</total>
				<timestamp>4842.524217</timestamp>
			</report>
			<report>
				<misses>14690001</misses>
				<total>33</total>
				<timestamp>4842.853905</timestamp>
			</report>
			<report>
				<misses>14691001</misses>
				<total>33</total>
				<timestamp>4843.183546</timestamp>
			</report>
			<report>
				<misses>14692001</misses>
				<total>33</total>
				<timestamp>4843.513223</timestamp>
			</report>
			<report>
				<misses>14693001</misses>
				<total>33</total>
				<timestamp>4843.842881</timestamp>
			</report>
			<report>
				<misses>14694001</misses>
				<total>33</total>
				<timestamp>4844.172550</timestamp>
			</report>
			<report>
				<misses>14695001</misses>
				<total>33</total>
				<timestamp>4844.502236</timestamp>
			</report>
			<report>
				<misses>14696001</misses>
				<total>33</total>
				<timestamp>4844.831910</timestamp>
			</report>
			<report>
				<misses>14697001</misses>
				<total>33</total>
				<timestamp>4845.161585</timestamp>
			</report>
			<report>
				<misses>14698001</misses>
				<total>33</total>
				<timestamp>4845.491241</timestamp>
			</report>
			<report>
				<misses>14699001</misses>
				<total>33</total>
				<timestamp>4845.820924</timestamp>
			</report>
			<report>
				<misses>14700001</misses>
				<total>33</total>
				<timestamp>4846.150614</timestamp>
			</report>
			<report>
				<misses>14701001</misses>
				<total>33</total>
				<timestamp>4846.480247</timestamp>
			</report>
			<report>
				<misses>14702001</misses>
				<total>33</total>
				<timestamp>4846.809931</timestamp>
			</report>
			<report>
				<misses>14703001</misses>
				<total>33</total>
				<timestamp>4847.139620</timestamp>
			</report>
			<report>
				<misses>14704001</misses>
				<total>33</total>
				<timestamp>4847.469265</timestamp>
			</report>
			<report>
				<misses>14705001</misses>
				<total>33</total>
				<timestamp>4847.798922</timestamp>
			</report>
			<report>
				<misses>14706001</misses>
				<total>33</total>
				<timestamp>4848.128597</timestamp>
			</report>
			<report>
				<misses>14707001</misses>
				<total>33</total>
				<timestamp>4848.458285</timestamp>
			</report>
			<report>
				<misses>14708001</misses>
				<total>33</total>
				<timestamp>4848.787940</timestamp>
			</report>
			<report>
				<misses>14709001</misses>
				<total>33</total>
				<timestamp>4849.117615</timestamp>
			</report>
			<report>
				<misses>14710001</misses>
				<total>33</total>
				<timestamp>4849.447276</timestamp>
			</report>
			<report>
				<misses>14711001</misses>
				<total>33</total>
				<timestamp>4849.776939</timestamp>
			</report>
			<report>
				<misses>14712001</misses>
				<total>33</total>
				<timestamp>4850.106621</timestamp>
			</report>
			<report>
				<misses>14713001</misses>
				<total>33</total>
				<timestamp>4850.436317</timestamp>
			</report>
			<report>
				<misses>14714001</misses>
				<total>33</total>
				<timestamp>4850.765956</timestamp>
			</report>
			<report>
				<misses>14715001</misses>
				<total>33</total>
				<timestamp>4851.095643</timestamp>
			</report>
			<report>
				<misses>14716001</misses>
				<total>33</total>
				<timestamp>4851.425313</timestamp>
			</report>
			<report>
				<misses>14717001</misses>
				<total>33</total>
				<timestamp>4851.754975</timestamp>
			</report>
			<report>
				<misses>14718001</misses>
				<total>33</total>
				<timestamp>4852.084629</timestamp>
			</report>
			<report>
				<misses>14719001</misses>
				<total>33</total>
				<timestamp>4852.414359</timestamp>
			</report>
			<report>
				<misses>14720001</misses>
				<total>33</total>
				<timestamp>4852.743987</timestamp>
			</report>
			<report>
				<misses>14721001</misses>
				<total>33</total>
				<timestamp>4853.073672</timestamp>
			</report>
			<report>
				<misses>14722001</misses>
				<total>33</total>
				<timestamp>4853.403323</timestamp>
			</report>
			<report>
				<misses>14723001</misses>
				<total>33</total>
				<timestamp>4853.733027</timestamp>
			</report>
			<report>
				<misses>14724001</misses>
				<total>33</total>
				<timestamp>4854.062692</timestamp>
			</report>
			<report>
				<misses>14725001</misses>
				<total>33</total>
				<timestamp>4854.392386</timestamp>
			</report>
			<report>
				<misses>14726001</misses>
				<total>33</total>
				<timestamp>4854.722007</timestamp>
			</report>
			<report>
				<misses>14727001</misses>
				<total>33</total>
				<timestamp>4855.051666</timestamp>
			</report>
			<report>
				<misses>14728001</misses>
				<total>33</total>
				<timestamp>4855.381409</timestamp>
			</report>
			<report>
				<misses>14729001</misses>
				<total>33</total>
				<timestamp>4855.710995</timestamp>
			</report>
			<report>
				<misses>14730001</misses>
				<total>33</total>
				<timestamp>4856.040694</timestamp>
			</report>
			<report>
				<misses>14731001</misses>
				<total>33</total>
				<timestamp>4856.370394</timestamp>
			</report>
			<report>
				<misses>14732001</misses>
				<total>33</total>
				<timestamp>4856.700013</timestamp>
			</report>
			<report>
				<misses>14733001</misses>
				<total>33</total>
				<timestamp>4857.029713</timestamp>
			</report>
			<report>
				<misses>14734001</misses>
				<total>33</total>
				<timestamp>4857.359422</timestamp>
			</report>
			<report>
				<misses>14735001</misses>
				<total>33</total>
				<timestamp>4857.689021</timestamp>
			</report>
			<report>
				<misses>14736001</misses>
				<total>33</total>
				<timestamp>4858.018695</timestamp>
			</report>
			<report>
				<misses>14737001</misses>
				<total>33</total>
				<timestamp>4858.348363</timestamp>
			</report>
			<report>
				<misses>14738001</misses>
				<total>33</total>
				<timestamp>4858.678048</timestamp>
			</report>
			<report>
				<misses>14739001</misses>
				<total>33</total>
				<timestamp>4859.007701</timestamp>
			</report>
			<report>
				<misses>14740001</misses>
				<total>33</total>
				<timestamp>4859.337414</timestamp>
			</report>
			<report>
				<misses>14741001</misses>
				<total>33</total>
				<timestamp>4859.667046</timestamp>
			</report>
			<report>
				<misses>14742001</misses>
				<total>33</total>
				<timestamp>4859.996711</timestamp>
			</report>
			<report>
				<misses>14743001</misses>
				<total>33</total>
				<timestamp>4860.326380</timestamp>
			</report>
			<report>
				<misses>14744001</misses>
				<total>33</total>
				<timestamp>4860.656090</timestamp>
			</report>
			<report>
				<misses>14745001</misses>
				<total>33</total>
				<timestamp>4860.985779</timestamp>
			</report>
			<report>
				<misses>14746001</misses>
				<total>33</total>
				<timestamp>4861.315465</timestamp>
			</report>
			<report>
				<misses>14747001</misses>
				<total>33</total>
				<timestamp>4861.645079</timestamp>
			</report>
			<report>
				<misses>14748001</misses>
				<total>33</total>
				<timestamp>4861.974746</timestamp>
			</report>
			<report>
				<misses>14749001</misses>
				<total>33</total>
				<timestamp>4862.304443</timestamp>
			</report>
			<report>
				<misses>14750001</misses>
				<total>33</total>
				<timestamp>4862.634083</timestamp>
			</report>
			<report>
				<misses>14751001</misses>
				<total>33</total>
				<timestamp>4862.963776</timestamp>
			</report>
			<report>
				<misses>14752001</misses>
				<total>33</total>
				<timestamp>4863.293449</timestamp>
			</report>
			<report>
				<misses>14753001</misses>
				<total>33</total>
				<timestamp>4863.623080</timestamp>
			</report>
			<report>
				<misses>14754001</misses>
				<total>33</total>
				<timestamp>4863.952770</timestamp>
			</report>
			<report>
				<misses>14755001</misses>
				<total>33</total>
				<timestamp>4864.282426</timestamp>
			</report>
			<report>
				<misses>14756001</misses>
				<total>33</total>
				<timestamp>4864.612119</timestamp>
			</report>
			<report>
				<misses>14757001</misses>
				<total>33</total>
				<timestamp>4864.941775</timestamp>
			</report>
			<report>
				<misses>14758001</misses>
				<total>33</total>
				<timestamp>4865.271488</timestamp>
			</report>
			<report>
				<misses>14759001</misses>
				<total>33</total>
				<timestamp>4865.601114</timestamp>
			</report>
			<report>
				<misses>14760001</misses>
				<total>33</total>
				<timestamp>4865.930791</timestamp>
			</report>
			<report>
				<misses>14761001</misses>
				<total>33</total>
				<timestamp>4866.260457</timestamp>
			</report>
			<report>
				<misses>14762001</misses>
				<total>33</total>
				<timestamp>4866.590178</timestamp>
			</report>
			<report>
				<misses>14763001</misses>
				<total>33</total>
				<timestamp>4866.919804</timestamp>
			</report>
			<report>
				<misses>14764001</misses>
				<total>33</total>
				<timestamp>4867.249466</timestamp>
			</report>
			<report>
				<misses>14765001</misses>
				<total>33</total>
				<timestamp>4867.579122</timestamp>
			</report>
			<report>
				<misses>14766001</misses>
				<total>33</total>
				<timestamp>4867.908806</timestamp>
			</report>
			<report>
				<misses>14767001</misses>
				<total>33</total>
				<timestamp>4868.238459</timestamp>
			</report>
			<report>
				<misses>14768001</misses>
				<total>33</total>
				<timestamp>4868.568150</timestamp>
			</report>
			<report>
				<misses>14769001</misses>
				<total>33</total>
				<timestamp>4868.897846</timestamp>
			</report>
			<report>
				<misses>14770001</misses>
				<total>33</total>
				<timestamp>4869.227490</timestamp>
			</report>
			<report>
				<misses>14771001</misses>
				<total>33</total>
				<timestamp>4869.557214</timestamp>
			</report>
			<report>
				<misses>14772001</misses>
				<total>33</total>
				<timestamp>4869.886833</timestamp>
			</report>
			<report>
				<misses>14773001</misses>
				<total>33</total>
				<timestamp>4870.216509</timestamp>
			</report>
			<report>
				<misses>14774001</misses>
				<total>33</total>
				<timestamp>4870.546170</timestamp>
			</report>
			<report>
				<misses>14775001</misses>
				<total>33</total>
				<timestamp>4870.875829</timestamp>
			</report>
			<report>
				<misses>14776001</misses>
				<total>33</total>
				<timestamp>4871.205491</timestamp>
			</report>
			<report>
				<misses>14777001</misses>
				<total>33</total>
				<timestamp>4871.535168</timestamp>
			</report>
			<report>
				<misses>14778001</misses>
				<total>33</total>
				<timestamp>4871.864852</timestamp>
			</report>
			<report>
				<misses>14779001</misses>
				<total>33</total>
				<timestamp>4872.194510</timestamp>
			</report>
			<report>
				<misses>14780001</misses>
				<total>33</total>
				<timestamp>4872.524171</timestamp>
			</report>
			<report>
				<misses>14781001</misses>
				<total>33</total>
				<timestamp>4872.853860</timestamp>
			</report>
			<report>
				<misses>14782001</misses>
				<total>34</total>
				<timestamp>4873.183551</timestamp>
			</report>
			<report>
				<misses>14783001</misses>
				<total>34</total>
				<timestamp>4873.513233</timestamp>
			</report>
			<report>
				<misses>14784001</misses>
				<total>34</total>
				<timestamp>4873.842869</timestamp>
			</report>
			<report>
				<misses>14785001</misses>
				<total>34</total>
				<timestamp>4874.172569</timestamp>
			</report>
			<report>
				<misses>14786001</misses>
				<total>34</total>
				<timestamp>4874.502254</timestamp>
			</report>
			<report>
				<misses>14787001</misses>
				<total>34</total>
				<timestamp>4874.831879</timestamp>
			</report>
			<report>
				<misses>14788001</misses>
				<total>34</total>
				<timestamp>4875.161575</timestamp>
			</report>
			<report>
				<misses>14789001</misses>
				<total>34</total>
				<timestamp>4875.491217</timestamp>
			</report>
			<report>
				<misses>14790001</misses>
				<total>34</total>
				<timestamp>4875.820893</timestamp>
			</report>
			<report>
				<misses>14791001</misses>
				<total>34</total>
				<timestamp>4876.150586</timestamp>
			</report>
			<report>
				<misses>14792001</misses>
				<total>34</total>
				<timestamp>4876.480241</timestamp>
			</report>
			<report>
				<misses>14793001</misses>
				<total>34</total>
				<timestamp>4876.809920</timestamp>
			</report>
			<report>
				<misses>14794001</misses>
				<total>34</total>
				<timestamp>4877.139585</timestamp>
			</report>
			<report>
				<misses>14795001</misses>
				<total>34</total>
				<timestamp>4877.469251</timestamp>
			</report>
			<report>
				<misses>14796001</misses>
				<total>34</total>
				<timestamp>4877.798899</timestamp>
			</report>
			<report>
				<misses>14797001</misses>
				<total>34</total>
				<timestamp>4878.128566</timestamp>
			</report>
			<report>
				<misses>14798001</misses>
				<total>34</total>
				<timestamp>4878.458306</timestamp>
			</report>
			<report>
				<misses>14799001</misses>
				<total>34</total>
				<timestamp>4878.787916</timestamp>
			</report>
			<report>
				<misses>14800001</misses>
				<total>34</total>
				<timestamp>4879.117621</timestamp>
			</report>
			<report>
				<misses>14801001</misses>
				<total>34</total>
				<timestamp>4879.447309</timestamp>
			</report>
			<report>
				<misses>14802001</misses>
				<total>34</total>
				<timestamp>4879.776915</timestamp>
			</report>
			<report>
				<misses>14803001</misses>
				<total>34</total>
				<timestamp>4880.106610</timestamp>
			</report>
			<report>
				<misses>14804001</misses>
				<total>34</total>
				<timestamp>4880.436266</timestamp>
			</report>
			<report>
				<misses>14805001</misses>
				<total>34</total>
				<timestamp>4880.765969</timestamp>
			</report>
			<report>
				<misses>14806001</misses>
				<total>34</total>
				<timestamp>4881.095604</timestamp>
			</report>
			<report>
				<misses>14807001</misses>
				<total>34</total>
				<timestamp>4881.425275</timestamp>
			</report>
			<report>
				<misses>14808001</misses>
				<total>34</total>
				<timestamp>4881.754957</timestamp>
			</report>
			<report>
				<misses>14809001</misses>
				<total>34</total>
				<timestamp>4882.084638</timestamp>
			</report>
			<report>
				<misses>14810001</misses>
				<total>34</total>
				<timestamp>4882.414312</timestamp>
			</report>
			<report>
				<misses>14811001</misses>
				<total>34</total>
				<timestamp>4882.743953</timestamp>
			</report>
			<report>
				<misses>14812001</misses>
				<total>34</total>
				<timestamp>4883.073623</timestamp>
			</report>
			<report>
				<misses>14813001</misses>
				<total>34</total>
				<timestamp>4883.403291</timestamp>
			</report>
			<report>
				<misses>14814001</misses>
				<total>34</total>
				<timestamp>4883.732980</timestamp>
			</report>
			<report>
				<misses>14815001</misses>
				<total>34</total>
				<timestamp>4884.062641</timestamp>
			</report>
			<report>
				<misses>14816001</misses>
				<total>34</total>
				<timestamp>4884.392317</timestamp>
			</report>
			<report>
				<misses>14817001</misses>
				<total>34</total>
				<timestamp>4884.721970</timestamp>
			</report>
			<report>
				<misses>14818001</misses>
				<total>34</total>
				<timestamp>4885.051632</timestamp>
			</report>
			<report>
				<misses>14819001</misses>
				<total>34</total>
				<timestamp>4885.381336</timestamp>
			</report>
			<report>
				<misses>14820001</misses>
				<total>34</total>
				<timestamp>4885.710968</timestamp>
			</report>
			<report>
				<misses>14821001</misses>
				<total>34</total>
				<timestamp>4886.040682</timestamp>
			</report>
			<report>
				<misses>14822001</misses>
				<total>34</total>
				<timestamp>4886.370330</timestamp>
			</report>
			<report>
				<misses>14823001</misses>
				<total>34</total>
				<timestamp>4886.699992</timestamp>
			</report>
			<report>
				<misses>14824001</misses>
				<total>34</total>
				<timestamp>4887.029669</timestamp>
			</report>
			<report>
				<misses>14825001</misses>
				<total>34</total>
				<timestamp>4887.359363</timestamp>
			</report>
			<report>
				<misses>14826001</misses>
				<total>34</total>
				<timestamp>4887.688995</timestamp>
			</report>
			<report>
				<misses>14827001</misses>
				<total>34</total>
				<timestamp>4888.018669</timestamp>
			</report>
			<report>
				<misses>14828001</misses>
				<total>34</total>
				<timestamp>4888.348324</timestamp>
			</report>
			<report>
				<misses>14829001</misses>
				<total>34</total>
				<timestamp>4888.677998</timestamp>
			</report>
			<report>
				<misses>14830001</misses>
				<total>34</total>
				<timestamp>4889.007664</timestamp>
			</report>
			<report>
				<misses>14831001</misses>
				<total>34</total>
				<timestamp>4889.337402</timestamp>
			</report>
			<report>
				<misses>14832001</misses>
				<total>34</total>
				<timestamp>4889.667025</timestamp>
			</report>
			<report>
				<misses>14833001</misses>
				<total>34</total>
				<timestamp>4889.996685</timestamp>
			</report>
			<report>
				<misses>14834001</misses>
				<total>34</total>
				<timestamp>4890.326365</timestamp>
			</report>
			<report>
				<misses>14835001</misses>
				<total>34</total>
				<timestamp>4890.656038</timestamp>
			</report>
			<report>
				<misses>14836001</misses>
				<total>34</total>
				<timestamp>4890.985698</timestamp>
			</report>
			<report>
				<misses>14837001</misses>
				<total>34</total>
				<timestamp>4891.315388</timestamp>
			</report>
			<report>
				<misses>14838001</misses>
				<total>34</total>
				<timestamp>4891.645045</timestamp>
			</report>
			<report>
				<misses>14839001</misses>
				<total>34</total>
				<timestamp>4891.974703</timestamp>
			</report>
			<report>
				<misses>14840001</misses>
				<total>34</total>
				<timestamp>4892.304387</timestamp>
			</report>
			<report>
				<misses>14841001</misses>
				<total>34</total>
				<timestamp>4892.634064</timestamp>
			</report>
			<report>
				<misses>14842001</misses>
				<total>34</total>
				<timestamp>4892.963709</timestamp>
			</report>
			<report>
				<misses>14843001</misses>
				<total>34</total>
				<timestamp>4893.293438</timestamp>
			</report>
			<report>
				<misses>14844001</misses>
				<total>34</total>
				<timestamp>4893.623065</timestamp>
			</report>
			<report>
				<misses>14845001</misses>
				<total>34</total>
				<timestamp>4893.952736</timestamp>
			</report>
			<report>
				<misses>14846001</misses>
				<total>34</total>
				<timestamp>4894.282426</timestamp>
			</report>
			<report>
				<misses>14847001</misses>
				<total>34</total>
				<timestamp>4894.612071</timestamp>
			</report>
			<report>
				<misses>14848001</misses>
				<total>34</total>
				<timestamp>4894.941743</timestamp>
			</report>
			<report>
				<misses>14849001</misses>
				<total>34</total>
				<timestamp>4895.271431</timestamp>
			</report>
			<report>
				<misses>14850001</misses>
				<total>34</total>
				<timestamp>4895.601108</timestamp>
			</report>
			<report>
				<misses>14851001</misses>
				<total>34</total>
				<timestamp>4895.930750</timestamp>
			</report>
			<report>
				<misses>14852001</misses>
				<total>34</total>
				<timestamp>4896.260436</timestamp>
			</report>
			<report>
				<misses>14853001</misses>
				<total>34</total>
				<timestamp>4896.590087</timestamp>
			</report>
			<report>
				<misses>14854001</misses>
				<total>34</total>
				<timestamp>4896.919769</timestamp>
			</report>
			<report>
				<misses>14855001</misses>
				<total>34</total>
				<timestamp>4897.249435</timestamp>
			</report>
			<report>
				<misses>14856001</misses>
				<total>34</total>
				<timestamp>4897.579101</timestamp>
			</report>
			<report>
				<misses>14857001</misses>
				<total>34</total>
				<timestamp>4897.908776</timestamp>
			</report>
			<report>
				<misses>14858001</misses>
				<total>34</total>
				<timestamp>4898.238449</timestamp>
			</report>
			<report>
				<misses>14859001</misses>
				<total>34</total>
				<timestamp>4898.568113</timestamp>
			</report>
			<report>
				<misses>14860001</misses>
				<total>34</total>
				<timestamp>4898.897779</timestamp>
			</report>
			<report>
				<misses>14861001</misses>
				<total>34</total>
				<timestamp>4899.227454</timestamp>
			</report>
			<report>
				<misses>14862001</misses>
				<total>34</total>
				<timestamp>4899.557184</timestamp>
			</report>
			<report>
				<misses>14863001</misses>
				<total>34</total>
				<timestamp>4899.886801</timestamp>
			</report>
			<report>
				<misses>14864001</misses>
				<total>34</total>
				<timestamp>4900.216475</timestamp>
			</report>
			<report>
				<misses>14865001</misses>
				<total>34</total>
				<timestamp>4900.546183</timestamp>
			</report>
			<report>
				<misses>14866001</misses>
				<total>34</total>
				<timestamp>4900.875807</timestamp>
			</report>
			<report>
				<misses>14867001</misses>
				<total>34</total>
				<timestamp>4901.205477</timestamp>
			</report>
			<report>
				<misses>14868001</misses>
				<total>34</total>
				<timestamp>4901.535156</timestamp>
			</report>
			<report>
				<misses>14869001</misses>
				<total>34</total>
				<timestamp>4901.864816</timestamp>
			</report>
			<report>
				<misses>14870001</misses>
				<total>34</total>
				<timestamp>4902.194513</timestamp>
			</report>
			<report>
				<misses>14871001</misses>
				<total>34</total>
				<timestamp>4902.524140</timestamp>
			</report>
			<report>
				<misses>14872001</misses>
				<total>34</total>
				<timestamp>4902.853821</timestamp>
			</report>
			<report>
				<misses>14873001</misses>
				<total>34</total>
				<timestamp>4903.183494</timestamp>
			</report>
			<report>
				<misses>14874001</misses>
				<total>34</total>
				<timestamp>4903.513185</timestamp>
			</report>
			<report>
				<misses>14875001</misses>
				<total>34</total>
				<timestamp>4903.842830</timestamp>
			</report>
			<report>
				<misses>14876001</misses>
				<total>34</total>
				<timestamp>4904.172511</timestamp>
			</report>
			<report>
				<misses>14877001</misses>
				<total>34</total>
				<timestamp>4904.502181</timestamp>
			</report>
			<report>
				<misses>14878001</misses>
				<total>34</total>
				<timestamp>4904.831852</timestamp>
			</report>
			<report>
				<misses>14879001</misses>
				<total>34</total>
				<timestamp>4905.161533</timestamp>
			</report>
			<report>
				<misses>14880001</misses>
				<total>34</total>
				<timestamp>4905.491243</timestamp>
			</report>
			<report>
				<misses>14881001</misses>
				<total>34</total>
				<timestamp>4905.820851</timestamp>
			</report>
			<report>
				<misses>14882001</misses>
				<total>34</total>
				<timestamp>4906.150528</timestamp>
			</report>
			<report>
				<misses>14883001</misses>
				<total>34</total>
				<timestamp>4906.480252</timestamp>
			</report>
			<report>
				<misses>14884001</misses>
				<total>34</total>
				<timestamp>4906.809870</timestamp>
			</report>
			<report>
				<misses>14885001</misses>
				<total>34</total>
				<timestamp>4907.139525</timestamp>
			</report>
			<report>
				<misses>14886001</misses>
				<total>34</total>
				<timestamp>4907.469234</timestamp>
			</report>
			<report>
				<misses>14887001</misses>
				<total>34</total>
				<timestamp>4907.798893</timestamp>
			</report>
			<report>
				<misses>14888001</misses>
				<total>34</total>
				<timestamp>4908.128551</timestamp>
			</report>
			<report>
				<misses>14889001</misses>
				<total>34</total>
				<timestamp>4908.458280</timestamp>
			</report>
			<report>
				<misses>14890001</misses>
				<total>34</total>
				<timestamp>4908.787885</timestamp>
			</report>
			<report>
				<misses>14891001</misses>
				<total>34</total>
				<timestamp>4909.117548</timestamp>
			</report>
			<report>
				<misses>14892001</misses>
				<total>34</total>
				<timestamp>4909.447264</timestamp>
			</report>
			<report>
				<misses>14893001</misses>
				<total>34</total>
				<timestamp>4909.776908</timestamp>
			</report>
			<report>
				<misses>14894001</misses>
				<total>34</total>
				<timestamp>4910.106567</timestamp>
			</report>
			<report>
				<misses>14895001</misses>
				<total>34</total>
				<timestamp>4910.436262</timestamp>
			</report>
			<report>
				<misses>14896001</misses>
				<total>34</total>
				<timestamp>4910.765895</timestamp>
			</report>
			<report>
				<misses>14897001</misses>
				<total>34</total>
				<timestamp>4911.095573</timestamp>
			</report>
			<report>
				<misses>14898001</misses>
				<total>34</total>
				<timestamp>4911.425290</timestamp>
			</report>
			<report>
				<misses>14899001</misses>
				<total>34</total>
				<timestamp>4911.754911</timestamp>
			</report>
			<report>
				<misses>14900001</misses>
				<total>34</total>
				<timestamp>4912.084568</timestamp>
			</report>
			<report>
				<misses>14901001</misses>
				<total>34</total>
				<timestamp>4912.414284</timestamp>
			</report>
			<report>
				<misses>14902001</misses>
				<total>34</total>
				<timestamp>4912.743959</timestamp>
			</report>
			<report>
				<misses>14903001</misses>
				<total>34</total>
				<timestamp>4913.073599</timestamp>
			</report>
			<report>
				<misses>14904001</misses>
				<total>34</total>
				<timestamp>4913.403340</timestamp>
			</report>
			<report>
				<misses>14905001</misses>
				<total>34</total>
				<timestamp>4913.732947</timestamp>
			</report>
			<report>
				<misses>14906001</misses>
				<total>34</total>
				<timestamp>4914.062592</timestamp>
			</report>
			<report>
				<misses>14907001</misses>
				<total>34</total>
				<timestamp>4914.392294</timestamp>
			</report>
			<report>
				<misses>14908001</misses>
				<total>34</total>
				<timestamp>4914.721941</timestamp>
			</report>
			<report>
				<misses>14909001</misses>
				<total>34</total>
				<timestamp>4915.051613</timestamp>
			</report>
			<report>
				<misses>14910001</misses>
				<total>34</total>
				<timestamp>4915.381300</timestamp>
			</report>
			<report>
				<misses>14911001</misses>
				<total>34</total>
				<timestamp>4915.710944</timestamp>
			</report>
			<report>
				<misses>14912001</misses>
				<total>34</total>
				<timestamp>4916.040630</timestamp>
			</report>
			<report>
				<misses>14913001</misses>
				<total>34</total>
				<timestamp>4916.370349</timestamp>
			</report>
			<report>
				<misses>14914001</misses>
				<total>34</total>
				<timestamp>4916.699985</timestamp>
			</report>
			<report>
				<misses>14915001</misses>
				<total>34</total>
				<timestamp>4917.029706</timestamp>
			</report>
			<report>
				<misses>14916001</misses>
				<total>34</total>
				<timestamp>4917.359307</timestamp>
			</report>
			<report>
				<misses>14917001</misses>
				<total>34</total>
				<timestamp>4917.688977</timestamp>
			</report>
			<report>
				<misses>14918001</misses>
				<total>34</total>
				<timestamp>4918.018641</timestamp>
			</report>
			<report>
				<misses>14919001</misses>
				<total>34</total>
				<timestamp>4918.348323</timestamp>
			</report>
			<report>
				<misses>14920001</misses>
				<total>34</total>
				<timestamp>4918.677991</timestamp>
			</report>
			<report>
				<misses>14921001</misses>
				<total>34</total>
				<timestamp>4919.007651</timestamp>
			</report>
			<report>
				<misses>14922001</misses>
				<total>34</total>
				<timestamp>4919.337343</timestamp>
			</report>
			<report>
				<misses>14923001</misses>
				<total>34</total>
				<timestamp>4919.666988</timestamp>
			</report>
			<report>
				<misses>14924001</misses>
				<total>34</total>
				<timestamp>4919.996655</timestamp>
			</report>
			<report>
				<misses>14925001</misses>
				<total>34</total>
				<timestamp>4920.326355</timestamp>
			</report>
			<report>
				<misses>14926001</misses>
				<total>34</total>
				<timestamp>4920.656007</timestamp>
			</report>
			<report>
				<misses>14927001</misses>
				<total>34</total>
				<timestamp>4920.985683</timestamp>
			</report>
			<report>
				<misses>14928001</misses>
				<total>34</total>
				<timestamp>4921.315378</timestamp>
			</report>
			<report>
				<misses>14929001</misses>
				<total>34</total>
				<timestamp>4921.645019</timestamp>
			</report>
			<report>
				<misses>14930001</misses>
				<total>34</total>
				<timestamp>4921.974676</timestamp>
			</report>
			<report>
				<misses>14931001</misses>
				<total>34</total>
				<timestamp>4922.304363</timestamp>
			</report>
			<report>
				<misses>14932001</misses>
				<total>34</total>
				<timestamp>4922.634088</timestamp>
			</report>
			<report>
				<misses>14933001</misses>
				<total>34</total>
				<timestamp>4922.963697</timestamp>
			</report>
			<report>
				<misses>14934001</misses>
				<total>34</total>
				<timestamp>4923.293381</timestamp>
			</report>
			<report>
				<misses>14935001</misses>
				<total>34</total>
				<timestamp>4923.623091</timestamp>
			</report>
			<report>
				<misses>14936001</misses>
				<total>34</total>
				<timestamp>4923.952763</timestamp>
			</report>
			<report>
				<misses>14937001</misses>
				<total>34</total>
				<timestamp>4924.282420</timestamp>
			</report>
			<report>
				<misses>14938001</misses>
				<total>34</total>
				<timestamp>4924.612057</timestamp>
			</report>
			<report>
				<misses>14939001</misses>
				<total>34</total>
				<timestamp>4924.941705</timestamp>
			</report>
			<report>
				<misses>14940001</misses>
				<total>34</total>
				<timestamp>4925.271422</timestamp>
			</report>
			<report>
				<misses>14941001</misses>
				<total>34</total>
				<timestamp>4925.601106</timestamp>
			</report>
			<report>
				<misses>14942001</misses>
				<total>34</total>
				<timestamp>4925.930722</timestamp>
			</report>
			<report>
				<misses>14943001</misses>
				<total>34</total>
				<timestamp>4926.260397</timestamp>
			</report>
			<report>
				<misses>14944001</misses>
				<total>34</total>
				<timestamp>4926.590131</timestamp>
			</report>
			<report>
				<misses>14945001</misses>
				<total>34</total>
				<timestamp>4926.919753</timestamp>
			</report>
			<report>
				<misses>14946001</misses>
				<total>34</total>
				<timestamp>4927.249405</timestamp>
			</report>
			<report>
				<misses>14947001</misses>
				<total>34</total>
				<timestamp>4927.579102</timestamp>
			</report>
			<report>
				<misses>14948001</misses>
				<total>34</total>
				<timestamp>4927.908746</timestamp>
			</report>
			<report>
				<misses>14949001</misses>
				<total>34</total>
				<timestamp>4928.238417</timestamp>
			</report>
			<report>
				<misses>14950001</misses>
				<total>34</total>
				<timestamp>4928.568153</timestamp>
			</report>
			<report>
				<misses>14951001</misses>
				<total>34</total>
				<timestamp>4928.897737</timestamp>
			</report>
			<report>
				<misses>14952001</misses>
				<total>34</total>
				<timestamp>4929.227454</timestamp>
			</report>
			<report>
				<misses>14953001</misses>
				<total>34</total>
				<timestamp>4929.557189</timestamp>
			</report>
			<report>
				<misses>14954001</misses>
				<total>34</total>
				<timestamp>4929.886759</timestamp>
			</report>
			<report>
				<misses>14955001</misses>
				<total>34</total>
				<timestamp>4930.216421</timestamp>
			</report>
			<report>
				<misses>14956001</misses>
				<total>34</total>
				<timestamp>4930.546196</timestamp>
			</report>
			<report>
				<misses>14957001</misses>
				<total>34</total>
				<timestamp>4930.875784</timestamp>
			</report>
			<report>
				<misses>14958001</misses>
				<total>34</total>
				<timestamp>4931.205437</timestamp>
			</report>
			<report>
				<misses>14959001</misses>
				<total>34</total>
				<timestamp>4931.535207</timestamp>
			</report>
			<report>
				<misses>14960001</misses>
				<total>34</total>
				<timestamp>4931.864782</timestamp>
			</report>
			<report>
				<misses>14961001</misses>
				<total>34</total>
				<timestamp>4932.194453</timestamp>
			</report>
			<report>
				<misses>14962001</misses>
				<total>34</total>
				<timestamp>4932.524133</timestamp>
			</report>
			<report>
				<misses>14963001</misses>
				<total>34</total>
				<timestamp>4932.853782</timestamp>
			</report>
			<report>
				<misses>14964001</misses>
				<total>34</total>
				<timestamp>4933.183451</timestamp>
			</report>
			<report>
				<misses>14965001</misses>
				<total>34</total>
				<timestamp>4933.513119</timestamp>
			</report>
			<report>
				<misses>14966001</misses>
				<total>34</total>
				<timestamp>4933.842798</timestamp>
			</report>
			<report>
				<misses>14967001</misses>
				<total>34</total>
				<timestamp>4934.172459</timestamp>
			</report>
			<report>
				<misses>14968001</misses>
				<total>34</total>
				<timestamp>4934.502158</timestamp>
			</report>
			<report>
				<misses>14969001</misses>
				<total>34</total>
				<timestamp>4934.831825</timestamp>
			</report>
			<report>
				<misses>14970001</misses>
				<total>34</total>
				<timestamp>4935.161490</timestamp>
			</report>
			<report>
				<misses>14971001</misses>
				<total>34</total>
				<timestamp>4935.491222</timestamp>
			</report>
			<report>
				<misses>14972001</misses>
				<total>34</total>
				<timestamp>4935.820865</timestamp>
			</report>
			<report>
				<misses>14973001</misses>
				<total>34</total>
				<timestamp>4936.150479</timestamp>
			</report>
			<report>
				<misses>14974001</misses>
				<total>34</total>
				<timestamp>4936.480234</timestamp>
			</report>
			<report>
				<misses>14975001</misses>
				<total>34</total>
				<timestamp>4936.809832</timestamp>
			</report>
			<report>
				<misses>14976001</misses>
				<total>34</total>
				<timestamp>4937.139517</timestamp>
			</report>
			<report>
				<misses>14977001</misses>
				<total>34</total>
				<timestamp>4937.469182</timestamp>
			</report>
			<report>
				<misses>14978001</misses>
				<total>34</total>
				<timestamp>4937.798897</timestamp>
			</report>
			<report>
				<misses>14979001</misses>
				<total>34</total>
				<timestamp>4938.128493</timestamp>
			</report>
			<report>
				<misses>14980001</misses>
				<total>34</total>
				<timestamp>4938.458192</timestamp>
			</report>
			<report>
				<misses>14981001</misses>
				<total>34</total>
				<timestamp>4938.787856</timestamp>
			</report>
			<report>
				<misses>14982001</misses>
				<total>34</total>
				<timestamp>4939.117515</timestamp>
			</report>
			<report>
				<misses>14983001</misses>
				<total>34</total>
				<timestamp>4939.447281</timestamp>
			</report>
			<report>
				<misses>14984001</misses>
				<total>34</total>
				<timestamp>4939.776879</timestamp>
			</report>
			<report>
				<misses>14985001</misses>
				<total>34</total>
				<timestamp>4940.106535</timestamp>
			</report>
			<report>
				<misses>14986001</misses>
				<total>34</total>
				<timestamp>4940.436220</timestamp>
			</report>
			<report>
				<misses>14987001</misses>
				<total>34</total>
				<timestamp>4940.765910</timestamp>
			</report>
			<report>
				<misses>14988001</misses>
				<total>34</total>
				<timestamp>4941.095556</timestamp>
			</report>
			<report>
				<misses>14989001</misses>
				<total>34</total>
				<timestamp>4941.425244</timestamp>
			</report>
			<report>
				<misses>14990001</misses>
				<total>34</total>
				<timestamp>4941.754874</timestamp>
			</report>
			<report>
				<misses>14991001</misses>
				<total>34</total>
				<timestamp>4942.084606</timestamp>
			</report>
			<report>
				<misses>14992001</misses>
				<total>34</total>
				<timestamp>4942.414215</timestamp>
			</report>
			<report>
				<misses>14993001</misses>
				<total>34</total>
				<timestamp>4942.743883</timestamp>
			</report>
			<report>
				<misses>14994001</misses>
				<total>34</total>
				<timestamp>4943.073589</timestamp>
			</report>
			<report>
				<misses>14995001</misses>
				<total>34</total>
				<timestamp>4943.403257</timestamp>
			</report>
			<report>
				<misses>14996001</misses>
				<total>34</total>
				<timestamp>4943.732896</timestamp>
			</report>
			<report>
				<misses>14997001</misses>
				<total>34</total>
				<timestamp>4944.062561</timestamp>
			</report>
			<report>
				<misses>14998001</misses>
				<total>34</total>
				<timestamp>4944.392255</timestamp>
			</report>
			<report>
				<misses>14999001</misses>
				<total>34</total>
				<timestamp>4944.721960</timestamp>
			</report>
			<report>
				<misses>15000001</misses>
				<total>34</total>
				<timestamp>4945.051574</timestamp>
			</report>
			<report>
				<misses>15001001</misses>
				<total>34</total>
				<timestamp>4945.381273</timestamp>
			</report>
			<report>
				<misses>15002001</misses>
				<total>34</total>
				<timestamp>4945.710997</timestamp>
			</report>
			<report>
				<misses>15003001</misses>
				<total>34</total>
				<timestamp>4946.040604</timestamp>
			</report>
			<report>
				<misses>15004001</misses>
				<total>34</total>
				<timestamp>4946.370303</timestamp>
			</report>
			<report>
				<misses>15005001</misses>
				<total>34</total>
				<timestamp>4946.699921</timestamp>
			</report>
			<report>
				<misses>15006001</misses>
				<total>34</total>
				<timestamp>4947.029609</timestamp>
			</report>
			<report>
				<misses>15007001</misses>
				<total>34</total>
				<timestamp>4947.359284</timestamp>
			</report>
			<report>
				<misses>15008001</misses>
				<total>34</total>
				<timestamp>4947.689007</timestamp>
			</report>
			<report>
				<misses>15009001</misses>
				<total>34</total>
				<timestamp>4948.018616</timestamp>
			</report>
			<report>
				<misses>15010001</misses>
				<total>34</total>
				<timestamp>4948.348274</timestamp>
			</report>
			<report>
				<misses>15011001</misses>
				<total>34</total>
				<timestamp>4948.677981</timestamp>
			</report>
			<report>
				<misses>15012001</misses>
				<total>34</total>
				<timestamp>4949.007626</timestamp>
			</report>
			<report>
				<misses>15013001</misses>
				<total>34</total>
				<timestamp>4949.337353</timestamp>
			</report>
			<report>
				<misses>15014001</misses>
				<total>34</total>
				<timestamp>4949.666982</timestamp>
			</report>
			<report>
				<misses>15015001</misses>
				<total>34</total>
				<timestamp>4949.996624</timestamp>
			</report>
			<report>
				<misses>15016001</misses>
				<total>34</total>
				<timestamp>4950.326301</timestamp>
			</report>
			<report>
				<misses>15017001</misses>
				<total>34</total>
				<timestamp>4950.656016</timestamp>
			</report>
			<report>
				<misses>15018001</misses>
				<total>34</total>
				<timestamp>4950.985633</timestamp>
			</report>
			<report>
				<misses>15019001</misses>
				<total>34</total>
				<timestamp>4951.315316</timestamp>
			</report>
			<report>
				<misses>15020001</misses>
				<total>34</total>
				<timestamp>4951.645029</timestamp>
			</report>
			<report>
				<misses>15021001</misses>
				<total>34</total>
				<timestamp>4951.974657</timestamp>
			</report>
			<report>
				<misses>15022001</misses>
				<total>34</total>
				<timestamp>4952.304352</timestamp>
			</report>
			<report>
				<misses>15023001</misses>
				<total>34</total>
				<timestamp>4952.634064</timestamp>
			</report>
			<report>
				<misses>15024001</misses>
				<total>34</total>
				<timestamp>4952.963666</timestamp>
			</report>
			<report>
				<misses>15025001</misses>
				<total>34</total>
				<timestamp>4953.293342</timestamp>
			</report>
			<report>
				<misses>15026001</misses>
				<total>34</total>
				<timestamp>4953.623014</timestamp>
			</report>
			<report>
				<misses>15027001</misses>
				<total>34</total>
				<timestamp>4953.952670</timestamp>
			</report>
			<report>
				<misses>15028001</misses>
				<total>34</total>
				<timestamp>4954.282408</timestamp>
			</report>
			<report>
				<misses>15029001</misses>
				<total>34</total>
				<timestamp>4954.612047</timestamp>
			</report>
			<report>
				<misses>15030001</misses>
				<total>34</total>
				<timestamp>4954.941684</timestamp>
			</report>
			<report>
				<misses>15031001</misses>
				<total>34</total>
				<timestamp>4955.271363</timestamp>
			</report>
			<report>
				<misses>15032001</misses>
				<total>34</total>
				<timestamp>4955.601055</timestamp>
			</report>
			<report>
				<misses>15033001</misses>
				<total>34</total>
				<timestamp>4955.930683</timestamp>
			</report>
			<report>
				<misses>15034001</misses>
				<total>34</total>
				<timestamp>4956.260374</timestamp>
			</report>
			<report>
				<misses>15035001</misses>
				<total>34</total>
				<timestamp>4956.590071</timestamp>
			</report>
			<report>
				<misses>15036001</misses>
				<total>34</total>
				<timestamp>4956.919714</timestamp>
			</report>
			<report>
				<misses>15037001</misses>
				<total>34</total>
				<timestamp>4957.249371</timestamp>
			</report>
			<report>
				<misses>15038001</misses>
				<total>34</total>
				<timestamp>4957.579134</timestamp>
			</report>
			<report>
				<misses>15039001</misses>
				<total>34</total>
				<timestamp>4957.908695</timestamp>
			</report>
			<report>
				<misses>15040001</misses>
				<total>34</total>
				<timestamp>4958.238375</timestamp>
			</report>
			<report>
				<misses>15041001</misses>
				<total>34</total>
				<timestamp>4958.568082</timestamp>
			</report>
			<report>
				<misses>15042001</misses>
				<total>34</total>
				<timestamp>4958.897717</timestamp>
			</report>
			<report>
				<misses>15043001</misses>
				<total>34</total>
				<timestamp>4959.227394</timestamp>
			</report>
			<report>
				<misses>15044001</misses>
				<total>34</total>
				<timestamp>4959.557107</timestamp>
			</report>
			<report>
				<misses>15045001</misses>
				<total>34</total>
				<timestamp>4959.886751</timestamp>
			</report>
			<report>
				<misses>15046001</misses>
				<total>34</total>
				<timestamp>4960.216441</timestamp>
			</report>
			<report>
				<misses>15047001</misses>
				<total>34</total>
				<timestamp>4960.546150</timestamp>
			</report>
			<report>
				<misses>15048001</misses>
				<total>34</total>
				<timestamp>4960.875735</timestamp>
			</report>
			<report>
				<misses>15049001</misses>
				<total>34</total>
				<timestamp>4961.205411</timestamp>
			</report>
			<report>
				<misses>15050001</misses>
				<total>34</total>
				<timestamp>4961.535099</timestamp>
			</report>
			<report>
				<misses>15051001</misses>
				<total>34</total>
				<timestamp>4961.864752</timestamp>
			</report>
			<report>
				<misses>15052001</misses>
				<total>34</total>
				<timestamp>4962.194417</timestamp>
			</report>
			<report>
				<misses>15053001</misses>
				<total>34</total>
				<timestamp>4962.524105</timestamp>
			</report>
			<report>
				<misses>15054001</misses>
				<total>34</total>
				<timestamp>4962.853789</timestamp>
			</report>
			<report>
				<misses>15055001</misses>
				<total>34</total>
				<timestamp>4963.183477</timestamp>
			</report>
			<report>
				<misses>15056001</misses>
				<total>34</total>
				<timestamp>4963.513127</timestamp>
			</report>
			<report>
				<misses>15057001</misses>
				<total>34</total>
				<timestamp>4963.842771</timestamp>
			</report>
			<report>
				<misses>15058001</misses>
				<total>34</total>
				<timestamp>4964.172448</timestamp>
			</report>
			<report>
				<misses>15059001</misses>
				<total>34</total>
				<timestamp>4964.502157</timestamp>
			</report>
			<report>
				<misses>15060001</misses>
				<total>34</total>
				<timestamp>4964.831793</timestamp>
			</report>
			<report>
				<misses>15061001</misses>
				<total>34</total>
				<timestamp>4965.161496</timestamp>
			</report>
			<report>
				<misses>15062001</misses>
				<total>34</total>
				<timestamp>4965.491144</timestamp>
			</report>
			<report>
				<misses>15063001</misses>
				<total>34</total>
				<timestamp>4965.820809</timestamp>
			</report>
			<report>
				<misses>15064001</misses>
				<total>34</total>
				<timestamp>4966.150470</timestamp>
			</report>
			<report>
				<misses>15065001</misses>
				<total>34</total>
				<timestamp>4966.480150</timestamp>
			</report>
			<report>
				<misses>15066001</misses>
				<total>34</total>
				<timestamp>4966.809793</timestamp>
			</report>
			<report>
				<misses>15067001</misses>
				<total>34</total>
				<timestamp>4967.139476</timestamp>
			</report>
			<report>
				<misses>15068001</misses>
				<total>34</total>
				<timestamp>4967.469140</timestamp>
			</report>
			<report>
				<misses>15069001</misses>
				<total>34</total>
				<timestamp>4967.798862</timestamp>
			</report>
			<report>
				<misses>15070001</misses>
				<total>34</total>
				<timestamp>4968.128474</timestamp>
			</report>
			<report>
				<misses>15071001</misses>
				<total>34</total>
				<timestamp>4968.458156</timestamp>
			</report>
			<report>
				<misses>15072001</misses>
				<total>34</total>
				<timestamp>4968.787879</timestamp>
			</report>
			<report>
				<misses>15073001</misses>
				<total>34</total>
				<timestamp>4969.117485</timestamp>
			</report>
			<report>
				<misses>15074001</misses>
				<total>34</total>
				<timestamp>4969.447235</timestamp>
			</report>
			<report>
				<misses>15075001</misses>
				<total>34</total>
				<timestamp>4969.776863</timestamp>
			</report>
			<report>
				<misses>15076001</misses>
				<total>34</total>
				<timestamp>4970.106498</timestamp>
			</report>
			<report>
				<misses>15077001</misses>
				<total>34</total>
				<timestamp>4970.436174</timestamp>
			</report>
			<report>
				<misses>15078001</misses>
				<total>34</total>
				<timestamp>4970.765869</timestamp>
			</report>
			<report>
				<misses>15079001</misses>
				<total>34</total>
				<timestamp>4971.095516</timestamp>
			</report>
			<report>
				<misses>15080001</misses>
				<total>34</total>
				<timestamp>4971.425189</timestamp>
			</report>
			<report>
				<misses>15081001</misses>
				<total>34</total>
				<timestamp>4971.754925</timestamp>
			</report>
			<report>
				<misses>15082001</misses>
				<total>34</total>
				<timestamp>4972.084517</timestamp>
			</report>
			<report>
				<misses>15083001</misses>
				<total>34</total>
				<timestamp>4972.414226</timestamp>
			</report>
			<report>
				<misses>15084001</misses>
				<total>34</total>
				<timestamp>4972.743928</timestamp>
			</report>
			<report>
				<misses>15085001</misses>
				<total>34</total>
				<timestamp>4973.073530</timestamp>
			</report>
			<report>
				<misses>15086001</misses>
				<total>34</total>
				<timestamp>4973.403252</timestamp>
			</report>
			<report>
				<misses>15087001</misses>
				<total>34</total>
				<timestamp>4973.732887</timestamp>
			</report>
			<report>
				<misses>15088001</misses>
				<total>34</total>
				<timestamp>4974.062570</timestamp>
			</report>
			<report>
				<misses>15089001</misses>
				<total>34</total>
				<timestamp>4974.392218</timestamp>
			</report>
			<report>
				<misses>15090001</misses>
				<total>34</total>
				<timestamp>4974.721898</timestamp>
			</report>
			<report>
				<misses>15091001</misses>
				<total>34</total>
				<timestamp>4975.051557</timestamp>
			</report>
			<report>
				<misses>15092001</misses>
				<total>34</total>
				<timestamp>4975.381213</timestamp>
			</report>
			<report>
				<misses>15093001</misses>
				<total>34</total>
				<timestamp>4975.710913</timestamp>
			</report>
			<report>
				<misses>15094001</misses>
				<total>34</total>
				<timestamp>4976.040562</timestamp>
			</report>
			<report>
				<misses>15095001</misses>
				<total>34</total>
				<timestamp>4976.370213</timestamp>
			</report>
			<report>
				<misses>15096001</misses>
				<total>34</total>
				<timestamp>4976.699928</timestamp>
			</report>
			<report>
				<misses>15097001</misses>
				<total>34</total>
				<timestamp>4977.029579</timestamp>
			</report>
			<report>
				<misses>15098001</misses>
				<total>34</total>
				<timestamp>4977.359233</timestamp>
			</report>
			<report>
				<misses>15099001</misses>
				<total>34</total>
				<timestamp>4977.688959</timestamp>
			</report>
			<report>
				<misses>15100001</misses>
				<total>34</total>
				<timestamp>4978.018586</timestamp>
			</report>
			<report>
				<misses>15101001</misses>
				<total>34</total>
				<timestamp>4978.348238</timestamp>
			</report>
			<report>
				<misses>15102001</misses>
				<total>34</total>
				<timestamp>4978.678004</timestamp>
			</report>
			<report>
				<misses>15103001</misses>
				<total>34</total>
				<timestamp>4979.007580</timestamp>
			</report>
			<report>
				<misses>15104001</misses>
				<total>34</total>
				<timestamp>4979.337295</timestamp>
			</report>
			<report>
				<misses>15105001</misses>
				<total>34</total>
				<timestamp>4979.666978</timestamp>
			</report>
			<report>
				<misses>15106001</misses>
				<total>34</total>
				<timestamp>4979.996612</timestamp>
			</report>
			<report>
				<misses>15107001</misses>
				<total>34</total>
				<timestamp>4980.326266</timestamp>
			</report>
			<report>
				<misses>15108001</misses>
				<total>34</total>
				<timestamp>4980.655984</timestamp>
			</report>
			<report>
				<misses>15109001</misses>
				<total>34</total>
				<timestamp>4980.985594</timestamp>
			</report>
			<report>
				<misses>15110001</misses>
				<total>34</total>
				<timestamp>4981.315266</timestamp>
			</report>
			<report>
				<misses>15111001</misses>
				<total>34</total>
				<timestamp>4981.645021</timestamp>
			</report>
			<report>
				<misses>15112001</misses>
				<total>34</total>
				<timestamp>4981.974617</timestamp>
			</report>
			<report>
				<misses>15113001</misses>
				<total>34</total>
				<timestamp>4982.304295</timestamp>
			</report>
			<report>
				<misses>15114001</misses>
				<total>34</total>
				<timestamp>4982.633959</timestamp>
			</report>
			<report>
				<misses>15115001</misses>
				<total>34</total>
				<timestamp>4982.963627</timestamp>
			</report>
			<report>
				<misses>15116001</misses>
				<total>34</total>
				<timestamp>4983.293290</timestamp>
			</report>
			<report>
				<misses>15117001</misses>
				<total>34</total>
				<timestamp>4983.623021</timestamp>
			</report>
			<report>
				<misses>15118001</misses>
				<total>34</total>
				<timestamp>4983.952640</timestamp>
			</report>
			<report>
				<misses>15119001</misses>
				<total>34</total>
				<timestamp>4984.282297</timestamp>
			</report>
			<report>
				<misses>15120001</misses>
				<total>34</total>
				<timestamp>4984.612050</timestamp>
			</report>
			<report>
				<misses>15121001</misses>
				<total>34</total>
				<timestamp>4984.941642</timestamp>
			</report>
			<report>
				<misses>15122001</misses>
				<total>34</total>
				<timestamp>4985.271355</timestamp>
			</report>
			<report>
				<misses>15123001</misses>
				<total>34</total>
				<timestamp>4985.601018</timestamp>
			</report>
			<report>
				<misses>15124001</misses>
				<total>34</total>
				<timestamp>4985.930656</timestamp>
			</report>
			<report>
				<misses>15125001</misses>
				<total>34</total>
				<timestamp>4986.260339</timestamp>
			</report>
			<report>
				<misses>15126001</misses>
				<total>34</total>
				<timestamp>4986.590084</timestamp>
			</report>
			<report>
				<misses>15127001</misses>
				<total>34</total>
				<timestamp>4986.919667</timestamp>
			</report>
			<report>
				<misses>15128001</misses>
				<total>34</total>
				<timestamp>4987.249345</timestamp>
			</report>
			<report>
				<misses>15129001</misses>
				<total>34</total>
				<timestamp>4987.579030</timestamp>
			</report>
			<report>
				<misses>15130001</misses>
				<total>34</total>
				<timestamp>4987.908725</timestamp>
			</report>
			<report>
				<misses>15131001</misses>
				<total>34</total>
				<timestamp>4988.238347</timestamp>
			</report>
			<report>
				<misses>15132001</misses>
				<total>34</total>
				<timestamp>4988.568031</timestamp>
			</report>
			<report>
				<misses>15133001</misses>
				<total>34</total>
				<timestamp>4988.897700</timestamp>
			</report>
			<report>
				<misses>15134001</misses>
				<total>34</total>
				<timestamp>4989.227396</timestamp>
			</report>
			<report>
				<misses>15135001</misses>
				<total>34</total>
				<timestamp>4989.557038</timestamp>
			</report>
			<report>
				<misses>15136001</misses>
				<total>34</total>
				<timestamp>4989.886787</timestamp>
			</report>
			<report>
				<misses>15137001</misses>
				<total>34</total>
				<timestamp>4990.216368</timestamp>
			</report>
			<report>
				<misses>15138001</misses>
				<total>34</total>
				<timestamp>4990.546087</timestamp>
			</report>
			<report>
				<misses>15139001</misses>
				<total>34</total>
				<timestamp>4990.875722</timestamp>
			</report>
			<report>
				<misses>15140001</misses>
				<total>34</total>
				<timestamp>4991.205392</timestamp>
			</report>
			<report>
				<misses>15141001</misses>
				<total>34</total>
				<timestamp>4991.535051</timestamp>
			</report>
			<report>
				<misses>15142001</misses>
				<total>34</total>
				<timestamp>4991.864758</timestamp>
			</report>
			<report>
				<misses>15143001</misses>
				<total>34</total>
				<timestamp>4992.194453</timestamp>
			</report>
			<report>
				<misses>15144001</misses>
				<total>34</total>
				<timestamp>4992.524054</timestamp>
			</report>
			<report>
				<misses>15145001</misses>
				<total>34</total>
				<timestamp>4992.853853</timestamp>
			</report>
			<report>
				<misses>15146001</misses>
				<total>34</total>
				<timestamp>4993.183409</timestamp>
			</report>
			<report>
				<misses>15147001</misses>
				<total>34</total>
				<timestamp>4993.513100</timestamp>
			</report>
			<report>
				<misses>15148001</misses>
				<total>34</total>
				<timestamp>4993.842777</timestamp>
			</report>
			<report>
				<misses>15149001</misses>
				<total>34</total>
				<timestamp>4994.172476</timestamp>
			</report>
			<report>
				<misses>15150001</misses>
				<total>34</total>
				<timestamp>4994.502095</timestamp>
			</report>
			<report>
				<misses>15151001</misses>
				<total>34</total>
				<timestamp>4994.831798</timestamp>
			</report>
			<report>
				<misses>15152001</misses>
				<total>34</total>
				<timestamp>4995.161408</timestamp>
			</report>
			<report>
				<misses>15153001</misses>
				<total>34</total>
				<timestamp>4995.491099</timestamp>
			</report>
			<report>
				<misses>15154001</misses>
				<total>34</total>
				<timestamp>4995.820828</timestamp>
			</report>
			<report>
				<misses>15155001</misses>
				<total>34</total>
				<timestamp>4996.150426</timestamp>
			</report>
			<report>
				<misses>15156001</misses>
				<total>34</total>
				<timestamp>4996.480097</timestamp>
			</report>
			<report>
				<misses>15157001</misses>
				<total>34</total>
				<timestamp>4996.809818</timestamp>
			</report>
			<report>
				<misses>15158001</misses>
				<total>34</total>
				<timestamp>4997.139455</timestamp>
			</report>
			<report>
				<misses>15159001</misses>
				<total>34</total>
				<timestamp>4997.469101</timestamp>
			</report>
			<report>
				<misses>15160001</misses>
				<total>34</total>
				<timestamp>4997.798792</timestamp>
			</report>
			<report>
				<misses>15161001</misses>
				<total>34</total>
				<timestamp>4998.128461</timestamp>
			</report>
			<report>
				<misses>15162001</misses>
				<total>34</total>
				<timestamp>4998.458132</timestamp>
			</report>
			<report>
				<misses>15163001</misses>
				<total>34</total>
				<timestamp>4998.787888</timestamp>
			</report>
			<report>
				<misses>15164001</misses>
				<total>34</total>
				<timestamp>4999.117501</timestamp>
			</report>
			<report>
				<misses>15165001</misses>
				<total>34</total>
				<timestamp>4999.447145</timestamp>
			</report>
			<report>
				<misses>15166001</misses>
				<total>34</total>
				<timestamp>4999.776845</timestamp>
			</report>
			<report>
				<misses>15167001</misses>
				<total>34</total>
				<timestamp>5000.106462</timestamp>
			</report>
			<report>
				<misses>15168001</misses>
				<total>34</total>
				<timestamp>5000.436157</timestamp>
			</report>
			<report>
				<misses>15169001</misses>
				<total>34</total>
				<timestamp>5000.765830</timestamp>
			</report>
			<report>
				<misses>15170001</misses>
				<total>34</total>
				<timestamp>5001.095481</timestamp>
			</report>
			<report>
				<misses>15171001</misses>
				<total>34</total>
				<timestamp>5001.425171</timestamp>
			</report>
			<report>
				<misses>15172001</misses>
				<total>34</total>
				<timestamp>5001.754899</timestamp>
			</report>
			<report>
				<misses>15173001</misses>
				<total>34</total>
				<timestamp>5002.084483</timestamp>
			</report>
			<report>
				<misses>15174001</misses>
				<total>34</total>
				<timestamp>5002.414178</timestamp>
			</report>
			<report>
				<misses>15175001</misses>
				<total>34</total>
				<timestamp>5002.743905</timestamp>
			</report>
			<report>
				<misses>15176001</misses>
				<total>34</total>
				<timestamp>5003.073492</timestamp>
			</report>
			<report>
				<misses>15177001</misses>
				<total>34</total>
				<timestamp>5003.403183</timestamp>
			</report>
			<report>
				<misses>15178001</misses>
				<total>34</total>
				<timestamp>5003.732846</timestamp>
			</report>
			<report>
				<misses>15179001</misses>
				<total>34</total>
				<timestamp>5004.062520</timestamp>
			</report>
			<report>
				<misses>15180001</misses>
				<total>34</total>
				<timestamp>5004.392193</timestamp>
			</report>
			<report>
				<misses>15181001</misses>
				<total>34</total>
				<timestamp>5004.721878</timestamp>
			</report>
			<report>
				<misses>15182001</misses>
				<total>34</total>
				<timestamp>5005.051538</timestamp>
			</report>
			<report>
				<misses>15183001</misses>
				<total>34</total>
				<timestamp>5005.381225</timestamp>
			</report>
			<report>
				<misses>15184001</misses>
				<total>34</total>
				<timestamp>5005.710921</timestamp>
			</report>
			<report>
				<misses>15185001</misses>
				<total>34</total>
				<timestamp>5006.040518</timestamp>
			</report>
			<report>
				<misses>15186001</misses>
				<total>34</total>
				<timestamp>5006.370205</timestamp>
			</report>
			<report>
				<misses>15187001</misses>
				<total>34</total>
				<timestamp>5006.699884</timestamp>
			</report>
			<report>
				<misses>15188001</misses>
				<total>34</total>
				<timestamp>5007.029546</timestamp>
			</report>
			<report>
				<misses>15189001</misses>
				<total>34</total>
				<timestamp>5007.359206</timestamp>
			</report>
			<report>
				<misses>15190001</misses>
				<total>34</total>
				<timestamp>5007.688916</timestamp>
			</report>
			<report>
				<misses>15191001</misses>
				<total>34</total>
				<timestamp>5008.018549</timestamp>
			</report>
			<report>
				<misses>15192001</misses>
				<total>34</total>
				<timestamp>5008.348216</timestamp>
			</report>
			<report>
				<misses>15193001</misses>
				<total>34</total>
				<timestamp>5008.677894</timestamp>
			</report>
			<report>
				<misses>15194001</misses>
				<total>34</total>
				<timestamp>5009.007554</timestamp>
			</report>
			<report>
				<misses>15195001</misses>
				<total>34</total>
				<timestamp>5009.337259</timestamp>
			</report>
			<report>
				<misses>15196001</misses>
				<total>34</total>
				<timestamp>5009.666888</timestamp>
			</report>
			<report>
				<misses>15197001</misses>
				<total>34</total>
				<timestamp>5009.996570</timestamp>
			</report>
			<report>
				<misses>15198001</misses>
				<total>34</total>
				<timestamp>5010.326246</timestamp>
			</report>
			<report>
				<misses>15199001</misses>
				<total>34</total>
				<timestamp>5010.655953</timestamp>
			</report>
			<report>
				<misses>15200001</misses>
				<total>34</total>
				<timestamp>5010.985572</timestamp>
			</report>
			<report>
				<misses>15201001</misses>
				<total>34</total>
				<timestamp>5011.315287</timestamp>
			</report>
			<report>
				<misses>15202001</misses>
				<total>34</total>
				<timestamp>5011.644920</timestamp>
			</report>
			<report>
				<misses>15203001</misses>
				<total>34</total>
				<timestamp>5011.974604</timestamp>
			</report>
			<report>
				<misses>15204001</misses>
				<total>34</total>
				<timestamp>5012.304267</timestamp>
			</report>
			<report>
				<misses>15205001</misses>
				<total>34</total>
				<timestamp>5012.633945</timestamp>
			</report>
			<report>
				<misses>15206001</misses>
				<total>34</total>
				<timestamp>5012.963642</timestamp>
			</report>
			<report>
				<misses>15207001</misses>
				<total>34</total>
				<timestamp>5013.293271</timestamp>
			</report>
			<report>
				<misses>15208001</misses>
				<total>34</total>
				<timestamp>5013.622931</timestamp>
			</report>
			<report>
				<misses>15209001</misses>
				<total>34</total>
				<timestamp>5013.952620</timestamp>
			</report>
			<report>
				<misses>15210001</misses>
				<total>34</total>
				<timestamp>5014.282278</timestamp>
			</report>
			<report>
				<misses>15211001</misses>
				<total>34</total>
				<timestamp>5014.611939</timestamp>
			</report>
			<report>
				<misses>15212001</misses>
				<total>34</total>
				<timestamp>5014.941685</timestamp>
			</report>
			<report>
				<misses>15213001</misses>
				<total>34</total>
				<timestamp>5015.271294</timestamp>
			</report>
			<report>
				<misses>15214001</misses>
				<total>34</total>
				<timestamp>5015.600949</timestamp>
			</report>
			<report>
				<misses>15215001</misses>
				<total>34</total>
				<timestamp>5015.930703</timestamp>
			</report>
			<report>
				<misses>15216001</misses>
				<total>34</total>
				<timestamp>5016.260288</timestamp>
			</report>
			<report>
				<misses>15217001</misses>
				<total>34</total>
				<timestamp>5016.589949</timestamp>
			</report>
			<report>
				<misses>15218001</misses>
				<total>34</total>
				<timestamp>5016.919648</timestamp>
			</report>
			<report>
				<misses>15219001</misses>
				<total>34</total>
				<timestamp>5017.249343</timestamp>
			</report>
			<report>
				<misses>15220001</misses>
				<total>34</total>
				<timestamp>5017.578988</timestamp>
			</report>
			<report>
				<misses>15221001</misses>
				<total>34</total>
				<timestamp>5017.908677</timestamp>
			</report>
			<report>
				<misses>15222001</misses>
				<total>34</total>
				<timestamp>5018.238320</timestamp>
			</report>
			<report>
				<misses>15223001</misses>
				<total>34</total>
				<timestamp>5018.567994</timestamp>
			</report>
			<report>
				<misses>15224001</misses>
				<total>34</total>
				<timestamp>5018.897777</timestamp>
			</report>
			<report>
				<misses>15225001</misses>
				<total>34</total>
				<timestamp>5019.227322</timestamp>
			</report>
			<report>
				<misses>15226001</misses>
				<total>34</total>
				<timestamp>5019.556999</timestamp>
			</report>
			<report>
				<misses>15227001</misses>
				<total>34</total>
				<timestamp>5019.886767</timestamp>
			</report>
			<report>
				<misses>15228001</misses>
				<total>34</total>
				<timestamp>5020.216328</timestamp>
			</report>
			<report>
				<misses>15229001</misses>
				<total>34</total>
				<timestamp>5020.546007</timestamp>
			</report>
			<report>
				<misses>15230001</misses>
				<total>34</total>
				<timestamp>5020.875747</timestamp>
			</report>
			<report>
				<misses>15231001</misses>
				<total>34</total>
				<timestamp>5021.205384</timestamp>
			</report>
			<report>
				<misses>15232001</misses>
				<total>34</total>
				<timestamp>5021.535018</timestamp>
			</report>
			<report>
				<misses>15233001</misses>
				<total>34</total>
				<timestamp>5021.864706</timestamp>
			</report>
			<report>
				<misses>15234001</misses>
				<total>34</total>
				<timestamp>5022.194363</timestamp>
			</report>
			<report>
				<misses>15235001</misses>
				<total>34</total>
				<timestamp>5022.524024</timestamp>
			</report>
			<report>
				<misses>15236001</misses>
				<total>34</total>
				<timestamp>5022.853774</timestamp>
			</report>
			<report>
				<misses>15237001</misses>
				<total>34</total>
				<timestamp>5023.183379</timestamp>
			</report>
			<report>
				<misses>15238001</misses>
				<total>34</total>
				<timestamp>5023.513042</timestamp>
			</report>
			<report>
				<misses>15239001</misses>
				<total>34</total>
				<timestamp>5023.842751</timestamp>
			</report>
			<report>
				<misses>15240001</misses>
				<total>34</total>
				<timestamp>5024.172375</timestamp>
			</report>
			<report>
				<misses>15241001</misses>
				<total>34</total>
				<timestamp>5024.502138</timestamp>
			</report>
			<report>
				<misses>15242001</misses>
				<total>34</total>
				<timestamp>5024.831829</timestamp>
			</report>
			<report>
				<misses>15243001</misses>
				<total>34</total>
				<timestamp>5025.161403</timestamp>
			</report>
			<report>
				<misses>15244001</misses>
				<total>34</total>
				<timestamp>5025.491115</timestamp>
			</report>
			<report>
				<misses>15245001</misses>
				<total>34</total>
				<timestamp>5025.820781</timestamp>
			</report>
			<report>
				<misses>15246001</misses>
				<total>34</total>
				<timestamp>5026.150416</timestamp>
			</report>
			<report>
				<misses>15247001</misses>
				<total>34</total>
				<timestamp>5026.480099</timestamp>
			</report>
			<report>
				<misses>15248001</misses>
				<total>34</total>
				<timestamp>5026.809758</timestamp>
			</report>
			<report>
				<misses>15249001</misses>
				<total>34</total>
				<timestamp>5027.139459</timestamp>
			</report>
			<report>
				<misses>15250001</misses>
				<total>34</total>
				<timestamp>5027.469108</timestamp>
			</report>
			<report>
				<misses>15251001</misses>
				<total>34</total>
				<timestamp>5027.798776</timestamp>
			</report>
			<report>
				<misses>15252001</misses>
				<total>34</total>
				<timestamp>5028.128419</timestamp>
			</report>
			<report>
				<misses>15253001</misses>
				<total>34</total>
				<timestamp>5028.458122</timestamp>
			</report>
			<report>
				<misses>15254001</misses>
				<total>34</total>
				<timestamp>5028.787777</timestamp>
			</report>
			<report>
				<misses>15255001</misses>
				<total>34</total>
				<timestamp>5029.117481</timestamp>
			</report>
			<report>
				<misses>15256001</misses>
				<total>34</total>
				<timestamp>5029.447103</timestamp>
			</report>
			<report>
				<misses>15257001</misses>
				<total>34</total>
				<timestamp>5029.776773</timestamp>
			</report>
			<report>
				<misses>15258001</misses>
				<total>34</total>
				<timestamp>5030.106437</timestamp>
			</report>
			<report>
				<misses>15259001</misses>
				<total>34</total>
				<timestamp>5030.436113</timestamp>
			</report>
			<report>
				<misses>15260001</misses>
				<total>34</total>
				<timestamp>5030.765771</timestamp>
			</report>
			<report>
				<misses>15261001</misses>
				<total>34</total>
				<timestamp>5031.095443</timestamp>
			</report>
			<report>
				<misses>15262001</misses>
				<total>34</total>
				<timestamp>5031.425121</timestamp>
			</report>
			<report>
				<misses>15263001</misses>
				<total>34</total>
				<timestamp>5031.754786</timestamp>
			</report>
			<report>
				<misses>15264001</misses>
				<total>34</total>
				<timestamp>5032.084452</timestamp>
			</report>
			<report>
				<misses>15265001</misses>
				<total>34</total>
				<timestamp>5032.414119</timestamp>
			</report>
			<report>
				<misses>15266001</misses>
				<total>34</total>
				<timestamp>5032.743837</timestamp>
			</report>
			<report>
				<misses>15267001</misses>
				<total>34</total>
				<timestamp>5033.073465</timestamp>
			</report>
			<report>
				<misses>15268001</misses>
				<total>34</total>
				<timestamp>5033.403163</timestamp>
			</report>
			<report>
				<misses>15269001</misses>
				<total>34</total>
				<timestamp>5033.732817</timestamp>
			</report>
			<report>
				<misses>15270001</misses>
				<total>34</total>
				<timestamp>5034.062496</timestamp>
			</report>
			<report>
				<misses>15271001</misses>
				<total>34</total>
				<timestamp>5034.392172</timestamp>
			</report>
			<report>
				<misses>15272001</misses>
				<total>34</total>
				<timestamp>5034.721834</timestamp>
			</report>
			<report>
				<misses>15273001</misses>
				<total>34</total>
				<timestamp>5035.051557</timestamp>
			</report>
			<report>
				<misses>15274001</misses>
				<total>34</total>
				<timestamp>5035.381157</timestamp>
			</report>
			<report>
				<misses>15275001</misses>
				<total>34</total>
				<timestamp>5035.710826</timestamp>
			</report>
			<report>
				<misses>15276001</misses>
				<total>34</total>
				<timestamp>5036.040505</timestamp>
			</report>
			<report>
				<misses>15277001</misses>
				<total>34</total>
				<timestamp>5036.370197</timestamp>
			</report>
			<report>
				<misses>15278001</misses>
				<total>34</total>
				<timestamp>5036.699856</timestamp>
			</report>
			<report>
				<misses>15279001</misses>
				<total>34</total>
				<timestamp>5037.029524</timestamp>
			</report>
			<report>
				<misses>15280001</misses>
				<total>34</total>
				<timestamp>5037.359178</timestamp>
			</report>
			<report>
				<misses>15281001</misses>
				<total>34</total>
				<timestamp>5037.688836</timestamp>
			</report>
			<report>
				<misses>15282001</misses>
				<total>34</total>
				<timestamp>5038.018538</timestamp>
			</report>
			<report>
				<misses>15283001</misses>
				<total>34</total>
				<timestamp>5038.348183</timestamp>
			</report>
			<report>
				<misses>15284001</misses>
				<total>34</total>
				<timestamp>5038.677861</timestamp>
			</report>
			<report>
				<misses>15285001</misses>
				<total>34</total>
				<timestamp>5039.007628</timestamp>
			</report>
			<report>
				<misses>15286001</misses>
				<total>34</total>
				<timestamp>5039.337236</timestamp>
			</report>
			<report>
				<misses>15287001</misses>
				<total>34</total>
				<timestamp>5039.666876</timestamp>
			</report>
			<report>
				<misses>15288001</misses>
				<total>34</total>
				<timestamp>5039.996577</timestamp>
			</report>
			<report>
				<misses>15289001</misses>
				<total>34</total>
				<timestamp>5040.326210</timestamp>
			</report>
			<report>
				<misses>15290001</misses>
				<total>34</total>
				<timestamp>5040.655893</timestamp>
			</report>
			<report>
				<misses>15291001</misses>
				<total>34</total>
				<timestamp>5040.985568</timestamp>
			</report>
			<report>
				<misses>15292001</misses>
				<total>34</total>
				<timestamp>5041.315272</timestamp>
			</report>
			<report>
				<misses>15293001</misses>
				<total>34</total>
				<timestamp>5041.644911</timestamp>
			</report>
			<report>
				<misses>15294001</misses>
				<total>34</total>
				<timestamp>5041.974635</timestamp>
			</report>
			<report>
				<misses>15295001</misses>
				<total>34</total>
				<timestamp>5042.304243</timestamp>
			</report>
			<report>
				<misses>15296001</misses>
				<total>34</total>
				<timestamp>5042.633901</timestamp>
			</report>
			<report>
				<misses>15297001</misses>
				<total>34</total>
				<timestamp>5042.963611</timestamp>
			</report>
			<report>
				<misses>15298001</misses>
				<total>34</total>
				<timestamp>5043.293273</timestamp>
			</report>
			<report>
				<misses>15299001</misses>
				<total>34</total>
				<timestamp>5043.622935</timestamp>
			</report>
			<report>
				<misses>15300001</misses>
				<total>34</total>
				<timestamp>5043.952616</timestamp>
			</report>
			<report>
				<misses>15301001</misses>
				<total>34</total>
				<timestamp>5044.282256</timestamp>
			</report>
			<report>
				<misses>15302001</misses>
				<total>34</total>
				<timestamp>5044.611921</timestamp>
			</report>
			<report>
				<misses>15303001</misses>
				<total>34</total>
				<timestamp>5044.941690</timestamp>
			</report>
			<report>
				<misses>15304001</misses>
				<total>34</total>
				<timestamp>5045.271333</timestamp>
			</report>
			<report>
				<misses>15305001</misses>
				<total>34</total>
				<timestamp>5045.600943</timestamp>
			</report>
			<report>
				<misses>15306001</misses>
				<total>34</total>
				<timestamp>5045.930655</timestamp>
			</report>
			<report>
				<misses>15307001</misses>
				<total>34</total>
				<timestamp>5046.260257</timestamp>
			</report>
			<report>
				<misses>15308001</misses>
				<total>34</total>
				<timestamp>5046.589943</timestamp>
			</report>
			<report>
				<misses>15309001</misses>
				<total>34</total>
				<timestamp>5046.919670</timestamp>
			</report>
			<report>
				<misses>15310001</misses>
				<total>34</total>
				<timestamp>5047.249271</timestamp>
			</report>
			<report>
				<misses>15311001</misses>
				<total>34</total>
				<timestamp>5047.578979</timestamp>
			</report>
			<report>
				<misses>15312001</misses>
				<total>34</total>
				<timestamp>5047.908684</timestamp>
			</report>
			<report>
				<misses>15313001</misses>
				<total>34</total>
				<timestamp>5048.238337</timestamp>
			</report>
			<report>
				<misses>15314001</misses>
				<total>34</total>
				<timestamp>5048.567958</timestamp>
			</report>
			<report>
				<misses>15315001</misses>
				<total>34</total>
				<timestamp>5048.897672</timestamp>
			</report>
			<report>
				<misses>15316001</misses>
				<total>34</total>
				<timestamp>5049.227299</timestamp>
			</report>
			<report>
				<misses>15317001</misses>
				<total>34</total>
				<timestamp>5049.556979</timestamp>
			</report>
			<report>
				<misses>15318001</misses>
				<total>34</total>
				<timestamp>5049.886694</timestamp>
			</report>
			<report>
				<misses>15319001</misses>
				<total>34</total>
				<timestamp>5050.216303</timestamp>
			</report>
			<report>
				<misses>15320001</misses>
				<total>34</total>
				<timestamp>5050.545974</timestamp>
			</report>
			<report>
				<misses>15321001</misses>
				<total>34</total>
				<timestamp>5050.875684</timestamp>
			</report>
			<report>
				<misses>15322001</misses>
				<total>34</total>
				<timestamp>5051.205332</timestamp>
			</report>
			<report>
				<misses>15323001</misses>
				<total>34</total>
				<timestamp>5051.534996</timestamp>
			</report>
			<report>
				<misses>15324001</misses>
				<total>34</total>
				<timestamp>5051.864652</timestamp>
			</report>
			<report>
				<misses>15325001</misses>
				<total>34</total>
				<timestamp>5052.194323</timestamp>
			</report>
			<report>
				<misses>15326001</misses>
				<total>34</total>
				<timestamp>5052.524074</timestamp>
			</report>
			<report>
				<misses>15327001</misses>
				<total>34</total>
				<timestamp>5052.853678</timestamp>
			</report>
			<report>
				<misses>15328001</misses>
				<total>34</total>
				<timestamp>5053.183358</timestamp>
			</report>
			<report>
				<misses>15329001</misses>
				<total>34</total>
				<timestamp>5053.513015</timestamp>
			</report>
			<report>
				<misses>15330001</misses>
				<total>34</total>
				<timestamp>5053.842669</timestamp>
			</report>
			<report>
				<misses>15331001</misses>
				<total>34</total>
				<timestamp>5054.172371</timestamp>
			</report>
			<report>
				<misses>15332001</misses>
				<total>34</total>
				<timestamp>5054.502015</timestamp>
			</report>
			<report>
				<misses>15333001</misses>
				<total>34</total>
				<timestamp>5054.831699</timestamp>
			</report>
			<report>
				<misses>15334001</misses>
				<total>34</total>
				<timestamp>5055.161383</timestamp>
			</report>
			<report>
				<misses>15335001</misses>
				<total>34</total>
				<timestamp>5055.491036</timestamp>
			</report>
			<report>
				<misses>15336001</misses>
				<total>34</total>
				<timestamp>5055.820701</timestamp>
			</report>
			<report>
				<misses>15337001</misses>
				<total>34</total>
				<timestamp>5056.150364</timestamp>
			</report>
			<report>
				<misses>15338001</misses>
				<total>34</total>
				<timestamp>5056.480049</timestamp>
			</report>
			<report>
				<misses>15339001</misses>
				<total>34</total>
				<timestamp>5056.809709</timestamp>
			</report>
			<report>
				<misses>15340001</misses>
				<total>34</total>
				<timestamp>5057.139367</timestamp>
			</report>
			<report>
				<misses>15341001</misses>
				<total>34</total>
				<timestamp>5057.469058</timestamp>
			</report>
			<report>
				<misses>15342001</misses>
				<total>34</total>
				<timestamp>5057.798723</timestamp>
			</report>
			<report>
				<misses>15343001</misses>
				<total>34</total>
				<timestamp>5058.128469</timestamp>
			</report>
			<report>
				<misses>15344001</misses>
				<total>34</total>
				<timestamp>5058.458070</timestamp>
			</report>
			<report>
				<misses>15345001</misses>
				<total>34</total>
				<timestamp>5058.787722</timestamp>
			</report>
			<report>
				<misses>15346001</misses>
				<total>34</total>
				<timestamp>5059.117549</timestamp>
			</report>
			<report>
				<misses>15347001</misses>
				<total>34</total>
				<timestamp>5059.447093</timestamp>
			</report>
			<report>
				<misses>15348001</misses>
				<total>34</total>
				<timestamp>5059.776732</timestamp>
			</report>
			<report>
				<misses>15349001</misses>
				<total>34</total>
				<timestamp>5060.106492</timestamp>
			</report>
			<report>
				<misses>15350001</misses>
				<total>34</total>
				<timestamp>5060.436086</timestamp>
			</report>
			<report>
				<misses>15351001</misses>
				<total>34</total>
				<timestamp>5060.765761</timestamp>
			</report>
			<report>
				<misses>15352001</misses>
				<total>34</total>
				<timestamp>5061.095478</timestamp>
			</report>
			<report>
				<misses>15353001</misses>
				<total>34</total>
				<timestamp>5061.425099</timestamp>
			</report>
			<report>
				<misses>15354001</misses>
				<total>34</total>
				<timestamp>5061.754747</timestamp>
			</report>
			<report>
				<misses>15355001</misses>
				<total>34</total>
				<timestamp>5062.084498</timestamp>
			</report>
			<report>
				<misses>15356001</misses>
				<total>34</total>
				<timestamp>5062.414099</timestamp>
			</report>
			<report>
				<misses>15357001</misses>
				<total>34</total>
				<timestamp>5062.743762</timestamp>
			</report>
			<report>
				<misses>15358001</misses>
				<total>34</total>
				<timestamp>5063.073449</timestamp>
			</report>
			<report>
				<misses>15359001</misses>
				<total>34</total>
				<timestamp>5063.403134</timestamp>
			</report>
			<report>
				<misses>15360001</misses>
				<total>34</total>
				<timestamp>5063.732840</timestamp>
			</report>
			<report>
				<misses>15361001</misses>
				<total>34</total>
				<timestamp>5064.062554</timestamp>
			</report>
			<report>
				<misses>15362001</misses>
				<total>34</total>
				<timestamp>5064.392138</timestamp>
			</report>
			<report>
				<misses>15363001</misses>
				<total>34</total>
				<timestamp>5064.721773</timestamp>
			</report>
			<report>
				<misses>15364001</misses>
				<total>34</total>
				<timestamp>5065.051551</timestamp>
			</report>
			<report>
				<misses>15365001</misses>
				<total>34</total>
				<timestamp>5065.381132</timestamp>
			</report>
			<report>
				<misses>15366001</misses>
				<total>34</total>
				<timestamp>5065.710805</timestamp>
			</report>
			<report>
				<misses>15367001</misses>
				<total>34</total>
				<timestamp>5066.040552</timestamp>
			</report>
			<report>
				<misses>15368001</misses>
				<total>34</total>
				<timestamp>5066.370160</timestamp>
			</report>
			<report>
				<misses>15369001</misses>
				<total>34</total>
				<timestamp>5066.699814</timestamp>
			</report>
			<report>
				<misses>15370001</misses>
				<total>34</total>
				<timestamp>5067.029513</timestamp>
			</report>
			<report>
				<misses>15371001</misses>
				<total>34</total>
				<timestamp>5067.359199</timestamp>
			</report>
			<report>
				<misses>15372001</misses>
				<total>34</total>
				<timestamp>5067.688845</timestamp>
			</report>
			<report>
				<misses>15373001</misses>
				<total>34</total>
				<timestamp>5068.018594</timestamp>
			</report>
			<report>
				<misses>15374001</misses>
				<total>34</total>
				<timestamp>5068.348163</timestamp>
			</report>
			<report>
				<misses>15375001</misses>
				<total>34</total>
				<timestamp>5068.677922</timestamp>
			</report>
			<report>
				<misses>15376001</misses>
				<total>34</total>
				<timestamp>5069.007501</timestamp>
			</report>
			<report>
				<misses>15377001</misses>
				<total>34</total>
				<timestamp>5069.337174</timestamp>
			</report>
			<report>
				<misses>15378001</misses>
				<total>34</total>
				<timestamp>5069.666854</timestamp>
			</report>
			<report>
				<misses>15379001</misses>
				<total>34</total>
				<timestamp>5069.996523</timestamp>
			</report>
			<report>
				<misses>15380001</misses>
				<total>34</total>
				<timestamp>5070.326178</timestamp>
			</report>
			<report>
				<misses>15381001</misses>
				<total>34</total>
				<timestamp>5070.655838</timestamp>
			</report>
			<report>
				<misses>15382001</misses>
				<total>34</total>
				<timestamp>5070.985533</timestamp>
			</report>
			<report>
				<misses>15383001</misses>
				<total>34</total>
				<timestamp>5071.315201</timestamp>
			</report>
			<report>
				<misses>15384001</misses>
				<total>34</total>
				<timestamp>5071.644864</timestamp>
			</report>
			<report>
				<misses>15385001</misses>
				<total>34</total>
				<timestamp>5071.974566</timestamp>
			</report>
			<report>
				<misses>15386001</misses>
				<total>34</total>
				<timestamp>5072.304193</timestamp>
			</report>
			<report>
				<misses>15387001</misses>
				<total>34</total>
				<timestamp>5072.633886</timestamp>
			</report>
			<report>
				<misses>15388001</misses>
				<total>34</total>
				<timestamp>5072.963559</timestamp>
			</report>
			<report>
				<misses>15389001</misses>
				<total>34</total>
				<timestamp>5073.293206</timestamp>
			</report>
			<report>
				<misses>15390001</misses>
				<total>34</total>
				<timestamp>5073.622883</timestamp>
			</report>
			<report>
				<misses>15391001</misses>
				<total>34</total>
				<timestamp>5073.952561</timestamp>
			</report>
			<report>
				<misses>15392001</misses>
				<total>34</total>
				<timestamp>5074.282242</timestamp>
			</report>
			<report>
				<misses>15393001</misses>
				<total>34</total>
				<timestamp>5074.611876</timestamp>
			</report>
			<report>
				<misses>15394001</misses>
				<total>34</total>
				<timestamp>5074.941601</timestamp>
			</report>
			<report>
				<misses>15395001</misses>
				<total>34</total>
				<timestamp>5075.271247</timestamp>
			</report>
			<report>
				<misses>15396001</misses>
				<total>34</total>
				<timestamp>5075.600888</timestamp>
			</report>
			<report>
				<misses>15397001</misses>
				<total>34</total>
				<timestamp>5075.930624</timestamp>
			</report>
			<report>
				<misses>15398001</misses>
				<total>34</total>
				<timestamp>5076.260275</timestamp>
			</report>
			<report>
				<misses>15399001</misses>
				<total>34</total>
				<timestamp>5076.589903</timestamp>
			</report>
			<report>
				<misses>15400001</misses>
				<total>34</total>
				<timestamp>5076.919567</timestamp>
			</report>
			<report>
				<misses>15401001</misses>
				<total>34</total>
				<timestamp>5077.249259</timestamp>
			</report>
			<report>
				<misses>15402001</misses>
				<total>34</total>
				<timestamp>5077.578924</timestamp>
			</report>
			<report>
				<misses>15403001</misses>
				<total>34</total>
				<timestamp>5077.908576</timestamp>
			</report>
			<report>
				<misses>15404001</misses>
				<total>34</total>
				<timestamp>5078.238281</timestamp>
			</report>
			<report>
				<misses>15405001</misses>
				<total>34</total>
				<timestamp>5078.567913</timestamp>
			</report>
			<report>
				<misses>15406001</misses>
				<total>34</total>
				<timestamp>5078.897713</timestamp>
			</report>
			<report>
				<misses>15407001</misses>
				<total>34</total>
				<timestamp>5079.227319</timestamp>
			</report>
			<report>
				<misses>15408001</misses>
				<total>34</total>
				<timestamp>5079.556937</timestamp>
			</report>
			<report>
				<misses>15409001</misses>
				<total>34</total>
				<timestamp>5079.886603</timestamp>
			</report>
			<report>
				<misses>15410001</misses>
				<total>34</total>
				<timestamp>5080.216350</timestamp>
			</report>
			<report>
				<misses>15411001</misses>
				<total>34</total>
				<timestamp>5080.545964</timestamp>
			</report>
			<report>
				<misses>15412001</misses>
				<total>34</total>
				<timestamp>5080.875614</timestamp>
			</report>
			<report>
				<misses>15413001</misses>
				<total>34</total>
				<timestamp>5081.205296</timestamp>
			</report>
			<report>
				<misses>15414001</misses>
				<total>34</total>
				<timestamp>5081.534947</timestamp>
			</report>
			<report>
				<misses>15415001</misses>
				<total>34</total>
				<timestamp>5081.864635</timestamp>
			</report>
			<report>
				<misses>15416001</misses>
				<total>34</total>
				<timestamp>5082.194387</timestamp>
			</report>
			<report>
				<misses>15417001</misses>
				<total>34</total>
				<timestamp>5082.523981</timestamp>
			</report>
			<report>
				<misses>15418001</misses>
				<total>34</total>
				<timestamp>5082.853722</timestamp>
			</report>
			<report>
				<misses>15419001</misses>
				<total>34</total>
				<timestamp>5083.183369</timestamp>
			</report>
			<report>
				<misses>15420001</misses>
				<total>34</total>
				<timestamp>5083.512992</timestamp>
			</report>
			<report>
				<misses>15421001</misses>
				<total>34</total>
				<timestamp>5083.842659</timestamp>
			</report>
			<report>
				<misses>15422001</misses>
				<total>34</total>
				<timestamp>5084.172424</timestamp>
			</report>
			<report>
				<misses>15423001</misses>
				<total>34</total>
				<timestamp>5084.501983</timestamp>
			</report>
			<report>
				<misses>15424001</misses>
				<total>34</total>
				<timestamp>5084.831658</timestamp>
			</report>
			<report>
				<misses>15425001</misses>
				<total>34</total>
				<timestamp>5085.161373</timestamp>
			</report>
			<report>
				<misses>15426001</misses>
				<total>34</total>
				<timestamp>5085.491017</timestamp>
			</report>
			<report>
				<misses>15427001</misses>
				<total>34</total>
				<timestamp>5085.820680</timestamp>
			</report>
			<report>
				<misses>15428001</misses>
				<total>34</total>
				<timestamp>5086.150344</timestamp>
			</report>
			<report>
				<misses>15429001</misses>
				<total>34</total>
				<timestamp>5086.480005</timestamp>
			</report>
			<report>
				<misses>15430001</misses>
				<total>34</total>
				<timestamp>5086.809680</timestamp>
			</report>
			<report>
				<misses>15431001</misses>
				<total>34</total>
				<timestamp>5087.139386</timestamp>
			</report>
			<report>
				<misses>15432001</misses>
				<total>34</total>
				<timestamp>5087.469055</timestamp>
			</report>
			<report>
				<misses>15433001</misses>
				<total>34</total>
				<timestamp>5087.798687</timestamp>
			</report>
			<report>
				<misses>15434001</misses>
				<total>34</total>
				<timestamp>5088.128390</timestamp>
			</report>
			<report>
				<misses>15435001</misses>
				<total>34</total>
				<timestamp>5088.458023</timestamp>
			</report>
			<report>
				<misses>15436001</misses>
				<total>34</total>
				<timestamp>5088.787705</timestamp>
			</report>
			<report>
				<misses>15437001</misses>
				<total>34</total>
				<timestamp>5089.117483</timestamp>
			</report>
			<report>
				<misses>15438001</misses>
				<total>34</total>
				<timestamp>5089.447055</timestamp>
			</report>
			<report>
				<misses>15439001</misses>
				<total>34</total>
				<timestamp>5089.776717</timestamp>
			</report>
			<report>
				<misses>15440001</misses>
				<total>34</total>
				<timestamp>5090.106486</timestamp>
			</report>
			<report>
				<misses>15441001</misses>
				<total>34</total>
				<timestamp>5090.436057</timestamp>
			</report>
			<report>
				<misses>15442001</misses>
				<total>34</total>
				<timestamp>5090.765713</timestamp>
			</report>
			<report>
				<misses>15443001</misses>
				<total>34</total>
				<timestamp>5091.095419</timestamp>
			</report>
			<report>
				<misses>15444001</misses>
				<total>34</total>
				<timestamp>5091.425073</timestamp>
			</report>
			<report>
				<misses>15445001</misses>
				<total>34</total>
				<timestamp>5091.754731</timestamp>
			</report>
			<report>
				<misses>15446001</misses>
				<total>34</total>
				<timestamp>5092.084427</timestamp>
			</report>
			<report>
				<misses>15447001</misses>
				<total>34</total>
				<timestamp>5092.414114</timestamp>
			</report>
			<report>
				<misses>15448001</misses>
				<total>34</total>
				<timestamp>5092.743744</timestamp>
			</report>
			<report>
				<misses>15449001</misses>
				<total>34</total>
				<timestamp>5093.073469</timestamp>
			</report>
			<report>
				<misses>15450001</misses>
				<total>34</total>
				<timestamp>5093.403163</timestamp>
			</report>
			<report>
				<misses>15451001</misses>
				<total>34</total>
				<timestamp>5093.732764</timestamp>
			</report>
			<report>
				<misses>15452001</misses>
				<total>34</total>
				<timestamp>5094.062464</timestamp>
			</report>
			<report>
				<misses>15453001</misses>
				<total>34</total>
				<timestamp>5094.392096</timestamp>
			</report>
			<report>
				<misses>15454001</misses>
				<total>34</total>
				<timestamp>5094.721768</timestamp>
			</report>
			<report>
				<misses>15455001</misses>
				<total>34</total>
				<timestamp>5095.051460</timestamp>
			</report>
			<report>
				<misses>15456001</misses>
				<total>34</total>
				<timestamp>5095.381130</timestamp>
			</report>
			<report>
				<misses>15457001</misses>
				<total>34</total>
				<timestamp>5095.710786</timestamp>
			</report>
			<report>
				<misses>15458001</misses>
				<total>34</total>
				<timestamp>5096.040447</timestamp>
			</report>
			<report>
				<misses>15459001</misses>
				<total>34</total>
				<timestamp>5096.370134</timestamp>
			</report>
			<report>
				<misses>15460001</misses>
				<total>34</total>
				<timestamp>5096.699776</timestamp>
			</report>
			<report>
				<misses>15461001</misses>
				<total>34</total>
				<timestamp>5097.029453</timestamp>
			</report>
			<report>
				<misses>15462001</misses>
				<total>34</total>
				<timestamp>5097.359166</timestamp>
			</report>
			<report>
				<misses>15463001</misses>
				<total>34</total>
				<timestamp>5097.688781</timestamp>
			</report>
			<report>
				<misses>15464001</misses>
				<total>34</total>
				<timestamp>5098.018512</timestamp>
			</report>
			<report>
				<misses>15465001</misses>
				<total>34</total>
				<timestamp>5098.348172</timestamp>
			</report>
			<report>
				<misses>15466001</misses>
				<total>34</total>
				<timestamp>5098.677817</timestamp>
			</report>
			<report>
				<misses>15467001</misses>
				<total>34</total>
				<timestamp>5099.007484</timestamp>
			</report>
			<report>
				<misses>15468001</misses>
				<total>34</total>
				<timestamp>5099.337183</timestamp>
			</report>
			<report>
				<misses>15469001</misses>
				<total>34</total>
				<timestamp>5099.666805</timestamp>
			</report>
			<report>
				<misses>15470001</misses>
				<total>34</total>
				<timestamp>5099.996476</timestamp>
			</report>
			<report>
				<misses>15471001</misses>
				<total>34</total>
				<timestamp>5100.326176</timestamp>
			</report>
			<report>
				<misses>15472001</misses>
				<total>34</total>
				<timestamp>5100.655872</timestamp>
			</report>
			<report>
				<misses>15473001</misses>
				<total>34</total>
				<timestamp>5100.985494</timestamp>
			</report>
			<report>
				<misses>15474001</misses>
				<total>34</total>
				<timestamp>5101.315276</timestamp>
			</report>
			<report>
				<misses>15475001</misses>
				<total>34</total>
				<timestamp>5101.644830</timestamp>
			</report>
			<report>
				<misses>15476001</misses>
				<total>34</total>
				<timestamp>5101.974489</timestamp>
			</report>
			<report>
				<misses>15477001</misses>
				<total>34</total>
				<timestamp>5102.304163</timestamp>
			</report>
			<report>
				<misses>15478001</misses>
				<total>34</total>
				<timestamp>5102.633844</timestamp>
			</report>
			<report>
				<misses>15479001</misses>
				<total>34</total>
				<timestamp>5102.963520</timestamp>
			</report>
			<report>
				<misses>15480001</misses>
				<total>34</total>
				<timestamp>5103.293188</timestamp>
			</report>
			<report>
				<misses>15481001</misses>
				<total>34</total>
				<timestamp>5103.622874</timestamp>
			</report>
			<report>
				<misses>15482001</misses>
				<total>34</total>
				<timestamp>5103.952511</timestamp>
			</report>
			<report>
				<misses>15483001</misses>
				<total>34</total>
				<timestamp>5104.282266</timestamp>
			</report>
			<report>
				<misses>15484001</misses>
				<total>34</total>
				<timestamp>5104.611850</timestamp>
			</report>
			<report>
				<misses>15485001</misses>
				<total>34</total>
				<timestamp>5104.941531</timestamp>
			</report>
			<report>
				<misses>15486001</misses>
				<total>34</total>
				<timestamp>5105.271296</timestamp>
			</report>
			<report>
				<misses>15487001</misses>
				<total>34</total>
				<timestamp>5105.600957</timestamp>
			</report>
			<report>
				<misses>15488001</misses>
				<total>34</total>
				<timestamp>5105.930546</timestamp>
			</report>
			<report>
				<misses>15489001</misses>
				<total>34</total>
				<timestamp>5106.260269</timestamp>
			</report>
			<report>
				<misses>15490001</misses>
				<total>34</total>
				<timestamp>5106.589896</timestamp>
			</report>
			<report>
				<misses>15491001</misses>
				<total>34</total>
				<timestamp>5106.919558</timestamp>
			</report>
			<report>
				<misses>15492001</misses>
				<total>34</total>
				<timestamp>5107.249325</timestamp>
			</report>
			<report>
				<misses>15493001</misses>
				<total>34</total>
				<timestamp>5107.578882</timestamp>
			</report>
			<report>
				<misses>15494001</misses>
				<total>34</total>
				<timestamp>5107.908561</timestamp>
			</report>
			<report>
				<misses>15495001</misses>
				<total>34</total>
				<timestamp>5108.238362</timestamp>
			</report>
			<report>
				<misses>15496001</misses>
				<total>34</total>
				<timestamp>5108.567889</timestamp>
			</report>
			<report>
				<misses>15497001</misses>
				<total>34</total>
				<timestamp>5108.897632</timestamp>
			</report>
			<report>
				<misses>15498001</misses>
				<total>34</total>
				<timestamp>5109.227293</timestamp>
			</report>
			<report>
				<misses>15499001</misses>
				<total>34</total>
				<timestamp>5109.556910</timestamp>
			</report>
			<report>
				<misses>15500001</misses>
				<total>34</total>
				<timestamp>5109.886593</timestamp>
			</report>
			<report>
				<misses>15501001</misses>
				<total>34</total>
				<timestamp>5110.216257</timestamp>
			</report>
			<report>
				<misses>15502001</misses>
				<total>34</total>
				<timestamp>5110.545927</timestamp>
			</report>
			<report>
				<misses>15503001</misses>
				<total>34</total>
				<timestamp>5110.875591</timestamp>
			</report>
			<report>
				<misses>15504001</misses>
				<total>34</total>
				<timestamp>5111.205331</timestamp>
			</report>
			<report>
				<misses>15505001</misses>
				<total>34</total>
				<timestamp>5111.534917</timestamp>
			</report>
			<report>
				<misses>15506001</misses>
				<total>34</total>
				<timestamp>5111.864599</timestamp>
			</report>
			<report>
				<misses>15507001</misses>
				<total>34</total>
				<timestamp>5112.194323</timestamp>
			</report>
			<report>
				<misses>15508001</misses>
				<total>34</total>
				<timestamp>5112.523936</timestamp>
			</report>
			<report>
				<misses>15509001</misses>
				<total>34</total>
				<timestamp>5112.853613</timestamp>
			</report>
			<report>
				<misses>15510001</misses>
				<total>34</total>
				<timestamp>5113.183319</timestamp>
			</report>
			<report>
				<misses>15511001</misses>
				<total>34</total>
				<timestamp>5113.512944</timestamp>
			</report>
			<report>
				<misses>15512001</misses>
				<total>34</total>
				<timestamp>5113.842625</timestamp>
			</report>
			<report>
				<misses>15513001</misses>
				<total>34</total>
				<timestamp>5114.172311</timestamp>
			</report>
			<report>
				<misses>15514001</misses>
				<total>34</total>
				<timestamp>5114.501990</timestamp>
			</report>
			<report>
				<misses>15515001</misses>
				<total>34</total>
				<timestamp>5114.831667</timestamp>
			</report>
			<report>
				<misses>15516001</misses>
				<total>34</total>
				<timestamp>5115.161371</timestamp>
			</report>
			<report>
				<misses>15517001</misses>
				<total>34</total>
				<timestamp>5115.490987</timestamp>
			</report>
			<report>
				<misses>15518001</misses>
				<total>34</total>
				<timestamp>5115.820647</timestamp>
			</report>
			<report>
				<misses>15519001</misses>
				<total>34</total>
				<timestamp>5116.150362</timestamp>
			</report>
			<report>
				<misses>15520001</misses>
				<total>34</total>
				<timestamp>5116.479978</timestamp>
			</report>
			<report>
				<misses>15521001</misses>
				<total>34</total>
				<timestamp>5116.809648</timestamp>
			</report>
			<report>
				<misses>15522001</misses>
				<total>34</total>
				<timestamp>5117.139335</timestamp>
			</report>
			<report>
				<misses>15523001</misses>
				<total>34</total>
				<timestamp>5117.468981</timestamp>
			</report>
			<report>
				<misses>15524001</misses>
				<total>34</total>
				<timestamp>5117.798653</timestamp>
			</report>
			<report>
				<misses>15525001</misses>
				<total>34</total>
				<timestamp>5118.128336</timestamp>
			</report>
			<report>
				<misses>15526001</misses>
				<total>34</total>
				<timestamp>5118.458028</timestamp>
			</report>
			<report>
				<misses>15527001</misses>
				<total>34</total>
				<timestamp>5118.787672</timestamp>
			</report>
			<report>
				<misses>15528001</misses>
				<total>34</total>
				<timestamp>5119.117322</timestamp>
			</report>
			<report>
				<misses>15529001</misses>
				<total>34</total>
				<timestamp>5119.447024</timestamp>
			</report>
			<report>
				<misses>15530001</misses>
				<total>34</total>
				<timestamp>5119.776684</timestamp>
			</report>
			<report>
				<misses>15531001</misses>
				<total>34</total>
				<timestamp>5120.106427</timestamp>
			</report>
			<report>
				<misses>15532001</misses>
				<total>34</total>
				<timestamp>5120.436048</timestamp>
			</report>
			<report>
				<misses>15533001</misses>
				<total>34</total>
				<timestamp>5120.765693</timestamp>
			</report>
			<report>
				<misses>15534001</misses>
				<total>34</total>
				<timestamp>5121.095369</timestamp>
			</report>
			<report>
				<misses>15535001</misses>
				<total>34</total>
				<timestamp>5121.425050</timestamp>
			</report>
			<report>
				<misses>15536001</misses>
				<total>34</total>
				<timestamp>5121.754688</timestamp>
			</report>
			<report>
				<misses>15537001</misses>
				<total>34</total>
				<timestamp>5122.084423</timestamp>
			</report>
			<report>
				<misses>15538001</misses>
				<total>34</total>
				<timestamp>5122.414052</timestamp>
			</report>
			<report>
				<misses>15539001</misses>
				<total>34</total>
				<timestamp>5122.743733</timestamp>
			</report>
			<report>
				<misses>15540001</misses>
				<total>34</total>
				<timestamp>5123.073390</timestamp>
			</report>
			<report>
				<misses>15541001</misses>
				<total>34</total>
				<timestamp>5123.403059</timestamp>
			</report>
			<report>
				<misses>15542001</misses>
				<total>34</total>
				<timestamp>5123.732710</timestamp>
			</report>
			<report>
				<misses>15543001</misses>
				<total>34</total>
				<timestamp>5124.062373</timestamp>
			</report>
			<report>
				<misses>15544001</misses>
				<total>34</total>
				<timestamp>5124.392111</timestamp>
			</report>
			<report>
				<misses>15545001</misses>
				<total>34</total>
				<timestamp>5124.721731</timestamp>
			</report>
			<report>
				<misses>15546001</misses>
				<total>34</total>
				<timestamp>5125.051396</timestamp>
			</report>
			<report>
				<misses>15547001</misses>
				<total>34</total>
				<timestamp>5125.381142</timestamp>
			</report>
			<report>
				<misses>15548001</misses>
				<total>34</total>
				<timestamp>5125.710751</timestamp>
			</report>
			<report>
				<misses>15549001</misses>
				<total>34</total>
				<timestamp>5126.040434</timestamp>
			</report>
			<report>
				<misses>15550001</misses>
				<total>34</total>
				<timestamp>5126.370104</timestamp>
			</report>
			<report>
				<misses>15551001</misses>
				<total>34</total>
				<timestamp>5126.699752</timestamp>
			</report>
			<report>
				<misses>15552001</misses>
				<total>34</total>
				<timestamp>5127.029438</timestamp>
			</report>
			<report>
				<misses>15553001</misses>
				<total>34</total>
				<timestamp>5127.359141</timestamp>
			</report>
			<report>
				<misses>15554001</misses>
				<total>34</total>
				<timestamp>5127.688791</timestamp>
			</report>
			<report>
				<misses>15555001</misses>
				<total>34</total>
				<timestamp>5128.018462</timestamp>
			</report>
			<report>
				<misses>15556001</misses>
				<total>34</total>
				<timestamp>5128.348190</timestamp>
			</report>
			<report>
				<misses>15557001</misses>
				<total>34</total>
				<timestamp>5128.677803</timestamp>
			</report>
			<report>
				<misses>15558001</misses>
				<total>34</total>
				<timestamp>5129.007461</timestamp>
			</report>
			<report>
				<misses>15559001</misses>
				<total>34</total>
				<timestamp>5129.337128</timestamp>
			</report>
			<report>
				<misses>15560001</misses>
				<total>34</total>
				<timestamp>5129.666777</timestamp>
			</report>
			<report>
				<misses>15561001</misses>
				<total>34</total>
				<timestamp>5129.996484</timestamp>
			</report>
			<report>
				<misses>15562001</misses>
				<total>34</total>
				<timestamp>5130.326221</timestamp>
			</report>
			<report>
				<misses>15563001</misses>
				<total>34</total>
				<timestamp>5130.655808</timestamp>
			</report>
			<report>
				<misses>15564001</misses>
				<total>34</total>
				<timestamp>5130.985461</timestamp>
			</report>
			<report>
				<misses>15565001</misses>
				<total>34</total>
				<timestamp>5131.315204</timestamp>
			</report>
			<report>
				<misses>15566001</misses>
				<total>34</total>
				<timestamp>5131.644806</timestamp>
			</report>
			<report>
				<misses>15567001</misses>
				<total>34</total>
				<timestamp>5131.974475</timestamp>
			</report>
			<report>
				<misses>15568001</misses>
				<total>34</total>
				<timestamp>5132.304140</timestamp>
			</report>
			<report>
				<misses>15569001</misses>
				<total>34</total>
				<timestamp>5132.633859</timestamp>
			</report>
			<report>
				<misses>15570001</misses>
				<total>34</total>
				<timestamp>5132.963488</timestamp>
			</report>
			<report>
				<misses>15571001</misses>
				<total>34</total>
				<timestamp>5133.293193</timestamp>
			</report>
			<report>
				<misses>15572001</misses>
				<total>34</total>
				<timestamp>5133.622829</timestamp>
			</report>
			<report>
				<misses>15573001</misses>
				<total>34</total>
				<timestamp>5133.952499</timestamp>
			</report>
			<report>
				<misses>15574001</misses>
				<total>34</total>
				<timestamp>5134.282174</timestamp>
			</report>
			<report>
				<misses>15575001</misses>
				<total>34</total>
				<timestamp>5134.611826</timestamp>
			</report>
			<report>
				<misses>15576001</misses>
				<total>34</total>
				<timestamp>5134.941510</timestamp>
			</report>
			<report>
				<misses>15577001</misses>
				<total>34</total>
				<timestamp>5135.271243</timestamp>
			</report>
			<report>
				<misses>15578001</misses>
				<total>34</total>
				<timestamp>5135.600836</timestamp>
			</report>
			<report>
				<misses>15579001</misses>
				<total>34</total>
				<timestamp>5135.930503</timestamp>
			</report>
			<report>
				<misses>15580001</misses>
				<total>34</total>
				<timestamp>5136.260200</timestamp>
			</report>
			<report>
				<misses>15581001</misses>
				<total>34</total>
				<timestamp>5136.589899</timestamp>
			</report>
			<report>
				<misses>15582001</misses>
				<total>34</total>
				<timestamp>5136.919536</timestamp>
			</report>
			<report>
				<misses>15583001</misses>
				<total>34</total>
				<timestamp>5137.249208</timestamp>
			</report>
			<report>
				<misses>15584001</misses>
				<total>34</total>
				<timestamp>5137.578867</timestamp>
			</report>
			<report>
				<misses>15585001</misses>
				<total>34</total>
				<timestamp>5137.908518</timestamp>
			</report>
			<report>
				<misses>15586001</misses>
				<total>34</total>
				<timestamp>5138.238242</timestamp>
			</report>
			<report>
				<misses>15587001</misses>
				<total>34</total>
				<timestamp>5138.567887</timestamp>
			</report>
			<report>
				<misses>15588001</misses>
				<total>34</total>
				<timestamp>5138.897541</timestamp>
			</report>
			<report>
				<misses>15589001</misses>
				<total>34</total>
				<timestamp>5139.227226</timestamp>
			</report>
			<report>
				<misses>15590001</misses>
				<total>34</total>
				<timestamp>5139.556909</timestamp>
			</report>
			<report>
				<misses>15591001</misses>
				<total>34</total>
				<timestamp>5139.886543</timestamp>
			</report>
			<report>
				<misses>15592001</misses>
				<total>34</total>
				<timestamp>5140.216228</timestamp>
			</report>
			<report>
				<misses>15593001</misses>
				<total>34</total>
				<timestamp>5140.545926</timestamp>
			</report>
			<report>
				<misses>15594001</misses>
				<total>34</total>
				<timestamp>5140.875561</timestamp>
			</report>
			<report>
				<misses>15595001</misses>
				<total>34</total>
				<timestamp>5141.205257</timestamp>
			</report>
			<report>
				<misses>15596001</misses>
				<total>34</total>
				<timestamp>5141.534907</timestamp>
			</report>
			<report>
				<misses>15597001</misses>
				<total>34</total>
				<timestamp>5141.864573</timestamp>
			</report>
			<report>
				<misses>15598001</misses>
				<total>34</total>
				<timestamp>5142.194305</timestamp>
			</report>
			<report>
				<misses>15599001</misses>
				<total>34</total>
				<timestamp>5142.523915</timestamp>
			</report>
			<report>
				<misses>15600001</misses>
				<total>34</total>
				<timestamp>5142.853567</timestamp>
			</report>
			<report>
				<misses>15601001</misses>
				<total>34</total>
				<timestamp>5143.183248</timestamp>
			</report>
			<report>
				<misses>15602001</misses>
				<total>34</total>
				<timestamp>5143.512934</timestamp>
			</report>
			<report>
				<misses>15603001</misses>
				<total>34</total>
				<timestamp>5143.842598</timestamp>
			</report>
			<report>
				<misses>15604001</misses>
				<total>34</total>
				<timestamp>5144.172287</timestamp>
			</report>
			<report>
				<misses>15605001</misses>
				<total>34</total>
				<timestamp>5144.501958</timestamp>
			</report>
			<report>
				<misses>15606001</misses>
				<total>34</total>
				<timestamp>5144.831591</timestamp>
			</report>
			<report>
				<misses>15607001</misses>
				<total>34</total>
				<timestamp>5145.161377</timestamp>
			</report>
			<report>
				<misses>15608001</misses>
				<total>34</total>
				<timestamp>5145.490948</timestamp>
			</report>
			<report>
				<misses>15609001</misses>
				<total>34</total>
				<timestamp>5145.820605</timestamp>
			</report>
			<report>
				<misses>15610001</misses>
				<total>34</total>
				<timestamp>5146.150279</timestamp>
			</report>
			<report>
				<misses>15611001</misses>
				<total>34</total>
				<timestamp>5146.479992</timestamp>
			</report>
			<report>
				<misses>15612001</misses>
				<total>34</total>
				<timestamp>5146.809623</timestamp>
			</report>
			<report>
				<misses>15613001</misses>
				<total>34</total>
				<timestamp>5147.139306</timestamp>
			</report>
			<report>
				<misses>15614001</misses>
				<total>34</total>
				<timestamp>5147.468980</timestamp>
			</report>
			<report>
				<misses>15615001</misses>
				<total>34</total>
				<timestamp>5147.798628</timestamp>
			</report>
			<report>
				<misses>15616001</misses>
				<total>34</total>
				<timestamp>5148.128289</timestamp>
			</report>
			<report>
				<misses>15617001</misses>
				<total>34</total>
				<timestamp>5148.458015</timestamp>
			</report>
			<report>
				<misses>15618001</misses>
				<total>34</total>
				<timestamp>5148.787639</timestamp>
			</report>
			<report>
				<misses>15619001</misses>
				<total>34</total>
				<timestamp>5149.117338</timestamp>
			</report>
			<report>
				<misses>15620001</misses>
				<total>34</total>
				<timestamp>5149.446985</timestamp>
			</report>
			<report>
				<misses>15621001</misses>
				<total>34</total>
				<timestamp>5149.776646</timestamp>
			</report>
			<report>
				<misses>15622001</misses>
				<total>34</total>
				<timestamp>5150.106326</timestamp>
			</report>
			<report>
				<misses>15623001</misses>
				<total>34</total>
				<timestamp>5150.436004</timestamp>
			</report>
			<report>
				<misses>15624001</misses>
				<total>34</total>
				<timestamp>5150.765661</timestamp>
			</report>
			<report>
				<misses>15625001</misses>
				<total>34</total>
				<timestamp>5151.095328</timestamp>
			</report>
			<report>
				<misses>15626001</misses>
				<total>34</total>
				<timestamp>5151.425032</timestamp>
			</report>
			<report>
				<misses>15627001</misses>
				<total>34</total>
				<timestamp>5151.754687</timestamp>
			</report>
			<report>
				<misses>15628001</misses>
				<total>34</total>
				<timestamp>5152.084338</timestamp>
			</report>
			<report>
				<misses>15629001</misses>
				<total>34</total>
				<timestamp>5152.414036</timestamp>
			</report>
			<report>
				<misses>15630001</misses>
				<total>34</total>
				<timestamp>5152.743690</timestamp>
			</report>
			<report>
				<misses>15631001</misses>
				<total>34</total>
				<timestamp>5153.073352</timestamp>
			</report>
			<report>
				<misses>15632001</misses>
				<total>34</total>
				<timestamp>5153.403092</timestamp>
			</report>
			<report>
				<misses>15633001</misses>
				<total>34</total>
				<timestamp>5153.732695</timestamp>
			</report>
			<report>
				<misses>15634001</misses>
				<total>34</total>
				<timestamp>5154.062364</timestamp>
			</report>
			<report>
				<misses>15635001</misses>
				<total>34</total>
				<timestamp>5154.392108</timestamp>
			</report>
			<report>
				<misses>15636001</misses>
				<total>34</total>
				<timestamp>5154.721700</timestamp>
			</report>
			<report>
				<misses>15637001</misses>
				<total>34</total>
				<timestamp>5155.051400</timestamp>
			</report>
			<report>
				<misses>15638001</misses>
				<total>34</total>
				<timestamp>5155.381097</timestamp>
			</report>
			<report>
				<misses>15639001</misses>
				<total>34</total>
				<timestamp>5155.710752</timestamp>
			</report>
			<report>
				<misses>15640001</misses>
				<total>34</total>
				<timestamp>5156.040392</timestamp>
			</report>
			<report>
				<misses>15641001</misses>
				<total>34</total>
				<timestamp>5156.370070</timestamp>
			</report>
			<report>
				<misses>15642001</misses>
				<total>34</total>
				<timestamp>5156.699827</timestamp>
			</report>
			<report>
				<misses>15643001</misses>
				<total>34</total>
				<timestamp>5157.029402</timestamp>
			</report>
			<report>
				<misses>15644001</misses>
				<total>34</total>
				<timestamp>5157.359154</timestamp>
			</report>
			<report>
				<misses>15645001</misses>
				<total>34</total>
				<timestamp>5157.688743</timestamp>
			</report>
			<report>
				<misses>15646001</misses>
				<total>34</total>
				<timestamp>5158.018394</timestamp>
			</report>
			<report>
				<misses>15647001</misses>
				<total>34</total>
				<timestamp>5158.348137</timestamp>
			</report>
			<report>
				<misses>15648001</misses>
				<total>34</total>
				<timestamp>5158.677777</timestamp>
			</report>
			<report>
				<misses>15649001</misses>
				<total>34</total>
				<timestamp>5159.007430</timestamp>
			</report>
			<report>
				<misses>15650001</misses>
				<total>34</total>
				<timestamp>5159.337124</timestamp>
			</report>
			<report>
				<misses>15651001</misses>
				<total>34</total>
				<timestamp>5159.666762</timestamp>
			</report>
			<report>
				<misses>15652001</misses>
				<total>34</total>
				<timestamp>5159.996415</timestamp>
			</report>
			<report>
				<misses>15653001</misses>
				<total>34</total>
				<timestamp>5160.326136</timestamp>
			</report>
			<report>
				<misses>15654001</misses>
				<total>34</total>
				<timestamp>5160.655780</timestamp>
			</report>
			<report>
				<misses>15655001</misses>
				<total>34</total>
				<timestamp>5160.985419</timestamp>
			</report>
			<report>
				<misses>15656001</misses>
				<total>34</total>
				<timestamp>5161.315138</timestamp>
			</report>
			<report>
				<misses>15657001</misses>
				<total>34</total>
				<timestamp>5161.644922</timestamp>
			</report>
			<report>
				<misses>15658001</misses>
				<total>34</total>
				<timestamp>5161.974454</timestamp>
			</report>
			<report>
				<misses>15659001</misses>
				<total>34</total>
				<timestamp>5162.304146</timestamp>
			</report>
			<report>
				<misses>15660001</misses>
				<total>34</total>
				<timestamp>5162.633827</timestamp>
			</report>
			<report>
				<misses>15661001</misses>
				<total>34</total>
				<timestamp>5162.963478</timestamp>
			</report>
			<report>
				<misses>15662001</misses>
				<total>34</total>
				<timestamp>5163.293118</timestamp>
			</report>
			<report>
				<misses>15663001</misses>
				<total>34</total>
				<timestamp>5163.622813</timestamp>
			</report>
			<report>
				<misses>15664001</misses>
				<total>34</total>
				<timestamp>5163.952453</timestamp>
			</report>
			<report>
				<misses>15665001</misses>
				<total>34</total>
				<timestamp>5164.282161</timestamp>
			</report>
			<report>
				<misses>15666001</misses>
				<total>34</total>
				<timestamp>5164.611820</timestamp>
			</report>
			<report>
				<misses>15667001</misses>
				<total>34</total>
				<timestamp>5164.941462</timestamp>
			</report>
			<report>
				<misses>15668001</misses>
				<total>34</total>
				<timestamp>5165.271153</timestamp>
			</report>
			<report>
				<misses>15669001</misses>
				<total>34</total>
				<timestamp>5165.600805</timestamp>
			</report>
			<report>
				<misses>15670001</misses>
				<total>34</total>
				<timestamp>5165.930489</timestamp>
			</report>
			<report>
				<misses>15671001</misses>
				<total>34</total>
				<timestamp>5166.260161</timestamp>
			</report>
			<report>
				<misses>15672001</misses>
				<total>34</total>
				<timestamp>5166.589821</timestamp>
			</report>
			<report>
				<misses>15673001</misses>
				<total>34</total>
				<timestamp>5166.919485</timestamp>
			</report>
			<report>
				<misses>15674001</misses>
				<total>34</total>
				<timestamp>5167.249185</timestamp>
			</report>
			<report>
				<misses>15675001</misses>
				<total>34</total>
				<timestamp>5167.578827</timestamp>
			</report>
			<report>
				<misses>15676001</misses>
				<total>34</total>
				<timestamp>5167.908485</timestamp>
			</report>
			<report>
				<misses>15677001</misses>
				<total>34</total>
				<timestamp>5168.238178</timestamp>
			</report>
			<report>
				<misses>15678001</misses>
				<total>34</total>
				<timestamp>5168.567859</timestamp>
			</report>
			<report>
				<misses>15679001</misses>
				<total>34</total>
				<timestamp>5168.897499</timestamp>
			</report>
			<report>
				<misses>15680001</misses>
				<total>34</total>
				<timestamp>5169.227181</timestamp>
			</report>
			<report>
				<misses>15681001</misses>
				<total>34</total>
				<timestamp>5169.556854</timestamp>
			</report>
			<report>
				<misses>15682001</misses>
				<total>34</total>
				<timestamp>5169.886531</timestamp>
			</report>
			<report>
				<misses>15683001</misses>
				<total>34</total>
				<timestamp>5170.216184</timestamp>
			</report>
			<report>
				<misses>15684001</misses>
				<total>34</total>
				<timestamp>5170.545898</timestamp>
			</report>
			<report>
				<misses>15685001</misses>
				<total>34</total>
				<timestamp>5170.875521</timestamp>
			</report>
			<report>
				<misses>15686001</misses>
				<total>34</total>
				<timestamp>5171.205198</timestamp>
			</report>
			<report>
				<misses>15687001</misses>
				<total>34</total>
				<timestamp>5171.534862</timestamp>
			</report>
			<report>
				<misses>15688001</misses>
				<total>34</total>
				<timestamp>5171.864543</timestamp>
			</report>
			<report>
				<misses>15689001</misses>
				<total>34</total>
				<timestamp>5172.194225</timestamp>
			</report>
			<report>
				<misses>15690001</misses>
				<total>34</total>
				<timestamp>5172.523881</timestamp>
			</report>
			<report>
				<misses>15691001</misses>
				<total>34</total>
				<timestamp>5172.853545</timestamp>
			</report>
			<report>
				<misses>15692001</misses>
				<total>34</total>
				<timestamp>5173.183205</timestamp>
			</report>
			<report>
				<misses>15693001</misses>
				<total>34</total>
				<timestamp>5173.512884</timestamp>
			</report>
			<report>
				<misses>15694001</misses>
				<total>34</total>
				<timestamp>5173.842559</timestamp>
			</report>
			<report>
				<misses>15695001</misses>
				<total>34</total>
				<timestamp>5174.172223</timestamp>
			</report>
			<report>
				<misses>15696001</misses>
				<total>34</total>
				<timestamp>5174.501974</timestamp>
			</report>
			<report>
				<misses>15697001</misses>
				<total>34</total>
				<timestamp>5174.831589</timestamp>
			</report>
			<report>
				<misses>15698001</misses>
				<total>34</total>
				<timestamp>5175.161246</timestamp>
			</report>
			<report>
				<misses>15699001</misses>
				<total>34</total>
				<timestamp>5175.490944</timestamp>
			</report>
			<report>
				<misses>15700001</misses>
				<total>34</total>
				<timestamp>5175.820594</timestamp>
			</report>
			<report>
				<misses>15701001</misses>
				<total>34</total>
				<timestamp>5176.150257</timestamp>
			</report>
			<report>
				<misses>15702001</misses>
				<total>34</total>
				<timestamp>5176.479974</timestamp>
			</report>
			<report>
				<misses>15703001</misses>
				<total>34</total>
				<timestamp>5176.809615</timestamp>
			</report>
			<report>
				<misses>15704001</misses>
				<total>34</total>
				<timestamp>5177.139269</timestamp>
			</report>
			<report>
				<misses>15705001</misses>
				<total>34</total>
				<timestamp>5177.468973</timestamp>
			</report>
			<report>
				<misses>15706001</misses>
				<total>34</total>
				<timestamp>5177.798595</timestamp>
			</report>
			<report>
				<misses>15707001</misses>
				<total>34</total>
				<timestamp>5178.128274</timestamp>
			</report>
			<report>
				<misses>15708001</misses>
				<total>34</total>
				<timestamp>5178.457933</timestamp>
			</report>
			<report>
				<misses>15709001</misses>
				<total>34</total>
				<timestamp>5178.787618</timestamp>
			</report>
			<report>
				<misses>15710001</misses>
				<total>34</total>
				<timestamp>5179.117283</timestamp>
			</report>
			<report>
				<misses>15711001</misses>
				<total>34</total>
				<timestamp>5179.447008</timestamp>
			</report>
			<report>
				<misses>15712001</misses>
				<total>34</total>
				<timestamp>5179.776640</timestamp>
			</report>
			<report>
				<misses>15713001</misses>
				<total>34</total>
				<timestamp>5180.106282</timestamp>
			</report>
			<report>
				<misses>15714001</misses>
				<total>34</total>
				<timestamp>5180.435953</timestamp>
			</report>
			<report>
				<misses>15715001</misses>
				<total>34</total>
				<timestamp>5180.765667</timestamp>
			</report>
			<report>
				<misses>15716001</misses>
				<total>34</total>
				<timestamp>5181.095297</timestamp>
			</report>
			<report>
				<misses>15717001</misses>
				<total>34</total>
				<timestamp>5181.424967</timestamp>
			</report>
			<report>
				<misses>15718001</misses>
				<total>34</total>
				<timestamp>5181.754693</timestamp>
			</report>
			<report>
				<misses>15719001</misses>
				<total>34</total>
				<timestamp>5182.084315</timestamp>
			</report>
			<report>
				<misses>15720001</misses>
				<total>34</total>
				<timestamp>5182.414041</timestamp>
			</report>
			<report>
				<misses>15721001</misses>
				<total>34</total>
				<timestamp>5182.743650</timestamp>
			</report>
			<report>
				<misses>15722001</misses>
				<total>34</total>
				<timestamp>5183.073331</timestamp>
			</report>
			<report>
				<misses>15723001</misses>
				<total>34</total>
				<timestamp>5183.403052</timestamp>
			</report>
			<report>
				<misses>15724001</misses>
				<total>34</total>
				<timestamp>5183.732674</timestamp>
			</report>
			<report>
				<misses>15725001</misses>
				<total>34</total>
				<timestamp>5184.062337</timestamp>
			</report>
			<report>
				<misses>15726001</misses>
				<total>34</total>
				<timestamp>5184.392025</timestamp>
			</report>
			<report>
				<misses>15727001</misses>
				<total>34</total>
				<timestamp>5184.721689</timestamp>
			</report>
			<report>
				<misses>15728001</misses>
				<total>34</total>
				<timestamp>5185.051347</timestamp>
			</report>
			<report>
				<misses>15729001</misses>
				<total>34</total>
				<timestamp>5185.381026</timestamp>
			</report>
			<report>
				<misses>15730001</misses>
				<total>34</total>
				<timestamp>5185.710707</timestamp>
			</report>
			<report>
				<misses>15731001</misses>
				<total>34</total>
				<timestamp>5186.040338</timestamp>
			</report>
			<report>
				<misses>15732001</misses>
				<total>34</total>
				<timestamp>5186.370014</timestamp>
			</report>
			<report>
				<misses>15733001</misses>
				<total>34</total>
				<timestamp>5186.699696</timestamp>
			</report>
			<report>
				<misses>15734001</misses>
				<total>34</total>
				<timestamp>5187.029360</timestamp>
			</report>
			<report>
				<misses>15735001</misses>
				<total>34</total>
				<timestamp>5187.359049</timestamp>
			</report>
			<report>
				<misses>15736001</misses>
				<total>34</total>
				<timestamp>5187.688691</timestamp>
			</report>
			<report>
				<misses>15737001</misses>
				<total>34</total>
				<timestamp>5188.018367</timestamp>
			</report>
			<report>
				<misses>15738001</misses>
				<total>34</total>
				<timestamp>5188.348033</timestamp>
			</report>
			<report>
				<misses>15739001</misses>
				<total>34</total>
				<timestamp>5188.677724</timestamp>
			</report>
			<report>
				<misses>15740001</misses>
				<total>34</total>
				<timestamp>5189.007376</timestamp>
			</report>
			<report>
				<misses>15741001</misses>
				<total>34</total>
				<timestamp>5189.337044</timestamp>
			</report>
			<report>
				<misses>15742001</misses>
				<total>34</total>
				<timestamp>5189.666738</timestamp>
			</report>
			<report>
				<misses>15743001</misses>
				<total>34</total>
				<timestamp>5189.996425</timestamp>
			</report>
			<report>
				<misses>15744001</misses>
				<total>34</total>
				<timestamp>5190.326100</timestamp>
			</report>
			<report>
				<misses>15745001</misses>
				<total>34</total>
				<timestamp>5190.655746</timestamp>
			</report>
			<report>
				<misses>15746001</misses>
				<total>34</total>
				<timestamp>5190.985387</timestamp>
			</report>
			<report>
				<misses>15747001</misses>
				<total>34</total>
				<timestamp>5191.315096</timestamp>
			</report>
			<report>
				<misses>15748001</misses>
				<total>34</total>
				<timestamp>5191.644746</timestamp>
			</report>
			<report>
				<misses>15749001</misses>
				<total>34</total>
				<timestamp>5191.974405</timestamp>
			</report>
			<report>
				<misses>15750001</misses>
				<total>34</total>
				<timestamp>5192.304120</timestamp>
			</report>
			<report>
				<misses>15751001</misses>
				<total>34</total>
				<timestamp>5192.633743</timestamp>
			</report>
			<report>
				<misses>15752001</misses>
				<total>34</total>
				<timestamp>5192.963417</timestamp>
			</report>
			<report>
				<misses>15753001</misses>
				<total>34</total>
				<timestamp>5193.293110</timestamp>
			</report>
			<report>
				<misses>15754001</misses>
				<total>34</total>
				<timestamp>5193.622863</timestamp>
			</report>
			<report>
				<misses>15755001</misses>
				<total>34</total>
				<timestamp>5193.952438</timestamp>
			</report>
			<report>
				<misses>15756001</misses>
				<total>34</total>
				<timestamp>5194.282114</timestamp>
			</report>
			<report>
				<misses>15757001</misses>
				<total>34</total>
				<timestamp>5194.611779</timestamp>
			</report>
			<report>
				<misses>15758001</misses>
				<total>34</total>
				<timestamp>5194.941434</timestamp>
			</report>
			<report>
				<misses>15759001</misses>
				<total>34</total>
				<timestamp>5195.271108</timestamp>
			</report>
			<report>
				<misses>15760001</misses>
				<total>34</total>
				<timestamp>5195.600854</timestamp>
			</report>
			<report>
				<misses>15761001</misses>
				<total>34</total>
				<timestamp>5195.930493</timestamp>
			</report>
			<report>
				<misses>15762001</misses>
				<total>34</total>
				<timestamp>5196.260143</timestamp>
			</report>
			<report>
				<misses>15763001</misses>
				<total>34</total>
				<timestamp>5196.589789</timestamp>
			</report>
			<report>
				<misses>15764001</misses>
				<total>34</total>
				<timestamp>5196.919485</timestamp>
			</report>
			<report>
				<misses>15765001</misses>
				<total>34</total>
				<timestamp>5197.249134</timestamp>
			</report>
			<report>
				<misses>15766001</misses>
				<total>34</total>
				<timestamp>5197.578826</timestamp>
			</report>
			<report>
				<misses>15767001</misses>
				<total>34</total>
				<timestamp>5197.908486</timestamp>
			</report>
			<report>
				<misses>15768001</misses>
				<total>34</total>
				<timestamp>5198.238157</timestamp>
			</report>
			<report>
				<misses>15769001</misses>
				<total>34</total>
				<timestamp>5198.567851</timestamp>
			</report>
			<report>
				<misses>15770001</misses>
				<total>34</total>
				<timestamp>5198.897521</timestamp>
			</report>
			<report>
				<misses>15771001</misses>
				<total>34</total>
				<timestamp>5199.227203</timestamp>
			</report>
			<report>
				<misses>15772001</misses>
				<total>34</total>
				<timestamp>5199.556881</timestamp>
			</report>
			<report>
				<misses>15773001</misses>
				<total>34</total>
				<timestamp>5199.886498</timestamp>
			</report>
			<report>
				<misses>15774001</misses>
				<total>34</total>
				<timestamp>5200.216162</timestamp>
			</report>
			<report>
				<misses>15775001</misses>
				<total>34</total>
				<timestamp>5200.545828</timestamp>
			</report>
			<report>
				<misses>15776001</misses>
				<total>34</total>
				<timestamp>5200.875520</timestamp>
			</report>
			<report>
				<misses>15777001</misses>
				<total>34</total>
				<timestamp>5201.205180</timestamp>
			</report>
			<report>
				<misses>15778001</misses>
				<total>34</total>
				<timestamp>5201.534866</timestamp>
			</report>
			<report>
				<misses>15779001</misses>
				<total>34</total>
				<timestamp>5201.864528</timestamp>
			</report>
			<report>
				<misses>15780001</misses>
				<total>34</total>
				<timestamp>5202.194194</timestamp>
			</report>
			<report>
				<misses>15781001</misses>
				<total>34</total>
				<timestamp>5202.523920</timestamp>
			</report>
			<report>
				<misses>15782001</misses>
				<total>34</total>
				<timestamp>5202.853556</timestamp>
			</report>
			<report>
				<misses>15783001</misses>
				<total>34</total>
				<timestamp>5203.183195</timestamp>
			</report>
			<report>
				<misses>15784001</misses>
				<total>34</total>
				<timestamp>5203.512919</timestamp>
			</report>
			<report>
				<misses>15785001</misses>
				<total>34</total>
				<timestamp>5203.842532</timestamp>
			</report>
			<report>
				<misses>15786001</misses>
				<total>34</total>
				<timestamp>5204.172197</timestamp>
			</report>
			<report>
				<misses>15787001</misses>
				<total>34</total>
				<timestamp>5204.501897</timestamp>
			</report>
			<report>
				<misses>15788001</misses>
				<total>34</total>
				<timestamp>5204.831555</timestamp>
			</report>
			<report>
				<misses>15789001</misses>
				<total>34</total>
				<timestamp>5205.161193</timestamp>
			</report>
			<report>
				<misses>15790001</misses>
				<total>34</total>
				<timestamp>5205.490890</timestamp>
			</report>
			<report>
				<misses>15791001</misses>
				<total>34</total>
				<timestamp>5205.820578</timestamp>
			</report>
			<report>
				<misses>15792001</misses>
				<total>34</total>
				<timestamp>5206.150206</timestamp>
			</report>
			<report>
				<misses>15793001</misses>
				<total>34</total>
				<timestamp>5206.479882</timestamp>
			</report>
			<report>
				<misses>15794001</misses>
				<total>34</total>
				<timestamp>5206.809598</timestamp>
			</report>
			<report>
				<misses>15795001</misses>
				<total>34</total>
				<timestamp>5207.139239</timestamp>
			</report>
			<report>
				<misses>15796001</misses>
				<total>34</total>
				<timestamp>5207.468943</timestamp>
			</report>
			<report>
				<misses>15797001</misses>
				<total>34</total>
				<timestamp>5207.798568</timestamp>
			</report>
			<report>
				<misses>15798001</misses>
				<total>34</total>
				<timestamp>5208.128250</timestamp>
			</report>
			<report>
				<misses>15799001</misses>
				<total>34</total>
				<timestamp>5208.457951</timestamp>
			</report>
			<report>
				<misses>15800001</misses>
				<total>34</total>
				<timestamp>5208.787593</timestamp>
			</report>
			<report>
				<misses>15801001</misses>
				<total>34</total>
				<timestamp>5209.117239</timestamp>
			</report>
			<report>
				<misses>15802001</misses>
				<total>34</total>
				<timestamp>5209.446957</timestamp>
			</report>
			<report>
				<misses>15803001</misses>
				<total>34</total>
				<timestamp>5209.776626</timestamp>
			</report>
			<report>
				<misses>15804001</misses>
				<total>34</total>
				<timestamp>5210.106260</timestamp>
			</report>
			<report>
				<misses>15805001</misses>
				<total>34</total>
				<timestamp>5210.435958</timestamp>
			</report>
			<report>
				<misses>15806001</misses>
				<total>34</total>
				<timestamp>5210.765600</timestamp>
			</report>
			<report>
				<misses>15807001</misses>
				<total>34</total>
				<timestamp>5211.095274</timestamp>
			</report>
			<report>
				<misses>15808001</misses>
				<total>34</total>
				<timestamp>5211.424991</timestamp>
			</report>
			<report>
				<misses>15809001</misses>
				<total>34</total>
				<timestamp>5211.754605</timestamp>
			</report>
			<report>
				<misses>15810001</misses>
				<total>34</total>
				<timestamp>5212.084275</timestamp>
			</report>
			<report>
				<misses>15811001</misses>
				<total>34</total>
				<timestamp>5212.414002</timestamp>
			</report>
			<report>
				<misses>15812001</misses>
				<total>34</total>
				<timestamp>5212.743718</timestamp>
			</report>
			<report>
				<misses>15813001</misses>
				<total>34</total>
				<timestamp>5213.073283</timestamp>
			</report>
			<report>
				<misses>15814001</misses>
				<total>34</total>
				<timestamp>5213.402963</timestamp>
			</report>
			<report>
				<misses>15815001</misses>
				<total>34</total>
				<timestamp>5213.732631</timestamp>
			</report>
			<report>
				<misses>15816001</misses>
				<total>34</total>
				<timestamp>5214.062300</timestamp>
			</report>
			<report>
				<misses>15817001</misses>
				<total>34</total>
				<timestamp>5214.391974</timestamp>
			</report>
			<report>
				<misses>15818001</misses>
				<total>34</total>
				<timestamp>5214.721624</timestamp>
			</report>
			<report>
				<misses>15819001</misses>
				<total>34</total>
				<timestamp>5215.051314</timestamp>
			</report>
			<report>
				<misses>15820001</misses>
				<total>34</total>
				<timestamp>5215.380990</timestamp>
			</report>
			<report>
				<misses>15821001</misses>
				<total>34</total>
				<timestamp>5215.710646</timestamp>
			</report>
			<report>
				<misses>15822001</misses>
				<total>34</total>
				<timestamp>5216.040313</timestamp>
			</report>
			<report>
				<misses>15823001</misses>
				<total>34</total>
				<timestamp>5216.369991</timestamp>
			</report>
			<report>
				<misses>15824001</misses>
				<total>34</total>
				<timestamp>5216.699655</timestamp>
			</report>
			<report>
				<misses>15825001</misses>
				<total>34</total>
				<timestamp>5217.029322</timestamp>
			</report>
			<report>
				<misses>15826001</misses>
				<total>34</total>
				<timestamp>5217.359000</timestamp>
			</report>
			<report>
				<misses>15827001</misses>
				<total>34</total>
				<timestamp>5217.688663</timestamp>
			</report>
			<report>
				<misses>15828001</misses>
				<total>34</total>
				<timestamp>5218.018359</timestamp>
			</report>
			<report>
				<misses>15829001</misses>
				<total>34</total>
				<timestamp>5218.348016</timestamp>
			</report>
			<report>
				<misses>15830001</misses>
				<total>34</total>
				<timestamp>5218.677681</timestamp>
			</report>
			<report>
				<misses>15831001</misses>
				<total>34</total>
				<timestamp>5219.007351</timestamp>
			</report>
			<report>
				<misses>15832001</misses>
				<total>34</total>
				<timestamp>5219.337031</timestamp>
			</report>
			<report>
				<misses>15833001</misses>
				<total>34</total>
				<timestamp>5219.666694</timestamp>
			</report>
			<report>
				<misses>15834001</misses>
				<total>34</total>
				<timestamp>5219.996383</timestamp>
			</report>
			<report>
				<misses>15835001</misses>
				<total>34</total>
				<timestamp>5220.326024</timestamp>
			</report>
			<report>
				<misses>15836001</misses>
				<total>34</total>
				<timestamp>5220.655781</timestamp>
			</report>
			<report>
				<misses>15837001</misses>
				<total>34</total>
				<timestamp>5220.985371</timestamp>
			</report>
			<report>
				<misses>15838001</misses>
				<total>35</total>
				<timestamp>5221.315062</timestamp>
			</report>
			<report>
				<misses>15839001</misses>
				<total>35</total>
				<timestamp>5221.644785</timestamp>
			</report>
			<report>
				<misses>15840001</misses>
				<total>35</total>
				<timestamp>5221.974392</timestamp>
			</report>
			<report>
				<misses>15841001</misses>
				<total>35</total>
				<timestamp>5222.304065</timestamp>
			</report>
			<report>
				<misses>15842001</misses>
				<total>35</total>
				<timestamp>5222.633762</timestamp>
			</report>
			<report>
				<misses>15843001</misses>
				<total>35</total>
				<timestamp>5222.963412</timestamp>
			</report>
			<report>
				<misses>15844001</misses>
				<total>35</total>
				<timestamp>5223.293066</timestamp>
			</report>
			<report>
				<misses>15845001</misses>
				<total>35</total>
				<timestamp>5223.622765</timestamp>
			</report>
			<report>
				<misses>15846001</misses>
				<total>35</total>
				<timestamp>5223.952413</timestamp>
			</report>
			<report>
				<misses>15847001</misses>
				<total>35</total>
				<timestamp>5224.282086</timestamp>
			</report>
			<report>
				<misses>15848001</misses>
				<total>35</total>
				<timestamp>5224.611793</timestamp>
			</report>
			<report>
				<misses>15849001</misses>
				<total>35</total>
				<timestamp>5224.941435</timestamp>
			</report>
			<report>
				<misses>15850001</misses>
				<total>35</total>
				<timestamp>5225.271085</timestamp>
			</report>
			<report>
				<misses>15851001</misses>
				<total>35</total>
				<timestamp>5225.600811</timestamp>
			</report>
			<report>
				<misses>15852001</misses>
				<total>35</total>
				<timestamp>5225.930447</timestamp>
			</report>
			<report>
				<misses>15853001</misses>
				<total>35</total>
				<timestamp>5226.260076</timestamp>
			</report>
			<report>
				<misses>15854001</misses>
				<total>35</total>
				<timestamp>5226.589812</timestamp>
			</report>
			<report>
				<misses>15855001</misses>
				<total>35</total>
				<timestamp>5226.919441</timestamp>
			</report>
			<report>
				<misses>15856001</misses>
				<total>35</total>
				<timestamp>5227.249123</timestamp>
			</report>
			<report>
				<misses>15857001</misses>
				<total>35</total>
				<timestamp>5227.578796</timestamp>
			</report>
			<report>
				<misses>15858001</misses>
				<total>35</total>
				<timestamp>5227.908491</timestamp>
			</report>
			<report>
				<misses>15859001</misses>
				<total>35</total>
				<timestamp>5228.238124</timestamp>
			</report>
			<report>
				<misses>15860001</misses>
				<total>35</total>
				<timestamp>5228.567821</timestamp>
			</report>
			<report>
				<misses>15861001</misses>
				<total>35</total>
				<timestamp>5228.897461</timestamp>
			</report>
			<report>
				<misses>15862001</misses>
				<total>35</total>
				<timestamp>5229.227116</timestamp>
			</report>
			<report>
				<misses>15863001</misses>
				<total>35</total>
				<timestamp>5229.556789</timestamp>
			</report>
			<report>
				<misses>15864001</misses>
				<total>35</total>
				<timestamp>5229.886488</timestamp>
			</report>
			<report>
				<misses>15865001</misses>
				<total>35</total>
				<timestamp>5230.216115</timestamp>
			</report>
			<report>
				<misses>15866001</misses>
				<total>35</total>
				<timestamp>5230.545849</timestamp>
			</report>
			<report>
				<misses>15867001</misses>
				<total>35</total>
				<timestamp>5230.875496</timestamp>
			</report>
			<report>
				<misses>15868001</misses>
				<total>35</total>
				<timestamp>5231.205129</timestamp>
			</report>
			<report>
				<misses>15869001</misses>
				<total>35</total>
				<timestamp>5231.534808</timestamp>
			</report>
			<report>
				<misses>15870001</misses>
				<total>35</total>
				<timestamp>5231.864488</timestamp>
			</report>
			<report>
				<misses>15871001</misses>
				<total>35</total>
				<timestamp>5232.194139</timestamp>
			</report>
			<report>
				<misses>15872001</misses>
				<total>35</total>
				<timestamp>5232.523892</timestamp>
			</report>
			<report>
				<misses>15873001</misses>
				<total>35</total>
				<timestamp>5232.853503</timestamp>
			</report>
			<report>
				<misses>15874001</misses>
				<total>35</total>
				<timestamp>5233.183154</timestamp>
			</report>
			<report>
				<misses>15875001</misses>
				<total>35</total>
				<timestamp>5233.512870</timestamp>
			</report>
			<report>
				<misses>15876001</misses>
				<total>35</total>
				<timestamp>5233.842526</timestamp>
			</report>
			<report>
				<misses>15877001</misses>
				<total>35</total>
				<timestamp>5234.172159</timestamp>
			</report>
			<report>
				<misses>15878001</misses>
				<total>35</total>
				<timestamp>5234.501853</timestamp>
			</report>
			<report>
				<misses>15879001</misses>
				<total>35</total>
				<timestamp>5234.831499</timestamp>
			</report>
			<report>
				<misses>15880001</misses>
				<total>35</total>
				<timestamp>5235.161174</timestamp>
			</report>
			<report>
				<misses>15881001</misses>
				<total>35</total>
				<timestamp>5235.490850</timestamp>
			</report>
			<report>
				<misses>15882001</misses>
				<total>35</total>
				<timestamp>5235.820517</timestamp>
			</report>
			<report>
				<misses>15883001</misses>
				<total>35</total>
				<timestamp>5236.150197</timestamp>
			</report>
			<report>
				<misses>15884001</misses>
				<total>35</total>
				<timestamp>5236.479870</timestamp>
			</report>
			<report>
				<misses>15885001</misses>
				<total>35</total>
				<timestamp>5236.809538</timestamp>
			</report>
			<report>
				<misses>15886001</misses>
				<total>35</total>
				<timestamp>5237.139209</timestamp>
			</report>
			<report>
				<misses>15887001</misses>
				<total>35</total>
				<timestamp>5237.468897</timestamp>
			</report>
			<report>
				<misses>15888001</misses>
				<total>35</total>
				<timestamp>5237.798553</timestamp>
			</report>
			<report>
				<misses>15889001</misses>
				<total>35</total>
				<timestamp>5238.128266</timestamp>
			</report>
			<report>
				<misses>15890001</misses>
				<total>35</total>
				<timestamp>5238.457870</timestamp>
			</report>
			<report>
				<misses>15891001</misses>
				<total>35</total>
				<timestamp>5238.787587</timestamp>
			</report>
			<report>
				<misses>15892001</misses>
				<total>35</total>
				<timestamp>5239.117257</timestamp>
			</report>
			<report>
				<misses>15893001</misses>
				<total>35</total>
				<timestamp>5239.446913</timestamp>
			</report>
			<report>
				<misses>15894001</misses>
				<total>35</total>
				<timestamp>5239.776559</timestamp>
			</report>
			<report>
				<misses>15895001</misses>
				<total>35</total>
				<timestamp>5240.106232</timestamp>
			</report>
			<report>
				<misses>15896001</misses>
				<total>35</total>
				<timestamp>5240.435907</timestamp>
			</report>
			<report>
				<misses>15897001</misses>
				<total>35</total>
				<timestamp>5240.765656</timestamp>
			</report>
			<report>
				<misses>15898001</misses>
				<total>35</total>
				<timestamp>5241.095281</timestamp>
			</report>
			<report>
				<misses>15899001</misses>
				<total>35</total>
				<timestamp>5241.424907</timestamp>
			</report>
			<report>
				<misses>15900001</misses>
				<total>35</total>
				<timestamp>5241.754644</timestamp>
			</report>
			<report>
				<misses>15901001</misses>
				<total>35</total>
				<timestamp>5242.084309</timestamp>
			</report>
			<report>
				<misses>15902001</misses>
				<total>35</total>
				<timestamp>5242.413940</timestamp>
			</report>
			<report>
				<misses>15903001</misses>
				<total>35</total>
				<timestamp>5242.743684</timestamp>
			</report>
			<report>
				<misses>15904001</misses>
				<total>35</total>
				<timestamp>5243.073280</timestamp>
			</report>
			<report>
				<misses>15905001</misses>
				<total>35</total>
				<timestamp>5243.402943</timestamp>
			</report>
			<report>
				<misses>15906001</misses>
				<total>37</total>
				<timestamp>5243.732633</timestamp>
			</report>
			<report>
				<misses>15907001</misses>
				<total>37</total>
				<timestamp>5244.062303</timestamp>
			</report>
			<report>
				<misses>15908001</misses>
				<total>37</total>
				<timestamp>5244.391969</timestamp>
			</report>
			<report>
				<misses>15909001</misses>
				<total>37</total>
				<timestamp>5244.721618</timestamp>
			</report>
			<report>
				<misses>15910001</misses>
				<total>37</total>
				<timestamp>5245.051305</timestamp>
			</report>
			<report>
				<misses>15911001</misses>
				<total>37</total>
				<timestamp>5245.380942</timestamp>
			</report>
			<report>
				<misses>15912001</misses>
				<total>37</total>
				<timestamp>5245.710653</timestamp>
			</report>
			<report>
				<misses>15913001</misses>
				<total>37</total>
				<timestamp>5246.040307</timestamp>
			</report>
			<report>
				<misses>15914001</misses>
				<total>37</total>
				<timestamp>5246.369965</timestamp>
			</report>
			<report>
				<misses>15915001</misses>
				<total>37</total>
				<timestamp>5246.699674</timestamp>
			</report>
			<report>
				<misses>15916001</misses>
				<total>37</total>
				<timestamp>5247.029326</timestamp>
			</report>
			<report>
				<misses>15917001</misses>
				<total>37</total>
				<timestamp>5247.358977</timestamp>
			</report>
			<report>
				<misses>15918001</misses>
				<total>37</total>
				<timestamp>5247.688676</timestamp>
			</report>
			<report>
				<misses>15919001</misses>
				<total>37</total>
				<timestamp>5248.018356</timestamp>
			</report>
			<report>
				<misses>15920001</misses>
				<total>37</total>
				<timestamp>5248.347999</timestamp>
			</report>
			<report>
				<misses>15921001</misses>
				<total>37</total>
				<timestamp>5248.677676</timestamp>
			</report>
			<report>
				<misses>15922001</misses>
				<total>37</total>
				<timestamp>5249.007327</timestamp>
			</report>
			<report>
				<misses>15923001</misses>
				<total>37</total>
				<timestamp>5249.336980</timestamp>
			</report>
			<report>
				<misses>15924001</misses>
				<total>37</total>
				<timestamp>5249.666689</timestamp>
			</report>
			<report>
				<misses>15925001</misses>
				<total>37</total>
				<timestamp>5249.996337</timestamp>
			</report>
			<report>
				<misses>15926001</misses>
				<total>37</total>
				<timestamp>5250.325989</timestamp>
			</report>
			<report>
				<misses>15927001</misses>
				<total>37</total>
				<timestamp>5250.655697</timestamp>
			</report>
			<report>
				<misses>15928001</misses>
				<total>37</total>
				<timestamp>5250.985366</timestamp>
			</report>
			<report>
				<misses>15929001</misses>
				<total>37</total>
				<timestamp>5251.315023</timestamp>
			</report>
			<report>
				<misses>15930001</misses>
				<total>37</total>
				<timestamp>5251.644687</timestamp>
			</report>
			<report>
				<misses>15931001</misses>
				<total>37</total>
				<timestamp>5251.974388</timestamp>
			</report>
			<report>
				<misses>15932001</misses>
				<total>37</total>
				<timestamp>5252.304014</timestamp>
			</report>
			<report>
				<misses>15933001</misses>
				<total>37</total>
				<timestamp>5252.633770</timestamp>
			</report>
			<report>
				<misses>15934001</misses>
				<total>37</total>
				<timestamp>5252.963363</timestamp>
			</report>
			<report>
				<misses>15935001</misses>
				<total>37</total>
				<timestamp>5253.293028</timestamp>
			</report>
			<report>
				<misses>15936001</misses>
				<total>37</total>
				<timestamp>5253.622725</timestamp>
			</report>
			<report>
				<misses>15937001</misses>
				<total>37</total>
				<timestamp>5253.952361</timestamp>
			</report>
			<report>
				<misses>15938001</misses>
				<total>37</total>
				<timestamp>5254.282059</timestamp>
			</report>
			<report>
				<misses>15939001</misses>
				<total>37</total>
				<timestamp>5254.611752</timestamp>
			</report>
			<report>
				<misses>15940001</misses>
				<total>37</total>
				<timestamp>5254.941383</timestamp>
			</report>
			<report>
				<misses>15941001</misses>
				<total>37</total>
				<timestamp>5255.271047</timestamp>
			</report>
			<report>
				<misses>15942001</misses>
				<total>37</total>
				<timestamp>5255.600756</timestamp>
			</report>
			<report>
				<misses>15943001</misses>
				<total>37</total>
				<timestamp>5255.930397</timestamp>
			</report>
			<report>
				<misses>15944001</misses>
				<total>37</total>
				<timestamp>5256.260084</timestamp>
			</report>
			<report>
				<misses>15945001</misses>
				<total>37</total>
				<timestamp>5256.589787</timestamp>
			</report>
			<report>
				<misses>15946001</misses>
				<total>37</total>
				<timestamp>5256.919399</timestamp>
			</report>
			<report>
				<misses>15947001</misses>
				<total>37</total>
				<timestamp>5257.249082</timestamp>
			</report>
			<report>
				<misses>15948001</misses>
				<total>37</total>
				<timestamp>5257.578793</timestamp>
			</report>
			<report>
				<misses>15949001</misses>
				<total>37</total>
				<timestamp>5257.908416</timestamp>
			</report>
			<report>
				<misses>15950001</misses>
				<total>37</total>
				<timestamp>5258.238090</timestamp>
			</report>
			<report>
				<misses>15951001</misses>
				<total>37</total>
				<timestamp>5258.567746</timestamp>
			</report>
			<report>
				<misses>15952001</misses>
				<total>37</total>
				<timestamp>5258.897424</timestamp>
			</report>
			<report>
				<misses>15953001</misses>
				<total>37</total>
				<timestamp>5259.227105</timestamp>
			</report>
			<report>
				<misses>15954001</misses>
				<total>37</total>
				<timestamp>5259.556798</timestamp>
			</report>
			<report>
				<misses>15955001</misses>
				<total>37</total>
				<timestamp>5259.886444</timestamp>
			</report>
			<report>
				<misses>15956001</misses>
				<total>37</total>
				<timestamp>5260.216124</timestamp>
			</report>
			<report>
				<misses>15957001</misses>
				<total>37</total>
				<timestamp>5260.545766</timestamp>
			</report>
			<report>
				<misses>15958001</misses>
				<total>37</total>
				<timestamp>5260.875437</timestamp>
			</report>
			<report>
				<misses>15959001</misses>
				<total>37</total>
				<timestamp>5261.205139</timestamp>
			</report>
			<report>
				<misses>15960001</misses>
				<total>37</total>
				<timestamp>5261.534775</timestamp>
			</report>
			<report>
				<misses>15961001</misses>
				<total>37</total>
				<timestamp>5261.864456</timestamp>
			</report>
			<report>
				<misses>15962001</misses>
				<total>37</total>
				<timestamp>5262.194162</timestamp>
			</report>
			<report>
				<misses>15963001</misses>
				<total>37</total>
				<timestamp>5262.523831</timestamp>
			</report>
			<report>
				<misses>15964001</misses>
				<total>37</total>
				<timestamp>5262.853478</timestamp>
			</report>
			<report>
				<misses>15965001</misses>
				<total>37</total>
				<timestamp>5263.183148</timestamp>
			</report>
			<report>
				<misses>15966001</misses>
				<total>37</total>
				<timestamp>5263.512802</timestamp>
			</report>
			<report>
				<misses>15967001</misses>
				<total>37</total>
				<timestamp>5263.842466</timestamp>
			</report>
			<report>
				<misses>15968001</misses>
				<total>37</total>
				<timestamp>5264.172158</timestamp>
			</report>
			<report>
				<misses>15969001</misses>
				<total>37</total>
				<timestamp>5264.501824</timestamp>
			</report>
			<report>
				<misses>15970001</misses>
				<total>37</total>
				<timestamp>5264.831493</timestamp>
			</report>
			<report>
				<misses>15971001</misses>
				<total>37</total>
				<timestamp>5265.161179</timestamp>
			</report>
			<report>
				<misses>15972001</misses>
				<total>37</total>
				<timestamp>5265.490862</timestamp>
			</report>
			<report>
				<misses>15973001</misses>
				<total>37</total>
				<timestamp>5265.820553</timestamp>
			</report>
			<report>
				<misses>15974001</misses>
				<total>37</total>
				<timestamp>5266.150159</timestamp>
			</report>
			<report>
				<misses>15975001</misses>
				<total>37</total>
				<timestamp>5266.479825</timestamp>
			</report>
			<report>
				<misses>15976001</misses>
				<total>37</total>
				<timestamp>5266.809575</timestamp>
			</report>
			<report>
				<misses>15977001</misses>
				<total>37</total>
				<timestamp>5267.139163</timestamp>
			</report>
			<report>
				<misses>15978001</misses>
				<total>37</total>
				<timestamp>5267.468836</timestamp>
			</report>
			<report>
				<misses>15979001</misses>
				<total>37</total>
				<timestamp>5267.798572</timestamp>
			</report>
			<report>
				<misses>15980001</misses>
				<total>37</total>
				<timestamp>5268.128178</timestamp>
			</report>
			<report>
				<misses>15981001</misses>
				<total>37</total>
				<timestamp>5268.457858</timestamp>
			</report>
			<report>
				<misses>15982001</misses>
				<total>37</total>
				<timestamp>5268.787579</timestamp>
			</report>
			<report>
				<misses>15983001</misses>
				<total>37</total>
				<timestamp>5269.117183</timestamp>
			</report>
			<report>
				<misses>15984001</misses>
				<total>37</total>
				<timestamp>5269.446863</timestamp>
			</report>
			<report>
				<misses>15985001</misses>
				<total>37</total>
				<timestamp>5269.776573</timestamp>
			</report>
			<report>
				<misses>15986001</misses>
				<total>37</total>
				<timestamp>5270.106217</timestamp>
			</report>
			<report>
				<misses>15987001</misses>
				<total>37</total>
				<timestamp>5270.435883</timestamp>
			</report>
			<report>
				<misses>15988001</misses>
				<total>37</total>
				<timestamp>5270.765527</timestamp>
			</report>
			<report>
				<misses>15989001</misses>
				<total>37</total>
				<timestamp>5271.095232</timestamp>
			</report>
			<report>
				<misses>15990001</misses>
				<total>37</total>
				<timestamp>5271.424867</timestamp>
			</report>
			<report>
				<misses>15991001</misses>
				<total>37</total>
				<timestamp>5271.754576</timestamp>
			</report>
			<report>
				<misses>15992001</misses>
				<total>37</total>
				<timestamp>5272.084250</timestamp>
			</report>
			<report>
				<misses>15993001</misses>
				<total>37</total>
				<timestamp>5272.413896</timestamp>
			</report>
			<report>
				<misses>15994001</misses>
				<total>37</total>
				<timestamp>5272.743612</timestamp>
			</report>
			<report>
				<misses>15995001</misses>
				<total>37</total>
				<timestamp>5273.073278</timestamp>
			</report>
			<report>
				<misses>15996001</misses>
				<total>37</total>
				<timestamp>5273.402897</timestamp>
			</report>
			<report>
				<misses>15997001</misses>
				<total>37</total>
				<timestamp>5273.732587</timestamp>
			</report>
			<report>
				<misses>15998001</misses>
				<total>37</total>
				<timestamp>5274.062258</timestamp>
			</report>
			<report>
				<misses>15999001</misses>
				<total>37</total>
				<timestamp>5274.391916</timestamp>
			</report>
			<report>
				<misses>16000001</misses>
				<total>37</total>
				<timestamp>5274.721627</timestamp>
			</report>
			<report>
				<misses>16001001</misses>
				<total>37</total>
				<timestamp>5275.051254</timestamp>
			</report>
			<report>
				<misses>16002001</misses>
				<total>37</total>
				<timestamp>5275.380923</timestamp>
			</report>
			<report>
				<misses>16003001</misses>
				<total>37</total>
				<timestamp>5275.710620</timestamp>
			</report>
			<report>
				<misses>16004001</misses>
				<total>37</total>
				<timestamp>5276.040289</timestamp>
			</report>
			<report>
				<misses>16005001</misses>
				<total>37</total>
				<timestamp>5276.369933</timestamp>
			</report>
			<report>
				<misses>16006001</misses>
				<total>37</total>
				<timestamp>5276.699695</timestamp>
			</report>
			<report>
				<misses>16007001</misses>
				<total>37</total>
				<timestamp>5277.029279</timestamp>
			</report>
			<report>
				<misses>16008001</misses>
				<total>37</total>
				<timestamp>5277.358938</timestamp>
			</report>
			<report>
				<misses>16009001</misses>
				<total>37</total>
				<timestamp>5277.688614</timestamp>
			</report>
			<report>
				<misses>16010001</misses>
				<total>37</total>
				<timestamp>5278.018275</timestamp>
			</report>
			<report>
				<misses>16011001</misses>
				<total>37</total>
				<timestamp>5278.347940</timestamp>
			</report>
			<report>
				<misses>16012001</misses>
				<total>37</total>
				<timestamp>5278.677660</timestamp>
			</report>
			<report>
				<misses>16013001</misses>
				<total>37</total>
				<timestamp>5279.007292</timestamp>
			</report>
			<report>
				<misses>16014001</misses>
				<total>37</total>
				<timestamp>5279.336966</timestamp>
			</report>
			<report>
				<misses>16015001</misses>
				<total>37</total>
				<timestamp>5279.666672</timestamp>
			</report>
			<report>
				<misses>16016001</misses>
				<total>37</total>
				<timestamp>5279.996296</timestamp>
			</report>
			<report>
				<misses>16017001</misses>
				<total>37</total>
				<timestamp>5280.325982</timestamp>
			</report>
			<report>
				<misses>16018001</misses>
				<total>37</total>
				<timestamp>5280.655658</timestamp>
			</report>
			<report>
				<misses>16019001</misses>
				<total>37</total>
				<timestamp>5280.985324</timestamp>
			</report>
			<report>
				<misses>16020001</misses>
				<total>37</total>
				<timestamp>5281.314990</timestamp>
			</report>
			<report>
				<misses>16021001</misses>
				<total>37</total>
				<timestamp>5281.644716</timestamp>
			</report>
			<report>
				<misses>16022001</misses>
				<total>37</total>
				<timestamp>5281.974323</timestamp>
			</report>
			<report>
				<misses>16023001</misses>
				<total>37</total>
				<timestamp>5282.304022</timestamp>
			</report>
			<report>
				<misses>16024001</misses>
				<total>37</total>
				<timestamp>5282.633663</timestamp>
			</report>
			<report>
				<misses>16025001</misses>
				<total>37</total>
				<timestamp>5282.963335</timestamp>
			</report>
			<report>
				<misses>16026001</misses>
				<total>37</total>
				<timestamp>5283.293063</timestamp>
			</report>
			<report>
				<misses>16027001</misses>
				<total>37</total>
				<timestamp>5283.622671</timestamp>
			</report>
			<report>
				<misses>16028001</misses>
				<total>37</total>
				<timestamp>5283.952350</timestamp>
			</report>
			<report>
				<misses>16029001</misses>
				<total>37</total>
				<timestamp>5284.282067</timestamp>
			</report>
			<report>
				<misses>16030001</misses>
				<total>37</total>
				<timestamp>5284.611702</timestamp>
			</report>
			<report>
				<misses>16031001</misses>
				<total>37</total>
				<timestamp>5284.941348</timestamp>
			</report>
			<report>
				<misses>16032001</misses>
				<total>37</total>
				<timestamp>5285.271072</timestamp>
			</report>
			<report>
				<misses>16033001</misses>
				<total>37</total>
				<timestamp>5285.600682</timestamp>
			</report>
			<report>
				<misses>16034001</misses>
				<total>37</total>
				<timestamp>5285.930348</timestamp>
			</report>
			<report>
				<misses>16035001</misses>
				<total>37</total>
				<timestamp>5286.260033</timestamp>
			</report>
			<report>
				<misses>16036001</misses>
				<total>37</total>
				<timestamp>5286.589714</timestamp>
			</report>
			<report>
				<misses>16037001</misses>
				<total>37</total>
				<timestamp>5286.919481</timestamp>
			</report>
			<report>
				<misses>16038001</misses>
				<total>37</total>
				<timestamp>5287.249044</timestamp>
			</report>
			<report>
				<misses>16039001</misses>
				<total>37</total>
				<timestamp>5287.578704</timestamp>
			</report>
			<report>
				<misses>16040001</misses>
				<total>37</total>
				<timestamp>5287.908368</timestamp>
			</report>
			<report>
				<misses>16041001</misses>
				<total>37</total>
				<timestamp>5288.238064</timestamp>
			</report>
			<report>
				<misses>16042001</misses>
				<total>37</total>
				<timestamp>5288.567702</timestamp>
			</report>
			<report>
				<misses>16043001</misses>
				<total>37</total>
				<timestamp>5288.897391</timestamp>
			</report>
			<report>
				<misses>16044001</misses>
				<total>37</total>
				<timestamp>5289.227080</timestamp>
			</report>
			<report>
				<misses>16045001</misses>
				<total>37</total>
				<timestamp>5289.556729</timestamp>
			</report>
			<report>
				<misses>16046001</misses>
				<total>37</total>
				<timestamp>5289.886393</timestamp>
			</report>
			<report>
				<misses>16047001</misses>
				<total>37</total>
				<timestamp>5290.216101</timestamp>
			</report>
			<report>
				<misses>16048001</misses>
				<total>37</total>
				<timestamp>5290.545733</timestamp>
			</report>
			<report>
				<misses>16049001</misses>
				<total>37</total>
				<timestamp>5290.875481</timestamp>
			</report>
			<report>
				<misses>16050001</misses>
				<total>37</total>
				<timestamp>5291.205136</timestamp>
			</report>
			<report>
				<misses>16051001</misses>
				<total>37</total>
				<timestamp>5291.534757</timestamp>
			</report>
			<report>
				<misses>16052001</misses>
				<total>37</total>
				<timestamp>5291.864458</timestamp>
			</report>
			<report>
				<misses>16053001</misses>
				<total>37</total>
				<timestamp>5292.194120</timestamp>
			</report>
			<report>
				<misses>16054001</misses>
				<total>37</total>
				<timestamp>5292.523779</timestamp>
			</report>
			<report>
				<misses>16055001</misses>
				<total>37</total>
				<timestamp>5292.853460</timestamp>
			</report>
			<report>
				<misses>16056001</misses>
				<total>37</total>
				<timestamp>5293.183120</timestamp>
			</report>
			<report>
				<misses>16057001</misses>
				<total>37</total>
				<timestamp>5293.512764</timestamp>
			</report>
			<report>
				<misses>16058001</misses>
				<total>37</total>
				<timestamp>5293.842464</timestamp>
			</report>
			<report>
				<misses>16059001</misses>
				<total>37</total>
				<timestamp>5294.172122</timestamp>
			</report>
			<report>
				<misses>16060001</misses>
				<total>37</total>
				<timestamp>5294.501790</timestamp>
			</report>
			<report>
				<misses>16061001</misses>
				<total>37</total>
				<timestamp>5294.831479</timestamp>
			</report>
			<report>
				<misses>16062001</misses>
				<total>37</total>
				<timestamp>5295.161126</timestamp>
			</report>
			<report>
				<misses>16063001</misses>
				<total>37</total>
				<timestamp>5295.490789</timestamp>
			</report>
			<report>
				<misses>16064001</misses>
				<total>37</total>
				<timestamp>5295.820533</timestamp>
			</report>
			<report>
				<misses>16065001</misses>
				<total>37</total>
				<timestamp>5296.150134</timestamp>
			</report>
			<report>
				<misses>16066001</misses>
				<total>37</total>
				<timestamp>5296.479818</timestamp>
			</report>
			<report>
				<misses>16067001</misses>
				<total>37</total>
				<timestamp>5296.809528</timestamp>
			</report>
			<report>
				<misses>16068001</misses>
				<total>37</total>
				<timestamp>5297.139159</timestamp>
			</report>
			<report>
				<misses>16069001</misses>
				<total>37</total>
				<timestamp>5297.468815</timestamp>
			</report>
			<report>
				<misses>16070001</misses>
				<total>37</total>
				<timestamp>5297.798515</timestamp>
			</report>
			<report>
				<misses>16071001</misses>
				<total>37</total>
				<timestamp>5298.128157</timestamp>
			</report>
			<report>
				<misses>16072001</misses>
				<total>37</total>
				<timestamp>5298.457839</timestamp>
			</report>
			<report>
				<misses>16073001</misses>
				<total>37</total>
				<timestamp>5298.787575</timestamp>
			</report>
			<report>
				<misses>16074001</misses>
				<total>37</total>
				<timestamp>5299.117176</timestamp>
			</report>
			<report>
				<misses>16075001</misses>
				<total>37</total>
				<timestamp>5299.446836</timestamp>
			</report>
			<report>
				<misses>16076001</misses>
				<total>37</total>
				<timestamp>5299.776543</timestamp>
			</report>
			<report>
				<misses>16077001</misses>
				<total>37</total>
				<timestamp>5300.106168</timestamp>
			</report>
			<report>
				<misses>16078001</misses>
				<total>37</total>
				<timestamp>5300.435913</timestamp>
			</report>
			<report>
				<misses>16079001</misses>
				<total>37</total>
				<timestamp>5300.765520</timestamp>
			</report>
			<report>
				<misses>16080001</misses>
				<total>37</total>
				<timestamp>5301.095182</timestamp>
			</report>
			<report>
				<misses>16081001</misses>
				<total>37</total>
				<timestamp>5301.424839</timestamp>
			</report>
			<report>
				<misses>16082001</misses>
				<total>37</total>
				<timestamp>5301.754590</timestamp>
			</report>
			<report>
				<misses>16083001</misses>
				<total>37</total>
				<timestamp>5302.084213</timestamp>
			</report>
			<report>
				<misses>16084001</misses>
				<total>37</total>
				<timestamp>5302.413879</timestamp>
			</report>
			<report>
				<misses>16085001</misses>
				<total>37</total>
				<timestamp>5302.743525</timestamp>
			</report>
			<report>
				<misses>16086001</misses>
				<total>37</total>
				<timestamp>5303.073192</timestamp>
			</report>
			<report>
				<misses>16087001</misses>
				<total>37</total>
				<timestamp>5303.402870</timestamp>
			</report>
			<report>
				<misses>16088001</misses>
				<total>37</total>
				<timestamp>5303.732602</timestamp>
			</report>
			<report>
				<misses>16089001</misses>
				<total>37</total>
				<timestamp>5304.062210</timestamp>
			</report>
			<report>
				<misses>16090001</misses>
				<total>37</total>
				<timestamp>5304.391945</timestamp>
			</report>
			<report>
				<misses>16091001</misses>
				<total>37</total>
				<timestamp>5304.721600</timestamp>
			</report>
			<report>
				<misses>16092001</misses>
				<total>37</total>
				<timestamp>5305.051216</timestamp>
			</report>
			<report>
				<misses>16093001</misses>
				<total>37</total>
				<timestamp>5305.380906</timestamp>
			</report>
			<report>
				<misses>16094001</misses>
				<total>37</total>
				<timestamp>5305.710551</timestamp>
			</report>
			<report>
				<misses>16095001</misses>
				<total>37</total>
				<timestamp>5306.040278</timestamp>
			</report>
			<report>
				<misses>16096001</misses>
				<total>37</total>
				<timestamp>5306.369902</timestamp>
			</report>
			<report>
				<misses>16097001</misses>
				<total>37</total>
				<timestamp>5306.699579</timestamp>
			</report>
			<report>
				<misses>16098001</misses>
				<total>37</total>
				<timestamp>5307.029233</timestamp>
			</report>
			<report>
				<misses>16099001</misses>
				<total>37</total>
				<timestamp>5307.358936</timestamp>
			</report>
			<report>
				<misses>16100001</misses>
				<total>37</total>
				<timestamp>5307.688591</timestamp>
			</report>
			<report>
				<misses>16101001</misses>
				<total>37</total>
				<timestamp>5308.018265</timestamp>
			</report>
			<report>
				<misses>16102001</misses>
				<total>37</total>
				<timestamp>5308.347919</timestamp>
			</report>
			<report>
				<misses>16103001</misses>
				<total>37</total>
				<timestamp>5308.677588</timestamp>
			</report>
			<report>
				<misses>16104001</misses>
				<total>37</total>
				<timestamp>5309.007263</timestamp>
			</report>
			<report>
				<misses>16105001</misses>
				<total>37</total>
				<timestamp>5309.336931</timestamp>
			</report>
			<report>
				<misses>16106001</misses>
				<total>37</total>
				<timestamp>5309.666607</timestamp>
			</report>
			<report>
				<misses>16107001</misses>
				<total>37</total>
				<timestamp>5309.996277</timestamp>
			</report>
			<report>
				<misses>16108001</misses>
				<total>37</total>
				<timestamp>5310.325946</timestamp>
			</report>
			<report>
				<misses>16109001</misses>
				<total>37</total>
				<timestamp>5310.655598</timestamp>
			</report>
			<report>
				<misses>16110001</misses>
				<total>37</total>
				<timestamp>5310.985288</timestamp>
			</report>
			<report>
				<misses>16111001</misses>
				<total>37</total>
				<timestamp>5311.314970</timestamp>
			</report>
			<report>
				<misses>16112001</misses>
				<total>37</total>
				<timestamp>5311.644623</timestamp>
			</report>
			<report>
				<misses>16113001</misses>
				<total>37</total>
				<timestamp>5311.974331</timestamp>
			</report>
			<report>
				<misses>16114001</misses>
				<total>37</total>
				<timestamp>5312.303983</timestamp>
			</report>
			<report>
				<misses>16115001</misses>
				<total>37</total>
				<timestamp>5312.633650</timestamp>
			</report>
			<report>
				<misses>16116001</misses>
				<total>37</total>
				<timestamp>5312.963293</timestamp>
			</report>
			<report>
				<misses>16117001</misses>
				<total>37</total>
				<timestamp>5313.293005</timestamp>
			</report>
			<report>
				<misses>16118001</misses>
				<total>37</total>
				<timestamp>5313.622632</timestamp>
			</report>
			<report>
				<misses>16119001</misses>
				<total>37</total>
				<timestamp>5313.952303</timestamp>
			</report>
			<report>
				<misses>16120001</misses>
				<total>37</total>
				<timestamp>5314.282017</timestamp>
			</report>
			<report>
				<misses>16121001</misses>
				<total>37</total>
				<timestamp>5314.611640</timestamp>
			</report>
			<report>
				<misses>16122001</misses>
				<total>37</total>
				<timestamp>5314.941334</timestamp>
			</report>
			<report>
				<misses>16123001</misses>
				<total>37</total>
				<timestamp>5315.271004</timestamp>
			</report>
			<report>
				<misses>16124001</misses>
				<total>37</total>
				<timestamp>5315.600658</timestamp>
			</report>
			<report>
				<misses>16125001</misses>
				<total>37</total>
				<timestamp>5315.930391</timestamp>
			</report>
			<report>
				<misses>16126001</misses>
				<total>37</total>
				<timestamp>5316.260004</timestamp>
			</report>
			<report>
				<misses>16127001</misses>
				<total>37</total>
				<timestamp>5316.589733</timestamp>
			</report>
			<report>
				<misses>16128001</misses>
				<total>37</total>
				<timestamp>5316.919338</timestamp>
			</report>
			<report>
				<misses>16129001</misses>
				<total>37</total>
				<timestamp>5317.249021</timestamp>
			</report>
			<report>
				<misses>16130001</misses>
				<total>37</total>
				<timestamp>5317.578670</timestamp>
			</report>
			<report>
				<misses>16131001</misses>
				<total>37</total>
				<timestamp>5317.908390</timestamp>
			</report>
			<report>
				<misses>16132001</misses>
				<total>37</total>
				<timestamp>5318.238017</timestamp>
			</report>
			<report>
				<misses>16133001</misses>
				<total>37</total>
				<timestamp>5318.567686</timestamp>
			</report>
			<report>
				<misses>16134001</misses>
				<total>37</total>
				<timestamp>5318.897370</timestamp>
			</report>
			<report>
				<misses>16135001</misses>
				<total>37</total>
				<timestamp>5319.227030</timestamp>
			</report>
			<report>
				<misses>16136001</misses>
				<total>37</total>
				<timestamp>5319.556699</timestamp>
			</report>
			<report>
				<misses>16137001</misses>
				<total>37</total>
				<timestamp>5319.886362</timestamp>
			</report>
			<report>
				<misses>16138001</misses>
				<total>37</total>
				<timestamp>5320.216052</timestamp>
			</report>
			<report>
				<misses>16139001</misses>
				<total>37</total>
				<timestamp>5320.545711</timestamp>
			</report>
			<report>
				<misses>16140001</misses>
				<total>37</total>
				<timestamp>5320.875372</timestamp>
			</report>
			<report>
				<misses>16141001</misses>
				<total>37</total>
				<timestamp>5321.205106</timestamp>
			</report>
			<report>
				<misses>16142001</misses>
				<total>37</total>
				<timestamp>5321.534737</timestamp>
			</report>
			<report>
				<misses>16143001</misses>
				<total>37</total>
				<timestamp>5321.864406</timestamp>
			</report>
			<report>
				<misses>16144001</misses>
				<total>37</total>
				<timestamp>5322.194059</timestamp>
			</report>
			<report>
				<misses>16145001</misses>
				<total>37</total>
				<timestamp>5322.523751</timestamp>
			</report>
			<report>
				<misses>16146001</misses>
				<total>37</total>
				<timestamp>5322.853398</timestamp>
			</report>
			<report>
				<misses>16147001</misses>
				<total>37</total>
				<timestamp>5323.183089</timestamp>
			</report>
			<report>
				<misses>16148001</misses>
				<total>37</total>
				<timestamp>5323.512740</timestamp>
			</report>
			<report>
				<misses>16149001</misses>
				<total>37</total>
				<timestamp>5323.842457</timestamp>
			</report>
			<report>
				<misses>16150001</misses>
				<total>37</total>
				<timestamp>5324.172094</timestamp>
			</report>
			<report>
				<misses>16151001</misses>
				<total>37</total>
				<timestamp>5324.501841</timestamp>
			</report>
			<report>
				<misses>16152001</misses>
				<total>37</total>
				<timestamp>5324.831494</timestamp>
			</report>
			<report>
				<misses>16153001</misses>
				<total>37</total>
				<timestamp>5325.161093</timestamp>
			</report>
			<report>
				<misses>16154001</misses>
				<total>37</total>
				<timestamp>5325.490777</timestamp>
			</report>
			<report>
				<misses>16155001</misses>
				<total>37</total>
				<timestamp>5325.820458</timestamp>
			</report>
			<report>
				<misses>16156001</misses>
				<total>37</total>
				<timestamp>5326.150094</timestamp>
			</report>
			<report>
				<misses>16157001</misses>
				<total>37</total>
				<timestamp>5326.479801</timestamp>
			</report>
			<report>
				<misses>16158001</misses>
				<total>37</total>
				<timestamp>5326.809478</timestamp>
			</report>
			<report>
				<misses>16159001</misses>
				<total>37</total>
				<timestamp>5327.139110</timestamp>
			</report>
			<report>
				<misses>16160001</misses>
				<total>37</total>
				<timestamp>5327.468785</timestamp>
			</report>
			<report>
				<misses>16161001</misses>
				<total>37</total>
				<timestamp>5327.798482</timestamp>
			</report>
			<report>
				<misses>16162001</misses>
				<total>37</total>
				<timestamp>5328.128131</timestamp>
			</report>
			<report>
				<misses>16163001</misses>
				<total>37</total>
				<timestamp>5328.457800</timestamp>
			</report>
			<report>
				<misses>16164001</misses>
				<total>37</total>
				<timestamp>5328.787471</timestamp>
			</report>
			<report>
				<misses>16165001</misses>
				<total>37</total>
				<timestamp>5329.117150</timestamp>
			</report>
			<report>
				<misses>16166001</misses>
				<total>37</total>
				<timestamp>5329.446819</timestamp>
			</report>
			<report>
				<misses>16167001</misses>
				<total>37</total>
				<timestamp>5329.776464</timestamp>
			</report>
			<report>
				<misses>16168001</misses>
				<total>37</total>
				<timestamp>5330.106180</timestamp>
			</report>
			<report>
				<misses>16169001</misses>
				<total>37</total>
				<timestamp>5330.435830</timestamp>
			</report>
			<report>
				<misses>16170001</misses>
				<total>37</total>
				<timestamp>5330.765472</timestamp>
			</report>
			<report>
				<misses>16171001</misses>
				<total>37</total>
				<timestamp>5331.095157</timestamp>
			</report>
			<report>
				<misses>16172001</misses>
				<total>37</total>
				<timestamp>5331.424813</timestamp>
			</report>
			<report>
				<misses>16173001</misses>
				<total>37</total>
				<timestamp>5331.754506</timestamp>
			</report>
			<report>
				<misses>16174001</misses>
				<total>37</total>
				<timestamp>5332.084183</timestamp>
			</report>
			<report>
				<misses>16175001</misses>
				<total>37</total>
				<timestamp>5332.413862</timestamp>
			</report>
			<report>
				<misses>16176001</misses>
				<total>37</total>
				<timestamp>5332.743541</timestamp>
			</report>
			<report>
				<misses>16177001</misses>
				<total>37</total>
				<timestamp>5333.073179</timestamp>
			</report>
			<report>
				<misses>16178001</misses>
				<total>37</total>
				<timestamp>5333.402848</timestamp>
			</report>
			<report>
				<misses>16179001</misses>
				<total>37</total>
				<timestamp>5333.732509</timestamp>
			</report>
			<report>
				<misses>16180001</misses>
				<total>37</total>
				<timestamp>5334.062224</timestamp>
			</report>
			<report>
				<misses>16181001</misses>
				<total>37</total>
				<timestamp>5334.391859</timestamp>
			</report>
			<report>
				<misses>16182001</misses>
				<total>37</total>
				<timestamp>5334.721541</timestamp>
			</report>
			<report>
				<misses>16183001</misses>
				<total>37</total>
				<timestamp>5335.051256</timestamp>
			</report>
			<report>
				<misses>16184001</misses>
				<total>37</total>
				<timestamp>5335.380877</timestamp>
			</report>
			<report>
				<misses>16185001</misses>
				<total>37</total>
				<timestamp>5335.710520</timestamp>
			</report>
			<report>
				<misses>16186001</misses>
				<total>37</total>
				<timestamp>5336.040233</timestamp>
			</report>
			<report>
				<misses>16187001</misses>
				<total>37</total>
				<timestamp>5336.369873</timestamp>
			</report>
			<report>
				<misses>16188001</misses>
				<total>37</total>
				<timestamp>5336.699536</timestamp>
			</report>
			<report>
				<misses>16189001</misses>
				<total>37</total>
				<timestamp>5337.029204</timestamp>
			</report>
			<report>
				<misses>16190001</misses>
				<total>37</total>
				<timestamp>5337.358889</timestamp>
			</report>
			<report>
				<misses>16191001</misses>
				<total>37</total>
				<timestamp>5337.688550</timestamp>
			</report>
			<report>
				<misses>16192001</misses>
				<total>37</total>
				<timestamp>5338.018311</timestamp>
			</report>
			<report>
				<misses>16193001</misses>
				<total>37</total>
				<timestamp>5338.347902</timestamp>
			</report>
			<report>
				<misses>16194001</misses>
				<total>37</total>
				<timestamp>5338.677558</timestamp>
			</report>
			<report>
				<misses>16195001</misses>
				<total>37</total>
				<timestamp>5339.007275</timestamp>
			</report>
			<report>
				<misses>16196001</misses>
				<total>37</total>
				<timestamp>5339.336893</timestamp>
			</report>
			<report>
				<misses>16197001</misses>
				<total>37</total>
				<timestamp>5339.666582</timestamp>
			</report>
			<report>
				<misses>16198001</misses>
				<total>37</total>
				<timestamp>5339.996272</timestamp>
			</report>
			<report>
				<misses>16199001</misses>
				<total>37</total>
				<timestamp>5340.325921</timestamp>
			</report>
			<report>
				<misses>16200001</misses>
				<total>37</total>
				<timestamp>5340.655569</timestamp>
			</report>
			<report>
				<misses>16201001</misses>
				<total>37</total>
				<timestamp>5340.985248</timestamp>
			</report>
			<report>
				<misses>16202001</misses>
				<total>37</total>
				<timestamp>5341.314909</timestamp>
			</report>
			<report>
				<misses>16203001</misses>
				<total>37</total>
				<timestamp>5341.644587</timestamp>
			</report>
			<report>
				<misses>16204001</misses>
				<total>37</total>
				<timestamp>5341.974273</timestamp>
			</report>
			<report>
				<misses>16205001</misses>
				<total>37</total>
				<timestamp>5342.303926</timestamp>
			</report>
			<report>
				<misses>16206001</misses>
				<total>37</total>
				<timestamp>5342.633597</timestamp>
			</report>
			<report>
				<misses>16207001</misses>
				<total>37</total>
				<timestamp>5342.963308</timestamp>
			</report>
			<report>
				<misses>16208001</misses>
				<total>37</total>
				<timestamp>5343.292961</timestamp>
			</report>
			<report>
				<misses>16209001</misses>
				<total>37</total>
				<timestamp>5343.622661</timestamp>
			</report>
			<report>
				<misses>16210001</misses>
				<total>37</total>
				<timestamp>5343.952343</timestamp>
			</report>
			<report>
				<misses>16211001</misses>
				<total>37</total>
				<timestamp>5344.281945</timestamp>
			</report>
			<report>
				<misses>16212001</misses>
				<total>37</total>
				<timestamp>5344.611654</timestamp>
			</report>
			<report>
				<misses>16213001</misses>
				<total>37</total>
				<timestamp>5344.941341</timestamp>
			</report>
			<report>
				<misses>16214001</misses>
				<total>37</total>
				<timestamp>5345.270957</timestamp>
			</report>
			<report>
				<misses>16215001</misses>
				<total>37</total>
				<timestamp>5345.600660</timestamp>
			</report>
			<report>
				<misses>16216001</misses>
				<total>37</total>
				<timestamp>5345.930365</timestamp>
			</report>
			<report>
				<misses>16217001</misses>
				<total>37</total>
				<timestamp>5346.259976</timestamp>
			</report>
			<report>
				<misses>16218001</misses>
				<total>37</total>
				<timestamp>5346.589657</timestamp>
			</report>
			<report>
				<misses>16219001</misses>
				<total>37</total>
				<timestamp>5346.919348</timestamp>
			</report>
			<report>
				<misses>16220001</misses>
				<total>37</total>
				<timestamp>5347.248990</timestamp>
			</report>
			<report>
				<misses>16221001</misses>
				<total>37</total>
				<timestamp>5347.578664</timestamp>
			</report>
			<report>
				<misses>16222001</misses>
				<total>37</total>
				<timestamp>5347.908320</timestamp>
			</report>
			<report>
				<misses>16223001</misses>
				<total>37</total>
				<timestamp>5348.238007</timestamp>
			</report>
			<report>
				<misses>16224001</misses>
				<total>37</total>
				<timestamp>5348.567658</timestamp>
			</report>
			<report>
				<misses>16225001</misses>
				<total>37</total>
				<timestamp>5348.897317</timestamp>
			</report>
			<report>
				<misses>16226001</misses>
				<total>37</total>
				<timestamp>5349.226998</timestamp>
			</report>
			<report>
				<misses>16227001</misses>
				<total>37</total>
				<timestamp>5349.556678</timestamp>
			</report>
			<report>
				<misses>16228001</misses>
				<total>37</total>
				<timestamp>5349.886341</timestamp>
			</report>
			<report>
				<misses>16229001</misses>
				<total>37</total>
				<timestamp>5350.216006</timestamp>
			</report>
			<report>
				<misses>16230001</misses>
				<total>37</total>
				<timestamp>5350.545700</timestamp>
			</report>
			<report>
				<misses>16231001</misses>
				<total>37</total>
				<timestamp>5350.875338</timestamp>
			</report>
			<report>
				<misses>16232001</misses>
				<total>37</total>
				<timestamp>5351.205047</timestamp>
			</report>
			<report>
				<misses>16233001</misses>
				<total>37</total>
				<timestamp>5351.534691</timestamp>
			</report>
			<report>
				<misses>16234001</misses>
				<total>37</total>
				<timestamp>5351.864360</timestamp>
			</report>
			<report>
				<misses>16235001</misses>
				<total>37</total>
				<timestamp>5352.194027</timestamp>
			</report>
			<report>
				<misses>16236001</misses>
				<total>37</total>
				<timestamp>5352.523705</timestamp>
			</report>
			<report>
				<misses>16237001</misses>
				<total>37</total>
				<timestamp>5352.853364</timestamp>
			</report>
			<report>
				<misses>16238001</misses>
				<total>37</total>
				<timestamp>5353.183068</timestamp>
			</report>
			<report>
				<misses>16239001</misses>
				<total>37</total>
				<timestamp>5353.512725</timestamp>
			</report>
			<report>
				<misses>16240001</misses>
				<total>37</total>
				<timestamp>5353.842380</timestamp>
			</report>
			<report>
				<misses>16241001</misses>
				<total>37</total>
				<timestamp>5354.172039</timestamp>
			</report>
			<report>
				<misses>16242001</misses>
				<total>37</total>
				<timestamp>5354.501738</timestamp>
			</report>
			<report>
				<misses>16243001</misses>
				<total>37</total>
				<timestamp>5354.831379</timestamp>
			</report>
			<report>
				<misses>16244001</misses>
				<total>37</total>
				<timestamp>5355.161062</timestamp>
			</report>
			<report>
				<misses>16245001</misses>
				<total>37</total>
				<timestamp>5355.490751</timestamp>
			</report>
			<report>
				<misses>16246001</misses>
				<total>37</total>
				<timestamp>5355.820409</timestamp>
			</report>
			<report>
				<misses>16247001</misses>
				<total>37</total>
				<timestamp>5356.150072</timestamp>
			</report>
			<report>
				<misses>16248001</misses>
				<total>37</total>
				<timestamp>5356.479753</timestamp>
			</report>
			<report>
				<misses>16249001</misses>
				<total>37</total>
				<timestamp>5356.809472</timestamp>
			</report>
			<report>
				<misses>16250001</misses>
				<total>37</total>
				<timestamp>5357.139165</timestamp>
			</report>
			<report>
				<misses>16251001</misses>
				<total>37</total>
				<timestamp>5357.468776</timestamp>
			</report>
			<report>
				<misses>16252001</misses>
				<total>37</total>
				<timestamp>5357.798429</timestamp>
			</report>
			<report>
				<misses>16253001</misses>
				<total>37</total>
				<timestamp>5358.128168</timestamp>
			</report>
			<report>
				<misses>16254001</misses>
				<total>37</total>
				<timestamp>5358.457762</timestamp>
			</report>
			<report>
				<misses>16255001</misses>
				<total>37</total>
				<timestamp>5358.787430</timestamp>
			</report>
			<report>
				<misses>16256001</misses>
				<total>37</total>
				<timestamp>5359.117225</timestamp>
			</report>
			<report>
				<misses>16257001</misses>
				<total>37</total>
				<timestamp>5359.446762</timestamp>
			</report>
			<report>
				<misses>16258001</misses>
				<total>37</total>
				<timestamp>5359.776471</timestamp>
			</report>
			<report>
				<misses>16259001</misses>
				<total>37</total>
				<timestamp>5360.106125</timestamp>
			</report>
			<report>
				<misses>16260001</misses>
				<total>37</total>
				<timestamp>5360.435788</timestamp>
			</report>
			<report>
				<misses>16261001</misses>
				<total>37</total>
				<timestamp>5360.765467</timestamp>
			</report>
			<report>
				<misses>16262001</misses>
				<total>37</total>
				<timestamp>5361.095162</timestamp>
			</report>
			<report>
				<misses>16263001</misses>
				<total>37</total>
				<timestamp>5361.424788</timestamp>
			</report>
			<report>
				<misses>16264001</misses>
				<total>37</total>
				<timestamp>5361.754473</timestamp>
			</report>
			<report>
				<misses>16265001</misses>
				<total>37</total>
				<timestamp>5362.084174</timestamp>
			</report>
			<report>
				<misses>16266001</misses>
				<total>37</total>
				<timestamp>5362.413874</timestamp>
			</report>
			<report>
				<misses>16267001</misses>
				<total>37</total>
				<timestamp>5362.743486</timestamp>
			</report>
			<report>
				<misses>16268001</misses>
				<total>37</total>
				<timestamp>5363.073210</timestamp>
			</report>
			<report>
				<misses>16269001</misses>
				<total>37</total>
				<timestamp>5363.402813</timestamp>
			</report>
			<report>
				<misses>16270001</misses>
				<total>37</total>
				<timestamp>5363.732534</timestamp>
			</report>
			<report>
				<misses>16271001</misses>
				<total>37</total>
				<timestamp>5364.062188</timestamp>
			</report>
			<report>
				<misses>16272001</misses>
				<total>37</total>
				<timestamp>5364.391827</timestamp>
			</report>
			<report>
				<misses>16273001</misses>
				<total>37</total>
				<timestamp>5364.721543</timestamp>
			</report>
			<report>
				<misses>16274001</misses>
				<total>37</total>
				<timestamp>5365.051159</timestamp>
			</report>
			<report>
				<misses>16275001</misses>
				<total>37</total>
				<timestamp>5365.380879</timestamp>
			</report>
			<report>
				<misses>16276001</misses>
				<total>37</total>
				<timestamp>5365.710546</timestamp>
			</report>
			<report>
				<misses>16277001</misses>
				<total>37</total>
				<timestamp>5366.040246</timestamp>
			</report>
			<report>
				<misses>16278001</misses>
				<total>37</total>
				<timestamp>5366.369845</timestamp>
			</report>
			<report>
				<misses>16279001</misses>
				<total>37</total>
				<timestamp>5366.699558</timestamp>
			</report>
			<report>
				<misses>16280001</misses>
				<total>37</total>
				<timestamp>5367.029191</timestamp>
			</report>
			<report>
				<misses>16281001</misses>
				<total>37</total>
				<timestamp>5367.358861</timestamp>
			</report>
			<report>
				<misses>16282001</misses>
				<total>37</total>
				<timestamp>5367.688543</timestamp>
			</report>
			<report>
				<misses>16283001</misses>
				<total>37</total>
				<timestamp>5368.018244</timestamp>
			</report>
			<report>
				<misses>16284001</misses>
				<total>37</total>
				<timestamp>5368.347872</timestamp>
			</report>
			<report>
				<misses>16285001</misses>
				<total>37</total>
				<timestamp>5368.677536</timestamp>
			</report>
			<report>
				<misses>16286001</misses>
				<total>37</total>
				<timestamp>5369.007249</timestamp>
			</report>
			<report>
				<misses>16287001</misses>
				<total>37</total>
				<timestamp>5369.336869</timestamp>
			</report>
			<report>
				<misses>16288001</misses>
				<total>37</total>
				<timestamp>5369.666551</timestamp>
			</report>
			<report>
				<misses>16289001</misses>
				<total>37</total>
				<timestamp>5369.996300</timestamp>
			</report>
			<report>
				<misses>16290001</misses>
				<total>37</total>
				<timestamp>5370.325877</timestamp>
			</report>
			<report>
				<misses>16291001</misses>
				<total>37</total>
				<timestamp>5370.655553</timestamp>
			</report>
			<report>
				<misses>16292001</misses>
				<total>37</total>
				<timestamp>5370.985278</timestamp>
			</report>
			<report>
				<misses>16293001</misses>
				<total>37</total>
				<timestamp>5371.314894</timestamp>
			</report>
			<report>
				<misses>16294001</misses>
				<total>37</total>
				<timestamp>5371.644579</timestamp>
			</report>
			<report>
				<misses>16295001</misses>
				<total>37</total>
				<timestamp>5371.974240</timestamp>
			</report>
			<report>
				<misses>16296001</misses>
				<total>37</total>
				<timestamp>5372.303908</timestamp>
			</report>
			<report>
				<misses>16297001</misses>
				<total>37</total>
				<timestamp>5372.633585</timestamp>
			</report>
			<report>
				<misses>16298001</misses>
				<total>37</total>
				<timestamp>5372.963262</timestamp>
			</report>
			<report>
				<misses>16299001</misses>
				<total>37</total>
				<timestamp>5373.292919</timestamp>
			</report>
			<report>
				<misses>16300001</misses>
				<total>37</total>
				<timestamp>5373.622584</timestamp>
			</report>
			<report>
				<misses>16301001</misses>
				<total>37</total>
				<timestamp>5373.952311</timestamp>
			</report>
			<report>
				<misses>16302001</misses>
				<total>37</total>
				<timestamp>5374.281917</timestamp>
			</report>
			<report>
				<misses>16303001</misses>
				<total>37</total>
				<timestamp>5374.611630</timestamp>
			</report>
			<report>
				<misses>16304001</misses>
				<total>37</total>
				<timestamp>5374.941306</timestamp>
			</report>
			<report>
				<misses>16305001</misses>
				<total>37</total>
				<timestamp>5375.270919</timestamp>
			</report>
			<report>
				<misses>16306001</misses>
				<total>37</total>
				<timestamp>5375.600598</timestamp>
			</report>
			<report>
				<misses>16307001</misses>
				<total>37</total>
				<timestamp>5375.930291</timestamp>
			</report>
			<report>
				<misses>16308001</misses>
				<total>37</total>
				<timestamp>5376.259919</timestamp>
			</report>
			<report>
				<misses>16309001</misses>
				<total>37</total>
				<timestamp>5376.589679</timestamp>
			</report>
			<report>
				<misses>16310001</misses>
				<total>37</total>
				<timestamp>5376.919284</timestamp>
			</report>
			<report>
				<misses>16311001</misses>
				<total>37</total>
				<timestamp>5377.248952</timestamp>
			</report>
			<report>
				<misses>16312001</misses>
				<total>37</total>
				<timestamp>5377.578615</timestamp>
			</report>
			<report>
				<misses>16313001</misses>
				<total>37</total>
				<timestamp>5377.908289</timestamp>
			</report>
			<report>
				<misses>16314001</misses>
				<total>37</total>
				<timestamp>5378.237956</timestamp>
			</report>
			<report>
				<misses>16315001</misses>
				<total>37</total>
				<timestamp>5378.567629</timestamp>
			</report>
			<report>
				<misses>16316001</misses>
				<total>37</total>
				<timestamp>5378.897296</timestamp>
			</report>
			<report>
				<misses>16317001</misses>
				<total>37</total>
				<timestamp>5379.226970</timestamp>
			</report>
			<report>
				<misses>16318001</misses>
				<total>37</total>
				<timestamp>5379.556648</timestamp>
			</report>
			<report>
				<misses>16319001</misses>
				<total>37</total>
				<timestamp>5379.886310</timestamp>
			</report>
			<report>
				<misses>16320001</misses>
				<total>37</total>
				<timestamp>5380.215966</timestamp>
			</report>
			<report>
				<misses>16321001</misses>
				<total>37</total>
				<timestamp>5380.545645</timestamp>
			</report>
			<report>
				<misses>16322001</misses>
				<total>37</total>
				<timestamp>5380.875335</timestamp>
			</report>
			<report>
				<misses>16323001</misses>
				<total>37</total>
				<timestamp>5381.204983</timestamp>
			</report>
			<report>
				<misses>16324001</misses>
				<total>37</total>
				<timestamp>5381.534655</timestamp>
			</report>
			<report>
				<misses>16325001</misses>
				<total>37</total>
				<timestamp>5381.864322</timestamp>
			</report>
			<report>
				<misses>16326001</misses>
				<total>37</total>
				<timestamp>5382.193990</timestamp>
			</report>
			<report>
				<misses>16327001</misses>
				<total>37</total>
				<timestamp>5382.523699</timestamp>
			</report>
			<report>
				<misses>16328001</misses>
				<total>37</total>
				<timestamp>5382.853335</timestamp>
			</report>
			<report>
				<misses>16329001</misses>
				<total>37</total>
				<timestamp>5383.183021</timestamp>
			</report>
			<report>
				<misses>16330001</misses>
				<total>37</total>
				<timestamp>5383.512679</timestamp>
			</report>
			<report>
				<misses>16331001</misses>
				<total>37</total>
				<timestamp>5383.842417</timestamp>
			</report>
			<report>
				<misses>16332001</misses>
				<total>37</total>
				<timestamp>5384.172059</timestamp>
			</report>
			<report>
				<misses>16333001</misses>
				<total>37</total>
				<timestamp>5384.501684</timestamp>
			</report>
			<report>
				<misses>16334001</misses>
				<total>37</total>
				<timestamp>5384.831367</timestamp>
			</report>
			<report>
				<misses>16335001</misses>
				<total>37</total>
				<timestamp>5385.161068</timestamp>
			</report>
			<report>
				<misses>16336001</misses>
				<total>37</total>
				<timestamp>5385.490704</timestamp>
			</report>
			<report>
				<misses>16337001</misses>
				<total>37</total>
				<timestamp>5385.820396</timestamp>
			</report>
			<report>
				<misses>16338001</misses>
				<total>37</total>
				<timestamp>5386.150104</timestamp>
			</report>
			<report>
				<misses>16339001</misses>
				<total>37</total>
				<timestamp>5386.479729</timestamp>
			</report>
			<report>
				<misses>16340001</misses>
				<total>37</total>
				<timestamp>5386.809433</timestamp>
			</report>
			<report>
				<misses>16341001</misses>
				<total>37</total>
				<timestamp>5387.139085</timestamp>
			</report>
			<report>
				<misses>16342001</misses>
				<total>37</total>
				<timestamp>5387.468727</timestamp>
			</report>
			<report>
				<misses>16343001</misses>
				<total>37</total>
				<timestamp>5387.798421</timestamp>
			</report>
			<report>
				<misses>16344001</misses>
				<total>37</total>
				<timestamp>5388.128114</timestamp>
			</report>
			<report>
				<misses>16345001</misses>
				<total>37</total>
				<timestamp>5388.457721</timestamp>
			</report>
			<report>
				<misses>16346001</misses>
				<total>37</total>
				<timestamp>5388.787412</timestamp>
			</report>
			<report>
				<misses>16347001</misses>
				<total>37</total>
				<timestamp>5389.117062</timestamp>
			</report>
			<report>
				<misses>16348001</misses>
				<total>37</total>
				<timestamp>5389.446730</timestamp>
			</report>
			<report>
				<misses>16349001</misses>
				<total>37</total>
				<timestamp>5389.776411</timestamp>
			</report>
			<report>
				<misses>16350001</misses>
				<total>37</total>
				<timestamp>5390.106079</timestamp>
			</report>
			<report>
				<misses>16351001</misses>
				<total>37</total>
				<timestamp>5390.435765</timestamp>
			</report>
			<report>
				<misses>16352001</misses>
				<total>37</total>
				<timestamp>5390.765459</timestamp>
			</report>
			<report>
				<misses>16353001</misses>
				<total>37</total>
				<timestamp>5391.095103</timestamp>
			</report>
			<report>
				<misses>16354001</misses>
				<total>37</total>
				<timestamp>5391.424767</timestamp>
			</report>
			<report>
				<misses>16355001</misses>
				<total>37</total>
				<timestamp>5391.754435</timestamp>
			</report>
			<report>
				<misses>16356001</misses>
				<total>37</total>
				<timestamp>5392.084095</timestamp>
			</report>
			<report>
				<misses>16357001</misses>
				<total>37</total>
				<timestamp>5392.413783</timestamp>
			</report>
			<report>
				<misses>16358001</misses>
				<total>37</total>
				<timestamp>5392.743449</timestamp>
			</report>
			<report>
				<misses>16359001</misses>
				<total>37</total>
				<timestamp>5393.073132</timestamp>
			</report>
			<report>
				<misses>16360001</misses>
				<total>37</total>
				<timestamp>5393.402825</timestamp>
			</report>
			<report>
				<misses>16361001</misses>
				<total>37</total>
				<timestamp>5393.732450</timestamp>
			</report>
			<report>
				<misses>16362001</misses>
				<total>37</total>
				<timestamp>5394.062135</timestamp>
			</report>
			<report>
				<misses>16363001</misses>
				<total>37</total>
				<timestamp>5394.391788</timestamp>
			</report>
			<report>
				<misses>16364001</misses>
				<total>37</total>
				<timestamp>5394.721476</timestamp>
			</report>
			<report>
				<misses>16365001</misses>
				<total>37</total>
				<timestamp>5395.051214</timestamp>
			</report>
			<report>
				<misses>16366001</misses>
				<total>37</total>
				<timestamp>5395.380796</timestamp>
			</report>
			<report>
				<misses>16367001</misses>
				<total>37</total>
				<timestamp>5395.710473</timestamp>
			</report>
			<report>
				<misses>16368001</misses>
				<total>37</total>
				<timestamp>5396.040177</timestamp>
			</report>
			<report>
				<misses>16369001</misses>
				<total>37</total>
				<timestamp>5396.369805</timestamp>
			</report>
			<report>
				<misses>16370001</misses>
				<total>37</total>
				<timestamp>5396.699492</timestamp>
			</report>
			<report>
				<misses>16371001</misses>
				<total>37</total>
				<timestamp>5397.029181</timestamp>
			</report>
			<report>
				<misses>16372001</misses>
				<total>37</total>
				<timestamp>5397.358826</timestamp>
			</report>
			<report>
				<misses>16373001</misses>
				<total>37</total>
				<timestamp>5397.688488</timestamp>
			</report>
			<report>
				<misses>16374001</misses>
				<total>37</total>
				<timestamp>5398.018149</timestamp>
			</report>
			<report>
				<misses>16375001</misses>
				<total>37</total>
				<timestamp>5398.347827</timestamp>
			</report>
			<report>
				<misses>16376001</misses>
				<total>37</total>
				<timestamp>5398.677506</timestamp>
			</report>
			<report>
				<misses>16377001</misses>
				<total>37</total>
				<timestamp>5399.007188</timestamp>
			</report>
			<report>
				<misses>16378001</misses>
				<total>37</total>
				<timestamp>5399.336848</timestamp>
			</report>
			<report>
				<misses>16379001</misses>
				<total>37</total>
				<timestamp>5399.666519</timestamp>
			</report>
			<report>
				<misses>16380001</misses>
				<total>37</total>
				<timestamp>5399.996213</timestamp>
			</report>
			<report>
				<misses>16381001</misses>
				<total>37</total>
				<timestamp>5400.325851</timestamp>
			</report>
			<report>
				<misses>16382001</misses>
				<total>37</total>
				<timestamp>5400.655525</timestamp>
			</report>
			<report>
				<misses>16383001</misses>
				<total>37</total>
				<timestamp>5400.985239</timestamp>
			</report>
			<report>
				<misses>16384001</misses>
				<total>37</total>
				<timestamp>5401.314942</timestamp>
			</report>
			<report>
				<misses>16385001</misses>
				<total>37</total>
				<timestamp>5401.644582</timestamp>
			</report>
			<report>
				<misses>16386001</misses>
				<total>37</total>
				<timestamp>5401.974531</timestamp>
			</report>
			<report>
				<misses>16387001</misses>
				<total>37</total>
				<timestamp>5402.304240</timestamp>
			</report>
			<report>
				<misses>16388001</misses>
				<total>37</total>
				<timestamp>5402.633861</timestamp>
			</report>
			<report>
				<misses>16389001</misses>
				<total>37</total>
				<timestamp>5402.963536</timestamp>
			</report>
			<report>
				<misses>16390001</misses>
				<total>37</total>
				<timestamp>5403.293196</timestamp>
			</report>
			<report>
				<misses>16391001</misses>
				<total>37</total>
				<timestamp>5403.622885</timestamp>
			</report>
			<report>
				<misses>16392001</misses>
				<total>37</total>
				<timestamp>5403.952550</timestamp>
			</report>
			<report>
				<misses>16393001</misses>
				<total>37</total>
				<timestamp>5404.282217</timestamp>
			</report>
			<report>
				<misses>16394001</misses>
				<total>37</total>
				<timestamp>5404.611885</timestamp>
			</report>
			<report>
				<misses>16395001</misses>
				<total>37</total>
				<timestamp>5404.941627</timestamp>
			</report>
			<report>
				<misses>16396001</misses>
				<total>37</total>
				<timestamp>5405.271363</timestamp>
			</report>
			<report>
				<misses>16397001</misses>
				<total>37</total>
				<timestamp>5405.600900</timestamp>
			</report>
			<report>
				<misses>16398001</misses>
				<total>37</total>
				<timestamp>5405.930583</timestamp>
			</report>
			<report>
				<misses>16399001</misses>
				<total>37</total>
				<timestamp>5406.260241</timestamp>
			</report>
			<report>
				<misses>16400001</misses>
				<total>37</total>
				<timestamp>5406.589918</timestamp>
			</report>
			<report>
				<misses>16401001</misses>
				<total>37</total>
				<timestamp>5406.919599</timestamp>
			</report>
			<report>
				<misses>16402001</misses>
				<total>37</total>
				<timestamp>5407.249326</timestamp>
			</report>
			<report>
				<misses>16403001</misses>
				<total>37</total>
				<timestamp>5407.578978</timestamp>
			</report>
			<report>
				<misses>16404001</misses>
				<total>37</total>
				<timestamp>5407.908605</timestamp>
			</report>
			<report>
				<misses>16405001</misses>
				<total>37</total>
				<timestamp>5408.238280</timestamp>
			</report>
			<report>
				<misses>16406001</misses>
				<total>37</total>
				<timestamp>5408.567983</timestamp>
			</report>
			<report>
				<misses>16407001</misses>
				<total>37</total>
				<timestamp>5408.897603</timestamp>
			</report>
			<report>
				<misses>16408001</misses>
				<total>37</total>
				<timestamp>5409.227305</timestamp>
			</report>
			<report>
				<misses>16409001</misses>
				<total>37</total>
				<timestamp>5409.556953</timestamp>
			</report>
			<report>
				<misses>16410001</misses>
				<total>37</total>
				<timestamp>5409.886608</timestamp>
			</report>
			<report>
				<misses>16411001</misses>
				<total>37</total>
				<timestamp>5410.216297</timestamp>
			</report>
			<report>
				<misses>16412001</misses>
				<total>37</total>
				<timestamp>5410.545953</timestamp>
			</report>
			<report>
				<misses>16413001</misses>
				<total>37</total>
				<timestamp>5410.875627</timestamp>
			</report>
			<report>
				<misses>16414001</misses>
				<total>37</total>
				<timestamp>5411.205360</timestamp>
			</report>
			<report>
				<misses>16415001</misses>
				<total>37</total>
				<timestamp>5411.534993</timestamp>
			</report>
			<report>
				<misses>16416001</misses>
				<total>37</total>
				<timestamp>5411.864637</timestamp>
			</report>
			<report>
				<misses>16417001</misses>
				<total>37</total>
				<timestamp>5412.194310</timestamp>
			</report>
			<report>
				<misses>16418001</misses>
				<total>37</total>
				<timestamp>5412.523978</timestamp>
			</report>
			<report>
				<misses>16419001</misses>
				<total>37</total>
				<timestamp>5412.853643</timestamp>
			</report>
			<report>
				<misses>16420001</misses>
				<total>37</total>
				<timestamp>5413.183313</timestamp>
			</report>
			<report>
				<misses>16421001</misses>
				<total>37</total>
				<timestamp>5413.512981</timestamp>
			</report>
			<report>
				<misses>16422001</misses>
				<total>37</total>
				<timestamp>5413.842647</timestamp>
			</report>
			<report>
				<misses>16423001</misses>
				<total>37</total>
				<timestamp>5414.172415</timestamp>
			</report>
			<report>
				<misses>16424001</misses>
				<total>37</total>
				<timestamp>5414.502013</timestamp>
			</report>
			<report>
				<misses>16425001</misses>
				<total>37</total>
				<timestamp>5414.831653</timestamp>
			</report>
			<report>
				<misses>16426001</misses>
				<total>37</total>
				<timestamp>5415.161327</timestamp>
			</report>
			<report>
				<misses>16427001</misses>
				<total>37</total>
				<timestamp>5415.490993</timestamp>
			</report>
			<report>
				<misses>16428001</misses>
				<total>37</total>
				<timestamp>5415.820681</timestamp>
			</report>
			<report>
				<misses>16429001</misses>
				<total>37</total>
				<timestamp>5416.150359</timestamp>
			</report>
			<report>
				<misses>16430001</misses>
				<total>37</total>
				<timestamp>5416.480011</timestamp>
			</report>
			<report>
				<misses>16431001</misses>
				<total>37</total>
				<timestamp>5416.809670</timestamp>
			</report>
			<report>
				<misses>16432001</misses>
				<total>37</total>
				<timestamp>5417.139368</timestamp>
			</report>
			<report>
				<misses>16433001</misses>
				<total>37</total>
				<timestamp>5417.469030</timestamp>
			</report>
			<report>
				<misses>16434001</misses>
				<total>37</total>
				<timestamp>5417.798681</timestamp>
			</report>
			<report>
				<misses>16435001</misses>
				<total>37</total>
				<timestamp>5418.128357</timestamp>
			</report>
			<report>
				<misses>16436001</misses>
				<total>37</total>
				<timestamp>5418.458013</timestamp>
			</report>
			<report>
				<misses>16437001</misses>
				<total>37</total>
				<timestamp>5418.787695</timestamp>
			</report>
			<report>
				<misses>16438001</misses>
				<total>37</total>
				<timestamp>5419.117375</timestamp>
			</report>
			<report>
				<misses>16439001</misses>
				<total>37</total>
				<timestamp>5419.447045</timestamp>
			</report>
			<report>
				<misses>16440001</misses>
				<total>37</total>
				<timestamp>5419.776711</timestamp>
			</report>
			<report>
				<misses>16441001</misses>
				<total>37</total>
				<timestamp>5420.106374</timestamp>
			</report>
			<report>
				<misses>16442001</misses>
				<total>37</total>
				<timestamp>5420.436106</timestamp>
			</report>
			<report>
				<misses>16443001</misses>
				<total>37</total>
				<timestamp>5420.765725</timestamp>
			</report>
			<report>
				<misses>16444001</misses>
				<total>37</total>
				<timestamp>5421.095393</timestamp>
			</report>
			<report>
				<misses>16445001</misses>
				<total>37</total>
				<timestamp>5421.425054</timestamp>
			</report>
			<report>
				<misses>16446001</misses>
				<total>37</total>
				<timestamp>5421.754734</timestamp>
			</report>
			<report>
				<misses>16447001</misses>
				<total>37</total>
				<timestamp>5422.084449</timestamp>
			</report>
			<report>
				<misses>16448001</misses>
				<total>37</total>
				<timestamp>5422.414062</timestamp>
			</report>
			<report>
				<misses>16449001</misses>
				<total>37</total>
				<timestamp>5422.743729</timestamp>
			</report>
			<report>
				<misses>16450001</misses>
				<total>37</total>
				<timestamp>5423.073402</timestamp>
			</report>
			<report>
				<misses>16451001</misses>
				<total>37</total>
				<timestamp>5423.403145</timestamp>
			</report>
			<report>
				<misses>16452001</misses>
				<total>37</total>
				<timestamp>5423.732742</timestamp>
			</report>
			<report>
				<misses>16453001</misses>
				<total>37</total>
				<timestamp>5424.062413</timestamp>
			</report>
			<report>
				<misses>16454001</misses>
				<total>37</total>
				<timestamp>5424.392106</timestamp>
			</report>
			<report>
				<misses>16455001</misses>
				<total>37</total>
				<timestamp>5424.721756</timestamp>
			</report>
			<report>
				<misses>16456001</misses>
				<total>37</total>
				<timestamp>5425.051436</timestamp>
			</report>
			<report>
				<misses>16457001</misses>
				<total>37</total>
				<timestamp>5425.381163</timestamp>
			</report>
			<report>
				<misses>16458001</misses>
				<total>37</total>
				<timestamp>5425.710770</timestamp>
			</report>
			<report>
				<misses>16459001</misses>
				<total>37</total>
				<timestamp>5426.040435</timestamp>
			</report>
			<report>
				<misses>16460001</misses>
				<total>37</total>
				<timestamp>5426.370153</timestamp>
			</report>
			<report>
				<misses>16461001</misses>
				<total>37</total>
				<timestamp>5426.699840</timestamp>
			</report>
			<report>
				<misses>16462001</misses>
				<total>37</total>
				<timestamp>5427.029463</timestamp>
			</report>
			<report>
				<misses>16463001</misses>
				<total>37</total>
				<timestamp>5427.359151</timestamp>
			</report>
			<report>
				<misses>16464001</misses>
				<total>37</total>
				<timestamp>5427.688773</timestamp>
			</report>
			<report>
				<misses>16465001</misses>
				<total>37</total>
				<timestamp>5428.018451</timestamp>
			</report>
			<report>
				<misses>16466001</misses>
				<total>37</total>
				<timestamp>5428.348161</timestamp>
			</report>
			<report>
				<misses>16467001</misses>
				<total>37</total>
				<timestamp>5428.677872</timestamp>
			</report>
			<report>
				<misses>16468001</misses>
				<total>37</total>
				<timestamp>5429.007468</timestamp>
			</report>
			<report>
				<misses>16469001</misses>
				<total>37</total>
				<timestamp>5429.337179</timestamp>
			</report>
			<report>
				<misses>16470001</misses>
				<total>37</total>
				<timestamp>5429.666851</timestamp>
			</report>
			<report>
				<misses>16471001</misses>
				<total>37</total>
				<timestamp>5429.996463</timestamp>
			</report>
			<report>
				<misses>16472001</misses>
				<total>37</total>
				<timestamp>5430.326160</timestamp>
			</report>
			<report>
				<misses>16473001</misses>
				<total>37</total>
				<timestamp>5430.655847</timestamp>
			</report>
			<report>
				<misses>16474001</misses>
				<total>37</total>
				<timestamp>5430.985479</timestamp>
			</report>
			<report>
				<misses>16475001</misses>
				<total>37</total>
				<timestamp>5431.315192</timestamp>
			</report>
			<report>
				<misses>16476001</misses>
				<total>37</total>
				<timestamp>5431.644869</timestamp>
			</report>
			<report>
				<misses>16477001</misses>
				<total>37</total>
				<timestamp>5431.974516</timestamp>
			</report>
			<report>
				<misses>16478001</misses>
				<total>37</total>
				<timestamp>5432.304165</timestamp>
			</report>
			<report>
				<misses>16479001</misses>
				<total>37</total>
				<timestamp>5432.633839</timestamp>
			</report>
			<report>
				<misses>16480001</misses>
				<total>37</total>
				<timestamp>5432.963513</timestamp>
			</report>
			<report>
				<misses>16481001</misses>
				<total>37</total>
				<timestamp>5433.293207</timestamp>
			</report>
			<report>
				<misses>16482001</misses>
				<total>37</total>
				<timestamp>5433.622898</timestamp>
			</report>
			<report>
				<misses>16483001</misses>
				<total>37</total>
				<timestamp>5433.952515</timestamp>
			</report>
			<report>
				<misses>16484001</misses>
				<total>37</total>
				<timestamp>5434.282209</timestamp>
			</report>
			<report>
				<misses>16485001</misses>
				<total>37</total>
				<timestamp>5434.611913</timestamp>
			</report>
			<report>
				<misses>16486001</misses>
				<total>37</total>
				<timestamp>5434.941549</timestamp>
			</report>
			<report>
				<misses>16487001</misses>
				<total>37</total>
				<timestamp>5435.271231</timestamp>
			</report>
			<report>
				<misses>16488001</misses>
				<total>37</total>
				<timestamp>5435.600961</timestamp>
			</report>
			<report>
				<misses>16489001</misses>
				<total>37</total>
				<timestamp>5435.930548</timestamp>
			</report>
			<report>
				<misses>16490001</misses>
				<total>37</total>
				<timestamp>5436.260248</timestamp>
			</report>
			<report>
				<misses>16491001</misses>
				<total>37</total>
				<timestamp>5436.589926</timestamp>
			</report>
			<report>
				<misses>16492001</misses>
				<total>37</total>
				<timestamp>5436.919566</timestamp>
			</report>
			<report>
				<misses>16493001</misses>
				<total>37</total>
				<timestamp>5437.249235</timestamp>
			</report>
			<report>
				<misses>16494001</misses>
				<total>37</total>
				<timestamp>5437.578888</timestamp>
			</report>
			<report>
				<misses>16495001</misses>
				<total>37</total>
				<timestamp>5437.908604</timestamp>
			</report>
			<report>
				<misses>16496001</misses>
				<total>37</total>
				<timestamp>5438.238245</timestamp>
			</report>
			<report>
				<misses>16497001</misses>
				<total>37</total>
				<timestamp>5438.567903</timestamp>
			</report>
			<report>
				<misses>16498001</misses>
				<total>37</total>
				<timestamp>5438.897620</timestamp>
			</report>
			<report>
				<misses>16499001</misses>
				<total>37</total>
				<timestamp>5439.227248</timestamp>
			</report>
			<report>
				<misses>16500001</misses>
				<total>37</total>
				<timestamp>5439.556954</timestamp>
			</report>
			<report>
				<misses>16501001</misses>
				<total>37</total>
				<timestamp>5439.886567</timestamp>
			</report>
			<report>
				<misses>16502001</misses>
				<total>37</total>
				<timestamp>5440.216268</timestamp>
			</report>
			<report>
				<misses>16503001</misses>
				<total>37</total>
				<timestamp>5440.545928</timestamp>
			</report>
			<report>
				<misses>16504001</misses>
				<total>37</total>
				<timestamp>5440.875596</timestamp>
			</report>
			<report>
				<misses>16505001</misses>
				<total>37</total>
				<timestamp>5441.205284</timestamp>
			</report>
			<report>
				<misses>16506001</misses>
				<total>37</total>
				<timestamp>5441.534926</timestamp>
			</report>
			<report>
				<misses>16507001</misses>
				<total>37</total>
				<timestamp>5441.864617</timestamp>
			</report>
			<report>
				<misses>16508001</misses>
				<total>37</total>
				<timestamp>5442.194265</timestamp>
			</report>
			<report>
				<misses>16509001</misses>
				<total>37</total>
				<timestamp>5442.523955</timestamp>
			</report>
			<report>
				<misses>16510001</misses>
				<total>37</total>
				<timestamp>5442.853616</timestamp>
			</report>
			<report>
				<misses>16511001</misses>
				<total>37</total>
				<timestamp>5443.183287</timestamp>
			</report>
			<report>
				<misses>16512001</misses>
				<total>37</total>
				<timestamp>5443.512973</timestamp>
			</report>
			<report>
				<misses>16513001</misses>
				<total>37</total>
				<timestamp>5443.842616</timestamp>
			</report>
			<report>
				<misses>16514001</misses>
				<total>37</total>
				<timestamp>5444.172293</timestamp>
			</report>
			<report>
				<misses>16515001</misses>
				<total>37</total>
				<timestamp>5444.501977</timestamp>
			</report>
			<report>
				<misses>16516001</misses>
				<total>37</total>
				<timestamp>5444.831639</timestamp>
			</report>
			<report>
				<misses>16517001</misses>
				<total>37</total>
				<timestamp>5445.161297</timestamp>
			</report>
			<report>
				<misses>16518001</misses>
				<total>37</total>
				<timestamp>5445.491011</timestamp>
			</report>
			<report>
				<misses>16519001</misses>
				<total>37</total>
				<timestamp>5445.820653</timestamp>
			</report>
			<report>
				<misses>16520001</misses>
				<total>37</total>
				<timestamp>5446.150307</timestamp>
			</report>
			<report>
				<misses>16521001</misses>
				<total>37</total>
				<timestamp>5446.480098</timestamp>
			</report>
			<report>
				<misses>16522001</misses>
				<total>37</total>
				<timestamp>5446.809645</timestamp>
			</report>
			<report>
				<misses>16523001</misses>
				<total>37</total>
				<timestamp>5447.139318</timestamp>
			</report>
			<report>
				<misses>16524001</misses>
				<total>37</total>
				<timestamp>5447.469027</timestamp>
			</report>
			<report>
				<misses>16525001</misses>
				<total>37</total>
				<timestamp>5447.798694</timestamp>
			</report>
			<report>
				<misses>16526001</misses>
				<total>37</total>
				<timestamp>5448.128324</timestamp>
			</report>
			<report>
				<misses>16527001</misses>
				<total>37</total>
				<timestamp>5448.458030</timestamp>
			</report>
			<report>
				<misses>16528001</misses>
				<total>37</total>
				<timestamp>5448.787709</timestamp>
			</report>
			<report>
				<misses>16529001</misses>
				<total>37</total>
				<timestamp>5449.117345</timestamp>
			</report>
			<report>
				<misses>16530001</misses>
				<total>37</total>
				<timestamp>5449.447056</timestamp>
			</report>
			<report>
				<misses>16531001</misses>
				<total>37</total>
				<timestamp>5449.776667</timestamp>
			</report>
			<report>
				<misses>16532001</misses>
				<total>37</total>
				<timestamp>5450.106366</timestamp>
			</report>
			<report>
				<misses>16533001</misses>
				<total>37</total>
				<timestamp>5450.436020</timestamp>
			</report>
			<report>
				<misses>16534001</misses>
				<total>37</total>
				<timestamp>5450.765672</timestamp>
			</report>
			<report>
				<misses>16535001</misses>
				<total>37</total>
				<timestamp>5451.095353</timestamp>
			</report>
			<report>
				<misses>16536001</misses>
				<total>37</total>
				<timestamp>5451.425088</timestamp>
			</report>
			<report>
				<misses>16537001</misses>
				<total>37</total>
				<timestamp>5451.754699</timestamp>
			</report>
			<report>
				<misses>16538001</misses>
				<total>37</total>
				<timestamp>5452.084392</timestamp>
			</report>
			<report>
				<misses>16539001</misses>
				<total>37</total>
				<timestamp>5452.414060</timestamp>
			</report>
			<report>
				<misses>16540001</misses>
				<total>37</total>
				<timestamp>5452.743741</timestamp>
			</report>
			<report>
				<misses>16541001</misses>
				<total>37</total>
				<timestamp>5453.073394</timestamp>
			</report>
			<report>
				<misses>16542001</misses>
				<total>37</total>
				<timestamp>5453.403057</timestamp>
			</report>
			<report>
				<misses>16543001</misses>
				<total>37</total>
				<timestamp>5453.732797</timestamp>
			</report>
			<report>
				<misses>16544001</misses>
				<total>37</total>
				<timestamp>5454.062408</timestamp>
			</report>
			<report>
				<misses>16545001</misses>
				<total>37</total>
				<timestamp>5454.392075</timestamp>
			</report>
			<report>
				<misses>16546001</misses>
				<total>37</total>
				<timestamp>5454.721794</timestamp>
			</report>
			<report>
				<misses>16547001</misses>
				<total>37</total>
				<timestamp>5455.051413</timestamp>
			</report>
			<report>
				<misses>16548001</misses>
				<total>37</total>
				<timestamp>5455.381104</timestamp>
			</report>
			<report>
				<misses>16549001</misses>
				<total>37</total>
				<timestamp>5455.710747</timestamp>
			</report>
			<report>
				<misses>16550001</misses>
				<total>37</total>
				<timestamp>5456.040419</timestamp>
			</report>
			<report>
				<misses>16551001</misses>
				<total>38</total>
				<timestamp>5456.370126</timestamp>
			</report>
			<report>
				<misses>16552001</misses>
				<total>38</total>
				<timestamp>5456.699788</timestamp>
			</report>
			<report>
				<misses>16553001</misses>
				<total>38</total>
				<timestamp>5457.029431</timestamp>
			</report>
			<report>
				<misses>16554001</misses>
				<total>38</total>
				<timestamp>5457.359125</timestamp>
			</report>
			<report>
				<misses>16555001</misses>
				<total>38</total>
				<timestamp>5457.688763</timestamp>
			</report>
			<report>
				<misses>16556001</misses>
				<total>38</total>
				<timestamp>5458.018430</timestamp>
			</report>
			<report>
				<misses>16557001</misses>
				<total>38</total>
				<timestamp>5458.348103</timestamp>
			</report>
			<report>
				<misses>16558001</misses>
				<total>38</total>
				<timestamp>5458.677791</timestamp>
			</report>
			<report>
				<misses>16559001</misses>
				<total>38</total>
				<timestamp>5459.007439</timestamp>
			</report>
			<report>
				<misses>16560001</misses>
				<total>38</total>
				<timestamp>5459.337165</timestamp>
			</report>
			<report>
				<misses>16561001</misses>
				<total>38</total>
				<timestamp>5459.666855</timestamp>
			</report>
			<report>
				<misses>16562001</misses>
				<total>38</total>
				<timestamp>5459.996451</timestamp>
			</report>
			<report>
				<misses>16563001</misses>
				<total>38</total>
				<timestamp>5460.326144</timestamp>
			</report>
			<report>
				<misses>16564001</misses>
				<total>38</total>
				<timestamp>5460.655792</timestamp>
			</report>
			<report>
				<misses>16565001</misses>
				<total>38</total>
				<timestamp>5460.985494</timestamp>
			</report>
			<report>
				<misses>16566001</misses>
				<total>38</total>
				<timestamp>5461.315146</timestamp>
			</report>
			<report>
				<misses>16567001</misses>
				<total>38</total>
				<timestamp>5461.644805</timestamp>
			</report>
			<report>
				<misses>16568001</misses>
				<total>38</total>
				<timestamp>5461.974474</timestamp>
			</report>
			<report>
				<misses>16569001</misses>
				<total>38</total>
				<timestamp>5462.304130</timestamp>
			</report>
			<report>
				<misses>16570001</misses>
				<total>38</total>
				<timestamp>5462.633886</timestamp>
			</report>
			<report>
				<misses>16571001</misses>
				<total>38</total>
				<timestamp>5462.963477</timestamp>
			</report>
			<report>
				<misses>16572001</misses>
				<total>38</total>
				<timestamp>5463.293194</timestamp>
			</report>
			<report>
				<misses>16573001</misses>
				<total>38</total>
				<timestamp>5463.622827</timestamp>
			</report>
			<report>
				<misses>16574001</misses>
				<total>38</total>
				<timestamp>5463.952500</timestamp>
			</report>
			<report>
				<misses>16575001</misses>
				<total>38</total>
				<timestamp>5464.282158</timestamp>
			</report>
			<report>
				<misses>16576001</misses>
				<total>38</total>
				<timestamp>5464.611847</timestamp>
			</report>
			<report>
				<misses>16577001</misses>
				<total>38</total>
				<timestamp>5464.941513</timestamp>
			</report>
			<report>
				<misses>16578001</misses>
				<total>38</total>
				<timestamp>5465.271198</timestamp>
			</report>
			<report>
				<misses>16579001</misses>
				<total>38</total>
				<timestamp>5465.600905</timestamp>
			</report>
			<report>
				<misses>16580001</misses>
				<total>38</total>
				<timestamp>5465.930509</timestamp>
			</report>
			<report>
				<misses>16581001</misses>
				<total>38</total>
				<timestamp>5466.260183</timestamp>
			</report>
			<report>
				<misses>16582001</misses>
				<total>38</total>
				<timestamp>5466.589912</timestamp>
			</report>
			<report>
				<misses>16583001</misses>
				<total>38</total>
				<timestamp>5466.919508</timestamp>
			</report>
			<report>
				<misses>16584001</misses>
				<total>38</total>
				<timestamp>5467.249257</timestamp>
			</report>
			<report>
				<misses>16585001</misses>
				<total>38</total>
				<timestamp>5467.578882</timestamp>
			</report>
			<report>
				<misses>16586001</misses>
				<total>38</total>
				<timestamp>5467.908573</timestamp>
			</report>
			<report>
				<misses>16587001</misses>
				<total>38</total>
				<timestamp>5468.238197</timestamp>
			</report>
			<report>
				<misses>16588001</misses>
				<total>38</total>
				<timestamp>5468.567881</timestamp>
			</report>
			<report>
				<misses>16589001</misses>
				<total>38</total>
				<timestamp>5468.897523</timestamp>
			</report>
			<report>
				<misses>16590001</misses>
				<total>38</total>
				<timestamp>5469.227212</timestamp>
			</report>
			<report>
				<misses>16591001</misses>
				<total>38</total>
				<timestamp>5469.556920</timestamp>
			</report>
			<report>
				<misses>16592001</misses>
				<total>38</total>
				<timestamp>5469.886539</timestamp>
			</report>
			<report>
				<misses>16593001</misses>
				<total>38</total>
				<timestamp>5470.216222</timestamp>
			</report>
			<report>
				<misses>16594001</misses>
				<total>38</total>
				<timestamp>5470.545899</timestamp>
			</report>
			<report>
				<misses>16595001</misses>
				<total>38</total>
				<timestamp>5470.875556</timestamp>
			</report>
			<report>
				<misses>16596001</misses>
				<total>38</total>
				<timestamp>5471.205233</timestamp>
			</report>
			<report>
				<misses>16597001</misses>
				<total>38</total>
				<timestamp>5471.534900</timestamp>
			</report>
			<report>
				<misses>16598001</misses>
				<total>38</total>
				<timestamp>5471.864649</timestamp>
			</report>
			<report>
				<misses>16599001</misses>
				<total>38</total>
				<timestamp>5472.194226</timestamp>
			</report>
			<report>
				<misses>16600001</misses>
				<total>38</total>
				<timestamp>5472.523932</timestamp>
			</report>
			<report>
				<misses>16601001</misses>
				<total>38</total>
				<timestamp>5472.853569</timestamp>
			</report>
			<report>
				<misses>16602001</misses>
				<total>38</total>
				<timestamp>5473.183246</timestamp>
			</report>
			<report>
				<misses>16603001</misses>
				<total>38</total>
				<timestamp>5473.512947</timestamp>
			</report>
			<report>
				<misses>16604001</misses>
				<total>38</total>
				<timestamp>5473.842614</timestamp>
			</report>
			<report>
				<misses>16605001</misses>
				<total>38</total>
				<timestamp>5474.172251</timestamp>
			</report>
			<report>
				<misses>16606001</misses>
				<total>38</total>
				<timestamp>5474.501941</timestamp>
			</report>
			<report>
				<misses>16607001</misses>
				<total>38</total>
				<timestamp>5474.831593</timestamp>
			</report>
			<report>
				<misses>16608001</misses>
				<total>38</total>
				<timestamp>5475.161271</timestamp>
			</report>
			<report>
				<misses>16609001</misses>
				<total>38</total>
				<timestamp>5475.490967</timestamp>
			</report>
			<report>
				<misses>16610001</misses>
				<total>38</total>
				<timestamp>5475.820625</timestamp>
			</report>
			<report>
				<misses>16611001</misses>
				<total>38</total>
				<timestamp>5476.150287</timestamp>
			</report>
			<report>
				<misses>16612001</misses>
				<total>38</total>
				<timestamp>5476.479990</timestamp>
			</report>
			<report>
				<misses>16613001</misses>
				<total>38</total>
				<timestamp>5476.809698</timestamp>
			</report>
			<report>
				<misses>16614001</misses>
				<total>38</total>
				<timestamp>5477.139290</timestamp>
			</report>
			<report>
				<misses>16615001</misses>
				<total>38</total>
				<timestamp>5477.468995</timestamp>
			</report>
			<report>
				<misses>16616001</misses>
				<total>38</total>
				<timestamp>5477.798677</timestamp>
			</report>
			<report>
				<misses>16617001</misses>
				<total>38</total>
				<timestamp>5478.128300</timestamp>
			</report>
			<report>
				<misses>16618001</misses>
				<total>38</total>
				<timestamp>5478.457987</timestamp>
			</report>
			<report>
				<misses>16619001</misses>
				<total>38</total>
				<timestamp>5478.787667</timestamp>
			</report>
			<report>
				<misses>16620001</misses>
				<total>38</total>
				<timestamp>5479.117305</timestamp>
			</report>
			<report>
				<misses>16621001</misses>
				<total>38</total>
				<timestamp>5479.446977</timestamp>
			</report>
			<report>
				<misses>16622001</misses>
				<total>38</total>
				<timestamp>5479.776709</timestamp>
			</report>
			<report>
				<misses>16623001</misses>
				<total>38</total>
				<timestamp>5480.106316</timestamp>
			</report>
			<report>
				<misses>16624001</misses>
				<total>38</total>
				<timestamp>5480.436012</timestamp>
			</report>
			<report>
				<misses>16625001</misses>
				<total>38</total>
				<timestamp>5480.765665</timestamp>
			</report>
			<report>
				<misses>16626001</misses>
				<total>38</total>
				<timestamp>5481.095335</timestamp>
			</report>
			<report>
				<misses>16627001</misses>
				<total>38</total>
				<timestamp>5481.424993</timestamp>
			</report>
			<report>
				<misses>16628001</misses>
				<total>38</total>
				<timestamp>5481.754734</timestamp>
			</report>
			<report>
				<misses>16629001</misses>
				<total>38</total>
				<timestamp>5482.084327</timestamp>
			</report>
			<report>
				<misses>16630001</misses>
				<total>38</total>
				<timestamp>5482.414040</timestamp>
			</report>
			<report>
				<misses>16631001</misses>
				<total>38</total>
				<timestamp>5482.743717</timestamp>
			</report>
			<report>
				<misses>16632001</misses>
				<total>38</total>
				<timestamp>5483.073410</timestamp>
			</report>
			<report>
				<misses>16633001</misses>
				<total>38</total>
				<timestamp>5483.403005</timestamp>
			</report>
			<report>
				<misses>16634001</misses>
				<total>38</total>
				<timestamp>5483.732742</timestamp>
			</report>
			<report>
				<misses>16635001</misses>
				<total>38</total>
				<timestamp>5484.062413</timestamp>
			</report>
			<report>
				<misses>16636001</misses>
				<total>38</total>
				<timestamp>5484.392026</timestamp>
			</report>
			<report>
				<misses>16637001</misses>
				<total>38</total>
				<timestamp>5484.721705</timestamp>
			</report>
			<report>
				<misses>16638001</misses>
				<total>38</total>
				<timestamp>5485.051355</timestamp>
			</report>
			<report>
				<misses>16639001</misses>
				<total>38</total>
				<timestamp>5485.381040</timestamp>
			</report>
			<report>
				<misses>16640001</misses>
				<total>38</total>
				<timestamp>5485.710758</timestamp>
			</report>
			<report>
				<misses>16641001</misses>
				<total>38</total>
				<timestamp>5486.040368</timestamp>
			</report>
			<report>
				<misses>16642001</misses>
				<total>38</total>
				<timestamp>5486.370046</timestamp>
			</report>
			<report>
				<misses>16643001</misses>
				<total>38</total>
				<timestamp>5486.699756</timestamp>
			</report>
			<report>
				<misses>16644001</misses>
				<total>41</total>
				<timestamp>5487.029385</timestamp>
			</report>
			<report>
				<misses>16645001</misses>
				<total>41</total>
				<timestamp>5487.359069</timestamp>
			</report>
			<report>
				<misses>16646001</misses>
				<total>41</total>
				<timestamp>5487.688772</timestamp>
			</report>
			<report>
				<misses>16647001</misses>
				<total>41</total>
				<timestamp>5488.018400</timestamp>
			</report>
			<report>
				<misses>16648001</misses>
				<total>41</total>
				<timestamp>5488.348077</timestamp>
			</report>
			<report>
				<misses>16649001</misses>
				<total>41</total>
				<timestamp>5488.677822</timestamp>
			</report>
			<report>
				<misses>16650001</misses>
				<total>41</total>
				<timestamp>5489.007407</timestamp>
			</report>
			<report>
				<misses>16651001</misses>
				<total>41</total>
				<timestamp>5489.337089</timestamp>
			</report>
			<report>
				<misses>16652001</misses>
				<total>41</total>
				<timestamp>5489.666767</timestamp>
			</report>
			<report>
				<misses>16653001</misses>
				<total>41</total>
				<timestamp>5489.996422</timestamp>
			</report>
			<report>
				<misses>16654001</misses>
				<total>41</total>
				<timestamp>5490.326092</timestamp>
			</report>
			<report>
				<misses>16655001</misses>
				<total>41</total>
				<timestamp>5490.655798</timestamp>
			</report>
			<report>
				<misses>16656001</misses>
				<total>41</total>
				<timestamp>5490.985427</timestamp>
			</report>
			<report>
				<misses>16657001</misses>
				<total>41</total>
				<timestamp>5491.315111</timestamp>
			</report>
			<report>
				<misses>16658001</misses>
				<total>41</total>
				<timestamp>5491.644792</timestamp>
			</report>
			<report>
				<misses>16659001</misses>
				<total>41</total>
				<timestamp>5491.974434</timestamp>
			</report>
			<report>
				<misses>16660001</misses>
				<total>41</total>
				<timestamp>5492.304126</timestamp>
			</report>
			<report>
				<misses>16661001</misses>
				<total>41</total>
				<timestamp>5492.633780</timestamp>
			</report>
			<report>
				<misses>16662001</misses>
				<total>41</total>
				<timestamp>5492.963450</timestamp>
			</report>
			<report>
				<misses>16663001</misses>
				<total>41</total>
				<timestamp>5493.293109</timestamp>
			</report>
			<report>
				<misses>16664001</misses>
				<total>41</total>
				<timestamp>5493.622814</timestamp>
			</report>
			<report>
				<misses>16665001</misses>
				<total>41</total>
				<timestamp>5493.952452</timestamp>
			</report>
			<report>
				<misses>16666001</misses>
				<total>41</total>
				<timestamp>5494.282138</timestamp>
			</report>
			<report>
				<misses>16667001</misses>
				<total>41</total>
				<timestamp>5494.611812</timestamp>
			</report>
			<report>
				<misses>16668001</misses>
				<total>41</total>
				<timestamp>5494.941466</timestamp>
			</report>
			<report>
				<misses>16669001</misses>
				<total>41</total>
				<timestamp>5495.271150</timestamp>
			</report>
			<report>
				<misses>16670001</misses>
				<total>41</total>
				<timestamp>5495.600868</timestamp>
			</report>
			<report>
				<misses>16671001</misses>
				<total>41</total>
				<timestamp>5495.930485</timestamp>
			</report>
			<report>
				<misses>16672001</misses>
				<total>41</total>
				<timestamp>5496.260174</timestamp>
			</report>
			<report>
				<misses>16673001</misses>
				<total>41</total>
				<timestamp>5496.589874</timestamp>
			</report>
			<report>
				<misses>16674001</misses>
				<total>41</total>
				<timestamp>5496.919499</timestamp>
			</report>
			<report>
				<misses>16675001</misses>
				<total>41</total>
				<timestamp>5497.249171</timestamp>
			</report>
			<report>
				<misses>16676001</misses>
				<total>41</total>
				<timestamp>5497.578838</timestamp>
			</report>
			<report>
				<misses>16677001</misses>
				<total>41</total>
				<timestamp>5497.908496</timestamp>
			</report>
			<report>
				<misses>16678001</misses>
				<total>41</total>
				<timestamp>5498.238169</timestamp>
			</report>
			<report>
				<misses>16679001</misses>
				<total>41</total>
				<timestamp>5498.567854</timestamp>
			</report>
			<report>
				<misses>16680001</misses>
				<total>41</total>
				<timestamp>5498.897538</timestamp>
			</report>
			<report>
				<misses>16681001</misses>
				<total>41</total>
				<timestamp>5499.227190</timestamp>
			</report>
			<report>
				<misses>16682001</misses>
				<total>41</total>
				<timestamp>5499.556853</timestamp>
			</report>
			<report>
				<misses>16683001</misses>
				<total>41</total>
				<timestamp>5499.886582</timestamp>
			</report>
			<report>
				<misses>16684001</misses>
				<total>41</total>
				<timestamp>5500.216195</timestamp>
			</report>
			<report>
				<misses>16685001</misses>
				<total>41</total>
				<timestamp>5500.545867</timestamp>
			</report>
			<report>
				<misses>16686001</misses>
				<total>41</total>
				<timestamp>5500.875523</timestamp>
			</report>
			<report>
				<misses>16687001</misses>
				<total>41</total>
				<timestamp>5501.205193</timestamp>
			</report>
			<report>
				<misses>16688001</misses>
				<total>41</total>
				<timestamp>5501.534871</timestamp>
			</report>
			<report>
				<misses>16689001</misses>
				<total>41</total>
				<timestamp>5501.864572</timestamp>
			</report>
			<report>
				<misses>16690001</misses>
				<total>41</total>
				<timestamp>5502.194219</timestamp>
			</report>
			<report>
				<misses>16691001</misses>
				<total>41</total>
				<timestamp>5502.523956</timestamp>
			</report>
			<report>
				<misses>16692001</misses>
				<total>41</total>
				<timestamp>5502.853597</timestamp>
			</report>
			<report>
				<misses>16693001</misses>
				<total>41</total>
				<timestamp>5503.183253</timestamp>
			</report>
			<report>
				<misses>16694001</misses>
				<total>41</total>
				<timestamp>5503.512874</timestamp>
			</report>
			<report>
				<misses>16695001</misses>
				<total>41</total>
				<timestamp>5503.842560</timestamp>
			</report>
			<report>
				<misses>16696001</misses>
				<total>41</total>
				<timestamp>5504.172311</timestamp>
			</report>
			<report>
				<misses>16697001</misses>
				<total>41</total>
				<timestamp>5504.501908</timestamp>
			</report>
			<report>
				<misses>16698001</misses>
				<total>41</total>
				<timestamp>5504.831588</timestamp>
			</report>
			<report>
				<misses>16699001</misses>
				<total>41</total>
				<timestamp>5505.161245</timestamp>
			</report>
			<report>
				<misses>16700001</misses>
				<total>41</total>
				<timestamp>5505.490909</timestamp>
			</report>
			<report>
				<misses>16701001</misses>
				<total>41</total>
				<timestamp>5505.820610</timestamp>
			</report>
			<report>
				<misses>16702001</misses>
				<total>41</total>
				<timestamp>5506.150252</timestamp>
			</report>
			<report>
				<misses>16703001</misses>
				<total>41</total>
				<timestamp>5506.479901</timestamp>
			</report>
			<report>
				<misses>16704001</misses>
				<total>41</total>
				<timestamp>5506.809645</timestamp>
			</report>
			<report>
				<misses>16705001</misses>
				<total>41</total>
				<timestamp>5507.139248</timestamp>
			</report>
			<report>
				<misses>16706001</misses>
				<total>41</total>
				<timestamp>5507.468924</timestamp>
			</report>
			<report>
				<misses>16707001</misses>
				<total>41</total>
				<timestamp>5507.798602</timestamp>
			</report>
			<report>
				<misses>16708001</misses>
				<total>41</total>
				<timestamp>5508.128270</timestamp>
			</report>
			<report>
				<misses>16709001</misses>
				<total>41</total>
				<timestamp>5508.457926</timestamp>
			</report>
			<report>
				<misses>16710001</misses>
				<total>41</total>
				<timestamp>5508.787618</timestamp>
			</report>
			<report>
				<misses>16711001</misses>
				<total>41</total>
				<timestamp>5509.117297</timestamp>
			</report>
			<report>
				<misses>16712001</misses>
				<total>41</total>
				<timestamp>5509.446953</timestamp>
			</report>
			<report>
				<misses>16713001</misses>
				<total>41</total>
				<timestamp>5509.776661</timestamp>
			</report>
			<report>
				<misses>16714001</misses>
				<total>41</total>
				<timestamp>5510.106282</timestamp>
			</report>
			<report>
				<misses>16715001</misses>
				<total>41</total>
				<timestamp>5510.435970</timestamp>
			</report>
			<report>
				<misses>16716001</misses>
				<total>41</total>
				<timestamp>5510.765657</timestamp>
			</report>
			<report>
				<misses>16717001</misses>
				<total>41</total>
				<timestamp>5511.095298</timestamp>
			</report>
			<report>
				<misses>16718001</misses>
				<total>41</total>
				<timestamp>5511.424972</timestamp>
			</report>
			<report>
				<misses>16719001</misses>
				<total>41</total>
				<timestamp>5511.754658</timestamp>
			</report>
			<report>
				<misses>16720001</misses>
				<total>41</total>
				<timestamp>5512.084315</timestamp>
			</report>
			<report>
				<misses>16721001</misses>
				<total>41</total>
				<timestamp>5512.414034</timestamp>
			</report>
			<report>
				<misses>16722001</misses>
				<total>41</total>
				<timestamp>5512.743683</timestamp>
			</report>
			<report>
				<misses>16723001</misses>
				<total>41</total>
				<timestamp>5513.073349</timestamp>
			</report>
			<report>
				<misses>16724001</misses>
				<total>41</total>
				<timestamp>5513.403008</timestamp>
			</report>
			<report>
				<misses>16725001</misses>
				<total>41</total>
				<timestamp>5513.732673</timestamp>
			</report>
			<report>
				<misses>16726001</misses>
				<total>41</total>
				<timestamp>5514.062328</timestamp>
			</report>
			<report>
				<misses>16727001</misses>
				<total>41</total>
				<timestamp>5514.391995</timestamp>
			</report>
			<report>
				<misses>16728001</misses>
				<total>41</total>
				<timestamp>5514.721756</timestamp>
			</report>
			<report>
				<misses>16729001</misses>
				<total>41</total>
				<timestamp>5515.051346</timestamp>
			</report>
			<report>
				<misses>16730001</misses>
				<total>41</total>
				<timestamp>5515.381007</timestamp>
			</report>
			<report>
				<misses>16731001</misses>
				<total>41</total>
				<timestamp>5515.710684</timestamp>
			</report>
			<report>
				<misses>16732001</misses>
				<total>41</total>
				<timestamp>5516.040340</timestamp>
			</report>
			<report>
				<misses>16733001</misses>
				<total>41</total>
				<timestamp>5516.370023</timestamp>
			</report>
			<report>
				<misses>16734001</misses>
				<total>41</total>
				<timestamp>5516.699714</timestamp>
			</report>
			<report>
				<misses>16735001</misses>
				<total>41</total>
				<timestamp>5517.029351</timestamp>
			</report>
			<report>
				<misses>16736001</misses>
				<total>41</total>
				<timestamp>5517.359021</timestamp>
			</report>
			<report>
				<misses>16737001</misses>
				<total>41</total>
				<timestamp>5517.688702</timestamp>
			</report>
			<report>
				<misses>16738001</misses>
				<total>41</total>
				<timestamp>5518.018429</timestamp>
			</report>
			<report>
				<misses>16739001</misses>
				<total>41</total>
				<timestamp>5518.348028</timestamp>
			</report>
			<report>
				<misses>16740001</misses>
				<total>41</total>
				<timestamp>5518.677730</timestamp>
			</report>
			<report>
				<misses>16741001</misses>
				<total>41</total>
				<timestamp>5519.007449</timestamp>
			</report>
			<report>
				<misses>16742001</misses>
				<total>41</total>
				<timestamp>5519.337057</timestamp>
			</report>
			<report>
				<misses>16743001</misses>
				<total>41</total>
				<timestamp>5519.666716</timestamp>
			</report>
			<report>
				<misses>16744001</misses>
				<total>41</total>
				<timestamp>5519.996380</timestamp>
			</report>
			<report>
				<misses>16745001</misses>
				<total>41</total>
				<timestamp>5520.326055</timestamp>
			</report>
			<report>
				<misses>16746001</misses>
				<total>41</total>
				<timestamp>5520.655726</timestamp>
			</report>
			<report>
				<misses>16747001</misses>
				<total>41</total>
				<timestamp>5520.985388</timestamp>
			</report>
			<report>
				<misses>16748001</misses>
				<total>41</total>
				<timestamp>5521.315077</timestamp>
			</report>
			<report>
				<misses>16749001</misses>
				<total>41</total>
				<timestamp>5521.644756</timestamp>
			</report>
			<report>
				<misses>16750001</misses>
				<total>41</total>
				<timestamp>5521.974423</timestamp>
			</report>
			<report>
				<misses>16751001</misses>
				<total>41</total>
				<timestamp>5522.304091</timestamp>
			</report>
			<report>
				<misses>16752001</misses>
				<total>41</total>
				<timestamp>5522.633762</timestamp>
			</report>
			<report>
				<misses>16753001</misses>
				<total>41</total>
				<timestamp>5522.963457</timestamp>
			</report>
			<report>
				<misses>16754001</misses>
				<total>41</total>
				<timestamp>5523.293116</timestamp>
			</report>
			<report>
				<misses>16755001</misses>
				<total>41</total>
				<timestamp>5523.622764</timestamp>
			</report>
			<report>
				<misses>16756001</misses>
				<total>41</total>
				<timestamp>5523.952453</timestamp>
			</report>
			<report>
				<misses>16757001</misses>
				<total>41</total>
				<timestamp>5524.282108</timestamp>
			</report>
			<report>
				<misses>16758001</misses>
				<total>41</total>
				<timestamp>5524.611786</timestamp>
			</report>
			<report>
				<misses>16759001</misses>
				<total>41</total>
				<timestamp>5524.941451</timestamp>
			</report>
			<report>
				<misses>16760001</misses>
				<total>41</total>
				<timestamp>5525.271103</timestamp>
			</report>
			<report>
				<misses>16761001</misses>
				<total>41</total>
				<timestamp>5525.600770</timestamp>
			</report>
			<report>
				<misses>16762001</misses>
				<total>41</total>
				<timestamp>5525.930555</timestamp>
			</report>
			<report>
				<misses>16763001</misses>
				<total>41</total>
				<timestamp>5526.260150</timestamp>
			</report>
			<report>
				<misses>16764001</misses>
				<total>41</total>
				<timestamp>5526.589783</timestamp>
			</report>
			<report>
				<misses>16765001</misses>
				<total>41</total>
				<timestamp>5526.919535</timestamp>
			</report>
			<report>
				<misses>16766001</misses>
				<total>41</total>
				<timestamp>5527.249125</timestamp>
			</report>
			<report>
				<misses>16767001</misses>
				<total>41</total>
				<timestamp>5527.578804</timestamp>
			</report>
			<report>
				<misses>16768001</misses>
				<total>41</total>
				<timestamp>5527.908560</timestamp>
			</report>
			<report>
				<misses>16769001</misses>
				<total>41</total>
				<timestamp>5528.238131</timestamp>
			</report>
			<report>
				<misses>16770001</misses>
				<total>41</total>
				<timestamp>5528.567806</timestamp>
			</report>
			<report>
				<misses>16771001</misses>
				<total>41</total>
				<timestamp>5528.897567</timestamp>
			</report>
			<report>
				<misses>16772001</misses>
				<total>41</total>
				<timestamp>5529.227150</timestamp>
			</report>
			<report>
				<misses>16773001</misses>
				<total>41</total>
				<timestamp>5529.556820</timestamp>
			</report>
			<report>
				<misses>16774001</misses>
				<total>41</total>
				<timestamp>5529.886531</timestamp>
			</report>
			<report>
				<misses>16775001</misses>
				<total>41</total>
				<timestamp>5530.216142</timestamp>
			</report>
			<report>
				<misses>16776001</misses>
				<total>41</total>
				<timestamp>5530.545808</timestamp>
			</report>
			<report>
				<misses>16777001</misses>
				<total>41</total>
				<timestamp>5530.875552</timestamp>
			</report>
			<report>
				<misses>16778001</misses>
				<total>41</total>
				<timestamp>5531.205152</timestamp>
			</report>
			<report>
				<misses>16779001</misses>
				<total>41</total>
				<timestamp>5531.534829</timestamp>
			</report>
			<report>
				<misses>16780001</misses>
				<total>41</total>
				<timestamp>5531.864583</timestamp>
			</report>
			<report>
				<misses>16781001</misses>
				<total>41</total>
				<timestamp>5532.194171</timestamp>
			</report>
			<report>
				<misses>16782001</misses>
				<total>41</total>
				<timestamp>5532.523840</timestamp>
			</report>
			<report>
				<misses>16783001</misses>
				<total>41</total>
				<timestamp>5532.853523</timestamp>
			</report>
			<report>
				<misses>16784001</misses>
				<total>41</total>
				<timestamp>5533.183178</timestamp>
			</report>
			<report>
				<misses>16785001</misses>
				<total>41</total>
				<timestamp>5533.512850</timestamp>
			</report>
			<report>
				<misses>16786001</misses>
				<total>41</total>
				<timestamp>5533.842536</timestamp>
			</report>
			<report>
				<misses>16787001</misses>
				<total>41</total>
				<timestamp>5534.172204</timestamp>
			</report>
			<report>
				<misses>16788001</misses>
				<total>41</total>
				<timestamp>5534.501884</timestamp>
			</report>
			<report>
				<misses>16789001</misses>
				<total>41</total>
				<timestamp>5534.831553</timestamp>
			</report>
			<report>
				<misses>16790001</misses>
				<total>41</total>
				<timestamp>5535.161232</timestamp>
			</report>
			<report>
				<misses>16791001</misses>
				<total>41</total>
				<timestamp>5535.490868</timestamp>
			</report>
			<report>
				<misses>16792001</misses>
				<total>41</total>
				<timestamp>5535.820599</timestamp>
			</report>
			<report>
				<misses>16793001</misses>
				<total>41</total>
				<timestamp>5536.150244</timestamp>
			</report>
			<report>
				<misses>16794001</misses>
				<total>41</total>
				<timestamp>5536.479892</timestamp>
			</report>
			<report>
				<misses>16795001</misses>
				<total>41</total>
				<timestamp>5536.809596</timestamp>
			</report>
			<report>
				<misses>16796001</misses>
				<total>41</total>
				<timestamp>5537.139229</timestamp>
			</report>
			<report>
				<misses>16797001</misses>
				<total>41</total>
				<timestamp>5537.468899</timestamp>
			</report>
			<report>
				<misses>16798001</misses>
				<total>41</total>
				<timestamp>5537.798621</timestamp>
			</report>
			<report>
				<misses>16799001</misses>
				<total>41</total>
				<timestamp>5538.128239</timestamp>
			</report>
			<report>
				<misses>16800001</misses>
				<total>41</total>
				<timestamp>5538.457909</timestamp>
			</report>
			<report>
				<misses>16801001</misses>
				<total>41</total>
				<timestamp>5538.787600</timestamp>
			</report>
			<report>
				<misses>16802001</misses>
				<total>41</total>
				<timestamp>5539.117277</timestamp>
			</report>
			<report>
				<misses>16803001</misses>
				<total>41</total>
				<timestamp>5539.446905</timestamp>
			</report>
			<report>
				<misses>16804001</misses>
				<total>41</total>
				<timestamp>5539.776641</timestamp>
			</report>
			<report>
				<misses>16805001</misses>
				<total>41</total>
				<timestamp>5540.106264</timestamp>
			</report>
			<report>
				<misses>16806001</misses>
				<total>41</total>
				<timestamp>5540.435934</timestamp>
			</report>
			<report>
				<misses>16807001</misses>
				<total>41</total>
				<timestamp>5540.765638</timestamp>
			</report>
			<report>
				<misses>16808001</misses>
				<total>41</total>
				<timestamp>5541.095327</timestamp>
			</report>
			<report>
				<misses>16809001</misses>
				<total>41</total>
				<timestamp>5541.424934</timestamp>
			</report>
			<report>
				<misses>16810001</misses>
				<total>41</total>
				<timestamp>5541.754658</timestamp>
			</report>
			<report>
				<misses>16811001</misses>
				<total>41</total>
				<timestamp>5542.084267</timestamp>
			</report>
			<report>
				<misses>16812001</misses>
				<total>41</total>
				<timestamp>5542.413940</timestamp>
			</report>
			<report>
				<misses>16813001</misses>
				<total>41</total>
				<timestamp>5542.743626</timestamp>
			</report>
			<report>
				<misses>16814001</misses>
				<total>41</total>
				<timestamp>5543.073358</timestamp>
			</report>
			<report>
				<misses>16815001</misses>
				<total>41</total>
				<timestamp>5543.403000</timestamp>
			</report>
			<report>
				<misses>16816001</misses>
				<total>41</total>
				<timestamp>5543.732637</timestamp>
			</report>
			<report>
				<misses>16817001</misses>
				<total>41</total>
				<timestamp>5544.062303</timestamp>
			</report>
			<report>
				<misses>16818001</misses>
				<total>41</total>
				<timestamp>5544.391961</timestamp>
			</report>
			<report>
				<misses>16819001</misses>
				<total>41</total>
				<timestamp>5544.721633</timestamp>
			</report>
			<report>
				<misses>16820001</misses>
				<total>41</total>
				<timestamp>5545.051330</timestamp>
			</report>
			<report>
				<misses>16821001</misses>
				<total>41</total>
				<timestamp>5545.380968</timestamp>
			</report>
			<report>
				<misses>16822001</misses>
				<total>41</total>
				<timestamp>5545.710650</timestamp>
			</report>
			<report>
				<misses>16823001</misses>
				<total>41</total>
				<timestamp>5546.040377</timestamp>
			</report>
			<report>
				<misses>16824001</misses>
				<total>41</total>
				<timestamp>5546.370005</timestamp>
			</report>
			<report>
				<misses>16825001</misses>
				<total>41</total>
				<timestamp>5546.699680</timestamp>
			</report>
			<report>
				<misses>16826001</misses>
				<total>41</total>
				<timestamp>5547.029347</timestamp>
			</report>
			<report>
				<misses>16827001</misses>
				<total>41</total>
				<timestamp>5547.358997</timestamp>
			</report>
			<report>
				<misses>16828001</misses>
				<total>41</total>
				<timestamp>5547.688668</timestamp>
			</report>
			<report>
				<misses>16829001</misses>
				<total>41</total>
				<timestamp>5548.018384</timestamp>
			</report>
			<report>
				<misses>16830001</misses>
				<total>41</total>
				<timestamp>5548.348021</timestamp>
			</report>
			<report>
				<misses>16831001</misses>
				<total>41</total>
				<timestamp>5548.677678</timestamp>
			</report>
			<report>
				<misses>16832001</misses>
				<total>41</total>
				<timestamp>5549.007420</timestamp>
			</report>
			<report>
				<misses>16833001</misses>
				<total>41</total>
				<timestamp>5549.337019</timestamp>
			</report>
			<report>
				<misses>16834001</misses>
				<total>41</total>
				<timestamp>5549.666692</timestamp>
			</report>
			<report>
				<misses>16835001</misses>
				<total>41</total>
				<timestamp>5549.996428</timestamp>
			</report>
			<report>
				<misses>16836001</misses>
				<total>41</total>
				<timestamp>5550.326035</timestamp>
			</report>
			<report>
				<misses>16837001</misses>
				<total>41</total>
				<timestamp>5550.655714</timestamp>
			</report>
			<report>
				<misses>16838001</misses>
				<total>41</total>
				<timestamp>5550.985519</timestamp>
			</report>
			<report>
				<misses>16839001</misses>
				<total>41</total>
				<timestamp>5551.315067</timestamp>
			</report>
			<report>
				<misses>16840001</misses>
				<total>41</total>
				<timestamp>5551.644718</timestamp>
			</report>
			<report>
				<misses>16841001</misses>
				<total>41</total>
				<timestamp>5551.974404</timestamp>
			</report>
			<report>
				<misses>16842001</misses>
				<total>41</total>
				<timestamp>5552.304047</timestamp>
			</report>
			<report>
				<misses>16843001</misses>
				<total>41</total>
				<timestamp>5552.633751</timestamp>
			</report>
			<report>
				<misses>16844001</misses>
				<total>41</total>
				<timestamp>5552.963454</timestamp>
			</report>
			<report>
				<misses>16845001</misses>
				<total>41</total>
				<timestamp>5553.293113</timestamp>
			</report>
			<report>
				<misses>16846001</misses>
				<total>41</total>
				<timestamp>5553.622745</timestamp>
			</report>
			<report>
				<misses>16847001</misses>
				<total>41</total>
				<timestamp>5553.952461</timestamp>
			</report>
			<report>
				<misses>16848001</misses>
				<total>41</total>
				<timestamp>5554.282101</timestamp>
			</report>
			<report>
				<misses>16849001</misses>
				<total>41</total>
				<timestamp>5554.611764</timestamp>
			</report>
			<report>
				<misses>16850001</misses>
				<total>41</total>
				<timestamp>5554.941420</timestamp>
			</report>
			<report>
				<misses>16851001</misses>
				<total>41</total>
				<timestamp>5555.271074</timestamp>
			</report>
			<report>
				<misses>16852001</misses>
				<total>41</total>
				<timestamp>5555.600741</timestamp>
			</report>
			<report>
				<misses>16853001</misses>
				<total>41</total>
				<timestamp>5555.930459</timestamp>
			</report>
			<report>
				<misses>16854001</misses>
				<total>41</total>
				<timestamp>5556.260091</timestamp>
			</report>
			<report>
				<misses>16855001</misses>
				<total>41</total>
				<timestamp>5556.589757</timestamp>
			</report>
			<report>
				<misses>16856001</misses>
				<total>41</total>
				<timestamp>5556.919451</timestamp>
			</report>
			<report>
				<misses>16857001</misses>
				<total>41</total>
				<timestamp>5557.249111</timestamp>
			</report>
			<report>
				<misses>16858001</misses>
				<total>41</total>
				<timestamp>5557.578770</timestamp>
			</report>
			<report>
				<misses>16859001</misses>
				<total>41</total>
				<timestamp>5557.908440</timestamp>
			</report>
			<report>
				<misses>16860001</misses>
				<total>41</total>
				<timestamp>5558.238121</timestamp>
			</report>
			<report>
				<misses>16861001</misses>
				<total>41</total>
				<timestamp>5558.567786</timestamp>
			</report>
			<report>
				<misses>16862001</misses>
				<total>41</total>
				<timestamp>5558.897482</timestamp>
			</report>
			<report>
				<misses>16863001</misses>
				<total>41</total>
				<timestamp>5559.227128</timestamp>
			</report>
			<report>
				<misses>16864001</misses>
				<total>41</total>
				<timestamp>5559.556854</timestamp>
			</report>
			<report>
				<misses>16865001</misses>
				<total>41</total>
				<timestamp>5559.886462</timestamp>
			</report>
			<report>
				<misses>16866001</misses>
				<total>41</total>
				<timestamp>5560.216126</timestamp>
			</report>
			<report>
				<misses>16867001</misses>
				<total>41</total>
				<timestamp>5560.545801</timestamp>
			</report>
			<report>
				<misses>16868001</misses>
				<total>41</total>
				<timestamp>5560.875547</timestamp>
			</report>
			<report>
				<misses>16869001</misses>
				<total>41</total>
				<timestamp>5561.205139</timestamp>
			</report>
			<report>
				<misses>16870001</misses>
				<total>41</total>
				<timestamp>5561.534832</timestamp>
			</report>
			<report>
				<misses>16871001</misses>
				<total>41</total>
				<timestamp>5561.864470</timestamp>
			</report>
			<report>
				<misses>16872001</misses>
				<total>41</total>
				<timestamp>5562.194137</timestamp>
			</report>
			<report>
				<misses>16873001</misses>
				<total>41</total>
				<timestamp>5562.523828</timestamp>
			</report>
			<report>
				<misses>16874001</misses>
				<total>41</total>
				<timestamp>5562.853505</timestamp>
			</report>
			<report>
				<misses>16875001</misses>
				<total>41</total>
				<timestamp>5563.183161</timestamp>
			</report>
			<report>
				<misses>16876001</misses>
				<total>41</total>
				<timestamp>5563.512835</timestamp>
			</report>
			<report>
				<misses>16877001</misses>
				<total>41</total>
				<timestamp>5563.842500</timestamp>
			</report>
			<report>
				<misses>16878001</misses>
				<total>41</total>
				<timestamp>5564.172181</timestamp>
			</report>
			<report>
				<misses>16879001</misses>
				<total>41</total>
				<timestamp>5564.501841</timestamp>
			</report>
			<report>
				<misses>16880001</misses>
				<total>41</total>
				<timestamp>5564.831508</timestamp>
			</report>
			<report>
				<misses>16881001</misses>
				<total>41</total>
				<timestamp>5565.161162</timestamp>
			</report>
			<report>
				<misses>16882001</misses>
				<total>41</total>
				<timestamp>5565.490830</timestamp>
			</report>
			<report>
				<misses>16883001</misses>
				<total>41</total>
				<timestamp>5565.820543</timestamp>
			</report>
			<report>
				<misses>16884001</misses>
				<total>41</total>
				<timestamp>5566.150202</timestamp>
			</report>
			<report>
				<misses>16885001</misses>
				<total>41</total>
				<timestamp>5566.479863</timestamp>
			</report>
			<report>
				<misses>16886001</misses>
				<total>41</total>
				<timestamp>5566.809543</timestamp>
			</report>
			<report>
				<misses>16887001</misses>
				<total>41</total>
				<timestamp>5567.139317</timestamp>
			</report>
			<report>
				<misses>16888001</misses>
				<total>41</total>
				<timestamp>5567.468874</timestamp>
			</report>
			<report>
				<misses>16889001</misses>
				<total>41</total>
				<timestamp>5567.798583</timestamp>
			</report>
			<report>
				<misses>16890001</misses>
				<total>41</total>
				<timestamp>5568.128246</timestamp>
			</report>
			<report>
				<misses>16891001</misses>
				<total>41</total>
				<timestamp>5568.457889</timestamp>
			</report>
			<report>
				<misses>16892001</misses>
				<total>41</total>
				<timestamp>5568.787570</timestamp>
			</report>
			<report>
				<misses>16893001</misses>
				<total>41</total>
				<timestamp>5569.117359</timestamp>
			</report>
			<report>
				<misses>16894001</misses>
				<total>41</total>
				<timestamp>5569.446889</timestamp>
			</report>
			<report>
				<misses>16895001</misses>
				<total>41</total>
				<timestamp>5569.776557</timestamp>
			</report>
			<report>
				<misses>16896001</misses>
				<total>41</total>
				<timestamp>5570.106382</timestamp>
			</report>
			<report>
				<misses>16897001</misses>
				<total>41</total>
				<timestamp>5570.435900</timestamp>
			</report>
			<report>
				<misses>16898001</misses>
				<total>41</total>
				<timestamp>5570.765563</timestamp>
			</report>
			<report>
				<misses>16899001</misses>
				<total>41</total>
				<timestamp>5571.095272</timestamp>
			</report>
			<report>
				<misses>16900001</misses>
				<total>41</total>
				<timestamp>5571.424908</timestamp>
			</report>
			<report>
				<misses>16901001</misses>
				<total>41</total>
				<timestamp>5571.754638</timestamp>
			</report>
			<report>
				<misses>16902001</misses>
				<total>41</total>
				<timestamp>5572.084366</timestamp>
			</report>
			<report>
				<misses>16903001</misses>
				<total>41</total>
				<timestamp>5572.413929</timestamp>
			</report>
			<report>
				<misses>16904001</misses>
				<total>41</total>
				<timestamp>5572.743595</timestamp>
			</report>
			<report>
				<misses>16905001</misses>
				<total>41</total>
				<timestamp>5573.073297</timestamp>
			</report>
			<report>
				<misses>16906001</misses>
				<total>41</total>
				<timestamp>5573.402969</timestamp>
			</report>
			<report>
				<misses>16907001</misses>
				<total>41</total>
				<timestamp>5573.732600</timestamp>
			</report>
			<report>
				<misses>16908001</misses>
				<total>41</total>
				<timestamp>5574.062297</timestamp>
			</report>
			<report>
				<misses>16909001</misses>
				<total>41</total>
				<timestamp>5574.391927</timestamp>
			</report>
			<report>
				<misses>16910001</misses>
				<total>41</total>
				<timestamp>5574.721603</timestamp>
			</report>
			<report>
				<misses>16911001</misses>
				<total>41</total>
				<timestamp>5575.051380</timestamp>
			</report>
			<report>
				<misses>16912001</misses>
				<total>41</total>
				<timestamp>5575.380945</timestamp>
			</report>
			<report>
				<misses>16913001</misses>
				<total>41</total>
				<timestamp>5575.710617</timestamp>
			</report>
			<report>
				<misses>16914001</misses>
				<total>41</total>
				<timestamp>5576.040360</timestamp>
			</report>
			<report>
				<misses>16915001</misses>
				<total>41</total>
				<timestamp>5576.370004</timestamp>
			</report>
			<report>
				<misses>16916001</misses>
				<total>41</total>
				<timestamp>5576.699629</timestamp>
			</report>
			<report>
				<misses>16917001</misses>
				<total>41</total>
				<timestamp>5577.029414</timestamp>
			</report>
			<report>
				<misses>16918001</misses>
				<total>41</total>
				<timestamp>5577.358966</timestamp>
			</report>
			<report>
				<misses>16919001</misses>
				<total>41</total>
				<timestamp>5577.688654</timestamp>
			</report>
			<report>
				<misses>16920001</misses>
				<total>41</total>
				<timestamp>5578.018350</timestamp>
			</report>
			<report>
				<misses>16921001</misses>
				<total>41</total>
				<timestamp>5578.347986</timestamp>
			</report>
			<report>
				<misses>16922001</misses>
				<total>41</total>
				<timestamp>5578.677733</timestamp>
			</report>
			<report>
				<misses>16923001</misses>
				<total>41</total>
				<timestamp>5579.007371</timestamp>
			</report>
			<report>
				<misses>16924001</misses>
				<total>41</total>
				<timestamp>5579.336994</timestamp>
			</report>
			<report>
				<misses>16925001</misses>
				<total>41</total>
				<timestamp>5579.666665</timestamp>
			</report>
			<report>
				<misses>16926001</misses>
				<total>41</total>
				<timestamp>5579.996380</timestamp>
			</report>
			<report>
				<misses>16927001</misses>
				<total>41</total>
				<timestamp>5580.325996</timestamp>
			</report>
			<report>
				<misses>16928001</misses>
				<total>41</total>
				<timestamp>5580.655684</timestamp>
			</report>
			<report>
				<misses>16929001</misses>
				<total>41</total>
				<timestamp>5580.985336</timestamp>
			</report>
			<report>
				<misses>16930001</misses>
				<total>41</total>
				<timestamp>5581.315003</timestamp>
			</report>
			<report>
				<misses>16931001</misses>
				<total>41</total>
				<timestamp>5581.644752</timestamp>
			</report>
			<report>
				<misses>16932001</misses>
				<total>41</total>
				<timestamp>5581.974366</timestamp>
			</report>
			<report>
				<misses>16933001</misses>
				<total>41</total>
				<timestamp>5582.304008</timestamp>
			</report>
			<report>
				<misses>16934001</misses>
				<total>41</total>
				<timestamp>5582.633683</timestamp>
			</report>
			<report>
				<misses>16935001</misses>
				<total>41</total>
				<timestamp>5582.963386</timestamp>
			</report>
			<report>
				<misses>16936001</misses>
				<total>41</total>
				<timestamp>5583.293026</timestamp>
			</report>
			<report>
				<misses>16937001</misses>
				<total>41</total>
				<timestamp>5583.622698</timestamp>
			</report>
			<report>
				<misses>16938001</misses>
				<total>41</total>
				<timestamp>5583.952367</timestamp>
			</report>
			<report>
				<misses>16939001</misses>
				<total>41</total>
				<timestamp>5584.282042</timestamp>
			</report>
			<report>
				<misses>16940001</misses>
				<total>41</total>
				<timestamp>5584.611701</timestamp>
			</report>
			<report>
				<misses>16941001</misses>
				<total>41</total>
				<timestamp>5584.941372</timestamp>
			</report>
			<report>
				<misses>16942001</misses>
				<total>41</total>
				<timestamp>5585.271055</timestamp>
			</report>
			<report>
				<misses>16943001</misses>
				<total>41</total>
				<timestamp>5585.600721</timestamp>
			</report>
			<report>
				<misses>16944001</misses>
				<total>41</total>
				<timestamp>5585.930382</timestamp>
			</report>
			<report>
				<misses>16945001</misses>
				<total>41</total>
				<timestamp>5586.260131</timestamp>
			</report>
			<report>
				<misses>16946001</misses>
				<total>41</total>
				<timestamp>5586.589733</timestamp>
			</report>
			<report>
				<misses>16947001</misses>
				<total>41</total>
				<timestamp>5586.919389</timestamp>
			</report>
			<report>
				<misses>16948001</misses>
				<total>41</total>
				<timestamp>5587.249197</timestamp>
			</report>
			<report>
				<misses>16949001</misses>
				<total>41</total>
				<timestamp>5587.578788</timestamp>
			</report>
			<report>
				<misses>16950001</misses>
				<total>41</total>
				<timestamp>5587.908486</timestamp>
			</report>
			<report>
				<misses>16951001</misses>
				<total>41</total>
				<timestamp>5588.238151</timestamp>
			</report>
			<report>
				<misses>16952001</misses>
				<total>41</total>
				<timestamp>5588.567765</timestamp>
			</report>
			<report>
				<misses>16953001</misses>
				<total>41</total>
				<timestamp>5588.897488</timestamp>
			</report>
			<report>
				<misses>16954001</misses>
				<total>41</total>
				<timestamp>5589.227178</timestamp>
			</report>
			<report>
				<misses>16955001</misses>
				<total>41</total>
				<timestamp>5589.556766</timestamp>
			</report>
			<report>
				<misses>16956001</misses>
				<total>41</total>
				<timestamp>5589.886456</timestamp>
			</report>
			<report>
				<misses>16957001</misses>
				<total>41</total>
				<timestamp>5590.216195</timestamp>
			</report>
			<report>
				<misses>16958001</misses>
				<total>41</total>
				<timestamp>5590.545766</timestamp>
			</report>
			<report>
				<misses>16959001</misses>
				<total>41</total>
				<timestamp>5590.875448</timestamp>
			</report>
			<report>
				<misses>16960001</misses>
				<total>41</total>
				<timestamp>5591.205127</timestamp>
			</report>
			<report>
				<misses>16961001</misses>
				<total>41</total>
				<timestamp>5591.534795</timestamp>
			</report>
			<report>
				<misses>16962001</misses>
				<total>41</total>
				<timestamp>5591.864454</timestamp>
			</report>
			<report>
				<misses>16963001</misses>
				<total>41</total>
				<timestamp>5592.194190</timestamp>
			</report>
			<report>
				<misses>16964001</misses>
				<total>41</total>
				<timestamp>5592.523807</timestamp>
			</report>
			<report>
				<misses>16965001</misses>
				<total>41</total>
				<timestamp>5592.853488</timestamp>
			</report>
			<report>
				<misses>16966001</misses>
				<total>41</total>
				<timestamp>5593.183134</timestamp>
			</report>
			<report>
				<misses>16967001</misses>
				<total>41</total>
				<timestamp>5593.512795</timestamp>
			</report>
			<report>
				<misses>16968001</misses>
				<total>41</total>
				<timestamp>5593.842483</timestamp>
			</report>
			<report>
				<misses>16969001</misses>
				<total>41</total>
				<timestamp>5594.172310</timestamp>
			</report>
			<report>
				<misses>16970001</misses>
				<total>41</total>
				<timestamp>5594.501809</timestamp>
			</report>
			<report>
				<misses>16971001</misses>
				<total>41</total>
				<timestamp>5594.831508</timestamp>
			</report>
			<report>
				<misses>16972001</misses>
				<total>41</total>
				<timestamp>5595.161194</timestamp>
			</report>
			<report>
				<misses>16973001</misses>
				<total>41</total>
				<timestamp>5595.490829</timestamp>
			</report>
			<report>
				<misses>16974001</misses>
				<total>41</total>
				<timestamp>5595.820502</timestamp>
			</report>
			<report>
				<misses>16975001</misses>
				<total>41</total>
				<timestamp>5596.150258</timestamp>
			</report>
			<report>
				<misses>16976001</misses>
				<total>41</total>
				<timestamp>5596.479832</timestamp>
			</report>
			<report>
				<misses>16977001</misses>
				<total>41</total>
				<timestamp>5596.809510</timestamp>
			</report>
			<report>
				<misses>16978001</misses>
				<total>41</total>
				<timestamp>5597.139264</timestamp>
			</report>
			<report>
				<misses>16979001</misses>
				<total>41</total>
				<timestamp>5597.468842</timestamp>
			</report>
			<report>
				<misses>16980001</misses>
				<total>41</total>
				<timestamp>5597.798532</timestamp>
			</report>
			<report>
				<misses>16981001</misses>
				<total>41</total>
				<timestamp>5598.128240</timestamp>
			</report>
			<report>
				<misses>16982001</misses>
				<total>41</total>
				<timestamp>5598.457849</timestamp>
			</report>
			<report>
				<misses>16983001</misses>
				<total>41</total>
				<timestamp>5598.787524</timestamp>
			</report>
			<report>
				<misses>16984001</misses>
				<total>41</total>
				<timestamp>5599.117216</timestamp>
			</report>
			<report>
				<misses>16985001</misses>
				<total>41</total>
				<timestamp>5599.446862</timestamp>
			</report>
			<report>
				<misses>16986001</misses>
				<total>41</total>
				<timestamp>5599.776532</timestamp>
			</report>
			<report>
				<misses>16987001</misses>
				<total>41</total>
				<timestamp>5600.106273</timestamp>
			</report>
			<report>
				<misses>16988001</misses>
				<total>41</total>
				<timestamp>5600.435868</timestamp>
			</report>
			<report>
				<misses>16989001</misses>
				<total>41</total>
				<timestamp>5600.765562</timestamp>
			</report>
			<report>
				<misses>16990001</misses>
				<total>41</total>
				<timestamp>5601.095258</timestamp>
			</report>
			<report>
				<misses>16991001</misses>
				<total>41</total>
				<timestamp>5601.424898</timestamp>
			</report>
			<report>
				<misses>16992001</misses>
				<total>41</total>
				<timestamp>5601.754559</timestamp>
			</report>
			<report>
				<misses>16993001</misses>
				<total>41</total>
				<timestamp>5602.084285</timestamp>
			</report>
			<report>
				<misses>16994001</misses>
				<total>41</total>
				<timestamp>5602.413884</timestamp>
			</report>
			<report>
				<misses>16995001</misses>
				<total>41</total>
				<timestamp>5602.743579</timestamp>
			</report>
			<report>
				<misses>16996001</misses>
				<total>41</total>
				<timestamp>5603.073308</timestamp>
			</report>
			<report>
				<misses>16997001</misses>
				<total>41</total>
				<timestamp>5603.402931</timestamp>
			</report>
			<report>
				<misses>16998001</misses>
				<total>41</total>
				<timestamp>5603.732566</timestamp>
			</report>
			<report>
				<misses>16999001</misses>
				<total>41</total>
				<timestamp>5604.062239</timestamp>
			</report>
			<report>
				<misses>17000001</misses>
				<total>41</total>
				<timestamp>5604.391932</timestamp>
			</report>
			<report>
				<misses>17001001</misses>
				<total>41</total>
				<timestamp>5604.721577</timestamp>
			</report>
			<report>
				<misses>17002001</misses>
				<total>41</total>
				<timestamp>5605.051284</timestamp>
			</report>
			<report>
				<misses>17003001</misses>
				<total>41</total>
				<timestamp>5605.380917</timestamp>
			</report>
			<report>
				<misses>17004001</misses>
				<total>41</total>
				<timestamp>5605.710591</timestamp>
			</report>
			<report>
				<misses>17005001</misses>
				<total>41</total>
				<timestamp>5606.040266</timestamp>
			</report>
			<report>
				<misses>17006001</misses>
				<total>41</total>
				<timestamp>5606.369926</timestamp>
			</report>
			<report>
				<misses>17007001</misses>
				<total>41</total>
				<timestamp>5606.699590</timestamp>
			</report>
			<report>
				<misses>17008001</misses>
				<total>41</total>
				<timestamp>5607.029288</timestamp>
			</report>
			<report>
				<misses>17009001</misses>
				<total>41</total>
				<timestamp>5607.358929</timestamp>
			</report>
			<report>
				<misses>17010001</misses>
				<total>41</total>
				<timestamp>5607.688594</timestamp>
			</report>
			<report>
				<misses>17011001</misses>
				<total>41</total>
				<timestamp>5608.018342</timestamp>
			</report>
			<report>
				<misses>17012001</misses>
				<total>41</total>
				<timestamp>5608.347993</timestamp>
			</report>
			<report>
				<misses>17013001</misses>
				<total>41</total>
				<timestamp>5608.677655</timestamp>
			</report>
			<report>
				<misses>17014001</misses>
				<total>41</total>
				<timestamp>5609.007286</timestamp>
			</report>
			<report>
				<misses>17015001</misses>
				<total>41</total>
				<timestamp>5609.336955</timestamp>
			</report>
			<report>
				<misses>17016001</misses>
				<total>41</total>
				<timestamp>5609.666635</timestamp>
			</report>
			<report>
				<misses>17017001</misses>
				<total>41</total>
				<timestamp>5609.996303</timestamp>
			</report>
			<report>
				<misses>17018001</misses>
				<total>41</total>
				<timestamp>5610.325989</timestamp>
			</report>
			<report>
				<misses>17019001</misses>
				<total>41</total>
				<timestamp>5610.655634</timestamp>
			</report>
			<report>
				<misses>17020001</misses>
				<total>41</total>
				<timestamp>5610.985300</timestamp>
			</report>
			<report>
				<misses>17021001</misses>
				<total>41</total>
				<timestamp>5611.315063</timestamp>
			</report>
			<report>
				<misses>17022001</misses>
				<total>41</total>
				<timestamp>5611.644645</timestamp>
			</report>
			<report>
				<misses>17023001</misses>
				<total>41</total>
				<timestamp>5611.974322</timestamp>
			</report>
			<report>
				<misses>17024001</misses>
				<total>41</total>
				<timestamp>5612.304110</timestamp>
			</report>
			<report>
				<misses>17025001</misses>
				<total>41</total>
				<timestamp>5612.633689</timestamp>
			</report>
			<report>
				<misses>17026001</misses>
				<total>41</total>
				<timestamp>5612.963334</timestamp>
			</report>
			<report>
				<misses>17027001</misses>
				<total>41</total>
				<timestamp>5613.293094</timestamp>
			</report>
			<report>
				<misses>17028001</misses>
				<total>41</total>
				<timestamp>5613.622661</timestamp>
			</report>
			<report>
				<misses>17029001</misses>
				<total>41</total>
				<timestamp>5613.952331</timestamp>
			</report>
			<report>
				<misses>17030001</misses>
				<total>41</total>
				<timestamp>5614.282023</timestamp>
			</report>
			<report>
				<misses>17031001</misses>
				<total>41</total>
				<timestamp>5614.611695</timestamp>
			</report>
			<report>
				<misses>17032001</misses>
				<total>41</total>
				<timestamp>5614.941367</timestamp>
			</report>
			<report>
				<misses>17033001</misses>
				<total>41</total>
				<timestamp>5615.271060</timestamp>
			</report>
			<report>
				<misses>17034001</misses>
				<total>41</total>
				<timestamp>5615.600709</timestamp>
			</report>
			<report>
				<misses>17035001</misses>
				<total>41</total>
				<timestamp>5615.930358</timestamp>
			</report>
			<report>
				<misses>17036001</misses>
				<total>41</total>
				<timestamp>5616.260020</timestamp>
			</report>
			<report>
				<misses>17037001</misses>
				<total>41</total>
				<timestamp>5616.589704</timestamp>
			</report>
			<report>
				<misses>17038001</misses>
				<total>41</total>
				<timestamp>5616.919382</timestamp>
			</report>
			<report>
				<misses>17039001</misses>
				<total>41</total>
				<timestamp>5617.249088</timestamp>
			</report>
			<report>
				<misses>17040001</misses>
				<total>41</total>
				<timestamp>5617.578699</timestamp>
			</report>
			<report>
				<misses>17041001</misses>
				<total>41</total>
				<timestamp>5617.908376</timestamp>
			</report>
			<report>
				<misses>17042001</misses>
				<total>41</total>
				<timestamp>5618.238063</timestamp>
			</report>
			<report>
				<misses>17043001</misses>
				<total>41</total>
				<timestamp>5618.567716</timestamp>
			</report>
			<report>
				<misses>17044001</misses>
				<total>41</total>
				<timestamp>5618.897382</timestamp>
			</report>
			<report>
				<misses>17045001</misses>
				<total>41</total>
				<timestamp>5619.227109</timestamp>
			</report>
			<report>
				<misses>17046001</misses>
				<total>41</total>
				<timestamp>5619.556725</timestamp>
			</report>
			<report>
				<misses>17047001</misses>
				<total>41</total>
				<timestamp>5619.886396</timestamp>
			</report>
			<report>
				<misses>17048001</misses>
				<total>41</total>
				<timestamp>5620.216173</timestamp>
			</report>
			<report>
				<misses>17049001</misses>
				<total>41</total>
				<timestamp>5620.545740</timestamp>
			</report>
			<report>
				<misses>17050001</misses>
				<total>41</total>
				<timestamp>5620.875432</timestamp>
			</report>
			<report>
				<misses>17051001</misses>
				<total>41</total>
				<timestamp>5621.205182</timestamp>
			</report>
			<report>
				<misses>17052001</misses>
				<total>41</total>
				<timestamp>5621.534754</timestamp>
			</report>
			<report>
				<misses>17053001</misses>
				<total>42</total>
				<timestamp>5621.864422</timestamp>
			</report>
			<report>
				<misses>17054001</misses>
				<total>42</total>
				<timestamp>5622.194104</timestamp>
			</report>
			<report>
				<misses>17055001</misses>
				<total>42</total>
				<timestamp>5622.523771</timestamp>
			</report>
			<report>
				<misses>17056001</misses>
				<total>42</total>
				<timestamp>5622.853431</timestamp>
			</report>
			<report>
				<misses>17057001</misses>
				<total>42</total>
				<timestamp>5623.183148</timestamp>
			</report>
			<report>
				<misses>17058001</misses>
				<total>42</total>
				<timestamp>5623.512769</timestamp>
			</report>
			<report>
				<misses>17059001</misses>
				<total>42</total>
				<timestamp>5623.842446</timestamp>
			</report>
			<report>
				<misses>17060001</misses>
				<total>42</total>
				<timestamp>5624.172129</timestamp>
			</report>
			<report>
				<misses>17061001</misses>
				<total>42</total>
				<timestamp>5624.501783</timestamp>
			</report>
			<report>
				<misses>17062001</misses>
				<total>42</total>
				<timestamp>5624.831467</timestamp>
			</report>
			<report>
				<misses>17063001</misses>
				<total>42</total>
				<timestamp>5625.161135</timestamp>
			</report>
			<report>
				<misses>17064001</misses>
				<total>42</total>
				<timestamp>5625.490786</timestamp>
			</report>
			<report>
				<misses>17065001</misses>
				<total>42</total>
				<timestamp>5625.820451</timestamp>
			</report>
			<report>
				<misses>17066001</misses>
				<total>42</total>
				<timestamp>5626.150136</timestamp>
			</report>
			<report>
				<misses>17067001</misses>
				<total>42</total>
				<timestamp>5626.479789</timestamp>
			</report>
			<report>
				<misses>17068001</misses>
				<total>42</total>
				<timestamp>5626.809488</timestamp>
			</report>
			<report>
				<misses>17069001</misses>
				<total>42</total>
				<timestamp>5627.139160</timestamp>
			</report>
			<report>
				<misses>17070001</misses>
				<total>42</total>
				<timestamp>5627.468796</timestamp>
			</report>
			<report>
				<misses>17071001</misses>
				<total>42</total>
				<timestamp>5627.798470</timestamp>
			</report>
			<report>
				<misses>17072001</misses>
				<total>42</total>
				<timestamp>5628.128187</timestamp>
			</report>
			<report>
				<misses>17073001</misses>
				<total>42</total>
				<timestamp>5628.457841</timestamp>
			</report>
			<report>
				<misses>17074001</misses>
				<total>42</total>
				<timestamp>5628.787506</timestamp>
			</report>
			<report>
				<misses>17075001</misses>
				<total>42</total>
				<timestamp>5629.117171</timestamp>
			</report>
			<report>
				<misses>17076001</misses>
				<total>42</total>
				<timestamp>5629.446850</timestamp>
			</report>
			<report>
				<misses>17077001</misses>
				<total>42</total>
				<timestamp>5629.776519</timestamp>
			</report>
			<report>
				<misses>17078001</misses>
				<total>42</total>
				<timestamp>5630.106165</timestamp>
			</report>
			<report>
				<misses>17079001</misses>
				<total>42</total>
				<timestamp>5630.435880</timestamp>
			</report>
			<report>
				<misses>17080001</misses>
				<total>42</total>
				<timestamp>5630.765527</timestamp>
			</report>
			<report>
				<misses>17081001</misses>
				<total>42</total>
				<timestamp>5631.095195</timestamp>
			</report>
			<report>
				<misses>17082001</misses>
				<total>42</total>
				<timestamp>5631.424849</timestamp>
			</report>
			<report>
				<misses>17083001</misses>
				<total>42</total>
				<timestamp>5631.754515</timestamp>
			</report>
			<report>
				<misses>17084001</misses>
				<total>42</total>
				<timestamp>5632.084196</timestamp>
			</report>
			<report>
				<misses>17085001</misses>
				<total>42</total>
				<timestamp>5632.413885</timestamp>
			</report>
			<report>
				<misses>17086001</misses>
				<total>42</total>
				<timestamp>5632.743519</timestamp>
			</report>
			<report>
				<misses>17087001</misses>
				<total>42</total>
				<timestamp>5633.073210</timestamp>
			</report>
			<report>
				<misses>17088001</misses>
				<total>42</total>
				<timestamp>5633.402925</timestamp>
			</report>
			<report>
				<misses>17089001</misses>
				<total>42</total>
				<timestamp>5633.732583</timestamp>
			</report>
			<report>
				<misses>17090001</misses>
				<total>42</total>
				<timestamp>5634.062265</timestamp>
			</report>
			<report>
				<misses>17091001</misses>
				<total>42</total>
				<timestamp>5634.391962</timestamp>
			</report>
			<report>
				<misses>17092001</misses>
				<total>42</total>
				<timestamp>5634.721550</timestamp>
			</report>
			<report>
				<misses>17093001</misses>
				<total>42</total>
				<timestamp>5635.051208</timestamp>
			</report>
			<report>
				<misses>17094001</misses>
				<total>42</total>
				<timestamp>5635.380938</timestamp>
			</report>
			<report>
				<misses>17095001</misses>
				<total>42</total>
				<timestamp>5635.710554</timestamp>
			</report>
			<report>
				<misses>17096001</misses>
				<total>42</total>
				<timestamp>5636.040241</timestamp>
			</report>
			<report>
				<misses>17097001</misses>
				<total>43</total>
				<timestamp>5636.369972</timestamp>
			</report>
			<report>
				<misses>17098001</misses>
				<total>43</total>
				<timestamp>5636.699564</timestamp>
			</report>
			<report>
				<misses>17099001</misses>
				<total>43</total>
				<timestamp>5637.029233</timestamp>
			</report>
			<report>
				<misses>17100001</misses>
				<total>43</total>
				<timestamp>5637.358966</timestamp>
			</report>
			<report>
				<misses>17101001</misses>
				<total>43</total>
				<timestamp>5637.688570</timestamp>
			</report>
			<report>
				<misses>17102001</misses>
				<total>43</total>
				<timestamp>5638.018252</timestamp>
			</report>
			<report>
				<misses>17103001</misses>
				<total>43</total>
				<timestamp>5638.347963</timestamp>
			</report>
			<report>
				<misses>17104001</misses>
				<total>43</total>
				<timestamp>5638.677589</timestamp>
			</report>
			<report>
				<misses>17105001</misses>
				<total>43</total>
				<timestamp>5639.007254</timestamp>
			</report>
			<report>
				<misses>17106001</misses>
				<total>43</total>
				<timestamp>5639.336962</timestamp>
			</report>
			<report>
				<misses>17107001</misses>
				<total>43</total>
				<timestamp>5639.666596</timestamp>
			</report>
			<report>
				<misses>17108001</misses>
				<total>43</total>
				<timestamp>5639.996260</timestamp>
			</report>
			<report>
				<misses>17109001</misses>
				<total>43</total>
				<timestamp>5640.326019</timestamp>
			</report>
			<report>
				<misses>17110001</misses>
				<total>43</total>
				<timestamp>5640.655606</timestamp>
			</report>
			<report>
				<misses>17111001</misses>
				<total>43</total>
				<timestamp>5640.985283</timestamp>
			</report>
			<report>
				<misses>17112001</misses>
				<total>43</total>
				<timestamp>5641.315009</timestamp>
			</report>
			<report>
				<misses>17113001</misses>
				<total>43</total>
				<timestamp>5641.644612</timestamp>
			</report>
			<report>
				<misses>17114001</misses>
				<total>43</total>
				<timestamp>5641.974285</timestamp>
			</report>
			<report>
				<misses>17115001</misses>
				<total>43</total>
				<timestamp>5642.304077</timestamp>
			</report>
			<report>
				<misses>17116001</misses>
				<total>43</total>
				<timestamp>5642.633621</timestamp>
			</report>
			<report>
				<misses>17117001</misses>
				<total>43</total>
				<timestamp>5642.963303</timestamp>
			</report>
			<report>
				<misses>17118001</misses>
				<total>43</total>
				<timestamp>5643.293024</timestamp>
			</report>
			<report>
				<misses>17119001</misses>
				<total>43</total>
				<timestamp>5643.622668</timestamp>
			</report>
			<report>
				<misses>17120001</misses>
				<total>43</total>
				<timestamp>5643.952317</timestamp>
			</report>
			<report>
				<misses>17121001</misses>
				<total>43</total>
				<timestamp>5644.282089</timestamp>
			</report>
			<report>
				<misses>17122001</misses>
				<total>43</total>
				<timestamp>5644.611656</timestamp>
			</report>
			<report>
				<misses>17123001</misses>
				<total>43</total>
				<timestamp>5644.941327</timestamp>
			</report>
			<report>
				<misses>17124001</misses>
				<total>43</total>
				<timestamp>5645.270991</timestamp>
			</report>
			<report>
				<misses>17125001</misses>
				<total>43</total>
				<timestamp>5645.600664</timestamp>
			</report>
			<report>
				<misses>17126001</misses>
				<total>43</total>
				<timestamp>5645.930335</timestamp>
			</report>
			<report>
				<misses>17127001</misses>
				<total>43</total>
				<timestamp>5646.260045</timestamp>
			</report>
			<report>
				<misses>17128001</misses>
				<total>43</total>
				<timestamp>5646.589672</timestamp>
			</report>
			<report>
				<misses>17129001</misses>
				<total>43</total>
				<timestamp>5646.919357</timestamp>
			</report>
			<report>
				<misses>17130001</misses>
				<total>43</total>
				<timestamp>5647.249061</timestamp>
			</report>
			<report>
				<misses>17131001</misses>
				<total>43</total>
				<timestamp>5647.578700</timestamp>
			</report>
			<report>
				<misses>17132001</misses>
				<total>43</total>
				<timestamp>5647.908361</timestamp>
			</report>
			<report>
				<misses>17133001</misses>
				<total>43</total>
				<timestamp>5648.238040</timestamp>
			</report>
			<report>
				<misses>17134001</misses>
				<total>43</total>
				<timestamp>5648.567695</timestamp>
			</report>
			<report>
				<misses>17135001</misses>
				<total>43</total>
				<timestamp>5648.897361</timestamp>
			</report>
			<report>
				<misses>17136001</misses>
				<total>43</total>
				<timestamp>5649.227065</timestamp>
			</report>
			<report>
				<misses>17137001</misses>
				<total>43</total>
				<timestamp>5649.556689</timestamp>
			</report>
			<report>
				<misses>17138001</misses>
				<total>43</total>
				<timestamp>5649.886424</timestamp>
			</report>
			<report>
				<misses>17139001</misses>
				<total>43</total>
				<timestamp>5650.216049</timestamp>
			</report>
			<report>
				<misses>17140001</misses>
				<total>43</total>
				<timestamp>5650.545717</timestamp>
			</report>
			<report>
				<misses>17141001</misses>
				<total>43</total>
				<timestamp>5650.875377</timestamp>
			</report>
			<report>
				<misses>17142001</misses>
				<total>43</total>
				<timestamp>5651.205115</timestamp>
			</report>
			<report>
				<misses>17143001</misses>
				<total>43</total>
				<timestamp>5651.534752</timestamp>
			</report>
			<report>
				<misses>17144001</misses>
				<total>43</total>
				<timestamp>5651.864383</timestamp>
			</report>
			<report>
				<misses>17145001</misses>
				<total>43</total>
				<timestamp>5652.194067</timestamp>
			</report>
			<report>
				<misses>17146001</misses>
				<total>43</total>
				<timestamp>5652.523740</timestamp>
			</report>
			<report>
				<misses>17147001</misses>
				<total>43</total>
				<timestamp>5652.853448</timestamp>
			</report>
			<report>
				<misses>17148001</misses>
				<total>43</total>
				<timestamp>5653.183071</timestamp>
			</report>
			<report>
				<misses>17149001</misses>
				<total>43</total>
				<timestamp>5653.512751</timestamp>
			</report>
			<report>
				<misses>17150001</misses>
				<total>43</total>
				<timestamp>5653.842397</timestamp>
			</report>
			<report>
				<misses>17151001</misses>
				<total>43</total>
				<timestamp>5654.172132</timestamp>
			</report>
			<report>
				<misses>17152001</misses>
				<total>43</total>
				<timestamp>5654.501769</timestamp>
			</report>
			<report>
				<misses>17153001</misses>
				<total>43</total>
				<timestamp>5654.831421</timestamp>
			</report>
			<report>
				<misses>17154001</misses>
				<total>43</total>
				<timestamp>5655.161105</timestamp>
			</report>
			<report>
				<misses>17155001</misses>
				<total>43</total>
				<timestamp>5655.490856</timestamp>
			</report>
			<report>
				<misses>17156001</misses>
				<total>43</total>
				<timestamp>5655.820429</timestamp>
			</report>
			<report>
				<misses>17157001</misses>
				<total>43</total>
				<timestamp>5656.150122</timestamp>
			</report>
			<report>
				<misses>17158001</misses>
				<total>43</total>
				<timestamp>5656.479855</timestamp>
			</report>
			<report>
				<misses>17159001</misses>
				<total>43</total>
				<timestamp>5656.809453</timestamp>
			</report>
			<report>
				<misses>17160001</misses>
				<total>43</total>
				<timestamp>5657.139119</timestamp>
			</report>
			<report>
				<misses>17161001</misses>
				<total>43</total>
				<timestamp>5657.468793</timestamp>
			</report>
			<report>
				<misses>17162001</misses>
				<total>43</total>
				<timestamp>5657.798455</timestamp>
			</report>
			<report>
				<misses>17163001</misses>
				<total>43</total>
				<timestamp>5658.128121</timestamp>
			</report>
			<report>
				<misses>17164001</misses>
				<total>43</total>
				<timestamp>5658.457835</timestamp>
			</report>
			<report>
				<misses>17165001</misses>
				<total>43</total>
				<timestamp>5658.787451</timestamp>
			</report>
			<report>
				<misses>17166001</misses>
				<total>43</total>
				<timestamp>5659.117161</timestamp>
			</report>
			<report>
				<misses>17167001</misses>
				<total>43</total>
				<timestamp>5659.446835</timestamp>
			</report>
			<report>
				<misses>17168001</misses>
				<total>43</total>
				<timestamp>5659.776535</timestamp>
			</report>
			<report>
				<misses>17169001</misses>
				<total>43</total>
				<timestamp>5660.106154</timestamp>
			</report>
			<report>
				<misses>17170001</misses>
				<total>43</total>
				<timestamp>5660.435884</timestamp>
			</report>
			<report>
				<misses>17171001</misses>
				<total>43</total>
				<timestamp>5660.765478</timestamp>
			</report>
			<report>
				<misses>17172001</misses>
				<total>43</total>
				<timestamp>5661.095186</timestamp>
			</report>
			<report>
				<misses>17173001</misses>
				<total>43</total>
				<timestamp>5661.424874</timestamp>
			</report>
			<report>
				<misses>17174001</misses>
				<total>43</total>
				<timestamp>5661.754491</timestamp>
			</report>
			<report>
				<misses>17175001</misses>
				<total>43</total>
				<timestamp>5662.084170</timestamp>
			</report>
			<report>
				<misses>17176001</misses>
				<total>43</total>
				<timestamp>5662.413919</timestamp>
			</report>
			<report>
				<misses>17177001</misses>
				<total>43</total>
				<timestamp>5662.743494</timestamp>
			</report>
			<report>
				<misses>17178001</misses>
				<total>43</total>
				<timestamp>5663.073169</timestamp>
			</report>
			<report>
				<misses>17179001</misses>
				<total>43</total>
				<timestamp>5663.402882</timestamp>
			</report>
			<report>
				<misses>17180001</misses>
				<total>43</total>
				<timestamp>5663.732496</timestamp>
			</report>
			<report>
				<misses>17181001</misses>
				<total>43</total>
				<timestamp>5664.062200</timestamp>
			</report>
			<report>
				<misses>17182001</misses>
				<total>43</total>
				<timestamp>5664.391861</timestamp>
			</report>
			<report>
				<misses>17183001</misses>
				<total>43</total>
				<timestamp>5664.721527</timestamp>
			</report>
			<report>
				<misses>17184001</misses>
				<total>43</total>
				<timestamp>5665.051172</timestamp>
			</report>
			<report>
				<misses>17185001</misses>
				<total>43</total>
				<timestamp>5665.380877</timestamp>
			</report>
			<report>
				<misses>17186001</misses>
				<total>43</total>
				<timestamp>5665.710534</timestamp>
			</report>
			<report>
				<misses>17187001</misses>
				<total>43</total>
				<timestamp>5666.040195</timestamp>
			</report>
			<report>
				<misses>17188001</misses>
				<total>43</total>
				<timestamp>5666.369910</timestamp>
			</report>
			<report>
				<misses>17189001</misses>
				<total>43</total>
				<timestamp>5666.699536</timestamp>
			</report>
			<report>
				<misses>17190001</misses>
				<total>43</total>
				<timestamp>5667.029219</timestamp>
			</report>
			<report>
				<misses>17191001</misses>
				<total>43</total>
				<timestamp>5667.358882</timestamp>
			</report>
			<report>
				<misses>17192001</misses>
				<total>43</total>
				<timestamp>5667.688544</timestamp>
			</report>
			<report>
				<misses>17193001</misses>
				<total>43</total>
				<timestamp>5668.018292</timestamp>
			</report>
			<report>
				<misses>17194001</misses>
				<total>43</total>
				<timestamp>5668.347881</timestamp>
			</report>
			<report>
				<misses>17195001</misses>
				<total>43</total>
				<timestamp>5668.677577</timestamp>
			</report>
			<report>
				<misses>17196001</misses>
				<total>43</total>
				<timestamp>5669.007230</timestamp>
			</report>
			<report>
				<misses>17197001</misses>
				<total>43</total>
				<timestamp>5669.336914</timestamp>
			</report>
			<report>
				<misses>17198001</misses>
				<total>43</total>
				<timestamp>5669.666645</timestamp>
			</report>
			<report>
				<misses>17199001</misses>
				<total>43</total>
				<timestamp>5669.996252</timestamp>
			</report>
			<report>
				<misses>17200001</misses>
				<total>43</total>
				<timestamp>5670.325937</timestamp>
			</report>
			<report>
				<misses>17201001</misses>
				<total>43</total>
				<timestamp>5670.655660</timestamp>
			</report>
			<report>
				<misses>17202001</misses>
				<total>43</total>
				<timestamp>5670.985239</timestamp>
			</report>
			<report>
				<misses>17203001</misses>
				<total>43</total>
				<timestamp>5671.314927</timestamp>
			</report>
			<report>
				<misses>17204001</misses>
				<total>43</total>
				<timestamp>5671.644575</timestamp>
			</report>
			<report>
				<misses>17205001</misses>
				<total>43</total>
				<timestamp>5671.974256</timestamp>
			</report>
			<report>
				<misses>17206001</misses>
				<total>43</total>
				<timestamp>5672.303916</timestamp>
			</report>
			<report>
				<misses>17207001</misses>
				<total>43</total>
				<timestamp>5672.633618</timestamp>
			</report>
			<report>
				<misses>17208001</misses>
				<total>43</total>
				<timestamp>5672.963292</timestamp>
			</report>
			<report>
				<misses>17209001</misses>
				<total>43</total>
				<timestamp>5673.293011</timestamp>
			</report>
			<report>
				<misses>17210001</misses>
				<total>43</total>
				<timestamp>5673.622633</timestamp>
			</report>
			<report>
				<misses>17211001</misses>
				<total>43</total>
				<timestamp>5673.952267</timestamp>
			</report>
			<report>
				<misses>17212001</misses>
				<total>43</total>
				<timestamp>5674.281942</timestamp>
			</report>
			<report>
				<misses>17213001</misses>
				<total>43</total>
				<timestamp>5674.611633</timestamp>
			</report>
			<report>
				<misses>17214001</misses>
				<total>43</total>
				<timestamp>5674.941279</timestamp>
			</report>
			<report>
				<misses>17215001</misses>
				<total>43</total>
				<timestamp>5675.270957</timestamp>
			</report>
			<report>
				<misses>17216001</misses>
				<total>43</total>
				<timestamp>5675.600622</timestamp>
			</report>
			<report>
				<misses>17217001</misses>
				<total>43</total>
				<timestamp>5675.930321</timestamp>
			</report>
			<report>
				<misses>17218001</misses>
				<total>43</total>
				<timestamp>5676.259991</timestamp>
			</report>
			<report>
				<misses>17219001</misses>
				<total>43</total>
				<timestamp>5676.589644</timestamp>
			</report>
			<report>
				<misses>17220001</misses>
				<total>43</total>
				<timestamp>5676.919316</timestamp>
			</report>
			<report>
				<misses>17221001</misses>
				<total>43</total>
				<timestamp>5677.248976</timestamp>
			</report>
			<report>
				<misses>17222001</misses>
				<total>43</total>
				<timestamp>5677.578653</timestamp>
			</report>
			<report>
				<misses>17223001</misses>
				<total>43</total>
				<timestamp>5677.908334</timestamp>
			</report>
			<report>
				<misses>17224001</misses>
				<total>43</total>
				<timestamp>5678.238000</timestamp>
			</report>
			<report>
				<misses>17225001</misses>
				<total>43</total>
				<timestamp>5678.567657</timestamp>
			</report>
			<report>
				<misses>17226001</misses>
				<total>43</total>
				<timestamp>5678.897326</timestamp>
			</report>
			<report>
				<misses>17227001</misses>
				<total>43</total>
				<timestamp>5679.226998</timestamp>
			</report>
			<report>
				<misses>17228001</misses>
				<total>43</total>
				<timestamp>5679.556721</timestamp>
			</report>
			<report>
				<misses>17229001</misses>
				<total>43</total>
				<timestamp>5679.886345</timestamp>
			</report>
			<report>
				<misses>17230001</misses>
				<total>43</total>
				<timestamp>5680.216024</timestamp>
			</report>
			<report>
				<misses>17231001</misses>
				<total>43</total>
				<timestamp>5680.545775</timestamp>
			</report>
			<report>
				<misses>17232001</misses>
				<total>43</total>
				<timestamp>5680.875345</timestamp>
			</report>
			<report>
				<misses>17233001</misses>
				<total>43</total>
				<timestamp>5681.205021</timestamp>
			</report>
			<report>
				<misses>17234001</misses>
				<total>43</total>
				<timestamp>5681.534817</timestamp>
			</report>
			<report>
				<misses>17235001</misses>
				<total>43</total>
				<timestamp>5681.864358</timestamp>
			</report>
			<report>
				<misses>17236001</misses>
				<total>43</total>
				<timestamp>5682.194044</timestamp>
			</report>
			<report>
				<misses>17237001</misses>
				<total>43</total>
				<timestamp>5682.523776</timestamp>
			</report>
			<report>
				<misses>17238001</misses>
				<total>43</total>
				<timestamp>5682.853357</timestamp>
			</report>
			<report>
				<misses>17239001</misses>
				<total>43</total>
				<timestamp>5683.183041</timestamp>
			</report>
			<report>
				<misses>17240001</misses>
				<total>43</total>
				<timestamp>5683.512751</timestamp>
			</report>
			<report>
				<misses>17241001</misses>
				<total>43</total>
				<timestamp>5683.842379</timestamp>
			</report>
			<report>
				<misses>17242001</misses>
				<total>43</total>
				<timestamp>5684.172132</timestamp>
			</report>
			<report>
				<misses>17243001</misses>
				<total>43</total>
				<timestamp>5684.501814</timestamp>
			</report>
			<report>
				<misses>17244001</misses>
				<total>43</total>
				<timestamp>5684.831386</timestamp>
			</report>
			<report>
				<misses>17245001</misses>
				<total>43</total>
				<timestamp>5685.161057</timestamp>
			</report>
			<report>
				<misses>17246001</misses>
				<total>43</total>
				<timestamp>5685.490743</timestamp>
			</report>
			<report>
				<misses>17247001</misses>
				<total>43</total>
				<timestamp>5685.820413</timestamp>
			</report>
			<report>
				<misses>17248001</misses>
				<total>43</total>
				<timestamp>5686.150082</timestamp>
			</report>
			<report>
				<misses>17249001</misses>
				<total>43</total>
				<timestamp>5686.479783</timestamp>
			</report>
			<report>
				<misses>17250001</misses>
				<total>43</total>
				<timestamp>5686.809416</timestamp>
			</report>
			<report>
				<misses>17251001</misses>
				<total>43</total>
				<timestamp>5687.139077</timestamp>
			</report>
			<report>
				<misses>17252001</misses>
				<total>43</total>
				<timestamp>5687.468779</timestamp>
			</report>
			<report>
				<misses>17253001</misses>
				<total>43</total>
				<timestamp>5687.798451</timestamp>
			</report>
			<report>
				<misses>17254001</misses>
				<total>43</total>
				<timestamp>5688.128116</timestamp>
			</report>
			<report>
				<misses>17255001</misses>
				<total>43</total>
				<timestamp>5688.457801</timestamp>
			</report>
			<report>
				<misses>17256001</misses>
				<total>43</total>
				<timestamp>5688.787437</timestamp>
			</report>
			<report>
				<misses>17257001</misses>
				<total>43</total>
				<timestamp>5689.117092</timestamp>
			</report>
			<report>
				<misses>17258001</misses>
				<total>43</total>
				<timestamp>5689.446780</timestamp>
			</report>
			<report>
				<misses>17259001</misses>
				<total>43</total>
				<timestamp>5689.776468</timestamp>
			</report>
			<report>
				<misses>17260001</misses>
				<total>43</total>
				<timestamp>5690.106103</timestamp>
			</report>
			<report>
				<misses>17261001</misses>
				<total>43</total>
				<timestamp>5690.435802</timestamp>
			</report>
			<report>
				<misses>17262001</misses>
				<total>43</total>
				<timestamp>5690.765466</timestamp>
			</report>
			<report>
				<misses>17263001</misses>
				<total>43</total>
				<timestamp>5691.095110</timestamp>
			</report>
			<report>
				<misses>17264001</misses>
				<total>43</total>
				<timestamp>5691.424832</timestamp>
			</report>
			<report>
				<misses>17265001</misses>
				<total>43</total>
				<timestamp>5691.754506</timestamp>
			</report>
			<report>
				<misses>17266001</misses>
				<total>43</total>
				<timestamp>5692.084133</timestamp>
			</report>
			<report>
				<misses>17267001</misses>
				<total>43</total>
				<timestamp>5692.413807</timestamp>
			</report>
			<report>
				<misses>17268001</misses>
				<total>43</total>
				<timestamp>5692.743492</timestamp>
			</report>
			<report>
				<misses>17269001</misses>
				<total>43</total>
				<timestamp>5693.073141</timestamp>
			</report>
			<report>
				<misses>17270001</misses>
				<total>43</total>
				<timestamp>5693.402846</timestamp>
			</report>
			<report>
				<misses>17271001</misses>
				<total>43</total>
				<timestamp>5693.732511</timestamp>
			</report>
			<report>
				<misses>17272001</misses>
				<total>43</total>
				<timestamp>5694.062221</timestamp>
			</report>
			<report>
				<misses>17273001</misses>
				<total>43</total>
				<timestamp>5694.391827</timestamp>
			</report>
			<report>
				<misses>17274001</misses>
				<total>43</total>
				<timestamp>5694.721517</timestamp>
			</report>
			<report>
				<misses>17275001</misses>
				<total>43</total>
				<timestamp>5695.051163</timestamp>
			</report>
			<report>
				<misses>17276001</misses>
				<total>43</total>
				<timestamp>5695.380879</timestamp>
			</report>
			<report>
				<misses>17277001</misses>
				<total>43</total>
				<timestamp>5695.710536</timestamp>
			</report>
			<report>
				<misses>17278001</misses>
				<total>43</total>
				<timestamp>5696.040165</timestamp>
			</report>
			<report>
				<misses>17279001</misses>
				<total>43</total>
				<timestamp>5696.369863</timestamp>
			</report>
			<report>
				<misses>17280001</misses>
				<total>43</total>
				<timestamp>5696.699502</timestamp>
			</report>
			<report>
				<misses>17281001</misses>
				<total>43</total>
				<timestamp>5697.029178</timestamp>
			</report>
			<report>
				<misses>17282001</misses>
				<total>43</total>
				<timestamp>5697.358854</timestamp>
			</report>
			<report>
				<misses>17283001</misses>
				<total>43</total>
				<timestamp>5697.688532</timestamp>
			</report>
			<report>
				<misses>17284001</misses>
				<total>43</total>
				<timestamp>5698.018191</timestamp>
			</report>
			<report>
				<misses>17285001</misses>
				<total>43</total>
				<timestamp>5698.347856</timestamp>
			</report>
			<report>
				<misses>17286001</misses>
				<total>43</total>
				<timestamp>5698.677583</timestamp>
			</report>
			<report>
				<misses>17287001</misses>
				<total>43</total>
				<timestamp>5699.007192</timestamp>
			</report>
			<report>
				<misses>17288001</misses>
				<total>43</total>
				<timestamp>5699.336886</timestamp>
			</report>
			<report>
				<misses>17289001</misses>
				<total>43</total>
				<timestamp>5699.666578</timestamp>
			</report>
			<report>
				<misses>17290001</misses>
				<total>43</total>
				<timestamp>5699.996209</timestamp>
			</report>
			<report>
				<misses>17291001</misses>
				<total>43</total>
				<timestamp>5700.325881</timestamp>
			</report>
			<report>
				<misses>17292001</misses>
				<total>43</total>
				<timestamp>5700.655660</timestamp>
			</report>
			<report>
				<misses>17293001</misses>
				<total>43</total>
				<timestamp>5700.985212</timestamp>
			</report>
			<report>
				<misses>17294001</misses>
				<total>43</total>
				<timestamp>5701.314906</timestamp>
			</report>
			<report>
				<misses>17295001</misses>
				<total>43</total>
				<timestamp>5701.644687</timestamp>
			</report>
			<report>
				<misses>17296001</misses>
				<total>43</total>
				<timestamp>5701.974216</timestamp>
			</report>
			<report>
				<misses>17297001</misses>
				<total>43</total>
				<timestamp>5702.303938</timestamp>
			</report>
			<report>
				<misses>17298001</misses>
				<total>43</total>
				<timestamp>5702.633628</timestamp>
			</report>
			<report>
				<misses>17299001</misses>
				<total>43</total>
				<timestamp>5702.963242</timestamp>
			</report>
			<report>
				<misses>17300001</misses>
				<total>43</total>
				<timestamp>5703.292913</timestamp>
			</report>
			<report>
				<misses>17301001</misses>
				<total>43</total>
				<timestamp>5703.622582</timestamp>
			</report>
			<report>
				<misses>17302001</misses>
				<total>43</total>
				<timestamp>5703.952256</timestamp>
			</report>
			<report>
				<misses>17303001</misses>
				<total>43</total>
				<timestamp>5704.281919</timestamp>
			</report>
			<report>
				<misses>17304001</misses>
				<total>43</total>
				<timestamp>5704.611647</timestamp>
			</report>
			<report>
				<misses>17305001</misses>
				<total>43</total>
				<timestamp>5704.941286</timestamp>
			</report>
			<report>
				<misses>17306001</misses>
				<total>43</total>
				<timestamp>5705.270931</timestamp>
			</report>
			<report>
				<misses>17307001</misses>
				<total>43</total>
				<timestamp>5705.600646</timestamp>
			</report>
			<report>
				<misses>17308001</misses>
				<total>43</total>
				<timestamp>5705.930271</timestamp>
			</report>
			<report>
				<misses>17309001</misses>
				<total>43</total>
				<timestamp>5706.259935</timestamp>
			</report>
			<report>
				<misses>17310001</misses>
				<total>43</total>
				<timestamp>5706.589656</timestamp>
			</report>
			<report>
				<misses>17311001</misses>
				<total>43</total>
				<timestamp>5706.919300</timestamp>
			</report>
			<report>
				<misses>17312001</misses>
				<total>43</total>
				<timestamp>5707.248938</timestamp>
			</report>
			<report>
				<misses>17313001</misses>
				<total>43</total>
				<timestamp>5707.578629</timestamp>
			</report>
			<report>
				<misses>17314001</misses>
				<total>43</total>
				<timestamp>5707.908290</timestamp>
			</report>
			<report>
				<misses>17315001</misses>
				<total>43</total>
				<timestamp>5708.237955</timestamp>
			</report>
			<report>
				<misses>17316001</misses>
				<total>43</total>
				<timestamp>5708.567670</timestamp>
			</report>
			<report>
				<misses>17317001</misses>
				<total>43</total>
				<timestamp>5708.897294</timestamp>
			</report>
			<report>
				<misses>17318001</misses>
				<total>43</total>
				<timestamp>5709.226969</timestamp>
			</report>
			<report>
				<misses>17319001</misses>
				<total>43</total>
				<timestamp>5709.556618</timestamp>
			</report>
			<report>
				<misses>17320001</misses>
				<total>43</total>
				<timestamp>5709.886323</timestamp>
			</report>
			<report>
				<misses>17321001</misses>
				<total>43</total>
				<timestamp>5710.215974</timestamp>
			</report>
			<report>
				<misses>17322001</misses>
				<total>43</total>
				<timestamp>5710.545679</timestamp>
			</report>
			<report>
				<misses>17323001</misses>
				<total>43</total>
				<timestamp>5710.875331</timestamp>
			</report>
			<report>
				<misses>17324001</misses>
				<total>43</total>
				<timestamp>5711.204989</timestamp>
			</report>
			<report>
				<misses>17325001</misses>
				<total>43</total>
				<timestamp>5711.534649</timestamp>
			</report>
			<report>
				<misses>17326001</misses>
				<total>43</total>
				<timestamp>5711.864344</timestamp>
			</report>
			<report>
				<misses>17327001</misses>
				<total>43</total>
				<timestamp>5712.194007</timestamp>
			</report>
			<report>
				<misses>17328001</misses>
				<total>43</total>
				<timestamp>5712.523714</timestamp>
			</report>
			<report>
				<misses>17329001</misses>
				<total>43</total>
				<timestamp>5712.853385</timestamp>
			</report>
			<report>
				<misses>17330001</misses>
				<total>43</total>
				<timestamp>5713.183002</timestamp>
			</report>
			<report>
				<misses>17331001</misses>
				<total>43</total>
				<timestamp>5713.512701</timestamp>
			</report>
			<report>
				<misses>17332001</misses>
				<total>43</total>
				<timestamp>5713.842367</timestamp>
			</report>
			<report>
				<misses>17333001</misses>
				<total>43</total>
				<timestamp>5714.172001</timestamp>
			</report>
			<report>
				<misses>17334001</misses>
				<total>43</total>
				<timestamp>5714.501690</timestamp>
			</report>
			<report>
				<misses>17335001</misses>
				<total>43</total>
				<timestamp>5714.831419</timestamp>
			</report>
			<report>
				<misses>17336001</misses>
				<total>43</total>
				<timestamp>5715.161021</timestamp>
			</report>
			<report>
				<misses>17337001</misses>
				<total>43</total>
				<timestamp>5715.490759</timestamp>
			</report>
			<report>
				<misses>17338001</misses>
				<total>43</total>
				<timestamp>5715.820371</timestamp>
			</report>
			<report>
				<misses>17339001</misses>
				<total>43</total>
				<timestamp>5716.150025</timestamp>
			</report>
			<report>
				<misses>17340001</misses>
				<total>43</total>
				<timestamp>5716.479739</timestamp>
			</report>
			<report>
				<misses>17341001</misses>
				<total>43</total>
				<timestamp>5716.809429</timestamp>
			</report>
			<report>
				<misses>17342001</misses>
				<total>43</total>
				<timestamp>5717.139050</timestamp>
			</report>
			<report>
				<misses>17343001</misses>
				<total>43</total>
				<timestamp>5717.468747</timestamp>
			</report>
			<report>
				<misses>17344001</misses>
				<total>43</total>
				<timestamp>5717.798395</timestamp>
			</report>
			<report>
				<misses>17345001</misses>
				<total>43</total>
				<timestamp>5718.128069</timestamp>
			</report>
			<report>
				<misses>17346001</misses>
				<total>43</total>
				<timestamp>5718.457752</timestamp>
			</report>
			<report>
				<misses>17347001</misses>
				<total>43</total>
				<timestamp>5718.787418</timestamp>
			</report>
			<report>
				<misses>17348001</misses>
				<total>43</total>
				<timestamp>5719.117069</timestamp>
			</report>
			<report>
				<misses>17349001</misses>
				<total>43</total>
				<timestamp>5719.446816</timestamp>
			</report>
			<report>
				<misses>17350001</misses>
				<total>43</total>
				<timestamp>5719.776423</timestamp>
			</report>
			<report>
				<misses>17351001</misses>
				<total>43</total>
				<timestamp>5720.106079</timestamp>
			</report>
			<report>
				<misses>17352001</misses>
				<total>43</total>
				<timestamp>5720.435741</timestamp>
			</report>
			<report>
				<misses>17353001</misses>
				<total>43</total>
				<timestamp>5720.765450</timestamp>
			</report>
			<report>
				<misses>17354001</misses>
				<total>43</total>
				<timestamp>5721.095108</timestamp>
			</report>
			<report>
				<misses>17355001</misses>
				<total>43</total>
				<timestamp>5721.424767</timestamp>
			</report>
			<report>
				<misses>17356001</misses>
				<total>43</total>
				<timestamp>5721.754439</timestamp>
			</report>
			<report>
				<misses>17357001</misses>
				<total>43</total>
				<timestamp>5722.084112</timestamp>
			</report>
			<report>
				<misses>17358001</misses>
				<total>43</total>
				<timestamp>5722.413770</timestamp>
			</report>
			<report>
				<misses>17359001</misses>
				<total>43</total>
				<timestamp>5722.743466</timestamp>
			</report>
			<report>
				<misses>17360001</misses>
				<total>43</total>
				<timestamp>5723.073103</timestamp>
			</report>
			<report>
				<misses>17361001</misses>
				<total>43</total>
				<timestamp>5723.402800</timestamp>
			</report>
			<report>
				<misses>17362001</misses>
				<total>43</total>
				<timestamp>5723.732459</timestamp>
			</report>
			<report>
				<misses>17363001</misses>
				<total>43</total>
				<timestamp>5724.062171</timestamp>
			</report>
			<report>
				<misses>17364001</misses>
				<total>43</total>
				<timestamp>5724.391797</timestamp>
			</report>
			<report>
				<misses>17365001</misses>
				<total>43</total>
				<timestamp>5724.721493</timestamp>
			</report>
			<report>
				<misses>17366001</misses>
				<total>43</total>
				<timestamp>5725.051138</timestamp>
			</report>
			<report>
				<misses>17367001</misses>
				<total>43</total>
				<timestamp>5725.380799</timestamp>
			</report>
			<report>
				<misses>17368001</misses>
				<total>43</total>
				<timestamp>5725.710474</timestamp>
			</report>
			<report>
				<misses>17369001</misses>
				<total>43</total>
				<timestamp>5726.040149</timestamp>
			</report>
			<report>
				<misses>17370001</misses>
				<total>43</total>
				<timestamp>5726.369820</timestamp>
			</report>
			<report>
				<misses>17371001</misses>
				<total>43</total>
				<timestamp>5726.699563</timestamp>
			</report>
			<report>
				<misses>17372001</misses>
				<total>43</total>
				<timestamp>5727.029143</timestamp>
			</report>
			<report>
				<misses>17373001</misses>
				<total>43</total>
				<timestamp>5727.358829</timestamp>
			</report>
			<report>
				<misses>17374001</misses>
				<total>43</total>
				<timestamp>5727.688553</timestamp>
			</report>
			<report>
				<misses>17375001</misses>
				<total>43</total>
				<timestamp>5728.018148</timestamp>
			</report>
			<report>
				<misses>17376001</misses>
				<total>43</total>
				<timestamp>5728.347869</timestamp>
			</report>
			<report>
				<misses>17377001</misses>
				<total>43</total>
				<timestamp>5728.677481</timestamp>
			</report>
			<report>
				<misses>17378001</misses>
				<total>43</total>
				<timestamp>5729.007185</timestamp>
			</report>
			<report>
				<misses>17379001</misses>
				<total>43</total>
				<timestamp>5729.336835</timestamp>
			</report>
			<report>
				<misses>17380001</misses>
				<total>43</total>
				<timestamp>5729.666520</timestamp>
			</report>
			<report>
				<misses>17381001</misses>
				<total>43</total>
				<timestamp>5729.996179</timestamp>
			</report>
			<report>
				<misses>17382001</misses>
				<total>43</total>
				<timestamp>5730.325842</timestamp>
			</report>
			<report>
				<misses>17383001</misses>
				<total>43</total>
				<timestamp>5730.655553</timestamp>
			</report>
			<report>
				<misses>17384001</misses>
				<total>43</total>
				<timestamp>5730.985206</timestamp>
			</report>
			<report>
				<misses>17385001</misses>
				<total>43</total>
				<timestamp>5731.314855</timestamp>
			</report>
			<report>
				<misses>17386001</misses>
				<total>43</total>
				<timestamp>5731.644534</timestamp>
			</report>
			<report>
				<misses>17387001</misses>
				<total>43</total>
				<timestamp>5731.974226</timestamp>
			</report>
			<report>
				<misses>17388001</misses>
				<total>43</total>
				<timestamp>5732.303872</timestamp>
			</report>
			<report>
				<misses>17389001</misses>
				<total>43</total>
				<timestamp>5732.633536</timestamp>
			</report>
			<report>
				<misses>17390001</misses>
				<total>43</total>
				<timestamp>5732.963255</timestamp>
			</report>
			<report>
				<misses>17391001</misses>
				<total>43</total>
				<timestamp>5733.292880</timestamp>
			</report>
			<report>
				<misses>17392001</misses>
				<total>43</total>
				<timestamp>5733.622550</timestamp>
			</report>
			<report>
				<misses>17393001</misses>
				<total>43</total>
				<timestamp>5733.952276</timestamp>
			</report>
			<report>
				<misses>17394001</misses>
				<total>43</total>
				<timestamp>5734.281875</timestamp>
			</report>
			<report>
				<misses>17395001</misses>
				<total>43</total>
				<timestamp>5734.611554</timestamp>
			</report>
			<report>
				<misses>17396001</misses>
				<total>43</total>
				<timestamp>5734.941271</timestamp>
			</report>
			<report>
				<misses>17397001</misses>
				<total>43</total>
				<timestamp>5735.270897</timestamp>
			</report>
			<report>
				<misses>17398001</misses>
				<total>43</total>
				<timestamp>5735.600626</timestamp>
			</report>
			<report>
				<misses>17399001</misses>
				<total>43</total>
				<timestamp>5735.930256</timestamp>
			</report>
			<report>
				<misses>17400001</misses>
				<total>43</total>
				<timestamp>5736.259900</timestamp>
			</report>
			<report>
				<misses>17401001</misses>
				<total>43</total>
				<timestamp>5736.589593</timestamp>
			</report>
			<report>
				<misses>17402001</misses>
				<total>43</total>
				<timestamp>5736.919286</timestamp>
			</report>
			<report>
				<misses>17403001</misses>
				<total>43</total>
				<timestamp>5737.248921</timestamp>
			</report>
			<report>
				<misses>17404001</misses>
				<total>43</total>
				<timestamp>5737.578617</timestamp>
			</report>
			<report>
				<misses>17405001</misses>
				<total>43</total>
				<timestamp>5737.908264</timestamp>
			</report>
			<report>
				<misses>17406001</misses>
				<total>43</total>
				<timestamp>5738.237936</timestamp>
			</report>
			<report>
				<misses>17407001</misses>
				<total>43</total>
				<timestamp>5738.567661</timestamp>
			</report>
			<report>
				<misses>17408001</misses>
				<total>43</total>
				<timestamp>5738.897282</timestamp>
			</report>
			<report>
				<misses>17409001</misses>
				<total>43</total>
				<timestamp>5739.226946</timestamp>
			</report>
			<report>
				<misses>17410001</misses>
				<total>43</total>
				<timestamp>5739.556606</timestamp>
			</report>
			<report>
				<misses>17411001</misses>
				<total>43</total>
				<timestamp>5739.886289</timestamp>
			</report>
			<report>
				<misses>17412001</misses>
				<total>43</total>
				<timestamp>5740.215940</timestamp>
			</report>
			<report>
				<misses>17413001</misses>
				<total>43</total>
				<timestamp>5740.545631</timestamp>
			</report>
			<report>
				<misses>17414001</misses>
				<total>43</total>
				<timestamp>5740.875342</timestamp>
			</report>
			<report>
				<misses>17415001</misses>
				<total>43</total>
				<timestamp>5741.204955</timestamp>
			</report>
			<report>
				<misses>17416001</misses>
				<total>43</total>
				<timestamp>5741.534625</timestamp>
			</report>
			<report>
				<misses>17417001</misses>
				<total>43</total>
				<timestamp>5741.864343</timestamp>
			</report>
			<report>
				<misses>17418001</misses>
				<total>43</total>
				<timestamp>5742.193964</timestamp>
			</report>
			<report>
				<misses>17419001</misses>
				<total>43</total>
				<timestamp>5742.523707</timestamp>
			</report>
			<report>
				<misses>17420001</misses>
				<total>43</total>
				<timestamp>5742.853328</timestamp>
			</report>
			<report>
				<misses>17421001</misses>
				<total>43</total>
				<timestamp>5743.182985</timestamp>
			</report>
			<report>
				<misses>17422001</misses>
				<total>43</total>
				<timestamp>5743.512681</timestamp>
			</report>
			<report>
				<misses>17423001</misses>
				<total>43</total>
				<timestamp>5743.842345</timestamp>
			</report>
			<report>
				<misses>17424001</misses>
				<total>43</total>
				<timestamp>5744.171996</timestamp>
			</report>
			<report>
				<misses>17425001</misses>
				<total>43</total>
				<timestamp>5744.501674</timestamp>
			</report>
			<report>
				<misses>17426001</misses>
				<total>43</total>
				<timestamp>5744.831343</timestamp>
			</report>
			<report>
				<misses>17427001</misses>
				<total>43</total>
				<timestamp>5745.160985</timestamp>
			</report>
			<report>
				<misses>17428001</misses>
				<total>43</total>
				<timestamp>5745.490712</timestamp>
			</report>
			<report>
				<misses>17429001</misses>
				<total>43</total>
				<timestamp>5745.820329</timestamp>
			</report>
			<report>
				<misses>17430001</misses>
				<total>43</total>
				<timestamp>5746.150008</timestamp>
			</report>
			<report>
				<misses>17431001</misses>
				<total>43</total>
				<timestamp>5746.479779</timestamp>
			</report>
			<report>
				<misses>17432001</misses>
				<total>43</total>
				<timestamp>5746.809375</timestamp>
			</report>
			<report>
				<misses>17433001</misses>
				<total>43</total>
				<timestamp>5747.139028</timestamp>
			</report>
			<report>
				<misses>17434001</misses>
				<total>43</total>
				<timestamp>5747.468718</timestamp>
			</report>
			<report>
				<misses>17435001</misses>
				<total>43</total>
				<timestamp>5747.798349</timestamp>
			</report>
			<report>
				<misses>17436001</misses>
				<total>43</total>
				<timestamp>5748.128024</timestamp>
			</report>
			<report>
				<misses>17437001</misses>
				<total>43</total>
				<timestamp>5748.457712</timestamp>
			</report>
			<report>
				<misses>17438001</misses>
				<total>43</total>
				<timestamp>5748.787367</timestamp>
			</report>
			<report>
				<misses>17439001</misses>
				<total>43</total>
				<timestamp>5749.117042</timestamp>
			</report>
			<report>
				<misses>17440001</misses>
				<total>43</total>
				<timestamp>5749.446702</timestamp>
			</report>
			<report>
				<misses>17441001</misses>
				<total>43</total>
				<timestamp>5749.776366</timestamp>
			</report>
			<report>
				<misses>17442001</misses>
				<total>43</total>
				<timestamp>5750.106048</timestamp>
			</report>
			<report>
				<misses>17443001</misses>
				<total>43</total>
				<timestamp>5750.435722</timestamp>
			</report>
			<report>
				<misses>17444001</misses>
				<total>43</total>
				<timestamp>5750.765393</timestamp>
			</report>
			<report>
				<misses>17445001</misses>
				<total>43</total>
				<timestamp>5751.095156</timestamp>
			</report>
			<report>
				<misses>17446001</misses>
				<total>43</total>
				<timestamp>5751.424728</timestamp>
			</report>
			<report>
				<misses>17447001</misses>
				<total>43</total>
				<timestamp>5751.754443</timestamp>
			</report>
			<report>
				<misses>17448001</misses>
				<total>43</total>
				<timestamp>5752.084089</timestamp>
			</report>
			<report>
				<misses>17449001</misses>
				<total>43</total>
				<timestamp>5752.413786</timestamp>
			</report>
			<report>
				<misses>17450001</misses>
				<total>43</total>
				<timestamp>5752.743453</timestamp>
			</report>
			<report>
				<misses>17451001</misses>
				<total>43</total>
				<timestamp>5753.073206</timestamp>
			</report>
			<report>
				<misses>17452001</misses>
				<total>43</total>
				<timestamp>5753.402748</timestamp>
			</report>
			<report>
				<misses>17453001</misses>
				<total>43</total>
				<timestamp>5753.732441</timestamp>
			</report>
			<report>
				<misses>17454001</misses>
				<total>43</total>
				<timestamp>5754.062122</timestamp>
			</report>
			<report>
				<misses>17455001</misses>
				<total>43</total>
				<timestamp>5754.391747</timestamp>
			</report>
			<report>
				<misses>17456001</misses>
				<total>43</total>
				<timestamp>5754.721456</timestamp>
			</report>
			<report>
				<misses>17457001</misses>
				<total>43</total>
				<timestamp>5755.051187</timestamp>
			</report>
			<report>
				<misses>17458001</misses>
				<total>43</total>
				<timestamp>5755.380786</timestamp>
			</report>
			<report>
				<misses>17459001</misses>
				<total>43</total>
				<timestamp>5755.710477</timestamp>
			</report>
			<report>
				<misses>17460001</misses>
				<total>43</total>
				<timestamp>5756.040126</timestamp>
			</report>
			<report>
				<misses>17461001</misses>
				<total>43</total>
				<timestamp>5756.369768</timestamp>
			</report>
			<report>
				<misses>17462001</misses>
				<total>43</total>
				<timestamp>5756.699499</timestamp>
			</report>
			<report>
				<misses>17463001</misses>
				<total>43</total>
				<timestamp>5757.029142</timestamp>
			</report>
			<report>
				<misses>17464001</misses>
				<total>43</total>
				<timestamp>5757.358793</timestamp>
			</report>
			<report>
				<misses>17465001</misses>
				<total>43</total>
				<timestamp>5757.688526</timestamp>
			</report>
			<report>
				<misses>17466001</misses>
				<total>43</total>
				<timestamp>5758.018128</timestamp>
			</report>
			<report>
				<misses>17467001</misses>
				<total>43</total>
				<timestamp>5758.347820</timestamp>
			</report>
			<report>
				<misses>17468001</misses>
				<total>43</total>
				<timestamp>5758.677528</timestamp>
			</report>
			<report>
				<misses>17469001</misses>
				<total>43</total>
				<timestamp>5759.007145</timestamp>
			</report>
			<report>
				<misses>17470001</misses>
				<total>43</total>
				<timestamp>5759.336836</timestamp>
			</report>
			<report>
				<misses>17471001</misses>
				<total>43</total>
				<timestamp>5759.666487</timestamp>
			</report>
			<report>
				<misses>17472001</misses>
				<total>43</total>
				<timestamp>5759.996165</timestamp>
			</report>
			<report>
				<misses>17473001</misses>
				<total>43</total>
				<timestamp>5760.325834</timestamp>
			</report>
			<report>
				<misses>17474001</misses>
				<total>43</total>
				<timestamp>5760.655532</timestamp>
			</report>
			<report>
				<misses>17475001</misses>
				<total>43</total>
				<timestamp>5760.985153</timestamp>
			</report>
			<report>
				<misses>17476001</misses>
				<total>43</total>
				<timestamp>5761.314860</timestamp>
			</report>
			<report>
				<misses>17477001</misses>
				<total>43</total>
				<timestamp>5761.644531</timestamp>
			</report>
			<report>
				<misses>17478001</misses>
				<total>43</total>
				<timestamp>5761.974195</timestamp>
			</report>
			<report>
				<misses>17479001</misses>
				<total>43</total>
				<timestamp>5762.303855</timestamp>
			</report>
			<report>
				<misses>17480001</misses>
				<total>43</total>
				<timestamp>5762.633532</timestamp>
			</report>
			<report>
				<misses>17481001</misses>
				<total>43</total>
				<timestamp>5762.963203</timestamp>
			</report>
			<report>
				<misses>17482001</misses>
				<total>43</total>
				<timestamp>5763.292851</timestamp>
			</report>
			<report>
				<misses>17483001</misses>
				<total>43</total>
				<timestamp>5763.622534</timestamp>
			</report>
			<report>
				<misses>17484001</misses>
				<total>43</total>
				<timestamp>5763.952198</timestamp>
			</report>
			<report>
				<misses>17485001</misses>
				<total>43</total>
				<timestamp>5764.281866</timestamp>
			</report>
			<report>
				<misses>17486001</misses>
				<total>43</total>
				<timestamp>5764.611527</timestamp>
			</report>
			<report>
				<misses>17487001</misses>
				<total>43</total>
				<timestamp>5764.941204</timestamp>
			</report>
			<report>
				<misses>17488001</misses>
				<total>43</total>
				<timestamp>5765.270861</timestamp>
			</report>
			<report>
				<misses>17489001</misses>
				<total>43</total>
				<timestamp>5765.600552</timestamp>
			</report>
			<report>
				<misses>17490001</misses>
				<total>43</total>
				<timestamp>5765.930260</timestamp>
			</report>
			<report>
				<misses>17491001</misses>
				<total>43</total>
				<timestamp>5766.259875</timestamp>
			</report>
			<report>
				<misses>17492001</misses>
				<total>43</total>
				<timestamp>5766.589564</timestamp>
			</report>
			<report>
				<misses>17493001</misses>
				<total>43</total>
				<timestamp>5766.919232</timestamp>
			</report>
			<report>
				<misses>17494001</misses>
				<total>43</total>
				<timestamp>5767.248892</timestamp>
			</report>
			<report>
				<misses>17495001</misses>
				<total>43</total>
				<timestamp>5767.578575</timestamp>
			</report>
			<report>
				<misses>17496001</misses>
				<total>43</total>
				<timestamp>5767.908234</timestamp>
			</report>
			<report>
				<misses>17497001</misses>
				<total>43</total>
				<timestamp>5768.237885</timestamp>
			</report>
			<report>
				<misses>17498001</misses>
				<total>43</total>
				<timestamp>5768.567580</timestamp>
			</report>
			<report>
				<misses>17499001</misses>
				<total>43</total>
				<timestamp>5768.897241</timestamp>
			</report>
			<report>
				<misses>17500001</misses>
				<total>43</total>
				<timestamp>5769.226916</timestamp>
			</report>
			<report>
				<misses>17501001</misses>
				<total>43</total>
				<timestamp>5769.556577</timestamp>
			</report>
			<report>
				<misses>17502001</misses>
				<total>43</total>
				<timestamp>5769.886258</timestamp>
			</report>
			<report>
				<misses>17503001</misses>
				<total>43</total>
				<timestamp>5770.216000</timestamp>
			</report>
			<report>
				<misses>17504001</misses>
				<total>43</total>
				<timestamp>5770.545595</timestamp>
			</report>
			<report>
				<misses>17505001</misses>
				<total>43</total>
				<timestamp>5770.875320</timestamp>
			</report>
			<report>
				<misses>17506001</misses>
				<total>43</total>
				<timestamp>5771.205015</timestamp>
			</report>
			<report>
				<misses>17507001</misses>
				<total>43</total>
				<timestamp>5771.534600</timestamp>
			</report>
			<report>
				<misses>17508001</misses>
				<total>43</total>
				<timestamp>5771.864271</timestamp>
			</report>
			<report>
				<misses>17509001</misses>
				<total>43</total>
				<timestamp>5772.193950</timestamp>
			</report>
			<report>
				<misses>17510001</misses>
				<total>43</total>
				<timestamp>5772.523627</timestamp>
			</report>
			<report>
				<misses>17511001</misses>
				<total>43</total>
				<timestamp>5772.853293</timestamp>
			</report>
			<report>
				<misses>17512001</misses>
				<total>43</total>
				<timestamp>5773.182972</timestamp>
			</report>
			<report>
				<misses>17513001</misses>
				<total>43</total>
				<timestamp>5773.512630</timestamp>
			</report>
			<report>
				<misses>17514001</misses>
				<total>43</total>
				<timestamp>5773.842347</timestamp>
			</report>
			<report>
				<misses>17515001</misses>
				<total>43</total>
				<timestamp>5774.172044</timestamp>
			</report>
			<report>
				<misses>17516001</misses>
				<total>43</total>
				<timestamp>5774.501641</timestamp>
			</report>
			<report>
				<misses>17517001</misses>
				<total>43</total>
				<timestamp>5774.831362</timestamp>
			</report>
			<report>
				<misses>17518001</misses>
				<total>43</total>
				<timestamp>5775.161021</timestamp>
			</report>
			<report>
				<misses>17519001</misses>
				<total>43</total>
				<timestamp>5775.490640</timestamp>
			</report>
			<report>
				<misses>17520001</misses>
				<total>43</total>
				<timestamp>5775.820365</timestamp>
			</report>
			<report>
				<misses>17521001</misses>
				<total>43</total>
				<timestamp>5776.149985</timestamp>
			</report>
			<report>
				<misses>17522001</misses>
				<total>43</total>
				<timestamp>5776.479664</timestamp>
			</report>
			<report>
				<misses>17523001</misses>
				<total>43</total>
				<timestamp>5776.809403</timestamp>
			</report>
			<report>
				<misses>17524001</misses>
				<total>43</total>
				<timestamp>5777.139011</timestamp>
			</report>
			<report>
				<misses>17525001</misses>
				<total>43</total>
				<timestamp>5777.468691</timestamp>
			</report>
			<report>
				<misses>17526001</misses>
				<total>43</total>
				<timestamp>5777.798335</timestamp>
			</report>
			<report>
				<misses>17527001</misses>
				<total>43</total>
				<timestamp>5778.127987</timestamp>
			</report>
			<report>
				<misses>17528001</misses>
				<total>43</total>
				<timestamp>5778.457658</timestamp>
			</report>
			<report>
				<misses>17529001</misses>
				<total>43</total>
				<timestamp>5778.787384</timestamp>
			</report>
			<report>
				<misses>17530001</misses>
				<total>43</total>
				<timestamp>5779.117098</timestamp>
			</report>
			<report>
				<misses>17531001</misses>
				<total>43</total>
				<timestamp>5779.446675</timestamp>
			</report>
			<report>
				<misses>17532001</misses>
				<total>43</total>
				<timestamp>5779.776409</timestamp>
			</report>
			<report>
				<misses>17533001</misses>
				<total>43</total>
				<timestamp>5780.106039</timestamp>
			</report>
			<report>
				<misses>17534001</misses>
				<total>43</total>
				<timestamp>5780.435691</timestamp>
			</report>
			<report>
				<misses>17535001</misses>
				<total>43</total>
				<timestamp>5780.765361</timestamp>
			</report>
			<report>
				<misses>17536001</misses>
				<total>43</total>
				<timestamp>5781.095063</timestamp>
			</report>
			<report>
				<misses>17537001</misses>
				<total>43</total>
				<timestamp>5781.424711</timestamp>
			</report>
			<report>
				<misses>17538001</misses>
				<total>43</total>
				<timestamp>5781.754411</timestamp>
			</report>
			<report>
				<misses>17539001</misses>
				<total>43</total>
				<timestamp>5782.084051</timestamp>
			</report>
			<report>
				<misses>17540001</misses>
				<total>43</total>
				<timestamp>5782.413714</timestamp>
			</report>
			<report>
				<misses>17541001</misses>
				<total>43</total>
				<timestamp>5782.743385</timestamp>
			</report>
			<report>
				<misses>17542001</misses>
				<total>43</total>
				<timestamp>5783.073096</timestamp>
			</report>
			<report>
				<misses>17543001</misses>
				<total>43</total>
				<timestamp>5783.402719</timestamp>
			</report>
			<report>
				<misses>17544001</misses>
				<total>43</total>
				<timestamp>5783.732431</timestamp>
			</report>
			<report>
				<misses>17545001</misses>
				<total>43</total>
				<timestamp>5784.062074</timestamp>
			</report>
			<report>
				<misses>17546001</misses>
				<total>43</total>
				<timestamp>5784.391764</timestamp>
			</report>
			<report>
				<misses>17547001</misses>
				<total>43</total>
				<timestamp>5784.721456</timestamp>
			</report>
			<report>
				<misses>17548001</misses>
				<total>43</total>
				<timestamp>5785.051106</timestamp>
			</report>
			<report>
				<misses>17549001</misses>
				<total>43</total>
				<timestamp>5785.380736</timestamp>
			</report>
			<report>
				<misses>17550001</misses>
				<total>43</total>
				<timestamp>5785.710482</timestamp>
			</report>
			<report>
				<misses>17551001</misses>
				<total>43</total>
				<timestamp>5786.040076</timestamp>
			</report>
			<report>
				<misses>17552001</misses>
				<total>43</total>
				<timestamp>5786.369757</timestamp>
			</report>
			<report>
				<misses>17553001</misses>
				<total>43</total>
				<timestamp>5786.699425</timestamp>
			</report>
			<report>
				<misses>17554001</misses>
				<total>43</total>
				<timestamp>5787.029155</timestamp>
			</report>
			<report>
				<misses>17555001</misses>
				<total>43</total>
				<timestamp>5787.358764</timestamp>
			</report>
			<report>
				<misses>17556001</misses>
				<total>43</total>
				<timestamp>5787.688423</timestamp>
			</report>
			<report>
				<misses>17557001</misses>
				<total>43</total>
				<timestamp>5788.018104</timestamp>
			</report>
			<report>
				<misses>17558001</misses>
				<total>43</total>
				<timestamp>5788.347766</timestamp>
			</report>
			<report>
				<misses>17559001</misses>
				<total>43</total>
				<timestamp>5788.677489</timestamp>
			</report>
			<report>
				<misses>17560001</misses>
				<total>43</total>
				<timestamp>5789.007135</timestamp>
			</report>
			<report>
				<misses>17561001</misses>
				<total>43</total>
				<timestamp>5789.336789</timestamp>
			</report>
			<report>
				<misses>17562001</misses>
				<total>43</total>
				<timestamp>5789.666471</timestamp>
			</report>
			<report>
				<misses>17563001</misses>
				<total>43</total>
				<timestamp>5789.996117</timestamp>
			</report>
			<report>
				<misses>17564001</misses>
				<total>43</total>
				<timestamp>5790.325779</timestamp>
			</report>
			<report>
				<misses>17565001</misses>
				<total>43</total>
				<timestamp>5790.655453</timestamp>
			</report>
			<report>
				<misses>17566001</misses>
				<total>43</total>
				<timestamp>5790.985155</timestamp>
			</report>
			<report>
				<misses>17567001</misses>
				<total>43</total>
				<timestamp>5791.314814</timestamp>
			</report>
			<report>
				<misses>17568001</misses>
				<total>43</total>
				<timestamp>5791.644498</timestamp>
			</report>
			<report>
				<misses>17569001</misses>
				<total>43</total>
				<timestamp>5791.974164</timestamp>
			</report>
			<report>
				<misses>17570001</misses>
				<total>43</total>
				<timestamp>5792.303835</timestamp>
			</report>
			<report>
				<misses>17571001</misses>
				<total>43</total>
				<timestamp>5792.633529</timestamp>
			</report>
			<report>
				<misses>17572001</misses>
				<total>43</total>
				<timestamp>5792.963221</timestamp>
			</report>
			<report>
				<misses>17573001</misses>
				<total>43</total>
				<timestamp>5793.292833</timestamp>
			</report>
			<report>
				<misses>17574001</misses>
				<total>43</total>
				<timestamp>5793.622522</timestamp>
			</report>
			<report>
				<misses>17575001</misses>
				<total>43</total>
				<timestamp>5793.952164</timestamp>
			</report>
			<report>
				<misses>17576001</misses>
				<total>43</total>
				<timestamp>5794.281887</timestamp>
			</report>
			<report>
				<misses>17577001</misses>
				<total>43</total>
				<timestamp>5794.611522</timestamp>
			</report>
			<report>
				<misses>17578001</misses>
				<total>43</total>
				<timestamp>5794.941185</timestamp>
			</report>
			<report>
				<misses>17579001</misses>
				<total>43</total>
				<timestamp>5795.270878</timestamp>
			</report>
			<report>
				<misses>17580001</misses>
				<total>44</total>
				<timestamp>5795.600519</timestamp>
			</report>
			<report>
				<misses>17581001</misses>
				<total>44</total>
				<timestamp>5795.930249</timestamp>
			</report>
			<report>
				<misses>17582001</misses>
				<total>44</total>
				<timestamp>5796.259947</timestamp>
			</report>
			<report>
				<misses>17583001</misses>
				<total>44</total>
				<timestamp>5796.589519</timestamp>
			</report>
			<report>
				<misses>17584001</misses>
				<total>44</total>
				<timestamp>5796.919188</timestamp>
			</report>
			<report>
				<misses>17585001</misses>
				<total>44</total>
				<timestamp>5797.248886</timestamp>
			</report>
			<report>
				<misses>17586001</misses>
				<total>44</total>
				<timestamp>5797.578586</timestamp>
			</report>
			<report>
				<misses>17587001</misses>
				<total>44</total>
				<timestamp>5797.908221</timestamp>
			</report>
			<report>
				<misses>17588001</misses>
				<total>44</total>
				<timestamp>5798.237907</timestamp>
			</report>
			<report>
				<misses>17589001</misses>
				<total>44</total>
				<timestamp>5798.567537</timestamp>
			</report>
			<report>
				<misses>17590001</misses>
				<total>44</total>
				<timestamp>5798.897267</timestamp>
			</report>
			<report>
				<misses>17591001</misses>
				<total>44</total>
				<timestamp>5799.226903</timestamp>
			</report>
			<report>
				<misses>17592001</misses>
				<total>44</total>
				<timestamp>5799.556547</timestamp>
			</report>
			<report>
				<misses>17593001</misses>
				<total>44</total>
				<timestamp>5799.886252</timestamp>
			</report>
			<report>
				<misses>17594001</misses>
				<total>44</total>
				<timestamp>5800.215904</timestamp>
			</report>
			<report>
				<misses>17595001</misses>
				<total>44</total>
				<timestamp>5800.545568</timestamp>
			</report>
			<report>
				<misses>17596001</misses>
				<total>44</total>
				<timestamp>5800.875287</timestamp>
			</report>
			<report>
				<misses>17597001</misses>
				<total>44</total>
				<timestamp>5801.204889</timestamp>
			</report>
			<report>
				<misses>17598001</misses>
				<total>44</total>
				<timestamp>5801.534571</timestamp>
			</report>
			<report>
				<misses>17599001</misses>
				<total>44</total>
				<timestamp>5801.864278</timestamp>
			</report>
			<report>
				<misses>17600001</misses>
				<total>44</total>
				<timestamp>5802.193924</timestamp>
			</report>
			<report>
				<misses>17601001</misses>
				<total>44</total>
				<timestamp>5802.523594</timestamp>
			</report>
			<report>
				<misses>17602001</misses>
				<total>44</total>
				<timestamp>5802.853305</timestamp>
			</report>
			<report>
				<misses>17603001</misses>
				<total>44</total>
				<timestamp>5803.182938</timestamp>
			</report>
			<report>
				<misses>17604001</misses>
				<total>44</total>
				<timestamp>5803.512591</timestamp>
			</report>
			<report>
				<misses>17605001</misses>
				<total>44</total>
				<timestamp>5803.842291</timestamp>
			</report>
			<report>
				<misses>17606001</misses>
				<total>44</total>
				<timestamp>5804.171961</timestamp>
			</report>
			<report>
				<misses>17607001</misses>
				<total>44</total>
				<timestamp>5804.501606</timestamp>
			</report>
			<report>
				<misses>17608001</misses>
				<total>44</total>
				<timestamp>5804.831332</timestamp>
			</report>
			<report>
				<misses>17609001</misses>
				<total>44</total>
				<timestamp>5805.160945</timestamp>
			</report>
			<report>
				<misses>17610001</misses>
				<total>44</total>
				<timestamp>5805.490604</timestamp>
			</report>
			<report>
				<misses>17611001</misses>
				<total>44</total>
				<timestamp>5805.820330</timestamp>
			</report>
			<report>
				<misses>17612001</misses>
				<total>44</total>
				<timestamp>5806.149954</timestamp>
			</report>
			<report>
				<misses>17613001</misses>
				<total>44</total>
				<timestamp>5806.479622</timestamp>
			</report>
			<report>
				<misses>17614001</misses>
				<total>44</total>
				<timestamp>5806.809341</timestamp>
			</report>
			<report>
				<misses>17615001</misses>
				<total>44</total>
				<timestamp>5807.138958</timestamp>
			</report>
			<report>
				<misses>17616001</misses>
				<total>44</total>
				<timestamp>5807.468611</timestamp>
			</report>
			<report>
				<misses>17617001</misses>
				<total>44</total>
				<timestamp>5807.798300</timestamp>
			</report>
			<report>
				<misses>17618001</misses>
				<total>44</total>
				<timestamp>5808.127999</timestamp>
			</report>
			<report>
				<misses>17619001</misses>
				<total>44</total>
				<timestamp>5808.457627</timestamp>
			</report>
			<report>
				<misses>17620001</misses>
				<total>44</total>
				<timestamp>5808.787365</timestamp>
			</report>
			<report>
				<misses>17621001</misses>
				<total>44</total>
				<timestamp>5809.117014</timestamp>
			</report>
			<report>
				<misses>17622001</misses>
				<total>44</total>
				<timestamp>5809.446657</timestamp>
			</report>
			<report>
				<misses>17623001</misses>
				<total>44</total>
				<timestamp>5809.776312</timestamp>
			</report>
			<report>
				<misses>17624001</misses>
				<total>44</total>
				<timestamp>5810.105976</timestamp>
			</report>
			<report>
				<misses>17625001</misses>
				<total>44</total>
				<timestamp>5810.435674</timestamp>
			</report>
			<report>
				<misses>17626001</misses>
				<total>44</total>
				<timestamp>5810.765368</timestamp>
			</report>
			<report>
				<misses>17627001</misses>
				<total>44</total>
				<timestamp>5811.094996</timestamp>
			</report>
			<report>
				<misses>17628001</misses>
				<total>44</total>
				<timestamp>5811.424680</timestamp>
			</report>
			<report>
				<misses>17629001</misses>
				<total>44</total>
				<timestamp>5811.754333</timestamp>
			</report>
			<report>
				<misses>17630001</misses>
				<total>44</total>
				<timestamp>5812.084010</timestamp>
			</report>
			<report>
				<misses>17631001</misses>
				<total>44</total>
				<timestamp>5812.413677</timestamp>
			</report>
			<report>
				<misses>17632001</misses>
				<total>44</total>
				<timestamp>5812.743406</timestamp>
			</report>
			<report>
				<misses>17633001</misses>
				<total>44</total>
				<timestamp>5813.073032</timestamp>
			</report>
			<report>
				<misses>17634001</misses>
				<total>44</total>
				<timestamp>5813.402826</timestamp>
			</report>
			<report>
				<misses>17635001</misses>
				<total>44</total>
				<timestamp>5813.732340</timestamp>
			</report>
			<report>
				<misses>17636001</misses>
				<total>44</total>
				<timestamp>5814.062050</timestamp>
			</report>
			<report>
				<misses>17637001</misses>
				<total>44</total>
				<timestamp>5814.391711</timestamp>
			</report>
			<report>
				<misses>17638001</misses>
				<total>44</total>
				<timestamp>5814.721360</timestamp>
			</report>
			<report>
				<misses>17639001</misses>
				<total>44</total>
				<timestamp>5815.051050</timestamp>
			</report>
			<report>
				<misses>17640001</misses>
				<total>44</total>
				<timestamp>5815.380711</timestamp>
			</report>
			<report>
				<misses>17641001</misses>
				<total>44</total>
				<timestamp>5815.710377</timestamp>
			</report>
			<report>
				<misses>17642001</misses>
				<total>44</total>
				<timestamp>5816.040039</timestamp>
			</report>
			<report>
				<misses>17643001</misses>
				<total>44</total>
				<timestamp>5816.369737</timestamp>
			</report>
			<report>
				<misses>17644001</misses>
				<total>44</total>
				<timestamp>5816.699384</timestamp>
			</report>
			<report>
				<misses>17645001</misses>
				<total>44</total>
				<timestamp>5817.029064</timestamp>
			</report>
			<report>
				<misses>17646001</misses>
				<total>44</total>
				<timestamp>5817.358764</timestamp>
			</report>
			<report>
				<misses>17647001</misses>
				<total>44</total>
				<timestamp>5817.688395</timestamp>
			</report>
			<report>
				<misses>17648001</misses>
				<total>44</total>
				<timestamp>5818.018162</timestamp>
			</report>
			<report>
				<misses>17649001</misses>
				<total>44</total>
				<timestamp>5818.347739</timestamp>
			</report>
			<report>
				<misses>17650001</misses>
				<total>44</total>
				<timestamp>5818.677493</timestamp>
			</report>
			<report>
				<misses>17651001</misses>
				<total>44</total>
				<timestamp>5819.007144</timestamp>
			</report>
			<report>
				<misses>17652001</misses>
				<total>44</total>
				<timestamp>5819.336741</timestamp>
			</report>
			<report>
				<misses>17653001</misses>
				<total>44</total>
				<timestamp>5819.666403</timestamp>
			</report>
			<report>
				<misses>17654001</misses>
				<total>44</total>
				<timestamp>5819.996148</timestamp>
			</report>
			<report>
				<misses>17655001</misses>
				<total>44</total>
				<timestamp>5820.325765</timestamp>
			</report>
			<report>
				<misses>17656001</misses>
				<total>44</total>
				<timestamp>5820.655430</timestamp>
			</report>
			<report>
				<misses>17657001</misses>
				<total>44</total>
				<timestamp>5820.985101</timestamp>
			</report>
			<report>
				<misses>17658001</misses>
				<total>44</total>
				<timestamp>5821.314774</timestamp>
			</report>
			<report>
				<misses>17659001</misses>
				<total>44</total>
				<timestamp>5821.644454</timestamp>
			</report>
			<report>
				<misses>17660001</misses>
				<total>44</total>
				<timestamp>5821.974170</timestamp>
			</report>
			<report>
				<misses>17661001</misses>
				<total>44</total>
				<timestamp>5822.303829</timestamp>
			</report>
			<report>
				<misses>17662001</misses>
				<total>44</total>
				<timestamp>5822.633451</timestamp>
			</report>
			<report>
				<misses>17663001</misses>
				<total>44</total>
				<timestamp>5822.963123</timestamp>
			</report>
			<report>
				<misses>17664001</misses>
				<total>44</total>
				<timestamp>5823.292801</timestamp>
			</report>
			<report>
				<misses>17665001</misses>
				<total>44</total>
				<timestamp>5823.622453</timestamp>
			</report>
			<report>
				<misses>17666001</misses>
				<total>44</total>
				<timestamp>5823.952175</timestamp>
			</report>
			<report>
				<misses>17667001</misses>
				<total>44</total>
				<timestamp>5824.281846</timestamp>
			</report>
			<report>
				<misses>17668001</misses>
				<total>44</total>
				<timestamp>5824.611472</timestamp>
			</report>
			<report>
				<misses>17669001</misses>
				<total>44</total>
				<timestamp>5824.941142</timestamp>
			</report>
			<report>
				<misses>17670001</misses>
				<total>44</total>
				<timestamp>5825.270821</timestamp>
			</report>
			<report>
				<misses>17671001</misses>
				<total>44</total>
				<timestamp>5825.600485</timestamp>
			</report>
			<report>
				<misses>17672001</misses>
				<total>44</total>
				<timestamp>5825.930164</timestamp>
			</report>
			<report>
				<misses>17673001</misses>
				<total>44</total>
				<timestamp>5826.259817</timestamp>
			</report>
			<report>
				<misses>17674001</misses>
				<total>44</total>
				<timestamp>5826.589513</timestamp>
			</report>
			<report>
				<misses>17675001</misses>
				<total>44</total>
				<timestamp>5826.919228</timestamp>
			</report>
			<report>
				<misses>17676001</misses>
				<total>44</total>
				<timestamp>5827.248827</timestamp>
			</report>
			<report>
				<misses>17677001</misses>
				<total>44</total>
				<timestamp>5827.578495</timestamp>
			</report>
			<report>
				<misses>17678001</misses>
				<total>44</total>
				<timestamp>5827.908195</timestamp>
			</report>
			<report>
				<misses>17679001</misses>
				<total>44</total>
				<timestamp>5828.237833</timestamp>
			</report>
			<report>
				<misses>17680001</misses>
				<total>44</total>
				<timestamp>5828.567560</timestamp>
			</report>
			<report>
				<misses>17681001</misses>
				<total>44</total>
				<timestamp>5828.897260</timestamp>
			</report>
			<report>
				<misses>17682001</misses>
				<total>44</total>
				<timestamp>5829.226880</timestamp>
			</report>
			<report>
				<misses>17683001</misses>
				<total>44</total>
				<timestamp>5829.556520</timestamp>
			</report>
			<report>
				<misses>17684001</misses>
				<total>44</total>
				<timestamp>5829.886263</timestamp>
			</report>
			<report>
				<misses>17685001</misses>
				<total>44</total>
				<timestamp>5830.215861</timestamp>
			</report>
			<report>
				<misses>17686001</misses>
				<total>44</total>
				<timestamp>5830.545545</timestamp>
			</report>
			<report>
				<misses>17687001</misses>
				<total>44</total>
				<timestamp>5830.875206</timestamp>
			</report>
			<report>
				<misses>17688001</misses>
				<total>44</total>
				<timestamp>5831.204878</timestamp>
			</report>
			<report>
				<misses>17689001</misses>
				<total>44</total>
				<timestamp>5831.534548</timestamp>
			</report>
			<report>
				<misses>17690001</misses>
				<total>44</total>
				<timestamp>5831.864268</timestamp>
			</report>
			<report>
				<misses>17691001</misses>
				<total>44</total>
				<timestamp>5832.193877</timestamp>
			</report>
			<report>
				<misses>17692001</misses>
				<total>44</total>
				<timestamp>5832.523568</timestamp>
			</report>
			<report>
				<misses>17693001</misses>
				<total>44</total>
				<timestamp>5832.853215</timestamp>
			</report>
			<report>
				<misses>17694001</misses>
				<total>44</total>
				<timestamp>5833.182901</timestamp>
			</report>
			<report>
				<misses>17695001</misses>
				<total>44</total>
				<timestamp>5833.512597</timestamp>
			</report>
			<report>
				<misses>17696001</misses>
				<total>44</total>
				<timestamp>5833.842232</timestamp>
			</report>
			<report>
				<misses>17697001</misses>
				<total>44</total>
				<timestamp>5834.171889</timestamp>
			</report>
			<report>
				<misses>17698001</misses>
				<total>44</total>
				<timestamp>5834.501605</timestamp>
			</report>
			<report>
				<misses>17699001</misses>
				<total>44</total>
				<timestamp>5834.831244</timestamp>
			</report>
			<report>
				<misses>17700001</misses>
				<total>44</total>
				<timestamp>5835.160905</timestamp>
			</report>
			<report>
				<misses>17701001</misses>
				<total>44</total>
				<timestamp>5835.490638</timestamp>
			</report>
			<report>
				<misses>17702001</misses>
				<total>44</total>
				<timestamp>5835.820250</timestamp>
			</report>
			<report>
				<misses>17703001</misses>
				<total>44</total>
				<timestamp>5836.149923</timestamp>
			</report>
			<report>
				<misses>17704001</misses>
				<total>44</total>
				<timestamp>5836.479599</timestamp>
			</report>
			<report>
				<misses>17705001</misses>
				<total>44</total>
				<timestamp>5836.809259</timestamp>
			</report>
			<report>
				<misses>17706001</misses>
				<total>44</total>
				<timestamp>5837.138952</timestamp>
			</report>
			<report>
				<misses>17707001</misses>
				<total>44</total>
				<timestamp>5837.468641</timestamp>
			</report>
			<report>
				<misses>17708001</misses>
				<total>44</total>
				<timestamp>5837.798303</timestamp>
			</report>
			<report>
				<misses>17709001</misses>
				<total>44</total>
				<timestamp>5838.127934</timestamp>
			</report>
			<report>
				<misses>17710001</misses>
				<total>44</total>
				<timestamp>5838.457600</timestamp>
			</report>
			<report>
				<misses>17711001</misses>
				<total>44</total>
				<timestamp>5838.787272</timestamp>
			</report>
			<report>
				<misses>17712001</misses>
				<total>44</total>
				<timestamp>5839.116985</timestamp>
			</report>
			<report>
				<misses>17713001</misses>
				<total>44</total>
				<timestamp>5839.446618</timestamp>
			</report>
			<report>
				<misses>17714001</misses>
				<total>44</total>
				<timestamp>5839.776330</timestamp>
			</report>
			<report>
				<misses>17715001</misses>
				<total>44</total>
				<timestamp>5840.105972</timestamp>
			</report>
			<report>
				<misses>17716001</misses>
				<total>44</total>
				<timestamp>5840.435640</timestamp>
			</report>
			<report>
				<misses>17717001</misses>
				<total>44</total>
				<timestamp>5840.765292</timestamp>
			</report>
			<report>
				<misses>17718001</misses>
				<total>44</total>
				<timestamp>5841.095065</timestamp>
			</report>
			<report>
				<misses>17719001</misses>
				<total>44</total>
				<timestamp>5841.424655</timestamp>
			</report>
			<report>
				<misses>17720001</misses>
				<total>44</total>
				<timestamp>5841.754301</timestamp>
			</report>
			<report>
				<misses>17721001</misses>
				<total>44</total>
				<timestamp>5842.083973</timestamp>
			</report>
			<report>
				<misses>17722001</misses>
				<total>44</total>
				<timestamp>5842.413658</timestamp>
			</report>
			<report>
				<misses>17723001</misses>
				<total>44</total>
				<timestamp>5842.743351</timestamp>
			</report>
			<report>
				<misses>17724001</misses>
				<total>44</total>
				<timestamp>5843.072989</timestamp>
			</report>
			<report>
				<misses>17725001</misses>
				<total>44</total>
				<timestamp>5843.402693</timestamp>
			</report>
			<report>
				<misses>17726001</misses>
				<total>44</total>
				<timestamp>5843.732351</timestamp>
			</report>
			<report>
				<misses>17727001</misses>
				<total>44</total>
				<timestamp>5844.062001</timestamp>
			</report>
			<report>
				<misses>17728001</misses>
				<total>44</total>
				<timestamp>5844.391703</timestamp>
			</report>
			<report>
				<misses>17729001</misses>
				<total>44</total>
				<timestamp>5844.721336</timestamp>
			</report>
			<report>
				<misses>17730001</misses>
				<total>44</total>
				<timestamp>5845.051019</timestamp>
			</report>
			<report>
				<misses>17731001</misses>
				<total>44</total>
				<timestamp>5845.380706</timestamp>
			</report>
			<report>
				<misses>17732001</misses>
				<total>44</total>
				<timestamp>5845.710352</timestamp>
			</report>
			<report>
				<misses>17733001</misses>
				<total>44</total>
				<timestamp>5846.040023</timestamp>
			</report>
			<report>
				<misses>17734001</misses>
				<total>44</total>
				<timestamp>5846.369705</timestamp>
			</report>
			<report>
				<misses>17735001</misses>
				<total>44</total>
				<timestamp>5846.699364</timestamp>
			</report>
			<report>
				<misses>17736001</misses>
				<total>44</total>
				<timestamp>5847.029034</timestamp>
			</report>
			<report>
				<misses>17737001</misses>
				<total>44</total>
				<timestamp>5847.358715</timestamp>
			</report>
			<report>
				<misses>17738001</misses>
				<total>44</total>
				<timestamp>5847.688388</timestamp>
			</report>
			<report>
				<misses>17739001</misses>
				<total>44</total>
				<timestamp>5848.018120</timestamp>
			</report>
			<report>
				<misses>17740001</misses>
				<total>44</total>
				<timestamp>5848.347730</timestamp>
			</report>
			<report>
				<misses>17741001</misses>
				<total>44</total>
				<timestamp>5848.677373</timestamp>
			</report>
			<report>
				<misses>17742001</misses>
				<total>44</total>
				<timestamp>5849.007043</timestamp>
			</report>
			<report>
				<misses>17743001</misses>
				<total>44</total>
				<timestamp>5849.336722</timestamp>
			</report>
			<report>
				<misses>17744001</misses>
				<total>44</total>
				<timestamp>5849.666388</timestamp>
			</report>
			<report>
				<misses>17745001</misses>
				<total>44</total>
				<timestamp>5849.996106</timestamp>
			</report>
			<report>
				<misses>17746001</misses>
				<total>44</total>
				<timestamp>5850.325720</timestamp>
			</report>
			<report>
				<misses>17747001</misses>
				<total>44</total>
				<timestamp>5850.655399</timestamp>
			</report>
			<report>
				<misses>17748001</misses>
				<total>44</total>
				<timestamp>5850.985073</timestamp>
			</report>
			<report>
				<misses>17749001</misses>
				<total>44</total>
				<timestamp>5851.314734</timestamp>
			</report>
			<report>
				<misses>17750001</misses>
				<total>44</total>
				<timestamp>5851.644425</timestamp>
			</report>
			<report>
				<misses>17751001</misses>
				<total>44</total>
				<timestamp>5851.974077</timestamp>
			</report>
			<report>
				<misses>17752001</misses>
				<total>44</total>
				<timestamp>5852.303765</timestamp>
			</report>
			<report>
				<misses>17753001</misses>
				<total>44</total>
				<timestamp>5852.633414</timestamp>
			</report>
			<report>
				<misses>17754001</misses>
				<total>44</total>
				<timestamp>5852.963161</timestamp>
			</report>
			<report>
				<misses>17755001</misses>
				<total>44</total>
				<timestamp>5853.292889</timestamp>
			</report>
			<report>
				<misses>17756001</misses>
				<total>44</total>
				<timestamp>5853.622495</timestamp>
			</report>
			<report>
				<misses>17757001</misses>
				<total>44</total>
				<timestamp>5853.952141</timestamp>
			</report>
			<report>
				<misses>17758001</misses>
				<total>44</total>
				<timestamp>5854.281798</timestamp>
			</report>
			<report>
				<misses>17759001</misses>
				<total>44</total>
				<timestamp>5854.611463</timestamp>
			</report>
			<report>
				<misses>17760001</misses>
				<total>44</total>
				<timestamp>5854.941156</timestamp>
			</report>
			<report>
				<misses>17761001</misses>
				<total>44</total>
				<timestamp>5855.270800</timestamp>
			</report>
			<report>
				<misses>17762001</misses>
				<total>44</total>
				<timestamp>5855.600469</timestamp>
			</report>
			<report>
				<misses>17763001</misses>
				<total>44</total>
				<timestamp>5855.930148</timestamp>
			</report>
			<report>
				<misses>17764001</misses>
				<total>44</total>
				<timestamp>5856.259785</timestamp>
			</report>
			<report>
				<misses>17765001</misses>
				<total>44</total>
				<timestamp>5856.589488</timestamp>
			</report>
			<report>
				<misses>17766001</misses>
				<total>44</total>
				<timestamp>5856.919118</timestamp>
			</report>
			<report>
				<misses>17767001</misses>
				<total>44</total>
				<timestamp>5857.248808</timestamp>
			</report>
			<report>
				<misses>17768001</misses>
				<total>44</total>
				<timestamp>5857.578473</timestamp>
			</report>
			<report>
				<misses>17769001</misses>
				<total>44</total>
				<timestamp>5857.908192</timestamp>
			</report>
			<report>
				<misses>17770001</misses>
				<total>44</total>
				<timestamp>5858.237798</timestamp>
			</report>
			<report>
				<misses>17771001</misses>
				<total>44</total>
				<timestamp>5858.567494</timestamp>
			</report>
			<report>
				<misses>17772001</misses>
				<total>44</total>
				<timestamp>5858.897158</timestamp>
			</report>
			<report>
				<misses>17773001</misses>
				<total>44</total>
				<timestamp>5859.226821</timestamp>
			</report>
			<report>
				<misses>17774001</misses>
				<total>44</total>
				<timestamp>5859.556587</timestamp>
			</report>
			<report>
				<misses>17775001</misses>
				<total>44</total>
				<timestamp>5859.886146</timestamp>
			</report>
			<report>
				<misses>17776001</misses>
				<total>44</total>
				<timestamp>5860.215834</timestamp>
			</report>
			<report>
				<misses>17777001</misses>
				<total>44</total>
				<timestamp>5860.545529</timestamp>
			</report>
			<report>
				<misses>17778001</misses>
				<total>44</total>
				<timestamp>5860.875163</timestamp>
			</report>
			<report>
				<misses>17779001</misses>
				<total>44</total>
				<timestamp>5861.204830</timestamp>
			</report>
			<report>
				<misses>17780001</misses>
				<total>44</total>
				<timestamp>5861.534502</timestamp>
			</report>
			<report>
				<misses>17781001</misses>
				<total>44</total>
				<timestamp>5861.864181</timestamp>
			</report>
			<report>
				<misses>17782001</misses>
				<total>44</total>
				<timestamp>5862.193859</timestamp>
			</report>
			<report>
				<misses>17783001</misses>
				<total>44</total>
				<timestamp>5862.523514</timestamp>
			</report>
			<report>
				<misses>17784001</misses>
				<total>44</total>
				<timestamp>5862.853180</timestamp>
			</report>
			<report>
				<misses>17785001</misses>
				<total>44</total>
				<timestamp>5863.182906</timestamp>
			</report>
			<report>
				<misses>17786001</misses>
				<total>44</total>
				<timestamp>5863.512519</timestamp>
			</report>
			<report>
				<misses>17787001</misses>
				<total>44</total>
				<timestamp>5863.842204</timestamp>
			</report>
			<report>
				<misses>17788001</misses>
				<total>44</total>
				<timestamp>5864.171928</timestamp>
			</report>
			<report>
				<misses>17789001</misses>
				<total>44</total>
				<timestamp>5864.501577</timestamp>
			</report>
			<report>
				<misses>17790001</misses>
				<total>44</total>
				<timestamp>5864.831204</timestamp>
			</report>
			<report>
				<misses>17791001</misses>
				<total>44</total>
				<timestamp>5865.160930</timestamp>
			</report>
			<report>
				<misses>17792001</misses>
				<total>44</total>
				<timestamp>5865.490590</timestamp>
			</report>
			<report>
				<misses>17793001</misses>
				<total>44</total>
				<timestamp>5865.820215</timestamp>
			</report>
			<report>
				<misses>17794001</misses>
				<total>44</total>
				<timestamp>5866.149907</timestamp>
			</report>
			<report>
				<misses>17795001</misses>
				<total>44</total>
				<timestamp>5866.479566</timestamp>
			</report>
			<report>
				<misses>17796001</misses>
				<total>44</total>
				<timestamp>5866.809260</timestamp>
			</report>
			<report>
				<misses>17797001</misses>
				<total>44</total>
				<timestamp>5867.138968</timestamp>
			</report>
			<report>
				<misses>17798001</misses>
				<total>44</total>
				<timestamp>5867.468606</timestamp>
			</report>
			<report>
				<misses>17799001</misses>
				<total>44</total>
				<timestamp>5867.798245</timestamp>
			</report>
			<report>
				<misses>17800001</misses>
				<total>44</total>
				<timestamp>5868.127985</timestamp>
			</report>
			<report>
				<misses>17801001</misses>
				<total>44</total>
				<timestamp>5868.457582</timestamp>
			</report>
			<report>
				<misses>17802001</misses>
				<total>44</total>
				<timestamp>5868.787250</timestamp>
			</report>
			<report>
				<misses>17803001</misses>
				<total>44</total>
				<timestamp>5869.116976</timestamp>
			</report>
			<report>
				<misses>17804001</misses>
				<total>44</total>
				<timestamp>5869.446613</timestamp>
			</report>
			<report>
				<misses>17805001</misses>
				<total>44</total>
				<timestamp>5869.776291</timestamp>
			</report>
			<report>
				<misses>17806001</misses>
				<total>44</total>
				<timestamp>5870.105933</timestamp>
			</report>
			<report>
				<misses>17807001</misses>
				<total>44</total>
				<timestamp>5870.435619</timestamp>
			</report>
			<report>
				<misses>17808001</misses>
				<total>44</total>
				<timestamp>5870.765355</timestamp>
			</report>
			<report>
				<misses>17809001</misses>
				<total>44</total>
				<timestamp>5871.094968</timestamp>
			</report>
			<report>
				<misses>17810001</misses>
				<total>44</total>
				<timestamp>5871.424609</timestamp>
			</report>
			<report>
				<misses>17811001</misses>
				<total>44</total>
				<timestamp>5871.754283</timestamp>
			</report>
			<report>
				<misses>17812001</misses>
				<total>44</total>
				<timestamp>5872.083964</timestamp>
			</report>
			<report>
				<misses>17813001</misses>
				<total>44</total>
				<timestamp>5872.413615</timestamp>
			</report>
			<report>
				<misses>17814001</misses>
				<total>44</total>
				<timestamp>5872.743280</timestamp>
			</report>
			<report>
				<misses>17815001</misses>
				<total>44</total>
				<timestamp>5873.072971</timestamp>
			</report>
			<report>
				<misses>17816001</misses>
				<total>44</total>
				<timestamp>5873.402636</timestamp>
			</report>
			<report>
				<misses>17817001</misses>
				<total>44</total>
				<timestamp>5873.732300</timestamp>
			</report>
			<report>
				<misses>17818001</misses>
				<total>44</total>
				<timestamp>5874.062033</timestamp>
			</report>
			<report>
				<misses>17819001</misses>
				<total>44</total>
				<timestamp>5874.391631</timestamp>
			</report>
			<report>
				<misses>17820001</misses>
				<total>44</total>
				<timestamp>5874.721315</timestamp>
			</report>
			<report>
				<misses>17821001</misses>
				<total>44</total>
				<timestamp>5875.051041</timestamp>
			</report>
			<report>
				<misses>17822001</misses>
				<total>44</total>
				<timestamp>5875.380648</timestamp>
			</report>
			<report>
				<misses>17823001</misses>
				<total>44</total>
				<timestamp>5875.710375</timestamp>
			</report>
			<report>
				<misses>17824001</misses>
				<total>44</total>
				<timestamp>5876.040097</timestamp>
			</report>
			<report>
				<misses>17825001</misses>
				<total>44</total>
				<timestamp>5876.369653</timestamp>
			</report>
			<report>
				<misses>17826001</misses>
				<total>44</total>
				<timestamp>5876.699334</timestamp>
			</report>
			<report>
				<misses>17827001</misses>
				<total>44</total>
				<timestamp>5877.029020</timestamp>
			</report>
			<report>
				<misses>17828001</misses>
				<total>44</total>
				<timestamp>5877.358687</timestamp>
			</report>
			<report>
				<misses>17829001</misses>
				<total>44</total>
				<timestamp>5877.688384</timestamp>
			</report>
			<report>
				<misses>17830001</misses>
				<total>44</total>
				<timestamp>5878.018006</timestamp>
			</report>
			<report>
				<misses>17831001</misses>
				<total>44</total>
				<timestamp>5878.347664</timestamp>
			</report>
			<report>
				<misses>17832001</misses>
				<total>44</total>
				<timestamp>5878.677405</timestamp>
			</report>
			<report>
				<misses>17833001</misses>
				<total>44</total>
				<timestamp>5879.007043</timestamp>
			</report>
			<report>
				<misses>17834001</misses>
				<total>44</total>
				<timestamp>5879.336673</timestamp>
			</report>
			<report>
				<misses>17835001</misses>
				<total>44</total>
				<timestamp>5879.666389</timestamp>
			</report>
			<report>
				<misses>17836001</misses>
				<total>44</total>
				<timestamp>5879.996051</timestamp>
			</report>
			<report>
				<misses>17837001</misses>
				<total>44</total>
				<timestamp>5880.325702</timestamp>
			</report>
			<report>
				<misses>17838001</misses>
				<total>44</total>
				<timestamp>5880.655372</timestamp>
			</report>
			<report>
				<misses>17839001</misses>
				<total>44</total>
				<timestamp>5880.985030</timestamp>
			</report>
			<report>
				<misses>17840001</misses>
				<total>44</total>
				<timestamp>5881.314709</timestamp>
			</report>
			<report>
				<misses>17841001</misses>
				<total>44</total>
				<timestamp>5881.644421</timestamp>
			</report>
			<report>
				<misses>17842001</misses>
				<total>44</total>
				<timestamp>5881.974043</timestamp>
			</report>
			<report>
				<misses>17843001</misses>
				<total>44</total>
				<timestamp>5882.303728</timestamp>
			</report>
			<report>
				<misses>17844001</misses>
				<total>44</total>
				<timestamp>5882.633406</timestamp>
			</report>
			<report>
				<misses>17845001</misses>
				<total>44</total>
				<timestamp>5882.963048</timestamp>
			</report>
			<report>
				<misses>17846001</misses>
				<total>44</total>
				<timestamp>5883.292730</timestamp>
			</report>
			<report>
				<misses>17847001</misses>
				<total>44</total>
				<timestamp>5883.622384</timestamp>
			</report>
			<report>
				<misses>17848001</misses>
				<total>44</total>
				<timestamp>5883.952129</timestamp>
			</report>
			<report>
				<misses>17849001</misses>
				<total>44</total>
				<timestamp>5884.281741</timestamp>
			</report>
			<report>
				<misses>17850001</misses>
				<total>44</total>
				<timestamp>5884.611417</timestamp>
			</report>
			<report>
				<misses>17851001</misses>
				<total>44</total>
				<timestamp>5884.941123</timestamp>
			</report>
			<report>
				<misses>17852001</misses>
				<total>44</total>
				<timestamp>5885.270784</timestamp>
			</report>
			<report>
				<misses>17853001</misses>
				<total>44</total>
				<timestamp>5885.600452</timestamp>
			</report>
			<report>
				<misses>17854001</misses>
				<total>44</total>
				<timestamp>5885.930178</timestamp>
			</report>
			<report>
				<misses>17855001</misses>
				<total>44</total>
				<timestamp>5886.259755</timestamp>
			</report>
			<report>
				<misses>17856001</misses>
				<total>44</total>
				<timestamp>5886.589480</timestamp>
			</report>
			<report>
				<misses>17857001</misses>
				<total>44</total>
				<timestamp>5886.919206</timestamp>
			</report>
			<report>
				<misses>17858001</misses>
				<total>44</total>
				<timestamp>5887.248833</timestamp>
			</report>
			<report>
				<misses>17859001</misses>
				<total>44</total>
				<timestamp>5887.578459</timestamp>
			</report>
			<report>
				<misses>17860001</misses>
				<total>44</total>
				<timestamp>5887.908105</timestamp>
			</report>
			<report>
				<misses>17861001</misses>
				<total>44</total>
				<timestamp>5888.237773</timestamp>
			</report>
			<report>
				<misses>17862001</misses>
				<total>44</total>
				<timestamp>5888.567452</timestamp>
			</report>
			<report>
				<misses>17863001</misses>
				<total>44</total>
				<timestamp>5888.897153</timestamp>
			</report>
			<report>
				<misses>17864001</misses>
				<total>44</total>
				<timestamp>5889.226862</timestamp>
			</report>
			<report>
				<misses>17865001</misses>
				<total>44</total>
				<timestamp>5889.556471</timestamp>
			</report>
			<report>
				<misses>17866001</misses>
				<total>44</total>
				<timestamp>5889.886141</timestamp>
			</report>
			<report>
				<misses>17867001</misses>
				<total>44</total>
				<timestamp>5890.215819</timestamp>
			</report>
			<report>
				<misses>17868001</misses>
				<total>44</total>
				<timestamp>5890.545474</timestamp>
			</report>
			<report>
				<misses>17869001</misses>
				<total>44</total>
				<timestamp>5890.875147</timestamp>
			</report>
			<report>
				<misses>17870001</misses>
				<total>44</total>
				<timestamp>5891.204859</timestamp>
			</report>
			<report>
				<misses>17871001</misses>
				<total>44</total>
				<timestamp>5891.534483</timestamp>
			</report>
			<report>
				<misses>17872001</misses>
				<total>44</total>
				<timestamp>5891.864166</timestamp>
			</report>
			<report>
				<misses>17873001</misses>
				<total>44</total>
				<timestamp>5892.193894</timestamp>
			</report>
			<report>
				<misses>17874001</misses>
				<total>44</total>
				<timestamp>5892.523551</timestamp>
			</report>
			<report>
				<misses>17875001</misses>
				<total>44</total>
				<timestamp>5892.853172</timestamp>
			</report>
			<report>
				<misses>17876001</misses>
				<total>44</total>
				<timestamp>5893.182853</timestamp>
			</report>
			<report>
				<misses>17877001</misses>
				<total>44</total>
				<timestamp>5893.512497</timestamp>
			</report>
			<report>
				<misses>17878001</misses>
				<total>44</total>
				<timestamp>5893.842187</timestamp>
			</report>
			<report>
				<misses>17879001</misses>
				<total>44</total>
				<timestamp>5894.171871</timestamp>
			</report>
			<report>
				<misses>17880001</misses>
				<total>44</total>
				<timestamp>5894.501511</timestamp>
			</report>
			<report>
				<misses>17881001</misses>
				<total>44</total>
				<timestamp>5894.831179</timestamp>
			</report>
			<report>
				<misses>17882001</misses>
				<total>44</total>
				<timestamp>5895.160838</timestamp>
			</report>
			<report>
				<misses>17883001</misses>
				<total>44</total>
				<timestamp>5895.490507</timestamp>
			</report>
			<report>
				<misses>17884001</misses>
				<total>44</total>
				<timestamp>5895.820301</timestamp>
			</report>
			<report>
				<misses>17885001</misses>
				<total>44</total>
				<timestamp>5896.149927</timestamp>
			</report>
			<report>
				<misses>17886001</misses>
				<total>44</total>
				<timestamp>5896.479529</timestamp>
			</report>
			<report>
				<misses>17887001</misses>
				<total>44</total>
				<timestamp>5896.809227</timestamp>
			</report>
			<report>
				<misses>17888001</misses>
				<total>44</total>
				<timestamp>5897.138933</timestamp>
			</report>
			<report>
				<misses>17889001</misses>
				<total>44</total>
				<timestamp>5897.468550</timestamp>
			</report>
			<report>
				<misses>17890001</misses>
				<total>44</total>
				<timestamp>5897.798251</timestamp>
			</report>
			<report>
				<misses>17891001</misses>
				<total>44</total>
				<timestamp>5898.127932</timestamp>
			</report>
			<report>
				<misses>17892001</misses>
				<total>44</total>
				<timestamp>5898.457560</timestamp>
			</report>
			<report>
				<misses>17893001</misses>
				<total>44</total>
				<timestamp>5898.787271</timestamp>
			</report>
			<report>
				<misses>17894001</misses>
				<total>45</total>
				<timestamp>5899.116898</timestamp>
			</report>
			<report>
				<misses>17895001</misses>
				<total>45</total>
				<timestamp>5899.446566</timestamp>
			</report>
			<report>
				<misses>17896001</misses>
				<total>45</total>
				<timestamp>5899.776270</timestamp>
			</report>
			<report>
				<misses>17897001</misses>
				<total>45</total>
				<timestamp>5900.105944</timestamp>
			</report>
			<report>
				<misses>17898001</misses>
				<total>45</total>
				<timestamp>5900.435557</timestamp>
			</report>
			<report>
				<misses>17899001</misses>
				<total>45</total>
				<timestamp>5900.765237</timestamp>
			</report>
			<report>
				<misses>17900001</misses>
				<total>45</total>
				<timestamp>5901.094893</timestamp>
			</report>
			<report>
				<misses>17901001</misses>
				<total>45</total>
				<timestamp>5901.424587</timestamp>
			</report>
			<report>
				<misses>17902001</misses>
				<total>45</total>
				<timestamp>5901.754293</timestamp>
			</report>
			<report>
				<misses>17903001</misses>
				<total>45</total>
				<timestamp>5902.083912</timestamp>
			</report>
			<report>
				<misses>17904001</misses>
				<total>45</total>
				<timestamp>5902.413590</timestamp>
			</report>
			<report>
				<misses>17905001</misses>
				<total>45</total>
				<timestamp>5902.743306</timestamp>
			</report>
			<report>
				<misses>17906001</misses>
				<total>45</total>
				<timestamp>5903.072942</timestamp>
			</report>
			<report>
				<misses>17907001</misses>
				<total>45</total>
				<timestamp>5903.402604</timestamp>
			</report>
			<report>
				<misses>17908001</misses>
				<total>45</total>
				<timestamp>5903.732270</timestamp>
			</report>
			<report>
				<misses>17909001</misses>
				<total>45</total>
				<timestamp>5904.061934</timestamp>
			</report>
			<report>
				<misses>17910001</misses>
				<total>45</total>
				<timestamp>5904.391616</timestamp>
			</report>
			<report>
				<misses>17911001</misses>
				<total>45</total>
				<timestamp>5904.721300</timestamp>
			</report>
			<report>
				<misses>17912001</misses>
				<total>45</total>
				<timestamp>5905.050995</timestamp>
			</report>
			<report>
				<misses>17913001</misses>
				<total>45</total>
				<timestamp>5905.380692</timestamp>
			</report>
			<report>
				<misses>17914001</misses>
				<total>45</total>
				<timestamp>5905.710313</timestamp>
			</report>
			<report>
				<misses>17915001</misses>
				<total>45</total>
				<timestamp>5906.040041</timestamp>
			</report>
			<report>
				<misses>17916001</misses>
				<total>45</total>
				<timestamp>5906.369636</timestamp>
			</report>
			<report>
				<misses>17917001</misses>
				<total>45</total>
				<timestamp>5906.699348</timestamp>
			</report>
			<report>
				<misses>17918001</misses>
				<total>45</total>
				<timestamp>5907.029013</timestamp>
			</report>
			<report>
				<misses>17919001</misses>
				<total>45</total>
				<timestamp>5907.358641</timestamp>
			</report>
			<report>
				<misses>17920001</misses>
				<total>45</total>
				<timestamp>5907.688312</timestamp>
			</report>
			<report>
				<misses>17921001</misses>
				<total>45</total>
				<timestamp>5908.017991</timestamp>
			</report>
			<report>
				<misses>17922001</misses>
				<total>45</total>
				<timestamp>5908.347757</timestamp>
			</report>
			<report>
				<misses>17923001</misses>
				<total>45</total>
				<timestamp>5908.677330</timestamp>
			</report>
			<report>
				<misses>17924001</misses>
				<total>45</total>
				<timestamp>5909.006997</timestamp>
			</report>
			<report>
				<misses>17925001</misses>
				<total>45</total>
				<timestamp>5909.336709</timestamp>
			</report>
			<report>
				<misses>17926001</misses>
				<total>45</total>
				<timestamp>5909.666334</timestamp>
			</report>
			<report>
				<misses>17927001</misses>
				<total>45</total>
				<timestamp>5909.996011</timestamp>
			</report>
			<report>
				<misses>17928001</misses>
				<total>45</total>
				<timestamp>5910.325668</timestamp>
			</report>
			<report>
				<misses>17929001</misses>
				<total>45</total>
				<timestamp>5910.655345</timestamp>
			</report>
			<report>
				<misses>17930001</misses>
				<total>45</total>
				<timestamp>5910.985003</timestamp>
			</report>
			<report>
				<misses>17931001</misses>
				<total>45</total>
				<timestamp>5911.314746</timestamp>
			</report>
			<report>
				<misses>17932001</misses>
				<total>45</total>
				<timestamp>5911.644350</timestamp>
			</report>
			<report>
				<misses>17933001</misses>
				<total>45</total>
				<timestamp>5911.974036</timestamp>
			</report>
			<report>
				<misses>17934001</misses>
				<total>45</total>
				<timestamp>5912.303717</timestamp>
			</report>
			<report>
				<misses>17935001</misses>
				<total>45</total>
				<timestamp>5912.633353</timestamp>
			</report>
			<report>
				<misses>17936001</misses>
				<total>45</total>
				<timestamp>5912.963038</timestamp>
			</report>
			<report>
				<misses>17937001</misses>
				<total>45</total>
				<timestamp>5913.292690</timestamp>
			</report>
			<report>
				<misses>17938001</misses>
				<total>45</total>
				<timestamp>5913.622370</timestamp>
			</report>
			<report>
				<misses>17939001</misses>
				<total>45</total>
				<timestamp>5913.952070</timestamp>
			</report>
			<report>
				<misses>17940001</misses>
				<total>45</total>
				<timestamp>5914.281792</timestamp>
			</report>
			<report>
				<misses>17941001</misses>
				<total>45</total>
				<timestamp>5914.611376</timestamp>
			</report>
			<report>
				<misses>17942001</misses>
				<total>45</total>
				<timestamp>5914.941057</timestamp>
			</report>
			<report>
				<misses>17943001</misses>
				<total>45</total>
				<timestamp>5915.270713</timestamp>
			</report>
			<report>
				<misses>17944001</misses>
				<total>45</total>
				<timestamp>5915.600387</timestamp>
			</report>
			<report>
				<misses>17945001</misses>
				<total>45</total>
				<timestamp>5915.930080</timestamp>
			</report>
			<report>
				<misses>17946001</misses>
				<total>45</total>
				<timestamp>5916.259796</timestamp>
			</report>
			<report>
				<misses>17947001</misses>
				<total>45</total>
				<timestamp>5916.589418</timestamp>
			</report>
			<report>
				<misses>17948001</misses>
				<total>45</total>
				<timestamp>5916.919102</timestamp>
			</report>
			<report>
				<misses>17949001</misses>
				<total>45</total>
				<timestamp>5917.248784</timestamp>
			</report>
			<report>
				<misses>17950001</misses>
				<total>45</total>
				<timestamp>5917.578415</timestamp>
			</report>
			<report>
				<misses>17951001</misses>
				<total>45</total>
				<timestamp>5917.908086</timestamp>
			</report>
			<report>
				<misses>17952001</misses>
				<total>45</total>
				<timestamp>5918.237798</timestamp>
			</report>
			<report>
				<misses>17953001</misses>
				<total>45</total>
				<timestamp>5918.567417</timestamp>
			</report>
			<report>
				<misses>17954001</misses>
				<total>45</total>
				<timestamp>5918.897124</timestamp>
			</report>
			<report>
				<misses>17955001</misses>
				<total>45</total>
				<timestamp>5919.226769</timestamp>
			</report>
			<report>
				<misses>17956001</misses>
				<total>45</total>
				<timestamp>5919.556421</timestamp>
			</report>
			<report>
				<misses>17957001</misses>
				<total>45</total>
				<timestamp>5919.886123</timestamp>
			</report>
			<report>
				<misses>17958001</misses>
				<total>45</total>
				<timestamp>5920.215761</timestamp>
			</report>
			<report>
				<misses>17959001</misses>
				<total>45</total>
				<timestamp>5920.545429</timestamp>
			</report>
			<report>
				<misses>17960001</misses>
				<total>45</total>
				<timestamp>5920.875104</timestamp>
			</report>
			<report>
				<misses>17961001</misses>
				<total>45</total>
				<timestamp>5921.204835</timestamp>
			</report>
			<report>
				<misses>17962001</misses>
				<total>45</total>
				<timestamp>5921.534523</timestamp>
			</report>
			<report>
				<misses>17963001</misses>
				<total>45</total>
				<timestamp>5921.864112</timestamp>
			</report>
			<report>
				<misses>17964001</misses>
				<total>45</total>
				<timestamp>5922.193782</timestamp>
			</report>
			<report>
				<misses>17965001</misses>
				<total>45</total>
				<timestamp>5922.523452</timestamp>
			</report>
			<report>
				<misses>17966001</misses>
				<total>45</total>
				<timestamp>5922.853145</timestamp>
			</report>
			<report>
				<misses>17967001</misses>
				<total>45</total>
				<timestamp>5923.182828</timestamp>
			</report>
			<report>
				<misses>17968001</misses>
				<total>45</total>
				<timestamp>5923.512485</timestamp>
			</report>
			<report>
				<misses>17969001</misses>
				<total>45</total>
				<timestamp>5923.842122</timestamp>
			</report>
			<report>
				<misses>17970001</misses>
				<total>45</total>
				<timestamp>5924.171837</timestamp>
			</report>
			<report>
				<misses>17971001</misses>
				<total>45</total>
				<timestamp>5924.501462</timestamp>
			</report>
			<report>
				<misses>17972001</misses>
				<total>45</total>
				<timestamp>5924.831181</timestamp>
			</report>
			<report>
				<misses>17973001</misses>
				<total>45</total>
				<timestamp>5925.160838</timestamp>
			</report>
			<report>
				<misses>17974001</misses>
				<total>45</total>
				<timestamp>5925.490489</timestamp>
			</report>
			<report>
				<misses>17975001</misses>
				<total>45</total>
				<timestamp>5925.820173</timestamp>
			</report>
			<report>
				<misses>17976001</misses>
				<total>45</total>
				<timestamp>5926.149839</timestamp>
			</report>
			<report>
				<misses>17977001</misses>
				<total>45</total>
				<timestamp>5926.479499</timestamp>
			</report>
			<report>
				<misses>17978001</misses>
				<total>45</total>
				<timestamp>5926.809184</timestamp>
			</report>
			<report>
				<misses>17979001</misses>
				<total>45</total>
				<timestamp>5927.138858</timestamp>
			</report>
			<report>
				<misses>17980001</misses>
				<total>45</total>
				<timestamp>5927.468526</timestamp>
			</report>
			<report>
				<misses>17981001</misses>
				<total>45</total>
				<timestamp>5927.798197</timestamp>
			</report>
			<report>
				<misses>17982001</misses>
				<total>45</total>
				<timestamp>5928.127882</timestamp>
			</report>
			<report>
				<misses>17983001</misses>
				<total>45</total>
				<timestamp>5928.457537</timestamp>
			</report>
			<report>
				<misses>17984001</misses>
				<total>45</total>
				<timestamp>5928.787222</timestamp>
			</report>
			<report>
				<misses>17985001</misses>
				<total>45</total>
				<timestamp>5929.116859</timestamp>
			</report>
			<report>
				<misses>17986001</misses>
				<total>45</total>
				<timestamp>5929.446546</timestamp>
			</report>
			<report>
				<misses>17987001</misses>
				<total>45</total>
				<timestamp>5929.776205</timestamp>
			</report>
			<report>
				<misses>17988001</misses>
				<total>45</total>
				<timestamp>5930.105900</timestamp>
			</report>
			<report>
				<misses>17989001</misses>
				<total>45</total>
				<timestamp>5930.435537</timestamp>
			</report>
			<report>
				<misses>17990001</misses>
				<total>45</total>
				<timestamp>5930.765211</timestamp>
			</report>
			<report>
				<misses>17991001</misses>
				<total>45</total>
				<timestamp>5931.094914</timestamp>
			</report>
			<report>
				<misses>17992001</misses>
				<total>45</total>
				<timestamp>5931.424572</timestamp>
			</report>
			<report>
				<misses>17993001</misses>
				<total>45</total>
				<timestamp>5931.754233</timestamp>
			</report>
			<report>
				<misses>17994001</misses>
				<total>45</total>
				<timestamp>5932.083905</timestamp>
			</report>
			<report>
				<misses>17995001</misses>
				<total>45</total>
				<timestamp>5932.413560</timestamp>
			</report>
			<report>
				<misses>17996001</misses>
				<total>45</total>
				<timestamp>5932.743239</timestamp>
			</report>
			<report>
				<misses>17997001</misses>
				<total>45</total>
				<timestamp>5933.072920</timestamp>
			</report>
			<report>
				<misses>17998001</misses>
				<total>45</total>
				<timestamp>5933.402587</timestamp>
			</report>
			<report>
				<misses>17999001</misses>
				<total>45</total>
				<timestamp>5933.732244</timestamp>
			</report>
			<report>
				<misses>18000001</misses>
				<total>45</total>
				<timestamp>5934.061905</timestamp>
			</report>
			<report>
				<misses>18001001</misses>
				<total>45</total>
				<timestamp>5934.391627</timestamp>
			</report>
			<report>
				<misses>18002001</misses>
				<total>45</total>
				<timestamp>5934.721256</timestamp>
			</report>
			<report>
				<misses>18003001</misses>
				<total>45</total>
				<timestamp>5935.050918</timestamp>
			</report>
			<report>
				<misses>18004001</misses>
				<total>45</total>
				<timestamp>5935.380686</timestamp>
			</report>
			<report>
				<misses>18005001</misses>
				<total>45</total>
				<timestamp>5935.710251</timestamp>
			</report>
			<report>
				<misses>18006001</misses>
				<total>45</total>
				<timestamp>5936.039959</timestamp>
			</report>
			<report>
				<misses>18007001</misses>
				<total>45</total>
				<timestamp>5936.369648</timestamp>
			</report>
			<report>
				<misses>18008001</misses>
				<total>45</total>
				<timestamp>5936.699314</timestamp>
			</report>
			<report>
				<misses>18009001</misses>
				<total>45</total>
				<timestamp>5937.028942</timestamp>
			</report>
			<report>
				<misses>18010001</misses>
				<total>45</total>
				<timestamp>5937.358607</timestamp>
			</report>
			<report>
				<misses>18011001</misses>
				<total>45</total>
				<timestamp>5937.688394</timestamp>
			</report>
			<report>
				<misses>18012001</misses>
				<total>45</total>
				<timestamp>5938.018036</timestamp>
			</report>
			<report>
				<misses>18013001</misses>
				<total>45</total>
				<timestamp>5938.347671</timestamp>
			</report>
			<report>
				<misses>18014001</misses>
				<total>45</total>
				<timestamp>5938.677294</timestamp>
			</report>
			<report>
				<misses>18015001</misses>
				<total>45</total>
				<timestamp>5939.007062</timestamp>
			</report>
			<report>
				<misses>18016001</misses>
				<total>45</total>
				<timestamp>5939.336692</timestamp>
			</report>
			<report>
				<misses>18017001</misses>
				<total>45</total>
				<timestamp>5939.666323</timestamp>
			</report>
			<report>
				<misses>18018001</misses>
				<total>45</total>
				<timestamp>5939.995993</timestamp>
			</report>
			<report>
				<misses>18019001</misses>
				<total>45</total>
				<timestamp>5940.325688</timestamp>
			</report>
			<report>
				<misses>18020001</misses>
				<total>45</total>
				<timestamp>5940.655336</timestamp>
			</report>
			<report>
				<misses>18021001</misses>
				<total>45</total>
				<timestamp>5940.984997</timestamp>
			</report>
			<report>
				<misses>18022001</misses>
				<total>45</total>
				<timestamp>5941.314672</timestamp>
			</report>
			<report>
				<misses>18023001</misses>
				<total>45</total>
				<timestamp>5941.644318</timestamp>
			</report>
			<report>
				<misses>18024001</misses>
				<total>45</total>
				<timestamp>5941.974021</timestamp>
			</report>
			<report>
				<misses>18025001</misses>
				<total>45</total>
				<timestamp>5942.303734</timestamp>
			</report>
			<report>
				<misses>18026001</misses>
				<total>45</total>
				<timestamp>5942.633330</timestamp>
			</report>
			<report>
				<misses>18027001</misses>
				<total>45</total>
				<timestamp>5942.963054</timestamp>
			</report>
			<report>
				<misses>18028001</misses>
				<total>45</total>
				<timestamp>5943.292743</timestamp>
			</report>
			<report>
				<misses>18029001</misses>
				<total>45</total>
				<timestamp>5943.622413</timestamp>
			</report>
			<report>
				<misses>18030001</misses>
				<total>45</total>
				<timestamp>5943.952006</timestamp>
			</report>
			<report>
				<misses>18031001</misses>
				<total>45</total>
				<timestamp>5944.281683</timestamp>
			</report>
			<report>
				<misses>18032001</misses>
				<total>45</total>
				<timestamp>5944.611339</timestamp>
			</report>
			<report>
				<misses>18033001</misses>
				<total>45</total>
				<timestamp>5944.941015</timestamp>
			</report>
			<report>
				<misses>18034001</misses>
				<total>45</total>
				<timestamp>5945.270672</timestamp>
			</report>
			<report>
				<misses>18035001</misses>
				<total>45</total>
				<timestamp>5945.600362</timestamp>
			</report>
			<report>
				<misses>18036001</misses>
				<total>45</total>
				<timestamp>5945.930048</timestamp>
			</report>
			<report>
				<misses>18037001</misses>
				<total>45</total>
				<timestamp>5946.259721</timestamp>
			</report>
			<report>
				<misses>18038001</misses>
				<total>45</total>
				<timestamp>5946.589378</timestamp>
			</report>
			<report>
				<misses>18039001</misses>
				<total>45</total>
				<timestamp>5946.919067</timestamp>
			</report>
			<report>
				<misses>18040001</misses>
				<total>45</total>
				<timestamp>5947.248739</timestamp>
			</report>
			<report>
				<misses>18041001</misses>
				<total>45</total>
				<timestamp>5947.578402</timestamp>
			</report>
			<report>
				<misses>18042001</misses>
				<total>45</total>
				<timestamp>5947.908067</timestamp>
			</report>
			<report>
				<misses>18043001</misses>
				<total>45</total>
				<timestamp>5948.237723</timestamp>
			</report>
			<report>
				<misses>18044001</misses>
				<total>45</total>
				<timestamp>5948.567410</timestamp>
			</report>
			<report>
				<misses>18045001</misses>
				<total>45</total>
				<timestamp>5948.897051</timestamp>
			</report>
			<report>
				<misses>18046001</misses>
				<total>45</total>
				<timestamp>5949.226730</timestamp>
			</report>
			<report>
				<misses>18047001</misses>
				<total>45</total>
				<timestamp>5949.556418</timestamp>
			</report>
			<report>
				<misses>18048001</misses>
				<total>45</total>
				<timestamp>5949.886098</timestamp>
			</report>
			<report>
				<misses>18049001</misses>
				<total>45</total>
				<timestamp>5950.215731</timestamp>
			</report>
			<report>
				<misses>18050001</misses>
				<total>45</total>
				<timestamp>5950.545408</timestamp>
			</report>
			<report>
				<misses>18051001</misses>
				<total>45</total>
				<timestamp>5950.875094</timestamp>
			</report>
			<report>
				<misses>18052001</misses>
				<total>45</total>
				<timestamp>5951.204767</timestamp>
			</report>
			<report>
				<misses>18053001</misses>
				<total>45</total>
				<timestamp>5951.534440</timestamp>
			</report>
			<report>
				<misses>18054001</misses>
				<total>45</total>
				<timestamp>5951.864094</timestamp>
			</report>
			<report>
				<misses>18055001</misses>
				<total>45</total>
				<timestamp>5952.193772</timestamp>
			</report>
			<report>
				<misses>18056001</misses>
				<total>45</total>
				<timestamp>5952.523426</timestamp>
			</report>
			<report>
				<misses>18057001</misses>
				<total>45</total>
				<timestamp>5952.853101</timestamp>
			</report>
			<report>
				<misses>18058001</misses>
				<total>45</total>
				<timestamp>5953.182779</timestamp>
			</report>
			<report>
				<misses>18059001</misses>
				<total>45</total>
				<timestamp>5953.512434</timestamp>
			</report>
			<report>
				<misses>18060001</misses>
				<total>45</total>
				<timestamp>5953.842109</timestamp>
			</report>
			<report>
				<misses>18061001</misses>
				<total>45</total>
				<timestamp>5954.171790</timestamp>
			</report>
			<report>
				<misses>18062001</misses>
				<total>45</total>
				<timestamp>5954.501475</timestamp>
			</report>
			<report>
				<misses>18063001</misses>
				<total>45</total>
				<timestamp>5954.831115</timestamp>
			</report>
			<report>
				<misses>18064001</misses>
				<total>45</total>
				<timestamp>5955.160798</timestamp>
			</report>
			<report>
				<misses>18065001</misses>
				<total>45</total>
				<timestamp>5955.490457</timestamp>
			</report>
			<report>
				<misses>18066001</misses>
				<total>45</total>
				<timestamp>5955.820150</timestamp>
			</report>
			<report>
				<misses>18067001</misses>
				<total>45</total>
				<timestamp>5956.149820</timestamp>
			</report>
			<report>
				<misses>18068001</misses>
				<total>45</total>
				<timestamp>5956.479463</timestamp>
			</report>
			<report>
				<misses>18069001</misses>
				<total>45</total>
				<timestamp>5956.809154</timestamp>
			</report>
			<report>
				<misses>18070001</misses>
				<total>45</total>
				<timestamp>5957.138834</timestamp>
			</report>
			<report>
				<misses>18071001</misses>
				<total>45</total>
				<timestamp>5957.468493</timestamp>
			</report>
			<report>
				<misses>18072001</misses>
				<total>45</total>
				<timestamp>5957.798149</timestamp>
			</report>
			<report>
				<misses>18073001</misses>
				<total>45</total>
				<timestamp>5958.127858</timestamp>
			</report>
			<report>
				<misses>18074001</misses>
				<total>45</total>
				<timestamp>5958.457541</timestamp>
			</report>
			<report>
				<misses>18075001</misses>
				<total>45</total>
				<timestamp>5958.787177</timestamp>
			</report>
			<report>
				<misses>18076001</misses>
				<total>45</total>
				<timestamp>5959.116851</timestamp>
			</report>
			<report>
				<misses>18077001</misses>
				<total>45</total>
				<timestamp>5959.446529</timestamp>
			</report>
			<report>
				<misses>18078001</misses>
				<total>45</total>
				<timestamp>5959.776177</timestamp>
			</report>
			<report>
				<misses>18079001</misses>
				<total>45</total>
				<timestamp>5960.105845</timestamp>
			</report>
			<report>
				<misses>18080001</misses>
				<total>45</total>
				<timestamp>5960.435534</timestamp>
			</report>
			<report>
				<misses>18081001</misses>
				<total>45</total>
				<timestamp>5960.765177</timestamp>
			</report>
			<report>
				<misses>18082001</misses>
				<total>45</total>
				<timestamp>5961.094856</timestamp>
			</report>
			<report>
				<misses>18083001</misses>
				<total>45</total>
				<timestamp>5961.424510</timestamp>
			</report>
			<report>
				<misses>18084001</misses>
				<total>45</total>
				<timestamp>5961.754203</timestamp>
			</report>
			<report>
				<misses>18085001</misses>
				<total>45</total>
				<timestamp>5962.083869</timestamp>
			</report>
			<report>
				<misses>18086001</misses>
				<total>45</total>
				<timestamp>5962.413552</timestamp>
			</report>
			<report>
				<misses>18087001</misses>
				<total>45</total>
				<timestamp>5962.743222</timestamp>
			</report>
			<report>
				<misses>18088001</misses>
				<total>45</total>
				<timestamp>5963.072912</timestamp>
			</report>
			<report>
				<misses>18089001</misses>
				<total>45</total>
				<timestamp>5963.402530</timestamp>
			</report>
			<report>
				<misses>18090001</misses>
				<total>45</total>
				<timestamp>5963.732209</timestamp>
			</report>
			<report>
				<misses>18091001</misses>
				<total>45</total>
				<timestamp>5964.061874</timestamp>
			</report>
			<report>
				<misses>18092001</misses>
				<total>45</total>
				<timestamp>5964.391601</timestamp>
			</report>
			<report>
				<misses>18093001</misses>
				<total>45</total>
				<timestamp>5964.721261</timestamp>
			</report>
			<report>
				<misses>18094001</misses>
				<total>45</total>
				<timestamp>5965.050888</timestamp>
			</report>
			<report>
				<misses>18095001</misses>
				<total>45</total>
				<timestamp>5965.380587</timestamp>
			</report>
			<report>
				<misses>18096001</misses>
				<total>45</total>
				<timestamp>5965.710244</timestamp>
			</report>
			<report>
				<misses>18097001</misses>
				<total>45</total>
				<timestamp>5966.039917</timestamp>
			</report>
			<report>
				<misses>18098001</misses>
				<total>45</total>
				<timestamp>5966.369566</timestamp>
			</report>
			<report>
				<misses>18099001</misses>
				<total>45</total>
				<timestamp>5966.699252</timestamp>
			</report>
			<report>
				<misses>18100001</misses>
				<total>45</total>
				<timestamp>5967.028945</timestamp>
			</report>
			<report>
				<misses>18101001</misses>
				<total>45</total>
				<timestamp>5967.358589</timestamp>
			</report>
			<report>
				<misses>18102001</misses>
				<total>45</total>
				<timestamp>5967.688245</timestamp>
			</report>
			<report>
				<misses>18103001</misses>
				<total>45</total>
				<timestamp>5968.017950</timestamp>
			</report>
			<report>
				<misses>18104001</misses>
				<total>45</total>
				<timestamp>5968.347650</timestamp>
			</report>
			<report>
				<misses>18105001</misses>
				<total>45</total>
				<timestamp>5968.677260</timestamp>
			</report>
			<report>
				<misses>18106001</misses>
				<total>45</total>
				<timestamp>5969.006954</timestamp>
			</report>
			<report>
				<misses>18107001</misses>
				<total>45</total>
				<timestamp>5969.336627</timestamp>
			</report>
			<report>
				<misses>18108001</misses>
				<total>45</total>
				<timestamp>5969.666280</timestamp>
			</report>
			<report>
				<misses>18109001</misses>
				<total>45</total>
				<timestamp>5969.995949</timestamp>
			</report>
			<report>
				<misses>18110001</misses>
				<total>45</total>
				<timestamp>5970.325614</timestamp>
			</report>
			<report>
				<misses>18111001</misses>
				<total>45</total>
				<timestamp>5970.655383</timestamp>
			</report>
			<report>
				<misses>18112001</misses>
				<total>45</total>
				<timestamp>5970.984943</timestamp>
			</report>
			<report>
				<misses>18113001</misses>
				<total>45</total>
				<timestamp>5971.314628</timestamp>
			</report>
			<report>
				<misses>18114001</misses>
				<total>45</total>
				<timestamp>5971.644289</timestamp>
			</report>
			<report>
				<misses>18115001</misses>
				<total>45</total>
				<timestamp>5971.973956</timestamp>
			</report>
			<report>
				<misses>18116001</misses>
				<total>45</total>
				<timestamp>5972.303637</timestamp>
			</report>
			<report>
				<misses>18117001</misses>
				<total>45</total>
				<timestamp>5972.633295</timestamp>
			</report>
			<report>
				<misses>18118001</misses>
				<total>45</total>
				<timestamp>5972.962975</timestamp>
			</report>
			<report>
				<misses>18119001</misses>
				<total>45</total>
				<timestamp>5973.292648</timestamp>
			</report>
			<report>
				<misses>18120001</misses>
				<total>45</total>
				<timestamp>5973.622308</timestamp>
			</report>
			<report>
				<misses>18121001</misses>
				<total>45</total>
				<timestamp>5973.951971</timestamp>
			</report>
			<report>
				<misses>18122001</misses>
				<total>45</total>
				<timestamp>5974.281667</timestamp>
			</report>
			<report>
				<misses>18123001</misses>
				<total>45</total>
				<timestamp>5974.611313</timestamp>
			</report>
			<report>
				<misses>18124001</misses>
				<total>45</total>
				<timestamp>5974.941010</timestamp>
			</report>
			<report>
				<misses>18125001</misses>
				<total>45</total>
				<timestamp>5975.270662</timestamp>
			</report>
			<report>
				<misses>18126001</misses>
				<total>45</total>
				<timestamp>5975.600333</timestamp>
			</report>
			<report>
				<misses>18127001</misses>
				<total>45</total>
				<timestamp>5975.929997</timestamp>
			</report>
			<report>
				<misses>18128001</misses>
				<total>45</total>
				<timestamp>5976.259681</timestamp>
			</report>
			<report>
				<misses>18129001</misses>
				<total>45</total>
				<timestamp>5976.589408</timestamp>
			</report>
			<report>
				<misses>18130001</misses>
				<total>45</total>
				<timestamp>5976.919000</timestamp>
			</report>
			<report>
				<misses>18131001</misses>
				<total>45</total>
				<timestamp>5977.248687</timestamp>
			</report>
			<report>
				<misses>18132001</misses>
				<total>45</total>
				<timestamp>5977.578347</timestamp>
			</report>
			<report>
				<misses>18133001</misses>
				<total>45</total>
				<timestamp>5977.908038</timestamp>
			</report>
			<report>
				<misses>18134001</misses>
				<total>45</total>
				<timestamp>5978.237720</timestamp>
			</report>
			<report>
				<misses>18135001</misses>
				<total>45</total>
				<timestamp>5978.567455</timestamp>
			</report>
			<report>
				<misses>18136001</misses>
				<total>45</total>
				<timestamp>5978.897034</timestamp>
			</report>
			<report>
				<misses>18137001</misses>
				<total>45</total>
				<timestamp>5979.226706</timestamp>
			</report>
			<report>
				<misses>18138001</misses>
				<total>45</total>
				<timestamp>5979.556402</timestamp>
			</report>
			<report>
				<misses>18139001</misses>
				<total>45</total>
				<timestamp>5979.886035</timestamp>
			</report>
			<report>
				<misses>18140001</misses>
				<total>45</total>
				<timestamp>5980.215742</timestamp>
			</report>
			<report>
				<misses>18141001</misses>
				<total>45</total>
				<timestamp>5980.545434</timestamp>
			</report>
			<report>
				<misses>18142001</misses>
				<total>45</total>
				<timestamp>5980.875109</timestamp>
			</report>
			<report>
				<misses>18143001</misses>
				<total>45</total>
				<timestamp>5981.204740</timestamp>
			</report>
			<report>
				<misses>18144001</misses>
				<total>45</total>
				<timestamp>5981.534437</timestamp>
			</report>
			<report>
				<misses>18145001</misses>
				<total>45</total>
				<timestamp>5981.864076</timestamp>
			</report>
			<report>
				<misses>18146001</misses>
				<total>45</total>
				<timestamp>5982.193745</timestamp>
			</report>
			<report>
				<misses>18147001</misses>
				<total>45</total>
				<timestamp>5982.523388</timestamp>
			</report>
			<report>
				<misses>18148001</misses>
				<total>45</total>
				<timestamp>5982.853076</timestamp>
			</report>
			<report>
				<misses>18149001</misses>
				<total>45</total>
				<timestamp>5983.182730</timestamp>
			</report>
			<report>
				<misses>18150001</misses>
				<total>45</total>
				<timestamp>5983.512438</timestamp>
			</report>
			<report>
				<misses>18151001</misses>
				<total>45</total>
				<timestamp>5983.842080</timestamp>
			</report>
			<report>
				<misses>18152001</misses>
				<total>45</total>
				<timestamp>5984.171756</timestamp>
			</report>
			<report>
				<misses>18153001</misses>
				<total>45</total>
				<timestamp>5984.501449</timestamp>
			</report>
			<report>
				<misses>18154001</misses>
				<total>45</total>
				<timestamp>5984.831123</timestamp>
			</report>
			<report>
				<misses>18155001</misses>
				<total>45</total>
				<timestamp>5985.160787</timestamp>
			</report>
			<report>
				<misses>18156001</misses>
				<total>45</total>
				<timestamp>5985.490474</timestamp>
			</report>
			<report>
				<misses>18157001</misses>
				<total>45</total>
				<timestamp>5985.820111</timestamp>
			</report>
			<report>
				<misses>18158001</misses>
				<total>45</total>
				<timestamp>5986.149774</timestamp>
			</report>
			<report>
				<misses>18159001</misses>
				<total>45</total>
				<timestamp>5986.479451</timestamp>
			</report>
			<report>
				<misses>18160001</misses>
				<total>45</total>
				<timestamp>5986.809119</timestamp>
			</report>
			<report>
				<misses>18161001</misses>
				<total>45</total>
				<timestamp>5987.138788</timestamp>
			</report>
			<report>
				<misses>18162001</misses>
				<total>45</total>
				<timestamp>5987.468476</timestamp>
			</report>
			<report>
				<misses>18163001</misses>
				<total>45</total>
				<timestamp>5987.798124</timestamp>
			</report>
			<report>
				<misses>18164001</misses>
				<total>45</total>
				<timestamp>5988.127807</timestamp>
			</report>
			<report>
				<misses>18165001</misses>
				<total>45</total>
				<timestamp>5988.457516</timestamp>
			</report>
			<report>
				<misses>18166001</misses>
				<total>45</total>
				<timestamp>5988.787128</timestamp>
			</report>
			<report>
				<misses>18167001</misses>
				<total>45</total>
				<timestamp>5989.116814</timestamp>
			</report>
			<report>
				<misses>18168001</misses>
				<total>45</total>
				<timestamp>5989.446488</timestamp>
			</report>
			<report>
				<misses>18169001</misses>
				<total>45</total>
				<timestamp>5989.776125</timestamp>
			</report>
			<report>
				<misses>18170001</misses>
				<total>45</total>
				<timestamp>5990.105822</timestamp>
			</report>
			<report>
				<misses>18171001</misses>
				<total>45</total>
				<timestamp>5990.435529</timestamp>
			</report>
			<report>
				<misses>18172001</misses>
				<total>45</total>
				<timestamp>5990.765147</timestamp>
			</report>
			<report>
				<misses>18173001</misses>
				<total>45</total>
				<timestamp>5991.094825</timestamp>
			</report>
			<report>
				<misses>18174001</misses>
				<total>45</total>
				<timestamp>5991.424533</timestamp>
			</report>
			<report>
				<misses>18175001</misses>
				<total>45</total>
				<timestamp>5991.754163</timestamp>
			</report>
			<report>
				<misses>18176001</misses>
				<total>45</total>
				<timestamp>5992.083844</timestamp>
			</report>
			<report>
				<misses>18177001</misses>
				<total>45</total>
				<timestamp>5992.413522</timestamp>
			</report>
			<report>
				<misses>18178001</misses>
				<total>45</total>
				<timestamp>5992.743166</timestamp>
			</report>
			<report>
				<misses>18179001</misses>
				<total>45</total>
				<timestamp>5993.072840</timestamp>
			</report>
			<report>
				<misses>18180001</misses>
				<total>45</total>
				<timestamp>5993.402536</timestamp>
			</report>
			<report>
				<misses>18181001</misses>
				<total>45</total>
				<timestamp>5993.732182</timestamp>
			</report>
			<report>
				<misses>18182001</misses>
				<total>45</total>
				<timestamp>5994.061856</timestamp>
			</report>
			<report>
				<misses>18183001</misses>
				<total>45</total>
				<timestamp>5994.391539</timestamp>
			</report>
			<report>
				<misses>18184001</misses>
				<total>45</total>
				<timestamp>5994.721200</timestamp>
			</report>
			<report>
				<misses>18185001</misses>
				<total>45</total>
				<timestamp>5995.050845</timestamp>
			</report>
			<report>
				<misses>18186001</misses>
				<total>45</total>
				<timestamp>5995.380528</timestamp>
			</report>
			<report>
				<misses>18187001</misses>
				<total>45</total>
				<timestamp>5995.710203</timestamp>
			</report>
			<report>
				<misses>18188001</misses>
				<total>45</total>
				<timestamp>5996.039889</timestamp>
			</report>
			<report>
				<misses>18189001</misses>
				<total>45</total>
				<timestamp>5996.369581</timestamp>
			</report>
			<report>
				<misses>18190001</misses>
				<total>45</total>
				<timestamp>5996.699210</timestamp>
			</report>
			<report>
				<misses>18191001</misses>
				<total>45</total>
				<timestamp>5997.028890</timestamp>
			</report>
			<report>
				<misses>18192001</misses>
				<total>45</total>
				<timestamp>5997.358572</timestamp>
			</report>
			<report>
				<misses>18193001</misses>
				<total>45</total>
				<timestamp>5997.688210</timestamp>
			</report>
			<report>
				<misses>18194001</misses>
				<total>45</total>
				<timestamp>5998.017891</timestamp>
			</report>
			<report>
				<misses>18195001</misses>
				<total>45</total>
				<timestamp>5998.347607</timestamp>
			</report>
			<report>
				<misses>18196001</misses>
				<total>45</total>
				<timestamp>5998.677225</timestamp>
			</report>
			<report>
				<misses>18197001</misses>
				<total>45</total>
				<timestamp>5999.006910</timestamp>
			</report>
			<report>
				<misses>18198001</misses>
				<total>45</total>
				<timestamp>5999.336609</timestamp>
			</report>
			<report>
				<misses>18199001</misses>
				<total>45</total>
				<timestamp>5999.666248</timestamp>
			</report>
			<report>
				<misses>18200001</misses>
				<total>45</total>
				<timestamp>5999.995915</timestamp>
			</report>
			<report>
				<misses>18201001</misses>
				<total>45</total>
				<timestamp>6000.325587</timestamp>
			</report>
			<report>
				<misses>18202001</misses>
				<total>45</total>
				<timestamp>6000.655238</timestamp>
			</report>
			<report>
				<misses>18203001</misses>
				<total>45</total>
				<timestamp>6000.984976</timestamp>
			</report>
			<report>
				<misses>18204001</misses>
				<total>45</total>
				<timestamp>6001.314640</timestamp>
			</report>
			<report>
				<misses>18205001</misses>
				<total>45</total>
				<timestamp>6001.644256</timestamp>
			</report>
			<report>
				<misses>18206001</misses>
				<total>45</total>
				<timestamp>6001.973938</timestamp>
			</report>
			<report>
				<misses>18207001</misses>
				<total>45</total>
				<timestamp>6002.303625</timestamp>
			</report>
			<report>
				<misses>18208001</misses>
				<total>45</total>
				<timestamp>6002.633270</timestamp>
			</report>
			<report>
				<misses>18209001</misses>
				<total>45</total>
				<timestamp>6002.962968</timestamp>
			</report>
			<report>
				<misses>18210001</misses>
				<total>45</total>
				<timestamp>6003.292623</timestamp>
			</report>
			<report>
				<misses>18211001</misses>
				<total>45</total>
				<timestamp>6003.622333</timestamp>
			</report>
			<report>
				<misses>18212001</misses>
				<total>45</total>
				<timestamp>6003.951946</timestamp>
			</report>
			<report>
				<misses>18213001</misses>
				<total>45</total>
				<timestamp>6004.281619</timestamp>
			</report>
			<report>
				<misses>18214001</misses>
				<total>45</total>
				<timestamp>6004.611314</timestamp>
			</report>
			<report>
				<misses>18215001</misses>
				<total>45</total>
				<timestamp>6004.941028</timestamp>
			</report>
			<report>
				<misses>18216001</misses>
				<total>45</total>
				<timestamp>6005.270628</timestamp>
			</report>
			<report>
				<misses>18217001</misses>
				<total>45</total>
				<timestamp>6005.600355</timestamp>
			</report>
			<report>
				<misses>18218001</misses>
				<total>45</total>
				<timestamp>6005.929962</timestamp>
			</report>
			<report>
				<misses>18219001</misses>
				<total>45</total>
				<timestamp>6006.259670</timestamp>
			</report>
			<report>
				<misses>18220001</misses>
				<total>45</total>
				<timestamp>6006.589361</timestamp>
			</report>
			<report>
				<misses>18221001</misses>
				<total>45</total>
				<timestamp>6006.918992</timestamp>
			</report>
			<report>
				<misses>18222001</misses>
				<total>45</total>
				<timestamp>6007.248717</timestamp>
			</report>
			<report>
				<misses>18223001</misses>
				<total>45</total>
				<timestamp>6007.578387</timestamp>
			</report>
			<report>
				<misses>18224001</misses>
				<total>45</total>
				<timestamp>6007.907995</timestamp>
			</report>
			<report>
				<misses>18225001</misses>
				<total>45</total>
				<timestamp>6008.237679</timestamp>
			</report>
			<report>
				<misses>18226001</misses>
				<total>45</total>
				<timestamp>6008.567383</timestamp>
			</report>
			<report>
				<misses>18227001</misses>
				<total>45</total>
				<timestamp>6008.896994</timestamp>
			</report>
			<report>
				<misses>18228001</misses>
				<total>45</total>
				<timestamp>6009.226664</timestamp>
			</report>
			<report>
				<misses>18229001</misses>
				<total>45</total>
				<timestamp>6009.556341</timestamp>
			</report>
			<report>
				<misses>18230001</misses>
				<total>45</total>
				<timestamp>6009.886012</timestamp>
			</report>
			<report>
				<misses>18231001</misses>
				<total>45</total>
				<timestamp>6010.215685</timestamp>
			</report>
			<report>
				<misses>18232001</misses>
				<total>45</total>
				<timestamp>6010.545404</timestamp>
			</report>
			<report>
				<misses>18233001</misses>
				<total>45</total>
				<timestamp>6010.875094</timestamp>
			</report>
			<report>
				<misses>18234001</misses>
				<total>45</total>
				<timestamp>6011.204696</timestamp>
			</report>
			<report>
				<misses>18235001</misses>
				<total>45</total>
				<timestamp>6011.534368</timestamp>
			</report>
			<report>
				<misses>18236001</misses>
				<total>45</total>
				<timestamp>6011.864037</timestamp>
			</report>
			<report>
				<misses>18237001</misses>
				<total>45</total>
				<timestamp>6012.193711</timestamp>
			</report>
			<report>
				<misses>18238001</misses>
				<total>45</total>
				<timestamp>6012.523384</timestamp>
			</report>
			<report>
				<misses>18239001</misses>
				<total>45</total>
				<timestamp>6012.853040</timestamp>
			</report>
			<report>
				<misses>18240001</misses>
				<total>45</total>
				<timestamp>6013.182734</timestamp>
			</report>
			<report>
				<misses>18241001</misses>
				<total>45</total>
				<timestamp>6013.512447</timestamp>
			</report>
			<report>
				<misses>18242001</misses>
				<total>45</total>
				<timestamp>6013.842061</timestamp>
			</report>
			<report>
				<misses>18243001</misses>
				<total>45</total>
				<timestamp>6014.171714</timestamp>
			</report>
			<report>
				<misses>18244001</misses>
				<total>45</total>
				<timestamp>6014.501393</timestamp>
			</report>
			<report>
				<misses>18245001</misses>
				<total>45</total>
				<timestamp>6014.831067</timestamp>
			</report>
			<report>
				<misses>18246001</misses>
				<total>45</total>
				<timestamp>6015.160725</timestamp>
			</report>
			<report>
				<misses>18247001</misses>
				<total>45</total>
				<timestamp>6015.490403</timestamp>
			</report>
			<report>
				<misses>18248001</misses>
				<total>45</total>
				<timestamp>6015.820069</timestamp>
			</report>
			<report>
				<misses>18249001</misses>
				<total>45</total>
				<timestamp>6016.149734</timestamp>
			</report>
			<report>
				<misses>18250001</misses>
				<total>45</total>
				<timestamp>6016.479462</timestamp>
			</report>
			<report>
				<misses>18251001</misses>
				<total>45</total>
				<timestamp>6016.809086</timestamp>
			</report>
			<report>
				<misses>18252001</misses>
				<total>45</total>
				<timestamp>6017.138760</timestamp>
			</report>
			<report>
				<misses>18253001</misses>
				<total>45</total>
				<timestamp>6017.468448</timestamp>
			</report>
			<report>
				<misses>18254001</misses>
				<total>45</total>
				<timestamp>6017.798093</timestamp>
			</report>
			<report>
				<misses>18255001</misses>
				<total>45</total>
				<timestamp>6018.127759</timestamp>
			</report>
			<report>
				<misses>18256001</misses>
				<total>45</total>
				<timestamp>6018.457459</timestamp>
			</report>
			<report>
				<misses>18257001</misses>
				<total>45</total>
				<timestamp>6018.787142</timestamp>
			</report>
			<report>
				<misses>18258001</misses>
				<total>45</total>
				<timestamp>6019.116775</timestamp>
			</report>
			<report>
				<misses>18259001</misses>
				<total>45</total>
				<timestamp>6019.446463</timestamp>
			</report>
			<report>
				<misses>18260001</misses>
				<total>45</total>
				<timestamp>6019.776122</timestamp>
			</report>
			<report>
				<misses>18261001</misses>
				<total>45</total>
				<timestamp>6020.105791</timestamp>
			</report>
			<report>
				<misses>18262001</misses>
				<total>45</total>
				<timestamp>6020.435487</timestamp>
			</report>
			<report>
				<misses>18263001</misses>
				<total>45</total>
				<timestamp>6020.765137</timestamp>
			</report>
			<report>
				<misses>18264001</misses>
				<total>45</total>
				<timestamp>6021.094782</timestamp>
			</report>
			<report>
				<misses>18265001</misses>
				<total>45</total>
				<timestamp>6021.424476</timestamp>
			</report>
			<report>
				<misses>18266001</misses>
				<total>45</total>
				<timestamp>6021.754156</timestamp>
			</report>
			<report>
				<misses>18267001</misses>
				<total>45</total>
				<timestamp>6022.083817</timestamp>
			</report>
			<report>
				<misses>18268001</misses>
				<total>45</total>
				<timestamp>6022.413488</timestamp>
			</report>
			<report>
				<misses>18269001</misses>
				<total>45</total>
				<timestamp>6022.743205</timestamp>
			</report>
			<report>
				<misses>18270001</misses>
				<total>45</total>
				<timestamp>6023.072802</timestamp>
			</report>
			<report>
				<misses>18271001</misses>
				<total>45</total>
				<timestamp>6023.402518</timestamp>
			</report>
			<report>
				<misses>18272001</misses>
				<total>45</total>
				<timestamp>6023.732169</timestamp>
			</report>
			<report>
				<misses>18273001</misses>
				<total>45</total>
				<timestamp>6024.061829</timestamp>
			</report>
			<report>
				<misses>18274001</misses>
				<total>45</total>
				<timestamp>6024.391499</timestamp>
			</report>
			<report>
				<misses>18275001</misses>
				<total>45</total>
				<timestamp>6024.721160</timestamp>
			</report>
			<report>
				<misses>18276001</misses>
				<total>45</total>
				<timestamp>6025.050832</timestamp>
			</report>
			<report>
				<misses>18277001</misses>
				<total>45</total>
				<timestamp>6025.380508</timestamp>
			</report>
			<report>
				<misses>18278001</misses>
				<total>45</total>
				<timestamp>6025.710237</timestamp>
			</report>
			<report>
				<misses>18279001</misses>
				<total>45</total>
				<timestamp>6026.039834</timestamp>
			</report>
			<report>
				<misses>18280001</misses>
				<total>45</total>
				<timestamp>6026.369538</timestamp>
			</report>
			<report>
				<misses>18281001</misses>
				<total>45</total>
				<timestamp>6026.699194</timestamp>
			</report>
			<report>
				<misses>18282001</misses>
				<total>45</total>
				<timestamp>6027.028855</timestamp>
			</report>
			<report>
				<misses>18283001</misses>
				<total>45</total>
				<timestamp>6027.358525</timestamp>
			</report>
			<report>
				<misses>18284001</misses>
				<total>45</total>
				<timestamp>6027.688194</timestamp>
			</report>
			<report>
				<misses>18285001</misses>
				<total>45</total>
				<timestamp>6028.017890</timestamp>
			</report>
			<report>
				<misses>18286001</misses>
				<total>45</total>
				<timestamp>6028.347539</timestamp>
			</report>
			<report>
				<misses>18287001</misses>
				<total>45</total>
				<timestamp>6028.677262</timestamp>
			</report>
			<report>
				<misses>18288001</misses>
				<total>45</total>
				<timestamp>6029.006864</timestamp>
			</report>
			<report>
				<misses>18289001</misses>
				<total>45</total>
				<timestamp>6029.336536</timestamp>
			</report>
			<report>
				<misses>18290001</misses>
				<total>45</total>
				<timestamp>6029.666287</timestamp>
			</report>
			<report>
				<misses>18291001</misses>
				<total>45</total>
				<timestamp>6029.995891</timestamp>
			</report>
			<report>
				<misses>18292001</misses>
				<total>45</total>
				<timestamp>6030.325554</timestamp>
			</report>
			<report>
				<misses>18293001</misses>
				<total>45</total>
				<timestamp>6030.655240</timestamp>
			</report>
			<report>
				<misses>18294001</misses>
				<total>45</total>
				<timestamp>6030.984878</timestamp>
			</report>
			<report>
				<misses>18295001</misses>
				<total>45</total>
				<timestamp>6031.314554</timestamp>
			</report>
			<report>
				<misses>18296001</misses>
				<total>45</total>
				<timestamp>6031.644274</timestamp>
			</report>
			<report>
				<misses>18297001</misses>
				<total>45</total>
				<timestamp>6031.973935</timestamp>
			</report>
			<report>
				<misses>18298001</misses>
				<total>45</total>
				<timestamp>6032.303579</timestamp>
			</report>
			<report>
				<misses>18299001</misses>
				<total>45</total>
				<timestamp>6032.633349</timestamp>
			</report>
			<report>
				<misses>18300001</misses>
				<total>45</total>
				<timestamp>6032.962921</timestamp>
			</report>
			<report>
				<misses>18301001</misses>
				<total>45</total>
				<timestamp>6033.292576</timestamp>
			</report>
			<report>
				<misses>18302001</misses>
				<total>45</total>
				<timestamp>6033.622273</timestamp>
			</report>
			<report>
				<misses>18303001</misses>
				<total>45</total>
				<timestamp>6033.951920</timestamp>
			</report>
			<report>
				<misses>18304001</misses>
				<total>45</total>
				<timestamp>6034.281587</timestamp>
			</report>
			<report>
				<misses>18305001</misses>
				<total>45</total>
				<timestamp>6034.611290</timestamp>
			</report>
			<report>
				<misses>18306001</misses>
				<total>45</total>
				<timestamp>6034.940915</timestamp>
			</report>
			<report>
				<misses>18307001</misses>
				<total>45</total>
				<timestamp>6035.270629</timestamp>
			</report>
			<report>
				<misses>18308001</misses>
				<total>45</total>
				<timestamp>6035.600333</timestamp>
			</report>
			<report>
				<misses>18309001</misses>
				<total>45</total>
				<timestamp>6035.929952</timestamp>
			</report>
			<report>
				<misses>18310001</misses>
				<total>45</total>
				<timestamp>6036.259598</timestamp>
			</report>
			<report>
				<misses>18311001</misses>
				<total>45</total>
				<timestamp>6036.589328</timestamp>
			</report>
			<report>
				<misses>18312001</misses>
				<total>45</total>
				<timestamp>6036.918953</timestamp>
			</report>
			<report>
				<misses>18313001</misses>
				<total>45</total>
				<timestamp>6037.248616</timestamp>
			</report>
			<report>
				<misses>18314001</misses>
				<total>45</total>
				<timestamp>6037.578371</timestamp>
			</report>
			<report>
				<misses>18315001</misses>
				<total>45</total>
				<timestamp>6037.907952</timestamp>
			</report>
			<report>
				<misses>18316001</misses>
				<total>45</total>
				<timestamp>6038.237640</timestamp>
			</report>
			<report>
				<misses>18317001</misses>
				<total>45</total>
				<timestamp>6038.567363</timestamp>
			</report>
			<report>
				<misses>18318001</misses>
				<total>45</total>
				<timestamp>6038.896962</timestamp>
			</report>
			<report>
				<misses>18319001</misses>
				<total>45</total>
				<timestamp>6039.226632</timestamp>
			</report>
			<report>
				<misses>18320001</misses>
				<total>45</total>
				<timestamp>6039.556346</timestamp>
			</report>
			<report>
				<misses>18321001</misses>
				<total>45</total>
				<timestamp>6039.885971</timestamp>
			</report>
			<report>
				<misses>18322001</misses>
				<total>45</total>
				<timestamp>6040.215641</timestamp>
			</report>
			<report>
				<misses>18323001</misses>
				<total>45</total>
				<timestamp>6040.545422</timestamp>
			</report>
			<report>
				<misses>18324001</misses>
				<total>45</total>
				<timestamp>6040.874989</timestamp>
			</report>
			<report>
				<misses>18325001</misses>
				<total>45</total>
				<timestamp>6041.204654</timestamp>
			</report>
			<report>
				<misses>18326001</misses>
				<total>45</total>
				<timestamp>6041.534381</timestamp>
			</report>
			<report>
				<misses>18327001</misses>
				<total>45</total>
				<timestamp>6041.864012</timestamp>
			</report>
			<report>
				<misses>18328001</misses>
				<total>45</total>
				<timestamp>6042.193670</timestamp>
			</report>
			<report>
				<misses>18329001</misses>
				<total>45</total>
				<timestamp>6042.523365</timestamp>
			</report>
			<report>
				<misses>18330001</misses>
				<total>45</total>
				<timestamp>6042.853013</timestamp>
			</report>
			<report>
				<misses>18331001</misses>
				<total>45</total>
				<timestamp>6043.182687</timestamp>
			</report>
			<report>
				<misses>18332001</misses>
				<total>45</total>
				<timestamp>6043.512365</timestamp>
			</report>
			<report>
				<misses>18333001</misses>
				<total>45</total>
				<timestamp>6043.842035</timestamp>
			</report>
			<report>
				<misses>18334001</misses>
				<total>45</total>
				<timestamp>6044.171704</timestamp>
			</report>
			<report>
				<misses>18335001</misses>
				<total>45</total>
				<timestamp>6044.501360</timestamp>
			</report>
			<report>
				<misses>18336001</misses>
				<total>45</total>
				<timestamp>6044.831025</timestamp>
			</report>
			<report>
				<misses>18337001</misses>
				<total>45</total>
				<timestamp>6045.160704</timestamp>
			</report>
			<report>
				<misses>18338001</misses>
				<total>45</total>
				<timestamp>6045.490373</timestamp>
			</report>
			<report>
				<misses>18339001</misses>
				<total>45</total>
				<timestamp>6045.820130</timestamp>
			</report>
			<report>
				<misses>18340001</misses>
				<total>45</total>
				<timestamp>6046.149706</timestamp>
			</report>
			<report>
				<misses>18341001</misses>
				<total>45</total>
				<timestamp>6046.479377</timestamp>
			</report>
			<report>
				<misses>18342001</misses>
				<total>45</total>
				<timestamp>6046.809055</timestamp>
			</report>
			<report>
				<misses>18343001</misses>
				<total>45</total>
				<timestamp>6047.138715</timestamp>
			</report>
			<report>
				<misses>18344001</misses>
				<total>45</total>
				<timestamp>6047.468398</timestamp>
			</report>
			<report>
				<misses>18345001</misses>
				<total>45</total>
				<timestamp>6047.798059</timestamp>
			</report>
			<report>
				<misses>18346001</misses>
				<total>45</total>
				<timestamp>6048.127728</timestamp>
			</report>
			<report>
				<misses>18347001</misses>
				<total>45</total>
				<timestamp>6048.457435</timestamp>
			</report>
			<report>
				<misses>18348001</misses>
				<total>45</total>
				<timestamp>6048.787167</timestamp>
			</report>
			<report>
				<misses>18349001</misses>
				<total>45</total>
				<timestamp>6049.116734</timestamp>
			</report>
			<report>
				<misses>18350001</misses>
				<total>45</total>
				<timestamp>6049.446498</timestamp>
			</report>
			<report>
				<misses>18351001</misses>
				<total>45</total>
				<timestamp>6049.776165</timestamp>
			</report>
			<report>
				<misses>18352001</misses>
				<total>45</total>
				<timestamp>6050.105758</timestamp>
			</report>
			<report>
				<misses>18353001</misses>
				<total>45</total>
				<timestamp>6050.435433</timestamp>
			</report>
			<report>
				<misses>18354001</misses>
				<total>45</total>
				<timestamp>6050.765169</timestamp>
			</report>
			<report>
				<misses>18355001</misses>
				<total>45</total>
				<timestamp>6051.094753</timestamp>
			</report>
			<report>
				<misses>18356001</misses>
				<total>45</total>
				<timestamp>6051.424469</timestamp>
			</report>
			<report>
				<misses>18357001</misses>
				<total>45</total>
				<timestamp>6051.754135</timestamp>
			</report>
			<report>
				<misses>18358001</misses>
				<total>45</total>
				<timestamp>6052.083783</timestamp>
			</report>
			<report>
				<misses>18359001</misses>
				<total>45</total>
				<timestamp>6052.413448</timestamp>
			</report>
			<report>
				<misses>18360001</misses>
				<total>45</total>
				<timestamp>6052.743155</timestamp>
			</report>
			<report>
				<misses>18361001</misses>
				<total>45</total>
				<timestamp>6053.072816</timestamp>
			</report>
			<report>
				<misses>18362001</misses>
				<total>45</total>
				<timestamp>6053.402480</timestamp>
			</report>
			<report>
				<misses>18363001</misses>
				<total>45</total>
				<timestamp>6053.732114</timestamp>
			</report>
			<report>
				<misses>18364001</misses>
				<total>45</total>
				<timestamp>6054.061858</timestamp>
			</report>
			<report>
				<misses>18365001</misses>
				<total>45</total>
				<timestamp>6054.391462</timestamp>
			</report>
			<report>
				<misses>18366001</misses>
				<total>45</total>
				<timestamp>6054.721180</timestamp>
			</report>
			<report>
				<misses>18367001</misses>
				<total>45</total>
				<timestamp>6055.050785</timestamp>
			</report>
			<report>
				<misses>18368001</misses>
				<total>45</total>
				<timestamp>6055.380462</timestamp>
			</report>
			<report>
				<misses>18369001</misses>
				<total>45</total>
				<timestamp>6055.710158</timestamp>
			</report>
			<report>
				<misses>18370001</misses>
				<total>45</total>
				<timestamp>6056.039816</timestamp>
			</report>
			<report>
				<misses>18371001</misses>
				<total>45</total>
				<timestamp>6056.369483</timestamp>
			</report>
			<report>
				<misses>18372001</misses>
				<total>45</total>
				<timestamp>6056.699284</timestamp>
			</report>
			<report>
				<misses>18373001</misses>
				<total>45</total>
				<timestamp>6057.028822</timestamp>
			</report>
			<report>
				<misses>18374001</misses>
				<total>45</total>
				<timestamp>6057.358480</timestamp>
			</report>
			<report>
				<misses>18375001</misses>
				<total>45</total>
				<timestamp>6057.688207</timestamp>
			</report>
			<report>
				<misses>18376001</misses>
				<total>45</total>
				<timestamp>6058.017850</timestamp>
			</report>
			<report>
				<misses>18377001</misses>
				<total>45</total>
				<timestamp>6058.347510</timestamp>
			</report>
			<report>
				<misses>18378001</misses>
				<total>45</total>
				<timestamp>6058.677241</timestamp>
			</report>
			<report>
				<misses>18379001</misses>
				<total>45</total>
				<timestamp>6059.006835</timestamp>
			</report>
			<report>
				<misses>18380001</misses>
				<total>45</total>
				<timestamp>6059.336500</timestamp>
			</report>
			<report>
				<misses>18381001</misses>
				<total>45</total>
				<timestamp>6059.666256</timestamp>
			</report>
			<report>
				<misses>18382001</misses>
				<total>45</total>
				<timestamp>6059.995844</timestamp>
			</report>
			<report>
				<misses>18383001</misses>
				<total>45</total>
				<timestamp>6060.325518</timestamp>
			</report>
			<report>
				<misses>18384001</misses>
				<total>45</total>
				<timestamp>6060.655208</timestamp>
			</report>
			<report>
				<misses>18385001</misses>
				<total>45</total>
				<timestamp>6060.984856</timestamp>
			</report>
			<report>
				<misses>18386001</misses>
				<total>45</total>
				<timestamp>6061.314551</timestamp>
			</report>
			<report>
				<misses>18387001</misses>
				<total>45</total>
				<timestamp>6061.644233</timestamp>
			</report>
			<report>
				<misses>18388001</misses>
				<total>45</total>
				<timestamp>6061.973867</timestamp>
			</report>
			<report>
				<misses>18389001</misses>
				<total>45</total>
				<timestamp>6062.303588</timestamp>
			</report>
			<report>
				<misses>18390001</misses>
				<total>45</total>
				<timestamp>6062.633237</timestamp>
			</report>
			<report>
				<misses>18391001</misses>
				<total>45</total>
				<timestamp>6062.962892</timestamp>
			</report>
			<report>
				<misses>18392001</misses>
				<total>45</total>
				<timestamp>6063.292552</timestamp>
			</report>
			<report>
				<misses>18393001</misses>
				<total>45</total>
				<timestamp>6063.622239</timestamp>
			</report>
			<report>
				<misses>18394001</misses>
				<total>45</total>
				<timestamp>6063.951904</timestamp>
			</report>
			<report>
				<misses>18395001</misses>
				<total>45</total>
				<timestamp>6064.281573</timestamp>
			</report>
			<report>
				<misses>18396001</misses>
				<total>45</total>
				<timestamp>6064.611354</timestamp>
			</report>
			<report>
				<misses>18397001</misses>
				<total>45</total>
				<timestamp>6064.940894</timestamp>
			</report>
			<report>
				<misses>18398001</misses>
				<total>45</total>
				<timestamp>6065.270575</timestamp>
			</report>
			<report>
				<misses>18399001</misses>
				<total>45</total>
				<timestamp>6065.600286</timestamp>
			</report>
			<report>
				<misses>18400001</misses>
				<total>45</total>
				<timestamp>6065.929922</timestamp>
			</report>
			<report>
				<misses>18401001</misses>
				<total>45</total>
				<timestamp>6066.259598</timestamp>
			</report>
			<report>
				<misses>18402001</misses>
				<total>45</total>
				<timestamp>6066.589265</timestamp>
			</report>
			<report>
				<misses>18403001</misses>
				<total>45</total>
				<timestamp>6066.918919</timestamp>
			</report>
			<report>
				<misses>18404001</misses>
				<total>45</total>
				<timestamp>6067.248631</timestamp>
			</report>
			<report>
				<misses>18405001</misses>
				<total>45</total>
				<timestamp>6067.578321</timestamp>
			</report>
			<report>
				<misses>18406001</misses>
				<total>45</total>
				<timestamp>6067.907941</timestamp>
			</report>
			<report>
				<misses>18407001</misses>
				<total>45</total>
				<timestamp>6068.237607</timestamp>
			</report>
			<report>
				<misses>18408001</misses>
				<total>45</total>
				<timestamp>6068.567323</timestamp>
			</report>
			<report>
				<misses>18409001</misses>
				<total>45</total>
				<timestamp>6068.896953</timestamp>
			</report>
			<report>
				<misses>18410001</misses>
				<total>45</total>
				<timestamp>6069.226621</timestamp>
			</report>
			<report>
				<misses>18411001</misses>
				<total>45</total>
				<timestamp>6069.556297</timestamp>
			</report>
			<report>
				<misses>18412001</misses>
				<total>45</total>
				<timestamp>6069.885951</timestamp>
			</report>
			<report>
				<misses>18413001</misses>
				<total>45</total>
				<timestamp>6070.215624</timestamp>
			</report>
			<report>
				<misses>18414001</misses>
				<total>45</total>
				<timestamp>6070.545342</timestamp>
			</report>
			<report>
				<misses>18415001</misses>
				<total>45</total>
				<timestamp>6070.875039</timestamp>
			</report>
			<report>
				<misses>18416001</misses>
				<total>45</total>
				<timestamp>6071.204631</timestamp>
			</report>
			<report>
				<misses>18417001</misses>
				<total>45</total>
				<timestamp>6071.534315</timestamp>
			</report>
			<report>
				<misses>18418001</misses>
				<total>45</total>
				<timestamp>6071.864025</timestamp>
			</report>
			<report>
				<misses>18419001</misses>
				<total>45</total>
				<timestamp>6072.193648</timestamp>
			</report>
			<report>
				<misses>18420001</misses>
				<total>45</total>
				<timestamp>6072.523368</timestamp>
			</report>
			<report>
				<misses>18421001</misses>
				<total>45</total>
				<timestamp>6072.853015</timestamp>
			</report>
			<report>
				<misses>18422001</misses>
				<total>45</total>
				<timestamp>6073.182694</timestamp>
			</report>
			<report>
				<misses>18423001</misses>
				<total>45</total>
				<timestamp>6073.512312</timestamp>
			</report>
			<report>
				<misses>18424001</misses>
				<total>45</total>
				<timestamp>6073.842000</timestamp>
			</report>
			<report>
				<misses>18425001</misses>
				<total>45</total>
				<timestamp>6074.171672</timestamp>
			</report>
			<report>
				<misses>18426001</misses>
				<total>45</total>
				<timestamp>6074.501330</timestamp>
			</report>
			<report>
				<misses>18427001</misses>
				<total>45</total>
				<timestamp>6074.830996</timestamp>
			</report>
			<report>
				<misses>18428001</misses>
				<total>45</total>
				<timestamp>6075.160673</timestamp>
			</report>
			<report>
				<misses>18429001</misses>
				<total>45</total>
				<timestamp>6075.490346</timestamp>
			</report>
			<report>
				<misses>18430001</misses>
				<total>45</total>
				<timestamp>6075.820033</timestamp>
			</report>
			<report>
				<misses>18431001</misses>
				<total>45</total>
				<timestamp>6076.149675</timestamp>
			</report>
			<report>
				<misses>18432001</misses>
				<total>45</total>
				<timestamp>6076.479351</timestamp>
			</report>
			<report>
				<misses>18433001</misses>
				<total>45</total>
				<timestamp>6076.809032</timestamp>
			</report>
			<report>
				<misses>18434001</misses>
				<total>45</total>
				<timestamp>6077.138707</timestamp>
			</report>
			<report>
				<misses>18435001</misses>
				<total>45</total>
				<timestamp>6077.468367</timestamp>
			</report>
			<report>
				<misses>18436001</misses>
				<total>45</total>
				<timestamp>6077.798045</timestamp>
			</report>
			<report>
				<misses>18437001</misses>
				<total>45</total>
				<timestamp>6078.127696</timestamp>
			</report>
			<report>
				<misses>18438001</misses>
				<total>45</total>
				<timestamp>6078.457365</timestamp>
			</report>
			<report>
				<misses>18439001</misses>
				<total>45</total>
				<timestamp>6078.787132</timestamp>
			</report>
			<report>
				<misses>18440001</misses>
				<total>45</total>
				<timestamp>6079.116714</timestamp>
			</report>
			<report>
				<misses>18441001</misses>
				<total>45</total>
				<timestamp>6079.446382</timestamp>
			</report>
			<report>
				<misses>18442001</misses>
				<total>45</total>
				<timestamp>6079.776083</timestamp>
			</report>
			<report>
				<misses>18443001</misses>
				<total>45</total>
				<timestamp>6080.105710</timestamp>
			</report>
			<report>
				<misses>18444001</misses>
				<total>45</total>
				<timestamp>6080.435394</timestamp>
			</report>
			<report>
				<misses>18445001</misses>
				<total>45</total>
				<timestamp>6080.765060</timestamp>
			</report>
			<report>
				<misses>18446001</misses>
				<total>45</total>
				<timestamp>6081.094722</timestamp>
			</report>
			<report>
				<misses>18447001</misses>
				<total>45</total>
				<timestamp>6081.424396</timestamp>
			</report>
			<report>
				<misses>18448001</misses>
				<total>45</total>
				<timestamp>6081.754104</timestamp>
			</report>
			<report>
				<misses>18449001</misses>
				<total>45</total>
				<timestamp>6082.083724</timestamp>
			</report>
			<report>
				<misses>18450001</misses>
				<total>45</total>
				<timestamp>6082.413445</timestamp>
			</report>
			<report>
				<misses>18451001</misses>
				<total>45</total>
				<timestamp>6082.743104</timestamp>
			</report>
			<report>
				<misses>18452001</misses>
				<total>45</total>
				<timestamp>6083.072743</timestamp>
			</report>
			<report>
				<misses>18453001</misses>
				<total>45</total>
				<timestamp>6083.402422</timestamp>
			</report>
			<report>
				<misses>18454001</misses>
				<total>45</total>
				<timestamp>6083.732123</timestamp>
			</report>
			<report>
				<misses>18455001</misses>
				<total>45</total>
				<timestamp>6084.061761</timestamp>
			</report>
			<report>
				<misses>18456001</misses>
				<total>45</total>
				<timestamp>6084.391431</timestamp>
			</report>
			<report>
				<misses>18457001</misses>
				<total>45</total>
				<timestamp>6084.721105</timestamp>
			</report>
			<report>
				<misses>18458001</misses>
				<total>45</total>
				<timestamp>6085.050766</timestamp>
			</report>
			<report>
				<misses>18459001</misses>
				<total>45</total>
				<timestamp>6085.380430</timestamp>
			</report>
			<report>
				<misses>18460001</misses>
				<total>45</total>
				<timestamp>6085.710134</timestamp>
			</report>
			<report>
				<misses>18461001</misses>
				<total>45</total>
				<timestamp>6086.039771</timestamp>
			</report>
			<report>
				<misses>18462001</misses>
				<total>45</total>
				<timestamp>6086.369440</timestamp>
			</report>
			<report>
				<misses>18463001</misses>
				<total>45</total>
				<timestamp>6086.699184</timestamp>
			</report>
			<report>
				<misses>18464001</misses>
				<total>45</total>
				<timestamp>6087.028797</timestamp>
			</report>
			<report>
				<misses>18465001</misses>
				<total>45</total>
				<timestamp>6087.358461</timestamp>
			</report>
			<report>
				<misses>18466001</misses>
				<total>45</total>
				<timestamp>6087.688152</timestamp>
			</report>
			<report>
				<misses>18467001</misses>
				<total>45</total>
				<timestamp>6088.017795</timestamp>
			</report>
			<report>
				<misses>18468001</misses>
				<total>45</total>
				<timestamp>6088.347475</timestamp>
			</report>
			<report>
				<misses>18469001</misses>
				<total>45</total>
				<timestamp>6088.677168</timestamp>
			</report>
			<report>
				<misses>18470001</misses>
				<total>45</total>
				<timestamp>6089.006808</timestamp>
			</report>
			<report>
				<misses>18471001</misses>
				<total>45</total>
				<timestamp>6089.336485</timestamp>
			</report>
			<report>
				<misses>18472001</misses>
				<total>45</total>
				<timestamp>6089.666180</timestamp>
			</report>
			<report>
				<misses>18473001</misses>
				<total>45</total>
				<timestamp>6089.995816</timestamp>
			</report>
			<report>
				<misses>18474001</misses>
				<total>45</total>
				<timestamp>6090.325495</timestamp>
			</report>
			<report>
				<misses>18475001</misses>
				<total>45</total>
				<timestamp>6090.655189</timestamp>
			</report>
			<report>
				<misses>18476001</misses>
				<total>45</total>
				<timestamp>6090.984820</timestamp>
			</report>
			<report>
				<misses>18477001</misses>
				<total>45</total>
				<timestamp>6091.314539</timestamp>
			</report>
			<report>
				<misses>18478001</misses>
				<total>45</total>
				<timestamp>6091.644166</timestamp>
			</report>
			<report>
				<misses>18479001</misses>
				<total>45</total>
				<timestamp>6091.973829</timestamp>
			</report>
			<report>
				<misses>18480001</misses>
				<total>45</total>
				<timestamp>6092.303509</timestamp>
			</report>
			<report>
				<misses>18481001</misses>
				<total>45</total>
				<timestamp>6092.633203</timestamp>
			</report>
			<report>
				<misses>18482001</misses>
				<total>45</total>
				<timestamp>6092.962898</timestamp>
			</report>
			<report>
				<misses>18483001</misses>
				<total>45</total>
				<timestamp>6093.292515</timestamp>
			</report>
			<report>
				<misses>18484001</misses>
				<total>45</total>
				<timestamp>6093.622195</timestamp>
			</report>
			<report>
				<misses>18485001</misses>
				<total>45</total>
				<timestamp>6093.951895</timestamp>
			</report>
			<report>
				<misses>18486001</misses>
				<total>45</total>
				<timestamp>6094.281527</timestamp>
			</report>
			<report>
				<misses>18487001</misses>
				<total>45</total>
				<timestamp>6094.611213</timestamp>
			</report>
			<report>
				<misses>18488001</misses>
				<total>45</total>
				<timestamp>6094.940873</timestamp>
			</report>
			<report>
				<misses>18489001</misses>
				<total>45</total>
				<timestamp>6095.270541</timestamp>
			</report>
			<report>
				<misses>18490001</misses>
				<total>45</total>
				<timestamp>6095.600224</timestamp>
			</report>
			<report>
				<misses>18491001</misses>
				<total>45</total>
				<timestamp>6095.929927</timestamp>
			</report>
			<report>
				<misses>18492001</misses>
				<total>45</total>
				<timestamp>6096.259571</timestamp>
			</report>
			<report>
				<misses>18493001</misses>
				<total>45</total>
				<timestamp>6096.589207</timestamp>
			</report>
			<report>
				<misses>18494001</misses>
				<total>45</total>
				<timestamp>6096.918974</timestamp>
			</report>
			<report>
				<misses>18495001</misses>
				<total>45</total>
				<timestamp>6097.248566</timestamp>
			</report>
			<report>
				<misses>18496001</misses>
				<total>45</total>
				<timestamp>6097.578242</timestamp>
			</report>
			<report>
				<misses>18497001</misses>
				<total>45</total>
				<timestamp>6097.907921</timestamp>
			</report>
			<report>
				<misses>18498001</misses>
				<total>45</total>
				<timestamp>6098.237572</timestamp>
			</report>
			<report>
				<misses>18499001</misses>
				<total>45</total>
				<timestamp>6098.567302</timestamp>
			</report>
			<report>
				<misses>18500001</misses>
				<total>45</total>
				<timestamp>6098.896961</timestamp>
			</report>
			<report>
				<misses>18501001</misses>
				<total>45</total>
				<timestamp>6099.226578</timestamp>
			</report>
			<report>
				<misses>18502001</misses>
				<total>45</total>
				<timestamp>6099.556250</timestamp>
			</report>
			<report>
				<misses>18503001</misses>
				<total>45</total>
				<timestamp>6099.885974</timestamp>
			</report>
			<report>
				<misses>18504001</misses>
				<total>45</total>
				<timestamp>6100.215593</timestamp>
			</report>
			<report>
				<misses>18505001</misses>
				<total>45</total>
				<timestamp>6100.545268</timestamp>
			</report>
			<report>
				<misses>18506001</misses>
				<total>45</total>
				<timestamp>6100.874988</timestamp>
			</report>
			<report>
				<misses>18507001</misses>
				<total>45</total>
				<timestamp>6101.204593</timestamp>
			</report>
			<report>
				<misses>18508001</misses>
				<total>45</total>
				<timestamp>6101.534264</timestamp>
			</report>
			<report>
				<misses>18509001</misses>
				<total>45</total>
				<timestamp>6101.863969</timestamp>
			</report>
			<report>
				<misses>18510001</misses>
				<total>45</total>
				<timestamp>6102.193645</timestamp>
			</report>
			<report>
				<misses>18511001</misses>
				<total>45</total>
				<timestamp>6102.523269</timestamp>
			</report>
			<report>
				<misses>18512001</misses>
				<total>45</total>
				<timestamp>6102.852977</timestamp>
			</report>
			<report>
				<misses>18513001</misses>
				<total>45</total>
				<timestamp>6103.182645</timestamp>
			</report>
			<report>
				<misses>18514001</misses>
				<total>45</total>
				<timestamp>6103.512297</timestamp>
			</report>
			<report>
				<misses>18515001</misses>
				<total>45</total>
				<timestamp>6103.841983</timestamp>
			</report>
			<report>
				<misses>18516001</misses>
				<total>45</total>
				<timestamp>6104.171654</timestamp>
			</report>
			<report>
				<misses>18517001</misses>
				<total>45</total>
				<timestamp>6104.501310</timestamp>
			</report>
			<report>
				<misses>18518001</misses>
				<total>45</total>
				<timestamp>6104.831024</timestamp>
			</report>
			<report>
				<misses>18519001</misses>
				<total>45</total>
				<timestamp>6105.160652</timestamp>
			</report>
			<report>
				<misses>18520001</misses>
				<total>45</total>
				<timestamp>6105.490299</timestamp>
			</report>
			<report>
				<misses>18521001</misses>
				<total>45</total>
				<timestamp>6105.820010</timestamp>
			</report>
			<report>
				<misses>18522001</misses>
				<total>45</total>
				<timestamp>6106.149656</timestamp>
			</report>
			<report>
				<misses>18523001</misses>
				<total>45</total>
				<timestamp>6106.479339</timestamp>
			</report>
			<report>
				<misses>18524001</misses>
				<total>45</total>
				<timestamp>6106.808996</timestamp>
			</report>
			<report>
				<misses>18525001</misses>
				<total>45</total>
				<timestamp>6107.138656</timestamp>
			</report>
			<report>
				<misses>18526001</misses>
				<total>45</total>
				<timestamp>6107.468327</timestamp>
			</report>
			<report>
				<misses>18527001</misses>
				<total>45</total>
				<timestamp>6107.798048</timestamp>
			</report>
			<report>
				<misses>18528001</misses>
				<total>45</total>
				<timestamp>6108.127667</timestamp>
			</report>
			<report>
				<misses>18529001</misses>
				<total>45</total>
				<timestamp>6108.457356</timestamp>
			</report>
			<report>
				<misses>18530001</misses>
				<total>45</total>
				<timestamp>6108.787084</timestamp>
			</report>
			<report>
				<misses>18531001</misses>
				<total>45</total>
				<timestamp>6109.116676</timestamp>
			</report>
			<report>
				<misses>18532001</misses>
				<total>45</total>
				<timestamp>6109.446350</timestamp>
			</report>
			<report>
				<misses>18533001</misses>
				<total>45</total>
				<timestamp>6109.776026</timestamp>
			</report>
			<report>
				<misses>18534001</misses>
				<total>45</total>
				<timestamp>6110.105711</timestamp>
			</report>
			<report>
				<misses>18535001</misses>
				<total>45</total>
				<timestamp>6110.435362</timestamp>
			</report>
			<report>
				<misses>18536001</misses>
				<total>45</total>
				<timestamp>6110.765062</timestamp>
			</report>
			<report>
				<misses>18537001</misses>
				<total>45</total>
				<timestamp>6111.094719</timestamp>
			</report>
			<report>
				<misses>18538001</misses>
				<total>45</total>
				<timestamp>6111.424373</timestamp>
			</report>
			<report>
				<misses>18539001</misses>
				<total>45</total>
				<timestamp>6111.754040</timestamp>
			</report>
			<report>
				<misses>18540001</misses>
				<total>45</total>
				<timestamp>6112.083720</timestamp>
			</report>
			<report>
				<misses>18541001</misses>
				<total>45</total>
				<timestamp>6112.413372</timestamp>
			</report>
			<report>
				<misses>18542001</misses>
				<total>45</total>
				<timestamp>6112.743043</timestamp>
			</report>
			<report>
				<misses>18543001</misses>
				<total>45</total>
				<timestamp>6113.072725</timestamp>
			</report>
			<report>
				<misses>18544001</misses>
				<total>45</total>
				<timestamp>6113.402390</timestamp>
			</report>
			<report>
				<misses>18545001</misses>
				<total>45</total>
				<timestamp>6113.732076</timestamp>
			</report>
			<report>
				<misses>18546001</misses>
				<total>45</total>
				<timestamp>6114.061734</timestamp>
			</report>
			<report>
				<misses>18547001</misses>
				<total>45</total>
				<timestamp>6114.391390</timestamp>
			</report>
			<report>
				<misses>18548001</misses>
				<total>45</total>
				<timestamp>6114.721065</timestamp>
			</report>
			<report>
				<misses>18549001</misses>
				<total>45</total>
				<timestamp>6115.050730</timestamp>
			</report>
			<report>
				<misses>18550001</misses>
				<total>45</total>
				<timestamp>6115.380415</timestamp>
			</report>
			<report>
				<misses>18551001</misses>
				<total>45</total>
				<timestamp>6115.710085</timestamp>
			</report>
			<report>
				<misses>18552001</misses>
				<total>45</total>
				<timestamp>6116.039809</timestamp>
			</report>
			<report>
				<misses>18553001</misses>
				<total>45</total>
				<timestamp>6116.369408</timestamp>
			</report>
			<report>
				<misses>18554001</misses>
				<total>45</total>
				<timestamp>6116.699105</timestamp>
			</report>
			<report>
				<misses>18555001</misses>
				<total>45</total>
				<timestamp>6117.028762</timestamp>
			</report>
			<report>
				<misses>18556001</misses>
				<total>45</total>
				<timestamp>6117.358426</timestamp>
			</report>
			<report>
				<misses>18557001</misses>
				<total>45</total>
				<timestamp>6117.688144</timestamp>
			</report>
			<report>
				<misses>18558001</misses>
				<total>45</total>
				<timestamp>6118.017852</timestamp>
			</report>
			<report>
				<misses>18559001</misses>
				<total>45</total>
				<timestamp>6118.347429</timestamp>
			</report>
			<report>
				<misses>18560001</misses>
				<total>45</total>
				<timestamp>6118.677100</timestamp>
			</report>
			<report>
				<misses>18561001</misses>
				<total>45</total>
				<timestamp>6119.006824</timestamp>
			</report>
			<report>
				<misses>18562001</misses>
				<total>45</total>
				<timestamp>6119.336457</timestamp>
			</report>
			<report>
				<misses>18563001</misses>
				<total>45</total>
				<timestamp>6119.666123</timestamp>
			</report>
			<report>
				<misses>18564001</misses>
				<total>45</total>
				<timestamp>6119.995924</timestamp>
			</report>
			<report>
				<misses>18565001</misses>
				<total>45</total>
				<timestamp>6120.325455</timestamp>
			</report>
			<report>
				<misses>18566001</misses>
				<total>45</total>
				<timestamp>6120.655136</timestamp>
			</report>
			<report>
				<misses>18567001</misses>
				<total>45</total>
				<timestamp>6120.984827</timestamp>
			</report>
			<report>
				<misses>18568001</misses>
				<total>45</total>
				<timestamp>6121.314466</timestamp>
			</report>
			<report>
				<misses>18569001</misses>
				<total>45</total>
				<timestamp>6121.644132</timestamp>
			</report>
			<report>
				<misses>18570001</misses>
				<total>45</total>
				<timestamp>6121.973894</timestamp>
			</report>
			<report>
				<misses>18571001</misses>
				<total>45</total>
				<timestamp>6122.303461</timestamp>
			</report>
			<report>
				<misses>18572001</misses>
				<total>45</total>
				<timestamp>6122.633145</timestamp>
			</report>
			<report>
				<misses>18573001</misses>
				<total>45</total>
				<timestamp>6122.962895</timestamp>
			</report>
			<report>
				<misses>18574001</misses>
				<total>45</total>
				<timestamp>6123.292479</timestamp>
			</report>
			<report>
				<misses>18575001</misses>
				<total>45</total>
				<timestamp>6123.622166</timestamp>
			</report>
			<report>
				<misses>18576001</misses>
				<total>45</total>
				<timestamp>6123.951870</timestamp>
			</report>
			<report>
				<misses>18577001</misses>
				<total>45</total>
				<timestamp>6124.281467</timestamp>
			</report>
			<report>
				<misses>18578001</misses>
				<total>45</total>
				<timestamp>6124.611184</timestamp>
			</report>
			<report>
				<misses>18579001</misses>
				<total>45</total>
				<timestamp>6124.940853</timestamp>
			</report>
			<report>
				<misses>18580001</misses>
				<total>45</total>
				<timestamp>6125.270528</timestamp>
			</report>
			<report>
				<misses>18581001</misses>
				<total>45</total>
				<timestamp>6125.600195</timestamp>
			</report>
			<report>
				<misses>18582001</misses>
				<total>45</total>
				<timestamp>6125.929894</timestamp>
			</report>
			<report>
				<misses>18583001</misses>
				<total>45</total>
				<timestamp>6126.259526</timestamp>
			</report>
			<report>
				<misses>18584001</misses>
				<total>45</total>
				<timestamp>6126.589208</timestamp>
			</report>
			<report>
				<misses>18585001</misses>
				<total>45</total>
				<timestamp>6126.918887</timestamp>
			</report>
			<report>
				<misses>18586001</misses>
				<total>45</total>
				<timestamp>6127.248593</timestamp>
			</report>
			<report>
				<misses>18587001</misses>
				<total>45</total>
				<timestamp>6127.578196</timestamp>
			</report>
			<report>
				<misses>18588001</misses>
				<total>45</total>
				<timestamp>6127.907917</timestamp>
			</report>
			<report>
				<misses>18589001</misses>
				<total>45</total>
				<timestamp>6128.237596</timestamp>
			</report>
			<report>
				<misses>18590001</misses>
				<total>45</total>
				<timestamp>6128.567202</timestamp>
			</report>
			<report>
				<misses>18591001</misses>
				<total>45</total>
				<timestamp>6128.896994</timestamp>
			</report>
			<report>
				<misses>18592001</misses>
				<total>45</total>
				<timestamp>6129.226543</timestamp>
			</report>
			<report>
				<misses>18593001</misses>
				<total>45</total>
				<timestamp>6129.556246</timestamp>
			</report>
			<report>
				<misses>18594001</misses>
				<total>45</total>
				<timestamp>6129.885911</timestamp>
			</report>
			<report>
				<misses>18595001</misses>
				<total>45</total>
				<timestamp>6130.215566</timestamp>
			</report>
			<report>
				<misses>18596001</misses>
				<total>45</total>
				<timestamp>6130.545235</timestamp>
			</report>
			<report>
				<misses>18597001</misses>
				<total>45</total>
				<timestamp>6130.874945</timestamp>
			</report>
			<report>
				<misses>18598001</misses>
				<total>45</total>
				<timestamp>6131.204566</timestamp>
			</report>
			<report>
				<misses>18599001</misses>
				<total>45</total>
				<timestamp>6131.534260</timestamp>
			</report>
			<report>
				<misses>18600001</misses>
				<total>45</total>
				<timestamp>6131.863943</timestamp>
			</report>
			<report>
				<misses>18601001</misses>
				<total>45</total>
				<timestamp>6132.193579</timestamp>
			</report>
			<report>
				<misses>18602001</misses>
				<total>45</total>
				<timestamp>6132.523252</timestamp>
			</report>
			<report>
				<misses>18603001</misses>
				<total>45</total>
				<timestamp>6132.852907</timestamp>
			</report>
			<report>
				<misses>18604001</misses>
				<total>45</total>
				<timestamp>6133.182635</timestamp>
			</report>
			<report>
				<misses>18605001</misses>
				<total>45</total>
				<timestamp>6133.512305</timestamp>
			</report>
			<report>
				<misses>18606001</misses>
				<total>45</total>
				<timestamp>6133.841934</timestamp>
			</report>
			<report>
				<misses>18607001</misses>
				<total>45</total>
				<timestamp>6134.171631</timestamp>
			</report>
			<report>
				<misses>18608001</misses>
				<total>45</total>
				<timestamp>6134.501259</timestamp>
			</report>
			<report>
				<misses>18609001</misses>
				<total>45</total>
				<timestamp>6134.830944</timestamp>
			</report>
			<report>
				<misses>18610001</misses>
				<total>45</total>
				<timestamp>6135.160601</timestamp>
			</report>
			<report>
				<misses>18611001</misses>
				<total>45</total>
				<timestamp>6135.490299</timestamp>
			</report>
			<report>
				<misses>18612001</misses>
				<total>45</total>
				<timestamp>6135.819941</timestamp>
			</report>
			<report>
				<misses>18613001</misses>
				<total>45</total>
				<timestamp>6136.149609</timestamp>
			</report>
			<report>
				<misses>18614001</misses>
				<total>45</total>
				<timestamp>6136.479284</timestamp>
			</report>
			<report>
				<misses>18615001</misses>
				<total>45</total>
				<timestamp>6136.808980</timestamp>
			</report>
			<report>
				<misses>18616001</misses>
				<total>45</total>
				<timestamp>6137.138647</timestamp>
			</report>
			<report>
				<misses>18617001</misses>
				<total>45</total>
				<timestamp>6137.468298</timestamp>
			</report>
			<report>
				<misses>18618001</misses>
				<total>45</total>
				<timestamp>6137.797963</timestamp>
			</report>
			<report>
				<misses>18619001</misses>
				<total>45</total>
				<timestamp>6138.127628</timestamp>
			</report>
			<report>
				<misses>18620001</misses>
				<total>45</total>
				<timestamp>6138.457309</timestamp>
			</report>
			<report>
				<misses>18621001</misses>
				<total>45</total>
				<timestamp>6138.786978</timestamp>
			</report>
			<report>
				<misses>18622001</misses>
				<total>45</total>
				<timestamp>6139.116653</timestamp>
			</report>
			<report>
				<misses>18623001</misses>
				<total>45</total>
				<timestamp>6139.446404</timestamp>
			</report>
			<report>
				<misses>18624001</misses>
				<total>45</total>
				<timestamp>6139.776007</timestamp>
			</report>
			<report>
				<misses>18625001</misses>
				<total>45</total>
				<timestamp>6140.105735</timestamp>
			</report>
			<report>
				<misses>18626001</misses>
				<total>45</total>
				<timestamp>6140.435318</timestamp>
			</report>
			<report>
				<misses>18627001</misses>
				<total>45</total>
				<timestamp>6140.764999</timestamp>
			</report>
			<report>
				<misses>18628001</misses>
				<total>45</total>
				<timestamp>6141.094743</timestamp>
			</report>
			<report>
				<misses>18629001</misses>
				<total>45</total>
				<timestamp>6141.424338</timestamp>
			</report>
			<report>
				<misses>18630001</misses>
				<total>45</total>
				<timestamp>6141.754017</timestamp>
			</report>
			<report>
				<misses>18631001</misses>
				<total>45</total>
				<timestamp>6142.083710</timestamp>
			</report>
			<report>
				<misses>18632001</misses>
				<total>45</total>
				<timestamp>6142.413390</timestamp>
			</report>
			<report>
				<misses>18633001</misses>
				<total>45</total>
				<timestamp>6142.743017</timestamp>
			</report>
			<report>
				<misses>18634001</misses>
				<total>45</total>
				<timestamp>6143.072728</timestamp>
			</report>
			<report>
				<misses>18635001</misses>
				<total>45</total>
				<timestamp>6143.402365</timestamp>
			</report>
			<report>
				<misses>18636001</misses>
				<total>45</total>
				<timestamp>6143.732036</timestamp>
			</report>
			<report>
				<misses>18637001</misses>
				<total>45</total>
				<timestamp>6144.061800</timestamp>
			</report>
			<report>
				<misses>18638001</misses>
				<total>45</total>
				<timestamp>6144.391361</timestamp>
			</report>
			<report>
				<misses>18639001</misses>
				<total>45</total>
				<timestamp>6144.721032</timestamp>
			</report>
			<report>
				<misses>18640001</misses>
				<total>45</total>
				<timestamp>6145.050775</timestamp>
			</report>
			<report>
				<misses>18641001</misses>
				<total>45</total>
				<timestamp>6145.380443</timestamp>
			</report>
			<report>
				<misses>18642001</misses>
				<total>45</total>
				<timestamp>6145.710047</timestamp>
			</report>
			<report>
				<misses>18643001</misses>
				<total>45</total>
				<timestamp>6146.039805</timestamp>
			</report>
			<report>
				<misses>18644001</misses>
				<total>45</total>
				<timestamp>6146.369396</timestamp>
			</report>
			<report>
				<misses>18645001</misses>
				<total>45</total>
				<timestamp>6146.699072</timestamp>
			</report>
			<report>
				<misses>18646001</misses>
				<total>45</total>
				<timestamp>6147.028793</timestamp>
			</report>
			<report>
				<misses>18647001</misses>
				<total>45</total>
				<timestamp>6147.358409</timestamp>
			</report>
			<report>
				<misses>18648001</misses>
				<total>45</total>
				<timestamp>6147.688080</timestamp>
			</report>
			<report>
				<misses>18649001</misses>
				<total>45</total>
				<timestamp>6148.017769</timestamp>
			</report>
			<report>
				<misses>18650001</misses>
				<total>45</total>
				<timestamp>6148.347409</timestamp>
			</report>
			<report>
				<misses>18651001</misses>
				<total>45</total>
				<timestamp>6148.677099</timestamp>
			</report>
			<report>
				<misses>18652001</misses>
				<total>45</total>
				<timestamp>6149.006781</timestamp>
			</report>
			<report>
				<misses>18653001</misses>
				<total>45</total>
				<timestamp>6149.336445</timestamp>
			</report>
			<report>
				<misses>18654001</misses>
				<total>45</total>
				<timestamp>6149.666129</timestamp>
			</report>
			<report>
				<misses>18655001</misses>
				<total>45</total>
				<timestamp>6149.995878</timestamp>
			</report>
			<report>
				<misses>18656001</misses>
				<total>45</total>
				<timestamp>6150.325427</timestamp>
			</report>
			<report>
				<misses>18657001</misses>
				<total>45</total>
				<timestamp>6150.655108</timestamp>
			</report>
			<report>
				<misses>18658001</misses>
				<total>45</total>
				<timestamp>6150.984812</timestamp>
			</report>
			<report>
				<misses>18659001</misses>
				<total>45</total>
				<timestamp>6151.314456</timestamp>
			</report>
			<report>
				<misses>18660001</misses>
				<total>45</total>
				<timestamp>6151.644108</timestamp>
			</report>
			<report>
				<misses>18661001</misses>
				<total>45</total>
				<timestamp>6151.973874</timestamp>
			</report>
			<report>
				<misses>18662001</misses>
				<total>45</total>
				<timestamp>6152.303453</timestamp>
			</report>
			<report>
				<misses>18663001</misses>
				<total>45</total>
				<timestamp>6152.633118</timestamp>
			</report>
			<report>
				<misses>18664001</misses>
				<total>45</total>
				<timestamp>6152.962813</timestamp>
			</report>
			<report>
				<misses>18665001</misses>
				<total>45</total>
				<timestamp>6153.292451</timestamp>
			</report>
			<report>
				<misses>18666001</misses>
				<total>45</total>
				<timestamp>6153.622136</timestamp>
			</report>
			<report>
				<misses>18667001</misses>
				<total>45</total>
				<timestamp>6153.951826</timestamp>
			</report>
			<report>
				<misses>18668001</misses>
				<total>45</total>
				<timestamp>6154.281464</timestamp>
			</report>
			<report>
				<misses>18669001</misses>
				<total>45</total>
				<timestamp>6154.611132</timestamp>
			</report>
			<report>
				<misses>18670001</misses>
				<total>45</total>
				<timestamp>6154.940870</timestamp>
			</report>
			<report>
				<misses>18671001</misses>
				<total>45</total>
				<timestamp>6155.270478</timestamp>
			</report>
			<report>
				<misses>18672001</misses>
				<total>45</total>
				<timestamp>6155.600137</timestamp>
			</report>
			<report>
				<misses>18673001</misses>
				<total>45</total>
				<timestamp>6155.929828</timestamp>
			</report>
			<report>
				<misses>18674001</misses>
				<total>45</total>
				<timestamp>6156.259488</timestamp>
			</report>
			<report>
				<misses>18675001</misses>
				<total>45</total>
				<timestamp>6156.589164</timestamp>
			</report>
			<report>
				<misses>18676001</misses>
				<total>45</total>
				<timestamp>6156.918825</timestamp>
			</report>
			<report>
				<misses>18677001</misses>
				<total>45</total>
				<timestamp>6157.248527</timestamp>
			</report>
			<report>
				<misses>18678001</misses>
				<total>45</total>
				<timestamp>6157.578164</timestamp>
			</report>
			<report>
				<misses>18679001</misses>
				<total>45</total>
				<timestamp>6157.907843</timestamp>
			</report>
			<report>
				<misses>18680001</misses>
				<total>45</total>
				<timestamp>6158.237499</timestamp>
			</report>
			<report>
				<misses>18681001</misses>
				<total>45</total>
				<timestamp>6158.567184</timestamp>
			</report>
			<report>
				<misses>18682001</misses>
				<total>45</total>
				<timestamp>6158.896834</timestamp>
			</report>
			<report>
				<misses>18683001</misses>
				<total>45</total>
				<timestamp>6159.226518</timestamp>
			</report>
			<report>
				<misses>18684001</misses>
				<total>45</total>
				<timestamp>6159.556192</timestamp>
			</report>
			<report>
				<misses>18685001</misses>
				<total>45</total>
				<timestamp>6159.885879</timestamp>
			</report>
			<report>
				<misses>18686001</misses>
				<total>45</total>
				<timestamp>6160.215542</timestamp>
			</report>
			<report>
				<misses>18687001</misses>
				<total>45</total>
				<timestamp>6160.545201</timestamp>
			</report>
			<report>
				<misses>18688001</misses>
				<total>45</total>
				<timestamp>6160.874865</timestamp>
			</report>
			<report>
				<misses>18689001</misses>
				<total>45</total>
				<timestamp>6161.204561</timestamp>
			</report>
			<report>
				<misses>18690001</misses>
				<total>45</total>
				<timestamp>6161.534206</timestamp>
			</report>
			<report>
				<misses>18691001</misses>
				<total>45</total>
				<timestamp>6161.863876</timestamp>
			</report>
			<report>
				<misses>18692001</misses>
				<total>45</total>
				<timestamp>6162.193596</timestamp>
			</report>
			<report>
				<misses>18693001</misses>
				<total>45</total>
				<timestamp>6162.523208</timestamp>
			</report>
			<report>
				<misses>18694001</misses>
				<total>45</total>
				<timestamp>6162.852889</timestamp>
			</report>
			<report>
				<misses>18695001</misses>
				<total>45</total>
				<timestamp>6163.182603</timestamp>
			</report>
			<report>
				<misses>18696001</misses>
				<total>45</total>
				<timestamp>6163.512222</timestamp>
			</report>
			<report>
				<misses>18697001</misses>
				<total>45</total>
				<timestamp>6163.841900</timestamp>
			</report>
			<report>
				<misses>18698001</misses>
				<total>45</total>
				<timestamp>6164.171600</timestamp>
			</report>
			<report>
				<misses>18699001</misses>
				<total>45</total>
				<timestamp>6164.501276</timestamp>
			</report>
			<report>
				<misses>18700001</misses>
				<total>45</total>
				<timestamp>6164.830982</timestamp>
			</report>
			<report>
				<misses>18701001</misses>
				<total>45</total>
				<timestamp>6165.160637</timestamp>
			</report>
			<report>
				<misses>18702001</misses>
				<total>45</total>
				<timestamp>6165.490255</timestamp>
			</report>
			<report>
				<misses>18703001</misses>
				<total>45</total>
				<timestamp>6165.819972</timestamp>
			</report>
			<report>
				<misses>18704001</misses>
				<total>45</total>
				<timestamp>6166.149656</timestamp>
			</report>
			<report>
				<misses>18705001</misses>
				<total>45</total>
				<timestamp>6166.479261</timestamp>
			</report>
			<report>
				<misses>18706001</misses>
				<total>45</total>
				<timestamp>6166.808922</timestamp>
			</report>
			<report>
				<misses>18707001</misses>
				<total>45</total>
				<timestamp>6167.138624</timestamp>
			</report>
			<report>
				<misses>18708001</misses>
				<total>45</total>
				<timestamp>6167.468271</timestamp>
			</report>
			<report>
				<misses>18709001</misses>
				<total>45</total>
				<timestamp>6167.797947</timestamp>
			</report>
			<report>
				<misses>18710001</misses>
				<total>45</total>
				<timestamp>6168.127644</timestamp>
			</report>
			<report>
				<misses>18711001</misses>
				<total>45</total>
				<timestamp>6168.457277</timestamp>
			</report>
			<report>
				<misses>18712001</misses>
				<total>45</total>
				<timestamp>6168.786957</timestamp>
			</report>
			<report>
				<misses>18713001</misses>
				<total>45</total>
				<timestamp>6169.116722</timestamp>
			</report>
			<report>
				<misses>18714001</misses>
				<total>45</total>
				<timestamp>6169.446293</timestamp>
			</report>
			<report>
				<misses>18715001</misses>
				<total>45</total>
				<timestamp>6169.775956</timestamp>
			</report>
			<report>
				<misses>18716001</misses>
				<total>45</total>
				<timestamp>6170.105681</timestamp>
			</report>
			<report>
				<misses>18717001</misses>
				<total>45</total>
				<timestamp>6170.435290</timestamp>
			</report>
			<report>
				<misses>18718001</misses>
				<total>45</total>
				<timestamp>6170.764964</timestamp>
			</report>
			<report>
				<misses>18719001</misses>
				<total>45</total>
				<timestamp>6171.094739</timestamp>
			</report>
			<report>
				<misses>18720001</misses>
				<total>45</total>
				<timestamp>6171.424312</timestamp>
			</report>
			<report>
				<misses>18721001</misses>
				<total>45</total>
				<timestamp>6171.753984</timestamp>
			</report>
			<report>
				<misses>18722001</misses>
				<total>45</total>
				<timestamp>6172.083684</timestamp>
			</report>
			<report>
				<misses>18723001</misses>
				<total>45</total>
				<timestamp>6172.413322</timestamp>
			</report>
			<report>
				<misses>18724001</misses>
				<total>45</total>
				<timestamp>6172.742977</timestamp>
			</report>
			<report>
				<misses>18725001</misses>
				<total>45</total>
				<timestamp>6173.072760</timestamp>
			</report>
			<report>
				<misses>18726001</misses>
				<total>45</total>
				<timestamp>6173.402327</timestamp>
			</report>
			<report>
				<misses>18727001</misses>
				<total>45</total>
				<timestamp>6173.732004</timestamp>
			</report>
			<report>
				<misses>18728001</misses>
				<total>45</total>
				<timestamp>6174.061703</timestamp>
			</report>
			<report>
				<misses>18729001</misses>
				<total>45</total>
				<timestamp>6174.391329</timestamp>
			</report>
			<report>
				<misses>18730001</misses>
				<total>45</total>
				<timestamp>6174.721010</timestamp>
			</report>
			<report>
				<misses>18731001</misses>
				<total>45</total>
				<timestamp>6175.050669</timestamp>
			</report>
			<report>
				<misses>18732001</misses>
				<total>45</total>
				<timestamp>6175.380350</timestamp>
			</report>
			<report>
				<misses>18733001</misses>
				<total>45</total>
				<timestamp>6175.710030</timestamp>
			</report>
			<report>
				<misses>18734001</misses>
				<total>45</total>
				<timestamp>6176.039733</timestamp>
			</report>
			<report>
				<misses>18735001</misses>
				<total>45</total>
				<timestamp>6176.369361</timestamp>
			</report>
			<report>
				<misses>18736001</misses>
				<total>45</total>
				<timestamp>6176.699086</timestamp>
			</report>
			<report>
				<misses>18737001</misses>
				<total>45</total>
				<timestamp>6177.028768</timestamp>
			</report>
			<report>
				<misses>18738001</misses>
				<total>45</total>
				<timestamp>6177.358369</timestamp>
			</report>
			<report>
				<misses>18739001</misses>
				<total>45</total>
				<timestamp>6177.688052</timestamp>
			</report>
			<report>
				<misses>18740001</misses>
				<total>45</total>
				<timestamp>6178.017730</timestamp>
			</report>
			<report>
				<misses>18741001</misses>
				<total>45</total>
				<timestamp>6178.347402</timestamp>
			</report>
			<report>
				<misses>18742001</misses>
				<total>45</total>
				<timestamp>6178.677045</timestamp>
			</report>
			<report>
				<misses>18743001</misses>
				<total>45</total>
				<timestamp>6179.006719</timestamp>
			</report>
			<report>
				<misses>18744001</misses>
				<total>45</total>
				<timestamp>6179.336382</timestamp>
			</report>
			<report>
				<misses>18745001</misses>
				<total>45</total>
				<timestamp>6179.666051</timestamp>
			</report>
			<report>
				<misses>18746001</misses>
				<total>45</total>
				<timestamp>6179.995722</timestamp>
			</report>
			<report>
				<misses>18747001</misses>
				<total>45</total>
				<timestamp>6180.325398</timestamp>
			</report>
			<report>
				<misses>18748001</misses>
				<total>45</total>
				<timestamp>6180.655088</timestamp>
			</report>
			<report>
				<misses>18749001</misses>
				<total>45</total>
				<timestamp>6180.984739</timestamp>
			</report>
			<report>
				<misses>18750001</misses>
				<total>45</total>
				<timestamp>6181.314416</timestamp>
			</report>
			<report>
				<misses>18751001</misses>
				<total>45</total>
				<timestamp>6181.644097</timestamp>
			</report>
			<report>
				<misses>18752001</misses>
				<total>45</total>
				<timestamp>6181.973755</timestamp>
			</report>
			<report>
				<misses>18753001</misses>
				<total>45</total>
				<timestamp>6182.303443</timestamp>
			</report>
			<report>
				<misses>18754001</misses>
				<total>45</total>
				<timestamp>6182.633152</timestamp>
			</report>
			<report>
				<misses>18755001</misses>
				<total>45</total>
				<timestamp>6182.962758</timestamp>
			</report>
			<report>
				<misses>18756001</misses>
				<total>45</total>
				<timestamp>6183.292516</timestamp>
			</report>
			<report>
				<misses>18757001</misses>
				<total>45</total>
				<timestamp>6183.622114</timestamp>
			</report>
			<report>
				<misses>18758001</misses>
				<total>45</total>
				<timestamp>6183.951762</timestamp>
			</report>
			<report>
				<misses>18759001</misses>
				<total>45</total>
				<timestamp>6184.281458</timestamp>
			</report>
			<report>
				<misses>18760001</misses>
				<total>45</total>
				<timestamp>6184.611107</timestamp>
			</report>
			<report>
				<misses>18761001</misses>
				<total>45</total>
				<timestamp>6184.940832</timestamp>
			</report>
			<report>
				<misses>18762001</misses>
				<total>45</total>
				<timestamp>6185.270537</timestamp>
			</report>
			<report>
				<misses>18763001</misses>
				<total>45</total>
				<timestamp>6185.600107</timestamp>
			</report>
			<report>
				<misses>18764001</misses>
				<total>45</total>
				<timestamp>6185.929854</timestamp>
			</report>
			<report>
				<misses>18765001</misses>
				<total>45</total>
				<timestamp>6186.259456</timestamp>
			</report>
			<report>
				<misses>18766001</misses>
				<total>45</total>
				<timestamp>6186.589121</timestamp>
			</report>
			<report>
				<misses>18767001</misses>
				<total>45</total>
				<timestamp>6186.918799</timestamp>
			</report>
			<report>
				<misses>18768001</misses>
				<total>45</total>
				<timestamp>6187.248528</timestamp>
			</report>
			<report>
				<misses>18769001</misses>
				<total>45</total>
				<timestamp>6187.578134</timestamp>
			</report>
			<report>
				<misses>18770001</misses>
				<total>45</total>
				<timestamp>6187.907801</timestamp>
			</report>
			<report>
				<misses>18771001</misses>
				<total>45</total>
				<timestamp>6188.237521</timestamp>
			</report>
			<report>
				<misses>18772001</misses>
				<total>45</total>
				<timestamp>6188.567161</timestamp>
			</report>
			<report>
				<misses>18773001</misses>
				<total>45</total>
				<timestamp>6188.896815</timestamp>
			</report>
			<report>
				<misses>18774001</misses>
				<total>45</total>
				<timestamp>6189.226553</timestamp>
			</report>
			<report>
				<misses>18775001</misses>
				<total>45</total>
				<timestamp>6189.556152</timestamp>
			</report>
			<report>
				<misses>18776001</misses>
				<total>45</total>
				<timestamp>6189.885840</timestamp>
			</report>
			<report>
				<misses>18777001</misses>
				<total>45</total>
				<timestamp>6190.215533</timestamp>
			</report>
			<report>
				<misses>18778001</misses>
				<total>45</total>
				<timestamp>6190.545172</timestamp>
			</report>
			<report>
				<misses>18779001</misses>
				<total>45</total>
				<timestamp>6190.874840</timestamp>
			</report>
			<report>
				<misses>18780001</misses>
				<total>45</total>
				<timestamp>6191.204624</timestamp>
			</report>
			<report>
				<misses>18781001</misses>
				<total>45</total>
				<timestamp>6191.534166</timestamp>
			</report>
			<report>
				<misses>18782001</misses>
				<total>45</total>
				<timestamp>6191.863868</timestamp>
			</report>
			<report>
				<misses>18783001</misses>
				<total>45</total>
				<timestamp>6192.193584</timestamp>
			</report>
			<report>
				<misses>18784001</misses>
				<total>45</total>
				<timestamp>6192.523184</timestamp>
			</report>
			<report>
				<misses>18785001</misses>
				<total>45</total>
				<timestamp>6192.852852</timestamp>
			</report>
			<report>
				<misses>18786001</misses>
				<total>45</total>
				<timestamp>6193.182604</timestamp>
			</report>
			<report>
				<misses>18787001</misses>
				<total>45</total>
				<timestamp>6193.512205</timestamp>
			</report>
			<report>
				<misses>18788001</misses>
				<total>45</total>
				<timestamp>6193.841935</timestamp>
			</report>
			<report>
				<misses>18789001</misses>
				<total>45</total>
				<timestamp>6194.171617</timestamp>
			</report>
			<report>
				<misses>18790001</misses>
				<total>45</total>
				<timestamp>6194.501217</timestamp>
			</report>
			<report>
				<misses>18791001</misses>
				<total>45</total>
				<timestamp>6194.830927</timestamp>
			</report>
			<report>
				<misses>18792001</misses>
				<total>45</total>
				<timestamp>6195.160597</timestamp>
			</report>
			<report>
				<misses>18793001</misses>
				<total>45</total>
				<timestamp>6195.490232</timestamp>
			</report>
			<report>
				<misses>18794001</misses>
				<total>45</total>
				<timestamp>6195.819885</timestamp>
			</report>
			<report>
				<misses>18795001</misses>
				<total>45</total>
				<timestamp>6196.149586</timestamp>
			</report>
			<report>
				<misses>18796001</misses>
				<total>45</total>
				<timestamp>6196.479240</timestamp>
			</report>
			<report>
				<misses>18797001</misses>
				<total>45</total>
				<timestamp>6196.808908</timestamp>
			</report>
			<report>
				<misses>18798001</misses>
				<total>45</total>
				<timestamp>6197.138561</timestamp>
			</report>
			<report>
				<misses>18799001</misses>
				<total>45</total>
				<timestamp>6197.468264</timestamp>
			</report>
			<report>
				<misses>18800001</misses>
				<total>45</total>
				<timestamp>6197.797905</timestamp>
			</report>
			<report>
				<misses>18801001</misses>
				<total>45</total>
				<timestamp>6198.127634</timestamp>
			</report>
			<report>
				<misses>18802001</misses>
				<total>45</total>
				<timestamp>6198.457246</timestamp>
			</report>
			<report>
				<misses>18803001</misses>
				<total>45</total>
				<timestamp>6198.786907</timestamp>
			</report>
			<report>
				<misses>18804001</misses>
				<total>45</total>
				<timestamp>6199.116620</timestamp>
			</report>
			<report>
				<misses>18805001</misses>
				<total>45</total>
				<timestamp>6199.446271</timestamp>
			</report>
			<report>
				<misses>18806001</misses>
				<total>45</total>
				<timestamp>6199.775922</timestamp>
			</report>
			<report>
				<misses>18807001</misses>
				<total>45</total>
				<timestamp>6200.105601</timestamp>
			</report>
			<report>
				<misses>18808001</misses>
				<total>45</total>
				<timestamp>6200.435294</timestamp>
			</report>
			<report>
				<misses>18809001</misses>
				<total>45</total>
				<timestamp>6200.765002</timestamp>
			</report>
			<report>
				<misses>18810001</misses>
				<total>45</total>
				<timestamp>6201.094648</timestamp>
			</report>
			<report>
				<misses>18811001</misses>
				<total>45</total>
				<timestamp>6201.424288</timestamp>
			</report>
			<report>
				<misses>18812001</misses>
				<total>45</total>
				<timestamp>6201.753943</timestamp>
			</report>
			<report>
				<misses>18813001</misses>
				<total>45</total>
				<timestamp>6202.083628</timestamp>
			</report>
			<report>
				<misses>18814001</misses>
				<total>45</total>
				<timestamp>6202.413327</timestamp>
			</report>
			<report>
				<misses>18815001</misses>
				<total>45</total>
				<timestamp>6202.742953</timestamp>
			</report>
			<report>
				<misses>18816001</misses>
				<total>45</total>
				<timestamp>6203.072671</timestamp>
			</report>
			<report>
				<misses>18817001</misses>
				<total>45</total>
				<timestamp>6203.402327</timestamp>
			</report>
			<report>
				<misses>18818001</misses>
				<total>45</total>
				<timestamp>6203.731975</timestamp>
			</report>
			<report>
				<misses>18819001</misses>
				<total>45</total>
				<timestamp>6204.061642</timestamp>
			</report>
			<report>
				<misses>18820001</misses>
				<total>45</total>
				<timestamp>6204.391356</timestamp>
			</report>
			<report>
				<misses>18821001</misses>
				<total>45</total>
				<timestamp>6204.720987</timestamp>
			</report>
			<report>
				<misses>18822001</misses>
				<total>45</total>
				<timestamp>6205.050660</timestamp>
			</report>
			<report>
				<misses>18823001</misses>
				<total>45</total>
				<timestamp>6205.380341</timestamp>
			</report>
			<report>
				<misses>18824001</misses>
				<total>45</total>
				<timestamp>6205.710008</timestamp>
			</report>
			<report>
				<misses>18825001</misses>
				<total>45</total>
				<timestamp>6206.039650</timestamp>
			</report>
			<report>
				<misses>18826001</misses>
				<total>45</total>
				<timestamp>6206.369332</timestamp>
			</report>
			<report>
				<misses>18827001</misses>
				<total>45</total>
				<timestamp>6206.699000</timestamp>
			</report>
			<report>
				<misses>18828001</misses>
				<total>45</total>
				<timestamp>6207.028656</timestamp>
			</report>
			<report>
				<misses>18829001</misses>
				<total>45</total>
				<timestamp>6207.358336</timestamp>
			</report>
			<report>
				<misses>18830001</misses>
				<total>45</total>
				<timestamp>6207.688009</timestamp>
			</report>
			<report>
				<misses>18831001</misses>
				<total>45</total>
				<timestamp>6208.017682</timestamp>
			</report>
			<report>
				<misses>18832001</misses>
				<total>45</total>
				<timestamp>6208.347444</timestamp>
			</report>
			<report>
				<misses>18833001</misses>
				<total>45</total>
				<timestamp>6208.677011</timestamp>
			</report>
			<report>
				<misses>18834001</misses>
				<total>45</total>
				<timestamp>6209.006681</timestamp>
			</report>
			<report>
				<misses>18835001</misses>
				<total>45</total>
				<timestamp>6209.336427</timestamp>
			</report>
			<report>
				<misses>18836001</misses>
				<total>45</total>
				<timestamp>6209.666030</timestamp>
			</report>
			<report>
				<misses>18837001</misses>
				<total>45</total>
				<timestamp>6209.995696</timestamp>
			</report>
			<report>
				<misses>18838001</misses>
				<total>45</total>
				<timestamp>6210.325395</timestamp>
			</report>
			<report>
				<misses>18839001</misses>
				<total>45</total>
				<timestamp>6210.655061</timestamp>
			</report>
			<report>
				<misses>18840001</misses>
				<total>45</total>
				<timestamp>6210.984730</timestamp>
			</report>
			<report>
				<misses>18841001</misses>
				<total>45</total>
				<timestamp>6211.314365</timestamp>
			</report>
			<report>
				<misses>18842001</misses>
				<total>45</total>
				<timestamp>6211.644050</timestamp>
			</report>
			<report>
				<misses>18843001</misses>
				<total>45</total>
				<timestamp>6211.973714</timestamp>
			</report>
			<report>
				<misses>18844001</misses>
				<total>45</total>
				<timestamp>6212.303476</timestamp>
			</report>
			<report>
				<misses>18845001</misses>
				<total>45</total>
				<timestamp>6212.633060</timestamp>
			</report>
			<report>
				<misses>18846001</misses>
				<total>45</total>
				<timestamp>6212.962784</timestamp>
			</report>
			<report>
				<misses>18847001</misses>
				<total>45</total>
				<timestamp>6213.292488</timestamp>
			</report>
			<report>
				<misses>18848001</misses>
				<total>45</total>
				<timestamp>6213.622069</timestamp>
			</report>
			<report>
				<misses>18849001</misses>
				<total>45</total>
				<timestamp>6213.951751</timestamp>
			</report>
			<report>
				<misses>18850001</misses>
				<total>45</total>
				<timestamp>6214.281420</timestamp>
			</report>
			<report>
				<misses>18851001</misses>
				<total>45</total>
				<timestamp>6214.611083</timestamp>
			</report>
			<report>
				<misses>18852001</misses>
				<total>45</total>
				<timestamp>6214.940756</timestamp>
			</report>
			<report>
				<misses>18853001</misses>
				<total>45</total>
				<timestamp>6215.270434</timestamp>
			</report>
			<report>
				<misses>18854001</misses>
				<total>45</total>
				<timestamp>6215.600107</timestamp>
			</report>
			<report>
				<misses>18855001</misses>
				<total>45</total>
				<timestamp>6215.929768</timestamp>
			</report>
			<report>
				<misses>18856001</misses>
				<total>45</total>
				<timestamp>6216.259442</timestamp>
			</report>
			<report>
				<misses>18857001</misses>
				<total>45</total>
				<timestamp>6216.589115</timestamp>
			</report>
			<report>
				<misses>18858001</misses>
				<total>45</total>
				<timestamp>6216.918765</timestamp>
			</report>
			<report>
				<misses>18859001</misses>
				<total>45</total>
				<timestamp>6217.248472</timestamp>
			</report>
			<report>
				<misses>18860001</misses>
				<total>45</total>
				<timestamp>6217.578114</timestamp>
			</report>
			<report>
				<misses>18861001</misses>
				<total>45</total>
				<timestamp>6217.907778</timestamp>
			</report>
			<report>
				<misses>18862001</misses>
				<total>45</total>
				<timestamp>6218.237475</timestamp>
			</report>
			<report>
				<misses>18863001</misses>
				<total>45</total>
				<timestamp>6218.567137</timestamp>
			</report>
			<report>
				<misses>18864001</misses>
				<total>45</total>
				<timestamp>6218.896792</timestamp>
			</report>
			<report>
				<misses>18865001</misses>
				<total>45</total>
				<timestamp>6219.226531</timestamp>
			</report>
			<report>
				<misses>18866001</misses>
				<total>45</total>
				<timestamp>6219.556126</timestamp>
			</report>
			<report>
				<misses>18867001</misses>
				<total>45</total>
				<timestamp>6219.885801</timestamp>
			</report>
			<report>
				<misses>18868001</misses>
				<total>45</total>
				<timestamp>6220.215478</timestamp>
			</report>
			<report>
				<misses>18869001</misses>
				<total>45</total>
				<timestamp>6220.545152</timestamp>
			</report>
			<report>
				<misses>18870001</misses>
				<total>45</total>
				<timestamp>6220.874839</timestamp>
			</report>
			<report>
				<misses>18871001</misses>
				<total>45</total>
				<timestamp>6221.204509</timestamp>
			</report>
			<report>
				<misses>18872001</misses>
				<total>45</total>
				<timestamp>6221.534170</timestamp>
			</report>
			<report>
				<misses>18873001</misses>
				<total>45</total>
				<timestamp>6221.863822</timestamp>
			</report>
			<report>
				<misses>18874001</misses>
				<total>45</total>
				<timestamp>6222.193489</timestamp>
			</report>
			<report>
				<misses>18875001</misses>
				<total>45</total>
				<timestamp>6222.523212</timestamp>
			</report>
			<report>
				<misses>18876001</misses>
				<total>45</total>
				<timestamp>6222.852828</timestamp>
			</report>
			<report>
				<misses>18877001</misses>
				<total>45</total>
				<timestamp>6223.182585</timestamp>
			</report>
			<report>
				<misses>18878001</misses>
				<total>45</total>
				<timestamp>6223.512203</timestamp>
			</report>
			<report>
				<misses>18879001</misses>
				<total>45</total>
				<timestamp>6223.841832</timestamp>
			</report>
			<report>
				<misses>18880001</misses>
				<total>45</total>
				<timestamp>6224.171548</timestamp>
			</report>
			<report>
				<misses>18881001</misses>
				<total>45</total>
				<timestamp>6224.501217</timestamp>
			</report>
			<report>
				<misses>18882001</misses>
				<total>45</total>
				<timestamp>6224.830886</timestamp>
			</report>
			<report>
				<misses>18883001</misses>
				<total>45</total>
				<timestamp>6225.160520</timestamp>
			</report>
			<report>
				<misses>18884001</misses>
				<total>45</total>
				<timestamp>6225.490220</timestamp>
			</report>
			<report>
				<misses>18885001</misses>
				<total>45</total>
				<timestamp>6225.819868</timestamp>
			</report>
			<report>
				<misses>18886001</misses>
				<total>45</total>
				<timestamp>6226.149554</timestamp>
			</report>
			<report>
				<misses>18887001</misses>
				<total>45</total>
				<timestamp>6226.479216</timestamp>
			</report>
			<report>
				<misses>18888001</misses>
				<total>45</total>
				<timestamp>6226.808882</timestamp>
			</report>
			<report>
				<misses>18889001</misses>
				<total>45</total>
				<timestamp>6227.138593</timestamp>
			</report>
			<report>
				<misses>18890001</misses>
				<total>45</total>
				<timestamp>6227.468251</timestamp>
			</report>
			<report>
				<misses>18891001</misses>
				<total>45</total>
				<timestamp>6227.797871</timestamp>
			</report>
			<report>
				<misses>18892001</misses>
				<total>45</total>
				<timestamp>6228.127549</timestamp>
			</report>
			<report>
				<misses>18893001</misses>
				<total>45</total>
				<timestamp>6228.457231</timestamp>
			</report>
			<report>
				<misses>18894001</misses>
				<total>45</total>
				<timestamp>6228.786886</timestamp>
			</report>
			<report>
				<misses>18895001</misses>
				<total>45</total>
				<timestamp>6229.116554</timestamp>
			</report>
			<report>
				<misses>18896001</misses>
				<total>45</total>
				<timestamp>6229.446264</timestamp>
			</report>
			<report>
				<misses>18897001</misses>
				<total>45</total>
				<timestamp>6229.775895</timestamp>
			</report>
			<report>
				<misses>18898001</misses>
				<total>45</total>
				<timestamp>6230.105563</timestamp>
			</report>
			<report>
				<misses>18899001</misses>
				<total>45</total>
				<timestamp>6230.435238</timestamp>
			</report>
			<report>
				<misses>18900001</misses>
				<total>45</total>
				<timestamp>6230.764920</timestamp>
			</report>
			<report>
				<misses>18901001</misses>
				<total>45</total>
				<timestamp>6231.094576</timestamp>
			</report>
			<report>
				<misses>18902001</misses>
				<total>45</total>
				<timestamp>6231.424271</timestamp>
			</report>
			<report>
				<misses>18903001</misses>
				<total>45</total>
				<timestamp>6231.753910</timestamp>
			</report>
			<report>
				<misses>18904001</misses>
				<total>45</total>
				<timestamp>6232.083591</timestamp>
			</report>
			<report>
				<misses>18905001</misses>
				<total>45</total>
				<timestamp>6232.413308</timestamp>
			</report>
			<report>
				<misses>18906001</misses>
				<total>45</total>
				<timestamp>6232.743008</timestamp>
			</report>
			<report>
				<misses>18907001</misses>
				<total>45</total>
				<timestamp>6233.072603</timestamp>
			</report>
			<report>
				<misses>18908001</misses>
				<total>45</total>
				<timestamp>6233.402320</timestamp>
			</report>
			<report>
				<misses>18909001</misses>
				<total>45</total>
				<timestamp>6233.731950</timestamp>
			</report>
			<report>
				<misses>18910001</misses>
				<total>45</total>
				<timestamp>6234.061609</timestamp>
			</report>
			<report>
				<misses>18911001</misses>
				<total>45</total>
				<timestamp>6234.391329</timestamp>
			</report>
			<report>
				<misses>18912001</misses>
				<total>45</total>
				<timestamp>6234.720939</timestamp>
			</report>
			<report>
				<misses>18913001</misses>
				<total>45</total>
				<timestamp>6235.050616</timestamp>
			</report>
			<report>
				<misses>18914001</misses>
				<total>45</total>
				<timestamp>6235.380306</timestamp>
			</report>
			<report>
				<misses>18915001</misses>
				<total>45</total>
				<timestamp>6235.709963</timestamp>
			</report>
			<report>
				<misses>18916001</misses>
				<total>45</total>
				<timestamp>6236.039636</timestamp>
			</report>
			<report>
				<misses>18917001</misses>
				<total>45</total>
				<timestamp>6236.369379</timestamp>
			</report>
			<report>
				<misses>18918001</misses>
				<total>45</total>
				<timestamp>6236.698954</timestamp>
			</report>
			<report>
				<misses>18919001</misses>
				<total>45</total>
				<timestamp>6237.028626</timestamp>
			</report>
			<report>
				<misses>18920001</misses>
				<total>45</total>
				<timestamp>6237.358387</timestamp>
			</report>
			<report>
				<misses>18921001</misses>
				<total>45</total>
				<timestamp>6237.688010</timestamp>
			</report>
			<report>
				<misses>18922001</misses>
				<total>45</total>
				<timestamp>6238.017640</timestamp>
			</report>
			<report>
				<misses>18923001</misses>
				<total>45</total>
				<timestamp>6238.347386</timestamp>
			</report>
			<report>
				<misses>18924001</misses>
				<total>45</total>
				<timestamp>6238.677008</timestamp>
			</report>
			<report>
				<misses>18925001</misses>
				<total>45</total>
				<timestamp>6239.006663</timestamp>
			</report>
			<report>
				<misses>18926001</misses>
				<total>45</total>
				<timestamp>6239.336398</timestamp>
			</report>
			<report>
				<misses>18927001</misses>
				<total>45</total>
				<timestamp>6239.665993</timestamp>
			</report>
			<report>
				<misses>18928001</misses>
				<total>45</total>
				<timestamp>6239.995668</timestamp>
			</report>
			<report>
				<misses>18929001</misses>
				<total>45</total>
				<timestamp>6240.325396</timestamp>
			</report>
			<report>
				<misses>18930001</misses>
				<total>45</total>
				<timestamp>6240.655055</timestamp>
			</report>
			<report>
				<misses>18931001</misses>
				<total>45</total>
				<timestamp>6240.984691</timestamp>
			</report>
			<report>
				<misses>18932001</misses>
				<total>45</total>
				<timestamp>6241.314358</timestamp>
			</report>
			<report>
				<misses>18933001</misses>
				<total>45</total>
				<timestamp>6241.644050</timestamp>
			</report>
			<report>
				<misses>18934001</misses>
				<total>45</total>
				<timestamp>6241.973685</timestamp>
			</report>
			<report>
				<misses>18935001</misses>
				<total>45</total>
				<timestamp>6242.303407</timestamp>
			</report>
			<report>
				<misses>18936001</misses>
				<total>45</total>
				<timestamp>6242.633062</timestamp>
			</report>
			<report>
				<misses>18937001</misses>
				<total>45</total>
				<timestamp>6242.962684</timestamp>
			</report>
			<report>
				<misses>18938001</misses>
				<total>45</total>
				<timestamp>6243.292411</timestamp>
			</report>
			<report>
				<misses>18939001</misses>
				<total>45</total>
				<timestamp>6243.622080</timestamp>
			</report>
			<report>
				<misses>18940001</misses>
				<total>45</total>
				<timestamp>6243.951698</timestamp>
			</report>
			<report>
				<misses>18941001</misses>
				<total>45</total>
				<timestamp>6244.281405</timestamp>
			</report>
			<report>
				<misses>18942001</misses>
				<total>45</total>
				<timestamp>6244.611096</timestamp>
			</report>
			<report>
				<misses>18943001</misses>
				<total>45</total>
				<timestamp>6244.940715</timestamp>
			</report>
			<report>
				<misses>18944001</misses>
				<total>45</total>
				<timestamp>6245.270389</timestamp>
			</report>
			<report>
				<misses>18945001</misses>
				<total>45</total>
				<timestamp>6245.600106</timestamp>
			</report>
			<report>
				<misses>18946001</misses>
				<total>45</total>
				<timestamp>6245.929738</timestamp>
			</report>
			<report>
				<misses>18947001</misses>
				<total>45</total>
				<timestamp>6246.259409</timestamp>
			</report>
			<report>
				<misses>18948001</misses>
				<total>45</total>
				<timestamp>6246.589097</timestamp>
			</report>
			<report>
				<misses>18949001</misses>
				<total>45</total>
				<timestamp>6246.918749</timestamp>
			</report>
			<report>
				<misses>18950001</misses>
				<total>45</total>
				<timestamp>6247.248463</timestamp>
			</report>
			<report>
				<misses>18951001</misses>
				<total>45</total>
				<timestamp>6247.578091</timestamp>
			</report>
			<report>
				<misses>18952001</misses>
				<total>45</total>
				<timestamp>6247.907740</timestamp>
			</report>
			<report>
				<misses>18953001</misses>
				<total>45</total>
				<timestamp>6248.237446</timestamp>
			</report>
			<report>
				<misses>18954001</misses>
				<total>45</total>
				<timestamp>6248.567124</timestamp>
			</report>
			<report>
				<misses>18955001</misses>
				<total>45</total>
				<timestamp>6248.896811</timestamp>
			</report>
			<report>
				<misses>18956001</misses>
				<total>45</total>
				<timestamp>6249.226465</timestamp>
			</report>
			<report>
				<misses>18957001</misses>
				<total>45</total>
				<timestamp>6249.556162</timestamp>
			</report>
			<report>
				<misses>18958001</misses>
				<total>45</total>
				<timestamp>6249.885761</timestamp>
			</report>
			<report>
				<misses>18959001</misses>
				<total>45</total>
				<timestamp>6250.215436</timestamp>
			</report>
			<report>
				<misses>18960001</misses>
				<total>45</total>
				<timestamp>6250.545139</timestamp>
			</report>
			<report>
				<misses>18961001</misses>
				<total>45</total>
				<timestamp>6250.874793</timestamp>
			</report>
			<report>
				<misses>18962001</misses>
				<total>45</total>
				<timestamp>6251.204453</timestamp>
			</report>
			<report>
				<misses>18963001</misses>
				<total>45</total>
				<timestamp>6251.534124</timestamp>
			</report>
			<report>
				<misses>18964001</misses>
				<total>45</total>
				<timestamp>6251.863780</timestamp>
			</report>
			<report>
				<misses>18965001</misses>
				<total>45</total>
				<timestamp>6252.193461</timestamp>
			</report>
			<report>
				<misses>18966001</misses>
				<total>45</total>
				<timestamp>6252.523159</timestamp>
			</report>
			<report>
				<misses>18967001</misses>
				<total>45</total>
				<timestamp>6252.852809</timestamp>
			</report>
			<report>
				<misses>18968001</misses>
				<total>45</total>
				<timestamp>6253.182522</timestamp>
			</report>
			<report>
				<misses>18969001</misses>
				<total>45</total>
				<timestamp>6253.512146</timestamp>
			</report>
			<report>
				<misses>18970001</misses>
				<total>45</total>
				<timestamp>6253.841800</timestamp>
			</report>
			<report>
				<misses>18971001</misses>
				<total>45</total>
				<timestamp>6254.171469</timestamp>
			</report>
			<report>
				<misses>18972001</misses>
				<total>45</total>
				<timestamp>6254.501234</timestamp>
			</report>
			<report>
				<misses>18973001</misses>
				<total>45</total>
				<timestamp>6254.830814</timestamp>
			</report>
			<report>
				<misses>18974001</misses>
				<total>45</total>
				<timestamp>6255.160492</timestamp>
			</report>
			<report>
				<misses>18975001</misses>
				<total>45</total>
				<timestamp>6255.490151</timestamp>
			</report>
			<report>
				<misses>18976001</misses>
				<total>45</total>
				<timestamp>6255.819828</timestamp>
			</report>
			<report>
				<misses>18977001</misses>
				<total>45</total>
				<timestamp>6256.149498</timestamp>
			</report>
			<report>
				<misses>18978001</misses>
				<total>45</total>
				<timestamp>6256.479218</timestamp>
			</report>
			<report>
				<misses>18979001</misses>
				<total>45</total>
				<timestamp>6256.808833</timestamp>
			</report>
			<report>
				<misses>18980001</misses>
				<total>45</total>
				<timestamp>6257.138512</timestamp>
			</report>
			<report>
				<misses>18981001</misses>
				<total>45</total>
				<timestamp>6257.468278</timestamp>
			</report>
			<report>
				<misses>18982001</misses>
				<total>45</total>
				<timestamp>6257.797856</timestamp>
			</report>
			<report>
				<misses>18983001</misses>
				<total>45</total>
				<timestamp>6258.127513</timestamp>
			</report>
			<report>
				<misses>18984001</misses>
				<total>45</total>
				<timestamp>6258.457204</timestamp>
			</report>
			<report>
				<misses>18985001</misses>
				<total>45</total>
				<timestamp>6258.786858</timestamp>
			</report>
			<report>
				<misses>18986001</misses>
				<total>45</total>
				<timestamp>6259.116534</timestamp>
			</report>
			<report>
				<misses>18987001</misses>
				<total>45</total>
				<timestamp>6259.446291</timestamp>
			</report>
			<report>
				<misses>18988001</misses>
				<total>45</total>
				<timestamp>6259.775890</timestamp>
			</report>
			<report>
				<misses>18989001</misses>
				<total>45</total>
				<timestamp>6260.105545</timestamp>
			</report>
			<report>
				<misses>18990001</misses>
				<total>45</total>
				<timestamp>6260.435256</timestamp>
			</report>
			<report>
				<misses>18991001</misses>
				<total>45</total>
				<timestamp>6260.764882</timestamp>
			</report>
			<report>
				<misses>18992001</misses>
				<total>45</total>
				<timestamp>6261.094549</timestamp>
			</report>
			<report>
				<misses>18993001</misses>
				<total>45</total>
				<timestamp>6261.424266</timestamp>
			</report>
			<report>
				<misses>18994001</misses>
				<total>45</total>
				<timestamp>6261.753884</timestamp>
			</report>
			<report>
				<misses>18995001</misses>
				<total>45</total>
				<timestamp>6262.083597</timestamp>
			</report>
			<report>
				<misses>18996001</misses>
				<total>45</total>
				<timestamp>6262.413253</timestamp>
			</report>
			<report>
				<misses>18997001</misses>
				<total>45</total>
				<timestamp>6262.742946</timestamp>
			</report>
			<report>
				<misses>18998001</misses>
				<total>45</total>
				<timestamp>6263.072565</timestamp>
			</report>
			<report>
				<misses>18999001</misses>
				<total>45</total>
				<timestamp>6263.402273</timestamp>
			</report>
			<report>
				<misses>19000001</misses>
				<total>45</total>
				<timestamp>6263.731944</timestamp>
			</report>
			<report>
				<misses>19001001</misses>
				<total>45</total>
				<timestamp>6264.061591</timestamp>
			</report>
			<report>
				<misses>19002001</misses>
				<total>45</total>
				<timestamp>6264.391291</timestamp>
			</report>
			<report>
				<misses>19003001</misses>
				<total>45</total>
				<timestamp>6264.720972</timestamp>
			</report>
			<report>
				<misses>19004001</misses>
				<total>45</total>
				<timestamp>6265.050601</timestamp>
			</report>
			<report>
				<misses>19005001</misses>
				<total>45</total>
				<timestamp>6265.380328</timestamp>
			</report>
			<report>
				<misses>19006001</misses>
				<total>45</total>
				<timestamp>6265.709951</timestamp>
			</report>
			<report>
				<misses>19007001</misses>
				<total>45</total>
				<timestamp>6266.039612</timestamp>
			</report>
			<report>
				<misses>19008001</misses>
				<total>45</total>
				<timestamp>6266.369303</timestamp>
			</report>
			<report>
				<misses>19009001</misses>
				<total>45</total>
				<timestamp>6266.698984</timestamp>
			</report>
			<report>
				<misses>19010001</misses>
				<total>45</total>
				<timestamp>6267.028607</timestamp>
			</report>
			<report>
				<misses>19011001</misses>
				<total>45</total>
				<timestamp>6267.358309</timestamp>
			</report>
			<report>
				<misses>19012001</misses>
				<total>45</total>
				<timestamp>6267.687963</timestamp>
			</report>
			<report>
				<misses>19013001</misses>
				<total>45</total>
				<timestamp>6268.017625</timestamp>
			</report>
			<report>
				<misses>19014001</misses>
				<total>45</total>
				<timestamp>6268.347323</timestamp>
			</report>
			<report>
				<misses>19015001</misses>
				<total>45</total>
				<timestamp>6268.677108</timestamp>
			</report>
			<report>
				<misses>19016001</misses>
				<total>45</total>
				<timestamp>6269.006617</timestamp>
			</report>
			<report>
				<misses>19017001</misses>
				<total>45</total>
				<timestamp>6269.336306</timestamp>
			</report>
			<report>
				<misses>19018001</misses>
				<total>45</total>
				<timestamp>6269.665981</timestamp>
			</report>
			<report>
				<misses>19019001</misses>
				<total>45</total>
				<timestamp>6269.995626</timestamp>
			</report>
			<report>
				<misses>19020001</misses>
				<total>45</total>
				<timestamp>6270.325305</timestamp>
			</report>
			<report>
				<misses>19021001</misses>
				<total>45</total>
				<timestamp>6270.654981</timestamp>
			</report>
			<report>
				<misses>19022001</misses>
				<total>45</total>
				<timestamp>6270.984643</timestamp>
			</report>
			<report>
				<misses>19023001</misses>
				<total>45</total>
				<timestamp>6271.314314</timestamp>
			</report>
			<report>
				<misses>19024001</misses>
				<total>45</total>
				<timestamp>6271.644016</timestamp>
			</report>
			<report>
				<misses>19025001</misses>
				<total>45</total>
				<timestamp>6271.973659</timestamp>
			</report>
			<report>
				<misses>19026001</misses>
				<total>45</total>
				<timestamp>6272.303329</timestamp>
			</report>
			<report>
				<misses>19027001</misses>
				<total>45</total>
				<timestamp>6272.633010</timestamp>
			</report>
			<report>
				<misses>19028001</misses>
				<total>45</total>
				<timestamp>6272.962673</timestamp>
			</report>
			<report>
				<misses>19029001</misses>
				<total>45</total>
				<timestamp>6273.292339</timestamp>
			</report>
			<report>
				<misses>19030001</misses>
				<total>45</total>
				<timestamp>6273.622012</timestamp>
			</report>
			<report>
				<misses>19031001</misses>
				<total>45</total>
				<timestamp>6273.951679</timestamp>
			</report>
			<report>
				<misses>19032001</misses>
				<total>45</total>
				<timestamp>6274.281362</timestamp>
			</report>
			<report>
				<misses>19033001</misses>
				<total>45</total>
				<timestamp>6274.611037</timestamp>
			</report>
			<report>
				<misses>19034001</misses>
				<total>45</total>
				<timestamp>6274.940685</timestamp>
			</report>
			<report>
				<misses>19035001</misses>
				<total>45</total>
				<timestamp>6275.270362</timestamp>
			</report>
			<report>
				<misses>19036001</misses>
				<total>45</total>
				<timestamp>6275.600037</timestamp>
			</report>
			<report>
				<misses>19037001</misses>
				<total>45</total>
				<timestamp>6275.929702</timestamp>
			</report>
			<report>
				<misses>19038001</misses>
				<total>45</total>
				<timestamp>6276.259371</timestamp>
			</report>
			<report>
				<misses>19039001</misses>
				<total>45</total>
				<timestamp>6276.589047</timestamp>
			</report>
			<report>
				<misses>19040001</misses>
				<total>45</total>
				<timestamp>6276.918715</timestamp>
			</report>
			<report>
				<misses>19041001</misses>
				<total>45</total>
				<timestamp>6277.248388</timestamp>
			</report>
			<report>
				<misses>19042001</misses>
				<total>45</total>
				<timestamp>6277.578129</timestamp>
			</report>
			<report>
				<misses>19043001</misses>
				<total>45</total>
				<timestamp>6277.907729</timestamp>
			</report>
			<report>
				<misses>19044001</misses>
				<total>45</total>
				<timestamp>6278.237440</timestamp>
			</report>
			<report>
				<misses>19045001</misses>
				<total>45</total>
				<timestamp>6278.567094</timestamp>
			</report>
			<report>
				<misses>19046001</misses>
				<total>45</total>
				<timestamp>6278.896746</timestamp>
			</report>
			<report>
				<misses>19047001</misses>
				<total>45</total>
				<timestamp>6279.226409</timestamp>
			</report>
			<report>
				<misses>19048001</misses>
				<total>45</total>
				<timestamp>6279.556087</timestamp>
			</report>
			<report>
				<misses>19049001</misses>
				<total>45</total>
				<timestamp>6279.885741</timestamp>
			</report>
			<report>
				<misses>19050001</misses>
				<total>45</total>
				<timestamp>6280.215401</timestamp>
			</report>
			<report>
				<misses>19051001</misses>
				<total>45</total>
				<timestamp>6280.545080</timestamp>
			</report>
			<report>
				<misses>19052001</misses>
				<total>45</total>
				<timestamp>6280.874748</timestamp>
			</report>
			<report>
				<misses>19053001</misses>
				<total>45</total>
				<timestamp>6281.204409</timestamp>
			</report>
			<report>
				<misses>19054001</misses>
				<total>45</total>
				<timestamp>6281.534135</timestamp>
			</report>
			<report>
				<misses>19055001</misses>
				<total>45</total>
				<timestamp>6281.863804</timestamp>
			</report>
			<report>
				<misses>19056001</misses>
				<total>45</total>
				<timestamp>6282.193457</timestamp>
			</report>
			<report>
				<misses>19057001</misses>
				<total>45</total>
				<timestamp>6282.523110</timestamp>
			</report>
			<report>
				<misses>19058001</misses>
				<total>45</total>
				<timestamp>6282.852767</timestamp>
			</report>
			<report>
				<misses>19059001</misses>
				<total>45</total>
				<timestamp>6283.182431</timestamp>
			</report>
			<report>
				<misses>19060001</misses>
				<total>45</total>
				<timestamp>6283.512112</timestamp>
			</report>
			<report>
				<misses>19061001</misses>
				<total>45</total>
				<timestamp>6283.841799</timestamp>
			</report>
			<report>
				<misses>19062001</misses>
				<total>45</total>
				<timestamp>6284.171464</timestamp>
			</report>
			<report>
				<misses>19063001</misses>
				<total>45</total>
				<timestamp>6284.501142</timestamp>
			</report>
			<report>
				<misses>19064001</misses>
				<total>45</total>
				<timestamp>6284.830796</timestamp>
			</report>
			<report>
				<misses>19065001</misses>
				<total>45</total>
				<timestamp>6285.160462</timestamp>
			</report>
			<report>
				<misses>19066001</misses>
				<total>45</total>
				<timestamp>6285.490157</timestamp>
			</report>
			<report>
				<misses>19067001</misses>
				<total>45</total>
				<timestamp>6285.819820</timestamp>
			</report>
			<report>
				<misses>19068001</misses>
				<total>45</total>
				<timestamp>6286.149488</timestamp>
			</report>
			<report>
				<misses>19069001</misses>
				<total>45</total>
				<timestamp>6286.479169</timestamp>
			</report>
			<report>
				<misses>19070001</misses>
				<total>45</total>
				<timestamp>6286.808860</timestamp>
			</report>
			<report>
				<misses>19071001</misses>
				<total>45</total>
				<timestamp>6287.138477</timestamp>
			</report>
			<report>
				<misses>19072001</misses>
				<total>45</total>
				<timestamp>6287.468161</timestamp>
			</report>
			<report>
				<misses>19073001</misses>
				<total>45</total>
				<timestamp>6287.797824</timestamp>
			</report>
			<report>
				<misses>19074001</misses>
				<total>45</total>
				<timestamp>6288.127497</timestamp>
			</report>
			<report>
				<misses>19075001</misses>
				<total>45</total>
				<timestamp>6288.457191</timestamp>
			</report>
			<report>
				<misses>19076001</misses>
				<total>45</total>
				<timestamp>6288.786822</timestamp>
			</report>
			<report>
				<misses>19077001</misses>
				<total>45</total>
				<timestamp>6289.116508</timestamp>
			</report>
			<report>
				<misses>19078001</misses>
				<total>45</total>
				<timestamp>6289.446195</timestamp>
			</report>
			<report>
				<misses>19079001</misses>
				<total>45</total>
				<timestamp>6289.775842</timestamp>
			</report>
			<report>
				<misses>19080001</misses>
				<total>45</total>
				<timestamp>6290.105496</timestamp>
			</report>
			<report>
				<misses>19081001</misses>
				<total>45</total>
				<timestamp>6290.435229</timestamp>
			</report>
			<report>
				<misses>19082001</misses>
				<total>45</total>
				<timestamp>6290.764856</timestamp>
			</report>
			<report>
				<misses>19083001</misses>
				<total>45</total>
				<timestamp>6291.094515</timestamp>
			</report>
			<report>
				<misses>19084001</misses>
				<total>45</total>
				<timestamp>6291.424208</timestamp>
			</report>
			<report>
				<misses>19085001</misses>
				<total>45</total>
				<timestamp>6291.753867</timestamp>
			</report>
			<report>
				<misses>19086001</misses>
				<total>45</total>
				<timestamp>6292.083598</timestamp>
			</report>
			<report>
				<misses>19087001</misses>
				<total>45</total>
				<timestamp>6292.413213</timestamp>
			</report>
			<report>
				<misses>19088001</misses>
				<total>45</total>
				<timestamp>6292.742917</timestamp>
			</report>
			<report>
				<misses>19089001</misses>
				<total>45</total>
				<timestamp>6293.072527</timestamp>
			</report>
			<report>
				<misses>19090001</misses>
				<total>45</total>
				<timestamp>6293.402201</timestamp>
			</report>
			<report>
				<misses>19091001</misses>
				<total>45</total>
				<timestamp>6293.731930</timestamp>
			</report>
			<report>
				<misses>19092001</misses>
				<total>45</total>
				<timestamp>6294.061554</timestamp>
			</report>
			<report>
				<misses>19093001</misses>
				<total>45</total>
				<timestamp>6294.391247</timestamp>
			</report>
			<report>
				<misses>19094001</misses>
				<total>45</total>
				<timestamp>6294.720916</timestamp>
			</report>
			<report>
				<misses>19095001</misses>
				<total>45</total>
				<timestamp>6295.050546</timestamp>
			</report>
			<report>
				<misses>19096001</misses>
				<total>45</total>
				<timestamp>6295.380226</timestamp>
			</report>
			<report>
				<misses>19097001</misses>
				<total>45</total>
				<timestamp>6295.709917</timestamp>
			</report>
			<report>
				<misses>19098001</misses>
				<total>45</total>
				<timestamp>6296.039576</timestamp>
			</report>
			<report>
				<misses>19099001</misses>
				<total>45</total>
				<timestamp>6296.369266</timestamp>
			</report>
			<report>
				<misses>19100001</misses>
				<total>45</total>
				<timestamp>6296.698932</timestamp>
			</report>
			<report>
				<misses>19101001</misses>
				<total>45</total>
				<timestamp>6297.028585</timestamp>
			</report>
			<report>
				<misses>19102001</misses>
				<total>45</total>
				<timestamp>6297.358271</timestamp>
			</report>
			<report>
				<misses>19103001</misses>
				<total>45</total>
				<timestamp>6297.687932</timestamp>
			</report>
			<report>
				<misses>19104001</misses>
				<total>45</total>
				<timestamp>6298.017596</timestamp>
			</report>
			<report>
				<misses>19105001</misses>
				<total>45</total>
				<timestamp>6298.347269</timestamp>
			</report>
			<report>
				<misses>19106001</misses>
				<total>45</total>
				<timestamp>6298.676929</timestamp>
			</report>
			<report>
				<misses>19107001</misses>
				<total>45</total>
				<timestamp>6299.006606</timestamp>
			</report>
			<report>
				<misses>19108001</misses>
				<total>45</total>
				<timestamp>6299.336281</timestamp>
			</report>
			<report>
				<misses>19109001</misses>
				<total>45</total>
				<timestamp>6299.665943</timestamp>
			</report>
			<report>
				<misses>19110001</misses>
				<total>45</total>
				<timestamp>6299.995600</timestamp>
			</report>
			<report>
				<misses>19111001</misses>
				<total>45</total>
				<timestamp>6300.325289</timestamp>
			</report>
			<report>
				<misses>19112001</misses>
				<total>45</total>
				<timestamp>6300.655006</timestamp>
			</report>
			<report>
				<misses>19113001</misses>
				<total>45</total>
				<timestamp>6300.984635</timestamp>
			</report>
			<report>
				<misses>19114001</misses>
				<total>45</total>
				<timestamp>6301.314288</timestamp>
			</report>
			<report>
				<misses>19115001</misses>
				<total>45</total>
				<timestamp>6301.643980</timestamp>
			</report>
			<report>
				<misses>19116001</misses>
				<total>45</total>
				<timestamp>6301.973634</timestamp>
			</report>
			<report>
				<misses>19117001</misses>
				<total>45</total>
				<timestamp>6302.303307</timestamp>
			</report>
			<report>
				<misses>19118001</misses>
				<total>45</total>
				<timestamp>6302.633053</timestamp>
			</report>
			<report>
				<misses>19119001</misses>
				<total>45</total>
				<timestamp>6302.962646</timestamp>
			</report>
			<report>
				<misses>19120001</misses>
				<total>45</total>
				<timestamp>6303.292318</timestamp>
			</report>
			<report>
				<misses>19121001</misses>
				<total>45</total>
				<timestamp>6303.622056</timestamp>
			</report>
			<report>
				<misses>19122001</misses>
				<total>45</total>
				<timestamp>6303.951665</timestamp>
			</report>
			<report>
				<misses>19123001</misses>
				<total>45</total>
				<timestamp>6304.281312</timestamp>
			</report>
			<report>
				<misses>19124001</misses>
				<total>45</total>
				<timestamp>6304.611016</timestamp>
			</report>
			<report>
				<misses>19125001</misses>
				<total>45</total>
				<timestamp>6304.940749</timestamp>
			</report>
			<report>
				<misses>19126001</misses>
				<total>45</total>
				<timestamp>6305.270326</timestamp>
			</report>
			<report>
				<misses>19127001</misses>
				<total>45</total>
				<timestamp>6305.600048</timestamp>
			</report>
			<report>
				<misses>19128001</misses>
				<total>45</total>
				<timestamp>6305.929674</timestamp>
			</report>
			<report>
				<misses>19129001</misses>
				<total>45</total>
				<timestamp>6306.259345</timestamp>
			</report>
			<report>
				<misses>19130001</misses>
				<total>45</total>
				<timestamp>6306.589009</timestamp>
			</report>
			<report>
				<misses>19131001</misses>
				<total>45</total>
				<timestamp>6306.918690</timestamp>
			</report>
			<report>
				<misses>19132001</misses>
				<total>45</total>
				<timestamp>6307.248341</timestamp>
			</report>
			<report>
				<misses>19133001</misses>
				<total>45</total>
				<timestamp>6307.578077</timestamp>
			</report>
			<report>
				<misses>19134001</misses>
				<total>45</total>
				<timestamp>6307.907689</timestamp>
			</report>
			<report>
				<misses>19135001</misses>
				<total>45</total>
				<timestamp>6308.237356</timestamp>
			</report>
			<report>
				<misses>19136001</misses>
				<total>45</total>
				<timestamp>6308.567043</timestamp>
			</report>
			<report>
				<misses>19137001</misses>
				<total>45</total>
				<timestamp>6308.896715</timestamp>
			</report>
			<report>
				<misses>19138001</misses>
				<total>45</total>
				<timestamp>6309.226361</timestamp>
			</report>
			<report>
				<misses>19139001</misses>
				<total>45</total>
				<timestamp>6309.556080</timestamp>
			</report>
			<report>
				<misses>19140001</misses>
				<total>45</total>
				<timestamp>6309.885714</timestamp>
			</report>
			<report>
				<misses>19141001</misses>
				<total>45</total>
				<timestamp>6310.215370</timestamp>
			</report>
			<report>
				<misses>19142001</misses>
				<total>45</total>
				<timestamp>6310.545139</timestamp>
			</report>
			<report>
				<misses>19143001</misses>
				<total>45</total>
				<timestamp>6310.874737</timestamp>
			</report>
			<report>
				<misses>19144001</misses>
				<total>45</total>
				<timestamp>6311.204437</timestamp>
			</report>
			<report>
				<misses>19145001</misses>
				<total>45</total>
				<timestamp>6311.534084</timestamp>
			</report>
			<report>
				<misses>19146001</misses>
				<total>45</total>
				<timestamp>6311.863737</timestamp>
			</report>
			<report>
				<misses>19147001</misses>
				<total>45</total>
				<timestamp>6312.193393</timestamp>
			</report>
			<report>
				<misses>19148001</misses>
				<total>45</total>
				<timestamp>6312.523105</timestamp>
			</report>
			<report>
				<misses>19149001</misses>
				<total>45</total>
				<timestamp>6312.852787</timestamp>
			</report>
			<report>
				<misses>19150001</misses>
				<total>45</total>
				<timestamp>6313.182419</timestamp>
			</report>
			<report>
				<misses>19151001</misses>
				<total>45</total>
				<timestamp>6313.512129</timestamp>
			</report>
			<report>
				<misses>19152001</misses>
				<total>45</total>
				<timestamp>6313.841818</timestamp>
			</report>
			<report>
				<misses>19153001</misses>
				<total>45</total>
				<timestamp>6314.171421</timestamp>
			</report>
			<report>
				<misses>19154001</misses>
				<total>45</total>
				<timestamp>6314.501130</timestamp>
			</report>
			<report>
				<misses>19155001</misses>
				<total>45</total>
				<timestamp>6314.830758</timestamp>
			</report>
			<report>
				<misses>19156001</misses>
				<total>45</total>
				<timestamp>6315.160443</timestamp>
			</report>
			<report>
				<misses>19157001</misses>
				<total>45</total>
				<timestamp>6315.490143</timestamp>
			</report>
			<report>
				<misses>19158001</misses>
				<total>45</total>
				<timestamp>6315.819808</timestamp>
			</report>
			<report>
				<misses>19159001</misses>
				<total>45</total>
				<timestamp>6316.149429</timestamp>
			</report>
			<report>
				<misses>19160001</misses>
				<total>45</total>
				<timestamp>6316.479154</timestamp>
			</report>
			<report>
				<misses>19161001</misses>
				<total>45</total>
				<timestamp>6316.808790</timestamp>
			</report>
			<report>
				<misses>19162001</misses>
				<total>45</total>
				<timestamp>6317.138458</timestamp>
			</report>
			<report>
				<misses>19163001</misses>
				<total>45</total>
				<timestamp>6317.468174</timestamp>
			</report>
			<report>
				<misses>19164001</misses>
				<total>45</total>
				<timestamp>6317.797789</timestamp>
			</report>
			<report>
				<misses>19165001</misses>
				<total>45</total>
				<timestamp>6318.127455</timestamp>
			</report>
			<report>
				<misses>19166001</misses>
				<total>45</total>
				<timestamp>6318.457131</timestamp>
			</report>
			<report>
				<misses>19167001</misses>
				<total>45</total>
				<timestamp>6318.786815</timestamp>
			</report>
			<report>
				<misses>19168001</misses>
				<total>45</total>
				<timestamp>6319.116506</timestamp>
			</report>
			<report>
				<misses>19169001</misses>
				<total>45</total>
				<timestamp>6319.446158</timestamp>
			</report>
			<report>
				<misses>19170001</misses>
				<total>45</total>
				<timestamp>6319.775831</timestamp>
			</report>
			<report>
				<misses>19171001</misses>
				<total>45</total>
				<timestamp>6320.105506</timestamp>
			</report>
			<report>
				<misses>19172001</misses>
				<total>45</total>
				<timestamp>6320.435158</timestamp>
			</report>
			<report>
				<misses>19173001</misses>
				<total>45</total>
				<timestamp>6320.764818</timestamp>
			</report>
			<report>
				<misses>19174001</misses>
				<total>45</total>
				<timestamp>6321.094486</timestamp>
			</report>
			<report>
				<misses>19175001</misses>
				<total>45</total>
				<timestamp>6321.424158</timestamp>
			</report>
			<report>
				<misses>19176001</misses>
				<total>46</total>
				<timestamp>6321.753834</timestamp>
			</report>
			<report>
				<misses>19177001</misses>
				<total>46</total>
				<timestamp>6322.083502</timestamp>
			</report>
			<report>
				<misses>19178001</misses>
				<total>46</total>
				<timestamp>6322.413170</timestamp>
			</report>
			<report>
				<misses>19179001</misses>
				<total>46</total>
				<timestamp>6322.742848</timestamp>
			</report>
			<report>
				<misses>19180001</misses>
				<total>46</total>
				<timestamp>6323.072582</timestamp>
			</report>
			<report>
				<misses>19181001</misses>
				<total>46</total>
				<timestamp>6323.402182</timestamp>
			</report>
			<report>
				<misses>19182001</misses>
				<total>46</total>
				<timestamp>6323.731843</timestamp>
			</report>
			<report>
				<misses>19183001</misses>
				<total>46</total>
				<timestamp>6324.061591</timestamp>
			</report>
			<report>
				<misses>19184001</misses>
				<total>46</total>
				<timestamp>6324.391188</timestamp>
			</report>
			<report>
				<misses>19185001</misses>
				<total>46</total>
				<timestamp>6324.720855</timestamp>
			</report>
			<report>
				<misses>19186001</misses>
				<total>46</total>
				<timestamp>6325.050566</timestamp>
			</report>
			<report>
				<misses>19187001</misses>
				<total>46</total>
				<timestamp>6325.380210</timestamp>
			</report>
			<report>
				<misses>19188001</misses>
				<total>46</total>
				<timestamp>6325.709917</timestamp>
			</report>
			<report>
				<misses>19189001</misses>
				<total>46</total>
				<timestamp>6326.039545</timestamp>
			</report>
			<report>
				<misses>19190001</misses>
				<total>46</total>
				<timestamp>6326.369214</timestamp>
			</report>
			<report>
				<misses>19191001</misses>
				<total>46</total>
				<timestamp>6326.698934</timestamp>
			</report>
			<report>
				<misses>19192001</misses>
				<total>46</total>
				<timestamp>6327.028570</timestamp>
			</report>
			<report>
				<misses>19193001</misses>
				<total>46</total>
				<timestamp>6327.358218</timestamp>
			</report>
			<report>
				<misses>19194001</misses>
				<total>46</total>
				<timestamp>6327.687905</timestamp>
			</report>
			<report>
				<misses>19195001</misses>
				<total>46</total>
				<timestamp>6328.017570</timestamp>
			</report>
			<report>
				<misses>19196001</misses>
				<total>46</total>
				<timestamp>6328.347229</timestamp>
			</report>
			<report>
				<misses>19197001</misses>
				<total>46</total>
				<timestamp>6328.676920</timestamp>
			</report>
			<report>
				<misses>19198001</misses>
				<total>46</total>
				<timestamp>6329.006565</timestamp>
			</report>
			<report>
				<misses>19199001</misses>
				<total>46</total>
				<timestamp>6329.336232</timestamp>
			</report>
			<report>
				<misses>19200001</misses>
				<total>46</total>
				<timestamp>6329.665909</timestamp>
			</report>
			<report>
				<misses>19201001</misses>
				<total>46</total>
				<timestamp>6329.995576</timestamp>
			</report>
			<report>
				<misses>19202001</misses>
				<total>46</total>
				<timestamp>6330.325255</timestamp>
			</report>
			<report>
				<misses>19203001</misses>
				<total>46</total>
				<timestamp>6330.654944</timestamp>
			</report>
			<report>
				<misses>19204001</misses>
				<total>46</total>
				<timestamp>6330.984709</timestamp>
			</report>
			<report>
				<misses>19205001</misses>
				<total>46</total>
				<timestamp>6331.314260</timestamp>
			</report>
			<report>
				<misses>19206001</misses>
				<total>46</total>
				<timestamp>6331.643939</timestamp>
			</report>
			<report>
				<misses>19207001</misses>
				<total>46</total>
				<timestamp>6331.973617</timestamp>
			</report>
			<report>
				<misses>19208001</misses>
				<total>46</total>
				<timestamp>6332.303270</timestamp>
			</report>
			<report>
				<misses>19209001</misses>
				<total>46</total>
				<timestamp>6332.632971</timestamp>
			</report>
			<report>
				<misses>19210001</misses>
				<total>46</total>
				<timestamp>6332.962654</timestamp>
			</report>
			<report>
				<misses>19211001</misses>
				<total>46</total>
				<timestamp>6333.292289</timestamp>
			</report>
			<report>
				<misses>19212001</misses>
				<total>46</total>
				<timestamp>6333.621980</timestamp>
			</report>
			<report>
				<misses>19213001</misses>
				<total>46</total>
				<timestamp>6333.951641</timestamp>
			</report>
			<report>
				<misses>19214001</misses>
				<total>46</total>
				<timestamp>6334.281270</timestamp>
			</report>
			<report>
				<misses>19215001</misses>
				<total>46</total>
				<timestamp>6334.611024</timestamp>
			</report>
			<report>
				<misses>19216001</misses>
				<total>46</total>
				<timestamp>6334.940664</timestamp>
			</report>
			<report>
				<misses>19217001</misses>
				<total>46</total>
				<timestamp>6335.270296</timestamp>
			</report>
			<report>
				<misses>19218001</misses>
				<total>46</total>
				<timestamp>6335.599990</timestamp>
			</report>
			<report>
				<misses>19219001</misses>
				<total>46</total>
				<timestamp>6335.929646</timestamp>
			</report>
			<report>
				<misses>19220001</misses>
				<total>46</total>
				<timestamp>6336.259307</timestamp>
			</report>
			<report>
				<misses>19221001</misses>
				<total>46</total>
				<timestamp>6336.589013</timestamp>
			</report>
			<report>
				<misses>19222001</misses>
				<total>46</total>
				<timestamp>6336.918673</timestamp>
			</report>
			<report>
				<misses>19223001</misses>
				<total>46</total>
				<timestamp>6337.248309</timestamp>
			</report>
			<report>
				<misses>19224001</misses>
				<total>46</total>
				<timestamp>6337.577999</timestamp>
			</report>
			<report>
				<misses>19225001</misses>
				<total>46</total>
				<timestamp>6337.907668</timestamp>
			</report>
			<report>
				<misses>19226001</misses>
				<total>46</total>
				<timestamp>6338.237338</timestamp>
			</report>
			<report>
				<misses>19227001</misses>
				<total>46</total>
				<timestamp>6338.566992</timestamp>
			</report>
			<report>
				<misses>19228001</misses>
				<total>46</total>
				<timestamp>6338.896672</timestamp>
			</report>
			<report>
				<misses>19229001</misses>
				<total>46</total>
				<timestamp>6339.226326</timestamp>
			</report>
			<report>
				<misses>19230001</misses>
				<total>46</total>
				<timestamp>6339.556022</timestamp>
			</report>
			<report>
				<misses>19231001</misses>
				<total>46</total>
				<timestamp>6339.885680</timestamp>
			</report>
			<report>
				<misses>19232001</misses>
				<total>46</total>
				<timestamp>6340.215350</timestamp>
			</report>
			<report>
				<misses>19233001</misses>
				<total>46</total>
				<timestamp>6340.545015</timestamp>
			</report>
			<report>
				<misses>19234001</misses>
				<total>46</total>
				<timestamp>6340.874689</timestamp>
			</report>
			<report>
				<misses>19235001</misses>
				<total>46</total>
				<timestamp>6341.204364</timestamp>
			</report>
			<report>
				<misses>19236001</misses>
				<total>46</total>
				<timestamp>6341.534030</timestamp>
			</report>
			<report>
				<misses>19237001</misses>
				<total>46</total>
				<timestamp>6341.863696</timestamp>
			</report>
			<report>
				<misses>19238001</misses>
				<total>46</total>
				<timestamp>6342.193376</timestamp>
			</report>
			<report>
				<misses>19239001</misses>
				<total>46</total>
				<timestamp>6342.523096</timestamp>
			</report>
			<report>
				<misses>19240001</misses>
				<total>46</total>
				<timestamp>6342.852825</timestamp>
			</report>
			<report>
				<misses>19241001</misses>
				<total>46</total>
				<timestamp>6343.182401</timestamp>
			</report>
			<report>
				<misses>19242001</misses>
				<total>46</total>
				<timestamp>6343.512045</timestamp>
			</report>
			<report>
				<misses>19243001</misses>
				<total>46</total>
				<timestamp>6343.841733</timestamp>
			</report>
			<report>
				<misses>19244001</misses>
				<total>46</total>
				<timestamp>6344.171401</timestamp>
			</report>
			<report>
				<misses>19245001</misses>
				<total>46</total>
				<timestamp>6344.501053</timestamp>
			</report>
			<report>
				<misses>19246001</misses>
				<total>46</total>
				<timestamp>6344.830737</timestamp>
			</report>
			<report>
				<misses>19247001</misses>
				<total>46</total>
				<timestamp>6345.160471</timestamp>
			</report>
			<report>
				<misses>19248001</misses>
				<total>46</total>
				<timestamp>6345.490078</timestamp>
			</report>
			<report>
				<misses>19249001</misses>
				<total>46</total>
				<timestamp>6345.819758</timestamp>
			</report>
			<report>
				<misses>19250001</misses>
				<total>46</total>
				<timestamp>6346.149417</timestamp>
			</report>
			<report>
				<misses>19251001</misses>
				<total>46</total>
				<timestamp>6346.479092</timestamp>
			</report>
			<report>
				<misses>19252001</misses>
				<total>46</total>
				<timestamp>6346.808794</timestamp>
			</report>
			<report>
				<misses>19253001</misses>
				<total>46</total>
				<timestamp>6347.138481</timestamp>
			</report>
			<report>
				<misses>19254001</misses>
				<total>46</total>
				<timestamp>6347.468106</timestamp>
			</report>
			<report>
				<misses>19255001</misses>
				<total>46</total>
				<timestamp>6347.797806</timestamp>
			</report>
			<report>
				<misses>19256001</misses>
				<total>46</total>
				<timestamp>6348.127467</timestamp>
			</report>
			<report>
				<misses>19257001</misses>
				<total>46</total>
				<timestamp>6348.457147</timestamp>
			</report>
			<report>
				<misses>19258001</misses>
				<total>46</total>
				<timestamp>6348.786833</timestamp>
			</report>
			<report>
				<misses>19259001</misses>
				<total>46</total>
				<timestamp>6349.116466</timestamp>
			</report>
			<report>
				<misses>19260001</misses>
				<total>46</total>
				<timestamp>6349.446132</timestamp>
			</report>
			<report>
				<misses>19261001</misses>
				<total>46</total>
				<timestamp>6349.775816</timestamp>
			</report>
			<report>
				<misses>19262001</misses>
				<total>46</total>
				<timestamp>6350.105456</timestamp>
			</report>
			<report>
				<misses>19263001</misses>
				<total>46</total>
				<timestamp>6350.435105</timestamp>
			</report>
			<report>
				<misses>19264001</misses>
				<total>46</total>
				<timestamp>6350.764827</timestamp>
			</report>
			<report>
				<misses>19265001</misses>
				<total>46</total>
				<timestamp>6351.094464</timestamp>
			</report>
			<report>
				<misses>19266001</misses>
				<total>46</total>
				<timestamp>6351.424147</timestamp>
			</report>
			<report>
				<misses>19267001</misses>
				<total>46</total>
				<timestamp>6351.753807</timestamp>
			</report>
			<report>
				<misses>19268001</misses>
				<total>46</total>
				<timestamp>6352.083480</timestamp>
			</report>
			<report>
				<misses>19269001</misses>
				<total>46</total>
				<timestamp>6352.413141</timestamp>
			</report>
			<report>
				<misses>19270001</misses>
				<total>46</total>
				<timestamp>6352.742894</timestamp>
			</report>
			<report>
				<misses>19271001</misses>
				<total>46</total>
				<timestamp>6353.072487</timestamp>
			</report>
			<report>
				<misses>19272001</misses>
				<total>46</total>
				<timestamp>6353.402167</timestamp>
			</report>
			<report>
				<misses>19273001</misses>
				<total>46</total>
				<timestamp>6353.731864</timestamp>
			</report>
			<report>
				<misses>19274001</misses>
				<total>46</total>
				<timestamp>6354.061528</timestamp>
			</report>
			<report>
				<misses>19275001</misses>
				<total>46</total>
				<timestamp>6354.391225</timestamp>
			</report>
			<report>
				<misses>19276001</misses>
				<total>46</total>
				<timestamp>6354.720859</timestamp>
			</report>
			<report>
				<misses>19277001</misses>
				<total>46</total>
				<timestamp>6355.050502</timestamp>
			</report>
			<report>
				<misses>19278001</misses>
				<total>46</total>
				<timestamp>6355.380180</timestamp>
			</report>
			<report>
				<misses>19279001</misses>
				<total>46</total>
				<timestamp>6355.709851</timestamp>
			</report>
			<report>
				<misses>19280001</misses>
				<total>46</total>
				<timestamp>6356.039528</timestamp>
			</report>
			<report>
				<misses>19281001</misses>
				<total>46</total>
				<timestamp>6356.369182</timestamp>
			</report>
			<report>
				<misses>19282001</misses>
				<total>46</total>
				<timestamp>6356.698905</timestamp>
			</report>
			<report>
				<misses>19283001</misses>
				<total>46</total>
				<timestamp>6357.028540</timestamp>
			</report>
			<report>
				<misses>19284001</misses>
				<total>46</total>
				<timestamp>6357.358183</timestamp>
			</report>
			<report>
				<misses>19285001</misses>
				<total>46</total>
				<timestamp>6357.687936</timestamp>
			</report>
			<report>
				<misses>19286001</misses>
				<total>46</total>
				<timestamp>6358.017529</timestamp>
			</report>
			<report>
				<misses>19287001</misses>
				<total>46</total>
				<timestamp>6358.347186</timestamp>
			</report>
			<report>
				<misses>19288001</misses>
				<total>46</total>
				<timestamp>6358.676898</timestamp>
			</report>
			<report>
				<misses>19289001</misses>
				<total>46</total>
				<timestamp>6359.006531</timestamp>
			</report>
			<report>
				<misses>19290001</misses>
				<total>46</total>
				<timestamp>6359.336204</timestamp>
			</report>
			<report>
				<misses>19291001</misses>
				<total>46</total>
				<timestamp>6359.665936</timestamp>
			</report>
			<report>
				<misses>19292001</misses>
				<total>46</total>
				<timestamp>6359.995552</timestamp>
			</report>
			<report>
				<misses>19293001</misses>
				<total>46</total>
				<timestamp>6360.325230</timestamp>
			</report>
			<report>
				<misses>19294001</misses>
				<total>46</total>
				<timestamp>6360.654919</timestamp>
			</report>
			<report>
				<misses>19295001</misses>
				<total>46</total>
				<timestamp>6360.984560</timestamp>
			</report>
			<report>
				<misses>19296001</misses>
				<total>46</total>
				<timestamp>6361.314226</timestamp>
			</report>
			<report>
				<misses>19297001</misses>
				<total>46</total>
				<timestamp>6361.643911</timestamp>
			</report>
			<report>
				<misses>19298001</misses>
				<total>46</total>
				<timestamp>6361.973579</timestamp>
			</report>
			<report>
				<misses>19299001</misses>
				<total>46</total>
				<timestamp>6362.303250</timestamp>
			</report>
			<report>
				<misses>19300001</misses>
				<total>46</total>
				<timestamp>6362.632938</timestamp>
			</report>
			<report>
				<misses>19301001</misses>
				<total>46</total>
				<timestamp>6362.962598</timestamp>
			</report>
			<report>
				<misses>19302001</misses>
				<total>46</total>
				<timestamp>6363.292257</timestamp>
			</report>
			<report>
				<misses>19303001</misses>
				<total>46</total>
				<timestamp>6363.621918</timestamp>
			</report>
			<report>
				<misses>19304001</misses>
				<total>46</total>
				<timestamp>6363.951588</timestamp>
			</report>
			<report>
				<misses>19305001</misses>
				<total>46</total>
				<timestamp>6364.281256</timestamp>
			</report>
			<report>
				<misses>19306001</misses>
				<total>46</total>
				<timestamp>6364.610941</timestamp>
			</report>
			<report>
				<misses>19307001</misses>
				<total>46</total>
				<timestamp>6364.940595</timestamp>
			</report>
			<report>
				<misses>19308001</misses>
				<total>46</total>
				<timestamp>6365.270258</timestamp>
			</report>
			<report>
				<misses>19309001</misses>
				<total>46</total>
				<timestamp>6365.599947</timestamp>
			</report>
			<report>
				<misses>19310001</misses>
				<total>46</total>
				<timestamp>6365.929608</timestamp>
			</report>
			<report>
				<misses>19311001</misses>
				<total>46</total>
				<timestamp>6366.259313</timestamp>
			</report>
			<report>
				<misses>19312001</misses>
				<total>46</total>
				<timestamp>6366.588937</timestamp>
			</report>
			<report>
				<misses>19313001</misses>
				<total>46</total>
				<timestamp>6366.918637</timestamp>
			</report>
			<report>
				<misses>19314001</misses>
				<total>46</total>
				<timestamp>6367.248328</timestamp>
			</report>
			<report>
				<misses>19315001</misses>
				<total>46</total>
				<timestamp>6367.577946</timestamp>
			</report>
			<report>
				<misses>19316001</misses>
				<total>46</total>
				<timestamp>6367.907631</timestamp>
			</report>
			<report>
				<misses>19317001</misses>
				<total>46</total>
				<timestamp>6368.237317</timestamp>
			</report>
			<report>
				<misses>19318001</misses>
				<total>46</total>
				<timestamp>6368.566989</timestamp>
			</report>
			<report>
				<misses>19319001</misses>
				<total>46</total>
				<timestamp>6368.896632</timestamp>
			</report>
			<report>
				<misses>19320001</misses>
				<total>46</total>
				<timestamp>6369.226343</timestamp>
			</report>
			<report>
				<misses>19321001</misses>
				<total>46</total>
				<timestamp>6369.555970</timestamp>
			</report>
			<report>
				<misses>19322001</misses>
				<total>46</total>
				<timestamp>6369.885710</timestamp>
			</report>
			<report>
				<misses>19323001</misses>
				<total>46</total>
				<timestamp>6370.215314</timestamp>
			</report>
			<report>
				<misses>19324001</misses>
				<total>46</total>
				<timestamp>6370.544999</timestamp>
			</report>
			<report>
				<misses>19325001</misses>
				<total>46</total>
				<timestamp>6370.874711</timestamp>
			</report>
			<report>
				<misses>19326001</misses>
				<total>46</total>
				<timestamp>6371.204347</timestamp>
			</report>
			<report>
				<misses>19327001</misses>
				<total>46</total>
				<timestamp>6371.534020</timestamp>
			</report>
			<report>
				<misses>19328001</misses>
				<total>46</total>
				<timestamp>6371.863714</timestamp>
			</report>
			<report>
				<misses>19329001</misses>
				<total>46</total>
				<timestamp>6372.193350</timestamp>
			</report>
			<report>
				<misses>19330001</misses>
				<total>46</total>
				<timestamp>6372.523015</timestamp>
			</report>
			<report>
				<misses>19331001</misses>
				<total>46</total>
				<timestamp>6372.852706</timestamp>
			</report>
			<report>
				<misses>19332001</misses>
				<total>46</total>
				<timestamp>6373.182347</timestamp>
			</report>
			<report>
				<misses>19333001</misses>
				<total>46</total>
				<timestamp>6373.512010</timestamp>
			</report>
			<report>
				<misses>19334001</misses>
				<total>46</total>
				<timestamp>6373.841714</timestamp>
			</report>
			<report>
				<misses>19335001</misses>
				<total>46</total>
				<timestamp>6374.171380</timestamp>
			</report>
			<report>
				<misses>19336001</misses>
				<total>46</total>
				<timestamp>6374.501019</timestamp>
			</report>
			<report>
				<misses>19337001</misses>
				<total>46</total>
				<timestamp>6374.830720</timestamp>
			</report>
			<report>
				<misses>19338001</misses>
				<total>46</total>
				<timestamp>6375.160407</timestamp>
			</report>
			<report>
				<misses>19339001</misses>
				<total>46</total>
				<timestamp>6375.490056</timestamp>
			</report>
			<report>
				<misses>19340001</misses>
				<total>46</total>
				<timestamp>6375.819764</timestamp>
			</report>
			<report>
				<misses>19341001</misses>
				<total>46</total>
				<timestamp>6376.149414</timestamp>
			</report>
			<report>
				<misses>19342001</misses>
				<total>46</total>
				<timestamp>6376.479063</timestamp>
			</report>
			<report>
				<misses>19343001</misses>
				<total>46</total>
				<timestamp>6376.808771</timestamp>
			</report>
			<report>
				<misses>19344001</misses>
				<total>46</total>
				<timestamp>6377.138424</timestamp>
			</report>
			<report>
				<misses>19345001</misses>
				<total>46</total>
				<timestamp>6377.468057</timestamp>
			</report>
			<report>
				<misses>19346001</misses>
				<total>46</total>
				<timestamp>6377.797751</timestamp>
			</report>
			<report>
				<misses>19347001</misses>
				<total>46</total>
				<timestamp>6378.127389</timestamp>
			</report>
			<report>
				<misses>19348001</misses>
				<total>46</total>
				<timestamp>6378.457064</timestamp>
			</report>
			<report>
				<misses>19349001</misses>
				<total>46</total>
				<timestamp>6378.786793</timestamp>
			</report>
			<report>
				<misses>19350001</misses>
				<total>46</total>
				<timestamp>6379.116416</timestamp>
			</report>
			<report>
				<misses>19351001</misses>
				<total>46</total>
				<timestamp>6379.446080</timestamp>
			</report>
			<report>
				<misses>19352001</misses>
				<total>46</total>
				<timestamp>6379.775801</timestamp>
			</report>
			<report>
				<misses>19353001</misses>
				<total>46</total>
				<timestamp>6380.105437</timestamp>
			</report>
			<report>
				<misses>19354001</misses>
				<total>46</total>
				<timestamp>6380.435099</timestamp>
			</report>
			<report>
				<misses>19355001</misses>
				<total>46</total>
				<timestamp>6380.764788</timestamp>
			</report>
			<report>
				<misses>19356001</misses>
				<total>46</total>
				<timestamp>6381.094420</timestamp>
			</report>
			<report>
				<misses>19357001</misses>
				<total>46</total>
				<timestamp>6381.424146</timestamp>
			</report>
			<report>
				<misses>19358001</misses>
				<total>46</total>
				<timestamp>6381.753794</timestamp>
			</report>
			<report>
				<misses>19359001</misses>
				<total>46</total>
				<timestamp>6382.083450</timestamp>
			</report>
			<report>
				<misses>19360001</misses>
				<total>46</total>
				<timestamp>6382.413121</timestamp>
			</report>
			<report>
				<misses>19361001</misses>
				<total>46</total>
				<timestamp>6382.742773</timestamp>
			</report>
			<report>
				<misses>19362001</misses>
				<total>46</total>
				<timestamp>6383.072453</timestamp>
			</report>
			<report>
				<misses>19363001</misses>
				<total>46</total>
				<timestamp>6383.402155</timestamp>
			</report>
			<report>
				<misses>19364001</misses>
				<total>46</total>
				<timestamp>6383.731856</timestamp>
			</report>
			<report>
				<misses>19365001</misses>
				<total>46</total>
				<timestamp>6384.061452</timestamp>
			</report>
			<report>
				<misses>19366001</misses>
				<total>46</total>
				<timestamp>6384.391156</timestamp>
			</report>
			<report>
				<misses>19367001</misses>
				<total>46</total>
				<timestamp>6384.720798</timestamp>
			</report>
			<report>
				<misses>19368001</misses>
				<total>46</total>
				<timestamp>6385.050473</timestamp>
			</report>
			<report>
				<misses>19369001</misses>
				<total>46</total>
				<timestamp>6385.380174</timestamp>
			</report>
			<report>
				<misses>19370001</misses>
				<total>46</total>
				<timestamp>6385.709818</timestamp>
			</report>
			<report>
				<misses>19371001</misses>
				<total>46</total>
				<timestamp>6386.039499</timestamp>
			</report>
			<report>
				<misses>19372001</misses>
				<total>46</total>
				<timestamp>6386.369183</timestamp>
			</report>
			<report>
				<misses>19373001</misses>
				<total>46</total>
				<timestamp>6386.698847</timestamp>
			</report>
			<report>
				<misses>19374001</misses>
				<total>46</total>
				<timestamp>6387.028486</timestamp>
			</report>
			<report>
				<misses>19375001</misses>
				<total>46</total>
				<timestamp>6387.358204</timestamp>
			</report>
			<report>
				<misses>19376001</misses>
				<total>46</total>
				<timestamp>6387.687827</timestamp>
			</report>
			<report>
				<misses>19377001</misses>
				<total>46</total>
				<timestamp>6388.017500</timestamp>
			</report>
			<report>
				<misses>19378001</misses>
				<total>46</total>
				<timestamp>6388.347211</timestamp>
			</report>
			<report>
				<misses>19379001</misses>
				<total>46</total>
				<timestamp>6388.676842</timestamp>
			</report>
			<report>
				<misses>19380001</misses>
				<total>46</total>
				<timestamp>6389.006511</timestamp>
			</report>
			<report>
				<misses>19381001</misses>
				<total>46</total>
				<timestamp>6389.336217</timestamp>
			</report>
			<report>
				<misses>19382001</misses>
				<total>46</total>
				<timestamp>6389.665864</timestamp>
			</report>
			<report>
				<misses>19383001</misses>
				<total>46</total>
				<timestamp>6389.995542</timestamp>
			</report>
			<report>
				<misses>19384001</misses>
				<total>46</total>
				<timestamp>6390.325185</timestamp>
			</report>
			<report>
				<misses>19385001</misses>
				<total>46</total>
				<timestamp>6390.654876</timestamp>
			</report>
			<report>
				<misses>19386001</misses>
				<total>46</total>
				<timestamp>6390.984597</timestamp>
			</report>
			<report>
				<misses>19387001</misses>
				<total>46</total>
				<timestamp>6391.314218</timestamp>
			</report>
			<report>
				<misses>19388001</misses>
				<total>46</total>
				<timestamp>6391.643869</timestamp>
			</report>
			<report>
				<misses>19389001</misses>
				<total>46</total>
				<timestamp>6391.973582</timestamp>
			</report>
			<report>
				<misses>19390001</misses>
				<total>46</total>
				<timestamp>6392.303205</timestamp>
			</report>
			<report>
				<misses>19391001</misses>
				<total>46</total>
				<timestamp>6392.632880</timestamp>
			</report>
			<report>
				<misses>19392001</misses>
				<total>46</total>
				<timestamp>6392.962545</timestamp>
			</report>
			<report>
				<misses>19393001</misses>
				<total>46</total>
				<timestamp>6393.292237</timestamp>
			</report>
			<report>
				<misses>19394001</misses>
				<total>46</total>
				<timestamp>6393.621913</timestamp>
			</report>
			<report>
				<misses>19395001</misses>
				<total>46</total>
				<timestamp>6393.951622</timestamp>
			</report>
			<report>
				<misses>19396001</misses>
				<total>46</total>
				<timestamp>6394.281249</timestamp>
			</report>
			<report>
				<misses>19397001</misses>
				<total>46</total>
				<timestamp>6394.610937</timestamp>
			</report>
			<report>
				<misses>19398001</misses>
				<total>46</total>
				<timestamp>6394.940639</timestamp>
			</report>
			<report>
				<misses>19399001</misses>
				<total>46</total>
				<timestamp>6395.270251</timestamp>
			</report>
			<report>
				<misses>19400001</misses>
				<total>46</total>
				<timestamp>6395.599900</timestamp>
			</report>
			<report>
				<misses>19401001</misses>
				<total>46</total>
				<timestamp>6395.929573</timestamp>
			</report>
			<report>
				<misses>19402001</misses>
				<total>46</total>
				<timestamp>6396.259278</timestamp>
			</report>
			<report>
				<misses>19403001</misses>
				<total>46</total>
				<timestamp>6396.588948</timestamp>
			</report>
			<report>
				<misses>19404001</misses>
				<total>46</total>
				<timestamp>6396.918639</timestamp>
			</report>
			<report>
				<misses>19405001</misses>
				<total>46</total>
				<timestamp>6397.248258</timestamp>
			</report>
			<report>
				<misses>19406001</misses>
				<total>46</total>
				<timestamp>6397.577935</timestamp>
			</report>
			<report>
				<misses>19407001</misses>
				<total>46</total>
				<timestamp>6397.907636</timestamp>
			</report>
			<report>
				<misses>19408001</misses>
				<total>46</total>
				<timestamp>6398.237266</timestamp>
			</report>
			<report>
				<misses>19409001</misses>
				<total>46</total>
				<timestamp>6398.566937</timestamp>
			</report>
			<report>
				<misses>19410001</misses>
				<total>46</total>
				<timestamp>6398.896624</timestamp>
			</report>
			<report>
				<misses>19411001</misses>
				<total>46</total>
				<timestamp>6399.226296</timestamp>
			</report>
			<report>
				<misses>19412001</misses>
				<total>46</total>
				<timestamp>6399.555947</timestamp>
			</report>
			<report>
				<misses>19413001</misses>
				<total>46</total>
				<timestamp>6399.885680</timestamp>
			</report>
			<report>
				<misses>19414001</misses>
				<total>46</total>
				<timestamp>6400.215298</timestamp>
			</report>
			<report>
				<misses>19415001</misses>
				<total>46</total>
				<timestamp>6400.544960</timestamp>
			</report>
			<report>
				<misses>19416001</misses>
				<total>46</total>
				<timestamp>6400.874741</timestamp>
			</report>
			<report>
				<misses>19417001</misses>
				<total>46</total>
				<timestamp>6401.204300</timestamp>
			</report>
			<report>
				<misses>19418001</misses>
				<total>46</total>
				<timestamp>6401.533976</timestamp>
			</report>
			<report>
				<misses>19419001</misses>
				<total>46</total>
				<timestamp>6401.863673</timestamp>
			</report>
			<report>
				<misses>19420001</misses>
				<total>46</total>
				<timestamp>6402.193299</timestamp>
			</report>
			<report>
				<misses>19421001</misses>
				<total>46</total>
				<timestamp>6402.522971</timestamp>
			</report>
			<report>
				<misses>19422001</misses>
				<total>46</total>
				<timestamp>6402.852683</timestamp>
			</report>
			<report>
				<misses>19423001</misses>
				<total>46</total>
				<timestamp>6403.182326</timestamp>
			</report>
			<report>
				<misses>19424001</misses>
				<total>46</total>
				<timestamp>6403.511994</timestamp>
			</report>
			<report>
				<misses>19425001</misses>
				<total>46</total>
				<timestamp>6403.841696</timestamp>
			</report>
			<report>
				<misses>19426001</misses>
				<total>46</total>
				<timestamp>6404.171345</timestamp>
			</report>
			<report>
				<misses>19427001</misses>
				<total>46</total>
				<timestamp>6404.501004</timestamp>
			</report>
			<report>
				<misses>19428001</misses>
				<total>46</total>
				<timestamp>6404.830695</timestamp>
			</report>
			<report>
				<misses>19429001</misses>
				<total>46</total>
				<timestamp>6405.160342</timestamp>
			</report>
			<report>
				<misses>19430001</misses>
				<total>46</total>
				<timestamp>6405.490046</timestamp>
			</report>
			<report>
				<misses>19431001</misses>
				<total>46</total>
				<timestamp>6405.819694</timestamp>
			</report>
			<report>
				<misses>19432001</misses>
				<total>46</total>
				<timestamp>6406.149348</timestamp>
			</report>
			<report>
				<misses>19433001</misses>
				<total>46</total>
				<timestamp>6406.479058</timestamp>
			</report>
			<report>
				<misses>19434001</misses>
				<total>46</total>
				<timestamp>6406.808686</timestamp>
			</report>
			<report>
				<misses>19435001</misses>
				<total>46</total>
				<timestamp>6407.138361</timestamp>
			</report>
			<report>
				<misses>19436001</misses>
				<total>46</total>
				<timestamp>6407.468064</timestamp>
			</report>
			<report>
				<misses>19437001</misses>
				<total>46</total>
				<timestamp>6407.797736</timestamp>
			</report>
			<report>
				<misses>19438001</misses>
				<total>46</total>
				<timestamp>6408.127362</timestamp>
			</report>
			<report>
				<misses>19439001</misses>
				<total>46</total>
				<timestamp>6408.457096</timestamp>
			</report>
			<report>
				<misses>19440001</misses>
				<total>46</total>
				<timestamp>6408.786729</timestamp>
			</report>
			<report>
				<misses>19441001</misses>
				<total>46</total>
				<timestamp>6409.116399</timestamp>
			</report>
			<report>
				<misses>19442001</misses>
				<total>46</total>
				<timestamp>6409.446066</timestamp>
			</report>
			<report>
				<misses>19443001</misses>
				<total>46</total>
				<timestamp>6409.775717</timestamp>
			</report>
			<report>
				<misses>19444001</misses>
				<total>46</total>
				<timestamp>6410.105384</timestamp>
			</report>
			<report>
				<misses>19445001</misses>
				<total>46</total>
				<timestamp>6410.435060</timestamp>
			</report>
			<report>
				<misses>19446001</misses>
				<total>46</total>
				<timestamp>6410.764730</timestamp>
			</report>
			<report>
				<misses>19447001</misses>
				<total>46</total>
				<timestamp>6411.094420</timestamp>
			</report>
			<report>
				<misses>19448001</misses>
				<total>46</total>
				<timestamp>6411.424096</timestamp>
			</report>
			<report>
				<misses>19449001</misses>
				<total>46</total>
				<timestamp>6411.753748</timestamp>
			</report>
			<report>
				<misses>19450001</misses>
				<total>46</total>
				<timestamp>6412.083402</timestamp>
			</report>
			<report>
				<misses>19451001</misses>
				<total>46</total>
				<timestamp>6412.413091</timestamp>
			</report>
			<report>
				<misses>19452001</misses>
				<total>46</total>
				<timestamp>6412.742746</timestamp>
			</report>
			<report>
				<misses>19453001</misses>
				<total>46</total>
				<timestamp>6413.072424</timestamp>
			</report>
			<report>
				<misses>19454001</misses>
				<total>46</total>
				<timestamp>6413.402102</timestamp>
			</report>
			<report>
				<misses>19455001</misses>
				<total>46</total>
				<timestamp>6413.731749</timestamp>
			</report>
			<report>
				<misses>19456001</misses>
				<total>46</total>
				<timestamp>6414.061432</timestamp>
			</report>
			<report>
				<misses>19457001</misses>
				<total>46</total>
				<timestamp>6414.391152</timestamp>
			</report>
			<report>
				<misses>19458001</misses>
				<total>46</total>
				<timestamp>6414.720783</timestamp>
			</report>
			<report>
				<misses>19459001</misses>
				<total>46</total>
				<timestamp>6415.050446</timestamp>
			</report>
			<report>
				<misses>19460001</misses>
				<total>46</total>
				<timestamp>6415.380131</timestamp>
			</report>
			<report>
				<misses>19461001</misses>
				<total>46</total>
				<timestamp>6415.709777</timestamp>
			</report>
			<report>
				<misses>19462001</misses>
				<total>46</total>
				<timestamp>6416.039439</timestamp>
			</report>
			<report>
				<misses>19463001</misses>
				<total>46</total>
				<timestamp>6416.369140</timestamp>
			</report>
			<report>
				<misses>19464001</misses>
				<total>46</total>
				<timestamp>6416.698785</timestamp>
			</report>
			<report>
				<misses>19465001</misses>
				<total>46</total>
				<timestamp>6417.028520</timestamp>
			</report>
			<report>
				<misses>19466001</misses>
				<total>46</total>
				<timestamp>6417.358177</timestamp>
			</report>
			<report>
				<misses>19467001</misses>
				<total>46</total>
				<timestamp>6417.687796</timestamp>
			</report>
			<report>
				<misses>19468001</misses>
				<total>46</total>
				<timestamp>6418.017523</timestamp>
			</report>
			<report>
				<misses>19469001</misses>
				<total>46</total>
				<timestamp>6418.347140</timestamp>
			</report>
			<report>
				<misses>19470001</misses>
				<total>46</total>
				<timestamp>6418.676832</timestamp>
			</report>
			<report>
				<misses>19471001</misses>
				<total>46</total>
				<timestamp>6419.006476</timestamp>
			</report>
			<report>
				<misses>19472001</misses>
				<total>46</total>
				<timestamp>6419.336162</timestamp>
			</report>
			<report>
				<misses>19473001</misses>
				<total>46</total>
				<timestamp>6419.665815</timestamp>
			</report>
			<report>
				<misses>19474001</misses>
				<total>46</total>
				<timestamp>6419.995518</timestamp>
			</report>
			<report>
				<misses>19475001</misses>
				<total>46</total>
				<timestamp>6420.325157</timestamp>
			</report>
			<report>
				<misses>19476001</misses>
				<total>46</total>
				<timestamp>6420.654832</timestamp>
			</report>
			<report>
				<misses>19477001</misses>
				<total>46</total>
				<timestamp>6420.984519</timestamp>
			</report>
			<report>
				<misses>19478001</misses>
				<total>46</total>
				<timestamp>6421.314159</timestamp>
			</report>
			<report>
				<misses>19479001</misses>
				<total>46</total>
				<timestamp>6421.643838</timestamp>
			</report>
			<report>
				<misses>19480001</misses>
				<total>46</total>
				<timestamp>6421.973505</timestamp>
			</report>
			<report>
				<misses>19481001</misses>
				<total>46</total>
				<timestamp>6422.303192</timestamp>
			</report>
			<report>
				<misses>19482001</misses>
				<total>46</total>
				<timestamp>6422.632851</timestamp>
			</report>
			<report>
				<misses>19483001</misses>
				<total>46</total>
				<timestamp>6422.962590</timestamp>
			</report>
			<report>
				<misses>19484001</misses>
				<total>46</total>
				<timestamp>6423.292202</timestamp>
			</report>
			<report>
				<misses>19485001</misses>
				<total>46</total>
				<timestamp>6423.621867</timestamp>
			</report>
			<report>
				<misses>19486001</misses>
				<total>46</total>
				<timestamp>6423.951534</timestamp>
			</report>
			<report>
				<misses>19487001</misses>
				<total>46</total>
				<timestamp>6424.281201</timestamp>
			</report>
			<report>
				<misses>19488001</misses>
				<total>46</total>
				<timestamp>6424.610879</timestamp>
			</report>
			<report>
				<misses>19489001</misses>
				<total>46</total>
				<timestamp>6424.940593</timestamp>
			</report>
			<report>
				<misses>19490001</misses>
				<total>46</total>
				<timestamp>6425.270215</timestamp>
			</report>
			<report>
				<misses>19491001</misses>
				<total>46</total>
				<timestamp>6425.599891</timestamp>
			</report>
			<report>
				<misses>19492001</misses>
				<total>46</total>
				<timestamp>6425.929602</timestamp>
			</report>
			<report>
				<misses>19493001</misses>
				<total>46</total>
				<timestamp>6426.259211</timestamp>
			</report>
			<report>
				<misses>19494001</misses>
				<total>46</total>
				<timestamp>6426.588910</timestamp>
			</report>
			<report>
				<misses>19495001</misses>
				<total>46</total>
				<timestamp>6426.918567</timestamp>
			</report>
			<report>
				<misses>19496001</misses>
				<total>46</total>
				<timestamp>6427.248234</timestamp>
			</report>
			<report>
				<misses>19497001</misses>
				<total>46</total>
				<timestamp>6427.577923</timestamp>
			</report>
			<report>
				<misses>19498001</misses>
				<total>46</total>
				<timestamp>6427.907570</timestamp>
			</report>
			<report>
				<misses>19499001</misses>
				<total>46</total>
				<timestamp>6428.237246</timestamp>
			</report>
			<report>
				<misses>19500001</misses>
				<total>46</total>
				<timestamp>6428.566922</timestamp>
			</report>
			<report>
				<misses>19501001</misses>
				<total>46</total>
				<timestamp>6428.896604</timestamp>
			</report>
			<report>
				<misses>19502001</misses>
				<total>46</total>
				<timestamp>6429.226248</timestamp>
			</report>
			<report>
				<misses>19503001</misses>
				<total>46</total>
				<timestamp>6429.555918</timestamp>
			</report>
			<report>
				<misses>19504001</misses>
				<total>46</total>
				<timestamp>6429.885576</timestamp>
			</report>
			<report>
				<misses>19505001</misses>
				<total>46</total>
				<timestamp>6430.215263</timestamp>
			</report>
			<report>
				<misses>19506001</misses>
				<total>46</total>
				<timestamp>6430.544944</timestamp>
			</report>
			<report>
				<misses>19507001</misses>
				<total>46</total>
				<timestamp>6430.874594</timestamp>
			</report>
			<report>
				<misses>19508001</misses>
				<total>46</total>
				<timestamp>6431.204260</timestamp>
			</report>
			<report>
				<misses>19509001</misses>
				<total>46</total>
				<timestamp>6431.533935</timestamp>
			</report>
			<report>
				<misses>19510001</misses>
				<total>46</total>
				<timestamp>6431.863622</timestamp>
			</report>
			<report>
				<misses>19511001</misses>
				<total>46</total>
				<timestamp>6432.193299</timestamp>
			</report>
			<report>
				<misses>19512001</misses>
				<total>46</total>
				<timestamp>6432.522993</timestamp>
			</report>
			<report>
				<misses>19513001</misses>
				<total>46</total>
				<timestamp>6432.852632</timestamp>
			</report>
			<report>
				<misses>19514001</misses>
				<total>46</total>
				<timestamp>6433.182289</timestamp>
			</report>
			<report>
				<misses>19515001</misses>
				<total>46</total>
				<timestamp>6433.511954</timestamp>
			</report>
			<report>
				<misses>19516001</misses>
				<total>46</total>
				<timestamp>6433.841636</timestamp>
			</report>
			<report>
				<misses>19517001</misses>
				<total>46</total>
				<timestamp>6434.171315</timestamp>
			</report>
			<report>
				<misses>19518001</misses>
				<total>46</total>
				<timestamp>6434.500983</timestamp>
			</report>
			<report>
				<misses>19519001</misses>
				<total>46</total>
				<timestamp>6434.830650</timestamp>
			</report>
			<report>
				<misses>19520001</misses>
				<total>46</total>
				<timestamp>6435.160303</timestamp>
			</report>
			<report>
				<misses>19521001</misses>
				<total>46</total>
				<timestamp>6435.489968</timestamp>
			</report>
			<report>
				<misses>19522001</misses>
				<total>46</total>
				<timestamp>6435.819650</timestamp>
			</report>
			<report>
				<misses>19523001</misses>
				<total>46</total>
				<timestamp>6436.149322</timestamp>
			</report>
			<report>
				<misses>19524001</misses>
				<total>46</total>
				<timestamp>6436.479088</timestamp>
			</report>
			<report>
				<misses>19525001</misses>
				<total>46</total>
				<timestamp>6436.808652</timestamp>
			</report>
			<report>
				<misses>19526001</misses>
				<total>46</total>
				<timestamp>6437.138402</timestamp>
			</report>
			<report>
				<misses>19527001</misses>
				<total>46</total>
				<timestamp>6437.468035</timestamp>
			</report>
			<report>
				<misses>19528001</misses>
				<total>46</total>
				<timestamp>6437.797735</timestamp>
			</report>
			<report>
				<misses>19529001</misses>
				<total>46</total>
				<timestamp>6438.127467</timestamp>
			</report>
			<report>
				<misses>19530001</misses>
				<total>46</total>
				<timestamp>6438.457021</timestamp>
			</report>
			<report>
				<misses>19531001</misses>
				<total>46</total>
				<timestamp>6438.786700</timestamp>
			</report>
			<report>
				<misses>19532001</misses>
				<total>46</total>
				<timestamp>6439.116371</timestamp>
			</report>
			<report>
				<misses>19533001</misses>
				<total>46</total>
				<timestamp>6439.446024</timestamp>
			</report>
			<report>
				<misses>19534001</misses>
				<total>46</total>
				<timestamp>6439.775696</timestamp>
			</report>
			<report>
				<misses>19535001</misses>
				<total>46</total>
				<timestamp>6440.105417</timestamp>
			</report>
			<report>
				<misses>19536001</misses>
				<total>46</total>
				<timestamp>6440.435024</timestamp>
			</report>
			<report>
				<misses>19537001</misses>
				<total>46</total>
				<timestamp>6440.764706</timestamp>
			</report>
			<report>
				<misses>19538001</misses>
				<total>46</total>
				<timestamp>6441.094382</timestamp>
			</report>
			<report>
				<misses>19539001</misses>
				<total>46</total>
				<timestamp>6441.424044</timestamp>
			</report>
			<report>
				<misses>19540001</misses>
				<total>46</total>
				<timestamp>6441.753756</timestamp>
			</report>
			<report>
				<misses>19541001</misses>
				<total>46</total>
				<timestamp>6442.083444</timestamp>
			</report>
			<report>
				<misses>19542001</misses>
				<total>46</total>
				<timestamp>6442.413059</timestamp>
			</report>
			<report>
				<misses>19543001</misses>
				<total>46</total>
				<timestamp>6442.742718</timestamp>
			</report>
			<report>
				<misses>19544001</misses>
				<total>46</total>
				<timestamp>6443.072393</timestamp>
			</report>
			<report>
				<misses>19545001</misses>
				<total>46</total>
				<timestamp>6443.402119</timestamp>
			</report>
			<report>
				<misses>19546001</misses>
				<total>46</total>
				<timestamp>6443.731727</timestamp>
			</report>
			<report>
				<misses>19547001</misses>
				<total>46</total>
				<timestamp>6444.061460</timestamp>
			</report>
			<report>
				<misses>19548001</misses>
				<total>46</total>
				<timestamp>6444.391090</timestamp>
			</report>
			<report>
				<misses>19549001</misses>
				<total>46</total>
				<timestamp>6444.720727</timestamp>
			</report>
			<report>
				<misses>19550001</misses>
				<total>46</total>
				<timestamp>6445.050429</timestamp>
			</report>
			<report>
				<misses>19551001</misses>
				<total>46</total>
				<timestamp>6445.380087</timestamp>
			</report>
			<report>
				<misses>19552001</misses>
				<total>46</total>
				<timestamp>6445.709757</timestamp>
			</report>
			<report>
				<misses>19553001</misses>
				<total>46</total>
				<timestamp>6446.039462</timestamp>
			</report>
			<report>
				<misses>19554001</misses>
				<total>46</total>
				<timestamp>6446.369101</timestamp>
			</report>
			<report>
				<misses>19555001</misses>
				<total>46</total>
				<timestamp>6446.698793</timestamp>
			</report>
			<report>
				<misses>19556001</misses>
				<total>46</total>
				<timestamp>6447.028424</timestamp>
			</report>
			<report>
				<misses>19557001</misses>
				<total>46</total>
				<timestamp>6447.358110</timestamp>
			</report>
			<report>
				<misses>19558001</misses>
				<total>46</total>
				<timestamp>6447.687801</timestamp>
			</report>
			<report>
				<misses>19559001</misses>
				<total>46</total>
				<timestamp>6448.017486</timestamp>
			</report>
			<report>
				<misses>19560001</misses>
				<total>46</total>
				<timestamp>6448.347106</timestamp>
			</report>
			<report>
				<misses>19561001</misses>
				<total>46</total>
				<timestamp>6448.676807</timestamp>
			</report>
			<report>
				<misses>19562001</misses>
				<total>46</total>
				<timestamp>6449.006474</timestamp>
			</report>
			<report>
				<misses>19563001</misses>
				<total>46</total>
				<timestamp>6449.336110</timestamp>
			</report>
			<report>
				<misses>19564001</misses>
				<total>46</total>
				<timestamp>6449.665798</timestamp>
			</report>
			<report>
				<misses>19565001</misses>
				<total>46</total>
				<timestamp>6449.995497</timestamp>
			</report>
			<report>
				<misses>19566001</misses>
				<total>46</total>
				<timestamp>6450.325116</timestamp>
			</report>
			<report>
				<misses>19567001</misses>
				<total>46</total>
				<timestamp>6450.654795</timestamp>
			</report>
			<report>
				<misses>19568001</misses>
				<total>46</total>
				<timestamp>6450.984533</timestamp>
			</report>
			<report>
				<misses>19569001</misses>
				<total>46</total>
				<timestamp>6451.314134</timestamp>
			</report>
			<report>
				<misses>19570001</misses>
				<total>46</total>
				<timestamp>6451.643806</timestamp>
			</report>
			<report>
				<misses>19571001</misses>
				<total>46</total>
				<timestamp>6451.973478</timestamp>
			</report>
			<report>
				<misses>19572001</misses>
				<total>46</total>
				<timestamp>6452.303148</timestamp>
			</report>
			<report>
				<misses>19573001</misses>
				<total>46</total>
				<timestamp>6452.632831</timestamp>
			</report>
			<report>
				<misses>19574001</misses>
				<total>46</total>
				<timestamp>6452.962489</timestamp>
			</report>
			<report>
				<misses>19575001</misses>
				<total>46</total>
				<timestamp>6453.292161</timestamp>
			</report>
			<report>
				<misses>19576001</misses>
				<total>46</total>
				<timestamp>6453.621855</timestamp>
			</report>
			<report>
				<misses>19577001</misses>
				<total>46</total>
				<timestamp>6453.951512</timestamp>
			</report>
			<report>
				<misses>19578001</misses>
				<total>46</total>
				<timestamp>6454.281187</timestamp>
			</report>
			<report>
				<misses>19579001</misses>
				<total>46</total>
				<timestamp>6454.610863</timestamp>
			</report>
			<report>
				<misses>19580001</misses>
				<total>46</total>
				<timestamp>6454.940515</timestamp>
			</report>
			<report>
				<misses>19581001</misses>
				<total>46</total>
				<timestamp>6455.270196</timestamp>
			</report>
			<report>
				<misses>19582001</misses>
				<total>46</total>
				<timestamp>6455.599899</timestamp>
			</report>
			<report>
				<misses>19583001</misses>
				<total>46</total>
				<timestamp>6455.929512</timestamp>
			</report>
			<report>
				<misses>19584001</misses>
				<total>46</total>
				<timestamp>6456.259182</timestamp>
			</report>
			<report>
				<misses>19585001</misses>
				<total>46</total>
				<timestamp>6456.588870</timestamp>
			</report>
			<report>
				<misses>19586001</misses>
				<total>46</total>
				<timestamp>6456.918523</timestamp>
			</report>
			<report>
				<misses>19587001</misses>
				<total>46</total>
				<timestamp>6457.248279</timestamp>
			</report>
			<report>
				<misses>19588001</misses>
				<total>46</total>
				<timestamp>6457.577861</timestamp>
			</report>
			<report>
				<misses>19589001</misses>
				<total>46</total>
				<timestamp>6457.907541</timestamp>
			</report>
			<report>
				<misses>19590001</misses>
				<total>46</total>
				<timestamp>6458.237195</timestamp>
			</report>
			<report>
				<misses>19591001</misses>
				<total>46</total>
				<timestamp>6458.566883</timestamp>
			</report>
			<report>
				<misses>19592001</misses>
				<total>46</total>
				<timestamp>6458.896546</timestamp>
			</report>
			<report>
				<misses>19593001</misses>
				<total>46</total>
				<timestamp>6459.226287</timestamp>
			</report>
			<report>
				<misses>19594001</misses>
				<total>46</total>
				<timestamp>6459.555935</timestamp>
			</report>
			<report>
				<misses>19595001</misses>
				<total>46</total>
				<timestamp>6459.885562</timestamp>
			</report>
			<report>
				<misses>19596001</misses>
				<total>46</total>
				<timestamp>6460.215289</timestamp>
			</report>
			<report>
				<misses>19597001</misses>
				<total>46</total>
				<timestamp>6460.544887</timestamp>
			</report>
			<report>
				<misses>19598001</misses>
				<total>46</total>
				<timestamp>6460.874555</timestamp>
			</report>
			<report>
				<misses>19599001</misses>
				<total>46</total>
				<timestamp>6461.204288</timestamp>
			</report>
			<report>
				<misses>19600001</misses>
				<total>46</total>
				<timestamp>6461.533921</timestamp>
			</report>
			<report>
				<misses>19601001</misses>
				<total>46</total>
				<timestamp>6461.863568</timestamp>
			</report>
			<report>
				<misses>19602001</misses>
				<total>46</total>
				<timestamp>6462.193324</timestamp>
			</report>
			<report>
				<misses>19603001</misses>
				<total>46</total>
				<timestamp>6462.522956</timestamp>
			</report>
			<report>
				<misses>19604001</misses>
				<total>46</total>
				<timestamp>6462.852587</timestamp>
			</report>
			<report>
				<misses>19605001</misses>
				<total>46</total>
				<timestamp>6463.182318</timestamp>
			</report>
			<report>
				<misses>19606001</misses>
				<total>46</total>
				<timestamp>6463.511925</timestamp>
			</report>
			<report>
				<misses>19607001</misses>
				<total>46</total>
				<timestamp>6463.841588</timestamp>
			</report>
			<report>
				<misses>19608001</misses>
				<total>46</total>
				<timestamp>6464.171338</timestamp>
			</report>
			<report>
				<misses>19609001</misses>
				<total>46</total>
				<timestamp>6464.500943</timestamp>
			</report>
			<report>
				<misses>19610001</misses>
				<total>46</total>
				<timestamp>6464.830620</timestamp>
			</report>
			<report>
				<misses>19611001</misses>
				<total>46</total>
				<timestamp>6465.160286</timestamp>
			</report>
			<report>
				<misses>19612001</misses>
				<total>46</total>
				<timestamp>6465.489951</timestamp>
			</report>
			<report>
				<misses>19613001</misses>
				<total>46</total>
				<timestamp>6465.819631</timestamp>
			</report>
			<report>
				<misses>19614001</misses>
				<total>46</total>
				<timestamp>6466.149333</timestamp>
			</report>
			<report>
				<misses>19615001</misses>
				<total>46</total>
				<timestamp>6466.478960</timestamp>
			</report>
			<report>
				<misses>19616001</misses>
				<total>46</total>
				<timestamp>6466.808669</timestamp>
			</report>
			<report>
				<misses>19617001</misses>
				<total>46</total>
				<timestamp>6467.138348</timestamp>
			</report>
			<report>
				<misses>19618001</misses>
				<total>46</total>
				<timestamp>6467.467975</timestamp>
			</report>
			<report>
				<misses>19619001</misses>
				<total>46</total>
				<timestamp>6467.797669</timestamp>
			</report>
			<report>
				<misses>19620001</misses>
				<total>46</total>
				<timestamp>6468.127322</timestamp>
			</report>
			<report>
				<misses>19621001</misses>
				<total>46</total>
				<timestamp>6468.456983</timestamp>
			</report>
			<report>
				<misses>19622001</misses>
				<total>46</total>
				<timestamp>6468.786697</timestamp>
			</report>
			<report>
				<misses>19623001</misses>
				<total>46</total>
				<timestamp>6469.116369</timestamp>
			</report>
			<report>
				<misses>19624001</misses>
				<total>46</total>
				<timestamp>6469.446040</timestamp>
			</report>
			<report>
				<misses>19625001</misses>
				<total>46</total>
				<timestamp>6469.775689</timestamp>
			</report>
			<report>
				<misses>19626001</misses>
				<total>46</total>
				<timestamp>6470.105364</timestamp>
			</report>
			<report>
				<misses>19627001</misses>
				<total>46</total>
				<timestamp>6470.435001</timestamp>
			</report>
			<report>
				<misses>19628001</misses>
				<total>46</total>
				<timestamp>6470.764716</timestamp>
			</report>
			<report>
				<misses>19629001</misses>
				<total>46</total>
				<timestamp>6471.094387</timestamp>
			</report>
			<report>
				<misses>19630001</misses>
				<total>46</total>
				<timestamp>6471.424006</timestamp>
			</report>
			<report>
				<misses>19631001</misses>
				<total>46</total>
				<timestamp>6471.753724</timestamp>
			</report>
			<report>
				<misses>19632001</misses>
				<total>46</total>
				<timestamp>6472.083346</timestamp>
			</report>
			<report>
				<misses>19633001</misses>
				<total>46</total>
				<timestamp>6472.413030</timestamp>
			</report>
			<report>
				<misses>19634001</misses>
				<total>46</total>
				<timestamp>6472.742684</timestamp>
			</report>
			<report>
				<misses>19635001</misses>
				<total>46</total>
				<timestamp>6473.072404</timestamp>
			</report>
			<report>
				<misses>19636001</misses>
				<total>46</total>
				<timestamp>6473.402051</timestamp>
			</report>
			<report>
				<misses>19637001</misses>
				<total>46</total>
				<timestamp>6473.731693</timestamp>
			</report>
			<report>
				<misses>19638001</misses>
				<total>46</total>
				<timestamp>6474.061391</timestamp>
			</report>
			<report>
				<misses>19639001</misses>
				<total>46</total>
				<timestamp>6474.391053</timestamp>
			</report>
			<report>
				<misses>19640001</misses>
				<total>46</total>
				<timestamp>6474.720698</timestamp>
			</report>
			<report>
				<misses>19641001</misses>
				<total>46</total>
				<timestamp>6475.050421</timestamp>
			</report>
			<report>
				<misses>19642001</misses>
				<total>46</total>
				<timestamp>6475.380070</timestamp>
			</report>
			<report>
				<misses>19643001</misses>
				<total>46</total>
				<timestamp>6475.709720</timestamp>
			</report>
			<report>
				<misses>19644001</misses>
				<total>46</total>
				<timestamp>6476.039395</timestamp>
			</report>
			<report>
				<misses>19645001</misses>
				<total>46</total>
				<timestamp>6476.369075</timestamp>
			</report>
			<report>
				<misses>19646001</misses>
				<total>46</total>
				<timestamp>6476.698754</timestamp>
			</report>
			<report>
				<misses>19647001</misses>
				<total>46</total>
				<timestamp>6477.028400</timestamp>
			</report>
			<report>
				<misses>19648001</misses>
				<total>46</total>
				<timestamp>6477.358097</timestamp>
			</report>
			<report>
				<misses>19649001</misses>
				<total>46</total>
				<timestamp>6477.687781</timestamp>
			</report>
			<report>
				<misses>19650001</misses>
				<total>46</total>
				<timestamp>6478.017419</timestamp>
			</report>
			<report>
				<misses>19651001</misses>
				<total>46</total>
				<timestamp>6478.347085</timestamp>
			</report>
			<report>
				<misses>19652001</misses>
				<total>46</total>
				<timestamp>6478.676766</timestamp>
			</report>
			<report>
				<misses>19653001</misses>
				<total>46</total>
				<timestamp>6479.006415</timestamp>
			</report>
			<report>
				<misses>19654001</misses>
				<total>46</total>
				<timestamp>6479.336090</timestamp>
			</report>
			<report>
				<misses>19655001</misses>
				<total>46</total>
				<timestamp>6479.665817</timestamp>
			</report>
			<report>
				<misses>19656001</misses>
				<total>46</total>
				<timestamp>6479.995442</timestamp>
			</report>
			<report>
				<misses>19657001</misses>
				<total>46</total>
				<timestamp>6480.325133</timestamp>
			</report>
			<report>
				<misses>19658001</misses>
				<total>46</total>
				<timestamp>6480.654769</timestamp>
			</report>
			<report>
				<misses>19659001</misses>
				<total>46</total>
				<timestamp>6480.984425</timestamp>
			</report>
			<report>
				<misses>19660001</misses>
				<total>46</total>
				<timestamp>6481.314110</timestamp>
			</report>
			<report>
				<misses>19661001</misses>
				<total>46</total>
				<timestamp>6481.643780</timestamp>
			</report>
			<report>
				<misses>19662001</misses>
				<total>46</total>
				<timestamp>6481.973447</timestamp>
			</report>
			<report>
				<misses>19663001</misses>
				<total>46</total>
				<timestamp>6482.303130</timestamp>
			</report>
			<report>
				<misses>19664001</misses>
				<total>46</total>
				<timestamp>6482.632790</timestamp>
			</report>
			<report>
				<misses>19665001</misses>
				<total>46</total>
				<timestamp>6482.962461</timestamp>
			</report>
			<report>
				<misses>19666001</misses>
				<total>46</total>
				<timestamp>6483.292117</timestamp>
			</report>
			<report>
				<misses>19667001</misses>
				<total>46</total>
				<timestamp>6483.621819</timestamp>
			</report>
			<report>
				<misses>19668001</misses>
				<total>46</total>
				<timestamp>6483.951511</timestamp>
			</report>
			<report>
				<misses>19669001</misses>
				<total>46</total>
				<timestamp>6484.281139</timestamp>
			</report>
			<report>
				<misses>19670001</misses>
				<total>46</total>
				<timestamp>6484.610796</timestamp>
			</report>
			<report>
				<misses>19671001</misses>
				<total>46</total>
				<timestamp>6484.940489</timestamp>
			</report>
			<report>
				<misses>19672001</misses>
				<total>46</total>
				<timestamp>6485.270202</timestamp>
			</report>
			<report>
				<misses>19673001</misses>
				<total>46</total>
				<timestamp>6485.599823</timestamp>
			</report>
			<report>
				<misses>19674001</misses>
				<total>46</total>
				<timestamp>6485.929520</timestamp>
			</report>
			<report>
				<misses>19675001</misses>
				<total>46</total>
				<timestamp>6486.259202</timestamp>
			</report>
			<report>
				<misses>19676001</misses>
				<total>46</total>
				<timestamp>6486.588827</timestamp>
			</report>
			<report>
				<misses>19677001</misses>
				<total>46</total>
				<timestamp>6486.918523</timestamp>
			</report>
			<report>
				<misses>19678001</misses>
				<total>46</total>
				<timestamp>6487.248170</timestamp>
			</report>
			<report>
				<misses>19679001</misses>
				<total>46</total>
				<timestamp>6487.577835</timestamp>
			</report>
			<report>
				<misses>19680001</misses>
				<total>46</total>
				<timestamp>6487.907504</timestamp>
			</report>
			<report>
				<misses>19681001</misses>
				<total>46</total>
				<timestamp>6488.237248</timestamp>
			</report>
			<report>
				<misses>19682001</misses>
				<total>46</total>
				<timestamp>6488.566861</timestamp>
			</report>
			<report>
				<misses>19683001</misses>
				<total>46</total>
				<timestamp>6488.896559</timestamp>
			</report>
			<report>
				<misses>19684001</misses>
				<total>46</total>
				<timestamp>6489.226181</timestamp>
			</report>
			<report>
				<misses>19685001</misses>
				<total>46</total>
				<timestamp>6489.555856</timestamp>
			</report>
			<report>
				<misses>19686001</misses>
				<total>46</total>
				<timestamp>6489.885521</timestamp>
			</report>
			<report>
				<misses>19687001</misses>
				<total>46</total>
				<timestamp>6490.215191</timestamp>
			</report>
			<report>
				<misses>19688001</misses>
				<total>46</total>
				<timestamp>6490.544870</timestamp>
			</report>
			<report>
				<misses>19689001</misses>
				<total>46</total>
				<timestamp>6490.874560</timestamp>
			</report>
			<report>
				<misses>19690001</misses>
				<total>46</total>
				<timestamp>6491.204278</timestamp>
			</report>
			<report>
				<misses>19691001</misses>
				<total>46</total>
				<timestamp>6491.533876</timestamp>
			</report>
			<report>
				<misses>19692001</misses>
				<total>46</total>
				<timestamp>6491.863548</timestamp>
			</report>
			<report>
				<misses>19693001</misses>
				<total>46</total>
				<timestamp>6492.193226</timestamp>
			</report>
			<report>
				<misses>19694001</misses>
				<total>46</total>
				<timestamp>6492.522883</timestamp>
			</report>
			<report>
				<misses>19695001</misses>
				<total>46</total>
				<timestamp>6492.852565</timestamp>
			</report>
			<report>
				<misses>19696001</misses>
				<total>46</total>
				<timestamp>6493.182281</timestamp>
			</report>
			<report>
				<misses>19697001</misses>
				<total>46</total>
				<timestamp>6493.511907</timestamp>
			</report>
			<report>
				<misses>19698001</misses>
				<total>46</total>
				<timestamp>6493.841576</timestamp>
			</report>
			<report>
				<misses>19699001</misses>
				<total>46</total>
				<timestamp>6494.171302</timestamp>
			</report>
			<report>
				<misses>19700001</misses>
				<total>46</total>
				<timestamp>6494.500904</timestamp>
			</report>
			<report>
				<misses>19701001</misses>
				<total>46</total>
				<timestamp>6494.830588</timestamp>
			</report>
			<report>
				<misses>19702001</misses>
				<total>46</total>
				<timestamp>6495.160330</timestamp>
			</report>
			<report>
				<misses>19703001</misses>
				<total>46</total>
				<timestamp>6495.489915</timestamp>
			</report>
			<report>
				<misses>19704001</misses>
				<total>46</total>
				<timestamp>6495.819590</timestamp>
			</report>
			<report>
				<misses>19705001</misses>
				<total>46</total>
				<timestamp>6496.149310</timestamp>
			</report>
			<report>
				<misses>19706001</misses>
				<total>46</total>
				<timestamp>6496.478950</timestamp>
			</report>
			<report>
				<misses>19707001</misses>
				<total>46</total>
				<timestamp>6496.808624</timestamp>
			</report>
			<report>
				<misses>19708001</misses>
				<total>46</total>
				<timestamp>6497.138266</timestamp>
			</report>
			<report>
				<misses>19709001</misses>
				<total>46</total>
				<timestamp>6497.467968</timestamp>
			</report>
			<report>
				<misses>19710001</misses>
				<total>46</total>
				<timestamp>6497.797613</timestamp>
			</report>
			<report>
				<misses>19711001</misses>
				<total>46</total>
				<timestamp>6498.127288</timestamp>
			</report>
			<report>
				<misses>19712001</misses>
				<total>46</total>
				<timestamp>6498.456941</timestamp>
			</report>
			<report>
				<misses>19713001</misses>
				<total>46</total>
				<timestamp>6498.786658</timestamp>
			</report>
			<report>
				<misses>19714001</misses>
				<total>46</total>
				<timestamp>6499.116305</timestamp>
			</report>
			<report>
				<misses>19715001</misses>
				<total>46</total>
				<timestamp>6499.445949</timestamp>
			</report>
			<report>
				<misses>19716001</misses>
				<total>46</total>
				<timestamp>6499.775633</timestamp>
			</report>
			<report>
				<misses>19717001</misses>
				<total>46</total>
				<timestamp>6500.105301</timestamp>
			</report>
			<report>
				<misses>19718001</misses>
				<total>46</total>
				<timestamp>6500.435002</timestamp>
			</report>
			<report>
				<misses>19719001</misses>
				<total>46</total>
				<timestamp>6500.764647</timestamp>
			</report>
			<report>
				<misses>19720001</misses>
				<total>46</total>
				<timestamp>6501.094343</timestamp>
			</report>
			<report>
				<misses>19721001</misses>
				<total>46</total>
				<timestamp>6501.423978</timestamp>
			</report>
			<report>
				<misses>19722001</misses>
				<total>46</total>
				<timestamp>6501.753659</timestamp>
			</report>
			<report>
				<misses>19723001</misses>
				<total>46</total>
				<timestamp>6502.083359</timestamp>
			</report>
			<report>
				<misses>19724001</misses>
				<total>46</total>
				<timestamp>6502.412993</timestamp>
			</report>
			<report>
				<misses>19725001</misses>
				<total>46</total>
				<timestamp>6502.742664</timestamp>
			</report>
			<report>
				<misses>19726001</misses>
				<total>46</total>
				<timestamp>6503.072319</timestamp>
			</report>
			<report>
				<misses>19727001</misses>
				<total>46</total>
				<timestamp>6503.402005</timestamp>
			</report>
			<report>
				<misses>19728001</misses>
				<total>46</total>
				<timestamp>6503.731698</timestamp>
			</report>
			<report>
				<misses>19729001</misses>
				<total>46</total>
				<timestamp>6504.061356</timestamp>
			</report>
			<report>
				<misses>19730001</misses>
				<total>46</total>
				<timestamp>6504.391083</timestamp>
			</report>
			<report>
				<misses>19731001</misses>
				<total>46</total>
				<timestamp>6504.720685</timestamp>
			</report>
			<report>
				<misses>19732001</misses>
				<total>46</total>
				<timestamp>6505.050347</timestamp>
			</report>
			<report>
				<misses>19733001</misses>
				<total>46</total>
				<timestamp>6505.380060</timestamp>
			</report>
			<report>
				<misses>19734001</misses>
				<total>46</total>
				<timestamp>6505.709679</timestamp>
			</report>
			<report>
				<misses>19735001</misses>
				<total>46</total>
				<timestamp>6506.039418</timestamp>
			</report>
			<report>
				<misses>19736001</misses>
				<total>46</total>
				<timestamp>6506.369018</timestamp>
			</report>
			<report>
				<misses>19737001</misses>
				<total>46</total>
				<timestamp>6506.698702</timestamp>
			</report>
			<report>
				<misses>19738001</misses>
				<total>46</total>
				<timestamp>6507.028379</timestamp>
			</report>
			<report>
				<misses>19739001</misses>
				<total>46</total>
				<timestamp>6507.358052</timestamp>
			</report>
			<report>
				<misses>19740001</misses>
				<total>46</total>
				<timestamp>6507.687699</timestamp>
			</report>
			<report>
				<misses>19741001</misses>
				<total>46</total>
				<timestamp>6508.017432</timestamp>
			</report>
			<report>
				<misses>19742001</misses>
				<total>46</total>
				<timestamp>6508.347081</timestamp>
			</report>
			<report>
				<misses>19743001</misses>
				<total>46</total>
				<timestamp>6508.676722</timestamp>
			</report>
			<report>
				<misses>19744001</misses>
				<total>46</total>
				<timestamp>6509.006417</timestamp>
			</report>
			<report>
				<misses>19745001</misses>
				<total>46</total>
				<timestamp>6509.336073</timestamp>
			</report>
			<report>
				<misses>19746001</misses>
				<total>46</total>
				<timestamp>6509.665715</timestamp>
			</report>
			<report>
				<misses>19747001</misses>
				<total>46</total>
				<timestamp>6509.995410</timestamp>
			</report>
			<report>
				<misses>19748001</misses>
				<total>46</total>
				<timestamp>6510.325112</timestamp>
			</report>
			<report>
				<misses>19749001</misses>
				<total>46</total>
				<timestamp>6510.654749</timestamp>
			</report>
			<report>
				<misses>19750001</misses>
				<total>46</total>
				<timestamp>6510.984439</timestamp>
			</report>
			<report>
				<misses>19751001</misses>
				<total>46</total>
				<timestamp>6511.314136</timestamp>
			</report>
			<report>
				<misses>19752001</misses>
				<total>46</total>
				<timestamp>6511.643762</timestamp>
			</report>
			<report>
				<misses>19753001</misses>
				<total>46</total>
				<timestamp>6511.973453</timestamp>
			</report>
			<report>
				<misses>19754001</misses>
				<total>46</total>
				<timestamp>6512.303122</timestamp>
			</report>
			<report>
				<misses>19755001</misses>
				<total>46</total>
				<timestamp>6512.632764</timestamp>
			</report>
			<report>
				<misses>19756001</misses>
				<total>46</total>
				<timestamp>6512.962469</timestamp>
			</report>
			<report>
				<misses>19757001</misses>
				<total>46</total>
				<timestamp>6513.292123</timestamp>
			</report>
			<report>
				<misses>19758001</misses>
				<total>46</total>
				<timestamp>6513.621774</timestamp>
			</report>
			<report>
				<misses>19759001</misses>
				<total>46</total>
				<timestamp>6513.951445</timestamp>
			</report>
			<report>
				<misses>19760001</misses>
				<total>46</total>
				<timestamp>6514.281145</timestamp>
			</report>
			<report>
				<misses>19761001</misses>
				<total>46</total>
				<timestamp>6514.610781</timestamp>
			</report>
			<report>
				<misses>19762001</misses>
				<total>46</total>
				<timestamp>6514.940473</timestamp>
			</report>
			<report>
				<misses>19763001</misses>
				<total>46</total>
				<timestamp>6515.270128</timestamp>
			</report>
			<report>
				<misses>19764001</misses>
				<total>46</total>
				<timestamp>6515.599815</timestamp>
			</report>
			<report>
				<misses>19765001</misses>
				<total>46</total>
				<timestamp>6515.929470</timestamp>
			</report>
			<report>
				<misses>19766001</misses>
				<total>46</total>
				<timestamp>6516.259158</timestamp>
			</report>
			<report>
				<misses>19767001</misses>
				<total>46</total>
				<timestamp>6516.588813</timestamp>
			</report>
			<report>
				<misses>19768001</misses>
				<total>46</total>
				<timestamp>6516.918462</timestamp>
			</report>
			<report>
				<misses>19769001</misses>
				<total>46</total>
				<timestamp>6517.248228</timestamp>
			</report>
			<report>
				<misses>19770001</misses>
				<total>46</total>
				<timestamp>6517.577813</timestamp>
			</report>
			<report>
				<misses>19771001</misses>
				<total>46</total>
				<timestamp>6517.907550</timestamp>
			</report>
			<report>
				<misses>19772001</misses>
				<total>46</total>
				<timestamp>6518.237158</timestamp>
			</report>
			<report>
				<misses>19773001</misses>
				<total>46</total>
				<timestamp>6518.566843</timestamp>
			</report>
			<report>
				<misses>19774001</misses>
				<total>47</total>
				<timestamp>6518.896515</timestamp>
			</report>
			<report>
				<misses>19775001</misses>
				<total>47</total>
				<timestamp>6519.226204</timestamp>
			</report>
			<report>
				<misses>19776001</misses>
				<total>47</total>
				<timestamp>6519.555839</timestamp>
			</report>
			<report>
				<misses>19777001</misses>
				<total>47</total>
				<timestamp>6519.885516</timestamp>
			</report>
			<report>
				<misses>19778001</misses>
				<total>47</total>
				<timestamp>6520.215171</timestamp>
			</report>
			<report>
				<misses>19779001</misses>
				<total>47</total>
				<timestamp>6520.544844</timestamp>
			</report>
			<report>
				<misses>19780001</misses>
				<total>47</total>
				<timestamp>6520.874601</timestamp>
			</report>
			<report>
				<misses>19781001</misses>
				<total>47</total>
				<timestamp>6521.204188</timestamp>
			</report>
			<report>
				<misses>19782001</misses>
				<total>47</total>
				<timestamp>6521.533866</timestamp>
			</report>
			<report>
				<misses>19783001</misses>
				<total>47</total>
				<timestamp>6521.863521</timestamp>
			</report>
			<report>
				<misses>19784001</misses>
				<total>47</total>
				<timestamp>6522.193186</timestamp>
			</report>
			<report>
				<misses>19785001</misses>
				<total>47</total>
				<timestamp>6522.522865</timestamp>
			</report>
			<report>
				<misses>19786001</misses>
				<total>47</total>
				<timestamp>6522.852540</timestamp>
			</report>
			<report>
				<misses>19787001</misses>
				<total>47</total>
				<timestamp>6523.182209</timestamp>
			</report>
			<report>
				<misses>19788001</misses>
				<total>47</total>
				<timestamp>6523.511884</timestamp>
			</report>
			<report>
				<misses>19789001</misses>
				<total>47</total>
				<timestamp>6523.841543</timestamp>
			</report>
			<report>
				<misses>19790001</misses>
				<total>47</total>
				<timestamp>6524.171232</timestamp>
			</report>
			<report>
				<misses>19791001</misses>
				<total>47</total>
				<timestamp>6524.500909</timestamp>
			</report>
			<report>
				<misses>19792001</misses>
				<total>47</total>
				<timestamp>6524.830546</timestamp>
			</report>
			<report>
				<misses>19793001</misses>
				<total>47</total>
				<timestamp>6525.160226</timestamp>
			</report>
			<report>
				<misses>19794001</misses>
				<total>47</total>
				<timestamp>6525.489912</timestamp>
			</report>
			<report>
				<misses>19795001</misses>
				<total>47</total>
				<timestamp>6525.819544</timestamp>
			</report>
			<report>
				<misses>19796001</misses>
				<total>47</total>
				<timestamp>6526.149234</timestamp>
			</report>
			<report>
				<misses>19797001</misses>
				<total>47</total>
				<timestamp>6526.478884</timestamp>
			</report>
			<report>
				<misses>19798001</misses>
				<total>47</total>
				<timestamp>6526.808566</timestamp>
			</report>
			<report>
				<misses>19799001</misses>
				<total>47</total>
				<timestamp>6527.138270</timestamp>
			</report>
			<report>
				<misses>19800001</misses>
				<total>47</total>
				<timestamp>6527.467896</timestamp>
			</report>
			<report>
				<misses>19801001</misses>
				<total>47</total>
				<timestamp>6527.797570</timestamp>
			</report>
			<report>
				<misses>19802001</misses>
				<total>47</total>
				<timestamp>6528.127273</timestamp>
			</report>
			<report>
				<misses>19803001</misses>
				<total>47</total>
				<timestamp>6528.456938</timestamp>
			</report>
			<report>
				<misses>19804001</misses>
				<total>47</total>
				<timestamp>6528.786664</timestamp>
			</report>
			<report>
				<misses>19805001</misses>
				<total>47</total>
				<timestamp>6529.116267</timestamp>
			</report>
			<report>
				<misses>19806001</misses>
				<total>47</total>
				<timestamp>6529.445974</timestamp>
			</report>
			<report>
				<misses>19807001</misses>
				<total>47</total>
				<timestamp>6529.775630</timestamp>
			</report>
			<report>
				<misses>19808001</misses>
				<total>47</total>
				<timestamp>6530.105322</timestamp>
			</report>
			<report>
				<misses>19809001</misses>
				<total>47</total>
				<timestamp>6530.434957</timestamp>
			</report>
			<report>
				<misses>19810001</misses>
				<total>47</total>
				<timestamp>6530.764612</timestamp>
			</report>
			<report>
				<misses>19811001</misses>
				<total>47</total>
				<timestamp>6531.094300</timestamp>
			</report>
			<report>
				<misses>19812001</misses>
				<total>47</total>
				<timestamp>6531.423979</timestamp>
			</report>
			<report>
				<misses>19813001</misses>
				<total>47</total>
				<timestamp>6531.753631</timestamp>
			</report>
			<report>
				<misses>19814001</misses>
				<total>47</total>
				<timestamp>6532.083327</timestamp>
			</report>
			<report>
				<misses>19815001</misses>
				<total>47</total>
				<timestamp>6532.412981</timestamp>
			</report>
			<report>
				<misses>19816001</misses>
				<total>47</total>
				<timestamp>6532.742655</timestamp>
			</report>
			<report>
				<misses>19817001</misses>
				<total>47</total>
				<timestamp>6533.072310</timestamp>
			</report>
			<report>
				<misses>19818001</misses>
				<total>47</total>
				<timestamp>6533.402025</timestamp>
			</report>
			<report>
				<misses>19819001</misses>
				<total>47</total>
				<timestamp>6533.731630</timestamp>
			</report>
			<report>
				<misses>19820001</misses>
				<total>47</total>
				<timestamp>6534.061326</timestamp>
			</report>
			<report>
				<misses>19821001</misses>
				<total>47</total>
				<timestamp>6534.390973</timestamp>
			</report>
			<report>
				<misses>19822001</misses>
				<total>47</total>
				<timestamp>6534.720636</timestamp>
			</report>
			<report>
				<misses>19823001</misses>
				<total>47</total>
				<timestamp>6535.050374</timestamp>
			</report>
			<report>
				<misses>19824001</misses>
				<total>47</total>
				<timestamp>6535.380051</timestamp>
			</report>
			<report>
				<misses>19825001</misses>
				<total>47</total>
				<timestamp>6535.709664</timestamp>
			</report>
			<report>
				<misses>19826001</misses>
				<total>47</total>
				<timestamp>6536.039325</timestamp>
			</report>
			<report>
				<misses>19827001</misses>
				<total>47</total>
				<timestamp>6536.368996</timestamp>
			</report>
			<report>
				<misses>19828001</misses>
				<total>47</total>
				<timestamp>6536.698660</timestamp>
			</report>
			<report>
				<misses>19829001</misses>
				<total>47</total>
				<timestamp>6537.028339</timestamp>
			</report>
			<report>
				<misses>19830001</misses>
				<total>47</total>
				<timestamp>6537.358068</timestamp>
			</report>
			<report>
				<misses>19831001</misses>
				<total>47</total>
				<timestamp>6537.687667</timestamp>
			</report>
			<report>
				<misses>19832001</misses>
				<total>47</total>
				<timestamp>6538.017385</timestamp>
			</report>
			<report>
				<misses>19833001</misses>
				<total>47</total>
				<timestamp>6538.347024</timestamp>
			</report>
			<report>
				<misses>19834001</misses>
				<total>47</total>
				<timestamp>6538.676701</timestamp>
			</report>
			<report>
				<misses>19835001</misses>
				<total>47</total>
				<timestamp>6539.006387</timestamp>
			</report>
			<report>
				<misses>19836001</misses>
				<total>47</total>
				<timestamp>6539.336047</timestamp>
			</report>
			<report>
				<misses>19837001</misses>
				<total>47</total>
				<timestamp>6539.665708</timestamp>
			</report>
			<report>
				<misses>19838001</misses>
				<total>47</total>
				<timestamp>6539.995388</timestamp>
			</report>
			<report>
				<misses>19839001</misses>
				<total>47</total>
				<timestamp>6540.325122</timestamp>
			</report>
			<report>
				<misses>19840001</misses>
				<total>47</total>
				<timestamp>6540.654708</timestamp>
			</report>
			<report>
				<misses>19841001</misses>
				<total>47</total>
				<timestamp>6540.984388</timestamp>
			</report>
			<report>
				<misses>19842001</misses>
				<total>47</total>
				<timestamp>6541.314084</timestamp>
			</report>
			<report>
				<misses>19843001</misses>
				<total>47</total>
				<timestamp>6541.643729</timestamp>
			</report>
			<report>
				<misses>19844001</misses>
				<total>47</total>
				<timestamp>6541.973382</timestamp>
			</report>
			<report>
				<misses>19845001</misses>
				<total>47</total>
				<timestamp>6542.303055</timestamp>
			</report>
			<report>
				<misses>19846001</misses>
				<total>47</total>
				<timestamp>6542.632728</timestamp>
			</report>
			<report>
				<misses>19847001</misses>
				<total>47</total>
				<timestamp>6542.962384</timestamp>
			</report>
			<report>
				<misses>19848001</misses>
				<total>47</total>
				<timestamp>6543.292097</timestamp>
			</report>
			<report>
				<misses>19849001</misses>
				<total>47</total>
				<timestamp>6543.621732</timestamp>
			</report>
			<report>
				<misses>19850001</misses>
				<total>47</total>
				<timestamp>6543.951403</timestamp>
			</report>
			<report>
				<misses>19851001</misses>
				<total>47</total>
				<timestamp>6544.281080</timestamp>
			</report>
			<report>
				<misses>19852001</misses>
				<total>47</total>
				<timestamp>6544.610766</timestamp>
			</report>
			<report>
				<misses>19853001</misses>
				<total>47</total>
				<timestamp>6544.940432</timestamp>
			</report>
			<report>
				<misses>19854001</misses>
				<total>47</total>
				<timestamp>6545.270096</timestamp>
			</report>
			<report>
				<misses>19855001</misses>
				<total>47</total>
				<timestamp>6545.599756</timestamp>
			</report>
			<report>
				<misses>19856001</misses>
				<total>47</total>
				<timestamp>6545.929421</timestamp>
			</report>
			<report>
				<misses>19857001</misses>
				<total>47</total>
				<timestamp>6546.259126</timestamp>
			</report>
			<report>
				<misses>19858001</misses>
				<total>47</total>
				<timestamp>6546.588765</timestamp>
			</report>
			<report>
				<misses>19859001</misses>
				<total>47</total>
				<timestamp>6546.918454</timestamp>
			</report>
			<report>
				<misses>19860001</misses>
				<total>47</total>
				<timestamp>6547.248122</timestamp>
			</report>
			<report>
				<misses>19861001</misses>
				<total>47</total>
				<timestamp>6547.577777</timestamp>
			</report>
			<report>
				<misses>19862001</misses>
				<total>47</total>
				<timestamp>6547.907525</timestamp>
			</report>
			<report>
				<misses>19863001</misses>
				<total>47</total>
				<timestamp>6548.237162</timestamp>
			</report>
			<report>
				<misses>19864001</misses>
				<total>47</total>
				<timestamp>6548.566779</timestamp>
			</report>
			<report>
				<misses>19865001</misses>
				<total>47</total>
				<timestamp>6548.896454</timestamp>
			</report>
			<report>
				<misses>19866001</misses>
				<total>47</total>
				<timestamp>6549.226164</timestamp>
			</report>
			<report>
				<misses>19867001</misses>
				<total>47</total>
				<timestamp>6549.555810</timestamp>
			</report>
			<report>
				<misses>19868001</misses>
				<total>47</total>
				<timestamp>6549.885505</timestamp>
			</report>
			<report>
				<misses>19869001</misses>
				<total>47</total>
				<timestamp>6550.215151</timestamp>
			</report>
			<report>
				<misses>19870001</misses>
				<total>47</total>
				<timestamp>6550.544804</timestamp>
			</report>
			<report>
				<misses>19871001</misses>
				<total>47</total>
				<timestamp>6550.874469</timestamp>
			</report>
			<report>
				<misses>19872001</misses>
				<total>47</total>
				<timestamp>6551.204178</timestamp>
			</report>
			<report>
				<misses>19873001</misses>
				<total>47</total>
				<timestamp>6551.533879</timestamp>
			</report>
			<report>
				<misses>19874001</misses>
				<total>47</total>
				<timestamp>6551.863506</timestamp>
			</report>
			<report>
				<misses>19875001</misses>
				<total>47</total>
				<timestamp>6552.193174</timestamp>
			</report>
			<report>
				<misses>19876001</misses>
				<total>47</total>
				<timestamp>6552.522900</timestamp>
			</report>
			<report>
				<misses>19877001</misses>
				<total>47</total>
				<timestamp>6552.852507</timestamp>
			</report>
			<report>
				<misses>19878001</misses>
				<total>47</total>
				<timestamp>6553.182190</timestamp>
			</report>
			<report>
				<misses>19879001</misses>
				<total>47</total>
				<timestamp>6553.511836</timestamp>
			</report>
			<report>
				<misses>19880001</misses>
				<total>47</total>
				<timestamp>6553.841503</timestamp>
			</report>
			<report>
				<misses>19881001</misses>
				<total>47</total>
				<timestamp>6554.171197</timestamp>
			</report>
			<report>
				<misses>19882001</misses>
				<total>47</total>
				<timestamp>6554.500850</timestamp>
			</report>
			<report>
				<misses>19883001</misses>
				<total>47</total>
				<timestamp>6554.830520</timestamp>
			</report>
			<report>
				<misses>19884001</misses>
				<total>47</total>
				<timestamp>6555.160192</timestamp>
			</report>
			<report>
				<misses>19885001</misses>
				<total>47</total>
				<timestamp>6555.489877</timestamp>
			</report>
			<report>
				<misses>19886001</misses>
				<total>47</total>
				<timestamp>6555.819529</timestamp>
			</report>
			<report>
				<misses>19887001</misses>
				<total>47</total>
				<timestamp>6556.149209</timestamp>
			</report>
			<report>
				<misses>19888001</misses>
				<total>47</total>
				<timestamp>6556.478879</timestamp>
			</report>
			<report>
				<misses>19889001</misses>
				<total>47</total>
				<timestamp>6556.808627</timestamp>
			</report>
			<report>
				<misses>19890001</misses>
				<total>47</total>
				<timestamp>6557.138216</timestamp>
			</report>
			<report>
				<misses>19891001</misses>
				<total>47</total>
				<timestamp>6557.467909</timestamp>
			</report>
			<report>
				<misses>19892001</misses>
				<total>47</total>
				<timestamp>6557.797573</timestamp>
			</report>
			<report>
				<misses>19893001</misses>
				<total>47</total>
				<timestamp>6558.127241</timestamp>
			</report>
			<report>
				<misses>19894001</misses>
				<total>47</total>
				<timestamp>6558.456935</timestamp>
			</report>
			<report>
				<misses>19895001</misses>
				<total>47</total>
				<timestamp>6558.786574</timestamp>
			</report>
			<report>
				<misses>19896001</misses>
				<total>47</total>
				<timestamp>6559.116280</timestamp>
			</report>
			<report>
				<misses>19897001</misses>
				<total>47</total>
				<timestamp>6559.445922</timestamp>
			</report>
			<report>
				<misses>19898001</misses>
				<total>47</total>
				<timestamp>6559.775579</timestamp>
			</report>
			<report>
				<misses>19899001</misses>
				<total>47</total>
				<timestamp>6560.105253</timestamp>
			</report>
			<report>
				<misses>19900001</misses>
				<total>47</total>
				<timestamp>6560.434940</timestamp>
			</report>
			<report>
				<misses>19901001</misses>
				<total>47</total>
				<timestamp>6560.764580</timestamp>
			</report>
			<report>
				<misses>19902001</misses>
				<total>47</total>
				<timestamp>6561.094265</timestamp>
			</report>
			<report>
				<misses>19903001</misses>
				<total>47</total>
				<timestamp>6561.423955</timestamp>
			</report>
			<report>
				<misses>19904001</misses>
				<total>47</total>
				<timestamp>6561.753603</timestamp>
			</report>
			<report>
				<misses>19905001</misses>
				<total>47</total>
				<timestamp>6562.083255</timestamp>
			</report>
			<report>
				<misses>19906001</misses>
				<total>47</total>
				<timestamp>6562.412976</timestamp>
			</report>
			<report>
				<misses>19907001</misses>
				<total>47</total>
				<timestamp>6562.742593</timestamp>
			</report>
			<report>
				<misses>19908001</misses>
				<total>47</total>
				<timestamp>6563.072321</timestamp>
			</report>
			<report>
				<misses>19909001</misses>
				<total>47</total>
				<timestamp>6563.402012</timestamp>
			</report>
			<report>
				<misses>19910001</misses>
				<total>47</total>
				<timestamp>6563.731624</timestamp>
			</report>
			<report>
				<misses>19911001</misses>
				<total>47</total>
				<timestamp>6564.061289</timestamp>
			</report>
			<report>
				<misses>19912001</misses>
				<total>47</total>
				<timestamp>6564.390956</timestamp>
			</report>
			<report>
				<misses>19913001</misses>
				<total>47</total>
				<timestamp>6564.720631</timestamp>
			</report>
			<report>
				<misses>19914001</misses>
				<total>47</total>
				<timestamp>6565.050283</timestamp>
			</report>
			<report>
				<misses>19915001</misses>
				<total>47</total>
				<timestamp>6565.379996</timestamp>
			</report>
			<report>
				<misses>19916001</misses>
				<total>47</total>
				<timestamp>6565.709623</timestamp>
			</report>
			<report>
				<misses>19917001</misses>
				<total>47</total>
				<timestamp>6566.039300</timestamp>
			</report>
			<report>
				<misses>19918001</misses>
				<total>47</total>
				<timestamp>6566.368977</timestamp>
			</report>
			<report>
				<misses>19919001</misses>
				<total>47</total>
				<timestamp>6566.698661</timestamp>
			</report>
			<report>
				<misses>19920001</misses>
				<total>47</total>
				<timestamp>6567.028329</timestamp>
			</report>
			<report>
				<misses>19921001</misses>
				<total>47</total>
				<timestamp>6567.358011</timestamp>
			</report>
			<report>
				<misses>19922001</misses>
				<total>47</total>
				<timestamp>6567.687659</timestamp>
			</report>
			<report>
				<misses>19923001</misses>
				<total>47</total>
				<timestamp>6568.017311</timestamp>
			</report>
			<report>
				<misses>19924001</misses>
				<total>47</total>
				<timestamp>6568.347005</timestamp>
			</report>
			<report>
				<misses>19925001</misses>
				<total>47</total>
				<timestamp>6568.676663</timestamp>
			</report>
			<report>
				<misses>19926001</misses>
				<total>47</total>
				<timestamp>6569.006332</timestamp>
			</report>
			<report>
				<misses>19927001</misses>
				<total>47</total>
				<timestamp>6569.336068</timestamp>
			</report>
			<report>
				<misses>19928001</misses>
				<total>47</total>
				<timestamp>6569.665677</timestamp>
			</report>
			<report>
				<misses>19929001</misses>
				<total>47</total>
				<timestamp>6569.995350</timestamp>
			</report>
			<report>
				<misses>19930001</misses>
				<total>47</total>
				<timestamp>6570.325001</timestamp>
			</report>
			<report>
				<misses>19931001</misses>
				<total>47</total>
				<timestamp>6570.654667</timestamp>
			</report>
			<report>
				<misses>19932001</misses>
				<total>47</total>
				<timestamp>6570.984343</timestamp>
			</report>
			<report>
				<misses>19933001</misses>
				<total>47</total>
				<timestamp>6571.314049</timestamp>
			</report>
			<report>
				<misses>19934001</misses>
				<total>47</total>
				<timestamp>6571.643742</timestamp>
			</report>
			<report>
				<misses>19935001</misses>
				<total>47</total>
				<timestamp>6571.973346</timestamp>
			</report>
			<report>
				<misses>19936001</misses>
				<total>47</total>
				<timestamp>6572.303064</timestamp>
			</report>
			<report>
				<misses>19937001</misses>
				<total>47</total>
				<timestamp>6572.632701</timestamp>
			</report>
			<report>
				<misses>19938001</misses>
				<total>47</total>
				<timestamp>6572.962403</timestamp>
			</report>
			<report>
				<misses>19939001</misses>
				<total>47</total>
				<timestamp>6573.292080</timestamp>
			</report>
			<report>
				<misses>19940001</misses>
				<total>47</total>
				<timestamp>6573.621710</timestamp>
			</report>
			<report>
				<misses>19941001</misses>
				<total>47</total>
				<timestamp>6573.951370</timestamp>
			</report>
			<report>
				<misses>19942001</misses>
				<total>47</total>
				<timestamp>6574.281076</timestamp>
			</report>
			<report>
				<misses>19943001</misses>
				<total>47</total>
				<timestamp>6574.610778</timestamp>
			</report>
			<report>
				<misses>19944001</misses>
				<total>47</total>
				<timestamp>6574.940408</timestamp>
			</report>
			<report>
				<misses>19945001</misses>
				<total>47</total>
				<timestamp>6575.270140</timestamp>
			</report>
			<report>
				<misses>19946001</misses>
				<total>47</total>
				<timestamp>6575.599800</timestamp>
			</report>
			<report>
				<misses>19947001</misses>
				<total>47</total>
				<timestamp>6575.929411</timestamp>
			</report>
			<report>
				<misses>19948001</misses>
				<total>47</total>
				<timestamp>6576.259127</timestamp>
			</report>
			<report>
				<misses>19949001</misses>
				<total>47</total>
				<timestamp>6576.588798</timestamp>
			</report>
			<report>
				<misses>19950001</misses>
				<total>47</total>
				<timestamp>6576.918451</timestamp>
			</report>
			<report>
				<misses>19951001</misses>
				<total>47</total>
				<timestamp>6577.248102</timestamp>
			</report>
			<report>
				<misses>19952001</misses>
				<total>47</total>
				<timestamp>6577.577842</timestamp>
			</report>
			<report>
				<misses>19953001</misses>
				<total>47</total>
				<timestamp>6577.907435</timestamp>
			</report>
			<report>
				<misses>19954001</misses>
				<total>47</total>
				<timestamp>6578.237139</timestamp>
			</report>
			<report>
				<misses>19955001</misses>
				<total>47</total>
				<timestamp>6578.566835</timestamp>
			</report>
			<report>
				<misses>19956001</misses>
				<total>47</total>
				<timestamp>6578.896438</timestamp>
			</report>
			<report>
				<misses>19957001</misses>
				<total>47</total>
				<timestamp>6579.226126</timestamp>
			</report>
			<report>
				<misses>19958001</misses>
				<total>47</total>
				<timestamp>6579.555796</timestamp>
			</report>
			<report>
				<misses>19959001</misses>
				<total>47</total>
				<timestamp>6579.885530</timestamp>
			</report>
			<report>
				<misses>19960001</misses>
				<total>47</total>
				<timestamp>6580.215136</timestamp>
			</report>
			<report>
				<misses>19961001</misses>
				<total>47</total>
				<timestamp>6580.544832</timestamp>
			</report>
			<report>
				<misses>19962001</misses>
				<total>47</total>
				<timestamp>6580.874444</timestamp>
			</report>
			<report>
				<misses>19963001</misses>
				<total>47</total>
				<timestamp>6581.204143</timestamp>
			</report>
			<report>
				<misses>19964001</misses>
				<total>47</total>
				<timestamp>6581.533834</timestamp>
			</report>
			<report>
				<misses>19965001</misses>
				<total>47</total>
				<timestamp>6581.863447</timestamp>
			</report>
			<report>
				<misses>19966001</misses>
				<total>47</total>
				<timestamp>6582.193142</timestamp>
			</report>
			<report>
				<misses>19967001</misses>
				<total>47</total>
				<timestamp>6582.522833</timestamp>
			</report>
			<report>
				<misses>19968001</misses>
				<total>47</total>
				<timestamp>6582.852459</timestamp>
			</report>
			<report>
				<misses>19969001</misses>
				<total>47</total>
				<timestamp>6583.182138</timestamp>
			</report>
			<report>
				<misses>19970001</misses>
				<total>47</total>
				<timestamp>6583.511807</timestamp>
			</report>
			<report>
				<misses>19971001</misses>
				<total>47</total>
				<timestamp>6583.841500</timestamp>
			</report>
			<report>
				<misses>19972001</misses>
				<total>47</total>
				<timestamp>6584.171153</timestamp>
			</report>
			<report>
				<misses>19973001</misses>
				<total>47</total>
				<timestamp>6584.500909</timestamp>
			</report>
			<report>
				<misses>19974001</misses>
				<total>47</total>
				<timestamp>6584.830486</timestamp>
			</report>
			<report>
				<misses>19975001</misses>
				<total>47</total>
				<timestamp>6585.160165</timestamp>
			</report>
			<report>
				<misses>19976001</misses>
				<total>47</total>
				<timestamp>6585.489849</timestamp>
			</report>
			<report>
				<misses>19977001</misses>
				<total>47</total>
				<timestamp>6585.819505</timestamp>
			</report>
			<report>
				<misses>19978001</misses>
				<total>47</total>
				<timestamp>6586.149186</timestamp>
			</report>
			<report>
				<misses>19979001</misses>
				<total>47</total>
				<timestamp>6586.478898</timestamp>
			</report>
			<report>
				<misses>19980001</misses>
				<total>47</total>
				<timestamp>6586.808505</timestamp>
			</report>
			<report>
				<misses>19981001</misses>
				<total>47</total>
				<timestamp>6587.138198</timestamp>
			</report>
			<report>
				<misses>19982001</misses>
				<total>47</total>
				<timestamp>6587.467914</timestamp>
			</report>
			<report>
				<misses>19983001</misses>
				<total>47</total>
				<timestamp>6587.797537</timestamp>
			</report>
			<report>
				<misses>19984001</misses>
				<total>47</total>
				<timestamp>6588.127180</timestamp>
			</report>
			<report>
				<misses>19985001</misses>
				<total>47</total>
				<timestamp>6588.456887</timestamp>
			</report>
			<report>
				<misses>19986001</misses>
				<total>47</total>
				<timestamp>6588.786514</timestamp>
			</report>
			<report>
				<misses>19987001</misses>
				<total>47</total>
				<timestamp>6589.116200</timestamp>
			</report>
			<report>
				<misses>19988001</misses>
				<total>47</total>
				<timestamp>6589.445889</timestamp>
			</report>
			<report>
				<misses>19989001</misses>
				<total>47</total>
				<timestamp>6589.775557</timestamp>
			</report>
			<report>
				<misses>19990001</misses>
				<total>47</total>
				<timestamp>6590.105213</timestamp>
			</report>
			<report>
				<misses>19991001</misses>
				<total>47</total>
				<timestamp>6590.434892</timestamp>
			</report>
			<report>
				<misses>19992001</misses>
				<total>47</total>
				<timestamp>6590.764550</timestamp>
			</report>
			<report>
				<misses>19993001</misses>
				<total>47</total>
				<timestamp>6591.094225</timestamp>
			</report>
			<report>
				<misses>19994001</misses>
				<total>47</total>
				<timestamp>6591.423919</timestamp>
			</report>
			<report>
				<misses>19995001</misses>
				<total>47</total>
				<timestamp>6591.753556</timestamp>
			</report>
			<report>
				<misses>19996001</misses>
				<total>47</total>
				<timestamp>6592.083245</timestamp>
			</report>
			<report>
				<misses>19997001</misses>
				<total>47</total>
				<timestamp>6592.412898</timestamp>
			</report>
			<report>
				<misses>19998001</misses>
				<total>47</total>
				<timestamp>6592.742587</timestamp>
			</report>
			<report>
				<misses>19999001</misses>
				<total>47</total>
				<timestamp>6593.072245</timestamp>
			</report>
			<report>
				<misses>20000001</misses>
				<total>47</total>
				<timestamp>6593.402003</timestamp>
			</report>
			<report>
				<misses>20001001</misses>
				<total>47</total>
				<timestamp>6593.731584</timestamp>
			</report>
			<report>
				<misses>20002001</misses>
				<total>47</total>
				<timestamp>6594.061300</timestamp>
			</report>
			<report>
				<misses>20003001</misses>
				<total>47</total>
				<timestamp>6594.390922</timestamp>
			</report>
			<report>
				<misses>20004001</misses>
				<total>47</total>
				<timestamp>6594.720641</timestamp>
			</report>
			<report>
				<misses>20005001</misses>
				<total>47</total>
				<timestamp>6595.050260</timestamp>
			</report>
			<report>
				<misses>20006001</misses>
				<total>47</total>
				<timestamp>6595.379927</timestamp>
			</report>
			<report>
				<misses>20007001</misses>
				<total>47</total>
				<timestamp>6595.709600</timestamp>
			</report>
			<report>
				<misses>20008001</misses>
				<total>47</total>
				<timestamp>6596.039273</timestamp>
			</report>
			<report>
				<misses>20009001</misses>
				<total>47</total>
				<timestamp>6596.368937</timestamp>
			</report>
			<report>
				<misses>20010001</misses>
				<total>47</total>
				<timestamp>6596.698601</timestamp>
			</report>
			<report>
				<misses>20011001</misses>
				<total>47</total>
				<timestamp>6597.028286</timestamp>
			</report>
			<report>
				<misses>20012001</misses>
				<total>47</total>
				<timestamp>6597.357986</timestamp>
			</report>
			<report>
				<misses>20013001</misses>
				<total>47</total>
				<timestamp>6597.687683</timestamp>
			</report>
			<report>
				<misses>20014001</misses>
				<total>47</total>
				<timestamp>6598.017282</timestamp>
			</report>
			<report>
				<misses>20015001</misses>
				<total>47</total>
				<timestamp>6598.346974</timestamp>
			</report>
			<report>
				<misses>20016001</misses>
				<total>47</total>
				<timestamp>6598.676632</timestamp>
			</report>
			<report>
				<misses>20017001</misses>
				<total>47</total>
				<timestamp>6599.006296</timestamp>
			</report>
			<report>
				<misses>20018001</misses>
				<total>47</total>
				<timestamp>6599.335982</timestamp>
			</report>
			<report>
				<misses>20019001</misses>
				<total>47</total>
				<timestamp>6599.665663</timestamp>
			</report>
			<report>
				<misses>20020001</misses>
				<total>47</total>
				<timestamp>6599.995326</timestamp>
			</report>
			<report>
				<misses>20021001</misses>
				<total>47</total>
				<timestamp>6600.324971</timestamp>
			</report>
			<report>
				<misses>20022001</misses>
				<total>47</total>
				<timestamp>6600.654717</timestamp>
			</report>
			<report>
				<misses>20023001</misses>
				<total>47</total>
				<timestamp>6600.984334</timestamp>
			</report>
			<report>
				<misses>20024001</misses>
				<total>47</total>
				<timestamp>6601.314042</timestamp>
			</report>
			<report>
				<misses>20025001</misses>
				<total>47</total>
				<timestamp>6601.643670</timestamp>
			</report>
			<report>
				<misses>20026001</misses>
				<total>47</total>
				<timestamp>6601.973322</timestamp>
			</report>
			<report>
				<misses>20027001</misses>
				<total>47</total>
				<timestamp>6602.303028</timestamp>
			</report>
			<report>
				<misses>20028001</misses>
				<total>47</total>
				<timestamp>6602.632708</timestamp>
			</report>
			<report>
				<misses>20029001</misses>
				<total>47</total>
				<timestamp>6602.962333</timestamp>
			</report>
			<report>
				<misses>20030001</misses>
				<total>47</total>
				<timestamp>6603.292016</timestamp>
			</report>
			<report>
				<misses>20031001</misses>
				<total>47</total>
				<timestamp>6603.621676</timestamp>
			</report>
			<report>
				<misses>20032001</misses>
				<total>47</total>
				<timestamp>6603.951355</timestamp>
			</report>
			<report>
				<misses>20033001</misses>
				<total>47</total>
				<timestamp>6604.281026</timestamp>
			</report>
			<report>
				<misses>20034001</misses>
				<total>47</total>
				<timestamp>6604.610688</timestamp>
			</report>
			<report>
				<misses>20035001</misses>
				<total>47</total>
				<timestamp>6604.940347</timestamp>
			</report>
			<report>
				<misses>20036001</misses>
				<total>47</total>
				<timestamp>6605.270026</timestamp>
			</report>
			<report>
				<misses>20037001</misses>
				<total>47</total>
				<timestamp>6605.599721</timestamp>
			</report>
			<report>
				<misses>20038001</misses>
				<total>47</total>
				<timestamp>6605.929378</timestamp>
			</report>
			<report>
				<misses>20039001</misses>
				<total>47</total>
				<timestamp>6606.259041</timestamp>
			</report>
			<report>
				<misses>20040001</misses>
				<total>47</total>
				<timestamp>6606.588726</timestamp>
			</report>
			<report>
				<misses>20041001</misses>
				<total>47</total>
				<timestamp>6606.918384</timestamp>
			</report>
			<report>
				<misses>20042001</misses>
				<total>47</total>
				<timestamp>6607.248061</timestamp>
			</report>
			<report>
				<misses>20043001</misses>
				<total>47</total>
				<timestamp>6607.577725</timestamp>
			</report>
			<report>
				<misses>20044001</misses>
				<total>47</total>
				<timestamp>6607.907408</timestamp>
			</report>
			<report>
				<misses>20045001</misses>
				<total>47</total>
				<timestamp>6608.237074</timestamp>
			</report>
			<report>
				<misses>20046001</misses>
				<total>47</total>
				<timestamp>6608.566782</timestamp>
			</report>
			<report>
				<misses>20047001</misses>
				<total>47</total>
				<timestamp>6608.896406</timestamp>
			</report>
			<report>
				<misses>20048001</misses>
				<total>47</total>
				<timestamp>6609.226078</timestamp>
			</report>
			<report>
				<misses>20049001</misses>
				<total>47</total>
				<timestamp>6609.555747</timestamp>
			</report>
			<report>
				<misses>20050001</misses>
				<total>47</total>
				<timestamp>6609.885409</timestamp>
			</report>
			<report>
				<misses>20051001</misses>
				<total>47</total>
				<timestamp>6610.215088</timestamp>
			</report>
			<report>
				<misses>20052001</misses>
				<total>47</total>
				<timestamp>6610.544773</timestamp>
			</report>
			<report>
				<misses>20053001</misses>
				<total>47</total>
				<timestamp>6610.874442</timestamp>
			</report>
			<report>
				<misses>20054001</misses>
				<total>47</total>
				<timestamp>6611.204079</timestamp>
			</report>
			<report>
				<misses>20055001</misses>
				<total>47</total>
				<timestamp>6611.533816</timestamp>
			</report>
			<report>
				<misses>20056001</misses>
				<total>47</total>
				<timestamp>6611.863418</timestamp>
			</report>
			<report>
				<misses>20057001</misses>
				<total>47</total>
				<timestamp>6612.193109</timestamp>
			</report>
			<report>
				<misses>20058001</misses>
				<total>47</total>
				<timestamp>6612.522826</timestamp>
			</report>
			<report>
				<misses>20059001</misses>
				<total>47</total>
				<timestamp>6612.852426</timestamp>
			</report>
			<report>
				<misses>20060001</misses>
				<total>47</total>
				<timestamp>6613.182113</timestamp>
			</report>
			<report>
				<misses>20061001</misses>
				<total>47</total>
				<timestamp>6613.511810</timestamp>
			</report>
			<report>
				<misses>20062001</misses>
				<total>47</total>
				<timestamp>6613.841447</timestamp>
			</report>
			<report>
				<misses>20063001</misses>
				<total>47</total>
				<timestamp>6614.171111</timestamp>
			</report>
			<report>
				<misses>20064001</misses>
				<total>47</total>
				<timestamp>6614.500908</timestamp>
			</report>
			<report>
				<misses>20065001</misses>
				<total>47</total>
				<timestamp>6614.830452</timestamp>
			</report>
			<report>
				<misses>20066001</misses>
				<total>47</total>
				<timestamp>6615.160164</timestamp>
			</report>
			<report>
				<misses>20067001</misses>
				<total>47</total>
				<timestamp>6615.489823</timestamp>
			</report>
			<report>
				<misses>20068001</misses>
				<total>47</total>
				<timestamp>6615.819517</timestamp>
			</report>
			<report>
				<misses>20069001</misses>
				<total>47</total>
				<timestamp>6616.149140</timestamp>
			</report>
			<report>
				<misses>20070001</misses>
				<total>47</total>
				<timestamp>6616.478870</timestamp>
			</report>
			<report>
				<misses>20071001</misses>
				<total>47</total>
				<timestamp>6616.808477</timestamp>
			</report>
			<report>
				<misses>20072001</misses>
				<total>47</total>
				<timestamp>6617.138141</timestamp>
			</report>
			<report>
				<misses>20073001</misses>
				<total>47</total>
				<timestamp>6617.467836</timestamp>
			</report>
			<report>
				<misses>20074001</misses>
				<total>47</total>
				<timestamp>6617.797496</timestamp>
			</report>
			<report>
				<misses>20075001</misses>
				<total>47</total>
				<timestamp>6618.127160</timestamp>
			</report>
			<report>
				<misses>20076001</misses>
				<total>47</total>
				<timestamp>6618.456835</timestamp>
			</report>
			<report>
				<misses>20077001</misses>
				<total>47</total>
				<timestamp>6618.786510</timestamp>
			</report>
			<report>
				<misses>20078001</misses>
				<total>47</total>
				<timestamp>6619.116173</timestamp>
			</report>
			<report>
				<misses>20079001</misses>
				<total>47</total>
				<timestamp>6619.445853</timestamp>
			</report>
			<report>
				<misses>20080001</misses>
				<total>47</total>
				<timestamp>6619.775584</timestamp>
			</report>
			<report>
				<misses>20081001</misses>
				<total>47</total>
				<timestamp>6620.105184</timestamp>
			</report>
			<report>
				<misses>20082001</misses>
				<total>47</total>
				<timestamp>6620.434874</timestamp>
			</report>
			<report>
				<misses>20083001</misses>
				<total>47</total>
				<timestamp>6620.764527</timestamp>
			</report>
			<report>
				<misses>20084001</misses>
				<total>47</total>
				<timestamp>6621.094205</timestamp>
			</report>
			<report>
				<misses>20085001</misses>
				<total>47</total>
				<timestamp>6621.423890</timestamp>
			</report>
			<report>
				<misses>20086001</misses>
				<total>47</total>
				<timestamp>6621.753547</timestamp>
			</report>
			<report>
				<misses>20087001</misses>
				<total>47</total>
				<timestamp>6622.083202</timestamp>
			</report>
			<report>
				<misses>20088001</misses>
				<total>47</total>
				<timestamp>6622.412890</timestamp>
			</report>
			<report>
				<misses>20089001</misses>
				<total>47</total>
				<timestamp>6622.742575</timestamp>
			</report>
			<report>
				<misses>20090001</misses>
				<total>47</total>
				<timestamp>6623.072226</timestamp>
			</report>
			<report>
				<misses>20091001</misses>
				<total>47</total>
				<timestamp>6623.401884</timestamp>
			</report>
			<report>
				<misses>20092001</misses>
				<total>47</total>
				<timestamp>6623.731615</timestamp>
			</report>
			<report>
				<misses>20093001</misses>
				<total>47</total>
				<timestamp>6624.061232</timestamp>
			</report>
			<report>
				<misses>20094001</misses>
				<total>47</total>
				<timestamp>6624.390883</timestamp>
			</report>
			<report>
				<misses>20095001</misses>
				<total>47</total>
				<timestamp>6624.720624</timestamp>
			</report>
			<report>
				<misses>20096001</misses>
				<total>47</total>
				<timestamp>6625.050218</timestamp>
			</report>
			<report>
				<misses>20097001</misses>
				<total>47</total>
				<timestamp>6625.379898</timestamp>
			</report>
			<report>
				<misses>20098001</misses>
				<total>47</total>
				<timestamp>6625.709560</timestamp>
			</report>
			<report>
				<misses>20099001</misses>
				<total>47</total>
				<timestamp>6626.039243</timestamp>
			</report>
			<report>
				<misses>20100001</misses>
				<total>47</total>
				<timestamp>6626.368905</timestamp>
			</report>
			<report>
				<misses>20101001</misses>
				<total>47</total>
				<timestamp>6626.698593</timestamp>
			</report>
			<report>
				<misses>20102001</misses>
				<total>47</total>
				<timestamp>6627.028256</timestamp>
			</report>
			<report>
				<misses>20103001</misses>
				<total>47</total>
				<timestamp>6627.357980</timestamp>
			</report>
			<report>
				<misses>20104001</misses>
				<total>47</total>
				<timestamp>6627.687598</timestamp>
			</report>
			<report>
				<misses>20105001</misses>
				<total>47</total>
				<timestamp>6628.017251</timestamp>
			</report>
			<report>
				<misses>20106001</misses>
				<total>47</total>
				<timestamp>6628.346936</timestamp>
			</report>
			<report>
				<misses>20107001</misses>
				<total>47</total>
				<timestamp>6628.676629</timestamp>
			</report>
			<report>
				<misses>20108001</misses>
				<total>47</total>
				<timestamp>6629.006288</timestamp>
			</report>
			<report>
				<misses>20109001</misses>
				<total>47</total>
				<timestamp>6629.335950</timestamp>
			</report>
			<report>
				<misses>20110001</misses>
				<total>47</total>
				<timestamp>6629.665686</timestamp>
			</report>
			<report>
				<misses>20111001</misses>
				<total>47</total>
				<timestamp>6629.995273</timestamp>
			</report>
			<report>
				<misses>20112001</misses>
				<total>47</total>
				<timestamp>6630.324953</timestamp>
			</report>
			<report>
				<misses>20113001</misses>
				<total>47</total>
				<timestamp>6630.654636</timestamp>
			</report>
			<report>
				<misses>20114001</misses>
				<total>47</total>
				<timestamp>6630.984297</timestamp>
			</report>
			<report>
				<misses>20115001</misses>
				<total>47</total>
				<timestamp>6631.313961</timestamp>
			</report>
			<report>
				<misses>20116001</misses>
				<total>47</total>
				<timestamp>6631.643726</timestamp>
			</report>
			<report>
				<misses>20117001</misses>
				<total>47</total>
				<timestamp>6631.973299</timestamp>
			</report>
			<report>
				<misses>20118001</misses>
				<total>47</total>
				<timestamp>6632.302987</timestamp>
			</report>
			<report>
				<misses>20119001</misses>
				<total>47</total>
				<timestamp>6632.632665</timestamp>
			</report>
			<report>
				<misses>20120001</misses>
				<total>47</total>
				<timestamp>6632.962321</timestamp>
			</report>
			<report>
				<misses>20121001</misses>
				<total>47</total>
				<timestamp>6633.291982</timestamp>
			</report>
			<report>
				<misses>20122001</misses>
				<total>47</total>
				<timestamp>6633.621706</timestamp>
			</report>
			<report>
				<misses>20123001</misses>
				<total>47</total>
				<timestamp>6633.951318</timestamp>
			</report>
			<report>
				<misses>20124001</misses>
				<total>47</total>
				<timestamp>6634.281016</timestamp>
			</report>
			<report>
				<misses>20125001</misses>
				<total>47</total>
				<timestamp>6634.610752</timestamp>
			</report>
			<report>
				<misses>20126001</misses>
				<total>47</total>
				<timestamp>6634.940332</timestamp>
			</report>
			<report>
				<misses>20127001</misses>
				<total>47</total>
				<timestamp>6635.270000</timestamp>
			</report>
			<report>
				<misses>20128001</misses>
				<total>47</total>
				<timestamp>6635.599676</timestamp>
			</report>
			<report>
				<misses>20129001</misses>
				<total>47</total>
				<timestamp>6635.929338</timestamp>
			</report>
			<report>
				<misses>20130001</misses>
				<total>47</total>
				<timestamp>6636.259001</timestamp>
			</report>
			<report>
				<misses>20131001</misses>
				<total>47</total>
				<timestamp>6636.588690</timestamp>
			</report>
			<report>
				<misses>20132001</misses>
				<total>47</total>
				<timestamp>6636.918358</timestamp>
			</report>
			<report>
				<misses>20133001</misses>
				<total>47</total>
				<timestamp>6637.248010</timestamp>
			</report>
			<report>
				<misses>20134001</misses>
				<total>47</total>
				<timestamp>6637.577704</timestamp>
			</report>
			<report>
				<misses>20135001</misses>
				<total>47</total>
				<timestamp>6637.907352</timestamp>
			</report>
			<report>
				<misses>20136001</misses>
				<total>47</total>
				<timestamp>6638.237021</timestamp>
			</report>
			<report>
				<misses>20137001</misses>
				<total>47</total>
				<timestamp>6638.566769</timestamp>
			</report>
			<report>
				<misses>20138001</misses>
				<total>47</total>
				<timestamp>6638.896358</timestamp>
			</report>
			<report>
				<misses>20139001</misses>
				<total>47</total>
				<timestamp>6639.226045</timestamp>
			</report>
			<report>
				<misses>20140001</misses>
				<total>47</total>
				<timestamp>6639.555702</timestamp>
			</report>
			<report>
				<misses>20141001</misses>
				<total>47</total>
				<timestamp>6639.885378</timestamp>
			</report>
			<report>
				<misses>20142001</misses>
				<total>47</total>
				<timestamp>6640.215050</timestamp>
			</report>
			<report>
				<misses>20143001</misses>
				<total>47</total>
				<timestamp>6640.544793</timestamp>
			</report>
			<report>
				<misses>20144001</misses>
				<total>47</total>
				<timestamp>6640.874396</timestamp>
			</report>
			<report>
				<misses>20145001</misses>
				<total>47</total>
				<timestamp>6641.204065</timestamp>
			</report>
			<report>
				<misses>20146001</misses>
				<total>47</total>
				<timestamp>6641.533777</timestamp>
			</report>
			<report>
				<misses>20147001</misses>
				<total>47</total>
				<timestamp>6641.863386</timestamp>
			</report>
			<report>
				<misses>20148001</misses>
				<total>47</total>
				<timestamp>6642.193097</timestamp>
			</report>
			<report>
				<misses>20149001</misses>
				<total>47</total>
				<timestamp>6642.522824</timestamp>
			</report>
			<report>
				<misses>20150001</misses>
				<total>47</total>
				<timestamp>6642.852481</timestamp>
			</report>
			<report>
				<misses>20151001</misses>
				<total>47</total>
				<timestamp>6643.182077</timestamp>
			</report>
			<report>
				<misses>20152001</misses>
				<total>47</total>
				<timestamp>6643.511756</timestamp>
			</report>
			<report>
				<misses>20153001</misses>
				<total>47</total>
				<timestamp>6643.841406</timestamp>
			</report>
			<report>
				<misses>20154001</misses>
				<total>47</total>
				<timestamp>6644.171086</timestamp>
			</report>
			<report>
				<misses>20155001</misses>
				<total>47</total>
				<timestamp>6644.500785</timestamp>
			</report>
			<report>
				<misses>20156001</misses>
				<total>47</total>
				<timestamp>6644.830448</timestamp>
			</report>
			<report>
				<misses>20157001</misses>
				<total>47</total>
				<timestamp>6645.160091</timestamp>
			</report>
			<report>
				<misses>20158001</misses>
				<total>47</total>
				<timestamp>6645.489763</timestamp>
			</report>
			<report>
				<misses>20159001</misses>
				<total>47</total>
				<timestamp>6645.819432</timestamp>
			</report>
			<report>
				<misses>20160001</misses>
				<total>47</total>
				<timestamp>6646.149095</timestamp>
			</report>
			<report>
				<misses>20161001</misses>
				<total>47</total>
				<timestamp>6646.478767</timestamp>
			</report>
			<report>
				<misses>20162001</misses>
				<total>47</total>
				<timestamp>6646.808431</timestamp>
			</report>
			<report>
				<misses>20163001</misses>
				<total>47</total>
				<timestamp>6647.138119</timestamp>
			</report>
			<report>
				<misses>20164001</misses>
				<total>47</total>
				<timestamp>6647.467771</timestamp>
			</report>
			<report>
				<misses>20165001</misses>
				<total>47</total>
				<timestamp>6647.797547</timestamp>
			</report>
			<report>
				<misses>20166001</misses>
				<total>47</total>
				<timestamp>6648.127151</timestamp>
			</report>
			<report>
				<misses>20167001</misses>
				<total>47</total>
				<timestamp>6648.456815</timestamp>
			</report>
			<report>
				<misses>20168001</misses>
				<total>47</total>
				<timestamp>6648.786542</timestamp>
			</report>
			<report>
				<misses>20169001</misses>
				<total>47</total>
				<timestamp>6649.116142</timestamp>
			</report>
			<report>
				<misses>20170001</misses>
				<total>47</total>
				<timestamp>6649.445814</timestamp>
			</report>
			<report>
				<misses>20171001</misses>
				<total>47</total>
				<timestamp>6649.775511</timestamp>
			</report>
			<report>
				<misses>20172001</misses>
				<total>47</total>
				<timestamp>6650.105191</timestamp>
			</report>
			<report>
				<misses>20173001</misses>
				<total>47</total>
				<timestamp>6650.434837</timestamp>
			</report>
			<report>
				<misses>20174001</misses>
				<total>47</total>
				<timestamp>6650.764527</timestamp>
			</report>
			<report>
				<misses>20175001</misses>
				<total>47</total>
				<timestamp>6651.094183</timestamp>
			</report>
			<report>
				<misses>20176001</misses>
				<total>47</total>
				<timestamp>6651.423829</timestamp>
			</report>
			<report>
				<misses>20177001</misses>
				<total>47</total>
				<timestamp>6651.753572</timestamp>
			</report>
			<report>
				<misses>20178001</misses>
				<total>47</total>
				<timestamp>6652.083171</timestamp>
			</report>
			<report>
				<misses>20179001</misses>
				<total>47</total>
				<timestamp>6652.412842</timestamp>
			</report>
			<report>
				<misses>20180001</misses>
				<total>47</total>
				<timestamp>6652.742549</timestamp>
			</report>
			<report>
				<misses>20181001</misses>
				<total>47</total>
				<timestamp>6653.072198</timestamp>
			</report>
			<report>
				<misses>20182001</misses>
				<total>47</total>
				<timestamp>6653.401866</timestamp>
			</report>
			<report>
				<misses>20183001</misses>
				<total>47</total>
				<timestamp>6653.731609</timestamp>
			</report>
			<report>
				<misses>20184001</misses>
				<total>47</total>
				<timestamp>6654.061188</timestamp>
			</report>
			<report>
				<misses>20185001</misses>
				<total>47</total>
				<timestamp>6654.390850</timestamp>
			</report>
			<report>
				<misses>20186001</misses>
				<total>47</total>
				<timestamp>6654.720577</timestamp>
			</report>
			<report>
				<misses>20187001</misses>
				<total>47</total>
				<timestamp>6655.050222</timestamp>
			</report>
			<report>
				<misses>20188001</misses>
				<total>47</total>
				<timestamp>6655.379860</timestamp>
			</report>
			<report>
				<misses>20189001</misses>
				<total>47</total>
				<timestamp>6655.709607</timestamp>
			</report>
			<report>
				<misses>20190001</misses>
				<total>47</total>
				<timestamp>6656.039206</timestamp>
			</report>
			<report>
				<misses>20191001</misses>
				<total>47</total>
				<timestamp>6656.368927</timestamp>
			</report>
			<report>
				<misses>20192001</misses>
				<total>47</total>
				<timestamp>6656.698579</timestamp>
			</report>
			<report>
				<misses>20193001</misses>
				<total>47</total>
				<timestamp>6657.028227</timestamp>
			</report>
			<report>
				<misses>20194001</misses>
				<total>47</total>
				<timestamp>6657.357886</timestamp>
			</report>
			<report>
				<misses>20195001</misses>
				<total>47</total>
				<timestamp>6657.687611</timestamp>
			</report>
			<report>
				<misses>20196001</misses>
				<total>47</total>
				<timestamp>6658.017235</timestamp>
			</report>
			<report>
				<misses>20197001</misses>
				<total>47</total>
				<timestamp>6658.346892</timestamp>
			</report>
			<report>
				<misses>20198001</misses>
				<total>47</total>
				<timestamp>6658.676594</timestamp>
			</report>
			<report>
				<misses>20199001</misses>
				<total>47</total>
				<timestamp>6659.006248</timestamp>
			</report>
			<report>
				<misses>20200001</misses>
				<total>47</total>
				<timestamp>6659.335918</timestamp>
			</report>
			<report>
				<misses>20201001</misses>
				<total>47</total>
				<timestamp>6659.665594</timestamp>
			</report>
			<report>
				<misses>20202001</misses>
				<total>47</total>
				<timestamp>6659.995244</timestamp>
			</report>
			<report>
				<misses>20203001</misses>
				<total>47</total>
				<timestamp>6660.324932</timestamp>
			</report>
			<report>
				<misses>20204001</misses>
				<total>47</total>
				<timestamp>6660.654593</timestamp>
			</report>
			<report>
				<misses>20205001</misses>
				<total>47</total>
				<timestamp>6660.984259</timestamp>
			</report>
			<report>
				<misses>20206001</misses>
				<total>47</total>
				<timestamp>6661.313922</timestamp>
			</report>
			<report>
				<misses>20207001</misses>
				<total>47</total>
				<timestamp>6661.643594</timestamp>
			</report>
			<report>
				<misses>20208001</misses>
				<total>47</total>
				<timestamp>6661.973261</timestamp>
			</report>
			<report>
				<misses>20209001</misses>
				<total>48</total>
				<timestamp>6662.302938</timestamp>
			</report>
			<report>
				<misses>20210001</misses>
				<total>48</total>
				<timestamp>6662.632633</timestamp>
			</report>
			<report>
				<misses>20211001</misses>
				<total>48</total>
				<timestamp>6662.962278</timestamp>
			</report>
			<report>
				<misses>20212001</misses>
				<total>48</total>
				<timestamp>6663.291943</timestamp>
			</report>
			<report>
				<misses>20213001</misses>
				<total>48</total>
				<timestamp>6663.621663</timestamp>
			</report>
			<report>
				<misses>20214001</misses>
				<total>48</total>
				<timestamp>6663.951294</timestamp>
			</report>
			<report>
				<misses>20215001</misses>
				<total>48</total>
				<timestamp>6664.280992</timestamp>
			</report>
			<report>
				<misses>20216001</misses>
				<total>48</total>
				<timestamp>6664.610656</timestamp>
			</report>
			<report>
				<misses>20217001</misses>
				<total>48</total>
				<timestamp>6664.940323</timestamp>
			</report>
			<report>
				<misses>20218001</misses>
				<total>48</total>
				<timestamp>6665.270015</timestamp>
			</report>
			<report>
				<misses>20219001</misses>
				<total>48</total>
				<timestamp>6665.599642</timestamp>
			</report>
			<report>
				<misses>20220001</misses>
				<total>48</total>
				<timestamp>6665.929291</timestamp>
			</report>
			<report>
				<misses>20221001</misses>
				<total>48</total>
				<timestamp>6666.258987</timestamp>
			</report>
			<report>
				<misses>20222001</misses>
				<total>48</total>
				<timestamp>6666.588647</timestamp>
			</report>
			<report>
				<misses>20223001</misses>
				<total>48</total>
				<timestamp>6666.918309</timestamp>
			</report>
			<report>
				<misses>20224001</misses>
				<total>48</total>
				<timestamp>6667.247975</timestamp>
			</report>
			<report>
				<misses>20225001</misses>
				<total>48</total>
				<timestamp>6667.577655</timestamp>
			</report>
			<report>
				<misses>20226001</misses>
				<total>48</total>
				<timestamp>6667.907374</timestamp>
			</report>
			<report>
				<misses>20227001</misses>
				<total>48</total>
				<timestamp>6668.236989</timestamp>
			</report>
			<report>
				<misses>20228001</misses>
				<total>48</total>
				<timestamp>6668.566662</timestamp>
			</report>
			<report>
				<misses>20229001</misses>
				<total>48</total>
				<timestamp>6668.896415</timestamp>
			</report>
			<report>
				<misses>20230001</misses>
				<total>48</total>
				<timestamp>6669.226006</timestamp>
			</report>
			<report>
				<misses>20231001</misses>
				<total>48</total>
				<timestamp>6669.555703</timestamp>
			</report>
			<report>
				<misses>20232001</misses>
				<total>48</total>
				<timestamp>6669.885446</timestamp>
			</report>
			<report>
				<misses>20233001</misses>
				<total>48</total>
				<timestamp>6670.215012</timestamp>
			</report>
			<report>
				<misses>20234001</misses>
				<total>48</total>
				<timestamp>6670.544689</timestamp>
			</report>
			<report>
				<misses>20235001</misses>
				<total>48</total>
				<timestamp>6670.874415</timestamp>
			</report>
			<report>
				<misses>20236001</misses>
				<total>48</total>
				<timestamp>6671.204029</timestamp>
			</report>
			<report>
				<misses>20237001</misses>
				<total>48</total>
				<timestamp>6671.533715</timestamp>
			</report>
			<report>
				<misses>20238001</misses>
				<total>48</total>
				<timestamp>6671.863397</timestamp>
			</report>
			<report>
				<misses>20239001</misses>
				<total>48</total>
				<timestamp>6672.193041</timestamp>
			</report>
			<report>
				<misses>20240001</misses>
				<total>48</total>
				<timestamp>6672.522727</timestamp>
			</report>
			<report>
				<misses>20241001</misses>
				<total>48</total>
				<timestamp>6672.852416</timestamp>
			</report>
			<report>
				<misses>20242001</misses>
				<total>48</total>
				<timestamp>6673.182068</timestamp>
			</report>
			<report>
				<misses>20243001</misses>
				<total>48</total>
				<timestamp>6673.511718</timestamp>
			</report>
			<report>
				<misses>20244001</misses>
				<total>48</total>
				<timestamp>6673.841442</timestamp>
			</report>
			<report>
				<misses>20245001</misses>
				<total>48</total>
				<timestamp>6674.171074</timestamp>
			</report>
			<report>
				<misses>20246001</misses>
				<total>48</total>
				<timestamp>6674.500724</timestamp>
			</report>
			<report>
				<misses>20247001</misses>
				<total>48</total>
				<timestamp>6674.830521</timestamp>
			</report>
			<report>
				<misses>20248001</misses>
				<total>48</total>
				<timestamp>6675.160092</timestamp>
			</report>
			<report>
				<misses>20249001</misses>
				<total>48</total>
				<timestamp>6675.489743</timestamp>
			</report>
			<report>
				<misses>20250001</misses>
				<total>48</total>
				<timestamp>6675.819468</timestamp>
			</report>
			<report>
				<misses>20251001</misses>
				<total>48</total>
				<timestamp>6676.149090</timestamp>
			</report>
			<report>
				<misses>20252001</misses>
				<total>48</total>
				<timestamp>6676.478760</timestamp>
			</report>
			<report>
				<misses>20253001</misses>
				<total>48</total>
				<timestamp>6676.808407</timestamp>
			</report>
			<report>
				<misses>20254001</misses>
				<total>48</total>
				<timestamp>6677.138102</timestamp>
			</report>
			<report>
				<misses>20255001</misses>
				<total>48</total>
				<timestamp>6677.467759</timestamp>
			</report>
			<report>
				<misses>20256001</misses>
				<total>48</total>
				<timestamp>6677.797516</timestamp>
			</report>
			<report>
				<misses>20257001</misses>
				<total>48</total>
				<timestamp>6678.127158</timestamp>
			</report>
			<report>
				<misses>20258001</misses>
				<total>48</total>
				<timestamp>6678.456753</timestamp>
			</report>
			<report>
				<misses>20259001</misses>
				<total>48</total>
				<timestamp>6678.786480</timestamp>
			</report>
			<report>
				<misses>20260001</misses>
				<total>48</total>
				<timestamp>6679.116114</timestamp>
			</report>
			<report>
				<misses>20261001</misses>
				<total>48</total>
				<timestamp>6679.445771</timestamp>
			</report>
			<report>
				<misses>20262001</misses>
				<total>48</total>
				<timestamp>6679.775468</timestamp>
			</report>
			<report>
				<misses>20263001</misses>
				<total>48</total>
				<timestamp>6680.105135</timestamp>
			</report>
			<report>
				<misses>20264001</misses>
				<total>48</total>
				<timestamp>6680.434800</timestamp>
			</report>
			<report>
				<misses>20265001</misses>
				<total>48</total>
				<timestamp>6680.764484</timestamp>
			</report>
			<report>
				<misses>20266001</misses>
				<total>48</total>
				<timestamp>6681.094127</timestamp>
			</report>
			<report>
				<misses>20267001</misses>
				<total>48</total>
				<timestamp>6681.423803</timestamp>
			</report>
			<report>
				<misses>20268001</misses>
				<total>48</total>
				<timestamp>6681.753513</timestamp>
			</report>
			<report>
				<misses>20269001</misses>
				<total>48</total>
				<timestamp>6682.083136</timestamp>
			</report>
			<report>
				<misses>20270001</misses>
				<total>48</total>
				<timestamp>6682.412803</timestamp>
			</report>
			<report>
				<misses>20271001</misses>
				<total>48</total>
				<timestamp>6682.742520</timestamp>
			</report>
			<report>
				<misses>20272001</misses>
				<total>48</total>
				<timestamp>6683.072175</timestamp>
			</report>
			<report>
				<misses>20273001</misses>
				<total>48</total>
				<timestamp>6683.401824</timestamp>
			</report>
			<report>
				<misses>20274001</misses>
				<total>48</total>
				<timestamp>6683.731502</timestamp>
			</report>
			<report>
				<misses>20275001</misses>
				<total>48</total>
				<timestamp>6684.061155</timestamp>
			</report>
			<report>
				<misses>20276001</misses>
				<total>48</total>
				<timestamp>6684.390821</timestamp>
			</report>
			<report>
				<misses>20277001</misses>
				<total>48</total>
				<timestamp>6684.720498</timestamp>
			</report>
			<report>
				<misses>20278001</misses>
				<total>48</total>
				<timestamp>6685.050181</timestamp>
			</report>
			<report>
				<misses>20279001</misses>
				<total>48</total>
				<timestamp>6685.379840</timestamp>
			</report>
			<report>
				<misses>20280001</misses>
				<total>48</total>
				<timestamp>6685.709547</timestamp>
			</report>
			<report>
				<misses>20281001</misses>
				<total>48</total>
				<timestamp>6686.039169</timestamp>
			</report>
			<report>
				<misses>20282001</misses>
				<total>48</total>
				<timestamp>6686.368837</timestamp>
			</report>
			<report>
				<misses>20283001</misses>
				<total>48</total>
				<timestamp>6686.698527</timestamp>
			</report>
			<report>
				<misses>20284001</misses>
				<total>48</total>
				<timestamp>6687.028194</timestamp>
			</report>
			<report>
				<misses>20285001</misses>
				<total>48</total>
				<timestamp>6687.357853</timestamp>
			</report>
			<report>
				<misses>20286001</misses>
				<total>48</total>
				<timestamp>6687.687524</timestamp>
			</report>
			<report>
				<misses>20287001</misses>
				<total>48</total>
				<timestamp>6688.017214</timestamp>
			</report>
			<report>
				<misses>20288001</misses>
				<total>48</total>
				<timestamp>6688.346882</timestamp>
			</report>
			<report>
				<misses>20289001</misses>
				<total>48</total>
				<timestamp>6688.676534</timestamp>
			</report>
			<report>
				<misses>20290001</misses>
				<total>48</total>
				<timestamp>6689.006230</timestamp>
			</report>
			<report>
				<misses>20291001</misses>
				<total>48</total>
				<timestamp>6689.335866</timestamp>
			</report>
			<report>
				<misses>20292001</misses>
				<total>48</total>
				<timestamp>6689.665592</timestamp>
			</report>
			<report>
				<misses>20293001</misses>
				<total>48</total>
				<timestamp>6689.995224</timestamp>
			</report>
			<report>
				<misses>20294001</misses>
				<total>48</total>
				<timestamp>6690.324883</timestamp>
			</report>
			<report>
				<misses>20295001</misses>
				<total>48</total>
				<timestamp>6690.654567</timestamp>
			</report>
			<report>
				<misses>20296001</misses>
				<total>48</total>
				<timestamp>6690.984314</timestamp>
			</report>
			<report>
				<misses>20297001</misses>
				<total>48</total>
				<timestamp>6691.313897</timestamp>
			</report>
			<report>
				<misses>20298001</misses>
				<total>48</total>
				<timestamp>6691.643576</timestamp>
			</report>
			<report>
				<misses>20299001</misses>
				<total>48</total>
				<timestamp>6691.973257</timestamp>
			</report>
			<report>
				<misses>20300001</misses>
				<total>48</total>
				<timestamp>6692.302907</timestamp>
			</report>
			<report>
				<misses>20301001</misses>
				<total>48</total>
				<timestamp>6692.632613</timestamp>
			</report>
			<report>
				<misses>20302001</misses>
				<total>48</total>
				<timestamp>6692.962322</timestamp>
			</report>
			<report>
				<misses>20303001</misses>
				<total>48</total>
				<timestamp>6693.291935</timestamp>
			</report>
			<report>
				<misses>20304001</misses>
				<total>48</total>
				<timestamp>6693.621591</timestamp>
			</report>
			<report>
				<misses>20305001</misses>
				<total>48</total>
				<timestamp>6693.951358</timestamp>
			</report>
			<report>
				<misses>20306001</misses>
				<total>48</total>
				<timestamp>6694.280981</timestamp>
			</report>
			<report>
				<misses>20307001</misses>
				<total>48</total>
				<timestamp>6694.610594</timestamp>
			</report>
			<report>
				<misses>20308001</misses>
				<total>48</total>
				<timestamp>6694.940313</timestamp>
			</report>
			<report>
				<misses>20309001</misses>
				<total>48</total>
				<timestamp>6695.269947</timestamp>
			</report>
			<report>
				<misses>20310001</misses>
				<total>48</total>
				<timestamp>6695.599614</timestamp>
			</report>
			<report>
				<misses>20311001</misses>
				<total>48</total>
				<timestamp>6695.929339</timestamp>
			</report>
			<report>
				<misses>20312001</misses>
				<total>48</total>
				<timestamp>6696.258991</timestamp>
			</report>
			<report>
				<misses>20313001</misses>
				<total>48</total>
				<timestamp>6696.588615</timestamp>
			</report>
			<report>
				<misses>20314001</misses>
				<total>48</total>
				<timestamp>6696.918372</timestamp>
			</report>
			<report>
				<misses>20315001</misses>
				<total>48</total>
				<timestamp>6697.247947</timestamp>
			</report>
			<report>
				<misses>20316001</misses>
				<total>48</total>
				<timestamp>6697.577636</timestamp>
			</report>
			<report>
				<misses>20317001</misses>
				<total>48</total>
				<timestamp>6697.907327</timestamp>
			</report>
			<report>
				<misses>20318001</misses>
				<total>48</total>
				<timestamp>6698.236975</timestamp>
			</report>
			<report>
				<misses>20319001</misses>
				<total>48</total>
				<timestamp>6698.566640</timestamp>
			</report>
			<report>
				<misses>20320001</misses>
				<total>48</total>
				<timestamp>6698.896354</timestamp>
			</report>
			<report>
				<misses>20321001</misses>
				<total>48</total>
				<timestamp>6699.225971</timestamp>
			</report>
			<report>
				<misses>20322001</misses>
				<total>48</total>
				<timestamp>6699.555647</timestamp>
			</report>
			<report>
				<misses>20323001</misses>
				<total>48</total>
				<timestamp>6699.885331</timestamp>
			</report>
			<report>
				<misses>20324001</misses>
				<total>48</total>
				<timestamp>6700.214986</timestamp>
			</report>
			<report>
				<misses>20325001</misses>
				<total>48</total>
				<timestamp>6700.544658</timestamp>
			</report>
			<report>
				<misses>20326001</misses>
				<total>48</total>
				<timestamp>6700.874393</timestamp>
			</report>
			<report>
				<misses>20327001</misses>
				<total>48</total>
				<timestamp>6701.203990</timestamp>
			</report>
			<report>
				<misses>20328001</misses>
				<total>48</total>
				<timestamp>6701.533675</timestamp>
			</report>
			<report>
				<misses>20329001</misses>
				<total>48</total>
				<timestamp>6701.863367</timestamp>
			</report>
			<report>
				<misses>20330001</misses>
				<total>48</total>
				<timestamp>6702.193008</timestamp>
			</report>
			<report>
				<misses>20331001</misses>
				<total>48</total>
				<timestamp>6702.522681</timestamp>
			</report>
			<report>
				<misses>20332001</misses>
				<total>48</total>
				<timestamp>6702.852399</timestamp>
			</report>
			<report>
				<misses>20333001</misses>
				<total>48</total>
				<timestamp>6703.182026</timestamp>
			</report>
			<report>
				<misses>20334001</misses>
				<total>48</total>
				<timestamp>6703.511677</timestamp>
			</report>
			<report>
				<misses>20335001</misses>
				<total>48</total>
				<timestamp>6703.841405</timestamp>
			</report>
			<report>
				<misses>20336001</misses>
				<total>48</total>
				<timestamp>6704.171021</timestamp>
			</report>
			<report>
				<misses>20337001</misses>
				<total>48</total>
				<timestamp>6704.500692</timestamp>
			</report>
			<report>
				<misses>20338001</misses>
				<total>48</total>
				<timestamp>6704.830425</timestamp>
			</report>
			<report>
				<misses>20339001</misses>
				<total>48</total>
				<timestamp>6705.160021</timestamp>
			</report>
			<report>
				<misses>20340001</misses>
				<total>48</total>
				<timestamp>6705.489711</timestamp>
			</report>
			<report>
				<misses>20341001</misses>
				<total>48</total>
				<timestamp>6705.819448</timestamp>
			</report>
			<report>
				<misses>20342001</misses>
				<total>48</total>
				<timestamp>6706.149053</timestamp>
			</report>
			<report>
				<misses>20343001</misses>
				<total>48</total>
				<timestamp>6706.478708</timestamp>
			</report>
			<report>
				<misses>20344001</misses>
				<total>48</total>
				<timestamp>6706.808426</timestamp>
			</report>
			<report>
				<misses>20345001</misses>
				<total>48</total>
				<timestamp>6707.138059</timestamp>
			</report>
			<report>
				<misses>20346001</misses>
				<total>48</total>
				<timestamp>6707.467732</timestamp>
			</report>
			<report>
				<misses>20347001</misses>
				<total>48</total>
				<timestamp>6707.797440</timestamp>
			</report>
			<report>
				<misses>20348001</misses>
				<total>48</total>
				<timestamp>6708.127075</timestamp>
			</report>
			<report>
				<misses>20349001</misses>
				<total>48</total>
				<timestamp>6708.456811</timestamp>
			</report>
			<report>
				<misses>20350001</misses>
				<total>48</total>
				<timestamp>6708.786410</timestamp>
			</report>
			<report>
				<misses>20351001</misses>
				<total>48</total>
				<timestamp>6709.116101</timestamp>
			</report>
			<report>
				<misses>20352001</misses>
				<total>48</total>
				<timestamp>6709.445755</timestamp>
			</report>
			<report>
				<misses>20353001</misses>
				<total>48</total>
				<timestamp>6709.775425</timestamp>
			</report>
			<report>
				<misses>20354001</misses>
				<total>48</total>
				<timestamp>6710.105128</timestamp>
			</report>
			<report>
				<misses>20355001</misses>
				<total>48</total>
				<timestamp>6710.434769</timestamp>
			</report>
			<report>
				<misses>20356001</misses>
				<total>48</total>
				<timestamp>6710.764420</timestamp>
			</report>
			<report>
				<misses>20357001</misses>
				<total>48</total>
				<timestamp>6711.094178</timestamp>
			</report>
			<report>
				<misses>20358001</misses>
				<total>48</total>
				<timestamp>6711.423785</timestamp>
			</report>
			<report>
				<misses>20359001</misses>
				<total>48</total>
				<timestamp>6711.753475</timestamp>
			</report>
			<report>
				<misses>20360001</misses>
				<total>48</total>
				<timestamp>6712.083142</timestamp>
			</report>
			<report>
				<misses>20361001</misses>
				<total>48</total>
				<timestamp>6712.412826</timestamp>
			</report>
			<report>
				<misses>20362001</misses>
				<total>48</total>
				<timestamp>6712.742448</timestamp>
			</report>
			<report>
				<misses>20363001</misses>
				<total>48</total>
				<timestamp>6713.072224</timestamp>
			</report>
			<report>
				<misses>20364001</misses>
				<total>48</total>
				<timestamp>6713.401792</timestamp>
			</report>
			<report>
				<misses>20365001</misses>
				<total>48</total>
				<timestamp>6713.731502</timestamp>
			</report>
			<report>
				<misses>20366001</misses>
				<total>48</total>
				<timestamp>6714.061222</timestamp>
			</report>
			<report>
				<misses>20367001</misses>
				<total>48</total>
				<timestamp>6714.390803</timestamp>
			</report>
			<report>
				<misses>20368001</misses>
				<total>48</total>
				<timestamp>6714.720517</timestamp>
			</report>
			<report>
				<misses>20369001</misses>
				<total>48</total>
				<timestamp>6715.050284</timestamp>
			</report>
			<report>
				<misses>20370001</misses>
				<total>48</total>
				<timestamp>6715.379848</timestamp>
			</report>
			<report>
				<misses>20371001</misses>
				<total>48</total>
				<timestamp>6715.709481</timestamp>
			</report>
			<report>
				<misses>20372001</misses>
				<total>48</total>
				<timestamp>6716.039248</timestamp>
			</report>
			<report>
				<misses>20373001</misses>
				<total>48</total>
				<timestamp>6716.368825</timestamp>
			</report>
			<report>
				<misses>20374001</misses>
				<total>48</total>
				<timestamp>6716.698493</timestamp>
			</report>
			<report>
				<misses>20375001</misses>
				<total>48</total>
				<timestamp>6717.028201</timestamp>
			</report>
			<report>
				<misses>20376001</misses>
				<total>48</total>
				<timestamp>6717.357836</timestamp>
			</report>
			<report>
				<misses>20377001</misses>
				<total>48</total>
				<timestamp>6717.687510</timestamp>
			</report>
			<report>
				<misses>20378001</misses>
				<total>48</total>
				<timestamp>6718.017191</timestamp>
			</report>
			<report>
				<misses>20379001</misses>
				<total>48</total>
				<timestamp>6718.346853</timestamp>
			</report>
			<report>
				<misses>20380001</misses>
				<total>48</total>
				<timestamp>6718.676504</timestamp>
			</report>
			<report>
				<misses>20381001</misses>
				<total>48</total>
				<timestamp>6719.006221</timestamp>
			</report>
			<report>
				<misses>20382001</misses>
				<total>48</total>
				<timestamp>6719.335859</timestamp>
			</report>
			<report>
				<misses>20383001</misses>
				<total>48</total>
				<timestamp>6719.665566</timestamp>
			</report>
			<report>
				<misses>20384001</misses>
				<total>48</total>
				<timestamp>6719.995236</timestamp>
			</report>
			<report>
				<misses>20385001</misses>
				<total>48</total>
				<timestamp>6720.324854</timestamp>
			</report>
			<report>
				<misses>20386001</misses>
				<total>48</total>
				<timestamp>6720.654530</timestamp>
			</report>
			<report>
				<misses>20387001</misses>
				<total>48</total>
				<timestamp>6720.984215</timestamp>
			</report>
			<report>
				<misses>20388001</misses>
				<total>48</total>
				<timestamp>6721.313940</timestamp>
			</report>
			<report>
				<misses>20389001</misses>
				<total>48</total>
				<timestamp>6721.643617</timestamp>
			</report>
			<report>
				<misses>20390001</misses>
				<total>48</total>
				<timestamp>6721.973318</timestamp>
			</report>
			<report>
				<misses>20391001</misses>
				<total>48</total>
				<timestamp>6722.302874</timestamp>
			</report>
			<report>
				<misses>20392001</misses>
				<total>48</total>
				<timestamp>6722.632560</timestamp>
			</report>
			<report>
				<misses>20393001</misses>
				<total>48</total>
				<timestamp>6722.962295</timestamp>
			</report>
			<report>
				<misses>20394001</misses>
				<total>48</total>
				<timestamp>6723.291892</timestamp>
			</report>
			<report>
				<misses>20395001</misses>
				<total>48</total>
				<timestamp>6723.621579</timestamp>
			</report>
			<report>
				<misses>20396001</misses>
				<total>48</total>
				<timestamp>6723.951256</timestamp>
			</report>
			<report>
				<misses>20397001</misses>
				<total>48</total>
				<timestamp>6724.280910</timestamp>
			</report>
			<report>
				<misses>20398001</misses>
				<total>48</total>
				<timestamp>6724.610583</timestamp>
			</report>
			<report>
				<misses>20399001</misses>
				<total>48</total>
				<timestamp>6724.940345</timestamp>
			</report>
			<report>
				<misses>20400001</misses>
				<total>48</total>
				<timestamp>6725.269921</timestamp>
			</report>
			<report>
				<misses>20401001</misses>
				<total>48</total>
				<timestamp>6725.599596</timestamp>
			</report>
			<report>
				<misses>20402001</misses>
				<total>48</total>
				<timestamp>6725.929303</timestamp>
			</report>
			<report>
				<misses>20403001</misses>
				<total>48</total>
				<timestamp>6726.258904</timestamp>
			</report>
			<report>
				<misses>20404001</misses>
				<total>48</total>
				<timestamp>6726.588585</timestamp>
			</report>
			<report>
				<misses>20405001</misses>
				<total>48</total>
				<timestamp>6726.918260</timestamp>
			</report>
			<report>
				<misses>20406001</misses>
				<total>48</total>
				<timestamp>6727.247946</timestamp>
			</report>
			<report>
				<misses>20407001</misses>
				<total>48</total>
				<timestamp>6727.577671</timestamp>
			</report>
			<report>
				<misses>20408001</misses>
				<total>48</total>
				<timestamp>6727.907315</timestamp>
			</report>
			<report>
				<misses>20409001</misses>
				<total>48</total>
				<timestamp>6728.236945</timestamp>
			</report>
			<report>
				<misses>20410001</misses>
				<total>48</total>
				<timestamp>6728.566609</timestamp>
			</report>
			<report>
				<misses>20411001</misses>
				<total>48</total>
				<timestamp>6728.896271</timestamp>
			</report>
			<report>
				<misses>20412001</misses>
				<total>48</total>
				<timestamp>6729.225942</timestamp>
			</report>
			<report>
				<misses>20413001</misses>
				<total>48</total>
				<timestamp>6729.555630</timestamp>
			</report>
			<report>
				<misses>20414001</misses>
				<total>48</total>
				<timestamp>6729.885405</timestamp>
			</report>
			<report>
				<misses>20415001</misses>
				<total>48</total>
				<timestamp>6730.214944</timestamp>
			</report>
			<report>
				<misses>20416001</misses>
				<total>48</total>
				<timestamp>6730.544627</timestamp>
			</report>
			<report>
				<misses>20417001</misses>
				<total>48</total>
				<timestamp>6730.874289</timestamp>
			</report>
			<report>
				<misses>20418001</misses>
				<total>48</total>
				<timestamp>6731.203984</timestamp>
			</report>
			<report>
				<misses>20419001</misses>
				<total>48</total>
				<timestamp>6731.533628</timestamp>
			</report>
			<report>
				<misses>20420001</misses>
				<total>48</total>
				<timestamp>6731.863329</timestamp>
			</report>
			<report>
				<misses>20421001</misses>
				<total>48</total>
				<timestamp>6732.193085</timestamp>
			</report>
			<report>
				<misses>20422001</misses>
				<total>48</total>
				<timestamp>6732.522642</timestamp>
			</report>
			<report>
				<misses>20423001</misses>
				<total>48</total>
				<timestamp>6732.852356</timestamp>
			</report>
			<report>
				<misses>20424001</misses>
				<total>48</total>
				<timestamp>6733.182101</timestamp>
			</report>
			<report>
				<misses>20425001</misses>
				<total>48</total>
				<timestamp>6733.511657</timestamp>
			</report>
			<report>
				<misses>20426001</misses>
				<total>48</total>
				<timestamp>6733.841328</timestamp>
			</report>
			<report>
				<misses>20427001</misses>
				<total>48</total>
				<timestamp>6734.170996</timestamp>
			</report>
			<report>
				<misses>20428001</misses>
				<total>48</total>
				<timestamp>6734.500659</timestamp>
			</report>
			<report>
				<misses>20429001</misses>
				<total>48</total>
				<timestamp>6734.830402</timestamp>
			</report>
			<report>
				<misses>20430001</misses>
				<total>48</total>
				<timestamp>6735.160028</timestamp>
			</report>
			<report>
				<misses>20431001</misses>
				<total>48</total>
				<timestamp>6735.489698</timestamp>
			</report>
			<report>
				<misses>20432001</misses>
				<total>48</total>
				<timestamp>6735.819381</timestamp>
			</report>
			<report>
				<misses>20433001</misses>
				<total>48</total>
				<timestamp>6736.149052</timestamp>
			</report>
			<report>
				<misses>20434001</misses>
				<total>48</total>
				<timestamp>6736.478689</timestamp>
			</report>
			<report>
				<misses>20435001</misses>
				<total>48</total>
				<timestamp>6736.808360</timestamp>
			</report>
			<report>
				<misses>20436001</misses>
				<total>48</total>
				<timestamp>6737.138101</timestamp>
			</report>
			<report>
				<misses>20437001</misses>
				<total>48</total>
				<timestamp>6737.467721</timestamp>
			</report>
			<report>
				<misses>20438001</misses>
				<total>48</total>
				<timestamp>6737.797374</timestamp>
			</report>
			<report>
				<misses>20439001</misses>
				<total>48</total>
				<timestamp>6738.127058</timestamp>
			</report>
			<report>
				<misses>20440001</misses>
				<total>48</total>
				<timestamp>6738.456705</timestamp>
			</report>
			<report>
				<misses>20441001</misses>
				<total>48</total>
				<timestamp>6738.786453</timestamp>
			</report>
			<report>
				<misses>20442001</misses>
				<total>48</total>
				<timestamp>6739.116091</timestamp>
			</report>
			<report>
				<misses>20443001</misses>
				<total>48</total>
				<timestamp>6739.445716</timestamp>
			</report>
			<report>
				<misses>20444001</misses>
				<total>48</total>
				<timestamp>6739.775402</timestamp>
			</report>
			<report>
				<misses>20445001</misses>
				<total>48</total>
				<timestamp>6740.105141</timestamp>
			</report>
			<report>
				<misses>20446001</misses>
				<total>48</total>
				<timestamp>6740.434742</timestamp>
			</report>
			<report>
				<misses>20447001</misses>
				<total>48</total>
				<timestamp>6740.764406</timestamp>
			</report>
			<report>
				<misses>20448001</misses>
				<total>48</total>
				<timestamp>6741.094118</timestamp>
			</report>
			<report>
				<misses>20449001</misses>
				<total>48</total>
				<timestamp>6741.423738</timestamp>
			</report>
			<report>
				<misses>20450001</misses>
				<total>48</total>
				<timestamp>6741.753426</timestamp>
			</report>
			<report>
				<misses>20451001</misses>
				<total>48</total>
				<timestamp>6742.083122</timestamp>
			</report>
			<report>
				<misses>20452001</misses>
				<total>48</total>
				<timestamp>6742.412752</timestamp>
			</report>
			<report>
				<misses>20453001</misses>
				<total>48</total>
				<timestamp>6742.742432</timestamp>
			</report>
			<report>
				<misses>20454001</misses>
				<total>48</total>
				<timestamp>6743.072126</timestamp>
			</report>
			<report>
				<misses>20455001</misses>
				<total>48</total>
				<timestamp>6743.401758</timestamp>
			</report>
			<report>
				<misses>20456001</misses>
				<total>48</total>
				<timestamp>6743.731447</timestamp>
			</report>
			<report>
				<misses>20457001</misses>
				<total>48</total>
				<timestamp>6744.061115</timestamp>
			</report>
			<report>
				<misses>20458001</misses>
				<total>48</total>
				<timestamp>6744.390781</timestamp>
			</report>
			<report>
				<misses>20459001</misses>
				<total>48</total>
				<timestamp>6744.720430</timestamp>
			</report>
			<report>
				<misses>20460001</misses>
				<total>48</total>
				<timestamp>6745.050209</timestamp>
			</report>
			<report>
				<misses>20461001</misses>
				<total>48</total>
				<timestamp>6745.379797</timestamp>
			</report>
			<report>
				<misses>20462001</misses>
				<total>48</total>
				<timestamp>6745.709446</timestamp>
			</report>
			<report>
				<misses>20463001</misses>
				<total>48</total>
				<timestamp>6746.039125</timestamp>
			</report>
			<report>
				<misses>20464001</misses>
				<total>48</total>
				<timestamp>6746.368812</timestamp>
			</report>
			<report>
				<misses>20465001</misses>
				<total>48</total>
				<timestamp>6746.698483</timestamp>
			</report>
			<report>
				<misses>20466001</misses>
				<total>48</total>
				<timestamp>6747.028130</timestamp>
			</report>
			<report>
				<misses>20467001</misses>
				<total>48</total>
				<timestamp>6747.357794</timestamp>
			</report>
			<report>
				<misses>20468001</misses>
				<total>48</total>
				<timestamp>6747.687487</timestamp>
			</report>
			<report>
				<misses>20469001</misses>
				<total>48</total>
				<timestamp>6748.017170</timestamp>
			</report>
			<report>
				<misses>20470001</misses>
				<total>48</total>
				<timestamp>6748.346813</timestamp>
			</report>
			<report>
				<misses>20471001</misses>
				<total>48</total>
				<timestamp>6748.676493</timestamp>
			</report>
			<report>
				<misses>20472001</misses>
				<total>48</total>
				<timestamp>6749.006205</timestamp>
			</report>
			<report>
				<misses>20473001</misses>
				<total>48</total>
				<timestamp>6749.335814</timestamp>
			</report>
			<report>
				<misses>20474001</misses>
				<total>48</total>
				<timestamp>6749.665508</timestamp>
			</report>
			<report>
				<misses>20475001</misses>
				<total>48</total>
				<timestamp>6749.995225</timestamp>
			</report>
			<report>
				<misses>20476001</misses>
				<total>48</total>
				<timestamp>6750.324856</timestamp>
			</report>
			<report>
				<misses>20477001</misses>
				<total>48</total>
				<timestamp>6750.654511</timestamp>
			</report>
			<report>
				<misses>20478001</misses>
				<total>48</total>
				<timestamp>6750.984207</timestamp>
			</report>
			<report>
				<misses>20479001</misses>
				<total>48</total>
				<timestamp>6751.313854</timestamp>
			</report>
			<report>
				<misses>20480001</misses>
				<total>48</total>
				<timestamp>6751.643512</timestamp>
			</report>
			<report>
				<misses>20481001</misses>
				<total>48</total>
				<timestamp>6751.973208</timestamp>
			</report>
			<report>
				<misses>20482001</misses>
				<total>48</total>
				<timestamp>6752.302857</timestamp>
			</report>
			<report>
				<misses>20483001</misses>
				<total>48</total>
				<timestamp>6752.632510</timestamp>
			</report>
			<report>
				<misses>20484001</misses>
				<total>48</total>
				<timestamp>6752.962195</timestamp>
			</report>
			<report>
				<misses>20485001</misses>
				<total>48</total>
				<timestamp>6753.291879</timestamp>
			</report>
			<report>
				<misses>20486001</misses>
				<total>48</total>
				<timestamp>6753.621530</timestamp>
			</report>
			<report>
				<misses>20487001</misses>
				<total>48</total>
				<timestamp>6753.951223</timestamp>
			</report>
			<report>
				<misses>20488001</misses>
				<total>48</total>
				<timestamp>6754.280886</timestamp>
			</report>
			<report>
				<misses>20489001</misses>
				<total>48</total>
				<timestamp>6754.610552</timestamp>
			</report>
			<report>
				<misses>20490001</misses>
				<total>48</total>
				<timestamp>6754.940236</timestamp>
			</report>
			<report>
				<misses>20491001</misses>
				<total>48</total>
				<timestamp>6755.269919</timestamp>
			</report>
			<report>
				<misses>20492001</misses>
				<total>48</total>
				<timestamp>6755.599539</timestamp>
			</report>
			<report>
				<misses>20493001</misses>
				<total>48</total>
				<timestamp>6755.929290</timestamp>
			</report>
			<report>
				<misses>20494001</misses>
				<total>48</total>
				<timestamp>6756.258887</timestamp>
			</report>
			<report>
				<misses>20495001</misses>
				<total>48</total>
				<timestamp>6756.588578</timestamp>
			</report>
			<report>
				<misses>20496001</misses>
				<total>48</total>
				<timestamp>6756.918230</timestamp>
			</report>
			<report>
				<misses>20497001</misses>
				<total>48</total>
				<timestamp>6757.247930</timestamp>
			</report>
			<report>
				<misses>20498001</misses>
				<total>48</total>
				<timestamp>6757.577576</timestamp>
			</report>
			<report>
				<misses>20499001</misses>
				<total>48</total>
				<timestamp>6757.907243</timestamp>
			</report>
			<report>
				<misses>20500001</misses>
				<total>48</total>
				<timestamp>6758.236931</timestamp>
			</report>
			<report>
				<misses>20501001</misses>
				<total>48</total>
				<timestamp>6758.566659</timestamp>
			</report>
			<report>
				<misses>20502001</misses>
				<total>48</total>
				<timestamp>6758.896242</timestamp>
			</report>
			<report>
				<misses>20503001</misses>
				<total>48</total>
				<timestamp>6759.225928</timestamp>
			</report>
			<report>
				<misses>20504001</misses>
				<total>48</total>
				<timestamp>6759.555617</timestamp>
			</report>
			<report>
				<misses>20505001</misses>
				<total>48</total>
				<timestamp>6759.885255</timestamp>
			</report>
			<report>
				<misses>20506001</misses>
				<total>48</total>
				<timestamp>6760.214977</timestamp>
			</report>
			<report>
				<misses>20507001</misses>
				<total>48</total>
				<timestamp>6760.544599</timestamp>
			</report>
			<report>
				<misses>20508001</misses>
				<total>48</total>
				<timestamp>6760.874346</timestamp>
			</report>
			<report>
				<misses>20509001</misses>
				<total>48</total>
				<timestamp>6761.203998</timestamp>
			</report>
			<report>
				<misses>20510001</misses>
				<total>48</total>
				<timestamp>6761.533610</timestamp>
			</report>
			<report>
				<misses>20511001</misses>
				<total>48</total>
				<timestamp>6761.863287</timestamp>
			</report>
			<report>
				<misses>20512001</misses>
				<total>48</total>
				<timestamp>6762.192976</timestamp>
			</report>
			<report>
				<misses>20513001</misses>
				<total>48</total>
				<timestamp>6762.522614</timestamp>
			</report>
			<report>
				<misses>20514001</misses>
				<total>48</total>
				<timestamp>6762.852297</timestamp>
			</report>
			<report>
				<misses>20515001</misses>
				<total>48</total>
				<timestamp>6763.181995</timestamp>
			</report>
			<report>
				<misses>20516001</misses>
				<total>48</total>
				<timestamp>6763.511629</timestamp>
			</report>
			<report>
				<misses>20517001</misses>
				<total>48</total>
				<timestamp>6763.841300</timestamp>
			</report>
			<report>
				<misses>20518001</misses>
				<total>48</total>
				<timestamp>6764.171039</timestamp>
			</report>
			<report>
				<misses>20519001</misses>
				<total>48</total>
				<timestamp>6764.500631</timestamp>
			</report>
			<report>
				<misses>20520001</misses>
				<total>48</total>
				<timestamp>6764.830305</timestamp>
			</report>
			<report>
				<misses>20521001</misses>
				<total>48</total>
				<timestamp>6765.160030</timestamp>
			</report>
			<report>
				<misses>20522001</misses>
				<total>48</total>
				<timestamp>6765.489643</timestamp>
			</report>
			<report>
				<misses>20523001</misses>
				<total>48</total>
				<timestamp>6765.819321</timestamp>
			</report>
			<report>
				<misses>20524001</misses>
				<total>48</total>
				<timestamp>6766.149092</timestamp>
			</report>
			<report>
				<misses>20525001</misses>
				<total>48</total>
				<timestamp>6766.478663</timestamp>
			</report>
			<report>
				<misses>20526001</misses>
				<total>48</total>
				<timestamp>6766.808373</timestamp>
			</report>
			<report>
				<misses>20527001</misses>
				<total>48</total>
				<timestamp>6767.138031</timestamp>
			</report>
			<report>
				<misses>20528001</misses>
				<total>48</total>
				<timestamp>6767.467661</timestamp>
			</report>
			<report>
				<misses>20529001</misses>
				<total>48</total>
				<timestamp>6767.797332</timestamp>
			</report>
			<report>
				<misses>20530001</misses>
				<total>48</total>
				<timestamp>6768.127035</timestamp>
			</report>
			<report>
				<misses>20531001</misses>
				<total>48</total>
				<timestamp>6768.456715</timestamp>
			</report>
			<report>
				<misses>20532001</misses>
				<total>48</total>
				<timestamp>6768.786349</timestamp>
			</report>
			<report>
				<misses>20533001</misses>
				<total>48</total>
				<timestamp>6769.116095</timestamp>
			</report>
			<report>
				<misses>20534001</misses>
				<total>48</total>
				<timestamp>6769.445682</timestamp>
			</report>
			<report>
				<misses>20535001</misses>
				<total>48</total>
				<timestamp>6769.775354</timestamp>
			</report>
			<report>
				<misses>20536001</misses>
				<total>48</total>
				<timestamp>6770.105033</timestamp>
			</report>
			<report>
				<misses>20537001</misses>
				<total>48</total>
				<timestamp>6770.434686</timestamp>
			</report>
			<report>
				<misses>20538001</misses>
				<total>48</total>
				<timestamp>6770.764371</timestamp>
			</report>
			<report>
				<misses>20539001</misses>
				<total>48</total>
				<timestamp>6771.094088</timestamp>
			</report>
			<report>
				<misses>20540001</misses>
				<total>48</total>
				<timestamp>6771.423710</timestamp>
			</report>
			<report>
				<misses>20541001</misses>
				<total>48</total>
				<timestamp>6771.753364</timestamp>
			</report>
			<report>
				<misses>20542001</misses>
				<total>48</total>
				<timestamp>6772.083108</timestamp>
			</report>
			<report>
				<misses>20543001</misses>
				<total>48</total>
				<timestamp>6772.412722</timestamp>
			</report>
			<report>
				<misses>20544001</misses>
				<total>48</total>
				<timestamp>6772.742394</timestamp>
			</report>
			<report>
				<misses>20545001</misses>
				<total>48</total>
				<timestamp>6773.072065</timestamp>
			</report>
			<report>
				<misses>20546001</misses>
				<total>48</total>
				<timestamp>6773.401761</timestamp>
			</report>
			<report>
				<misses>20547001</misses>
				<total>48</total>
				<timestamp>6773.731469</timestamp>
			</report>
			<report>
				<misses>20548001</misses>
				<total>48</total>
				<timestamp>6774.061056</timestamp>
			</report>
			<report>
				<misses>20549001</misses>
				<total>48</total>
				<timestamp>6774.390766</timestamp>
			</report>
			<report>
				<misses>20550001</misses>
				<total>48</total>
				<timestamp>6774.720393</timestamp>
			</report>
			<report>
				<misses>20551001</misses>
				<total>48</total>
				<timestamp>6775.050073</timestamp>
			</report>
			<report>
				<misses>20552001</misses>
				<total>48</total>
				<timestamp>6775.379755</timestamp>
			</report>
			<report>
				<misses>20553001</misses>
				<total>48</total>
				<timestamp>6775.709427</timestamp>
			</report>
			<report>
				<misses>20554001</misses>
				<total>48</total>
				<timestamp>6776.039116</timestamp>
			</report>
			<report>
				<misses>20555001</misses>
				<total>48</total>
				<timestamp>6776.368771</timestamp>
			</report>
			<report>
				<misses>20556001</misses>
				<total>48</total>
				<timestamp>6776.698422</timestamp>
			</report>
			<report>
				<misses>20557001</misses>
				<total>48</total>
				<timestamp>6777.028113</timestamp>
			</report>
			<report>
				<misses>20558001</misses>
				<total>48</total>
				<timestamp>6777.357810</timestamp>
			</report>
			<report>
				<misses>20559001</misses>
				<total>48</total>
				<timestamp>6777.687472</timestamp>
			</report>
			<report>
				<misses>20560001</misses>
				<total>48</total>
				<timestamp>6778.017157</timestamp>
			</report>
			<report>
				<misses>20561001</misses>
				<total>48</total>
				<timestamp>6778.346796</timestamp>
			</report>
			<report>
				<misses>20562001</misses>
				<total>48</total>
				<timestamp>6778.676437</timestamp>
			</report>
			<report>
				<misses>20563001</misses>
				<total>48</total>
				<timestamp>6779.006187</timestamp>
			</report>
			<report>
				<misses>20564001</misses>
				<total>48</total>
				<timestamp>6779.335809</timestamp>
			</report>
			<report>
				<misses>20565001</misses>
				<total>48</total>
				<timestamp>6779.665461</timestamp>
			</report>
			<report>
				<misses>20566001</misses>
				<total>48</total>
				<timestamp>6779.995131</timestamp>
			</report>
			<report>
				<misses>20567001</misses>
				<total>48</total>
				<timestamp>6780.324808</timestamp>
			</report>
			<report>
				<misses>20568001</misses>
				<total>48</total>
				<timestamp>6780.654490</timestamp>
			</report>
			<report>
				<misses>20569001</misses>
				<total>48</total>
				<timestamp>6780.984167</timestamp>
			</report>
			<report>
				<misses>20570001</misses>
				<total>48</total>
				<timestamp>6781.313849</timestamp>
			</report>
			<report>
				<misses>20571001</misses>
				<total>48</total>
				<timestamp>6781.643484</timestamp>
			</report>
			<report>
				<misses>20572001</misses>
				<total>48</total>
				<timestamp>6781.973167</timestamp>
			</report>
			<report>
				<misses>20573001</misses>
				<total>48</total>
				<timestamp>6782.302838</timestamp>
			</report>
			<report>
				<misses>20574001</misses>
				<total>48</total>
				<timestamp>6782.632491</timestamp>
			</report>
			<report>
				<misses>20575001</misses>
				<total>48</total>
				<timestamp>6782.962177</timestamp>
			</report>
			<report>
				<misses>20576001</misses>
				<total>48</total>
				<timestamp>6783.291841</timestamp>
			</report>
			<report>
				<misses>20577001</misses>
				<total>48</total>
				<timestamp>6783.621493</timestamp>
			</report>
			<report>
				<misses>20578001</misses>
				<total>48</total>
				<timestamp>6783.951172</timestamp>
			</report>
			<report>
				<misses>20579001</misses>
				<total>48</total>
				<timestamp>6784.280912</timestamp>
			</report>
			<report>
				<misses>20580001</misses>
				<total>48</total>
				<timestamp>6784.610504</timestamp>
			</report>
			<report>
				<misses>20581001</misses>
				<total>48</total>
				<timestamp>6784.940182</timestamp>
			</report>
			<report>
				<misses>20582001</misses>
				<total>48</total>
				<timestamp>6785.269929</timestamp>
			</report>
			<report>
				<misses>20583001</misses>
				<total>48</total>
				<timestamp>6785.599517</timestamp>
			</report>
			<report>
				<misses>20584001</misses>
				<total>48</total>
				<timestamp>6785.929193</timestamp>
			</report>
			<report>
				<misses>20585001</misses>
				<total>48</total>
				<timestamp>6786.258922</timestamp>
			</report>
			<report>
				<misses>20586001</misses>
				<total>48</total>
				<timestamp>6786.588528</timestamp>
			</report>
			<report>
				<misses>20587001</misses>
				<total>48</total>
				<timestamp>6786.918209</timestamp>
			</report>
			<report>
				<misses>20588001</misses>
				<total>48</total>
				<timestamp>6787.247865</timestamp>
			</report>
			<report>
				<misses>20589001</misses>
				<total>48</total>
				<timestamp>6787.577550</timestamp>
			</report>
			<report>
				<misses>20590001</misses>
				<total>48</total>
				<timestamp>6787.907195</timestamp>
			</report>
			<report>
				<misses>20591001</misses>
				<total>48</total>
				<timestamp>6788.236941</timestamp>
			</report>
			<report>
				<misses>20592001</misses>
				<total>48</total>
				<timestamp>6788.566558</timestamp>
			</report>
			<report>
				<misses>20593001</misses>
				<total>48</total>
				<timestamp>6788.896225</timestamp>
			</report>
			<report>
				<misses>20594001</misses>
				<total>48</total>
				<timestamp>6789.225880</timestamp>
			</report>
			<report>
				<misses>20595001</misses>
				<total>48</total>
				<timestamp>6789.555561</timestamp>
			</report>
			<report>
				<misses>20596001</misses>
				<total>48</total>
				<timestamp>6789.885242</timestamp>
			</report>
			<report>
				<misses>20597001</misses>
				<total>48</total>
				<timestamp>6790.214949</timestamp>
			</report>
			<report>
				<misses>20598001</misses>
				<total>48</total>
				<timestamp>6790.544549</timestamp>
			</report>
			<report>
				<misses>20599001</misses>
				<total>48</total>
				<timestamp>6790.874246</timestamp>
			</report>
			<report>
				<misses>20600001</misses>
				<total>48</total>
				<timestamp>6791.203909</timestamp>
			</report>
			<report>
				<misses>20601001</misses>
				<total>48</total>
				<timestamp>6791.533577</timestamp>
			</report>
			<report>
				<misses>20602001</misses>
				<total>48</total>
				<timestamp>6791.863245</timestamp>
			</report>
			<report>
				<misses>20603001</misses>
				<total>48</total>
				<timestamp>6792.193010</timestamp>
			</report>
			<report>
				<misses>20604001</misses>
				<total>48</total>
				<timestamp>6792.522624</timestamp>
			</report>
			<report>
				<misses>20605001</misses>
				<total>48</total>
				<timestamp>6792.852264</timestamp>
			</report>
			<report>
				<misses>20606001</misses>
				<total>48</total>
				<timestamp>6793.181929</timestamp>
			</report>
			<report>
				<misses>20607001</misses>
				<total>48</total>
				<timestamp>6793.511632</timestamp>
			</report>
			<report>
				<misses>20608001</misses>
				<total>48</total>
				<timestamp>6793.841279</timestamp>
			</report>
			<report>
				<misses>20609001</misses>
				<total>48</total>
				<timestamp>6794.170940</timestamp>
			</report>
			<report>
				<misses>20610001</misses>
				<total>48</total>
				<timestamp>6794.500621</timestamp>
			</report>
			<report>
				<misses>20611001</misses>
				<total>48</total>
				<timestamp>6794.830286</timestamp>
			</report>
			<report>
				<misses>20612001</misses>
				<total>48</total>
				<timestamp>6795.160022</timestamp>
			</report>
			<report>
				<misses>20613001</misses>
				<total>48</total>
				<timestamp>6795.489672</timestamp>
			</report>
			<report>
				<misses>20614001</misses>
				<total>48</total>
				<timestamp>6795.819288</timestamp>
			</report>
			<report>
				<misses>20615001</misses>
				<total>48</total>
				<timestamp>6796.148956</timestamp>
			</report>
			<report>
				<misses>20616001</misses>
				<total>48</total>
				<timestamp>6796.478664</timestamp>
			</report>
			<report>
				<misses>20617001</misses>
				<total>48</total>
				<timestamp>6796.808345</timestamp>
			</report>
			<report>
				<misses>20618001</misses>
				<total>48</total>
				<timestamp>6797.137988</timestamp>
			</report>
			<report>
				<misses>20619001</misses>
				<total>48</total>
				<timestamp>6797.467648</timestamp>
			</report>
			<report>
				<misses>20620001</misses>
				<total>48</total>
				<timestamp>6797.797297</timestamp>
			</report>
			<report>
				<misses>20621001</misses>
				<total>48</total>
				<timestamp>6798.126985</timestamp>
			</report>
			<report>
				<misses>20622001</misses>
				<total>48</total>
				<timestamp>6798.456656</timestamp>
			</report>
			<report>
				<misses>20623001</misses>
				<total>48</total>
				<timestamp>6798.786317</timestamp>
			</report>
			<report>
				<misses>20624001</misses>
				<total>48</total>
				<timestamp>6799.116006</timestamp>
			</report>
			<report>
				<misses>20625001</misses>
				<total>48</total>
				<timestamp>6799.445680</timestamp>
			</report>
			<report>
				<misses>20626001</misses>
				<total>48</total>
				<timestamp>6799.775335</timestamp>
			</report>
			<report>
				<misses>20627001</misses>
				<total>48</total>
				<timestamp>6800.105014</timestamp>
			</report>
			<report>
				<misses>20628001</misses>
				<total>48</total>
				<timestamp>6800.434683</timestamp>
			</report>
			<report>
				<misses>20629001</misses>
				<total>48</total>
				<timestamp>6800.764338</timestamp>
			</report>
			<report>
				<misses>20630001</misses>
				<total>48</total>
				<timestamp>6801.094061</timestamp>
			</report>
			<report>
				<misses>20631001</misses>
				<total>48</total>
				<timestamp>6801.423688</timestamp>
			</report>
			<report>
				<misses>20632001</misses>
				<total>48</total>
				<timestamp>6801.753355</timestamp>
			</report>
			<report>
				<misses>20633001</misses>
				<total>48</total>
				<timestamp>6802.083017</timestamp>
			</report>
			<report>
				<misses>20634001</misses>
				<total>48</total>
				<timestamp>6802.412702</timestamp>
			</report>
			<report>
				<misses>20635001</misses>
				<total>48</total>
				<timestamp>6802.742364</timestamp>
			</report>
			<report>
				<misses>20636001</misses>
				<total>48</total>
				<timestamp>6803.072047</timestamp>
			</report>
			<report>
				<misses>20637001</misses>
				<total>48</total>
				<timestamp>6803.401717</timestamp>
			</report>
			<report>
				<misses>20638001</misses>
				<total>48</total>
				<timestamp>6803.731368</timestamp>
			</report>
			<report>
				<misses>20639001</misses>
				<total>48</total>
				<timestamp>6804.061035</timestamp>
			</report>
			<report>
				<misses>20640001</misses>
				<total>48</total>
				<timestamp>6804.390741</timestamp>
			</report>
			<report>
				<misses>20641001</misses>
				<total>48</total>
				<timestamp>6804.720386</timestamp>
			</report>
			<report>
				<misses>20642001</misses>
				<total>48</total>
				<timestamp>6805.050053</timestamp>
			</report>
			<report>
				<misses>20643001</misses>
				<total>48</total>
				<timestamp>6805.379791</timestamp>
			</report>
			<report>
				<misses>20644001</misses>
				<total>48</total>
				<timestamp>6805.709395</timestamp>
			</report>
			<report>
				<misses>20645001</misses>
				<total>48</total>
				<timestamp>6806.039154</timestamp>
			</report>
			<report>
				<misses>20646001</misses>
				<total>48</total>
				<timestamp>6806.368736</timestamp>
			</report>
			<report>
				<misses>20647001</misses>
				<total>48</total>
				<timestamp>6806.698395</timestamp>
			</report>
			<report>
				<misses>20648001</misses>
				<total>48</total>
				<timestamp>6807.028098</timestamp>
			</report>
			<report>
				<misses>20649001</misses>
				<total>48</total>
				<timestamp>6807.357741</timestamp>
			</report>
			<report>
				<misses>20650001</misses>
				<total>48</total>
				<timestamp>6807.687371</timestamp>
			</report>
			<report>
				<misses>20651001</misses>
				<total>48</total>
				<timestamp>6808.017086</timestamp>
			</report>
			<report>
				<misses>20652001</misses>
				<total>48</total>
				<timestamp>6808.346768</timestamp>
			</report>
			<report>
				<misses>20653001</misses>
				<total>48</total>
				<timestamp>6808.676466</timestamp>
			</report>
			<report>
				<misses>20654001</misses>
				<total>48</total>
				<timestamp>6809.006094</timestamp>
			</report>
			<report>
				<misses>20655001</misses>
				<total>48</total>
				<timestamp>6809.335794</timestamp>
			</report>
			<report>
				<misses>20656001</misses>
				<total>48</total>
				<timestamp>6809.665426</timestamp>
			</report>
			<report>
				<misses>20657001</misses>
				<total>48</total>
				<timestamp>6809.995119</timestamp>
			</report>
			<report>
				<misses>20658001</misses>
				<total>48</total>
				<timestamp>6810.324767</timestamp>
			</report>
			<report>
				<misses>20659001</misses>
				<total>48</total>
				<timestamp>6810.654428</timestamp>
			</report>
			<report>
				<misses>20660001</misses>
				<total>48</total>
				<timestamp>6810.984119</timestamp>
			</report>
			<report>
				<misses>20661001</misses>
				<total>48</total>
				<timestamp>6811.313832</timestamp>
			</report>
			<report>
				<misses>20662001</misses>
				<total>48</total>
				<timestamp>6811.643457</timestamp>
			</report>
			<report>
				<misses>20663001</misses>
				<total>48</total>
				<timestamp>6811.973126</timestamp>
			</report>
			<report>
				<misses>20664001</misses>
				<total>48</total>
				<timestamp>6812.302856</timestamp>
			</report>
			<report>
				<misses>20665001</misses>
				<total>48</total>
				<timestamp>6812.632473</timestamp>
			</report>
			<report>
				<misses>20666001</misses>
				<total>48</total>
				<timestamp>6812.962134</timestamp>
			</report>
			<report>
				<misses>20667001</misses>
				<total>48</total>
				<timestamp>6813.291856</timestamp>
			</report>
			<report>
				<misses>20668001</misses>
				<total>48</total>
				<timestamp>6813.621507</timestamp>
			</report>
			<report>
				<misses>20669001</misses>
				<total>48</total>
				<timestamp>6813.951154</timestamp>
			</report>
			<report>
				<misses>20670001</misses>
				<total>48</total>
				<timestamp>6814.280835</timestamp>
			</report>
			<report>
				<misses>20671001</misses>
				<total>48</total>
				<timestamp>6814.610530</timestamp>
			</report>
			<report>
				<misses>20672001</misses>
				<total>48</total>
				<timestamp>6814.940151</timestamp>
			</report>
			<report>
				<misses>20673001</misses>
				<total>48</total>
				<timestamp>6815.269887</timestamp>
			</report>
			<report>
				<misses>20674001</misses>
				<total>48</total>
				<timestamp>6815.599515</timestamp>
			</report>
			<report>
				<misses>20675001</misses>
				<total>48</total>
				<timestamp>6815.929158</timestamp>
			</report>
			<report>
				<misses>20676001</misses>
				<total>48</total>
				<timestamp>6816.258864</timestamp>
			</report>
			<report>
				<misses>20677001</misses>
				<total>48</total>
				<timestamp>6816.588542</timestamp>
			</report>
			<report>
				<misses>20678001</misses>
				<total>48</total>
				<timestamp>6816.918192</timestamp>
			</report>
			<report>
				<misses>20679001</misses>
				<total>48</total>
				<timestamp>6817.247850</timestamp>
			</report>
			<report>
				<misses>20680001</misses>
				<total>48</total>
				<timestamp>6817.577544</timestamp>
			</report>
			<report>
				<misses>20681001</misses>
				<total>48</total>
				<timestamp>6817.907182</timestamp>
			</report>
			<report>
				<misses>20682001</misses>
				<total>48</total>
				<timestamp>6818.236934</timestamp>
			</report>
			<report>
				<misses>20683001</misses>
				<total>48</total>
				<timestamp>6818.566568</timestamp>
			</report>
			<report>
				<misses>20684001</misses>
				<total>48</total>
				<timestamp>6818.896204</timestamp>
			</report>
			<report>
				<misses>20685001</misses>
				<total>48</total>
				<timestamp>6819.225936</timestamp>
			</report>
			<report>
				<misses>20686001</misses>
				<total>48</total>
				<timestamp>6819.555631</timestamp>
			</report>
			<report>
				<misses>20687001</misses>
				<total>48</total>
				<timestamp>6819.885206</timestamp>
			</report>
			<report>
				<misses>20688001</misses>
				<total>48</total>
				<timestamp>6820.214897</timestamp>
			</report>
			<report>
				<misses>20689001</misses>
				<total>48</total>
				<timestamp>6820.544563</timestamp>
			</report>
			<report>
				<misses>20690001</misses>
				<total>48</total>
				<timestamp>6820.874230</timestamp>
			</report>
			<report>
				<misses>20691001</misses>
				<total>48</total>
				<timestamp>6821.203952</timestamp>
			</report>
			<report>
				<misses>20692001</misses>
				<total>48</total>
				<timestamp>6821.533554</timestamp>
			</report>
			<report>
				<misses>20693001</misses>
				<total>48</total>
				<timestamp>6821.863227</timestamp>
			</report>
			<report>
				<misses>20694001</misses>
				<total>48</total>
				<timestamp>6822.192898</timestamp>
			</report>
			<report>
				<misses>20695001</misses>
				<total>48</total>
				<timestamp>6822.522567</timestamp>
			</report>
			<report>
				<misses>20696001</misses>
				<total>48</total>
				<timestamp>6822.852269</timestamp>
			</report>
			<report>
				<misses>20697001</misses>
				<total>48</total>
				<timestamp>6823.181941</timestamp>
			</report>
			<report>
				<misses>20698001</misses>
				<total>48</total>
				<timestamp>6823.511593</timestamp>
			</report>
			<report>
				<misses>20699001</misses>
				<total>48</total>
				<timestamp>6823.841233</timestamp>
			</report>
			<report>
				<misses>20700001</misses>
				<total>48</total>
				<timestamp>6824.170940</timestamp>
			</report>
			<report>
				<misses>20701001</misses>
				<total>48</total>
				<timestamp>6824.500634</timestamp>
			</report>
			<report>
				<misses>20702001</misses>
				<total>48</total>
				<timestamp>6824.830253</timestamp>
			</report>
			<report>
				<misses>20703001</misses>
				<total>48</total>
				<timestamp>6825.159918</timestamp>
			</report>
			<report>
				<misses>20704001</misses>
				<total>48</total>
				<timestamp>6825.489600</timestamp>
			</report>
			<report>
				<misses>20705001</misses>
				<total>48</total>
				<timestamp>6825.819278</timestamp>
			</report>
			<report>
				<misses>20706001</misses>
				<total>48</total>
				<timestamp>6826.148935</timestamp>
			</report>
			<report>
				<misses>20707001</misses>
				<total>48</total>
				<timestamp>6826.478623</timestamp>
			</report>
			<report>
				<misses>20708001</misses>
				<total>48</total>
				<timestamp>6826.808257</timestamp>
			</report>
			<report>
				<misses>20709001</misses>
				<total>48</total>
				<timestamp>6827.137935</timestamp>
			</report>
			<report>
				<misses>20710001</misses>
				<total>48</total>
				<timestamp>6827.467610</timestamp>
			</report>
			<report>
				<misses>20711001</misses>
				<total>48</total>
				<timestamp>6827.797285</timestamp>
			</report>
			<report>
				<misses>20712001</misses>
				<total>48</total>
				<timestamp>6828.126947</timestamp>
			</report>
			<report>
				<misses>20713001</misses>
				<total>48</total>
				<timestamp>6828.456683</timestamp>
			</report>
			<report>
				<misses>20714001</misses>
				<total>48</total>
				<timestamp>6828.786286</timestamp>
			</report>
			<report>
				<misses>20715001</misses>
				<total>48</total>
				<timestamp>6829.115953</timestamp>
			</report>
			<report>
				<misses>20716001</misses>
				<total>48</total>
				<timestamp>6829.445685</timestamp>
			</report>
			<report>
				<misses>20717001</misses>
				<total>48</total>
				<timestamp>6829.775285</timestamp>
			</report>
			<report>
				<misses>20718001</misses>
				<total>48</total>
				<timestamp>6830.104976</timestamp>
			</report>
			<report>
				<misses>20719001</misses>
				<total>48</total>
				<timestamp>6830.434627</timestamp>
			</report>
			<report>
				<misses>20720001</misses>
				<total>48</total>
				<timestamp>6830.764312</timestamp>
			</report>
			<report>
				<misses>20721001</misses>
				<total>48</total>
				<timestamp>6831.093986</timestamp>
			</report>
			<report>
				<misses>20722001</misses>
				<total>48</total>
				<timestamp>6831.423688</timestamp>
			</report>
			<report>
				<misses>20723001</misses>
				<total>48</total>
				<timestamp>6831.753317</timestamp>
			</report>
			<report>
				<misses>20724001</misses>
				<total>48</total>
				<timestamp>6832.082982</timestamp>
			</report>
			<report>
				<misses>20725001</misses>
				<total>48</total>
				<timestamp>6832.412736</timestamp>
			</report>
			<report>
				<misses>20726001</misses>
				<total>48</total>
				<timestamp>6832.742348</timestamp>
			</report>
			<report>
				<misses>20727001</misses>
				<total>48</total>
				<timestamp>6833.071997</timestamp>
			</report>
			<report>
				<misses>20728001</misses>
				<total>48</total>
				<timestamp>6833.401727</timestamp>
			</report>
			<report>
				<misses>20729001</misses>
				<total>48</total>
				<timestamp>6833.731370</timestamp>
			</report>
			<report>
				<misses>20730001</misses>
				<total>48</total>
				<timestamp>6834.061014</timestamp>
			</report>
			<report>
				<misses>20731001</misses>
				<total>48</total>
				<timestamp>6834.390670</timestamp>
			</report>
			<report>
				<misses>20732001</misses>
				<total>48</total>
				<timestamp>6834.720350</timestamp>
			</report>
			<report>
				<misses>20733001</misses>
				<total>48</total>
				<timestamp>6835.050003</timestamp>
			</report>
			<report>
				<misses>20734001</misses>
				<total>48</total>
				<timestamp>6835.379746</timestamp>
			</report>
			<report>
				<misses>20735001</misses>
				<total>48</total>
				<timestamp>6835.709372</timestamp>
			</report>
			<report>
				<misses>20736001</misses>
				<total>48</total>
				<timestamp>6836.039039</timestamp>
			</report>
			<report>
				<misses>20737001</misses>
				<total>48</total>
				<timestamp>6836.368694</timestamp>
			</report>
			<report>
				<misses>20738001</misses>
				<total>48</total>
				<timestamp>6836.698497</timestamp>
			</report>
			<report>
				<misses>20739001</misses>
				<total>48</total>
				<timestamp>6837.028037</timestamp>
			</report>
			<report>
				<misses>20740001</misses>
				<total>48</total>
				<timestamp>6837.357705</timestamp>
			</report>
			<report>
				<misses>20741001</misses>
				<total>48</total>
				<timestamp>6837.687416</timestamp>
			</report>
			<report>
				<misses>20742001</misses>
				<total>48</total>
				<timestamp>6838.017065</timestamp>
			</report>
			<report>
				<misses>20743001</misses>
				<total>48</total>
				<timestamp>6838.346800</timestamp>
			</report>
			<report>
				<misses>20744001</misses>
				<total>48</total>
				<timestamp>6838.676431</timestamp>
			</report>
			<report>
				<misses>20745001</misses>
				<total>48</total>
				<timestamp>6839.006065</timestamp>
			</report>
			<report>
				<misses>20746001</misses>
				<total>48</total>
				<timestamp>6839.335763</timestamp>
			</report>
			<report>
				<misses>20747001</misses>
				<total>48</total>
				<timestamp>6839.665413</timestamp>
			</report>
			<report>
				<misses>20748001</misses>
				<total>48</total>
				<timestamp>6839.995074</timestamp>
			</report>
			<report>
				<misses>20749001</misses>
				<total>48</total>
				<timestamp>6840.324728</timestamp>
			</report>
			<report>
				<misses>20750001</misses>
				<total>48</total>
				<timestamp>6840.654421</timestamp>
			</report>
			<report>
				<misses>20751001</misses>
				<total>48</total>
				<timestamp>6840.984092</timestamp>
			</report>
			<report>
				<misses>20752001</misses>
				<total>48</total>
				<timestamp>6841.313806</timestamp>
			</report>
			<report>
				<misses>20753001</misses>
				<total>48</total>
				<timestamp>6841.643410</timestamp>
			</report>
			<report>
				<misses>20754001</misses>
				<total>48</total>
				<timestamp>6841.973101</timestamp>
			</report>
			<report>
				<misses>20755001</misses>
				<total>48</total>
				<timestamp>6842.302811</timestamp>
			</report>
			<report>
				<misses>20756001</misses>
				<total>48</total>
				<timestamp>6842.632448</timestamp>
			</report>
			<report>
				<misses>20757001</misses>
				<total>48</total>
				<timestamp>6842.962116</timestamp>
			</report>
			<report>
				<misses>20758001</misses>
				<total>48</total>
				<timestamp>6843.291799</timestamp>
			</report>
			<report>
				<misses>20759001</misses>
				<total>48</total>
				<timestamp>6843.621455</timestamp>
			</report>
			<report>
				<misses>20760001</misses>
				<total>48</total>
				<timestamp>6843.951122</timestamp>
			</report>
			<report>
				<misses>20761001</misses>
				<total>48</total>
				<timestamp>6844.280778</timestamp>
			</report>
			<report>
				<misses>20762001</misses>
				<total>48</total>
				<timestamp>6844.610460</timestamp>
			</report>
			<report>
				<misses>20763001</misses>
				<total>48</total>
				<timestamp>6844.940116</timestamp>
			</report>
			<report>
				<misses>20764001</misses>
				<total>48</total>
				<timestamp>6845.269858</timestamp>
			</report>
			<report>
				<misses>20765001</misses>
				<total>48</total>
				<timestamp>6845.599493</timestamp>
			</report>
			<report>
				<misses>20766001</misses>
				<total>48</total>
				<timestamp>6845.929137</timestamp>
			</report>
			<report>
				<misses>20767001</misses>
				<total>48</total>
				<timestamp>6846.258800</timestamp>
			</report>
			<report>
				<misses>20768001</misses>
				<total>48</total>
				<timestamp>6846.588467</timestamp>
			</report>
			<report>
				<misses>20769001</misses>
				<total>48</total>
				<timestamp>6846.918144</timestamp>
			</report>
			<report>
				<misses>20770001</misses>
				<total>48</total>
				<timestamp>6847.247800</timestamp>
			</report>
			<report>
				<misses>20771001</misses>
				<total>48</total>
				<timestamp>6847.577512</timestamp>
			</report>
			<report>
				<misses>20772001</misses>
				<total>48</total>
				<timestamp>6847.907147</timestamp>
			</report>
			<report>
				<misses>20773001</misses>
				<total>48</total>
				<timestamp>6848.236859</timestamp>
			</report>
			<report>
				<misses>20774001</misses>
				<total>48</total>
				<timestamp>6848.566485</timestamp>
			</report>
			<report>
				<misses>20775001</misses>
				<total>48</total>
				<timestamp>6848.896156</timestamp>
			</report>
			<report>
				<misses>20776001</misses>
				<total>48</total>
				<timestamp>6849.225835</timestamp>
			</report>
			<report>
				<misses>20777001</misses>
				<total>48</total>
				<timestamp>6849.555496</timestamp>
			</report>
			<report>
				<misses>20778001</misses>
				<total>48</total>
				<timestamp>6849.885174</timestamp>
			</report>
			<report>
				<misses>20779001</misses>
				<total>48</total>
				<timestamp>6850.214849</timestamp>
			</report>
			<report>
				<misses>20780001</misses>
				<total>48</total>
				<timestamp>6850.544527</timestamp>
			</report>
			<report>
				<misses>20781001</misses>
				<total>48</total>
				<timestamp>6850.874183</timestamp>
			</report>
			<report>
				<misses>20782001</misses>
				<total>48</total>
				<timestamp>6851.203855</timestamp>
			</report>
			<report>
				<misses>20783001</misses>
				<total>48</total>
				<timestamp>6851.533530</timestamp>
			</report>
			<report>
				<misses>20784001</misses>
				<total>48</total>
				<timestamp>6851.863191</timestamp>
			</report>
			<report>
				<misses>20785001</misses>
				<total>48</total>
				<timestamp>6852.192871</timestamp>
			</report>
			<report>
				<misses>20786001</misses>
				<total>48</total>
				<timestamp>6852.522563</timestamp>
			</report>
			<report>
				<misses>20787001</misses>
				<total>48</total>
				<timestamp>6852.852249</timestamp>
			</report>
			<report>
				<misses>20788001</misses>
				<total>48</total>
				<timestamp>6853.181854</timestamp>
			</report>
			<report>
				<misses>20789001</misses>
				<total>48</total>
				<timestamp>6853.511602</timestamp>
			</report>
			<report>
				<misses>20790001</misses>
				<total>48</total>
				<timestamp>6853.841230</timestamp>
			</report>
			<report>
				<misses>20791001</misses>
				<total>48</total>
				<timestamp>6854.170889</timestamp>
			</report>
			<report>
				<misses>20792001</misses>
				<total>48</total>
				<timestamp>6854.500594</timestamp>
			</report>
			<report>
				<misses>20793001</misses>
				<total>48</total>
				<timestamp>6854.830250</timestamp>
			</report>
			<report>
				<misses>20794001</misses>
				<total>48</total>
				<timestamp>6855.159889</timestamp>
			</report>
			<report>
				<misses>20795001</misses>
				<total>48</total>
				<timestamp>6855.489580</timestamp>
			</report>
			<report>
				<misses>20796001</misses>
				<total>48</total>
				<timestamp>6855.819278</timestamp>
			</report>
			<report>
				<misses>20797001</misses>
				<total>48</total>
				<timestamp>6856.148894</timestamp>
			</report>
			<report>
				<misses>20798001</misses>
				<total>48</total>
				<timestamp>6856.478584</timestamp>
			</report>
			<report>
				<misses>20799001</misses>
				<total>48</total>
				<timestamp>6856.808252</timestamp>
			</report>
			<report>
				<misses>20800001</misses>
				<total>48</total>
				<timestamp>6857.137929</timestamp>
			</report>
			<report>
				<misses>20801001</misses>
				<total>48</total>
				<timestamp>6857.467607</timestamp>
			</report>
			<report>
				<misses>20802001</misses>
				<total>48</total>
				<timestamp>6857.797261</timestamp>
			</report>
			<report>
				<misses>20803001</misses>
				<total>48</total>
				<timestamp>6858.126915</timestamp>
			</report>
			<report>
				<misses>20804001</misses>
				<total>48</total>
				<timestamp>6858.456644</timestamp>
			</report>
			<report>
				<misses>20805001</misses>
				<total>48</total>
				<timestamp>6858.786296</timestamp>
			</report>
			<report>
				<misses>20806001</misses>
				<total>48</total>
				<timestamp>6859.115919</timestamp>
			</report>
			<report>
				<misses>20807001</misses>
				<total>48</total>
				<timestamp>6859.445633</timestamp>
			</report>
			<report>
				<misses>20808001</misses>
				<total>48</total>
				<timestamp>6859.775287</timestamp>
			</report>
			<report>
				<misses>20809001</misses>
				<total>48</total>
				<timestamp>6860.104935</timestamp>
			</report>
			<report>
				<misses>20810001</misses>
				<total>48</total>
				<timestamp>6860.434661</timestamp>
			</report>
			<report>
				<misses>20811001</misses>
				<total>48</total>
				<timestamp>6860.764299</timestamp>
			</report>
			<report>
				<misses>20812001</misses>
				<total>48</total>
				<timestamp>6861.093943</timestamp>
			</report>
			<report>
				<misses>20813001</misses>
				<total>48</total>
				<timestamp>6861.423635</timestamp>
			</report>
			<report>
				<misses>20814001</misses>
				<total>48</total>
				<timestamp>6861.753298</timestamp>
			</report>
			<report>
				<misses>20815001</misses>
				<total>48</total>
				<timestamp>6862.082970</timestamp>
			</report>
			<report>
				<misses>20816001</misses>
				<total>48</total>
				<timestamp>6862.412699</timestamp>
			</report>
			<report>
				<misses>20817001</misses>
				<total>48</total>
				<timestamp>6862.742310</timestamp>
			</report>
			<report>
				<misses>20818001</misses>
				<total>48</total>
				<timestamp>6863.072003</timestamp>
			</report>
			<report>
				<misses>20819001</misses>
				<total>48</total>
				<timestamp>6863.401758</timestamp>
			</report>
			<report>
				<misses>20820001</misses>
				<total>48</total>
				<timestamp>6863.731334</timestamp>
			</report>
			<report>
				<misses>20821001</misses>
				<total>48</total>
				<timestamp>6864.061011</timestamp>
			</report>
			<report>
				<misses>20822001</misses>
				<total>48</total>
				<timestamp>6864.390720</timestamp>
			</report>
			<report>
				<misses>20823001</misses>
				<total>48</total>
				<timestamp>6864.720372</timestamp>
			</report>
			<report>
				<misses>20824001</misses>
				<total>49</total>
				<timestamp>6865.050000</timestamp>
			</report>
			<report>
				<misses>20825001</misses>
				<total>49</total>
				<timestamp>6865.379680</timestamp>
			</report>
			<report>
				<misses>20826001</misses>
				<total>49</total>
				<timestamp>6865.709330</timestamp>
			</report>
			<report>
				<misses>20827001</misses>
				<total>49</total>
				<timestamp>6866.039070</timestamp>
			</report>
			<report>
				<misses>20828001</misses>
				<total>49</total>
				<timestamp>6866.368749</timestamp>
			</report>
			<report>
				<misses>20829001</misses>
				<total>49</total>
				<timestamp>6866.698383</timestamp>
			</report>
			<report>
				<misses>20830001</misses>
				<total>49</total>
				<timestamp>6867.028024</timestamp>
			</report>
			<report>
				<misses>20831001</misses>
				<total>49</total>
				<timestamp>6867.357690</timestamp>
			</report>
			<report>
				<misses>20832001</misses>
				<total>49</total>
				<timestamp>6867.687375</timestamp>
			</report>
			<report>
				<misses>20833001</misses>
				<total>49</total>
				<timestamp>6868.017015</timestamp>
			</report>
			<report>
				<misses>20834001</misses>
				<total>49</total>
				<timestamp>6868.346689</timestamp>
			</report>
			<report>
				<misses>20835001</misses>
				<total>49</total>
				<timestamp>6868.676358</timestamp>
			</report>
			<report>
				<misses>20836001</misses>
				<total>49</total>
				<timestamp>6869.006044</timestamp>
			</report>
			<report>
				<misses>20837001</misses>
				<total>49</total>
				<timestamp>6869.335791</timestamp>
			</report>
			<report>
				<misses>20838001</misses>
				<total>49</total>
				<timestamp>6869.665445</timestamp>
			</report>
			<report>
				<misses>20839001</misses>
				<total>49</total>
				<timestamp>6869.995101</timestamp>
			</report>
			<report>
				<misses>20840001</misses>
				<total>49</total>
				<timestamp>6870.324730</timestamp>
			</report>
			<report>
				<misses>20841001</misses>
				<total>49</total>
				<timestamp>6870.654379</timestamp>
			</report>
			<report>
				<misses>20842001</misses>
				<total>49</total>
				<timestamp>6870.984042</timestamp>
			</report>
			<report>
				<misses>20843001</misses>
				<total>49</total>
				<timestamp>6871.313761</timestamp>
			</report>
			<report>
				<misses>20844001</misses>
				<total>49</total>
				<timestamp>6871.643385</timestamp>
			</report>
			<report>
				<misses>20845001</misses>
				<total>49</total>
				<timestamp>6871.973104</timestamp>
			</report>
			<report>
				<misses>20846001</misses>
				<total>49</total>
				<timestamp>6872.302749</timestamp>
			</report>
			<report>
				<misses>20847001</misses>
				<total>49</total>
				<timestamp>6872.632403</timestamp>
			</report>
			<report>
				<misses>20848001</misses>
				<total>49</total>
				<timestamp>6872.962084</timestamp>
			</report>
			<report>
				<misses>20849001</misses>
				<total>49</total>
				<timestamp>6873.291729</timestamp>
			</report>
			<report>
				<misses>20850001</misses>
				<total>49</total>
				<timestamp>6873.621415</timestamp>
			</report>
			<report>
				<misses>20851001</misses>
				<total>49</total>
				<timestamp>6873.951099</timestamp>
			</report>
			<report>
				<misses>20852001</misses>
				<total>49</total>
				<timestamp>6874.280742</timestamp>
			</report>
			<report>
				<misses>20853001</misses>
				<total>49</total>
				<timestamp>6874.610425</timestamp>
			</report>
			<report>
				<misses>20854001</misses>
				<total>49</total>
				<timestamp>6874.940141</timestamp>
			</report>
			<report>
				<misses>20855001</misses>
				<total>49</total>
				<timestamp>6875.269748</timestamp>
			</report>
			<report>
				<misses>20856001</misses>
				<total>49</total>
				<timestamp>6875.599417</timestamp>
			</report>
			<report>
				<misses>20857001</misses>
				<total>49</total>
				<timestamp>6875.929116</timestamp>
			</report>
			<report>
				<misses>20858001</misses>
				<total>49</total>
				<timestamp>6876.258766</timestamp>
			</report>
			<report>
				<misses>20859001</misses>
				<total>49</total>
				<timestamp>6876.588508</timestamp>
			</report>
			<report>
				<misses>20860001</misses>
				<total>49</total>
				<timestamp>6876.918137</timestamp>
			</report>
			<report>
				<misses>20861001</misses>
				<total>49</total>
				<timestamp>6877.247772</timestamp>
			</report>
			<report>
				<misses>20862001</misses>
				<total>49</total>
				<timestamp>6877.577511</timestamp>
			</report>
			<report>
				<misses>20863001</misses>
				<total>49</total>
				<timestamp>6877.907184</timestamp>
			</report>
			<report>
				<misses>20864001</misses>
				<total>49</total>
				<timestamp>6878.236789</timestamp>
			</report>
			<report>
				<misses>20865001</misses>
				<total>49</total>
				<timestamp>6878.566459</timestamp>
			</report>
			<report>
				<misses>20866001</misses>
				<total>49</total>
				<timestamp>6878.896157</timestamp>
			</report>
			<report>
				<misses>20867001</misses>
				<total>49</total>
				<timestamp>6879.225803</timestamp>
			</report>
			<report>
				<misses>20868001</misses>
				<total>49</total>
				<timestamp>6879.555562</timestamp>
			</report>
			<report>
				<misses>20869001</misses>
				<total>49</total>
				<timestamp>6879.885175</timestamp>
			</report>
			<report>
				<misses>20870001</misses>
				<total>49</total>
				<timestamp>6880.214812</timestamp>
			</report>
			<report>
				<misses>20871001</misses>
				<total>49</total>
				<timestamp>6880.544476</timestamp>
			</report>
			<report>
				<misses>20872001</misses>
				<total>49</total>
				<timestamp>6880.874170</timestamp>
			</report>
			<report>
				<misses>20873001</misses>
				<total>49</total>
				<timestamp>6881.203824</timestamp>
			</report>
			<report>
				<misses>20874001</misses>
				<total>49</total>
				<timestamp>6881.533494</timestamp>
			</report>
			<report>
				<misses>20875001</misses>
				<total>49</total>
				<timestamp>6881.863173</timestamp>
			</report>
			<report>
				<misses>20876001</misses>
				<total>49</total>
				<timestamp>6882.192830</timestamp>
			</report>
			<report>
				<misses>20877001</misses>
				<total>49</total>
				<timestamp>6882.522509</timestamp>
			</report>
			<report>
				<misses>20878001</misses>
				<total>49</total>
				<timestamp>6882.852163</timestamp>
			</report>
			<report>
				<misses>20879001</misses>
				<total>49</total>
				<timestamp>6883.181879</timestamp>
			</report>
			<report>
				<misses>20880001</misses>
				<total>49</total>
				<timestamp>6883.511551</timestamp>
			</report>
			<report>
				<misses>20881001</misses>
				<total>49</total>
				<timestamp>6883.841184</timestamp>
			</report>
			<report>
				<misses>20882001</misses>
				<total>49</total>
				<timestamp>6884.170852</timestamp>
			</report>
			<report>
				<misses>20883001</misses>
				<total>49</total>
				<timestamp>6884.500565</timestamp>
			</report>
			<report>
				<misses>20884001</misses>
				<total>49</total>
				<timestamp>6884.830196</timestamp>
			</report>
			<report>
				<misses>20885001</misses>
				<total>49</total>
				<timestamp>6885.159855</timestamp>
			</report>
			<report>
				<misses>20886001</misses>
				<total>49</total>
				<timestamp>6885.489533</timestamp>
			</report>
			<report>
				<misses>20887001</misses>
				<total>49</total>
				<timestamp>6885.819254</timestamp>
			</report>
			<report>
				<misses>20888001</misses>
				<total>49</total>
				<timestamp>6886.148869</timestamp>
			</report>
			<report>
				<misses>20889001</misses>
				<total>49</total>
				<timestamp>6886.478595</timestamp>
			</report>
			<report>
				<misses>20890001</misses>
				<total>49</total>
				<timestamp>6886.808247</timestamp>
			</report>
			<report>
				<misses>20891001</misses>
				<total>49</total>
				<timestamp>6887.137899</timestamp>
			</report>
			<report>
				<misses>20892001</misses>
				<total>49</total>
				<timestamp>6887.467561</timestamp>
			</report>
			<report>
				<misses>20893001</misses>
				<total>49</total>
				<timestamp>6887.797280</timestamp>
			</report>
			<report>
				<misses>20894001</misses>
				<total>49</total>
				<timestamp>6888.126889</timestamp>
			</report>
			<report>
				<misses>20895001</misses>
				<total>49</total>
				<timestamp>6888.456599</timestamp>
			</report>
			<report>
				<misses>20896001</misses>
				<total>49</total>
				<timestamp>6888.786240</timestamp>
			</report>
			<report>
				<misses>20897001</misses>
				<total>49</total>
				<timestamp>6889.115909</timestamp>
			</report>
			<report>
				<misses>20898001</misses>
				<total>49</total>
				<timestamp>6889.445592</timestamp>
			</report>
			<report>
				<misses>20899001</misses>
				<total>49</total>
				<timestamp>6889.775235</timestamp>
			</report>
			<report>
				<misses>20900001</misses>
				<total>49</total>
				<timestamp>6890.104908</timestamp>
			</report>
			<report>
				<misses>20901001</misses>
				<total>49</total>
				<timestamp>6890.434580</timestamp>
			</report>
			<report>
				<misses>20902001</misses>
				<total>49</total>
				<timestamp>6890.764259</timestamp>
			</report>
			<report>
				<misses>20903001</misses>
				<total>49</total>
				<timestamp>6891.093919</timestamp>
			</report>
			<report>
				<misses>20904001</misses>
				<total>49</total>
				<timestamp>6891.423653</timestamp>
			</report>
			<report>
				<misses>20905001</misses>
				<total>49</total>
				<timestamp>6891.753272</timestamp>
			</report>
			<report>
				<misses>20906001</misses>
				<total>49</total>
				<timestamp>6892.082927</timestamp>
			</report>
			<report>
				<misses>20907001</misses>
				<total>49</total>
				<timestamp>6892.412609</timestamp>
			</report>
			<report>
				<misses>20908001</misses>
				<total>49</total>
				<timestamp>6892.742273</timestamp>
			</report>
			<report>
				<misses>20909001</misses>
				<total>49</total>
				<timestamp>6893.071932</timestamp>
			</report>
			<report>
				<misses>20910001</misses>
				<total>49</total>
				<timestamp>6893.401619</timestamp>
			</report>
			<report>
				<misses>20911001</misses>
				<total>49</total>
				<timestamp>6893.731273</timestamp>
			</report>
			<report>
				<misses>20912001</misses>
				<total>49</total>
				<timestamp>6894.060937</timestamp>
			</report>
			<report>
				<misses>20913001</misses>
				<total>49</total>
				<timestamp>6894.390618</timestamp>
			</report>
			<report>
				<misses>20914001</misses>
				<total>49</total>
				<timestamp>6894.720277</timestamp>
			</report>
			<report>
				<misses>20915001</misses>
				<total>49</total>
				<timestamp>6895.049947</timestamp>
			</report>
			<report>
				<misses>20916001</misses>
				<total>49</total>
				<timestamp>6895.379627</timestamp>
			</report>
			<report>
				<misses>20917001</misses>
				<total>49</total>
				<timestamp>6895.709305</timestamp>
			</report>
			<report>
				<misses>20918001</misses>
				<total>49</total>
				<timestamp>6896.038968</timestamp>
			</report>
			<report>
				<misses>20919001</misses>
				<total>49</total>
				<timestamp>6896.368698</timestamp>
			</report>
			<report>
				<misses>20920001</misses>
				<total>49</total>
				<timestamp>6896.698350</timestamp>
			</report>
			<report>
				<misses>20921001</misses>
				<total>49</total>
				<timestamp>6897.028017</timestamp>
			</report>
			<report>
				<misses>20922001</misses>
				<total>49</total>
				<timestamp>6897.357733</timestamp>
			</report>
			<report>
				<misses>20923001</misses>
				<total>49</total>
				<timestamp>6897.687336</timestamp>
			</report>
			<report>
				<misses>20924001</misses>
				<total>49</total>
				<timestamp>6898.017029</timestamp>
			</report>
			<report>
				<misses>20925001</misses>
				<total>49</total>
				<timestamp>6898.346653</timestamp>
			</report>
			<report>
				<misses>20926001</misses>
				<total>49</total>
				<timestamp>6898.676407</timestamp>
			</report>
			<report>
				<misses>20927001</misses>
				<total>49</total>
				<timestamp>6899.006013</timestamp>
			</report>
			<report>
				<misses>20928001</misses>
				<total>49</total>
				<timestamp>6899.335697</timestamp>
			</report>
			<report>
				<misses>20929001</misses>
				<total>49</total>
				<timestamp>6899.665380</timestamp>
			</report>
			<report>
				<misses>20930001</misses>
				<total>49</total>
				<timestamp>6899.995014</timestamp>
			</report>
			<report>
				<misses>20931001</misses>
				<total>49</total>
				<timestamp>6900.324677</timestamp>
			</report>
			<report>
				<misses>20932001</misses>
				<total>49</total>
				<timestamp>6900.654411</timestamp>
			</report>
			<report>
				<misses>20933001</misses>
				<total>49</total>
				<timestamp>6900.984057</timestamp>
			</report>
			<report>
				<misses>20934001</misses>
				<total>49</total>
				<timestamp>6901.313731</timestamp>
			</report>
			<report>
				<misses>20935001</misses>
				<total>49</total>
				<timestamp>6901.643414</timestamp>
			</report>
			<report>
				<misses>20936001</misses>
				<total>50</total>
				<timestamp>6901.973061</timestamp>
			</report>
			<report>
				<misses>20937001</misses>
				<total>50</total>
				<timestamp>6902.302696</timestamp>
			</report>
			<report>
				<misses>20938001</misses>
				<total>50</total>
				<timestamp>6902.632417</timestamp>
			</report>
			<report>
				<misses>20939001</misses>
				<total>50</total>
				<timestamp>6902.962062</timestamp>
			</report>
			<report>
				<misses>20940001</misses>
				<total>50</total>
				<timestamp>6903.291718</timestamp>
			</report>
			<report>
				<misses>20941001</misses>
				<total>50</total>
				<timestamp>6903.621392</timestamp>
			</report>
			<report>
				<misses>20942001</misses>
				<total>50</total>
				<timestamp>6903.951068</timestamp>
			</report>
			<report>
				<misses>20943001</misses>
				<total>50</total>
				<timestamp>6904.280741</timestamp>
			</report>
			<report>
				<misses>20944001</misses>
				<total>50</total>
				<timestamp>6904.610410</timestamp>
			</report>
			<report>
				<misses>20945001</misses>
				<total>50</total>
				<timestamp>6904.940091</timestamp>
			</report>
			<report>
				<misses>20946001</misses>
				<total>50</total>
				<timestamp>6905.269736</timestamp>
			</report>
			<report>
				<misses>20947001</misses>
				<total>50</total>
				<timestamp>6905.599466</timestamp>
			</report>
			<report>
				<misses>20948001</misses>
				<total>50</total>
				<timestamp>6905.929090</timestamp>
			</report>
			<report>
				<misses>20949001</misses>
				<total>50</total>
				<timestamp>6906.258753</timestamp>
			</report>
			<report>
				<misses>20950001</misses>
				<total>50</total>
				<timestamp>6906.588451</timestamp>
			</report>
			<report>
				<misses>20951001</misses>
				<total>50</total>
				<timestamp>6906.918104</timestamp>
			</report>
			<report>
				<misses>20952001</misses>
				<total>50</total>
				<timestamp>6907.247738</timestamp>
			</report>
			<report>
				<misses>20953001</misses>
				<total>50</total>
				<timestamp>6907.577488</timestamp>
			</report>
			<report>
				<misses>20954001</misses>
				<total>50</total>
				<timestamp>6907.907123</timestamp>
			</report>
			<report>
				<misses>20955001</misses>
				<total>50</total>
				<timestamp>6908.236754</timestamp>
			</report>
			<report>
				<misses>20956001</misses>
				<total>50</total>
				<timestamp>6908.566447</timestamp>
			</report>
			<report>
				<misses>20957001</misses>
				<total>50</total>
				<timestamp>6908.896126</timestamp>
			</report>
			<report>
				<misses>20958001</misses>
				<total>50</total>
				<timestamp>6909.225785</timestamp>
			</report>
			<report>
				<misses>20959001</misses>
				<total>50</total>
				<timestamp>6909.555476</timestamp>
			</report>
			<report>
				<misses>20960001</misses>
				<total>50</total>
				<timestamp>6909.885146</timestamp>
			</report>
			<report>
				<misses>20961001</misses>
				<total>50</total>
				<timestamp>6910.214774</timestamp>
			</report>
			<report>
				<misses>20962001</misses>
				<total>50</total>
				<timestamp>6910.544502</timestamp>
			</report>
			<report>
				<misses>20963001</misses>
				<total>50</total>
				<timestamp>6910.874109</timestamp>
			</report>
			<report>
				<misses>20964001</misses>
				<total>50</total>
				<timestamp>6911.203780</timestamp>
			</report>
			<report>
				<misses>20965001</misses>
				<total>50</total>
				<timestamp>6911.533479</timestamp>
			</report>
			<report>
				<misses>20966001</misses>
				<total>50</total>
				<timestamp>6911.863132</timestamp>
			</report>
			<report>
				<misses>20967001</misses>
				<total>50</total>
				<timestamp>6912.192817</timestamp>
			</report>
			<report>
				<misses>20968001</misses>
				<total>50</total>
				<timestamp>6912.522507</timestamp>
			</report>
			<report>
				<misses>20969001</misses>
				<total>50</total>
				<timestamp>6912.852142</timestamp>
			</report>
			<report>
				<misses>20970001</misses>
				<total>50</total>
				<timestamp>6913.181830</timestamp>
			</report>
			<report>
				<misses>20971001</misses>
				<total>50</total>
				<timestamp>6913.511529</timestamp>
			</report>
			<report>
				<misses>20972001</misses>
				<total>50</total>
				<timestamp>6913.841138</timestamp>
			</report>
			<report>
				<misses>20973001</misses>
				<total>50</total>
				<timestamp>6914.170830</timestamp>
			</report>
			<report>
				<misses>20974001</misses>
				<total>50</total>
				<timestamp>6914.500588</timestamp>
			</report>
			<report>
				<misses>20975001</misses>
				<total>50</total>
				<timestamp>6914.830191</timestamp>
			</report>
			<report>
				<misses>20976001</misses>
				<total>50</total>
				<timestamp>6915.159836</timestamp>
			</report>
			<report>
				<misses>20977001</misses>
				<total>50</total>
				<timestamp>6915.489494</timestamp>
			</report>
			<report>
				<misses>20978001</misses>
				<total>50</total>
				<timestamp>6915.819258</timestamp>
			</report>
			<report>
				<misses>20979001</misses>
				<total>50</total>
				<timestamp>6916.148853</timestamp>
			</report>
			<report>
				<misses>20980001</misses>
				<total>50</total>
				<timestamp>6916.478492</timestamp>
			</report>
			<report>
				<misses>20981001</misses>
				<total>50</total>
				<timestamp>6916.808197</timestamp>
			</report>
			<report>
				<misses>20982001</misses>
				<total>50</total>
				<timestamp>6917.137848</timestamp>
			</report>
			<report>
				<misses>20983001</misses>
				<total>50</total>
				<timestamp>6917.467513</timestamp>
			</report>
			<report>
				<misses>20984001</misses>
				<total>50</total>
				<timestamp>6917.797192</timestamp>
			</report>
			<report>
				<misses>20985001</misses>
				<total>50</total>
				<timestamp>6918.126918</timestamp>
			</report>
			<report>
				<misses>20986001</misses>
				<total>50</total>
				<timestamp>6918.456545</timestamp>
			</report>
			<report>
				<misses>20987001</misses>
				<total>50</total>
				<timestamp>6918.786208</timestamp>
			</report>
			<report>
				<misses>20988001</misses>
				<total>50</total>
				<timestamp>6919.115910</timestamp>
			</report>
			<report>
				<misses>20989001</misses>
				<total>50</total>
				<timestamp>6919.445586</timestamp>
			</report>
			<report>
				<misses>20990001</misses>
				<total>50</total>
				<timestamp>6919.775244</timestamp>
			</report>
			<report>
				<misses>20991001</misses>
				<total>50</total>
				<timestamp>6920.104917</timestamp>
			</report>
			<report>
				<misses>20992001</misses>
				<total>50</total>
				<timestamp>6920.434626</timestamp>
			</report>
			<report>
				<misses>20993001</misses>
				<total>50</total>
				<timestamp>6920.764211</timestamp>
			</report>
			<report>
				<misses>20994001</misses>
				<total>50</total>
				<timestamp>6921.093940</timestamp>
			</report>
			<report>
				<misses>20995001</misses>
				<total>50</total>
				<timestamp>6921.423577</timestamp>
			</report>
			<report>
				<misses>20996001</misses>
				<total>50</total>
				<timestamp>6921.753252</timestamp>
			</report>
			<report>
				<misses>20997001</misses>
				<total>50</total>
				<timestamp>6922.082937</timestamp>
			</report>
			<report>
				<misses>20998001</misses>
				<total>50</total>
				<timestamp>6922.412593</timestamp>
			</report>
			<report>
				<misses>20999001</misses>
				<total>50</total>
				<timestamp>6922.742289</timestamp>
			</report>
			<report>
				<misses>21000001</misses>
				<total>50</total>
				<timestamp>6923.071939</timestamp>
			</report>
			<report>
				<misses>21001001</misses>
				<total>50</total>
				<timestamp>6923.401578</timestamp>
			</report>
			<report>
				<misses>21002001</misses>
				<total>50</total>
				<timestamp>6923.731269</timestamp>
			</report>
			<report>
				<misses>21003001</misses>
				<total>50</total>
				<timestamp>6924.060968</timestamp>
			</report>
			<report>
				<misses>21004001</misses>
				<total>50</total>
				<timestamp>6924.390596</timestamp>
			</report>
			<report>
				<misses>21005001</misses>
				<total>50</total>
				<timestamp>6924.720306</timestamp>
			</report>
			<report>
				<misses>21006001</misses>
				<total>50</total>
				<timestamp>6925.049941</timestamp>
			</report>
			<report>
				<misses>21007001</misses>
				<total>50</total>
				<timestamp>6925.379604</timestamp>
			</report>
			<report>
				<misses>21008001</misses>
				<total>50</total>
				<timestamp>6925.709346</timestamp>
			</report>
			<report>
				<misses>21009001</misses>
				<total>50</total>
				<timestamp>6926.038956</timestamp>
			</report>
			<report>
				<misses>21010001</misses>
				<total>50</total>
				<timestamp>6926.368659</timestamp>
			</report>
			<report>
				<misses>21011001</misses>
				<total>50</total>
				<timestamp>6926.698352</timestamp>
			</report>
			<report>
				<misses>21012001</misses>
				<total>50</total>
				<timestamp>6927.027996</timestamp>
			</report>
			<report>
				<misses>21013001</misses>
				<total>50</total>
				<timestamp>6927.357615</timestamp>
			</report>
			<report>
				<misses>21014001</misses>
				<total>50</total>
				<timestamp>6927.687296</timestamp>
			</report>
			<report>
				<misses>21015001</misses>
				<total>50</total>
				<timestamp>6928.016988</timestamp>
			</report>
			<report>
				<misses>21016001</misses>
				<total>50</total>
				<timestamp>6928.346614</timestamp>
			</report>
			<report>
				<misses>21017001</misses>
				<total>50</total>
				<timestamp>6928.676377</timestamp>
			</report>
			<report>
				<misses>21018001</misses>
				<total>50</total>
				<timestamp>6929.005974</timestamp>
			</report>
			<report>
				<misses>21019001</misses>
				<total>50</total>
				<timestamp>6929.335670</timestamp>
			</report>
			<report>
				<misses>21020001</misses>
				<total>50</total>
				<timestamp>6929.665318</timestamp>
			</report>
			<report>
				<misses>21021001</misses>
				<total>50</total>
				<timestamp>6929.994985</timestamp>
			</report>
			<report>
				<misses>21022001</misses>
				<total>50</total>
				<timestamp>6930.324650</timestamp>
			</report>
			<report>
				<misses>21023001</misses>
				<total>50</total>
				<timestamp>6930.654323</timestamp>
			</report>
			<report>
				<misses>21024001</misses>
				<total>50</total>
				<timestamp>6930.984021</timestamp>
			</report>
			<report>
				<misses>21025001</misses>
				<total>50</total>
				<timestamp>6931.313666</timestamp>
			</report>
			<report>
				<misses>21026001</misses>
				<total>50</total>
				<timestamp>6931.643442</timestamp>
			</report>
			<report>
				<misses>21027001</misses>
				<total>50</total>
				<timestamp>6931.972995</timestamp>
			</report>
			<report>
				<misses>21028001</misses>
				<total>50</total>
				<timestamp>6932.302662</timestamp>
			</report>
			<report>
				<misses>21029001</misses>
				<total>50</total>
				<timestamp>6932.632326</timestamp>
			</report>
			<report>
				<misses>21030001</misses>
				<total>50</total>
				<timestamp>6932.961998</timestamp>
			</report>
			<report>
				<misses>21031001</misses>
				<total>50</total>
				<timestamp>6933.291703</timestamp>
			</report>
			<report>
				<misses>21032001</misses>
				<total>50</total>
				<timestamp>6933.621441</timestamp>
			</report>
			<report>
				<misses>21033001</misses>
				<total>50</total>
				<timestamp>6933.951009</timestamp>
			</report>
			<report>
				<misses>21034001</misses>
				<total>50</total>
				<timestamp>6934.280799</timestamp>
			</report>
			<report>
				<misses>21035001</misses>
				<total>50</total>
				<timestamp>6934.610385</timestamp>
			</report>
			<report>
				<misses>21036001</misses>
				<total>50</total>
				<timestamp>6934.940016</timestamp>
			</report>
			<report>
				<misses>21037001</misses>
				<total>50</total>
				<timestamp>6935.269689</timestamp>
			</report>
			<report>
				<misses>21038001</misses>
				<total>50</total>
				<timestamp>6935.599372</timestamp>
			</report>
			<report>
				<misses>21039001</misses>
				<total>50</total>
				<timestamp>6935.929100</timestamp>
			</report>
			<report>
				<misses>21040001</misses>
				<total>50</total>
				<timestamp>6936.258704</timestamp>
			</report>
			<report>
				<misses>21041001</misses>
				<total>50</total>
				<timestamp>6936.588434</timestamp>
			</report>
			<report>
				<misses>21042001</misses>
				<total>50</total>
				<timestamp>6936.918049</timestamp>
			</report>
			<report>
				<misses>21043001</misses>
				<total>50</total>
				<timestamp>6937.247723</timestamp>
			</report>
			<report>
				<misses>21044001</misses>
				<total>50</total>
				<timestamp>6937.577428</timestamp>
			</report>
			<report>
				<misses>21045001</misses>
				<total>50</total>
				<timestamp>6937.907078</timestamp>
			</report>
			<report>
				<misses>21046001</misses>
				<total>50</total>
				<timestamp>6938.236740</timestamp>
			</report>
			<report>
				<misses>21047001</misses>
				<total>50</total>
				<timestamp>6938.566455</timestamp>
			</report>
			<report>
				<misses>21048001</misses>
				<total>50</total>
				<timestamp>6938.896104</timestamp>
			</report>
			<report>
				<misses>21049001</misses>
				<total>50</total>
				<timestamp>6939.225763</timestamp>
			</report>
			<report>
				<misses>21050001</misses>
				<total>50</total>
				<timestamp>6939.555439</timestamp>
			</report>
			<report>
				<misses>21051001</misses>
				<total>50</total>
				<timestamp>6939.885103</timestamp>
			</report>
			<report>
				<misses>21052001</misses>
				<total>50</total>
				<timestamp>6940.214754</timestamp>
			</report>
			<report>
				<misses>21053001</misses>
				<total>50</total>
				<timestamp>6940.544514</timestamp>
			</report>
			<report>
				<misses>21054001</misses>
				<total>50</total>
				<timestamp>6940.874107</timestamp>
			</report>
			<report>
				<misses>21055001</misses>
				<total>50</total>
				<timestamp>6941.203787</timestamp>
			</report>
			<report>
				<misses>21056001</misses>
				<total>50</total>
				<timestamp>6941.533469</timestamp>
			</report>
			<report>
				<misses>21057001</misses>
				<total>50</total>
				<timestamp>6941.863107</timestamp>
			</report>
			<report>
				<misses>21058001</misses>
				<total>50</total>
				<timestamp>6942.192762</timestamp>
			</report>
			<report>
				<misses>21059001</misses>
				<total>50</total>
				<timestamp>6942.522442</timestamp>
			</report>
			<report>
				<misses>21060001</misses>
				<total>50</total>
				<timestamp>6942.852168</timestamp>
			</report>
			<report>
				<misses>21061001</misses>
				<total>50</total>
				<timestamp>6943.181792</timestamp>
			</report>
			<report>
				<misses>21062001</misses>
				<total>50</total>
				<timestamp>6943.511556</timestamp>
			</report>
			<report>
				<misses>21063001</misses>
				<total>50</total>
				<timestamp>6943.841145</timestamp>
			</report>
			<report>
				<misses>21064001</misses>
				<total>50</total>
				<timestamp>6944.170798</timestamp>
			</report>
			<report>
				<misses>21065001</misses>
				<total>50</total>
				<timestamp>6944.500464</timestamp>
			</report>
			<report>
				<misses>21066001</misses>
				<total>50</total>
				<timestamp>6944.830172</timestamp>
			</report>
			<report>
				<misses>21067001</misses>
				<total>50</total>
				<timestamp>6945.159812</timestamp>
			</report>
			<report>
				<misses>21068001</misses>
				<total>50</total>
				<timestamp>6945.489466</timestamp>
			</report>
			<report>
				<misses>21069001</misses>
				<total>50</total>
				<timestamp>6945.819142</timestamp>
			</report>
			<report>
				<misses>21070001</misses>
				<total>50</total>
				<timestamp>6946.148821</timestamp>
			</report>
			<report>
				<misses>21071001</misses>
				<total>50</total>
				<timestamp>6946.478478</timestamp>
			</report>
			<report>
				<misses>21072001</misses>
				<total>50</total>
				<timestamp>6946.808180</timestamp>
			</report>
			<report>
				<misses>21073001</misses>
				<total>50</total>
				<timestamp>6947.137869</timestamp>
			</report>
			<report>
				<misses>21074001</misses>
				<total>50</total>
				<timestamp>6947.467492</timestamp>
			</report>
			<report>
				<misses>21075001</misses>
				<total>50</total>
				<timestamp>6947.797186</timestamp>
			</report>
			<report>
				<misses>21076001</misses>
				<total>50</total>
				<timestamp>6948.126868</timestamp>
			</report>
			<report>
				<misses>21077001</misses>
				<total>50</total>
				<timestamp>6948.456541</timestamp>
			</report>
			<report>
				<misses>21078001</misses>
				<total>50</total>
				<timestamp>6948.786192</timestamp>
			</report>
			<report>
				<misses>21079001</misses>
				<total>50</total>
				<timestamp>6949.115844</timestamp>
			</report>
			<report>
				<misses>21080001</misses>
				<total>50</total>
				<timestamp>6949.445501</timestamp>
			</report>
			<report>
				<misses>21081001</misses>
				<total>50</total>
				<timestamp>6949.775182</timestamp>
			</report>
			<report>
				<misses>21082001</misses>
				<total>50</total>
				<timestamp>6950.104884</timestamp>
			</report>
			<report>
				<misses>21083001</misses>
				<total>50</total>
				<timestamp>6950.434505</timestamp>
			</report>
			<report>
				<misses>21084001</misses>
				<total>50</total>
				<timestamp>6950.764224</timestamp>
			</report>
			<report>
				<misses>21085001</misses>
				<total>50</total>
				<timestamp>6951.093866</timestamp>
			</report>
			<report>
				<misses>21086001</misses>
				<total>50</total>
				<timestamp>6951.423523</timestamp>
			</report>
			<report>
				<misses>21087001</misses>
				<total>50</total>
				<timestamp>6951.753251</timestamp>
			</report>
			<report>
				<misses>21088001</misses>
				<total>50</total>
				<timestamp>6952.082874</timestamp>
			</report>
			<report>
				<misses>21089001</misses>
				<total>50</total>
				<timestamp>6952.412527</timestamp>
			</report>
			<report>
				<misses>21090001</misses>
				<total>50</total>
				<timestamp>6952.742214</timestamp>
			</report>
			<report>
				<misses>21091001</misses>
				<total>50</total>
				<timestamp>6953.071879</timestamp>
			</report>
			<report>
				<misses>21092001</misses>
				<total>50</total>
				<timestamp>6953.401572</timestamp>
			</report>
			<report>
				<misses>21093001</misses>
				<total>50</total>
				<timestamp>6953.731290</timestamp>
			</report>
			<report>
				<misses>21094001</misses>
				<total>50</total>
				<timestamp>6954.060885</timestamp>
			</report>
			<report>
				<misses>21095001</misses>
				<total>50</total>
				<timestamp>6954.390559</timestamp>
			</report>
			<report>
				<misses>21096001</misses>
				<total>50</total>
				<timestamp>6954.720258</timestamp>
			</report>
			<report>
				<misses>21097001</misses>
				<total>50</total>
				<timestamp>6955.049904</timestamp>
			</report>
			<report>
				<misses>21098001</misses>
				<total>50</total>
				<timestamp>6955.379567</timestamp>
			</report>
			<report>
				<misses>21099001</misses>
				<total>50</total>
				<timestamp>6955.709294</timestamp>
			</report>
			<report>
				<misses>21100001</misses>
				<total>50</total>
				<timestamp>6956.038910</timestamp>
			</report>
			<report>
				<misses>21101001</misses>
				<total>50</total>
				<timestamp>6956.368606</timestamp>
			</report>
			<report>
				<misses>21102001</misses>
				<total>50</total>
				<timestamp>6956.698299</timestamp>
			</report>
			<report>
				<misses>21103001</misses>
				<total>50</total>
				<timestamp>6957.027921</timestamp>
			</report>
			<report>
				<misses>21104001</misses>
				<total>50</total>
				<timestamp>6957.357616</timestamp>
			</report>
			<report>
				<misses>21105001</misses>
				<total>50</total>
				<timestamp>6957.687281</timestamp>
			</report>
			<report>
				<misses>21106001</misses>
				<total>50</total>
				<timestamp>6958.016933</timestamp>
			</report>
			<report>
				<misses>21107001</misses>
				<total>50</total>
				<timestamp>6958.346622</timestamp>
			</report>
			<report>
				<misses>21108001</misses>
				<total>50</total>
				<timestamp>6958.676278</timestamp>
			</report>
			<report>
				<misses>21109001</misses>
				<total>50</total>
				<timestamp>6959.005933</timestamp>
			</report>
			<report>
				<misses>21110001</misses>
				<total>50</total>
				<timestamp>6959.335644</timestamp>
			</report>
			<report>
				<misses>21111001</misses>
				<total>50</total>
				<timestamp>6959.665278</timestamp>
			</report>
			<report>
				<misses>21112001</misses>
				<total>50</total>
				<timestamp>6959.994967</timestamp>
			</report>
			<report>
				<misses>21113001</misses>
				<total>50</total>
				<timestamp>6960.324652</timestamp>
			</report>
			<report>
				<misses>21114001</misses>
				<total>50</total>
				<timestamp>6960.654298</timestamp>
			</report>
			<report>
				<misses>21115001</misses>
				<total>50</total>
				<timestamp>6960.983960</timestamp>
			</report>
			<report>
				<misses>21116001</misses>
				<total>50</total>
				<timestamp>6961.313664</timestamp>
			</report>
			<report>
				<misses>21117001</misses>
				<total>50</total>
				<timestamp>6961.643306</timestamp>
			</report>
			<report>
				<misses>21118001</misses>
				<total>50</total>
				<timestamp>6961.973000</timestamp>
			</report>
			<report>
				<misses>21119001</misses>
				<total>50</total>
				<timestamp>6962.302689</timestamp>
			</report>
			<report>
				<misses>21120001</misses>
				<total>50</total>
				<timestamp>6962.632311</timestamp>
			</report>
			<report>
				<misses>21121001</misses>
				<total>50</total>
				<timestamp>6962.961983</timestamp>
			</report>
			<report>
				<misses>21122001</misses>
				<total>50</total>
				<timestamp>6963.291659</timestamp>
			</report>
			<report>
				<misses>21123001</misses>
				<total>50</total>
				<timestamp>6963.621313</timestamp>
			</report>
			<report>
				<misses>21124001</misses>
				<total>50</total>
				<timestamp>6963.951020</timestamp>
			</report>
			<report>
				<misses>21125001</misses>
				<total>50</total>
				<timestamp>6964.280663</timestamp>
			</report>
			<report>
				<misses>21126001</misses>
				<total>50</total>
				<timestamp>6964.610325</timestamp>
			</report>
			<report>
				<misses>21127001</misses>
				<total>50</total>
				<timestamp>6964.940012</timestamp>
			</report>
			<report>
				<misses>21128001</misses>
				<total>50</total>
				<timestamp>6965.269669</timestamp>
			</report>
			<report>
				<misses>21129001</misses>
				<total>50</total>
				<timestamp>6965.599347</timestamp>
			</report>
			<report>
				<misses>21130001</misses>
				<total>50</total>
				<timestamp>6965.929083</timestamp>
			</report>
			<report>
				<misses>21131001</misses>
				<total>50</total>
				<timestamp>6966.258690</timestamp>
			</report>
			<report>
				<misses>21132001</misses>
				<total>50</total>
				<timestamp>6966.588398</timestamp>
			</report>
			<report>
				<misses>21133001</misses>
				<total>50</total>
				<timestamp>6966.918018</timestamp>
			</report>
			<report>
				<misses>21134001</misses>
				<total>50</total>
				<timestamp>6967.247722</timestamp>
			</report>
			<report>
				<misses>21135001</misses>
				<total>50</total>
				<timestamp>6967.577373</timestamp>
			</report>
			<report>
				<misses>21136001</misses>
				<total>50</total>
				<timestamp>6967.907115</timestamp>
			</report>
			<report>
				<misses>21137001</misses>
				<total>50</total>
				<timestamp>6968.236695</timestamp>
			</report>
			<report>
				<misses>21138001</misses>
				<total>50</total>
				<timestamp>6968.566362</timestamp>
			</report>
			<report>
				<misses>21139001</misses>
				<total>50</total>
				<timestamp>6968.896119</timestamp>
			</report>
			<report>
				<misses>21140001</misses>
				<total>50</total>
				<timestamp>6969.225765</timestamp>
			</report>
			<report>
				<misses>21141001</misses>
				<total>50</total>
				<timestamp>6969.555389</timestamp>
			</report>
			<report>
				<misses>21142001</misses>
				<total>50</total>
				<timestamp>6969.885052</timestamp>
			</report>
			<report>
				<misses>21143001</misses>
				<total>50</total>
				<timestamp>6970.214720</timestamp>
			</report>
			<report>
				<misses>21144001</misses>
				<total>50</total>
				<timestamp>6970.544386</timestamp>
			</report>
			<report>
				<misses>21145001</misses>
				<total>50</total>
				<timestamp>6970.874086</timestamp>
			</report>
			<report>
				<misses>21146001</misses>
				<total>50</total>
				<timestamp>6971.203730</timestamp>
			</report>
			<report>
				<misses>21147001</misses>
				<total>50</total>
				<timestamp>6971.533396</timestamp>
			</report>
			<report>
				<misses>21148001</misses>
				<total>50</total>
				<timestamp>6971.863063</timestamp>
			</report>
			<report>
				<misses>21149001</misses>
				<total>50</total>
				<timestamp>6972.192738</timestamp>
			</report>
			<report>
				<misses>21150001</misses>
				<total>50</total>
				<timestamp>6972.522411</timestamp>
			</report>
			<report>
				<misses>21151001</misses>
				<total>50</total>
				<timestamp>6972.852126</timestamp>
			</report>
			<report>
				<misses>21152001</misses>
				<total>50</total>
				<timestamp>6973.181745</timestamp>
			</report>
			<report>
				<misses>21153001</misses>
				<total>50</total>
				<timestamp>6973.511425</timestamp>
			</report>
			<report>
				<misses>21154001</misses>
				<total>50</total>
				<timestamp>6973.841166</timestamp>
			</report>
			<report>
				<misses>21155001</misses>
				<total>50</total>
				<timestamp>6974.170763</timestamp>
			</report>
			<report>
				<misses>21156001</misses>
				<total>50</total>
				<timestamp>6974.500427</timestamp>
			</report>
			<report>
				<misses>21157001</misses>
				<total>50</total>
				<timestamp>6974.830161</timestamp>
			</report>
			<report>
				<misses>21158001</misses>
				<total>50</total>
				<timestamp>6975.159767</timestamp>
			</report>
			<report>
				<misses>21159001</misses>
				<total>50</total>
				<timestamp>6975.489435</timestamp>
			</report>
			<report>
				<misses>21160001</misses>
				<total>50</total>
				<timestamp>6975.819141</timestamp>
			</report>
			<report>
				<misses>21161001</misses>
				<total>50</total>
				<timestamp>6976.148786</timestamp>
			</report>
			<report>
				<misses>21162001</misses>
				<total>50</total>
				<timestamp>6976.478470</timestamp>
			</report>
			<report>
				<misses>21163001</misses>
				<total>50</total>
				<timestamp>6976.808128</timestamp>
			</report>
			<report>
				<misses>21164001</misses>
				<total>50</total>
				<timestamp>6977.137781</timestamp>
			</report>
			<report>
				<misses>21165001</misses>
				<total>50</total>
				<timestamp>6977.467477</timestamp>
			</report>
			<report>
				<misses>21166001</misses>
				<total>50</total>
				<timestamp>6977.797198</timestamp>
			</report>
			<report>
				<misses>21167001</misses>
				<total>50</total>
				<timestamp>6978.126797</timestamp>
			</report>
			<report>
				<misses>21168001</misses>
				<total>50</total>
				<timestamp>6978.456515</timestamp>
			</report>
			<report>
				<misses>21169001</misses>
				<total>50</total>
				<timestamp>6978.786147</timestamp>
			</report>
			<report>
				<misses>21170001</misses>
				<total>50</total>
				<timestamp>6979.115828</timestamp>
			</report>
			<report>
				<misses>21171001</misses>
				<total>50</total>
				<timestamp>6979.445570</timestamp>
			</report>
			<report>
				<misses>21172001</misses>
				<total>50</total>
				<timestamp>6979.775200</timestamp>
			</report>
			<report>
				<misses>21173001</misses>
				<total>50</total>
				<timestamp>6980.104859</timestamp>
			</report>
			<report>
				<misses>21174001</misses>
				<total>50</total>
				<timestamp>6980.434527</timestamp>
			</report>
			<report>
				<misses>21175001</misses>
				<total>50</total>
				<timestamp>6980.764169</timestamp>
			</report>
			<report>
				<misses>21176001</misses>
				<total>50</total>
				<timestamp>6981.093835</timestamp>
			</report>
			<report>
				<misses>21177001</misses>
				<total>50</total>
				<timestamp>6981.423519</timestamp>
			</report>
			<report>
				<misses>21178001</misses>
				<total>50</total>
				<timestamp>6981.753189</timestamp>
			</report>
			<report>
				<misses>21179001</misses>
				<total>50</total>
				<timestamp>6982.082837</timestamp>
			</report>
			<report>
				<misses>21180001</misses>
				<total>50</total>
				<timestamp>6982.412523</timestamp>
			</report>
			<report>
				<misses>21181001</misses>
				<total>50</total>
				<timestamp>6982.742174</timestamp>
			</report>
			<report>
				<misses>21182001</misses>
				<total>50</total>
				<timestamp>6983.071856</timestamp>
			</report>
			<report>
				<misses>21183001</misses>
				<total>50</total>
				<timestamp>6983.401527</timestamp>
			</report>
			<report>
				<misses>21184001</misses>
				<total>50</total>
				<timestamp>6983.731180</timestamp>
			</report>
			<report>
				<misses>21185001</misses>
				<total>50</total>
				<timestamp>6984.060871</timestamp>
			</report>
			<report>
				<misses>21186001</misses>
				<total>51</total>
				<timestamp>6984.390524</timestamp>
			</report>
		</query>
	</custom>
	<ethtool_statistic>
		<rx_packets>
			<start>10274842516</start>
			<end>10869979072</end>
		</rx_packets>
		<tx_packets>
			<start>16899597525</start>
			<end>17767641836</end>
		</tx_packets>
		<rx_dropped>
			<start>1251</start>
			<end>1251</end>
		</rx_dropped>
		<tx_dropped>
			<start>0</start>
			<end>0</end>
		</tx_dropped>
		<collisions>
			<start>0</start>
			<end>0</end>
		</collisions>
		<port_tx_errors>
			<start>0</start>
			<end>0</end>
		</port_tx_errors>
		<port_rx_dropped>
			<start>0</start>
			<end>0</end>
		</port_rx_dropped>
		<port_tx_dropped_link_down>
			<start>0</start>
			<end>0</end>
		</port_tx_dropped_link_down>
	</ethtool_statistic>
	<ip_statistic>
		<mtu>
			<start>9000</start>
			<end>9000</end>
		</mtu>
		<rx_bytes>
			<start>41935130824798</start>
			<end>44286448942712</end>
		</rx_bytes>
		<rx_packets>
			<start>10274842558</start>
			<end>10869979206</end>
		</rx_packets>
		<rx_errors>
			<start>0</start>
			<end>0</end>
		</rx_errors>
		<rx_dropped>
			<start>1251</start>
			<end>1251</end>
		</rx_dropped>
		<rx_missed>
			<start>0</start>
			<end>0</end>
		</rx_missed>
		<rx_mcast>
			<start>5353</start>
			<end>5428</end>
		</rx_mcast>
		<tx_bytes>
			<start>59782161604134</start>
			<end>62937162214318</end>
		</tx_bytes>
		<tx_packets>
			<start>16899597566</start>
			<end>17767641864</end>
		</tx_packets>
		<tx_errors>
			<start>0</start>
			<end>0</end>
		</tx_errors>
		<tx_dropped>
			<start>0</start>
			<end>0</end>
		</tx_dropped>
		<tx_carrier>
			<start>0</start>
			<end>0</end>
		</tx_carrier>
		<tx_collisions>
			<start>0</start>
			<end>0</end>
		</tx_collisions>
	</ip_statistic>
	<netstat_statistic>
		<udp_pkg_rec>
			<start>8719351339</start>
			<end>9220351046</end>
		</udp_pkg_rec>
		<udp_pkg_snt>
			<start>14544246093</start>
			<end>15264172943</end>
		</udp_pkg_snt>
		<udp_rec_err>
			<start>1557601205</start>
			<end>1651773766</end>
		</udp_rec_err>
		<udp_rec_buf_err>
			<start>1557601205</start>
			<end>1651773766</end>
		</udp_rec_buf_err>
		<udp_snt_buf_err>
			<start>0</start>
			<end>0</end>
		</udp_snt_buf_err>
	</netstat_statistic>
</test_results>
