<?xml version="1.0"?>
<test_results>
	<status>STATUS_SUCCESS</status>
	<custom>
		<num_loss>1788372</num_loss>
		<num_total>2000001</num_total>
		<num_misses>209</num_misses>
		<elapsed_time>200.001150</elapsed_time>
		<query>
			<report>
				<misses>10000</misses>
				<total>15</total>
			</report>
			<report>
				<misses>20000</misses>
				<total>20</total>
			</report>
			<report>
				<misses>30000</misses>
				<total>5784</total>
			</report>
			<report>
				<misses>40000</misses>
				<total>15783</total>
			</report>
			<report>
				<misses>50000</misses>
				<total>25782</total>
			</report>
			<report>
				<misses>60000</misses>
				<total>35781</total>
			</report>
			<report>
				<misses>70000</misses>
				<total>45780</total>
			</report>
			<report>
				<misses>80000</misses>
				<total>55779</total>
			</report>
			<report>
				<misses>90000</misses>
				<total>65778</total>
			</report>
			<report>
				<misses>100000</misses>
				<total>75777</total>
			</report>
			<report>
				<misses>110000</misses>
				<total>85776</total>
			</report>
			<report>
				<misses>120000</misses>
				<total>95775</total>
			</report>
			<report>
				<misses>130000</misses>
				<total>105774</total>
			</report>
			<report>
				<misses>140000</misses>
				<total>115773</total>
			</report>
			<report>
				<misses>150000</misses>
				<total>125772</total>
			</report>
			<report>
				<misses>160000</misses>
				<total>135771</total>
			</report>
			<report>
				<misses>170000</misses>
				<total>145770</total>
			</report>
			<report>
				<misses>180000</misses>
				<total>155769</total>
			</report>
			<report>
				<misses>190000</misses>
				<total>165768</total>
			</report>
			<report>
				<misses>200000</misses>
				<total>175767</total>
			</report>
			<report>
				<misses>210000</misses>
				<total>185766</total>
			</report>
			<report>
				<misses>220000</misses>
				<total>195765</total>
			</report>
			<report>
				<misses>230000</misses>
				<total>205764</total>
			</report>
			<report>
				<misses>240000</misses>
				<total>215763</total>
			</report>
			<report>
				<misses>250000</misses>
				<total>225762</total>
			</report>
			<report>
				<misses>260000</misses>
				<total>235761</total>
			</report>
			<report>
				<misses>270000</misses>
				<total>245760</total>
			</report>
			<report>
				<misses>280000</misses>
				<total>251439</total>
			</report>
			<report>
				<misses>290000</misses>
				<total>260576</total>
			</report>
			<report>
				<misses>300000</misses>
				<total>263001</total>
			</report>
			<report>
				<misses>310000</misses>
				<total>269932</total>
			</report>
			<report>
				<misses>320000</misses>
				<total>279931</total>
			</report>
			<report>
				<misses>330000</misses>
				<total>289930</total>
			</report>
			<report>
				<misses>340000</misses>
				<total>299929</total>
			</report>
			<report>
				<misses>350000</misses>
				<total>309928</total>
			</report>
			<report>
				<misses>360000</misses>
				<total>319927</total>
			</report>
			<report>
				<misses>370000</misses>
				<total>329926</total>
			</report>
			<report>
				<misses>380000</misses>
				<total>339925</total>
			</report>
			<report>
				<misses>390000</misses>
				<total>349924</total>
			</report>
			<report>
				<misses>400000</misses>
				<total>359923</total>
			</report>
			<report>
				<misses>410000</misses>
				<total>369922</total>
			</report>
			<report>
				<misses>420000</misses>
				<total>379921</total>
			</report>
			<report>
				<misses>430000</misses>
				<total>389920</total>
			</report>
			<report>
				<misses>440000</misses>
				<total>399919</total>
			</report>
			<report>
				<misses>450000</misses>
				<total>409918</total>
			</report>
			<report>
				<misses>460000</misses>
				<total>419917</total>
			</report>
			<report>
				<misses>470000</misses>
				<total>429916</total>
			</report>
			<report>
				<misses>480000</misses>
				<total>439915</total>
			</report>
			<report>
				<misses>490000</misses>
				<total>449914</total>
			</report>
			<report>
				<misses>500000</misses>
				<total>459913</total>
			</report>
			<report>
				<misses>510000</misses>
				<total>469912</total>
			</report>
			<report>
				<misses>520000</misses>
				<total>479911</total>
			</report>
			<report>
				<misses>530000</misses>
				<total>489910</total>
			</report>
			<report>
				<misses>540000</misses>
				<total>499909</total>
			</report>
			<report>
				<misses>550000</misses>
				<total>505767</total>
			</report>
			<report>
				<misses>560000</misses>
				<total>514005</total>
			</report>
			<report>
				<misses>570000</misses>
				<total>522889</total>
			</report>
			<report>
				<misses>580000</misses>
				<total>522899</total>
			</report>
			<report>
				<misses>590000</misses>
				<total>524625</total>
			</report>
			<report>
				<misses>600000</misses>
				<total>534624</total>
			</report>
			<report>
				<misses>610000</misses>
				<total>544623</total>
			</report>
			<report>
				<misses>620000</misses>
				<total>554622</total>
			</report>
			<report>
				<misses>630000</misses>
				<total>564621</total>
			</report>
			<report>
				<misses>640000</misses>
				<total>574620</total>
			</report>
			<report>
				<misses>650000</misses>
				<total>584619</total>
			</report>
			<report>
				<misses>660000</misses>
				<total>594618</total>
			</report>
			<report>
				<misses>670000</misses>
				<total>604617</total>
			</report>
			<report>
				<misses>680000</misses>
				<total>614616</total>
			</report>
			<report>
				<misses>690000</misses>
				<total>624615</total>
			</report>
			<report>
				<misses>700000</misses>
				<total>634614</total>
			</report>
			<report>
				<misses>710000</misses>
				<total>644613</total>
			</report>
			<report>
				<misses>720000</misses>
				<total>654612</total>
			</report>
			<report>
				<misses>730000</misses>
				<total>664611</total>
			</report>
			<report>
				<misses>740000</misses>
				<total>674610</total>
			</report>
			<report>
				<misses>750000</misses>
				<total>684609</total>
			</report>
			<report>
				<misses>760000</misses>
				<total>694608</total>
			</report>
			<report>
				<misses>770000</misses>
				<total>704607</total>
			</report>
			<report>
				<misses>780000</misses>
				<total>714606</total>
			</report>
			<report>
				<misses>790000</misses>
				<total>724605</total>
			</report>
			<report>
				<misses>800000</misses>
				<total>734604</total>
			</report>
			<report>
				<misses>810000</misses>
				<total>744603</total>
			</report>
			<report>
				<misses>820000</misses>
				<total>752320</total>
			</report>
			<report>
				<misses>830000</misses>
				<total>752326</total>
			</report>
			<report>
				<misses>840000</misses>
				<total>757668</total>
			</report>
			<report>
				<misses>850000</misses>
				<total>767640</total>
			</report>
			<report>
				<misses>860000</misses>
				<total>769400</total>
			</report>
			<report>
				<misses>870000</misses>
				<total>770528</total>
			</report>
			<report>
				<misses>880000</misses>
				<total>780527</total>
			</report>
			<report>
				<misses>890000</misses>
				<total>790526</total>
			</report>
			<report>
				<misses>900000</misses>
				<total>800525</total>
			</report>
			<report>
				<misses>910000</misses>
				<total>810524</total>
			</report>
			<report>
				<misses>920000</misses>
				<total>820523</total>
			</report>
			<report>
				<misses>930000</misses>
				<total>830522</total>
			</report>
			<report>
				<misses>940000</misses>
				<total>840521</total>
			</report>
			<report>
				<misses>950000</misses>
				<total>850520</total>
			</report>
			<report>
				<misses>960000</misses>
				<total>860519</total>
			</report>
			<report>
				<misses>970000</misses>
				<total>870518</total>
			</report>
			<report>
				<misses>980000</misses>
				<total>880517</total>
			</report>
			<report>
				<misses>990000</misses>
				<total>890516</total>
			</report>
			<report>
				<misses>1000000</misses>
				<total>900515</total>
			</report>
			<report>
				<misses>1010000</misses>
				<total>910514</total>
			</report>
			<report>
				<misses>1020000</misses>
				<total>920513</total>
			</report>
			<report>
				<misses>1030000</misses>
				<total>930512</total>
			</report>
			<report>
				<misses>1040000</misses>
				<total>940511</total>
			</report>
			<report>
				<misses>1050000</misses>
				<total>950510</total>
			</report>
			<report>
				<misses>1060000</misses>
				<total>960509</total>
			</report>
			<report>
				<misses>1070000</misses>
				<total>970508</total>
			</report>
			<report>
				<misses>1080000</misses>
				<total>980507</total>
			</report>
			<report>
				<misses>1090000</misses>
				<total>990506</total>
			</report>
			<report>
				<misses>1100000</misses>
				<total>999305</total>
			</report>
			<report>
				<misses>1110000</misses>
				<total>1005396</total>
			</report>
			<report>
				<misses>1120000</misses>
				<total>1005408</total>
			</report>
			<report>
				<misses>1130000</misses>
				<total>1013565</total>
			</report>
			<report>
				<misses>1140000</misses>
				<total>1023564</total>
			</report>
			<report>
				<misses>1150000</misses>
				<total>1027309</total>
			</report>
			<report>
				<misses>1160000</misses>
				<total>1037308</total>
			</report>
			<report>
				<misses>1170000</misses>
				<total>1047307</total>
			</report>
			<report>
				<misses>1180000</misses>
				<total>1057306</total>
			</report>
			<report>
				<misses>1190000</misses>
				<total>1067305</total>
			</report>
			<report>
				<misses>1200000</misses>
				<total>1077304</total>
			</report>
			<report>
				<misses>1210000</misses>
				<total>1087303</total>
			</report>
			<report>
				<misses>1220000</misses>
				<total>1097302</total>
			</report>
			<report>
				<misses>1230000</misses>
				<total>1107301</total>
			</report>
			<report>
				<misses>1240000</misses>
				<total>1117300</total>
			</report>
			<report>
				<misses>1250000</misses>
				<total>1127299</total>
			</report>
			<report>
				<misses>1260000</misses>
				<total>1137298</total>
			</report>
			<report>
				<misses>1270000</misses>
				<total>1147297</total>
			</report>
			<report>
				<misses>1280000</misses>
				<total>1157296</total>
			</report>
			<report>
				<misses>1290000</misses>
				<total>1167295</total>
			</report>
			<report>
				<misses>1300000</misses>
				<total>1177294</total>
			</report>
			<report>
				<misses>1310000</misses>
				<total>1187293</total>
			</report>
			<report>
				<misses>1320000</misses>
				<total>1197292</total>
			</report>
			<report>
				<misses>1330000</misses>
				<total>1207291</total>
			</report>
			<report>
				<misses>1340000</misses>
				<total>1217290</total>
			</report>
			<report>
				<misses>1350000</misses>
				<total>1227289</total>
			</report>
			<report>
				<misses>1360000</misses>
				<total>1237288</total>
			</report>
			<report>
				<misses>1370000</misses>
				<total>1246027</total>
			</report>
			<report>
				<misses>1380000</misses>
				<total>1251313</total>
			</report>
			<report>
				<misses>1390000</misses>
				<total>1251318</total>
			</report>
			<report>
				<misses>1400000</misses>
				<total>1251329</total>
			</report>
			<report>
				<misses>1410000</misses>
				<total>1257384</total>
			</report>
			<report>
				<misses>1420000</misses>
				<total>1264153</total>
			</report>
			<report>
				<misses>1430000</misses>
				<total>1273531</total>
			</report>
			<report>
				<misses>1440000</misses>
				<total>1283530</total>
			</report>
			<report>
				<misses>1450000</misses>
				<total>1293529</total>
			</report>
			<report>
				<misses>1460000</misses>
				<total>1303528</total>
			</report>
			<report>
				<misses>1470000</misses>
				<total>1313527</total>
			</report>
			<report>
				<misses>1480000</misses>
				<total>1323526</total>
			</report>
			<report>
				<misses>1490000</misses>
				<total>1333525</total>
			</report>
			<report>
				<misses>1500000</misses>
				<total>1343524</total>
			</report>
			<report>
				<misses>1510000</misses>
				<total>1353523</total>
			</report>
			<report>
				<misses>1520000</misses>
				<total>1363522</total>
			</report>
			<report>
				<misses>1530000</misses>
				<total>1373521</total>
			</report>
			<report>
				<misses>1540000</misses>
				<total>1383520</total>
			</report>
			<report>
				<misses>1550000</misses>
				<total>1393519</total>
			</report>
			<report>
				<misses>1560000</misses>
				<total>1403518</total>
			</report>
			<report>
				<misses>1570000</misses>
				<total>1413517</total>
			</report>
			<report>
				<misses>1580000</misses>
				<total>1423516</total>
			</report>
			<report>
				<misses>1590000</misses>
				<total>1433515</total>
			</report>
			<report>
				<misses>1600000</misses>
				<total>1443514</total>
			</report>
			<report>
				<misses>1610000</misses>
				<total>1453513</total>
			</report>
			<report>
				<misses>1620000</misses>
				<total>1463512</total>
			</report>
			<report>
				<misses>1630000</misses>
				<total>1473511</total>
			</report>
			<report>
				<misses>1640000</misses>
				<total>1483291</total>
			</report>
			<report>
				<misses>1650000</misses>
				<total>1493290</total>
			</report>
			<report>
				<misses>1660000</misses>
				<total>1499998</total>
			</report>
			<report>
				<misses>1670000</misses>
				<total>1509997</total>
			</report>
			<report>
				<misses>1680000</misses>
				<total>1510195</total>
			</report>
			<report>
				<misses>1690000</misses>
				<total>1512899</total>
			</report>
			<report>
				<misses>1700000</misses>
				<total>1522898</total>
			</report>
			<report>
				<misses>1710000</misses>
				<total>1532897</total>
			</report>
			<report>
				<misses>1720000</misses>
				<total>1542896</total>
			</report>
			<report>
				<misses>1730000</misses>
				<total>1552895</total>
			</report>
			<report>
				<misses>1740000</misses>
				<total>1562894</total>
			</report>
			<report>
				<misses>1750000</misses>
				<total>1572893</total>
			</report>
			<report>
				<misses>1760000</misses>
				<total>1582892</total>
			</report>
			<report>
				<misses>1770000</misses>
				<total>1592891</total>
			</report>
			<report>
				<misses>1780000</misses>
				<total>1602890</total>
			</report>
			<report>
				<misses>1790000</misses>
				<total>1612889</total>
			</report>
			<report>
				<misses>1800000</misses>
				<total>1622888</total>
			</report>
			<report>
				<misses>1810000</misses>
				<total>1632887</total>
			</report>
			<report>
				<misses>1820000</misses>
				<total>1642886</total>
			</report>
			<report>
				<misses>1830000</misses>
				<total>1652885</total>
			</report>
			<report>
				<misses>1840000</misses>
				<total>1662884</total>
			</report>
			<report>
				<misses>1850000</misses>
				<total>1672883</total>
			</report>
			<report>
				<misses>1860000</misses>
				<total>1682882</total>
			</report>
			<report>
				<misses>1870000</misses>
				<total>1692881</total>
			</report>
			<report>
				<misses>1880000</misses>
				<total>1702880</total>
			</report>
			<report>
				<misses>1890000</misses>
				<total>1712879</total>
			</report>
			<report>
				<misses>1900000</misses>
				<total>1722878</total>
			</report>
			<report>
				<misses>1910000</misses>
				<total>1732877</total>
			</report>
			<report>
				<misses>1920000</misses>
				<total>1742876</total>
			</report>
			<report>
				<misses>1930000</misses>
				<total>1751750</total>
			</report>
			<report>
				<misses>1940000</misses>
				<total>1760970</total>
			</report>
			<report>
				<misses>1950000</misses>
				<total>1767634</total>
			</report>
			<report>
				<misses>1960000</misses>
				<total>1767637</total>
			</report>
			<report>
				<misses>1970000</misses>
				<total>1767637</total>
			</report>
			<report>
				<misses>1980000</misses>
				<total>1768374</total>
			</report>
			<report>
				<misses>1990000</misses>
				<total>1778373</total>
			</report>
			<report>
				<misses>2000000</misses>
				<total>1788372</total>
			</report>
		</query>
	</custom>
	<ethtool_statistic>
		<rx_packets>
			<start>16963272795</start>
			<end>16972815724</end>
		</rx_packets>
		<tx_packets>
			<start>19793113368</start>
			<end>19814837023</end>
		</tx_packets>
		<rx_dropped>
			<start>63</start>
			<end>63</end>
		</rx_dropped>
		<tx_dropped>
			<start>0</start>
			<end>0</end>
		</tx_dropped>
		<collisions>
			<start>0</start>
			<end>0</end>
		</collisions>
		<port_tx_errors>
			<start>0</start>
			<end>0</end>
		</port_tx_errors>
		<port_rx_dropped>
			<start>0</start>
			<end>0</end>
		</port_rx_dropped>
		<port_tx_dropped_link_down>
			<start>0</start>
			<end>0</end>
		</port_tx_dropped_link_down>
	</ethtool_statistic>
	<ip_statistic>
		<mtu>
			<start>9000</start>
			<end>9000</end>
		</mtu>
		<rx_bytes>
			<start>152486733306232</start>
			<end>152572521316422</end>
		</rx_bytes>
		<rx_packets>
			<start>16963272859</start>
			<end>16972815827</end>
		</rx_packets>
		<rx_errors>
			<start>0</start>
			<end>0</end>
		</rx_errors>
		<rx_dropped>
			<start>69</start>
			<end>69</end>
		</rx_dropped>
		<rx_missed>
			<start>0</start>
			<end>0</end>
		</rx_missed>
		<rx_mcast>
			<start>12341</start>
			<end>12343</end>
		</rx_mcast>
		<tx_bytes>
			<start>134256108860870</start>
			<end>134438123382512</end>
		</tx_bytes>
		<tx_packets>
			<start>19793113419</start>
			<end>19814837079</end>
		</tx_packets>
		<tx_errors>
			<start>0</start>
			<end>0</end>
		</tx_errors>
		<tx_dropped>
			<start>0</start>
			<end>0</end>
		</tx_dropped>
		<tx_carrier>
			<start>0</start>
			<end>0</end>
		</tx_carrier>
		<tx_collisions>
			<start>0</start>
			<end>0</end>
		</tx_collisions>
	</ip_statistic>
	<netstat_statistic>
		<udp_pkg_rec>
			<start>16690391447</start>
			<end>16699621007</end>
		</udp_pkg_rec>
		<udp_pkg_snt>
			<start>16687935100</start>
			<end>16695660738</end>
		</udp_pkg_snt>
		<udp_rec_err>
			<start>274878216</start>
			<end>275191618</end>
		</udp_rec_err>
		<udp_rec_buf_err>
			<start>274878216</start>
			<end>275191618</end>
		</udp_rec_buf_err>
		<udp_snt_buf_err>
			<start>28</start>
			<end>28</end>
		</udp_snt_buf_err>
	</netstat_statistic>
</test_results>
