<?xml version="1.0"?>
<test_results>
	<status>STATUS_SUCCESS</status>
	<custom>
		<num_loss>175254</num_loss>
		<num_total>5000001</num_total>
		<num_misses>8</num_misses>
		<elapsed_time>1299.989277</elapsed_time>
		<query>
			<report>
				<misses>100000</misses>
				<total>25</total>
				<timestamp>26.001455</timestamp>
			</report>
			<report>
				<misses>200000</misses>
				<total>32</total>
				<timestamp>52.001714</timestamp>
			</report>
			<report>
				<misses>300000</misses>
				<total>59</total>
				<timestamp>78.001506</timestamp>
			</report>
			<report>
				<misses>400000</misses>
				<total>77</total>
				<timestamp>104.001215</timestamp>
			</report>
			<report>
				<misses>500000</misses>
				<total>97</total>
				<timestamp>130.000976</timestamp>
			</report>
			<report>
				<misses>600000</misses>
				<total>134</total>
				<timestamp>156.000684</timestamp>
			</report>
			<report>
				<misses>700000</misses>
				<total>182</total>
				<timestamp>182.000436</timestamp>
			</report>
			<report>
				<misses>800000</misses>
				<total>211</total>
				<timestamp>208.000211</timestamp>
			</report>
			<report>
				<misses>900000</misses>
				<total>244</total>
				<timestamp>233.999909</timestamp>
			</report>
			<report>
				<misses>1000000</misses>
				<total>289</total>
				<timestamp>259.999645</timestamp>
			</report>
			<report>
				<misses>1100000</misses>
				<total>306</total>
				<timestamp>285.999416</timestamp>
			</report>
			<report>
				<misses>1200000</misses>
				<total>321</total>
				<timestamp>311.999145</timestamp>
			</report>
			<report>
				<misses>1300000</misses>
				<total>345</total>
				<timestamp>337.998909</timestamp>
			</report>
			<report>
				<misses>1400000</misses>
				<total>385</total>
				<timestamp>363.998639</timestamp>
			</report>
			<report>
				<misses>1500000</misses>
				<total>420</total>
				<timestamp>389.998376</timestamp>
			</report>
			<report>
				<misses>1600000</misses>
				<total>461</total>
				<timestamp>415.998093</timestamp>
			</report>
			<report>
				<misses>1700000</misses>
				<total>517</total>
				<timestamp>441.997835</timestamp>
			</report>
			<report>
				<misses>1800000</misses>
				<total>565</total>
				<timestamp>467.997588</timestamp>
			</report>
			<report>
				<misses>1900000</misses>
				<total>69917</total>
				<timestamp>493.997334</timestamp>
			</report>
			<report>
				<misses>2000000</misses>
				<total>70973</total>
				<timestamp>519.997072</timestamp>
			</report>
			<report>
				<misses>2100000</misses>
				<total>71000</total>
				<timestamp>545.996782</timestamp>
			</report>
			<report>
				<misses>2200000</misses>
				<total>71026</total>
				<timestamp>571.996571</timestamp>
			</report>
			<report>
				<misses>2300000</misses>
				<total>71051</total>
				<timestamp>597.996261</timestamp>
			</report>
			<report>
				<misses>2400000</misses>
				<total>71083</total>
				<timestamp>623.996004</timestamp>
			</report>
			<report>
				<misses>2500000</misses>
				<total>71122</total>
				<timestamp>649.995767</timestamp>
			</report>
			<report>
				<misses>2600000</misses>
				<total>71163</total>
				<timestamp>675.995541</timestamp>
			</report>
			<report>
				<misses>2700000</misses>
				<total>71200</total>
				<timestamp>701.995236</timestamp>
			</report>
			<report>
				<misses>2800000</misses>
				<total>71239</total>
				<timestamp>727.994984</timestamp>
			</report>
			<report>
				<misses>2900000</misses>
				<total>71275</total>
				<timestamp>753.994697</timestamp>
			</report>
			<report>
				<misses>3000000</misses>
				<total>71309</total>
				<timestamp>779.994442</timestamp>
			</report>
			<report>
				<misses>3100000</misses>
				<total>71343</total>
				<timestamp>805.994175</timestamp>
			</report>
			<report>
				<misses>3200000</misses>
				<total>71361</total>
				<timestamp>831.993927</timestamp>
			</report>
			<report>
				<misses>3300000</misses>
				<total>71392</total>
				<timestamp>857.993716</timestamp>
			</report>
			<report>
				<misses>3400000</misses>
				<total>71416</total>
				<timestamp>883.993532</timestamp>
			</report>
			<report>
				<misses>3500000</misses>
				<total>71448</total>
				<timestamp>909.993137</timestamp>
			</report>
			<report>
				<misses>3600000</misses>
				<total>71480</total>
				<timestamp>935.992886</timestamp>
			</report>
			<report>
				<misses>3700000</misses>
				<total>71498</total>
				<timestamp>961.992651</timestamp>
			</report>
			<report>
				<misses>3800000</misses>
				<total>71537</total>
				<timestamp>987.992364</timestamp>
			</report>
			<report>
				<misses>3900000</misses>
				<total>112557</total>
				<timestamp>1013.992147</timestamp>
			</report>
			<report>
				<misses>4000000</misses>
				<total>112584</total>
				<timestamp>1039.991861</timestamp>
			</report>
			<report>
				<misses>4100000</misses>
				<total>112640</total>
				<timestamp>1065.991599</timestamp>
			</report>
			<report>
				<misses>4200000</misses>
				<total>175057</total>
				<timestamp>1091.991323</timestamp>
			</report>
			<report>
				<misses>4300000</misses>
				<total>175079</total>
				<timestamp>1117.991057</timestamp>
			</report>
			<report>
				<misses>4400000</misses>
				<total>175113</total>
				<timestamp>1143.990824</timestamp>
			</report>
			<report>
				<misses>4500000</misses>
				<total>175136</total>
				<timestamp>1169.990608</timestamp>
			</report>
			<report>
				<misses>4600000</misses>
				<total>175138</total>
				<timestamp>1195.990292</timestamp>
			</report>
			<report>
				<misses>4700000</misses>
				<total>175158</total>
				<timestamp>1221.990017</timestamp>
			</report>
			<report>
				<misses>4800000</misses>
				<total>175194</total>
				<timestamp>1247.989795</timestamp>
			</report>
			<report>
				<misses>4900000</misses>
				<total>175223</total>
				<timestamp>1273.989538</timestamp>
			</report>
			<report>
				<misses>5000000</misses>
				<total>175255</total>
				<timestamp>1299.989253</timestamp>
			</report>
		</query>
	</custom>
	<ethtool_statistic>
		<rx_packets>
			<start>4370268614</start>
			<end>4431030597</end>
		</rx_packets>
		<tx_packets>
			<start>5757753190</start>
			<end>5834211124</end>
		</tx_packets>
		<rx_dropped>
			<start>0</start>
			<end>0</end>
		</rx_dropped>
		<tx_dropped>
			<start>0</start>
			<end>0</end>
		</tx_dropped>
		<collisions>
			<start>0</start>
			<end>0</end>
		</collisions>
		<port_tx_errors>
			<start>0</start>
			<end>0</end>
		</port_tx_errors>
		<port_rx_dropped>
			<start>0</start>
			<end>0</end>
		</port_rx_dropped>
		<port_tx_dropped_link_down>
			<start>0</start>
			<end>0</end>
		</port_tx_dropped_link_down>
	</ethtool_statistic>
	<ip_statistic>
		<mtu>
			<start>9000</start>
			<end>9000</end>
		</mtu>
		<rx_bytes>
			<start>39287272655184</start>
			<end>39833516131518</end>
		</rx_bytes>
		<rx_packets>
			<start>4370268703</start>
			<end>4431030697</end>
		</rx_packets>
		<rx_errors>
			<start>0</start>
			<end>0</end>
		</rx_errors>
		<rx_dropped>
			<start>0</start>
			<end>0</end>
		</rx_dropped>
		<rx_missed>
			<start>0</start>
			<end>0</end>
		</rx_missed>
		<rx_mcast>
			<start>1252</start>
			<end>1268</end>
		</rx_mcast>
		<tx_bytes>
			<start>38562461210308</start>
			<end>39216613394280</end>
		</tx_bytes>
		<tx_packets>
			<start>5757753239</start>
			<end>5834211173</end>
		</tx_packets>
		<tx_errors>
			<start>0</start>
			<end>0</end>
		</tx_errors>
		<tx_dropped>
			<start>0</start>
			<end>0</end>
		</tx_dropped>
		<tx_carrier>
			<start>0</start>
			<end>0</end>
		</tx_carrier>
		<tx_collisions>
			<start>0</start>
			<end>0</end>
		</tx_collisions>
	</ip_statistic>
	<netstat_statistic>
		<udp_pkg_rec>
			<start>4129128793</start>
			<end>4187005751</end>
		</udp_pkg_rec>
		<udp_pkg_snt>
			<start>4373840792</start>
			<end>4415308883</end>
		</udp_pkg_snt>
		<udp_rec_err>
			<start>241600467</start>
			<end>244491859</end>
		</udp_rec_err>
		<udp_rec_buf_err>
			<start>241600467</start>
			<end>244491859</end>
		</udp_rec_buf_err>
		<udp_snt_buf_err>
			<start>0</start>
			<end>0</end>
		</udp_snt_buf_err>
	</netstat_statistic>
</test_results>
