<?xml version="1.0"?>
<test_results>
	<status>STATUS_SUCCESS</status>
	<iperf>
		<interval>0.0000-9.9995 sec</interval>
		<transfer>1.37 GBytes</transfer>
		<bandwidth>1.18 Gbits/sec</bandwidth>
		<jitter>0.070 ms</jitter>
		<num_loss>0</num_loss>
		<num_total>165669</num_total>
		<startup_message>Client connecting to 10.30.0.2, UDP port 5001
Sending 8900 byte datagrams, IPG target: 6.63 us (kalman adjust)
UDP buffer size:  208 KByte (default)</startup_message>
	</iperf>
	<ethtool_statistic_start rx_packets="0" tx_packets="0" rx_dropped="0" tx_dropped="0" collisions="0" port_tx_errors="0" port_rx_dropped="0" port_tx_dropped_link_down="0" />
	<ethtool_statistic_end rx_packets="0" tx_packets="0" rx_dropped="0" tx_dropped="0" collisions="0" port_tx_errors="0" port_rx_dropped="0" port_tx_dropped_link_down="0" />
	<ip_statistic_start mtu="9000" rx_bytes="0" rx_packets="0" rx_errors="0" rx_dropped="0" rx_missed="0" rx_mcast="0" tx_bytes="0" tx_packets="0" tx_errors="0" tx_dropped="0" tx_carrier="0" tx_collisions="0" />
	<ip_statistic_end mtu="9000" rx_bytes="0" rx_packets="0" rx_errors="0" rx_dropped="0" rx_missed="0" rx_mcast="0" tx_bytes="0" tx_packets="0" tx_errors="0" tx_dropped="0" tx_carrier="0" tx_collisions="0" />
</test_results>
