<?xml version="1.0"?>
<test_results>
	<status>STATUS_SUCCESS</status>
	<custom>
		<num_loss>2</num_loss>
		<num_total>102843551</num_total>
		<num_misses>1222</num_misses>
		<elapsed_time>7199.062157</elapsed_time>
		<query>
			<report>
				<misses>100000</misses>
				<total>0</total>
				<timestamp>7.000929</timestamp>
			</report>
			<report>
				<misses>200000</misses>
				<total>0</total>
				<timestamp>14.000994</timestamp>
			</report>
			<report>
				<misses>300000</misses>
				<total>0</total>
				<timestamp>21.001483</timestamp>
			</report>
			<report>
				<misses>400000</misses>
				<total>0</total>
				<timestamp>28.001430</timestamp>
			</report>
			<report>
				<misses>500000</misses>
				<total>0</total>
				<timestamp>35.001427</timestamp>
			</report>
			<report>
				<misses>600000</misses>
				<total>0</total>
				<timestamp>42.001758</timestamp>
			</report>
			<report>
				<misses>700000</misses>
				<total>0</total>
				<timestamp>49.001988</timestamp>
			</report>
			<report>
				<misses>800000</misses>
				<total>0</total>
				<timestamp>56.001902</timestamp>
			</report>
			<report>
				<misses>900000</misses>
				<total>0</total>
				<timestamp>63.001942</timestamp>
			</report>
			<report>
				<misses>1000000</misses>
				<total>0</total>
				<timestamp>70.001910</timestamp>
			</report>
			<report>
				<misses>1100000</misses>
				<total>0</total>
				<timestamp>77.001829</timestamp>
			</report>
			<report>
				<misses>1200000</misses>
				<total>0</total>
				<timestamp>84.001831</timestamp>
			</report>
			<report>
				<misses>1300000</misses>
				<total>0</total>
				<timestamp>91.001756</timestamp>
			</report>
			<report>
				<misses>1400000</misses>
				<total>0</total>
				<timestamp>98.001694</timestamp>
			</report>
			<report>
				<misses>1500000</misses>
				<total>0</total>
				<timestamp>105.001646</timestamp>
			</report>
			<report>
				<misses>1600000</misses>
				<total>0</total>
				<timestamp>112.001556</timestamp>
			</report>
			<report>
				<misses>1700000</misses>
				<total>0</total>
				<timestamp>119.001770</timestamp>
			</report>
			<report>
				<misses>1800000</misses>
				<total>0</total>
				<timestamp>126.001690</timestamp>
			</report>
			<report>
				<misses>1900000</misses>
				<total>0</total>
				<timestamp>133.001633</timestamp>
			</report>
			<report>
				<misses>2000000</misses>
				<total>0</total>
				<timestamp>140.001552</timestamp>
			</report>
			<report>
				<misses>2100000</misses>
				<total>0</total>
				<timestamp>147.001474</timestamp>
			</report>
			<report>
				<misses>2200000</misses>
				<total>0</total>
				<timestamp>154.001498</timestamp>
			</report>
			<report>
				<misses>2300000</misses>
				<total>0</total>
				<timestamp>161.001403</timestamp>
			</report>
			<report>
				<misses>2400000</misses>
				<total>0</total>
				<timestamp>168.001707</timestamp>
			</report>
			<report>
				<misses>2500000</misses>
				<total>0</total>
				<timestamp>175.001751</timestamp>
			</report>
			<report>
				<misses>2600000</misses>
				<total>0</total>
				<timestamp>182.001690</timestamp>
			</report>
			<report>
				<misses>2700000</misses>
				<total>0</total>
				<timestamp>189.001690</timestamp>
			</report>
			<report>
				<misses>2800000</misses>
				<total>0</total>
				<timestamp>196.001640</timestamp>
			</report>
			<report>
				<misses>2900000</misses>
				<total>0</total>
				<timestamp>203.002041</timestamp>
			</report>
			<report>
				<misses>3000000</misses>
				<total>0</total>
				<timestamp>210.001969</timestamp>
			</report>
			<report>
				<misses>3100000</misses>
				<total>0</total>
				<timestamp>217.001976</timestamp>
			</report>
			<report>
				<misses>3200000</misses>
				<total>0</total>
				<timestamp>224.001907</timestamp>
			</report>
			<report>
				<misses>3300000</misses>
				<total>0</total>
				<timestamp>231.001920</timestamp>
			</report>
			<report>
				<misses>3400000</misses>
				<total>1</total>
				<timestamp>238.002195</timestamp>
			</report>
			<report>
				<misses>3500000</misses>
				<total>1</total>
				<timestamp>245.002668</timestamp>
			</report>
			<report>
				<misses>3600000</misses>
				<total>1</total>
				<timestamp>252.002824</timestamp>
			</report>
			<report>
				<misses>3700000</misses>
				<total>1</total>
				<timestamp>259.003419</timestamp>
			</report>
			<report>
				<misses>3800000</misses>
				<total>1</total>
				<timestamp>266.003441</timestamp>
			</report>
			<report>
				<misses>3900000</misses>
				<total>1</total>
				<timestamp>273.003677</timestamp>
			</report>
			<report>
				<misses>4000000</misses>
				<total>1</total>
				<timestamp>280.003589</timestamp>
			</report>
			<report>
				<misses>4100000</misses>
				<total>1</total>
				<timestamp>287.003530</timestamp>
			</report>
			<report>
				<misses>4200000</misses>
				<total>1</total>
				<timestamp>294.003466</timestamp>
			</report>
			<report>
				<misses>4300000</misses>
				<total>1</total>
				<timestamp>301.003661</timestamp>
			</report>
			<report>
				<misses>4400000</misses>
				<total>1</total>
				<timestamp>308.003947</timestamp>
			</report>
			<report>
				<misses>4500000</misses>
				<total>1</total>
				<timestamp>315.004085</timestamp>
			</report>
			<report>
				<misses>4600000</misses>
				<total>1</total>
				<timestamp>322.004020</timestamp>
			</report>
			<report>
				<misses>4700000</misses>
				<total>1</total>
				<timestamp>329.003930</timestamp>
			</report>
			<report>
				<misses>4800000</misses>
				<total>1</total>
				<timestamp>336.003874</timestamp>
			</report>
			<report>
				<misses>4900000</misses>
				<total>1</total>
				<timestamp>343.003814</timestamp>
			</report>
			<report>
				<misses>5000000</misses>
				<total>1</total>
				<timestamp>350.003866</timestamp>
			</report>
			<report>
				<misses>5100000</misses>
				<total>1</total>
				<timestamp>357.003783</timestamp>
			</report>
			<report>
				<misses>5200000</misses>
				<total>1</total>
				<timestamp>364.003877</timestamp>
			</report>
			<report>
				<misses>5300000</misses>
				<total>1</total>
				<timestamp>371.003950</timestamp>
			</report>
			<report>
				<misses>5400000</misses>
				<total>1</total>
				<timestamp>378.003859</timestamp>
			</report>
			<report>
				<misses>5500000</misses>
				<total>1</total>
				<timestamp>385.003855</timestamp>
			</report>
			<report>
				<misses>5600000</misses>
				<total>1</total>
				<timestamp>392.003797</timestamp>
			</report>
			<report>
				<misses>5700000</misses>
				<total>1</total>
				<timestamp>399.003747</timestamp>
			</report>
			<report>
				<misses>5800000</misses>
				<total>1</total>
				<timestamp>406.003657</timestamp>
			</report>
			<report>
				<misses>5900000</misses>
				<total>1</total>
				<timestamp>413.003576</timestamp>
			</report>
			<report>
				<misses>6000000</misses>
				<total>1</total>
				<timestamp>420.003508</timestamp>
			</report>
			<report>
				<misses>6100000</misses>
				<total>1</total>
				<timestamp>427.003654</timestamp>
			</report>
			<report>
				<misses>6200000</misses>
				<total>1</total>
				<timestamp>434.003723</timestamp>
			</report>
			<report>
				<misses>6300000</misses>
				<total>1</total>
				<timestamp>441.003668</timestamp>
			</report>
			<report>
				<misses>6400000</misses>
				<total>1</total>
				<timestamp>448.003584</timestamp>
			</report>
			<report>
				<misses>6500000</misses>
				<total>1</total>
				<timestamp>455.003520</timestamp>
			</report>
			<report>
				<misses>6600000</misses>
				<total>1</total>
				<timestamp>462.003543</timestamp>
			</report>
			<report>
				<misses>6700000</misses>
				<total>1</total>
				<timestamp>469.003473</timestamp>
			</report>
			<report>
				<misses>6800000</misses>
				<total>1</total>
				<timestamp>476.003445</timestamp>
			</report>
			<report>
				<misses>6900000</misses>
				<total>1</total>
				<timestamp>483.003682</timestamp>
			</report>
			<report>
				<misses>7000000</misses>
				<total>1</total>
				<timestamp>490.003577</timestamp>
			</report>
			<report>
				<misses>7100000</misses>
				<total>1</total>
				<timestamp>497.003518</timestamp>
			</report>
			<report>
				<misses>7200000</misses>
				<total>1</total>
				<timestamp>504.003517</timestamp>
			</report>
			<report>
				<misses>7300000</misses>
				<total>1</total>
				<timestamp>511.003466</timestamp>
			</report>
			<report>
				<misses>7400000</misses>
				<total>1</total>
				<timestamp>518.003468</timestamp>
			</report>
			<report>
				<misses>7500000</misses>
				<total>1</total>
				<timestamp>525.003518</timestamp>
			</report>
			<report>
				<misses>7600000</misses>
				<total>1</total>
				<timestamp>532.003434</timestamp>
			</report>
			<report>
				<misses>7700000</misses>
				<total>1</total>
				<timestamp>539.003525</timestamp>
			</report>
			<report>
				<misses>7800000</misses>
				<total>1</total>
				<timestamp>546.003452</timestamp>
			</report>
			<report>
				<misses>7900000</misses>
				<total>1</total>
				<timestamp>553.003386</timestamp>
			</report>
			<report>
				<misses>8000000</misses>
				<total>1</total>
				<timestamp>560.003306</timestamp>
			</report>
			<report>
				<misses>8100000</misses>
				<total>1</total>
				<timestamp>567.003522</timestamp>
			</report>
			<report>
				<misses>8200000</misses>
				<total>1</total>
				<timestamp>574.003435</timestamp>
			</report>
			<report>
				<misses>8300000</misses>
				<total>1</total>
				<timestamp>581.003373</timestamp>
			</report>
			<report>
				<misses>8400000</misses>
				<total>1</total>
				<timestamp>588.003333</timestamp>
			</report>
			<report>
				<misses>8500000</misses>
				<total>1</total>
				<timestamp>595.003249</timestamp>
			</report>
			<report>
				<misses>8600000</misses>
				<total>1</total>
				<timestamp>602.003180</timestamp>
			</report>
			<report>
				<misses>8700000</misses>
				<total>1</total>
				<timestamp>609.003096</timestamp>
			</report>
			<report>
				<misses>8800000</misses>
				<total>1</total>
				<timestamp>616.003203</timestamp>
			</report>
			<report>
				<misses>8900000</misses>
				<total>1</total>
				<timestamp>623.003100</timestamp>
			</report>
			<report>
				<misses>9000000</misses>
				<total>1</total>
				<timestamp>630.003022</timestamp>
			</report>
			<report>
				<misses>9100000</misses>
				<total>1</total>
				<timestamp>637.002957</timestamp>
			</report>
			<report>
				<misses>9200000</misses>
				<total>1</total>
				<timestamp>644.002882</timestamp>
			</report>
			<report>
				<misses>9300000</misses>
				<total>1</total>
				<timestamp>651.002844</timestamp>
			</report>
			<report>
				<misses>9400000</misses>
				<total>1</total>
				<timestamp>658.002753</timestamp>
			</report>
			<report>
				<misses>9500000</misses>
				<total>1</total>
				<timestamp>665.002689</timestamp>
			</report>
			<report>
				<misses>9600000</misses>
				<total>1</total>
				<timestamp>672.002613</timestamp>
			</report>
			<report>
				<misses>9700000</misses>
				<total>1</total>
				<timestamp>679.002667</timestamp>
			</report>
			<report>
				<misses>9800000</misses>
				<total>1</total>
				<timestamp>686.002888</timestamp>
			</report>
			<report>
				<misses>9900000</misses>
				<total>1</total>
				<timestamp>693.002973</timestamp>
			</report>
			<report>
				<misses>10000000</misses>
				<total>1</total>
				<timestamp>700.002901</timestamp>
			</report>
			<report>
				<misses>10100000</misses>
				<total>1</total>
				<timestamp>707.003171</timestamp>
			</report>
			<report>
				<misses>10200000</misses>
				<total>1</total>
				<timestamp>714.003247</timestamp>
			</report>
			<report>
				<misses>10300000</misses>
				<total>1</total>
				<timestamp>721.003247</timestamp>
			</report>
			<report>
				<misses>10400000</misses>
				<total>1</total>
				<timestamp>728.003518</timestamp>
			</report>
			<report>
				<misses>10500000</misses>
				<total>1</total>
				<timestamp>735.003464</timestamp>
			</report>
			<report>
				<misses>10600000</misses>
				<total>1</total>
				<timestamp>742.003391</timestamp>
			</report>
			<report>
				<misses>10700000</misses>
				<total>1</total>
				<timestamp>749.003309</timestamp>
			</report>
			<report>
				<misses>10800000</misses>
				<total>1</total>
				<timestamp>756.003645</timestamp>
			</report>
			<report>
				<misses>10900000</misses>
				<total>1</total>
				<timestamp>763.003598</timestamp>
			</report>
			<report>
				<misses>11000000</misses>
				<total>1</total>
				<timestamp>770.004143</timestamp>
			</report>
			<report>
				<misses>11100000</misses>
				<total>1</total>
				<timestamp>777.004486</timestamp>
			</report>
			<report>
				<misses>11200000</misses>
				<total>1</total>
				<timestamp>784.004423</timestamp>
			</report>
			<report>
				<misses>11300000</misses>
				<total>1</total>
				<timestamp>791.004365</timestamp>
			</report>
			<report>
				<misses>11400000</misses>
				<total>1</total>
				<timestamp>798.004287</timestamp>
			</report>
			<report>
				<misses>11500000</misses>
				<total>1</total>
				<timestamp>805.004251</timestamp>
			</report>
			<report>
				<misses>11600000</misses>
				<total>1</total>
				<timestamp>812.004148</timestamp>
			</report>
			<report>
				<misses>11700000</misses>
				<total>1</total>
				<timestamp>819.004102</timestamp>
			</report>
			<report>
				<misses>11800000</misses>
				<total>1</total>
				<timestamp>826.004018</timestamp>
			</report>
			<report>
				<misses>11900000</misses>
				<total>1</total>
				<timestamp>833.003952</timestamp>
			</report>
			<report>
				<misses>12000000</misses>
				<total>1</total>
				<timestamp>840.003869</timestamp>
			</report>
			<report>
				<misses>12100000</misses>
				<total>1</total>
				<timestamp>847.004007</timestamp>
			</report>
			<report>
				<misses>12200000</misses>
				<total>1</total>
				<timestamp>854.004147</timestamp>
			</report>
			<report>
				<misses>12300000</misses>
				<total>1</total>
				<timestamp>861.004074</timestamp>
			</report>
			<report>
				<misses>12400000</misses>
				<total>1</total>
				<timestamp>868.004073</timestamp>
			</report>
			<report>
				<misses>12500000</misses>
				<total>1</total>
				<timestamp>875.004065</timestamp>
			</report>
			<report>
				<misses>12600000</misses>
				<total>1</total>
				<timestamp>882.004009</timestamp>
			</report>
			<report>
				<misses>12700000</misses>
				<total>1</total>
				<timestamp>889.003941</timestamp>
			</report>
			<report>
				<misses>12800000</misses>
				<total>1</total>
				<timestamp>896.003862</timestamp>
			</report>
			<report>
				<misses>12900000</misses>
				<total>1</total>
				<timestamp>903.003799</timestamp>
			</report>
			<report>
				<misses>13000000</misses>
				<total>1</total>
				<timestamp>910.003744</timestamp>
			</report>
			<report>
				<misses>13100000</misses>
				<total>1</total>
				<timestamp>917.003748</timestamp>
			</report>
			<report>
				<misses>13200000</misses>
				<total>1</total>
				<timestamp>924.003643</timestamp>
			</report>
			<report>
				<misses>13300000</misses>
				<total>1</total>
				<timestamp>931.003582</timestamp>
			</report>
			<report>
				<misses>13400000</misses>
				<total>1</total>
				<timestamp>938.003714</timestamp>
			</report>
			<report>
				<misses>13500000</misses>
				<total>1</total>
				<timestamp>945.003647</timestamp>
			</report>
			<report>
				<misses>13600000</misses>
				<total>1</total>
				<timestamp>952.003580</timestamp>
			</report>
			<report>
				<misses>13700000</misses>
				<total>1</total>
				<timestamp>959.003508</timestamp>
			</report>
			<report>
				<misses>13800000</misses>
				<total>1</total>
				<timestamp>966.003441</timestamp>
			</report>
			<report>
				<misses>13900000</misses>
				<total>1</total>
				<timestamp>973.003374</timestamp>
			</report>
			<report>
				<misses>14000000</misses>
				<total>1</total>
				<timestamp>980.003333</timestamp>
			</report>
			<report>
				<misses>14100000</misses>
				<total>1</total>
				<timestamp>987.003531</timestamp>
			</report>
			<report>
				<misses>14200000</misses>
				<total>1</total>
				<timestamp>994.003456</timestamp>
			</report>
			<report>
				<misses>14300000</misses>
				<total>1</total>
				<timestamp>1001.003506</timestamp>
			</report>
			<report>
				<misses>14400000</misses>
				<total>1</total>
				<timestamp>1008.003512</timestamp>
			</report>
			<report>
				<misses>14500000</misses>
				<total>1</total>
				<timestamp>1015.003450</timestamp>
			</report>
			<report>
				<misses>14600000</misses>
				<total>1</total>
				<timestamp>1022.003402</timestamp>
			</report>
			<report>
				<misses>14700000</misses>
				<total>1</total>
				<timestamp>1029.003371</timestamp>
			</report>
			<report>
				<misses>14800000</misses>
				<total>1</total>
				<timestamp>1036.003478</timestamp>
			</report>
			<report>
				<misses>14900000</misses>
				<total>1</total>
				<timestamp>1043.003407</timestamp>
			</report>
			<report>
				<misses>15000000</misses>
				<total>1</total>
				<timestamp>1050.003728</timestamp>
			</report>
			<report>
				<misses>15100000</misses>
				<total>1</total>
				<timestamp>1057.003861</timestamp>
			</report>
			<report>
				<misses>15200000</misses>
				<total>1</total>
				<timestamp>1064.004373</timestamp>
			</report>
			<report>
				<misses>15300000</misses>
				<total>1</total>
				<timestamp>1071.004290</timestamp>
			</report>
			<report>
				<misses>15400000</misses>
				<total>1</total>
				<timestamp>1078.004631</timestamp>
			</report>
			<report>
				<misses>15500000</misses>
				<total>1</total>
				<timestamp>1085.004564</timestamp>
			</report>
			<report>
				<misses>15600000</misses>
				<total>1</total>
				<timestamp>1092.004564</timestamp>
			</report>
			<report>
				<misses>15700000</misses>
				<total>1</total>
				<timestamp>1099.004711</timestamp>
			</report>
			<report>
				<misses>15800000</misses>
				<total>1</total>
				<timestamp>1106.004835</timestamp>
			</report>
			<report>
				<misses>15900000</misses>
				<total>1</total>
				<timestamp>1113.004776</timestamp>
			</report>
			<report>
				<misses>16000000</misses>
				<total>1</total>
				<timestamp>1120.004715</timestamp>
			</report>
			<report>
				<misses>16100000</misses>
				<total>1</total>
				<timestamp>1127.004649</timestamp>
			</report>
			<report>
				<misses>16200000</misses>
				<total>1</total>
				<timestamp>1134.004562</timestamp>
			</report>
			<report>
				<misses>16300000</misses>
				<total>1</total>
				<timestamp>1141.004640</timestamp>
			</report>
			<report>
				<misses>16400000</misses>
				<total>1</total>
				<timestamp>1148.005215</timestamp>
			</report>
			<report>
				<misses>16500000</misses>
				<total>1</total>
				<timestamp>1155.005416</timestamp>
			</report>
			<report>
				<misses>16600000</misses>
				<total>1</total>
				<timestamp>1162.005345</timestamp>
			</report>
			<report>
				<misses>16700000</misses>
				<total>1</total>
				<timestamp>1169.005267</timestamp>
			</report>
			<report>
				<misses>16800000</misses>
				<total>1</total>
				<timestamp>1176.005619</timestamp>
			</report>
			<report>
				<misses>16900000</misses>
				<total>1</total>
				<timestamp>1183.005545</timestamp>
			</report>
			<report>
				<misses>17000000</misses>
				<total>1</total>
				<timestamp>1190.005534</timestamp>
			</report>
			<report>
				<misses>17100000</misses>
				<total>1</total>
				<timestamp>1197.005480</timestamp>
			</report>
			<report>
				<misses>17200000</misses>
				<total>1</total>
				<timestamp>1204.005440</timestamp>
			</report>
			<report>
				<misses>17300000</misses>
				<total>1</total>
				<timestamp>1211.005381</timestamp>
			</report>
			<report>
				<misses>17400000</misses>
				<total>1</total>
				<timestamp>1218.005273</timestamp>
			</report>
			<report>
				<misses>17500000</misses>
				<total>1</total>
				<timestamp>1225.005202</timestamp>
			</report>
			<report>
				<misses>17600000</misses>
				<total>1</total>
				<timestamp>1232.005424</timestamp>
			</report>
			<report>
				<misses>17700000</misses>
				<total>1</total>
				<timestamp>1239.005502</timestamp>
			</report>
			<report>
				<misses>17800000</misses>
				<total>1</total>
				<timestamp>1246.005466</timestamp>
			</report>
			<report>
				<misses>17900000</misses>
				<total>1</total>
				<timestamp>1253.005399</timestamp>
			</report>
			<report>
				<misses>18000000</misses>
				<total>1</total>
				<timestamp>1260.005361</timestamp>
			</report>
			<report>
				<misses>18100000</misses>
				<total>1</total>
				<timestamp>1267.005404</timestamp>
			</report>
			<report>
				<misses>18200000</misses>
				<total>1</total>
				<timestamp>1274.005618</timestamp>
			</report>
			<report>
				<misses>18300000</misses>
				<total>1</total>
				<timestamp>1281.005547</timestamp>
			</report>
			<report>
				<misses>18400000</misses>
				<total>1</total>
				<timestamp>1288.005475</timestamp>
			</report>
			<report>
				<misses>18500000</misses>
				<total>1</total>
				<timestamp>1295.005403</timestamp>
			</report>
			<report>
				<misses>18600000</misses>
				<total>1</total>
				<timestamp>1302.005333</timestamp>
			</report>
			<report>
				<misses>18700000</misses>
				<total>1</total>
				<timestamp>1309.005407</timestamp>
			</report>
			<report>
				<misses>18800000</misses>
				<total>1</total>
				<timestamp>1316.005343</timestamp>
			</report>
			<report>
				<misses>18900000</misses>
				<total>1</total>
				<timestamp>1323.005264</timestamp>
			</report>
			<report>
				<misses>19000000</misses>
				<total>1</total>
				<timestamp>1330.005202</timestamp>
			</report>
			<report>
				<misses>19100000</misses>
				<total>1</total>
				<timestamp>1337.005127</timestamp>
			</report>
			<report>
				<misses>19200000</misses>
				<total>1</total>
				<timestamp>1344.005156</timestamp>
			</report>
			<report>
				<misses>19300000</misses>
				<total>1</total>
				<timestamp>1351.005197</timestamp>
			</report>
			<report>
				<misses>19400000</misses>
				<total>1</total>
				<timestamp>1358.005141</timestamp>
			</report>
			<report>
				<misses>19500000</misses>
				<total>1</total>
				<timestamp>1365.005070</timestamp>
			</report>
			<report>
				<misses>19600000</misses>
				<total>1</total>
				<timestamp>1372.005046</timestamp>
			</report>
			<report>
				<misses>19700000</misses>
				<total>1</total>
				<timestamp>1379.005048</timestamp>
			</report>
			<report>
				<misses>19800000</misses>
				<total>1</total>
				<timestamp>1386.005033</timestamp>
			</report>
			<report>
				<misses>19900000</misses>
				<total>1</total>
				<timestamp>1393.004932</timestamp>
			</report>
			<report>
				<misses>20000000</misses>
				<total>1</total>
				<timestamp>1400.004845</timestamp>
			</report>
			<report>
				<misses>20100000</misses>
				<total>1</total>
				<timestamp>1407.004783</timestamp>
			</report>
			<report>
				<misses>20200000</misses>
				<total>1</total>
				<timestamp>1414.004989</timestamp>
			</report>
			<report>
				<misses>20300000</misses>
				<total>1</total>
				<timestamp>1421.005052</timestamp>
			</report>
			<report>
				<misses>20400000</misses>
				<total>1</total>
				<timestamp>1428.005201</timestamp>
			</report>
			<report>
				<misses>20500000</misses>
				<total>1</total>
				<timestamp>1435.005154</timestamp>
			</report>
			<report>
				<misses>20600000</misses>
				<total>1</total>
				<timestamp>1442.005056</timestamp>
			</report>
			<report>
				<misses>20700000</misses>
				<total>1</total>
				<timestamp>1449.004983</timestamp>
			</report>
			<report>
				<misses>20800000</misses>
				<total>1</total>
				<timestamp>1456.004917</timestamp>
			</report>
			<report>
				<misses>20900000</misses>
				<total>1</total>
				<timestamp>1463.004978</timestamp>
			</report>
			<report>
				<misses>21000000</misses>
				<total>1</total>
				<timestamp>1470.005203</timestamp>
			</report>
			<report>
				<misses>21100000</misses>
				<total>1</total>
				<timestamp>1477.005152</timestamp>
			</report>
			<report>
				<misses>21200000</misses>
				<total>1</total>
				<timestamp>1484.005154</timestamp>
			</report>
			<report>
				<misses>21300000</misses>
				<total>1</total>
				<timestamp>1491.005305</timestamp>
			</report>
			<report>
				<misses>21400000</misses>
				<total>1</total>
				<timestamp>1498.005370</timestamp>
			</report>
			<report>
				<misses>21500000</misses>
				<total>1</total>
				<timestamp>1505.005405</timestamp>
			</report>
			<report>
				<misses>21600000</misses>
				<total>1</total>
				<timestamp>1512.005763</timestamp>
			</report>
			<report>
				<misses>21700000</misses>
				<total>1</total>
				<timestamp>1519.006063</timestamp>
			</report>
			<report>
				<misses>21800000</misses>
				<total>1</total>
				<timestamp>1526.005979</timestamp>
			</report>
			<report>
				<misses>21900000</misses>
				<total>1</total>
				<timestamp>1533.006034</timestamp>
			</report>
			<report>
				<misses>22000000</misses>
				<total>1</total>
				<timestamp>1540.005971</timestamp>
			</report>
			<report>
				<misses>22100000</misses>
				<total>1</total>
				<timestamp>1547.005895</timestamp>
			</report>
			<report>
				<misses>22200000</misses>
				<total>1</total>
				<timestamp>1554.006033</timestamp>
			</report>
			<report>
				<misses>22300000</misses>
				<total>1</total>
				<timestamp>1561.005970</timestamp>
			</report>
			<report>
				<misses>22400000</misses>
				<total>1</total>
				<timestamp>1568.006120</timestamp>
			</report>
			<report>
				<misses>22500000</misses>
				<total>1</total>
				<timestamp>1575.006142</timestamp>
			</report>
			<report>
				<misses>22600000</misses>
				<total>1</total>
				<timestamp>1582.006183</timestamp>
			</report>
			<report>
				<misses>22700000</misses>
				<total>1</total>
				<timestamp>1589.006105</timestamp>
			</report>
			<report>
				<misses>22800000</misses>
				<total>1</total>
				<timestamp>1596.006103</timestamp>
			</report>
			<report>
				<misses>22900000</misses>
				<total>1</total>
				<timestamp>1603.006385</timestamp>
			</report>
			<report>
				<misses>23000000</misses>
				<total>1</total>
				<timestamp>1610.006317</timestamp>
			</report>
			<report>
				<misses>23100000</misses>
				<total>1</total>
				<timestamp>1617.006294</timestamp>
			</report>
			<report>
				<misses>23200000</misses>
				<total>1</total>
				<timestamp>1624.006183</timestamp>
			</report>
			<report>
				<misses>23300000</misses>
				<total>1</total>
				<timestamp>1631.006186</timestamp>
			</report>
			<report>
				<misses>23400000</misses>
				<total>1</total>
				<timestamp>1638.006322</timestamp>
			</report>
			<report>
				<misses>23500000</misses>
				<total>1</total>
				<timestamp>1645.006238</timestamp>
			</report>
			<report>
				<misses>23600000</misses>
				<total>1</total>
				<timestamp>1652.006179</timestamp>
			</report>
			<report>
				<misses>23700000</misses>
				<total>1</total>
				<timestamp>1659.006113</timestamp>
			</report>
			<report>
				<misses>23800000</misses>
				<total>1</total>
				<timestamp>1666.006028</timestamp>
			</report>
			<report>
				<misses>23900000</misses>
				<total>1</total>
				<timestamp>1673.005965</timestamp>
			</report>
			<report>
				<misses>24000000</misses>
				<total>1</total>
				<timestamp>1680.005969</timestamp>
			</report>
			<report>
				<misses>24100000</misses>
				<total>1</total>
				<timestamp>1687.006245</timestamp>
			</report>
			<report>
				<misses>24200000</misses>
				<total>1</total>
				<timestamp>1694.006229</timestamp>
			</report>
			<report>
				<misses>24300000</misses>
				<total>1</total>
				<timestamp>1701.006319</timestamp>
			</report>
			<report>
				<misses>24400000</misses>
				<total>1</total>
				<timestamp>1708.006726</timestamp>
			</report>
			<report>
				<misses>24500000</misses>
				<total>1</total>
				<timestamp>1715.006946</timestamp>
			</report>
			<report>
				<misses>24600000</misses>
				<total>1</total>
				<timestamp>1722.007079</timestamp>
			</report>
			<report>
				<misses>24700000</misses>
				<total>1</total>
				<timestamp>1729.007231</timestamp>
			</report>
			<report>
				<misses>24800000</misses>
				<total>1</total>
				<timestamp>1736.007371</timestamp>
			</report>
			<report>
				<misses>24900000</misses>
				<total>1</total>
				<timestamp>1743.007992</timestamp>
			</report>
			<report>
				<misses>25000000</misses>
				<total>1</total>
				<timestamp>1750.007991</timestamp>
			</report>
			<report>
				<misses>25100000</misses>
				<total>1</total>
				<timestamp>1757.007920</timestamp>
			</report>
			<report>
				<misses>25200000</misses>
				<total>1</total>
				<timestamp>1764.008130</timestamp>
			</report>
			<report>
				<misses>25300000</misses>
				<total>1</total>
				<timestamp>1771.008069</timestamp>
			</report>
			<report>
				<misses>25400000</misses>
				<total>1</total>
				<timestamp>1778.008019</timestamp>
			</report>
			<report>
				<misses>25500000</misses>
				<total>1</total>
				<timestamp>1785.007918</timestamp>
			</report>
			<report>
				<misses>25600000</misses>
				<total>1</total>
				<timestamp>1792.008130</timestamp>
			</report>
			<report>
				<misses>25700000</misses>
				<total>1</total>
				<timestamp>1799.008282</timestamp>
			</report>
			<report>
				<misses>25800000</misses>
				<total>1</total>
				<timestamp>1806.008197</timestamp>
			</report>
			<report>
				<misses>25900000</misses>
				<total>1</total>
				<timestamp>1813.008135</timestamp>
			</report>
			<report>
				<misses>26000000</misses>
				<total>1</total>
				<timestamp>1820.008062</timestamp>
			</report>
			<report>
				<misses>26100000</misses>
				<total>1</total>
				<timestamp>1827.008008</timestamp>
			</report>
			<report>
				<misses>26200000</misses>
				<total>1</total>
				<timestamp>1834.007935</timestamp>
			</report>
			<report>
				<misses>26300000</misses>
				<total>1</total>
				<timestamp>1841.008296</timestamp>
			</report>
			<report>
				<misses>26400000</misses>
				<total>1</total>
				<timestamp>1848.009208</timestamp>
			</report>
			<report>
				<misses>26500000</misses>
				<total>1</total>
				<timestamp>1855.009242</timestamp>
			</report>
			<report>
				<misses>26600000</misses>
				<total>1</total>
				<timestamp>1862.009324</timestamp>
			</report>
			<report>
				<misses>26700000</misses>
				<total>1</total>
				<timestamp>1869.009249</timestamp>
			</report>
			<report>
				<misses>26800000</misses>
				<total>1</total>
				<timestamp>1876.009198</timestamp>
			</report>
			<report>
				<misses>26900000</misses>
				<total>1</total>
				<timestamp>1883.009140</timestamp>
			</report>
			<report>
				<misses>27000000</misses>
				<total>1</total>
				<timestamp>1890.009327</timestamp>
			</report>
			<report>
				<misses>27100000</misses>
				<total>1</total>
				<timestamp>1897.009255</timestamp>
			</report>
			<report>
				<misses>27200000</misses>
				<total>1</total>
				<timestamp>1904.009191</timestamp>
			</report>
			<report>
				<misses>27300000</misses>
				<total>1</total>
				<timestamp>1911.009261</timestamp>
			</report>
			<report>
				<misses>27400000</misses>
				<total>1</total>
				<timestamp>1918.009261</timestamp>
			</report>
			<report>
				<misses>27500000</misses>
				<total>1</total>
				<timestamp>1925.009199</timestamp>
			</report>
			<report>
				<misses>27600000</misses>
				<total>1</total>
				<timestamp>1932.009109</timestamp>
			</report>
			<report>
				<misses>27700000</misses>
				<total>1</total>
				<timestamp>1939.009036</timestamp>
			</report>
			<report>
				<misses>27800000</misses>
				<total>1</total>
				<timestamp>1946.008987</timestamp>
			</report>
			<report>
				<misses>27900000</misses>
				<total>1</total>
				<timestamp>1953.008921</timestamp>
			</report>
			<report>
				<misses>28000000</misses>
				<total>1</total>
				<timestamp>1960.008835</timestamp>
			</report>
			<report>
				<misses>28100000</misses>
				<total>1</total>
				<timestamp>1967.008793</timestamp>
			</report>
			<report>
				<misses>28200000</misses>
				<total>1</total>
				<timestamp>1974.008686</timestamp>
			</report>
			<report>
				<misses>28300000</misses>
				<total>1</total>
				<timestamp>1981.008617</timestamp>
			</report>
			<report>
				<misses>28400000</misses>
				<total>1</total>
				<timestamp>1988.008564</timestamp>
			</report>
			<report>
				<misses>28500000</misses>
				<total>1</total>
				<timestamp>1995.008480</timestamp>
			</report>
			<report>
				<misses>28600000</misses>
				<total>1</total>
				<timestamp>2002.008407</timestamp>
			</report>
			<report>
				<misses>28700000</misses>
				<total>1</total>
				<timestamp>2009.008350</timestamp>
			</report>
			<report>
				<misses>28800000</misses>
				<total>1</total>
				<timestamp>2016.008368</timestamp>
			</report>
			<report>
				<misses>28900000</misses>
				<total>1</total>
				<timestamp>2023.008836</timestamp>
			</report>
			<report>
				<misses>29000000</misses>
				<total>1</total>
				<timestamp>2030.008795</timestamp>
			</report>
			<report>
				<misses>29100000</misses>
				<total>1</total>
				<timestamp>2037.008698</timestamp>
			</report>
			<report>
				<misses>29200000</misses>
				<total>1</total>
				<timestamp>2044.009062</timestamp>
			</report>
			<report>
				<misses>29300000</misses>
				<total>1</total>
				<timestamp>2051.009643</timestamp>
			</report>
			<report>
				<misses>29400000</misses>
				<total>1</total>
				<timestamp>2058.009692</timestamp>
			</report>
			<report>
				<misses>29500000</misses>
				<total>1</total>
				<timestamp>2065.009613</timestamp>
			</report>
			<report>
				<misses>29600000</misses>
				<total>1</total>
				<timestamp>2072.009543</timestamp>
			</report>
			<report>
				<misses>29700000</misses>
				<total>1</total>
				<timestamp>2079.009542</timestamp>
			</report>
			<report>
				<misses>29800000</misses>
				<total>1</total>
				<timestamp>2086.009482</timestamp>
			</report>
			<report>
				<misses>29900000</misses>
				<total>1</total>
				<timestamp>2093.009386</timestamp>
			</report>
			<report>
				<misses>30000000</misses>
				<total>1</total>
				<timestamp>2100.009328</timestamp>
			</report>
			<report>
				<misses>30100000</misses>
				<total>1</total>
				<timestamp>2107.009259</timestamp>
			</report>
			<report>
				<misses>30200000</misses>
				<total>1</total>
				<timestamp>2114.009606</timestamp>
			</report>
			<report>
				<misses>30300000</misses>
				<total>1</total>
				<timestamp>2121.010043</timestamp>
			</report>
			<report>
				<misses>30400000</misses>
				<total>1</total>
				<timestamp>2128.010053</timestamp>
			</report>
			<report>
				<misses>30500000</misses>
				<total>1</total>
				<timestamp>2135.009967</timestamp>
			</report>
			<report>
				<misses>30600000</misses>
				<total>1</total>
				<timestamp>2142.009889</timestamp>
			</report>
			<report>
				<misses>30700000</misses>
				<total>1</total>
				<timestamp>2149.009814</timestamp>
			</report>
			<report>
				<misses>30800000</misses>
				<total>1</total>
				<timestamp>2156.009810</timestamp>
			</report>
			<report>
				<misses>30900000</misses>
				<total>1</total>
				<timestamp>2163.009760</timestamp>
			</report>
			<report>
				<misses>31000000</misses>
				<total>1</total>
				<timestamp>2170.009814</timestamp>
			</report>
			<report>
				<misses>31100000</misses>
				<total>1</total>
				<timestamp>2177.009748</timestamp>
			</report>
			<report>
				<misses>31200000</misses>
				<total>1</total>
				<timestamp>2184.009668</timestamp>
			</report>
			<report>
				<misses>31300000</misses>
				<total>1</total>
				<timestamp>2191.009615</timestamp>
			</report>
			<report>
				<misses>31400000</misses>
				<total>1</total>
				<timestamp>2198.009550</timestamp>
			</report>
			<report>
				<misses>31500000</misses>
				<total>1</total>
				<timestamp>2205.009471</timestamp>
			</report>
			<report>
				<misses>31600000</misses>
				<total>1</total>
				<timestamp>2212.009390</timestamp>
			</report>
			<report>
				<misses>31700000</misses>
				<total>1</total>
				<timestamp>2219.009322</timestamp>
			</report>
			<report>
				<misses>31800000</misses>
				<total>1</total>
				<timestamp>2226.009262</timestamp>
			</report>
			<report>
				<misses>31900000</misses>
				<total>1</total>
				<timestamp>2233.009752</timestamp>
			</report>
			<report>
				<misses>32000000</misses>
				<total>1</total>
				<timestamp>2240.010021</timestamp>
			</report>
			<report>
				<misses>32100000</misses>
				<total>1</total>
				<timestamp>2247.010094</timestamp>
			</report>
			<report>
				<misses>32200000</misses>
				<total>1</total>
				<timestamp>2254.010027</timestamp>
			</report>
			<report>
				<misses>32300000</misses>
				<total>1</total>
				<timestamp>2261.009965</timestamp>
			</report>
			<report>
				<misses>32400000</misses>
				<total>1</total>
				<timestamp>2268.009888</timestamp>
			</report>
			<report>
				<misses>32500000</misses>
				<total>1</total>
				<timestamp>2275.010034</timestamp>
			</report>
			<report>
				<misses>32600000</misses>
				<total>1</total>
				<timestamp>2282.009969</timestamp>
			</report>
			<report>
				<misses>32700000</misses>
				<total>1</total>
				<timestamp>2289.009901</timestamp>
			</report>
			<report>
				<misses>32800000</misses>
				<total>1</total>
				<timestamp>2296.009960</timestamp>
			</report>
			<report>
				<misses>32900000</misses>
				<total>1</total>
				<timestamp>2303.010249</timestamp>
			</report>
			<report>
				<misses>33000000</misses>
				<total>1</total>
				<timestamp>2310.010177</timestamp>
			</report>
			<report>
				<misses>33100000</misses>
				<total>1</total>
				<timestamp>2317.010247</timestamp>
			</report>
			<report>
				<misses>33200000</misses>
				<total>1</total>
				<timestamp>2324.010157</timestamp>
			</report>
			<report>
				<misses>33300000</misses>
				<total>1</total>
				<timestamp>2331.010113</timestamp>
			</report>
			<report>
				<misses>33400000</misses>
				<total>1</total>
				<timestamp>2338.010026</timestamp>
			</report>
			<report>
				<misses>33500000</misses>
				<total>1</total>
				<timestamp>2345.010107</timestamp>
			</report>
			<report>
				<misses>33600000</misses>
				<total>1</total>
				<timestamp>2352.010027</timestamp>
			</report>
			<report>
				<misses>33700000</misses>
				<total>1</total>
				<timestamp>2359.009963</timestamp>
			</report>
			<report>
				<misses>33800000</misses>
				<total>1</total>
				<timestamp>2366.009879</timestamp>
			</report>
			<report>
				<misses>33900000</misses>
				<total>1</total>
				<timestamp>2373.009815</timestamp>
			</report>
			<report>
				<misses>34000000</misses>
				<total>1</total>
				<timestamp>2380.009752</timestamp>
			</report>
			<report>
				<misses>34100000</misses>
				<total>1</total>
				<timestamp>2387.009683</timestamp>
			</report>
			<report>
				<misses>34200000</misses>
				<total>1</total>
				<timestamp>2394.009612</timestamp>
			</report>
			<report>
				<misses>34300000</misses>
				<total>1</total>
				<timestamp>2401.009542</timestamp>
			</report>
			<report>
				<misses>34400000</misses>
				<total>1</total>
				<timestamp>2408.009514</timestamp>
			</report>
			<report>
				<misses>34500000</misses>
				<total>1</total>
				<timestamp>2415.009457</timestamp>
			</report>
			<report>
				<misses>34600000</misses>
				<total>1</total>
				<timestamp>2422.009395</timestamp>
			</report>
			<report>
				<misses>34700000</misses>
				<total>1</total>
				<timestamp>2429.009315</timestamp>
			</report>
			<report>
				<misses>34800000</misses>
				<total>1</total>
				<timestamp>2436.009266</timestamp>
			</report>
			<report>
				<misses>34900000</misses>
				<total>1</total>
				<timestamp>2443.009187</timestamp>
			</report>
			<report>
				<misses>35000000</misses>
				<total>1</total>
				<timestamp>2450.009107</timestamp>
			</report>
			<report>
				<misses>35100000</misses>
				<total>1</total>
				<timestamp>2457.009057</timestamp>
			</report>
			<report>
				<misses>35200000</misses>
				<total>1</total>
				<timestamp>2464.008970</timestamp>
			</report>
			<report>
				<misses>35300000</misses>
				<total>1</total>
				<timestamp>2471.008892</timestamp>
			</report>
			<report>
				<misses>35400000</misses>
				<total>1</total>
				<timestamp>2478.008855</timestamp>
			</report>
			<report>
				<misses>35500000</misses>
				<total>1</total>
				<timestamp>2485.008764</timestamp>
			</report>
			<report>
				<misses>35600000</misses>
				<total>1</total>
				<timestamp>2492.008703</timestamp>
			</report>
			<report>
				<misses>35700000</misses>
				<total>1</total>
				<timestamp>2499.008632</timestamp>
			</report>
			<report>
				<misses>35800000</misses>
				<total>1</total>
				<timestamp>2506.008543</timestamp>
			</report>
			<report>
				<misses>35900000</misses>
				<total>1</total>
				<timestamp>2513.008501</timestamp>
			</report>
			<report>
				<misses>36000000</misses>
				<total>1</total>
				<timestamp>2520.008414</timestamp>
			</report>
			<report>
				<misses>36100000</misses>
				<total>1</total>
				<timestamp>2527.008337</timestamp>
			</report>
			<report>
				<misses>36200000</misses>
				<total>1</total>
				<timestamp>2534.008300</timestamp>
			</report>
			<report>
				<misses>36300000</misses>
				<total>1</total>
				<timestamp>2541.008206</timestamp>
			</report>
			<report>
				<misses>36400000</misses>
				<total>1</total>
				<timestamp>2548.008151</timestamp>
			</report>
			<report>
				<misses>36500000</misses>
				<total>1</total>
				<timestamp>2555.008088</timestamp>
			</report>
			<report>
				<misses>36600000</misses>
				<total>1</total>
				<timestamp>2562.008009</timestamp>
			</report>
			<report>
				<misses>36700000</misses>
				<total>1</total>
				<timestamp>2569.007919</timestamp>
			</report>
			<report>
				<misses>36800000</misses>
				<total>1</total>
				<timestamp>2576.007856</timestamp>
			</report>
			<report>
				<misses>36900000</misses>
				<total>1</total>
				<timestamp>2583.007793</timestamp>
			</report>
			<report>
				<misses>37000000</misses>
				<total>1</total>
				<timestamp>2590.007714</timestamp>
			</report>
			<report>
				<misses>37100000</misses>
				<total>1</total>
				<timestamp>2597.007647</timestamp>
			</report>
			<report>
				<misses>37200000</misses>
				<total>1</total>
				<timestamp>2604.007597</timestamp>
			</report>
			<report>
				<misses>37300000</misses>
				<total>1</total>
				<timestamp>2611.007523</timestamp>
			</report>
			<report>
				<misses>37400000</misses>
				<total>1</total>
				<timestamp>2618.007596</timestamp>
			</report>
			<report>
				<misses>37500000</misses>
				<total>1</total>
				<timestamp>2625.007649</timestamp>
			</report>
			<report>
				<misses>37600000</misses>
				<total>1</total>
				<timestamp>2632.007565</timestamp>
			</report>
			<report>
				<misses>37700000</misses>
				<total>1</total>
				<timestamp>2639.007498</timestamp>
			</report>
			<report>
				<misses>37800000</misses>
				<total>1</total>
				<timestamp>2646.007455</timestamp>
			</report>
			<report>
				<misses>37900000</misses>
				<total>1</total>
				<timestamp>2653.007377</timestamp>
			</report>
			<report>
				<misses>38000000</misses>
				<total>1</total>
				<timestamp>2660.007394</timestamp>
			</report>
			<report>
				<misses>38100000</misses>
				<total>1</total>
				<timestamp>2667.007367</timestamp>
			</report>
			<report>
				<misses>38200000</misses>
				<total>1</total>
				<timestamp>2674.007394</timestamp>
			</report>
			<report>
				<misses>38300000</misses>
				<total>1</total>
				<timestamp>2681.007325</timestamp>
			</report>
			<report>
				<misses>38400000</misses>
				<total>1</total>
				<timestamp>2688.007546</timestamp>
			</report>
			<report>
				<misses>38500000</misses>
				<total>1</total>
				<timestamp>2695.007432</timestamp>
			</report>
			<report>
				<misses>38600000</misses>
				<total>1</total>
				<timestamp>2702.007344</timestamp>
			</report>
			<report>
				<misses>38700000</misses>
				<total>1</total>
				<timestamp>2709.007300</timestamp>
			</report>
			<report>
				<misses>38800000</misses>
				<total>1</total>
				<timestamp>2716.007240</timestamp>
			</report>
			<report>
				<misses>38900000</misses>
				<total>1</total>
				<timestamp>2723.007639</timestamp>
			</report>
			<report>
				<misses>39000000</misses>
				<total>1</total>
				<timestamp>2730.008075</timestamp>
			</report>
			<report>
				<misses>39100000</misses>
				<total>1</total>
				<timestamp>2737.008059</timestamp>
			</report>
			<report>
				<misses>39200000</misses>
				<total>1</total>
				<timestamp>2744.008001</timestamp>
			</report>
			<report>
				<misses>39300000</misses>
				<total>1</total>
				<timestamp>2751.008199</timestamp>
			</report>
			<report>
				<misses>39400000</misses>
				<total>1</total>
				<timestamp>2758.008365</timestamp>
			</report>
			<report>
				<misses>39500000</misses>
				<total>1</total>
				<timestamp>2765.008495</timestamp>
			</report>
			<report>
				<misses>39600000</misses>
				<total>1</total>
				<timestamp>2772.008832</timestamp>
			</report>
			<report>
				<misses>39700000</misses>
				<total>1</total>
				<timestamp>2779.008761</timestamp>
			</report>
			<report>
				<misses>39800000</misses>
				<total>1</total>
				<timestamp>2786.008696</timestamp>
			</report>
			<report>
				<misses>39900000</misses>
				<total>1</total>
				<timestamp>2793.008624</timestamp>
			</report>
			<report>
				<misses>40000000</misses>
				<total>1</total>
				<timestamp>2800.008545</timestamp>
			</report>
			<report>
				<misses>40100000</misses>
				<total>1</total>
				<timestamp>2807.008482</timestamp>
			</report>
			<report>
				<misses>40200000</misses>
				<total>1</total>
				<timestamp>2814.008433</timestamp>
			</report>
			<report>
				<misses>40300000</misses>
				<total>1</total>
				<timestamp>2821.008353</timestamp>
			</report>
			<report>
				<misses>40400000</misses>
				<total>1</total>
				<timestamp>2828.008276</timestamp>
			</report>
			<report>
				<misses>40500000</misses>
				<total>1</total>
				<timestamp>2835.008192</timestamp>
			</report>
			<report>
				<misses>40600000</misses>
				<total>1</total>
				<timestamp>2842.008144</timestamp>
			</report>
			<report>
				<misses>40700000</misses>
				<total>1</total>
				<timestamp>2849.008091</timestamp>
			</report>
			<report>
				<misses>40800000</misses>
				<total>1</total>
				<timestamp>2856.007999</timestamp>
			</report>
			<report>
				<misses>40900000</misses>
				<total>1</total>
				<timestamp>2863.007924</timestamp>
			</report>
			<report>
				<misses>41000000</misses>
				<total>1</total>
				<timestamp>2870.007992</timestamp>
			</report>
			<report>
				<misses>41100000</misses>
				<total>1</total>
				<timestamp>2877.008006</timestamp>
			</report>
			<report>
				<misses>41200000</misses>
				<total>1</total>
				<timestamp>2884.008089</timestamp>
			</report>
			<report>
				<misses>41300000</misses>
				<total>1</total>
				<timestamp>2891.008003</timestamp>
			</report>
			<report>
				<misses>41400000</misses>
				<total>1</total>
				<timestamp>2898.007923</timestamp>
			</report>
			<report>
				<misses>41500000</misses>
				<total>1</total>
				<timestamp>2905.007852</timestamp>
			</report>
			<report>
				<misses>41600000</misses>
				<total>1</total>
				<timestamp>2912.008141</timestamp>
			</report>
			<report>
				<misses>41700000</misses>
				<total>1</total>
				<timestamp>2919.008080</timestamp>
			</report>
			<report>
				<misses>41800000</misses>
				<total>1</total>
				<timestamp>2926.008006</timestamp>
			</report>
			<report>
				<misses>41900000</misses>
				<total>1</total>
				<timestamp>2933.007945</timestamp>
			</report>
			<report>
				<misses>42000000</misses>
				<total>1</total>
				<timestamp>2940.008210</timestamp>
			</report>
			<report>
				<misses>42100000</misses>
				<total>1</total>
				<timestamp>2947.008216</timestamp>
			</report>
			<report>
				<misses>42200000</misses>
				<total>1</total>
				<timestamp>2954.008134</timestamp>
			</report>
			<report>
				<misses>42300000</misses>
				<total>1</total>
				<timestamp>2961.008062</timestamp>
			</report>
			<report>
				<misses>42400000</misses>
				<total>1</total>
				<timestamp>2968.008022</timestamp>
			</report>
			<report>
				<misses>42500000</misses>
				<total>1</total>
				<timestamp>2975.007922</timestamp>
			</report>
			<report>
				<misses>42600000</misses>
				<total>1</total>
				<timestamp>2982.007853</timestamp>
			</report>
			<report>
				<misses>42700000</misses>
				<total>1</total>
				<timestamp>2989.007778</timestamp>
			</report>
			<report>
				<misses>42800000</misses>
				<total>1</total>
				<timestamp>2996.007727</timestamp>
			</report>
			<report>
				<misses>42900000</misses>
				<total>1</total>
				<timestamp>3003.007635</timestamp>
			</report>
			<report>
				<misses>43000000</misses>
				<total>1</total>
				<timestamp>3010.007574</timestamp>
			</report>
			<report>
				<misses>43100000</misses>
				<total>1</total>
				<timestamp>3017.007520</timestamp>
			</report>
			<report>
				<misses>43200000</misses>
				<total>1</total>
				<timestamp>3024.007446</timestamp>
			</report>
			<report>
				<misses>43300000</misses>
				<total>1</total>
				<timestamp>3031.007354</timestamp>
			</report>
			<report>
				<misses>43400000</misses>
				<total>1</total>
				<timestamp>3038.007299</timestamp>
			</report>
			<report>
				<misses>43500000</misses>
				<total>1</total>
				<timestamp>3045.007296</timestamp>
			</report>
			<report>
				<misses>43600000</misses>
				<total>1</total>
				<timestamp>3052.007440</timestamp>
			</report>
			<report>
				<misses>43700000</misses>
				<total>1</total>
				<timestamp>3059.007502</timestamp>
			</report>
			<report>
				<misses>43800000</misses>
				<total>1</total>
				<timestamp>3066.007512</timestamp>
			</report>
			<report>
				<misses>43900000</misses>
				<total>1</total>
				<timestamp>3073.008079</timestamp>
			</report>
			<report>
				<misses>44000000</misses>
				<total>1</total>
				<timestamp>3080.008216</timestamp>
			</report>
			<report>
				<misses>44100000</misses>
				<total>1</total>
				<timestamp>3087.008128</timestamp>
			</report>
			<report>
				<misses>44200000</misses>
				<total>1</total>
				<timestamp>3094.008370</timestamp>
			</report>
			<report>
				<misses>44300000</misses>
				<total>1</total>
				<timestamp>3101.008287</timestamp>
			</report>
			<report>
				<misses>44400000</misses>
				<total>1</total>
				<timestamp>3108.008231</timestamp>
			</report>
			<report>
				<misses>44500000</misses>
				<total>1</total>
				<timestamp>3115.008141</timestamp>
			</report>
			<report>
				<misses>44600000</misses>
				<total>1</total>
				<timestamp>3122.008054</timestamp>
			</report>
			<report>
				<misses>44700000</misses>
				<total>1</total>
				<timestamp>3129.008019</timestamp>
			</report>
			<report>
				<misses>44800000</misses>
				<total>1</total>
				<timestamp>3136.007943</timestamp>
			</report>
			<report>
				<misses>44900000</misses>
				<total>1</total>
				<timestamp>3143.008075</timestamp>
			</report>
			<report>
				<misses>45000000</misses>
				<total>1</total>
				<timestamp>3150.008149</timestamp>
			</report>
			<report>
				<misses>45100000</misses>
				<total>1</total>
				<timestamp>3157.008067</timestamp>
			</report>
			<report>
				<misses>45200000</misses>
				<total>1</total>
				<timestamp>3164.008035</timestamp>
			</report>
			<report>
				<misses>45300000</misses>
				<total>1</total>
				<timestamp>3171.007943</timestamp>
			</report>
			<report>
				<misses>45400000</misses>
				<total>1</total>
				<timestamp>3178.007848</timestamp>
			</report>
			<report>
				<misses>45500000</misses>
				<total>1</total>
				<timestamp>3185.007780</timestamp>
			</report>
			<report>
				<misses>45600000</misses>
				<total>1</total>
				<timestamp>3192.007772</timestamp>
			</report>
			<report>
				<misses>45700000</misses>
				<total>1</total>
				<timestamp>3199.007709</timestamp>
			</report>
			<report>
				<misses>45800000</misses>
				<total>1</total>
				<timestamp>3206.007739</timestamp>
			</report>
			<report>
				<misses>45900000</misses>
				<total>1</total>
				<timestamp>3213.007642</timestamp>
			</report>
			<report>
				<misses>46000000</misses>
				<total>1</total>
				<timestamp>3220.007569</timestamp>
			</report>
			<report>
				<misses>46100000</misses>
				<total>1</total>
				<timestamp>3227.007501</timestamp>
			</report>
			<report>
				<misses>46200000</misses>
				<total>1</total>
				<timestamp>3234.007507</timestamp>
			</report>
			<report>
				<misses>46300000</misses>
				<total>1</total>
				<timestamp>3241.007451</timestamp>
			</report>
			<report>
				<misses>46400000</misses>
				<total>1</total>
				<timestamp>3248.007505</timestamp>
			</report>
			<report>
				<misses>46500000</misses>
				<total>1</total>
				<timestamp>3255.007427</timestamp>
			</report>
			<report>
				<misses>46600000</misses>
				<total>1</total>
				<timestamp>3262.007361</timestamp>
			</report>
			<report>
				<misses>46700000</misses>
				<total>1</total>
				<timestamp>3269.007304</timestamp>
			</report>
			<report>
				<misses>46800000</misses>
				<total>1</total>
				<timestamp>3276.007224</timestamp>
			</report>
			<report>
				<misses>46900000</misses>
				<total>1</total>
				<timestamp>3283.007153</timestamp>
			</report>
			<report>
				<misses>47000000</misses>
				<total>1</total>
				<timestamp>3290.007090</timestamp>
			</report>
			<report>
				<misses>47100000</misses>
				<total>1</total>
				<timestamp>3297.007034</timestamp>
			</report>
			<report>
				<misses>47200000</misses>
				<total>1</total>
				<timestamp>3304.006950</timestamp>
			</report>
			<report>
				<misses>47300000</misses>
				<total>1</total>
				<timestamp>3311.006863</timestamp>
			</report>
			<report>
				<misses>47400000</misses>
				<total>1</total>
				<timestamp>3318.006805</timestamp>
			</report>
			<report>
				<misses>47500000</misses>
				<total>1</total>
				<timestamp>3325.006743</timestamp>
			</report>
			<report>
				<misses>47600000</misses>
				<total>1</total>
				<timestamp>3332.006674</timestamp>
			</report>
			<report>
				<misses>47700000</misses>
				<total>1</total>
				<timestamp>3339.006599</timestamp>
			</report>
			<report>
				<misses>47800000</misses>
				<total>1</total>
				<timestamp>3346.006525</timestamp>
			</report>
			<report>
				<misses>47900000</misses>
				<total>1</total>
				<timestamp>3353.006593</timestamp>
			</report>
			<report>
				<misses>48000000</misses>
				<total>1</total>
				<timestamp>3360.007503</timestamp>
			</report>
			<report>
				<misses>48100000</misses>
				<total>1</total>
				<timestamp>3367.007444</timestamp>
			</report>
			<report>
				<misses>48200000</misses>
				<total>1</total>
				<timestamp>3374.007516</timestamp>
			</report>
			<report>
				<misses>48300000</misses>
				<total>1</total>
				<timestamp>3381.007431</timestamp>
			</report>
			<report>
				<misses>48400000</misses>
				<total>1</total>
				<timestamp>3388.007447</timestamp>
			</report>
			<report>
				<misses>48500000</misses>
				<total>1</total>
				<timestamp>3395.007398</timestamp>
			</report>
			<report>
				<misses>48600000</misses>
				<total>1</total>
				<timestamp>3402.007308</timestamp>
			</report>
			<report>
				<misses>48700000</misses>
				<total>1</total>
				<timestamp>3409.007297</timestamp>
			</report>
			<report>
				<misses>48800000</misses>
				<total>1</total>
				<timestamp>3416.007248</timestamp>
			</report>
			<report>
				<misses>48900000</misses>
				<total>1</total>
				<timestamp>3423.007154</timestamp>
			</report>
			<report>
				<misses>49000000</misses>
				<total>1</total>
				<timestamp>3430.007654</timestamp>
			</report>
			<report>
				<misses>49100000</misses>
				<total>1</total>
				<timestamp>3437.007645</timestamp>
			</report>
			<report>
				<misses>49200000</misses>
				<total>1</total>
				<timestamp>3444.007572</timestamp>
			</report>
			<report>
				<misses>49300000</misses>
				<total>1</total>
				<timestamp>3451.007788</timestamp>
			</report>
			<report>
				<misses>49400000</misses>
				<total>1</total>
				<timestamp>3458.008224</timestamp>
			</report>
			<report>
				<misses>49500000</misses>
				<total>1</total>
				<timestamp>3465.008139</timestamp>
			</report>
			<report>
				<misses>49600000</misses>
				<total>1</total>
				<timestamp>3472.008089</timestamp>
			</report>
			<report>
				<misses>49700000</misses>
				<total>1</total>
				<timestamp>3479.008427</timestamp>
			</report>
			<report>
				<misses>49800000</misses>
				<total>1</total>
				<timestamp>3486.008545</timestamp>
			</report>
			<report>
				<misses>49900000</misses>
				<total>1</total>
				<timestamp>3493.008492</timestamp>
			</report>
			<report>
				<misses>50000000</misses>
				<total>1</total>
				<timestamp>3500.008444</timestamp>
			</report>
			<report>
				<misses>50100000</misses>
				<total>1</total>
				<timestamp>3507.008344</timestamp>
			</report>
			<report>
				<misses>50200000</misses>
				<total>1</total>
				<timestamp>3514.008272</timestamp>
			</report>
			<report>
				<misses>50300000</misses>
				<total>1</total>
				<timestamp>3521.008198</timestamp>
			</report>
			<report>
				<misses>50400000</misses>
				<total>1</total>
				<timestamp>3528.008160</timestamp>
			</report>
			<report>
				<misses>50500000</misses>
				<total>1</total>
				<timestamp>3535.008202</timestamp>
			</report>
			<report>
				<misses>50600000</misses>
				<total>1</total>
				<timestamp>3542.008145</timestamp>
			</report>
			<report>
				<misses>50700000</misses>
				<total>1</total>
				<timestamp>3549.008072</timestamp>
			</report>
			<report>
				<misses>50800000</misses>
				<total>1</total>
				<timestamp>3556.008003</timestamp>
			</report>
			<report>
				<misses>50900000</misses>
				<total>1</total>
				<timestamp>3563.008004</timestamp>
			</report>
			<report>
				<misses>51000000</misses>
				<total>1</total>
				<timestamp>3570.007935</timestamp>
			</report>
			<report>
				<misses>51100000</misses>
				<total>1</total>
				<timestamp>3577.007936</timestamp>
			</report>
			<report>
				<misses>51200000</misses>
				<total>1</total>
				<timestamp>3584.007885</timestamp>
			</report>
			<report>
				<misses>51300000</misses>
				<total>1</total>
				<timestamp>3591.007793</timestamp>
			</report>
			<report>
				<misses>51400000</misses>
				<total>1</total>
				<timestamp>3598.008073</timestamp>
			</report>
			<report>
				<misses>51500000</misses>
				<total>1</total>
				<timestamp>3605.008036</timestamp>
			</report>
			<report>
				<misses>51600000</misses>
				<total>1</total>
				<timestamp>3612.008421</timestamp>
			</report>
			<report>
				<misses>51700000</misses>
				<total>1</total>
				<timestamp>3619.008366</timestamp>
			</report>
			<report>
				<misses>51800000</misses>
				<total>1</total>
				<timestamp>3626.008266</timestamp>
			</report>
			<report>
				<misses>51900000</misses>
				<total>1</total>
				<timestamp>3633.008607</timestamp>
			</report>
			<report>
				<misses>52000000</misses>
				<total>1</total>
				<timestamp>3640.008552</timestamp>
			</report>
			<report>
				<misses>52100000</misses>
				<total>1</total>
				<timestamp>3647.008488</timestamp>
			</report>
			<report>
				<misses>52200000</misses>
				<total>1</total>
				<timestamp>3654.008411</timestamp>
			</report>
			<report>
				<misses>52300000</misses>
				<total>1</total>
				<timestamp>3661.008354</timestamp>
			</report>
			<report>
				<misses>52400000</misses>
				<total>1</total>
				<timestamp>3668.008505</timestamp>
			</report>
			<report>
				<misses>52500000</misses>
				<total>1</total>
				<timestamp>3675.008457</timestamp>
			</report>
			<report>
				<misses>52600000</misses>
				<total>1</total>
				<timestamp>3682.008360</timestamp>
			</report>
			<report>
				<misses>52700000</misses>
				<total>1</total>
				<timestamp>3689.008375</timestamp>
			</report>
			<report>
				<misses>52800000</misses>
				<total>1</total>
				<timestamp>3696.008289</timestamp>
			</report>
			<report>
				<misses>52900000</misses>
				<total>1</total>
				<timestamp>3703.008209</timestamp>
			</report>
			<report>
				<misses>53000000</misses>
				<total>1</total>
				<timestamp>3710.008131</timestamp>
			</report>
			<report>
				<misses>53100000</misses>
				<total>1</total>
				<timestamp>3717.008076</timestamp>
			</report>
			<report>
				<misses>53200000</misses>
				<total>1</total>
				<timestamp>3724.008014</timestamp>
			</report>
			<report>
				<misses>53300000</misses>
				<total>1</total>
				<timestamp>3731.007958</timestamp>
			</report>
			<report>
				<misses>53400000</misses>
				<total>1</total>
				<timestamp>3738.007848</timestamp>
			</report>
			<report>
				<misses>53500000</misses>
				<total>1</total>
				<timestamp>3745.007783</timestamp>
			</report>
			<report>
				<misses>53600000</misses>
				<total>1</total>
				<timestamp>3752.007750</timestamp>
			</report>
			<report>
				<misses>53700000</misses>
				<total>1</total>
				<timestamp>3759.007794</timestamp>
			</report>
			<report>
				<misses>53800000</misses>
				<total>1</total>
				<timestamp>3766.007721</timestamp>
			</report>
			<report>
				<misses>53900000</misses>
				<total>1</total>
				<timestamp>3773.007785</timestamp>
			</report>
			<report>
				<misses>54000000</misses>
				<total>1</total>
				<timestamp>3780.008336</timestamp>
			</report>
			<report>
				<misses>54100000</misses>
				<total>1</total>
				<timestamp>3787.008400</timestamp>
			</report>
			<report>
				<misses>54200000</misses>
				<total>1</total>
				<timestamp>3794.008346</timestamp>
			</report>
			<report>
				<misses>54300000</misses>
				<total>1</total>
				<timestamp>3801.008571</timestamp>
			</report>
			<report>
				<misses>54400000</misses>
				<total>1</total>
				<timestamp>3808.009123</timestamp>
			</report>
			<report>
				<misses>54500000</misses>
				<total>1</total>
				<timestamp>3815.009057</timestamp>
			</report>
			<report>
				<misses>54600000</misses>
				<total>1</total>
				<timestamp>3822.008999</timestamp>
			</report>
			<report>
				<misses>54700000</misses>
				<total>1</total>
				<timestamp>3829.009895</timestamp>
			</report>
			<report>
				<misses>54800000</misses>
				<total>1</total>
				<timestamp>3836.009896</timestamp>
			</report>
			<report>
				<misses>54900000</misses>
				<total>1</total>
				<timestamp>3843.010018</timestamp>
			</report>
			<report>
				<misses>55000000</misses>
				<total>1</total>
				<timestamp>3850.009972</timestamp>
			</report>
			<report>
				<misses>55100000</misses>
				<total>1</total>
				<timestamp>3857.010237</timestamp>
			</report>
			<report>
				<misses>55200000</misses>
				<total>1</total>
				<timestamp>3864.010303</timestamp>
			</report>
			<report>
				<misses>55300000</misses>
				<total>1</total>
				<timestamp>3871.010585</timestamp>
			</report>
			<report>
				<misses>55400000</misses>
				<total>1</total>
				<timestamp>3878.010931</timestamp>
			</report>
			<report>
				<misses>55500000</misses>
				<total>1</total>
				<timestamp>3885.011088</timestamp>
			</report>
			<report>
				<misses>55600000</misses>
				<total>1</total>
				<timestamp>3892.010994</timestamp>
			</report>
			<report>
				<misses>55700000</misses>
				<total>1</total>
				<timestamp>3899.011673</timestamp>
			</report>
			<report>
				<misses>55800000</misses>
				<total>1</total>
				<timestamp>3906.011572</timestamp>
			</report>
			<report>
				<misses>55900000</misses>
				<total>1</total>
				<timestamp>3913.011496</timestamp>
			</report>
			<report>
				<misses>56000000</misses>
				<total>1</total>
				<timestamp>3920.011421</timestamp>
			</report>
			<report>
				<misses>56100000</misses>
				<total>1</total>
				<timestamp>3927.011382</timestamp>
			</report>
			<report>
				<misses>56200000</misses>
				<total>1</total>
				<timestamp>3934.011281</timestamp>
			</report>
			<report>
				<misses>56300000</misses>
				<total>1</total>
				<timestamp>3941.011216</timestamp>
			</report>
			<report>
				<misses>56400000</misses>
				<total>1</total>
				<timestamp>3948.011178</timestamp>
			</report>
			<report>
				<misses>56500000</misses>
				<total>1</total>
				<timestamp>3955.011102</timestamp>
			</report>
			<report>
				<misses>56600000</misses>
				<total>1</total>
				<timestamp>3962.011014</timestamp>
			</report>
			<report>
				<misses>56700000</misses>
				<total>1</total>
				<timestamp>3969.010935</timestamp>
			</report>
			<report>
				<misses>56800000</misses>
				<total>1</total>
				<timestamp>3976.010869</timestamp>
			</report>
			<report>
				<misses>56900000</misses>
				<total>1</total>
				<timestamp>3983.010803</timestamp>
			</report>
			<report>
				<misses>57000000</misses>
				<total>1</total>
				<timestamp>3990.010715</timestamp>
			</report>
			<report>
				<misses>57100000</misses>
				<total>1</total>
				<timestamp>3997.010876</timestamp>
			</report>
			<report>
				<misses>57200000</misses>
				<total>1</total>
				<timestamp>4004.011237</timestamp>
			</report>
			<report>
				<misses>57300000</misses>
				<total>1</total>
				<timestamp>4011.011250</timestamp>
			</report>
			<report>
				<misses>57400000</misses>
				<total>1</total>
				<timestamp>4018.011163</timestamp>
			</report>
			<report>
				<misses>57500000</misses>
				<total>1</total>
				<timestamp>4025.011062</timestamp>
			</report>
			<report>
				<misses>57600000</misses>
				<total>1</total>
				<timestamp>4032.011023</timestamp>
			</report>
			<report>
				<misses>57700000</misses>
				<total>1</total>
				<timestamp>4039.010942</timestamp>
			</report>
			<report>
				<misses>57800000</misses>
				<total>1</total>
				<timestamp>4046.011049</timestamp>
			</report>
			<report>
				<misses>57900000</misses>
				<total>1</total>
				<timestamp>4053.011082</timestamp>
			</report>
			<report>
				<misses>58000000</misses>
				<total>1</total>
				<timestamp>4060.010996</timestamp>
			</report>
			<report>
				<misses>58100000</misses>
				<total>1</total>
				<timestamp>4067.010926</timestamp>
			</report>
			<report>
				<misses>58200000</misses>
				<total>1</total>
				<timestamp>4074.010884</timestamp>
			</report>
			<report>
				<misses>58300000</misses>
				<total>1</total>
				<timestamp>4081.010777</timestamp>
			</report>
			<report>
				<misses>58400000</misses>
				<total>1</total>
				<timestamp>4088.010723</timestamp>
			</report>
			<report>
				<misses>58500000</misses>
				<total>1</total>
				<timestamp>4095.010659</timestamp>
			</report>
			<report>
				<misses>58600000</misses>
				<total>1</total>
				<timestamp>4102.010646</timestamp>
			</report>
			<report>
				<misses>58700000</misses>
				<total>1</total>
				<timestamp>4109.010596</timestamp>
			</report>
			<report>
				<misses>58800000</misses>
				<total>1</total>
				<timestamp>4116.010520</timestamp>
			</report>
			<report>
				<misses>58900000</misses>
				<total>1</total>
				<timestamp>4123.010863</timestamp>
			</report>
			<report>
				<misses>59000000</misses>
				<total>1</total>
				<timestamp>4130.010795</timestamp>
			</report>
			<report>
				<misses>59100000</misses>
				<total>1</total>
				<timestamp>4137.010720</timestamp>
			</report>
			<report>
				<misses>59200000</misses>
				<total>1</total>
				<timestamp>4144.010653</timestamp>
			</report>
			<report>
				<misses>59300000</misses>
				<total>1</total>
				<timestamp>4151.010601</timestamp>
			</report>
			<report>
				<misses>59400000</misses>
				<total>1</total>
				<timestamp>4158.010507</timestamp>
			</report>
			<report>
				<misses>59500000</misses>
				<total>1</total>
				<timestamp>4165.010446</timestamp>
			</report>
			<report>
				<misses>59600000</misses>
				<total>1</total>
				<timestamp>4172.010457</timestamp>
			</report>
			<report>
				<misses>59700000</misses>
				<total>1</total>
				<timestamp>4179.010545</timestamp>
			</report>
			<report>
				<misses>59800000</misses>
				<total>1</total>
				<timestamp>4186.010450</timestamp>
			</report>
			<report>
				<misses>59900000</misses>
				<total>1</total>
				<timestamp>4193.010518</timestamp>
			</report>
			<report>
				<misses>60000000</misses>
				<total>1</total>
				<timestamp>4200.010804</timestamp>
			</report>
			<report>
				<misses>60100000</misses>
				<total>1</total>
				<timestamp>4207.010791</timestamp>
			</report>
			<report>
				<misses>60200000</misses>
				<total>1</total>
				<timestamp>4214.010924</timestamp>
			</report>
			<report>
				<misses>60300000</misses>
				<total>1</total>
				<timestamp>4221.010858</timestamp>
			</report>
			<report>
				<misses>60400000</misses>
				<total>1</total>
				<timestamp>4228.011141</timestamp>
			</report>
			<report>
				<misses>60500000</misses>
				<total>1</total>
				<timestamp>4235.011072</timestamp>
			</report>
			<report>
				<misses>60600000</misses>
				<total>1</total>
				<timestamp>4242.011007</timestamp>
			</report>
			<report>
				<misses>60700000</misses>
				<total>1</total>
				<timestamp>4249.010926</timestamp>
			</report>
			<report>
				<misses>60800000</misses>
				<total>1</total>
				<timestamp>4256.010890</timestamp>
			</report>
			<report>
				<misses>60900000</misses>
				<total>1</total>
				<timestamp>4263.010790</timestamp>
			</report>
			<report>
				<misses>61000000</misses>
				<total>1</total>
				<timestamp>4270.010721</timestamp>
			</report>
			<report>
				<misses>61100000</misses>
				<total>1</total>
				<timestamp>4277.010873</timestamp>
			</report>
			<report>
				<misses>61200000</misses>
				<total>1</total>
				<timestamp>4284.010793</timestamp>
			</report>
			<report>
				<misses>61300000</misses>
				<total>1</total>
				<timestamp>4291.010716</timestamp>
			</report>
			<report>
				<misses>61400000</misses>
				<total>1</total>
				<timestamp>4298.010654</timestamp>
			</report>
			<report>
				<misses>61500000</misses>
				<total>1</total>
				<timestamp>4305.010604</timestamp>
			</report>
			<report>
				<misses>61600000</misses>
				<total>1</total>
				<timestamp>4312.010688</timestamp>
			</report>
			<report>
				<misses>61700000</misses>
				<total>1</total>
				<timestamp>4319.010590</timestamp>
			</report>
			<report>
				<misses>61800000</misses>
				<total>1</total>
				<timestamp>4326.010506</timestamp>
			</report>
			<report>
				<misses>61900000</misses>
				<total>1</total>
				<timestamp>4333.010444</timestamp>
			</report>
			<report>
				<misses>62000000</misses>
				<total>1</total>
				<timestamp>4340.010378</timestamp>
			</report>
			<report>
				<misses>62100000</misses>
				<total>1</total>
				<timestamp>4347.010384</timestamp>
			</report>
			<report>
				<misses>62200000</misses>
				<total>1</total>
				<timestamp>4354.010304</timestamp>
			</report>
			<report>
				<misses>62300000</misses>
				<total>1</total>
				<timestamp>4361.010392</timestamp>
			</report>
			<report>
				<misses>62400000</misses>
				<total>1</total>
				<timestamp>4368.010583</timestamp>
			</report>
			<report>
				<misses>62500000</misses>
				<total>1</total>
				<timestamp>4375.010507</timestamp>
			</report>
			<report>
				<misses>62600000</misses>
				<total>1</total>
				<timestamp>4382.010578</timestamp>
			</report>
			<report>
				<misses>62700000</misses>
				<total>1</total>
				<timestamp>4389.010580</timestamp>
			</report>
			<report>
				<misses>62800000</misses>
				<total>1</total>
				<timestamp>4396.010499</timestamp>
			</report>
			<report>
				<misses>62900000</misses>
				<total>1</total>
				<timestamp>4403.010441</timestamp>
			</report>
			<report>
				<misses>63000000</misses>
				<total>1</total>
				<timestamp>4410.010849</timestamp>
			</report>
			<report>
				<misses>63100000</misses>
				<total>1</total>
				<timestamp>4417.011165</timestamp>
			</report>
			<report>
				<misses>63200000</misses>
				<total>1</total>
				<timestamp>4424.011075</timestamp>
			</report>
			<report>
				<misses>63300000</misses>
				<total>1</total>
				<timestamp>4431.011033</timestamp>
			</report>
			<report>
				<misses>63400000</misses>
				<total>1</total>
				<timestamp>4438.011424</timestamp>
			</report>
			<report>
				<misses>63500000</misses>
				<total>1</total>
				<timestamp>4445.011501</timestamp>
			</report>
			<report>
				<misses>63600000</misses>
				<total>1</total>
				<timestamp>4452.011437</timestamp>
			</report>
			<report>
				<misses>63700000</misses>
				<total>1</total>
				<timestamp>4459.011368</timestamp>
			</report>
			<report>
				<misses>63800000</misses>
				<total>1</total>
				<timestamp>4466.011282</timestamp>
			</report>
			<report>
				<misses>63900000</misses>
				<total>1</total>
				<timestamp>4473.011242</timestamp>
			</report>
			<report>
				<misses>64000000</misses>
				<total>1</total>
				<timestamp>4480.011142</timestamp>
			</report>
			<report>
				<misses>64100000</misses>
				<total>1</total>
				<timestamp>4487.011085</timestamp>
			</report>
			<report>
				<misses>64200000</misses>
				<total>1</total>
				<timestamp>4494.011007</timestamp>
			</report>
			<report>
				<misses>64300000</misses>
				<total>1</total>
				<timestamp>4501.010934</timestamp>
			</report>
			<report>
				<misses>64400000</misses>
				<total>1</total>
				<timestamp>4508.010868</timestamp>
			</report>
			<report>
				<misses>64500000</misses>
				<total>1</total>
				<timestamp>4515.010797</timestamp>
			</report>
			<report>
				<misses>64600000</misses>
				<total>1</total>
				<timestamp>4522.010750</timestamp>
			</report>
			<report>
				<misses>64700000</misses>
				<total>1</total>
				<timestamp>4529.010977</timestamp>
			</report>
			<report>
				<misses>64800000</misses>
				<total>1</total>
				<timestamp>4536.010860</timestamp>
			</report>
			<report>
				<misses>64900000</misses>
				<total>1</total>
				<timestamp>4543.010947</timestamp>
			</report>
			<report>
				<misses>65000000</misses>
				<total>1</total>
				<timestamp>4550.010867</timestamp>
			</report>
			<report>
				<misses>65100000</misses>
				<total>1</total>
				<timestamp>4557.010796</timestamp>
			</report>
			<report>
				<misses>65200000</misses>
				<total>1</total>
				<timestamp>4564.010728</timestamp>
			</report>
			<report>
				<misses>65300000</misses>
				<total>1</total>
				<timestamp>4571.010682</timestamp>
			</report>
			<report>
				<misses>65400000</misses>
				<total>1</total>
				<timestamp>4578.010617</timestamp>
			</report>
			<report>
				<misses>65500000</misses>
				<total>1</total>
				<timestamp>4585.010514</timestamp>
			</report>
			<report>
				<misses>65600000</misses>
				<total>1</total>
				<timestamp>4592.010442</timestamp>
			</report>
			<report>
				<misses>65700000</misses>
				<total>1</total>
				<timestamp>4599.010418</timestamp>
			</report>
			<report>
				<misses>65800000</misses>
				<total>1</total>
				<timestamp>4606.010310</timestamp>
			</report>
			<report>
				<misses>65900000</misses>
				<total>1</total>
				<timestamp>4613.010230</timestamp>
			</report>
			<report>
				<misses>66000000</misses>
				<total>1</total>
				<timestamp>4620.010306</timestamp>
			</report>
			<report>
				<misses>66100000</misses>
				<total>1</total>
				<timestamp>4627.010362</timestamp>
			</report>
			<report>
				<misses>66200000</misses>
				<total>1</total>
				<timestamp>4634.010318</timestamp>
			</report>
			<report>
				<misses>66300000</misses>
				<total>1</total>
				<timestamp>4641.010277</timestamp>
			</report>
			<report>
				<misses>66400000</misses>
				<total>1</total>
				<timestamp>4648.010157</timestamp>
			</report>
			<report>
				<misses>66500000</misses>
				<total>1</total>
				<timestamp>4655.010129</timestamp>
			</report>
			<report>
				<misses>66600000</misses>
				<total>1</total>
				<timestamp>4662.010023</timestamp>
			</report>
			<report>
				<misses>66700000</misses>
				<total>1</total>
				<timestamp>4669.009957</timestamp>
			</report>
			<report>
				<misses>66800000</misses>
				<total>1</total>
				<timestamp>4676.009884</timestamp>
			</report>
			<report>
				<misses>66900000</misses>
				<total>1</total>
				<timestamp>4683.009810</timestamp>
			</report>
			<report>
				<misses>67000000</misses>
				<total>1</total>
				<timestamp>4690.009746</timestamp>
			</report>
			<report>
				<misses>67100000</misses>
				<total>1</total>
				<timestamp>4697.009678</timestamp>
			</report>
			<report>
				<misses>67200000</misses>
				<total>1</total>
				<timestamp>4704.009615</timestamp>
			</report>
			<report>
				<misses>67300000</misses>
				<total>1</total>
				<timestamp>4711.009534</timestamp>
			</report>
			<report>
				<misses>67400000</misses>
				<total>1</total>
				<timestamp>4718.009488</timestamp>
			</report>
			<report>
				<misses>67500000</misses>
				<total>1</total>
				<timestamp>4725.009741</timestamp>
			</report>
			<report>
				<misses>67600000</misses>
				<total>1</total>
				<timestamp>4732.009684</timestamp>
			</report>
			<report>
				<misses>67700000</misses>
				<total>1</total>
				<timestamp>4739.009597</timestamp>
			</report>
			<report>
				<misses>67800000</misses>
				<total>1</total>
				<timestamp>4746.009532</timestamp>
			</report>
			<report>
				<misses>67900000</misses>
				<total>1</total>
				<timestamp>4753.009462</timestamp>
			</report>
			<report>
				<misses>68000000</misses>
				<total>1</total>
				<timestamp>4760.009396</timestamp>
			</report>
			<report>
				<misses>68100000</misses>
				<total>1</total>
				<timestamp>4767.009363</timestamp>
			</report>
			<report>
				<misses>68200000</misses>
				<total>1</total>
				<timestamp>4774.009394</timestamp>
			</report>
			<report>
				<misses>68300000</misses>
				<total>1</total>
				<timestamp>4781.009325</timestamp>
			</report>
			<report>
				<misses>68400000</misses>
				<total>1</total>
				<timestamp>4788.009253</timestamp>
			</report>
			<report>
				<misses>68500000</misses>
				<total>1</total>
				<timestamp>4795.009197</timestamp>
			</report>
			<report>
				<misses>68600000</misses>
				<total>1</total>
				<timestamp>4802.009350</timestamp>
			</report>
			<report>
				<misses>68700000</misses>
				<total>1</total>
				<timestamp>4809.009249</timestamp>
			</report>
			<report>
				<misses>68800000</misses>
				<total>1</total>
				<timestamp>4816.009173</timestamp>
			</report>
			<report>
				<misses>68900000</misses>
				<total>1</total>
				<timestamp>4823.009300</timestamp>
			</report>
			<report>
				<misses>69000000</misses>
				<total>1</total>
				<timestamp>4830.009198</timestamp>
			</report>
			<report>
				<misses>69100000</misses>
				<total>1</total>
				<timestamp>4837.009123</timestamp>
			</report>
			<report>
				<misses>69200000</misses>
				<total>1</total>
				<timestamp>4844.009109</timestamp>
			</report>
			<report>
				<misses>69300000</misses>
				<total>1</total>
				<timestamp>4851.009057</timestamp>
			</report>
			<report>
				<misses>69400000</misses>
				<total>1</total>
				<timestamp>4858.008981</timestamp>
			</report>
			<report>
				<misses>69500000</misses>
				<total>1</total>
				<timestamp>4865.008921</timestamp>
			</report>
			<report>
				<misses>69600000</misses>
				<total>1</total>
				<timestamp>4872.008833</timestamp>
			</report>
			<report>
				<misses>69700000</misses>
				<total>1</total>
				<timestamp>4879.008910</timestamp>
			</report>
			<report>
				<misses>69800000</misses>
				<total>1</total>
				<timestamp>4886.009350</timestamp>
			</report>
			<report>
				<misses>69900000</misses>
				<total>1</total>
				<timestamp>4893.009549</timestamp>
			</report>
			<report>
				<misses>70000000</misses>
				<total>1</total>
				<timestamp>4900.009821</timestamp>
			</report>
			<report>
				<misses>70100000</misses>
				<total>1</total>
				<timestamp>4907.009766</timestamp>
			</report>
			<report>
				<misses>70200000</misses>
				<total>1</total>
				<timestamp>4914.009830</timestamp>
			</report>
			<report>
				<misses>70300000</misses>
				<total>1</total>
				<timestamp>4921.010041</timestamp>
			</report>
			<report>
				<misses>70400000</misses>
				<total>1</total>
				<timestamp>4928.009998</timestamp>
			</report>
			<report>
				<misses>70500000</misses>
				<total>1</total>
				<timestamp>4935.009888</timestamp>
			</report>
			<report>
				<misses>70600000</misses>
				<total>1</total>
				<timestamp>4942.009814</timestamp>
			</report>
			<report>
				<misses>70700000</misses>
				<total>1</total>
				<timestamp>4949.009888</timestamp>
			</report>
			<report>
				<misses>70800000</misses>
				<total>1</total>
				<timestamp>4956.010188</timestamp>
			</report>
			<report>
				<misses>70900000</misses>
				<total>1</total>
				<timestamp>4963.010105</timestamp>
			</report>
			<report>
				<misses>71000000</misses>
				<total>1</total>
				<timestamp>4970.010029</timestamp>
			</report>
			<report>
				<misses>71100000</misses>
				<total>1</total>
				<timestamp>4977.009954</timestamp>
			</report>
			<report>
				<misses>71200000</misses>
				<total>1</total>
				<timestamp>4984.009879</timestamp>
			</report>
			<report>
				<misses>71300000</misses>
				<total>1</total>
				<timestamp>4991.009882</timestamp>
			</report>
			<report>
				<misses>71400000</misses>
				<total>1</total>
				<timestamp>4998.009829</timestamp>
			</report>
			<report>
				<misses>71500000</misses>
				<total>1</total>
				<timestamp>5005.009742</timestamp>
			</report>
			<report>
				<misses>71600000</misses>
				<total>1</total>
				<timestamp>5012.009827</timestamp>
			</report>
			<report>
				<misses>71700000</misses>
				<total>1</total>
				<timestamp>5019.009811</timestamp>
			</report>
			<report>
				<misses>71800000</misses>
				<total>1</total>
				<timestamp>5026.010344</timestamp>
			</report>
			<report>
				<misses>71900000</misses>
				<total>1</total>
				<timestamp>5033.010746</timestamp>
			</report>
			<report>
				<misses>72000000</misses>
				<total>1</total>
				<timestamp>5040.010688</timestamp>
			</report>
			<report>
				<misses>72100000</misses>
				<total>1</total>
				<timestamp>5047.010758</timestamp>
			</report>
			<report>
				<misses>72200000</misses>
				<total>1</total>
				<timestamp>5054.010664</timestamp>
			</report>
			<report>
				<misses>72300000</misses>
				<total>1</total>
				<timestamp>5061.010588</timestamp>
			</report>
			<report>
				<misses>72400000</misses>
				<total>1</total>
				<timestamp>5068.010804</timestamp>
			</report>
			<report>
				<misses>72500000</misses>
				<total>1</total>
				<timestamp>5075.010752</timestamp>
			</report>
			<report>
				<misses>72600000</misses>
				<total>1</total>
				<timestamp>5082.010686</timestamp>
			</report>
			<report>
				<misses>72700000</misses>
				<total>1</total>
				<timestamp>5089.010876</timestamp>
			</report>
			<report>
				<misses>72800000</misses>
				<total>1</total>
				<timestamp>5096.010867</timestamp>
			</report>
			<report>
				<misses>72900000</misses>
				<total>1</total>
				<timestamp>5103.010881</timestamp>
			</report>
			<report>
				<misses>73000000</misses>
				<total>1</total>
				<timestamp>5110.010795</timestamp>
			</report>
			<report>
				<misses>73100000</misses>
				<total>1</total>
				<timestamp>5117.010728</timestamp>
			</report>
			<report>
				<misses>73200000</misses>
				<total>1</total>
				<timestamp>5124.010687</timestamp>
			</report>
			<report>
				<misses>73300000</misses>
				<total>1</total>
				<timestamp>5131.010572</timestamp>
			</report>
			<report>
				<misses>73400000</misses>
				<total>1</total>
				<timestamp>5138.010517</timestamp>
			</report>
			<report>
				<misses>73500000</misses>
				<total>1</total>
				<timestamp>5145.010519</timestamp>
			</report>
			<report>
				<misses>73600000</misses>
				<total>1</total>
				<timestamp>5152.010736</timestamp>
			</report>
			<report>
				<misses>73700000</misses>
				<total>1</total>
				<timestamp>5159.010649</timestamp>
			</report>
			<report>
				<misses>73800000</misses>
				<total>1</total>
				<timestamp>5166.010584</timestamp>
			</report>
			<report>
				<misses>73900000</misses>
				<total>1</total>
				<timestamp>5173.010648</timestamp>
			</report>
			<report>
				<misses>74000000</misses>
				<total>1</total>
				<timestamp>5180.011072</timestamp>
			</report>
			<report>
				<misses>74100000</misses>
				<total>1</total>
				<timestamp>5187.011168</timestamp>
			</report>
			<report>
				<misses>74200000</misses>
				<total>1</total>
				<timestamp>5194.011423</timestamp>
			</report>
			<report>
				<misses>74300000</misses>
				<total>1</total>
				<timestamp>5201.011508</timestamp>
			</report>
			<report>
				<misses>74400000</misses>
				<total>1</total>
				<timestamp>5208.011438</timestamp>
			</report>
			<report>
				<misses>74500000</misses>
				<total>1</total>
				<timestamp>5215.011583</timestamp>
			</report>
			<report>
				<misses>74600000</misses>
				<total>1</total>
				<timestamp>5222.011480</timestamp>
			</report>
			<report>
				<misses>74700000</misses>
				<total>1</total>
				<timestamp>5229.011501</timestamp>
			</report>
			<report>
				<misses>74800000</misses>
				<total>1</total>
				<timestamp>5236.011840</timestamp>
			</report>
			<report>
				<misses>74900000</misses>
				<total>1</total>
				<timestamp>5243.012131</timestamp>
			</report>
			<report>
				<misses>75000000</misses>
				<total>1</total>
				<timestamp>5250.012065</timestamp>
			</report>
			<report>
				<misses>75100000</misses>
				<total>1</total>
				<timestamp>5257.012005</timestamp>
			</report>
			<report>
				<misses>75200000</misses>
				<total>1</total>
				<timestamp>5264.011925</timestamp>
			</report>
			<report>
				<misses>75300000</misses>
				<total>1</total>
				<timestamp>5271.011844</timestamp>
			</report>
			<report>
				<misses>75400000</misses>
				<total>1</total>
				<timestamp>5278.011779</timestamp>
			</report>
			<report>
				<misses>75500000</misses>
				<total>1</total>
				<timestamp>5285.011702</timestamp>
			</report>
			<report>
				<misses>75600000</misses>
				<total>1</total>
				<timestamp>5292.011648</timestamp>
			</report>
			<report>
				<misses>75700000</misses>
				<total>1</total>
				<timestamp>5299.011563</timestamp>
			</report>
			<report>
				<misses>75800000</misses>
				<total>1</total>
				<timestamp>5306.011561</timestamp>
			</report>
			<report>
				<misses>75900000</misses>
				<total>1</total>
				<timestamp>5313.011498</timestamp>
			</report>
			<report>
				<misses>76000000</misses>
				<total>1</total>
				<timestamp>5320.011425</timestamp>
			</report>
			<report>
				<misses>76100000</misses>
				<total>1</total>
				<timestamp>5327.011360</timestamp>
			</report>
			<report>
				<misses>76200000</misses>
				<total>1</total>
				<timestamp>5334.011344</timestamp>
			</report>
			<report>
				<misses>76300000</misses>
				<total>1</total>
				<timestamp>5341.011286</timestamp>
			</report>
			<report>
				<misses>76400000</misses>
				<total>1</total>
				<timestamp>5348.011262</timestamp>
			</report>
			<report>
				<misses>76500000</misses>
				<total>1</total>
				<timestamp>5355.011147</timestamp>
			</report>
			<report>
				<misses>76600000</misses>
				<total>1</total>
				<timestamp>5362.011078</timestamp>
			</report>
			<report>
				<misses>76700000</misses>
				<total>1</total>
				<timestamp>5369.011006</timestamp>
			</report>
			<report>
				<misses>76800000</misses>
				<total>1</total>
				<timestamp>5376.010935</timestamp>
			</report>
			<report>
				<misses>76900000</misses>
				<total>1</total>
				<timestamp>5383.010852</timestamp>
			</report>
			<report>
				<misses>77000000</misses>
				<total>1</total>
				<timestamp>5390.010804</timestamp>
			</report>
			<report>
				<misses>77100000</misses>
				<total>1</total>
				<timestamp>5397.011009</timestamp>
			</report>
			<report>
				<misses>77200000</misses>
				<total>1</total>
				<timestamp>5404.010940</timestamp>
			</report>
			<report>
				<misses>77300000</misses>
				<total>1</total>
				<timestamp>5411.010930</timestamp>
			</report>
			<report>
				<misses>77400000</misses>
				<total>1</total>
				<timestamp>5418.011200</timestamp>
			</report>
			<report>
				<misses>77500000</misses>
				<total>1</total>
				<timestamp>5425.011139</timestamp>
			</report>
			<report>
				<misses>77600000</misses>
				<total>1</total>
				<timestamp>5432.011071</timestamp>
			</report>
			<report>
				<misses>77700000</misses>
				<total>1</total>
				<timestamp>5439.011003</timestamp>
			</report>
			<report>
				<misses>77800000</misses>
				<total>1</total>
				<timestamp>5446.010928</timestamp>
			</report>
			<report>
				<misses>77900000</misses>
				<total>1</total>
				<timestamp>5453.010861</timestamp>
			</report>
			<report>
				<misses>78000000</misses>
				<total>1</total>
				<timestamp>5460.010794</timestamp>
			</report>
			<report>
				<misses>78100000</misses>
				<total>1</total>
				<timestamp>5467.010776</timestamp>
			</report>
			<report>
				<misses>78200000</misses>
				<total>1</total>
				<timestamp>5474.010724</timestamp>
			</report>
			<report>
				<misses>78300000</misses>
				<total>1</total>
				<timestamp>5481.010802</timestamp>
			</report>
			<report>
				<misses>78400000</misses>
				<total>1</total>
				<timestamp>5488.010744</timestamp>
			</report>
			<report>
				<misses>78500000</misses>
				<total>1</total>
				<timestamp>5495.010657</timestamp>
			</report>
			<report>
				<misses>78600000</misses>
				<total>1</total>
				<timestamp>5502.010594</timestamp>
			</report>
			<report>
				<misses>78700000</misses>
				<total>1</total>
				<timestamp>5509.010517</timestamp>
			</report>
			<report>
				<misses>78800000</misses>
				<total>1</total>
				<timestamp>5516.010455</timestamp>
			</report>
			<report>
				<misses>78900000</misses>
				<total>1</total>
				<timestamp>5523.010383</timestamp>
			</report>
			<report>
				<misses>79000000</misses>
				<total>1</total>
				<timestamp>5530.010343</timestamp>
			</report>
			<report>
				<misses>79100000</misses>
				<total>1</total>
				<timestamp>5537.010537</timestamp>
			</report>
			<report>
				<misses>79200000</misses>
				<total>1</total>
				<timestamp>5544.010933</timestamp>
			</report>
			<report>
				<misses>79300000</misses>
				<total>1</total>
				<timestamp>5551.010883</timestamp>
			</report>
			<report>
				<misses>79400000</misses>
				<total>1</total>
				<timestamp>5558.010909</timestamp>
			</report>
			<report>
				<misses>79500000</misses>
				<total>1</total>
				<timestamp>5565.010877</timestamp>
			</report>
			<report>
				<misses>79600000</misses>
				<total>1</total>
				<timestamp>5572.011229</timestamp>
			</report>
			<report>
				<misses>79700000</misses>
				<total>1</total>
				<timestamp>5579.011316</timestamp>
			</report>
			<report>
				<misses>79800000</misses>
				<total>1</total>
				<timestamp>5586.011303</timestamp>
			</report>
			<report>
				<misses>79900000</misses>
				<total>1</total>
				<timestamp>5593.011216</timestamp>
			</report>
			<report>
				<misses>80000000</misses>
				<total>1</total>
				<timestamp>5600.011151</timestamp>
			</report>
			<report>
				<misses>80100000</misses>
				<total>1</total>
				<timestamp>5607.011073</timestamp>
			</report>
			<report>
				<misses>80200000</misses>
				<total>1</total>
				<timestamp>5614.011165</timestamp>
			</report>
			<report>
				<misses>80300000</misses>
				<total>1</total>
				<timestamp>5621.011099</timestamp>
			</report>
			<report>
				<misses>80400000</misses>
				<total>1</total>
				<timestamp>5628.011084</timestamp>
			</report>
			<report>
				<misses>80500000</misses>
				<total>1</total>
				<timestamp>5635.011280</timestamp>
			</report>
			<report>
				<misses>80600000</misses>
				<total>1</total>
				<timestamp>5642.011259</timestamp>
			</report>
			<report>
				<misses>80700000</misses>
				<total>1</total>
				<timestamp>5649.011504</timestamp>
			</report>
			<report>
				<misses>80800000</misses>
				<total>1</total>
				<timestamp>5656.011863</timestamp>
			</report>
			<report>
				<misses>80900000</misses>
				<total>1</total>
				<timestamp>5663.012283</timestamp>
			</report>
			<report>
				<misses>81000000</misses>
				<total>1</total>
				<timestamp>5670.012197</timestamp>
			</report>
			<report>
				<misses>81100000</misses>
				<total>1</total>
				<timestamp>5677.012302</timestamp>
			</report>
			<report>
				<misses>81200000</misses>
				<total>1</total>
				<timestamp>5684.012632</timestamp>
			</report>
			<report>
				<misses>81300000</misses>
				<total>1</total>
				<timestamp>5691.012691</timestamp>
			</report>
			<report>
				<misses>81400000</misses>
				<total>1</total>
				<timestamp>5698.012747</timestamp>
			</report>
			<report>
				<misses>81500000</misses>
				<total>1</total>
				<timestamp>5705.013026</timestamp>
			</report>
			<report>
				<misses>81600000</misses>
				<total>1</total>
				<timestamp>5712.012962</timestamp>
			</report>
			<report>
				<misses>81700000</misses>
				<total>1</total>
				<timestamp>5719.012883</timestamp>
			</report>
			<report>
				<misses>81800000</misses>
				<total>1</total>
				<timestamp>5726.012876</timestamp>
			</report>
			<report>
				<misses>81900000</misses>
				<total>1</total>
				<timestamp>5733.012843</timestamp>
			</report>
			<report>
				<misses>82000000</misses>
				<total>1</total>
				<timestamp>5740.012898</timestamp>
			</report>
			<report>
				<misses>82100000</misses>
				<total>1</total>
				<timestamp>5747.012822</timestamp>
			</report>
			<report>
				<misses>82200000</misses>
				<total>1</total>
				<timestamp>5754.012837</timestamp>
			</report>
			<report>
				<misses>82300000</misses>
				<total>1</total>
				<timestamp>5761.012768</timestamp>
			</report>
			<report>
				<misses>82400000</misses>
				<total>1</total>
				<timestamp>5768.012841</timestamp>
			</report>
			<report>
				<misses>82500000</misses>
				<total>1</total>
				<timestamp>5775.013104</timestamp>
			</report>
			<report>
				<misses>82600000</misses>
				<total>1</total>
				<timestamp>5782.013060</timestamp>
			</report>
			<report>
				<misses>82700000</misses>
				<total>1</total>
				<timestamp>5789.013458</timestamp>
			</report>
			<report>
				<misses>82800000</misses>
				<total>2</total>
				<timestamp>5796.014035</timestamp>
			</report>
			<report>
				<misses>82900000</misses>
				<total>2</total>
				<timestamp>5803.014081</timestamp>
			</report>
			<report>
				<misses>83000000</misses>
				<total>2</total>
				<timestamp>5810.014014</timestamp>
			</report>
			<report>
				<misses>83100000</misses>
				<total>2</total>
				<timestamp>5817.013951</timestamp>
			</report>
			<report>
				<misses>83200000</misses>
				<total>2</total>
				<timestamp>5824.013879</timestamp>
			</report>
			<report>
				<misses>83300000</misses>
				<total>2</total>
				<timestamp>5831.014049</timestamp>
			</report>
			<report>
				<misses>83400000</misses>
				<total>2</total>
				<timestamp>5838.014096</timestamp>
			</report>
			<report>
				<misses>83500000</misses>
				<total>2</total>
				<timestamp>5845.014026</timestamp>
			</report>
			<report>
				<misses>83600000</misses>
				<total>2</total>
				<timestamp>5852.013945</timestamp>
			</report>
			<report>
				<misses>83700000</misses>
				<total>2</total>
				<timestamp>5859.013890</timestamp>
			</report>
			<report>
				<misses>83800000</misses>
				<total>2</total>
				<timestamp>5866.013811</timestamp>
			</report>
			<report>
				<misses>83900000</misses>
				<total>2</total>
				<timestamp>5873.013750</timestamp>
			</report>
			<report>
				<misses>84000000</misses>
				<total>2</total>
				<timestamp>5880.013660</timestamp>
			</report>
			<report>
				<misses>84100000</misses>
				<total>2</total>
				<timestamp>5887.013650</timestamp>
			</report>
			<report>
				<misses>84200000</misses>
				<total>2</total>
				<timestamp>5894.013646</timestamp>
			</report>
			<report>
				<misses>84300000</misses>
				<total>2</total>
				<timestamp>5901.013603</timestamp>
			</report>
			<report>
				<misses>84400000</misses>
				<total>2</total>
				<timestamp>5908.013524</timestamp>
			</report>
			<report>
				<misses>84500000</misses>
				<total>2</total>
				<timestamp>5915.013471</timestamp>
			</report>
			<report>
				<misses>84600000</misses>
				<total>2</total>
				<timestamp>5922.013378</timestamp>
			</report>
			<report>
				<misses>84700000</misses>
				<total>2</total>
				<timestamp>5929.013320</timestamp>
			</report>
			<report>
				<misses>84800000</misses>
				<total>2</total>
				<timestamp>5936.013246</timestamp>
			</report>
			<report>
				<misses>84900000</misses>
				<total>2</total>
				<timestamp>5943.013310</timestamp>
			</report>
			<report>
				<misses>85000000</misses>
				<total>2</total>
				<timestamp>5950.013248</timestamp>
			</report>
			<report>
				<misses>85100000</misses>
				<total>2</total>
				<timestamp>5957.013187</timestamp>
			</report>
			<report>
				<misses>85200000</misses>
				<total>2</total>
				<timestamp>5964.013169</timestamp>
			</report>
			<report>
				<misses>85300000</misses>
				<total>2</total>
				<timestamp>5971.013107</timestamp>
			</report>
			<report>
				<misses>85400000</misses>
				<total>2</total>
				<timestamp>5978.013036</timestamp>
			</report>
			<report>
				<misses>85500000</misses>
				<total>2</total>
				<timestamp>5985.013081</timestamp>
			</report>
			<report>
				<misses>85600000</misses>
				<total>2</total>
				<timestamp>5992.013055</timestamp>
			</report>
			<report>
				<misses>85700000</misses>
				<total>2</total>
				<timestamp>5999.012978</timestamp>
			</report>
			<report>
				<misses>85800000</misses>
				<total>2</total>
				<timestamp>6006.012893</timestamp>
			</report>
			<report>
				<misses>85900000</misses>
				<total>2</total>
				<timestamp>6013.012843</timestamp>
			</report>
			<report>
				<misses>86000000</misses>
				<total>2</total>
				<timestamp>6020.012894</timestamp>
			</report>
			<report>
				<misses>86100000</misses>
				<total>2</total>
				<timestamp>6027.012862</timestamp>
			</report>
			<report>
				<misses>86200000</misses>
				<total>2</total>
				<timestamp>6034.012765</timestamp>
			</report>
			<report>
				<misses>86300000</misses>
				<total>2</total>
				<timestamp>6041.012675</timestamp>
			</report>
			<report>
				<misses>86400000</misses>
				<total>2</total>
				<timestamp>6048.012620</timestamp>
			</report>
			<report>
				<misses>86500000</misses>
				<total>2</total>
				<timestamp>6055.012637</timestamp>
			</report>
			<report>
				<misses>86600000</misses>
				<total>2</total>
				<timestamp>6062.012653</timestamp>
			</report>
			<report>
				<misses>86700000</misses>
				<total>2</total>
				<timestamp>6069.012546</timestamp>
			</report>
			<report>
				<misses>86800000</misses>
				<total>2</total>
				<timestamp>6076.012506</timestamp>
			</report>
			<report>
				<misses>86900000</misses>
				<total>2</total>
				<timestamp>6083.012773</timestamp>
			</report>
			<report>
				<misses>87000000</misses>
				<total>2</total>
				<timestamp>6090.012693</timestamp>
			</report>
			<report>
				<misses>87100000</misses>
				<total>2</total>
				<timestamp>6097.012884</timestamp>
			</report>
			<report>
				<misses>87200000</misses>
				<total>2</total>
				<timestamp>6104.012829</timestamp>
			</report>
			<report>
				<misses>87300000</misses>
				<total>2</total>
				<timestamp>6111.013031</timestamp>
			</report>
			<report>
				<misses>87400000</misses>
				<total>2</total>
				<timestamp>6118.013106</timestamp>
			</report>
			<report>
				<misses>87500000</misses>
				<total>2</total>
				<timestamp>6125.013027</timestamp>
			</report>
			<report>
				<misses>87600000</misses>
				<total>2</total>
				<timestamp>6132.012963</timestamp>
			</report>
			<report>
				<misses>87700000</misses>
				<total>2</total>
				<timestamp>6139.012895</timestamp>
			</report>
			<report>
				<misses>87800000</misses>
				<total>2</total>
				<timestamp>6146.012827</timestamp>
			</report>
			<report>
				<misses>87900000</misses>
				<total>2</total>
				<timestamp>6153.012751</timestamp>
			</report>
			<report>
				<misses>88000000</misses>
				<total>2</total>
				<timestamp>6160.012685</timestamp>
			</report>
			<report>
				<misses>88100000</misses>
				<total>2</total>
				<timestamp>6167.012754</timestamp>
			</report>
			<report>
				<misses>88200000</misses>
				<total>2</total>
				<timestamp>6174.012692</timestamp>
			</report>
			<report>
				<misses>88300000</misses>
				<total>2</total>
				<timestamp>6181.012612</timestamp>
			</report>
			<report>
				<misses>88400000</misses>
				<total>2</total>
				<timestamp>6188.012555</timestamp>
			</report>
			<report>
				<misses>88500000</misses>
				<total>2</total>
				<timestamp>6195.013116</timestamp>
			</report>
			<report>
				<misses>88600000</misses>
				<total>2</total>
				<timestamp>6202.013829</timestamp>
			</report>
			<report>
				<misses>88700000</misses>
				<total>2</total>
				<timestamp>6209.013874</timestamp>
			</report>
			<report>
				<misses>88800000</misses>
				<total>2</total>
				<timestamp>6216.013827</timestamp>
			</report>
			<report>
				<misses>88900000</misses>
				<total>2</total>
				<timestamp>6223.013742</timestamp>
			</report>
			<report>
				<misses>89000000</misses>
				<total>2</total>
				<timestamp>6230.013695</timestamp>
			</report>
			<report>
				<misses>89100000</misses>
				<total>2</total>
				<timestamp>6237.013597</timestamp>
			</report>
			<report>
				<misses>89200000</misses>
				<total>2</total>
				<timestamp>6244.013522</timestamp>
			</report>
			<report>
				<misses>89300000</misses>
				<total>2</total>
				<timestamp>6251.013447</timestamp>
			</report>
			<report>
				<misses>89400000</misses>
				<total>2</total>
				<timestamp>6258.013380</timestamp>
			</report>
			<report>
				<misses>89500000</misses>
				<total>2</total>
				<timestamp>6265.013321</timestamp>
			</report>
			<report>
				<misses>89600000</misses>
				<total>2</total>
				<timestamp>6272.013249</timestamp>
			</report>
			<report>
				<misses>89700000</misses>
				<total>2</total>
				<timestamp>6279.013164</timestamp>
			</report>
			<report>
				<misses>89800000</misses>
				<total>2</total>
				<timestamp>6286.013121</timestamp>
			</report>
			<report>
				<misses>89900000</misses>
				<total>2</total>
				<timestamp>6293.013049</timestamp>
			</report>
			<report>
				<misses>90000000</misses>
				<total>2</total>
				<timestamp>6300.012964</timestamp>
			</report>
			<report>
				<misses>90100000</misses>
				<total>2</total>
				<timestamp>6307.012886</timestamp>
			</report>
			<report>
				<misses>90200000</misses>
				<total>2</total>
				<timestamp>6314.012829</timestamp>
			</report>
			<report>
				<misses>90300000</misses>
				<total>2</total>
				<timestamp>6321.012986</timestamp>
			</report>
			<report>
				<misses>90400000</misses>
				<total>2</total>
				<timestamp>6328.013379</timestamp>
			</report>
			<report>
				<misses>90500000</misses>
				<total>2</total>
				<timestamp>6335.013331</timestamp>
			</report>
			<report>
				<misses>90600000</misses>
				<total>2</total>
				<timestamp>6342.013243</timestamp>
			</report>
			<report>
				<misses>90700000</misses>
				<total>2</total>
				<timestamp>6349.013161</timestamp>
			</report>
			<report>
				<misses>90800000</misses>
				<total>2</total>
				<timestamp>6356.013106</timestamp>
			</report>
			<report>
				<misses>90900000</misses>
				<total>2</total>
				<timestamp>6363.013216</timestamp>
			</report>
			<report>
				<misses>91000000</misses>
				<total>2</total>
				<timestamp>6370.013102</timestamp>
			</report>
			<report>
				<misses>91100000</misses>
				<total>2</total>
				<timestamp>6377.013036</timestamp>
			</report>
			<report>
				<misses>91200000</misses>
				<total>2</total>
				<timestamp>6384.013108</timestamp>
			</report>
			<report>
				<misses>91300000</misses>
				<total>2</total>
				<timestamp>6391.013238</timestamp>
			</report>
			<report>
				<misses>91400000</misses>
				<total>2</total>
				<timestamp>6398.013742</timestamp>
			</report>
			<report>
				<misses>91500000</misses>
				<total>2</total>
				<timestamp>6405.014041</timestamp>
			</report>
			<report>
				<misses>91600000</misses>
				<total>2</total>
				<timestamp>6412.013985</timestamp>
			</report>
			<report>
				<misses>91700000</misses>
				<total>2</total>
				<timestamp>6419.013868</timestamp>
			</report>
			<report>
				<misses>91800000</misses>
				<total>2</total>
				<timestamp>6426.013849</timestamp>
			</report>
			<report>
				<misses>91900000</misses>
				<total>2</total>
				<timestamp>6433.013746</timestamp>
			</report>
			<report>
				<misses>92000000</misses>
				<total>2</total>
				<timestamp>6440.013686</timestamp>
			</report>
			<report>
				<misses>92100000</misses>
				<total>2</total>
				<timestamp>6447.013596</timestamp>
			</report>
			<report>
				<misses>92200000</misses>
				<total>2</total>
				<timestamp>6454.013958</timestamp>
			</report>
			<report>
				<misses>92300000</misses>
				<total>2</total>
				<timestamp>6461.014076</timestamp>
			</report>
			<report>
				<misses>92400000</misses>
				<total>2</total>
				<timestamp>6468.014161</timestamp>
			</report>
			<report>
				<misses>92500000</misses>
				<total>2</total>
				<timestamp>6475.014093</timestamp>
			</report>
			<report>
				<misses>92600000</misses>
				<total>2</total>
				<timestamp>6482.014173</timestamp>
			</report>
			<report>
				<misses>92700000</misses>
				<total>2</total>
				<timestamp>6489.014085</timestamp>
			</report>
			<report>
				<misses>92800000</misses>
				<total>2</total>
				<timestamp>6496.014032</timestamp>
			</report>
			<report>
				<misses>92900000</misses>
				<total>2</total>
				<timestamp>6503.014088</timestamp>
			</report>
			<report>
				<misses>93000000</misses>
				<total>2</total>
				<timestamp>6510.014370</timestamp>
			</report>
			<report>
				<misses>93100000</misses>
				<total>2</total>
				<timestamp>6517.014336</timestamp>
			</report>
			<report>
				<misses>93200000</misses>
				<total>2</total>
				<timestamp>6524.014400</timestamp>
			</report>
			<report>
				<misses>93300000</misses>
				<total>2</total>
				<timestamp>6531.014516</timestamp>
			</report>
			<report>
				<misses>93400000</misses>
				<total>2</total>
				<timestamp>6538.014431</timestamp>
			</report>
			<report>
				<misses>93500000</misses>
				<total>2</total>
				<timestamp>6545.014713</timestamp>
			</report>
			<report>
				<misses>93600000</misses>
				<total>2</total>
				<timestamp>6552.014704</timestamp>
			</report>
			<report>
				<misses>93700000</misses>
				<total>2</total>
				<timestamp>6559.014775</timestamp>
			</report>
			<report>
				<misses>93800000</misses>
				<total>2</total>
				<timestamp>6566.014932</timestamp>
			</report>
			<report>
				<misses>93900000</misses>
				<total>2</total>
				<timestamp>6573.014924</timestamp>
			</report>
			<report>
				<misses>94000000</misses>
				<total>2</total>
				<timestamp>6580.014988</timestamp>
			</report>
			<report>
				<misses>94100000</misses>
				<total>2</total>
				<timestamp>6587.014973</timestamp>
			</report>
			<report>
				<misses>94200000</misses>
				<total>2</total>
				<timestamp>6594.015063</timestamp>
			</report>
			<report>
				<misses>94300000</misses>
				<total>2</total>
				<timestamp>6601.015416</timestamp>
			</report>
			<report>
				<misses>94400000</misses>
				<total>2</total>
				<timestamp>6608.015626</timestamp>
			</report>
			<report>
				<misses>94500000</misses>
				<total>2</total>
				<timestamp>6615.015602</timestamp>
			</report>
			<report>
				<misses>94600000</misses>
				<total>2</total>
				<timestamp>6622.015493</timestamp>
			</report>
			<report>
				<misses>94700000</misses>
				<total>2</total>
				<timestamp>6629.015417</timestamp>
			</report>
			<report>
				<misses>94800000</misses>
				<total>2</total>
				<timestamp>6636.015338</timestamp>
			</report>
			<report>
				<misses>94900000</misses>
				<total>2</total>
				<timestamp>6643.015300</timestamp>
			</report>
			<report>
				<misses>95000000</misses>
				<total>2</total>
				<timestamp>6650.015191</timestamp>
			</report>
			<report>
				<misses>95100000</misses>
				<total>2</total>
				<timestamp>6657.015144</timestamp>
			</report>
			<report>
				<misses>95200000</misses>
				<total>2</total>
				<timestamp>6664.015130</timestamp>
			</report>
			<report>
				<misses>95300000</misses>
				<total>2</total>
				<timestamp>6671.015060</timestamp>
			</report>
			<report>
				<misses>95400000</misses>
				<total>2</total>
				<timestamp>6678.015132</timestamp>
			</report>
			<report>
				<misses>95500000</misses>
				<total>2</total>
				<timestamp>6685.015152</timestamp>
			</report>
			<report>
				<misses>95600000</misses>
				<total>2</total>
				<timestamp>6692.015219</timestamp>
			</report>
			<report>
				<misses>95700000</misses>
				<total>2</total>
				<timestamp>6699.015140</timestamp>
			</report>
			<report>
				<misses>95800000</misses>
				<total>2</total>
				<timestamp>6706.015056</timestamp>
			</report>
			<report>
				<misses>95900000</misses>
				<total>2</total>
				<timestamp>6713.015204</timestamp>
			</report>
			<report>
				<misses>96000000</misses>
				<total>2</total>
				<timestamp>6720.015714</timestamp>
			</report>
			<report>
				<misses>96100000</misses>
				<total>2</total>
				<timestamp>6727.015632</timestamp>
			</report>
			<report>
				<misses>96200000</misses>
				<total>2</total>
				<timestamp>6734.015567</timestamp>
			</report>
			<report>
				<misses>96300000</misses>
				<total>2</total>
				<timestamp>6741.015532</timestamp>
			</report>
			<report>
				<misses>96400000</misses>
				<total>2</total>
				<timestamp>6748.015427</timestamp>
			</report>
			<report>
				<misses>96500000</misses>
				<total>2</total>
				<timestamp>6755.015344</timestamp>
			</report>
			<report>
				<misses>96600000</misses>
				<total>2</total>
				<timestamp>6762.015274</timestamp>
			</report>
			<report>
				<misses>96700000</misses>
				<total>2</total>
				<timestamp>6769.015271</timestamp>
			</report>
			<report>
				<misses>96800000</misses>
				<total>2</total>
				<timestamp>6776.015232</timestamp>
			</report>
			<report>
				<misses>96900000</misses>
				<total>2</total>
				<timestamp>6783.015139</timestamp>
			</report>
			<report>
				<misses>97000000</misses>
				<total>2</total>
				<timestamp>6790.015059</timestamp>
			</report>
			<report>
				<misses>97100000</misses>
				<total>2</total>
				<timestamp>6797.015011</timestamp>
			</report>
			<report>
				<misses>97200000</misses>
				<total>2</total>
				<timestamp>6804.014932</timestamp>
			</report>
			<report>
				<misses>97300000</misses>
				<total>2</total>
				<timestamp>6811.014846</timestamp>
			</report>
			<report>
				<misses>97400000</misses>
				<total>2</total>
				<timestamp>6818.014784</timestamp>
			</report>
			<report>
				<misses>97500000</misses>
				<total>2</total>
				<timestamp>6825.014742</timestamp>
			</report>
			<report>
				<misses>97600000</misses>
				<total>2</total>
				<timestamp>6832.014655</timestamp>
			</report>
			<report>
				<misses>97700000</misses>
				<total>2</total>
				<timestamp>6839.014570</timestamp>
			</report>
			<report>
				<misses>97800000</misses>
				<total>2</total>
				<timestamp>6846.014499</timestamp>
			</report>
			<report>
				<misses>97900000</misses>
				<total>2</total>
				<timestamp>6853.014471</timestamp>
			</report>
			<report>
				<misses>98000000</misses>
				<total>2</total>
				<timestamp>6860.014386</timestamp>
			</report>
			<report>
				<misses>98100000</misses>
				<total>2</total>
				<timestamp>6867.014295</timestamp>
			</report>
			<report>
				<misses>98200000</misses>
				<total>2</total>
				<timestamp>6874.014225</timestamp>
			</report>
			<report>
				<misses>98300000</misses>
				<total>2</total>
				<timestamp>6881.014233</timestamp>
			</report>
			<report>
				<misses>98400000</misses>
				<total>2</total>
				<timestamp>6888.014219</timestamp>
			</report>
			<report>
				<misses>98500000</misses>
				<total>2</total>
				<timestamp>6895.014186</timestamp>
			</report>
			<report>
				<misses>98600000</misses>
				<total>2</total>
				<timestamp>6902.014079</timestamp>
			</report>
			<report>
				<misses>98700000</misses>
				<total>2</total>
				<timestamp>6909.014006</timestamp>
			</report>
			<report>
				<misses>98800000</misses>
				<total>2</total>
				<timestamp>6916.013982</timestamp>
			</report>
			<report>
				<misses>98900000</misses>
				<total>2</total>
				<timestamp>6923.013890</timestamp>
			</report>
			<report>
				<misses>99000000</misses>
				<total>2</total>
				<timestamp>6930.013802</timestamp>
			</report>
			<report>
				<misses>99100000</misses>
				<total>2</total>
				<timestamp>6937.013738</timestamp>
			</report>
			<report>
				<misses>99200000</misses>
				<total>2</total>
				<timestamp>6944.013701</timestamp>
			</report>
			<report>
				<misses>99300000</misses>
				<total>2</total>
				<timestamp>6951.013588</timestamp>
			</report>
			<report>
				<misses>99400000</misses>
				<total>2</total>
				<timestamp>6958.013521</timestamp>
			</report>
			<report>
				<misses>99500000</misses>
				<total>2</total>
				<timestamp>6965.013453</timestamp>
			</report>
			<report>
				<misses>99600000</misses>
				<total>2</total>
				<timestamp>6972.013385</timestamp>
			</report>
			<report>
				<misses>99700000</misses>
				<total>2</total>
				<timestamp>6979.013332</timestamp>
			</report>
			<report>
				<misses>99800000</misses>
				<total>2</total>
				<timestamp>6986.013242</timestamp>
			</report>
			<report>
				<misses>99900000</misses>
				<total>2</total>
				<timestamp>6993.013172</timestamp>
			</report>
			<report>
				<misses>100000000</misses>
				<total>2</total>
				<timestamp>7000.013095</timestamp>
			</report>
			<report>
				<misses>100100000</misses>
				<total>2</total>
				<timestamp>7007.013048</timestamp>
			</report>
			<report>
				<misses>100200000</misses>
				<total>2</total>
				<timestamp>7014.013198</timestamp>
			</report>
			<report>
				<misses>100300000</misses>
				<total>2</total>
				<timestamp>7021.013122</timestamp>
			</report>
			<report>
				<misses>100400000</misses>
				<total>2</total>
				<timestamp>7028.013075</timestamp>
			</report>
			<report>
				<misses>100500000</misses>
				<total>2</total>
				<timestamp>7035.013098</timestamp>
			</report>
			<report>
				<misses>100600000</misses>
				<total>2</total>
				<timestamp>7042.013378</timestamp>
			</report>
			<report>
				<misses>100700000</misses>
				<total>2</total>
				<timestamp>7049.013319</timestamp>
			</report>
			<report>
				<misses>100800000</misses>
				<total>2</total>
				<timestamp>7056.013255</timestamp>
			</report>
			<report>
				<misses>100900000</misses>
				<total>2</total>
				<timestamp>7063.013188</timestamp>
			</report>
			<report>
				<misses>101000000</misses>
				<total>2</total>
				<timestamp>7070.013102</timestamp>
			</report>
			<report>
				<misses>101100000</misses>
				<total>2</total>
				<timestamp>7077.013031</timestamp>
			</report>
			<report>
				<misses>101200000</misses>
				<total>2</total>
				<timestamp>7084.012966</timestamp>
			</report>
			<report>
				<misses>101300000</misses>
				<total>2</total>
				<timestamp>7091.012887</timestamp>
			</report>
			<report>
				<misses>101400000</misses>
				<total>2</total>
				<timestamp>7098.012816</timestamp>
			</report>
			<report>
				<misses>101500000</misses>
				<total>2</total>
				<timestamp>7105.013463</timestamp>
			</report>
			<report>
				<misses>101600000</misses>
				<total>2</total>
				<timestamp>7112.013658</timestamp>
			</report>
			<report>
				<misses>101700000</misses>
				<total>2</total>
				<timestamp>7119.013644</timestamp>
			</report>
			<report>
				<misses>101800000</misses>
				<total>2</total>
				<timestamp>7126.013605</timestamp>
			</report>
			<report>
				<misses>101900000</misses>
				<total>2</total>
				<timestamp>7133.014153</timestamp>
			</report>
			<report>
				<misses>102000000</misses>
				<total>2</total>
				<timestamp>7140.014075</timestamp>
			</report>
			<report>
				<misses>102100000</misses>
				<total>2</total>
				<timestamp>7147.014016</timestamp>
			</report>
			<report>
				<misses>102200000</misses>
				<total>2</total>
				<timestamp>7154.013954</timestamp>
			</report>
			<report>
				<misses>102300000</misses>
				<total>2</total>
				<timestamp>7161.013880</timestamp>
			</report>
			<report>
				<misses>102400000</misses>
				<total>2</total>
				<timestamp>7168.013880</timestamp>
			</report>
			<report>
				<misses>102500000</misses>
				<total>2</total>
				<timestamp>7175.013804</timestamp>
			</report>
			<report>
				<misses>102600000</misses>
				<total>2</total>
				<timestamp>7182.013738</timestamp>
			</report>
			<report>
				<misses>102700000</misses>
				<total>2</total>
				<timestamp>7189.013657</timestamp>
			</report>
			<report>
				<misses>102800000</misses>
				<total>2</total>
				<timestamp>7196.013704</timestamp>
			</report>
		</query>
	</custom>
	<ethtool_statistic>
		<rx_packets>
			<start>1711773412</start>
			<end>2047162615</end>
		</rx_packets>
		<tx_packets>
			<start>2150744174</start>
			<end>2454858475</end>
		</tx_packets>
		<rx_dropped>
			<start>0</start>
			<end>0</end>
		</rx_dropped>
		<tx_dropped>
			<start>0</start>
			<end>0</end>
		</tx_dropped>
		<collisions>
			<start>0</start>
			<end>0</end>
		</collisions>
		<port_tx_errors>
			<start>0</start>
			<end>0</end>
		</port_tx_errors>
		<port_rx_dropped>
			<start>0</start>
			<end>0</end>
		</port_rx_dropped>
		<port_tx_dropped_link_down>
			<start>0</start>
			<end>0</end>
		</port_tx_dropped_link_down>
	</ethtool_statistic>
	<ip_statistic>
		<mtu>
			<start>9000</start>
			<end>9000</end>
		</mtu>
		<rx_bytes>
			<start>15388578957443</start>
			<end>18403687808368</end>
		</rx_bytes>
		<rx_packets>
			<start>1711773525</start>
			<end>2047162694</end>
		</rx_packets>
		<rx_errors>
			<start>0</start>
			<end>0</end>
		</rx_errors>
		<rx_dropped>
			<start>0</start>
			<end>0</end>
		</rx_dropped>
		<rx_missed>
			<start>0</start>
			<end>0</end>
		</rx_missed>
		<rx_mcast>
			<start>313</start>
			<end>346</end>
		</rx_mcast>
		<tx_bytes>
			<start>9392398651422</start>
			<end>11214344887434</end>
		</tx_bytes>
		<tx_packets>
			<start>2150744235</start>
			<end>2454858497</end>
		</tx_packets>
		<tx_errors>
			<start>0</start>
			<end>0</end>
		</tx_errors>
		<tx_dropped>
			<start>0</start>
			<end>0</end>
		</tx_dropped>
		<tx_carrier>
			<start>0</start>
			<end>0</end>
		</tx_carrier>
		<tx_collisions>
			<start>0</start>
			<end>0</end>
		</tx_collisions>
	</ip_statistic>
	<netstat_statistic>
		<udp_pkg_rec>
			<start>1618011876</start>
			<end>1932133512</end>
		</udp_pkg_rec>
		<udp_pkg_snt>
			<start>2151021631</start>
			<end>2455190403</end>
		</udp_pkg_snt>
		<udp_rec_err>
			<start>93944983</start>
			<end>115248307</end>
		</udp_rec_err>
		<udp_rec_buf_err>
			<start>93944983</start>
			<end>115248307</end>
		</udp_rec_buf_err>
		<udp_snt_buf_err>
			<start>0</start>
			<end>0</end>
		</udp_snt_buf_err>
	</netstat_statistic>
</test_results>
