<?xml version="1.0"?>
<test_results>
	<status>STATUS_SUCCESS</status>
	<custom>
		<num_loss>0</num_loss>
		<num_total>934268352</num_total>
		<num_misses>1945564365</num_misses>
		<elapsed_time>7199.558439</elapsed_time>
		<query>
			<report>
				<misses>100000</misses>
				<total>0</total>
				<timestamp>0.784147</timestamp>
			</report>
			<report>
				<misses>200000</misses>
				<total>0</total>
				<timestamp>1.624829</timestamp>
			</report>
			<report>
				<misses>300000</misses>
				<total>0</total>
				<timestamp>2.451501</timestamp>
			</report>
			<report>
				<misses>400000</misses>
				<total>0</total>
				<timestamp>3.295513</timestamp>
			</report>
			<report>
				<misses>500000</misses>
				<total>0</total>
				<timestamp>4.148336</timestamp>
			</report>
			<report>
				<misses>600000</misses>
				<total>0</total>
				<timestamp>5.024848</timestamp>
			</report>
			<report>
				<misses>700000</misses>
				<total>0</total>
				<timestamp>5.839318</timestamp>
			</report>
			<report>
				<misses>800000</misses>
				<total>0</total>
				<timestamp>6.673232</timestamp>
			</report>
			<report>
				<misses>900000</misses>
				<total>0</total>
				<timestamp>7.475550</timestamp>
			</report>
			<report>
				<misses>1000000</misses>
				<total>0</total>
				<timestamp>8.299033</timestamp>
			</report>
			<report>
				<misses>1100000</misses>
				<total>0</total>
				<timestamp>9.177624</timestamp>
			</report>
			<report>
				<misses>1200000</misses>
				<total>0</total>
				<timestamp>9.980709</timestamp>
			</report>
			<report>
				<misses>1300000</misses>
				<total>0</total>
				<timestamp>10.809600</timestamp>
			</report>
			<report>
				<misses>1400000</misses>
				<total>0</total>
				<timestamp>11.669961</timestamp>
			</report>
			<report>
				<misses>1500000</misses>
				<total>0</total>
				<timestamp>12.498570</timestamp>
			</report>
			<report>
				<misses>1600000</misses>
				<total>0</total>
				<timestamp>13.334683</timestamp>
			</report>
			<report>
				<misses>1700000</misses>
				<total>0</total>
				<timestamp>14.157791</timestamp>
			</report>
			<report>
				<misses>1800000</misses>
				<total>0</total>
				<timestamp>15.001079</timestamp>
			</report>
			<report>
				<misses>1900000</misses>
				<total>0</total>
				<timestamp>15.808532</timestamp>
			</report>
			<report>
				<misses>2000000</misses>
				<total>0</total>
				<timestamp>16.583069</timestamp>
			</report>
			<report>
				<misses>2100000</misses>
				<total>0</total>
				<timestamp>17.323374</timestamp>
			</report>
			<report>
				<misses>2200000</misses>
				<total>0</total>
				<timestamp>18.098742</timestamp>
			</report>
			<report>
				<misses>2300000</misses>
				<total>0</total>
				<timestamp>18.859600</timestamp>
			</report>
			<report>
				<misses>2400000</misses>
				<total>0</total>
				<timestamp>19.612711</timestamp>
			</report>
			<report>
				<misses>2500000</misses>
				<total>0</total>
				<timestamp>20.386788</timestamp>
			</report>
			<report>
				<misses>2600000</misses>
				<total>0</total>
				<timestamp>21.163919</timestamp>
			</report>
			<report>
				<misses>2700000</misses>
				<total>0</total>
				<timestamp>21.897499</timestamp>
			</report>
			<report>
				<misses>2800000</misses>
				<total>0</total>
				<timestamp>22.654265</timestamp>
			</report>
			<report>
				<misses>2900000</misses>
				<total>0</total>
				<timestamp>23.426986</timestamp>
			</report>
			<report>
				<misses>3000000</misses>
				<total>0</total>
				<timestamp>24.216858</timestamp>
			</report>
			<report>
				<misses>3100000</misses>
				<total>0</total>
				<timestamp>25.021222</timestamp>
			</report>
			<report>
				<misses>3200000</misses>
				<total>0</total>
				<timestamp>25.810935</timestamp>
			</report>
			<report>
				<misses>3300000</misses>
				<total>0</total>
				<timestamp>26.586885</timestamp>
			</report>
			<report>
				<misses>3400000</misses>
				<total>0</total>
				<timestamp>27.380571</timestamp>
			</report>
			<report>
				<misses>3500000</misses>
				<total>0</total>
				<timestamp>28.162289</timestamp>
			</report>
			<report>
				<misses>3600000</misses>
				<total>0</total>
				<timestamp>28.903842</timestamp>
			</report>
			<report>
				<misses>3700000</misses>
				<total>0</total>
				<timestamp>29.671199</timestamp>
			</report>
			<report>
				<misses>3800000</misses>
				<total>0</total>
				<timestamp>30.463572</timestamp>
			</report>
			<report>
				<misses>3900000</misses>
				<total>0</total>
				<timestamp>31.216239</timestamp>
			</report>
			<report>
				<misses>4000000</misses>
				<total>0</total>
				<timestamp>31.971835</timestamp>
			</report>
			<report>
				<misses>4100000</misses>
				<total>0</total>
				<timestamp>32.751673</timestamp>
			</report>
			<report>
				<misses>4200000</misses>
				<total>0</total>
				<timestamp>33.532230</timestamp>
			</report>
			<report>
				<misses>4300000</misses>
				<total>0</total>
				<timestamp>34.333146</timestamp>
			</report>
			<report>
				<misses>4400000</misses>
				<total>0</total>
				<timestamp>35.154083</timestamp>
			</report>
			<report>
				<misses>4500000</misses>
				<total>0</total>
				<timestamp>35.974549</timestamp>
			</report>
			<report>
				<misses>4600000</misses>
				<total>0</total>
				<timestamp>36.765203</timestamp>
			</report>
			<report>
				<misses>4700000</misses>
				<total>0</total>
				<timestamp>37.551941</timestamp>
			</report>
			<report>
				<misses>4800000</misses>
				<total>0</total>
				<timestamp>38.332081</timestamp>
			</report>
			<report>
				<misses>4900000</misses>
				<total>0</total>
				<timestamp>39.073638</timestamp>
			</report>
			<report>
				<misses>5000000</misses>
				<total>0</total>
				<timestamp>39.848874</timestamp>
			</report>
			<report>
				<misses>5100000</misses>
				<total>0</total>
				<timestamp>40.625473</timestamp>
			</report>
			<report>
				<misses>5200000</misses>
				<total>0</total>
				<timestamp>41.387640</timestamp>
			</report>
			<report>
				<misses>5300000</misses>
				<total>0</total>
				<timestamp>42.217667</timestamp>
			</report>
			<report>
				<misses>5400000</misses>
				<total>0</total>
				<timestamp>43.017997</timestamp>
			</report>
			<report>
				<misses>5500000</misses>
				<total>0</total>
				<timestamp>43.832033</timestamp>
			</report>
			<report>
				<misses>5600000</misses>
				<total>0</total>
				<timestamp>44.600645</timestamp>
			</report>
			<report>
				<misses>5700000</misses>
				<total>0</total>
				<timestamp>45.387705</timestamp>
			</report>
			<report>
				<misses>5800000</misses>
				<total>0</total>
				<timestamp>46.192129</timestamp>
			</report>
			<report>
				<misses>5900000</misses>
				<total>0</total>
				<timestamp>46.974557</timestamp>
			</report>
			<report>
				<misses>6000000</misses>
				<total>0</total>
				<timestamp>47.759544</timestamp>
			</report>
			<report>
				<misses>6100000</misses>
				<total>0</total>
				<timestamp>48.612603</timestamp>
			</report>
			<report>
				<misses>6200000</misses>
				<total>0</total>
				<timestamp>49.398552</timestamp>
			</report>
			<report>
				<misses>6300000</misses>
				<total>0</total>
				<timestamp>50.156367</timestamp>
			</report>
			<report>
				<misses>6400000</misses>
				<total>0</total>
				<timestamp>50.913335</timestamp>
			</report>
			<report>
				<misses>6500000</misses>
				<total>0</total>
				<timestamp>51.705967</timestamp>
			</report>
			<report>
				<misses>6600000</misses>
				<total>0</total>
				<timestamp>52.501533</timestamp>
			</report>
			<report>
				<misses>6700000</misses>
				<total>0</total>
				<timestamp>53.279562</timestamp>
			</report>
			<report>
				<misses>6800000</misses>
				<total>0</total>
				<timestamp>54.057960</timestamp>
			</report>
			<report>
				<misses>6900000</misses>
				<total>0</total>
				<timestamp>54.823108</timestamp>
			</report>
			<report>
				<misses>7000000</misses>
				<total>0</total>
				<timestamp>55.639029</timestamp>
			</report>
			<report>
				<misses>7100000</misses>
				<total>0</total>
				<timestamp>56.460976</timestamp>
			</report>
			<report>
				<misses>7200000</misses>
				<total>0</total>
				<timestamp>57.240375</timestamp>
			</report>
			<report>
				<misses>7300000</misses>
				<total>0</total>
				<timestamp>58.023427</timestamp>
			</report>
			<report>
				<misses>7400000</misses>
				<total>0</total>
				<timestamp>58.783748</timestamp>
			</report>
			<report>
				<misses>7500000</misses>
				<total>0</total>
				<timestamp>59.551954</timestamp>
			</report>
			<report>
				<misses>7600000</misses>
				<total>0</total>
				<timestamp>60.321341</timestamp>
			</report>
			<report>
				<misses>7700000</misses>
				<total>0</total>
				<timestamp>61.100451</timestamp>
			</report>
			<report>
				<misses>7800000</misses>
				<total>0</total>
				<timestamp>61.874879</timestamp>
			</report>
			<report>
				<misses>7900000</misses>
				<total>0</total>
				<timestamp>62.657631</timestamp>
			</report>
			<report>
				<misses>8000000</misses>
				<total>0</total>
				<timestamp>63.434143</timestamp>
			</report>
			<report>
				<misses>8100000</misses>
				<total>0</total>
				<timestamp>64.236068</timestamp>
			</report>
			<report>
				<misses>8200000</misses>
				<total>0</total>
				<timestamp>65.046088</timestamp>
			</report>
			<report>
				<misses>8300000</misses>
				<total>0</total>
				<timestamp>65.874795</timestamp>
			</report>
			<report>
				<misses>8400000</misses>
				<total>0</total>
				<timestamp>66.663597</timestamp>
			</report>
			<report>
				<misses>8500000</misses>
				<total>0</total>
				<timestamp>67.404035</timestamp>
			</report>
			<report>
				<misses>8600000</misses>
				<total>0</total>
				<timestamp>68.177589</timestamp>
			</report>
			<report>
				<misses>8700000</misses>
				<total>0</total>
				<timestamp>68.940570</timestamp>
			</report>
			<report>
				<misses>8800000</misses>
				<total>0</total>
				<timestamp>69.744120</timestamp>
			</report>
			<report>
				<misses>8900000</misses>
				<total>0</total>
				<timestamp>70.500210</timestamp>
			</report>
			<report>
				<misses>9000000</misses>
				<total>0</total>
				<timestamp>71.280684</timestamp>
			</report>
			<report>
				<misses>9100000</misses>
				<total>0</total>
				<timestamp>72.060593</timestamp>
			</report>
			<report>
				<misses>9200000</misses>
				<total>0</total>
				<timestamp>72.846731</timestamp>
			</report>
			<report>
				<misses>9300000</misses>
				<total>0</total>
				<timestamp>73.622607</timestamp>
			</report>
			<report>
				<misses>9400000</misses>
				<total>0</total>
				<timestamp>74.393266</timestamp>
			</report>
			<report>
				<misses>9500000</misses>
				<total>0</total>
				<timestamp>75.165228</timestamp>
			</report>
			<report>
				<misses>9600000</misses>
				<total>0</total>
				<timestamp>75.940782</timestamp>
			</report>
			<report>
				<misses>9700000</misses>
				<total>0</total>
				<timestamp>76.711836</timestamp>
			</report>
			<report>
				<misses>9800000</misses>
				<total>0</total>
				<timestamp>77.464459</timestamp>
			</report>
			<report>
				<misses>9900000</misses>
				<total>0</total>
				<timestamp>78.217985</timestamp>
			</report>
			<report>
				<misses>10000000</misses>
				<total>0</total>
				<timestamp>79.051302</timestamp>
			</report>
			<report>
				<misses>10100000</misses>
				<total>0</total>
				<timestamp>79.810446</timestamp>
			</report>
			<report>
				<misses>10200000</misses>
				<total>0</total>
				<timestamp>80.589454</timestamp>
			</report>
			<report>
				<misses>10300000</misses>
				<total>0</total>
				<timestamp>81.335361</timestamp>
			</report>
			<report>
				<misses>10400000</misses>
				<total>0</total>
				<timestamp>82.121995</timestamp>
			</report>
			<report>
				<misses>10500000</misses>
				<total>0</total>
				<timestamp>82.894570</timestamp>
			</report>
			<report>
				<misses>10600000</misses>
				<total>0</total>
				<timestamp>83.643659</timestamp>
			</report>
			<report>
				<misses>10700000</misses>
				<total>0</total>
				<timestamp>84.405305</timestamp>
			</report>
			<report>
				<misses>10800000</misses>
				<total>0</total>
				<timestamp>85.225957</timestamp>
			</report>
			<report>
				<misses>10900000</misses>
				<total>0</total>
				<timestamp>86.028711</timestamp>
			</report>
			<report>
				<misses>11000000</misses>
				<total>0</total>
				<timestamp>86.791809</timestamp>
			</report>
			<report>
				<misses>11100000</misses>
				<total>0</total>
				<timestamp>87.562522</timestamp>
			</report>
			<report>
				<misses>11200000</misses>
				<total>0</total>
				<timestamp>88.338777</timestamp>
			</report>
			<report>
				<misses>11300000</misses>
				<total>0</total>
				<timestamp>89.111379</timestamp>
			</report>
			<report>
				<misses>11400000</misses>
				<total>0</total>
				<timestamp>89.891706</timestamp>
			</report>
			<report>
				<misses>11500000</misses>
				<total>0</total>
				<timestamp>90.667594</timestamp>
			</report>
			<report>
				<misses>11600000</misses>
				<total>0</total>
				<timestamp>91.497198</timestamp>
			</report>
			<report>
				<misses>11700000</misses>
				<total>0</total>
				<timestamp>92.265819</timestamp>
			</report>
			<report>
				<misses>11800000</misses>
				<total>0</total>
				<timestamp>93.053555</timestamp>
			</report>
			<report>
				<misses>11900000</misses>
				<total>0</total>
				<timestamp>93.810347</timestamp>
			</report>
			<report>
				<misses>12000000</misses>
				<total>0</total>
				<timestamp>94.555627</timestamp>
			</report>
			<report>
				<misses>12100000</misses>
				<total>0</total>
				<timestamp>95.316949</timestamp>
			</report>
			<report>
				<misses>12200000</misses>
				<total>0</total>
				<timestamp>96.123915</timestamp>
			</report>
			<report>
				<misses>12300000</misses>
				<total>0</total>
				<timestamp>96.897538</timestamp>
			</report>
			<report>
				<misses>12400000</misses>
				<total>0</total>
				<timestamp>97.662902</timestamp>
			</report>
			<report>
				<misses>12500000</misses>
				<total>0</total>
				<timestamp>98.416771</timestamp>
			</report>
			<report>
				<misses>12600000</misses>
				<total>0</total>
				<timestamp>99.186145</timestamp>
			</report>
			<report>
				<misses>12700000</misses>
				<total>0</total>
				<timestamp>99.968159</timestamp>
			</report>
			<report>
				<misses>12800000</misses>
				<total>0</total>
				<timestamp>100.718064</timestamp>
			</report>
			<report>
				<misses>12900000</misses>
				<total>0</total>
				<timestamp>101.464948</timestamp>
			</report>
			<report>
				<misses>13000000</misses>
				<total>0</total>
				<timestamp>102.229747</timestamp>
			</report>
			<report>
				<misses>13100000</misses>
				<total>0</total>
				<timestamp>103.038839</timestamp>
			</report>
			<report>
				<misses>13200000</misses>
				<total>0</total>
				<timestamp>103.811303</timestamp>
			</report>
			<report>
				<misses>13300000</misses>
				<total>0</total>
				<timestamp>104.624156</timestamp>
			</report>
			<report>
				<misses>13400000</misses>
				<total>0</total>
				<timestamp>105.436941</timestamp>
			</report>
			<report>
				<misses>13500000</misses>
				<total>0</total>
				<timestamp>106.231199</timestamp>
			</report>
			<report>
				<misses>13600000</misses>
				<total>0</total>
				<timestamp>107.000796</timestamp>
			</report>
			<report>
				<misses>13700000</misses>
				<total>0</total>
				<timestamp>107.729074</timestamp>
			</report>
			<report>
				<misses>13800000</misses>
				<total>0</total>
				<timestamp>108.506289</timestamp>
			</report>
			<report>
				<misses>13900000</misses>
				<total>0</total>
				<timestamp>109.300784</timestamp>
			</report>
			<report>
				<misses>14000000</misses>
				<total>0</total>
				<timestamp>110.118524</timestamp>
			</report>
			<report>
				<misses>14100000</misses>
				<total>0</total>
				<timestamp>110.861170</timestamp>
			</report>
			<report>
				<misses>14200000</misses>
				<total>0</total>
				<timestamp>111.623178</timestamp>
			</report>
			<report>
				<misses>14300000</misses>
				<total>0</total>
				<timestamp>112.385422</timestamp>
			</report>
			<report>
				<misses>14400000</misses>
				<total>0</total>
				<timestamp>113.123795</timestamp>
			</report>
			<report>
				<misses>14500000</misses>
				<total>0</total>
				<timestamp>113.888427</timestamp>
			</report>
			<report>
				<misses>14600000</misses>
				<total>0</total>
				<timestamp>114.654949</timestamp>
			</report>
			<report>
				<misses>14700000</misses>
				<total>0</total>
				<timestamp>115.484218</timestamp>
			</report>
			<report>
				<misses>14800000</misses>
				<total>0</total>
				<timestamp>116.243750</timestamp>
			</report>
			<report>
				<misses>14900000</misses>
				<total>0</total>
				<timestamp>116.977402</timestamp>
			</report>
			<report>
				<misses>15000000</misses>
				<total>0</total>
				<timestamp>117.781521</timestamp>
			</report>
			<report>
				<misses>15100000</misses>
				<total>0</total>
				<timestamp>118.539844</timestamp>
			</report>
			<report>
				<misses>15200000</misses>
				<total>0</total>
				<timestamp>119.321813</timestamp>
			</report>
			<report>
				<misses>15300000</misses>
				<total>0</total>
				<timestamp>120.098473</timestamp>
			</report>
			<report>
				<misses>15400000</misses>
				<total>0</total>
				<timestamp>120.858861</timestamp>
			</report>
			<report>
				<misses>15500000</misses>
				<total>0</total>
				<timestamp>121.634639</timestamp>
			</report>
			<report>
				<misses>15600000</misses>
				<total>0</total>
				<timestamp>122.424060</timestamp>
			</report>
			<report>
				<misses>15700000</misses>
				<total>0</total>
				<timestamp>123.224989</timestamp>
			</report>
			<report>
				<misses>15800000</misses>
				<total>0</total>
				<timestamp>124.000154</timestamp>
			</report>
			<report>
				<misses>15900000</misses>
				<total>0</total>
				<timestamp>124.761560</timestamp>
			</report>
			<report>
				<misses>16000000</misses>
				<total>0</total>
				<timestamp>125.522721</timestamp>
			</report>
			<report>
				<misses>16100000</misses>
				<total>0</total>
				<timestamp>126.297703</timestamp>
			</report>
			<report>
				<misses>16200000</misses>
				<total>0</total>
				<timestamp>127.105710</timestamp>
			</report>
			<report>
				<misses>16300000</misses>
				<total>0</total>
				<timestamp>127.849868</timestamp>
			</report>
			<report>
				<misses>16400000</misses>
				<total>0</total>
				<timestamp>128.628746</timestamp>
			</report>
			<report>
				<misses>16500000</misses>
				<total>0</total>
				<timestamp>129.424005</timestamp>
			</report>
			<report>
				<misses>16600000</misses>
				<total>0</total>
				<timestamp>130.198207</timestamp>
			</report>
			<report>
				<misses>16700000</misses>
				<total>0</total>
				<timestamp>130.961450</timestamp>
			</report>
			<report>
				<misses>16800000</misses>
				<total>0</total>
				<timestamp>131.771426</timestamp>
			</report>
			<report>
				<misses>16900000</misses>
				<total>0</total>
				<timestamp>132.553354</timestamp>
			</report>
			<report>
				<misses>17000000</misses>
				<total>0</total>
				<timestamp>133.309519</timestamp>
			</report>
			<report>
				<misses>17100000</misses>
				<total>0</total>
				<timestamp>134.114095</timestamp>
			</report>
			<report>
				<misses>17200000</misses>
				<total>0</total>
				<timestamp>134.891756</timestamp>
			</report>
			<report>
				<misses>17300000</misses>
				<total>0</total>
				<timestamp>135.656471</timestamp>
			</report>
			<report>
				<misses>17400000</misses>
				<total>0</total>
				<timestamp>136.434825</timestamp>
			</report>
			<report>
				<misses>17500000</misses>
				<total>0</total>
				<timestamp>137.212942</timestamp>
			</report>
			<report>
				<misses>17600000</misses>
				<total>0</total>
				<timestamp>138.004467</timestamp>
			</report>
			<report>
				<misses>17700000</misses>
				<total>0</total>
				<timestamp>138.777358</timestamp>
			</report>
			<report>
				<misses>17800000</misses>
				<total>0</total>
				<timestamp>139.510961</timestamp>
			</report>
			<report>
				<misses>17900000</misses>
				<total>0</total>
				<timestamp>140.286852</timestamp>
			</report>
			<report>
				<misses>18000000</misses>
				<total>0</total>
				<timestamp>141.052768</timestamp>
			</report>
			<report>
				<misses>18100000</misses>
				<total>0</total>
				<timestamp>141.853133</timestamp>
			</report>
			<report>
				<misses>18200000</misses>
				<total>0</total>
				<timestamp>142.629228</timestamp>
			</report>
			<report>
				<misses>18300000</misses>
				<total>0</total>
				<timestamp>143.446210</timestamp>
			</report>
			<report>
				<misses>18400000</misses>
				<total>0</total>
				<timestamp>144.194978</timestamp>
			</report>
			<report>
				<misses>18500000</misses>
				<total>0</total>
				<timestamp>144.947624</timestamp>
			</report>
			<report>
				<misses>18600000</misses>
				<total>0</total>
				<timestamp>145.727616</timestamp>
			</report>
			<report>
				<misses>18700000</misses>
				<total>0</total>
				<timestamp>146.501982</timestamp>
			</report>
			<report>
				<misses>18800000</misses>
				<total>0</total>
				<timestamp>147.237544</timestamp>
			</report>
			<report>
				<misses>18900000</misses>
				<total>0</total>
				<timestamp>148.018335</timestamp>
			</report>
			<report>
				<misses>19000000</misses>
				<total>0</total>
				<timestamp>148.764730</timestamp>
			</report>
			<report>
				<misses>19100000</misses>
				<total>0</total>
				<timestamp>149.538848</timestamp>
			</report>
			<report>
				<misses>19200000</misses>
				<total>0</total>
				<timestamp>150.334621</timestamp>
			</report>
			<report>
				<misses>19300000</misses>
				<total>0</total>
				<timestamp>151.086439</timestamp>
			</report>
			<report>
				<misses>19400000</misses>
				<total>0</total>
				<timestamp>151.834132</timestamp>
			</report>
			<report>
				<misses>19500000</misses>
				<total>0</total>
				<timestamp>152.583993</timestamp>
			</report>
			<report>
				<misses>19600000</misses>
				<total>0</total>
				<timestamp>153.366892</timestamp>
			</report>
			<report>
				<misses>19700000</misses>
				<total>0</total>
				<timestamp>154.129293</timestamp>
			</report>
			<report>
				<misses>19800000</misses>
				<total>0</total>
				<timestamp>154.880795</timestamp>
			</report>
			<report>
				<misses>19900000</misses>
				<total>0</total>
				<timestamp>155.675838</timestamp>
			</report>
			<report>
				<misses>20000000</misses>
				<total>0</total>
				<timestamp>156.449038</timestamp>
			</report>
			<report>
				<misses>20100000</misses>
				<total>0</total>
				<timestamp>157.216293</timestamp>
			</report>
			<report>
				<misses>20200000</misses>
				<total>0</total>
				<timestamp>157.984322</timestamp>
			</report>
			<report>
				<misses>20300000</misses>
				<total>0</total>
				<timestamp>158.759757</timestamp>
			</report>
			<report>
				<misses>20400000</misses>
				<total>0</total>
				<timestamp>159.551496</timestamp>
			</report>
			<report>
				<misses>20500000</misses>
				<total>0</total>
				<timestamp>160.300734</timestamp>
			</report>
			<report>
				<misses>20600000</misses>
				<total>0</total>
				<timestamp>161.099622</timestamp>
			</report>
			<report>
				<misses>20700000</misses>
				<total>0</total>
				<timestamp>161.888651</timestamp>
			</report>
			<report>
				<misses>20800000</misses>
				<total>0</total>
				<timestamp>162.669780</timestamp>
			</report>
			<report>
				<misses>20900000</misses>
				<total>0</total>
				<timestamp>163.480702</timestamp>
			</report>
			<report>
				<misses>21000000</misses>
				<total>0</total>
				<timestamp>164.273345</timestamp>
			</report>
			<report>
				<misses>21100000</misses>
				<total>0</total>
				<timestamp>165.080863</timestamp>
			</report>
			<report>
				<misses>21200000</misses>
				<total>0</total>
				<timestamp>165.876909</timestamp>
			</report>
			<report>
				<misses>21300000</misses>
				<total>0</total>
				<timestamp>166.625796</timestamp>
			</report>
			<report>
				<misses>21400000</misses>
				<total>0</total>
				<timestamp>167.451980</timestamp>
			</report>
			<report>
				<misses>21500000</misses>
				<total>0</total>
				<timestamp>168.213425</timestamp>
			</report>
			<report>
				<misses>21600000</misses>
				<total>0</total>
				<timestamp>169.011412</timestamp>
			</report>
			<report>
				<misses>21700000</misses>
				<total>0</total>
				<timestamp>169.797145</timestamp>
			</report>
			<report>
				<misses>21800000</misses>
				<total>0</total>
				<timestamp>170.610768</timestamp>
			</report>
			<report>
				<misses>21900000</misses>
				<total>0</total>
				<timestamp>171.366861</timestamp>
			</report>
			<report>
				<misses>22000000</misses>
				<total>0</total>
				<timestamp>172.157735</timestamp>
			</report>
			<report>
				<misses>22100000</misses>
				<total>0</total>
				<timestamp>172.943366</timestamp>
			</report>
			<report>
				<misses>22200000</misses>
				<total>0</total>
				<timestamp>173.706365</timestamp>
			</report>
			<report>
				<misses>22300000</misses>
				<total>0</total>
				<timestamp>174.485209</timestamp>
			</report>
			<report>
				<misses>22400000</misses>
				<total>0</total>
				<timestamp>175.241535</timestamp>
			</report>
			<report>
				<misses>22500000</misses>
				<total>0</total>
				<timestamp>176.013393</timestamp>
			</report>
			<report>
				<misses>22600000</misses>
				<total>0</total>
				<timestamp>176.797333</timestamp>
			</report>
			<report>
				<misses>22700000</misses>
				<total>0</total>
				<timestamp>177.611339</timestamp>
			</report>
			<report>
				<misses>22800000</misses>
				<total>0</total>
				<timestamp>178.421902</timestamp>
			</report>
			<report>
				<misses>22900000</misses>
				<total>0</total>
				<timestamp>179.174002</timestamp>
			</report>
			<report>
				<misses>23000000</misses>
				<total>0</total>
				<timestamp>179.982997</timestamp>
			</report>
			<report>
				<misses>23100000</misses>
				<total>0</total>
				<timestamp>180.739159</timestamp>
			</report>
			<report>
				<misses>23200000</misses>
				<total>0</total>
				<timestamp>181.534930</timestamp>
			</report>
			<report>
				<misses>23300000</misses>
				<total>0</total>
				<timestamp>182.384237</timestamp>
			</report>
			<report>
				<misses>23400000</misses>
				<total>0</total>
				<timestamp>183.169640</timestamp>
			</report>
			<report>
				<misses>23500000</misses>
				<total>0</total>
				<timestamp>183.979583</timestamp>
			</report>
			<report>
				<misses>23600000</misses>
				<total>0</total>
				<timestamp>184.742023</timestamp>
			</report>
			<report>
				<misses>23700000</misses>
				<total>0</total>
				<timestamp>185.525619</timestamp>
			</report>
			<report>
				<misses>23800000</misses>
				<total>0</total>
				<timestamp>186.308555</timestamp>
			</report>
			<report>
				<misses>23900000</misses>
				<total>0</total>
				<timestamp>187.078903</timestamp>
			</report>
			<report>
				<misses>24000000</misses>
				<total>0</total>
				<timestamp>187.869048</timestamp>
			</report>
			<report>
				<misses>24100000</misses>
				<total>0</total>
				<timestamp>188.627518</timestamp>
			</report>
			<report>
				<misses>24200000</misses>
				<total>0</total>
				<timestamp>189.407702</timestamp>
			</report>
			<report>
				<misses>24300000</misses>
				<total>0</total>
				<timestamp>190.199627</timestamp>
			</report>
			<report>
				<misses>24400000</misses>
				<total>0</total>
				<timestamp>190.971213</timestamp>
			</report>
			<report>
				<misses>24500000</misses>
				<total>0</total>
				<timestamp>191.777413</timestamp>
			</report>
			<report>
				<misses>24600000</misses>
				<total>0</total>
				<timestamp>192.558404</timestamp>
			</report>
			<report>
				<misses>24700000</misses>
				<total>0</total>
				<timestamp>193.384833</timestamp>
			</report>
			<report>
				<misses>24800000</misses>
				<total>0</total>
				<timestamp>194.170353</timestamp>
			</report>
			<report>
				<misses>24900000</misses>
				<total>0</total>
				<timestamp>194.934912</timestamp>
			</report>
			<report>
				<misses>25000000</misses>
				<total>0</total>
				<timestamp>195.712896</timestamp>
			</report>
			<report>
				<misses>25100000</misses>
				<total>0</total>
				<timestamp>196.525914</timestamp>
			</report>
			<report>
				<misses>25200000</misses>
				<total>0</total>
				<timestamp>197.303547</timestamp>
			</report>
			<report>
				<misses>25300000</misses>
				<total>0</total>
				<timestamp>198.068716</timestamp>
			</report>
			<report>
				<misses>25400000</misses>
				<total>0</total>
				<timestamp>198.871467</timestamp>
			</report>
			<report>
				<misses>25500000</misses>
				<total>0</total>
				<timestamp>199.641362</timestamp>
			</report>
			<report>
				<misses>25600000</misses>
				<total>0</total>
				<timestamp>200.406933</timestamp>
			</report>
			<report>
				<misses>25700000</misses>
				<total>0</total>
				<timestamp>201.178658</timestamp>
			</report>
			<report>
				<misses>25800000</misses>
				<total>0</total>
				<timestamp>201.953728</timestamp>
			</report>
			<report>
				<misses>25900000</misses>
				<total>0</total>
				<timestamp>202.751125</timestamp>
			</report>
			<report>
				<misses>26000000</misses>
				<total>0</total>
				<timestamp>203.600985</timestamp>
			</report>
			<report>
				<misses>26100000</misses>
				<total>0</total>
				<timestamp>204.346730</timestamp>
			</report>
			<report>
				<misses>26200000</misses>
				<total>0</total>
				<timestamp>205.105430</timestamp>
			</report>
			<report>
				<misses>26300000</misses>
				<total>0</total>
				<timestamp>205.927999</timestamp>
			</report>
			<report>
				<misses>26400000</misses>
				<total>0</total>
				<timestamp>206.708543</timestamp>
			</report>
			<report>
				<misses>26500000</misses>
				<total>0</total>
				<timestamp>207.467188</timestamp>
			</report>
			<report>
				<misses>26600000</misses>
				<total>0</total>
				<timestamp>208.204054</timestamp>
			</report>
			<report>
				<misses>26700000</misses>
				<total>0</total>
				<timestamp>208.977789</timestamp>
			</report>
			<report>
				<misses>26800000</misses>
				<total>0</total>
				<timestamp>209.772414</timestamp>
			</report>
			<report>
				<misses>26900000</misses>
				<total>0</total>
				<timestamp>210.572283</timestamp>
			</report>
			<report>
				<misses>27000000</misses>
				<total>0</total>
				<timestamp>211.367085</timestamp>
			</report>
			<report>
				<misses>27100000</misses>
				<total>0</total>
				<timestamp>212.136160</timestamp>
			</report>
			<report>
				<misses>27200000</misses>
				<total>0</total>
				<timestamp>212.917992</timestamp>
			</report>
			<report>
				<misses>27300000</misses>
				<total>0</total>
				<timestamp>213.682893</timestamp>
			</report>
			<report>
				<misses>27400000</misses>
				<total>0</total>
				<timestamp>214.444068</timestamp>
			</report>
			<report>
				<misses>27500000</misses>
				<total>0</total>
				<timestamp>215.232348</timestamp>
			</report>
			<report>
				<misses>27600000</misses>
				<total>0</total>
				<timestamp>216.013311</timestamp>
			</report>
			<report>
				<misses>27700000</misses>
				<total>0</total>
				<timestamp>216.791070</timestamp>
			</report>
			<report>
				<misses>27800000</misses>
				<total>0</total>
				<timestamp>217.553260</timestamp>
			</report>
			<report>
				<misses>27900000</misses>
				<total>0</total>
				<timestamp>218.338471</timestamp>
			</report>
			<report>
				<misses>28000000</misses>
				<total>0</total>
				<timestamp>219.118301</timestamp>
			</report>
			<report>
				<misses>28100000</misses>
				<total>0</total>
				<timestamp>219.905287</timestamp>
			</report>
			<report>
				<misses>28200000</misses>
				<total>0</total>
				<timestamp>220.684378</timestamp>
			</report>
			<report>
				<misses>28300000</misses>
				<total>0</total>
				<timestamp>221.461602</timestamp>
			</report>
			<report>
				<misses>28400000</misses>
				<total>0</total>
				<timestamp>222.263699</timestamp>
			</report>
			<report>
				<misses>28500000</misses>
				<total>0</total>
				<timestamp>223.042242</timestamp>
			</report>
			<report>
				<misses>28600000</misses>
				<total>0</total>
				<timestamp>223.846161</timestamp>
			</report>
			<report>
				<misses>28700000</misses>
				<total>0</total>
				<timestamp>224.623917</timestamp>
			</report>
			<report>
				<misses>28800000</misses>
				<total>0</total>
				<timestamp>225.408453</timestamp>
			</report>
			<report>
				<misses>28900000</misses>
				<total>0</total>
				<timestamp>226.162702</timestamp>
			</report>
			<report>
				<misses>29000000</misses>
				<total>0</total>
				<timestamp>226.949457</timestamp>
			</report>
			<report>
				<misses>29100000</misses>
				<total>0</total>
				<timestamp>227.720651</timestamp>
			</report>
			<report>
				<misses>29200000</misses>
				<total>0</total>
				<timestamp>228.501942</timestamp>
			</report>
			<report>
				<misses>29300000</misses>
				<total>0</total>
				<timestamp>229.325746</timestamp>
			</report>
			<report>
				<misses>29400000</misses>
				<total>0</total>
				<timestamp>230.103237</timestamp>
			</report>
			<report>
				<misses>29500000</misses>
				<total>0</total>
				<timestamp>230.874681</timestamp>
			</report>
			<report>
				<misses>29600000</misses>
				<total>0</total>
				<timestamp>231.691297</timestamp>
			</report>
			<report>
				<misses>29700000</misses>
				<total>0</total>
				<timestamp>232.485978</timestamp>
			</report>
			<report>
				<misses>29800000</misses>
				<total>0</total>
				<timestamp>233.251137</timestamp>
			</report>
			<report>
				<misses>29900000</misses>
				<total>0</total>
				<timestamp>234.055054</timestamp>
			</report>
			<report>
				<misses>30000000</misses>
				<total>0</total>
				<timestamp>234.830271</timestamp>
			</report>
			<report>
				<misses>30100000</misses>
				<total>0</total>
				<timestamp>235.609254</timestamp>
			</report>
			<report>
				<misses>30200000</misses>
				<total>0</total>
				<timestamp>236.396957</timestamp>
			</report>
			<report>
				<misses>30300000</misses>
				<total>0</total>
				<timestamp>237.175893</timestamp>
			</report>
			<report>
				<misses>30400000</misses>
				<total>0</total>
				<timestamp>237.946474</timestamp>
			</report>
			<report>
				<misses>30500000</misses>
				<total>0</total>
				<timestamp>238.724860</timestamp>
			</report>
			<report>
				<misses>30600000</misses>
				<total>0</total>
				<timestamp>239.534749</timestamp>
			</report>
			<report>
				<misses>30700000</misses>
				<total>0</total>
				<timestamp>240.320664</timestamp>
			</report>
			<report>
				<misses>30800000</misses>
				<total>0</total>
				<timestamp>241.072711</timestamp>
			</report>
			<report>
				<misses>30900000</misses>
				<total>0</total>
				<timestamp>241.886669</timestamp>
			</report>
			<report>
				<misses>31000000</misses>
				<total>0</total>
				<timestamp>242.638632</timestamp>
			</report>
			<report>
				<misses>31100000</misses>
				<total>0</total>
				<timestamp>243.431514</timestamp>
			</report>
			<report>
				<misses>31200000</misses>
				<total>0</total>
				<timestamp>244.227534</timestamp>
			</report>
			<report>
				<misses>31300000</misses>
				<total>0</total>
				<timestamp>244.998458</timestamp>
			</report>
			<report>
				<misses>31400000</misses>
				<total>0</total>
				<timestamp>245.772355</timestamp>
			</report>
			<report>
				<misses>31500000</misses>
				<total>0</total>
				<timestamp>246.544028</timestamp>
			</report>
			<report>
				<misses>31600000</misses>
				<total>0</total>
				<timestamp>247.308442</timestamp>
			</report>
			<report>
				<misses>31700000</misses>
				<total>0</total>
				<timestamp>248.079616</timestamp>
			</report>
			<report>
				<misses>31800000</misses>
				<total>0</total>
				<timestamp>248.892815</timestamp>
			</report>
			<report>
				<misses>31900000</misses>
				<total>0</total>
				<timestamp>249.659405</timestamp>
			</report>
			<report>
				<misses>32000000</misses>
				<total>0</total>
				<timestamp>250.479864</timestamp>
			</report>
			<report>
				<misses>32100000</misses>
				<total>0</total>
				<timestamp>251.277413</timestamp>
			</report>
			<report>
				<misses>32200000</misses>
				<total>0</total>
				<timestamp>252.059718</timestamp>
			</report>
			<report>
				<misses>32300000</misses>
				<total>0</total>
				<timestamp>252.858126</timestamp>
			</report>
			<report>
				<misses>32400000</misses>
				<total>0</total>
				<timestamp>253.627984</timestamp>
			</report>
			<report>
				<misses>32500000</misses>
				<total>0</total>
				<timestamp>254.442808</timestamp>
			</report>
			<report>
				<misses>32600000</misses>
				<total>0</total>
				<timestamp>255.222748</timestamp>
			</report>
			<report>
				<misses>32700000</misses>
				<total>0</total>
				<timestamp>256.018148</timestamp>
			</report>
			<report>
				<misses>32800000</misses>
				<total>0</total>
				<timestamp>256.809433</timestamp>
			</report>
			<report>
				<misses>32900000</misses>
				<total>0</total>
				<timestamp>257.599092</timestamp>
			</report>
			<report>
				<misses>33000000</misses>
				<total>0</total>
				<timestamp>258.425015</timestamp>
			</report>
			<report>
				<misses>33100000</misses>
				<total>0</total>
				<timestamp>259.201892</timestamp>
			</report>
			<report>
				<misses>33200000</misses>
				<total>0</total>
				<timestamp>259.972839</timestamp>
			</report>
			<report>
				<misses>33300000</misses>
				<total>0</total>
				<timestamp>260.797236</timestamp>
			</report>
			<report>
				<misses>33400000</misses>
				<total>0</total>
				<timestamp>261.606147</timestamp>
			</report>
			<report>
				<misses>33500000</misses>
				<total>0</total>
				<timestamp>262.380807</timestamp>
			</report>
			<report>
				<misses>33600000</misses>
				<total>0</total>
				<timestamp>263.181465</timestamp>
			</report>
			<report>
				<misses>33700000</misses>
				<total>0</total>
				<timestamp>263.972563</timestamp>
			</report>
			<report>
				<misses>33800000</misses>
				<total>0</total>
				<timestamp>264.745886</timestamp>
			</report>
			<report>
				<misses>33900000</misses>
				<total>0</total>
				<timestamp>265.544271</timestamp>
			</report>
			<report>
				<misses>34000000</misses>
				<total>0</total>
				<timestamp>266.328742</timestamp>
			</report>
			<report>
				<misses>34100000</misses>
				<total>0</total>
				<timestamp>267.112195</timestamp>
			</report>
			<report>
				<misses>34200000</misses>
				<total>0</total>
				<timestamp>267.855305</timestamp>
			</report>
			<report>
				<misses>34300000</misses>
				<total>0</total>
				<timestamp>268.658417</timestamp>
			</report>
			<report>
				<misses>34400000</misses>
				<total>0</total>
				<timestamp>269.486733</timestamp>
			</report>
			<report>
				<misses>34500000</misses>
				<total>0</total>
				<timestamp>270.260008</timestamp>
			</report>
			<report>
				<misses>34600000</misses>
				<total>0</total>
				<timestamp>271.078513</timestamp>
			</report>
			<report>
				<misses>34700000</misses>
				<total>0</total>
				<timestamp>271.838653</timestamp>
			</report>
			<report>
				<misses>34800000</misses>
				<total>0</total>
				<timestamp>272.609985</timestamp>
			</report>
			<report>
				<misses>34900000</misses>
				<total>0</total>
				<timestamp>273.413078</timestamp>
			</report>
			<report>
				<misses>35000000</misses>
				<total>0</total>
				<timestamp>274.160031</timestamp>
			</report>
			<report>
				<misses>35100000</misses>
				<total>0</total>
				<timestamp>274.945474</timestamp>
			</report>
			<report>
				<misses>35200000</misses>
				<total>0</total>
				<timestamp>275.738954</timestamp>
			</report>
			<report>
				<misses>35300000</misses>
				<total>0</total>
				<timestamp>276.530712</timestamp>
			</report>
			<report>
				<misses>35400000</misses>
				<total>0</total>
				<timestamp>277.277685</timestamp>
			</report>
			<report>
				<misses>35500000</misses>
				<total>0</total>
				<timestamp>278.042276</timestamp>
			</report>
			<report>
				<misses>35600000</misses>
				<total>0</total>
				<timestamp>278.813387</timestamp>
			</report>
			<report>
				<misses>35700000</misses>
				<total>0</total>
				<timestamp>279.616506</timestamp>
			</report>
			<report>
				<misses>35800000</misses>
				<total>0</total>
				<timestamp>280.411482</timestamp>
			</report>
			<report>
				<misses>35900000</misses>
				<total>0</total>
				<timestamp>281.178670</timestamp>
			</report>
			<report>
				<misses>36000000</misses>
				<total>0</total>
				<timestamp>281.944846</timestamp>
			</report>
			<report>
				<misses>36100000</misses>
				<total>0</total>
				<timestamp>282.720957</timestamp>
			</report>
			<report>
				<misses>36200000</misses>
				<total>0</total>
				<timestamp>283.505099</timestamp>
			</report>
			<report>
				<misses>36300000</misses>
				<total>0</total>
				<timestamp>284.312972</timestamp>
			</report>
			<report>
				<misses>36400000</misses>
				<total>0</total>
				<timestamp>285.104961</timestamp>
			</report>
			<report>
				<misses>36500000</misses>
				<total>0</total>
				<timestamp>285.927442</timestamp>
			</report>
			<report>
				<misses>36600000</misses>
				<total>0</total>
				<timestamp>286.712880</timestamp>
			</report>
			<report>
				<misses>36700000</misses>
				<total>0</total>
				<timestamp>287.481350</timestamp>
			</report>
			<report>
				<misses>36800000</misses>
				<total>0</total>
				<timestamp>288.295586</timestamp>
			</report>
			<report>
				<misses>36900000</misses>
				<total>0</total>
				<timestamp>289.085112</timestamp>
			</report>
			<report>
				<misses>37000000</misses>
				<total>0</total>
				<timestamp>289.885095</timestamp>
			</report>
			<report>
				<misses>37100000</misses>
				<total>0</total>
				<timestamp>290.658069</timestamp>
			</report>
			<report>
				<misses>37200000</misses>
				<total>0</total>
				<timestamp>291.422185</timestamp>
			</report>
			<report>
				<misses>37300000</misses>
				<total>0</total>
				<timestamp>292.193116</timestamp>
			</report>
			<report>
				<misses>37400000</misses>
				<total>0</total>
				<timestamp>292.947718</timestamp>
			</report>
			<report>
				<misses>37500000</misses>
				<total>0</total>
				<timestamp>293.711479</timestamp>
			</report>
			<report>
				<misses>37600000</misses>
				<total>0</total>
				<timestamp>294.508442</timestamp>
			</report>
			<report>
				<misses>37700000</misses>
				<total>0</total>
				<timestamp>295.333640</timestamp>
			</report>
			<report>
				<misses>37800000</misses>
				<total>0</total>
				<timestamp>296.105940</timestamp>
			</report>
			<report>
				<misses>37900000</misses>
				<total>0</total>
				<timestamp>296.853882</timestamp>
			</report>
			<report>
				<misses>38000000</misses>
				<total>0</total>
				<timestamp>297.688980</timestamp>
			</report>
			<report>
				<misses>38100000</misses>
				<total>0</total>
				<timestamp>298.466437</timestamp>
			</report>
			<report>
				<misses>38200000</misses>
				<total>0</total>
				<timestamp>299.241405</timestamp>
			</report>
			<report>
				<misses>38300000</misses>
				<total>0</total>
				<timestamp>300.045931</timestamp>
			</report>
			<report>
				<misses>38400000</misses>
				<total>0</total>
				<timestamp>300.818451</timestamp>
			</report>
			<report>
				<misses>38500000</misses>
				<total>0</total>
				<timestamp>301.632506</timestamp>
			</report>
			<report>
				<misses>38600000</misses>
				<total>0</total>
				<timestamp>302.380686</timestamp>
			</report>
			<report>
				<misses>38700000</misses>
				<total>0</total>
				<timestamp>303.129660</timestamp>
			</report>
			<report>
				<misses>38800000</misses>
				<total>0</total>
				<timestamp>303.895212</timestamp>
			</report>
			<report>
				<misses>38900000</misses>
				<total>0</total>
				<timestamp>304.729878</timestamp>
			</report>
			<report>
				<misses>39000000</misses>
				<total>0</total>
				<timestamp>305.486794</timestamp>
			</report>
			<report>
				<misses>39100000</misses>
				<total>0</total>
				<timestamp>306.283218</timestamp>
			</report>
			<report>
				<misses>39200000</misses>
				<total>0</total>
				<timestamp>307.052746</timestamp>
			</report>
			<report>
				<misses>39300000</misses>
				<total>0</total>
				<timestamp>307.823008</timestamp>
			</report>
			<report>
				<misses>39400000</misses>
				<total>0</total>
				<timestamp>308.620166</timestamp>
			</report>
			<report>
				<misses>39500000</misses>
				<total>0</total>
				<timestamp>309.398195</timestamp>
			</report>
			<report>
				<misses>39600000</misses>
				<total>0</total>
				<timestamp>310.220911</timestamp>
			</report>
			<report>
				<misses>39700000</misses>
				<total>0</total>
				<timestamp>311.016429</timestamp>
			</report>
			<report>
				<misses>39800000</misses>
				<total>0</total>
				<timestamp>311.772836</timestamp>
			</report>
			<report>
				<misses>39900000</misses>
				<total>0</total>
				<timestamp>312.558090</timestamp>
			</report>
			<report>
				<misses>40000000</misses>
				<total>0</total>
				<timestamp>313.332834</timestamp>
			</report>
			<report>
				<misses>40100000</misses>
				<total>0</total>
				<timestamp>314.144207</timestamp>
			</report>
			<report>
				<misses>40200000</misses>
				<total>0</total>
				<timestamp>314.931815</timestamp>
			</report>
			<report>
				<misses>40300000</misses>
				<total>0</total>
				<timestamp>315.706070</timestamp>
			</report>
			<report>
				<misses>40400000</misses>
				<total>0</total>
				<timestamp>316.452020</timestamp>
			</report>
			<report>
				<misses>40500000</misses>
				<total>0</total>
				<timestamp>317.244673</timestamp>
			</report>
			<report>
				<misses>40600000</misses>
				<total>0</total>
				<timestamp>318.024201</timestamp>
			</report>
			<report>
				<misses>40700000</misses>
				<total>0</total>
				<timestamp>318.791847</timestamp>
			</report>
			<report>
				<misses>40800000</misses>
				<total>0</total>
				<timestamp>319.592237</timestamp>
			</report>
			<report>
				<misses>40900000</misses>
				<total>0</total>
				<timestamp>320.412214</timestamp>
			</report>
			<report>
				<misses>41000000</misses>
				<total>0</total>
				<timestamp>321.199945</timestamp>
			</report>
			<report>
				<misses>41100000</misses>
				<total>0</total>
				<timestamp>321.978495</timestamp>
			</report>
			<report>
				<misses>41200000</misses>
				<total>0</total>
				<timestamp>322.758211</timestamp>
			</report>
			<report>
				<misses>41300000</misses>
				<total>0</total>
				<timestamp>323.554034</timestamp>
			</report>
			<report>
				<misses>41400000</misses>
				<total>0</total>
				<timestamp>324.343832</timestamp>
			</report>
			<report>
				<misses>41500000</misses>
				<total>0</total>
				<timestamp>325.123271</timestamp>
			</report>
			<report>
				<misses>41600000</misses>
				<total>0</total>
				<timestamp>325.905708</timestamp>
			</report>
			<report>
				<misses>41700000</misses>
				<total>0</total>
				<timestamp>326.642817</timestamp>
			</report>
			<report>
				<misses>41800000</misses>
				<total>0</total>
				<timestamp>327.374777</timestamp>
			</report>
			<report>
				<misses>41900000</misses>
				<total>0</total>
				<timestamp>328.179138</timestamp>
			</report>
			<report>
				<misses>42000000</misses>
				<total>0</total>
				<timestamp>328.953878</timestamp>
			</report>
			<report>
				<misses>42100000</misses>
				<total>0</total>
				<timestamp>329.740973</timestamp>
			</report>
			<report>
				<misses>42200000</misses>
				<total>0</total>
				<timestamp>330.485883</timestamp>
			</report>
			<report>
				<misses>42300000</misses>
				<total>0</total>
				<timestamp>331.261732</timestamp>
			</report>
			<report>
				<misses>42400000</misses>
				<total>0</total>
				<timestamp>332.055512</timestamp>
			</report>
			<report>
				<misses>42500000</misses>
				<total>0</total>
				<timestamp>332.831147</timestamp>
			</report>
			<report>
				<misses>42600000</misses>
				<total>0</total>
				<timestamp>333.604773</timestamp>
			</report>
			<report>
				<misses>42700000</misses>
				<total>0</total>
				<timestamp>334.372140</timestamp>
			</report>
			<report>
				<misses>42800000</misses>
				<total>0</total>
				<timestamp>335.169064</timestamp>
			</report>
			<report>
				<misses>42900000</misses>
				<total>0</total>
				<timestamp>335.941621</timestamp>
			</report>
			<report>
				<misses>43000000</misses>
				<total>0</total>
				<timestamp>336.743102</timestamp>
			</report>
			<report>
				<misses>43100000</misses>
				<total>0</total>
				<timestamp>337.540398</timestamp>
			</report>
			<report>
				<misses>43200000</misses>
				<total>0</total>
				<timestamp>338.331094</timestamp>
			</report>
			<report>
				<misses>43300000</misses>
				<total>0</total>
				<timestamp>339.144964</timestamp>
			</report>
			<report>
				<misses>43400000</misses>
				<total>0</total>
				<timestamp>339.919303</timestamp>
			</report>
			<report>
				<misses>43500000</misses>
				<total>0</total>
				<timestamp>340.694264</timestamp>
			</report>
			<report>
				<misses>43600000</misses>
				<total>0</total>
				<timestamp>341.430354</timestamp>
			</report>
			<report>
				<misses>43700000</misses>
				<total>0</total>
				<timestamp>342.216781</timestamp>
			</report>
			<report>
				<misses>43800000</misses>
				<total>0</total>
				<timestamp>342.978753</timestamp>
			</report>
			<report>
				<misses>43900000</misses>
				<total>0</total>
				<timestamp>343.763762</timestamp>
			</report>
			<report>
				<misses>44000000</misses>
				<total>0</total>
				<timestamp>344.593332</timestamp>
			</report>
			<report>
				<misses>44100000</misses>
				<total>0</total>
				<timestamp>345.388030</timestamp>
			</report>
			<report>
				<misses>44200000</misses>
				<total>0</total>
				<timestamp>346.158457</timestamp>
			</report>
			<report>
				<misses>44300000</misses>
				<total>0</total>
				<timestamp>346.934177</timestamp>
			</report>
			<report>
				<misses>44400000</misses>
				<total>0</total>
				<timestamp>347.721248</timestamp>
			</report>
			<report>
				<misses>44500000</misses>
				<total>0</total>
				<timestamp>348.520081</timestamp>
			</report>
			<report>
				<misses>44600000</misses>
				<total>0</total>
				<timestamp>349.329718</timestamp>
			</report>
			<report>
				<misses>44700000</misses>
				<total>0</total>
				<timestamp>350.096467</timestamp>
			</report>
			<report>
				<misses>44800000</misses>
				<total>0</total>
				<timestamp>350.869744</timestamp>
			</report>
			<report>
				<misses>44900000</misses>
				<total>0</total>
				<timestamp>351.662845</timestamp>
			</report>
			<report>
				<misses>45000000</misses>
				<total>0</total>
				<timestamp>352.436302</timestamp>
			</report>
			<report>
				<misses>45100000</misses>
				<total>0</total>
				<timestamp>353.255117</timestamp>
			</report>
			<report>
				<misses>45200000</misses>
				<total>0</total>
				<timestamp>354.026360</timestamp>
			</report>
			<report>
				<misses>45300000</misses>
				<total>0</total>
				<timestamp>354.816466</timestamp>
			</report>
			<report>
				<misses>45400000</misses>
				<total>0</total>
				<timestamp>355.599036</timestamp>
			</report>
			<report>
				<misses>45500000</misses>
				<total>0</total>
				<timestamp>356.342412</timestamp>
			</report>
			<report>
				<misses>45600000</misses>
				<total>0</total>
				<timestamp>357.139534</timestamp>
			</report>
			<report>
				<misses>45700000</misses>
				<total>0</total>
				<timestamp>357.920419</timestamp>
			</report>
			<report>
				<misses>45800000</misses>
				<total>0</total>
				<timestamp>358.692532</timestamp>
			</report>
			<report>
				<misses>45900000</misses>
				<total>0</total>
				<timestamp>359.463670</timestamp>
			</report>
			<report>
				<misses>46000000</misses>
				<total>0</total>
				<timestamp>360.232379</timestamp>
			</report>
			<report>
				<misses>46100000</misses>
				<total>0</total>
				<timestamp>361.052006</timestamp>
			</report>
			<report>
				<misses>46200000</misses>
				<total>0</total>
				<timestamp>361.861665</timestamp>
			</report>
			<report>
				<misses>46300000</misses>
				<total>0</total>
				<timestamp>362.624302</timestamp>
			</report>
			<report>
				<misses>46400000</misses>
				<total>0</total>
				<timestamp>363.417867</timestamp>
			</report>
			<report>
				<misses>46500000</misses>
				<total>0</total>
				<timestamp>364.267662</timestamp>
			</report>
			<report>
				<misses>46600000</misses>
				<total>0</total>
				<timestamp>365.034440</timestamp>
			</report>
			<report>
				<misses>46700000</misses>
				<total>0</total>
				<timestamp>365.802558</timestamp>
			</report>
			<report>
				<misses>46800000</misses>
				<total>0</total>
				<timestamp>366.585465</timestamp>
			</report>
			<report>
				<misses>46900000</misses>
				<total>0</total>
				<timestamp>367.378246</timestamp>
			</report>
			<report>
				<misses>47000000</misses>
				<total>0</total>
				<timestamp>368.115069</timestamp>
			</report>
			<report>
				<misses>47100000</misses>
				<total>0</total>
				<timestamp>368.912844</timestamp>
			</report>
			<report>
				<misses>47200000</misses>
				<total>0</total>
				<timestamp>369.697410</timestamp>
			</report>
			<report>
				<misses>47300000</misses>
				<total>0</total>
				<timestamp>370.461710</timestamp>
			</report>
			<report>
				<misses>47400000</misses>
				<total>0</total>
				<timestamp>371.229770</timestamp>
			</report>
			<report>
				<misses>47500000</misses>
				<total>0</total>
				<timestamp>371.969192</timestamp>
			</report>
			<report>
				<misses>47600000</misses>
				<total>0</total>
				<timestamp>372.819427</timestamp>
			</report>
			<report>
				<misses>47700000</misses>
				<total>0</total>
				<timestamp>373.619541</timestamp>
			</report>
			<report>
				<misses>47800000</misses>
				<total>0</total>
				<timestamp>374.372968</timestamp>
			</report>
			<report>
				<misses>47900000</misses>
				<total>0</total>
				<timestamp>375.165268</timestamp>
			</report>
			<report>
				<misses>48000000</misses>
				<total>0</total>
				<timestamp>375.918328</timestamp>
			</report>
			<report>
				<misses>48100000</misses>
				<total>0</total>
				<timestamp>376.679198</timestamp>
			</report>
			<report>
				<misses>48200000</misses>
				<total>0</total>
				<timestamp>377.477054</timestamp>
			</report>
			<report>
				<misses>48300000</misses>
				<total>0</total>
				<timestamp>378.285587</timestamp>
			</report>
			<report>
				<misses>48400000</misses>
				<total>0</total>
				<timestamp>379.065532</timestamp>
			</report>
			<report>
				<misses>48500000</misses>
				<total>0</total>
				<timestamp>379.833968</timestamp>
			</report>
			<report>
				<misses>48600000</misses>
				<total>0</total>
				<timestamp>380.633164</timestamp>
			</report>
			<report>
				<misses>48700000</misses>
				<total>0</total>
				<timestamp>381.413597</timestamp>
			</report>
			<report>
				<misses>48800000</misses>
				<total>0</total>
				<timestamp>382.179114</timestamp>
			</report>
			<report>
				<misses>48900000</misses>
				<total>0</total>
				<timestamp>382.999260</timestamp>
			</report>
			<report>
				<misses>49000000</misses>
				<total>0</total>
				<timestamp>383.753628</timestamp>
			</report>
			<report>
				<misses>49100000</misses>
				<total>0</total>
				<timestamp>384.566194</timestamp>
			</report>
			<report>
				<misses>49200000</misses>
				<total>0</total>
				<timestamp>385.359374</timestamp>
			</report>
			<report>
				<misses>49300000</misses>
				<total>0</total>
				<timestamp>386.107417</timestamp>
			</report>
			<report>
				<misses>49400000</misses>
				<total>0</total>
				<timestamp>386.939781</timestamp>
			</report>
			<report>
				<misses>49500000</misses>
				<total>0</total>
				<timestamp>387.684916</timestamp>
			</report>
			<report>
				<misses>49600000</misses>
				<total>0</total>
				<timestamp>388.441090</timestamp>
			</report>
			<report>
				<misses>49700000</misses>
				<total>0</total>
				<timestamp>389.206582</timestamp>
			</report>
			<report>
				<misses>49800000</misses>
				<total>0</total>
				<timestamp>389.980563</timestamp>
			</report>
			<report>
				<misses>49900000</misses>
				<total>0</total>
				<timestamp>390.772791</timestamp>
			</report>
			<report>
				<misses>50000000</misses>
				<total>0</total>
				<timestamp>391.559564</timestamp>
			</report>
			<report>
				<misses>50100000</misses>
				<total>0</total>
				<timestamp>392.347908</timestamp>
			</report>
			<report>
				<misses>50200000</misses>
				<total>0</total>
				<timestamp>393.142082</timestamp>
			</report>
			<report>
				<misses>50300000</misses>
				<total>0</total>
				<timestamp>393.930038</timestamp>
			</report>
			<report>
				<misses>50400000</misses>
				<total>0</total>
				<timestamp>394.731491</timestamp>
			</report>
			<report>
				<misses>50500000</misses>
				<total>0</total>
				<timestamp>395.513428</timestamp>
			</report>
			<report>
				<misses>50600000</misses>
				<total>0</total>
				<timestamp>396.308619</timestamp>
			</report>
			<report>
				<misses>50700000</misses>
				<total>0</total>
				<timestamp>397.105519</timestamp>
			</report>
			<report>
				<misses>50800000</misses>
				<total>0</total>
				<timestamp>397.866808</timestamp>
			</report>
			<report>
				<misses>50900000</misses>
				<total>0</total>
				<timestamp>398.634143</timestamp>
			</report>
			<report>
				<misses>51000000</misses>
				<total>0</total>
				<timestamp>399.441606</timestamp>
			</report>
			<report>
				<misses>51100000</misses>
				<total>0</total>
				<timestamp>400.211855</timestamp>
			</report>
			<report>
				<misses>51200000</misses>
				<total>0</total>
				<timestamp>400.991863</timestamp>
			</report>
			<report>
				<misses>51300000</misses>
				<total>0</total>
				<timestamp>401.831199</timestamp>
			</report>
			<report>
				<misses>51400000</misses>
				<total>0</total>
				<timestamp>402.616211</timestamp>
			</report>
			<report>
				<misses>51500000</misses>
				<total>0</total>
				<timestamp>403.414435</timestamp>
			</report>
			<report>
				<misses>51600000</misses>
				<total>0</total>
				<timestamp>404.219356</timestamp>
			</report>
			<report>
				<misses>51700000</misses>
				<total>0</total>
				<timestamp>405.031525</timestamp>
			</report>
			<report>
				<misses>51800000</misses>
				<total>0</total>
				<timestamp>405.806020</timestamp>
			</report>
			<report>
				<misses>51900000</misses>
				<total>0</total>
				<timestamp>406.572370</timestamp>
			</report>
			<report>
				<misses>52000000</misses>
				<total>0</total>
				<timestamp>407.376324</timestamp>
			</report>
			<report>
				<misses>52100000</misses>
				<total>0</total>
				<timestamp>408.137041</timestamp>
			</report>
			<report>
				<misses>52200000</misses>
				<total>0</total>
				<timestamp>408.939218</timestamp>
			</report>
			<report>
				<misses>52300000</misses>
				<total>0</total>
				<timestamp>409.694276</timestamp>
			</report>
			<report>
				<misses>52400000</misses>
				<total>0</total>
				<timestamp>410.476843</timestamp>
			</report>
			<report>
				<misses>52500000</misses>
				<total>0</total>
				<timestamp>411.242756</timestamp>
			</report>
			<report>
				<misses>52600000</misses>
				<total>0</total>
				<timestamp>412.013907</timestamp>
			</report>
			<report>
				<misses>52700000</misses>
				<total>0</total>
				<timestamp>412.797962</timestamp>
			</report>
			<report>
				<misses>52800000</misses>
				<total>0</total>
				<timestamp>413.594635</timestamp>
			</report>
			<report>
				<misses>52900000</misses>
				<total>0</total>
				<timestamp>414.374399</timestamp>
			</report>
			<report>
				<misses>53000000</misses>
				<total>0</total>
				<timestamp>415.143114</timestamp>
			</report>
			<report>
				<misses>53100000</misses>
				<total>0</total>
				<timestamp>415.941106</timestamp>
			</report>
			<report>
				<misses>53200000</misses>
				<total>0</total>
				<timestamp>416.763847</timestamp>
			</report>
			<report>
				<misses>53300000</misses>
				<total>0</total>
				<timestamp>417.523300</timestamp>
			</report>
			<report>
				<misses>53400000</misses>
				<total>0</total>
				<timestamp>418.312537</timestamp>
			</report>
			<report>
				<misses>53500000</misses>
				<total>0</total>
				<timestamp>419.082639</timestamp>
			</report>
			<report>
				<misses>53600000</misses>
				<total>0</total>
				<timestamp>419.813077</timestamp>
			</report>
			<report>
				<misses>53700000</misses>
				<total>0</total>
				<timestamp>420.604315</timestamp>
			</report>
			<report>
				<misses>53800000</misses>
				<total>0</total>
				<timestamp>421.388554</timestamp>
			</report>
			<report>
				<misses>53900000</misses>
				<total>0</total>
				<timestamp>422.160325</timestamp>
			</report>
			<report>
				<misses>54000000</misses>
				<total>0</total>
				<timestamp>422.944147</timestamp>
			</report>
			<report>
				<misses>54100000</misses>
				<total>0</total>
				<timestamp>423.698199</timestamp>
			</report>
			<report>
				<misses>54200000</misses>
				<total>0</total>
				<timestamp>424.489751</timestamp>
			</report>
			<report>
				<misses>54300000</misses>
				<total>0</total>
				<timestamp>425.268676</timestamp>
			</report>
			<report>
				<misses>54400000</misses>
				<total>0</total>
				<timestamp>426.046846</timestamp>
			</report>
			<report>
				<misses>54500000</misses>
				<total>0</total>
				<timestamp>426.834461</timestamp>
			</report>
			<report>
				<misses>54600000</misses>
				<total>0</total>
				<timestamp>427.626762</timestamp>
			</report>
			<report>
				<misses>54700000</misses>
				<total>0</total>
				<timestamp>428.435867</timestamp>
			</report>
			<report>
				<misses>54800000</misses>
				<total>0</total>
				<timestamp>429.196798</timestamp>
			</report>
			<report>
				<misses>54900000</misses>
				<total>0</total>
				<timestamp>429.967134</timestamp>
			</report>
			<report>
				<misses>55000000</misses>
				<total>0</total>
				<timestamp>430.750602</timestamp>
			</report>
			<report>
				<misses>55100000</misses>
				<total>0</total>
				<timestamp>431.531149</timestamp>
			</report>
			<report>
				<misses>55200000</misses>
				<total>0</total>
				<timestamp>432.291693</timestamp>
			</report>
			<report>
				<misses>55300000</misses>
				<total>0</total>
				<timestamp>433.072388</timestamp>
			</report>
			<report>
				<misses>55400000</misses>
				<total>0</total>
				<timestamp>433.888817</timestamp>
			</report>
			<report>
				<misses>55500000</misses>
				<total>0</total>
				<timestamp>434.638135</timestamp>
			</report>
			<report>
				<misses>55600000</misses>
				<total>0</total>
				<timestamp>435.404614</timestamp>
			</report>
			<report>
				<misses>55700000</misses>
				<total>0</total>
				<timestamp>436.151554</timestamp>
			</report>
			<report>
				<misses>55800000</misses>
				<total>0</total>
				<timestamp>436.940626</timestamp>
			</report>
			<report>
				<misses>55900000</misses>
				<total>0</total>
				<timestamp>437.738715</timestamp>
			</report>
			<report>
				<misses>56000000</misses>
				<total>0</total>
				<timestamp>438.530624</timestamp>
			</report>
			<report>
				<misses>56100000</misses>
				<total>0</total>
				<timestamp>439.316458</timestamp>
			</report>
			<report>
				<misses>56200000</misses>
				<total>0</total>
				<timestamp>440.084266</timestamp>
			</report>
			<report>
				<misses>56300000</misses>
				<total>0</total>
				<timestamp>440.837540</timestamp>
			</report>
			<report>
				<misses>56400000</misses>
				<total>0</total>
				<timestamp>441.639223</timestamp>
			</report>
			<report>
				<misses>56500000</misses>
				<total>0</total>
				<timestamp>442.431144</timestamp>
			</report>
			<report>
				<misses>56600000</misses>
				<total>0</total>
				<timestamp>443.188784</timestamp>
			</report>
			<report>
				<misses>56700000</misses>
				<total>0</total>
				<timestamp>443.961464</timestamp>
			</report>
			<report>
				<misses>56800000</misses>
				<total>0</total>
				<timestamp>444.748395</timestamp>
			</report>
			<report>
				<misses>56900000</misses>
				<total>0</total>
				<timestamp>445.537727</timestamp>
			</report>
			<report>
				<misses>57000000</misses>
				<total>0</total>
				<timestamp>446.288604</timestamp>
			</report>
			<report>
				<misses>57100000</misses>
				<total>0</total>
				<timestamp>447.100836</timestamp>
			</report>
			<report>
				<misses>57200000</misses>
				<total>0</total>
				<timestamp>447.882674</timestamp>
			</report>
			<report>
				<misses>57300000</misses>
				<total>0</total>
				<timestamp>448.679571</timestamp>
			</report>
			<report>
				<misses>57400000</misses>
				<total>0</total>
				<timestamp>449.452703</timestamp>
			</report>
			<report>
				<misses>57500000</misses>
				<total>0</total>
				<timestamp>450.226708</timestamp>
			</report>
			<report>
				<misses>57600000</misses>
				<total>0</total>
				<timestamp>451.001020</timestamp>
			</report>
			<report>
				<misses>57700000</misses>
				<total>0</total>
				<timestamp>451.802239</timestamp>
			</report>
			<report>
				<misses>57800000</misses>
				<total>0</total>
				<timestamp>452.583679</timestamp>
			</report>
			<report>
				<misses>57900000</misses>
				<total>0</total>
				<timestamp>453.363745</timestamp>
			</report>
			<report>
				<misses>58000000</misses>
				<total>0</total>
				<timestamp>454.158093</timestamp>
			</report>
			<report>
				<misses>58100000</misses>
				<total>0</total>
				<timestamp>454.975617</timestamp>
			</report>
			<report>
				<misses>58200000</misses>
				<total>0</total>
				<timestamp>455.718332</timestamp>
			</report>
			<report>
				<misses>58300000</misses>
				<total>0</total>
				<timestamp>456.524176</timestamp>
			</report>
			<report>
				<misses>58400000</misses>
				<total>0</total>
				<timestamp>457.249627</timestamp>
			</report>
			<report>
				<misses>58500000</misses>
				<total>0</total>
				<timestamp>458.054599</timestamp>
			</report>
			<report>
				<misses>58600000</misses>
				<total>0</total>
				<timestamp>458.824077</timestamp>
			</report>
			<report>
				<misses>58700000</misses>
				<total>0</total>
				<timestamp>459.602313</timestamp>
			</report>
			<report>
				<misses>58800000</misses>
				<total>0</total>
				<timestamp>460.399647</timestamp>
			</report>
			<report>
				<misses>58900000</misses>
				<total>0</total>
				<timestamp>461.206563</timestamp>
			</report>
			<report>
				<misses>59000000</misses>
				<total>0</total>
				<timestamp>462.004029</timestamp>
			</report>
			<report>
				<misses>59100000</misses>
				<total>0</total>
				<timestamp>462.823737</timestamp>
			</report>
			<report>
				<misses>59200000</misses>
				<total>0</total>
				<timestamp>463.629771</timestamp>
			</report>
			<report>
				<misses>59300000</misses>
				<total>0</total>
				<timestamp>464.418483</timestamp>
			</report>
			<report>
				<misses>59400000</misses>
				<total>0</total>
				<timestamp>465.235697</timestamp>
			</report>
			<report>
				<misses>59500000</misses>
				<total>0</total>
				<timestamp>466.032718</timestamp>
			</report>
			<report>
				<misses>59600000</misses>
				<total>0</total>
				<timestamp>466.886217</timestamp>
			</report>
			<report>
				<misses>59700000</misses>
				<total>0</total>
				<timestamp>467.654774</timestamp>
			</report>
			<report>
				<misses>59800000</misses>
				<total>0</total>
				<timestamp>468.475631</timestamp>
			</report>
			<report>
				<misses>59900000</misses>
				<total>0</total>
				<timestamp>469.246686</timestamp>
			</report>
			<report>
				<misses>60000000</misses>
				<total>0</total>
				<timestamp>470.039153</timestamp>
			</report>
			<report>
				<misses>60100000</misses>
				<total>0</total>
				<timestamp>470.829688</timestamp>
			</report>
			<report>
				<misses>60200000</misses>
				<total>0</total>
				<timestamp>471.607508</timestamp>
			</report>
			<report>
				<misses>60300000</misses>
				<total>0</total>
				<timestamp>472.406617</timestamp>
			</report>
			<report>
				<misses>60400000</misses>
				<total>0</total>
				<timestamp>473.175868</timestamp>
			</report>
			<report>
				<misses>60500000</misses>
				<total>0</total>
				<timestamp>473.982631</timestamp>
			</report>
			<report>
				<misses>60600000</misses>
				<total>0</total>
				<timestamp>474.758854</timestamp>
			</report>
			<report>
				<misses>60700000</misses>
				<total>0</total>
				<timestamp>475.523880</timestamp>
			</report>
			<report>
				<misses>60800000</misses>
				<total>0</total>
				<timestamp>476.285025</timestamp>
			</report>
			<report>
				<misses>60900000</misses>
				<total>0</total>
				<timestamp>477.072250</timestamp>
			</report>
			<report>
				<misses>61000000</misses>
				<total>0</total>
				<timestamp>477.882785</timestamp>
			</report>
			<report>
				<misses>61100000</misses>
				<total>0</total>
				<timestamp>478.696209</timestamp>
			</report>
			<report>
				<misses>61200000</misses>
				<total>0</total>
				<timestamp>479.481395</timestamp>
			</report>
			<report>
				<misses>61300000</misses>
				<total>0</total>
				<timestamp>480.313231</timestamp>
			</report>
			<report>
				<misses>61400000</misses>
				<total>0</total>
				<timestamp>481.042565</timestamp>
			</report>
			<report>
				<misses>61500000</misses>
				<total>0</total>
				<timestamp>481.841243</timestamp>
			</report>
			<report>
				<misses>61600000</misses>
				<total>0</total>
				<timestamp>482.618795</timestamp>
			</report>
			<report>
				<misses>61700000</misses>
				<total>0</total>
				<timestamp>483.417119</timestamp>
			</report>
			<report>
				<misses>61800000</misses>
				<total>0</total>
				<timestamp>484.211779</timestamp>
			</report>
			<report>
				<misses>61900000</misses>
				<total>0</total>
				<timestamp>484.992681</timestamp>
			</report>
			<report>
				<misses>62000000</misses>
				<total>0</total>
				<timestamp>485.812963</timestamp>
			</report>
			<report>
				<misses>62100000</misses>
				<total>0</total>
				<timestamp>486.602654</timestamp>
			</report>
			<report>
				<misses>62200000</misses>
				<total>0</total>
				<timestamp>487.408589</timestamp>
			</report>
			<report>
				<misses>62300000</misses>
				<total>0</total>
				<timestamp>488.213184</timestamp>
			</report>
			<report>
				<misses>62400000</misses>
				<total>0</total>
				<timestamp>489.002114</timestamp>
			</report>
			<report>
				<misses>62500000</misses>
				<total>0</total>
				<timestamp>489.796989</timestamp>
			</report>
			<report>
				<misses>62600000</misses>
				<total>0</total>
				<timestamp>490.613315</timestamp>
			</report>
			<report>
				<misses>62700000</misses>
				<total>0</total>
				<timestamp>491.428956</timestamp>
			</report>
			<report>
				<misses>62800000</misses>
				<total>0</total>
				<timestamp>492.216522</timestamp>
			</report>
			<report>
				<misses>62900000</misses>
				<total>0</total>
				<timestamp>493.012279</timestamp>
			</report>
			<report>
				<misses>63000000</misses>
				<total>0</total>
				<timestamp>493.798463</timestamp>
			</report>
			<report>
				<misses>63100000</misses>
				<total>0</total>
				<timestamp>494.576443</timestamp>
			</report>
			<report>
				<misses>63200000</misses>
				<total>0</total>
				<timestamp>495.336048</timestamp>
			</report>
			<report>
				<misses>63300000</misses>
				<total>0</total>
				<timestamp>496.119245</timestamp>
			</report>
			<report>
				<misses>63400000</misses>
				<total>0</total>
				<timestamp>496.889549</timestamp>
			</report>
			<report>
				<misses>63500000</misses>
				<total>0</total>
				<timestamp>497.644186</timestamp>
			</report>
			<report>
				<misses>63600000</misses>
				<total>0</total>
				<timestamp>498.407152</timestamp>
			</report>
			<report>
				<misses>63700000</misses>
				<total>0</total>
				<timestamp>499.184995</timestamp>
			</report>
			<report>
				<misses>63800000</misses>
				<total>0</total>
				<timestamp>499.962584</timestamp>
			</report>
			<report>
				<misses>63900000</misses>
				<total>0</total>
				<timestamp>500.758910</timestamp>
			</report>
			<report>
				<misses>64000000</misses>
				<total>0</total>
				<timestamp>501.547733</timestamp>
			</report>
			<report>
				<misses>64100000</misses>
				<total>0</total>
				<timestamp>502.338941</timestamp>
			</report>
			<report>
				<misses>64200000</misses>
				<total>0</total>
				<timestamp>503.144297</timestamp>
			</report>
			<report>
				<misses>64300000</misses>
				<total>0</total>
				<timestamp>503.926700</timestamp>
			</report>
			<report>
				<misses>64400000</misses>
				<total>0</total>
				<timestamp>504.700018</timestamp>
			</report>
			<report>
				<misses>64500000</misses>
				<total>0</total>
				<timestamp>505.500674</timestamp>
			</report>
			<report>
				<misses>64600000</misses>
				<total>0</total>
				<timestamp>506.246283</timestamp>
			</report>
			<report>
				<misses>64700000</misses>
				<total>0</total>
				<timestamp>507.036790</timestamp>
			</report>
			<report>
				<misses>64800000</misses>
				<total>0</total>
				<timestamp>507.841732</timestamp>
			</report>
			<report>
				<misses>64900000</misses>
				<total>0</total>
				<timestamp>508.615810</timestamp>
			</report>
			<report>
				<misses>65000000</misses>
				<total>0</total>
				<timestamp>509.373885</timestamp>
			</report>
			<report>
				<misses>65100000</misses>
				<total>0</total>
				<timestamp>510.155455</timestamp>
			</report>
			<report>
				<misses>65200000</misses>
				<total>0</total>
				<timestamp>510.916935</timestamp>
			</report>
			<report>
				<misses>65300000</misses>
				<total>0</total>
				<timestamp>511.695667</timestamp>
			</report>
			<report>
				<misses>65400000</misses>
				<total>0</total>
				<timestamp>512.471100</timestamp>
			</report>
			<report>
				<misses>65500000</misses>
				<total>0</total>
				<timestamp>513.254244</timestamp>
			</report>
			<report>
				<misses>65600000</misses>
				<total>0</total>
				<timestamp>514.063532</timestamp>
			</report>
			<report>
				<misses>65700000</misses>
				<total>0</total>
				<timestamp>514.803404</timestamp>
			</report>
			<report>
				<misses>65800000</misses>
				<total>0</total>
				<timestamp>515.594028</timestamp>
			</report>
			<report>
				<misses>65900000</misses>
				<total>0</total>
				<timestamp>516.365493</timestamp>
			</report>
			<report>
				<misses>66000000</misses>
				<total>0</total>
				<timestamp>517.160993</timestamp>
			</report>
			<report>
				<misses>66100000</misses>
				<total>0</total>
				<timestamp>517.950822</timestamp>
			</report>
			<report>
				<misses>66200000</misses>
				<total>0</total>
				<timestamp>518.750832</timestamp>
			</report>
			<report>
				<misses>66300000</misses>
				<total>0</total>
				<timestamp>519.551484</timestamp>
			</report>
			<report>
				<misses>66400000</misses>
				<total>0</total>
				<timestamp>520.324832</timestamp>
			</report>
			<report>
				<misses>66500000</misses>
				<total>0</total>
				<timestamp>521.077880</timestamp>
			</report>
			<report>
				<misses>66600000</misses>
				<total>0</total>
				<timestamp>521.859575</timestamp>
			</report>
			<report>
				<misses>66700000</misses>
				<total>0</total>
				<timestamp>522.660487</timestamp>
			</report>
			<report>
				<misses>66800000</misses>
				<total>0</total>
				<timestamp>523.435500</timestamp>
			</report>
			<report>
				<misses>66900000</misses>
				<total>0</total>
				<timestamp>524.228459</timestamp>
			</report>
			<report>
				<misses>67000000</misses>
				<total>0</total>
				<timestamp>525.014250</timestamp>
			</report>
			<report>
				<misses>67100000</misses>
				<total>0</total>
				<timestamp>525.757530</timestamp>
			</report>
			<report>
				<misses>67200000</misses>
				<total>0</total>
				<timestamp>526.547355</timestamp>
			</report>
			<report>
				<misses>67300000</misses>
				<total>0</total>
				<timestamp>527.380759</timestamp>
			</report>
			<report>
				<misses>67400000</misses>
				<total>0</total>
				<timestamp>528.160558</timestamp>
			</report>
			<report>
				<misses>67500000</misses>
				<total>0</total>
				<timestamp>528.953734</timestamp>
			</report>
			<report>
				<misses>67600000</misses>
				<total>0</total>
				<timestamp>529.722809</timestamp>
			</report>
			<report>
				<misses>67700000</misses>
				<total>0</total>
				<timestamp>530.529751</timestamp>
			</report>
			<report>
				<misses>67800000</misses>
				<total>0</total>
				<timestamp>531.324463</timestamp>
			</report>
			<report>
				<misses>67900000</misses>
				<total>0</total>
				<timestamp>532.118660</timestamp>
			</report>
			<report>
				<misses>68000000</misses>
				<total>0</total>
				<timestamp>532.876801</timestamp>
			</report>
			<report>
				<misses>68100000</misses>
				<total>0</total>
				<timestamp>533.628100</timestamp>
			</report>
			<report>
				<misses>68200000</misses>
				<total>0</total>
				<timestamp>534.445443</timestamp>
			</report>
			<report>
				<misses>68300000</misses>
				<total>0</total>
				<timestamp>535.253467</timestamp>
			</report>
			<report>
				<misses>68400000</misses>
				<total>0</total>
				<timestamp>536.022826</timestamp>
			</report>
			<report>
				<misses>68500000</misses>
				<total>0</total>
				<timestamp>536.790361</timestamp>
			</report>
			<report>
				<misses>68600000</misses>
				<total>0</total>
				<timestamp>537.613697</timestamp>
			</report>
			<report>
				<misses>68700000</misses>
				<total>0</total>
				<timestamp>538.411659</timestamp>
			</report>
			<report>
				<misses>68800000</misses>
				<total>0</total>
				<timestamp>539.193056</timestamp>
			</report>
			<report>
				<misses>68900000</misses>
				<total>0</total>
				<timestamp>540.009576</timestamp>
			</report>
			<report>
				<misses>69000000</misses>
				<total>0</total>
				<timestamp>540.794370</timestamp>
			</report>
			<report>
				<misses>69100000</misses>
				<total>0</total>
				<timestamp>541.574605</timestamp>
			</report>
			<report>
				<misses>69200000</misses>
				<total>0</total>
				<timestamp>542.345465</timestamp>
			</report>
			<report>
				<misses>69300000</misses>
				<total>0</total>
				<timestamp>543.150876</timestamp>
			</report>
			<report>
				<misses>69400000</misses>
				<total>0</total>
				<timestamp>543.945695</timestamp>
			</report>
			<report>
				<misses>69500000</misses>
				<total>0</total>
				<timestamp>544.694748</timestamp>
			</report>
			<report>
				<misses>69600000</misses>
				<total>0</total>
				<timestamp>545.479532</timestamp>
			</report>
			<report>
				<misses>69700000</misses>
				<total>0</total>
				<timestamp>546.280315</timestamp>
			</report>
			<report>
				<misses>69800000</misses>
				<total>0</total>
				<timestamp>547.063327</timestamp>
			</report>
			<report>
				<misses>69900000</misses>
				<total>0</total>
				<timestamp>547.853273</timestamp>
			</report>
			<report>
				<misses>70000000</misses>
				<total>0</total>
				<timestamp>548.642956</timestamp>
			</report>
			<report>
				<misses>70100000</misses>
				<total>0</total>
				<timestamp>549.396482</timestamp>
			</report>
			<report>
				<misses>70200000</misses>
				<total>0</total>
				<timestamp>550.183840</timestamp>
			</report>
			<report>
				<misses>70300000</misses>
				<total>0</total>
				<timestamp>551.013076</timestamp>
			</report>
			<report>
				<misses>70400000</misses>
				<total>0</total>
				<timestamp>551.820882</timestamp>
			</report>
			<report>
				<misses>70500000</misses>
				<total>0</total>
				<timestamp>552.620739</timestamp>
			</report>
			<report>
				<misses>70600000</misses>
				<total>0</total>
				<timestamp>553.403753</timestamp>
			</report>
			<report>
				<misses>70700000</misses>
				<total>0</total>
				<timestamp>554.202161</timestamp>
			</report>
			<report>
				<misses>70800000</misses>
				<total>0</total>
				<timestamp>555.004201</timestamp>
			</report>
			<report>
				<misses>70900000</misses>
				<total>0</total>
				<timestamp>555.788918</timestamp>
			</report>
			<report>
				<misses>71000000</misses>
				<total>0</total>
				<timestamp>556.558001</timestamp>
			</report>
			<report>
				<misses>71100000</misses>
				<total>0</total>
				<timestamp>557.302288</timestamp>
			</report>
			<report>
				<misses>71200000</misses>
				<total>0</total>
				<timestamp>558.100753</timestamp>
			</report>
			<report>
				<misses>71300000</misses>
				<total>0</total>
				<timestamp>558.896569</timestamp>
			</report>
			<report>
				<misses>71400000</misses>
				<total>0</total>
				<timestamp>559.701951</timestamp>
			</report>
			<report>
				<misses>71500000</misses>
				<total>0</total>
				<timestamp>560.514445</timestamp>
			</report>
			<report>
				<misses>71600000</misses>
				<total>0</total>
				<timestamp>561.266190</timestamp>
			</report>
			<report>
				<misses>71700000</misses>
				<total>0</total>
				<timestamp>562.024057</timestamp>
			</report>
			<report>
				<misses>71800000</misses>
				<total>0</total>
				<timestamp>562.807378</timestamp>
			</report>
			<report>
				<misses>71900000</misses>
				<total>0</total>
				<timestamp>563.600622</timestamp>
			</report>
			<report>
				<misses>72000000</misses>
				<total>0</total>
				<timestamp>564.381476</timestamp>
			</report>
			<report>
				<misses>72100000</misses>
				<total>0</total>
				<timestamp>565.184802</timestamp>
			</report>
			<report>
				<misses>72200000</misses>
				<total>0</total>
				<timestamp>565.949371</timestamp>
			</report>
			<report>
				<misses>72300000</misses>
				<total>0</total>
				<timestamp>566.733244</timestamp>
			</report>
			<report>
				<misses>72400000</misses>
				<total>0</total>
				<timestamp>567.527813</timestamp>
			</report>
			<report>
				<misses>72500000</misses>
				<total>0</total>
				<timestamp>568.291499</timestamp>
			</report>
			<report>
				<misses>72600000</misses>
				<total>0</total>
				<timestamp>569.051702</timestamp>
			</report>
			<report>
				<misses>72700000</misses>
				<total>0</total>
				<timestamp>569.828845</timestamp>
			</report>
			<report>
				<misses>72800000</misses>
				<total>0</total>
				<timestamp>570.600447</timestamp>
			</report>
			<report>
				<misses>72900000</misses>
				<total>0</total>
				<timestamp>571.397962</timestamp>
			</report>
			<report>
				<misses>73000000</misses>
				<total>0</total>
				<timestamp>572.176066</timestamp>
			</report>
			<report>
				<misses>73100000</misses>
				<total>0</total>
				<timestamp>572.969155</timestamp>
			</report>
			<report>
				<misses>73200000</misses>
				<total>0</total>
				<timestamp>573.721278</timestamp>
			</report>
			<report>
				<misses>73300000</misses>
				<total>0</total>
				<timestamp>574.512800</timestamp>
			</report>
			<report>
				<misses>73400000</misses>
				<total>0</total>
				<timestamp>575.286674</timestamp>
			</report>
			<report>
				<misses>73500000</misses>
				<total>0</total>
				<timestamp>576.046147</timestamp>
			</report>
			<report>
				<misses>73600000</misses>
				<total>0</total>
				<timestamp>576.817019</timestamp>
			</report>
			<report>
				<misses>73700000</misses>
				<total>0</total>
				<timestamp>577.580037</timestamp>
			</report>
			<report>
				<misses>73800000</misses>
				<total>0</total>
				<timestamp>578.349513</timestamp>
			</report>
			<report>
				<misses>73900000</misses>
				<total>0</total>
				<timestamp>579.116542</timestamp>
			</report>
			<report>
				<misses>74000000</misses>
				<total>0</total>
				<timestamp>579.882675</timestamp>
			</report>
			<report>
				<misses>74100000</misses>
				<total>0</total>
				<timestamp>580.640413</timestamp>
			</report>
			<report>
				<misses>74200000</misses>
				<total>0</total>
				<timestamp>581.458551</timestamp>
			</report>
			<report>
				<misses>74300000</misses>
				<total>0</total>
				<timestamp>582.271524</timestamp>
			</report>
			<report>
				<misses>74400000</misses>
				<total>0</total>
				<timestamp>583.040865</timestamp>
			</report>
			<report>
				<misses>74500000</misses>
				<total>0</total>
				<timestamp>583.799856</timestamp>
			</report>
			<report>
				<misses>74600000</misses>
				<total>0</total>
				<timestamp>584.586680</timestamp>
			</report>
			<report>
				<misses>74700000</misses>
				<total>0</total>
				<timestamp>585.340184</timestamp>
			</report>
			<report>
				<misses>74800000</misses>
				<total>0</total>
				<timestamp>586.122456</timestamp>
			</report>
			<report>
				<misses>74900000</misses>
				<total>0</total>
				<timestamp>586.905380</timestamp>
			</report>
			<report>
				<misses>75000000</misses>
				<total>0</total>
				<timestamp>587.700822</timestamp>
			</report>
			<report>
				<misses>75100000</misses>
				<total>0</total>
				<timestamp>588.455207</timestamp>
			</report>
			<report>
				<misses>75200000</misses>
				<total>0</total>
				<timestamp>589.269563</timestamp>
			</report>
			<report>
				<misses>75300000</misses>
				<total>0</total>
				<timestamp>590.020916</timestamp>
			</report>
			<report>
				<misses>75400000</misses>
				<total>0</total>
				<timestamp>590.858516</timestamp>
			</report>
			<report>
				<misses>75500000</misses>
				<total>0</total>
				<timestamp>591.688333</timestamp>
			</report>
			<report>
				<misses>75600000</misses>
				<total>0</total>
				<timestamp>592.417029</timestamp>
			</report>
			<report>
				<misses>75700000</misses>
				<total>0</total>
				<timestamp>593.117746</timestamp>
			</report>
			<report>
				<misses>75800000</misses>
				<total>0</total>
				<timestamp>593.914845</timestamp>
			</report>
			<report>
				<misses>75900000</misses>
				<total>0</total>
				<timestamp>594.675188</timestamp>
			</report>
			<report>
				<misses>76000000</misses>
				<total>0</total>
				<timestamp>595.443794</timestamp>
			</report>
			<report>
				<misses>76100000</misses>
				<total>0</total>
				<timestamp>596.259102</timestamp>
			</report>
			<report>
				<misses>76200000</misses>
				<total>0</total>
				<timestamp>597.024301</timestamp>
			</report>
			<report>
				<misses>76300000</misses>
				<total>0</total>
				<timestamp>597.818989</timestamp>
			</report>
			<report>
				<misses>76400000</misses>
				<total>0</total>
				<timestamp>598.631072</timestamp>
			</report>
			<report>
				<misses>76500000</misses>
				<total>0</total>
				<timestamp>599.385214</timestamp>
			</report>
			<report>
				<misses>76600000</misses>
				<total>0</total>
				<timestamp>600.144232</timestamp>
			</report>
			<report>
				<misses>76700000</misses>
				<total>0</total>
				<timestamp>600.904901</timestamp>
			</report>
			<report>
				<misses>76800000</misses>
				<total>0</total>
				<timestamp>601.695310</timestamp>
			</report>
			<report>
				<misses>76900000</misses>
				<total>0</total>
				<timestamp>602.501676</timestamp>
			</report>
			<report>
				<misses>77000000</misses>
				<total>0</total>
				<timestamp>603.264364</timestamp>
			</report>
			<report>
				<misses>77100000</misses>
				<total>0</total>
				<timestamp>604.044974</timestamp>
			</report>
			<report>
				<misses>77200000</misses>
				<total>0</total>
				<timestamp>604.809435</timestamp>
			</report>
			<report>
				<misses>77300000</misses>
				<total>0</total>
				<timestamp>605.603077</timestamp>
			</report>
			<report>
				<misses>77400000</misses>
				<total>0</total>
				<timestamp>606.399820</timestamp>
			</report>
			<report>
				<misses>77500000</misses>
				<total>0</total>
				<timestamp>607.170508</timestamp>
			</report>
			<report>
				<misses>77600000</misses>
				<total>0</total>
				<timestamp>607.967052</timestamp>
			</report>
			<report>
				<misses>77700000</misses>
				<total>0</total>
				<timestamp>608.770451</timestamp>
			</report>
			<report>
				<misses>77800000</misses>
				<total>0</total>
				<timestamp>609.545407</timestamp>
			</report>
			<report>
				<misses>77900000</misses>
				<total>0</total>
				<timestamp>610.319120</timestamp>
			</report>
			<report>
				<misses>78000000</misses>
				<total>0</total>
				<timestamp>611.090971</timestamp>
			</report>
			<report>
				<misses>78100000</misses>
				<total>0</total>
				<timestamp>611.868932</timestamp>
			</report>
			<report>
				<misses>78200000</misses>
				<total>0</total>
				<timestamp>612.621354</timestamp>
			</report>
			<report>
				<misses>78300000</misses>
				<total>0</total>
				<timestamp>613.435224</timestamp>
			</report>
			<report>
				<misses>78400000</misses>
				<total>0</total>
				<timestamp>614.204206</timestamp>
			</report>
			<report>
				<misses>78500000</misses>
				<total>0</total>
				<timestamp>614.968585</timestamp>
			</report>
			<report>
				<misses>78600000</misses>
				<total>0</total>
				<timestamp>615.715975</timestamp>
			</report>
			<report>
				<misses>78700000</misses>
				<total>0</total>
				<timestamp>616.501985</timestamp>
			</report>
			<report>
				<misses>78800000</misses>
				<total>0</total>
				<timestamp>617.269375</timestamp>
			</report>
			<report>
				<misses>78900000</misses>
				<total>0</total>
				<timestamp>618.081127</timestamp>
			</report>
			<report>
				<misses>79000000</misses>
				<total>0</total>
				<timestamp>618.874374</timestamp>
			</report>
			<report>
				<misses>79100000</misses>
				<total>0</total>
				<timestamp>619.694178</timestamp>
			</report>
			<report>
				<misses>79200000</misses>
				<total>0</total>
				<timestamp>620.478093</timestamp>
			</report>
			<report>
				<misses>79300000</misses>
				<total>0</total>
				<timestamp>621.303092</timestamp>
			</report>
			<report>
				<misses>79400000</misses>
				<total>0</total>
				<timestamp>622.065377</timestamp>
			</report>
			<report>
				<misses>79500000</misses>
				<total>0</total>
				<timestamp>622.856057</timestamp>
			</report>
			<report>
				<misses>79600000</misses>
				<total>0</total>
				<timestamp>623.580295</timestamp>
			</report>
			<report>
				<misses>79700000</misses>
				<total>0</total>
				<timestamp>624.336696</timestamp>
			</report>
			<report>
				<misses>79800000</misses>
				<total>0</total>
				<timestamp>625.158337</timestamp>
			</report>
			<report>
				<misses>79900000</misses>
				<total>0</total>
				<timestamp>625.921525</timestamp>
			</report>
			<report>
				<misses>80000000</misses>
				<total>0</total>
				<timestamp>626.719901</timestamp>
			</report>
			<report>
				<misses>80100000</misses>
				<total>0</total>
				<timestamp>627.479504</timestamp>
			</report>
			<report>
				<misses>80200000</misses>
				<total>0</total>
				<timestamp>628.287446</timestamp>
			</report>
			<report>
				<misses>80300000</misses>
				<total>0</total>
				<timestamp>629.071799</timestamp>
			</report>
			<report>
				<misses>80400000</misses>
				<total>0</total>
				<timestamp>629.835215</timestamp>
			</report>
			<report>
				<misses>80500000</misses>
				<total>0</total>
				<timestamp>630.615556</timestamp>
			</report>
			<report>
				<misses>80600000</misses>
				<total>0</total>
				<timestamp>631.410528</timestamp>
			</report>
			<report>
				<misses>80700000</misses>
				<total>0</total>
				<timestamp>632.189938</timestamp>
			</report>
			<report>
				<misses>80800000</misses>
				<total>0</total>
				<timestamp>632.984155</timestamp>
			</report>
			<report>
				<misses>80900000</misses>
				<total>0</total>
				<timestamp>633.771582</timestamp>
			</report>
			<report>
				<misses>81000000</misses>
				<total>0</total>
				<timestamp>634.576209</timestamp>
			</report>
			<report>
				<misses>81100000</misses>
				<total>0</total>
				<timestamp>635.409230</timestamp>
			</report>
			<report>
				<misses>81200000</misses>
				<total>0</total>
				<timestamp>636.173989</timestamp>
			</report>
			<report>
				<misses>81300000</misses>
				<total>0</total>
				<timestamp>636.950268</timestamp>
			</report>
			<report>
				<misses>81400000</misses>
				<total>0</total>
				<timestamp>637.751443</timestamp>
			</report>
			<report>
				<misses>81500000</misses>
				<total>0</total>
				<timestamp>638.548760</timestamp>
			</report>
			<report>
				<misses>81600000</misses>
				<total>0</total>
				<timestamp>639.307150</timestamp>
			</report>
			<report>
				<misses>81700000</misses>
				<total>0</total>
				<timestamp>640.085430</timestamp>
			</report>
			<report>
				<misses>81800000</misses>
				<total>0</total>
				<timestamp>640.871907</timestamp>
			</report>
			<report>
				<misses>81900000</misses>
				<total>0</total>
				<timestamp>641.632508</timestamp>
			</report>
			<report>
				<misses>82000000</misses>
				<total>0</total>
				<timestamp>642.406490</timestamp>
			</report>
			<report>
				<misses>82100000</misses>
				<total>0</total>
				<timestamp>643.212349</timestamp>
			</report>
			<report>
				<misses>82200000</misses>
				<total>0</total>
				<timestamp>643.963103</timestamp>
			</report>
			<report>
				<misses>82300000</misses>
				<total>0</total>
				<timestamp>644.755514</timestamp>
			</report>
			<report>
				<misses>82400000</misses>
				<total>0</total>
				<timestamp>645.543796</timestamp>
			</report>
			<report>
				<misses>82500000</misses>
				<total>0</total>
				<timestamp>646.317718</timestamp>
			</report>
			<report>
				<misses>82600000</misses>
				<total>0</total>
				<timestamp>647.115486</timestamp>
			</report>
			<report>
				<misses>82700000</misses>
				<total>0</total>
				<timestamp>647.885977</timestamp>
			</report>
			<report>
				<misses>82800000</misses>
				<total>0</total>
				<timestamp>648.660614</timestamp>
			</report>
			<report>
				<misses>82900000</misses>
				<total>0</total>
				<timestamp>649.408349</timestamp>
			</report>
			<report>
				<misses>83000000</misses>
				<total>0</total>
				<timestamp>650.205583</timestamp>
			</report>
			<report>
				<misses>83100000</misses>
				<total>0</total>
				<timestamp>650.975427</timestamp>
			</report>
			<report>
				<misses>83200000</misses>
				<total>0</total>
				<timestamp>651.748994</timestamp>
			</report>
			<report>
				<misses>83300000</misses>
				<total>0</total>
				<timestamp>652.524040</timestamp>
			</report>
			<report>
				<misses>83400000</misses>
				<total>0</total>
				<timestamp>653.311376</timestamp>
			</report>
			<report>
				<misses>83500000</misses>
				<total>0</total>
				<timestamp>654.123927</timestamp>
			</report>
			<report>
				<misses>83600000</misses>
				<total>0</total>
				<timestamp>654.914761</timestamp>
			</report>
			<report>
				<misses>83700000</misses>
				<total>0</total>
				<timestamp>655.693742</timestamp>
			</report>
			<report>
				<misses>83800000</misses>
				<total>0</total>
				<timestamp>656.475242</timestamp>
			</report>
			<report>
				<misses>83900000</misses>
				<total>0</total>
				<timestamp>657.259987</timestamp>
			</report>
			<report>
				<misses>84000000</misses>
				<total>0</total>
				<timestamp>658.003030</timestamp>
			</report>
			<report>
				<misses>84100000</misses>
				<total>0</total>
				<timestamp>658.781560</timestamp>
			</report>
			<report>
				<misses>84200000</misses>
				<total>0</total>
				<timestamp>659.584141</timestamp>
			</report>
			<report>
				<misses>84300000</misses>
				<total>0</total>
				<timestamp>660.369502</timestamp>
			</report>
			<report>
				<misses>84400000</misses>
				<total>0</total>
				<timestamp>661.134229</timestamp>
			</report>
			<report>
				<misses>84500000</misses>
				<total>0</total>
				<timestamp>661.894974</timestamp>
			</report>
			<report>
				<misses>84600000</misses>
				<total>0</total>
				<timestamp>662.656540</timestamp>
			</report>
			<report>
				<misses>84700000</misses>
				<total>0</total>
				<timestamp>663.480797</timestamp>
			</report>
			<report>
				<misses>84800000</misses>
				<total>0</total>
				<timestamp>664.274667</timestamp>
			</report>
			<report>
				<misses>84900000</misses>
				<total>0</total>
				<timestamp>665.034697</timestamp>
			</report>
			<report>
				<misses>85000000</misses>
				<total>0</total>
				<timestamp>665.809455</timestamp>
			</report>
			<report>
				<misses>85100000</misses>
				<total>0</total>
				<timestamp>666.580597</timestamp>
			</report>
			<report>
				<misses>85200000</misses>
				<total>0</total>
				<timestamp>667.365997</timestamp>
			</report>
			<report>
				<misses>85300000</misses>
				<total>0</total>
				<timestamp>668.146460</timestamp>
			</report>
			<report>
				<misses>85400000</misses>
				<total>0</total>
				<timestamp>668.936972</timestamp>
			</report>
			<report>
				<misses>85500000</misses>
				<total>0</total>
				<timestamp>669.744205</timestamp>
			</report>
			<report>
				<misses>85600000</misses>
				<total>0</total>
				<timestamp>670.521255</timestamp>
			</report>
			<report>
				<misses>85700000</misses>
				<total>0</total>
				<timestamp>671.351369</timestamp>
			</report>
			<report>
				<misses>85800000</misses>
				<total>0</total>
				<timestamp>672.119702</timestamp>
			</report>
			<report>
				<misses>85900000</misses>
				<total>0</total>
				<timestamp>672.927282</timestamp>
			</report>
			<report>
				<misses>86000000</misses>
				<total>0</total>
				<timestamp>673.760965</timestamp>
			</report>
			<report>
				<misses>86100000</misses>
				<total>0</total>
				<timestamp>674.533157</timestamp>
			</report>
			<report>
				<misses>86200000</misses>
				<total>0</total>
				<timestamp>675.302987</timestamp>
			</report>
			<report>
				<misses>86300000</misses>
				<total>0</total>
				<timestamp>676.068298</timestamp>
			</report>
			<report>
				<misses>86400000</misses>
				<total>0</total>
				<timestamp>676.804687</timestamp>
			</report>
			<report>
				<misses>86500000</misses>
				<total>0</total>
				<timestamp>677.587108</timestamp>
			</report>
			<report>
				<misses>86600000</misses>
				<total>0</total>
				<timestamp>678.390474</timestamp>
			</report>
			<report>
				<misses>86700000</misses>
				<total>0</total>
				<timestamp>679.180581</timestamp>
			</report>
			<report>
				<misses>86800000</misses>
				<total>0</total>
				<timestamp>679.949696</timestamp>
			</report>
			<report>
				<misses>86900000</misses>
				<total>0</total>
				<timestamp>680.770166</timestamp>
			</report>
			<report>
				<misses>87000000</misses>
				<total>0</total>
				<timestamp>681.538001</timestamp>
			</report>
			<report>
				<misses>87100000</misses>
				<total>0</total>
				<timestamp>682.302485</timestamp>
			</report>
			<report>
				<misses>87200000</misses>
				<total>0</total>
				<timestamp>683.139330</timestamp>
			</report>
			<report>
				<misses>87300000</misses>
				<total>0</total>
				<timestamp>683.915300</timestamp>
			</report>
			<report>
				<misses>87400000</misses>
				<total>0</total>
				<timestamp>684.683768</timestamp>
			</report>
			<report>
				<misses>87500000</misses>
				<total>0</total>
				<timestamp>685.433614</timestamp>
			</report>
			<report>
				<misses>87600000</misses>
				<total>0</total>
				<timestamp>686.248174</timestamp>
			</report>
			<report>
				<misses>87700000</misses>
				<total>0</total>
				<timestamp>687.014042</timestamp>
			</report>
			<report>
				<misses>87800000</misses>
				<total>0</total>
				<timestamp>687.765998</timestamp>
			</report>
			<report>
				<misses>87900000</misses>
				<total>0</total>
				<timestamp>688.525069</timestamp>
			</report>
			<report>
				<misses>88000000</misses>
				<total>0</total>
				<timestamp>689.287321</timestamp>
			</report>
			<report>
				<misses>88100000</misses>
				<total>0</total>
				<timestamp>690.066490</timestamp>
			</report>
			<report>
				<misses>88200000</misses>
				<total>0</total>
				<timestamp>690.903515</timestamp>
			</report>
			<report>
				<misses>88300000</misses>
				<total>0</total>
				<timestamp>691.669108</timestamp>
			</report>
			<report>
				<misses>88400000</misses>
				<total>0</total>
				<timestamp>692.473665</timestamp>
			</report>
			<report>
				<misses>88500000</misses>
				<total>0</total>
				<timestamp>693.243435</timestamp>
			</report>
			<report>
				<misses>88600000</misses>
				<total>0</total>
				<timestamp>694.044435</timestamp>
			</report>
			<report>
				<misses>88700000</misses>
				<total>0</total>
				<timestamp>694.833888</timestamp>
			</report>
			<report>
				<misses>88800000</misses>
				<total>0</total>
				<timestamp>695.619929</timestamp>
			</report>
			<report>
				<misses>88900000</misses>
				<total>0</total>
				<timestamp>696.365770</timestamp>
			</report>
			<report>
				<misses>89000000</misses>
				<total>0</total>
				<timestamp>697.144111</timestamp>
			</report>
			<report>
				<misses>89100000</misses>
				<total>0</total>
				<timestamp>697.919224</timestamp>
			</report>
			<report>
				<misses>89200000</misses>
				<total>0</total>
				<timestamp>698.699545</timestamp>
			</report>
			<report>
				<misses>89300000</misses>
				<total>0</total>
				<timestamp>699.494783</timestamp>
			</report>
			<report>
				<misses>89400000</misses>
				<total>0</total>
				<timestamp>700.295366</timestamp>
			</report>
			<report>
				<misses>89500000</misses>
				<total>0</total>
				<timestamp>701.047441</timestamp>
			</report>
			<report>
				<misses>89600000</misses>
				<total>0</total>
				<timestamp>701.860576</timestamp>
			</report>
			<report>
				<misses>89700000</misses>
				<total>0</total>
				<timestamp>702.616280</timestamp>
			</report>
			<report>
				<misses>89800000</misses>
				<total>0</total>
				<timestamp>703.393067</timestamp>
			</report>
			<report>
				<misses>89900000</misses>
				<total>0</total>
				<timestamp>704.152185</timestamp>
			</report>
			<report>
				<misses>90000000</misses>
				<total>0</total>
				<timestamp>704.949306</timestamp>
			</report>
			<report>
				<misses>90100000</misses>
				<total>0</total>
				<timestamp>705.710356</timestamp>
			</report>
			<report>
				<misses>90200000</misses>
				<total>0</total>
				<timestamp>706.472291</timestamp>
			</report>
			<report>
				<misses>90300000</misses>
				<total>0</total>
				<timestamp>707.233654</timestamp>
			</report>
			<report>
				<misses>90400000</misses>
				<total>0</total>
				<timestamp>707.981303</timestamp>
			</report>
			<report>
				<misses>90500000</misses>
				<total>0</total>
				<timestamp>708.723359</timestamp>
			</report>
			<report>
				<misses>90600000</misses>
				<total>0</total>
				<timestamp>709.520379</timestamp>
			</report>
			<report>
				<misses>90700000</misses>
				<total>0</total>
				<timestamp>710.295276</timestamp>
			</report>
			<report>
				<misses>90800000</misses>
				<total>0</total>
				<timestamp>711.127309</timestamp>
			</report>
			<report>
				<misses>90900000</misses>
				<total>0</total>
				<timestamp>711.908690</timestamp>
			</report>
			<report>
				<misses>91000000</misses>
				<total>0</total>
				<timestamp>712.689385</timestamp>
			</report>
			<report>
				<misses>91100000</misses>
				<total>0</total>
				<timestamp>713.489379</timestamp>
			</report>
			<report>
				<misses>91200000</misses>
				<total>0</total>
				<timestamp>714.251889</timestamp>
			</report>
			<report>
				<misses>91300000</misses>
				<total>0</total>
				<timestamp>715.060117</timestamp>
			</report>
			<report>
				<misses>91400000</misses>
				<total>0</total>
				<timestamp>715.842979</timestamp>
			</report>
			<report>
				<misses>91500000</misses>
				<total>0</total>
				<timestamp>716.620143</timestamp>
			</report>
			<report>
				<misses>91600000</misses>
				<total>0</total>
				<timestamp>717.415968</timestamp>
			</report>
			<report>
				<misses>91700000</misses>
				<total>0</total>
				<timestamp>718.183043</timestamp>
			</report>
			<report>
				<misses>91800000</misses>
				<total>0</total>
				<timestamp>718.988902</timestamp>
			</report>
			<report>
				<misses>91900000</misses>
				<total>0</total>
				<timestamp>719.811043</timestamp>
			</report>
			<report>
				<misses>92000000</misses>
				<total>0</total>
				<timestamp>720.595469</timestamp>
			</report>
			<report>
				<misses>92100000</misses>
				<total>0</total>
				<timestamp>721.400018</timestamp>
			</report>
			<report>
				<misses>92200000</misses>
				<total>0</total>
				<timestamp>722.194799</timestamp>
			</report>
			<report>
				<misses>92300000</misses>
				<total>0</total>
				<timestamp>722.998171</timestamp>
			</report>
			<report>
				<misses>92400000</misses>
				<total>0</total>
				<timestamp>723.774754</timestamp>
			</report>
			<report>
				<misses>92500000</misses>
				<total>0</total>
				<timestamp>724.590930</timestamp>
			</report>
			<report>
				<misses>92600000</misses>
				<total>0</total>
				<timestamp>725.340826</timestamp>
			</report>
			<report>
				<misses>92700000</misses>
				<total>0</total>
				<timestamp>726.157755</timestamp>
			</report>
			<report>
				<misses>92800000</misses>
				<total>0</total>
				<timestamp>726.999670</timestamp>
			</report>
			<report>
				<misses>92900000</misses>
				<total>0</total>
				<timestamp>727.748667</timestamp>
			</report>
			<report>
				<misses>93000000</misses>
				<total>0</total>
				<timestamp>728.552449</timestamp>
			</report>
			<report>
				<misses>93100000</misses>
				<total>0</total>
				<timestamp>729.316058</timestamp>
			</report>
			<report>
				<misses>93200000</misses>
				<total>0</total>
				<timestamp>730.079640</timestamp>
			</report>
			<report>
				<misses>93300000</misses>
				<total>0</total>
				<timestamp>730.847349</timestamp>
			</report>
			<report>
				<misses>93400000</misses>
				<total>0</total>
				<timestamp>731.639375</timestamp>
			</report>
			<report>
				<misses>93500000</misses>
				<total>0</total>
				<timestamp>732.441628</timestamp>
			</report>
			<report>
				<misses>93600000</misses>
				<total>0</total>
				<timestamp>733.191351</timestamp>
			</report>
			<report>
				<misses>93700000</misses>
				<total>0</total>
				<timestamp>733.982455</timestamp>
			</report>
			<report>
				<misses>93800000</misses>
				<total>0</total>
				<timestamp>734.766784</timestamp>
			</report>
			<report>
				<misses>93900000</misses>
				<total>0</total>
				<timestamp>735.518025</timestamp>
			</report>
			<report>
				<misses>94000000</misses>
				<total>0</total>
				<timestamp>736.298248</timestamp>
			</report>
			<report>
				<misses>94100000</misses>
				<total>0</total>
				<timestamp>737.054240</timestamp>
			</report>
			<report>
				<misses>94200000</misses>
				<total>0</total>
				<timestamp>737.842478</timestamp>
			</report>
			<report>
				<misses>94300000</misses>
				<total>0</total>
				<timestamp>738.623385</timestamp>
			</report>
			<report>
				<misses>94400000</misses>
				<total>0</total>
				<timestamp>739.352318</timestamp>
			</report>
			<report>
				<misses>94500000</misses>
				<total>0</total>
				<timestamp>740.143634</timestamp>
			</report>
			<report>
				<misses>94600000</misses>
				<total>0</total>
				<timestamp>740.925378</timestamp>
			</report>
			<report>
				<misses>94700000</misses>
				<total>0</total>
				<timestamp>741.712192</timestamp>
			</report>
			<report>
				<misses>94800000</misses>
				<total>0</total>
				<timestamp>742.506249</timestamp>
			</report>
			<report>
				<misses>94900000</misses>
				<total>0</total>
				<timestamp>743.300663</timestamp>
			</report>
			<report>
				<misses>95000000</misses>
				<total>0</total>
				<timestamp>744.087560</timestamp>
			</report>
			<report>
				<misses>95100000</misses>
				<total>0</total>
				<timestamp>744.854966</timestamp>
			</report>
			<report>
				<misses>95200000</misses>
				<total>0</total>
				<timestamp>745.644402</timestamp>
			</report>
			<report>
				<misses>95300000</misses>
				<total>0</total>
				<timestamp>746.429747</timestamp>
			</report>
			<report>
				<misses>95400000</misses>
				<total>0</total>
				<timestamp>747.228829</timestamp>
			</report>
			<report>
				<misses>95500000</misses>
				<total>0</total>
				<timestamp>748.028924</timestamp>
			</report>
			<report>
				<misses>95600000</misses>
				<total>0</total>
				<timestamp>748.820715</timestamp>
			</report>
			<report>
				<misses>95700000</misses>
				<total>0</total>
				<timestamp>749.594852</timestamp>
			</report>
			<report>
				<misses>95800000</misses>
				<total>0</total>
				<timestamp>750.395877</timestamp>
			</report>
			<report>
				<misses>95900000</misses>
				<total>0</total>
				<timestamp>751.198993</timestamp>
			</report>
			<report>
				<misses>96000000</misses>
				<total>0</total>
				<timestamp>752.014189</timestamp>
			</report>
			<report>
				<misses>96100000</misses>
				<total>0</total>
				<timestamp>752.774757</timestamp>
			</report>
			<report>
				<misses>96200000</misses>
				<total>0</total>
				<timestamp>753.563096</timestamp>
			</report>
			<report>
				<misses>96300000</misses>
				<total>0</total>
				<timestamp>754.331620</timestamp>
			</report>
			<report>
				<misses>96400000</misses>
				<total>0</total>
				<timestamp>755.128218</timestamp>
			</report>
			<report>
				<misses>96500000</misses>
				<total>0</total>
				<timestamp>755.920244</timestamp>
			</report>
			<report>
				<misses>96600000</misses>
				<total>0</total>
				<timestamp>756.719516</timestamp>
			</report>
			<report>
				<misses>96700000</misses>
				<total>0</total>
				<timestamp>757.505949</timestamp>
			</report>
			<report>
				<misses>96800000</misses>
				<total>0</total>
				<timestamp>758.286494</timestamp>
			</report>
			<report>
				<misses>96900000</misses>
				<total>0</total>
				<timestamp>759.110906</timestamp>
			</report>
			<report>
				<misses>97000000</misses>
				<total>0</total>
				<timestamp>759.906645</timestamp>
			</report>
			<report>
				<misses>97100000</misses>
				<total>0</total>
				<timestamp>760.733872</timestamp>
			</report>
			<report>
				<misses>97200000</misses>
				<total>0</total>
				<timestamp>761.523946</timestamp>
			</report>
			<report>
				<misses>97300000</misses>
				<total>0</total>
				<timestamp>762.342942</timestamp>
			</report>
			<report>
				<misses>97400000</misses>
				<total>0</total>
				<timestamp>763.092970</timestamp>
			</report>
			<report>
				<misses>97500000</misses>
				<total>0</total>
				<timestamp>763.862027</timestamp>
			</report>
			<report>
				<misses>97600000</misses>
				<total>0</total>
				<timestamp>764.622783</timestamp>
			</report>
			<report>
				<misses>97700000</misses>
				<total>0</total>
				<timestamp>765.412201</timestamp>
			</report>
			<report>
				<misses>97800000</misses>
				<total>0</total>
				<timestamp>766.199670</timestamp>
			</report>
			<report>
				<misses>97900000</misses>
				<total>0</total>
				<timestamp>766.980651</timestamp>
			</report>
			<report>
				<misses>98000000</misses>
				<total>0</total>
				<timestamp>767.781896</timestamp>
			</report>
			<report>
				<misses>98100000</misses>
				<total>0</total>
				<timestamp>768.560411</timestamp>
			</report>
			<report>
				<misses>98200000</misses>
				<total>0</total>
				<timestamp>769.330831</timestamp>
			</report>
			<report>
				<misses>98300000</misses>
				<total>0</total>
				<timestamp>770.138004</timestamp>
			</report>
			<report>
				<misses>98400000</misses>
				<total>0</total>
				<timestamp>770.901832</timestamp>
			</report>
			<report>
				<misses>98500000</misses>
				<total>0</total>
				<timestamp>771.676027</timestamp>
			</report>
			<report>
				<misses>98600000</misses>
				<total>0</total>
				<timestamp>772.416227</timestamp>
			</report>
			<report>
				<misses>98700000</misses>
				<total>0</total>
				<timestamp>773.221006</timestamp>
			</report>
			<report>
				<misses>98800000</misses>
				<total>0</total>
				<timestamp>774.010239</timestamp>
			</report>
			<report>
				<misses>98900000</misses>
				<total>0</total>
				<timestamp>774.782654</timestamp>
			</report>
			<report>
				<misses>99000000</misses>
				<total>0</total>
				<timestamp>775.567049</timestamp>
			</report>
			<report>
				<misses>99100000</misses>
				<total>0</total>
				<timestamp>776.331583</timestamp>
			</report>
			<report>
				<misses>99200000</misses>
				<total>0</total>
				<timestamp>777.165323</timestamp>
			</report>
			<report>
				<misses>99300000</misses>
				<total>0</total>
				<timestamp>777.941407</timestamp>
			</report>
			<report>
				<misses>99400000</misses>
				<total>0</total>
				<timestamp>778.731847</timestamp>
			</report>
			<report>
				<misses>99500000</misses>
				<total>0</total>
				<timestamp>779.525209</timestamp>
			</report>
			<report>
				<misses>99600000</misses>
				<total>0</total>
				<timestamp>780.327629</timestamp>
			</report>
			<report>
				<misses>99700000</misses>
				<total>0</total>
				<timestamp>781.141563</timestamp>
			</report>
			<report>
				<misses>99800000</misses>
				<total>0</total>
				<timestamp>781.916480</timestamp>
			</report>
			<report>
				<misses>99900000</misses>
				<total>0</total>
				<timestamp>782.753397</timestamp>
			</report>
			<report>
				<misses>100000000</misses>
				<total>0</total>
				<timestamp>783.537253</timestamp>
			</report>
			<report>
				<misses>100100000</misses>
				<total>0</total>
				<timestamp>784.265557</timestamp>
			</report>
			<report>
				<misses>100200000</misses>
				<total>0</total>
				<timestamp>785.008382</timestamp>
			</report>
			<report>
				<misses>100300000</misses>
				<total>0</total>
				<timestamp>785.800596</timestamp>
			</report>
			<report>
				<misses>100400000</misses>
				<total>0</total>
				<timestamp>786.622118</timestamp>
			</report>
			<report>
				<misses>100500000</misses>
				<total>0</total>
				<timestamp>787.410881</timestamp>
			</report>
			<report>
				<misses>100600000</misses>
				<total>0</total>
				<timestamp>788.209806</timestamp>
			</report>
			<report>
				<misses>100700000</misses>
				<total>0</total>
				<timestamp>788.964398</timestamp>
			</report>
			<report>
				<misses>100800000</misses>
				<total>0</total>
				<timestamp>789.697429</timestamp>
			</report>
			<report>
				<misses>100900000</misses>
				<total>0</total>
				<timestamp>790.452963</timestamp>
			</report>
			<report>
				<misses>101000000</misses>
				<total>0</total>
				<timestamp>791.230455</timestamp>
			</report>
			<report>
				<misses>101100000</misses>
				<total>0</total>
				<timestamp>791.979834</timestamp>
			</report>
			<report>
				<misses>101200000</misses>
				<total>0</total>
				<timestamp>792.795534</timestamp>
			</report>
			<report>
				<misses>101300000</misses>
				<total>0</total>
				<timestamp>793.559937</timestamp>
			</report>
			<report>
				<misses>101400000</misses>
				<total>0</total>
				<timestamp>794.342970</timestamp>
			</report>
			<report>
				<misses>101500000</misses>
				<total>0</total>
				<timestamp>795.118200</timestamp>
			</report>
			<report>
				<misses>101600000</misses>
				<total>0</total>
				<timestamp>795.905137</timestamp>
			</report>
			<report>
				<misses>101700000</misses>
				<total>0</total>
				<timestamp>796.740508</timestamp>
			</report>
			<report>
				<misses>101800000</misses>
				<total>0</total>
				<timestamp>797.541167</timestamp>
			</report>
			<report>
				<misses>101900000</misses>
				<total>0</total>
				<timestamp>798.355655</timestamp>
			</report>
			<report>
				<misses>102000000</misses>
				<total>0</total>
				<timestamp>799.152749</timestamp>
			</report>
			<report>
				<misses>102100000</misses>
				<total>0</total>
				<timestamp>799.935733</timestamp>
			</report>
			<report>
				<misses>102200000</misses>
				<total>0</total>
				<timestamp>800.729762</timestamp>
			</report>
			<report>
				<misses>102300000</misses>
				<total>0</total>
				<timestamp>801.498134</timestamp>
			</report>
			<report>
				<misses>102400000</misses>
				<total>0</total>
				<timestamp>802.316196</timestamp>
			</report>
			<report>
				<misses>102500000</misses>
				<total>0</total>
				<timestamp>803.105284</timestamp>
			</report>
			<report>
				<misses>102600000</misses>
				<total>0</total>
				<timestamp>803.923772</timestamp>
			</report>
			<report>
				<misses>102700000</misses>
				<total>0</total>
				<timestamp>804.712665</timestamp>
			</report>
			<report>
				<misses>102800000</misses>
				<total>0</total>
				<timestamp>805.492018</timestamp>
			</report>
			<report>
				<misses>102900000</misses>
				<total>0</total>
				<timestamp>806.301019</timestamp>
			</report>
			<report>
				<misses>103000000</misses>
				<total>0</total>
				<timestamp>807.083895</timestamp>
			</report>
			<report>
				<misses>103100000</misses>
				<total>0</total>
				<timestamp>807.853701</timestamp>
			</report>
			<report>
				<misses>103200000</misses>
				<total>0</total>
				<timestamp>808.608270</timestamp>
			</report>
			<report>
				<misses>103300000</misses>
				<total>0</total>
				<timestamp>809.398472</timestamp>
			</report>
			<report>
				<misses>103400000</misses>
				<total>0</total>
				<timestamp>810.187272</timestamp>
			</report>
			<report>
				<misses>103500000</misses>
				<total>0</total>
				<timestamp>810.966856</timestamp>
			</report>
			<report>
				<misses>103600000</misses>
				<total>0</total>
				<timestamp>811.745673</timestamp>
			</report>
			<report>
				<misses>103700000</misses>
				<total>0</total>
				<timestamp>812.516946</timestamp>
			</report>
			<report>
				<misses>103800000</misses>
				<total>0</total>
				<timestamp>813.301053</timestamp>
			</report>
			<report>
				<misses>103900000</misses>
				<total>0</total>
				<timestamp>814.057418</timestamp>
			</report>
			<report>
				<misses>104000000</misses>
				<total>0</total>
				<timestamp>814.838698</timestamp>
			</report>
			<report>
				<misses>104100000</misses>
				<total>0</total>
				<timestamp>815.578443</timestamp>
			</report>
			<report>
				<misses>104200000</misses>
				<total>0</total>
				<timestamp>816.330085</timestamp>
			</report>
			<report>
				<misses>104300000</misses>
				<total>0</total>
				<timestamp>817.122903</timestamp>
			</report>
			<report>
				<misses>104400000</misses>
				<total>0</total>
				<timestamp>817.902006</timestamp>
			</report>
			<report>
				<misses>104500000</misses>
				<total>0</total>
				<timestamp>818.663110</timestamp>
			</report>
			<report>
				<misses>104600000</misses>
				<total>0</total>
				<timestamp>819.507306</timestamp>
			</report>
			<report>
				<misses>104700000</misses>
				<total>0</total>
				<timestamp>820.307224</timestamp>
			</report>
			<report>
				<misses>104800000</misses>
				<total>0</total>
				<timestamp>821.074507</timestamp>
			</report>
			<report>
				<misses>104900000</misses>
				<total>0</total>
				<timestamp>821.844162</timestamp>
			</report>
			<report>
				<misses>105000000</misses>
				<total>0</total>
				<timestamp>822.660408</timestamp>
			</report>
			<report>
				<misses>105100000</misses>
				<total>0</total>
				<timestamp>823.425549</timestamp>
			</report>
			<report>
				<misses>105200000</misses>
				<total>0</total>
				<timestamp>824.204787</timestamp>
			</report>
			<report>
				<misses>105300000</misses>
				<total>0</total>
				<timestamp>824.992830</timestamp>
			</report>
			<report>
				<misses>105400000</misses>
				<total>0</total>
				<timestamp>825.756176</timestamp>
			</report>
			<report>
				<misses>105500000</misses>
				<total>0</total>
				<timestamp>826.530575</timestamp>
			</report>
			<report>
				<misses>105600000</misses>
				<total>0</total>
				<timestamp>827.325979</timestamp>
			</report>
			<report>
				<misses>105700000</misses>
				<total>0</total>
				<timestamp>828.090716</timestamp>
			</report>
			<report>
				<misses>105800000</misses>
				<total>0</total>
				<timestamp>828.899850</timestamp>
			</report>
			<report>
				<misses>105900000</misses>
				<total>0</total>
				<timestamp>829.680830</timestamp>
			</report>
			<report>
				<misses>106000000</misses>
				<total>0</total>
				<timestamp>830.461465</timestamp>
			</report>
			<report>
				<misses>106100000</misses>
				<total>0</total>
				<timestamp>831.216418</timestamp>
			</report>
			<report>
				<misses>106200000</misses>
				<total>0</total>
				<timestamp>832.000368</timestamp>
			</report>
			<report>
				<misses>106300000</misses>
				<total>0</total>
				<timestamp>832.751105</timestamp>
			</report>
			<report>
				<misses>106400000</misses>
				<total>0</total>
				<timestamp>833.560386</timestamp>
			</report>
			<report>
				<misses>106500000</misses>
				<total>0</total>
				<timestamp>834.325988</timestamp>
			</report>
			<report>
				<misses>106600000</misses>
				<total>0</total>
				<timestamp>835.109001</timestamp>
			</report>
			<report>
				<misses>106700000</misses>
				<total>0</total>
				<timestamp>835.910543</timestamp>
			</report>
			<report>
				<misses>106800000</misses>
				<total>0</total>
				<timestamp>836.692949</timestamp>
			</report>
			<report>
				<misses>106900000</misses>
				<total>0</total>
				<timestamp>837.457548</timestamp>
			</report>
			<report>
				<misses>107000000</misses>
				<total>0</total>
				<timestamp>838.248547</timestamp>
			</report>
			<report>
				<misses>107100000</misses>
				<total>0</total>
				<timestamp>839.050239</timestamp>
			</report>
			<report>
				<misses>107200000</misses>
				<total>0</total>
				<timestamp>839.774337</timestamp>
			</report>
			<report>
				<misses>107300000</misses>
				<total>0</total>
				<timestamp>840.592467</timestamp>
			</report>
			<report>
				<misses>107400000</misses>
				<total>0</total>
				<timestamp>841.354964</timestamp>
			</report>
			<report>
				<misses>107500000</misses>
				<total>0</total>
				<timestamp>842.161728</timestamp>
			</report>
			<report>
				<misses>107600000</misses>
				<total>0</total>
				<timestamp>842.944889</timestamp>
			</report>
			<report>
				<misses>107700000</misses>
				<total>0</total>
				<timestamp>843.708475</timestamp>
			</report>
			<report>
				<misses>107800000</misses>
				<total>0</total>
				<timestamp>844.496604</timestamp>
			</report>
			<report>
				<misses>107900000</misses>
				<total>0</total>
				<timestamp>845.277559</timestamp>
			</report>
			<report>
				<misses>108000000</misses>
				<total>0</total>
				<timestamp>846.110347</timestamp>
			</report>
			<report>
				<misses>108100000</misses>
				<total>0</total>
				<timestamp>846.860232</timestamp>
			</report>
			<report>
				<misses>108200000</misses>
				<total>0</total>
				<timestamp>847.624890</timestamp>
			</report>
			<report>
				<misses>108300000</misses>
				<total>0</total>
				<timestamp>848.418014</timestamp>
			</report>
			<report>
				<misses>108400000</misses>
				<total>0</total>
				<timestamp>849.233438</timestamp>
			</report>
			<report>
				<misses>108500000</misses>
				<total>0</total>
				<timestamp>850.025759</timestamp>
			</report>
			<report>
				<misses>108600000</misses>
				<total>0</total>
				<timestamp>850.838562</timestamp>
			</report>
			<report>
				<misses>108700000</misses>
				<total>0</total>
				<timestamp>851.608213</timestamp>
			</report>
			<report>
				<misses>108800000</misses>
				<total>0</total>
				<timestamp>852.415482</timestamp>
			</report>
			<report>
				<misses>108900000</misses>
				<total>0</total>
				<timestamp>853.183415</timestamp>
			</report>
			<report>
				<misses>109000000</misses>
				<total>0</total>
				<timestamp>853.948572</timestamp>
			</report>
			<report>
				<misses>109100000</misses>
				<total>0</total>
				<timestamp>854.719881</timestamp>
			</report>
			<report>
				<misses>109200000</misses>
				<total>0</total>
				<timestamp>855.481689</timestamp>
			</report>
			<report>
				<misses>109300000</misses>
				<total>0</total>
				<timestamp>856.262405</timestamp>
			</report>
			<report>
				<misses>109400000</misses>
				<total>0</total>
				<timestamp>857.037886</timestamp>
			</report>
			<report>
				<misses>109500000</misses>
				<total>0</total>
				<timestamp>857.791012</timestamp>
			</report>
			<report>
				<misses>109600000</misses>
				<total>0</total>
				<timestamp>858.530488</timestamp>
			</report>
			<report>
				<misses>109700000</misses>
				<total>0</total>
				<timestamp>859.292899</timestamp>
			</report>
			<report>
				<misses>109800000</misses>
				<total>0</total>
				<timestamp>860.061533</timestamp>
			</report>
			<report>
				<misses>109900000</misses>
				<total>0</total>
				<timestamp>860.847458</timestamp>
			</report>
			<report>
				<misses>110000000</misses>
				<total>0</total>
				<timestamp>861.608422</timestamp>
			</report>
			<report>
				<misses>110100000</misses>
				<total>0</total>
				<timestamp>862.433276</timestamp>
			</report>
			<report>
				<misses>110200000</misses>
				<total>0</total>
				<timestamp>863.273750</timestamp>
			</report>
			<report>
				<misses>110300000</misses>
				<total>0</total>
				<timestamp>864.048080</timestamp>
			</report>
			<report>
				<misses>110400000</misses>
				<total>0</total>
				<timestamp>864.855679</timestamp>
			</report>
			<report>
				<misses>110500000</misses>
				<total>0</total>
				<timestamp>865.626656</timestamp>
			</report>
			<report>
				<misses>110600000</misses>
				<total>0</total>
				<timestamp>866.413467</timestamp>
			</report>
			<report>
				<misses>110700000</misses>
				<total>0</total>
				<timestamp>867.167301</timestamp>
			</report>
			<report>
				<misses>110800000</misses>
				<total>0</total>
				<timestamp>867.906506</timestamp>
			</report>
			<report>
				<misses>110900000</misses>
				<total>0</total>
				<timestamp>868.683686</timestamp>
			</report>
			<report>
				<misses>111000000</misses>
				<total>0</total>
				<timestamp>869.475522</timestamp>
			</report>
			<report>
				<misses>111100000</misses>
				<total>0</total>
				<timestamp>870.293980</timestamp>
			</report>
			<report>
				<misses>111200000</misses>
				<total>0</total>
				<timestamp>871.044946</timestamp>
			</report>
			<report>
				<misses>111300000</misses>
				<total>0</total>
				<timestamp>871.803210</timestamp>
			</report>
			<report>
				<misses>111400000</misses>
				<total>0</total>
				<timestamp>872.587967</timestamp>
			</report>
			<report>
				<misses>111500000</misses>
				<total>0</total>
				<timestamp>873.340412</timestamp>
			</report>
			<report>
				<misses>111600000</misses>
				<total>0</total>
				<timestamp>874.121818</timestamp>
			</report>
			<report>
				<misses>111700000</misses>
				<total>0</total>
				<timestamp>874.895367</timestamp>
			</report>
			<report>
				<misses>111800000</misses>
				<total>0</total>
				<timestamp>875.681538</timestamp>
			</report>
			<report>
				<misses>111900000</misses>
				<total>0</total>
				<timestamp>876.466434</timestamp>
			</report>
			<report>
				<misses>112000000</misses>
				<total>0</total>
				<timestamp>877.282057</timestamp>
			</report>
			<report>
				<misses>112100000</misses>
				<total>0</total>
				<timestamp>878.059901</timestamp>
			</report>
			<report>
				<misses>112200000</misses>
				<total>0</total>
				<timestamp>878.831441</timestamp>
			</report>
			<report>
				<misses>112300000</misses>
				<total>0</total>
				<timestamp>879.640951</timestamp>
			</report>
			<report>
				<misses>112400000</misses>
				<total>0</total>
				<timestamp>880.403930</timestamp>
			</report>
			<report>
				<misses>112500000</misses>
				<total>0</total>
				<timestamp>881.166593</timestamp>
			</report>
			<report>
				<misses>112600000</misses>
				<total>0</total>
				<timestamp>881.931760</timestamp>
			</report>
			<report>
				<misses>112700000</misses>
				<total>0</total>
				<timestamp>882.714710</timestamp>
			</report>
			<report>
				<misses>112800000</misses>
				<total>0</total>
				<timestamp>883.468336</timestamp>
			</report>
			<report>
				<misses>112900000</misses>
				<total>0</total>
				<timestamp>884.229717</timestamp>
			</report>
			<report>
				<misses>113000000</misses>
				<total>0</total>
				<timestamp>885.032003</timestamp>
			</report>
			<report>
				<misses>113100000</misses>
				<total>0</total>
				<timestamp>885.817514</timestamp>
			</report>
			<report>
				<misses>113200000</misses>
				<total>0</total>
				<timestamp>886.603533</timestamp>
			</report>
			<report>
				<misses>113300000</misses>
				<total>0</total>
				<timestamp>887.374577</timestamp>
			</report>
			<report>
				<misses>113400000</misses>
				<total>0</total>
				<timestamp>888.146469</timestamp>
			</report>
			<report>
				<misses>113500000</misses>
				<total>0</total>
				<timestamp>888.965222</timestamp>
			</report>
			<report>
				<misses>113600000</misses>
				<total>0</total>
				<timestamp>889.751058</timestamp>
			</report>
			<report>
				<misses>113700000</misses>
				<total>0</total>
				<timestamp>890.550673</timestamp>
			</report>
			<report>
				<misses>113800000</misses>
				<total>0</total>
				<timestamp>891.324360</timestamp>
			</report>
			<report>
				<misses>113900000</misses>
				<total>0</total>
				<timestamp>892.077245</timestamp>
			</report>
			<report>
				<misses>114000000</misses>
				<total>0</total>
				<timestamp>892.869381</timestamp>
			</report>
			<report>
				<misses>114100000</misses>
				<total>0</total>
				<timestamp>893.652676</timestamp>
			</report>
			<report>
				<misses>114200000</misses>
				<total>0</total>
				<timestamp>894.424828</timestamp>
			</report>
			<report>
				<misses>114300000</misses>
				<total>0</total>
				<timestamp>895.202261</timestamp>
			</report>
			<report>
				<misses>114400000</misses>
				<total>0</total>
				<timestamp>895.984474</timestamp>
			</report>
			<report>
				<misses>114500000</misses>
				<total>0</total>
				<timestamp>896.748021</timestamp>
			</report>
			<report>
				<misses>114600000</misses>
				<total>0</total>
				<timestamp>897.548738</timestamp>
			</report>
			<report>
				<misses>114700000</misses>
				<total>0</total>
				<timestamp>898.351112</timestamp>
			</report>
			<report>
				<misses>114800000</misses>
				<total>0</total>
				<timestamp>899.117330</timestamp>
			</report>
			<report>
				<misses>114900000</misses>
				<total>0</total>
				<timestamp>899.921399</timestamp>
			</report>
			<report>
				<misses>115000000</misses>
				<total>0</total>
				<timestamp>900.741996</timestamp>
			</report>
			<report>
				<misses>115100000</misses>
				<total>0</total>
				<timestamp>901.540650</timestamp>
			</report>
			<report>
				<misses>115200000</misses>
				<total>0</total>
				<timestamp>902.343307</timestamp>
			</report>
			<report>
				<misses>115300000</misses>
				<total>0</total>
				<timestamp>903.106979</timestamp>
			</report>
			<report>
				<misses>115400000</misses>
				<total>0</total>
				<timestamp>903.889411</timestamp>
			</report>
			<report>
				<misses>115500000</misses>
				<total>0</total>
				<timestamp>904.645262</timestamp>
			</report>
			<report>
				<misses>115600000</misses>
				<total>0</total>
				<timestamp>905.456238</timestamp>
			</report>
			<report>
				<misses>115700000</misses>
				<total>0</total>
				<timestamp>906.224267</timestamp>
			</report>
			<report>
				<misses>115800000</misses>
				<total>0</total>
				<timestamp>907.031729</timestamp>
			</report>
			<report>
				<misses>115900000</misses>
				<total>0</total>
				<timestamp>907.856703</timestamp>
			</report>
			<report>
				<misses>116000000</misses>
				<total>0</total>
				<timestamp>908.650549</timestamp>
			</report>
			<report>
				<misses>116100000</misses>
				<total>0</total>
				<timestamp>909.396857</timestamp>
			</report>
			<report>
				<misses>116200000</misses>
				<total>0</total>
				<timestamp>910.202694</timestamp>
			</report>
			<report>
				<misses>116300000</misses>
				<total>0</total>
				<timestamp>911.003751</timestamp>
			</report>
			<report>
				<misses>116400000</misses>
				<total>0</total>
				<timestamp>911.823255</timestamp>
			</report>
			<report>
				<misses>116500000</misses>
				<total>0</total>
				<timestamp>912.614054</timestamp>
			</report>
			<report>
				<misses>116600000</misses>
				<total>0</total>
				<timestamp>913.373752</timestamp>
			</report>
			<report>
				<misses>116700000</misses>
				<total>0</total>
				<timestamp>914.164095</timestamp>
			</report>
			<report>
				<misses>116800000</misses>
				<total>0</total>
				<timestamp>914.896163</timestamp>
			</report>
			<report>
				<misses>116900000</misses>
				<total>0</total>
				<timestamp>915.641042</timestamp>
			</report>
			<report>
				<misses>117000000</misses>
				<total>0</total>
				<timestamp>916.419524</timestamp>
			</report>
			<report>
				<misses>117100000</misses>
				<total>0</total>
				<timestamp>917.206654</timestamp>
			</report>
			<report>
				<misses>117200000</misses>
				<total>0</total>
				<timestamp>917.970412</timestamp>
			</report>
			<report>
				<misses>117300000</misses>
				<total>0</total>
				<timestamp>918.748777</timestamp>
			</report>
			<report>
				<misses>117400000</misses>
				<total>0</total>
				<timestamp>919.558860</timestamp>
			</report>
			<report>
				<misses>117500000</misses>
				<total>0</total>
				<timestamp>920.345889</timestamp>
			</report>
			<report>
				<misses>117600000</misses>
				<total>0</total>
				<timestamp>921.127084</timestamp>
			</report>
			<report>
				<misses>117700000</misses>
				<total>0</total>
				<timestamp>921.931219</timestamp>
			</report>
			<report>
				<misses>117800000</misses>
				<total>0</total>
				<timestamp>922.727807</timestamp>
			</report>
			<report>
				<misses>117900000</misses>
				<total>0</total>
				<timestamp>923.520407</timestamp>
			</report>
			<report>
				<misses>118000000</misses>
				<total>0</total>
				<timestamp>924.301187</timestamp>
			</report>
			<report>
				<misses>118100000</misses>
				<total>0</total>
				<timestamp>925.056442</timestamp>
			</report>
			<report>
				<misses>118200000</misses>
				<total>0</total>
				<timestamp>925.838829</timestamp>
			</report>
			<report>
				<misses>118300000</misses>
				<total>0</total>
				<timestamp>926.616181</timestamp>
			</report>
			<report>
				<misses>118400000</misses>
				<total>0</total>
				<timestamp>927.402808</timestamp>
			</report>
			<report>
				<misses>118500000</misses>
				<total>0</total>
				<timestamp>928.237278</timestamp>
			</report>
			<report>
				<misses>118600000</misses>
				<total>0</total>
				<timestamp>929.017593</timestamp>
			</report>
			<report>
				<misses>118700000</misses>
				<total>0</total>
				<timestamp>929.782351</timestamp>
			</report>
			<report>
				<misses>118800000</misses>
				<total>0</total>
				<timestamp>930.504788</timestamp>
			</report>
			<report>
				<misses>118900000</misses>
				<total>0</total>
				<timestamp>931.283941</timestamp>
			</report>
			<report>
				<misses>119000000</misses>
				<total>0</total>
				<timestamp>932.073174</timestamp>
			</report>
			<report>
				<misses>119100000</misses>
				<total>0</total>
				<timestamp>932.849280</timestamp>
			</report>
			<report>
				<misses>119200000</misses>
				<total>0</total>
				<timestamp>933.623010</timestamp>
			</report>
			<report>
				<misses>119300000</misses>
				<total>0</total>
				<timestamp>934.419433</timestamp>
			</report>
			<report>
				<misses>119400000</misses>
				<total>0</total>
				<timestamp>935.214146</timestamp>
			</report>
			<report>
				<misses>119500000</misses>
				<total>0</total>
				<timestamp>936.006050</timestamp>
			</report>
			<report>
				<misses>119600000</misses>
				<total>0</total>
				<timestamp>936.813423</timestamp>
			</report>
			<report>
				<misses>119700000</misses>
				<total>0</total>
				<timestamp>937.567548</timestamp>
			</report>
			<report>
				<misses>119800000</misses>
				<total>0</total>
				<timestamp>938.350568</timestamp>
			</report>
			<report>
				<misses>119900000</misses>
				<total>0</total>
				<timestamp>939.135603</timestamp>
			</report>
			<report>
				<misses>120000000</misses>
				<total>0</total>
				<timestamp>939.914991</timestamp>
			</report>
			<report>
				<misses>120100000</misses>
				<total>0</total>
				<timestamp>940.710186</timestamp>
			</report>
			<report>
				<misses>120200000</misses>
				<total>0</total>
				<timestamp>941.499946</timestamp>
			</report>
			<report>
				<misses>120300000</misses>
				<total>0</total>
				<timestamp>942.235513</timestamp>
			</report>
			<report>
				<misses>120400000</misses>
				<total>0</total>
				<timestamp>943.118250</timestamp>
			</report>
			<report>
				<misses>120500000</misses>
				<total>0</total>
				<timestamp>943.927557</timestamp>
			</report>
			<report>
				<misses>120600000</misses>
				<total>0</total>
				<timestamp>944.692648</timestamp>
			</report>
			<report>
				<misses>120700000</misses>
				<total>0</total>
				<timestamp>945.508171</timestamp>
			</report>
			<report>
				<misses>120800000</misses>
				<total>0</total>
				<timestamp>946.311805</timestamp>
			</report>
			<report>
				<misses>120900000</misses>
				<total>0</total>
				<timestamp>947.111458</timestamp>
			</report>
			<report>
				<misses>121000000</misses>
				<total>0</total>
				<timestamp>947.908362</timestamp>
			</report>
			<report>
				<misses>121100000</misses>
				<total>0</total>
				<timestamp>948.736481</timestamp>
			</report>
			<report>
				<misses>121200000</misses>
				<total>0</total>
				<timestamp>949.497207</timestamp>
			</report>
			<report>
				<misses>121300000</misses>
				<total>0</total>
				<timestamp>950.288161</timestamp>
			</report>
			<report>
				<misses>121400000</misses>
				<total>0</total>
				<timestamp>951.084234</timestamp>
			</report>
			<report>
				<misses>121500000</misses>
				<total>0</total>
				<timestamp>951.859911</timestamp>
			</report>
			<report>
				<misses>121600000</misses>
				<total>0</total>
				<timestamp>952.641462</timestamp>
			</report>
			<report>
				<misses>121700000</misses>
				<total>0</total>
				<timestamp>953.454732</timestamp>
			</report>
			<report>
				<misses>121800000</misses>
				<total>0</total>
				<timestamp>954.250494</timestamp>
			</report>
			<report>
				<misses>121900000</misses>
				<total>0</total>
				<timestamp>955.016473</timestamp>
			</report>
			<report>
				<misses>122000000</misses>
				<total>0</total>
				<timestamp>955.762496</timestamp>
			</report>
			<report>
				<misses>122100000</misses>
				<total>0</total>
				<timestamp>956.541423</timestamp>
			</report>
			<report>
				<misses>122200000</misses>
				<total>0</total>
				<timestamp>957.319243</timestamp>
			</report>
			<report>
				<misses>122300000</misses>
				<total>0</total>
				<timestamp>958.090176</timestamp>
			</report>
			<report>
				<misses>122400000</misses>
				<total>0</total>
				<timestamp>958.862924</timestamp>
			</report>
			<report>
				<misses>122500000</misses>
				<total>0</total>
				<timestamp>959.618661</timestamp>
			</report>
			<report>
				<misses>122600000</misses>
				<total>0</total>
				<timestamp>960.402102</timestamp>
			</report>
			<report>
				<misses>122700000</misses>
				<total>0</total>
				<timestamp>961.174761</timestamp>
			</report>
			<report>
				<misses>122800000</misses>
				<total>0</total>
				<timestamp>961.944709</timestamp>
			</report>
			<report>
				<misses>122900000</misses>
				<total>0</total>
				<timestamp>962.718903</timestamp>
			</report>
			<report>
				<misses>123000000</misses>
				<total>0</total>
				<timestamp>963.509282</timestamp>
			</report>
			<report>
				<misses>123100000</misses>
				<total>0</total>
				<timestamp>964.282977</timestamp>
			</report>
			<report>
				<misses>123200000</misses>
				<total>0</total>
				<timestamp>965.037260</timestamp>
			</report>
			<report>
				<misses>123300000</misses>
				<total>0</total>
				<timestamp>965.809413</timestamp>
			</report>
			<report>
				<misses>123400000</misses>
				<total>0</total>
				<timestamp>966.581851</timestamp>
			</report>
			<report>
				<misses>123500000</misses>
				<total>0</total>
				<timestamp>967.345099</timestamp>
			</report>
			<report>
				<misses>123600000</misses>
				<total>0</total>
				<timestamp>968.152753</timestamp>
			</report>
			<report>
				<misses>123700000</misses>
				<total>0</total>
				<timestamp>968.904992</timestamp>
			</report>
			<report>
				<misses>123800000</misses>
				<total>0</total>
				<timestamp>969.655236</timestamp>
			</report>
			<report>
				<misses>123900000</misses>
				<total>0</total>
				<timestamp>970.396265</timestamp>
			</report>
			<report>
				<misses>124000000</misses>
				<total>0</total>
				<timestamp>971.224235</timestamp>
			</report>
			<report>
				<misses>124100000</misses>
				<total>0</total>
				<timestamp>971.985443</timestamp>
			</report>
			<report>
				<misses>124200000</misses>
				<total>0</total>
				<timestamp>972.793214</timestamp>
			</report>
			<report>
				<misses>124300000</misses>
				<total>0</total>
				<timestamp>973.557367</timestamp>
			</report>
			<report>
				<misses>124400000</misses>
				<total>0</total>
				<timestamp>974.341020</timestamp>
			</report>
			<report>
				<misses>124500000</misses>
				<total>0</total>
				<timestamp>975.120717</timestamp>
			</report>
			<report>
				<misses>124600000</misses>
				<total>0</total>
				<timestamp>975.899134</timestamp>
			</report>
			<report>
				<misses>124700000</misses>
				<total>0</total>
				<timestamp>976.674201</timestamp>
			</report>
			<report>
				<misses>124800000</misses>
				<total>0</total>
				<timestamp>977.462693</timestamp>
			</report>
			<report>
				<misses>124900000</misses>
				<total>0</total>
				<timestamp>978.245293</timestamp>
			</report>
			<report>
				<misses>125000000</misses>
				<total>0</total>
				<timestamp>979.013402</timestamp>
			</report>
			<report>
				<misses>125100000</misses>
				<total>0</total>
				<timestamp>979.809316</timestamp>
			</report>
			<report>
				<misses>125200000</misses>
				<total>0</total>
				<timestamp>980.595988</timestamp>
			</report>
			<report>
				<misses>125300000</misses>
				<total>0</total>
				<timestamp>981.366009</timestamp>
			</report>
			<report>
				<misses>125400000</misses>
				<total>0</total>
				<timestamp>982.146606</timestamp>
			</report>
			<report>
				<misses>125500000</misses>
				<total>0</total>
				<timestamp>982.937642</timestamp>
			</report>
			<report>
				<misses>125600000</misses>
				<total>0</total>
				<timestamp>983.720384</timestamp>
			</report>
			<report>
				<misses>125700000</misses>
				<total>0</total>
				<timestamp>984.469493</timestamp>
			</report>
			<report>
				<misses>125800000</misses>
				<total>0</total>
				<timestamp>985.265945</timestamp>
			</report>
			<report>
				<misses>125900000</misses>
				<total>0</total>
				<timestamp>986.058378</timestamp>
			</report>
			<report>
				<misses>126000000</misses>
				<total>0</total>
				<timestamp>986.856173</timestamp>
			</report>
			<report>
				<misses>126100000</misses>
				<total>0</total>
				<timestamp>987.618610</timestamp>
			</report>
			<report>
				<misses>126200000</misses>
				<total>0</total>
				<timestamp>988.372913</timestamp>
			</report>
			<report>
				<misses>126300000</misses>
				<total>0</total>
				<timestamp>989.140910</timestamp>
			</report>
			<report>
				<misses>126400000</misses>
				<total>0</total>
				<timestamp>989.934710</timestamp>
			</report>
			<report>
				<misses>126500000</misses>
				<total>0</total>
				<timestamp>990.733929</timestamp>
			</report>
			<report>
				<misses>126600000</misses>
				<total>0</total>
				<timestamp>991.514755</timestamp>
			</report>
			<report>
				<misses>126700000</misses>
				<total>0</total>
				<timestamp>992.351983</timestamp>
			</report>
			<report>
				<misses>126800000</misses>
				<total>0</total>
				<timestamp>993.140101</timestamp>
			</report>
			<report>
				<misses>126900000</misses>
				<total>0</total>
				<timestamp>993.932166</timestamp>
			</report>
			<report>
				<misses>127000000</misses>
				<total>0</total>
				<timestamp>994.714247</timestamp>
			</report>
			<report>
				<misses>127100000</misses>
				<total>0</total>
				<timestamp>995.475220</timestamp>
			</report>
			<report>
				<misses>127200000</misses>
				<total>0</total>
				<timestamp>996.309704</timestamp>
			</report>
			<report>
				<misses>127300000</misses>
				<total>0</total>
				<timestamp>997.114769</timestamp>
			</report>
			<report>
				<misses>127400000</misses>
				<total>0</total>
				<timestamp>997.916705</timestamp>
			</report>
			<report>
				<misses>127500000</misses>
				<total>0</total>
				<timestamp>998.691760</timestamp>
			</report>
			<report>
				<misses>127600000</misses>
				<total>0</total>
				<timestamp>999.466034</timestamp>
			</report>
			<report>
				<misses>127700000</misses>
				<total>0</total>
				<timestamp>1000.223725</timestamp>
			</report>
			<report>
				<misses>127800000</misses>
				<total>0</total>
				<timestamp>1000.968526</timestamp>
			</report>
			<report>
				<misses>127900000</misses>
				<total>0</total>
				<timestamp>1001.794851</timestamp>
			</report>
			<report>
				<misses>128000000</misses>
				<total>0</total>
				<timestamp>1002.566223</timestamp>
			</report>
			<report>
				<misses>128100000</misses>
				<total>0</total>
				<timestamp>1003.369462</timestamp>
			</report>
			<report>
				<misses>128200000</misses>
				<total>0</total>
				<timestamp>1004.143240</timestamp>
			</report>
			<report>
				<misses>128300000</misses>
				<total>0</total>
				<timestamp>1004.921756</timestamp>
			</report>
			<report>
				<misses>128400000</misses>
				<total>0</total>
				<timestamp>1005.715578</timestamp>
			</report>
			<report>
				<misses>128500000</misses>
				<total>0</total>
				<timestamp>1006.501368</timestamp>
			</report>
			<report>
				<misses>128600000</misses>
				<total>0</total>
				<timestamp>1007.239678</timestamp>
			</report>
			<report>
				<misses>128700000</misses>
				<total>0</total>
				<timestamp>1008.047665</timestamp>
			</report>
			<report>
				<misses>128800000</misses>
				<total>0</total>
				<timestamp>1008.799858</timestamp>
			</report>
			<report>
				<misses>128900000</misses>
				<total>0</total>
				<timestamp>1009.602534</timestamp>
			</report>
			<report>
				<misses>129000000</misses>
				<total>0</total>
				<timestamp>1010.399734</timestamp>
			</report>
			<report>
				<misses>129100000</misses>
				<total>0</total>
				<timestamp>1011.196662</timestamp>
			</report>
			<report>
				<misses>129200000</misses>
				<total>0</total>
				<timestamp>1012.050960</timestamp>
			</report>
			<report>
				<misses>129300000</misses>
				<total>0</total>
				<timestamp>1012.825677</timestamp>
			</report>
			<report>
				<misses>129400000</misses>
				<total>0</total>
				<timestamp>1013.652209</timestamp>
			</report>
			<report>
				<misses>129500000</misses>
				<total>0</total>
				<timestamp>1014.435358</timestamp>
			</report>
			<report>
				<misses>129600000</misses>
				<total>0</total>
				<timestamp>1015.226644</timestamp>
			</report>
			<report>
				<misses>129700000</misses>
				<total>0</total>
				<timestamp>1016.045959</timestamp>
			</report>
			<report>
				<misses>129800000</misses>
				<total>0</total>
				<timestamp>1016.855111</timestamp>
			</report>
			<report>
				<misses>129900000</misses>
				<total>0</total>
				<timestamp>1017.689461</timestamp>
			</report>
			<report>
				<misses>130000000</misses>
				<total>0</total>
				<timestamp>1018.518796</timestamp>
			</report>
			<report>
				<misses>130100000</misses>
				<total>0</total>
				<timestamp>1019.288949</timestamp>
			</report>
			<report>
				<misses>130200000</misses>
				<total>0</total>
				<timestamp>1020.074957</timestamp>
			</report>
			<report>
				<misses>130300000</misses>
				<total>0</total>
				<timestamp>1020.816279</timestamp>
			</report>
			<report>
				<misses>130400000</misses>
				<total>0</total>
				<timestamp>1021.565610</timestamp>
			</report>
			<report>
				<misses>130500000</misses>
				<total>0</total>
				<timestamp>1022.354844</timestamp>
			</report>
			<report>
				<misses>130600000</misses>
				<total>0</total>
				<timestamp>1023.139331</timestamp>
			</report>
			<report>
				<misses>130700000</misses>
				<total>0</total>
				<timestamp>1023.931782</timestamp>
			</report>
			<report>
				<misses>130800000</misses>
				<total>0</total>
				<timestamp>1024.692889</timestamp>
			</report>
			<report>
				<misses>130900000</misses>
				<total>0</total>
				<timestamp>1025.484070</timestamp>
			</report>
			<report>
				<misses>131000000</misses>
				<total>0</total>
				<timestamp>1026.258309</timestamp>
			</report>
			<report>
				<misses>131100000</misses>
				<total>0</total>
				<timestamp>1027.053165</timestamp>
			</report>
			<report>
				<misses>131200000</misses>
				<total>0</total>
				<timestamp>1027.852624</timestamp>
			</report>
			<report>
				<misses>131300000</misses>
				<total>0</total>
				<timestamp>1028.613991</timestamp>
			</report>
			<report>
				<misses>131400000</misses>
				<total>0</total>
				<timestamp>1029.386589</timestamp>
			</report>
			<report>
				<misses>131500000</misses>
				<total>0</total>
				<timestamp>1030.192834</timestamp>
			</report>
			<report>
				<misses>131600000</misses>
				<total>0</total>
				<timestamp>1030.965647</timestamp>
			</report>
			<report>
				<misses>131700000</misses>
				<total>0</total>
				<timestamp>1031.742483</timestamp>
			</report>
			<report>
				<misses>131800000</misses>
				<total>0</total>
				<timestamp>1032.510099</timestamp>
			</report>
			<report>
				<misses>131900000</misses>
				<total>0</total>
				<timestamp>1033.268639</timestamp>
			</report>
			<report>
				<misses>132000000</misses>
				<total>0</total>
				<timestamp>1034.017383</timestamp>
			</report>
			<report>
				<misses>132100000</misses>
				<total>0</total>
				<timestamp>1034.822850</timestamp>
			</report>
			<report>
				<misses>132200000</misses>
				<total>0</total>
				<timestamp>1035.620973</timestamp>
			</report>
			<report>
				<misses>132300000</misses>
				<total>0</total>
				<timestamp>1036.448266</timestamp>
			</report>
			<report>
				<misses>132400000</misses>
				<total>0</total>
				<timestamp>1037.222326</timestamp>
			</report>
			<report>
				<misses>132500000</misses>
				<total>0</total>
				<timestamp>1038.030796</timestamp>
			</report>
			<report>
				<misses>132600000</misses>
				<total>0</total>
				<timestamp>1038.840786</timestamp>
			</report>
			<report>
				<misses>132700000</misses>
				<total>0</total>
				<timestamp>1039.679214</timestamp>
			</report>
			<report>
				<misses>132800000</misses>
				<total>0</total>
				<timestamp>1040.480846</timestamp>
			</report>
			<report>
				<misses>132900000</misses>
				<total>0</total>
				<timestamp>1041.232370</timestamp>
			</report>
			<report>
				<misses>133000000</misses>
				<total>0</total>
				<timestamp>1042.038957</timestamp>
			</report>
			<report>
				<misses>133100000</misses>
				<total>0</total>
				<timestamp>1042.813937</timestamp>
			</report>
			<report>
				<misses>133200000</misses>
				<total>0</total>
				<timestamp>1043.571866</timestamp>
			</report>
			<report>
				<misses>133300000</misses>
				<total>0</total>
				<timestamp>1044.358399</timestamp>
			</report>
			<report>
				<misses>133400000</misses>
				<total>0</total>
				<timestamp>1045.132672</timestamp>
			</report>
			<report>
				<misses>133500000</misses>
				<total>0</total>
				<timestamp>1045.873778</timestamp>
			</report>
			<report>
				<misses>133600000</misses>
				<total>0</total>
				<timestamp>1046.648161</timestamp>
			</report>
			<report>
				<misses>133700000</misses>
				<total>0</total>
				<timestamp>1047.420179</timestamp>
			</report>
			<report>
				<misses>133800000</misses>
				<total>0</total>
				<timestamp>1048.197509</timestamp>
			</report>
			<report>
				<misses>133900000</misses>
				<total>0</total>
				<timestamp>1048.943073</timestamp>
			</report>
			<report>
				<misses>134000000</misses>
				<total>0</total>
				<timestamp>1049.747100</timestamp>
			</report>
			<report>
				<misses>134100000</misses>
				<total>0</total>
				<timestamp>1050.501590</timestamp>
			</report>
			<report>
				<misses>134200000</misses>
				<total>0</total>
				<timestamp>1051.277745</timestamp>
			</report>
			<report>
				<misses>134300000</misses>
				<total>0</total>
				<timestamp>1052.079465</timestamp>
			</report>
			<report>
				<misses>134400000</misses>
				<total>0</total>
				<timestamp>1052.852283</timestamp>
			</report>
			<report>
				<misses>134500000</misses>
				<total>0</total>
				<timestamp>1053.645570</timestamp>
			</report>
			<report>
				<misses>134600000</misses>
				<total>0</total>
				<timestamp>1054.445232</timestamp>
			</report>
			<report>
				<misses>134700000</misses>
				<total>0</total>
				<timestamp>1055.244834</timestamp>
			</report>
			<report>
				<misses>134800000</misses>
				<total>0</total>
				<timestamp>1056.021476</timestamp>
			</report>
			<report>
				<misses>134900000</misses>
				<total>0</total>
				<timestamp>1056.794744</timestamp>
			</report>
			<report>
				<misses>135000000</misses>
				<total>0</total>
				<timestamp>1057.558155</timestamp>
			</report>
			<report>
				<misses>135100000</misses>
				<total>0</total>
				<timestamp>1058.296877</timestamp>
			</report>
			<report>
				<misses>135200000</misses>
				<total>0</total>
				<timestamp>1059.092929</timestamp>
			</report>
			<report>
				<misses>135300000</misses>
				<total>0</total>
				<timestamp>1059.848353</timestamp>
			</report>
			<report>
				<misses>135400000</misses>
				<total>0</total>
				<timestamp>1060.622960</timestamp>
			</report>
			<report>
				<misses>135500000</misses>
				<total>0</total>
				<timestamp>1061.431374</timestamp>
			</report>
			<report>
				<misses>135600000</misses>
				<total>0</total>
				<timestamp>1062.193022</timestamp>
			</report>
			<report>
				<misses>135700000</misses>
				<total>0</total>
				<timestamp>1062.969758</timestamp>
			</report>
			<report>
				<misses>135800000</misses>
				<total>0</total>
				<timestamp>1063.739676</timestamp>
			</report>
			<report>
				<misses>135900000</misses>
				<total>0</total>
				<timestamp>1064.540672</timestamp>
			</report>
			<report>
				<misses>136000000</misses>
				<total>0</total>
				<timestamp>1065.310021</timestamp>
			</report>
			<report>
				<misses>136100000</misses>
				<total>0</total>
				<timestamp>1066.079698</timestamp>
			</report>
			<report>
				<misses>136200000</misses>
				<total>0</total>
				<timestamp>1066.882203</timestamp>
			</report>
			<report>
				<misses>136300000</misses>
				<total>0</total>
				<timestamp>1067.640085</timestamp>
			</report>
			<report>
				<misses>136400000</misses>
				<total>0</total>
				<timestamp>1068.439558</timestamp>
			</report>
			<report>
				<misses>136500000</misses>
				<total>0</total>
				<timestamp>1069.215709</timestamp>
			</report>
			<report>
				<misses>136600000</misses>
				<total>0</total>
				<timestamp>1070.008937</timestamp>
			</report>
			<report>
				<misses>136700000</misses>
				<total>0</total>
				<timestamp>1070.779610</timestamp>
			</report>
			<report>
				<misses>136800000</misses>
				<total>0</total>
				<timestamp>1071.576086</timestamp>
			</report>
			<report>
				<misses>136900000</misses>
				<total>0</total>
				<timestamp>1072.325217</timestamp>
			</report>
			<report>
				<misses>137000000</misses>
				<total>0</total>
				<timestamp>1073.094295</timestamp>
			</report>
			<report>
				<misses>137100000</misses>
				<total>0</total>
				<timestamp>1073.896141</timestamp>
			</report>
			<report>
				<misses>137200000</misses>
				<total>0</total>
				<timestamp>1074.674143</timestamp>
			</report>
			<report>
				<misses>137300000</misses>
				<total>0</total>
				<timestamp>1075.441792</timestamp>
			</report>
			<report>
				<misses>137400000</misses>
				<total>0</total>
				<timestamp>1076.229128</timestamp>
			</report>
			<report>
				<misses>137500000</misses>
				<total>0</total>
				<timestamp>1076.996945</timestamp>
			</report>
			<report>
				<misses>137600000</misses>
				<total>0</total>
				<timestamp>1077.790773</timestamp>
			</report>
			<report>
				<misses>137700000</misses>
				<total>0</total>
				<timestamp>1078.573796</timestamp>
			</report>
			<report>
				<misses>137800000</misses>
				<total>0</total>
				<timestamp>1079.331765</timestamp>
			</report>
			<report>
				<misses>137900000</misses>
				<total>0</total>
				<timestamp>1080.137253</timestamp>
			</report>
			<report>
				<misses>138000000</misses>
				<total>0</total>
				<timestamp>1080.918722</timestamp>
			</report>
			<report>
				<misses>138100000</misses>
				<total>0</total>
				<timestamp>1081.689990</timestamp>
			</report>
			<report>
				<misses>138200000</misses>
				<total>0</total>
				<timestamp>1082.459111</timestamp>
			</report>
			<report>
				<misses>138300000</misses>
				<total>0</total>
				<timestamp>1083.276543</timestamp>
			</report>
			<report>
				<misses>138400000</misses>
				<total>0</total>
				<timestamp>1084.078258</timestamp>
			</report>
			<report>
				<misses>138500000</misses>
				<total>0</total>
				<timestamp>1084.850513</timestamp>
			</report>
			<report>
				<misses>138600000</misses>
				<total>0</total>
				<timestamp>1085.648908</timestamp>
			</report>
			<report>
				<misses>138700000</misses>
				<total>0</total>
				<timestamp>1086.387019</timestamp>
			</report>
			<report>
				<misses>138800000</misses>
				<total>0</total>
				<timestamp>1087.188772</timestamp>
			</report>
			<report>
				<misses>138900000</misses>
				<total>0</total>
				<timestamp>1087.975353</timestamp>
			</report>
			<report>
				<misses>139000000</misses>
				<total>0</total>
				<timestamp>1088.727223</timestamp>
			</report>
			<report>
				<misses>139100000</misses>
				<total>0</total>
				<timestamp>1089.491353</timestamp>
			</report>
			<report>
				<misses>139200000</misses>
				<total>0</total>
				<timestamp>1090.280722</timestamp>
			</report>
			<report>
				<misses>139300000</misses>
				<total>0</total>
				<timestamp>1091.046915</timestamp>
			</report>
			<report>
				<misses>139400000</misses>
				<total>0</total>
				<timestamp>1091.832044</timestamp>
			</report>
			<report>
				<misses>139500000</misses>
				<total>0</total>
				<timestamp>1092.677375</timestamp>
			</report>
			<report>
				<misses>139600000</misses>
				<total>0</total>
				<timestamp>1093.453662</timestamp>
			</report>
			<report>
				<misses>139700000</misses>
				<total>0</total>
				<timestamp>1094.207578</timestamp>
			</report>
			<report>
				<misses>139800000</misses>
				<total>0</total>
				<timestamp>1094.943438</timestamp>
			</report>
			<report>
				<misses>139900000</misses>
				<total>0</total>
				<timestamp>1095.688562</timestamp>
			</report>
			<report>
				<misses>140000000</misses>
				<total>0</total>
				<timestamp>1096.457067</timestamp>
			</report>
			<report>
				<misses>140100000</misses>
				<total>0</total>
				<timestamp>1097.219493</timestamp>
			</report>
			<report>
				<misses>140200000</misses>
				<total>0</total>
				<timestamp>1098.025262</timestamp>
			</report>
			<report>
				<misses>140300000</misses>
				<total>0</total>
				<timestamp>1098.843480</timestamp>
			</report>
			<report>
				<misses>140400000</misses>
				<total>0</total>
				<timestamp>1099.614337</timestamp>
			</report>
			<report>
				<misses>140500000</misses>
				<total>0</total>
				<timestamp>1100.395165</timestamp>
			</report>
			<report>
				<misses>140600000</misses>
				<total>0</total>
				<timestamp>1101.182334</timestamp>
			</report>
			<report>
				<misses>140700000</misses>
				<total>0</total>
				<timestamp>1101.945448</timestamp>
			</report>
			<report>
				<misses>140800000</misses>
				<total>0</total>
				<timestamp>1102.754478</timestamp>
			</report>
			<report>
				<misses>140900000</misses>
				<total>0</total>
				<timestamp>1103.518272</timestamp>
			</report>
			<report>
				<misses>141000000</misses>
				<total>0</total>
				<timestamp>1104.343753</timestamp>
			</report>
			<report>
				<misses>141100000</misses>
				<total>0</total>
				<timestamp>1105.114600</timestamp>
			</report>
			<report>
				<misses>141200000</misses>
				<total>0</total>
				<timestamp>1105.910265</timestamp>
			</report>
			<report>
				<misses>141300000</misses>
				<total>0</total>
				<timestamp>1106.688349</timestamp>
			</report>
			<report>
				<misses>141400000</misses>
				<total>0</total>
				<timestamp>1107.456699</timestamp>
			</report>
			<report>
				<misses>141500000</misses>
				<total>0</total>
				<timestamp>1108.256206</timestamp>
			</report>
			<report>
				<misses>141600000</misses>
				<total>0</total>
				<timestamp>1109.046229</timestamp>
			</report>
			<report>
				<misses>141700000</misses>
				<total>0</total>
				<timestamp>1109.804466</timestamp>
			</report>
			<report>
				<misses>141800000</misses>
				<total>0</total>
				<timestamp>1110.541197</timestamp>
			</report>
			<report>
				<misses>141900000</misses>
				<total>0</total>
				<timestamp>1111.318985</timestamp>
			</report>
			<report>
				<misses>142000000</misses>
				<total>0</total>
				<timestamp>1112.083885</timestamp>
			</report>
			<report>
				<misses>142100000</misses>
				<total>0</total>
				<timestamp>1112.886547</timestamp>
			</report>
			<report>
				<misses>142200000</misses>
				<total>0</total>
				<timestamp>1113.666962</timestamp>
			</report>
			<report>
				<misses>142300000</misses>
				<total>0</total>
				<timestamp>1114.433374</timestamp>
			</report>
			<report>
				<misses>142400000</misses>
				<total>0</total>
				<timestamp>1115.234948</timestamp>
			</report>
			<report>
				<misses>142500000</misses>
				<total>0</total>
				<timestamp>1116.059845</timestamp>
			</report>
			<report>
				<misses>142600000</misses>
				<total>0</total>
				<timestamp>1116.843058</timestamp>
			</report>
			<report>
				<misses>142700000</misses>
				<total>0</total>
				<timestamp>1117.657907</timestamp>
			</report>
			<report>
				<misses>142800000</misses>
				<total>0</total>
				<timestamp>1118.507547</timestamp>
			</report>
			<report>
				<misses>142900000</misses>
				<total>0</total>
				<timestamp>1119.260002</timestamp>
			</report>
			<report>
				<misses>143000000</misses>
				<total>0</total>
				<timestamp>1120.075016</timestamp>
			</report>
			<report>
				<misses>143100000</misses>
				<total>0</total>
				<timestamp>1120.874581</timestamp>
			</report>
			<report>
				<misses>143200000</misses>
				<total>0</total>
				<timestamp>1121.661463</timestamp>
			</report>
			<report>
				<misses>143300000</misses>
				<total>0</total>
				<timestamp>1122.462229</timestamp>
			</report>
			<report>
				<misses>143400000</misses>
				<total>0</total>
				<timestamp>1123.276190</timestamp>
			</report>
			<report>
				<misses>143500000</misses>
				<total>0</total>
				<timestamp>1124.024438</timestamp>
			</report>
			<report>
				<misses>143600000</misses>
				<total>0</total>
				<timestamp>1124.808999</timestamp>
			</report>
			<report>
				<misses>143700000</misses>
				<total>0</total>
				<timestamp>1125.587068</timestamp>
			</report>
			<report>
				<misses>143800000</misses>
				<total>0</total>
				<timestamp>1126.365177</timestamp>
			</report>
			<report>
				<misses>143900000</misses>
				<total>0</total>
				<timestamp>1127.176946</timestamp>
			</report>
			<report>
				<misses>144000000</misses>
				<total>0</total>
				<timestamp>1127.958166</timestamp>
			</report>
			<report>
				<misses>144100000</misses>
				<total>0</total>
				<timestamp>1128.723420</timestamp>
			</report>
			<report>
				<misses>144200000</misses>
				<total>0</total>
				<timestamp>1129.497093</timestamp>
			</report>
			<report>
				<misses>144300000</misses>
				<total>0</total>
				<timestamp>1130.334539</timestamp>
			</report>
			<report>
				<misses>144400000</misses>
				<total>0</total>
				<timestamp>1131.065893</timestamp>
			</report>
			<report>
				<misses>144500000</misses>
				<total>0</total>
				<timestamp>1131.799913</timestamp>
			</report>
			<report>
				<misses>144600000</misses>
				<total>0</total>
				<timestamp>1132.595826</timestamp>
			</report>
			<report>
				<misses>144700000</misses>
				<total>0</total>
				<timestamp>1133.384684</timestamp>
			</report>
			<report>
				<misses>144800000</misses>
				<total>0</total>
				<timestamp>1134.200233</timestamp>
			</report>
			<report>
				<misses>144900000</misses>
				<total>0</total>
				<timestamp>1135.010902</timestamp>
			</report>
			<report>
				<misses>145000000</misses>
				<total>0</total>
				<timestamp>1135.775779</timestamp>
			</report>
			<report>
				<misses>145100000</misses>
				<total>0</total>
				<timestamp>1136.559775</timestamp>
			</report>
			<report>
				<misses>145200000</misses>
				<total>0</total>
				<timestamp>1137.299252</timestamp>
			</report>
			<report>
				<misses>145300000</misses>
				<total>0</total>
				<timestamp>1138.066499</timestamp>
			</report>
			<report>
				<misses>145400000</misses>
				<total>0</total>
				<timestamp>1138.813792</timestamp>
			</report>
			<report>
				<misses>145500000</misses>
				<total>0</total>
				<timestamp>1139.641625</timestamp>
			</report>
			<report>
				<misses>145600000</misses>
				<total>0</total>
				<timestamp>1140.426573</timestamp>
			</report>
			<report>
				<misses>145700000</misses>
				<total>0</total>
				<timestamp>1141.174308</timestamp>
			</report>
			<report>
				<misses>145800000</misses>
				<total>0</total>
				<timestamp>1141.984687</timestamp>
			</report>
			<report>
				<misses>145900000</misses>
				<total>0</total>
				<timestamp>1142.793986</timestamp>
			</report>
			<report>
				<misses>146000000</misses>
				<total>0</total>
				<timestamp>1143.563077</timestamp>
			</report>
			<report>
				<misses>146100000</misses>
				<total>0</total>
				<timestamp>1144.343677</timestamp>
			</report>
			<report>
				<misses>146200000</misses>
				<total>0</total>
				<timestamp>1145.159161</timestamp>
			</report>
			<report>
				<misses>146300000</misses>
				<total>0</total>
				<timestamp>1145.910530</timestamp>
			</report>
			<report>
				<misses>146400000</misses>
				<total>0</total>
				<timestamp>1146.716282</timestamp>
			</report>
			<report>
				<misses>146500000</misses>
				<total>0</total>
				<timestamp>1147.542279</timestamp>
			</report>
			<report>
				<misses>146600000</misses>
				<total>0</total>
				<timestamp>1148.314029</timestamp>
			</report>
			<report>
				<misses>146700000</misses>
				<total>0</total>
				<timestamp>1149.081872</timestamp>
			</report>
			<report>
				<misses>146800000</misses>
				<total>0</total>
				<timestamp>1149.876018</timestamp>
			</report>
			<report>
				<misses>146900000</misses>
				<total>0</total>
				<timestamp>1150.648605</timestamp>
			</report>
			<report>
				<misses>147000000</misses>
				<total>0</total>
				<timestamp>1151.416144</timestamp>
			</report>
			<report>
				<misses>147100000</misses>
				<total>0</total>
				<timestamp>1152.174181</timestamp>
			</report>
			<report>
				<misses>147200000</misses>
				<total>0</total>
				<timestamp>1152.921058</timestamp>
			</report>
			<report>
				<misses>147300000</misses>
				<total>0</total>
				<timestamp>1153.705450</timestamp>
			</report>
			<report>
				<misses>147400000</misses>
				<total>0</total>
				<timestamp>1154.457824</timestamp>
			</report>
			<report>
				<misses>147500000</misses>
				<total>0</total>
				<timestamp>1155.252178</timestamp>
			</report>
			<report>
				<misses>147600000</misses>
				<total>0</total>
				<timestamp>1156.041169</timestamp>
			</report>
			<report>
				<misses>147700000</misses>
				<total>0</total>
				<timestamp>1156.869340</timestamp>
			</report>
			<report>
				<misses>147800000</misses>
				<total>0</total>
				<timestamp>1157.636863</timestamp>
			</report>
			<report>
				<misses>147900000</misses>
				<total>0</total>
				<timestamp>1158.406443</timestamp>
			</report>
			<report>
				<misses>148000000</misses>
				<total>0</total>
				<timestamp>1159.197495</timestamp>
			</report>
			<report>
				<misses>148100000</misses>
				<total>0</total>
				<timestamp>1159.945316</timestamp>
			</report>
			<report>
				<misses>148200000</misses>
				<total>0</total>
				<timestamp>1160.718046</timestamp>
			</report>
			<report>
				<misses>148300000</misses>
				<total>0</total>
				<timestamp>1161.508257</timestamp>
			</report>
			<report>
				<misses>148400000</misses>
				<total>0</total>
				<timestamp>1162.355231</timestamp>
			</report>
			<report>
				<misses>148500000</misses>
				<total>0</total>
				<timestamp>1163.111969</timestamp>
			</report>
			<report>
				<misses>148600000</misses>
				<total>0</total>
				<timestamp>1163.845331</timestamp>
			</report>
			<report>
				<misses>148700000</misses>
				<total>0</total>
				<timestamp>1164.651164</timestamp>
			</report>
			<report>
				<misses>148800000</misses>
				<total>0</total>
				<timestamp>1165.396309</timestamp>
			</report>
			<report>
				<misses>148900000</misses>
				<total>0</total>
				<timestamp>1166.129270</timestamp>
			</report>
			<report>
				<misses>149000000</misses>
				<total>0</total>
				<timestamp>1166.904203</timestamp>
			</report>
			<report>
				<misses>149100000</misses>
				<total>0</total>
				<timestamp>1167.727950</timestamp>
			</report>
			<report>
				<misses>149200000</misses>
				<total>0</total>
				<timestamp>1168.471678</timestamp>
			</report>
			<report>
				<misses>149300000</misses>
				<total>0</total>
				<timestamp>1169.272702</timestamp>
			</report>
			<report>
				<misses>149400000</misses>
				<total>0</total>
				<timestamp>1170.039731</timestamp>
			</report>
			<report>
				<misses>149500000</misses>
				<total>0</total>
				<timestamp>1170.825294</timestamp>
			</report>
			<report>
				<misses>149600000</misses>
				<total>0</total>
				<timestamp>1171.640396</timestamp>
			</report>
			<report>
				<misses>149700000</misses>
				<total>0</total>
				<timestamp>1172.457238</timestamp>
			</report>
			<report>
				<misses>149800000</misses>
				<total>0</total>
				<timestamp>1173.287775</timestamp>
			</report>
			<report>
				<misses>149900000</misses>
				<total>0</total>
				<timestamp>1174.092833</timestamp>
			</report>
			<report>
				<misses>150000000</misses>
				<total>0</total>
				<timestamp>1174.852674</timestamp>
			</report>
			<report>
				<misses>150100000</misses>
				<total>0</total>
				<timestamp>1175.611917</timestamp>
			</report>
			<report>
				<misses>150200000</misses>
				<total>0</total>
				<timestamp>1176.416301</timestamp>
			</report>
			<report>
				<misses>150300000</misses>
				<total>0</total>
				<timestamp>1177.192909</timestamp>
			</report>
			<report>
				<misses>150400000</misses>
				<total>0</total>
				<timestamp>1177.969113</timestamp>
			</report>
			<report>
				<misses>150500000</misses>
				<total>0</total>
				<timestamp>1178.803891</timestamp>
			</report>
			<report>
				<misses>150600000</misses>
				<total>0</total>
				<timestamp>1179.577999</timestamp>
			</report>
			<report>
				<misses>150700000</misses>
				<total>0</total>
				<timestamp>1180.340021</timestamp>
			</report>
			<report>
				<misses>150800000</misses>
				<total>0</total>
				<timestamp>1181.101625</timestamp>
			</report>
			<report>
				<misses>150900000</misses>
				<total>0</total>
				<timestamp>1181.909211</timestamp>
			</report>
			<report>
				<misses>151000000</misses>
				<total>0</total>
				<timestamp>1182.666549</timestamp>
			</report>
			<report>
				<misses>151100000</misses>
				<total>0</total>
				<timestamp>1183.451020</timestamp>
			</report>
			<report>
				<misses>151200000</misses>
				<total>0</total>
				<timestamp>1184.211932</timestamp>
			</report>
			<report>
				<misses>151300000</misses>
				<total>0</total>
				<timestamp>1185.029122</timestamp>
			</report>
			<report>
				<misses>151400000</misses>
				<total>0</total>
				<timestamp>1185.778611</timestamp>
			</report>
			<report>
				<misses>151500000</misses>
				<total>0</total>
				<timestamp>1186.564121</timestamp>
			</report>
			<report>
				<misses>151600000</misses>
				<total>0</total>
				<timestamp>1187.327151</timestamp>
			</report>
			<report>
				<misses>151700000</misses>
				<total>0</total>
				<timestamp>1188.148970</timestamp>
			</report>
			<report>
				<misses>151800000</misses>
				<total>0</total>
				<timestamp>1188.925964</timestamp>
			</report>
			<report>
				<misses>151900000</misses>
				<total>0</total>
				<timestamp>1189.696404</timestamp>
			</report>
			<report>
				<misses>152000000</misses>
				<total>0</total>
				<timestamp>1190.470132</timestamp>
			</report>
			<report>
				<misses>152100000</misses>
				<total>0</total>
				<timestamp>1191.277647</timestamp>
			</report>
			<report>
				<misses>152200000</misses>
				<total>0</total>
				<timestamp>1192.037451</timestamp>
			</report>
			<report>
				<misses>152300000</misses>
				<total>0</total>
				<timestamp>1192.813440</timestamp>
			</report>
			<report>
				<misses>152400000</misses>
				<total>0</total>
				<timestamp>1193.622440</timestamp>
			</report>
			<report>
				<misses>152500000</misses>
				<total>0</total>
				<timestamp>1194.406014</timestamp>
			</report>
			<report>
				<misses>152600000</misses>
				<total>0</total>
				<timestamp>1195.190639</timestamp>
			</report>
			<report>
				<misses>152700000</misses>
				<total>0</total>
				<timestamp>1195.974248</timestamp>
			</report>
			<report>
				<misses>152800000</misses>
				<total>0</total>
				<timestamp>1196.758776</timestamp>
			</report>
			<report>
				<misses>152900000</misses>
				<total>0</total>
				<timestamp>1197.581843</timestamp>
			</report>
			<report>
				<misses>153000000</misses>
				<total>0</total>
				<timestamp>1198.339415</timestamp>
			</report>
			<report>
				<misses>153100000</misses>
				<total>0</total>
				<timestamp>1199.110962</timestamp>
			</report>
			<report>
				<misses>153200000</misses>
				<total>0</total>
				<timestamp>1199.857071</timestamp>
			</report>
			<report>
				<misses>153300000</misses>
				<total>0</total>
				<timestamp>1200.647448</timestamp>
			</report>
			<report>
				<misses>153400000</misses>
				<total>0</total>
				<timestamp>1201.414330</timestamp>
			</report>
			<report>
				<misses>153500000</misses>
				<total>0</total>
				<timestamp>1202.165060</timestamp>
			</report>
			<report>
				<misses>153600000</misses>
				<total>0</total>
				<timestamp>1202.989826</timestamp>
			</report>
			<report>
				<misses>153700000</misses>
				<total>0</total>
				<timestamp>1203.771853</timestamp>
			</report>
			<report>
				<misses>153800000</misses>
				<total>0</total>
				<timestamp>1204.537574</timestamp>
			</report>
			<report>
				<misses>153900000</misses>
				<total>0</total>
				<timestamp>1205.358766</timestamp>
			</report>
			<report>
				<misses>154000000</misses>
				<total>0</total>
				<timestamp>1206.153440</timestamp>
			</report>
			<report>
				<misses>154100000</misses>
				<total>0</total>
				<timestamp>1206.935659</timestamp>
			</report>
			<report>
				<misses>154200000</misses>
				<total>0</total>
				<timestamp>1207.675084</timestamp>
			</report>
			<report>
				<misses>154300000</misses>
				<total>0</total>
				<timestamp>1208.481825</timestamp>
			</report>
			<report>
				<misses>154400000</misses>
				<total>0</total>
				<timestamp>1209.283698</timestamp>
			</report>
			<report>
				<misses>154500000</misses>
				<total>0</total>
				<timestamp>1210.055320</timestamp>
			</report>
			<report>
				<misses>154600000</misses>
				<total>0</total>
				<timestamp>1210.840891</timestamp>
			</report>
			<report>
				<misses>154700000</misses>
				<total>0</total>
				<timestamp>1211.602407</timestamp>
			</report>
			<report>
				<misses>154800000</misses>
				<total>0</total>
				<timestamp>1212.376113</timestamp>
			</report>
			<report>
				<misses>154900000</misses>
				<total>0</total>
				<timestamp>1213.140189</timestamp>
			</report>
			<report>
				<misses>155000000</misses>
				<total>0</total>
				<timestamp>1213.920251</timestamp>
			</report>
			<report>
				<misses>155100000</misses>
				<total>0</total>
				<timestamp>1214.715409</timestamp>
			</report>
			<report>
				<misses>155200000</misses>
				<total>0</total>
				<timestamp>1215.473849</timestamp>
			</report>
			<report>
				<misses>155300000</misses>
				<total>0</total>
				<timestamp>1216.251847</timestamp>
			</report>
			<report>
				<misses>155400000</misses>
				<total>0</total>
				<timestamp>1217.014067</timestamp>
			</report>
			<report>
				<misses>155500000</misses>
				<total>0</total>
				<timestamp>1217.801903</timestamp>
			</report>
			<report>
				<misses>155600000</misses>
				<total>0</total>
				<timestamp>1218.555891</timestamp>
			</report>
			<report>
				<misses>155700000</misses>
				<total>0</total>
				<timestamp>1219.338954</timestamp>
			</report>
			<report>
				<misses>155800000</misses>
				<total>0</total>
				<timestamp>1220.167956</timestamp>
			</report>
			<report>
				<misses>155900000</misses>
				<total>0</total>
				<timestamp>1220.915274</timestamp>
			</report>
			<report>
				<misses>156000000</misses>
				<total>0</total>
				<timestamp>1221.673953</timestamp>
			</report>
			<report>
				<misses>156100000</misses>
				<total>0</total>
				<timestamp>1222.461978</timestamp>
			</report>
			<report>
				<misses>156200000</misses>
				<total>0</total>
				<timestamp>1223.219006</timestamp>
			</report>
			<report>
				<misses>156300000</misses>
				<total>0</total>
				<timestamp>1223.985157</timestamp>
			</report>
			<report>
				<misses>156400000</misses>
				<total>0</total>
				<timestamp>1224.769406</timestamp>
			</report>
			<report>
				<misses>156500000</misses>
				<total>0</total>
				<timestamp>1225.541116</timestamp>
			</report>
			<report>
				<misses>156600000</misses>
				<total>0</total>
				<timestamp>1226.340425</timestamp>
			</report>
			<report>
				<misses>156700000</misses>
				<total>0</total>
				<timestamp>1227.098345</timestamp>
			</report>
			<report>
				<misses>156800000</misses>
				<total>0</total>
				<timestamp>1227.911782</timestamp>
			</report>
			<report>
				<misses>156900000</misses>
				<total>0</total>
				<timestamp>1228.701367</timestamp>
			</report>
			<report>
				<misses>157000000</misses>
				<total>0</total>
				<timestamp>1229.517838</timestamp>
			</report>
			<report>
				<misses>157100000</misses>
				<total>0</total>
				<timestamp>1230.281902</timestamp>
			</report>
			<report>
				<misses>157200000</misses>
				<total>0</total>
				<timestamp>1231.039490</timestamp>
			</report>
			<report>
				<misses>157300000</misses>
				<total>0</total>
				<timestamp>1231.825585</timestamp>
			</report>
			<report>
				<misses>157400000</misses>
				<total>0</total>
				<timestamp>1232.574270</timestamp>
			</report>
			<report>
				<misses>157500000</misses>
				<total>0</total>
				<timestamp>1233.361522</timestamp>
			</report>
			<report>
				<misses>157600000</misses>
				<total>0</total>
				<timestamp>1234.164753</timestamp>
			</report>
			<report>
				<misses>157700000</misses>
				<total>0</total>
				<timestamp>1234.948191</timestamp>
			</report>
			<report>
				<misses>157800000</misses>
				<total>0</total>
				<timestamp>1235.714111</timestamp>
			</report>
			<report>
				<misses>157900000</misses>
				<total>0</total>
				<timestamp>1236.462770</timestamp>
			</report>
			<report>
				<misses>158000000</misses>
				<total>0</total>
				<timestamp>1237.253225</timestamp>
			</report>
			<report>
				<misses>158100000</misses>
				<total>0</total>
				<timestamp>1238.050455</timestamp>
			</report>
			<report>
				<misses>158200000</misses>
				<total>0</total>
				<timestamp>1238.813174</timestamp>
			</report>
			<report>
				<misses>158300000</misses>
				<total>0</total>
				<timestamp>1239.582886</timestamp>
			</report>
			<report>
				<misses>158400000</misses>
				<total>0</total>
				<timestamp>1240.372571</timestamp>
			</report>
			<report>
				<misses>158500000</misses>
				<total>0</total>
				<timestamp>1241.154931</timestamp>
			</report>
			<report>
				<misses>158600000</misses>
				<total>0</total>
				<timestamp>1241.934055</timestamp>
			</report>
			<report>
				<misses>158700000</misses>
				<total>0</total>
				<timestamp>1242.684945</timestamp>
			</report>
			<report>
				<misses>158800000</misses>
				<total>0</total>
				<timestamp>1243.483690</timestamp>
			</report>
			<report>
				<misses>158900000</misses>
				<total>0</total>
				<timestamp>1244.288486</timestamp>
			</report>
			<report>
				<misses>159000000</misses>
				<total>0</total>
				<timestamp>1245.058527</timestamp>
			</report>
			<report>
				<misses>159100000</misses>
				<total>0</total>
				<timestamp>1245.842952</timestamp>
			</report>
			<report>
				<misses>159200000</misses>
				<total>0</total>
				<timestamp>1246.671276</timestamp>
			</report>
			<report>
				<misses>159300000</misses>
				<total>0</total>
				<timestamp>1247.442688</timestamp>
			</report>
			<report>
				<misses>159400000</misses>
				<total>0</total>
				<timestamp>1248.216803</timestamp>
			</report>
			<report>
				<misses>159500000</misses>
				<total>0</total>
				<timestamp>1249.036439</timestamp>
			</report>
			<report>
				<misses>159600000</misses>
				<total>0</total>
				<timestamp>1249.810634</timestamp>
			</report>
			<report>
				<misses>159700000</misses>
				<total>0</total>
				<timestamp>1250.559499</timestamp>
			</report>
			<report>
				<misses>159800000</misses>
				<total>0</total>
				<timestamp>1251.363425</timestamp>
			</report>
			<report>
				<misses>159900000</misses>
				<total>0</total>
				<timestamp>1252.153752</timestamp>
			</report>
			<report>
				<misses>160000000</misses>
				<total>0</total>
				<timestamp>1252.974295</timestamp>
			</report>
			<report>
				<misses>160100000</misses>
				<total>0</total>
				<timestamp>1253.727765</timestamp>
			</report>
			<report>
				<misses>160200000</misses>
				<total>0</total>
				<timestamp>1254.528426</timestamp>
			</report>
			<report>
				<misses>160300000</misses>
				<total>0</total>
				<timestamp>1255.354987</timestamp>
			</report>
			<report>
				<misses>160400000</misses>
				<total>0</total>
				<timestamp>1256.168719</timestamp>
			</report>
			<report>
				<misses>160500000</misses>
				<total>0</total>
				<timestamp>1256.939008</timestamp>
			</report>
			<report>
				<misses>160600000</misses>
				<total>0</total>
				<timestamp>1257.706909</timestamp>
			</report>
			<report>
				<misses>160700000</misses>
				<total>0</total>
				<timestamp>1258.524543</timestamp>
			</report>
			<report>
				<misses>160800000</misses>
				<total>0</total>
				<timestamp>1259.272351</timestamp>
			</report>
			<report>
				<misses>160900000</misses>
				<total>0</total>
				<timestamp>1260.074556</timestamp>
			</report>
			<report>
				<misses>161000000</misses>
				<total>0</total>
				<timestamp>1260.851734</timestamp>
			</report>
			<report>
				<misses>161100000</misses>
				<total>0</total>
				<timestamp>1261.623251</timestamp>
			</report>
			<report>
				<misses>161200000</misses>
				<total>0</total>
				<timestamp>1262.396381</timestamp>
			</report>
			<report>
				<misses>161300000</misses>
				<total>0</total>
				<timestamp>1263.157511</timestamp>
			</report>
			<report>
				<misses>161400000</misses>
				<total>0</total>
				<timestamp>1263.965293</timestamp>
			</report>
			<report>
				<misses>161500000</misses>
				<total>0</total>
				<timestamp>1264.754918</timestamp>
			</report>
			<report>
				<misses>161600000</misses>
				<total>0</total>
				<timestamp>1265.534872</timestamp>
			</report>
			<report>
				<misses>161700000</misses>
				<total>0</total>
				<timestamp>1266.333026</timestamp>
			</report>
			<report>
				<misses>161800000</misses>
				<total>0</total>
				<timestamp>1267.110963</timestamp>
			</report>
			<report>
				<misses>161900000</misses>
				<total>0</total>
				<timestamp>1267.913435</timestamp>
			</report>
			<report>
				<misses>162000000</misses>
				<total>0</total>
				<timestamp>1268.677312</timestamp>
			</report>
			<report>
				<misses>162100000</misses>
				<total>0</total>
				<timestamp>1269.448937</timestamp>
			</report>
			<report>
				<misses>162200000</misses>
				<total>0</total>
				<timestamp>1270.268815</timestamp>
			</report>
			<report>
				<misses>162300000</misses>
				<total>0</total>
				<timestamp>1271.093839</timestamp>
			</report>
			<report>
				<misses>162400000</misses>
				<total>0</total>
				<timestamp>1271.881898</timestamp>
			</report>
			<report>
				<misses>162500000</misses>
				<total>0</total>
				<timestamp>1272.661137</timestamp>
			</report>
			<report>
				<misses>162600000</misses>
				<total>0</total>
				<timestamp>1273.427630</timestamp>
			</report>
			<report>
				<misses>162700000</misses>
				<total>0</total>
				<timestamp>1274.237397</timestamp>
			</report>
			<report>
				<misses>162800000</misses>
				<total>0</total>
				<timestamp>1275.022406</timestamp>
			</report>
			<report>
				<misses>162900000</misses>
				<total>0</total>
				<timestamp>1275.841424</timestamp>
			</report>
			<report>
				<misses>163000000</misses>
				<total>0</total>
				<timestamp>1276.609925</timestamp>
			</report>
			<report>
				<misses>163100000</misses>
				<total>0</total>
				<timestamp>1277.392300</timestamp>
			</report>
			<report>
				<misses>163200000</misses>
				<total>0</total>
				<timestamp>1278.199022</timestamp>
			</report>
			<report>
				<misses>163300000</misses>
				<total>0</total>
				<timestamp>1278.963740</timestamp>
			</report>
			<report>
				<misses>163400000</misses>
				<total>0</total>
				<timestamp>1279.761300</timestamp>
			</report>
			<report>
				<misses>163500000</misses>
				<total>0</total>
				<timestamp>1280.524757</timestamp>
			</report>
			<report>
				<misses>163600000</misses>
				<total>0</total>
				<timestamp>1281.319027</timestamp>
			</report>
			<report>
				<misses>163700000</misses>
				<total>0</total>
				<timestamp>1282.115397</timestamp>
			</report>
			<report>
				<misses>163800000</misses>
				<total>0</total>
				<timestamp>1282.917344</timestamp>
			</report>
			<report>
				<misses>163900000</misses>
				<total>0</total>
				<timestamp>1283.681162</timestamp>
			</report>
			<report>
				<misses>164000000</misses>
				<total>0</total>
				<timestamp>1284.480957</timestamp>
			</report>
			<report>
				<misses>164100000</misses>
				<total>0</total>
				<timestamp>1285.246364</timestamp>
			</report>
			<report>
				<misses>164200000</misses>
				<total>0</total>
				<timestamp>1286.025135</timestamp>
			</report>
			<report>
				<misses>164300000</misses>
				<total>0</total>
				<timestamp>1286.763157</timestamp>
			</report>
			<report>
				<misses>164400000</misses>
				<total>0</total>
				<timestamp>1287.578811</timestamp>
			</report>
			<report>
				<misses>164500000</misses>
				<total>0</total>
				<timestamp>1288.369857</timestamp>
			</report>
			<report>
				<misses>164600000</misses>
				<total>0</total>
				<timestamp>1289.178021</timestamp>
			</report>
			<report>
				<misses>164700000</misses>
				<total>0</total>
				<timestamp>1289.950132</timestamp>
			</report>
			<report>
				<misses>164800000</misses>
				<total>0</total>
				<timestamp>1290.699270</timestamp>
			</report>
			<report>
				<misses>164900000</misses>
				<total>0</total>
				<timestamp>1291.456791</timestamp>
			</report>
			<report>
				<misses>165000000</misses>
				<total>0</total>
				<timestamp>1292.206181</timestamp>
			</report>
			<report>
				<misses>165100000</misses>
				<total>0</total>
				<timestamp>1292.988857</timestamp>
			</report>
			<report>
				<misses>165200000</misses>
				<total>0</total>
				<timestamp>1293.803837</timestamp>
			</report>
			<report>
				<misses>165300000</misses>
				<total>0</total>
				<timestamp>1294.613166</timestamp>
			</report>
			<report>
				<misses>165400000</misses>
				<total>0</total>
				<timestamp>1295.419565</timestamp>
			</report>
			<report>
				<misses>165500000</misses>
				<total>0</total>
				<timestamp>1296.206763</timestamp>
			</report>
			<report>
				<misses>165600000</misses>
				<total>0</total>
				<timestamp>1296.999994</timestamp>
			</report>
			<report>
				<misses>165700000</misses>
				<total>0</total>
				<timestamp>1297.752723</timestamp>
			</report>
			<report>
				<misses>165800000</misses>
				<total>0</total>
				<timestamp>1298.513127</timestamp>
			</report>
			<report>
				<misses>165900000</misses>
				<total>0</total>
				<timestamp>1299.312274</timestamp>
			</report>
			<report>
				<misses>166000000</misses>
				<total>0</total>
				<timestamp>1300.085256</timestamp>
			</report>
			<report>
				<misses>166100000</misses>
				<total>0</total>
				<timestamp>1300.874129</timestamp>
			</report>
			<report>
				<misses>166200000</misses>
				<total>0</total>
				<timestamp>1301.660588</timestamp>
			</report>
			<report>
				<misses>166300000</misses>
				<total>0</total>
				<timestamp>1302.438505</timestamp>
			</report>
			<report>
				<misses>166400000</misses>
				<total>0</total>
				<timestamp>1303.232203</timestamp>
			</report>
			<report>
				<misses>166500000</misses>
				<total>0</total>
				<timestamp>1304.055908</timestamp>
			</report>
			<report>
				<misses>166600000</misses>
				<total>0</total>
				<timestamp>1304.807428</timestamp>
			</report>
			<report>
				<misses>166700000</misses>
				<total>0</total>
				<timestamp>1305.587332</timestamp>
			</report>
			<report>
				<misses>166800000</misses>
				<total>0</total>
				<timestamp>1306.349480</timestamp>
			</report>
			<report>
				<misses>166900000</misses>
				<total>0</total>
				<timestamp>1307.111783</timestamp>
			</report>
			<report>
				<misses>167000000</misses>
				<total>0</total>
				<timestamp>1307.885807</timestamp>
			</report>
			<report>
				<misses>167100000</misses>
				<total>0</total>
				<timestamp>1308.662606</timestamp>
			</report>
			<report>
				<misses>167200000</misses>
				<total>0</total>
				<timestamp>1309.402208</timestamp>
			</report>
			<report>
				<misses>167300000</misses>
				<total>0</total>
				<timestamp>1310.164437</timestamp>
			</report>
			<report>
				<misses>167400000</misses>
				<total>0</total>
				<timestamp>1310.976519</timestamp>
			</report>
			<report>
				<misses>167500000</misses>
				<total>0</total>
				<timestamp>1311.796941</timestamp>
			</report>
			<report>
				<misses>167600000</misses>
				<total>0</total>
				<timestamp>1312.540718</timestamp>
			</report>
			<report>
				<misses>167700000</misses>
				<total>0</total>
				<timestamp>1313.336906</timestamp>
			</report>
			<report>
				<misses>167800000</misses>
				<total>0</total>
				<timestamp>1314.110497</timestamp>
			</report>
			<report>
				<misses>167900000</misses>
				<total>0</total>
				<timestamp>1314.901113</timestamp>
			</report>
			<report>
				<misses>168000000</misses>
				<total>0</total>
				<timestamp>1315.677537</timestamp>
			</report>
			<report>
				<misses>168100000</misses>
				<total>0</total>
				<timestamp>1316.461599</timestamp>
			</report>
			<report>
				<misses>168200000</misses>
				<total>0</total>
				<timestamp>1317.222855</timestamp>
			</report>
			<report>
				<misses>168300000</misses>
				<total>0</total>
				<timestamp>1318.029886</timestamp>
			</report>
			<report>
				<misses>168400000</misses>
				<total>0</total>
				<timestamp>1318.814814</timestamp>
			</report>
			<report>
				<misses>168500000</misses>
				<total>0</total>
				<timestamp>1319.624811</timestamp>
			</report>
			<report>
				<misses>168600000</misses>
				<total>0</total>
				<timestamp>1320.409447</timestamp>
			</report>
			<report>
				<misses>168700000</misses>
				<total>0</total>
				<timestamp>1321.198523</timestamp>
			</report>
			<report>
				<misses>168800000</misses>
				<total>0</total>
				<timestamp>1321.982454</timestamp>
			</report>
			<report>
				<misses>168900000</misses>
				<total>0</total>
				<timestamp>1322.799416</timestamp>
			</report>
			<report>
				<misses>169000000</misses>
				<total>0</total>
				<timestamp>1323.588558</timestamp>
			</report>
			<report>
				<misses>169100000</misses>
				<total>0</total>
				<timestamp>1324.398313</timestamp>
			</report>
			<report>
				<misses>169200000</misses>
				<total>0</total>
				<timestamp>1325.184476</timestamp>
			</report>
			<report>
				<misses>169300000</misses>
				<total>0</total>
				<timestamp>1325.995994</timestamp>
			</report>
			<report>
				<misses>169400000</misses>
				<total>0</total>
				<timestamp>1326.858585</timestamp>
			</report>
			<report>
				<misses>169500000</misses>
				<total>0</total>
				<timestamp>1327.646249</timestamp>
			</report>
			<report>
				<misses>169600000</misses>
				<total>0</total>
				<timestamp>1328.463066</timestamp>
			</report>
			<report>
				<misses>169700000</misses>
				<total>0</total>
				<timestamp>1329.268105</timestamp>
			</report>
			<report>
				<misses>169800000</misses>
				<total>0</total>
				<timestamp>1330.059152</timestamp>
			</report>
			<report>
				<misses>169900000</misses>
				<total>0</total>
				<timestamp>1330.816259</timestamp>
			</report>
			<report>
				<misses>170000000</misses>
				<total>0</total>
				<timestamp>1331.628800</timestamp>
			</report>
			<report>
				<misses>170100000</misses>
				<total>0</total>
				<timestamp>1332.416848</timestamp>
			</report>
			<report>
				<misses>170200000</misses>
				<total>0</total>
				<timestamp>1333.195197</timestamp>
			</report>
			<report>
				<misses>170300000</misses>
				<total>0</total>
				<timestamp>1333.952041</timestamp>
			</report>
			<report>
				<misses>170400000</misses>
				<total>0</total>
				<timestamp>1334.746443</timestamp>
			</report>
			<report>
				<misses>170500000</misses>
				<total>0</total>
				<timestamp>1335.553516</timestamp>
			</report>
			<report>
				<misses>170600000</misses>
				<total>0</total>
				<timestamp>1336.311409</timestamp>
			</report>
			<report>
				<misses>170700000</misses>
				<total>0</total>
				<timestamp>1337.130185</timestamp>
			</report>
			<report>
				<misses>170800000</misses>
				<total>0</total>
				<timestamp>1337.921639</timestamp>
			</report>
			<report>
				<misses>170900000</misses>
				<total>0</total>
				<timestamp>1338.741291</timestamp>
			</report>
			<report>
				<misses>171000000</misses>
				<total>0</total>
				<timestamp>1339.511065</timestamp>
			</report>
			<report>
				<misses>171100000</misses>
				<total>0</total>
				<timestamp>1340.280974</timestamp>
			</report>
			<report>
				<misses>171200000</misses>
				<total>0</total>
				<timestamp>1341.080737</timestamp>
			</report>
			<report>
				<misses>171300000</misses>
				<total>0</total>
				<timestamp>1341.868435</timestamp>
			</report>
			<report>
				<misses>171400000</misses>
				<total>0</total>
				<timestamp>1342.640139</timestamp>
			</report>
			<report>
				<misses>171500000</misses>
				<total>0</total>
				<timestamp>1343.410691</timestamp>
			</report>
			<report>
				<misses>171600000</misses>
				<total>0</total>
				<timestamp>1344.184907</timestamp>
			</report>
			<report>
				<misses>171700000</misses>
				<total>0</total>
				<timestamp>1344.987489</timestamp>
			</report>
			<report>
				<misses>171800000</misses>
				<total>0</total>
				<timestamp>1345.781384</timestamp>
			</report>
			<report>
				<misses>171900000</misses>
				<total>0</total>
				<timestamp>1346.567963</timestamp>
			</report>
			<report>
				<misses>172000000</misses>
				<total>0</total>
				<timestamp>1347.339882</timestamp>
			</report>
			<report>
				<misses>172100000</misses>
				<total>0</total>
				<timestamp>1348.107639</timestamp>
			</report>
			<report>
				<misses>172200000</misses>
				<total>0</total>
				<timestamp>1348.917424</timestamp>
			</report>
			<report>
				<misses>172300000</misses>
				<total>0</total>
				<timestamp>1349.715149</timestamp>
			</report>
			<report>
				<misses>172400000</misses>
				<total>0</total>
				<timestamp>1350.492921</timestamp>
			</report>
			<report>
				<misses>172500000</misses>
				<total>0</total>
				<timestamp>1351.285942</timestamp>
			</report>
			<report>
				<misses>172600000</misses>
				<total>0</total>
				<timestamp>1352.024135</timestamp>
			</report>
			<report>
				<misses>172700000</misses>
				<total>0</total>
				<timestamp>1352.794098</timestamp>
			</report>
			<report>
				<misses>172800000</misses>
				<total>0</total>
				<timestamp>1353.565038</timestamp>
			</report>
			<report>
				<misses>172900000</misses>
				<total>0</total>
				<timestamp>1354.330920</timestamp>
			</report>
			<report>
				<misses>173000000</misses>
				<total>0</total>
				<timestamp>1355.141581</timestamp>
			</report>
			<report>
				<misses>173100000</misses>
				<total>0</total>
				<timestamp>1355.921068</timestamp>
			</report>
			<report>
				<misses>173200000</misses>
				<total>0</total>
				<timestamp>1356.676057</timestamp>
			</report>
			<report>
				<misses>173300000</misses>
				<total>0</total>
				<timestamp>1357.501566</timestamp>
			</report>
			<report>
				<misses>173400000</misses>
				<total>0</total>
				<timestamp>1358.262128</timestamp>
			</report>
			<report>
				<misses>173500000</misses>
				<total>0</total>
				<timestamp>1359.075723</timestamp>
			</report>
			<report>
				<misses>173600000</misses>
				<total>0</total>
				<timestamp>1359.893217</timestamp>
			</report>
			<report>
				<misses>173700000</misses>
				<total>0</total>
				<timestamp>1360.685115</timestamp>
			</report>
			<report>
				<misses>173800000</misses>
				<total>0</total>
				<timestamp>1361.438048</timestamp>
			</report>
			<report>
				<misses>173900000</misses>
				<total>0</total>
				<timestamp>1362.256147</timestamp>
			</report>
			<report>
				<misses>174000000</misses>
				<total>0</total>
				<timestamp>1363.041203</timestamp>
			</report>
			<report>
				<misses>174100000</misses>
				<total>0</total>
				<timestamp>1363.853538</timestamp>
			</report>
			<report>
				<misses>174200000</misses>
				<total>0</total>
				<timestamp>1364.679240</timestamp>
			</report>
			<report>
				<misses>174300000</misses>
				<total>0</total>
				<timestamp>1365.466014</timestamp>
			</report>
			<report>
				<misses>174400000</misses>
				<total>0</total>
				<timestamp>1366.259954</timestamp>
			</report>
			<report>
				<misses>174500000</misses>
				<total>0</total>
				<timestamp>1367.066519</timestamp>
			</report>
			<report>
				<misses>174600000</misses>
				<total>0</total>
				<timestamp>1367.849025</timestamp>
			</report>
			<report>
				<misses>174700000</misses>
				<total>0</total>
				<timestamp>1368.610233</timestamp>
			</report>
			<report>
				<misses>174800000</misses>
				<total>0</total>
				<timestamp>1369.362755</timestamp>
			</report>
			<report>
				<misses>174900000</misses>
				<total>0</total>
				<timestamp>1370.165264</timestamp>
			</report>
			<report>
				<misses>175000000</misses>
				<total>0</total>
				<timestamp>1370.925128</timestamp>
			</report>
			<report>
				<misses>175100000</misses>
				<total>0</total>
				<timestamp>1371.693988</timestamp>
			</report>
			<report>
				<misses>175200000</misses>
				<total>0</total>
				<timestamp>1372.454944</timestamp>
			</report>
			<report>
				<misses>175300000</misses>
				<total>0</total>
				<timestamp>1373.241296</timestamp>
			</report>
			<report>
				<misses>175400000</misses>
				<total>0</total>
				<timestamp>1374.012022</timestamp>
			</report>
			<report>
				<misses>175500000</misses>
				<total>0</total>
				<timestamp>1374.775443</timestamp>
			</report>
			<report>
				<misses>175600000</misses>
				<total>0</total>
				<timestamp>1375.567465</timestamp>
			</report>
			<report>
				<misses>175700000</misses>
				<total>0</total>
				<timestamp>1376.336563</timestamp>
			</report>
			<report>
				<misses>175800000</misses>
				<total>0</total>
				<timestamp>1377.107955</timestamp>
			</report>
			<report>
				<misses>175900000</misses>
				<total>0</total>
				<timestamp>1377.835610</timestamp>
			</report>
			<report>
				<misses>176000000</misses>
				<total>0</total>
				<timestamp>1378.593222</timestamp>
			</report>
			<report>
				<misses>176100000</misses>
				<total>0</total>
				<timestamp>1379.368949</timestamp>
			</report>
			<report>
				<misses>176200000</misses>
				<total>0</total>
				<timestamp>1380.107825</timestamp>
			</report>
			<report>
				<misses>176300000</misses>
				<total>0</total>
				<timestamp>1380.889378</timestamp>
			</report>
			<report>
				<misses>176400000</misses>
				<total>0</total>
				<timestamp>1381.644925</timestamp>
			</report>
			<report>
				<misses>176500000</misses>
				<total>0</total>
				<timestamp>1382.419891</timestamp>
			</report>
			<report>
				<misses>176600000</misses>
				<total>0</total>
				<timestamp>1383.187568</timestamp>
			</report>
			<report>
				<misses>176700000</misses>
				<total>0</total>
				<timestamp>1383.965808</timestamp>
			</report>
			<report>
				<misses>176800000</misses>
				<total>0</total>
				<timestamp>1384.760264</timestamp>
			</report>
			<report>
				<misses>176900000</misses>
				<total>0</total>
				<timestamp>1385.543755</timestamp>
			</report>
			<report>
				<misses>177000000</misses>
				<total>0</total>
				<timestamp>1386.402279</timestamp>
			</report>
			<report>
				<misses>177100000</misses>
				<total>0</total>
				<timestamp>1387.203547</timestamp>
			</report>
			<report>
				<misses>177200000</misses>
				<total>0</total>
				<timestamp>1387.972899</timestamp>
			</report>
			<report>
				<misses>177300000</misses>
				<total>0</total>
				<timestamp>1388.766650</timestamp>
			</report>
			<report>
				<misses>177400000</misses>
				<total>0</total>
				<timestamp>1389.537915</timestamp>
			</report>
			<report>
				<misses>177500000</misses>
				<total>0</total>
				<timestamp>1390.293710</timestamp>
			</report>
			<report>
				<misses>177600000</misses>
				<total>0</total>
				<timestamp>1391.075492</timestamp>
			</report>
			<report>
				<misses>177700000</misses>
				<total>0</total>
				<timestamp>1391.868647</timestamp>
			</report>
			<report>
				<misses>177800000</misses>
				<total>0</total>
				<timestamp>1392.680464</timestamp>
			</report>
			<report>
				<misses>177900000</misses>
				<total>0</total>
				<timestamp>1393.471831</timestamp>
			</report>
			<report>
				<misses>178000000</misses>
				<total>0</total>
				<timestamp>1394.273882</timestamp>
			</report>
			<report>
				<misses>178100000</misses>
				<total>0</total>
				<timestamp>1395.104754</timestamp>
			</report>
			<report>
				<misses>178200000</misses>
				<total>0</total>
				<timestamp>1395.873700</timestamp>
			</report>
			<report>
				<misses>178300000</misses>
				<total>0</total>
				<timestamp>1396.691836</timestamp>
			</report>
			<report>
				<misses>178400000</misses>
				<total>0</total>
				<timestamp>1397.445756</timestamp>
			</report>
			<report>
				<misses>178500000</misses>
				<total>0</total>
				<timestamp>1398.174188</timestamp>
			</report>
			<report>
				<misses>178600000</misses>
				<total>0</total>
				<timestamp>1398.959265</timestamp>
			</report>
			<report>
				<misses>178700000</misses>
				<total>0</total>
				<timestamp>1399.703963</timestamp>
			</report>
			<report>
				<misses>178800000</misses>
				<total>0</total>
				<timestamp>1400.490023</timestamp>
			</report>
			<report>
				<misses>178900000</misses>
				<total>0</total>
				<timestamp>1401.271399</timestamp>
			</report>
			<report>
				<misses>179000000</misses>
				<total>0</total>
				<timestamp>1402.009080</timestamp>
			</report>
			<report>
				<misses>179100000</misses>
				<total>0</total>
				<timestamp>1402.763377</timestamp>
			</report>
			<report>
				<misses>179200000</misses>
				<total>0</total>
				<timestamp>1403.523285</timestamp>
			</report>
			<report>
				<misses>179300000</misses>
				<total>0</total>
				<timestamp>1404.242592</timestamp>
			</report>
			<report>
				<misses>179400000</misses>
				<total>0</total>
				<timestamp>1404.994364</timestamp>
			</report>
			<report>
				<misses>179500000</misses>
				<total>0</total>
				<timestamp>1405.784986</timestamp>
			</report>
			<report>
				<misses>179600000</misses>
				<total>0</total>
				<timestamp>1406.549293</timestamp>
			</report>
			<report>
				<misses>179700000</misses>
				<total>0</total>
				<timestamp>1407.335997</timestamp>
			</report>
			<report>
				<misses>179800000</misses>
				<total>0</total>
				<timestamp>1408.120699</timestamp>
			</report>
			<report>
				<misses>179900000</misses>
				<total>0</total>
				<timestamp>1408.865580</timestamp>
			</report>
			<report>
				<misses>180000000</misses>
				<total>0</total>
				<timestamp>1409.650098</timestamp>
			</report>
			<report>
				<misses>180100000</misses>
				<total>0</total>
				<timestamp>1410.420272</timestamp>
			</report>
			<report>
				<misses>180200000</misses>
				<total>0</total>
				<timestamp>1411.184639</timestamp>
			</report>
			<report>
				<misses>180300000</misses>
				<total>0</total>
				<timestamp>1411.984893</timestamp>
			</report>
			<report>
				<misses>180400000</misses>
				<total>0</total>
				<timestamp>1412.760126</timestamp>
			</report>
			<report>
				<misses>180500000</misses>
				<total>0</total>
				<timestamp>1413.595401</timestamp>
			</report>
			<report>
				<misses>180600000</misses>
				<total>0</total>
				<timestamp>1414.410906</timestamp>
			</report>
			<report>
				<misses>180700000</misses>
				<total>0</total>
				<timestamp>1415.203531</timestamp>
			</report>
			<report>
				<misses>180800000</misses>
				<total>0</total>
				<timestamp>1415.987414</timestamp>
			</report>
			<report>
				<misses>180900000</misses>
				<total>0</total>
				<timestamp>1416.732656</timestamp>
			</report>
			<report>
				<misses>181000000</misses>
				<total>0</total>
				<timestamp>1417.488575</timestamp>
			</report>
			<report>
				<misses>181100000</misses>
				<total>0</total>
				<timestamp>1418.281911</timestamp>
			</report>
			<report>
				<misses>181200000</misses>
				<total>0</total>
				<timestamp>1419.084925</timestamp>
			</report>
			<report>
				<misses>181300000</misses>
				<total>0</total>
				<timestamp>1419.891178</timestamp>
			</report>
			<report>
				<misses>181400000</misses>
				<total>0</total>
				<timestamp>1420.718962</timestamp>
			</report>
			<report>
				<misses>181500000</misses>
				<total>0</total>
				<timestamp>1421.505690</timestamp>
			</report>
			<report>
				<misses>181600000</misses>
				<total>0</total>
				<timestamp>1422.313203</timestamp>
			</report>
			<report>
				<misses>181700000</misses>
				<total>0</total>
				<timestamp>1423.120017</timestamp>
			</report>
			<report>
				<misses>181800000</misses>
				<total>0</total>
				<timestamp>1423.903674</timestamp>
			</report>
			<report>
				<misses>181900000</misses>
				<total>0</total>
				<timestamp>1424.664513</timestamp>
			</report>
			<report>
				<misses>182000000</misses>
				<total>0</total>
				<timestamp>1425.409306</timestamp>
			</report>
			<report>
				<misses>182100000</misses>
				<total>0</total>
				<timestamp>1426.198328</timestamp>
			</report>
			<report>
				<misses>182200000</misses>
				<total>0</total>
				<timestamp>1426.944574</timestamp>
			</report>
			<report>
				<misses>182300000</misses>
				<total>0</total>
				<timestamp>1427.682998</timestamp>
			</report>
			<report>
				<misses>182400000</misses>
				<total>0</total>
				<timestamp>1428.476042</timestamp>
			</report>
			<report>
				<misses>182500000</misses>
				<total>0</total>
				<timestamp>1429.237932</timestamp>
			</report>
			<report>
				<misses>182600000</misses>
				<total>0</total>
				<timestamp>1429.971894</timestamp>
			</report>
			<report>
				<misses>182700000</misses>
				<total>0</total>
				<timestamp>1430.723580</timestamp>
			</report>
			<report>
				<misses>182800000</misses>
				<total>0</total>
				<timestamp>1431.438242</timestamp>
			</report>
			<report>
				<misses>182900000</misses>
				<total>0</total>
				<timestamp>1432.298952</timestamp>
			</report>
			<report>
				<misses>183000000</misses>
				<total>0</total>
				<timestamp>1433.063356</timestamp>
			</report>
			<report>
				<misses>183100000</misses>
				<total>0</total>
				<timestamp>1433.811742</timestamp>
			</report>
			<report>
				<misses>183200000</misses>
				<total>0</total>
				<timestamp>1434.591205</timestamp>
			</report>
			<report>
				<misses>183300000</misses>
				<total>0</total>
				<timestamp>1435.355085</timestamp>
			</report>
			<report>
				<misses>183400000</misses>
				<total>0</total>
				<timestamp>1436.153360</timestamp>
			</report>
			<report>
				<misses>183500000</misses>
				<total>0</total>
				<timestamp>1436.943266</timestamp>
			</report>
			<report>
				<misses>183600000</misses>
				<total>0</total>
				<timestamp>1437.734261</timestamp>
			</report>
			<report>
				<misses>183700000</misses>
				<total>0</total>
				<timestamp>1438.513481</timestamp>
			</report>
			<report>
				<misses>183800000</misses>
				<total>0</total>
				<timestamp>1439.301928</timestamp>
			</report>
			<report>
				<misses>183900000</misses>
				<total>0</total>
				<timestamp>1440.113528</timestamp>
			</report>
			<report>
				<misses>184000000</misses>
				<total>0</total>
				<timestamp>1440.923189</timestamp>
			</report>
			<report>
				<misses>184100000</misses>
				<total>0</total>
				<timestamp>1441.668622</timestamp>
			</report>
			<report>
				<misses>184200000</misses>
				<total>0</total>
				<timestamp>1442.441482</timestamp>
			</report>
			<report>
				<misses>184300000</misses>
				<total>0</total>
				<timestamp>1443.234084</timestamp>
			</report>
			<report>
				<misses>184400000</misses>
				<total>0</total>
				<timestamp>1444.012788</timestamp>
			</report>
			<report>
				<misses>184500000</misses>
				<total>0</total>
				<timestamp>1444.764344</timestamp>
			</report>
			<report>
				<misses>184600000</misses>
				<total>0</total>
				<timestamp>1445.560343</timestamp>
			</report>
			<report>
				<misses>184700000</misses>
				<total>0</total>
				<timestamp>1446.318822</timestamp>
			</report>
			<report>
				<misses>184800000</misses>
				<total>0</total>
				<timestamp>1447.143940</timestamp>
			</report>
			<report>
				<misses>184900000</misses>
				<total>0</total>
				<timestamp>1447.935934</timestamp>
			</report>
			<report>
				<misses>185000000</misses>
				<total>0</total>
				<timestamp>1448.716751</timestamp>
			</report>
			<report>
				<misses>185100000</misses>
				<total>0</total>
				<timestamp>1449.514987</timestamp>
			</report>
			<report>
				<misses>185200000</misses>
				<total>0</total>
				<timestamp>1450.336186</timestamp>
			</report>
			<report>
				<misses>185300000</misses>
				<total>0</total>
				<timestamp>1451.118564</timestamp>
			</report>
			<report>
				<misses>185400000</misses>
				<total>0</total>
				<timestamp>1451.899339</timestamp>
			</report>
			<report>
				<misses>185500000</misses>
				<total>0</total>
				<timestamp>1452.663404</timestamp>
			</report>
			<report>
				<misses>185600000</misses>
				<total>0</total>
				<timestamp>1453.424351</timestamp>
			</report>
			<report>
				<misses>185700000</misses>
				<total>0</total>
				<timestamp>1454.173522</timestamp>
			</report>
			<report>
				<misses>185800000</misses>
				<total>0</total>
				<timestamp>1454.907149</timestamp>
			</report>
			<report>
				<misses>185900000</misses>
				<total>0</total>
				<timestamp>1455.661149</timestamp>
			</report>
			<report>
				<misses>186000000</misses>
				<total>0</total>
				<timestamp>1456.398722</timestamp>
			</report>
			<report>
				<misses>186100000</misses>
				<total>0</total>
				<timestamp>1457.148764</timestamp>
			</report>
			<report>
				<misses>186200000</misses>
				<total>0</total>
				<timestamp>1457.929541</timestamp>
			</report>
			<report>
				<misses>186300000</misses>
				<total>0</total>
				<timestamp>1458.771106</timestamp>
			</report>
			<report>
				<misses>186400000</misses>
				<total>0</total>
				<timestamp>1459.539202</timestamp>
			</report>
			<report>
				<misses>186500000</misses>
				<total>0</total>
				<timestamp>1460.332938</timestamp>
			</report>
			<report>
				<misses>186600000</misses>
				<total>0</total>
				<timestamp>1461.134863</timestamp>
			</report>
			<report>
				<misses>186700000</misses>
				<total>0</total>
				<timestamp>1461.905446</timestamp>
			</report>
			<report>
				<misses>186800000</misses>
				<total>0</total>
				<timestamp>1462.696660</timestamp>
			</report>
			<report>
				<misses>186900000</misses>
				<total>0</total>
				<timestamp>1463.465774</timestamp>
			</report>
			<report>
				<misses>187000000</misses>
				<total>0</total>
				<timestamp>1464.243380</timestamp>
			</report>
			<report>
				<misses>187100000</misses>
				<total>0</total>
				<timestamp>1465.039473</timestamp>
			</report>
			<report>
				<misses>187200000</misses>
				<total>0</total>
				<timestamp>1465.817009</timestamp>
			</report>
			<report>
				<misses>187300000</misses>
				<total>0</total>
				<timestamp>1466.600773</timestamp>
			</report>
			<report>
				<misses>187400000</misses>
				<total>0</total>
				<timestamp>1467.390835</timestamp>
			</report>
			<report>
				<misses>187500000</misses>
				<total>0</total>
				<timestamp>1468.200122</timestamp>
			</report>
			<report>
				<misses>187600000</misses>
				<total>0</total>
				<timestamp>1468.975933</timestamp>
			</report>
			<report>
				<misses>187700000</misses>
				<total>0</total>
				<timestamp>1469.763418</timestamp>
			</report>
			<report>
				<misses>187800000</misses>
				<total>0</total>
				<timestamp>1470.539972</timestamp>
			</report>
			<report>
				<misses>187900000</misses>
				<total>0</total>
				<timestamp>1471.355772</timestamp>
			</report>
			<report>
				<misses>188000000</misses>
				<total>0</total>
				<timestamp>1472.137212</timestamp>
			</report>
			<report>
				<misses>188100000</misses>
				<total>0</total>
				<timestamp>1472.959360</timestamp>
			</report>
			<report>
				<misses>188200000</misses>
				<total>0</total>
				<timestamp>1473.714515</timestamp>
			</report>
			<report>
				<misses>188300000</misses>
				<total>0</total>
				<timestamp>1474.469467</timestamp>
			</report>
			<report>
				<misses>188400000</misses>
				<total>0</total>
				<timestamp>1475.255621</timestamp>
			</report>
			<report>
				<misses>188500000</misses>
				<total>0</total>
				<timestamp>1476.058354</timestamp>
			</report>
			<report>
				<misses>188600000</misses>
				<total>0</total>
				<timestamp>1476.828024</timestamp>
			</report>
			<report>
				<misses>188700000</misses>
				<total>0</total>
				<timestamp>1477.629990</timestamp>
			</report>
			<report>
				<misses>188800000</misses>
				<total>0</total>
				<timestamp>1478.421207</timestamp>
			</report>
			<report>
				<misses>188900000</misses>
				<total>0</total>
				<timestamp>1479.180260</timestamp>
			</report>
			<report>
				<misses>189000000</misses>
				<total>0</total>
				<timestamp>1479.918760</timestamp>
			</report>
			<report>
				<misses>189100000</misses>
				<total>0</total>
				<timestamp>1480.675895</timestamp>
			</report>
			<report>
				<misses>189200000</misses>
				<total>0</total>
				<timestamp>1481.411844</timestamp>
			</report>
			<report>
				<misses>189300000</misses>
				<total>0</total>
				<timestamp>1482.157816</timestamp>
			</report>
			<report>
				<misses>189400000</misses>
				<total>0</total>
				<timestamp>1482.901625</timestamp>
			</report>
			<report>
				<misses>189500000</misses>
				<total>0</total>
				<timestamp>1483.663343</timestamp>
			</report>
			<report>
				<misses>189600000</misses>
				<total>0</total>
				<timestamp>1484.409775</timestamp>
			</report>
			<report>
				<misses>189700000</misses>
				<total>0</total>
				<timestamp>1485.211755</timestamp>
			</report>
			<report>
				<misses>189800000</misses>
				<total>0</total>
				<timestamp>1485.997815</timestamp>
			</report>
			<report>
				<misses>189900000</misses>
				<total>0</total>
				<timestamp>1486.775432</timestamp>
			</report>
			<report>
				<misses>190000000</misses>
				<total>0</total>
				<timestamp>1487.555985</timestamp>
			</report>
			<report>
				<misses>190100000</misses>
				<total>0</total>
				<timestamp>1488.317945</timestamp>
			</report>
			<report>
				<misses>190200000</misses>
				<total>0</total>
				<timestamp>1489.121495</timestamp>
			</report>
			<report>
				<misses>190300000</misses>
				<total>0</total>
				<timestamp>1489.891825</timestamp>
			</report>
			<report>
				<misses>190400000</misses>
				<total>0</total>
				<timestamp>1490.690225</timestamp>
			</report>
			<report>
				<misses>190500000</misses>
				<total>0</total>
				<timestamp>1491.471961</timestamp>
			</report>
			<report>
				<misses>190600000</misses>
				<total>0</total>
				<timestamp>1492.256387</timestamp>
			</report>
			<report>
				<misses>190700000</misses>
				<total>0</total>
				<timestamp>1493.054465</timestamp>
			</report>
			<report>
				<misses>190800000</misses>
				<total>0</total>
				<timestamp>1493.839807</timestamp>
			</report>
			<report>
				<misses>190900000</misses>
				<total>0</total>
				<timestamp>1494.587889</timestamp>
			</report>
			<report>
				<misses>191000000</misses>
				<total>0</total>
				<timestamp>1495.409682</timestamp>
			</report>
			<report>
				<misses>191100000</misses>
				<total>0</total>
				<timestamp>1496.184937</timestamp>
			</report>
			<report>
				<misses>191200000</misses>
				<total>0</total>
				<timestamp>1496.985372</timestamp>
			</report>
			<report>
				<misses>191300000</misses>
				<total>0</total>
				<timestamp>1497.757832</timestamp>
			</report>
			<report>
				<misses>191400000</misses>
				<total>0</total>
				<timestamp>1498.524765</timestamp>
			</report>
			<report>
				<misses>191500000</misses>
				<total>0</total>
				<timestamp>1499.321395</timestamp>
			</report>
			<report>
				<misses>191600000</misses>
				<total>0</total>
				<timestamp>1500.120173</timestamp>
			</report>
			<report>
				<misses>191700000</misses>
				<total>0</total>
				<timestamp>1500.895719</timestamp>
			</report>
			<report>
				<misses>191800000</misses>
				<total>0</total>
				<timestamp>1501.704352</timestamp>
			</report>
			<report>
				<misses>191900000</misses>
				<total>0</total>
				<timestamp>1502.462796</timestamp>
			</report>
			<report>
				<misses>192000000</misses>
				<total>0</total>
				<timestamp>1503.270487</timestamp>
			</report>
			<report>
				<misses>192100000</misses>
				<total>0</total>
				<timestamp>1504.088680</timestamp>
			</report>
			<report>
				<misses>192200000</misses>
				<total>0</total>
				<timestamp>1504.854201</timestamp>
			</report>
			<report>
				<misses>192300000</misses>
				<total>0</total>
				<timestamp>1505.647405</timestamp>
			</report>
			<report>
				<misses>192400000</misses>
				<total>0</total>
				<timestamp>1506.371394</timestamp>
			</report>
			<report>
				<misses>192500000</misses>
				<total>0</total>
				<timestamp>1507.191911</timestamp>
			</report>
			<report>
				<misses>192600000</misses>
				<total>0</total>
				<timestamp>1507.945378</timestamp>
			</report>
			<report>
				<misses>192700000</misses>
				<total>0</total>
				<timestamp>1508.671771</timestamp>
			</report>
			<report>
				<misses>192800000</misses>
				<total>0</total>
				<timestamp>1509.437215</timestamp>
			</report>
			<report>
				<misses>192900000</misses>
				<total>0</total>
				<timestamp>1510.177431</timestamp>
			</report>
			<report>
				<misses>193000000</misses>
				<total>0</total>
				<timestamp>1510.959752</timestamp>
			</report>
			<report>
				<misses>193100000</misses>
				<total>0</total>
				<timestamp>1511.711436</timestamp>
			</report>
			<report>
				<misses>193200000</misses>
				<total>0</total>
				<timestamp>1512.463007</timestamp>
			</report>
			<report>
				<misses>193300000</misses>
				<total>0</total>
				<timestamp>1513.227011</timestamp>
			</report>
			<report>
				<misses>193400000</misses>
				<total>0</total>
				<timestamp>1513.982018</timestamp>
			</report>
			<report>
				<misses>193500000</misses>
				<total>0</total>
				<timestamp>1514.764101</timestamp>
			</report>
			<report>
				<misses>193600000</misses>
				<total>0</total>
				<timestamp>1515.560263</timestamp>
			</report>
			<report>
				<misses>193700000</misses>
				<total>0</total>
				<timestamp>1516.349772</timestamp>
			</report>
			<report>
				<misses>193800000</misses>
				<total>0</total>
				<timestamp>1517.142337</timestamp>
			</report>
			<report>
				<misses>193900000</misses>
				<total>0</total>
				<timestamp>1517.914866</timestamp>
			</report>
			<report>
				<misses>194000000</misses>
				<total>0</total>
				<timestamp>1518.732379</timestamp>
			</report>
			<report>
				<misses>194100000</misses>
				<total>0</total>
				<timestamp>1519.532697</timestamp>
			</report>
			<report>
				<misses>194200000</misses>
				<total>0</total>
				<timestamp>1520.308567</timestamp>
			</report>
			<report>
				<misses>194300000</misses>
				<total>0</total>
				<timestamp>1521.103090</timestamp>
			</report>
			<report>
				<misses>194400000</misses>
				<total>0</total>
				<timestamp>1521.856055</timestamp>
			</report>
			<report>
				<misses>194500000</misses>
				<total>0</total>
				<timestamp>1522.658093</timestamp>
			</report>
			<report>
				<misses>194600000</misses>
				<total>0</total>
				<timestamp>1523.415418</timestamp>
			</report>
			<report>
				<misses>194700000</misses>
				<total>0</total>
				<timestamp>1524.195985</timestamp>
			</report>
			<report>
				<misses>194800000</misses>
				<total>0</total>
				<timestamp>1524.987858</timestamp>
			</report>
			<report>
				<misses>194900000</misses>
				<total>0</total>
				<timestamp>1525.800119</timestamp>
			</report>
			<report>
				<misses>195000000</misses>
				<total>0</total>
				<timestamp>1526.580798</timestamp>
			</report>
			<report>
				<misses>195100000</misses>
				<total>0</total>
				<timestamp>1527.330077</timestamp>
			</report>
			<report>
				<misses>195200000</misses>
				<total>0</total>
				<timestamp>1528.129122</timestamp>
			</report>
			<report>
				<misses>195300000</misses>
				<total>0</total>
				<timestamp>1528.904947</timestamp>
			</report>
			<report>
				<misses>195400000</misses>
				<total>0</total>
				<timestamp>1529.669188</timestamp>
			</report>
			<report>
				<misses>195500000</misses>
				<total>0</total>
				<timestamp>1530.434141</timestamp>
			</report>
			<report>
				<misses>195600000</misses>
				<total>0</total>
				<timestamp>1531.200457</timestamp>
			</report>
			<report>
				<misses>195700000</misses>
				<total>0</total>
				<timestamp>1531.998784</timestamp>
			</report>
			<report>
				<misses>195800000</misses>
				<total>0</total>
				<timestamp>1532.764411</timestamp>
			</report>
			<report>
				<misses>195900000</misses>
				<total>0</total>
				<timestamp>1533.536240</timestamp>
			</report>
			<report>
				<misses>196000000</misses>
				<total>0</total>
				<timestamp>1534.290378</timestamp>
			</report>
			<report>
				<misses>196100000</misses>
				<total>0</total>
				<timestamp>1535.042763</timestamp>
			</report>
			<report>
				<misses>196200000</misses>
				<total>0</total>
				<timestamp>1535.788548</timestamp>
			</report>
			<report>
				<misses>196300000</misses>
				<total>0</total>
				<timestamp>1536.516758</timestamp>
			</report>
			<report>
				<misses>196400000</misses>
				<total>0</total>
				<timestamp>1537.328310</timestamp>
			</report>
			<report>
				<misses>196500000</misses>
				<total>0</total>
				<timestamp>1538.089009</timestamp>
			</report>
			<report>
				<misses>196600000</misses>
				<total>0</total>
				<timestamp>1538.830501</timestamp>
			</report>
			<report>
				<misses>196700000</misses>
				<total>0</total>
				<timestamp>1539.611090</timestamp>
			</report>
			<report>
				<misses>196800000</misses>
				<total>0</total>
				<timestamp>1540.383038</timestamp>
			</report>
			<report>
				<misses>196900000</misses>
				<total>0</total>
				<timestamp>1541.183400</timestamp>
			</report>
			<report>
				<misses>197000000</misses>
				<total>0</total>
				<timestamp>1541.953415</timestamp>
			</report>
			<report>
				<misses>197100000</misses>
				<total>0</total>
				<timestamp>1542.790799</timestamp>
			</report>
			<report>
				<misses>197200000</misses>
				<total>0</total>
				<timestamp>1543.528700</timestamp>
			</report>
			<report>
				<misses>197300000</misses>
				<total>0</total>
				<timestamp>1544.266336</timestamp>
			</report>
			<report>
				<misses>197400000</misses>
				<total>0</total>
				<timestamp>1545.057598</timestamp>
			</report>
			<report>
				<misses>197500000</misses>
				<total>0</total>
				<timestamp>1545.770327</timestamp>
			</report>
			<report>
				<misses>197600000</misses>
				<total>0</total>
				<timestamp>1546.562868</timestamp>
			</report>
			<report>
				<misses>197700000</misses>
				<total>0</total>
				<timestamp>1547.363126</timestamp>
			</report>
			<report>
				<misses>197800000</misses>
				<total>0</total>
				<timestamp>1548.133258</timestamp>
			</report>
			<report>
				<misses>197900000</misses>
				<total>0</total>
				<timestamp>1548.923292</timestamp>
			</report>
			<report>
				<misses>198000000</misses>
				<total>0</total>
				<timestamp>1549.697565</timestamp>
			</report>
			<report>
				<misses>198100000</misses>
				<total>0</total>
				<timestamp>1550.470480</timestamp>
			</report>
			<report>
				<misses>198200000</misses>
				<total>0</total>
				<timestamp>1551.272658</timestamp>
			</report>
			<report>
				<misses>198300000</misses>
				<total>0</total>
				<timestamp>1552.076036</timestamp>
			</report>
			<report>
				<misses>198400000</misses>
				<total>0</total>
				<timestamp>1552.839547</timestamp>
			</report>
			<report>
				<misses>198500000</misses>
				<total>0</total>
				<timestamp>1553.626216</timestamp>
			</report>
			<report>
				<misses>198600000</misses>
				<total>0</total>
				<timestamp>1554.440439</timestamp>
			</report>
			<report>
				<misses>198700000</misses>
				<total>0</total>
				<timestamp>1555.209549</timestamp>
			</report>
			<report>
				<misses>198800000</misses>
				<total>0</total>
				<timestamp>1555.980317</timestamp>
			</report>
			<report>
				<misses>198900000</misses>
				<total>0</total>
				<timestamp>1556.796866</timestamp>
			</report>
			<report>
				<misses>199000000</misses>
				<total>0</total>
				<timestamp>1557.565257</timestamp>
			</report>
			<report>
				<misses>199100000</misses>
				<total>0</total>
				<timestamp>1558.304155</timestamp>
			</report>
			<report>
				<misses>199200000</misses>
				<total>0</total>
				<timestamp>1559.091940</timestamp>
			</report>
			<report>
				<misses>199300000</misses>
				<total>0</total>
				<timestamp>1559.870609</timestamp>
			</report>
			<report>
				<misses>199400000</misses>
				<total>0</total>
				<timestamp>1560.631164</timestamp>
			</report>
			<report>
				<misses>199500000</misses>
				<total>0</total>
				<timestamp>1561.375674</timestamp>
			</report>
			<report>
				<misses>199600000</misses>
				<total>0</total>
				<timestamp>1562.123725</timestamp>
			</report>
			<report>
				<misses>199700000</misses>
				<total>0</total>
				<timestamp>1562.859996</timestamp>
			</report>
			<report>
				<misses>199800000</misses>
				<total>0</total>
				<timestamp>1563.640567</timestamp>
			</report>
			<report>
				<misses>199900000</misses>
				<total>0</total>
				<timestamp>1564.391454</timestamp>
			</report>
			<report>
				<misses>200000000</misses>
				<total>0</total>
				<timestamp>1565.119326</timestamp>
			</report>
			<report>
				<misses>200100000</misses>
				<total>0</total>
				<timestamp>1565.905641</timestamp>
			</report>
			<report>
				<misses>200200000</misses>
				<total>0</total>
				<timestamp>1566.675981</timestamp>
			</report>
			<report>
				<misses>200300000</misses>
				<total>0</total>
				<timestamp>1567.448502</timestamp>
			</report>
			<report>
				<misses>200400000</misses>
				<total>0</total>
				<timestamp>1568.260520</timestamp>
			</report>
			<report>
				<misses>200500000</misses>
				<total>0</total>
				<timestamp>1569.052173</timestamp>
			</report>
			<report>
				<misses>200600000</misses>
				<total>0</total>
				<timestamp>1569.798298</timestamp>
			</report>
			<report>
				<misses>200700000</misses>
				<total>0</total>
				<timestamp>1570.592247</timestamp>
			</report>
			<report>
				<misses>200800000</misses>
				<total>0</total>
				<timestamp>1571.360733</timestamp>
			</report>
			<report>
				<misses>200900000</misses>
				<total>0</total>
				<timestamp>1572.148713</timestamp>
			</report>
			<report>
				<misses>201000000</misses>
				<total>0</total>
				<timestamp>1572.964025</timestamp>
			</report>
			<report>
				<misses>201100000</misses>
				<total>0</total>
				<timestamp>1573.721613</timestamp>
			</report>
			<report>
				<misses>201200000</misses>
				<total>0</total>
				<timestamp>1574.486884</timestamp>
			</report>
			<report>
				<misses>201300000</misses>
				<total>0</total>
				<timestamp>1575.329592</timestamp>
			</report>
			<report>
				<misses>201400000</misses>
				<total>0</total>
				<timestamp>1576.113294</timestamp>
			</report>
			<report>
				<misses>201500000</misses>
				<total>0</total>
				<timestamp>1576.910656</timestamp>
			</report>
			<report>
				<misses>201600000</misses>
				<total>0</total>
				<timestamp>1577.712106</timestamp>
			</report>
			<report>
				<misses>201700000</misses>
				<total>0</total>
				<timestamp>1578.521539</timestamp>
			</report>
			<report>
				<misses>201800000</misses>
				<total>0</total>
				<timestamp>1579.274676</timestamp>
			</report>
			<report>
				<misses>201900000</misses>
				<total>0</total>
				<timestamp>1580.087382</timestamp>
			</report>
			<report>
				<misses>202000000</misses>
				<total>0</total>
				<timestamp>1580.860467</timestamp>
			</report>
			<report>
				<misses>202100000</misses>
				<total>0</total>
				<timestamp>1581.616663</timestamp>
			</report>
			<report>
				<misses>202200000</misses>
				<total>0</total>
				<timestamp>1582.409276</timestamp>
			</report>
			<report>
				<misses>202300000</misses>
				<total>0</total>
				<timestamp>1583.175976</timestamp>
			</report>
			<report>
				<misses>202400000</misses>
				<total>0</total>
				<timestamp>1583.915802</timestamp>
			</report>
			<report>
				<misses>202500000</misses>
				<total>0</total>
				<timestamp>1584.659252</timestamp>
			</report>
			<report>
				<misses>202600000</misses>
				<total>0</total>
				<timestamp>1585.439498</timestamp>
			</report>
			<report>
				<misses>202700000</misses>
				<total>0</total>
				<timestamp>1586.154201</timestamp>
			</report>
			<report>
				<misses>202800000</misses>
				<total>0</total>
				<timestamp>1586.904882</timestamp>
			</report>
			<report>
				<misses>202900000</misses>
				<total>0</total>
				<timestamp>1587.659979</timestamp>
			</report>
			<report>
				<misses>203000000</misses>
				<total>0</total>
				<timestamp>1588.414619</timestamp>
			</report>
			<report>
				<misses>203100000</misses>
				<total>0</total>
				<timestamp>1589.200823</timestamp>
			</report>
			<report>
				<misses>203200000</misses>
				<total>0</total>
				<timestamp>1589.958042</timestamp>
			</report>
			<report>
				<misses>203300000</misses>
				<total>0</total>
				<timestamp>1590.741184</timestamp>
			</report>
			<report>
				<misses>203400000</misses>
				<total>0</total>
				<timestamp>1591.488156</timestamp>
			</report>
			<report>
				<misses>203500000</misses>
				<total>0</total>
				<timestamp>1592.305804</timestamp>
			</report>
			<report>
				<misses>203600000</misses>
				<total>0</total>
				<timestamp>1593.088538</timestamp>
			</report>
			<report>
				<misses>203700000</misses>
				<total>0</total>
				<timestamp>1593.861566</timestamp>
			</report>
			<report>
				<misses>203800000</misses>
				<total>0</total>
				<timestamp>1594.661225</timestamp>
			</report>
			<report>
				<misses>203900000</misses>
				<total>0</total>
				<timestamp>1595.452901</timestamp>
			</report>
			<report>
				<misses>204000000</misses>
				<total>0</total>
				<timestamp>1596.223690</timestamp>
			</report>
			<report>
				<misses>204100000</misses>
				<total>0</total>
				<timestamp>1596.997774</timestamp>
			</report>
			<report>
				<misses>204200000</misses>
				<total>0</total>
				<timestamp>1597.766431</timestamp>
			</report>
			<report>
				<misses>204300000</misses>
				<total>0</total>
				<timestamp>1598.514210</timestamp>
			</report>
			<report>
				<misses>204400000</misses>
				<total>0</total>
				<timestamp>1599.331929</timestamp>
			</report>
			<report>
				<misses>204500000</misses>
				<total>0</total>
				<timestamp>1600.111314</timestamp>
			</report>
			<report>
				<misses>204600000</misses>
				<total>0</total>
				<timestamp>1600.894643</timestamp>
			</report>
			<report>
				<misses>204700000</misses>
				<total>0</total>
				<timestamp>1601.721923</timestamp>
			</report>
			<report>
				<misses>204800000</misses>
				<total>0</total>
				<timestamp>1602.502216</timestamp>
			</report>
			<report>
				<misses>204900000</misses>
				<total>0</total>
				<timestamp>1603.291766</timestamp>
			</report>
			<report>
				<misses>205000000</misses>
				<total>0</total>
				<timestamp>1604.084650</timestamp>
			</report>
			<report>
				<misses>205100000</misses>
				<total>0</total>
				<timestamp>1604.812877</timestamp>
			</report>
			<report>
				<misses>205200000</misses>
				<total>0</total>
				<timestamp>1605.562624</timestamp>
			</report>
			<report>
				<misses>205300000</misses>
				<total>0</total>
				<timestamp>1606.343818</timestamp>
			</report>
			<report>
				<misses>205400000</misses>
				<total>0</total>
				<timestamp>1607.082074</timestamp>
			</report>
			<report>
				<misses>205500000</misses>
				<total>0</total>
				<timestamp>1607.801833</timestamp>
			</report>
			<report>
				<misses>205600000</misses>
				<total>0</total>
				<timestamp>1608.537976</timestamp>
			</report>
			<report>
				<misses>205700000</misses>
				<total>0</total>
				<timestamp>1609.311120</timestamp>
			</report>
			<report>
				<misses>205800000</misses>
				<total>0</total>
				<timestamp>1610.055036</timestamp>
			</report>
			<report>
				<misses>205900000</misses>
				<total>0</total>
				<timestamp>1610.822030</timestamp>
			</report>
			<report>
				<misses>206000000</misses>
				<total>0</total>
				<timestamp>1611.562246</timestamp>
			</report>
			<report>
				<misses>206100000</misses>
				<total>0</total>
				<timestamp>1612.308102</timestamp>
			</report>
			<report>
				<misses>206200000</misses>
				<total>0</total>
				<timestamp>1613.095871</timestamp>
			</report>
			<report>
				<misses>206300000</misses>
				<total>0</total>
				<timestamp>1613.868560</timestamp>
			</report>
			<report>
				<misses>206400000</misses>
				<total>0</total>
				<timestamp>1614.641821</timestamp>
			</report>
			<report>
				<misses>206500000</misses>
				<total>0</total>
				<timestamp>1615.400070</timestamp>
			</report>
			<report>
				<misses>206600000</misses>
				<total>0</total>
				<timestamp>1616.193518</timestamp>
			</report>
			<report>
				<misses>206700000</misses>
				<total>0</total>
				<timestamp>1616.957749</timestamp>
			</report>
			<report>
				<misses>206800000</misses>
				<total>0</total>
				<timestamp>1617.760705</timestamp>
			</report>
			<report>
				<misses>206900000</misses>
				<total>0</total>
				<timestamp>1618.554995</timestamp>
			</report>
			<report>
				<misses>207000000</misses>
				<total>0</total>
				<timestamp>1619.298126</timestamp>
			</report>
			<report>
				<misses>207100000</misses>
				<total>0</total>
				<timestamp>1620.071408</timestamp>
			</report>
			<report>
				<misses>207200000</misses>
				<total>0</total>
				<timestamp>1620.919624</timestamp>
			</report>
			<report>
				<misses>207300000</misses>
				<total>0</total>
				<timestamp>1621.675581</timestamp>
			</report>
			<report>
				<misses>207400000</misses>
				<total>0</total>
				<timestamp>1622.425596</timestamp>
			</report>
			<report>
				<misses>207500000</misses>
				<total>0</total>
				<timestamp>1623.238078</timestamp>
			</report>
			<report>
				<misses>207600000</misses>
				<total>0</total>
				<timestamp>1623.974308</timestamp>
			</report>
			<report>
				<misses>207700000</misses>
				<total>0</total>
				<timestamp>1624.710603</timestamp>
			</report>
			<report>
				<misses>207800000</misses>
				<total>0</total>
				<timestamp>1625.519168</timestamp>
			</report>
			<report>
				<misses>207900000</misses>
				<total>0</total>
				<timestamp>1626.289896</timestamp>
			</report>
			<report>
				<misses>208000000</misses>
				<total>0</total>
				<timestamp>1627.021931</timestamp>
			</report>
			<report>
				<misses>208100000</misses>
				<total>0</total>
				<timestamp>1627.850237</timestamp>
			</report>
			<report>
				<misses>208200000</misses>
				<total>0</total>
				<timestamp>1628.609713</timestamp>
			</report>
			<report>
				<misses>208300000</misses>
				<total>0</total>
				<timestamp>1629.348873</timestamp>
			</report>
			<report>
				<misses>208400000</misses>
				<total>0</total>
				<timestamp>1630.109632</timestamp>
			</report>
			<report>
				<misses>208500000</misses>
				<total>0</total>
				<timestamp>1630.878907</timestamp>
			</report>
			<report>
				<misses>208600000</misses>
				<total>0</total>
				<timestamp>1631.609578</timestamp>
			</report>
			<report>
				<misses>208700000</misses>
				<total>0</total>
				<timestamp>1632.357412</timestamp>
			</report>
			<report>
				<misses>208800000</misses>
				<total>0</total>
				<timestamp>1633.132840</timestamp>
			</report>
			<report>
				<misses>208900000</misses>
				<total>0</total>
				<timestamp>1633.919043</timestamp>
			</report>
			<report>
				<misses>209000000</misses>
				<total>0</total>
				<timestamp>1634.688307</timestamp>
			</report>
			<report>
				<misses>209100000</misses>
				<total>0</total>
				<timestamp>1635.472969</timestamp>
			</report>
			<report>
				<misses>209200000</misses>
				<total>0</total>
				<timestamp>1636.221440</timestamp>
			</report>
			<report>
				<misses>209300000</misses>
				<total>0</total>
				<timestamp>1637.037680</timestamp>
			</report>
			<report>
				<misses>209400000</misses>
				<total>0</total>
				<timestamp>1637.764143</timestamp>
			</report>
			<report>
				<misses>209500000</misses>
				<total>0</total>
				<timestamp>1638.572208</timestamp>
			</report>
			<report>
				<misses>209600000</misses>
				<total>0</total>
				<timestamp>1639.392842</timestamp>
			</report>
			<report>
				<misses>209700000</misses>
				<total>0</total>
				<timestamp>1640.192194</timestamp>
			</report>
			<report>
				<misses>209800000</misses>
				<total>0</total>
				<timestamp>1640.994276</timestamp>
			</report>
			<report>
				<misses>209900000</misses>
				<total>0</total>
				<timestamp>1641.811396</timestamp>
			</report>
			<report>
				<misses>210000000</misses>
				<total>0</total>
				<timestamp>1642.581138</timestamp>
			</report>
			<report>
				<misses>210100000</misses>
				<total>0</total>
				<timestamp>1643.366116</timestamp>
			</report>
			<report>
				<misses>210200000</misses>
				<total>0</total>
				<timestamp>1644.103852</timestamp>
			</report>
			<report>
				<misses>210300000</misses>
				<total>0</total>
				<timestamp>1644.910786</timestamp>
			</report>
			<report>
				<misses>210400000</misses>
				<total>0</total>
				<timestamp>1645.674319</timestamp>
			</report>
			<report>
				<misses>210500000</misses>
				<total>0</total>
				<timestamp>1646.424796</timestamp>
			</report>
			<report>
				<misses>210600000</misses>
				<total>0</total>
				<timestamp>1647.210568</timestamp>
			</report>
			<report>
				<misses>210700000</misses>
				<total>0</total>
				<timestamp>1647.954823</timestamp>
			</report>
			<report>
				<misses>210800000</misses>
				<total>0</total>
				<timestamp>1648.718291</timestamp>
			</report>
			<report>
				<misses>210900000</misses>
				<total>0</total>
				<timestamp>1649.524986</timestamp>
			</report>
			<report>
				<misses>211000000</misses>
				<total>0</total>
				<timestamp>1650.266272</timestamp>
			</report>
			<report>
				<misses>211100000</misses>
				<total>0</total>
				<timestamp>1651.003748</timestamp>
			</report>
			<report>
				<misses>211200000</misses>
				<total>0</total>
				<timestamp>1651.758150</timestamp>
			</report>
			<report>
				<misses>211300000</misses>
				<total>0</total>
				<timestamp>1652.510558</timestamp>
			</report>
			<report>
				<misses>211400000</misses>
				<total>0</total>
				<timestamp>1653.295353</timestamp>
			</report>
			<report>
				<misses>211500000</misses>
				<total>0</total>
				<timestamp>1654.078827</timestamp>
			</report>
			<report>
				<misses>211600000</misses>
				<total>0</total>
				<timestamp>1654.846889</timestamp>
			</report>
			<report>
				<misses>211700000</misses>
				<total>0</total>
				<timestamp>1655.647694</timestamp>
			</report>
			<report>
				<misses>211800000</misses>
				<total>0</total>
				<timestamp>1656.446799</timestamp>
			</report>
			<report>
				<misses>211900000</misses>
				<total>0</total>
				<timestamp>1657.227450</timestamp>
			</report>
			<report>
				<misses>212000000</misses>
				<total>0</total>
				<timestamp>1658.022339</timestamp>
			</report>
			<report>
				<misses>212100000</misses>
				<total>0</total>
				<timestamp>1658.796588</timestamp>
			</report>
			<report>
				<misses>212200000</misses>
				<total>0</total>
				<timestamp>1659.567259</timestamp>
			</report>
			<report>
				<misses>212300000</misses>
				<total>0</total>
				<timestamp>1660.429137</timestamp>
			</report>
			<report>
				<misses>212400000</misses>
				<total>0</total>
				<timestamp>1661.225748</timestamp>
			</report>
			<report>
				<misses>212500000</misses>
				<total>0</total>
				<timestamp>1661.994873</timestamp>
			</report>
			<report>
				<misses>212600000</misses>
				<total>0</total>
				<timestamp>1662.781228</timestamp>
			</report>
			<report>
				<misses>212700000</misses>
				<total>0</total>
				<timestamp>1663.636703</timestamp>
			</report>
			<report>
				<misses>212800000</misses>
				<total>0</total>
				<timestamp>1664.432971</timestamp>
			</report>
			<report>
				<misses>212900000</misses>
				<total>0</total>
				<timestamp>1665.145488</timestamp>
			</report>
			<report>
				<misses>213000000</misses>
				<total>0</total>
				<timestamp>1665.928697</timestamp>
			</report>
			<report>
				<misses>213100000</misses>
				<total>0</total>
				<timestamp>1666.687974</timestamp>
			</report>
			<report>
				<misses>213200000</misses>
				<total>0</total>
				<timestamp>1667.386352</timestamp>
			</report>
			<report>
				<misses>213300000</misses>
				<total>0</total>
				<timestamp>1668.143674</timestamp>
			</report>
			<report>
				<misses>213400000</misses>
				<total>0</total>
				<timestamp>1668.890433</timestamp>
			</report>
			<report>
				<misses>213500000</misses>
				<total>0</total>
				<timestamp>1669.665119</timestamp>
			</report>
			<report>
				<misses>213600000</misses>
				<total>0</total>
				<timestamp>1670.414386</timestamp>
			</report>
			<report>
				<misses>213700000</misses>
				<total>0</total>
				<timestamp>1671.155745</timestamp>
			</report>
			<report>
				<misses>213800000</misses>
				<total>0</total>
				<timestamp>1671.891586</timestamp>
			</report>
			<report>
				<misses>213900000</misses>
				<total>0</total>
				<timestamp>1672.689552</timestamp>
			</report>
			<report>
				<misses>214000000</misses>
				<total>0</total>
				<timestamp>1673.517335</timestamp>
			</report>
			<report>
				<misses>214100000</misses>
				<total>0</total>
				<timestamp>1674.272074</timestamp>
			</report>
			<report>
				<misses>214200000</misses>
				<total>0</total>
				<timestamp>1675.115260</timestamp>
			</report>
			<report>
				<misses>214300000</misses>
				<total>0</total>
				<timestamp>1675.851608</timestamp>
			</report>
			<report>
				<misses>214400000</misses>
				<total>0</total>
				<timestamp>1676.664533</timestamp>
			</report>
			<report>
				<misses>214500000</misses>
				<total>0</total>
				<timestamp>1677.489679</timestamp>
			</report>
			<report>
				<misses>214600000</misses>
				<total>0</total>
				<timestamp>1678.247899</timestamp>
			</report>
			<report>
				<misses>214700000</misses>
				<total>0</total>
				<timestamp>1679.018881</timestamp>
			</report>
			<report>
				<misses>214800000</misses>
				<total>0</total>
				<timestamp>1679.806649</timestamp>
			</report>
			<report>
				<misses>214900000</misses>
				<total>0</total>
				<timestamp>1680.612144</timestamp>
			</report>
			<report>
				<misses>215000000</misses>
				<total>0</total>
				<timestamp>1681.370636</timestamp>
			</report>
			<report>
				<misses>215100000</misses>
				<total>0</total>
				<timestamp>1682.198641</timestamp>
			</report>
			<report>
				<misses>215200000</misses>
				<total>0</total>
				<timestamp>1683.000219</timestamp>
			</report>
			<report>
				<misses>215300000</misses>
				<total>0</total>
				<timestamp>1683.804659</timestamp>
			</report>
			<report>
				<misses>215400000</misses>
				<total>0</total>
				<timestamp>1684.614149</timestamp>
			</report>
			<report>
				<misses>215500000</misses>
				<total>0</total>
				<timestamp>1685.379389</timestamp>
			</report>
			<report>
				<misses>215600000</misses>
				<total>0</total>
				<timestamp>1686.135948</timestamp>
			</report>
			<report>
				<misses>215700000</misses>
				<total>0</total>
				<timestamp>1686.903357</timestamp>
			</report>
			<report>
				<misses>215800000</misses>
				<total>0</total>
				<timestamp>1687.662570</timestamp>
			</report>
			<report>
				<misses>215900000</misses>
				<total>0</total>
				<timestamp>1688.372642</timestamp>
			</report>
			<report>
				<misses>216000000</misses>
				<total>0</total>
				<timestamp>1689.151899</timestamp>
			</report>
			<report>
				<misses>216100000</misses>
				<total>0</total>
				<timestamp>1689.901459</timestamp>
			</report>
			<report>
				<misses>216200000</misses>
				<total>0</total>
				<timestamp>1690.643945</timestamp>
			</report>
			<report>
				<misses>216300000</misses>
				<total>0</total>
				<timestamp>1691.373372</timestamp>
			</report>
			<report>
				<misses>216400000</misses>
				<total>0</total>
				<timestamp>1692.138850</timestamp>
			</report>
			<report>
				<misses>216500000</misses>
				<total>0</total>
				<timestamp>1692.878249</timestamp>
			</report>
			<report>
				<misses>216600000</misses>
				<total>0</total>
				<timestamp>1693.626885</timestamp>
			</report>
			<report>
				<misses>216700000</misses>
				<total>0</total>
				<timestamp>1694.400309</timestamp>
			</report>
			<report>
				<misses>216800000</misses>
				<total>0</total>
				<timestamp>1695.192221</timestamp>
			</report>
			<report>
				<misses>216900000</misses>
				<total>0</total>
				<timestamp>1695.920145</timestamp>
			</report>
			<report>
				<misses>217000000</misses>
				<total>0</total>
				<timestamp>1696.672799</timestamp>
			</report>
			<report>
				<misses>217100000</misses>
				<total>0</total>
				<timestamp>1697.462501</timestamp>
			</report>
			<report>
				<misses>217200000</misses>
				<total>0</total>
				<timestamp>1698.217107</timestamp>
			</report>
			<report>
				<misses>217300000</misses>
				<total>0</total>
				<timestamp>1699.044633</timestamp>
			</report>
			<report>
				<misses>217400000</misses>
				<total>0</total>
				<timestamp>1699.834648</timestamp>
			</report>
			<report>
				<misses>217500000</misses>
				<total>0</total>
				<timestamp>1700.608043</timestamp>
			</report>
			<report>
				<misses>217600000</misses>
				<total>0</total>
				<timestamp>1701.413683</timestamp>
			</report>
			<report>
				<misses>217700000</misses>
				<total>0</total>
				<timestamp>1702.205631</timestamp>
			</report>
			<report>
				<misses>217800000</misses>
				<total>0</total>
				<timestamp>1702.954007</timestamp>
			</report>
			<report>
				<misses>217900000</misses>
				<total>0</total>
				<timestamp>1703.751169</timestamp>
			</report>
			<report>
				<misses>218000000</misses>
				<total>0</total>
				<timestamp>1704.504242</timestamp>
			</report>
			<report>
				<misses>218100000</misses>
				<total>0</total>
				<timestamp>1705.279956</timestamp>
			</report>
			<report>
				<misses>218200000</misses>
				<total>0</total>
				<timestamp>1706.034855</timestamp>
			</report>
			<report>
				<misses>218300000</misses>
				<total>0</total>
				<timestamp>1706.798657</timestamp>
			</report>
			<report>
				<misses>218400000</misses>
				<total>0</total>
				<timestamp>1707.556264</timestamp>
			</report>
			<report>
				<misses>218500000</misses>
				<total>0</total>
				<timestamp>1708.351058</timestamp>
			</report>
			<report>
				<misses>218600000</misses>
				<total>0</total>
				<timestamp>1709.132679</timestamp>
			</report>
			<report>
				<misses>218700000</misses>
				<total>0</total>
				<timestamp>1709.888438</timestamp>
			</report>
			<report>
				<misses>218800000</misses>
				<total>0</total>
				<timestamp>1710.633922</timestamp>
			</report>
			<report>
				<misses>218900000</misses>
				<total>0</total>
				<timestamp>1711.384930</timestamp>
			</report>
			<report>
				<misses>219000000</misses>
				<total>0</total>
				<timestamp>1712.133203</timestamp>
			</report>
			<report>
				<misses>219100000</misses>
				<total>0</total>
				<timestamp>1712.882533</timestamp>
			</report>
			<report>
				<misses>219200000</misses>
				<total>0</total>
				<timestamp>1713.694848</timestamp>
			</report>
			<report>
				<misses>219300000</misses>
				<total>0</total>
				<timestamp>1714.463903</timestamp>
			</report>
			<report>
				<misses>219400000</misses>
				<total>0</total>
				<timestamp>1715.214031</timestamp>
			</report>
			<report>
				<misses>219500000</misses>
				<total>0</total>
				<timestamp>1715.994542</timestamp>
			</report>
			<report>
				<misses>219600000</misses>
				<total>0</total>
				<timestamp>1716.781080</timestamp>
			</report>
			<report>
				<misses>219700000</misses>
				<total>0</total>
				<timestamp>1717.563935</timestamp>
			</report>
			<report>
				<misses>219800000</misses>
				<total>0</total>
				<timestamp>1718.346320</timestamp>
			</report>
			<report>
				<misses>219900000</misses>
				<total>0</total>
				<timestamp>1719.091308</timestamp>
			</report>
			<report>
				<misses>220000000</misses>
				<total>0</total>
				<timestamp>1719.825099</timestamp>
			</report>
			<report>
				<misses>220100000</misses>
				<total>0</total>
				<timestamp>1720.600153</timestamp>
			</report>
			<report>
				<misses>220200000</misses>
				<total>0</total>
				<timestamp>1721.354490</timestamp>
			</report>
			<report>
				<misses>220300000</misses>
				<total>0</total>
				<timestamp>1722.155209</timestamp>
			</report>
			<report>
				<misses>220400000</misses>
				<total>0</total>
				<timestamp>1722.941217</timestamp>
			</report>
			<report>
				<misses>220500000</misses>
				<total>0</total>
				<timestamp>1723.740534</timestamp>
			</report>
			<report>
				<misses>220600000</misses>
				<total>0</total>
				<timestamp>1724.499988</timestamp>
			</report>
			<report>
				<misses>220700000</misses>
				<total>0</total>
				<timestamp>1725.261952</timestamp>
			</report>
			<report>
				<misses>220800000</misses>
				<total>0</total>
				<timestamp>1726.034526</timestamp>
			</report>
			<report>
				<misses>220900000</misses>
				<total>0</total>
				<timestamp>1726.779602</timestamp>
			</report>
			<report>
				<misses>221000000</misses>
				<total>0</total>
				<timestamp>1727.507895</timestamp>
			</report>
			<report>
				<misses>221100000</misses>
				<total>0</total>
				<timestamp>1728.281683</timestamp>
			</report>
			<report>
				<misses>221200000</misses>
				<total>0</total>
				<timestamp>1729.036296</timestamp>
			</report>
			<report>
				<misses>221300000</misses>
				<total>0</total>
				<timestamp>1729.774914</timestamp>
			</report>
			<report>
				<misses>221400000</misses>
				<total>0</total>
				<timestamp>1730.555747</timestamp>
			</report>
			<report>
				<misses>221500000</misses>
				<total>0</total>
				<timestamp>1731.327003</timestamp>
			</report>
			<report>
				<misses>221600000</misses>
				<total>0</total>
				<timestamp>1732.123827</timestamp>
			</report>
			<report>
				<misses>221700000</misses>
				<total>0</total>
				<timestamp>1732.919024</timestamp>
			</report>
			<report>
				<misses>221800000</misses>
				<total>0</total>
				<timestamp>1733.716087</timestamp>
			</report>
			<report>
				<misses>221900000</misses>
				<total>0</total>
				<timestamp>1734.487983</timestamp>
			</report>
			<report>
				<misses>222000000</misses>
				<total>0</total>
				<timestamp>1735.286611</timestamp>
			</report>
			<report>
				<misses>222100000</misses>
				<total>0</total>
				<timestamp>1736.040052</timestamp>
			</report>
			<report>
				<misses>222200000</misses>
				<total>0</total>
				<timestamp>1736.825206</timestamp>
			</report>
			<report>
				<misses>222300000</misses>
				<total>0</total>
				<timestamp>1737.659903</timestamp>
			</report>
			<report>
				<misses>222400000</misses>
				<total>0</total>
				<timestamp>1738.454811</timestamp>
			</report>
			<report>
				<misses>222500000</misses>
				<total>0</total>
				<timestamp>1739.248423</timestamp>
			</report>
			<report>
				<misses>222600000</misses>
				<total>0</total>
				<timestamp>1740.036000</timestamp>
			</report>
			<report>
				<misses>222700000</misses>
				<total>0</total>
				<timestamp>1740.815628</timestamp>
			</report>
			<report>
				<misses>222800000</misses>
				<total>0</total>
				<timestamp>1741.573722</timestamp>
			</report>
			<report>
				<misses>222900000</misses>
				<total>0</total>
				<timestamp>1742.397946</timestamp>
			</report>
			<report>
				<misses>223000000</misses>
				<total>0</total>
				<timestamp>1743.194409</timestamp>
			</report>
			<report>
				<misses>223100000</misses>
				<total>0</total>
				<timestamp>1743.936951</timestamp>
			</report>
			<report>
				<misses>223200000</misses>
				<total>0</total>
				<timestamp>1744.673626</timestamp>
			</report>
			<report>
				<misses>223300000</misses>
				<total>0</total>
				<timestamp>1745.430281</timestamp>
			</report>
			<report>
				<misses>223400000</misses>
				<total>0</total>
				<timestamp>1746.214160</timestamp>
			</report>
			<report>
				<misses>223500000</misses>
				<total>0</total>
				<timestamp>1747.018841</timestamp>
			</report>
			<report>
				<misses>223600000</misses>
				<total>0</total>
				<timestamp>1747.777945</timestamp>
			</report>
			<report>
				<misses>223700000</misses>
				<total>0</total>
				<timestamp>1748.508947</timestamp>
			</report>
			<report>
				<misses>223800000</misses>
				<total>0</total>
				<timestamp>1749.248007</timestamp>
			</report>
			<report>
				<misses>223900000</misses>
				<total>0</total>
				<timestamp>1749.979866</timestamp>
			</report>
			<report>
				<misses>224000000</misses>
				<total>0</total>
				<timestamp>1750.731049</timestamp>
			</report>
			<report>
				<misses>224100000</misses>
				<total>0</total>
				<timestamp>1751.530652</timestamp>
			</report>
			<report>
				<misses>224200000</misses>
				<total>0</total>
				<timestamp>1752.329276</timestamp>
			</report>
			<report>
				<misses>224300000</misses>
				<total>0</total>
				<timestamp>1753.084489</timestamp>
			</report>
			<report>
				<misses>224400000</misses>
				<total>0</total>
				<timestamp>1753.907081</timestamp>
			</report>
			<report>
				<misses>224500000</misses>
				<total>0</total>
				<timestamp>1754.692081</timestamp>
			</report>
			<report>
				<misses>224600000</misses>
				<total>0</total>
				<timestamp>1755.503076</timestamp>
			</report>
			<report>
				<misses>224700000</misses>
				<total>0</total>
				<timestamp>1756.264037</timestamp>
			</report>
			<report>
				<misses>224800000</misses>
				<total>0</total>
				<timestamp>1757.073334</timestamp>
			</report>
			<report>
				<misses>224900000</misses>
				<total>0</total>
				<timestamp>1757.824159</timestamp>
			</report>
			<report>
				<misses>225000000</misses>
				<total>0</total>
				<timestamp>1758.597298</timestamp>
			</report>
			<report>
				<misses>225100000</misses>
				<total>0</total>
				<timestamp>1759.401629</timestamp>
			</report>
			<report>
				<misses>225200000</misses>
				<total>0</total>
				<timestamp>1760.157185</timestamp>
			</report>
			<report>
				<misses>225300000</misses>
				<total>0</total>
				<timestamp>1760.946526</timestamp>
			</report>
			<report>
				<misses>225400000</misses>
				<total>0</total>
				<timestamp>1761.694791</timestamp>
			</report>
			<report>
				<misses>225500000</misses>
				<total>0</total>
				<timestamp>1762.431345</timestamp>
			</report>
			<report>
				<misses>225600000</misses>
				<total>0</total>
				<timestamp>1763.237602</timestamp>
			</report>
			<report>
				<misses>225700000</misses>
				<total>0</total>
				<timestamp>1764.027410</timestamp>
			</report>
			<report>
				<misses>225800000</misses>
				<total>0</total>
				<timestamp>1764.753448</timestamp>
			</report>
			<report>
				<misses>225900000</misses>
				<total>0</total>
				<timestamp>1765.501973</timestamp>
			</report>
			<report>
				<misses>226000000</misses>
				<total>0</total>
				<timestamp>1766.276558</timestamp>
			</report>
			<report>
				<misses>226100000</misses>
				<total>0</total>
				<timestamp>1766.993051</timestamp>
			</report>
			<report>
				<misses>226200000</misses>
				<total>0</total>
				<timestamp>1767.709652</timestamp>
			</report>
			<report>
				<misses>226300000</misses>
				<total>0</total>
				<timestamp>1768.463036</timestamp>
			</report>
			<report>
				<misses>226400000</misses>
				<total>0</total>
				<timestamp>1769.287735</timestamp>
			</report>
			<report>
				<misses>226500000</misses>
				<total>0</total>
				<timestamp>1770.038023</timestamp>
			</report>
			<report>
				<misses>226600000</misses>
				<total>0</total>
				<timestamp>1770.816999</timestamp>
			</report>
			<report>
				<misses>226700000</misses>
				<total>0</total>
				<timestamp>1771.604563</timestamp>
			</report>
			<report>
				<misses>226800000</misses>
				<total>0</total>
				<timestamp>1772.344646</timestamp>
			</report>
			<report>
				<misses>226900000</misses>
				<total>0</total>
				<timestamp>1773.143773</timestamp>
			</report>
			<report>
				<misses>227000000</misses>
				<total>0</total>
				<timestamp>1773.935779</timestamp>
			</report>
			<report>
				<misses>227100000</misses>
				<total>0</total>
				<timestamp>1774.741943</timestamp>
			</report>
			<report>
				<misses>227200000</misses>
				<total>0</total>
				<timestamp>1775.528036</timestamp>
			</report>
			<report>
				<misses>227300000</misses>
				<total>0</total>
				<timestamp>1776.332731</timestamp>
			</report>
			<report>
				<misses>227400000</misses>
				<total>0</total>
				<timestamp>1777.127126</timestamp>
			</report>
			<report>
				<misses>227500000</misses>
				<total>0</total>
				<timestamp>1777.913153</timestamp>
			</report>
			<report>
				<misses>227600000</misses>
				<total>0</total>
				<timestamp>1778.673410</timestamp>
			</report>
			<report>
				<misses>227700000</misses>
				<total>0</total>
				<timestamp>1779.428283</timestamp>
			</report>
			<report>
				<misses>227800000</misses>
				<total>0</total>
				<timestamp>1780.187350</timestamp>
			</report>
			<report>
				<misses>227900000</misses>
				<total>0</total>
				<timestamp>1780.943322</timestamp>
			</report>
			<report>
				<misses>228000000</misses>
				<total>0</total>
				<timestamp>1781.674674</timestamp>
			</report>
			<report>
				<misses>228100000</misses>
				<total>0</total>
				<timestamp>1782.429276</timestamp>
			</report>
			<report>
				<misses>228200000</misses>
				<total>0</total>
				<timestamp>1783.228339</timestamp>
			</report>
			<report>
				<misses>228300000</misses>
				<total>0</total>
				<timestamp>1783.971122</timestamp>
			</report>
			<report>
				<misses>228400000</misses>
				<total>0</total>
				<timestamp>1784.686011</timestamp>
			</report>
			<report>
				<misses>228500000</misses>
				<total>0</total>
				<timestamp>1785.467986</timestamp>
			</report>
			<report>
				<misses>228600000</misses>
				<total>0</total>
				<timestamp>1786.259241</timestamp>
			</report>
			<report>
				<misses>228700000</misses>
				<total>0</total>
				<timestamp>1787.049488</timestamp>
			</report>
			<report>
				<misses>228800000</misses>
				<total>0</total>
				<timestamp>1787.822230</timestamp>
			</report>
			<report>
				<misses>228900000</misses>
				<total>0</total>
				<timestamp>1788.632816</timestamp>
			</report>
			<report>
				<misses>229000000</misses>
				<total>0</total>
				<timestamp>1789.409360</timestamp>
			</report>
			<report>
				<misses>229100000</misses>
				<total>0</total>
				<timestamp>1790.177798</timestamp>
			</report>
			<report>
				<misses>229200000</misses>
				<total>0</total>
				<timestamp>1790.969144</timestamp>
			</report>
			<report>
				<misses>229300000</misses>
				<total>0</total>
				<timestamp>1791.770137</timestamp>
			</report>
			<report>
				<misses>229400000</misses>
				<total>0</total>
				<timestamp>1792.551547</timestamp>
			</report>
			<report>
				<misses>229500000</misses>
				<total>0</total>
				<timestamp>1793.323518</timestamp>
			</report>
			<report>
				<misses>229600000</misses>
				<total>0</total>
				<timestamp>1794.075105</timestamp>
			</report>
			<report>
				<misses>229700000</misses>
				<total>0</total>
				<timestamp>1794.882231</timestamp>
			</report>
			<report>
				<misses>229800000</misses>
				<total>0</total>
				<timestamp>1795.664874</timestamp>
			</report>
			<report>
				<misses>229900000</misses>
				<total>0</total>
				<timestamp>1796.423541</timestamp>
			</report>
			<report>
				<misses>230000000</misses>
				<total>0</total>
				<timestamp>1797.171250</timestamp>
			</report>
			<report>
				<misses>230100000</misses>
				<total>0</total>
				<timestamp>1797.947852</timestamp>
			</report>
			<report>
				<misses>230200000</misses>
				<total>0</total>
				<timestamp>1798.699105</timestamp>
			</report>
			<report>
				<misses>230300000</misses>
				<total>0</total>
				<timestamp>1799.445563</timestamp>
			</report>
			<report>
				<misses>230400000</misses>
				<total>0</total>
				<timestamp>1800.206962</timestamp>
			</report>
			<report>
				<misses>230500000</misses>
				<total>0</total>
				<timestamp>1800.935875</timestamp>
			</report>
			<report>
				<misses>230600000</misses>
				<total>0</total>
				<timestamp>1801.708411</timestamp>
			</report>
			<report>
				<misses>230700000</misses>
				<total>0</total>
				<timestamp>1802.455252</timestamp>
			</report>
			<report>
				<misses>230800000</misses>
				<total>0</total>
				<timestamp>1803.215195</timestamp>
			</report>
			<report>
				<misses>230900000</misses>
				<total>0</total>
				<timestamp>1804.034510</timestamp>
			</report>
			<report>
				<misses>231000000</misses>
				<total>0</total>
				<timestamp>1804.812574</timestamp>
			</report>
			<report>
				<misses>231100000</misses>
				<total>0</total>
				<timestamp>1805.601744</timestamp>
			</report>
			<report>
				<misses>231200000</misses>
				<total>0</total>
				<timestamp>1806.426815</timestamp>
			</report>
			<report>
				<misses>231300000</misses>
				<total>0</total>
				<timestamp>1807.197373</timestamp>
			</report>
			<report>
				<misses>231400000</misses>
				<total>0</total>
				<timestamp>1807.958696</timestamp>
			</report>
			<report>
				<misses>231500000</misses>
				<total>0</total>
				<timestamp>1808.755134</timestamp>
			</report>
			<report>
				<misses>231600000</misses>
				<total>0</total>
				<timestamp>1809.532214</timestamp>
			</report>
			<report>
				<misses>231700000</misses>
				<total>0</total>
				<timestamp>1810.319243</timestamp>
			</report>
			<report>
				<misses>231800000</misses>
				<total>0</total>
				<timestamp>1811.095529</timestamp>
			</report>
			<report>
				<misses>231900000</misses>
				<total>0</total>
				<timestamp>1811.886855</timestamp>
			</report>
			<report>
				<misses>232000000</misses>
				<total>0</total>
				<timestamp>1812.691563</timestamp>
			</report>
			<report>
				<misses>232100000</misses>
				<total>0</total>
				<timestamp>1813.452791</timestamp>
			</report>
			<report>
				<misses>232200000</misses>
				<total>0</total>
				<timestamp>1814.182169</timestamp>
			</report>
			<report>
				<misses>232300000</misses>
				<total>0</total>
				<timestamp>1814.986075</timestamp>
			</report>
			<report>
				<misses>232400000</misses>
				<total>0</total>
				<timestamp>1815.719920</timestamp>
			</report>
			<report>
				<misses>232500000</misses>
				<total>0</total>
				<timestamp>1816.431463</timestamp>
			</report>
			<report>
				<misses>232600000</misses>
				<total>0</total>
				<timestamp>1817.159909</timestamp>
			</report>
			<report>
				<misses>232700000</misses>
				<total>0</total>
				<timestamp>1817.918470</timestamp>
			</report>
			<report>
				<misses>232800000</misses>
				<total>0</total>
				<timestamp>1818.718778</timestamp>
			</report>
			<report>
				<misses>232900000</misses>
				<total>0</total>
				<timestamp>1819.441088</timestamp>
			</report>
			<report>
				<misses>233000000</misses>
				<total>0</total>
				<timestamp>1820.203909</timestamp>
			</report>
			<report>
				<misses>233100000</misses>
				<total>0</total>
				<timestamp>1820.977955</timestamp>
			</report>
			<report>
				<misses>233200000</misses>
				<total>0</total>
				<timestamp>1821.759316</timestamp>
			</report>
			<report>
				<misses>233300000</misses>
				<total>0</total>
				<timestamp>1822.594839</timestamp>
			</report>
			<report>
				<misses>233400000</misses>
				<total>0</total>
				<timestamp>1823.354808</timestamp>
			</report>
			<report>
				<misses>233500000</misses>
				<total>0</total>
				<timestamp>1824.178134</timestamp>
			</report>
			<report>
				<misses>233600000</misses>
				<total>0</total>
				<timestamp>1824.965360</timestamp>
			</report>
			<report>
				<misses>233700000</misses>
				<total>0</total>
				<timestamp>1825.768854</timestamp>
			</report>
			<report>
				<misses>233800000</misses>
				<total>0</total>
				<timestamp>1826.585139</timestamp>
			</report>
			<report>
				<misses>233900000</misses>
				<total>0</total>
				<timestamp>1827.366028</timestamp>
			</report>
			<report>
				<misses>234000000</misses>
				<total>0</total>
				<timestamp>1828.157808</timestamp>
			</report>
			<report>
				<misses>234100000</misses>
				<total>0</total>
				<timestamp>1828.920892</timestamp>
			</report>
			<report>
				<misses>234200000</misses>
				<total>0</total>
				<timestamp>1829.726641</timestamp>
			</report>
			<report>
				<misses>234300000</misses>
				<total>0</total>
				<timestamp>1830.481577</timestamp>
			</report>
			<report>
				<misses>234400000</misses>
				<total>0</total>
				<timestamp>1831.226533</timestamp>
			</report>
			<report>
				<misses>234500000</misses>
				<total>0</total>
				<timestamp>1832.000449</timestamp>
			</report>
			<report>
				<misses>234600000</misses>
				<total>0</total>
				<timestamp>1832.763444</timestamp>
			</report>
			<report>
				<misses>234700000</misses>
				<total>0</total>
				<timestamp>1833.516439</timestamp>
			</report>
			<report>
				<misses>234800000</misses>
				<total>0</total>
				<timestamp>1834.267961</timestamp>
			</report>
			<report>
				<misses>234900000</misses>
				<total>0</total>
				<timestamp>1835.011873</timestamp>
			</report>
			<report>
				<misses>235000000</misses>
				<total>0</total>
				<timestamp>1835.768793</timestamp>
			</report>
			<report>
				<misses>235100000</misses>
				<total>0</total>
				<timestamp>1836.547685</timestamp>
			</report>
			<report>
				<misses>235200000</misses>
				<total>0</total>
				<timestamp>1837.312099</timestamp>
			</report>
			<report>
				<misses>235300000</misses>
				<total>0</total>
				<timestamp>1838.120405</timestamp>
			</report>
			<report>
				<misses>235400000</misses>
				<total>0</total>
				<timestamp>1838.870869</timestamp>
			</report>
			<report>
				<misses>235500000</misses>
				<total>0</total>
				<timestamp>1839.679792</timestamp>
			</report>
			<report>
				<misses>235600000</misses>
				<total>0</total>
				<timestamp>1840.481648</timestamp>
			</report>
			<report>
				<misses>235700000</misses>
				<total>0</total>
				<timestamp>1841.262891</timestamp>
			</report>
			<report>
				<misses>235800000</misses>
				<total>0</total>
				<timestamp>1842.010588</timestamp>
			</report>
			<report>
				<misses>235900000</misses>
				<total>0</total>
				<timestamp>1842.832858</timestamp>
			</report>
			<report>
				<misses>236000000</misses>
				<total>0</total>
				<timestamp>1843.643143</timestamp>
			</report>
			<report>
				<misses>236100000</misses>
				<total>0</total>
				<timestamp>1844.412759</timestamp>
			</report>
			<report>
				<misses>236200000</misses>
				<total>0</total>
				<timestamp>1845.166916</timestamp>
			</report>
			<report>
				<misses>236300000</misses>
				<total>0</total>
				<timestamp>1845.933784</timestamp>
			</report>
			<report>
				<misses>236400000</misses>
				<total>0</total>
				<timestamp>1846.707176</timestamp>
			</report>
			<report>
				<misses>236500000</misses>
				<total>0</total>
				<timestamp>1847.491133</timestamp>
			</report>
			<report>
				<misses>236600000</misses>
				<total>0</total>
				<timestamp>1848.285849</timestamp>
			</report>
			<report>
				<misses>236700000</misses>
				<total>0</total>
				<timestamp>1849.063188</timestamp>
			</report>
			<report>
				<misses>236800000</misses>
				<total>0</total>
				<timestamp>1849.829825</timestamp>
			</report>
			<report>
				<misses>236900000</misses>
				<total>0</total>
				<timestamp>1850.575935</timestamp>
			</report>
			<report>
				<misses>237000000</misses>
				<total>0</total>
				<timestamp>1851.357015</timestamp>
			</report>
			<report>
				<misses>237100000</misses>
				<total>0</total>
				<timestamp>1852.141456</timestamp>
			</report>
			<report>
				<misses>237200000</misses>
				<total>0</total>
				<timestamp>1852.858489</timestamp>
			</report>
			<report>
				<misses>237300000</misses>
				<total>0</total>
				<timestamp>1853.611631</timestamp>
			</report>
			<report>
				<misses>237400000</misses>
				<total>0</total>
				<timestamp>1854.373557</timestamp>
			</report>
			<report>
				<misses>237500000</misses>
				<total>0</total>
				<timestamp>1855.115832</timestamp>
			</report>
			<report>
				<misses>237600000</misses>
				<total>0</total>
				<timestamp>1855.866555</timestamp>
			</report>
			<report>
				<misses>237700000</misses>
				<total>0</total>
				<timestamp>1856.656479</timestamp>
			</report>
			<report>
				<misses>237800000</misses>
				<total>0</total>
				<timestamp>1857.476825</timestamp>
			</report>
			<report>
				<misses>237900000</misses>
				<total>0</total>
				<timestamp>1858.258030</timestamp>
			</report>
			<report>
				<misses>238000000</misses>
				<total>0</total>
				<timestamp>1859.020089</timestamp>
			</report>
			<report>
				<misses>238100000</misses>
				<total>0</total>
				<timestamp>1859.802336</timestamp>
			</report>
			<report>
				<misses>238200000</misses>
				<total>0</total>
				<timestamp>1860.579442</timestamp>
			</report>
			<report>
				<misses>238300000</misses>
				<total>0</total>
				<timestamp>1861.337908</timestamp>
			</report>
			<report>
				<misses>238400000</misses>
				<total>0</total>
				<timestamp>1862.121768</timestamp>
			</report>
			<report>
				<misses>238500000</misses>
				<total>0</total>
				<timestamp>1862.902558</timestamp>
			</report>
			<report>
				<misses>238600000</misses>
				<total>0</total>
				<timestamp>1863.679509</timestamp>
			</report>
			<report>
				<misses>238700000</misses>
				<total>0</total>
				<timestamp>1864.427927</timestamp>
			</report>
			<report>
				<misses>238800000</misses>
				<total>0</total>
				<timestamp>1865.228800</timestamp>
			</report>
			<report>
				<misses>238900000</misses>
				<total>0</total>
				<timestamp>1866.005347</timestamp>
			</report>
			<report>
				<misses>239000000</misses>
				<total>0</total>
				<timestamp>1866.792027</timestamp>
			</report>
			<report>
				<misses>239100000</misses>
				<total>0</total>
				<timestamp>1867.564252</timestamp>
			</report>
			<report>
				<misses>239200000</misses>
				<total>0</total>
				<timestamp>1868.338017</timestamp>
			</report>
			<report>
				<misses>239300000</misses>
				<total>0</total>
				<timestamp>1869.090650</timestamp>
			</report>
			<report>
				<misses>239400000</misses>
				<total>0</total>
				<timestamp>1869.861135</timestamp>
			</report>
			<report>
				<misses>239500000</misses>
				<total>0</total>
				<timestamp>1870.594312</timestamp>
			</report>
			<report>
				<misses>239600000</misses>
				<total>0</total>
				<timestamp>1871.335131</timestamp>
			</report>
			<report>
				<misses>239700000</misses>
				<total>0</total>
				<timestamp>1872.077710</timestamp>
			</report>
			<report>
				<misses>239800000</misses>
				<total>0</total>
				<timestamp>1872.822053</timestamp>
			</report>
			<report>
				<misses>239900000</misses>
				<total>0</total>
				<timestamp>1873.568826</timestamp>
			</report>
			<report>
				<misses>240000000</misses>
				<total>0</total>
				<timestamp>1874.295524</timestamp>
			</report>
			<report>
				<misses>240100000</misses>
				<total>0</total>
				<timestamp>1875.080523</timestamp>
			</report>
			<report>
				<misses>240200000</misses>
				<total>0</total>
				<timestamp>1875.842661</timestamp>
			</report>
			<report>
				<misses>240300000</misses>
				<total>0</total>
				<timestamp>1876.663761</timestamp>
			</report>
			<report>
				<misses>240400000</misses>
				<total>0</total>
				<timestamp>1877.478922</timestamp>
			</report>
			<report>
				<misses>240500000</misses>
				<total>0</total>
				<timestamp>1878.257190</timestamp>
			</report>
			<report>
				<misses>240600000</misses>
				<total>0</total>
				<timestamp>1879.056710</timestamp>
			</report>
			<report>
				<misses>240700000</misses>
				<total>0</total>
				<timestamp>1879.833455</timestamp>
			</report>
			<report>
				<misses>240800000</misses>
				<total>0</total>
				<timestamp>1880.651380</timestamp>
			</report>
			<report>
				<misses>240900000</misses>
				<total>0</total>
				<timestamp>1881.451147</timestamp>
			</report>
			<report>
				<misses>241000000</misses>
				<total>0</total>
				<timestamp>1882.251100</timestamp>
			</report>
			<report>
				<misses>241100000</misses>
				<total>0</total>
				<timestamp>1883.004779</timestamp>
			</report>
			<report>
				<misses>241200000</misses>
				<total>0</total>
				<timestamp>1883.782594</timestamp>
			</report>
			<report>
				<misses>241300000</misses>
				<total>0</total>
				<timestamp>1884.537860</timestamp>
			</report>
			<report>
				<misses>241400000</misses>
				<total>0</total>
				<timestamp>1885.314862</timestamp>
			</report>
			<report>
				<misses>241500000</misses>
				<total>0</total>
				<timestamp>1886.067442</timestamp>
			</report>
			<report>
				<misses>241600000</misses>
				<total>0</total>
				<timestamp>1886.827455</timestamp>
			</report>
			<report>
				<misses>241700000</misses>
				<total>0</total>
				<timestamp>1887.611131</timestamp>
			</report>
			<report>
				<misses>241800000</misses>
				<total>0</total>
				<timestamp>1888.392486</timestamp>
			</report>
			<report>
				<misses>241900000</misses>
				<total>0</total>
				<timestamp>1889.172696</timestamp>
			</report>
			<report>
				<misses>242000000</misses>
				<total>0</total>
				<timestamp>1889.906195</timestamp>
			</report>
			<report>
				<misses>242100000</misses>
				<total>0</total>
				<timestamp>1890.712850</timestamp>
			</report>
			<report>
				<misses>242200000</misses>
				<total>0</total>
				<timestamp>1891.523986</timestamp>
			</report>
			<report>
				<misses>242300000</misses>
				<total>0</total>
				<timestamp>1892.301300</timestamp>
			</report>
			<report>
				<misses>242400000</misses>
				<total>0</total>
				<timestamp>1893.100307</timestamp>
			</report>
			<report>
				<misses>242500000</misses>
				<total>0</total>
				<timestamp>1893.869875</timestamp>
			</report>
			<report>
				<misses>242600000</misses>
				<total>0</total>
				<timestamp>1894.651550</timestamp>
			</report>
			<report>
				<misses>242700000</misses>
				<total>0</total>
				<timestamp>1895.400346</timestamp>
			</report>
			<report>
				<misses>242800000</misses>
				<total>0</total>
				<timestamp>1896.229901</timestamp>
			</report>
			<report>
				<misses>242900000</misses>
				<total>0</total>
				<timestamp>1897.010097</timestamp>
			</report>
			<report>
				<misses>243000000</misses>
				<total>0</total>
				<timestamp>1897.793214</timestamp>
			</report>
			<report>
				<misses>243100000</misses>
				<total>0</total>
				<timestamp>1898.577007</timestamp>
			</report>
			<report>
				<misses>243200000</misses>
				<total>0</total>
				<timestamp>1899.373917</timestamp>
			</report>
			<report>
				<misses>243300000</misses>
				<total>0</total>
				<timestamp>1900.131111</timestamp>
			</report>
			<report>
				<misses>243400000</misses>
				<total>0</total>
				<timestamp>1900.867584</timestamp>
			</report>
			<report>
				<misses>243500000</misses>
				<total>0</total>
				<timestamp>1901.635561</timestamp>
			</report>
			<report>
				<misses>243600000</misses>
				<total>0</total>
				<timestamp>1902.386338</timestamp>
			</report>
			<report>
				<misses>243700000</misses>
				<total>0</total>
				<timestamp>1903.165510</timestamp>
			</report>
			<report>
				<misses>243800000</misses>
				<total>0</total>
				<timestamp>1903.906164</timestamp>
			</report>
			<report>
				<misses>243900000</misses>
				<total>0</total>
				<timestamp>1904.631913</timestamp>
			</report>
			<report>
				<misses>244000000</misses>
				<total>0</total>
				<timestamp>1905.372638</timestamp>
			</report>
			<report>
				<misses>244100000</misses>
				<total>0</total>
				<timestamp>1906.124256</timestamp>
			</report>
			<report>
				<misses>244200000</misses>
				<total>0</total>
				<timestamp>1906.897095</timestamp>
			</report>
			<report>
				<misses>244300000</misses>
				<total>0</total>
				<timestamp>1907.742290</timestamp>
			</report>
			<report>
				<misses>244400000</misses>
				<total>0</total>
				<timestamp>1908.507582</timestamp>
			</report>
			<report>
				<misses>244500000</misses>
				<total>0</total>
				<timestamp>1909.329199</timestamp>
			</report>
			<report>
				<misses>244600000</misses>
				<total>0</total>
				<timestamp>1910.099663</timestamp>
			</report>
			<report>
				<misses>244700000</misses>
				<total>0</total>
				<timestamp>1910.877700</timestamp>
			</report>
			<report>
				<misses>244800000</misses>
				<total>0</total>
				<timestamp>1911.678352</timestamp>
			</report>
			<report>
				<misses>244900000</misses>
				<total>0</total>
				<timestamp>1912.476604</timestamp>
			</report>
			<report>
				<misses>245000000</misses>
				<total>0</total>
				<timestamp>1913.286267</timestamp>
			</report>
			<report>
				<misses>245100000</misses>
				<total>0</total>
				<timestamp>1914.047599</timestamp>
			</report>
			<report>
				<misses>245200000</misses>
				<total>0</total>
				<timestamp>1914.840272</timestamp>
			</report>
			<report>
				<misses>245300000</misses>
				<total>0</total>
				<timestamp>1915.619182</timestamp>
			</report>
			<report>
				<misses>245400000</misses>
				<total>0</total>
				<timestamp>1916.354799</timestamp>
			</report>
			<report>
				<misses>245500000</misses>
				<total>0</total>
				<timestamp>1917.094335</timestamp>
			</report>
			<report>
				<misses>245600000</misses>
				<total>0</total>
				<timestamp>1917.835596</timestamp>
			</report>
			<report>
				<misses>245700000</misses>
				<total>0</total>
				<timestamp>1918.649598</timestamp>
			</report>
			<report>
				<misses>245800000</misses>
				<total>0</total>
				<timestamp>1919.397996</timestamp>
			</report>
			<report>
				<misses>245900000</misses>
				<total>0</total>
				<timestamp>1920.148736</timestamp>
			</report>
			<report>
				<misses>246000000</misses>
				<total>0</total>
				<timestamp>1920.890403</timestamp>
			</report>
			<report>
				<misses>246100000</misses>
				<total>0</total>
				<timestamp>1921.652393</timestamp>
			</report>
			<report>
				<misses>246200000</misses>
				<total>0</total>
				<timestamp>1922.406543</timestamp>
			</report>
			<report>
				<misses>246300000</misses>
				<total>0</total>
				<timestamp>1923.160074</timestamp>
			</report>
			<report>
				<misses>246400000</misses>
				<total>0</total>
				<timestamp>1923.956575</timestamp>
			</report>
			<report>
				<misses>246500000</misses>
				<total>0</total>
				<timestamp>1924.706466</timestamp>
			</report>
			<report>
				<misses>246600000</misses>
				<total>0</total>
				<timestamp>1925.493127</timestamp>
			</report>
			<report>
				<misses>246700000</misses>
				<total>0</total>
				<timestamp>1926.271923</timestamp>
			</report>
			<report>
				<misses>246800000</misses>
				<total>0</total>
				<timestamp>1927.053347</timestamp>
			</report>
			<report>
				<misses>246900000</misses>
				<total>0</total>
				<timestamp>1927.843835</timestamp>
			</report>
			<report>
				<misses>247000000</misses>
				<total>0</total>
				<timestamp>1928.603734</timestamp>
			</report>
			<report>
				<misses>247100000</misses>
				<total>0</total>
				<timestamp>1929.367339</timestamp>
			</report>
			<report>
				<misses>247200000</misses>
				<total>0</total>
				<timestamp>1930.151331</timestamp>
			</report>
			<report>
				<misses>247300000</misses>
				<total>0</total>
				<timestamp>1930.972709</timestamp>
			</report>
			<report>
				<misses>247400000</misses>
				<total>0</total>
				<timestamp>1931.741196</timestamp>
			</report>
			<report>
				<misses>247500000</misses>
				<total>0</total>
				<timestamp>1932.481090</timestamp>
			</report>
			<report>
				<misses>247600000</misses>
				<total>0</total>
				<timestamp>1933.212953</timestamp>
			</report>
			<report>
				<misses>247700000</misses>
				<total>0</total>
				<timestamp>1933.945874</timestamp>
			</report>
			<report>
				<misses>247800000</misses>
				<total>0</total>
				<timestamp>1934.721829</timestamp>
			</report>
			<report>
				<misses>247900000</misses>
				<total>0</total>
				<timestamp>1935.495152</timestamp>
			</report>
			<report>
				<misses>248000000</misses>
				<total>0</total>
				<timestamp>1936.234180</timestamp>
			</report>
			<report>
				<misses>248100000</misses>
				<total>0</total>
				<timestamp>1936.990421</timestamp>
			</report>
			<report>
				<misses>248200000</misses>
				<total>0</total>
				<timestamp>1937.755338</timestamp>
			</report>
			<report>
				<misses>248300000</misses>
				<total>0</total>
				<timestamp>1938.508281</timestamp>
			</report>
			<report>
				<misses>248400000</misses>
				<total>0</total>
				<timestamp>1939.317074</timestamp>
			</report>
			<report>
				<misses>248500000</misses>
				<total>0</total>
				<timestamp>1940.149554</timestamp>
			</report>
			<report>
				<misses>248600000</misses>
				<total>0</total>
				<timestamp>1940.904462</timestamp>
			</report>
			<report>
				<misses>248700000</misses>
				<total>0</total>
				<timestamp>1941.688810</timestamp>
			</report>
			<report>
				<misses>248800000</misses>
				<total>0</total>
				<timestamp>1942.491072</timestamp>
			</report>
			<report>
				<misses>248900000</misses>
				<total>0</total>
				<timestamp>1943.284841</timestamp>
			</report>
			<report>
				<misses>249000000</misses>
				<total>0</total>
				<timestamp>1944.067035</timestamp>
			</report>
			<report>
				<misses>249100000</misses>
				<total>0</total>
				<timestamp>1944.859176</timestamp>
			</report>
			<report>
				<misses>249200000</misses>
				<total>0</total>
				<timestamp>1945.615688</timestamp>
			</report>
			<report>
				<misses>249300000</misses>
				<total>0</total>
				<timestamp>1946.414648</timestamp>
			</report>
			<report>
				<misses>249400000</misses>
				<total>0</total>
				<timestamp>1947.185191</timestamp>
			</report>
			<report>
				<misses>249500000</misses>
				<total>0</total>
				<timestamp>1947.929020</timestamp>
			</report>
			<report>
				<misses>249600000</misses>
				<total>0</total>
				<timestamp>1948.645042</timestamp>
			</report>
			<report>
				<misses>249700000</misses>
				<total>0</total>
				<timestamp>1949.400059</timestamp>
			</report>
			<report>
				<misses>249800000</misses>
				<total>0</total>
				<timestamp>1950.185724</timestamp>
			</report>
			<report>
				<misses>249900000</misses>
				<total>0</total>
				<timestamp>1950.960131</timestamp>
			</report>
			<report>
				<misses>250000000</misses>
				<total>0</total>
				<timestamp>1951.713402</timestamp>
			</report>
			<report>
				<misses>250100000</misses>
				<total>0</total>
				<timestamp>1952.447241</timestamp>
			</report>
			<report>
				<misses>250200000</misses>
				<total>0</total>
				<timestamp>1953.200553</timestamp>
			</report>
			<report>
				<misses>250300000</misses>
				<total>0</total>
				<timestamp>1953.956637</timestamp>
			</report>
			<report>
				<misses>250400000</misses>
				<total>0</total>
				<timestamp>1954.736335</timestamp>
			</report>
			<report>
				<misses>250500000</misses>
				<total>0</total>
				<timestamp>1955.510662</timestamp>
			</report>
			<report>
				<misses>250600000</misses>
				<total>0</total>
				<timestamp>1956.288603</timestamp>
			</report>
			<report>
				<misses>250700000</misses>
				<total>0</total>
				<timestamp>1957.042067</timestamp>
			</report>
			<report>
				<misses>250800000</misses>
				<total>0</total>
				<timestamp>1957.836025</timestamp>
			</report>
			<report>
				<misses>250900000</misses>
				<total>0</total>
				<timestamp>1958.612771</timestamp>
			</report>
			<report>
				<misses>251000000</misses>
				<total>0</total>
				<timestamp>1959.427989</timestamp>
			</report>
			<report>
				<misses>251100000</misses>
				<total>0</total>
				<timestamp>1960.183969</timestamp>
			</report>
			<report>
				<misses>251200000</misses>
				<total>0</total>
				<timestamp>1960.973018</timestamp>
			</report>
			<report>
				<misses>251300000</misses>
				<total>0</total>
				<timestamp>1961.732055</timestamp>
			</report>
			<report>
				<misses>251400000</misses>
				<total>0</total>
				<timestamp>1962.516833</timestamp>
			</report>
			<report>
				<misses>251500000</misses>
				<total>0</total>
				<timestamp>1963.283849</timestamp>
			</report>
			<report>
				<misses>251600000</misses>
				<total>0</total>
				<timestamp>1964.014322</timestamp>
			</report>
			<report>
				<misses>251700000</misses>
				<total>0</total>
				<timestamp>1964.804133</timestamp>
			</report>
			<report>
				<misses>251800000</misses>
				<total>0</total>
				<timestamp>1965.575688</timestamp>
			</report>
			<report>
				<misses>251900000</misses>
				<total>0</total>
				<timestamp>1966.330276</timestamp>
			</report>
			<report>
				<misses>252000000</misses>
				<total>0</total>
				<timestamp>1967.070458</timestamp>
			</report>
			<report>
				<misses>252100000</misses>
				<total>0</total>
				<timestamp>1967.854382</timestamp>
			</report>
			<report>
				<misses>252200000</misses>
				<total>0</total>
				<timestamp>1968.602525</timestamp>
			</report>
			<report>
				<misses>252300000</misses>
				<total>0</total>
				<timestamp>1969.387346</timestamp>
			</report>
			<report>
				<misses>252400000</misses>
				<total>0</total>
				<timestamp>1970.189759</timestamp>
			</report>
			<report>
				<misses>252500000</misses>
				<total>0</total>
				<timestamp>1970.948023</timestamp>
			</report>
			<report>
				<misses>252600000</misses>
				<total>0</total>
				<timestamp>1971.720058</timestamp>
			</report>
			<report>
				<misses>252700000</misses>
				<total>0</total>
				<timestamp>1972.514200</timestamp>
			</report>
			<report>
				<misses>252800000</misses>
				<total>0</total>
				<timestamp>1973.269886</timestamp>
			</report>
			<report>
				<misses>252900000</misses>
				<total>0</total>
				<timestamp>1974.044005</timestamp>
			</report>
			<report>
				<misses>253000000</misses>
				<total>0</total>
				<timestamp>1974.825818</timestamp>
			</report>
			<report>
				<misses>253100000</misses>
				<total>0</total>
				<timestamp>1975.638368</timestamp>
			</report>
			<report>
				<misses>253200000</misses>
				<total>0</total>
				<timestamp>1976.425329</timestamp>
			</report>
			<report>
				<misses>253300000</misses>
				<total>0</total>
				<timestamp>1977.195936</timestamp>
			</report>
			<report>
				<misses>253400000</misses>
				<total>0</total>
				<timestamp>1977.970096</timestamp>
			</report>
			<report>
				<misses>253500000</misses>
				<total>0</total>
				<timestamp>1978.699351</timestamp>
			</report>
			<report>
				<misses>253600000</misses>
				<total>0</total>
				<timestamp>1979.449297</timestamp>
			</report>
			<report>
				<misses>253700000</misses>
				<total>0</total>
				<timestamp>1980.182677</timestamp>
			</report>
			<report>
				<misses>253800000</misses>
				<total>0</total>
				<timestamp>1980.913522</timestamp>
			</report>
			<report>
				<misses>253900000</misses>
				<total>0</total>
				<timestamp>1981.660202</timestamp>
			</report>
			<report>
				<misses>254000000</misses>
				<total>0</total>
				<timestamp>1982.429401</timestamp>
			</report>
			<report>
				<misses>254100000</misses>
				<total>0</total>
				<timestamp>1983.204316</timestamp>
			</report>
			<report>
				<misses>254200000</misses>
				<total>0</total>
				<timestamp>1983.952665</timestamp>
			</report>
			<report>
				<misses>254300000</misses>
				<total>0</total>
				<timestamp>1984.684160</timestamp>
			</report>
			<report>
				<misses>254400000</misses>
				<total>0</total>
				<timestamp>1985.445693</timestamp>
			</report>
			<report>
				<misses>254500000</misses>
				<total>0</total>
				<timestamp>1986.217427</timestamp>
			</report>
			<report>
				<misses>254600000</misses>
				<total>0</total>
				<timestamp>1986.999608</timestamp>
			</report>
			<report>
				<misses>254700000</misses>
				<total>0</total>
				<timestamp>1987.800894</timestamp>
			</report>
			<report>
				<misses>254800000</misses>
				<total>0</total>
				<timestamp>1988.592100</timestamp>
			</report>
			<report>
				<misses>254900000</misses>
				<total>0</total>
				<timestamp>1989.357369</timestamp>
			</report>
			<report>
				<misses>255000000</misses>
				<total>0</total>
				<timestamp>1990.147926</timestamp>
			</report>
			<report>
				<misses>255100000</misses>
				<total>0</total>
				<timestamp>1990.957835</timestamp>
			</report>
			<report>
				<misses>255200000</misses>
				<total>0</total>
				<timestamp>1991.727835</timestamp>
			</report>
			<report>
				<misses>255300000</misses>
				<total>0</total>
				<timestamp>1992.517560</timestamp>
			</report>
			<report>
				<misses>255400000</misses>
				<total>0</total>
				<timestamp>1993.313193</timestamp>
			</report>
			<report>
				<misses>255500000</misses>
				<total>0</total>
				<timestamp>1994.052437</timestamp>
			</report>
			<report>
				<misses>255600000</misses>
				<total>0</total>
				<timestamp>1994.816821</timestamp>
			</report>
			<report>
				<misses>255700000</misses>
				<total>0</total>
				<timestamp>1995.571384</timestamp>
			</report>
			<report>
				<misses>255800000</misses>
				<total>0</total>
				<timestamp>1996.322195</timestamp>
			</report>
			<report>
				<misses>255900000</misses>
				<total>0</total>
				<timestamp>1997.045015</timestamp>
			</report>
			<report>
				<misses>256000000</misses>
				<total>0</total>
				<timestamp>1997.806972</timestamp>
			</report>
			<report>
				<misses>256100000</misses>
				<total>0</total>
				<timestamp>1998.550955</timestamp>
			</report>
			<report>
				<misses>256200000</misses>
				<total>0</total>
				<timestamp>1999.298588</timestamp>
			</report>
			<report>
				<misses>256300000</misses>
				<total>0</total>
				<timestamp>2000.100502</timestamp>
			</report>
			<report>
				<misses>256400000</misses>
				<total>0</total>
				<timestamp>2000.887799</timestamp>
			</report>
			<report>
				<misses>256500000</misses>
				<total>0</total>
				<timestamp>2001.665842</timestamp>
			</report>
			<report>
				<misses>256600000</misses>
				<total>0</total>
				<timestamp>2002.439631</timestamp>
			</report>
			<report>
				<misses>256700000</misses>
				<total>0</total>
				<timestamp>2003.223344</timestamp>
			</report>
			<report>
				<misses>256800000</misses>
				<total>0</total>
				<timestamp>2003.973769</timestamp>
			</report>
			<report>
				<misses>256900000</misses>
				<total>0</total>
				<timestamp>2004.761650</timestamp>
			</report>
			<report>
				<misses>257000000</misses>
				<total>0</total>
				<timestamp>2005.593837</timestamp>
			</report>
			<report>
				<misses>257100000</misses>
				<total>0</total>
				<timestamp>2006.348719</timestamp>
			</report>
			<report>
				<misses>257200000</misses>
				<total>0</total>
				<timestamp>2007.096413</timestamp>
			</report>
			<report>
				<misses>257300000</misses>
				<total>0</total>
				<timestamp>2007.888070</timestamp>
			</report>
			<report>
				<misses>257400000</misses>
				<total>0</total>
				<timestamp>2008.627057</timestamp>
			</report>
			<report>
				<misses>257500000</misses>
				<total>0</total>
				<timestamp>2009.351564</timestamp>
			</report>
			<report>
				<misses>257600000</misses>
				<total>0</total>
				<timestamp>2010.098949</timestamp>
			</report>
			<report>
				<misses>257700000</misses>
				<total>0</total>
				<timestamp>2010.845205</timestamp>
			</report>
			<report>
				<misses>257800000</misses>
				<total>0</total>
				<timestamp>2011.591724</timestamp>
			</report>
			<report>
				<misses>257900000</misses>
				<total>0</total>
				<timestamp>2012.362868</timestamp>
			</report>
			<report>
				<misses>258000000</misses>
				<total>0</total>
				<timestamp>2013.112951</timestamp>
			</report>
			<report>
				<misses>258100000</misses>
				<total>0</total>
				<timestamp>2013.856203</timestamp>
			</report>
			<report>
				<misses>258200000</misses>
				<total>0</total>
				<timestamp>2014.596801</timestamp>
			</report>
			<report>
				<misses>258300000</misses>
				<total>0</total>
				<timestamp>2015.354637</timestamp>
			</report>
			<report>
				<misses>258400000</misses>
				<total>0</total>
				<timestamp>2016.119321</timestamp>
			</report>
			<report>
				<misses>258500000</misses>
				<total>0</total>
				<timestamp>2016.931032</timestamp>
			</report>
			<report>
				<misses>258600000</misses>
				<total>0</total>
				<timestamp>2017.709066</timestamp>
			</report>
			<report>
				<misses>258700000</misses>
				<total>0</total>
				<timestamp>2018.456861</timestamp>
			</report>
			<report>
				<misses>258800000</misses>
				<total>0</total>
				<timestamp>2019.247041</timestamp>
			</report>
			<report>
				<misses>258900000</misses>
				<total>0</total>
				<timestamp>2020.005070</timestamp>
			</report>
			<report>
				<misses>259000000</misses>
				<total>0</total>
				<timestamp>2020.792196</timestamp>
			</report>
			<report>
				<misses>259100000</misses>
				<total>0</total>
				<timestamp>2021.615758</timestamp>
			</report>
			<report>
				<misses>259200000</misses>
				<total>0</total>
				<timestamp>2022.377134</timestamp>
			</report>
			<report>
				<misses>259300000</misses>
				<total>0</total>
				<timestamp>2023.158313</timestamp>
			</report>
			<report>
				<misses>259400000</misses>
				<total>0</total>
				<timestamp>2023.942528</timestamp>
			</report>
			<report>
				<misses>259500000</misses>
				<total>0</total>
				<timestamp>2024.760026</timestamp>
			</report>
			<report>
				<misses>259600000</misses>
				<total>0</total>
				<timestamp>2025.538075</timestamp>
			</report>
			<report>
				<misses>259700000</misses>
				<total>0</total>
				<timestamp>2026.290231</timestamp>
			</report>
			<report>
				<misses>259800000</misses>
				<total>0</total>
				<timestamp>2027.045705</timestamp>
			</report>
			<report>
				<misses>259900000</misses>
				<total>0</total>
				<timestamp>2027.779136</timestamp>
			</report>
			<report>
				<misses>260000000</misses>
				<total>0</total>
				<timestamp>2028.524922</timestamp>
			</report>
			<report>
				<misses>260100000</misses>
				<total>0</total>
				<timestamp>2029.257692</timestamp>
			</report>
			<report>
				<misses>260200000</misses>
				<total>0</total>
				<timestamp>2030.020114</timestamp>
			</report>
			<report>
				<misses>260300000</misses>
				<total>0</total>
				<timestamp>2030.749223</timestamp>
			</report>
			<report>
				<misses>260400000</misses>
				<total>0</total>
				<timestamp>2031.480897</timestamp>
			</report>
			<report>
				<misses>260500000</misses>
				<total>0</total>
				<timestamp>2032.220100</timestamp>
			</report>
			<report>
				<misses>260600000</misses>
				<total>0</total>
				<timestamp>2032.993031</timestamp>
			</report>
			<report>
				<misses>260700000</misses>
				<total>0</total>
				<timestamp>2033.733964</timestamp>
			</report>
			<report>
				<misses>260800000</misses>
				<total>0</total>
				<timestamp>2034.505862</timestamp>
			</report>
			<report>
				<misses>260900000</misses>
				<total>0</total>
				<timestamp>2035.280258</timestamp>
			</report>
			<report>
				<misses>261000000</misses>
				<total>0</total>
				<timestamp>2036.057223</timestamp>
			</report>
			<report>
				<misses>261100000</misses>
				<total>0</total>
				<timestamp>2036.868459</timestamp>
			</report>
			<report>
				<misses>261200000</misses>
				<total>0</total>
				<timestamp>2037.613392</timestamp>
			</report>
			<report>
				<misses>261300000</misses>
				<total>0</total>
				<timestamp>2038.415818</timestamp>
			</report>
			<report>
				<misses>261400000</misses>
				<total>0</total>
				<timestamp>2039.162392</timestamp>
			</report>
			<report>
				<misses>261500000</misses>
				<total>0</total>
				<timestamp>2039.949605</timestamp>
			</report>
			<report>
				<misses>261600000</misses>
				<total>0</total>
				<timestamp>2040.728147</timestamp>
			</report>
			<report>
				<misses>261700000</misses>
				<total>0</total>
				<timestamp>2041.488893</timestamp>
			</report>
			<report>
				<misses>261800000</misses>
				<total>0</total>
				<timestamp>2042.217726</timestamp>
			</report>
			<report>
				<misses>261900000</misses>
				<total>0</total>
				<timestamp>2042.961208</timestamp>
			</report>
			<report>
				<misses>262000000</misses>
				<total>0</total>
				<timestamp>2043.700123</timestamp>
			</report>
			<report>
				<misses>262100000</misses>
				<total>0</total>
				<timestamp>2044.463349</timestamp>
			</report>
			<report>
				<misses>262200000</misses>
				<total>0</total>
				<timestamp>2045.203547</timestamp>
			</report>
			<report>
				<misses>262300000</misses>
				<total>0</total>
				<timestamp>2045.970279</timestamp>
			</report>
			<report>
				<misses>262400000</misses>
				<total>0</total>
				<timestamp>2046.713488</timestamp>
			</report>
			<report>
				<misses>262500000</misses>
				<total>0</total>
				<timestamp>2047.489513</timestamp>
			</report>
			<report>
				<misses>262600000</misses>
				<total>0</total>
				<timestamp>2048.297638</timestamp>
			</report>
			<report>
				<misses>262700000</misses>
				<total>0</total>
				<timestamp>2049.081613</timestamp>
			</report>
			<report>
				<misses>262800000</misses>
				<total>0</total>
				<timestamp>2049.859995</timestamp>
			</report>
			<report>
				<misses>262900000</misses>
				<total>0</total>
				<timestamp>2050.622573</timestamp>
			</report>
			<report>
				<misses>263000000</misses>
				<total>0</total>
				<timestamp>2051.371691</timestamp>
			</report>
			<report>
				<misses>263100000</misses>
				<total>0</total>
				<timestamp>2052.117508</timestamp>
			</report>
			<report>
				<misses>263200000</misses>
				<total>0</total>
				<timestamp>2052.930041</timestamp>
			</report>
			<report>
				<misses>263300000</misses>
				<total>0</total>
				<timestamp>2053.738473</timestamp>
			</report>
			<report>
				<misses>263400000</misses>
				<total>0</total>
				<timestamp>2054.490447</timestamp>
			</report>
			<report>
				<misses>263500000</misses>
				<total>0</total>
				<timestamp>2055.341735</timestamp>
			</report>
			<report>
				<misses>263600000</misses>
				<total>0</total>
				<timestamp>2056.135396</timestamp>
			</report>
			<report>
				<misses>263700000</misses>
				<total>0</total>
				<timestamp>2056.906139</timestamp>
			</report>
			<report>
				<misses>263800000</misses>
				<total>0</total>
				<timestamp>2057.624775</timestamp>
			</report>
			<report>
				<misses>263900000</misses>
				<total>0</total>
				<timestamp>2058.358154</timestamp>
			</report>
			<report>
				<misses>264000000</misses>
				<total>0</total>
				<timestamp>2059.110264</timestamp>
			</report>
			<report>
				<misses>264100000</misses>
				<total>0</total>
				<timestamp>2059.915174</timestamp>
			</report>
			<report>
				<misses>264200000</misses>
				<total>0</total>
				<timestamp>2060.653560</timestamp>
			</report>
			<report>
				<misses>264300000</misses>
				<total>0</total>
				<timestamp>2061.392755</timestamp>
			</report>
			<report>
				<misses>264400000</misses>
				<total>0</total>
				<timestamp>2062.159074</timestamp>
			</report>
			<report>
				<misses>264500000</misses>
				<total>0</total>
				<timestamp>2062.884748</timestamp>
			</report>
			<report>
				<misses>264600000</misses>
				<total>0</total>
				<timestamp>2063.611519</timestamp>
			</report>
			<report>
				<misses>264700000</misses>
				<total>0</total>
				<timestamp>2064.417853</timestamp>
			</report>
			<report>
				<misses>264800000</misses>
				<total>0</total>
				<timestamp>2065.199092</timestamp>
			</report>
			<report>
				<misses>264900000</misses>
				<total>0</total>
				<timestamp>2065.981432</timestamp>
			</report>
			<report>
				<misses>265000000</misses>
				<total>0</total>
				<timestamp>2066.750232</timestamp>
			</report>
			<report>
				<misses>265100000</misses>
				<total>0</total>
				<timestamp>2067.520559</timestamp>
			</report>
			<report>
				<misses>265200000</misses>
				<total>0</total>
				<timestamp>2068.280218</timestamp>
			</report>
			<report>
				<misses>265300000</misses>
				<total>0</total>
				<timestamp>2069.060489</timestamp>
			</report>
			<report>
				<misses>265400000</misses>
				<total>0</total>
				<timestamp>2069.840825</timestamp>
			</report>
			<report>
				<misses>265500000</misses>
				<total>0</total>
				<timestamp>2070.613299</timestamp>
			</report>
			<report>
				<misses>265600000</misses>
				<total>0</total>
				<timestamp>2071.371429</timestamp>
			</report>
			<report>
				<misses>265700000</misses>
				<total>0</total>
				<timestamp>2072.134514</timestamp>
			</report>
			<report>
				<misses>265800000</misses>
				<total>0</total>
				<timestamp>2072.900839</timestamp>
			</report>
			<report>
				<misses>265900000</misses>
				<total>0</total>
				<timestamp>2073.641613</timestamp>
			</report>
			<report>
				<misses>266000000</misses>
				<total>0</total>
				<timestamp>2074.378568</timestamp>
			</report>
			<report>
				<misses>266100000</misses>
				<total>0</total>
				<timestamp>2075.128133</timestamp>
			</report>
			<report>
				<misses>266200000</misses>
				<total>0</total>
				<timestamp>2075.871610</timestamp>
			</report>
			<report>
				<misses>266300000</misses>
				<total>0</total>
				<timestamp>2076.627406</timestamp>
			</report>
			<report>
				<misses>266400000</misses>
				<total>0</total>
				<timestamp>2077.409406</timestamp>
			</report>
			<report>
				<misses>266500000</misses>
				<total>0</total>
				<timestamp>2078.172132</timestamp>
			</report>
			<report>
				<misses>266600000</misses>
				<total>0</total>
				<timestamp>2078.943689</timestamp>
			</report>
			<report>
				<misses>266700000</misses>
				<total>0</total>
				<timestamp>2079.722908</timestamp>
			</report>
			<report>
				<misses>266800000</misses>
				<total>0</total>
				<timestamp>2080.536895</timestamp>
			</report>
			<report>
				<misses>266900000</misses>
				<total>0</total>
				<timestamp>2081.306749</timestamp>
			</report>
			<report>
				<misses>267000000</misses>
				<total>0</total>
				<timestamp>2082.051926</timestamp>
			</report>
			<report>
				<misses>267100000</misses>
				<total>0</total>
				<timestamp>2082.843148</timestamp>
			</report>
			<report>
				<misses>267200000</misses>
				<total>0</total>
				<timestamp>2083.600445</timestamp>
			</report>
			<report>
				<misses>267300000</misses>
				<total>0</total>
				<timestamp>2084.346899</timestamp>
			</report>
			<report>
				<misses>267400000</misses>
				<total>0</total>
				<timestamp>2085.098028</timestamp>
			</report>
			<report>
				<misses>267500000</misses>
				<total>0</total>
				<timestamp>2085.879996</timestamp>
			</report>
			<report>
				<misses>267600000</misses>
				<total>0</total>
				<timestamp>2086.676348</timestamp>
			</report>
			<report>
				<misses>267700000</misses>
				<total>0</total>
				<timestamp>2087.458949</timestamp>
			</report>
			<report>
				<misses>267800000</misses>
				<total>0</total>
				<timestamp>2088.232248</timestamp>
			</report>
			<report>
				<misses>267900000</misses>
				<total>0</total>
				<timestamp>2088.978975</timestamp>
			</report>
			<report>
				<misses>268000000</misses>
				<total>0</total>
				<timestamp>2089.767340</timestamp>
			</report>
			<report>
				<misses>268100000</misses>
				<total>0</total>
				<timestamp>2090.551818</timestamp>
			</report>
			<report>
				<misses>268200000</misses>
				<total>0</total>
				<timestamp>2091.360270</timestamp>
			</report>
			<report>
				<misses>268300000</misses>
				<total>0</total>
				<timestamp>2092.112883</timestamp>
			</report>
			<report>
				<misses>268400000</misses>
				<total>0</total>
				<timestamp>2092.855099</timestamp>
			</report>
			<report>
				<misses>268500000</misses>
				<total>0</total>
				<timestamp>2093.596959</timestamp>
			</report>
			<report>
				<misses>268600000</misses>
				<total>0</total>
				<timestamp>2094.371315</timestamp>
			</report>
			<report>
				<misses>268700000</misses>
				<total>0</total>
				<timestamp>2095.134317</timestamp>
			</report>
			<report>
				<misses>268800000</misses>
				<total>0</total>
				<timestamp>2095.921399</timestamp>
			</report>
			<report>
				<misses>268900000</misses>
				<total>0</total>
				<timestamp>2096.715615</timestamp>
			</report>
			<report>
				<misses>269000000</misses>
				<total>0</total>
				<timestamp>2097.475495</timestamp>
			</report>
			<report>
				<misses>269100000</misses>
				<total>0</total>
				<timestamp>2098.263801</timestamp>
			</report>
			<report>
				<misses>269200000</misses>
				<total>0</total>
				<timestamp>2099.046120</timestamp>
			</report>
			<report>
				<misses>269300000</misses>
				<total>0</total>
				<timestamp>2099.860161</timestamp>
			</report>
			<report>
				<misses>269400000</misses>
				<total>0</total>
				<timestamp>2100.640058</timestamp>
			</report>
			<report>
				<misses>269500000</misses>
				<total>0</total>
				<timestamp>2101.431439</timestamp>
			</report>
			<report>
				<misses>269600000</misses>
				<total>0</total>
				<timestamp>2102.208847</timestamp>
			</report>
			<report>
				<misses>269700000</misses>
				<total>0</total>
				<timestamp>2103.007195</timestamp>
			</report>
			<report>
				<misses>269800000</misses>
				<total>0</total>
				<timestamp>2103.792985</timestamp>
			</report>
			<report>
				<misses>269900000</misses>
				<total>0</total>
				<timestamp>2104.556929</timestamp>
			</report>
			<report>
				<misses>270000000</misses>
				<total>0</total>
				<timestamp>2105.302989</timestamp>
			</report>
			<report>
				<misses>270100000</misses>
				<total>0</total>
				<timestamp>2106.058736</timestamp>
			</report>
			<report>
				<misses>270200000</misses>
				<total>0</total>
				<timestamp>2106.806912</timestamp>
			</report>
			<report>
				<misses>270300000</misses>
				<total>0</total>
				<timestamp>2107.559343</timestamp>
			</report>
			<report>
				<misses>270400000</misses>
				<total>0</total>
				<timestamp>2108.293245</timestamp>
			</report>
			<report>
				<misses>270500000</misses>
				<total>0</total>
				<timestamp>2109.048394</timestamp>
			</report>
			<report>
				<misses>270600000</misses>
				<total>0</total>
				<timestamp>2109.771402</timestamp>
			</report>
			<report>
				<misses>270700000</misses>
				<total>0</total>
				<timestamp>2110.563804</timestamp>
			</report>
			<report>
				<misses>270800000</misses>
				<total>0</total>
				<timestamp>2111.349016</timestamp>
			</report>
			<report>
				<misses>270900000</misses>
				<total>0</total>
				<timestamp>2112.131200</timestamp>
			</report>
			<report>
				<misses>271000000</misses>
				<total>0</total>
				<timestamp>2112.889855</timestamp>
			</report>
			<report>
				<misses>271100000</misses>
				<total>0</total>
				<timestamp>2113.651832</timestamp>
			</report>
			<report>
				<misses>271200000</misses>
				<total>0</total>
				<timestamp>2114.465323</timestamp>
			</report>
			<report>
				<misses>271300000</misses>
				<total>0</total>
				<timestamp>2115.216629</timestamp>
			</report>
			<report>
				<misses>271400000</misses>
				<total>0</total>
				<timestamp>2115.993194</timestamp>
			</report>
			<report>
				<misses>271500000</misses>
				<total>0</total>
				<timestamp>2116.796875</timestamp>
			</report>
			<report>
				<misses>271600000</misses>
				<total>0</total>
				<timestamp>2117.563901</timestamp>
			</report>
			<report>
				<misses>271700000</misses>
				<total>0</total>
				<timestamp>2118.366958</timestamp>
			</report>
			<report>
				<misses>271800000</misses>
				<total>0</total>
				<timestamp>2119.129898</timestamp>
			</report>
			<report>
				<misses>271900000</misses>
				<total>0</total>
				<timestamp>2119.877443</timestamp>
			</report>
			<report>
				<misses>272000000</misses>
				<total>0</total>
				<timestamp>2120.651339</timestamp>
			</report>
			<report>
				<misses>272100000</misses>
				<total>0</total>
				<timestamp>2121.399805</timestamp>
			</report>
			<report>
				<misses>272200000</misses>
				<total>0</total>
				<timestamp>2122.134086</timestamp>
			</report>
			<report>
				<misses>272300000</misses>
				<total>0</total>
				<timestamp>2122.884375</timestamp>
			</report>
			<report>
				<misses>272400000</misses>
				<total>0</total>
				<timestamp>2123.679815</timestamp>
			</report>
			<report>
				<misses>272500000</misses>
				<total>0</total>
				<timestamp>2124.382619</timestamp>
			</report>
			<report>
				<misses>272600000</misses>
				<total>0</total>
				<timestamp>2125.153203</timestamp>
			</report>
			<report>
				<misses>272700000</misses>
				<total>0</total>
				<timestamp>2125.941161</timestamp>
			</report>
			<report>
				<misses>272800000</misses>
				<total>0</total>
				<timestamp>2126.695726</timestamp>
			</report>
			<report>
				<misses>272900000</misses>
				<total>0</total>
				<timestamp>2127.458624</timestamp>
			</report>
			<report>
				<misses>273000000</misses>
				<total>0</total>
				<timestamp>2128.254806</timestamp>
			</report>
			<report>
				<misses>273100000</misses>
				<total>0</total>
				<timestamp>2128.999982</timestamp>
			</report>
			<report>
				<misses>273200000</misses>
				<total>0</total>
				<timestamp>2129.764592</timestamp>
			</report>
			<report>
				<misses>273300000</misses>
				<total>0</total>
				<timestamp>2130.517762</timestamp>
			</report>
			<report>
				<misses>273400000</misses>
				<total>0</total>
				<timestamp>2131.303578</timestamp>
			</report>
			<report>
				<misses>273500000</misses>
				<total>0</total>
				<timestamp>2132.046812</timestamp>
			</report>
			<report>
				<misses>273600000</misses>
				<total>0</total>
				<timestamp>2132.822206</timestamp>
			</report>
			<report>
				<misses>273700000</misses>
				<total>0</total>
				<timestamp>2133.582127</timestamp>
			</report>
			<report>
				<misses>273800000</misses>
				<total>0</total>
				<timestamp>2134.358825</timestamp>
			</report>
			<report>
				<misses>273900000</misses>
				<total>0</total>
				<timestamp>2135.155520</timestamp>
			</report>
			<report>
				<misses>274000000</misses>
				<total>0</total>
				<timestamp>2135.874323</timestamp>
			</report>
			<report>
				<misses>274100000</misses>
				<total>0</total>
				<timestamp>2136.609647</timestamp>
			</report>
			<report>
				<misses>274200000</misses>
				<total>0</total>
				<timestamp>2137.378569</timestamp>
			</report>
			<report>
				<misses>274300000</misses>
				<total>0</total>
				<timestamp>2138.141140</timestamp>
			</report>
			<report>
				<misses>274400000</misses>
				<total>0</total>
				<timestamp>2138.896412</timestamp>
			</report>
			<report>
				<misses>274500000</misses>
				<total>0</total>
				<timestamp>2139.639548</timestamp>
			</report>
			<report>
				<misses>274600000</misses>
				<total>0</total>
				<timestamp>2140.375389</timestamp>
			</report>
			<report>
				<misses>274700000</misses>
				<total>0</total>
				<timestamp>2141.107330</timestamp>
			</report>
			<report>
				<misses>274800000</misses>
				<total>0</total>
				<timestamp>2141.876525</timestamp>
			</report>
			<report>
				<misses>274900000</misses>
				<total>0</total>
				<timestamp>2142.668388</timestamp>
			</report>
			<report>
				<misses>275000000</misses>
				<total>0</total>
				<timestamp>2143.446005</timestamp>
			</report>
			<report>
				<misses>275100000</misses>
				<total>0</total>
				<timestamp>2144.214139</timestamp>
			</report>
			<report>
				<misses>275200000</misses>
				<total>0</total>
				<timestamp>2144.997563</timestamp>
			</report>
			<report>
				<misses>275300000</misses>
				<total>0</total>
				<timestamp>2145.777742</timestamp>
			</report>
			<report>
				<misses>275400000</misses>
				<total>0</total>
				<timestamp>2146.552538</timestamp>
			</report>
			<report>
				<misses>275500000</misses>
				<total>0</total>
				<timestamp>2147.305424</timestamp>
			</report>
			<report>
				<misses>275600000</misses>
				<total>0</total>
				<timestamp>2148.077924</timestamp>
			</report>
			<report>
				<misses>275700000</misses>
				<total>0</total>
				<timestamp>2148.875807</timestamp>
			</report>
			<report>
				<misses>275800000</misses>
				<total>0</total>
				<timestamp>2149.644467</timestamp>
			</report>
			<report>
				<misses>275900000</misses>
				<total>0</total>
				<timestamp>2150.421960</timestamp>
			</report>
			<report>
				<misses>276000000</misses>
				<total>0</total>
				<timestamp>2151.238779</timestamp>
			</report>
			<report>
				<misses>276100000</misses>
				<total>0</total>
				<timestamp>2151.975767</timestamp>
			</report>
			<report>
				<misses>276200000</misses>
				<total>0</total>
				<timestamp>2152.713583</timestamp>
			</report>
			<report>
				<misses>276300000</misses>
				<total>0</total>
				<timestamp>2153.465589</timestamp>
			</report>
			<report>
				<misses>276400000</misses>
				<total>0</total>
				<timestamp>2154.232547</timestamp>
			</report>
			<report>
				<misses>276500000</misses>
				<total>0</total>
				<timestamp>2155.011776</timestamp>
			</report>
			<report>
				<misses>276600000</misses>
				<total>0</total>
				<timestamp>2155.770202</timestamp>
			</report>
			<report>
				<misses>276700000</misses>
				<total>0</total>
				<timestamp>2156.539025</timestamp>
			</report>
			<report>
				<misses>276800000</misses>
				<total>0</total>
				<timestamp>2157.299953</timestamp>
			</report>
			<report>
				<misses>276900000</misses>
				<total>0</total>
				<timestamp>2158.060043</timestamp>
			</report>
			<report>
				<misses>277000000</misses>
				<total>0</total>
				<timestamp>2158.849931</timestamp>
			</report>
			<report>
				<misses>277100000</misses>
				<total>0</total>
				<timestamp>2159.653116</timestamp>
			</report>
			<report>
				<misses>277200000</misses>
				<total>0</total>
				<timestamp>2160.409943</timestamp>
			</report>
			<report>
				<misses>277300000</misses>
				<total>0</total>
				<timestamp>2161.201174</timestamp>
			</report>
			<report>
				<misses>277400000</misses>
				<total>0</total>
				<timestamp>2161.996154</timestamp>
			</report>
			<report>
				<misses>277500000</misses>
				<total>0</total>
				<timestamp>2162.804528</timestamp>
			</report>
			<report>
				<misses>277600000</misses>
				<total>0</total>
				<timestamp>2163.577283</timestamp>
			</report>
			<report>
				<misses>277700000</misses>
				<total>0</total>
				<timestamp>2164.374347</timestamp>
			</report>
			<report>
				<misses>277800000</misses>
				<total>0</total>
				<timestamp>2165.119005</timestamp>
			</report>
			<report>
				<misses>277900000</misses>
				<total>0</total>
				<timestamp>2165.914060</timestamp>
			</report>
			<report>
				<misses>278000000</misses>
				<total>0</total>
				<timestamp>2166.675178</timestamp>
			</report>
			<report>
				<misses>278100000</misses>
				<total>0</total>
				<timestamp>2167.414845</timestamp>
			</report>
			<report>
				<misses>278200000</misses>
				<total>0</total>
				<timestamp>2168.153537</timestamp>
			</report>
			<report>
				<misses>278300000</misses>
				<total>0</total>
				<timestamp>2168.890489</timestamp>
			</report>
			<report>
				<misses>278400000</misses>
				<total>0</total>
				<timestamp>2169.628093</timestamp>
			</report>
			<report>
				<misses>278500000</misses>
				<total>0</total>
				<timestamp>2170.360879</timestamp>
			</report>
			<report>
				<misses>278600000</misses>
				<total>0</total>
				<timestamp>2171.097686</timestamp>
			</report>
			<report>
				<misses>278700000</misses>
				<total>0</total>
				<timestamp>2171.831811</timestamp>
			</report>
			<report>
				<misses>278800000</misses>
				<total>0</total>
				<timestamp>2172.566394</timestamp>
			</report>
			<report>
				<misses>278900000</misses>
				<total>0</total>
				<timestamp>2173.358018</timestamp>
			</report>
			<report>
				<misses>279000000</misses>
				<total>0</total>
				<timestamp>2174.132156</timestamp>
			</report>
			<report>
				<misses>279100000</misses>
				<total>0</total>
				<timestamp>2174.912438</timestamp>
			</report>
			<report>
				<misses>279200000</misses>
				<total>0</total>
				<timestamp>2175.711561</timestamp>
			</report>
			<report>
				<misses>279300000</misses>
				<total>0</total>
				<timestamp>2176.537852</timestamp>
			</report>
			<report>
				<misses>279400000</misses>
				<total>0</total>
				<timestamp>2177.287125</timestamp>
			</report>
			<report>
				<misses>279500000</misses>
				<total>0</total>
				<timestamp>2178.038418</timestamp>
			</report>
			<report>
				<misses>279600000</misses>
				<total>0</total>
				<timestamp>2178.834581</timestamp>
			</report>
			<report>
				<misses>279700000</misses>
				<total>0</total>
				<timestamp>2179.621130</timestamp>
			</report>
			<report>
				<misses>279800000</misses>
				<total>0</total>
				<timestamp>2180.419445</timestamp>
			</report>
			<report>
				<misses>279900000</misses>
				<total>0</total>
				<timestamp>2181.177384</timestamp>
			</report>
			<report>
				<misses>280000000</misses>
				<total>0</total>
				<timestamp>2181.977861</timestamp>
			</report>
			<report>
				<misses>280100000</misses>
				<total>0</total>
				<timestamp>2182.704262</timestamp>
			</report>
			<report>
				<misses>280200000</misses>
				<total>0</total>
				<timestamp>2183.467609</timestamp>
			</report>
			<report>
				<misses>280300000</misses>
				<total>0</total>
				<timestamp>2184.203741</timestamp>
			</report>
			<report>
				<misses>280400000</misses>
				<total>0</total>
				<timestamp>2184.921781</timestamp>
			</report>
			<report>
				<misses>280500000</misses>
				<total>0</total>
				<timestamp>2185.707504</timestamp>
			</report>
			<report>
				<misses>280600000</misses>
				<total>0</total>
				<timestamp>2186.456021</timestamp>
			</report>
			<report>
				<misses>280700000</misses>
				<total>0</total>
				<timestamp>2187.190636</timestamp>
			</report>
			<report>
				<misses>280800000</misses>
				<total>0</total>
				<timestamp>2187.964356</timestamp>
			</report>
			<report>
				<misses>280900000</misses>
				<total>0</total>
				<timestamp>2188.731570</timestamp>
			</report>
			<report>
				<misses>281000000</misses>
				<total>0</total>
				<timestamp>2189.526607</timestamp>
			</report>
			<report>
				<misses>281100000</misses>
				<total>0</total>
				<timestamp>2190.300185</timestamp>
			</report>
			<report>
				<misses>281200000</misses>
				<total>0</total>
				<timestamp>2191.085339</timestamp>
			</report>
			<report>
				<misses>281300000</misses>
				<total>0</total>
				<timestamp>2191.872626</timestamp>
			</report>
			<report>
				<misses>281400000</misses>
				<total>0</total>
				<timestamp>2192.624079</timestamp>
			</report>
			<report>
				<misses>281500000</misses>
				<total>0</total>
				<timestamp>2193.402364</timestamp>
			</report>
			<report>
				<misses>281600000</misses>
				<total>0</total>
				<timestamp>2194.172187</timestamp>
			</report>
			<report>
				<misses>281700000</misses>
				<total>0</total>
				<timestamp>2194.946976</timestamp>
			</report>
			<report>
				<misses>281800000</misses>
				<total>0</total>
				<timestamp>2195.763987</timestamp>
			</report>
			<report>
				<misses>281900000</misses>
				<total>0</total>
				<timestamp>2196.562889</timestamp>
			</report>
			<report>
				<misses>282000000</misses>
				<total>0</total>
				<timestamp>2197.321594</timestamp>
			</report>
			<report>
				<misses>282100000</misses>
				<total>0</total>
				<timestamp>2198.066323</timestamp>
			</report>
			<report>
				<misses>282200000</misses>
				<total>0</total>
				<timestamp>2198.820465</timestamp>
			</report>
			<report>
				<misses>282300000</misses>
				<total>0</total>
				<timestamp>2199.547151</timestamp>
			</report>
			<report>
				<misses>282400000</misses>
				<total>0</total>
				<timestamp>2200.328054</timestamp>
			</report>
			<report>
				<misses>282500000</misses>
				<total>0</total>
				<timestamp>2201.051556</timestamp>
			</report>
			<report>
				<misses>282600000</misses>
				<total>0</total>
				<timestamp>2201.808324</timestamp>
			</report>
			<report>
				<misses>282700000</misses>
				<total>0</total>
				<timestamp>2202.564819</timestamp>
			</report>
			<report>
				<misses>282800000</misses>
				<total>0</total>
				<timestamp>2203.296590</timestamp>
			</report>
			<report>
				<misses>282900000</misses>
				<total>0</total>
				<timestamp>2204.031544</timestamp>
			</report>
			<report>
				<misses>283000000</misses>
				<total>0</total>
				<timestamp>2204.800562</timestamp>
			</report>
			<report>
				<misses>283100000</misses>
				<total>0</total>
				<timestamp>2205.584611</timestamp>
			</report>
			<report>
				<misses>283200000</misses>
				<total>0</total>
				<timestamp>2206.376865</timestamp>
			</report>
			<report>
				<misses>283300000</misses>
				<total>0</total>
				<timestamp>2207.148486</timestamp>
			</report>
			<report>
				<misses>283400000</misses>
				<total>0</total>
				<timestamp>2207.945717</timestamp>
			</report>
			<report>
				<misses>283500000</misses>
				<total>0</total>
				<timestamp>2208.681156</timestamp>
			</report>
			<report>
				<misses>283600000</misses>
				<total>0</total>
				<timestamp>2209.428322</timestamp>
			</report>
			<report>
				<misses>283700000</misses>
				<total>0</total>
				<timestamp>2210.231194</timestamp>
			</report>
			<report>
				<misses>283800000</misses>
				<total>0</total>
				<timestamp>2210.999449</timestamp>
			</report>
			<report>
				<misses>283900000</misses>
				<total>0</total>
				<timestamp>2211.803526</timestamp>
			</report>
			<report>
				<misses>284000000</misses>
				<total>0</total>
				<timestamp>2212.561993</timestamp>
			</report>
			<report>
				<misses>284100000</misses>
				<total>0</total>
				<timestamp>2213.275249</timestamp>
			</report>
			<report>
				<misses>284200000</misses>
				<total>0</total>
				<timestamp>2214.038173</timestamp>
			</report>
			<report>
				<misses>284300000</misses>
				<total>0</total>
				<timestamp>2214.803852</timestamp>
			</report>
			<report>
				<misses>284400000</misses>
				<total>0</total>
				<timestamp>2215.553548</timestamp>
			</report>
			<report>
				<misses>284500000</misses>
				<total>0</total>
				<timestamp>2216.350323</timestamp>
			</report>
			<report>
				<misses>284600000</misses>
				<total>0</total>
				<timestamp>2217.124428</timestamp>
			</report>
			<report>
				<misses>284700000</misses>
				<total>0</total>
				<timestamp>2217.856232</timestamp>
			</report>
			<report>
				<misses>284800000</misses>
				<total>0</total>
				<timestamp>2218.570433</timestamp>
			</report>
			<report>
				<misses>284900000</misses>
				<total>0</total>
				<timestamp>2219.332403</timestamp>
			</report>
			<report>
				<misses>285000000</misses>
				<total>0</total>
				<timestamp>2220.064717</timestamp>
			</report>
			<report>
				<misses>285100000</misses>
				<total>0</total>
				<timestamp>2220.837683</timestamp>
			</report>
			<report>
				<misses>285200000</misses>
				<total>0</total>
				<timestamp>2221.631768</timestamp>
			</report>
			<report>
				<misses>285300000</misses>
				<total>0</total>
				<timestamp>2222.419478</timestamp>
			</report>
			<report>
				<misses>285400000</misses>
				<total>0</total>
				<timestamp>2223.239092</timestamp>
			</report>
			<report>
				<misses>285500000</misses>
				<total>0</total>
				<timestamp>2224.022608</timestamp>
			</report>
			<report>
				<misses>285600000</misses>
				<total>0</total>
				<timestamp>2224.809613</timestamp>
			</report>
			<report>
				<misses>285700000</misses>
				<total>0</total>
				<timestamp>2225.573939</timestamp>
			</report>
			<report>
				<misses>285800000</misses>
				<total>0</total>
				<timestamp>2226.387384</timestamp>
			</report>
			<report>
				<misses>285900000</misses>
				<total>0</total>
				<timestamp>2227.176033</timestamp>
			</report>
			<report>
				<misses>286000000</misses>
				<total>0</total>
				<timestamp>2227.921337</timestamp>
			</report>
			<report>
				<misses>286100000</misses>
				<total>0</total>
				<timestamp>2228.667434</timestamp>
			</report>
			<report>
				<misses>286200000</misses>
				<total>0</total>
				<timestamp>2229.429528</timestamp>
			</report>
			<report>
				<misses>286300000</misses>
				<total>0</total>
				<timestamp>2230.168261</timestamp>
			</report>
			<report>
				<misses>286400000</misses>
				<total>0</total>
				<timestamp>2230.926367</timestamp>
			</report>
			<report>
				<misses>286500000</misses>
				<total>0</total>
				<timestamp>2231.656122</timestamp>
			</report>
			<report>
				<misses>286600000</misses>
				<total>0</total>
				<timestamp>2232.382704</timestamp>
			</report>
			<report>
				<misses>286700000</misses>
				<total>0</total>
				<timestamp>2233.158162</timestamp>
			</report>
			<report>
				<misses>286800000</misses>
				<total>0</total>
				<timestamp>2233.887312</timestamp>
			</report>
			<report>
				<misses>286900000</misses>
				<total>0</total>
				<timestamp>2234.631513</timestamp>
			</report>
			<report>
				<misses>287000000</misses>
				<total>0</total>
				<timestamp>2235.407706</timestamp>
			</report>
			<report>
				<misses>287100000</misses>
				<total>0</total>
				<timestamp>2236.229971</timestamp>
			</report>
			<report>
				<misses>287200000</misses>
				<total>0</total>
				<timestamp>2236.993978</timestamp>
			</report>
			<report>
				<misses>287300000</misses>
				<total>0</total>
				<timestamp>2237.763604</timestamp>
			</report>
			<report>
				<misses>287400000</misses>
				<total>0</total>
				<timestamp>2238.526197</timestamp>
			</report>
			<report>
				<misses>287500000</misses>
				<total>0</total>
				<timestamp>2239.283308</timestamp>
			</report>
			<report>
				<misses>287600000</misses>
				<total>0</total>
				<timestamp>2240.050682</timestamp>
			</report>
			<report>
				<misses>287700000</misses>
				<total>0</total>
				<timestamp>2240.879158</timestamp>
			</report>
			<report>
				<misses>287800000</misses>
				<total>0</total>
				<timestamp>2241.671447</timestamp>
			</report>
			<report>
				<misses>287900000</misses>
				<total>0</total>
				<timestamp>2242.475861</timestamp>
			</report>
			<report>
				<misses>288000000</misses>
				<total>0</total>
				<timestamp>2243.282539</timestamp>
			</report>
			<report>
				<misses>288100000</misses>
				<total>0</total>
				<timestamp>2244.041511</timestamp>
			</report>
			<report>
				<misses>288200000</misses>
				<total>0</total>
				<timestamp>2244.768684</timestamp>
			</report>
			<report>
				<misses>288300000</misses>
				<total>0</total>
				<timestamp>2245.547529</timestamp>
			</report>
			<report>
				<misses>288400000</misses>
				<total>0</total>
				<timestamp>2246.314597</timestamp>
			</report>
			<report>
				<misses>288500000</misses>
				<total>0</total>
				<timestamp>2247.056001</timestamp>
			</report>
			<report>
				<misses>288600000</misses>
				<total>0</total>
				<timestamp>2247.830252</timestamp>
			</report>
			<report>
				<misses>288700000</misses>
				<total>0</total>
				<timestamp>2248.573383</timestamp>
			</report>
			<report>
				<misses>288800000</misses>
				<total>0</total>
				<timestamp>2249.332226</timestamp>
			</report>
			<report>
				<misses>288900000</misses>
				<total>0</total>
				<timestamp>2250.088095</timestamp>
			</report>
			<report>
				<misses>289000000</misses>
				<total>0</total>
				<timestamp>2250.849762</timestamp>
			</report>
			<report>
				<misses>289100000</misses>
				<total>0</total>
				<timestamp>2251.626339</timestamp>
			</report>
			<report>
				<misses>289200000</misses>
				<total>0</total>
				<timestamp>2252.384507</timestamp>
			</report>
			<report>
				<misses>289300000</misses>
				<total>0</total>
				<timestamp>2253.179378</timestamp>
			</report>
			<report>
				<misses>289400000</misses>
				<total>0</total>
				<timestamp>2253.956780</timestamp>
			</report>
			<report>
				<misses>289500000</misses>
				<total>0</total>
				<timestamp>2254.758346</timestamp>
			</report>
			<report>
				<misses>289600000</misses>
				<total>0</total>
				<timestamp>2255.529397</timestamp>
			</report>
			<report>
				<misses>289700000</misses>
				<total>0</total>
				<timestamp>2256.321036</timestamp>
			</report>
			<report>
				<misses>289800000</misses>
				<total>0</total>
				<timestamp>2257.103572</timestamp>
			</report>
			<report>
				<misses>289900000</misses>
				<total>0</total>
				<timestamp>2257.899178</timestamp>
			</report>
			<report>
				<misses>290000000</misses>
				<total>0</total>
				<timestamp>2258.658377</timestamp>
			</report>
			<report>
				<misses>290100000</misses>
				<total>0</total>
				<timestamp>2259.413776</timestamp>
			</report>
			<report>
				<misses>290200000</misses>
				<total>0</total>
				<timestamp>2260.198113</timestamp>
			</report>
			<report>
				<misses>290300000</misses>
				<total>0</total>
				<timestamp>2260.960590</timestamp>
			</report>
			<report>
				<misses>290400000</misses>
				<total>0</total>
				<timestamp>2261.720833</timestamp>
			</report>
			<report>
				<misses>290500000</misses>
				<total>0</total>
				<timestamp>2262.477960</timestamp>
			</report>
			<report>
				<misses>290600000</misses>
				<total>0</total>
				<timestamp>2263.218119</timestamp>
			</report>
			<report>
				<misses>290700000</misses>
				<total>0</total>
				<timestamp>2263.982265</timestamp>
			</report>
			<report>
				<misses>290800000</misses>
				<total>0</total>
				<timestamp>2264.699210</timestamp>
			</report>
			<report>
				<misses>290900000</misses>
				<total>0</total>
				<timestamp>2265.462974</timestamp>
			</report>
			<report>
				<misses>291000000</misses>
				<total>0</total>
				<timestamp>2266.288388</timestamp>
			</report>
			<report>
				<misses>291100000</misses>
				<total>0</total>
				<timestamp>2267.110661</timestamp>
			</report>
			<report>
				<misses>291200000</misses>
				<total>0</total>
				<timestamp>2267.873128</timestamp>
			</report>
			<report>
				<misses>291300000</misses>
				<total>0</total>
				<timestamp>2268.654448</timestamp>
			</report>
			<report>
				<misses>291400000</misses>
				<total>0</total>
				<timestamp>2269.475245</timestamp>
			</report>
			<report>
				<misses>291500000</misses>
				<total>0</total>
				<timestamp>2270.266601</timestamp>
			</report>
			<report>
				<misses>291600000</misses>
				<total>0</total>
				<timestamp>2271.059518</timestamp>
			</report>
			<report>
				<misses>291700000</misses>
				<total>0</total>
				<timestamp>2271.831949</timestamp>
			</report>
			<report>
				<misses>291800000</misses>
				<total>0</total>
				<timestamp>2272.626890</timestamp>
			</report>
			<report>
				<misses>291900000</misses>
				<total>0</total>
				<timestamp>2273.385946</timestamp>
			</report>
			<report>
				<misses>292000000</misses>
				<total>0</total>
				<timestamp>2274.151634</timestamp>
			</report>
			<report>
				<misses>292100000</misses>
				<total>0</total>
				<timestamp>2274.919476</timestamp>
			</report>
			<report>
				<misses>292200000</misses>
				<total>0</total>
				<timestamp>2275.669211</timestamp>
			</report>
			<report>
				<misses>292300000</misses>
				<total>0</total>
				<timestamp>2276.393064</timestamp>
			</report>
			<report>
				<misses>292400000</misses>
				<total>0</total>
				<timestamp>2277.155379</timestamp>
			</report>
			<report>
				<misses>292500000</misses>
				<total>0</total>
				<timestamp>2277.916909</timestamp>
			</report>
			<report>
				<misses>292600000</misses>
				<total>0</total>
				<timestamp>2278.646596</timestamp>
			</report>
			<report>
				<misses>292700000</misses>
				<total>0</total>
				<timestamp>2279.414895</timestamp>
			</report>
			<report>
				<misses>292800000</misses>
				<total>0</total>
				<timestamp>2280.157727</timestamp>
			</report>
			<report>
				<misses>292900000</misses>
				<total>0</total>
				<timestamp>2280.912638</timestamp>
			</report>
			<report>
				<misses>293000000</misses>
				<total>0</total>
				<timestamp>2281.654996</timestamp>
			</report>
			<report>
				<misses>293100000</misses>
				<total>0</total>
				<timestamp>2282.489800</timestamp>
			</report>
			<report>
				<misses>293200000</misses>
				<total>0</total>
				<timestamp>2283.220665</timestamp>
			</report>
			<report>
				<misses>293300000</misses>
				<total>0</total>
				<timestamp>2284.059405</timestamp>
			</report>
			<report>
				<misses>293400000</misses>
				<total>0</total>
				<timestamp>2284.817359</timestamp>
			</report>
			<report>
				<misses>293500000</misses>
				<total>0</total>
				<timestamp>2285.571887</timestamp>
			</report>
			<report>
				<misses>293600000</misses>
				<total>0</total>
				<timestamp>2286.357767</timestamp>
			</report>
			<report>
				<misses>293700000</misses>
				<total>0</total>
				<timestamp>2287.132628</timestamp>
			</report>
			<report>
				<misses>293800000</misses>
				<total>0</total>
				<timestamp>2287.926186</timestamp>
			</report>
			<report>
				<misses>293900000</misses>
				<total>0</total>
				<timestamp>2288.743249</timestamp>
			</report>
			<report>
				<misses>294000000</misses>
				<total>0</total>
				<timestamp>2289.473891</timestamp>
			</report>
			<report>
				<misses>294100000</misses>
				<total>0</total>
				<timestamp>2290.181724</timestamp>
			</report>
			<report>
				<misses>294200000</misses>
				<total>0</total>
				<timestamp>2290.913868</timestamp>
			</report>
			<report>
				<misses>294300000</misses>
				<total>0</total>
				<timestamp>2291.663992</timestamp>
			</report>
			<report>
				<misses>294400000</misses>
				<total>0</total>
				<timestamp>2292.404050</timestamp>
			</report>
			<report>
				<misses>294500000</misses>
				<total>0</total>
				<timestamp>2293.144009</timestamp>
			</report>
			<report>
				<misses>294600000</misses>
				<total>0</total>
				<timestamp>2293.888180</timestamp>
			</report>
			<report>
				<misses>294700000</misses>
				<total>0</total>
				<timestamp>2294.598494</timestamp>
			</report>
			<report>
				<misses>294800000</misses>
				<total>0</total>
				<timestamp>2295.366046</timestamp>
			</report>
			<report>
				<misses>294900000</misses>
				<total>0</total>
				<timestamp>2296.100432</timestamp>
			</report>
			<report>
				<misses>295000000</misses>
				<total>0</total>
				<timestamp>2296.888301</timestamp>
			</report>
			<report>
				<misses>295100000</misses>
				<total>0</total>
				<timestamp>2297.697044</timestamp>
			</report>
			<report>
				<misses>295200000</misses>
				<total>0</total>
				<timestamp>2298.492147</timestamp>
			</report>
			<report>
				<misses>295300000</misses>
				<total>0</total>
				<timestamp>2299.296133</timestamp>
			</report>
			<report>
				<misses>295400000</misses>
				<total>0</total>
				<timestamp>2300.041770</timestamp>
			</report>
			<report>
				<misses>295500000</misses>
				<total>0</total>
				<timestamp>2300.806521</timestamp>
			</report>
			<report>
				<misses>295600000</misses>
				<total>0</total>
				<timestamp>2301.566790</timestamp>
			</report>
			<report>
				<misses>295700000</misses>
				<total>0</total>
				<timestamp>2302.369202</timestamp>
			</report>
			<report>
				<misses>295800000</misses>
				<total>0</total>
				<timestamp>2303.127604</timestamp>
			</report>
			<report>
				<misses>295900000</misses>
				<total>0</total>
				<timestamp>2303.944014</timestamp>
			</report>
			<report>
				<misses>296000000</misses>
				<total>0</total>
				<timestamp>2304.702325</timestamp>
			</report>
			<report>
				<misses>296100000</misses>
				<total>0</total>
				<timestamp>2305.446350</timestamp>
			</report>
			<report>
				<misses>296200000</misses>
				<total>0</total>
				<timestamp>2306.214187</timestamp>
			</report>
			<report>
				<misses>296300000</misses>
				<total>0</total>
				<timestamp>2306.946380</timestamp>
			</report>
			<report>
				<misses>296400000</misses>
				<total>0</total>
				<timestamp>2307.723496</timestamp>
			</report>
			<report>
				<misses>296500000</misses>
				<total>0</total>
				<timestamp>2308.448847</timestamp>
			</report>
			<report>
				<misses>296600000</misses>
				<total>0</total>
				<timestamp>2309.179492</timestamp>
			</report>
			<report>
				<misses>296700000</misses>
				<total>0</total>
				<timestamp>2309.949023</timestamp>
			</report>
			<report>
				<misses>296800000</misses>
				<total>0</total>
				<timestamp>2310.695620</timestamp>
			</report>
			<report>
				<misses>296900000</misses>
				<total>0</total>
				<timestamp>2311.424791</timestamp>
			</report>
			<report>
				<misses>297000000</misses>
				<total>0</total>
				<timestamp>2312.234470</timestamp>
			</report>
			<report>
				<misses>297100000</misses>
				<total>0</total>
				<timestamp>2313.002239</timestamp>
			</report>
			<report>
				<misses>297200000</misses>
				<total>0</total>
				<timestamp>2313.821334</timestamp>
			</report>
			<report>
				<misses>297300000</misses>
				<total>0</total>
				<timestamp>2314.592818</timestamp>
			</report>
			<report>
				<misses>297400000</misses>
				<total>0</total>
				<timestamp>2315.357302</timestamp>
			</report>
			<report>
				<misses>297500000</misses>
				<total>0</total>
				<timestamp>2316.158107</timestamp>
			</report>
			<report>
				<misses>297600000</misses>
				<total>0</total>
				<timestamp>2316.923045</timestamp>
			</report>
			<report>
				<misses>297700000</misses>
				<total>0</total>
				<timestamp>2317.687464</timestamp>
			</report>
			<report>
				<misses>297800000</misses>
				<total>0</total>
				<timestamp>2318.472434</timestamp>
			</report>
			<report>
				<misses>297900000</misses>
				<total>0</total>
				<timestamp>2319.275842</timestamp>
			</report>
			<report>
				<misses>298000000</misses>
				<total>0</total>
				<timestamp>2320.049321</timestamp>
			</report>
			<report>
				<misses>298100000</misses>
				<total>0</total>
				<timestamp>2320.795306</timestamp>
			</report>
			<report>
				<misses>298200000</misses>
				<total>0</total>
				<timestamp>2321.557917</timestamp>
			</report>
			<report>
				<misses>298300000</misses>
				<total>0</total>
				<timestamp>2322.297106</timestamp>
			</report>
			<report>
				<misses>298400000</misses>
				<total>0</total>
				<timestamp>2323.031773</timestamp>
			</report>
			<report>
				<misses>298500000</misses>
				<total>0</total>
				<timestamp>2323.781952</timestamp>
			</report>
			<report>
				<misses>298600000</misses>
				<total>0</total>
				<timestamp>2324.534597</timestamp>
			</report>
			<report>
				<misses>298700000</misses>
				<total>0</total>
				<timestamp>2325.327503</timestamp>
			</report>
			<report>
				<misses>298800000</misses>
				<total>0</total>
				<timestamp>2326.088586</timestamp>
			</report>
			<report>
				<misses>298900000</misses>
				<total>0</total>
				<timestamp>2326.822523</timestamp>
			</report>
			<report>
				<misses>299000000</misses>
				<total>0</total>
				<timestamp>2327.582111</timestamp>
			</report>
			<report>
				<misses>299100000</misses>
				<total>0</total>
				<timestamp>2328.441228</timestamp>
			</report>
			<report>
				<misses>299200000</misses>
				<total>0</total>
				<timestamp>2329.206957</timestamp>
			</report>
			<report>
				<misses>299300000</misses>
				<total>0</total>
				<timestamp>2329.983862</timestamp>
			</report>
			<report>
				<misses>299400000</misses>
				<total>0</total>
				<timestamp>2330.767879</timestamp>
			</report>
			<report>
				<misses>299500000</misses>
				<total>0</total>
				<timestamp>2331.545659</timestamp>
			</report>
			<report>
				<misses>299600000</misses>
				<total>0</total>
				<timestamp>2332.293438</timestamp>
			</report>
			<report>
				<misses>299700000</misses>
				<total>0</total>
				<timestamp>2333.084225</timestamp>
			</report>
			<report>
				<misses>299800000</misses>
				<total>0</total>
				<timestamp>2333.926762</timestamp>
			</report>
			<report>
				<misses>299900000</misses>
				<total>0</total>
				<timestamp>2334.731962</timestamp>
			</report>
			<report>
				<misses>300000000</misses>
				<total>0</total>
				<timestamp>2335.460335</timestamp>
			</report>
			<report>
				<misses>300100000</misses>
				<total>0</total>
				<timestamp>2336.266215</timestamp>
			</report>
			<report>
				<misses>300200000</misses>
				<total>0</total>
				<timestamp>2337.025580</timestamp>
			</report>
			<report>
				<misses>300300000</misses>
				<total>0</total>
				<timestamp>2337.763368</timestamp>
			</report>
			<report>
				<misses>300400000</misses>
				<total>0</total>
				<timestamp>2338.529772</timestamp>
			</report>
			<report>
				<misses>300500000</misses>
				<total>0</total>
				<timestamp>2339.278213</timestamp>
			</report>
			<report>
				<misses>300600000</misses>
				<total>0</total>
				<timestamp>2340.004409</timestamp>
			</report>
			<report>
				<misses>300700000</misses>
				<total>0</total>
				<timestamp>2340.743016</timestamp>
			</report>
			<report>
				<misses>300800000</misses>
				<total>0</total>
				<timestamp>2341.527216</timestamp>
			</report>
			<report>
				<misses>300900000</misses>
				<total>0</total>
				<timestamp>2342.280303</timestamp>
			</report>
			<report>
				<misses>301000000</misses>
				<total>0</total>
				<timestamp>2343.039311</timestamp>
			</report>
			<report>
				<misses>301100000</misses>
				<total>0</total>
				<timestamp>2343.815677</timestamp>
			</report>
			<report>
				<misses>301200000</misses>
				<total>0</total>
				<timestamp>2344.575666</timestamp>
			</report>
			<report>
				<misses>301300000</misses>
				<total>0</total>
				<timestamp>2345.396646</timestamp>
			</report>
			<report>
				<misses>301400000</misses>
				<total>0</total>
				<timestamp>2346.200758</timestamp>
			</report>
			<report>
				<misses>301500000</misses>
				<total>0</total>
				<timestamp>2346.925118</timestamp>
			</report>
			<report>
				<misses>301600000</misses>
				<total>0</total>
				<timestamp>2347.729593</timestamp>
			</report>
			<report>
				<misses>301700000</misses>
				<total>0</total>
				<timestamp>2348.482209</timestamp>
			</report>
			<report>
				<misses>301800000</misses>
				<total>0</total>
				<timestamp>2349.234117</timestamp>
			</report>
			<report>
				<misses>301900000</misses>
				<total>0</total>
				<timestamp>2350.042306</timestamp>
			</report>
			<report>
				<misses>302000000</misses>
				<total>0</total>
				<timestamp>2350.806985</timestamp>
			</report>
			<report>
				<misses>302100000</misses>
				<total>0</total>
				<timestamp>2351.542492</timestamp>
			</report>
			<report>
				<misses>302200000</misses>
				<total>0</total>
				<timestamp>2352.294822</timestamp>
			</report>
			<report>
				<misses>302300000</misses>
				<total>0</total>
				<timestamp>2353.073005</timestamp>
			</report>
			<report>
				<misses>302400000</misses>
				<total>0</total>
				<timestamp>2353.791414</timestamp>
			</report>
			<report>
				<misses>302500000</misses>
				<total>0</total>
				<timestamp>2354.527344</timestamp>
			</report>
			<report>
				<misses>302600000</misses>
				<total>0</total>
				<timestamp>2355.292651</timestamp>
			</report>
			<report>
				<misses>302700000</misses>
				<total>0</total>
				<timestamp>2356.009473</timestamp>
			</report>
			<report>
				<misses>302800000</misses>
				<total>0</total>
				<timestamp>2356.757263</timestamp>
			</report>
			<report>
				<misses>302900000</misses>
				<total>0</total>
				<timestamp>2357.495085</timestamp>
			</report>
			<report>
				<misses>303000000</misses>
				<total>0</total>
				<timestamp>2358.232717</timestamp>
			</report>
			<report>
				<misses>303100000</misses>
				<total>0</total>
				<timestamp>2358.981909</timestamp>
			</report>
			<report>
				<misses>303200000</misses>
				<total>0</total>
				<timestamp>2359.766297</timestamp>
			</report>
			<report>
				<misses>303300000</misses>
				<total>0</total>
				<timestamp>2360.550481</timestamp>
			</report>
			<report>
				<misses>303400000</misses>
				<total>0</total>
				<timestamp>2361.364311</timestamp>
			</report>
			<report>
				<misses>303500000</misses>
				<total>0</total>
				<timestamp>2362.122372</timestamp>
			</report>
			<report>
				<misses>303600000</misses>
				<total>0</total>
				<timestamp>2362.890528</timestamp>
			</report>
			<report>
				<misses>303700000</misses>
				<total>0</total>
				<timestamp>2363.649420</timestamp>
			</report>
			<report>
				<misses>303800000</misses>
				<total>0</total>
				<timestamp>2364.438487</timestamp>
			</report>
			<report>
				<misses>303900000</misses>
				<total>0</total>
				<timestamp>2365.176699</timestamp>
			</report>
			<report>
				<misses>304000000</misses>
				<total>0</total>
				<timestamp>2365.904178</timestamp>
			</report>
			<report>
				<misses>304100000</misses>
				<total>0</total>
				<timestamp>2366.680313</timestamp>
			</report>
			<report>
				<misses>304200000</misses>
				<total>0</total>
				<timestamp>2367.477148</timestamp>
			</report>
			<report>
				<misses>304300000</misses>
				<total>0</total>
				<timestamp>2368.265564</timestamp>
			</report>
			<report>
				<misses>304400000</misses>
				<total>0</total>
				<timestamp>2369.009818</timestamp>
			</report>
			<report>
				<misses>304500000</misses>
				<total>0</total>
				<timestamp>2369.749384</timestamp>
			</report>
			<report>
				<misses>304600000</misses>
				<total>0</total>
				<timestamp>2370.515802</timestamp>
			</report>
			<report>
				<misses>304700000</misses>
				<total>0</total>
				<timestamp>2371.243977</timestamp>
			</report>
			<report>
				<misses>304800000</misses>
				<total>0</total>
				<timestamp>2371.987081</timestamp>
			</report>
			<report>
				<misses>304900000</misses>
				<total>0</total>
				<timestamp>2372.719963</timestamp>
			</report>
			<report>
				<misses>305000000</misses>
				<total>0</total>
				<timestamp>2373.503364</timestamp>
			</report>
			<report>
				<misses>305100000</misses>
				<total>0</total>
				<timestamp>2374.262125</timestamp>
			</report>
			<report>
				<misses>305200000</misses>
				<total>0</total>
				<timestamp>2375.014778</timestamp>
			</report>
			<report>
				<misses>305300000</misses>
				<total>0</total>
				<timestamp>2375.759359</timestamp>
			</report>
			<report>
				<misses>305400000</misses>
				<total>0</total>
				<timestamp>2376.541422</timestamp>
			</report>
			<report>
				<misses>305500000</misses>
				<total>0</total>
				<timestamp>2377.361103</timestamp>
			</report>
			<report>
				<misses>305600000</misses>
				<total>0</total>
				<timestamp>2378.125569</timestamp>
			</report>
			<report>
				<misses>305700000</misses>
				<total>0</total>
				<timestamp>2378.910129</timestamp>
			</report>
			<report>
				<misses>305800000</misses>
				<total>0</total>
				<timestamp>2379.656249</timestamp>
			</report>
			<report>
				<misses>305900000</misses>
				<total>0</total>
				<timestamp>2380.420672</timestamp>
			</report>
			<report>
				<misses>306000000</misses>
				<total>0</total>
				<timestamp>2381.204273</timestamp>
			</report>
			<report>
				<misses>306100000</misses>
				<total>0</total>
				<timestamp>2381.970328</timestamp>
			</report>
			<report>
				<misses>306200000</misses>
				<total>0</total>
				<timestamp>2382.756948</timestamp>
			</report>
			<report>
				<misses>306300000</misses>
				<total>0</total>
				<timestamp>2383.555709</timestamp>
			</report>
			<report>
				<misses>306400000</misses>
				<total>0</total>
				<timestamp>2384.338124</timestamp>
			</report>
			<report>
				<misses>306500000</misses>
				<total>0</total>
				<timestamp>2385.098600</timestamp>
			</report>
			<report>
				<misses>306600000</misses>
				<total>0</total>
				<timestamp>2385.896535</timestamp>
			</report>
			<report>
				<misses>306700000</misses>
				<total>0</total>
				<timestamp>2386.673929</timestamp>
			</report>
			<report>
				<misses>306800000</misses>
				<total>0</total>
				<timestamp>2387.445684</timestamp>
			</report>
			<report>
				<misses>306900000</misses>
				<total>0</total>
				<timestamp>2388.209911</timestamp>
			</report>
			<report>
				<misses>307000000</misses>
				<total>0</total>
				<timestamp>2388.962886</timestamp>
			</report>
			<report>
				<misses>307100000</misses>
				<total>0</total>
				<timestamp>2389.755527</timestamp>
			</report>
			<report>
				<misses>307200000</misses>
				<total>0</total>
				<timestamp>2390.494031</timestamp>
			</report>
			<report>
				<misses>307300000</misses>
				<total>0</total>
				<timestamp>2391.231177</timestamp>
			</report>
			<report>
				<misses>307400000</misses>
				<total>0</total>
				<timestamp>2391.991026</timestamp>
			</report>
			<report>
				<misses>307500000</misses>
				<total>0</total>
				<timestamp>2392.748382</timestamp>
			</report>
			<report>
				<misses>307600000</misses>
				<total>0</total>
				<timestamp>2393.463987</timestamp>
			</report>
			<report>
				<misses>307700000</misses>
				<total>0</total>
				<timestamp>2394.226896</timestamp>
			</report>
			<report>
				<misses>307800000</misses>
				<total>0</total>
				<timestamp>2394.986168</timestamp>
			</report>
			<report>
				<misses>307900000</misses>
				<total>0</total>
				<timestamp>2395.738599</timestamp>
			</report>
			<report>
				<misses>308000000</misses>
				<total>0</total>
				<timestamp>2396.534371</timestamp>
			</report>
			<report>
				<misses>308100000</misses>
				<total>0</total>
				<timestamp>2397.315110</timestamp>
			</report>
			<report>
				<misses>308200000</misses>
				<total>0</total>
				<timestamp>2398.065292</timestamp>
			</report>
			<report>
				<misses>308300000</misses>
				<total>0</total>
				<timestamp>2398.871505</timestamp>
			</report>
			<report>
				<misses>308400000</misses>
				<total>0</total>
				<timestamp>2399.601225</timestamp>
			</report>
			<report>
				<misses>308500000</misses>
				<total>0</total>
				<timestamp>2400.374386</timestamp>
			</report>
			<report>
				<misses>308600000</misses>
				<total>0</total>
				<timestamp>2401.174794</timestamp>
			</report>
			<report>
				<misses>308700000</misses>
				<total>0</total>
				<timestamp>2401.953346</timestamp>
			</report>
			<report>
				<misses>308800000</misses>
				<total>0</total>
				<timestamp>2402.731233</timestamp>
			</report>
			<report>
				<misses>308900000</misses>
				<total>0</total>
				<timestamp>2403.489941</timestamp>
			</report>
			<report>
				<misses>309000000</misses>
				<total>0</total>
				<timestamp>2404.265300</timestamp>
			</report>
			<report>
				<misses>309100000</misses>
				<total>0</total>
				<timestamp>2405.028279</timestamp>
			</report>
			<report>
				<misses>309200000</misses>
				<total>0</total>
				<timestamp>2405.803181</timestamp>
			</report>
			<report>
				<misses>309300000</misses>
				<total>0</total>
				<timestamp>2406.564522</timestamp>
			</report>
			<report>
				<misses>309400000</misses>
				<total>0</total>
				<timestamp>2407.322409</timestamp>
			</report>
			<report>
				<misses>309500000</misses>
				<total>0</total>
				<timestamp>2408.089513</timestamp>
			</report>
			<report>
				<misses>309600000</misses>
				<total>0</total>
				<timestamp>2408.840004</timestamp>
			</report>
			<report>
				<misses>309700000</misses>
				<total>0</total>
				<timestamp>2409.593731</timestamp>
			</report>
			<report>
				<misses>309800000</misses>
				<total>0</total>
				<timestamp>2410.354447</timestamp>
			</report>
			<report>
				<misses>309900000</misses>
				<total>0</total>
				<timestamp>2411.118503</timestamp>
			</report>
			<report>
				<misses>310000000</misses>
				<total>0</total>
				<timestamp>2411.855582</timestamp>
			</report>
			<report>
				<misses>310100000</misses>
				<total>0</total>
				<timestamp>2412.627063</timestamp>
			</report>
			<report>
				<misses>310200000</misses>
				<total>0</total>
				<timestamp>2413.395611</timestamp>
			</report>
			<report>
				<misses>310300000</misses>
				<total>0</total>
				<timestamp>2414.156393</timestamp>
			</report>
			<report>
				<misses>310400000</misses>
				<total>0</total>
				<timestamp>2414.982242</timestamp>
			</report>
			<report>
				<misses>310500000</misses>
				<total>0</total>
				<timestamp>2415.715973</timestamp>
			</report>
			<report>
				<misses>310600000</misses>
				<total>0</total>
				<timestamp>2416.519687</timestamp>
			</report>
			<report>
				<misses>310700000</misses>
				<total>0</total>
				<timestamp>2417.296878</timestamp>
			</report>
			<report>
				<misses>310800000</misses>
				<total>0</total>
				<timestamp>2418.097394</timestamp>
			</report>
			<report>
				<misses>310900000</misses>
				<total>0</total>
				<timestamp>2418.853054</timestamp>
			</report>
			<report>
				<misses>311000000</misses>
				<total>0</total>
				<timestamp>2419.634476</timestamp>
			</report>
			<report>
				<misses>311100000</misses>
				<total>0</total>
				<timestamp>2420.388760</timestamp>
			</report>
			<report>
				<misses>311200000</misses>
				<total>0</total>
				<timestamp>2421.151374</timestamp>
			</report>
			<report>
				<misses>311300000</misses>
				<total>0</total>
				<timestamp>2421.911078</timestamp>
			</report>
			<report>
				<misses>311400000</misses>
				<total>0</total>
				<timestamp>2422.677854</timestamp>
			</report>
			<report>
				<misses>311500000</misses>
				<total>0</total>
				<timestamp>2423.414503</timestamp>
			</report>
			<report>
				<misses>311600000</misses>
				<total>0</total>
				<timestamp>2424.154126</timestamp>
			</report>
			<report>
				<misses>311700000</misses>
				<total>0</total>
				<timestamp>2424.908397</timestamp>
			</report>
			<report>
				<misses>311800000</misses>
				<total>0</total>
				<timestamp>2425.631887</timestamp>
			</report>
			<report>
				<misses>311900000</misses>
				<total>0</total>
				<timestamp>2426.381177</timestamp>
			</report>
			<report>
				<misses>312000000</misses>
				<total>0</total>
				<timestamp>2427.144079</timestamp>
			</report>
			<report>
				<misses>312100000</misses>
				<total>0</total>
				<timestamp>2427.891037</timestamp>
			</report>
			<report>
				<misses>312200000</misses>
				<total>0</total>
				<timestamp>2428.691514</timestamp>
			</report>
			<report>
				<misses>312300000</misses>
				<total>0</total>
				<timestamp>2429.490620</timestamp>
			</report>
			<report>
				<misses>312400000</misses>
				<total>0</total>
				<timestamp>2430.263690</timestamp>
			</report>
			<report>
				<misses>312500000</misses>
				<total>0</total>
				<timestamp>2431.041192</timestamp>
			</report>
			<report>
				<misses>312600000</misses>
				<total>0</total>
				<timestamp>2431.796860</timestamp>
			</report>
			<report>
				<misses>312700000</misses>
				<total>0</total>
				<timestamp>2432.522493</timestamp>
			</report>
			<report>
				<misses>312800000</misses>
				<total>0</total>
				<timestamp>2433.310867</timestamp>
			</report>
			<report>
				<misses>312900000</misses>
				<total>0</total>
				<timestamp>2434.088760</timestamp>
			</report>
			<report>
				<misses>313000000</misses>
				<total>0</total>
				<timestamp>2434.858386</timestamp>
			</report>
			<report>
				<misses>313100000</misses>
				<total>0</total>
				<timestamp>2435.686175</timestamp>
			</report>
			<report>
				<misses>313200000</misses>
				<total>0</total>
				<timestamp>2436.502904</timestamp>
			</report>
			<report>
				<misses>313300000</misses>
				<total>0</total>
				<timestamp>2437.275481</timestamp>
			</report>
			<report>
				<misses>313400000</misses>
				<total>0</total>
				<timestamp>2438.015022</timestamp>
			</report>
			<report>
				<misses>313500000</misses>
				<total>0</total>
				<timestamp>2438.765097</timestamp>
			</report>
			<report>
				<misses>313600000</misses>
				<total>0</total>
				<timestamp>2439.518938</timestamp>
			</report>
			<report>
				<misses>313700000</misses>
				<total>0</total>
				<timestamp>2440.227985</timestamp>
			</report>
			<report>
				<misses>313800000</misses>
				<total>0</total>
				<timestamp>2441.012955</timestamp>
			</report>
			<report>
				<misses>313900000</misses>
				<total>0</total>
				<timestamp>2441.726914</timestamp>
			</report>
			<report>
				<misses>314000000</misses>
				<total>0</total>
				<timestamp>2442.468801</timestamp>
			</report>
			<report>
				<misses>314100000</misses>
				<total>0</total>
				<timestamp>2443.249927</timestamp>
			</report>
			<report>
				<misses>314200000</misses>
				<total>0</total>
				<timestamp>2443.979958</timestamp>
			</report>
			<report>
				<misses>314300000</misses>
				<total>0</total>
				<timestamp>2444.764505</timestamp>
			</report>
			<report>
				<misses>314400000</misses>
				<total>0</total>
				<timestamp>2445.573646</timestamp>
			</report>
			<report>
				<misses>314500000</misses>
				<total>0</total>
				<timestamp>2446.332375</timestamp>
			</report>
			<report>
				<misses>314600000</misses>
				<total>0</total>
				<timestamp>2447.074763</timestamp>
			</report>
			<report>
				<misses>314700000</misses>
				<total>0</total>
				<timestamp>2447.900867</timestamp>
			</report>
			<report>
				<misses>314800000</misses>
				<total>0</total>
				<timestamp>2448.681947</timestamp>
			</report>
			<report>
				<misses>314900000</misses>
				<total>0</total>
				<timestamp>2449.438264</timestamp>
			</report>
			<report>
				<misses>315000000</misses>
				<total>0</total>
				<timestamp>2450.228304</timestamp>
			</report>
			<report>
				<misses>315100000</misses>
				<total>0</total>
				<timestamp>2450.992184</timestamp>
			</report>
			<report>
				<misses>315200000</misses>
				<total>0</total>
				<timestamp>2451.769444</timestamp>
			</report>
			<report>
				<misses>315300000</misses>
				<total>0</total>
				<timestamp>2452.525719</timestamp>
			</report>
			<report>
				<misses>315400000</misses>
				<total>0</total>
				<timestamp>2453.277728</timestamp>
			</report>
			<report>
				<misses>315500000</misses>
				<total>0</total>
				<timestamp>2453.991094</timestamp>
			</report>
			<report>
				<misses>315600000</misses>
				<total>0</total>
				<timestamp>2454.740887</timestamp>
			</report>
			<report>
				<misses>315700000</misses>
				<total>0</total>
				<timestamp>2455.491848</timestamp>
			</report>
			<report>
				<misses>315800000</misses>
				<total>0</total>
				<timestamp>2456.206766</timestamp>
			</report>
			<report>
				<misses>315900000</misses>
				<total>0</total>
				<timestamp>2456.931792</timestamp>
			</report>
			<report>
				<misses>316000000</misses>
				<total>0</total>
				<timestamp>2457.680199</timestamp>
			</report>
			<report>
				<misses>316100000</misses>
				<total>0</total>
				<timestamp>2458.377685</timestamp>
			</report>
			<report>
				<misses>316200000</misses>
				<total>0</total>
				<timestamp>2459.132299</timestamp>
			</report>
			<report>
				<misses>316300000</misses>
				<total>0</total>
				<timestamp>2459.899192</timestamp>
			</report>
			<report>
				<misses>316400000</misses>
				<total>0</total>
				<timestamp>2460.665140</timestamp>
			</report>
			<report>
				<misses>316500000</misses>
				<total>0</total>
				<timestamp>2461.446976</timestamp>
			</report>
			<report>
				<misses>316600000</misses>
				<total>0</total>
				<timestamp>2462.227310</timestamp>
			</report>
			<report>
				<misses>316700000</misses>
				<total>0</total>
				<timestamp>2462.995556</timestamp>
			</report>
			<report>
				<misses>316800000</misses>
				<total>0</total>
				<timestamp>2463.774432</timestamp>
			</report>
			<report>
				<misses>316900000</misses>
				<total>0</total>
				<timestamp>2464.537580</timestamp>
			</report>
			<report>
				<misses>317000000</misses>
				<total>0</total>
				<timestamp>2465.318983</timestamp>
			</report>
			<report>
				<misses>317100000</misses>
				<total>0</total>
				<timestamp>2466.106834</timestamp>
			</report>
			<report>
				<misses>317200000</misses>
				<total>0</total>
				<timestamp>2466.869149</timestamp>
			</report>
			<report>
				<misses>317300000</misses>
				<total>0</total>
				<timestamp>2467.643003</timestamp>
			</report>
			<report>
				<misses>317400000</misses>
				<total>0</total>
				<timestamp>2468.414450</timestamp>
			</report>
			<report>
				<misses>317500000</misses>
				<total>0</total>
				<timestamp>2469.158131</timestamp>
			</report>
			<report>
				<misses>317600000</misses>
				<total>0</total>
				<timestamp>2469.892730</timestamp>
			</report>
			<report>
				<misses>317700000</misses>
				<total>0</total>
				<timestamp>2470.619796</timestamp>
			</report>
			<report>
				<misses>317800000</misses>
				<total>0</total>
				<timestamp>2471.361596</timestamp>
			</report>
			<report>
				<misses>317900000</misses>
				<total>0</total>
				<timestamp>2472.071705</timestamp>
			</report>
			<report>
				<misses>318000000</misses>
				<total>0</total>
				<timestamp>2472.793268</timestamp>
			</report>
			<report>
				<misses>318100000</misses>
				<total>0</total>
				<timestamp>2473.502350</timestamp>
			</report>
			<report>
				<misses>318200000</misses>
				<total>0</total>
				<timestamp>2474.240579</timestamp>
			</report>
			<report>
				<misses>318300000</misses>
				<total>0</total>
				<timestamp>2475.009557</timestamp>
			</report>
			<report>
				<misses>318400000</misses>
				<total>0</total>
				<timestamp>2475.822834</timestamp>
			</report>
			<report>
				<misses>318500000</misses>
				<total>0</total>
				<timestamp>2476.618350</timestamp>
			</report>
			<report>
				<misses>318600000</misses>
				<total>0</total>
				<timestamp>2477.423432</timestamp>
			</report>
			<report>
				<misses>318700000</misses>
				<total>0</total>
				<timestamp>2478.180001</timestamp>
			</report>
			<report>
				<misses>318800000</misses>
				<total>0</total>
				<timestamp>2478.977247</timestamp>
			</report>
			<report>
				<misses>318900000</misses>
				<total>0</total>
				<timestamp>2479.752496</timestamp>
			</report>
			<report>
				<misses>319000000</misses>
				<total>0</total>
				<timestamp>2480.516225</timestamp>
			</report>
			<report>
				<misses>319100000</misses>
				<total>0</total>
				<timestamp>2481.264741</timestamp>
			</report>
			<report>
				<misses>319200000</misses>
				<total>0</total>
				<timestamp>2482.055594</timestamp>
			</report>
			<report>
				<misses>319300000</misses>
				<total>0</total>
				<timestamp>2482.836755</timestamp>
			</report>
			<report>
				<misses>319400000</misses>
				<total>0</total>
				<timestamp>2483.570152</timestamp>
			</report>
			<report>
				<misses>319500000</misses>
				<total>0</total>
				<timestamp>2484.326295</timestamp>
			</report>
			<report>
				<misses>319600000</misses>
				<total>0</total>
				<timestamp>2485.061227</timestamp>
			</report>
			<report>
				<misses>319700000</misses>
				<total>0</total>
				<timestamp>2485.798421</timestamp>
			</report>
			<report>
				<misses>319800000</misses>
				<total>0</total>
				<timestamp>2486.518101</timestamp>
			</report>
			<report>
				<misses>319900000</misses>
				<total>0</total>
				<timestamp>2487.252396</timestamp>
			</report>
			<report>
				<misses>320000000</misses>
				<total>0</total>
				<timestamp>2488.009950</timestamp>
			</report>
			<report>
				<misses>320100000</misses>
				<total>0</total>
				<timestamp>2488.728758</timestamp>
			</report>
			<report>
				<misses>320200000</misses>
				<total>0</total>
				<timestamp>2489.466231</timestamp>
			</report>
			<report>
				<misses>320300000</misses>
				<total>0</total>
				<timestamp>2490.238120</timestamp>
			</report>
			<report>
				<misses>320400000</misses>
				<total>0</total>
				<timestamp>2491.032713</timestamp>
			</report>
			<report>
				<misses>320500000</misses>
				<total>0</total>
				<timestamp>2491.814848</timestamp>
			</report>
			<report>
				<misses>320600000</misses>
				<total>0</total>
				<timestamp>2492.617075</timestamp>
			</report>
			<report>
				<misses>320700000</misses>
				<total>0</total>
				<timestamp>2493.416299</timestamp>
			</report>
			<report>
				<misses>320800000</misses>
				<total>0</total>
				<timestamp>2494.180569</timestamp>
			</report>
			<report>
				<misses>320900000</misses>
				<total>0</total>
				<timestamp>2494.935063</timestamp>
			</report>
			<report>
				<misses>321000000</misses>
				<total>0</total>
				<timestamp>2495.723254</timestamp>
			</report>
			<report>
				<misses>321100000</misses>
				<total>0</total>
				<timestamp>2496.523907</timestamp>
			</report>
			<report>
				<misses>321200000</misses>
				<total>0</total>
				<timestamp>2497.321968</timestamp>
			</report>
			<report>
				<misses>321300000</misses>
				<total>0</total>
				<timestamp>2498.102142</timestamp>
			</report>
			<report>
				<misses>321400000</misses>
				<total>0</total>
				<timestamp>2498.845996</timestamp>
			</report>
			<report>
				<misses>321500000</misses>
				<total>0</total>
				<timestamp>2499.581278</timestamp>
			</report>
			<report>
				<misses>321600000</misses>
				<total>0</total>
				<timestamp>2500.299812</timestamp>
			</report>
			<report>
				<misses>321700000</misses>
				<total>0</total>
				<timestamp>2501.052273</timestamp>
			</report>
			<report>
				<misses>321800000</misses>
				<total>0</total>
				<timestamp>2501.801804</timestamp>
			</report>
			<report>
				<misses>321900000</misses>
				<total>0</total>
				<timestamp>2502.527787</timestamp>
			</report>
			<report>
				<misses>322000000</misses>
				<total>0</total>
				<timestamp>2503.265075</timestamp>
			</report>
			<report>
				<misses>322100000</misses>
				<total>0</total>
				<timestamp>2504.045981</timestamp>
			</report>
			<report>
				<misses>322200000</misses>
				<total>0</total>
				<timestamp>2504.837806</timestamp>
			</report>
			<report>
				<misses>322300000</misses>
				<total>0</total>
				<timestamp>2505.580424</timestamp>
			</report>
			<report>
				<misses>322400000</misses>
				<total>0</total>
				<timestamp>2506.387091</timestamp>
			</report>
			<report>
				<misses>322500000</misses>
				<total>0</total>
				<timestamp>2507.218753</timestamp>
			</report>
			<report>
				<misses>322600000</misses>
				<total>0</total>
				<timestamp>2507.967559</timestamp>
			</report>
			<report>
				<misses>322700000</misses>
				<total>0</total>
				<timestamp>2508.710408</timestamp>
			</report>
			<report>
				<misses>322800000</misses>
				<total>0</total>
				<timestamp>2509.469319</timestamp>
			</report>
			<report>
				<misses>322900000</misses>
				<total>0</total>
				<timestamp>2510.288654</timestamp>
			</report>
			<report>
				<misses>323000000</misses>
				<total>0</total>
				<timestamp>2511.065233</timestamp>
			</report>
			<report>
				<misses>323100000</misses>
				<total>0</total>
				<timestamp>2511.852439</timestamp>
			</report>
			<report>
				<misses>323200000</misses>
				<total>0</total>
				<timestamp>2512.616078</timestamp>
			</report>
			<report>
				<misses>323300000</misses>
				<total>0</total>
				<timestamp>2513.396580</timestamp>
			</report>
			<report>
				<misses>323400000</misses>
				<total>0</total>
				<timestamp>2514.189612</timestamp>
			</report>
			<report>
				<misses>323500000</misses>
				<total>0</total>
				<timestamp>2514.933235</timestamp>
			</report>
			<report>
				<misses>323600000</misses>
				<total>0</total>
				<timestamp>2515.686765</timestamp>
			</report>
			<report>
				<misses>323700000</misses>
				<total>0</total>
				<timestamp>2516.422583</timestamp>
			</report>
			<report>
				<misses>323800000</misses>
				<total>0</total>
				<timestamp>2517.141212</timestamp>
			</report>
			<report>
				<misses>323900000</misses>
				<total>0</total>
				<timestamp>2517.884415</timestamp>
			</report>
			<report>
				<misses>324000000</misses>
				<total>0</total>
				<timestamp>2518.654838</timestamp>
			</report>
			<report>
				<misses>324100000</misses>
				<total>0</total>
				<timestamp>2519.396920</timestamp>
			</report>
			<report>
				<misses>324200000</misses>
				<total>0</total>
				<timestamp>2520.200635</timestamp>
			</report>
			<report>
				<misses>324300000</misses>
				<total>0</total>
				<timestamp>2520.973476</timestamp>
			</report>
			<report>
				<misses>324400000</misses>
				<total>0</total>
				<timestamp>2521.730802</timestamp>
			</report>
			<report>
				<misses>324500000</misses>
				<total>0</total>
				<timestamp>2522.527845</timestamp>
			</report>
			<report>
				<misses>324600000</misses>
				<total>0</total>
				<timestamp>2523.353229</timestamp>
			</report>
			<report>
				<misses>324700000</misses>
				<total>0</total>
				<timestamp>2524.088736</timestamp>
			</report>
			<report>
				<misses>324800000</misses>
				<total>0</total>
				<timestamp>2524.859114</timestamp>
			</report>
			<report>
				<misses>324900000</misses>
				<total>0</total>
				<timestamp>2525.648742</timestamp>
			</report>
			<report>
				<misses>325000000</misses>
				<total>0</total>
				<timestamp>2526.459753</timestamp>
			</report>
			<report>
				<misses>325100000</misses>
				<total>0</total>
				<timestamp>2527.267506</timestamp>
			</report>
			<report>
				<misses>325200000</misses>
				<total>0</total>
				<timestamp>2528.028855</timestamp>
			</report>
			<report>
				<misses>325300000</misses>
				<total>0</total>
				<timestamp>2528.803583</timestamp>
			</report>
			<report>
				<misses>325400000</misses>
				<total>0</total>
				<timestamp>2529.530193</timestamp>
			</report>
			<report>
				<misses>325500000</misses>
				<total>0</total>
				<timestamp>2530.251654</timestamp>
			</report>
			<report>
				<misses>325600000</misses>
				<total>0</total>
				<timestamp>2530.988918</timestamp>
			</report>
			<report>
				<misses>325700000</misses>
				<total>0</total>
				<timestamp>2531.721479</timestamp>
			</report>
			<report>
				<misses>325800000</misses>
				<total>0</total>
				<timestamp>2532.466667</timestamp>
			</report>
			<report>
				<misses>325900000</misses>
				<total>0</total>
				<timestamp>2533.203543</timestamp>
			</report>
			<report>
				<misses>326000000</misses>
				<total>0</total>
				<timestamp>2533.933075</timestamp>
			</report>
			<report>
				<misses>326100000</misses>
				<total>0</total>
				<timestamp>2534.657647</timestamp>
			</report>
			<report>
				<misses>326200000</misses>
				<total>0</total>
				<timestamp>2535.400019</timestamp>
			</report>
			<report>
				<misses>326300000</misses>
				<total>0</total>
				<timestamp>2536.141033</timestamp>
			</report>
			<report>
				<misses>326400000</misses>
				<total>0</total>
				<timestamp>2536.897757</timestamp>
			</report>
			<report>
				<misses>326500000</misses>
				<total>0</total>
				<timestamp>2537.680168</timestamp>
			</report>
			<report>
				<misses>326600000</misses>
				<total>0</total>
				<timestamp>2538.502645</timestamp>
			</report>
			<report>
				<misses>326700000</misses>
				<total>0</total>
				<timestamp>2539.310181</timestamp>
			</report>
			<report>
				<misses>326800000</misses>
				<total>0</total>
				<timestamp>2540.080714</timestamp>
			</report>
			<report>
				<misses>326900000</misses>
				<total>0</total>
				<timestamp>2540.895031</timestamp>
			</report>
			<report>
				<misses>327000000</misses>
				<total>0</total>
				<timestamp>2541.720607</timestamp>
			</report>
			<report>
				<misses>327100000</misses>
				<total>0</total>
				<timestamp>2542.541342</timestamp>
			</report>
			<report>
				<misses>327200000</misses>
				<total>0</total>
				<timestamp>2543.308519</timestamp>
			</report>
			<report>
				<misses>327300000</misses>
				<total>0</total>
				<timestamp>2544.057264</timestamp>
			</report>
			<report>
				<misses>327400000</misses>
				<total>0</total>
				<timestamp>2544.867798</timestamp>
			</report>
			<report>
				<misses>327500000</misses>
				<total>0</total>
				<timestamp>2545.656397</timestamp>
			</report>
			<report>
				<misses>327600000</misses>
				<total>0</total>
				<timestamp>2546.401347</timestamp>
			</report>
			<report>
				<misses>327700000</misses>
				<total>0</total>
				<timestamp>2547.237406</timestamp>
			</report>
			<report>
				<misses>327800000</misses>
				<total>0</total>
				<timestamp>2548.049420</timestamp>
			</report>
			<report>
				<misses>327900000</misses>
				<total>0</total>
				<timestamp>2548.806107</timestamp>
			</report>
			<report>
				<misses>328000000</misses>
				<total>0</total>
				<timestamp>2549.576705</timestamp>
			</report>
			<report>
				<misses>328100000</misses>
				<total>0</total>
				<timestamp>2550.317054</timestamp>
			</report>
			<report>
				<misses>328200000</misses>
				<total>0</total>
				<timestamp>2551.059580</timestamp>
			</report>
			<report>
				<misses>328300000</misses>
				<total>0</total>
				<timestamp>2551.782978</timestamp>
			</report>
			<report>
				<misses>328400000</misses>
				<total>0</total>
				<timestamp>2552.520066</timestamp>
			</report>
			<report>
				<misses>328500000</misses>
				<total>0</total>
				<timestamp>2553.242192</timestamp>
			</report>
			<report>
				<misses>328600000</misses>
				<total>0</total>
				<timestamp>2554.027614</timestamp>
			</report>
			<report>
				<misses>328700000</misses>
				<total>0</total>
				<timestamp>2554.759327</timestamp>
			</report>
			<report>
				<misses>328800000</misses>
				<total>0</total>
				<timestamp>2555.486137</timestamp>
			</report>
			<report>
				<misses>328900000</misses>
				<total>0</total>
				<timestamp>2556.242398</timestamp>
			</report>
			<report>
				<misses>329000000</misses>
				<total>0</total>
				<timestamp>2557.043005</timestamp>
			</report>
			<report>
				<misses>329100000</misses>
				<total>0</total>
				<timestamp>2557.828624</timestamp>
			</report>
			<report>
				<misses>329200000</misses>
				<total>0</total>
				<timestamp>2558.584636</timestamp>
			</report>
			<report>
				<misses>329300000</misses>
				<total>0</total>
				<timestamp>2559.388569</timestamp>
			</report>
			<report>
				<misses>329400000</misses>
				<total>0</total>
				<timestamp>2560.167241</timestamp>
			</report>
			<report>
				<misses>329500000</misses>
				<total>0</total>
				<timestamp>2560.919010</timestamp>
			</report>
			<report>
				<misses>329600000</misses>
				<total>0</total>
				<timestamp>2561.718467</timestamp>
			</report>
			<report>
				<misses>329700000</misses>
				<total>0</total>
				<timestamp>2562.543086</timestamp>
			</report>
			<report>
				<misses>329800000</misses>
				<total>0</total>
				<timestamp>2563.337419</timestamp>
			</report>
			<report>
				<misses>329900000</misses>
				<total>0</total>
				<timestamp>2564.103770</timestamp>
			</report>
			<report>
				<misses>330000000</misses>
				<total>0</total>
				<timestamp>2564.943319</timestamp>
			</report>
			<report>
				<misses>330100000</misses>
				<total>0</total>
				<timestamp>2565.708655</timestamp>
			</report>
			<report>
				<misses>330200000</misses>
				<total>0</total>
				<timestamp>2566.456937</timestamp>
			</report>
			<report>
				<misses>330300000</misses>
				<total>0</total>
				<timestamp>2567.225655</timestamp>
			</report>
			<report>
				<misses>330400000</misses>
				<total>0</total>
				<timestamp>2567.976316</timestamp>
			</report>
			<report>
				<misses>330500000</misses>
				<total>0</total>
				<timestamp>2568.754242</timestamp>
			</report>
			<report>
				<misses>330600000</misses>
				<total>0</total>
				<timestamp>2569.511170</timestamp>
			</report>
			<report>
				<misses>330700000</misses>
				<total>0</total>
				<timestamp>2570.227608</timestamp>
			</report>
			<report>
				<misses>330800000</misses>
				<total>0</total>
				<timestamp>2571.001717</timestamp>
			</report>
			<report>
				<misses>330900000</misses>
				<total>0</total>
				<timestamp>2571.766653</timestamp>
			</report>
			<report>
				<misses>331000000</misses>
				<total>0</total>
				<timestamp>2572.534725</timestamp>
			</report>
			<report>
				<misses>331100000</misses>
				<total>0</total>
				<timestamp>2573.329444</timestamp>
			</report>
			<report>
				<misses>331200000</misses>
				<total>0</total>
				<timestamp>2574.127329</timestamp>
			</report>
			<report>
				<misses>331300000</misses>
				<total>0</total>
				<timestamp>2574.901875</timestamp>
			</report>
			<report>
				<misses>331400000</misses>
				<total>0</total>
				<timestamp>2575.646430</timestamp>
			</report>
			<report>
				<misses>331500000</misses>
				<total>0</total>
				<timestamp>2576.447000</timestamp>
			</report>
			<report>
				<misses>331600000</misses>
				<total>0</total>
				<timestamp>2577.228395</timestamp>
			</report>
			<report>
				<misses>331700000</misses>
				<total>0</total>
				<timestamp>2578.015215</timestamp>
			</report>
			<report>
				<misses>331800000</misses>
				<total>0</total>
				<timestamp>2578.783628</timestamp>
			</report>
			<report>
				<misses>331900000</misses>
				<total>0</total>
				<timestamp>2579.583745</timestamp>
			</report>
			<report>
				<misses>332000000</misses>
				<total>0</total>
				<timestamp>2580.388592</timestamp>
			</report>
			<report>
				<misses>332100000</misses>
				<total>0</total>
				<timestamp>2581.168396</timestamp>
			</report>
			<report>
				<misses>332200000</misses>
				<total>0</total>
				<timestamp>2581.947197</timestamp>
			</report>
			<report>
				<misses>332300000</misses>
				<total>0</total>
				<timestamp>2582.704958</timestamp>
			</report>
			<report>
				<misses>332400000</misses>
				<total>0</total>
				<timestamp>2583.445316</timestamp>
			</report>
			<report>
				<misses>332500000</misses>
				<total>0</total>
				<timestamp>2584.222259</timestamp>
			</report>
			<report>
				<misses>332600000</misses>
				<total>0</total>
				<timestamp>2584.994301</timestamp>
			</report>
			<report>
				<misses>332700000</misses>
				<total>0</total>
				<timestamp>2585.759390</timestamp>
			</report>
			<report>
				<misses>332800000</misses>
				<total>0</total>
				<timestamp>2586.469335</timestamp>
			</report>
			<report>
				<misses>332900000</misses>
				<total>0</total>
				<timestamp>2587.196484</timestamp>
			</report>
			<report>
				<misses>333000000</misses>
				<total>0</total>
				<timestamp>2587.944342</timestamp>
			</report>
			<report>
				<misses>333100000</misses>
				<total>0</total>
				<timestamp>2588.692343</timestamp>
			</report>
			<report>
				<misses>333200000</misses>
				<total>0</total>
				<timestamp>2589.442679</timestamp>
			</report>
			<report>
				<misses>333300000</misses>
				<total>0</total>
				<timestamp>2590.231984</timestamp>
			</report>
			<report>
				<misses>333400000</misses>
				<total>0</total>
				<timestamp>2591.006712</timestamp>
			</report>
			<report>
				<misses>333500000</misses>
				<total>0</total>
				<timestamp>2591.748455</timestamp>
			</report>
			<report>
				<misses>333600000</misses>
				<total>0</total>
				<timestamp>2592.550356</timestamp>
			</report>
			<report>
				<misses>333700000</misses>
				<total>0</total>
				<timestamp>2593.365449</timestamp>
			</report>
			<report>
				<misses>333800000</misses>
				<total>0</total>
				<timestamp>2594.119462</timestamp>
			</report>
			<report>
				<misses>333900000</misses>
				<total>0</total>
				<timestamp>2594.917963</timestamp>
			</report>
			<report>
				<misses>334000000</misses>
				<total>0</total>
				<timestamp>2595.663361</timestamp>
			</report>
			<report>
				<misses>334100000</misses>
				<total>0</total>
				<timestamp>2596.430345</timestamp>
			</report>
			<report>
				<misses>334200000</misses>
				<total>0</total>
				<timestamp>2597.210025</timestamp>
			</report>
			<report>
				<misses>334300000</misses>
				<total>0</total>
				<timestamp>2597.971258</timestamp>
			</report>
			<report>
				<misses>334400000</misses>
				<total>0</total>
				<timestamp>2598.734854</timestamp>
			</report>
			<report>
				<misses>334500000</misses>
				<total>0</total>
				<timestamp>2599.478139</timestamp>
			</report>
			<report>
				<misses>334600000</misses>
				<total>0</total>
				<timestamp>2600.223068</timestamp>
			</report>
			<report>
				<misses>334700000</misses>
				<total>0</total>
				<timestamp>2600.952491</timestamp>
			</report>
			<report>
				<misses>334800000</misses>
				<total>0</total>
				<timestamp>2601.684430</timestamp>
			</report>
			<report>
				<misses>334900000</misses>
				<total>0</total>
				<timestamp>2602.421316</timestamp>
			</report>
			<report>
				<misses>335000000</misses>
				<total>0</total>
				<timestamp>2603.158622</timestamp>
			</report>
			<report>
				<misses>335100000</misses>
				<total>0</total>
				<timestamp>2603.890296</timestamp>
			</report>
			<report>
				<misses>335200000</misses>
				<total>0</total>
				<timestamp>2604.651605</timestamp>
			</report>
			<report>
				<misses>335300000</misses>
				<total>0</total>
				<timestamp>2605.453056</timestamp>
			</report>
			<report>
				<misses>335400000</misses>
				<total>0</total>
				<timestamp>2606.225361</timestamp>
			</report>
			<report>
				<misses>335500000</misses>
				<total>0</total>
				<timestamp>2606.997576</timestamp>
			</report>
			<report>
				<misses>335600000</misses>
				<total>0</total>
				<timestamp>2607.732269</timestamp>
			</report>
			<report>
				<misses>335700000</misses>
				<total>0</total>
				<timestamp>2608.510035</timestamp>
			</report>
			<report>
				<misses>335800000</misses>
				<total>0</total>
				<timestamp>2609.279410</timestamp>
			</report>
			<report>
				<misses>335900000</misses>
				<total>0</total>
				<timestamp>2610.055439</timestamp>
			</report>
			<report>
				<misses>336000000</misses>
				<total>0</total>
				<timestamp>2610.812338</timestamp>
			</report>
			<report>
				<misses>336100000</misses>
				<total>0</total>
				<timestamp>2611.603102</timestamp>
			</report>
			<report>
				<misses>336200000</misses>
				<total>0</total>
				<timestamp>2612.351030</timestamp>
			</report>
			<report>
				<misses>336300000</misses>
				<total>0</total>
				<timestamp>2613.119583</timestamp>
			</report>
			<report>
				<misses>336400000</misses>
				<total>0</total>
				<timestamp>2613.888901</timestamp>
			</report>
			<report>
				<misses>336500000</misses>
				<total>0</total>
				<timestamp>2614.673335</timestamp>
			</report>
			<report>
				<misses>336600000</misses>
				<total>0</total>
				<timestamp>2615.422912</timestamp>
			</report>
			<report>
				<misses>336700000</misses>
				<total>0</total>
				<timestamp>2616.169269</timestamp>
			</report>
			<report>
				<misses>336800000</misses>
				<total>0</total>
				<timestamp>2616.886449</timestamp>
			</report>
			<report>
				<misses>336900000</misses>
				<total>0</total>
				<timestamp>2617.631344</timestamp>
			</report>
			<report>
				<misses>337000000</misses>
				<total>0</total>
				<timestamp>2618.365338</timestamp>
			</report>
			<report>
				<misses>337100000</misses>
				<total>0</total>
				<timestamp>2619.109067</timestamp>
			</report>
			<report>
				<misses>337200000</misses>
				<total>0</total>
				<timestamp>2619.839632</timestamp>
			</report>
			<report>
				<misses>337300000</misses>
				<total>0</total>
				<timestamp>2620.585130</timestamp>
			</report>
			<report>
				<misses>337400000</misses>
				<total>0</total>
				<timestamp>2621.355525</timestamp>
			</report>
			<report>
				<misses>337500000</misses>
				<total>0</total>
				<timestamp>2622.135808</timestamp>
			</report>
			<report>
				<misses>337600000</misses>
				<total>0</total>
				<timestamp>2622.969928</timestamp>
			</report>
			<report>
				<misses>337700000</misses>
				<total>0</total>
				<timestamp>2623.764281</timestamp>
			</report>
			<report>
				<misses>337800000</misses>
				<total>0</total>
				<timestamp>2624.554259</timestamp>
			</report>
			<report>
				<misses>337900000</misses>
				<total>0</total>
				<timestamp>2625.319734</timestamp>
			</report>
			<report>
				<misses>338000000</misses>
				<total>0</total>
				<timestamp>2626.096899</timestamp>
			</report>
			<report>
				<misses>338100000</misses>
				<total>0</total>
				<timestamp>2626.910961</timestamp>
			</report>
			<report>
				<misses>338200000</misses>
				<total>0</total>
				<timestamp>2627.675369</timestamp>
			</report>
			<report>
				<misses>338300000</misses>
				<total>0</total>
				<timestamp>2628.451488</timestamp>
			</report>
			<report>
				<misses>338400000</misses>
				<total>0</total>
				<timestamp>2629.218260</timestamp>
			</report>
			<report>
				<misses>338500000</misses>
				<total>0</total>
				<timestamp>2629.984889</timestamp>
			</report>
			<report>
				<misses>338600000</misses>
				<total>0</total>
				<timestamp>2630.731711</timestamp>
			</report>
			<report>
				<misses>338700000</misses>
				<total>0</total>
				<timestamp>2631.503882</timestamp>
			</report>
			<report>
				<misses>338800000</misses>
				<total>0</total>
				<timestamp>2632.295787</timestamp>
			</report>
			<report>
				<misses>338900000</misses>
				<total>0</total>
				<timestamp>2633.047649</timestamp>
			</report>
			<report>
				<misses>339000000</misses>
				<total>0</total>
				<timestamp>2633.788460</timestamp>
			</report>
			<report>
				<misses>339100000</misses>
				<total>0</total>
				<timestamp>2634.529358</timestamp>
			</report>
			<report>
				<misses>339200000</misses>
				<total>0</total>
				<timestamp>2635.255433</timestamp>
			</report>
			<report>
				<misses>339300000</misses>
				<total>0</total>
				<timestamp>2635.989959</timestamp>
			</report>
			<report>
				<misses>339400000</misses>
				<total>0</total>
				<timestamp>2636.837104</timestamp>
			</report>
			<report>
				<misses>339500000</misses>
				<total>0</total>
				<timestamp>2637.608676</timestamp>
			</report>
			<report>
				<misses>339600000</misses>
				<total>0</total>
				<timestamp>2638.358303</timestamp>
			</report>
			<report>
				<misses>339700000</misses>
				<total>0</total>
				<timestamp>2639.107917</timestamp>
			</report>
			<report>
				<misses>339800000</misses>
				<total>0</total>
				<timestamp>2639.887615</timestamp>
			</report>
			<report>
				<misses>339900000</misses>
				<total>0</total>
				<timestamp>2640.633744</timestamp>
			</report>
			<report>
				<misses>340000000</misses>
				<total>0</total>
				<timestamp>2641.425297</timestamp>
			</report>
			<report>
				<misses>340100000</misses>
				<total>0</total>
				<timestamp>2642.184423</timestamp>
			</report>
			<report>
				<misses>340200000</misses>
				<total>0</total>
				<timestamp>2642.966332</timestamp>
			</report>
			<report>
				<misses>340300000</misses>
				<total>0</total>
				<timestamp>2643.746200</timestamp>
			</report>
			<report>
				<misses>340400000</misses>
				<total>0</total>
				<timestamp>2644.563515</timestamp>
			</report>
			<report>
				<misses>340500000</misses>
				<total>0</total>
				<timestamp>2645.306368</timestamp>
			</report>
			<report>
				<misses>340600000</misses>
				<total>0</total>
				<timestamp>2646.036661</timestamp>
			</report>
			<report>
				<misses>340700000</misses>
				<total>0</total>
				<timestamp>2646.777578</timestamp>
			</report>
			<report>
				<misses>340800000</misses>
				<total>0</total>
				<timestamp>2647.494389</timestamp>
			</report>
			<report>
				<misses>340900000</misses>
				<total>0</total>
				<timestamp>2648.229093</timestamp>
			</report>
			<report>
				<misses>341000000</misses>
				<total>0</total>
				<timestamp>2649.020119</timestamp>
			</report>
			<report>
				<misses>341100000</misses>
				<total>0</total>
				<timestamp>2649.776491</timestamp>
			</report>
			<report>
				<misses>341200000</misses>
				<total>0</total>
				<timestamp>2650.541626</timestamp>
			</report>
			<report>
				<misses>341300000</misses>
				<total>0</total>
				<timestamp>2651.277853</timestamp>
			</report>
			<report>
				<misses>341400000</misses>
				<total>0</total>
				<timestamp>2652.061763</timestamp>
			</report>
			<report>
				<misses>341500000</misses>
				<total>0</total>
				<timestamp>2652.857230</timestamp>
			</report>
			<report>
				<misses>341600000</misses>
				<total>0</total>
				<timestamp>2653.616399</timestamp>
			</report>
			<report>
				<misses>341700000</misses>
				<total>0</total>
				<timestamp>2654.377850</timestamp>
			</report>
			<report>
				<misses>341800000</misses>
				<total>0</total>
				<timestamp>2655.157080</timestamp>
			</report>
			<report>
				<misses>341900000</misses>
				<total>0</total>
				<timestamp>2655.906598</timestamp>
			</report>
			<report>
				<misses>342000000</misses>
				<total>0</total>
				<timestamp>2656.694421</timestamp>
			</report>
			<report>
				<misses>342100000</misses>
				<total>0</total>
				<timestamp>2657.449175</timestamp>
			</report>
			<report>
				<misses>342200000</misses>
				<total>0</total>
				<timestamp>2658.251391</timestamp>
			</report>
			<report>
				<misses>342300000</misses>
				<total>0</total>
				<timestamp>2659.011000</timestamp>
			</report>
			<report>
				<misses>342400000</misses>
				<total>0</total>
				<timestamp>2659.785609</timestamp>
			</report>
			<report>
				<misses>342500000</misses>
				<total>0</total>
				<timestamp>2660.509417</timestamp>
			</report>
			<report>
				<misses>342600000</misses>
				<total>0</total>
				<timestamp>2661.233440</timestamp>
			</report>
			<report>
				<misses>342700000</misses>
				<total>0</total>
				<timestamp>2661.984298</timestamp>
			</report>
			<report>
				<misses>342800000</misses>
				<total>0</total>
				<timestamp>2662.718011</timestamp>
			</report>
			<report>
				<misses>342900000</misses>
				<total>0</total>
				<timestamp>2663.475961</timestamp>
			</report>
			<report>
				<misses>343000000</misses>
				<total>0</total>
				<timestamp>2664.196769</timestamp>
			</report>
			<report>
				<misses>343100000</misses>
				<total>0</total>
				<timestamp>2664.946342</timestamp>
			</report>
			<report>
				<misses>343200000</misses>
				<total>0</total>
				<timestamp>2665.694680</timestamp>
			</report>
			<report>
				<misses>343300000</misses>
				<total>0</total>
				<timestamp>2666.428525</timestamp>
			</report>
			<report>
				<misses>343400000</misses>
				<total>0</total>
				<timestamp>2667.191803</timestamp>
			</report>
			<report>
				<misses>343500000</misses>
				<total>0</total>
				<timestamp>2667.994816</timestamp>
			</report>
			<report>
				<misses>343600000</misses>
				<total>0</total>
				<timestamp>2668.755891</timestamp>
			</report>
			<report>
				<misses>343700000</misses>
				<total>0</total>
				<timestamp>2669.546030</timestamp>
			</report>
			<report>
				<misses>343800000</misses>
				<total>0</total>
				<timestamp>2670.341717</timestamp>
			</report>
			<report>
				<misses>343900000</misses>
				<total>0</total>
				<timestamp>2671.105433</timestamp>
			</report>
			<report>
				<misses>344000000</misses>
				<total>0</total>
				<timestamp>2671.877643</timestamp>
			</report>
			<report>
				<misses>344100000</misses>
				<total>0</total>
				<timestamp>2672.660983</timestamp>
			</report>
			<report>
				<misses>344200000</misses>
				<total>0</total>
				<timestamp>2673.448917</timestamp>
			</report>
			<report>
				<misses>344300000</misses>
				<total>0</total>
				<timestamp>2674.199806</timestamp>
			</report>
			<report>
				<misses>344400000</misses>
				<total>0</total>
				<timestamp>2674.965009</timestamp>
			</report>
			<report>
				<misses>344500000</misses>
				<total>0</total>
				<timestamp>2675.721216</timestamp>
			</report>
			<report>
				<misses>344600000</misses>
				<total>0</total>
				<timestamp>2676.531227</timestamp>
			</report>
			<report>
				<misses>344700000</misses>
				<total>0</total>
				<timestamp>2677.271873</timestamp>
			</report>
			<report>
				<misses>344800000</misses>
				<total>0</total>
				<timestamp>2677.996717</timestamp>
			</report>
			<report>
				<misses>344900000</misses>
				<total>0</total>
				<timestamp>2678.749131</timestamp>
			</report>
			<report>
				<misses>345000000</misses>
				<total>0</total>
				<timestamp>2679.474390</timestamp>
			</report>
			<report>
				<misses>345100000</misses>
				<total>0</total>
				<timestamp>2680.210334</timestamp>
			</report>
			<report>
				<misses>345200000</misses>
				<total>0</total>
				<timestamp>2680.967330</timestamp>
			</report>
			<report>
				<misses>345300000</misses>
				<total>0</total>
				<timestamp>2681.699442</timestamp>
			</report>
			<report>
				<misses>345400000</misses>
				<total>0</total>
				<timestamp>2682.400468</timestamp>
			</report>
			<report>
				<misses>345500000</misses>
				<total>0</total>
				<timestamp>2683.228822</timestamp>
			</report>
			<report>
				<misses>345600000</misses>
				<total>0</total>
				<timestamp>2684.029065</timestamp>
			</report>
			<report>
				<misses>345700000</misses>
				<total>0</total>
				<timestamp>2684.763197</timestamp>
			</report>
			<report>
				<misses>345800000</misses>
				<total>0</total>
				<timestamp>2685.597882</timestamp>
			</report>
			<report>
				<misses>345900000</misses>
				<total>0</total>
				<timestamp>2686.359011</timestamp>
			</report>
			<report>
				<misses>346000000</misses>
				<total>0</total>
				<timestamp>2687.125811</timestamp>
			</report>
			<report>
				<misses>346100000</misses>
				<total>0</total>
				<timestamp>2687.896571</timestamp>
			</report>
			<report>
				<misses>346200000</misses>
				<total>0</total>
				<timestamp>2688.667367</timestamp>
			</report>
			<report>
				<misses>346300000</misses>
				<total>0</total>
				<timestamp>2689.422173</timestamp>
			</report>
			<report>
				<misses>346400000</misses>
				<total>0</total>
				<timestamp>2690.216401</timestamp>
			</report>
			<report>
				<misses>346500000</misses>
				<total>0</total>
				<timestamp>2690.993162</timestamp>
			</report>
			<report>
				<misses>346600000</misses>
				<total>0</total>
				<timestamp>2691.784956</timestamp>
			</report>
			<report>
				<misses>346700000</misses>
				<total>0</total>
				<timestamp>2692.533128</timestamp>
			</report>
			<report>
				<misses>346800000</misses>
				<total>0</total>
				<timestamp>2693.242010</timestamp>
			</report>
			<report>
				<misses>346900000</misses>
				<total>0</total>
				<timestamp>2693.973410</timestamp>
			</report>
			<report>
				<misses>347000000</misses>
				<total>0</total>
				<timestamp>2694.756904</timestamp>
			</report>
			<report>
				<misses>347100000</misses>
				<total>0</total>
				<timestamp>2695.559850</timestamp>
			</report>
			<report>
				<misses>347200000</misses>
				<total>0</total>
				<timestamp>2696.313613</timestamp>
			</report>
			<report>
				<misses>347300000</misses>
				<total>0</total>
				<timestamp>2697.056208</timestamp>
			</report>
			<report>
				<misses>347400000</misses>
				<total>0</total>
				<timestamp>2697.791804</timestamp>
			</report>
			<report>
				<misses>347500000</misses>
				<total>0</total>
				<timestamp>2698.551875</timestamp>
			</report>
			<report>
				<misses>347600000</misses>
				<total>0</total>
				<timestamp>2699.302566</timestamp>
			</report>
			<report>
				<misses>347700000</misses>
				<total>0</total>
				<timestamp>2700.068585</timestamp>
			</report>
			<report>
				<misses>347800000</misses>
				<total>0</total>
				<timestamp>2700.857439</timestamp>
			</report>
			<report>
				<misses>347900000</misses>
				<total>0</total>
				<timestamp>2701.624545</timestamp>
			</report>
			<report>
				<misses>348000000</misses>
				<total>0</total>
				<timestamp>2702.405014</timestamp>
			</report>
			<report>
				<misses>348100000</misses>
				<total>0</total>
				<timestamp>2703.207415</timestamp>
			</report>
			<report>
				<misses>348200000</misses>
				<total>0</total>
				<timestamp>2703.981235</timestamp>
			</report>
			<report>
				<misses>348300000</misses>
				<total>0</total>
				<timestamp>2704.797008</timestamp>
			</report>
			<report>
				<misses>348400000</misses>
				<total>0</total>
				<timestamp>2705.609957</timestamp>
			</report>
			<report>
				<misses>348500000</misses>
				<total>0</total>
				<timestamp>2706.366663</timestamp>
			</report>
			<report>
				<misses>348600000</misses>
				<total>0</total>
				<timestamp>2707.129928</timestamp>
			</report>
			<report>
				<misses>348700000</misses>
				<total>0</total>
				<timestamp>2707.917919</timestamp>
			</report>
			<report>
				<misses>348800000</misses>
				<total>0</total>
				<timestamp>2708.674818</timestamp>
			</report>
			<report>
				<misses>348900000</misses>
				<total>0</total>
				<timestamp>2709.403219</timestamp>
			</report>
			<report>
				<misses>349000000</misses>
				<total>0</total>
				<timestamp>2710.154549</timestamp>
			</report>
			<report>
				<misses>349100000</misses>
				<total>0</total>
				<timestamp>2710.881566</timestamp>
			</report>
			<report>
				<misses>349200000</misses>
				<total>0</total>
				<timestamp>2711.632997</timestamp>
			</report>
			<report>
				<misses>349300000</misses>
				<total>0</total>
				<timestamp>2712.372839</timestamp>
			</report>
			<report>
				<misses>349400000</misses>
				<total>0</total>
				<timestamp>2713.125090</timestamp>
			</report>
			<report>
				<misses>349500000</misses>
				<total>0</total>
				<timestamp>2713.882021</timestamp>
			</report>
			<report>
				<misses>349600000</misses>
				<total>0</total>
				<timestamp>2714.596867</timestamp>
			</report>
			<report>
				<misses>349700000</misses>
				<total>0</total>
				<timestamp>2715.397590</timestamp>
			</report>
			<report>
				<misses>349800000</misses>
				<total>0</total>
				<timestamp>2716.177244</timestamp>
			</report>
			<report>
				<misses>349900000</misses>
				<total>0</total>
				<timestamp>2716.946602</timestamp>
			</report>
			<report>
				<misses>350000000</misses>
				<total>0</total>
				<timestamp>2717.718778</timestamp>
			</report>
			<report>
				<misses>350100000</misses>
				<total>0</total>
				<timestamp>2718.539070</timestamp>
			</report>
			<report>
				<misses>350200000</misses>
				<total>0</total>
				<timestamp>2719.325356</timestamp>
			</report>
			<report>
				<misses>350300000</misses>
				<total>0</total>
				<timestamp>2720.101376</timestamp>
			</report>
			<report>
				<misses>350400000</misses>
				<total>0</total>
				<timestamp>2720.880604</timestamp>
			</report>
			<report>
				<misses>350500000</misses>
				<total>0</total>
				<timestamp>2721.639567</timestamp>
			</report>
			<report>
				<misses>350600000</misses>
				<total>0</total>
				<timestamp>2722.384974</timestamp>
			</report>
			<report>
				<misses>350700000</misses>
				<total>0</total>
				<timestamp>2723.125366</timestamp>
			</report>
			<report>
				<misses>350800000</misses>
				<total>0</total>
				<timestamp>2723.882989</timestamp>
			</report>
			<report>
				<misses>350900000</misses>
				<total>0</total>
				<timestamp>2724.618400</timestamp>
			</report>
			<report>
				<misses>351000000</misses>
				<total>0</total>
				<timestamp>2725.387420</timestamp>
			</report>
			<report>
				<misses>351100000</misses>
				<total>0</total>
				<timestamp>2726.100927</timestamp>
			</report>
			<report>
				<misses>351200000</misses>
				<total>0</total>
				<timestamp>2726.833168</timestamp>
			</report>
			<report>
				<misses>351300000</misses>
				<total>0</total>
				<timestamp>2727.575335</timestamp>
			</report>
			<report>
				<misses>351400000</misses>
				<total>0</total>
				<timestamp>2728.293662</timestamp>
			</report>
			<report>
				<misses>351500000</misses>
				<total>0</total>
				<timestamp>2729.024507</timestamp>
			</report>
			<report>
				<misses>351600000</misses>
				<total>0</total>
				<timestamp>2729.830971</timestamp>
			</report>
			<report>
				<misses>351700000</misses>
				<total>0</total>
				<timestamp>2730.633482</timestamp>
			</report>
			<report>
				<misses>351800000</misses>
				<total>0</total>
				<timestamp>2731.410764</timestamp>
			</report>
			<report>
				<misses>351900000</misses>
				<total>0</total>
				<timestamp>2732.191322</timestamp>
			</report>
			<report>
				<misses>352000000</misses>
				<total>0</total>
				<timestamp>2732.968591</timestamp>
			</report>
			<report>
				<misses>352100000</misses>
				<total>0</total>
				<timestamp>2733.733127</timestamp>
			</report>
			<report>
				<misses>352200000</misses>
				<total>0</total>
				<timestamp>2734.555179</timestamp>
			</report>
			<report>
				<misses>352300000</misses>
				<total>0</total>
				<timestamp>2735.314484</timestamp>
			</report>
			<report>
				<misses>352400000</misses>
				<total>0</total>
				<timestamp>2736.105542</timestamp>
			</report>
			<report>
				<misses>352500000</misses>
				<total>0</total>
				<timestamp>2736.893631</timestamp>
			</report>
			<report>
				<misses>352600000</misses>
				<total>0</total>
				<timestamp>2737.656079</timestamp>
			</report>
			<report>
				<misses>352700000</misses>
				<total>0</total>
				<timestamp>2738.430955</timestamp>
			</report>
			<report>
				<misses>352800000</misses>
				<total>0</total>
				<timestamp>2739.251313</timestamp>
			</report>
			<report>
				<misses>352900000</misses>
				<total>0</total>
				<timestamp>2740.034611</timestamp>
			</report>
			<report>
				<misses>353000000</misses>
				<total>0</total>
				<timestamp>2740.798723</timestamp>
			</report>
			<report>
				<misses>353100000</misses>
				<total>0</total>
				<timestamp>2741.595980</timestamp>
			</report>
			<report>
				<misses>353200000</misses>
				<total>0</total>
				<timestamp>2742.396739</timestamp>
			</report>
			<report>
				<misses>353300000</misses>
				<total>0</total>
				<timestamp>2743.128563</timestamp>
			</report>
			<report>
				<misses>353400000</misses>
				<total>0</total>
				<timestamp>2743.911828</timestamp>
			</report>
			<report>
				<misses>353500000</misses>
				<total>0</total>
				<timestamp>2744.660159</timestamp>
			</report>
			<report>
				<misses>353600000</misses>
				<total>0</total>
				<timestamp>2745.430542</timestamp>
			</report>
			<report>
				<misses>353700000</misses>
				<total>0</total>
				<timestamp>2746.182631</timestamp>
			</report>
			<report>
				<misses>353800000</misses>
				<total>0</total>
				<timestamp>2746.979816</timestamp>
			</report>
			<report>
				<misses>353900000</misses>
				<total>0</total>
				<timestamp>2747.717282</timestamp>
			</report>
			<report>
				<misses>354000000</misses>
				<total>0</total>
				<timestamp>2748.456157</timestamp>
			</report>
			<report>
				<misses>354100000</misses>
				<total>0</total>
				<timestamp>2749.211644</timestamp>
			</report>
			<report>
				<misses>354200000</misses>
				<total>0</total>
				<timestamp>2749.996916</timestamp>
			</report>
			<report>
				<misses>354300000</misses>
				<total>0</total>
				<timestamp>2750.801310</timestamp>
			</report>
			<report>
				<misses>354400000</misses>
				<total>0</total>
				<timestamp>2751.577252</timestamp>
			</report>
			<report>
				<misses>354500000</misses>
				<total>0</total>
				<timestamp>2752.335524</timestamp>
			</report>
			<report>
				<misses>354600000</misses>
				<total>0</total>
				<timestamp>2753.126683</timestamp>
			</report>
			<report>
				<misses>354700000</misses>
				<total>0</total>
				<timestamp>2753.919452</timestamp>
			</report>
			<report>
				<misses>354800000</misses>
				<total>0</total>
				<timestamp>2754.700603</timestamp>
			</report>
			<report>
				<misses>354900000</misses>
				<total>0</total>
				<timestamp>2755.477086</timestamp>
			</report>
			<report>
				<misses>355000000</misses>
				<total>0</total>
				<timestamp>2756.264623</timestamp>
			</report>
			<report>
				<misses>355100000</misses>
				<total>0</total>
				<timestamp>2757.059756</timestamp>
			</report>
			<report>
				<misses>355200000</misses>
				<total>0</total>
				<timestamp>2757.828629</timestamp>
			</report>
			<report>
				<misses>355300000</misses>
				<total>0</total>
				<timestamp>2758.664561</timestamp>
			</report>
			<report>
				<misses>355400000</misses>
				<total>0</total>
				<timestamp>2759.388970</timestamp>
			</report>
			<report>
				<misses>355500000</misses>
				<total>0</total>
				<timestamp>2760.150408</timestamp>
			</report>
			<report>
				<misses>355600000</misses>
				<total>0</total>
				<timestamp>2760.927489</timestamp>
			</report>
			<report>
				<misses>355700000</misses>
				<total>0</total>
				<timestamp>2761.675208</timestamp>
			</report>
			<report>
				<misses>355800000</misses>
				<total>0</total>
				<timestamp>2762.424638</timestamp>
			</report>
			<report>
				<misses>355900000</misses>
				<total>0</total>
				<timestamp>2763.157370</timestamp>
			</report>
			<report>
				<misses>356000000</misses>
				<total>0</total>
				<timestamp>2763.885761</timestamp>
			</report>
			<report>
				<misses>356100000</misses>
				<total>0</total>
				<timestamp>2764.606909</timestamp>
			</report>
			<report>
				<misses>356200000</misses>
				<total>0</total>
				<timestamp>2765.375926</timestamp>
			</report>
			<report>
				<misses>356300000</misses>
				<total>0</total>
				<timestamp>2766.154361</timestamp>
			</report>
			<report>
				<misses>356400000</misses>
				<total>0</total>
				<timestamp>2766.918326</timestamp>
			</report>
			<report>
				<misses>356500000</misses>
				<total>0</total>
				<timestamp>2767.711249</timestamp>
			</report>
			<report>
				<misses>356600000</misses>
				<total>0</total>
				<timestamp>2768.463636</timestamp>
			</report>
			<report>
				<misses>356700000</misses>
				<total>0</total>
				<timestamp>2769.247922</timestamp>
			</report>
			<report>
				<misses>356800000</misses>
				<total>0</total>
				<timestamp>2769.992429</timestamp>
			</report>
			<report>
				<misses>356900000</misses>
				<total>0</total>
				<timestamp>2770.787786</timestamp>
			</report>
			<report>
				<misses>357000000</misses>
				<total>0</total>
				<timestamp>2771.592040</timestamp>
			</report>
			<report>
				<misses>357100000</misses>
				<total>0</total>
				<timestamp>2772.357367</timestamp>
			</report>
			<report>
				<misses>357200000</misses>
				<total>0</total>
				<timestamp>2773.116818</timestamp>
			</report>
			<report>
				<misses>357300000</misses>
				<total>0</total>
				<timestamp>2773.910273</timestamp>
			</report>
			<report>
				<misses>357400000</misses>
				<total>0</total>
				<timestamp>2774.709838</timestamp>
			</report>
			<report>
				<misses>357500000</misses>
				<total>0</total>
				<timestamp>2775.442556</timestamp>
			</report>
			<report>
				<misses>357600000</misses>
				<total>0</total>
				<timestamp>2776.162344</timestamp>
			</report>
			<report>
				<misses>357700000</misses>
				<total>0</total>
				<timestamp>2776.922412</timestamp>
			</report>
			<report>
				<misses>357800000</misses>
				<total>0</total>
				<timestamp>2777.652742</timestamp>
			</report>
			<report>
				<misses>357900000</misses>
				<total>0</total>
				<timestamp>2778.425027</timestamp>
			</report>
			<report>
				<misses>358000000</misses>
				<total>0</total>
				<timestamp>2779.159403</timestamp>
			</report>
			<report>
				<misses>358100000</misses>
				<total>0</total>
				<timestamp>2779.890678</timestamp>
			</report>
			<report>
				<misses>358200000</misses>
				<total>0</total>
				<timestamp>2780.616970</timestamp>
			</report>
			<report>
				<misses>358300000</misses>
				<total>0</total>
				<timestamp>2781.457374</timestamp>
			</report>
			<report>
				<misses>358400000</misses>
				<total>0</total>
				<timestamp>2782.216697</timestamp>
			</report>
			<report>
				<misses>358500000</misses>
				<total>0</total>
				<timestamp>2782.983344</timestamp>
			</report>
			<report>
				<misses>358600000</misses>
				<total>0</total>
				<timestamp>2783.766703</timestamp>
			</report>
			<report>
				<misses>358700000</misses>
				<total>0</total>
				<timestamp>2784.546648</timestamp>
			</report>
			<report>
				<misses>358800000</misses>
				<total>0</total>
				<timestamp>2785.263995</timestamp>
			</report>
			<report>
				<misses>358900000</misses>
				<total>0</total>
				<timestamp>2786.079314</timestamp>
			</report>
			<report>
				<misses>359000000</misses>
				<total>0</total>
				<timestamp>2786.825606</timestamp>
			</report>
			<report>
				<misses>359100000</misses>
				<total>0</total>
				<timestamp>2787.574036</timestamp>
			</report>
			<report>
				<misses>359200000</misses>
				<total>0</total>
				<timestamp>2788.336242</timestamp>
			</report>
			<report>
				<misses>359300000</misses>
				<total>0</total>
				<timestamp>2789.156768</timestamp>
			</report>
			<report>
				<misses>359400000</misses>
				<total>0</total>
				<timestamp>2789.919718</timestamp>
			</report>
			<report>
				<misses>359500000</misses>
				<total>0</total>
				<timestamp>2790.680880</timestamp>
			</report>
			<report>
				<misses>359600000</misses>
				<total>0</total>
				<timestamp>2791.455343</timestamp>
			</report>
			<report>
				<misses>359700000</misses>
				<total>0</total>
				<timestamp>2792.208478</timestamp>
			</report>
			<report>
				<misses>359800000</misses>
				<total>0</total>
				<timestamp>2792.985323</timestamp>
			</report>
			<report>
				<misses>359900000</misses>
				<total>0</total>
				<timestamp>2793.732513</timestamp>
			</report>
			<report>
				<misses>360000000</misses>
				<total>0</total>
				<timestamp>2794.477134</timestamp>
			</report>
			<report>
				<misses>360100000</misses>
				<total>0</total>
				<timestamp>2795.236331</timestamp>
			</report>
			<report>
				<misses>360200000</misses>
				<total>0</total>
				<timestamp>2795.946671</timestamp>
			</report>
			<report>
				<misses>360300000</misses>
				<total>0</total>
				<timestamp>2796.686002</timestamp>
			</report>
			<report>
				<misses>360400000</misses>
				<total>0</total>
				<timestamp>2797.457019</timestamp>
			</report>
			<report>
				<misses>360500000</misses>
				<total>0</total>
				<timestamp>2798.227940</timestamp>
			</report>
			<report>
				<misses>360600000</misses>
				<total>0</total>
				<timestamp>2799.040778</timestamp>
			</report>
			<report>
				<misses>360700000</misses>
				<total>0</total>
				<timestamp>2799.836609</timestamp>
			</report>
			<report>
				<misses>360800000</misses>
				<total>0</total>
				<timestamp>2800.632554</timestamp>
			</report>
			<report>
				<misses>360900000</misses>
				<total>0</total>
				<timestamp>2801.422832</timestamp>
			</report>
			<report>
				<misses>361000000</misses>
				<total>0</total>
				<timestamp>2802.208016</timestamp>
			</report>
			<report>
				<misses>361100000</misses>
				<total>0</total>
				<timestamp>2802.991640</timestamp>
			</report>
			<report>
				<misses>361200000</misses>
				<total>0</total>
				<timestamp>2803.773004</timestamp>
			</report>
			<report>
				<misses>361300000</misses>
				<total>0</total>
				<timestamp>2804.573825</timestamp>
			</report>
			<report>
				<misses>361400000</misses>
				<total>0</total>
				<timestamp>2805.330403</timestamp>
			</report>
			<report>
				<misses>361500000</misses>
				<total>0</total>
				<timestamp>2806.107000</timestamp>
			</report>
			<report>
				<misses>361600000</misses>
				<total>0</total>
				<timestamp>2806.849114</timestamp>
			</report>
			<report>
				<misses>361700000</misses>
				<total>0</total>
				<timestamp>2807.602360</timestamp>
			</report>
			<report>
				<misses>361800000</misses>
				<total>0</total>
				<timestamp>2808.325289</timestamp>
			</report>
			<report>
				<misses>361900000</misses>
				<total>0</total>
				<timestamp>2809.071504</timestamp>
			</report>
			<report>
				<misses>362000000</misses>
				<total>0</total>
				<timestamp>2809.821052</timestamp>
			</report>
			<report>
				<misses>362100000</misses>
				<total>0</total>
				<timestamp>2810.531063</timestamp>
			</report>
			<report>
				<misses>362200000</misses>
				<total>0</total>
				<timestamp>2811.279437</timestamp>
			</report>
			<report>
				<misses>362300000</misses>
				<total>0</total>
				<timestamp>2812.021118</timestamp>
			</report>
			<report>
				<misses>362400000</misses>
				<total>0</total>
				<timestamp>2812.762373</timestamp>
			</report>
			<report>
				<misses>362500000</misses>
				<total>0</total>
				<timestamp>2813.551268</timestamp>
			</report>
			<report>
				<misses>362600000</misses>
				<total>0</total>
				<timestamp>2814.405440</timestamp>
			</report>
			<report>
				<misses>362700000</misses>
				<total>0</total>
				<timestamp>2815.237796</timestamp>
			</report>
			<report>
				<misses>362800000</misses>
				<total>0</total>
				<timestamp>2816.015692</timestamp>
			</report>
			<report>
				<misses>362900000</misses>
				<total>0</total>
				<timestamp>2816.783606</timestamp>
			</report>
			<report>
				<misses>363000000</misses>
				<total>0</total>
				<timestamp>2817.634959</timestamp>
			</report>
			<report>
				<misses>363100000</misses>
				<total>0</total>
				<timestamp>2818.389138</timestamp>
			</report>
			<report>
				<misses>363200000</misses>
				<total>0</total>
				<timestamp>2819.155972</timestamp>
			</report>
			<report>
				<misses>363300000</misses>
				<total>0</total>
				<timestamp>2819.889771</timestamp>
			</report>
			<report>
				<misses>363400000</misses>
				<total>0</total>
				<timestamp>2820.690023</timestamp>
			</report>
			<report>
				<misses>363500000</misses>
				<total>0</total>
				<timestamp>2821.473055</timestamp>
			</report>
			<report>
				<misses>363600000</misses>
				<total>0</total>
				<timestamp>2822.217439</timestamp>
			</report>
			<report>
				<misses>363700000</misses>
				<total>0</total>
				<timestamp>2822.995764</timestamp>
			</report>
			<report>
				<misses>363800000</misses>
				<total>0</total>
				<timestamp>2823.729075</timestamp>
			</report>
			<report>
				<misses>363900000</misses>
				<total>0</total>
				<timestamp>2824.472004</timestamp>
			</report>
			<report>
				<misses>364000000</misses>
				<total>0</total>
				<timestamp>2825.206505</timestamp>
			</report>
			<report>
				<misses>364100000</misses>
				<total>0</total>
				<timestamp>2825.949062</timestamp>
			</report>
			<report>
				<misses>364200000</misses>
				<total>0</total>
				<timestamp>2826.690798</timestamp>
			</report>
			<report>
				<misses>364300000</misses>
				<total>0</total>
				<timestamp>2827.467780</timestamp>
			</report>
			<report>
				<misses>364400000</misses>
				<total>0</total>
				<timestamp>2828.223491</timestamp>
			</report>
			<report>
				<misses>364500000</misses>
				<total>0</total>
				<timestamp>2828.990293</timestamp>
			</report>
			<report>
				<misses>364600000</misses>
				<total>0</total>
				<timestamp>2829.758162</timestamp>
			</report>
			<report>
				<misses>364700000</misses>
				<total>0</total>
				<timestamp>2830.525602</timestamp>
			</report>
			<report>
				<misses>364800000</misses>
				<total>0</total>
				<timestamp>2831.291419</timestamp>
			</report>
			<report>
				<misses>364900000</misses>
				<total>0</total>
				<timestamp>2832.037033</timestamp>
			</report>
			<report>
				<misses>365000000</misses>
				<total>0</total>
				<timestamp>2832.839888</timestamp>
			</report>
			<report>
				<misses>365100000</misses>
				<total>0</total>
				<timestamp>2833.611828</timestamp>
			</report>
			<report>
				<misses>365200000</misses>
				<total>0</total>
				<timestamp>2834.373813</timestamp>
			</report>
			<report>
				<misses>365300000</misses>
				<total>0</total>
				<timestamp>2835.121024</timestamp>
			</report>
			<report>
				<misses>365400000</misses>
				<total>0</total>
				<timestamp>2835.917883</timestamp>
			</report>
			<report>
				<misses>365500000</misses>
				<total>0</total>
				<timestamp>2836.678091</timestamp>
			</report>
			<report>
				<misses>365600000</misses>
				<total>0</total>
				<timestamp>2837.451867</timestamp>
			</report>
			<report>
				<misses>365700000</misses>
				<total>0</total>
				<timestamp>2838.194012</timestamp>
			</report>
			<report>
				<misses>365800000</misses>
				<total>0</total>
				<timestamp>2838.928919</timestamp>
			</report>
			<report>
				<misses>365900000</misses>
				<total>0</total>
				<timestamp>2839.670003</timestamp>
			</report>
			<report>
				<misses>366000000</misses>
				<total>0</total>
				<timestamp>2840.386229</timestamp>
			</report>
			<report>
				<misses>366100000</misses>
				<total>0</total>
				<timestamp>2841.105142</timestamp>
			</report>
			<report>
				<misses>366200000</misses>
				<total>0</total>
				<timestamp>2841.874036</timestamp>
			</report>
			<report>
				<misses>366300000</misses>
				<total>0</total>
				<timestamp>2842.627838</timestamp>
			</report>
			<report>
				<misses>366400000</misses>
				<total>0</total>
				<timestamp>2843.349443</timestamp>
			</report>
			<report>
				<misses>366500000</misses>
				<total>0</total>
				<timestamp>2844.086151</timestamp>
			</report>
			<report>
				<misses>366600000</misses>
				<total>0</total>
				<timestamp>2844.842237</timestamp>
			</report>
			<report>
				<misses>366700000</misses>
				<total>0</total>
				<timestamp>2845.646897</timestamp>
			</report>
			<report>
				<misses>366800000</misses>
				<total>0</total>
				<timestamp>2846.417888</timestamp>
			</report>
			<report>
				<misses>366900000</misses>
				<total>0</total>
				<timestamp>2847.232265</timestamp>
			</report>
			<report>
				<misses>367000000</misses>
				<total>0</total>
				<timestamp>2848.047494</timestamp>
			</report>
			<report>
				<misses>367100000</misses>
				<total>0</total>
				<timestamp>2848.822855</timestamp>
			</report>
			<report>
				<misses>367200000</misses>
				<total>0</total>
				<timestamp>2849.655357</timestamp>
			</report>
			<report>
				<misses>367300000</misses>
				<total>0</total>
				<timestamp>2850.394917</timestamp>
			</report>
			<report>
				<misses>367400000</misses>
				<total>0</total>
				<timestamp>2851.176849</timestamp>
			</report>
			<report>
				<misses>367500000</misses>
				<total>0</total>
				<timestamp>2851.959163</timestamp>
			</report>
			<report>
				<misses>367600000</misses>
				<total>0</total>
				<timestamp>2852.688384</timestamp>
			</report>
			<report>
				<misses>367700000</misses>
				<total>0</total>
				<timestamp>2853.441230</timestamp>
			</report>
			<report>
				<misses>367800000</misses>
				<total>0</total>
				<timestamp>2854.221815</timestamp>
			</report>
			<report>
				<misses>367900000</misses>
				<total>0</total>
				<timestamp>2854.960347</timestamp>
			</report>
			<report>
				<misses>368000000</misses>
				<total>0</total>
				<timestamp>2855.700536</timestamp>
			</report>
			<report>
				<misses>368100000</misses>
				<total>0</total>
				<timestamp>2856.478264</timestamp>
			</report>
			<report>
				<misses>368200000</misses>
				<total>0</total>
				<timestamp>2857.237490</timestamp>
			</report>
			<report>
				<misses>368300000</misses>
				<total>0</total>
				<timestamp>2857.968833</timestamp>
			</report>
			<report>
				<misses>368400000</misses>
				<total>0</total>
				<timestamp>2858.713964</timestamp>
			</report>
			<report>
				<misses>368500000</misses>
				<total>0</total>
				<timestamp>2859.457193</timestamp>
			</report>
			<report>
				<misses>368600000</misses>
				<total>0</total>
				<timestamp>2860.177946</timestamp>
			</report>
			<report>
				<misses>368700000</misses>
				<total>0</total>
				<timestamp>2860.921887</timestamp>
			</report>
			<report>
				<misses>368800000</misses>
				<total>0</total>
				<timestamp>2861.670094</timestamp>
			</report>
			<report>
				<misses>368900000</misses>
				<total>0</total>
				<timestamp>2862.483291</timestamp>
			</report>
			<report>
				<misses>369000000</misses>
				<total>0</total>
				<timestamp>2863.258527</timestamp>
			</report>
			<report>
				<misses>369100000</misses>
				<total>0</total>
				<timestamp>2864.058755</timestamp>
			</report>
			<report>
				<misses>369200000</misses>
				<total>0</total>
				<timestamp>2864.844800</timestamp>
			</report>
			<report>
				<misses>369300000</misses>
				<total>0</total>
				<timestamp>2865.607070</timestamp>
			</report>
			<report>
				<misses>369400000</misses>
				<total>0</total>
				<timestamp>2866.408023</timestamp>
			</report>
			<report>
				<misses>369500000</misses>
				<total>0</total>
				<timestamp>2867.167778</timestamp>
			</report>
			<report>
				<misses>369600000</misses>
				<total>0</total>
				<timestamp>2867.942301</timestamp>
			</report>
			<report>
				<misses>369700000</misses>
				<total>0</total>
				<timestamp>2868.784526</timestamp>
			</report>
			<report>
				<misses>369800000</misses>
				<total>0</total>
				<timestamp>2869.559940</timestamp>
			</report>
			<report>
				<misses>369900000</misses>
				<total>0</total>
				<timestamp>2870.322692</timestamp>
			</report>
			<report>
				<misses>370000000</misses>
				<total>0</total>
				<timestamp>2871.065340</timestamp>
			</report>
			<report>
				<misses>370100000</misses>
				<total>0</total>
				<timestamp>2871.818106</timestamp>
			</report>
			<report>
				<misses>370200000</misses>
				<total>0</total>
				<timestamp>2872.588879</timestamp>
			</report>
			<report>
				<misses>370300000</misses>
				<total>0</total>
				<timestamp>2873.365986</timestamp>
			</report>
			<report>
				<misses>370400000</misses>
				<total>0</total>
				<timestamp>2874.127879</timestamp>
			</report>
			<report>
				<misses>370500000</misses>
				<total>0</total>
				<timestamp>2874.862963</timestamp>
			</report>
			<report>
				<misses>370600000</misses>
				<total>0</total>
				<timestamp>2875.640250</timestamp>
			</report>
			<report>
				<misses>370700000</misses>
				<total>0</total>
				<timestamp>2876.359577</timestamp>
			</report>
			<report>
				<misses>370800000</misses>
				<total>0</total>
				<timestamp>2877.090930</timestamp>
			</report>
			<report>
				<misses>370900000</misses>
				<total>0</total>
				<timestamp>2877.860621</timestamp>
			</report>
			<report>
				<misses>371000000</misses>
				<total>0</total>
				<timestamp>2878.587437</timestamp>
			</report>
			<report>
				<misses>371100000</misses>
				<total>0</total>
				<timestamp>2879.358873</timestamp>
			</report>
			<report>
				<misses>371200000</misses>
				<total>0</total>
				<timestamp>2880.135788</timestamp>
			</report>
			<report>
				<misses>371300000</misses>
				<total>0</total>
				<timestamp>2880.918223</timestamp>
			</report>
			<report>
				<misses>371400000</misses>
				<total>0</total>
				<timestamp>2881.689515</timestamp>
			</report>
			<report>
				<misses>371500000</misses>
				<total>0</total>
				<timestamp>2882.467653</timestamp>
			</report>
			<report>
				<misses>371600000</misses>
				<total>0</total>
				<timestamp>2883.273847</timestamp>
			</report>
			<report>
				<misses>371700000</misses>
				<total>0</total>
				<timestamp>2884.069426</timestamp>
			</report>
			<report>
				<misses>371800000</misses>
				<total>0</total>
				<timestamp>2884.855089</timestamp>
			</report>
			<report>
				<misses>371900000</misses>
				<total>0</total>
				<timestamp>2885.651963</timestamp>
			</report>
			<report>
				<misses>372000000</misses>
				<total>0</total>
				<timestamp>2886.451430</timestamp>
			</report>
			<report>
				<misses>372100000</misses>
				<total>0</total>
				<timestamp>2887.227639</timestamp>
			</report>
			<report>
				<misses>372200000</misses>
				<total>0</total>
				<timestamp>2887.968536</timestamp>
			</report>
			<report>
				<misses>372300000</misses>
				<total>0</total>
				<timestamp>2888.704854</timestamp>
			</report>
			<report>
				<misses>372400000</misses>
				<total>0</total>
				<timestamp>2889.431431</timestamp>
			</report>
			<report>
				<misses>372500000</misses>
				<total>0</total>
				<timestamp>2890.160710</timestamp>
			</report>
			<report>
				<misses>372600000</misses>
				<total>0</total>
				<timestamp>2890.912244</timestamp>
			</report>
			<report>
				<misses>372700000</misses>
				<total>0</total>
				<timestamp>2891.663285</timestamp>
			</report>
			<report>
				<misses>372800000</misses>
				<total>0</total>
				<timestamp>2892.422020</timestamp>
			</report>
			<report>
				<misses>372900000</misses>
				<total>0</total>
				<timestamp>2893.157360</timestamp>
			</report>
			<report>
				<misses>373000000</misses>
				<total>0</total>
				<timestamp>2893.930804</timestamp>
			</report>
			<report>
				<misses>373100000</misses>
				<total>0</total>
				<timestamp>2894.684896</timestamp>
			</report>
			<report>
				<misses>373200000</misses>
				<total>0</total>
				<timestamp>2895.489388</timestamp>
			</report>
			<report>
				<misses>373300000</misses>
				<total>0</total>
				<timestamp>2896.262589</timestamp>
			</report>
			<report>
				<misses>373400000</misses>
				<total>0</total>
				<timestamp>2897.030062</timestamp>
			</report>
			<report>
				<misses>373500000</misses>
				<total>0</total>
				<timestamp>2897.837278</timestamp>
			</report>
			<report>
				<misses>373600000</misses>
				<total>0</total>
				<timestamp>2898.613903</timestamp>
			</report>
			<report>
				<misses>373700000</misses>
				<total>0</total>
				<timestamp>2899.393947</timestamp>
			</report>
			<report>
				<misses>373800000</misses>
				<total>0</total>
				<timestamp>2900.143391</timestamp>
			</report>
			<report>
				<misses>373900000</misses>
				<total>0</total>
				<timestamp>2900.945524</timestamp>
			</report>
			<report>
				<misses>374000000</misses>
				<total>0</total>
				<timestamp>2901.698129</timestamp>
			</report>
			<report>
				<misses>374100000</misses>
				<total>0</total>
				<timestamp>2902.452724</timestamp>
			</report>
			<report>
				<misses>374200000</misses>
				<total>0</total>
				<timestamp>2903.225020</timestamp>
			</report>
			<report>
				<misses>374300000</misses>
				<total>0</total>
				<timestamp>2903.967273</timestamp>
			</report>
			<report>
				<misses>374400000</misses>
				<total>0</total>
				<timestamp>2904.702534</timestamp>
			</report>
			<report>
				<misses>374500000</misses>
				<total>0</total>
				<timestamp>2905.428295</timestamp>
			</report>
			<report>
				<misses>374600000</misses>
				<total>0</total>
				<timestamp>2906.184872</timestamp>
			</report>
			<report>
				<misses>374700000</misses>
				<total>0</total>
				<timestamp>2906.946471</timestamp>
			</report>
			<report>
				<misses>374800000</misses>
				<total>0</total>
				<timestamp>2907.668806</timestamp>
			</report>
			<report>
				<misses>374900000</misses>
				<total>0</total>
				<timestamp>2908.394037</timestamp>
			</report>
			<report>
				<misses>375000000</misses>
				<total>0</total>
				<timestamp>2909.143046</timestamp>
			</report>
			<report>
				<misses>375100000</misses>
				<total>0</total>
				<timestamp>2909.882204</timestamp>
			</report>
			<report>
				<misses>375200000</misses>
				<total>0</total>
				<timestamp>2910.660910</timestamp>
			</report>
			<report>
				<misses>375300000</misses>
				<total>0</total>
				<timestamp>2911.455987</timestamp>
			</report>
			<report>
				<misses>375400000</misses>
				<total>0</total>
				<timestamp>2912.226555</timestamp>
			</report>
			<report>
				<misses>375500000</misses>
				<total>0</total>
				<timestamp>2913.014924</timestamp>
			</report>
			<report>
				<misses>375600000</misses>
				<total>0</total>
				<timestamp>2913.789959</timestamp>
			</report>
			<report>
				<misses>375700000</misses>
				<total>0</total>
				<timestamp>2914.617759</timestamp>
			</report>
			<report>
				<misses>375800000</misses>
				<total>0</total>
				<timestamp>2915.396687</timestamp>
			</report>
			<report>
				<misses>375900000</misses>
				<total>0</total>
				<timestamp>2916.179048</timestamp>
			</report>
			<report>
				<misses>376000000</misses>
				<total>0</total>
				<timestamp>2916.937984</timestamp>
			</report>
			<report>
				<misses>376100000</misses>
				<total>0</total>
				<timestamp>2917.717235</timestamp>
			</report>
			<report>
				<misses>376200000</misses>
				<total>0</total>
				<timestamp>2918.475039</timestamp>
			</report>
			<report>
				<misses>376300000</misses>
				<total>0</total>
				<timestamp>2919.276696</timestamp>
			</report>
			<report>
				<misses>376400000</misses>
				<total>0</total>
				<timestamp>2920.060209</timestamp>
			</report>
			<report>
				<misses>376500000</misses>
				<total>0</total>
				<timestamp>2920.831244</timestamp>
			</report>
			<report>
				<misses>376600000</misses>
				<total>0</total>
				<timestamp>2921.599972</timestamp>
			</report>
			<report>
				<misses>376700000</misses>
				<total>0</total>
				<timestamp>2922.476655</timestamp>
			</report>
			<report>
				<misses>376800000</misses>
				<total>0</total>
				<timestamp>2923.267895</timestamp>
			</report>
			<report>
				<misses>376900000</misses>
				<total>0</total>
				<timestamp>2924.070934</timestamp>
			</report>
			<report>
				<misses>377000000</misses>
				<total>0</total>
				<timestamp>2924.823242</timestamp>
			</report>
			<report>
				<misses>377100000</misses>
				<total>0</total>
				<timestamp>2925.570604</timestamp>
			</report>
			<report>
				<misses>377200000</misses>
				<total>0</total>
				<timestamp>2926.339740</timestamp>
			</report>
			<report>
				<misses>377300000</misses>
				<total>0</total>
				<timestamp>2927.090641</timestamp>
			</report>
			<report>
				<misses>377400000</misses>
				<total>0</total>
				<timestamp>2927.813223</timestamp>
			</report>
			<report>
				<misses>377500000</misses>
				<total>0</total>
				<timestamp>2928.543235</timestamp>
			</report>
			<report>
				<misses>377600000</misses>
				<total>0</total>
				<timestamp>2929.291499</timestamp>
			</report>
			<report>
				<misses>377700000</misses>
				<total>0</total>
				<timestamp>2930.029638</timestamp>
			</report>
			<report>
				<misses>377800000</misses>
				<total>0</total>
				<timestamp>2930.826996</timestamp>
			</report>
			<report>
				<misses>377900000</misses>
				<total>0</total>
				<timestamp>2931.595876</timestamp>
			</report>
			<report>
				<misses>378000000</misses>
				<total>0</total>
				<timestamp>2932.372670</timestamp>
			</report>
			<report>
				<misses>378100000</misses>
				<total>0</total>
				<timestamp>2933.137682</timestamp>
			</report>
			<report>
				<misses>378200000</misses>
				<total>0</total>
				<timestamp>2933.918959</timestamp>
			</report>
			<report>
				<misses>378300000</misses>
				<total>0</total>
				<timestamp>2934.715171</timestamp>
			</report>
			<report>
				<misses>378400000</misses>
				<total>0</total>
				<timestamp>2935.528843</timestamp>
			</report>
			<report>
				<misses>378500000</misses>
				<total>0</total>
				<timestamp>2936.322582</timestamp>
			</report>
			<report>
				<misses>378600000</misses>
				<total>0</total>
				<timestamp>2937.079526</timestamp>
			</report>
			<report>
				<misses>378700000</misses>
				<total>0</total>
				<timestamp>2937.854113</timestamp>
			</report>
			<report>
				<misses>378800000</misses>
				<total>0</total>
				<timestamp>2938.622090</timestamp>
			</report>
			<report>
				<misses>378900000</misses>
				<total>0</total>
				<timestamp>2939.368320</timestamp>
			</report>
			<report>
				<misses>379000000</misses>
				<total>0</total>
				<timestamp>2940.149924</timestamp>
			</report>
			<report>
				<misses>379100000</misses>
				<total>0</total>
				<timestamp>2940.892936</timestamp>
			</report>
			<report>
				<misses>379200000</misses>
				<total>0</total>
				<timestamp>2941.625892</timestamp>
			</report>
			<report>
				<misses>379300000</misses>
				<total>0</total>
				<timestamp>2942.372493</timestamp>
			</report>
			<report>
				<misses>379400000</misses>
				<total>0</total>
				<timestamp>2943.121608</timestamp>
			</report>
			<report>
				<misses>379500000</misses>
				<total>0</total>
				<timestamp>2943.889896</timestamp>
			</report>
			<report>
				<misses>379600000</misses>
				<total>0</total>
				<timestamp>2944.611316</timestamp>
			</report>
			<report>
				<misses>379700000</misses>
				<total>0</total>
				<timestamp>2945.382145</timestamp>
			</report>
			<report>
				<misses>379800000</misses>
				<total>0</total>
				<timestamp>2946.113402</timestamp>
			</report>
			<report>
				<misses>379900000</misses>
				<total>0</total>
				<timestamp>2946.838998</timestamp>
			</report>
			<report>
				<misses>380000000</misses>
				<total>0</total>
				<timestamp>2947.617052</timestamp>
			</report>
			<report>
				<misses>380100000</misses>
				<total>0</total>
				<timestamp>2948.384726</timestamp>
			</report>
			<report>
				<misses>380200000</misses>
				<total>0</total>
				<timestamp>2949.160175</timestamp>
			</report>
			<report>
				<misses>380300000</misses>
				<total>0</total>
				<timestamp>2949.995681</timestamp>
			</report>
			<report>
				<misses>380400000</misses>
				<total>0</total>
				<timestamp>2950.766786</timestamp>
			</report>
			<report>
				<misses>380500000</misses>
				<total>0</total>
				<timestamp>2951.541848</timestamp>
			</report>
			<report>
				<misses>380600000</misses>
				<total>0</total>
				<timestamp>2952.337404</timestamp>
			</report>
			<report>
				<misses>380700000</misses>
				<total>0</total>
				<timestamp>2953.126430</timestamp>
			</report>
			<report>
				<misses>380800000</misses>
				<total>0</total>
				<timestamp>2953.874077</timestamp>
			</report>
			<report>
				<misses>380900000</misses>
				<total>0</total>
				<timestamp>2954.614615</timestamp>
			</report>
			<report>
				<misses>381000000</misses>
				<total>0</total>
				<timestamp>2955.382992</timestamp>
			</report>
			<report>
				<misses>381100000</misses>
				<total>0</total>
				<timestamp>2956.141357</timestamp>
			</report>
			<report>
				<misses>381200000</misses>
				<total>0</total>
				<timestamp>2956.900809</timestamp>
			</report>
			<report>
				<misses>381300000</misses>
				<total>0</total>
				<timestamp>2957.665382</timestamp>
			</report>
			<report>
				<misses>381400000</misses>
				<total>0</total>
				<timestamp>2958.435305</timestamp>
			</report>
			<report>
				<misses>381500000</misses>
				<total>0</total>
				<timestamp>2959.185348</timestamp>
			</report>
			<report>
				<misses>381600000</misses>
				<total>0</total>
				<timestamp>2959.907373</timestamp>
			</report>
			<report>
				<misses>381700000</misses>
				<total>0</total>
				<timestamp>2960.651580</timestamp>
			</report>
			<report>
				<misses>381800000</misses>
				<total>0</total>
				<timestamp>2961.403784</timestamp>
			</report>
			<report>
				<misses>381900000</misses>
				<total>0</total>
				<timestamp>2962.086437</timestamp>
			</report>
			<report>
				<misses>382000000</misses>
				<total>0</total>
				<timestamp>2962.824053</timestamp>
			</report>
			<report>
				<misses>382100000</misses>
				<total>0</total>
				<timestamp>2963.533758</timestamp>
			</report>
			<report>
				<misses>382200000</misses>
				<total>0</total>
				<timestamp>2964.295096</timestamp>
			</report>
			<report>
				<misses>382300000</misses>
				<total>0</total>
				<timestamp>2965.071738</timestamp>
			</report>
			<report>
				<misses>382400000</misses>
				<total>0</total>
				<timestamp>2965.830712</timestamp>
			</report>
			<report>
				<misses>382500000</misses>
				<total>0</total>
				<timestamp>2966.616690</timestamp>
			</report>
			<report>
				<misses>382600000</misses>
				<total>0</total>
				<timestamp>2967.421033</timestamp>
			</report>
			<report>
				<misses>382700000</misses>
				<total>0</total>
				<timestamp>2968.191552</timestamp>
			</report>
			<report>
				<misses>382800000</misses>
				<total>0</total>
				<timestamp>2968.991808</timestamp>
			</report>
			<report>
				<misses>382900000</misses>
				<total>0</total>
				<timestamp>2969.787961</timestamp>
			</report>
			<report>
				<misses>383000000</misses>
				<total>0</total>
				<timestamp>2970.564113</timestamp>
			</report>
			<report>
				<misses>383100000</misses>
				<total>0</total>
				<timestamp>2971.335802</timestamp>
			</report>
			<report>
				<misses>383200000</misses>
				<total>0</total>
				<timestamp>2972.105863</timestamp>
			</report>
			<report>
				<misses>383300000</misses>
				<total>0</total>
				<timestamp>2972.897054</timestamp>
			</report>
			<report>
				<misses>383400000</misses>
				<total>0</total>
				<timestamp>2973.656426</timestamp>
			</report>
			<report>
				<misses>383500000</misses>
				<total>0</total>
				<timestamp>2974.385372</timestamp>
			</report>
			<report>
				<misses>383600000</misses>
				<total>0</total>
				<timestamp>2975.115813</timestamp>
			</report>
			<report>
				<misses>383700000</misses>
				<total>0</total>
				<timestamp>2975.861823</timestamp>
			</report>
			<report>
				<misses>383800000</misses>
				<total>0</total>
				<timestamp>2976.580629</timestamp>
			</report>
			<report>
				<misses>383900000</misses>
				<total>0</total>
				<timestamp>2977.334323</timestamp>
			</report>
			<report>
				<misses>384000000</misses>
				<total>0</total>
				<timestamp>2978.077491</timestamp>
			</report>
			<report>
				<misses>384100000</misses>
				<total>0</total>
				<timestamp>2978.808772</timestamp>
			</report>
			<report>
				<misses>384200000</misses>
				<total>0</total>
				<timestamp>2979.605309</timestamp>
			</report>
			<report>
				<misses>384300000</misses>
				<total>0</total>
				<timestamp>2980.411026</timestamp>
			</report>
			<report>
				<misses>384400000</misses>
				<total>0</total>
				<timestamp>2981.230554</timestamp>
			</report>
			<report>
				<misses>384500000</misses>
				<total>0</total>
				<timestamp>2981.980534</timestamp>
			</report>
			<report>
				<misses>384600000</misses>
				<total>0</total>
				<timestamp>2982.735730</timestamp>
			</report>
			<report>
				<misses>384700000</misses>
				<total>0</total>
				<timestamp>2983.528688</timestamp>
			</report>
			<report>
				<misses>384800000</misses>
				<total>0</total>
				<timestamp>2984.287920</timestamp>
			</report>
			<report>
				<misses>384900000</misses>
				<total>0</total>
				<timestamp>2985.086298</timestamp>
			</report>
			<report>
				<misses>385000000</misses>
				<total>0</total>
				<timestamp>2985.852204</timestamp>
			</report>
			<report>
				<misses>385100000</misses>
				<total>0</total>
				<timestamp>2986.632819</timestamp>
			</report>
			<report>
				<misses>385200000</misses>
				<total>0</total>
				<timestamp>2987.392666</timestamp>
			</report>
			<report>
				<misses>385300000</misses>
				<total>0</total>
				<timestamp>2988.159623</timestamp>
			</report>
			<report>
				<misses>385400000</misses>
				<total>0</total>
				<timestamp>2988.912620</timestamp>
			</report>
			<report>
				<misses>385500000</misses>
				<total>0</total>
				<timestamp>2989.642258</timestamp>
			</report>
			<report>
				<misses>385600000</misses>
				<total>0</total>
				<timestamp>2990.398947</timestamp>
			</report>
			<report>
				<misses>385700000</misses>
				<total>0</total>
				<timestamp>2991.164260</timestamp>
			</report>
			<report>
				<misses>385800000</misses>
				<total>0</total>
				<timestamp>2991.881356</timestamp>
			</report>
			<report>
				<misses>385900000</misses>
				<total>0</total>
				<timestamp>2992.622174</timestamp>
			</report>
			<report>
				<misses>386000000</misses>
				<total>0</total>
				<timestamp>2993.341020</timestamp>
			</report>
			<report>
				<misses>386100000</misses>
				<total>0</total>
				<timestamp>2994.076063</timestamp>
			</report>
			<report>
				<misses>386200000</misses>
				<total>0</total>
				<timestamp>2994.849364</timestamp>
			</report>
			<report>
				<misses>386300000</misses>
				<total>0</total>
				<timestamp>2995.576279</timestamp>
			</report>
			<report>
				<misses>386400000</misses>
				<total>0</total>
				<timestamp>2996.365448</timestamp>
			</report>
			<report>
				<misses>386500000</misses>
				<total>0</total>
				<timestamp>2997.136280</timestamp>
			</report>
			<report>
				<misses>386600000</misses>
				<total>0</total>
				<timestamp>2997.931552</timestamp>
			</report>
			<report>
				<misses>386700000</misses>
				<total>0</total>
				<timestamp>2998.697901</timestamp>
			</report>
			<report>
				<misses>386800000</misses>
				<total>0</total>
				<timestamp>2999.478787</timestamp>
			</report>
			<report>
				<misses>386900000</misses>
				<total>0</total>
				<timestamp>3000.243366</timestamp>
			</report>
			<report>
				<misses>387000000</misses>
				<total>0</total>
				<timestamp>3001.061023</timestamp>
			</report>
			<report>
				<misses>387100000</misses>
				<total>0</total>
				<timestamp>3001.809007</timestamp>
			</report>
			<report>
				<misses>387200000</misses>
				<total>0</total>
				<timestamp>3002.571059</timestamp>
			</report>
			<report>
				<misses>387300000</misses>
				<total>0</total>
				<timestamp>3003.366080</timestamp>
			</report>
			<report>
				<misses>387400000</misses>
				<total>0</total>
				<timestamp>3004.134928</timestamp>
			</report>
			<report>
				<misses>387500000</misses>
				<total>0</total>
				<timestamp>3004.956078</timestamp>
			</report>
			<report>
				<misses>387600000</misses>
				<total>0</total>
				<timestamp>3005.716408</timestamp>
			</report>
			<report>
				<misses>387700000</misses>
				<total>0</total>
				<timestamp>3006.493585</timestamp>
			</report>
			<report>
				<misses>387800000</misses>
				<total>0</total>
				<timestamp>3007.241624</timestamp>
			</report>
			<report>
				<misses>387900000</misses>
				<total>0</total>
				<timestamp>3008.005225</timestamp>
			</report>
			<report>
				<misses>388000000</misses>
				<total>0</total>
				<timestamp>3008.753198</timestamp>
			</report>
			<report>
				<misses>388100000</misses>
				<total>0</total>
				<timestamp>3009.521801</timestamp>
			</report>
			<report>
				<misses>388200000</misses>
				<total>0</total>
				<timestamp>3010.289029</timestamp>
			</report>
			<report>
				<misses>388300000</misses>
				<total>0</total>
				<timestamp>3011.040138</timestamp>
			</report>
			<report>
				<misses>388400000</misses>
				<total>0</total>
				<timestamp>3011.789124</timestamp>
			</report>
			<report>
				<misses>388500000</misses>
				<total>0</total>
				<timestamp>3012.611082</timestamp>
			</report>
			<report>
				<misses>388600000</misses>
				<total>0</total>
				<timestamp>3013.388540</timestamp>
			</report>
			<report>
				<misses>388700000</misses>
				<total>0</total>
				<timestamp>3014.162866</timestamp>
			</report>
			<report>
				<misses>388800000</misses>
				<total>0</total>
				<timestamp>3014.981212</timestamp>
			</report>
			<report>
				<misses>388900000</misses>
				<total>0</total>
				<timestamp>3015.729851</timestamp>
			</report>
			<report>
				<misses>389000000</misses>
				<total>0</total>
				<timestamp>3016.480782</timestamp>
			</report>
			<report>
				<misses>389100000</misses>
				<total>0</total>
				<timestamp>3017.268888</timestamp>
			</report>
			<report>
				<misses>389200000</misses>
				<total>0</total>
				<timestamp>3018.009019</timestamp>
			</report>
			<report>
				<misses>389300000</misses>
				<total>0</total>
				<timestamp>3018.755248</timestamp>
			</report>
			<report>
				<misses>389400000</misses>
				<total>0</total>
				<timestamp>3019.524925</timestamp>
			</report>
			<report>
				<misses>389500000</misses>
				<total>0</total>
				<timestamp>3020.303771</timestamp>
			</report>
			<report>
				<misses>389600000</misses>
				<total>0</total>
				<timestamp>3021.082886</timestamp>
			</report>
			<report>
				<misses>389700000</misses>
				<total>0</total>
				<timestamp>3021.844487</timestamp>
			</report>
			<report>
				<misses>389800000</misses>
				<total>0</total>
				<timestamp>3022.581620</timestamp>
			</report>
			<report>
				<misses>389900000</misses>
				<total>0</total>
				<timestamp>3023.297931</timestamp>
			</report>
			<report>
				<misses>390000000</misses>
				<total>0</total>
				<timestamp>3024.046257</timestamp>
			</report>
			<report>
				<misses>390100000</misses>
				<total>0</total>
				<timestamp>3024.781684</timestamp>
			</report>
			<report>
				<misses>390200000</misses>
				<total>0</total>
				<timestamp>3025.523219</timestamp>
			</report>
			<report>
				<misses>390300000</misses>
				<total>0</total>
				<timestamp>3026.269548</timestamp>
			</report>
			<report>
				<misses>390400000</misses>
				<total>0</total>
				<timestamp>3027.035237</timestamp>
			</report>
			<report>
				<misses>390500000</misses>
				<total>0</total>
				<timestamp>3027.790574</timestamp>
			</report>
			<report>
				<misses>390600000</misses>
				<total>0</total>
				<timestamp>3028.572685</timestamp>
			</report>
			<report>
				<misses>390700000</misses>
				<total>0</total>
				<timestamp>3029.367263</timestamp>
			</report>
			<report>
				<misses>390800000</misses>
				<total>0</total>
				<timestamp>3030.116821</timestamp>
			</report>
			<report>
				<misses>390900000</misses>
				<total>0</total>
				<timestamp>3030.861461</timestamp>
			</report>
			<report>
				<misses>391000000</misses>
				<total>0</total>
				<timestamp>3031.679396</timestamp>
			</report>
			<report>
				<misses>391100000</misses>
				<total>0</total>
				<timestamp>3032.437472</timestamp>
			</report>
			<report>
				<misses>391200000</misses>
				<total>0</total>
				<timestamp>3033.201164</timestamp>
			</report>
			<report>
				<misses>391300000</misses>
				<total>0</total>
				<timestamp>3033.974754</timestamp>
			</report>
			<report>
				<misses>391400000</misses>
				<total>0</total>
				<timestamp>3034.747860</timestamp>
			</report>
			<report>
				<misses>391500000</misses>
				<total>0</total>
				<timestamp>3035.566911</timestamp>
			</report>
			<report>
				<misses>391600000</misses>
				<total>0</total>
				<timestamp>3036.305943</timestamp>
			</report>
			<report>
				<misses>391700000</misses>
				<total>0</total>
				<timestamp>3037.086850</timestamp>
			</report>
			<report>
				<misses>391800000</misses>
				<total>0</total>
				<timestamp>3037.831049</timestamp>
			</report>
			<report>
				<misses>391900000</misses>
				<total>0</total>
				<timestamp>3038.569478</timestamp>
			</report>
			<report>
				<misses>392000000</misses>
				<total>0</total>
				<timestamp>3039.310554</timestamp>
			</report>
			<report>
				<misses>392100000</misses>
				<total>0</total>
				<timestamp>3040.047867</timestamp>
			</report>
			<report>
				<misses>392200000</misses>
				<total>0</total>
				<timestamp>3040.800181</timestamp>
			</report>
			<report>
				<misses>392300000</misses>
				<total>0</total>
				<timestamp>3041.533308</timestamp>
			</report>
			<report>
				<misses>392400000</misses>
				<total>0</total>
				<timestamp>3042.386302</timestamp>
			</report>
			<report>
				<misses>392500000</misses>
				<total>0</total>
				<timestamp>3043.127310</timestamp>
			</report>
			<report>
				<misses>392600000</misses>
				<total>0</total>
				<timestamp>3043.878990</timestamp>
			</report>
			<report>
				<misses>392700000</misses>
				<total>0</total>
				<timestamp>3044.635184</timestamp>
			</report>
			<report>
				<misses>392800000</misses>
				<total>0</total>
				<timestamp>3045.414070</timestamp>
			</report>
			<report>
				<misses>392900000</misses>
				<total>0</total>
				<timestamp>3046.166749</timestamp>
			</report>
			<report>
				<misses>393000000</misses>
				<total>0</total>
				<timestamp>3046.926885</timestamp>
			</report>
			<report>
				<misses>393100000</misses>
				<total>0</total>
				<timestamp>3047.709162</timestamp>
			</report>
			<report>
				<misses>393200000</misses>
				<total>0</total>
				<timestamp>3048.504741</timestamp>
			</report>
			<report>
				<misses>393300000</misses>
				<total>0</total>
				<timestamp>3049.257856</timestamp>
			</report>
			<report>
				<misses>393400000</misses>
				<total>0</total>
				<timestamp>3050.032195</timestamp>
			</report>
			<report>
				<misses>393500000</misses>
				<total>0</total>
				<timestamp>3050.838458</timestamp>
			</report>
			<report>
				<misses>393600000</misses>
				<total>0</total>
				<timestamp>3051.604451</timestamp>
			</report>
			<report>
				<misses>393700000</misses>
				<total>0</total>
				<timestamp>3052.362575</timestamp>
			</report>
			<report>
				<misses>393800000</misses>
				<total>0</total>
				<timestamp>3053.115068</timestamp>
			</report>
			<report>
				<misses>393900000</misses>
				<total>0</total>
				<timestamp>3053.878849</timestamp>
			</report>
			<report>
				<misses>394000000</misses>
				<total>0</total>
				<timestamp>3054.640762</timestamp>
			</report>
			<report>
				<misses>394100000</misses>
				<total>0</total>
				<timestamp>3055.352147</timestamp>
			</report>
			<report>
				<misses>394200000</misses>
				<total>0</total>
				<timestamp>3056.061968</timestamp>
			</report>
			<report>
				<misses>394300000</misses>
				<total>0</total>
				<timestamp>3056.798821</timestamp>
			</report>
			<report>
				<misses>394400000</misses>
				<total>0</total>
				<timestamp>3057.531792</timestamp>
			</report>
			<report>
				<misses>394500000</misses>
				<total>0</total>
				<timestamp>3058.249227</timestamp>
			</report>
			<report>
				<misses>394600000</misses>
				<total>0</total>
				<timestamp>3058.986021</timestamp>
			</report>
			<report>
				<misses>394700000</misses>
				<total>0</total>
				<timestamp>3059.722218</timestamp>
			</report>
			<report>
				<misses>394800000</misses>
				<total>0</total>
				<timestamp>3060.443603</timestamp>
			</report>
			<report>
				<misses>394900000</misses>
				<total>0</total>
				<timestamp>3061.238610</timestamp>
			</report>
			<report>
				<misses>395000000</misses>
				<total>0</total>
				<timestamp>3062.015824</timestamp>
			</report>
			<report>
				<misses>395100000</misses>
				<total>0</total>
				<timestamp>3062.811983</timestamp>
			</report>
			<report>
				<misses>395200000</misses>
				<total>0</total>
				<timestamp>3063.557699</timestamp>
			</report>
			<report>
				<misses>395300000</misses>
				<total>0</total>
				<timestamp>3064.338015</timestamp>
			</report>
			<report>
				<misses>395400000</misses>
				<total>0</total>
				<timestamp>3065.089542</timestamp>
			</report>
			<report>
				<misses>395500000</misses>
				<total>0</total>
				<timestamp>3065.911307</timestamp>
			</report>
			<report>
				<misses>395600000</misses>
				<total>0</total>
				<timestamp>3066.687042</timestamp>
			</report>
			<report>
				<misses>395700000</misses>
				<total>0</total>
				<timestamp>3067.474349</timestamp>
			</report>
			<report>
				<misses>395800000</misses>
				<total>0</total>
				<timestamp>3068.250034</timestamp>
			</report>
			<report>
				<misses>395900000</misses>
				<total>0</total>
				<timestamp>3069.028937</timestamp>
			</report>
			<report>
				<misses>396000000</misses>
				<total>0</total>
				<timestamp>3069.783396</timestamp>
			</report>
			<report>
				<misses>396100000</misses>
				<total>0</total>
				<timestamp>3070.544589</timestamp>
			</report>
			<report>
				<misses>396200000</misses>
				<total>0</total>
				<timestamp>3071.300343</timestamp>
			</report>
			<report>
				<misses>396300000</misses>
				<total>0</total>
				<timestamp>3072.028809</timestamp>
			</report>
			<report>
				<misses>396400000</misses>
				<total>0</total>
				<timestamp>3072.757598</timestamp>
			</report>
			<report>
				<misses>396500000</misses>
				<total>0</total>
				<timestamp>3073.537973</timestamp>
			</report>
			<report>
				<misses>396600000</misses>
				<total>0</total>
				<timestamp>3074.260784</timestamp>
			</report>
			<report>
				<misses>396700000</misses>
				<total>0</total>
				<timestamp>3075.010145</timestamp>
			</report>
			<report>
				<misses>396800000</misses>
				<total>0</total>
				<timestamp>3075.775299</timestamp>
			</report>
			<report>
				<misses>396900000</misses>
				<total>0</total>
				<timestamp>3076.506097</timestamp>
			</report>
			<report>
				<misses>397000000</misses>
				<total>0</total>
				<timestamp>3077.297242</timestamp>
			</report>
			<report>
				<misses>397100000</misses>
				<total>0</total>
				<timestamp>3078.066007</timestamp>
			</report>
			<report>
				<misses>397200000</misses>
				<total>0</total>
				<timestamp>3078.823891</timestamp>
			</report>
			<report>
				<misses>397300000</misses>
				<total>0</total>
				<timestamp>3079.634901</timestamp>
			</report>
			<report>
				<misses>397400000</misses>
				<total>0</total>
				<timestamp>3080.411637</timestamp>
			</report>
			<report>
				<misses>397500000</misses>
				<total>0</total>
				<timestamp>3081.194088</timestamp>
			</report>
			<report>
				<misses>397600000</misses>
				<total>0</total>
				<timestamp>3081.936125</timestamp>
			</report>
			<report>
				<misses>397700000</misses>
				<total>0</total>
				<timestamp>3082.714229</timestamp>
			</report>
			<report>
				<misses>397800000</misses>
				<total>0</total>
				<timestamp>3083.443356</timestamp>
			</report>
			<report>
				<misses>397900000</misses>
				<total>0</total>
				<timestamp>3084.197162</timestamp>
			</report>
			<report>
				<misses>398000000</misses>
				<total>0</total>
				<timestamp>3085.037637</timestamp>
			</report>
			<report>
				<misses>398100000</misses>
				<total>0</total>
				<timestamp>3085.813059</timestamp>
			</report>
			<report>
				<misses>398200000</misses>
				<total>0</total>
				<timestamp>3086.542283</timestamp>
			</report>
			<report>
				<misses>398300000</misses>
				<total>0</total>
				<timestamp>3087.293982</timestamp>
			</report>
			<report>
				<misses>398400000</misses>
				<total>0</total>
				<timestamp>3088.045768</timestamp>
			</report>
			<report>
				<misses>398500000</misses>
				<total>0</total>
				<timestamp>3088.781579</timestamp>
			</report>
			<report>
				<misses>398600000</misses>
				<total>0</total>
				<timestamp>3089.535208</timestamp>
			</report>
			<report>
				<misses>398700000</misses>
				<total>0</total>
				<timestamp>3090.319837</timestamp>
			</report>
			<report>
				<misses>398800000</misses>
				<total>0</total>
				<timestamp>3091.066687</timestamp>
			</report>
			<report>
				<misses>398900000</misses>
				<total>0</total>
				<timestamp>3091.781973</timestamp>
			</report>
			<report>
				<misses>399000000</misses>
				<total>0</total>
				<timestamp>3092.524453</timestamp>
			</report>
			<report>
				<misses>399100000</misses>
				<total>0</total>
				<timestamp>3093.274492</timestamp>
			</report>
			<report>
				<misses>399200000</misses>
				<total>0</total>
				<timestamp>3094.029636</timestamp>
			</report>
			<report>
				<misses>399300000</misses>
				<total>0</total>
				<timestamp>3094.807440</timestamp>
			</report>
			<report>
				<misses>399400000</misses>
				<total>0</total>
				<timestamp>3095.588256</timestamp>
			</report>
			<report>
				<misses>399500000</misses>
				<total>0</total>
				<timestamp>3096.365856</timestamp>
			</report>
			<report>
				<misses>399600000</misses>
				<total>0</total>
				<timestamp>3097.124025</timestamp>
			</report>
			<report>
				<misses>399700000</misses>
				<total>0</total>
				<timestamp>3097.908178</timestamp>
			</report>
			<report>
				<misses>399800000</misses>
				<total>0</total>
				<timestamp>3098.656833</timestamp>
			</report>
			<report>
				<misses>399900000</misses>
				<total>0</total>
				<timestamp>3099.446357</timestamp>
			</report>
			<report>
				<misses>400000000</misses>
				<total>0</total>
				<timestamp>3100.210930</timestamp>
			</report>
			<report>
				<misses>400100000</misses>
				<total>0</total>
				<timestamp>3101.028084</timestamp>
			</report>
			<report>
				<misses>400200000</misses>
				<total>0</total>
				<timestamp>3101.807725</timestamp>
			</report>
			<report>
				<misses>400300000</misses>
				<total>0</total>
				<timestamp>3102.541697</timestamp>
			</report>
			<report>
				<misses>400400000</misses>
				<total>0</total>
				<timestamp>3103.295106</timestamp>
			</report>
			<report>
				<misses>400500000</misses>
				<total>0</total>
				<timestamp>3104.036839</timestamp>
			</report>
			<report>
				<misses>400600000</misses>
				<total>0</total>
				<timestamp>3104.790026</timestamp>
			</report>
			<report>
				<misses>400700000</misses>
				<total>0</total>
				<timestamp>3105.533036</timestamp>
			</report>
			<report>
				<misses>400800000</misses>
				<total>0</total>
				<timestamp>3106.261149</timestamp>
			</report>
			<report>
				<misses>400900000</misses>
				<total>0</total>
				<timestamp>3107.004211</timestamp>
			</report>
			<report>
				<misses>401000000</misses>
				<total>0</total>
				<timestamp>3107.739384</timestamp>
			</report>
			<report>
				<misses>401100000</misses>
				<total>0</total>
				<timestamp>3108.489311</timestamp>
			</report>
			<report>
				<misses>401200000</misses>
				<total>0</total>
				<timestamp>3109.269872</timestamp>
			</report>
			<report>
				<misses>401300000</misses>
				<total>0</total>
				<timestamp>3110.057532</timestamp>
			</report>
			<report>
				<misses>401400000</misses>
				<total>0</total>
				<timestamp>3110.831105</timestamp>
			</report>
			<report>
				<misses>401500000</misses>
				<total>0</total>
				<timestamp>3111.579210</timestamp>
			</report>
			<report>
				<misses>401600000</misses>
				<total>0</total>
				<timestamp>3112.341288</timestamp>
			</report>
			<report>
				<misses>401700000</misses>
				<total>0</total>
				<timestamp>3113.130895</timestamp>
			</report>
			<report>
				<misses>401800000</misses>
				<total>0</total>
				<timestamp>3113.889580</timestamp>
			</report>
			<report>
				<misses>401900000</misses>
				<total>0</total>
				<timestamp>3114.651311</timestamp>
			</report>
			<report>
				<misses>402000000</misses>
				<total>0</total>
				<timestamp>3115.424040</timestamp>
			</report>
			<report>
				<misses>402100000</misses>
				<total>0</total>
				<timestamp>3116.251287</timestamp>
			</report>
			<report>
				<misses>402200000</misses>
				<total>0</total>
				<timestamp>3117.024483</timestamp>
			</report>
			<report>
				<misses>402300000</misses>
				<total>0</total>
				<timestamp>3117.776519</timestamp>
			</report>
			<report>
				<misses>402400000</misses>
				<total>0</total>
				<timestamp>3118.533183</timestamp>
			</report>
			<report>
				<misses>402500000</misses>
				<total>0</total>
				<timestamp>3119.255078</timestamp>
			</report>
			<report>
				<misses>402600000</misses>
				<total>0</total>
				<timestamp>3119.984132</timestamp>
			</report>
			<report>
				<misses>402700000</misses>
				<total>0</total>
				<timestamp>3120.743951</timestamp>
			</report>
			<report>
				<misses>402800000</misses>
				<total>0</total>
				<timestamp>3121.486809</timestamp>
			</report>
			<report>
				<misses>402900000</misses>
				<total>0</total>
				<timestamp>3122.267177</timestamp>
			</report>
			<report>
				<misses>403000000</misses>
				<total>0</total>
				<timestamp>3123.014558</timestamp>
			</report>
			<report>
				<misses>403100000</misses>
				<total>0</total>
				<timestamp>3123.804953</timestamp>
			</report>
			<report>
				<misses>403200000</misses>
				<total>0</total>
				<timestamp>3124.536604</timestamp>
			</report>
			<report>
				<misses>403300000</misses>
				<total>0</total>
				<timestamp>3125.264207</timestamp>
			</report>
			<report>
				<misses>403400000</misses>
				<total>0</total>
				<timestamp>3126.065540</timestamp>
			</report>
			<report>
				<misses>403500000</misses>
				<total>0</total>
				<timestamp>3126.863555</timestamp>
			</report>
			<report>
				<misses>403600000</misses>
				<total>0</total>
				<timestamp>3127.672314</timestamp>
			</report>
			<report>
				<misses>403700000</misses>
				<total>0</total>
				<timestamp>3128.434847</timestamp>
			</report>
			<report>
				<misses>403800000</misses>
				<total>0</total>
				<timestamp>3129.184962</timestamp>
			</report>
			<report>
				<misses>403900000</misses>
				<total>0</total>
				<timestamp>3129.963264</timestamp>
			</report>
			<report>
				<misses>404000000</misses>
				<total>0</total>
				<timestamp>3130.730690</timestamp>
			</report>
			<report>
				<misses>404100000</misses>
				<total>0</total>
				<timestamp>3131.494036</timestamp>
			</report>
			<report>
				<misses>404200000</misses>
				<total>0</total>
				<timestamp>3132.226863</timestamp>
			</report>
			<report>
				<misses>404300000</misses>
				<total>0</total>
				<timestamp>3133.010544</timestamp>
			</report>
			<report>
				<misses>404400000</misses>
				<total>0</total>
				<timestamp>3133.776714</timestamp>
			</report>
			<report>
				<misses>404500000</misses>
				<total>0</total>
				<timestamp>3134.563697</timestamp>
			</report>
			<report>
				<misses>404600000</misses>
				<total>0</total>
				<timestamp>3135.318941</timestamp>
			</report>
			<report>
				<misses>404700000</misses>
				<total>0</total>
				<timestamp>3136.051610</timestamp>
			</report>
			<report>
				<misses>404800000</misses>
				<total>0</total>
				<timestamp>3136.785783</timestamp>
			</report>
			<report>
				<misses>404900000</misses>
				<total>0</total>
				<timestamp>3137.538883</timestamp>
			</report>
			<report>
				<misses>405000000</misses>
				<total>0</total>
				<timestamp>3138.251598</timestamp>
			</report>
			<report>
				<misses>405100000</misses>
				<total>0</total>
				<timestamp>3138.968412</timestamp>
			</report>
			<report>
				<misses>405200000</misses>
				<total>0</total>
				<timestamp>3139.716426</timestamp>
			</report>
			<report>
				<misses>405300000</misses>
				<total>0</total>
				<timestamp>3140.444845</timestamp>
			</report>
			<report>
				<misses>405400000</misses>
				<total>0</total>
				<timestamp>3141.174320</timestamp>
			</report>
			<report>
				<misses>405500000</misses>
				<total>0</total>
				<timestamp>3141.984327</timestamp>
			</report>
			<report>
				<misses>405600000</misses>
				<total>0</total>
				<timestamp>3142.769371</timestamp>
			</report>
			<report>
				<misses>405700000</misses>
				<total>0</total>
				<timestamp>3143.537410</timestamp>
			</report>
			<report>
				<misses>405800000</misses>
				<total>0</total>
				<timestamp>3144.324992</timestamp>
			</report>
			<report>
				<misses>405900000</misses>
				<total>0</total>
				<timestamp>3145.044635</timestamp>
			</report>
			<report>
				<misses>406000000</misses>
				<total>0</total>
				<timestamp>3145.802000</timestamp>
			</report>
			<report>
				<misses>406100000</misses>
				<total>0</total>
				<timestamp>3146.552526</timestamp>
			</report>
			<report>
				<misses>406200000</misses>
				<total>0</total>
				<timestamp>3147.325481</timestamp>
			</report>
			<report>
				<misses>406300000</misses>
				<total>0</total>
				<timestamp>3148.111077</timestamp>
			</report>
			<report>
				<misses>406400000</misses>
				<total>0</total>
				<timestamp>3148.867361</timestamp>
			</report>
			<report>
				<misses>406500000</misses>
				<total>0</total>
				<timestamp>3149.642168</timestamp>
			</report>
			<report>
				<misses>406600000</misses>
				<total>0</total>
				<timestamp>3150.374951</timestamp>
			</report>
			<report>
				<misses>406700000</misses>
				<total>0</total>
				<timestamp>3151.127615</timestamp>
			</report>
			<report>
				<misses>406800000</misses>
				<total>0</total>
				<timestamp>3151.901920</timestamp>
			</report>
			<report>
				<misses>406900000</misses>
				<total>0</total>
				<timestamp>3152.641676</timestamp>
			</report>
			<report>
				<misses>407000000</misses>
				<total>0</total>
				<timestamp>3153.386006</timestamp>
			</report>
			<report>
				<misses>407100000</misses>
				<total>0</total>
				<timestamp>3154.141947</timestamp>
			</report>
			<report>
				<misses>407200000</misses>
				<total>0</total>
				<timestamp>3154.888079</timestamp>
			</report>
			<report>
				<misses>407300000</misses>
				<total>0</total>
				<timestamp>3155.651287</timestamp>
			</report>
			<report>
				<misses>407400000</misses>
				<total>0</total>
				<timestamp>3156.454320</timestamp>
			</report>
			<report>
				<misses>407500000</misses>
				<total>0</total>
				<timestamp>3157.190220</timestamp>
			</report>
			<report>
				<misses>407600000</misses>
				<total>0</total>
				<timestamp>3157.912115</timestamp>
			</report>
			<report>
				<misses>407700000</misses>
				<total>0</total>
				<timestamp>3158.699731</timestamp>
			</report>
			<report>
				<misses>407800000</misses>
				<total>0</total>
				<timestamp>3159.453554</timestamp>
			</report>
			<report>
				<misses>407900000</misses>
				<total>0</total>
				<timestamp>3160.230883</timestamp>
			</report>
			<report>
				<misses>408000000</misses>
				<total>0</total>
				<timestamp>3161.014273</timestamp>
			</report>
			<report>
				<misses>408100000</misses>
				<total>0</total>
				<timestamp>3161.779613</timestamp>
			</report>
			<report>
				<misses>408200000</misses>
				<total>0</total>
				<timestamp>3162.538604</timestamp>
			</report>
			<report>
				<misses>408300000</misses>
				<total>0</total>
				<timestamp>3163.345468</timestamp>
			</report>
			<report>
				<misses>408400000</misses>
				<total>0</total>
				<timestamp>3164.117120</timestamp>
			</report>
			<report>
				<misses>408500000</misses>
				<total>0</total>
				<timestamp>3164.891907</timestamp>
			</report>
			<report>
				<misses>408600000</misses>
				<total>0</total>
				<timestamp>3165.673222</timestamp>
			</report>
			<report>
				<misses>408700000</misses>
				<total>0</total>
				<timestamp>3166.417226</timestamp>
			</report>
			<report>
				<misses>408800000</misses>
				<total>0</total>
				<timestamp>3167.183493</timestamp>
			</report>
			<report>
				<misses>408900000</misses>
				<total>0</total>
				<timestamp>3167.979769</timestamp>
			</report>
			<report>
				<misses>409000000</misses>
				<total>0</total>
				<timestamp>3168.725949</timestamp>
			</report>
			<report>
				<misses>409100000</misses>
				<total>0</total>
				<timestamp>3169.476607</timestamp>
			</report>
			<report>
				<misses>409200000</misses>
				<total>0</total>
				<timestamp>3170.234045</timestamp>
			</report>
			<report>
				<misses>409300000</misses>
				<total>0</total>
				<timestamp>3170.952545</timestamp>
			</report>
			<report>
				<misses>409400000</misses>
				<total>0</total>
				<timestamp>3171.692216</timestamp>
			</report>
			<report>
				<misses>409500000</misses>
				<total>0</total>
				<timestamp>3172.447227</timestamp>
			</report>
			<report>
				<misses>409600000</misses>
				<total>0</total>
				<timestamp>3173.205235</timestamp>
			</report>
			<report>
				<misses>409700000</misses>
				<total>0</total>
				<timestamp>3173.969784</timestamp>
			</report>
			<report>
				<misses>409800000</misses>
				<total>0</total>
				<timestamp>3174.780114</timestamp>
			</report>
			<report>
				<misses>409900000</misses>
				<total>0</total>
				<timestamp>3175.570839</timestamp>
			</report>
			<report>
				<misses>410000000</misses>
				<total>0</total>
				<timestamp>3176.313333</timestamp>
			</report>
			<report>
				<misses>410100000</misses>
				<total>0</total>
				<timestamp>3177.101018</timestamp>
			</report>
			<report>
				<misses>410200000</misses>
				<total>0</total>
				<timestamp>3177.862024</timestamp>
			</report>
			<report>
				<misses>410300000</misses>
				<total>0</total>
				<timestamp>3178.614895</timestamp>
			</report>
			<report>
				<misses>410400000</misses>
				<total>0</total>
				<timestamp>3179.436722</timestamp>
			</report>
			<report>
				<misses>410500000</misses>
				<total>0</total>
				<timestamp>3180.225860</timestamp>
			</report>
			<report>
				<misses>410600000</misses>
				<total>0</total>
				<timestamp>3180.992010</timestamp>
			</report>
			<report>
				<misses>410700000</misses>
				<total>0</total>
				<timestamp>3181.794439</timestamp>
			</report>
			<report>
				<misses>410800000</misses>
				<total>0</total>
				<timestamp>3182.539931</timestamp>
			</report>
			<report>
				<misses>410900000</misses>
				<total>0</total>
				<timestamp>3183.311854</timestamp>
			</report>
			<report>
				<misses>411000000</misses>
				<total>0</total>
				<timestamp>3184.040757</timestamp>
			</report>
			<report>
				<misses>411100000</misses>
				<total>0</total>
				<timestamp>3184.752874</timestamp>
			</report>
			<report>
				<misses>411200000</misses>
				<total>0</total>
				<timestamp>3185.521204</timestamp>
			</report>
			<report>
				<misses>411300000</misses>
				<total>0</total>
				<timestamp>3186.316967</timestamp>
			</report>
			<report>
				<misses>411400000</misses>
				<total>0</total>
				<timestamp>3187.076377</timestamp>
			</report>
			<report>
				<misses>411500000</misses>
				<total>0</total>
				<timestamp>3187.783487</timestamp>
			</report>
			<report>
				<misses>411600000</misses>
				<total>0</total>
				<timestamp>3188.533556</timestamp>
			</report>
			<report>
				<misses>411700000</misses>
				<total>0</total>
				<timestamp>3189.307372</timestamp>
			</report>
			<report>
				<misses>411800000</misses>
				<total>0</total>
				<timestamp>3190.063724</timestamp>
			</report>
			<report>
				<misses>411900000</misses>
				<total>0</total>
				<timestamp>3190.802223</timestamp>
			</report>
			<report>
				<misses>412000000</misses>
				<total>0</total>
				<timestamp>3191.562127</timestamp>
			</report>
			<report>
				<misses>412100000</misses>
				<total>0</total>
				<timestamp>3192.352622</timestamp>
			</report>
			<report>
				<misses>412200000</misses>
				<total>0</total>
				<timestamp>3193.098957</timestamp>
			</report>
			<report>
				<misses>412300000</misses>
				<total>0</total>
				<timestamp>3193.912255</timestamp>
			</report>
			<report>
				<misses>412400000</misses>
				<total>0</total>
				<timestamp>3194.672659</timestamp>
			</report>
			<report>
				<misses>412500000</misses>
				<total>0</total>
				<timestamp>3195.417502</timestamp>
			</report>
			<report>
				<misses>412600000</misses>
				<total>0</total>
				<timestamp>3196.177852</timestamp>
			</report>
			<report>
				<misses>412700000</misses>
				<total>0</total>
				<timestamp>3196.929579</timestamp>
			</report>
			<report>
				<misses>412800000</misses>
				<total>0</total>
				<timestamp>3197.691210</timestamp>
			</report>
			<report>
				<misses>412900000</misses>
				<total>0</total>
				<timestamp>3198.504124</timestamp>
			</report>
			<report>
				<misses>413000000</misses>
				<total>0</total>
				<timestamp>3199.300050</timestamp>
			</report>
			<report>
				<misses>413100000</misses>
				<total>0</total>
				<timestamp>3200.037214</timestamp>
			</report>
			<report>
				<misses>413200000</misses>
				<total>0</total>
				<timestamp>3200.793640</timestamp>
			</report>
			<report>
				<misses>413300000</misses>
				<total>0</total>
				<timestamp>3201.517587</timestamp>
			</report>
			<report>
				<misses>413400000</misses>
				<total>0</total>
				<timestamp>3202.227454</timestamp>
			</report>
			<report>
				<misses>413500000</misses>
				<total>0</total>
				<timestamp>3202.951262</timestamp>
			</report>
			<report>
				<misses>413600000</misses>
				<total>0</total>
				<timestamp>3203.684721</timestamp>
			</report>
			<report>
				<misses>413700000</misses>
				<total>0</total>
				<timestamp>3204.395459</timestamp>
			</report>
			<report>
				<misses>413800000</misses>
				<total>0</total>
				<timestamp>3205.194083</timestamp>
			</report>
			<report>
				<misses>413900000</misses>
				<total>0</total>
				<timestamp>3205.937421</timestamp>
			</report>
			<report>
				<misses>414000000</misses>
				<total>0</total>
				<timestamp>3206.733404</timestamp>
			</report>
			<report>
				<misses>414100000</misses>
				<total>0</total>
				<timestamp>3207.492804</timestamp>
			</report>
			<report>
				<misses>414200000</misses>
				<total>0</total>
				<timestamp>3208.295261</timestamp>
			</report>
			<report>
				<misses>414300000</misses>
				<total>0</total>
				<timestamp>3209.082830</timestamp>
			</report>
			<report>
				<misses>414400000</misses>
				<total>0</total>
				<timestamp>3209.912970</timestamp>
			</report>
			<report>
				<misses>414500000</misses>
				<total>0</total>
				<timestamp>3210.731665</timestamp>
			</report>
			<report>
				<misses>414600000</misses>
				<total>0</total>
				<timestamp>3211.474123</timestamp>
			</report>
			<report>
				<misses>414700000</misses>
				<total>0</total>
				<timestamp>3212.254089</timestamp>
			</report>
			<report>
				<misses>414800000</misses>
				<total>0</total>
				<timestamp>3213.018294</timestamp>
			</report>
			<report>
				<misses>414900000</misses>
				<total>0</total>
				<timestamp>3213.797944</timestamp>
			</report>
			<report>
				<misses>415000000</misses>
				<total>0</total>
				<timestamp>3214.562883</timestamp>
			</report>
			<report>
				<misses>415100000</misses>
				<total>0</total>
				<timestamp>3215.303633</timestamp>
			</report>
			<report>
				<misses>415200000</misses>
				<total>0</total>
				<timestamp>3216.097756</timestamp>
			</report>
			<report>
				<misses>415300000</misses>
				<total>0</total>
				<timestamp>3216.837449</timestamp>
			</report>
			<report>
				<misses>415400000</misses>
				<total>0</total>
				<timestamp>3217.660269</timestamp>
			</report>
			<report>
				<misses>415500000</misses>
				<total>0</total>
				<timestamp>3218.398279</timestamp>
			</report>
			<report>
				<misses>415600000</misses>
				<total>0</total>
				<timestamp>3219.210784</timestamp>
			</report>
			<report>
				<misses>415700000</misses>
				<total>0</total>
				<timestamp>3219.967094</timestamp>
			</report>
			<report>
				<misses>415800000</misses>
				<total>0</total>
				<timestamp>3220.720722</timestamp>
			</report>
			<report>
				<misses>415900000</misses>
				<total>0</total>
				<timestamp>3221.529558</timestamp>
			</report>
			<report>
				<misses>416000000</misses>
				<total>0</total>
				<timestamp>3222.308791</timestamp>
			</report>
			<report>
				<misses>416100000</misses>
				<total>0</total>
				<timestamp>3223.065534</timestamp>
			</report>
			<report>
				<misses>416200000</misses>
				<total>0</total>
				<timestamp>3223.809793</timestamp>
			</report>
			<report>
				<misses>416300000</misses>
				<total>0</total>
				<timestamp>3224.529691</timestamp>
			</report>
			<report>
				<misses>416400000</misses>
				<total>0</total>
				<timestamp>3225.269106</timestamp>
			</report>
			<report>
				<misses>416500000</misses>
				<total>0</total>
				<timestamp>3226.010269</timestamp>
			</report>
			<report>
				<misses>416600000</misses>
				<total>0</total>
				<timestamp>3226.739898</timestamp>
			</report>
			<report>
				<misses>416700000</misses>
				<total>0</total>
				<timestamp>3227.449281</timestamp>
			</report>
			<report>
				<misses>416800000</misses>
				<total>0</total>
				<timestamp>3228.159368</timestamp>
			</report>
			<report>
				<misses>416900000</misses>
				<total>0</total>
				<timestamp>3228.926779</timestamp>
			</report>
			<report>
				<misses>417000000</misses>
				<total>0</total>
				<timestamp>3229.679841</timestamp>
			</report>
			<report>
				<misses>417100000</misses>
				<total>0</total>
				<timestamp>3230.435790</timestamp>
			</report>
			<report>
				<misses>417200000</misses>
				<total>0</total>
				<timestamp>3231.274581</timestamp>
			</report>
			<report>
				<misses>417300000</misses>
				<total>0</total>
				<timestamp>3232.043036</timestamp>
			</report>
			<report>
				<misses>417400000</misses>
				<total>0</total>
				<timestamp>3232.820556</timestamp>
			</report>
			<report>
				<misses>417500000</misses>
				<total>0</total>
				<timestamp>3233.592286</timestamp>
			</report>
			<report>
				<misses>417600000</misses>
				<total>0</total>
				<timestamp>3234.397345</timestamp>
			</report>
			<report>
				<misses>417700000</misses>
				<total>0</total>
				<timestamp>3235.129165</timestamp>
			</report>
			<report>
				<misses>417800000</misses>
				<total>0</total>
				<timestamp>3235.906075</timestamp>
			</report>
			<report>
				<misses>417900000</misses>
				<total>0</total>
				<timestamp>3236.648318</timestamp>
			</report>
			<report>
				<misses>418000000</misses>
				<total>0</total>
				<timestamp>3237.386613</timestamp>
			</report>
			<report>
				<misses>418100000</misses>
				<total>0</total>
				<timestamp>3238.158655</timestamp>
			</report>
			<report>
				<misses>418200000</misses>
				<total>0</total>
				<timestamp>3238.904189</timestamp>
			</report>
			<report>
				<misses>418300000</misses>
				<total>0</total>
				<timestamp>3239.622861</timestamp>
			</report>
			<report>
				<misses>418400000</misses>
				<total>0</total>
				<timestamp>3240.360841</timestamp>
			</report>
			<report>
				<misses>418500000</misses>
				<total>0</total>
				<timestamp>3241.116767</timestamp>
			</report>
			<report>
				<misses>418600000</misses>
				<total>0</total>
				<timestamp>3241.867691</timestamp>
			</report>
			<report>
				<misses>418700000</misses>
				<total>0</total>
				<timestamp>3242.651687</timestamp>
			</report>
			<report>
				<misses>418800000</misses>
				<total>0</total>
				<timestamp>3243.419065</timestamp>
			</report>
			<report>
				<misses>418900000</misses>
				<total>0</total>
				<timestamp>3244.151156</timestamp>
			</report>
			<report>
				<misses>419000000</misses>
				<total>0</total>
				<timestamp>3244.895032</timestamp>
			</report>
			<report>
				<misses>419100000</misses>
				<total>0</total>
				<timestamp>3245.640231</timestamp>
			</report>
			<report>
				<misses>419200000</misses>
				<total>0</total>
				<timestamp>3246.385660</timestamp>
			</report>
			<report>
				<misses>419300000</misses>
				<total>0</total>
				<timestamp>3247.131309</timestamp>
			</report>
			<report>
				<misses>419400000</misses>
				<total>0</total>
				<timestamp>3247.921002</timestamp>
			</report>
			<report>
				<misses>419500000</misses>
				<total>0</total>
				<timestamp>3248.677915</timestamp>
			</report>
			<report>
				<misses>419600000</misses>
				<total>0</total>
				<timestamp>3249.442420</timestamp>
			</report>
			<report>
				<misses>419700000</misses>
				<total>0</total>
				<timestamp>3250.206611</timestamp>
			</report>
			<report>
				<misses>419800000</misses>
				<total>0</total>
				<timestamp>3250.986318</timestamp>
			</report>
			<report>
				<misses>419900000</misses>
				<total>0</total>
				<timestamp>3251.770567</timestamp>
			</report>
			<report>
				<misses>420000000</misses>
				<total>0</total>
				<timestamp>3252.562581</timestamp>
			</report>
			<report>
				<misses>420100000</misses>
				<total>0</total>
				<timestamp>3253.318332</timestamp>
			</report>
			<report>
				<misses>420200000</misses>
				<total>0</total>
				<timestamp>3254.093478</timestamp>
			</report>
			<report>
				<misses>420300000</misses>
				<total>0</total>
				<timestamp>3254.847837</timestamp>
			</report>
			<report>
				<misses>420400000</misses>
				<total>0</total>
				<timestamp>3255.600948</timestamp>
			</report>
			<report>
				<misses>420500000</misses>
				<total>0</total>
				<timestamp>3256.359987</timestamp>
			</report>
			<report>
				<misses>420600000</misses>
				<total>0</total>
				<timestamp>3257.115840</timestamp>
			</report>
			<report>
				<misses>420700000</misses>
				<total>0</total>
				<timestamp>3257.833755</timestamp>
			</report>
			<report>
				<misses>420800000</misses>
				<total>0</total>
				<timestamp>3258.545324</timestamp>
			</report>
			<report>
				<misses>420900000</misses>
				<total>0</total>
				<timestamp>3259.293966</timestamp>
			</report>
			<report>
				<misses>421000000</misses>
				<total>0</total>
				<timestamp>3260.001336</timestamp>
			</report>
			<report>
				<misses>421100000</misses>
				<total>0</total>
				<timestamp>3260.758162</timestamp>
			</report>
			<report>
				<misses>421200000</misses>
				<total>0</total>
				<timestamp>3261.488903</timestamp>
			</report>
			<report>
				<misses>421300000</misses>
				<total>0</total>
				<timestamp>3262.227013</timestamp>
			</report>
			<report>
				<misses>421400000</misses>
				<total>0</total>
				<timestamp>3262.990920</timestamp>
			</report>
			<report>
				<misses>421500000</misses>
				<total>0</total>
				<timestamp>3263.760555</timestamp>
			</report>
			<report>
				<misses>421600000</misses>
				<total>0</total>
				<timestamp>3264.537041</timestamp>
			</report>
			<report>
				<misses>421700000</misses>
				<total>0</total>
				<timestamp>3265.289979</timestamp>
			</report>
			<report>
				<misses>421800000</misses>
				<total>0</total>
				<timestamp>3266.097743</timestamp>
			</report>
			<report>
				<misses>421900000</misses>
				<total>0</total>
				<timestamp>3266.863789</timestamp>
			</report>
			<report>
				<misses>422000000</misses>
				<total>0</total>
				<timestamp>3267.687150</timestamp>
			</report>
			<report>
				<misses>422100000</misses>
				<total>0</total>
				<timestamp>3268.471807</timestamp>
			</report>
			<report>
				<misses>422200000</misses>
				<total>0</total>
				<timestamp>3269.242958</timestamp>
			</report>
			<report>
				<misses>422300000</misses>
				<total>0</total>
				<timestamp>3269.987719</timestamp>
			</report>
			<report>
				<misses>422400000</misses>
				<total>0</total>
				<timestamp>3270.741080</timestamp>
			</report>
			<report>
				<misses>422500000</misses>
				<total>0</total>
				<timestamp>3271.480958</timestamp>
			</report>
			<report>
				<misses>422600000</misses>
				<total>0</total>
				<timestamp>3272.251703</timestamp>
			</report>
			<report>
				<misses>422700000</misses>
				<total>0</total>
				<timestamp>3273.019292</timestamp>
			</report>
			<report>
				<misses>422800000</misses>
				<total>0</total>
				<timestamp>3273.768251</timestamp>
			</report>
			<report>
				<misses>422900000</misses>
				<total>0</total>
				<timestamp>3274.477601</timestamp>
			</report>
			<report>
				<misses>423000000</misses>
				<total>0</total>
				<timestamp>3275.223946</timestamp>
			</report>
			<report>
				<misses>423100000</misses>
				<total>0</total>
				<timestamp>3275.969473</timestamp>
			</report>
			<report>
				<misses>423200000</misses>
				<total>0</total>
				<timestamp>3276.709204</timestamp>
			</report>
			<report>
				<misses>423300000</misses>
				<total>0</total>
				<timestamp>3277.463482</timestamp>
			</report>
			<report>
				<misses>423400000</misses>
				<total>0</total>
				<timestamp>3278.249791</timestamp>
			</report>
			<report>
				<misses>423500000</misses>
				<total>0</total>
				<timestamp>3278.996891</timestamp>
			</report>
			<report>
				<misses>423600000</misses>
				<total>0</total>
				<timestamp>3279.768808</timestamp>
			</report>
			<report>
				<misses>423700000</misses>
				<total>0</total>
				<timestamp>3280.555319</timestamp>
			</report>
			<report>
				<misses>423800000</misses>
				<total>0</total>
				<timestamp>3281.320087</timestamp>
			</report>
			<report>
				<misses>423900000</misses>
				<total>0</total>
				<timestamp>3282.097351</timestamp>
			</report>
			<report>
				<misses>424000000</misses>
				<total>0</total>
				<timestamp>3282.928902</timestamp>
			</report>
			<report>
				<misses>424100000</misses>
				<total>0</total>
				<timestamp>3283.670168</timestamp>
			</report>
			<report>
				<misses>424200000</misses>
				<total>0</total>
				<timestamp>3284.470294</timestamp>
			</report>
			<report>
				<misses>424300000</misses>
				<total>0</total>
				<timestamp>3285.261613</timestamp>
			</report>
			<report>
				<misses>424400000</misses>
				<total>0</total>
				<timestamp>3286.041753</timestamp>
			</report>
			<report>
				<misses>424500000</misses>
				<total>0</total>
				<timestamp>3286.834356</timestamp>
			</report>
			<report>
				<misses>424600000</misses>
				<total>0</total>
				<timestamp>3287.610724</timestamp>
			</report>
			<report>
				<misses>424700000</misses>
				<total>0</total>
				<timestamp>3288.410410</timestamp>
			</report>
			<report>
				<misses>424800000</misses>
				<total>0</total>
				<timestamp>3289.176399</timestamp>
			</report>
			<report>
				<misses>424900000</misses>
				<total>0</total>
				<timestamp>3289.994975</timestamp>
			</report>
			<report>
				<misses>425000000</misses>
				<total>0</total>
				<timestamp>3290.770982</timestamp>
			</report>
			<report>
				<misses>425100000</misses>
				<total>0</total>
				<timestamp>3291.512777</timestamp>
			</report>
			<report>
				<misses>425200000</misses>
				<total>0</total>
				<timestamp>3292.279176</timestamp>
			</report>
			<report>
				<misses>425300000</misses>
				<total>0</total>
				<timestamp>3293.052419</timestamp>
			</report>
			<report>
				<misses>425400000</misses>
				<total>0</total>
				<timestamp>3293.784539</timestamp>
			</report>
			<report>
				<misses>425500000</misses>
				<total>0</total>
				<timestamp>3294.524315</timestamp>
			</report>
			<report>
				<misses>425600000</misses>
				<total>0</total>
				<timestamp>3295.256957</timestamp>
			</report>
			<report>
				<misses>425700000</misses>
				<total>0</total>
				<timestamp>3295.991639</timestamp>
			</report>
			<report>
				<misses>425800000</misses>
				<total>0</total>
				<timestamp>3296.724474</timestamp>
			</report>
			<report>
				<misses>425900000</misses>
				<total>0</total>
				<timestamp>3297.487182</timestamp>
			</report>
			<report>
				<misses>426000000</misses>
				<total>0</total>
				<timestamp>3298.262673</timestamp>
			</report>
			<report>
				<misses>426100000</misses>
				<total>0</total>
				<timestamp>3298.986800</timestamp>
			</report>
			<report>
				<misses>426200000</misses>
				<total>0</total>
				<timestamp>3299.747259</timestamp>
			</report>
			<report>
				<misses>426300000</misses>
				<total>0</total>
				<timestamp>3300.547487</timestamp>
			</report>
			<report>
				<misses>426400000</misses>
				<total>0</total>
				<timestamp>3301.345365</timestamp>
			</report>
			<report>
				<misses>426500000</misses>
				<total>0</total>
				<timestamp>3302.117638</timestamp>
			</report>
			<report>
				<misses>426600000</misses>
				<total>0</total>
				<timestamp>3302.895862</timestamp>
			</report>
			<report>
				<misses>426700000</misses>
				<total>0</total>
				<timestamp>3303.697522</timestamp>
			</report>
			<report>
				<misses>426800000</misses>
				<total>0</total>
				<timestamp>3304.504712</timestamp>
			</report>
			<report>
				<misses>426900000</misses>
				<total>0</total>
				<timestamp>3305.283439</timestamp>
			</report>
			<report>
				<misses>427000000</misses>
				<total>0</total>
				<timestamp>3306.042591</timestamp>
			</report>
			<report>
				<misses>427100000</misses>
				<total>0</total>
				<timestamp>3306.822532</timestamp>
			</report>
			<report>
				<misses>427200000</misses>
				<total>0</total>
				<timestamp>3307.572979</timestamp>
			</report>
			<report>
				<misses>427300000</misses>
				<total>0</total>
				<timestamp>3308.362060</timestamp>
			</report>
			<report>
				<misses>427400000</misses>
				<total>0</total>
				<timestamp>3309.090646</timestamp>
			</report>
			<report>
				<misses>427500000</misses>
				<total>0</total>
				<timestamp>3309.789273</timestamp>
			</report>
			<report>
				<misses>427600000</misses>
				<total>0</total>
				<timestamp>3310.529720</timestamp>
			</report>
			<report>
				<misses>427700000</misses>
				<total>0</total>
				<timestamp>3311.262139</timestamp>
			</report>
			<report>
				<misses>427800000</misses>
				<total>0</total>
				<timestamp>3312.029473</timestamp>
			</report>
			<report>
				<misses>427900000</misses>
				<total>0</total>
				<timestamp>3312.847254</timestamp>
			</report>
			<report>
				<misses>428000000</misses>
				<total>0</total>
				<timestamp>3313.623999</timestamp>
			</report>
			<report>
				<misses>428100000</misses>
				<total>0</total>
				<timestamp>3314.354250</timestamp>
			</report>
			<report>
				<misses>428200000</misses>
				<total>0</total>
				<timestamp>3315.099321</timestamp>
			</report>
			<report>
				<misses>428300000</misses>
				<total>0</total>
				<timestamp>3315.835422</timestamp>
			</report>
			<report>
				<misses>428400000</misses>
				<total>0</total>
				<timestamp>3316.628108</timestamp>
			</report>
			<report>
				<misses>428500000</misses>
				<total>0</total>
				<timestamp>3317.402391</timestamp>
			</report>
			<report>
				<misses>428600000</misses>
				<total>0</total>
				<timestamp>3318.160251</timestamp>
			</report>
			<report>
				<misses>428700000</misses>
				<total>0</total>
				<timestamp>3318.933358</timestamp>
			</report>
			<report>
				<misses>428800000</misses>
				<total>0</total>
				<timestamp>3319.729760</timestamp>
			</report>
			<report>
				<misses>428900000</misses>
				<total>0</total>
				<timestamp>3320.541615</timestamp>
			</report>
			<report>
				<misses>429000000</misses>
				<total>0</total>
				<timestamp>3321.326349</timestamp>
			</report>
			<report>
				<misses>429100000</misses>
				<total>0</total>
				<timestamp>3322.091012</timestamp>
			</report>
			<report>
				<misses>429200000</misses>
				<total>0</total>
				<timestamp>3322.867904</timestamp>
			</report>
			<report>
				<misses>429300000</misses>
				<total>0</total>
				<timestamp>3323.631837</timestamp>
			</report>
			<report>
				<misses>429400000</misses>
				<total>0</total>
				<timestamp>3324.429413</timestamp>
			</report>
			<report>
				<misses>429500000</misses>
				<total>0</total>
				<timestamp>3325.218912</timestamp>
			</report>
			<report>
				<misses>429600000</misses>
				<total>0</total>
				<timestamp>3325.954972</timestamp>
			</report>
			<report>
				<misses>429700000</misses>
				<total>0</total>
				<timestamp>3326.733086</timestamp>
			</report>
			<report>
				<misses>429800000</misses>
				<total>0</total>
				<timestamp>3327.479719</timestamp>
			</report>
			<report>
				<misses>429900000</misses>
				<total>0</total>
				<timestamp>3328.220767</timestamp>
			</report>
			<report>
				<misses>430000000</misses>
				<total>0</total>
				<timestamp>3328.963691</timestamp>
			</report>
			<report>
				<misses>430100000</misses>
				<total>0</total>
				<timestamp>3329.727454</timestamp>
			</report>
			<report>
				<misses>430200000</misses>
				<total>0</total>
				<timestamp>3330.468663</timestamp>
			</report>
			<report>
				<misses>430300000</misses>
				<total>0</total>
				<timestamp>3331.194959</timestamp>
			</report>
			<report>
				<misses>430400000</misses>
				<total>0</total>
				<timestamp>3331.926946</timestamp>
			</report>
			<report>
				<misses>430500000</misses>
				<total>0</total>
				<timestamp>3332.719464</timestamp>
			</report>
			<report>
				<misses>430600000</misses>
				<total>0</total>
				<timestamp>3333.494007</timestamp>
			</report>
			<report>
				<misses>430700000</misses>
				<total>0</total>
				<timestamp>3334.294178</timestamp>
			</report>
			<report>
				<misses>430800000</misses>
				<total>0</total>
				<timestamp>3335.105856</timestamp>
			</report>
			<report>
				<misses>430900000</misses>
				<total>0</total>
				<timestamp>3335.879980</timestamp>
			</report>
			<report>
				<misses>431000000</misses>
				<total>0</total>
				<timestamp>3336.681233</timestamp>
			</report>
			<report>
				<misses>431100000</misses>
				<total>0</total>
				<timestamp>3337.466207</timestamp>
			</report>
			<report>
				<misses>431200000</misses>
				<total>0</total>
				<timestamp>3338.233914</timestamp>
			</report>
			<report>
				<misses>431300000</misses>
				<total>0</total>
				<timestamp>3339.024883</timestamp>
			</report>
			<report>
				<misses>431400000</misses>
				<total>0</total>
				<timestamp>3339.767858</timestamp>
			</report>
			<report>
				<misses>431500000</misses>
				<total>0</total>
				<timestamp>3340.542235</timestamp>
			</report>
			<report>
				<misses>431600000</misses>
				<total>0</total>
				<timestamp>3341.323645</timestamp>
			</report>
			<report>
				<misses>431700000</misses>
				<total>0</total>
				<timestamp>3342.065910</timestamp>
			</report>
			<report>
				<misses>431800000</misses>
				<total>0</total>
				<timestamp>3342.788325</timestamp>
			</report>
			<report>
				<misses>431900000</misses>
				<total>0</total>
				<timestamp>3343.531992</timestamp>
			</report>
			<report>
				<misses>432000000</misses>
				<total>0</total>
				<timestamp>3344.296790</timestamp>
			</report>
			<report>
				<misses>432100000</misses>
				<total>0</total>
				<timestamp>3345.060979</timestamp>
			</report>
			<report>
				<misses>432200000</misses>
				<total>0</total>
				<timestamp>3345.785808</timestamp>
			</report>
			<report>
				<misses>432300000</misses>
				<total>0</total>
				<timestamp>3346.582413</timestamp>
			</report>
			<report>
				<misses>432400000</misses>
				<total>0</total>
				<timestamp>3347.311023</timestamp>
			</report>
			<report>
				<misses>432500000</misses>
				<total>0</total>
				<timestamp>3348.073313</timestamp>
			</report>
			<report>
				<misses>432600000</misses>
				<total>0</total>
				<timestamp>3348.856618</timestamp>
			</report>
			<report>
				<misses>432700000</misses>
				<total>0</total>
				<timestamp>3349.621572</timestamp>
			</report>
			<report>
				<misses>432800000</misses>
				<total>0</total>
				<timestamp>3350.402358</timestamp>
			</report>
			<report>
				<misses>432900000</misses>
				<total>0</total>
				<timestamp>3351.179660</timestamp>
			</report>
			<report>
				<misses>433000000</misses>
				<total>0</total>
				<timestamp>3351.987584</timestamp>
			</report>
			<report>
				<misses>433100000</misses>
				<total>0</total>
				<timestamp>3352.763413</timestamp>
			</report>
			<report>
				<misses>433200000</misses>
				<total>0</total>
				<timestamp>3353.541587</timestamp>
			</report>
			<report>
				<misses>433300000</misses>
				<total>0</total>
				<timestamp>3354.298186</timestamp>
			</report>
			<report>
				<misses>433400000</misses>
				<total>0</total>
				<timestamp>3355.079200</timestamp>
			</report>
			<report>
				<misses>433500000</misses>
				<total>0</total>
				<timestamp>3355.857813</timestamp>
			</report>
			<report>
				<misses>433600000</misses>
				<total>0</total>
				<timestamp>3356.624039</timestamp>
			</report>
			<report>
				<misses>433700000</misses>
				<total>0</total>
				<timestamp>3357.355996</timestamp>
			</report>
			<report>
				<misses>433800000</misses>
				<total>0</total>
				<timestamp>3358.103069</timestamp>
			</report>
			<report>
				<misses>433900000</misses>
				<total>0</total>
				<timestamp>3358.844909</timestamp>
			</report>
			<report>
				<misses>434000000</misses>
				<total>0</total>
				<timestamp>3359.577634</timestamp>
			</report>
			<report>
				<misses>434100000</misses>
				<total>0</total>
				<timestamp>3360.322093</timestamp>
			</report>
			<report>
				<misses>434200000</misses>
				<total>0</total>
				<timestamp>3361.045483</timestamp>
			</report>
			<report>
				<misses>434300000</misses>
				<total>0</total>
				<timestamp>3361.781328</timestamp>
			</report>
			<report>
				<misses>434400000</misses>
				<total>0</total>
				<timestamp>3362.531882</timestamp>
			</report>
			<report>
				<misses>434500000</misses>
				<total>0</total>
				<timestamp>3363.268176</timestamp>
			</report>
			<report>
				<misses>434600000</misses>
				<total>0</total>
				<timestamp>3364.038434</timestamp>
			</report>
			<report>
				<misses>434700000</misses>
				<total>0</total>
				<timestamp>3364.812024</timestamp>
			</report>
			<report>
				<misses>434800000</misses>
				<total>0</total>
				<timestamp>3365.568556</timestamp>
			</report>
			<report>
				<misses>434900000</misses>
				<total>0</total>
				<timestamp>3366.325964</timestamp>
			</report>
			<report>
				<misses>435000000</misses>
				<total>0</total>
				<timestamp>3367.151696</timestamp>
			</report>
			<report>
				<misses>435100000</misses>
				<total>0</total>
				<timestamp>3367.947282</timestamp>
			</report>
			<report>
				<misses>435200000</misses>
				<total>0</total>
				<timestamp>3368.743456</timestamp>
			</report>
			<report>
				<misses>435300000</misses>
				<total>0</total>
				<timestamp>3369.550951</timestamp>
			</report>
			<report>
				<misses>435400000</misses>
				<total>0</total>
				<timestamp>3370.315851</timestamp>
			</report>
			<report>
				<misses>435500000</misses>
				<total>0</total>
				<timestamp>3371.074153</timestamp>
			</report>
			<report>
				<misses>435600000</misses>
				<total>0</total>
				<timestamp>3371.877704</timestamp>
			</report>
			<report>
				<misses>435700000</misses>
				<total>0</total>
				<timestamp>3372.659181</timestamp>
			</report>
			<report>
				<misses>435800000</misses>
				<total>0</total>
				<timestamp>3373.419900</timestamp>
			</report>
			<report>
				<misses>435900000</misses>
				<total>0</total>
				<timestamp>3374.215077</timestamp>
			</report>
			<report>
				<misses>436000000</misses>
				<total>0</total>
				<timestamp>3375.041489</timestamp>
			</report>
			<report>
				<misses>436100000</misses>
				<total>0</total>
				<timestamp>3375.828326</timestamp>
			</report>
			<report>
				<misses>436200000</misses>
				<total>0</total>
				<timestamp>3376.602171</timestamp>
			</report>
			<report>
				<misses>436300000</misses>
				<total>0</total>
				<timestamp>3377.376755</timestamp>
			</report>
			<report>
				<misses>436400000</misses>
				<total>0</total>
				<timestamp>3378.142712</timestamp>
			</report>
			<report>
				<misses>436500000</misses>
				<total>0</total>
				<timestamp>3378.913179</timestamp>
			</report>
			<report>
				<misses>436600000</misses>
				<total>0</total>
				<timestamp>3379.708821</timestamp>
			</report>
			<report>
				<misses>436700000</misses>
				<total>0</total>
				<timestamp>3380.468324</timestamp>
			</report>
			<report>
				<misses>436800000</misses>
				<total>0</total>
				<timestamp>3381.227318</timestamp>
			</report>
			<report>
				<misses>436900000</misses>
				<total>0</total>
				<timestamp>3381.966149</timestamp>
			</report>
			<report>
				<misses>437000000</misses>
				<total>0</total>
				<timestamp>3382.700519</timestamp>
			</report>
			<report>
				<misses>437100000</misses>
				<total>0</total>
				<timestamp>3383.466157</timestamp>
			</report>
			<report>
				<misses>437200000</misses>
				<total>0</total>
				<timestamp>3384.215659</timestamp>
			</report>
			<report>
				<misses>437300000</misses>
				<total>0</total>
				<timestamp>3384.939842</timestamp>
			</report>
			<report>
				<misses>437400000</misses>
				<total>0</total>
				<timestamp>3385.682724</timestamp>
			</report>
			<report>
				<misses>437500000</misses>
				<total>0</total>
				<timestamp>3386.457960</timestamp>
			</report>
			<report>
				<misses>437600000</misses>
				<total>0</total>
				<timestamp>3387.233446</timestamp>
			</report>
			<report>
				<misses>437700000</misses>
				<total>0</total>
				<timestamp>3388.039818</timestamp>
			</report>
			<report>
				<misses>437800000</misses>
				<total>0</total>
				<timestamp>3388.845745</timestamp>
			</report>
			<report>
				<misses>437900000</misses>
				<total>0</total>
				<timestamp>3389.626394</timestamp>
			</report>
			<report>
				<misses>438000000</misses>
				<total>0</total>
				<timestamp>3390.405617</timestamp>
			</report>
			<report>
				<misses>438100000</misses>
				<total>0</total>
				<timestamp>3391.196761</timestamp>
			</report>
			<report>
				<misses>438200000</misses>
				<total>0</total>
				<timestamp>3391.965042</timestamp>
			</report>
			<report>
				<misses>438300000</misses>
				<total>0</total>
				<timestamp>3392.761716</timestamp>
			</report>
			<report>
				<misses>438400000</misses>
				<total>0</total>
				<timestamp>3393.570223</timestamp>
			</report>
			<report>
				<misses>438500000</misses>
				<total>0</total>
				<timestamp>3394.320562</timestamp>
			</report>
			<report>
				<misses>438600000</misses>
				<total>0</total>
				<timestamp>3395.112309</timestamp>
			</report>
			<report>
				<misses>438700000</misses>
				<total>0</total>
				<timestamp>3395.911240</timestamp>
			</report>
			<report>
				<misses>438800000</misses>
				<total>0</total>
				<timestamp>3396.639152</timestamp>
			</report>
			<report>
				<misses>438900000</misses>
				<total>0</total>
				<timestamp>3397.383200</timestamp>
			</report>
			<report>
				<misses>439000000</misses>
				<total>0</total>
				<timestamp>3398.128188</timestamp>
			</report>
			<report>
				<misses>439100000</misses>
				<total>0</total>
				<timestamp>3398.893475</timestamp>
			</report>
			<report>
				<misses>439200000</misses>
				<total>0</total>
				<timestamp>3399.601017</timestamp>
			</report>
			<report>
				<misses>439300000</misses>
				<total>0</total>
				<timestamp>3400.387724</timestamp>
			</report>
			<report>
				<misses>439400000</misses>
				<total>0</total>
				<timestamp>3401.155202</timestamp>
			</report>
			<report>
				<misses>439500000</misses>
				<total>0</total>
				<timestamp>3401.904429</timestamp>
			</report>
			<report>
				<misses>439600000</misses>
				<total>0</total>
				<timestamp>3402.665040</timestamp>
			</report>
			<report>
				<misses>439700000</misses>
				<total>0</total>
				<timestamp>3403.415798</timestamp>
			</report>
			<report>
				<misses>439800000</misses>
				<total>0</total>
				<timestamp>3404.222398</timestamp>
			</report>
			<report>
				<misses>439900000</misses>
				<total>0</total>
				<timestamp>3405.035866</timestamp>
			</report>
			<report>
				<misses>440000000</misses>
				<total>0</total>
				<timestamp>3405.835457</timestamp>
			</report>
			<report>
				<misses>440100000</misses>
				<total>0</total>
				<timestamp>3406.590554</timestamp>
			</report>
			<report>
				<misses>440200000</misses>
				<total>0</total>
				<timestamp>3407.397418</timestamp>
			</report>
			<report>
				<misses>440300000</misses>
				<total>0</total>
				<timestamp>3408.197491</timestamp>
			</report>
			<report>
				<misses>440400000</misses>
				<total>0</total>
				<timestamp>3408.959961</timestamp>
			</report>
			<report>
				<misses>440500000</misses>
				<total>0</total>
				<timestamp>3409.743711</timestamp>
			</report>
			<report>
				<misses>440600000</misses>
				<total>0</total>
				<timestamp>3410.532067</timestamp>
			</report>
			<report>
				<misses>440700000</misses>
				<total>0</total>
				<timestamp>3411.320736</timestamp>
			</report>
			<report>
				<misses>440800000</misses>
				<total>0</total>
				<timestamp>3412.042433</timestamp>
			</report>
			<report>
				<misses>440900000</misses>
				<total>0</total>
				<timestamp>3412.832918</timestamp>
			</report>
			<report>
				<misses>441000000</misses>
				<total>0</total>
				<timestamp>3413.619528</timestamp>
			</report>
			<report>
				<misses>441100000</misses>
				<total>0</total>
				<timestamp>3414.370456</timestamp>
			</report>
			<report>
				<misses>441200000</misses>
				<total>0</total>
				<timestamp>3415.141428</timestamp>
			</report>
			<report>
				<misses>441300000</misses>
				<total>0</total>
				<timestamp>3415.911475</timestamp>
			</report>
			<report>
				<misses>441400000</misses>
				<total>0</total>
				<timestamp>3416.630014</timestamp>
			</report>
			<report>
				<misses>441500000</misses>
				<total>0</total>
				<timestamp>3417.371748</timestamp>
			</report>
			<report>
				<misses>441600000</misses>
				<total>0</total>
				<timestamp>3418.107231</timestamp>
			</report>
			<report>
				<misses>441700000</misses>
				<total>0</total>
				<timestamp>3418.894791</timestamp>
			</report>
			<report>
				<misses>441800000</misses>
				<total>0</total>
				<timestamp>3419.710532</timestamp>
			</report>
			<report>
				<misses>441900000</misses>
				<total>0</total>
				<timestamp>3420.496128</timestamp>
			</report>
			<report>
				<misses>442000000</misses>
				<total>0</total>
				<timestamp>3421.301176</timestamp>
			</report>
			<report>
				<misses>442100000</misses>
				<total>0</total>
				<timestamp>3422.080470</timestamp>
			</report>
			<report>
				<misses>442200000</misses>
				<total>0</total>
				<timestamp>3422.890240</timestamp>
			</report>
			<report>
				<misses>442300000</misses>
				<total>0</total>
				<timestamp>3423.658839</timestamp>
			</report>
			<report>
				<misses>442400000</misses>
				<total>0</total>
				<timestamp>3424.513047</timestamp>
			</report>
			<report>
				<misses>442500000</misses>
				<total>0</total>
				<timestamp>3425.267320</timestamp>
			</report>
			<report>
				<misses>442600000</misses>
				<total>0</total>
				<timestamp>3426.073517</timestamp>
			</report>
			<report>
				<misses>442700000</misses>
				<total>0</total>
				<timestamp>3426.846790</timestamp>
			</report>
			<report>
				<misses>442800000</misses>
				<total>0</total>
				<timestamp>3427.627264</timestamp>
			</report>
			<report>
				<misses>442900000</misses>
				<total>0</total>
				<timestamp>3428.470146</timestamp>
			</report>
			<report>
				<misses>443000000</misses>
				<total>0</total>
				<timestamp>3429.241006</timestamp>
			</report>
			<report>
				<misses>443100000</misses>
				<total>0</total>
				<timestamp>3430.032681</timestamp>
			</report>
			<report>
				<misses>443200000</misses>
				<total>0</total>
				<timestamp>3430.832719</timestamp>
			</report>
			<report>
				<misses>443300000</misses>
				<total>0</total>
				<timestamp>3431.577148</timestamp>
			</report>
			<report>
				<misses>443400000</misses>
				<total>0</total>
				<timestamp>3432.352274</timestamp>
			</report>
			<report>
				<misses>443500000</misses>
				<total>0</total>
				<timestamp>3433.075319</timestamp>
			</report>
			<report>
				<misses>443600000</misses>
				<total>0</total>
				<timestamp>3433.845108</timestamp>
			</report>
			<report>
				<misses>443700000</misses>
				<total>0</total>
				<timestamp>3434.577581</timestamp>
			</report>
			<report>
				<misses>443800000</misses>
				<total>0</total>
				<timestamp>3435.314709</timestamp>
			</report>
			<report>
				<misses>443900000</misses>
				<total>0</total>
				<timestamp>3436.081247</timestamp>
			</report>
			<report>
				<misses>444000000</misses>
				<total>0</total>
				<timestamp>3436.817733</timestamp>
			</report>
			<report>
				<misses>444100000</misses>
				<total>0</total>
				<timestamp>3437.569505</timestamp>
			</report>
			<report>
				<misses>444200000</misses>
				<total>0</total>
				<timestamp>3438.339660</timestamp>
			</report>
			<report>
				<misses>444300000</misses>
				<total>0</total>
				<timestamp>3439.088283</timestamp>
			</report>
			<report>
				<misses>444400000</misses>
				<total>0</total>
				<timestamp>3439.858308</timestamp>
			</report>
			<report>
				<misses>444500000</misses>
				<total>0</total>
				<timestamp>3440.623098</timestamp>
			</report>
			<report>
				<misses>444600000</misses>
				<total>0</total>
				<timestamp>3441.392895</timestamp>
			</report>
			<report>
				<misses>444700000</misses>
				<total>0</total>
				<timestamp>3442.152886</timestamp>
			</report>
			<report>
				<misses>444800000</misses>
				<total>0</total>
				<timestamp>3442.948710</timestamp>
			</report>
			<report>
				<misses>444900000</misses>
				<total>0</total>
				<timestamp>3443.707828</timestamp>
			</report>
			<report>
				<misses>445000000</misses>
				<total>0</total>
				<timestamp>3444.437306</timestamp>
			</report>
			<report>
				<misses>445100000</misses>
				<total>0</total>
				<timestamp>3445.235843</timestamp>
			</report>
			<report>
				<misses>445200000</misses>
				<total>0</total>
				<timestamp>3446.004707</timestamp>
			</report>
			<report>
				<misses>445300000</misses>
				<total>0</total>
				<timestamp>3446.781380</timestamp>
			</report>
			<report>
				<misses>445400000</misses>
				<total>0</total>
				<timestamp>3447.541684</timestamp>
			</report>
			<report>
				<misses>445500000</misses>
				<total>0</total>
				<timestamp>3448.266459</timestamp>
			</report>
			<report>
				<misses>445600000</misses>
				<total>0</total>
				<timestamp>3449.052094</timestamp>
			</report>
			<report>
				<misses>445700000</misses>
				<total>0</total>
				<timestamp>3449.781896</timestamp>
			</report>
			<report>
				<misses>445800000</misses>
				<total>0</total>
				<timestamp>3450.549218</timestamp>
			</report>
			<report>
				<misses>445900000</misses>
				<total>0</total>
				<timestamp>3451.300035</timestamp>
			</report>
			<report>
				<misses>446000000</misses>
				<total>0</total>
				<timestamp>3452.040073</timestamp>
			</report>
			<report>
				<misses>446100000</misses>
				<total>0</total>
				<timestamp>3452.805579</timestamp>
			</report>
			<report>
				<misses>446200000</misses>
				<total>0</total>
				<timestamp>3453.553042</timestamp>
			</report>
			<report>
				<misses>446300000</misses>
				<total>0</total>
				<timestamp>3454.327503</timestamp>
			</report>
			<report>
				<misses>446400000</misses>
				<total>0</total>
				<timestamp>3455.094104</timestamp>
			</report>
			<report>
				<misses>446500000</misses>
				<total>0</total>
				<timestamp>3455.870569</timestamp>
			</report>
			<report>
				<misses>446600000</misses>
				<total>0</total>
				<timestamp>3456.645802</timestamp>
			</report>
			<report>
				<misses>446700000</misses>
				<total>0</total>
				<timestamp>3457.437481</timestamp>
			</report>
			<report>
				<misses>446800000</misses>
				<total>0</total>
				<timestamp>3458.233530</timestamp>
			</report>
			<report>
				<misses>446900000</misses>
				<total>0</total>
				<timestamp>3458.991588</timestamp>
			</report>
			<report>
				<misses>447000000</misses>
				<total>0</total>
				<timestamp>3459.792955</timestamp>
			</report>
			<report>
				<misses>447100000</misses>
				<total>0</total>
				<timestamp>3460.550530</timestamp>
			</report>
			<report>
				<misses>447200000</misses>
				<total>0</total>
				<timestamp>3461.344528</timestamp>
			</report>
			<report>
				<misses>447300000</misses>
				<total>0</total>
				<timestamp>3462.136706</timestamp>
			</report>
			<report>
				<misses>447400000</misses>
				<total>0</total>
				<timestamp>3462.891233</timestamp>
			</report>
			<report>
				<misses>447500000</misses>
				<total>0</total>
				<timestamp>3463.656369</timestamp>
			</report>
			<report>
				<misses>447600000</misses>
				<total>0</total>
				<timestamp>3464.414072</timestamp>
			</report>
			<report>
				<misses>447700000</misses>
				<total>0</total>
				<timestamp>3465.158255</timestamp>
			</report>
			<report>
				<misses>447800000</misses>
				<total>0</total>
				<timestamp>3465.904959</timestamp>
			</report>
			<report>
				<misses>447900000</misses>
				<total>0</total>
				<timestamp>3466.634663</timestamp>
			</report>
			<report>
				<misses>448000000</misses>
				<total>0</total>
				<timestamp>3467.370878</timestamp>
			</report>
			<report>
				<misses>448100000</misses>
				<total>0</total>
				<timestamp>3468.070735</timestamp>
			</report>
			<report>
				<misses>448200000</misses>
				<total>0</total>
				<timestamp>3468.836184</timestamp>
			</report>
			<report>
				<misses>448300000</misses>
				<total>0</total>
				<timestamp>3469.588958</timestamp>
			</report>
			<report>
				<misses>448400000</misses>
				<total>0</total>
				<timestamp>3470.360822</timestamp>
			</report>
			<report>
				<misses>448500000</misses>
				<total>0</total>
				<timestamp>3471.120191</timestamp>
			</report>
			<report>
				<misses>448600000</misses>
				<total>0</total>
				<timestamp>3471.865548</timestamp>
			</report>
			<report>
				<misses>448700000</misses>
				<total>0</total>
				<timestamp>3472.634128</timestamp>
			</report>
			<report>
				<misses>448800000</misses>
				<total>0</total>
				<timestamp>3473.430301</timestamp>
			</report>
			<report>
				<misses>448900000</misses>
				<total>0</total>
				<timestamp>3474.191599</timestamp>
			</report>
			<report>
				<misses>449000000</misses>
				<total>0</total>
				<timestamp>3474.949744</timestamp>
			</report>
			<report>
				<misses>449100000</misses>
				<total>0</total>
				<timestamp>3475.727880</timestamp>
			</report>
			<report>
				<misses>449200000</misses>
				<total>0</total>
				<timestamp>3476.525290</timestamp>
			</report>
			<report>
				<misses>449300000</misses>
				<total>0</total>
				<timestamp>3477.296622</timestamp>
			</report>
			<report>
				<misses>449400000</misses>
				<total>0</total>
				<timestamp>3478.082576</timestamp>
			</report>
			<report>
				<misses>449500000</misses>
				<total>0</total>
				<timestamp>3478.834665</timestamp>
			</report>
			<report>
				<misses>449600000</misses>
				<total>0</total>
				<timestamp>3479.583883</timestamp>
			</report>
			<report>
				<misses>449700000</misses>
				<total>0</total>
				<timestamp>3480.330263</timestamp>
			</report>
			<report>
				<misses>449800000</misses>
				<total>0</total>
				<timestamp>3481.074941</timestamp>
			</report>
			<report>
				<misses>449900000</misses>
				<total>0</total>
				<timestamp>3481.793453</timestamp>
			</report>
			<report>
				<misses>450000000</misses>
				<total>0</total>
				<timestamp>3482.521834</timestamp>
			</report>
			<report>
				<misses>450100000</misses>
				<total>0</total>
				<timestamp>3483.298714</timestamp>
			</report>
			<report>
				<misses>450200000</misses>
				<total>0</total>
				<timestamp>3483.998066</timestamp>
			</report>
			<report>
				<misses>450300000</misses>
				<total>0</total>
				<timestamp>3484.712186</timestamp>
			</report>
			<report>
				<misses>450400000</misses>
				<total>0</total>
				<timestamp>3485.483883</timestamp>
			</report>
			<report>
				<misses>450500000</misses>
				<total>0</total>
				<timestamp>3486.264362</timestamp>
			</report>
			<report>
				<misses>450600000</misses>
				<total>0</total>
				<timestamp>3487.074618</timestamp>
			</report>
			<report>
				<misses>450700000</misses>
				<total>0</total>
				<timestamp>3487.867401</timestamp>
			</report>
			<report>
				<misses>450800000</misses>
				<total>0</total>
				<timestamp>3488.622635</timestamp>
			</report>
			<report>
				<misses>450900000</misses>
				<total>0</total>
				<timestamp>3489.417082</timestamp>
			</report>
			<report>
				<misses>451000000</misses>
				<total>0</total>
				<timestamp>3490.208492</timestamp>
			</report>
			<report>
				<misses>451100000</misses>
				<total>0</total>
				<timestamp>3490.961882</timestamp>
			</report>
			<report>
				<misses>451200000</misses>
				<total>0</total>
				<timestamp>3491.750295</timestamp>
			</report>
			<report>
				<misses>451300000</misses>
				<total>0</total>
				<timestamp>3492.559094</timestamp>
			</report>
			<report>
				<misses>451400000</misses>
				<total>0</total>
				<timestamp>3493.311493</timestamp>
			</report>
			<report>
				<misses>451500000</misses>
				<total>0</total>
				<timestamp>3494.055466</timestamp>
			</report>
			<report>
				<misses>451600000</misses>
				<total>0</total>
				<timestamp>3494.869167</timestamp>
			</report>
			<report>
				<misses>451700000</misses>
				<total>0</total>
				<timestamp>3495.614456</timestamp>
			</report>
			<report>
				<misses>451800000</misses>
				<total>0</total>
				<timestamp>3496.352806</timestamp>
			</report>
			<report>
				<misses>451900000</misses>
				<total>0</total>
				<timestamp>3497.092876</timestamp>
			</report>
			<report>
				<misses>452000000</misses>
				<total>0</total>
				<timestamp>3497.846475</timestamp>
			</report>
			<report>
				<misses>452100000</misses>
				<total>0</total>
				<timestamp>3498.602962</timestamp>
			</report>
			<report>
				<misses>452200000</misses>
				<total>0</total>
				<timestamp>3499.346507</timestamp>
			</report>
			<report>
				<misses>452300000</misses>
				<total>0</total>
				<timestamp>3500.083105</timestamp>
			</report>
			<report>
				<misses>452400000</misses>
				<total>0</total>
				<timestamp>3500.823249</timestamp>
			</report>
			<report>
				<misses>452500000</misses>
				<total>0</total>
				<timestamp>3501.564778</timestamp>
			</report>
			<report>
				<misses>452600000</misses>
				<total>0</total>
				<timestamp>3502.316256</timestamp>
			</report>
			<report>
				<misses>452700000</misses>
				<total>0</total>
				<timestamp>3503.084242</timestamp>
			</report>
			<report>
				<misses>452800000</misses>
				<total>0</total>
				<timestamp>3503.855381</timestamp>
			</report>
			<report>
				<misses>452900000</misses>
				<total>0</total>
				<timestamp>3504.643514</timestamp>
			</report>
			<report>
				<misses>453000000</misses>
				<total>0</total>
				<timestamp>3505.434561</timestamp>
			</report>
			<report>
				<misses>453100000</misses>
				<total>0</total>
				<timestamp>3506.225382</timestamp>
			</report>
			<report>
				<misses>453200000</misses>
				<total>0</total>
				<timestamp>3507.001243</timestamp>
			</report>
			<report>
				<misses>453300000</misses>
				<total>0</total>
				<timestamp>3507.738107</timestamp>
			</report>
			<report>
				<misses>453400000</misses>
				<total>0</total>
				<timestamp>3508.552923</timestamp>
			</report>
			<report>
				<misses>453500000</misses>
				<total>0</total>
				<timestamp>3509.384832</timestamp>
			</report>
			<report>
				<misses>453600000</misses>
				<total>0</total>
				<timestamp>3510.175787</timestamp>
			</report>
			<report>
				<misses>453700000</misses>
				<total>0</total>
				<timestamp>3510.948468</timestamp>
			</report>
			<report>
				<misses>453800000</misses>
				<total>0</total>
				<timestamp>3511.701242</timestamp>
			</report>
			<report>
				<misses>453900000</misses>
				<total>0</total>
				<timestamp>3512.472014</timestamp>
			</report>
			<report>
				<misses>454000000</misses>
				<total>0</total>
				<timestamp>3513.207397</timestamp>
			</report>
			<report>
				<misses>454100000</misses>
				<total>0</total>
				<timestamp>3513.964354</timestamp>
			</report>
			<report>
				<misses>454200000</misses>
				<total>0</total>
				<timestamp>3514.673001</timestamp>
			</report>
			<report>
				<misses>454300000</misses>
				<total>0</total>
				<timestamp>3515.429555</timestamp>
			</report>
			<report>
				<misses>454400000</misses>
				<total>0</total>
				<timestamp>3516.235348</timestamp>
			</report>
			<report>
				<misses>454500000</misses>
				<total>0</total>
				<timestamp>3516.958543</timestamp>
			</report>
			<report>
				<misses>454600000</misses>
				<total>0</total>
				<timestamp>3517.726917</timestamp>
			</report>
			<report>
				<misses>454700000</misses>
				<total>0</total>
				<timestamp>3518.439062</timestamp>
			</report>
			<report>
				<misses>454800000</misses>
				<total>0</total>
				<timestamp>3519.189328</timestamp>
			</report>
			<report>
				<misses>454900000</misses>
				<total>0</total>
				<timestamp>3519.985464</timestamp>
			</report>
			<report>
				<misses>455000000</misses>
				<total>0</total>
				<timestamp>3520.836869</timestamp>
			</report>
			<report>
				<misses>455100000</misses>
				<total>0</total>
				<timestamp>3521.646597</timestamp>
			</report>
			<report>
				<misses>455200000</misses>
				<total>0</total>
				<timestamp>3522.399533</timestamp>
			</report>
			<report>
				<misses>455300000</misses>
				<total>0</total>
				<timestamp>3523.194019</timestamp>
			</report>
			<report>
				<misses>455400000</misses>
				<total>0</total>
				<timestamp>3523.947689</timestamp>
			</report>
			<report>
				<misses>455500000</misses>
				<total>0</total>
				<timestamp>3524.728089</timestamp>
			</report>
			<report>
				<misses>455600000</misses>
				<total>0</total>
				<timestamp>3525.516921</timestamp>
			</report>
			<report>
				<misses>455700000</misses>
				<total>0</total>
				<timestamp>3526.326160</timestamp>
			</report>
			<report>
				<misses>455800000</misses>
				<total>0</total>
				<timestamp>3527.114763</timestamp>
			</report>
			<report>
				<misses>455900000</misses>
				<total>0</total>
				<timestamp>3527.898424</timestamp>
			</report>
			<report>
				<misses>456000000</misses>
				<total>0</total>
				<timestamp>3528.700881</timestamp>
			</report>
			<report>
				<misses>456100000</misses>
				<total>0</total>
				<timestamp>3529.491274</timestamp>
			</report>
			<report>
				<misses>456200000</misses>
				<total>0</total>
				<timestamp>3530.294135</timestamp>
			</report>
			<report>
				<misses>456300000</misses>
				<total>0</total>
				<timestamp>3531.078382</timestamp>
			</report>
			<report>
				<misses>456400000</misses>
				<total>0</total>
				<timestamp>3531.878298</timestamp>
			</report>
			<report>
				<misses>456500000</misses>
				<total>0</total>
				<timestamp>3532.647599</timestamp>
			</report>
			<report>
				<misses>456600000</misses>
				<total>0</total>
				<timestamp>3533.381215</timestamp>
			</report>
			<report>
				<misses>456700000</misses>
				<total>0</total>
				<timestamp>3534.150967</timestamp>
			</report>
			<report>
				<misses>456800000</misses>
				<total>0</total>
				<timestamp>3534.932301</timestamp>
			</report>
			<report>
				<misses>456900000</misses>
				<total>0</total>
				<timestamp>3535.666311</timestamp>
			</report>
			<report>
				<misses>457000000</misses>
				<total>0</total>
				<timestamp>3536.419394</timestamp>
			</report>
			<report>
				<misses>457100000</misses>
				<total>0</total>
				<timestamp>3537.185341</timestamp>
			</report>
			<report>
				<misses>457200000</misses>
				<total>0</total>
				<timestamp>3537.997304</timestamp>
			</report>
			<report>
				<misses>457300000</misses>
				<total>0</total>
				<timestamp>3538.732112</timestamp>
			</report>
			<report>
				<misses>457400000</misses>
				<total>0</total>
				<timestamp>3539.477678</timestamp>
			</report>
			<report>
				<misses>457500000</misses>
				<total>0</total>
				<timestamp>3540.281649</timestamp>
			</report>
			<report>
				<misses>457600000</misses>
				<total>0</total>
				<timestamp>3541.040176</timestamp>
			</report>
			<report>
				<misses>457700000</misses>
				<total>0</total>
				<timestamp>3541.823199</timestamp>
			</report>
			<report>
				<misses>457800000</misses>
				<total>0</total>
				<timestamp>3542.605349</timestamp>
			</report>
			<report>
				<misses>457900000</misses>
				<total>0</total>
				<timestamp>3543.333450</timestamp>
			</report>
			<report>
				<misses>458000000</misses>
				<total>0</total>
				<timestamp>3544.105778</timestamp>
			</report>
			<report>
				<misses>458100000</misses>
				<total>0</total>
				<timestamp>3544.924057</timestamp>
			</report>
			<report>
				<misses>458200000</misses>
				<total>0</total>
				<timestamp>3545.695384</timestamp>
			</report>
			<report>
				<misses>458300000</misses>
				<total>0</total>
				<timestamp>3546.471884</timestamp>
			</report>
			<report>
				<misses>458400000</misses>
				<total>0</total>
				<timestamp>3547.234218</timestamp>
			</report>
			<report>
				<misses>458500000</misses>
				<total>0</total>
				<timestamp>3547.986352</timestamp>
			</report>
			<report>
				<misses>458600000</misses>
				<total>0</total>
				<timestamp>3548.780316</timestamp>
			</report>
			<report>
				<misses>458700000</misses>
				<total>0</total>
				<timestamp>3549.578357</timestamp>
			</report>
			<report>
				<misses>458800000</misses>
				<total>0</total>
				<timestamp>3550.355222</timestamp>
			</report>
			<report>
				<misses>458900000</misses>
				<total>0</total>
				<timestamp>3551.084501</timestamp>
			</report>
			<report>
				<misses>459000000</misses>
				<total>0</total>
				<timestamp>3551.880972</timestamp>
			</report>
			<report>
				<misses>459100000</misses>
				<total>0</total>
				<timestamp>3552.686343</timestamp>
			</report>
			<report>
				<misses>459200000</misses>
				<total>0</total>
				<timestamp>3553.462163</timestamp>
			</report>
			<report>
				<misses>459300000</misses>
				<total>0</total>
				<timestamp>3554.236111</timestamp>
			</report>
			<report>
				<misses>459400000</misses>
				<total>0</total>
				<timestamp>3555.019480</timestamp>
			</report>
			<report>
				<misses>459500000</misses>
				<total>0</total>
				<timestamp>3555.824252</timestamp>
			</report>
			<report>
				<misses>459600000</misses>
				<total>0</total>
				<timestamp>3556.613722</timestamp>
			</report>
			<report>
				<misses>459700000</misses>
				<total>0</total>
				<timestamp>3557.347214</timestamp>
			</report>
			<report>
				<misses>459800000</misses>
				<total>0</total>
				<timestamp>3558.070236</timestamp>
			</report>
			<report>
				<misses>459900000</misses>
				<total>0</total>
				<timestamp>3558.833079</timestamp>
			</report>
			<report>
				<misses>460000000</misses>
				<total>0</total>
				<timestamp>3559.609687</timestamp>
			</report>
			<report>
				<misses>460100000</misses>
				<total>0</total>
				<timestamp>3560.325767</timestamp>
			</report>
			<report>
				<misses>460200000</misses>
				<total>0</total>
				<timestamp>3561.077593</timestamp>
			</report>
			<report>
				<misses>460300000</misses>
				<total>0</total>
				<timestamp>3561.821239</timestamp>
			</report>
			<report>
				<misses>460400000</misses>
				<total>0</total>
				<timestamp>3562.541502</timestamp>
			</report>
			<report>
				<misses>460500000</misses>
				<total>0</total>
				<timestamp>3563.309392</timestamp>
			</report>
			<report>
				<misses>460600000</misses>
				<total>0</total>
				<timestamp>3564.075247</timestamp>
			</report>
			<report>
				<misses>460700000</misses>
				<total>0</total>
				<timestamp>3564.853919</timestamp>
			</report>
			<report>
				<misses>460800000</misses>
				<total>0</total>
				<timestamp>3565.618404</timestamp>
			</report>
			<report>
				<misses>460900000</misses>
				<total>0</total>
				<timestamp>3566.357940</timestamp>
			</report>
			<report>
				<misses>461000000</misses>
				<total>0</total>
				<timestamp>3567.159034</timestamp>
			</report>
			<report>
				<misses>461100000</misses>
				<total>0</total>
				<timestamp>3567.925391</timestamp>
			</report>
			<report>
				<misses>461200000</misses>
				<total>0</total>
				<timestamp>3568.691742</timestamp>
			</report>
			<report>
				<misses>461300000</misses>
				<total>0</total>
				<timestamp>3569.479664</timestamp>
			</report>
			<report>
				<misses>461400000</misses>
				<total>0</total>
				<timestamp>3570.272148</timestamp>
			</report>
			<report>
				<misses>461500000</misses>
				<total>0</total>
				<timestamp>3571.071769</timestamp>
			</report>
			<report>
				<misses>461600000</misses>
				<total>0</total>
				<timestamp>3571.876059</timestamp>
			</report>
			<report>
				<misses>461700000</misses>
				<total>0</total>
				<timestamp>3572.661570</timestamp>
			</report>
			<report>
				<misses>461800000</misses>
				<total>0</total>
				<timestamp>3573.390894</timestamp>
			</report>
			<report>
				<misses>461900000</misses>
				<total>0</total>
				<timestamp>3574.188630</timestamp>
			</report>
			<report>
				<misses>462000000</misses>
				<total>0</total>
				<timestamp>3574.927173</timestamp>
			</report>
			<report>
				<misses>462100000</misses>
				<total>0</total>
				<timestamp>3575.680220</timestamp>
			</report>
			<report>
				<misses>462200000</misses>
				<total>0</total>
				<timestamp>3576.438754</timestamp>
			</report>
			<report>
				<misses>462300000</misses>
				<total>0</total>
				<timestamp>3577.167873</timestamp>
			</report>
			<report>
				<misses>462400000</misses>
				<total>0</total>
				<timestamp>3577.904890</timestamp>
			</report>
			<report>
				<misses>462500000</misses>
				<total>0</total>
				<timestamp>3578.677601</timestamp>
			</report>
			<report>
				<misses>462600000</misses>
				<total>0</total>
				<timestamp>3579.431318</timestamp>
			</report>
			<report>
				<misses>462700000</misses>
				<total>0</total>
				<timestamp>3580.182122</timestamp>
			</report>
			<report>
				<misses>462800000</misses>
				<total>0</total>
				<timestamp>3580.924352</timestamp>
			</report>
			<report>
				<misses>462900000</misses>
				<total>0</total>
				<timestamp>3581.691991</timestamp>
			</report>
			<report>
				<misses>463000000</misses>
				<total>0</total>
				<timestamp>3582.460839</timestamp>
			</report>
			<report>
				<misses>463100000</misses>
				<total>0</total>
				<timestamp>3583.237121</timestamp>
			</report>
			<report>
				<misses>463200000</misses>
				<total>0</total>
				<timestamp>3584.001646</timestamp>
			</report>
			<report>
				<misses>463300000</misses>
				<total>0</total>
				<timestamp>3584.784848</timestamp>
			</report>
			<report>
				<misses>463400000</misses>
				<total>0</total>
				<timestamp>3585.567828</timestamp>
			</report>
			<report>
				<misses>463500000</misses>
				<total>0</total>
				<timestamp>3586.330696</timestamp>
			</report>
			<report>
				<misses>463600000</misses>
				<total>0</total>
				<timestamp>3587.109194</timestamp>
			</report>
			<report>
				<misses>463700000</misses>
				<total>0</total>
				<timestamp>3587.915948</timestamp>
			</report>
			<report>
				<misses>463800000</misses>
				<total>0</total>
				<timestamp>3588.717468</timestamp>
			</report>
			<report>
				<misses>463900000</misses>
				<total>0</total>
				<timestamp>3589.490308</timestamp>
			</report>
			<report>
				<misses>464000000</misses>
				<total>0</total>
				<timestamp>3590.254233</timestamp>
			</report>
			<report>
				<misses>464100000</misses>
				<total>0</total>
				<timestamp>3591.069131</timestamp>
			</report>
			<report>
				<misses>464200000</misses>
				<total>0</total>
				<timestamp>3591.846337</timestamp>
			</report>
			<report>
				<misses>464300000</misses>
				<total>0</total>
				<timestamp>3592.627484</timestamp>
			</report>
			<report>
				<misses>464400000</misses>
				<total>0</total>
				<timestamp>3593.418345</timestamp>
			</report>
			<report>
				<misses>464500000</misses>
				<total>0</total>
				<timestamp>3594.187111</timestamp>
			</report>
			<report>
				<misses>464600000</misses>
				<total>0</total>
				<timestamp>3594.928603</timestamp>
			</report>
			<report>
				<misses>464700000</misses>
				<total>0</total>
				<timestamp>3595.677445</timestamp>
			</report>
			<report>
				<misses>464800000</misses>
				<total>0</total>
				<timestamp>3596.390025</timestamp>
			</report>
			<report>
				<misses>464900000</misses>
				<total>0</total>
				<timestamp>3597.133164</timestamp>
			</report>
			<report>
				<misses>465000000</misses>
				<total>0</total>
				<timestamp>3597.861949</timestamp>
			</report>
			<report>
				<misses>465100000</misses>
				<total>0</total>
				<timestamp>3598.605023</timestamp>
			</report>
			<report>
				<misses>465200000</misses>
				<total>0</total>
				<timestamp>3599.335358</timestamp>
			</report>
			<report>
				<misses>465300000</misses>
				<total>0</total>
				<timestamp>3600.086647</timestamp>
			</report>
			<report>
				<misses>465400000</misses>
				<total>0</total>
				<timestamp>3600.838746</timestamp>
			</report>
			<report>
				<misses>465500000</misses>
				<total>0</total>
				<timestamp>3601.607377</timestamp>
			</report>
			<report>
				<misses>465600000</misses>
				<total>0</total>
				<timestamp>3602.378640</timestamp>
			</report>
			<report>
				<misses>465700000</misses>
				<total>0</total>
				<timestamp>3603.189256</timestamp>
			</report>
			<report>
				<misses>465800000</misses>
				<total>0</total>
				<timestamp>3603.990093</timestamp>
			</report>
			<report>
				<misses>465900000</misses>
				<total>0</total>
				<timestamp>3604.828525</timestamp>
			</report>
			<report>
				<misses>466000000</misses>
				<total>0</total>
				<timestamp>3605.603980</timestamp>
			</report>
			<report>
				<misses>466100000</misses>
				<total>0</total>
				<timestamp>3606.363802</timestamp>
			</report>
			<report>
				<misses>466200000</misses>
				<total>0</total>
				<timestamp>3607.155129</timestamp>
			</report>
			<report>
				<misses>466300000</misses>
				<total>0</total>
				<timestamp>3607.890804</timestamp>
			</report>
			<report>
				<misses>466400000</misses>
				<total>0</total>
				<timestamp>3608.669530</timestamp>
			</report>
			<report>
				<misses>466500000</misses>
				<total>0</total>
				<timestamp>3609.458443</timestamp>
			</report>
			<report>
				<misses>466600000</misses>
				<total>0</total>
				<timestamp>3610.219161</timestamp>
			</report>
			<report>
				<misses>466700000</misses>
				<total>0</total>
				<timestamp>3610.994937</timestamp>
			</report>
			<report>
				<misses>466800000</misses>
				<total>0</total>
				<timestamp>3611.754860</timestamp>
			</report>
			<report>
				<misses>466900000</misses>
				<total>0</total>
				<timestamp>3612.479630</timestamp>
			</report>
			<report>
				<misses>467000000</misses>
				<total>0</total>
				<timestamp>3613.210220</timestamp>
			</report>
			<report>
				<misses>467100000</misses>
				<total>0</total>
				<timestamp>3613.967696</timestamp>
			</report>
			<report>
				<misses>467200000</misses>
				<total>0</total>
				<timestamp>3614.723954</timestamp>
			</report>
			<report>
				<misses>467300000</misses>
				<total>0</total>
				<timestamp>3615.446220</timestamp>
			</report>
			<report>
				<misses>467400000</misses>
				<total>0</total>
				<timestamp>3616.183437</timestamp>
			</report>
			<report>
				<misses>467500000</misses>
				<total>0</total>
				<timestamp>3616.963213</timestamp>
			</report>
			<report>
				<misses>467600000</misses>
				<total>0</total>
				<timestamp>3617.732106</timestamp>
			</report>
			<report>
				<misses>467700000</misses>
				<total>0</total>
				<timestamp>3618.497033</timestamp>
			</report>
			<report>
				<misses>467800000</misses>
				<total>0</total>
				<timestamp>3619.283228</timestamp>
			</report>
			<report>
				<misses>467900000</misses>
				<total>0</total>
				<timestamp>3620.048044</timestamp>
			</report>
			<report>
				<misses>468000000</misses>
				<total>0</total>
				<timestamp>3620.846481</timestamp>
			</report>
			<report>
				<misses>468100000</misses>
				<total>0</total>
				<timestamp>3621.604990</timestamp>
			</report>
			<report>
				<misses>468200000</misses>
				<total>0</total>
				<timestamp>3622.405353</timestamp>
			</report>
			<report>
				<misses>468300000</misses>
				<total>0</total>
				<timestamp>3623.186492</timestamp>
			</report>
			<report>
				<misses>468400000</misses>
				<total>0</total>
				<timestamp>3623.953652</timestamp>
			</report>
			<report>
				<misses>468500000</misses>
				<total>0</total>
				<timestamp>3624.703158</timestamp>
			</report>
			<report>
				<misses>468600000</misses>
				<total>0</total>
				<timestamp>3625.474040</timestamp>
			</report>
			<report>
				<misses>468700000</misses>
				<total>0</total>
				<timestamp>3626.287535</timestamp>
			</report>
			<report>
				<misses>468800000</misses>
				<total>0</total>
				<timestamp>3627.060427</timestamp>
			</report>
			<report>
				<misses>468900000</misses>
				<total>0</total>
				<timestamp>3627.783387</timestamp>
			</report>
			<report>
				<misses>469000000</misses>
				<total>0</total>
				<timestamp>3628.518553</timestamp>
			</report>
			<report>
				<misses>469100000</misses>
				<total>0</total>
				<timestamp>3629.273281</timestamp>
			</report>
			<report>
				<misses>469200000</misses>
				<total>0</total>
				<timestamp>3629.999613</timestamp>
			</report>
			<report>
				<misses>469300000</misses>
				<total>0</total>
				<timestamp>3630.776730</timestamp>
			</report>
			<report>
				<misses>469400000</misses>
				<total>0</total>
				<timestamp>3631.535595</timestamp>
			</report>
			<report>
				<misses>469500000</misses>
				<total>0</total>
				<timestamp>3632.300338</timestamp>
			</report>
			<report>
				<misses>469600000</misses>
				<total>0</total>
				<timestamp>3633.106341</timestamp>
			</report>
			<report>
				<misses>469700000</misses>
				<total>0</total>
				<timestamp>3633.898253</timestamp>
			</report>
			<report>
				<misses>469800000</misses>
				<total>0</total>
				<timestamp>3634.688115</timestamp>
			</report>
			<report>
				<misses>469900000</misses>
				<total>0</total>
				<timestamp>3635.471466</timestamp>
			</report>
			<report>
				<misses>470000000</misses>
				<total>0</total>
				<timestamp>3636.235872</timestamp>
			</report>
			<report>
				<misses>470100000</misses>
				<total>0</total>
				<timestamp>3636.966689</timestamp>
			</report>
			<report>
				<misses>470200000</misses>
				<total>0</total>
				<timestamp>3637.804564</timestamp>
			</report>
			<report>
				<misses>470300000</misses>
				<total>0</total>
				<timestamp>3638.552950</timestamp>
			</report>
			<report>
				<misses>470400000</misses>
				<total>0</total>
				<timestamp>3639.311692</timestamp>
			</report>
			<report>
				<misses>470500000</misses>
				<total>0</total>
				<timestamp>3640.093144</timestamp>
			</report>
			<report>
				<misses>470600000</misses>
				<total>0</total>
				<timestamp>3640.863845</timestamp>
			</report>
			<report>
				<misses>470700000</misses>
				<total>0</total>
				<timestamp>3641.588730</timestamp>
			</report>
			<report>
				<misses>470800000</misses>
				<total>0</total>
				<timestamp>3642.337762</timestamp>
			</report>
			<report>
				<misses>470900000</misses>
				<total>0</total>
				<timestamp>3643.128429</timestamp>
			</report>
			<report>
				<misses>471000000</misses>
				<total>0</total>
				<timestamp>3643.892057</timestamp>
			</report>
			<report>
				<misses>471100000</misses>
				<total>0</total>
				<timestamp>3644.654266</timestamp>
			</report>
			<report>
				<misses>471200000</misses>
				<total>0</total>
				<timestamp>3645.395743</timestamp>
			</report>
			<report>
				<misses>471300000</misses>
				<total>0</total>
				<timestamp>3646.140417</timestamp>
			</report>
			<report>
				<misses>471400000</misses>
				<total>0</total>
				<timestamp>3646.898461</timestamp>
			</report>
			<report>
				<misses>471500000</misses>
				<total>0</total>
				<timestamp>3647.650210</timestamp>
			</report>
			<report>
				<misses>471600000</misses>
				<total>0</total>
				<timestamp>3648.386551</timestamp>
			</report>
			<report>
				<misses>471700000</misses>
				<total>0</total>
				<timestamp>3649.188198</timestamp>
			</report>
			<report>
				<misses>471800000</misses>
				<total>0</total>
				<timestamp>3649.997814</timestamp>
			</report>
			<report>
				<misses>471900000</misses>
				<total>0</total>
				<timestamp>3650.756444</timestamp>
			</report>
			<report>
				<misses>472000000</misses>
				<total>0</total>
				<timestamp>3651.545311</timestamp>
			</report>
			<report>
				<misses>472100000</misses>
				<total>0</total>
				<timestamp>3652.299341</timestamp>
			</report>
			<report>
				<misses>472200000</misses>
				<total>0</total>
				<timestamp>3653.063830</timestamp>
			</report>
			<report>
				<misses>472300000</misses>
				<total>0</total>
				<timestamp>3653.837530</timestamp>
			</report>
			<report>
				<misses>472400000</misses>
				<total>0</total>
				<timestamp>3654.593518</timestamp>
			</report>
			<report>
				<misses>472500000</misses>
				<total>0</total>
				<timestamp>3655.376544</timestamp>
			</report>
			<report>
				<misses>472600000</misses>
				<total>0</total>
				<timestamp>3656.154121</timestamp>
			</report>
			<report>
				<misses>472700000</misses>
				<total>0</total>
				<timestamp>3656.940211</timestamp>
			</report>
			<report>
				<misses>472800000</misses>
				<total>0</total>
				<timestamp>3657.692042</timestamp>
			</report>
			<report>
				<misses>472900000</misses>
				<total>0</total>
				<timestamp>3658.495096</timestamp>
			</report>
			<report>
				<misses>473000000</misses>
				<total>0</total>
				<timestamp>3659.240614</timestamp>
			</report>
			<report>
				<misses>473100000</misses>
				<total>0</total>
				<timestamp>3659.979529</timestamp>
			</report>
			<report>
				<misses>473200000</misses>
				<total>0</total>
				<timestamp>3660.706389</timestamp>
			</report>
			<report>
				<misses>473300000</misses>
				<total>0</total>
				<timestamp>3661.438305</timestamp>
			</report>
			<report>
				<misses>473400000</misses>
				<total>0</total>
				<timestamp>3662.177157</timestamp>
			</report>
			<report>
				<misses>473500000</misses>
				<total>0</total>
				<timestamp>3662.939935</timestamp>
			</report>
			<report>
				<misses>473600000</misses>
				<total>0</total>
				<timestamp>3663.678358</timestamp>
			</report>
			<report>
				<misses>473700000</misses>
				<total>0</total>
				<timestamp>3664.439565</timestamp>
			</report>
			<report>
				<misses>473800000</misses>
				<total>0</total>
				<timestamp>3665.258005</timestamp>
			</report>
			<report>
				<misses>473900000</misses>
				<total>0</total>
				<timestamp>3666.015607</timestamp>
			</report>
			<report>
				<misses>474000000</misses>
				<total>0</total>
				<timestamp>3666.811683</timestamp>
			</report>
			<report>
				<misses>474100000</misses>
				<total>0</total>
				<timestamp>3667.598704</timestamp>
			</report>
			<report>
				<misses>474200000</misses>
				<total>0</total>
				<timestamp>3668.388653</timestamp>
			</report>
			<report>
				<misses>474300000</misses>
				<total>0</total>
				<timestamp>3669.129216</timestamp>
			</report>
			<report>
				<misses>474400000</misses>
				<total>0</total>
				<timestamp>3669.901267</timestamp>
			</report>
			<report>
				<misses>474500000</misses>
				<total>0</total>
				<timestamp>3670.682131</timestamp>
			</report>
			<report>
				<misses>474600000</misses>
				<total>0</total>
				<timestamp>3671.470214</timestamp>
			</report>
			<report>
				<misses>474700000</misses>
				<total>0</total>
				<timestamp>3672.242283</timestamp>
			</report>
			<report>
				<misses>474800000</misses>
				<total>0</total>
				<timestamp>3672.992385</timestamp>
			</report>
			<report>
				<misses>474900000</misses>
				<total>0</total>
				<timestamp>3673.782154</timestamp>
			</report>
			<report>
				<misses>475000000</misses>
				<total>0</total>
				<timestamp>3674.505059</timestamp>
			</report>
			<report>
				<misses>475100000</misses>
				<total>0</total>
				<timestamp>3675.258969</timestamp>
			</report>
			<report>
				<misses>475200000</misses>
				<total>0</total>
				<timestamp>3675.986573</timestamp>
			</report>
			<report>
				<misses>475300000</misses>
				<total>0</total>
				<timestamp>3676.713901</timestamp>
			</report>
			<report>
				<misses>475400000</misses>
				<total>0</total>
				<timestamp>3677.433323</timestamp>
			</report>
			<report>
				<misses>475500000</misses>
				<total>0</total>
				<timestamp>3678.156739</timestamp>
			</report>
			<report>
				<misses>475600000</misses>
				<total>0</total>
				<timestamp>3678.897138</timestamp>
			</report>
			<report>
				<misses>475700000</misses>
				<total>0</total>
				<timestamp>3679.668644</timestamp>
			</report>
			<report>
				<misses>475800000</misses>
				<total>0</total>
				<timestamp>3680.490087</timestamp>
			</report>
			<report>
				<misses>475900000</misses>
				<total>0</total>
				<timestamp>3681.307369</timestamp>
			</report>
			<report>
				<misses>476000000</misses>
				<total>0</total>
				<timestamp>3682.047854</timestamp>
			</report>
			<report>
				<misses>476100000</misses>
				<total>0</total>
				<timestamp>3682.827805</timestamp>
			</report>
			<report>
				<misses>476200000</misses>
				<total>0</total>
				<timestamp>3683.582331</timestamp>
			</report>
			<report>
				<misses>476300000</misses>
				<total>0</total>
				<timestamp>3684.339916</timestamp>
			</report>
			<report>
				<misses>476400000</misses>
				<total>0</total>
				<timestamp>3685.155450</timestamp>
			</report>
			<report>
				<misses>476500000</misses>
				<total>0</total>
				<timestamp>3685.967668</timestamp>
			</report>
			<report>
				<misses>476600000</misses>
				<total>0</total>
				<timestamp>3686.732255</timestamp>
			</report>
			<report>
				<misses>476700000</misses>
				<total>0</total>
				<timestamp>3687.543698</timestamp>
			</report>
			<report>
				<misses>476800000</misses>
				<total>0</total>
				<timestamp>3688.294966</timestamp>
			</report>
			<report>
				<misses>476900000</misses>
				<total>0</total>
				<timestamp>3689.025303</timestamp>
			</report>
			<report>
				<misses>477000000</misses>
				<total>0</total>
				<timestamp>3689.746357</timestamp>
			</report>
			<report>
				<misses>477100000</misses>
				<total>0</total>
				<timestamp>3690.516826</timestamp>
			</report>
			<report>
				<misses>477200000</misses>
				<total>0</total>
				<timestamp>3691.242774</timestamp>
			</report>
			<report>
				<misses>477300000</misses>
				<total>0</total>
				<timestamp>3691.982452</timestamp>
			</report>
			<report>
				<misses>477400000</misses>
				<total>0</total>
				<timestamp>3692.704346</timestamp>
			</report>
			<report>
				<misses>477500000</misses>
				<total>0</total>
				<timestamp>3693.424334</timestamp>
			</report>
			<report>
				<misses>477600000</misses>
				<total>0</total>
				<timestamp>3694.158751</timestamp>
			</report>
			<report>
				<misses>477700000</misses>
				<total>0</total>
				<timestamp>3694.919309</timestamp>
			</report>
			<report>
				<misses>477800000</misses>
				<total>0</total>
				<timestamp>3695.705035</timestamp>
			</report>
			<report>
				<misses>477900000</misses>
				<total>0</total>
				<timestamp>3696.484248</timestamp>
			</report>
			<report>
				<misses>478000000</misses>
				<total>0</total>
				<timestamp>3697.276979</timestamp>
			</report>
			<report>
				<misses>478100000</misses>
				<total>0</total>
				<timestamp>3698.061336</timestamp>
			</report>
			<report>
				<misses>478200000</misses>
				<total>0</total>
				<timestamp>3698.792503</timestamp>
			</report>
			<report>
				<misses>478300000</misses>
				<total>0</total>
				<timestamp>3699.575424</timestamp>
			</report>
			<report>
				<misses>478400000</misses>
				<total>0</total>
				<timestamp>3700.366871</timestamp>
			</report>
			<report>
				<misses>478500000</misses>
				<total>0</total>
				<timestamp>3701.148007</timestamp>
			</report>
			<report>
				<misses>478600000</misses>
				<total>0</total>
				<timestamp>3701.928612</timestamp>
			</report>
			<report>
				<misses>478700000</misses>
				<total>0</total>
				<timestamp>3702.755825</timestamp>
			</report>
			<report>
				<misses>478800000</misses>
				<total>0</total>
				<timestamp>3703.533091</timestamp>
			</report>
			<report>
				<misses>478900000</misses>
				<total>0</total>
				<timestamp>3704.333720</timestamp>
			</report>
			<report>
				<misses>479000000</misses>
				<total>0</total>
				<timestamp>3705.096526</timestamp>
			</report>
			<report>
				<misses>479100000</misses>
				<total>0</total>
				<timestamp>3705.863867</timestamp>
			</report>
			<report>
				<misses>479200000</misses>
				<total>0</total>
				<timestamp>3706.660847</timestamp>
			</report>
			<report>
				<misses>479300000</misses>
				<total>0</total>
				<timestamp>3707.428317</timestamp>
			</report>
			<report>
				<misses>479400000</misses>
				<total>0</total>
				<timestamp>3708.178500</timestamp>
			</report>
			<report>
				<misses>479500000</misses>
				<total>0</total>
				<timestamp>3708.967225</timestamp>
			</report>
			<report>
				<misses>479600000</misses>
				<total>0</total>
				<timestamp>3709.711658</timestamp>
			</report>
			<report>
				<misses>479700000</misses>
				<total>0</total>
				<timestamp>3710.432918</timestamp>
			</report>
			<report>
				<misses>479800000</misses>
				<total>0</total>
				<timestamp>3711.166327</timestamp>
			</report>
			<report>
				<misses>479900000</misses>
				<total>0</total>
				<timestamp>3711.930069</timestamp>
			</report>
			<report>
				<misses>480000000</misses>
				<total>0</total>
				<timestamp>3712.658398</timestamp>
			</report>
			<report>
				<misses>480100000</misses>
				<total>0</total>
				<timestamp>3713.410038</timestamp>
			</report>
			<report>
				<misses>480200000</misses>
				<total>0</total>
				<timestamp>3714.152418</timestamp>
			</report>
			<report>
				<misses>480300000</misses>
				<total>0</total>
				<timestamp>3714.877281</timestamp>
			</report>
			<report>
				<misses>480400000</misses>
				<total>0</total>
				<timestamp>3715.641098</timestamp>
			</report>
			<report>
				<misses>480500000</misses>
				<total>0</total>
				<timestamp>3716.465582</timestamp>
			</report>
			<report>
				<misses>480600000</misses>
				<total>0</total>
				<timestamp>3717.216080</timestamp>
			</report>
			<report>
				<misses>480700000</misses>
				<total>0</total>
				<timestamp>3717.998836</timestamp>
			</report>
			<report>
				<misses>480800000</misses>
				<total>0</total>
				<timestamp>3718.732764</timestamp>
			</report>
			<report>
				<misses>480900000</misses>
				<total>0</total>
				<timestamp>3719.504296</timestamp>
			</report>
			<report>
				<misses>481000000</misses>
				<total>0</total>
				<timestamp>3720.253568</timestamp>
			</report>
			<report>
				<misses>481100000</misses>
				<total>0</total>
				<timestamp>3721.035371</timestamp>
			</report>
			<report>
				<misses>481200000</misses>
				<total>0</total>
				<timestamp>3721.807868</timestamp>
			</report>
			<report>
				<misses>481300000</misses>
				<total>0</total>
				<timestamp>3722.580616</timestamp>
			</report>
			<report>
				<misses>481400000</misses>
				<total>0</total>
				<timestamp>3723.351632</timestamp>
			</report>
			<report>
				<misses>481500000</misses>
				<total>0</total>
				<timestamp>3724.108641</timestamp>
			</report>
			<report>
				<misses>481600000</misses>
				<total>0</total>
				<timestamp>3724.872031</timestamp>
			</report>
			<report>
				<misses>481700000</misses>
				<total>0</total>
				<timestamp>3725.618059</timestamp>
			</report>
			<report>
				<misses>481800000</misses>
				<total>0</total>
				<timestamp>3726.362733</timestamp>
			</report>
			<report>
				<misses>481900000</misses>
				<total>0</total>
				<timestamp>3727.093009</timestamp>
			</report>
			<report>
				<misses>482000000</misses>
				<total>0</total>
				<timestamp>3727.820745</timestamp>
			</report>
			<report>
				<misses>482100000</misses>
				<total>0</total>
				<timestamp>3728.560646</timestamp>
			</report>
			<report>
				<misses>482200000</misses>
				<total>0</total>
				<timestamp>3729.302057</timestamp>
			</report>
			<report>
				<misses>482300000</misses>
				<total>0</total>
				<timestamp>3730.032150</timestamp>
			</report>
			<report>
				<misses>482400000</misses>
				<total>0</total>
				<timestamp>3730.772960</timestamp>
			</report>
			<report>
				<misses>482500000</misses>
				<total>0</total>
				<timestamp>3731.543320</timestamp>
			</report>
			<report>
				<misses>482600000</misses>
				<total>0</total>
				<timestamp>3732.289824</timestamp>
			</report>
			<report>
				<misses>482700000</misses>
				<total>0</total>
				<timestamp>3733.046336</timestamp>
			</report>
			<report>
				<misses>482800000</misses>
				<total>0</total>
				<timestamp>3733.802183</timestamp>
			</report>
			<report>
				<misses>482900000</misses>
				<total>0</total>
				<timestamp>3734.566844</timestamp>
			</report>
			<report>
				<misses>483000000</misses>
				<total>0</total>
				<timestamp>3735.342589</timestamp>
			</report>
			<report>
				<misses>483100000</misses>
				<total>0</total>
				<timestamp>3736.095244</timestamp>
			</report>
			<report>
				<misses>483200000</misses>
				<total>0</total>
				<timestamp>3736.845250</timestamp>
			</report>
			<report>
				<misses>483300000</misses>
				<total>0</total>
				<timestamp>3737.612591</timestamp>
			</report>
			<report>
				<misses>483400000</misses>
				<total>0</total>
				<timestamp>3738.440627</timestamp>
			</report>
			<report>
				<misses>483500000</misses>
				<total>0</total>
				<timestamp>3739.192955</timestamp>
			</report>
			<report>
				<misses>483600000</misses>
				<total>0</total>
				<timestamp>3739.968439</timestamp>
			</report>
			<report>
				<misses>483700000</misses>
				<total>0</total>
				<timestamp>3740.725353</timestamp>
			</report>
			<report>
				<misses>483800000</misses>
				<total>0</total>
				<timestamp>3741.486824</timestamp>
			</report>
			<report>
				<misses>483900000</misses>
				<total>0</total>
				<timestamp>3742.211191</timestamp>
			</report>
			<report>
				<misses>484000000</misses>
				<total>0</total>
				<timestamp>3742.981522</timestamp>
			</report>
			<report>
				<misses>484100000</misses>
				<total>0</total>
				<timestamp>3743.670847</timestamp>
			</report>
			<report>
				<misses>484200000</misses>
				<total>0</total>
				<timestamp>3744.406105</timestamp>
			</report>
			<report>
				<misses>484300000</misses>
				<total>0</total>
				<timestamp>3745.138962</timestamp>
			</report>
			<report>
				<misses>484400000</misses>
				<total>0</total>
				<timestamp>3745.851137</timestamp>
			</report>
			<report>
				<misses>484500000</misses>
				<total>0</total>
				<timestamp>3746.648725</timestamp>
			</report>
			<report>
				<misses>484600000</misses>
				<total>0</total>
				<timestamp>3747.392323</timestamp>
			</report>
			<report>
				<misses>484700000</misses>
				<total>0</total>
				<timestamp>3748.109464</timestamp>
			</report>
			<report>
				<misses>484800000</misses>
				<total>0</total>
				<timestamp>3748.841077</timestamp>
			</report>
			<report>
				<misses>484900000</misses>
				<total>0</total>
				<timestamp>3749.638161</timestamp>
			</report>
			<report>
				<misses>485000000</misses>
				<total>0</total>
				<timestamp>3750.418622</timestamp>
			</report>
			<report>
				<misses>485100000</misses>
				<total>0</total>
				<timestamp>3751.190914</timestamp>
			</report>
			<report>
				<misses>485200000</misses>
				<total>0</total>
				<timestamp>3751.953811</timestamp>
			</report>
			<report>
				<misses>485300000</misses>
				<total>0</total>
				<timestamp>3752.753589</timestamp>
			</report>
			<report>
				<misses>485400000</misses>
				<total>0</total>
				<timestamp>3753.514046</timestamp>
			</report>
			<report>
				<misses>485500000</misses>
				<total>0</total>
				<timestamp>3754.306175</timestamp>
			</report>
			<report>
				<misses>485600000</misses>
				<total>0</total>
				<timestamp>3755.073758</timestamp>
			</report>
			<report>
				<misses>485700000</misses>
				<total>0</total>
				<timestamp>3755.826740</timestamp>
			</report>
			<report>
				<misses>485800000</misses>
				<total>0</total>
				<timestamp>3756.620879</timestamp>
			</report>
			<report>
				<misses>485900000</misses>
				<total>0</total>
				<timestamp>3757.391039</timestamp>
			</report>
			<report>
				<misses>486000000</misses>
				<total>0</total>
				<timestamp>3758.128349</timestamp>
			</report>
			<report>
				<misses>486100000</misses>
				<total>0</total>
				<timestamp>3758.870332</timestamp>
			</report>
			<report>
				<misses>486200000</misses>
				<total>0</total>
				<timestamp>3759.641700</timestamp>
			</report>
			<report>
				<misses>486300000</misses>
				<total>0</total>
				<timestamp>3760.425149</timestamp>
			</report>
			<report>
				<misses>486400000</misses>
				<total>0</total>
				<timestamp>3761.140225</timestamp>
			</report>
			<report>
				<misses>486500000</misses>
				<total>0</total>
				<timestamp>3761.893221</timestamp>
			</report>
			<report>
				<misses>486600000</misses>
				<total>0</total>
				<timestamp>3762.648893</timestamp>
			</report>
			<report>
				<misses>486700000</misses>
				<total>0</total>
				<timestamp>3763.391305</timestamp>
			</report>
			<report>
				<misses>486800000</misses>
				<total>0</total>
				<timestamp>3764.112787</timestamp>
			</report>
			<report>
				<misses>486900000</misses>
				<total>0</total>
				<timestamp>3764.844712</timestamp>
			</report>
			<report>
				<misses>487000000</misses>
				<total>0</total>
				<timestamp>3765.634828</timestamp>
			</report>
			<report>
				<misses>487100000</misses>
				<total>0</total>
				<timestamp>3766.416765</timestamp>
			</report>
			<report>
				<misses>487200000</misses>
				<total>0</total>
				<timestamp>3767.232722</timestamp>
			</report>
			<report>
				<misses>487300000</misses>
				<total>0</total>
				<timestamp>3768.016039</timestamp>
			</report>
			<report>
				<misses>487400000</misses>
				<total>0</total>
				<timestamp>3768.791591</timestamp>
			</report>
			<report>
				<misses>487500000</misses>
				<total>0</total>
				<timestamp>3769.571874</timestamp>
			</report>
			<report>
				<misses>487600000</misses>
				<total>0</total>
				<timestamp>3770.315925</timestamp>
			</report>
			<report>
				<misses>487700000</misses>
				<total>0</total>
				<timestamp>3771.120858</timestamp>
			</report>
			<report>
				<misses>487800000</misses>
				<total>0</total>
				<timestamp>3771.919468</timestamp>
			</report>
			<report>
				<misses>487900000</misses>
				<total>0</total>
				<timestamp>3772.703392</timestamp>
			</report>
			<report>
				<misses>488000000</misses>
				<total>0</total>
				<timestamp>3773.480483</timestamp>
			</report>
			<report>
				<misses>488100000</misses>
				<total>0</total>
				<timestamp>3774.200780</timestamp>
			</report>
			<report>
				<misses>488200000</misses>
				<total>0</total>
				<timestamp>3774.930750</timestamp>
			</report>
			<report>
				<misses>488300000</misses>
				<total>0</total>
				<timestamp>3775.728795</timestamp>
			</report>
			<report>
				<misses>488400000</misses>
				<total>0</total>
				<timestamp>3776.461798</timestamp>
			</report>
			<report>
				<misses>488500000</misses>
				<total>0</total>
				<timestamp>3777.274335</timestamp>
			</report>
			<report>
				<misses>488600000</misses>
				<total>0</total>
				<timestamp>3778.008216</timestamp>
			</report>
			<report>
				<misses>488700000</misses>
				<total>0</total>
				<timestamp>3778.760520</timestamp>
			</report>
			<report>
				<misses>488800000</misses>
				<total>0</total>
				<timestamp>3779.486197</timestamp>
			</report>
			<report>
				<misses>488900000</misses>
				<total>0</total>
				<timestamp>3780.220860</timestamp>
			</report>
			<report>
				<misses>489000000</misses>
				<total>0</total>
				<timestamp>3780.980455</timestamp>
			</report>
			<report>
				<misses>489100000</misses>
				<total>0</total>
				<timestamp>3781.786224</timestamp>
			</report>
			<report>
				<misses>489200000</misses>
				<total>0</total>
				<timestamp>3782.567533</timestamp>
			</report>
			<report>
				<misses>489300000</misses>
				<total>0</total>
				<timestamp>3783.348775</timestamp>
			</report>
			<report>
				<misses>489400000</misses>
				<total>0</total>
				<timestamp>3784.136151</timestamp>
			</report>
			<report>
				<misses>489500000</misses>
				<total>0</total>
				<timestamp>3784.876300</timestamp>
			</report>
			<report>
				<misses>489600000</misses>
				<total>0</total>
				<timestamp>3785.627365</timestamp>
			</report>
			<report>
				<misses>489700000</misses>
				<total>0</total>
				<timestamp>3786.432918</timestamp>
			</report>
			<report>
				<misses>489800000</misses>
				<total>0</total>
				<timestamp>3787.256405</timestamp>
			</report>
			<report>
				<misses>489900000</misses>
				<total>0</total>
				<timestamp>3788.038545</timestamp>
			</report>
			<report>
				<misses>490000000</misses>
				<total>0</total>
				<timestamp>3788.814011</timestamp>
			</report>
			<report>
				<misses>490100000</misses>
				<total>0</total>
				<timestamp>3789.611392</timestamp>
			</report>
			<report>
				<misses>490200000</misses>
				<total>0</total>
				<timestamp>3790.349596</timestamp>
			</report>
			<report>
				<misses>490300000</misses>
				<total>0</total>
				<timestamp>3791.080306</timestamp>
			</report>
			<report>
				<misses>490400000</misses>
				<total>0</total>
				<timestamp>3791.831712</timestamp>
			</report>
			<report>
				<misses>490500000</misses>
				<total>0</total>
				<timestamp>3792.555443</timestamp>
			</report>
			<report>
				<misses>490600000</misses>
				<total>0</total>
				<timestamp>3793.284844</timestamp>
			</report>
			<report>
				<misses>490700000</misses>
				<total>0</total>
				<timestamp>3794.023275</timestamp>
			</report>
			<report>
				<misses>490800000</misses>
				<total>0</total>
				<timestamp>3794.789950</timestamp>
			</report>
			<report>
				<misses>490900000</misses>
				<total>0</total>
				<timestamp>3795.507633</timestamp>
			</report>
			<report>
				<misses>491000000</misses>
				<total>0</total>
				<timestamp>3796.223987</timestamp>
			</report>
			<report>
				<misses>491100000</misses>
				<total>0</total>
				<timestamp>3796.983164</timestamp>
			</report>
			<report>
				<misses>491200000</misses>
				<total>0</total>
				<timestamp>3797.745009</timestamp>
			</report>
			<report>
				<misses>491300000</misses>
				<total>0</total>
				<timestamp>3798.548863</timestamp>
			</report>
			<report>
				<misses>491400000</misses>
				<total>0</total>
				<timestamp>3799.340608</timestamp>
			</report>
			<report>
				<misses>491500000</misses>
				<total>0</total>
				<timestamp>3800.092628</timestamp>
			</report>
			<report>
				<misses>491600000</misses>
				<total>0</total>
				<timestamp>3800.847719</timestamp>
			</report>
			<report>
				<misses>491700000</misses>
				<total>0</total>
				<timestamp>3801.625451</timestamp>
			</report>
			<report>
				<misses>491800000</misses>
				<total>0</total>
				<timestamp>3802.386198</timestamp>
			</report>
			<report>
				<misses>491900000</misses>
				<total>0</total>
				<timestamp>3803.118092</timestamp>
			</report>
			<report>
				<misses>492000000</misses>
				<total>0</total>
				<timestamp>3803.898181</timestamp>
			</report>
			<report>
				<misses>492100000</misses>
				<total>0</total>
				<timestamp>3804.685898</timestamp>
			</report>
			<report>
				<misses>492200000</misses>
				<total>0</total>
				<timestamp>3805.409850</timestamp>
			</report>
			<report>
				<misses>492300000</misses>
				<total>0</total>
				<timestamp>3806.228911</timestamp>
			</report>
			<report>
				<misses>492400000</misses>
				<total>0</total>
				<timestamp>3806.954187</timestamp>
			</report>
			<report>
				<misses>492500000</misses>
				<total>0</total>
				<timestamp>3807.699913</timestamp>
			</report>
			<report>
				<misses>492600000</misses>
				<total>0</total>
				<timestamp>3808.455673</timestamp>
			</report>
			<report>
				<misses>492700000</misses>
				<total>0</total>
				<timestamp>3809.166461</timestamp>
			</report>
			<report>
				<misses>492800000</misses>
				<total>0</total>
				<timestamp>3809.895293</timestamp>
			</report>
			<report>
				<misses>492900000</misses>
				<total>0</total>
				<timestamp>3810.637351</timestamp>
			</report>
			<report>
				<misses>493000000</misses>
				<total>0</total>
				<timestamp>3811.375332</timestamp>
			</report>
			<report>
				<misses>493100000</misses>
				<total>0</total>
				<timestamp>3812.141526</timestamp>
			</report>
			<report>
				<misses>493200000</misses>
				<total>0</total>
				<timestamp>3812.903032</timestamp>
			</report>
			<report>
				<misses>493300000</misses>
				<total>0</total>
				<timestamp>3813.732516</timestamp>
			</report>
			<report>
				<misses>493400000</misses>
				<total>0</total>
				<timestamp>3814.502221</timestamp>
			</report>
			<report>
				<misses>493500000</misses>
				<total>0</total>
				<timestamp>3815.241352</timestamp>
			</report>
			<report>
				<misses>493600000</misses>
				<total>0</total>
				<timestamp>3816.024763</timestamp>
			</report>
			<report>
				<misses>493700000</misses>
				<total>0</total>
				<timestamp>3816.813429</timestamp>
			</report>
			<report>
				<misses>493800000</misses>
				<total>0</total>
				<timestamp>3817.602823</timestamp>
			</report>
			<report>
				<misses>493900000</misses>
				<total>0</total>
				<timestamp>3818.365425</timestamp>
			</report>
			<report>
				<misses>494000000</misses>
				<total>0</total>
				<timestamp>3819.181748</timestamp>
			</report>
			<report>
				<misses>494100000</misses>
				<total>0</total>
				<timestamp>3819.940499</timestamp>
			</report>
			<report>
				<misses>494200000</misses>
				<total>0</total>
				<timestamp>3820.719549</timestamp>
			</report>
			<report>
				<misses>494300000</misses>
				<total>0</total>
				<timestamp>3821.482649</timestamp>
			</report>
			<report>
				<misses>494400000</misses>
				<total>0</total>
				<timestamp>3822.235574</timestamp>
			</report>
			<report>
				<misses>494500000</misses>
				<total>0</total>
				<timestamp>3823.002103</timestamp>
			</report>
			<report>
				<misses>494600000</misses>
				<total>0</total>
				<timestamp>3823.714608</timestamp>
			</report>
			<report>
				<misses>494700000</misses>
				<total>0</total>
				<timestamp>3824.449941</timestamp>
			</report>
			<report>
				<misses>494800000</misses>
				<total>0</total>
				<timestamp>3825.196000</timestamp>
			</report>
			<report>
				<misses>494900000</misses>
				<total>0</total>
				<timestamp>3825.945531</timestamp>
			</report>
			<report>
				<misses>495000000</misses>
				<total>0</total>
				<timestamp>3826.690659</timestamp>
			</report>
			<report>
				<misses>495100000</misses>
				<total>0</total>
				<timestamp>3827.440223</timestamp>
			</report>
			<report>
				<misses>495200000</misses>
				<total>0</total>
				<timestamp>3828.230761</timestamp>
			</report>
			<report>
				<misses>495300000</misses>
				<total>0</total>
				<timestamp>3829.025159</timestamp>
			</report>
			<report>
				<misses>495400000</misses>
				<total>0</total>
				<timestamp>3829.816630</timestamp>
			</report>
			<report>
				<misses>495500000</misses>
				<total>0</total>
				<timestamp>3830.596968</timestamp>
			</report>
			<report>
				<misses>495600000</misses>
				<total>0</total>
				<timestamp>3831.350725</timestamp>
			</report>
			<report>
				<misses>495700000</misses>
				<total>0</total>
				<timestamp>3832.126212</timestamp>
			</report>
			<report>
				<misses>495800000</misses>
				<total>0</total>
				<timestamp>3832.879565</timestamp>
			</report>
			<report>
				<misses>495900000</misses>
				<total>0</total>
				<timestamp>3833.636272</timestamp>
			</report>
			<report>
				<misses>496000000</misses>
				<total>0</total>
				<timestamp>3834.415261</timestamp>
			</report>
			<report>
				<misses>496100000</misses>
				<total>0</total>
				<timestamp>3835.163819</timestamp>
			</report>
			<report>
				<misses>496200000</misses>
				<total>0</total>
				<timestamp>3835.922304</timestamp>
			</report>
			<report>
				<misses>496300000</misses>
				<total>0</total>
				<timestamp>3836.687639</timestamp>
			</report>
			<report>
				<misses>496400000</misses>
				<total>0</total>
				<timestamp>3837.453245</timestamp>
			</report>
			<report>
				<misses>496500000</misses>
				<total>0</total>
				<timestamp>3838.241173</timestamp>
			</report>
			<report>
				<misses>496600000</misses>
				<total>0</total>
				<timestamp>3839.031098</timestamp>
			</report>
			<report>
				<misses>496700000</misses>
				<total>0</total>
				<timestamp>3839.808826</timestamp>
			</report>
			<report>
				<misses>496800000</misses>
				<total>0</total>
				<timestamp>3840.623611</timestamp>
			</report>
			<report>
				<misses>496900000</misses>
				<total>0</total>
				<timestamp>3841.394733</timestamp>
			</report>
			<report>
				<misses>497000000</misses>
				<total>0</total>
				<timestamp>3842.137087</timestamp>
			</report>
			<report>
				<misses>497100000</misses>
				<total>0</total>
				<timestamp>3842.887435</timestamp>
			</report>
			<report>
				<misses>497200000</misses>
				<total>0</total>
				<timestamp>3843.640594</timestamp>
			</report>
			<report>
				<misses>497300000</misses>
				<total>0</total>
				<timestamp>3844.394992</timestamp>
			</report>
			<report>
				<misses>497400000</misses>
				<total>0</total>
				<timestamp>3845.148944</timestamp>
			</report>
			<report>
				<misses>497500000</misses>
				<total>0</total>
				<timestamp>3845.904226</timestamp>
			</report>
			<report>
				<misses>497600000</misses>
				<total>0</total>
				<timestamp>3846.681812</timestamp>
			</report>
			<report>
				<misses>497700000</misses>
				<total>0</total>
				<timestamp>3847.434813</timestamp>
			</report>
			<report>
				<misses>497800000</misses>
				<total>0</total>
				<timestamp>3848.231468</timestamp>
			</report>
			<report>
				<misses>497900000</misses>
				<total>0</total>
				<timestamp>3849.028419</timestamp>
			</report>
			<report>
				<misses>498000000</misses>
				<total>0</total>
				<timestamp>3849.819035</timestamp>
			</report>
			<report>
				<misses>498100000</misses>
				<total>0</total>
				<timestamp>3850.567718</timestamp>
			</report>
			<report>
				<misses>498200000</misses>
				<total>0</total>
				<timestamp>3851.318349</timestamp>
			</report>
			<report>
				<misses>498300000</misses>
				<total>0</total>
				<timestamp>3852.114060</timestamp>
			</report>
			<report>
				<misses>498400000</misses>
				<total>0</total>
				<timestamp>3852.893475</timestamp>
			</report>
			<report>
				<misses>498500000</misses>
				<total>0</total>
				<timestamp>3853.687897</timestamp>
			</report>
			<report>
				<misses>498600000</misses>
				<total>0</total>
				<timestamp>3854.457167</timestamp>
			</report>
			<report>
				<misses>498700000</misses>
				<total>0</total>
				<timestamp>3855.213329</timestamp>
			</report>
			<report>
				<misses>498800000</misses>
				<total>0</total>
				<timestamp>3856.027376</timestamp>
			</report>
			<report>
				<misses>498900000</misses>
				<total>0</total>
				<timestamp>3856.776147</timestamp>
			</report>
			<report>
				<misses>499000000</misses>
				<total>0</total>
				<timestamp>3857.540068</timestamp>
			</report>
			<report>
				<misses>499100000</misses>
				<total>0</total>
				<timestamp>3858.292685</timestamp>
			</report>
			<report>
				<misses>499200000</misses>
				<total>0</total>
				<timestamp>3859.024702</timestamp>
			</report>
			<report>
				<misses>499300000</misses>
				<total>0</total>
				<timestamp>3859.754284</timestamp>
			</report>
			<report>
				<misses>499400000</misses>
				<total>0</total>
				<timestamp>3860.523366</timestamp>
			</report>
			<report>
				<misses>499500000</misses>
				<total>0</total>
				<timestamp>3861.264340</timestamp>
			</report>
			<report>
				<misses>499600000</misses>
				<total>0</total>
				<timestamp>3861.996312</timestamp>
			</report>
			<report>
				<misses>499700000</misses>
				<total>0</total>
				<timestamp>3862.758108</timestamp>
			</report>
			<report>
				<misses>499800000</misses>
				<total>0</total>
				<timestamp>3863.553882</timestamp>
			</report>
			<report>
				<misses>499900000</misses>
				<total>0</total>
				<timestamp>3864.341688</timestamp>
			</report>
			<report>
				<misses>500000000</misses>
				<total>0</total>
				<timestamp>3865.127600</timestamp>
			</report>
			<report>
				<misses>500100000</misses>
				<total>0</total>
				<timestamp>3865.921576</timestamp>
			</report>
			<report>
				<misses>500200000</misses>
				<total>0</total>
				<timestamp>3866.708771</timestamp>
			</report>
			<report>
				<misses>500300000</misses>
				<total>0</total>
				<timestamp>3867.509137</timestamp>
			</report>
			<report>
				<misses>500400000</misses>
				<total>0</total>
				<timestamp>3868.293777</timestamp>
			</report>
			<report>
				<misses>500500000</misses>
				<total>0</total>
				<timestamp>3869.074062</timestamp>
			</report>
			<report>
				<misses>500600000</misses>
				<total>0</total>
				<timestamp>3869.838692</timestamp>
			</report>
			<report>
				<misses>500700000</misses>
				<total>0</total>
				<timestamp>3870.635797</timestamp>
			</report>
			<report>
				<misses>500800000</misses>
				<total>0</total>
				<timestamp>3871.382883</timestamp>
			</report>
			<report>
				<misses>500900000</misses>
				<total>0</total>
				<timestamp>3872.151286</timestamp>
			</report>
			<report>
				<misses>501000000</misses>
				<total>0</total>
				<timestamp>3872.905687</timestamp>
			</report>
			<report>
				<misses>501100000</misses>
				<total>0</total>
				<timestamp>3873.641612</timestamp>
			</report>
			<report>
				<misses>501200000</misses>
				<total>0</total>
				<timestamp>3874.362608</timestamp>
			</report>
			<report>
				<misses>501300000</misses>
				<total>0</total>
				<timestamp>3875.109075</timestamp>
			</report>
			<report>
				<misses>501400000</misses>
				<total>0</total>
				<timestamp>3875.842142</timestamp>
			</report>
			<report>
				<misses>501500000</misses>
				<total>0</total>
				<timestamp>3876.638575</timestamp>
			</report>
			<report>
				<misses>501600000</misses>
				<total>0</total>
				<timestamp>3877.394317</timestamp>
			</report>
			<report>
				<misses>501700000</misses>
				<total>0</total>
				<timestamp>3878.153138</timestamp>
			</report>
			<report>
				<misses>501800000</misses>
				<total>0</total>
				<timestamp>3878.924662</timestamp>
			</report>
			<report>
				<misses>501900000</misses>
				<total>0</total>
				<timestamp>3879.700256</timestamp>
			</report>
			<report>
				<misses>502000000</misses>
				<total>0</total>
				<timestamp>3880.487959</timestamp>
			</report>
			<report>
				<misses>502100000</misses>
				<total>0</total>
				<timestamp>3881.324945</timestamp>
			</report>
			<report>
				<misses>502200000</misses>
				<total>0</total>
				<timestamp>3882.154577</timestamp>
			</report>
			<report>
				<misses>502300000</misses>
				<total>0</total>
				<timestamp>3882.932487</timestamp>
			</report>
			<report>
				<misses>502400000</misses>
				<total>0</total>
				<timestamp>3883.692875</timestamp>
			</report>
			<report>
				<misses>502500000</misses>
				<total>0</total>
				<timestamp>3884.516848</timestamp>
			</report>
			<report>
				<misses>502600000</misses>
				<total>0</total>
				<timestamp>3885.312941</timestamp>
			</report>
			<report>
				<misses>502700000</misses>
				<total>0</total>
				<timestamp>3886.093025</timestamp>
			</report>
			<report>
				<misses>502800000</misses>
				<total>0</total>
				<timestamp>3886.882409</timestamp>
			</report>
			<report>
				<misses>502900000</misses>
				<total>0</total>
				<timestamp>3887.653034</timestamp>
			</report>
			<report>
				<misses>503000000</misses>
				<total>0</total>
				<timestamp>3888.458369</timestamp>
			</report>
			<report>
				<misses>503100000</misses>
				<total>0</total>
				<timestamp>3889.228220</timestamp>
			</report>
			<report>
				<misses>503200000</misses>
				<total>0</total>
				<timestamp>3890.044635</timestamp>
			</report>
			<report>
				<misses>503300000</misses>
				<total>0</total>
				<timestamp>3890.792741</timestamp>
			</report>
			<report>
				<misses>503400000</misses>
				<total>0</total>
				<timestamp>3891.557329</timestamp>
			</report>
			<report>
				<misses>503500000</misses>
				<total>0</total>
				<timestamp>3892.325637</timestamp>
			</report>
			<report>
				<misses>503600000</misses>
				<total>0</total>
				<timestamp>3893.097928</timestamp>
			</report>
			<report>
				<misses>503700000</misses>
				<total>0</total>
				<timestamp>3893.930958</timestamp>
			</report>
			<report>
				<misses>503800000</misses>
				<total>0</total>
				<timestamp>3894.700377</timestamp>
			</report>
			<report>
				<misses>503900000</misses>
				<total>0</total>
				<timestamp>3895.498246</timestamp>
			</report>
			<report>
				<misses>504000000</misses>
				<total>0</total>
				<timestamp>3896.266647</timestamp>
			</report>
			<report>
				<misses>504100000</misses>
				<total>0</total>
				<timestamp>3897.033539</timestamp>
			</report>
			<report>
				<misses>504200000</misses>
				<total>0</total>
				<timestamp>3897.786092</timestamp>
			</report>
			<report>
				<misses>504300000</misses>
				<total>0</total>
				<timestamp>3898.543050</timestamp>
			</report>
			<report>
				<misses>504400000</misses>
				<total>0</total>
				<timestamp>3899.317462</timestamp>
			</report>
			<report>
				<misses>504500000</misses>
				<total>0</total>
				<timestamp>3900.118808</timestamp>
			</report>
			<report>
				<misses>504600000</misses>
				<total>0</total>
				<timestamp>3900.872813</timestamp>
			</report>
			<report>
				<misses>504700000</misses>
				<total>0</total>
				<timestamp>3901.654504</timestamp>
			</report>
			<report>
				<misses>504800000</misses>
				<total>0</total>
				<timestamp>3902.413092</timestamp>
			</report>
			<report>
				<misses>504900000</misses>
				<total>0</total>
				<timestamp>3903.179179</timestamp>
			</report>
			<report>
				<misses>505000000</misses>
				<total>0</total>
				<timestamp>3903.935609</timestamp>
			</report>
			<report>
				<misses>505100000</misses>
				<total>0</total>
				<timestamp>3904.731016</timestamp>
			</report>
			<report>
				<misses>505200000</misses>
				<total>0</total>
				<timestamp>3905.481788</timestamp>
			</report>
			<report>
				<misses>505300000</misses>
				<total>0</total>
				<timestamp>3906.299628</timestamp>
			</report>
			<report>
				<misses>505400000</misses>
				<total>0</total>
				<timestamp>3907.030541</timestamp>
			</report>
			<report>
				<misses>505500000</misses>
				<total>0</total>
				<timestamp>3907.770492</timestamp>
			</report>
			<report>
				<misses>505600000</misses>
				<total>0</total>
				<timestamp>3908.568953</timestamp>
			</report>
			<report>
				<misses>505700000</misses>
				<total>0</total>
				<timestamp>3909.317641</timestamp>
			</report>
			<report>
				<misses>505800000</misses>
				<total>0</total>
				<timestamp>3910.088758</timestamp>
			</report>
			<report>
				<misses>505900000</misses>
				<total>0</total>
				<timestamp>3910.866944</timestamp>
			</report>
			<report>
				<misses>506000000</misses>
				<total>0</total>
				<timestamp>3911.671951</timestamp>
			</report>
			<report>
				<misses>506100000</misses>
				<total>0</total>
				<timestamp>3912.436289</timestamp>
			</report>
			<report>
				<misses>506200000</misses>
				<total>0</total>
				<timestamp>3913.186577</timestamp>
			</report>
			<report>
				<misses>506300000</misses>
				<total>0</total>
				<timestamp>3913.960538</timestamp>
			</report>
			<report>
				<misses>506400000</misses>
				<total>0</total>
				<timestamp>3914.730015</timestamp>
			</report>
			<report>
				<misses>506500000</misses>
				<total>0</total>
				<timestamp>3915.492206</timestamp>
			</report>
			<report>
				<misses>506600000</misses>
				<total>0</total>
				<timestamp>3916.301103</timestamp>
			</report>
			<report>
				<misses>506700000</misses>
				<total>0</total>
				<timestamp>3917.105923</timestamp>
			</report>
			<report>
				<misses>506800000</misses>
				<total>0</total>
				<timestamp>3917.955521</timestamp>
			</report>
			<report>
				<misses>506900000</misses>
				<total>0</total>
				<timestamp>3918.710155</timestamp>
			</report>
			<report>
				<misses>507000000</misses>
				<total>0</total>
				<timestamp>3919.485421</timestamp>
			</report>
			<report>
				<misses>507100000</misses>
				<total>0</total>
				<timestamp>3920.311498</timestamp>
			</report>
			<report>
				<misses>507200000</misses>
				<total>0</total>
				<timestamp>3921.066507</timestamp>
			</report>
			<report>
				<misses>507300000</misses>
				<total>0</total>
				<timestamp>3921.856648</timestamp>
			</report>
			<report>
				<misses>507400000</misses>
				<total>0</total>
				<timestamp>3922.630875</timestamp>
			</report>
			<report>
				<misses>507500000</misses>
				<total>0</total>
				<timestamp>3923.398555</timestamp>
			</report>
			<report>
				<misses>507600000</misses>
				<total>0</total>
				<timestamp>3924.180491</timestamp>
			</report>
			<report>
				<misses>507700000</misses>
				<total>0</total>
				<timestamp>3925.021119</timestamp>
			</report>
			<report>
				<misses>507800000</misses>
				<total>0</total>
				<timestamp>3925.790068</timestamp>
			</report>
			<report>
				<misses>507900000</misses>
				<total>0</total>
				<timestamp>3926.576254</timestamp>
			</report>
			<report>
				<misses>508000000</misses>
				<total>0</total>
				<timestamp>3927.357789</timestamp>
			</report>
			<report>
				<misses>508100000</misses>
				<total>0</total>
				<timestamp>3928.145350</timestamp>
			</report>
			<report>
				<misses>508200000</misses>
				<total>0</total>
				<timestamp>3928.924873</timestamp>
			</report>
			<report>
				<misses>508300000</misses>
				<total>0</total>
				<timestamp>3929.692804</timestamp>
			</report>
			<report>
				<misses>508400000</misses>
				<total>0</total>
				<timestamp>3930.419191</timestamp>
			</report>
			<report>
				<misses>508500000</misses>
				<total>0</total>
				<timestamp>3931.171597</timestamp>
			</report>
			<report>
				<misses>508600000</misses>
				<total>0</total>
				<timestamp>3931.958405</timestamp>
			</report>
			<report>
				<misses>508700000</misses>
				<total>0</total>
				<timestamp>3932.716351</timestamp>
			</report>
			<report>
				<misses>508800000</misses>
				<total>0</total>
				<timestamp>3933.458976</timestamp>
			</report>
			<report>
				<misses>508900000</misses>
				<total>0</total>
				<timestamp>3934.230673</timestamp>
			</report>
			<report>
				<misses>509000000</misses>
				<total>0</total>
				<timestamp>3935.020963</timestamp>
			</report>
			<report>
				<misses>509100000</misses>
				<total>0</total>
				<timestamp>3935.772081</timestamp>
			</report>
			<report>
				<misses>509200000</misses>
				<total>0</total>
				<timestamp>3936.582401</timestamp>
			</report>
			<report>
				<misses>509300000</misses>
				<total>0</total>
				<timestamp>3937.377342</timestamp>
			</report>
			<report>
				<misses>509400000</misses>
				<total>0</total>
				<timestamp>3938.167270</timestamp>
			</report>
			<report>
				<misses>509500000</misses>
				<total>0</total>
				<timestamp>3938.911386</timestamp>
			</report>
			<report>
				<misses>509600000</misses>
				<total>0</total>
				<timestamp>3939.663011</timestamp>
			</report>
			<report>
				<misses>509700000</misses>
				<total>0</total>
				<timestamp>3940.439927</timestamp>
			</report>
			<report>
				<misses>509800000</misses>
				<total>0</total>
				<timestamp>3941.235036</timestamp>
			</report>
			<report>
				<misses>509900000</misses>
				<total>0</total>
				<timestamp>3942.020653</timestamp>
			</report>
			<report>
				<misses>510000000</misses>
				<total>0</total>
				<timestamp>3942.800982</timestamp>
			</report>
			<report>
				<misses>510100000</misses>
				<total>0</total>
				<timestamp>3943.566139</timestamp>
			</report>
			<report>
				<misses>510200000</misses>
				<total>0</total>
				<timestamp>3944.364526</timestamp>
			</report>
			<report>
				<misses>510300000</misses>
				<total>0</total>
				<timestamp>3945.184858</timestamp>
			</report>
			<report>
				<misses>510400000</misses>
				<total>0</total>
				<timestamp>3945.980948</timestamp>
			</report>
			<report>
				<misses>510500000</misses>
				<total>0</total>
				<timestamp>3946.756352</timestamp>
			</report>
			<report>
				<misses>510600000</misses>
				<total>0</total>
				<timestamp>3947.524754</timestamp>
			</report>
			<report>
				<misses>510700000</misses>
				<total>0</total>
				<timestamp>3948.300947</timestamp>
			</report>
			<report>
				<misses>510800000</misses>
				<total>0</total>
				<timestamp>3949.090905</timestamp>
			</report>
			<report>
				<misses>510900000</misses>
				<total>0</total>
				<timestamp>3949.894645</timestamp>
			</report>
			<report>
				<misses>511000000</misses>
				<total>0</total>
				<timestamp>3950.702107</timestamp>
			</report>
			<report>
				<misses>511100000</misses>
				<total>0</total>
				<timestamp>3951.483155</timestamp>
			</report>
			<report>
				<misses>511200000</misses>
				<total>0</total>
				<timestamp>3952.286157</timestamp>
			</report>
			<report>
				<misses>511300000</misses>
				<total>0</total>
				<timestamp>3953.047071</timestamp>
			</report>
			<report>
				<misses>511400000</misses>
				<total>0</total>
				<timestamp>3953.824021</timestamp>
			</report>
			<report>
				<misses>511500000</misses>
				<total>0</total>
				<timestamp>3954.605635</timestamp>
			</report>
			<report>
				<misses>511600000</misses>
				<total>0</total>
				<timestamp>3955.364619</timestamp>
			</report>
			<report>
				<misses>511700000</misses>
				<total>0</total>
				<timestamp>3956.091046</timestamp>
			</report>
			<report>
				<misses>511800000</misses>
				<total>0</total>
				<timestamp>3956.893018</timestamp>
			</report>
			<report>
				<misses>511900000</misses>
				<total>0</total>
				<timestamp>3957.659127</timestamp>
			</report>
			<report>
				<misses>512000000</misses>
				<total>0</total>
				<timestamp>3958.398940</timestamp>
			</report>
			<report>
				<misses>512100000</misses>
				<total>0</total>
				<timestamp>3959.135399</timestamp>
			</report>
			<report>
				<misses>512200000</misses>
				<total>0</total>
				<timestamp>3959.892507</timestamp>
			</report>
			<report>
				<misses>512300000</misses>
				<total>0</total>
				<timestamp>3960.682771</timestamp>
			</report>
			<report>
				<misses>512400000</misses>
				<total>0</total>
				<timestamp>3961.489496</timestamp>
			</report>
			<report>
				<misses>512500000</misses>
				<total>0</total>
				<timestamp>3962.257729</timestamp>
			</report>
			<report>
				<misses>512600000</misses>
				<total>0</total>
				<timestamp>3963.017245</timestamp>
			</report>
			<report>
				<misses>512700000</misses>
				<total>0</total>
				<timestamp>3963.816432</timestamp>
			</report>
			<report>
				<misses>512800000</misses>
				<total>0</total>
				<timestamp>3964.628573</timestamp>
			</report>
			<report>
				<misses>512900000</misses>
				<total>0</total>
				<timestamp>3965.492370</timestamp>
			</report>
			<report>
				<misses>513000000</misses>
				<total>0</total>
				<timestamp>3966.300355</timestamp>
			</report>
			<report>
				<misses>513100000</misses>
				<total>0</total>
				<timestamp>3967.079463</timestamp>
			</report>
			<report>
				<misses>513200000</misses>
				<total>0</total>
				<timestamp>3967.873303</timestamp>
			</report>
			<report>
				<misses>513300000</misses>
				<total>0</total>
				<timestamp>3968.650734</timestamp>
			</report>
			<report>
				<misses>513400000</misses>
				<total>0</total>
				<timestamp>3969.470878</timestamp>
			</report>
			<report>
				<misses>513500000</misses>
				<total>0</total>
				<timestamp>3970.253245</timestamp>
			</report>
			<report>
				<misses>513600000</misses>
				<total>0</total>
				<timestamp>3971.025983</timestamp>
			</report>
			<report>
				<misses>513700000</misses>
				<total>0</total>
				<timestamp>3971.779371</timestamp>
			</report>
			<report>
				<misses>513800000</misses>
				<total>0</total>
				<timestamp>3972.514427</timestamp>
			</report>
			<report>
				<misses>513900000</misses>
				<total>0</total>
				<timestamp>3973.277171</timestamp>
			</report>
			<report>
				<misses>514000000</misses>
				<total>0</total>
				<timestamp>3974.026431</timestamp>
			</report>
			<report>
				<misses>514100000</misses>
				<total>0</total>
				<timestamp>3974.771366</timestamp>
			</report>
			<report>
				<misses>514200000</misses>
				<total>0</total>
				<timestamp>3975.566010</timestamp>
			</report>
			<report>
				<misses>514300000</misses>
				<total>0</total>
				<timestamp>3976.362954</timestamp>
			</report>
			<report>
				<misses>514400000</misses>
				<total>0</total>
				<timestamp>3977.093926</timestamp>
			</report>
			<report>
				<misses>514500000</misses>
				<total>0</total>
				<timestamp>3977.881799</timestamp>
			</report>
			<report>
				<misses>514600000</misses>
				<total>0</total>
				<timestamp>3978.706081</timestamp>
			</report>
			<report>
				<misses>514700000</misses>
				<total>0</total>
				<timestamp>3979.457186</timestamp>
			</report>
			<report>
				<misses>514800000</misses>
				<total>0</total>
				<timestamp>3980.225294</timestamp>
			</report>
			<report>
				<misses>514900000</misses>
				<total>0</total>
				<timestamp>3981.026400</timestamp>
			</report>
			<report>
				<misses>515000000</misses>
				<total>0</total>
				<timestamp>3981.789358</timestamp>
			</report>
			<report>
				<misses>515100000</misses>
				<total>0</total>
				<timestamp>3982.565126</timestamp>
			</report>
			<report>
				<misses>515200000</misses>
				<total>0</total>
				<timestamp>3983.371741</timestamp>
			</report>
			<report>
				<misses>515300000</misses>
				<total>0</total>
				<timestamp>3984.170726</timestamp>
			</report>
			<report>
				<misses>515400000</misses>
				<total>0</total>
				<timestamp>3984.964210</timestamp>
			</report>
			<report>
				<misses>515500000</misses>
				<total>0</total>
				<timestamp>3985.753238</timestamp>
			</report>
			<report>
				<misses>515600000</misses>
				<total>0</total>
				<timestamp>3986.548429</timestamp>
			</report>
			<report>
				<misses>515700000</misses>
				<total>0</total>
				<timestamp>3987.327679</timestamp>
			</report>
			<report>
				<misses>515800000</misses>
				<total>0</total>
				<timestamp>3988.096408</timestamp>
			</report>
			<report>
				<misses>515900000</misses>
				<total>0</total>
				<timestamp>3988.828313</timestamp>
			</report>
			<report>
				<misses>516000000</misses>
				<total>0</total>
				<timestamp>3989.578987</timestamp>
			</report>
			<report>
				<misses>516100000</misses>
				<total>0</total>
				<timestamp>3990.336382</timestamp>
			</report>
			<report>
				<misses>516200000</misses>
				<total>0</total>
				<timestamp>3991.124199</timestamp>
			</report>
			<report>
				<misses>516300000</misses>
				<total>0</total>
				<timestamp>3991.839704</timestamp>
			</report>
			<report>
				<misses>516400000</misses>
				<total>0</total>
				<timestamp>3992.607989</timestamp>
			</report>
			<report>
				<misses>516500000</misses>
				<total>0</total>
				<timestamp>3993.343331</timestamp>
			</report>
			<report>
				<misses>516600000</misses>
				<total>0</total>
				<timestamp>3994.070956</timestamp>
			</report>
			<report>
				<misses>516700000</misses>
				<total>0</total>
				<timestamp>3994.850396</timestamp>
			</report>
			<report>
				<misses>516800000</misses>
				<total>0</total>
				<timestamp>3995.629028</timestamp>
			</report>
			<report>
				<misses>516900000</misses>
				<total>0</total>
				<timestamp>3996.407610</timestamp>
			</report>
			<report>
				<misses>517000000</misses>
				<total>0</total>
				<timestamp>3997.174983</timestamp>
			</report>
			<report>
				<misses>517100000</misses>
				<total>0</total>
				<timestamp>3997.939892</timestamp>
			</report>
			<report>
				<misses>517200000</misses>
				<total>0</total>
				<timestamp>3998.698787</timestamp>
			</report>
			<report>
				<misses>517300000</misses>
				<total>0</total>
				<timestamp>3999.496698</timestamp>
			</report>
			<report>
				<misses>517400000</misses>
				<total>0</total>
				<timestamp>4000.225806</timestamp>
			</report>
			<report>
				<misses>517500000</misses>
				<total>0</total>
				<timestamp>4001.014690</timestamp>
			</report>
			<report>
				<misses>517600000</misses>
				<total>0</total>
				<timestamp>4001.804784</timestamp>
			</report>
			<report>
				<misses>517700000</misses>
				<total>0</total>
				<timestamp>4002.546798</timestamp>
			</report>
			<report>
				<misses>517800000</misses>
				<total>0</total>
				<timestamp>4003.365860</timestamp>
			</report>
			<report>
				<misses>517900000</misses>
				<total>0</total>
				<timestamp>4004.136339</timestamp>
			</report>
			<report>
				<misses>518000000</misses>
				<total>0</total>
				<timestamp>4004.957220</timestamp>
			</report>
			<report>
				<misses>518100000</misses>
				<total>0</total>
				<timestamp>4005.751553</timestamp>
			</report>
			<report>
				<misses>518200000</misses>
				<total>0</total>
				<timestamp>4006.552606</timestamp>
			</report>
			<report>
				<misses>518300000</misses>
				<total>0</total>
				<timestamp>4007.374072</timestamp>
			</report>
			<report>
				<misses>518400000</misses>
				<total>0</total>
				<timestamp>4008.107495</timestamp>
			</report>
			<report>
				<misses>518500000</misses>
				<total>0</total>
				<timestamp>4008.898628</timestamp>
			</report>
			<report>
				<misses>518600000</misses>
				<total>0</total>
				<timestamp>4009.639684</timestamp>
			</report>
			<report>
				<misses>518700000</misses>
				<total>0</total>
				<timestamp>4010.406121</timestamp>
			</report>
			<report>
				<misses>518800000</misses>
				<total>0</total>
				<timestamp>4011.170470</timestamp>
			</report>
			<report>
				<misses>518900000</misses>
				<total>0</total>
				<timestamp>4011.983469</timestamp>
			</report>
			<report>
				<misses>519000000</misses>
				<total>0</total>
				<timestamp>4012.712135</timestamp>
			</report>
			<report>
				<misses>519100000</misses>
				<total>0</total>
				<timestamp>4013.487603</timestamp>
			</report>
			<report>
				<misses>519200000</misses>
				<total>0</total>
				<timestamp>4014.270186</timestamp>
			</report>
			<report>
				<misses>519300000</misses>
				<total>0</total>
				<timestamp>4015.010543</timestamp>
			</report>
			<report>
				<misses>519400000</misses>
				<total>0</total>
				<timestamp>4015.824471</timestamp>
			</report>
			<report>
				<misses>519500000</misses>
				<total>0</total>
				<timestamp>4016.610796</timestamp>
			</report>
			<report>
				<misses>519600000</misses>
				<total>0</total>
				<timestamp>4017.370867</timestamp>
			</report>
			<report>
				<misses>519700000</misses>
				<total>0</total>
				<timestamp>4018.182041</timestamp>
			</report>
			<report>
				<misses>519800000</misses>
				<total>0</total>
				<timestamp>4018.957535</timestamp>
			</report>
			<report>
				<misses>519900000</misses>
				<total>0</total>
				<timestamp>4019.750059</timestamp>
			</report>
			<report>
				<misses>520000000</misses>
				<total>0</total>
				<timestamp>4020.544900</timestamp>
			</report>
			<report>
				<misses>520100000</misses>
				<total>0</total>
				<timestamp>4021.327162</timestamp>
			</report>
			<report>
				<misses>520200000</misses>
				<total>0</total>
				<timestamp>4022.158542</timestamp>
			</report>
			<report>
				<misses>520300000</misses>
				<total>0</total>
				<timestamp>4022.946611</timestamp>
			</report>
			<report>
				<misses>520400000</misses>
				<total>0</total>
				<timestamp>4023.731421</timestamp>
			</report>
			<report>
				<misses>520500000</misses>
				<total>0</total>
				<timestamp>4024.548927</timestamp>
			</report>
			<report>
				<misses>520600000</misses>
				<total>0</total>
				<timestamp>4025.299697</timestamp>
			</report>
			<report>
				<misses>520700000</misses>
				<total>0</total>
				<timestamp>4026.041488</timestamp>
			</report>
			<report>
				<misses>520800000</misses>
				<total>0</total>
				<timestamp>4026.778990</timestamp>
			</report>
			<report>
				<misses>520900000</misses>
				<total>0</total>
				<timestamp>4027.525797</timestamp>
			</report>
			<report>
				<misses>521000000</misses>
				<total>0</total>
				<timestamp>4028.261541</timestamp>
			</report>
			<report>
				<misses>521100000</misses>
				<total>0</total>
				<timestamp>4029.026727</timestamp>
			</report>
			<report>
				<misses>521200000</misses>
				<total>0</total>
				<timestamp>4029.813563</timestamp>
			</report>
			<report>
				<misses>521300000</misses>
				<total>0</total>
				<timestamp>4030.542662</timestamp>
			</report>
			<report>
				<misses>521400000</misses>
				<total>0</total>
				<timestamp>4031.313379</timestamp>
			</report>
			<report>
				<misses>521500000</misses>
				<total>0</total>
				<timestamp>4032.070475</timestamp>
			</report>
			<report>
				<misses>521600000</misses>
				<total>0</total>
				<timestamp>4032.853999</timestamp>
			</report>
			<report>
				<misses>521700000</misses>
				<total>0</total>
				<timestamp>4033.633357</timestamp>
			</report>
			<report>
				<misses>521800000</misses>
				<total>0</total>
				<timestamp>4034.398431</timestamp>
			</report>
			<report>
				<misses>521900000</misses>
				<total>0</total>
				<timestamp>4035.183168</timestamp>
			</report>
			<report>
				<misses>522000000</misses>
				<total>0</total>
				<timestamp>4035.988071</timestamp>
			</report>
			<report>
				<misses>522100000</misses>
				<total>0</total>
				<timestamp>4036.763033</timestamp>
			</report>
			<report>
				<misses>522200000</misses>
				<total>0</total>
				<timestamp>4037.554271</timestamp>
			</report>
			<report>
				<misses>522300000</misses>
				<total>0</total>
				<timestamp>4038.366321</timestamp>
			</report>
			<report>
				<misses>522400000</misses>
				<total>0</total>
				<timestamp>4039.153775</timestamp>
			</report>
			<report>
				<misses>522500000</misses>
				<total>0</total>
				<timestamp>4039.922362</timestamp>
			</report>
			<report>
				<misses>522600000</misses>
				<total>0</total>
				<timestamp>4040.706068</timestamp>
			</report>
			<report>
				<misses>522700000</misses>
				<total>0</total>
				<timestamp>4041.465449</timestamp>
			</report>
			<report>
				<misses>522800000</misses>
				<total>0</total>
				<timestamp>4042.203035</timestamp>
			</report>
			<report>
				<misses>522900000</misses>
				<total>0</total>
				<timestamp>4043.044781</timestamp>
			</report>
			<report>
				<misses>523000000</misses>
				<total>0</total>
				<timestamp>4043.822858</timestamp>
			</report>
			<report>
				<misses>523100000</misses>
				<total>0</total>
				<timestamp>4044.617351</timestamp>
			</report>
			<report>
				<misses>523200000</misses>
				<total>0</total>
				<timestamp>4045.422343</timestamp>
			</report>
			<report>
				<misses>523300000</misses>
				<total>0</total>
				<timestamp>4046.181370</timestamp>
			</report>
			<report>
				<misses>523400000</misses>
				<total>0</total>
				<timestamp>4046.988375</timestamp>
			</report>
			<report>
				<misses>523500000</misses>
				<total>0</total>
				<timestamp>4047.785077</timestamp>
			</report>
			<report>
				<misses>523600000</misses>
				<total>0</total>
				<timestamp>4048.577133</timestamp>
			</report>
			<report>
				<misses>523700000</misses>
				<total>0</total>
				<timestamp>4049.343018</timestamp>
			</report>
			<report>
				<misses>523800000</misses>
				<total>0</total>
				<timestamp>4050.106139</timestamp>
			</report>
			<report>
				<misses>523900000</misses>
				<total>0</total>
				<timestamp>4050.894927</timestamp>
			</report>
			<report>
				<misses>524000000</misses>
				<total>0</total>
				<timestamp>4051.700805</timestamp>
			</report>
			<report>
				<misses>524100000</misses>
				<total>0</total>
				<timestamp>4052.476133</timestamp>
			</report>
			<report>
				<misses>524200000</misses>
				<total>0</total>
				<timestamp>4053.248271</timestamp>
			</report>
			<report>
				<misses>524300000</misses>
				<total>0</total>
				<timestamp>4054.006608</timestamp>
			</report>
			<report>
				<misses>524400000</misses>
				<total>0</total>
				<timestamp>4054.740563</timestamp>
			</report>
			<report>
				<misses>524500000</misses>
				<total>0</total>
				<timestamp>4055.465144</timestamp>
			</report>
			<report>
				<misses>524600000</misses>
				<total>0</total>
				<timestamp>4056.205701</timestamp>
			</report>
			<report>
				<misses>524700000</misses>
				<total>0</total>
				<timestamp>4057.014226</timestamp>
			</report>
			<report>
				<misses>524800000</misses>
				<total>0</total>
				<timestamp>4057.782468</timestamp>
			</report>
			<report>
				<misses>524900000</misses>
				<total>0</total>
				<timestamp>4058.527007</timestamp>
			</report>
			<report>
				<misses>525000000</misses>
				<total>0</total>
				<timestamp>4059.251196</timestamp>
			</report>
			<report>
				<misses>525100000</misses>
				<total>0</total>
				<timestamp>4060.013395</timestamp>
			</report>
			<report>
				<misses>525200000</misses>
				<total>0</total>
				<timestamp>4060.793123</timestamp>
			</report>
			<report>
				<misses>525300000</misses>
				<total>0</total>
				<timestamp>4061.559546</timestamp>
			</report>
			<report>
				<misses>525400000</misses>
				<total>0</total>
				<timestamp>4062.347181</timestamp>
			</report>
			<report>
				<misses>525500000</misses>
				<total>0</total>
				<timestamp>4063.128514</timestamp>
			</report>
			<report>
				<misses>525600000</misses>
				<total>0</total>
				<timestamp>4063.897671</timestamp>
			</report>
			<report>
				<misses>525700000</misses>
				<total>0</total>
				<timestamp>4064.629009</timestamp>
			</report>
			<report>
				<misses>525800000</misses>
				<total>0</total>
				<timestamp>4065.380814</timestamp>
			</report>
			<report>
				<misses>525900000</misses>
				<total>0</total>
				<timestamp>4066.144293</timestamp>
			</report>
			<report>
				<misses>526000000</misses>
				<total>0</total>
				<timestamp>4066.915842</timestamp>
			</report>
			<report>
				<misses>526100000</misses>
				<total>0</total>
				<timestamp>4067.689649</timestamp>
			</report>
			<report>
				<misses>526200000</misses>
				<total>0</total>
				<timestamp>4068.421223</timestamp>
			</report>
			<report>
				<misses>526300000</misses>
				<total>0</total>
				<timestamp>4069.170927</timestamp>
			</report>
			<report>
				<misses>526400000</misses>
				<total>0</total>
				<timestamp>4069.966168</timestamp>
			</report>
			<report>
				<misses>526500000</misses>
				<total>0</total>
				<timestamp>4070.759807</timestamp>
			</report>
			<report>
				<misses>526600000</misses>
				<total>0</total>
				<timestamp>4071.539828</timestamp>
			</report>
			<report>
				<misses>526700000</misses>
				<total>0</total>
				<timestamp>4072.368023</timestamp>
			</report>
			<report>
				<misses>526800000</misses>
				<total>0</total>
				<timestamp>4073.140257</timestamp>
			</report>
			<report>
				<misses>526900000</misses>
				<total>0</total>
				<timestamp>4073.923652</timestamp>
			</report>
			<report>
				<misses>527000000</misses>
				<total>0</total>
				<timestamp>4074.726685</timestamp>
			</report>
			<report>
				<misses>527100000</misses>
				<total>0</total>
				<timestamp>4075.443315</timestamp>
			</report>
			<report>
				<misses>527200000</misses>
				<total>0</total>
				<timestamp>4076.232774</timestamp>
			</report>
			<report>
				<misses>527300000</misses>
				<total>0</total>
				<timestamp>4076.990155</timestamp>
			</report>
			<report>
				<misses>527400000</misses>
				<total>0</total>
				<timestamp>4077.712646</timestamp>
			</report>
			<report>
				<misses>527500000</misses>
				<total>0</total>
				<timestamp>4078.450057</timestamp>
			</report>
			<report>
				<misses>527600000</misses>
				<total>0</total>
				<timestamp>4079.203801</timestamp>
			</report>
			<report>
				<misses>527700000</misses>
				<total>0</total>
				<timestamp>4079.969861</timestamp>
			</report>
			<report>
				<misses>527800000</misses>
				<total>0</total>
				<timestamp>4080.739161</timestamp>
			</report>
			<report>
				<misses>527900000</misses>
				<total>0</total>
				<timestamp>4081.470292</timestamp>
			</report>
			<report>
				<misses>528000000</misses>
				<total>0</total>
				<timestamp>4082.264121</timestamp>
			</report>
			<report>
				<misses>528100000</misses>
				<total>0</total>
				<timestamp>4083.074665</timestamp>
			</report>
			<report>
				<misses>528200000</misses>
				<total>0</total>
				<timestamp>4083.838512</timestamp>
			</report>
			<report>
				<misses>528300000</misses>
				<total>0</total>
				<timestamp>4084.618075</timestamp>
			</report>
			<report>
				<misses>528400000</misses>
				<total>0</total>
				<timestamp>4085.437538</timestamp>
			</report>
			<report>
				<misses>528500000</misses>
				<total>0</total>
				<timestamp>4086.191816</timestamp>
			</report>
			<report>
				<misses>528600000</misses>
				<total>0</total>
				<timestamp>4086.981688</timestamp>
			</report>
			<report>
				<misses>528700000</misses>
				<total>0</total>
				<timestamp>4087.760363</timestamp>
			</report>
			<report>
				<misses>528800000</misses>
				<total>0</total>
				<timestamp>4088.557594</timestamp>
			</report>
			<report>
				<misses>528900000</misses>
				<total>0</total>
				<timestamp>4089.298539</timestamp>
			</report>
			<report>
				<misses>529000000</misses>
				<total>0</total>
				<timestamp>4090.049561</timestamp>
			</report>
			<report>
				<misses>529100000</misses>
				<total>0</total>
				<timestamp>4090.779685</timestamp>
			</report>
			<report>
				<misses>529200000</misses>
				<total>0</total>
				<timestamp>4091.510697</timestamp>
			</report>
			<report>
				<misses>529300000</misses>
				<total>0</total>
				<timestamp>4092.250709</timestamp>
			</report>
			<report>
				<misses>529400000</misses>
				<total>0</total>
				<timestamp>4092.982718</timestamp>
			</report>
			<report>
				<misses>529500000</misses>
				<total>0</total>
				<timestamp>4093.730226</timestamp>
			</report>
			<report>
				<misses>529600000</misses>
				<total>0</total>
				<timestamp>4094.482003</timestamp>
			</report>
			<report>
				<misses>529700000</misses>
				<total>0</total>
				<timestamp>4095.235686</timestamp>
			</report>
			<report>
				<misses>529800000</misses>
				<total>0</total>
				<timestamp>4095.978907</timestamp>
			</report>
			<report>
				<misses>529900000</misses>
				<total>0</total>
				<timestamp>4096.740161</timestamp>
			</report>
			<report>
				<misses>530000000</misses>
				<total>0</total>
				<timestamp>4097.498032</timestamp>
			</report>
			<report>
				<misses>530100000</misses>
				<total>0</total>
				<timestamp>4098.301933</timestamp>
			</report>
			<report>
				<misses>530200000</misses>
				<total>0</total>
				<timestamp>4099.065546</timestamp>
			</report>
			<report>
				<misses>530300000</misses>
				<total>0</total>
				<timestamp>4099.816535</timestamp>
			</report>
			<report>
				<misses>530400000</misses>
				<total>0</total>
				<timestamp>4100.571640</timestamp>
			</report>
			<report>
				<misses>530500000</misses>
				<total>0</total>
				<timestamp>4101.345433</timestamp>
			</report>
			<report>
				<misses>530600000</misses>
				<total>0</total>
				<timestamp>4102.113971</timestamp>
			</report>
			<report>
				<misses>530700000</misses>
				<total>0</total>
				<timestamp>4102.854100</timestamp>
			</report>
			<report>
				<misses>530800000</misses>
				<total>0</total>
				<timestamp>4103.623776</timestamp>
			</report>
			<report>
				<misses>530900000</misses>
				<total>0</total>
				<timestamp>4104.395061</timestamp>
			</report>
			<report>
				<misses>531000000</misses>
				<total>0</total>
				<timestamp>4105.154219</timestamp>
			</report>
			<report>
				<misses>531100000</misses>
				<total>0</total>
				<timestamp>4105.912572</timestamp>
			</report>
			<report>
				<misses>531200000</misses>
				<total>0</total>
				<timestamp>4106.673609</timestamp>
			</report>
			<report>
				<misses>531300000</misses>
				<total>0</total>
				<timestamp>4107.385980</timestamp>
			</report>
			<report>
				<misses>531400000</misses>
				<total>0</total>
				<timestamp>4108.103897</timestamp>
			</report>
			<report>
				<misses>531500000</misses>
				<total>0</total>
				<timestamp>4108.869474</timestamp>
			</report>
			<report>
				<misses>531600000</misses>
				<total>0</total>
				<timestamp>4109.595160</timestamp>
			</report>
			<report>
				<misses>531700000</misses>
				<total>0</total>
				<timestamp>4110.319253</timestamp>
			</report>
			<report>
				<misses>531800000</misses>
				<total>0</total>
				<timestamp>4111.058739</timestamp>
			</report>
			<report>
				<misses>531900000</misses>
				<total>0</total>
				<timestamp>4111.785870</timestamp>
			</report>
			<report>
				<misses>532000000</misses>
				<total>0</total>
				<timestamp>4112.512513</timestamp>
			</report>
			<report>
				<misses>532100000</misses>
				<total>0</total>
				<timestamp>4113.303389</timestamp>
			</report>
			<report>
				<misses>532200000</misses>
				<total>0</total>
				<timestamp>4114.074522</timestamp>
			</report>
			<report>
				<misses>532300000</misses>
				<total>0</total>
				<timestamp>4114.835079</timestamp>
			</report>
			<report>
				<misses>532400000</misses>
				<total>0</total>
				<timestamp>4115.612551</timestamp>
			</report>
			<report>
				<misses>532500000</misses>
				<total>0</total>
				<timestamp>4116.355443</timestamp>
			</report>
			<report>
				<misses>532600000</misses>
				<total>0</total>
				<timestamp>4117.141562</timestamp>
			</report>
			<report>
				<misses>532700000</misses>
				<total>0</total>
				<timestamp>4117.932376</timestamp>
			</report>
			<report>
				<misses>532800000</misses>
				<total>0</total>
				<timestamp>4118.688464</timestamp>
			</report>
			<report>
				<misses>532900000</misses>
				<total>0</total>
				<timestamp>4119.505234</timestamp>
			</report>
			<report>
				<misses>533000000</misses>
				<total>0</total>
				<timestamp>4120.284963</timestamp>
			</report>
			<report>
				<misses>533100000</misses>
				<total>0</total>
				<timestamp>4121.093050</timestamp>
			</report>
			<report>
				<misses>533200000</misses>
				<total>0</total>
				<timestamp>4121.848511</timestamp>
			</report>
			<report>
				<misses>533300000</misses>
				<total>0</total>
				<timestamp>4122.610028</timestamp>
			</report>
			<report>
				<misses>533400000</misses>
				<total>0</total>
				<timestamp>4123.348396</timestamp>
			</report>
			<report>
				<misses>533500000</misses>
				<total>0</total>
				<timestamp>4124.101966</timestamp>
			</report>
			<report>
				<misses>533600000</misses>
				<total>0</total>
				<timestamp>4124.877378</timestamp>
			</report>
			<report>
				<misses>533700000</misses>
				<total>0</total>
				<timestamp>4125.604698</timestamp>
			</report>
			<report>
				<misses>533800000</misses>
				<total>0</total>
				<timestamp>4126.356516</timestamp>
			</report>
			<report>
				<misses>533900000</misses>
				<total>0</total>
				<timestamp>4127.093321</timestamp>
			</report>
			<report>
				<misses>534000000</misses>
				<total>0</total>
				<timestamp>4127.804098</timestamp>
			</report>
			<report>
				<misses>534100000</misses>
				<total>0</total>
				<timestamp>4128.577466</timestamp>
			</report>
			<report>
				<misses>534200000</misses>
				<total>0</total>
				<timestamp>4129.331276</timestamp>
			</report>
			<report>
				<misses>534300000</misses>
				<total>0</total>
				<timestamp>4130.097759</timestamp>
			</report>
			<report>
				<misses>534400000</misses>
				<total>0</total>
				<timestamp>4130.872480</timestamp>
			</report>
			<report>
				<misses>534500000</misses>
				<total>0</total>
				<timestamp>4131.620811</timestamp>
			</report>
			<report>
				<misses>534600000</misses>
				<total>0</total>
				<timestamp>4132.381312</timestamp>
			</report>
			<report>
				<misses>534700000</misses>
				<total>0</total>
				<timestamp>4133.136143</timestamp>
			</report>
			<report>
				<misses>534800000</misses>
				<total>0</total>
				<timestamp>4133.893069</timestamp>
			</report>
			<report>
				<misses>534900000</misses>
				<total>0</total>
				<timestamp>4134.688312</timestamp>
			</report>
			<report>
				<misses>535000000</misses>
				<total>0</total>
				<timestamp>4135.453891</timestamp>
			</report>
			<report>
				<misses>535100000</misses>
				<total>0</total>
				<timestamp>4136.231096</timestamp>
			</report>
			<report>
				<misses>535200000</misses>
				<total>0</total>
				<timestamp>4136.982239</timestamp>
			</report>
			<report>
				<misses>535300000</misses>
				<total>0</total>
				<timestamp>4137.772039</timestamp>
			</report>
			<report>
				<misses>535400000</misses>
				<total>0</total>
				<timestamp>4138.548295</timestamp>
			</report>
			<report>
				<misses>535500000</misses>
				<total>0</total>
				<timestamp>4139.360301</timestamp>
			</report>
			<report>
				<misses>535600000</misses>
				<total>0</total>
				<timestamp>4140.128521</timestamp>
			</report>
			<report>
				<misses>535700000</misses>
				<total>0</total>
				<timestamp>4140.917082</timestamp>
			</report>
			<report>
				<misses>535800000</misses>
				<total>0</total>
				<timestamp>4141.700014</timestamp>
			</report>
			<report>
				<misses>535900000</misses>
				<total>0</total>
				<timestamp>4142.467037</timestamp>
			</report>
			<report>
				<misses>536000000</misses>
				<total>0</total>
				<timestamp>4143.230178</timestamp>
			</report>
			<report>
				<misses>536100000</misses>
				<total>0</total>
				<timestamp>4144.030649</timestamp>
			</report>
			<report>
				<misses>536200000</misses>
				<total>0</total>
				<timestamp>4144.800024</timestamp>
			</report>
			<report>
				<misses>536300000</misses>
				<total>0</total>
				<timestamp>4145.537136</timestamp>
			</report>
			<report>
				<misses>536400000</misses>
				<total>0</total>
				<timestamp>4146.323223</timestamp>
			</report>
			<report>
				<misses>536500000</misses>
				<total>0</total>
				<timestamp>4147.097505</timestamp>
			</report>
			<report>
				<misses>536600000</misses>
				<total>0</total>
				<timestamp>4147.858037</timestamp>
			</report>
			<report>
				<misses>536700000</misses>
				<total>0</total>
				<timestamp>4148.624187</timestamp>
			</report>
			<report>
				<misses>536800000</misses>
				<total>0</total>
				<timestamp>4149.374050</timestamp>
			</report>
			<report>
				<misses>536900000</misses>
				<total>0</total>
				<timestamp>4150.166378</timestamp>
			</report>
			<report>
				<misses>537000000</misses>
				<total>0</total>
				<timestamp>4150.923546</timestamp>
			</report>
			<report>
				<misses>537100000</misses>
				<total>0</total>
				<timestamp>4151.685618</timestamp>
			</report>
			<report>
				<misses>537200000</misses>
				<total>0</total>
				<timestamp>4152.474459</timestamp>
			</report>
			<report>
				<misses>537300000</misses>
				<total>0</total>
				<timestamp>4153.316923</timestamp>
			</report>
			<report>
				<misses>537400000</misses>
				<total>0</total>
				<timestamp>4154.077334</timestamp>
			</report>
			<report>
				<misses>537500000</misses>
				<total>0</total>
				<timestamp>4154.855269</timestamp>
			</report>
			<report>
				<misses>537600000</misses>
				<total>0</total>
				<timestamp>4155.656486</timestamp>
			</report>
			<report>
				<misses>537700000</misses>
				<total>0</total>
				<timestamp>4156.447279</timestamp>
			</report>
			<report>
				<misses>537800000</misses>
				<total>0</total>
				<timestamp>4157.198390</timestamp>
			</report>
			<report>
				<misses>537900000</misses>
				<total>0</total>
				<timestamp>4157.974886</timestamp>
			</report>
			<report>
				<misses>538000000</misses>
				<total>0</total>
				<timestamp>4158.786766</timestamp>
			</report>
			<report>
				<misses>538100000</misses>
				<total>0</total>
				<timestamp>4159.601371</timestamp>
			</report>
			<report>
				<misses>538200000</misses>
				<total>0</total>
				<timestamp>4160.390498</timestamp>
			</report>
			<report>
				<misses>538300000</misses>
				<total>0</total>
				<timestamp>4161.167082</timestamp>
			</report>
			<report>
				<misses>538400000</misses>
				<total>0</total>
				<timestamp>4161.967869</timestamp>
			</report>
			<report>
				<misses>538500000</misses>
				<total>0</total>
				<timestamp>4162.726801</timestamp>
			</report>
			<report>
				<misses>538600000</misses>
				<total>0</total>
				<timestamp>4163.469295</timestamp>
			</report>
			<report>
				<misses>538700000</misses>
				<total>0</total>
				<timestamp>4164.302773</timestamp>
			</report>
			<report>
				<misses>538800000</misses>
				<total>0</total>
				<timestamp>4165.046855</timestamp>
			</report>
			<report>
				<misses>538900000</misses>
				<total>0</total>
				<timestamp>4165.806292</timestamp>
			</report>
			<report>
				<misses>539000000</misses>
				<total>0</total>
				<timestamp>4166.590867</timestamp>
			</report>
			<report>
				<misses>539100000</misses>
				<total>0</total>
				<timestamp>4167.382071</timestamp>
			</report>
			<report>
				<misses>539200000</misses>
				<total>0</total>
				<timestamp>4168.113333</timestamp>
			</report>
			<report>
				<misses>539300000</misses>
				<total>0</total>
				<timestamp>4168.862483</timestamp>
			</report>
			<report>
				<misses>539400000</misses>
				<total>0</total>
				<timestamp>4169.654410</timestamp>
			</report>
			<report>
				<misses>539500000</misses>
				<total>0</total>
				<timestamp>4170.400482</timestamp>
			</report>
			<report>
				<misses>539600000</misses>
				<total>0</total>
				<timestamp>4171.166108</timestamp>
			</report>
			<report>
				<misses>539700000</misses>
				<total>0</total>
				<timestamp>4171.889391</timestamp>
			</report>
			<report>
				<misses>539800000</misses>
				<total>0</total>
				<timestamp>4172.631641</timestamp>
			</report>
			<report>
				<misses>539900000</misses>
				<total>0</total>
				<timestamp>4173.392065</timestamp>
			</report>
			<report>
				<misses>540000000</misses>
				<total>0</total>
				<timestamp>4174.120263</timestamp>
			</report>
			<report>
				<misses>540100000</misses>
				<total>0</total>
				<timestamp>4174.845065</timestamp>
			</report>
			<report>
				<misses>540200000</misses>
				<total>0</total>
				<timestamp>4175.623924</timestamp>
			</report>
			<report>
				<misses>540300000</misses>
				<total>0</total>
				<timestamp>4176.401634</timestamp>
			</report>
			<report>
				<misses>540400000</misses>
				<total>0</total>
				<timestamp>4177.158128</timestamp>
			</report>
			<report>
				<misses>540500000</misses>
				<total>0</total>
				<timestamp>4177.918254</timestamp>
			</report>
			<report>
				<misses>540600000</misses>
				<total>0</total>
				<timestamp>4178.709002</timestamp>
			</report>
			<report>
				<misses>540700000</misses>
				<total>0</total>
				<timestamp>4179.494897</timestamp>
			</report>
			<report>
				<misses>540800000</misses>
				<total>0</total>
				<timestamp>4180.241086</timestamp>
			</report>
			<report>
				<misses>540900000</misses>
				<total>0</total>
				<timestamp>4181.011184</timestamp>
			</report>
			<report>
				<misses>541000000</misses>
				<total>0</total>
				<timestamp>4181.789396</timestamp>
			</report>
			<report>
				<misses>541100000</misses>
				<total>0</total>
				<timestamp>4182.554662</timestamp>
			</report>
			<report>
				<misses>541200000</misses>
				<total>0</total>
				<timestamp>4183.318411</timestamp>
			</report>
			<report>
				<misses>541300000</misses>
				<total>0</total>
				<timestamp>4184.086584</timestamp>
			</report>
			<report>
				<misses>541400000</misses>
				<total>0</total>
				<timestamp>4184.869638</timestamp>
			</report>
			<report>
				<misses>541500000</misses>
				<total>0</total>
				<timestamp>4185.630964</timestamp>
			</report>
			<report>
				<misses>541600000</misses>
				<total>0</total>
				<timestamp>4186.439990</timestamp>
			</report>
			<report>
				<misses>541700000</misses>
				<total>0</total>
				<timestamp>4187.198287</timestamp>
			</report>
			<report>
				<misses>541800000</misses>
				<total>0</total>
				<timestamp>4187.966634</timestamp>
			</report>
			<report>
				<misses>541900000</misses>
				<total>0</total>
				<timestamp>4188.731741</timestamp>
			</report>
			<report>
				<misses>542000000</misses>
				<total>0</total>
				<timestamp>4189.507523</timestamp>
			</report>
			<report>
				<misses>542100000</misses>
				<total>0</total>
				<timestamp>4190.290352</timestamp>
			</report>
			<report>
				<misses>542200000</misses>
				<total>0</total>
				<timestamp>4191.071401</timestamp>
			</report>
			<report>
				<misses>542300000</misses>
				<total>0</total>
				<timestamp>4191.816224</timestamp>
			</report>
			<report>
				<misses>542400000</misses>
				<total>0</total>
				<timestamp>4192.612317</timestamp>
			</report>
			<report>
				<misses>542500000</misses>
				<total>0</total>
				<timestamp>4193.380462</timestamp>
			</report>
			<report>
				<misses>542600000</misses>
				<total>0</total>
				<timestamp>4194.127692</timestamp>
			</report>
			<report>
				<misses>542700000</misses>
				<total>0</total>
				<timestamp>4194.881714</timestamp>
			</report>
			<report>
				<misses>542800000</misses>
				<total>0</total>
				<timestamp>4195.675896</timestamp>
			</report>
			<report>
				<misses>542900000</misses>
				<total>0</total>
				<timestamp>4196.480496</timestamp>
			</report>
			<report>
				<misses>543000000</misses>
				<total>0</total>
				<timestamp>4197.227633</timestamp>
			</report>
			<report>
				<misses>543100000</misses>
				<total>0</total>
				<timestamp>4197.994229</timestamp>
			</report>
			<report>
				<misses>543200000</misses>
				<total>0</total>
				<timestamp>4198.766746</timestamp>
			</report>
			<report>
				<misses>543300000</misses>
				<total>0</total>
				<timestamp>4199.543760</timestamp>
			</report>
			<report>
				<misses>543400000</misses>
				<total>0</total>
				<timestamp>4200.288165</timestamp>
			</report>
			<report>
				<misses>543500000</misses>
				<total>0</total>
				<timestamp>4201.031621</timestamp>
			</report>
			<report>
				<misses>543600000</misses>
				<total>0</total>
				<timestamp>4201.865022</timestamp>
			</report>
			<report>
				<misses>543700000</misses>
				<total>0</total>
				<timestamp>4202.652377</timestamp>
			</report>
			<report>
				<misses>543800000</misses>
				<total>0</total>
				<timestamp>4203.455006</timestamp>
			</report>
			<report>
				<misses>543900000</misses>
				<total>0</total>
				<timestamp>4204.213611</timestamp>
			</report>
			<report>
				<misses>544000000</misses>
				<total>0</total>
				<timestamp>4205.016622</timestamp>
			</report>
			<report>
				<misses>544100000</misses>
				<total>0</total>
				<timestamp>4205.797323</timestamp>
			</report>
			<report>
				<misses>544200000</misses>
				<total>0</total>
				<timestamp>4206.557945</timestamp>
			</report>
			<report>
				<misses>544300000</misses>
				<total>0</total>
				<timestamp>4207.320647</timestamp>
			</report>
			<report>
				<misses>544400000</misses>
				<total>0</total>
				<timestamp>4208.116355</timestamp>
			</report>
			<report>
				<misses>544500000</misses>
				<total>0</total>
				<timestamp>4208.898137</timestamp>
			</report>
			<report>
				<misses>544600000</misses>
				<total>0</total>
				<timestamp>4209.643843</timestamp>
			</report>
			<report>
				<misses>544700000</misses>
				<total>0</total>
				<timestamp>4210.400727</timestamp>
			</report>
			<report>
				<misses>544800000</misses>
				<total>0</total>
				<timestamp>4211.214857</timestamp>
			</report>
			<report>
				<misses>544900000</misses>
				<total>0</total>
				<timestamp>4212.025695</timestamp>
			</report>
			<report>
				<misses>545000000</misses>
				<total>0</total>
				<timestamp>4212.824144</timestamp>
			</report>
			<report>
				<misses>545100000</misses>
				<total>0</total>
				<timestamp>4213.639620</timestamp>
			</report>
			<report>
				<misses>545200000</misses>
				<total>0</total>
				<timestamp>4214.429082</timestamp>
			</report>
			<report>
				<misses>545300000</misses>
				<total>0</total>
				<timestamp>4215.210753</timestamp>
			</report>
			<report>
				<misses>545400000</misses>
				<total>0</total>
				<timestamp>4216.030428</timestamp>
			</report>
			<report>
				<misses>545500000</misses>
				<total>0</total>
				<timestamp>4216.801140</timestamp>
			</report>
			<report>
				<misses>545600000</misses>
				<total>0</total>
				<timestamp>4217.597023</timestamp>
			</report>
			<report>
				<misses>545700000</misses>
				<total>0</total>
				<timestamp>4218.365261</timestamp>
			</report>
			<report>
				<misses>545800000</misses>
				<total>0</total>
				<timestamp>4219.170001</timestamp>
			</report>
			<report>
				<misses>545900000</misses>
				<total>0</total>
				<timestamp>4219.901128</timestamp>
			</report>
			<report>
				<misses>546000000</misses>
				<total>0</total>
				<timestamp>4220.653595</timestamp>
			</report>
			<report>
				<misses>546100000</misses>
				<total>0</total>
				<timestamp>4221.442183</timestamp>
			</report>
			<report>
				<misses>546200000</misses>
				<total>0</total>
				<timestamp>4222.241190</timestamp>
			</report>
			<report>
				<misses>546300000</misses>
				<total>0</total>
				<timestamp>4223.074830</timestamp>
			</report>
			<report>
				<misses>546400000</misses>
				<total>0</total>
				<timestamp>4223.847307</timestamp>
			</report>
			<report>
				<misses>546500000</misses>
				<total>0</total>
				<timestamp>4224.646338</timestamp>
			</report>
			<report>
				<misses>546600000</misses>
				<total>0</total>
				<timestamp>4225.425157</timestamp>
			</report>
			<report>
				<misses>546700000</misses>
				<total>0</total>
				<timestamp>4226.226933</timestamp>
			</report>
			<report>
				<misses>546800000</misses>
				<total>0</total>
				<timestamp>4226.996933</timestamp>
			</report>
			<report>
				<misses>546900000</misses>
				<total>0</total>
				<timestamp>4227.778587</timestamp>
			</report>
			<report>
				<misses>547000000</misses>
				<total>0</total>
				<timestamp>4228.537706</timestamp>
			</report>
			<report>
				<misses>547100000</misses>
				<total>0</total>
				<timestamp>4229.365993</timestamp>
			</report>
			<report>
				<misses>547200000</misses>
				<total>0</total>
				<timestamp>4230.174328</timestamp>
			</report>
			<report>
				<misses>547300000</misses>
				<total>0</total>
				<timestamp>4230.943424</timestamp>
			</report>
			<report>
				<misses>547400000</misses>
				<total>0</total>
				<timestamp>4231.768145</timestamp>
			</report>
			<report>
				<misses>547500000</misses>
				<total>0</total>
				<timestamp>4232.516648</timestamp>
			</report>
			<report>
				<misses>547600000</misses>
				<total>0</total>
				<timestamp>4233.316414</timestamp>
			</report>
			<report>
				<misses>547700000</misses>
				<total>0</total>
				<timestamp>4234.038920</timestamp>
			</report>
			<report>
				<misses>547800000</misses>
				<total>0</total>
				<timestamp>4234.791884</timestamp>
			</report>
			<report>
				<misses>547900000</misses>
				<total>0</total>
				<timestamp>4235.576787</timestamp>
			</report>
			<report>
				<misses>548000000</misses>
				<total>0</total>
				<timestamp>4236.288381</timestamp>
			</report>
			<report>
				<misses>548100000</misses>
				<total>0</total>
				<timestamp>4237.016060</timestamp>
			</report>
			<report>
				<misses>548200000</misses>
				<total>0</total>
				<timestamp>4237.771751</timestamp>
			</report>
			<report>
				<misses>548300000</misses>
				<total>0</total>
				<timestamp>4238.514429</timestamp>
			</report>
			<report>
				<misses>548400000</misses>
				<total>0</total>
				<timestamp>4239.278126</timestamp>
			</report>
			<report>
				<misses>548500000</misses>
				<total>0</total>
				<timestamp>4240.042771</timestamp>
			</report>
			<report>
				<misses>548600000</misses>
				<total>0</total>
				<timestamp>4240.823923</timestamp>
			</report>
			<report>
				<misses>548700000</misses>
				<total>0</total>
				<timestamp>4241.670512</timestamp>
			</report>
			<report>
				<misses>548800000</misses>
				<total>0</total>
				<timestamp>4242.431079</timestamp>
			</report>
			<report>
				<misses>548900000</misses>
				<total>0</total>
				<timestamp>4243.203920</timestamp>
			</report>
			<report>
				<misses>549000000</misses>
				<total>0</total>
				<timestamp>4243.963772</timestamp>
			</report>
			<report>
				<misses>549100000</misses>
				<total>0</total>
				<timestamp>4244.766464</timestamp>
			</report>
			<report>
				<misses>549200000</misses>
				<total>0</total>
				<timestamp>4245.517614</timestamp>
			</report>
			<report>
				<misses>549300000</misses>
				<total>0</total>
				<timestamp>4246.307039</timestamp>
			</report>
			<report>
				<misses>549400000</misses>
				<total>0</total>
				<timestamp>4247.107694</timestamp>
			</report>
			<report>
				<misses>549500000</misses>
				<total>0</total>
				<timestamp>4247.906445</timestamp>
			</report>
			<report>
				<misses>549600000</misses>
				<total>0</total>
				<timestamp>4248.713569</timestamp>
			</report>
			<report>
				<misses>549700000</misses>
				<total>0</total>
				<timestamp>4249.484098</timestamp>
			</report>
			<report>
				<misses>549800000</misses>
				<total>0</total>
				<timestamp>4250.252924</timestamp>
			</report>
			<report>
				<misses>549900000</misses>
				<total>0</total>
				<timestamp>4250.990492</timestamp>
			</report>
			<report>
				<misses>550000000</misses>
				<total>0</total>
				<timestamp>4251.749425</timestamp>
			</report>
			<report>
				<misses>550100000</misses>
				<total>0</total>
				<timestamp>4252.492330</timestamp>
			</report>
			<report>
				<misses>550200000</misses>
				<total>0</total>
				<timestamp>4253.244238</timestamp>
			</report>
			<report>
				<misses>550300000</misses>
				<total>0</total>
				<timestamp>4254.002541</timestamp>
			</report>
			<report>
				<misses>550400000</misses>
				<total>0</total>
				<timestamp>4254.723309</timestamp>
			</report>
			<report>
				<misses>550500000</misses>
				<total>0</total>
				<timestamp>4255.452922</timestamp>
			</report>
			<report>
				<misses>550600000</misses>
				<total>0</total>
				<timestamp>4256.209672</timestamp>
			</report>
			<report>
				<misses>550700000</misses>
				<total>0</total>
				<timestamp>4257.052348</timestamp>
			</report>
			<report>
				<misses>550800000</misses>
				<total>0</total>
				<timestamp>4257.788133</timestamp>
			</report>
			<report>
				<misses>550900000</misses>
				<total>0</total>
				<timestamp>4258.598466</timestamp>
			</report>
			<report>
				<misses>551000000</misses>
				<total>0</total>
				<timestamp>4259.390053</timestamp>
			</report>
			<report>
				<misses>551100000</misses>
				<total>0</total>
				<timestamp>4260.156504</timestamp>
			</report>
			<report>
				<misses>551200000</misses>
				<total>0</total>
				<timestamp>4260.966793</timestamp>
			</report>
			<report>
				<misses>551300000</misses>
				<total>0</total>
				<timestamp>4261.721520</timestamp>
			</report>
			<report>
				<misses>551400000</misses>
				<total>0</total>
				<timestamp>4262.499479</timestamp>
			</report>
			<report>
				<misses>551500000</misses>
				<total>0</total>
				<timestamp>4263.224958</timestamp>
			</report>
			<report>
				<misses>551600000</misses>
				<total>0</total>
				<timestamp>4263.951556</timestamp>
			</report>
			<report>
				<misses>551700000</misses>
				<total>0</total>
				<timestamp>4264.760615</timestamp>
			</report>
			<report>
				<misses>551800000</misses>
				<total>0</total>
				<timestamp>4265.542624</timestamp>
			</report>
			<report>
				<misses>551900000</misses>
				<total>0</total>
				<timestamp>4266.314258</timestamp>
			</report>
			<report>
				<misses>552000000</misses>
				<total>0</total>
				<timestamp>4267.100441</timestamp>
			</report>
			<report>
				<misses>552100000</misses>
				<total>0</total>
				<timestamp>4267.919023</timestamp>
			</report>
			<report>
				<misses>552200000</misses>
				<total>0</total>
				<timestamp>4268.683375</timestamp>
			</report>
			<report>
				<misses>552300000</misses>
				<total>0</total>
				<timestamp>4269.452110</timestamp>
			</report>
			<report>
				<misses>552400000</misses>
				<total>0</total>
				<timestamp>4270.274638</timestamp>
			</report>
			<report>
				<misses>552500000</misses>
				<total>0</total>
				<timestamp>4271.063892</timestamp>
			</report>
			<report>
				<misses>552600000</misses>
				<total>0</total>
				<timestamp>4271.832014</timestamp>
			</report>
			<report>
				<misses>552700000</misses>
				<total>0</total>
				<timestamp>4272.591342</timestamp>
			</report>
			<report>
				<misses>552800000</misses>
				<total>0</total>
				<timestamp>4273.351861</timestamp>
			</report>
			<report>
				<misses>552900000</misses>
				<total>0</total>
				<timestamp>4274.105447</timestamp>
			</report>
			<report>
				<misses>553000000</misses>
				<total>0</total>
				<timestamp>4274.862811</timestamp>
			</report>
			<report>
				<misses>553100000</misses>
				<total>0</total>
				<timestamp>4275.600205</timestamp>
			</report>
			<report>
				<misses>553200000</misses>
				<total>0</total>
				<timestamp>4276.330187</timestamp>
			</report>
			<report>
				<misses>553300000</misses>
				<total>0</total>
				<timestamp>4277.106014</timestamp>
			</report>
			<report>
				<misses>553400000</misses>
				<total>0</total>
				<timestamp>4277.860464</timestamp>
			</report>
			<report>
				<misses>553500000</misses>
				<total>0</total>
				<timestamp>4278.601741</timestamp>
			</report>
			<report>
				<misses>553600000</misses>
				<total>0</total>
				<timestamp>4279.358687</timestamp>
			</report>
			<report>
				<misses>553700000</misses>
				<total>0</total>
				<timestamp>4280.117948</timestamp>
			</report>
			<report>
				<misses>553800000</misses>
				<total>0</total>
				<timestamp>4280.890007</timestamp>
			</report>
			<report>
				<misses>553900000</misses>
				<total>0</total>
				<timestamp>4281.672763</timestamp>
			</report>
			<report>
				<misses>554000000</misses>
				<total>0</total>
				<timestamp>4282.453321</timestamp>
			</report>
			<report>
				<misses>554100000</misses>
				<total>0</total>
				<timestamp>4283.256281</timestamp>
			</report>
			<report>
				<misses>554200000</misses>
				<total>0</total>
				<timestamp>4284.038290</timestamp>
			</report>
			<report>
				<misses>554300000</misses>
				<total>0</total>
				<timestamp>4284.821988</timestamp>
			</report>
			<report>
				<misses>554400000</misses>
				<total>0</total>
				<timestamp>4285.574586</timestamp>
			</report>
			<report>
				<misses>554500000</misses>
				<total>0</total>
				<timestamp>4286.364042</timestamp>
			</report>
			<report>
				<misses>554600000</misses>
				<total>0</total>
				<timestamp>4287.142712</timestamp>
			</report>
			<report>
				<misses>554700000</misses>
				<total>0</total>
				<timestamp>4287.908361</timestamp>
			</report>
			<report>
				<misses>554800000</misses>
				<total>0</total>
				<timestamp>4288.643791</timestamp>
			</report>
			<report>
				<misses>554900000</misses>
				<total>0</total>
				<timestamp>4289.471714</timestamp>
			</report>
			<report>
				<misses>555000000</misses>
				<total>0</total>
				<timestamp>4290.245731</timestamp>
			</report>
			<report>
				<misses>555100000</misses>
				<total>0</total>
				<timestamp>4290.973960</timestamp>
			</report>
			<report>
				<misses>555200000</misses>
				<total>0</total>
				<timestamp>4291.716354</timestamp>
			</report>
			<report>
				<misses>555300000</misses>
				<total>0</total>
				<timestamp>4292.486373</timestamp>
			</report>
			<report>
				<misses>555400000</misses>
				<total>0</total>
				<timestamp>4293.209229</timestamp>
			</report>
			<report>
				<misses>555500000</misses>
				<total>0</total>
				<timestamp>4293.969045</timestamp>
			</report>
			<report>
				<misses>555600000</misses>
				<total>0</total>
				<timestamp>4294.681325</timestamp>
			</report>
			<report>
				<misses>555700000</misses>
				<total>0</total>
				<timestamp>4295.413886</timestamp>
			</report>
			<report>
				<misses>555800000</misses>
				<total>0</total>
				<timestamp>4296.181515</timestamp>
			</report>
			<report>
				<misses>555900000</misses>
				<total>0</total>
				<timestamp>4296.956568</timestamp>
			</report>
			<report>
				<misses>556000000</misses>
				<total>0</total>
				<timestamp>4297.725135</timestamp>
			</report>
			<report>
				<misses>556100000</misses>
				<total>0</total>
				<timestamp>4298.468518</timestamp>
			</report>
			<report>
				<misses>556200000</misses>
				<total>0</total>
				<timestamp>4299.254146</timestamp>
			</report>
			<report>
				<misses>556300000</misses>
				<total>0</total>
				<timestamp>4299.997277</timestamp>
			</report>
			<report>
				<misses>556400000</misses>
				<total>0</total>
				<timestamp>4300.765878</timestamp>
			</report>
			<report>
				<misses>556500000</misses>
				<total>0</total>
				<timestamp>4301.509116</timestamp>
			</report>
			<report>
				<misses>556600000</misses>
				<total>0</total>
				<timestamp>4302.261828</timestamp>
			</report>
			<report>
				<misses>556700000</misses>
				<total>0</total>
				<timestamp>4303.034105</timestamp>
			</report>
			<report>
				<misses>556800000</misses>
				<total>0</total>
				<timestamp>4303.800447</timestamp>
			</report>
			<report>
				<misses>556900000</misses>
				<total>0</total>
				<timestamp>4304.643372</timestamp>
			</report>
			<report>
				<misses>557000000</misses>
				<total>0</total>
				<timestamp>4305.426082</timestamp>
			</report>
			<report>
				<misses>557100000</misses>
				<total>0</total>
				<timestamp>4306.203546</timestamp>
			</report>
			<report>
				<misses>557200000</misses>
				<total>0</total>
				<timestamp>4306.962526</timestamp>
			</report>
			<report>
				<misses>557300000</misses>
				<total>0</total>
				<timestamp>4307.739046</timestamp>
			</report>
			<report>
				<misses>557400000</misses>
				<total>0</total>
				<timestamp>4308.529750</timestamp>
			</report>
			<report>
				<misses>557500000</misses>
				<total>0</total>
				<timestamp>4309.286569</timestamp>
			</report>
			<report>
				<misses>557600000</misses>
				<total>0</total>
				<timestamp>4310.038973</timestamp>
			</report>
			<report>
				<misses>557700000</misses>
				<total>0</total>
				<timestamp>4310.841086</timestamp>
			</report>
			<report>
				<misses>557800000</misses>
				<total>0</total>
				<timestamp>4311.574749</timestamp>
			</report>
			<report>
				<misses>557900000</misses>
				<total>0</total>
				<timestamp>4312.346003</timestamp>
			</report>
			<report>
				<misses>558000000</misses>
				<total>0</total>
				<timestamp>4313.076860</timestamp>
			</report>
			<report>
				<misses>558100000</misses>
				<total>0</total>
				<timestamp>4313.812475</timestamp>
			</report>
			<report>
				<misses>558200000</misses>
				<total>0</total>
				<timestamp>4314.559477</timestamp>
			</report>
			<report>
				<misses>558300000</misses>
				<total>0</total>
				<timestamp>4315.332652</timestamp>
			</report>
			<report>
				<misses>558400000</misses>
				<total>0</total>
				<timestamp>4316.079749</timestamp>
			</report>
			<report>
				<misses>558500000</misses>
				<total>0</total>
				<timestamp>4316.850971</timestamp>
			</report>
			<report>
				<misses>558600000</misses>
				<total>0</total>
				<timestamp>4317.627524</timestamp>
			</report>
			<report>
				<misses>558700000</misses>
				<total>0</total>
				<timestamp>4318.388043</timestamp>
			</report>
			<report>
				<misses>558800000</misses>
				<total>0</total>
				<timestamp>4319.158188</timestamp>
			</report>
			<report>
				<misses>558900000</misses>
				<total>0</total>
				<timestamp>4319.947754</timestamp>
			</report>
			<report>
				<misses>559000000</misses>
				<total>0</total>
				<timestamp>4320.690650</timestamp>
			</report>
			<report>
				<misses>559100000</misses>
				<total>0</total>
				<timestamp>4321.413797</timestamp>
			</report>
			<report>
				<misses>559200000</misses>
				<total>0</total>
				<timestamp>4322.214119</timestamp>
			</report>
			<report>
				<misses>559300000</misses>
				<total>0</total>
				<timestamp>4323.007402</timestamp>
			</report>
			<report>
				<misses>559400000</misses>
				<total>0</total>
				<timestamp>4323.785984</timestamp>
			</report>
			<report>
				<misses>559500000</misses>
				<total>0</total>
				<timestamp>4324.557334</timestamp>
			</report>
			<report>
				<misses>559600000</misses>
				<total>0</total>
				<timestamp>4325.347243</timestamp>
			</report>
			<report>
				<misses>559700000</misses>
				<total>0</total>
				<timestamp>4326.117952</timestamp>
			</report>
			<report>
				<misses>559800000</misses>
				<total>0</total>
				<timestamp>4326.883584</timestamp>
			</report>
			<report>
				<misses>559900000</misses>
				<total>0</total>
				<timestamp>4327.688380</timestamp>
			</report>
			<report>
				<misses>560000000</misses>
				<total>0</total>
				<timestamp>4328.492513</timestamp>
			</report>
			<report>
				<misses>560100000</misses>
				<total>0</total>
				<timestamp>4329.277667</timestamp>
			</report>
			<report>
				<misses>560200000</misses>
				<total>0</total>
				<timestamp>4330.060711</timestamp>
			</report>
			<report>
				<misses>560300000</misses>
				<total>0</total>
				<timestamp>4330.849117</timestamp>
			</report>
			<report>
				<misses>560400000</misses>
				<total>0</total>
				<timestamp>4331.596207</timestamp>
			</report>
			<report>
				<misses>560500000</misses>
				<total>0</total>
				<timestamp>4332.391651</timestamp>
			</report>
			<report>
				<misses>560600000</misses>
				<total>0</total>
				<timestamp>4333.166042</timestamp>
			</report>
			<report>
				<misses>560700000</misses>
				<total>0</total>
				<timestamp>4333.921208</timestamp>
			</report>
			<report>
				<misses>560800000</misses>
				<total>0</total>
				<timestamp>4334.677385</timestamp>
			</report>
			<report>
				<misses>560900000</misses>
				<total>0</total>
				<timestamp>4335.455544</timestamp>
			</report>
			<report>
				<misses>561000000</misses>
				<total>0</total>
				<timestamp>4336.269944</timestamp>
			</report>
			<report>
				<misses>561100000</misses>
				<total>0</total>
				<timestamp>4337.062018</timestamp>
			</report>
			<report>
				<misses>561200000</misses>
				<total>0</total>
				<timestamp>4337.859723</timestamp>
			</report>
			<report>
				<misses>561300000</misses>
				<total>0</total>
				<timestamp>4338.644038</timestamp>
			</report>
			<report>
				<misses>561400000</misses>
				<total>0</total>
				<timestamp>4339.401805</timestamp>
			</report>
			<report>
				<misses>561500000</misses>
				<total>0</total>
				<timestamp>4340.150592</timestamp>
			</report>
			<report>
				<misses>561600000</misses>
				<total>0</total>
				<timestamp>4340.870477</timestamp>
			</report>
			<report>
				<misses>561700000</misses>
				<total>0</total>
				<timestamp>4341.603633</timestamp>
			</report>
			<report>
				<misses>561800000</misses>
				<total>0</total>
				<timestamp>4342.366117</timestamp>
			</report>
			<report>
				<misses>561900000</misses>
				<total>0</total>
				<timestamp>4343.114482</timestamp>
			</report>
			<report>
				<misses>562000000</misses>
				<total>0</total>
				<timestamp>4343.863885</timestamp>
			</report>
			<report>
				<misses>562100000</misses>
				<total>0</total>
				<timestamp>4344.616689</timestamp>
			</report>
			<report>
				<misses>562200000</misses>
				<total>0</total>
				<timestamp>4345.366461</timestamp>
			</report>
			<report>
				<misses>562300000</misses>
				<total>0</total>
				<timestamp>4346.113513</timestamp>
			</report>
			<report>
				<misses>562400000</misses>
				<total>0</total>
				<timestamp>4346.933086</timestamp>
			</report>
			<report>
				<misses>562500000</misses>
				<total>0</total>
				<timestamp>4347.696141</timestamp>
			</report>
			<report>
				<misses>562600000</misses>
				<total>0</total>
				<timestamp>4348.463550</timestamp>
			</report>
			<report>
				<misses>562700000</misses>
				<total>0</total>
				<timestamp>4349.281791</timestamp>
			</report>
			<report>
				<misses>562800000</misses>
				<total>0</total>
				<timestamp>4350.018816</timestamp>
			</report>
			<report>
				<misses>562900000</misses>
				<total>0</total>
				<timestamp>4350.806788</timestamp>
			</report>
			<report>
				<misses>563000000</misses>
				<total>0</total>
				<timestamp>4351.589841</timestamp>
			</report>
			<report>
				<misses>563100000</misses>
				<total>0</total>
				<timestamp>4352.377581</timestamp>
			</report>
			<report>
				<misses>563200000</misses>
				<total>0</total>
				<timestamp>4353.168567</timestamp>
			</report>
			<report>
				<misses>563300000</misses>
				<total>0</total>
				<timestamp>4353.941712</timestamp>
			</report>
			<report>
				<misses>563400000</misses>
				<total>0</total>
				<timestamp>4354.697609</timestamp>
			</report>
			<report>
				<misses>563500000</misses>
				<total>0</total>
				<timestamp>4355.437435</timestamp>
			</report>
			<report>
				<misses>563600000</misses>
				<total>0</total>
				<timestamp>4356.208938</timestamp>
			</report>
			<report>
				<misses>563700000</misses>
				<total>0</total>
				<timestamp>4356.965535</timestamp>
			</report>
			<report>
				<misses>563800000</misses>
				<total>0</total>
				<timestamp>4357.722951</timestamp>
			</report>
			<report>
				<misses>563900000</misses>
				<total>0</total>
				<timestamp>4358.511615</timestamp>
			</report>
			<report>
				<misses>564000000</misses>
				<total>0</total>
				<timestamp>4359.245966</timestamp>
			</report>
			<report>
				<misses>564100000</misses>
				<total>0</total>
				<timestamp>4359.989521</timestamp>
			</report>
			<report>
				<misses>564200000</misses>
				<total>0</total>
				<timestamp>4360.723488</timestamp>
			</report>
			<report>
				<misses>564300000</misses>
				<total>0</total>
				<timestamp>4361.514022</timestamp>
			</report>
			<report>
				<misses>564400000</misses>
				<total>0</total>
				<timestamp>4362.242921</timestamp>
			</report>
			<report>
				<misses>564500000</misses>
				<total>0</total>
				<timestamp>4362.991653</timestamp>
			</report>
			<report>
				<misses>564600000</misses>
				<total>0</total>
				<timestamp>4363.756954</timestamp>
			</report>
			<report>
				<misses>564700000</misses>
				<total>0</total>
				<timestamp>4364.514590</timestamp>
			</report>
			<report>
				<misses>564800000</misses>
				<total>0</total>
				<timestamp>4365.289882</timestamp>
			</report>
			<report>
				<misses>564900000</misses>
				<total>0</total>
				<timestamp>4366.034811</timestamp>
			</report>
			<report>
				<misses>565000000</misses>
				<total>0</total>
				<timestamp>4366.833005</timestamp>
			</report>
			<report>
				<misses>565100000</misses>
				<total>0</total>
				<timestamp>4367.602426</timestamp>
			</report>
			<report>
				<misses>565200000</misses>
				<total>0</total>
				<timestamp>4368.419030</timestamp>
			</report>
			<report>
				<misses>565300000</misses>
				<total>0</total>
				<timestamp>4369.182499</timestamp>
			</report>
			<report>
				<misses>565400000</misses>
				<total>0</total>
				<timestamp>4369.980561</timestamp>
			</report>
			<report>
				<misses>565500000</misses>
				<total>0</total>
				<timestamp>4370.741227</timestamp>
			</report>
			<report>
				<misses>565600000</misses>
				<total>0</total>
				<timestamp>4371.476116</timestamp>
			</report>
			<report>
				<misses>565700000</misses>
				<total>0</total>
				<timestamp>4372.249569</timestamp>
			</report>
			<report>
				<misses>565800000</misses>
				<total>0</total>
				<timestamp>4373.031261</timestamp>
			</report>
			<report>
				<misses>565900000</misses>
				<total>0</total>
				<timestamp>4373.840839</timestamp>
			</report>
			<report>
				<misses>566000000</misses>
				<total>0</total>
				<timestamp>4374.598995</timestamp>
			</report>
			<report>
				<misses>566100000</misses>
				<total>0</total>
				<timestamp>4375.334866</timestamp>
			</report>
			<report>
				<misses>566200000</misses>
				<total>0</total>
				<timestamp>4376.091300</timestamp>
			</report>
			<report>
				<misses>566300000</misses>
				<total>0</total>
				<timestamp>4376.817663</timestamp>
			</report>
			<report>
				<misses>566400000</misses>
				<total>0</total>
				<timestamp>4377.541844</timestamp>
			</report>
			<report>
				<misses>566500000</misses>
				<total>0</total>
				<timestamp>4378.281496</timestamp>
			</report>
			<report>
				<misses>566600000</misses>
				<total>0</total>
				<timestamp>4379.018916</timestamp>
			</report>
			<report>
				<misses>566700000</misses>
				<total>0</total>
				<timestamp>4379.768253</timestamp>
			</report>
			<report>
				<misses>566800000</misses>
				<total>0</total>
				<timestamp>4380.484148</timestamp>
			</report>
			<report>
				<misses>566900000</misses>
				<total>0</total>
				<timestamp>4381.215108</timestamp>
			</report>
			<report>
				<misses>567000000</misses>
				<total>0</total>
				<timestamp>4381.988914</timestamp>
			</report>
			<report>
				<misses>567100000</misses>
				<total>0</total>
				<timestamp>4382.796431</timestamp>
			</report>
			<report>
				<misses>567200000</misses>
				<total>0</total>
				<timestamp>4383.590567</timestamp>
			</report>
			<report>
				<misses>567300000</misses>
				<total>0</total>
				<timestamp>4384.379698</timestamp>
			</report>
			<report>
				<misses>567400000</misses>
				<total>0</total>
				<timestamp>4385.138424</timestamp>
			</report>
			<report>
				<misses>567500000</misses>
				<total>0</total>
				<timestamp>4385.941210</timestamp>
			</report>
			<report>
				<misses>567600000</misses>
				<total>0</total>
				<timestamp>4386.747683</timestamp>
			</report>
			<report>
				<misses>567700000</misses>
				<total>0</total>
				<timestamp>4387.490566</timestamp>
			</report>
			<report>
				<misses>567800000</misses>
				<total>0</total>
				<timestamp>4388.260486</timestamp>
			</report>
			<report>
				<misses>567900000</misses>
				<total>0</total>
				<timestamp>4389.016004</timestamp>
			</report>
			<report>
				<misses>568000000</misses>
				<total>0</total>
				<timestamp>4389.801682</timestamp>
			</report>
			<report>
				<misses>568100000</misses>
				<total>0</total>
				<timestamp>4390.544066</timestamp>
			</report>
			<report>
				<misses>568200000</misses>
				<total>0</total>
				<timestamp>4391.347863</timestamp>
			</report>
			<report>
				<misses>568300000</misses>
				<total>0</total>
				<timestamp>4392.101299</timestamp>
			</report>
			<report>
				<misses>568400000</misses>
				<total>0</total>
				<timestamp>4392.835428</timestamp>
			</report>
			<report>
				<misses>568500000</misses>
				<total>0</total>
				<timestamp>4393.588072</timestamp>
			</report>
			<report>
				<misses>568600000</misses>
				<total>0</total>
				<timestamp>4394.304079</timestamp>
			</report>
			<report>
				<misses>568700000</misses>
				<total>0</total>
				<timestamp>4395.050319</timestamp>
			</report>
			<report>
				<misses>568800000</misses>
				<total>0</total>
				<timestamp>4395.809282</timestamp>
			</report>
			<report>
				<misses>568900000</misses>
				<total>0</total>
				<timestamp>4396.567525</timestamp>
			</report>
			<report>
				<misses>569000000</misses>
				<total>0</total>
				<timestamp>4397.337207</timestamp>
			</report>
			<report>
				<misses>569100000</misses>
				<total>0</total>
				<timestamp>4398.107761</timestamp>
			</report>
			<report>
				<misses>569200000</misses>
				<total>0</total>
				<timestamp>4398.916962</timestamp>
			</report>
			<report>
				<misses>569300000</misses>
				<total>0</total>
				<timestamp>4399.687588</timestamp>
			</report>
			<report>
				<misses>569400000</misses>
				<total>0</total>
				<timestamp>4400.474349</timestamp>
			</report>
			<report>
				<misses>569500000</misses>
				<total>0</total>
				<timestamp>4401.276731</timestamp>
			</report>
			<report>
				<misses>569600000</misses>
				<total>0</total>
				<timestamp>4402.043514</timestamp>
			</report>
			<report>
				<misses>569700000</misses>
				<total>0</total>
				<timestamp>4402.828622</timestamp>
			</report>
			<report>
				<misses>569800000</misses>
				<total>0</total>
				<timestamp>4403.621822</timestamp>
			</report>
			<report>
				<misses>569900000</misses>
				<total>0</total>
				<timestamp>4404.389646</timestamp>
			</report>
			<report>
				<misses>570000000</misses>
				<total>0</total>
				<timestamp>4405.189480</timestamp>
			</report>
			<report>
				<misses>570100000</misses>
				<total>0</total>
				<timestamp>4405.978942</timestamp>
			</report>
			<report>
				<misses>570200000</misses>
				<total>0</total>
				<timestamp>4406.753871</timestamp>
			</report>
			<report>
				<misses>570300000</misses>
				<total>0</total>
				<timestamp>4407.527678</timestamp>
			</report>
			<report>
				<misses>570400000</misses>
				<total>0</total>
				<timestamp>4408.323176</timestamp>
			</report>
			<report>
				<misses>570500000</misses>
				<total>0</total>
				<timestamp>4409.087872</timestamp>
			</report>
			<report>
				<misses>570600000</misses>
				<total>0</total>
				<timestamp>4409.876324</timestamp>
			</report>
			<report>
				<misses>570700000</misses>
				<total>0</total>
				<timestamp>4410.624340</timestamp>
			</report>
			<report>
				<misses>570800000</misses>
				<total>0</total>
				<timestamp>4411.383823</timestamp>
			</report>
			<report>
				<misses>570900000</misses>
				<total>0</total>
				<timestamp>4412.102961</timestamp>
			</report>
			<report>
				<misses>571000000</misses>
				<total>0</total>
				<timestamp>4412.839935</timestamp>
			</report>
			<report>
				<misses>571100000</misses>
				<total>0</total>
				<timestamp>4413.584727</timestamp>
			</report>
			<report>
				<misses>571200000</misses>
				<total>0</total>
				<timestamp>4414.327540</timestamp>
			</report>
			<report>
				<misses>571300000</misses>
				<total>0</total>
				<timestamp>4415.065419</timestamp>
			</report>
			<report>
				<misses>571400000</misses>
				<total>0</total>
				<timestamp>4415.797857</timestamp>
			</report>
			<report>
				<misses>571500000</misses>
				<total>0</total>
				<timestamp>4416.512660</timestamp>
			</report>
			<report>
				<misses>571600000</misses>
				<total>0</total>
				<timestamp>4417.212860</timestamp>
			</report>
			<report>
				<misses>571700000</misses>
				<total>0</total>
				<timestamp>4417.943649</timestamp>
			</report>
			<report>
				<misses>571800000</misses>
				<total>0</total>
				<timestamp>4418.769598</timestamp>
			</report>
			<report>
				<misses>571900000</misses>
				<total>0</total>
				<timestamp>4419.547210</timestamp>
			</report>
			<report>
				<misses>572000000</misses>
				<total>0</total>
				<timestamp>4420.314435</timestamp>
			</report>
			<report>
				<misses>572100000</misses>
				<total>0</total>
				<timestamp>4421.072360</timestamp>
			</report>
			<report>
				<misses>572200000</misses>
				<total>0</total>
				<timestamp>4421.882153</timestamp>
			</report>
			<report>
				<misses>572300000</misses>
				<total>0</total>
				<timestamp>4422.676584</timestamp>
			</report>
			<report>
				<misses>572400000</misses>
				<total>0</total>
				<timestamp>4423.431931</timestamp>
			</report>
			<report>
				<misses>572500000</misses>
				<total>0</total>
				<timestamp>4424.258173</timestamp>
			</report>
			<report>
				<misses>572600000</misses>
				<total>0</total>
				<timestamp>4425.076159</timestamp>
			</report>
			<report>
				<misses>572700000</misses>
				<total>0</total>
				<timestamp>4425.853757</timestamp>
			</report>
			<report>
				<misses>572800000</misses>
				<total>0</total>
				<timestamp>4426.647796</timestamp>
			</report>
			<report>
				<misses>572900000</misses>
				<total>0</total>
				<timestamp>4427.448594</timestamp>
			</report>
			<report>
				<misses>573000000</misses>
				<total>0</total>
				<timestamp>4428.217603</timestamp>
			</report>
			<report>
				<misses>573100000</misses>
				<total>0</total>
				<timestamp>4429.014444</timestamp>
			</report>
			<report>
				<misses>573200000</misses>
				<total>0</total>
				<timestamp>4429.795567</timestamp>
			</report>
			<report>
				<misses>573300000</misses>
				<total>0</total>
				<timestamp>4430.569723</timestamp>
			</report>
			<report>
				<misses>573400000</misses>
				<total>0</total>
				<timestamp>4431.320667</timestamp>
			</report>
			<report>
				<misses>573500000</misses>
				<total>0</total>
				<timestamp>4432.059285</timestamp>
			</report>
			<report>
				<misses>573600000</misses>
				<total>0</total>
				<timestamp>4432.802649</timestamp>
			</report>
			<report>
				<misses>573700000</misses>
				<total>0</total>
				<timestamp>4433.540717</timestamp>
			</report>
			<report>
				<misses>573800000</misses>
				<total>0</total>
				<timestamp>4434.294274</timestamp>
			</report>
			<report>
				<misses>573900000</misses>
				<total>0</total>
				<timestamp>4435.043787</timestamp>
			</report>
			<report>
				<misses>574000000</misses>
				<total>0</total>
				<timestamp>4435.800472</timestamp>
			</report>
			<report>
				<misses>574100000</misses>
				<total>0</total>
				<timestamp>4436.531113</timestamp>
			</report>
			<report>
				<misses>574200000</misses>
				<total>0</total>
				<timestamp>4437.253460</timestamp>
			</report>
			<report>
				<misses>574300000</misses>
				<total>0</total>
				<timestamp>4438.047663</timestamp>
			</report>
			<report>
				<misses>574400000</misses>
				<total>0</total>
				<timestamp>4438.851249</timestamp>
			</report>
			<report>
				<misses>574500000</misses>
				<total>0</total>
				<timestamp>4439.607571</timestamp>
			</report>
			<report>
				<misses>574600000</misses>
				<total>0</total>
				<timestamp>4440.352677</timestamp>
			</report>
			<report>
				<misses>574700000</misses>
				<total>0</total>
				<timestamp>4441.124132</timestamp>
			</report>
			<report>
				<misses>574800000</misses>
				<total>0</total>
				<timestamp>4441.901235</timestamp>
			</report>
			<report>
				<misses>574900000</misses>
				<total>0</total>
				<timestamp>4442.690371</timestamp>
			</report>
			<report>
				<misses>575000000</misses>
				<total>0</total>
				<timestamp>4443.533421</timestamp>
			</report>
			<report>
				<misses>575100000</misses>
				<total>0</total>
				<timestamp>4444.333116</timestamp>
			</report>
			<report>
				<misses>575200000</misses>
				<total>0</total>
				<timestamp>4445.114529</timestamp>
			</report>
			<report>
				<misses>575300000</misses>
				<total>0</total>
				<timestamp>4445.887119</timestamp>
			</report>
			<report>
				<misses>575400000</misses>
				<total>0</total>
				<timestamp>4446.671393</timestamp>
			</report>
			<report>
				<misses>575500000</misses>
				<total>0</total>
				<timestamp>4447.478120</timestamp>
			</report>
			<report>
				<misses>575600000</misses>
				<total>0</total>
				<timestamp>4448.246645</timestamp>
			</report>
			<report>
				<misses>575700000</misses>
				<total>0</total>
				<timestamp>4449.055391</timestamp>
			</report>
			<report>
				<misses>575800000</misses>
				<total>0</total>
				<timestamp>4449.789558</timestamp>
			</report>
			<report>
				<misses>575900000</misses>
				<total>0</total>
				<timestamp>4450.574398</timestamp>
			</report>
			<report>
				<misses>576000000</misses>
				<total>0</total>
				<timestamp>4451.359466</timestamp>
			</report>
			<report>
				<misses>576100000</misses>
				<total>0</total>
				<timestamp>4452.141348</timestamp>
			</report>
			<report>
				<misses>576200000</misses>
				<total>0</total>
				<timestamp>4452.914297</timestamp>
			</report>
			<report>
				<misses>576300000</misses>
				<total>0</total>
				<timestamp>4453.675468</timestamp>
			</report>
			<report>
				<misses>576400000</misses>
				<total>0</total>
				<timestamp>4454.489875</timestamp>
			</report>
			<report>
				<misses>576500000</misses>
				<total>0</total>
				<timestamp>4455.268893</timestamp>
			</report>
			<report>
				<misses>576600000</misses>
				<total>0</total>
				<timestamp>4456.079748</timestamp>
			</report>
			<report>
				<misses>576700000</misses>
				<total>0</total>
				<timestamp>4456.857466</timestamp>
			</report>
			<report>
				<misses>576800000</misses>
				<total>0</total>
				<timestamp>4457.652585</timestamp>
			</report>
			<report>
				<misses>576900000</misses>
				<total>0</total>
				<timestamp>4458.458605</timestamp>
			</report>
			<report>
				<misses>577000000</misses>
				<total>0</total>
				<timestamp>4459.178260</timestamp>
			</report>
			<report>
				<misses>577100000</misses>
				<total>0</total>
				<timestamp>4459.928349</timestamp>
			</report>
			<report>
				<misses>577200000</misses>
				<total>0</total>
				<timestamp>4460.675217</timestamp>
			</report>
			<report>
				<misses>577300000</misses>
				<total>0</total>
				<timestamp>4461.418340</timestamp>
			</report>
			<report>
				<misses>577400000</misses>
				<total>0</total>
				<timestamp>4462.172617</timestamp>
			</report>
			<report>
				<misses>577500000</misses>
				<total>0</total>
				<timestamp>4462.962524</timestamp>
			</report>
			<report>
				<misses>577600000</misses>
				<total>0</total>
				<timestamp>4463.727196</timestamp>
			</report>
			<report>
				<misses>577700000</misses>
				<total>0</total>
				<timestamp>4464.493016</timestamp>
			</report>
			<report>
				<misses>577800000</misses>
				<total>0</total>
				<timestamp>4465.267165</timestamp>
			</report>
			<report>
				<misses>577900000</misses>
				<total>0</total>
				<timestamp>4466.020268</timestamp>
			</report>
			<report>
				<misses>578000000</misses>
				<total>0</total>
				<timestamp>4466.753579</timestamp>
			</report>
			<report>
				<misses>578100000</misses>
				<total>0</total>
				<timestamp>4467.495683</timestamp>
			</report>
			<report>
				<misses>578200000</misses>
				<total>0</total>
				<timestamp>4468.233057</timestamp>
			</report>
			<report>
				<misses>578300000</misses>
				<total>0</total>
				<timestamp>4469.002773</timestamp>
			</report>
			<report>
				<misses>578400000</misses>
				<total>0</total>
				<timestamp>4469.794096</timestamp>
			</report>
			<report>
				<misses>578500000</misses>
				<total>0</total>
				<timestamp>4470.527264</timestamp>
			</report>
			<report>
				<misses>578600000</misses>
				<total>0</total>
				<timestamp>4471.280989</timestamp>
			</report>
			<report>
				<misses>578700000</misses>
				<total>0</total>
				<timestamp>4472.048354</timestamp>
			</report>
			<report>
				<misses>578800000</misses>
				<total>0</total>
				<timestamp>4472.807914</timestamp>
			</report>
			<report>
				<misses>578900000</misses>
				<total>0</total>
				<timestamp>4473.563304</timestamp>
			</report>
			<report>
				<misses>579000000</misses>
				<total>0</total>
				<timestamp>4474.349748</timestamp>
			</report>
			<report>
				<misses>579100000</misses>
				<total>0</total>
				<timestamp>4475.128772</timestamp>
			</report>
			<report>
				<misses>579200000</misses>
				<total>0</total>
				<timestamp>4475.911766</timestamp>
			</report>
			<report>
				<misses>579300000</misses>
				<total>0</total>
				<timestamp>4476.701592</timestamp>
			</report>
			<report>
				<misses>579400000</misses>
				<total>0</total>
				<timestamp>4477.493463</timestamp>
			</report>
			<report>
				<misses>579500000</misses>
				<total>0</total>
				<timestamp>4478.341318</timestamp>
			</report>
			<report>
				<misses>579600000</misses>
				<total>0</total>
				<timestamp>4479.105536</timestamp>
			</report>
			<report>
				<misses>579700000</misses>
				<total>0</total>
				<timestamp>4479.897622</timestamp>
			</report>
			<report>
				<misses>579800000</misses>
				<total>0</total>
				<timestamp>4480.701828</timestamp>
			</report>
			<report>
				<misses>579900000</misses>
				<total>0</total>
				<timestamp>4481.440707</timestamp>
			</report>
			<report>
				<misses>580000000</misses>
				<total>0</total>
				<timestamp>4482.236609</timestamp>
			</report>
			<report>
				<misses>580100000</misses>
				<total>0</total>
				<timestamp>4483.048699</timestamp>
			</report>
			<report>
				<misses>580200000</misses>
				<total>0</total>
				<timestamp>4483.816815</timestamp>
			</report>
			<report>
				<misses>580300000</misses>
				<total>0</total>
				<timestamp>4484.577707</timestamp>
			</report>
			<report>
				<misses>580400000</misses>
				<total>0</total>
				<timestamp>4485.350762</timestamp>
			</report>
			<report>
				<misses>580500000</misses>
				<total>0</total>
				<timestamp>4486.111662</timestamp>
			</report>
			<report>
				<misses>580600000</misses>
				<total>0</total>
				<timestamp>4486.859455</timestamp>
			</report>
			<report>
				<misses>580700000</misses>
				<total>0</total>
				<timestamp>4487.594653</timestamp>
			</report>
			<report>
				<misses>580800000</misses>
				<total>0</total>
				<timestamp>4488.410906</timestamp>
			</report>
			<report>
				<misses>580900000</misses>
				<total>0</total>
				<timestamp>4489.121601</timestamp>
			</report>
			<report>
				<misses>581000000</misses>
				<total>0</total>
				<timestamp>4489.855615</timestamp>
			</report>
			<report>
				<misses>581100000</misses>
				<total>0</total>
				<timestamp>4490.645423</timestamp>
			</report>
			<report>
				<misses>581200000</misses>
				<total>0</total>
				<timestamp>4491.401012</timestamp>
			</report>
			<report>
				<misses>581300000</misses>
				<total>0</total>
				<timestamp>4492.137733</timestamp>
			</report>
			<report>
				<misses>581400000</misses>
				<total>0</total>
				<timestamp>4492.898784</timestamp>
			</report>
			<report>
				<misses>581500000</misses>
				<total>0</total>
				<timestamp>4493.687850</timestamp>
			</report>
			<report>
				<misses>581600000</misses>
				<total>0</total>
				<timestamp>4494.451327</timestamp>
			</report>
			<report>
				<misses>581700000</misses>
				<total>0</total>
				<timestamp>4495.295881</timestamp>
			</report>
			<report>
				<misses>581800000</misses>
				<total>0</total>
				<timestamp>4496.069212</timestamp>
			</report>
			<report>
				<misses>581900000</misses>
				<total>0</total>
				<timestamp>4496.821283</timestamp>
			</report>
			<report>
				<misses>582000000</misses>
				<total>0</total>
				<timestamp>4497.604279</timestamp>
			</report>
			<report>
				<misses>582100000</misses>
				<total>0</total>
				<timestamp>4498.377177</timestamp>
			</report>
			<report>
				<misses>582200000</misses>
				<total>0</total>
				<timestamp>4499.176526</timestamp>
			</report>
			<report>
				<misses>582300000</misses>
				<total>0</total>
				<timestamp>4499.916209</timestamp>
			</report>
			<report>
				<misses>582400000</misses>
				<total>0</total>
				<timestamp>4500.710260</timestamp>
			</report>
			<report>
				<misses>582500000</misses>
				<total>0</total>
				<timestamp>4501.487130</timestamp>
			</report>
			<report>
				<misses>582600000</misses>
				<total>0</total>
				<timestamp>4502.253576</timestamp>
			</report>
			<report>
				<misses>582700000</misses>
				<total>0</total>
				<timestamp>4502.998076</timestamp>
			</report>
			<report>
				<misses>582800000</misses>
				<total>0</total>
				<timestamp>4503.771214</timestamp>
			</report>
			<report>
				<misses>582900000</misses>
				<total>0</total>
				<timestamp>4504.535802</timestamp>
			</report>
			<report>
				<misses>583000000</misses>
				<total>0</total>
				<timestamp>4505.256013</timestamp>
			</report>
			<report>
				<misses>583100000</misses>
				<total>0</total>
				<timestamp>4505.978644</timestamp>
			</report>
			<report>
				<misses>583200000</misses>
				<total>0</total>
				<timestamp>4506.742139</timestamp>
			</report>
			<report>
				<misses>583300000</misses>
				<total>0</total>
				<timestamp>4507.490455</timestamp>
			</report>
			<report>
				<misses>583400000</misses>
				<total>0</total>
				<timestamp>4508.224123</timestamp>
			</report>
			<report>
				<misses>583500000</misses>
				<total>0</total>
				<timestamp>4508.972443</timestamp>
			</report>
			<report>
				<misses>583600000</misses>
				<total>0</total>
				<timestamp>4509.754696</timestamp>
			</report>
			<report>
				<misses>583700000</misses>
				<total>0</total>
				<timestamp>4510.523579</timestamp>
			</report>
			<report>
				<misses>583800000</misses>
				<total>0</total>
				<timestamp>4511.272839</timestamp>
			</report>
			<report>
				<misses>583900000</misses>
				<total>0</total>
				<timestamp>4512.052509</timestamp>
			</report>
			<report>
				<misses>584000000</misses>
				<total>0</total>
				<timestamp>4512.802598</timestamp>
			</report>
			<report>
				<misses>584100000</misses>
				<total>0</total>
				<timestamp>4513.542424</timestamp>
			</report>
			<report>
				<misses>584200000</misses>
				<total>0</total>
				<timestamp>4514.350379</timestamp>
			</report>
			<report>
				<misses>584300000</misses>
				<total>0</total>
				<timestamp>4515.106328</timestamp>
			</report>
			<report>
				<misses>584400000</misses>
				<total>0</total>
				<timestamp>4515.899153</timestamp>
			</report>
			<report>
				<misses>584500000</misses>
				<total>0</total>
				<timestamp>4516.694086</timestamp>
			</report>
			<report>
				<misses>584600000</misses>
				<total>0</total>
				<timestamp>4517.481574</timestamp>
			</report>
			<report>
				<misses>584700000</misses>
				<total>0</total>
				<timestamp>4518.271555</timestamp>
			</report>
			<report>
				<misses>584800000</misses>
				<total>0</total>
				<timestamp>4519.008132</timestamp>
			</report>
			<report>
				<misses>584900000</misses>
				<total>0</total>
				<timestamp>4519.749945</timestamp>
			</report>
			<report>
				<misses>585000000</misses>
				<total>0</total>
				<timestamp>4520.485686</timestamp>
			</report>
			<report>
				<misses>585100000</misses>
				<total>0</total>
				<timestamp>4521.255149</timestamp>
			</report>
			<report>
				<misses>585200000</misses>
				<total>0</total>
				<timestamp>4521.999012</timestamp>
			</report>
			<report>
				<misses>585300000</misses>
				<total>0</total>
				<timestamp>4522.749667</timestamp>
			</report>
			<report>
				<misses>585400000</misses>
				<total>0</total>
				<timestamp>4523.495683</timestamp>
			</report>
			<report>
				<misses>585500000</misses>
				<total>0</total>
				<timestamp>4524.229831</timestamp>
			</report>
			<report>
				<misses>585600000</misses>
				<total>0</total>
				<timestamp>4524.989896</timestamp>
			</report>
			<report>
				<misses>585700000</misses>
				<total>0</total>
				<timestamp>4525.772682</timestamp>
			</report>
			<report>
				<misses>585800000</misses>
				<total>0</total>
				<timestamp>4526.539445</timestamp>
			</report>
			<report>
				<misses>585900000</misses>
				<total>0</total>
				<timestamp>4527.343255</timestamp>
			</report>
			<report>
				<misses>586000000</misses>
				<total>0</total>
				<timestamp>4528.118899</timestamp>
			</report>
			<report>
				<misses>586100000</misses>
				<total>0</total>
				<timestamp>4528.873511</timestamp>
			</report>
			<report>
				<misses>586200000</misses>
				<total>0</total>
				<timestamp>4529.650119</timestamp>
			</report>
			<report>
				<misses>586300000</misses>
				<total>0</total>
				<timestamp>4530.459505</timestamp>
			</report>
			<report>
				<misses>586400000</misses>
				<total>0</total>
				<timestamp>4531.242421</timestamp>
			</report>
			<report>
				<misses>586500000</misses>
				<total>0</total>
				<timestamp>4532.017429</timestamp>
			</report>
			<report>
				<misses>586600000</misses>
				<total>0</total>
				<timestamp>4532.774779</timestamp>
			</report>
			<report>
				<misses>586700000</misses>
				<total>0</total>
				<timestamp>4533.602951</timestamp>
			</report>
			<report>
				<misses>586800000</misses>
				<total>0</total>
				<timestamp>4534.386338</timestamp>
			</report>
			<report>
				<misses>586900000</misses>
				<total>0</total>
				<timestamp>4535.134841</timestamp>
			</report>
			<report>
				<misses>587000000</misses>
				<total>0</total>
				<timestamp>4535.873380</timestamp>
			</report>
			<report>
				<misses>587100000</misses>
				<total>0</total>
				<timestamp>4536.635128</timestamp>
			</report>
			<report>
				<misses>587200000</misses>
				<total>0</total>
				<timestamp>4537.384677</timestamp>
			</report>
			<report>
				<misses>587300000</misses>
				<total>0</total>
				<timestamp>4538.105499</timestamp>
			</report>
			<report>
				<misses>587400000</misses>
				<total>0</total>
				<timestamp>4538.863124</timestamp>
			</report>
			<report>
				<misses>587500000</misses>
				<total>0</total>
				<timestamp>4539.658496</timestamp>
			</report>
			<report>
				<misses>587600000</misses>
				<total>0</total>
				<timestamp>4540.412835</timestamp>
			</report>
			<report>
				<misses>587700000</misses>
				<total>0</total>
				<timestamp>4541.137951</timestamp>
			</report>
			<report>
				<misses>587800000</misses>
				<total>0</total>
				<timestamp>4541.896622</timestamp>
			</report>
			<report>
				<misses>587900000</misses>
				<total>0</total>
				<timestamp>4542.690073</timestamp>
			</report>
			<report>
				<misses>588000000</misses>
				<total>0</total>
				<timestamp>4543.493076</timestamp>
			</report>
			<report>
				<misses>588100000</misses>
				<total>0</total>
				<timestamp>4544.330381</timestamp>
			</report>
			<report>
				<misses>588200000</misses>
				<total>0</total>
				<timestamp>4545.111254</timestamp>
			</report>
			<report>
				<misses>588300000</misses>
				<total>0</total>
				<timestamp>4545.871197</timestamp>
			</report>
			<report>
				<misses>588400000</misses>
				<total>0</total>
				<timestamp>4546.659772</timestamp>
			</report>
			<report>
				<misses>588500000</misses>
				<total>0</total>
				<timestamp>4547.393567</timestamp>
			</report>
			<report>
				<misses>588600000</misses>
				<total>0</total>
				<timestamp>4548.203702</timestamp>
			</report>
			<report>
				<misses>588700000</misses>
				<total>0</total>
				<timestamp>4548.986822</timestamp>
			</report>
			<report>
				<misses>588800000</misses>
				<total>0</total>
				<timestamp>4549.757407</timestamp>
			</report>
			<report>
				<misses>588900000</misses>
				<total>0</total>
				<timestamp>4550.538878</timestamp>
			</report>
			<report>
				<misses>589000000</misses>
				<total>0</total>
				<timestamp>4551.329822</timestamp>
			</report>
			<report>
				<misses>589100000</misses>
				<total>0</total>
				<timestamp>4552.098983</timestamp>
			</report>
			<report>
				<misses>589200000</misses>
				<total>0</total>
				<timestamp>4552.900852</timestamp>
			</report>
			<report>
				<misses>589300000</misses>
				<total>0</total>
				<timestamp>4553.676376</timestamp>
			</report>
			<report>
				<misses>589400000</misses>
				<total>0</total>
				<timestamp>4554.481012</timestamp>
			</report>
			<report>
				<misses>589500000</misses>
				<total>0</total>
				<timestamp>4555.197572</timestamp>
			</report>
			<report>
				<misses>589600000</misses>
				<total>0</total>
				<timestamp>4555.947844</timestamp>
			</report>
			<report>
				<misses>589700000</misses>
				<total>0</total>
				<timestamp>4556.722097</timestamp>
			</report>
			<report>
				<misses>589800000</misses>
				<total>0</total>
				<timestamp>4557.456908</timestamp>
			</report>
			<report>
				<misses>589900000</misses>
				<total>0</total>
				<timestamp>4558.214664</timestamp>
			</report>
			<report>
				<misses>590000000</misses>
				<total>0</total>
				<timestamp>4558.935171</timestamp>
			</report>
			<report>
				<misses>590100000</misses>
				<total>0</total>
				<timestamp>4559.669044</timestamp>
			</report>
			<report>
				<misses>590200000</misses>
				<total>0</total>
				<timestamp>4560.411542</timestamp>
			</report>
			<report>
				<misses>590300000</misses>
				<total>0</total>
				<timestamp>4561.128094</timestamp>
			</report>
			<report>
				<misses>590400000</misses>
				<total>0</total>
				<timestamp>4561.899515</timestamp>
			</report>
			<report>
				<misses>590500000</misses>
				<total>0</total>
				<timestamp>4562.681162</timestamp>
			</report>
			<report>
				<misses>590600000</misses>
				<total>0</total>
				<timestamp>4563.437620</timestamp>
			</report>
			<report>
				<misses>590700000</misses>
				<total>0</total>
				<timestamp>4564.236645</timestamp>
			</report>
			<report>
				<misses>590800000</misses>
				<total>0</total>
				<timestamp>4565.006601</timestamp>
			</report>
			<report>
				<misses>590900000</misses>
				<total>0</total>
				<timestamp>4565.779475</timestamp>
			</report>
			<report>
				<misses>591000000</misses>
				<total>0</total>
				<timestamp>4566.560033</timestamp>
			</report>
			<report>
				<misses>591100000</misses>
				<total>0</total>
				<timestamp>4567.318154</timestamp>
			</report>
			<report>
				<misses>591200000</misses>
				<total>0</total>
				<timestamp>4568.114378</timestamp>
			</report>
			<report>
				<misses>591300000</misses>
				<total>0</total>
				<timestamp>4568.908016</timestamp>
			</report>
			<report>
				<misses>591400000</misses>
				<total>0</total>
				<timestamp>4569.678121</timestamp>
			</report>
			<report>
				<misses>591500000</misses>
				<total>0</total>
				<timestamp>4570.441288</timestamp>
			</report>
			<report>
				<misses>591600000</misses>
				<total>0</total>
				<timestamp>4571.240781</timestamp>
			</report>
			<report>
				<misses>591700000</misses>
				<total>0</total>
				<timestamp>4572.056575</timestamp>
			</report>
			<report>
				<misses>591800000</misses>
				<total>0</total>
				<timestamp>4572.841412</timestamp>
			</report>
			<report>
				<misses>591900000</misses>
				<total>0</total>
				<timestamp>4573.624619</timestamp>
			</report>
			<report>
				<misses>592000000</misses>
				<total>0</total>
				<timestamp>4574.416443</timestamp>
			</report>
			<report>
				<misses>592100000</misses>
				<total>0</total>
				<timestamp>4575.197202</timestamp>
			</report>
			<report>
				<misses>592200000</misses>
				<total>0</total>
				<timestamp>4575.986756</timestamp>
			</report>
			<report>
				<misses>592300000</misses>
				<total>0</total>
				<timestamp>4576.802002</timestamp>
			</report>
			<report>
				<misses>592400000</misses>
				<total>0</total>
				<timestamp>4577.597328</timestamp>
			</report>
			<report>
				<misses>592500000</misses>
				<total>0</total>
				<timestamp>4578.337283</timestamp>
			</report>
			<report>
				<misses>592600000</misses>
				<total>0</total>
				<timestamp>4579.119248</timestamp>
			</report>
			<report>
				<misses>592700000</misses>
				<total>0</total>
				<timestamp>4579.910720</timestamp>
			</report>
			<report>
				<misses>592800000</misses>
				<total>0</total>
				<timestamp>4580.644208</timestamp>
			</report>
			<report>
				<misses>592900000</misses>
				<total>0</total>
				<timestamp>4581.415213</timestamp>
			</report>
			<report>
				<misses>593000000</misses>
				<total>0</total>
				<timestamp>4582.142659</timestamp>
			</report>
			<report>
				<misses>593100000</misses>
				<total>0</total>
				<timestamp>4582.892011</timestamp>
			</report>
			<report>
				<misses>593200000</misses>
				<total>0</total>
				<timestamp>4583.646973</timestamp>
			</report>
			<report>
				<misses>593300000</misses>
				<total>0</total>
				<timestamp>4584.395051</timestamp>
			</report>
			<report>
				<misses>593400000</misses>
				<total>0</total>
				<timestamp>4585.154946</timestamp>
			</report>
			<report>
				<misses>593500000</misses>
				<total>0</total>
				<timestamp>4585.940724</timestamp>
			</report>
			<report>
				<misses>593600000</misses>
				<total>0</total>
				<timestamp>4586.715760</timestamp>
			</report>
			<report>
				<misses>593700000</misses>
				<total>0</total>
				<timestamp>4587.428159</timestamp>
			</report>
			<report>
				<misses>593800000</misses>
				<total>0</total>
				<timestamp>4588.203785</timestamp>
			</report>
			<report>
				<misses>593900000</misses>
				<total>0</total>
				<timestamp>4588.973791</timestamp>
			</report>
			<report>
				<misses>594000000</misses>
				<total>0</total>
				<timestamp>4589.733701</timestamp>
			</report>
			<report>
				<misses>594100000</misses>
				<total>0</total>
				<timestamp>4590.520106</timestamp>
			</report>
			<report>
				<misses>594200000</misses>
				<total>0</total>
				<timestamp>4591.315351</timestamp>
			</report>
			<report>
				<misses>594300000</misses>
				<total>0</total>
				<timestamp>4592.058887</timestamp>
			</report>
			<report>
				<misses>594400000</misses>
				<total>0</total>
				<timestamp>4592.789741</timestamp>
			</report>
			<report>
				<misses>594500000</misses>
				<total>0</total>
				<timestamp>4593.559395</timestamp>
			</report>
			<report>
				<misses>594600000</misses>
				<total>0</total>
				<timestamp>4594.337849</timestamp>
			</report>
			<report>
				<misses>594700000</misses>
				<total>0</total>
				<timestamp>4595.176459</timestamp>
			</report>
			<report>
				<misses>594800000</misses>
				<total>0</total>
				<timestamp>4595.982807</timestamp>
			</report>
			<report>
				<misses>594900000</misses>
				<total>0</total>
				<timestamp>4596.769201</timestamp>
			</report>
			<report>
				<misses>595000000</misses>
				<total>0</total>
				<timestamp>4597.560961</timestamp>
			</report>
			<report>
				<misses>595100000</misses>
				<total>0</total>
				<timestamp>4598.364521</timestamp>
			</report>
			<report>
				<misses>595200000</misses>
				<total>0</total>
				<timestamp>4599.162720</timestamp>
			</report>
			<report>
				<misses>595300000</misses>
				<total>0</total>
				<timestamp>4599.916091</timestamp>
			</report>
			<report>
				<misses>595400000</misses>
				<total>0</total>
				<timestamp>4600.713277</timestamp>
			</report>
			<report>
				<misses>595500000</misses>
				<total>0</total>
				<timestamp>4601.521320</timestamp>
			</report>
			<report>
				<misses>595600000</misses>
				<total>0</total>
				<timestamp>4602.365508</timestamp>
			</report>
			<report>
				<misses>595700000</misses>
				<total>0</total>
				<timestamp>4603.119180</timestamp>
			</report>
			<report>
				<misses>595800000</misses>
				<total>0</total>
				<timestamp>4603.877882</timestamp>
			</report>
			<report>
				<misses>595900000</misses>
				<total>0</total>
				<timestamp>4604.660798</timestamp>
			</report>
			<report>
				<misses>596000000</misses>
				<total>0</total>
				<timestamp>4605.428708</timestamp>
			</report>
			<report>
				<misses>596100000</misses>
				<total>0</total>
				<timestamp>4606.192329</timestamp>
			</report>
			<report>
				<misses>596200000</misses>
				<total>0</total>
				<timestamp>4606.951994</timestamp>
			</report>
			<report>
				<misses>596300000</misses>
				<total>0</total>
				<timestamp>4607.701170</timestamp>
			</report>
			<report>
				<misses>596400000</misses>
				<total>0</total>
				<timestamp>4608.447727</timestamp>
			</report>
			<report>
				<misses>596500000</misses>
				<total>0</total>
				<timestamp>4609.237393</timestamp>
			</report>
			<report>
				<misses>596600000</misses>
				<total>0</total>
				<timestamp>4610.014957</timestamp>
			</report>
			<report>
				<misses>596700000</misses>
				<total>0</total>
				<timestamp>4610.776203</timestamp>
			</report>
			<report>
				<misses>596800000</misses>
				<total>0</total>
				<timestamp>4611.492719</timestamp>
			</report>
			<report>
				<misses>596900000</misses>
				<total>0</total>
				<timestamp>4612.284140</timestamp>
			</report>
			<report>
				<misses>597000000</misses>
				<total>0</total>
				<timestamp>4613.028860</timestamp>
			</report>
			<report>
				<misses>597100000</misses>
				<total>0</total>
				<timestamp>4613.821948</timestamp>
			</report>
			<report>
				<misses>597200000</misses>
				<total>0</total>
				<timestamp>4614.605438</timestamp>
			</report>
			<report>
				<misses>597300000</misses>
				<total>0</total>
				<timestamp>4615.369558</timestamp>
			</report>
			<report>
				<misses>597400000</misses>
				<total>0</total>
				<timestamp>4616.216568</timestamp>
			</report>
			<report>
				<misses>597500000</misses>
				<total>0</total>
				<timestamp>4616.997801</timestamp>
			</report>
			<report>
				<misses>597600000</misses>
				<total>0</total>
				<timestamp>4617.805863</timestamp>
			</report>
			<report>
				<misses>597700000</misses>
				<total>0</total>
				<timestamp>4618.620992</timestamp>
			</report>
			<report>
				<misses>597800000</misses>
				<total>0</total>
				<timestamp>4619.420593</timestamp>
			</report>
			<report>
				<misses>597900000</misses>
				<total>0</total>
				<timestamp>4620.190082</timestamp>
			</report>
			<report>
				<misses>598000000</misses>
				<total>0</total>
				<timestamp>4620.944235</timestamp>
			</report>
			<report>
				<misses>598100000</misses>
				<total>0</total>
				<timestamp>4621.728123</timestamp>
			</report>
			<report>
				<misses>598200000</misses>
				<total>0</total>
				<timestamp>4622.465241</timestamp>
			</report>
			<report>
				<misses>598300000</misses>
				<total>0</total>
				<timestamp>4623.203515</timestamp>
			</report>
			<report>
				<misses>598400000</misses>
				<total>0</total>
				<timestamp>4623.935762</timestamp>
			</report>
			<report>
				<misses>598500000</misses>
				<total>0</total>
				<timestamp>4624.680717</timestamp>
			</report>
			<report>
				<misses>598600000</misses>
				<total>0</total>
				<timestamp>4625.454761</timestamp>
			</report>
			<report>
				<misses>598700000</misses>
				<total>0</total>
				<timestamp>4626.236766</timestamp>
			</report>
			<report>
				<misses>598800000</misses>
				<total>0</total>
				<timestamp>4627.006564</timestamp>
			</report>
			<report>
				<misses>598900000</misses>
				<total>0</total>
				<timestamp>4627.774698</timestamp>
			</report>
			<report>
				<misses>599000000</misses>
				<total>0</total>
				<timestamp>4628.553233</timestamp>
			</report>
			<report>
				<misses>599100000</misses>
				<total>0</total>
				<timestamp>4629.326304</timestamp>
			</report>
			<report>
				<misses>599200000</misses>
				<total>0</total>
				<timestamp>4630.122302</timestamp>
			</report>
			<report>
				<misses>599300000</misses>
				<total>0</total>
				<timestamp>4630.920863</timestamp>
			</report>
			<report>
				<misses>599400000</misses>
				<total>0</total>
				<timestamp>4631.688565</timestamp>
			</report>
			<report>
				<misses>599500000</misses>
				<total>0</total>
				<timestamp>4632.476200</timestamp>
			</report>
			<report>
				<misses>599600000</misses>
				<total>0</total>
				<timestamp>4633.262770</timestamp>
			</report>
			<report>
				<misses>599700000</misses>
				<total>0</total>
				<timestamp>4634.036389</timestamp>
			</report>
			<report>
				<misses>599800000</misses>
				<total>0</total>
				<timestamp>4634.813224</timestamp>
			</report>
			<report>
				<misses>599900000</misses>
				<total>0</total>
				<timestamp>4635.589283</timestamp>
			</report>
			<report>
				<misses>600000000</misses>
				<total>0</total>
				<timestamp>4636.390442</timestamp>
			</report>
			<report>
				<misses>600100000</misses>
				<total>0</total>
				<timestamp>4637.182353</timestamp>
			</report>
			<report>
				<misses>600200000</misses>
				<total>0</total>
				<timestamp>4637.990722</timestamp>
			</report>
			<report>
				<misses>600300000</misses>
				<total>0</total>
				<timestamp>4638.750850</timestamp>
			</report>
			<report>
				<misses>600400000</misses>
				<total>0</total>
				<timestamp>4639.472546</timestamp>
			</report>
			<report>
				<misses>600500000</misses>
				<total>0</total>
				<timestamp>4640.201657</timestamp>
			</report>
			<report>
				<misses>600600000</misses>
				<total>0</total>
				<timestamp>4640.952251</timestamp>
			</report>
			<report>
				<misses>600700000</misses>
				<total>0</total>
				<timestamp>4641.753515</timestamp>
			</report>
			<report>
				<misses>600800000</misses>
				<total>0</total>
				<timestamp>4642.509824</timestamp>
			</report>
			<report>
				<misses>600900000</misses>
				<total>0</total>
				<timestamp>4643.244440</timestamp>
			</report>
			<report>
				<misses>601000000</misses>
				<total>0</total>
				<timestamp>4644.016688</timestamp>
			</report>
			<report>
				<misses>601100000</misses>
				<total>0</total>
				<timestamp>4644.733298</timestamp>
			</report>
			<report>
				<misses>601200000</misses>
				<total>0</total>
				<timestamp>4645.490204</timestamp>
			</report>
			<report>
				<misses>601300000</misses>
				<total>0</total>
				<timestamp>4646.259119</timestamp>
			</report>
			<report>
				<misses>601400000</misses>
				<total>0</total>
				<timestamp>4647.029766</timestamp>
			</report>
			<report>
				<misses>601500000</misses>
				<total>0</total>
				<timestamp>4647.816392</timestamp>
			</report>
			<report>
				<misses>601600000</misses>
				<total>0</total>
				<timestamp>4648.570567</timestamp>
			</report>
			<report>
				<misses>601700000</misses>
				<total>0</total>
				<timestamp>4649.351194</timestamp>
			</report>
			<report>
				<misses>601800000</misses>
				<total>0</total>
				<timestamp>4650.119442</timestamp>
			</report>
			<report>
				<misses>601900000</misses>
				<total>0</total>
				<timestamp>4650.929737</timestamp>
			</report>
			<report>
				<misses>602000000</misses>
				<total>0</total>
				<timestamp>4651.710658</timestamp>
			</report>
			<report>
				<misses>602100000</misses>
				<total>0</total>
				<timestamp>4652.455857</timestamp>
			</report>
			<report>
				<misses>602200000</misses>
				<total>0</total>
				<timestamp>4653.269754</timestamp>
			</report>
			<report>
				<misses>602300000</misses>
				<total>0</total>
				<timestamp>4654.020932</timestamp>
			</report>
			<report>
				<misses>602400000</misses>
				<total>0</total>
				<timestamp>4654.775458</timestamp>
			</report>
			<report>
				<misses>602500000</misses>
				<total>0</total>
				<timestamp>4655.553725</timestamp>
			</report>
			<report>
				<misses>602600000</misses>
				<total>0</total>
				<timestamp>4656.338712</timestamp>
			</report>
			<report>
				<misses>602700000</misses>
				<total>0</total>
				<timestamp>4657.097057</timestamp>
			</report>
			<report>
				<misses>602800000</misses>
				<total>0</total>
				<timestamp>4657.882538</timestamp>
			</report>
			<report>
				<misses>602900000</misses>
				<total>0</total>
				<timestamp>4658.643921</timestamp>
			</report>
			<report>
				<misses>603000000</misses>
				<total>0</total>
				<timestamp>4659.380716</timestamp>
			</report>
			<report>
				<misses>603100000</misses>
				<total>0</total>
				<timestamp>4660.131459</timestamp>
			</report>
			<report>
				<misses>603200000</misses>
				<total>0</total>
				<timestamp>4660.880472</timestamp>
			</report>
			<report>
				<misses>603300000</misses>
				<total>0</total>
				<timestamp>4661.599678</timestamp>
			</report>
			<report>
				<misses>603400000</misses>
				<total>0</total>
				<timestamp>4662.339062</timestamp>
			</report>
			<report>
				<misses>603500000</misses>
				<total>0</total>
				<timestamp>4663.100250</timestamp>
			</report>
			<report>
				<misses>603600000</misses>
				<total>0</total>
				<timestamp>4663.867056</timestamp>
			</report>
			<report>
				<misses>603700000</misses>
				<total>0</total>
				<timestamp>4664.637470</timestamp>
			</report>
			<report>
				<misses>603800000</misses>
				<total>0</total>
				<timestamp>4665.389199</timestamp>
			</report>
			<report>
				<misses>603900000</misses>
				<total>0</total>
				<timestamp>4666.133250</timestamp>
			</report>
			<report>
				<misses>604000000</misses>
				<total>0</total>
				<timestamp>4666.892281</timestamp>
			</report>
			<report>
				<misses>604100000</misses>
				<total>0</total>
				<timestamp>4667.639710</timestamp>
			</report>
			<report>
				<misses>604200000</misses>
				<total>0</total>
				<timestamp>4668.376555</timestamp>
			</report>
			<report>
				<misses>604300000</misses>
				<total>0</total>
				<timestamp>4669.151698</timestamp>
			</report>
			<report>
				<misses>604400000</misses>
				<total>0</total>
				<timestamp>4669.937134</timestamp>
			</report>
			<report>
				<misses>604500000</misses>
				<total>0</total>
				<timestamp>4670.684422</timestamp>
			</report>
			<report>
				<misses>604600000</misses>
				<total>0</total>
				<timestamp>4671.482394</timestamp>
			</report>
			<report>
				<misses>604700000</misses>
				<total>0</total>
				<timestamp>4672.294974</timestamp>
			</report>
			<report>
				<misses>604800000</misses>
				<total>0</total>
				<timestamp>4673.033683</timestamp>
			</report>
			<report>
				<misses>604900000</misses>
				<total>0</total>
				<timestamp>4673.774699</timestamp>
			</report>
			<report>
				<misses>605000000</misses>
				<total>0</total>
				<timestamp>4674.571563</timestamp>
			</report>
			<report>
				<misses>605100000</misses>
				<total>0</total>
				<timestamp>4675.304784</timestamp>
			</report>
			<report>
				<misses>605200000</misses>
				<total>0</total>
				<timestamp>4676.083836</timestamp>
			</report>
			<report>
				<misses>605300000</misses>
				<total>0</total>
				<timestamp>4676.808242</timestamp>
			</report>
			<report>
				<misses>605400000</misses>
				<total>0</total>
				<timestamp>4677.537895</timestamp>
			</report>
			<report>
				<misses>605500000</misses>
				<total>0</total>
				<timestamp>4678.246031</timestamp>
			</report>
			<report>
				<misses>605600000</misses>
				<total>0</total>
				<timestamp>4678.970061</timestamp>
			</report>
			<report>
				<misses>605700000</misses>
				<total>0</total>
				<timestamp>4679.740557</timestamp>
			</report>
			<report>
				<misses>605800000</misses>
				<total>0</total>
				<timestamp>4680.499619</timestamp>
			</report>
			<report>
				<misses>605900000</misses>
				<total>0</total>
				<timestamp>4681.225615</timestamp>
			</report>
			<report>
				<misses>606000000</misses>
				<total>0</total>
				<timestamp>4681.986078</timestamp>
			</report>
			<report>
				<misses>606100000</misses>
				<total>0</total>
				<timestamp>4682.718162</timestamp>
			</report>
			<report>
				<misses>606200000</misses>
				<total>0</total>
				<timestamp>4683.493127</timestamp>
			</report>
			<report>
				<misses>606300000</misses>
				<total>0</total>
				<timestamp>4684.258220</timestamp>
			</report>
			<report>
				<misses>606400000</misses>
				<total>0</total>
				<timestamp>4685.048508</timestamp>
			</report>
			<report>
				<misses>606500000</misses>
				<total>0</total>
				<timestamp>4685.805709</timestamp>
			</report>
			<report>
				<misses>606600000</misses>
				<total>0</total>
				<timestamp>4686.563741</timestamp>
			</report>
			<report>
				<misses>606700000</misses>
				<total>0</total>
				<timestamp>4687.358467</timestamp>
			</report>
			<report>
				<misses>606800000</misses>
				<total>0</total>
				<timestamp>4688.120515</timestamp>
			</report>
			<report>
				<misses>606900000</misses>
				<total>0</total>
				<timestamp>4688.950549</timestamp>
			</report>
			<report>
				<misses>607000000</misses>
				<total>0</total>
				<timestamp>4689.742256</timestamp>
			</report>
			<report>
				<misses>607100000</misses>
				<total>0</total>
				<timestamp>4690.514297</timestamp>
			</report>
			<report>
				<misses>607200000</misses>
				<total>0</total>
				<timestamp>4691.285247</timestamp>
			</report>
			<report>
				<misses>607300000</misses>
				<total>0</total>
				<timestamp>4692.019293</timestamp>
			</report>
			<report>
				<misses>607400000</misses>
				<total>0</total>
				<timestamp>4692.759875</timestamp>
			</report>
			<report>
				<misses>607500000</misses>
				<total>0</total>
				<timestamp>4693.506935</timestamp>
			</report>
			<report>
				<misses>607600000</misses>
				<total>0</total>
				<timestamp>4694.284912</timestamp>
			</report>
			<report>
				<misses>607700000</misses>
				<total>0</total>
				<timestamp>4695.059237</timestamp>
			</report>
			<report>
				<misses>607800000</misses>
				<total>0</total>
				<timestamp>4695.841174</timestamp>
			</report>
			<report>
				<misses>607900000</misses>
				<total>0</total>
				<timestamp>4696.576298</timestamp>
			</report>
			<report>
				<misses>608000000</misses>
				<total>0</total>
				<timestamp>4697.302849</timestamp>
			</report>
			<report>
				<misses>608100000</misses>
				<total>0</total>
				<timestamp>4698.049976</timestamp>
			</report>
			<report>
				<misses>608200000</misses>
				<total>0</total>
				<timestamp>4698.828031</timestamp>
			</report>
			<report>
				<misses>608300000</misses>
				<total>0</total>
				<timestamp>4699.560522</timestamp>
			</report>
			<report>
				<misses>608400000</misses>
				<total>0</total>
				<timestamp>4700.354781</timestamp>
			</report>
			<report>
				<misses>608500000</misses>
				<total>0</total>
				<timestamp>4701.132042</timestamp>
			</report>
			<report>
				<misses>608600000</misses>
				<total>0</total>
				<timestamp>4701.901006</timestamp>
			</report>
			<report>
				<misses>608700000</misses>
				<total>0</total>
				<timestamp>4702.672736</timestamp>
			</report>
			<report>
				<misses>608800000</misses>
				<total>0</total>
				<timestamp>4703.432512</timestamp>
			</report>
			<report>
				<misses>608900000</misses>
				<total>0</total>
				<timestamp>4704.188462</timestamp>
			</report>
			<report>
				<misses>609000000</misses>
				<total>0</total>
				<timestamp>4704.968802</timestamp>
			</report>
			<report>
				<misses>609100000</misses>
				<total>0</total>
				<timestamp>4705.745432</timestamp>
			</report>
			<report>
				<misses>609200000</misses>
				<total>0</total>
				<timestamp>4706.500857</timestamp>
			</report>
			<report>
				<misses>609300000</misses>
				<total>0</total>
				<timestamp>4707.263719</timestamp>
			</report>
			<report>
				<misses>609400000</misses>
				<total>0</total>
				<timestamp>4708.098483</timestamp>
			</report>
			<report>
				<misses>609500000</misses>
				<total>0</total>
				<timestamp>4708.901711</timestamp>
			</report>
			<report>
				<misses>609600000</misses>
				<total>0</total>
				<timestamp>4709.666042</timestamp>
			</report>
			<report>
				<misses>609700000</misses>
				<total>0</total>
				<timestamp>4710.433795</timestamp>
			</report>
			<report>
				<misses>609800000</misses>
				<total>0</total>
				<timestamp>4711.199613</timestamp>
			</report>
			<report>
				<misses>609900000</misses>
				<total>0</total>
				<timestamp>4711.962651</timestamp>
			</report>
			<report>
				<misses>610000000</misses>
				<total>0</total>
				<timestamp>4712.705347</timestamp>
			</report>
			<report>
				<misses>610100000</misses>
				<total>0</total>
				<timestamp>4713.434822</timestamp>
			</report>
			<report>
				<misses>610200000</misses>
				<total>0</total>
				<timestamp>4714.229632</timestamp>
			</report>
			<report>
				<misses>610300000</misses>
				<total>0</total>
				<timestamp>4714.967294</timestamp>
			</report>
			<report>
				<misses>610400000</misses>
				<total>0</total>
				<timestamp>4715.715735</timestamp>
			</report>
			<report>
				<misses>610500000</misses>
				<total>0</total>
				<timestamp>4716.492050</timestamp>
			</report>
			<report>
				<misses>610600000</misses>
				<total>0</total>
				<timestamp>4717.245857</timestamp>
			</report>
			<report>
				<misses>610700000</misses>
				<total>0</total>
				<timestamp>4717.977540</timestamp>
			</report>
			<report>
				<misses>610800000</misses>
				<total>0</total>
				<timestamp>4718.701321</timestamp>
			</report>
			<report>
				<misses>610900000</misses>
				<total>0</total>
				<timestamp>4719.453299</timestamp>
			</report>
			<report>
				<misses>611000000</misses>
				<total>0</total>
				<timestamp>4720.193146</timestamp>
			</report>
			<report>
				<misses>611100000</misses>
				<total>0</total>
				<timestamp>4720.980378</timestamp>
			</report>
			<report>
				<misses>611200000</misses>
				<total>0</total>
				<timestamp>4721.809020</timestamp>
			</report>
			<report>
				<misses>611300000</misses>
				<total>0</total>
				<timestamp>4722.574023</timestamp>
			</report>
			<report>
				<misses>611400000</misses>
				<total>0</total>
				<timestamp>4723.371936</timestamp>
			</report>
			<report>
				<misses>611500000</misses>
				<total>0</total>
				<timestamp>4724.143003</timestamp>
			</report>
			<report>
				<misses>611600000</misses>
				<total>0</total>
				<timestamp>4724.964473</timestamp>
			</report>
			<report>
				<misses>611700000</misses>
				<total>0</total>
				<timestamp>4725.733698</timestamp>
			</report>
			<report>
				<misses>611800000</misses>
				<total>0</total>
				<timestamp>4726.492651</timestamp>
			</report>
			<report>
				<misses>611900000</misses>
				<total>0</total>
				<timestamp>4727.257087</timestamp>
			</report>
			<report>
				<misses>612000000</misses>
				<total>0</total>
				<timestamp>4728.056249</timestamp>
			</report>
			<report>
				<misses>612100000</misses>
				<total>0</total>
				<timestamp>4728.830732</timestamp>
			</report>
			<report>
				<misses>612200000</misses>
				<total>0</total>
				<timestamp>4729.576450</timestamp>
			</report>
			<report>
				<misses>612300000</misses>
				<total>0</total>
				<timestamp>4730.324004</timestamp>
			</report>
			<report>
				<misses>612400000</misses>
				<total>0</total>
				<timestamp>4731.117103</timestamp>
			</report>
			<report>
				<misses>612500000</misses>
				<total>0</total>
				<timestamp>4731.872542</timestamp>
			</report>
			<report>
				<misses>612600000</misses>
				<total>0</total>
				<timestamp>4732.676156</timestamp>
			</report>
			<report>
				<misses>612700000</misses>
				<total>0</total>
				<timestamp>4733.498933</timestamp>
			</report>
			<report>
				<misses>612800000</misses>
				<total>0</total>
				<timestamp>4734.307443</timestamp>
			</report>
			<report>
				<misses>612900000</misses>
				<total>0</total>
				<timestamp>4735.084047</timestamp>
			</report>
			<report>
				<misses>613000000</misses>
				<total>0</total>
				<timestamp>4735.873782</timestamp>
			</report>
			<report>
				<misses>613100000</misses>
				<total>0</total>
				<timestamp>4736.643313</timestamp>
			</report>
			<report>
				<misses>613200000</misses>
				<total>0</total>
				<timestamp>4737.399534</timestamp>
			</report>
			<report>
				<misses>613300000</misses>
				<total>0</total>
				<timestamp>4738.166319</timestamp>
			</report>
			<report>
				<misses>613400000</misses>
				<total>0</total>
				<timestamp>4738.926870</timestamp>
			</report>
			<report>
				<misses>613500000</misses>
				<total>0</total>
				<timestamp>4739.688303</timestamp>
			</report>
			<report>
				<misses>613600000</misses>
				<total>0</total>
				<timestamp>4740.479014</timestamp>
			</report>
			<report>
				<misses>613700000</misses>
				<total>0</total>
				<timestamp>4741.272234</timestamp>
			</report>
			<report>
				<misses>613800000</misses>
				<total>0</total>
				<timestamp>4742.032251</timestamp>
			</report>
			<report>
				<misses>613900000</misses>
				<total>0</total>
				<timestamp>4742.859329</timestamp>
			</report>
			<report>
				<misses>614000000</misses>
				<total>0</total>
				<timestamp>4743.644423</timestamp>
			</report>
			<report>
				<misses>614100000</misses>
				<total>0</total>
				<timestamp>4744.437650</timestamp>
			</report>
			<report>
				<misses>614200000</misses>
				<total>0</total>
				<timestamp>4745.271519</timestamp>
			</report>
			<report>
				<misses>614300000</misses>
				<total>0</total>
				<timestamp>4746.024874</timestamp>
			</report>
			<report>
				<misses>614400000</misses>
				<total>0</total>
				<timestamp>4746.825958</timestamp>
			</report>
			<report>
				<misses>614500000</misses>
				<total>0</total>
				<timestamp>4747.664581</timestamp>
			</report>
			<report>
				<misses>614600000</misses>
				<total>0</total>
				<timestamp>4748.449752</timestamp>
			</report>
			<report>
				<misses>614700000</misses>
				<total>0</total>
				<timestamp>4749.214198</timestamp>
			</report>
			<report>
				<misses>614800000</misses>
				<total>0</total>
				<timestamp>4749.990998</timestamp>
			</report>
			<report>
				<misses>614900000</misses>
				<total>0</total>
				<timestamp>4750.727086</timestamp>
			</report>
			<report>
				<misses>615000000</misses>
				<total>0</total>
				<timestamp>4751.436021</timestamp>
			</report>
			<report>
				<misses>615100000</misses>
				<total>0</total>
				<timestamp>4752.207421</timestamp>
			</report>
			<report>
				<misses>615200000</misses>
				<total>0</total>
				<timestamp>4752.980587</timestamp>
			</report>
			<report>
				<misses>615300000</misses>
				<total>0</total>
				<timestamp>4753.688597</timestamp>
			</report>
			<report>
				<misses>615400000</misses>
				<total>0</total>
				<timestamp>4754.427917</timestamp>
			</report>
			<report>
				<misses>615500000</misses>
				<total>0</total>
				<timestamp>4755.170814</timestamp>
			</report>
			<report>
				<misses>615600000</misses>
				<total>0</total>
				<timestamp>4755.952104</timestamp>
			</report>
			<report>
				<misses>615700000</misses>
				<total>0</total>
				<timestamp>4756.721073</timestamp>
			</report>
			<report>
				<misses>615800000</misses>
				<total>0</total>
				<timestamp>4757.483990</timestamp>
			</report>
			<report>
				<misses>615900000</misses>
				<total>0</total>
				<timestamp>4758.272423</timestamp>
			</report>
			<report>
				<misses>616000000</misses>
				<total>0</total>
				<timestamp>4759.062357</timestamp>
			</report>
			<report>
				<misses>616100000</misses>
				<total>0</total>
				<timestamp>4759.911653</timestamp>
			</report>
			<report>
				<misses>616200000</misses>
				<total>0</total>
				<timestamp>4760.693408</timestamp>
			</report>
			<report>
				<misses>616300000</misses>
				<total>0</total>
				<timestamp>4761.549295</timestamp>
			</report>
			<report>
				<misses>616400000</misses>
				<total>0</total>
				<timestamp>4762.323423</timestamp>
			</report>
			<report>
				<misses>616500000</misses>
				<total>0</total>
				<timestamp>4763.091039</timestamp>
			</report>
			<report>
				<misses>616600000</misses>
				<total>0</total>
				<timestamp>4763.889189</timestamp>
			</report>
			<report>
				<misses>616700000</misses>
				<total>0</total>
				<timestamp>4764.685776</timestamp>
			</report>
			<report>
				<misses>616800000</misses>
				<total>0</total>
				<timestamp>4765.434633</timestamp>
			</report>
			<report>
				<misses>616900000</misses>
				<total>0</total>
				<timestamp>4766.234950</timestamp>
			</report>
			<report>
				<misses>617000000</misses>
				<total>0</total>
				<timestamp>4767.025821</timestamp>
			</report>
			<report>
				<misses>617100000</misses>
				<total>0</total>
				<timestamp>4767.809575</timestamp>
			</report>
			<report>
				<misses>617200000</misses>
				<total>0</total>
				<timestamp>4768.599119</timestamp>
			</report>
			<report>
				<misses>617300000</misses>
				<total>0</total>
				<timestamp>4769.389001</timestamp>
			</report>
			<report>
				<misses>617400000</misses>
				<total>0</total>
				<timestamp>4770.137570</timestamp>
			</report>
			<report>
				<misses>617500000</misses>
				<total>0</total>
				<timestamp>4770.903154</timestamp>
			</report>
			<report>
				<misses>617600000</misses>
				<total>0</total>
				<timestamp>4771.680253</timestamp>
			</report>
			<report>
				<misses>617700000</misses>
				<total>0</total>
				<timestamp>4772.384209</timestamp>
			</report>
			<report>
				<misses>617800000</misses>
				<total>0</total>
				<timestamp>4773.169909</timestamp>
			</report>
			<report>
				<misses>617900000</misses>
				<total>0</total>
				<timestamp>4773.900221</timestamp>
			</report>
			<report>
				<misses>618000000</misses>
				<total>0</total>
				<timestamp>4774.623811</timestamp>
			</report>
			<report>
				<misses>618100000</misses>
				<total>0</total>
				<timestamp>4775.345028</timestamp>
			</report>
			<report>
				<misses>618200000</misses>
				<total>0</total>
				<timestamp>4776.159183</timestamp>
			</report>
			<report>
				<misses>618300000</misses>
				<total>0</total>
				<timestamp>4776.921801</timestamp>
			</report>
			<report>
				<misses>618400000</misses>
				<total>0</total>
				<timestamp>4777.639236</timestamp>
			</report>
			<report>
				<misses>618500000</misses>
				<total>0</total>
				<timestamp>4778.436112</timestamp>
			</report>
			<report>
				<misses>618600000</misses>
				<total>0</total>
				<timestamp>4779.189879</timestamp>
			</report>
			<report>
				<misses>618700000</misses>
				<total>0</total>
				<timestamp>4779.976203</timestamp>
			</report>
			<report>
				<misses>618800000</misses>
				<total>0</total>
				<timestamp>4780.749553</timestamp>
			</report>
			<report>
				<misses>618900000</misses>
				<total>0</total>
				<timestamp>4781.540017</timestamp>
			</report>
			<report>
				<misses>619000000</misses>
				<total>0</total>
				<timestamp>4782.359558</timestamp>
			</report>
			<report>
				<misses>619100000</misses>
				<total>0</total>
				<timestamp>4783.096323</timestamp>
			</report>
			<report>
				<misses>619200000</misses>
				<total>0</total>
				<timestamp>4783.835009</timestamp>
			</report>
			<report>
				<misses>619300000</misses>
				<total>0</total>
				<timestamp>4784.609505</timestamp>
			</report>
			<report>
				<misses>619400000</misses>
				<total>0</total>
				<timestamp>4785.375864</timestamp>
			</report>
			<report>
				<misses>619500000</misses>
				<total>0</total>
				<timestamp>4786.175883</timestamp>
			</report>
			<report>
				<misses>619600000</misses>
				<total>0</total>
				<timestamp>4786.957534</timestamp>
			</report>
			<report>
				<misses>619700000</misses>
				<total>0</total>
				<timestamp>4787.766689</timestamp>
			</report>
			<report>
				<misses>619800000</misses>
				<total>0</total>
				<timestamp>4788.566910</timestamp>
			</report>
			<report>
				<misses>619900000</misses>
				<total>0</total>
				<timestamp>4789.325685</timestamp>
			</report>
			<report>
				<misses>620000000</misses>
				<total>0</total>
				<timestamp>4790.128881</timestamp>
			</report>
			<report>
				<misses>620100000</misses>
				<total>0</total>
				<timestamp>4790.881900</timestamp>
			</report>
			<report>
				<misses>620200000</misses>
				<total>0</total>
				<timestamp>4791.657944</timestamp>
			</report>
			<report>
				<misses>620300000</misses>
				<total>0</total>
				<timestamp>4792.473544</timestamp>
			</report>
			<report>
				<misses>620400000</misses>
				<total>0</total>
				<timestamp>4793.242810</timestamp>
			</report>
			<report>
				<misses>620500000</misses>
				<total>0</total>
				<timestamp>4794.017331</timestamp>
			</report>
			<report>
				<misses>620600000</misses>
				<total>0</total>
				<timestamp>4794.822265</timestamp>
			</report>
			<report>
				<misses>620700000</misses>
				<total>0</total>
				<timestamp>4795.594056</timestamp>
			</report>
			<report>
				<misses>620800000</misses>
				<total>0</total>
				<timestamp>4796.376153</timestamp>
			</report>
			<report>
				<misses>620900000</misses>
				<total>0</total>
				<timestamp>4797.145252</timestamp>
			</report>
			<report>
				<misses>621000000</misses>
				<total>0</total>
				<timestamp>4797.939004</timestamp>
			</report>
			<report>
				<misses>621100000</misses>
				<total>0</total>
				<timestamp>4798.732891</timestamp>
			</report>
			<report>
				<misses>621200000</misses>
				<total>0</total>
				<timestamp>4799.514534</timestamp>
			</report>
			<report>
				<misses>621300000</misses>
				<total>0</total>
				<timestamp>4800.284587</timestamp>
			</report>
			<report>
				<misses>621400000</misses>
				<total>0</total>
				<timestamp>4801.050686</timestamp>
			</report>
			<report>
				<misses>621500000</misses>
				<total>0</total>
				<timestamp>4801.835637</timestamp>
			</report>
			<report>
				<misses>621600000</misses>
				<total>0</total>
				<timestamp>4802.573771</timestamp>
			</report>
			<report>
				<misses>621700000</misses>
				<total>0</total>
				<timestamp>4803.305859</timestamp>
			</report>
			<report>
				<misses>621800000</misses>
				<total>0</total>
				<timestamp>4804.056300</timestamp>
			</report>
			<report>
				<misses>621900000</misses>
				<total>0</total>
				<timestamp>4804.839148</timestamp>
			</report>
			<report>
				<misses>622000000</misses>
				<total>0</total>
				<timestamp>4805.596581</timestamp>
			</report>
			<report>
				<misses>622100000</misses>
				<total>0</total>
				<timestamp>4806.386157</timestamp>
			</report>
			<report>
				<misses>622200000</misses>
				<total>0</total>
				<timestamp>4807.132281</timestamp>
			</report>
			<report>
				<misses>622300000</misses>
				<total>0</total>
				<timestamp>4807.885569</timestamp>
			</report>
			<report>
				<misses>622400000</misses>
				<total>0</total>
				<timestamp>4808.663015</timestamp>
			</report>
			<report>
				<misses>622500000</misses>
				<total>0</total>
				<timestamp>4809.451731</timestamp>
			</report>
			<report>
				<misses>622600000</misses>
				<total>0</total>
				<timestamp>4810.220512</timestamp>
			</report>
			<report>
				<misses>622700000</misses>
				<total>0</total>
				<timestamp>4810.992430</timestamp>
			</report>
			<report>
				<misses>622800000</misses>
				<total>0</total>
				<timestamp>4811.766693</timestamp>
			</report>
			<report>
				<misses>622900000</misses>
				<total>0</total>
				<timestamp>4812.518716</timestamp>
			</report>
			<report>
				<misses>623000000</misses>
				<total>0</total>
				<timestamp>4813.272626</timestamp>
			</report>
			<report>
				<misses>623100000</misses>
				<total>0</total>
				<timestamp>4814.048232</timestamp>
			</report>
			<report>
				<misses>623200000</misses>
				<total>0</total>
				<timestamp>4814.789505</timestamp>
			</report>
			<report>
				<misses>623300000</misses>
				<total>0</total>
				<timestamp>4815.554028</timestamp>
			</report>
			<report>
				<misses>623400000</misses>
				<total>0</total>
				<timestamp>4816.339866</timestamp>
			</report>
			<report>
				<misses>623500000</misses>
				<total>0</total>
				<timestamp>4817.149949</timestamp>
			</report>
			<report>
				<misses>623600000</misses>
				<total>0</total>
				<timestamp>4817.934106</timestamp>
			</report>
			<report>
				<misses>623700000</misses>
				<total>0</total>
				<timestamp>4818.728008</timestamp>
			</report>
			<report>
				<misses>623800000</misses>
				<total>0</total>
				<timestamp>4819.505394</timestamp>
			</report>
			<report>
				<misses>623900000</misses>
				<total>0</total>
				<timestamp>4820.282530</timestamp>
			</report>
			<report>
				<misses>624000000</misses>
				<total>0</total>
				<timestamp>4821.072547</timestamp>
			</report>
			<report>
				<misses>624100000</misses>
				<total>0</total>
				<timestamp>4821.868578</timestamp>
			</report>
			<report>
				<misses>624200000</misses>
				<total>0</total>
				<timestamp>4822.659775</timestamp>
			</report>
			<report>
				<misses>624300000</misses>
				<total>0</total>
				<timestamp>4823.427280</timestamp>
			</report>
			<report>
				<misses>624400000</misses>
				<total>0</total>
				<timestamp>4824.183391</timestamp>
			</report>
			<report>
				<misses>624500000</misses>
				<total>0</total>
				<timestamp>4824.926787</timestamp>
			</report>
			<report>
				<misses>624600000</misses>
				<total>0</total>
				<timestamp>4825.717976</timestamp>
			</report>
			<report>
				<misses>624700000</misses>
				<total>0</total>
				<timestamp>4826.445700</timestamp>
			</report>
			<report>
				<misses>624800000</misses>
				<total>0</total>
				<timestamp>4827.227888</timestamp>
			</report>
			<report>
				<misses>624900000</misses>
				<total>0</total>
				<timestamp>4828.018088</timestamp>
			</report>
			<report>
				<misses>625000000</misses>
				<total>0</total>
				<timestamp>4828.774789</timestamp>
			</report>
			<report>
				<misses>625100000</misses>
				<total>0</total>
				<timestamp>4829.523316</timestamp>
			</report>
			<report>
				<misses>625200000</misses>
				<total>0</total>
				<timestamp>4830.340051</timestamp>
			</report>
			<report>
				<misses>625300000</misses>
				<total>0</total>
				<timestamp>4831.107289</timestamp>
			</report>
			<report>
				<misses>625400000</misses>
				<total>0</total>
				<timestamp>4831.882147</timestamp>
			</report>
			<report>
				<misses>625500000</misses>
				<total>0</total>
				<timestamp>4832.665463</timestamp>
			</report>
			<report>
				<misses>625600000</misses>
				<total>0</total>
				<timestamp>4833.460578</timestamp>
			</report>
			<report>
				<misses>625700000</misses>
				<total>0</total>
				<timestamp>4834.291046</timestamp>
			</report>
			<report>
				<misses>625800000</misses>
				<total>0</total>
				<timestamp>4835.026211</timestamp>
			</report>
			<report>
				<misses>625900000</misses>
				<total>0</total>
				<timestamp>4835.761018</timestamp>
			</report>
			<report>
				<misses>626000000</misses>
				<total>0</total>
				<timestamp>4836.533081</timestamp>
			</report>
			<report>
				<misses>626100000</misses>
				<total>0</total>
				<timestamp>4837.313860</timestamp>
			</report>
			<report>
				<misses>626200000</misses>
				<total>0</total>
				<timestamp>4838.059427</timestamp>
			</report>
			<report>
				<misses>626300000</misses>
				<total>0</total>
				<timestamp>4838.811242</timestamp>
			</report>
			<report>
				<misses>626400000</misses>
				<total>0</total>
				<timestamp>4839.599406</timestamp>
			</report>
			<report>
				<misses>626500000</misses>
				<total>0</total>
				<timestamp>4840.333894</timestamp>
			</report>
			<report>
				<misses>626600000</misses>
				<total>0</total>
				<timestamp>4841.097014</timestamp>
			</report>
			<report>
				<misses>626700000</misses>
				<total>0</total>
				<timestamp>4841.875474</timestamp>
			</report>
			<report>
				<misses>626800000</misses>
				<total>0</total>
				<timestamp>4842.613599</timestamp>
			</report>
			<report>
				<misses>626900000</misses>
				<total>0</total>
				<timestamp>4843.373874</timestamp>
			</report>
			<report>
				<misses>627000000</misses>
				<total>0</total>
				<timestamp>4844.163402</timestamp>
			</report>
			<report>
				<misses>627100000</misses>
				<total>0</total>
				<timestamp>4844.931463</timestamp>
			</report>
			<report>
				<misses>627200000</misses>
				<total>0</total>
				<timestamp>4845.689575</timestamp>
			</report>
			<report>
				<misses>627300000</misses>
				<total>0</total>
				<timestamp>4846.485926</timestamp>
			</report>
			<report>
				<misses>627400000</misses>
				<total>0</total>
				<timestamp>4847.256454</timestamp>
			</report>
			<report>
				<misses>627500000</misses>
				<total>0</total>
				<timestamp>4848.007878</timestamp>
			</report>
			<report>
				<misses>627600000</misses>
				<total>0</total>
				<timestamp>4848.793095</timestamp>
			</report>
			<report>
				<misses>627700000</misses>
				<total>0</total>
				<timestamp>4849.553197</timestamp>
			</report>
			<report>
				<misses>627800000</misses>
				<total>0</total>
				<timestamp>4850.312147</timestamp>
			</report>
			<report>
				<misses>627900000</misses>
				<total>0</total>
				<timestamp>4851.108501</timestamp>
			</report>
			<report>
				<misses>628000000</misses>
				<total>0</total>
				<timestamp>4851.884291</timestamp>
			</report>
			<report>
				<misses>628100000</misses>
				<total>0</total>
				<timestamp>4852.641190</timestamp>
			</report>
			<report>
				<misses>628200000</misses>
				<total>0</total>
				<timestamp>4853.418820</timestamp>
			</report>
			<report>
				<misses>628300000</misses>
				<total>0</total>
				<timestamp>4854.181774</timestamp>
			</report>
			<report>
				<misses>628400000</misses>
				<total>0</total>
				<timestamp>4854.955323</timestamp>
			</report>
			<report>
				<misses>628500000</misses>
				<total>0</total>
				<timestamp>4855.775562</timestamp>
			</report>
			<report>
				<misses>628600000</misses>
				<total>0</total>
				<timestamp>4856.565807</timestamp>
			</report>
			<report>
				<misses>628700000</misses>
				<total>0</total>
				<timestamp>4857.325819</timestamp>
			</report>
			<report>
				<misses>628800000</misses>
				<total>0</total>
				<timestamp>4858.084246</timestamp>
			</report>
			<report>
				<misses>628900000</misses>
				<total>0</total>
				<timestamp>4858.870743</timestamp>
			</report>
			<report>
				<misses>629000000</misses>
				<total>0</total>
				<timestamp>4859.587755</timestamp>
			</report>
			<report>
				<misses>629100000</misses>
				<total>0</total>
				<timestamp>4860.328686</timestamp>
			</report>
			<report>
				<misses>629200000</misses>
				<total>0</total>
				<timestamp>4861.052046</timestamp>
			</report>
			<report>
				<misses>629300000</misses>
				<total>0</total>
				<timestamp>4861.818663</timestamp>
			</report>
			<report>
				<misses>629400000</misses>
				<total>0</total>
				<timestamp>4862.577628</timestamp>
			</report>
			<report>
				<misses>629500000</misses>
				<total>0</total>
				<timestamp>4863.341125</timestamp>
			</report>
			<report>
				<misses>629600000</misses>
				<total>0</total>
				<timestamp>4864.063821</timestamp>
			</report>
			<report>
				<misses>629700000</misses>
				<total>0</total>
				<timestamp>4864.849787</timestamp>
			</report>
			<report>
				<misses>629800000</misses>
				<total>0</total>
				<timestamp>4865.656312</timestamp>
			</report>
			<report>
				<misses>629900000</misses>
				<total>0</total>
				<timestamp>4866.403825</timestamp>
			</report>
			<report>
				<misses>630000000</misses>
				<total>0</total>
				<timestamp>4867.196519</timestamp>
			</report>
			<report>
				<misses>630100000</misses>
				<total>0</total>
				<timestamp>4867.975477</timestamp>
			</report>
			<report>
				<misses>630200000</misses>
				<total>0</total>
				<timestamp>4868.733749</timestamp>
			</report>
			<report>
				<misses>630300000</misses>
				<total>0</total>
				<timestamp>4869.524972</timestamp>
			</report>
			<report>
				<misses>630400000</misses>
				<total>0</total>
				<timestamp>4870.307908</timestamp>
			</report>
			<report>
				<misses>630500000</misses>
				<total>0</total>
				<timestamp>4871.063876</timestamp>
			</report>
			<report>
				<misses>630600000</misses>
				<total>0</total>
				<timestamp>4871.805297</timestamp>
			</report>
			<report>
				<misses>630700000</misses>
				<total>0</total>
				<timestamp>4872.591007</timestamp>
			</report>
			<report>
				<misses>630800000</misses>
				<total>0</total>
				<timestamp>4873.331393</timestamp>
			</report>
			<report>
				<misses>630900000</misses>
				<total>0</total>
				<timestamp>4874.067521</timestamp>
			</report>
			<report>
				<misses>631000000</misses>
				<total>0</total>
				<timestamp>4874.819987</timestamp>
			</report>
			<report>
				<misses>631100000</misses>
				<total>0</total>
				<timestamp>4875.581527</timestamp>
			</report>
			<report>
				<misses>631200000</misses>
				<total>0</total>
				<timestamp>4876.294171</timestamp>
			</report>
			<report>
				<misses>631300000</misses>
				<total>0</total>
				<timestamp>4877.022567</timestamp>
			</report>
			<report>
				<misses>631400000</misses>
				<total>0</total>
				<timestamp>4877.764215</timestamp>
			</report>
			<report>
				<misses>631500000</misses>
				<total>0</total>
				<timestamp>4878.522504</timestamp>
			</report>
			<report>
				<misses>631600000</misses>
				<total>0</total>
				<timestamp>4879.279093</timestamp>
			</report>
			<report>
				<misses>631700000</misses>
				<total>0</total>
				<timestamp>4880.000069</timestamp>
			</report>
			<report>
				<misses>631800000</misses>
				<total>0</total>
				<timestamp>4880.767152</timestamp>
			</report>
			<report>
				<misses>631900000</misses>
				<total>0</total>
				<timestamp>4881.523059</timestamp>
			</report>
			<report>
				<misses>632000000</misses>
				<total>0</total>
				<timestamp>4882.336424</timestamp>
			</report>
			<report>
				<misses>632100000</misses>
				<total>0</total>
				<timestamp>4883.094856</timestamp>
			</report>
			<report>
				<misses>632200000</misses>
				<total>0</total>
				<timestamp>4883.883476</timestamp>
			</report>
			<report>
				<misses>632300000</misses>
				<total>0</total>
				<timestamp>4884.625156</timestamp>
			</report>
			<report>
				<misses>632400000</misses>
				<total>0</total>
				<timestamp>4885.385902</timestamp>
			</report>
			<report>
				<misses>632500000</misses>
				<total>0</total>
				<timestamp>4886.180249</timestamp>
			</report>
			<report>
				<misses>632600000</misses>
				<total>0</total>
				<timestamp>4886.948274</timestamp>
			</report>
			<report>
				<misses>632700000</misses>
				<total>0</total>
				<timestamp>4887.728169</timestamp>
			</report>
			<report>
				<misses>632800000</misses>
				<total>0</total>
				<timestamp>4888.479817</timestamp>
			</report>
			<report>
				<misses>632900000</misses>
				<total>0</total>
				<timestamp>4889.328221</timestamp>
			</report>
			<report>
				<misses>633000000</misses>
				<total>0</total>
				<timestamp>4890.083097</timestamp>
			</report>
			<report>
				<misses>633100000</misses>
				<total>0</total>
				<timestamp>4890.789233</timestamp>
			</report>
			<report>
				<misses>633200000</misses>
				<total>0</total>
				<timestamp>4891.524805</timestamp>
			</report>
			<report>
				<misses>633300000</misses>
				<total>0</total>
				<timestamp>4892.272420</timestamp>
			</report>
			<report>
				<misses>633400000</misses>
				<total>0</total>
				<timestamp>4893.010151</timestamp>
			</report>
			<report>
				<misses>633500000</misses>
				<total>0</total>
				<timestamp>4893.755360</timestamp>
			</report>
			<report>
				<misses>633600000</misses>
				<total>0</total>
				<timestamp>4894.503079</timestamp>
			</report>
			<report>
				<misses>633700000</misses>
				<total>0</total>
				<timestamp>4895.261182</timestamp>
			</report>
			<report>
				<misses>633800000</misses>
				<total>0</total>
				<timestamp>4896.011286</timestamp>
			</report>
			<report>
				<misses>633900000</misses>
				<total>0</total>
				<timestamp>4896.846384</timestamp>
			</report>
			<report>
				<misses>634000000</misses>
				<total>0</total>
				<timestamp>4897.617682</timestamp>
			</report>
			<report>
				<misses>634100000</misses>
				<total>0</total>
				<timestamp>4898.354715</timestamp>
			</report>
			<report>
				<misses>634200000</misses>
				<total>0</total>
				<timestamp>4899.092621</timestamp>
			</report>
			<report>
				<misses>634300000</misses>
				<total>0</total>
				<timestamp>4899.857579</timestamp>
			</report>
			<report>
				<misses>634400000</misses>
				<total>0</total>
				<timestamp>4900.645192</timestamp>
			</report>
			<report>
				<misses>634500000</misses>
				<total>0</total>
				<timestamp>4901.386065</timestamp>
			</report>
			<report>
				<misses>634600000</misses>
				<total>0</total>
				<timestamp>4902.176044</timestamp>
			</report>
			<report>
				<misses>634700000</misses>
				<total>0</total>
				<timestamp>4902.986804</timestamp>
			</report>
			<report>
				<misses>634800000</misses>
				<total>0</total>
				<timestamp>4903.755149</timestamp>
			</report>
			<report>
				<misses>634900000</misses>
				<total>0</total>
				<timestamp>4904.561751</timestamp>
			</report>
			<report>
				<misses>635000000</misses>
				<total>0</total>
				<timestamp>4905.300217</timestamp>
			</report>
			<report>
				<misses>635100000</misses>
				<total>0</total>
				<timestamp>4906.032863</timestamp>
			</report>
			<report>
				<misses>635200000</misses>
				<total>0</total>
				<timestamp>4906.764619</timestamp>
			</report>
			<report>
				<misses>635300000</misses>
				<total>0</total>
				<timestamp>4907.545353</timestamp>
			</report>
			<report>
				<misses>635400000</misses>
				<total>0</total>
				<timestamp>4908.306091</timestamp>
			</report>
			<report>
				<misses>635500000</misses>
				<total>0</total>
				<timestamp>4909.053737</timestamp>
			</report>
			<report>
				<misses>635600000</misses>
				<total>0</total>
				<timestamp>4909.806247</timestamp>
			</report>
			<report>
				<misses>635700000</misses>
				<total>0</total>
				<timestamp>4910.540961</timestamp>
			</report>
			<report>
				<misses>635800000</misses>
				<total>0</total>
				<timestamp>4911.262089</timestamp>
			</report>
			<report>
				<misses>635900000</misses>
				<total>0</total>
				<timestamp>4912.026646</timestamp>
			</report>
			<report>
				<misses>636000000</misses>
				<total>0</total>
				<timestamp>4912.778081</timestamp>
			</report>
			<report>
				<misses>636100000</misses>
				<total>0</total>
				<timestamp>4913.554913</timestamp>
			</report>
			<report>
				<misses>636200000</misses>
				<total>0</total>
				<timestamp>4914.339252</timestamp>
			</report>
			<report>
				<misses>636300000</misses>
				<total>0</total>
				<timestamp>4915.128047</timestamp>
			</report>
			<report>
				<misses>636400000</misses>
				<total>0</total>
				<timestamp>4915.894531</timestamp>
			</report>
			<report>
				<misses>636500000</misses>
				<total>0</total>
				<timestamp>4916.709449</timestamp>
			</report>
			<report>
				<misses>636600000</misses>
				<total>0</total>
				<timestamp>4917.475408</timestamp>
			</report>
			<report>
				<misses>636700000</misses>
				<total>0</total>
				<timestamp>4918.245570</timestamp>
			</report>
			<report>
				<misses>636800000</misses>
				<total>0</total>
				<timestamp>4919.053560</timestamp>
			</report>
			<report>
				<misses>636900000</misses>
				<total>0</total>
				<timestamp>4919.844371</timestamp>
			</report>
			<report>
				<misses>637000000</misses>
				<total>0</total>
				<timestamp>4920.623396</timestamp>
			</report>
			<report>
				<misses>637100000</misses>
				<total>0</total>
				<timestamp>4921.438320</timestamp>
			</report>
			<report>
				<misses>637200000</misses>
				<total>0</total>
				<timestamp>4922.220448</timestamp>
			</report>
			<report>
				<misses>637300000</misses>
				<total>0</total>
				<timestamp>4923.028090</timestamp>
			</report>
			<report>
				<misses>637400000</misses>
				<total>0</total>
				<timestamp>4923.786510</timestamp>
			</report>
			<report>
				<misses>637500000</misses>
				<total>0</total>
				<timestamp>4924.580018</timestamp>
			</report>
			<report>
				<misses>637600000</misses>
				<total>0</total>
				<timestamp>4925.360739</timestamp>
			</report>
			<report>
				<misses>637700000</misses>
				<total>0</total>
				<timestamp>4926.124879</timestamp>
			</report>
			<report>
				<misses>637800000</misses>
				<total>0</total>
				<timestamp>4926.879730</timestamp>
			</report>
			<report>
				<misses>637900000</misses>
				<total>0</total>
				<timestamp>4927.606539</timestamp>
			</report>
			<report>
				<misses>638000000</misses>
				<total>0</total>
				<timestamp>4928.330202</timestamp>
			</report>
			<report>
				<misses>638100000</misses>
				<total>0</total>
				<timestamp>4929.092385</timestamp>
			</report>
			<report>
				<misses>638200000</misses>
				<total>0</total>
				<timestamp>4929.832506</timestamp>
			</report>
			<report>
				<misses>638300000</misses>
				<total>0</total>
				<timestamp>4930.568088</timestamp>
			</report>
			<report>
				<misses>638400000</misses>
				<total>0</total>
				<timestamp>4931.316725</timestamp>
			</report>
			<report>
				<misses>638500000</misses>
				<total>0</total>
				<timestamp>4932.094477</timestamp>
			</report>
			<report>
				<misses>638600000</misses>
				<total>0</total>
				<timestamp>4932.865797</timestamp>
			</report>
			<report>
				<misses>638700000</misses>
				<total>0</total>
				<timestamp>4933.635387</timestamp>
			</report>
			<report>
				<misses>638800000</misses>
				<total>0</total>
				<timestamp>4934.403724</timestamp>
			</report>
			<report>
				<misses>638900000</misses>
				<total>0</total>
				<timestamp>4935.139341</timestamp>
			</report>
			<report>
				<misses>639000000</misses>
				<total>0</total>
				<timestamp>4935.912193</timestamp>
			</report>
			<report>
				<misses>639100000</misses>
				<total>0</total>
				<timestamp>4936.656351</timestamp>
			</report>
			<report>
				<misses>639200000</misses>
				<total>0</total>
				<timestamp>4937.427565</timestamp>
			</report>
			<report>
				<misses>639300000</misses>
				<total>0</total>
				<timestamp>4938.185819</timestamp>
			</report>
			<report>
				<misses>639400000</misses>
				<total>0</total>
				<timestamp>4938.928181</timestamp>
			</report>
			<report>
				<misses>639500000</misses>
				<total>0</total>
				<timestamp>4939.732478</timestamp>
			</report>
			<report>
				<misses>639600000</misses>
				<total>0</total>
				<timestamp>4940.487249</timestamp>
			</report>
			<report>
				<misses>639700000</misses>
				<total>0</total>
				<timestamp>4941.283765</timestamp>
			</report>
			<report>
				<misses>639800000</misses>
				<total>0</total>
				<timestamp>4942.100042</timestamp>
			</report>
			<report>
				<misses>639900000</misses>
				<total>0</total>
				<timestamp>4942.860133</timestamp>
			</report>
			<report>
				<misses>640000000</misses>
				<total>0</total>
				<timestamp>4943.587400</timestamp>
			</report>
			<report>
				<misses>640100000</misses>
				<total>0</total>
				<timestamp>4944.331620</timestamp>
			</report>
			<report>
				<misses>640200000</misses>
				<total>0</total>
				<timestamp>4945.095313</timestamp>
			</report>
			<report>
				<misses>640300000</misses>
				<total>0</total>
				<timestamp>4945.823165</timestamp>
			</report>
			<report>
				<misses>640400000</misses>
				<total>0</total>
				<timestamp>4946.535378</timestamp>
			</report>
			<report>
				<misses>640500000</misses>
				<total>0</total>
				<timestamp>4947.283106</timestamp>
			</report>
			<report>
				<misses>640600000</misses>
				<total>0</total>
				<timestamp>4947.997537</timestamp>
			</report>
			<report>
				<misses>640700000</misses>
				<total>0</total>
				<timestamp>4948.749222</timestamp>
			</report>
			<report>
				<misses>640800000</misses>
				<total>0</total>
				<timestamp>4949.526744</timestamp>
			</report>
			<report>
				<misses>640900000</misses>
				<total>0</total>
				<timestamp>4950.318096</timestamp>
			</report>
			<report>
				<misses>641000000</misses>
				<total>0</total>
				<timestamp>4951.056838</timestamp>
			</report>
			<report>
				<misses>641100000</misses>
				<total>0</total>
				<timestamp>4951.860298</timestamp>
			</report>
			<report>
				<misses>641200000</misses>
				<total>0</total>
				<timestamp>4952.670603</timestamp>
			</report>
			<report>
				<misses>641300000</misses>
				<total>0</total>
				<timestamp>4953.427453</timestamp>
			</report>
			<report>
				<misses>641400000</misses>
				<total>0</total>
				<timestamp>4954.206281</timestamp>
			</report>
			<report>
				<misses>641500000</misses>
				<total>0</total>
				<timestamp>4954.970557</timestamp>
			</report>
			<report>
				<misses>641600000</misses>
				<total>0</total>
				<timestamp>4955.754774</timestamp>
			</report>
			<report>
				<misses>641700000</misses>
				<total>0</total>
				<timestamp>4956.541006</timestamp>
			</report>
			<report>
				<misses>641800000</misses>
				<total>0</total>
				<timestamp>4957.331014</timestamp>
			</report>
			<report>
				<misses>641900000</misses>
				<total>0</total>
				<timestamp>4958.104760</timestamp>
			</report>
			<report>
				<misses>642000000</misses>
				<total>0</total>
				<timestamp>4958.930166</timestamp>
			</report>
			<report>
				<misses>642100000</misses>
				<total>0</total>
				<timestamp>4959.696352</timestamp>
			</report>
			<report>
				<misses>642200000</misses>
				<total>0</total>
				<timestamp>4960.454095</timestamp>
			</report>
			<report>
				<misses>642300000</misses>
				<total>0</total>
				<timestamp>4961.243674</timestamp>
			</report>
			<report>
				<misses>642400000</misses>
				<total>0</total>
				<timestamp>4962.044913</timestamp>
			</report>
			<report>
				<misses>642500000</misses>
				<total>0</total>
				<timestamp>4962.844056</timestamp>
			</report>
			<report>
				<misses>642600000</misses>
				<total>0</total>
				<timestamp>4963.611287</timestamp>
			</report>
			<report>
				<misses>642700000</misses>
				<total>0</total>
				<timestamp>4964.379842</timestamp>
			</report>
			<report>
				<misses>642800000</misses>
				<total>0</total>
				<timestamp>4965.140470</timestamp>
			</report>
			<report>
				<misses>642900000</misses>
				<total>0</total>
				<timestamp>4965.915340</timestamp>
			</report>
			<report>
				<misses>643000000</misses>
				<total>0</total>
				<timestamp>4966.675436</timestamp>
			</report>
			<report>
				<misses>643100000</misses>
				<total>0</total>
				<timestamp>4967.404467</timestamp>
			</report>
			<report>
				<misses>643200000</misses>
				<total>0</total>
				<timestamp>4968.168759</timestamp>
			</report>
			<report>
				<misses>643300000</misses>
				<total>0</total>
				<timestamp>4968.926261</timestamp>
			</report>
			<report>
				<misses>643400000</misses>
				<total>0</total>
				<timestamp>4969.653172</timestamp>
			</report>
			<report>
				<misses>643500000</misses>
				<total>0</total>
				<timestamp>4970.400853</timestamp>
			</report>
			<report>
				<misses>643600000</misses>
				<total>0</total>
				<timestamp>4971.220147</timestamp>
			</report>
			<report>
				<misses>643700000</misses>
				<total>0</total>
				<timestamp>4972.028925</timestamp>
			</report>
			<report>
				<misses>643800000</misses>
				<total>0</total>
				<timestamp>4972.801204</timestamp>
			</report>
			<report>
				<misses>643900000</misses>
				<total>0</total>
				<timestamp>4973.601225</timestamp>
			</report>
			<report>
				<misses>644000000</misses>
				<total>0</total>
				<timestamp>4974.390159</timestamp>
			</report>
			<report>
				<misses>644100000</misses>
				<total>0</total>
				<timestamp>4975.124796</timestamp>
			</report>
			<report>
				<misses>644200000</misses>
				<total>0</total>
				<timestamp>4975.958446</timestamp>
			</report>
			<report>
				<misses>644300000</misses>
				<total>0</total>
				<timestamp>4976.703935</timestamp>
			</report>
			<report>
				<misses>644400000</misses>
				<total>0</total>
				<timestamp>4977.488030</timestamp>
			</report>
			<report>
				<misses>644500000</misses>
				<total>0</total>
				<timestamp>4978.265131</timestamp>
			</report>
			<report>
				<misses>644600000</misses>
				<total>0</total>
				<timestamp>4979.016308</timestamp>
			</report>
			<report>
				<misses>644700000</misses>
				<total>0</total>
				<timestamp>4979.826406</timestamp>
			</report>
			<report>
				<misses>644800000</misses>
				<total>0</total>
				<timestamp>4980.632572</timestamp>
			</report>
			<report>
				<misses>644900000</misses>
				<total>0</total>
				<timestamp>4981.376139</timestamp>
			</report>
			<report>
				<misses>645000000</misses>
				<total>0</total>
				<timestamp>4982.095528</timestamp>
			</report>
			<report>
				<misses>645100000</misses>
				<total>0</total>
				<timestamp>4982.836040</timestamp>
			</report>
			<report>
				<misses>645200000</misses>
				<total>0</total>
				<timestamp>4983.580555</timestamp>
			</report>
			<report>
				<misses>645300000</misses>
				<total>0</total>
				<timestamp>4984.314237</timestamp>
			</report>
			<report>
				<misses>645400000</misses>
				<total>0</total>
				<timestamp>4985.083431</timestamp>
			</report>
			<report>
				<misses>645500000</misses>
				<total>0</total>
				<timestamp>4985.818610</timestamp>
			</report>
			<report>
				<misses>645600000</misses>
				<total>0</total>
				<timestamp>4986.546294</timestamp>
			</report>
			<report>
				<misses>645700000</misses>
				<total>0</total>
				<timestamp>4987.352502</timestamp>
			</report>
			<report>
				<misses>645800000</misses>
				<total>0</total>
				<timestamp>4988.127119</timestamp>
			</report>
			<report>
				<misses>645900000</misses>
				<total>0</total>
				<timestamp>4988.894696</timestamp>
			</report>
			<report>
				<misses>646000000</misses>
				<total>0</total>
				<timestamp>4989.660402</timestamp>
			</report>
			<report>
				<misses>646100000</misses>
				<total>0</total>
				<timestamp>4990.471514</timestamp>
			</report>
			<report>
				<misses>646200000</misses>
				<total>0</total>
				<timestamp>4991.283645</timestamp>
			</report>
			<report>
				<misses>646300000</misses>
				<total>0</total>
				<timestamp>4992.055759</timestamp>
			</report>
			<report>
				<misses>646400000</misses>
				<total>0</total>
				<timestamp>4992.842650</timestamp>
			</report>
			<report>
				<misses>646500000</misses>
				<total>0</total>
				<timestamp>4993.614478</timestamp>
			</report>
			<report>
				<misses>646600000</misses>
				<total>0</total>
				<timestamp>4994.361775</timestamp>
			</report>
			<report>
				<misses>646700000</misses>
				<total>0</total>
				<timestamp>4995.104551</timestamp>
			</report>
			<report>
				<misses>646800000</misses>
				<total>0</total>
				<timestamp>4995.840356</timestamp>
			</report>
			<report>
				<misses>646900000</misses>
				<total>0</total>
				<timestamp>4996.577487</timestamp>
			</report>
			<report>
				<misses>647000000</misses>
				<total>0</total>
				<timestamp>4997.302036</timestamp>
			</report>
			<report>
				<misses>647100000</misses>
				<total>0</total>
				<timestamp>4998.030041</timestamp>
			</report>
			<report>
				<misses>647200000</misses>
				<total>0</total>
				<timestamp>4998.774580</timestamp>
			</report>
			<report>
				<misses>647300000</misses>
				<total>0</total>
				<timestamp>4999.518254</timestamp>
			</report>
			<report>
				<misses>647400000</misses>
				<total>0</total>
				<timestamp>5000.252895</timestamp>
			</report>
			<report>
				<misses>647500000</misses>
				<total>0</total>
				<timestamp>5000.969226</timestamp>
			</report>
			<report>
				<misses>647600000</misses>
				<total>0</total>
				<timestamp>5001.738260</timestamp>
			</report>
			<report>
				<misses>647700000</misses>
				<total>0</total>
				<timestamp>5002.505909</timestamp>
			</report>
			<report>
				<misses>647800000</misses>
				<total>0</total>
				<timestamp>5003.292537</timestamp>
			</report>
			<report>
				<misses>647900000</misses>
				<total>0</total>
				<timestamp>5004.142013</timestamp>
			</report>
			<report>
				<misses>648000000</misses>
				<total>0</total>
				<timestamp>5004.959923</timestamp>
			</report>
			<report>
				<misses>648100000</misses>
				<total>0</total>
				<timestamp>5005.778583</timestamp>
			</report>
			<report>
				<misses>648200000</misses>
				<total>0</total>
				<timestamp>5006.632723</timestamp>
			</report>
			<report>
				<misses>648300000</misses>
				<total>0</total>
				<timestamp>5007.396508</timestamp>
			</report>
			<report>
				<misses>648400000</misses>
				<total>0</total>
				<timestamp>5008.210548</timestamp>
			</report>
			<report>
				<misses>648500000</misses>
				<total>0</total>
				<timestamp>5009.014871</timestamp>
			</report>
			<report>
				<misses>648600000</misses>
				<total>0</total>
				<timestamp>5009.782086</timestamp>
			</report>
			<report>
				<misses>648700000</misses>
				<total>0</total>
				<timestamp>5010.562935</timestamp>
			</report>
			<report>
				<misses>648800000</misses>
				<total>0</total>
				<timestamp>5011.297976</timestamp>
			</report>
			<report>
				<misses>648900000</misses>
				<total>0</total>
				<timestamp>5012.111216</timestamp>
			</report>
			<report>
				<misses>649000000</misses>
				<total>0</total>
				<timestamp>5012.885926</timestamp>
			</report>
			<report>
				<misses>649100000</misses>
				<total>0</total>
				<timestamp>5013.642067</timestamp>
			</report>
			<report>
				<misses>649200000</misses>
				<total>0</total>
				<timestamp>5014.423468</timestamp>
			</report>
			<report>
				<misses>649300000</misses>
				<total>0</total>
				<timestamp>5015.186761</timestamp>
			</report>
			<report>
				<misses>649400000</misses>
				<total>0</total>
				<timestamp>5015.968027</timestamp>
			</report>
			<report>
				<misses>649500000</misses>
				<total>0</total>
				<timestamp>5016.758062</timestamp>
			</report>
			<report>
				<misses>649600000</misses>
				<total>0</total>
				<timestamp>5017.525444</timestamp>
			</report>
			<report>
				<misses>649700000</misses>
				<total>0</total>
				<timestamp>5018.267972</timestamp>
			</report>
			<report>
				<misses>649800000</misses>
				<total>0</total>
				<timestamp>5019.031240</timestamp>
			</report>
			<report>
				<misses>649900000</misses>
				<total>0</total>
				<timestamp>5019.768293</timestamp>
			</report>
			<report>
				<misses>650000000</misses>
				<total>0</total>
				<timestamp>5020.507968</timestamp>
			</report>
			<report>
				<misses>650100000</misses>
				<total>0</total>
				<timestamp>5021.246088</timestamp>
			</report>
			<report>
				<misses>650200000</misses>
				<total>0</total>
				<timestamp>5021.992961</timestamp>
			</report>
			<report>
				<misses>650300000</misses>
				<total>0</total>
				<timestamp>5022.726136</timestamp>
			</report>
			<report>
				<misses>650400000</misses>
				<total>0</total>
				<timestamp>5023.463039</timestamp>
			</report>
			<report>
				<misses>650500000</misses>
				<total>0</total>
				<timestamp>5024.172169</timestamp>
			</report>
			<report>
				<misses>650600000</misses>
				<total>0</total>
				<timestamp>5024.937655</timestamp>
			</report>
			<report>
				<misses>650700000</misses>
				<total>0</total>
				<timestamp>5025.738402</timestamp>
			</report>
			<report>
				<misses>650800000</misses>
				<total>0</total>
				<timestamp>5026.534021</timestamp>
			</report>
			<report>
				<misses>650900000</misses>
				<total>0</total>
				<timestamp>5027.295947</timestamp>
			</report>
			<report>
				<misses>651000000</misses>
				<total>0</total>
				<timestamp>5028.087383</timestamp>
			</report>
			<report>
				<misses>651100000</misses>
				<total>0</total>
				<timestamp>5028.869065</timestamp>
			</report>
			<report>
				<misses>651200000</misses>
				<total>0</total>
				<timestamp>5029.641198</timestamp>
			</report>
			<report>
				<misses>651300000</misses>
				<total>0</total>
				<timestamp>5030.416975</timestamp>
			</report>
			<report>
				<misses>651400000</misses>
				<total>0</total>
				<timestamp>5031.184419</timestamp>
			</report>
			<report>
				<misses>651500000</misses>
				<total>0</total>
				<timestamp>5031.961259</timestamp>
			</report>
			<report>
				<misses>651600000</misses>
				<total>0</total>
				<timestamp>5032.747471</timestamp>
			</report>
			<report>
				<misses>651700000</misses>
				<total>0</total>
				<timestamp>5033.495190</timestamp>
			</report>
			<report>
				<misses>651800000</misses>
				<total>0</total>
				<timestamp>5034.241243</timestamp>
			</report>
			<report>
				<misses>651900000</misses>
				<total>0</total>
				<timestamp>5034.952367</timestamp>
			</report>
			<report>
				<misses>652000000</misses>
				<total>0</total>
				<timestamp>5035.681090</timestamp>
			</report>
			<report>
				<misses>652100000</misses>
				<total>0</total>
				<timestamp>5036.420067</timestamp>
			</report>
			<report>
				<misses>652200000</misses>
				<total>0</total>
				<timestamp>5037.154023</timestamp>
			</report>
			<report>
				<misses>652300000</misses>
				<total>0</total>
				<timestamp>5037.872000</timestamp>
			</report>
			<report>
				<misses>652400000</misses>
				<total>0</total>
				<timestamp>5038.641221</timestamp>
			</report>
			<report>
				<misses>652500000</misses>
				<total>0</total>
				<timestamp>5039.399627</timestamp>
			</report>
			<report>
				<misses>652600000</misses>
				<total>0</total>
				<timestamp>5040.132020</timestamp>
			</report>
			<report>
				<misses>652700000</misses>
				<total>0</total>
				<timestamp>5040.928107</timestamp>
			</report>
			<report>
				<misses>652800000</misses>
				<total>0</total>
				<timestamp>5041.687058</timestamp>
			</report>
			<report>
				<misses>652900000</misses>
				<total>0</total>
				<timestamp>5042.434924</timestamp>
			</report>
			<report>
				<misses>653000000</misses>
				<total>0</total>
				<timestamp>5043.212863</timestamp>
			</report>
			<report>
				<misses>653100000</misses>
				<total>0</total>
				<timestamp>5044.015917</timestamp>
			</report>
			<report>
				<misses>653200000</misses>
				<total>0</total>
				<timestamp>5044.814214</timestamp>
			</report>
			<report>
				<misses>653300000</misses>
				<total>0</total>
				<timestamp>5045.565142</timestamp>
			</report>
			<report>
				<misses>653400000</misses>
				<total>0</total>
				<timestamp>5046.336961</timestamp>
			</report>
			<report>
				<misses>653500000</misses>
				<total>0</total>
				<timestamp>5047.123613</timestamp>
			</report>
			<report>
				<misses>653600000</misses>
				<total>0</total>
				<timestamp>5047.921866</timestamp>
			</report>
			<report>
				<misses>653700000</misses>
				<total>0</total>
				<timestamp>5048.711464</timestamp>
			</report>
			<report>
				<misses>653800000</misses>
				<total>0</total>
				<timestamp>5049.482774</timestamp>
			</report>
			<report>
				<misses>653900000</misses>
				<total>0</total>
				<timestamp>5050.297467</timestamp>
			</report>
			<report>
				<misses>654000000</misses>
				<total>0</total>
				<timestamp>5051.106632</timestamp>
			</report>
			<report>
				<misses>654100000</misses>
				<total>0</total>
				<timestamp>5051.917582</timestamp>
			</report>
			<report>
				<misses>654200000</misses>
				<total>0</total>
				<timestamp>5052.688515</timestamp>
			</report>
			<report>
				<misses>654300000</misses>
				<total>0</total>
				<timestamp>5053.463775</timestamp>
			</report>
			<report>
				<misses>654400000</misses>
				<total>0</total>
				<timestamp>5054.227321</timestamp>
			</report>
			<report>
				<misses>654500000</misses>
				<total>0</total>
				<timestamp>5054.955205</timestamp>
			</report>
			<report>
				<misses>654600000</misses>
				<total>0</total>
				<timestamp>5055.687036</timestamp>
			</report>
			<report>
				<misses>654700000</misses>
				<total>0</total>
				<timestamp>5056.431924</timestamp>
			</report>
			<report>
				<misses>654800000</misses>
				<total>0</total>
				<timestamp>5057.160434</timestamp>
			</report>
			<report>
				<misses>654900000</misses>
				<total>0</total>
				<timestamp>5057.907820</timestamp>
			</report>
			<report>
				<misses>655000000</misses>
				<total>0</total>
				<timestamp>5058.634449</timestamp>
			</report>
			<report>
				<misses>655100000</misses>
				<total>0</total>
				<timestamp>5059.360433</timestamp>
			</report>
			<report>
				<misses>655200000</misses>
				<total>0</total>
				<timestamp>5060.099237</timestamp>
			</report>
			<report>
				<misses>655300000</misses>
				<total>0</total>
				<timestamp>5060.828432</timestamp>
			</report>
			<report>
				<misses>655400000</misses>
				<total>0</total>
				<timestamp>5061.639864</timestamp>
			</report>
			<report>
				<misses>655500000</misses>
				<total>0</total>
				<timestamp>5062.407364</timestamp>
			</report>
			<report>
				<misses>655600000</misses>
				<total>0</total>
				<timestamp>5063.192783</timestamp>
			</report>
			<report>
				<misses>655700000</misses>
				<total>0</total>
				<timestamp>5063.950701</timestamp>
			</report>
			<report>
				<misses>655800000</misses>
				<total>0</total>
				<timestamp>5064.728060</timestamp>
			</report>
			<report>
				<misses>655900000</misses>
				<total>0</total>
				<timestamp>5065.511587</timestamp>
			</report>
			<report>
				<misses>656000000</misses>
				<total>0</total>
				<timestamp>5066.261659</timestamp>
			</report>
			<report>
				<misses>656100000</misses>
				<total>0</total>
				<timestamp>5067.048851</timestamp>
			</report>
			<report>
				<misses>656200000</misses>
				<total>0</total>
				<timestamp>5067.807501</timestamp>
			</report>
			<report>
				<misses>656300000</misses>
				<total>0</total>
				<timestamp>5068.581218</timestamp>
			</report>
			<report>
				<misses>656400000</misses>
				<total>0</total>
				<timestamp>5069.386789</timestamp>
			</report>
			<report>
				<misses>656500000</misses>
				<total>0</total>
				<timestamp>5070.150592</timestamp>
			</report>
			<report>
				<misses>656600000</misses>
				<total>0</total>
				<timestamp>5070.908468</timestamp>
			</report>
			<report>
				<misses>656700000</misses>
				<total>0</total>
				<timestamp>5071.624383</timestamp>
			</report>
			<report>
				<misses>656800000</misses>
				<total>0</total>
				<timestamp>5072.358558</timestamp>
			</report>
			<report>
				<misses>656900000</misses>
				<total>0</total>
				<timestamp>5073.172438</timestamp>
			</report>
			<report>
				<misses>657000000</misses>
				<total>0</total>
				<timestamp>5073.907950</timestamp>
			</report>
			<report>
				<misses>657100000</misses>
				<total>0</total>
				<timestamp>5074.646400</timestamp>
			</report>
			<report>
				<misses>657200000</misses>
				<total>0</total>
				<timestamp>5075.388459</timestamp>
			</report>
			<report>
				<misses>657300000</misses>
				<total>0</total>
				<timestamp>5076.113243</timestamp>
			</report>
			<report>
				<misses>657400000</misses>
				<total>0</total>
				<timestamp>5076.865078</timestamp>
			</report>
			<report>
				<misses>657500000</misses>
				<total>0</total>
				<timestamp>5077.642864</timestamp>
			</report>
			<report>
				<misses>657600000</misses>
				<total>0</total>
				<timestamp>5078.410854</timestamp>
			</report>
			<report>
				<misses>657700000</misses>
				<total>0</total>
				<timestamp>5079.183391</timestamp>
			</report>
			<report>
				<misses>657800000</misses>
				<total>0</total>
				<timestamp>5079.981659</timestamp>
			</report>
			<report>
				<misses>657900000</misses>
				<total>0</total>
				<timestamp>5080.747302</timestamp>
			</report>
			<report>
				<misses>658000000</misses>
				<total>0</total>
				<timestamp>5081.488474</timestamp>
			</report>
			<report>
				<misses>658100000</misses>
				<total>0</total>
				<timestamp>5082.276789</timestamp>
			</report>
			<report>
				<misses>658200000</misses>
				<total>0</total>
				<timestamp>5083.044106</timestamp>
			</report>
			<report>
				<misses>658300000</misses>
				<total>0</total>
				<timestamp>5083.843991</timestamp>
			</report>
			<report>
				<misses>658400000</misses>
				<total>0</total>
				<timestamp>5084.565922</timestamp>
			</report>
			<report>
				<misses>658500000</misses>
				<total>0</total>
				<timestamp>5085.325209</timestamp>
			</report>
			<report>
				<misses>658600000</misses>
				<total>0</total>
				<timestamp>5086.095450</timestamp>
			</report>
			<report>
				<misses>658700000</misses>
				<total>0</total>
				<timestamp>5086.825286</timestamp>
			</report>
			<report>
				<misses>658800000</misses>
				<total>0</total>
				<timestamp>5087.565601</timestamp>
			</report>
			<report>
				<misses>658900000</misses>
				<total>0</total>
				<timestamp>5088.307176</timestamp>
			</report>
			<report>
				<misses>659000000</misses>
				<total>0</total>
				<timestamp>5089.083873</timestamp>
			</report>
			<report>
				<misses>659100000</misses>
				<total>0</total>
				<timestamp>5089.822543</timestamp>
			</report>
			<report>
				<misses>659200000</misses>
				<total>0</total>
				<timestamp>5090.579067</timestamp>
			</report>
			<report>
				<misses>659300000</misses>
				<total>0</total>
				<timestamp>5091.320965</timestamp>
			</report>
			<report>
				<misses>659400000</misses>
				<total>0</total>
				<timestamp>5092.047596</timestamp>
			</report>
			<report>
				<misses>659500000</misses>
				<total>0</total>
				<timestamp>5092.780179</timestamp>
			</report>
			<report>
				<misses>659600000</misses>
				<total>0</total>
				<timestamp>5093.526802</timestamp>
			</report>
			<report>
				<misses>659700000</misses>
				<total>0</total>
				<timestamp>5094.321821</timestamp>
			</report>
			<report>
				<misses>659800000</misses>
				<total>0</total>
				<timestamp>5095.078783</timestamp>
			</report>
			<report>
				<misses>659900000</misses>
				<total>0</total>
				<timestamp>5095.842944</timestamp>
			</report>
			<report>
				<misses>660000000</misses>
				<total>0</total>
				<timestamp>5096.602956</timestamp>
			</report>
			<report>
				<misses>660100000</misses>
				<total>0</total>
				<timestamp>5097.392003</timestamp>
			</report>
			<report>
				<misses>660200000</misses>
				<total>0</total>
				<timestamp>5098.124567</timestamp>
			</report>
			<report>
				<misses>660300000</misses>
				<total>0</total>
				<timestamp>5098.905265</timestamp>
			</report>
			<report>
				<misses>660400000</misses>
				<total>0</total>
				<timestamp>5099.640984</timestamp>
			</report>
			<report>
				<misses>660500000</misses>
				<total>0</total>
				<timestamp>5100.427262</timestamp>
			</report>
			<report>
				<misses>660600000</misses>
				<total>0</total>
				<timestamp>5101.254136</timestamp>
			</report>
			<report>
				<misses>660700000</misses>
				<total>0</total>
				<timestamp>5102.057436</timestamp>
			</report>
			<report>
				<misses>660800000</misses>
				<total>0</total>
				<timestamp>5102.846503</timestamp>
			</report>
			<report>
				<misses>660900000</misses>
				<total>0</total>
				<timestamp>5103.600091</timestamp>
			</report>
			<report>
				<misses>661000000</misses>
				<total>0</total>
				<timestamp>5104.353150</timestamp>
			</report>
			<report>
				<misses>661100000</misses>
				<total>0</total>
				<timestamp>5105.123379</timestamp>
			</report>
			<report>
				<misses>661200000</misses>
				<total>0</total>
				<timestamp>5105.879313</timestamp>
			</report>
			<report>
				<misses>661300000</misses>
				<total>0</total>
				<timestamp>5106.606090</timestamp>
			</report>
			<report>
				<misses>661400000</misses>
				<total>0</total>
				<timestamp>5107.361768</timestamp>
			</report>
			<report>
				<misses>661500000</misses>
				<total>0</total>
				<timestamp>5108.065576</timestamp>
			</report>
			<report>
				<misses>661600000</misses>
				<total>0</total>
				<timestamp>5108.806001</timestamp>
			</report>
			<report>
				<misses>661700000</misses>
				<total>0</total>
				<timestamp>5109.624002</timestamp>
			</report>
			<report>
				<misses>661800000</misses>
				<total>0</total>
				<timestamp>5110.395185</timestamp>
			</report>
			<report>
				<misses>661900000</misses>
				<total>0</total>
				<timestamp>5111.128059</timestamp>
			</report>
			<report>
				<misses>662000000</misses>
				<total>0</total>
				<timestamp>5111.917538</timestamp>
			</report>
			<report>
				<misses>662100000</misses>
				<total>0</total>
				<timestamp>5112.677272</timestamp>
			</report>
			<report>
				<misses>662200000</misses>
				<total>0</total>
				<timestamp>5113.465457</timestamp>
			</report>
			<report>
				<misses>662300000</misses>
				<total>0</total>
				<timestamp>5114.272130</timestamp>
			</report>
			<report>
				<misses>662400000</misses>
				<total>0</total>
				<timestamp>5115.055558</timestamp>
			</report>
			<report>
				<misses>662500000</misses>
				<total>0</total>
				<timestamp>5115.819448</timestamp>
			</report>
			<report>
				<misses>662600000</misses>
				<total>0</total>
				<timestamp>5116.586820</timestamp>
			</report>
			<report>
				<misses>662700000</misses>
				<total>0</total>
				<timestamp>5117.377751</timestamp>
			</report>
			<report>
				<misses>662800000</misses>
				<total>0</total>
				<timestamp>5118.140253</timestamp>
			</report>
			<report>
				<misses>662900000</misses>
				<total>0</total>
				<timestamp>5118.879872</timestamp>
			</report>
			<report>
				<misses>663000000</misses>
				<total>0</total>
				<timestamp>5119.601782</timestamp>
			</report>
			<report>
				<misses>663100000</misses>
				<total>0</total>
				<timestamp>5120.379664</timestamp>
			</report>
			<report>
				<misses>663200000</misses>
				<total>0</total>
				<timestamp>5121.150735</timestamp>
			</report>
			<report>
				<misses>663300000</misses>
				<total>0</total>
				<timestamp>5121.887388</timestamp>
			</report>
			<report>
				<misses>663400000</misses>
				<total>0</total>
				<timestamp>5122.618752</timestamp>
			</report>
			<report>
				<misses>663500000</misses>
				<total>0</total>
				<timestamp>5123.336841</timestamp>
			</report>
			<report>
				<misses>663600000</misses>
				<total>0</total>
				<timestamp>5124.081405</timestamp>
			</report>
			<report>
				<misses>663700000</misses>
				<total>0</total>
				<timestamp>5124.818618</timestamp>
			</report>
			<report>
				<misses>663800000</misses>
				<total>0</total>
				<timestamp>5125.594919</timestamp>
			</report>
			<report>
				<misses>663900000</misses>
				<total>0</total>
				<timestamp>5126.403301</timestamp>
			</report>
			<report>
				<misses>664000000</misses>
				<total>0</total>
				<timestamp>5127.198658</timestamp>
			</report>
			<report>
				<misses>664100000</misses>
				<total>0</total>
				<timestamp>5128.050494</timestamp>
			</report>
			<report>
				<misses>664200000</misses>
				<total>0</total>
				<timestamp>5128.819162</timestamp>
			</report>
			<report>
				<misses>664300000</misses>
				<total>0</total>
				<timestamp>5129.562116</timestamp>
			</report>
			<report>
				<misses>664400000</misses>
				<total>0</total>
				<timestamp>5130.347443</timestamp>
			</report>
			<report>
				<misses>664500000</misses>
				<total>0</total>
				<timestamp>5131.126951</timestamp>
			</report>
			<report>
				<misses>664600000</misses>
				<total>0</total>
				<timestamp>5131.913754</timestamp>
			</report>
			<report>
				<misses>664700000</misses>
				<total>0</total>
				<timestamp>5132.703546</timestamp>
			</report>
			<report>
				<misses>664800000</misses>
				<total>0</total>
				<timestamp>5133.474907</timestamp>
			</report>
			<report>
				<misses>664900000</misses>
				<total>0</total>
				<timestamp>5134.234217</timestamp>
			</report>
			<report>
				<misses>665000000</misses>
				<total>0</total>
				<timestamp>5135.016419</timestamp>
			</report>
			<report>
				<misses>665100000</misses>
				<total>0</total>
				<timestamp>5135.789239</timestamp>
			</report>
			<report>
				<misses>665200000</misses>
				<total>0</total>
				<timestamp>5136.539000</timestamp>
			</report>
			<report>
				<misses>665300000</misses>
				<total>0</total>
				<timestamp>5137.295573</timestamp>
			</report>
			<report>
				<misses>665400000</misses>
				<total>0</total>
				<timestamp>5138.053791</timestamp>
			</report>
			<report>
				<misses>665500000</misses>
				<total>0</total>
				<timestamp>5138.806348</timestamp>
			</report>
			<report>
				<misses>665600000</misses>
				<total>0</total>
				<timestamp>5139.519800</timestamp>
			</report>
			<report>
				<misses>665700000</misses>
				<total>0</total>
				<timestamp>5140.278975</timestamp>
			</report>
			<report>
				<misses>665800000</misses>
				<total>0</total>
				<timestamp>5141.057525</timestamp>
			</report>
			<report>
				<misses>665900000</misses>
				<total>0</total>
				<timestamp>5141.799509</timestamp>
			</report>
			<report>
				<misses>666000000</misses>
				<total>0</total>
				<timestamp>5142.574654</timestamp>
			</report>
			<report>
				<misses>666100000</misses>
				<total>0</total>
				<timestamp>5143.382407</timestamp>
			</report>
			<report>
				<misses>666200000</misses>
				<total>0</total>
				<timestamp>5144.190165</timestamp>
			</report>
			<report>
				<misses>666300000</misses>
				<total>0</total>
				<timestamp>5144.953374</timestamp>
			</report>
			<report>
				<misses>666400000</misses>
				<total>0</total>
				<timestamp>5145.749160</timestamp>
			</report>
			<report>
				<misses>666500000</misses>
				<total>0</total>
				<timestamp>5146.529177</timestamp>
			</report>
			<report>
				<misses>666600000</misses>
				<total>0</total>
				<timestamp>5147.281438</timestamp>
			</report>
			<report>
				<misses>666700000</misses>
				<total>0</total>
				<timestamp>5148.029911</timestamp>
			</report>
			<report>
				<misses>666800000</misses>
				<total>0</total>
				<timestamp>5148.829223</timestamp>
			</report>
			<report>
				<misses>666900000</misses>
				<total>0</total>
				<timestamp>5149.640083</timestamp>
			</report>
			<report>
				<misses>667000000</misses>
				<total>0</total>
				<timestamp>5150.450980</timestamp>
			</report>
			<report>
				<misses>667100000</misses>
				<total>0</total>
				<timestamp>5151.190168</timestamp>
			</report>
			<report>
				<misses>667200000</misses>
				<total>0</total>
				<timestamp>5151.945310</timestamp>
			</report>
			<report>
				<misses>667300000</misses>
				<total>0</total>
				<timestamp>5152.724521</timestamp>
			</report>
			<report>
				<misses>667400000</misses>
				<total>0</total>
				<timestamp>5153.444927</timestamp>
			</report>
			<report>
				<misses>667500000</misses>
				<total>0</total>
				<timestamp>5154.187020</timestamp>
			</report>
			<report>
				<misses>667600000</misses>
				<total>0</total>
				<timestamp>5154.942954</timestamp>
			</report>
			<report>
				<misses>667700000</misses>
				<total>0</total>
				<timestamp>5155.704668</timestamp>
			</report>
			<report>
				<misses>667800000</misses>
				<total>0</total>
				<timestamp>5156.510393</timestamp>
			</report>
			<report>
				<misses>667900000</misses>
				<total>0</total>
				<timestamp>5157.236583</timestamp>
			</report>
			<report>
				<misses>668000000</misses>
				<total>0</total>
				<timestamp>5158.003885</timestamp>
			</report>
			<report>
				<misses>668100000</misses>
				<total>0</total>
				<timestamp>5158.804214</timestamp>
			</report>
			<report>
				<misses>668200000</misses>
				<total>0</total>
				<timestamp>5159.564666</timestamp>
			</report>
			<report>
				<misses>668300000</misses>
				<total>0</total>
				<timestamp>5160.344692</timestamp>
			</report>
			<report>
				<misses>668400000</misses>
				<total>0</total>
				<timestamp>5161.150054</timestamp>
			</report>
			<report>
				<misses>668500000</misses>
				<total>0</total>
				<timestamp>5161.932970</timestamp>
			</report>
			<report>
				<misses>668600000</misses>
				<total>0</total>
				<timestamp>5162.701439</timestamp>
			</report>
			<report>
				<misses>668700000</misses>
				<total>0</total>
				<timestamp>5163.472359</timestamp>
			</report>
			<report>
				<misses>668800000</misses>
				<total>0</total>
				<timestamp>5164.240289</timestamp>
			</report>
			<report>
				<misses>668900000</misses>
				<total>0</total>
				<timestamp>5165.033898</timestamp>
			</report>
			<report>
				<misses>669000000</misses>
				<total>0</total>
				<timestamp>5165.807147</timestamp>
			</report>
			<report>
				<misses>669100000</misses>
				<total>0</total>
				<timestamp>5166.598022</timestamp>
			</report>
			<report>
				<misses>669200000</misses>
				<total>0</total>
				<timestamp>5167.351079</timestamp>
			</report>
			<report>
				<misses>669300000</misses>
				<total>0</total>
				<timestamp>5168.175395</timestamp>
			</report>
			<report>
				<misses>669400000</misses>
				<total>0</total>
				<timestamp>5168.937633</timestamp>
			</report>
			<report>
				<misses>669500000</misses>
				<total>0</total>
				<timestamp>5169.708080</timestamp>
			</report>
			<report>
				<misses>669600000</misses>
				<total>0</total>
				<timestamp>5170.502974</timestamp>
			</report>
			<report>
				<misses>669700000</misses>
				<total>0</total>
				<timestamp>5171.283402</timestamp>
			</report>
			<report>
				<misses>669800000</misses>
				<total>0</total>
				<timestamp>5172.062993</timestamp>
			</report>
			<report>
				<misses>669900000</misses>
				<total>0</total>
				<timestamp>5172.843499</timestamp>
			</report>
			<report>
				<misses>670000000</misses>
				<total>0</total>
				<timestamp>5173.642508</timestamp>
			</report>
			<report>
				<misses>670100000</misses>
				<total>0</total>
				<timestamp>5174.436800</timestamp>
			</report>
			<report>
				<misses>670200000</misses>
				<total>0</total>
				<timestamp>5175.194341</timestamp>
			</report>
			<report>
				<misses>670300000</misses>
				<total>0</total>
				<timestamp>5175.984758</timestamp>
			</report>
			<report>
				<misses>670400000</misses>
				<total>0</total>
				<timestamp>5176.725083</timestamp>
			</report>
			<report>
				<misses>670500000</misses>
				<total>0</total>
				<timestamp>5177.511339</timestamp>
			</report>
			<report>
				<misses>670600000</misses>
				<total>0</total>
				<timestamp>5178.261911</timestamp>
			</report>
			<report>
				<misses>670700000</misses>
				<total>0</total>
				<timestamp>5179.015468</timestamp>
			</report>
			<report>
				<misses>670800000</misses>
				<total>0</total>
				<timestamp>5179.781242</timestamp>
			</report>
			<report>
				<misses>670900000</misses>
				<total>0</total>
				<timestamp>5180.543031</timestamp>
			</report>
			<report>
				<misses>671000000</misses>
				<total>0</total>
				<timestamp>5181.266544</timestamp>
			</report>
			<report>
				<misses>671100000</misses>
				<total>0</total>
				<timestamp>5182.042459</timestamp>
			</report>
			<report>
				<misses>671200000</misses>
				<total>0</total>
				<timestamp>5182.849804</timestamp>
			</report>
			<report>
				<misses>671300000</misses>
				<total>0</total>
				<timestamp>5183.614272</timestamp>
			</report>
			<report>
				<misses>671400000</misses>
				<total>0</total>
				<timestamp>5184.369366</timestamp>
			</report>
			<report>
				<misses>671500000</misses>
				<total>0</total>
				<timestamp>5185.149036</timestamp>
			</report>
			<report>
				<misses>671600000</misses>
				<total>0</total>
				<timestamp>5185.922657</timestamp>
			</report>
			<report>
				<misses>671700000</misses>
				<total>0</total>
				<timestamp>5186.719752</timestamp>
			</report>
			<report>
				<misses>671800000</misses>
				<total>0</total>
				<timestamp>5187.491651</timestamp>
			</report>
			<report>
				<misses>671900000</misses>
				<total>0</total>
				<timestamp>5188.289406</timestamp>
			</report>
			<report>
				<misses>672000000</misses>
				<total>0</total>
				<timestamp>5189.081777</timestamp>
			</report>
			<report>
				<misses>672100000</misses>
				<total>0</total>
				<timestamp>5189.883555</timestamp>
			</report>
			<report>
				<misses>672200000</misses>
				<total>0</total>
				<timestamp>5190.620793</timestamp>
			</report>
			<report>
				<misses>672300000</misses>
				<total>0</total>
				<timestamp>5191.392857</timestamp>
			</report>
			<report>
				<misses>672400000</misses>
				<total>0</total>
				<timestamp>5192.199898</timestamp>
			</report>
			<report>
				<misses>672500000</misses>
				<total>0</total>
				<timestamp>5192.979005</timestamp>
			</report>
			<report>
				<misses>672600000</misses>
				<total>0</total>
				<timestamp>5193.767939</timestamp>
			</report>
			<report>
				<misses>672700000</misses>
				<total>0</total>
				<timestamp>5194.526401</timestamp>
			</report>
			<report>
				<misses>672800000</misses>
				<total>0</total>
				<timestamp>5195.332258</timestamp>
			</report>
			<report>
				<misses>672900000</misses>
				<total>0</total>
				<timestamp>5196.136467</timestamp>
			</report>
			<report>
				<misses>673000000</misses>
				<total>0</total>
				<timestamp>5196.909268</timestamp>
			</report>
			<report>
				<misses>673100000</misses>
				<total>0</total>
				<timestamp>5197.627976</timestamp>
			</report>
			<report>
				<misses>673200000</misses>
				<total>0</total>
				<timestamp>5198.361603</timestamp>
			</report>
			<report>
				<misses>673300000</misses>
				<total>0</total>
				<timestamp>5199.120272</timestamp>
			</report>
			<report>
				<misses>673400000</misses>
				<total>0</total>
				<timestamp>5199.879667</timestamp>
			</report>
			<report>
				<misses>673500000</misses>
				<total>0</total>
				<timestamp>5200.609117</timestamp>
			</report>
			<report>
				<misses>673600000</misses>
				<total>0</total>
				<timestamp>5201.358485</timestamp>
			</report>
			<report>
				<misses>673700000</misses>
				<total>0</total>
				<timestamp>5202.138049</timestamp>
			</report>
			<report>
				<misses>673800000</misses>
				<total>0</total>
				<timestamp>5202.871516</timestamp>
			</report>
			<report>
				<misses>673900000</misses>
				<total>0</total>
				<timestamp>5203.625971</timestamp>
			</report>
			<report>
				<misses>674000000</misses>
				<total>0</total>
				<timestamp>5204.404099</timestamp>
			</report>
			<report>
				<misses>674100000</misses>
				<total>0</total>
				<timestamp>5205.187863</timestamp>
			</report>
			<report>
				<misses>674200000</misses>
				<total>0</total>
				<timestamp>5205.926573</timestamp>
			</report>
			<report>
				<misses>674300000</misses>
				<total>0</total>
				<timestamp>5206.699810</timestamp>
			</report>
			<report>
				<misses>674400000</misses>
				<total>0</total>
				<timestamp>5207.506277</timestamp>
			</report>
			<report>
				<misses>674500000</misses>
				<total>0</total>
				<timestamp>5208.235046</timestamp>
			</report>
			<report>
				<misses>674600000</misses>
				<total>0</total>
				<timestamp>5208.966462</timestamp>
			</report>
			<report>
				<misses>674700000</misses>
				<total>0</total>
				<timestamp>5209.753908</timestamp>
			</report>
			<report>
				<misses>674800000</misses>
				<total>0</total>
				<timestamp>5210.524078</timestamp>
			</report>
			<report>
				<misses>674900000</misses>
				<total>0</total>
				<timestamp>5211.280128</timestamp>
			</report>
			<report>
				<misses>675000000</misses>
				<total>0</total>
				<timestamp>5212.084428</timestamp>
			</report>
			<report>
				<misses>675100000</misses>
				<total>0</total>
				<timestamp>5212.863236</timestamp>
			</report>
			<report>
				<misses>675200000</misses>
				<total>0</total>
				<timestamp>5213.659883</timestamp>
			</report>
			<report>
				<misses>675300000</misses>
				<total>0</total>
				<timestamp>5214.431212</timestamp>
			</report>
			<report>
				<misses>675400000</misses>
				<total>0</total>
				<timestamp>5215.202629</timestamp>
			</report>
			<report>
				<misses>675500000</misses>
				<total>0</total>
				<timestamp>5215.949827</timestamp>
			</report>
			<report>
				<misses>675600000</misses>
				<total>0</total>
				<timestamp>5216.732947</timestamp>
			</report>
			<report>
				<misses>675700000</misses>
				<total>0</total>
				<timestamp>5217.543709</timestamp>
			</report>
			<report>
				<misses>675800000</misses>
				<total>0</total>
				<timestamp>5218.340207</timestamp>
			</report>
			<report>
				<misses>675900000</misses>
				<total>0</total>
				<timestamp>5219.138903</timestamp>
			</report>
			<report>
				<misses>676000000</misses>
				<total>0</total>
				<timestamp>5219.936679</timestamp>
			</report>
			<report>
				<misses>676100000</misses>
				<total>0</total>
				<timestamp>5220.685916</timestamp>
			</report>
			<report>
				<misses>676200000</misses>
				<total>0</total>
				<timestamp>5221.453617</timestamp>
			</report>
			<report>
				<misses>676300000</misses>
				<total>0</total>
				<timestamp>5222.236678</timestamp>
			</report>
			<report>
				<misses>676400000</misses>
				<total>0</total>
				<timestamp>5223.022322</timestamp>
			</report>
			<report>
				<misses>676500000</misses>
				<total>0</total>
				<timestamp>5223.830915</timestamp>
			</report>
			<report>
				<misses>676600000</misses>
				<total>0</total>
				<timestamp>5224.597365</timestamp>
			</report>
			<report>
				<misses>676700000</misses>
				<total>0</total>
				<timestamp>5225.349806</timestamp>
			</report>
			<report>
				<misses>676800000</misses>
				<total>0</total>
				<timestamp>5226.073984</timestamp>
			</report>
			<report>
				<misses>676900000</misses>
				<total>0</total>
				<timestamp>5226.816900</timestamp>
			</report>
			<report>
				<misses>677000000</misses>
				<total>0</total>
				<timestamp>5227.587916</timestamp>
			</report>
			<report>
				<misses>677100000</misses>
				<total>0</total>
				<timestamp>5228.311871</timestamp>
			</report>
			<report>
				<misses>677200000</misses>
				<total>0</total>
				<timestamp>5229.050108</timestamp>
			</report>
			<report>
				<misses>677300000</misses>
				<total>0</total>
				<timestamp>5229.802064</timestamp>
			</report>
			<report>
				<misses>677400000</misses>
				<total>0</total>
				<timestamp>5230.529501</timestamp>
			</report>
			<report>
				<misses>677500000</misses>
				<total>0</total>
				<timestamp>5231.276779</timestamp>
			</report>
			<report>
				<misses>677600000</misses>
				<total>0</total>
				<timestamp>5232.068440</timestamp>
			</report>
			<report>
				<misses>677700000</misses>
				<total>0</total>
				<timestamp>5232.830637</timestamp>
			</report>
			<report>
				<misses>677800000</misses>
				<total>0</total>
				<timestamp>5233.609561</timestamp>
			</report>
			<report>
				<misses>677900000</misses>
				<total>0</total>
				<timestamp>5234.438911</timestamp>
			</report>
			<report>
				<misses>678000000</misses>
				<total>0</total>
				<timestamp>5235.198966</timestamp>
			</report>
			<report>
				<misses>678100000</misses>
				<total>0</total>
				<timestamp>5235.937102</timestamp>
			</report>
			<report>
				<misses>678200000</misses>
				<total>0</total>
				<timestamp>5236.726144</timestamp>
			</report>
			<report>
				<misses>678300000</misses>
				<total>0</total>
				<timestamp>5237.507642</timestamp>
			</report>
			<report>
				<misses>678400000</misses>
				<total>0</total>
				<timestamp>5238.304533</timestamp>
			</report>
			<report>
				<misses>678500000</misses>
				<total>0</total>
				<timestamp>5239.062254</timestamp>
			</report>
			<report>
				<misses>678600000</misses>
				<total>0</total>
				<timestamp>5239.813341</timestamp>
			</report>
			<report>
				<misses>678700000</misses>
				<total>0</total>
				<timestamp>5240.562019</timestamp>
			</report>
			<report>
				<misses>678800000</misses>
				<total>0</total>
				<timestamp>5241.299333</timestamp>
			</report>
			<report>
				<misses>678900000</misses>
				<total>0</total>
				<timestamp>5242.014460</timestamp>
			</report>
			<report>
				<misses>679000000</misses>
				<total>0</total>
				<timestamp>5242.720171</timestamp>
			</report>
			<report>
				<misses>679100000</misses>
				<total>0</total>
				<timestamp>5243.474899</timestamp>
			</report>
			<report>
				<misses>679200000</misses>
				<total>0</total>
				<timestamp>5244.185480</timestamp>
			</report>
			<report>
				<misses>679300000</misses>
				<total>0</total>
				<timestamp>5244.925096</timestamp>
			</report>
			<report>
				<misses>679400000</misses>
				<total>0</total>
				<timestamp>5245.677532</timestamp>
			</report>
			<report>
				<misses>679500000</misses>
				<total>0</total>
				<timestamp>5246.389026</timestamp>
			</report>
			<report>
				<misses>679600000</misses>
				<total>0</total>
				<timestamp>5247.151742</timestamp>
			</report>
			<report>
				<misses>679700000</misses>
				<total>0</total>
				<timestamp>5247.913809</timestamp>
			</report>
			<report>
				<misses>679800000</misses>
				<total>0</total>
				<timestamp>5248.644905</timestamp>
			</report>
			<report>
				<misses>679900000</misses>
				<total>0</total>
				<timestamp>5249.434736</timestamp>
			</report>
			<report>
				<misses>680000000</misses>
				<total>0</total>
				<timestamp>5250.190593</timestamp>
			</report>
			<report>
				<misses>680100000</misses>
				<total>0</total>
				<timestamp>5250.994116</timestamp>
			</report>
			<report>
				<misses>680200000</misses>
				<total>0</total>
				<timestamp>5251.743558</timestamp>
			</report>
			<report>
				<misses>680300000</misses>
				<total>0</total>
				<timestamp>5252.558947</timestamp>
			</report>
			<report>
				<misses>680400000</misses>
				<total>0</total>
				<timestamp>5253.340926</timestamp>
			</report>
			<report>
				<misses>680500000</misses>
				<total>0</total>
				<timestamp>5254.116076</timestamp>
			</report>
			<report>
				<misses>680600000</misses>
				<total>0</total>
				<timestamp>5254.924157</timestamp>
			</report>
			<report>
				<misses>680700000</misses>
				<total>0</total>
				<timestamp>5255.722575</timestamp>
			</report>
			<report>
				<misses>680800000</misses>
				<total>0</total>
				<timestamp>5256.478676</timestamp>
			</report>
			<report>
				<misses>680900000</misses>
				<total>0</total>
				<timestamp>5257.251637</timestamp>
			</report>
			<report>
				<misses>681000000</misses>
				<total>0</total>
				<timestamp>5258.044249</timestamp>
			</report>
			<report>
				<misses>681100000</misses>
				<total>0</total>
				<timestamp>5258.832983</timestamp>
			</report>
			<report>
				<misses>681200000</misses>
				<total>0</total>
				<timestamp>5259.628535</timestamp>
			</report>
			<report>
				<misses>681300000</misses>
				<total>0</total>
				<timestamp>5260.393433</timestamp>
			</report>
			<report>
				<misses>681400000</misses>
				<total>0</total>
				<timestamp>5261.143017</timestamp>
			</report>
			<report>
				<misses>681500000</misses>
				<total>0</total>
				<timestamp>5261.957706</timestamp>
			</report>
			<report>
				<misses>681600000</misses>
				<total>0</total>
				<timestamp>5262.724261</timestamp>
			</report>
			<report>
				<misses>681700000</misses>
				<total>0</total>
				<timestamp>5263.454035</timestamp>
			</report>
			<report>
				<misses>681800000</misses>
				<total>0</total>
				<timestamp>5264.200694</timestamp>
			</report>
			<report>
				<misses>681900000</misses>
				<total>0</total>
				<timestamp>5264.975453</timestamp>
			</report>
			<report>
				<misses>682000000</misses>
				<total>0</total>
				<timestamp>5265.713714</timestamp>
			</report>
			<report>
				<misses>682100000</misses>
				<total>0</total>
				<timestamp>5266.426481</timestamp>
			</report>
			<report>
				<misses>682200000</misses>
				<total>0</total>
				<timestamp>5267.180497</timestamp>
			</report>
			<report>
				<misses>682300000</misses>
				<total>0</total>
				<timestamp>5267.902770</timestamp>
			</report>
			<report>
				<misses>682400000</misses>
				<total>0</total>
				<timestamp>5268.644404</timestamp>
			</report>
			<report>
				<misses>682500000</misses>
				<total>0</total>
				<timestamp>5269.392703</timestamp>
			</report>
			<report>
				<misses>682600000</misses>
				<total>0</total>
				<timestamp>5270.221240</timestamp>
			</report>
			<report>
				<misses>682700000</misses>
				<total>0</total>
				<timestamp>5270.966479</timestamp>
			</report>
			<report>
				<misses>682800000</misses>
				<total>0</total>
				<timestamp>5271.759300</timestamp>
			</report>
			<report>
				<misses>682900000</misses>
				<total>0</total>
				<timestamp>5272.543649</timestamp>
			</report>
			<report>
				<misses>683000000</misses>
				<total>0</total>
				<timestamp>5273.329605</timestamp>
			</report>
			<report>
				<misses>683100000</misses>
				<total>0</total>
				<timestamp>5274.091713</timestamp>
			</report>
			<report>
				<misses>683200000</misses>
				<total>0</total>
				<timestamp>5274.856629</timestamp>
			</report>
			<report>
				<misses>683300000</misses>
				<total>0</total>
				<timestamp>5275.634971</timestamp>
			</report>
			<report>
				<misses>683400000</misses>
				<total>0</total>
				<timestamp>5276.407650</timestamp>
			</report>
			<report>
				<misses>683500000</misses>
				<total>0</total>
				<timestamp>5277.222710</timestamp>
			</report>
			<report>
				<misses>683600000</misses>
				<total>0</total>
				<timestamp>5277.977605</timestamp>
			</report>
			<report>
				<misses>683700000</misses>
				<total>0</total>
				<timestamp>5278.739094</timestamp>
			</report>
			<report>
				<misses>683800000</misses>
				<total>0</total>
				<timestamp>5279.527871</timestamp>
			</report>
			<report>
				<misses>683900000</misses>
				<total>0</total>
				<timestamp>5280.300334</timestamp>
			</report>
			<report>
				<misses>684000000</misses>
				<total>0</total>
				<timestamp>5281.093046</timestamp>
			</report>
			<report>
				<misses>684100000</misses>
				<total>0</total>
				<timestamp>5281.879626</timestamp>
			</report>
			<report>
				<misses>684200000</misses>
				<total>0</total>
				<timestamp>5282.659391</timestamp>
			</report>
			<report>
				<misses>684300000</misses>
				<total>0</total>
				<timestamp>5283.438607</timestamp>
			</report>
			<report>
				<misses>684400000</misses>
				<total>0</total>
				<timestamp>5284.213899</timestamp>
			</report>
			<report>
				<misses>684500000</misses>
				<total>0</total>
				<timestamp>5284.979350</timestamp>
			</report>
			<report>
				<misses>684600000</misses>
				<total>0</total>
				<timestamp>5285.756658</timestamp>
			</report>
			<report>
				<misses>684700000</misses>
				<total>0</total>
				<timestamp>5286.549175</timestamp>
			</report>
			<report>
				<misses>684800000</misses>
				<total>0</total>
				<timestamp>5287.313017</timestamp>
			</report>
			<report>
				<misses>684900000</misses>
				<total>0</total>
				<timestamp>5288.113276</timestamp>
			</report>
			<report>
				<misses>685000000</misses>
				<total>0</total>
				<timestamp>5288.841683</timestamp>
			</report>
			<report>
				<misses>685100000</misses>
				<total>0</total>
				<timestamp>5289.596589</timestamp>
			</report>
			<report>
				<misses>685200000</misses>
				<total>0</total>
				<timestamp>5290.414748</timestamp>
			</report>
			<report>
				<misses>685300000</misses>
				<total>0</total>
				<timestamp>5291.201568</timestamp>
			</report>
			<report>
				<misses>685400000</misses>
				<total>0</total>
				<timestamp>5291.998404</timestamp>
			</report>
			<report>
				<misses>685500000</misses>
				<total>0</total>
				<timestamp>5292.756874</timestamp>
			</report>
			<report>
				<misses>685600000</misses>
				<total>0</total>
				<timestamp>5293.524058</timestamp>
			</report>
			<report>
				<misses>685700000</misses>
				<total>0</total>
				<timestamp>5294.265750</timestamp>
			</report>
			<report>
				<misses>685800000</misses>
				<total>0</total>
				<timestamp>5295.035235</timestamp>
			</report>
			<report>
				<misses>685900000</misses>
				<total>0</total>
				<timestamp>5295.787409</timestamp>
			</report>
			<report>
				<misses>686000000</misses>
				<total>0</total>
				<timestamp>5296.536538</timestamp>
			</report>
			<report>
				<misses>686100000</misses>
				<total>0</total>
				<timestamp>5297.255728</timestamp>
			</report>
			<report>
				<misses>686200000</misses>
				<total>0</total>
				<timestamp>5298.032689</timestamp>
			</report>
			<report>
				<misses>686300000</misses>
				<total>0</total>
				<timestamp>5298.795077</timestamp>
			</report>
			<report>
				<misses>686400000</misses>
				<total>0</total>
				<timestamp>5299.613535</timestamp>
			</report>
			<report>
				<misses>686500000</misses>
				<total>0</total>
				<timestamp>5300.365701</timestamp>
			</report>
			<report>
				<misses>686600000</misses>
				<total>0</total>
				<timestamp>5301.219397</timestamp>
			</report>
			<report>
				<misses>686700000</misses>
				<total>0</total>
				<timestamp>5301.979137</timestamp>
			</report>
			<report>
				<misses>686800000</misses>
				<total>0</total>
				<timestamp>5302.779924</timestamp>
			</report>
			<report>
				<misses>686900000</misses>
				<total>0</total>
				<timestamp>5303.580074</timestamp>
			</report>
			<report>
				<misses>687000000</misses>
				<total>0</total>
				<timestamp>5304.374136</timestamp>
			</report>
			<report>
				<misses>687100000</misses>
				<total>0</total>
				<timestamp>5305.197889</timestamp>
			</report>
			<report>
				<misses>687200000</misses>
				<total>0</total>
				<timestamp>5306.004860</timestamp>
			</report>
			<report>
				<misses>687300000</misses>
				<total>0</total>
				<timestamp>5306.755976</timestamp>
			</report>
			<report>
				<misses>687400000</misses>
				<total>0</total>
				<timestamp>5307.522305</timestamp>
			</report>
			<report>
				<misses>687500000</misses>
				<total>0</total>
				<timestamp>5308.278382</timestamp>
			</report>
			<report>
				<misses>687600000</misses>
				<total>0</total>
				<timestamp>5309.036649</timestamp>
			</report>
			<report>
				<misses>687700000</misses>
				<total>0</total>
				<timestamp>5309.822759</timestamp>
			</report>
			<report>
				<misses>687800000</misses>
				<total>0</total>
				<timestamp>5310.558332</timestamp>
			</report>
			<report>
				<misses>687900000</misses>
				<total>0</total>
				<timestamp>5311.301309</timestamp>
			</report>
			<report>
				<misses>688000000</misses>
				<total>0</total>
				<timestamp>5312.081199</timestamp>
			</report>
			<report>
				<misses>688100000</misses>
				<total>0</total>
				<timestamp>5312.809518</timestamp>
			</report>
			<report>
				<misses>688200000</misses>
				<total>0</total>
				<timestamp>5313.527960</timestamp>
			</report>
			<report>
				<misses>688300000</misses>
				<total>0</total>
				<timestamp>5314.334177</timestamp>
			</report>
			<report>
				<misses>688400000</misses>
				<total>0</total>
				<timestamp>5315.095106</timestamp>
			</report>
			<report>
				<misses>688500000</misses>
				<total>0</total>
				<timestamp>5315.867754</timestamp>
			</report>
			<report>
				<misses>688600000</misses>
				<total>0</total>
				<timestamp>5316.620418</timestamp>
			</report>
			<report>
				<misses>688700000</misses>
				<total>0</total>
				<timestamp>5317.383877</timestamp>
			</report>
			<report>
				<misses>688800000</misses>
				<total>0</total>
				<timestamp>5318.161909</timestamp>
			</report>
			<report>
				<misses>688900000</misses>
				<total>0</total>
				<timestamp>5318.936244</timestamp>
			</report>
			<report>
				<misses>689000000</misses>
				<total>0</total>
				<timestamp>5319.699561</timestamp>
			</report>
			<report>
				<misses>689100000</misses>
				<total>0</total>
				<timestamp>5320.436856</timestamp>
			</report>
			<report>
				<misses>689200000</misses>
				<total>0</total>
				<timestamp>5321.196576</timestamp>
			</report>
			<report>
				<misses>689300000</misses>
				<total>0</total>
				<timestamp>5321.955160</timestamp>
			</report>
			<report>
				<misses>689400000</misses>
				<total>0</total>
				<timestamp>5322.750171</timestamp>
			</report>
			<report>
				<misses>689500000</misses>
				<total>0</total>
				<timestamp>5323.508879</timestamp>
			</report>
			<report>
				<misses>689600000</misses>
				<total>0</total>
				<timestamp>5324.228464</timestamp>
			</report>
			<report>
				<misses>689700000</misses>
				<total>0</total>
				<timestamp>5324.974527</timestamp>
			</report>
			<report>
				<misses>689800000</misses>
				<total>0</total>
				<timestamp>5325.748686</timestamp>
			</report>
			<report>
				<misses>689900000</misses>
				<total>0</total>
				<timestamp>5326.472505</timestamp>
			</report>
			<report>
				<misses>690000000</misses>
				<total>0</total>
				<timestamp>5327.199104</timestamp>
			</report>
			<report>
				<misses>690100000</misses>
				<total>0</total>
				<timestamp>5327.899293</timestamp>
			</report>
			<report>
				<misses>690200000</misses>
				<total>0</total>
				<timestamp>5328.637438</timestamp>
			</report>
			<report>
				<misses>690300000</misses>
				<total>0</total>
				<timestamp>5329.433061</timestamp>
			</report>
			<report>
				<misses>690400000</misses>
				<total>0</total>
				<timestamp>5330.171604</timestamp>
			</report>
			<report>
				<misses>690500000</misses>
				<total>0</total>
				<timestamp>5330.972390</timestamp>
			</report>
			<report>
				<misses>690600000</misses>
				<total>0</total>
				<timestamp>5331.776102</timestamp>
			</report>
			<report>
				<misses>690700000</misses>
				<total>0</total>
				<timestamp>5332.545031</timestamp>
			</report>
			<report>
				<misses>690800000</misses>
				<total>0</total>
				<timestamp>5333.298169</timestamp>
			</report>
			<report>
				<misses>690900000</misses>
				<total>0</total>
				<timestamp>5334.102216</timestamp>
			</report>
			<report>
				<misses>691000000</misses>
				<total>0</total>
				<timestamp>5334.861919</timestamp>
			</report>
			<report>
				<misses>691100000</misses>
				<total>0</total>
				<timestamp>5335.654539</timestamp>
			</report>
			<report>
				<misses>691200000</misses>
				<total>0</total>
				<timestamp>5336.392691</timestamp>
			</report>
			<report>
				<misses>691300000</misses>
				<total>0</total>
				<timestamp>5337.181279</timestamp>
			</report>
			<report>
				<misses>691400000</misses>
				<total>0</total>
				<timestamp>5337.971802</timestamp>
			</report>
			<report>
				<misses>691500000</misses>
				<total>0</total>
				<timestamp>5338.767305</timestamp>
			</report>
			<report>
				<misses>691600000</misses>
				<total>0</total>
				<timestamp>5339.528447</timestamp>
			</report>
			<report>
				<misses>691700000</misses>
				<total>0</total>
				<timestamp>5340.286634</timestamp>
			</report>
			<report>
				<misses>691800000</misses>
				<total>0</total>
				<timestamp>5341.019630</timestamp>
			</report>
			<report>
				<misses>691900000</misses>
				<total>0</total>
				<timestamp>5341.760248</timestamp>
			</report>
			<report>
				<misses>692000000</misses>
				<total>0</total>
				<timestamp>5342.507387</timestamp>
			</report>
			<report>
				<misses>692100000</misses>
				<total>0</total>
				<timestamp>5343.288015</timestamp>
			</report>
			<report>
				<misses>692200000</misses>
				<total>0</total>
				<timestamp>5344.083236</timestamp>
			</report>
			<report>
				<misses>692300000</misses>
				<total>0</total>
				<timestamp>5344.814267</timestamp>
			</report>
			<report>
				<misses>692400000</misses>
				<total>0</total>
				<timestamp>5345.593606</timestamp>
			</report>
			<report>
				<misses>692500000</misses>
				<total>0</total>
				<timestamp>5346.332988</timestamp>
			</report>
			<report>
				<misses>692600000</misses>
				<total>0</total>
				<timestamp>5347.122306</timestamp>
			</report>
			<report>
				<misses>692700000</misses>
				<total>0</total>
				<timestamp>5347.881269</timestamp>
			</report>
			<report>
				<misses>692800000</misses>
				<total>0</total>
				<timestamp>5348.662054</timestamp>
			</report>
			<report>
				<misses>692900000</misses>
				<total>0</total>
				<timestamp>5349.479701</timestamp>
			</report>
			<report>
				<misses>693000000</misses>
				<total>0</total>
				<timestamp>5350.256307</timestamp>
			</report>
			<report>
				<misses>693100000</misses>
				<total>0</total>
				<timestamp>5351.073486</timestamp>
			</report>
			<report>
				<misses>693200000</misses>
				<total>0</total>
				<timestamp>5351.836922</timestamp>
			</report>
			<report>
				<misses>693300000</misses>
				<total>0</total>
				<timestamp>5352.588012</timestamp>
			</report>
			<report>
				<misses>693400000</misses>
				<total>0</total>
				<timestamp>5353.394731</timestamp>
			</report>
			<report>
				<misses>693500000</misses>
				<total>0</total>
				<timestamp>5354.223521</timestamp>
			</report>
			<report>
				<misses>693600000</misses>
				<total>0</total>
				<timestamp>5355.008344</timestamp>
			</report>
			<report>
				<misses>693700000</misses>
				<total>0</total>
				<timestamp>5355.800464</timestamp>
			</report>
			<report>
				<misses>693800000</misses>
				<total>0</total>
				<timestamp>5356.576932</timestamp>
			</report>
			<report>
				<misses>693900000</misses>
				<total>0</total>
				<timestamp>5357.377812</timestamp>
			</report>
			<report>
				<misses>694000000</misses>
				<total>0</total>
				<timestamp>5358.162148</timestamp>
			</report>
			<report>
				<misses>694100000</misses>
				<total>0</total>
				<timestamp>5358.910444</timestamp>
			</report>
			<report>
				<misses>694200000</misses>
				<total>0</total>
				<timestamp>5359.692233</timestamp>
			</report>
			<report>
				<misses>694300000</misses>
				<total>0</total>
				<timestamp>5360.511821</timestamp>
			</report>
			<report>
				<misses>694400000</misses>
				<total>0</total>
				<timestamp>5361.264209</timestamp>
			</report>
			<report>
				<misses>694500000</misses>
				<total>0</total>
				<timestamp>5362.021026</timestamp>
			</report>
			<report>
				<misses>694600000</misses>
				<total>0</total>
				<timestamp>5362.782514</timestamp>
			</report>
			<report>
				<misses>694700000</misses>
				<total>0</total>
				<timestamp>5363.546614</timestamp>
			</report>
			<report>
				<misses>694800000</misses>
				<total>0</total>
				<timestamp>5364.287744</timestamp>
			</report>
			<report>
				<misses>694900000</misses>
				<total>0</total>
				<timestamp>5365.029032</timestamp>
			</report>
			<report>
				<misses>695000000</misses>
				<total>0</total>
				<timestamp>5365.851307</timestamp>
			</report>
			<report>
				<misses>695100000</misses>
				<total>0</total>
				<timestamp>5366.600961</timestamp>
			</report>
			<report>
				<misses>695200000</misses>
				<total>0</total>
				<timestamp>5367.317547</timestamp>
			</report>
			<report>
				<misses>695300000</misses>
				<total>0</total>
				<timestamp>5368.078864</timestamp>
			</report>
			<report>
				<misses>695400000</misses>
				<total>0</total>
				<timestamp>5368.885933</timestamp>
			</report>
			<report>
				<misses>695500000</misses>
				<total>0</total>
				<timestamp>5369.674342</timestamp>
			</report>
			<report>
				<misses>695600000</misses>
				<total>0</total>
				<timestamp>5370.493748</timestamp>
			</report>
			<report>
				<misses>695700000</misses>
				<total>0</total>
				<timestamp>5371.303010</timestamp>
			</report>
			<report>
				<misses>695800000</misses>
				<total>0</total>
				<timestamp>5372.054019</timestamp>
			</report>
			<report>
				<misses>695900000</misses>
				<total>0</total>
				<timestamp>5372.794142</timestamp>
			</report>
			<report>
				<misses>696000000</misses>
				<total>0</total>
				<timestamp>5373.623154</timestamp>
			</report>
			<report>
				<misses>696100000</misses>
				<total>0</total>
				<timestamp>5374.389247</timestamp>
			</report>
			<report>
				<misses>696200000</misses>
				<total>0</total>
				<timestamp>5375.167406</timestamp>
			</report>
			<report>
				<misses>696300000</misses>
				<total>0</total>
				<timestamp>5375.955761</timestamp>
			</report>
			<report>
				<misses>696400000</misses>
				<total>0</total>
				<timestamp>5376.736460</timestamp>
			</report>
			<report>
				<misses>696500000</misses>
				<total>0</total>
				<timestamp>5377.493335</timestamp>
			</report>
			<report>
				<misses>696600000</misses>
				<total>0</total>
				<timestamp>5378.229664</timestamp>
			</report>
			<report>
				<misses>696700000</misses>
				<total>0</total>
				<timestamp>5378.968489</timestamp>
			</report>
			<report>
				<misses>696800000</misses>
				<total>0</total>
				<timestamp>5379.749322</timestamp>
			</report>
			<report>
				<misses>696900000</misses>
				<total>0</total>
				<timestamp>5380.538776</timestamp>
			</report>
			<report>
				<misses>697000000</misses>
				<total>0</total>
				<timestamp>5381.260402</timestamp>
			</report>
			<report>
				<misses>697100000</misses>
				<total>0</total>
				<timestamp>5381.980966</timestamp>
			</report>
			<report>
				<misses>697200000</misses>
				<total>0</total>
				<timestamp>5382.741228</timestamp>
			</report>
			<report>
				<misses>697300000</misses>
				<total>0</total>
				<timestamp>5383.472500</timestamp>
			</report>
			<report>
				<misses>697400000</misses>
				<total>0</total>
				<timestamp>5384.213457</timestamp>
			</report>
			<report>
				<misses>697500000</misses>
				<total>0</total>
				<timestamp>5384.977566</timestamp>
			</report>
			<report>
				<misses>697600000</misses>
				<total>0</total>
				<timestamp>5385.742313</timestamp>
			</report>
			<report>
				<misses>697700000</misses>
				<total>0</total>
				<timestamp>5386.537857</timestamp>
			</report>
			<report>
				<misses>697800000</misses>
				<total>0</total>
				<timestamp>5387.272673</timestamp>
			</report>
			<report>
				<misses>697900000</misses>
				<total>0</total>
				<timestamp>5388.055146</timestamp>
			</report>
			<report>
				<misses>698000000</misses>
				<total>0</total>
				<timestamp>5388.824329</timestamp>
			</report>
			<report>
				<misses>698100000</misses>
				<total>0</total>
				<timestamp>5389.594768</timestamp>
			</report>
			<report>
				<misses>698200000</misses>
				<total>0</total>
				<timestamp>5390.358041</timestamp>
			</report>
			<report>
				<misses>698300000</misses>
				<total>0</total>
				<timestamp>5391.123271</timestamp>
			</report>
			<report>
				<misses>698400000</misses>
				<total>0</total>
				<timestamp>5391.919464</timestamp>
			</report>
			<report>
				<misses>698500000</misses>
				<total>0</total>
				<timestamp>5392.705712</timestamp>
			</report>
			<report>
				<misses>698600000</misses>
				<total>0</total>
				<timestamp>5393.491895</timestamp>
			</report>
			<report>
				<misses>698700000</misses>
				<total>0</total>
				<timestamp>5394.240879</timestamp>
			</report>
			<report>
				<misses>698800000</misses>
				<total>0</total>
				<timestamp>5394.985593</timestamp>
			</report>
			<report>
				<misses>698900000</misses>
				<total>0</total>
				<timestamp>5395.721147</timestamp>
			</report>
			<report>
				<misses>699000000</misses>
				<total>0</total>
				<timestamp>5396.437655</timestamp>
			</report>
			<report>
				<misses>699100000</misses>
				<total>0</total>
				<timestamp>5397.167651</timestamp>
			</report>
			<report>
				<misses>699200000</misses>
				<total>0</total>
				<timestamp>5397.913624</timestamp>
			</report>
			<report>
				<misses>699300000</misses>
				<total>0</total>
				<timestamp>5398.638346</timestamp>
			</report>
			<report>
				<misses>699400000</misses>
				<total>0</total>
				<timestamp>5399.401496</timestamp>
			</report>
			<report>
				<misses>699500000</misses>
				<total>0</total>
				<timestamp>5400.101825</timestamp>
			</report>
			<report>
				<misses>699600000</misses>
				<total>0</total>
				<timestamp>5400.851030</timestamp>
			</report>
			<report>
				<misses>699700000</misses>
				<total>0</total>
				<timestamp>5401.640206</timestamp>
			</report>
			<report>
				<misses>699800000</misses>
				<total>0</total>
				<timestamp>5402.423623</timestamp>
			</report>
			<report>
				<misses>699900000</misses>
				<total>0</total>
				<timestamp>5403.232217</timestamp>
			</report>
			<report>
				<misses>700000000</misses>
				<total>0</total>
				<timestamp>5403.978957</timestamp>
			</report>
			<report>
				<misses>700100000</misses>
				<total>0</total>
				<timestamp>5404.746930</timestamp>
			</report>
			<report>
				<misses>700200000</misses>
				<total>0</total>
				<timestamp>5405.497014</timestamp>
			</report>
			<report>
				<misses>700300000</misses>
				<total>0</total>
				<timestamp>5406.275895</timestamp>
			</report>
			<report>
				<misses>700400000</misses>
				<total>0</total>
				<timestamp>5407.050467</timestamp>
			</report>
			<report>
				<misses>700500000</misses>
				<total>0</total>
				<timestamp>5407.825082</timestamp>
			</report>
			<report>
				<misses>700600000</misses>
				<total>0</total>
				<timestamp>5408.634351</timestamp>
			</report>
			<report>
				<misses>700700000</misses>
				<total>0</total>
				<timestamp>5409.390480</timestamp>
			</report>
			<report>
				<misses>700800000</misses>
				<total>0</total>
				<timestamp>5410.180639</timestamp>
			</report>
			<report>
				<misses>700900000</misses>
				<total>0</total>
				<timestamp>5410.984307</timestamp>
			</report>
			<report>
				<misses>701000000</misses>
				<total>0</total>
				<timestamp>5411.725912</timestamp>
			</report>
			<report>
				<misses>701100000</misses>
				<total>0</total>
				<timestamp>5412.453278</timestamp>
			</report>
			<report>
				<misses>701200000</misses>
				<total>0</total>
				<timestamp>5413.230724</timestamp>
			</report>
			<report>
				<misses>701300000</misses>
				<total>0</total>
				<timestamp>5413.995858</timestamp>
			</report>
			<report>
				<misses>701400000</misses>
				<total>0</total>
				<timestamp>5414.734497</timestamp>
			</report>
			<report>
				<misses>701500000</misses>
				<total>0</total>
				<timestamp>5415.473881</timestamp>
			</report>
			<report>
				<misses>701600000</misses>
				<total>0</total>
				<timestamp>5416.214380</timestamp>
			</report>
			<report>
				<misses>701700000</misses>
				<total>0</total>
				<timestamp>5416.966750</timestamp>
			</report>
			<report>
				<misses>701800000</misses>
				<total>0</total>
				<timestamp>5417.760611</timestamp>
			</report>
			<report>
				<misses>701900000</misses>
				<total>0</total>
				<timestamp>5418.510658</timestamp>
			</report>
			<report>
				<misses>702000000</misses>
				<total>0</total>
				<timestamp>5419.272003</timestamp>
			</report>
			<report>
				<misses>702100000</misses>
				<total>0</total>
				<timestamp>5420.068377</timestamp>
			</report>
			<report>
				<misses>702200000</misses>
				<total>0</total>
				<timestamp>5420.879540</timestamp>
			</report>
			<report>
				<misses>702300000</misses>
				<total>0</total>
				<timestamp>5421.661138</timestamp>
			</report>
			<report>
				<misses>702400000</misses>
				<total>0</total>
				<timestamp>5422.433310</timestamp>
			</report>
			<report>
				<misses>702500000</misses>
				<total>0</total>
				<timestamp>5423.294786</timestamp>
			</report>
			<report>
				<misses>702600000</misses>
				<total>0</total>
				<timestamp>5424.046775</timestamp>
			</report>
			<report>
				<misses>702700000</misses>
				<total>0</total>
				<timestamp>5424.851168</timestamp>
			</report>
			<report>
				<misses>702800000</misses>
				<total>0</total>
				<timestamp>5425.633565</timestamp>
			</report>
			<report>
				<misses>702900000</misses>
				<total>0</total>
				<timestamp>5426.442444</timestamp>
			</report>
			<report>
				<misses>703000000</misses>
				<total>0</total>
				<timestamp>5427.169971</timestamp>
			</report>
			<report>
				<misses>703100000</misses>
				<total>0</total>
				<timestamp>5427.901911</timestamp>
			</report>
			<report>
				<misses>703200000</misses>
				<total>0</total>
				<timestamp>5428.646239</timestamp>
			</report>
			<report>
				<misses>703300000</misses>
				<total>0</total>
				<timestamp>5429.419509</timestamp>
			</report>
			<report>
				<misses>703400000</misses>
				<total>0</total>
				<timestamp>5430.143891</timestamp>
			</report>
			<report>
				<misses>703500000</misses>
				<total>0</total>
				<timestamp>5430.873924</timestamp>
			</report>
			<report>
				<misses>703600000</misses>
				<total>0</total>
				<timestamp>5431.614496</timestamp>
			</report>
			<report>
				<misses>703700000</misses>
				<total>0</total>
				<timestamp>5432.409093</timestamp>
			</report>
			<report>
				<misses>703800000</misses>
				<total>0</total>
				<timestamp>5433.124465</timestamp>
			</report>
			<report>
				<misses>703900000</misses>
				<total>0</total>
				<timestamp>5433.859028</timestamp>
			</report>
			<report>
				<misses>704000000</misses>
				<total>0</total>
				<timestamp>5434.688315</timestamp>
			</report>
			<report>
				<misses>704100000</misses>
				<total>0</total>
				<timestamp>5435.483823</timestamp>
			</report>
			<report>
				<misses>704200000</misses>
				<total>0</total>
				<timestamp>5436.249028</timestamp>
			</report>
			<report>
				<misses>704300000</misses>
				<total>0</total>
				<timestamp>5437.004000</timestamp>
			</report>
			<report>
				<misses>704400000</misses>
				<total>0</total>
				<timestamp>5437.757750</timestamp>
			</report>
			<report>
				<misses>704500000</misses>
				<total>0</total>
				<timestamp>5438.576571</timestamp>
			</report>
			<report>
				<misses>704600000</misses>
				<total>0</total>
				<timestamp>5439.323923</timestamp>
			</report>
			<report>
				<misses>704700000</misses>
				<total>0</total>
				<timestamp>5440.139148</timestamp>
			</report>
			<report>
				<misses>704800000</misses>
				<total>0</total>
				<timestamp>5440.928227</timestamp>
			</report>
			<report>
				<misses>704900000</misses>
				<total>0</total>
				<timestamp>5441.687433</timestamp>
			</report>
			<report>
				<misses>705000000</misses>
				<total>0</total>
				<timestamp>5442.459765</timestamp>
			</report>
			<report>
				<misses>705100000</misses>
				<total>0</total>
				<timestamp>5443.202086</timestamp>
			</report>
			<report>
				<misses>705200000</misses>
				<total>0</total>
				<timestamp>5443.962068</timestamp>
			</report>
			<report>
				<misses>705300000</misses>
				<total>0</total>
				<timestamp>5444.734219</timestamp>
			</report>
			<report>
				<misses>705400000</misses>
				<total>0</total>
				<timestamp>5445.496004</timestamp>
			</report>
			<report>
				<misses>705500000</misses>
				<total>0</total>
				<timestamp>5446.268267</timestamp>
			</report>
			<report>
				<misses>705600000</misses>
				<total>0</total>
				<timestamp>5447.078895</timestamp>
			</report>
			<report>
				<misses>705700000</misses>
				<total>0</total>
				<timestamp>5447.821465</timestamp>
			</report>
			<report>
				<misses>705800000</misses>
				<total>0</total>
				<timestamp>5448.566741</timestamp>
			</report>
			<report>
				<misses>705900000</misses>
				<total>0</total>
				<timestamp>5449.338722</timestamp>
			</report>
			<report>
				<misses>706000000</misses>
				<total>0</total>
				<timestamp>5450.101462</timestamp>
			</report>
			<report>
				<misses>706100000</misses>
				<total>0</total>
				<timestamp>5450.840955</timestamp>
			</report>
			<report>
				<misses>706200000</misses>
				<total>0</total>
				<timestamp>5451.609905</timestamp>
			</report>
			<report>
				<misses>706300000</misses>
				<total>0</total>
				<timestamp>5452.372299</timestamp>
			</report>
			<report>
				<misses>706400000</misses>
				<total>0</total>
				<timestamp>5453.137194</timestamp>
			</report>
			<report>
				<misses>706500000</misses>
				<total>0</total>
				<timestamp>5453.882519</timestamp>
			</report>
			<report>
				<misses>706600000</misses>
				<total>0</total>
				<timestamp>5454.606856</timestamp>
			</report>
			<report>
				<misses>706700000</misses>
				<total>0</total>
				<timestamp>5455.368089</timestamp>
			</report>
			<report>
				<misses>706800000</misses>
				<total>0</total>
				<timestamp>5456.162610</timestamp>
			</report>
			<report>
				<misses>706900000</misses>
				<total>0</total>
				<timestamp>5457.000637</timestamp>
			</report>
			<report>
				<misses>707000000</misses>
				<total>0</total>
				<timestamp>5457.815129</timestamp>
			</report>
			<report>
				<misses>707100000</misses>
				<total>0</total>
				<timestamp>5458.592294</timestamp>
			</report>
			<report>
				<misses>707200000</misses>
				<total>0</total>
				<timestamp>5459.338340</timestamp>
			</report>
			<report>
				<misses>707300000</misses>
				<total>0</total>
				<timestamp>5460.114352</timestamp>
			</report>
			<report>
				<misses>707400000</misses>
				<total>0</total>
				<timestamp>5460.884196</timestamp>
			</report>
			<report>
				<misses>707500000</misses>
				<total>0</total>
				<timestamp>5461.653393</timestamp>
			</report>
			<report>
				<misses>707600000</misses>
				<total>0</total>
				<timestamp>5462.468225</timestamp>
			</report>
			<report>
				<misses>707700000</misses>
				<total>0</total>
				<timestamp>5463.218152</timestamp>
			</report>
			<report>
				<misses>707800000</misses>
				<total>0</total>
				<timestamp>5463.994356</timestamp>
			</report>
			<report>
				<misses>707900000</misses>
				<total>0</total>
				<timestamp>5464.748649</timestamp>
			</report>
			<report>
				<misses>708000000</misses>
				<total>0</total>
				<timestamp>5465.463499</timestamp>
			</report>
			<report>
				<misses>708100000</misses>
				<total>0</total>
				<timestamp>5466.221206</timestamp>
			</report>
			<report>
				<misses>708200000</misses>
				<total>0</total>
				<timestamp>5466.987468</timestamp>
			</report>
			<report>
				<misses>708300000</misses>
				<total>0</total>
				<timestamp>5467.740492</timestamp>
			</report>
			<report>
				<misses>708400000</misses>
				<total>0</total>
				<timestamp>5468.511567</timestamp>
			</report>
			<report>
				<misses>708500000</misses>
				<total>0</total>
				<timestamp>5469.294551</timestamp>
			</report>
			<report>
				<misses>708600000</misses>
				<total>0</total>
				<timestamp>5470.021947</timestamp>
			</report>
			<report>
				<misses>708700000</misses>
				<total>0</total>
				<timestamp>5470.808948</timestamp>
			</report>
			<report>
				<misses>708800000</misses>
				<total>0</total>
				<timestamp>5471.599581</timestamp>
			</report>
			<report>
				<misses>708900000</misses>
				<total>0</total>
				<timestamp>5472.393825</timestamp>
			</report>
			<report>
				<misses>709000000</misses>
				<total>0</total>
				<timestamp>5473.143753</timestamp>
			</report>
			<report>
				<misses>709100000</misses>
				<total>0</total>
				<timestamp>5473.949094</timestamp>
			</report>
			<report>
				<misses>709200000</misses>
				<total>0</total>
				<timestamp>5474.744578</timestamp>
			</report>
			<report>
				<misses>709300000</misses>
				<total>0</total>
				<timestamp>5475.523304</timestamp>
			</report>
			<report>
				<misses>709400000</misses>
				<total>0</total>
				<timestamp>5476.278106</timestamp>
			</report>
			<report>
				<misses>709500000</misses>
				<total>0</total>
				<timestamp>5477.066432</timestamp>
			</report>
			<report>
				<misses>709600000</misses>
				<total>0</total>
				<timestamp>5477.824314</timestamp>
			</report>
			<report>
				<misses>709700000</misses>
				<total>0</total>
				<timestamp>5478.631547</timestamp>
			</report>
			<report>
				<misses>709800000</misses>
				<total>0</total>
				<timestamp>5479.384028</timestamp>
			</report>
			<report>
				<misses>709900000</misses>
				<total>0</total>
				<timestamp>5480.109948</timestamp>
			</report>
			<report>
				<misses>710000000</misses>
				<total>0</total>
				<timestamp>5480.825044</timestamp>
			</report>
			<report>
				<misses>710100000</misses>
				<total>0</total>
				<timestamp>5481.551347</timestamp>
			</report>
			<report>
				<misses>710200000</misses>
				<total>0</total>
				<timestamp>5482.279771</timestamp>
			</report>
			<report>
				<misses>710300000</misses>
				<total>0</total>
				<timestamp>5483.002274</timestamp>
			</report>
			<report>
				<misses>710400000</misses>
				<total>0</total>
				<timestamp>5483.749425</timestamp>
			</report>
			<report>
				<misses>710500000</misses>
				<total>0</total>
				<timestamp>5484.514448</timestamp>
			</report>
			<report>
				<misses>710600000</misses>
				<total>0</total>
				<timestamp>5485.292752</timestamp>
			</report>
			<report>
				<misses>710700000</misses>
				<total>0</total>
				<timestamp>5486.053115</timestamp>
			</report>
			<report>
				<misses>710800000</misses>
				<total>0</total>
				<timestamp>5486.845965</timestamp>
			</report>
			<report>
				<misses>710900000</misses>
				<total>0</total>
				<timestamp>5487.622978</timestamp>
			</report>
			<report>
				<misses>711000000</misses>
				<total>0</total>
				<timestamp>5488.387415</timestamp>
			</report>
			<report>
				<misses>711100000</misses>
				<total>0</total>
				<timestamp>5489.153592</timestamp>
			</report>
			<report>
				<misses>711200000</misses>
				<total>0</total>
				<timestamp>5489.952207</timestamp>
			</report>
			<report>
				<misses>711300000</misses>
				<total>0</total>
				<timestamp>5490.762907</timestamp>
			</report>
			<report>
				<misses>711400000</misses>
				<total>0</total>
				<timestamp>5491.520928</timestamp>
			</report>
			<report>
				<misses>711500000</misses>
				<total>0</total>
				<timestamp>5492.280245</timestamp>
			</report>
			<report>
				<misses>711600000</misses>
				<total>0</total>
				<timestamp>5493.081329</timestamp>
			</report>
			<report>
				<misses>711700000</misses>
				<total>0</total>
				<timestamp>5493.863604</timestamp>
			</report>
			<report>
				<misses>711800000</misses>
				<total>0</total>
				<timestamp>5494.632439</timestamp>
			</report>
			<report>
				<misses>711900000</misses>
				<total>0</total>
				<timestamp>5495.448689</timestamp>
			</report>
			<report>
				<misses>712000000</misses>
				<total>0</total>
				<timestamp>5496.238726</timestamp>
			</report>
			<report>
				<misses>712100000</misses>
				<total>0</total>
				<timestamp>5497.042348</timestamp>
			</report>
			<report>
				<misses>712200000</misses>
				<total>0</total>
				<timestamp>5497.827838</timestamp>
			</report>
			<report>
				<misses>712300000</misses>
				<total>0</total>
				<timestamp>5498.638299</timestamp>
			</report>
			<report>
				<misses>712400000</misses>
				<total>0</total>
				<timestamp>5499.433229</timestamp>
			</report>
			<report>
				<misses>712500000</misses>
				<total>0</total>
				<timestamp>5500.202613</timestamp>
			</report>
			<report>
				<misses>712600000</misses>
				<total>0</total>
				<timestamp>5500.951256</timestamp>
			</report>
			<report>
				<misses>712700000</misses>
				<total>0</total>
				<timestamp>5501.711660</timestamp>
			</report>
			<report>
				<misses>712800000</misses>
				<total>0</total>
				<timestamp>5502.469539</timestamp>
			</report>
			<report>
				<misses>712900000</misses>
				<total>0</total>
				<timestamp>5503.239320</timestamp>
			</report>
			<report>
				<misses>713000000</misses>
				<total>0</total>
				<timestamp>5503.989499</timestamp>
			</report>
			<report>
				<misses>713100000</misses>
				<total>0</total>
				<timestamp>5504.764872</timestamp>
			</report>
			<report>
				<misses>713200000</misses>
				<total>0</total>
				<timestamp>5505.529568</timestamp>
			</report>
			<report>
				<misses>713300000</misses>
				<total>0</total>
				<timestamp>5506.282047</timestamp>
			</report>
			<report>
				<misses>713400000</misses>
				<total>0</total>
				<timestamp>5507.008872</timestamp>
			</report>
			<report>
				<misses>713500000</misses>
				<total>0</total>
				<timestamp>5507.787122</timestamp>
			</report>
			<report>
				<misses>713600000</misses>
				<total>0</total>
				<timestamp>5508.599418</timestamp>
			</report>
			<report>
				<misses>713700000</misses>
				<total>0</total>
				<timestamp>5509.381301</timestamp>
			</report>
			<report>
				<misses>713800000</misses>
				<total>0</total>
				<timestamp>5510.137061</timestamp>
			</report>
			<report>
				<misses>713900000</misses>
				<total>0</total>
				<timestamp>5510.933531</timestamp>
			</report>
			<report>
				<misses>714000000</misses>
				<total>0</total>
				<timestamp>5511.732610</timestamp>
			</report>
			<report>
				<misses>714100000</misses>
				<total>0</total>
				<timestamp>5512.498585</timestamp>
			</report>
			<report>
				<misses>714200000</misses>
				<total>0</total>
				<timestamp>5513.285690</timestamp>
			</report>
			<report>
				<misses>714300000</misses>
				<total>0</total>
				<timestamp>5514.039514</timestamp>
			</report>
			<report>
				<misses>714400000</misses>
				<total>0</total>
				<timestamp>5514.813652</timestamp>
			</report>
			<report>
				<misses>714500000</misses>
				<total>0</total>
				<timestamp>5515.576266</timestamp>
			</report>
			<report>
				<misses>714600000</misses>
				<total>0</total>
				<timestamp>5516.297346</timestamp>
			</report>
			<report>
				<misses>714700000</misses>
				<total>0</total>
				<timestamp>5517.069266</timestamp>
			</report>
			<report>
				<misses>714800000</misses>
				<total>0</total>
				<timestamp>5517.786309</timestamp>
			</report>
			<report>
				<misses>714900000</misses>
				<total>0</total>
				<timestamp>5518.524854</timestamp>
			</report>
			<report>
				<misses>715000000</misses>
				<total>0</total>
				<timestamp>5519.268065</timestamp>
			</report>
			<report>
				<misses>715100000</misses>
				<total>0</total>
				<timestamp>5519.993787</timestamp>
			</report>
			<report>
				<misses>715200000</misses>
				<total>0</total>
				<timestamp>5520.718682</timestamp>
			</report>
			<report>
				<misses>715300000</misses>
				<total>0</total>
				<timestamp>5521.437847</timestamp>
			</report>
			<report>
				<misses>715400000</misses>
				<total>0</total>
				<timestamp>5522.170845</timestamp>
			</report>
			<report>
				<misses>715500000</misses>
				<total>0</total>
				<timestamp>5522.958688</timestamp>
			</report>
			<report>
				<misses>715600000</misses>
				<total>0</total>
				<timestamp>5523.757182</timestamp>
			</report>
			<report>
				<misses>715700000</misses>
				<total>0</total>
				<timestamp>5524.539157</timestamp>
			</report>
			<report>
				<misses>715800000</misses>
				<total>0</total>
				<timestamp>5525.328141</timestamp>
			</report>
			<report>
				<misses>715900000</misses>
				<total>0</total>
				<timestamp>5526.134597</timestamp>
			</report>
			<report>
				<misses>716000000</misses>
				<total>0</total>
				<timestamp>5526.862115</timestamp>
			</report>
			<report>
				<misses>716100000</misses>
				<total>0</total>
				<timestamp>5527.627071</timestamp>
			</report>
			<report>
				<misses>716200000</misses>
				<total>0</total>
				<timestamp>5528.432614</timestamp>
			</report>
			<report>
				<misses>716300000</misses>
				<total>0</total>
				<timestamp>5529.232144</timestamp>
			</report>
			<report>
				<misses>716400000</misses>
				<total>0</total>
				<timestamp>5529.985467</timestamp>
			</report>
			<report>
				<misses>716500000</misses>
				<total>0</total>
				<timestamp>5530.788149</timestamp>
			</report>
			<report>
				<misses>716600000</misses>
				<total>0</total>
				<timestamp>5531.587471</timestamp>
			</report>
			<report>
				<misses>716700000</misses>
				<total>0</total>
				<timestamp>5532.390972</timestamp>
			</report>
			<report>
				<misses>716800000</misses>
				<total>0</total>
				<timestamp>5533.147426</timestamp>
			</report>
			<report>
				<misses>716900000</misses>
				<total>0</total>
				<timestamp>5533.884534</timestamp>
			</report>
			<report>
				<misses>717000000</misses>
				<total>0</total>
				<timestamp>5534.607547</timestamp>
			</report>
			<report>
				<misses>717100000</misses>
				<total>0</total>
				<timestamp>5535.384473</timestamp>
			</report>
			<report>
				<misses>717200000</misses>
				<total>0</total>
				<timestamp>5536.121289</timestamp>
			</report>
			<report>
				<misses>717300000</misses>
				<total>0</total>
				<timestamp>5536.850224</timestamp>
			</report>
			<report>
				<misses>717400000</misses>
				<total>0</total>
				<timestamp>5537.635245</timestamp>
			</report>
			<report>
				<misses>717500000</misses>
				<total>0</total>
				<timestamp>5538.394098</timestamp>
			</report>
			<report>
				<misses>717600000</misses>
				<total>0</total>
				<timestamp>5539.116336</timestamp>
			</report>
			<report>
				<misses>717700000</misses>
				<total>0</total>
				<timestamp>5539.842691</timestamp>
			</report>
			<report>
				<misses>717800000</misses>
				<total>0</total>
				<timestamp>5540.639876</timestamp>
			</report>
			<report>
				<misses>717900000</misses>
				<total>0</total>
				<timestamp>5541.436671</timestamp>
			</report>
			<report>
				<misses>718000000</misses>
				<total>0</total>
				<timestamp>5542.185565</timestamp>
			</report>
			<report>
				<misses>718100000</misses>
				<total>0</total>
				<timestamp>5542.958319</timestamp>
			</report>
			<report>
				<misses>718200000</misses>
				<total>0</total>
				<timestamp>5543.675830</timestamp>
			</report>
			<report>
				<misses>718300000</misses>
				<total>0</total>
				<timestamp>5544.474352</timestamp>
			</report>
			<report>
				<misses>718400000</misses>
				<total>0</total>
				<timestamp>5545.309033</timestamp>
			</report>
			<report>
				<misses>718500000</misses>
				<total>0</total>
				<timestamp>5546.068030</timestamp>
			</report>
			<report>
				<misses>718600000</misses>
				<total>0</total>
				<timestamp>5546.846967</timestamp>
			</report>
			<report>
				<misses>718700000</misses>
				<total>0</total>
				<timestamp>5547.612589</timestamp>
			</report>
			<report>
				<misses>718800000</misses>
				<total>0</total>
				<timestamp>5548.376415</timestamp>
			</report>
			<report>
				<misses>718900000</misses>
				<total>0</total>
				<timestamp>5549.130300</timestamp>
			</report>
			<report>
				<misses>719000000</misses>
				<total>0</total>
				<timestamp>5549.895161</timestamp>
			</report>
			<report>
				<misses>719100000</misses>
				<total>0</total>
				<timestamp>5550.708460</timestamp>
			</report>
			<report>
				<misses>719200000</misses>
				<total>0</total>
				<timestamp>5551.475835</timestamp>
			</report>
			<report>
				<misses>719300000</misses>
				<total>0</total>
				<timestamp>5552.277201</timestamp>
			</report>
			<report>
				<misses>719400000</misses>
				<total>0</total>
				<timestamp>5553.031693</timestamp>
			</report>
			<report>
				<misses>719500000</misses>
				<total>0</total>
				<timestamp>5553.842051</timestamp>
			</report>
			<report>
				<misses>719600000</misses>
				<total>0</total>
				<timestamp>5554.629195</timestamp>
			</report>
			<report>
				<misses>719700000</misses>
				<total>0</total>
				<timestamp>5555.429077</timestamp>
			</report>
			<report>
				<misses>719800000</misses>
				<total>0</total>
				<timestamp>5556.200589</timestamp>
			</report>
			<report>
				<misses>719900000</misses>
				<total>0</total>
				<timestamp>5556.988603</timestamp>
			</report>
			<report>
				<misses>720000000</misses>
				<total>0</total>
				<timestamp>5557.723235</timestamp>
			</report>
			<report>
				<misses>720100000</misses>
				<total>0</total>
				<timestamp>5558.453289</timestamp>
			</report>
			<report>
				<misses>720200000</misses>
				<total>0</total>
				<timestamp>5559.211104</timestamp>
			</report>
			<report>
				<misses>720300000</misses>
				<total>0</total>
				<timestamp>5559.988309</timestamp>
			</report>
			<report>
				<misses>720400000</misses>
				<total>0</total>
				<timestamp>5560.698349</timestamp>
			</report>
			<report>
				<misses>720500000</misses>
				<total>0</total>
				<timestamp>5561.420271</timestamp>
			</report>
			<report>
				<misses>720600000</misses>
				<total>0</total>
				<timestamp>5562.205036</timestamp>
			</report>
			<report>
				<misses>720700000</misses>
				<total>0</total>
				<timestamp>5562.951428</timestamp>
			</report>
			<report>
				<misses>720800000</misses>
				<total>0</total>
				<timestamp>5563.747620</timestamp>
			</report>
			<report>
				<misses>720900000</misses>
				<total>0</total>
				<timestamp>5564.501540</timestamp>
			</report>
			<report>
				<misses>721000000</misses>
				<total>0</total>
				<timestamp>5565.259823</timestamp>
			</report>
			<report>
				<misses>721100000</misses>
				<total>0</total>
				<timestamp>5566.043171</timestamp>
			</report>
			<report>
				<misses>721200000</misses>
				<total>0</total>
				<timestamp>5566.794758</timestamp>
			</report>
			<report>
				<misses>721300000</misses>
				<total>0</total>
				<timestamp>5567.544789</timestamp>
			</report>
			<report>
				<misses>721400000</misses>
				<total>0</total>
				<timestamp>5568.298690</timestamp>
			</report>
			<report>
				<misses>721500000</misses>
				<total>0</total>
				<timestamp>5569.093106</timestamp>
			</report>
			<report>
				<misses>721600000</misses>
				<total>0</total>
				<timestamp>5569.847488</timestamp>
			</report>
			<report>
				<misses>721700000</misses>
				<total>0</total>
				<timestamp>5570.603137</timestamp>
			</report>
			<report>
				<misses>721800000</misses>
				<total>0</total>
				<timestamp>5571.425320</timestamp>
			</report>
			<report>
				<misses>721900000</misses>
				<total>0</total>
				<timestamp>5572.156005</timestamp>
			</report>
			<report>
				<misses>722000000</misses>
				<total>0</total>
				<timestamp>5572.910031</timestamp>
			</report>
			<report>
				<misses>722100000</misses>
				<total>0</total>
				<timestamp>5573.673007</timestamp>
			</report>
			<report>
				<misses>722200000</misses>
				<total>0</total>
				<timestamp>5574.383857</timestamp>
			</report>
			<report>
				<misses>722300000</misses>
				<total>0</total>
				<timestamp>5575.123389</timestamp>
			</report>
			<report>
				<misses>722400000</misses>
				<total>0</total>
				<timestamp>5575.881866</timestamp>
			</report>
			<report>
				<misses>722500000</misses>
				<total>0</total>
				<timestamp>5576.631665</timestamp>
			</report>
			<report>
				<misses>722600000</misses>
				<total>0</total>
				<timestamp>5577.370180</timestamp>
			</report>
			<report>
				<misses>722700000</misses>
				<total>0</total>
				<timestamp>5578.070083</timestamp>
			</report>
			<report>
				<misses>722800000</misses>
				<total>0</total>
				<timestamp>5578.831592</timestamp>
			</report>
			<report>
				<misses>722900000</misses>
				<total>0</total>
				<timestamp>5579.625395</timestamp>
			</report>
			<report>
				<misses>723000000</misses>
				<total>0</total>
				<timestamp>5580.398036</timestamp>
			</report>
			<report>
				<misses>723100000</misses>
				<total>0</total>
				<timestamp>5581.177231</timestamp>
			</report>
			<report>
				<misses>723200000</misses>
				<total>0</total>
				<timestamp>5581.924727</timestamp>
			</report>
			<report>
				<misses>723300000</misses>
				<total>0</total>
				<timestamp>5582.733245</timestamp>
			</report>
			<report>
				<misses>723400000</misses>
				<total>0</total>
				<timestamp>5583.485572</timestamp>
			</report>
			<report>
				<misses>723500000</misses>
				<total>0</total>
				<timestamp>5584.244136</timestamp>
			</report>
			<report>
				<misses>723600000</misses>
				<total>0</total>
				<timestamp>5585.009822</timestamp>
			</report>
			<report>
				<misses>723700000</misses>
				<total>0</total>
				<timestamp>5585.777005</timestamp>
			</report>
			<report>
				<misses>723800000</misses>
				<total>0</total>
				<timestamp>5586.517846</timestamp>
			</report>
			<report>
				<misses>723900000</misses>
				<total>0</total>
				<timestamp>5587.328070</timestamp>
			</report>
			<report>
				<misses>724000000</misses>
				<total>0</total>
				<timestamp>5588.086815</timestamp>
			</report>
			<report>
				<misses>724100000</misses>
				<total>0</total>
				<timestamp>5588.855091</timestamp>
			</report>
			<report>
				<misses>724200000</misses>
				<total>0</total>
				<timestamp>5589.661717</timestamp>
			</report>
			<report>
				<misses>724300000</misses>
				<total>0</total>
				<timestamp>5590.396204</timestamp>
			</report>
			<report>
				<misses>724400000</misses>
				<total>0</total>
				<timestamp>5591.140198</timestamp>
			</report>
			<report>
				<misses>724500000</misses>
				<total>0</total>
				<timestamp>5591.947105</timestamp>
			</report>
			<report>
				<misses>724600000</misses>
				<total>0</total>
				<timestamp>5592.675071</timestamp>
			</report>
			<report>
				<misses>724700000</misses>
				<total>0</total>
				<timestamp>5593.438597</timestamp>
			</report>
			<report>
				<misses>724800000</misses>
				<total>0</total>
				<timestamp>5594.171914</timestamp>
			</report>
			<report>
				<misses>724900000</misses>
				<total>0</total>
				<timestamp>5594.919449</timestamp>
			</report>
			<report>
				<misses>725000000</misses>
				<total>0</total>
				<timestamp>5595.732648</timestamp>
			</report>
			<report>
				<misses>725100000</misses>
				<total>0</total>
				<timestamp>5596.453854</timestamp>
			</report>
			<report>
				<misses>725200000</misses>
				<total>0</total>
				<timestamp>5597.280362</timestamp>
			</report>
			<report>
				<misses>725300000</misses>
				<total>0</total>
				<timestamp>5598.045316</timestamp>
			</report>
			<report>
				<misses>725400000</misses>
				<total>0</total>
				<timestamp>5598.821568</timestamp>
			</report>
			<report>
				<misses>725500000</misses>
				<total>0</total>
				<timestamp>5599.628299</timestamp>
			</report>
			<report>
				<misses>725600000</misses>
				<total>0</total>
				<timestamp>5600.391436</timestamp>
			</report>
			<report>
				<misses>725700000</misses>
				<total>0</total>
				<timestamp>5601.228881</timestamp>
			</report>
			<report>
				<misses>725800000</misses>
				<total>0</total>
				<timestamp>5601.974198</timestamp>
			</report>
			<report>
				<misses>725900000</misses>
				<total>0</total>
				<timestamp>5602.728447</timestamp>
			</report>
			<report>
				<misses>726000000</misses>
				<total>0</total>
				<timestamp>5603.508898</timestamp>
			</report>
			<report>
				<misses>726100000</misses>
				<total>0</total>
				<timestamp>5604.257713</timestamp>
			</report>
			<report>
				<misses>726200000</misses>
				<total>0</total>
				<timestamp>5605.026085</timestamp>
			</report>
			<report>
				<misses>726300000</misses>
				<total>0</total>
				<timestamp>5605.793507</timestamp>
			</report>
			<report>
				<misses>726400000</misses>
				<total>0</total>
				<timestamp>5606.591466</timestamp>
			</report>
			<report>
				<misses>726500000</misses>
				<total>0</total>
				<timestamp>5607.319354</timestamp>
			</report>
			<report>
				<misses>726600000</misses>
				<total>0</total>
				<timestamp>5608.053117</timestamp>
			</report>
			<report>
				<misses>726700000</misses>
				<total>0</total>
				<timestamp>5608.798393</timestamp>
			</report>
			<report>
				<misses>726800000</misses>
				<total>0</total>
				<timestamp>5609.540282</timestamp>
			</report>
			<report>
				<misses>726900000</misses>
				<total>0</total>
				<timestamp>5610.300644</timestamp>
			</report>
			<report>
				<misses>727000000</misses>
				<total>0</total>
				<timestamp>5611.095398</timestamp>
			</report>
			<report>
				<misses>727100000</misses>
				<total>0</total>
				<timestamp>5611.904899</timestamp>
			</report>
			<report>
				<misses>727200000</misses>
				<total>0</total>
				<timestamp>5612.685437</timestamp>
			</report>
			<report>
				<misses>727300000</misses>
				<total>0</total>
				<timestamp>5613.485417</timestamp>
			</report>
			<report>
				<misses>727400000</misses>
				<total>0</total>
				<timestamp>5614.258828</timestamp>
			</report>
			<report>
				<misses>727500000</misses>
				<total>0</total>
				<timestamp>5615.034140</timestamp>
			</report>
			<report>
				<misses>727600000</misses>
				<total>0</total>
				<timestamp>5615.813289</timestamp>
			</report>
			<report>
				<misses>727700000</misses>
				<total>0</total>
				<timestamp>5616.573254</timestamp>
			</report>
			<report>
				<misses>727800000</misses>
				<total>0</total>
				<timestamp>5617.336204</timestamp>
			</report>
			<report>
				<misses>727900000</misses>
				<total>0</total>
				<timestamp>5618.114691</timestamp>
			</report>
			<report>
				<misses>728000000</misses>
				<total>0</total>
				<timestamp>5618.932371</timestamp>
			</report>
			<report>
				<misses>728100000</misses>
				<total>0</total>
				<timestamp>5619.692204</timestamp>
			</report>
			<report>
				<misses>728200000</misses>
				<total>0</total>
				<timestamp>5620.454476</timestamp>
			</report>
			<report>
				<misses>728300000</misses>
				<total>0</total>
				<timestamp>5621.230401</timestamp>
			</report>
			<report>
				<misses>728400000</misses>
				<total>0</total>
				<timestamp>5622.007459</timestamp>
			</report>
			<report>
				<misses>728500000</misses>
				<total>0</total>
				<timestamp>5622.782456</timestamp>
			</report>
			<report>
				<misses>728600000</misses>
				<total>0</total>
				<timestamp>5623.560692</timestamp>
			</report>
			<report>
				<misses>728700000</misses>
				<total>0</total>
				<timestamp>5624.353151</timestamp>
			</report>
			<report>
				<misses>728800000</misses>
				<total>0</total>
				<timestamp>5625.101464</timestamp>
			</report>
			<report>
				<misses>728900000</misses>
				<total>0</total>
				<timestamp>5625.887634</timestamp>
			</report>
			<report>
				<misses>729000000</misses>
				<total>0</total>
				<timestamp>5626.649871</timestamp>
			</report>
			<report>
				<misses>729100000</misses>
				<total>0</total>
				<timestamp>5627.393661</timestamp>
			</report>
			<report>
				<misses>729200000</misses>
				<total>0</total>
				<timestamp>5628.174835</timestamp>
			</report>
			<report>
				<misses>729300000</misses>
				<total>0</total>
				<timestamp>5628.916435</timestamp>
			</report>
			<report>
				<misses>729400000</misses>
				<total>0</total>
				<timestamp>5629.678977</timestamp>
			</report>
			<report>
				<misses>729500000</misses>
				<total>0</total>
				<timestamp>5630.415908</timestamp>
			</report>
			<report>
				<misses>729600000</misses>
				<total>0</total>
				<timestamp>5631.120188</timestamp>
			</report>
			<report>
				<misses>729700000</misses>
				<total>0</total>
				<timestamp>5631.871918</timestamp>
			</report>
			<report>
				<misses>729800000</misses>
				<total>0</total>
				<timestamp>5632.657290</timestamp>
			</report>
			<report>
				<misses>729900000</misses>
				<total>0</total>
				<timestamp>5633.443802</timestamp>
			</report>
			<report>
				<misses>730000000</misses>
				<total>0</total>
				<timestamp>5634.216319</timestamp>
			</report>
			<report>
				<misses>730100000</misses>
				<total>0</total>
				<timestamp>5634.995041</timestamp>
			</report>
			<report>
				<misses>730200000</misses>
				<total>0</total>
				<timestamp>5635.770578</timestamp>
			</report>
			<report>
				<misses>730300000</misses>
				<total>0</total>
				<timestamp>5636.562434</timestamp>
			</report>
			<report>
				<misses>730400000</misses>
				<total>0</total>
				<timestamp>5637.353120</timestamp>
			</report>
			<report>
				<misses>730500000</misses>
				<total>0</total>
				<timestamp>5638.128702</timestamp>
			</report>
			<report>
				<misses>730600000</misses>
				<total>0</total>
				<timestamp>5638.884539</timestamp>
			</report>
			<report>
				<misses>730700000</misses>
				<total>0</total>
				<timestamp>5639.644888</timestamp>
			</report>
			<report>
				<misses>730800000</misses>
				<total>0</total>
				<timestamp>5640.409789</timestamp>
			</report>
			<report>
				<misses>730900000</misses>
				<total>0</total>
				<timestamp>5641.134901</timestamp>
			</report>
			<report>
				<misses>731000000</misses>
				<total>0</total>
				<timestamp>5641.893389</timestamp>
			</report>
			<report>
				<misses>731100000</misses>
				<total>0</total>
				<timestamp>5642.624686</timestamp>
			</report>
			<report>
				<misses>731200000</misses>
				<total>0</total>
				<timestamp>5643.341399</timestamp>
			</report>
			<report>
				<misses>731300000</misses>
				<total>0</total>
				<timestamp>5644.123970</timestamp>
			</report>
			<report>
				<misses>731400000</misses>
				<total>0</total>
				<timestamp>5644.876628</timestamp>
			</report>
			<report>
				<misses>731500000</misses>
				<total>0</total>
				<timestamp>5645.611817</timestamp>
			</report>
			<report>
				<misses>731600000</misses>
				<total>0</total>
				<timestamp>5646.341538</timestamp>
			</report>
			<report>
				<misses>731700000</misses>
				<total>0</total>
				<timestamp>5647.044749</timestamp>
			</report>
			<report>
				<misses>731800000</misses>
				<total>0</total>
				<timestamp>5647.766843</timestamp>
			</report>
			<report>
				<misses>731900000</misses>
				<total>0</total>
				<timestamp>5648.496423</timestamp>
			</report>
			<report>
				<misses>732000000</misses>
				<total>0</total>
				<timestamp>5649.289984</timestamp>
			</report>
			<report>
				<misses>732100000</misses>
				<total>0</total>
				<timestamp>5650.022005</timestamp>
			</report>
			<report>
				<misses>732200000</misses>
				<total>0</total>
				<timestamp>5650.765658</timestamp>
			</report>
			<report>
				<misses>732300000</misses>
				<total>0</total>
				<timestamp>5651.552995</timestamp>
			</report>
			<report>
				<misses>732400000</misses>
				<total>0</total>
				<timestamp>5652.312865</timestamp>
			</report>
			<report>
				<misses>732500000</misses>
				<total>0</total>
				<timestamp>5653.079505</timestamp>
			</report>
			<report>
				<misses>732600000</misses>
				<total>0</total>
				<timestamp>5653.851188</timestamp>
			</report>
			<report>
				<misses>732700000</misses>
				<total>0</total>
				<timestamp>5654.596926</timestamp>
			</report>
			<report>
				<misses>732800000</misses>
				<total>0</total>
				<timestamp>5655.373274</timestamp>
			</report>
			<report>
				<misses>732900000</misses>
				<total>0</total>
				<timestamp>5656.114791</timestamp>
			</report>
			<report>
				<misses>733000000</misses>
				<total>0</total>
				<timestamp>5656.886004</timestamp>
			</report>
			<report>
				<misses>733100000</misses>
				<total>0</total>
				<timestamp>5657.656052</timestamp>
			</report>
			<report>
				<misses>733200000</misses>
				<total>0</total>
				<timestamp>5658.396187</timestamp>
			</report>
			<report>
				<misses>733300000</misses>
				<total>0</total>
				<timestamp>5659.132419</timestamp>
			</report>
			<report>
				<misses>733400000</misses>
				<total>0</total>
				<timestamp>5659.870891</timestamp>
			</report>
			<report>
				<misses>733500000</misses>
				<total>0</total>
				<timestamp>5660.641889</timestamp>
			</report>
			<report>
				<misses>733600000</misses>
				<total>0</total>
				<timestamp>5661.437765</timestamp>
			</report>
			<report>
				<misses>733700000</misses>
				<total>0</total>
				<timestamp>5662.159769</timestamp>
			</report>
			<report>
				<misses>733800000</misses>
				<total>0</total>
				<timestamp>5662.922751</timestamp>
			</report>
			<report>
				<misses>733900000</misses>
				<total>0</total>
				<timestamp>5663.684680</timestamp>
			</report>
			<report>
				<misses>734000000</misses>
				<total>0</total>
				<timestamp>5664.473725</timestamp>
			</report>
			<report>
				<misses>734100000</misses>
				<total>0</total>
				<timestamp>5665.286910</timestamp>
			</report>
			<report>
				<misses>734200000</misses>
				<total>0</total>
				<timestamp>5666.083716</timestamp>
			</report>
			<report>
				<misses>734300000</misses>
				<total>0</total>
				<timestamp>5666.851430</timestamp>
			</report>
			<report>
				<misses>734400000</misses>
				<total>0</total>
				<timestamp>5667.623009</timestamp>
			</report>
			<report>
				<misses>734500000</misses>
				<total>0</total>
				<timestamp>5668.386427</timestamp>
			</report>
			<report>
				<misses>734600000</misses>
				<total>0</total>
				<timestamp>5669.129158</timestamp>
			</report>
			<report>
				<misses>734700000</misses>
				<total>0</total>
				<timestamp>5669.879954</timestamp>
			</report>
			<report>
				<misses>734800000</misses>
				<total>0</total>
				<timestamp>5670.726672</timestamp>
			</report>
			<report>
				<misses>734900000</misses>
				<total>0</total>
				<timestamp>5671.487338</timestamp>
			</report>
			<report>
				<misses>735000000</misses>
				<total>0</total>
				<timestamp>5672.203168</timestamp>
			</report>
			<report>
				<misses>735100000</misses>
				<total>0</total>
				<timestamp>5672.944217</timestamp>
			</report>
			<report>
				<misses>735200000</misses>
				<total>0</total>
				<timestamp>5673.674760</timestamp>
			</report>
			<report>
				<misses>735300000</misses>
				<total>0</total>
				<timestamp>5674.393714</timestamp>
			</report>
			<report>
				<misses>735400000</misses>
				<total>0</total>
				<timestamp>5675.134574</timestamp>
			</report>
			<report>
				<misses>735500000</misses>
				<total>0</total>
				<timestamp>5675.925201</timestamp>
			</report>
			<report>
				<misses>735600000</misses>
				<total>0</total>
				<timestamp>5676.667851</timestamp>
			</report>
			<report>
				<misses>735700000</misses>
				<total>0</total>
				<timestamp>5677.391217</timestamp>
			</report>
			<report>
				<misses>735800000</misses>
				<total>0</total>
				<timestamp>5678.164388</timestamp>
			</report>
			<report>
				<misses>735900000</misses>
				<total>0</total>
				<timestamp>5678.918009</timestamp>
			</report>
			<report>
				<misses>736000000</misses>
				<total>0</total>
				<timestamp>5679.667495</timestamp>
			</report>
			<report>
				<misses>736100000</misses>
				<total>0</total>
				<timestamp>5680.408069</timestamp>
			</report>
			<report>
				<misses>736200000</misses>
				<total>0</total>
				<timestamp>5681.230419</timestamp>
			</report>
			<report>
				<misses>736300000</misses>
				<total>0</total>
				<timestamp>5682.061121</timestamp>
			</report>
			<report>
				<misses>736400000</misses>
				<total>0</total>
				<timestamp>5682.827801</timestamp>
			</report>
			<report>
				<misses>736500000</misses>
				<total>0</total>
				<timestamp>5683.613351</timestamp>
			</report>
			<report>
				<misses>736600000</misses>
				<total>0</total>
				<timestamp>5684.420303</timestamp>
			</report>
			<report>
				<misses>736700000</misses>
				<total>0</total>
				<timestamp>5685.155345</timestamp>
			</report>
			<report>
				<misses>736800000</misses>
				<total>0</total>
				<timestamp>5685.925267</timestamp>
			</report>
			<report>
				<misses>736900000</misses>
				<total>0</total>
				<timestamp>5686.664593</timestamp>
			</report>
			<report>
				<misses>737000000</misses>
				<total>0</total>
				<timestamp>5687.404886</timestamp>
			</report>
			<report>
				<misses>737100000</misses>
				<total>0</total>
				<timestamp>5688.143403</timestamp>
			</report>
			<report>
				<misses>737200000</misses>
				<total>0</total>
				<timestamp>5688.864765</timestamp>
			</report>
			<report>
				<misses>737300000</misses>
				<total>0</total>
				<timestamp>5689.621571</timestamp>
			</report>
			<report>
				<misses>737400000</misses>
				<total>0</total>
				<timestamp>5690.366954</timestamp>
			</report>
			<report>
				<misses>737500000</misses>
				<total>0</total>
				<timestamp>5691.090776</timestamp>
			</report>
			<report>
				<misses>737600000</misses>
				<total>0</total>
				<timestamp>5691.822856</timestamp>
			</report>
			<report>
				<misses>737700000</misses>
				<total>0</total>
				<timestamp>5692.549293</timestamp>
			</report>
			<report>
				<misses>737800000</misses>
				<total>0</total>
				<timestamp>5693.288769</timestamp>
			</report>
			<report>
				<misses>737900000</misses>
				<total>0</total>
				<timestamp>5694.020637</timestamp>
			</report>
			<report>
				<misses>738000000</misses>
				<total>0</total>
				<timestamp>5694.754420</timestamp>
			</report>
			<report>
				<misses>738100000</misses>
				<total>0</total>
				<timestamp>5695.524363</timestamp>
			</report>
			<report>
				<misses>738200000</misses>
				<total>0</total>
				<timestamp>5696.259766</timestamp>
			</report>
			<report>
				<misses>738300000</misses>
				<total>0</total>
				<timestamp>5697.026548</timestamp>
			</report>
			<report>
				<misses>738400000</misses>
				<total>0</total>
				<timestamp>5697.805768</timestamp>
			</report>
			<report>
				<misses>738500000</misses>
				<total>0</total>
				<timestamp>5698.569892</timestamp>
			</report>
			<report>
				<misses>738600000</misses>
				<total>0</total>
				<timestamp>5699.356465</timestamp>
			</report>
			<report>
				<misses>738700000</misses>
				<total>0</total>
				<timestamp>5700.088857</timestamp>
			</report>
			<report>
				<misses>738800000</misses>
				<total>0</total>
				<timestamp>5700.881675</timestamp>
			</report>
			<report>
				<misses>738900000</misses>
				<total>0</total>
				<timestamp>5701.667733</timestamp>
			</report>
			<report>
				<misses>739000000</misses>
				<total>0</total>
				<timestamp>5702.467349</timestamp>
			</report>
			<report>
				<misses>739100000</misses>
				<total>0</total>
				<timestamp>5703.275522</timestamp>
			</report>
			<report>
				<misses>739200000</misses>
				<total>0</total>
				<timestamp>5704.039475</timestamp>
			</report>
			<report>
				<misses>739300000</misses>
				<total>0</total>
				<timestamp>5704.780672</timestamp>
			</report>
			<report>
				<misses>739400000</misses>
				<total>0</total>
				<timestamp>5705.538113</timestamp>
			</report>
			<report>
				<misses>739500000</misses>
				<total>0</total>
				<timestamp>5706.328976</timestamp>
			</report>
			<report>
				<misses>739600000</misses>
				<total>0</total>
				<timestamp>5707.083640</timestamp>
			</report>
			<report>
				<misses>739700000</misses>
				<total>0</total>
				<timestamp>5707.856816</timestamp>
			</report>
			<report>
				<misses>739800000</misses>
				<total>0</total>
				<timestamp>5708.677727</timestamp>
			</report>
			<report>
				<misses>739900000</misses>
				<total>0</total>
				<timestamp>5709.445822</timestamp>
			</report>
			<report>
				<misses>740000000</misses>
				<total>0</total>
				<timestamp>5710.169335</timestamp>
			</report>
			<report>
				<misses>740100000</misses>
				<total>0</total>
				<timestamp>5710.939501</timestamp>
			</report>
			<report>
				<misses>740200000</misses>
				<total>0</total>
				<timestamp>5711.722556</timestamp>
			</report>
			<report>
				<misses>740300000</misses>
				<total>0</total>
				<timestamp>5712.434009</timestamp>
			</report>
			<report>
				<misses>740400000</misses>
				<total>0</total>
				<timestamp>5713.157011</timestamp>
			</report>
			<report>
				<misses>740500000</misses>
				<total>0</total>
				<timestamp>5713.902299</timestamp>
			</report>
			<report>
				<misses>740600000</misses>
				<total>0</total>
				<timestamp>5714.665845</timestamp>
			</report>
			<report>
				<misses>740700000</misses>
				<total>0</total>
				<timestamp>5715.401871</timestamp>
			</report>
			<report>
				<misses>740800000</misses>
				<total>0</total>
				<timestamp>5716.222694</timestamp>
			</report>
			<report>
				<misses>740900000</misses>
				<total>0</total>
				<timestamp>5717.036797</timestamp>
			</report>
			<report>
				<misses>741000000</misses>
				<total>0</total>
				<timestamp>5717.805388</timestamp>
			</report>
			<report>
				<misses>741100000</misses>
				<total>0</total>
				<timestamp>5718.584547</timestamp>
			</report>
			<report>
				<misses>741200000</misses>
				<total>0</total>
				<timestamp>5719.408071</timestamp>
			</report>
			<report>
				<misses>741300000</misses>
				<total>0</total>
				<timestamp>5720.198899</timestamp>
			</report>
			<report>
				<misses>741400000</misses>
				<total>0</total>
				<timestamp>5720.995471</timestamp>
			</report>
			<report>
				<misses>741500000</misses>
				<total>0</total>
				<timestamp>5721.756864</timestamp>
			</report>
			<report>
				<misses>741600000</misses>
				<total>0</total>
				<timestamp>5722.528482</timestamp>
			</report>
			<report>
				<misses>741700000</misses>
				<total>0</total>
				<timestamp>5723.351258</timestamp>
			</report>
			<report>
				<misses>741800000</misses>
				<total>0</total>
				<timestamp>5724.100106</timestamp>
			</report>
			<report>
				<misses>741900000</misses>
				<total>0</total>
				<timestamp>5724.850880</timestamp>
			</report>
			<report>
				<misses>742000000</misses>
				<total>0</total>
				<timestamp>5725.617466</timestamp>
			</report>
			<report>
				<misses>742100000</misses>
				<total>0</total>
				<timestamp>5726.371120</timestamp>
			</report>
			<report>
				<misses>742200000</misses>
				<total>0</total>
				<timestamp>5727.081176</timestamp>
			</report>
			<report>
				<misses>742300000</misses>
				<total>0</total>
				<timestamp>5727.827194</timestamp>
			</report>
			<report>
				<misses>742400000</misses>
				<total>0</total>
				<timestamp>5728.592191</timestamp>
			</report>
			<report>
				<misses>742500000</misses>
				<total>0</total>
				<timestamp>5729.318690</timestamp>
			</report>
			<report>
				<misses>742600000</misses>
				<total>0</total>
				<timestamp>5730.075904</timestamp>
			</report>
			<report>
				<misses>742700000</misses>
				<total>0</total>
				<timestamp>5730.827975</timestamp>
			</report>
			<report>
				<misses>742800000</misses>
				<total>0</total>
				<timestamp>5731.588143</timestamp>
			</report>
			<report>
				<misses>742900000</misses>
				<total>0</total>
				<timestamp>5732.378351</timestamp>
			</report>
			<report>
				<misses>743000000</misses>
				<total>0</total>
				<timestamp>5733.115863</timestamp>
			</report>
			<report>
				<misses>743100000</misses>
				<total>0</total>
				<timestamp>5733.875319</timestamp>
			</report>
			<report>
				<misses>743200000</misses>
				<total>0</total>
				<timestamp>5734.629714</timestamp>
			</report>
			<report>
				<misses>743300000</misses>
				<total>0</total>
				<timestamp>5735.401046</timestamp>
			</report>
			<report>
				<misses>743400000</misses>
				<total>0</total>
				<timestamp>5736.156137</timestamp>
			</report>
			<report>
				<misses>743500000</misses>
				<total>0</total>
				<timestamp>5736.970549</timestamp>
			</report>
			<report>
				<misses>743600000</misses>
				<total>0</total>
				<timestamp>5737.750567</timestamp>
			</report>
			<report>
				<misses>743700000</misses>
				<total>0</total>
				<timestamp>5738.511492</timestamp>
			</report>
			<report>
				<misses>743800000</misses>
				<total>0</total>
				<timestamp>5739.267257</timestamp>
			</report>
			<report>
				<misses>743900000</misses>
				<total>0</total>
				<timestamp>5740.022634</timestamp>
			</report>
			<report>
				<misses>744000000</misses>
				<total>0</total>
				<timestamp>5740.767773</timestamp>
			</report>
			<report>
				<misses>744100000</misses>
				<total>0</total>
				<timestamp>5741.521777</timestamp>
			</report>
			<report>
				<misses>744200000</misses>
				<total>0</total>
				<timestamp>5742.285822</timestamp>
			</report>
			<report>
				<misses>744300000</misses>
				<total>0</total>
				<timestamp>5743.044151</timestamp>
			</report>
			<report>
				<misses>744400000</misses>
				<total>0</total>
				<timestamp>5743.786743</timestamp>
			</report>
			<report>
				<misses>744500000</misses>
				<total>0</total>
				<timestamp>5744.515782</timestamp>
			</report>
			<report>
				<misses>744600000</misses>
				<total>0</total>
				<timestamp>5745.252474</timestamp>
			</report>
			<report>
				<misses>744700000</misses>
				<total>0</total>
				<timestamp>5745.992956</timestamp>
			</report>
			<report>
				<misses>744800000</misses>
				<total>0</total>
				<timestamp>5746.728557</timestamp>
			</report>
			<report>
				<misses>744900000</misses>
				<total>0</total>
				<timestamp>5747.461341</timestamp>
			</report>
			<report>
				<misses>745000000</misses>
				<total>0</total>
				<timestamp>5748.231420</timestamp>
			</report>
			<report>
				<misses>745100000</misses>
				<total>0</total>
				<timestamp>5749.040968</timestamp>
			</report>
			<report>
				<misses>745200000</misses>
				<total>0</total>
				<timestamp>5749.838397</timestamp>
			</report>
			<report>
				<misses>745300000</misses>
				<total>0</total>
				<timestamp>5750.624075</timestamp>
			</report>
			<report>
				<misses>745400000</misses>
				<total>0</total>
				<timestamp>5751.421821</timestamp>
			</report>
			<report>
				<misses>745500000</misses>
				<total>0</total>
				<timestamp>5752.173766</timestamp>
			</report>
			<report>
				<misses>745600000</misses>
				<total>0</total>
				<timestamp>5752.926916</timestamp>
			</report>
			<report>
				<misses>745700000</misses>
				<total>0</total>
				<timestamp>5753.729893</timestamp>
			</report>
			<report>
				<misses>745800000</misses>
				<total>0</total>
				<timestamp>5754.546257</timestamp>
			</report>
			<report>
				<misses>745900000</misses>
				<total>0</total>
				<timestamp>5755.340876</timestamp>
			</report>
			<report>
				<misses>746000000</misses>
				<total>0</total>
				<timestamp>5756.131777</timestamp>
			</report>
			<report>
				<misses>746100000</misses>
				<total>0</total>
				<timestamp>5756.871447</timestamp>
			</report>
			<report>
				<misses>746200000</misses>
				<total>0</total>
				<timestamp>5757.615202</timestamp>
			</report>
			<report>
				<misses>746300000</misses>
				<total>0</total>
				<timestamp>5758.350038</timestamp>
			</report>
			<report>
				<misses>746400000</misses>
				<total>0</total>
				<timestamp>5759.090737</timestamp>
			</report>
			<report>
				<misses>746500000</misses>
				<total>0</total>
				<timestamp>5759.869458</timestamp>
			</report>
			<report>
				<misses>746600000</misses>
				<total>0</total>
				<timestamp>5760.631665</timestamp>
			</report>
			<report>
				<misses>746700000</misses>
				<total>0</total>
				<timestamp>5761.372985</timestamp>
			</report>
			<report>
				<misses>746800000</misses>
				<total>0</total>
				<timestamp>5762.107668</timestamp>
			</report>
			<report>
				<misses>746900000</misses>
				<total>0</total>
				<timestamp>5762.906607</timestamp>
			</report>
			<report>
				<misses>747000000</misses>
				<total>0</total>
				<timestamp>5763.670559</timestamp>
			</report>
			<report>
				<misses>747100000</misses>
				<total>0</total>
				<timestamp>5764.417333</timestamp>
			</report>
			<report>
				<misses>747200000</misses>
				<total>0</total>
				<timestamp>5765.177242</timestamp>
			</report>
			<report>
				<misses>747300000</misses>
				<total>0</total>
				<timestamp>5765.950924</timestamp>
			</report>
			<report>
				<misses>747400000</misses>
				<total>0</total>
				<timestamp>5766.706642</timestamp>
			</report>
			<report>
				<misses>747500000</misses>
				<total>0</total>
				<timestamp>5767.457623</timestamp>
			</report>
			<report>
				<misses>747600000</misses>
				<total>0</total>
				<timestamp>5768.266575</timestamp>
			</report>
			<report>
				<misses>747700000</misses>
				<total>0</total>
				<timestamp>5769.036591</timestamp>
			</report>
			<report>
				<misses>747800000</misses>
				<total>0</total>
				<timestamp>5769.826965</timestamp>
			</report>
			<report>
				<misses>747900000</misses>
				<total>0</total>
				<timestamp>5770.623720</timestamp>
			</report>
			<report>
				<misses>748000000</misses>
				<total>0</total>
				<timestamp>5771.404989</timestamp>
			</report>
			<report>
				<misses>748100000</misses>
				<total>0</total>
				<timestamp>5772.189277</timestamp>
			</report>
			<report>
				<misses>748200000</misses>
				<total>0</total>
				<timestamp>5772.966697</timestamp>
			</report>
			<report>
				<misses>748300000</misses>
				<total>0</total>
				<timestamp>5773.722864</timestamp>
			</report>
			<report>
				<misses>748400000</misses>
				<total>0</total>
				<timestamp>5774.505965</timestamp>
			</report>
			<report>
				<misses>748500000</misses>
				<total>0</total>
				<timestamp>5775.237139</timestamp>
			</report>
			<report>
				<misses>748600000</misses>
				<total>0</total>
				<timestamp>5775.991736</timestamp>
			</report>
			<report>
				<misses>748700000</misses>
				<total>0</total>
				<timestamp>5776.765672</timestamp>
			</report>
			<report>
				<misses>748800000</misses>
				<total>0</total>
				<timestamp>5777.529971</timestamp>
			</report>
			<report>
				<misses>748900000</misses>
				<total>0</total>
				<timestamp>5778.256597</timestamp>
			</report>
			<report>
				<misses>749000000</misses>
				<total>0</total>
				<timestamp>5778.998693</timestamp>
			</report>
			<report>
				<misses>749100000</misses>
				<total>0</total>
				<timestamp>5779.781196</timestamp>
			</report>
			<report>
				<misses>749200000</misses>
				<total>0</total>
				<timestamp>5780.516325</timestamp>
			</report>
			<report>
				<misses>749300000</misses>
				<total>0</total>
				<timestamp>5781.301224</timestamp>
			</report>
			<report>
				<misses>749400000</misses>
				<total>0</total>
				<timestamp>5782.095073</timestamp>
			</report>
			<report>
				<misses>749500000</misses>
				<total>0</total>
				<timestamp>5782.911918</timestamp>
			</report>
			<report>
				<misses>749600000</misses>
				<total>0</total>
				<timestamp>5783.684529</timestamp>
			</report>
			<report>
				<misses>749700000</misses>
				<total>0</total>
				<timestamp>5784.442310</timestamp>
			</report>
			<report>
				<misses>749800000</misses>
				<total>0</total>
				<timestamp>5785.248237</timestamp>
			</report>
			<report>
				<misses>749900000</misses>
				<total>0</total>
				<timestamp>5786.007104</timestamp>
			</report>
			<report>
				<misses>750000000</misses>
				<total>0</total>
				<timestamp>5786.800620</timestamp>
			</report>
			<report>
				<misses>750100000</misses>
				<total>0</total>
				<timestamp>5787.601671</timestamp>
			</report>
			<report>
				<misses>750200000</misses>
				<total>0</total>
				<timestamp>5788.367465</timestamp>
			</report>
			<report>
				<misses>750300000</misses>
				<total>0</total>
				<timestamp>5789.170029</timestamp>
			</report>
			<report>
				<misses>750400000</misses>
				<total>0</total>
				<timestamp>5789.913013</timestamp>
			</report>
			<report>
				<misses>750500000</misses>
				<total>0</total>
				<timestamp>5790.700668</timestamp>
			</report>
			<report>
				<misses>750600000</misses>
				<total>0</total>
				<timestamp>5791.487745</timestamp>
			</report>
			<report>
				<misses>750700000</misses>
				<total>0</total>
				<timestamp>5792.279826</timestamp>
			</report>
			<report>
				<misses>750800000</misses>
				<total>0</total>
				<timestamp>5793.051873</timestamp>
			</report>
			<report>
				<misses>750900000</misses>
				<total>0</total>
				<timestamp>5793.788068</timestamp>
			</report>
			<report>
				<misses>751000000</misses>
				<total>0</total>
				<timestamp>5794.599554</timestamp>
			</report>
			<report>
				<misses>751100000</misses>
				<total>0</total>
				<timestamp>5795.349890</timestamp>
			</report>
			<report>
				<misses>751200000</misses>
				<total>0</total>
				<timestamp>5796.108609</timestamp>
			</report>
			<report>
				<misses>751300000</misses>
				<total>0</total>
				<timestamp>5796.966011</timestamp>
			</report>
			<report>
				<misses>751400000</misses>
				<total>0</total>
				<timestamp>5797.679854</timestamp>
			</report>
			<report>
				<misses>751500000</misses>
				<total>0</total>
				<timestamp>5798.437207</timestamp>
			</report>
			<report>
				<misses>751600000</misses>
				<total>0</total>
				<timestamp>5799.185131</timestamp>
			</report>
			<report>
				<misses>751700000</misses>
				<total>0</total>
				<timestamp>5799.923097</timestamp>
			</report>
			<report>
				<misses>751800000</misses>
				<total>0</total>
				<timestamp>5800.656299</timestamp>
			</report>
			<report>
				<misses>751900000</misses>
				<total>0</total>
				<timestamp>5801.421505</timestamp>
			</report>
			<report>
				<misses>752000000</misses>
				<total>0</total>
				<timestamp>5802.170220</timestamp>
			</report>
			<report>
				<misses>752100000</misses>
				<total>0</total>
				<timestamp>5802.929614</timestamp>
			</report>
			<report>
				<misses>752200000</misses>
				<total>0</total>
				<timestamp>5803.703486</timestamp>
			</report>
			<report>
				<misses>752300000</misses>
				<total>0</total>
				<timestamp>5804.468845</timestamp>
			</report>
			<report>
				<misses>752400000</misses>
				<total>0</total>
				<timestamp>5805.220915</timestamp>
			</report>
			<report>
				<misses>752500000</misses>
				<total>0</total>
				<timestamp>5806.025651</timestamp>
			</report>
			<report>
				<misses>752600000</misses>
				<total>0</total>
				<timestamp>5806.776982</timestamp>
			</report>
			<report>
				<misses>752700000</misses>
				<total>0</total>
				<timestamp>5807.568482</timestamp>
			</report>
			<report>
				<misses>752800000</misses>
				<total>0</total>
				<timestamp>5808.397267</timestamp>
			</report>
			<report>
				<misses>752900000</misses>
				<total>0</total>
				<timestamp>5809.144232</timestamp>
			</report>
			<report>
				<misses>753000000</misses>
				<total>0</total>
				<timestamp>5809.933684</timestamp>
			</report>
			<report>
				<misses>753100000</misses>
				<total>0</total>
				<timestamp>5810.684473</timestamp>
			</report>
			<report>
				<misses>753200000</misses>
				<total>0</total>
				<timestamp>5811.495117</timestamp>
			</report>
			<report>
				<misses>753300000</misses>
				<total>0</total>
				<timestamp>5812.273173</timestamp>
			</report>
			<report>
				<misses>753400000</misses>
				<total>0</total>
				<timestamp>5813.019473</timestamp>
			</report>
			<report>
				<misses>753500000</misses>
				<total>0</total>
				<timestamp>5813.768579</timestamp>
			</report>
			<report>
				<misses>753600000</misses>
				<total>0</total>
				<timestamp>5814.503285</timestamp>
			</report>
			<report>
				<misses>753700000</misses>
				<total>0</total>
				<timestamp>5815.245444</timestamp>
			</report>
			<report>
				<misses>753800000</misses>
				<total>0</total>
				<timestamp>5815.985989</timestamp>
			</report>
			<report>
				<misses>753900000</misses>
				<total>0</total>
				<timestamp>5816.750501</timestamp>
			</report>
			<report>
				<misses>754000000</misses>
				<total>0</total>
				<timestamp>5817.488333</timestamp>
			</report>
			<report>
				<misses>754100000</misses>
				<total>0</total>
				<timestamp>5818.203583</timestamp>
			</report>
			<report>
				<misses>754200000</misses>
				<total>0</total>
				<timestamp>5818.956768</timestamp>
			</report>
			<report>
				<misses>754300000</misses>
				<total>0</total>
				<timestamp>5819.732473</timestamp>
			</report>
			<report>
				<misses>754400000</misses>
				<total>0</total>
				<timestamp>5820.450516</timestamp>
			</report>
			<report>
				<misses>754500000</misses>
				<total>0</total>
				<timestamp>5821.268274</timestamp>
			</report>
			<report>
				<misses>754600000</misses>
				<total>0</total>
				<timestamp>5822.047010</timestamp>
			</report>
			<report>
				<misses>754700000</misses>
				<total>0</total>
				<timestamp>5822.830633</timestamp>
			</report>
			<report>
				<misses>754800000</misses>
				<total>0</total>
				<timestamp>5823.587120</timestamp>
			</report>
			<report>
				<misses>754900000</misses>
				<total>0</total>
				<timestamp>5824.362071</timestamp>
			</report>
			<report>
				<misses>755000000</misses>
				<total>0</total>
				<timestamp>5825.160093</timestamp>
			</report>
			<report>
				<misses>755100000</misses>
				<total>0</total>
				<timestamp>5825.901894</timestamp>
			</report>
			<report>
				<misses>755200000</misses>
				<total>0</total>
				<timestamp>5826.734165</timestamp>
			</report>
			<report>
				<misses>755300000</misses>
				<total>0</total>
				<timestamp>5827.520020</timestamp>
			</report>
			<report>
				<misses>755400000</misses>
				<total>0</total>
				<timestamp>5828.277685</timestamp>
			</report>
			<report>
				<misses>755500000</misses>
				<total>0</total>
				<timestamp>5829.015659</timestamp>
			</report>
			<report>
				<misses>755600000</misses>
				<total>0</total>
				<timestamp>5829.757480</timestamp>
			</report>
			<report>
				<misses>755700000</misses>
				<total>0</total>
				<timestamp>5830.487313</timestamp>
			</report>
			<report>
				<misses>755800000</misses>
				<total>0</total>
				<timestamp>5831.246783</timestamp>
			</report>
			<report>
				<misses>755900000</misses>
				<total>0</total>
				<timestamp>5832.030057</timestamp>
			</report>
			<report>
				<misses>756000000</misses>
				<total>0</total>
				<timestamp>5832.785926</timestamp>
			</report>
			<report>
				<misses>756100000</misses>
				<total>0</total>
				<timestamp>5833.516038</timestamp>
			</report>
			<report>
				<misses>756200000</misses>
				<total>0</total>
				<timestamp>5834.265304</timestamp>
			</report>
			<report>
				<misses>756300000</misses>
				<total>0</total>
				<timestamp>5835.024384</timestamp>
			</report>
			<report>
				<misses>756400000</misses>
				<total>0</total>
				<timestamp>5835.778162</timestamp>
			</report>
			<report>
				<misses>756500000</misses>
				<total>0</total>
				<timestamp>5836.517062</timestamp>
			</report>
			<report>
				<misses>756600000</misses>
				<total>0</total>
				<timestamp>5837.268843</timestamp>
			</report>
			<report>
				<misses>756700000</misses>
				<total>0</total>
				<timestamp>5838.029180</timestamp>
			</report>
			<report>
				<misses>756800000</misses>
				<total>0</total>
				<timestamp>5838.796166</timestamp>
			</report>
			<report>
				<misses>756900000</misses>
				<total>0</total>
				<timestamp>5839.607211</timestamp>
			</report>
			<report>
				<misses>757000000</misses>
				<total>0</total>
				<timestamp>5840.371506</timestamp>
			</report>
			<report>
				<misses>757100000</misses>
				<total>0</total>
				<timestamp>5841.171401</timestamp>
			</report>
			<report>
				<misses>757200000</misses>
				<total>0</total>
				<timestamp>5841.929799</timestamp>
			</report>
			<report>
				<misses>757300000</misses>
				<total>0</total>
				<timestamp>5842.713704</timestamp>
			</report>
			<report>
				<misses>757400000</misses>
				<total>0</total>
				<timestamp>5843.487525</timestamp>
			</report>
			<report>
				<misses>757500000</misses>
				<total>0</total>
				<timestamp>5844.294691</timestamp>
			</report>
			<report>
				<misses>757600000</misses>
				<total>0</total>
				<timestamp>5845.083266</timestamp>
			</report>
			<report>
				<misses>757700000</misses>
				<total>0</total>
				<timestamp>5845.844889</timestamp>
			</report>
			<report>
				<misses>757800000</misses>
				<total>0</total>
				<timestamp>5846.646939</timestamp>
			</report>
			<report>
				<misses>757900000</misses>
				<total>0</total>
				<timestamp>5847.367880</timestamp>
			</report>
			<report>
				<misses>758000000</misses>
				<total>0</total>
				<timestamp>5848.127128</timestamp>
			</report>
			<report>
				<misses>758100000</misses>
				<total>0</total>
				<timestamp>5848.899510</timestamp>
			</report>
			<report>
				<misses>758200000</misses>
				<total>0</total>
				<timestamp>5849.634663</timestamp>
			</report>
			<report>
				<misses>758300000</misses>
				<total>0</total>
				<timestamp>5850.399712</timestamp>
			</report>
			<report>
				<misses>758400000</misses>
				<total>0</total>
				<timestamp>5851.138379</timestamp>
			</report>
			<report>
				<misses>758500000</misses>
				<total>0</total>
				<timestamp>5851.892769</timestamp>
			</report>
			<report>
				<misses>758600000</misses>
				<total>0</total>
				<timestamp>5852.647778</timestamp>
			</report>
			<report>
				<misses>758700000</misses>
				<total>0</total>
				<timestamp>5853.440885</timestamp>
			</report>
			<report>
				<misses>758800000</misses>
				<total>0</total>
				<timestamp>5854.216950</timestamp>
			</report>
			<report>
				<misses>758900000</misses>
				<total>0</total>
				<timestamp>5855.005746</timestamp>
			</report>
			<report>
				<misses>759000000</misses>
				<total>0</total>
				<timestamp>5855.766446</timestamp>
			</report>
			<report>
				<misses>759100000</misses>
				<total>0</total>
				<timestamp>5856.531694</timestamp>
			</report>
			<report>
				<misses>759200000</misses>
				<total>0</total>
				<timestamp>5857.309401</timestamp>
			</report>
			<report>
				<misses>759300000</misses>
				<total>0</total>
				<timestamp>5858.082419</timestamp>
			</report>
			<report>
				<misses>759400000</misses>
				<total>0</total>
				<timestamp>5858.874580</timestamp>
			</report>
			<report>
				<misses>759500000</misses>
				<total>0</total>
				<timestamp>5859.676719</timestamp>
			</report>
			<report>
				<misses>759600000</misses>
				<total>0</total>
				<timestamp>5860.424936</timestamp>
			</report>
			<report>
				<misses>759700000</misses>
				<total>0</total>
				<timestamp>5861.163810</timestamp>
			</report>
			<report>
				<misses>759800000</misses>
				<total>0</total>
				<timestamp>5861.921666</timestamp>
			</report>
			<report>
				<misses>759900000</misses>
				<total>0</total>
				<timestamp>5862.675092</timestamp>
			</report>
			<report>
				<misses>760000000</misses>
				<total>0</total>
				<timestamp>5863.413417</timestamp>
			</report>
			<report>
				<misses>760100000</misses>
				<total>0</total>
				<timestamp>5864.160868</timestamp>
			</report>
			<report>
				<misses>760200000</misses>
				<total>0</total>
				<timestamp>5864.888829</timestamp>
			</report>
			<report>
				<misses>760300000</misses>
				<total>0</total>
				<timestamp>5865.612161</timestamp>
			</report>
			<report>
				<misses>760400000</misses>
				<total>0</total>
				<timestamp>5866.335403</timestamp>
			</report>
			<report>
				<misses>760500000</misses>
				<total>0</total>
				<timestamp>5867.064702</timestamp>
			</report>
			<report>
				<misses>760600000</misses>
				<total>0</total>
				<timestamp>5867.823503</timestamp>
			</report>
			<report>
				<misses>760700000</misses>
				<total>0</total>
				<timestamp>5868.556611</timestamp>
			</report>
			<report>
				<misses>760800000</misses>
				<total>0</total>
				<timestamp>5869.307078</timestamp>
			</report>
			<report>
				<misses>760900000</misses>
				<total>0</total>
				<timestamp>5870.068140</timestamp>
			</report>
			<report>
				<misses>761000000</misses>
				<total>0</total>
				<timestamp>5870.870632</timestamp>
			</report>
			<report>
				<misses>761100000</misses>
				<total>0</total>
				<timestamp>5871.634236</timestamp>
			</report>
			<report>
				<misses>761200000</misses>
				<total>0</total>
				<timestamp>5872.461270</timestamp>
			</report>
			<report>
				<misses>761300000</misses>
				<total>0</total>
				<timestamp>5873.285411</timestamp>
			</report>
			<report>
				<misses>761400000</misses>
				<total>0</total>
				<timestamp>5874.083442</timestamp>
			</report>
			<report>
				<misses>761500000</misses>
				<total>0</total>
				<timestamp>5874.897778</timestamp>
			</report>
			<report>
				<misses>761600000</misses>
				<total>0</total>
				<timestamp>5875.652188</timestamp>
			</report>
			<report>
				<misses>761700000</misses>
				<total>0</total>
				<timestamp>5876.419104</timestamp>
			</report>
			<report>
				<misses>761800000</misses>
				<total>0</total>
				<timestamp>5877.206936</timestamp>
			</report>
			<report>
				<misses>761900000</misses>
				<total>0</total>
				<timestamp>5877.946115</timestamp>
			</report>
			<report>
				<misses>762000000</misses>
				<total>0</total>
				<timestamp>5878.709639</timestamp>
			</report>
			<report>
				<misses>762100000</misses>
				<total>0</total>
				<timestamp>5879.437967</timestamp>
			</report>
			<report>
				<misses>762200000</misses>
				<total>0</total>
				<timestamp>5880.177873</timestamp>
			</report>
			<report>
				<misses>762300000</misses>
				<total>0</total>
				<timestamp>5880.927942</timestamp>
			</report>
			<report>
				<misses>762400000</misses>
				<total>0</total>
				<timestamp>5881.686756</timestamp>
			</report>
			<report>
				<misses>762500000</misses>
				<total>0</total>
				<timestamp>5882.411124</timestamp>
			</report>
			<report>
				<misses>762600000</misses>
				<total>0</total>
				<timestamp>5883.151885</timestamp>
			</report>
			<report>
				<misses>762700000</misses>
				<total>0</total>
				<timestamp>5883.892076</timestamp>
			</report>
			<report>
				<misses>762800000</misses>
				<total>0</total>
				<timestamp>5884.610079</timestamp>
			</report>
			<report>
				<misses>762900000</misses>
				<total>0</total>
				<timestamp>5885.364876</timestamp>
			</report>
			<report>
				<misses>763000000</misses>
				<total>0</total>
				<timestamp>5886.163685</timestamp>
			</report>
			<report>
				<misses>763100000</misses>
				<total>0</total>
				<timestamp>5886.931544</timestamp>
			</report>
			<report>
				<misses>763200000</misses>
				<total>0</total>
				<timestamp>5887.728073</timestamp>
			</report>
			<report>
				<misses>763300000</misses>
				<total>0</total>
				<timestamp>5888.493054</timestamp>
			</report>
			<report>
				<misses>763400000</misses>
				<total>0</total>
				<timestamp>5889.258876</timestamp>
			</report>
			<report>
				<misses>763500000</misses>
				<total>0</total>
				<timestamp>5890.061360</timestamp>
			</report>
			<report>
				<misses>763600000</misses>
				<total>0</total>
				<timestamp>5890.818537</timestamp>
			</report>
			<report>
				<misses>763700000</misses>
				<total>0</total>
				<timestamp>5891.611983</timestamp>
			</report>
			<report>
				<misses>763800000</misses>
				<total>0</total>
				<timestamp>5892.389167</timestamp>
			</report>
			<report>
				<misses>763900000</misses>
				<total>0</total>
				<timestamp>5893.164678</timestamp>
			</report>
			<report>
				<misses>764000000</misses>
				<total>0</total>
				<timestamp>5893.949436</timestamp>
			</report>
			<report>
				<misses>764100000</misses>
				<total>0</total>
				<timestamp>5894.717043</timestamp>
			</report>
			<report>
				<misses>764200000</misses>
				<total>0</total>
				<timestamp>5895.473442</timestamp>
			</report>
			<report>
				<misses>764300000</misses>
				<total>0</total>
				<timestamp>5896.252095</timestamp>
			</report>
			<report>
				<misses>764400000</misses>
				<total>0</total>
				<timestamp>5897.054205</timestamp>
			</report>
			<report>
				<misses>764500000</misses>
				<total>0</total>
				<timestamp>5897.844689</timestamp>
			</report>
			<report>
				<misses>764600000</misses>
				<total>0</total>
				<timestamp>5898.601946</timestamp>
			</report>
			<report>
				<misses>764700000</misses>
				<total>0</total>
				<timestamp>5899.328825</timestamp>
			</report>
			<report>
				<misses>764800000</misses>
				<total>0</total>
				<timestamp>5900.068207</timestamp>
			</report>
			<report>
				<misses>764900000</misses>
				<total>0</total>
				<timestamp>5900.799713</timestamp>
			</report>
			<report>
				<misses>765000000</misses>
				<total>0</total>
				<timestamp>5901.521414</timestamp>
			</report>
			<report>
				<misses>765100000</misses>
				<total>0</total>
				<timestamp>5902.257618</timestamp>
			</report>
			<report>
				<misses>765200000</misses>
				<total>0</total>
				<timestamp>5902.995881</timestamp>
			</report>
			<report>
				<misses>765300000</misses>
				<total>0</total>
				<timestamp>5903.718670</timestamp>
			</report>
			<report>
				<misses>765400000</misses>
				<total>0</total>
				<timestamp>5904.468897</timestamp>
			</report>
			<report>
				<misses>765500000</misses>
				<total>0</total>
				<timestamp>5905.221894</timestamp>
			</report>
			<report>
				<misses>765600000</misses>
				<total>0</total>
				<timestamp>5906.032632</timestamp>
			</report>
			<report>
				<misses>765700000</misses>
				<total>0</total>
				<timestamp>5906.827471</timestamp>
			</report>
			<report>
				<misses>765800000</misses>
				<total>0</total>
				<timestamp>5907.614755</timestamp>
			</report>
			<report>
				<misses>765900000</misses>
				<total>0</total>
				<timestamp>5908.393123</timestamp>
			</report>
			<report>
				<misses>766000000</misses>
				<total>0</total>
				<timestamp>5909.157868</timestamp>
			</report>
			<report>
				<misses>766100000</misses>
				<total>0</total>
				<timestamp>5909.943095</timestamp>
			</report>
			<report>
				<misses>766200000</misses>
				<total>0</total>
				<timestamp>5910.717206</timestamp>
			</report>
			<report>
				<misses>766300000</misses>
				<total>0</total>
				<timestamp>5911.544700</timestamp>
			</report>
			<report>
				<misses>766400000</misses>
				<total>0</total>
				<timestamp>5912.338029</timestamp>
			</report>
			<report>
				<misses>766500000</misses>
				<total>0</total>
				<timestamp>5913.121898</timestamp>
			</report>
			<report>
				<misses>766600000</misses>
				<total>0</total>
				<timestamp>5913.937426</timestamp>
			</report>
			<report>
				<misses>766700000</misses>
				<total>0</total>
				<timestamp>5914.706559</timestamp>
			</report>
			<report>
				<misses>766800000</misses>
				<total>0</total>
				<timestamp>5915.505404</timestamp>
			</report>
			<report>
				<misses>766900000</misses>
				<total>0</total>
				<timestamp>5916.282607</timestamp>
			</report>
			<report>
				<misses>767000000</misses>
				<total>0</total>
				<timestamp>5917.099860</timestamp>
			</report>
			<report>
				<misses>767100000</misses>
				<total>0</total>
				<timestamp>5917.887705</timestamp>
			</report>
			<report>
				<misses>767200000</misses>
				<total>0</total>
				<timestamp>5918.645721</timestamp>
			</report>
			<report>
				<misses>767300000</misses>
				<total>0</total>
				<timestamp>5919.427657</timestamp>
			</report>
			<report>
				<misses>767400000</misses>
				<total>0</total>
				<timestamp>5920.172259</timestamp>
			</report>
			<report>
				<misses>767500000</misses>
				<total>0</total>
				<timestamp>5920.930851</timestamp>
			</report>
			<report>
				<misses>767600000</misses>
				<total>0</total>
				<timestamp>5921.709283</timestamp>
			</report>
			<report>
				<misses>767700000</misses>
				<total>0</total>
				<timestamp>5922.428613</timestamp>
			</report>
			<report>
				<misses>767800000</misses>
				<total>0</total>
				<timestamp>5923.176470</timestamp>
			</report>
			<report>
				<misses>767900000</misses>
				<total>0</total>
				<timestamp>5923.901153</timestamp>
			</report>
			<report>
				<misses>768000000</misses>
				<total>0</total>
				<timestamp>5924.653159</timestamp>
			</report>
			<report>
				<misses>768100000</misses>
				<total>0</total>
				<timestamp>5925.406857</timestamp>
			</report>
			<report>
				<misses>768200000</misses>
				<total>0</total>
				<timestamp>5926.197981</timestamp>
			</report>
			<report>
				<misses>768300000</misses>
				<total>0</total>
				<timestamp>5927.014090</timestamp>
			</report>
			<report>
				<misses>768400000</misses>
				<total>0</total>
				<timestamp>5927.790827</timestamp>
			</report>
			<report>
				<misses>768500000</misses>
				<total>0</total>
				<timestamp>5928.572838</timestamp>
			</report>
			<report>
				<misses>768600000</misses>
				<total>0</total>
				<timestamp>5929.323732</timestamp>
			</report>
			<report>
				<misses>768700000</misses>
				<total>0</total>
				<timestamp>5930.086407</timestamp>
			</report>
			<report>
				<misses>768800000</misses>
				<total>0</total>
				<timestamp>5930.906666</timestamp>
			</report>
			<report>
				<misses>768900000</misses>
				<total>0</total>
				<timestamp>5931.640459</timestamp>
			</report>
			<report>
				<misses>769000000</misses>
				<total>0</total>
				<timestamp>5932.446013</timestamp>
			</report>
			<report>
				<misses>769100000</misses>
				<total>0</total>
				<timestamp>5933.228675</timestamp>
			</report>
			<report>
				<misses>769200000</misses>
				<total>0</total>
				<timestamp>5934.005830</timestamp>
			</report>
			<report>
				<misses>769300000</misses>
				<total>0</total>
				<timestamp>5934.763484</timestamp>
			</report>
			<report>
				<misses>769400000</misses>
				<total>0</total>
				<timestamp>5935.584606</timestamp>
			</report>
			<report>
				<misses>769500000</misses>
				<total>0</total>
				<timestamp>5936.417529</timestamp>
			</report>
			<report>
				<misses>769600000</misses>
				<total>0</total>
				<timestamp>5937.192184</timestamp>
			</report>
			<report>
				<misses>769700000</misses>
				<total>0</total>
				<timestamp>5937.969120</timestamp>
			</report>
			<report>
				<misses>769800000</misses>
				<total>0</total>
				<timestamp>5938.759543</timestamp>
			</report>
			<report>
				<misses>769900000</misses>
				<total>0</total>
				<timestamp>5939.548216</timestamp>
			</report>
			<report>
				<misses>770000000</misses>
				<total>0</total>
				<timestamp>5940.314738</timestamp>
			</report>
			<report>
				<misses>770100000</misses>
				<total>0</total>
				<timestamp>5941.080623</timestamp>
			</report>
			<report>
				<misses>770200000</misses>
				<total>0</total>
				<timestamp>5941.869298</timestamp>
			</report>
			<report>
				<misses>770300000</misses>
				<total>0</total>
				<timestamp>5942.654519</timestamp>
			</report>
			<report>
				<misses>770400000</misses>
				<total>0</total>
				<timestamp>5943.403740</timestamp>
			</report>
			<report>
				<misses>770500000</misses>
				<total>0</total>
				<timestamp>5944.230792</timestamp>
			</report>
			<report>
				<misses>770600000</misses>
				<total>0</total>
				<timestamp>5944.983385</timestamp>
			</report>
			<report>
				<misses>770700000</misses>
				<total>0</total>
				<timestamp>5945.815165</timestamp>
			</report>
			<report>
				<misses>770800000</misses>
				<total>0</total>
				<timestamp>5946.576299</timestamp>
			</report>
			<report>
				<misses>770900000</misses>
				<total>0</total>
				<timestamp>5947.318267</timestamp>
			</report>
			<report>
				<misses>771000000</misses>
				<total>0</total>
				<timestamp>5948.080032</timestamp>
			</report>
			<report>
				<misses>771100000</misses>
				<total>0</total>
				<timestamp>5948.804498</timestamp>
			</report>
			<report>
				<misses>771200000</misses>
				<total>0</total>
				<timestamp>5949.576665</timestamp>
			</report>
			<report>
				<misses>771300000</misses>
				<total>0</total>
				<timestamp>5950.321180</timestamp>
			</report>
			<report>
				<misses>771400000</misses>
				<total>0</total>
				<timestamp>5951.067195</timestamp>
			</report>
			<report>
				<misses>771500000</misses>
				<total>0</total>
				<timestamp>5951.803123</timestamp>
			</report>
			<report>
				<misses>771600000</misses>
				<total>0</total>
				<timestamp>5952.547636</timestamp>
			</report>
			<report>
				<misses>771700000</misses>
				<total>0</total>
				<timestamp>5953.297794</timestamp>
			</report>
			<report>
				<misses>771800000</misses>
				<total>0</total>
				<timestamp>5954.076477</timestamp>
			</report>
			<report>
				<misses>771900000</misses>
				<total>0</total>
				<timestamp>5954.889802</timestamp>
			</report>
			<report>
				<misses>772000000</misses>
				<total>0</total>
				<timestamp>5955.617265</timestamp>
			</report>
			<report>
				<misses>772100000</misses>
				<total>0</total>
				<timestamp>5956.417502</timestamp>
			</report>
			<report>
				<misses>772200000</misses>
				<total>0</total>
				<timestamp>5957.208934</timestamp>
			</report>
			<report>
				<misses>772300000</misses>
				<total>0</total>
				<timestamp>5958.010574</timestamp>
			</report>
			<report>
				<misses>772400000</misses>
				<total>0</total>
				<timestamp>5958.773347</timestamp>
			</report>
			<report>
				<misses>772500000</misses>
				<total>0</total>
				<timestamp>5959.580958</timestamp>
			</report>
			<report>
				<misses>772600000</misses>
				<total>0</total>
				<timestamp>5960.341121</timestamp>
			</report>
			<report>
				<misses>772700000</misses>
				<total>0</total>
				<timestamp>5961.106623</timestamp>
			</report>
			<report>
				<misses>772800000</misses>
				<total>0</total>
				<timestamp>5961.842353</timestamp>
			</report>
			<report>
				<misses>772900000</misses>
				<total>0</total>
				<timestamp>5962.582350</timestamp>
			</report>
			<report>
				<misses>773000000</misses>
				<total>0</total>
				<timestamp>5963.330200</timestamp>
			</report>
			<report>
				<misses>773100000</misses>
				<total>0</total>
				<timestamp>5964.098174</timestamp>
			</report>
			<report>
				<misses>773200000</misses>
				<total>0</total>
				<timestamp>5964.828987</timestamp>
			</report>
			<report>
				<misses>773300000</misses>
				<total>0</total>
				<timestamp>5965.566160</timestamp>
			</report>
			<report>
				<misses>773400000</misses>
				<total>0</total>
				<timestamp>5966.355494</timestamp>
			</report>
			<report>
				<misses>773500000</misses>
				<total>0</total>
				<timestamp>5967.068515</timestamp>
			</report>
			<report>
				<misses>773600000</misses>
				<total>0</total>
				<timestamp>5967.811818</timestamp>
			</report>
			<report>
				<misses>773700000</misses>
				<total>0</total>
				<timestamp>5968.586357</timestamp>
			</report>
			<report>
				<misses>773800000</misses>
				<total>0</total>
				<timestamp>5969.320089</timestamp>
			</report>
			<report>
				<misses>773900000</misses>
				<total>0</total>
				<timestamp>5970.059837</timestamp>
			</report>
			<report>
				<misses>774000000</misses>
				<total>0</total>
				<timestamp>5970.895546</timestamp>
			</report>
			<report>
				<misses>774100000</misses>
				<total>0</total>
				<timestamp>5971.693768</timestamp>
			</report>
			<report>
				<misses>774200000</misses>
				<total>0</total>
				<timestamp>5972.446484</timestamp>
			</report>
			<report>
				<misses>774300000</misses>
				<total>0</total>
				<timestamp>5973.259081</timestamp>
			</report>
			<report>
				<misses>774400000</misses>
				<total>0</total>
				<timestamp>5974.048385</timestamp>
			</report>
			<report>
				<misses>774500000</misses>
				<total>0</total>
				<timestamp>5974.829575</timestamp>
			</report>
			<report>
				<misses>774600000</misses>
				<total>0</total>
				<timestamp>5975.649926</timestamp>
			</report>
			<report>
				<misses>774700000</misses>
				<total>0</total>
				<timestamp>5976.457641</timestamp>
			</report>
			<report>
				<misses>774800000</misses>
				<total>0</total>
				<timestamp>5977.200283</timestamp>
			</report>
			<report>
				<misses>774900000</misses>
				<total>0</total>
				<timestamp>5977.984108</timestamp>
			</report>
			<report>
				<misses>775000000</misses>
				<total>0</total>
				<timestamp>5978.757228</timestamp>
			</report>
			<report>
				<misses>775100000</misses>
				<total>0</total>
				<timestamp>5979.522529</timestamp>
			</report>
			<report>
				<misses>775200000</misses>
				<total>0</total>
				<timestamp>5980.314935</timestamp>
			</report>
			<report>
				<misses>775300000</misses>
				<total>0</total>
				<timestamp>5981.105471</timestamp>
			</report>
			<report>
				<misses>775400000</misses>
				<total>0</total>
				<timestamp>5981.851029</timestamp>
			</report>
			<report>
				<misses>775500000</misses>
				<total>0</total>
				<timestamp>5982.631559</timestamp>
			</report>
			<report>
				<misses>775600000</misses>
				<total>0</total>
				<timestamp>5983.360089</timestamp>
			</report>
			<report>
				<misses>775700000</misses>
				<total>0</total>
				<timestamp>5984.137592</timestamp>
			</report>
			<report>
				<misses>775800000</misses>
				<total>0</total>
				<timestamp>5984.922338</timestamp>
			</report>
			<report>
				<misses>775900000</misses>
				<total>0</total>
				<timestamp>5985.714713</timestamp>
			</report>
			<report>
				<misses>776000000</misses>
				<total>0</total>
				<timestamp>5986.487235</timestamp>
			</report>
			<report>
				<misses>776100000</misses>
				<total>0</total>
				<timestamp>5987.278631</timestamp>
			</report>
			<report>
				<misses>776200000</misses>
				<total>0</total>
				<timestamp>5988.034358</timestamp>
			</report>
			<report>
				<misses>776300000</misses>
				<total>0</total>
				<timestamp>5988.744126</timestamp>
			</report>
			<report>
				<misses>776400000</misses>
				<total>0</total>
				<timestamp>5989.478300</timestamp>
			</report>
			<report>
				<misses>776500000</misses>
				<total>0</total>
				<timestamp>5990.207491</timestamp>
			</report>
			<report>
				<misses>776600000</misses>
				<total>0</total>
				<timestamp>5990.980310</timestamp>
			</report>
			<report>
				<misses>776700000</misses>
				<total>0</total>
				<timestamp>5991.711682</timestamp>
			</report>
			<report>
				<misses>776800000</misses>
				<total>0</total>
				<timestamp>5992.469565</timestamp>
			</report>
			<report>
				<misses>776900000</misses>
				<total>0</total>
				<timestamp>5993.221630</timestamp>
			</report>
			<report>
				<misses>777000000</misses>
				<total>0</total>
				<timestamp>5994.051024</timestamp>
			</report>
			<report>
				<misses>777100000</misses>
				<total>0</total>
				<timestamp>5994.837741</timestamp>
			</report>
			<report>
				<misses>777200000</misses>
				<total>0</total>
				<timestamp>5995.668263</timestamp>
			</report>
			<report>
				<misses>777300000</misses>
				<total>0</total>
				<timestamp>5996.444974</timestamp>
			</report>
			<report>
				<misses>777400000</misses>
				<total>0</total>
				<timestamp>5997.214903</timestamp>
			</report>
			<report>
				<misses>777500000</misses>
				<total>0</total>
				<timestamp>5997.963620</timestamp>
			</report>
			<report>
				<misses>777600000</misses>
				<total>0</total>
				<timestamp>5998.749792</timestamp>
			</report>
			<report>
				<misses>777700000</misses>
				<total>0</total>
				<timestamp>5999.552876</timestamp>
			</report>
			<report>
				<misses>777800000</misses>
				<total>0</total>
				<timestamp>6000.373920</timestamp>
			</report>
			<report>
				<misses>777900000</misses>
				<total>0</total>
				<timestamp>6001.109626</timestamp>
			</report>
			<report>
				<misses>778000000</misses>
				<total>0</total>
				<timestamp>6001.853054</timestamp>
			</report>
			<report>
				<misses>778100000</misses>
				<total>0</total>
				<timestamp>6002.588329</timestamp>
			</report>
			<report>
				<misses>778200000</misses>
				<total>0</total>
				<timestamp>6003.342302</timestamp>
			</report>
			<report>
				<misses>778300000</misses>
				<total>0</total>
				<timestamp>6004.136803</timestamp>
			</report>
			<report>
				<misses>778400000</misses>
				<total>0</total>
				<timestamp>6004.874362</timestamp>
			</report>
			<report>
				<misses>778500000</misses>
				<total>0</total>
				<timestamp>6005.614198</timestamp>
			</report>
			<report>
				<misses>778600000</misses>
				<total>0</total>
				<timestamp>6006.367978</timestamp>
			</report>
			<report>
				<misses>778700000</misses>
				<total>0</total>
				<timestamp>6007.105352</timestamp>
			</report>
			<report>
				<misses>778800000</misses>
				<total>0</total>
				<timestamp>6007.841222</timestamp>
			</report>
			<report>
				<misses>778900000</misses>
				<total>0</total>
				<timestamp>6008.592663</timestamp>
			</report>
			<report>
				<misses>779000000</misses>
				<total>0</total>
				<timestamp>6009.391141</timestamp>
			</report>
			<report>
				<misses>779100000</misses>
				<total>0</total>
				<timestamp>6010.159918</timestamp>
			</report>
			<report>
				<misses>779200000</misses>
				<total>0</total>
				<timestamp>6010.970181</timestamp>
			</report>
			<report>
				<misses>779300000</misses>
				<total>0</total>
				<timestamp>6011.751582</timestamp>
			</report>
			<report>
				<misses>779400000</misses>
				<total>0</total>
				<timestamp>6012.522123</timestamp>
			</report>
			<report>
				<misses>779500000</misses>
				<total>0</total>
				<timestamp>6013.295282</timestamp>
			</report>
			<report>
				<misses>779600000</misses>
				<total>0</total>
				<timestamp>6014.088752</timestamp>
			</report>
			<report>
				<misses>779700000</misses>
				<total>0</total>
				<timestamp>6014.843795</timestamp>
			</report>
			<report>
				<misses>779800000</misses>
				<total>0</total>
				<timestamp>6015.633908</timestamp>
			</report>
			<report>
				<misses>779900000</misses>
				<total>0</total>
				<timestamp>6016.389460</timestamp>
			</report>
			<report>
				<misses>780000000</misses>
				<total>0</total>
				<timestamp>6017.186360</timestamp>
			</report>
			<report>
				<misses>780100000</misses>
				<total>0</total>
				<timestamp>6017.944334</timestamp>
			</report>
			<report>
				<misses>780200000</misses>
				<total>0</total>
				<timestamp>6018.655807</timestamp>
			</report>
			<report>
				<misses>780300000</misses>
				<total>0</total>
				<timestamp>6019.391141</timestamp>
			</report>
			<report>
				<misses>780400000</misses>
				<total>0</total>
				<timestamp>6020.114787</timestamp>
			</report>
			<report>
				<misses>780500000</misses>
				<total>0</total>
				<timestamp>6020.892845</timestamp>
			</report>
			<report>
				<misses>780600000</misses>
				<total>0</total>
				<timestamp>6021.680016</timestamp>
			</report>
			<report>
				<misses>780700000</misses>
				<total>0</total>
				<timestamp>6022.465173</timestamp>
			</report>
			<report>
				<misses>780800000</misses>
				<total>0</total>
				<timestamp>6023.257648</timestamp>
			</report>
			<report>
				<misses>780900000</misses>
				<total>0</total>
				<timestamp>6023.982437</timestamp>
			</report>
			<report>
				<misses>781000000</misses>
				<total>0</total>
				<timestamp>6024.803624</timestamp>
			</report>
			<report>
				<misses>781100000</misses>
				<total>0</total>
				<timestamp>6025.574173</timestamp>
			</report>
			<report>
				<misses>781200000</misses>
				<total>0</total>
				<timestamp>6026.321205</timestamp>
			</report>
			<report>
				<misses>781300000</misses>
				<total>0</total>
				<timestamp>6027.089279</timestamp>
			</report>
			<report>
				<misses>781400000</misses>
				<total>0</total>
				<timestamp>6027.848760</timestamp>
			</report>
			<report>
				<misses>781500000</misses>
				<total>0</total>
				<timestamp>6028.638482</timestamp>
			</report>
			<report>
				<misses>781600000</misses>
				<total>0</total>
				<timestamp>6029.430982</timestamp>
			</report>
			<report>
				<misses>781700000</misses>
				<total>0</total>
				<timestamp>6030.209437</timestamp>
			</report>
			<report>
				<misses>781800000</misses>
				<total>0</total>
				<timestamp>6030.997265</timestamp>
			</report>
			<report>
				<misses>781900000</misses>
				<total>0</total>
				<timestamp>6031.777557</timestamp>
			</report>
			<report>
				<misses>782000000</misses>
				<total>0</total>
				<timestamp>6032.600438</timestamp>
			</report>
			<report>
				<misses>782100000</misses>
				<total>0</total>
				<timestamp>6033.395314</timestamp>
			</report>
			<report>
				<misses>782200000</misses>
				<total>0</total>
				<timestamp>6034.184481</timestamp>
			</report>
			<report>
				<misses>782300000</misses>
				<total>0</total>
				<timestamp>6034.989276</timestamp>
			</report>
			<report>
				<misses>782400000</misses>
				<total>0</total>
				<timestamp>6035.764567</timestamp>
			</report>
			<report>
				<misses>782500000</misses>
				<total>0</total>
				<timestamp>6036.519832</timestamp>
			</report>
			<report>
				<misses>782600000</misses>
				<total>0</total>
				<timestamp>6037.249520</timestamp>
			</report>
			<report>
				<misses>782700000</misses>
				<total>0</total>
				<timestamp>6037.998526</timestamp>
			</report>
			<report>
				<misses>782800000</misses>
				<total>0</total>
				<timestamp>6038.766252</timestamp>
			</report>
			<report>
				<misses>782900000</misses>
				<total>0</total>
				<timestamp>6039.530944</timestamp>
			</report>
			<report>
				<misses>783000000</misses>
				<total>0</total>
				<timestamp>6040.265697</timestamp>
			</report>
			<report>
				<misses>783100000</misses>
				<total>0</total>
				<timestamp>6041.135225</timestamp>
			</report>
			<report>
				<misses>783200000</misses>
				<total>0</total>
				<timestamp>6041.873117</timestamp>
			</report>
			<report>
				<misses>783300000</misses>
				<total>0</total>
				<timestamp>6042.592845</timestamp>
			</report>
			<report>
				<misses>783400000</misses>
				<total>0</total>
				<timestamp>6043.366064</timestamp>
			</report>
			<report>
				<misses>783500000</misses>
				<total>0</total>
				<timestamp>6044.176816</timestamp>
			</report>
			<report>
				<misses>783600000</misses>
				<total>0</total>
				<timestamp>6044.949538</timestamp>
			</report>
			<report>
				<misses>783700000</misses>
				<total>0</total>
				<timestamp>6045.727430</timestamp>
			</report>
			<report>
				<misses>783800000</misses>
				<total>0</total>
				<timestamp>6046.486218</timestamp>
			</report>
			<report>
				<misses>783900000</misses>
				<total>0</total>
				<timestamp>6047.267433</timestamp>
			</report>
			<report>
				<misses>784000000</misses>
				<total>0</total>
				<timestamp>6048.044577</timestamp>
			</report>
			<report>
				<misses>784100000</misses>
				<total>0</total>
				<timestamp>6048.835166</timestamp>
			</report>
			<report>
				<misses>784200000</misses>
				<total>0</total>
				<timestamp>6049.626863</timestamp>
			</report>
			<report>
				<misses>784300000</misses>
				<total>0</total>
				<timestamp>6050.427551</timestamp>
			</report>
			<report>
				<misses>784400000</misses>
				<total>0</total>
				<timestamp>6051.194507</timestamp>
			</report>
			<report>
				<misses>784500000</misses>
				<total>0</total>
				<timestamp>6051.991282</timestamp>
			</report>
			<report>
				<misses>784600000</misses>
				<total>0</total>
				<timestamp>6052.785902</timestamp>
			</report>
			<report>
				<misses>784700000</misses>
				<total>0</total>
				<timestamp>6053.537094</timestamp>
			</report>
			<report>
				<misses>784800000</misses>
				<total>0</total>
				<timestamp>6054.274062</timestamp>
			</report>
			<report>
				<misses>784900000</misses>
				<total>0</total>
				<timestamp>6055.000766</timestamp>
			</report>
			<report>
				<misses>785000000</misses>
				<total>0</total>
				<timestamp>6055.699828</timestamp>
			</report>
			<report>
				<misses>785100000</misses>
				<total>0</total>
				<timestamp>6056.453261</timestamp>
			</report>
			<report>
				<misses>785200000</misses>
				<total>0</total>
				<timestamp>6057.220034</timestamp>
			</report>
			<report>
				<misses>785300000</misses>
				<total>0</total>
				<timestamp>6057.949115</timestamp>
			</report>
			<report>
				<misses>785400000</misses>
				<total>0</total>
				<timestamp>6058.694149</timestamp>
			</report>
			<report>
				<misses>785500000</misses>
				<total>0</total>
				<timestamp>6059.405084</timestamp>
			</report>
			<report>
				<misses>785600000</misses>
				<total>0</total>
				<timestamp>6060.164300</timestamp>
			</report>
			<report>
				<misses>785700000</misses>
				<total>0</total>
				<timestamp>6060.916235</timestamp>
			</report>
			<report>
				<misses>785800000</misses>
				<total>0</total>
				<timestamp>6061.705917</timestamp>
			</report>
			<report>
				<misses>785900000</misses>
				<total>0</total>
				<timestamp>6062.500265</timestamp>
			</report>
			<report>
				<misses>786000000</misses>
				<total>0</total>
				<timestamp>6063.274744</timestamp>
			</report>
			<report>
				<misses>786100000</misses>
				<total>0</total>
				<timestamp>6064.036848</timestamp>
			</report>
			<report>
				<misses>786200000</misses>
				<total>0</total>
				<timestamp>6064.780143</timestamp>
			</report>
			<report>
				<misses>786300000</misses>
				<total>0</total>
				<timestamp>6065.532030</timestamp>
			</report>
			<report>
				<misses>786400000</misses>
				<total>0</total>
				<timestamp>6066.317812</timestamp>
			</report>
			<report>
				<misses>786500000</misses>
				<total>0</total>
				<timestamp>6067.088518</timestamp>
			</report>
			<report>
				<misses>786600000</misses>
				<total>0</total>
				<timestamp>6067.891496</timestamp>
			</report>
			<report>
				<misses>786700000</misses>
				<total>0</total>
				<timestamp>6068.644813</timestamp>
			</report>
			<report>
				<misses>786800000</misses>
				<total>0</total>
				<timestamp>6069.460393</timestamp>
			</report>
			<report>
				<misses>786900000</misses>
				<total>0</total>
				<timestamp>6070.198679</timestamp>
			</report>
			<report>
				<misses>787000000</misses>
				<total>0</total>
				<timestamp>6070.938832</timestamp>
			</report>
			<report>
				<misses>787100000</misses>
				<total>0</total>
				<timestamp>6071.691035</timestamp>
			</report>
			<report>
				<misses>787200000</misses>
				<total>0</total>
				<timestamp>6072.449729</timestamp>
			</report>
			<report>
				<misses>787300000</misses>
				<total>0</total>
				<timestamp>6073.227661</timestamp>
			</report>
			<report>
				<misses>787400000</misses>
				<total>0</total>
				<timestamp>6074.031651</timestamp>
			</report>
			<report>
				<misses>787500000</misses>
				<total>0</total>
				<timestamp>6074.767902</timestamp>
			</report>
			<report>
				<misses>787600000</misses>
				<total>0</total>
				<timestamp>6075.483037</timestamp>
			</report>
			<report>
				<misses>787700000</misses>
				<total>0</total>
				<timestamp>6076.273690</timestamp>
			</report>
			<report>
				<misses>787800000</misses>
				<total>0</total>
				<timestamp>6077.055531</timestamp>
			</report>
			<report>
				<misses>787900000</misses>
				<total>0</total>
				<timestamp>6077.807333</timestamp>
			</report>
			<report>
				<misses>788000000</misses>
				<total>0</total>
				<timestamp>6078.590331</timestamp>
			</report>
			<report>
				<misses>788100000</misses>
				<total>0</total>
				<timestamp>6079.336122</timestamp>
			</report>
			<report>
				<misses>788200000</misses>
				<total>0</total>
				<timestamp>6080.092515</timestamp>
			</report>
			<report>
				<misses>788300000</misses>
				<total>0</total>
				<timestamp>6080.864661</timestamp>
			</report>
			<report>
				<misses>788400000</misses>
				<total>0</total>
				<timestamp>6081.623841</timestamp>
			</report>
			<report>
				<misses>788500000</misses>
				<total>0</total>
				<timestamp>6082.375065</timestamp>
			</report>
			<report>
				<misses>788600000</misses>
				<total>0</total>
				<timestamp>6083.183514</timestamp>
			</report>
			<report>
				<misses>788700000</misses>
				<total>0</total>
				<timestamp>6083.949096</timestamp>
			</report>
			<report>
				<misses>788800000</misses>
				<total>0</total>
				<timestamp>6084.743930</timestamp>
			</report>
			<report>
				<misses>788900000</misses>
				<total>0</total>
				<timestamp>6085.498265</timestamp>
			</report>
			<report>
				<misses>789000000</misses>
				<total>0</total>
				<timestamp>6086.225115</timestamp>
			</report>
			<report>
				<misses>789100000</misses>
				<total>0</total>
				<timestamp>6086.966381</timestamp>
			</report>
			<report>
				<misses>789200000</misses>
				<total>0</total>
				<timestamp>6087.692088</timestamp>
			</report>
			<report>
				<misses>789300000</misses>
				<total>0</total>
				<timestamp>6088.447158</timestamp>
			</report>
			<report>
				<misses>789400000</misses>
				<total>0</total>
				<timestamp>6089.141584</timestamp>
			</report>
			<report>
				<misses>789500000</misses>
				<total>0</total>
				<timestamp>6089.881822</timestamp>
			</report>
			<report>
				<misses>789600000</misses>
				<total>0</total>
				<timestamp>6090.657531</timestamp>
			</report>
			<report>
				<misses>789700000</misses>
				<total>0</total>
				<timestamp>6091.374874</timestamp>
			</report>
			<report>
				<misses>789800000</misses>
				<total>0</total>
				<timestamp>6092.171016</timestamp>
			</report>
			<report>
				<misses>789900000</misses>
				<total>0</total>
				<timestamp>6092.961444</timestamp>
			</report>
			<report>
				<misses>790000000</misses>
				<total>0</total>
				<timestamp>6093.711190</timestamp>
			</report>
			<report>
				<misses>790100000</misses>
				<total>0</total>
				<timestamp>6094.503355</timestamp>
			</report>
			<report>
				<misses>790200000</misses>
				<total>0</total>
				<timestamp>6095.291410</timestamp>
			</report>
			<report>
				<misses>790300000</misses>
				<total>0</total>
				<timestamp>6096.069831</timestamp>
			</report>
			<report>
				<misses>790400000</misses>
				<total>0</total>
				<timestamp>6096.810893</timestamp>
			</report>
			<report>
				<misses>790500000</misses>
				<total>0</total>
				<timestamp>6097.615919</timestamp>
			</report>
			<report>
				<misses>790600000</misses>
				<total>0</total>
				<timestamp>6098.344462</timestamp>
			</report>
			<report>
				<misses>790700000</misses>
				<total>0</total>
				<timestamp>6099.112284</timestamp>
			</report>
			<report>
				<misses>790800000</misses>
				<total>0</total>
				<timestamp>6099.865896</timestamp>
			</report>
			<report>
				<misses>790900000</misses>
				<total>0</total>
				<timestamp>6100.665056</timestamp>
			</report>
			<report>
				<misses>791000000</misses>
				<total>0</total>
				<timestamp>6101.406729</timestamp>
			</report>
			<report>
				<misses>791100000</misses>
				<total>0</total>
				<timestamp>6102.139983</timestamp>
			</report>
			<report>
				<misses>791200000</misses>
				<total>0</total>
				<timestamp>6102.886874</timestamp>
			</report>
			<report>
				<misses>791300000</misses>
				<total>0</total>
				<timestamp>6103.642470</timestamp>
			</report>
			<report>
				<misses>791400000</misses>
				<total>0</total>
				<timestamp>6104.379940</timestamp>
			</report>
			<report>
				<misses>791500000</misses>
				<total>0</total>
				<timestamp>6105.109543</timestamp>
			</report>
			<report>
				<misses>791600000</misses>
				<total>0</total>
				<timestamp>6105.854392</timestamp>
			</report>
			<report>
				<misses>791700000</misses>
				<total>0</total>
				<timestamp>6106.595105</timestamp>
			</report>
			<report>
				<misses>791800000</misses>
				<total>0</total>
				<timestamp>6107.344870</timestamp>
			</report>
			<report>
				<misses>791900000</misses>
				<total>0</total>
				<timestamp>6108.088850</timestamp>
			</report>
			<report>
				<misses>792000000</misses>
				<total>0</total>
				<timestamp>6108.918800</timestamp>
			</report>
			<report>
				<misses>792100000</misses>
				<total>0</total>
				<timestamp>6109.722061</timestamp>
			</report>
			<report>
				<misses>792200000</misses>
				<total>0</total>
				<timestamp>6110.515367</timestamp>
			</report>
			<report>
				<misses>792300000</misses>
				<total>0</total>
				<timestamp>6111.303687</timestamp>
			</report>
			<report>
				<misses>792400000</misses>
				<total>0</total>
				<timestamp>6112.080578</timestamp>
			</report>
			<report>
				<misses>792500000</misses>
				<total>0</total>
				<timestamp>6112.856373</timestamp>
			</report>
			<report>
				<misses>792600000</misses>
				<total>0</total>
				<timestamp>6113.620839</timestamp>
			</report>
			<report>
				<misses>792700000</misses>
				<total>0</total>
				<timestamp>6114.415596</timestamp>
			</report>
			<report>
				<misses>792800000</misses>
				<total>0</total>
				<timestamp>6115.172605</timestamp>
			</report>
			<report>
				<misses>792900000</misses>
				<total>0</total>
				<timestamp>6115.956941</timestamp>
			</report>
			<report>
				<misses>793000000</misses>
				<total>0</total>
				<timestamp>6116.708997</timestamp>
			</report>
			<report>
				<misses>793100000</misses>
				<total>0</total>
				<timestamp>6117.449995</timestamp>
			</report>
			<report>
				<misses>793200000</misses>
				<total>0</total>
				<timestamp>6118.223195</timestamp>
			</report>
			<report>
				<misses>793300000</misses>
				<total>0</total>
				<timestamp>6119.010682</timestamp>
			</report>
			<report>
				<misses>793400000</misses>
				<total>0</total>
				<timestamp>6119.775668</timestamp>
			</report>
			<report>
				<misses>793500000</misses>
				<total>0</total>
				<timestamp>6120.531421</timestamp>
			</report>
			<report>
				<misses>793600000</misses>
				<total>0</total>
				<timestamp>6121.269397</timestamp>
			</report>
			<report>
				<misses>793700000</misses>
				<total>0</total>
				<timestamp>6121.990144</timestamp>
			</report>
			<report>
				<misses>793800000</misses>
				<total>0</total>
				<timestamp>6122.719085</timestamp>
			</report>
			<report>
				<misses>793900000</misses>
				<total>0</total>
				<timestamp>6123.466702</timestamp>
			</report>
			<report>
				<misses>794000000</misses>
				<total>0</total>
				<timestamp>6124.223534</timestamp>
			</report>
			<report>
				<misses>794100000</misses>
				<total>0</total>
				<timestamp>6124.924814</timestamp>
			</report>
			<report>
				<misses>794200000</misses>
				<total>0</total>
				<timestamp>6125.679108</timestamp>
			</report>
			<report>
				<misses>794300000</misses>
				<total>0</total>
				<timestamp>6126.427461</timestamp>
			</report>
			<report>
				<misses>794400000</misses>
				<total>0</total>
				<timestamp>6127.157413</timestamp>
			</report>
			<report>
				<misses>794500000</misses>
				<total>0</total>
				<timestamp>6127.896345</timestamp>
			</report>
			<report>
				<misses>794600000</misses>
				<total>0</total>
				<timestamp>6128.642749</timestamp>
			</report>
			<report>
				<misses>794700000</misses>
				<total>0</total>
				<timestamp>6129.414555</timestamp>
			</report>
			<report>
				<misses>794800000</misses>
				<total>0</total>
				<timestamp>6130.174179</timestamp>
			</report>
			<report>
				<misses>794900000</misses>
				<total>0</total>
				<timestamp>6130.921856</timestamp>
			</report>
			<report>
				<misses>795000000</misses>
				<total>0</total>
				<timestamp>6131.680092</timestamp>
			</report>
			<report>
				<misses>795100000</misses>
				<total>0</total>
				<timestamp>6132.451209</timestamp>
			</report>
			<report>
				<misses>795200000</misses>
				<total>0</total>
				<timestamp>6133.249796</timestamp>
			</report>
			<report>
				<misses>795300000</misses>
				<total>0</total>
				<timestamp>6133.984803</timestamp>
			</report>
			<report>
				<misses>795400000</misses>
				<total>0</total>
				<timestamp>6134.737855</timestamp>
			</report>
			<report>
				<misses>795500000</misses>
				<total>0</total>
				<timestamp>6135.514608</timestamp>
			</report>
			<report>
				<misses>795600000</misses>
				<total>0</total>
				<timestamp>6136.260475</timestamp>
			</report>
			<report>
				<misses>795700000</misses>
				<total>0</total>
				<timestamp>6137.074168</timestamp>
			</report>
			<report>
				<misses>795800000</misses>
				<total>0</total>
				<timestamp>6137.836736</timestamp>
			</report>
			<report>
				<misses>795900000</misses>
				<total>0</total>
				<timestamp>6138.577848</timestamp>
			</report>
			<report>
				<misses>796000000</misses>
				<total>0</total>
				<timestamp>6139.355122</timestamp>
			</report>
			<report>
				<misses>796100000</misses>
				<total>0</total>
				<timestamp>6140.099311</timestamp>
			</report>
			<report>
				<misses>796200000</misses>
				<total>0</total>
				<timestamp>6140.803082</timestamp>
			</report>
			<report>
				<misses>796300000</misses>
				<total>0</total>
				<timestamp>6141.549792</timestamp>
			</report>
			<report>
				<misses>796400000</misses>
				<total>0</total>
				<timestamp>6142.301610</timestamp>
			</report>
			<report>
				<misses>796500000</misses>
				<total>0</total>
				<timestamp>6143.075591</timestamp>
			</report>
			<report>
				<misses>796600000</misses>
				<total>0</total>
				<timestamp>6143.800557</timestamp>
			</report>
			<report>
				<misses>796700000</misses>
				<total>0</total>
				<timestamp>6144.544457</timestamp>
			</report>
			<report>
				<misses>796800000</misses>
				<total>0</total>
				<timestamp>6145.267738</timestamp>
			</report>
			<report>
				<misses>796900000</misses>
				<total>0</total>
				<timestamp>6146.068528</timestamp>
			</report>
			<report>
				<misses>797000000</misses>
				<total>0</total>
				<timestamp>6146.860077</timestamp>
			</report>
			<report>
				<misses>797100000</misses>
				<total>0</total>
				<timestamp>6147.632949</timestamp>
			</report>
			<report>
				<misses>797200000</misses>
				<total>0</total>
				<timestamp>6148.381530</timestamp>
			</report>
			<report>
				<misses>797300000</misses>
				<total>0</total>
				<timestamp>6149.192796</timestamp>
			</report>
			<report>
				<misses>797400000</misses>
				<total>0</total>
				<timestamp>6149.979516</timestamp>
			</report>
			<report>
				<misses>797500000</misses>
				<total>0</total>
				<timestamp>6150.780458</timestamp>
			</report>
			<report>
				<misses>797600000</misses>
				<total>0</total>
				<timestamp>6151.573659</timestamp>
			</report>
			<report>
				<misses>797700000</misses>
				<total>0</total>
				<timestamp>6152.370672</timestamp>
			</report>
			<report>
				<misses>797800000</misses>
				<total>0</total>
				<timestamp>6153.206373</timestamp>
			</report>
			<report>
				<misses>797900000</misses>
				<total>0</total>
				<timestamp>6154.031084</timestamp>
			</report>
			<report>
				<misses>798000000</misses>
				<total>0</total>
				<timestamp>6154.795881</timestamp>
			</report>
			<report>
				<misses>798100000</misses>
				<total>0</total>
				<timestamp>6155.579121</timestamp>
			</report>
			<report>
				<misses>798200000</misses>
				<total>0</total>
				<timestamp>6156.328863</timestamp>
			</report>
			<report>
				<misses>798300000</misses>
				<total>0</total>
				<timestamp>6157.107537</timestamp>
			</report>
			<report>
				<misses>798400000</misses>
				<total>0</total>
				<timestamp>6157.894092</timestamp>
			</report>
			<report>
				<misses>798500000</misses>
				<total>0</total>
				<timestamp>6158.668733</timestamp>
			</report>
			<report>
				<misses>798600000</misses>
				<total>0</total>
				<timestamp>6159.444888</timestamp>
			</report>
			<report>
				<misses>798700000</misses>
				<total>0</total>
				<timestamp>6160.175588</timestamp>
			</report>
			<report>
				<misses>798800000</misses>
				<total>0</total>
				<timestamp>6160.976428</timestamp>
			</report>
			<report>
				<misses>798900000</misses>
				<total>0</total>
				<timestamp>6161.714025</timestamp>
			</report>
			<report>
				<misses>799000000</misses>
				<total>0</total>
				<timestamp>6162.483272</timestamp>
			</report>
			<report>
				<misses>799100000</misses>
				<total>0</total>
				<timestamp>6163.261658</timestamp>
			</report>
			<report>
				<misses>799200000</misses>
				<total>0</total>
				<timestamp>6164.039888</timestamp>
			</report>
			<report>
				<misses>799300000</misses>
				<total>0</total>
				<timestamp>6164.812427</timestamp>
			</report>
			<report>
				<misses>799400000</misses>
				<total>0</total>
				<timestamp>6165.578131</timestamp>
			</report>
			<report>
				<misses>799500000</misses>
				<total>0</total>
				<timestamp>6166.330403</timestamp>
			</report>
			<report>
				<misses>799600000</misses>
				<total>0</total>
				<timestamp>6167.032247</timestamp>
			</report>
			<report>
				<misses>799700000</misses>
				<total>0</total>
				<timestamp>6167.755690</timestamp>
			</report>
			<report>
				<misses>799800000</misses>
				<total>0</total>
				<timestamp>6168.547971</timestamp>
			</report>
			<report>
				<misses>799900000</misses>
				<total>0</total>
				<timestamp>6169.288598</timestamp>
			</report>
			<report>
				<misses>800000000</misses>
				<total>0</total>
				<timestamp>6170.011025</timestamp>
			</report>
			<report>
				<misses>800100000</misses>
				<total>0</total>
				<timestamp>6170.755450</timestamp>
			</report>
			<report>
				<misses>800200000</misses>
				<total>0</total>
				<timestamp>6171.497025</timestamp>
			</report>
			<report>
				<misses>800300000</misses>
				<total>0</total>
				<timestamp>6172.258289</timestamp>
			</report>
			<report>
				<misses>800400000</misses>
				<total>0</total>
				<timestamp>6173.030505</timestamp>
			</report>
			<report>
				<misses>800500000</misses>
				<total>0</total>
				<timestamp>6173.815064</timestamp>
			</report>
			<report>
				<misses>800600000</misses>
				<total>0</total>
				<timestamp>6174.598720</timestamp>
			</report>
			<report>
				<misses>800700000</misses>
				<total>0</total>
				<timestamp>6175.392532</timestamp>
			</report>
			<report>
				<misses>800800000</misses>
				<total>0</total>
				<timestamp>6176.180169</timestamp>
			</report>
			<report>
				<misses>800900000</misses>
				<total>0</total>
				<timestamp>6176.988462</timestamp>
			</report>
			<report>
				<misses>801000000</misses>
				<total>0</total>
				<timestamp>6177.811628</timestamp>
			</report>
			<report>
				<misses>801100000</misses>
				<total>0</total>
				<timestamp>6178.584929</timestamp>
			</report>
			<report>
				<misses>801200000</misses>
				<total>0</total>
				<timestamp>6179.344109</timestamp>
			</report>
			<report>
				<misses>801300000</misses>
				<total>0</total>
				<timestamp>6180.147939</timestamp>
			</report>
			<report>
				<misses>801400000</misses>
				<total>0</total>
				<timestamp>6180.920452</timestamp>
			</report>
			<report>
				<misses>801500000</misses>
				<total>0</total>
				<timestamp>6181.718025</timestamp>
			</report>
			<report>
				<misses>801600000</misses>
				<total>0</total>
				<timestamp>6182.519782</timestamp>
			</report>
			<report>
				<misses>801700000</misses>
				<total>0</total>
				<timestamp>6183.313774</timestamp>
			</report>
			<report>
				<misses>801800000</misses>
				<total>0</total>
				<timestamp>6184.123585</timestamp>
			</report>
			<report>
				<misses>801900000</misses>
				<total>0</total>
				<timestamp>6184.900703</timestamp>
			</report>
			<report>
				<misses>802000000</misses>
				<total>0</total>
				<timestamp>6185.671197</timestamp>
			</report>
			<report>
				<misses>802100000</misses>
				<total>0</total>
				<timestamp>6186.389525</timestamp>
			</report>
			<report>
				<misses>802200000</misses>
				<total>0</total>
				<timestamp>6187.110480</timestamp>
			</report>
			<report>
				<misses>802300000</misses>
				<total>0</total>
				<timestamp>6187.856218</timestamp>
			</report>
			<report>
				<misses>802400000</misses>
				<total>0</total>
				<timestamp>6188.581969</timestamp>
			</report>
			<report>
				<misses>802500000</misses>
				<total>0</total>
				<timestamp>6189.315325</timestamp>
			</report>
			<report>
				<misses>802600000</misses>
				<total>0</total>
				<timestamp>6190.073923</timestamp>
			</report>
			<report>
				<misses>802700000</misses>
				<total>0</total>
				<timestamp>6190.786340</timestamp>
			</report>
			<report>
				<misses>802800000</misses>
				<total>0</total>
				<timestamp>6191.542474</timestamp>
			</report>
			<report>
				<misses>802900000</misses>
				<total>0</total>
				<timestamp>6192.289863</timestamp>
			</report>
			<report>
				<misses>803000000</misses>
				<total>0</total>
				<timestamp>6193.017484</timestamp>
			</report>
			<report>
				<misses>803100000</misses>
				<total>0</total>
				<timestamp>6193.780226</timestamp>
			</report>
			<report>
				<misses>803200000</misses>
				<total>0</total>
				<timestamp>6194.559723</timestamp>
			</report>
			<report>
				<misses>803300000</misses>
				<total>0</total>
				<timestamp>6195.332236</timestamp>
			</report>
			<report>
				<misses>803400000</misses>
				<total>0</total>
				<timestamp>6196.107416</timestamp>
			</report>
			<report>
				<misses>803500000</misses>
				<total>0</total>
				<timestamp>6196.923587</timestamp>
			</report>
			<report>
				<misses>803600000</misses>
				<total>0</total>
				<timestamp>6197.682014</timestamp>
			</report>
			<report>
				<misses>803700000</misses>
				<total>0</total>
				<timestamp>6198.447973</timestamp>
			</report>
			<report>
				<misses>803800000</misses>
				<total>0</total>
				<timestamp>6199.227636</timestamp>
			</report>
			<report>
				<misses>803900000</misses>
				<total>0</total>
				<timestamp>6199.989099</timestamp>
			</report>
			<report>
				<misses>804000000</misses>
				<total>0</total>
				<timestamp>6200.739417</timestamp>
			</report>
			<report>
				<misses>804100000</misses>
				<total>0</total>
				<timestamp>6201.537384</timestamp>
			</report>
			<report>
				<misses>804200000</misses>
				<total>0</total>
				<timestamp>6202.285586</timestamp>
			</report>
			<report>
				<misses>804300000</misses>
				<total>0</total>
				<timestamp>6203.029444</timestamp>
			</report>
			<report>
				<misses>804400000</misses>
				<total>0</total>
				<timestamp>6203.782087</timestamp>
			</report>
			<report>
				<misses>804500000</misses>
				<total>0</total>
				<timestamp>6204.520757</timestamp>
			</report>
			<report>
				<misses>804600000</misses>
				<total>0</total>
				<timestamp>6205.248987</timestamp>
			</report>
			<report>
				<misses>804700000</misses>
				<total>0</total>
				<timestamp>6206.006185</timestamp>
			</report>
			<report>
				<misses>804800000</misses>
				<total>0</total>
				<timestamp>6206.728873</timestamp>
			</report>
			<report>
				<misses>804900000</misses>
				<total>0</total>
				<timestamp>6207.465996</timestamp>
			</report>
			<report>
				<misses>805000000</misses>
				<total>0</total>
				<timestamp>6208.209633</timestamp>
			</report>
			<report>
				<misses>805100000</misses>
				<total>0</total>
				<timestamp>6208.977458</timestamp>
			</report>
			<report>
				<misses>805200000</misses>
				<total>0</total>
				<timestamp>6209.738125</timestamp>
			</report>
			<report>
				<misses>805300000</misses>
				<total>0</total>
				<timestamp>6210.490936</timestamp>
			</report>
			<report>
				<misses>805400000</misses>
				<total>0</total>
				<timestamp>6211.305790</timestamp>
			</report>
			<report>
				<misses>805500000</misses>
				<total>0</total>
				<timestamp>6212.132369</timestamp>
			</report>
			<report>
				<misses>805600000</misses>
				<total>0</total>
				<timestamp>6212.927619</timestamp>
			</report>
			<report>
				<misses>805700000</misses>
				<total>0</total>
				<timestamp>6213.746769</timestamp>
			</report>
			<report>
				<misses>805800000</misses>
				<total>0</total>
				<timestamp>6214.550272</timestamp>
			</report>
			<report>
				<misses>805900000</misses>
				<total>0</total>
				<timestamp>6215.366497</timestamp>
			</report>
			<report>
				<misses>806000000</misses>
				<total>0</total>
				<timestamp>6216.127741</timestamp>
			</report>
			<report>
				<misses>806100000</misses>
				<total>0</total>
				<timestamp>6216.902268</timestamp>
			</report>
			<report>
				<misses>806200000</misses>
				<total>0</total>
				<timestamp>6217.699173</timestamp>
			</report>
			<report>
				<misses>806300000</misses>
				<total>0</total>
				<timestamp>6218.462259</timestamp>
			</report>
			<report>
				<misses>806400000</misses>
				<total>0</total>
				<timestamp>6219.240076</timestamp>
			</report>
			<report>
				<misses>806500000</misses>
				<total>0</total>
				<timestamp>6220.068449</timestamp>
			</report>
			<report>
				<misses>806600000</misses>
				<total>0</total>
				<timestamp>6220.853539</timestamp>
			</report>
			<report>
				<misses>806700000</misses>
				<total>0</total>
				<timestamp>6221.584907</timestamp>
			</report>
			<report>
				<misses>806800000</misses>
				<total>0</total>
				<timestamp>6222.394738</timestamp>
			</report>
			<report>
				<misses>806900000</misses>
				<total>0</total>
				<timestamp>6223.154469</timestamp>
			</report>
			<report>
				<misses>807000000</misses>
				<total>0</total>
				<timestamp>6223.901030</timestamp>
			</report>
			<report>
				<misses>807100000</misses>
				<total>0</total>
				<timestamp>6224.682450</timestamp>
			</report>
			<report>
				<misses>807200000</misses>
				<total>0</total>
				<timestamp>6225.428111</timestamp>
			</report>
			<report>
				<misses>807300000</misses>
				<total>0</total>
				<timestamp>6226.206320</timestamp>
			</report>
			<report>
				<misses>807400000</misses>
				<total>0</total>
				<timestamp>6226.939842</timestamp>
			</report>
			<report>
				<misses>807500000</misses>
				<total>0</total>
				<timestamp>6227.671722</timestamp>
			</report>
			<report>
				<misses>807600000</misses>
				<total>0</total>
				<timestamp>6228.403568</timestamp>
			</report>
			<report>
				<misses>807700000</misses>
				<total>0</total>
				<timestamp>6229.160986</timestamp>
			</report>
			<report>
				<misses>807800000</misses>
				<total>0</total>
				<timestamp>6229.933592</timestamp>
			</report>
			<report>
				<misses>807900000</misses>
				<total>0</total>
				<timestamp>6230.706623</timestamp>
			</report>
			<report>
				<misses>808000000</misses>
				<total>0</total>
				<timestamp>6231.524771</timestamp>
			</report>
			<report>
				<misses>808100000</misses>
				<total>0</total>
				<timestamp>6232.305199</timestamp>
			</report>
			<report>
				<misses>808200000</misses>
				<total>0</total>
				<timestamp>6233.065010</timestamp>
			</report>
			<report>
				<misses>808300000</misses>
				<total>0</total>
				<timestamp>6233.837917</timestamp>
			</report>
			<report>
				<misses>808400000</misses>
				<total>0</total>
				<timestamp>6234.611361</timestamp>
			</report>
			<report>
				<misses>808500000</misses>
				<total>0</total>
				<timestamp>6235.423951</timestamp>
			</report>
			<report>
				<misses>808600000</misses>
				<total>0</total>
				<timestamp>6236.193006</timestamp>
			</report>
			<report>
				<misses>808700000</misses>
				<total>0</total>
				<timestamp>6236.978648</timestamp>
			</report>
			<report>
				<misses>808800000</misses>
				<total>0</total>
				<timestamp>6237.732037</timestamp>
			</report>
			<report>
				<misses>808900000</misses>
				<total>0</total>
				<timestamp>6238.480532</timestamp>
			</report>
			<report>
				<misses>809000000</misses>
				<total>0</total>
				<timestamp>6239.241406</timestamp>
			</report>
			<report>
				<misses>809100000</misses>
				<total>0</total>
				<timestamp>6240.018152</timestamp>
			</report>
			<report>
				<misses>809200000</misses>
				<total>0</total>
				<timestamp>6240.773257</timestamp>
			</report>
			<report>
				<misses>809300000</misses>
				<total>0</total>
				<timestamp>6241.526943</timestamp>
			</report>
			<report>
				<misses>809400000</misses>
				<total>0</total>
				<timestamp>6242.276247</timestamp>
			</report>
			<report>
				<misses>809500000</misses>
				<total>0</total>
				<timestamp>6243.063551</timestamp>
			</report>
			<report>
				<misses>809600000</misses>
				<total>0</total>
				<timestamp>6243.795929</timestamp>
			</report>
			<report>
				<misses>809700000</misses>
				<total>0</total>
				<timestamp>6244.580698</timestamp>
			</report>
			<report>
				<misses>809800000</misses>
				<total>0</total>
				<timestamp>6245.344065</timestamp>
			</report>
			<report>
				<misses>809900000</misses>
				<total>0</total>
				<timestamp>6246.111708</timestamp>
			</report>
			<report>
				<misses>810000000</misses>
				<total>0</total>
				<timestamp>6246.848275</timestamp>
			</report>
			<report>
				<misses>810100000</misses>
				<total>0</total>
				<timestamp>6247.632959</timestamp>
			</report>
			<report>
				<misses>810200000</misses>
				<total>0</total>
				<timestamp>6248.437680</timestamp>
			</report>
			<report>
				<misses>810300000</misses>
				<total>0</total>
				<timestamp>6249.200655</timestamp>
			</report>
			<report>
				<misses>810400000</misses>
				<total>0</total>
				<timestamp>6250.017722</timestamp>
			</report>
			<report>
				<misses>810500000</misses>
				<total>0</total>
				<timestamp>6250.793094</timestamp>
			</report>
			<report>
				<misses>810600000</misses>
				<total>0</total>
				<timestamp>6251.561159</timestamp>
			</report>
			<report>
				<misses>810700000</misses>
				<total>0</total>
				<timestamp>6252.303888</timestamp>
			</report>
			<report>
				<misses>810800000</misses>
				<total>0</total>
				<timestamp>6253.070419</timestamp>
			</report>
			<report>
				<misses>810900000</misses>
				<total>0</total>
				<timestamp>6253.868661</timestamp>
			</report>
			<report>
				<misses>811000000</misses>
				<total>0</total>
				<timestamp>6254.649490</timestamp>
			</report>
			<report>
				<misses>811100000</misses>
				<total>0</total>
				<timestamp>6255.432050</timestamp>
			</report>
			<report>
				<misses>811200000</misses>
				<total>0</total>
				<timestamp>6256.194554</timestamp>
			</report>
			<report>
				<misses>811300000</misses>
				<total>0</total>
				<timestamp>6256.997306</timestamp>
			</report>
			<report>
				<misses>811400000</misses>
				<total>0</total>
				<timestamp>6257.787880</timestamp>
			</report>
			<report>
				<misses>811500000</misses>
				<total>0</total>
				<timestamp>6258.538427</timestamp>
			</report>
			<report>
				<misses>811600000</misses>
				<total>0</total>
				<timestamp>6259.283329</timestamp>
			</report>
			<report>
				<misses>811700000</misses>
				<total>0</total>
				<timestamp>6260.048252</timestamp>
			</report>
			<report>
				<misses>811800000</misses>
				<total>0</total>
				<timestamp>6260.771992</timestamp>
			</report>
			<report>
				<misses>811900000</misses>
				<total>0</total>
				<timestamp>6261.503867</timestamp>
			</report>
			<report>
				<misses>812000000</misses>
				<total>0</total>
				<timestamp>6262.237290</timestamp>
			</report>
			<report>
				<misses>812100000</misses>
				<total>0</total>
				<timestamp>6262.983267</timestamp>
			</report>
			<report>
				<misses>812200000</misses>
				<total>0</total>
				<timestamp>6263.749716</timestamp>
			</report>
			<report>
				<misses>812300000</misses>
				<total>0</total>
				<timestamp>6264.487582</timestamp>
			</report>
			<report>
				<misses>812400000</misses>
				<total>0</total>
				<timestamp>6265.267087</timestamp>
			</report>
			<report>
				<misses>812500000</misses>
				<total>0</total>
				<timestamp>6266.059987</timestamp>
			</report>
			<report>
				<misses>812600000</misses>
				<total>0</total>
				<timestamp>6266.893231</timestamp>
			</report>
			<report>
				<misses>812700000</misses>
				<total>0</total>
				<timestamp>6267.625238</timestamp>
			</report>
			<report>
				<misses>812800000</misses>
				<total>0</total>
				<timestamp>6268.371752</timestamp>
			</report>
			<report>
				<misses>812900000</misses>
				<total>0</total>
				<timestamp>6269.157856</timestamp>
			</report>
			<report>
				<misses>813000000</misses>
				<total>0</total>
				<timestamp>6269.932628</timestamp>
			</report>
			<report>
				<misses>813100000</misses>
				<total>0</total>
				<timestamp>6270.735465</timestamp>
			</report>
			<report>
				<misses>813200000</misses>
				<total>0</total>
				<timestamp>6271.521985</timestamp>
			</report>
			<report>
				<misses>813300000</misses>
				<total>0</total>
				<timestamp>6272.298468</timestamp>
			</report>
			<report>
				<misses>813400000</misses>
				<total>0</total>
				<timestamp>6273.039052</timestamp>
			</report>
			<report>
				<misses>813500000</misses>
				<total>0</total>
				<timestamp>6273.825410</timestamp>
			</report>
			<report>
				<misses>813600000</misses>
				<total>0</total>
				<timestamp>6274.589720</timestamp>
			</report>
			<report>
				<misses>813700000</misses>
				<total>0</total>
				<timestamp>6275.343700</timestamp>
			</report>
			<report>
				<misses>813800000</misses>
				<total>0</total>
				<timestamp>6276.077238</timestamp>
			</report>
			<report>
				<misses>813900000</misses>
				<total>0</total>
				<timestamp>6276.829056</timestamp>
			</report>
			<report>
				<misses>814000000</misses>
				<total>0</total>
				<timestamp>6277.587927</timestamp>
			</report>
			<report>
				<misses>814100000</misses>
				<total>0</total>
				<timestamp>6278.313017</timestamp>
			</report>
			<report>
				<misses>814200000</misses>
				<total>0</total>
				<timestamp>6279.051613</timestamp>
			</report>
			<report>
				<misses>814300000</misses>
				<total>0</total>
				<timestamp>6279.770990</timestamp>
			</report>
			<report>
				<misses>814400000</misses>
				<total>0</total>
				<timestamp>6280.514507</timestamp>
			</report>
			<report>
				<misses>814500000</misses>
				<total>0</total>
				<timestamp>6281.260446</timestamp>
			</report>
			<report>
				<misses>814600000</misses>
				<total>0</total>
				<timestamp>6282.007147</timestamp>
			</report>
			<report>
				<misses>814700000</misses>
				<total>0</total>
				<timestamp>6282.824631</timestamp>
			</report>
			<report>
				<misses>814800000</misses>
				<total>0</total>
				<timestamp>6283.602144</timestamp>
			</report>
			<report>
				<misses>814900000</misses>
				<total>0</total>
				<timestamp>6284.348040</timestamp>
			</report>
			<report>
				<misses>815000000</misses>
				<total>0</total>
				<timestamp>6285.099243</timestamp>
			</report>
			<report>
				<misses>815100000</misses>
				<total>0</total>
				<timestamp>6285.900209</timestamp>
			</report>
			<report>
				<misses>815200000</misses>
				<total>0</total>
				<timestamp>6286.703376</timestamp>
			</report>
			<report>
				<misses>815300000</misses>
				<total>0</total>
				<timestamp>6287.473323</timestamp>
			</report>
			<report>
				<misses>815400000</misses>
				<total>0</total>
				<timestamp>6288.243525</timestamp>
			</report>
			<report>
				<misses>815500000</misses>
				<total>0</total>
				<timestamp>6289.014960</timestamp>
			</report>
			<report>
				<misses>815600000</misses>
				<total>0</total>
				<timestamp>6289.793985</timestamp>
			</report>
			<report>
				<misses>815700000</misses>
				<total>0</total>
				<timestamp>6290.598703</timestamp>
			</report>
			<report>
				<misses>815800000</misses>
				<total>0</total>
				<timestamp>6291.344197</timestamp>
			</report>
			<report>
				<misses>815900000</misses>
				<total>0</total>
				<timestamp>6292.119510</timestamp>
			</report>
			<report>
				<misses>816000000</misses>
				<total>0</total>
				<timestamp>6292.872353</timestamp>
			</report>
			<report>
				<misses>816100000</misses>
				<total>0</total>
				<timestamp>6293.613318</timestamp>
			</report>
			<report>
				<misses>816200000</misses>
				<total>0</total>
				<timestamp>6294.314975</timestamp>
			</report>
			<report>
				<misses>816300000</misses>
				<total>0</total>
				<timestamp>6295.065730</timestamp>
			</report>
			<report>
				<misses>816400000</misses>
				<total>0</total>
				<timestamp>6295.841434</timestamp>
			</report>
			<report>
				<misses>816500000</misses>
				<total>0</total>
				<timestamp>6296.552284</timestamp>
			</report>
			<report>
				<misses>816600000</misses>
				<total>0</total>
				<timestamp>6297.326643</timestamp>
			</report>
			<report>
				<misses>816700000</misses>
				<total>0</total>
				<timestamp>6298.071394</timestamp>
			</report>
			<report>
				<misses>816800000</misses>
				<total>0</total>
				<timestamp>6298.831667</timestamp>
			</report>
			<report>
				<misses>816900000</misses>
				<total>0</total>
				<timestamp>6299.614359</timestamp>
			</report>
			<report>
				<misses>817000000</misses>
				<total>0</total>
				<timestamp>6300.412205</timestamp>
			</report>
			<report>
				<misses>817100000</misses>
				<total>0</total>
				<timestamp>6301.188764</timestamp>
			</report>
			<report>
				<misses>817200000</misses>
				<total>0</total>
				<timestamp>6301.946384</timestamp>
			</report>
			<report>
				<misses>817300000</misses>
				<total>0</total>
				<timestamp>6302.731598</timestamp>
			</report>
			<report>
				<misses>817400000</misses>
				<total>0</total>
				<timestamp>6303.478911</timestamp>
			</report>
			<report>
				<misses>817500000</misses>
				<total>0</total>
				<timestamp>6304.248070</timestamp>
			</report>
			<report>
				<misses>817600000</misses>
				<total>0</total>
				<timestamp>6305.035369</timestamp>
			</report>
			<report>
				<misses>817700000</misses>
				<total>0</total>
				<timestamp>6305.811249</timestamp>
			</report>
			<report>
				<misses>817800000</misses>
				<total>0</total>
				<timestamp>6306.598366</timestamp>
			</report>
			<report>
				<misses>817900000</misses>
				<total>0</total>
				<timestamp>6307.376422</timestamp>
			</report>
			<report>
				<misses>818000000</misses>
				<total>0</total>
				<timestamp>6308.123718</timestamp>
			</report>
			<report>
				<misses>818100000</misses>
				<total>0</total>
				<timestamp>6308.928092</timestamp>
			</report>
			<report>
				<misses>818200000</misses>
				<total>0</total>
				<timestamp>6309.684519</timestamp>
			</report>
			<report>
				<misses>818300000</misses>
				<total>0</total>
				<timestamp>6310.471465</timestamp>
			</report>
			<report>
				<misses>818400000</misses>
				<total>0</total>
				<timestamp>6311.217226</timestamp>
			</report>
			<report>
				<misses>818500000</misses>
				<total>0</total>
				<timestamp>6311.965424</timestamp>
			</report>
			<report>
				<misses>818600000</misses>
				<total>0</total>
				<timestamp>6312.689857</timestamp>
			</report>
			<report>
				<misses>818700000</misses>
				<total>0</total>
				<timestamp>6313.416572</timestamp>
			</report>
			<report>
				<misses>818800000</misses>
				<total>0</total>
				<timestamp>6314.188717</timestamp>
			</report>
			<report>
				<misses>818900000</misses>
				<total>0</total>
				<timestamp>6314.919880</timestamp>
			</report>
			<report>
				<misses>819000000</misses>
				<total>0</total>
				<timestamp>6315.652887</timestamp>
			</report>
			<report>
				<misses>819100000</misses>
				<total>0</total>
				<timestamp>6316.398659</timestamp>
			</report>
			<report>
				<misses>819200000</misses>
				<total>0</total>
				<timestamp>6317.149894</timestamp>
			</report>
			<report>
				<misses>819300000</misses>
				<total>0</total>
				<timestamp>6317.939428</timestamp>
			</report>
			<report>
				<misses>819400000</misses>
				<total>0</total>
				<timestamp>6318.714411</timestamp>
			</report>
			<report>
				<misses>819500000</misses>
				<total>0</total>
				<timestamp>6319.481061</timestamp>
			</report>
			<report>
				<misses>819600000</misses>
				<total>0</total>
				<timestamp>6320.259971</timestamp>
			</report>
			<report>
				<misses>819700000</misses>
				<total>0</total>
				<timestamp>6321.065050</timestamp>
			</report>
			<report>
				<misses>819800000</misses>
				<total>0</total>
				<timestamp>6321.819109</timestamp>
			</report>
			<report>
				<misses>819900000</misses>
				<total>0</total>
				<timestamp>6322.561814</timestamp>
			</report>
			<report>
				<misses>820000000</misses>
				<total>0</total>
				<timestamp>6323.331888</timestamp>
			</report>
			<report>
				<misses>820100000</misses>
				<total>0</total>
				<timestamp>6324.071188</timestamp>
			</report>
			<report>
				<misses>820200000</misses>
				<total>0</total>
				<timestamp>6324.846541</timestamp>
			</report>
			<report>
				<misses>820300000</misses>
				<total>0</total>
				<timestamp>6325.613515</timestamp>
			</report>
			<report>
				<misses>820400000</misses>
				<total>0</total>
				<timestamp>6326.348193</timestamp>
			</report>
			<report>
				<misses>820500000</misses>
				<total>0</total>
				<timestamp>6327.089459</timestamp>
			</report>
			<report>
				<misses>820600000</misses>
				<total>0</total>
				<timestamp>6327.805350</timestamp>
			</report>
			<report>
				<misses>820700000</misses>
				<total>0</total>
				<timestamp>6328.533705</timestamp>
			</report>
			<report>
				<misses>820800000</misses>
				<total>0</total>
				<timestamp>6329.343824</timestamp>
			</report>
			<report>
				<misses>820900000</misses>
				<total>0</total>
				<timestamp>6330.067347</timestamp>
			</report>
			<report>
				<misses>821000000</misses>
				<total>0</total>
				<timestamp>6330.841884</timestamp>
			</report>
			<report>
				<misses>821100000</misses>
				<total>0</total>
				<timestamp>6331.619631</timestamp>
			</report>
			<report>
				<misses>821200000</misses>
				<total>0</total>
				<timestamp>6332.367562</timestamp>
			</report>
			<report>
				<misses>821300000</misses>
				<total>0</total>
				<timestamp>6333.114054</timestamp>
			</report>
			<report>
				<misses>821400000</misses>
				<total>0</total>
				<timestamp>6333.903446</timestamp>
			</report>
			<report>
				<misses>821500000</misses>
				<total>0</total>
				<timestamp>6334.710449</timestamp>
			</report>
			<report>
				<misses>821600000</misses>
				<total>0</total>
				<timestamp>6335.461602</timestamp>
			</report>
			<report>
				<misses>821700000</misses>
				<total>0</total>
				<timestamp>6336.234738</timestamp>
			</report>
			<report>
				<misses>821800000</misses>
				<total>0</total>
				<timestamp>6337.064952</timestamp>
			</report>
			<report>
				<misses>821900000</misses>
				<total>0</total>
				<timestamp>6337.842716</timestamp>
			</report>
			<report>
				<misses>822000000</misses>
				<total>0</total>
				<timestamp>6338.640784</timestamp>
			</report>
			<report>
				<misses>822100000</misses>
				<total>0</total>
				<timestamp>6339.393711</timestamp>
			</report>
			<report>
				<misses>822200000</misses>
				<total>0</total>
				<timestamp>6340.143711</timestamp>
			</report>
			<report>
				<misses>822300000</misses>
				<total>0</total>
				<timestamp>6340.938553</timestamp>
			</report>
			<report>
				<misses>822400000</misses>
				<total>0</total>
				<timestamp>6341.711909</timestamp>
			</report>
			<report>
				<misses>822500000</misses>
				<total>0</total>
				<timestamp>6342.505564</timestamp>
			</report>
			<report>
				<misses>822600000</misses>
				<total>0</total>
				<timestamp>6343.277570</timestamp>
			</report>
			<report>
				<misses>822700000</misses>
				<total>0</total>
				<timestamp>6344.073676</timestamp>
			</report>
			<report>
				<misses>822800000</misses>
				<total>0</total>
				<timestamp>6344.869208</timestamp>
			</report>
			<report>
				<misses>822900000</misses>
				<total>0</total>
				<timestamp>6345.640396</timestamp>
			</report>
			<report>
				<misses>823000000</misses>
				<total>0</total>
				<timestamp>6346.391143</timestamp>
			</report>
			<report>
				<misses>823100000</misses>
				<total>0</total>
				<timestamp>6347.174635</timestamp>
			</report>
			<report>
				<misses>823200000</misses>
				<total>0</total>
				<timestamp>6347.971210</timestamp>
			</report>
			<report>
				<misses>823300000</misses>
				<total>0</total>
				<timestamp>6348.778794</timestamp>
			</report>
			<report>
				<misses>823400000</misses>
				<total>0</total>
				<timestamp>6349.574556</timestamp>
			</report>
			<report>
				<misses>823500000</misses>
				<total>0</total>
				<timestamp>6350.348983</timestamp>
			</report>
			<report>
				<misses>823600000</misses>
				<total>0</total>
				<timestamp>6351.158727</timestamp>
			</report>
			<report>
				<misses>823700000</misses>
				<total>0</total>
				<timestamp>6351.907632</timestamp>
			</report>
			<report>
				<misses>823800000</misses>
				<total>0</total>
				<timestamp>6352.705167</timestamp>
			</report>
			<report>
				<misses>823900000</misses>
				<total>0</total>
				<timestamp>6353.496236</timestamp>
			</report>
			<report>
				<misses>824000000</misses>
				<total>0</total>
				<timestamp>6354.235880</timestamp>
			</report>
			<report>
				<misses>824100000</misses>
				<total>0</total>
				<timestamp>6354.976785</timestamp>
			</report>
			<report>
				<misses>824200000</misses>
				<total>0</total>
				<timestamp>6355.713147</timestamp>
			</report>
			<report>
				<misses>824300000</misses>
				<total>0</total>
				<timestamp>6356.456748</timestamp>
			</report>
			<report>
				<misses>824400000</misses>
				<total>0</total>
				<timestamp>6357.275456</timestamp>
			</report>
			<report>
				<misses>824500000</misses>
				<total>0</total>
				<timestamp>6358.012501</timestamp>
			</report>
			<report>
				<misses>824600000</misses>
				<total>0</total>
				<timestamp>6358.750723</timestamp>
			</report>
			<report>
				<misses>824700000</misses>
				<total>0</total>
				<timestamp>6359.505129</timestamp>
			</report>
			<report>
				<misses>824800000</misses>
				<total>0</total>
				<timestamp>6360.284835</timestamp>
			</report>
			<report>
				<misses>824900000</misses>
				<total>0</total>
				<timestamp>6361.076958</timestamp>
			</report>
			<report>
				<misses>825000000</misses>
				<total>0</total>
				<timestamp>6361.884901</timestamp>
			</report>
			<report>
				<misses>825100000</misses>
				<total>0</total>
				<timestamp>6362.668295</timestamp>
			</report>
			<report>
				<misses>825200000</misses>
				<total>0</total>
				<timestamp>6363.439502</timestamp>
			</report>
			<report>
				<misses>825300000</misses>
				<total>0</total>
				<timestamp>6364.218596</timestamp>
			</report>
			<report>
				<misses>825400000</misses>
				<total>0</total>
				<timestamp>6365.051170</timestamp>
			</report>
			<report>
				<misses>825500000</misses>
				<total>0</total>
				<timestamp>6365.796777</timestamp>
			</report>
			<report>
				<misses>825600000</misses>
				<total>0</total>
				<timestamp>6366.553474</timestamp>
			</report>
			<report>
				<misses>825700000</misses>
				<total>0</total>
				<timestamp>6367.321474</timestamp>
			</report>
			<report>
				<misses>825800000</misses>
				<total>0</total>
				<timestamp>6368.083927</timestamp>
			</report>
			<report>
				<misses>825900000</misses>
				<total>0</total>
				<timestamp>6368.872284</timestamp>
			</report>
			<report>
				<misses>826000000</misses>
				<total>0</total>
				<timestamp>6369.663157</timestamp>
			</report>
			<report>
				<misses>826100000</misses>
				<total>0</total>
				<timestamp>6370.457398</timestamp>
			</report>
			<report>
				<misses>826200000</misses>
				<total>0</total>
				<timestamp>6371.213082</timestamp>
			</report>
			<report>
				<misses>826300000</misses>
				<total>0</total>
				<timestamp>6371.997106</timestamp>
			</report>
			<report>
				<misses>826400000</misses>
				<total>0</total>
				<timestamp>6372.737951</timestamp>
			</report>
			<report>
				<misses>826500000</misses>
				<total>0</total>
				<timestamp>6373.524945</timestamp>
			</report>
			<report>
				<misses>826600000</misses>
				<total>0</total>
				<timestamp>6374.264436</timestamp>
			</report>
			<report>
				<misses>826700000</misses>
				<total>0</total>
				<timestamp>6375.066529</timestamp>
			</report>
			<report>
				<misses>826800000</misses>
				<total>0</total>
				<timestamp>6375.846241</timestamp>
			</report>
			<report>
				<misses>826900000</misses>
				<total>0</total>
				<timestamp>6376.665692</timestamp>
			</report>
			<report>
				<misses>827000000</misses>
				<total>0</total>
				<timestamp>6377.414853</timestamp>
			</report>
			<report>
				<misses>827100000</misses>
				<total>0</total>
				<timestamp>6378.145483</timestamp>
			</report>
			<report>
				<misses>827200000</misses>
				<total>0</total>
				<timestamp>6378.910367</timestamp>
			</report>
			<report>
				<misses>827300000</misses>
				<total>0</total>
				<timestamp>6379.688095</timestamp>
			</report>
			<report>
				<misses>827400000</misses>
				<total>0</total>
				<timestamp>6380.489040</timestamp>
			</report>
			<report>
				<misses>827500000</misses>
				<total>0</total>
				<timestamp>6381.263468</timestamp>
			</report>
			<report>
				<misses>827600000</misses>
				<total>0</total>
				<timestamp>6382.055726</timestamp>
			</report>
			<report>
				<misses>827700000</misses>
				<total>0</total>
				<timestamp>6382.830521</timestamp>
			</report>
			<report>
				<misses>827800000</misses>
				<total>0</total>
				<timestamp>6383.583392</timestamp>
			</report>
			<report>
				<misses>827900000</misses>
				<total>0</total>
				<timestamp>6384.314135</timestamp>
			</report>
			<report>
				<misses>828000000</misses>
				<total>0</total>
				<timestamp>6385.059412</timestamp>
			</report>
			<report>
				<misses>828100000</misses>
				<total>0</total>
				<timestamp>6385.801895</timestamp>
			</report>
			<report>
				<misses>828200000</misses>
				<total>0</total>
				<timestamp>6386.551007</timestamp>
			</report>
			<report>
				<misses>828300000</misses>
				<total>0</total>
				<timestamp>6387.272258</timestamp>
			</report>
			<report>
				<misses>828400000</misses>
				<total>0</total>
				<timestamp>6388.040745</timestamp>
			</report>
			<report>
				<misses>828500000</misses>
				<total>0</total>
				<timestamp>6388.778742</timestamp>
			</report>
			<report>
				<misses>828600000</misses>
				<total>0</total>
				<timestamp>6389.487576</timestamp>
			</report>
			<report>
				<misses>828700000</misses>
				<total>0</total>
				<timestamp>6390.280458</timestamp>
			</report>
			<report>
				<misses>828800000</misses>
				<total>0</total>
				<timestamp>6391.070732</timestamp>
			</report>
			<report>
				<misses>828900000</misses>
				<total>0</total>
				<timestamp>6391.857505</timestamp>
			</report>
			<report>
				<misses>829000000</misses>
				<total>0</total>
				<timestamp>6392.628524</timestamp>
			</report>
			<report>
				<misses>829100000</misses>
				<total>0</total>
				<timestamp>6393.424586</timestamp>
			</report>
			<report>
				<misses>829200000</misses>
				<total>0</total>
				<timestamp>6394.191021</timestamp>
			</report>
			<report>
				<misses>829300000</misses>
				<total>0</total>
				<timestamp>6394.984236</timestamp>
			</report>
			<report>
				<misses>829400000</misses>
				<total>0</total>
				<timestamp>6395.748480</timestamp>
			</report>
			<report>
				<misses>829500000</misses>
				<total>0</total>
				<timestamp>6396.530389</timestamp>
			</report>
			<report>
				<misses>829600000</misses>
				<total>0</total>
				<timestamp>6397.267589</timestamp>
			</report>
			<report>
				<misses>829700000</misses>
				<total>0</total>
				<timestamp>6398.037336</timestamp>
			</report>
			<report>
				<misses>829800000</misses>
				<total>0</total>
				<timestamp>6398.831719</timestamp>
			</report>
			<report>
				<misses>829900000</misses>
				<total>0</total>
				<timestamp>6399.618877</timestamp>
			</report>
			<report>
				<misses>830000000</misses>
				<total>0</total>
				<timestamp>6400.381556</timestamp>
			</report>
			<report>
				<misses>830100000</misses>
				<total>0</total>
				<timestamp>6401.133936</timestamp>
			</report>
			<report>
				<misses>830200000</misses>
				<total>0</total>
				<timestamp>6401.866259</timestamp>
			</report>
			<report>
				<misses>830300000</misses>
				<total>0</total>
				<timestamp>6402.591936</timestamp>
			</report>
			<report>
				<misses>830400000</misses>
				<total>0</total>
				<timestamp>6403.347657</timestamp>
			</report>
			<report>
				<misses>830500000</misses>
				<total>0</total>
				<timestamp>6404.085589</timestamp>
			</report>
			<report>
				<misses>830600000</misses>
				<total>0</total>
				<timestamp>6404.817849</timestamp>
			</report>
			<report>
				<misses>830700000</misses>
				<total>0</total>
				<timestamp>6405.534774</timestamp>
			</report>
			<report>
				<misses>830800000</misses>
				<total>0</total>
				<timestamp>6406.286112</timestamp>
			</report>
			<report>
				<misses>830900000</misses>
				<total>0</total>
				<timestamp>6407.058868</timestamp>
			</report>
			<report>
				<misses>831000000</misses>
				<total>0</total>
				<timestamp>6407.816301</timestamp>
			</report>
			<report>
				<misses>831100000</misses>
				<total>0</total>
				<timestamp>6408.603074</timestamp>
			</report>
			<report>
				<misses>831200000</misses>
				<total>0</total>
				<timestamp>6409.383471</timestamp>
			</report>
			<report>
				<misses>831300000</misses>
				<total>0</total>
				<timestamp>6410.139031</timestamp>
			</report>
			<report>
				<misses>831400000</misses>
				<total>0</total>
				<timestamp>6410.916654</timestamp>
			</report>
			<report>
				<misses>831500000</misses>
				<total>0</total>
				<timestamp>6411.646757</timestamp>
			</report>
			<report>
				<misses>831600000</misses>
				<total>0</total>
				<timestamp>6412.466983</timestamp>
			</report>
			<report>
				<misses>831700000</misses>
				<total>0</total>
				<timestamp>6413.277362</timestamp>
			</report>
			<report>
				<misses>831800000</misses>
				<total>0</total>
				<timestamp>6414.035415</timestamp>
			</report>
			<report>
				<misses>831900000</misses>
				<total>0</total>
				<timestamp>6414.792339</timestamp>
			</report>
			<report>
				<misses>832000000</misses>
				<total>0</total>
				<timestamp>6415.539816</timestamp>
			</report>
			<report>
				<misses>832100000</misses>
				<total>0</total>
				<timestamp>6416.310150</timestamp>
			</report>
			<report>
				<misses>832200000</misses>
				<total>0</total>
				<timestamp>6417.044488</timestamp>
			</report>
			<report>
				<misses>832300000</misses>
				<total>0</total>
				<timestamp>6417.836901</timestamp>
			</report>
			<report>
				<misses>832400000</misses>
				<total>0</total>
				<timestamp>6418.592196</timestamp>
			</report>
			<report>
				<misses>832500000</misses>
				<total>0</total>
				<timestamp>6419.388460</timestamp>
			</report>
			<report>
				<misses>832600000</misses>
				<total>0</total>
				<timestamp>6420.128268</timestamp>
			</report>
			<report>
				<misses>832700000</misses>
				<total>0</total>
				<timestamp>6420.866221</timestamp>
			</report>
			<report>
				<misses>832800000</misses>
				<total>0</total>
				<timestamp>6421.582319</timestamp>
			</report>
			<report>
				<misses>832900000</misses>
				<total>0</total>
				<timestamp>6422.366273</timestamp>
			</report>
			<report>
				<misses>833000000</misses>
				<total>0</total>
				<timestamp>6423.141546</timestamp>
			</report>
			<report>
				<misses>833100000</misses>
				<total>0</total>
				<timestamp>6423.911041</timestamp>
			</report>
			<report>
				<misses>833200000</misses>
				<total>0</total>
				<timestamp>6424.687379</timestamp>
			</report>
			<report>
				<misses>833300000</misses>
				<total>0</total>
				<timestamp>6425.475444</timestamp>
			</report>
			<report>
				<misses>833400000</misses>
				<total>0</total>
				<timestamp>6426.219774</timestamp>
			</report>
			<report>
				<misses>833500000</misses>
				<total>0</total>
				<timestamp>6427.032458</timestamp>
			</report>
			<report>
				<misses>833600000</misses>
				<total>0</total>
				<timestamp>6427.811670</timestamp>
			</report>
			<report>
				<misses>833700000</misses>
				<total>0</total>
				<timestamp>6428.563263</timestamp>
			</report>
			<report>
				<misses>833800000</misses>
				<total>0</total>
				<timestamp>6429.324001</timestamp>
			</report>
			<report>
				<misses>833900000</misses>
				<total>0</total>
				<timestamp>6430.095463</timestamp>
			</report>
			<report>
				<misses>834000000</misses>
				<total>0</total>
				<timestamp>6430.861636</timestamp>
			</report>
			<report>
				<misses>834100000</misses>
				<total>0</total>
				<timestamp>6431.644119</timestamp>
			</report>
			<report>
				<misses>834200000</misses>
				<total>0</total>
				<timestamp>6432.379728</timestamp>
			</report>
			<report>
				<misses>834300000</misses>
				<total>0</total>
				<timestamp>6433.153871</timestamp>
			</report>
			<report>
				<misses>834400000</misses>
				<total>0</total>
				<timestamp>6433.905159</timestamp>
			</report>
			<report>
				<misses>834500000</misses>
				<total>0</total>
				<timestamp>6434.639761</timestamp>
			</report>
			<report>
				<misses>834600000</misses>
				<total>0</total>
				<timestamp>6435.399905</timestamp>
			</report>
			<report>
				<misses>834700000</misses>
				<total>0</total>
				<timestamp>6436.179045</timestamp>
			</report>
			<report>
				<misses>834800000</misses>
				<total>0</total>
				<timestamp>6436.926647</timestamp>
			</report>
			<report>
				<misses>834900000</misses>
				<total>0</total>
				<timestamp>6437.675025</timestamp>
			</report>
			<report>
				<misses>835000000</misses>
				<total>0</total>
				<timestamp>6438.408037</timestamp>
			</report>
			<report>
				<misses>835100000</misses>
				<total>0</total>
				<timestamp>6439.182705</timestamp>
			</report>
			<report>
				<misses>835200000</misses>
				<total>0</total>
				<timestamp>6439.948403</timestamp>
			</report>
			<report>
				<misses>835300000</misses>
				<total>0</total>
				<timestamp>6440.755689</timestamp>
			</report>
			<report>
				<misses>835400000</misses>
				<total>0</total>
				<timestamp>6441.544698</timestamp>
			</report>
			<report>
				<misses>835500000</misses>
				<total>0</total>
				<timestamp>6442.345593</timestamp>
			</report>
			<report>
				<misses>835600000</misses>
				<total>0</total>
				<timestamp>6443.145939</timestamp>
			</report>
			<report>
				<misses>835700000</misses>
				<total>0</total>
				<timestamp>6443.904577</timestamp>
			</report>
			<report>
				<misses>835800000</misses>
				<total>0</total>
				<timestamp>6444.666563</timestamp>
			</report>
			<report>
				<misses>835900000</misses>
				<total>0</total>
				<timestamp>6445.461364</timestamp>
			</report>
			<report>
				<misses>836000000</misses>
				<total>0</total>
				<timestamp>6446.207604</timestamp>
			</report>
			<report>
				<misses>836100000</misses>
				<total>0</total>
				<timestamp>6446.983807</timestamp>
			</report>
			<report>
				<misses>836200000</misses>
				<total>0</total>
				<timestamp>6447.754571</timestamp>
			</report>
			<report>
				<misses>836300000</misses>
				<total>0</total>
				<timestamp>6448.498176</timestamp>
			</report>
			<report>
				<misses>836400000</misses>
				<total>0</total>
				<timestamp>6449.222599</timestamp>
			</report>
			<report>
				<misses>836500000</misses>
				<total>0</total>
				<timestamp>6449.972950</timestamp>
			</report>
			<report>
				<misses>836600000</misses>
				<total>0</total>
				<timestamp>6450.707071</timestamp>
			</report>
			<report>
				<misses>836700000</misses>
				<total>0</total>
				<timestamp>6451.411695</timestamp>
			</report>
			<report>
				<misses>836800000</misses>
				<total>0</total>
				<timestamp>6452.165214</timestamp>
			</report>
			<report>
				<misses>836900000</misses>
				<total>0</total>
				<timestamp>6452.896765</timestamp>
			</report>
			<report>
				<misses>837000000</misses>
				<total>0</total>
				<timestamp>6453.641813</timestamp>
			</report>
			<report>
				<misses>837100000</misses>
				<total>0</total>
				<timestamp>6454.400914</timestamp>
			</report>
			<report>
				<misses>837200000</misses>
				<total>0</total>
				<timestamp>6455.152686</timestamp>
			</report>
			<report>
				<misses>837300000</misses>
				<total>0</total>
				<timestamp>6455.941545</timestamp>
			</report>
			<report>
				<misses>837400000</misses>
				<total>0</total>
				<timestamp>6456.699144</timestamp>
			</report>
			<report>
				<misses>837500000</misses>
				<total>0</total>
				<timestamp>6457.511109</timestamp>
			</report>
			<report>
				<misses>837600000</misses>
				<total>0</total>
				<timestamp>6458.290003</timestamp>
			</report>
			<report>
				<misses>837700000</misses>
				<total>0</total>
				<timestamp>6459.092567</timestamp>
			</report>
			<report>
				<misses>837800000</misses>
				<total>0</total>
				<timestamp>6459.849175</timestamp>
			</report>
			<report>
				<misses>837900000</misses>
				<total>0</total>
				<timestamp>6460.663859</timestamp>
			</report>
			<report>
				<misses>838000000</misses>
				<total>0</total>
				<timestamp>6461.484239</timestamp>
			</report>
			<report>
				<misses>838100000</misses>
				<total>0</total>
				<timestamp>6462.269209</timestamp>
			</report>
			<report>
				<misses>838200000</misses>
				<total>0</total>
				<timestamp>6463.002797</timestamp>
			</report>
			<report>
				<misses>838300000</misses>
				<total>0</total>
				<timestamp>6463.798517</timestamp>
			</report>
			<report>
				<misses>838400000</misses>
				<total>0</total>
				<timestamp>6464.569776</timestamp>
			</report>
			<report>
				<misses>838500000</misses>
				<total>0</total>
				<timestamp>6465.300678</timestamp>
			</report>
			<report>
				<misses>838600000</misses>
				<total>0</total>
				<timestamp>6466.063116</timestamp>
			</report>
			<report>
				<misses>838700000</misses>
				<total>0</total>
				<timestamp>6466.844914</timestamp>
			</report>
			<report>
				<misses>838800000</misses>
				<total>0</total>
				<timestamp>6467.596360</timestamp>
			</report>
			<report>
				<misses>838900000</misses>
				<total>0</total>
				<timestamp>6468.323817</timestamp>
			</report>
			<report>
				<misses>839000000</misses>
				<total>0</total>
				<timestamp>6469.044329</timestamp>
			</report>
			<report>
				<misses>839100000</misses>
				<total>0</total>
				<timestamp>6469.781261</timestamp>
			</report>
			<report>
				<misses>839200000</misses>
				<total>0</total>
				<timestamp>6470.531026</timestamp>
			</report>
			<report>
				<misses>839300000</misses>
				<total>0</total>
				<timestamp>6471.271672</timestamp>
			</report>
			<report>
				<misses>839400000</misses>
				<total>0</total>
				<timestamp>6472.058963</timestamp>
			</report>
			<report>
				<misses>839500000</misses>
				<total>0</total>
				<timestamp>6472.812896</timestamp>
			</report>
			<report>
				<misses>839600000</misses>
				<total>0</total>
				<timestamp>6473.566078</timestamp>
			</report>
			<report>
				<misses>839700000</misses>
				<total>0</total>
				<timestamp>6474.342474</timestamp>
			</report>
			<report>
				<misses>839800000</misses>
				<total>0</total>
				<timestamp>6475.078108</timestamp>
			</report>
			<report>
				<misses>839900000</misses>
				<total>0</total>
				<timestamp>6475.840480</timestamp>
			</report>
			<report>
				<misses>840000000</misses>
				<total>0</total>
				<timestamp>6476.605965</timestamp>
			</report>
			<report>
				<misses>840100000</misses>
				<total>0</total>
				<timestamp>6477.359146</timestamp>
			</report>
			<report>
				<misses>840200000</misses>
				<total>0</total>
				<timestamp>6478.148622</timestamp>
			</report>
			<report>
				<misses>840300000</misses>
				<total>0</total>
				<timestamp>6478.966097</timestamp>
			</report>
			<report>
				<misses>840400000</misses>
				<total>0</total>
				<timestamp>6479.723787</timestamp>
			</report>
			<report>
				<misses>840500000</misses>
				<total>0</total>
				<timestamp>6480.535531</timestamp>
			</report>
			<report>
				<misses>840600000</misses>
				<total>0</total>
				<timestamp>6481.312382</timestamp>
			</report>
			<report>
				<misses>840700000</misses>
				<total>0</total>
				<timestamp>6482.106985</timestamp>
			</report>
			<report>
				<misses>840800000</misses>
				<total>0</total>
				<timestamp>6482.896542</timestamp>
			</report>
			<report>
				<misses>840900000</misses>
				<total>0</total>
				<timestamp>6483.699686</timestamp>
			</report>
			<report>
				<misses>841000000</misses>
				<total>0</total>
				<timestamp>6484.457689</timestamp>
			</report>
			<report>
				<misses>841100000</misses>
				<total>0</total>
				<timestamp>6485.271024</timestamp>
			</report>
			<report>
				<misses>841200000</misses>
				<total>0</total>
				<timestamp>6486.046116</timestamp>
			</report>
			<report>
				<misses>841300000</misses>
				<total>0</total>
				<timestamp>6486.809620</timestamp>
			</report>
			<report>
				<misses>841400000</misses>
				<total>0</total>
				<timestamp>6487.573254</timestamp>
			</report>
			<report>
				<misses>841500000</misses>
				<total>0</total>
				<timestamp>6488.295327</timestamp>
			</report>
			<report>
				<misses>841600000</misses>
				<total>0</total>
				<timestamp>6489.025349</timestamp>
			</report>
			<report>
				<misses>841700000</misses>
				<total>0</total>
				<timestamp>6489.766285</timestamp>
			</report>
			<report>
				<misses>841800000</misses>
				<total>0</total>
				<timestamp>6490.556743</timestamp>
			</report>
			<report>
				<misses>841900000</misses>
				<total>0</total>
				<timestamp>6491.280986</timestamp>
			</report>
			<report>
				<misses>842000000</misses>
				<total>0</total>
				<timestamp>6492.043700</timestamp>
			</report>
			<report>
				<misses>842100000</misses>
				<total>0</total>
				<timestamp>6492.790618</timestamp>
			</report>
			<report>
				<misses>842200000</misses>
				<total>0</total>
				<timestamp>6493.620118</timestamp>
			</report>
			<report>
				<misses>842300000</misses>
				<total>0</total>
				<timestamp>6494.420341</timestamp>
			</report>
			<report>
				<misses>842400000</misses>
				<total>0</total>
				<timestamp>6495.207532</timestamp>
			</report>
			<report>
				<misses>842500000</misses>
				<total>0</total>
				<timestamp>6495.953922</timestamp>
			</report>
			<report>
				<misses>842600000</misses>
				<total>0</total>
				<timestamp>6496.764577</timestamp>
			</report>
			<report>
				<misses>842700000</misses>
				<total>0</total>
				<timestamp>6497.497395</timestamp>
			</report>
			<report>
				<misses>842800000</misses>
				<total>0</total>
				<timestamp>6498.256221</timestamp>
			</report>
			<report>
				<misses>842900000</misses>
				<total>0</total>
				<timestamp>6499.080248</timestamp>
			</report>
			<report>
				<misses>843000000</misses>
				<total>0</total>
				<timestamp>6499.847631</timestamp>
			</report>
			<report>
				<misses>843100000</misses>
				<total>0</total>
				<timestamp>6500.611084</timestamp>
			</report>
			<report>
				<misses>843200000</misses>
				<total>0</total>
				<timestamp>6501.414969</timestamp>
			</report>
			<report>
				<misses>843300000</misses>
				<total>0</total>
				<timestamp>6502.201517</timestamp>
			</report>
			<report>
				<misses>843400000</misses>
				<total>0</total>
				<timestamp>6502.953525</timestamp>
			</report>
			<report>
				<misses>843500000</misses>
				<total>0</total>
				<timestamp>6503.734763</timestamp>
			</report>
			<report>
				<misses>843600000</misses>
				<total>0</total>
				<timestamp>6504.539020</timestamp>
			</report>
			<report>
				<misses>843700000</misses>
				<total>0</total>
				<timestamp>6505.348296</timestamp>
			</report>
			<report>
				<misses>843800000</misses>
				<total>0</total>
				<timestamp>6506.130445</timestamp>
			</report>
			<report>
				<misses>843900000</misses>
				<total>0</total>
				<timestamp>6506.903834</timestamp>
			</report>
			<report>
				<misses>844000000</misses>
				<total>0</total>
				<timestamp>6507.623519</timestamp>
			</report>
			<report>
				<misses>844100000</misses>
				<total>0</total>
				<timestamp>6508.362482</timestamp>
			</report>
			<report>
				<misses>844200000</misses>
				<total>0</total>
				<timestamp>6509.079740</timestamp>
			</report>
			<report>
				<misses>844300000</misses>
				<total>0</total>
				<timestamp>6509.832226</timestamp>
			</report>
			<report>
				<misses>844400000</misses>
				<total>0</total>
				<timestamp>6510.593943</timestamp>
			</report>
			<report>
				<misses>844500000</misses>
				<total>0</total>
				<timestamp>6511.331223</timestamp>
			</report>
			<report>
				<misses>844600000</misses>
				<total>0</total>
				<timestamp>6512.057092</timestamp>
			</report>
			<report>
				<misses>844700000</misses>
				<total>0</total>
				<timestamp>6512.794183</timestamp>
			</report>
			<report>
				<misses>844800000</misses>
				<total>0</total>
				<timestamp>6513.545380</timestamp>
			</report>
			<report>
				<misses>844900000</misses>
				<total>0</total>
				<timestamp>6514.300318</timestamp>
			</report>
			<report>
				<misses>845000000</misses>
				<total>0</total>
				<timestamp>6515.085740</timestamp>
			</report>
			<report>
				<misses>845100000</misses>
				<total>0</total>
				<timestamp>6515.896639</timestamp>
			</report>
			<report>
				<misses>845200000</misses>
				<total>0</total>
				<timestamp>6516.673123</timestamp>
			</report>
			<report>
				<misses>845300000</misses>
				<total>0</total>
				<timestamp>6517.460538</timestamp>
			</report>
			<report>
				<misses>845400000</misses>
				<total>0</total>
				<timestamp>6518.256649</timestamp>
			</report>
			<report>
				<misses>845500000</misses>
				<total>0</total>
				<timestamp>6519.037888</timestamp>
			</report>
			<report>
				<misses>845600000</misses>
				<total>0</total>
				<timestamp>6519.823789</timestamp>
			</report>
			<report>
				<misses>845700000</misses>
				<total>0</total>
				<timestamp>6520.582984</timestamp>
			</report>
			<report>
				<misses>845800000</misses>
				<total>0</total>
				<timestamp>6521.405926</timestamp>
			</report>
			<report>
				<misses>845900000</misses>
				<total>0</total>
				<timestamp>6522.191996</timestamp>
			</report>
			<report>
				<misses>846000000</misses>
				<total>0</total>
				<timestamp>6522.960097</timestamp>
			</report>
			<report>
				<misses>846100000</misses>
				<total>0</total>
				<timestamp>6523.727483</timestamp>
			</report>
			<report>
				<misses>846200000</misses>
				<total>0</total>
				<timestamp>6524.501955</timestamp>
			</report>
			<report>
				<misses>846300000</misses>
				<total>0</total>
				<timestamp>6525.329868</timestamp>
			</report>
			<report>
				<misses>846400000</misses>
				<total>0</total>
				<timestamp>6526.117287</timestamp>
			</report>
			<report>
				<misses>846500000</misses>
				<total>0</total>
				<timestamp>6526.909500</timestamp>
			</report>
			<report>
				<misses>846600000</misses>
				<total>0</total>
				<timestamp>6527.710041</timestamp>
			</report>
			<report>
				<misses>846700000</misses>
				<total>0</total>
				<timestamp>6528.472583</timestamp>
			</report>
			<report>
				<misses>846800000</misses>
				<total>0</total>
				<timestamp>6529.218038</timestamp>
			</report>
			<report>
				<misses>846900000</misses>
				<total>0</total>
				<timestamp>6529.972856</timestamp>
			</report>
			<report>
				<misses>847000000</misses>
				<total>0</total>
				<timestamp>6530.742705</timestamp>
			</report>
			<report>
				<misses>847100000</misses>
				<total>0</total>
				<timestamp>6531.480737</timestamp>
			</report>
			<report>
				<misses>847200000</misses>
				<total>0</total>
				<timestamp>6532.209680</timestamp>
			</report>
			<report>
				<misses>847300000</misses>
				<total>0</total>
				<timestamp>6532.998739</timestamp>
			</report>
			<report>
				<misses>847400000</misses>
				<total>0</total>
				<timestamp>6533.732110</timestamp>
			</report>
			<report>
				<misses>847500000</misses>
				<total>0</total>
				<timestamp>6534.468098</timestamp>
			</report>
			<report>
				<misses>847600000</misses>
				<total>0</total>
				<timestamp>6535.249301</timestamp>
			</report>
			<report>
				<misses>847700000</misses>
				<total>0</total>
				<timestamp>6536.061102</timestamp>
			</report>
			<report>
				<misses>847800000</misses>
				<total>0</total>
				<timestamp>6536.868972</timestamp>
			</report>
			<report>
				<misses>847900000</misses>
				<total>0</total>
				<timestamp>6537.665293</timestamp>
			</report>
			<report>
				<misses>848000000</misses>
				<total>0</total>
				<timestamp>6538.453408</timestamp>
			</report>
			<report>
				<misses>848100000</misses>
				<total>0</total>
				<timestamp>6539.231100</timestamp>
			</report>
			<report>
				<misses>848200000</misses>
				<total>0</total>
				<timestamp>6539.991165</timestamp>
			</report>
			<report>
				<misses>848300000</misses>
				<total>0</total>
				<timestamp>6540.736668</timestamp>
			</report>
			<report>
				<misses>848400000</misses>
				<total>0</total>
				<timestamp>6541.552155</timestamp>
			</report>
			<report>
				<misses>848500000</misses>
				<total>0</total>
				<timestamp>6542.321479</timestamp>
			</report>
			<report>
				<misses>848600000</misses>
				<total>0</total>
				<timestamp>6543.076124</timestamp>
			</report>
			<report>
				<misses>848700000</misses>
				<total>0</total>
				<timestamp>6543.860970</timestamp>
			</report>
			<report>
				<misses>848800000</misses>
				<total>0</total>
				<timestamp>6544.629427</timestamp>
			</report>
			<report>
				<misses>848900000</misses>
				<total>0</total>
				<timestamp>6545.408798</timestamp>
			</report>
			<report>
				<misses>849000000</misses>
				<total>0</total>
				<timestamp>6546.165774</timestamp>
			</report>
			<report>
				<misses>849100000</misses>
				<total>0</total>
				<timestamp>6546.926849</timestamp>
			</report>
			<report>
				<misses>849200000</misses>
				<total>0</total>
				<timestamp>6547.714501</timestamp>
			</report>
			<report>
				<misses>849300000</misses>
				<total>0</total>
				<timestamp>6548.449197</timestamp>
			</report>
			<report>
				<misses>849400000</misses>
				<total>0</total>
				<timestamp>6549.200818</timestamp>
			</report>
			<report>
				<misses>849500000</misses>
				<total>0</total>
				<timestamp>6549.938316</timestamp>
			</report>
			<report>
				<misses>849600000</misses>
				<total>0</total>
				<timestamp>6550.664563</timestamp>
			</report>
			<report>
				<misses>849700000</misses>
				<total>0</total>
				<timestamp>6551.403354</timestamp>
			</report>
			<report>
				<misses>849800000</misses>
				<total>0</total>
				<timestamp>6552.166255</timestamp>
			</report>
			<report>
				<misses>849900000</misses>
				<total>0</total>
				<timestamp>6552.930871</timestamp>
			</report>
			<report>
				<misses>850000000</misses>
				<total>0</total>
				<timestamp>6553.660242</timestamp>
			</report>
			<report>
				<misses>850100000</misses>
				<total>0</total>
				<timestamp>6554.432519</timestamp>
			</report>
			<report>
				<misses>850200000</misses>
				<total>0</total>
				<timestamp>6555.258469</timestamp>
			</report>
			<report>
				<misses>850300000</misses>
				<total>0</total>
				<timestamp>6556.028981</timestamp>
			</report>
			<report>
				<misses>850400000</misses>
				<total>0</total>
				<timestamp>6556.809136</timestamp>
			</report>
			<report>
				<misses>850500000</misses>
				<total>0</total>
				<timestamp>6557.626606</timestamp>
			</report>
			<report>
				<misses>850600000</misses>
				<total>0</total>
				<timestamp>6558.382968</timestamp>
			</report>
			<report>
				<misses>850700000</misses>
				<total>0</total>
				<timestamp>6559.160032</timestamp>
			</report>
			<report>
				<misses>850800000</misses>
				<total>0</total>
				<timestamp>6559.968306</timestamp>
			</report>
			<report>
				<misses>850900000</misses>
				<total>0</total>
				<timestamp>6560.762931</timestamp>
			</report>
			<report>
				<misses>851000000</misses>
				<total>0</total>
				<timestamp>6561.556438</timestamp>
			</report>
			<report>
				<misses>851100000</misses>
				<total>0</total>
				<timestamp>6562.332783</timestamp>
			</report>
			<report>
				<misses>851200000</misses>
				<total>0</total>
				<timestamp>6563.179850</timestamp>
			</report>
			<report>
				<misses>851300000</misses>
				<total>0</total>
				<timestamp>6563.899596</timestamp>
			</report>
			<report>
				<misses>851400000</misses>
				<total>0</total>
				<timestamp>6564.651565</timestamp>
			</report>
			<report>
				<misses>851500000</misses>
				<total>0</total>
				<timestamp>6565.405813</timestamp>
			</report>
			<report>
				<misses>851600000</misses>
				<total>0</total>
				<timestamp>6566.136227</timestamp>
			</report>
			<report>
				<misses>851700000</misses>
				<total>0</total>
				<timestamp>6566.893629</timestamp>
			</report>
			<report>
				<misses>851800000</misses>
				<total>0</total>
				<timestamp>6567.631127</timestamp>
			</report>
			<report>
				<misses>851900000</misses>
				<total>0</total>
				<timestamp>6568.385137</timestamp>
			</report>
			<report>
				<misses>852000000</misses>
				<total>0</total>
				<timestamp>6569.129363</timestamp>
			</report>
			<report>
				<misses>852100000</misses>
				<total>0</total>
				<timestamp>6569.888577</timestamp>
			</report>
			<report>
				<misses>852200000</misses>
				<total>0</total>
				<timestamp>6570.679409</timestamp>
			</report>
			<report>
				<misses>852300000</misses>
				<total>0</total>
				<timestamp>6571.445402</timestamp>
			</report>
			<report>
				<misses>852400000</misses>
				<total>0</total>
				<timestamp>6572.236620</timestamp>
			</report>
			<report>
				<misses>852500000</misses>
				<total>0</total>
				<timestamp>6573.022450</timestamp>
			</report>
			<report>
				<misses>852600000</misses>
				<total>0</total>
				<timestamp>6573.771810</timestamp>
			</report>
			<report>
				<misses>852700000</misses>
				<total>0</total>
				<timestamp>6574.562461</timestamp>
			</report>
			<report>
				<misses>852800000</misses>
				<total>0</total>
				<timestamp>6575.341791</timestamp>
			</report>
			<report>
				<misses>852900000</misses>
				<total>0</total>
				<timestamp>6576.119887</timestamp>
			</report>
			<report>
				<misses>853000000</misses>
				<total>0</total>
				<timestamp>6576.880352</timestamp>
			</report>
			<report>
				<misses>853100000</misses>
				<total>0</total>
				<timestamp>6577.689189</timestamp>
			</report>
			<report>
				<misses>853200000</misses>
				<total>0</total>
				<timestamp>6578.473870</timestamp>
			</report>
			<report>
				<misses>853300000</misses>
				<total>0</total>
				<timestamp>6579.239572</timestamp>
			</report>
			<report>
				<misses>853400000</misses>
				<total>0</total>
				<timestamp>6580.043556</timestamp>
			</report>
			<report>
				<misses>853500000</misses>
				<total>0</total>
				<timestamp>6580.768037</timestamp>
			</report>
			<report>
				<misses>853600000</misses>
				<total>0</total>
				<timestamp>6581.524642</timestamp>
			</report>
			<report>
				<misses>853700000</misses>
				<total>0</total>
				<timestamp>6582.299245</timestamp>
			</report>
			<report>
				<misses>853800000</misses>
				<total>0</total>
				<timestamp>6583.035153</timestamp>
			</report>
			<report>
				<misses>853900000</misses>
				<total>0</total>
				<timestamp>6583.783074</timestamp>
			</report>
			<report>
				<misses>854000000</misses>
				<total>0</total>
				<timestamp>6584.529358</timestamp>
			</report>
			<report>
				<misses>854100000</misses>
				<total>0</total>
				<timestamp>6585.296031</timestamp>
			</report>
			<report>
				<misses>854200000</misses>
				<total>0</total>
				<timestamp>6586.023502</timestamp>
			</report>
			<report>
				<misses>854300000</misses>
				<total>0</total>
				<timestamp>6586.803591</timestamp>
			</report>
			<report>
				<misses>854400000</misses>
				<total>0</total>
				<timestamp>6587.575192</timestamp>
			</report>
			<report>
				<misses>854500000</misses>
				<total>0</total>
				<timestamp>6588.326112</timestamp>
			</report>
			<report>
				<misses>854600000</misses>
				<total>0</total>
				<timestamp>6589.091077</timestamp>
			</report>
			<report>
				<misses>854700000</misses>
				<total>0</total>
				<timestamp>6589.867207</timestamp>
			</report>
			<report>
				<misses>854800000</misses>
				<total>0</total>
				<timestamp>6590.640182</timestamp>
			</report>
			<report>
				<misses>854900000</misses>
				<total>0</total>
				<timestamp>6591.422849</timestamp>
			</report>
			<report>
				<misses>855000000</misses>
				<total>0</total>
				<timestamp>6592.183586</timestamp>
			</report>
			<report>
				<misses>855100000</misses>
				<total>0</total>
				<timestamp>6592.942633</timestamp>
			</report>
			<report>
				<misses>855200000</misses>
				<total>0</total>
				<timestamp>6593.719863</timestamp>
			</report>
			<report>
				<misses>855300000</misses>
				<total>0</total>
				<timestamp>6594.478710</timestamp>
			</report>
			<report>
				<misses>855400000</misses>
				<total>0</total>
				<timestamp>6595.284034</timestamp>
			</report>
			<report>
				<misses>855500000</misses>
				<total>0</total>
				<timestamp>6596.064327</timestamp>
			</report>
			<report>
				<misses>855600000</misses>
				<total>0</total>
				<timestamp>6596.826623</timestamp>
			</report>
			<report>
				<misses>855700000</misses>
				<total>0</total>
				<timestamp>6597.584051</timestamp>
			</report>
			<report>
				<misses>855800000</misses>
				<total>0</total>
				<timestamp>6598.353979</timestamp>
			</report>
			<report>
				<misses>855900000</misses>
				<total>0</total>
				<timestamp>6599.170217</timestamp>
			</report>
			<report>
				<misses>856000000</misses>
				<total>0</total>
				<timestamp>6599.908903</timestamp>
			</report>
			<report>
				<misses>856100000</misses>
				<total>0</total>
				<timestamp>6600.681521</timestamp>
			</report>
			<report>
				<misses>856200000</misses>
				<total>0</total>
				<timestamp>6601.445412</timestamp>
			</report>
			<report>
				<misses>856300000</misses>
				<total>0</total>
				<timestamp>6602.209417</timestamp>
			</report>
			<report>
				<misses>856400000</misses>
				<total>0</total>
				<timestamp>6602.948310</timestamp>
			</report>
			<report>
				<misses>856500000</misses>
				<total>0</total>
				<timestamp>6603.674570</timestamp>
			</report>
			<report>
				<misses>856600000</misses>
				<total>0</total>
				<timestamp>6604.419437</timestamp>
			</report>
			<report>
				<misses>856700000</misses>
				<total>0</total>
				<timestamp>6605.185183</timestamp>
			</report>
			<report>
				<misses>856800000</misses>
				<total>0</total>
				<timestamp>6605.908782</timestamp>
			</report>
			<report>
				<misses>856900000</misses>
				<total>0</total>
				<timestamp>6606.661713</timestamp>
			</report>
			<report>
				<misses>857000000</misses>
				<total>0</total>
				<timestamp>6607.403921</timestamp>
			</report>
			<report>
				<misses>857100000</misses>
				<total>0</total>
				<timestamp>6608.172950</timestamp>
			</report>
			<report>
				<misses>857200000</misses>
				<total>0</total>
				<timestamp>6608.962530</timestamp>
			</report>
			<report>
				<misses>857300000</misses>
				<total>0</total>
				<timestamp>6609.741261</timestamp>
			</report>
			<report>
				<misses>857400000</misses>
				<total>0</total>
				<timestamp>6610.525693</timestamp>
			</report>
			<report>
				<misses>857500000</misses>
				<total>0</total>
				<timestamp>6611.308558</timestamp>
			</report>
			<report>
				<misses>857600000</misses>
				<total>0</total>
				<timestamp>6612.090110</timestamp>
			</report>
			<report>
				<misses>857700000</misses>
				<total>0</total>
				<timestamp>6612.894726</timestamp>
			</report>
			<report>
				<misses>857800000</misses>
				<total>0</total>
				<timestamp>6613.668811</timestamp>
			</report>
			<report>
				<misses>857900000</misses>
				<total>0</total>
				<timestamp>6614.406160</timestamp>
			</report>
			<report>
				<misses>858000000</misses>
				<total>0</total>
				<timestamp>6615.181452</timestamp>
			</report>
			<report>
				<misses>858100000</misses>
				<total>0</total>
				<timestamp>6615.965351</timestamp>
			</report>
			<report>
				<misses>858200000</misses>
				<total>0</total>
				<timestamp>6616.713011</timestamp>
			</report>
			<report>
				<misses>858300000</misses>
				<total>0</total>
				<timestamp>6617.464235</timestamp>
			</report>
			<report>
				<misses>858400000</misses>
				<total>0</total>
				<timestamp>6618.184185</timestamp>
			</report>
			<report>
				<misses>858500000</misses>
				<total>0</total>
				<timestamp>6618.963174</timestamp>
			</report>
			<report>
				<misses>858600000</misses>
				<total>0</total>
				<timestamp>6619.813496</timestamp>
			</report>
			<report>
				<misses>858700000</misses>
				<total>0</total>
				<timestamp>6620.553231</timestamp>
			</report>
			<report>
				<misses>858800000</misses>
				<total>0</total>
				<timestamp>6621.280716</timestamp>
			</report>
			<report>
				<misses>858900000</misses>
				<total>0</total>
				<timestamp>6622.065508</timestamp>
			</report>
			<report>
				<misses>859000000</misses>
				<total>0</total>
				<timestamp>6622.822083</timestamp>
			</report>
			<report>
				<misses>859100000</misses>
				<total>0</total>
				<timestamp>6623.562008</timestamp>
			</report>
			<report>
				<misses>859200000</misses>
				<total>0</total>
				<timestamp>6624.331581</timestamp>
			</report>
			<report>
				<misses>859300000</misses>
				<total>0</total>
				<timestamp>6625.076921</timestamp>
			</report>
			<report>
				<misses>859400000</misses>
				<total>0</total>
				<timestamp>6625.856293</timestamp>
			</report>
			<report>
				<misses>859500000</misses>
				<total>0</total>
				<timestamp>6626.634141</timestamp>
			</report>
			<report>
				<misses>859600000</misses>
				<total>0</total>
				<timestamp>6627.380930</timestamp>
			</report>
			<report>
				<misses>859700000</misses>
				<total>0</total>
				<timestamp>6628.183420</timestamp>
			</report>
			<report>
				<misses>859800000</misses>
				<total>0</total>
				<timestamp>6628.958405</timestamp>
			</report>
			<report>
				<misses>859900000</misses>
				<total>0</total>
				<timestamp>6629.781334</timestamp>
			</report>
			<report>
				<misses>860000000</misses>
				<total>0</total>
				<timestamp>6630.544563</timestamp>
			</report>
			<report>
				<misses>860100000</misses>
				<total>0</total>
				<timestamp>6631.306576</timestamp>
			</report>
			<report>
				<misses>860200000</misses>
				<total>0</total>
				<timestamp>6632.085510</timestamp>
			</report>
			<report>
				<misses>860300000</misses>
				<total>0</total>
				<timestamp>6632.812867</timestamp>
			</report>
			<report>
				<misses>860400000</misses>
				<total>0</total>
				<timestamp>6633.565131</timestamp>
			</report>
			<report>
				<misses>860500000</misses>
				<total>0</total>
				<timestamp>6634.294656</timestamp>
			</report>
			<report>
				<misses>860600000</misses>
				<total>0</total>
				<timestamp>6635.047861</timestamp>
			</report>
			<report>
				<misses>860700000</misses>
				<total>0</total>
				<timestamp>6635.814513</timestamp>
			</report>
			<report>
				<misses>860800000</misses>
				<total>0</total>
				<timestamp>6636.562093</timestamp>
			</report>
			<report>
				<misses>860900000</misses>
				<total>0</total>
				<timestamp>6637.318777</timestamp>
			</report>
			<report>
				<misses>861000000</misses>
				<total>0</total>
				<timestamp>6638.031001</timestamp>
			</report>
			<report>
				<misses>861100000</misses>
				<total>0</total>
				<timestamp>6638.778749</timestamp>
			</report>
			<report>
				<misses>861200000</misses>
				<total>0</total>
				<timestamp>6639.540827</timestamp>
			</report>
			<report>
				<misses>861300000</misses>
				<total>0</total>
				<timestamp>6640.321781</timestamp>
			</report>
			<report>
				<misses>861400000</misses>
				<total>0</total>
				<timestamp>6641.095097</timestamp>
			</report>
			<report>
				<misses>861500000</misses>
				<total>0</total>
				<timestamp>6641.854054</timestamp>
			</report>
			<report>
				<misses>861600000</misses>
				<total>0</total>
				<timestamp>6642.677712</timestamp>
			</report>
			<report>
				<misses>861700000</misses>
				<total>0</total>
				<timestamp>6643.450333</timestamp>
			</report>
			<report>
				<misses>861800000</misses>
				<total>0</total>
				<timestamp>6644.230114</timestamp>
			</report>
			<report>
				<misses>861900000</misses>
				<total>0</total>
				<timestamp>6644.989502</timestamp>
			</report>
			<report>
				<misses>862000000</misses>
				<total>0</total>
				<timestamp>6645.766773</timestamp>
			</report>
			<report>
				<misses>862100000</misses>
				<total>0</total>
				<timestamp>6646.546465</timestamp>
			</report>
			<report>
				<misses>862200000</misses>
				<total>0</total>
				<timestamp>6647.284334</timestamp>
			</report>
			<report>
				<misses>862300000</misses>
				<total>0</total>
				<timestamp>6648.069812</timestamp>
			</report>
			<report>
				<misses>862400000</misses>
				<total>0</total>
				<timestamp>6648.837906</timestamp>
			</report>
			<report>
				<misses>862500000</misses>
				<total>0</total>
				<timestamp>6649.580613</timestamp>
			</report>
			<report>
				<misses>862600000</misses>
				<total>0</total>
				<timestamp>6650.358651</timestamp>
			</report>
			<report>
				<misses>862700000</misses>
				<total>0</total>
				<timestamp>6651.099528</timestamp>
			</report>
			<report>
				<misses>862800000</misses>
				<total>0</total>
				<timestamp>6651.862968</timestamp>
			</report>
			<report>
				<misses>862900000</misses>
				<total>0</total>
				<timestamp>6652.596960</timestamp>
			</report>
			<report>
				<misses>863000000</misses>
				<total>0</total>
				<timestamp>6653.316991</timestamp>
			</report>
			<report>
				<misses>863100000</misses>
				<total>0</total>
				<timestamp>6654.077512</timestamp>
			</report>
			<report>
				<misses>863200000</misses>
				<total>0</total>
				<timestamp>6654.810953</timestamp>
			</report>
			<report>
				<misses>863300000</misses>
				<total>0</total>
				<timestamp>6655.577230</timestamp>
			</report>
			<report>
				<misses>863400000</misses>
				<total>0</total>
				<timestamp>6656.362412</timestamp>
			</report>
			<report>
				<misses>863500000</misses>
				<total>0</total>
				<timestamp>6657.132880</timestamp>
			</report>
			<report>
				<misses>863600000</misses>
				<total>0</total>
				<timestamp>6657.933783</timestamp>
			</report>
			<report>
				<misses>863700000</misses>
				<total>0</total>
				<timestamp>6658.713833</timestamp>
			</report>
			<report>
				<misses>863800000</misses>
				<total>0</total>
				<timestamp>6659.474932</timestamp>
			</report>
			<report>
				<misses>863900000</misses>
				<total>0</total>
				<timestamp>6660.209070</timestamp>
			</report>
			<report>
				<misses>864000000</misses>
				<total>0</total>
				<timestamp>6661.010511</timestamp>
			</report>
			<report>
				<misses>864100000</misses>
				<total>0</total>
				<timestamp>6661.792002</timestamp>
			</report>
			<report>
				<misses>864200000</misses>
				<total>0</total>
				<timestamp>6662.559674</timestamp>
			</report>
			<report>
				<misses>864300000</misses>
				<total>0</total>
				<timestamp>6663.305332</timestamp>
			</report>
			<report>
				<misses>864400000</misses>
				<total>0</total>
				<timestamp>6664.052643</timestamp>
			</report>
			<report>
				<misses>864500000</misses>
				<total>0</total>
				<timestamp>6664.859610</timestamp>
			</report>
			<report>
				<misses>864600000</misses>
				<total>0</total>
				<timestamp>6665.600618</timestamp>
			</report>
			<report>
				<misses>864700000</misses>
				<total>0</total>
				<timestamp>6666.338727</timestamp>
			</report>
			<report>
				<misses>864800000</misses>
				<total>0</total>
				<timestamp>6667.078644</timestamp>
			</report>
			<report>
				<misses>864900000</misses>
				<total>0</total>
				<timestamp>6667.890897</timestamp>
			</report>
			<report>
				<misses>865000000</misses>
				<total>0</total>
				<timestamp>6668.679035</timestamp>
			</report>
			<report>
				<misses>865100000</misses>
				<total>0</total>
				<timestamp>6669.420956</timestamp>
			</report>
			<report>
				<misses>865200000</misses>
				<total>0</total>
				<timestamp>6670.196266</timestamp>
			</report>
			<report>
				<misses>865300000</misses>
				<total>0</total>
				<timestamp>6670.928448</timestamp>
			</report>
			<report>
				<misses>865400000</misses>
				<total>0</total>
				<timestamp>6671.686299</timestamp>
			</report>
			<report>
				<misses>865500000</misses>
				<total>0</total>
				<timestamp>6672.488119</timestamp>
			</report>
			<report>
				<misses>865600000</misses>
				<total>0</total>
				<timestamp>6673.259891</timestamp>
			</report>
			<report>
				<misses>865700000</misses>
				<total>0</total>
				<timestamp>6674.080929</timestamp>
			</report>
			<report>
				<misses>865800000</misses>
				<total>0</total>
				<timestamp>6674.871746</timestamp>
			</report>
			<report>
				<misses>865900000</misses>
				<total>0</total>
				<timestamp>6675.611525</timestamp>
			</report>
			<report>
				<misses>866000000</misses>
				<total>0</total>
				<timestamp>6676.360348</timestamp>
			</report>
			<report>
				<misses>866100000</misses>
				<total>0</total>
				<timestamp>6677.180783</timestamp>
			</report>
			<report>
				<misses>866200000</misses>
				<total>0</total>
				<timestamp>6677.997744</timestamp>
			</report>
			<report>
				<misses>866300000</misses>
				<total>0</total>
				<timestamp>6678.768142</timestamp>
			</report>
			<report>
				<misses>866400000</misses>
				<total>0</total>
				<timestamp>6679.550051</timestamp>
			</report>
			<report>
				<misses>866500000</misses>
				<total>0</total>
				<timestamp>6680.324847</timestamp>
			</report>
			<report>
				<misses>866600000</misses>
				<total>0</total>
				<timestamp>6681.092447</timestamp>
			</report>
			<report>
				<misses>866700000</misses>
				<total>0</total>
				<timestamp>6681.893194</timestamp>
			</report>
			<report>
				<misses>866800000</misses>
				<total>0</total>
				<timestamp>6682.650341</timestamp>
			</report>
			<report>
				<misses>866900000</misses>
				<total>0</total>
				<timestamp>6683.430247</timestamp>
			</report>
			<report>
				<misses>867000000</misses>
				<total>0</total>
				<timestamp>6684.214792</timestamp>
			</report>
			<report>
				<misses>867100000</misses>
				<total>0</total>
				<timestamp>6684.997985</timestamp>
			</report>
			<report>
				<misses>867200000</misses>
				<total>0</total>
				<timestamp>6685.828475</timestamp>
			</report>
			<report>
				<misses>867300000</misses>
				<total>0</total>
				<timestamp>6686.568672</timestamp>
			</report>
			<report>
				<misses>867400000</misses>
				<total>0</total>
				<timestamp>6687.328205</timestamp>
			</report>
			<report>
				<misses>867500000</misses>
				<total>0</total>
				<timestamp>6688.101366</timestamp>
			</report>
			<report>
				<misses>867600000</misses>
				<total>0</total>
				<timestamp>6688.868044</timestamp>
			</report>
			<report>
				<misses>867700000</misses>
				<total>0</total>
				<timestamp>6689.597262</timestamp>
			</report>
			<report>
				<misses>867800000</misses>
				<total>0</total>
				<timestamp>6690.334867</timestamp>
			</report>
			<report>
				<misses>867900000</misses>
				<total>0</total>
				<timestamp>6691.079728</timestamp>
			</report>
			<report>
				<misses>868000000</misses>
				<total>0</total>
				<timestamp>6691.806938</timestamp>
			</report>
			<report>
				<misses>868100000</misses>
				<total>0</total>
				<timestamp>6692.559183</timestamp>
			</report>
			<report>
				<misses>868200000</misses>
				<total>0</total>
				<timestamp>6693.364052</timestamp>
			</report>
			<report>
				<misses>868300000</misses>
				<total>0</total>
				<timestamp>6694.153552</timestamp>
			</report>
			<report>
				<misses>868400000</misses>
				<total>0</total>
				<timestamp>6694.934629</timestamp>
			</report>
			<report>
				<misses>868500000</misses>
				<total>0</total>
				<timestamp>6695.736039</timestamp>
			</report>
			<report>
				<misses>868600000</misses>
				<total>0</total>
				<timestamp>6696.534106</timestamp>
			</report>
			<report>
				<misses>868700000</misses>
				<total>0</total>
				<timestamp>6697.311721</timestamp>
			</report>
			<report>
				<misses>868800000</misses>
				<total>0</total>
				<timestamp>6698.058891</timestamp>
			</report>
			<report>
				<misses>868900000</misses>
				<total>0</total>
				<timestamp>6698.813951</timestamp>
			</report>
			<report>
				<misses>869000000</misses>
				<total>0</total>
				<timestamp>6699.593547</timestamp>
			</report>
			<report>
				<misses>869100000</misses>
				<total>0</total>
				<timestamp>6700.395963</timestamp>
			</report>
			<report>
				<misses>869200000</misses>
				<total>0</total>
				<timestamp>6701.169483</timestamp>
			</report>
			<report>
				<misses>869300000</misses>
				<total>0</total>
				<timestamp>6701.913904</timestamp>
			</report>
			<report>
				<misses>869400000</misses>
				<total>0</total>
				<timestamp>6702.709751</timestamp>
			</report>
			<report>
				<misses>869500000</misses>
				<total>0</total>
				<timestamp>6703.439707</timestamp>
			</report>
			<report>
				<misses>869600000</misses>
				<total>0</total>
				<timestamp>6704.179641</timestamp>
			</report>
			<report>
				<misses>869700000</misses>
				<total>0</total>
				<timestamp>6704.926782</timestamp>
			</report>
			<report>
				<misses>869800000</misses>
				<total>0</total>
				<timestamp>6705.663780</timestamp>
			</report>
			<report>
				<misses>869900000</misses>
				<total>0</total>
				<timestamp>6706.412313</timestamp>
			</report>
			<report>
				<misses>870000000</misses>
				<total>0</total>
				<timestamp>6707.182546</timestamp>
			</report>
			<report>
				<misses>870100000</misses>
				<total>0</total>
				<timestamp>6707.938055</timestamp>
			</report>
			<report>
				<misses>870200000</misses>
				<total>0</total>
				<timestamp>6708.662362</timestamp>
			</report>
			<report>
				<misses>870300000</misses>
				<total>0</total>
				<timestamp>6709.445993</timestamp>
			</report>
			<report>
				<misses>870400000</misses>
				<total>0</total>
				<timestamp>6710.214839</timestamp>
			</report>
			<report>
				<misses>870500000</misses>
				<total>0</total>
				<timestamp>6710.994491</timestamp>
			</report>
			<report>
				<misses>870600000</misses>
				<total>0</total>
				<timestamp>6711.763375</timestamp>
			</report>
			<report>
				<misses>870700000</misses>
				<total>0</total>
				<timestamp>6712.528911</timestamp>
			</report>
			<report>
				<misses>870800000</misses>
				<total>0</total>
				<timestamp>6713.315269</timestamp>
			</report>
			<report>
				<misses>870900000</misses>
				<total>0</total>
				<timestamp>6714.059538</timestamp>
			</report>
			<report>
				<misses>871000000</misses>
				<total>0</total>
				<timestamp>6714.827278</timestamp>
			</report>
			<report>
				<misses>871100000</misses>
				<total>0</total>
				<timestamp>6715.596247</timestamp>
			</report>
			<report>
				<misses>871200000</misses>
				<total>0</total>
				<timestamp>6716.352299</timestamp>
			</report>
			<report>
				<misses>871300000</misses>
				<total>0</total>
				<timestamp>6717.127930</timestamp>
			</report>
			<report>
				<misses>871400000</misses>
				<total>0</total>
				<timestamp>6717.899334</timestamp>
			</report>
			<report>
				<misses>871500000</misses>
				<total>0</total>
				<timestamp>6718.665922</timestamp>
			</report>
			<report>
				<misses>871600000</misses>
				<total>0</total>
				<timestamp>6719.445455</timestamp>
			</report>
			<report>
				<misses>871700000</misses>
				<total>0</total>
				<timestamp>6720.148015</timestamp>
			</report>
			<report>
				<misses>871800000</misses>
				<total>0</total>
				<timestamp>6720.877548</timestamp>
			</report>
			<report>
				<misses>871900000</misses>
				<total>0</total>
				<timestamp>6721.618813</timestamp>
			</report>
			<report>
				<misses>872000000</misses>
				<total>0</total>
				<timestamp>6722.344884</timestamp>
			</report>
			<report>
				<misses>872100000</misses>
				<total>0</total>
				<timestamp>6723.080420</timestamp>
			</report>
			<report>
				<misses>872200000</misses>
				<total>0</total>
				<timestamp>6723.836210</timestamp>
			</report>
			<report>
				<misses>872300000</misses>
				<total>0</total>
				<timestamp>6724.601209</timestamp>
			</report>
			<report>
				<misses>872400000</misses>
				<total>0</total>
				<timestamp>6725.344985</timestamp>
			</report>
			<report>
				<misses>872500000</misses>
				<total>0</total>
				<timestamp>6726.112842</timestamp>
			</report>
			<report>
				<misses>872600000</misses>
				<total>0</total>
				<timestamp>6726.855986</timestamp>
			</report>
			<report>
				<misses>872700000</misses>
				<total>0</total>
				<timestamp>6727.633955</timestamp>
			</report>
			<report>
				<misses>872800000</misses>
				<total>0</total>
				<timestamp>6728.402476</timestamp>
			</report>
			<report>
				<misses>872900000</misses>
				<total>0</total>
				<timestamp>6729.154594</timestamp>
			</report>
			<report>
				<misses>873000000</misses>
				<total>0</total>
				<timestamp>6729.970144</timestamp>
			</report>
			<report>
				<misses>873100000</misses>
				<total>0</total>
				<timestamp>6730.727547</timestamp>
			</report>
			<report>
				<misses>873200000</misses>
				<total>0</total>
				<timestamp>6731.507863</timestamp>
			</report>
			<report>
				<misses>873300000</misses>
				<total>0</total>
				<timestamp>6732.273725</timestamp>
			</report>
			<report>
				<misses>873400000</misses>
				<total>0</total>
				<timestamp>6733.028702</timestamp>
			</report>
			<report>
				<misses>873500000</misses>
				<total>0</total>
				<timestamp>6733.824064</timestamp>
			</report>
			<report>
				<misses>873600000</misses>
				<total>0</total>
				<timestamp>6734.612808</timestamp>
			</report>
			<report>
				<misses>873700000</misses>
				<total>0</total>
				<timestamp>6735.408793</timestamp>
			</report>
			<report>
				<misses>873800000</misses>
				<total>0</total>
				<timestamp>6736.139408</timestamp>
			</report>
			<report>
				<misses>873900000</misses>
				<total>0</total>
				<timestamp>6736.861121</timestamp>
			</report>
			<report>
				<misses>874000000</misses>
				<total>0</total>
				<timestamp>6737.590225</timestamp>
			</report>
			<report>
				<misses>874100000</misses>
				<total>0</total>
				<timestamp>6738.323776</timestamp>
			</report>
			<report>
				<misses>874200000</misses>
				<total>0</total>
				<timestamp>6739.082163</timestamp>
			</report>
			<report>
				<misses>874300000</misses>
				<total>0</total>
				<timestamp>6739.821968</timestamp>
			</report>
			<report>
				<misses>874400000</misses>
				<total>0</total>
				<timestamp>6740.566200</timestamp>
			</report>
			<report>
				<misses>874500000</misses>
				<total>0</total>
				<timestamp>6741.318427</timestamp>
			</report>
			<report>
				<misses>874600000</misses>
				<total>0</total>
				<timestamp>6742.030182</timestamp>
			</report>
			<report>
				<misses>874700000</misses>
				<total>0</total>
				<timestamp>6742.785597</timestamp>
			</report>
			<report>
				<misses>874800000</misses>
				<total>0</total>
				<timestamp>6743.560203</timestamp>
			</report>
			<report>
				<misses>874900000</misses>
				<total>0</total>
				<timestamp>6744.342419</timestamp>
			</report>
			<report>
				<misses>875000000</misses>
				<total>0</total>
				<timestamp>6745.108426</timestamp>
			</report>
			<report>
				<misses>875100000</misses>
				<total>0</total>
				<timestamp>6745.905480</timestamp>
			</report>
			<report>
				<misses>875200000</misses>
				<total>0</total>
				<timestamp>6746.707169</timestamp>
			</report>
			<report>
				<misses>875300000</misses>
				<total>0</total>
				<timestamp>6747.493772</timestamp>
			</report>
			<report>
				<misses>875400000</misses>
				<total>0</total>
				<timestamp>6748.286689</timestamp>
			</report>
			<report>
				<misses>875500000</misses>
				<total>0</total>
				<timestamp>6749.064562</timestamp>
			</report>
			<report>
				<misses>875600000</misses>
				<total>0</total>
				<timestamp>6749.841646</timestamp>
			</report>
			<report>
				<misses>875700000</misses>
				<total>0</total>
				<timestamp>6750.638673</timestamp>
			</report>
			<report>
				<misses>875800000</misses>
				<total>0</total>
				<timestamp>6751.429958</timestamp>
			</report>
			<report>
				<misses>875900000</misses>
				<total>0</total>
				<timestamp>6752.173193</timestamp>
			</report>
			<report>
				<misses>876000000</misses>
				<total>0</total>
				<timestamp>6752.957273</timestamp>
			</report>
			<report>
				<misses>876100000</misses>
				<total>0</total>
				<timestamp>6753.727742</timestamp>
			</report>
			<report>
				<misses>876200000</misses>
				<total>0</total>
				<timestamp>6754.485695</timestamp>
			</report>
			<report>
				<misses>876300000</misses>
				<total>0</total>
				<timestamp>6755.227681</timestamp>
			</report>
			<report>
				<misses>876400000</misses>
				<total>0</total>
				<timestamp>6755.994927</timestamp>
			</report>
			<report>
				<misses>876500000</misses>
				<total>0</total>
				<timestamp>6756.777860</timestamp>
			</report>
			<report>
				<misses>876600000</misses>
				<total>0</total>
				<timestamp>6757.549402</timestamp>
			</report>
			<report>
				<misses>876700000</misses>
				<total>0</total>
				<timestamp>6758.374036</timestamp>
			</report>
			<report>
				<misses>876800000</misses>
				<total>0</total>
				<timestamp>6759.138256</timestamp>
			</report>
			<report>
				<misses>876900000</misses>
				<total>0</total>
				<timestamp>6759.937238</timestamp>
			</report>
			<report>
				<misses>877000000</misses>
				<total>0</total>
				<timestamp>6760.720415</timestamp>
			</report>
			<report>
				<misses>877100000</misses>
				<total>0</total>
				<timestamp>6761.479028</timestamp>
			</report>
			<report>
				<misses>877200000</misses>
				<total>0</total>
				<timestamp>6762.241778</timestamp>
			</report>
			<report>
				<misses>877300000</misses>
				<total>0</total>
				<timestamp>6763.000928</timestamp>
			</report>
			<report>
				<misses>877400000</misses>
				<total>0</total>
				<timestamp>6763.755481</timestamp>
			</report>
			<report>
				<misses>877500000</misses>
				<total>0</total>
				<timestamp>6764.485254</timestamp>
			</report>
			<report>
				<misses>877600000</misses>
				<total>0</total>
				<timestamp>6765.221566</timestamp>
			</report>
			<report>
				<misses>877700000</misses>
				<total>0</total>
				<timestamp>6765.948008</timestamp>
			</report>
			<report>
				<misses>877800000</misses>
				<total>0</total>
				<timestamp>6766.704547</timestamp>
			</report>
			<report>
				<misses>877900000</misses>
				<total>0</total>
				<timestamp>6767.440425</timestamp>
			</report>
			<report>
				<misses>878000000</misses>
				<total>0</total>
				<timestamp>6768.203205</timestamp>
			</report>
			<report>
				<misses>878100000</misses>
				<total>0</total>
				<timestamp>6768.963290</timestamp>
			</report>
			<report>
				<misses>878200000</misses>
				<total>0</total>
				<timestamp>6769.754841</timestamp>
			</report>
			<report>
				<misses>878300000</misses>
				<total>0</total>
				<timestamp>6770.496946</timestamp>
			</report>
			<report>
				<misses>878400000</misses>
				<total>0</total>
				<timestamp>6771.279369</timestamp>
			</report>
			<report>
				<misses>878500000</misses>
				<total>0</total>
				<timestamp>6772.047733</timestamp>
			</report>
			<report>
				<misses>878600000</misses>
				<total>0</total>
				<timestamp>6772.853090</timestamp>
			</report>
			<report>
				<misses>878700000</misses>
				<total>0</total>
				<timestamp>6773.646704</timestamp>
			</report>
			<report>
				<misses>878800000</misses>
				<total>0</total>
				<timestamp>6774.382729</timestamp>
			</report>
			<report>
				<misses>878900000</misses>
				<total>0</total>
				<timestamp>6775.198285</timestamp>
			</report>
			<report>
				<misses>879000000</misses>
				<total>0</total>
				<timestamp>6775.952602</timestamp>
			</report>
			<report>
				<misses>879100000</misses>
				<total>0</total>
				<timestamp>6776.725535</timestamp>
			</report>
			<report>
				<misses>879200000</misses>
				<total>0</total>
				<timestamp>6777.500040</timestamp>
			</report>
			<report>
				<misses>879300000</misses>
				<total>0</total>
				<timestamp>6778.244452</timestamp>
			</report>
			<report>
				<misses>879400000</misses>
				<total>0</total>
				<timestamp>6779.057426</timestamp>
			</report>
			<report>
				<misses>879500000</misses>
				<total>0</total>
				<timestamp>6779.834196</timestamp>
			</report>
			<report>
				<misses>879600000</misses>
				<total>0</total>
				<timestamp>6780.603477</timestamp>
			</report>
			<report>
				<misses>879700000</misses>
				<total>0</total>
				<timestamp>6781.401882</timestamp>
			</report>
			<report>
				<misses>879800000</misses>
				<total>0</total>
				<timestamp>6782.169389</timestamp>
			</report>
			<report>
				<misses>879900000</misses>
				<total>0</total>
				<timestamp>6782.886036</timestamp>
			</report>
			<report>
				<misses>880000000</misses>
				<total>0</total>
				<timestamp>6783.691102</timestamp>
			</report>
			<report>
				<misses>880100000</misses>
				<total>0</total>
				<timestamp>6784.444964</timestamp>
			</report>
			<report>
				<misses>880200000</misses>
				<total>0</total>
				<timestamp>6785.171737</timestamp>
			</report>
			<report>
				<misses>880300000</misses>
				<total>0</total>
				<timestamp>6785.896459</timestamp>
			</report>
			<report>
				<misses>880400000</misses>
				<total>0</total>
				<timestamp>6786.674827</timestamp>
			</report>
			<report>
				<misses>880500000</misses>
				<total>0</total>
				<timestamp>6787.473131</timestamp>
			</report>
			<report>
				<misses>880600000</misses>
				<total>0</total>
				<timestamp>6788.202943</timestamp>
			</report>
			<report>
				<misses>880700000</misses>
				<total>0</total>
				<timestamp>6789.026418</timestamp>
			</report>
			<report>
				<misses>880800000</misses>
				<total>0</total>
				<timestamp>6789.766492</timestamp>
			</report>
			<report>
				<misses>880900000</misses>
				<total>0</total>
				<timestamp>6790.498159</timestamp>
			</report>
			<report>
				<misses>881000000</misses>
				<total>0</total>
				<timestamp>6791.232354</timestamp>
			</report>
			<report>
				<misses>881100000</misses>
				<total>0</total>
				<timestamp>6792.008545</timestamp>
			</report>
			<report>
				<misses>881200000</misses>
				<total>0</total>
				<timestamp>6792.776858</timestamp>
			</report>
			<report>
				<misses>881300000</misses>
				<total>0</total>
				<timestamp>6793.549689</timestamp>
			</report>
			<report>
				<misses>881400000</misses>
				<total>0</total>
				<timestamp>6794.302377</timestamp>
			</report>
			<report>
				<misses>881500000</misses>
				<total>0</total>
				<timestamp>6795.132120</timestamp>
			</report>
			<report>
				<misses>881600000</misses>
				<total>0</total>
				<timestamp>6795.947916</timestamp>
			</report>
			<report>
				<misses>881700000</misses>
				<total>0</total>
				<timestamp>6796.728879</timestamp>
			</report>
			<report>
				<misses>881800000</misses>
				<total>0</total>
				<timestamp>6797.528725</timestamp>
			</report>
			<report>
				<misses>881900000</misses>
				<total>0</total>
				<timestamp>6798.276482</timestamp>
			</report>
			<report>
				<misses>882000000</misses>
				<total>0</total>
				<timestamp>6799.022948</timestamp>
			</report>
			<report>
				<misses>882100000</misses>
				<total>0</total>
				<timestamp>6799.757179</timestamp>
			</report>
			<report>
				<misses>882200000</misses>
				<total>0</total>
				<timestamp>6800.544388</timestamp>
			</report>
			<report>
				<misses>882300000</misses>
				<total>0</total>
				<timestamp>6801.316021</timestamp>
			</report>
			<report>
				<misses>882400000</misses>
				<total>0</total>
				<timestamp>6802.093419</timestamp>
			</report>
			<report>
				<misses>882500000</misses>
				<total>0</total>
				<timestamp>6802.843075</timestamp>
			</report>
			<report>
				<misses>882600000</misses>
				<total>0</total>
				<timestamp>6803.587048</timestamp>
			</report>
			<report>
				<misses>882700000</misses>
				<total>0</total>
				<timestamp>6804.318986</timestamp>
			</report>
			<report>
				<misses>882800000</misses>
				<total>0</total>
				<timestamp>6805.091305</timestamp>
			</report>
			<report>
				<misses>882900000</misses>
				<total>0</total>
				<timestamp>6805.832295</timestamp>
			</report>
			<report>
				<misses>883000000</misses>
				<total>0</total>
				<timestamp>6806.576555</timestamp>
			</report>
			<report>
				<misses>883100000</misses>
				<total>0</total>
				<timestamp>6807.341849</timestamp>
			</report>
			<report>
				<misses>883200000</misses>
				<total>0</total>
				<timestamp>6808.097449</timestamp>
			</report>
			<report>
				<misses>883300000</misses>
				<total>0</total>
				<timestamp>6808.832163</timestamp>
			</report>
			<report>
				<misses>883400000</misses>
				<total>0</total>
				<timestamp>6809.596159</timestamp>
			</report>
			<report>
				<misses>883500000</misses>
				<total>0</total>
				<timestamp>6810.378153</timestamp>
			</report>
			<report>
				<misses>883600000</misses>
				<total>0</total>
				<timestamp>6811.157987</timestamp>
			</report>
			<report>
				<misses>883700000</misses>
				<total>0</total>
				<timestamp>6812.001571</timestamp>
			</report>
			<report>
				<misses>883800000</misses>
				<total>0</total>
				<timestamp>6812.801781</timestamp>
			</report>
			<report>
				<misses>883900000</misses>
				<total>0</total>
				<timestamp>6813.595980</timestamp>
			</report>
			<report>
				<misses>884000000</misses>
				<total>0</total>
				<timestamp>6814.347833</timestamp>
			</report>
			<report>
				<misses>884100000</misses>
				<total>0</total>
				<timestamp>6815.125096</timestamp>
			</report>
			<report>
				<misses>884200000</misses>
				<total>0</total>
				<timestamp>6815.883736</timestamp>
			</report>
			<report>
				<misses>884300000</misses>
				<total>0</total>
				<timestamp>6816.644774</timestamp>
			</report>
			<report>
				<misses>884400000</misses>
				<total>0</total>
				<timestamp>6817.405978</timestamp>
			</report>
			<report>
				<misses>884500000</misses>
				<total>0</total>
				<timestamp>6818.167438</timestamp>
			</report>
			<report>
				<misses>884600000</misses>
				<total>0</total>
				<timestamp>6818.944462</timestamp>
			</report>
			<report>
				<misses>884700000</misses>
				<total>0</total>
				<timestamp>6819.758479</timestamp>
			</report>
			<report>
				<misses>884800000</misses>
				<total>0</total>
				<timestamp>6820.503466</timestamp>
			</report>
			<report>
				<misses>884900000</misses>
				<total>0</total>
				<timestamp>6821.296920</timestamp>
			</report>
			<report>
				<misses>885000000</misses>
				<total>0</total>
				<timestamp>6822.064107</timestamp>
			</report>
			<report>
				<misses>885100000</misses>
				<total>0</total>
				<timestamp>6822.840540</timestamp>
			</report>
			<report>
				<misses>885200000</misses>
				<total>0</total>
				<timestamp>6823.576368</timestamp>
			</report>
			<report>
				<misses>885300000</misses>
				<total>0</total>
				<timestamp>6824.343314</timestamp>
			</report>
			<report>
				<misses>885400000</misses>
				<total>0</total>
				<timestamp>6825.096059</timestamp>
			</report>
			<report>
				<misses>885500000</misses>
				<total>0</total>
				<timestamp>6825.821742</timestamp>
			</report>
			<report>
				<misses>885600000</misses>
				<total>0</total>
				<timestamp>6826.601279</timestamp>
			</report>
			<report>
				<misses>885700000</misses>
				<total>0</total>
				<timestamp>6827.352246</timestamp>
			</report>
			<report>
				<misses>885800000</misses>
				<total>0</total>
				<timestamp>6828.111376</timestamp>
			</report>
			<report>
				<misses>885900000</misses>
				<total>0</total>
				<timestamp>6828.890605</timestamp>
			</report>
			<report>
				<misses>886000000</misses>
				<total>0</total>
				<timestamp>6829.656112</timestamp>
			</report>
			<report>
				<misses>886100000</misses>
				<total>0</total>
				<timestamp>6830.443370</timestamp>
			</report>
			<report>
				<misses>886200000</misses>
				<total>0</total>
				<timestamp>6831.191372</timestamp>
			</report>
			<report>
				<misses>886300000</misses>
				<total>0</total>
				<timestamp>6831.981059</timestamp>
			</report>
			<report>
				<misses>886400000</misses>
				<total>0</total>
				<timestamp>6832.764614</timestamp>
			</report>
			<report>
				<misses>886500000</misses>
				<total>0</total>
				<timestamp>6833.549780</timestamp>
			</report>
			<report>
				<misses>886600000</misses>
				<total>0</total>
				<timestamp>6834.385028</timestamp>
			</report>
			<report>
				<misses>886700000</misses>
				<total>0</total>
				<timestamp>6835.203788</timestamp>
			</report>
			<report>
				<misses>886800000</misses>
				<total>0</total>
				<timestamp>6835.994186</timestamp>
			</report>
			<report>
				<misses>886900000</misses>
				<total>0</total>
				<timestamp>6836.743059</timestamp>
			</report>
			<report>
				<misses>887000000</misses>
				<total>0</total>
				<timestamp>6837.517572</timestamp>
			</report>
			<report>
				<misses>887100000</misses>
				<total>0</total>
				<timestamp>6838.276625</timestamp>
			</report>
			<report>
				<misses>887200000</misses>
				<total>0</total>
				<timestamp>6839.038768</timestamp>
			</report>
			<report>
				<misses>887300000</misses>
				<total>0</total>
				<timestamp>6839.818557</timestamp>
			</report>
			<report>
				<misses>887400000</misses>
				<total>0</total>
				<timestamp>6840.579666</timestamp>
			</report>
			<report>
				<misses>887500000</misses>
				<total>0</total>
				<timestamp>6841.389786</timestamp>
			</report>
			<report>
				<misses>887600000</misses>
				<total>0</total>
				<timestamp>6842.146864</timestamp>
			</report>
			<report>
				<misses>887700000</misses>
				<total>0</total>
				<timestamp>6842.922275</timestamp>
			</report>
			<report>
				<misses>887800000</misses>
				<total>0</total>
				<timestamp>6843.713736</timestamp>
			</report>
			<report>
				<misses>887900000</misses>
				<total>0</total>
				<timestamp>6844.521898</timestamp>
			</report>
			<report>
				<misses>888000000</misses>
				<total>0</total>
				<timestamp>6845.315637</timestamp>
			</report>
			<report>
				<misses>888100000</misses>
				<total>0</total>
				<timestamp>6846.080613</timestamp>
			</report>
			<report>
				<misses>888200000</misses>
				<total>0</total>
				<timestamp>6846.841094</timestamp>
			</report>
			<report>
				<misses>888300000</misses>
				<total>0</total>
				<timestamp>6847.616755</timestamp>
			</report>
			<report>
				<misses>888400000</misses>
				<total>0</total>
				<timestamp>6848.427390</timestamp>
			</report>
			<report>
				<misses>888500000</misses>
				<total>0</total>
				<timestamp>6849.165779</timestamp>
			</report>
			<report>
				<misses>888600000</misses>
				<total>0</total>
				<timestamp>6849.943759</timestamp>
			</report>
			<report>
				<misses>888700000</misses>
				<total>0</total>
				<timestamp>6850.708062</timestamp>
			</report>
			<report>
				<misses>888800000</misses>
				<total>0</total>
				<timestamp>6851.467050</timestamp>
			</report>
			<report>
				<misses>888900000</misses>
				<total>0</total>
				<timestamp>6852.273748</timestamp>
			</report>
			<report>
				<misses>889000000</misses>
				<total>0</total>
				<timestamp>6853.048336</timestamp>
			</report>
			<report>
				<misses>889100000</misses>
				<total>0</total>
				<timestamp>6853.827701</timestamp>
			</report>
			<report>
				<misses>889200000</misses>
				<total>0</total>
				<timestamp>6854.572438</timestamp>
			</report>
			<report>
				<misses>889300000</misses>
				<total>0</total>
				<timestamp>6855.327491</timestamp>
			</report>
			<report>
				<misses>889400000</misses>
				<total>0</total>
				<timestamp>6856.088796</timestamp>
			</report>
			<report>
				<misses>889500000</misses>
				<total>0</total>
				<timestamp>6856.834929</timestamp>
			</report>
			<report>
				<misses>889600000</misses>
				<total>0</total>
				<timestamp>6857.584151</timestamp>
			</report>
			<report>
				<misses>889700000</misses>
				<total>0</total>
				<timestamp>6858.318991</timestamp>
			</report>
			<report>
				<misses>889800000</misses>
				<total>0</total>
				<timestamp>6859.047871</timestamp>
			</report>
			<report>
				<misses>889900000</misses>
				<total>0</total>
				<timestamp>6859.784489</timestamp>
			</report>
			<report>
				<misses>890000000</misses>
				<total>0</total>
				<timestamp>6860.531283</timestamp>
			</report>
			<report>
				<misses>890100000</misses>
				<total>0</total>
				<timestamp>6861.255724</timestamp>
			</report>
			<report>
				<misses>890200000</misses>
				<total>0</total>
				<timestamp>6862.017708</timestamp>
			</report>
			<report>
				<misses>890300000</misses>
				<total>0</total>
				<timestamp>6862.813995</timestamp>
			</report>
			<report>
				<misses>890400000</misses>
				<total>0</total>
				<timestamp>6863.568708</timestamp>
			</report>
			<report>
				<misses>890500000</misses>
				<total>0</total>
				<timestamp>6864.335899</timestamp>
			</report>
			<report>
				<misses>890600000</misses>
				<total>0</total>
				<timestamp>6865.099132</timestamp>
			</report>
			<report>
				<misses>890700000</misses>
				<total>0</total>
				<timestamp>6865.869160</timestamp>
			</report>
			<report>
				<misses>890800000</misses>
				<total>0</total>
				<timestamp>6866.643508</timestamp>
			</report>
			<report>
				<misses>890900000</misses>
				<total>0</total>
				<timestamp>6867.406985</timestamp>
			</report>
			<report>
				<misses>891000000</misses>
				<total>0</total>
				<timestamp>6868.158384</timestamp>
			</report>
			<report>
				<misses>891100000</misses>
				<total>0</total>
				<timestamp>6868.918651</timestamp>
			</report>
			<report>
				<misses>891200000</misses>
				<total>0</total>
				<timestamp>6869.738016</timestamp>
			</report>
			<report>
				<misses>891300000</misses>
				<total>0</total>
				<timestamp>6870.487623</timestamp>
			</report>
			<report>
				<misses>891400000</misses>
				<total>0</total>
				<timestamp>6871.281384</timestamp>
			</report>
			<report>
				<misses>891500000</misses>
				<total>0</total>
				<timestamp>6872.048099</timestamp>
			</report>
			<report>
				<misses>891600000</misses>
				<total>0</total>
				<timestamp>6872.803863</timestamp>
			</report>
			<report>
				<misses>891700000</misses>
				<total>0</total>
				<timestamp>6873.535934</timestamp>
			</report>
			<report>
				<misses>891800000</misses>
				<total>0</total>
				<timestamp>6874.290802</timestamp>
			</report>
			<report>
				<misses>891900000</misses>
				<total>0</total>
				<timestamp>6875.031721</timestamp>
			</report>
			<report>
				<misses>892000000</misses>
				<total>0</total>
				<timestamp>6875.785661</timestamp>
			</report>
			<report>
				<misses>892100000</misses>
				<total>0</total>
				<timestamp>6876.594124</timestamp>
			</report>
			<report>
				<misses>892200000</misses>
				<total>0</total>
				<timestamp>6877.356090</timestamp>
			</report>
			<report>
				<misses>892300000</misses>
				<total>0</total>
				<timestamp>6878.147520</timestamp>
			</report>
			<report>
				<misses>892400000</misses>
				<total>0</total>
				<timestamp>6878.935307</timestamp>
			</report>
			<report>
				<misses>892500000</misses>
				<total>0</total>
				<timestamp>6879.708626</timestamp>
			</report>
			<report>
				<misses>892600000</misses>
				<total>0</total>
				<timestamp>6880.489532</timestamp>
			</report>
			<report>
				<misses>892700000</misses>
				<total>0</total>
				<timestamp>6881.290805</timestamp>
			</report>
			<report>
				<misses>892800000</misses>
				<total>0</total>
				<timestamp>6882.048258</timestamp>
			</report>
			<report>
				<misses>892900000</misses>
				<total>0</total>
				<timestamp>6882.834821</timestamp>
			</report>
			<report>
				<misses>893000000</misses>
				<total>0</total>
				<timestamp>6883.625565</timestamp>
			</report>
			<report>
				<misses>893100000</misses>
				<total>0</total>
				<timestamp>6884.408018</timestamp>
			</report>
			<report>
				<misses>893200000</misses>
				<total>0</total>
				<timestamp>6885.180723</timestamp>
			</report>
			<report>
				<misses>893300000</misses>
				<total>0</total>
				<timestamp>6886.004502</timestamp>
			</report>
			<report>
				<misses>893400000</misses>
				<total>0</total>
				<timestamp>6886.796559</timestamp>
			</report>
			<report>
				<misses>893500000</misses>
				<total>0</total>
				<timestamp>6887.557426</timestamp>
			</report>
			<report>
				<misses>893600000</misses>
				<total>0</total>
				<timestamp>6888.392778</timestamp>
			</report>
			<report>
				<misses>893700000</misses>
				<total>0</total>
				<timestamp>6889.180044</timestamp>
			</report>
			<report>
				<misses>893800000</misses>
				<total>0</total>
				<timestamp>6889.921772</timestamp>
			</report>
			<report>
				<misses>893900000</misses>
				<total>0</total>
				<timestamp>6890.661688</timestamp>
			</report>
			<report>
				<misses>894000000</misses>
				<total>0</total>
				<timestamp>6891.437667</timestamp>
			</report>
			<report>
				<misses>894100000</misses>
				<total>0</total>
				<timestamp>6892.207405</timestamp>
			</report>
			<report>
				<misses>894200000</misses>
				<total>0</total>
				<timestamp>6892.924093</timestamp>
			</report>
			<report>
				<misses>894300000</misses>
				<total>0</total>
				<timestamp>6893.693517</timestamp>
			</report>
			<report>
				<misses>894400000</misses>
				<total>0</total>
				<timestamp>6894.463283</timestamp>
			</report>
			<report>
				<misses>894500000</misses>
				<total>0</total>
				<timestamp>6895.194094</timestamp>
			</report>
			<report>
				<misses>894600000</misses>
				<total>0</total>
				<timestamp>6895.926667</timestamp>
			</report>
			<report>
				<misses>894700000</misses>
				<total>0</total>
				<timestamp>6896.675132</timestamp>
			</report>
			<report>
				<misses>894800000</misses>
				<total>0</total>
				<timestamp>6897.496909</timestamp>
			</report>
			<report>
				<misses>894900000</misses>
				<total>0</total>
				<timestamp>6898.282540</timestamp>
			</report>
			<report>
				<misses>895000000</misses>
				<total>0</total>
				<timestamp>6899.094953</timestamp>
			</report>
			<report>
				<misses>895100000</misses>
				<total>0</total>
				<timestamp>6899.914334</timestamp>
			</report>
			<report>
				<misses>895200000</misses>
				<total>0</total>
				<timestamp>6900.665415</timestamp>
			</report>
			<report>
				<misses>895300000</misses>
				<total>0</total>
				<timestamp>6901.454463</timestamp>
			</report>
			<report>
				<misses>895400000</misses>
				<total>0</total>
				<timestamp>6902.220094</timestamp>
			</report>
			<report>
				<misses>895500000</misses>
				<total>0</total>
				<timestamp>6902.984868</timestamp>
			</report>
			<report>
				<misses>895600000</misses>
				<total>0</total>
				<timestamp>6903.737175</timestamp>
			</report>
			<report>
				<misses>895700000</misses>
				<total>0</total>
				<timestamp>6904.510856</timestamp>
			</report>
			<report>
				<misses>895800000</misses>
				<total>0</total>
				<timestamp>6905.310546</timestamp>
			</report>
			<report>
				<misses>895900000</misses>
				<total>0</total>
				<timestamp>6906.071628</timestamp>
			</report>
			<report>
				<misses>896000000</misses>
				<total>0</total>
				<timestamp>6906.808134</timestamp>
			</report>
			<report>
				<misses>896100000</misses>
				<total>0</total>
				<timestamp>6907.554861</timestamp>
			</report>
			<report>
				<misses>896200000</misses>
				<total>0</total>
				<timestamp>6908.289855</timestamp>
			</report>
			<report>
				<misses>896300000</misses>
				<total>0</total>
				<timestamp>6909.020327</timestamp>
			</report>
			<report>
				<misses>896400000</misses>
				<total>0</total>
				<timestamp>6909.736671</timestamp>
			</report>
			<report>
				<misses>896500000</misses>
				<total>0</total>
				<timestamp>6910.489016</timestamp>
			</report>
			<report>
				<misses>896600000</misses>
				<total>0</total>
				<timestamp>6911.235181</timestamp>
			</report>
			<report>
				<misses>896700000</misses>
				<total>0</total>
				<timestamp>6911.958485</timestamp>
			</report>
			<report>
				<misses>896800000</misses>
				<total>0</total>
				<timestamp>6912.704406</timestamp>
			</report>
			<report>
				<misses>896900000</misses>
				<total>0</total>
				<timestamp>6913.499303</timestamp>
			</report>
			<report>
				<misses>897000000</misses>
				<total>0</total>
				<timestamp>6914.254641</timestamp>
			</report>
			<report>
				<misses>897100000</misses>
				<total>0</total>
				<timestamp>6914.995154</timestamp>
			</report>
			<report>
				<misses>897200000</misses>
				<total>0</total>
				<timestamp>6915.741544</timestamp>
			</report>
			<report>
				<misses>897300000</misses>
				<total>0</total>
				<timestamp>6916.517905</timestamp>
			</report>
			<report>
				<misses>897400000</misses>
				<total>0</total>
				<timestamp>6917.257593</timestamp>
			</report>
			<report>
				<misses>897500000</misses>
				<total>0</total>
				<timestamp>6918.055671</timestamp>
			</report>
			<report>
				<misses>897600000</misses>
				<total>0</total>
				<timestamp>6918.836112</timestamp>
			</report>
			<report>
				<misses>897700000</misses>
				<total>0</total>
				<timestamp>6919.629310</timestamp>
			</report>
			<report>
				<misses>897800000</misses>
				<total>0</total>
				<timestamp>6920.414338</timestamp>
			</report>
			<report>
				<misses>897900000</misses>
				<total>0</total>
				<timestamp>6921.190097</timestamp>
			</report>
			<report>
				<misses>898000000</misses>
				<total>0</total>
				<timestamp>6921.952066</timestamp>
			</report>
			<report>
				<misses>898100000</misses>
				<total>0</total>
				<timestamp>6922.701561</timestamp>
			</report>
			<report>
				<misses>898200000</misses>
				<total>0</total>
				<timestamp>6923.432299</timestamp>
			</report>
			<report>
				<misses>898300000</misses>
				<total>0</total>
				<timestamp>6924.181861</timestamp>
			</report>
			<report>
				<misses>898400000</misses>
				<total>0</total>
				<timestamp>6924.916414</timestamp>
			</report>
			<report>
				<misses>898500000</misses>
				<total>0</total>
				<timestamp>6925.678454</timestamp>
			</report>
			<report>
				<misses>898600000</misses>
				<total>0</total>
				<timestamp>6926.431679</timestamp>
			</report>
			<report>
				<misses>898700000</misses>
				<total>0</total>
				<timestamp>6927.189679</timestamp>
			</report>
			<report>
				<misses>898800000</misses>
				<total>0</total>
				<timestamp>6927.933078</timestamp>
			</report>
			<report>
				<misses>898900000</misses>
				<total>0</total>
				<timestamp>6928.663069</timestamp>
			</report>
			<report>
				<misses>899000000</misses>
				<total>0</total>
				<timestamp>6929.490905</timestamp>
			</report>
			<report>
				<misses>899100000</misses>
				<total>0</total>
				<timestamp>6930.267033</timestamp>
			</report>
			<report>
				<misses>899200000</misses>
				<total>0</total>
				<timestamp>6931.031377</timestamp>
			</report>
			<report>
				<misses>899300000</misses>
				<total>0</total>
				<timestamp>6931.829737</timestamp>
			</report>
			<report>
				<misses>899400000</misses>
				<total>0</total>
				<timestamp>6932.605759</timestamp>
			</report>
			<report>
				<misses>899500000</misses>
				<total>0</total>
				<timestamp>6933.373856</timestamp>
			</report>
			<report>
				<misses>899600000</misses>
				<total>0</total>
				<timestamp>6934.131206</timestamp>
			</report>
			<report>
				<misses>899700000</misses>
				<total>0</total>
				<timestamp>6934.908844</timestamp>
			</report>
			<report>
				<misses>899800000</misses>
				<total>0</total>
				<timestamp>6935.688759</timestamp>
			</report>
			<report>
				<misses>899900000</misses>
				<total>0</total>
				<timestamp>6936.505138</timestamp>
			</report>
			<report>
				<misses>900000000</misses>
				<total>0</total>
				<timestamp>6937.305134</timestamp>
			</report>
			<report>
				<misses>900100000</misses>
				<total>0</total>
				<timestamp>6938.075530</timestamp>
			</report>
			<report>
				<misses>900200000</misses>
				<total>0</total>
				<timestamp>6938.900773</timestamp>
			</report>
			<report>
				<misses>900300000</misses>
				<total>0</total>
				<timestamp>6939.688597</timestamp>
			</report>
			<report>
				<misses>900400000</misses>
				<total>0</total>
				<timestamp>6940.473926</timestamp>
			</report>
			<report>
				<misses>900500000</misses>
				<total>0</total>
				<timestamp>6941.293193</timestamp>
			</report>
			<report>
				<misses>900600000</misses>
				<total>0</total>
				<timestamp>6942.088091</timestamp>
			</report>
			<report>
				<misses>900700000</misses>
				<total>0</total>
				<timestamp>6942.843914</timestamp>
			</report>
			<report>
				<misses>900800000</misses>
				<total>0</total>
				<timestamp>6943.635864</timestamp>
			</report>
			<report>
				<misses>900900000</misses>
				<total>0</total>
				<timestamp>6944.441828</timestamp>
			</report>
			<report>
				<misses>901000000</misses>
				<total>0</total>
				<timestamp>6945.233182</timestamp>
			</report>
			<report>
				<misses>901100000</misses>
				<total>0</total>
				<timestamp>6946.005650</timestamp>
			</report>
			<report>
				<misses>901200000</misses>
				<total>0</total>
				<timestamp>6946.792980</timestamp>
			</report>
			<report>
				<misses>901300000</misses>
				<total>0</total>
				<timestamp>6947.593442</timestamp>
			</report>
			<report>
				<misses>901400000</misses>
				<total>0</total>
				<timestamp>6948.408347</timestamp>
			</report>
			<report>
				<misses>901500000</misses>
				<total>0</total>
				<timestamp>6949.185025</timestamp>
			</report>
			<report>
				<misses>901600000</misses>
				<total>0</total>
				<timestamp>6949.970119</timestamp>
			</report>
			<report>
				<misses>901700000</misses>
				<total>0</total>
				<timestamp>6950.730933</timestamp>
			</report>
			<report>
				<misses>901800000</misses>
				<total>0</total>
				<timestamp>6951.470702</timestamp>
			</report>
			<report>
				<misses>901900000</misses>
				<total>0</total>
				<timestamp>6952.183965</timestamp>
			</report>
			<report>
				<misses>902000000</misses>
				<total>0</total>
				<timestamp>6952.944934</timestamp>
			</report>
			<report>
				<misses>902100000</misses>
				<total>0</total>
				<timestamp>6953.729571</timestamp>
			</report>
			<report>
				<misses>902200000</misses>
				<total>0</total>
				<timestamp>6954.481259</timestamp>
			</report>
			<report>
				<misses>902300000</misses>
				<total>0</total>
				<timestamp>6955.271974</timestamp>
			</report>
			<report>
				<misses>902400000</misses>
				<total>0</total>
				<timestamp>6956.081620</timestamp>
			</report>
			<report>
				<misses>902500000</misses>
				<total>0</total>
				<timestamp>6956.837090</timestamp>
			</report>
			<report>
				<misses>902600000</misses>
				<total>0</total>
				<timestamp>6957.633115</timestamp>
			</report>
			<report>
				<misses>902700000</misses>
				<total>0</total>
				<timestamp>6958.423131</timestamp>
			</report>
			<report>
				<misses>902800000</misses>
				<total>0</total>
				<timestamp>6959.229255</timestamp>
			</report>
			<report>
				<misses>902900000</misses>
				<total>0</total>
				<timestamp>6960.026341</timestamp>
			</report>
			<report>
				<misses>903000000</misses>
				<total>0</total>
				<timestamp>6960.837894</timestamp>
			</report>
			<report>
				<misses>903100000</misses>
				<total>0</total>
				<timestamp>6961.574658</timestamp>
			</report>
			<report>
				<misses>903200000</misses>
				<total>0</total>
				<timestamp>6962.341057</timestamp>
			</report>
			<report>
				<misses>903300000</misses>
				<total>0</total>
				<timestamp>6963.130644</timestamp>
			</report>
			<report>
				<misses>903400000</misses>
				<total>0</total>
				<timestamp>6963.860683</timestamp>
			</report>
			<report>
				<misses>903500000</misses>
				<total>0</total>
				<timestamp>6964.608725</timestamp>
			</report>
			<report>
				<misses>903600000</misses>
				<total>0</total>
				<timestamp>6965.361465</timestamp>
			</report>
			<report>
				<misses>903700000</misses>
				<total>0</total>
				<timestamp>6966.094824</timestamp>
			</report>
			<report>
				<misses>903800000</misses>
				<total>0</total>
				<timestamp>6966.848752</timestamp>
			</report>
			<report>
				<misses>903900000</misses>
				<total>0</total>
				<timestamp>6967.587791</timestamp>
			</report>
			<report>
				<misses>904000000</misses>
				<total>0</total>
				<timestamp>6968.369276</timestamp>
			</report>
			<report>
				<misses>904100000</misses>
				<total>0</total>
				<timestamp>6969.119163</timestamp>
			</report>
			<report>
				<misses>904200000</misses>
				<total>0</total>
				<timestamp>6969.933280</timestamp>
			</report>
			<report>
				<misses>904300000</misses>
				<total>0</total>
				<timestamp>6970.714452</timestamp>
			</report>
			<report>
				<misses>904400000</misses>
				<total>0</total>
				<timestamp>6971.522639</timestamp>
			</report>
			<report>
				<misses>904500000</misses>
				<total>0</total>
				<timestamp>6972.310650</timestamp>
			</report>
			<report>
				<misses>904600000</misses>
				<total>0</total>
				<timestamp>6973.048235</timestamp>
			</report>
			<report>
				<misses>904700000</misses>
				<total>0</total>
				<timestamp>6973.780041</timestamp>
			</report>
			<report>
				<misses>904800000</misses>
				<total>0</total>
				<timestamp>6974.565754</timestamp>
			</report>
			<report>
				<misses>904900000</misses>
				<total>0</total>
				<timestamp>6975.322246</timestamp>
			</report>
			<report>
				<misses>905000000</misses>
				<total>0</total>
				<timestamp>6976.059089</timestamp>
			</report>
			<report>
				<misses>905100000</misses>
				<total>0</total>
				<timestamp>6976.846386</timestamp>
			</report>
			<report>
				<misses>905200000</misses>
				<total>0</total>
				<timestamp>6977.611699</timestamp>
			</report>
			<report>
				<misses>905300000</misses>
				<total>0</total>
				<timestamp>6978.375258</timestamp>
			</report>
			<report>
				<misses>905400000</misses>
				<total>0</total>
				<timestamp>6979.113931</timestamp>
			</report>
			<report>
				<misses>905500000</misses>
				<total>0</total>
				<timestamp>6979.839177</timestamp>
			</report>
			<report>
				<misses>905600000</misses>
				<total>0</total>
				<timestamp>6980.571257</timestamp>
			</report>
			<report>
				<misses>905700000</misses>
				<total>0</total>
				<timestamp>6981.314256</timestamp>
			</report>
			<report>
				<misses>905800000</misses>
				<total>0</total>
				<timestamp>6982.068362</timestamp>
			</report>
			<report>
				<misses>905900000</misses>
				<total>0</total>
				<timestamp>6982.791890</timestamp>
			</report>
			<report>
				<misses>906000000</misses>
				<total>0</total>
				<timestamp>6983.540181</timestamp>
			</report>
			<report>
				<misses>906100000</misses>
				<total>0</total>
				<timestamp>6984.282477</timestamp>
			</report>
			<report>
				<misses>906200000</misses>
				<total>0</total>
				<timestamp>6984.994442</timestamp>
			</report>
			<report>
				<misses>906300000</misses>
				<total>0</total>
				<timestamp>6985.719416</timestamp>
			</report>
			<report>
				<misses>906400000</misses>
				<total>0</total>
				<timestamp>6986.461072</timestamp>
			</report>
			<report>
				<misses>906500000</misses>
				<total>0</total>
				<timestamp>6987.243332</timestamp>
			</report>
			<report>
				<misses>906600000</misses>
				<total>0</total>
				<timestamp>6988.011202</timestamp>
			</report>
			<report>
				<misses>906700000</misses>
				<total>0</total>
				<timestamp>6988.771121</timestamp>
			</report>
			<report>
				<misses>906800000</misses>
				<total>0</total>
				<timestamp>6989.542651</timestamp>
			</report>
			<report>
				<misses>906900000</misses>
				<total>0</total>
				<timestamp>6990.369149</timestamp>
			</report>
			<report>
				<misses>907000000</misses>
				<total>0</total>
				<timestamp>6991.147575</timestamp>
			</report>
			<report>
				<misses>907100000</misses>
				<total>0</total>
				<timestamp>6991.906607</timestamp>
			</report>
			<report>
				<misses>907200000</misses>
				<total>0</total>
				<timestamp>6992.682160</timestamp>
			</report>
			<report>
				<misses>907300000</misses>
				<total>0</total>
				<timestamp>6993.490706</timestamp>
			</report>
			<report>
				<misses>907400000</misses>
				<total>0</total>
				<timestamp>6994.277259</timestamp>
			</report>
			<report>
				<misses>907500000</misses>
				<total>0</total>
				<timestamp>6995.056483</timestamp>
			</report>
			<report>
				<misses>907600000</misses>
				<total>0</total>
				<timestamp>6995.842323</timestamp>
			</report>
			<report>
				<misses>907700000</misses>
				<total>0</total>
				<timestamp>6996.629725</timestamp>
			</report>
			<report>
				<misses>907800000</misses>
				<total>0</total>
				<timestamp>6997.433930</timestamp>
			</report>
			<report>
				<misses>907900000</misses>
				<total>0</total>
				<timestamp>6998.202136</timestamp>
			</report>
			<report>
				<misses>908000000</misses>
				<total>0</total>
				<timestamp>6998.993971</timestamp>
			</report>
			<report>
				<misses>908100000</misses>
				<total>0</total>
				<timestamp>6999.758149</timestamp>
			</report>
			<report>
				<misses>908200000</misses>
				<total>0</total>
				<timestamp>7000.548708</timestamp>
			</report>
			<report>
				<misses>908300000</misses>
				<total>0</total>
				<timestamp>7001.283586</timestamp>
			</report>
			<report>
				<misses>908400000</misses>
				<total>0</total>
				<timestamp>7002.025958</timestamp>
			</report>
			<report>
				<misses>908500000</misses>
				<total>0</total>
				<timestamp>7002.781433</timestamp>
			</report>
			<report>
				<misses>908600000</misses>
				<total>0</total>
				<timestamp>7003.510507</timestamp>
			</report>
			<report>
				<misses>908700000</misses>
				<total>0</total>
				<timestamp>7004.225474</timestamp>
			</report>
			<report>
				<misses>908800000</misses>
				<total>0</total>
				<timestamp>7004.983421</timestamp>
			</report>
			<report>
				<misses>908900000</misses>
				<total>0</total>
				<timestamp>7005.716111</timestamp>
			</report>
			<report>
				<misses>909000000</misses>
				<total>0</total>
				<timestamp>7006.444857</timestamp>
			</report>
			<report>
				<misses>909100000</misses>
				<total>0</total>
				<timestamp>7007.216690</timestamp>
			</report>
			<report>
				<misses>909200000</misses>
				<total>0</total>
				<timestamp>7008.004955</timestamp>
			</report>
			<report>
				<misses>909300000</misses>
				<total>0</total>
				<timestamp>7008.791392</timestamp>
			</report>
			<report>
				<misses>909400000</misses>
				<total>0</total>
				<timestamp>7009.571923</timestamp>
			</report>
			<report>
				<misses>909500000</misses>
				<total>0</total>
				<timestamp>7010.384582</timestamp>
			</report>
			<report>
				<misses>909600000</misses>
				<total>0</total>
				<timestamp>7011.154809</timestamp>
			</report>
			<report>
				<misses>909700000</misses>
				<total>0</total>
				<timestamp>7011.942213</timestamp>
			</report>
			<report>
				<misses>909800000</misses>
				<total>0</total>
				<timestamp>7012.740947</timestamp>
			</report>
			<report>
				<misses>909900000</misses>
				<total>0</total>
				<timestamp>7013.504916</timestamp>
			</report>
			<report>
				<misses>910000000</misses>
				<total>0</total>
				<timestamp>7014.290143</timestamp>
			</report>
			<report>
				<misses>910100000</misses>
				<total>0</total>
				<timestamp>7015.119648</timestamp>
			</report>
			<report>
				<misses>910200000</misses>
				<total>0</total>
				<timestamp>7015.936143</timestamp>
			</report>
			<report>
				<misses>910300000</misses>
				<total>0</total>
				<timestamp>7016.747990</timestamp>
			</report>
			<report>
				<misses>910400000</misses>
				<total>0</total>
				<timestamp>7017.523905</timestamp>
			</report>
			<report>
				<misses>910500000</misses>
				<total>0</total>
				<timestamp>7018.325265</timestamp>
			</report>
			<report>
				<misses>910600000</misses>
				<total>0</total>
				<timestamp>7019.140733</timestamp>
			</report>
			<report>
				<misses>910700000</misses>
				<total>0</total>
				<timestamp>7019.912452</timestamp>
			</report>
			<report>
				<misses>910800000</misses>
				<total>0</total>
				<timestamp>7020.684473</timestamp>
			</report>
			<report>
				<misses>910900000</misses>
				<total>0</total>
				<timestamp>7021.425983</timestamp>
			</report>
			<report>
				<misses>911000000</misses>
				<total>0</total>
				<timestamp>7022.203312</timestamp>
			</report>
			<report>
				<misses>911100000</misses>
				<total>0</total>
				<timestamp>7022.920871</timestamp>
			</report>
			<report>
				<misses>911200000</misses>
				<total>0</total>
				<timestamp>7023.662990</timestamp>
			</report>
			<report>
				<misses>911300000</misses>
				<total>0</total>
				<timestamp>7024.408218</timestamp>
			</report>
			<report>
				<misses>911400000</misses>
				<total>0</total>
				<timestamp>7025.126138</timestamp>
			</report>
			<report>
				<misses>911500000</misses>
				<total>0</total>
				<timestamp>7025.877166</timestamp>
			</report>
			<report>
				<misses>911600000</misses>
				<total>0</total>
				<timestamp>7026.632249</timestamp>
			</report>
			<report>
				<misses>911700000</misses>
				<total>0</total>
				<timestamp>7027.401447</timestamp>
			</report>
			<report>
				<misses>911800000</misses>
				<total>0</total>
				<timestamp>7028.161689</timestamp>
			</report>
			<report>
				<misses>911900000</misses>
				<total>0</total>
				<timestamp>7028.921558</timestamp>
			</report>
			<report>
				<misses>912000000</misses>
				<total>0</total>
				<timestamp>7029.693433</timestamp>
			</report>
			<report>
				<misses>912100000</misses>
				<total>0</total>
				<timestamp>7030.450480</timestamp>
			</report>
			<report>
				<misses>912200000</misses>
				<total>0</total>
				<timestamp>7031.228988</timestamp>
			</report>
			<report>
				<misses>912300000</misses>
				<total>0</total>
				<timestamp>7031.991390</timestamp>
			</report>
			<report>
				<misses>912400000</misses>
				<total>0</total>
				<timestamp>7032.761408</timestamp>
			</report>
			<report>
				<misses>912500000</misses>
				<total>0</total>
				<timestamp>7033.573036</timestamp>
			</report>
			<report>
				<misses>912600000</misses>
				<total>0</total>
				<timestamp>7034.334692</timestamp>
			</report>
			<report>
				<misses>912700000</misses>
				<total>0</total>
				<timestamp>7035.099061</timestamp>
			</report>
			<report>
				<misses>912800000</misses>
				<total>0</total>
				<timestamp>7035.906310</timestamp>
			</report>
			<report>
				<misses>912900000</misses>
				<total>0</total>
				<timestamp>7036.690001</timestamp>
			</report>
			<report>
				<misses>913000000</misses>
				<total>0</total>
				<timestamp>7037.430777</timestamp>
			</report>
			<report>
				<misses>913100000</misses>
				<total>0</total>
				<timestamp>7038.165346</timestamp>
			</report>
			<report>
				<misses>913200000</misses>
				<total>0</total>
				<timestamp>7038.900498</timestamp>
			</report>
			<report>
				<misses>913300000</misses>
				<total>0</total>
				<timestamp>7039.652419</timestamp>
			</report>
			<report>
				<misses>913400000</misses>
				<total>0</total>
				<timestamp>7040.456832</timestamp>
			</report>
			<report>
				<misses>913500000</misses>
				<total>0</total>
				<timestamp>7041.231489</timestamp>
			</report>
			<report>
				<misses>913600000</misses>
				<total>0</total>
				<timestamp>7041.963020</timestamp>
			</report>
			<report>
				<misses>913700000</misses>
				<total>0</total>
				<timestamp>7042.704162</timestamp>
			</report>
			<report>
				<misses>913800000</misses>
				<total>0</total>
				<timestamp>7043.474528</timestamp>
			</report>
			<report>
				<misses>913900000</misses>
				<total>0</total>
				<timestamp>7044.219254</timestamp>
			</report>
			<report>
				<misses>914000000</misses>
				<total>0</total>
				<timestamp>7044.966276</timestamp>
			</report>
			<report>
				<misses>914100000</misses>
				<total>0</total>
				<timestamp>7045.718335</timestamp>
			</report>
			<report>
				<misses>914200000</misses>
				<total>0</total>
				<timestamp>7046.480655</timestamp>
			</report>
			<report>
				<misses>914300000</misses>
				<total>0</total>
				<timestamp>7047.289401</timestamp>
			</report>
			<report>
				<misses>914400000</misses>
				<total>0</total>
				<timestamp>7048.085400</timestamp>
			</report>
			<report>
				<misses>914500000</misses>
				<total>0</total>
				<timestamp>7048.816212</timestamp>
			</report>
			<report>
				<misses>914600000</misses>
				<total>0</total>
				<timestamp>7049.592630</timestamp>
			</report>
			<report>
				<misses>914700000</misses>
				<total>0</total>
				<timestamp>7050.381691</timestamp>
			</report>
			<report>
				<misses>914800000</misses>
				<total>0</total>
				<timestamp>7051.169245</timestamp>
			</report>
			<report>
				<misses>914900000</misses>
				<total>0</total>
				<timestamp>7051.939443</timestamp>
			</report>
			<report>
				<misses>915000000</misses>
				<total>0</total>
				<timestamp>7052.709129</timestamp>
			</report>
			<report>
				<misses>915100000</misses>
				<total>0</total>
				<timestamp>7053.494369</timestamp>
			</report>
			<report>
				<misses>915200000</misses>
				<total>0</total>
				<timestamp>7054.206360</timestamp>
			</report>
			<report>
				<misses>915300000</misses>
				<total>0</total>
				<timestamp>7054.944111</timestamp>
			</report>
			<report>
				<misses>915400000</misses>
				<total>0</total>
				<timestamp>7055.701768</timestamp>
			</report>
			<report>
				<misses>915500000</misses>
				<total>0</total>
				<timestamp>7056.440847</timestamp>
			</report>
			<report>
				<misses>915600000</misses>
				<total>0</total>
				<timestamp>7057.165412</timestamp>
			</report>
			<report>
				<misses>915700000</misses>
				<total>0</total>
				<timestamp>7057.915697</timestamp>
			</report>
			<report>
				<misses>915800000</misses>
				<total>0</total>
				<timestamp>7058.681077</timestamp>
			</report>
			<report>
				<misses>915900000</misses>
				<total>0</total>
				<timestamp>7059.421681</timestamp>
			</report>
			<report>
				<misses>916000000</misses>
				<total>0</total>
				<timestamp>7060.160271</timestamp>
			</report>
			<report>
				<misses>916100000</misses>
				<total>0</total>
				<timestamp>7060.941540</timestamp>
			</report>
			<report>
				<misses>916200000</misses>
				<total>0</total>
				<timestamp>7061.726030</timestamp>
			</report>
			<report>
				<misses>916300000</misses>
				<total>0</total>
				<timestamp>7062.527813</timestamp>
			</report>
			<report>
				<misses>916400000</misses>
				<total>0</total>
				<timestamp>7063.285529</timestamp>
			</report>
			<report>
				<misses>916500000</misses>
				<total>0</total>
				<timestamp>7064.073412</timestamp>
			</report>
			<report>
				<misses>916600000</misses>
				<total>0</total>
				<timestamp>7064.860701</timestamp>
			</report>
			<report>
				<misses>916700000</misses>
				<total>0</total>
				<timestamp>7065.658448</timestamp>
			</report>
			<report>
				<misses>916800000</misses>
				<total>0</total>
				<timestamp>7066.433792</timestamp>
			</report>
			<report>
				<misses>916900000</misses>
				<total>0</total>
				<timestamp>7067.194241</timestamp>
			</report>
			<report>
				<misses>917000000</misses>
				<total>0</total>
				<timestamp>7067.992611</timestamp>
			</report>
			<report>
				<misses>917100000</misses>
				<total>0</total>
				<timestamp>7068.754664</timestamp>
			</report>
			<report>
				<misses>917200000</misses>
				<total>0</total>
				<timestamp>7069.531717</timestamp>
			</report>
			<report>
				<misses>917300000</misses>
				<total>0</total>
				<timestamp>7070.281171</timestamp>
			</report>
			<report>
				<misses>917400000</misses>
				<total>0</total>
				<timestamp>7071.077873</timestamp>
			</report>
			<report>
				<misses>917500000</misses>
				<total>0</total>
				<timestamp>7071.853150</timestamp>
			</report>
			<report>
				<misses>917600000</misses>
				<total>0</total>
				<timestamp>7072.633046</timestamp>
			</report>
			<report>
				<misses>917700000</misses>
				<total>0</total>
				<timestamp>7073.429860</timestamp>
			</report>
			<report>
				<misses>917800000</misses>
				<total>0</total>
				<timestamp>7074.200034</timestamp>
			</report>
			<report>
				<misses>917900000</misses>
				<total>0</total>
				<timestamp>7075.000742</timestamp>
			</report>
			<report>
				<misses>918000000</misses>
				<total>0</total>
				<timestamp>7075.744399</timestamp>
			</report>
			<report>
				<misses>918100000</misses>
				<total>0</total>
				<timestamp>7076.450714</timestamp>
			</report>
			<report>
				<misses>918200000</misses>
				<total>0</total>
				<timestamp>7077.261216</timestamp>
			</report>
			<report>
				<misses>918300000</misses>
				<total>0</total>
				<timestamp>7078.014776</timestamp>
			</report>
			<report>
				<misses>918400000</misses>
				<total>0</total>
				<timestamp>7078.728048</timestamp>
			</report>
			<report>
				<misses>918500000</misses>
				<total>0</total>
				<timestamp>7079.483484</timestamp>
			</report>
			<report>
				<misses>918600000</misses>
				<total>0</total>
				<timestamp>7080.227514</timestamp>
			</report>
			<report>
				<misses>918700000</misses>
				<total>0</total>
				<timestamp>7080.951036</timestamp>
			</report>
			<report>
				<misses>918800000</misses>
				<total>0</total>
				<timestamp>7081.695647</timestamp>
			</report>
			<report>
				<misses>918900000</misses>
				<total>0</total>
				<timestamp>7082.432836</timestamp>
			</report>
			<report>
				<misses>919000000</misses>
				<total>0</total>
				<timestamp>7083.211868</timestamp>
			</report>
			<report>
				<misses>919100000</misses>
				<total>0</total>
				<timestamp>7083.946019</timestamp>
			</report>
			<report>
				<misses>919200000</misses>
				<total>0</total>
				<timestamp>7084.757640</timestamp>
			</report>
			<report>
				<misses>919300000</misses>
				<total>0</total>
				<timestamp>7085.534009</timestamp>
			</report>
			<report>
				<misses>919400000</misses>
				<total>0</total>
				<timestamp>7086.270821</timestamp>
			</report>
			<report>
				<misses>919500000</misses>
				<total>0</total>
				<timestamp>7087.049017</timestamp>
			</report>
			<report>
				<misses>919600000</misses>
				<total>0</total>
				<timestamp>7087.814864</timestamp>
			</report>
			<report>
				<misses>919700000</misses>
				<total>0</total>
				<timestamp>7088.590894</timestamp>
			</report>
			<report>
				<misses>919800000</misses>
				<total>0</total>
				<timestamp>7089.363558</timestamp>
			</report>
			<report>
				<misses>919900000</misses>
				<total>0</total>
				<timestamp>7090.168103</timestamp>
			</report>
			<report>
				<misses>920000000</misses>
				<total>0</total>
				<timestamp>7090.970034</timestamp>
			</report>
			<report>
				<misses>920100000</misses>
				<total>0</total>
				<timestamp>7091.703770</timestamp>
			</report>
			<report>
				<misses>920200000</misses>
				<total>0</total>
				<timestamp>7092.422221</timestamp>
			</report>
			<report>
				<misses>920300000</misses>
				<total>0</total>
				<timestamp>7093.149407</timestamp>
			</report>
			<report>
				<misses>920400000</misses>
				<total>0</total>
				<timestamp>7093.891700</timestamp>
			</report>
			<report>
				<misses>920500000</misses>
				<total>0</total>
				<timestamp>7094.620610</timestamp>
			</report>
			<report>
				<misses>920600000</misses>
				<total>0</total>
				<timestamp>7095.370801</timestamp>
			</report>
			<report>
				<misses>920700000</misses>
				<total>0</total>
				<timestamp>7096.151820</timestamp>
			</report>
			<report>
				<misses>920800000</misses>
				<total>0</total>
				<timestamp>7096.912397</timestamp>
			</report>
			<report>
				<misses>920900000</misses>
				<total>0</total>
				<timestamp>7097.652954</timestamp>
			</report>
			<report>
				<misses>921000000</misses>
				<total>0</total>
				<timestamp>7098.466466</timestamp>
			</report>
			<report>
				<misses>921100000</misses>
				<total>0</total>
				<timestamp>7099.246498</timestamp>
			</report>
			<report>
				<misses>921200000</misses>
				<total>0</total>
				<timestamp>7100.040326</timestamp>
			</report>
			<report>
				<misses>921300000</misses>
				<total>0</total>
				<timestamp>7100.872084</timestamp>
			</report>
			<report>
				<misses>921400000</misses>
				<total>0</total>
				<timestamp>7101.705315</timestamp>
			</report>
			<report>
				<misses>921500000</misses>
				<total>0</total>
				<timestamp>7102.457271</timestamp>
			</report>
			<report>
				<misses>921600000</misses>
				<total>0</total>
				<timestamp>7103.217408</timestamp>
			</report>
			<report>
				<misses>921700000</misses>
				<total>0</total>
				<timestamp>7104.013226</timestamp>
			</report>
			<report>
				<misses>921800000</misses>
				<total>0</total>
				<timestamp>7104.769617</timestamp>
			</report>
			<report>
				<misses>921900000</misses>
				<total>0</total>
				<timestamp>7105.557524</timestamp>
			</report>
			<report>
				<misses>922000000</misses>
				<total>0</total>
				<timestamp>7106.312186</timestamp>
			</report>
			<report>
				<misses>922100000</misses>
				<total>0</total>
				<timestamp>7107.064822</timestamp>
			</report>
			<report>
				<misses>922200000</misses>
				<total>0</total>
				<timestamp>7107.823760</timestamp>
			</report>
			<report>
				<misses>922300000</misses>
				<total>0</total>
				<timestamp>7108.536618</timestamp>
			</report>
			<report>
				<misses>922400000</misses>
				<total>0</total>
				<timestamp>7109.267550</timestamp>
			</report>
			<report>
				<misses>922500000</misses>
				<total>0</total>
				<timestamp>7109.996942</timestamp>
			</report>
			<report>
				<misses>922600000</misses>
				<total>0</total>
				<timestamp>7110.755818</timestamp>
			</report>
			<report>
				<misses>922700000</misses>
				<total>0</total>
				<timestamp>7111.485606</timestamp>
			</report>
			<report>
				<misses>922800000</misses>
				<total>0</total>
				<timestamp>7112.251094</timestamp>
			</report>
			<report>
				<misses>922900000</misses>
				<total>0</total>
				<timestamp>7113.004229</timestamp>
			</report>
			<report>
				<misses>923000000</misses>
				<total>0</total>
				<timestamp>7113.723141</timestamp>
			</report>
			<report>
				<misses>923100000</misses>
				<total>0</total>
				<timestamp>7114.469455</timestamp>
			</report>
			<report>
				<misses>923200000</misses>
				<total>0</total>
				<timestamp>7115.244260</timestamp>
			</report>
			<report>
				<misses>923300000</misses>
				<total>0</total>
				<timestamp>7115.990049</timestamp>
			</report>
			<report>
				<misses>923400000</misses>
				<total>0</total>
				<timestamp>7116.775751</timestamp>
			</report>
			<report>
				<misses>923500000</misses>
				<total>0</total>
				<timestamp>7117.530042</timestamp>
			</report>
			<report>
				<misses>923600000</misses>
				<total>0</total>
				<timestamp>7118.308834</timestamp>
			</report>
			<report>
				<misses>923700000</misses>
				<total>0</total>
				<timestamp>7119.117134</timestamp>
			</report>
			<report>
				<misses>923800000</misses>
				<total>0</total>
				<timestamp>7119.847122</timestamp>
			</report>
			<report>
				<misses>923900000</misses>
				<total>0</total>
				<timestamp>7120.616443</timestamp>
			</report>
			<report>
				<misses>924000000</misses>
				<total>0</total>
				<timestamp>7121.377582</timestamp>
			</report>
			<report>
				<misses>924100000</misses>
				<total>0</total>
				<timestamp>7122.155413</timestamp>
			</report>
			<report>
				<misses>924200000</misses>
				<total>0</total>
				<timestamp>7122.864594</timestamp>
			</report>
			<report>
				<misses>924300000</misses>
				<total>0</total>
				<timestamp>7123.642330</timestamp>
			</report>
			<report>
				<misses>924400000</misses>
				<total>0</total>
				<timestamp>7124.395145</timestamp>
			</report>
			<report>
				<misses>924500000</misses>
				<total>0</total>
				<timestamp>7125.117834</timestamp>
			</report>
			<report>
				<misses>924600000</misses>
				<total>0</total>
				<timestamp>7125.865198</timestamp>
			</report>
			<report>
				<misses>924700000</misses>
				<total>0</total>
				<timestamp>7126.624012</timestamp>
			</report>
			<report>
				<misses>924800000</misses>
				<total>0</total>
				<timestamp>7127.349758</timestamp>
			</report>
			<report>
				<misses>924900000</misses>
				<total>0</total>
				<timestamp>7128.086887</timestamp>
			</report>
			<report>
				<misses>925000000</misses>
				<total>0</total>
				<timestamp>7128.812565</timestamp>
			</report>
			<report>
				<misses>925100000</misses>
				<total>0</total>
				<timestamp>7129.549195</timestamp>
			</report>
			<report>
				<misses>925200000</misses>
				<total>0</total>
				<timestamp>7130.260193</timestamp>
			</report>
			<report>
				<misses>925300000</misses>
				<total>0</total>
				<timestamp>7131.008160</timestamp>
			</report>
			<report>
				<misses>925400000</misses>
				<total>0</total>
				<timestamp>7131.799616</timestamp>
			</report>
			<report>
				<misses>925500000</misses>
				<total>0</total>
				<timestamp>7132.550183</timestamp>
			</report>
			<report>
				<misses>925600000</misses>
				<total>0</total>
				<timestamp>7133.322268</timestamp>
			</report>
			<report>
				<misses>925700000</misses>
				<total>0</total>
				<timestamp>7134.096965</timestamp>
			</report>
			<report>
				<misses>925800000</misses>
				<total>0</total>
				<timestamp>7134.875214</timestamp>
			</report>
			<report>
				<misses>925900000</misses>
				<total>0</total>
				<timestamp>7135.646636</timestamp>
			</report>
			<report>
				<misses>926000000</misses>
				<total>0</total>
				<timestamp>7136.390628</timestamp>
			</report>
			<report>
				<misses>926100000</misses>
				<total>0</total>
				<timestamp>7137.157300</timestamp>
			</report>
			<report>
				<misses>926200000</misses>
				<total>0</total>
				<timestamp>7137.941617</timestamp>
			</report>
			<report>
				<misses>926300000</misses>
				<total>0</total>
				<timestamp>7138.699599</timestamp>
			</report>
			<report>
				<misses>926400000</misses>
				<total>0</total>
				<timestamp>7139.480496</timestamp>
			</report>
			<report>
				<misses>926500000</misses>
				<total>0</total>
				<timestamp>7140.266717</timestamp>
			</report>
			<report>
				<misses>926600000</misses>
				<total>0</total>
				<timestamp>7141.033290</timestamp>
			</report>
			<report>
				<misses>926700000</misses>
				<total>0</total>
				<timestamp>7141.758446</timestamp>
			</report>
			<report>
				<misses>926800000</misses>
				<total>0</total>
				<timestamp>7142.496902</timestamp>
			</report>
			<report>
				<misses>926900000</misses>
				<total>0</total>
				<timestamp>7143.226845</timestamp>
			</report>
			<report>
				<misses>927000000</misses>
				<total>0</total>
				<timestamp>7144.010434</timestamp>
			</report>
			<report>
				<misses>927100000</misses>
				<total>0</total>
				<timestamp>7144.756193</timestamp>
			</report>
			<report>
				<misses>927200000</misses>
				<total>0</total>
				<timestamp>7145.486362</timestamp>
			</report>
			<report>
				<misses>927300000</misses>
				<total>0</total>
				<timestamp>7146.220366</timestamp>
			</report>
			<report>
				<misses>927400000</misses>
				<total>0</total>
				<timestamp>7146.961596</timestamp>
			</report>
			<report>
				<misses>927500000</misses>
				<total>0</total>
				<timestamp>7147.700209</timestamp>
			</report>
			<report>
				<misses>927600000</misses>
				<total>0</total>
				<timestamp>7148.480981</timestamp>
			</report>
			<report>
				<misses>927700000</misses>
				<total>0</total>
				<timestamp>7149.226382</timestamp>
			</report>
			<report>
				<misses>927800000</misses>
				<total>0</total>
				<timestamp>7149.996643</timestamp>
			</report>
			<report>
				<misses>927900000</misses>
				<total>0</total>
				<timestamp>7150.726316</timestamp>
			</report>
			<report>
				<misses>928000000</misses>
				<total>0</total>
				<timestamp>7151.497908</timestamp>
			</report>
			<report>
				<misses>928100000</misses>
				<total>0</total>
				<timestamp>7152.261060</timestamp>
			</report>
			<report>
				<misses>928200000</misses>
				<total>0</total>
				<timestamp>7153.015675</timestamp>
			</report>
			<report>
				<misses>928300000</misses>
				<total>0</total>
				<timestamp>7153.824908</timestamp>
			</report>
			<report>
				<misses>928400000</misses>
				<total>0</total>
				<timestamp>7154.587908</timestamp>
			</report>
			<report>
				<misses>928500000</misses>
				<total>0</total>
				<timestamp>7155.383557</timestamp>
			</report>
			<report>
				<misses>928600000</misses>
				<total>0</total>
				<timestamp>7156.145373</timestamp>
			</report>
			<report>
				<misses>928700000</misses>
				<total>0</total>
				<timestamp>7156.922893</timestamp>
			</report>
			<report>
				<misses>928800000</misses>
				<total>0</total>
				<timestamp>7157.685152</timestamp>
			</report>
			<report>
				<misses>928900000</misses>
				<total>0</total>
				<timestamp>7158.466253</timestamp>
			</report>
			<report>
				<misses>929000000</misses>
				<total>0</total>
				<timestamp>7159.229074</timestamp>
			</report>
			<report>
				<misses>929100000</misses>
				<total>0</total>
				<timestamp>7159.946311</timestamp>
			</report>
			<report>
				<misses>929200000</misses>
				<total>0</total>
				<timestamp>7160.694069</timestamp>
			</report>
			<report>
				<misses>929300000</misses>
				<total>0</total>
				<timestamp>7161.437723</timestamp>
			</report>
			<report>
				<misses>929400000</misses>
				<total>0</total>
				<timestamp>7162.170928</timestamp>
			</report>
			<report>
				<misses>929500000</misses>
				<total>0</total>
				<timestamp>7162.912261</timestamp>
			</report>
			<report>
				<misses>929600000</misses>
				<total>0</total>
				<timestamp>7163.650289</timestamp>
			</report>
			<report>
				<misses>929700000</misses>
				<total>0</total>
				<timestamp>7164.402427</timestamp>
			</report>
			<report>
				<misses>929800000</misses>
				<total>0</total>
				<timestamp>7165.147756</timestamp>
			</report>
			<report>
				<misses>929900000</misses>
				<total>0</total>
				<timestamp>7165.927156</timestamp>
			</report>
			<report>
				<misses>930000000</misses>
				<total>0</total>
				<timestamp>7166.703555</timestamp>
			</report>
			<report>
				<misses>930100000</misses>
				<total>0</total>
				<timestamp>7167.451944</timestamp>
			</report>
			<report>
				<misses>930200000</misses>
				<total>0</total>
				<timestamp>7168.252151</timestamp>
			</report>
			<report>
				<misses>930300000</misses>
				<total>0</total>
				<timestamp>7169.016878</timestamp>
			</report>
			<report>
				<misses>930400000</misses>
				<total>0</total>
				<timestamp>7169.797682</timestamp>
			</report>
			<report>
				<misses>930500000</misses>
				<total>0</total>
				<timestamp>7170.575777</timestamp>
			</report>
			<report>
				<misses>930600000</misses>
				<total>0</total>
				<timestamp>7171.328994</timestamp>
			</report>
			<report>
				<misses>930700000</misses>
				<total>0</total>
				<timestamp>7172.099012</timestamp>
			</report>
			<report>
				<misses>930800000</misses>
				<total>0</total>
				<timestamp>7172.877529</timestamp>
			</report>
			<report>
				<misses>930900000</misses>
				<total>0</total>
				<timestamp>7173.684122</timestamp>
			</report>
			<report>
				<misses>931000000</misses>
				<total>0</total>
				<timestamp>7174.442009</timestamp>
			</report>
			<report>
				<misses>931100000</misses>
				<total>0</total>
				<timestamp>7175.211797</timestamp>
			</report>
			<report>
				<misses>931200000</misses>
				<total>0</total>
				<timestamp>7176.022658</timestamp>
			</report>
			<report>
				<misses>931300000</misses>
				<total>0</total>
				<timestamp>7176.802997</timestamp>
			</report>
			<report>
				<misses>931400000</misses>
				<total>0</total>
				<timestamp>7177.618305</timestamp>
			</report>
			<report>
				<misses>931500000</misses>
				<total>0</total>
				<timestamp>7178.397572</timestamp>
			</report>
			<report>
				<misses>931600000</misses>
				<total>0</total>
				<timestamp>7179.181332</timestamp>
			</report>
			<report>
				<misses>931700000</misses>
				<total>0</total>
				<timestamp>7179.929124</timestamp>
			</report>
			<report>
				<misses>931800000</misses>
				<total>0</total>
				<timestamp>7180.660347</timestamp>
			</report>
			<report>
				<misses>931900000</misses>
				<total>0</total>
				<timestamp>7181.397260</timestamp>
			</report>
			<report>
				<misses>932000000</misses>
				<total>0</total>
				<timestamp>7182.092119</timestamp>
			</report>
			<report>
				<misses>932100000</misses>
				<total>0</total>
				<timestamp>7182.905868</timestamp>
			</report>
			<report>
				<misses>932200000</misses>
				<total>0</total>
				<timestamp>7183.681465</timestamp>
			</report>
			<report>
				<misses>932300000</misses>
				<total>0</total>
				<timestamp>7184.414005</timestamp>
			</report>
			<report>
				<misses>932400000</misses>
				<total>0</total>
				<timestamp>7185.161962</timestamp>
			</report>
			<report>
				<misses>932500000</misses>
				<total>0</total>
				<timestamp>7185.888054</timestamp>
			</report>
			<report>
				<misses>932600000</misses>
				<total>0</total>
				<timestamp>7186.681375</timestamp>
			</report>
			<report>
				<misses>932700000</misses>
				<total>0</total>
				<timestamp>7187.509147</timestamp>
			</report>
			<report>
				<misses>932800000</misses>
				<total>0</total>
				<timestamp>7188.300462</timestamp>
			</report>
			<report>
				<misses>932900000</misses>
				<total>0</total>
				<timestamp>7189.081715</timestamp>
			</report>
			<report>
				<misses>933000000</misses>
				<total>0</total>
				<timestamp>7189.845023</timestamp>
			</report>
			<report>
				<misses>933100000</misses>
				<total>0</total>
				<timestamp>7190.660349</timestamp>
			</report>
			<report>
				<misses>933200000</misses>
				<total>0</total>
				<timestamp>7191.397080</timestamp>
			</report>
			<report>
				<misses>933300000</misses>
				<total>0</total>
				<timestamp>7192.164075</timestamp>
			</report>
			<report>
				<misses>933400000</misses>
				<total>0</total>
				<timestamp>7192.923953</timestamp>
			</report>
			<report>
				<misses>933500000</misses>
				<total>0</total>
				<timestamp>7193.693328</timestamp>
			</report>
			<report>
				<misses>933600000</misses>
				<total>0</total>
				<timestamp>7194.484391</timestamp>
			</report>
			<report>
				<misses>933700000</misses>
				<total>0</total>
				<timestamp>7195.253345</timestamp>
			</report>
			<report>
				<misses>933800000</misses>
				<total>0</total>
				<timestamp>7195.997349</timestamp>
			</report>
			<report>
				<misses>933900000</misses>
				<total>0</total>
				<timestamp>7196.805417</timestamp>
			</report>
			<report>
				<misses>934000000</misses>
				<total>0</total>
				<timestamp>7197.554863</timestamp>
			</report>
			<report>
				<misses>934100000</misses>
				<total>0</total>
				<timestamp>7198.288208</timestamp>
			</report>
			<report>
				<misses>934200000</misses>
				<total>0</total>
				<timestamp>7199.046022</timestamp>
			</report>
		</query>
	</custom>
	<ethtool_statistic>
		<rx_packets>
			<start>53891514</start>
			<end>402426464</end>
		</rx_packets>
		<tx_packets>
			<start>21578753</start>
			<end>1158216776</end>
		</tx_packets>
		<rx_dropped>
			<start>0</start>
			<end>0</end>
		</rx_dropped>
		<tx_dropped>
			<start>0</start>
			<end>0</end>
		</tx_dropped>
		<collisions>
			<start>0</start>
			<end>0</end>
		</collisions>
		<port_tx_errors>
			<start>0</start>
			<end>0</end>
		</port_tx_errors>
		<port_rx_dropped>
			<start>0</start>
			<end>0</end>
		</port_rx_dropped>
		<port_tx_dropped_link_down>
			<start>0</start>
			<end>0</end>
		</port_tx_dropped_link_down>
	</ethtool_statistic>
	<ip_statistic>
		<mtu>
			<start>9000</start>
			<end>9000</end>
		</mtu>
		<rx_bytes>
			<start>192406690296</start>
			<end>3308902670156</end>
		</rx_bytes>
		<rx_packets>
			<start>53891629</start>
			<end>402426554</end>
		</rx_packets>
		<rx_errors>
			<start>0</start>
			<end>0</end>
		</rx_errors>
		<rx_dropped>
			<start>0</start>
			<end>0</end>
		</rx_dropped>
		<rx_missed>
			<start>0</start>
			<end>0</end>
		</rx_missed>
		<rx_mcast>
			<start>514</start>
			<end>662</end>
		</rx_mcast>
		<tx_bytes>
			<start>145135295814</start>
			<end>2068692454850</end>
		</tx_bytes>
		<tx_packets>
			<start>21578818</start>
			<end>1158216836</end>
		</tx_packets>
		<tx_errors>
			<start>0</start>
			<end>0</end>
		</tx_errors>
		<tx_dropped>
			<start>0</start>
			<end>0</end>
		</tx_dropped>
		<tx_carrier>
			<start>0</start>
			<end>0</end>
		</tx_carrier>
		<tx_collisions>
			<start>0</start>
			<end>0</end>
		</tx_collisions>
	</ip_statistic>
	<netstat_statistic>
		<udp_pkg_rec>
			<start>493279919</start>
			<end>841815670</end>
		</udp_pkg_rec>
		<udp_pkg_snt>
			<start>1171240614</start>
			<end>2307880394</end>
		</udp_pkg_snt>
		<udp_rec_err>
			<start>9640109</start>
			<end>9640275</end>
		</udp_rec_err>
		<udp_rec_buf_err>
			<start>9640109</start>
			<end>9640275</end>
		</udp_rec_buf_err>
		<udp_snt_buf_err>
			<start>0</start>
			<end>0</end>
		</udp_snt_buf_err>
	</netstat_statistic>
</test_results>
