<?xml version="1.0"?>
<test_results>
	<status>STATUS_SUCCESS</status>
	<custom>
		<num_loss>0</num_loss>
		<num_total>1142787782</num_total>
		<num_misses>1737178702</num_misses>
		<elapsed_time>7199.887643</elapsed_time>
		<query>
			<report>
				<misses>100001</misses>
				<total>0</total>
				<timestamp>0.806365</timestamp>
			</report>
			<report>
				<misses>200001</misses>
				<total>0</total>
				<timestamp>1.594855</timestamp>
			</report>
			<report>
				<misses>300001</misses>
				<total>0</total>
				<timestamp>2.268387</timestamp>
			</report>
			<report>
				<misses>400001</misses>
				<total>0</total>
				<timestamp>2.946067</timestamp>
			</report>
			<report>
				<misses>500001</misses>
				<total>0</total>
				<timestamp>3.635677</timestamp>
			</report>
			<report>
				<misses>600001</misses>
				<total>0</total>
				<timestamp>4.314357</timestamp>
			</report>
			<report>
				<misses>700001</misses>
				<total>0</total>
				<timestamp>4.959303</timestamp>
			</report>
			<report>
				<misses>800001</misses>
				<total>0</total>
				<timestamp>5.596174</timestamp>
			</report>
			<report>
				<misses>900001</misses>
				<total>0</total>
				<timestamp>6.228027</timestamp>
			</report>
			<report>
				<misses>1000001</misses>
				<total>0</total>
				<timestamp>6.866521</timestamp>
			</report>
			<report>
				<misses>1100001</misses>
				<total>0</total>
				<timestamp>7.498430</timestamp>
			</report>
			<report>
				<misses>1200001</misses>
				<total>0</total>
				<timestamp>8.131526</timestamp>
			</report>
			<report>
				<misses>1300001</misses>
				<total>0</total>
				<timestamp>8.765460</timestamp>
			</report>
			<report>
				<misses>1400001</misses>
				<total>0</total>
				<timestamp>9.396253</timestamp>
			</report>
			<report>
				<misses>1500001</misses>
				<total>0</total>
				<timestamp>10.027084</timestamp>
			</report>
			<report>
				<misses>1600001</misses>
				<total>0</total>
				<timestamp>10.661789</timestamp>
			</report>
			<report>
				<misses>1700001</misses>
				<total>0</total>
				<timestamp>11.308403</timestamp>
			</report>
			<report>
				<misses>1800001</misses>
				<total>0</total>
				<timestamp>11.941562</timestamp>
			</report>
			<report>
				<misses>1900001</misses>
				<total>0</total>
				<timestamp>12.571324</timestamp>
			</report>
			<report>
				<misses>2000001</misses>
				<total>0</total>
				<timestamp>13.199342</timestamp>
			</report>
			<report>
				<misses>2100001</misses>
				<total>0</total>
				<timestamp>13.828645</timestamp>
			</report>
			<report>
				<misses>2200001</misses>
				<total>0</total>
				<timestamp>14.462456</timestamp>
			</report>
			<report>
				<misses>2300001</misses>
				<total>0</total>
				<timestamp>15.114367</timestamp>
			</report>
			<report>
				<misses>2400001</misses>
				<total>0</total>
				<timestamp>15.742510</timestamp>
			</report>
			<report>
				<misses>2500001</misses>
				<total>0</total>
				<timestamp>16.394997</timestamp>
			</report>
			<report>
				<misses>2600001</misses>
				<total>0</total>
				<timestamp>17.031656</timestamp>
			</report>
			<report>
				<misses>2700001</misses>
				<total>0</total>
				<timestamp>17.656445</timestamp>
			</report>
			<report>
				<misses>2800001</misses>
				<total>0</total>
				<timestamp>18.280066</timestamp>
			</report>
			<report>
				<misses>2900001</misses>
				<total>0</total>
				<timestamp>18.904151</timestamp>
			</report>
			<report>
				<misses>3000001</misses>
				<total>0</total>
				<timestamp>19.530934</timestamp>
			</report>
			<report>
				<misses>3100001</misses>
				<total>0</total>
				<timestamp>20.157899</timestamp>
			</report>
			<report>
				<misses>3200001</misses>
				<total>0</total>
				<timestamp>20.783139</timestamp>
			</report>
			<report>
				<misses>3300001</misses>
				<total>0</total>
				<timestamp>21.407618</timestamp>
			</report>
			<report>
				<misses>3400001</misses>
				<total>0</total>
				<timestamp>22.035316</timestamp>
			</report>
			<report>
				<misses>3500001</misses>
				<total>0</total>
				<timestamp>22.730617</timestamp>
			</report>
			<report>
				<misses>3600001</misses>
				<total>0</total>
				<timestamp>23.385358</timestamp>
			</report>
			<report>
				<misses>3700001</misses>
				<total>0</total>
				<timestamp>24.027174</timestamp>
			</report>
			<report>
				<misses>3800001</misses>
				<total>0</total>
				<timestamp>24.668646</timestamp>
			</report>
			<report>
				<misses>3900001</misses>
				<total>0</total>
				<timestamp>25.320344</timestamp>
			</report>
			<report>
				<misses>4000001</misses>
				<total>0</total>
				<timestamp>25.975320</timestamp>
			</report>
			<report>
				<misses>4100001</misses>
				<total>0</total>
				<timestamp>26.614198</timestamp>
			</report>
			<report>
				<misses>4200001</misses>
				<total>0</total>
				<timestamp>27.253938</timestamp>
			</report>
			<report>
				<misses>4300001</misses>
				<total>0</total>
				<timestamp>27.895184</timestamp>
			</report>
			<report>
				<misses>4400001</misses>
				<total>0</total>
				<timestamp>28.535515</timestamp>
			</report>
			<report>
				<misses>4500001</misses>
				<total>0</total>
				<timestamp>29.175818</timestamp>
			</report>
			<report>
				<misses>4600001</misses>
				<total>0</total>
				<timestamp>29.816239</timestamp>
			</report>
			<report>
				<misses>4700001</misses>
				<total>0</total>
				<timestamp>30.456309</timestamp>
			</report>
			<report>
				<misses>4800001</misses>
				<total>0</total>
				<timestamp>31.096248</timestamp>
			</report>
			<report>
				<misses>4900001</misses>
				<total>0</total>
				<timestamp>31.736319</timestamp>
			</report>
			<report>
				<misses>5000001</misses>
				<total>0</total>
				<timestamp>32.376663</timestamp>
			</report>
			<report>
				<misses>5100001</misses>
				<total>0</total>
				<timestamp>33.016749</timestamp>
			</report>
			<report>
				<misses>5200001</misses>
				<total>0</total>
				<timestamp>33.656438</timestamp>
			</report>
			<report>
				<misses>5300001</misses>
				<total>0</total>
				<timestamp>34.295210</timestamp>
			</report>
			<report>
				<misses>5400001</misses>
				<total>0</total>
				<timestamp>34.931260</timestamp>
			</report>
			<report>
				<misses>5500001</misses>
				<total>0</total>
				<timestamp>35.567004</timestamp>
			</report>
			<report>
				<misses>5600001</misses>
				<total>0</total>
				<timestamp>36.208070</timestamp>
			</report>
			<report>
				<misses>5700001</misses>
				<total>0</total>
				<timestamp>36.843035</timestamp>
			</report>
			<report>
				<misses>5800001</misses>
				<total>0</total>
				<timestamp>37.477648</timestamp>
			</report>
			<report>
				<misses>5900001</misses>
				<total>0</total>
				<timestamp>38.110738</timestamp>
			</report>
			<report>
				<misses>6000001</misses>
				<total>0</total>
				<timestamp>38.746727</timestamp>
			</report>
			<report>
				<misses>6100001</misses>
				<total>0</total>
				<timestamp>39.386774</timestamp>
			</report>
			<report>
				<misses>6200001</misses>
				<total>0</total>
				<timestamp>40.022611</timestamp>
			</report>
			<report>
				<misses>6300001</misses>
				<total>0</total>
				<timestamp>40.657941</timestamp>
			</report>
			<report>
				<misses>6400001</misses>
				<total>0</total>
				<timestamp>41.299123</timestamp>
			</report>
			<report>
				<misses>6500001</misses>
				<total>0</total>
				<timestamp>41.937734</timestamp>
			</report>
			<report>
				<misses>6600001</misses>
				<total>0</total>
				<timestamp>42.572802</timestamp>
			</report>
			<report>
				<misses>6700001</misses>
				<total>0</total>
				<timestamp>43.210629</timestamp>
			</report>
			<report>
				<misses>6800001</misses>
				<total>0</total>
				<timestamp>43.844722</timestamp>
			</report>
			<report>
				<misses>6900001</misses>
				<total>0</total>
				<timestamp>44.479780</timestamp>
			</report>
			<report>
				<misses>7000001</misses>
				<total>0</total>
				<timestamp>45.118792</timestamp>
			</report>
			<report>
				<misses>7100001</misses>
				<total>0</total>
				<timestamp>45.753899</timestamp>
			</report>
			<report>
				<misses>7200001</misses>
				<total>0</total>
				<timestamp>46.389156</timestamp>
			</report>
			<report>
				<misses>7300001</misses>
				<total>0</total>
				<timestamp>47.025978</timestamp>
			</report>
			<report>
				<misses>7400001</misses>
				<total>0</total>
				<timestamp>47.662088</timestamp>
			</report>
			<report>
				<misses>7500001</misses>
				<total>0</total>
				<timestamp>48.298209</timestamp>
			</report>
			<report>
				<misses>7600001</misses>
				<total>0</total>
				<timestamp>48.936875</timestamp>
			</report>
			<report>
				<misses>7700001</misses>
				<total>0</total>
				<timestamp>49.573341</timestamp>
			</report>
			<report>
				<misses>7800001</misses>
				<total>0</total>
				<timestamp>50.211958</timestamp>
			</report>
			<report>
				<misses>7900001</misses>
				<total>0</total>
				<timestamp>50.846202</timestamp>
			</report>
			<report>
				<misses>8000001</misses>
				<total>0</total>
				<timestamp>51.482390</timestamp>
			</report>
			<report>
				<misses>8100001</misses>
				<total>0</total>
				<timestamp>52.124297</timestamp>
			</report>
			<report>
				<misses>8200001</misses>
				<total>0</total>
				<timestamp>52.762271</timestamp>
			</report>
			<report>
				<misses>8300001</misses>
				<total>0</total>
				<timestamp>53.401702</timestamp>
			</report>
			<report>
				<misses>8400001</misses>
				<total>0</total>
				<timestamp>54.036628</timestamp>
			</report>
			<report>
				<misses>8500001</misses>
				<total>0</total>
				<timestamp>54.681779</timestamp>
			</report>
			<report>
				<misses>8600001</misses>
				<total>0</total>
				<timestamp>55.317128</timestamp>
			</report>
			<report>
				<misses>8700001</misses>
				<total>0</total>
				<timestamp>55.959607</timestamp>
			</report>
			<report>
				<misses>8800001</misses>
				<total>0</total>
				<timestamp>56.593966</timestamp>
			</report>
			<report>
				<misses>8900001</misses>
				<total>0</total>
				<timestamp>57.241334</timestamp>
			</report>
			<report>
				<misses>9000001</misses>
				<total>0</total>
				<timestamp>57.880080</timestamp>
			</report>
			<report>
				<misses>9100001</misses>
				<total>0</total>
				<timestamp>58.545991</timestamp>
			</report>
			<report>
				<misses>9200001</misses>
				<total>0</total>
				<timestamp>59.186862</timestamp>
			</report>
			<report>
				<misses>9300001</misses>
				<total>0</total>
				<timestamp>59.825195</timestamp>
			</report>
			<report>
				<misses>9400001</misses>
				<total>0</total>
				<timestamp>60.458575</timestamp>
			</report>
			<report>
				<misses>9500001</misses>
				<total>0</total>
				<timestamp>61.104958</timestamp>
			</report>
			<report>
				<misses>9600001</misses>
				<total>0</total>
				<timestamp>61.736486</timestamp>
			</report>
			<report>
				<misses>9700001</misses>
				<total>0</total>
				<timestamp>62.370762</timestamp>
			</report>
			<report>
				<misses>9800001</misses>
				<total>0</total>
				<timestamp>63.022047</timestamp>
			</report>
			<report>
				<misses>9900001</misses>
				<total>0</total>
				<timestamp>63.668143</timestamp>
			</report>
			<report>
				<misses>10000001</misses>
				<total>0</total>
				<timestamp>64.302462</timestamp>
			</report>
			<report>
				<misses>10100001</misses>
				<total>0</total>
				<timestamp>64.944036</timestamp>
			</report>
			<report>
				<misses>10200001</misses>
				<total>0</total>
				<timestamp>65.580698</timestamp>
			</report>
			<report>
				<misses>10300001</misses>
				<total>0</total>
				<timestamp>66.217651</timestamp>
			</report>
			<report>
				<misses>10400001</misses>
				<total>0</total>
				<timestamp>66.863339</timestamp>
			</report>
			<report>
				<misses>10500001</misses>
				<total>0</total>
				<timestamp>67.500574</timestamp>
			</report>
			<report>
				<misses>10600001</misses>
				<total>0</total>
				<timestamp>68.137043</timestamp>
			</report>
			<report>
				<misses>10700001</misses>
				<total>0</total>
				<timestamp>68.783636</timestamp>
			</report>
			<report>
				<misses>10800001</misses>
				<total>0</total>
				<timestamp>69.411679</timestamp>
			</report>
			<report>
				<misses>10900001</misses>
				<total>0</total>
				<timestamp>70.045489</timestamp>
			</report>
			<report>
				<misses>11000001</misses>
				<total>0</total>
				<timestamp>70.685885</timestamp>
			</report>
			<report>
				<misses>11100001</misses>
				<total>0</total>
				<timestamp>71.335401</timestamp>
			</report>
			<report>
				<misses>11200001</misses>
				<total>0</total>
				<timestamp>71.968696</timestamp>
			</report>
			<report>
				<misses>11300001</misses>
				<total>0</total>
				<timestamp>72.596488</timestamp>
			</report>
			<report>
				<misses>11400001</misses>
				<total>0</total>
				<timestamp>73.224313</timestamp>
			</report>
			<report>
				<misses>11500001</misses>
				<total>0</total>
				<timestamp>73.860189</timestamp>
			</report>
			<report>
				<misses>11600001</misses>
				<total>0</total>
				<timestamp>74.493032</timestamp>
			</report>
			<report>
				<misses>11700001</misses>
				<total>0</total>
				<timestamp>75.133089</timestamp>
			</report>
			<report>
				<misses>11800001</misses>
				<total>0</total>
				<timestamp>75.769703</timestamp>
			</report>
			<report>
				<misses>11900001</misses>
				<total>0</total>
				<timestamp>76.400607</timestamp>
			</report>
			<report>
				<misses>12000001</misses>
				<total>0</total>
				<timestamp>77.044435</timestamp>
			</report>
			<report>
				<misses>12100001</misses>
				<total>0</total>
				<timestamp>77.672752</timestamp>
			</report>
			<report>
				<misses>12200001</misses>
				<total>0</total>
				<timestamp>78.312423</timestamp>
			</report>
			<report>
				<misses>12300001</misses>
				<total>0</total>
				<timestamp>78.958560</timestamp>
			</report>
			<report>
				<misses>12400001</misses>
				<total>0</total>
				<timestamp>79.593397</timestamp>
			</report>
			<report>
				<misses>12500001</misses>
				<total>0</total>
				<timestamp>80.223872</timestamp>
			</report>
			<report>
				<misses>12600001</misses>
				<total>0</total>
				<timestamp>80.850472</timestamp>
			</report>
			<report>
				<misses>12700001</misses>
				<total>0</total>
				<timestamp>81.484797</timestamp>
			</report>
			<report>
				<misses>12800001</misses>
				<total>0</total>
				<timestamp>82.125058</timestamp>
			</report>
			<report>
				<misses>12900001</misses>
				<total>0</total>
				<timestamp>82.762225</timestamp>
			</report>
			<report>
				<misses>13000001</misses>
				<total>0</total>
				<timestamp>83.395478</timestamp>
			</report>
			<report>
				<misses>13100001</misses>
				<total>0</total>
				<timestamp>84.022834</timestamp>
			</report>
			<report>
				<misses>13200001</misses>
				<total>0</total>
				<timestamp>84.650915</timestamp>
			</report>
			<report>
				<misses>13300001</misses>
				<total>0</total>
				<timestamp>85.279911</timestamp>
			</report>
			<report>
				<misses>13400001</misses>
				<total>0</total>
				<timestamp>85.925204</timestamp>
			</report>
			<report>
				<misses>13500001</misses>
				<total>0</total>
				<timestamp>86.568318</timestamp>
			</report>
			<report>
				<misses>13600001</misses>
				<total>0</total>
				<timestamp>87.205257</timestamp>
			</report>
			<report>
				<misses>13700001</misses>
				<total>0</total>
				<timestamp>87.833251</timestamp>
			</report>
			<report>
				<misses>13800001</misses>
				<total>0</total>
				<timestamp>88.461523</timestamp>
			</report>
			<report>
				<misses>13900001</misses>
				<total>0</total>
				<timestamp>89.089623</timestamp>
			</report>
			<report>
				<misses>14000001</misses>
				<total>0</total>
				<timestamp>89.717465</timestamp>
			</report>
			<report>
				<misses>14100001</misses>
				<total>0</total>
				<timestamp>90.345717</timestamp>
			</report>
			<report>
				<misses>14200001</misses>
				<total>0</total>
				<timestamp>90.974093</timestamp>
			</report>
			<report>
				<misses>14300001</misses>
				<total>0</total>
				<timestamp>91.602370</timestamp>
			</report>
			<report>
				<misses>14400001</misses>
				<total>0</total>
				<timestamp>92.230510</timestamp>
			</report>
			<report>
				<misses>14500001</misses>
				<total>0</total>
				<timestamp>92.858725</timestamp>
			</report>
			<report>
				<misses>14600001</misses>
				<total>0</total>
				<timestamp>93.487149</timestamp>
			</report>
			<report>
				<misses>14700001</misses>
				<total>0</total>
				<timestamp>94.116177</timestamp>
			</report>
			<report>
				<misses>14800001</misses>
				<total>0</total>
				<timestamp>94.744667</timestamp>
			</report>
			<report>
				<misses>14900001</misses>
				<total>0</total>
				<timestamp>95.374247</timestamp>
			</report>
			<report>
				<misses>15000001</misses>
				<total>0</total>
				<timestamp>96.004546</timestamp>
			</report>
			<report>
				<misses>15100001</misses>
				<total>0</total>
				<timestamp>96.635504</timestamp>
			</report>
			<report>
				<misses>15200001</misses>
				<total>0</total>
				<timestamp>97.265601</timestamp>
			</report>
			<report>
				<misses>15300001</misses>
				<total>0</total>
				<timestamp>97.895654</timestamp>
			</report>
			<report>
				<misses>15400001</misses>
				<total>0</total>
				<timestamp>98.525695</timestamp>
			</report>
			<report>
				<misses>15500001</misses>
				<total>0</total>
				<timestamp>99.162741</timestamp>
			</report>
			<report>
				<misses>15600001</misses>
				<total>0</total>
				<timestamp>99.792491</timestamp>
			</report>
			<report>
				<misses>15700001</misses>
				<total>0</total>
				<timestamp>100.422576</timestamp>
			</report>
			<report>
				<misses>15800001</misses>
				<total>0</total>
				<timestamp>101.051184</timestamp>
			</report>
			<report>
				<misses>15900001</misses>
				<total>0</total>
				<timestamp>101.679527</timestamp>
			</report>
			<report>
				<misses>16000001</misses>
				<total>0</total>
				<timestamp>102.308061</timestamp>
			</report>
			<report>
				<misses>16100001</misses>
				<total>0</total>
				<timestamp>102.940765</timestamp>
			</report>
			<report>
				<misses>16200001</misses>
				<total>0</total>
				<timestamp>103.569362</timestamp>
			</report>
			<report>
				<misses>16300001</misses>
				<total>0</total>
				<timestamp>104.197767</timestamp>
			</report>
			<report>
				<misses>16400001</misses>
				<total>0</total>
				<timestamp>104.826927</timestamp>
			</report>
			<report>
				<misses>16500001</misses>
				<total>0</total>
				<timestamp>105.456782</timestamp>
			</report>
			<report>
				<misses>16600001</misses>
				<total>0</total>
				<timestamp>106.086199</timestamp>
			</report>
			<report>
				<misses>16700001</misses>
				<total>0</total>
				<timestamp>106.715656</timestamp>
			</report>
			<report>
				<misses>16800001</misses>
				<total>0</total>
				<timestamp>107.344947</timestamp>
			</report>
			<report>
				<misses>16900001</misses>
				<total>0</total>
				<timestamp>107.974091</timestamp>
			</report>
			<report>
				<misses>17000001</misses>
				<total>0</total>
				<timestamp>108.603416</timestamp>
			</report>
			<report>
				<misses>17100001</misses>
				<total>0</total>
				<timestamp>109.232607</timestamp>
			</report>
			<report>
				<misses>17200001</misses>
				<total>0</total>
				<timestamp>109.861486</timestamp>
			</report>
			<report>
				<misses>17300001</misses>
				<total>0</total>
				<timestamp>110.490629</timestamp>
			</report>
			<report>
				<misses>17400001</misses>
				<total>0</total>
				<timestamp>111.119636</timestamp>
			</report>
			<report>
				<misses>17500001</misses>
				<total>0</total>
				<timestamp>111.748903</timestamp>
			</report>
			<report>
				<misses>17600001</misses>
				<total>0</total>
				<timestamp>112.378272</timestamp>
			</report>
			<report>
				<misses>17700001</misses>
				<total>0</total>
				<timestamp>113.007460</timestamp>
			</report>
			<report>
				<misses>17800001</misses>
				<total>0</total>
				<timestamp>113.636098</timestamp>
			</report>
			<report>
				<misses>17900001</misses>
				<total>0</total>
				<timestamp>114.265012</timestamp>
			</report>
			<report>
				<misses>18000001</misses>
				<total>0</total>
				<timestamp>114.893846</timestamp>
			</report>
			<report>
				<misses>18100001</misses>
				<total>0</total>
				<timestamp>115.522714</timestamp>
			</report>
			<report>
				<misses>18200001</misses>
				<total>0</total>
				<timestamp>116.151945</timestamp>
			</report>
			<report>
				<misses>18300001</misses>
				<total>0</total>
				<timestamp>116.784978</timestamp>
			</report>
			<report>
				<misses>18400001</misses>
				<total>0</total>
				<timestamp>117.413693</timestamp>
			</report>
			<report>
				<misses>18500001</misses>
				<total>0</total>
				<timestamp>118.042476</timestamp>
			</report>
			<report>
				<misses>18600001</misses>
				<total>0</total>
				<timestamp>118.671118</timestamp>
			</report>
			<report>
				<misses>18700001</misses>
				<total>0</total>
				<timestamp>119.300197</timestamp>
			</report>
			<report>
				<misses>18800001</misses>
				<total>0</total>
				<timestamp>119.929467</timestamp>
			</report>
			<report>
				<misses>18900001</misses>
				<total>0</total>
				<timestamp>120.558665</timestamp>
			</report>
			<report>
				<misses>19000001</misses>
				<total>0</total>
				<timestamp>121.188496</timestamp>
			</report>
			<report>
				<misses>19100001</misses>
				<total>0</total>
				<timestamp>121.826854</timestamp>
			</report>
			<report>
				<misses>19200001</misses>
				<total>0</total>
				<timestamp>122.456909</timestamp>
			</report>
			<report>
				<misses>19300001</misses>
				<total>0</total>
				<timestamp>123.088822</timestamp>
			</report>
			<report>
				<misses>19400001</misses>
				<total>0</total>
				<timestamp>123.719119</timestamp>
			</report>
			<report>
				<misses>19500001</misses>
				<total>0</total>
				<timestamp>124.349490</timestamp>
			</report>
			<report>
				<misses>19600001</misses>
				<total>0</total>
				<timestamp>124.982836</timestamp>
			</report>
			<report>
				<misses>19700001</misses>
				<total>0</total>
				<timestamp>125.613207</timestamp>
			</report>
			<report>
				<misses>19800001</misses>
				<total>0</total>
				<timestamp>126.243066</timestamp>
			</report>
			<report>
				<misses>19900001</misses>
				<total>0</total>
				<timestamp>126.872205</timestamp>
			</report>
			<report>
				<misses>20000001</misses>
				<total>0</total>
				<timestamp>127.501161</timestamp>
			</report>
			<report>
				<misses>20100001</misses>
				<total>0</total>
				<timestamp>128.129980</timestamp>
			</report>
			<report>
				<misses>20200001</misses>
				<total>0</total>
				<timestamp>128.759407</timestamp>
			</report>
			<report>
				<misses>20300001</misses>
				<total>0</total>
				<timestamp>129.388604</timestamp>
			</report>
			<report>
				<misses>20400001</misses>
				<total>0</total>
				<timestamp>130.017808</timestamp>
			</report>
			<report>
				<misses>20500001</misses>
				<total>0</total>
				<timestamp>130.646569</timestamp>
			</report>
			<report>
				<misses>20600001</misses>
				<total>0</total>
				<timestamp>131.274751</timestamp>
			</report>
			<report>
				<misses>20700001</misses>
				<total>0</total>
				<timestamp>131.905101</timestamp>
			</report>
			<report>
				<misses>20800001</misses>
				<total>0</total>
				<timestamp>132.533626</timestamp>
			</report>
			<report>
				<misses>20900001</misses>
				<total>0</total>
				<timestamp>133.161848</timestamp>
			</report>
			<report>
				<misses>21000001</misses>
				<total>0</total>
				<timestamp>133.789882</timestamp>
			</report>
			<report>
				<misses>21100001</misses>
				<total>0</total>
				<timestamp>134.417458</timestamp>
			</report>
			<report>
				<misses>21200001</misses>
				<total>0</total>
				<timestamp>135.044766</timestamp>
			</report>
			<report>
				<misses>21300001</misses>
				<total>0</total>
				<timestamp>135.672613</timestamp>
			</report>
			<report>
				<misses>21400001</misses>
				<total>0</total>
				<timestamp>136.300503</timestamp>
			</report>
			<report>
				<misses>21500001</misses>
				<total>0</total>
				<timestamp>136.929282</timestamp>
			</report>
			<report>
				<misses>21600001</misses>
				<total>0</total>
				<timestamp>137.558113</timestamp>
			</report>
			<report>
				<misses>21700001</misses>
				<total>0</total>
				<timestamp>138.186801</timestamp>
			</report>
			<report>
				<misses>21800001</misses>
				<total>0</total>
				<timestamp>138.815667</timestamp>
			</report>
			<report>
				<misses>21900001</misses>
				<total>0</total>
				<timestamp>139.444536</timestamp>
			</report>
			<report>
				<misses>22000001</misses>
				<total>0</total>
				<timestamp>140.073166</timestamp>
			</report>
			<report>
				<misses>22100001</misses>
				<total>0</total>
				<timestamp>140.702044</timestamp>
			</report>
			<report>
				<misses>22200001</misses>
				<total>0</total>
				<timestamp>141.330934</timestamp>
			</report>
			<report>
				<misses>22300001</misses>
				<total>0</total>
				<timestamp>141.959509</timestamp>
			</report>
			<report>
				<misses>22400001</misses>
				<total>0</total>
				<timestamp>142.587768</timestamp>
			</report>
			<report>
				<misses>22500001</misses>
				<total>0</total>
				<timestamp>143.216166</timestamp>
			</report>
			<report>
				<misses>22600001</misses>
				<total>0</total>
				<timestamp>143.844644</timestamp>
			</report>
			<report>
				<misses>22700001</misses>
				<total>0</total>
				<timestamp>144.473595</timestamp>
			</report>
			<report>
				<misses>22800001</misses>
				<total>0</total>
				<timestamp>145.102647</timestamp>
			</report>
			<report>
				<misses>22900001</misses>
				<total>0</total>
				<timestamp>145.731507</timestamp>
			</report>
			<report>
				<misses>23000001</misses>
				<total>0</total>
				<timestamp>146.360630</timestamp>
			</report>
			<report>
				<misses>23100001</misses>
				<total>0</total>
				<timestamp>146.990824</timestamp>
			</report>
			<report>
				<misses>23200001</misses>
				<total>0</total>
				<timestamp>147.621411</timestamp>
			</report>
			<report>
				<misses>23300001</misses>
				<total>0</total>
				<timestamp>148.251693</timestamp>
			</report>
			<report>
				<misses>23400001</misses>
				<total>0</total>
				<timestamp>148.882084</timestamp>
			</report>
			<report>
				<misses>23500001</misses>
				<total>0</total>
				<timestamp>149.511742</timestamp>
			</report>
			<report>
				<misses>23600001</misses>
				<total>0</total>
				<timestamp>150.141709</timestamp>
			</report>
			<report>
				<misses>23700001</misses>
				<total>0</total>
				<timestamp>150.771442</timestamp>
			</report>
			<report>
				<misses>23800001</misses>
				<total>0</total>
				<timestamp>151.400939</timestamp>
			</report>
			<report>
				<misses>23900001</misses>
				<total>0</total>
				<timestamp>152.029319</timestamp>
			</report>
			<report>
				<misses>24000001</misses>
				<total>0</total>
				<timestamp>152.657318</timestamp>
			</report>
			<report>
				<misses>24100001</misses>
				<total>0</total>
				<timestamp>153.285705</timestamp>
			</report>
			<report>
				<misses>24200001</misses>
				<total>0</total>
				<timestamp>153.913838</timestamp>
			</report>
			<report>
				<misses>24300001</misses>
				<total>0</total>
				<timestamp>154.541558</timestamp>
			</report>
			<report>
				<misses>24400001</misses>
				<total>0</total>
				<timestamp>155.172523</timestamp>
			</report>
			<report>
				<misses>24500001</misses>
				<total>0</total>
				<timestamp>155.799789</timestamp>
			</report>
			<report>
				<misses>24600001</misses>
				<total>0</total>
				<timestamp>156.427873</timestamp>
			</report>
			<report>
				<misses>24700001</misses>
				<total>0</total>
				<timestamp>157.056766</timestamp>
			</report>
			<report>
				<misses>24800001</misses>
				<total>0</total>
				<timestamp>157.685444</timestamp>
			</report>
			<report>
				<misses>24900001</misses>
				<total>0</total>
				<timestamp>158.313813</timestamp>
			</report>
			<report>
				<misses>25000001</misses>
				<total>0</total>
				<timestamp>158.942466</timestamp>
			</report>
			<report>
				<misses>25100001</misses>
				<total>0</total>
				<timestamp>159.571363</timestamp>
			</report>
			<report>
				<misses>25200001</misses>
				<total>0</total>
				<timestamp>160.211550</timestamp>
			</report>
			<report>
				<misses>25300001</misses>
				<total>0</total>
				<timestamp>160.840532</timestamp>
			</report>
			<report>
				<misses>25400001</misses>
				<total>0</total>
				<timestamp>161.469515</timestamp>
			</report>
			<report>
				<misses>25500001</misses>
				<total>0</total>
				<timestamp>162.097562</timestamp>
			</report>
			<report>
				<misses>25600001</misses>
				<total>0</total>
				<timestamp>162.728803</timestamp>
			</report>
			<report>
				<misses>25700001</misses>
				<total>0</total>
				<timestamp>163.363289</timestamp>
			</report>
			<report>
				<misses>25800001</misses>
				<total>0</total>
				<timestamp>163.991771</timestamp>
			</report>
			<report>
				<misses>25900001</misses>
				<total>0</total>
				<timestamp>164.619454</timestamp>
			</report>
			<report>
				<misses>26000001</misses>
				<total>0</total>
				<timestamp>165.255677</timestamp>
			</report>
			<report>
				<misses>26100001</misses>
				<total>0</total>
				<timestamp>165.884537</timestamp>
			</report>
			<report>
				<misses>26200001</misses>
				<total>0</total>
				<timestamp>166.513434</timestamp>
			</report>
			<report>
				<misses>26300001</misses>
				<total>0</total>
				<timestamp>167.141369</timestamp>
			</report>
			<report>
				<misses>26400001</misses>
				<total>0</total>
				<timestamp>167.769087</timestamp>
			</report>
			<report>
				<misses>26500001</misses>
				<total>0</total>
				<timestamp>168.397528</timestamp>
			</report>
			<report>
				<misses>26600001</misses>
				<total>0</total>
				<timestamp>169.026273</timestamp>
			</report>
			<report>
				<misses>26700001</misses>
				<total>0</total>
				<timestamp>169.653532</timestamp>
			</report>
			<report>
				<misses>26800001</misses>
				<total>0</total>
				<timestamp>170.282131</timestamp>
			</report>
			<report>
				<misses>26900001</misses>
				<total>0</total>
				<timestamp>170.910209</timestamp>
			</report>
			<report>
				<misses>27000001</misses>
				<total>0</total>
				<timestamp>171.537831</timestamp>
			</report>
			<report>
				<misses>27100001</misses>
				<total>0</total>
				<timestamp>172.171353</timestamp>
			</report>
			<report>
				<misses>27200001</misses>
				<total>0</total>
				<timestamp>172.800728</timestamp>
			</report>
			<report>
				<misses>27300001</misses>
				<total>0</total>
				<timestamp>173.430765</timestamp>
			</report>
			<report>
				<misses>27400001</misses>
				<total>0</total>
				<timestamp>174.060596</timestamp>
			</report>
			<report>
				<misses>27500001</misses>
				<total>0</total>
				<timestamp>174.690269</timestamp>
			</report>
			<report>
				<misses>27600001</misses>
				<total>0</total>
				<timestamp>175.320242</timestamp>
			</report>
			<report>
				<misses>27700001</misses>
				<total>0</total>
				<timestamp>175.949792</timestamp>
			</report>
			<report>
				<misses>27800001</misses>
				<total>0</total>
				<timestamp>176.579475</timestamp>
			</report>
			<report>
				<misses>27900001</misses>
				<total>0</total>
				<timestamp>177.209672</timestamp>
			</report>
			<report>
				<misses>28000001</misses>
				<total>0</total>
				<timestamp>177.837950</timestamp>
			</report>
			<report>
				<misses>28100001</misses>
				<total>0</total>
				<timestamp>178.466160</timestamp>
			</report>
			<report>
				<misses>28200001</misses>
				<total>0</total>
				<timestamp>179.094779</timestamp>
			</report>
			<report>
				<misses>28300001</misses>
				<total>0</total>
				<timestamp>179.723780</timestamp>
			</report>
			<report>
				<misses>28400001</misses>
				<total>0</total>
				<timestamp>180.351518</timestamp>
			</report>
			<report>
				<misses>28500001</misses>
				<total>0</total>
				<timestamp>180.980242</timestamp>
			</report>
			<report>
				<misses>28600001</misses>
				<total>0</total>
				<timestamp>181.609107</timestamp>
			</report>
			<report>
				<misses>28700001</misses>
				<total>0</total>
				<timestamp>182.236678</timestamp>
			</report>
			<report>
				<misses>28800001</misses>
				<total>0</total>
				<timestamp>182.872315</timestamp>
			</report>
			<report>
				<misses>28900001</misses>
				<total>0</total>
				<timestamp>183.500302</timestamp>
			</report>
			<report>
				<misses>29000001</misses>
				<total>0</total>
				<timestamp>184.135632</timestamp>
			</report>
			<report>
				<misses>29100001</misses>
				<total>0</total>
				<timestamp>184.764786</timestamp>
			</report>
			<report>
				<misses>29200001</misses>
				<total>0</total>
				<timestamp>185.392898</timestamp>
			</report>
			<report>
				<misses>29300001</misses>
				<total>0</total>
				<timestamp>186.021278</timestamp>
			</report>
			<report>
				<misses>29400001</misses>
				<total>0</total>
				<timestamp>186.649439</timestamp>
			</report>
			<report>
				<misses>29500001</misses>
				<total>0</total>
				<timestamp>187.278296</timestamp>
			</report>
			<report>
				<misses>29600001</misses>
				<total>0</total>
				<timestamp>187.907708</timestamp>
			</report>
			<report>
				<misses>29700001</misses>
				<total>0</total>
				<timestamp>188.536362</timestamp>
			</report>
			<report>
				<misses>29800001</misses>
				<total>0</total>
				<timestamp>189.164582</timestamp>
			</report>
			<report>
				<misses>29900001</misses>
				<total>0</total>
				<timestamp>189.798162</timestamp>
			</report>
			<report>
				<misses>30000001</misses>
				<total>0</total>
				<timestamp>190.426337</timestamp>
			</report>
			<report>
				<misses>30100001</misses>
				<total>0</total>
				<timestamp>191.054440</timestamp>
			</report>
			<report>
				<misses>30200001</misses>
				<total>0</total>
				<timestamp>191.681950</timestamp>
			</report>
			<report>
				<misses>30300001</misses>
				<total>0</total>
				<timestamp>192.310348</timestamp>
			</report>
			<report>
				<misses>30400001</misses>
				<total>0</total>
				<timestamp>192.938507</timestamp>
			</report>
			<report>
				<misses>30500001</misses>
				<total>0</total>
				<timestamp>193.566320</timestamp>
			</report>
			<report>
				<misses>30600001</misses>
				<total>0</total>
				<timestamp>194.200232</timestamp>
			</report>
			<report>
				<misses>30700001</misses>
				<total>0</total>
				<timestamp>194.828582</timestamp>
			</report>
			<report>
				<misses>30800001</misses>
				<total>0</total>
				<timestamp>195.456068</timestamp>
			</report>
			<report>
				<misses>30900001</misses>
				<total>0</total>
				<timestamp>196.084378</timestamp>
			</report>
			<report>
				<misses>31000001</misses>
				<total>0</total>
				<timestamp>196.712504</timestamp>
			</report>
			<report>
				<misses>31100001</misses>
				<total>0</total>
				<timestamp>197.339611</timestamp>
			</report>
			<report>
				<misses>31200001</misses>
				<total>0</total>
				<timestamp>197.966813</timestamp>
			</report>
			<report>
				<misses>31300001</misses>
				<total>0</total>
				<timestamp>198.594695</timestamp>
			</report>
			<report>
				<misses>31400001</misses>
				<total>0</total>
				<timestamp>199.222480</timestamp>
			</report>
			<report>
				<misses>31500001</misses>
				<total>0</total>
				<timestamp>199.850709</timestamp>
			</report>
			<report>
				<misses>31600001</misses>
				<total>0</total>
				<timestamp>200.478951</timestamp>
			</report>
			<report>
				<misses>31700001</misses>
				<total>0</total>
				<timestamp>201.107280</timestamp>
			</report>
			<report>
				<misses>31800001</misses>
				<total>0</total>
				<timestamp>201.741518</timestamp>
			</report>
			<report>
				<misses>31900001</misses>
				<total>0</total>
				<timestamp>202.389294</timestamp>
			</report>
			<report>
				<misses>32000001</misses>
				<total>0</total>
				<timestamp>203.016123</timestamp>
			</report>
			<report>
				<misses>32100001</misses>
				<total>0</total>
				<timestamp>203.642661</timestamp>
			</report>
			<report>
				<misses>32200001</misses>
				<total>0</total>
				<timestamp>204.268974</timestamp>
			</report>
			<report>
				<misses>32300001</misses>
				<total>0</total>
				<timestamp>204.909141</timestamp>
			</report>
			<report>
				<misses>32400001</misses>
				<total>0</total>
				<timestamp>205.548177</timestamp>
			</report>
			<report>
				<misses>32500001</misses>
				<total>0</total>
				<timestamp>206.174688</timestamp>
			</report>
			<report>
				<misses>32600001</misses>
				<total>0</total>
				<timestamp>206.800708</timestamp>
			</report>
			<report>
				<misses>32700001</misses>
				<total>0</total>
				<timestamp>207.426386</timestamp>
			</report>
			<report>
				<misses>32800001</misses>
				<total>0</total>
				<timestamp>208.053045</timestamp>
			</report>
			<report>
				<misses>32900001</misses>
				<total>0</total>
				<timestamp>208.679210</timestamp>
			</report>
			<report>
				<misses>33000001</misses>
				<total>0</total>
				<timestamp>209.319531</timestamp>
			</report>
			<report>
				<misses>33100001</misses>
				<total>0</total>
				<timestamp>209.946063</timestamp>
			</report>
			<report>
				<misses>33200001</misses>
				<total>0</total>
				<timestamp>210.572595</timestamp>
			</report>
			<report>
				<misses>33300001</misses>
				<total>0</total>
				<timestamp>211.202397</timestamp>
			</report>
			<report>
				<misses>33400001</misses>
				<total>0</total>
				<timestamp>211.829903</timestamp>
			</report>
			<report>
				<misses>33500001</misses>
				<total>0</total>
				<timestamp>212.456032</timestamp>
			</report>
			<report>
				<misses>33600001</misses>
				<total>0</total>
				<timestamp>213.083202</timestamp>
			</report>
			<report>
				<misses>33700001</misses>
				<total>0</total>
				<timestamp>213.711888</timestamp>
			</report>
			<report>
				<misses>33800001</misses>
				<total>0</total>
				<timestamp>214.338164</timestamp>
			</report>
			<report>
				<misses>33900001</misses>
				<total>0</total>
				<timestamp>214.965237</timestamp>
			</report>
			<report>
				<misses>34000001</misses>
				<total>0</total>
				<timestamp>215.590578</timestamp>
			</report>
			<report>
				<misses>34100001</misses>
				<total>0</total>
				<timestamp>216.217189</timestamp>
			</report>
			<report>
				<misses>34200001</misses>
				<total>0</total>
				<timestamp>216.850950</timestamp>
			</report>
			<report>
				<misses>34300001</misses>
				<total>0</total>
				<timestamp>217.477963</timestamp>
			</report>
			<report>
				<misses>34400001</misses>
				<total>0</total>
				<timestamp>218.104685</timestamp>
			</report>
			<report>
				<misses>34500001</misses>
				<total>0</total>
				<timestamp>218.731338</timestamp>
			</report>
			<report>
				<misses>34600001</misses>
				<total>0</total>
				<timestamp>219.359012</timestamp>
			</report>
			<report>
				<misses>34700001</misses>
				<total>0</total>
				<timestamp>219.989791</timestamp>
			</report>
			<report>
				<misses>34800001</misses>
				<total>0</total>
				<timestamp>220.616568</timestamp>
			</report>
			<report>
				<misses>34900001</misses>
				<total>0</total>
				<timestamp>221.246834</timestamp>
			</report>
			<report>
				<misses>35000001</misses>
				<total>0</total>
				<timestamp>221.874821</timestamp>
			</report>
			<report>
				<misses>35100001</misses>
				<total>0</total>
				<timestamp>222.500704</timestamp>
			</report>
			<report>
				<misses>35200001</misses>
				<total>0</total>
				<timestamp>223.129084</timestamp>
			</report>
			<report>
				<misses>35300001</misses>
				<total>0</total>
				<timestamp>223.759660</timestamp>
			</report>
			<report>
				<misses>35400001</misses>
				<total>0</total>
				<timestamp>224.387411</timestamp>
			</report>
			<report>
				<misses>35500001</misses>
				<total>0</total>
				<timestamp>225.015404</timestamp>
			</report>
			<report>
				<misses>35600001</misses>
				<total>0</total>
				<timestamp>225.643725</timestamp>
			</report>
			<report>
				<misses>35700001</misses>
				<total>0</total>
				<timestamp>226.283640</timestamp>
			</report>
			<report>
				<misses>35800001</misses>
				<total>0</total>
				<timestamp>226.912124</timestamp>
			</report>
			<report>
				<misses>35900001</misses>
				<total>0</total>
				<timestamp>227.539563</timestamp>
			</report>
			<report>
				<misses>36000001</misses>
				<total>0</total>
				<timestamp>228.165993</timestamp>
			</report>
			<report>
				<misses>36100001</misses>
				<total>0</total>
				<timestamp>228.792248</timestamp>
			</report>
			<report>
				<misses>36200001</misses>
				<total>0</total>
				<timestamp>229.419760</timestamp>
			</report>
			<report>
				<misses>36300001</misses>
				<total>0</total>
				<timestamp>230.046911</timestamp>
			</report>
			<report>
				<misses>36400001</misses>
				<total>0</total>
				<timestamp>230.671896</timestamp>
			</report>
			<report>
				<misses>36500001</misses>
				<total>0</total>
				<timestamp>231.296994</timestamp>
			</report>
			<report>
				<misses>36600001</misses>
				<total>0</total>
				<timestamp>231.921902</timestamp>
			</report>
			<report>
				<misses>36700001</misses>
				<total>0</total>
				<timestamp>232.545353</timestamp>
			</report>
			<report>
				<misses>36800001</misses>
				<total>0</total>
				<timestamp>233.181173</timestamp>
			</report>
			<report>
				<misses>36900001</misses>
				<total>0</total>
				<timestamp>233.805836</timestamp>
			</report>
			<report>
				<misses>37000001</misses>
				<total>0</total>
				<timestamp>234.429483</timestamp>
			</report>
			<report>
				<misses>37100001</misses>
				<total>0</total>
				<timestamp>235.054828</timestamp>
			</report>
			<report>
				<misses>37200001</misses>
				<total>0</total>
				<timestamp>235.681751</timestamp>
			</report>
			<report>
				<misses>37300001</misses>
				<total>0</total>
				<timestamp>236.317221</timestamp>
			</report>
			<report>
				<misses>37400001</misses>
				<total>0</total>
				<timestamp>236.941187</timestamp>
			</report>
			<report>
				<misses>37500001</misses>
				<total>0</total>
				<timestamp>237.565699</timestamp>
			</report>
			<report>
				<misses>37600001</misses>
				<total>0</total>
				<timestamp>238.189829</timestamp>
			</report>
			<report>
				<misses>37700001</misses>
				<total>0</total>
				<timestamp>238.814593</timestamp>
			</report>
			<report>
				<misses>37800001</misses>
				<total>0</total>
				<timestamp>239.441339</timestamp>
			</report>
			<report>
				<misses>37900001</misses>
				<total>0</total>
				<timestamp>240.066274</timestamp>
			</report>
			<report>
				<misses>38000001</misses>
				<total>0</total>
				<timestamp>240.690516</timestamp>
			</report>
			<report>
				<misses>38100001</misses>
				<total>0</total>
				<timestamp>241.315328</timestamp>
			</report>
			<report>
				<misses>38200001</misses>
				<total>0</total>
				<timestamp>241.940427</timestamp>
			</report>
			<report>
				<misses>38300001</misses>
				<total>0</total>
				<timestamp>242.567438</timestamp>
			</report>
			<report>
				<misses>38400001</misses>
				<total>0</total>
				<timestamp>243.193901</timestamp>
			</report>
			<report>
				<misses>38500001</misses>
				<total>0</total>
				<timestamp>243.818145</timestamp>
			</report>
			<report>
				<misses>38600001</misses>
				<total>0</total>
				<timestamp>244.441572</timestamp>
			</report>
			<report>
				<misses>38700001</misses>
				<total>0</total>
				<timestamp>245.064735</timestamp>
			</report>
			<report>
				<misses>38800001</misses>
				<total>0</total>
				<timestamp>245.694189</timestamp>
			</report>
			<report>
				<misses>38900001</misses>
				<total>0</total>
				<timestamp>246.318138</timestamp>
			</report>
			<report>
				<misses>39000001</misses>
				<total>0</total>
				<timestamp>246.941908</timestamp>
			</report>
			<report>
				<misses>39100001</misses>
				<total>0</total>
				<timestamp>247.566902</timestamp>
			</report>
			<report>
				<misses>39200001</misses>
				<total>0</total>
				<timestamp>248.190537</timestamp>
			</report>
			<report>
				<misses>39300001</misses>
				<total>0</total>
				<timestamp>248.815982</timestamp>
			</report>
			<report>
				<misses>39400001</misses>
				<total>0</total>
				<timestamp>249.442199</timestamp>
			</report>
			<report>
				<misses>39500001</misses>
				<total>0</total>
				<timestamp>250.090033</timestamp>
			</report>
			<report>
				<misses>39600001</misses>
				<total>0</total>
				<timestamp>250.714068</timestamp>
			</report>
			<report>
				<misses>39700001</misses>
				<total>0</total>
				<timestamp>251.339352</timestamp>
			</report>
			<report>
				<misses>39800001</misses>
				<total>0</total>
				<timestamp>251.966904</timestamp>
			</report>
			<report>
				<misses>39900001</misses>
				<total>0</total>
				<timestamp>252.591855</timestamp>
			</report>
			<report>
				<misses>40000001</misses>
				<total>0</total>
				<timestamp>253.217878</timestamp>
			</report>
			<report>
				<misses>40100001</misses>
				<total>0</total>
				<timestamp>253.843242</timestamp>
			</report>
			<report>
				<misses>40200001</misses>
				<total>0</total>
				<timestamp>254.467333</timestamp>
			</report>
			<report>
				<misses>40300001</misses>
				<total>0</total>
				<timestamp>255.092252</timestamp>
			</report>
			<report>
				<misses>40400001</misses>
				<total>0</total>
				<timestamp>255.716665</timestamp>
			</report>
			<report>
				<misses>40500001</misses>
				<total>0</total>
				<timestamp>256.341593</timestamp>
			</report>
			<report>
				<misses>40600001</misses>
				<total>0</total>
				<timestamp>256.965407</timestamp>
			</report>
			<report>
				<misses>40700001</misses>
				<total>0</total>
				<timestamp>257.588661</timestamp>
			</report>
			<report>
				<misses>40800001</misses>
				<total>0</total>
				<timestamp>258.214149</timestamp>
			</report>
			<report>
				<misses>40900001</misses>
				<total>0</total>
				<timestamp>258.839327</timestamp>
			</report>
			<report>
				<misses>41000001</misses>
				<total>0</total>
				<timestamp>259.463165</timestamp>
			</report>
			<report>
				<misses>41100001</misses>
				<total>0</total>
				<timestamp>260.092623</timestamp>
			</report>
			<report>
				<misses>41200001</misses>
				<total>0</total>
				<timestamp>260.715679</timestamp>
			</report>
			<report>
				<misses>41300001</misses>
				<total>0</total>
				<timestamp>261.339453</timestamp>
			</report>
			<report>
				<misses>41400001</misses>
				<total>0</total>
				<timestamp>261.962683</timestamp>
			</report>
			<report>
				<misses>41500001</misses>
				<total>0</total>
				<timestamp>262.584789</timestamp>
			</report>
			<report>
				<misses>41600001</misses>
				<total>0</total>
				<timestamp>263.207828</timestamp>
			</report>
			<report>
				<misses>41700001</misses>
				<total>0</total>
				<timestamp>263.843334</timestamp>
			</report>
			<report>
				<misses>41800001</misses>
				<total>0</total>
				<timestamp>264.466279</timestamp>
			</report>
			<report>
				<misses>41900001</misses>
				<total>0</total>
				<timestamp>265.095683</timestamp>
			</report>
			<report>
				<misses>42000001</misses>
				<total>0</total>
				<timestamp>265.719876</timestamp>
			</report>
			<report>
				<misses>42100001</misses>
				<total>0</total>
				<timestamp>266.342799</timestamp>
			</report>
			<report>
				<misses>42200001</misses>
				<total>0</total>
				<timestamp>266.967329</timestamp>
			</report>
			<report>
				<misses>42300001</misses>
				<total>0</total>
				<timestamp>267.590944</timestamp>
			</report>
			<report>
				<misses>42400001</misses>
				<total>0</total>
				<timestamp>268.245926</timestamp>
			</report>
			<report>
				<misses>42500001</misses>
				<total>0</total>
				<timestamp>268.869619</timestamp>
			</report>
			<report>
				<misses>42600001</misses>
				<total>0</total>
				<timestamp>269.491901</timestamp>
			</report>
			<report>
				<misses>42700001</misses>
				<total>0</total>
				<timestamp>270.114955</timestamp>
			</report>
			<report>
				<misses>42800001</misses>
				<total>0</total>
				<timestamp>270.737563</timestamp>
			</report>
			<report>
				<misses>42900001</misses>
				<total>0</total>
				<timestamp>271.361716</timestamp>
			</report>
			<report>
				<misses>43000001</misses>
				<total>0</total>
				<timestamp>271.993493</timestamp>
			</report>
			<report>
				<misses>43100001</misses>
				<total>0</total>
				<timestamp>272.617014</timestamp>
			</report>
			<report>
				<misses>43200001</misses>
				<total>0</total>
				<timestamp>273.240208</timestamp>
			</report>
			<report>
				<misses>43300001</misses>
				<total>0</total>
				<timestamp>273.866210</timestamp>
			</report>
			<report>
				<misses>43400001</misses>
				<total>0</total>
				<timestamp>274.489776</timestamp>
			</report>
			<report>
				<misses>43500001</misses>
				<total>0</total>
				<timestamp>275.114019</timestamp>
			</report>
			<report>
				<misses>43600001</misses>
				<total>0</total>
				<timestamp>275.738255</timestamp>
			</report>
			<report>
				<misses>43700001</misses>
				<total>0</total>
				<timestamp>276.365955</timestamp>
			</report>
			<report>
				<misses>43800001</misses>
				<total>0</total>
				<timestamp>276.992356</timestamp>
			</report>
			<report>
				<misses>43900001</misses>
				<total>0</total>
				<timestamp>277.617614</timestamp>
			</report>
			<report>
				<misses>44000001</misses>
				<total>0</total>
				<timestamp>278.242008</timestamp>
			</report>
			<report>
				<misses>44100001</misses>
				<total>0</total>
				<timestamp>278.874656</timestamp>
			</report>
			<report>
				<misses>44200001</misses>
				<total>0</total>
				<timestamp>279.498099</timestamp>
			</report>
			<report>
				<misses>44300001</misses>
				<total>0</total>
				<timestamp>280.121519</timestamp>
			</report>
			<report>
				<misses>44400001</misses>
				<total>0</total>
				<timestamp>280.748370</timestamp>
			</report>
			<report>
				<misses>44500001</misses>
				<total>0</total>
				<timestamp>281.378000</timestamp>
			</report>
			<report>
				<misses>44600001</misses>
				<total>0</total>
				<timestamp>282.009686</timestamp>
			</report>
			<report>
				<misses>44700001</misses>
				<total>0</total>
				<timestamp>282.632732</timestamp>
			</report>
			<report>
				<misses>44800001</misses>
				<total>0</total>
				<timestamp>283.256140</timestamp>
			</report>
			<report>
				<misses>44900001</misses>
				<total>0</total>
				<timestamp>283.880214</timestamp>
			</report>
			<report>
				<misses>45000001</misses>
				<total>0</total>
				<timestamp>284.503999</timestamp>
			</report>
			<report>
				<misses>45100001</misses>
				<total>0</total>
				<timestamp>285.130000</timestamp>
			</report>
			<report>
				<misses>45200001</misses>
				<total>0</total>
				<timestamp>285.754843</timestamp>
			</report>
			<report>
				<misses>45300001</misses>
				<total>0</total>
				<timestamp>286.379439</timestamp>
			</report>
			<report>
				<misses>45400001</misses>
				<total>0</total>
				<timestamp>287.013050</timestamp>
			</report>
			<report>
				<misses>45500001</misses>
				<total>0</total>
				<timestamp>287.637057</timestamp>
			</report>
			<report>
				<misses>45600001</misses>
				<total>0</total>
				<timestamp>288.260079</timestamp>
			</report>
			<report>
				<misses>45700001</misses>
				<total>0</total>
				<timestamp>288.883953</timestamp>
			</report>
			<report>
				<misses>45800001</misses>
				<total>0</total>
				<timestamp>289.507074</timestamp>
			</report>
			<report>
				<misses>45900001</misses>
				<total>0</total>
				<timestamp>290.141253</timestamp>
			</report>
			<report>
				<misses>46000001</misses>
				<total>0</total>
				<timestamp>290.768677</timestamp>
			</report>
			<report>
				<misses>46100001</misses>
				<total>0</total>
				<timestamp>291.391751</timestamp>
			</report>
			<report>
				<misses>46200001</misses>
				<total>0</total>
				<timestamp>292.025462</timestamp>
			</report>
			<report>
				<misses>46300001</misses>
				<total>0</total>
				<timestamp>292.649028</timestamp>
			</report>
			<report>
				<misses>46400001</misses>
				<total>0</total>
				<timestamp>293.276936</timestamp>
			</report>
			<report>
				<misses>46500001</misses>
				<total>0</total>
				<timestamp>293.909741</timestamp>
			</report>
			<report>
				<misses>46600001</misses>
				<total>0</total>
				<timestamp>294.534335</timestamp>
			</report>
			<report>
				<misses>46700001</misses>
				<total>0</total>
				<timestamp>295.158710</timestamp>
			</report>
			<report>
				<misses>46800001</misses>
				<total>0</total>
				<timestamp>295.790611</timestamp>
			</report>
			<report>
				<misses>46900001</misses>
				<total>0</total>
				<timestamp>296.413546</timestamp>
			</report>
			<report>
				<misses>47000001</misses>
				<total>0</total>
				<timestamp>297.038870</timestamp>
			</report>
			<report>
				<misses>47100001</misses>
				<total>0</total>
				<timestamp>297.661974</timestamp>
			</report>
			<report>
				<misses>47200001</misses>
				<total>0</total>
				<timestamp>298.286011</timestamp>
			</report>
			<report>
				<misses>47300001</misses>
				<total>0</total>
				<timestamp>298.914510</timestamp>
			</report>
			<report>
				<misses>47400001</misses>
				<total>0</total>
				<timestamp>299.537317</timestamp>
			</report>
			<report>
				<misses>47500001</misses>
				<total>0</total>
				<timestamp>300.163420</timestamp>
			</report>
			<report>
				<misses>47600001</misses>
				<total>0</total>
				<timestamp>300.787954</timestamp>
			</report>
			<report>
				<misses>47700001</misses>
				<total>0</total>
				<timestamp>301.413176</timestamp>
			</report>
			<report>
				<misses>47800001</misses>
				<total>0</total>
				<timestamp>302.044938</timestamp>
			</report>
			<report>
				<misses>47900001</misses>
				<total>0</total>
				<timestamp>302.670353</timestamp>
			</report>
			<report>
				<misses>48000001</misses>
				<total>0</total>
				<timestamp>303.301148</timestamp>
			</report>
			<report>
				<misses>48100001</misses>
				<total>0</total>
				<timestamp>303.938241</timestamp>
			</report>
			<report>
				<misses>48200001</misses>
				<total>0</total>
				<timestamp>304.561499</timestamp>
			</report>
			<report>
				<misses>48300001</misses>
				<total>0</total>
				<timestamp>305.187840</timestamp>
			</report>
			<report>
				<misses>48400001</misses>
				<total>0</total>
				<timestamp>305.811493</timestamp>
			</report>
			<report>
				<misses>48500001</misses>
				<total>0</total>
				<timestamp>306.435201</timestamp>
			</report>
			<report>
				<misses>48600001</misses>
				<total>0</total>
				<timestamp>307.072070</timestamp>
			</report>
			<report>
				<misses>48700001</misses>
				<total>0</total>
				<timestamp>307.695502</timestamp>
			</report>
			<report>
				<misses>48800001</misses>
				<total>0</total>
				<timestamp>308.319218</timestamp>
			</report>
			<report>
				<misses>48900001</misses>
				<total>0</total>
				<timestamp>308.951312</timestamp>
			</report>
			<report>
				<misses>49000001</misses>
				<total>0</total>
				<timestamp>309.574420</timestamp>
			</report>
			<report>
				<misses>49100001</misses>
				<total>0</total>
				<timestamp>310.197394</timestamp>
			</report>
			<report>
				<misses>49200001</misses>
				<total>0</total>
				<timestamp>310.822276</timestamp>
			</report>
			<report>
				<misses>49300001</misses>
				<total>0</total>
				<timestamp>311.445152</timestamp>
			</report>
			<report>
				<misses>49400001</misses>
				<total>0</total>
				<timestamp>312.069402</timestamp>
			</report>
			<report>
				<misses>49500001</misses>
				<total>0</total>
				<timestamp>312.692951</timestamp>
			</report>
			<report>
				<misses>49600001</misses>
				<total>0</total>
				<timestamp>313.336669</timestamp>
			</report>
			<report>
				<misses>49700001</misses>
				<total>0</total>
				<timestamp>313.958202</timestamp>
			</report>
			<report>
				<misses>49800001</misses>
				<total>0</total>
				<timestamp>314.581647</timestamp>
			</report>
			<report>
				<misses>49900001</misses>
				<total>0</total>
				<timestamp>315.205972</timestamp>
			</report>
			<report>
				<misses>50000001</misses>
				<total>0</total>
				<timestamp>315.837264</timestamp>
			</report>
			<report>
				<misses>50100001</misses>
				<total>0</total>
				<timestamp>316.460525</timestamp>
			</report>
			<report>
				<misses>50200001</misses>
				<total>0</total>
				<timestamp>317.084742</timestamp>
			</report>
			<report>
				<misses>50300001</misses>
				<total>0</total>
				<timestamp>317.708583</timestamp>
			</report>
			<report>
				<misses>50400001</misses>
				<total>0</total>
				<timestamp>318.331334</timestamp>
			</report>
			<report>
				<misses>50500001</misses>
				<total>0</total>
				<timestamp>318.964003</timestamp>
			</report>
			<report>
				<misses>50600001</misses>
				<total>0</total>
				<timestamp>319.587627</timestamp>
			</report>
			<report>
				<misses>50700001</misses>
				<total>0</total>
				<timestamp>320.209592</timestamp>
			</report>
			<report>
				<misses>50800001</misses>
				<total>0</total>
				<timestamp>320.832431</timestamp>
			</report>
			<report>
				<misses>50900001</misses>
				<total>0</total>
				<timestamp>321.453614</timestamp>
			</report>
			<report>
				<misses>51000001</misses>
				<total>0</total>
				<timestamp>322.076334</timestamp>
			</report>
			<report>
				<misses>51100001</misses>
				<total>0</total>
				<timestamp>322.701996</timestamp>
			</report>
			<report>
				<misses>51200001</misses>
				<total>0</total>
				<timestamp>323.324989</timestamp>
			</report>
			<report>
				<misses>51300001</misses>
				<total>0</total>
				<timestamp>323.960623</timestamp>
			</report>
			<report>
				<misses>51400001</misses>
				<total>0</total>
				<timestamp>324.583542</timestamp>
			</report>
			<report>
				<misses>51500001</misses>
				<total>0</total>
				<timestamp>325.221626</timestamp>
			</report>
			<report>
				<misses>51600001</misses>
				<total>0</total>
				<timestamp>325.847763</timestamp>
			</report>
			<report>
				<misses>51700001</misses>
				<total>0</total>
				<timestamp>326.474980</timestamp>
			</report>
			<report>
				<misses>51800001</misses>
				<total>0</total>
				<timestamp>327.103063</timestamp>
			</report>
			<report>
				<misses>51900001</misses>
				<total>0</total>
				<timestamp>327.729564</timestamp>
			</report>
			<report>
				<misses>52000001</misses>
				<total>0</total>
				<timestamp>328.353627</timestamp>
			</report>
			<report>
				<misses>52100001</misses>
				<total>0</total>
				<timestamp>328.979337</timestamp>
			</report>
			<report>
				<misses>52200001</misses>
				<total>0</total>
				<timestamp>329.606473</timestamp>
			</report>
			<report>
				<misses>52300001</misses>
				<total>0</total>
				<timestamp>330.230195</timestamp>
			</report>
			<report>
				<misses>52400001</misses>
				<total>0</total>
				<timestamp>330.855146</timestamp>
			</report>
			<report>
				<misses>52500001</misses>
				<total>0</total>
				<timestamp>331.478497</timestamp>
			</report>
			<report>
				<misses>52600001</misses>
				<total>0</total>
				<timestamp>332.101461</timestamp>
			</report>
			<report>
				<misses>52700001</misses>
				<total>0</total>
				<timestamp>332.724623</timestamp>
			</report>
			<report>
				<misses>52800001</misses>
				<total>0</total>
				<timestamp>333.347101</timestamp>
			</report>
			<report>
				<misses>52900001</misses>
				<total>0</total>
				<timestamp>333.982307</timestamp>
			</report>
			<report>
				<misses>53000001</misses>
				<total>0</total>
				<timestamp>334.605542</timestamp>
			</report>
			<report>
				<misses>53100001</misses>
				<total>0</total>
				<timestamp>335.227679</timestamp>
			</report>
			<report>
				<misses>53200001</misses>
				<total>0</total>
				<timestamp>335.861342</timestamp>
			</report>
			<report>
				<misses>53300001</misses>
				<total>0</total>
				<timestamp>336.484360</timestamp>
			</report>
			<report>
				<misses>53400001</misses>
				<total>0</total>
				<timestamp>337.135018</timestamp>
			</report>
			<report>
				<misses>53500001</misses>
				<total>0</total>
				<timestamp>337.757756</timestamp>
			</report>
			<report>
				<misses>53600001</misses>
				<total>0</total>
				<timestamp>338.380134</timestamp>
			</report>
			<report>
				<misses>53700001</misses>
				<total>0</total>
				<timestamp>339.004573</timestamp>
			</report>
			<report>
				<misses>53800001</misses>
				<total>0</total>
				<timestamp>339.627011</timestamp>
			</report>
			<report>
				<misses>53900001</misses>
				<total>0</total>
				<timestamp>340.261310</timestamp>
			</report>
			<report>
				<misses>54000001</misses>
				<total>0</total>
				<timestamp>340.884123</timestamp>
			</report>
			<report>
				<misses>54100001</misses>
				<total>0</total>
				<timestamp>341.507108</timestamp>
			</report>
			<report>
				<misses>54200001</misses>
				<total>0</total>
				<timestamp>342.130146</timestamp>
			</report>
			<report>
				<misses>54300001</misses>
				<total>0</total>
				<timestamp>342.754308</timestamp>
			</report>
			<report>
				<misses>54400001</misses>
				<total>0</total>
				<timestamp>343.377986</timestamp>
			</report>
			<report>
				<misses>54500001</misses>
				<total>0</total>
				<timestamp>344.011845</timestamp>
			</report>
			<report>
				<misses>54600001</misses>
				<total>0</total>
				<timestamp>344.634274</timestamp>
			</report>
			<report>
				<misses>54700001</misses>
				<total>0</total>
				<timestamp>345.258258</timestamp>
			</report>
			<report>
				<misses>54800001</misses>
				<total>0</total>
				<timestamp>345.890117</timestamp>
			</report>
			<report>
				<misses>54900001</misses>
				<total>0</total>
				<timestamp>346.511571</timestamp>
			</report>
			<report>
				<misses>55000001</misses>
				<total>0</total>
				<timestamp>347.135091</timestamp>
			</report>
			<report>
				<misses>55100001</misses>
				<total>0</total>
				<timestamp>347.757882</timestamp>
			</report>
			<report>
				<misses>55200001</misses>
				<total>0</total>
				<timestamp>348.382260</timestamp>
			</report>
			<report>
				<misses>55300001</misses>
				<total>0</total>
				<timestamp>349.016636</timestamp>
			</report>
			<report>
				<misses>55400001</misses>
				<total>0</total>
				<timestamp>349.637894</timestamp>
			</report>
			<report>
				<misses>55500001</misses>
				<total>0</total>
				<timestamp>350.264870</timestamp>
			</report>
			<report>
				<misses>55600001</misses>
				<total>0</total>
				<timestamp>350.889575</timestamp>
			</report>
			<report>
				<misses>55700001</misses>
				<total>0</total>
				<timestamp>351.516268</timestamp>
			</report>
			<report>
				<misses>55800001</misses>
				<total>0</total>
				<timestamp>352.175551</timestamp>
			</report>
			<report>
				<misses>55900001</misses>
				<total>0</total>
				<timestamp>352.799320</timestamp>
			</report>
			<report>
				<misses>56000001</misses>
				<total>0</total>
				<timestamp>353.425729</timestamp>
			</report>
			<report>
				<misses>56100001</misses>
				<total>0</total>
				<timestamp>354.049517</timestamp>
			</report>
			<report>
				<misses>56200001</misses>
				<total>0</total>
				<timestamp>354.674394</timestamp>
			</report>
			<report>
				<misses>56300001</misses>
				<total>0</total>
				<timestamp>355.302805</timestamp>
			</report>
			<report>
				<misses>56400001</misses>
				<total>0</total>
				<timestamp>355.937611</timestamp>
			</report>
			<report>
				<misses>56500001</misses>
				<total>0</total>
				<timestamp>356.560488</timestamp>
			</report>
			<report>
				<misses>56600001</misses>
				<total>0</total>
				<timestamp>357.183791</timestamp>
			</report>
			<report>
				<misses>56700001</misses>
				<total>0</total>
				<timestamp>357.813837</timestamp>
			</report>
			<report>
				<misses>56800001</misses>
				<total>0</total>
				<timestamp>358.436212</timestamp>
			</report>
			<report>
				<misses>56900001</misses>
				<total>0</total>
				<timestamp>359.059052</timestamp>
			</report>
			<report>
				<misses>57000001</misses>
				<total>0</total>
				<timestamp>359.681037</timestamp>
			</report>
			<report>
				<misses>57100001</misses>
				<total>0</total>
				<timestamp>360.306093</timestamp>
			</report>
			<report>
				<misses>57200001</misses>
				<total>0</total>
				<timestamp>360.929376</timestamp>
			</report>
			<report>
				<misses>57300001</misses>
				<total>0</total>
				<timestamp>361.553631</timestamp>
			</report>
			<report>
				<misses>57400001</misses>
				<total>0</total>
				<timestamp>362.176334</timestamp>
			</report>
			<report>
				<misses>57500001</misses>
				<total>0</total>
				<timestamp>362.807494</timestamp>
			</report>
			<report>
				<misses>57600001</misses>
				<total>0</total>
				<timestamp>363.428958</timestamp>
			</report>
			<report>
				<misses>57700001</misses>
				<total>0</total>
				<timestamp>364.054889</timestamp>
			</report>
			<report>
				<misses>57800001</misses>
				<total>0</total>
				<timestamp>364.680094</timestamp>
			</report>
			<report>
				<misses>57900001</misses>
				<total>0</total>
				<timestamp>365.302905</timestamp>
			</report>
			<report>
				<misses>58000001</misses>
				<total>0</total>
				<timestamp>365.926817</timestamp>
			</report>
			<report>
				<misses>58100001</misses>
				<total>0</total>
				<timestamp>366.549760</timestamp>
			</report>
			<report>
				<misses>58200001</misses>
				<total>0</total>
				<timestamp>367.175215</timestamp>
			</report>
			<report>
				<misses>58300001</misses>
				<total>0</total>
				<timestamp>367.798190</timestamp>
			</report>
			<report>
				<misses>58400001</misses>
				<total>0</total>
				<timestamp>368.424900</timestamp>
			</report>
			<report>
				<misses>58500001</misses>
				<total>0</total>
				<timestamp>369.062408</timestamp>
			</report>
			<report>
				<misses>58600001</misses>
				<total>0</total>
				<timestamp>369.687542</timestamp>
			</report>
			<report>
				<misses>58700001</misses>
				<total>0</total>
				<timestamp>370.321900</timestamp>
			</report>
			<report>
				<misses>58800001</misses>
				<total>0</total>
				<timestamp>370.944684</timestamp>
			</report>
			<report>
				<misses>58900001</misses>
				<total>0</total>
				<timestamp>371.571330</timestamp>
			</report>
			<report>
				<misses>59000001</misses>
				<total>0</total>
				<timestamp>372.196517</timestamp>
			</report>
			<report>
				<misses>59100001</misses>
				<total>0</total>
				<timestamp>372.820625</timestamp>
			</report>
			<report>
				<misses>59200001</misses>
				<total>0</total>
				<timestamp>373.446512</timestamp>
			</report>
			<report>
				<misses>59300001</misses>
				<total>0</total>
				<timestamp>374.068022</timestamp>
			</report>
			<report>
				<misses>59400001</misses>
				<total>0</total>
				<timestamp>374.689495</timestamp>
			</report>
			<report>
				<misses>59500001</misses>
				<total>0</total>
				<timestamp>375.311703</timestamp>
			</report>
			<report>
				<misses>59600001</misses>
				<total>0</total>
				<timestamp>375.934995</timestamp>
			</report>
			<report>
				<misses>59700001</misses>
				<total>0</total>
				<timestamp>376.558224</timestamp>
			</report>
			<report>
				<misses>59800001</misses>
				<total>0</total>
				<timestamp>377.187578</timestamp>
			</report>
			<report>
				<misses>59900001</misses>
				<total>0</total>
				<timestamp>377.815649</timestamp>
			</report>
			<report>
				<misses>60000001</misses>
				<total>0</total>
				<timestamp>378.442431</timestamp>
			</report>
			<report>
				<misses>60100001</misses>
				<total>0</total>
				<timestamp>379.065475</timestamp>
			</report>
			<report>
				<misses>60200001</misses>
				<total>0</total>
				<timestamp>379.691529</timestamp>
			</report>
			<report>
				<misses>60300001</misses>
				<total>0</total>
				<timestamp>380.327376</timestamp>
			</report>
			<report>
				<misses>60400001</misses>
				<total>0</total>
				<timestamp>380.951356</timestamp>
			</report>
			<report>
				<misses>60500001</misses>
				<total>0</total>
				<timestamp>381.573782</timestamp>
			</report>
			<report>
				<misses>60600001</misses>
				<total>0</total>
				<timestamp>382.213725</timestamp>
			</report>
			<report>
				<misses>60700001</misses>
				<total>0</total>
				<timestamp>382.835242</timestamp>
			</report>
			<report>
				<misses>60800001</misses>
				<total>0</total>
				<timestamp>383.458829</timestamp>
			</report>
			<report>
				<misses>60900001</misses>
				<total>0</total>
				<timestamp>384.084485</timestamp>
			</report>
			<report>
				<misses>61000001</misses>
				<total>0</total>
				<timestamp>384.707571</timestamp>
			</report>
			<report>
				<misses>61100001</misses>
				<total>0</total>
				<timestamp>385.353624</timestamp>
			</report>
			<report>
				<misses>61200001</misses>
				<total>0</total>
				<timestamp>385.982947</timestamp>
			</report>
			<report>
				<misses>61300001</misses>
				<total>0</total>
				<timestamp>386.606159</timestamp>
			</report>
			<report>
				<misses>61400001</misses>
				<total>0</total>
				<timestamp>387.230914</timestamp>
			</report>
			<report>
				<misses>61500001</misses>
				<total>0</total>
				<timestamp>387.862118</timestamp>
			</report>
			<report>
				<misses>61600001</misses>
				<total>0</total>
				<timestamp>388.489637</timestamp>
			</report>
			<report>
				<misses>61700001</misses>
				<total>0</total>
				<timestamp>389.125578</timestamp>
			</report>
			<report>
				<misses>61800001</misses>
				<total>0</total>
				<timestamp>389.762234</timestamp>
			</report>
			<report>
				<misses>61900001</misses>
				<total>0</total>
				<timestamp>390.393006</timestamp>
			</report>
			<report>
				<misses>62000001</misses>
				<total>0</total>
				<timestamp>391.022480</timestamp>
			</report>
			<report>
				<misses>62100001</misses>
				<total>0</total>
				<timestamp>391.652068</timestamp>
			</report>
			<report>
				<misses>62200001</misses>
				<total>0</total>
				<timestamp>392.280729</timestamp>
			</report>
			<report>
				<misses>62300001</misses>
				<total>0</total>
				<timestamp>392.909190</timestamp>
			</report>
			<report>
				<misses>62400001</misses>
				<total>0</total>
				<timestamp>393.537563</timestamp>
			</report>
			<report>
				<misses>62500001</misses>
				<total>0</total>
				<timestamp>394.171525</timestamp>
			</report>
			<report>
				<misses>62600001</misses>
				<total>0</total>
				<timestamp>394.799794</timestamp>
			</report>
			<report>
				<misses>62700001</misses>
				<total>0</total>
				<timestamp>395.428669</timestamp>
			</report>
			<report>
				<misses>62800001</misses>
				<total>0</total>
				<timestamp>396.057001</timestamp>
			</report>
			<report>
				<misses>62900001</misses>
				<total>0</total>
				<timestamp>396.684904</timestamp>
			</report>
			<report>
				<misses>63000001</misses>
				<total>0</total>
				<timestamp>397.313833</timestamp>
			</report>
			<report>
				<misses>63100001</misses>
				<total>0</total>
				<timestamp>397.942243</timestamp>
			</report>
			<report>
				<misses>63200001</misses>
				<total>0</total>
				<timestamp>398.569629</timestamp>
			</report>
			<report>
				<misses>63300001</misses>
				<total>0</total>
				<timestamp>399.196168</timestamp>
			</report>
			<report>
				<misses>63400001</misses>
				<total>0</total>
				<timestamp>399.836703</timestamp>
			</report>
			<report>
				<misses>63500001</misses>
				<total>0</total>
				<timestamp>400.464460</timestamp>
			</report>
			<report>
				<misses>63600001</misses>
				<total>0</total>
				<timestamp>401.090921</timestamp>
			</report>
			<report>
				<misses>63700001</misses>
				<total>0</total>
				<timestamp>401.717651</timestamp>
			</report>
			<report>
				<misses>63800001</misses>
				<total>0</total>
				<timestamp>402.344103</timestamp>
			</report>
			<report>
				<misses>63900001</misses>
				<total>0</total>
				<timestamp>402.987674</timestamp>
			</report>
			<report>
				<misses>64000001</misses>
				<total>0</total>
				<timestamp>403.617694</timestamp>
			</report>
			<report>
				<misses>64100001</misses>
				<total>0</total>
				<timestamp>404.245436</timestamp>
			</report>
			<report>
				<misses>64200001</misses>
				<total>0</total>
				<timestamp>404.874519</timestamp>
			</report>
			<report>
				<misses>64300001</misses>
				<total>0</total>
				<timestamp>405.504401</timestamp>
			</report>
			<report>
				<misses>64400001</misses>
				<total>0</total>
				<timestamp>406.134547</timestamp>
			</report>
			<report>
				<misses>64500001</misses>
				<total>0</total>
				<timestamp>406.764382</timestamp>
			</report>
			<report>
				<misses>64600001</misses>
				<total>0</total>
				<timestamp>407.394737</timestamp>
			</report>
			<report>
				<misses>64700001</misses>
				<total>0</total>
				<timestamp>408.024412</timestamp>
			</report>
			<report>
				<misses>64800001</misses>
				<total>0</total>
				<timestamp>408.653579</timestamp>
			</report>
			<report>
				<misses>64900001</misses>
				<total>0</total>
				<timestamp>409.280342</timestamp>
			</report>
			<report>
				<misses>65000001</misses>
				<total>0</total>
				<timestamp>409.907196</timestamp>
			</report>
			<report>
				<misses>65100001</misses>
				<total>0</total>
				<timestamp>410.534647</timestamp>
			</report>
			<report>
				<misses>65200001</misses>
				<total>0</total>
				<timestamp>411.161500</timestamp>
			</report>
			<report>
				<misses>65300001</misses>
				<total>0</total>
				<timestamp>411.788259</timestamp>
			</report>
			<report>
				<misses>65400001</misses>
				<total>0</total>
				<timestamp>412.414643</timestamp>
			</report>
			<report>
				<misses>65500001</misses>
				<total>0</total>
				<timestamp>413.041009</timestamp>
			</report>
			<report>
				<misses>65600001</misses>
				<total>0</total>
				<timestamp>413.667341</timestamp>
			</report>
			<report>
				<misses>65700001</misses>
				<total>0</total>
				<timestamp>414.308735</timestamp>
			</report>
			<report>
				<misses>65800001</misses>
				<total>0</total>
				<timestamp>414.936085</timestamp>
			</report>
			<report>
				<misses>65900001</misses>
				<total>0</total>
				<timestamp>415.562222</timestamp>
			</report>
			<report>
				<misses>66000001</misses>
				<total>0</total>
				<timestamp>416.187605</timestamp>
			</report>
			<report>
				<misses>66100001</misses>
				<total>0</total>
				<timestamp>416.829088</timestamp>
			</report>
			<report>
				<misses>66200001</misses>
				<total>0</total>
				<timestamp>417.457505</timestamp>
			</report>
			<report>
				<misses>66300001</misses>
				<total>0</total>
				<timestamp>418.082837</timestamp>
			</report>
			<report>
				<misses>66400001</misses>
				<total>0</total>
				<timestamp>418.708808</timestamp>
			</report>
			<report>
				<misses>66500001</misses>
				<total>0</total>
				<timestamp>419.334488</timestamp>
			</report>
			<report>
				<misses>66600001</misses>
				<total>0</total>
				<timestamp>419.970693</timestamp>
			</report>
			<report>
				<misses>66700001</misses>
				<total>0</total>
				<timestamp>420.596618</timestamp>
			</report>
			<report>
				<misses>66800001</misses>
				<total>0</total>
				<timestamp>421.221598</timestamp>
			</report>
			<report>
				<misses>66900001</misses>
				<total>0</total>
				<timestamp>421.847244</timestamp>
			</report>
			<report>
				<misses>67000001</misses>
				<total>0</total>
				<timestamp>422.472216</timestamp>
			</report>
			<report>
				<misses>67100001</misses>
				<total>0</total>
				<timestamp>423.100416</timestamp>
			</report>
			<report>
				<misses>67200001</misses>
				<total>0</total>
				<timestamp>423.727833</timestamp>
			</report>
			<report>
				<misses>67300001</misses>
				<total>0</total>
				<timestamp>424.352745</timestamp>
			</report>
			<report>
				<misses>67400001</misses>
				<total>0</total>
				<timestamp>424.978485</timestamp>
			</report>
			<report>
				<misses>67500001</misses>
				<total>0</total>
				<timestamp>425.604282</timestamp>
			</report>
			<report>
				<misses>67600001</misses>
				<total>0</total>
				<timestamp>426.230151</timestamp>
			</report>
			<report>
				<misses>67700001</misses>
				<total>0</total>
				<timestamp>426.856094</timestamp>
			</report>
			<report>
				<misses>67800001</misses>
				<total>0</total>
				<timestamp>427.483829</timestamp>
			</report>
			<report>
				<misses>67900001</misses>
				<total>0</total>
				<timestamp>428.110158</timestamp>
			</report>
			<report>
				<misses>68000001</misses>
				<total>0</total>
				<timestamp>428.738732</timestamp>
			</report>
			<report>
				<misses>68100001</misses>
				<total>0</total>
				<timestamp>429.365027</timestamp>
			</report>
			<report>
				<misses>68200001</misses>
				<total>0</total>
				<timestamp>429.991816</timestamp>
			</report>
			<report>
				<misses>68300001</misses>
				<total>0</total>
				<timestamp>430.618048</timestamp>
			</report>
			<report>
				<misses>68400001</misses>
				<total>0</total>
				<timestamp>431.248321</timestamp>
			</report>
			<report>
				<misses>68500001</misses>
				<total>0</total>
				<timestamp>431.875213</timestamp>
			</report>
			<report>
				<misses>68600001</misses>
				<total>0</total>
				<timestamp>432.502329</timestamp>
			</report>
			<report>
				<misses>68700001</misses>
				<total>0</total>
				<timestamp>433.129045</timestamp>
			</report>
			<report>
				<misses>68800001</misses>
				<total>0</total>
				<timestamp>433.756611</timestamp>
			</report>
			<report>
				<misses>68900001</misses>
				<total>0</total>
				<timestamp>434.381466</timestamp>
			</report>
			<report>
				<misses>69000001</misses>
				<total>0</total>
				<timestamp>435.024354</timestamp>
			</report>
			<report>
				<misses>69100001</misses>
				<total>0</total>
				<timestamp>435.652730</timestamp>
			</report>
			<report>
				<misses>69200001</misses>
				<total>0</total>
				<timestamp>436.280663</timestamp>
			</report>
			<report>
				<misses>69300001</misses>
				<total>0</total>
				<timestamp>436.907203</timestamp>
			</report>
			<report>
				<misses>69400001</misses>
				<total>0</total>
				<timestamp>437.532406</timestamp>
			</report>
			<report>
				<misses>69500001</misses>
				<total>0</total>
				<timestamp>438.159184</timestamp>
			</report>
			<report>
				<misses>69600001</misses>
				<total>0</total>
				<timestamp>438.784976</timestamp>
			</report>
			<report>
				<misses>69700001</misses>
				<total>0</total>
				<timestamp>439.410035</timestamp>
			</report>
			<report>
				<misses>69800001</misses>
				<total>0</total>
				<timestamp>440.035160</timestamp>
			</report>
			<report>
				<misses>69900001</misses>
				<total>0</total>
				<timestamp>440.660711</timestamp>
			</report>
			<report>
				<misses>70000001</misses>
				<total>0</total>
				<timestamp>441.289080</timestamp>
			</report>
			<report>
				<misses>70100001</misses>
				<total>0</total>
				<timestamp>441.917132</timestamp>
			</report>
			<report>
				<misses>70200001</misses>
				<total>0</total>
				<timestamp>442.541847</timestamp>
			</report>
			<report>
				<misses>70300001</misses>
				<total>0</total>
				<timestamp>443.169131</timestamp>
			</report>
			<report>
				<misses>70400001</misses>
				<total>0</total>
				<timestamp>443.795864</timestamp>
			</report>
			<report>
				<misses>70500001</misses>
				<total>0</total>
				<timestamp>444.421911</timestamp>
			</report>
			<report>
				<misses>70600001</misses>
				<total>0</total>
				<timestamp>445.048600</timestamp>
			</report>
			<report>
				<misses>70700001</misses>
				<total>0</total>
				<timestamp>445.681320</timestamp>
			</report>
			<report>
				<misses>70800001</misses>
				<total>0</total>
				<timestamp>446.322718</timestamp>
			</report>
			<report>
				<misses>70900001</misses>
				<total>0</total>
				<timestamp>446.949871</timestamp>
			</report>
			<report>
				<misses>71000001</misses>
				<total>0</total>
				<timestamp>447.577324</timestamp>
			</report>
			<report>
				<misses>71100001</misses>
				<total>0</total>
				<timestamp>448.204479</timestamp>
			</report>
			<report>
				<misses>71200001</misses>
				<total>0</total>
				<timestamp>448.831649</timestamp>
			</report>
			<report>
				<misses>71300001</misses>
				<total>0</total>
				<timestamp>449.459281</timestamp>
			</report>
			<report>
				<misses>71400001</misses>
				<total>0</total>
				<timestamp>450.086588</timestamp>
			</report>
			<report>
				<misses>71500001</misses>
				<total>0</total>
				<timestamp>450.717740</timestamp>
			</report>
			<report>
				<misses>71600001</misses>
				<total>0</total>
				<timestamp>451.345925</timestamp>
			</report>
			<report>
				<misses>71700001</misses>
				<total>0</total>
				<timestamp>451.978184</timestamp>
			</report>
			<report>
				<misses>71800001</misses>
				<total>0</total>
				<timestamp>452.602870</timestamp>
			</report>
			<report>
				<misses>71900001</misses>
				<total>0</total>
				<timestamp>453.227353</timestamp>
			</report>
			<report>
				<misses>72000001</misses>
				<total>0</total>
				<timestamp>453.857963</timestamp>
			</report>
			<report>
				<misses>72100001</misses>
				<total>0</total>
				<timestamp>454.482484</timestamp>
			</report>
			<report>
				<misses>72200001</misses>
				<total>0</total>
				<timestamp>455.107416</timestamp>
			</report>
			<report>
				<misses>72300001</misses>
				<total>0</total>
				<timestamp>455.733039</timestamp>
			</report>
			<report>
				<misses>72400001</misses>
				<total>0</total>
				<timestamp>456.360747</timestamp>
			</report>
			<report>
				<misses>72500001</misses>
				<total>0</total>
				<timestamp>456.989351</timestamp>
			</report>
			<report>
				<misses>72600001</misses>
				<total>0</total>
				<timestamp>457.614465</timestamp>
			</report>
			<report>
				<misses>72700001</misses>
				<total>0</total>
				<timestamp>458.254788</timestamp>
			</report>
			<report>
				<misses>72800001</misses>
				<total>0</total>
				<timestamp>458.879673</timestamp>
			</report>
			<report>
				<misses>72900001</misses>
				<total>0</total>
				<timestamp>459.503337</timestamp>
			</report>
			<report>
				<misses>73000001</misses>
				<total>0</total>
				<timestamp>460.127636</timestamp>
			</report>
			<report>
				<misses>73100001</misses>
				<total>0</total>
				<timestamp>460.751638</timestamp>
			</report>
			<report>
				<misses>73200001</misses>
				<total>0</total>
				<timestamp>461.375676</timestamp>
			</report>
			<report>
				<misses>73300001</misses>
				<total>0</total>
				<timestamp>461.999545</timestamp>
			</report>
			<report>
				<misses>73400001</misses>
				<total>0</total>
				<timestamp>462.623105</timestamp>
			</report>
			<report>
				<misses>73500001</misses>
				<total>0</total>
				<timestamp>463.246839</timestamp>
			</report>
			<report>
				<misses>73600001</misses>
				<total>0</total>
				<timestamp>463.871312</timestamp>
			</report>
			<report>
				<misses>73700001</misses>
				<total>0</total>
				<timestamp>464.494966</timestamp>
			</report>
			<report>
				<misses>73800001</misses>
				<total>0</total>
				<timestamp>465.119358</timestamp>
			</report>
			<report>
				<misses>73900001</misses>
				<total>0</total>
				<timestamp>465.743889</timestamp>
			</report>
			<report>
				<misses>74000001</misses>
				<total>0</total>
				<timestamp>466.367224</timestamp>
			</report>
			<report>
				<misses>74100001</misses>
				<total>0</total>
				<timestamp>466.990711</timestamp>
			</report>
			<report>
				<misses>74200001</misses>
				<total>0</total>
				<timestamp>467.614528</timestamp>
			</report>
			<report>
				<misses>74300001</misses>
				<total>0</total>
				<timestamp>468.238085</timestamp>
			</report>
			<report>
				<misses>74400001</misses>
				<total>0</total>
				<timestamp>468.862175</timestamp>
			</report>
			<report>
				<misses>74500001</misses>
				<total>0</total>
				<timestamp>469.485750</timestamp>
			</report>
			<report>
				<misses>74600001</misses>
				<total>0</total>
				<timestamp>470.108486</timestamp>
			</report>
			<report>
				<misses>74700001</misses>
				<total>0</total>
				<timestamp>470.731448</timestamp>
			</report>
			<report>
				<misses>74800001</misses>
				<total>0</total>
				<timestamp>471.354982</timestamp>
			</report>
			<report>
				<misses>74900001</misses>
				<total>0</total>
				<timestamp>471.977721</timestamp>
			</report>
			<report>
				<misses>75000001</misses>
				<total>0</total>
				<timestamp>472.600438</timestamp>
			</report>
			<report>
				<misses>75100001</misses>
				<total>0</total>
				<timestamp>473.238351</timestamp>
			</report>
			<report>
				<misses>75200001</misses>
				<total>0</total>
				<timestamp>473.861477</timestamp>
			</report>
			<report>
				<misses>75300001</misses>
				<total>0</total>
				<timestamp>474.484627</timestamp>
			</report>
			<report>
				<misses>75400001</misses>
				<total>0</total>
				<timestamp>475.107764</timestamp>
			</report>
			<report>
				<misses>75500001</misses>
				<total>0</total>
				<timestamp>475.730761</timestamp>
			</report>
			<report>
				<misses>75600001</misses>
				<total>0</total>
				<timestamp>476.353544</timestamp>
			</report>
			<report>
				<misses>75700001</misses>
				<total>0</total>
				<timestamp>476.981719</timestamp>
			</report>
			<report>
				<misses>75800001</misses>
				<total>0</total>
				<timestamp>477.605306</timestamp>
			</report>
			<report>
				<misses>75900001</misses>
				<total>0</total>
				<timestamp>478.228201</timestamp>
			</report>
			<report>
				<misses>76000001</misses>
				<total>0</total>
				<timestamp>478.855331</timestamp>
			</report>
			<report>
				<misses>76100001</misses>
				<total>0</total>
				<timestamp>479.478465</timestamp>
			</report>
			<report>
				<misses>76200001</misses>
				<total>0</total>
				<timestamp>480.102647</timestamp>
			</report>
			<report>
				<misses>76300001</misses>
				<total>0</total>
				<timestamp>480.726528</timestamp>
			</report>
			<report>
				<misses>76400001</misses>
				<total>0</total>
				<timestamp>481.350532</timestamp>
			</report>
			<report>
				<misses>76500001</misses>
				<total>0</total>
				<timestamp>481.974586</timestamp>
			</report>
			<report>
				<misses>76600001</misses>
				<total>0</total>
				<timestamp>482.598442</timestamp>
			</report>
			<report>
				<misses>76700001</misses>
				<total>0</total>
				<timestamp>483.222764</timestamp>
			</report>
			<report>
				<misses>76800001</misses>
				<total>0</total>
				<timestamp>483.848163</timestamp>
			</report>
			<report>
				<misses>76900001</misses>
				<total>0</total>
				<timestamp>484.471487</timestamp>
			</report>
			<report>
				<misses>77000001</misses>
				<total>0</total>
				<timestamp>485.093868</timestamp>
			</report>
			<report>
				<misses>77100001</misses>
				<total>0</total>
				<timestamp>485.715014</timestamp>
			</report>
			<report>
				<misses>77200001</misses>
				<total>0</total>
				<timestamp>486.335911</timestamp>
			</report>
			<report>
				<misses>77300001</misses>
				<total>0</total>
				<timestamp>486.957274</timestamp>
			</report>
			<report>
				<misses>77400001</misses>
				<total>0</total>
				<timestamp>487.578007</timestamp>
			</report>
			<report>
				<misses>77500001</misses>
				<total>0</total>
				<timestamp>488.199544</timestamp>
			</report>
			<report>
				<misses>77600001</misses>
				<total>0</total>
				<timestamp>488.820439</timestamp>
			</report>
			<report>
				<misses>77700001</misses>
				<total>0</total>
				<timestamp>489.442136</timestamp>
			</report>
			<report>
				<misses>77800001</misses>
				<total>0</total>
				<timestamp>490.063167</timestamp>
			</report>
			<report>
				<misses>77900001</misses>
				<total>0</total>
				<timestamp>490.683668</timestamp>
			</report>
			<report>
				<misses>78000001</misses>
				<total>0</total>
				<timestamp>491.304828</timestamp>
			</report>
			<report>
				<misses>78100001</misses>
				<total>0</total>
				<timestamp>491.925785</timestamp>
			</report>
			<report>
				<misses>78200001</misses>
				<total>0</total>
				<timestamp>492.546558</timestamp>
			</report>
			<report>
				<misses>78300001</misses>
				<total>0</total>
				<timestamp>493.167174</timestamp>
			</report>
			<report>
				<misses>78400001</misses>
				<total>0</total>
				<timestamp>493.788556</timestamp>
			</report>
			<report>
				<misses>78500001</misses>
				<total>0</total>
				<timestamp>494.409729</timestamp>
			</report>
			<report>
				<misses>78600001</misses>
				<total>0</total>
				<timestamp>495.030591</timestamp>
			</report>
			<report>
				<misses>78700001</misses>
				<total>0</total>
				<timestamp>495.651568</timestamp>
			</report>
			<report>
				<misses>78800001</misses>
				<total>0</total>
				<timestamp>496.272764</timestamp>
			</report>
			<report>
				<misses>78900001</misses>
				<total>0</total>
				<timestamp>496.893947</timestamp>
			</report>
			<report>
				<misses>79000001</misses>
				<total>0</total>
				<timestamp>497.515269</timestamp>
			</report>
			<report>
				<misses>79100001</misses>
				<total>0</total>
				<timestamp>498.164025</timestamp>
			</report>
			<report>
				<misses>79200001</misses>
				<total>0</total>
				<timestamp>498.785032</timestamp>
			</report>
			<report>
				<misses>79300001</misses>
				<total>0</total>
				<timestamp>499.406885</timestamp>
			</report>
			<report>
				<misses>79400001</misses>
				<total>0</total>
				<timestamp>500.027644</timestamp>
			</report>
			<report>
				<misses>79500001</misses>
				<total>0</total>
				<timestamp>500.648654</timestamp>
			</report>
			<report>
				<misses>79600001</misses>
				<total>0</total>
				<timestamp>501.270988</timestamp>
			</report>
			<report>
				<misses>79700001</misses>
				<total>0</total>
				<timestamp>501.904505</timestamp>
			</report>
			<report>
				<misses>79800001</misses>
				<total>0</total>
				<timestamp>502.538030</timestamp>
			</report>
			<report>
				<misses>79900001</misses>
				<total>0</total>
				<timestamp>503.166969</timestamp>
			</report>
			<report>
				<misses>80000001</misses>
				<total>0</total>
				<timestamp>503.795913</timestamp>
			</report>
			<report>
				<misses>80100001</misses>
				<total>0</total>
				<timestamp>504.424883</timestamp>
			</report>
			<report>
				<misses>80200001</misses>
				<total>0</total>
				<timestamp>505.054963</timestamp>
			</report>
			<report>
				<misses>80300001</misses>
				<total>0</total>
				<timestamp>505.687644</timestamp>
			</report>
			<report>
				<misses>80400001</misses>
				<total>0</total>
				<timestamp>506.337116</timestamp>
			</report>
			<report>
				<misses>80500001</misses>
				<total>0</total>
				<timestamp>506.969766</timestamp>
			</report>
			<report>
				<misses>80600001</misses>
				<total>0</total>
				<timestamp>507.603076</timestamp>
			</report>
			<report>
				<misses>80700001</misses>
				<total>0</total>
				<timestamp>508.238244</timestamp>
			</report>
			<report>
				<misses>80800001</misses>
				<total>0</total>
				<timestamp>508.880784</timestamp>
			</report>
			<report>
				<misses>80900001</misses>
				<total>0</total>
				<timestamp>509.517996</timestamp>
			</report>
			<report>
				<misses>81000001</misses>
				<total>0</total>
				<timestamp>510.149452</timestamp>
			</report>
			<report>
				<misses>81100001</misses>
				<total>0</total>
				<timestamp>510.780372</timestamp>
			</report>
			<report>
				<misses>81200001</misses>
				<total>0</total>
				<timestamp>511.423533</timestamp>
			</report>
			<report>
				<misses>81300001</misses>
				<total>0</total>
				<timestamp>512.068915</timestamp>
			</report>
			<report>
				<misses>81400001</misses>
				<total>0</total>
				<timestamp>512.703279</timestamp>
			</report>
			<report>
				<misses>81500001</misses>
				<total>0</total>
				<timestamp>513.331855</timestamp>
			</report>
			<report>
				<misses>81600001</misses>
				<total>0</total>
				<timestamp>513.960276</timestamp>
			</report>
			<report>
				<misses>81700001</misses>
				<total>0</total>
				<timestamp>514.588921</timestamp>
			</report>
			<report>
				<misses>81800001</misses>
				<total>0</total>
				<timestamp>515.218544</timestamp>
			</report>
			<report>
				<misses>81900001</misses>
				<total>0</total>
				<timestamp>515.846870</timestamp>
			</report>
			<report>
				<misses>82000001</misses>
				<total>0</total>
				<timestamp>516.475803</timestamp>
			</report>
			<report>
				<misses>82100001</misses>
				<total>0</total>
				<timestamp>517.105279</timestamp>
			</report>
			<report>
				<misses>82200001</misses>
				<total>0</total>
				<timestamp>517.734697</timestamp>
			</report>
			<report>
				<misses>82300001</misses>
				<total>0</total>
				<timestamp>518.363511</timestamp>
			</report>
			<report>
				<misses>82400001</misses>
				<total>0</total>
				<timestamp>518.993103</timestamp>
			</report>
			<report>
				<misses>82500001</misses>
				<total>0</total>
				<timestamp>519.622605</timestamp>
			</report>
			<report>
				<misses>82600001</misses>
				<total>0</total>
				<timestamp>520.252057</timestamp>
			</report>
			<report>
				<misses>82700001</misses>
				<total>0</total>
				<timestamp>520.881651</timestamp>
			</report>
			<report>
				<misses>82800001</misses>
				<total>0</total>
				<timestamp>521.510366</timestamp>
			</report>
			<report>
				<misses>82900001</misses>
				<total>0</total>
				<timestamp>522.143244</timestamp>
			</report>
			<report>
				<misses>83000001</misses>
				<total>0</total>
				<timestamp>522.773430</timestamp>
			</report>
			<report>
				<misses>83100001</misses>
				<total>0</total>
				<timestamp>523.403144</timestamp>
			</report>
			<report>
				<misses>83200001</misses>
				<total>0</total>
				<timestamp>524.032774</timestamp>
			</report>
			<report>
				<misses>83300001</misses>
				<total>0</total>
				<timestamp>524.662566</timestamp>
			</report>
			<report>
				<misses>83400001</misses>
				<total>0</total>
				<timestamp>525.299495</timestamp>
			</report>
			<report>
				<misses>83500001</misses>
				<total>0</total>
				<timestamp>525.934756</timestamp>
			</report>
			<report>
				<misses>83600001</misses>
				<total>0</total>
				<timestamp>526.565382</timestamp>
			</report>
			<report>
				<misses>83700001</misses>
				<total>0</total>
				<timestamp>527.195918</timestamp>
			</report>
			<report>
				<misses>83800001</misses>
				<total>0</total>
				<timestamp>527.836074</timestamp>
			</report>
			<report>
				<misses>83900001</misses>
				<total>0</total>
				<timestamp>528.465674</timestamp>
			</report>
			<report>
				<misses>84000001</misses>
				<total>0</total>
				<timestamp>529.095001</timestamp>
			</report>
			<report>
				<misses>84100001</misses>
				<total>0</total>
				<timestamp>529.724551</timestamp>
			</report>
			<report>
				<misses>84200001</misses>
				<total>0</total>
				<timestamp>530.354631</timestamp>
			</report>
			<report>
				<misses>84300001</misses>
				<total>0</total>
				<timestamp>530.985709</timestamp>
			</report>
			<report>
				<misses>84400001</misses>
				<total>0</total>
				<timestamp>531.616311</timestamp>
			</report>
			<report>
				<misses>84500001</misses>
				<total>0</total>
				<timestamp>532.247972</timestamp>
			</report>
			<report>
				<misses>84600001</misses>
				<total>0</total>
				<timestamp>532.879693</timestamp>
			</report>
			<report>
				<misses>84700001</misses>
				<total>0</total>
				<timestamp>533.510346</timestamp>
			</report>
			<report>
				<misses>84800001</misses>
				<total>0</total>
				<timestamp>534.141461</timestamp>
			</report>
			<report>
				<misses>84900001</misses>
				<total>0</total>
				<timestamp>534.776886</timestamp>
			</report>
			<report>
				<misses>85000001</misses>
				<total>0</total>
				<timestamp>535.406272</timestamp>
			</report>
			<report>
				<misses>85100001</misses>
				<total>0</total>
				<timestamp>536.034613</timestamp>
			</report>
			<report>
				<misses>85200001</misses>
				<total>0</total>
				<timestamp>536.663143</timestamp>
			</report>
			<report>
				<misses>85300001</misses>
				<total>0</total>
				<timestamp>537.298098</timestamp>
			</report>
			<report>
				<misses>85400001</misses>
				<total>0</total>
				<timestamp>537.932557</timestamp>
			</report>
			<report>
				<misses>85500001</misses>
				<total>0</total>
				<timestamp>538.560049</timestamp>
			</report>
			<report>
				<misses>85600001</misses>
				<total>0</total>
				<timestamp>539.189769</timestamp>
			</report>
			<report>
				<misses>85700001</misses>
				<total>0</total>
				<timestamp>539.818069</timestamp>
			</report>
			<report>
				<misses>85800001</misses>
				<total>0</total>
				<timestamp>540.447250</timestamp>
			</report>
			<report>
				<misses>85900001</misses>
				<total>0</total>
				<timestamp>541.076050</timestamp>
			</report>
			<report>
				<misses>86000001</misses>
				<total>0</total>
				<timestamp>541.704566</timestamp>
			</report>
			<report>
				<misses>86100001</misses>
				<total>0</total>
				<timestamp>542.333569</timestamp>
			</report>
			<report>
				<misses>86200001</misses>
				<total>0</total>
				<timestamp>542.984405</timestamp>
			</report>
			<report>
				<misses>86300001</misses>
				<total>0</total>
				<timestamp>543.619407</timestamp>
			</report>
			<report>
				<misses>86400001</misses>
				<total>0</total>
				<timestamp>544.247490</timestamp>
			</report>
			<report>
				<misses>86500001</misses>
				<total>0</total>
				<timestamp>544.874898</timestamp>
			</report>
			<report>
				<misses>86600001</misses>
				<total>0</total>
				<timestamp>545.502527</timestamp>
			</report>
			<report>
				<misses>86700001</misses>
				<total>0</total>
				<timestamp>546.134525</timestamp>
			</report>
			<report>
				<misses>86800001</misses>
				<total>0</total>
				<timestamp>546.761822</timestamp>
			</report>
			<report>
				<misses>86900001</misses>
				<total>0</total>
				<timestamp>547.387966</timestamp>
			</report>
			<report>
				<misses>87000001</misses>
				<total>0</total>
				<timestamp>548.014462</timestamp>
			</report>
			<report>
				<misses>87100001</misses>
				<total>0</total>
				<timestamp>548.641869</timestamp>
			</report>
			<report>
				<misses>87200001</misses>
				<total>0</total>
				<timestamp>549.268907</timestamp>
			</report>
			<report>
				<misses>87300001</misses>
				<total>0</total>
				<timestamp>549.903746</timestamp>
			</report>
			<report>
				<misses>87400001</misses>
				<total>0</total>
				<timestamp>550.530191</timestamp>
			</report>
			<report>
				<misses>87500001</misses>
				<total>0</total>
				<timestamp>551.157941</timestamp>
			</report>
			<report>
				<misses>87600001</misses>
				<total>0</total>
				<timestamp>551.783330</timestamp>
			</report>
			<report>
				<misses>87700001</misses>
				<total>0</total>
				<timestamp>552.410552</timestamp>
			</report>
			<report>
				<misses>87800001</misses>
				<total>0</total>
				<timestamp>553.037662</timestamp>
			</report>
			<report>
				<misses>87900001</misses>
				<total>0</total>
				<timestamp>553.666167</timestamp>
			</report>
			<report>
				<misses>88000001</misses>
				<total>0</total>
				<timestamp>554.293014</timestamp>
			</report>
			<report>
				<misses>88100001</misses>
				<total>0</total>
				<timestamp>554.919173</timestamp>
			</report>
			<report>
				<misses>88200001</misses>
				<total>0</total>
				<timestamp>555.548070</timestamp>
			</report>
			<report>
				<misses>88300001</misses>
				<total>0</total>
				<timestamp>556.177093</timestamp>
			</report>
			<report>
				<misses>88400001</misses>
				<total>0</total>
				<timestamp>556.805994</timestamp>
			</report>
			<report>
				<misses>88500001</misses>
				<total>0</total>
				<timestamp>557.434543</timestamp>
			</report>
			<report>
				<misses>88600001</misses>
				<total>0</total>
				<timestamp>558.062035</timestamp>
			</report>
			<report>
				<misses>88700001</misses>
				<total>0</total>
				<timestamp>558.688474</timestamp>
			</report>
			<report>
				<misses>88800001</misses>
				<total>0</total>
				<timestamp>559.314969</timestamp>
			</report>
			<report>
				<misses>88900001</misses>
				<total>0</total>
				<timestamp>559.942210</timestamp>
			</report>
			<report>
				<misses>89000001</misses>
				<total>0</total>
				<timestamp>560.568451</timestamp>
			</report>
			<report>
				<misses>89100001</misses>
				<total>0</total>
				<timestamp>561.195465</timestamp>
			</report>
			<report>
				<misses>89200001</misses>
				<total>0</total>
				<timestamp>561.823585</timestamp>
			</report>
			<report>
				<misses>89300001</misses>
				<total>0</total>
				<timestamp>562.451163</timestamp>
			</report>
			<report>
				<misses>89400001</misses>
				<total>0</total>
				<timestamp>563.078767</timestamp>
			</report>
			<report>
				<misses>89500001</misses>
				<total>0</total>
				<timestamp>563.704207</timestamp>
			</report>
			<report>
				<misses>89600001</misses>
				<total>0</total>
				<timestamp>564.330276</timestamp>
			</report>
			<report>
				<misses>89700001</misses>
				<total>0</total>
				<timestamp>564.956817</timestamp>
			</report>
			<report>
				<misses>89800001</misses>
				<total>0</total>
				<timestamp>565.585315</timestamp>
			</report>
			<report>
				<misses>89900001</misses>
				<total>0</total>
				<timestamp>566.227262</timestamp>
			</report>
			<report>
				<misses>90000001</misses>
				<total>0</total>
				<timestamp>566.859017</timestamp>
			</report>
			<report>
				<misses>90100001</misses>
				<total>0</total>
				<timestamp>567.486410</timestamp>
			</report>
			<report>
				<misses>90200001</misses>
				<total>0</total>
				<timestamp>568.112561</timestamp>
			</report>
			<report>
				<misses>90300001</misses>
				<total>0</total>
				<timestamp>568.738552</timestamp>
			</report>
			<report>
				<misses>90400001</misses>
				<total>0</total>
				<timestamp>569.365941</timestamp>
			</report>
			<report>
				<misses>90500001</misses>
				<total>0</total>
				<timestamp>569.992794</timestamp>
			</report>
			<report>
				<misses>90600001</misses>
				<total>0</total>
				<timestamp>570.619514</timestamp>
			</report>
			<report>
				<misses>90700001</misses>
				<total>0</total>
				<timestamp>571.246158</timestamp>
			</report>
			<report>
				<misses>90800001</misses>
				<total>0</total>
				<timestamp>571.872905</timestamp>
			</report>
			<report>
				<misses>90900001</misses>
				<total>0</total>
				<timestamp>572.499695</timestamp>
			</report>
			<report>
				<misses>91000001</misses>
				<total>0</total>
				<timestamp>573.125802</timestamp>
			</report>
			<report>
				<misses>91100001</misses>
				<total>0</total>
				<timestamp>573.751519</timestamp>
			</report>
			<report>
				<misses>91200001</misses>
				<total>0</total>
				<timestamp>574.377745</timestamp>
			</report>
			<report>
				<misses>91300001</misses>
				<total>0</total>
				<timestamp>575.005069</timestamp>
			</report>
			<report>
				<misses>91400001</misses>
				<total>0</total>
				<timestamp>575.631958</timestamp>
			</report>
			<report>
				<misses>91500001</misses>
				<total>0</total>
				<timestamp>576.258969</timestamp>
			</report>
			<report>
				<misses>91600001</misses>
				<total>0</total>
				<timestamp>576.885968</timestamp>
			</report>
			<report>
				<misses>91700001</misses>
				<total>0</total>
				<timestamp>577.514035</timestamp>
			</report>
			<report>
				<misses>91800001</misses>
				<total>0</total>
				<timestamp>578.142225</timestamp>
			</report>
			<report>
				<misses>91900001</misses>
				<total>0</total>
				<timestamp>578.769500</timestamp>
			</report>
			<report>
				<misses>92000001</misses>
				<total>0</total>
				<timestamp>579.396507</timestamp>
			</report>
			<report>
				<misses>92100001</misses>
				<total>0</total>
				<timestamp>580.021755</timestamp>
			</report>
			<report>
				<misses>92200001</misses>
				<total>0</total>
				<timestamp>580.646459</timestamp>
			</report>
			<report>
				<misses>92300001</misses>
				<total>0</total>
				<timestamp>581.272622</timestamp>
			</report>
			<report>
				<misses>92400001</misses>
				<total>0</total>
				<timestamp>581.900225</timestamp>
			</report>
			<report>
				<misses>92500001</misses>
				<total>0</total>
				<timestamp>582.527765</timestamp>
			</report>
			<report>
				<misses>92600001</misses>
				<total>0</total>
				<timestamp>583.156584</timestamp>
			</report>
			<report>
				<misses>92700001</misses>
				<total>0</total>
				<timestamp>583.786339</timestamp>
			</report>
			<report>
				<misses>92800001</misses>
				<total>0</total>
				<timestamp>584.415496</timestamp>
			</report>
			<report>
				<misses>92900001</misses>
				<total>0</total>
				<timestamp>585.044387</timestamp>
			</report>
			<report>
				<misses>93000001</misses>
				<total>0</total>
				<timestamp>585.673034</timestamp>
			</report>
			<report>
				<misses>93100001</misses>
				<total>0</total>
				<timestamp>586.300756</timestamp>
			</report>
			<report>
				<misses>93200001</misses>
				<total>0</total>
				<timestamp>586.929422</timestamp>
			</report>
			<report>
				<misses>93300001</misses>
				<total>0</total>
				<timestamp>587.557516</timestamp>
			</report>
			<report>
				<misses>93400001</misses>
				<total>0</total>
				<timestamp>588.184949</timestamp>
			</report>
			<report>
				<misses>93500001</misses>
				<total>0</total>
				<timestamp>588.813532</timestamp>
			</report>
			<report>
				<misses>93600001</misses>
				<total>0</total>
				<timestamp>589.442613</timestamp>
			</report>
			<report>
				<misses>93700001</misses>
				<total>0</total>
				<timestamp>590.072136</timestamp>
			</report>
			<report>
				<misses>93800001</misses>
				<total>0</total>
				<timestamp>590.700691</timestamp>
			</report>
			<report>
				<misses>93900001</misses>
				<total>0</total>
				<timestamp>591.329402</timestamp>
			</report>
			<report>
				<misses>94000001</misses>
				<total>0</total>
				<timestamp>591.957668</timestamp>
			</report>
			<report>
				<misses>94100001</misses>
				<total>0</total>
				<timestamp>592.585841</timestamp>
			</report>
			<report>
				<misses>94200001</misses>
				<total>0</total>
				<timestamp>593.214060</timestamp>
			</report>
			<report>
				<misses>94300001</misses>
				<total>0</total>
				<timestamp>593.842211</timestamp>
			</report>
			<report>
				<misses>94400001</misses>
				<total>0</total>
				<timestamp>594.471445</timestamp>
			</report>
			<report>
				<misses>94500001</misses>
				<total>0</total>
				<timestamp>595.100457</timestamp>
			</report>
			<report>
				<misses>94600001</misses>
				<total>0</total>
				<timestamp>595.731078</timestamp>
			</report>
			<report>
				<misses>94700001</misses>
				<total>0</total>
				<timestamp>596.359428</timestamp>
			</report>
			<report>
				<misses>94800001</misses>
				<total>0</total>
				<timestamp>596.992397</timestamp>
			</report>
			<report>
				<misses>94900001</misses>
				<total>0</total>
				<timestamp>597.621341</timestamp>
			</report>
			<report>
				<misses>95000001</misses>
				<total>0</total>
				<timestamp>598.251649</timestamp>
			</report>
			<report>
				<misses>95100001</misses>
				<total>0</total>
				<timestamp>598.878716</timestamp>
			</report>
			<report>
				<misses>95200001</misses>
				<total>0</total>
				<timestamp>599.505745</timestamp>
			</report>
			<report>
				<misses>95300001</misses>
				<total>0</total>
				<timestamp>600.135201</timestamp>
			</report>
			<report>
				<misses>95400001</misses>
				<total>0</total>
				<timestamp>600.765564</timestamp>
			</report>
			<report>
				<misses>95500001</misses>
				<total>0</total>
				<timestamp>601.393557</timestamp>
			</report>
			<report>
				<misses>95600001</misses>
				<total>0</total>
				<timestamp>602.021847</timestamp>
			</report>
			<report>
				<misses>95700001</misses>
				<total>0</total>
				<timestamp>602.647638</timestamp>
			</report>
			<report>
				<misses>95800001</misses>
				<total>0</total>
				<timestamp>603.275100</timestamp>
			</report>
			<report>
				<misses>95900001</misses>
				<total>0</total>
				<timestamp>603.903384</timestamp>
			</report>
			<report>
				<misses>96000001</misses>
				<total>0</total>
				<timestamp>604.531883</timestamp>
			</report>
			<report>
				<misses>96100001</misses>
				<total>0</total>
				<timestamp>605.159756</timestamp>
			</report>
			<report>
				<misses>96200001</misses>
				<total>0</total>
				<timestamp>605.795668</timestamp>
			</report>
			<report>
				<misses>96300001</misses>
				<total>0</total>
				<timestamp>606.436203</timestamp>
			</report>
			<report>
				<misses>96400001</misses>
				<total>0</total>
				<timestamp>607.061560</timestamp>
			</report>
			<report>
				<misses>96500001</misses>
				<total>0</total>
				<timestamp>607.686238</timestamp>
			</report>
			<report>
				<misses>96600001</misses>
				<total>0</total>
				<timestamp>608.325746</timestamp>
			</report>
			<report>
				<misses>96700001</misses>
				<total>0</total>
				<timestamp>608.974243</timestamp>
			</report>
			<report>
				<misses>96800001</misses>
				<total>0</total>
				<timestamp>609.622846</timestamp>
			</report>
			<report>
				<misses>96900001</misses>
				<total>0</total>
				<timestamp>610.272434</timestamp>
			</report>
			<report>
				<misses>97000001</misses>
				<total>0</total>
				<timestamp>610.936103</timestamp>
			</report>
			<report>
				<misses>97100001</misses>
				<total>0</total>
				<timestamp>611.580408</timestamp>
			</report>
			<report>
				<misses>97200001</misses>
				<total>0</total>
				<timestamp>612.230738</timestamp>
			</report>
			<report>
				<misses>97300001</misses>
				<total>0</total>
				<timestamp>612.873316</timestamp>
			</report>
			<report>
				<misses>97400001</misses>
				<total>0</total>
				<timestamp>613.510578</timestamp>
			</report>
			<report>
				<misses>97500001</misses>
				<total>0</total>
				<timestamp>614.141156</timestamp>
			</report>
			<report>
				<misses>97600001</misses>
				<total>0</total>
				<timestamp>614.772093</timestamp>
			</report>
			<report>
				<misses>97700001</misses>
				<total>0</total>
				<timestamp>615.404097</timestamp>
			</report>
			<report>
				<misses>97800001</misses>
				<total>0</total>
				<timestamp>616.034109</timestamp>
			</report>
			<report>
				<misses>97900001</misses>
				<total>0</total>
				<timestamp>616.663048</timestamp>
			</report>
			<report>
				<misses>98000001</misses>
				<total>0</total>
				<timestamp>617.292336</timestamp>
			</report>
			<report>
				<misses>98100001</misses>
				<total>0</total>
				<timestamp>617.927927</timestamp>
			</report>
			<report>
				<misses>98200001</misses>
				<total>0</total>
				<timestamp>618.560819</timestamp>
			</report>
			<report>
				<misses>98300001</misses>
				<total>0</total>
				<timestamp>619.198737</timestamp>
			</report>
			<report>
				<misses>98400001</misses>
				<total>0</total>
				<timestamp>619.835852</timestamp>
			</report>
			<report>
				<misses>98500001</misses>
				<total>0</total>
				<timestamp>620.467639</timestamp>
			</report>
			<report>
				<misses>98600001</misses>
				<total>0</total>
				<timestamp>621.097543</timestamp>
			</report>
			<report>
				<misses>98700001</misses>
				<total>0</total>
				<timestamp>621.728581</timestamp>
			</report>
			<report>
				<misses>98800001</misses>
				<total>0</total>
				<timestamp>622.359080</timestamp>
			</report>
			<report>
				<misses>98900001</misses>
				<total>0</total>
				<timestamp>622.994213</timestamp>
			</report>
			<report>
				<misses>99000001</misses>
				<total>0</total>
				<timestamp>623.624340</timestamp>
			</report>
			<report>
				<misses>99100001</misses>
				<total>0</total>
				<timestamp>624.255452</timestamp>
			</report>
			<report>
				<misses>99200001</misses>
				<total>0</total>
				<timestamp>624.893216</timestamp>
			</report>
			<report>
				<misses>99300001</misses>
				<total>0</total>
				<timestamp>625.523418</timestamp>
			</report>
			<report>
				<misses>99400001</misses>
				<total>0</total>
				<timestamp>626.151384</timestamp>
			</report>
			<report>
				<misses>99500001</misses>
				<total>0</total>
				<timestamp>626.787168</timestamp>
			</report>
			<report>
				<misses>99600001</misses>
				<total>0</total>
				<timestamp>627.431459</timestamp>
			</report>
			<report>
				<misses>99700001</misses>
				<total>0</total>
				<timestamp>628.079058</timestamp>
			</report>
			<report>
				<misses>99800001</misses>
				<total>0</total>
				<timestamp>628.720835</timestamp>
			</report>
			<report>
				<misses>99900001</misses>
				<total>0</total>
				<timestamp>629.349489</timestamp>
			</report>
			<report>
				<misses>100000001</misses>
				<total>0</total>
				<timestamp>629.983056</timestamp>
			</report>
			<report>
				<misses>100100001</misses>
				<total>0</total>
				<timestamp>630.626665</timestamp>
			</report>
			<report>
				<misses>100200001</misses>
				<total>0</total>
				<timestamp>631.266427</timestamp>
			</report>
			<report>
				<misses>100300001</misses>
				<total>0</total>
				<timestamp>631.950401</timestamp>
			</report>
			<report>
				<misses>100400001</misses>
				<total>0</total>
				<timestamp>632.635708</timestamp>
			</report>
			<report>
				<misses>100500001</misses>
				<total>0</total>
				<timestamp>633.276821</timestamp>
			</report>
			<report>
				<misses>100600001</misses>
				<total>0</total>
				<timestamp>633.917818</timestamp>
			</report>
			<report>
				<misses>100700001</misses>
				<total>0</total>
				<timestamp>634.553715</timestamp>
			</report>
			<report>
				<misses>100800001</misses>
				<total>0</total>
				<timestamp>635.189973</timestamp>
			</report>
			<report>
				<misses>100900001</misses>
				<total>0</total>
				<timestamp>635.823114</timestamp>
			</report>
			<report>
				<misses>101000001</misses>
				<total>0</total>
				<timestamp>636.461830</timestamp>
			</report>
			<report>
				<misses>101100001</misses>
				<total>0</total>
				<timestamp>637.131117</timestamp>
			</report>
			<report>
				<misses>101200001</misses>
				<total>0</total>
				<timestamp>637.797117</timestamp>
			</report>
			<report>
				<misses>101300001</misses>
				<total>0</total>
				<timestamp>638.431611</timestamp>
			</report>
			<report>
				<misses>101400001</misses>
				<total>0</total>
				<timestamp>639.062361</timestamp>
			</report>
			<report>
				<misses>101500001</misses>
				<total>0</total>
				<timestamp>639.688928</timestamp>
			</report>
			<report>
				<misses>101600001</misses>
				<total>0</total>
				<timestamp>640.317836</timestamp>
			</report>
			<report>
				<misses>101700001</misses>
				<total>0</total>
				<timestamp>640.950377</timestamp>
			</report>
			<report>
				<misses>101800001</misses>
				<total>0</total>
				<timestamp>641.584500</timestamp>
			</report>
			<report>
				<misses>101900001</misses>
				<total>0</total>
				<timestamp>642.217481</timestamp>
			</report>
			<report>
				<misses>102000001</misses>
				<total>0</total>
				<timestamp>642.848680</timestamp>
			</report>
			<report>
				<misses>102100001</misses>
				<total>0</total>
				<timestamp>643.479967</timestamp>
			</report>
			<report>
				<misses>102200001</misses>
				<total>0</total>
				<timestamp>644.117674</timestamp>
			</report>
			<report>
				<misses>102300001</misses>
				<total>0</total>
				<timestamp>644.760188</timestamp>
			</report>
			<report>
				<misses>102400001</misses>
				<total>0</total>
				<timestamp>645.393059</timestamp>
			</report>
			<report>
				<misses>102500001</misses>
				<total>0</total>
				<timestamp>646.028003</timestamp>
			</report>
			<report>
				<misses>102600001</misses>
				<total>0</total>
				<timestamp>646.657572</timestamp>
			</report>
			<report>
				<misses>102700001</misses>
				<total>0</total>
				<timestamp>647.292520</timestamp>
			</report>
			<report>
				<misses>102800001</misses>
				<total>0</total>
				<timestamp>647.924422</timestamp>
			</report>
			<report>
				<misses>102900001</misses>
				<total>0</total>
				<timestamp>648.556469</timestamp>
			</report>
			<report>
				<misses>103000001</misses>
				<total>0</total>
				<timestamp>649.193887</timestamp>
			</report>
			<report>
				<misses>103100001</misses>
				<total>0</total>
				<timestamp>649.833697</timestamp>
			</report>
			<report>
				<misses>103200001</misses>
				<total>0</total>
				<timestamp>650.490914</timestamp>
			</report>
			<report>
				<misses>103300001</misses>
				<total>0</total>
				<timestamp>651.158213</timestamp>
			</report>
			<report>
				<misses>103400001</misses>
				<total>0</total>
				<timestamp>651.817804</timestamp>
			</report>
			<report>
				<misses>103500001</misses>
				<total>0</total>
				<timestamp>652.517378</timestamp>
			</report>
			<report>
				<misses>103600001</misses>
				<total>0</total>
				<timestamp>653.167111</timestamp>
			</report>
			<report>
				<misses>103700001</misses>
				<total>0</total>
				<timestamp>653.805590</timestamp>
			</report>
			<report>
				<misses>103800001</misses>
				<total>0</total>
				<timestamp>654.451523</timestamp>
			</report>
			<report>
				<misses>103900001</misses>
				<total>0</total>
				<timestamp>655.109237</timestamp>
			</report>
			<report>
				<misses>104000001</misses>
				<total>0</total>
				<timestamp>655.750821</timestamp>
			</report>
			<report>
				<misses>104100001</misses>
				<total>0</total>
				<timestamp>656.403767</timestamp>
			</report>
			<report>
				<misses>104200001</misses>
				<total>0</total>
				<timestamp>657.049741</timestamp>
			</report>
			<report>
				<misses>104300001</misses>
				<total>0</total>
				<timestamp>657.692164</timestamp>
			</report>
			<report>
				<misses>104400001</misses>
				<total>0</total>
				<timestamp>658.324545</timestamp>
			</report>
			<report>
				<misses>104500001</misses>
				<total>0</total>
				<timestamp>658.959521</timestamp>
			</report>
			<report>
				<misses>104600001</misses>
				<total>0</total>
				<timestamp>659.590229</timestamp>
			</report>
			<report>
				<misses>104700001</misses>
				<total>0</total>
				<timestamp>660.229396</timestamp>
			</report>
			<report>
				<misses>104800001</misses>
				<total>0</total>
				<timestamp>660.864264</timestamp>
			</report>
			<report>
				<misses>104900001</misses>
				<total>0</total>
				<timestamp>661.495286</timestamp>
			</report>
			<report>
				<misses>105000001</misses>
				<total>0</total>
				<timestamp>662.150236</timestamp>
			</report>
			<report>
				<misses>105100001</misses>
				<total>0</total>
				<timestamp>662.825329</timestamp>
			</report>
			<report>
				<misses>105200001</misses>
				<total>0</total>
				<timestamp>663.488138</timestamp>
			</report>
			<report>
				<misses>105300001</misses>
				<total>0</total>
				<timestamp>664.129901</timestamp>
			</report>
			<report>
				<misses>105400001</misses>
				<total>0</total>
				<timestamp>664.782211</timestamp>
			</report>
			<report>
				<misses>105500001</misses>
				<total>0</total>
				<timestamp>665.429281</timestamp>
			</report>
			<report>
				<misses>105600001</misses>
				<total>0</total>
				<timestamp>666.077313</timestamp>
			</report>
			<report>
				<misses>105700001</misses>
				<total>0</total>
				<timestamp>666.715727</timestamp>
			</report>
			<report>
				<misses>105800001</misses>
				<total>0</total>
				<timestamp>667.356011</timestamp>
			</report>
			<report>
				<misses>105900001</misses>
				<total>0</total>
				<timestamp>667.987959</timestamp>
			</report>
			<report>
				<misses>106000001</misses>
				<total>0</total>
				<timestamp>668.643910</timestamp>
			</report>
			<report>
				<misses>106100001</misses>
				<total>0</total>
				<timestamp>669.329438</timestamp>
			</report>
			<report>
				<misses>106200001</misses>
				<total>0</total>
				<timestamp>669.993378</timestamp>
			</report>
			<report>
				<misses>106300001</misses>
				<total>0</total>
				<timestamp>670.671281</timestamp>
			</report>
			<report>
				<misses>106400001</misses>
				<total>0</total>
				<timestamp>671.336270</timestamp>
			</report>
			<report>
				<misses>106500001</misses>
				<total>0</total>
				<timestamp>671.968739</timestamp>
			</report>
			<report>
				<misses>106600001</misses>
				<total>0</total>
				<timestamp>672.602437</timestamp>
			</report>
			<report>
				<misses>106700001</misses>
				<total>0</total>
				<timestamp>673.274544</timestamp>
			</report>
			<report>
				<misses>106800001</misses>
				<total>0</total>
				<timestamp>673.929690</timestamp>
			</report>
			<report>
				<misses>106900001</misses>
				<total>0</total>
				<timestamp>674.579224</timestamp>
			</report>
			<report>
				<misses>107000001</misses>
				<total>0</total>
				<timestamp>675.242973</timestamp>
			</report>
			<report>
				<misses>107100001</misses>
				<total>0</total>
				<timestamp>675.902672</timestamp>
			</report>
			<report>
				<misses>107200001</misses>
				<total>0</total>
				<timestamp>676.569752</timestamp>
			</report>
			<report>
				<misses>107300001</misses>
				<total>0</total>
				<timestamp>677.249209</timestamp>
			</report>
			<report>
				<misses>107400001</misses>
				<total>0</total>
				<timestamp>677.903580</timestamp>
			</report>
			<report>
				<misses>107500001</misses>
				<total>0</total>
				<timestamp>678.527585</timestamp>
			</report>
			<report>
				<misses>107600001</misses>
				<total>0</total>
				<timestamp>679.177253</timestamp>
			</report>
			<report>
				<misses>107700001</misses>
				<total>0</total>
				<timestamp>679.860923</timestamp>
			</report>
			<report>
				<misses>107800001</misses>
				<total>0</total>
				<timestamp>680.524781</timestamp>
			</report>
			<report>
				<misses>107900001</misses>
				<total>0</total>
				<timestamp>681.171381</timestamp>
			</report>
			<report>
				<misses>108000001</misses>
				<total>0</total>
				<timestamp>681.805713</timestamp>
			</report>
			<report>
				<misses>108100001</misses>
				<total>0</total>
				<timestamp>682.442297</timestamp>
			</report>
			<report>
				<misses>108200001</misses>
				<total>0</total>
				<timestamp>683.076031</timestamp>
			</report>
			<report>
				<misses>108300001</misses>
				<total>0</total>
				<timestamp>683.708814</timestamp>
			</report>
			<report>
				<misses>108400001</misses>
				<total>0</total>
				<timestamp>684.348643</timestamp>
			</report>
			<report>
				<misses>108500001</misses>
				<total>0</total>
				<timestamp>684.988760</timestamp>
			</report>
			<report>
				<misses>108600001</misses>
				<total>0</total>
				<timestamp>685.620201</timestamp>
			</report>
			<report>
				<misses>108700001</misses>
				<total>0</total>
				<timestamp>686.258247</timestamp>
			</report>
			<report>
				<misses>108800001</misses>
				<total>0</total>
				<timestamp>686.940356</timestamp>
			</report>
			<report>
				<misses>108900001</misses>
				<total>0</total>
				<timestamp>687.591310</timestamp>
			</report>
			<report>
				<misses>109000001</misses>
				<total>0</total>
				<timestamp>688.223905</timestamp>
			</report>
			<report>
				<misses>109100001</misses>
				<total>0</total>
				<timestamp>688.865871</timestamp>
			</report>
			<report>
				<misses>109200001</misses>
				<total>0</total>
				<timestamp>689.517280</timestamp>
			</report>
			<report>
				<misses>109300001</misses>
				<total>0</total>
				<timestamp>690.160101</timestamp>
			</report>
			<report>
				<misses>109400001</misses>
				<total>0</total>
				<timestamp>690.802276</timestamp>
			</report>
			<report>
				<misses>109500001</misses>
				<total>0</total>
				<timestamp>691.451163</timestamp>
			</report>
			<report>
				<misses>109600001</misses>
				<total>0</total>
				<timestamp>692.083623</timestamp>
			</report>
			<report>
				<misses>109700001</misses>
				<total>0</total>
				<timestamp>692.714615</timestamp>
			</report>
			<report>
				<misses>109800001</misses>
				<total>0</total>
				<timestamp>693.347373</timestamp>
			</report>
			<report>
				<misses>109900001</misses>
				<total>0</total>
				<timestamp>693.986780</timestamp>
			</report>
			<report>
				<misses>110000001</misses>
				<total>0</total>
				<timestamp>694.624792</timestamp>
			</report>
			<report>
				<misses>110100001</misses>
				<total>0</total>
				<timestamp>695.255628</timestamp>
			</report>
			<report>
				<misses>110200001</misses>
				<total>0</total>
				<timestamp>695.895105</timestamp>
			</report>
			<report>
				<misses>110300001</misses>
				<total>0</total>
				<timestamp>696.540932</timestamp>
			</report>
			<report>
				<misses>110400001</misses>
				<total>0</total>
				<timestamp>697.222101</timestamp>
			</report>
			<report>
				<misses>110500001</misses>
				<total>0</total>
				<timestamp>697.933825</timestamp>
			</report>
			<report>
				<misses>110600001</misses>
				<total>0</total>
				<timestamp>698.665018</timestamp>
			</report>
			<report>
				<misses>110700001</misses>
				<total>0</total>
				<timestamp>699.368499</timestamp>
			</report>
			<report>
				<misses>110800001</misses>
				<total>0</total>
				<timestamp>700.070298</timestamp>
			</report>
			<report>
				<misses>110900001</misses>
				<total>0</total>
				<timestamp>700.742713</timestamp>
			</report>
			<report>
				<misses>111000001</misses>
				<total>0</total>
				<timestamp>701.393095</timestamp>
			</report>
			<report>
				<misses>111100001</misses>
				<total>0</total>
				<timestamp>702.041705</timestamp>
			</report>
			<report>
				<misses>111200001</misses>
				<total>0</total>
				<timestamp>702.686692</timestamp>
			</report>
			<report>
				<misses>111300001</misses>
				<total>0</total>
				<timestamp>703.334851</timestamp>
			</report>
			<report>
				<misses>111400001</misses>
				<total>0</total>
				<timestamp>703.977039</timestamp>
			</report>
			<report>
				<misses>111500001</misses>
				<total>0</total>
				<timestamp>704.619964</timestamp>
			</report>
			<report>
				<misses>111600001</misses>
				<total>0</total>
				<timestamp>705.260852</timestamp>
			</report>
			<report>
				<misses>111700001</misses>
				<total>0</total>
				<timestamp>705.888464</timestamp>
			</report>
			<report>
				<misses>111800001</misses>
				<total>0</total>
				<timestamp>706.518811</timestamp>
			</report>
			<report>
				<misses>111900001</misses>
				<total>0</total>
				<timestamp>707.150702</timestamp>
			</report>
			<report>
				<misses>112000001</misses>
				<total>0</total>
				<timestamp>707.792025</timestamp>
			</report>
			<report>
				<misses>112100001</misses>
				<total>0</total>
				<timestamp>708.438037</timestamp>
			</report>
			<report>
				<misses>112200001</misses>
				<total>0</total>
				<timestamp>709.079271</timestamp>
			</report>
			<report>
				<misses>112300001</misses>
				<total>0</total>
				<timestamp>709.709142</timestamp>
			</report>
			<report>
				<misses>112400001</misses>
				<total>0</total>
				<timestamp>710.349110</timestamp>
			</report>
			<report>
				<misses>112500001</misses>
				<total>0</total>
				<timestamp>710.979241</timestamp>
			</report>
			<report>
				<misses>112600001</misses>
				<total>0</total>
				<timestamp>711.602412</timestamp>
			</report>
			<report>
				<misses>112700001</misses>
				<total>0</total>
				<timestamp>712.237213</timestamp>
			</report>
			<report>
				<misses>112800001</misses>
				<total>0</total>
				<timestamp>712.922388</timestamp>
			</report>
			<report>
				<misses>112900001</misses>
				<total>0</total>
				<timestamp>713.618409</timestamp>
			</report>
			<report>
				<misses>113000001</misses>
				<total>0</total>
				<timestamp>714.278034</timestamp>
			</report>
			<report>
				<misses>113100001</misses>
				<total>0</total>
				<timestamp>714.937979</timestamp>
			</report>
			<report>
				<misses>113200001</misses>
				<total>0</total>
				<timestamp>715.628641</timestamp>
			</report>
			<report>
				<misses>113300001</misses>
				<total>0</total>
				<timestamp>716.311018</timestamp>
			</report>
			<report>
				<misses>113400001</misses>
				<total>0</total>
				<timestamp>716.946234</timestamp>
			</report>
			<report>
				<misses>113500001</misses>
				<total>0</total>
				<timestamp>717.576993</timestamp>
			</report>
			<report>
				<misses>113600001</misses>
				<total>0</total>
				<timestamp>718.206107</timestamp>
			</report>
			<report>
				<misses>113700001</misses>
				<total>0</total>
				<timestamp>718.842098</timestamp>
			</report>
			<report>
				<misses>113800001</misses>
				<total>0</total>
				<timestamp>719.503334</timestamp>
			</report>
			<report>
				<misses>113900001</misses>
				<total>0</total>
				<timestamp>720.193394</timestamp>
			</report>
			<report>
				<misses>114000001</misses>
				<total>0</total>
				<timestamp>720.907136</timestamp>
			</report>
			<report>
				<misses>114100001</misses>
				<total>0</total>
				<timestamp>721.619564</timestamp>
			</report>
			<report>
				<misses>114200001</misses>
				<total>0</total>
				<timestamp>722.261192</timestamp>
			</report>
			<report>
				<misses>114300001</misses>
				<total>0</total>
				<timestamp>722.901078</timestamp>
			</report>
			<report>
				<misses>114400001</misses>
				<total>0</total>
				<timestamp>723.542141</timestamp>
			</report>
			<report>
				<misses>114500001</misses>
				<total>0</total>
				<timestamp>724.193978</timestamp>
			</report>
			<report>
				<misses>114600001</misses>
				<total>0</total>
				<timestamp>724.842435</timestamp>
			</report>
			<report>
				<misses>114700001</misses>
				<total>0</total>
				<timestamp>725.481409</timestamp>
			</report>
			<report>
				<misses>114800001</misses>
				<total>0</total>
				<timestamp>726.120627</timestamp>
			</report>
			<report>
				<misses>114900001</misses>
				<total>0</total>
				<timestamp>726.759044</timestamp>
			</report>
			<report>
				<misses>115000001</misses>
				<total>0</total>
				<timestamp>727.389467</timestamp>
			</report>
			<report>
				<misses>115100001</misses>
				<total>0</total>
				<timestamp>728.026876</timestamp>
			</report>
			<report>
				<misses>115200001</misses>
				<total>0</total>
				<timestamp>728.673385</timestamp>
			</report>
			<report>
				<misses>115300001</misses>
				<total>0</total>
				<timestamp>729.301659</timestamp>
			</report>
			<report>
				<misses>115400001</misses>
				<total>0</total>
				<timestamp>729.940589</timestamp>
			</report>
			<report>
				<misses>115500001</misses>
				<total>0</total>
				<timestamp>730.576776</timestamp>
			</report>
			<report>
				<misses>115600001</misses>
				<total>0</total>
				<timestamp>731.206274</timestamp>
			</report>
			<report>
				<misses>115700001</misses>
				<total>0</total>
				<timestamp>731.845878</timestamp>
			</report>
			<report>
				<misses>115800001</misses>
				<total>0</total>
				<timestamp>732.487726</timestamp>
			</report>
			<report>
				<misses>115900001</misses>
				<total>0</total>
				<timestamp>733.123001</timestamp>
			</report>
			<report>
				<misses>116000001</misses>
				<total>0</total>
				<timestamp>733.765112</timestamp>
			</report>
			<report>
				<misses>116100001</misses>
				<total>0</total>
				<timestamp>734.394392</timestamp>
			</report>
			<report>
				<misses>116200001</misses>
				<total>0</total>
				<timestamp>735.021569</timestamp>
			</report>
			<report>
				<misses>116300001</misses>
				<total>0</total>
				<timestamp>735.648777</timestamp>
			</report>
			<report>
				<misses>116400001</misses>
				<total>0</total>
				<timestamp>736.278791</timestamp>
			</report>
			<report>
				<misses>116500001</misses>
				<total>0</total>
				<timestamp>736.924933</timestamp>
			</report>
			<report>
				<misses>116600001</misses>
				<total>0</total>
				<timestamp>737.571398</timestamp>
			</report>
			<report>
				<misses>116700001</misses>
				<total>0</total>
				<timestamp>738.218613</timestamp>
			</report>
			<report>
				<misses>116800001</misses>
				<total>0</total>
				<timestamp>738.864423</timestamp>
			</report>
			<report>
				<misses>116900001</misses>
				<total>0</total>
				<timestamp>739.510597</timestamp>
			</report>
			<report>
				<misses>117000001</misses>
				<total>0</total>
				<timestamp>740.156230</timestamp>
			</report>
			<report>
				<misses>117100001</misses>
				<total>0</total>
				<timestamp>740.801059</timestamp>
			</report>
			<report>
				<misses>117200001</misses>
				<total>0</total>
				<timestamp>741.446380</timestamp>
			</report>
			<report>
				<misses>117300001</misses>
				<total>0</total>
				<timestamp>742.084284</timestamp>
			</report>
			<report>
				<misses>117400001</misses>
				<total>0</total>
				<timestamp>742.721146</timestamp>
			</report>
			<report>
				<misses>117500001</misses>
				<total>0</total>
				<timestamp>743.356816</timestamp>
			</report>
			<report>
				<misses>117600001</misses>
				<total>0</total>
				<timestamp>743.993717</timestamp>
			</report>
			<report>
				<misses>117700001</misses>
				<total>0</total>
				<timestamp>744.628121</timestamp>
			</report>
			<report>
				<misses>117800001</misses>
				<total>0</total>
				<timestamp>745.262291</timestamp>
			</report>
			<report>
				<misses>117900001</misses>
				<total>0</total>
				<timestamp>745.896034</timestamp>
			</report>
			<report>
				<misses>118000001</misses>
				<total>0</total>
				<timestamp>746.529497</timestamp>
			</report>
			<report>
				<misses>118100001</misses>
				<total>0</total>
				<timestamp>747.163339</timestamp>
			</report>
			<report>
				<misses>118200001</misses>
				<total>0</total>
				<timestamp>747.797008</timestamp>
			</report>
			<report>
				<misses>118300001</misses>
				<total>0</total>
				<timestamp>748.430727</timestamp>
			</report>
			<report>
				<misses>118400001</misses>
				<total>0</total>
				<timestamp>749.064277</timestamp>
			</report>
			<report>
				<misses>118500001</misses>
				<total>0</total>
				<timestamp>749.697337</timestamp>
			</report>
			<report>
				<misses>118600001</misses>
				<total>0</total>
				<timestamp>750.330205</timestamp>
			</report>
			<report>
				<misses>118700001</misses>
				<total>0</total>
				<timestamp>750.965833</timestamp>
			</report>
			<report>
				<misses>118800001</misses>
				<total>0</total>
				<timestamp>751.603164</timestamp>
			</report>
			<report>
				<misses>118900001</misses>
				<total>0</total>
				<timestamp>752.237314</timestamp>
			</report>
			<report>
				<misses>119000001</misses>
				<total>0</total>
				<timestamp>752.872764</timestamp>
			</report>
			<report>
				<misses>119100001</misses>
				<total>0</total>
				<timestamp>753.522176</timestamp>
			</report>
			<report>
				<misses>119200001</misses>
				<total>0</total>
				<timestamp>754.158637</timestamp>
			</report>
			<report>
				<misses>119300001</misses>
				<total>0</total>
				<timestamp>754.794855</timestamp>
			</report>
			<report>
				<misses>119400001</misses>
				<total>0</total>
				<timestamp>755.432281</timestamp>
			</report>
			<report>
				<misses>119500001</misses>
				<total>0</total>
				<timestamp>756.068897</timestamp>
			</report>
			<report>
				<misses>119600001</misses>
				<total>0</total>
				<timestamp>756.713722</timestamp>
			</report>
			<report>
				<misses>119700001</misses>
				<total>0</total>
				<timestamp>757.352879</timestamp>
			</report>
			<report>
				<misses>119800001</misses>
				<total>0</total>
				<timestamp>757.999114</timestamp>
			</report>
			<report>
				<misses>119900001</misses>
				<total>0</total>
				<timestamp>758.683132</timestamp>
			</report>
			<report>
				<misses>120000001</misses>
				<total>0</total>
				<timestamp>759.329386</timestamp>
			</report>
			<report>
				<misses>120100001</misses>
				<total>0</total>
				<timestamp>759.969819</timestamp>
			</report>
			<report>
				<misses>120200001</misses>
				<total>0</total>
				<timestamp>760.598056</timestamp>
			</report>
			<report>
				<misses>120300001</misses>
				<total>0</total>
				<timestamp>761.229040</timestamp>
			</report>
			<report>
				<misses>120400001</misses>
				<total>0</total>
				<timestamp>761.856477</timestamp>
			</report>
			<report>
				<misses>120500001</misses>
				<total>0</total>
				<timestamp>762.497857</timestamp>
			</report>
			<report>
				<misses>120600001</misses>
				<total>0</total>
				<timestamp>763.164067</timestamp>
			</report>
			<report>
				<misses>120700001</misses>
				<total>0</total>
				<timestamp>763.869814</timestamp>
			</report>
			<report>
				<misses>120800001</misses>
				<total>0</total>
				<timestamp>764.592265</timestamp>
			</report>
			<report>
				<misses>120900001</misses>
				<total>0</total>
				<timestamp>765.255118</timestamp>
			</report>
			<report>
				<misses>121000001</misses>
				<total>0</total>
				<timestamp>765.890989</timestamp>
			</report>
			<report>
				<misses>121100001</misses>
				<total>0</total>
				<timestamp>766.527795</timestamp>
			</report>
			<report>
				<misses>121200001</misses>
				<total>0</total>
				<timestamp>767.175652</timestamp>
			</report>
			<report>
				<misses>121300001</misses>
				<total>0</total>
				<timestamp>767.815453</timestamp>
			</report>
			<report>
				<misses>121400001</misses>
				<total>0</total>
				<timestamp>768.453448</timestamp>
			</report>
			<report>
				<misses>121500001</misses>
				<total>0</total>
				<timestamp>769.093746</timestamp>
			</report>
			<report>
				<misses>121600001</misses>
				<total>0</total>
				<timestamp>769.737161</timestamp>
			</report>
			<report>
				<misses>121700001</misses>
				<total>0</total>
				<timestamp>770.403546</timestamp>
			</report>
			<report>
				<misses>121800001</misses>
				<total>0</total>
				<timestamp>771.039302</timestamp>
			</report>
			<report>
				<misses>121900001</misses>
				<total>0</total>
				<timestamp>771.695613</timestamp>
			</report>
			<report>
				<misses>122000001</misses>
				<total>0</total>
				<timestamp>772.363588</timestamp>
			</report>
			<report>
				<misses>122100001</misses>
				<total>0</total>
				<timestamp>773.025491</timestamp>
			</report>
			<report>
				<misses>122200001</misses>
				<total>0</total>
				<timestamp>773.684732</timestamp>
			</report>
			<report>
				<misses>122300001</misses>
				<total>0</total>
				<timestamp>774.329540</timestamp>
			</report>
			<report>
				<misses>122400001</misses>
				<total>0</total>
				<timestamp>774.964972</timestamp>
			</report>
			<report>
				<misses>122500001</misses>
				<total>0</total>
				<timestamp>775.594363</timestamp>
			</report>
			<report>
				<misses>122600001</misses>
				<total>0</total>
				<timestamp>776.224129</timestamp>
			</report>
			<report>
				<misses>122700001</misses>
				<total>0</total>
				<timestamp>776.853012</timestamp>
			</report>
			<report>
				<misses>122800001</misses>
				<total>0</total>
				<timestamp>777.481482</timestamp>
			</report>
			<report>
				<misses>122900001</misses>
				<total>0</total>
				<timestamp>778.109046</timestamp>
			</report>
			<report>
				<misses>123000001</misses>
				<total>0</total>
				<timestamp>778.736435</timestamp>
			</report>
			<report>
				<misses>123100001</misses>
				<total>0</total>
				<timestamp>779.363682</timestamp>
			</report>
			<report>
				<misses>123200001</misses>
				<total>0</total>
				<timestamp>779.992069</timestamp>
			</report>
			<report>
				<misses>123300001</misses>
				<total>0</total>
				<timestamp>780.620843</timestamp>
			</report>
			<report>
				<misses>123400001</misses>
				<total>0</total>
				<timestamp>781.248283</timestamp>
			</report>
			<report>
				<misses>123500001</misses>
				<total>0</total>
				<timestamp>781.876461</timestamp>
			</report>
			<report>
				<misses>123600001</misses>
				<total>0</total>
				<timestamp>782.504221</timestamp>
			</report>
			<report>
				<misses>123700001</misses>
				<total>0</total>
				<timestamp>783.132610</timestamp>
			</report>
			<report>
				<misses>123800001</misses>
				<total>0</total>
				<timestamp>783.759517</timestamp>
			</report>
			<report>
				<misses>123900001</misses>
				<total>0</total>
				<timestamp>784.387240</timestamp>
			</report>
			<report>
				<misses>124000001</misses>
				<total>0</total>
				<timestamp>785.014980</timestamp>
			</report>
			<report>
				<misses>124100001</misses>
				<total>0</total>
				<timestamp>785.645148</timestamp>
			</report>
			<report>
				<misses>124200001</misses>
				<total>0</total>
				<timestamp>786.274493</timestamp>
			</report>
			<report>
				<misses>124300001</misses>
				<total>0</total>
				<timestamp>786.903971</timestamp>
			</report>
			<report>
				<misses>124400001</misses>
				<total>0</total>
				<timestamp>787.532578</timestamp>
			</report>
			<report>
				<misses>124500001</misses>
				<total>0</total>
				<timestamp>788.161850</timestamp>
			</report>
			<report>
				<misses>124600001</misses>
				<total>0</total>
				<timestamp>788.790870</timestamp>
			</report>
			<report>
				<misses>124700001</misses>
				<total>0</total>
				<timestamp>789.419873</timestamp>
			</report>
			<report>
				<misses>124800001</misses>
				<total>0</total>
				<timestamp>790.048143</timestamp>
			</report>
			<report>
				<misses>124900001</misses>
				<total>0</total>
				<timestamp>790.676844</timestamp>
			</report>
			<report>
				<misses>125000001</misses>
				<total>0</total>
				<timestamp>791.306239</timestamp>
			</report>
			<report>
				<misses>125100001</misses>
				<total>0</total>
				<timestamp>791.935078</timestamp>
			</report>
			<report>
				<misses>125200001</misses>
				<total>0</total>
				<timestamp>792.563617</timestamp>
			</report>
			<report>
				<misses>125300001</misses>
				<total>0</total>
				<timestamp>793.193000</timestamp>
			</report>
			<report>
				<misses>125400001</misses>
				<total>0</total>
				<timestamp>793.822356</timestamp>
			</report>
			<report>
				<misses>125500001</misses>
				<total>0</total>
				<timestamp>794.451110</timestamp>
			</report>
			<report>
				<misses>125600001</misses>
				<total>0</total>
				<timestamp>795.081401</timestamp>
			</report>
			<report>
				<misses>125700001</misses>
				<total>0</total>
				<timestamp>795.713359</timestamp>
			</report>
			<report>
				<misses>125800001</misses>
				<total>0</total>
				<timestamp>796.344742</timestamp>
			</report>
			<report>
				<misses>125900001</misses>
				<total>0</total>
				<timestamp>796.981214</timestamp>
			</report>
			<report>
				<misses>126000001</misses>
				<total>0</total>
				<timestamp>797.612854</timestamp>
			</report>
			<report>
				<misses>126100001</misses>
				<total>0</total>
				<timestamp>798.243769</timestamp>
			</report>
			<report>
				<misses>126200001</misses>
				<total>0</total>
				<timestamp>798.875707</timestamp>
			</report>
			<report>
				<misses>126300001</misses>
				<total>0</total>
				<timestamp>799.507021</timestamp>
			</report>
			<report>
				<misses>126400001</misses>
				<total>0</total>
				<timestamp>800.137262</timestamp>
			</report>
			<report>
				<misses>126500001</misses>
				<total>0</total>
				<timestamp>800.772365</timestamp>
			</report>
			<report>
				<misses>126600001</misses>
				<total>0</total>
				<timestamp>801.401458</timestamp>
			</report>
			<report>
				<misses>126700001</misses>
				<total>0</total>
				<timestamp>802.031722</timestamp>
			</report>
			<report>
				<misses>126800001</misses>
				<total>0</total>
				<timestamp>802.662437</timestamp>
			</report>
			<report>
				<misses>126900001</misses>
				<total>0</total>
				<timestamp>803.292461</timestamp>
			</report>
			<report>
				<misses>127000001</misses>
				<total>0</total>
				<timestamp>803.921735</timestamp>
			</report>
			<report>
				<misses>127100001</misses>
				<total>0</total>
				<timestamp>804.551378</timestamp>
			</report>
			<report>
				<misses>127200001</misses>
				<total>0</total>
				<timestamp>805.180810</timestamp>
			</report>
			<report>
				<misses>127300001</misses>
				<total>0</total>
				<timestamp>805.814387</timestamp>
			</report>
			<report>
				<misses>127400001</misses>
				<total>0</total>
				<timestamp>806.444064</timestamp>
			</report>
			<report>
				<misses>127500001</misses>
				<total>0</total>
				<timestamp>807.073604</timestamp>
			</report>
			<report>
				<misses>127600001</misses>
				<total>0</total>
				<timestamp>807.702643</timestamp>
			</report>
			<report>
				<misses>127700001</misses>
				<total>0</total>
				<timestamp>808.332108</timestamp>
			</report>
			<report>
				<misses>127800001</misses>
				<total>0</total>
				<timestamp>808.961522</timestamp>
			</report>
			<report>
				<misses>127900001</misses>
				<total>0</total>
				<timestamp>809.590525</timestamp>
			</report>
			<report>
				<misses>128000001</misses>
				<total>0</total>
				<timestamp>810.219245</timestamp>
			</report>
			<report>
				<misses>128100001</misses>
				<total>0</total>
				<timestamp>810.848003</timestamp>
			</report>
			<report>
				<misses>128200001</misses>
				<total>0</total>
				<timestamp>811.477217</timestamp>
			</report>
			<report>
				<misses>128300001</misses>
				<total>0</total>
				<timestamp>812.105703</timestamp>
			</report>
			<report>
				<misses>128400001</misses>
				<total>0</total>
				<timestamp>812.734424</timestamp>
			</report>
			<report>
				<misses>128500001</misses>
				<total>0</total>
				<timestamp>813.363044</timestamp>
			</report>
			<report>
				<misses>128600001</misses>
				<total>0</total>
				<timestamp>813.991731</timestamp>
			</report>
			<report>
				<misses>128700001</misses>
				<total>0</total>
				<timestamp>814.620569</timestamp>
			</report>
			<report>
				<misses>128800001</misses>
				<total>0</total>
				<timestamp>815.249723</timestamp>
			</report>
			<report>
				<misses>128900001</misses>
				<total>0</total>
				<timestamp>815.878713</timestamp>
			</report>
			<report>
				<misses>129000001</misses>
				<total>0</total>
				<timestamp>816.507679</timestamp>
			</report>
			<report>
				<misses>129100001</misses>
				<total>0</total>
				<timestamp>817.137871</timestamp>
			</report>
			<report>
				<misses>129200001</misses>
				<total>0</total>
				<timestamp>817.768461</timestamp>
			</report>
			<report>
				<misses>129300001</misses>
				<total>0</total>
				<timestamp>818.398729</timestamp>
			</report>
			<report>
				<misses>129400001</misses>
				<total>0</total>
				<timestamp>819.028622</timestamp>
			</report>
			<report>
				<misses>129500001</misses>
				<total>0</total>
				<timestamp>819.658488</timestamp>
			</report>
			<report>
				<misses>129600001</misses>
				<total>0</total>
				<timestamp>820.288691</timestamp>
			</report>
			<report>
				<misses>129700001</misses>
				<total>0</total>
				<timestamp>820.918998</timestamp>
			</report>
			<report>
				<misses>129800001</misses>
				<total>0</total>
				<timestamp>821.549089</timestamp>
			</report>
			<report>
				<misses>129900001</misses>
				<total>0</total>
				<timestamp>822.178766</timestamp>
			</report>
			<report>
				<misses>130000001</misses>
				<total>0</total>
				<timestamp>822.808410</timestamp>
			</report>
			<report>
				<misses>130100001</misses>
				<total>0</total>
				<timestamp>823.449274</timestamp>
			</report>
			<report>
				<misses>130200001</misses>
				<total>0</total>
				<timestamp>824.104417</timestamp>
			</report>
			<report>
				<misses>130300001</misses>
				<total>0</total>
				<timestamp>824.750379</timestamp>
			</report>
			<report>
				<misses>130400001</misses>
				<total>0</total>
				<timestamp>825.391267</timestamp>
			</report>
			<report>
				<misses>130500001</misses>
				<total>0</total>
				<timestamp>826.028777</timestamp>
			</report>
			<report>
				<misses>130600001</misses>
				<total>0</total>
				<timestamp>826.664248</timestamp>
			</report>
			<report>
				<misses>130700001</misses>
				<total>0</total>
				<timestamp>827.324470</timestamp>
			</report>
			<report>
				<misses>130800001</misses>
				<total>0</total>
				<timestamp>827.972639</timestamp>
			</report>
			<report>
				<misses>130900001</misses>
				<total>0</total>
				<timestamp>828.613707</timestamp>
			</report>
			<report>
				<misses>131000001</misses>
				<total>0</total>
				<timestamp>829.266147</timestamp>
			</report>
			<report>
				<misses>131100001</misses>
				<total>0</total>
				<timestamp>829.904704</timestamp>
			</report>
			<report>
				<misses>131200001</misses>
				<total>0</total>
				<timestamp>830.533006</timestamp>
			</report>
			<report>
				<misses>131300001</misses>
				<total>0</total>
				<timestamp>831.176258</timestamp>
			</report>
			<report>
				<misses>131400001</misses>
				<total>0</total>
				<timestamp>831.801450</timestamp>
			</report>
			<report>
				<misses>131500001</misses>
				<total>0</total>
				<timestamp>832.426855</timestamp>
			</report>
			<report>
				<misses>131600001</misses>
				<total>0</total>
				<timestamp>833.059269</timestamp>
			</report>
			<report>
				<misses>131700001</misses>
				<total>0</total>
				<timestamp>833.685587</timestamp>
			</report>
			<report>
				<misses>131800001</misses>
				<total>0</total>
				<timestamp>834.311952</timestamp>
			</report>
			<report>
				<misses>131900001</misses>
				<total>0</total>
				<timestamp>834.938912</timestamp>
			</report>
			<report>
				<misses>132000001</misses>
				<total>0</total>
				<timestamp>835.565710</timestamp>
			</report>
			<report>
				<misses>132100001</misses>
				<total>0</total>
				<timestamp>836.192727</timestamp>
			</report>
			<report>
				<misses>132200001</misses>
				<total>0</total>
				<timestamp>836.819789</timestamp>
			</report>
			<report>
				<misses>132300001</misses>
				<total>0</total>
				<timestamp>837.446700</timestamp>
			</report>
			<report>
				<misses>132400001</misses>
				<total>0</total>
				<timestamp>838.072921</timestamp>
			</report>
			<report>
				<misses>132500001</misses>
				<total>0</total>
				<timestamp>838.699716</timestamp>
			</report>
			<report>
				<misses>132600001</misses>
				<total>0</total>
				<timestamp>839.326353</timestamp>
			</report>
			<report>
				<misses>132700001</misses>
				<total>0</total>
				<timestamp>839.952270</timestamp>
			</report>
			<report>
				<misses>132800001</misses>
				<total>0</total>
				<timestamp>840.578780</timestamp>
			</report>
			<report>
				<misses>132900001</misses>
				<total>0</total>
				<timestamp>841.204684</timestamp>
			</report>
			<report>
				<misses>133000001</misses>
				<total>0</total>
				<timestamp>841.831685</timestamp>
			</report>
			<report>
				<misses>133100001</misses>
				<total>0</total>
				<timestamp>842.458244</timestamp>
			</report>
			<report>
				<misses>133200001</misses>
				<total>0</total>
				<timestamp>843.084735</timestamp>
			</report>
			<report>
				<misses>133300001</misses>
				<total>0</total>
				<timestamp>843.711856</timestamp>
			</report>
			<report>
				<misses>133400001</misses>
				<total>0</total>
				<timestamp>844.338311</timestamp>
			</report>
			<report>
				<misses>133500001</misses>
				<total>0</total>
				<timestamp>844.965634</timestamp>
			</report>
			<report>
				<misses>133600001</misses>
				<total>0</total>
				<timestamp>845.592707</timestamp>
			</report>
			<report>
				<misses>133700001</misses>
				<total>0</total>
				<timestamp>846.218925</timestamp>
			</report>
			<report>
				<misses>133800001</misses>
				<total>0</total>
				<timestamp>846.845702</timestamp>
			</report>
			<report>
				<misses>133900001</misses>
				<total>0</total>
				<timestamp>847.471648</timestamp>
			</report>
			<report>
				<misses>134000001</misses>
				<total>0</total>
				<timestamp>848.096914</timestamp>
			</report>
			<report>
				<misses>134100001</misses>
				<total>0</total>
				<timestamp>848.724600</timestamp>
			</report>
			<report>
				<misses>134200001</misses>
				<total>0</total>
				<timestamp>849.352456</timestamp>
			</report>
			<report>
				<misses>134300001</misses>
				<total>0</total>
				<timestamp>849.978755</timestamp>
			</report>
			<report>
				<misses>134400001</misses>
				<total>0</total>
				<timestamp>850.605665</timestamp>
			</report>
			<report>
				<misses>134500001</misses>
				<total>0</total>
				<timestamp>851.232962</timestamp>
			</report>
			<report>
				<misses>134600001</misses>
				<total>0</total>
				<timestamp>851.859683</timestamp>
			</report>
			<report>
				<misses>134700001</misses>
				<total>0</total>
				<timestamp>852.485989</timestamp>
			</report>
			<report>
				<misses>134800001</misses>
				<total>0</total>
				<timestamp>853.112391</timestamp>
			</report>
			<report>
				<misses>134900001</misses>
				<total>0</total>
				<timestamp>853.738885</timestamp>
			</report>
			<report>
				<misses>135000001</misses>
				<total>0</total>
				<timestamp>854.366219</timestamp>
			</report>
			<report>
				<misses>135100001</misses>
				<total>0</total>
				<timestamp>854.993933</timestamp>
			</report>
			<report>
				<misses>135200001</misses>
				<total>0</total>
				<timestamp>855.620895</timestamp>
			</report>
			<report>
				<misses>135300001</misses>
				<total>0</total>
				<timestamp>856.246208</timestamp>
			</report>
			<report>
				<misses>135400001</misses>
				<total>0</total>
				<timestamp>856.872856</timestamp>
			</report>
			<report>
				<misses>135500001</misses>
				<total>0</total>
				<timestamp>857.499990</timestamp>
			</report>
			<report>
				<misses>135600001</misses>
				<total>0</total>
				<timestamp>858.126343</timestamp>
			</report>
			<report>
				<misses>135700001</misses>
				<total>0</total>
				<timestamp>858.753461</timestamp>
			</report>
			<report>
				<misses>135800001</misses>
				<total>0</total>
				<timestamp>859.381138</timestamp>
			</report>
			<report>
				<misses>135900001</misses>
				<total>0</total>
				<timestamp>860.010166</timestamp>
			</report>
			<report>
				<misses>136000001</misses>
				<total>0</total>
				<timestamp>860.638770</timestamp>
			</report>
			<report>
				<misses>136100001</misses>
				<total>0</total>
				<timestamp>861.266106</timestamp>
			</report>
			<report>
				<misses>136200001</misses>
				<total>0</total>
				<timestamp>861.892559</timestamp>
			</report>
			<report>
				<misses>136300001</misses>
				<total>0</total>
				<timestamp>862.519585</timestamp>
			</report>
			<report>
				<misses>136400001</misses>
				<total>0</total>
				<timestamp>863.146381</timestamp>
			</report>
			<report>
				<misses>136500001</misses>
				<total>0</total>
				<timestamp>863.772670</timestamp>
			</report>
			<report>
				<misses>136600001</misses>
				<total>0</total>
				<timestamp>864.398308</timestamp>
			</report>
			<report>
				<misses>136700001</misses>
				<total>0</total>
				<timestamp>865.024714</timestamp>
			</report>
			<report>
				<misses>136800001</misses>
				<total>0</total>
				<timestamp>865.652153</timestamp>
			</report>
			<report>
				<misses>136900001</misses>
				<total>0</total>
				<timestamp>866.279317</timestamp>
			</report>
			<report>
				<misses>137000001</misses>
				<total>0</total>
				<timestamp>866.905927</timestamp>
			</report>
			<report>
				<misses>137100001</misses>
				<total>0</total>
				<timestamp>867.531652</timestamp>
			</report>
			<report>
				<misses>137200001</misses>
				<total>0</total>
				<timestamp>868.157060</timestamp>
			</report>
			<report>
				<misses>137300001</misses>
				<total>0</total>
				<timestamp>868.783261</timestamp>
			</report>
			<report>
				<misses>137400001</misses>
				<total>0</total>
				<timestamp>869.409082</timestamp>
			</report>
			<report>
				<misses>137500001</misses>
				<total>0</total>
				<timestamp>870.035567</timestamp>
			</report>
			<report>
				<misses>137600001</misses>
				<total>0</total>
				<timestamp>870.663496</timestamp>
			</report>
			<report>
				<misses>137700001</misses>
				<total>0</total>
				<timestamp>871.290790</timestamp>
			</report>
			<report>
				<misses>137800001</misses>
				<total>0</total>
				<timestamp>871.916543</timestamp>
			</report>
			<report>
				<misses>137900001</misses>
				<total>0</total>
				<timestamp>872.542630</timestamp>
			</report>
			<report>
				<misses>138000001</misses>
				<total>0</total>
				<timestamp>873.169443</timestamp>
			</report>
			<report>
				<misses>138100001</misses>
				<total>0</total>
				<timestamp>873.795057</timestamp>
			</report>
			<report>
				<misses>138200001</misses>
				<total>0</total>
				<timestamp>874.420525</timestamp>
			</report>
			<report>
				<misses>138300001</misses>
				<total>0</total>
				<timestamp>875.047195</timestamp>
			</report>
			<report>
				<misses>138400001</misses>
				<total>0</total>
				<timestamp>875.674513</timestamp>
			</report>
			<report>
				<misses>138500001</misses>
				<total>0</total>
				<timestamp>876.301540</timestamp>
			</report>
			<report>
				<misses>138600001</misses>
				<total>0</total>
				<timestamp>876.929069</timestamp>
			</report>
			<report>
				<misses>138700001</misses>
				<total>0</total>
				<timestamp>877.555298</timestamp>
			</report>
			<report>
				<misses>138800001</misses>
				<total>0</total>
				<timestamp>878.182188</timestamp>
			</report>
			<report>
				<misses>138900001</misses>
				<total>0</total>
				<timestamp>878.808732</timestamp>
			</report>
			<report>
				<misses>139000001</misses>
				<total>0</total>
				<timestamp>879.435487</timestamp>
			</report>
			<report>
				<misses>139100001</misses>
				<total>0</total>
				<timestamp>880.061914</timestamp>
			</report>
			<report>
				<misses>139200001</misses>
				<total>0</total>
				<timestamp>880.688175</timestamp>
			</report>
			<report>
				<misses>139300001</misses>
				<total>0</total>
				<timestamp>881.314552</timestamp>
			</report>
			<report>
				<misses>139400001</misses>
				<total>0</total>
				<timestamp>881.942501</timestamp>
			</report>
			<report>
				<misses>139500001</misses>
				<total>0</total>
				<timestamp>882.569066</timestamp>
			</report>
			<report>
				<misses>139600001</misses>
				<total>0</total>
				<timestamp>883.195846</timestamp>
			</report>
			<report>
				<misses>139700001</misses>
				<total>0</total>
				<timestamp>883.821098</timestamp>
			</report>
			<report>
				<misses>139800001</misses>
				<total>0</total>
				<timestamp>884.446740</timestamp>
			</report>
			<report>
				<misses>139900001</misses>
				<total>0</total>
				<timestamp>885.072871</timestamp>
			</report>
			<report>
				<misses>140000001</misses>
				<total>0</total>
				<timestamp>885.699483</timestamp>
			</report>
			<report>
				<misses>140100001</misses>
				<total>0</total>
				<timestamp>886.325905</timestamp>
			</report>
			<report>
				<misses>140200001</misses>
				<total>0</total>
				<timestamp>886.951910</timestamp>
			</report>
			<report>
				<misses>140300001</misses>
				<total>0</total>
				<timestamp>887.579910</timestamp>
			</report>
			<report>
				<misses>140400001</misses>
				<total>0</total>
				<timestamp>888.205907</timestamp>
			</report>
			<report>
				<misses>140500001</misses>
				<total>0</total>
				<timestamp>888.833022</timestamp>
			</report>
			<report>
				<misses>140600001</misses>
				<total>0</total>
				<timestamp>889.459099</timestamp>
			</report>
			<report>
				<misses>140700001</misses>
				<total>0</total>
				<timestamp>890.085536</timestamp>
			</report>
			<report>
				<misses>140800001</misses>
				<total>0</total>
				<timestamp>890.712676</timestamp>
			</report>
			<report>
				<misses>140900001</misses>
				<total>0</total>
				<timestamp>891.338887</timestamp>
			</report>
			<report>
				<misses>141000001</misses>
				<total>0</total>
				<timestamp>891.965265</timestamp>
			</report>
			<report>
				<misses>141100001</misses>
				<total>0</total>
				<timestamp>892.591075</timestamp>
			</report>
			<report>
				<misses>141200001</misses>
				<total>0</total>
				<timestamp>893.217605</timestamp>
			</report>
			<report>
				<misses>141300001</misses>
				<total>0</total>
				<timestamp>893.843866</timestamp>
			</report>
			<report>
				<misses>141400001</misses>
				<total>0</total>
				<timestamp>894.470866</timestamp>
			</report>
			<report>
				<misses>141500001</misses>
				<total>0</total>
				<timestamp>895.097973</timestamp>
			</report>
			<report>
				<misses>141600001</misses>
				<total>0</total>
				<timestamp>895.724071</timestamp>
			</report>
			<report>
				<misses>141700001</misses>
				<total>0</total>
				<timestamp>896.351804</timestamp>
			</report>
			<report>
				<misses>141800001</misses>
				<total>0</total>
				<timestamp>896.992730</timestamp>
			</report>
			<report>
				<misses>141900001</misses>
				<total>0</total>
				<timestamp>897.621131</timestamp>
			</report>
			<report>
				<misses>142000001</misses>
				<total>0</total>
				<timestamp>898.250631</timestamp>
			</report>
			<report>
				<misses>142100001</misses>
				<total>0</total>
				<timestamp>898.879452</timestamp>
			</report>
			<report>
				<misses>142200001</misses>
				<total>0</total>
				<timestamp>899.505915</timestamp>
			</report>
			<report>
				<misses>142300001</misses>
				<total>0</total>
				<timestamp>900.133017</timestamp>
			</report>
			<report>
				<misses>142400001</misses>
				<total>0</total>
				<timestamp>900.762716</timestamp>
			</report>
			<report>
				<misses>142500001</misses>
				<total>0</total>
				<timestamp>901.391217</timestamp>
			</report>
			<report>
				<misses>142600001</misses>
				<total>0</total>
				<timestamp>902.019612</timestamp>
			</report>
			<report>
				<misses>142700001</misses>
				<total>0</total>
				<timestamp>902.646506</timestamp>
			</report>
			<report>
				<misses>142800001</misses>
				<total>0</total>
				<timestamp>903.287472</timestamp>
			</report>
			<report>
				<misses>142900001</misses>
				<total>0</total>
				<timestamp>903.915343</timestamp>
			</report>
			<report>
				<misses>143000001</misses>
				<total>0</total>
				<timestamp>904.543157</timestamp>
			</report>
			<report>
				<misses>143100001</misses>
				<total>0</total>
				<timestamp>905.168522</timestamp>
			</report>
			<report>
				<misses>143200001</misses>
				<total>0</total>
				<timestamp>905.795893</timestamp>
			</report>
			<report>
				<misses>143300001</misses>
				<total>0</total>
				<timestamp>906.421600</timestamp>
			</report>
			<report>
				<misses>143400001</misses>
				<total>0</total>
				<timestamp>907.052092</timestamp>
			</report>
			<report>
				<misses>143500001</misses>
				<total>0</total>
				<timestamp>907.678502</timestamp>
			</report>
			<report>
				<misses>143600001</misses>
				<total>0</total>
				<timestamp>908.304722</timestamp>
			</report>
			<report>
				<misses>143700001</misses>
				<total>0</total>
				<timestamp>908.931876</timestamp>
			</report>
			<report>
				<misses>143800001</misses>
				<total>0</total>
				<timestamp>909.559335</timestamp>
			</report>
			<report>
				<misses>143900001</misses>
				<total>0</total>
				<timestamp>910.184358</timestamp>
			</report>
			<report>
				<misses>144000001</misses>
				<total>0</total>
				<timestamp>910.809597</timestamp>
			</report>
			<report>
				<misses>144100001</misses>
				<total>0</total>
				<timestamp>911.436040</timestamp>
			</report>
			<report>
				<misses>144200001</misses>
				<total>0</total>
				<timestamp>912.062930</timestamp>
			</report>
			<report>
				<misses>144300001</misses>
				<total>0</total>
				<timestamp>912.687445</timestamp>
			</report>
			<report>
				<misses>144400001</misses>
				<total>0</total>
				<timestamp>913.314774</timestamp>
			</report>
			<report>
				<misses>144500001</misses>
				<total>0</total>
				<timestamp>913.949518</timestamp>
			</report>
			<report>
				<misses>144600001</misses>
				<total>0</total>
				<timestamp>914.577052</timestamp>
			</report>
			<report>
				<misses>144700001</misses>
				<total>0</total>
				<timestamp>915.203910</timestamp>
			</report>
			<report>
				<misses>144800001</misses>
				<total>0</total>
				<timestamp>915.831627</timestamp>
			</report>
			<report>
				<misses>144900001</misses>
				<total>0</total>
				<timestamp>916.458521</timestamp>
			</report>
			<report>
				<misses>145000001</misses>
				<total>0</total>
				<timestamp>917.086544</timestamp>
			</report>
			<report>
				<misses>145100001</misses>
				<total>0</total>
				<timestamp>917.711319</timestamp>
			</report>
			<report>
				<misses>145200001</misses>
				<total>0</total>
				<timestamp>918.337630</timestamp>
			</report>
			<report>
				<misses>145300001</misses>
				<total>0</total>
				<timestamp>918.968046</timestamp>
			</report>
			<report>
				<misses>145400001</misses>
				<total>0</total>
				<timestamp>919.593798</timestamp>
			</report>
			<report>
				<misses>145500001</misses>
				<total>0</total>
				<timestamp>920.221718</timestamp>
			</report>
			<report>
				<misses>145600001</misses>
				<total>0</total>
				<timestamp>920.848629</timestamp>
			</report>
			<report>
				<misses>145700001</misses>
				<total>0</total>
				<timestamp>921.473903</timestamp>
			</report>
			<report>
				<misses>145800001</misses>
				<total>0</total>
				<timestamp>922.098869</timestamp>
			</report>
			<report>
				<misses>145900001</misses>
				<total>0</total>
				<timestamp>922.725349</timestamp>
			</report>
			<report>
				<misses>146000001</misses>
				<total>0</total>
				<timestamp>923.351018</timestamp>
			</report>
			<report>
				<misses>146100001</misses>
				<total>0</total>
				<timestamp>923.975769</timestamp>
			</report>
			<report>
				<misses>146200001</misses>
				<total>0</total>
				<timestamp>924.602085</timestamp>
			</report>
			<report>
				<misses>146300001</misses>
				<total>0</total>
				<timestamp>925.226229</timestamp>
			</report>
			<report>
				<misses>146400001</misses>
				<total>0</total>
				<timestamp>925.853766</timestamp>
			</report>
			<report>
				<misses>146500001</misses>
				<total>0</total>
				<timestamp>926.480591</timestamp>
			</report>
			<report>
				<misses>146600001</misses>
				<total>0</total>
				<timestamp>927.111928</timestamp>
			</report>
			<report>
				<misses>146700001</misses>
				<total>0</total>
				<timestamp>927.738562</timestamp>
			</report>
			<report>
				<misses>146800001</misses>
				<total>0</total>
				<timestamp>928.364200</timestamp>
			</report>
			<report>
				<misses>146900001</misses>
				<total>0</total>
				<timestamp>928.989093</timestamp>
			</report>
			<report>
				<misses>147000001</misses>
				<total>0</total>
				<timestamp>929.614102</timestamp>
			</report>
			<report>
				<misses>147100001</misses>
				<total>0</total>
				<timestamp>930.240571</timestamp>
			</report>
			<report>
				<misses>147200001</misses>
				<total>0</total>
				<timestamp>930.867473</timestamp>
			</report>
			<report>
				<misses>147300001</misses>
				<total>0</total>
				<timestamp>931.493217</timestamp>
			</report>
			<report>
				<misses>147400001</misses>
				<total>0</total>
				<timestamp>932.117485</timestamp>
			</report>
			<report>
				<misses>147500001</misses>
				<total>0</total>
				<timestamp>932.747605</timestamp>
			</report>
			<report>
				<misses>147600001</misses>
				<total>0</total>
				<timestamp>933.374332</timestamp>
			</report>
			<report>
				<misses>147700001</misses>
				<total>0</total>
				<timestamp>933.998332</timestamp>
			</report>
			<report>
				<misses>147800001</misses>
				<total>0</total>
				<timestamp>934.619218</timestamp>
			</report>
			<report>
				<misses>147900001</misses>
				<total>0</total>
				<timestamp>935.243937</timestamp>
			</report>
			<report>
				<misses>148000001</misses>
				<total>0</total>
				<timestamp>935.876600</timestamp>
			</report>
			<report>
				<misses>148100001</misses>
				<total>0</total>
				<timestamp>936.501855</timestamp>
			</report>
			<report>
				<misses>148200001</misses>
				<total>0</total>
				<timestamp>937.126805</timestamp>
			</report>
			<report>
				<misses>148300001</misses>
				<total>0</total>
				<timestamp>937.748915</timestamp>
			</report>
			<report>
				<misses>148400001</misses>
				<total>0</total>
				<timestamp>938.372742</timestamp>
			</report>
			<report>
				<misses>148500001</misses>
				<total>0</total>
				<timestamp>939.000612</timestamp>
			</report>
			<report>
				<misses>148600001</misses>
				<total>0</total>
				<timestamp>939.623294</timestamp>
			</report>
			<report>
				<misses>148700001</misses>
				<total>0</total>
				<timestamp>940.244802</timestamp>
			</report>
			<report>
				<misses>148800001</misses>
				<total>0</total>
				<timestamp>940.867969</timestamp>
			</report>
			<report>
				<misses>148900001</misses>
				<total>0</total>
				<timestamp>941.488522</timestamp>
			</report>
			<report>
				<misses>149000001</misses>
				<total>0</total>
				<timestamp>942.110613</timestamp>
			</report>
			<report>
				<misses>149100001</misses>
				<total>0</total>
				<timestamp>942.736737</timestamp>
			</report>
			<report>
				<misses>149200001</misses>
				<total>0</total>
				<timestamp>943.363728</timestamp>
			</report>
			<report>
				<misses>149300001</misses>
				<total>0</total>
				<timestamp>943.989528</timestamp>
			</report>
			<report>
				<misses>149400001</misses>
				<total>0</total>
				<timestamp>944.614593</timestamp>
			</report>
			<report>
				<misses>149500001</misses>
				<total>0</total>
				<timestamp>945.240428</timestamp>
			</report>
			<report>
				<misses>149600001</misses>
				<total>0</total>
				<timestamp>945.861239</timestamp>
			</report>
			<report>
				<misses>149700001</misses>
				<total>0</total>
				<timestamp>946.481944</timestamp>
			</report>
			<report>
				<misses>149800001</misses>
				<total>0</total>
				<timestamp>947.107522</timestamp>
			</report>
			<report>
				<misses>149900001</misses>
				<total>0</total>
				<timestamp>947.732648</timestamp>
			</report>
			<report>
				<misses>150000001</misses>
				<total>0</total>
				<timestamp>948.358990</timestamp>
			</report>
			<report>
				<misses>150100001</misses>
				<total>0</total>
				<timestamp>948.984665</timestamp>
			</report>
			<report>
				<misses>150200001</misses>
				<total>0</total>
				<timestamp>949.609039</timestamp>
			</report>
			<report>
				<misses>150300001</misses>
				<total>0</total>
				<timestamp>950.233904</timestamp>
			</report>
			<report>
				<misses>150400001</misses>
				<total>0</total>
				<timestamp>950.859519</timestamp>
			</report>
			<report>
				<misses>150500001</misses>
				<total>0</total>
				<timestamp>951.485550</timestamp>
			</report>
			<report>
				<misses>150600001</misses>
				<total>0</total>
				<timestamp>952.108544</timestamp>
			</report>
			<report>
				<misses>150700001</misses>
				<total>0</total>
				<timestamp>952.730988</timestamp>
			</report>
			<report>
				<misses>150800001</misses>
				<total>0</total>
				<timestamp>953.352028</timestamp>
			</report>
			<report>
				<misses>150900001</misses>
				<total>0</total>
				<timestamp>953.973638</timestamp>
			</report>
			<report>
				<misses>151000001</misses>
				<total>0</total>
				<timestamp>954.593774</timestamp>
			</report>
			<report>
				<misses>151100001</misses>
				<total>0</total>
				<timestamp>955.215082</timestamp>
			</report>
			<report>
				<misses>151200001</misses>
				<total>0</total>
				<timestamp>955.835887</timestamp>
			</report>
			<report>
				<misses>151300001</misses>
				<total>0</total>
				<timestamp>956.456312</timestamp>
			</report>
			<report>
				<misses>151400001</misses>
				<total>0</total>
				<timestamp>957.078522</timestamp>
			</report>
			<report>
				<misses>151500001</misses>
				<total>0</total>
				<timestamp>957.703741</timestamp>
			</report>
			<report>
				<misses>151600001</misses>
				<total>0</total>
				<timestamp>958.328772</timestamp>
			</report>
			<report>
				<misses>151700001</misses>
				<total>0</total>
				<timestamp>958.955308</timestamp>
			</report>
			<report>
				<misses>151800001</misses>
				<total>0</total>
				<timestamp>959.576857</timestamp>
			</report>
			<report>
				<misses>151900001</misses>
				<total>0</total>
				<timestamp>960.197399</timestamp>
			</report>
			<report>
				<misses>152000001</misses>
				<total>0</total>
				<timestamp>960.819426</timestamp>
			</report>
			<report>
				<misses>152100001</misses>
				<total>0</total>
				<timestamp>961.441410</timestamp>
			</report>
			<report>
				<misses>152200001</misses>
				<total>0</total>
				<timestamp>962.062094</timestamp>
			</report>
			<report>
				<misses>152300001</misses>
				<total>0</total>
				<timestamp>962.682597</timestamp>
			</report>
			<report>
				<misses>152400001</misses>
				<total>0</total>
				<timestamp>963.304881</timestamp>
			</report>
			<report>
				<misses>152500001</misses>
				<total>0</total>
				<timestamp>963.937580</timestamp>
			</report>
			<report>
				<misses>152600001</misses>
				<total>0</total>
				<timestamp>964.557691</timestamp>
			</report>
			<report>
				<misses>152700001</misses>
				<total>0</total>
				<timestamp>965.180786</timestamp>
			</report>
			<report>
				<misses>152800001</misses>
				<total>0</total>
				<timestamp>965.810396</timestamp>
			</report>
			<report>
				<misses>152900001</misses>
				<total>0</total>
				<timestamp>966.440678</timestamp>
			</report>
			<report>
				<misses>153000001</misses>
				<total>0</total>
				<timestamp>967.065815</timestamp>
			</report>
			<report>
				<misses>153100001</misses>
				<total>0</total>
				<timestamp>967.691895</timestamp>
			</report>
			<report>
				<misses>153200001</misses>
				<total>0</total>
				<timestamp>968.332526</timestamp>
			</report>
			<report>
				<misses>153300001</misses>
				<total>0</total>
				<timestamp>968.966753</timestamp>
			</report>
			<report>
				<misses>153400001</misses>
				<total>0</total>
				<timestamp>969.591878</timestamp>
			</report>
			<report>
				<misses>153500001</misses>
				<total>0</total>
				<timestamp>970.218239</timestamp>
			</report>
			<report>
				<misses>153600001</misses>
				<total>0</total>
				<timestamp>970.843266</timestamp>
			</report>
			<report>
				<misses>153700001</misses>
				<total>0</total>
				<timestamp>971.467887</timestamp>
			</report>
			<report>
				<misses>153800001</misses>
				<total>0</total>
				<timestamp>972.092559</timestamp>
			</report>
			<report>
				<misses>153900001</misses>
				<total>0</total>
				<timestamp>972.712879</timestamp>
			</report>
			<report>
				<misses>154000001</misses>
				<total>0</total>
				<timestamp>973.332560</timestamp>
			</report>
			<report>
				<misses>154100001</misses>
				<total>0</total>
				<timestamp>973.951914</timestamp>
			</report>
			<report>
				<misses>154200001</misses>
				<total>0</total>
				<timestamp>974.574687</timestamp>
			</report>
			<report>
				<misses>154300001</misses>
				<total>0</total>
				<timestamp>975.206637</timestamp>
			</report>
			<report>
				<misses>154400001</misses>
				<total>0</total>
				<timestamp>975.832111</timestamp>
			</report>
			<report>
				<misses>154500001</misses>
				<total>0</total>
				<timestamp>976.454593</timestamp>
			</report>
			<report>
				<misses>154600001</misses>
				<total>0</total>
				<timestamp>977.077755</timestamp>
			</report>
			<report>
				<misses>154700001</misses>
				<total>0</total>
				<timestamp>977.699287</timestamp>
			</report>
			<report>
				<misses>154800001</misses>
				<total>0</total>
				<timestamp>978.323008</timestamp>
			</report>
			<report>
				<misses>154900001</misses>
				<total>0</total>
				<timestamp>978.957889</timestamp>
			</report>
			<report>
				<misses>155000001</misses>
				<total>0</total>
				<timestamp>979.580607</timestamp>
			</report>
			<report>
				<misses>155100001</misses>
				<total>0</total>
				<timestamp>980.208087</timestamp>
			</report>
			<report>
				<misses>155200001</misses>
				<total>0</total>
				<timestamp>980.831438</timestamp>
			</report>
			<report>
				<misses>155300001</misses>
				<total>0</total>
				<timestamp>981.452279</timestamp>
			</report>
			<report>
				<misses>155400001</misses>
				<total>0</total>
				<timestamp>982.073495</timestamp>
			</report>
			<report>
				<misses>155500001</misses>
				<total>0</total>
				<timestamp>982.695838</timestamp>
			</report>
			<report>
				<misses>155600001</misses>
				<total>0</total>
				<timestamp>983.325487</timestamp>
			</report>
			<report>
				<misses>155700001</misses>
				<total>0</total>
				<timestamp>983.946992</timestamp>
			</report>
			<report>
				<misses>155800001</misses>
				<total>0</total>
				<timestamp>984.568966</timestamp>
			</report>
			<report>
				<misses>155900001</misses>
				<total>0</total>
				<timestamp>985.190702</timestamp>
			</report>
			<report>
				<misses>156000001</misses>
				<total>0</total>
				<timestamp>985.821843</timestamp>
			</report>
			<report>
				<misses>156100001</misses>
				<total>0</total>
				<timestamp>986.442397</timestamp>
			</report>
			<report>
				<misses>156200001</misses>
				<total>0</total>
				<timestamp>987.066890</timestamp>
			</report>
			<report>
				<misses>156300001</misses>
				<total>0</total>
				<timestamp>987.691333</timestamp>
			</report>
			<report>
				<misses>156400001</misses>
				<total>0</total>
				<timestamp>988.319443</timestamp>
			</report>
			<report>
				<misses>156500001</misses>
				<total>0</total>
				<timestamp>988.943465</timestamp>
			</report>
			<report>
				<misses>156600001</misses>
				<total>0</total>
				<timestamp>989.565607</timestamp>
			</report>
			<report>
				<misses>156700001</misses>
				<total>0</total>
				<timestamp>990.191931</timestamp>
			</report>
			<report>
				<misses>156800001</misses>
				<total>0</total>
				<timestamp>990.815037</timestamp>
			</report>
			<report>
				<misses>156900001</misses>
				<total>0</total>
				<timestamp>991.438956</timestamp>
			</report>
			<report>
				<misses>157000001</misses>
				<total>0</total>
				<timestamp>992.065969</timestamp>
			</report>
			<report>
				<misses>157100001</misses>
				<total>0</total>
				<timestamp>992.689389</timestamp>
			</report>
			<report>
				<misses>157200001</misses>
				<total>0</total>
				<timestamp>993.311567</timestamp>
			</report>
			<report>
				<misses>157300001</misses>
				<total>0</total>
				<timestamp>993.933128</timestamp>
			</report>
			<report>
				<misses>157400001</misses>
				<total>0</total>
				<timestamp>994.552943</timestamp>
			</report>
			<report>
				<misses>157500001</misses>
				<total>0</total>
				<timestamp>995.174617</timestamp>
			</report>
			<report>
				<misses>157600001</misses>
				<total>0</total>
				<timestamp>995.794703</timestamp>
			</report>
			<report>
				<misses>157700001</misses>
				<total>0</total>
				<timestamp>996.414539</timestamp>
			</report>
			<report>
				<misses>157800001</misses>
				<total>0</total>
				<timestamp>997.034203</timestamp>
			</report>
			<report>
				<misses>157900001</misses>
				<total>0</total>
				<timestamp>997.658516</timestamp>
			</report>
			<report>
				<misses>158000001</misses>
				<total>0</total>
				<timestamp>998.280771</timestamp>
			</report>
			<report>
				<misses>158100001</misses>
				<total>0</total>
				<timestamp>998.899671</timestamp>
			</report>
			<report>
				<misses>158200001</misses>
				<total>0</total>
				<timestamp>999.519494</timestamp>
			</report>
			<report>
				<misses>158300001</misses>
				<total>0</total>
				<timestamp>1000.139843</timestamp>
			</report>
			<report>
				<misses>158400001</misses>
				<total>0</total>
				<timestamp>1000.759845</timestamp>
			</report>
			<report>
				<misses>158500001</misses>
				<total>0</total>
				<timestamp>1001.383998</timestamp>
			</report>
			<report>
				<misses>158600001</misses>
				<total>0</total>
				<timestamp>1002.007618</timestamp>
			</report>
			<report>
				<misses>158700001</misses>
				<total>0</total>
				<timestamp>1002.627978</timestamp>
			</report>
			<report>
				<misses>158800001</misses>
				<total>0</total>
				<timestamp>1003.247730</timestamp>
			</report>
			<report>
				<misses>158900001</misses>
				<total>0</total>
				<timestamp>1003.867811</timestamp>
			</report>
			<report>
				<misses>159000001</misses>
				<total>0</total>
				<timestamp>1004.487974</timestamp>
			</report>
			<report>
				<misses>159100001</misses>
				<total>0</total>
				<timestamp>1005.111332</timestamp>
			</report>
			<report>
				<misses>159200001</misses>
				<total>0</total>
				<timestamp>1005.731472</timestamp>
			</report>
			<report>
				<misses>159300001</misses>
				<total>0</total>
				<timestamp>1006.352517</timestamp>
			</report>
			<report>
				<misses>159400001</misses>
				<total>0</total>
				<timestamp>1006.974517</timestamp>
			</report>
			<report>
				<misses>159500001</misses>
				<total>0</total>
				<timestamp>1007.593940</timestamp>
			</report>
			<report>
				<misses>159600001</misses>
				<total>0</total>
				<timestamp>1008.215483</timestamp>
			</report>
			<report>
				<misses>159700001</misses>
				<total>0</total>
				<timestamp>1008.835998</timestamp>
			</report>
			<report>
				<misses>159800001</misses>
				<total>0</total>
				<timestamp>1009.458964</timestamp>
			</report>
			<report>
				<misses>159900001</misses>
				<total>0</total>
				<timestamp>1010.079206</timestamp>
			</report>
			<report>
				<misses>160000001</misses>
				<total>0</total>
				<timestamp>1010.699163</timestamp>
			</report>
			<report>
				<misses>160100001</misses>
				<total>0</total>
				<timestamp>1011.320792</timestamp>
			</report>
			<report>
				<misses>160200001</misses>
				<total>0</total>
				<timestamp>1011.944985</timestamp>
			</report>
			<report>
				<misses>160300001</misses>
				<total>0</total>
				<timestamp>1012.569077</timestamp>
			</report>
			<report>
				<misses>160400001</misses>
				<total>0</total>
				<timestamp>1013.194285</timestamp>
			</report>
			<report>
				<misses>160500001</misses>
				<total>0</total>
				<timestamp>1013.820083</timestamp>
			</report>
			<report>
				<misses>160600001</misses>
				<total>0</total>
				<timestamp>1014.445656</timestamp>
			</report>
			<report>
				<misses>160700001</misses>
				<total>0</total>
				<timestamp>1015.071335</timestamp>
			</report>
			<report>
				<misses>160800001</misses>
				<total>0</total>
				<timestamp>1015.695447</timestamp>
			</report>
			<report>
				<misses>160900001</misses>
				<total>0</total>
				<timestamp>1016.316329</timestamp>
			</report>
			<report>
				<misses>161000001</misses>
				<total>0</total>
				<timestamp>1016.936365</timestamp>
			</report>
			<report>
				<misses>161100001</misses>
				<total>0</total>
				<timestamp>1017.558354</timestamp>
			</report>
			<report>
				<misses>161200001</misses>
				<total>0</total>
				<timestamp>1018.180487</timestamp>
			</report>
			<report>
				<misses>161300001</misses>
				<total>0</total>
				<timestamp>1018.802086</timestamp>
			</report>
			<report>
				<misses>161400001</misses>
				<total>0</total>
				<timestamp>1019.427331</timestamp>
			</report>
			<report>
				<misses>161500001</misses>
				<total>0</total>
				<timestamp>1020.049474</timestamp>
			</report>
			<report>
				<misses>161600001</misses>
				<total>0</total>
				<timestamp>1020.674031</timestamp>
			</report>
			<report>
				<misses>161700001</misses>
				<total>0</total>
				<timestamp>1021.297852</timestamp>
			</report>
			<report>
				<misses>161800001</misses>
				<total>0</total>
				<timestamp>1021.918885</timestamp>
			</report>
			<report>
				<misses>161900001</misses>
				<total>0</total>
				<timestamp>1022.539235</timestamp>
			</report>
			<report>
				<misses>162000001</misses>
				<total>0</total>
				<timestamp>1023.160873</timestamp>
			</report>
			<report>
				<misses>162100001</misses>
				<total>0</total>
				<timestamp>1023.784102</timestamp>
			</report>
			<report>
				<misses>162200001</misses>
				<total>0</total>
				<timestamp>1024.410356</timestamp>
			</report>
			<report>
				<misses>162300001</misses>
				<total>0</total>
				<timestamp>1025.032560</timestamp>
			</report>
			<report>
				<misses>162400001</misses>
				<total>0</total>
				<timestamp>1025.653408</timestamp>
			</report>
			<report>
				<misses>162500001</misses>
				<total>0</total>
				<timestamp>1026.273454</timestamp>
			</report>
			<report>
				<misses>162600001</misses>
				<total>0</total>
				<timestamp>1026.904072</timestamp>
			</report>
			<report>
				<misses>162700001</misses>
				<total>0</total>
				<timestamp>1027.527221</timestamp>
			</report>
			<report>
				<misses>162800001</misses>
				<total>0</total>
				<timestamp>1028.149431</timestamp>
			</report>
			<report>
				<misses>162900001</misses>
				<total>0</total>
				<timestamp>1028.770178</timestamp>
			</report>
			<report>
				<misses>163000001</misses>
				<total>0</total>
				<timestamp>1029.393520</timestamp>
			</report>
			<report>
				<misses>163100001</misses>
				<total>0</total>
				<timestamp>1030.017358</timestamp>
			</report>
			<report>
				<misses>163200001</misses>
				<total>0</total>
				<timestamp>1030.642270</timestamp>
			</report>
			<report>
				<misses>163300001</misses>
				<total>0</total>
				<timestamp>1031.266160</timestamp>
			</report>
			<report>
				<misses>163400001</misses>
				<total>0</total>
				<timestamp>1031.890443</timestamp>
			</report>
			<report>
				<misses>163500001</misses>
				<total>0</total>
				<timestamp>1032.514765</timestamp>
			</report>
			<report>
				<misses>163600001</misses>
				<total>0</total>
				<timestamp>1033.139152</timestamp>
			</report>
			<report>
				<misses>163700001</misses>
				<total>0</total>
				<timestamp>1033.767155</timestamp>
			</report>
			<report>
				<misses>163800001</misses>
				<total>0</total>
				<timestamp>1034.395709</timestamp>
			</report>
			<report>
				<misses>163900001</misses>
				<total>0</total>
				<timestamp>1035.015842</timestamp>
			</report>
			<report>
				<misses>164000001</misses>
				<total>0</total>
				<timestamp>1035.640062</timestamp>
			</report>
			<report>
				<misses>164100001</misses>
				<total>0</total>
				<timestamp>1036.264448</timestamp>
			</report>
			<report>
				<misses>164200001</misses>
				<total>0</total>
				<timestamp>1036.889280</timestamp>
			</report>
			<report>
				<misses>164300001</misses>
				<total>0</total>
				<timestamp>1037.514713</timestamp>
			</report>
			<report>
				<misses>164400001</misses>
				<total>0</total>
				<timestamp>1038.139123</timestamp>
			</report>
			<report>
				<misses>164500001</misses>
				<total>0</total>
				<timestamp>1038.763002</timestamp>
			</report>
			<report>
				<misses>164600001</misses>
				<total>0</total>
				<timestamp>1039.385314</timestamp>
			</report>
			<report>
				<misses>164700001</misses>
				<total>0</total>
				<timestamp>1040.010139</timestamp>
			</report>
			<report>
				<misses>164800001</misses>
				<total>0</total>
				<timestamp>1040.634962</timestamp>
			</report>
			<report>
				<misses>164900001</misses>
				<total>0</total>
				<timestamp>1041.258416</timestamp>
			</report>
			<report>
				<misses>165000001</misses>
				<total>0</total>
				<timestamp>1041.878039</timestamp>
			</report>
			<report>
				<misses>165100001</misses>
				<total>0</total>
				<timestamp>1042.499035</timestamp>
			</report>
			<report>
				<misses>165200001</misses>
				<total>0</total>
				<timestamp>1043.122720</timestamp>
			</report>
			<report>
				<misses>165300001</misses>
				<total>0</total>
				<timestamp>1043.749390</timestamp>
			</report>
			<report>
				<misses>165400001</misses>
				<total>0</total>
				<timestamp>1044.372743</timestamp>
			</report>
			<report>
				<misses>165500001</misses>
				<total>0</total>
				<timestamp>1044.994708</timestamp>
			</report>
			<report>
				<misses>165600001</misses>
				<total>0</total>
				<timestamp>1045.613714</timestamp>
			</report>
			<report>
				<misses>165700001</misses>
				<total>0</total>
				<timestamp>1046.235391</timestamp>
			</report>
			<report>
				<misses>165800001</misses>
				<total>0</total>
				<timestamp>1046.868056</timestamp>
			</report>
			<report>
				<misses>165900001</misses>
				<total>0</total>
				<timestamp>1047.491824</timestamp>
			</report>
			<report>
				<misses>166000001</misses>
				<total>0</total>
				<timestamp>1048.114402</timestamp>
			</report>
			<report>
				<misses>166100001</misses>
				<total>0</total>
				<timestamp>1048.733795</timestamp>
			</report>
			<report>
				<misses>166200001</misses>
				<total>0</total>
				<timestamp>1049.355264</timestamp>
			</report>
			<report>
				<misses>166300001</misses>
				<total>0</total>
				<timestamp>1049.974768</timestamp>
			</report>
			<report>
				<misses>166400001</misses>
				<total>0</total>
				<timestamp>1050.594820</timestamp>
			</report>
			<report>
				<misses>166500001</misses>
				<total>0</total>
				<timestamp>1051.214072</timestamp>
			</report>
			<report>
				<misses>166600001</misses>
				<total>0</total>
				<timestamp>1051.833493</timestamp>
			</report>
			<report>
				<misses>166700001</misses>
				<total>0</total>
				<timestamp>1052.456102</timestamp>
			</report>
			<report>
				<misses>166800001</misses>
				<total>0</total>
				<timestamp>1053.078812</timestamp>
			</report>
			<report>
				<misses>166900001</misses>
				<total>0</total>
				<timestamp>1053.701373</timestamp>
			</report>
			<report>
				<misses>167000001</misses>
				<total>0</total>
				<timestamp>1054.322219</timestamp>
			</report>
			<report>
				<misses>167100001</misses>
				<total>0</total>
				<timestamp>1054.946500</timestamp>
			</report>
			<report>
				<misses>167200001</misses>
				<total>0</total>
				<timestamp>1055.570639</timestamp>
			</report>
			<report>
				<misses>167300001</misses>
				<total>0</total>
				<timestamp>1056.195384</timestamp>
			</report>
			<report>
				<misses>167400001</misses>
				<total>0</total>
				<timestamp>1056.824008</timestamp>
			</report>
			<report>
				<misses>167500001</misses>
				<total>0</total>
				<timestamp>1057.452862</timestamp>
			</report>
			<report>
				<misses>167600001</misses>
				<total>0</total>
				<timestamp>1058.081822</timestamp>
			</report>
			<report>
				<misses>167700001</misses>
				<total>0</total>
				<timestamp>1058.710168</timestamp>
			</report>
			<report>
				<misses>167800001</misses>
				<total>0</total>
				<timestamp>1059.338074</timestamp>
			</report>
			<report>
				<misses>167900001</misses>
				<total>0</total>
				<timestamp>1059.966470</timestamp>
			</report>
			<report>
				<misses>168000001</misses>
				<total>0</total>
				<timestamp>1060.595118</timestamp>
			</report>
			<report>
				<misses>168100001</misses>
				<total>0</total>
				<timestamp>1061.222524</timestamp>
			</report>
			<report>
				<misses>168200001</misses>
				<total>0</total>
				<timestamp>1061.851542</timestamp>
			</report>
			<report>
				<misses>168300001</misses>
				<total>0</total>
				<timestamp>1062.480833</timestamp>
			</report>
			<report>
				<misses>168400001</misses>
				<total>0</total>
				<timestamp>1063.110443</timestamp>
			</report>
			<report>
				<misses>168500001</misses>
				<total>0</total>
				<timestamp>1063.739457</timestamp>
			</report>
			<report>
				<misses>168600001</misses>
				<total>0</total>
				<timestamp>1064.368831</timestamp>
			</report>
			<report>
				<misses>168700001</misses>
				<total>0</total>
				<timestamp>1064.999563</timestamp>
			</report>
			<report>
				<misses>168800001</misses>
				<total>0</total>
				<timestamp>1065.629137</timestamp>
			</report>
			<report>
				<misses>168900001</misses>
				<total>0</total>
				<timestamp>1066.260268</timestamp>
			</report>
			<report>
				<misses>169000001</misses>
				<total>0</total>
				<timestamp>1066.893351</timestamp>
			</report>
			<report>
				<misses>169100001</misses>
				<total>0</total>
				<timestamp>1067.522025</timestamp>
			</report>
			<report>
				<misses>169200001</misses>
				<total>0</total>
				<timestamp>1068.150776</timestamp>
			</report>
			<report>
				<misses>169300001</misses>
				<total>0</total>
				<timestamp>1068.778823</timestamp>
			</report>
			<report>
				<misses>169400001</misses>
				<total>0</total>
				<timestamp>1069.407457</timestamp>
			</report>
			<report>
				<misses>169500001</misses>
				<total>0</total>
				<timestamp>1070.036177</timestamp>
			</report>
			<report>
				<misses>169600001</misses>
				<total>0</total>
				<timestamp>1070.664279</timestamp>
			</report>
			<report>
				<misses>169700001</misses>
				<total>0</total>
				<timestamp>1071.291776</timestamp>
			</report>
			<report>
				<misses>169800001</misses>
				<total>0</total>
				<timestamp>1071.919714</timestamp>
			</report>
			<report>
				<misses>169900001</misses>
				<total>0</total>
				<timestamp>1072.548159</timestamp>
			</report>
			<report>
				<misses>170000001</misses>
				<total>0</total>
				<timestamp>1073.176610</timestamp>
			</report>
			<report>
				<misses>170100001</misses>
				<total>0</total>
				<timestamp>1073.805029</timestamp>
			</report>
			<report>
				<misses>170200001</misses>
				<total>0</total>
				<timestamp>1074.433653</timestamp>
			</report>
			<report>
				<misses>170300001</misses>
				<total>0</total>
				<timestamp>1075.061845</timestamp>
			</report>
			<report>
				<misses>170400001</misses>
				<total>0</total>
				<timestamp>1075.689974</timestamp>
			</report>
			<report>
				<misses>170500001</misses>
				<total>0</total>
				<timestamp>1076.319051</timestamp>
			</report>
			<report>
				<misses>170600001</misses>
				<total>0</total>
				<timestamp>1076.948407</timestamp>
			</report>
			<report>
				<misses>170700001</misses>
				<total>0</total>
				<timestamp>1077.576323</timestamp>
			</report>
			<report>
				<misses>170800001</misses>
				<total>0</total>
				<timestamp>1078.205142</timestamp>
			</report>
			<report>
				<misses>170900001</misses>
				<total>0</total>
				<timestamp>1078.834351</timestamp>
			</report>
			<report>
				<misses>171000001</misses>
				<total>0</total>
				<timestamp>1079.462665</timestamp>
			</report>
			<report>
				<misses>171100001</misses>
				<total>0</total>
				<timestamp>1080.092082</timestamp>
			</report>
			<report>
				<misses>171200001</misses>
				<total>0</total>
				<timestamp>1080.721291</timestamp>
			</report>
			<report>
				<misses>171300001</misses>
				<total>0</total>
				<timestamp>1081.350646</timestamp>
			</report>
			<report>
				<misses>171400001</misses>
				<total>0</total>
				<timestamp>1081.979633</timestamp>
			</report>
			<report>
				<misses>171500001</misses>
				<total>0</total>
				<timestamp>1082.609087</timestamp>
			</report>
			<report>
				<misses>171600001</misses>
				<total>0</total>
				<timestamp>1083.238238</timestamp>
			</report>
			<report>
				<misses>171700001</misses>
				<total>0</total>
				<timestamp>1083.867111</timestamp>
			</report>
			<report>
				<misses>171800001</misses>
				<total>0</total>
				<timestamp>1084.495541</timestamp>
			</report>
			<report>
				<misses>171900001</misses>
				<total>0</total>
				<timestamp>1085.125888</timestamp>
			</report>
			<report>
				<misses>172000001</misses>
				<total>0</total>
				<timestamp>1085.755095</timestamp>
			</report>
			<report>
				<misses>172100001</misses>
				<total>0</total>
				<timestamp>1086.384732</timestamp>
			</report>
			<report>
				<misses>172200001</misses>
				<total>0</total>
				<timestamp>1087.014016</timestamp>
			</report>
			<report>
				<misses>172300001</misses>
				<total>0</total>
				<timestamp>1087.643270</timestamp>
			</report>
			<report>
				<misses>172400001</misses>
				<total>0</total>
				<timestamp>1088.272887</timestamp>
			</report>
			<report>
				<misses>172500001</misses>
				<total>0</total>
				<timestamp>1088.900995</timestamp>
			</report>
			<report>
				<misses>172600001</misses>
				<total>0</total>
				<timestamp>1089.528324</timestamp>
			</report>
			<report>
				<misses>172700001</misses>
				<total>0</total>
				<timestamp>1090.156607</timestamp>
			</report>
			<report>
				<misses>172800001</misses>
				<total>0</total>
				<timestamp>1090.791048</timestamp>
			</report>
			<report>
				<misses>172900001</misses>
				<total>0</total>
				<timestamp>1091.419641</timestamp>
			</report>
			<report>
				<misses>173000001</misses>
				<total>0</total>
				<timestamp>1092.047590</timestamp>
			</report>
			<report>
				<misses>173100001</misses>
				<total>0</total>
				<timestamp>1092.674735</timestamp>
			</report>
			<report>
				<misses>173200001</misses>
				<total>0</total>
				<timestamp>1093.301442</timestamp>
			</report>
			<report>
				<misses>173300001</misses>
				<total>0</total>
				<timestamp>1093.927947</timestamp>
			</report>
			<report>
				<misses>173400001</misses>
				<total>0</total>
				<timestamp>1094.554071</timestamp>
			</report>
			<report>
				<misses>173500001</misses>
				<total>0</total>
				<timestamp>1095.181001</timestamp>
			</report>
			<report>
				<misses>173600001</misses>
				<total>0</total>
				<timestamp>1095.807975</timestamp>
			</report>
			<report>
				<misses>173700001</misses>
				<total>0</total>
				<timestamp>1096.436226</timestamp>
			</report>
			<report>
				<misses>173800001</misses>
				<total>0</total>
				<timestamp>1097.063338</timestamp>
			</report>
			<report>
				<misses>173900001</misses>
				<total>0</total>
				<timestamp>1097.692264</timestamp>
			</report>
			<report>
				<misses>174000001</misses>
				<total>0</total>
				<timestamp>1098.334534</timestamp>
			</report>
			<report>
				<misses>174100001</misses>
				<total>0</total>
				<timestamp>1098.962638</timestamp>
			</report>
			<report>
				<misses>174200001</misses>
				<total>0</total>
				<timestamp>1099.590257</timestamp>
			</report>
			<report>
				<misses>174300001</misses>
				<total>0</total>
				<timestamp>1100.216763</timestamp>
			</report>
			<report>
				<misses>174400001</misses>
				<total>0</total>
				<timestamp>1100.859960</timestamp>
			</report>
			<report>
				<misses>174500001</misses>
				<total>0</total>
				<timestamp>1101.484462</timestamp>
			</report>
			<report>
				<misses>174600001</misses>
				<total>0</total>
				<timestamp>1102.107317</timestamp>
			</report>
			<report>
				<misses>174700001</misses>
				<total>0</total>
				<timestamp>1102.730071</timestamp>
			</report>
			<report>
				<misses>174800001</misses>
				<total>0</total>
				<timestamp>1103.351787</timestamp>
			</report>
			<report>
				<misses>174900001</misses>
				<total>0</total>
				<timestamp>1103.976341</timestamp>
			</report>
			<report>
				<misses>175000001</misses>
				<total>0</total>
				<timestamp>1104.600654</timestamp>
			</report>
			<report>
				<misses>175100001</misses>
				<total>0</total>
				<timestamp>1105.227015</timestamp>
			</report>
			<report>
				<misses>175200001</misses>
				<total>0</total>
				<timestamp>1105.854949</timestamp>
			</report>
			<report>
				<misses>175300001</misses>
				<total>0</total>
				<timestamp>1106.476821</timestamp>
			</report>
			<report>
				<misses>175400001</misses>
				<total>0</total>
				<timestamp>1107.113000</timestamp>
			</report>
			<report>
				<misses>175500001</misses>
				<total>0</total>
				<timestamp>1107.737163</timestamp>
			</report>
			<report>
				<misses>175600001</misses>
				<total>0</total>
				<timestamp>1108.360069</timestamp>
			</report>
			<report>
				<misses>175700001</misses>
				<total>0</total>
				<timestamp>1108.984743</timestamp>
			</report>
			<report>
				<misses>175800001</misses>
				<total>0</total>
				<timestamp>1109.606876</timestamp>
			</report>
			<report>
				<misses>175900001</misses>
				<total>0</total>
				<timestamp>1110.229500</timestamp>
			</report>
			<report>
				<misses>176000001</misses>
				<total>0</total>
				<timestamp>1110.853598</timestamp>
			</report>
			<report>
				<misses>176100001</misses>
				<total>0</total>
				<timestamp>1111.479878</timestamp>
			</report>
			<report>
				<misses>176200001</misses>
				<total>0</total>
				<timestamp>1112.105411</timestamp>
			</report>
			<report>
				<misses>176300001</misses>
				<total>0</total>
				<timestamp>1112.730479</timestamp>
			</report>
			<report>
				<misses>176400001</misses>
				<total>0</total>
				<timestamp>1113.352252</timestamp>
			</report>
			<report>
				<misses>176500001</misses>
				<total>0</total>
				<timestamp>1113.974016</timestamp>
			</report>
			<report>
				<misses>176600001</misses>
				<total>0</total>
				<timestamp>1114.598207</timestamp>
			</report>
			<report>
				<misses>176700001</misses>
				<total>0</total>
				<timestamp>1115.221559</timestamp>
			</report>
			<report>
				<misses>176800001</misses>
				<total>0</total>
				<timestamp>1115.844004</timestamp>
			</report>
			<report>
				<misses>176900001</misses>
				<total>0</total>
				<timestamp>1116.466054</timestamp>
			</report>
			<report>
				<misses>177000001</misses>
				<total>0</total>
				<timestamp>1117.088452</timestamp>
			</report>
			<report>
				<misses>177100001</misses>
				<total>0</total>
				<timestamp>1117.710183</timestamp>
			</report>
			<report>
				<misses>177200001</misses>
				<total>0</total>
				<timestamp>1118.331814</timestamp>
			</report>
			<report>
				<misses>177300001</misses>
				<total>0</total>
				<timestamp>1118.954254</timestamp>
			</report>
			<report>
				<misses>177400001</misses>
				<total>0</total>
				<timestamp>1119.579541</timestamp>
			</report>
			<report>
				<misses>177500001</misses>
				<total>0</total>
				<timestamp>1120.205032</timestamp>
			</report>
			<report>
				<misses>177600001</misses>
				<total>0</total>
				<timestamp>1120.830312</timestamp>
			</report>
			<report>
				<misses>177700001</misses>
				<total>0</total>
				<timestamp>1121.454184</timestamp>
			</report>
			<report>
				<misses>177800001</misses>
				<total>0</total>
				<timestamp>1122.079295</timestamp>
			</report>
			<report>
				<misses>177900001</misses>
				<total>0</total>
				<timestamp>1122.704169</timestamp>
			</report>
			<report>
				<misses>178000001</misses>
				<total>0</total>
				<timestamp>1123.326468</timestamp>
			</report>
			<report>
				<misses>178100001</misses>
				<total>0</total>
				<timestamp>1123.948746</timestamp>
			</report>
			<report>
				<misses>178200001</misses>
				<total>0</total>
				<timestamp>1124.573829</timestamp>
			</report>
			<report>
				<misses>178300001</misses>
				<total>0</total>
				<timestamp>1125.198999</timestamp>
			</report>
			<report>
				<misses>178400001</misses>
				<total>0</total>
				<timestamp>1125.821640</timestamp>
			</report>
			<report>
				<misses>178500001</misses>
				<total>0</total>
				<timestamp>1126.443355</timestamp>
			</report>
			<report>
				<misses>178600001</misses>
				<total>0</total>
				<timestamp>1127.066030</timestamp>
			</report>
			<report>
				<misses>178700001</misses>
				<total>0</total>
				<timestamp>1127.690998</timestamp>
			</report>
			<report>
				<misses>178800001</misses>
				<total>0</total>
				<timestamp>1128.317173</timestamp>
			</report>
			<report>
				<misses>178900001</misses>
				<total>0</total>
				<timestamp>1128.941087</timestamp>
			</report>
			<report>
				<misses>179000001</misses>
				<total>0</total>
				<timestamp>1129.567015</timestamp>
			</report>
			<report>
				<misses>179100001</misses>
				<total>0</total>
				<timestamp>1130.189969</timestamp>
			</report>
			<report>
				<misses>179200001</misses>
				<total>0</total>
				<timestamp>1130.811801</timestamp>
			</report>
			<report>
				<misses>179300001</misses>
				<total>0</total>
				<timestamp>1131.432765</timestamp>
			</report>
			<report>
				<misses>179400001</misses>
				<total>0</total>
				<timestamp>1132.054899</timestamp>
			</report>
			<report>
				<misses>179500001</misses>
				<total>0</total>
				<timestamp>1132.678038</timestamp>
			</report>
			<report>
				<misses>179600001</misses>
				<total>0</total>
				<timestamp>1133.301377</timestamp>
			</report>
			<report>
				<misses>179700001</misses>
				<total>0</total>
				<timestamp>1133.927843</timestamp>
			</report>
			<report>
				<misses>179800001</misses>
				<total>0</total>
				<timestamp>1134.553808</timestamp>
			</report>
			<report>
				<misses>179900001</misses>
				<total>0</total>
				<timestamp>1135.179176</timestamp>
			</report>
			<report>
				<misses>180000001</misses>
				<total>0</total>
				<timestamp>1135.801506</timestamp>
			</report>
			<report>
				<misses>180100001</misses>
				<total>0</total>
				<timestamp>1136.423693</timestamp>
			</report>
			<report>
				<misses>180200001</misses>
				<total>0</total>
				<timestamp>1137.047480</timestamp>
			</report>
			<report>
				<misses>180300001</misses>
				<total>0</total>
				<timestamp>1137.670670</timestamp>
			</report>
			<report>
				<misses>180400001</misses>
				<total>0</total>
				<timestamp>1138.293682</timestamp>
			</report>
			<report>
				<misses>180500001</misses>
				<total>0</total>
				<timestamp>1138.916849</timestamp>
			</report>
			<report>
				<misses>180600001</misses>
				<total>0</total>
				<timestamp>1139.539946</timestamp>
			</report>
			<report>
				<misses>180700001</misses>
				<total>0</total>
				<timestamp>1140.160279</timestamp>
			</report>
			<report>
				<misses>180800001</misses>
				<total>0</total>
				<timestamp>1140.781275</timestamp>
			</report>
			<report>
				<misses>180900001</misses>
				<total>0</total>
				<timestamp>1141.402576</timestamp>
			</report>
			<report>
				<misses>181000001</misses>
				<total>0</total>
				<timestamp>1142.027169</timestamp>
			</report>
			<report>
				<misses>181100001</misses>
				<total>0</total>
				<timestamp>1142.651468</timestamp>
			</report>
			<report>
				<misses>181200001</misses>
				<total>0</total>
				<timestamp>1143.274276</timestamp>
			</report>
			<report>
				<misses>181300001</misses>
				<total>0</total>
				<timestamp>1143.896620</timestamp>
			</report>
			<report>
				<misses>181400001</misses>
				<total>0</total>
				<timestamp>1144.519933</timestamp>
			</report>
			<report>
				<misses>181500001</misses>
				<total>0</total>
				<timestamp>1145.144320</timestamp>
			</report>
			<report>
				<misses>181600001</misses>
				<total>0</total>
				<timestamp>1145.766750</timestamp>
			</report>
			<report>
				<misses>181700001</misses>
				<total>0</total>
				<timestamp>1146.387760</timestamp>
			</report>
			<report>
				<misses>181800001</misses>
				<total>0</total>
				<timestamp>1147.011230</timestamp>
			</report>
			<report>
				<misses>181900001</misses>
				<total>0</total>
				<timestamp>1147.632272</timestamp>
			</report>
			<report>
				<misses>182000001</misses>
				<total>0</total>
				<timestamp>1148.258081</timestamp>
			</report>
			<report>
				<misses>182100001</misses>
				<total>0</total>
				<timestamp>1148.896380</timestamp>
			</report>
			<report>
				<misses>182200001</misses>
				<total>0</total>
				<timestamp>1149.522108</timestamp>
			</report>
			<report>
				<misses>182300001</misses>
				<total>0</total>
				<timestamp>1150.147722</timestamp>
			</report>
			<report>
				<misses>182400001</misses>
				<total>0</total>
				<timestamp>1150.771821</timestamp>
			</report>
			<report>
				<misses>182500001</misses>
				<total>0</total>
				<timestamp>1151.393697</timestamp>
			</report>
			<report>
				<misses>182600001</misses>
				<total>0</total>
				<timestamp>1152.018591</timestamp>
			</report>
			<report>
				<misses>182700001</misses>
				<total>0</total>
				<timestamp>1152.642916</timestamp>
			</report>
			<report>
				<misses>182800001</misses>
				<total>0</total>
				<timestamp>1153.263459</timestamp>
			</report>
			<report>
				<misses>182900001</misses>
				<total>0</total>
				<timestamp>1153.886767</timestamp>
			</report>
			<report>
				<misses>183000001</misses>
				<total>0</total>
				<timestamp>1154.509886</timestamp>
			</report>
			<report>
				<misses>183100001</misses>
				<total>0</total>
				<timestamp>1155.131887</timestamp>
			</report>
			<report>
				<misses>183200001</misses>
				<total>0</total>
				<timestamp>1155.753674</timestamp>
			</report>
			<report>
				<misses>183300001</misses>
				<total>0</total>
				<timestamp>1156.378140</timestamp>
			</report>
			<report>
				<misses>183400001</misses>
				<total>0</total>
				<timestamp>1157.001870</timestamp>
			</report>
			<report>
				<misses>183500001</misses>
				<total>0</total>
				<timestamp>1157.623648</timestamp>
			</report>
			<report>
				<misses>183600001</misses>
				<total>0</total>
				<timestamp>1158.245461</timestamp>
			</report>
			<report>
				<misses>183700001</misses>
				<total>0</total>
				<timestamp>1158.868650</timestamp>
			</report>
			<report>
				<misses>183800001</misses>
				<total>0</total>
				<timestamp>1159.489492</timestamp>
			</report>
			<report>
				<misses>183900001</misses>
				<total>0</total>
				<timestamp>1160.110887</timestamp>
			</report>
			<report>
				<misses>184000001</misses>
				<total>0</total>
				<timestamp>1160.734089</timestamp>
			</report>
			<report>
				<misses>184100001</misses>
				<total>0</total>
				<timestamp>1161.354175</timestamp>
			</report>
			<report>
				<misses>184200001</misses>
				<total>0</total>
				<timestamp>1161.975749</timestamp>
			</report>
			<report>
				<misses>184300001</misses>
				<total>0</total>
				<timestamp>1162.597166</timestamp>
			</report>
			<report>
				<misses>184400001</misses>
				<total>0</total>
				<timestamp>1163.217743</timestamp>
			</report>
			<report>
				<misses>184500001</misses>
				<total>0</total>
				<timestamp>1163.838851</timestamp>
			</report>
			<report>
				<misses>184600001</misses>
				<total>0</total>
				<timestamp>1164.461436</timestamp>
			</report>
			<report>
				<misses>184700001</misses>
				<total>0</total>
				<timestamp>1165.087194</timestamp>
			</report>
			<report>
				<misses>184800001</misses>
				<total>0</total>
				<timestamp>1165.709504</timestamp>
			</report>
			<report>
				<misses>184900001</misses>
				<total>0</total>
				<timestamp>1166.334862</timestamp>
			</report>
			<report>
				<misses>185000001</misses>
				<total>0</total>
				<timestamp>1166.960035</timestamp>
			</report>
			<report>
				<misses>185100001</misses>
				<total>0</total>
				<timestamp>1167.581625</timestamp>
			</report>
			<report>
				<misses>185200001</misses>
				<total>0</total>
				<timestamp>1168.203501</timestamp>
			</report>
			<report>
				<misses>185300001</misses>
				<total>0</total>
				<timestamp>1168.825192</timestamp>
			</report>
			<report>
				<misses>185400001</misses>
				<total>0</total>
				<timestamp>1169.448924</timestamp>
			</report>
			<report>
				<misses>185500001</misses>
				<total>0</total>
				<timestamp>1170.074853</timestamp>
			</report>
			<report>
				<misses>185600001</misses>
				<total>0</total>
				<timestamp>1170.699597</timestamp>
			</report>
			<report>
				<misses>185700001</misses>
				<total>0</total>
				<timestamp>1171.325073</timestamp>
			</report>
			<report>
				<misses>185800001</misses>
				<total>0</total>
				<timestamp>1171.961018</timestamp>
			</report>
			<report>
				<misses>185900001</misses>
				<total>0</total>
				<timestamp>1172.595443</timestamp>
			</report>
			<report>
				<misses>186000001</misses>
				<total>0</total>
				<timestamp>1173.219266</timestamp>
			</report>
			<report>
				<misses>186100001</misses>
				<total>0</total>
				<timestamp>1173.844031</timestamp>
			</report>
			<report>
				<misses>186200001</misses>
				<total>0</total>
				<timestamp>1174.464643</timestamp>
			</report>
			<report>
				<misses>186300001</misses>
				<total>0</total>
				<timestamp>1175.085440</timestamp>
			</report>
			<report>
				<misses>186400001</misses>
				<total>0</total>
				<timestamp>1175.706001</timestamp>
			</report>
			<report>
				<misses>186500001</misses>
				<total>0</total>
				<timestamp>1176.326888</timestamp>
			</report>
			<report>
				<misses>186600001</misses>
				<total>0</total>
				<timestamp>1176.949898</timestamp>
			</report>
			<report>
				<misses>186700001</misses>
				<total>0</total>
				<timestamp>1177.570130</timestamp>
			</report>
			<report>
				<misses>186800001</misses>
				<total>0</total>
				<timestamp>1178.190821</timestamp>
			</report>
			<report>
				<misses>186900001</misses>
				<total>0</total>
				<timestamp>1178.811499</timestamp>
			</report>
			<report>
				<misses>187000001</misses>
				<total>0</total>
				<timestamp>1179.432296</timestamp>
			</report>
			<report>
				<misses>187100001</misses>
				<total>0</total>
				<timestamp>1180.061560</timestamp>
			</report>
			<report>
				<misses>187200001</misses>
				<total>0</total>
				<timestamp>1180.686297</timestamp>
			</report>
			<report>
				<misses>187300001</misses>
				<total>0</total>
				<timestamp>1181.310582</timestamp>
			</report>
			<report>
				<misses>187400001</misses>
				<total>0</total>
				<timestamp>1181.936726</timestamp>
			</report>
			<report>
				<misses>187500001</misses>
				<total>0</total>
				<timestamp>1182.558944</timestamp>
			</report>
			<report>
				<misses>187600001</misses>
				<total>0</total>
				<timestamp>1183.182387</timestamp>
			</report>
			<report>
				<misses>187700001</misses>
				<total>0</total>
				<timestamp>1183.802486</timestamp>
			</report>
			<report>
				<misses>187800001</misses>
				<total>0</total>
				<timestamp>1184.422404</timestamp>
			</report>
			<report>
				<misses>187900001</misses>
				<total>0</total>
				<timestamp>1185.043082</timestamp>
			</report>
			<report>
				<misses>188000001</misses>
				<total>0</total>
				<timestamp>1185.665285</timestamp>
			</report>
			<report>
				<misses>188100001</misses>
				<total>0</total>
				<timestamp>1186.292563</timestamp>
			</report>
			<report>
				<misses>188200001</misses>
				<total>0</total>
				<timestamp>1186.917842</timestamp>
			</report>
			<report>
				<misses>188300001</misses>
				<total>0</total>
				<timestamp>1187.541591</timestamp>
			</report>
			<report>
				<misses>188400001</misses>
				<total>0</total>
				<timestamp>1188.166882</timestamp>
			</report>
			<report>
				<misses>188500001</misses>
				<total>0</total>
				<timestamp>1188.792732</timestamp>
			</report>
			<report>
				<misses>188600001</misses>
				<total>0</total>
				<timestamp>1189.417881</timestamp>
			</report>
			<report>
				<misses>188700001</misses>
				<total>0</total>
				<timestamp>1190.042733</timestamp>
			</report>
			<report>
				<misses>188800001</misses>
				<total>0</total>
				<timestamp>1190.668206</timestamp>
			</report>
			<report>
				<misses>188900001</misses>
				<total>0</total>
				<timestamp>1191.293169</timestamp>
			</report>
			<report>
				<misses>189000001</misses>
				<total>0</total>
				<timestamp>1191.921195</timestamp>
			</report>
			<report>
				<misses>189100001</misses>
				<total>0</total>
				<timestamp>1192.547489</timestamp>
			</report>
			<report>
				<misses>189200001</misses>
				<total>0</total>
				<timestamp>1193.172629</timestamp>
			</report>
			<report>
				<misses>189300001</misses>
				<total>0</total>
				<timestamp>1193.797900</timestamp>
			</report>
			<report>
				<misses>189400001</misses>
				<total>0</total>
				<timestamp>1194.420364</timestamp>
			</report>
			<report>
				<misses>189500001</misses>
				<total>0</total>
				<timestamp>1195.038237</timestamp>
			</report>
			<report>
				<misses>189600001</misses>
				<total>0</total>
				<timestamp>1195.663662</timestamp>
			</report>
			<report>
				<misses>189700001</misses>
				<total>0</total>
				<timestamp>1196.287469</timestamp>
			</report>
			<report>
				<misses>189800001</misses>
				<total>0</total>
				<timestamp>1196.911958</timestamp>
			</report>
			<report>
				<misses>189900001</misses>
				<total>0</total>
				<timestamp>1197.535593</timestamp>
			</report>
			<report>
				<misses>190000001</misses>
				<total>0</total>
				<timestamp>1198.160494</timestamp>
			</report>
			<report>
				<misses>190100001</misses>
				<total>0</total>
				<timestamp>1198.784537</timestamp>
			</report>
			<report>
				<misses>190200001</misses>
				<total>0</total>
				<timestamp>1199.408627</timestamp>
			</report>
			<report>
				<misses>190300001</misses>
				<total>0</total>
				<timestamp>1200.032278</timestamp>
			</report>
			<report>
				<misses>190400001</misses>
				<total>0</total>
				<timestamp>1200.655796</timestamp>
			</report>
			<report>
				<misses>190500001</misses>
				<total>0</total>
				<timestamp>1201.280567</timestamp>
			</report>
			<report>
				<misses>190600001</misses>
				<total>0</total>
				<timestamp>1201.903509</timestamp>
			</report>
			<report>
				<misses>190700001</misses>
				<total>0</total>
				<timestamp>1202.522438</timestamp>
			</report>
			<report>
				<misses>190800001</misses>
				<total>0</total>
				<timestamp>1203.142020</timestamp>
			</report>
			<report>
				<misses>190900001</misses>
				<total>0</total>
				<timestamp>1203.765435</timestamp>
			</report>
			<report>
				<misses>191000001</misses>
				<total>0</total>
				<timestamp>1204.385510</timestamp>
			</report>
			<report>
				<misses>191100001</misses>
				<total>0</total>
				<timestamp>1205.007202</timestamp>
			</report>
			<report>
				<misses>191200001</misses>
				<total>0</total>
				<timestamp>1205.631688</timestamp>
			</report>
			<report>
				<misses>191300001</misses>
				<total>0</total>
				<timestamp>1206.255926</timestamp>
			</report>
			<report>
				<misses>191400001</misses>
				<total>0</total>
				<timestamp>1206.877223</timestamp>
			</report>
			<report>
				<misses>191500001</misses>
				<total>0</total>
				<timestamp>1207.501962</timestamp>
			</report>
			<report>
				<misses>191600001</misses>
				<total>0</total>
				<timestamp>1208.126395</timestamp>
			</report>
			<report>
				<misses>191700001</misses>
				<total>0</total>
				<timestamp>1208.750769</timestamp>
			</report>
			<report>
				<misses>191800001</misses>
				<total>0</total>
				<timestamp>1209.370434</timestamp>
			</report>
			<report>
				<misses>191900001</misses>
				<total>0</total>
				<timestamp>1209.991568</timestamp>
			</report>
			<report>
				<misses>192000001</misses>
				<total>0</total>
				<timestamp>1210.612044</timestamp>
			</report>
			<report>
				<misses>192100001</misses>
				<total>0</total>
				<timestamp>1211.232309</timestamp>
			</report>
			<report>
				<misses>192200001</misses>
				<total>0</total>
				<timestamp>1211.853380</timestamp>
			</report>
			<report>
				<misses>192300001</misses>
				<total>0</total>
				<timestamp>1212.478755</timestamp>
			</report>
			<report>
				<misses>192400001</misses>
				<total>0</total>
				<timestamp>1213.103283</timestamp>
			</report>
			<report>
				<misses>192500001</misses>
				<total>0</total>
				<timestamp>1213.727530</timestamp>
			</report>
			<report>
				<misses>192600001</misses>
				<total>0</total>
				<timestamp>1214.348181</timestamp>
			</report>
			<report>
				<misses>192700001</misses>
				<total>0</total>
				<timestamp>1214.967372</timestamp>
			</report>
			<report>
				<misses>192800001</misses>
				<total>0</total>
				<timestamp>1215.588248</timestamp>
			</report>
			<report>
				<misses>192900001</misses>
				<total>0</total>
				<timestamp>1216.209515</timestamp>
			</report>
			<report>
				<misses>193000001</misses>
				<total>0</total>
				<timestamp>1216.832739</timestamp>
			</report>
			<report>
				<misses>193100001</misses>
				<total>0</total>
				<timestamp>1217.451463</timestamp>
			</report>
			<report>
				<misses>193200001</misses>
				<total>0</total>
				<timestamp>1218.074364</timestamp>
			</report>
			<report>
				<misses>193300001</misses>
				<total>0</total>
				<timestamp>1218.698982</timestamp>
			</report>
			<report>
				<misses>193400001</misses>
				<total>0</total>
				<timestamp>1219.322905</timestamp>
			</report>
			<report>
				<misses>193500001</misses>
				<total>0</total>
				<timestamp>1219.950371</timestamp>
			</report>
			<report>
				<misses>193600001</misses>
				<total>0</total>
				<timestamp>1220.574956</timestamp>
			</report>
			<report>
				<misses>193700001</misses>
				<total>0</total>
				<timestamp>1221.199145</timestamp>
			</report>
			<report>
				<misses>193800001</misses>
				<total>0</total>
				<timestamp>1221.824398</timestamp>
			</report>
			<report>
				<misses>193900001</misses>
				<total>0</total>
				<timestamp>1222.448925</timestamp>
			</report>
			<report>
				<misses>194000001</misses>
				<total>0</total>
				<timestamp>1223.094424</timestamp>
			</report>
			<report>
				<misses>194100001</misses>
				<total>0</total>
				<timestamp>1223.721674</timestamp>
			</report>
			<report>
				<misses>194200001</misses>
				<total>0</total>
				<timestamp>1224.370184</timestamp>
			</report>
			<report>
				<misses>194300001</misses>
				<total>0</total>
				<timestamp>1225.018895</timestamp>
			</report>
			<report>
				<misses>194400001</misses>
				<total>0</total>
				<timestamp>1225.667871</timestamp>
			</report>
			<report>
				<misses>194500001</misses>
				<total>0</total>
				<timestamp>1226.315657</timestamp>
			</report>
			<report>
				<misses>194600001</misses>
				<total>0</total>
				<timestamp>1226.964011</timestamp>
			</report>
			<report>
				<misses>194700001</misses>
				<total>0</total>
				<timestamp>1227.612799</timestamp>
			</report>
			<report>
				<misses>194800001</misses>
				<total>0</total>
				<timestamp>1228.261686</timestamp>
			</report>
			<report>
				<misses>194900001</misses>
				<total>0</total>
				<timestamp>1228.910263</timestamp>
			</report>
			<report>
				<misses>195000001</misses>
				<total>0</total>
				<timestamp>1229.559334</timestamp>
			</report>
			<report>
				<misses>195100001</misses>
				<total>0</total>
				<timestamp>1230.212650</timestamp>
			</report>
			<report>
				<misses>195200001</misses>
				<total>0</total>
				<timestamp>1230.861725</timestamp>
			</report>
			<report>
				<misses>195300001</misses>
				<total>0</total>
				<timestamp>1231.510999</timestamp>
			</report>
			<report>
				<misses>195400001</misses>
				<total>0</total>
				<timestamp>1232.158781</timestamp>
			</report>
			<report>
				<misses>195500001</misses>
				<total>0</total>
				<timestamp>1232.806545</timestamp>
			</report>
			<report>
				<misses>195600001</misses>
				<total>0</total>
				<timestamp>1233.456070</timestamp>
			</report>
			<report>
				<misses>195700001</misses>
				<total>0</total>
				<timestamp>1234.106417</timestamp>
			</report>
			<report>
				<misses>195800001</misses>
				<total>0</total>
				<timestamp>1234.762387</timestamp>
			</report>
			<report>
				<misses>195900001</misses>
				<total>0</total>
				<timestamp>1235.393853</timestamp>
			</report>
			<report>
				<misses>196000001</misses>
				<total>0</total>
				<timestamp>1236.028389</timestamp>
			</report>
			<report>
				<misses>196100001</misses>
				<total>0</total>
				<timestamp>1236.654705</timestamp>
			</report>
			<report>
				<misses>196200001</misses>
				<total>0</total>
				<timestamp>1237.282501</timestamp>
			</report>
			<report>
				<misses>196300001</misses>
				<total>0</total>
				<timestamp>1237.917784</timestamp>
			</report>
			<report>
				<misses>196400001</misses>
				<total>0</total>
				<timestamp>1238.548739</timestamp>
			</report>
			<report>
				<misses>196500001</misses>
				<total>0</total>
				<timestamp>1239.175253</timestamp>
			</report>
			<report>
				<misses>196600001</misses>
				<total>0</total>
				<timestamp>1239.807577</timestamp>
			</report>
			<report>
				<misses>196700001</misses>
				<total>0</total>
				<timestamp>1240.434786</timestamp>
			</report>
			<report>
				<misses>196800001</misses>
				<total>0</total>
				<timestamp>1241.093517</timestamp>
			</report>
			<report>
				<misses>196900001</misses>
				<total>0</total>
				<timestamp>1241.731070</timestamp>
			</report>
			<report>
				<misses>197000001</misses>
				<total>0</total>
				<timestamp>1242.357333</timestamp>
			</report>
			<report>
				<misses>197100001</misses>
				<total>0</total>
				<timestamp>1242.982848</timestamp>
			</report>
			<report>
				<misses>197200001</misses>
				<total>0</total>
				<timestamp>1243.616515</timestamp>
			</report>
			<report>
				<misses>197300001</misses>
				<total>0</total>
				<timestamp>1244.241156</timestamp>
			</report>
			<report>
				<misses>197400001</misses>
				<total>0</total>
				<timestamp>1244.899270</timestamp>
			</report>
			<report>
				<misses>197500001</misses>
				<total>0</total>
				<timestamp>1245.528052</timestamp>
			</report>
			<report>
				<misses>197600001</misses>
				<total>0</total>
				<timestamp>1246.159881</timestamp>
			</report>
			<report>
				<misses>197700001</misses>
				<total>0</total>
				<timestamp>1246.785224</timestamp>
			</report>
			<report>
				<misses>197800001</misses>
				<total>0</total>
				<timestamp>1247.410431</timestamp>
			</report>
			<report>
				<misses>197900001</misses>
				<total>0</total>
				<timestamp>1248.045514</timestamp>
			</report>
			<report>
				<misses>198000001</misses>
				<total>0</total>
				<timestamp>1248.675441</timestamp>
			</report>
			<report>
				<misses>198100001</misses>
				<total>0</total>
				<timestamp>1249.300887</timestamp>
			</report>
			<report>
				<misses>198200001</misses>
				<total>0</total>
				<timestamp>1249.925165</timestamp>
			</report>
			<report>
				<misses>198300001</misses>
				<total>0</total>
				<timestamp>1250.549642</timestamp>
			</report>
			<report>
				<misses>198400001</misses>
				<total>0</total>
				<timestamp>1251.173727</timestamp>
			</report>
			<report>
				<misses>198500001</misses>
				<total>0</total>
				<timestamp>1251.809626</timestamp>
			</report>
			<report>
				<misses>198600001</misses>
				<total>0</total>
				<timestamp>1252.435523</timestamp>
			</report>
			<report>
				<misses>198700001</misses>
				<total>0</total>
				<timestamp>1253.063391</timestamp>
			</report>
			<report>
				<misses>198800001</misses>
				<total>0</total>
				<timestamp>1253.691293</timestamp>
			</report>
			<report>
				<misses>198900001</misses>
				<total>0</total>
				<timestamp>1254.317331</timestamp>
			</report>
			<report>
				<misses>199000001</misses>
				<total>0</total>
				<timestamp>1254.942717</timestamp>
			</report>
			<report>
				<misses>199100001</misses>
				<total>0</total>
				<timestamp>1255.569576</timestamp>
			</report>
			<report>
				<misses>199200001</misses>
				<total>0</total>
				<timestamp>1256.204127</timestamp>
			</report>
			<report>
				<misses>199300001</misses>
				<total>0</total>
				<timestamp>1256.831316</timestamp>
			</report>
			<report>
				<misses>199400001</misses>
				<total>0</total>
				<timestamp>1257.459388</timestamp>
			</report>
			<report>
				<misses>199500001</misses>
				<total>0</total>
				<timestamp>1258.097095</timestamp>
			</report>
			<report>
				<misses>199600001</misses>
				<total>0</total>
				<timestamp>1258.722654</timestamp>
			</report>
			<report>
				<misses>199700001</misses>
				<total>0</total>
				<timestamp>1259.348306</timestamp>
			</report>
			<report>
				<misses>199800001</misses>
				<total>0</total>
				<timestamp>1259.985399</timestamp>
			</report>
			<report>
				<misses>199900001</misses>
				<total>0</total>
				<timestamp>1260.617414</timestamp>
			</report>
			<report>
				<misses>200000001</misses>
				<total>0</total>
				<timestamp>1261.242531</timestamp>
			</report>
			<report>
				<misses>200100001</misses>
				<total>0</total>
				<timestamp>1261.873650</timestamp>
			</report>
			<report>
				<misses>200200001</misses>
				<total>0</total>
				<timestamp>1262.505341</timestamp>
			</report>
			<report>
				<misses>200300001</misses>
				<total>0</total>
				<timestamp>1263.133107</timestamp>
			</report>
			<report>
				<misses>200400001</misses>
				<total>0</total>
				<timestamp>1263.761301</timestamp>
			</report>
			<report>
				<misses>200500001</misses>
				<total>0</total>
				<timestamp>1264.390114</timestamp>
			</report>
			<report>
				<misses>200600001</misses>
				<total>0</total>
				<timestamp>1265.023553</timestamp>
			</report>
			<report>
				<misses>200700001</misses>
				<total>0</total>
				<timestamp>1265.650656</timestamp>
			</report>
			<report>
				<misses>200800001</misses>
				<total>0</total>
				<timestamp>1266.279864</timestamp>
			</report>
			<report>
				<misses>200900001</misses>
				<total>0</total>
				<timestamp>1266.907747</timestamp>
			</report>
			<report>
				<misses>201000001</misses>
				<total>0</total>
				<timestamp>1267.533155</timestamp>
			</report>
			<report>
				<misses>201100001</misses>
				<total>0</total>
				<timestamp>1268.160995</timestamp>
			</report>
			<report>
				<misses>201200001</misses>
				<total>0</total>
				<timestamp>1268.789026</timestamp>
			</report>
			<report>
				<misses>201300001</misses>
				<total>0</total>
				<timestamp>1269.416387</timestamp>
			</report>
			<report>
				<misses>201400001</misses>
				<total>0</total>
				<timestamp>1270.044302</timestamp>
			</report>
			<report>
				<misses>201500001</misses>
				<total>0</total>
				<timestamp>1270.672133</timestamp>
			</report>
			<report>
				<misses>201600001</misses>
				<total>0</total>
				<timestamp>1271.299723</timestamp>
			</report>
			<report>
				<misses>201700001</misses>
				<total>0</total>
				<timestamp>1271.928071</timestamp>
			</report>
			<report>
				<misses>201800001</misses>
				<total>0</total>
				<timestamp>1272.555103</timestamp>
			</report>
			<report>
				<misses>201900001</misses>
				<total>0</total>
				<timestamp>1273.182406</timestamp>
			</report>
			<report>
				<misses>202000001</misses>
				<total>0</total>
				<timestamp>1273.814487</timestamp>
			</report>
			<report>
				<misses>202100001</misses>
				<total>0</total>
				<timestamp>1274.441983</timestamp>
			</report>
			<report>
				<misses>202200001</misses>
				<total>0</total>
				<timestamp>1275.067676</timestamp>
			</report>
			<report>
				<misses>202300001</misses>
				<total>0</total>
				<timestamp>1275.693146</timestamp>
			</report>
			<report>
				<misses>202400001</misses>
				<total>0</total>
				<timestamp>1276.318446</timestamp>
			</report>
			<report>
				<misses>202500001</misses>
				<total>0</total>
				<timestamp>1276.944702</timestamp>
			</report>
			<report>
				<misses>202600001</misses>
				<total>0</total>
				<timestamp>1277.570710</timestamp>
			</report>
			<report>
				<misses>202700001</misses>
				<total>0</total>
				<timestamp>1278.206354</timestamp>
			</report>
			<report>
				<misses>202800001</misses>
				<total>0</total>
				<timestamp>1278.828086</timestamp>
			</report>
			<report>
				<misses>202900001</misses>
				<total>0</total>
				<timestamp>1279.450583</timestamp>
			</report>
			<report>
				<misses>203000001</misses>
				<total>0</total>
				<timestamp>1280.072740</timestamp>
			</report>
			<report>
				<misses>203100001</misses>
				<total>0</total>
				<timestamp>1280.694557</timestamp>
			</report>
			<report>
				<misses>203200001</misses>
				<total>0</total>
				<timestamp>1281.316290</timestamp>
			</report>
			<report>
				<misses>203300001</misses>
				<total>0</total>
				<timestamp>1281.938773</timestamp>
			</report>
			<report>
				<misses>203400001</misses>
				<total>0</total>
				<timestamp>1282.571502</timestamp>
			</report>
			<report>
				<misses>203500001</misses>
				<total>0</total>
				<timestamp>1283.193253</timestamp>
			</report>
			<report>
				<misses>203600001</misses>
				<total>0</total>
				<timestamp>1283.813855</timestamp>
			</report>
			<report>
				<misses>203700001</misses>
				<total>0</total>
				<timestamp>1284.439271</timestamp>
			</report>
			<report>
				<misses>203800001</misses>
				<total>0</total>
				<timestamp>1285.065266</timestamp>
			</report>
			<report>
				<misses>203900001</misses>
				<total>0</total>
				<timestamp>1285.690540</timestamp>
			</report>
			<report>
				<misses>204000001</misses>
				<total>0</total>
				<timestamp>1286.315828</timestamp>
			</report>
			<report>
				<misses>204100001</misses>
				<total>0</total>
				<timestamp>1286.939864</timestamp>
			</report>
			<report>
				<misses>204200001</misses>
				<total>0</total>
				<timestamp>1287.564098</timestamp>
			</report>
			<report>
				<misses>204300001</misses>
				<total>0</total>
				<timestamp>1288.189995</timestamp>
			</report>
			<report>
				<misses>204400001</misses>
				<total>0</total>
				<timestamp>1288.815830</timestamp>
			</report>
			<report>
				<misses>204500001</misses>
				<total>0</total>
				<timestamp>1289.440822</timestamp>
			</report>
			<report>
				<misses>204600001</misses>
				<total>0</total>
				<timestamp>1290.065943</timestamp>
			</report>
			<report>
				<misses>204700001</misses>
				<total>0</total>
				<timestamp>1290.691406</timestamp>
			</report>
			<report>
				<misses>204800001</misses>
				<total>0</total>
				<timestamp>1291.316428</timestamp>
			</report>
			<report>
				<misses>204900001</misses>
				<total>0</total>
				<timestamp>1291.966248</timestamp>
			</report>
			<report>
				<misses>205000001</misses>
				<total>0</total>
				<timestamp>1292.590941</timestamp>
			</report>
			<report>
				<misses>205100001</misses>
				<total>0</total>
				<timestamp>1293.215746</timestamp>
			</report>
			<report>
				<misses>205200001</misses>
				<total>0</total>
				<timestamp>1293.840937</timestamp>
			</report>
			<report>
				<misses>205300001</misses>
				<total>0</total>
				<timestamp>1294.466000</timestamp>
			</report>
			<report>
				<misses>205400001</misses>
				<total>0</total>
				<timestamp>1295.092126</timestamp>
			</report>
			<report>
				<misses>205500001</misses>
				<total>0</total>
				<timestamp>1295.717902</timestamp>
			</report>
			<report>
				<misses>205600001</misses>
				<total>0</total>
				<timestamp>1296.343668</timestamp>
			</report>
			<report>
				<misses>205700001</misses>
				<total>0</total>
				<timestamp>1296.973644</timestamp>
			</report>
			<report>
				<misses>205800001</misses>
				<total>0</total>
				<timestamp>1297.598810</timestamp>
			</report>
			<report>
				<misses>205900001</misses>
				<total>0</total>
				<timestamp>1298.224928</timestamp>
			</report>
			<report>
				<misses>206000001</misses>
				<total>0</total>
				<timestamp>1298.851554</timestamp>
			</report>
			<report>
				<misses>206100001</misses>
				<total>0</total>
				<timestamp>1299.477097</timestamp>
			</report>
			<report>
				<misses>206200001</misses>
				<total>0</total>
				<timestamp>1300.102679</timestamp>
			</report>
			<report>
				<misses>206300001</misses>
				<total>0</total>
				<timestamp>1300.728179</timestamp>
			</report>
			<report>
				<misses>206400001</misses>
				<total>0</total>
				<timestamp>1301.353507</timestamp>
			</report>
			<report>
				<misses>206500001</misses>
				<total>0</total>
				<timestamp>1301.979006</timestamp>
			</report>
			<report>
				<misses>206600001</misses>
				<total>0</total>
				<timestamp>1302.604665</timestamp>
			</report>
			<report>
				<misses>206700001</misses>
				<total>0</total>
				<timestamp>1303.231062</timestamp>
			</report>
			<report>
				<misses>206800001</misses>
				<total>0</total>
				<timestamp>1303.856455</timestamp>
			</report>
			<report>
				<misses>206900001</misses>
				<total>0</total>
				<timestamp>1304.479942</timestamp>
			</report>
			<report>
				<misses>207000001</misses>
				<total>0</total>
				<timestamp>1305.105503</timestamp>
			</report>
			<report>
				<misses>207100001</misses>
				<total>0</total>
				<timestamp>1305.728833</timestamp>
			</report>
			<report>
				<misses>207200001</misses>
				<total>0</total>
				<timestamp>1306.352057</timestamp>
			</report>
			<report>
				<misses>207300001</misses>
				<total>0</total>
				<timestamp>1306.977410</timestamp>
			</report>
			<report>
				<misses>207400001</misses>
				<total>0</total>
				<timestamp>1307.601452</timestamp>
			</report>
			<report>
				<misses>207500001</misses>
				<total>0</total>
				<timestamp>1308.228443</timestamp>
			</report>
			<report>
				<misses>207600001</misses>
				<total>0</total>
				<timestamp>1308.855636</timestamp>
			</report>
			<report>
				<misses>207700001</misses>
				<total>0</total>
				<timestamp>1309.486344</timestamp>
			</report>
			<report>
				<misses>207800001</misses>
				<total>0</total>
				<timestamp>1310.122298</timestamp>
			</report>
			<report>
				<misses>207900001</misses>
				<total>0</total>
				<timestamp>1310.754367</timestamp>
			</report>
			<report>
				<misses>208000001</misses>
				<total>0</total>
				<timestamp>1311.387346</timestamp>
			</report>
			<report>
				<misses>208100001</misses>
				<total>0</total>
				<timestamp>1312.019557</timestamp>
			</report>
			<report>
				<misses>208200001</misses>
				<total>0</total>
				<timestamp>1312.651904</timestamp>
			</report>
			<report>
				<misses>208300001</misses>
				<total>0</total>
				<timestamp>1313.284211</timestamp>
			</report>
			<report>
				<misses>208400001</misses>
				<total>0</total>
				<timestamp>1313.916187</timestamp>
			</report>
			<report>
				<misses>208500001</misses>
				<total>0</total>
				<timestamp>1314.548044</timestamp>
			</report>
			<report>
				<misses>208600001</misses>
				<total>0</total>
				<timestamp>1315.179741</timestamp>
			</report>
			<report>
				<misses>208700001</misses>
				<total>0</total>
				<timestamp>1315.811899</timestamp>
			</report>
			<report>
				<misses>208800001</misses>
				<total>0</total>
				<timestamp>1316.443604</timestamp>
			</report>
			<report>
				<misses>208900001</misses>
				<total>0</total>
				<timestamp>1317.074557</timestamp>
			</report>
			<report>
				<misses>209000001</misses>
				<total>0</total>
				<timestamp>1317.705670</timestamp>
			</report>
			<report>
				<misses>209100001</misses>
				<total>0</total>
				<timestamp>1318.336508</timestamp>
			</report>
			<report>
				<misses>209200001</misses>
				<total>0</total>
				<timestamp>1318.968031</timestamp>
			</report>
			<report>
				<misses>209300001</misses>
				<total>0</total>
				<timestamp>1319.603064</timestamp>
			</report>
			<report>
				<misses>209400001</misses>
				<total>0</total>
				<timestamp>1320.233947</timestamp>
			</report>
			<report>
				<misses>209500001</misses>
				<total>0</total>
				<timestamp>1320.864747</timestamp>
			</report>
			<report>
				<misses>209600001</misses>
				<total>0</total>
				<timestamp>1321.496347</timestamp>
			</report>
			<report>
				<misses>209700001</misses>
				<total>0</total>
				<timestamp>1322.127483</timestamp>
			</report>
			<report>
				<misses>209800001</misses>
				<total>0</total>
				<timestamp>1322.759470</timestamp>
			</report>
			<report>
				<misses>209900001</misses>
				<total>0</total>
				<timestamp>1323.390841</timestamp>
			</report>
			<report>
				<misses>210000001</misses>
				<total>0</total>
				<timestamp>1324.025756</timestamp>
			</report>
			<report>
				<misses>210100001</misses>
				<total>0</total>
				<timestamp>1324.658923</timestamp>
			</report>
			<report>
				<misses>210200001</misses>
				<total>0</total>
				<timestamp>1325.291685</timestamp>
			</report>
			<report>
				<misses>210300001</misses>
				<total>0</total>
				<timestamp>1325.929117</timestamp>
			</report>
			<report>
				<misses>210400001</misses>
				<total>0</total>
				<timestamp>1326.562232</timestamp>
			</report>
			<report>
				<misses>210500001</misses>
				<total>0</total>
				<timestamp>1327.195689</timestamp>
			</report>
			<report>
				<misses>210600001</misses>
				<total>0</total>
				<timestamp>1327.828722</timestamp>
			</report>
			<report>
				<misses>210700001</misses>
				<total>0</total>
				<timestamp>1328.461692</timestamp>
			</report>
			<report>
				<misses>210800001</misses>
				<total>0</total>
				<timestamp>1329.092659</timestamp>
			</report>
			<report>
				<misses>210900001</misses>
				<total>0</total>
				<timestamp>1329.725090</timestamp>
			</report>
			<report>
				<misses>211000001</misses>
				<total>0</total>
				<timestamp>1330.356980</timestamp>
			</report>
			<report>
				<misses>211100001</misses>
				<total>0</total>
				<timestamp>1330.989273</timestamp>
			</report>
			<report>
				<misses>211200001</misses>
				<total>0</total>
				<timestamp>1331.621340</timestamp>
			</report>
			<report>
				<misses>211300001</misses>
				<total>0</total>
				<timestamp>1332.253878</timestamp>
			</report>
			<report>
				<misses>211400001</misses>
				<total>0</total>
				<timestamp>1332.885539</timestamp>
			</report>
			<report>
				<misses>211500001</misses>
				<total>0</total>
				<timestamp>1333.517835</timestamp>
			</report>
			<report>
				<misses>211600001</misses>
				<total>0</total>
				<timestamp>1334.148635</timestamp>
			</report>
			<report>
				<misses>211700001</misses>
				<total>0</total>
				<timestamp>1334.779211</timestamp>
			</report>
			<report>
				<misses>211800001</misses>
				<total>0</total>
				<timestamp>1335.410786</timestamp>
			</report>
			<report>
				<misses>211900001</misses>
				<total>0</total>
				<timestamp>1336.042212</timestamp>
			</report>
			<report>
				<misses>212000001</misses>
				<total>0</total>
				<timestamp>1336.672567</timestamp>
			</report>
			<report>
				<misses>212100001</misses>
				<total>0</total>
				<timestamp>1337.303887</timestamp>
			</report>
			<report>
				<misses>212200001</misses>
				<total>0</total>
				<timestamp>1337.934558</timestamp>
			</report>
			<report>
				<misses>212300001</misses>
				<total>0</total>
				<timestamp>1338.565461</timestamp>
			</report>
			<report>
				<misses>212400001</misses>
				<total>0</total>
				<timestamp>1339.196617</timestamp>
			</report>
			<report>
				<misses>212500001</misses>
				<total>0</total>
				<timestamp>1339.829443</timestamp>
			</report>
			<report>
				<misses>212600001</misses>
				<total>0</total>
				<timestamp>1340.462415</timestamp>
			</report>
			<report>
				<misses>212700001</misses>
				<total>0</total>
				<timestamp>1341.095154</timestamp>
			</report>
			<report>
				<misses>212800001</misses>
				<total>0</total>
				<timestamp>1341.727091</timestamp>
			</report>
			<report>
				<misses>212900001</misses>
				<total>0</total>
				<timestamp>1342.358060</timestamp>
			</report>
			<report>
				<misses>213000001</misses>
				<total>0</total>
				<timestamp>1342.988974</timestamp>
			</report>
			<report>
				<misses>213100001</misses>
				<total>0</total>
				<timestamp>1343.620072</timestamp>
			</report>
			<report>
				<misses>213200001</misses>
				<total>0</total>
				<timestamp>1344.251900</timestamp>
			</report>
			<report>
				<misses>213300001</misses>
				<total>0</total>
				<timestamp>1344.883715</timestamp>
			</report>
			<report>
				<misses>213400001</misses>
				<total>0</total>
				<timestamp>1345.521774</timestamp>
			</report>
			<report>
				<misses>213500001</misses>
				<total>0</total>
				<timestamp>1346.163582</timestamp>
			</report>
			<report>
				<misses>213600001</misses>
				<total>0</total>
				<timestamp>1346.797139</timestamp>
			</report>
			<report>
				<misses>213700001</misses>
				<total>0</total>
				<timestamp>1347.428632</timestamp>
			</report>
			<report>
				<misses>213800001</misses>
				<total>0</total>
				<timestamp>1348.060438</timestamp>
			</report>
			<report>
				<misses>213900001</misses>
				<total>0</total>
				<timestamp>1348.692326</timestamp>
			</report>
			<report>
				<misses>214000001</misses>
				<total>0</total>
				<timestamp>1349.323292</timestamp>
			</report>
			<report>
				<misses>214100001</misses>
				<total>0</total>
				<timestamp>1349.954553</timestamp>
			</report>
			<report>
				<misses>214200001</misses>
				<total>0</total>
				<timestamp>1350.585034</timestamp>
			</report>
			<report>
				<misses>214300001</misses>
				<total>0</total>
				<timestamp>1351.217040</timestamp>
			</report>
			<report>
				<misses>214400001</misses>
				<total>0</total>
				<timestamp>1351.847048</timestamp>
			</report>
			<report>
				<misses>214500001</misses>
				<total>0</total>
				<timestamp>1352.477416</timestamp>
			</report>
			<report>
				<misses>214600001</misses>
				<total>0</total>
				<timestamp>1353.109246</timestamp>
			</report>
			<report>
				<misses>214700001</misses>
				<total>0</total>
				<timestamp>1353.739274</timestamp>
			</report>
			<report>
				<misses>214800001</misses>
				<total>0</total>
				<timestamp>1354.371422</timestamp>
			</report>
			<report>
				<misses>214900001</misses>
				<total>0</total>
				<timestamp>1355.002726</timestamp>
			</report>
			<report>
				<misses>215000001</misses>
				<total>0</total>
				<timestamp>1355.632260</timestamp>
			</report>
			<report>
				<misses>215100001</misses>
				<total>0</total>
				<timestamp>1356.260458</timestamp>
			</report>
			<report>
				<misses>215200001</misses>
				<total>0</total>
				<timestamp>1356.887906</timestamp>
			</report>
			<report>
				<misses>215300001</misses>
				<total>0</total>
				<timestamp>1357.515116</timestamp>
			</report>
			<report>
				<misses>215400001</misses>
				<total>0</total>
				<timestamp>1358.141833</timestamp>
			</report>
			<report>
				<misses>215500001</misses>
				<total>0</total>
				<timestamp>1358.768920</timestamp>
			</report>
			<report>
				<misses>215600001</misses>
				<total>0</total>
				<timestamp>1359.396059</timestamp>
			</report>
			<report>
				<misses>215700001</misses>
				<total>0</total>
				<timestamp>1360.023140</timestamp>
			</report>
			<report>
				<misses>215800001</misses>
				<total>0</total>
				<timestamp>1360.650397</timestamp>
			</report>
			<report>
				<misses>215900001</misses>
				<total>0</total>
				<timestamp>1361.277589</timestamp>
			</report>
			<report>
				<misses>216000001</misses>
				<total>0</total>
				<timestamp>1361.904935</timestamp>
			</report>
			<report>
				<misses>216100001</misses>
				<total>0</total>
				<timestamp>1362.532456</timestamp>
			</report>
			<report>
				<misses>216200001</misses>
				<total>0</total>
				<timestamp>1363.159700</timestamp>
			</report>
			<report>
				<misses>216300001</misses>
				<total>0</total>
				<timestamp>1363.787164</timestamp>
			</report>
			<report>
				<misses>216400001</misses>
				<total>0</total>
				<timestamp>1364.415075</timestamp>
			</report>
			<report>
				<misses>216500001</misses>
				<total>0</total>
				<timestamp>1365.080475</timestamp>
			</report>
			<report>
				<misses>216600001</misses>
				<total>0</total>
				<timestamp>1365.720600</timestamp>
			</report>
			<report>
				<misses>216700001</misses>
				<total>0</total>
				<timestamp>1366.356874</timestamp>
			</report>
			<report>
				<misses>216800001</misses>
				<total>0</total>
				<timestamp>1366.984115</timestamp>
			</report>
			<report>
				<misses>216900001</misses>
				<total>0</total>
				<timestamp>1367.611289</timestamp>
			</report>
			<report>
				<misses>217000001</misses>
				<total>0</total>
				<timestamp>1368.244621</timestamp>
			</report>
			<report>
				<misses>217100001</misses>
				<total>0</total>
				<timestamp>1368.873673</timestamp>
			</report>
			<report>
				<misses>217200001</misses>
				<total>0</total>
				<timestamp>1369.503459</timestamp>
			</report>
			<report>
				<misses>217300001</misses>
				<total>0</total>
				<timestamp>1370.132884</timestamp>
			</report>
			<report>
				<misses>217400001</misses>
				<total>0</total>
				<timestamp>1370.762325</timestamp>
			</report>
			<report>
				<misses>217500001</misses>
				<total>0</total>
				<timestamp>1371.392103</timestamp>
			</report>
			<report>
				<misses>217600001</misses>
				<total>0</total>
				<timestamp>1372.022036</timestamp>
			</report>
			<report>
				<misses>217700001</misses>
				<total>0</total>
				<timestamp>1372.651733</timestamp>
			</report>
			<report>
				<misses>217800001</misses>
				<total>0</total>
				<timestamp>1373.280531</timestamp>
			</report>
			<report>
				<misses>217900001</misses>
				<total>0</total>
				<timestamp>1373.908962</timestamp>
			</report>
			<report>
				<misses>218000001</misses>
				<total>0</total>
				<timestamp>1374.536781</timestamp>
			</report>
			<report>
				<misses>218100001</misses>
				<total>0</total>
				<timestamp>1375.164726</timestamp>
			</report>
			<report>
				<misses>218200001</misses>
				<total>0</total>
				<timestamp>1375.793363</timestamp>
			</report>
			<report>
				<misses>218300001</misses>
				<total>0</total>
				<timestamp>1376.436655</timestamp>
			</report>
			<report>
				<misses>218400001</misses>
				<total>0</total>
				<timestamp>1377.064574</timestamp>
			</report>
			<report>
				<misses>218500001</misses>
				<total>0</total>
				<timestamp>1377.692493</timestamp>
			</report>
			<report>
				<misses>218600001</misses>
				<total>0</total>
				<timestamp>1378.320668</timestamp>
			</report>
			<report>
				<misses>218700001</misses>
				<total>0</total>
				<timestamp>1378.949127</timestamp>
			</report>
			<report>
				<misses>218800001</misses>
				<total>0</total>
				<timestamp>1379.577363</timestamp>
			</report>
			<report>
				<misses>218900001</misses>
				<total>0</total>
				<timestamp>1380.205975</timestamp>
			</report>
			<report>
				<misses>219000001</misses>
				<total>0</total>
				<timestamp>1380.834221</timestamp>
			</report>
			<report>
				<misses>219100001</misses>
				<total>0</total>
				<timestamp>1381.462634</timestamp>
			</report>
			<report>
				<misses>219200001</misses>
				<total>0</total>
				<timestamp>1382.091063</timestamp>
			</report>
			<report>
				<misses>219300001</misses>
				<total>0</total>
				<timestamp>1382.719231</timestamp>
			</report>
			<report>
				<misses>219400001</misses>
				<total>0</total>
				<timestamp>1383.346875</timestamp>
			</report>
			<report>
				<misses>219500001</misses>
				<total>0</total>
				<timestamp>1383.974426</timestamp>
			</report>
			<report>
				<misses>219600001</misses>
				<total>0</total>
				<timestamp>1384.601824</timestamp>
			</report>
			<report>
				<misses>219700001</misses>
				<total>0</total>
				<timestamp>1385.229397</timestamp>
			</report>
			<report>
				<misses>219800001</misses>
				<total>0</total>
				<timestamp>1385.857070</timestamp>
			</report>
			<report>
				<misses>219900001</misses>
				<total>0</total>
				<timestamp>1386.493318</timestamp>
			</report>
			<report>
				<misses>220000001</misses>
				<total>0</total>
				<timestamp>1387.120920</timestamp>
			</report>
			<report>
				<misses>220100001</misses>
				<total>0</total>
				<timestamp>1387.747964</timestamp>
			</report>
			<report>
				<misses>220200001</misses>
				<total>0</total>
				<timestamp>1388.374903</timestamp>
			</report>
			<report>
				<misses>220300001</misses>
				<total>0</total>
				<timestamp>1389.002572</timestamp>
			</report>
			<report>
				<misses>220400001</misses>
				<total>0</total>
				<timestamp>1389.630097</timestamp>
			</report>
			<report>
				<misses>220500001</misses>
				<total>0</total>
				<timestamp>1390.257566</timestamp>
			</report>
			<report>
				<misses>220600001</misses>
				<total>0</total>
				<timestamp>1390.884894</timestamp>
			</report>
			<report>
				<misses>220700001</misses>
				<total>0</total>
				<timestamp>1391.512197</timestamp>
			</report>
			<report>
				<misses>220800001</misses>
				<total>0</total>
				<timestamp>1392.139189</timestamp>
			</report>
			<report>
				<misses>220900001</misses>
				<total>0</total>
				<timestamp>1392.766407</timestamp>
			</report>
			<report>
				<misses>221000001</misses>
				<total>0</total>
				<timestamp>1393.393961</timestamp>
			</report>
			<report>
				<misses>221100001</misses>
				<total>0</total>
				<timestamp>1394.022406</timestamp>
			</report>
			<report>
				<misses>221200001</misses>
				<total>0</total>
				<timestamp>1394.650770</timestamp>
			</report>
			<report>
				<misses>221300001</misses>
				<total>0</total>
				<timestamp>1395.278710</timestamp>
			</report>
			<report>
				<misses>221400001</misses>
				<total>0</total>
				<timestamp>1395.906301</timestamp>
			</report>
			<report>
				<misses>221500001</misses>
				<total>0</total>
				<timestamp>1396.535445</timestamp>
			</report>
			<report>
				<misses>221600001</misses>
				<total>0</total>
				<timestamp>1397.162424</timestamp>
			</report>
			<report>
				<misses>221700001</misses>
				<total>0</total>
				<timestamp>1397.789726</timestamp>
			</report>
			<report>
				<misses>221800001</misses>
				<total>0</total>
				<timestamp>1398.417573</timestamp>
			</report>
			<report>
				<misses>221900001</misses>
				<total>0</total>
				<timestamp>1399.044657</timestamp>
			</report>
			<report>
				<misses>222000001</misses>
				<total>0</total>
				<timestamp>1399.671951</timestamp>
			</report>
			<report>
				<misses>222100001</misses>
				<total>0</total>
				<timestamp>1400.299719</timestamp>
			</report>
			<report>
				<misses>222200001</misses>
				<total>0</total>
				<timestamp>1400.930528</timestamp>
			</report>
			<report>
				<misses>222300001</misses>
				<total>0</total>
				<timestamp>1401.558483</timestamp>
			</report>
			<report>
				<misses>222400001</misses>
				<total>0</total>
				<timestamp>1402.186290</timestamp>
			</report>
			<report>
				<misses>222500001</misses>
				<total>0</total>
				<timestamp>1402.814424</timestamp>
			</report>
			<report>
				<misses>222600001</misses>
				<total>0</total>
				<timestamp>1403.442659</timestamp>
			</report>
			<report>
				<misses>222700001</misses>
				<total>0</total>
				<timestamp>1404.070892</timestamp>
			</report>
			<report>
				<misses>222800001</misses>
				<total>0</total>
				<timestamp>1404.699368</timestamp>
			</report>
			<report>
				<misses>222900001</misses>
				<total>0</total>
				<timestamp>1405.338518</timestamp>
			</report>
			<report>
				<misses>223000001</misses>
				<total>0</total>
				<timestamp>1405.966548</timestamp>
			</report>
			<report>
				<misses>223100001</misses>
				<total>0</total>
				<timestamp>1406.593216</timestamp>
			</report>
			<report>
				<misses>223200001</misses>
				<total>0</total>
				<timestamp>1407.219234</timestamp>
			</report>
			<report>
				<misses>223300001</misses>
				<total>0</total>
				<timestamp>1407.845525</timestamp>
			</report>
			<report>
				<misses>223400001</misses>
				<total>0</total>
				<timestamp>1408.478198</timestamp>
			</report>
			<report>
				<misses>223500001</misses>
				<total>0</total>
				<timestamp>1409.104996</timestamp>
			</report>
			<report>
				<misses>223600001</misses>
				<total>0</total>
				<timestamp>1409.732547</timestamp>
			</report>
			<report>
				<misses>223700001</misses>
				<total>0</total>
				<timestamp>1410.358844</timestamp>
			</report>
			<report>
				<misses>223800001</misses>
				<total>0</total>
				<timestamp>1410.985195</timestamp>
			</report>
			<report>
				<misses>223900001</misses>
				<total>0</total>
				<timestamp>1411.611264</timestamp>
			</report>
			<report>
				<misses>224000001</misses>
				<total>0</total>
				<timestamp>1412.237814</timestamp>
			</report>
			<report>
				<misses>224100001</misses>
				<total>0</total>
				<timestamp>1412.863360</timestamp>
			</report>
			<report>
				<misses>224200001</misses>
				<total>0</total>
				<timestamp>1413.489582</timestamp>
			</report>
			<report>
				<misses>224300001</misses>
				<total>0</total>
				<timestamp>1414.136841</timestamp>
			</report>
			<report>
				<misses>224400001</misses>
				<total>0</total>
				<timestamp>1414.763970</timestamp>
			</report>
			<report>
				<misses>224500001</misses>
				<total>0</total>
				<timestamp>1415.392177</timestamp>
			</report>
			<report>
				<misses>224600001</misses>
				<total>0</total>
				<timestamp>1416.019583</timestamp>
			</report>
			<report>
				<misses>224700001</misses>
				<total>0</total>
				<timestamp>1416.646834</timestamp>
			</report>
			<report>
				<misses>224800001</misses>
				<total>0</total>
				<timestamp>1417.274616</timestamp>
			</report>
			<report>
				<misses>224900001</misses>
				<total>0</total>
				<timestamp>1417.901521</timestamp>
			</report>
			<report>
				<misses>225000001</misses>
				<total>0</total>
				<timestamp>1418.527281</timestamp>
			</report>
			<report>
				<misses>225100001</misses>
				<total>0</total>
				<timestamp>1419.152735</timestamp>
			</report>
			<report>
				<misses>225200001</misses>
				<total>0</total>
				<timestamp>1419.783156</timestamp>
			</report>
			<report>
				<misses>225300001</misses>
				<total>0</total>
				<timestamp>1420.408021</timestamp>
			</report>
			<report>
				<misses>225400001</misses>
				<total>0</total>
				<timestamp>1421.033472</timestamp>
			</report>
			<report>
				<misses>225500001</misses>
				<total>0</total>
				<timestamp>1421.657932</timestamp>
			</report>
			<report>
				<misses>225600001</misses>
				<total>0</total>
				<timestamp>1422.283410</timestamp>
			</report>
			<report>
				<misses>225700001</misses>
				<total>0</total>
				<timestamp>1422.914941</timestamp>
			</report>
			<report>
				<misses>225800001</misses>
				<total>0</total>
				<timestamp>1423.541097</timestamp>
			</report>
			<report>
				<misses>225900001</misses>
				<total>0</total>
				<timestamp>1424.169543</timestamp>
			</report>
			<report>
				<misses>226000001</misses>
				<total>0</total>
				<timestamp>1424.795446</timestamp>
			</report>
			<report>
				<misses>226100001</misses>
				<total>0</total>
				<timestamp>1425.421343</timestamp>
			</report>
			<report>
				<misses>226200001</misses>
				<total>0</total>
				<timestamp>1426.047303</timestamp>
			</report>
			<report>
				<misses>226300001</misses>
				<total>0</total>
				<timestamp>1426.672234</timestamp>
			</report>
			<report>
				<misses>226400001</misses>
				<total>0</total>
				<timestamp>1427.297751</timestamp>
			</report>
			<report>
				<misses>226500001</misses>
				<total>0</total>
				<timestamp>1427.923713</timestamp>
			</report>
			<report>
				<misses>226600001</misses>
				<total>0</total>
				<timestamp>1428.548892</timestamp>
			</report>
			<report>
				<misses>226700001</misses>
				<total>0</total>
				<timestamp>1429.174542</timestamp>
			</report>
			<report>
				<misses>226800001</misses>
				<total>0</total>
				<timestamp>1429.800027</timestamp>
			</report>
			<report>
				<misses>226900001</misses>
				<total>0</total>
				<timestamp>1430.424821</timestamp>
			</report>
			<report>
				<misses>227000001</misses>
				<total>0</total>
				<timestamp>1431.049580</timestamp>
			</report>
			<report>
				<misses>227100001</misses>
				<total>0</total>
				<timestamp>1431.675923</timestamp>
			</report>
			<report>
				<misses>227200001</misses>
				<total>0</total>
				<timestamp>1432.300802</timestamp>
			</report>
			<report>
				<misses>227300001</misses>
				<total>0</total>
				<timestamp>1432.925947</timestamp>
			</report>
			<report>
				<misses>227400001</misses>
				<total>0</total>
				<timestamp>1433.550688</timestamp>
			</report>
			<report>
				<misses>227500001</misses>
				<total>0</total>
				<timestamp>1434.176339</timestamp>
			</report>
			<report>
				<misses>227600001</misses>
				<total>0</total>
				<timestamp>1434.814893</timestamp>
			</report>
			<report>
				<misses>227700001</misses>
				<total>0</total>
				<timestamp>1435.438371</timestamp>
			</report>
			<report>
				<misses>227800001</misses>
				<total>0</total>
				<timestamp>1436.067856</timestamp>
			</report>
			<report>
				<misses>227900001</misses>
				<total>0</total>
				<timestamp>1436.692684</timestamp>
			</report>
			<report>
				<misses>228000001</misses>
				<total>0</total>
				<timestamp>1437.318219</timestamp>
			</report>
			<report>
				<misses>228100001</misses>
				<total>0</total>
				<timestamp>1437.943183</timestamp>
			</report>
			<report>
				<misses>228200001</misses>
				<total>0</total>
				<timestamp>1438.567725</timestamp>
			</report>
			<report>
				<misses>228300001</misses>
				<total>0</total>
				<timestamp>1439.202926</timestamp>
			</report>
			<report>
				<misses>228400001</misses>
				<total>0</total>
				<timestamp>1439.838793</timestamp>
			</report>
			<report>
				<misses>228500001</misses>
				<total>0</total>
				<timestamp>1440.465174</timestamp>
			</report>
			<report>
				<misses>228600001</misses>
				<total>0</total>
				<timestamp>1441.088763</timestamp>
			</report>
			<report>
				<misses>228700001</misses>
				<total>0</total>
				<timestamp>1441.716987</timestamp>
			</report>
			<report>
				<misses>228800001</misses>
				<total>0</total>
				<timestamp>1442.340440</timestamp>
			</report>
			<report>
				<misses>228900001</misses>
				<total>0</total>
				<timestamp>1442.964191</timestamp>
			</report>
			<report>
				<misses>229000001</misses>
				<total>0</total>
				<timestamp>1443.588785</timestamp>
			</report>
			<report>
				<misses>229100001</misses>
				<total>0</total>
				<timestamp>1444.214320</timestamp>
			</report>
			<report>
				<misses>229200001</misses>
				<total>0</total>
				<timestamp>1444.851115</timestamp>
			</report>
			<report>
				<misses>229300001</misses>
				<total>0</total>
				<timestamp>1445.474332</timestamp>
			</report>
			<report>
				<misses>229400001</misses>
				<total>0</total>
				<timestamp>1446.104248</timestamp>
			</report>
			<report>
				<misses>229500001</misses>
				<total>0</total>
				<timestamp>1446.727510</timestamp>
			</report>
			<report>
				<misses>229600001</misses>
				<total>0</total>
				<timestamp>1447.353150</timestamp>
			</report>
			<report>
				<misses>229700001</misses>
				<total>0</total>
				<timestamp>1447.979979</timestamp>
			</report>
			<report>
				<misses>229800001</misses>
				<total>0</total>
				<timestamp>1448.618218</timestamp>
			</report>
			<report>
				<misses>229900001</misses>
				<total>0</total>
				<timestamp>1449.247488</timestamp>
			</report>
			<report>
				<misses>230000001</misses>
				<total>0</total>
				<timestamp>1449.869659</timestamp>
			</report>
			<report>
				<misses>230100001</misses>
				<total>0</total>
				<timestamp>1450.493115</timestamp>
			</report>
			<report>
				<misses>230200001</misses>
				<total>0</total>
				<timestamp>1451.122587</timestamp>
			</report>
			<report>
				<misses>230300001</misses>
				<total>0</total>
				<timestamp>1451.758187</timestamp>
			</report>
			<report>
				<misses>230400001</misses>
				<total>0</total>
				<timestamp>1452.383644</timestamp>
			</report>
			<report>
				<misses>230500001</misses>
				<total>0</total>
				<timestamp>1453.008493</timestamp>
			</report>
			<report>
				<misses>230600001</misses>
				<total>0</total>
				<timestamp>1453.635331</timestamp>
			</report>
			<report>
				<misses>230700001</misses>
				<total>0</total>
				<timestamp>1454.262908</timestamp>
			</report>
			<report>
				<misses>230800001</misses>
				<total>0</total>
				<timestamp>1454.902501</timestamp>
			</report>
			<report>
				<misses>230900001</misses>
				<total>0</total>
				<timestamp>1455.543348</timestamp>
			</report>
			<report>
				<misses>231000001</misses>
				<total>0</total>
				<timestamp>1456.173756</timestamp>
			</report>
			<report>
				<misses>231100001</misses>
				<total>0</total>
				<timestamp>1456.805084</timestamp>
			</report>
			<report>
				<misses>231200001</misses>
				<total>0</total>
				<timestamp>1457.429436</timestamp>
			</report>
			<report>
				<misses>231300001</misses>
				<total>0</total>
				<timestamp>1458.076621</timestamp>
			</report>
			<report>
				<misses>231400001</misses>
				<total>0</total>
				<timestamp>1458.706341</timestamp>
			</report>
			<report>
				<misses>231500001</misses>
				<total>0</total>
				<timestamp>1459.353178</timestamp>
			</report>
			<report>
				<misses>231600001</misses>
				<total>0</total>
				<timestamp>1459.991080</timestamp>
			</report>
			<report>
				<misses>231700001</misses>
				<total>0</total>
				<timestamp>1460.617199</timestamp>
			</report>
			<report>
				<misses>231800001</misses>
				<total>0</total>
				<timestamp>1461.249774</timestamp>
			</report>
			<report>
				<misses>231900001</misses>
				<total>0</total>
				<timestamp>1461.874784</timestamp>
			</report>
			<report>
				<misses>232000001</misses>
				<total>0</total>
				<timestamp>1462.499867</timestamp>
			</report>
			<report>
				<misses>232100001</misses>
				<total>0</total>
				<timestamp>1463.130215</timestamp>
			</report>
			<report>
				<misses>232200001</misses>
				<total>0</total>
				<timestamp>1463.763833</timestamp>
			</report>
			<report>
				<misses>232300001</misses>
				<total>0</total>
				<timestamp>1464.397640</timestamp>
			</report>
			<report>
				<misses>232400001</misses>
				<total>0</total>
				<timestamp>1465.030235</timestamp>
			</report>
			<report>
				<misses>232500001</misses>
				<total>0</total>
				<timestamp>1465.659097</timestamp>
			</report>
			<report>
				<misses>232600001</misses>
				<total>0</total>
				<timestamp>1466.291372</timestamp>
			</report>
			<report>
				<misses>232700001</misses>
				<total>0</total>
				<timestamp>1466.915293</timestamp>
			</report>
			<report>
				<misses>232800001</misses>
				<total>0</total>
				<timestamp>1467.547905</timestamp>
			</report>
			<report>
				<misses>232900001</misses>
				<total>0</total>
				<timestamp>1468.178542</timestamp>
			</report>
			<report>
				<misses>233000001</misses>
				<total>0</total>
				<timestamp>1468.813165</timestamp>
			</report>
			<report>
				<misses>233100001</misses>
				<total>0</total>
				<timestamp>1469.439568</timestamp>
			</report>
			<report>
				<misses>233200001</misses>
				<total>0</total>
				<timestamp>1470.067979</timestamp>
			</report>
			<report>
				<misses>233300001</misses>
				<total>0</total>
				<timestamp>1470.694085</timestamp>
			</report>
			<report>
				<misses>233400001</misses>
				<total>0</total>
				<timestamp>1471.325618</timestamp>
			</report>
			<report>
				<misses>233500001</misses>
				<total>0</total>
				<timestamp>1471.957101</timestamp>
			</report>
			<report>
				<misses>233600001</misses>
				<total>0</total>
				<timestamp>1472.592327</timestamp>
			</report>
			<report>
				<misses>233700001</misses>
				<total>0</total>
				<timestamp>1473.230713</timestamp>
			</report>
			<report>
				<misses>233800001</misses>
				<total>0</total>
				<timestamp>1473.862222</timestamp>
			</report>
			<report>
				<misses>233900001</misses>
				<total>0</total>
				<timestamp>1474.484928</timestamp>
			</report>
			<report>
				<misses>234000001</misses>
				<total>0</total>
				<timestamp>1475.110512</timestamp>
			</report>
			<report>
				<misses>234100001</misses>
				<total>0</total>
				<timestamp>1475.745549</timestamp>
			</report>
			<report>
				<misses>234200001</misses>
				<total>0</total>
				<timestamp>1476.368538</timestamp>
			</report>
			<report>
				<misses>234300001</misses>
				<total>0</total>
				<timestamp>1476.994612</timestamp>
			</report>
			<report>
				<misses>234400001</misses>
				<total>0</total>
				<timestamp>1477.622604</timestamp>
			</report>
			<report>
				<misses>234500001</misses>
				<total>0</total>
				<timestamp>1478.268224</timestamp>
			</report>
			<report>
				<misses>234600001</misses>
				<total>0</total>
				<timestamp>1478.893698</timestamp>
			</report>
			<report>
				<misses>234700001</misses>
				<total>0</total>
				<timestamp>1479.529721</timestamp>
			</report>
			<report>
				<misses>234800001</misses>
				<total>0</total>
				<timestamp>1480.152046</timestamp>
			</report>
			<report>
				<misses>234900001</misses>
				<total>0</total>
				<timestamp>1480.775645</timestamp>
			</report>
			<report>
				<misses>235000001</misses>
				<total>0</total>
				<timestamp>1481.406839</timestamp>
			</report>
			<report>
				<misses>235100001</misses>
				<total>0</total>
				<timestamp>1482.031576</timestamp>
			</report>
			<report>
				<misses>235200001</misses>
				<total>0</total>
				<timestamp>1482.653559</timestamp>
			</report>
			<report>
				<misses>235300001</misses>
				<total>0</total>
				<timestamp>1483.295041</timestamp>
			</report>
			<report>
				<misses>235400001</misses>
				<total>0</total>
				<timestamp>1483.944272</timestamp>
			</report>
			<report>
				<misses>235500001</misses>
				<total>0</total>
				<timestamp>1484.565832</timestamp>
			</report>
			<report>
				<misses>235600001</misses>
				<total>0</total>
				<timestamp>1485.192022</timestamp>
			</report>
			<report>
				<misses>235700001</misses>
				<total>0</total>
				<timestamp>1485.825910</timestamp>
			</report>
			<report>
				<misses>235800001</misses>
				<total>0</total>
				<timestamp>1486.452469</timestamp>
			</report>
			<report>
				<misses>235900001</misses>
				<total>0</total>
				<timestamp>1487.081589</timestamp>
			</report>
			<report>
				<misses>236000001</misses>
				<total>0</total>
				<timestamp>1487.720675</timestamp>
			</report>
			<report>
				<misses>236100001</misses>
				<total>0</total>
				<timestamp>1488.346713</timestamp>
			</report>
			<report>
				<misses>236200001</misses>
				<total>0</total>
				<timestamp>1488.981023</timestamp>
			</report>
			<report>
				<misses>236300001</misses>
				<total>0</total>
				<timestamp>1489.610055</timestamp>
			</report>
			<report>
				<misses>236400001</misses>
				<total>0</total>
				<timestamp>1490.252550</timestamp>
			</report>
			<report>
				<misses>236500001</misses>
				<total>0</total>
				<timestamp>1490.874448</timestamp>
			</report>
			<report>
				<misses>236600001</misses>
				<total>0</total>
				<timestamp>1491.499373</timestamp>
			</report>
			<report>
				<misses>236700001</misses>
				<total>0</total>
				<timestamp>1492.128576</timestamp>
			</report>
			<report>
				<misses>236800001</misses>
				<total>0</total>
				<timestamp>1492.762033</timestamp>
			</report>
			<report>
				<misses>236900001</misses>
				<total>0</total>
				<timestamp>1493.384371</timestamp>
			</report>
			<report>
				<misses>237000001</misses>
				<total>0</total>
				<timestamp>1494.012424</timestamp>
			</report>
			<report>
				<misses>237100001</misses>
				<total>0</total>
				<timestamp>1494.634351</timestamp>
			</report>
			<report>
				<misses>237200001</misses>
				<total>0</total>
				<timestamp>1495.260172</timestamp>
			</report>
			<report>
				<misses>237300001</misses>
				<total>0</total>
				<timestamp>1495.888647</timestamp>
			</report>
			<report>
				<misses>237400001</misses>
				<total>0</total>
				<timestamp>1496.510205</timestamp>
			</report>
			<report>
				<misses>237500001</misses>
				<total>0</total>
				<timestamp>1497.138416</timestamp>
			</report>
			<report>
				<misses>237600001</misses>
				<total>0</total>
				<timestamp>1497.759829</timestamp>
			</report>
			<report>
				<misses>237700001</misses>
				<total>0</total>
				<timestamp>1498.382582</timestamp>
			</report>
			<report>
				<misses>237800001</misses>
				<total>0</total>
				<timestamp>1499.004654</timestamp>
			</report>
			<report>
				<misses>237900001</misses>
				<total>0</total>
				<timestamp>1499.633006</timestamp>
			</report>
			<report>
				<misses>238000001</misses>
				<total>0</total>
				<timestamp>1500.273727</timestamp>
			</report>
			<report>
				<misses>238100001</misses>
				<total>0</total>
				<timestamp>1500.900232</timestamp>
			</report>
			<report>
				<misses>238200001</misses>
				<total>0</total>
				<timestamp>1501.529590</timestamp>
			</report>
			<report>
				<misses>238300001</misses>
				<total>0</total>
				<timestamp>1502.167357</timestamp>
			</report>
			<report>
				<misses>238400001</misses>
				<total>0</total>
				<timestamp>1502.792245</timestamp>
			</report>
			<report>
				<misses>238500001</misses>
				<total>0</total>
				<timestamp>1503.416315</timestamp>
			</report>
			<report>
				<misses>238600001</misses>
				<total>0</total>
				<timestamp>1504.052412</timestamp>
			</report>
			<report>
				<misses>238700001</misses>
				<total>0</total>
				<timestamp>1504.675849</timestamp>
			</report>
			<report>
				<misses>238800001</misses>
				<total>0</total>
				<timestamp>1505.298221</timestamp>
			</report>
			<report>
				<misses>238900001</misses>
				<total>0</total>
				<timestamp>1505.931419</timestamp>
			</report>
			<report>
				<misses>239000001</misses>
				<total>0</total>
				<timestamp>1506.553912</timestamp>
			</report>
			<report>
				<misses>239100001</misses>
				<total>0</total>
				<timestamp>1507.182237</timestamp>
			</report>
			<report>
				<misses>239200001</misses>
				<total>0</total>
				<timestamp>1507.820393</timestamp>
			</report>
			<report>
				<misses>239300001</misses>
				<total>0</total>
				<timestamp>1508.441015</timestamp>
			</report>
			<report>
				<misses>239400001</misses>
				<total>0</total>
				<timestamp>1509.066111</timestamp>
			</report>
			<report>
				<misses>239500001</misses>
				<total>0</total>
				<timestamp>1509.687366</timestamp>
			</report>
			<report>
				<misses>239600001</misses>
				<total>0</total>
				<timestamp>1510.311980</timestamp>
			</report>
			<report>
				<misses>239700001</misses>
				<total>0</total>
				<timestamp>1510.944907</timestamp>
			</report>
			<report>
				<misses>239800001</misses>
				<total>0</total>
				<timestamp>1511.572952</timestamp>
			</report>
			<report>
				<misses>239900001</misses>
				<total>0</total>
				<timestamp>1512.201243</timestamp>
			</report>
			<report>
				<misses>240000001</misses>
				<total>0</total>
				<timestamp>1512.839812</timestamp>
			</report>
			<report>
				<misses>240100001</misses>
				<total>0</total>
				<timestamp>1513.463426</timestamp>
			</report>
			<report>
				<misses>240200001</misses>
				<total>0</total>
				<timestamp>1514.086494</timestamp>
			</report>
			<report>
				<misses>240300001</misses>
				<total>0</total>
				<timestamp>1514.709654</timestamp>
			</report>
			<report>
				<misses>240400001</misses>
				<total>0</total>
				<timestamp>1515.342152</timestamp>
			</report>
			<report>
				<misses>240500001</misses>
				<total>0</total>
				<timestamp>1515.968248</timestamp>
			</report>
			<report>
				<misses>240600001</misses>
				<total>0</total>
				<timestamp>1516.589837</timestamp>
			</report>
			<report>
				<misses>240700001</misses>
				<total>0</total>
				<timestamp>1517.212807</timestamp>
			</report>
			<report>
				<misses>240800001</misses>
				<total>0</total>
				<timestamp>1517.838181</timestamp>
			</report>
			<report>
				<misses>240900001</misses>
				<total>0</total>
				<timestamp>1518.464009</timestamp>
			</report>
			<report>
				<misses>241000001</misses>
				<total>0</total>
				<timestamp>1519.088032</timestamp>
			</report>
			<report>
				<misses>241100001</misses>
				<total>0</total>
				<timestamp>1519.712221</timestamp>
			</report>
			<report>
				<misses>241200001</misses>
				<total>0</total>
				<timestamp>1520.337020</timestamp>
			</report>
			<report>
				<misses>241300001</misses>
				<total>0</total>
				<timestamp>1520.968447</timestamp>
			</report>
			<report>
				<misses>241400001</misses>
				<total>0</total>
				<timestamp>1521.591233</timestamp>
			</report>
			<report>
				<misses>241500001</misses>
				<total>0</total>
				<timestamp>1522.227222</timestamp>
			</report>
			<report>
				<misses>241600001</misses>
				<total>0</total>
				<timestamp>1522.858547</timestamp>
			</report>
			<report>
				<misses>241700001</misses>
				<total>0</total>
				<timestamp>1523.499052</timestamp>
			</report>
			<report>
				<misses>241800001</misses>
				<total>0</total>
				<timestamp>1524.126110</timestamp>
			</report>
			<report>
				<misses>241900001</misses>
				<total>0</total>
				<timestamp>1524.748671</timestamp>
			</report>
			<report>
				<misses>242000001</misses>
				<total>0</total>
				<timestamp>1525.386388</timestamp>
			</report>
			<report>
				<misses>242100001</misses>
				<total>0</total>
				<timestamp>1526.027327</timestamp>
			</report>
			<report>
				<misses>242200001</misses>
				<total>0</total>
				<timestamp>1526.661596</timestamp>
			</report>
			<report>
				<misses>242300001</misses>
				<total>0</total>
				<timestamp>1527.297150</timestamp>
			</report>
			<report>
				<misses>242400001</misses>
				<total>0</total>
				<timestamp>1527.933161</timestamp>
			</report>
			<report>
				<misses>242500001</misses>
				<total>0</total>
				<timestamp>1528.566679</timestamp>
			</report>
			<report>
				<misses>242600001</misses>
				<total>0</total>
				<timestamp>1529.192518</timestamp>
			</report>
			<report>
				<misses>242700001</misses>
				<total>0</total>
				<timestamp>1529.818666</timestamp>
			</report>
			<report>
				<misses>242800001</misses>
				<total>0</total>
				<timestamp>1530.440922</timestamp>
			</report>
			<report>
				<misses>242900001</misses>
				<total>0</total>
				<timestamp>1531.066063</timestamp>
			</report>
			<report>
				<misses>243000001</misses>
				<total>0</total>
				<timestamp>1531.703989</timestamp>
			</report>
			<report>
				<misses>243100001</misses>
				<total>0</total>
				<timestamp>1532.329690</timestamp>
			</report>
			<report>
				<misses>243200001</misses>
				<total>0</total>
				<timestamp>1532.959013</timestamp>
			</report>
			<report>
				<misses>243300001</misses>
				<total>0</total>
				<timestamp>1533.586461</timestamp>
			</report>
			<report>
				<misses>243400001</misses>
				<total>0</total>
				<timestamp>1534.213351</timestamp>
			</report>
			<report>
				<misses>243500001</misses>
				<total>0</total>
				<timestamp>1534.843689</timestamp>
			</report>
			<report>
				<misses>243600001</misses>
				<total>0</total>
				<timestamp>1535.482694</timestamp>
			</report>
			<report>
				<misses>243700001</misses>
				<total>0</total>
				<timestamp>1536.109086</timestamp>
			</report>
			<report>
				<misses>243800001</misses>
				<total>0</total>
				<timestamp>1536.740205</timestamp>
			</report>
			<report>
				<misses>243900001</misses>
				<total>0</total>
				<timestamp>1537.383177</timestamp>
			</report>
			<report>
				<misses>244000001</misses>
				<total>0</total>
				<timestamp>1538.010359</timestamp>
			</report>
			<report>
				<misses>244100001</misses>
				<total>0</total>
				<timestamp>1538.633690</timestamp>
			</report>
			<report>
				<misses>244200001</misses>
				<total>0</total>
				<timestamp>1539.263389</timestamp>
			</report>
			<report>
				<misses>244300001</misses>
				<total>0</total>
				<timestamp>1539.887101</timestamp>
			</report>
			<report>
				<misses>244400001</misses>
				<total>0</total>
				<timestamp>1540.510768</timestamp>
			</report>
			<report>
				<misses>244500001</misses>
				<total>0</total>
				<timestamp>1541.151519</timestamp>
			</report>
			<report>
				<misses>244600001</misses>
				<total>0</total>
				<timestamp>1541.780017</timestamp>
			</report>
			<report>
				<misses>244700001</misses>
				<total>0</total>
				<timestamp>1542.407565</timestamp>
			</report>
			<report>
				<misses>244800001</misses>
				<total>0</total>
				<timestamp>1543.032813</timestamp>
			</report>
			<report>
				<misses>244900001</misses>
				<total>0</total>
				<timestamp>1543.666394</timestamp>
			</report>
			<report>
				<misses>245000001</misses>
				<total>0</total>
				<timestamp>1544.295601</timestamp>
			</report>
			<report>
				<misses>245100001</misses>
				<total>0</total>
				<timestamp>1544.931235</timestamp>
			</report>
			<report>
				<misses>245200001</misses>
				<total>0</total>
				<timestamp>1545.557424</timestamp>
			</report>
			<report>
				<misses>245300001</misses>
				<total>0</total>
				<timestamp>1546.185861</timestamp>
			</report>
			<report>
				<misses>245400001</misses>
				<total>0</total>
				<timestamp>1546.807929</timestamp>
			</report>
			<report>
				<misses>245500001</misses>
				<total>0</total>
				<timestamp>1547.430962</timestamp>
			</report>
			<report>
				<misses>245600001</misses>
				<total>0</total>
				<timestamp>1548.055756</timestamp>
			</report>
			<report>
				<misses>245700001</misses>
				<total>0</total>
				<timestamp>1548.678850</timestamp>
			</report>
			<report>
				<misses>245800001</misses>
				<total>0</total>
				<timestamp>1549.307184</timestamp>
			</report>
			<report>
				<misses>245900001</misses>
				<total>0</total>
				<timestamp>1549.935601</timestamp>
			</report>
			<report>
				<misses>246000001</misses>
				<total>0</total>
				<timestamp>1550.556521</timestamp>
			</report>
			<report>
				<misses>246100001</misses>
				<total>0</total>
				<timestamp>1551.178572</timestamp>
			</report>
			<report>
				<misses>246200001</misses>
				<total>0</total>
				<timestamp>1551.811543</timestamp>
			</report>
			<report>
				<misses>246300001</misses>
				<total>0</total>
				<timestamp>1552.436779</timestamp>
			</report>
			<report>
				<misses>246400001</misses>
				<total>0</total>
				<timestamp>1553.063011</timestamp>
			</report>
			<report>
				<misses>246500001</misses>
				<total>0</total>
				<timestamp>1553.697036</timestamp>
			</report>
			<report>
				<misses>246600001</misses>
				<total>0</total>
				<timestamp>1554.321299</timestamp>
			</report>
			<report>
				<misses>246700001</misses>
				<total>0</total>
				<timestamp>1554.944750</timestamp>
			</report>
			<report>
				<misses>246800001</misses>
				<total>0</total>
				<timestamp>1555.571160</timestamp>
			</report>
			<report>
				<misses>246900001</misses>
				<total>0</total>
				<timestamp>1556.218403</timestamp>
			</report>
			<report>
				<misses>247000001</misses>
				<total>0</total>
				<timestamp>1556.849660</timestamp>
			</report>
			<report>
				<misses>247100001</misses>
				<total>0</total>
				<timestamp>1557.482269</timestamp>
			</report>
			<report>
				<misses>247200001</misses>
				<total>0</total>
				<timestamp>1558.115287</timestamp>
			</report>
			<report>
				<misses>247300001</misses>
				<total>0</total>
				<timestamp>1558.747843</timestamp>
			</report>
			<report>
				<misses>247400001</misses>
				<total>0</total>
				<timestamp>1559.381681</timestamp>
			</report>
			<report>
				<misses>247500001</misses>
				<total>0</total>
				<timestamp>1560.014995</timestamp>
			</report>
			<report>
				<misses>247600001</misses>
				<total>0</total>
				<timestamp>1560.647231</timestamp>
			</report>
			<report>
				<misses>247700001</misses>
				<total>0</total>
				<timestamp>1561.280036</timestamp>
			</report>
			<report>
				<misses>247800001</misses>
				<total>0</total>
				<timestamp>1561.913736</timestamp>
			</report>
			<report>
				<misses>247900001</misses>
				<total>0</total>
				<timestamp>1562.547852</timestamp>
			</report>
			<report>
				<misses>248000001</misses>
				<total>0</total>
				<timestamp>1563.181559</timestamp>
			</report>
			<report>
				<misses>248100001</misses>
				<total>0</total>
				<timestamp>1563.819775</timestamp>
			</report>
			<report>
				<misses>248200001</misses>
				<total>0</total>
				<timestamp>1564.453423</timestamp>
			</report>
			<report>
				<misses>248300001</misses>
				<total>0</total>
				<timestamp>1565.088056</timestamp>
			</report>
			<report>
				<misses>248400001</misses>
				<total>0</total>
				<timestamp>1565.722307</timestamp>
			</report>
			<report>
				<misses>248500001</misses>
				<total>0</total>
				<timestamp>1566.356098</timestamp>
			</report>
			<report>
				<misses>248600001</misses>
				<total>0</total>
				<timestamp>1566.990362</timestamp>
			</report>
			<report>
				<misses>248700001</misses>
				<total>0</total>
				<timestamp>1567.624520</timestamp>
			</report>
			<report>
				<misses>248800001</misses>
				<total>0</total>
				<timestamp>1568.260103</timestamp>
			</report>
			<report>
				<misses>248900001</misses>
				<total>0</total>
				<timestamp>1568.894179</timestamp>
			</report>
			<report>
				<misses>249000001</misses>
				<total>0</total>
				<timestamp>1569.528375</timestamp>
			</report>
			<report>
				<misses>249100001</misses>
				<total>0</total>
				<timestamp>1570.163077</timestamp>
			</report>
			<report>
				<misses>249200001</misses>
				<total>0</total>
				<timestamp>1570.797741</timestamp>
			</report>
			<report>
				<misses>249300001</misses>
				<total>0</total>
				<timestamp>1571.431742</timestamp>
			</report>
			<report>
				<misses>249400001</misses>
				<total>0</total>
				<timestamp>1572.071364</timestamp>
			</report>
			<report>
				<misses>249500001</misses>
				<total>0</total>
				<timestamp>1572.705662</timestamp>
			</report>
			<report>
				<misses>249600001</misses>
				<total>0</total>
				<timestamp>1573.340729</timestamp>
			</report>
			<report>
				<misses>249700001</misses>
				<total>0</total>
				<timestamp>1573.980699</timestamp>
			</report>
			<report>
				<misses>249800001</misses>
				<total>0</total>
				<timestamp>1574.615893</timestamp>
			</report>
			<report>
				<misses>249900001</misses>
				<total>0</total>
				<timestamp>1575.250904</timestamp>
			</report>
			<report>
				<misses>250000001</misses>
				<total>0</total>
				<timestamp>1575.886076</timestamp>
			</report>
			<report>
				<misses>250100001</misses>
				<total>0</total>
				<timestamp>1576.521055</timestamp>
			</report>
			<report>
				<misses>250200001</misses>
				<total>0</total>
				<timestamp>1577.156048</timestamp>
			</report>
			<report>
				<misses>250300001</misses>
				<total>0</total>
				<timestamp>1577.790918</timestamp>
			</report>
			<report>
				<misses>250400001</misses>
				<total>0</total>
				<timestamp>1578.426252</timestamp>
			</report>
			<report>
				<misses>250500001</misses>
				<total>0</total>
				<timestamp>1579.066654</timestamp>
			</report>
			<report>
				<misses>250600001</misses>
				<total>0</total>
				<timestamp>1579.700695</timestamp>
			</report>
			<report>
				<misses>250700001</misses>
				<total>0</total>
				<timestamp>1580.346284</timestamp>
			</report>
			<report>
				<misses>250800001</misses>
				<total>0</total>
				<timestamp>1580.982601</timestamp>
			</report>
			<report>
				<misses>250900001</misses>
				<total>0</total>
				<timestamp>1581.618238</timestamp>
			</report>
			<report>
				<misses>251000001</misses>
				<total>0</total>
				<timestamp>1582.254258</timestamp>
			</report>
			<report>
				<misses>251100001</misses>
				<total>0</total>
				<timestamp>1582.890234</timestamp>
			</report>
			<report>
				<misses>251200001</misses>
				<total>0</total>
				<timestamp>1583.526291</timestamp>
			</report>
			<report>
				<misses>251300001</misses>
				<total>0</total>
				<timestamp>1584.163098</timestamp>
			</report>
			<report>
				<misses>251400001</misses>
				<total>0</total>
				<timestamp>1584.800526</timestamp>
			</report>
			<report>
				<misses>251500001</misses>
				<total>0</total>
				<timestamp>1585.438728</timestamp>
			</report>
			<report>
				<misses>251600001</misses>
				<total>0</total>
				<timestamp>1586.075595</timestamp>
			</report>
			<report>
				<misses>251700001</misses>
				<total>0</total>
				<timestamp>1586.712219</timestamp>
			</report>
			<report>
				<misses>251800001</misses>
				<total>0</total>
				<timestamp>1587.347534</timestamp>
			</report>
			<report>
				<misses>251900001</misses>
				<total>0</total>
				<timestamp>1587.982620</timestamp>
			</report>
			<report>
				<misses>252000001</misses>
				<total>0</total>
				<timestamp>1588.617857</timestamp>
			</report>
			<report>
				<misses>252100001</misses>
				<total>0</total>
				<timestamp>1589.255376</timestamp>
			</report>
			<report>
				<misses>252200001</misses>
				<total>0</total>
				<timestamp>1589.888096</timestamp>
			</report>
			<report>
				<misses>252300001</misses>
				<total>0</total>
				<timestamp>1590.524451</timestamp>
			</report>
			<report>
				<misses>252400001</misses>
				<total>0</total>
				<timestamp>1591.155648</timestamp>
			</report>
			<report>
				<misses>252500001</misses>
				<total>0</total>
				<timestamp>1591.791110</timestamp>
			</report>
			<report>
				<misses>252600001</misses>
				<total>0</total>
				<timestamp>1592.423410</timestamp>
			</report>
			<report>
				<misses>252700001</misses>
				<total>0</total>
				<timestamp>1593.054985</timestamp>
			</report>
			<report>
				<misses>252800001</misses>
				<total>0</total>
				<timestamp>1593.686232</timestamp>
			</report>
			<report>
				<misses>252900001</misses>
				<total>0</total>
				<timestamp>1594.318482</timestamp>
			</report>
			<report>
				<misses>253000001</misses>
				<total>0</total>
				<timestamp>1594.950905</timestamp>
			</report>
			<report>
				<misses>253100001</misses>
				<total>0</total>
				<timestamp>1595.583323</timestamp>
			</report>
			<report>
				<misses>253200001</misses>
				<total>0</total>
				<timestamp>1596.219590</timestamp>
			</report>
			<report>
				<misses>253300001</misses>
				<total>0</total>
				<timestamp>1596.858715</timestamp>
			</report>
			<report>
				<misses>253400001</misses>
				<total>0</total>
				<timestamp>1597.488053</timestamp>
			</report>
			<report>
				<misses>253500001</misses>
				<total>0</total>
				<timestamp>1598.118953</timestamp>
			</report>
			<report>
				<misses>253600001</misses>
				<total>0</total>
				<timestamp>1598.749133</timestamp>
			</report>
			<report>
				<misses>253700001</misses>
				<total>0</total>
				<timestamp>1599.379669</timestamp>
			</report>
			<report>
				<misses>253800001</misses>
				<total>0</total>
				<timestamp>1600.010362</timestamp>
			</report>
			<report>
				<misses>253900001</misses>
				<total>0</total>
				<timestamp>1600.641814</timestamp>
			</report>
			<report>
				<misses>254000001</misses>
				<total>0</total>
				<timestamp>1601.270473</timestamp>
			</report>
			<report>
				<misses>254100001</misses>
				<total>0</total>
				<timestamp>1601.900018</timestamp>
			</report>
			<report>
				<misses>254200001</misses>
				<total>0</total>
				<timestamp>1602.529663</timestamp>
			</report>
			<report>
				<misses>254300001</misses>
				<total>0</total>
				<timestamp>1603.159450</timestamp>
			</report>
			<report>
				<misses>254400001</misses>
				<total>0</total>
				<timestamp>1603.794475</timestamp>
			</report>
			<report>
				<misses>254500001</misses>
				<total>0</total>
				<timestamp>1604.425203</timestamp>
			</report>
			<report>
				<misses>254600001</misses>
				<total>0</total>
				<timestamp>1605.055919</timestamp>
			</report>
			<report>
				<misses>254700001</misses>
				<total>0</total>
				<timestamp>1605.689909</timestamp>
			</report>
			<report>
				<misses>254800001</misses>
				<total>0</total>
				<timestamp>1606.321458</timestamp>
			</report>
			<report>
				<misses>254900001</misses>
				<total>0</total>
				<timestamp>1606.951040</timestamp>
			</report>
			<report>
				<misses>255000001</misses>
				<total>0</total>
				<timestamp>1607.592164</timestamp>
			</report>
			<report>
				<misses>255100001</misses>
				<total>0</total>
				<timestamp>1608.217930</timestamp>
			</report>
			<report>
				<misses>255200001</misses>
				<total>0</total>
				<timestamp>1608.843153</timestamp>
			</report>
			<report>
				<misses>255300001</misses>
				<total>0</total>
				<timestamp>1609.473575</timestamp>
			</report>
			<report>
				<misses>255400001</misses>
				<total>0</total>
				<timestamp>1610.104576</timestamp>
			</report>
			<report>
				<misses>255500001</misses>
				<total>0</total>
				<timestamp>1610.730575</timestamp>
			</report>
			<report>
				<misses>255600001</misses>
				<total>0</total>
				<timestamp>1611.365553</timestamp>
			</report>
			<report>
				<misses>255700001</misses>
				<total>0</total>
				<timestamp>1612.004171</timestamp>
			</report>
			<report>
				<misses>255800001</misses>
				<total>0</total>
				<timestamp>1612.629460</timestamp>
			</report>
			<report>
				<misses>255900001</misses>
				<total>0</total>
				<timestamp>1613.265486</timestamp>
			</report>
			<report>
				<misses>256000001</misses>
				<total>0</total>
				<timestamp>1613.897072</timestamp>
			</report>
			<report>
				<misses>256100001</misses>
				<total>0</total>
				<timestamp>1614.521852</timestamp>
			</report>
			<report>
				<misses>256200001</misses>
				<total>0</total>
				<timestamp>1615.155400</timestamp>
			</report>
			<report>
				<misses>256300001</misses>
				<total>0</total>
				<timestamp>1615.784009</timestamp>
			</report>
			<report>
				<misses>256400001</misses>
				<total>0</total>
				<timestamp>1616.446257</timestamp>
			</report>
			<report>
				<misses>256500001</misses>
				<total>0</total>
				<timestamp>1617.076857</timestamp>
			</report>
			<report>
				<misses>256600001</misses>
				<total>0</total>
				<timestamp>1617.706724</timestamp>
			</report>
			<report>
				<misses>256700001</misses>
				<total>0</total>
				<timestamp>1618.343099</timestamp>
			</report>
			<report>
				<misses>256800001</misses>
				<total>0</total>
				<timestamp>1618.971881</timestamp>
			</report>
			<report>
				<misses>256900001</misses>
				<total>0</total>
				<timestamp>1619.598141</timestamp>
			</report>
			<report>
				<misses>257000001</misses>
				<total>0</total>
				<timestamp>1620.230815</timestamp>
			</report>
			<report>
				<misses>257100001</misses>
				<total>0</total>
				<timestamp>1620.875674</timestamp>
			</report>
			<report>
				<misses>257200001</misses>
				<total>0</total>
				<timestamp>1621.507360</timestamp>
			</report>
			<report>
				<misses>257300001</misses>
				<total>0</total>
				<timestamp>1622.136071</timestamp>
			</report>
			<report>
				<misses>257400001</misses>
				<total>0</total>
				<timestamp>1622.769940</timestamp>
			</report>
			<report>
				<misses>257500001</misses>
				<total>0</total>
				<timestamp>1623.406749</timestamp>
			</report>
			<report>
				<misses>257600001</misses>
				<total>0</total>
				<timestamp>1624.045390</timestamp>
			</report>
			<report>
				<misses>257700001</misses>
				<total>0</total>
				<timestamp>1624.671123</timestamp>
			</report>
			<report>
				<misses>257800001</misses>
				<total>0</total>
				<timestamp>1625.299922</timestamp>
			</report>
			<report>
				<misses>257900001</misses>
				<total>0</total>
				<timestamp>1625.932513</timestamp>
			</report>
			<report>
				<misses>258000001</misses>
				<total>0</total>
				<timestamp>1626.567632</timestamp>
			</report>
			<report>
				<misses>258100001</misses>
				<total>0</total>
				<timestamp>1627.210673</timestamp>
			</report>
			<report>
				<misses>258200001</misses>
				<total>0</total>
				<timestamp>1627.854082</timestamp>
			</report>
			<report>
				<misses>258300001</misses>
				<total>0</total>
				<timestamp>1628.481970</timestamp>
			</report>
			<report>
				<misses>258400001</misses>
				<total>0</total>
				<timestamp>1629.141500</timestamp>
			</report>
			<report>
				<misses>258500001</misses>
				<total>0</total>
				<timestamp>1629.787148</timestamp>
			</report>
			<report>
				<misses>258600001</misses>
				<total>0</total>
				<timestamp>1630.413667</timestamp>
			</report>
			<report>
				<misses>258700001</misses>
				<total>0</total>
				<timestamp>1631.044801</timestamp>
			</report>
			<report>
				<misses>258800001</misses>
				<total>0</total>
				<timestamp>1631.676328</timestamp>
			</report>
			<report>
				<misses>258900001</misses>
				<total>0</total>
				<timestamp>1632.302253</timestamp>
			</report>
			<report>
				<misses>259000001</misses>
				<total>0</total>
				<timestamp>1632.927674</timestamp>
			</report>
			<report>
				<misses>259100001</misses>
				<total>0</total>
				<timestamp>1633.552500</timestamp>
			</report>
			<report>
				<misses>259200001</misses>
				<total>0</total>
				<timestamp>1634.177525</timestamp>
			</report>
			<report>
				<misses>259300001</misses>
				<total>0</total>
				<timestamp>1634.802730</timestamp>
			</report>
			<report>
				<misses>259400001</misses>
				<total>0</total>
				<timestamp>1635.428199</timestamp>
			</report>
			<report>
				<misses>259500001</misses>
				<total>0</total>
				<timestamp>1636.054277</timestamp>
			</report>
			<report>
				<misses>259600001</misses>
				<total>0</total>
				<timestamp>1636.679629</timestamp>
			</report>
			<report>
				<misses>259700001</misses>
				<total>0</total>
				<timestamp>1637.305083</timestamp>
			</report>
			<report>
				<misses>259800001</misses>
				<total>0</total>
				<timestamp>1637.935019</timestamp>
			</report>
			<report>
				<misses>259900001</misses>
				<total>0</total>
				<timestamp>1638.560765</timestamp>
			</report>
			<report>
				<misses>260000001</misses>
				<total>0</total>
				<timestamp>1639.185536</timestamp>
			</report>
			<report>
				<misses>260100001</misses>
				<total>0</total>
				<timestamp>1639.810959</timestamp>
			</report>
			<report>
				<misses>260200001</misses>
				<total>0</total>
				<timestamp>1640.436162</timestamp>
			</report>
			<report>
				<misses>260300001</misses>
				<total>0</total>
				<timestamp>1641.061222</timestamp>
			</report>
			<report>
				<misses>260400001</misses>
				<total>0</total>
				<timestamp>1641.687029</timestamp>
			</report>
			<report>
				<misses>260500001</misses>
				<total>0</total>
				<timestamp>1642.312464</timestamp>
			</report>
			<report>
				<misses>260600001</misses>
				<total>0</total>
				<timestamp>1642.937580</timestamp>
			</report>
			<report>
				<misses>260700001</misses>
				<total>0</total>
				<timestamp>1643.563767</timestamp>
			</report>
			<report>
				<misses>260800001</misses>
				<total>0</total>
				<timestamp>1644.190481</timestamp>
			</report>
			<report>
				<misses>260900001</misses>
				<total>0</total>
				<timestamp>1644.816232</timestamp>
			</report>
			<report>
				<misses>261000001</misses>
				<total>0</total>
				<timestamp>1645.440796</timestamp>
			</report>
			<report>
				<misses>261100001</misses>
				<total>0</total>
				<timestamp>1646.077653</timestamp>
			</report>
			<report>
				<misses>261200001</misses>
				<total>0</total>
				<timestamp>1646.710216</timestamp>
			</report>
			<report>
				<misses>261300001</misses>
				<total>0</total>
				<timestamp>1647.342995</timestamp>
			</report>
			<report>
				<misses>261400001</misses>
				<total>0</total>
				<timestamp>1647.994473</timestamp>
			</report>
			<report>
				<misses>261500001</misses>
				<total>0</total>
				<timestamp>1648.631998</timestamp>
			</report>
			<report>
				<misses>261600001</misses>
				<total>0</total>
				<timestamp>1649.273046</timestamp>
			</report>
			<report>
				<misses>261700001</misses>
				<total>0</total>
				<timestamp>1649.923868</timestamp>
			</report>
			<report>
				<misses>261800001</misses>
				<total>0</total>
				<timestamp>1650.570554</timestamp>
			</report>
			<report>
				<misses>261900001</misses>
				<total>0</total>
				<timestamp>1651.202532</timestamp>
			</report>
			<report>
				<misses>262000001</misses>
				<total>0</total>
				<timestamp>1651.832085</timestamp>
			</report>
			<report>
				<misses>262100001</misses>
				<total>0</total>
				<timestamp>1652.458872</timestamp>
			</report>
			<report>
				<misses>262200001</misses>
				<total>0</total>
				<timestamp>1653.082468</timestamp>
			</report>
			<report>
				<misses>262300001</misses>
				<total>0</total>
				<timestamp>1653.704344</timestamp>
			</report>
			<report>
				<misses>262400001</misses>
				<total>0</total>
				<timestamp>1654.330940</timestamp>
			</report>
			<report>
				<misses>262500001</misses>
				<total>0</total>
				<timestamp>1654.956712</timestamp>
			</report>
			<report>
				<misses>262600001</misses>
				<total>0</total>
				<timestamp>1655.577149</timestamp>
			</report>
			<report>
				<misses>262700001</misses>
				<total>0</total>
				<timestamp>1656.201597</timestamp>
			</report>
			<report>
				<misses>262800001</misses>
				<total>0</total>
				<timestamp>1656.836193</timestamp>
			</report>
			<report>
				<misses>262900001</misses>
				<total>0</total>
				<timestamp>1657.475745</timestamp>
			</report>
			<report>
				<misses>263000001</misses>
				<total>0</total>
				<timestamp>1658.101283</timestamp>
			</report>
			<report>
				<misses>263100001</misses>
				<total>0</total>
				<timestamp>1658.721573</timestamp>
			</report>
			<report>
				<misses>263200001</misses>
				<total>0</total>
				<timestamp>1659.342329</timestamp>
			</report>
			<report>
				<misses>263300001</misses>
				<total>0</total>
				<timestamp>1659.962565</timestamp>
			</report>
			<report>
				<misses>263400001</misses>
				<total>0</total>
				<timestamp>1660.583397</timestamp>
			</report>
			<report>
				<misses>263500001</misses>
				<total>0</total>
				<timestamp>1661.207300</timestamp>
			</report>
			<report>
				<misses>263600001</misses>
				<total>0</total>
				<timestamp>1661.833738</timestamp>
			</report>
			<report>
				<misses>263700001</misses>
				<total>0</total>
				<timestamp>1662.458270</timestamp>
			</report>
			<report>
				<misses>263800001</misses>
				<total>0</total>
				<timestamp>1663.082587</timestamp>
			</report>
			<report>
				<misses>263900001</misses>
				<total>0</total>
				<timestamp>1663.711932</timestamp>
			</report>
			<report>
				<misses>264000001</misses>
				<total>0</total>
				<timestamp>1664.340120</timestamp>
			</report>
			<report>
				<misses>264100001</misses>
				<total>0</total>
				<timestamp>1664.965331</timestamp>
			</report>
			<report>
				<misses>264200001</misses>
				<total>0</total>
				<timestamp>1665.592234</timestamp>
			</report>
			<report>
				<misses>264300001</misses>
				<total>0</total>
				<timestamp>1666.226257</timestamp>
			</report>
			<report>
				<misses>264400001</misses>
				<total>0</total>
				<timestamp>1666.852855</timestamp>
			</report>
			<report>
				<misses>264500001</misses>
				<total>0</total>
				<timestamp>1667.479348</timestamp>
			</report>
			<report>
				<misses>264600001</misses>
				<total>0</total>
				<timestamp>1668.104755</timestamp>
			</report>
			<report>
				<misses>264700001</misses>
				<total>0</total>
				<timestamp>1668.735050</timestamp>
			</report>
			<report>
				<misses>264800001</misses>
				<total>0</total>
				<timestamp>1669.363335</timestamp>
			</report>
			<report>
				<misses>264900001</misses>
				<total>0</total>
				<timestamp>1669.987573</timestamp>
			</report>
			<report>
				<misses>265000001</misses>
				<total>0</total>
				<timestamp>1670.612420</timestamp>
			</report>
			<report>
				<misses>265100001</misses>
				<total>0</total>
				<timestamp>1671.235909</timestamp>
			</report>
			<report>
				<misses>265200001</misses>
				<total>0</total>
				<timestamp>1671.862262</timestamp>
			</report>
			<report>
				<misses>265300001</misses>
				<total>0</total>
				<timestamp>1672.486176</timestamp>
			</report>
			<report>
				<misses>265400001</misses>
				<total>0</total>
				<timestamp>1673.122201</timestamp>
			</report>
			<report>
				<misses>265500001</misses>
				<total>0</total>
				<timestamp>1673.746745</timestamp>
			</report>
			<report>
				<misses>265600001</misses>
				<total>0</total>
				<timestamp>1674.372007</timestamp>
			</report>
			<report>
				<misses>265700001</misses>
				<total>0</total>
				<timestamp>1674.997320</timestamp>
			</report>
			<report>
				<misses>265800001</misses>
				<total>0</total>
				<timestamp>1675.622391</timestamp>
			</report>
			<report>
				<misses>265900001</misses>
				<total>0</total>
				<timestamp>1676.250371</timestamp>
			</report>
			<report>
				<misses>266000001</misses>
				<total>0</total>
				<timestamp>1676.876264</timestamp>
			</report>
			<report>
				<misses>266100001</misses>
				<total>0</total>
				<timestamp>1677.500053</timestamp>
			</report>
			<report>
				<misses>266200001</misses>
				<total>0</total>
				<timestamp>1678.125562</timestamp>
			</report>
			<report>
				<misses>266300001</misses>
				<total>0</total>
				<timestamp>1678.750941</timestamp>
			</report>
			<report>
				<misses>266400001</misses>
				<total>0</total>
				<timestamp>1679.374522</timestamp>
			</report>
			<report>
				<misses>266500001</misses>
				<total>0</total>
				<timestamp>1679.999675</timestamp>
			</report>
			<report>
				<misses>266600001</misses>
				<total>0</total>
				<timestamp>1680.625950</timestamp>
			</report>
			<report>
				<misses>266700001</misses>
				<total>0</total>
				<timestamp>1681.257873</timestamp>
			</report>
			<report>
				<misses>266800001</misses>
				<total>0</total>
				<timestamp>1681.882303</timestamp>
			</report>
			<report>
				<misses>266900001</misses>
				<total>0</total>
				<timestamp>1682.507609</timestamp>
			</report>
			<report>
				<misses>267000001</misses>
				<total>0</total>
				<timestamp>1683.133629</timestamp>
			</report>
			<report>
				<misses>267100001</misses>
				<total>0</total>
				<timestamp>1683.758008</timestamp>
			</report>
			<report>
				<misses>267200001</misses>
				<total>0</total>
				<timestamp>1684.382588</timestamp>
			</report>
			<report>
				<misses>267300001</misses>
				<total>0</total>
				<timestamp>1685.012669</timestamp>
			</report>
			<report>
				<misses>267400001</misses>
				<total>0</total>
				<timestamp>1685.635254</timestamp>
			</report>
			<report>
				<misses>267500001</misses>
				<total>0</total>
				<timestamp>1686.261634</timestamp>
			</report>
			<report>
				<misses>267600001</misses>
				<total>0</total>
				<timestamp>1686.886167</timestamp>
			</report>
			<report>
				<misses>267700001</misses>
				<total>0</total>
				<timestamp>1687.511248</timestamp>
			</report>
			<report>
				<misses>267800001</misses>
				<total>0</total>
				<timestamp>1688.136213</timestamp>
			</report>
			<report>
				<misses>267900001</misses>
				<total>0</total>
				<timestamp>1688.760278</timestamp>
			</report>
			<report>
				<misses>268000001</misses>
				<total>0</total>
				<timestamp>1689.384785</timestamp>
			</report>
			<report>
				<misses>268100001</misses>
				<total>0</total>
				<timestamp>1690.009457</timestamp>
			</report>
			<report>
				<misses>268200001</misses>
				<total>0</total>
				<timestamp>1690.632992</timestamp>
			</report>
			<report>
				<misses>268300001</misses>
				<total>0</total>
				<timestamp>1691.255445</timestamp>
			</report>
			<report>
				<misses>268400001</misses>
				<total>0</total>
				<timestamp>1691.879590</timestamp>
			</report>
			<report>
				<misses>268500001</misses>
				<total>0</total>
				<timestamp>1692.504894</timestamp>
			</report>
			<report>
				<misses>268600001</misses>
				<total>0</total>
				<timestamp>1693.128997</timestamp>
			</report>
			<report>
				<misses>268700001</misses>
				<total>0</total>
				<timestamp>1693.753972</timestamp>
			</report>
			<report>
				<misses>268800001</misses>
				<total>0</total>
				<timestamp>1694.376733</timestamp>
			</report>
			<report>
				<misses>268900001</misses>
				<total>0</total>
				<timestamp>1695.001594</timestamp>
			</report>
			<report>
				<misses>269000001</misses>
				<total>0</total>
				<timestamp>1695.626904</timestamp>
			</report>
			<report>
				<misses>269100001</misses>
				<total>0</total>
				<timestamp>1696.251517</timestamp>
			</report>
			<report>
				<misses>269200001</misses>
				<total>0</total>
				<timestamp>1696.874726</timestamp>
			</report>
			<report>
				<misses>269300001</misses>
				<total>0</total>
				<timestamp>1697.499246</timestamp>
			</report>
			<report>
				<misses>269400001</misses>
				<total>0</total>
				<timestamp>1698.120548</timestamp>
			</report>
			<report>
				<misses>269500001</misses>
				<total>0</total>
				<timestamp>1698.744092</timestamp>
			</report>
			<report>
				<misses>269600001</misses>
				<total>0</total>
				<timestamp>1699.368089</timestamp>
			</report>
			<report>
				<misses>269700001</misses>
				<total>0</total>
				<timestamp>1699.992285</timestamp>
			</report>
			<report>
				<misses>269800001</misses>
				<total>0</total>
				<timestamp>1700.617041</timestamp>
			</report>
			<report>
				<misses>269900001</misses>
				<total>0</total>
				<timestamp>1701.239526</timestamp>
			</report>
			<report>
				<misses>270000001</misses>
				<total>0</total>
				<timestamp>1701.862447</timestamp>
			</report>
			<report>
				<misses>270100001</misses>
				<total>0</total>
				<timestamp>1702.487720</timestamp>
			</report>
			<report>
				<misses>270200001</misses>
				<total>0</total>
				<timestamp>1703.111780</timestamp>
			</report>
			<report>
				<misses>270300001</misses>
				<total>0</total>
				<timestamp>1703.734270</timestamp>
			</report>
			<report>
				<misses>270400001</misses>
				<total>0</total>
				<timestamp>1704.359586</timestamp>
			</report>
			<report>
				<misses>270500001</misses>
				<total>0</total>
				<timestamp>1704.985257</timestamp>
			</report>
			<report>
				<misses>270600001</misses>
				<total>0</total>
				<timestamp>1705.607843</timestamp>
			</report>
			<report>
				<misses>270700001</misses>
				<total>0</total>
				<timestamp>1706.229962</timestamp>
			</report>
			<report>
				<misses>270800001</misses>
				<total>0</total>
				<timestamp>1706.851739</timestamp>
			</report>
			<report>
				<misses>270900001</misses>
				<total>0</total>
				<timestamp>1707.473279</timestamp>
			</report>
			<report>
				<misses>271000001</misses>
				<total>0</total>
				<timestamp>1708.094998</timestamp>
			</report>
			<report>
				<misses>271100001</misses>
				<total>0</total>
				<timestamp>1708.716699</timestamp>
			</report>
			<report>
				<misses>271200001</misses>
				<total>0</total>
				<timestamp>1709.342222</timestamp>
			</report>
			<report>
				<misses>271300001</misses>
				<total>0</total>
				<timestamp>1709.962524</timestamp>
			</report>
			<report>
				<misses>271400001</misses>
				<total>0</total>
				<timestamp>1710.583158</timestamp>
			</report>
			<report>
				<misses>271500001</misses>
				<total>0</total>
				<timestamp>1711.204249</timestamp>
			</report>
			<report>
				<misses>271600001</misses>
				<total>0</total>
				<timestamp>1711.824983</timestamp>
			</report>
			<report>
				<misses>271700001</misses>
				<total>0</total>
				<timestamp>1712.445818</timestamp>
			</report>
			<report>
				<misses>271800001</misses>
				<total>0</total>
				<timestamp>1713.066285</timestamp>
			</report>
			<report>
				<misses>271900001</misses>
				<total>0</total>
				<timestamp>1713.687156</timestamp>
			</report>
			<report>
				<misses>272000001</misses>
				<total>0</total>
				<timestamp>1714.321461</timestamp>
			</report>
			<report>
				<misses>272100001</misses>
				<total>0</total>
				<timestamp>1714.943268</timestamp>
			</report>
			<report>
				<misses>272200001</misses>
				<total>0</total>
				<timestamp>1715.564964</timestamp>
			</report>
			<report>
				<misses>272300001</misses>
				<total>0</total>
				<timestamp>1716.186259</timestamp>
			</report>
			<report>
				<misses>272400001</misses>
				<total>0</total>
				<timestamp>1716.807684</timestamp>
			</report>
			<report>
				<misses>272500001</misses>
				<total>0</total>
				<timestamp>1717.427999</timestamp>
			</report>
			<report>
				<misses>272600001</misses>
				<total>0</total>
				<timestamp>1718.048178</timestamp>
			</report>
			<report>
				<misses>272700001</misses>
				<total>0</total>
				<timestamp>1718.668918</timestamp>
			</report>
			<report>
				<misses>272800001</misses>
				<total>0</total>
				<timestamp>1719.289508</timestamp>
			</report>
			<report>
				<misses>272900001</misses>
				<total>0</total>
				<timestamp>1719.910331</timestamp>
			</report>
			<report>
				<misses>273000001</misses>
				<total>0</total>
				<timestamp>1720.531965</timestamp>
			</report>
			<report>
				<misses>273100001</misses>
				<total>0</total>
				<timestamp>1721.153432</timestamp>
			</report>
			<report>
				<misses>273200001</misses>
				<total>0</total>
				<timestamp>1721.773466</timestamp>
			</report>
			<report>
				<misses>273300001</misses>
				<total>0</total>
				<timestamp>1722.394326</timestamp>
			</report>
			<report>
				<misses>273400001</misses>
				<total>0</total>
				<timestamp>1723.021531</timestamp>
			</report>
			<report>
				<misses>273500001</misses>
				<total>0</total>
				<timestamp>1723.643159</timestamp>
			</report>
			<report>
				<misses>273600001</misses>
				<total>0</total>
				<timestamp>1724.263823</timestamp>
			</report>
			<report>
				<misses>273700001</misses>
				<total>0</total>
				<timestamp>1724.884932</timestamp>
			</report>
			<report>
				<misses>273800001</misses>
				<total>0</total>
				<timestamp>1725.505880</timestamp>
			</report>
			<report>
				<misses>273900001</misses>
				<total>0</total>
				<timestamp>1726.127680</timestamp>
			</report>
			<report>
				<misses>274000001</misses>
				<total>0</total>
				<timestamp>1726.748416</timestamp>
			</report>
			<report>
				<misses>274100001</misses>
				<total>0</total>
				<timestamp>1727.369198</timestamp>
			</report>
			<report>
				<misses>274200001</misses>
				<total>0</total>
				<timestamp>1727.994921</timestamp>
			</report>
			<report>
				<misses>274300001</misses>
				<total>0</total>
				<timestamp>1728.616654</timestamp>
			</report>
			<report>
				<misses>274400001</misses>
				<total>0</total>
				<timestamp>1729.237257</timestamp>
			</report>
			<report>
				<misses>274500001</misses>
				<total>0</total>
				<timestamp>1729.861494</timestamp>
			</report>
			<report>
				<misses>274600001</misses>
				<total>0</total>
				<timestamp>1730.488457</timestamp>
			</report>
			<report>
				<misses>274700001</misses>
				<total>0</total>
				<timestamp>1731.117675</timestamp>
			</report>
			<report>
				<misses>274800001</misses>
				<total>0</total>
				<timestamp>1731.746701</timestamp>
			</report>
			<report>
				<misses>274900001</misses>
				<total>0</total>
				<timestamp>1732.380804</timestamp>
			</report>
			<report>
				<misses>275000001</misses>
				<total>0</total>
				<timestamp>1733.017057</timestamp>
			</report>
			<report>
				<misses>275100001</misses>
				<total>0</total>
				<timestamp>1733.652071</timestamp>
			</report>
			<report>
				<misses>275200001</misses>
				<total>0</total>
				<timestamp>1734.288403</timestamp>
			</report>
			<report>
				<misses>275300001</misses>
				<total>0</total>
				<timestamp>1734.930684</timestamp>
			</report>
			<report>
				<misses>275400001</misses>
				<total>0</total>
				<timestamp>1735.559853</timestamp>
			</report>
			<report>
				<misses>275500001</misses>
				<total>0</total>
				<timestamp>1736.190913</timestamp>
			</report>
			<report>
				<misses>275600001</misses>
				<total>0</total>
				<timestamp>1736.823880</timestamp>
			</report>
			<report>
				<misses>275700001</misses>
				<total>0</total>
				<timestamp>1737.458992</timestamp>
			</report>
			<report>
				<misses>275800001</misses>
				<total>0</total>
				<timestamp>1738.095081</timestamp>
			</report>
			<report>
				<misses>275900001</misses>
				<total>0</total>
				<timestamp>1738.727784</timestamp>
			</report>
			<report>
				<misses>276000001</misses>
				<total>0</total>
				<timestamp>1739.361156</timestamp>
			</report>
			<report>
				<misses>276100001</misses>
				<total>0</total>
				<timestamp>1739.996917</timestamp>
			</report>
			<report>
				<misses>276200001</misses>
				<total>0</total>
				<timestamp>1740.625096</timestamp>
			</report>
			<report>
				<misses>276300001</misses>
				<total>0</total>
				<timestamp>1741.259541</timestamp>
			</report>
			<report>
				<misses>276400001</misses>
				<total>0</total>
				<timestamp>1741.888442</timestamp>
			</report>
			<report>
				<misses>276500001</misses>
				<total>0</total>
				<timestamp>1742.520407</timestamp>
			</report>
			<report>
				<misses>276600001</misses>
				<total>0</total>
				<timestamp>1743.162086</timestamp>
			</report>
			<report>
				<misses>276700001</misses>
				<total>0</total>
				<timestamp>1743.796499</timestamp>
			</report>
			<report>
				<misses>276800001</misses>
				<total>0</total>
				<timestamp>1744.425573</timestamp>
			</report>
			<report>
				<misses>276900001</misses>
				<total>0</total>
				<timestamp>1745.073935</timestamp>
			</report>
			<report>
				<misses>277000001</misses>
				<total>0</total>
				<timestamp>1745.703621</timestamp>
			</report>
			<report>
				<misses>277100001</misses>
				<total>0</total>
				<timestamp>1746.344335</timestamp>
			</report>
			<report>
				<misses>277200001</misses>
				<total>0</total>
				<timestamp>1746.975776</timestamp>
			</report>
			<report>
				<misses>277300001</misses>
				<total>0</total>
				<timestamp>1747.619753</timestamp>
			</report>
			<report>
				<misses>277400001</misses>
				<total>0</total>
				<timestamp>1748.267987</timestamp>
			</report>
			<report>
				<misses>277500001</misses>
				<total>0</total>
				<timestamp>1748.913331</timestamp>
			</report>
			<report>
				<misses>277600001</misses>
				<total>0</total>
				<timestamp>1749.542678</timestamp>
			</report>
			<report>
				<misses>277700001</misses>
				<total>0</total>
				<timestamp>1750.188355</timestamp>
			</report>
			<report>
				<misses>277800001</misses>
				<total>0</total>
				<timestamp>1750.817305</timestamp>
			</report>
			<report>
				<misses>277900001</misses>
				<total>0</total>
				<timestamp>1751.446958</timestamp>
			</report>
			<report>
				<misses>278000001</misses>
				<total>0</total>
				<timestamp>1752.077188</timestamp>
			</report>
			<report>
				<misses>278100001</misses>
				<total>0</total>
				<timestamp>1752.739992</timestamp>
			</report>
			<report>
				<misses>278200001</misses>
				<total>0</total>
				<timestamp>1753.408804</timestamp>
			</report>
			<report>
				<misses>278300001</misses>
				<total>0</total>
				<timestamp>1754.058016</timestamp>
			</report>
			<report>
				<misses>278400001</misses>
				<total>0</total>
				<timestamp>1754.686432</timestamp>
			</report>
			<report>
				<misses>278500001</misses>
				<total>0</total>
				<timestamp>1755.330659</timestamp>
			</report>
			<report>
				<misses>278600001</misses>
				<total>0</total>
				<timestamp>1755.971759</timestamp>
			</report>
			<report>
				<misses>278700001</misses>
				<total>0</total>
				<timestamp>1756.649669</timestamp>
			</report>
			<report>
				<misses>278800001</misses>
				<total>0</total>
				<timestamp>1757.285069</timestamp>
			</report>
			<report>
				<misses>278900001</misses>
				<total>0</total>
				<timestamp>1757.915168</timestamp>
			</report>
			<report>
				<misses>279000001</misses>
				<total>0</total>
				<timestamp>1758.543020</timestamp>
			</report>
			<report>
				<misses>279100001</misses>
				<total>0</total>
				<timestamp>1759.180902</timestamp>
			</report>
			<report>
				<misses>279200001</misses>
				<total>0</total>
				<timestamp>1759.838691</timestamp>
			</report>
			<report>
				<misses>279300001</misses>
				<total>0</total>
				<timestamp>1760.467368</timestamp>
			</report>
			<report>
				<misses>279400001</misses>
				<total>0</total>
				<timestamp>1761.103567</timestamp>
			</report>
			<report>
				<misses>279500001</misses>
				<total>0</total>
				<timestamp>1761.739291</timestamp>
			</report>
			<report>
				<misses>279600001</misses>
				<total>0</total>
				<timestamp>1762.368226</timestamp>
			</report>
			<report>
				<misses>279700001</misses>
				<total>0</total>
				<timestamp>1763.013790</timestamp>
			</report>
			<report>
				<misses>279800001</misses>
				<total>0</total>
				<timestamp>1763.645837</timestamp>
			</report>
			<report>
				<misses>279900001</misses>
				<total>0</total>
				<timestamp>1764.281782</timestamp>
			</report>
			<report>
				<misses>280000001</misses>
				<total>0</total>
				<timestamp>1764.935746</timestamp>
			</report>
			<report>
				<misses>280100001</misses>
				<total>0</total>
				<timestamp>1765.563692</timestamp>
			</report>
			<report>
				<misses>280200001</misses>
				<total>0</total>
				<timestamp>1766.192281</timestamp>
			</report>
			<report>
				<misses>280300001</misses>
				<total>0</total>
				<timestamp>1766.827450</timestamp>
			</report>
			<report>
				<misses>280400001</misses>
				<total>0</total>
				<timestamp>1767.461304</timestamp>
			</report>
			<report>
				<misses>280500001</misses>
				<total>0</total>
				<timestamp>1768.107554</timestamp>
			</report>
			<report>
				<misses>280600001</misses>
				<total>0</total>
				<timestamp>1768.784541</timestamp>
			</report>
			<report>
				<misses>280700001</misses>
				<total>0</total>
				<timestamp>1769.440161</timestamp>
			</report>
			<report>
				<misses>280800001</misses>
				<total>0</total>
				<timestamp>1770.077768</timestamp>
			</report>
			<report>
				<misses>280900001</misses>
				<total>0</total>
				<timestamp>1770.709826</timestamp>
			</report>
			<report>
				<misses>281000001</misses>
				<total>0</total>
				<timestamp>1771.361540</timestamp>
			</report>
			<report>
				<misses>281100001</misses>
				<total>0</total>
				<timestamp>1772.031222</timestamp>
			</report>
			<report>
				<misses>281200001</misses>
				<total>0</total>
				<timestamp>1772.661962</timestamp>
			</report>
			<report>
				<misses>281300001</misses>
				<total>0</total>
				<timestamp>1773.298592</timestamp>
			</report>
			<report>
				<misses>281400001</misses>
				<total>0</total>
				<timestamp>1773.939044</timestamp>
			</report>
			<report>
				<misses>281500001</misses>
				<total>0</total>
				<timestamp>1774.567902</timestamp>
			</report>
			<report>
				<misses>281600001</misses>
				<total>0</total>
				<timestamp>1775.221896</timestamp>
			</report>
			<report>
				<misses>281700001</misses>
				<total>0</total>
				<timestamp>1775.867380</timestamp>
			</report>
			<report>
				<misses>281800001</misses>
				<total>0</total>
				<timestamp>1776.510201</timestamp>
			</report>
			<report>
				<misses>281900001</misses>
				<total>0</total>
				<timestamp>1777.139294</timestamp>
			</report>
			<report>
				<misses>282000001</misses>
				<total>0</total>
				<timestamp>1777.773250</timestamp>
			</report>
			<report>
				<misses>282100001</misses>
				<total>0</total>
				<timestamp>1778.411361</timestamp>
			</report>
			<report>
				<misses>282200001</misses>
				<total>0</total>
				<timestamp>1779.057969</timestamp>
			</report>
			<report>
				<misses>282300001</misses>
				<total>0</total>
				<timestamp>1779.722782</timestamp>
			</report>
			<report>
				<misses>282400001</misses>
				<total>0</total>
				<timestamp>1780.369424</timestamp>
			</report>
			<report>
				<misses>282500001</misses>
				<total>0</total>
				<timestamp>1781.012486</timestamp>
			</report>
			<report>
				<misses>282600001</misses>
				<total>0</total>
				<timestamp>1781.661902</timestamp>
			</report>
			<report>
				<misses>282700001</misses>
				<total>0</total>
				<timestamp>1782.309762</timestamp>
			</report>
			<report>
				<misses>282800001</misses>
				<total>0</total>
				<timestamp>1782.942094</timestamp>
			</report>
			<report>
				<misses>282900001</misses>
				<total>0</total>
				<timestamp>1783.570503</timestamp>
			</report>
			<report>
				<misses>283000001</misses>
				<total>0</total>
				<timestamp>1784.218757</timestamp>
			</report>
			<report>
				<misses>283100001</misses>
				<total>0</total>
				<timestamp>1784.846446</timestamp>
			</report>
			<report>
				<misses>283200001</misses>
				<total>0</total>
				<timestamp>1785.477558</timestamp>
			</report>
			<report>
				<misses>283300001</misses>
				<total>0</total>
				<timestamp>1786.118268</timestamp>
			</report>
			<report>
				<misses>283400001</misses>
				<total>0</total>
				<timestamp>1786.755248</timestamp>
			</report>
			<report>
				<misses>283500001</misses>
				<total>0</total>
				<timestamp>1787.386017</timestamp>
			</report>
			<report>
				<misses>283600001</misses>
				<total>0</total>
				<timestamp>1788.050521</timestamp>
			</report>
			<report>
				<misses>283700001</misses>
				<total>0</total>
				<timestamp>1788.684495</timestamp>
			</report>
			<report>
				<misses>283800001</misses>
				<total>0</total>
				<timestamp>1789.345264</timestamp>
			</report>
			<report>
				<misses>283900001</misses>
				<total>0</total>
				<timestamp>1789.977496</timestamp>
			</report>
			<report>
				<misses>284000001</misses>
				<total>0</total>
				<timestamp>1790.605916</timestamp>
			</report>
			<report>
				<misses>284100001</misses>
				<total>0</total>
				<timestamp>1791.247515</timestamp>
			</report>
			<report>
				<misses>284200001</misses>
				<total>0</total>
				<timestamp>1791.879065</timestamp>
			</report>
			<report>
				<misses>284300001</misses>
				<total>0</total>
				<timestamp>1792.506205</timestamp>
			</report>
			<report>
				<misses>284400001</misses>
				<total>0</total>
				<timestamp>1793.153566</timestamp>
			</report>
			<report>
				<misses>284500001</misses>
				<total>0</total>
				<timestamp>1793.786379</timestamp>
			</report>
			<report>
				<misses>284600001</misses>
				<total>0</total>
				<timestamp>1794.415836</timestamp>
			</report>
			<report>
				<misses>284700001</misses>
				<total>0</total>
				<timestamp>1795.052056</timestamp>
			</report>
			<report>
				<misses>284800001</misses>
				<total>0</total>
				<timestamp>1795.684368</timestamp>
			</report>
			<report>
				<misses>284900001</misses>
				<total>0</total>
				<timestamp>1796.317280</timestamp>
			</report>
			<report>
				<misses>285000001</misses>
				<total>0</total>
				<timestamp>1796.949757</timestamp>
			</report>
			<report>
				<misses>285100001</misses>
				<total>0</total>
				<timestamp>1797.582311</timestamp>
			</report>
			<report>
				<misses>285200001</misses>
				<total>0</total>
				<timestamp>1798.214899</timestamp>
			</report>
			<report>
				<misses>285300001</misses>
				<total>0</total>
				<timestamp>1798.846861</timestamp>
			</report>
			<report>
				<misses>285400001</misses>
				<total>0</total>
				<timestamp>1799.479417</timestamp>
			</report>
			<report>
				<misses>285500001</misses>
				<total>0</total>
				<timestamp>1800.112197</timestamp>
			</report>
			<report>
				<misses>285600001</misses>
				<total>0</total>
				<timestamp>1800.744975</timestamp>
			</report>
			<report>
				<misses>285700001</misses>
				<total>0</total>
				<timestamp>1801.377859</timestamp>
			</report>
			<report>
				<misses>285800001</misses>
				<total>0</total>
				<timestamp>1802.010424</timestamp>
			</report>
			<report>
				<misses>285900001</misses>
				<total>0</total>
				<timestamp>1802.642778</timestamp>
			</report>
			<report>
				<misses>286000001</misses>
				<total>0</total>
				<timestamp>1803.275359</timestamp>
			</report>
			<report>
				<misses>286100001</misses>
				<total>0</total>
				<timestamp>1803.917635</timestamp>
			</report>
			<report>
				<misses>286200001</misses>
				<total>0</total>
				<timestamp>1804.550829</timestamp>
			</report>
			<report>
				<misses>286300001</misses>
				<total>0</total>
				<timestamp>1805.189062</timestamp>
			</report>
			<report>
				<misses>286400001</misses>
				<total>0</total>
				<timestamp>1805.818299</timestamp>
			</report>
			<report>
				<misses>286500001</misses>
				<total>0</total>
				<timestamp>1806.447090</timestamp>
			</report>
			<report>
				<misses>286600001</misses>
				<total>0</total>
				<timestamp>1807.075321</timestamp>
			</report>
			<report>
				<misses>286700001</misses>
				<total>0</total>
				<timestamp>1807.707189</timestamp>
			</report>
			<report>
				<misses>286800001</misses>
				<total>0</total>
				<timestamp>1808.336794</timestamp>
			</report>
			<report>
				<misses>286900001</misses>
				<total>0</total>
				<timestamp>1808.966206</timestamp>
			</report>
			<report>
				<misses>287000001</misses>
				<total>0</total>
				<timestamp>1809.594579</timestamp>
			</report>
			<report>
				<misses>287100001</misses>
				<total>0</total>
				<timestamp>1810.223304</timestamp>
			</report>
			<report>
				<misses>287200001</misses>
				<total>0</total>
				<timestamp>1810.859699</timestamp>
			</report>
			<report>
				<misses>287300001</misses>
				<total>0</total>
				<timestamp>1811.490009</timestamp>
			</report>
			<report>
				<misses>287400001</misses>
				<total>0</total>
				<timestamp>1812.128557</timestamp>
			</report>
			<report>
				<misses>287500001</misses>
				<total>0</total>
				<timestamp>1812.752866</timestamp>
			</report>
			<report>
				<misses>287600001</misses>
				<total>0</total>
				<timestamp>1813.377262</timestamp>
			</report>
			<report>
				<misses>287700001</misses>
				<total>0</total>
				<timestamp>1814.001391</timestamp>
			</report>
			<report>
				<misses>287800001</misses>
				<total>0</total>
				<timestamp>1814.625369</timestamp>
			</report>
			<report>
				<misses>287900001</misses>
				<total>0</total>
				<timestamp>1815.249312</timestamp>
			</report>
			<report>
				<misses>288000001</misses>
				<total>0</total>
				<timestamp>1815.873511</timestamp>
			</report>
			<report>
				<misses>288100001</misses>
				<total>0</total>
				<timestamp>1816.498377</timestamp>
			</report>
			<report>
				<misses>288200001</misses>
				<total>0</total>
				<timestamp>1817.122013</timestamp>
			</report>
			<report>
				<misses>288300001</misses>
				<total>0</total>
				<timestamp>1817.745806</timestamp>
			</report>
			<report>
				<misses>288400001</misses>
				<total>0</total>
				<timestamp>1818.369632</timestamp>
			</report>
			<report>
				<misses>288500001</misses>
				<total>0</total>
				<timestamp>1819.001421</timestamp>
			</report>
			<report>
				<misses>288600001</misses>
				<total>0</total>
				<timestamp>1819.624444</timestamp>
			</report>
			<report>
				<misses>288700001</misses>
				<total>0</total>
				<timestamp>1820.247021</timestamp>
			</report>
			<report>
				<misses>288800001</misses>
				<total>0</total>
				<timestamp>1820.873445</timestamp>
			</report>
			<report>
				<misses>288900001</misses>
				<total>0</total>
				<timestamp>1821.494933</timestamp>
			</report>
			<report>
				<misses>289000001</misses>
				<total>0</total>
				<timestamp>1822.136651</timestamp>
			</report>
			<report>
				<misses>289100001</misses>
				<total>0</total>
				<timestamp>1822.758820</timestamp>
			</report>
			<report>
				<misses>289200001</misses>
				<total>0</total>
				<timestamp>1823.380174</timestamp>
			</report>
			<report>
				<misses>289300001</misses>
				<total>0</total>
				<timestamp>1824.001965</timestamp>
			</report>
			<report>
				<misses>289400001</misses>
				<total>0</total>
				<timestamp>1824.622878</timestamp>
			</report>
			<report>
				<misses>289500001</misses>
				<total>0</total>
				<timestamp>1825.271454</timestamp>
			</report>
			<report>
				<misses>289600001</misses>
				<total>0</total>
				<timestamp>1825.897328</timestamp>
			</report>
			<report>
				<misses>289700001</misses>
				<total>0</total>
				<timestamp>1826.514759</timestamp>
			</report>
			<report>
				<misses>289800001</misses>
				<total>0</total>
				<timestamp>1827.134838</timestamp>
			</report>
			<report>
				<misses>289900001</misses>
				<total>0</total>
				<timestamp>1827.756572</timestamp>
			</report>
			<report>
				<misses>290000001</misses>
				<total>0</total>
				<timestamp>1828.379405</timestamp>
			</report>
			<report>
				<misses>290100001</misses>
				<total>0</total>
				<timestamp>1828.998823</timestamp>
			</report>
			<report>
				<misses>290200001</misses>
				<total>0</total>
				<timestamp>1829.616521</timestamp>
			</report>
			<report>
				<misses>290300001</misses>
				<total>0</total>
				<timestamp>1830.234820</timestamp>
			</report>
			<report>
				<misses>290400001</misses>
				<total>0</total>
				<timestamp>1830.853567</timestamp>
			</report>
			<report>
				<misses>290500001</misses>
				<total>0</total>
				<timestamp>1831.472080</timestamp>
			</report>
			<report>
				<misses>290600001</misses>
				<total>0</total>
				<timestamp>1832.090035</timestamp>
			</report>
			<report>
				<misses>290700001</misses>
				<total>0</total>
				<timestamp>1832.707327</timestamp>
			</report>
			<report>
				<misses>290800001</misses>
				<total>0</total>
				<timestamp>1833.326240</timestamp>
			</report>
			<report>
				<misses>290900001</misses>
				<total>0</total>
				<timestamp>1833.946907</timestamp>
			</report>
			<report>
				<misses>291000001</misses>
				<total>0</total>
				<timestamp>1834.565243</timestamp>
			</report>
			<report>
				<misses>291100001</misses>
				<total>0</total>
				<timestamp>1835.231107</timestamp>
			</report>
			<report>
				<misses>291200001</misses>
				<total>0</total>
				<timestamp>1835.899997</timestamp>
			</report>
			<report>
				<misses>291300001</misses>
				<total>0</total>
				<timestamp>1836.519354</timestamp>
			</report>
			<report>
				<misses>291400001</misses>
				<total>0</total>
				<timestamp>1837.138532</timestamp>
			</report>
			<report>
				<misses>291500001</misses>
				<total>0</total>
				<timestamp>1837.758223</timestamp>
			</report>
			<report>
				<misses>291600001</misses>
				<total>0</total>
				<timestamp>1838.378432</timestamp>
			</report>
			<report>
				<misses>291700001</misses>
				<total>0</total>
				<timestamp>1838.996811</timestamp>
			</report>
			<report>
				<misses>291800001</misses>
				<total>0</total>
				<timestamp>1839.614329</timestamp>
			</report>
			<report>
				<misses>291900001</misses>
				<total>0</total>
				<timestamp>1840.233310</timestamp>
			</report>
			<report>
				<misses>292000001</misses>
				<total>0</total>
				<timestamp>1840.850272</timestamp>
			</report>
			<report>
				<misses>292100001</misses>
				<total>0</total>
				<timestamp>1841.467565</timestamp>
			</report>
			<report>
				<misses>292200001</misses>
				<total>0</total>
				<timestamp>1842.086057</timestamp>
			</report>
			<report>
				<misses>292300001</misses>
				<total>0</total>
				<timestamp>1842.709387</timestamp>
			</report>
			<report>
				<misses>292400001</misses>
				<total>0</total>
				<timestamp>1843.333582</timestamp>
			</report>
			<report>
				<misses>292500001</misses>
				<total>0</total>
				<timestamp>1843.960728</timestamp>
			</report>
			<report>
				<misses>292600001</misses>
				<total>0</total>
				<timestamp>1844.585340</timestamp>
			</report>
			<report>
				<misses>292700001</misses>
				<total>0</total>
				<timestamp>1845.209180</timestamp>
			</report>
			<report>
				<misses>292800001</misses>
				<total>0</total>
				<timestamp>1845.839972</timestamp>
			</report>
			<report>
				<misses>292900001</misses>
				<total>0</total>
				<timestamp>1846.464592</timestamp>
			</report>
			<report>
				<misses>293000001</misses>
				<total>0</total>
				<timestamp>1847.090892</timestamp>
			</report>
			<report>
				<misses>293100001</misses>
				<total>0</total>
				<timestamp>1847.717877</timestamp>
			</report>
			<report>
				<misses>293200001</misses>
				<total>0</total>
				<timestamp>1848.343325</timestamp>
			</report>
			<report>
				<misses>293300001</misses>
				<total>0</total>
				<timestamp>1848.968771</timestamp>
			</report>
			<report>
				<misses>293400001</misses>
				<total>0</total>
				<timestamp>1849.591023</timestamp>
			</report>
			<report>
				<misses>293500001</misses>
				<total>0</total>
				<timestamp>1850.229837</timestamp>
			</report>
			<report>
				<misses>293600001</misses>
				<total>0</total>
				<timestamp>1850.855545</timestamp>
			</report>
			<report>
				<misses>293700001</misses>
				<total>0</total>
				<timestamp>1851.477519</timestamp>
			</report>
			<report>
				<misses>293800001</misses>
				<total>0</total>
				<timestamp>1852.101717</timestamp>
			</report>
			<report>
				<misses>293900001</misses>
				<total>0</total>
				<timestamp>1852.726561</timestamp>
			</report>
			<report>
				<misses>294000001</misses>
				<total>0</total>
				<timestamp>1853.349746</timestamp>
			</report>
			<report>
				<misses>294100001</misses>
				<total>0</total>
				<timestamp>1853.976075</timestamp>
			</report>
			<report>
				<misses>294200001</misses>
				<total>0</total>
				<timestamp>1854.601734</timestamp>
			</report>
			<report>
				<misses>294300001</misses>
				<total>0</total>
				<timestamp>1855.227179</timestamp>
			</report>
			<report>
				<misses>294400001</misses>
				<total>0</total>
				<timestamp>1855.853131</timestamp>
			</report>
			<report>
				<misses>294500001</misses>
				<total>0</total>
				<timestamp>1856.479303</timestamp>
			</report>
			<report>
				<misses>294600001</misses>
				<total>0</total>
				<timestamp>1857.102051</timestamp>
			</report>
			<report>
				<misses>294700001</misses>
				<total>0</total>
				<timestamp>1857.723538</timestamp>
			</report>
			<report>
				<misses>294800001</misses>
				<total>0</total>
				<timestamp>1858.348938</timestamp>
			</report>
			<report>
				<misses>294900001</misses>
				<total>0</total>
				<timestamp>1858.976445</timestamp>
			</report>
			<report>
				<misses>295000001</misses>
				<total>0</total>
				<timestamp>1859.601978</timestamp>
			</report>
			<report>
				<misses>295100001</misses>
				<total>0</total>
				<timestamp>1860.225425</timestamp>
			</report>
			<report>
				<misses>295200001</misses>
				<total>0</total>
				<timestamp>1860.846560</timestamp>
			</report>
			<report>
				<misses>295300001</misses>
				<total>0</total>
				<timestamp>1861.462578</timestamp>
			</report>
			<report>
				<misses>295400001</misses>
				<total>0</total>
				<timestamp>1862.081728</timestamp>
			</report>
			<report>
				<misses>295500001</misses>
				<total>0</total>
				<timestamp>1862.700200</timestamp>
			</report>
			<report>
				<misses>295600001</misses>
				<total>0</total>
				<timestamp>1863.317958</timestamp>
			</report>
			<report>
				<misses>295700001</misses>
				<total>0</total>
				<timestamp>1863.936934</timestamp>
			</report>
			<report>
				<misses>295800001</misses>
				<total>0</total>
				<timestamp>1864.555060</timestamp>
			</report>
			<report>
				<misses>295900001</misses>
				<total>0</total>
				<timestamp>1865.175077</timestamp>
			</report>
			<report>
				<misses>296000001</misses>
				<total>0</total>
				<timestamp>1865.793724</timestamp>
			</report>
			<report>
				<misses>296100001</misses>
				<total>0</total>
				<timestamp>1866.412902</timestamp>
			</report>
			<report>
				<misses>296200001</misses>
				<total>0</total>
				<timestamp>1867.031174</timestamp>
			</report>
			<report>
				<misses>296300001</misses>
				<total>0</total>
				<timestamp>1867.648970</timestamp>
			</report>
			<report>
				<misses>296400001</misses>
				<total>0</total>
				<timestamp>1868.268412</timestamp>
			</report>
			<report>
				<misses>296500001</misses>
				<total>0</total>
				<timestamp>1868.890285</timestamp>
			</report>
			<report>
				<misses>296600001</misses>
				<total>0</total>
				<timestamp>1869.506968</timestamp>
			</report>
			<report>
				<misses>296700001</misses>
				<total>0</total>
				<timestamp>1870.124361</timestamp>
			</report>
			<report>
				<misses>296800001</misses>
				<total>0</total>
				<timestamp>1870.741350</timestamp>
			</report>
			<report>
				<misses>296900001</misses>
				<total>0</total>
				<timestamp>1871.358272</timestamp>
			</report>
			<report>
				<misses>297000001</misses>
				<total>0</total>
				<timestamp>1871.977883</timestamp>
			</report>
			<report>
				<misses>297100001</misses>
				<total>0</total>
				<timestamp>1872.595126</timestamp>
			</report>
			<report>
				<misses>297200001</misses>
				<total>0</total>
				<timestamp>1873.213255</timestamp>
			</report>
			<report>
				<misses>297300001</misses>
				<total>0</total>
				<timestamp>1873.829242</timestamp>
			</report>
			<report>
				<misses>297400001</misses>
				<total>0</total>
				<timestamp>1874.446227</timestamp>
			</report>
			<report>
				<misses>297500001</misses>
				<total>0</total>
				<timestamp>1875.063677</timestamp>
			</report>
			<report>
				<misses>297600001</misses>
				<total>0</total>
				<timestamp>1875.679700</timestamp>
			</report>
			<report>
				<misses>297700001</misses>
				<total>0</total>
				<timestamp>1876.308010</timestamp>
			</report>
			<report>
				<misses>297800001</misses>
				<total>0</total>
				<timestamp>1876.924091</timestamp>
			</report>
			<report>
				<misses>297900001</misses>
				<total>0</total>
				<timestamp>1877.539704</timestamp>
			</report>
			<report>
				<misses>298000001</misses>
				<total>0</total>
				<timestamp>1878.156670</timestamp>
			</report>
			<report>
				<misses>298100001</misses>
				<total>0</total>
				<timestamp>1878.773345</timestamp>
			</report>
			<report>
				<misses>298200001</misses>
				<total>0</total>
				<timestamp>1879.390946</timestamp>
			</report>
			<report>
				<misses>298300001</misses>
				<total>0</total>
				<timestamp>1880.009260</timestamp>
			</report>
			<report>
				<misses>298400001</misses>
				<total>0</total>
				<timestamp>1880.625303</timestamp>
			</report>
			<report>
				<misses>298500001</misses>
				<total>0</total>
				<timestamp>1881.243023</timestamp>
			</report>
			<report>
				<misses>298600001</misses>
				<total>0</total>
				<timestamp>1881.859410</timestamp>
			</report>
			<report>
				<misses>298700001</misses>
				<total>0</total>
				<timestamp>1882.475716</timestamp>
			</report>
			<report>
				<misses>298800001</misses>
				<total>0</total>
				<timestamp>1883.092478</timestamp>
			</report>
			<report>
				<misses>298900001</misses>
				<total>0</total>
				<timestamp>1883.708490</timestamp>
			</report>
			<report>
				<misses>299000001</misses>
				<total>0</total>
				<timestamp>1884.325159</timestamp>
			</report>
			<report>
				<misses>299100001</misses>
				<total>0</total>
				<timestamp>1884.942805</timestamp>
			</report>
			<report>
				<misses>299200001</misses>
				<total>0</total>
				<timestamp>1885.564390</timestamp>
			</report>
			<report>
				<misses>299300001</misses>
				<total>0</total>
				<timestamp>1886.185080</timestamp>
			</report>
			<report>
				<misses>299400001</misses>
				<total>0</total>
				<timestamp>1886.807621</timestamp>
			</report>
			<report>
				<misses>299500001</misses>
				<total>0</total>
				<timestamp>1887.431272</timestamp>
			</report>
			<report>
				<misses>299600001</misses>
				<total>0</total>
				<timestamp>1888.056818</timestamp>
			</report>
			<report>
				<misses>299700001</misses>
				<total>0</total>
				<timestamp>1888.682977</timestamp>
			</report>
			<report>
				<misses>299800001</misses>
				<total>0</total>
				<timestamp>1889.316782</timestamp>
			</report>
			<report>
				<misses>299900001</misses>
				<total>0</total>
				<timestamp>1889.941164</timestamp>
			</report>
			<report>
				<misses>300000001</misses>
				<total>0</total>
				<timestamp>1890.564255</timestamp>
			</report>
			<report>
				<misses>300100001</misses>
				<total>0</total>
				<timestamp>1891.188531</timestamp>
			</report>
			<report>
				<misses>300200001</misses>
				<total>0</total>
				<timestamp>1891.817062</timestamp>
			</report>
			<report>
				<misses>300300001</misses>
				<total>0</total>
				<timestamp>1892.442598</timestamp>
			</report>
			<report>
				<misses>300400001</misses>
				<total>0</total>
				<timestamp>1893.068555</timestamp>
			</report>
			<report>
				<misses>300500001</misses>
				<total>0</total>
				<timestamp>1893.693882</timestamp>
			</report>
			<report>
				<misses>300600001</misses>
				<total>0</total>
				<timestamp>1894.319650</timestamp>
			</report>
			<report>
				<misses>300700001</misses>
				<total>0</total>
				<timestamp>1894.946902</timestamp>
			</report>
			<report>
				<misses>300800001</misses>
				<total>0</total>
				<timestamp>1895.572769</timestamp>
			</report>
			<report>
				<misses>300900001</misses>
				<total>0</total>
				<timestamp>1896.199340</timestamp>
			</report>
			<report>
				<misses>301000001</misses>
				<total>0</total>
				<timestamp>1896.824656</timestamp>
			</report>
			<report>
				<misses>301100001</misses>
				<total>0</total>
				<timestamp>1897.449841</timestamp>
			</report>
			<report>
				<misses>301200001</misses>
				<total>0</total>
				<timestamp>1898.075740</timestamp>
			</report>
			<report>
				<misses>301300001</misses>
				<total>0</total>
				<timestamp>1898.700492</timestamp>
			</report>
			<report>
				<misses>301400001</misses>
				<total>0</total>
				<timestamp>1899.325183</timestamp>
			</report>
			<report>
				<misses>301500001</misses>
				<total>0</total>
				<timestamp>1899.950537</timestamp>
			</report>
			<report>
				<misses>301600001</misses>
				<total>0</total>
				<timestamp>1900.576004</timestamp>
			</report>
			<report>
				<misses>301700001</misses>
				<total>0</total>
				<timestamp>1901.200307</timestamp>
			</report>
			<report>
				<misses>301800001</misses>
				<total>0</total>
				<timestamp>1901.824454</timestamp>
			</report>
			<report>
				<misses>301900001</misses>
				<total>0</total>
				<timestamp>1902.447929</timestamp>
			</report>
			<report>
				<misses>302000001</misses>
				<total>0</total>
				<timestamp>1903.071670</timestamp>
			</report>
			<report>
				<misses>302100001</misses>
				<total>0</total>
				<timestamp>1903.695129</timestamp>
			</report>
			<report>
				<misses>302200001</misses>
				<total>0</total>
				<timestamp>1904.319084</timestamp>
			</report>
			<report>
				<misses>302300001</misses>
				<total>0</total>
				<timestamp>1904.943478</timestamp>
			</report>
			<report>
				<misses>302400001</misses>
				<total>0</total>
				<timestamp>1905.567141</timestamp>
			</report>
			<report>
				<misses>302500001</misses>
				<total>0</total>
				<timestamp>1906.191078</timestamp>
			</report>
			<report>
				<misses>302600001</misses>
				<total>0</total>
				<timestamp>1906.813564</timestamp>
			</report>
			<report>
				<misses>302700001</misses>
				<total>0</total>
				<timestamp>1907.437022</timestamp>
			</report>
			<report>
				<misses>302800001</misses>
				<total>0</total>
				<timestamp>1908.060547</timestamp>
			</report>
			<report>
				<misses>302900001</misses>
				<total>0</total>
				<timestamp>1908.684495</timestamp>
			</report>
			<report>
				<misses>303000001</misses>
				<total>0</total>
				<timestamp>1909.307866</timestamp>
			</report>
			<report>
				<misses>303100001</misses>
				<total>0</total>
				<timestamp>1909.951867</timestamp>
			</report>
			<report>
				<misses>303200001</misses>
				<total>0</total>
				<timestamp>1910.574579</timestamp>
			</report>
			<report>
				<misses>303300001</misses>
				<total>0</total>
				<timestamp>1911.197711</timestamp>
			</report>
			<report>
				<misses>303400001</misses>
				<total>0</total>
				<timestamp>1911.821080</timestamp>
			</report>
			<report>
				<misses>303500001</misses>
				<total>0</total>
				<timestamp>1912.444905</timestamp>
			</report>
			<report>
				<misses>303600001</misses>
				<total>0</total>
				<timestamp>1913.069167</timestamp>
			</report>
			<report>
				<misses>303700001</misses>
				<total>0</total>
				<timestamp>1913.692740</timestamp>
			</report>
			<report>
				<misses>303800001</misses>
				<total>0</total>
				<timestamp>1914.317260</timestamp>
			</report>
			<report>
				<misses>303900001</misses>
				<total>0</total>
				<timestamp>1914.945330</timestamp>
			</report>
			<report>
				<misses>304000001</misses>
				<total>0</total>
				<timestamp>1915.569114</timestamp>
			</report>
			<report>
				<misses>304100001</misses>
				<total>0</total>
				<timestamp>1916.192999</timestamp>
			</report>
			<report>
				<misses>304200001</misses>
				<total>0</total>
				<timestamp>1916.816633</timestamp>
			</report>
			<report>
				<misses>304300001</misses>
				<total>0</total>
				<timestamp>1917.441961</timestamp>
			</report>
			<report>
				<misses>304400001</misses>
				<total>0</total>
				<timestamp>1918.083090</timestamp>
			</report>
			<report>
				<misses>304500001</misses>
				<total>0</total>
				<timestamp>1918.709492</timestamp>
			</report>
			<report>
				<misses>304600001</misses>
				<total>0</total>
				<timestamp>1919.333600</timestamp>
			</report>
			<report>
				<misses>304700001</misses>
				<total>0</total>
				<timestamp>1919.958739</timestamp>
			</report>
			<report>
				<misses>304800001</misses>
				<total>0</total>
				<timestamp>1920.584219</timestamp>
			</report>
			<report>
				<misses>304900001</misses>
				<total>0</total>
				<timestamp>1921.208659</timestamp>
			</report>
			<report>
				<misses>305000001</misses>
				<total>0</total>
				<timestamp>1921.847419</timestamp>
			</report>
			<report>
				<misses>305100001</misses>
				<total>0</total>
				<timestamp>1922.471671</timestamp>
			</report>
			<report>
				<misses>305200001</misses>
				<total>0</total>
				<timestamp>1923.096460</timestamp>
			</report>
			<report>
				<misses>305300001</misses>
				<total>0</total>
				<timestamp>1923.720032</timestamp>
			</report>
			<report>
				<misses>305400001</misses>
				<total>0</total>
				<timestamp>1924.344569</timestamp>
			</report>
			<report>
				<misses>305500001</misses>
				<total>0</total>
				<timestamp>1924.968306</timestamp>
			</report>
			<report>
				<misses>305600001</misses>
				<total>0</total>
				<timestamp>1925.592581</timestamp>
			</report>
			<report>
				<misses>305700001</misses>
				<total>0</total>
				<timestamp>1926.216185</timestamp>
			</report>
			<report>
				<misses>305800001</misses>
				<total>0</total>
				<timestamp>1926.840735</timestamp>
			</report>
			<report>
				<misses>305900001</misses>
				<total>0</total>
				<timestamp>1927.464429</timestamp>
			</report>
			<report>
				<misses>306000001</misses>
				<total>0</total>
				<timestamp>1928.093161</timestamp>
			</report>
			<report>
				<misses>306100001</misses>
				<total>0</total>
				<timestamp>1928.716360</timestamp>
			</report>
			<report>
				<misses>306200001</misses>
				<total>0</total>
				<timestamp>1929.339581</timestamp>
			</report>
			<report>
				<misses>306300001</misses>
				<total>0</total>
				<timestamp>1929.963291</timestamp>
			</report>
			<report>
				<misses>306400001</misses>
				<total>0</total>
				<timestamp>1930.586653</timestamp>
			</report>
			<report>
				<misses>306500001</misses>
				<total>0</total>
				<timestamp>1931.215718</timestamp>
			</report>
			<report>
				<misses>306600001</misses>
				<total>0</total>
				<timestamp>1931.839354</timestamp>
			</report>
			<report>
				<misses>306700001</misses>
				<total>0</total>
				<timestamp>1932.462725</timestamp>
			</report>
			<report>
				<misses>306800001</misses>
				<total>0</total>
				<timestamp>1933.086324</timestamp>
			</report>
			<report>
				<misses>306900001</misses>
				<total>0</total>
				<timestamp>1933.710956</timestamp>
			</report>
			<report>
				<misses>307000001</misses>
				<total>0</total>
				<timestamp>1934.335214</timestamp>
			</report>
			<report>
				<misses>307100001</misses>
				<total>0</total>
				<timestamp>1934.960662</timestamp>
			</report>
			<report>
				<misses>307200001</misses>
				<total>0</total>
				<timestamp>1935.584446</timestamp>
			</report>
			<report>
				<misses>307300001</misses>
				<total>0</total>
				<timestamp>1936.209562</timestamp>
			</report>
			<report>
				<misses>307400001</misses>
				<total>0</total>
				<timestamp>1936.835539</timestamp>
			</report>
			<report>
				<misses>307500001</misses>
				<total>0</total>
				<timestamp>1937.459932</timestamp>
			</report>
			<report>
				<misses>307600001</misses>
				<total>0</total>
				<timestamp>1938.083975</timestamp>
			</report>
			<report>
				<misses>307700001</misses>
				<total>0</total>
				<timestamp>1938.709146</timestamp>
			</report>
			<report>
				<misses>307800001</misses>
				<total>0</total>
				<timestamp>1939.333653</timestamp>
			</report>
			<report>
				<misses>307900001</misses>
				<total>0</total>
				<timestamp>1939.958620</timestamp>
			</report>
			<report>
				<misses>308000001</misses>
				<total>0</total>
				<timestamp>1940.583560</timestamp>
			</report>
			<report>
				<misses>308100001</misses>
				<total>0</total>
				<timestamp>1941.207190</timestamp>
			</report>
			<report>
				<misses>308200001</misses>
				<total>0</total>
				<timestamp>1941.830648</timestamp>
			</report>
			<report>
				<misses>308300001</misses>
				<total>0</total>
				<timestamp>1942.454054</timestamp>
			</report>
			<report>
				<misses>308400001</misses>
				<total>0</total>
				<timestamp>1943.078370</timestamp>
			</report>
			<report>
				<misses>308500001</misses>
				<total>0</total>
				<timestamp>1943.703035</timestamp>
			</report>
			<report>
				<misses>308600001</misses>
				<total>0</total>
				<timestamp>1944.325944</timestamp>
			</report>
			<report>
				<misses>308700001</misses>
				<total>0</total>
				<timestamp>1944.949338</timestamp>
			</report>
			<report>
				<misses>308800001</misses>
				<total>0</total>
				<timestamp>1945.572412</timestamp>
			</report>
			<report>
				<misses>308900001</misses>
				<total>0</total>
				<timestamp>1946.195686</timestamp>
			</report>
			<report>
				<misses>309000001</misses>
				<total>0</total>
				<timestamp>1946.819160</timestamp>
			</report>
			<report>
				<misses>309100001</misses>
				<total>0</total>
				<timestamp>1947.442200</timestamp>
			</report>
			<report>
				<misses>309200001</misses>
				<total>0</total>
				<timestamp>1948.066439</timestamp>
			</report>
			<report>
				<misses>309300001</misses>
				<total>0</total>
				<timestamp>1948.692764</timestamp>
			</report>
			<report>
				<misses>309400001</misses>
				<total>0</total>
				<timestamp>1949.317037</timestamp>
			</report>
			<report>
				<misses>309500001</misses>
				<total>0</total>
				<timestamp>1949.949572</timestamp>
			</report>
			<report>
				<misses>309600001</misses>
				<total>0</total>
				<timestamp>1950.576244</timestamp>
			</report>
			<report>
				<misses>309700001</misses>
				<total>0</total>
				<timestamp>1951.203461</timestamp>
			</report>
			<report>
				<misses>309800001</misses>
				<total>0</total>
				<timestamp>1951.831357</timestamp>
			</report>
			<report>
				<misses>309900001</misses>
				<total>0</total>
				<timestamp>1952.457081</timestamp>
			</report>
			<report>
				<misses>310000001</misses>
				<total>0</total>
				<timestamp>1953.083552</timestamp>
			</report>
			<report>
				<misses>310100001</misses>
				<total>0</total>
				<timestamp>1953.709216</timestamp>
			</report>
			<report>
				<misses>310200001</misses>
				<total>0</total>
				<timestamp>1954.335238</timestamp>
			</report>
			<report>
				<misses>310300001</misses>
				<total>0</total>
				<timestamp>1954.966270</timestamp>
			</report>
			<report>
				<misses>310400001</misses>
				<total>0</total>
				<timestamp>1955.600068</timestamp>
			</report>
			<report>
				<misses>310500001</misses>
				<total>0</total>
				<timestamp>1956.237688</timestamp>
			</report>
			<report>
				<misses>310600001</misses>
				<total>0</total>
				<timestamp>1956.872496</timestamp>
			</report>
			<report>
				<misses>310700001</misses>
				<total>0</total>
				<timestamp>1957.505402</timestamp>
			</report>
			<report>
				<misses>310800001</misses>
				<total>0</total>
				<timestamp>1958.138750</timestamp>
			</report>
			<report>
				<misses>310900001</misses>
				<total>0</total>
				<timestamp>1958.773470</timestamp>
			</report>
			<report>
				<misses>311000001</misses>
				<total>0</total>
				<timestamp>1959.406482</timestamp>
			</report>
			<report>
				<misses>311100001</misses>
				<total>0</total>
				<timestamp>1960.044721</timestamp>
			</report>
			<report>
				<misses>311200001</misses>
				<total>0</total>
				<timestamp>1960.678788</timestamp>
			</report>
			<report>
				<misses>311300001</misses>
				<total>0</total>
				<timestamp>1961.333210</timestamp>
			</report>
			<report>
				<misses>311400001</misses>
				<total>0</total>
				<timestamp>1961.973829</timestamp>
			</report>
			<report>
				<misses>311500001</misses>
				<total>0</total>
				<timestamp>1962.606786</timestamp>
			</report>
			<report>
				<misses>311600001</misses>
				<total>0</total>
				<timestamp>1963.248942</timestamp>
			</report>
			<report>
				<misses>311700001</misses>
				<total>0</total>
				<timestamp>1963.881940</timestamp>
			</report>
			<report>
				<misses>311800001</misses>
				<total>0</total>
				<timestamp>1964.519533</timestamp>
			</report>
			<report>
				<misses>311900001</misses>
				<total>0</total>
				<timestamp>1965.152590</timestamp>
			</report>
			<report>
				<misses>312000001</misses>
				<total>0</total>
				<timestamp>1965.785004</timestamp>
			</report>
			<report>
				<misses>312100001</misses>
				<total>0</total>
				<timestamp>1966.417888</timestamp>
			</report>
			<report>
				<misses>312200001</misses>
				<total>0</total>
				<timestamp>1967.050634</timestamp>
			</report>
			<report>
				<misses>312300001</misses>
				<total>0</total>
				<timestamp>1967.682910</timestamp>
			</report>
			<report>
				<misses>312400001</misses>
				<total>0</total>
				<timestamp>1968.324001</timestamp>
			</report>
			<report>
				<misses>312500001</misses>
				<total>0</total>
				<timestamp>1968.958319</timestamp>
			</report>
			<report>
				<misses>312600001</misses>
				<total>0</total>
				<timestamp>1969.591234</timestamp>
			</report>
			<report>
				<misses>312700001</misses>
				<total>0</total>
				<timestamp>1970.226420</timestamp>
			</report>
			<report>
				<misses>312800001</misses>
				<total>0</total>
				<timestamp>1970.859482</timestamp>
			</report>
			<report>
				<misses>312900001</misses>
				<total>0</total>
				<timestamp>1971.498393</timestamp>
			</report>
			<report>
				<misses>313000001</misses>
				<total>0</total>
				<timestamp>1972.134734</timestamp>
			</report>
			<report>
				<misses>313100001</misses>
				<total>0</total>
				<timestamp>1972.771269</timestamp>
			</report>
			<report>
				<misses>313200001</misses>
				<total>0</total>
				<timestamp>1973.404687</timestamp>
			</report>
			<report>
				<misses>313300001</misses>
				<total>0</total>
				<timestamp>1974.047554</timestamp>
			</report>
			<report>
				<misses>313400001</misses>
				<total>0</total>
				<timestamp>1974.679193</timestamp>
			</report>
			<report>
				<misses>313500001</misses>
				<total>0</total>
				<timestamp>1975.312610</timestamp>
			</report>
			<report>
				<misses>313600001</misses>
				<total>0</total>
				<timestamp>1975.953223</timestamp>
			</report>
			<report>
				<misses>313700001</misses>
				<total>0</total>
				<timestamp>1976.585714</timestamp>
			</report>
			<report>
				<misses>313800001</misses>
				<total>0</total>
				<timestamp>1977.219711</timestamp>
			</report>
			<report>
				<misses>313900001</misses>
				<total>0</total>
				<timestamp>1977.863272</timestamp>
			</report>
			<report>
				<misses>314000001</misses>
				<total>0</total>
				<timestamp>1978.515308</timestamp>
			</report>
			<report>
				<misses>314100001</misses>
				<total>0</total>
				<timestamp>1979.159335</timestamp>
			</report>
			<report>
				<misses>314200001</misses>
				<total>0</total>
				<timestamp>1979.794470</timestamp>
			</report>
			<report>
				<misses>314300001</misses>
				<total>0</total>
				<timestamp>1980.439474</timestamp>
			</report>
			<report>
				<misses>314400001</misses>
				<total>0</total>
				<timestamp>1981.081434</timestamp>
			</report>
			<report>
				<misses>314500001</misses>
				<total>0</total>
				<timestamp>1981.718119</timestamp>
			</report>
			<report>
				<misses>314600001</misses>
				<total>0</total>
				<timestamp>1982.358790</timestamp>
			</report>
			<report>
				<misses>314700001</misses>
				<total>0</total>
				<timestamp>1982.994807</timestamp>
			</report>
			<report>
				<misses>314800001</misses>
				<total>0</total>
				<timestamp>1983.639261</timestamp>
			</report>
			<report>
				<misses>314900001</misses>
				<total>0</total>
				<timestamp>1984.280835</timestamp>
			</report>
			<report>
				<misses>315000001</misses>
				<total>0</total>
				<timestamp>1984.947298</timestamp>
			</report>
			<report>
				<misses>315100001</misses>
				<total>0</total>
				<timestamp>1985.581515</timestamp>
			</report>
			<report>
				<misses>315200001</misses>
				<total>0</total>
				<timestamp>1986.232827</timestamp>
			</report>
			<report>
				<misses>315300001</misses>
				<total>0</total>
				<timestamp>1986.865293</timestamp>
			</report>
			<report>
				<misses>315400001</misses>
				<total>0</total>
				<timestamp>1987.503610</timestamp>
			</report>
			<report>
				<misses>315500001</misses>
				<total>0</total>
				<timestamp>1988.171328</timestamp>
			</report>
			<report>
				<misses>315600001</misses>
				<total>0</total>
				<timestamp>1988.813171</timestamp>
			</report>
			<report>
				<misses>315700001</misses>
				<total>0</total>
				<timestamp>1989.468068</timestamp>
			</report>
			<report>
				<misses>315800001</misses>
				<total>0</total>
				<timestamp>1990.104283</timestamp>
			</report>
			<report>
				<misses>315900001</misses>
				<total>0</total>
				<timestamp>1990.740588</timestamp>
			</report>
			<report>
				<misses>316000001</misses>
				<total>0</total>
				<timestamp>1991.379864</timestamp>
			</report>
			<report>
				<misses>316100001</misses>
				<total>0</total>
				<timestamp>1992.029849</timestamp>
			</report>
			<report>
				<misses>316200001</misses>
				<total>0</total>
				<timestamp>1992.673001</timestamp>
			</report>
			<report>
				<misses>316300001</misses>
				<total>0</total>
				<timestamp>1993.306863</timestamp>
			</report>
			<report>
				<misses>316400001</misses>
				<total>0</total>
				<timestamp>1993.944035</timestamp>
			</report>
			<report>
				<misses>316500001</misses>
				<total>0</total>
				<timestamp>1994.579781</timestamp>
			</report>
			<report>
				<misses>316600001</misses>
				<total>0</total>
				<timestamp>1995.212448</timestamp>
			</report>
			<report>
				<misses>316700001</misses>
				<total>0</total>
				<timestamp>1995.850350</timestamp>
			</report>
			<report>
				<misses>316800001</misses>
				<total>0</total>
				<timestamp>1996.480854</timestamp>
			</report>
			<report>
				<misses>316900001</misses>
				<total>0</total>
				<timestamp>1997.108718</timestamp>
			</report>
			<report>
				<misses>317000001</misses>
				<total>0</total>
				<timestamp>1997.751368</timestamp>
			</report>
			<report>
				<misses>317100001</misses>
				<total>0</total>
				<timestamp>1998.391479</timestamp>
			</report>
			<report>
				<misses>317200001</misses>
				<total>0</total>
				<timestamp>1999.026121</timestamp>
			</report>
			<report>
				<misses>317300001</misses>
				<total>0</total>
				<timestamp>1999.660469</timestamp>
			</report>
			<report>
				<misses>317400001</misses>
				<total>0</total>
				<timestamp>2000.294777</timestamp>
			</report>
			<report>
				<misses>317500001</misses>
				<total>0</total>
				<timestamp>2000.929188</timestamp>
			</report>
			<report>
				<misses>317600001</misses>
				<total>0</total>
				<timestamp>2001.563243</timestamp>
			</report>
			<report>
				<misses>317700001</misses>
				<total>0</total>
				<timestamp>2002.197726</timestamp>
			</report>
			<report>
				<misses>317800001</misses>
				<total>0</total>
				<timestamp>2002.831785</timestamp>
			</report>
			<report>
				<misses>317900001</misses>
				<total>0</total>
				<timestamp>2003.465817</timestamp>
			</report>
			<report>
				<misses>318000001</misses>
				<total>0</total>
				<timestamp>2004.099241</timestamp>
			</report>
			<report>
				<misses>318100001</misses>
				<total>0</total>
				<timestamp>2004.732921</timestamp>
			</report>
			<report>
				<misses>318200001</misses>
				<total>0</total>
				<timestamp>2005.367241</timestamp>
			</report>
			<report>
				<misses>318300001</misses>
				<total>0</total>
				<timestamp>2006.001524</timestamp>
			</report>
			<report>
				<misses>318400001</misses>
				<total>0</total>
				<timestamp>2006.635599</timestamp>
			</report>
			<report>
				<misses>318500001</misses>
				<total>0</total>
				<timestamp>2007.269634</timestamp>
			</report>
			<report>
				<misses>318600001</misses>
				<total>0</total>
				<timestamp>2007.903335</timestamp>
			</report>
			<report>
				<misses>318700001</misses>
				<total>0</total>
				<timestamp>2008.538047</timestamp>
			</report>
			<report>
				<misses>318800001</misses>
				<total>0</total>
				<timestamp>2009.173906</timestamp>
			</report>
			<report>
				<misses>318900001</misses>
				<total>0</total>
				<timestamp>2009.809406</timestamp>
			</report>
			<report>
				<misses>319000001</misses>
				<total>0</total>
				<timestamp>2010.445044</timestamp>
			</report>
			<report>
				<misses>319100001</misses>
				<total>0</total>
				<timestamp>2011.080265</timestamp>
			</report>
			<report>
				<misses>319200001</misses>
				<total>0</total>
				<timestamp>2011.715734</timestamp>
			</report>
			<report>
				<misses>319300001</misses>
				<total>0</total>
				<timestamp>2012.351117</timestamp>
			</report>
			<report>
				<misses>319400001</misses>
				<total>0</total>
				<timestamp>2012.987215</timestamp>
			</report>
			<report>
				<misses>319500001</misses>
				<total>0</total>
				<timestamp>2013.622086</timestamp>
			</report>
			<report>
				<misses>319600001</misses>
				<total>0</total>
				<timestamp>2014.256983</timestamp>
			</report>
			<report>
				<misses>319700001</misses>
				<total>0</total>
				<timestamp>2014.891445</timestamp>
			</report>
			<report>
				<misses>319800001</misses>
				<total>0</total>
				<timestamp>2015.524846</timestamp>
			</report>
			<report>
				<misses>319900001</misses>
				<total>0</total>
				<timestamp>2016.158726</timestamp>
			</report>
			<report>
				<misses>320000001</misses>
				<total>0</total>
				<timestamp>2016.794749</timestamp>
			</report>
			<report>
				<misses>320100001</misses>
				<total>0</total>
				<timestamp>2017.429111</timestamp>
			</report>
			<report>
				<misses>320200001</misses>
				<total>0</total>
				<timestamp>2018.063341</timestamp>
			</report>
			<report>
				<misses>320300001</misses>
				<total>0</total>
				<timestamp>2018.697918</timestamp>
			</report>
			<report>
				<misses>320400001</misses>
				<total>0</total>
				<timestamp>2019.327590</timestamp>
			</report>
			<report>
				<misses>320500001</misses>
				<total>0</total>
				<timestamp>2019.950307</timestamp>
			</report>
			<report>
				<misses>320600001</misses>
				<total>0</total>
				<timestamp>2020.572402</timestamp>
			</report>
			<report>
				<misses>320700001</misses>
				<total>0</total>
				<timestamp>2021.196418</timestamp>
			</report>
			<report>
				<misses>320800001</misses>
				<total>0</total>
				<timestamp>2021.820616</timestamp>
			</report>
			<report>
				<misses>320900001</misses>
				<total>0</total>
				<timestamp>2022.445382</timestamp>
			</report>
			<report>
				<misses>321000001</misses>
				<total>0</total>
				<timestamp>2023.069524</timestamp>
			</report>
			<report>
				<misses>321100001</misses>
				<total>0</total>
				<timestamp>2023.693155</timestamp>
			</report>
			<report>
				<misses>321200001</misses>
				<total>0</total>
				<timestamp>2024.316946</timestamp>
			</report>
			<report>
				<misses>321300001</misses>
				<total>0</total>
				<timestamp>2024.940097</timestamp>
			</report>
			<report>
				<misses>321400001</misses>
				<total>0</total>
				<timestamp>2025.562933</timestamp>
			</report>
			<report>
				<misses>321500001</misses>
				<total>0</total>
				<timestamp>2026.184884</timestamp>
			</report>
			<report>
				<misses>321600001</misses>
				<total>0</total>
				<timestamp>2026.820809</timestamp>
			</report>
			<report>
				<misses>321700001</misses>
				<total>0</total>
				<timestamp>2027.445259</timestamp>
			</report>
			<report>
				<misses>321800001</misses>
				<total>0</total>
				<timestamp>2028.072741</timestamp>
			</report>
			<report>
				<misses>321900001</misses>
				<total>0</total>
				<timestamp>2028.698661</timestamp>
			</report>
			<report>
				<misses>322000001</misses>
				<total>0</total>
				<timestamp>2029.325235</timestamp>
			</report>
			<report>
				<misses>322100001</misses>
				<total>0</total>
				<timestamp>2029.951286</timestamp>
			</report>
			<report>
				<misses>322200001</misses>
				<total>0</total>
				<timestamp>2030.577319</timestamp>
			</report>
			<report>
				<misses>322300001</misses>
				<total>0</total>
				<timestamp>2031.203678</timestamp>
			</report>
			<report>
				<misses>322400001</misses>
				<total>0</total>
				<timestamp>2031.835140</timestamp>
			</report>
			<report>
				<misses>322500001</misses>
				<total>0</total>
				<timestamp>2032.459392</timestamp>
			</report>
			<report>
				<misses>322600001</misses>
				<total>0</total>
				<timestamp>2033.083956</timestamp>
			</report>
			<report>
				<misses>322700001</misses>
				<total>0</total>
				<timestamp>2033.708140</timestamp>
			</report>
			<report>
				<misses>322800001</misses>
				<total>0</total>
				<timestamp>2034.332893</timestamp>
			</report>
			<report>
				<misses>322900001</misses>
				<total>0</total>
				<timestamp>2034.957007</timestamp>
			</report>
			<report>
				<misses>323000001</misses>
				<total>0</total>
				<timestamp>2035.581785</timestamp>
			</report>
			<report>
				<misses>323100001</misses>
				<total>0</total>
				<timestamp>2036.207604</timestamp>
			</report>
			<report>
				<misses>323200001</misses>
				<total>0</total>
				<timestamp>2036.840060</timestamp>
			</report>
			<report>
				<misses>323300001</misses>
				<total>0</total>
				<timestamp>2037.468082</timestamp>
			</report>
			<report>
				<misses>323400001</misses>
				<total>0</total>
				<timestamp>2038.092965</timestamp>
			</report>
			<report>
				<misses>323500001</misses>
				<total>0</total>
				<timestamp>2038.718367</timestamp>
			</report>
			<report>
				<misses>323600001</misses>
				<total>0</total>
				<timestamp>2039.342816</timestamp>
			</report>
			<report>
				<misses>323700001</misses>
				<total>0</total>
				<timestamp>2039.967829</timestamp>
			</report>
			<report>
				<misses>323800001</misses>
				<total>0</total>
				<timestamp>2040.594399</timestamp>
			</report>
			<report>
				<misses>323900001</misses>
				<total>0</total>
				<timestamp>2041.218989</timestamp>
			</report>
			<report>
				<misses>324000001</misses>
				<total>0</total>
				<timestamp>2041.843830</timestamp>
			</report>
			<report>
				<misses>324100001</misses>
				<total>0</total>
				<timestamp>2042.467484</timestamp>
			</report>
			<report>
				<misses>324200001</misses>
				<total>0</total>
				<timestamp>2043.091250</timestamp>
			</report>
			<report>
				<misses>324300001</misses>
				<total>0</total>
				<timestamp>2043.715020</timestamp>
			</report>
			<report>
				<misses>324400001</misses>
				<total>0</total>
				<timestamp>2044.337800</timestamp>
			</report>
			<report>
				<misses>324500001</misses>
				<total>0</total>
				<timestamp>2044.961588</timestamp>
			</report>
			<report>
				<misses>324600001</misses>
				<total>0</total>
				<timestamp>2045.587011</timestamp>
			</report>
			<report>
				<misses>324700001</misses>
				<total>0</total>
				<timestamp>2046.211567</timestamp>
			</report>
			<report>
				<misses>324800001</misses>
				<total>0</total>
				<timestamp>2046.837604</timestamp>
			</report>
			<report>
				<misses>324900001</misses>
				<total>0</total>
				<timestamp>2047.460923</timestamp>
			</report>
			<report>
				<misses>325000001</misses>
				<total>0</total>
				<timestamp>2048.086283</timestamp>
			</report>
			<report>
				<misses>325100001</misses>
				<total>0</total>
				<timestamp>2048.710749</timestamp>
			</report>
			<report>
				<misses>325200001</misses>
				<total>0</total>
				<timestamp>2049.333917</timestamp>
			</report>
			<report>
				<misses>325300001</misses>
				<total>0</total>
				<timestamp>2049.957271</timestamp>
			</report>
			<report>
				<misses>325400001</misses>
				<total>0</total>
				<timestamp>2050.581112</timestamp>
			</report>
			<report>
				<misses>325500001</misses>
				<total>0</total>
				<timestamp>2051.209987</timestamp>
			</report>
			<report>
				<misses>325600001</misses>
				<total>0</total>
				<timestamp>2051.833623</timestamp>
			</report>
			<report>
				<misses>325700001</misses>
				<total>0</total>
				<timestamp>2052.457479</timestamp>
			</report>
			<report>
				<misses>325800001</misses>
				<total>0</total>
				<timestamp>2053.080625</timestamp>
			</report>
			<report>
				<misses>325900001</misses>
				<total>0</total>
				<timestamp>2053.704592</timestamp>
			</report>
			<report>
				<misses>326000001</misses>
				<total>0</total>
				<timestamp>2054.327766</timestamp>
			</report>
			<report>
				<misses>326100001</misses>
				<total>0</total>
				<timestamp>2054.959246</timestamp>
			</report>
			<report>
				<misses>326200001</misses>
				<total>0</total>
				<timestamp>2055.581786</timestamp>
			</report>
			<report>
				<misses>326300001</misses>
				<total>0</total>
				<timestamp>2056.205086</timestamp>
			</report>
			<report>
				<misses>326400001</misses>
				<total>0</total>
				<timestamp>2056.829022</timestamp>
			</report>
			<report>
				<misses>326500001</misses>
				<total>0</total>
				<timestamp>2057.452030</timestamp>
			</report>
			<report>
				<misses>326600001</misses>
				<total>0</total>
				<timestamp>2058.085867</timestamp>
			</report>
			<report>
				<misses>326700001</misses>
				<total>0</total>
				<timestamp>2058.709922</timestamp>
			</report>
			<report>
				<misses>326800001</misses>
				<total>0</total>
				<timestamp>2059.333183</timestamp>
			</report>
			<report>
				<misses>326900001</misses>
				<total>0</total>
				<timestamp>2059.956281</timestamp>
			</report>
			<report>
				<misses>327000001</misses>
				<total>0</total>
				<timestamp>2060.579823</timestamp>
			</report>
			<report>
				<misses>327100001</misses>
				<total>0</total>
				<timestamp>2061.236278</timestamp>
			</report>
			<report>
				<misses>327200001</misses>
				<total>0</total>
				<timestamp>2061.858868</timestamp>
			</report>
			<report>
				<misses>327300001</misses>
				<total>0</total>
				<timestamp>2062.483111</timestamp>
			</report>
			<report>
				<misses>327400001</misses>
				<total>0</total>
				<timestamp>2063.111612</timestamp>
			</report>
			<report>
				<misses>327500001</misses>
				<total>0</total>
				<timestamp>2063.735265</timestamp>
			</report>
			<report>
				<misses>327600001</misses>
				<total>0</total>
				<timestamp>2064.358277</timestamp>
			</report>
			<report>
				<misses>327700001</misses>
				<total>0</total>
				<timestamp>2064.982522</timestamp>
			</report>
			<report>
				<misses>327800001</misses>
				<total>0</total>
				<timestamp>2065.606564</timestamp>
			</report>
			<report>
				<misses>327900001</misses>
				<total>0</total>
				<timestamp>2066.230541</timestamp>
			</report>
			<report>
				<misses>328000001</misses>
				<total>0</total>
				<timestamp>2066.855233</timestamp>
			</report>
			<report>
				<misses>328100001</misses>
				<total>0</total>
				<timestamp>2067.478501</timestamp>
			</report>
			<report>
				<misses>328200001</misses>
				<total>0</total>
				<timestamp>2068.104757</timestamp>
			</report>
			<report>
				<misses>328300001</misses>
				<total>0</total>
				<timestamp>2068.728740</timestamp>
			</report>
			<report>
				<misses>328400001</misses>
				<total>0</total>
				<timestamp>2069.352355</timestamp>
			</report>
			<report>
				<misses>328500001</misses>
				<total>0</total>
				<timestamp>2069.979871</timestamp>
			</report>
			<report>
				<misses>328600001</misses>
				<total>0</total>
				<timestamp>2070.603495</timestamp>
			</report>
			<report>
				<misses>328700001</misses>
				<total>0</total>
				<timestamp>2071.227038</timestamp>
			</report>
			<report>
				<misses>328800001</misses>
				<total>0</total>
				<timestamp>2071.851055</timestamp>
			</report>
			<report>
				<misses>328900001</misses>
				<total>0</total>
				<timestamp>2072.474406</timestamp>
			</report>
			<report>
				<misses>329000001</misses>
				<total>0</total>
				<timestamp>2073.097450</timestamp>
			</report>
			<report>
				<misses>329100001</misses>
				<total>0</total>
				<timestamp>2073.720875</timestamp>
			</report>
			<report>
				<misses>329200001</misses>
				<total>0</total>
				<timestamp>2074.344266</timestamp>
			</report>
			<report>
				<misses>329300001</misses>
				<total>0</total>
				<timestamp>2074.967942</timestamp>
			</report>
			<report>
				<misses>329400001</misses>
				<total>0</total>
				<timestamp>2075.591048</timestamp>
			</report>
			<report>
				<misses>329500001</misses>
				<total>0</total>
				<timestamp>2076.214059</timestamp>
			</report>
			<report>
				<misses>329600001</misses>
				<total>0</total>
				<timestamp>2076.837643</timestamp>
			</report>
			<report>
				<misses>329700001</misses>
				<total>0</total>
				<timestamp>2077.461852</timestamp>
			</report>
			<report>
				<misses>329800001</misses>
				<total>0</total>
				<timestamp>2078.086353</timestamp>
			</report>
			<report>
				<misses>329900001</misses>
				<total>0</total>
				<timestamp>2078.711351</timestamp>
			</report>
			<report>
				<misses>330000001</misses>
				<total>0</total>
				<timestamp>2079.335893</timestamp>
			</report>
			<report>
				<misses>330100001</misses>
				<total>0</total>
				<timestamp>2079.959702</timestamp>
			</report>
			<report>
				<misses>330200001</misses>
				<total>0</total>
				<timestamp>2080.584381</timestamp>
			</report>
			<report>
				<misses>330300001</misses>
				<total>0</total>
				<timestamp>2081.209394</timestamp>
			</report>
			<report>
				<misses>330400001</misses>
				<total>0</total>
				<timestamp>2081.835907</timestamp>
			</report>
			<report>
				<misses>330500001</misses>
				<total>0</total>
				<timestamp>2082.460104</timestamp>
			</report>
			<report>
				<misses>330600001</misses>
				<total>0</total>
				<timestamp>2083.083544</timestamp>
			</report>
			<report>
				<misses>330700001</misses>
				<total>0</total>
				<timestamp>2083.706927</timestamp>
			</report>
			<report>
				<misses>330800001</misses>
				<total>0</total>
				<timestamp>2084.331298</timestamp>
			</report>
			<report>
				<misses>330900001</misses>
				<total>0</total>
				<timestamp>2084.955302</timestamp>
			</report>
			<report>
				<misses>331000001</misses>
				<total>0</total>
				<timestamp>2085.578723</timestamp>
			</report>
			<report>
				<misses>331100001</misses>
				<total>0</total>
				<timestamp>2086.206394</timestamp>
			</report>
			<report>
				<misses>331200001</misses>
				<total>0</total>
				<timestamp>2086.830180</timestamp>
			</report>
			<report>
				<misses>331300001</misses>
				<total>0</total>
				<timestamp>2087.454068</timestamp>
			</report>
			<report>
				<misses>331400001</misses>
				<total>0</total>
				<timestamp>2088.078012</timestamp>
			</report>
			<report>
				<misses>331500001</misses>
				<total>0</total>
				<timestamp>2088.701344</timestamp>
			</report>
			<report>
				<misses>331600001</misses>
				<total>0</total>
				<timestamp>2089.329212</timestamp>
			</report>
			<report>
				<misses>331700001</misses>
				<total>0</total>
				<timestamp>2089.957222</timestamp>
			</report>
			<report>
				<misses>331800001</misses>
				<total>0</total>
				<timestamp>2090.580682</timestamp>
			</report>
			<report>
				<misses>331900001</misses>
				<total>0</total>
				<timestamp>2091.205811</timestamp>
			</report>
			<report>
				<misses>332000001</misses>
				<total>0</total>
				<timestamp>2091.828901</timestamp>
			</report>
			<report>
				<misses>332100001</misses>
				<total>0</total>
				<timestamp>2092.452184</timestamp>
			</report>
			<report>
				<misses>332200001</misses>
				<total>0</total>
				<timestamp>2093.075189</timestamp>
			</report>
			<report>
				<misses>332300001</misses>
				<total>0</total>
				<timestamp>2093.698833</timestamp>
			</report>
			<report>
				<misses>332400001</misses>
				<total>0</total>
				<timestamp>2094.322356</timestamp>
			</report>
			<report>
				<misses>332500001</misses>
				<total>0</total>
				<timestamp>2094.946227</timestamp>
			</report>
			<report>
				<misses>332600001</misses>
				<total>0</total>
				<timestamp>2095.570329</timestamp>
			</report>
			<report>
				<misses>332700001</misses>
				<total>0</total>
				<timestamp>2096.194208</timestamp>
			</report>
			<report>
				<misses>332800001</misses>
				<total>0</total>
				<timestamp>2096.817920</timestamp>
			</report>
			<report>
				<misses>332900001</misses>
				<total>0</total>
				<timestamp>2097.441406</timestamp>
			</report>
			<report>
				<misses>333000001</misses>
				<total>0</total>
				<timestamp>2098.069423</timestamp>
			</report>
			<report>
				<misses>333100001</misses>
				<total>0</total>
				<timestamp>2098.693937</timestamp>
			</report>
			<report>
				<misses>333200001</misses>
				<total>0</total>
				<timestamp>2099.317703</timestamp>
			</report>
			<report>
				<misses>333300001</misses>
				<total>0</total>
				<timestamp>2099.943432</timestamp>
			</report>
			<report>
				<misses>333400001</misses>
				<total>0</total>
				<timestamp>2100.566703</timestamp>
			</report>
			<report>
				<misses>333500001</misses>
				<total>0</total>
				<timestamp>2101.195072</timestamp>
			</report>
			<report>
				<misses>333600001</misses>
				<total>0</total>
				<timestamp>2101.822393</timestamp>
			</report>
			<report>
				<misses>333700001</misses>
				<total>0</total>
				<timestamp>2102.445811</timestamp>
			</report>
			<report>
				<misses>333800001</misses>
				<total>0</total>
				<timestamp>2103.069048</timestamp>
			</report>
			<report>
				<misses>333900001</misses>
				<total>0</total>
				<timestamp>2103.694191</timestamp>
			</report>
			<report>
				<misses>334000001</misses>
				<total>0</total>
				<timestamp>2104.318096</timestamp>
			</report>
			<report>
				<misses>334100001</misses>
				<total>0</total>
				<timestamp>2104.941997</timestamp>
			</report>
			<report>
				<misses>334200001</misses>
				<total>0</total>
				<timestamp>2105.564815</timestamp>
			</report>
			<report>
				<misses>334300001</misses>
				<total>0</total>
				<timestamp>2106.191027</timestamp>
			</report>
			<report>
				<misses>334400001</misses>
				<total>0</total>
				<timestamp>2106.816823</timestamp>
			</report>
			<report>
				<misses>334500001</misses>
				<total>0</total>
				<timestamp>2107.439740</timestamp>
			</report>
			<report>
				<misses>334600001</misses>
				<total>0</total>
				<timestamp>2108.063355</timestamp>
			</report>
			<report>
				<misses>334700001</misses>
				<total>0</total>
				<timestamp>2108.687543</timestamp>
			</report>
			<report>
				<misses>334800001</misses>
				<total>0</total>
				<timestamp>2109.309641</timestamp>
			</report>
			<report>
				<misses>334900001</misses>
				<total>0</total>
				<timestamp>2109.938115</timestamp>
			</report>
			<report>
				<misses>335000001</misses>
				<total>0</total>
				<timestamp>2110.560905</timestamp>
			</report>
			<report>
				<misses>335100001</misses>
				<total>0</total>
				<timestamp>2111.190307</timestamp>
			</report>
			<report>
				<misses>335200001</misses>
				<total>0</total>
				<timestamp>2111.813960</timestamp>
			</report>
			<report>
				<misses>335300001</misses>
				<total>0</total>
				<timestamp>2112.437772</timestamp>
			</report>
			<report>
				<misses>335400001</misses>
				<total>0</total>
				<timestamp>2113.082512</timestamp>
			</report>
			<report>
				<misses>335500001</misses>
				<total>0</total>
				<timestamp>2113.705323</timestamp>
			</report>
			<report>
				<misses>335600001</misses>
				<total>0</total>
				<timestamp>2114.328732</timestamp>
			</report>
			<report>
				<misses>335700001</misses>
				<total>0</total>
				<timestamp>2114.952260</timestamp>
			</report>
			<report>
				<misses>335800001</misses>
				<total>0</total>
				<timestamp>2115.576558</timestamp>
			</report>
			<report>
				<misses>335900001</misses>
				<total>0</total>
				<timestamp>2116.202589</timestamp>
			</report>
			<report>
				<misses>336000001</misses>
				<total>0</total>
				<timestamp>2116.825282</timestamp>
			</report>
			<report>
				<misses>336100001</misses>
				<total>0</total>
				<timestamp>2117.449409</timestamp>
			</report>
			<report>
				<misses>336200001</misses>
				<total>0</total>
				<timestamp>2118.078473</timestamp>
			</report>
			<report>
				<misses>336300001</misses>
				<total>0</total>
				<timestamp>2118.702136</timestamp>
			</report>
			<report>
				<misses>336400001</misses>
				<total>0</total>
				<timestamp>2119.326183</timestamp>
			</report>
			<report>
				<misses>336500001</misses>
				<total>0</total>
				<timestamp>2119.950613</timestamp>
			</report>
			<report>
				<misses>336600001</misses>
				<total>0</total>
				<timestamp>2120.574377</timestamp>
			</report>
			<report>
				<misses>336700001</misses>
				<total>0</total>
				<timestamp>2121.197755</timestamp>
			</report>
			<report>
				<misses>336800001</misses>
				<total>0</total>
				<timestamp>2121.821554</timestamp>
			</report>
			<report>
				<misses>336900001</misses>
				<total>0</total>
				<timestamp>2122.445258</timestamp>
			</report>
			<report>
				<misses>337000001</misses>
				<total>0</total>
				<timestamp>2123.069420</timestamp>
			</report>
			<report>
				<misses>337100001</misses>
				<total>0</total>
				<timestamp>2123.694180</timestamp>
			</report>
			<report>
				<misses>337200001</misses>
				<total>0</total>
				<timestamp>2124.322377</timestamp>
			</report>
			<report>
				<misses>337300001</misses>
				<total>0</total>
				<timestamp>2124.946163</timestamp>
			</report>
			<report>
				<misses>337400001</misses>
				<total>0</total>
				<timestamp>2125.569494</timestamp>
			</report>
			<report>
				<misses>337500001</misses>
				<total>0</total>
				<timestamp>2126.191546</timestamp>
			</report>
			<report>
				<misses>337600001</misses>
				<total>0</total>
				<timestamp>2126.814371</timestamp>
			</report>
			<report>
				<misses>337700001</misses>
				<total>0</total>
				<timestamp>2127.437184</timestamp>
			</report>
			<report>
				<misses>337800001</misses>
				<total>0</total>
				<timestamp>2128.060918</timestamp>
			</report>
			<report>
				<misses>337900001</misses>
				<total>0</total>
				<timestamp>2128.683487</timestamp>
			</report>
			<report>
				<misses>338000001</misses>
				<total>0</total>
				<timestamp>2129.312894</timestamp>
			</report>
			<report>
				<misses>338100001</misses>
				<total>0</total>
				<timestamp>2129.935709</timestamp>
			</report>
			<report>
				<misses>338200001</misses>
				<total>0</total>
				<timestamp>2130.559310</timestamp>
			</report>
			<report>
				<misses>338300001</misses>
				<total>0</total>
				<timestamp>2131.185107</timestamp>
			</report>
			<report>
				<misses>338400001</misses>
				<total>0</total>
				<timestamp>2131.807552</timestamp>
			</report>
			<report>
				<misses>338500001</misses>
				<total>0</total>
				<timestamp>2132.429638</timestamp>
			</report>
			<report>
				<misses>338600001</misses>
				<total>0</total>
				<timestamp>2133.056916</timestamp>
			</report>
			<report>
				<misses>338700001</misses>
				<total>0</total>
				<timestamp>2133.680364</timestamp>
			</report>
			<report>
				<misses>338800001</misses>
				<total>0</total>
				<timestamp>2134.304032</timestamp>
			</report>
			<report>
				<misses>338900001</misses>
				<total>0</total>
				<timestamp>2134.932005</timestamp>
			</report>
			<report>
				<misses>339000001</misses>
				<total>0</total>
				<timestamp>2135.554817</timestamp>
			</report>
			<report>
				<misses>339100001</misses>
				<total>0</total>
				<timestamp>2136.179491</timestamp>
			</report>
			<report>
				<misses>339200001</misses>
				<total>0</total>
				<timestamp>2136.809997</timestamp>
			</report>
			<report>
				<misses>339300001</misses>
				<total>0</total>
				<timestamp>2137.432110</timestamp>
			</report>
			<report>
				<misses>339400001</misses>
				<total>0</total>
				<timestamp>2138.059545</timestamp>
			</report>
			<report>
				<misses>339500001</misses>
				<total>0</total>
				<timestamp>2138.681829</timestamp>
			</report>
			<report>
				<misses>339600001</misses>
				<total>0</total>
				<timestamp>2139.304311</timestamp>
			</report>
			<report>
				<misses>339700001</misses>
				<total>0</total>
				<timestamp>2139.928461</timestamp>
			</report>
			<report>
				<misses>339800001</misses>
				<total>0</total>
				<timestamp>2140.551332</timestamp>
			</report>
			<report>
				<misses>339900001</misses>
				<total>0</total>
				<timestamp>2141.176280</timestamp>
			</report>
			<report>
				<misses>340000001</misses>
				<total>0</total>
				<timestamp>2141.803549</timestamp>
			</report>
			<report>
				<misses>340100001</misses>
				<total>0</total>
				<timestamp>2142.426958</timestamp>
			</report>
			<report>
				<misses>340200001</misses>
				<total>0</total>
				<timestamp>2143.056652</timestamp>
			</report>
			<report>
				<misses>340300001</misses>
				<total>0</total>
				<timestamp>2143.680780</timestamp>
			</report>
			<report>
				<misses>340400001</misses>
				<total>0</total>
				<timestamp>2144.304115</timestamp>
			</report>
			<report>
				<misses>340500001</misses>
				<total>0</total>
				<timestamp>2144.927172</timestamp>
			</report>
			<report>
				<misses>340600001</misses>
				<total>0</total>
				<timestamp>2145.549856</timestamp>
			</report>
			<report>
				<misses>340700001</misses>
				<total>0</total>
				<timestamp>2146.186155</timestamp>
			</report>
			<report>
				<misses>340800001</misses>
				<total>0</total>
				<timestamp>2146.808481</timestamp>
			</report>
			<report>
				<misses>340900001</misses>
				<total>0</total>
				<timestamp>2147.430269</timestamp>
			</report>
			<report>
				<misses>341000001</misses>
				<total>0</total>
				<timestamp>2148.052381</timestamp>
			</report>
			<report>
				<misses>341100001</misses>
				<total>0</total>
				<timestamp>2148.675201</timestamp>
			</report>
			<report>
				<misses>341200001</misses>
				<total>0</total>
				<timestamp>2149.302715</timestamp>
			</report>
			<report>
				<misses>341300001</misses>
				<total>0</total>
				<timestamp>2149.925079</timestamp>
			</report>
			<report>
				<misses>341400001</misses>
				<total>0</total>
				<timestamp>2150.545735</timestamp>
			</report>
			<report>
				<misses>341500001</misses>
				<total>0</total>
				<timestamp>2151.168367</timestamp>
			</report>
			<report>
				<misses>341600001</misses>
				<total>0</total>
				<timestamp>2151.791982</timestamp>
			</report>
			<report>
				<misses>341700001</misses>
				<total>0</total>
				<timestamp>2152.414156</timestamp>
			</report>
			<report>
				<misses>341800001</misses>
				<total>0</total>
				<timestamp>2153.036523</timestamp>
			</report>
			<report>
				<misses>341900001</misses>
				<total>0</total>
				<timestamp>2153.659258</timestamp>
			</report>
			<report>
				<misses>342000001</misses>
				<total>0</total>
				<timestamp>2154.280757</timestamp>
			</report>
			<report>
				<misses>342100001</misses>
				<total>0</total>
				<timestamp>2154.902552</timestamp>
			</report>
			<report>
				<misses>342200001</misses>
				<total>0</total>
				<timestamp>2155.524381</timestamp>
			</report>
			<report>
				<misses>342300001</misses>
				<total>0</total>
				<timestamp>2156.149349</timestamp>
			</report>
			<report>
				<misses>342400001</misses>
				<total>0</total>
				<timestamp>2156.772148</timestamp>
			</report>
			<report>
				<misses>342500001</misses>
				<total>0</total>
				<timestamp>2157.393786</timestamp>
			</report>
			<report>
				<misses>342600001</misses>
				<total>0</total>
				<timestamp>2158.025813</timestamp>
			</report>
			<report>
				<misses>342700001</misses>
				<total>0</total>
				<timestamp>2158.648366</timestamp>
			</report>
			<report>
				<misses>342800001</misses>
				<total>0</total>
				<timestamp>2159.270581</timestamp>
			</report>
			<report>
				<misses>342900001</misses>
				<total>0</total>
				<timestamp>2159.904510</timestamp>
			</report>
			<report>
				<misses>343000001</misses>
				<total>0</total>
				<timestamp>2160.528933</timestamp>
			</report>
			<report>
				<misses>343100001</misses>
				<total>0</total>
				<timestamp>2161.152206</timestamp>
			</report>
			<report>
				<misses>343200001</misses>
				<total>0</total>
				<timestamp>2161.779369</timestamp>
			</report>
			<report>
				<misses>343300001</misses>
				<total>0</total>
				<timestamp>2162.402523</timestamp>
			</report>
			<report>
				<misses>343400001</misses>
				<total>0</total>
				<timestamp>2163.028029</timestamp>
			</report>
			<report>
				<misses>343500001</misses>
				<total>0</total>
				<timestamp>2163.655777</timestamp>
			</report>
			<report>
				<misses>343600001</misses>
				<total>0</total>
				<timestamp>2164.289203</timestamp>
			</report>
			<report>
				<misses>343700001</misses>
				<total>0</total>
				<timestamp>2164.913003</timestamp>
			</report>
			<report>
				<misses>343800001</misses>
				<total>0</total>
				<timestamp>2165.535332</timestamp>
			</report>
			<report>
				<misses>343900001</misses>
				<total>0</total>
				<timestamp>2166.166645</timestamp>
			</report>
			<report>
				<misses>344000001</misses>
				<total>0</total>
				<timestamp>2166.796028</timestamp>
			</report>
			<report>
				<misses>344100001</misses>
				<total>0</total>
				<timestamp>2167.418175</timestamp>
			</report>
			<report>
				<misses>344200001</misses>
				<total>0</total>
				<timestamp>2168.040068</timestamp>
			</report>
			<report>
				<misses>344300001</misses>
				<total>0</total>
				<timestamp>2168.664788</timestamp>
			</report>
			<report>
				<misses>344400001</misses>
				<total>0</total>
				<timestamp>2169.288195</timestamp>
			</report>
			<report>
				<misses>344500001</misses>
				<total>0</total>
				<timestamp>2169.924168</timestamp>
			</report>
			<report>
				<misses>344600001</misses>
				<total>0</total>
				<timestamp>2170.548331</timestamp>
			</report>
			<report>
				<misses>344700001</misses>
				<total>0</total>
				<timestamp>2171.177217</timestamp>
			</report>
			<report>
				<misses>344800001</misses>
				<total>0</total>
				<timestamp>2171.801210</timestamp>
			</report>
			<report>
				<misses>344900001</misses>
				<total>0</total>
				<timestamp>2172.424744</timestamp>
			</report>
			<report>
				<misses>345000001</misses>
				<total>0</total>
				<timestamp>2173.047870</timestamp>
			</report>
			<report>
				<misses>345100001</misses>
				<total>0</total>
				<timestamp>2173.670523</timestamp>
			</report>
			<report>
				<misses>345200001</misses>
				<total>0</total>
				<timestamp>2174.292565</timestamp>
			</report>
			<report>
				<misses>345300001</misses>
				<total>0</total>
				<timestamp>2174.918744</timestamp>
			</report>
			<report>
				<misses>345400001</misses>
				<total>0</total>
				<timestamp>2175.541005</timestamp>
			</report>
			<report>
				<misses>345500001</misses>
				<total>0</total>
				<timestamp>2176.164022</timestamp>
			</report>
			<report>
				<misses>345600001</misses>
				<total>0</total>
				<timestamp>2176.790696</timestamp>
			</report>
			<report>
				<misses>345700001</misses>
				<total>0</total>
				<timestamp>2177.412042</timestamp>
			</report>
			<report>
				<misses>345800001</misses>
				<total>0</total>
				<timestamp>2178.044589</timestamp>
			</report>
			<report>
				<misses>345900001</misses>
				<total>0</total>
				<timestamp>2178.666069</timestamp>
			</report>
			<report>
				<misses>346000001</misses>
				<total>0</total>
				<timestamp>2179.287684</timestamp>
			</report>
			<report>
				<misses>346100001</misses>
				<total>0</total>
				<timestamp>2179.912510</timestamp>
			</report>
			<report>
				<misses>346200001</misses>
				<total>0</total>
				<timestamp>2180.534419</timestamp>
			</report>
			<report>
				<misses>346300001</misses>
				<total>0</total>
				<timestamp>2181.169558</timestamp>
			</report>
			<report>
				<misses>346400001</misses>
				<total>0</total>
				<timestamp>2181.791723</timestamp>
			</report>
			<report>
				<misses>346500001</misses>
				<total>0</total>
				<timestamp>2182.415116</timestamp>
			</report>
			<report>
				<misses>346600001</misses>
				<total>0</total>
				<timestamp>2183.037728</timestamp>
			</report>
			<report>
				<misses>346700001</misses>
				<total>0</total>
				<timestamp>2183.661271</timestamp>
			</report>
			<report>
				<misses>346800001</misses>
				<total>0</total>
				<timestamp>2184.288878</timestamp>
			</report>
			<report>
				<misses>346900001</misses>
				<total>0</total>
				<timestamp>2184.912368</timestamp>
			</report>
			<report>
				<misses>347000001</misses>
				<total>0</total>
				<timestamp>2185.533799</timestamp>
			</report>
			<report>
				<misses>347100001</misses>
				<total>0</total>
				<timestamp>2186.164738</timestamp>
			</report>
			<report>
				<misses>347200001</misses>
				<total>0</total>
				<timestamp>2186.785855</timestamp>
			</report>
			<report>
				<misses>347300001</misses>
				<total>0</total>
				<timestamp>2187.408597</timestamp>
			</report>
			<report>
				<misses>347400001</misses>
				<total>0</total>
				<timestamp>2188.030862</timestamp>
			</report>
			<report>
				<misses>347500001</misses>
				<total>0</total>
				<timestamp>2188.652273</timestamp>
			</report>
			<report>
				<misses>347600001</misses>
				<total>0</total>
				<timestamp>2189.282301</timestamp>
			</report>
			<report>
				<misses>347700001</misses>
				<total>0</total>
				<timestamp>2189.908657</timestamp>
			</report>
			<report>
				<misses>347800001</misses>
				<total>0</total>
				<timestamp>2190.531033</timestamp>
			</report>
			<report>
				<misses>347900001</misses>
				<total>0</total>
				<timestamp>2191.159034</timestamp>
			</report>
			<report>
				<misses>348000001</misses>
				<total>0</total>
				<timestamp>2191.785770</timestamp>
			</report>
			<report>
				<misses>348100001</misses>
				<total>0</total>
				<timestamp>2192.407189</timestamp>
			</report>
			<report>
				<misses>348200001</misses>
				<total>0</total>
				<timestamp>2193.030046</timestamp>
			</report>
			<report>
				<misses>348300001</misses>
				<total>0</total>
				<timestamp>2193.653056</timestamp>
			</report>
			<report>
				<misses>348400001</misses>
				<total>0</total>
				<timestamp>2194.275156</timestamp>
			</report>
			<report>
				<misses>348500001</misses>
				<total>0</total>
				<timestamp>2194.900970</timestamp>
			</report>
			<report>
				<misses>348600001</misses>
				<total>0</total>
				<timestamp>2195.525700</timestamp>
			</report>
			<report>
				<misses>348700001</misses>
				<total>0</total>
				<timestamp>2196.162108</timestamp>
			</report>
			<report>
				<misses>348800001</misses>
				<total>0</total>
				<timestamp>2196.784659</timestamp>
			</report>
			<report>
				<misses>348900001</misses>
				<total>0</total>
				<timestamp>2197.406226</timestamp>
			</report>
			<report>
				<misses>349000001</misses>
				<total>0</total>
				<timestamp>2198.035391</timestamp>
			</report>
			<report>
				<misses>349100001</misses>
				<total>0</total>
				<timestamp>2198.657541</timestamp>
			</report>
			<report>
				<misses>349200001</misses>
				<total>0</total>
				<timestamp>2199.279874</timestamp>
			</report>
			<report>
				<misses>349300001</misses>
				<total>0</total>
				<timestamp>2199.902895</timestamp>
			</report>
			<report>
				<misses>349400001</misses>
				<total>0</total>
				<timestamp>2200.527219</timestamp>
			</report>
			<report>
				<misses>349500001</misses>
				<total>0</total>
				<timestamp>2201.161212</timestamp>
			</report>
			<report>
				<misses>349600001</misses>
				<total>0</total>
				<timestamp>2201.784533</timestamp>
			</report>
			<report>
				<misses>349700001</misses>
				<total>0</total>
				<timestamp>2202.408544</timestamp>
			</report>
			<report>
				<misses>349800001</misses>
				<total>0</total>
				<timestamp>2203.031569</timestamp>
			</report>
			<report>
				<misses>349900001</misses>
				<total>0</total>
				<timestamp>2203.654897</timestamp>
			</report>
			<report>
				<misses>350000001</misses>
				<total>0</total>
				<timestamp>2204.284417</timestamp>
			</report>
			<report>
				<misses>350100001</misses>
				<total>0</total>
				<timestamp>2204.907329</timestamp>
			</report>
			<report>
				<misses>350200001</misses>
				<total>0</total>
				<timestamp>2205.529502</timestamp>
			</report>
			<report>
				<misses>350300001</misses>
				<total>0</total>
				<timestamp>2206.157014</timestamp>
			</report>
			<report>
				<misses>350400001</misses>
				<total>0</total>
				<timestamp>2206.783720</timestamp>
			</report>
			<report>
				<misses>350500001</misses>
				<total>0</total>
				<timestamp>2207.405870</timestamp>
			</report>
			<report>
				<misses>350600001</misses>
				<total>0</total>
				<timestamp>2208.027990</timestamp>
			</report>
			<report>
				<misses>350700001</misses>
				<total>0</total>
				<timestamp>2208.649920</timestamp>
			</report>
			<report>
				<misses>350800001</misses>
				<total>0</total>
				<timestamp>2209.273579</timestamp>
			</report>
			<report>
				<misses>350900001</misses>
				<total>0</total>
				<timestamp>2209.904540</timestamp>
			</report>
			<report>
				<misses>351000001</misses>
				<total>0</total>
				<timestamp>2210.526620</timestamp>
			</report>
			<report>
				<misses>351100001</misses>
				<total>0</total>
				<timestamp>2211.149467</timestamp>
			</report>
			<report>
				<misses>351200001</misses>
				<total>0</total>
				<timestamp>2211.772416</timestamp>
			</report>
			<report>
				<misses>351300001</misses>
				<total>0</total>
				<timestamp>2212.394219</timestamp>
			</report>
			<report>
				<misses>351400001</misses>
				<total>0</total>
				<timestamp>2213.018795</timestamp>
			</report>
			<report>
				<misses>351500001</misses>
				<total>0</total>
				<timestamp>2213.640403</timestamp>
			</report>
			<report>
				<misses>351600001</misses>
				<total>0</total>
				<timestamp>2214.263801</timestamp>
			</report>
			<report>
				<misses>351700001</misses>
				<total>0</total>
				<timestamp>2214.895076</timestamp>
			</report>
			<report>
				<misses>351800001</misses>
				<total>0</total>
				<timestamp>2215.516974</timestamp>
			</report>
			<report>
				<misses>351900001</misses>
				<total>0</total>
				<timestamp>2216.140364</timestamp>
			</report>
			<report>
				<misses>352000001</misses>
				<total>0</total>
				<timestamp>2216.762893</timestamp>
			</report>
			<report>
				<misses>352100001</misses>
				<total>0</total>
				<timestamp>2217.385019</timestamp>
			</report>
			<report>
				<misses>352200001</misses>
				<total>0</total>
				<timestamp>2218.008934</timestamp>
			</report>
			<report>
				<misses>352300001</misses>
				<total>0</total>
				<timestamp>2218.631432</timestamp>
			</report>
			<report>
				<misses>352400001</misses>
				<total>0</total>
				<timestamp>2219.253588</timestamp>
			</report>
			<report>
				<misses>352500001</misses>
				<total>0</total>
				<timestamp>2219.883782</timestamp>
			</report>
			<report>
				<misses>352600001</misses>
				<total>0</total>
				<timestamp>2220.506582</timestamp>
			</report>
			<report>
				<misses>352700001</misses>
				<total>0</total>
				<timestamp>2221.135800</timestamp>
			</report>
			<report>
				<misses>352800001</misses>
				<total>0</total>
				<timestamp>2221.759358</timestamp>
			</report>
			<report>
				<misses>352900001</misses>
				<total>0</total>
				<timestamp>2222.382505</timestamp>
			</report>
			<report>
				<misses>353000001</misses>
				<total>0</total>
				<timestamp>2223.004488</timestamp>
			</report>
			<report>
				<misses>353100001</misses>
				<total>0</total>
				<timestamp>2223.625898</timestamp>
			</report>
			<report>
				<misses>353200001</misses>
				<total>0</total>
				<timestamp>2224.248246</timestamp>
			</report>
			<report>
				<misses>353300001</misses>
				<total>0</total>
				<timestamp>2224.870708</timestamp>
			</report>
			<report>
				<misses>353400001</misses>
				<total>0</total>
				<timestamp>2225.494184</timestamp>
			</report>
			<report>
				<misses>353500001</misses>
				<total>0</total>
				<timestamp>2226.117760</timestamp>
			</report>
			<report>
				<misses>353600001</misses>
				<total>0</total>
				<timestamp>2226.740207</timestamp>
			</report>
			<report>
				<misses>353700001</misses>
				<total>0</total>
				<timestamp>2227.362100</timestamp>
			</report>
			<report>
				<misses>353800001</misses>
				<total>0</total>
				<timestamp>2227.984259</timestamp>
			</report>
			<report>
				<misses>353900001</misses>
				<total>0</total>
				<timestamp>2228.607320</timestamp>
			</report>
			<report>
				<misses>354000001</misses>
				<total>0</total>
				<timestamp>2229.229532</timestamp>
			</report>
			<report>
				<misses>354100001</misses>
				<total>0</total>
				<timestamp>2229.853835</timestamp>
			</report>
			<report>
				<misses>354200001</misses>
				<total>0</total>
				<timestamp>2230.475802</timestamp>
			</report>
			<report>
				<misses>354300001</misses>
				<total>0</total>
				<timestamp>2231.097933</timestamp>
			</report>
			<report>
				<misses>354400001</misses>
				<total>0</total>
				<timestamp>2231.722123</timestamp>
			</report>
			<report>
				<misses>354500001</misses>
				<total>0</total>
				<timestamp>2232.345935</timestamp>
			</report>
			<report>
				<misses>354600001</misses>
				<total>0</total>
				<timestamp>2232.968672</timestamp>
			</report>
			<report>
				<misses>354700001</misses>
				<total>0</total>
				<timestamp>2233.590718</timestamp>
			</report>
			<report>
				<misses>354800001</misses>
				<total>0</total>
				<timestamp>2234.213081</timestamp>
			</report>
			<report>
				<misses>354900001</misses>
				<total>0</total>
				<timestamp>2234.836761</timestamp>
			</report>
			<report>
				<misses>355000001</misses>
				<total>0</total>
				<timestamp>2235.458860</timestamp>
			</report>
			<report>
				<misses>355100001</misses>
				<total>0</total>
				<timestamp>2236.080544</timestamp>
			</report>
			<report>
				<misses>355200001</misses>
				<total>0</total>
				<timestamp>2236.704072</timestamp>
			</report>
			<report>
				<misses>355300001</misses>
				<total>0</total>
				<timestamp>2237.326103</timestamp>
			</report>
			<report>
				<misses>355400001</misses>
				<total>0</total>
				<timestamp>2237.946909</timestamp>
			</report>
			<report>
				<misses>355500001</misses>
				<total>0</total>
				<timestamp>2238.570211</timestamp>
			</report>
			<report>
				<misses>355600001</misses>
				<total>0</total>
				<timestamp>2239.193777</timestamp>
			</report>
			<report>
				<misses>355700001</misses>
				<total>0</total>
				<timestamp>2239.815675</timestamp>
			</report>
			<report>
				<misses>355800001</misses>
				<total>0</total>
				<timestamp>2240.438048</timestamp>
			</report>
			<report>
				<misses>355900001</misses>
				<total>0</total>
				<timestamp>2241.060222</timestamp>
			</report>
			<report>
				<misses>356000001</misses>
				<total>0</total>
				<timestamp>2241.683202</timestamp>
			</report>
			<report>
				<misses>356100001</misses>
				<total>0</total>
				<timestamp>2242.307788</timestamp>
			</report>
			<report>
				<misses>356200001</misses>
				<total>0</total>
				<timestamp>2242.940659</timestamp>
			</report>
			<report>
				<misses>356300001</misses>
				<total>0</total>
				<timestamp>2243.566529</timestamp>
			</report>
			<report>
				<misses>356400001</misses>
				<total>0</total>
				<timestamp>2244.189790</timestamp>
			</report>
			<report>
				<misses>356500001</misses>
				<total>0</total>
				<timestamp>2244.813454</timestamp>
			</report>
			<report>
				<misses>356600001</misses>
				<total>0</total>
				<timestamp>2245.435672</timestamp>
			</report>
			<report>
				<misses>356700001</misses>
				<total>0</total>
				<timestamp>2246.066464</timestamp>
			</report>
			<report>
				<misses>356800001</misses>
				<total>0</total>
				<timestamp>2246.688993</timestamp>
			</report>
			<report>
				<misses>356900001</misses>
				<total>0</total>
				<timestamp>2247.310498</timestamp>
			</report>
			<report>
				<misses>357000001</misses>
				<total>0</total>
				<timestamp>2247.933397</timestamp>
			</report>
			<report>
				<misses>357100001</misses>
				<total>0</total>
				<timestamp>2248.555171</timestamp>
			</report>
			<report>
				<misses>357200001</misses>
				<total>0</total>
				<timestamp>2249.178343</timestamp>
			</report>
			<report>
				<misses>357300001</misses>
				<total>0</total>
				<timestamp>2249.804067</timestamp>
			</report>
			<report>
				<misses>357400001</misses>
				<total>0</total>
				<timestamp>2250.426569</timestamp>
			</report>
			<report>
				<misses>357500001</misses>
				<total>0</total>
				<timestamp>2251.048939</timestamp>
			</report>
			<report>
				<misses>357600001</misses>
				<total>0</total>
				<timestamp>2251.672202</timestamp>
			</report>
			<report>
				<misses>357700001</misses>
				<total>0</total>
				<timestamp>2252.294805</timestamp>
			</report>
			<report>
				<misses>357800001</misses>
				<total>0</total>
				<timestamp>2252.918198</timestamp>
			</report>
			<report>
				<misses>357900001</misses>
				<total>0</total>
				<timestamp>2253.540351</timestamp>
			</report>
			<report>
				<misses>358000001</misses>
				<total>0</total>
				<timestamp>2254.163997</timestamp>
			</report>
			<report>
				<misses>358100001</misses>
				<total>0</total>
				<timestamp>2254.785904</timestamp>
			</report>
			<report>
				<misses>358200001</misses>
				<total>0</total>
				<timestamp>2255.407935</timestamp>
			</report>
			<report>
				<misses>358300001</misses>
				<total>0</total>
				<timestamp>2256.032887</timestamp>
			</report>
			<report>
				<misses>358400001</misses>
				<total>0</total>
				<timestamp>2256.656164</timestamp>
			</report>
			<report>
				<misses>358500001</misses>
				<total>0</total>
				<timestamp>2257.279151</timestamp>
			</report>
			<report>
				<misses>358600001</misses>
				<total>0</total>
				<timestamp>2257.902737</timestamp>
			</report>
			<report>
				<misses>358700001</misses>
				<total>0</total>
				<timestamp>2258.527430</timestamp>
			</report>
			<report>
				<misses>358800001</misses>
				<total>0</total>
				<timestamp>2259.149696</timestamp>
			</report>
			<report>
				<misses>358900001</misses>
				<total>0</total>
				<timestamp>2259.772649</timestamp>
			</report>
			<report>
				<misses>359000001</misses>
				<total>0</total>
				<timestamp>2260.394341</timestamp>
			</report>
			<report>
				<misses>359100001</misses>
				<total>0</total>
				<timestamp>2261.028721</timestamp>
			</report>
			<report>
				<misses>359200001</misses>
				<total>0</total>
				<timestamp>2261.654431</timestamp>
			</report>
			<report>
				<misses>359300001</misses>
				<total>0</total>
				<timestamp>2262.307707</timestamp>
			</report>
			<report>
				<misses>359400001</misses>
				<total>0</total>
				<timestamp>2262.928790</timestamp>
			</report>
			<report>
				<misses>359500001</misses>
				<total>0</total>
				<timestamp>2263.553557</timestamp>
			</report>
			<report>
				<misses>359600001</misses>
				<total>0</total>
				<timestamp>2264.185309</timestamp>
			</report>
			<report>
				<misses>359700001</misses>
				<total>0</total>
				<timestamp>2264.807675</timestamp>
			</report>
			<report>
				<misses>359800001</misses>
				<total>0</total>
				<timestamp>2265.430289</timestamp>
			</report>
			<report>
				<misses>359900001</misses>
				<total>0</total>
				<timestamp>2266.051955</timestamp>
			</report>
			<report>
				<misses>360000001</misses>
				<total>0</total>
				<timestamp>2266.673902</timestamp>
			</report>
			<report>
				<misses>360100001</misses>
				<total>0</total>
				<timestamp>2267.295045</timestamp>
			</report>
			<report>
				<misses>360200001</misses>
				<total>0</total>
				<timestamp>2267.928685</timestamp>
			</report>
			<report>
				<misses>360300001</misses>
				<total>0</total>
				<timestamp>2268.551569</timestamp>
			</report>
			<report>
				<misses>360400001</misses>
				<total>0</total>
				<timestamp>2269.185097</timestamp>
			</report>
			<report>
				<misses>360500001</misses>
				<total>0</total>
				<timestamp>2269.806511</timestamp>
			</report>
			<report>
				<misses>360600001</misses>
				<total>0</total>
				<timestamp>2270.431666</timestamp>
			</report>
			<report>
				<misses>360700001</misses>
				<total>0</total>
				<timestamp>2271.055350</timestamp>
			</report>
			<report>
				<misses>360800001</misses>
				<total>0</total>
				<timestamp>2271.677114</timestamp>
			</report>
			<report>
				<misses>360900001</misses>
				<total>0</total>
				<timestamp>2272.297752</timestamp>
			</report>
			<report>
				<misses>361000001</misses>
				<total>0</total>
				<timestamp>2272.920620</timestamp>
			</report>
			<report>
				<misses>361100001</misses>
				<total>0</total>
				<timestamp>2273.545020</timestamp>
			</report>
			<report>
				<misses>361200001</misses>
				<total>0</total>
				<timestamp>2274.170729</timestamp>
			</report>
			<report>
				<misses>361300001</misses>
				<total>0</total>
				<timestamp>2274.802531</timestamp>
			</report>
			<report>
				<misses>361400001</misses>
				<total>0</total>
				<timestamp>2275.426352</timestamp>
			</report>
			<report>
				<misses>361500001</misses>
				<total>0</total>
				<timestamp>2276.048157</timestamp>
			</report>
			<report>
				<misses>361600001</misses>
				<total>0</total>
				<timestamp>2276.670380</timestamp>
			</report>
			<report>
				<misses>361700001</misses>
				<total>0</total>
				<timestamp>2277.307328</timestamp>
			</report>
			<report>
				<misses>361800001</misses>
				<total>0</total>
				<timestamp>2277.929231</timestamp>
			</report>
			<report>
				<misses>361900001</misses>
				<total>0</total>
				<timestamp>2278.552905</timestamp>
			</report>
			<report>
				<misses>362000001</misses>
				<total>0</total>
				<timestamp>2279.176284</timestamp>
			</report>
			<report>
				<misses>362100001</misses>
				<total>0</total>
				<timestamp>2279.797533</timestamp>
			</report>
			<report>
				<misses>362200001</misses>
				<total>0</total>
				<timestamp>2280.423626</timestamp>
			</report>
			<report>
				<misses>362300001</misses>
				<total>0</total>
				<timestamp>2281.046951</timestamp>
			</report>
			<report>
				<misses>362400001</misses>
				<total>0</total>
				<timestamp>2281.671384</timestamp>
			</report>
			<report>
				<misses>362500001</misses>
				<total>0</total>
				<timestamp>2282.300757</timestamp>
			</report>
			<report>
				<misses>362600001</misses>
				<total>0</total>
				<timestamp>2282.922972</timestamp>
			</report>
			<report>
				<misses>362700001</misses>
				<total>0</total>
				<timestamp>2283.549864</timestamp>
			</report>
			<report>
				<misses>362800001</misses>
				<total>0</total>
				<timestamp>2284.187472</timestamp>
			</report>
			<report>
				<misses>362900001</misses>
				<total>0</total>
				<timestamp>2284.813382</timestamp>
			</report>
			<report>
				<misses>363000001</misses>
				<total>0</total>
				<timestamp>2285.436864</timestamp>
			</report>
			<report>
				<misses>363100001</misses>
				<total>0</total>
				<timestamp>2286.059205</timestamp>
			</report>
			<report>
				<misses>363200001</misses>
				<total>0</total>
				<timestamp>2286.685186</timestamp>
			</report>
			<report>
				<misses>363300001</misses>
				<total>0</total>
				<timestamp>2287.326390</timestamp>
			</report>
			<report>
				<misses>363400001</misses>
				<total>0</total>
				<timestamp>2287.948434</timestamp>
			</report>
			<report>
				<misses>363500001</misses>
				<total>0</total>
				<timestamp>2288.567646</timestamp>
			</report>
			<report>
				<misses>363600001</misses>
				<total>0</total>
				<timestamp>2289.188782</timestamp>
			</report>
			<report>
				<misses>363700001</misses>
				<total>0</total>
				<timestamp>2289.807909</timestamp>
			</report>
			<report>
				<misses>363800001</misses>
				<total>0</total>
				<timestamp>2290.431805</timestamp>
			</report>
			<report>
				<misses>363900001</misses>
				<total>0</total>
				<timestamp>2291.054764</timestamp>
			</report>
			<report>
				<misses>364000001</misses>
				<total>0</total>
				<timestamp>2291.678264</timestamp>
			</report>
			<report>
				<misses>364100001</misses>
				<total>0</total>
				<timestamp>2292.319674</timestamp>
			</report>
			<report>
				<misses>364200001</misses>
				<total>0</total>
				<timestamp>2292.941777</timestamp>
			</report>
			<report>
				<misses>364300001</misses>
				<total>0</total>
				<timestamp>2293.562485</timestamp>
			</report>
			<report>
				<misses>364400001</misses>
				<total>0</total>
				<timestamp>2294.201979</timestamp>
			</report>
			<report>
				<misses>364500001</misses>
				<total>0</total>
				<timestamp>2294.825685</timestamp>
			</report>
			<report>
				<misses>364600001</misses>
				<total>0</total>
				<timestamp>2295.449274</timestamp>
			</report>
			<report>
				<misses>364700001</misses>
				<total>0</total>
				<timestamp>2296.081702</timestamp>
			</report>
			<report>
				<misses>364800001</misses>
				<total>0</total>
				<timestamp>2296.707462</timestamp>
			</report>
			<report>
				<misses>364900001</misses>
				<total>0</total>
				<timestamp>2297.334409</timestamp>
			</report>
			<report>
				<misses>365000001</misses>
				<total>0</total>
				<timestamp>2297.961271</timestamp>
			</report>
			<report>
				<misses>365100001</misses>
				<total>0</total>
				<timestamp>2298.586657</timestamp>
			</report>
			<report>
				<misses>365200001</misses>
				<total>0</total>
				<timestamp>2299.215573</timestamp>
			</report>
			<report>
				<misses>365300001</misses>
				<total>0</total>
				<timestamp>2299.864758</timestamp>
			</report>
			<report>
				<misses>365400001</misses>
				<total>0</total>
				<timestamp>2300.514636</timestamp>
			</report>
			<report>
				<misses>365500001</misses>
				<total>0</total>
				<timestamp>2301.164516</timestamp>
			</report>
			<report>
				<misses>365600001</misses>
				<total>0</total>
				<timestamp>2301.814326</timestamp>
			</report>
			<report>
				<misses>365700001</misses>
				<total>0</total>
				<timestamp>2302.466532</timestamp>
			</report>
			<report>
				<misses>365800001</misses>
				<total>0</total>
				<timestamp>2303.109462</timestamp>
			</report>
			<report>
				<misses>365900001</misses>
				<total>0</total>
				<timestamp>2303.740632</timestamp>
			</report>
			<report>
				<misses>366000001</misses>
				<total>0</total>
				<timestamp>2304.372749</timestamp>
			</report>
			<report>
				<misses>366100001</misses>
				<total>0</total>
				<timestamp>2305.006754</timestamp>
			</report>
			<report>
				<misses>366200001</misses>
				<total>0</total>
				<timestamp>2305.641489</timestamp>
			</report>
			<report>
				<misses>366300001</misses>
				<total>0</total>
				<timestamp>2306.273980</timestamp>
			</report>
			<report>
				<misses>366400001</misses>
				<total>0</total>
				<timestamp>2306.907835</timestamp>
			</report>
			<report>
				<misses>366500001</misses>
				<total>0</total>
				<timestamp>2307.543428</timestamp>
			</report>
			<report>
				<misses>366600001</misses>
				<total>0</total>
				<timestamp>2308.179348</timestamp>
			</report>
			<report>
				<misses>366700001</misses>
				<total>0</total>
				<timestamp>2308.841319</timestamp>
			</report>
			<report>
				<misses>366800001</misses>
				<total>0</total>
				<timestamp>2309.488665</timestamp>
			</report>
			<report>
				<misses>366900001</misses>
				<total>0</total>
				<timestamp>2310.135123</timestamp>
			</report>
			<report>
				<misses>367000001</misses>
				<total>0</total>
				<timestamp>2310.781423</timestamp>
			</report>
			<report>
				<misses>367100001</misses>
				<total>0</total>
				<timestamp>2311.432234</timestamp>
			</report>
			<report>
				<misses>367200001</misses>
				<total>0</total>
				<timestamp>2312.086804</timestamp>
			</report>
			<report>
				<misses>367300001</misses>
				<total>0</total>
				<timestamp>2312.727668</timestamp>
			</report>
			<report>
				<misses>367400001</misses>
				<total>0</total>
				<timestamp>2313.369437</timestamp>
			</report>
			<report>
				<misses>367500001</misses>
				<total>0</total>
				<timestamp>2314.007544</timestamp>
			</report>
			<report>
				<misses>367600001</misses>
				<total>0</total>
				<timestamp>2314.673647</timestamp>
			</report>
			<report>
				<misses>367700001</misses>
				<total>0</total>
				<timestamp>2315.317667</timestamp>
			</report>
			<report>
				<misses>367800001</misses>
				<total>0</total>
				<timestamp>2315.966052</timestamp>
			</report>
			<report>
				<misses>367900001</misses>
				<total>0</total>
				<timestamp>2316.604692</timestamp>
			</report>
			<report>
				<misses>368000001</misses>
				<total>0</total>
				<timestamp>2317.239963</timestamp>
			</report>
			<report>
				<misses>368100001</misses>
				<total>0</total>
				<timestamp>2317.875653</timestamp>
			</report>
			<report>
				<misses>368200001</misses>
				<total>0</total>
				<timestamp>2318.509316</timestamp>
			</report>
			<report>
				<misses>368300001</misses>
				<total>0</total>
				<timestamp>2319.142697</timestamp>
			</report>
			<report>
				<misses>368400001</misses>
				<total>0</total>
				<timestamp>2319.778297</timestamp>
			</report>
			<report>
				<misses>368500001</misses>
				<total>0</total>
				<timestamp>2320.426491</timestamp>
			</report>
			<report>
				<misses>368600001</misses>
				<total>0</total>
				<timestamp>2321.060222</timestamp>
			</report>
			<report>
				<misses>368700001</misses>
				<total>0</total>
				<timestamp>2321.693860</timestamp>
			</report>
			<report>
				<misses>368800001</misses>
				<total>0</total>
				<timestamp>2322.330331</timestamp>
			</report>
			<report>
				<misses>368900001</misses>
				<total>0</total>
				<timestamp>2322.964476</timestamp>
			</report>
			<report>
				<misses>369000001</misses>
				<total>0</total>
				<timestamp>2323.613927</timestamp>
			</report>
			<report>
				<misses>369100001</misses>
				<total>0</total>
				<timestamp>2324.251176</timestamp>
			</report>
			<report>
				<misses>369200001</misses>
				<total>0</total>
				<timestamp>2324.889199</timestamp>
			</report>
			<report>
				<misses>369300001</misses>
				<total>0</total>
				<timestamp>2325.524320</timestamp>
			</report>
			<report>
				<misses>369400001</misses>
				<total>0</total>
				<timestamp>2326.161303</timestamp>
			</report>
			<report>
				<misses>369500001</misses>
				<total>0</total>
				<timestamp>2326.796264</timestamp>
			</report>
			<report>
				<misses>369600001</misses>
				<total>0</total>
				<timestamp>2327.433767</timestamp>
			</report>
			<report>
				<misses>369700001</misses>
				<total>0</total>
				<timestamp>2328.071323</timestamp>
			</report>
			<report>
				<misses>369800001</misses>
				<total>0</total>
				<timestamp>2328.704440</timestamp>
			</report>
			<report>
				<misses>369900001</misses>
				<total>0</total>
				<timestamp>2329.339276</timestamp>
			</report>
			<report>
				<misses>370000001</misses>
				<total>0</total>
				<timestamp>2329.973875</timestamp>
			</report>
			<report>
				<misses>370100001</misses>
				<total>0</total>
				<timestamp>2330.614309</timestamp>
			</report>
			<report>
				<misses>370200001</misses>
				<total>0</total>
				<timestamp>2331.255863</timestamp>
			</report>
			<report>
				<misses>370300001</misses>
				<total>0</total>
				<timestamp>2331.887359</timestamp>
			</report>
			<report>
				<misses>370400001</misses>
				<total>0</total>
				<timestamp>2332.518606</timestamp>
			</report>
			<report>
				<misses>370500001</misses>
				<total>0</total>
				<timestamp>2333.147471</timestamp>
			</report>
			<report>
				<misses>370600001</misses>
				<total>0</total>
				<timestamp>2333.776906</timestamp>
			</report>
			<report>
				<misses>370700001</misses>
				<total>0</total>
				<timestamp>2334.406259</timestamp>
			</report>
			<report>
				<misses>370800001</misses>
				<total>0</total>
				<timestamp>2335.035593</timestamp>
			</report>
			<report>
				<misses>370900001</misses>
				<total>0</total>
				<timestamp>2335.664950</timestamp>
			</report>
			<report>
				<misses>371000001</misses>
				<total>0</total>
				<timestamp>2336.300916</timestamp>
			</report>
			<report>
				<misses>371100001</misses>
				<total>0</total>
				<timestamp>2336.930540</timestamp>
			</report>
			<report>
				<misses>371200001</misses>
				<total>0</total>
				<timestamp>2337.575194</timestamp>
			</report>
			<report>
				<misses>371300001</misses>
				<total>0</total>
				<timestamp>2338.202425</timestamp>
			</report>
			<report>
				<misses>371400001</misses>
				<total>0</total>
				<timestamp>2338.828178</timestamp>
			</report>
			<report>
				<misses>371500001</misses>
				<total>0</total>
				<timestamp>2339.457505</timestamp>
			</report>
			<report>
				<misses>371600001</misses>
				<total>0</total>
				<timestamp>2340.089029</timestamp>
			</report>
			<report>
				<misses>371700001</misses>
				<total>0</total>
				<timestamp>2340.719091</timestamp>
			</report>
			<report>
				<misses>371800001</misses>
				<total>0</total>
				<timestamp>2341.348387</timestamp>
			</report>
			<report>
				<misses>371900001</misses>
				<total>0</total>
				<timestamp>2341.980022</timestamp>
			</report>
			<report>
				<misses>372000001</misses>
				<total>0</total>
				<timestamp>2342.611760</timestamp>
			</report>
			<report>
				<misses>372100001</misses>
				<total>0</total>
				<timestamp>2343.243547</timestamp>
			</report>
			<report>
				<misses>372200001</misses>
				<total>0</total>
				<timestamp>2343.874678</timestamp>
			</report>
			<report>
				<misses>372300001</misses>
				<total>0</total>
				<timestamp>2344.505225</timestamp>
			</report>
			<report>
				<misses>372400001</misses>
				<total>0</total>
				<timestamp>2345.136818</timestamp>
			</report>
			<report>
				<misses>372500001</misses>
				<total>0</total>
				<timestamp>2345.767963</timestamp>
			</report>
			<report>
				<misses>372600001</misses>
				<total>0</total>
				<timestamp>2346.399031</timestamp>
			</report>
			<report>
				<misses>372700001</misses>
				<total>0</total>
				<timestamp>2347.029666</timestamp>
			</report>
			<report>
				<misses>372800001</misses>
				<total>0</total>
				<timestamp>2347.663255</timestamp>
			</report>
			<report>
				<misses>372900001</misses>
				<total>0</total>
				<timestamp>2348.294570</timestamp>
			</report>
			<report>
				<misses>373000001</misses>
				<total>0</total>
				<timestamp>2348.925965</timestamp>
			</report>
			<report>
				<misses>373100001</misses>
				<total>0</total>
				<timestamp>2349.557499</timestamp>
			</report>
			<report>
				<misses>373200001</misses>
				<total>0</total>
				<timestamp>2350.189664</timestamp>
			</report>
			<report>
				<misses>373300001</misses>
				<total>0</total>
				<timestamp>2350.834039</timestamp>
			</report>
			<report>
				<misses>373400001</misses>
				<total>0</total>
				<timestamp>2351.486330</timestamp>
			</report>
			<report>
				<misses>373500001</misses>
				<total>0</total>
				<timestamp>2352.140369</timestamp>
			</report>
			<report>
				<misses>373600001</misses>
				<total>0</total>
				<timestamp>2352.797403</timestamp>
			</report>
			<report>
				<misses>373700001</misses>
				<total>0</total>
				<timestamp>2353.437684</timestamp>
			</report>
			<report>
				<misses>373800001</misses>
				<total>0</total>
				<timestamp>2354.071262</timestamp>
			</report>
			<report>
				<misses>373900001</misses>
				<total>0</total>
				<timestamp>2354.703787</timestamp>
			</report>
			<report>
				<misses>374000001</misses>
				<total>0</total>
				<timestamp>2355.347007</timestamp>
			</report>
			<report>
				<misses>374100001</misses>
				<total>0</total>
				<timestamp>2355.979287</timestamp>
			</report>
			<report>
				<misses>374200001</misses>
				<total>0</total>
				<timestamp>2356.612272</timestamp>
			</report>
			<report>
				<misses>374300001</misses>
				<total>0</total>
				<timestamp>2357.244641</timestamp>
			</report>
			<report>
				<misses>374400001</misses>
				<total>0</total>
				<timestamp>2357.883830</timestamp>
			</report>
			<report>
				<misses>374500001</misses>
				<total>0</total>
				<timestamp>2358.536423</timestamp>
			</report>
			<report>
				<misses>374600001</misses>
				<total>0</total>
				<timestamp>2359.177883</timestamp>
			</report>
			<report>
				<misses>374700001</misses>
				<total>0</total>
				<timestamp>2359.819352</timestamp>
			</report>
			<report>
				<misses>374800001</misses>
				<total>0</total>
				<timestamp>2360.473292</timestamp>
			</report>
			<report>
				<misses>374900001</misses>
				<total>0</total>
				<timestamp>2361.127930</timestamp>
			</report>
			<report>
				<misses>375000001</misses>
				<total>0</total>
				<timestamp>2361.762440</timestamp>
			</report>
			<report>
				<misses>375100001</misses>
				<total>0</total>
				<timestamp>2362.389906</timestamp>
			</report>
			<report>
				<misses>375200001</misses>
				<total>0</total>
				<timestamp>2363.053075</timestamp>
			</report>
			<report>
				<misses>375300001</misses>
				<total>0</total>
				<timestamp>2363.716791</timestamp>
			</report>
			<report>
				<misses>375400001</misses>
				<total>0</total>
				<timestamp>2364.387298</timestamp>
			</report>
			<report>
				<misses>375500001</misses>
				<total>0</total>
				<timestamp>2365.084249</timestamp>
			</report>
			<report>
				<misses>375600001</misses>
				<total>0</total>
				<timestamp>2365.774716</timestamp>
			</report>
			<report>
				<misses>375700001</misses>
				<total>0</total>
				<timestamp>2366.454790</timestamp>
			</report>
			<report>
				<misses>375800001</misses>
				<total>0</total>
				<timestamp>2367.110293</timestamp>
			</report>
			<report>
				<misses>375900001</misses>
				<total>0</total>
				<timestamp>2367.756629</timestamp>
			</report>
			<report>
				<misses>376000001</misses>
				<total>0</total>
				<timestamp>2368.389167</timestamp>
			</report>
			<report>
				<misses>376100001</misses>
				<total>0</total>
				<timestamp>2369.019182</timestamp>
			</report>
			<report>
				<misses>376200001</misses>
				<total>0</total>
				<timestamp>2369.653320</timestamp>
			</report>
			<report>
				<misses>376300001</misses>
				<total>0</total>
				<timestamp>2370.391399</timestamp>
			</report>
			<report>
				<misses>376400001</misses>
				<total>0</total>
				<timestamp>2371.020353</timestamp>
			</report>
			<report>
				<misses>376500001</misses>
				<total>0</total>
				<timestamp>2371.656946</timestamp>
			</report>
			<report>
				<misses>376600001</misses>
				<total>0</total>
				<timestamp>2372.305332</timestamp>
			</report>
			<report>
				<misses>376700001</misses>
				<total>0</total>
				<timestamp>2372.961489</timestamp>
			</report>
			<report>
				<misses>376800001</misses>
				<total>0</total>
				<timestamp>2373.626674</timestamp>
			</report>
			<report>
				<misses>376900001</misses>
				<total>0</total>
				<timestamp>2374.270694</timestamp>
			</report>
			<report>
				<misses>377000001</misses>
				<total>0</total>
				<timestamp>2374.912901</timestamp>
			</report>
			<report>
				<misses>377100001</misses>
				<total>0</total>
				<timestamp>2375.559385</timestamp>
			</report>
			<report>
				<misses>377200001</misses>
				<total>0</total>
				<timestamp>2376.227010</timestamp>
			</report>
			<report>
				<misses>377300001</misses>
				<total>0</total>
				<timestamp>2376.911704</timestamp>
			</report>
			<report>
				<misses>377400001</misses>
				<total>0</total>
				<timestamp>2377.597779</timestamp>
			</report>
			<report>
				<misses>377500001</misses>
				<total>0</total>
				<timestamp>2378.247313</timestamp>
			</report>
			<report>
				<misses>377600001</misses>
				<total>0</total>
				<timestamp>2378.909814</timestamp>
			</report>
			<report>
				<misses>377700001</misses>
				<total>0</total>
				<timestamp>2379.558285</timestamp>
			</report>
			<report>
				<misses>377800001</misses>
				<total>0</total>
				<timestamp>2380.207063</timestamp>
			</report>
			<report>
				<misses>377900001</misses>
				<total>0</total>
				<timestamp>2380.857522</timestamp>
			</report>
			<report>
				<misses>378000001</misses>
				<total>0</total>
				<timestamp>2381.508745</timestamp>
			</report>
			<report>
				<misses>378100001</misses>
				<total>0</total>
				<timestamp>2382.165311</timestamp>
			</report>
			<report>
				<misses>378200001</misses>
				<total>0</total>
				<timestamp>2382.801215</timestamp>
			</report>
			<report>
				<misses>378300001</misses>
				<total>0</total>
				<timestamp>2383.440174</timestamp>
			</report>
			<report>
				<misses>378400001</misses>
				<total>0</total>
				<timestamp>2384.068277</timestamp>
			</report>
			<report>
				<misses>378500001</misses>
				<total>0</total>
				<timestamp>2384.694762</timestamp>
			</report>
			<report>
				<misses>378600001</misses>
				<total>0</total>
				<timestamp>2385.332938</timestamp>
			</report>
			<report>
				<misses>378700001</misses>
				<total>0</total>
				<timestamp>2385.972110</timestamp>
			</report>
			<report>
				<misses>378800001</misses>
				<total>0</total>
				<timestamp>2386.611544</timestamp>
			</report>
			<report>
				<misses>378900001</misses>
				<total>0</total>
				<timestamp>2387.269509</timestamp>
			</report>
			<report>
				<misses>379000001</misses>
				<total>0</total>
				<timestamp>2387.919913</timestamp>
			</report>
			<report>
				<misses>379100001</misses>
				<total>0</total>
				<timestamp>2388.557193</timestamp>
			</report>
			<report>
				<misses>379200001</misses>
				<total>0</total>
				<timestamp>2389.194191</timestamp>
			</report>
			<report>
				<misses>379300001</misses>
				<total>0</total>
				<timestamp>2389.833607</timestamp>
			</report>
			<report>
				<misses>379400001</misses>
				<total>0</total>
				<timestamp>2390.468661</timestamp>
			</report>
			<report>
				<misses>379500001</misses>
				<total>0</total>
				<timestamp>2391.102707</timestamp>
			</report>
			<report>
				<misses>379600001</misses>
				<total>0</total>
				<timestamp>2391.736676</timestamp>
			</report>
			<report>
				<misses>379700001</misses>
				<total>0</total>
				<timestamp>2392.371803</timestamp>
			</report>
			<report>
				<misses>379800001</misses>
				<total>0</total>
				<timestamp>2393.015255</timestamp>
			</report>
			<report>
				<misses>379900001</misses>
				<total>0</total>
				<timestamp>2393.648434</timestamp>
			</report>
			<report>
				<misses>380000001</misses>
				<total>0</total>
				<timestamp>2394.286976</timestamp>
			</report>
			<report>
				<misses>380100001</misses>
				<total>0</total>
				<timestamp>2394.920853</timestamp>
			</report>
			<report>
				<misses>380200001</misses>
				<total>0</total>
				<timestamp>2395.556998</timestamp>
			</report>
			<report>
				<misses>380300001</misses>
				<total>0</total>
				<timestamp>2396.191383</timestamp>
			</report>
			<report>
				<misses>380400001</misses>
				<total>0</total>
				<timestamp>2396.825099</timestamp>
			</report>
			<report>
				<misses>380500001</misses>
				<total>0</total>
				<timestamp>2397.461716</timestamp>
			</report>
			<report>
				<misses>380600001</misses>
				<total>0</total>
				<timestamp>2398.099538</timestamp>
			</report>
			<report>
				<misses>380700001</misses>
				<total>0</total>
				<timestamp>2398.736978</timestamp>
			</report>
			<report>
				<misses>380800001</misses>
				<total>0</total>
				<timestamp>2399.372586</timestamp>
			</report>
			<report>
				<misses>380900001</misses>
				<total>0</total>
				<timestamp>2400.015722</timestamp>
			</report>
			<report>
				<misses>381000001</misses>
				<total>0</total>
				<timestamp>2400.650200</timestamp>
			</report>
			<report>
				<misses>381100001</misses>
				<total>0</total>
				<timestamp>2401.291489</timestamp>
			</report>
			<report>
				<misses>381200001</misses>
				<total>0</total>
				<timestamp>2401.925316</timestamp>
			</report>
			<report>
				<misses>381300001</misses>
				<total>0</total>
				<timestamp>2402.570210</timestamp>
			</report>
			<report>
				<misses>381400001</misses>
				<total>0</total>
				<timestamp>2403.217432</timestamp>
			</report>
			<report>
				<misses>381500001</misses>
				<total>0</total>
				<timestamp>2403.853355</timestamp>
			</report>
			<report>
				<misses>381600001</misses>
				<total>0</total>
				<timestamp>2404.491792</timestamp>
			</report>
			<report>
				<misses>381700001</misses>
				<total>0</total>
				<timestamp>2405.129711</timestamp>
			</report>
			<report>
				<misses>381800001</misses>
				<total>0</total>
				<timestamp>2405.767369</timestamp>
			</report>
			<report>
				<misses>381900001</misses>
				<total>0</total>
				<timestamp>2406.407849</timestamp>
			</report>
			<report>
				<misses>382000001</misses>
				<total>0</total>
				<timestamp>2407.072123</timestamp>
			</report>
			<report>
				<misses>382100001</misses>
				<total>0</total>
				<timestamp>2407.725845</timestamp>
			</report>
			<report>
				<misses>382200001</misses>
				<total>0</total>
				<timestamp>2408.385984</timestamp>
			</report>
			<report>
				<misses>382300001</misses>
				<total>0</total>
				<timestamp>2409.017109</timestamp>
			</report>
			<report>
				<misses>382400001</misses>
				<total>0</total>
				<timestamp>2409.666994</timestamp>
			</report>
			<report>
				<misses>382500001</misses>
				<total>0</total>
				<timestamp>2410.305705</timestamp>
			</report>
			<report>
				<misses>382600001</misses>
				<total>0</total>
				<timestamp>2410.952062</timestamp>
			</report>
			<report>
				<misses>382700001</misses>
				<total>0</total>
				<timestamp>2411.580490</timestamp>
			</report>
			<report>
				<misses>382800001</misses>
				<total>0</total>
				<timestamp>2412.206848</timestamp>
			</report>
			<report>
				<misses>382900001</misses>
				<total>0</total>
				<timestamp>2412.832858</timestamp>
			</report>
			<report>
				<misses>383000001</misses>
				<total>0</total>
				<timestamp>2413.459364</timestamp>
			</report>
			<report>
				<misses>383100001</misses>
				<total>0</total>
				<timestamp>2414.086139</timestamp>
			</report>
			<report>
				<misses>383200001</misses>
				<total>0</total>
				<timestamp>2414.713170</timestamp>
			</report>
			<report>
				<misses>383300001</misses>
				<total>0</total>
				<timestamp>2415.342410</timestamp>
			</report>
			<report>
				<misses>383400001</misses>
				<total>0</total>
				<timestamp>2415.968102</timestamp>
			</report>
			<report>
				<misses>383500001</misses>
				<total>0</total>
				<timestamp>2416.593663</timestamp>
			</report>
			<report>
				<misses>383600001</misses>
				<total>0</total>
				<timestamp>2417.220022</timestamp>
			</report>
			<report>
				<misses>383700001</misses>
				<total>0</total>
				<timestamp>2417.852124</timestamp>
			</report>
			<report>
				<misses>383800001</misses>
				<total>0</total>
				<timestamp>2418.478966</timestamp>
			</report>
			<report>
				<misses>383900001</misses>
				<total>0</total>
				<timestamp>2419.109202</timestamp>
			</report>
			<report>
				<misses>384000001</misses>
				<total>0</total>
				<timestamp>2419.733114</timestamp>
			</report>
			<report>
				<misses>384100001</misses>
				<total>0</total>
				<timestamp>2420.358849</timestamp>
			</report>
			<report>
				<misses>384200001</misses>
				<total>0</total>
				<timestamp>2420.982922</timestamp>
			</report>
			<report>
				<misses>384300001</misses>
				<total>0</total>
				<timestamp>2421.606281</timestamp>
			</report>
			<report>
				<misses>384400001</misses>
				<total>0</total>
				<timestamp>2422.233231</timestamp>
			</report>
			<report>
				<misses>384500001</misses>
				<total>0</total>
				<timestamp>2422.860045</timestamp>
			</report>
			<report>
				<misses>384600001</misses>
				<total>0</total>
				<timestamp>2423.486506</timestamp>
			</report>
			<report>
				<misses>384700001</misses>
				<total>0</total>
				<timestamp>2424.112634</timestamp>
			</report>
			<report>
				<misses>384800001</misses>
				<total>0</total>
				<timestamp>2424.741393</timestamp>
			</report>
			<report>
				<misses>384900001</misses>
				<total>0</total>
				<timestamp>2425.367447</timestamp>
			</report>
			<report>
				<misses>385000001</misses>
				<total>0</total>
				<timestamp>2425.993004</timestamp>
			</report>
			<report>
				<misses>385100001</misses>
				<total>0</total>
				<timestamp>2426.618442</timestamp>
			</report>
			<report>
				<misses>385200001</misses>
				<total>0</total>
				<timestamp>2427.244153</timestamp>
			</report>
			<report>
				<misses>385300001</misses>
				<total>0</total>
				<timestamp>2427.870126</timestamp>
			</report>
			<report>
				<misses>385400001</misses>
				<total>0</total>
				<timestamp>2428.500657</timestamp>
			</report>
			<report>
				<misses>385500001</misses>
				<total>0</total>
				<timestamp>2429.125862</timestamp>
			</report>
			<report>
				<misses>385600001</misses>
				<total>0</total>
				<timestamp>2429.754822</timestamp>
			</report>
			<report>
				<misses>385700001</misses>
				<total>0</total>
				<timestamp>2430.381326</timestamp>
			</report>
			<report>
				<misses>385800001</misses>
				<total>0</total>
				<timestamp>2431.008951</timestamp>
			</report>
			<report>
				<misses>385900001</misses>
				<total>0</total>
				<timestamp>2431.635332</timestamp>
			</report>
			<report>
				<misses>386000001</misses>
				<total>0</total>
				<timestamp>2432.265700</timestamp>
			</report>
			<report>
				<misses>386100001</misses>
				<total>0</total>
				<timestamp>2432.891723</timestamp>
			</report>
			<report>
				<misses>386200001</misses>
				<total>0</total>
				<timestamp>2433.518444</timestamp>
			</report>
			<report>
				<misses>386300001</misses>
				<total>0</total>
				<timestamp>2434.143747</timestamp>
			</report>
			<report>
				<misses>386400001</misses>
				<total>0</total>
				<timestamp>2434.769472</timestamp>
			</report>
			<report>
				<misses>386500001</misses>
				<total>0</total>
				<timestamp>2435.395430</timestamp>
			</report>
			<report>
				<misses>386600001</misses>
				<total>0</total>
				<timestamp>2436.021258</timestamp>
			</report>
			<report>
				<misses>386700001</misses>
				<total>0</total>
				<timestamp>2436.647098</timestamp>
			</report>
			<report>
				<misses>386800001</misses>
				<total>0</total>
				<timestamp>2437.272599</timestamp>
			</report>
			<report>
				<misses>386900001</misses>
				<total>0</total>
				<timestamp>2437.898345</timestamp>
			</report>
			<report>
				<misses>387000001</misses>
				<total>0</total>
				<timestamp>2438.524181</timestamp>
			</report>
			<report>
				<misses>387100001</misses>
				<total>0</total>
				<timestamp>2439.149749</timestamp>
			</report>
			<report>
				<misses>387200001</misses>
				<total>0</total>
				<timestamp>2439.779575</timestamp>
			</report>
			<report>
				<misses>387300001</misses>
				<total>0</total>
				<timestamp>2440.405237</timestamp>
			</report>
			<report>
				<misses>387400001</misses>
				<total>0</total>
				<timestamp>2441.030895</timestamp>
			</report>
			<report>
				<misses>387500001</misses>
				<total>0</total>
				<timestamp>2441.656371</timestamp>
			</report>
			<report>
				<misses>387600001</misses>
				<total>0</total>
				<timestamp>2442.285522</timestamp>
			</report>
			<report>
				<misses>387700001</misses>
				<total>0</total>
				<timestamp>2442.911209</timestamp>
			</report>
			<report>
				<misses>387800001</misses>
				<total>0</total>
				<timestamp>2443.536921</timestamp>
			</report>
			<report>
				<misses>387900001</misses>
				<total>0</total>
				<timestamp>2444.162448</timestamp>
			</report>
			<report>
				<misses>388000001</misses>
				<total>0</total>
				<timestamp>2444.788230</timestamp>
			</report>
			<report>
				<misses>388100001</misses>
				<total>0</total>
				<timestamp>2445.413088</timestamp>
			</report>
			<report>
				<misses>388200001</misses>
				<total>0</total>
				<timestamp>2446.044973</timestamp>
			</report>
			<report>
				<misses>388300001</misses>
				<total>0</total>
				<timestamp>2446.686411</timestamp>
			</report>
			<report>
				<misses>388400001</misses>
				<total>0</total>
				<timestamp>2447.331949</timestamp>
			</report>
			<report>
				<misses>388500001</misses>
				<total>0</total>
				<timestamp>2447.969289</timestamp>
			</report>
			<report>
				<misses>388600001</misses>
				<total>0</total>
				<timestamp>2448.597670</timestamp>
			</report>
			<report>
				<misses>388700001</misses>
				<total>0</total>
				<timestamp>2449.222929</timestamp>
			</report>
			<report>
				<misses>388800001</misses>
				<total>0</total>
				<timestamp>2449.846631</timestamp>
			</report>
			<report>
				<misses>388900001</misses>
				<total>0</total>
				<timestamp>2450.477579</timestamp>
			</report>
			<report>
				<misses>389000001</misses>
				<total>0</total>
				<timestamp>2451.107314</timestamp>
			</report>
			<report>
				<misses>389100001</misses>
				<total>0</total>
				<timestamp>2451.738041</timestamp>
			</report>
			<report>
				<misses>389200001</misses>
				<total>0</total>
				<timestamp>2452.367206</timestamp>
			</report>
			<report>
				<misses>389300001</misses>
				<total>0</total>
				<timestamp>2452.996751</timestamp>
			</report>
			<report>
				<misses>389400001</misses>
				<total>0</total>
				<timestamp>2453.625904</timestamp>
			</report>
			<report>
				<misses>389500001</misses>
				<total>0</total>
				<timestamp>2454.259704</timestamp>
			</report>
			<report>
				<misses>389600001</misses>
				<total>0</total>
				<timestamp>2454.888107</timestamp>
			</report>
			<report>
				<misses>389700001</misses>
				<total>0</total>
				<timestamp>2455.515395</timestamp>
			</report>
			<report>
				<misses>389800001</misses>
				<total>0</total>
				<timestamp>2456.147453</timestamp>
			</report>
			<report>
				<misses>389900001</misses>
				<total>0</total>
				<timestamp>2456.777319</timestamp>
			</report>
			<report>
				<misses>390000001</misses>
				<total>0</total>
				<timestamp>2457.406132</timestamp>
			</report>
			<report>
				<misses>390100001</misses>
				<total>0</total>
				<timestamp>2458.038223</timestamp>
			</report>
			<report>
				<misses>390200001</misses>
				<total>0</total>
				<timestamp>2458.668079</timestamp>
			</report>
			<report>
				<misses>390300001</misses>
				<total>0</total>
				<timestamp>2459.302974</timestamp>
			</report>
			<report>
				<misses>390400001</misses>
				<total>0</total>
				<timestamp>2459.939730</timestamp>
			</report>
			<report>
				<misses>390500001</misses>
				<total>0</total>
				<timestamp>2460.585385</timestamp>
			</report>
			<report>
				<misses>390600001</misses>
				<total>0</total>
				<timestamp>2461.212743</timestamp>
			</report>
			<report>
				<misses>390700001</misses>
				<total>0</total>
				<timestamp>2461.830785</timestamp>
			</report>
			<report>
				<misses>390800001</misses>
				<total>0</total>
				<timestamp>2462.449663</timestamp>
			</report>
			<report>
				<misses>390900001</misses>
				<total>0</total>
				<timestamp>2463.068865</timestamp>
			</report>
			<report>
				<misses>391000001</misses>
				<total>0</total>
				<timestamp>2463.697302</timestamp>
			</report>
			<report>
				<misses>391100001</misses>
				<total>0</total>
				<timestamp>2464.326504</timestamp>
			</report>
			<report>
				<misses>391200001</misses>
				<total>0</total>
				<timestamp>2464.956641</timestamp>
			</report>
			<report>
				<misses>391300001</misses>
				<total>0</total>
				<timestamp>2465.580796</timestamp>
			</report>
			<report>
				<misses>391400001</misses>
				<total>0</total>
				<timestamp>2466.219956</timestamp>
			</report>
			<report>
				<misses>391500001</misses>
				<total>0</total>
				<timestamp>2466.843023</timestamp>
			</report>
			<report>
				<misses>391600001</misses>
				<total>0</total>
				<timestamp>2467.467041</timestamp>
			</report>
			<report>
				<misses>391700001</misses>
				<total>0</total>
				<timestamp>2468.091692</timestamp>
			</report>
			<report>
				<misses>391800001</misses>
				<total>0</total>
				<timestamp>2468.721064</timestamp>
			</report>
			<report>
				<misses>391900001</misses>
				<total>0</total>
				<timestamp>2469.363843</timestamp>
			</report>
			<report>
				<misses>392000001</misses>
				<total>0</total>
				<timestamp>2470.000437</timestamp>
			</report>
			<report>
				<misses>392100001</misses>
				<total>0</total>
				<timestamp>2470.637141</timestamp>
			</report>
			<report>
				<misses>392200001</misses>
				<total>0</total>
				<timestamp>2471.277888</timestamp>
			</report>
			<report>
				<misses>392300001</misses>
				<total>0</total>
				<timestamp>2471.912300</timestamp>
			</report>
			<report>
				<misses>392400001</misses>
				<total>0</total>
				<timestamp>2472.544176</timestamp>
			</report>
			<report>
				<misses>392500001</misses>
				<total>0</total>
				<timestamp>2473.177846</timestamp>
			</report>
			<report>
				<misses>392600001</misses>
				<total>0</total>
				<timestamp>2473.809488</timestamp>
			</report>
			<report>
				<misses>392700001</misses>
				<total>0</total>
				<timestamp>2474.440519</timestamp>
			</report>
			<report>
				<misses>392800001</misses>
				<total>0</total>
				<timestamp>2475.072021</timestamp>
			</report>
			<report>
				<misses>392900001</misses>
				<total>0</total>
				<timestamp>2475.704288</timestamp>
			</report>
			<report>
				<misses>393000001</misses>
				<total>0</total>
				<timestamp>2476.336251</timestamp>
			</report>
			<report>
				<misses>393100001</misses>
				<total>0</total>
				<timestamp>2476.967355</timestamp>
			</report>
			<report>
				<misses>393200001</misses>
				<total>0</total>
				<timestamp>2477.597452</timestamp>
			</report>
			<report>
				<misses>393300001</misses>
				<total>0</total>
				<timestamp>2478.227668</timestamp>
			</report>
			<report>
				<misses>393400001</misses>
				<total>0</total>
				<timestamp>2478.857650</timestamp>
			</report>
			<report>
				<misses>393500001</misses>
				<total>0</total>
				<timestamp>2479.487904</timestamp>
			</report>
			<report>
				<misses>393600001</misses>
				<total>0</total>
				<timestamp>2480.123230</timestamp>
			</report>
			<report>
				<misses>393700001</misses>
				<total>0</total>
				<timestamp>2480.753882</timestamp>
			</report>
			<report>
				<misses>393800001</misses>
				<total>0</total>
				<timestamp>2481.385528</timestamp>
			</report>
			<report>
				<misses>393900001</misses>
				<total>0</total>
				<timestamp>2482.017852</timestamp>
			</report>
			<report>
				<misses>394000001</misses>
				<total>0</total>
				<timestamp>2482.649103</timestamp>
			</report>
			<report>
				<misses>394100001</misses>
				<total>0</total>
				<timestamp>2483.274766</timestamp>
			</report>
			<report>
				<misses>394200001</misses>
				<total>0</total>
				<timestamp>2483.899600</timestamp>
			</report>
			<report>
				<misses>394300001</misses>
				<total>0</total>
				<timestamp>2484.525457</timestamp>
			</report>
			<report>
				<misses>394400001</misses>
				<total>0</total>
				<timestamp>2485.150984</timestamp>
			</report>
			<report>
				<misses>394500001</misses>
				<total>0</total>
				<timestamp>2485.786109</timestamp>
			</report>
			<report>
				<misses>394600001</misses>
				<total>0</total>
				<timestamp>2486.413690</timestamp>
			</report>
			<report>
				<misses>394700001</misses>
				<total>0</total>
				<timestamp>2487.042045</timestamp>
			</report>
			<report>
				<misses>394800001</misses>
				<total>0</total>
				<timestamp>2487.669509</timestamp>
			</report>
			<report>
				<misses>394900001</misses>
				<total>0</total>
				<timestamp>2488.299436</timestamp>
			</report>
			<report>
				<misses>395000001</misses>
				<total>0</total>
				<timestamp>2488.928763</timestamp>
			</report>
			<report>
				<misses>395100001</misses>
				<total>0</total>
				<timestamp>2489.556903</timestamp>
			</report>
			<report>
				<misses>395200001</misses>
				<total>0</total>
				<timestamp>2490.185147</timestamp>
			</report>
			<report>
				<misses>395300001</misses>
				<total>0</total>
				<timestamp>2490.812497</timestamp>
			</report>
			<report>
				<misses>395400001</misses>
				<total>0</total>
				<timestamp>2491.442258</timestamp>
			</report>
			<report>
				<misses>395500001</misses>
				<total>0</total>
				<timestamp>2492.071394</timestamp>
			</report>
			<report>
				<misses>395600001</misses>
				<total>0</total>
				<timestamp>2492.698907</timestamp>
			</report>
			<report>
				<misses>395700001</misses>
				<total>0</total>
				<timestamp>2493.324956</timestamp>
			</report>
			<report>
				<misses>395800001</misses>
				<total>0</total>
				<timestamp>2493.960521</timestamp>
			</report>
			<report>
				<misses>395900001</misses>
				<total>0</total>
				<timestamp>2494.602150</timestamp>
			</report>
			<report>
				<misses>396000001</misses>
				<total>0</total>
				<timestamp>2495.247483</timestamp>
			</report>
			<report>
				<misses>396100001</misses>
				<total>0</total>
				<timestamp>2495.881504</timestamp>
			</report>
			<report>
				<misses>396200001</misses>
				<total>0</total>
				<timestamp>2496.506465</timestamp>
			</report>
			<report>
				<misses>396300001</misses>
				<total>0</total>
				<timestamp>2497.130024</timestamp>
			</report>
			<report>
				<misses>396400001</misses>
				<total>0</total>
				<timestamp>2497.752963</timestamp>
			</report>
			<report>
				<misses>396500001</misses>
				<total>0</total>
				<timestamp>2498.377813</timestamp>
			</report>
			<report>
				<misses>396600001</misses>
				<total>0</total>
				<timestamp>2499.001759</timestamp>
			</report>
			<report>
				<misses>396700001</misses>
				<total>0</total>
				<timestamp>2499.626395</timestamp>
			</report>
			<report>
				<misses>396800001</misses>
				<total>0</total>
				<timestamp>2500.249137</timestamp>
			</report>
			<report>
				<misses>396900001</misses>
				<total>0</total>
				<timestamp>2500.872057</timestamp>
			</report>
			<report>
				<misses>397000001</misses>
				<total>0</total>
				<timestamp>2501.496908</timestamp>
			</report>
			<report>
				<misses>397100001</misses>
				<total>0</total>
				<timestamp>2502.124874</timestamp>
			</report>
			<report>
				<misses>397200001</misses>
				<total>0</total>
				<timestamp>2502.742666</timestamp>
			</report>
			<report>
				<misses>397300001</misses>
				<total>0</total>
				<timestamp>2503.359154</timestamp>
			</report>
			<report>
				<misses>397400001</misses>
				<total>0</total>
				<timestamp>2503.975527</timestamp>
			</report>
			<report>
				<misses>397500001</misses>
				<total>0</total>
				<timestamp>2504.592181</timestamp>
			</report>
			<report>
				<misses>397600001</misses>
				<total>0</total>
				<timestamp>2505.208626</timestamp>
			</report>
			<report>
				<misses>397700001</misses>
				<total>0</total>
				<timestamp>2505.828657</timestamp>
			</report>
			<report>
				<misses>397800001</misses>
				<total>0</total>
				<timestamp>2506.444466</timestamp>
			</report>
			<report>
				<misses>397900001</misses>
				<total>0</total>
				<timestamp>2507.060698</timestamp>
			</report>
			<report>
				<misses>398000001</misses>
				<total>0</total>
				<timestamp>2507.677146</timestamp>
			</report>
			<report>
				<misses>398100001</misses>
				<total>0</total>
				<timestamp>2508.293501</timestamp>
			</report>
			<report>
				<misses>398200001</misses>
				<total>0</total>
				<timestamp>2508.909369</timestamp>
			</report>
			<report>
				<misses>398300001</misses>
				<total>0</total>
				<timestamp>2509.532031</timestamp>
			</report>
			<report>
				<misses>398400001</misses>
				<total>0</total>
				<timestamp>2510.162500</timestamp>
			</report>
			<report>
				<misses>398500001</misses>
				<total>0</total>
				<timestamp>2510.790242</timestamp>
			</report>
			<report>
				<misses>398600001</misses>
				<total>0</total>
				<timestamp>2511.418481</timestamp>
			</report>
			<report>
				<misses>398700001</misses>
				<total>0</total>
				<timestamp>2512.049632</timestamp>
			</report>
			<report>
				<misses>398800001</misses>
				<total>0</total>
				<timestamp>2512.677940</timestamp>
			</report>
			<report>
				<misses>398900001</misses>
				<total>0</total>
				<timestamp>2513.306812</timestamp>
			</report>
			<report>
				<misses>399000001</misses>
				<total>0</total>
				<timestamp>2513.935143</timestamp>
			</report>
			<report>
				<misses>399100001</misses>
				<total>0</total>
				<timestamp>2514.563935</timestamp>
			</report>
			<report>
				<misses>399200001</misses>
				<total>0</total>
				<timestamp>2515.195954</timestamp>
			</report>
			<report>
				<misses>399300001</misses>
				<total>0</total>
				<timestamp>2515.825258</timestamp>
			</report>
			<report>
				<misses>399400001</misses>
				<total>0</total>
				<timestamp>2516.451719</timestamp>
			</report>
			<report>
				<misses>399500001</misses>
				<total>0</total>
				<timestamp>2517.077975</timestamp>
			</report>
			<report>
				<misses>399600001</misses>
				<total>0</total>
				<timestamp>2517.704388</timestamp>
			</report>
			<report>
				<misses>399700001</misses>
				<total>0</total>
				<timestamp>2518.330951</timestamp>
			</report>
			<report>
				<misses>399800001</misses>
				<total>0</total>
				<timestamp>2518.957426</timestamp>
			</report>
			<report>
				<misses>399900001</misses>
				<total>0</total>
				<timestamp>2519.583869</timestamp>
			</report>
			<report>
				<misses>400000001</misses>
				<total>0</total>
				<timestamp>2520.210144</timestamp>
			</report>
			<report>
				<misses>400100001</misses>
				<total>0</total>
				<timestamp>2520.845431</timestamp>
			</report>
			<report>
				<misses>400200001</misses>
				<total>0</total>
				<timestamp>2521.480753</timestamp>
			</report>
			<report>
				<misses>400300001</misses>
				<total>0</total>
				<timestamp>2522.130082</timestamp>
			</report>
			<report>
				<misses>400400001</misses>
				<total>0</total>
				<timestamp>2522.779316</timestamp>
			</report>
			<report>
				<misses>400500001</misses>
				<total>0</total>
				<timestamp>2523.429633</timestamp>
			</report>
			<report>
				<misses>400600001</misses>
				<total>0</total>
				<timestamp>2524.079676</timestamp>
			</report>
			<report>
				<misses>400700001</misses>
				<total>0</total>
				<timestamp>2524.718969</timestamp>
			</report>
			<report>
				<misses>400800001</misses>
				<total>0</total>
				<timestamp>2525.347399</timestamp>
			</report>
			<report>
				<misses>400900001</misses>
				<total>0</total>
				<timestamp>2525.979442</timestamp>
			</report>
			<report>
				<misses>401000001</misses>
				<total>0</total>
				<timestamp>2526.612657</timestamp>
			</report>
			<report>
				<misses>401100001</misses>
				<total>0</total>
				<timestamp>2527.244410</timestamp>
			</report>
			<report>
				<misses>401200001</misses>
				<total>0</total>
				<timestamp>2527.876519</timestamp>
			</report>
			<report>
				<misses>401300001</misses>
				<total>0</total>
				<timestamp>2528.509266</timestamp>
			</report>
			<report>
				<misses>401400001</misses>
				<total>0</total>
				<timestamp>2529.142255</timestamp>
			</report>
			<report>
				<misses>401500001</misses>
				<total>0</total>
				<timestamp>2529.775925</timestamp>
			</report>
			<report>
				<misses>401600001</misses>
				<total>0</total>
				<timestamp>2530.404188</timestamp>
			</report>
			<report>
				<misses>401700001</misses>
				<total>0</total>
				<timestamp>2531.032661</timestamp>
			</report>
			<report>
				<misses>401800001</misses>
				<total>0</total>
				<timestamp>2531.662511</timestamp>
			</report>
			<report>
				<misses>401900001</misses>
				<total>0</total>
				<timestamp>2532.295597</timestamp>
			</report>
			<report>
				<misses>402000001</misses>
				<total>0</total>
				<timestamp>2532.939182</timestamp>
			</report>
			<report>
				<misses>402100001</misses>
				<total>0</total>
				<timestamp>2533.565200</timestamp>
			</report>
			<report>
				<misses>402200001</misses>
				<total>0</total>
				<timestamp>2534.198988</timestamp>
			</report>
			<report>
				<misses>402300001</misses>
				<total>0</total>
				<timestamp>2534.833885</timestamp>
			</report>
			<report>
				<misses>402400001</misses>
				<total>0</total>
				<timestamp>2535.461653</timestamp>
			</report>
			<report>
				<misses>402500001</misses>
				<total>0</total>
				<timestamp>2536.092508</timestamp>
			</report>
			<report>
				<misses>402600001</misses>
				<total>0</total>
				<timestamp>2536.719840</timestamp>
			</report>
			<report>
				<misses>402700001</misses>
				<total>0</total>
				<timestamp>2537.347485</timestamp>
			</report>
			<report>
				<misses>402800001</misses>
				<total>0</total>
				<timestamp>2537.975643</timestamp>
			</report>
			<report>
				<misses>402900001</misses>
				<total>0</total>
				<timestamp>2538.603720</timestamp>
			</report>
			<report>
				<misses>403000001</misses>
				<total>0</total>
				<timestamp>2539.231776</timestamp>
			</report>
			<report>
				<misses>403100001</misses>
				<total>0</total>
				<timestamp>2539.859092</timestamp>
			</report>
			<report>
				<misses>403200001</misses>
				<total>0</total>
				<timestamp>2540.486569</timestamp>
			</report>
			<report>
				<misses>403300001</misses>
				<total>0</total>
				<timestamp>2541.114277</timestamp>
			</report>
			<report>
				<misses>403400001</misses>
				<total>0</total>
				<timestamp>2541.742153</timestamp>
			</report>
			<report>
				<misses>403500001</misses>
				<total>0</total>
				<timestamp>2542.369616</timestamp>
			</report>
			<report>
				<misses>403600001</misses>
				<total>0</total>
				<timestamp>2543.004412</timestamp>
			</report>
			<report>
				<misses>403700001</misses>
				<total>0</total>
				<timestamp>2543.630650</timestamp>
			</report>
			<report>
				<misses>403800001</misses>
				<total>0</total>
				<timestamp>2544.258417</timestamp>
			</report>
			<report>
				<misses>403900001</misses>
				<total>0</total>
				<timestamp>2544.885635</timestamp>
			</report>
			<report>
				<misses>404000001</misses>
				<total>0</total>
				<timestamp>2545.512822</timestamp>
			</report>
			<report>
				<misses>404100001</misses>
				<total>0</total>
				<timestamp>2546.141486</timestamp>
			</report>
			<report>
				<misses>404200001</misses>
				<total>0</total>
				<timestamp>2546.770424</timestamp>
			</report>
			<report>
				<misses>404300001</misses>
				<total>0</total>
				<timestamp>2547.397387</timestamp>
			</report>
			<report>
				<misses>404400001</misses>
				<total>0</total>
				<timestamp>2548.025175</timestamp>
			</report>
			<report>
				<misses>404500001</misses>
				<total>0</total>
				<timestamp>2548.653143</timestamp>
			</report>
			<report>
				<misses>404600001</misses>
				<total>0</total>
				<timestamp>2549.280396</timestamp>
			</report>
			<report>
				<misses>404700001</misses>
				<total>0</total>
				<timestamp>2549.906099</timestamp>
			</report>
			<report>
				<misses>404800001</misses>
				<total>0</total>
				<timestamp>2550.531388</timestamp>
			</report>
			<report>
				<misses>404900001</misses>
				<total>0</total>
				<timestamp>2551.170665</timestamp>
			</report>
			<report>
				<misses>405000001</misses>
				<total>0</total>
				<timestamp>2551.806739</timestamp>
			</report>
			<report>
				<misses>405100001</misses>
				<total>0</total>
				<timestamp>2552.442795</timestamp>
			</report>
			<report>
				<misses>405200001</misses>
				<total>0</total>
				<timestamp>2553.076475</timestamp>
			</report>
			<report>
				<misses>405300001</misses>
				<total>0</total>
				<timestamp>2553.703708</timestamp>
			</report>
			<report>
				<misses>405400001</misses>
				<total>0</total>
				<timestamp>2554.332152</timestamp>
			</report>
			<report>
				<misses>405500001</misses>
				<total>0</total>
				<timestamp>2554.959981</timestamp>
			</report>
			<report>
				<misses>405600001</misses>
				<total>0</total>
				<timestamp>2555.587613</timestamp>
			</report>
			<report>
				<misses>405700001</misses>
				<total>0</total>
				<timestamp>2556.215069</timestamp>
			</report>
			<report>
				<misses>405800001</misses>
				<total>0</total>
				<timestamp>2556.843706</timestamp>
			</report>
			<report>
				<misses>405900001</misses>
				<total>0</total>
				<timestamp>2557.471066</timestamp>
			</report>
			<report>
				<misses>406000001</misses>
				<total>0</total>
				<timestamp>2558.098161</timestamp>
			</report>
			<report>
				<misses>406100001</misses>
				<total>0</total>
				<timestamp>2558.726315</timestamp>
			</report>
			<report>
				<misses>406200001</misses>
				<total>0</total>
				<timestamp>2559.353736</timestamp>
			</report>
			<report>
				<misses>406300001</misses>
				<total>0</total>
				<timestamp>2559.981921</timestamp>
			</report>
			<report>
				<misses>406400001</misses>
				<total>0</total>
				<timestamp>2560.609803</timestamp>
			</report>
			<report>
				<misses>406500001</misses>
				<total>0</total>
				<timestamp>2561.237861</timestamp>
			</report>
			<report>
				<misses>406600001</misses>
				<total>0</total>
				<timestamp>2561.874279</timestamp>
			</report>
			<report>
				<misses>406700001</misses>
				<total>0</total>
				<timestamp>2562.505538</timestamp>
			</report>
			<report>
				<misses>406800001</misses>
				<total>0</total>
				<timestamp>2563.136240</timestamp>
			</report>
			<report>
				<misses>406900001</misses>
				<total>0</total>
				<timestamp>2563.765181</timestamp>
			</report>
			<report>
				<misses>407000001</misses>
				<total>0</total>
				<timestamp>2564.396344</timestamp>
			</report>
			<report>
				<misses>407100001</misses>
				<total>0</total>
				<timestamp>2565.032876</timestamp>
			</report>
			<report>
				<misses>407200001</misses>
				<total>0</total>
				<timestamp>2565.675158</timestamp>
			</report>
			<report>
				<misses>407300001</misses>
				<total>0</total>
				<timestamp>2566.303544</timestamp>
			</report>
			<report>
				<misses>407400001</misses>
				<total>0</total>
				<timestamp>2566.930827</timestamp>
			</report>
			<report>
				<misses>407500001</misses>
				<total>0</total>
				<timestamp>2567.559167</timestamp>
			</report>
			<report>
				<misses>407600001</misses>
				<total>0</total>
				<timestamp>2568.190432</timestamp>
			</report>
			<report>
				<misses>407700001</misses>
				<total>0</total>
				<timestamp>2568.814863</timestamp>
			</report>
			<report>
				<misses>407800001</misses>
				<total>0</total>
				<timestamp>2569.439520</timestamp>
			</report>
			<report>
				<misses>407900001</misses>
				<total>0</total>
				<timestamp>2570.066280</timestamp>
			</report>
			<report>
				<misses>408000001</misses>
				<total>0</total>
				<timestamp>2570.691637</timestamp>
			</report>
			<report>
				<misses>408100001</misses>
				<total>0</total>
				<timestamp>2571.319478</timestamp>
			</report>
			<report>
				<misses>408200001</misses>
				<total>0</total>
				<timestamp>2571.943773</timestamp>
			</report>
			<report>
				<misses>408300001</misses>
				<total>0</total>
				<timestamp>2572.568995</timestamp>
			</report>
			<report>
				<misses>408400001</misses>
				<total>0</total>
				<timestamp>2573.197017</timestamp>
			</report>
			<report>
				<misses>408500001</misses>
				<total>0</total>
				<timestamp>2573.819639</timestamp>
			</report>
			<report>
				<misses>408600001</misses>
				<total>0</total>
				<timestamp>2574.441730</timestamp>
			</report>
			<report>
				<misses>408700001</misses>
				<total>0</total>
				<timestamp>2575.065642</timestamp>
			</report>
			<report>
				<misses>408800001</misses>
				<total>0</total>
				<timestamp>2575.686590</timestamp>
			</report>
			<report>
				<misses>408900001</misses>
				<total>0</total>
				<timestamp>2576.308553</timestamp>
			</report>
			<report>
				<misses>409000001</misses>
				<total>0</total>
				<timestamp>2576.930579</timestamp>
			</report>
			<report>
				<misses>409100001</misses>
				<total>0</total>
				<timestamp>2577.553387</timestamp>
			</report>
			<report>
				<misses>409200001</misses>
				<total>0</total>
				<timestamp>2578.177994</timestamp>
			</report>
			<report>
				<misses>409300001</misses>
				<total>0</total>
				<timestamp>2578.801227</timestamp>
			</report>
			<report>
				<misses>409400001</misses>
				<total>0</total>
				<timestamp>2579.423859</timestamp>
			</report>
			<report>
				<misses>409500001</misses>
				<total>0</total>
				<timestamp>2580.049166</timestamp>
			</report>
			<report>
				<misses>409600001</misses>
				<total>0</total>
				<timestamp>2580.675479</timestamp>
			</report>
			<report>
				<misses>409700001</misses>
				<total>0</total>
				<timestamp>2581.300940</timestamp>
			</report>
			<report>
				<misses>409800001</misses>
				<total>0</total>
				<timestamp>2581.930312</timestamp>
			</report>
			<report>
				<misses>409900001</misses>
				<total>0</total>
				<timestamp>2582.555746</timestamp>
			</report>
			<report>
				<misses>410000001</misses>
				<total>0</total>
				<timestamp>2583.181493</timestamp>
			</report>
			<report>
				<misses>410100001</misses>
				<total>0</total>
				<timestamp>2583.806685</timestamp>
			</report>
			<report>
				<misses>410200001</misses>
				<total>0</total>
				<timestamp>2584.436235</timestamp>
			</report>
			<report>
				<misses>410300001</misses>
				<total>0</total>
				<timestamp>2585.066332</timestamp>
			</report>
			<report>
				<misses>410400001</misses>
				<total>0</total>
				<timestamp>2585.692050</timestamp>
			</report>
			<report>
				<misses>410500001</misses>
				<total>0</total>
				<timestamp>2586.317819</timestamp>
			</report>
			<report>
				<misses>410600001</misses>
				<total>0</total>
				<timestamp>2586.942908</timestamp>
			</report>
			<report>
				<misses>410700001</misses>
				<total>0</total>
				<timestamp>2587.568642</timestamp>
			</report>
			<report>
				<misses>410800001</misses>
				<total>0</total>
				<timestamp>2588.194723</timestamp>
			</report>
			<report>
				<misses>410900001</misses>
				<total>0</total>
				<timestamp>2588.820425</timestamp>
			</report>
			<report>
				<misses>411000001</misses>
				<total>0</total>
				<timestamp>2589.446763</timestamp>
			</report>
			<report>
				<misses>411100001</misses>
				<total>0</total>
				<timestamp>2590.075468</timestamp>
			</report>
			<report>
				<misses>411200001</misses>
				<total>0</total>
				<timestamp>2590.702477</timestamp>
			</report>
			<report>
				<misses>411300001</misses>
				<total>0</total>
				<timestamp>2591.329025</timestamp>
			</report>
			<report>
				<misses>411400001</misses>
				<total>0</total>
				<timestamp>2591.954742</timestamp>
			</report>
			<report>
				<misses>411500001</misses>
				<total>0</total>
				<timestamp>2592.580024</timestamp>
			</report>
			<report>
				<misses>411600001</misses>
				<total>0</total>
				<timestamp>2593.207090</timestamp>
			</report>
			<report>
				<misses>411700001</misses>
				<total>0</total>
				<timestamp>2593.832925</timestamp>
			</report>
			<report>
				<misses>411800001</misses>
				<total>0</total>
				<timestamp>2594.458652</timestamp>
			</report>
			<report>
				<misses>411900001</misses>
				<total>0</total>
				<timestamp>2595.084414</timestamp>
			</report>
			<report>
				<misses>412000001</misses>
				<total>0</total>
				<timestamp>2595.710176</timestamp>
			</report>
			<report>
				<misses>412100001</misses>
				<total>0</total>
				<timestamp>2596.335992</timestamp>
			</report>
			<report>
				<misses>412200001</misses>
				<total>0</total>
				<timestamp>2596.961528</timestamp>
			</report>
			<report>
				<misses>412300001</misses>
				<total>0</total>
				<timestamp>2597.587552</timestamp>
			</report>
			<report>
				<misses>412400001</misses>
				<total>0</total>
				<timestamp>2598.213438</timestamp>
			</report>
			<report>
				<misses>412500001</misses>
				<total>0</total>
				<timestamp>2598.839147</timestamp>
			</report>
			<report>
				<misses>412600001</misses>
				<total>0</total>
				<timestamp>2599.465290</timestamp>
			</report>
			<report>
				<misses>412700001</misses>
				<total>0</total>
				<timestamp>2600.091352</timestamp>
			</report>
			<report>
				<misses>412800001</misses>
				<total>0</total>
				<timestamp>2600.717517</timestamp>
			</report>
			<report>
				<misses>412900001</misses>
				<total>0</total>
				<timestamp>2601.344306</timestamp>
			</report>
			<report>
				<misses>413000001</misses>
				<total>0</total>
				<timestamp>2601.976201</timestamp>
			</report>
			<report>
				<misses>413100001</misses>
				<total>0</total>
				<timestamp>2602.603095</timestamp>
			</report>
			<report>
				<misses>413200001</misses>
				<total>0</total>
				<timestamp>2603.232987</timestamp>
			</report>
			<report>
				<misses>413300001</misses>
				<total>0</total>
				<timestamp>2603.858608</timestamp>
			</report>
			<report>
				<misses>413400001</misses>
				<total>0</total>
				<timestamp>2604.484587</timestamp>
			</report>
			<report>
				<misses>413500001</misses>
				<total>0</total>
				<timestamp>2605.118988</timestamp>
			</report>
			<report>
				<misses>413600001</misses>
				<total>0</total>
				<timestamp>2605.754372</timestamp>
			</report>
			<report>
				<misses>413700001</misses>
				<total>0</total>
				<timestamp>2606.393408</timestamp>
			</report>
			<report>
				<misses>413800001</misses>
				<total>0</total>
				<timestamp>2607.026790</timestamp>
			</report>
			<report>
				<misses>413900001</misses>
				<total>0</total>
				<timestamp>2607.660001</timestamp>
			</report>
			<report>
				<misses>414000001</misses>
				<total>0</total>
				<timestamp>2608.297830</timestamp>
			</report>
			<report>
				<misses>414100001</misses>
				<total>0</total>
				<timestamp>2608.934006</timestamp>
			</report>
			<report>
				<misses>414200001</misses>
				<total>0</total>
				<timestamp>2609.569564</timestamp>
			</report>
			<report>
				<misses>414300001</misses>
				<total>0</total>
				<timestamp>2610.206233</timestamp>
			</report>
			<report>
				<misses>414400001</misses>
				<total>0</total>
				<timestamp>2610.848043</timestamp>
			</report>
			<report>
				<misses>414500001</misses>
				<total>0</total>
				<timestamp>2611.483649</timestamp>
			</report>
			<report>
				<misses>414600001</misses>
				<total>0</total>
				<timestamp>2612.119508</timestamp>
			</report>
			<report>
				<misses>414700001</misses>
				<total>0</total>
				<timestamp>2612.755185</timestamp>
			</report>
			<report>
				<misses>414800001</misses>
				<total>0</total>
				<timestamp>2613.391306</timestamp>
			</report>
			<report>
				<misses>414900001</misses>
				<total>0</total>
				<timestamp>2614.029118</timestamp>
			</report>
			<report>
				<misses>415000001</misses>
				<total>0</total>
				<timestamp>2614.664258</timestamp>
			</report>
			<report>
				<misses>415100001</misses>
				<total>0</total>
				<timestamp>2615.302377</timestamp>
			</report>
			<report>
				<misses>415200001</misses>
				<total>0</total>
				<timestamp>2615.941658</timestamp>
			</report>
			<report>
				<misses>415300001</misses>
				<total>0</total>
				<timestamp>2616.585868</timestamp>
			</report>
			<report>
				<misses>415400001</misses>
				<total>0</total>
				<timestamp>2617.219383</timestamp>
			</report>
			<report>
				<misses>415500001</misses>
				<total>0</total>
				<timestamp>2617.881405</timestamp>
			</report>
			<report>
				<misses>415600001</misses>
				<total>0</total>
				<timestamp>2618.519717</timestamp>
			</report>
			<report>
				<misses>415700001</misses>
				<total>0</total>
				<timestamp>2619.153387</timestamp>
			</report>
			<report>
				<misses>415800001</misses>
				<total>0</total>
				<timestamp>2619.795225</timestamp>
			</report>
			<report>
				<misses>415900001</misses>
				<total>0</total>
				<timestamp>2620.437758</timestamp>
			</report>
			<report>
				<misses>416000001</misses>
				<total>0</total>
				<timestamp>2621.071719</timestamp>
			</report>
			<report>
				<misses>416100001</misses>
				<total>0</total>
				<timestamp>2621.707547</timestamp>
			</report>
			<report>
				<misses>416200001</misses>
				<total>0</total>
				<timestamp>2622.344600</timestamp>
			</report>
			<report>
				<misses>416300001</misses>
				<total>0</total>
				<timestamp>2622.982799</timestamp>
			</report>
			<report>
				<misses>416400001</misses>
				<total>0</total>
				<timestamp>2623.616639</timestamp>
			</report>
			<report>
				<misses>416500001</misses>
				<total>0</total>
				<timestamp>2624.253842</timestamp>
			</report>
			<report>
				<misses>416600001</misses>
				<total>0</total>
				<timestamp>2624.886090</timestamp>
			</report>
			<report>
				<misses>416700001</misses>
				<total>0</total>
				<timestamp>2625.530304</timestamp>
			</report>
			<report>
				<misses>416800001</misses>
				<total>0</total>
				<timestamp>2626.167327</timestamp>
			</report>
			<report>
				<misses>416900001</misses>
				<total>0</total>
				<timestamp>2626.826048</timestamp>
			</report>
			<report>
				<misses>417000001</misses>
				<total>0</total>
				<timestamp>2627.472062</timestamp>
			</report>
			<report>
				<misses>417100001</misses>
				<total>0</total>
				<timestamp>2628.114501</timestamp>
			</report>
			<report>
				<misses>417200001</misses>
				<total>0</total>
				<timestamp>2628.774291</timestamp>
			</report>
			<report>
				<misses>417300001</misses>
				<total>0</total>
				<timestamp>2629.414412</timestamp>
			</report>
			<report>
				<misses>417400001</misses>
				<total>0</total>
				<timestamp>2630.047363</timestamp>
			</report>
			<report>
				<misses>417500001</misses>
				<total>0</total>
				<timestamp>2630.686589</timestamp>
			</report>
			<report>
				<misses>417600001</misses>
				<total>0</total>
				<timestamp>2631.315485</timestamp>
			</report>
			<report>
				<misses>417700001</misses>
				<total>0</total>
				<timestamp>2631.940457</timestamp>
			</report>
			<report>
				<misses>417800001</misses>
				<total>0</total>
				<timestamp>2632.569680</timestamp>
			</report>
			<report>
				<misses>417900001</misses>
				<total>0</total>
				<timestamp>2633.197426</timestamp>
			</report>
			<report>
				<misses>418000001</misses>
				<total>0</total>
				<timestamp>2633.825075</timestamp>
			</report>
			<report>
				<misses>418100001</misses>
				<total>0</total>
				<timestamp>2634.453425</timestamp>
			</report>
			<report>
				<misses>418200001</misses>
				<total>0</total>
				<timestamp>2635.081050</timestamp>
			</report>
			<report>
				<misses>418300001</misses>
				<total>0</total>
				<timestamp>2635.709696</timestamp>
			</report>
			<report>
				<misses>418400001</misses>
				<total>0</total>
				<timestamp>2636.338314</timestamp>
			</report>
			<report>
				<misses>418500001</misses>
				<total>0</total>
				<timestamp>2636.970604</timestamp>
			</report>
			<report>
				<misses>418600001</misses>
				<total>0</total>
				<timestamp>2637.598785</timestamp>
			</report>
			<report>
				<misses>418700001</misses>
				<total>0</total>
				<timestamp>2638.226963</timestamp>
			</report>
			<report>
				<misses>418800001</misses>
				<total>0</total>
				<timestamp>2638.854532</timestamp>
			</report>
			<report>
				<misses>418900001</misses>
				<total>0</total>
				<timestamp>2639.482364</timestamp>
			</report>
			<report>
				<misses>419000001</misses>
				<total>0</total>
				<timestamp>2640.109867</timestamp>
			</report>
			<report>
				<misses>419100001</misses>
				<total>0</total>
				<timestamp>2640.737305</timestamp>
			</report>
			<report>
				<misses>419200001</misses>
				<total>0</total>
				<timestamp>2641.364350</timestamp>
			</report>
			<report>
				<misses>419300001</misses>
				<total>0</total>
				<timestamp>2641.992548</timestamp>
			</report>
			<report>
				<misses>419400001</misses>
				<total>0</total>
				<timestamp>2642.620123</timestamp>
			</report>
			<report>
				<misses>419500001</misses>
				<total>0</total>
				<timestamp>2643.247907</timestamp>
			</report>
			<report>
				<misses>419600001</misses>
				<total>0</total>
				<timestamp>2643.875495</timestamp>
			</report>
			<report>
				<misses>419700001</misses>
				<total>0</total>
				<timestamp>2644.503245</timestamp>
			</report>
			<report>
				<misses>419800001</misses>
				<total>0</total>
				<timestamp>2645.133993</timestamp>
			</report>
			<report>
				<misses>419900001</misses>
				<total>0</total>
				<timestamp>2645.759261</timestamp>
			</report>
			<report>
				<misses>420000001</misses>
				<total>0</total>
				<timestamp>2646.384274</timestamp>
			</report>
			<report>
				<misses>420100001</misses>
				<total>0</total>
				<timestamp>2647.012410</timestamp>
			</report>
			<report>
				<misses>420200001</misses>
				<total>0</total>
				<timestamp>2647.652326</timestamp>
			</report>
			<report>
				<misses>420300001</misses>
				<total>0</total>
				<timestamp>2648.283142</timestamp>
			</report>
			<report>
				<misses>420400001</misses>
				<total>0</total>
				<timestamp>2648.917279</timestamp>
			</report>
			<report>
				<misses>420500001</misses>
				<total>0</total>
				<timestamp>2649.551278</timestamp>
			</report>
			<report>
				<misses>420600001</misses>
				<total>0</total>
				<timestamp>2650.184849</timestamp>
			</report>
			<report>
				<misses>420700001</misses>
				<total>0</total>
				<timestamp>2650.819564</timestamp>
			</report>
			<report>
				<misses>420800001</misses>
				<total>0</total>
				<timestamp>2651.455034</timestamp>
			</report>
			<report>
				<misses>420900001</misses>
				<total>0</total>
				<timestamp>2652.094475</timestamp>
			</report>
			<report>
				<misses>421000001</misses>
				<total>0</total>
				<timestamp>2652.731538</timestamp>
			</report>
			<report>
				<misses>421100001</misses>
				<total>0</total>
				<timestamp>2653.371344</timestamp>
			</report>
			<report>
				<misses>421200001</misses>
				<total>0</total>
				<timestamp>2654.008069</timestamp>
			</report>
			<report>
				<misses>421300001</misses>
				<total>0</total>
				<timestamp>2654.644708</timestamp>
			</report>
			<report>
				<misses>421400001</misses>
				<total>0</total>
				<timestamp>2655.283683</timestamp>
			</report>
			<report>
				<misses>421500001</misses>
				<total>0</total>
				<timestamp>2655.920709</timestamp>
			</report>
			<report>
				<misses>421600001</misses>
				<total>0</total>
				<timestamp>2656.553589</timestamp>
			</report>
			<report>
				<misses>421700001</misses>
				<total>0</total>
				<timestamp>2657.181329</timestamp>
			</report>
			<report>
				<misses>421800001</misses>
				<total>0</total>
				<timestamp>2657.812398</timestamp>
			</report>
			<report>
				<misses>421900001</misses>
				<total>0</total>
				<timestamp>2658.437334</timestamp>
			</report>
			<report>
				<misses>422000001</misses>
				<total>0</total>
				<timestamp>2659.061503</timestamp>
			</report>
			<report>
				<misses>422100001</misses>
				<total>0</total>
				<timestamp>2659.687399</timestamp>
			</report>
			<report>
				<misses>422200001</misses>
				<total>0</total>
				<timestamp>2660.322964</timestamp>
			</report>
			<report>
				<misses>422300001</misses>
				<total>0</total>
				<timestamp>2660.952164</timestamp>
			</report>
			<report>
				<misses>422400001</misses>
				<total>0</total>
				<timestamp>2661.579156</timestamp>
			</report>
			<report>
				<misses>422500001</misses>
				<total>0</total>
				<timestamp>2662.211896</timestamp>
			</report>
			<report>
				<misses>422600001</misses>
				<total>0</total>
				<timestamp>2662.841739</timestamp>
			</report>
			<report>
				<misses>422700001</misses>
				<total>0</total>
				<timestamp>2663.474289</timestamp>
			</report>
			<report>
				<misses>422800001</misses>
				<total>0</total>
				<timestamp>2664.105045</timestamp>
			</report>
			<report>
				<misses>422900001</misses>
				<total>0</total>
				<timestamp>2664.753799</timestamp>
			</report>
			<report>
				<misses>423000001</misses>
				<total>0</total>
				<timestamp>2665.387581</timestamp>
			</report>
			<report>
				<misses>423100001</misses>
				<total>0</total>
				<timestamp>2666.032989</timestamp>
			</report>
			<report>
				<misses>423200001</misses>
				<total>0</total>
				<timestamp>2666.660146</timestamp>
			</report>
			<report>
				<misses>423300001</misses>
				<total>0</total>
				<timestamp>2667.284486</timestamp>
			</report>
			<report>
				<misses>423400001</misses>
				<total>0</total>
				<timestamp>2667.908119</timestamp>
			</report>
			<report>
				<misses>423500001</misses>
				<total>0</total>
				<timestamp>2668.531541</timestamp>
			</report>
			<report>
				<misses>423600001</misses>
				<total>0</total>
				<timestamp>2669.154454</timestamp>
			</report>
			<report>
				<misses>423700001</misses>
				<total>0</total>
				<timestamp>2669.780189</timestamp>
			</report>
			<report>
				<misses>423800001</misses>
				<total>0</total>
				<timestamp>2670.405509</timestamp>
			</report>
			<report>
				<misses>423900001</misses>
				<total>0</total>
				<timestamp>2671.030207</timestamp>
			</report>
			<report>
				<misses>424000001</misses>
				<total>0</total>
				<timestamp>2671.654022</timestamp>
			</report>
			<report>
				<misses>424100001</misses>
				<total>0</total>
				<timestamp>2672.287250</timestamp>
			</report>
			<report>
				<misses>424200001</misses>
				<total>0</total>
				<timestamp>2672.912329</timestamp>
			</report>
			<report>
				<misses>424300001</misses>
				<total>0</total>
				<timestamp>2673.544189</timestamp>
			</report>
			<report>
				<misses>424400001</misses>
				<total>0</total>
				<timestamp>2674.181073</timestamp>
			</report>
			<report>
				<misses>424500001</misses>
				<total>0</total>
				<timestamp>2674.816699</timestamp>
			</report>
			<report>
				<misses>424600001</misses>
				<total>0</total>
				<timestamp>2675.453170</timestamp>
			</report>
			<report>
				<misses>424700001</misses>
				<total>0</total>
				<timestamp>2676.089067</timestamp>
			</report>
			<report>
				<misses>424800001</misses>
				<total>0</total>
				<timestamp>2676.722949</timestamp>
			</report>
			<report>
				<misses>424900001</misses>
				<total>0</total>
				<timestamp>2677.352665</timestamp>
			</report>
			<report>
				<misses>425000001</misses>
				<total>0</total>
				<timestamp>2677.987205</timestamp>
			</report>
			<report>
				<misses>425100001</misses>
				<total>0</total>
				<timestamp>2678.615617</timestamp>
			</report>
			<report>
				<misses>425200001</misses>
				<total>0</total>
				<timestamp>2679.244289</timestamp>
			</report>
			<report>
				<misses>425300001</misses>
				<total>0</total>
				<timestamp>2679.875120</timestamp>
			</report>
			<report>
				<misses>425400001</misses>
				<total>0</total>
				<timestamp>2680.502730</timestamp>
			</report>
			<report>
				<misses>425500001</misses>
				<total>0</total>
				<timestamp>2681.139330</timestamp>
			</report>
			<report>
				<misses>425600001</misses>
				<total>0</total>
				<timestamp>2681.768824</timestamp>
			</report>
			<report>
				<misses>425700001</misses>
				<total>0</total>
				<timestamp>2682.404327</timestamp>
			</report>
			<report>
				<misses>425800001</misses>
				<total>0</total>
				<timestamp>2683.039792</timestamp>
			</report>
			<report>
				<misses>425900001</misses>
				<total>0</total>
				<timestamp>2683.674970</timestamp>
			</report>
			<report>
				<misses>426000001</misses>
				<total>0</total>
				<timestamp>2684.311192</timestamp>
			</report>
			<report>
				<misses>426100001</misses>
				<total>0</total>
				<timestamp>2684.947369</timestamp>
			</report>
			<report>
				<misses>426200001</misses>
				<total>0</total>
				<timestamp>2685.575221</timestamp>
			</report>
			<report>
				<misses>426300001</misses>
				<total>0</total>
				<timestamp>2686.204886</timestamp>
			</report>
			<report>
				<misses>426400001</misses>
				<total>0</total>
				<timestamp>2686.831346</timestamp>
			</report>
			<report>
				<misses>426500001</misses>
				<total>0</total>
				<timestamp>2687.457322</timestamp>
			</report>
			<report>
				<misses>426600001</misses>
				<total>0</total>
				<timestamp>2688.083387</timestamp>
			</report>
			<report>
				<misses>426700001</misses>
				<total>0</total>
				<timestamp>2688.710117</timestamp>
			</report>
			<report>
				<misses>426800001</misses>
				<total>0</total>
				<timestamp>2689.336191</timestamp>
			</report>
			<report>
				<misses>426900001</misses>
				<total>0</total>
				<timestamp>2689.974270</timestamp>
			</report>
			<report>
				<misses>427000001</misses>
				<total>0</total>
				<timestamp>2690.612074</timestamp>
			</report>
			<report>
				<misses>427100001</misses>
				<total>0</total>
				<timestamp>2691.298445</timestamp>
			</report>
			<report>
				<misses>427200001</misses>
				<total>0</total>
				<timestamp>2692.008102</timestamp>
			</report>
			<report>
				<misses>427300001</misses>
				<total>0</total>
				<timestamp>2692.715340</timestamp>
			</report>
			<report>
				<misses>427400001</misses>
				<total>0</total>
				<timestamp>2693.452274</timestamp>
			</report>
			<report>
				<misses>427500001</misses>
				<total>0</total>
				<timestamp>2694.196370</timestamp>
			</report>
			<report>
				<misses>427600001</misses>
				<total>0</total>
				<timestamp>2694.823368</timestamp>
			</report>
			<report>
				<misses>427700001</misses>
				<total>0</total>
				<timestamp>2695.449132</timestamp>
			</report>
			<report>
				<misses>427800001</misses>
				<total>0</total>
				<timestamp>2696.075905</timestamp>
			</report>
			<report>
				<misses>427900001</misses>
				<total>0</total>
				<timestamp>2696.710598</timestamp>
			</report>
			<report>
				<misses>428000001</misses>
				<total>0</total>
				<timestamp>2697.344756</timestamp>
			</report>
			<report>
				<misses>428100001</misses>
				<total>0</total>
				<timestamp>2697.981332</timestamp>
			</report>
			<report>
				<misses>428200001</misses>
				<total>0</total>
				<timestamp>2698.620870</timestamp>
			</report>
			<report>
				<misses>428300001</misses>
				<total>0</total>
				<timestamp>2699.260780</timestamp>
			</report>
			<report>
				<misses>428400001</misses>
				<total>0</total>
				<timestamp>2699.895242</timestamp>
			</report>
			<report>
				<misses>428500001</misses>
				<total>0</total>
				<timestamp>2700.528197</timestamp>
			</report>
			<report>
				<misses>428600001</misses>
				<total>0</total>
				<timestamp>2701.163534</timestamp>
			</report>
			<report>
				<misses>428700001</misses>
				<total>0</total>
				<timestamp>2701.793102</timestamp>
			</report>
			<report>
				<misses>428800001</misses>
				<total>0</total>
				<timestamp>2702.428436</timestamp>
			</report>
			<report>
				<misses>428900001</misses>
				<total>0</total>
				<timestamp>2703.057589</timestamp>
			</report>
			<report>
				<misses>429000001</misses>
				<total>0</total>
				<timestamp>2703.688135</timestamp>
			</report>
			<report>
				<misses>429100001</misses>
				<total>0</total>
				<timestamp>2704.316210</timestamp>
			</report>
			<report>
				<misses>429200001</misses>
				<total>0</total>
				<timestamp>2704.948709</timestamp>
			</report>
			<report>
				<misses>429300001</misses>
				<total>0</total>
				<timestamp>2705.580457</timestamp>
			</report>
			<report>
				<misses>429400001</misses>
				<total>0</total>
				<timestamp>2706.213469</timestamp>
			</report>
			<report>
				<misses>429500001</misses>
				<total>0</total>
				<timestamp>2706.868859</timestamp>
			</report>
			<report>
				<misses>429600001</misses>
				<total>0</total>
				<timestamp>2707.501171</timestamp>
			</report>
			<report>
				<misses>429700001</misses>
				<total>0</total>
				<timestamp>2708.131824</timestamp>
			</report>
			<report>
				<misses>429800001</misses>
				<total>0</total>
				<timestamp>2708.763187</timestamp>
			</report>
			<report>
				<misses>429900001</misses>
				<total>0</total>
				<timestamp>2709.395227</timestamp>
			</report>
			<report>
				<misses>430000001</misses>
				<total>0</total>
				<timestamp>2710.023024</timestamp>
			</report>
			<report>
				<misses>430100001</misses>
				<total>0</total>
				<timestamp>2710.647799</timestamp>
			</report>
			<report>
				<misses>430200001</misses>
				<total>0</total>
				<timestamp>2711.278516</timestamp>
			</report>
			<report>
				<misses>430300001</misses>
				<total>0</total>
				<timestamp>2711.906366</timestamp>
			</report>
			<report>
				<misses>430400001</misses>
				<total>0</total>
				<timestamp>2712.534138</timestamp>
			</report>
			<report>
				<misses>430500001</misses>
				<total>0</total>
				<timestamp>2713.163232</timestamp>
			</report>
			<report>
				<misses>430600001</misses>
				<total>0</total>
				<timestamp>2713.795449</timestamp>
			</report>
			<report>
				<misses>430700001</misses>
				<total>0</total>
				<timestamp>2714.424429</timestamp>
			</report>
			<report>
				<misses>430800001</misses>
				<total>0</total>
				<timestamp>2715.054587</timestamp>
			</report>
			<report>
				<misses>430900001</misses>
				<total>0</total>
				<timestamp>2715.685266</timestamp>
			</report>
			<report>
				<misses>431000001</misses>
				<total>0</total>
				<timestamp>2716.325098</timestamp>
			</report>
			<report>
				<misses>431100001</misses>
				<total>0</total>
				<timestamp>2716.982729</timestamp>
			</report>
			<report>
				<misses>431200001</misses>
				<total>0</total>
				<timestamp>2717.676173</timestamp>
			</report>
			<report>
				<misses>431300001</misses>
				<total>0</total>
				<timestamp>2718.383653</timestamp>
			</report>
			<report>
				<misses>431400001</misses>
				<total>0</total>
				<timestamp>2719.071935</timestamp>
			</report>
			<report>
				<misses>431500001</misses>
				<total>0</total>
				<timestamp>2719.783785</timestamp>
			</report>
			<report>
				<misses>431600001</misses>
				<total>0</total>
				<timestamp>2720.494479</timestamp>
			</report>
			<report>
				<misses>431700001</misses>
				<total>0</total>
				<timestamp>2721.177624</timestamp>
			</report>
			<report>
				<misses>431800001</misses>
				<total>0</total>
				<timestamp>2721.884537</timestamp>
			</report>
			<report>
				<misses>431900001</misses>
				<total>0</total>
				<timestamp>2722.530931</timestamp>
			</report>
			<report>
				<misses>432000001</misses>
				<total>0</total>
				<timestamp>2723.168034</timestamp>
			</report>
			<report>
				<misses>432100001</misses>
				<total>0</total>
				<timestamp>2723.803800</timestamp>
			</report>
			<report>
				<misses>432200001</misses>
				<total>0</total>
				<timestamp>2724.441010</timestamp>
			</report>
			<report>
				<misses>432300001</misses>
				<total>0</total>
				<timestamp>2725.089016</timestamp>
			</report>
			<report>
				<misses>432400001</misses>
				<total>0</total>
				<timestamp>2725.741831</timestamp>
			</report>
			<report>
				<misses>432500001</misses>
				<total>0</total>
				<timestamp>2726.387968</timestamp>
			</report>
			<report>
				<misses>432600001</misses>
				<total>0</total>
				<timestamp>2727.024911</timestamp>
			</report>
			<report>
				<misses>432700001</misses>
				<total>0</total>
				<timestamp>2727.660487</timestamp>
			</report>
			<report>
				<misses>432800001</misses>
				<total>0</total>
				<timestamp>2728.313460</timestamp>
			</report>
			<report>
				<misses>432900001</misses>
				<total>0</total>
				<timestamp>2728.967873</timestamp>
			</report>
			<report>
				<misses>433000001</misses>
				<total>0</total>
				<timestamp>2729.624303</timestamp>
			</report>
			<report>
				<misses>433100001</misses>
				<total>0</total>
				<timestamp>2730.274323</timestamp>
			</report>
			<report>
				<misses>433200001</misses>
				<total>0</total>
				<timestamp>2730.918832</timestamp>
			</report>
			<report>
				<misses>433300001</misses>
				<total>0</total>
				<timestamp>2731.550039</timestamp>
			</report>
			<report>
				<misses>433400001</misses>
				<total>0</total>
				<timestamp>2732.192573</timestamp>
			</report>
			<report>
				<misses>433500001</misses>
				<total>0</total>
				<timestamp>2732.835615</timestamp>
			</report>
			<report>
				<misses>433600001</misses>
				<total>0</total>
				<timestamp>2733.490331</timestamp>
			</report>
			<report>
				<misses>433700001</misses>
				<total>0</total>
				<timestamp>2734.127115</timestamp>
			</report>
			<report>
				<misses>433800001</misses>
				<total>0</total>
				<timestamp>2734.777415</timestamp>
			</report>
			<report>
				<misses>433900001</misses>
				<total>0</total>
				<timestamp>2735.431348</timestamp>
			</report>
			<report>
				<misses>434000001</misses>
				<total>0</total>
				<timestamp>2736.070294</timestamp>
			</report>
			<report>
				<misses>434100001</misses>
				<total>0</total>
				<timestamp>2736.718222</timestamp>
			</report>
			<report>
				<misses>434200001</misses>
				<total>0</total>
				<timestamp>2737.365244</timestamp>
			</report>
			<report>
				<misses>434300001</misses>
				<total>0</total>
				<timestamp>2738.001126</timestamp>
			</report>
			<report>
				<misses>434400001</misses>
				<total>0</total>
				<timestamp>2738.664229</timestamp>
			</report>
			<report>
				<misses>434500001</misses>
				<total>0</total>
				<timestamp>2739.309856</timestamp>
			</report>
			<report>
				<misses>434600001</misses>
				<total>0</total>
				<timestamp>2739.942991</timestamp>
			</report>
			<report>
				<misses>434700001</misses>
				<total>0</total>
				<timestamp>2740.589162</timestamp>
			</report>
			<report>
				<misses>434800001</misses>
				<total>0</total>
				<timestamp>2741.260036</timestamp>
			</report>
			<report>
				<misses>434900001</misses>
				<total>0</total>
				<timestamp>2741.911412</timestamp>
			</report>
			<report>
				<misses>435000001</misses>
				<total>0</total>
				<timestamp>2742.559130</timestamp>
			</report>
			<report>
				<misses>435100001</misses>
				<total>0</total>
				<timestamp>2743.215614</timestamp>
			</report>
			<report>
				<misses>435200001</misses>
				<total>0</total>
				<timestamp>2743.871028</timestamp>
			</report>
			<report>
				<misses>435300001</misses>
				<total>0</total>
				<timestamp>2744.530582</timestamp>
			</report>
			<report>
				<misses>435400001</misses>
				<total>0</total>
				<timestamp>2745.199537</timestamp>
			</report>
			<report>
				<misses>435500001</misses>
				<total>0</total>
				<timestamp>2745.915483</timestamp>
			</report>
			<report>
				<misses>435600001</misses>
				<total>0</total>
				<timestamp>2746.619891</timestamp>
			</report>
			<report>
				<misses>435700001</misses>
				<total>0</total>
				<timestamp>2747.324814</timestamp>
			</report>
			<report>
				<misses>435800001</misses>
				<total>0</total>
				<timestamp>2747.962065</timestamp>
			</report>
			<report>
				<misses>435900001</misses>
				<total>0</total>
				<timestamp>2748.594949</timestamp>
			</report>
			<report>
				<misses>436000001</misses>
				<total>0</total>
				<timestamp>2749.224447</timestamp>
			</report>
			<report>
				<misses>436100001</misses>
				<total>0</total>
				<timestamp>2749.851627</timestamp>
			</report>
			<report>
				<misses>436200001</misses>
				<total>0</total>
				<timestamp>2750.488217</timestamp>
			</report>
			<report>
				<misses>436300001</misses>
				<total>0</total>
				<timestamp>2751.115653</timestamp>
			</report>
			<report>
				<misses>436400001</misses>
				<total>0</total>
				<timestamp>2751.742647</timestamp>
			</report>
			<report>
				<misses>436500001</misses>
				<total>0</total>
				<timestamp>2752.371997</timestamp>
			</report>
			<report>
				<misses>436600001</misses>
				<total>0</total>
				<timestamp>2753.015450</timestamp>
			</report>
			<report>
				<misses>436700001</misses>
				<total>0</total>
				<timestamp>2753.645402</timestamp>
			</report>
			<report>
				<misses>436800001</misses>
				<total>0</total>
				<timestamp>2754.286308</timestamp>
			</report>
			<report>
				<misses>436900001</misses>
				<total>0</total>
				<timestamp>2754.922221</timestamp>
			</report>
			<report>
				<misses>437000001</misses>
				<total>0</total>
				<timestamp>2755.554660</timestamp>
			</report>
			<report>
				<misses>437100001</misses>
				<total>0</total>
				<timestamp>2756.196256</timestamp>
			</report>
			<report>
				<misses>437200001</misses>
				<total>0</total>
				<timestamp>2756.822813</timestamp>
			</report>
			<report>
				<misses>437300001</misses>
				<total>0</total>
				<timestamp>2757.459919</timestamp>
			</report>
			<report>
				<misses>437400001</misses>
				<total>0</total>
				<timestamp>2758.105274</timestamp>
			</report>
			<report>
				<misses>437500001</misses>
				<total>0</total>
				<timestamp>2758.734133</timestamp>
			</report>
			<report>
				<misses>437600001</misses>
				<total>0</total>
				<timestamp>2759.362177</timestamp>
			</report>
			<report>
				<misses>437700001</misses>
				<total>0</total>
				<timestamp>2759.990674</timestamp>
			</report>
			<report>
				<misses>437800001</misses>
				<total>0</total>
				<timestamp>2760.621546</timestamp>
			</report>
			<report>
				<misses>437900001</misses>
				<total>0</total>
				<timestamp>2761.259239</timestamp>
			</report>
			<report>
				<misses>438000001</misses>
				<total>0</total>
				<timestamp>2761.894324</timestamp>
			</report>
			<report>
				<misses>438100001</misses>
				<total>0</total>
				<timestamp>2762.527255</timestamp>
			</report>
			<report>
				<misses>438200001</misses>
				<total>0</total>
				<timestamp>2763.165301</timestamp>
			</report>
			<report>
				<misses>438300001</misses>
				<total>0</total>
				<timestamp>2763.799756</timestamp>
			</report>
			<report>
				<misses>438400001</misses>
				<total>0</total>
				<timestamp>2764.435630</timestamp>
			</report>
			<report>
				<misses>438500001</misses>
				<total>0</total>
				<timestamp>2765.065498</timestamp>
			</report>
			<report>
				<misses>438600001</misses>
				<total>0</total>
				<timestamp>2765.696666</timestamp>
			</report>
			<report>
				<misses>438700001</misses>
				<total>0</total>
				<timestamp>2766.336157</timestamp>
			</report>
			<report>
				<misses>438800001</misses>
				<total>0</total>
				<timestamp>2766.971536</timestamp>
			</report>
			<report>
				<misses>438900001</misses>
				<total>0</total>
				<timestamp>2767.598464</timestamp>
			</report>
			<report>
				<misses>439000001</misses>
				<total>0</total>
				<timestamp>2768.224994</timestamp>
			</report>
			<report>
				<misses>439100001</misses>
				<total>0</total>
				<timestamp>2768.850941</timestamp>
			</report>
			<report>
				<misses>439200001</misses>
				<total>0</total>
				<timestamp>2769.477301</timestamp>
			</report>
			<report>
				<misses>439300001</misses>
				<total>0</total>
				<timestamp>2770.107516</timestamp>
			</report>
			<report>
				<misses>439400001</misses>
				<total>0</total>
				<timestamp>2770.750498</timestamp>
			</report>
			<report>
				<misses>439500001</misses>
				<total>0</total>
				<timestamp>2771.398254</timestamp>
			</report>
			<report>
				<misses>439600001</misses>
				<total>0</total>
				<timestamp>2772.088399</timestamp>
			</report>
			<report>
				<misses>439700001</misses>
				<total>0</total>
				<timestamp>2772.740230</timestamp>
			</report>
			<report>
				<misses>439800001</misses>
				<total>0</total>
				<timestamp>2773.371852</timestamp>
			</report>
			<report>
				<misses>439900001</misses>
				<total>0</total>
				<timestamp>2773.997183</timestamp>
			</report>
			<report>
				<misses>440000001</misses>
				<total>0</total>
				<timestamp>2774.628155</timestamp>
			</report>
			<report>
				<misses>440100001</misses>
				<total>0</total>
				<timestamp>2775.258693</timestamp>
			</report>
			<report>
				<misses>440200001</misses>
				<total>0</total>
				<timestamp>2775.891804</timestamp>
			</report>
			<report>
				<misses>440300001</misses>
				<total>0</total>
				<timestamp>2776.527842</timestamp>
			</report>
			<report>
				<misses>440400001</misses>
				<total>0</total>
				<timestamp>2777.158772</timestamp>
			</report>
			<report>
				<misses>440500001</misses>
				<total>0</total>
				<timestamp>2777.804367</timestamp>
			</report>
			<report>
				<misses>440600001</misses>
				<total>0</total>
				<timestamp>2778.444927</timestamp>
			</report>
			<report>
				<misses>440700001</misses>
				<total>0</total>
				<timestamp>2779.078421</timestamp>
			</report>
			<report>
				<misses>440800001</misses>
				<total>0</total>
				<timestamp>2779.706889</timestamp>
			</report>
			<report>
				<misses>440900001</misses>
				<total>0</total>
				<timestamp>2780.335785</timestamp>
			</report>
			<report>
				<misses>441000001</misses>
				<total>0</total>
				<timestamp>2780.987390</timestamp>
			</report>
			<report>
				<misses>441100001</misses>
				<total>0</total>
				<timestamp>2781.617189</timestamp>
			</report>
			<report>
				<misses>441200001</misses>
				<total>0</total>
				<timestamp>2782.256657</timestamp>
			</report>
			<report>
				<misses>441300001</misses>
				<total>0</total>
				<timestamp>2782.895158</timestamp>
			</report>
			<report>
				<misses>441400001</misses>
				<total>0</total>
				<timestamp>2783.536136</timestamp>
			</report>
			<report>
				<misses>441500001</misses>
				<total>0</total>
				<timestamp>2784.178091</timestamp>
			</report>
			<report>
				<misses>441600001</misses>
				<total>0</total>
				<timestamp>2784.809959</timestamp>
			</report>
			<report>
				<misses>441700001</misses>
				<total>0</total>
				<timestamp>2785.441040</timestamp>
			</report>
			<report>
				<misses>441800001</misses>
				<total>0</total>
				<timestamp>2786.073097</timestamp>
			</report>
			<report>
				<misses>441900001</misses>
				<total>0</total>
				<timestamp>2786.706468</timestamp>
			</report>
			<report>
				<misses>442000001</misses>
				<total>0</total>
				<timestamp>2787.378247</timestamp>
			</report>
			<report>
				<misses>442100001</misses>
				<total>0</total>
				<timestamp>2788.063403</timestamp>
			</report>
			<report>
				<misses>442200001</misses>
				<total>0</total>
				<timestamp>2788.702225</timestamp>
			</report>
			<report>
				<misses>442300001</misses>
				<total>0</total>
				<timestamp>2789.339926</timestamp>
			</report>
			<report>
				<misses>442400001</misses>
				<total>0</total>
				<timestamp>2789.982171</timestamp>
			</report>
			<report>
				<misses>442500001</misses>
				<total>0</total>
				<timestamp>2790.624904</timestamp>
			</report>
			<report>
				<misses>442600001</misses>
				<total>0</total>
				<timestamp>2791.264292</timestamp>
			</report>
			<report>
				<misses>442700001</misses>
				<total>0</total>
				<timestamp>2791.908591</timestamp>
			</report>
			<report>
				<misses>442800001</misses>
				<total>0</total>
				<timestamp>2792.587566</timestamp>
			</report>
			<report>
				<misses>442900001</misses>
				<total>0</total>
				<timestamp>2793.309228</timestamp>
			</report>
			<report>
				<misses>443000001</misses>
				<total>0</total>
				<timestamp>2794.021186</timestamp>
			</report>
			<report>
				<misses>443100001</misses>
				<total>0</total>
				<timestamp>2794.715446</timestamp>
			</report>
			<report>
				<misses>443200001</misses>
				<total>0</total>
				<timestamp>2795.384411</timestamp>
			</report>
			<report>
				<misses>443300001</misses>
				<total>0</total>
				<timestamp>2796.030773</timestamp>
			</report>
			<report>
				<misses>443400001</misses>
				<total>0</total>
				<timestamp>2796.703935</timestamp>
			</report>
			<report>
				<misses>443500001</misses>
				<total>0</total>
				<timestamp>2797.349305</timestamp>
			</report>
			<report>
				<misses>443600001</misses>
				<total>0</total>
				<timestamp>2798.009274</timestamp>
			</report>
			<report>
				<misses>443700001</misses>
				<total>0</total>
				<timestamp>2798.664067</timestamp>
			</report>
			<report>
				<misses>443800001</misses>
				<total>0</total>
				<timestamp>2799.310464</timestamp>
			</report>
			<report>
				<misses>443900001</misses>
				<total>0</total>
				<timestamp>2799.945855</timestamp>
			</report>
			<report>
				<misses>444000001</misses>
				<total>0</total>
				<timestamp>2800.583077</timestamp>
			</report>
			<report>
				<misses>444100001</misses>
				<total>0</total>
				<timestamp>2801.215993</timestamp>
			</report>
			<report>
				<misses>444200001</misses>
				<total>0</total>
				<timestamp>2801.849125</timestamp>
			</report>
			<report>
				<misses>444300001</misses>
				<total>0</total>
				<timestamp>2802.480959</timestamp>
			</report>
			<report>
				<misses>444400001</misses>
				<total>0</total>
				<timestamp>2803.121055</timestamp>
			</report>
			<report>
				<misses>444500001</misses>
				<total>0</total>
				<timestamp>2803.811318</timestamp>
			</report>
			<report>
				<misses>444600001</misses>
				<total>0</total>
				<timestamp>2804.447237</timestamp>
			</report>
			<report>
				<misses>444700001</misses>
				<total>0</total>
				<timestamp>2805.143447</timestamp>
			</report>
			<report>
				<misses>444800001</misses>
				<total>0</total>
				<timestamp>2805.790918</timestamp>
			</report>
			<report>
				<misses>444900001</misses>
				<total>0</total>
				<timestamp>2806.425982</timestamp>
			</report>
			<report>
				<misses>445000001</misses>
				<total>0</total>
				<timestamp>2807.065806</timestamp>
			</report>
			<report>
				<misses>445100001</misses>
				<total>0</total>
				<timestamp>2807.708175</timestamp>
			</report>
			<report>
				<misses>445200001</misses>
				<total>0</total>
				<timestamp>2808.347024</timestamp>
			</report>
			<report>
				<misses>445300001</misses>
				<total>0</total>
				<timestamp>2808.996714</timestamp>
			</report>
			<report>
				<misses>445400001</misses>
				<total>0</total>
				<timestamp>2809.643454</timestamp>
			</report>
			<report>
				<misses>445500001</misses>
				<total>0</total>
				<timestamp>2810.285565</timestamp>
			</report>
			<report>
				<misses>445600001</misses>
				<total>0</total>
				<timestamp>2810.944130</timestamp>
			</report>
			<report>
				<misses>445700001</misses>
				<total>0</total>
				<timestamp>2811.585075</timestamp>
			</report>
			<report>
				<misses>445800001</misses>
				<total>0</total>
				<timestamp>2812.224855</timestamp>
			</report>
			<report>
				<misses>445900001</misses>
				<total>0</total>
				<timestamp>2812.869748</timestamp>
			</report>
			<report>
				<misses>446000001</misses>
				<total>0</total>
				<timestamp>2813.538055</timestamp>
			</report>
			<report>
				<misses>446100001</misses>
				<total>0</total>
				<timestamp>2814.279336</timestamp>
			</report>
			<report>
				<misses>446200001</misses>
				<total>0</total>
				<timestamp>2814.920534</timestamp>
			</report>
			<report>
				<misses>446300001</misses>
				<total>0</total>
				<timestamp>2815.557449</timestamp>
			</report>
			<report>
				<misses>446400001</misses>
				<total>0</total>
				<timestamp>2816.194192</timestamp>
			</report>
			<report>
				<misses>446500001</misses>
				<total>0</total>
				<timestamp>2816.828122</timestamp>
			</report>
			<report>
				<misses>446600001</misses>
				<total>0</total>
				<timestamp>2817.462196</timestamp>
			</report>
			<report>
				<misses>446700001</misses>
				<total>0</total>
				<timestamp>2818.097596</timestamp>
			</report>
			<report>
				<misses>446800001</misses>
				<total>0</total>
				<timestamp>2818.773596</timestamp>
			</report>
			<report>
				<misses>446900001</misses>
				<total>0</total>
				<timestamp>2819.450392</timestamp>
			</report>
			<report>
				<misses>447000001</misses>
				<total>0</total>
				<timestamp>2820.151962</timestamp>
			</report>
			<report>
				<misses>447100001</misses>
				<total>0</total>
				<timestamp>2820.816796</timestamp>
			</report>
			<report>
				<misses>447200001</misses>
				<total>0</total>
				<timestamp>2821.453179</timestamp>
			</report>
			<report>
				<misses>447300001</misses>
				<total>0</total>
				<timestamp>2822.093256</timestamp>
			</report>
			<report>
				<misses>447400001</misses>
				<total>0</total>
				<timestamp>2822.761383</timestamp>
			</report>
			<report>
				<misses>447500001</misses>
				<total>0</total>
				<timestamp>2823.454170</timestamp>
			</report>
			<report>
				<misses>447600001</misses>
				<total>0</total>
				<timestamp>2824.089141</timestamp>
			</report>
			<report>
				<misses>447700001</misses>
				<total>0</total>
				<timestamp>2824.742121</timestamp>
			</report>
			<report>
				<misses>447800001</misses>
				<total>0</total>
				<timestamp>2825.382860</timestamp>
			</report>
			<report>
				<misses>447900001</misses>
				<total>0</total>
				<timestamp>2826.032578</timestamp>
			</report>
			<report>
				<misses>448000001</misses>
				<total>0</total>
				<timestamp>2826.732710</timestamp>
			</report>
			<report>
				<misses>448100001</misses>
				<total>0</total>
				<timestamp>2827.389145</timestamp>
			</report>
			<report>
				<misses>448200001</misses>
				<total>0</total>
				<timestamp>2828.047771</timestamp>
			</report>
			<report>
				<misses>448300001</misses>
				<total>0</total>
				<timestamp>2828.757192</timestamp>
			</report>
			<report>
				<misses>448400001</misses>
				<total>0</total>
				<timestamp>2829.451051</timestamp>
			</report>
			<report>
				<misses>448500001</misses>
				<total>0</total>
				<timestamp>2830.096549</timestamp>
			</report>
			<report>
				<misses>448600001</misses>
				<total>0</total>
				<timestamp>2830.777073</timestamp>
			</report>
			<report>
				<misses>448700001</misses>
				<total>0</total>
				<timestamp>2831.431261</timestamp>
			</report>
			<report>
				<misses>448800001</misses>
				<total>0</total>
				<timestamp>2832.068644</timestamp>
			</report>
			<report>
				<misses>448900001</misses>
				<total>0</total>
				<timestamp>2832.706818</timestamp>
			</report>
			<report>
				<misses>449000001</misses>
				<total>0</total>
				<timestamp>2833.343211</timestamp>
			</report>
			<report>
				<misses>449100001</misses>
				<total>0</total>
				<timestamp>2833.986924</timestamp>
			</report>
			<report>
				<misses>449200001</misses>
				<total>0</total>
				<timestamp>2834.652191</timestamp>
			</report>
			<report>
				<misses>449300001</misses>
				<total>0</total>
				<timestamp>2835.327905</timestamp>
			</report>
			<report>
				<misses>449400001</misses>
				<total>0</total>
				<timestamp>2835.978321</timestamp>
			</report>
			<report>
				<misses>449500001</misses>
				<total>0</total>
				<timestamp>2836.630886</timestamp>
			</report>
			<report>
				<misses>449600001</misses>
				<total>0</total>
				<timestamp>2837.323653</timestamp>
			</report>
			<report>
				<misses>449700001</misses>
				<total>0</total>
				<timestamp>2838.001815</timestamp>
			</report>
			<report>
				<misses>449800001</misses>
				<total>0</total>
				<timestamp>2838.706061</timestamp>
			</report>
			<report>
				<misses>449900001</misses>
				<total>0</total>
				<timestamp>2839.407084</timestamp>
			</report>
			<report>
				<misses>450000001</misses>
				<total>0</total>
				<timestamp>2840.060728</timestamp>
			</report>
			<report>
				<misses>450100001</misses>
				<total>0</total>
				<timestamp>2840.697404</timestamp>
			</report>
			<report>
				<misses>450200001</misses>
				<total>0</total>
				<timestamp>2841.334047</timestamp>
			</report>
			<report>
				<misses>450300001</misses>
				<total>0</total>
				<timestamp>2841.995672</timestamp>
			</report>
			<report>
				<misses>450400001</misses>
				<total>0</total>
				<timestamp>2842.628836</timestamp>
			</report>
			<report>
				<misses>450500001</misses>
				<total>0</total>
				<timestamp>2843.268486</timestamp>
			</report>
			<report>
				<misses>450600001</misses>
				<total>0</total>
				<timestamp>2843.917481</timestamp>
			</report>
			<report>
				<misses>450700001</misses>
				<total>0</total>
				<timestamp>2844.562252</timestamp>
			</report>
			<report>
				<misses>450800001</misses>
				<total>0</total>
				<timestamp>2845.204461</timestamp>
			</report>
			<report>
				<misses>450900001</misses>
				<total>0</total>
				<timestamp>2845.852651</timestamp>
			</report>
			<report>
				<misses>451000001</misses>
				<total>0</total>
				<timestamp>2846.492643</timestamp>
			</report>
			<report>
				<misses>451100001</misses>
				<total>0</total>
				<timestamp>2847.164498</timestamp>
			</report>
			<report>
				<misses>451200001</misses>
				<total>0</total>
				<timestamp>2847.868752</timestamp>
			</report>
			<report>
				<misses>451300001</misses>
				<total>0</total>
				<timestamp>2848.582427</timestamp>
			</report>
			<report>
				<misses>451400001</misses>
				<total>0</total>
				<timestamp>2849.282867</timestamp>
			</report>
			<report>
				<misses>451500001</misses>
				<total>0</total>
				<timestamp>2849.991844</timestamp>
			</report>
			<report>
				<misses>451600001</misses>
				<total>0</total>
				<timestamp>2850.652073</timestamp>
			</report>
			<report>
				<misses>451700001</misses>
				<total>0</total>
				<timestamp>2851.294612</timestamp>
			</report>
			<report>
				<misses>451800001</misses>
				<total>0</total>
				<timestamp>2851.957013</timestamp>
			</report>
			<report>
				<misses>451900001</misses>
				<total>0</total>
				<timestamp>2852.635270</timestamp>
			</report>
			<report>
				<misses>452000001</misses>
				<total>0</total>
				<timestamp>2853.296096</timestamp>
			</report>
			<report>
				<misses>452100001</misses>
				<total>0</total>
				<timestamp>2853.927387</timestamp>
			</report>
			<report>
				<misses>452200001</misses>
				<total>0</total>
				<timestamp>2854.559319</timestamp>
			</report>
			<report>
				<misses>452300001</misses>
				<total>0</total>
				<timestamp>2855.206057</timestamp>
			</report>
			<report>
				<misses>452400001</misses>
				<total>0</total>
				<timestamp>2855.851906</timestamp>
			</report>
			<report>
				<misses>452500001</misses>
				<total>0</total>
				<timestamp>2856.525181</timestamp>
			</report>
			<report>
				<misses>452600001</misses>
				<total>0</total>
				<timestamp>2857.184011</timestamp>
			</report>
			<report>
				<misses>452700001</misses>
				<total>0</total>
				<timestamp>2857.871741</timestamp>
			</report>
			<report>
				<misses>452800001</misses>
				<total>0</total>
				<timestamp>2858.539621</timestamp>
			</report>
			<report>
				<misses>452900001</misses>
				<total>0</total>
				<timestamp>2859.184422</timestamp>
			</report>
			<report>
				<misses>453000001</misses>
				<total>0</total>
				<timestamp>2859.826941</timestamp>
			</report>
			<report>
				<misses>453100001</misses>
				<total>0</total>
				<timestamp>2860.460055</timestamp>
			</report>
			<report>
				<misses>453200001</misses>
				<total>0</total>
				<timestamp>2861.093121</timestamp>
			</report>
			<report>
				<misses>453300001</misses>
				<total>0</total>
				<timestamp>2861.740345</timestamp>
			</report>
			<report>
				<misses>453400001</misses>
				<total>0</total>
				<timestamp>2862.438519</timestamp>
			</report>
			<report>
				<misses>453500001</misses>
				<total>0</total>
				<timestamp>2863.138557</timestamp>
			</report>
			<report>
				<misses>453600001</misses>
				<total>0</total>
				<timestamp>2863.820361</timestamp>
			</report>
			<report>
				<misses>453700001</misses>
				<total>0</total>
				<timestamp>2864.523066</timestamp>
			</report>
			<report>
				<misses>453800001</misses>
				<total>0</total>
				<timestamp>2865.218601</timestamp>
			</report>
			<report>
				<misses>453900001</misses>
				<total>0</total>
				<timestamp>2865.909473</timestamp>
			</report>
			<report>
				<misses>454000001</misses>
				<total>0</total>
				<timestamp>2866.608947</timestamp>
			</report>
			<report>
				<misses>454100001</misses>
				<total>0</total>
				<timestamp>2867.309128</timestamp>
			</report>
			<report>
				<misses>454200001</misses>
				<total>0</total>
				<timestamp>2868.003330</timestamp>
			</report>
			<report>
				<misses>454300001</misses>
				<total>0</total>
				<timestamp>2868.648254</timestamp>
			</report>
			<report>
				<misses>454400001</misses>
				<total>0</total>
				<timestamp>2869.300155</timestamp>
			</report>
			<report>
				<misses>454500001</misses>
				<total>0</total>
				<timestamp>2869.936975</timestamp>
			</report>
			<report>
				<misses>454600001</misses>
				<total>0</total>
				<timestamp>2870.600234</timestamp>
			</report>
			<report>
				<misses>454700001</misses>
				<total>0</total>
				<timestamp>2871.236714</timestamp>
			</report>
			<report>
				<misses>454800001</misses>
				<total>0</total>
				<timestamp>2871.863485</timestamp>
			</report>
			<report>
				<misses>454900001</misses>
				<total>0</total>
				<timestamp>2872.488126</timestamp>
			</report>
			<report>
				<misses>455000001</misses>
				<total>0</total>
				<timestamp>2873.112594</timestamp>
			</report>
			<report>
				<misses>455100001</misses>
				<total>0</total>
				<timestamp>2873.743857</timestamp>
			</report>
			<report>
				<misses>455200001</misses>
				<total>0</total>
				<timestamp>2874.375766</timestamp>
			</report>
			<report>
				<misses>455300001</misses>
				<total>0</total>
				<timestamp>2875.078477</timestamp>
			</report>
			<report>
				<misses>455400001</misses>
				<total>0</total>
				<timestamp>2875.773486</timestamp>
			</report>
			<report>
				<misses>455500001</misses>
				<total>0</total>
				<timestamp>2876.454986</timestamp>
			</report>
			<report>
				<misses>455600001</misses>
				<total>0</total>
				<timestamp>2877.085594</timestamp>
			</report>
			<report>
				<misses>455700001</misses>
				<total>0</total>
				<timestamp>2877.734248</timestamp>
			</report>
			<report>
				<misses>455800001</misses>
				<total>0</total>
				<timestamp>2878.370301</timestamp>
			</report>
			<report>
				<misses>455900001</misses>
				<total>0</total>
				<timestamp>2879.048109</timestamp>
			</report>
			<report>
				<misses>456000001</misses>
				<total>0</total>
				<timestamp>2879.734626</timestamp>
			</report>
			<report>
				<misses>456100001</misses>
				<total>0</total>
				<timestamp>2880.407693</timestamp>
			</report>
			<report>
				<misses>456200001</misses>
				<total>0</total>
				<timestamp>2881.109778</timestamp>
			</report>
			<report>
				<misses>456300001</misses>
				<total>0</total>
				<timestamp>2881.825448</timestamp>
			</report>
			<report>
				<misses>456400001</misses>
				<total>0</total>
				<timestamp>2882.539014</timestamp>
			</report>
			<report>
				<misses>456500001</misses>
				<total>0</total>
				<timestamp>2883.250488</timestamp>
			</report>
			<report>
				<misses>456600001</misses>
				<total>0</total>
				<timestamp>2883.962651</timestamp>
			</report>
			<report>
				<misses>456700001</misses>
				<total>0</total>
				<timestamp>2884.674115</timestamp>
			</report>
			<report>
				<misses>456800001</misses>
				<total>0</total>
				<timestamp>2885.344340</timestamp>
			</report>
			<report>
				<misses>456900001</misses>
				<total>0</total>
				<timestamp>2885.991701</timestamp>
			</report>
			<report>
				<misses>457000001</misses>
				<total>0</total>
				<timestamp>2886.636563</timestamp>
			</report>
			<report>
				<misses>457100001</misses>
				<total>0</total>
				<timestamp>2887.271816</timestamp>
			</report>
			<report>
				<misses>457200001</misses>
				<total>0</total>
				<timestamp>2887.914434</timestamp>
			</report>
			<report>
				<misses>457300001</misses>
				<total>0</total>
				<timestamp>2888.665288</timestamp>
			</report>
			<report>
				<misses>457400001</misses>
				<total>0</total>
				<timestamp>2889.432415</timestamp>
			</report>
			<report>
				<misses>457500001</misses>
				<total>0</total>
				<timestamp>2890.070713</timestamp>
			</report>
			<report>
				<misses>457600001</misses>
				<total>0</total>
				<timestamp>2890.704868</timestamp>
			</report>
			<report>
				<misses>457700001</misses>
				<total>0</total>
				<timestamp>2891.327888</timestamp>
			</report>
			<report>
				<misses>457800001</misses>
				<total>0</total>
				<timestamp>2891.950171</timestamp>
			</report>
			<report>
				<misses>457900001</misses>
				<total>0</total>
				<timestamp>2892.572430</timestamp>
			</report>
			<report>
				<misses>458000001</misses>
				<total>0</total>
				<timestamp>2893.195310</timestamp>
			</report>
			<report>
				<misses>458100001</misses>
				<total>0</total>
				<timestamp>2893.818514</timestamp>
			</report>
			<report>
				<misses>458200001</misses>
				<total>0</total>
				<timestamp>2894.440808</timestamp>
			</report>
			<report>
				<misses>458300001</misses>
				<total>0</total>
				<timestamp>2895.065939</timestamp>
			</report>
			<report>
				<misses>458400001</misses>
				<total>0</total>
				<timestamp>2895.690873</timestamp>
			</report>
			<report>
				<misses>458500001</misses>
				<total>0</total>
				<timestamp>2896.315509</timestamp>
			</report>
			<report>
				<misses>458600001</misses>
				<total>0</total>
				<timestamp>2896.941885</timestamp>
			</report>
			<report>
				<misses>458700001</misses>
				<total>0</total>
				<timestamp>2897.568348</timestamp>
			</report>
			<report>
				<misses>458800001</misses>
				<total>0</total>
				<timestamp>2898.199977</timestamp>
			</report>
			<report>
				<misses>458900001</misses>
				<total>0</total>
				<timestamp>2898.825495</timestamp>
			</report>
			<report>
				<misses>459000001</misses>
				<total>0</total>
				<timestamp>2899.451585</timestamp>
			</report>
			<report>
				<misses>459100001</misses>
				<total>0</total>
				<timestamp>2900.077280</timestamp>
			</report>
			<report>
				<misses>459200001</misses>
				<total>0</total>
				<timestamp>2900.705400</timestamp>
			</report>
			<report>
				<misses>459300001</misses>
				<total>0</total>
				<timestamp>2901.333287</timestamp>
			</report>
			<report>
				<misses>459400001</misses>
				<total>0</total>
				<timestamp>2901.960361</timestamp>
			</report>
			<report>
				<misses>459500001</misses>
				<total>0</total>
				<timestamp>2902.587268</timestamp>
			</report>
			<report>
				<misses>459600001</misses>
				<total>0</total>
				<timestamp>2903.212538</timestamp>
			</report>
			<report>
				<misses>459700001</misses>
				<total>0</total>
				<timestamp>2903.839780</timestamp>
			</report>
			<report>
				<misses>459800001</misses>
				<total>0</total>
				<timestamp>2904.464365</timestamp>
			</report>
			<report>
				<misses>459900001</misses>
				<total>0</total>
				<timestamp>2905.089141</timestamp>
			</report>
			<report>
				<misses>460000001</misses>
				<total>0</total>
				<timestamp>2905.713945</timestamp>
			</report>
			<report>
				<misses>460100001</misses>
				<total>0</total>
				<timestamp>2906.339315</timestamp>
			</report>
			<report>
				<misses>460200001</misses>
				<total>0</total>
				<timestamp>2906.964101</timestamp>
			</report>
			<report>
				<misses>460300001</misses>
				<total>0</total>
				<timestamp>2907.588988</timestamp>
			</report>
			<report>
				<misses>460400001</misses>
				<total>0</total>
				<timestamp>2908.221008</timestamp>
			</report>
			<report>
				<misses>460500001</misses>
				<total>0</total>
				<timestamp>2908.845371</timestamp>
			</report>
			<report>
				<misses>460600001</misses>
				<total>0</total>
				<timestamp>2909.470635</timestamp>
			</report>
			<report>
				<misses>460700001</misses>
				<total>0</total>
				<timestamp>2910.096283</timestamp>
			</report>
			<report>
				<misses>460800001</misses>
				<total>0</total>
				<timestamp>2910.720694</timestamp>
			</report>
			<report>
				<misses>460900001</misses>
				<total>0</total>
				<timestamp>2911.345775</timestamp>
			</report>
			<report>
				<misses>461000001</misses>
				<total>0</total>
				<timestamp>2911.970555</timestamp>
			</report>
			<report>
				<misses>461100001</misses>
				<total>0</total>
				<timestamp>2912.594674</timestamp>
			</report>
			<report>
				<misses>461200001</misses>
				<total>0</total>
				<timestamp>2913.219261</timestamp>
			</report>
			<report>
				<misses>461300001</misses>
				<total>0</total>
				<timestamp>2913.845548</timestamp>
			</report>
			<report>
				<misses>461400001</misses>
				<total>0</total>
				<timestamp>2914.472016</timestamp>
			</report>
			<report>
				<misses>461500001</misses>
				<total>0</total>
				<timestamp>2915.110063</timestamp>
			</report>
			<report>
				<misses>461600001</misses>
				<total>0</total>
				<timestamp>2915.746408</timestamp>
			</report>
			<report>
				<misses>461700001</misses>
				<total>0</total>
				<timestamp>2916.387509</timestamp>
			</report>
			<report>
				<misses>461800001</misses>
				<total>0</total>
				<timestamp>2917.027885</timestamp>
			</report>
			<report>
				<misses>461900001</misses>
				<total>0</total>
				<timestamp>2917.663275</timestamp>
			</report>
			<report>
				<misses>462000001</misses>
				<total>0</total>
				<timestamp>2918.297502</timestamp>
			</report>
			<report>
				<misses>462100001</misses>
				<total>0</total>
				<timestamp>2918.928830</timestamp>
			</report>
			<report>
				<misses>462200001</misses>
				<total>0</total>
				<timestamp>2919.559549</timestamp>
			</report>
			<report>
				<misses>462300001</misses>
				<total>0</total>
				<timestamp>2920.190169</timestamp>
			</report>
			<report>
				<misses>462400001</misses>
				<total>0</total>
				<timestamp>2920.825330</timestamp>
			</report>
			<report>
				<misses>462500001</misses>
				<total>0</total>
				<timestamp>2921.456594</timestamp>
			</report>
			<report>
				<misses>462600001</misses>
				<total>0</total>
				<timestamp>2922.087031</timestamp>
			</report>
			<report>
				<misses>462700001</misses>
				<total>0</total>
				<timestamp>2922.717920</timestamp>
			</report>
			<report>
				<misses>462800001</misses>
				<total>0</total>
				<timestamp>2923.348104</timestamp>
			</report>
			<report>
				<misses>462900001</misses>
				<total>0</total>
				<timestamp>2923.979300</timestamp>
			</report>
			<report>
				<misses>463000001</misses>
				<total>0</total>
				<timestamp>2924.610276</timestamp>
			</report>
			<report>
				<misses>463100001</misses>
				<total>0</total>
				<timestamp>2925.245227</timestamp>
			</report>
			<report>
				<misses>463200001</misses>
				<total>0</total>
				<timestamp>2925.875632</timestamp>
			</report>
			<report>
				<misses>463300001</misses>
				<total>0</total>
				<timestamp>2926.506970</timestamp>
			</report>
			<report>
				<misses>463400001</misses>
				<total>0</total>
				<timestamp>2927.137650</timestamp>
			</report>
			<report>
				<misses>463500001</misses>
				<total>0</total>
				<timestamp>2927.769005</timestamp>
			</report>
			<report>
				<misses>463600001</misses>
				<total>0</total>
				<timestamp>2928.400344</timestamp>
			</report>
			<report>
				<misses>463700001</misses>
				<total>0</total>
				<timestamp>2929.031941</timestamp>
			</report>
			<report>
				<misses>463800001</misses>
				<total>0</total>
				<timestamp>2929.662215</timestamp>
			</report>
			<report>
				<misses>463900001</misses>
				<total>0</total>
				<timestamp>2930.293382</timestamp>
			</report>
			<report>
				<misses>464000001</misses>
				<total>0</total>
				<timestamp>2930.926508</timestamp>
			</report>
			<report>
				<misses>464100001</misses>
				<total>0</total>
				<timestamp>2931.573641</timestamp>
			</report>
			<report>
				<misses>464200001</misses>
				<total>0</total>
				<timestamp>2932.198140</timestamp>
			</report>
			<report>
				<misses>464300001</misses>
				<total>0</total>
				<timestamp>2932.823524</timestamp>
			</report>
			<report>
				<misses>464400001</misses>
				<total>0</total>
				<timestamp>2933.449238</timestamp>
			</report>
			<report>
				<misses>464500001</misses>
				<total>0</total>
				<timestamp>2934.075505</timestamp>
			</report>
			<report>
				<misses>464600001</misses>
				<total>0</total>
				<timestamp>2934.701185</timestamp>
			</report>
			<report>
				<misses>464700001</misses>
				<total>0</total>
				<timestamp>2935.328003</timestamp>
			</report>
			<report>
				<misses>464800001</misses>
				<total>0</total>
				<timestamp>2935.952868</timestamp>
			</report>
			<report>
				<misses>464900001</misses>
				<total>0</total>
				<timestamp>2936.579597</timestamp>
			</report>
			<report>
				<misses>465000001</misses>
				<total>0</total>
				<timestamp>2937.204072</timestamp>
			</report>
			<report>
				<misses>465100001</misses>
				<total>0</total>
				<timestamp>2937.833544</timestamp>
			</report>
			<report>
				<misses>465200001</misses>
				<total>0</total>
				<timestamp>2938.459373</timestamp>
			</report>
			<report>
				<misses>465300001</misses>
				<total>0</total>
				<timestamp>2939.085084</timestamp>
			</report>
			<report>
				<misses>465400001</misses>
				<total>0</total>
				<timestamp>2939.711432</timestamp>
			</report>
			<report>
				<misses>465500001</misses>
				<total>0</total>
				<timestamp>2940.338000</timestamp>
			</report>
			<report>
				<misses>465600001</misses>
				<total>0</total>
				<timestamp>2940.964502</timestamp>
			</report>
			<report>
				<misses>465700001</misses>
				<total>0</total>
				<timestamp>2941.591407</timestamp>
			</report>
			<report>
				<misses>465800001</misses>
				<total>0</total>
				<timestamp>2942.216995</timestamp>
			</report>
			<report>
				<misses>465900001</misses>
				<total>0</total>
				<timestamp>2942.846906</timestamp>
			</report>
			<report>
				<misses>466000001</misses>
				<total>0</total>
				<timestamp>2943.472288</timestamp>
			</report>
			<report>
				<misses>466100001</misses>
				<total>0</total>
				<timestamp>2944.100916</timestamp>
			</report>
			<report>
				<misses>466200001</misses>
				<total>0</total>
				<timestamp>2944.726818</timestamp>
			</report>
			<report>
				<misses>466300001</misses>
				<total>0</total>
				<timestamp>2945.351612</timestamp>
			</report>
			<report>
				<misses>466400001</misses>
				<total>0</total>
				<timestamp>2945.977071</timestamp>
			</report>
			<report>
				<misses>466500001</misses>
				<total>0</total>
				<timestamp>2946.602549</timestamp>
			</report>
			<report>
				<misses>466600001</misses>
				<total>0</total>
				<timestamp>2947.233156</timestamp>
			</report>
			<report>
				<misses>466700001</misses>
				<total>0</total>
				<timestamp>2947.856933</timestamp>
			</report>
			<report>
				<misses>466800001</misses>
				<total>0</total>
				<timestamp>2948.482465</timestamp>
			</report>
			<report>
				<misses>466900001</misses>
				<total>0</total>
				<timestamp>2949.108189</timestamp>
			</report>
			<report>
				<misses>467000001</misses>
				<total>0</total>
				<timestamp>2949.737662</timestamp>
			</report>
			<report>
				<misses>467100001</misses>
				<total>0</total>
				<timestamp>2950.375580</timestamp>
			</report>
			<report>
				<misses>467200001</misses>
				<total>0</total>
				<timestamp>2950.999047</timestamp>
			</report>
			<report>
				<misses>467300001</misses>
				<total>0</total>
				<timestamp>2951.623728</timestamp>
			</report>
			<report>
				<misses>467400001</misses>
				<total>0</total>
				<timestamp>2952.268489</timestamp>
			</report>
			<report>
				<misses>467500001</misses>
				<total>0</total>
				<timestamp>2952.896518</timestamp>
			</report>
			<report>
				<misses>467600001</misses>
				<total>0</total>
				<timestamp>2953.522007</timestamp>
			</report>
			<report>
				<misses>467700001</misses>
				<total>0</total>
				<timestamp>2954.147108</timestamp>
			</report>
			<report>
				<misses>467800001</misses>
				<total>0</total>
				<timestamp>2954.773485</timestamp>
			</report>
			<report>
				<misses>467900001</misses>
				<total>0</total>
				<timestamp>2955.398027</timestamp>
			</report>
			<report>
				<misses>468000001</misses>
				<total>0</total>
				<timestamp>2956.022319</timestamp>
			</report>
			<report>
				<misses>468100001</misses>
				<total>0</total>
				<timestamp>2956.651585</timestamp>
			</report>
			<report>
				<misses>468200001</misses>
				<total>0</total>
				<timestamp>2957.292494</timestamp>
			</report>
			<report>
				<misses>468300001</misses>
				<total>0</total>
				<timestamp>2957.924174</timestamp>
			</report>
			<report>
				<misses>468400001</misses>
				<total>0</total>
				<timestamp>2958.553882</timestamp>
			</report>
			<report>
				<misses>468500001</misses>
				<total>0</total>
				<timestamp>2959.182538</timestamp>
			</report>
			<report>
				<misses>468600001</misses>
				<total>0</total>
				<timestamp>2959.810946</timestamp>
			</report>
			<report>
				<misses>468700001</misses>
				<total>0</total>
				<timestamp>2960.440559</timestamp>
			</report>
			<report>
				<misses>468800001</misses>
				<total>0</total>
				<timestamp>2961.069555</timestamp>
			</report>
			<report>
				<misses>468900001</misses>
				<total>0</total>
				<timestamp>2961.700632</timestamp>
			</report>
			<report>
				<misses>469000001</misses>
				<total>0</total>
				<timestamp>2962.331752</timestamp>
			</report>
			<report>
				<misses>469100001</misses>
				<total>0</total>
				<timestamp>2962.964333</timestamp>
			</report>
			<report>
				<misses>469200001</misses>
				<total>0</total>
				<timestamp>2963.594903</timestamp>
			</report>
			<report>
				<misses>469300001</misses>
				<total>0</total>
				<timestamp>2964.225158</timestamp>
			</report>
			<report>
				<misses>469400001</misses>
				<total>0</total>
				<timestamp>2964.857409</timestamp>
			</report>
			<report>
				<misses>469500001</misses>
				<total>0</total>
				<timestamp>2965.487505</timestamp>
			</report>
			<report>
				<misses>469600001</misses>
				<total>0</total>
				<timestamp>2966.121984</timestamp>
			</report>
			<report>
				<misses>469700001</misses>
				<total>0</total>
				<timestamp>2966.754177</timestamp>
			</report>
			<report>
				<misses>469800001</misses>
				<total>0</total>
				<timestamp>2967.384439</timestamp>
			</report>
			<report>
				<misses>469900001</misses>
				<total>0</total>
				<timestamp>2968.014439</timestamp>
			</report>
			<report>
				<misses>470000001</misses>
				<total>0</total>
				<timestamp>2968.644062</timestamp>
			</report>
			<report>
				<misses>470100001</misses>
				<total>0</total>
				<timestamp>2969.273673</timestamp>
			</report>
			<report>
				<misses>470200001</misses>
				<total>0</total>
				<timestamp>2969.906921</timestamp>
			</report>
			<report>
				<misses>470300001</misses>
				<total>0</total>
				<timestamp>2970.537920</timestamp>
			</report>
			<report>
				<misses>470400001</misses>
				<total>0</total>
				<timestamp>2971.168497</timestamp>
			</report>
			<report>
				<misses>470500001</misses>
				<total>0</total>
				<timestamp>2971.799552</timestamp>
			</report>
			<report>
				<misses>470600001</misses>
				<total>0</total>
				<timestamp>2972.429479</timestamp>
			</report>
			<report>
				<misses>470700001</misses>
				<total>0</total>
				<timestamp>2973.061157</timestamp>
			</report>
			<report>
				<misses>470800001</misses>
				<total>0</total>
				<timestamp>2973.691569</timestamp>
			</report>
			<report>
				<misses>470900001</misses>
				<total>0</total>
				<timestamp>2974.321688</timestamp>
			</report>
			<report>
				<misses>471000001</misses>
				<total>0</total>
				<timestamp>2974.953965</timestamp>
			</report>
			<report>
				<misses>471100001</misses>
				<total>0</total>
				<timestamp>2975.592117</timestamp>
			</report>
			<report>
				<misses>471200001</misses>
				<total>0</total>
				<timestamp>2976.217020</timestamp>
			</report>
			<report>
				<misses>471300001</misses>
				<total>0</total>
				<timestamp>2976.842689</timestamp>
			</report>
			<report>
				<misses>471400001</misses>
				<total>0</total>
				<timestamp>2977.478518</timestamp>
			</report>
			<report>
				<misses>471500001</misses>
				<total>0</total>
				<timestamp>2978.115509</timestamp>
			</report>
			<report>
				<misses>471600001</misses>
				<total>0</total>
				<timestamp>2978.757333</timestamp>
			</report>
			<report>
				<misses>471700001</misses>
				<total>0</total>
				<timestamp>2979.387256</timestamp>
			</report>
			<report>
				<misses>471800001</misses>
				<total>0</total>
				<timestamp>2980.014010</timestamp>
			</report>
			<report>
				<misses>471900001</misses>
				<total>0</total>
				<timestamp>2980.640354</timestamp>
			</report>
			<report>
				<misses>472000001</misses>
				<total>0</total>
				<timestamp>2981.266631</timestamp>
			</report>
			<report>
				<misses>472100001</misses>
				<total>0</total>
				<timestamp>2981.892701</timestamp>
			</report>
			<report>
				<misses>472200001</misses>
				<total>0</total>
				<timestamp>2982.519253</timestamp>
			</report>
			<report>
				<misses>472300001</misses>
				<total>0</total>
				<timestamp>2983.145242</timestamp>
			</report>
			<report>
				<misses>472400001</misses>
				<total>0</total>
				<timestamp>2983.770990</timestamp>
			</report>
			<report>
				<misses>472500001</misses>
				<total>0</total>
				<timestamp>2984.396513</timestamp>
			</report>
			<report>
				<misses>472600001</misses>
				<total>0</total>
				<timestamp>2985.022003</timestamp>
			</report>
			<report>
				<misses>472700001</misses>
				<total>0</total>
				<timestamp>2985.647704</timestamp>
			</report>
			<report>
				<misses>472800001</misses>
				<total>0</total>
				<timestamp>2986.272846</timestamp>
			</report>
			<report>
				<misses>472900001</misses>
				<total>0</total>
				<timestamp>2986.898284</timestamp>
			</report>
			<report>
				<misses>473000001</misses>
				<total>0</total>
				<timestamp>2987.523541</timestamp>
			</report>
			<report>
				<misses>473100001</misses>
				<total>0</total>
				<timestamp>2988.148497</timestamp>
			</report>
			<report>
				<misses>473200001</misses>
				<total>0</total>
				<timestamp>2988.777511</timestamp>
			</report>
			<report>
				<misses>473300001</misses>
				<total>0</total>
				<timestamp>2989.402572</timestamp>
			</report>
			<report>
				<misses>473400001</misses>
				<total>0</total>
				<timestamp>2990.028037</timestamp>
			</report>
			<report>
				<misses>473500001</misses>
				<total>0</total>
				<timestamp>2990.653378</timestamp>
			</report>
			<report>
				<misses>473600001</misses>
				<total>0</total>
				<timestamp>2991.278703</timestamp>
			</report>
			<report>
				<misses>473700001</misses>
				<total>0</total>
				<timestamp>2991.908014</timestamp>
			</report>
			<report>
				<misses>473800001</misses>
				<total>0</total>
				<timestamp>2992.531107</timestamp>
			</report>
			<report>
				<misses>473900001</misses>
				<total>0</total>
				<timestamp>2993.154147</timestamp>
			</report>
			<report>
				<misses>474000001</misses>
				<total>0</total>
				<timestamp>2993.775951</timestamp>
			</report>
			<report>
				<misses>474100001</misses>
				<total>0</total>
				<timestamp>2994.398021</timestamp>
			</report>
			<report>
				<misses>474200001</misses>
				<total>0</total>
				<timestamp>2995.024202</timestamp>
			</report>
			<report>
				<misses>474300001</misses>
				<total>0</total>
				<timestamp>2995.660189</timestamp>
			</report>
			<report>
				<misses>474400001</misses>
				<total>0</total>
				<timestamp>2996.296095</timestamp>
			</report>
			<report>
				<misses>474500001</misses>
				<total>0</total>
				<timestamp>2996.935899</timestamp>
			</report>
			<report>
				<misses>474600001</misses>
				<total>0</total>
				<timestamp>2997.570914</timestamp>
			</report>
			<report>
				<misses>474700001</misses>
				<total>0</total>
				<timestamp>2998.205991</timestamp>
			</report>
			<report>
				<misses>474800001</misses>
				<total>0</total>
				<timestamp>2998.847382</timestamp>
			</report>
			<report>
				<misses>474900001</misses>
				<total>0</total>
				<timestamp>2999.475089</timestamp>
			</report>
			<report>
				<misses>475000001</misses>
				<total>0</total>
				<timestamp>3000.102783</timestamp>
			</report>
			<report>
				<misses>475100001</misses>
				<total>0</total>
				<timestamp>3000.732593</timestamp>
			</report>
			<report>
				<misses>475200001</misses>
				<total>0</total>
				<timestamp>3001.360261</timestamp>
			</report>
			<report>
				<misses>475300001</misses>
				<total>0</total>
				<timestamp>3001.990055</timestamp>
			</report>
			<report>
				<misses>475400001</misses>
				<total>0</total>
				<timestamp>3002.619176</timestamp>
			</report>
			<report>
				<misses>475500001</misses>
				<total>0</total>
				<timestamp>3003.250226</timestamp>
			</report>
			<report>
				<misses>475600001</misses>
				<total>0</total>
				<timestamp>3003.881851</timestamp>
			</report>
			<report>
				<misses>475700001</misses>
				<total>0</total>
				<timestamp>3004.511289</timestamp>
			</report>
			<report>
				<misses>475800001</misses>
				<total>0</total>
				<timestamp>3005.153898</timestamp>
			</report>
			<report>
				<misses>475900001</misses>
				<total>0</total>
				<timestamp>3005.783625</timestamp>
			</report>
			<report>
				<misses>476000001</misses>
				<total>0</total>
				<timestamp>3006.419909</timestamp>
			</report>
			<report>
				<misses>476100001</misses>
				<total>0</total>
				<timestamp>3007.060444</timestamp>
			</report>
			<report>
				<misses>476200001</misses>
				<total>0</total>
				<timestamp>3007.690815</timestamp>
			</report>
			<report>
				<misses>476300001</misses>
				<total>0</total>
				<timestamp>3008.318737</timestamp>
			</report>
			<report>
				<misses>476400001</misses>
				<total>0</total>
				<timestamp>3008.946082</timestamp>
			</report>
			<report>
				<misses>476500001</misses>
				<total>0</total>
				<timestamp>3009.572200</timestamp>
			</report>
			<report>
				<misses>476600001</misses>
				<total>0</total>
				<timestamp>3010.197490</timestamp>
			</report>
			<report>
				<misses>476700001</misses>
				<total>0</total>
				<timestamp>3010.822187</timestamp>
			</report>
			<report>
				<misses>476800001</misses>
				<total>0</total>
				<timestamp>3011.446647</timestamp>
			</report>
			<report>
				<misses>476900001</misses>
				<total>0</total>
				<timestamp>3012.072137</timestamp>
			</report>
			<report>
				<misses>477000001</misses>
				<total>0</total>
				<timestamp>3012.696700</timestamp>
			</report>
			<report>
				<misses>477100001</misses>
				<total>0</total>
				<timestamp>3013.321764</timestamp>
			</report>
			<report>
				<misses>477200001</misses>
				<total>0</total>
				<timestamp>3013.947270</timestamp>
			</report>
			<report>
				<misses>477300001</misses>
				<total>0</total>
				<timestamp>3014.572447</timestamp>
			</report>
			<report>
				<misses>477400001</misses>
				<total>0</total>
				<timestamp>3015.201000</timestamp>
			</report>
			<report>
				<misses>477500001</misses>
				<total>0</total>
				<timestamp>3015.826228</timestamp>
			</report>
			<report>
				<misses>477600001</misses>
				<total>0</total>
				<timestamp>3016.451180</timestamp>
			</report>
			<report>
				<misses>477700001</misses>
				<total>0</total>
				<timestamp>3017.078407</timestamp>
			</report>
			<report>
				<misses>477800001</misses>
				<total>0</total>
				<timestamp>3017.703534</timestamp>
			</report>
			<report>
				<misses>477900001</misses>
				<total>0</total>
				<timestamp>3018.329194</timestamp>
			</report>
			<report>
				<misses>478000001</misses>
				<total>0</total>
				<timestamp>3018.957542</timestamp>
			</report>
			<report>
				<misses>478100001</misses>
				<total>0</total>
				<timestamp>3019.583047</timestamp>
			</report>
			<report>
				<misses>478200001</misses>
				<total>0</total>
				<timestamp>3020.207830</timestamp>
			</report>
			<report>
				<misses>478300001</misses>
				<total>0</total>
				<timestamp>3020.832832</timestamp>
			</report>
			<report>
				<misses>478400001</misses>
				<total>0</total>
				<timestamp>3021.457675</timestamp>
			</report>
			<report>
				<misses>478500001</misses>
				<total>0</total>
				<timestamp>3022.082344</timestamp>
			</report>
			<report>
				<misses>478600001</misses>
				<total>0</total>
				<timestamp>3022.707653</timestamp>
			</report>
			<report>
				<misses>478700001</misses>
				<total>0</total>
				<timestamp>3023.341125</timestamp>
			</report>
			<report>
				<misses>478800001</misses>
				<total>0</total>
				<timestamp>3023.974337</timestamp>
			</report>
			<report>
				<misses>478900001</misses>
				<total>0</total>
				<timestamp>3024.607278</timestamp>
			</report>
			<report>
				<misses>479000001</misses>
				<total>0</total>
				<timestamp>3025.239855</timestamp>
			</report>
			<report>
				<misses>479100001</misses>
				<total>0</total>
				<timestamp>3025.872904</timestamp>
			</report>
			<report>
				<misses>479200001</misses>
				<total>0</total>
				<timestamp>3026.505459</timestamp>
			</report>
			<report>
				<misses>479300001</misses>
				<total>0</total>
				<timestamp>3027.137850</timestamp>
			</report>
			<report>
				<misses>479400001</misses>
				<total>0</total>
				<timestamp>3027.770887</timestamp>
			</report>
			<report>
				<misses>479500001</misses>
				<total>0</total>
				<timestamp>3028.410002</timestamp>
			</report>
			<report>
				<misses>479600001</misses>
				<total>0</total>
				<timestamp>3029.050178</timestamp>
			</report>
			<report>
				<misses>479700001</misses>
				<total>0</total>
				<timestamp>3029.681491</timestamp>
			</report>
			<report>
				<misses>479800001</misses>
				<total>0</total>
				<timestamp>3030.317424</timestamp>
			</report>
			<report>
				<misses>479900001</misses>
				<total>0</total>
				<timestamp>3030.945477</timestamp>
			</report>
			<report>
				<misses>480000001</misses>
				<total>0</total>
				<timestamp>3031.570393</timestamp>
			</report>
			<report>
				<misses>480100001</misses>
				<total>0</total>
				<timestamp>3032.196890</timestamp>
			</report>
			<report>
				<misses>480200001</misses>
				<total>0</total>
				<timestamp>3032.827754</timestamp>
			</report>
			<report>
				<misses>480300001</misses>
				<total>0</total>
				<timestamp>3033.453097</timestamp>
			</report>
			<report>
				<misses>480400001</misses>
				<total>0</total>
				<timestamp>3034.081160</timestamp>
			</report>
			<report>
				<misses>480500001</misses>
				<total>0</total>
				<timestamp>3034.707917</timestamp>
			</report>
			<report>
				<misses>480600001</misses>
				<total>0</total>
				<timestamp>3035.333396</timestamp>
			</report>
			<report>
				<misses>480700001</misses>
				<total>0</total>
				<timestamp>3035.958931</timestamp>
			</report>
			<report>
				<misses>480800001</misses>
				<total>0</total>
				<timestamp>3036.589230</timestamp>
			</report>
			<report>
				<misses>480900001</misses>
				<total>0</total>
				<timestamp>3037.215881</timestamp>
			</report>
			<report>
				<misses>481000001</misses>
				<total>0</total>
				<timestamp>3037.841563</timestamp>
			</report>
			<report>
				<misses>481100001</misses>
				<total>0</total>
				<timestamp>3038.474554</timestamp>
			</report>
			<report>
				<misses>481200001</misses>
				<total>0</total>
				<timestamp>3039.104340</timestamp>
			</report>
			<report>
				<misses>481300001</misses>
				<total>0</total>
				<timestamp>3039.740039</timestamp>
			</report>
			<report>
				<misses>481400001</misses>
				<total>0</total>
				<timestamp>3040.389977</timestamp>
			</report>
			<report>
				<misses>481500001</misses>
				<total>0</total>
				<timestamp>3041.025146</timestamp>
			</report>
			<report>
				<misses>481600001</misses>
				<total>0</total>
				<timestamp>3041.652421</timestamp>
			</report>
			<report>
				<misses>481700001</misses>
				<total>0</total>
				<timestamp>3042.276925</timestamp>
			</report>
			<report>
				<misses>481800001</misses>
				<total>0</total>
				<timestamp>3042.917026</timestamp>
			</report>
			<report>
				<misses>481900001</misses>
				<total>0</total>
				<timestamp>3043.543139</timestamp>
			</report>
			<report>
				<misses>482000001</misses>
				<total>0</total>
				<timestamp>3044.166643</timestamp>
			</report>
			<report>
				<misses>482100001</misses>
				<total>0</total>
				<timestamp>3044.806212</timestamp>
			</report>
			<report>
				<misses>482200001</misses>
				<total>0</total>
				<timestamp>3045.430786</timestamp>
			</report>
			<report>
				<misses>482300001</misses>
				<total>0</total>
				<timestamp>3046.062987</timestamp>
			</report>
			<report>
				<misses>482400001</misses>
				<total>0</total>
				<timestamp>3046.699999</timestamp>
			</report>
			<report>
				<misses>482500001</misses>
				<total>0</total>
				<timestamp>3047.341325</timestamp>
			</report>
			<report>
				<misses>482600001</misses>
				<total>0</total>
				<timestamp>3047.990545</timestamp>
			</report>
			<report>
				<misses>482700001</misses>
				<total>0</total>
				<timestamp>3048.639686</timestamp>
			</report>
			<report>
				<misses>482800001</misses>
				<total>0</total>
				<timestamp>3049.289875</timestamp>
			</report>
			<report>
				<misses>482900001</misses>
				<total>0</total>
				<timestamp>3049.934824</timestamp>
			</report>
			<report>
				<misses>483000001</misses>
				<total>0</total>
				<timestamp>3050.569674</timestamp>
			</report>
			<report>
				<misses>483100001</misses>
				<total>0</total>
				<timestamp>3051.205322</timestamp>
			</report>
			<report>
				<misses>483200001</misses>
				<total>0</total>
				<timestamp>3051.840602</timestamp>
			</report>
			<report>
				<misses>483300001</misses>
				<total>0</total>
				<timestamp>3052.476796</timestamp>
			</report>
			<report>
				<misses>483400001</misses>
				<total>0</total>
				<timestamp>3053.118670</timestamp>
			</report>
			<report>
				<misses>483500001</misses>
				<total>0</total>
				<timestamp>3053.753989</timestamp>
			</report>
			<report>
				<misses>483600001</misses>
				<total>0</total>
				<timestamp>3054.386057</timestamp>
			</report>
			<report>
				<misses>483700001</misses>
				<total>0</total>
				<timestamp>3055.018029</timestamp>
			</report>
			<report>
				<misses>483800001</misses>
				<total>0</total>
				<timestamp>3055.647596</timestamp>
			</report>
			<report>
				<misses>483900001</misses>
				<total>0</total>
				<timestamp>3056.288396</timestamp>
			</report>
			<report>
				<misses>484000001</misses>
				<total>0</total>
				<timestamp>3056.918833</timestamp>
			</report>
			<report>
				<misses>484100001</misses>
				<total>0</total>
				<timestamp>3057.550760</timestamp>
			</report>
			<report>
				<misses>484200001</misses>
				<total>0</total>
				<timestamp>3058.178398</timestamp>
			</report>
			<report>
				<misses>484300001</misses>
				<total>0</total>
				<timestamp>3058.807321</timestamp>
			</report>
			<report>
				<misses>484400001</misses>
				<total>0</total>
				<timestamp>3059.440014</timestamp>
			</report>
			<report>
				<misses>484500001</misses>
				<total>0</total>
				<timestamp>3060.071765</timestamp>
			</report>
			<report>
				<misses>484600001</misses>
				<total>0</total>
				<timestamp>3060.703772</timestamp>
			</report>
			<report>
				<misses>484700001</misses>
				<total>0</total>
				<timestamp>3061.334304</timestamp>
			</report>
			<report>
				<misses>484800001</misses>
				<total>0</total>
				<timestamp>3061.956829</timestamp>
			</report>
			<report>
				<misses>484900001</misses>
				<total>0</total>
				<timestamp>3062.578947</timestamp>
			</report>
			<report>
				<misses>485000001</misses>
				<total>0</total>
				<timestamp>3063.200573</timestamp>
			</report>
			<report>
				<misses>485100001</misses>
				<total>0</total>
				<timestamp>3063.822094</timestamp>
			</report>
			<report>
				<misses>485200001</misses>
				<total>0</total>
				<timestamp>3064.448003</timestamp>
			</report>
			<report>
				<misses>485300001</misses>
				<total>0</total>
				<timestamp>3065.068735</timestamp>
			</report>
			<report>
				<misses>485400001</misses>
				<total>0</total>
				<timestamp>3065.690119</timestamp>
			</report>
			<report>
				<misses>485500001</misses>
				<total>0</total>
				<timestamp>3066.311843</timestamp>
			</report>
			<report>
				<misses>485600001</misses>
				<total>0</total>
				<timestamp>3066.932798</timestamp>
			</report>
			<report>
				<misses>485700001</misses>
				<total>0</total>
				<timestamp>3067.553603</timestamp>
			</report>
			<report>
				<misses>485800001</misses>
				<total>0</total>
				<timestamp>3068.175384</timestamp>
			</report>
			<report>
				<misses>485900001</misses>
				<total>0</total>
				<timestamp>3068.807594</timestamp>
			</report>
			<report>
				<misses>486000001</misses>
				<total>0</total>
				<timestamp>3069.467755</timestamp>
			</report>
			<report>
				<misses>486100001</misses>
				<total>0</total>
				<timestamp>3070.094827</timestamp>
			</report>
			<report>
				<misses>486200001</misses>
				<total>0</total>
				<timestamp>3070.732889</timestamp>
			</report>
			<report>
				<misses>486300001</misses>
				<total>0</total>
				<timestamp>3071.354303</timestamp>
			</report>
			<report>
				<misses>486400001</misses>
				<total>0</total>
				<timestamp>3071.978693</timestamp>
			</report>
			<report>
				<misses>486500001</misses>
				<total>0</total>
				<timestamp>3072.601814</timestamp>
			</report>
			<report>
				<misses>486600001</misses>
				<total>0</total>
				<timestamp>3073.234587</timestamp>
			</report>
			<report>
				<misses>486700001</misses>
				<total>0</total>
				<timestamp>3073.870404</timestamp>
			</report>
			<report>
				<misses>486800001</misses>
				<total>0</total>
				<timestamp>3074.497577</timestamp>
			</report>
			<report>
				<misses>486900001</misses>
				<total>0</total>
				<timestamp>3075.129508</timestamp>
			</report>
			<report>
				<misses>487000001</misses>
				<total>0</total>
				<timestamp>3075.757981</timestamp>
			</report>
			<report>
				<misses>487100001</misses>
				<total>0</total>
				<timestamp>3076.385904</timestamp>
			</report>
			<report>
				<misses>487200001</misses>
				<total>0</total>
				<timestamp>3077.016864</timestamp>
			</report>
			<report>
				<misses>487300001</misses>
				<total>0</total>
				<timestamp>3077.652852</timestamp>
			</report>
			<report>
				<misses>487400001</misses>
				<total>0</total>
				<timestamp>3078.303511</timestamp>
			</report>
			<report>
				<misses>487500001</misses>
				<total>0</total>
				<timestamp>3078.954264</timestamp>
			</report>
			<report>
				<misses>487600001</misses>
				<total>0</total>
				<timestamp>3079.603434</timestamp>
			</report>
			<report>
				<misses>487700001</misses>
				<total>0</total>
				<timestamp>3080.254002</timestamp>
			</report>
			<report>
				<misses>487800001</misses>
				<total>0</total>
				<timestamp>3080.904217</timestamp>
			</report>
			<report>
				<misses>487900001</misses>
				<total>0</total>
				<timestamp>3081.554292</timestamp>
			</report>
			<report>
				<misses>488000001</misses>
				<total>0</total>
				<timestamp>3082.204770</timestamp>
			</report>
			<report>
				<misses>488100001</misses>
				<total>0</total>
				<timestamp>3082.853309</timestamp>
			</report>
			<report>
				<misses>488200001</misses>
				<total>0</total>
				<timestamp>3083.502531</timestamp>
			</report>
			<report>
				<misses>488300001</misses>
				<total>0</total>
				<timestamp>3084.151765</timestamp>
			</report>
			<report>
				<misses>488400001</misses>
				<total>0</total>
				<timestamp>3084.795221</timestamp>
			</report>
			<report>
				<misses>488500001</misses>
				<total>0</total>
				<timestamp>3085.432565</timestamp>
			</report>
			<report>
				<misses>488600001</misses>
				<total>0</total>
				<timestamp>3086.067012</timestamp>
			</report>
			<report>
				<misses>488700001</misses>
				<total>0</total>
				<timestamp>3086.699507</timestamp>
			</report>
			<report>
				<misses>488800001</misses>
				<total>0</total>
				<timestamp>3087.329655</timestamp>
			</report>
			<report>
				<misses>488900001</misses>
				<total>0</total>
				<timestamp>3087.960096</timestamp>
			</report>
			<report>
				<misses>489000001</misses>
				<total>0</total>
				<timestamp>3088.591293</timestamp>
			</report>
			<report>
				<misses>489100001</misses>
				<total>0</total>
				<timestamp>3089.226677</timestamp>
			</report>
			<report>
				<misses>489200001</misses>
				<total>0</total>
				<timestamp>3089.855996</timestamp>
			</report>
			<report>
				<misses>489300001</misses>
				<total>0</total>
				<timestamp>3090.485289</timestamp>
			</report>
			<report>
				<misses>489400001</misses>
				<total>0</total>
				<timestamp>3091.115029</timestamp>
			</report>
			<report>
				<misses>489500001</misses>
				<total>0</total>
				<timestamp>3091.746869</timestamp>
			</report>
			<report>
				<misses>489600001</misses>
				<total>0</total>
				<timestamp>3092.375590</timestamp>
			</report>
			<report>
				<misses>489700001</misses>
				<total>0</total>
				<timestamp>3093.004905</timestamp>
			</report>
			<report>
				<misses>489800001</misses>
				<total>0</total>
				<timestamp>3093.642352</timestamp>
			</report>
			<report>
				<misses>489900001</misses>
				<total>0</total>
				<timestamp>3094.279427</timestamp>
			</report>
			<report>
				<misses>490000001</misses>
				<total>0</total>
				<timestamp>3094.902946</timestamp>
			</report>
			<report>
				<misses>490100001</misses>
				<total>0</total>
				<timestamp>3095.527770</timestamp>
			</report>
			<report>
				<misses>490200001</misses>
				<total>0</total>
				<timestamp>3096.158792</timestamp>
			</report>
			<report>
				<misses>490300001</misses>
				<total>0</total>
				<timestamp>3096.794800</timestamp>
			</report>
			<report>
				<misses>490400001</misses>
				<total>0</total>
				<timestamp>3097.427787</timestamp>
			</report>
			<report>
				<misses>490500001</misses>
				<total>0</total>
				<timestamp>3098.053253</timestamp>
			</report>
			<report>
				<misses>490600001</misses>
				<total>0</total>
				<timestamp>3098.680433</timestamp>
			</report>
			<report>
				<misses>490700001</misses>
				<total>0</total>
				<timestamp>3099.325811</timestamp>
			</report>
			<report>
				<misses>490800001</misses>
				<total>0</total>
				<timestamp>3099.955038</timestamp>
			</report>
			<report>
				<misses>490900001</misses>
				<total>0</total>
				<timestamp>3100.601510</timestamp>
			</report>
			<report>
				<misses>491000001</misses>
				<total>0</total>
				<timestamp>3101.227300</timestamp>
			</report>
			<report>
				<misses>491100001</misses>
				<total>0</total>
				<timestamp>3101.855847</timestamp>
			</report>
			<report>
				<misses>491200001</misses>
				<total>0</total>
				<timestamp>3102.484005</timestamp>
			</report>
			<report>
				<misses>491300001</misses>
				<total>0</total>
				<timestamp>3103.120767</timestamp>
			</report>
			<report>
				<misses>491400001</misses>
				<total>0</total>
				<timestamp>3103.749351</timestamp>
			</report>
			<report>
				<misses>491500001</misses>
				<total>0</total>
				<timestamp>3104.374044</timestamp>
			</report>
			<report>
				<misses>491600001</misses>
				<total>0</total>
				<timestamp>3105.000314</timestamp>
			</report>
			<report>
				<misses>491700001</misses>
				<total>0</total>
				<timestamp>3105.625250</timestamp>
			</report>
			<report>
				<misses>491800001</misses>
				<total>0</total>
				<timestamp>3106.254263</timestamp>
			</report>
			<report>
				<misses>491900001</misses>
				<total>0</total>
				<timestamp>3106.880206</timestamp>
			</report>
			<report>
				<misses>492000001</misses>
				<total>0</total>
				<timestamp>3107.501002</timestamp>
			</report>
			<report>
				<misses>492100001</misses>
				<total>0</total>
				<timestamp>3108.123638</timestamp>
			</report>
			<report>
				<misses>492200001</misses>
				<total>0</total>
				<timestamp>3108.753413</timestamp>
			</report>
			<report>
				<misses>492300001</misses>
				<total>0</total>
				<timestamp>3109.375939</timestamp>
			</report>
			<report>
				<misses>492400001</misses>
				<total>0</total>
				<timestamp>3110.003275</timestamp>
			</report>
			<report>
				<misses>492500001</misses>
				<total>0</total>
				<timestamp>3110.627648</timestamp>
			</report>
			<report>
				<misses>492600001</misses>
				<total>0</total>
				<timestamp>3111.252995</timestamp>
			</report>
			<report>
				<misses>492700001</misses>
				<total>0</total>
				<timestamp>3111.874934</timestamp>
			</report>
			<report>
				<misses>492800001</misses>
				<total>0</total>
				<timestamp>3112.498495</timestamp>
			</report>
			<report>
				<misses>492900001</misses>
				<total>0</total>
				<timestamp>3113.126411</timestamp>
			</report>
			<report>
				<misses>493000001</misses>
				<total>0</total>
				<timestamp>3113.748286</timestamp>
			</report>
			<report>
				<misses>493100001</misses>
				<total>0</total>
				<timestamp>3114.372920</timestamp>
			</report>
			<report>
				<misses>493200001</misses>
				<total>0</total>
				<timestamp>3114.998168</timestamp>
			</report>
			<report>
				<misses>493300001</misses>
				<total>0</total>
				<timestamp>3115.620527</timestamp>
			</report>
			<report>
				<misses>493400001</misses>
				<total>0</total>
				<timestamp>3116.242133</timestamp>
			</report>
			<report>
				<misses>493500001</misses>
				<total>0</total>
				<timestamp>3116.865809</timestamp>
			</report>
			<report>
				<misses>493600001</misses>
				<total>0</total>
				<timestamp>3117.486403</timestamp>
			</report>
			<report>
				<misses>493700001</misses>
				<total>0</total>
				<timestamp>3118.115607</timestamp>
			</report>
			<report>
				<misses>493800001</misses>
				<total>0</total>
				<timestamp>3118.738598</timestamp>
			</report>
			<report>
				<misses>493900001</misses>
				<total>0</total>
				<timestamp>3119.369692</timestamp>
			</report>
			<report>
				<misses>494000001</misses>
				<total>0</total>
				<timestamp>3119.996070</timestamp>
			</report>
			<report>
				<misses>494100001</misses>
				<total>0</total>
				<timestamp>3120.627704</timestamp>
			</report>
			<report>
				<misses>494200001</misses>
				<total>0</total>
				<timestamp>3121.260683</timestamp>
			</report>
			<report>
				<misses>494300001</misses>
				<total>0</total>
				<timestamp>3121.887401</timestamp>
			</report>
			<report>
				<misses>494400001</misses>
				<total>0</total>
				<timestamp>3122.511990</timestamp>
			</report>
			<report>
				<misses>494500001</misses>
				<total>0</total>
				<timestamp>3123.139680</timestamp>
			</report>
			<report>
				<misses>494600001</misses>
				<total>0</total>
				<timestamp>3123.772984</timestamp>
			</report>
			<report>
				<misses>494700001</misses>
				<total>0</total>
				<timestamp>3124.405923</timestamp>
			</report>
			<report>
				<misses>494800001</misses>
				<total>0</total>
				<timestamp>3125.047697</timestamp>
			</report>
			<report>
				<misses>494900001</misses>
				<total>0</total>
				<timestamp>3125.702758</timestamp>
			</report>
			<report>
				<misses>495000001</misses>
				<total>0</total>
				<timestamp>3126.348390</timestamp>
			</report>
			<report>
				<misses>495100001</misses>
				<total>0</total>
				<timestamp>3126.990951</timestamp>
			</report>
			<report>
				<misses>495200001</misses>
				<total>0</total>
				<timestamp>3127.619417</timestamp>
			</report>
			<report>
				<misses>495300001</misses>
				<total>0</total>
				<timestamp>3128.247118</timestamp>
			</report>
			<report>
				<misses>495400001</misses>
				<total>0</total>
				<timestamp>3128.876561</timestamp>
			</report>
			<report>
				<misses>495500001</misses>
				<total>0</total>
				<timestamp>3129.513726</timestamp>
			</report>
			<report>
				<misses>495600001</misses>
				<total>0</total>
				<timestamp>3130.142456</timestamp>
			</report>
			<report>
				<misses>495700001</misses>
				<total>0</total>
				<timestamp>3130.771992</timestamp>
			</report>
			<report>
				<misses>495800001</misses>
				<total>0</total>
				<timestamp>3131.407092</timestamp>
			</report>
			<report>
				<misses>495900001</misses>
				<total>0</total>
				<timestamp>3132.042102</timestamp>
			</report>
			<report>
				<misses>496000001</misses>
				<total>0</total>
				<timestamp>3132.688115</timestamp>
			</report>
			<report>
				<misses>496100001</misses>
				<total>0</total>
				<timestamp>3133.327422</timestamp>
			</report>
			<report>
				<misses>496200001</misses>
				<total>0</total>
				<timestamp>3133.964893</timestamp>
			</report>
			<report>
				<misses>496300001</misses>
				<total>0</total>
				<timestamp>3134.604213</timestamp>
			</report>
			<report>
				<misses>496400001</misses>
				<total>0</total>
				<timestamp>3135.271676</timestamp>
			</report>
			<report>
				<misses>496500001</misses>
				<total>0</total>
				<timestamp>3135.914321</timestamp>
			</report>
			<report>
				<misses>496600001</misses>
				<total>0</total>
				<timestamp>3136.542658</timestamp>
			</report>
			<report>
				<misses>496700001</misses>
				<total>0</total>
				<timestamp>3137.169983</timestamp>
			</report>
			<report>
				<misses>496800001</misses>
				<total>0</total>
				<timestamp>3137.817006</timestamp>
			</report>
			<report>
				<misses>496900001</misses>
				<total>0</total>
				<timestamp>3138.472163</timestamp>
			</report>
			<report>
				<misses>497000001</misses>
				<total>0</total>
				<timestamp>3139.100750</timestamp>
			</report>
			<report>
				<misses>497100001</misses>
				<total>0</total>
				<timestamp>3139.727603</timestamp>
			</report>
			<report>
				<misses>497200001</misses>
				<total>0</total>
				<timestamp>3140.355836</timestamp>
			</report>
			<report>
				<misses>497300001</misses>
				<total>0</total>
				<timestamp>3140.983483</timestamp>
			</report>
			<report>
				<misses>497400001</misses>
				<total>0</total>
				<timestamp>3141.611741</timestamp>
			</report>
			<report>
				<misses>497500001</misses>
				<total>0</total>
				<timestamp>3142.239526</timestamp>
			</report>
			<report>
				<misses>497600001</misses>
				<total>0</total>
				<timestamp>3142.876220</timestamp>
			</report>
			<report>
				<misses>497700001</misses>
				<total>0</total>
				<timestamp>3143.505488</timestamp>
			</report>
			<report>
				<misses>497800001</misses>
				<total>0</total>
				<timestamp>3144.136528</timestamp>
			</report>
			<report>
				<misses>497900001</misses>
				<total>0</total>
				<timestamp>3144.767752</timestamp>
			</report>
			<report>
				<misses>498000001</misses>
				<total>0</total>
				<timestamp>3145.394271</timestamp>
			</report>
			<report>
				<misses>498100001</misses>
				<total>0</total>
				<timestamp>3146.051722</timestamp>
			</report>
			<report>
				<misses>498200001</misses>
				<total>0</total>
				<timestamp>3146.682621</timestamp>
			</report>
			<report>
				<misses>498300001</misses>
				<total>0</total>
				<timestamp>3147.314822</timestamp>
			</report>
			<report>
				<misses>498400001</misses>
				<total>0</total>
				<timestamp>3147.972404</timestamp>
			</report>
			<report>
				<misses>498500001</misses>
				<total>0</total>
				<timestamp>3148.653694</timestamp>
			</report>
			<report>
				<misses>498600001</misses>
				<total>0</total>
				<timestamp>3149.348733</timestamp>
			</report>
			<report>
				<misses>498700001</misses>
				<total>0</total>
				<timestamp>3150.023017</timestamp>
			</report>
			<report>
				<misses>498800001</misses>
				<total>0</total>
				<timestamp>3150.657506</timestamp>
			</report>
			<report>
				<misses>498900001</misses>
				<total>0</total>
				<timestamp>3151.305350</timestamp>
			</report>
			<report>
				<misses>499000001</misses>
				<total>0</total>
				<timestamp>3151.946400</timestamp>
			</report>
			<report>
				<misses>499100001</misses>
				<total>0</total>
				<timestamp>3152.579351</timestamp>
			</report>
			<report>
				<misses>499200001</misses>
				<total>0</total>
				<timestamp>3153.217024</timestamp>
			</report>
			<report>
				<misses>499300001</misses>
				<total>0</total>
				<timestamp>3153.855736</timestamp>
			</report>
			<report>
				<misses>499400001</misses>
				<total>0</total>
				<timestamp>3154.503268</timestamp>
			</report>
			<report>
				<misses>499500001</misses>
				<total>0</total>
				<timestamp>3155.150605</timestamp>
			</report>
			<report>
				<misses>499600001</misses>
				<total>0</total>
				<timestamp>3155.796066</timestamp>
			</report>
			<report>
				<misses>499700001</misses>
				<total>0</total>
				<timestamp>3156.428048</timestamp>
			</report>
			<report>
				<misses>499800001</misses>
				<total>0</total>
				<timestamp>3157.097082</timestamp>
			</report>
			<report>
				<misses>499900001</misses>
				<total>0</total>
				<timestamp>3157.741100</timestamp>
			</report>
			<report>
				<misses>500000001</misses>
				<total>0</total>
				<timestamp>3158.401441</timestamp>
			</report>
			<report>
				<misses>500100001</misses>
				<total>0</total>
				<timestamp>3159.049276</timestamp>
			</report>
			<report>
				<misses>500200001</misses>
				<total>0</total>
				<timestamp>3159.701702</timestamp>
			</report>
			<report>
				<misses>500300001</misses>
				<total>0</total>
				<timestamp>3160.331284</timestamp>
			</report>
			<report>
				<misses>500400001</misses>
				<total>0</total>
				<timestamp>3160.958991</timestamp>
			</report>
			<report>
				<misses>500500001</misses>
				<total>0</total>
				<timestamp>3161.581797</timestamp>
			</report>
			<report>
				<misses>500600001</misses>
				<total>0</total>
				<timestamp>3162.204860</timestamp>
			</report>
			<report>
				<misses>500700001</misses>
				<total>0</total>
				<timestamp>3162.837430</timestamp>
			</report>
			<report>
				<misses>500800001</misses>
				<total>0</total>
				<timestamp>3163.472361</timestamp>
			</report>
			<report>
				<misses>500900001</misses>
				<total>0</total>
				<timestamp>3164.120954</timestamp>
			</report>
			<report>
				<misses>501000001</misses>
				<total>0</total>
				<timestamp>3164.772002</timestamp>
			</report>
			<report>
				<misses>501100001</misses>
				<total>0</total>
				<timestamp>3165.420488</timestamp>
			</report>
			<report>
				<misses>501200001</misses>
				<total>0</total>
				<timestamp>3166.057791</timestamp>
			</report>
			<report>
				<misses>501300001</misses>
				<total>0</total>
				<timestamp>3166.687111</timestamp>
			</report>
			<report>
				<misses>501400001</misses>
				<total>0</total>
				<timestamp>3167.316675</timestamp>
			</report>
			<report>
				<misses>501500001</misses>
				<total>0</total>
				<timestamp>3167.960528</timestamp>
			</report>
			<report>
				<misses>501600001</misses>
				<total>0</total>
				<timestamp>3168.598696</timestamp>
			</report>
			<report>
				<misses>501700001</misses>
				<total>0</total>
				<timestamp>3169.340285</timestamp>
			</report>
			<report>
				<misses>501800001</misses>
				<total>0</total>
				<timestamp>3170.093314</timestamp>
			</report>
			<report>
				<misses>501900001</misses>
				<total>0</total>
				<timestamp>3170.811362</timestamp>
			</report>
			<report>
				<misses>502000001</misses>
				<total>0</total>
				<timestamp>3171.455324</timestamp>
			</report>
			<report>
				<misses>502100001</misses>
				<total>0</total>
				<timestamp>3172.085996</timestamp>
			</report>
			<report>
				<misses>502200001</misses>
				<total>0</total>
				<timestamp>3172.715860</timestamp>
			</report>
			<report>
				<misses>502300001</misses>
				<total>0</total>
				<timestamp>3173.345220</timestamp>
			</report>
			<report>
				<misses>502400001</misses>
				<total>0</total>
				<timestamp>3173.969783</timestamp>
			</report>
			<report>
				<misses>502500001</misses>
				<total>0</total>
				<timestamp>3174.613947</timestamp>
			</report>
			<report>
				<misses>502600001</misses>
				<total>0</total>
				<timestamp>3175.258862</timestamp>
			</report>
			<report>
				<misses>502700001</misses>
				<total>0</total>
				<timestamp>3175.911311</timestamp>
			</report>
			<report>
				<misses>502800001</misses>
				<total>0</total>
				<timestamp>3176.550656</timestamp>
			</report>
			<report>
				<misses>502900001</misses>
				<total>0</total>
				<timestamp>3177.182505</timestamp>
			</report>
			<report>
				<misses>503000001</misses>
				<total>0</total>
				<timestamp>3177.818162</timestamp>
			</report>
			<report>
				<misses>503100001</misses>
				<total>0</total>
				<timestamp>3178.452874</timestamp>
			</report>
			<report>
				<misses>503200001</misses>
				<total>0</total>
				<timestamp>3179.105971</timestamp>
			</report>
			<report>
				<misses>503300001</misses>
				<total>0</total>
				<timestamp>3179.750172</timestamp>
			</report>
			<report>
				<misses>503400001</misses>
				<total>0</total>
				<timestamp>3180.399350</timestamp>
			</report>
			<report>
				<misses>503500001</misses>
				<total>0</total>
				<timestamp>3181.045501</timestamp>
			</report>
			<report>
				<misses>503600001</misses>
				<total>0</total>
				<timestamp>3181.690638</timestamp>
			</report>
			<report>
				<misses>503700001</misses>
				<total>0</total>
				<timestamp>3182.345450</timestamp>
			</report>
			<report>
				<misses>503800001</misses>
				<total>0</total>
				<timestamp>3183.032447</timestamp>
			</report>
			<report>
				<misses>503900001</misses>
				<total>0</total>
				<timestamp>3183.706991</timestamp>
			</report>
			<report>
				<misses>504000001</misses>
				<total>0</total>
				<timestamp>3184.362710</timestamp>
			</report>
			<report>
				<misses>504100001</misses>
				<total>0</total>
				<timestamp>3184.999702</timestamp>
			</report>
			<report>
				<misses>504200001</misses>
				<total>0</total>
				<timestamp>3185.633165</timestamp>
			</report>
			<report>
				<misses>504300001</misses>
				<total>0</total>
				<timestamp>3186.271454</timestamp>
			</report>
			<report>
				<misses>504400001</misses>
				<total>0</total>
				<timestamp>3186.918968</timestamp>
			</report>
			<report>
				<misses>504500001</misses>
				<total>0</total>
				<timestamp>3187.551747</timestamp>
			</report>
			<report>
				<misses>504600001</misses>
				<total>0</total>
				<timestamp>3188.191917</timestamp>
			</report>
			<report>
				<misses>504700001</misses>
				<total>0</total>
				<timestamp>3188.820315</timestamp>
			</report>
			<report>
				<misses>504800001</misses>
				<total>0</total>
				<timestamp>3189.443656</timestamp>
			</report>
			<report>
				<misses>504900001</misses>
				<total>0</total>
				<timestamp>3190.074513</timestamp>
			</report>
			<report>
				<misses>505000001</misses>
				<total>0</total>
				<timestamp>3190.713951</timestamp>
			</report>
			<report>
				<misses>505100001</misses>
				<total>0</total>
				<timestamp>3191.399921</timestamp>
			</report>
			<report>
				<misses>505200001</misses>
				<total>0</total>
				<timestamp>3192.063087</timestamp>
			</report>
			<report>
				<misses>505300001</misses>
				<total>0</total>
				<timestamp>3192.718558</timestamp>
			</report>
			<report>
				<misses>505400001</misses>
				<total>0</total>
				<timestamp>3193.352587</timestamp>
			</report>
			<report>
				<misses>505500001</misses>
				<total>0</total>
				<timestamp>3194.029519</timestamp>
			</report>
			<report>
				<misses>505600001</misses>
				<total>0</total>
				<timestamp>3194.716296</timestamp>
			</report>
			<report>
				<misses>505700001</misses>
				<total>0</total>
				<timestamp>3195.412824</timestamp>
			</report>
			<report>
				<misses>505800001</misses>
				<total>0</total>
				<timestamp>3196.109940</timestamp>
			</report>
			<report>
				<misses>505900001</misses>
				<total>0</total>
				<timestamp>3196.804898</timestamp>
			</report>
			<report>
				<misses>506000001</misses>
				<total>0</total>
				<timestamp>3197.510523</timestamp>
			</report>
			<report>
				<misses>506100001</misses>
				<total>0</total>
				<timestamp>3198.211477</timestamp>
			</report>
			<report>
				<misses>506200001</misses>
				<total>0</total>
				<timestamp>3198.911083</timestamp>
			</report>
			<report>
				<misses>506300001</misses>
				<total>0</total>
				<timestamp>3199.603976</timestamp>
			</report>
			<report>
				<misses>506400001</misses>
				<total>0</total>
				<timestamp>3200.270498</timestamp>
			</report>
			<report>
				<misses>506500001</misses>
				<total>0</total>
				<timestamp>3200.913932</timestamp>
			</report>
			<report>
				<misses>506600001</misses>
				<total>0</total>
				<timestamp>3201.567802</timestamp>
			</report>
			<report>
				<misses>506700001</misses>
				<total>0</total>
				<timestamp>3202.251280</timestamp>
			</report>
			<report>
				<misses>506800001</misses>
				<total>0</total>
				<timestamp>3202.908793</timestamp>
			</report>
			<report>
				<misses>506900001</misses>
				<total>0</total>
				<timestamp>3203.572715</timestamp>
			</report>
			<report>
				<misses>507000001</misses>
				<total>0</total>
				<timestamp>3204.265885</timestamp>
			</report>
			<report>
				<misses>507100001</misses>
				<total>0</total>
				<timestamp>3204.905621</timestamp>
			</report>
			<report>
				<misses>507200001</misses>
				<total>0</total>
				<timestamp>3205.564545</timestamp>
			</report>
			<report>
				<misses>507300001</misses>
				<total>0</total>
				<timestamp>3206.209599</timestamp>
			</report>
			<report>
				<misses>507400001</misses>
				<total>0</total>
				<timestamp>3206.840618</timestamp>
			</report>
			<report>
				<misses>507500001</misses>
				<total>0</total>
				<timestamp>3207.484024</timestamp>
			</report>
			<report>
				<misses>507600001</misses>
				<total>0</total>
				<timestamp>3208.119552</timestamp>
			</report>
			<report>
				<misses>507700001</misses>
				<total>0</total>
				<timestamp>3208.763296</timestamp>
			</report>
			<report>
				<misses>507800001</misses>
				<total>0</total>
				<timestamp>3209.412285</timestamp>
			</report>
			<report>
				<misses>507900001</misses>
				<total>0</total>
				<timestamp>3210.051978</timestamp>
			</report>
			<report>
				<misses>508000001</misses>
				<total>0</total>
				<timestamp>3210.698853</timestamp>
			</report>
			<report>
				<misses>508100001</misses>
				<total>0</total>
				<timestamp>3211.348829</timestamp>
			</report>
			<report>
				<misses>508200001</misses>
				<total>0</total>
				<timestamp>3211.998117</timestamp>
			</report>
			<report>
				<misses>508300001</misses>
				<total>0</total>
				<timestamp>3212.653502</timestamp>
			</report>
			<report>
				<misses>508400001</misses>
				<total>0</total>
				<timestamp>3213.321602</timestamp>
			</report>
			<report>
				<misses>508500001</misses>
				<total>0</total>
				<timestamp>3213.965937</timestamp>
			</report>
			<report>
				<misses>508600001</misses>
				<total>0</total>
				<timestamp>3214.613397</timestamp>
			</report>
			<report>
				<misses>508700001</misses>
				<total>0</total>
				<timestamp>3215.252919</timestamp>
			</report>
			<report>
				<misses>508800001</misses>
				<total>0</total>
				<timestamp>3215.890565</timestamp>
			</report>
			<report>
				<misses>508900001</misses>
				<total>0</total>
				<timestamp>3216.519342</timestamp>
			</report>
			<report>
				<misses>509000001</misses>
				<total>0</total>
				<timestamp>3217.148640</timestamp>
			</report>
			<report>
				<misses>509100001</misses>
				<total>0</total>
				<timestamp>3217.793557</timestamp>
			</report>
			<report>
				<misses>509200001</misses>
				<total>0</total>
				<timestamp>3218.422264</timestamp>
			</report>
			<report>
				<misses>509300001</misses>
				<total>0</total>
				<timestamp>3219.051679</timestamp>
			</report>
			<report>
				<misses>509400001</misses>
				<total>0</total>
				<timestamp>3219.689286</timestamp>
			</report>
			<report>
				<misses>509500001</misses>
				<total>0</total>
				<timestamp>3220.383821</timestamp>
			</report>
			<report>
				<misses>509600001</misses>
				<total>0</total>
				<timestamp>3221.074795</timestamp>
			</report>
			<report>
				<misses>509700001</misses>
				<total>0</total>
				<timestamp>3221.771172</timestamp>
			</report>
			<report>
				<misses>509800001</misses>
				<total>0</total>
				<timestamp>3222.406562</timestamp>
			</report>
			<report>
				<misses>509900001</misses>
				<total>0</total>
				<timestamp>3223.056529</timestamp>
			</report>
			<report>
				<misses>510000001</misses>
				<total>0</total>
				<timestamp>3223.699502</timestamp>
			</report>
			<report>
				<misses>510100001</misses>
				<total>0</total>
				<timestamp>3224.372567</timestamp>
			</report>
			<report>
				<misses>510200001</misses>
				<total>0</total>
				<timestamp>3225.007664</timestamp>
			</report>
			<report>
				<misses>510300001</misses>
				<total>0</total>
				<timestamp>3225.635423</timestamp>
			</report>
			<report>
				<misses>510400001</misses>
				<total>0</total>
				<timestamp>3226.261729</timestamp>
			</report>
			<report>
				<misses>510500001</misses>
				<total>0</total>
				<timestamp>3226.888986</timestamp>
			</report>
			<report>
				<misses>510600001</misses>
				<total>0</total>
				<timestamp>3227.515893</timestamp>
			</report>
			<report>
				<misses>510700001</misses>
				<total>0</total>
				<timestamp>3228.149429</timestamp>
			</report>
			<report>
				<misses>510800001</misses>
				<total>0</total>
				<timestamp>3228.785582</timestamp>
			</report>
			<report>
				<misses>510900001</misses>
				<total>0</total>
				<timestamp>3229.419175</timestamp>
			</report>
			<report>
				<misses>511000001</misses>
				<total>0</total>
				<timestamp>3230.054613</timestamp>
			</report>
			<report>
				<misses>511100001</misses>
				<total>0</total>
				<timestamp>3230.688775</timestamp>
			</report>
			<report>
				<misses>511200001</misses>
				<total>0</total>
				<timestamp>3231.347825</timestamp>
			</report>
			<report>
				<misses>511300001</misses>
				<total>0</total>
				<timestamp>3232.002493</timestamp>
			</report>
			<report>
				<misses>511400001</misses>
				<total>0</total>
				<timestamp>3232.639226</timestamp>
			</report>
			<report>
				<misses>511500001</misses>
				<total>0</total>
				<timestamp>3233.275111</timestamp>
			</report>
			<report>
				<misses>511600001</misses>
				<total>0</total>
				<timestamp>3233.909361</timestamp>
			</report>
			<report>
				<misses>511700001</misses>
				<total>0</total>
				<timestamp>3234.543366</timestamp>
			</report>
			<report>
				<misses>511800001</misses>
				<total>0</total>
				<timestamp>3235.176086</timestamp>
			</report>
			<report>
				<misses>511900001</misses>
				<total>0</total>
				<timestamp>3235.806175</timestamp>
			</report>
			<report>
				<misses>512000001</misses>
				<total>0</total>
				<timestamp>3236.440056</timestamp>
			</report>
			<report>
				<misses>512100001</misses>
				<total>0</total>
				<timestamp>3237.067294</timestamp>
			</report>
			<report>
				<misses>512200001</misses>
				<total>0</total>
				<timestamp>3237.695923</timestamp>
			</report>
			<report>
				<misses>512300001</misses>
				<total>0</total>
				<timestamp>3238.345544</timestamp>
			</report>
			<report>
				<misses>512400001</misses>
				<total>0</total>
				<timestamp>3238.978714</timestamp>
			</report>
			<report>
				<misses>512500001</misses>
				<total>0</total>
				<timestamp>3239.608584</timestamp>
			</report>
			<report>
				<misses>512600001</misses>
				<total>0</total>
				<timestamp>3240.245826</timestamp>
			</report>
			<report>
				<misses>512700001</misses>
				<total>0</total>
				<timestamp>3240.884312</timestamp>
			</report>
			<report>
				<misses>512800001</misses>
				<total>0</total>
				<timestamp>3241.517106</timestamp>
			</report>
			<report>
				<misses>512900001</misses>
				<total>0</total>
				<timestamp>3242.155350</timestamp>
			</report>
			<report>
				<misses>513000001</misses>
				<total>0</total>
				<timestamp>3242.794088</timestamp>
			</report>
			<report>
				<misses>513100001</misses>
				<total>0</total>
				<timestamp>3243.428134</timestamp>
			</report>
			<report>
				<misses>513200001</misses>
				<total>0</total>
				<timestamp>3244.058894</timestamp>
			</report>
			<report>
				<misses>513300001</misses>
				<total>0</total>
				<timestamp>3244.706464</timestamp>
			</report>
			<report>
				<misses>513400001</misses>
				<total>0</total>
				<timestamp>3245.338352</timestamp>
			</report>
			<report>
				<misses>513500001</misses>
				<total>0</total>
				<timestamp>3245.969428</timestamp>
			</report>
			<report>
				<misses>513600001</misses>
				<total>0</total>
				<timestamp>3246.598121</timestamp>
			</report>
			<report>
				<misses>513700001</misses>
				<total>0</total>
				<timestamp>3247.231925</timestamp>
			</report>
			<report>
				<misses>513800001</misses>
				<total>0</total>
				<timestamp>3247.864113</timestamp>
			</report>
			<report>
				<misses>513900001</misses>
				<total>0</total>
				<timestamp>3248.491720</timestamp>
			</report>
			<report>
				<misses>514000001</misses>
				<total>0</total>
				<timestamp>3249.125242</timestamp>
			</report>
			<report>
				<misses>514100001</misses>
				<total>0</total>
				<timestamp>3249.754761</timestamp>
			</report>
			<report>
				<misses>514200001</misses>
				<total>0</total>
				<timestamp>3250.387833</timestamp>
			</report>
			<report>
				<misses>514300001</misses>
				<total>0</total>
				<timestamp>3251.020623</timestamp>
			</report>
			<report>
				<misses>514400001</misses>
				<total>0</total>
				<timestamp>3251.654102</timestamp>
			</report>
			<report>
				<misses>514500001</misses>
				<total>0</total>
				<timestamp>3252.294764</timestamp>
			</report>
			<report>
				<misses>514600001</misses>
				<total>0</total>
				<timestamp>3252.931518</timestamp>
			</report>
			<report>
				<misses>514700001</misses>
				<total>0</total>
				<timestamp>3253.567690</timestamp>
			</report>
			<report>
				<misses>514800001</misses>
				<total>0</total>
				<timestamp>3254.203460</timestamp>
			</report>
			<report>
				<misses>514900001</misses>
				<total>0</total>
				<timestamp>3254.846566</timestamp>
			</report>
			<report>
				<misses>515000001</misses>
				<total>0</total>
				<timestamp>3255.481545</timestamp>
			</report>
			<report>
				<misses>515100001</misses>
				<total>0</total>
				<timestamp>3256.117211</timestamp>
			</report>
			<report>
				<misses>515200001</misses>
				<total>0</total>
				<timestamp>3256.758573</timestamp>
			</report>
			<report>
				<misses>515300001</misses>
				<total>0</total>
				<timestamp>3257.393466</timestamp>
			</report>
			<report>
				<misses>515400001</misses>
				<total>0</total>
				<timestamp>3258.021248</timestamp>
			</report>
			<report>
				<misses>515500001</misses>
				<total>0</total>
				<timestamp>3258.646876</timestamp>
			</report>
			<report>
				<misses>515600001</misses>
				<total>0</total>
				<timestamp>3259.270894</timestamp>
			</report>
			<report>
				<misses>515700001</misses>
				<total>0</total>
				<timestamp>3259.896902</timestamp>
			</report>
			<report>
				<misses>515800001</misses>
				<total>0</total>
				<timestamp>3260.521723</timestamp>
			</report>
			<report>
				<misses>515900001</misses>
				<total>0</total>
				<timestamp>3261.151019</timestamp>
			</report>
			<report>
				<misses>516000001</misses>
				<total>0</total>
				<timestamp>3261.776597</timestamp>
			</report>
			<report>
				<misses>516100001</misses>
				<total>0</total>
				<timestamp>3262.403361</timestamp>
			</report>
			<report>
				<misses>516200001</misses>
				<total>0</total>
				<timestamp>3263.030409</timestamp>
			</report>
			<report>
				<misses>516300001</misses>
				<total>0</total>
				<timestamp>3263.657456</timestamp>
			</report>
			<report>
				<misses>516400001</misses>
				<total>0</total>
				<timestamp>3264.285316</timestamp>
			</report>
			<report>
				<misses>516500001</misses>
				<total>0</total>
				<timestamp>3264.914929</timestamp>
			</report>
			<report>
				<misses>516600001</misses>
				<total>0</total>
				<timestamp>3265.542237</timestamp>
			</report>
			<report>
				<misses>516700001</misses>
				<total>0</total>
				<timestamp>3266.169921</timestamp>
			</report>
			<report>
				<misses>516800001</misses>
				<total>0</total>
				<timestamp>3266.797369</timestamp>
			</report>
			<report>
				<misses>516900001</misses>
				<total>0</total>
				<timestamp>3267.428022</timestamp>
			</report>
			<report>
				<misses>517000001</misses>
				<total>0</total>
				<timestamp>3268.058553</timestamp>
			</report>
			<report>
				<misses>517100001</misses>
				<total>0</total>
				<timestamp>3268.689510</timestamp>
			</report>
			<report>
				<misses>517200001</misses>
				<total>0</total>
				<timestamp>3269.318332</timestamp>
			</report>
			<report>
				<misses>517300001</misses>
				<total>0</total>
				<timestamp>3269.943504</timestamp>
			</report>
			<report>
				<misses>517400001</misses>
				<total>0</total>
				<timestamp>3270.568762</timestamp>
			</report>
			<report>
				<misses>517500001</misses>
				<total>0</total>
				<timestamp>3271.194225</timestamp>
			</report>
			<report>
				<misses>517600001</misses>
				<total>0</total>
				<timestamp>3271.819214</timestamp>
			</report>
			<report>
				<misses>517700001</misses>
				<total>0</total>
				<timestamp>3272.445284</timestamp>
			</report>
			<report>
				<misses>517800001</misses>
				<total>0</total>
				<timestamp>3273.085472</timestamp>
			</report>
			<report>
				<misses>517900001</misses>
				<total>0</total>
				<timestamp>3273.709304</timestamp>
			</report>
			<report>
				<misses>518000001</misses>
				<total>0</total>
				<timestamp>3274.335539</timestamp>
			</report>
			<report>
				<misses>518100001</misses>
				<total>0</total>
				<timestamp>3274.972610</timestamp>
			</report>
			<report>
				<misses>518200001</misses>
				<total>0</total>
				<timestamp>3275.609636</timestamp>
			</report>
			<report>
				<misses>518300001</misses>
				<total>0</total>
				<timestamp>3276.249836</timestamp>
			</report>
			<report>
				<misses>518400001</misses>
				<total>0</total>
				<timestamp>3276.886854</timestamp>
			</report>
			<report>
				<misses>518500001</misses>
				<total>0</total>
				<timestamp>3277.523913</timestamp>
			</report>
			<report>
				<misses>518600001</misses>
				<total>0</total>
				<timestamp>3278.160707</timestamp>
			</report>
			<report>
				<misses>518700001</misses>
				<total>0</total>
				<timestamp>3278.795161</timestamp>
			</report>
			<report>
				<misses>518800001</misses>
				<total>0</total>
				<timestamp>3279.424149</timestamp>
			</report>
			<report>
				<misses>518900001</misses>
				<total>0</total>
				<timestamp>3280.049156</timestamp>
			</report>
			<report>
				<misses>519000001</misses>
				<total>0</total>
				<timestamp>3280.677155</timestamp>
			</report>
			<report>
				<misses>519100001</misses>
				<total>0</total>
				<timestamp>3281.306509</timestamp>
			</report>
			<report>
				<misses>519200001</misses>
				<total>0</total>
				<timestamp>3281.938928</timestamp>
			</report>
			<report>
				<misses>519300001</misses>
				<total>0</total>
				<timestamp>3282.566627</timestamp>
			</report>
			<report>
				<misses>519400001</misses>
				<total>0</total>
				<timestamp>3283.192008</timestamp>
			</report>
			<report>
				<misses>519500001</misses>
				<total>0</total>
				<timestamp>3283.817776</timestamp>
			</report>
			<report>
				<misses>519600001</misses>
				<total>0</total>
				<timestamp>3284.443938</timestamp>
			</report>
			<report>
				<misses>519700001</misses>
				<total>0</total>
				<timestamp>3285.072648</timestamp>
			</report>
			<report>
				<misses>519800001</misses>
				<total>0</total>
				<timestamp>3285.697546</timestamp>
			</report>
			<report>
				<misses>519900001</misses>
				<total>0</total>
				<timestamp>3286.323276</timestamp>
			</report>
			<report>
				<misses>520000001</misses>
				<total>0</total>
				<timestamp>3286.948745</timestamp>
			</report>
			<report>
				<misses>520100001</misses>
				<total>0</total>
				<timestamp>3287.574149</timestamp>
			</report>
			<report>
				<misses>520200001</misses>
				<total>0</total>
				<timestamp>3288.199635</timestamp>
			</report>
			<report>
				<misses>520300001</misses>
				<total>0</total>
				<timestamp>3288.828312</timestamp>
			</report>
			<report>
				<misses>520400001</misses>
				<total>0</total>
				<timestamp>3289.452171</timestamp>
			</report>
			<report>
				<misses>520500001</misses>
				<total>0</total>
				<timestamp>3290.076870</timestamp>
			</report>
			<report>
				<misses>520600001</misses>
				<total>0</total>
				<timestamp>3290.703406</timestamp>
			</report>
			<report>
				<misses>520700001</misses>
				<total>0</total>
				<timestamp>3291.347180</timestamp>
			</report>
			<report>
				<misses>520800001</misses>
				<total>0</total>
				<timestamp>3291.987783</timestamp>
			</report>
			<report>
				<misses>520900001</misses>
				<total>0</total>
				<timestamp>3292.620928</timestamp>
			</report>
			<report>
				<misses>521000001</misses>
				<total>0</total>
				<timestamp>3293.246714</timestamp>
			</report>
			<report>
				<misses>521100001</misses>
				<total>0</total>
				<timestamp>3293.870049</timestamp>
			</report>
			<report>
				<misses>521200001</misses>
				<total>0</total>
				<timestamp>3294.496960</timestamp>
			</report>
			<report>
				<misses>521300001</misses>
				<total>0</total>
				<timestamp>3295.124987</timestamp>
			</report>
			<report>
				<misses>521400001</misses>
				<total>0</total>
				<timestamp>3295.768592</timestamp>
			</report>
			<report>
				<misses>521500001</misses>
				<total>0</total>
				<timestamp>3296.401273</timestamp>
			</report>
			<report>
				<misses>521600001</misses>
				<total>0</total>
				<timestamp>3297.038995</timestamp>
			</report>
			<report>
				<misses>521700001</misses>
				<total>0</total>
				<timestamp>3297.687778</timestamp>
			</report>
			<report>
				<misses>521800001</misses>
				<total>0</total>
				<timestamp>3298.339105</timestamp>
			</report>
			<report>
				<misses>521900001</misses>
				<total>0</total>
				<timestamp>3298.990390</timestamp>
			</report>
			<report>
				<misses>522000001</misses>
				<total>0</total>
				<timestamp>3299.638126</timestamp>
			</report>
			<report>
				<misses>522100001</misses>
				<total>0</total>
				<timestamp>3300.286125</timestamp>
			</report>
			<report>
				<misses>522200001</misses>
				<total>0</total>
				<timestamp>3300.934420</timestamp>
			</report>
			<report>
				<misses>522300001</misses>
				<total>0</total>
				<timestamp>3301.582448</timestamp>
			</report>
			<report>
				<misses>522400001</misses>
				<total>0</total>
				<timestamp>3302.230645</timestamp>
			</report>
			<report>
				<misses>522500001</misses>
				<total>0</total>
				<timestamp>3302.864622</timestamp>
			</report>
			<report>
				<misses>522600001</misses>
				<total>0</total>
				<timestamp>3303.487624</timestamp>
			</report>
			<report>
				<misses>522700001</misses>
				<total>0</total>
				<timestamp>3304.111059</timestamp>
			</report>
			<report>
				<misses>522800001</misses>
				<total>0</total>
				<timestamp>3304.737483</timestamp>
			</report>
			<report>
				<misses>522900001</misses>
				<total>0</total>
				<timestamp>3305.359089</timestamp>
			</report>
			<report>
				<misses>523000001</misses>
				<total>0</total>
				<timestamp>3305.989900</timestamp>
			</report>
			<report>
				<misses>523100001</misses>
				<total>0</total>
				<timestamp>3306.619911</timestamp>
			</report>
			<report>
				<misses>523200001</misses>
				<total>0</total>
				<timestamp>3307.248398</timestamp>
			</report>
			<report>
				<misses>523300001</misses>
				<total>0</total>
				<timestamp>3307.872903</timestamp>
			</report>
			<report>
				<misses>523400001</misses>
				<total>0</total>
				<timestamp>3308.497859</timestamp>
			</report>
			<report>
				<misses>523500001</misses>
				<total>0</total>
				<timestamp>3309.127664</timestamp>
			</report>
			<report>
				<misses>523600001</misses>
				<total>0</total>
				<timestamp>3309.758637</timestamp>
			</report>
			<report>
				<misses>523700001</misses>
				<total>0</total>
				<timestamp>3310.389247</timestamp>
			</report>
			<report>
				<misses>523800001</misses>
				<total>0</total>
				<timestamp>3311.019886</timestamp>
			</report>
			<report>
				<misses>523900001</misses>
				<total>0</total>
				<timestamp>3311.654647</timestamp>
			</report>
			<report>
				<misses>524000001</misses>
				<total>0</total>
				<timestamp>3312.284290</timestamp>
			</report>
			<report>
				<misses>524100001</misses>
				<total>0</total>
				<timestamp>3312.914892</timestamp>
			</report>
			<report>
				<misses>524200001</misses>
				<total>0</total>
				<timestamp>3313.545620</timestamp>
			</report>
			<report>
				<misses>524300001</misses>
				<total>0</total>
				<timestamp>3314.178642</timestamp>
			</report>
			<report>
				<misses>524400001</misses>
				<total>0</total>
				<timestamp>3314.806773</timestamp>
			</report>
			<report>
				<misses>524500001</misses>
				<total>0</total>
				<timestamp>3315.439141</timestamp>
			</report>
			<report>
				<misses>524600001</misses>
				<total>0</total>
				<timestamp>3316.082251</timestamp>
			</report>
			<report>
				<misses>524700001</misses>
				<total>0</total>
				<timestamp>3316.727452</timestamp>
			</report>
			<report>
				<misses>524800001</misses>
				<total>0</total>
				<timestamp>3317.355314</timestamp>
			</report>
			<report>
				<misses>524900001</misses>
				<total>0</total>
				<timestamp>3317.983525</timestamp>
			</report>
			<report>
				<misses>525000001</misses>
				<total>0</total>
				<timestamp>3318.610968</timestamp>
			</report>
			<report>
				<misses>525100001</misses>
				<total>0</total>
				<timestamp>3319.239160</timestamp>
			</report>
			<report>
				<misses>525200001</misses>
				<total>0</total>
				<timestamp>3319.865882</timestamp>
			</report>
			<report>
				<misses>525300001</misses>
				<total>0</total>
				<timestamp>3320.491923</timestamp>
			</report>
			<report>
				<misses>525400001</misses>
				<total>0</total>
				<timestamp>3321.118267</timestamp>
			</report>
			<report>
				<misses>525500001</misses>
				<total>0</total>
				<timestamp>3321.744193</timestamp>
			</report>
			<report>
				<misses>525600001</misses>
				<total>0</total>
				<timestamp>3322.370606</timestamp>
			</report>
			<report>
				<misses>525700001</misses>
				<total>0</total>
				<timestamp>3322.997174</timestamp>
			</report>
			<report>
				<misses>525800001</misses>
				<total>0</total>
				<timestamp>3323.623813</timestamp>
			</report>
			<report>
				<misses>525900001</misses>
				<total>0</total>
				<timestamp>3324.250662</timestamp>
			</report>
			<report>
				<misses>526000001</misses>
				<total>0</total>
				<timestamp>3324.876730</timestamp>
			</report>
			<report>
				<misses>526100001</misses>
				<total>0</total>
				<timestamp>3325.503057</timestamp>
			</report>
			<report>
				<misses>526200001</misses>
				<total>0</total>
				<timestamp>3326.138613</timestamp>
			</report>
			<report>
				<misses>526300001</misses>
				<total>0</total>
				<timestamp>3326.764832</timestamp>
			</report>
			<report>
				<misses>526400001</misses>
				<total>0</total>
				<timestamp>3327.391195</timestamp>
			</report>
			<report>
				<misses>526500001</misses>
				<total>0</total>
				<timestamp>3328.017812</timestamp>
			</report>
			<report>
				<misses>526600001</misses>
				<total>0</total>
				<timestamp>3328.644050</timestamp>
			</report>
			<report>
				<misses>526700001</misses>
				<total>0</total>
				<timestamp>3329.270108</timestamp>
			</report>
			<report>
				<misses>526800001</misses>
				<total>0</total>
				<timestamp>3329.896688</timestamp>
			</report>
			<report>
				<misses>526900001</misses>
				<total>0</total>
				<timestamp>3330.522982</timestamp>
			</report>
			<report>
				<misses>527000001</misses>
				<total>0</total>
				<timestamp>3331.149597</timestamp>
			</report>
			<report>
				<misses>527100001</misses>
				<total>0</total>
				<timestamp>3331.776124</timestamp>
			</report>
			<report>
				<misses>527200001</misses>
				<total>0</total>
				<timestamp>3332.400834</timestamp>
			</report>
			<report>
				<misses>527300001</misses>
				<total>0</total>
				<timestamp>3333.031380</timestamp>
			</report>
			<report>
				<misses>527400001</misses>
				<total>0</total>
				<timestamp>3333.679126</timestamp>
			</report>
			<report>
				<misses>527500001</misses>
				<total>0</total>
				<timestamp>3334.327457</timestamp>
			</report>
			<report>
				<misses>527600001</misses>
				<total>0</total>
				<timestamp>3334.977236</timestamp>
			</report>
			<report>
				<misses>527700001</misses>
				<total>0</total>
				<timestamp>3335.625848</timestamp>
			</report>
			<report>
				<misses>527800001</misses>
				<total>0</total>
				<timestamp>3336.270195</timestamp>
			</report>
			<report>
				<misses>527900001</misses>
				<total>0</total>
				<timestamp>3336.909927</timestamp>
			</report>
			<report>
				<misses>528000001</misses>
				<total>0</total>
				<timestamp>3337.549104</timestamp>
			</report>
			<report>
				<misses>528100001</misses>
				<total>0</total>
				<timestamp>3338.187641</timestamp>
			</report>
			<report>
				<misses>528200001</misses>
				<total>0</total>
				<timestamp>3338.816658</timestamp>
			</report>
			<report>
				<misses>528300001</misses>
				<total>0</total>
				<timestamp>3339.441173</timestamp>
			</report>
			<report>
				<misses>528400001</misses>
				<total>0</total>
				<timestamp>3340.069943</timestamp>
			</report>
			<report>
				<misses>528500001</misses>
				<total>0</total>
				<timestamp>3340.701108</timestamp>
			</report>
			<report>
				<misses>528600001</misses>
				<total>0</total>
				<timestamp>3341.323881</timestamp>
			</report>
			<report>
				<misses>528700001</misses>
				<total>0</total>
				<timestamp>3341.948780</timestamp>
			</report>
			<report>
				<misses>528800001</misses>
				<total>0</total>
				<timestamp>3342.578960</timestamp>
			</report>
			<report>
				<misses>528900001</misses>
				<total>0</total>
				<timestamp>3343.214197</timestamp>
			</report>
			<report>
				<misses>529000001</misses>
				<total>0</total>
				<timestamp>3343.850037</timestamp>
			</report>
			<report>
				<misses>529100001</misses>
				<total>0</total>
				<timestamp>3344.484713</timestamp>
			</report>
			<report>
				<misses>529200001</misses>
				<total>0</total>
				<timestamp>3345.116810</timestamp>
			</report>
			<report>
				<misses>529300001</misses>
				<total>0</total>
				<timestamp>3345.743779</timestamp>
			</report>
			<report>
				<misses>529400001</misses>
				<total>0</total>
				<timestamp>3346.369623</timestamp>
			</report>
			<report>
				<misses>529500001</misses>
				<total>0</total>
				<timestamp>3346.999986</timestamp>
			</report>
			<report>
				<misses>529600001</misses>
				<total>0</total>
				<timestamp>3347.626959</timestamp>
			</report>
			<report>
				<misses>529700001</misses>
				<total>0</total>
				<timestamp>3348.254176</timestamp>
			</report>
			<report>
				<misses>529800001</misses>
				<total>0</total>
				<timestamp>3348.881864</timestamp>
			</report>
			<report>
				<misses>529900001</misses>
				<total>0</total>
				<timestamp>3349.509442</timestamp>
			</report>
			<report>
				<misses>530000001</misses>
				<total>0</total>
				<timestamp>3350.137284</timestamp>
			</report>
			<report>
				<misses>530100001</misses>
				<total>0</total>
				<timestamp>3350.764454</timestamp>
			</report>
			<report>
				<misses>530200001</misses>
				<total>0</total>
				<timestamp>3351.391954</timestamp>
			</report>
			<report>
				<misses>530300001</misses>
				<total>0</total>
				<timestamp>3352.028125</timestamp>
			</report>
			<report>
				<misses>530400001</misses>
				<total>0</total>
				<timestamp>3352.663374</timestamp>
			</report>
			<report>
				<misses>530500001</misses>
				<total>0</total>
				<timestamp>3353.293457</timestamp>
			</report>
			<report>
				<misses>530600001</misses>
				<total>0</total>
				<timestamp>3353.919186</timestamp>
			</report>
			<report>
				<misses>530700001</misses>
				<total>0</total>
				<timestamp>3354.548008</timestamp>
			</report>
			<report>
				<misses>530800001</misses>
				<total>0</total>
				<timestamp>3355.188576</timestamp>
			</report>
			<report>
				<misses>530900001</misses>
				<total>0</total>
				<timestamp>3355.825551</timestamp>
			</report>
			<report>
				<misses>531000001</misses>
				<total>0</total>
				<timestamp>3356.463393</timestamp>
			</report>
			<report>
				<misses>531100001</misses>
				<total>0</total>
				<timestamp>3357.099822</timestamp>
			</report>
			<report>
				<misses>531200001</misses>
				<total>0</total>
				<timestamp>3357.741762</timestamp>
			</report>
			<report>
				<misses>531300001</misses>
				<total>0</total>
				<timestamp>3358.370659</timestamp>
			</report>
			<report>
				<misses>531400001</misses>
				<total>0</total>
				<timestamp>3358.997488</timestamp>
			</report>
			<report>
				<misses>531500001</misses>
				<total>0</total>
				<timestamp>3359.626671</timestamp>
			</report>
			<report>
				<misses>531600001</misses>
				<total>0</total>
				<timestamp>3360.253938</timestamp>
			</report>
			<report>
				<misses>531700001</misses>
				<total>0</total>
				<timestamp>3360.883587</timestamp>
			</report>
			<report>
				<misses>531800001</misses>
				<total>0</total>
				<timestamp>3361.512196</timestamp>
			</report>
			<report>
				<misses>531900001</misses>
				<total>0</total>
				<timestamp>3362.142593</timestamp>
			</report>
			<report>
				<misses>532000001</misses>
				<total>0</total>
				<timestamp>3362.767961</timestamp>
			</report>
			<report>
				<misses>532100001</misses>
				<total>0</total>
				<timestamp>3363.393717</timestamp>
			</report>
			<report>
				<misses>532200001</misses>
				<total>0</total>
				<timestamp>3364.020180</timestamp>
			</report>
			<report>
				<misses>532300001</misses>
				<total>0</total>
				<timestamp>3364.646674</timestamp>
			</report>
			<report>
				<misses>532400001</misses>
				<total>0</total>
				<timestamp>3365.273668</timestamp>
			</report>
			<report>
				<misses>532500001</misses>
				<total>0</total>
				<timestamp>3365.906612</timestamp>
			</report>
			<report>
				<misses>532600001</misses>
				<total>0</total>
				<timestamp>3366.533898</timestamp>
			</report>
			<report>
				<misses>532700001</misses>
				<total>0</total>
				<timestamp>3367.160023</timestamp>
			</report>
			<report>
				<misses>532800001</misses>
				<total>0</total>
				<timestamp>3367.786877</timestamp>
			</report>
			<report>
				<misses>532900001</misses>
				<total>0</total>
				<timestamp>3368.413444</timestamp>
			</report>
			<report>
				<misses>533000001</misses>
				<total>0</total>
				<timestamp>3369.043070</timestamp>
			</report>
			<report>
				<misses>533100001</misses>
				<total>0</total>
				<timestamp>3369.670368</timestamp>
			</report>
			<report>
				<misses>533200001</misses>
				<total>0</total>
				<timestamp>3370.301759</timestamp>
			</report>
			<report>
				<misses>533300001</misses>
				<total>0</total>
				<timestamp>3370.940268</timestamp>
			</report>
			<report>
				<misses>533400001</misses>
				<total>0</total>
				<timestamp>3371.579586</timestamp>
			</report>
			<report>
				<misses>533500001</misses>
				<total>0</total>
				<timestamp>3372.219612</timestamp>
			</report>
			<report>
				<misses>533600001</misses>
				<total>0</total>
				<timestamp>3372.860123</timestamp>
			</report>
			<report>
				<misses>533700001</misses>
				<total>0</total>
				<timestamp>3373.501004</timestamp>
			</report>
			<report>
				<misses>533800001</misses>
				<total>0</total>
				<timestamp>3374.141529</timestamp>
			</report>
			<report>
				<misses>533900001</misses>
				<total>0</total>
				<timestamp>3374.782052</timestamp>
			</report>
			<report>
				<misses>534000001</misses>
				<total>0</total>
				<timestamp>3375.420937</timestamp>
			</report>
			<report>
				<misses>534100001</misses>
				<total>0</total>
				<timestamp>3376.052477</timestamp>
			</report>
			<report>
				<misses>534200001</misses>
				<total>0</total>
				<timestamp>3376.678021</timestamp>
			</report>
			<report>
				<misses>534300001</misses>
				<total>0</total>
				<timestamp>3377.307124</timestamp>
			</report>
			<report>
				<misses>534400001</misses>
				<total>0</total>
				<timestamp>3377.942230</timestamp>
			</report>
			<report>
				<misses>534500001</misses>
				<total>0</total>
				<timestamp>3378.567339</timestamp>
			</report>
			<report>
				<misses>534600001</misses>
				<total>0</total>
				<timestamp>3379.195206</timestamp>
			</report>
			<report>
				<misses>534700001</misses>
				<total>0</total>
				<timestamp>3379.823371</timestamp>
			</report>
			<report>
				<misses>534800001</misses>
				<total>0</total>
				<timestamp>3380.441324</timestamp>
			</report>
			<report>
				<misses>534900001</misses>
				<total>0</total>
				<timestamp>3381.065407</timestamp>
			</report>
			<report>
				<misses>535000001</misses>
				<total>0</total>
				<timestamp>3381.683523</timestamp>
			</report>
			<report>
				<misses>535100001</misses>
				<total>0</total>
				<timestamp>3382.314979</timestamp>
			</report>
			<report>
				<misses>535200001</misses>
				<total>0</total>
				<timestamp>3382.935837</timestamp>
			</report>
			<report>
				<misses>535300001</misses>
				<total>0</total>
				<timestamp>3383.554349</timestamp>
			</report>
			<report>
				<misses>535400001</misses>
				<total>0</total>
				<timestamp>3384.173820</timestamp>
			</report>
			<report>
				<misses>535500001</misses>
				<total>0</total>
				<timestamp>3384.793644</timestamp>
			</report>
			<report>
				<misses>535600001</misses>
				<total>0</total>
				<timestamp>3385.433625</timestamp>
			</report>
			<report>
				<misses>535700001</misses>
				<total>0</total>
				<timestamp>3386.058633</timestamp>
			</report>
			<report>
				<misses>535800001</misses>
				<total>0</total>
				<timestamp>3386.684221</timestamp>
			</report>
			<report>
				<misses>535900001</misses>
				<total>0</total>
				<timestamp>3387.309298</timestamp>
			</report>
			<report>
				<misses>536000001</misses>
				<total>0</total>
				<timestamp>3387.934636</timestamp>
			</report>
			<report>
				<misses>536100001</misses>
				<total>0</total>
				<timestamp>3388.560300</timestamp>
			</report>
			<report>
				<misses>536200001</misses>
				<total>0</total>
				<timestamp>3389.185725</timestamp>
			</report>
			<report>
				<misses>536300001</misses>
				<total>0</total>
				<timestamp>3389.811276</timestamp>
			</report>
			<report>
				<misses>536400001</misses>
				<total>0</total>
				<timestamp>3390.436440</timestamp>
			</report>
			<report>
				<misses>536500001</misses>
				<total>0</total>
				<timestamp>3391.069271</timestamp>
			</report>
			<report>
				<misses>536600001</misses>
				<total>0</total>
				<timestamp>3391.696080</timestamp>
			</report>
			<report>
				<misses>536700001</misses>
				<total>0</total>
				<timestamp>3392.324169</timestamp>
			</report>
			<report>
				<misses>536800001</misses>
				<total>0</total>
				<timestamp>3392.949484</timestamp>
			</report>
			<report>
				<misses>536900001</misses>
				<total>0</total>
				<timestamp>3393.574459</timestamp>
			</report>
			<report>
				<misses>537000001</misses>
				<total>0</total>
				<timestamp>3394.198752</timestamp>
			</report>
			<report>
				<misses>537100001</misses>
				<total>0</total>
				<timestamp>3394.824048</timestamp>
			</report>
			<report>
				<misses>537200001</misses>
				<total>0</total>
				<timestamp>3395.448145</timestamp>
			</report>
			<report>
				<misses>537300001</misses>
				<total>0</total>
				<timestamp>3396.075039</timestamp>
			</report>
			<report>
				<misses>537400001</misses>
				<total>0</total>
				<timestamp>3396.699678</timestamp>
			</report>
			<report>
				<misses>537500001</misses>
				<total>0</total>
				<timestamp>3397.324131</timestamp>
			</report>
			<report>
				<misses>537600001</misses>
				<total>0</total>
				<timestamp>3397.951323</timestamp>
			</report>
			<report>
				<misses>537700001</misses>
				<total>0</total>
				<timestamp>3398.580482</timestamp>
			</report>
			<report>
				<misses>537800001</misses>
				<total>0</total>
				<timestamp>3399.214996</timestamp>
			</report>
			<report>
				<misses>537900001</misses>
				<total>0</total>
				<timestamp>3399.849585</timestamp>
			</report>
			<report>
				<misses>538000001</misses>
				<total>0</total>
				<timestamp>3400.479143</timestamp>
			</report>
			<report>
				<misses>538100001</misses>
				<total>0</total>
				<timestamp>3401.108499</timestamp>
			</report>
			<report>
				<misses>538200001</misses>
				<total>0</total>
				<timestamp>3401.739108</timestamp>
			</report>
			<report>
				<misses>538300001</misses>
				<total>0</total>
				<timestamp>3402.367318</timestamp>
			</report>
			<report>
				<misses>538400001</misses>
				<total>0</total>
				<timestamp>3402.995091</timestamp>
			</report>
			<report>
				<misses>538500001</misses>
				<total>0</total>
				<timestamp>3403.623446</timestamp>
			</report>
			<report>
				<misses>538600001</misses>
				<total>0</total>
				<timestamp>3404.250517</timestamp>
			</report>
			<report>
				<misses>538700001</misses>
				<total>0</total>
				<timestamp>3404.881239</timestamp>
			</report>
			<report>
				<misses>538800001</misses>
				<total>0</total>
				<timestamp>3405.509469</timestamp>
			</report>
			<report>
				<misses>538900001</misses>
				<total>0</total>
				<timestamp>3406.137250</timestamp>
			</report>
			<report>
				<misses>539000001</misses>
				<total>0</total>
				<timestamp>3406.765186</timestamp>
			</report>
			<report>
				<misses>539100001</misses>
				<total>0</total>
				<timestamp>3407.393130</timestamp>
			</report>
			<report>
				<misses>539200001</misses>
				<total>0</total>
				<timestamp>3408.020940</timestamp>
			</report>
			<report>
				<misses>539300001</misses>
				<total>0</total>
				<timestamp>3408.648538</timestamp>
			</report>
			<report>
				<misses>539400001</misses>
				<total>0</total>
				<timestamp>3409.275891</timestamp>
			</report>
			<report>
				<misses>539500001</misses>
				<total>0</total>
				<timestamp>3409.903515</timestamp>
			</report>
			<report>
				<misses>539600001</misses>
				<total>0</total>
				<timestamp>3410.530986</timestamp>
			</report>
			<report>
				<misses>539700001</misses>
				<total>0</total>
				<timestamp>3411.159460</timestamp>
			</report>
			<report>
				<misses>539800001</misses>
				<total>0</total>
				<timestamp>3411.787985</timestamp>
			</report>
			<report>
				<misses>539900001</misses>
				<total>0</total>
				<timestamp>3412.415453</timestamp>
			</report>
			<report>
				<misses>540000001</misses>
				<total>0</total>
				<timestamp>3413.043335</timestamp>
			</report>
			<report>
				<misses>540100001</misses>
				<total>0</total>
				<timestamp>3413.675224</timestamp>
			</report>
			<report>
				<misses>540200001</misses>
				<total>0</total>
				<timestamp>3414.301767</timestamp>
			</report>
			<report>
				<misses>540300001</misses>
				<total>0</total>
				<timestamp>3414.927476</timestamp>
			</report>
			<report>
				<misses>540400001</misses>
				<total>0</total>
				<timestamp>3415.551902</timestamp>
			</report>
			<report>
				<misses>540500001</misses>
				<total>0</total>
				<timestamp>3416.177020</timestamp>
			</report>
			<report>
				<misses>540600001</misses>
				<total>0</total>
				<timestamp>3416.802457</timestamp>
			</report>
			<report>
				<misses>540700001</misses>
				<total>0</total>
				<timestamp>3417.428198</timestamp>
			</report>
			<report>
				<misses>540800001</misses>
				<total>0</total>
				<timestamp>3418.052919</timestamp>
			</report>
			<report>
				<misses>540900001</misses>
				<total>0</total>
				<timestamp>3418.679045</timestamp>
			</report>
			<report>
				<misses>541000001</misses>
				<total>0</total>
				<timestamp>3419.304546</timestamp>
			</report>
			<report>
				<misses>541100001</misses>
				<total>0</total>
				<timestamp>3419.930702</timestamp>
			</report>
			<report>
				<misses>541200001</misses>
				<total>0</total>
				<timestamp>3420.556454</timestamp>
			</report>
			<report>
				<misses>541300001</misses>
				<total>0</total>
				<timestamp>3421.182302</timestamp>
			</report>
			<report>
				<misses>541400001</misses>
				<total>0</total>
				<timestamp>3421.808707</timestamp>
			</report>
			<report>
				<misses>541500001</misses>
				<total>0</total>
				<timestamp>3422.435227</timestamp>
			</report>
			<report>
				<misses>541600001</misses>
				<total>0</total>
				<timestamp>3423.061529</timestamp>
			</report>
			<report>
				<misses>541700001</misses>
				<total>0</total>
				<timestamp>3423.688310</timestamp>
			</report>
			<report>
				<misses>541800001</misses>
				<total>0</total>
				<timestamp>3424.318702</timestamp>
			</report>
			<report>
				<misses>541900001</misses>
				<total>0</total>
				<timestamp>3424.948078</timestamp>
			</report>
			<report>
				<misses>542000001</misses>
				<total>0</total>
				<timestamp>3425.576375</timestamp>
			</report>
			<report>
				<misses>542100001</misses>
				<total>0</total>
				<timestamp>3426.207196</timestamp>
			</report>
			<report>
				<misses>542200001</misses>
				<total>0</total>
				<timestamp>3426.832475</timestamp>
			</report>
			<report>
				<misses>542300001</misses>
				<total>0</total>
				<timestamp>3427.455684</timestamp>
			</report>
			<report>
				<misses>542400001</misses>
				<total>0</total>
				<timestamp>3428.084882</timestamp>
			</report>
			<report>
				<misses>542500001</misses>
				<total>0</total>
				<timestamp>3428.717848</timestamp>
			</report>
			<report>
				<misses>542600001</misses>
				<total>0</total>
				<timestamp>3429.351343</timestamp>
			</report>
			<report>
				<misses>542700001</misses>
				<total>0</total>
				<timestamp>3429.995698</timestamp>
			</report>
			<report>
				<misses>542800001</misses>
				<total>0</total>
				<timestamp>3430.633721</timestamp>
			</report>
			<report>
				<misses>542900001</misses>
				<total>0</total>
				<timestamp>3431.270986</timestamp>
			</report>
			<report>
				<misses>543000001</misses>
				<total>0</total>
				<timestamp>3431.900583</timestamp>
			</report>
			<report>
				<misses>543100001</misses>
				<total>0</total>
				<timestamp>3432.527477</timestamp>
			</report>
			<report>
				<misses>543200001</misses>
				<total>0</total>
				<timestamp>3433.157110</timestamp>
			</report>
			<report>
				<misses>543300001</misses>
				<total>0</total>
				<timestamp>3433.790812</timestamp>
			</report>
			<report>
				<misses>543400001</misses>
				<total>0</total>
				<timestamp>3434.417905</timestamp>
			</report>
			<report>
				<misses>543500001</misses>
				<total>0</total>
				<timestamp>3435.043717</timestamp>
			</report>
			<report>
				<misses>543600001</misses>
				<total>0</total>
				<timestamp>3435.669152</timestamp>
			</report>
			<report>
				<misses>543700001</misses>
				<total>0</total>
				<timestamp>3436.294775</timestamp>
			</report>
			<report>
				<misses>543800001</misses>
				<total>0</total>
				<timestamp>3436.920511</timestamp>
			</report>
			<report>
				<misses>543900001</misses>
				<total>0</total>
				<timestamp>3437.547841</timestamp>
			</report>
			<report>
				<misses>544000001</misses>
				<total>0</total>
				<timestamp>3438.174620</timestamp>
			</report>
			<report>
				<misses>544100001</misses>
				<total>0</total>
				<timestamp>3438.801918</timestamp>
			</report>
			<report>
				<misses>544200001</misses>
				<total>0</total>
				<timestamp>3439.429741</timestamp>
			</report>
			<report>
				<misses>544300001</misses>
				<total>0</total>
				<timestamp>3440.058062</timestamp>
			</report>
			<report>
				<misses>544400001</misses>
				<total>0</total>
				<timestamp>3440.685773</timestamp>
			</report>
			<report>
				<misses>544500001</misses>
				<total>0</total>
				<timestamp>3441.314213</timestamp>
			</report>
			<report>
				<misses>544600001</misses>
				<total>0</total>
				<timestamp>3441.944450</timestamp>
			</report>
			<report>
				<misses>544700001</misses>
				<total>0</total>
				<timestamp>3442.571558</timestamp>
			</report>
			<report>
				<misses>544800001</misses>
				<total>0</total>
				<timestamp>3443.198295</timestamp>
			</report>
			<report>
				<misses>544900001</misses>
				<total>0</total>
				<timestamp>3443.826977</timestamp>
			</report>
			<report>
				<misses>545000001</misses>
				<total>0</total>
				<timestamp>3444.473473</timestamp>
			</report>
			<report>
				<misses>545100001</misses>
				<total>0</total>
				<timestamp>3445.121579</timestamp>
			</report>
			<report>
				<misses>545200001</misses>
				<total>0</total>
				<timestamp>3445.776152</timestamp>
			</report>
			<report>
				<misses>545300001</misses>
				<total>0</total>
				<timestamp>3446.431729</timestamp>
			</report>
			<report>
				<misses>545400001</misses>
				<total>0</total>
				<timestamp>3447.087089</timestamp>
			</report>
			<report>
				<misses>545500001</misses>
				<total>0</total>
				<timestamp>3447.734161</timestamp>
			</report>
			<report>
				<misses>545600001</misses>
				<total>0</total>
				<timestamp>3448.360654</timestamp>
			</report>
			<report>
				<misses>545700001</misses>
				<total>0</total>
				<timestamp>3448.991326</timestamp>
			</report>
			<report>
				<misses>545800001</misses>
				<total>0</total>
				<timestamp>3449.620914</timestamp>
			</report>
			<report>
				<misses>545900001</misses>
				<total>0</total>
				<timestamp>3450.261052</timestamp>
			</report>
			<report>
				<misses>546000001</misses>
				<total>0</total>
				<timestamp>3450.914274</timestamp>
			</report>
			<report>
				<misses>546100001</misses>
				<total>0</total>
				<timestamp>3451.543861</timestamp>
			</report>
			<report>
				<misses>546200001</misses>
				<total>0</total>
				<timestamp>3452.193713</timestamp>
			</report>
			<report>
				<misses>546300001</misses>
				<total>0</total>
				<timestamp>3452.892470</timestamp>
			</report>
			<report>
				<misses>546400001</misses>
				<total>0</total>
				<timestamp>3453.600821</timestamp>
			</report>
			<report>
				<misses>546500001</misses>
				<total>0</total>
				<timestamp>3454.308697</timestamp>
			</report>
			<report>
				<misses>546600001</misses>
				<total>0</total>
				<timestamp>3455.007184</timestamp>
			</report>
			<report>
				<misses>546700001</misses>
				<total>0</total>
				<timestamp>3455.705009</timestamp>
			</report>
			<report>
				<misses>546800001</misses>
				<total>0</total>
				<timestamp>3456.386633</timestamp>
			</report>
			<report>
				<misses>546900001</misses>
				<total>0</total>
				<timestamp>3457.035479</timestamp>
			</report>
			<report>
				<misses>547000001</misses>
				<total>0</total>
				<timestamp>3457.678061</timestamp>
			</report>
			<report>
				<misses>547100001</misses>
				<total>0</total>
				<timestamp>3458.315632</timestamp>
			</report>
			<report>
				<misses>547200001</misses>
				<total>0</total>
				<timestamp>3458.951653</timestamp>
			</report>
			<report>
				<misses>547300001</misses>
				<total>0</total>
				<timestamp>3459.591811</timestamp>
			</report>
			<report>
				<misses>547400001</misses>
				<total>0</total>
				<timestamp>3460.234265</timestamp>
			</report>
			<report>
				<misses>547500001</misses>
				<total>0</total>
				<timestamp>3460.896090</timestamp>
			</report>
			<report>
				<misses>547600001</misses>
				<total>0</total>
				<timestamp>3461.595746</timestamp>
			</report>
			<report>
				<misses>547700001</misses>
				<total>0</total>
				<timestamp>3462.238070</timestamp>
			</report>
			<report>
				<misses>547800001</misses>
				<total>0</total>
				<timestamp>3462.871386</timestamp>
			</report>
			<report>
				<misses>547900001</misses>
				<total>0</total>
				<timestamp>3463.505951</timestamp>
			</report>
			<report>
				<misses>548000001</misses>
				<total>0</total>
				<timestamp>3464.143464</timestamp>
			</report>
			<report>
				<misses>548100001</misses>
				<total>0</total>
				<timestamp>3464.783766</timestamp>
			</report>
			<report>
				<misses>548200001</misses>
				<total>0</total>
				<timestamp>3465.422406</timestamp>
			</report>
			<report>
				<misses>548300001</misses>
				<total>0</total>
				<timestamp>3466.055301</timestamp>
			</report>
			<report>
				<misses>548400001</misses>
				<total>0</total>
				<timestamp>3466.706743</timestamp>
			</report>
			<report>
				<misses>548500001</misses>
				<total>0</total>
				<timestamp>3467.332066</timestamp>
			</report>
			<report>
				<misses>548600001</misses>
				<total>0</total>
				<timestamp>3467.976620</timestamp>
			</report>
			<report>
				<misses>548700001</misses>
				<total>0</total>
				<timestamp>3468.661690</timestamp>
			</report>
			<report>
				<misses>548800001</misses>
				<total>0</total>
				<timestamp>3469.303172</timestamp>
			</report>
			<report>
				<misses>548900001</misses>
				<total>0</total>
				<timestamp>3469.957019</timestamp>
			</report>
			<report>
				<misses>549000001</misses>
				<total>0</total>
				<timestamp>3470.596147</timestamp>
			</report>
			<report>
				<misses>549100001</misses>
				<total>0</total>
				<timestamp>3471.268081</timestamp>
			</report>
			<report>
				<misses>549200001</misses>
				<total>0</total>
				<timestamp>3471.922323</timestamp>
			</report>
			<report>
				<misses>549300001</misses>
				<total>0</total>
				<timestamp>3472.553247</timestamp>
			</report>
			<report>
				<misses>549400001</misses>
				<total>0</total>
				<timestamp>3473.205377</timestamp>
			</report>
			<report>
				<misses>549500001</misses>
				<total>0</total>
				<timestamp>3473.861056</timestamp>
			</report>
			<report>
				<misses>549600001</misses>
				<total>0</total>
				<timestamp>3474.485590</timestamp>
			</report>
			<report>
				<misses>549700001</misses>
				<total>0</total>
				<timestamp>3475.110670</timestamp>
			</report>
			<report>
				<misses>549800001</misses>
				<total>0</total>
				<timestamp>3475.740765</timestamp>
			</report>
			<report>
				<misses>549900001</misses>
				<total>0</total>
				<timestamp>3476.362375</timestamp>
			</report>
			<report>
				<misses>550000001</misses>
				<total>0</total>
				<timestamp>3476.995415</timestamp>
			</report>
			<report>
				<misses>550100001</misses>
				<total>0</total>
				<timestamp>3477.642359</timestamp>
			</report>
			<report>
				<misses>550200001</misses>
				<total>0</total>
				<timestamp>3478.288545</timestamp>
			</report>
			<report>
				<misses>550300001</misses>
				<total>0</total>
				<timestamp>3478.938712</timestamp>
			</report>
			<report>
				<misses>550400001</misses>
				<total>0</total>
				<timestamp>3479.569655</timestamp>
			</report>
			<report>
				<misses>550500001</misses>
				<total>0</total>
				<timestamp>3480.205796</timestamp>
			</report>
			<report>
				<misses>550600001</misses>
				<total>0</total>
				<timestamp>3480.845369</timestamp>
			</report>
			<report>
				<misses>550700001</misses>
				<total>0</total>
				<timestamp>3481.518922</timestamp>
			</report>
			<report>
				<misses>550800001</misses>
				<total>0</total>
				<timestamp>3482.199059</timestamp>
			</report>
			<report>
				<misses>550900001</misses>
				<total>0</total>
				<timestamp>3482.860670</timestamp>
			</report>
			<report>
				<misses>551000001</misses>
				<total>0</total>
				<timestamp>3483.499643</timestamp>
			</report>
			<report>
				<misses>551100001</misses>
				<total>0</total>
				<timestamp>3484.138892</timestamp>
			</report>
			<report>
				<misses>551200001</misses>
				<total>0</total>
				<timestamp>3484.775922</timestamp>
			</report>
			<report>
				<misses>551300001</misses>
				<total>0</total>
				<timestamp>3485.421074</timestamp>
			</report>
			<report>
				<misses>551400001</misses>
				<total>0</total>
				<timestamp>3486.079135</timestamp>
			</report>
			<report>
				<misses>551500001</misses>
				<total>0</total>
				<timestamp>3486.731305</timestamp>
			</report>
			<report>
				<misses>551600001</misses>
				<total>0</total>
				<timestamp>3487.358980</timestamp>
			</report>
			<report>
				<misses>551700001</misses>
				<total>0</total>
				<timestamp>3488.005126</timestamp>
			</report>
			<report>
				<misses>551800001</misses>
				<total>0</total>
				<timestamp>3488.631076</timestamp>
			</report>
			<report>
				<misses>551900001</misses>
				<total>0</total>
				<timestamp>3489.263830</timestamp>
			</report>
			<report>
				<misses>552000001</misses>
				<total>0</total>
				<timestamp>3489.899617</timestamp>
			</report>
			<report>
				<misses>552100001</misses>
				<total>0</total>
				<timestamp>3490.538755</timestamp>
			</report>
			<report>
				<misses>552200001</misses>
				<total>0</total>
				<timestamp>3491.173897</timestamp>
			</report>
			<report>
				<misses>552300001</misses>
				<total>0</total>
				<timestamp>3491.808211</timestamp>
			</report>
			<report>
				<misses>552400001</misses>
				<total>0</total>
				<timestamp>3492.442011</timestamp>
			</report>
			<report>
				<misses>552500001</misses>
				<total>0</total>
				<timestamp>3493.084963</timestamp>
			</report>
			<report>
				<misses>552600001</misses>
				<total>0</total>
				<timestamp>3493.726874</timestamp>
			</report>
			<report>
				<misses>552700001</misses>
				<total>0</total>
				<timestamp>3494.354624</timestamp>
			</report>
			<report>
				<misses>552800001</misses>
				<total>0</total>
				<timestamp>3494.991307</timestamp>
			</report>
			<report>
				<misses>552900001</misses>
				<total>0</total>
				<timestamp>3495.620256</timestamp>
			</report>
			<report>
				<misses>553000001</misses>
				<total>0</total>
				<timestamp>3496.252179</timestamp>
			</report>
			<report>
				<misses>553100001</misses>
				<total>0</total>
				<timestamp>3496.881242</timestamp>
			</report>
			<report>
				<misses>553200001</misses>
				<total>0</total>
				<timestamp>3497.507897</timestamp>
			</report>
			<report>
				<misses>553300001</misses>
				<total>0</total>
				<timestamp>3498.134447</timestamp>
			</report>
			<report>
				<misses>553400001</misses>
				<total>0</total>
				<timestamp>3498.768156</timestamp>
			</report>
			<report>
				<misses>553500001</misses>
				<total>0</total>
				<timestamp>3499.398502</timestamp>
			</report>
			<report>
				<misses>553600001</misses>
				<total>0</total>
				<timestamp>3500.022807</timestamp>
			</report>
			<report>
				<misses>553700001</misses>
				<total>0</total>
				<timestamp>3500.649522</timestamp>
			</report>
			<report>
				<misses>553800001</misses>
				<total>0</total>
				<timestamp>3501.275442</timestamp>
			</report>
			<report>
				<misses>553900001</misses>
				<total>0</total>
				<timestamp>3501.902747</timestamp>
			</report>
			<report>
				<misses>554000001</misses>
				<total>0</total>
				<timestamp>3502.528418</timestamp>
			</report>
			<report>
				<misses>554100001</misses>
				<total>0</total>
				<timestamp>3503.154262</timestamp>
			</report>
			<report>
				<misses>554200001</misses>
				<total>0</total>
				<timestamp>3503.779811</timestamp>
			</report>
			<report>
				<misses>554300001</misses>
				<total>0</total>
				<timestamp>3504.406014</timestamp>
			</report>
			<report>
				<misses>554400001</misses>
				<total>0</total>
				<timestamp>3505.031968</timestamp>
			</report>
			<report>
				<misses>554500001</misses>
				<total>0</total>
				<timestamp>3505.657903</timestamp>
			</report>
			<report>
				<misses>554600001</misses>
				<total>0</total>
				<timestamp>3506.283485</timestamp>
			</report>
			<report>
				<misses>554700001</misses>
				<total>0</total>
				<timestamp>3506.909023</timestamp>
			</report>
			<report>
				<misses>554800001</misses>
				<total>0</total>
				<timestamp>3507.535539</timestamp>
			</report>
			<report>
				<misses>554900001</misses>
				<total>0</total>
				<timestamp>3508.161991</timestamp>
			</report>
			<report>
				<misses>555000001</misses>
				<total>0</total>
				<timestamp>3508.788509</timestamp>
			</report>
			<report>
				<misses>555100001</misses>
				<total>0</total>
				<timestamp>3509.414622</timestamp>
			</report>
			<report>
				<misses>555200001</misses>
				<total>0</total>
				<timestamp>3510.040169</timestamp>
			</report>
			<report>
				<misses>555300001</misses>
				<total>0</total>
				<timestamp>3510.666406</timestamp>
			</report>
			<report>
				<misses>555400001</misses>
				<total>0</total>
				<timestamp>3511.292208</timestamp>
			</report>
			<report>
				<misses>555500001</misses>
				<total>0</total>
				<timestamp>3511.918509</timestamp>
			</report>
			<report>
				<misses>555600001</misses>
				<total>0</total>
				<timestamp>3512.544403</timestamp>
			</report>
			<report>
				<misses>555700001</misses>
				<total>0</total>
				<timestamp>3513.169859</timestamp>
			</report>
			<report>
				<misses>555800001</misses>
				<total>0</total>
				<timestamp>3513.795760</timestamp>
			</report>
			<report>
				<misses>555900001</misses>
				<total>0</total>
				<timestamp>3514.421342</timestamp>
			</report>
			<report>
				<misses>556000001</misses>
				<total>0</total>
				<timestamp>3515.047993</timestamp>
			</report>
			<report>
				<misses>556100001</misses>
				<total>0</total>
				<timestamp>3515.674218</timestamp>
			</report>
			<report>
				<misses>556200001</misses>
				<total>0</total>
				<timestamp>3516.300451</timestamp>
			</report>
			<report>
				<misses>556300001</misses>
				<total>0</total>
				<timestamp>3516.926150</timestamp>
			</report>
			<report>
				<misses>556400001</misses>
				<total>0</total>
				<timestamp>3517.551234</timestamp>
			</report>
			<report>
				<misses>556500001</misses>
				<total>0</total>
				<timestamp>3518.176446</timestamp>
			</report>
			<report>
				<misses>556600001</misses>
				<total>0</total>
				<timestamp>3518.801823</timestamp>
			</report>
			<report>
				<misses>556700001</misses>
				<total>0</total>
				<timestamp>3519.429713</timestamp>
			</report>
			<report>
				<misses>556800001</misses>
				<total>0</total>
				<timestamp>3520.057667</timestamp>
			</report>
			<report>
				<misses>556900001</misses>
				<total>0</total>
				<timestamp>3520.685757</timestamp>
			</report>
			<report>
				<misses>557000001</misses>
				<total>0</total>
				<timestamp>3521.313671</timestamp>
			</report>
			<report>
				<misses>557100001</misses>
				<total>0</total>
				<timestamp>3521.941804</timestamp>
			</report>
			<report>
				<misses>557200001</misses>
				<total>0</total>
				<timestamp>3522.569929</timestamp>
			</report>
			<report>
				<misses>557300001</misses>
				<total>0</total>
				<timestamp>3523.198285</timestamp>
			</report>
			<report>
				<misses>557400001</misses>
				<total>0</total>
				<timestamp>3523.826315</timestamp>
			</report>
			<report>
				<misses>557500001</misses>
				<total>0</total>
				<timestamp>3524.452911</timestamp>
			</report>
			<report>
				<misses>557600001</misses>
				<total>0</total>
				<timestamp>3525.079258</timestamp>
			</report>
			<report>
				<misses>557700001</misses>
				<total>0</total>
				<timestamp>3525.706794</timestamp>
			</report>
			<report>
				<misses>557800001</misses>
				<total>0</total>
				<timestamp>3526.334417</timestamp>
			</report>
			<report>
				<misses>557900001</misses>
				<total>0</total>
				<timestamp>3526.961921</timestamp>
			</report>
			<report>
				<misses>558000001</misses>
				<total>0</total>
				<timestamp>3527.588661</timestamp>
			</report>
			<report>
				<misses>558100001</misses>
				<total>0</total>
				<timestamp>3528.214617</timestamp>
			</report>
			<report>
				<misses>558200001</misses>
				<total>0</total>
				<timestamp>3528.841546</timestamp>
			</report>
			<report>
				<misses>558300001</misses>
				<total>0</total>
				<timestamp>3529.468459</timestamp>
			</report>
			<report>
				<misses>558400001</misses>
				<total>0</total>
				<timestamp>3530.098741</timestamp>
			</report>
			<report>
				<misses>558500001</misses>
				<total>0</total>
				<timestamp>3530.726004</timestamp>
			</report>
			<report>
				<misses>558600001</misses>
				<total>0</total>
				<timestamp>3531.353474</timestamp>
			</report>
			<report>
				<misses>558700001</misses>
				<total>0</total>
				<timestamp>3531.980220</timestamp>
			</report>
			<report>
				<misses>558800001</misses>
				<total>0</total>
				<timestamp>3532.607595</timestamp>
			</report>
			<report>
				<misses>558900001</misses>
				<total>0</total>
				<timestamp>3533.235036</timestamp>
			</report>
			<report>
				<misses>559000001</misses>
				<total>0</total>
				<timestamp>3533.862826</timestamp>
			</report>
			<report>
				<misses>559100001</misses>
				<total>0</total>
				<timestamp>3534.490414</timestamp>
			</report>
			<report>
				<misses>559200001</misses>
				<total>0</total>
				<timestamp>3535.118018</timestamp>
			</report>
			<report>
				<misses>559300001</misses>
				<total>0</total>
				<timestamp>3535.746974</timestamp>
			</report>
			<report>
				<misses>559400001</misses>
				<total>0</total>
				<timestamp>3536.376184</timestamp>
			</report>
			<report>
				<misses>559500001</misses>
				<total>0</total>
				<timestamp>3537.004362</timestamp>
			</report>
			<report>
				<misses>559600001</misses>
				<total>0</total>
				<timestamp>3537.632011</timestamp>
			</report>
			<report>
				<misses>559700001</misses>
				<total>0</total>
				<timestamp>3538.258985</timestamp>
			</report>
			<report>
				<misses>559800001</misses>
				<total>0</total>
				<timestamp>3538.885654</timestamp>
			</report>
			<report>
				<misses>559900001</misses>
				<total>0</total>
				<timestamp>3539.512756</timestamp>
			</report>
			<report>
				<misses>560000001</misses>
				<total>0</total>
				<timestamp>3540.140070</timestamp>
			</report>
			<report>
				<misses>560100001</misses>
				<total>0</total>
				<timestamp>3540.768102</timestamp>
			</report>
			<report>
				<misses>560200001</misses>
				<total>0</total>
				<timestamp>3541.401250</timestamp>
			</report>
			<report>
				<misses>560300001</misses>
				<total>0</total>
				<timestamp>3542.035138</timestamp>
			</report>
			<report>
				<misses>560400001</misses>
				<total>0</total>
				<timestamp>3542.656746</timestamp>
			</report>
			<report>
				<misses>560500001</misses>
				<total>0</total>
				<timestamp>3543.282562</timestamp>
			</report>
			<report>
				<misses>560600001</misses>
				<total>0</total>
				<timestamp>3543.926384</timestamp>
			</report>
			<report>
				<misses>560700001</misses>
				<total>0</total>
				<timestamp>3544.569306</timestamp>
			</report>
			<report>
				<misses>560800001</misses>
				<total>0</total>
				<timestamp>3545.207653</timestamp>
			</report>
			<report>
				<misses>560900001</misses>
				<total>0</total>
				<timestamp>3545.849846</timestamp>
			</report>
			<report>
				<misses>561000001</misses>
				<total>0</total>
				<timestamp>3546.493306</timestamp>
			</report>
			<report>
				<misses>561100001</misses>
				<total>0</total>
				<timestamp>3547.128212</timestamp>
			</report>
			<report>
				<misses>561200001</misses>
				<total>0</total>
				<timestamp>3547.764574</timestamp>
			</report>
			<report>
				<misses>561300001</misses>
				<total>0</total>
				<timestamp>3548.404673</timestamp>
			</report>
			<report>
				<misses>561400001</misses>
				<total>0</total>
				<timestamp>3549.043901</timestamp>
			</report>
			<report>
				<misses>561500001</misses>
				<total>0</total>
				<timestamp>3549.679903</timestamp>
			</report>
			<report>
				<misses>561600001</misses>
				<total>0</total>
				<timestamp>3550.317177</timestamp>
			</report>
			<report>
				<misses>561700001</misses>
				<total>0</total>
				<timestamp>3550.957704</timestamp>
			</report>
			<report>
				<misses>561800001</misses>
				<total>0</total>
				<timestamp>3551.597949</timestamp>
			</report>
			<report>
				<misses>561900001</misses>
				<total>0</total>
				<timestamp>3552.237418</timestamp>
			</report>
			<report>
				<misses>562000001</misses>
				<total>0</total>
				<timestamp>3552.874759</timestamp>
			</report>
			<report>
				<misses>562100001</misses>
				<total>0</total>
				<timestamp>3553.509598</timestamp>
			</report>
			<report>
				<misses>562200001</misses>
				<total>0</total>
				<timestamp>3554.150319</timestamp>
			</report>
			<report>
				<misses>562300001</misses>
				<total>0</total>
				<timestamp>3554.793117</timestamp>
			</report>
			<report>
				<misses>562400001</misses>
				<total>0</total>
				<timestamp>3555.432759</timestamp>
			</report>
			<report>
				<misses>562500001</misses>
				<total>0</total>
				<timestamp>3556.066606</timestamp>
			</report>
			<report>
				<misses>562600001</misses>
				<total>0</total>
				<timestamp>3556.695323</timestamp>
			</report>
			<report>
				<misses>562700001</misses>
				<total>0</total>
				<timestamp>3557.323575</timestamp>
			</report>
			<report>
				<misses>562800001</misses>
				<total>0</total>
				<timestamp>3557.951671</timestamp>
			</report>
			<report>
				<misses>562900001</misses>
				<total>0</total>
				<timestamp>3558.580102</timestamp>
			</report>
			<report>
				<misses>563000001</misses>
				<total>0</total>
				<timestamp>3559.207756</timestamp>
			</report>
			<report>
				<misses>563100001</misses>
				<total>0</total>
				<timestamp>3559.835255</timestamp>
			</report>
			<report>
				<misses>563200001</misses>
				<total>0</total>
				<timestamp>3560.464673</timestamp>
			</report>
			<report>
				<misses>563300001</misses>
				<total>0</total>
				<timestamp>3561.094325</timestamp>
			</report>
			<report>
				<misses>563400001</misses>
				<total>0</total>
				<timestamp>3561.723873</timestamp>
			</report>
			<report>
				<misses>563500001</misses>
				<total>0</total>
				<timestamp>3562.356082</timestamp>
			</report>
			<report>
				<misses>563600001</misses>
				<total>0</total>
				<timestamp>3562.984758</timestamp>
			</report>
			<report>
				<misses>563700001</misses>
				<total>0</total>
				<timestamp>3563.613201</timestamp>
			</report>
			<report>
				<misses>563800001</misses>
				<total>0</total>
				<timestamp>3564.243002</timestamp>
			</report>
			<report>
				<misses>563900001</misses>
				<total>0</total>
				<timestamp>3564.872594</timestamp>
			</report>
			<report>
				<misses>564000001</misses>
				<total>0</total>
				<timestamp>3565.501136</timestamp>
			</report>
			<report>
				<misses>564100001</misses>
				<total>0</total>
				<timestamp>3566.128799</timestamp>
			</report>
			<report>
				<misses>564200001</misses>
				<total>0</total>
				<timestamp>3566.757955</timestamp>
			</report>
			<report>
				<misses>564300001</misses>
				<total>0</total>
				<timestamp>3567.386959</timestamp>
			</report>
			<report>
				<misses>564400001</misses>
				<total>0</total>
				<timestamp>3568.017933</timestamp>
			</report>
			<report>
				<misses>564500001</misses>
				<total>0</total>
				<timestamp>3568.646881</timestamp>
			</report>
			<report>
				<misses>564600001</misses>
				<total>0</total>
				<timestamp>3569.289080</timestamp>
			</report>
			<report>
				<misses>564700001</misses>
				<total>0</total>
				<timestamp>3569.947121</timestamp>
			</report>
			<report>
				<misses>564800001</misses>
				<total>0</total>
				<timestamp>3570.590312</timestamp>
			</report>
			<report>
				<misses>564900001</misses>
				<total>0</total>
				<timestamp>3571.243180</timestamp>
			</report>
			<report>
				<misses>565000001</misses>
				<total>0</total>
				<timestamp>3571.878250</timestamp>
			</report>
			<report>
				<misses>565100001</misses>
				<total>0</total>
				<timestamp>3572.507967</timestamp>
			</report>
			<report>
				<misses>565200001</misses>
				<total>0</total>
				<timestamp>3573.141420</timestamp>
			</report>
			<report>
				<misses>565300001</misses>
				<total>0</total>
				<timestamp>3573.770839</timestamp>
			</report>
			<report>
				<misses>565400001</misses>
				<total>0</total>
				<timestamp>3574.396061</timestamp>
			</report>
			<report>
				<misses>565500001</misses>
				<total>0</total>
				<timestamp>3575.022525</timestamp>
			</report>
			<report>
				<misses>565600001</misses>
				<total>0</total>
				<timestamp>3575.647466</timestamp>
			</report>
			<report>
				<misses>565700001</misses>
				<total>0</total>
				<timestamp>3576.272096</timestamp>
			</report>
			<report>
				<misses>565800001</misses>
				<total>0</total>
				<timestamp>3576.897660</timestamp>
			</report>
			<report>
				<misses>565900001</misses>
				<total>0</total>
				<timestamp>3577.522248</timestamp>
			</report>
			<report>
				<misses>566000001</misses>
				<total>0</total>
				<timestamp>3578.150052</timestamp>
			</report>
			<report>
				<misses>566100001</misses>
				<total>0</total>
				<timestamp>3578.788583</timestamp>
			</report>
			<report>
				<misses>566200001</misses>
				<total>0</total>
				<timestamp>3579.428729</timestamp>
			</report>
			<report>
				<misses>566300001</misses>
				<total>0</total>
				<timestamp>3580.074176</timestamp>
			</report>
			<report>
				<misses>566400001</misses>
				<total>0</total>
				<timestamp>3580.720339</timestamp>
			</report>
			<report>
				<misses>566500001</misses>
				<total>0</total>
				<timestamp>3581.367149</timestamp>
			</report>
			<report>
				<misses>566600001</misses>
				<total>0</total>
				<timestamp>3582.014131</timestamp>
			</report>
			<report>
				<misses>566700001</misses>
				<total>0</total>
				<timestamp>3582.661278</timestamp>
			</report>
			<report>
				<misses>566800001</misses>
				<total>0</total>
				<timestamp>3583.307928</timestamp>
			</report>
			<report>
				<misses>566900001</misses>
				<total>0</total>
				<timestamp>3583.954246</timestamp>
			</report>
			<report>
				<misses>567000001</misses>
				<total>0</total>
				<timestamp>3584.601148</timestamp>
			</report>
			<report>
				<misses>567100001</misses>
				<total>0</total>
				<timestamp>3585.245421</timestamp>
			</report>
			<report>
				<misses>567200001</misses>
				<total>0</total>
				<timestamp>3585.880487</timestamp>
			</report>
			<report>
				<misses>567300001</misses>
				<total>0</total>
				<timestamp>3586.514943</timestamp>
			</report>
			<report>
				<misses>567400001</misses>
				<total>0</total>
				<timestamp>3587.150269</timestamp>
			</report>
			<report>
				<misses>567500001</misses>
				<total>0</total>
				<timestamp>3587.785850</timestamp>
			</report>
			<report>
				<misses>567600001</misses>
				<total>0</total>
				<timestamp>3588.422927</timestamp>
			</report>
			<report>
				<misses>567700001</misses>
				<total>0</total>
				<timestamp>3589.068826</timestamp>
			</report>
			<report>
				<misses>567800001</misses>
				<total>0</total>
				<timestamp>3589.714312</timestamp>
			</report>
			<report>
				<misses>567900001</misses>
				<total>0</total>
				<timestamp>3590.362284</timestamp>
			</report>
			<report>
				<misses>568000001</misses>
				<total>0</total>
				<timestamp>3591.010720</timestamp>
			</report>
			<report>
				<misses>568100001</misses>
				<total>0</total>
				<timestamp>3591.648189</timestamp>
			</report>
			<report>
				<misses>568200001</misses>
				<total>0</total>
				<timestamp>3592.289739</timestamp>
			</report>
			<report>
				<misses>568300001</misses>
				<total>0</total>
				<timestamp>3592.927281</timestamp>
			</report>
			<report>
				<misses>568400001</misses>
				<total>0</total>
				<timestamp>3593.561929</timestamp>
			</report>
			<report>
				<misses>568500001</misses>
				<total>0</total>
				<timestamp>3594.196353</timestamp>
			</report>
			<report>
				<misses>568600001</misses>
				<total>0</total>
				<timestamp>3594.831382</timestamp>
			</report>
			<report>
				<misses>568700001</misses>
				<total>0</total>
				<timestamp>3595.468533</timestamp>
			</report>
			<report>
				<misses>568800001</misses>
				<total>0</total>
				<timestamp>3596.112195</timestamp>
			</report>
			<report>
				<misses>568900001</misses>
				<total>0</total>
				<timestamp>3596.754711</timestamp>
			</report>
			<report>
				<misses>569000001</misses>
				<total>0</total>
				<timestamp>3597.381800</timestamp>
			</report>
			<report>
				<misses>569100001</misses>
				<total>0</total>
				<timestamp>3598.015729</timestamp>
			</report>
			<report>
				<misses>569200001</misses>
				<total>0</total>
				<timestamp>3598.646654</timestamp>
			</report>
			<report>
				<misses>569300001</misses>
				<total>0</total>
				<timestamp>3599.269784</timestamp>
			</report>
			<report>
				<misses>569400001</misses>
				<total>0</total>
				<timestamp>3599.893170</timestamp>
			</report>
			<report>
				<misses>569500001</misses>
				<total>0</total>
				<timestamp>3600.515610</timestamp>
			</report>
			<report>
				<misses>569600001</misses>
				<total>0</total>
				<timestamp>3601.138119</timestamp>
			</report>
			<report>
				<misses>569700001</misses>
				<total>0</total>
				<timestamp>3601.773733</timestamp>
			</report>
			<report>
				<misses>569800001</misses>
				<total>0</total>
				<timestamp>3602.410979</timestamp>
			</report>
			<report>
				<misses>569900001</misses>
				<total>0</total>
				<timestamp>3603.043498</timestamp>
			</report>
			<report>
				<misses>570000001</misses>
				<total>0</total>
				<timestamp>3603.668915</timestamp>
			</report>
			<report>
				<misses>570100001</misses>
				<total>0</total>
				<timestamp>3604.294021</timestamp>
			</report>
			<report>
				<misses>570200001</misses>
				<total>0</total>
				<timestamp>3604.921785</timestamp>
			</report>
			<report>
				<misses>570300001</misses>
				<total>0</total>
				<timestamp>3605.549501</timestamp>
			</report>
			<report>
				<misses>570400001</misses>
				<total>0</total>
				<timestamp>3606.191568</timestamp>
			</report>
			<report>
				<misses>570500001</misses>
				<total>0</total>
				<timestamp>3606.840473</timestamp>
			</report>
			<report>
				<misses>570600001</misses>
				<total>0</total>
				<timestamp>3607.489914</timestamp>
			</report>
			<report>
				<misses>570700001</misses>
				<total>0</total>
				<timestamp>3608.137883</timestamp>
			</report>
			<report>
				<misses>570800001</misses>
				<total>0</total>
				<timestamp>3608.785413</timestamp>
			</report>
			<report>
				<misses>570900001</misses>
				<total>0</total>
				<timestamp>3609.434879</timestamp>
			</report>
			<report>
				<misses>571000001</misses>
				<total>0</total>
				<timestamp>3610.085261</timestamp>
			</report>
			<report>
				<misses>571100001</misses>
				<total>0</total>
				<timestamp>3610.734697</timestamp>
			</report>
			<report>
				<misses>571200001</misses>
				<total>0</total>
				<timestamp>3611.382659</timestamp>
			</report>
			<report>
				<misses>571300001</misses>
				<total>0</total>
				<timestamp>3612.032208</timestamp>
			</report>
			<report>
				<misses>571400001</misses>
				<total>0</total>
				<timestamp>3612.680312</timestamp>
			</report>
			<report>
				<misses>571500001</misses>
				<total>0</total>
				<timestamp>3613.327884</timestamp>
			</report>
			<report>
				<misses>571600001</misses>
				<total>0</total>
				<timestamp>3613.975764</timestamp>
			</report>
			<report>
				<misses>571700001</misses>
				<total>0</total>
				<timestamp>3614.624508</timestamp>
			</report>
			<report>
				<misses>571800001</misses>
				<total>0</total>
				<timestamp>3615.272700</timestamp>
			</report>
			<report>
				<misses>571900001</misses>
				<total>0</total>
				<timestamp>3615.923676</timestamp>
			</report>
			<report>
				<misses>572000001</misses>
				<total>0</total>
				<timestamp>3616.567861</timestamp>
			</report>
			<report>
				<misses>572100001</misses>
				<total>0</total>
				<timestamp>3617.224739</timestamp>
			</report>
			<report>
				<misses>572200001</misses>
				<total>0</total>
				<timestamp>3617.862077</timestamp>
			</report>
			<report>
				<misses>572300001</misses>
				<total>0</total>
				<timestamp>3618.499040</timestamp>
			</report>
			<report>
				<misses>572400001</misses>
				<total>0</total>
				<timestamp>3619.135362</timestamp>
			</report>
			<report>
				<misses>572500001</misses>
				<total>0</total>
				<timestamp>3619.771772</timestamp>
			</report>
			<report>
				<misses>572600001</misses>
				<total>0</total>
				<timestamp>3620.407746</timestamp>
			</report>
			<report>
				<misses>572700001</misses>
				<total>0</total>
				<timestamp>3621.041170</timestamp>
			</report>
			<report>
				<misses>572800001</misses>
				<total>0</total>
				<timestamp>3621.673897</timestamp>
			</report>
			<report>
				<misses>572900001</misses>
				<total>0</total>
				<timestamp>3622.305832</timestamp>
			</report>
			<report>
				<misses>573000001</misses>
				<total>0</total>
				<timestamp>3622.938866</timestamp>
			</report>
			<report>
				<misses>573100001</misses>
				<total>0</total>
				<timestamp>3623.570459</timestamp>
			</report>
			<report>
				<misses>573200001</misses>
				<total>0</total>
				<timestamp>3624.202744</timestamp>
			</report>
			<report>
				<misses>573300001</misses>
				<total>0</total>
				<timestamp>3624.835240</timestamp>
			</report>
			<report>
				<misses>573400001</misses>
				<total>0</total>
				<timestamp>3625.468252</timestamp>
			</report>
			<report>
				<misses>573500001</misses>
				<total>0</total>
				<timestamp>3626.102630</timestamp>
			</report>
			<report>
				<misses>573600001</misses>
				<total>0</total>
				<timestamp>3626.734643</timestamp>
			</report>
			<report>
				<misses>573700001</misses>
				<total>0</total>
				<timestamp>3627.366827</timestamp>
			</report>
			<report>
				<misses>573800001</misses>
				<total>0</total>
				<timestamp>3627.997847</timestamp>
			</report>
			<report>
				<misses>573900001</misses>
				<total>0</total>
				<timestamp>3628.629499</timestamp>
			</report>
			<report>
				<misses>574000001</misses>
				<total>0</total>
				<timestamp>3629.259797</timestamp>
			</report>
			<report>
				<misses>574100001</misses>
				<total>0</total>
				<timestamp>3629.891370</timestamp>
			</report>
			<report>
				<misses>574200001</misses>
				<total>0</total>
				<timestamp>3630.520787</timestamp>
			</report>
			<report>
				<misses>574300001</misses>
				<total>0</total>
				<timestamp>3631.145595</timestamp>
			</report>
			<report>
				<misses>574400001</misses>
				<total>0</total>
				<timestamp>3631.773691</timestamp>
			</report>
			<report>
				<misses>574500001</misses>
				<total>0</total>
				<timestamp>3632.400740</timestamp>
			</report>
			<report>
				<misses>574600001</misses>
				<total>0</total>
				<timestamp>3633.027580</timestamp>
			</report>
			<report>
				<misses>574700001</misses>
				<total>0</total>
				<timestamp>3633.654452</timestamp>
			</report>
			<report>
				<misses>574800001</misses>
				<total>0</total>
				<timestamp>3634.281570</timestamp>
			</report>
			<report>
				<misses>574900001</misses>
				<total>0</total>
				<timestamp>3634.908246</timestamp>
			</report>
			<report>
				<misses>575000001</misses>
				<total>0</total>
				<timestamp>3635.535240</timestamp>
			</report>
			<report>
				<misses>575100001</misses>
				<total>0</total>
				<timestamp>3636.167845</timestamp>
			</report>
			<report>
				<misses>575200001</misses>
				<total>0</total>
				<timestamp>3636.800230</timestamp>
			</report>
			<report>
				<misses>575300001</misses>
				<total>0</total>
				<timestamp>3637.426813</timestamp>
			</report>
			<report>
				<misses>575400001</misses>
				<total>0</total>
				<timestamp>3638.053350</timestamp>
			</report>
			<report>
				<misses>575500001</misses>
				<total>0</total>
				<timestamp>3638.679514</timestamp>
			</report>
			<report>
				<misses>575600001</misses>
				<total>0</total>
				<timestamp>3639.313798</timestamp>
			</report>
			<report>
				<misses>575700001</misses>
				<total>0</total>
				<timestamp>3639.940543</timestamp>
			</report>
			<report>
				<misses>575800001</misses>
				<total>0</total>
				<timestamp>3640.567235</timestamp>
			</report>
			<report>
				<misses>575900001</misses>
				<total>0</total>
				<timestamp>3641.193563</timestamp>
			</report>
			<report>
				<misses>576000001</misses>
				<total>0</total>
				<timestamp>3641.828501</timestamp>
			</report>
			<report>
				<misses>576100001</misses>
				<total>0</total>
				<timestamp>3642.460175</timestamp>
			</report>
			<report>
				<misses>576200001</misses>
				<total>0</total>
				<timestamp>3643.085037</timestamp>
			</report>
			<report>
				<misses>576300001</misses>
				<total>0</total>
				<timestamp>3643.710931</timestamp>
			</report>
			<report>
				<misses>576400001</misses>
				<total>0</total>
				<timestamp>3644.337115</timestamp>
			</report>
			<report>
				<misses>576500001</misses>
				<total>0</total>
				<timestamp>3644.972206</timestamp>
			</report>
			<report>
				<misses>576600001</misses>
				<total>0</total>
				<timestamp>3645.607786</timestamp>
			</report>
			<report>
				<misses>576700001</misses>
				<total>0</total>
				<timestamp>3646.244466</timestamp>
			</report>
			<report>
				<misses>576800001</misses>
				<total>0</total>
				<timestamp>3646.878882</timestamp>
			</report>
			<report>
				<misses>576900001</misses>
				<total>0</total>
				<timestamp>3647.513494</timestamp>
			</report>
			<report>
				<misses>577000001</misses>
				<total>0</total>
				<timestamp>3648.146975</timestamp>
			</report>
			<report>
				<misses>577100001</misses>
				<total>0</total>
				<timestamp>3648.782557</timestamp>
			</report>
			<report>
				<misses>577200001</misses>
				<total>0</total>
				<timestamp>3649.415807</timestamp>
			</report>
			<report>
				<misses>577300001</misses>
				<total>0</total>
				<timestamp>3650.047868</timestamp>
			</report>
			<report>
				<misses>577400001</misses>
				<total>0</total>
				<timestamp>3650.682142</timestamp>
			</report>
			<report>
				<misses>577500001</misses>
				<total>0</total>
				<timestamp>3651.310968</timestamp>
			</report>
			<report>
				<misses>577600001</misses>
				<total>0</total>
				<timestamp>3651.943481</timestamp>
			</report>
			<report>
				<misses>577700001</misses>
				<total>0</total>
				<timestamp>3652.570011</timestamp>
			</report>
			<report>
				<misses>577800001</misses>
				<total>0</total>
				<timestamp>3653.198854</timestamp>
			</report>
			<report>
				<misses>577900001</misses>
				<total>0</total>
				<timestamp>3653.826114</timestamp>
			</report>
			<report>
				<misses>578000001</misses>
				<total>0</total>
				<timestamp>3654.453180</timestamp>
			</report>
			<report>
				<misses>578100001</misses>
				<total>0</total>
				<timestamp>3655.081094</timestamp>
			</report>
			<report>
				<misses>578200001</misses>
				<total>0</total>
				<timestamp>3655.709671</timestamp>
			</report>
			<report>
				<misses>578300001</misses>
				<total>0</total>
				<timestamp>3656.338929</timestamp>
			</report>
			<report>
				<misses>578400001</misses>
				<total>0</total>
				<timestamp>3656.983919</timestamp>
			</report>
			<report>
				<misses>578500001</misses>
				<total>0</total>
				<timestamp>3657.618354</timestamp>
			</report>
			<report>
				<misses>578600001</misses>
				<total>0</total>
				<timestamp>3658.243259</timestamp>
			</report>
			<report>
				<misses>578700001</misses>
				<total>0</total>
				<timestamp>3658.875450</timestamp>
			</report>
			<report>
				<misses>578800001</misses>
				<total>0</total>
				<timestamp>3659.502457</timestamp>
			</report>
			<report>
				<misses>578900001</misses>
				<total>0</total>
				<timestamp>3660.130800</timestamp>
			</report>
			<report>
				<misses>579000001</misses>
				<total>0</total>
				<timestamp>3660.756299</timestamp>
			</report>
			<report>
				<misses>579100001</misses>
				<total>0</total>
				<timestamp>3661.380729</timestamp>
			</report>
			<report>
				<misses>579200001</misses>
				<total>0</total>
				<timestamp>3662.006776</timestamp>
			</report>
			<report>
				<misses>579300001</misses>
				<total>0</total>
				<timestamp>3662.639999</timestamp>
			</report>
			<report>
				<misses>579400001</misses>
				<total>0</total>
				<timestamp>3663.271090</timestamp>
			</report>
			<report>
				<misses>579500001</misses>
				<total>0</total>
				<timestamp>3663.899890</timestamp>
			</report>
			<report>
				<misses>579600001</misses>
				<total>0</total>
				<timestamp>3664.521659</timestamp>
			</report>
			<report>
				<misses>579700001</misses>
				<total>0</total>
				<timestamp>3665.143398</timestamp>
			</report>
			<report>
				<misses>579800001</misses>
				<total>0</total>
				<timestamp>3665.767141</timestamp>
			</report>
			<report>
				<misses>579900001</misses>
				<total>0</total>
				<timestamp>3666.391535</timestamp>
			</report>
			<report>
				<misses>580000001</misses>
				<total>0</total>
				<timestamp>3667.017840</timestamp>
			</report>
			<report>
				<misses>580100001</misses>
				<total>0</total>
				<timestamp>3667.641482</timestamp>
			</report>
			<report>
				<misses>580200001</misses>
				<total>0</total>
				<timestamp>3668.268174</timestamp>
			</report>
			<report>
				<misses>580300001</misses>
				<total>0</total>
				<timestamp>3668.900092</timestamp>
			</report>
			<report>
				<misses>580400001</misses>
				<total>0</total>
				<timestamp>3669.521339</timestamp>
			</report>
			<report>
				<misses>580500001</misses>
				<total>0</total>
				<timestamp>3670.148292</timestamp>
			</report>
			<report>
				<misses>580600001</misses>
				<total>0</total>
				<timestamp>3670.779628</timestamp>
			</report>
			<report>
				<misses>580700001</misses>
				<total>0</total>
				<timestamp>3671.410446</timestamp>
			</report>
			<report>
				<misses>580800001</misses>
				<total>0</total>
				<timestamp>3672.045513</timestamp>
			</report>
			<report>
				<misses>580900001</misses>
				<total>0</total>
				<timestamp>3672.674661</timestamp>
			</report>
			<report>
				<misses>581000001</misses>
				<total>0</total>
				<timestamp>3673.303780</timestamp>
			</report>
			<report>
				<misses>581100001</misses>
				<total>0</total>
				<timestamp>3673.933028</timestamp>
			</report>
			<report>
				<misses>581200001</misses>
				<total>0</total>
				<timestamp>3674.563066</timestamp>
			</report>
			<report>
				<misses>581300001</misses>
				<total>0</total>
				<timestamp>3675.196891</timestamp>
			</report>
			<report>
				<misses>581400001</misses>
				<total>0</total>
				<timestamp>3675.827194</timestamp>
			</report>
			<report>
				<misses>581500001</misses>
				<total>0</total>
				<timestamp>3676.457644</timestamp>
			</report>
			<report>
				<misses>581600001</misses>
				<total>0</total>
				<timestamp>3677.087801</timestamp>
			</report>
			<report>
				<misses>581700001</misses>
				<total>0</total>
				<timestamp>3677.720593</timestamp>
			</report>
			<report>
				<misses>581800001</misses>
				<total>0</total>
				<timestamp>3678.350312</timestamp>
			</report>
			<report>
				<misses>581900001</misses>
				<total>0</total>
				<timestamp>3678.981732</timestamp>
			</report>
			<report>
				<misses>582000001</misses>
				<total>0</total>
				<timestamp>3679.611593</timestamp>
			</report>
			<report>
				<misses>582100001</misses>
				<total>0</total>
				<timestamp>3680.241978</timestamp>
			</report>
			<report>
				<misses>582200001</misses>
				<total>0</total>
				<timestamp>3680.872348</timestamp>
			</report>
			<report>
				<misses>582300001</misses>
				<total>0</total>
				<timestamp>3681.503127</timestamp>
			</report>
			<report>
				<misses>582400001</misses>
				<total>0</total>
				<timestamp>3682.139500</timestamp>
			</report>
			<report>
				<misses>582500001</misses>
				<total>0</total>
				<timestamp>3682.770134</timestamp>
			</report>
			<report>
				<misses>582600001</misses>
				<total>0</total>
				<timestamp>3683.402759</timestamp>
			</report>
			<report>
				<misses>582700001</misses>
				<total>0</total>
				<timestamp>3684.034185</timestamp>
			</report>
			<report>
				<misses>582800001</misses>
				<total>0</total>
				<timestamp>3684.665431</timestamp>
			</report>
			<report>
				<misses>582900001</misses>
				<total>0</total>
				<timestamp>3685.297396</timestamp>
			</report>
			<report>
				<misses>583000001</misses>
				<total>0</total>
				<timestamp>3685.928573</timestamp>
			</report>
			<report>
				<misses>583100001</misses>
				<total>0</total>
				<timestamp>3686.560238</timestamp>
			</report>
			<report>
				<misses>583200001</misses>
				<total>0</total>
				<timestamp>3687.192387</timestamp>
			</report>
			<report>
				<misses>583300001</misses>
				<total>0</total>
				<timestamp>3687.823668</timestamp>
			</report>
			<report>
				<misses>583400001</misses>
				<total>0</total>
				<timestamp>3688.454193</timestamp>
			</report>
			<report>
				<misses>583500001</misses>
				<total>0</total>
				<timestamp>3689.084162</timestamp>
			</report>
			<report>
				<misses>583600001</misses>
				<total>0</total>
				<timestamp>3689.717268</timestamp>
			</report>
			<report>
				<misses>583700001</misses>
				<total>0</total>
				<timestamp>3690.357165</timestamp>
			</report>
			<report>
				<misses>583800001</misses>
				<total>0</total>
				<timestamp>3690.987425</timestamp>
			</report>
			<report>
				<misses>583900001</misses>
				<total>0</total>
				<timestamp>3691.618648</timestamp>
			</report>
			<report>
				<misses>584000001</misses>
				<total>0</total>
				<timestamp>3692.248948</timestamp>
			</report>
			<report>
				<misses>584100001</misses>
				<total>0</total>
				<timestamp>3692.879559</timestamp>
			</report>
			<report>
				<misses>584200001</misses>
				<total>0</total>
				<timestamp>3693.510241</timestamp>
			</report>
			<report>
				<misses>584300001</misses>
				<total>0</total>
				<timestamp>3694.141078</timestamp>
			</report>
			<report>
				<misses>584400001</misses>
				<total>0</total>
				<timestamp>3694.771677</timestamp>
			</report>
			<report>
				<misses>584500001</misses>
				<total>0</total>
				<timestamp>3695.403078</timestamp>
			</report>
			<report>
				<misses>584600001</misses>
				<total>0</total>
				<timestamp>3696.034036</timestamp>
			</report>
			<report>
				<misses>584700001</misses>
				<total>0</total>
				<timestamp>3696.664759</timestamp>
			</report>
			<report>
				<misses>584800001</misses>
				<total>0</total>
				<timestamp>3697.295669</timestamp>
			</report>
			<report>
				<misses>584900001</misses>
				<total>0</total>
				<timestamp>3697.926808</timestamp>
			</report>
			<report>
				<misses>585000001</misses>
				<total>0</total>
				<timestamp>3698.558006</timestamp>
			</report>
			<report>
				<misses>585100001</misses>
				<total>0</total>
				<timestamp>3699.188273</timestamp>
			</report>
			<report>
				<misses>585200001</misses>
				<total>0</total>
				<timestamp>3699.819902</timestamp>
			</report>
			<report>
				<misses>585300001</misses>
				<total>0</total>
				<timestamp>3700.450735</timestamp>
			</report>
			<report>
				<misses>585400001</misses>
				<total>0</total>
				<timestamp>3701.081349</timestamp>
			</report>
			<report>
				<misses>585500001</misses>
				<total>0</total>
				<timestamp>3701.712203</timestamp>
			</report>
			<report>
				<misses>585600001</misses>
				<total>0</total>
				<timestamp>3702.344081</timestamp>
			</report>
			<report>
				<misses>585700001</misses>
				<total>0</total>
				<timestamp>3702.975131</timestamp>
			</report>
			<report>
				<misses>585800001</misses>
				<total>0</total>
				<timestamp>3703.605742</timestamp>
			</report>
			<report>
				<misses>585900001</misses>
				<total>0</total>
				<timestamp>3704.239667</timestamp>
			</report>
			<report>
				<misses>586000001</misses>
				<total>0</total>
				<timestamp>3704.870463</timestamp>
			</report>
			<report>
				<misses>586100001</misses>
				<total>0</total>
				<timestamp>3705.501555</timestamp>
			</report>
			<report>
				<misses>586200001</misses>
				<total>0</total>
				<timestamp>3706.132180</timestamp>
			</report>
			<report>
				<misses>586300001</misses>
				<total>0</total>
				<timestamp>3706.765332</timestamp>
			</report>
			<report>
				<misses>586400001</misses>
				<total>0</total>
				<timestamp>3707.395967</timestamp>
			</report>
			<report>
				<misses>586500001</misses>
				<total>0</total>
				<timestamp>3708.030387</timestamp>
			</report>
			<report>
				<misses>586600001</misses>
				<total>0</total>
				<timestamp>3708.660585</timestamp>
			</report>
			<report>
				<misses>586700001</misses>
				<total>0</total>
				<timestamp>3709.292868</timestamp>
			</report>
			<report>
				<misses>586800001</misses>
				<total>0</total>
				<timestamp>3709.922292</timestamp>
			</report>
			<report>
				<misses>586900001</misses>
				<total>0</total>
				<timestamp>3710.551898</timestamp>
			</report>
			<report>
				<misses>587000001</misses>
				<total>0</total>
				<timestamp>3711.189637</timestamp>
			</report>
			<report>
				<misses>587100001</misses>
				<total>0</total>
				<timestamp>3711.834767</timestamp>
			</report>
			<report>
				<misses>587200001</misses>
				<total>0</total>
				<timestamp>3712.479624</timestamp>
			</report>
			<report>
				<misses>587300001</misses>
				<total>0</total>
				<timestamp>3713.119392</timestamp>
			</report>
			<report>
				<misses>587400001</misses>
				<total>0</total>
				<timestamp>3713.761353</timestamp>
			</report>
			<report>
				<misses>587500001</misses>
				<total>0</total>
				<timestamp>3714.403177</timestamp>
			</report>
			<report>
				<misses>587600001</misses>
				<total>0</total>
				<timestamp>3715.046737</timestamp>
			</report>
			<report>
				<misses>587700001</misses>
				<total>0</total>
				<timestamp>3715.676660</timestamp>
			</report>
			<report>
				<misses>587800001</misses>
				<total>0</total>
				<timestamp>3716.307748</timestamp>
			</report>
			<report>
				<misses>587900001</misses>
				<total>0</total>
				<timestamp>3716.946177</timestamp>
			</report>
			<report>
				<misses>588000001</misses>
				<total>0</total>
				<timestamp>3717.584674</timestamp>
			</report>
			<report>
				<misses>588100001</misses>
				<total>0</total>
				<timestamp>3718.221152</timestamp>
			</report>
			<report>
				<misses>588200001</misses>
				<total>0</total>
				<timestamp>3718.869735</timestamp>
			</report>
			<report>
				<misses>588300001</misses>
				<total>0</total>
				<timestamp>3719.510963</timestamp>
			</report>
			<report>
				<misses>588400001</misses>
				<total>0</total>
				<timestamp>3720.144861</timestamp>
			</report>
			<report>
				<misses>588500001</misses>
				<total>0</total>
				<timestamp>3720.784051</timestamp>
			</report>
			<report>
				<misses>588600001</misses>
				<total>0</total>
				<timestamp>3721.418041</timestamp>
			</report>
			<report>
				<misses>588700001</misses>
				<total>0</total>
				<timestamp>3722.058544</timestamp>
			</report>
			<report>
				<misses>588800001</misses>
				<total>0</total>
				<timestamp>3722.706843</timestamp>
			</report>
			<report>
				<misses>588900001</misses>
				<total>0</total>
				<timestamp>3723.349249</timestamp>
			</report>
			<report>
				<misses>589000001</misses>
				<total>0</total>
				<timestamp>3723.993318</timestamp>
			</report>
			<report>
				<misses>589100001</misses>
				<total>0</total>
				<timestamp>3724.638412</timestamp>
			</report>
			<report>
				<misses>589200001</misses>
				<total>0</total>
				<timestamp>3725.274830</timestamp>
			</report>
			<report>
				<misses>589300001</misses>
				<total>0</total>
				<timestamp>3725.925110</timestamp>
			</report>
			<report>
				<misses>589400001</misses>
				<total>0</total>
				<timestamp>3726.559384</timestamp>
			</report>
			<report>
				<misses>589500001</misses>
				<total>0</total>
				<timestamp>3727.207947</timestamp>
			</report>
			<report>
				<misses>589600001</misses>
				<total>0</total>
				<timestamp>3727.845658</timestamp>
			</report>
			<report>
				<misses>589700001</misses>
				<total>0</total>
				<timestamp>3728.485469</timestamp>
			</report>
			<report>
				<misses>589800001</misses>
				<total>0</total>
				<timestamp>3729.124592</timestamp>
			</report>
			<report>
				<misses>589900001</misses>
				<total>0</total>
				<timestamp>3729.762395</timestamp>
			</report>
			<report>
				<misses>590000001</misses>
				<total>0</total>
				<timestamp>3730.401055</timestamp>
			</report>
			<report>
				<misses>590100001</misses>
				<total>0</total>
				<timestamp>3731.038583</timestamp>
			</report>
			<report>
				<misses>590200001</misses>
				<total>0</total>
				<timestamp>3731.669970</timestamp>
			</report>
			<report>
				<misses>590300001</misses>
				<total>0</total>
				<timestamp>3732.302537</timestamp>
			</report>
			<report>
				<misses>590400001</misses>
				<total>0</total>
				<timestamp>3732.932742</timestamp>
			</report>
			<report>
				<misses>590500001</misses>
				<total>0</total>
				<timestamp>3733.561404</timestamp>
			</report>
			<report>
				<misses>590600001</misses>
				<total>0</total>
				<timestamp>3734.196375</timestamp>
			</report>
			<report>
				<misses>590700001</misses>
				<total>0</total>
				<timestamp>3734.825087</timestamp>
			</report>
			<report>
				<misses>590800001</misses>
				<total>0</total>
				<timestamp>3735.462883</timestamp>
			</report>
			<report>
				<misses>590900001</misses>
				<total>0</total>
				<timestamp>3736.092518</timestamp>
			</report>
			<report>
				<misses>591000001</misses>
				<total>0</total>
				<timestamp>3736.727493</timestamp>
			</report>
			<report>
				<misses>591100001</misses>
				<total>0</total>
				<timestamp>3737.357508</timestamp>
			</report>
			<report>
				<misses>591200001</misses>
				<total>0</total>
				<timestamp>3737.988557</timestamp>
			</report>
			<report>
				<misses>591300001</misses>
				<total>0</total>
				<timestamp>3738.613099</timestamp>
			</report>
			<report>
				<misses>591400001</misses>
				<total>0</total>
				<timestamp>3739.241412</timestamp>
			</report>
			<report>
				<misses>591500001</misses>
				<total>0</total>
				<timestamp>3739.872834</timestamp>
			</report>
			<report>
				<misses>591600001</misses>
				<total>0</total>
				<timestamp>3740.504985</timestamp>
			</report>
			<report>
				<misses>591700001</misses>
				<total>0</total>
				<timestamp>3741.133990</timestamp>
			</report>
			<report>
				<misses>591800001</misses>
				<total>0</total>
				<timestamp>3741.767524</timestamp>
			</report>
			<report>
				<misses>591900001</misses>
				<total>0</total>
				<timestamp>3742.395963</timestamp>
			</report>
			<report>
				<misses>592000001</misses>
				<total>0</total>
				<timestamp>3743.028586</timestamp>
			</report>
			<report>
				<misses>592100001</misses>
				<total>0</total>
				<timestamp>3743.658809</timestamp>
			</report>
			<report>
				<misses>592200001</misses>
				<total>0</total>
				<timestamp>3744.285606</timestamp>
			</report>
			<report>
				<misses>592300001</misses>
				<total>0</total>
				<timestamp>3744.921306</timestamp>
			</report>
			<report>
				<misses>592400001</misses>
				<total>0</total>
				<timestamp>3745.553425</timestamp>
			</report>
			<report>
				<misses>592500001</misses>
				<total>0</total>
				<timestamp>3746.178683</timestamp>
			</report>
			<report>
				<misses>592600001</misses>
				<total>0</total>
				<timestamp>3746.807389</timestamp>
			</report>
			<report>
				<misses>592700001</misses>
				<total>0</total>
				<timestamp>3747.435395</timestamp>
			</report>
			<report>
				<misses>592800001</misses>
				<total>0</total>
				<timestamp>3748.066261</timestamp>
			</report>
			<report>
				<misses>592900001</misses>
				<total>0</total>
				<timestamp>3748.698713</timestamp>
			</report>
			<report>
				<misses>593000001</misses>
				<total>0</total>
				<timestamp>3749.327229</timestamp>
			</report>
			<report>
				<misses>593100001</misses>
				<total>0</total>
				<timestamp>3749.953329</timestamp>
			</report>
			<report>
				<misses>593200001</misses>
				<total>0</total>
				<timestamp>3750.577906</timestamp>
			</report>
			<report>
				<misses>593300001</misses>
				<total>0</total>
				<timestamp>3751.201223</timestamp>
			</report>
			<report>
				<misses>593400001</misses>
				<total>0</total>
				<timestamp>3751.831219</timestamp>
			</report>
			<report>
				<misses>593500001</misses>
				<total>0</total>
				<timestamp>3752.457539</timestamp>
			</report>
			<report>
				<misses>593600001</misses>
				<total>0</total>
				<timestamp>3753.104805</timestamp>
			</report>
			<report>
				<misses>593700001</misses>
				<total>0</total>
				<timestamp>3753.750547</timestamp>
			</report>
			<report>
				<misses>593800001</misses>
				<total>0</total>
				<timestamp>3754.396725</timestamp>
			</report>
			<report>
				<misses>593900001</misses>
				<total>0</total>
				<timestamp>3755.046616</timestamp>
			</report>
			<report>
				<misses>594000001</misses>
				<total>0</total>
				<timestamp>3755.695568</timestamp>
			</report>
			<report>
				<misses>594100001</misses>
				<total>0</total>
				<timestamp>3756.345319</timestamp>
			</report>
			<report>
				<misses>594200001</misses>
				<total>0</total>
				<timestamp>3756.988751</timestamp>
			</report>
			<report>
				<misses>594300001</misses>
				<total>0</total>
				<timestamp>3757.625117</timestamp>
			</report>
			<report>
				<misses>594400001</misses>
				<total>0</total>
				<timestamp>3758.267117</timestamp>
			</report>
			<report>
				<misses>594500001</misses>
				<total>0</total>
				<timestamp>3758.904973</timestamp>
			</report>
			<report>
				<misses>594600001</misses>
				<total>0</total>
				<timestamp>3759.539013</timestamp>
			</report>
			<report>
				<misses>594700001</misses>
				<total>0</total>
				<timestamp>3760.178925</timestamp>
			</report>
			<report>
				<misses>594800001</misses>
				<total>0</total>
				<timestamp>3760.824722</timestamp>
			</report>
			<report>
				<misses>594900001</misses>
				<total>0</total>
				<timestamp>3761.468754</timestamp>
			</report>
			<report>
				<misses>595000001</misses>
				<total>0</total>
				<timestamp>3762.104741</timestamp>
			</report>
			<report>
				<misses>595100001</misses>
				<total>0</total>
				<timestamp>3762.753361</timestamp>
			</report>
			<report>
				<misses>595200001</misses>
				<total>0</total>
				<timestamp>3763.402922</timestamp>
			</report>
			<report>
				<misses>595300001</misses>
				<total>0</total>
				<timestamp>3764.051421</timestamp>
			</report>
			<report>
				<misses>595400001</misses>
				<total>0</total>
				<timestamp>3764.701288</timestamp>
			</report>
			<report>
				<misses>595500001</misses>
				<total>0</total>
				<timestamp>3765.353102</timestamp>
			</report>
			<report>
				<misses>595600001</misses>
				<total>0</total>
				<timestamp>3766.004514</timestamp>
			</report>
			<report>
				<misses>595700001</misses>
				<total>0</total>
				<timestamp>3766.654480</timestamp>
			</report>
			<report>
				<misses>595800001</misses>
				<total>0</total>
				<timestamp>3767.304242</timestamp>
			</report>
			<report>
				<misses>595900001</misses>
				<total>0</total>
				<timestamp>3767.954477</timestamp>
			</report>
			<report>
				<misses>596000001</misses>
				<total>0</total>
				<timestamp>3768.604282</timestamp>
			</report>
			<report>
				<misses>596100001</misses>
				<total>0</total>
				<timestamp>3769.255941</timestamp>
			</report>
			<report>
				<misses>596200001</misses>
				<total>0</total>
				<timestamp>3769.905648</timestamp>
			</report>
			<report>
				<misses>596300001</misses>
				<total>0</total>
				<timestamp>3770.554411</timestamp>
			</report>
			<report>
				<misses>596400001</misses>
				<total>0</total>
				<timestamp>3771.202156</timestamp>
			</report>
			<report>
				<misses>596500001</misses>
				<total>0</total>
				<timestamp>3771.850999</timestamp>
			</report>
			<report>
				<misses>596600001</misses>
				<total>0</total>
				<timestamp>3772.500897</timestamp>
			</report>
			<report>
				<misses>596700001</misses>
				<total>0</total>
				<timestamp>3773.150057</timestamp>
			</report>
			<report>
				<misses>596800001</misses>
				<total>0</total>
				<timestamp>3773.798764</timestamp>
			</report>
			<report>
				<misses>596900001</misses>
				<total>0</total>
				<timestamp>3774.447620</timestamp>
			</report>
			<report>
				<misses>597000001</misses>
				<total>0</total>
				<timestamp>3775.096227</timestamp>
			</report>
			<report>
				<misses>597100001</misses>
				<total>0</total>
				<timestamp>3775.745394</timestamp>
			</report>
			<report>
				<misses>597200001</misses>
				<total>0</total>
				<timestamp>3776.394388</timestamp>
			</report>
			<report>
				<misses>597300001</misses>
				<total>0</total>
				<timestamp>3777.044981</timestamp>
			</report>
			<report>
				<misses>597400001</misses>
				<total>0</total>
				<timestamp>3777.695540</timestamp>
			</report>
			<report>
				<misses>597500001</misses>
				<total>0</total>
				<timestamp>3778.345893</timestamp>
			</report>
			<report>
				<misses>597600001</misses>
				<total>0</total>
				<timestamp>3778.994977</timestamp>
			</report>
			<report>
				<misses>597700001</misses>
				<total>0</total>
				<timestamp>3779.644592</timestamp>
			</report>
			<report>
				<misses>597800001</misses>
				<total>0</total>
				<timestamp>3780.293356</timestamp>
			</report>
			<report>
				<misses>597900001</misses>
				<total>0</total>
				<timestamp>3780.943936</timestamp>
			</report>
			<report>
				<misses>598000001</misses>
				<total>0</total>
				<timestamp>3781.592525</timestamp>
			</report>
			<report>
				<misses>598100001</misses>
				<total>0</total>
				<timestamp>3782.241425</timestamp>
			</report>
			<report>
				<misses>598200001</misses>
				<total>0</total>
				<timestamp>3782.893219</timestamp>
			</report>
			<report>
				<misses>598300001</misses>
				<total>0</total>
				<timestamp>3783.542647</timestamp>
			</report>
			<report>
				<misses>598400001</misses>
				<total>0</total>
				<timestamp>3784.193232</timestamp>
			</report>
			<report>
				<misses>598500001</misses>
				<total>0</total>
				<timestamp>3784.835674</timestamp>
			</report>
			<report>
				<misses>598600001</misses>
				<total>0</total>
				<timestamp>3785.473278</timestamp>
			</report>
			<report>
				<misses>598700001</misses>
				<total>0</total>
				<timestamp>3786.111237</timestamp>
			</report>
			<report>
				<misses>598800001</misses>
				<total>0</total>
				<timestamp>3786.749654</timestamp>
			</report>
			<report>
				<misses>598900001</misses>
				<total>0</total>
				<timestamp>3787.387670</timestamp>
			</report>
			<report>
				<misses>599000001</misses>
				<total>0</total>
				<timestamp>3788.023977</timestamp>
			</report>
			<report>
				<misses>599100001</misses>
				<total>0</total>
				<timestamp>3788.661192</timestamp>
			</report>
			<report>
				<misses>599200001</misses>
				<total>0</total>
				<timestamp>3789.295902</timestamp>
			</report>
			<report>
				<misses>599300001</misses>
				<total>0</total>
				<timestamp>3789.930508</timestamp>
			</report>
			<report>
				<misses>599400001</misses>
				<total>0</total>
				<timestamp>3790.563905</timestamp>
			</report>
			<report>
				<misses>599500001</misses>
				<total>0</total>
				<timestamp>3791.198474</timestamp>
			</report>
			<report>
				<misses>599600001</misses>
				<total>0</total>
				<timestamp>3791.843486</timestamp>
			</report>
			<report>
				<misses>599700001</misses>
				<total>0</total>
				<timestamp>3792.483755</timestamp>
			</report>
			<report>
				<misses>599800001</misses>
				<total>0</total>
				<timestamp>3793.121617</timestamp>
			</report>
			<report>
				<misses>599900001</misses>
				<total>0</total>
				<timestamp>3793.757604</timestamp>
			</report>
			<report>
				<misses>600000001</misses>
				<total>0</total>
				<timestamp>3794.392739</timestamp>
			</report>
			<report>
				<misses>600100001</misses>
				<total>0</total>
				<timestamp>3795.033057</timestamp>
			</report>
			<report>
				<misses>600200001</misses>
				<total>0</total>
				<timestamp>3795.667288</timestamp>
			</report>
			<report>
				<misses>600300001</misses>
				<total>0</total>
				<timestamp>3796.311192</timestamp>
			</report>
			<report>
				<misses>600400001</misses>
				<total>0</total>
				<timestamp>3796.952552</timestamp>
			</report>
			<report>
				<misses>600500001</misses>
				<total>0</total>
				<timestamp>3797.601971</timestamp>
			</report>
			<report>
				<misses>600600001</misses>
				<total>0</total>
				<timestamp>3798.252787</timestamp>
			</report>
			<report>
				<misses>600700001</misses>
				<total>0</total>
				<timestamp>3798.905851</timestamp>
			</report>
			<report>
				<misses>600800001</misses>
				<total>0</total>
				<timestamp>3799.555106</timestamp>
			</report>
			<report>
				<misses>600900001</misses>
				<total>0</total>
				<timestamp>3800.204399</timestamp>
			</report>
			<report>
				<misses>601000001</misses>
				<total>0</total>
				<timestamp>3800.855303</timestamp>
			</report>
			<report>
				<misses>601100001</misses>
				<total>0</total>
				<timestamp>3801.506414</timestamp>
			</report>
			<report>
				<misses>601200001</misses>
				<total>0</total>
				<timestamp>3802.156657</timestamp>
			</report>
			<report>
				<misses>601300001</misses>
				<total>0</total>
				<timestamp>3802.807589</timestamp>
			</report>
			<report>
				<misses>601400001</misses>
				<total>0</total>
				<timestamp>3803.456928</timestamp>
			</report>
			<report>
				<misses>601500001</misses>
				<total>0</total>
				<timestamp>3804.107014</timestamp>
			</report>
			<report>
				<misses>601600001</misses>
				<total>0</total>
				<timestamp>3804.752343</timestamp>
			</report>
			<report>
				<misses>601700001</misses>
				<total>0</total>
				<timestamp>3805.381198</timestamp>
			</report>
			<report>
				<misses>601800001</misses>
				<total>0</total>
				<timestamp>3806.010075</timestamp>
			</report>
			<report>
				<misses>601900001</misses>
				<total>0</total>
				<timestamp>3806.636183</timestamp>
			</report>
			<report>
				<misses>602000001</misses>
				<total>0</total>
				<timestamp>3807.261714</timestamp>
			</report>
			<report>
				<misses>602100001</misses>
				<total>0</total>
				<timestamp>3807.886511</timestamp>
			</report>
			<report>
				<misses>602200001</misses>
				<total>0</total>
				<timestamp>3808.512888</timestamp>
			</report>
			<report>
				<misses>602300001</misses>
				<total>0</total>
				<timestamp>3809.142333</timestamp>
			</report>
			<report>
				<misses>602400001</misses>
				<total>0</total>
				<timestamp>3809.767244</timestamp>
			</report>
			<report>
				<misses>602500001</misses>
				<total>0</total>
				<timestamp>3810.392304</timestamp>
			</report>
			<report>
				<misses>602600001</misses>
				<total>0</total>
				<timestamp>3811.017175</timestamp>
			</report>
			<report>
				<misses>602700001</misses>
				<total>0</total>
				<timestamp>3811.642843</timestamp>
			</report>
			<report>
				<misses>602800001</misses>
				<total>0</total>
				<timestamp>3812.276700</timestamp>
			</report>
			<report>
				<misses>602900001</misses>
				<total>0</total>
				<timestamp>3812.933765</timestamp>
			</report>
			<report>
				<misses>603000001</misses>
				<total>0</total>
				<timestamp>3813.592920</timestamp>
			</report>
			<report>
				<misses>603100001</misses>
				<total>0</total>
				<timestamp>3814.269594</timestamp>
			</report>
			<report>
				<misses>603200001</misses>
				<total>0</total>
				<timestamp>3814.954421</timestamp>
			</report>
			<report>
				<misses>603300001</misses>
				<total>0</total>
				<timestamp>3815.653521</timestamp>
			</report>
			<report>
				<misses>603400001</misses>
				<total>0</total>
				<timestamp>3816.341928</timestamp>
			</report>
			<report>
				<misses>603500001</misses>
				<total>0</total>
				<timestamp>3816.997458</timestamp>
			</report>
			<report>
				<misses>603600001</misses>
				<total>0</total>
				<timestamp>3817.629750</timestamp>
			</report>
			<report>
				<misses>603700001</misses>
				<total>0</total>
				<timestamp>3818.270511</timestamp>
			</report>
			<report>
				<misses>603800001</misses>
				<total>0</total>
				<timestamp>3818.943390</timestamp>
			</report>
			<report>
				<misses>603900001</misses>
				<total>0</total>
				<timestamp>3819.606944</timestamp>
			</report>
			<report>
				<misses>604000001</misses>
				<total>0</total>
				<timestamp>3820.280587</timestamp>
			</report>
			<report>
				<misses>604100001</misses>
				<total>0</total>
				<timestamp>3821.003397</timestamp>
			</report>
			<report>
				<misses>604200001</misses>
				<total>0</total>
				<timestamp>3821.709877</timestamp>
			</report>
			<report>
				<misses>604300001</misses>
				<total>0</total>
				<timestamp>3822.377849</timestamp>
			</report>
			<report>
				<misses>604400001</misses>
				<total>0</total>
				<timestamp>3823.035755</timestamp>
			</report>
			<report>
				<misses>604500001</misses>
				<total>0</total>
				<timestamp>3823.675290</timestamp>
			</report>
			<report>
				<misses>604600001</misses>
				<total>0</total>
				<timestamp>3824.332122</timestamp>
			</report>
			<report>
				<misses>604700001</misses>
				<total>0</total>
				<timestamp>3824.970628</timestamp>
			</report>
			<report>
				<misses>604800001</misses>
				<total>0</total>
				<timestamp>3825.599147</timestamp>
			</report>
			<report>
				<misses>604900001</misses>
				<total>0</total>
				<timestamp>3826.230063</timestamp>
			</report>
			<report>
				<misses>605000001</misses>
				<total>0</total>
				<timestamp>3826.863503</timestamp>
			</report>
			<report>
				<misses>605100001</misses>
				<total>0</total>
				<timestamp>3827.532326</timestamp>
			</report>
			<report>
				<misses>605200001</misses>
				<total>0</total>
				<timestamp>3828.255034</timestamp>
			</report>
			<report>
				<misses>605300001</misses>
				<total>0</total>
				<timestamp>3828.950481</timestamp>
			</report>
			<report>
				<misses>605400001</misses>
				<total>0</total>
				<timestamp>3829.613941</timestamp>
			</report>
			<report>
				<misses>605500001</misses>
				<total>0</total>
				<timestamp>3830.251159</timestamp>
			</report>
			<report>
				<misses>605600001</misses>
				<total>0</total>
				<timestamp>3830.888628</timestamp>
			</report>
			<report>
				<misses>605700001</misses>
				<total>0</total>
				<timestamp>3831.543392</timestamp>
			</report>
			<report>
				<misses>605800001</misses>
				<total>0</total>
				<timestamp>3832.206404</timestamp>
			</report>
			<report>
				<misses>605900001</misses>
				<total>0</total>
				<timestamp>3832.915937</timestamp>
			</report>
			<report>
				<misses>606000001</misses>
				<total>0</total>
				<timestamp>3833.624918</timestamp>
			</report>
			<report>
				<misses>606100001</misses>
				<total>0</total>
				<timestamp>3834.324079</timestamp>
			</report>
			<report>
				<misses>606200001</misses>
				<total>0</total>
				<timestamp>3835.011088</timestamp>
			</report>
			<report>
				<misses>606300001</misses>
				<total>0</total>
				<timestamp>3835.680869</timestamp>
			</report>
			<report>
				<misses>606400001</misses>
				<total>0</total>
				<timestamp>3836.327657</timestamp>
			</report>
			<report>
				<misses>606500001</misses>
				<total>0</total>
				<timestamp>3836.977632</timestamp>
			</report>
			<report>
				<misses>606600001</misses>
				<total>0</total>
				<timestamp>3837.666272</timestamp>
			</report>
			<report>
				<misses>606700001</misses>
				<total>0</total>
				<timestamp>3838.322624</timestamp>
			</report>
			<report>
				<misses>606800001</misses>
				<total>0</total>
				<timestamp>3838.983026</timestamp>
			</report>
			<report>
				<misses>606900001</misses>
				<total>0</total>
				<timestamp>3839.624727</timestamp>
			</report>
			<report>
				<misses>607000001</misses>
				<total>0</total>
				<timestamp>3840.255249</timestamp>
			</report>
			<report>
				<misses>607100001</misses>
				<total>0</total>
				<timestamp>3840.905883</timestamp>
			</report>
			<report>
				<misses>607200001</misses>
				<total>0</total>
				<timestamp>3841.564119</timestamp>
			</report>
			<report>
				<misses>607300001</misses>
				<total>0</total>
				<timestamp>3842.216304</timestamp>
			</report>
			<report>
				<misses>607400001</misses>
				<total>0</total>
				<timestamp>3842.849444</timestamp>
			</report>
			<report>
				<misses>607500001</misses>
				<total>0</total>
				<timestamp>3843.477336</timestamp>
			</report>
			<report>
				<misses>607600001</misses>
				<total>0</total>
				<timestamp>3844.105434</timestamp>
			</report>
			<report>
				<misses>607700001</misses>
				<total>0</total>
				<timestamp>3844.732524</timestamp>
			</report>
			<report>
				<misses>607800001</misses>
				<total>0</total>
				<timestamp>3845.359768</timestamp>
			</report>
			<report>
				<misses>607900001</misses>
				<total>0</total>
				<timestamp>3845.987557</timestamp>
			</report>
			<report>
				<misses>608000001</misses>
				<total>0</total>
				<timestamp>3846.617759</timestamp>
			</report>
			<report>
				<misses>608100001</misses>
				<total>0</total>
				<timestamp>3847.250265</timestamp>
			</report>
			<report>
				<misses>608200001</misses>
				<total>0</total>
				<timestamp>3847.910942</timestamp>
			</report>
			<report>
				<misses>608300001</misses>
				<total>0</total>
				<timestamp>3848.554387</timestamp>
			</report>
			<report>
				<misses>608400001</misses>
				<total>0</total>
				<timestamp>3849.213486</timestamp>
			</report>
			<report>
				<misses>608500001</misses>
				<total>0</total>
				<timestamp>3849.875431</timestamp>
			</report>
			<report>
				<misses>608600001</misses>
				<total>0</total>
				<timestamp>3850.522623</timestamp>
			</report>
			<report>
				<misses>608700001</misses>
				<total>0</total>
				<timestamp>3851.216908</timestamp>
			</report>
			<report>
				<misses>608800001</misses>
				<total>0</total>
				<timestamp>3851.889750</timestamp>
			</report>
			<report>
				<misses>608900001</misses>
				<total>0</total>
				<timestamp>3852.536139</timestamp>
			</report>
			<report>
				<misses>609000001</misses>
				<total>0</total>
				<timestamp>3853.174160</timestamp>
			</report>
			<report>
				<misses>609100001</misses>
				<total>0</total>
				<timestamp>3853.807319</timestamp>
			</report>
			<report>
				<misses>609200001</misses>
				<total>0</total>
				<timestamp>3854.431029</timestamp>
			</report>
			<report>
				<misses>609300001</misses>
				<total>0</total>
				<timestamp>3855.057513</timestamp>
			</report>
			<report>
				<misses>609400001</misses>
				<total>0</total>
				<timestamp>3855.708197</timestamp>
			</report>
			<report>
				<misses>609500001</misses>
				<total>0</total>
				<timestamp>3856.358156</timestamp>
			</report>
			<report>
				<misses>609600001</misses>
				<total>0</total>
				<timestamp>3856.992131</timestamp>
			</report>
			<report>
				<misses>609700001</misses>
				<total>0</total>
				<timestamp>3857.630778</timestamp>
			</report>
			<report>
				<misses>609800001</misses>
				<total>0</total>
				<timestamp>3858.268350</timestamp>
			</report>
			<report>
				<misses>609900001</misses>
				<total>0</total>
				<timestamp>3858.901077</timestamp>
			</report>
			<report>
				<misses>610000001</misses>
				<total>0</total>
				<timestamp>3859.526254</timestamp>
			</report>
			<report>
				<misses>610100001</misses>
				<total>0</total>
				<timestamp>3860.147168</timestamp>
			</report>
			<report>
				<misses>610200001</misses>
				<total>0</total>
				<timestamp>3860.767967</timestamp>
			</report>
			<report>
				<misses>610300001</misses>
				<total>0</total>
				<timestamp>3861.389471</timestamp>
			</report>
			<report>
				<misses>610400001</misses>
				<total>0</total>
				<timestamp>3862.011457</timestamp>
			</report>
			<report>
				<misses>610500001</misses>
				<total>0</total>
				<timestamp>3862.635835</timestamp>
			</report>
			<report>
				<misses>610600001</misses>
				<total>0</total>
				<timestamp>3863.264256</timestamp>
			</report>
			<report>
				<misses>610700001</misses>
				<total>0</total>
				<timestamp>3863.905102</timestamp>
			</report>
			<report>
				<misses>610800001</misses>
				<total>0</total>
				<timestamp>3864.555932</timestamp>
			</report>
			<report>
				<misses>610900001</misses>
				<total>0</total>
				<timestamp>3865.255516</timestamp>
			</report>
			<report>
				<misses>611000001</misses>
				<total>0</total>
				<timestamp>3865.949278</timestamp>
			</report>
			<report>
				<misses>611100001</misses>
				<total>0</total>
				<timestamp>3866.634394</timestamp>
			</report>
			<report>
				<misses>611200001</misses>
				<total>0</total>
				<timestamp>3867.291818</timestamp>
			</report>
			<report>
				<misses>611300001</misses>
				<total>0</total>
				<timestamp>3867.945662</timestamp>
			</report>
			<report>
				<misses>611400001</misses>
				<total>0</total>
				<timestamp>3868.600150</timestamp>
			</report>
			<report>
				<misses>611500001</misses>
				<total>0</total>
				<timestamp>3869.235731</timestamp>
			</report>
			<report>
				<misses>611600001</misses>
				<total>0</total>
				<timestamp>3869.874592</timestamp>
			</report>
			<report>
				<misses>611700001</misses>
				<total>0</total>
				<timestamp>3870.506985</timestamp>
			</report>
			<report>
				<misses>611800001</misses>
				<total>0</total>
				<timestamp>3871.147710</timestamp>
			</report>
			<report>
				<misses>611900001</misses>
				<total>0</total>
				<timestamp>3871.803359</timestamp>
			</report>
			<report>
				<misses>612000001</misses>
				<total>0</total>
				<timestamp>3872.506418</timestamp>
			</report>
			<report>
				<misses>612100001</misses>
				<total>0</total>
				<timestamp>3873.210984</timestamp>
			</report>
			<report>
				<misses>612200001</misses>
				<total>0</total>
				<timestamp>3873.906181</timestamp>
			</report>
			<report>
				<misses>612300001</misses>
				<total>0</total>
				<timestamp>3874.609582</timestamp>
			</report>
			<report>
				<misses>612400001</misses>
				<total>0</total>
				<timestamp>3875.315143</timestamp>
			</report>
			<report>
				<misses>612500001</misses>
				<total>0</total>
				<timestamp>3876.008578</timestamp>
			</report>
			<report>
				<misses>612600001</misses>
				<total>0</total>
				<timestamp>3876.708689</timestamp>
			</report>
			<report>
				<misses>612700001</misses>
				<total>0</total>
				<timestamp>3877.409372</timestamp>
			</report>
			<report>
				<misses>612800001</misses>
				<total>0</total>
				<timestamp>3878.081275</timestamp>
			</report>
			<report>
				<misses>612900001</misses>
				<total>0</total>
				<timestamp>3878.713929</timestamp>
			</report>
			<report>
				<misses>613000001</misses>
				<total>0</total>
				<timestamp>3879.340452</timestamp>
			</report>
			<report>
				<misses>613100001</misses>
				<total>0</total>
				<timestamp>3879.966254</timestamp>
			</report>
			<report>
				<misses>613200001</misses>
				<total>0</total>
				<timestamp>3880.620039</timestamp>
			</report>
			<report>
				<misses>613300001</misses>
				<total>0</total>
				<timestamp>3881.307358</timestamp>
			</report>
			<report>
				<misses>613400001</misses>
				<total>0</total>
				<timestamp>3881.994674</timestamp>
			</report>
			<report>
				<misses>613500001</misses>
				<total>0</total>
				<timestamp>3882.678164</timestamp>
			</report>
			<report>
				<misses>613600001</misses>
				<total>0</total>
				<timestamp>3883.367962</timestamp>
			</report>
			<report>
				<misses>613700001</misses>
				<total>0</total>
				<timestamp>3884.041504</timestamp>
			</report>
			<report>
				<misses>613800001</misses>
				<total>0</total>
				<timestamp>3884.726525</timestamp>
			</report>
			<report>
				<misses>613900001</misses>
				<total>0</total>
				<timestamp>3885.372314</timestamp>
			</report>
			<report>
				<misses>614000001</misses>
				<total>0</total>
				<timestamp>3885.994814</timestamp>
			</report>
			<report>
				<misses>614100001</misses>
				<total>0</total>
				<timestamp>3886.616180</timestamp>
			</report>
			<report>
				<misses>614200001</misses>
				<total>0</total>
				<timestamp>3887.238084</timestamp>
			</report>
			<report>
				<misses>614300001</misses>
				<total>0</total>
				<timestamp>3887.861006</timestamp>
			</report>
			<report>
				<misses>614400001</misses>
				<total>0</total>
				<timestamp>3888.483470</timestamp>
			</report>
			<report>
				<misses>614500001</misses>
				<total>0</total>
				<timestamp>3889.106644</timestamp>
			</report>
			<report>
				<misses>614600001</misses>
				<total>0</total>
				<timestamp>3889.740121</timestamp>
			</report>
			<report>
				<misses>614700001</misses>
				<total>0</total>
				<timestamp>3890.368184</timestamp>
			</report>
			<report>
				<misses>614800001</misses>
				<total>0</total>
				<timestamp>3890.992708</timestamp>
			</report>
			<report>
				<misses>614900001</misses>
				<total>0</total>
				<timestamp>3891.621009</timestamp>
			</report>
			<report>
				<misses>615000001</misses>
				<total>0</total>
				<timestamp>3892.250014</timestamp>
			</report>
			<report>
				<misses>615100001</misses>
				<total>0</total>
				<timestamp>3892.884912</timestamp>
			</report>
			<report>
				<misses>615200001</misses>
				<total>0</total>
				<timestamp>3893.509664</timestamp>
			</report>
			<report>
				<misses>615300001</misses>
				<total>0</total>
				<timestamp>3894.138351</timestamp>
			</report>
			<report>
				<misses>615400001</misses>
				<total>0</total>
				<timestamp>3894.768062</timestamp>
			</report>
			<report>
				<misses>615500001</misses>
				<total>0</total>
				<timestamp>3895.393482</timestamp>
			</report>
			<report>
				<misses>615600001</misses>
				<total>0</total>
				<timestamp>3896.017672</timestamp>
			</report>
			<report>
				<misses>615700001</misses>
				<total>0</total>
				<timestamp>3896.643570</timestamp>
			</report>
			<report>
				<misses>615800001</misses>
				<total>0</total>
				<timestamp>3897.270412</timestamp>
			</report>
			<report>
				<misses>615900001</misses>
				<total>0</total>
				<timestamp>3897.894418</timestamp>
			</report>
			<report>
				<misses>616000001</misses>
				<total>0</total>
				<timestamp>3898.521460</timestamp>
			</report>
			<report>
				<misses>616100001</misses>
				<total>0</total>
				<timestamp>3899.148466</timestamp>
			</report>
			<report>
				<misses>616200001</misses>
				<total>0</total>
				<timestamp>3899.775570</timestamp>
			</report>
			<report>
				<misses>616300001</misses>
				<total>0</total>
				<timestamp>3900.402817</timestamp>
			</report>
			<report>
				<misses>616400001</misses>
				<total>0</total>
				<timestamp>3901.027950</timestamp>
			</report>
			<report>
				<misses>616500001</misses>
				<total>0</total>
				<timestamp>3901.654568</timestamp>
			</report>
			<report>
				<misses>616600001</misses>
				<total>0</total>
				<timestamp>3902.280911</timestamp>
			</report>
			<report>
				<misses>616700001</misses>
				<total>0</total>
				<timestamp>3902.907993</timestamp>
			</report>
			<report>
				<misses>616800001</misses>
				<total>0</total>
				<timestamp>3903.535739</timestamp>
			</report>
			<report>
				<misses>616900001</misses>
				<total>0</total>
				<timestamp>3904.165971</timestamp>
			</report>
			<report>
				<misses>617000001</misses>
				<total>0</total>
				<timestamp>3904.803035</timestamp>
			</report>
			<report>
				<misses>617100001</misses>
				<total>0</total>
				<timestamp>3905.428379</timestamp>
			</report>
			<report>
				<misses>617200001</misses>
				<total>0</total>
				<timestamp>3906.055041</timestamp>
			</report>
			<report>
				<misses>617300001</misses>
				<total>0</total>
				<timestamp>3906.680391</timestamp>
			</report>
			<report>
				<misses>617400001</misses>
				<total>0</total>
				<timestamp>3907.306602</timestamp>
			</report>
			<report>
				<misses>617500001</misses>
				<total>0</total>
				<timestamp>3907.932680</timestamp>
			</report>
			<report>
				<misses>617600001</misses>
				<total>0</total>
				<timestamp>3908.561174</timestamp>
			</report>
			<report>
				<misses>617700001</misses>
				<total>0</total>
				<timestamp>3909.194230</timestamp>
			</report>
			<report>
				<misses>617800001</misses>
				<total>0</total>
				<timestamp>3909.822611</timestamp>
			</report>
			<report>
				<misses>617900001</misses>
				<total>0</total>
				<timestamp>3910.450065</timestamp>
			</report>
			<report>
				<misses>618000001</misses>
				<total>0</total>
				<timestamp>3911.164564</timestamp>
			</report>
			<report>
				<misses>618100001</misses>
				<total>0</total>
				<timestamp>3912.008993</timestamp>
			</report>
			<report>
				<misses>618200001</misses>
				<total>0</total>
				<timestamp>3912.718981</timestamp>
			</report>
			<report>
				<misses>618300001</misses>
				<total>0</total>
				<timestamp>3913.405906</timestamp>
			</report>
			<report>
				<misses>618400001</misses>
				<total>0</total>
				<timestamp>3914.122097</timestamp>
			</report>
			<report>
				<misses>618500001</misses>
				<total>0</total>
				<timestamp>3914.765716</timestamp>
			</report>
			<report>
				<misses>618600001</misses>
				<total>0</total>
				<timestamp>3915.408770</timestamp>
			</report>
			<report>
				<misses>618700001</misses>
				<total>0</total>
				<timestamp>3916.048066</timestamp>
			</report>
			<report>
				<misses>618800001</misses>
				<total>0</total>
				<timestamp>3916.720589</timestamp>
			</report>
			<report>
				<misses>618900001</misses>
				<total>0</total>
				<timestamp>3917.421091</timestamp>
			</report>
			<report>
				<misses>619000001</misses>
				<total>0</total>
				<timestamp>3918.066441</timestamp>
			</report>
			<report>
				<misses>619100001</misses>
				<total>0</total>
				<timestamp>3918.713007</timestamp>
			</report>
			<report>
				<misses>619200001</misses>
				<total>0</total>
				<timestamp>3919.359316</timestamp>
			</report>
			<report>
				<misses>619300001</misses>
				<total>0</total>
				<timestamp>3920.008226</timestamp>
			</report>
			<report>
				<misses>619400001</misses>
				<total>0</total>
				<timestamp>3920.665741</timestamp>
			</report>
			<report>
				<misses>619500001</misses>
				<total>0</total>
				<timestamp>3921.299826</timestamp>
			</report>
			<report>
				<misses>619600001</misses>
				<total>0</total>
				<timestamp>3921.932295</timestamp>
			</report>
			<report>
				<misses>619700001</misses>
				<total>0</total>
				<timestamp>3922.567014</timestamp>
			</report>
			<report>
				<misses>619800001</misses>
				<total>0</total>
				<timestamp>3923.203598</timestamp>
			</report>
			<report>
				<misses>619900001</misses>
				<total>0</total>
				<timestamp>3923.871925</timestamp>
			</report>
			<report>
				<misses>620000001</misses>
				<total>0</total>
				<timestamp>3924.526603</timestamp>
			</report>
			<report>
				<misses>620100001</misses>
				<total>0</total>
				<timestamp>3925.168300</timestamp>
			</report>
			<report>
				<misses>620200001</misses>
				<total>0</total>
				<timestamp>3925.801921</timestamp>
			</report>
			<report>
				<misses>620300001</misses>
				<total>0</total>
				<timestamp>3926.427111</timestamp>
			</report>
			<report>
				<misses>620400001</misses>
				<total>0</total>
				<timestamp>3927.064648</timestamp>
			</report>
			<report>
				<misses>620500001</misses>
				<total>0</total>
				<timestamp>3927.699189</timestamp>
			</report>
			<report>
				<misses>620600001</misses>
				<total>0</total>
				<timestamp>3928.322459</timestamp>
			</report>
			<report>
				<misses>620700001</misses>
				<total>0</total>
				<timestamp>3928.950151</timestamp>
			</report>
			<report>
				<misses>620800001</misses>
				<total>0</total>
				<timestamp>3929.586586</timestamp>
			</report>
			<report>
				<misses>620900001</misses>
				<total>0</total>
				<timestamp>3930.223807</timestamp>
			</report>
			<report>
				<misses>621000001</misses>
				<total>0</total>
				<timestamp>3930.866876</timestamp>
			</report>
			<report>
				<misses>621100001</misses>
				<total>0</total>
				<timestamp>3931.506689</timestamp>
			</report>
			<report>
				<misses>621200001</misses>
				<total>0</total>
				<timestamp>3932.148015</timestamp>
			</report>
			<report>
				<misses>621300001</misses>
				<total>0</total>
				<timestamp>3932.805844</timestamp>
			</report>
			<report>
				<misses>621400001</misses>
				<total>0</total>
				<timestamp>3933.439827</timestamp>
			</report>
			<report>
				<misses>621500001</misses>
				<total>0</total>
				<timestamp>3934.080257</timestamp>
			</report>
			<report>
				<misses>621600001</misses>
				<total>0</total>
				<timestamp>3934.719486</timestamp>
			</report>
			<report>
				<misses>621700001</misses>
				<total>0</total>
				<timestamp>3935.363085</timestamp>
			</report>
			<report>
				<misses>621800001</misses>
				<total>0</total>
				<timestamp>3936.002421</timestamp>
			</report>
			<report>
				<misses>621900001</misses>
				<total>0</total>
				<timestamp>3936.638329</timestamp>
			</report>
			<report>
				<misses>622000001</misses>
				<total>0</total>
				<timestamp>3937.274603</timestamp>
			</report>
			<report>
				<misses>622100001</misses>
				<total>0</total>
				<timestamp>3937.910333</timestamp>
			</report>
			<report>
				<misses>622200001</misses>
				<total>0</total>
				<timestamp>3938.546475</timestamp>
			</report>
			<report>
				<misses>622300001</misses>
				<total>0</total>
				<timestamp>3939.191992</timestamp>
			</report>
			<report>
				<misses>622400001</misses>
				<total>0</total>
				<timestamp>3939.835794</timestamp>
			</report>
			<report>
				<misses>622500001</misses>
				<total>0</total>
				<timestamp>3940.470586</timestamp>
			</report>
			<report>
				<misses>622600001</misses>
				<total>0</total>
				<timestamp>3941.104531</timestamp>
			</report>
			<report>
				<misses>622700001</misses>
				<total>0</total>
				<timestamp>3941.734952</timestamp>
			</report>
			<report>
				<misses>622800001</misses>
				<total>0</total>
				<timestamp>3942.369917</timestamp>
			</report>
			<report>
				<misses>622900001</misses>
				<total>0</total>
				<timestamp>3943.008844</timestamp>
			</report>
			<report>
				<misses>623000001</misses>
				<total>0</total>
				<timestamp>3943.655934</timestamp>
			</report>
			<report>
				<misses>623100001</misses>
				<total>0</total>
				<timestamp>3944.299327</timestamp>
			</report>
			<report>
				<misses>623200001</misses>
				<total>0</total>
				<timestamp>3944.933343</timestamp>
			</report>
			<report>
				<misses>623300001</misses>
				<total>0</total>
				<timestamp>3945.570491</timestamp>
			</report>
			<report>
				<misses>623400001</misses>
				<total>0</total>
				<timestamp>3946.221931</timestamp>
			</report>
			<report>
				<misses>623500001</misses>
				<total>0</total>
				<timestamp>3946.857295</timestamp>
			</report>
			<report>
				<misses>623600001</misses>
				<total>0</total>
				<timestamp>3947.488161</timestamp>
			</report>
			<report>
				<misses>623700001</misses>
				<total>0</total>
				<timestamp>3948.118860</timestamp>
			</report>
			<report>
				<misses>623800001</misses>
				<total>0</total>
				<timestamp>3948.749340</timestamp>
			</report>
			<report>
				<misses>623900001</misses>
				<total>0</total>
				<timestamp>3949.402105</timestamp>
			</report>
			<report>
				<misses>624000001</misses>
				<total>0</total>
				<timestamp>3950.073170</timestamp>
			</report>
			<report>
				<misses>624100001</misses>
				<total>0</total>
				<timestamp>3950.789377</timestamp>
			</report>
			<report>
				<misses>624200001</misses>
				<total>0</total>
				<timestamp>3951.505627</timestamp>
			</report>
			<report>
				<misses>624300001</misses>
				<total>0</total>
				<timestamp>3952.217892</timestamp>
			</report>
			<report>
				<misses>624400001</misses>
				<total>0</total>
				<timestamp>3952.918239</timestamp>
			</report>
			<report>
				<misses>624500001</misses>
				<total>0</total>
				<timestamp>3953.616945</timestamp>
			</report>
			<report>
				<misses>624600001</misses>
				<total>0</total>
				<timestamp>3954.290095</timestamp>
			</report>
			<report>
				<misses>624700001</misses>
				<total>0</total>
				<timestamp>3954.986836</timestamp>
			</report>
			<report>
				<misses>624800001</misses>
				<total>0</total>
				<timestamp>3955.688933</timestamp>
			</report>
			<report>
				<misses>624900001</misses>
				<total>0</total>
				<timestamp>3956.318726</timestamp>
			</report>
			<report>
				<misses>625000001</misses>
				<total>0</total>
				<timestamp>3956.944948</timestamp>
			</report>
			<report>
				<misses>625100001</misses>
				<total>0</total>
				<timestamp>3957.572923</timestamp>
			</report>
			<report>
				<misses>625200001</misses>
				<total>0</total>
				<timestamp>3958.232839</timestamp>
			</report>
			<report>
				<misses>625300001</misses>
				<total>0</total>
				<timestamp>3958.883209</timestamp>
			</report>
			<report>
				<misses>625400001</misses>
				<total>0</total>
				<timestamp>3959.520826</timestamp>
			</report>
			<report>
				<misses>625500001</misses>
				<total>0</total>
				<timestamp>3960.157097</timestamp>
			</report>
			<report>
				<misses>625600001</misses>
				<total>0</total>
				<timestamp>3960.792823</timestamp>
			</report>
			<report>
				<misses>625700001</misses>
				<total>0</total>
				<timestamp>3961.428578</timestamp>
			</report>
			<report>
				<misses>625800001</misses>
				<total>0</total>
				<timestamp>3962.064059</timestamp>
			</report>
			<report>
				<misses>625900001</misses>
				<total>0</total>
				<timestamp>3962.712883</timestamp>
			</report>
			<report>
				<misses>626000001</misses>
				<total>0</total>
				<timestamp>3963.360527</timestamp>
			</report>
			<report>
				<misses>626100001</misses>
				<total>0</total>
				<timestamp>3964.011263</timestamp>
			</report>
			<report>
				<misses>626200001</misses>
				<total>0</total>
				<timestamp>3964.649945</timestamp>
			</report>
			<report>
				<misses>626300001</misses>
				<total>0</total>
				<timestamp>3965.303010</timestamp>
			</report>
			<report>
				<misses>626400001</misses>
				<total>0</total>
				<timestamp>3965.943214</timestamp>
			</report>
			<report>
				<misses>626500001</misses>
				<total>0</total>
				<timestamp>3966.571466</timestamp>
			</report>
			<report>
				<misses>626600001</misses>
				<total>0</total>
				<timestamp>3967.199523</timestamp>
			</report>
			<report>
				<misses>626700001</misses>
				<total>0</total>
				<timestamp>3967.841849</timestamp>
			</report>
			<report>
				<misses>626800001</misses>
				<total>0</total>
				<timestamp>3968.487066</timestamp>
			</report>
			<report>
				<misses>626900001</misses>
				<total>0</total>
				<timestamp>3969.131322</timestamp>
			</report>
			<report>
				<misses>627000001</misses>
				<total>0</total>
				<timestamp>3969.784619</timestamp>
			</report>
			<report>
				<misses>627100001</misses>
				<total>0</total>
				<timestamp>3970.438632</timestamp>
			</report>
			<report>
				<misses>627200001</misses>
				<total>0</total>
				<timestamp>3971.101286</timestamp>
			</report>
			<report>
				<misses>627300001</misses>
				<total>0</total>
				<timestamp>3971.756696</timestamp>
			</report>
			<report>
				<misses>627400001</misses>
				<total>0</total>
				<timestamp>3972.414208</timestamp>
			</report>
			<report>
				<misses>627500001</misses>
				<total>0</total>
				<timestamp>3973.069243</timestamp>
			</report>
			<report>
				<misses>627600001</misses>
				<total>0</total>
				<timestamp>3973.728618</timestamp>
			</report>
			<report>
				<misses>627700001</misses>
				<total>0</total>
				<timestamp>3974.386910</timestamp>
			</report>
			<report>
				<misses>627800001</misses>
				<total>0</total>
				<timestamp>3975.042003</timestamp>
			</report>
			<report>
				<misses>627900001</misses>
				<total>0</total>
				<timestamp>3975.695606</timestamp>
			</report>
			<report>
				<misses>628000001</misses>
				<total>0</total>
				<timestamp>3976.344585</timestamp>
			</report>
			<report>
				<misses>628100001</misses>
				<total>0</total>
				<timestamp>3976.983494</timestamp>
			</report>
			<report>
				<misses>628200001</misses>
				<total>0</total>
				<timestamp>3977.620870</timestamp>
			</report>
			<report>
				<misses>628300001</misses>
				<total>0</total>
				<timestamp>3978.256846</timestamp>
			</report>
			<report>
				<misses>628400001</misses>
				<total>0</total>
				<timestamp>3978.883861</timestamp>
			</report>
			<report>
				<misses>628500001</misses>
				<total>0</total>
				<timestamp>3979.510591</timestamp>
			</report>
			<report>
				<misses>628600001</misses>
				<total>0</total>
				<timestamp>3980.137791</timestamp>
			</report>
			<report>
				<misses>628700001</misses>
				<total>0</total>
				<timestamp>3980.765302</timestamp>
			</report>
			<report>
				<misses>628800001</misses>
				<total>0</total>
				<timestamp>3981.392454</timestamp>
			</report>
			<report>
				<misses>628900001</misses>
				<total>0</total>
				<timestamp>3982.020526</timestamp>
			</report>
			<report>
				<misses>629000001</misses>
				<total>0</total>
				<timestamp>3982.648673</timestamp>
			</report>
			<report>
				<misses>629100001</misses>
				<total>0</total>
				<timestamp>3983.276790</timestamp>
			</report>
			<report>
				<misses>629200001</misses>
				<total>0</total>
				<timestamp>3983.908489</timestamp>
			</report>
			<report>
				<misses>629300001</misses>
				<total>0</total>
				<timestamp>3984.534178</timestamp>
			</report>
			<report>
				<misses>629400001</misses>
				<total>0</total>
				<timestamp>3985.168597</timestamp>
			</report>
			<report>
				<misses>629500001</misses>
				<total>0</total>
				<timestamp>3985.809280</timestamp>
			</report>
			<report>
				<misses>629600001</misses>
				<total>0</total>
				<timestamp>3986.456737</timestamp>
			</report>
			<report>
				<misses>629700001</misses>
				<total>0</total>
				<timestamp>3987.092165</timestamp>
			</report>
			<report>
				<misses>629800001</misses>
				<total>0</total>
				<timestamp>3987.733408</timestamp>
			</report>
			<report>
				<misses>629900001</misses>
				<total>0</total>
				<timestamp>3988.370443</timestamp>
			</report>
			<report>
				<misses>630000001</misses>
				<total>0</total>
				<timestamp>3988.997660</timestamp>
			</report>
			<report>
				<misses>630100001</misses>
				<total>0</total>
				<timestamp>3989.627782</timestamp>
			</report>
			<report>
				<misses>630200001</misses>
				<total>0</total>
				<timestamp>3990.269060</timestamp>
			</report>
			<report>
				<misses>630300001</misses>
				<total>0</total>
				<timestamp>3990.920492</timestamp>
			</report>
			<report>
				<misses>630400001</misses>
				<total>0</total>
				<timestamp>3991.558594</timestamp>
			</report>
			<report>
				<misses>630500001</misses>
				<total>0</total>
				<timestamp>3992.210126</timestamp>
			</report>
			<report>
				<misses>630600001</misses>
				<total>0</total>
				<timestamp>3992.853783</timestamp>
			</report>
			<report>
				<misses>630700001</misses>
				<total>0</total>
				<timestamp>3993.511216</timestamp>
			</report>
			<report>
				<misses>630800001</misses>
				<total>0</total>
				<timestamp>3994.147580</timestamp>
			</report>
			<report>
				<misses>630900001</misses>
				<total>0</total>
				<timestamp>3994.796596</timestamp>
			</report>
			<report>
				<misses>631000001</misses>
				<total>0</total>
				<timestamp>3995.431841</timestamp>
			</report>
			<report>
				<misses>631100001</misses>
				<total>0</total>
				<timestamp>3996.063977</timestamp>
			</report>
			<report>
				<misses>631200001</misses>
				<total>0</total>
				<timestamp>3996.727106</timestamp>
			</report>
			<report>
				<misses>631300001</misses>
				<total>0</total>
				<timestamp>3997.369111</timestamp>
			</report>
			<report>
				<misses>631400001</misses>
				<total>0</total>
				<timestamp>3997.996597</timestamp>
			</report>
			<report>
				<misses>631500001</misses>
				<total>0</total>
				<timestamp>3998.626999</timestamp>
			</report>
			<report>
				<misses>631600001</misses>
				<total>0</total>
				<timestamp>3999.252949</timestamp>
			</report>
			<report>
				<misses>631700001</misses>
				<total>0</total>
				<timestamp>3999.886373</timestamp>
			</report>
			<report>
				<misses>631800001</misses>
				<total>0</total>
				<timestamp>4000.512162</timestamp>
			</report>
			<report>
				<misses>631900001</misses>
				<total>0</total>
				<timestamp>4001.138092</timestamp>
			</report>
			<report>
				<misses>632000001</misses>
				<total>0</total>
				<timestamp>4001.765174</timestamp>
			</report>
			<report>
				<misses>632100001</misses>
				<total>0</total>
				<timestamp>4002.395172</timestamp>
			</report>
			<report>
				<misses>632200001</misses>
				<total>0</total>
				<timestamp>4003.035151</timestamp>
			</report>
			<report>
				<misses>632300001</misses>
				<total>0</total>
				<timestamp>4003.678917</timestamp>
			</report>
			<report>
				<misses>632400001</misses>
				<total>0</total>
				<timestamp>4004.317152</timestamp>
			</report>
			<report>
				<misses>632500001</misses>
				<total>0</total>
				<timestamp>4004.952507</timestamp>
			</report>
			<report>
				<misses>632600001</misses>
				<total>0</total>
				<timestamp>4005.594203</timestamp>
			</report>
			<report>
				<misses>632700001</misses>
				<total>0</total>
				<timestamp>4006.235644</timestamp>
			</report>
			<report>
				<misses>632800001</misses>
				<total>0</total>
				<timestamp>4006.883596</timestamp>
			</report>
			<report>
				<misses>632900001</misses>
				<total>0</total>
				<timestamp>4007.523582</timestamp>
			</report>
			<report>
				<misses>633000001</misses>
				<total>0</total>
				<timestamp>4008.163032</timestamp>
			</report>
			<report>
				<misses>633100001</misses>
				<total>0</total>
				<timestamp>4008.804808</timestamp>
			</report>
			<report>
				<misses>633200001</misses>
				<total>0</total>
				<timestamp>4009.443247</timestamp>
			</report>
			<report>
				<misses>633300001</misses>
				<total>0</total>
				<timestamp>4010.086894</timestamp>
			</report>
			<report>
				<misses>633400001</misses>
				<total>0</total>
				<timestamp>4010.738046</timestamp>
			</report>
			<report>
				<misses>633500001</misses>
				<total>0</total>
				<timestamp>4011.374207</timestamp>
			</report>
			<report>
				<misses>633600001</misses>
				<total>0</total>
				<timestamp>4012.007139</timestamp>
			</report>
			<report>
				<misses>633700001</misses>
				<total>0</total>
				<timestamp>4012.633622</timestamp>
			</report>
			<report>
				<misses>633800001</misses>
				<total>0</total>
				<timestamp>4013.259845</timestamp>
			</report>
			<report>
				<misses>633900001</misses>
				<total>0</total>
				<timestamp>4013.887010</timestamp>
			</report>
			<report>
				<misses>634000001</misses>
				<total>0</total>
				<timestamp>4014.514447</timestamp>
			</report>
			<report>
				<misses>634100001</misses>
				<total>0</total>
				<timestamp>4015.141160</timestamp>
			</report>
			<report>
				<misses>634200001</misses>
				<total>0</total>
				<timestamp>4015.768730</timestamp>
			</report>
			<report>
				<misses>634300001</misses>
				<total>0</total>
				<timestamp>4016.399371</timestamp>
			</report>
			<report>
				<misses>634400001</misses>
				<total>0</total>
				<timestamp>4017.040806</timestamp>
			</report>
			<report>
				<misses>634500001</misses>
				<total>0</total>
				<timestamp>4017.700411</timestamp>
			</report>
			<report>
				<misses>634600001</misses>
				<total>0</total>
				<timestamp>4018.331287</timestamp>
			</report>
			<report>
				<misses>634700001</misses>
				<total>0</total>
				<timestamp>4018.963436</timestamp>
			</report>
			<report>
				<misses>634800001</misses>
				<total>0</total>
				<timestamp>4019.591446</timestamp>
			</report>
			<report>
				<misses>634900001</misses>
				<total>0</total>
				<timestamp>4020.226937</timestamp>
			</report>
			<report>
				<misses>635000001</misses>
				<total>0</total>
				<timestamp>4020.861115</timestamp>
			</report>
			<report>
				<misses>635100001</misses>
				<total>0</total>
				<timestamp>4021.499680</timestamp>
			</report>
			<report>
				<misses>635200001</misses>
				<total>0</total>
				<timestamp>4022.136562</timestamp>
			</report>
			<report>
				<misses>635300001</misses>
				<total>0</total>
				<timestamp>4022.771891</timestamp>
			</report>
			<report>
				<misses>635400001</misses>
				<total>0</total>
				<timestamp>4023.409625</timestamp>
			</report>
			<report>
				<misses>635500001</misses>
				<total>0</total>
				<timestamp>4024.065726</timestamp>
			</report>
			<report>
				<misses>635600001</misses>
				<total>0</total>
				<timestamp>4024.713691</timestamp>
			</report>
			<report>
				<misses>635700001</misses>
				<total>0</total>
				<timestamp>4025.356748</timestamp>
			</report>
			<report>
				<misses>635800001</misses>
				<total>0</total>
				<timestamp>4025.994632</timestamp>
			</report>
			<report>
				<misses>635900001</misses>
				<total>0</total>
				<timestamp>4026.645094</timestamp>
			</report>
			<report>
				<misses>636000001</misses>
				<total>0</total>
				<timestamp>4027.292491</timestamp>
			</report>
			<report>
				<misses>636100001</misses>
				<total>0</total>
				<timestamp>4027.948489</timestamp>
			</report>
			<report>
				<misses>636200001</misses>
				<total>0</total>
				<timestamp>4028.603595</timestamp>
			</report>
			<report>
				<misses>636300001</misses>
				<total>0</total>
				<timestamp>4029.242327</timestamp>
			</report>
			<report>
				<misses>636400001</misses>
				<total>0</total>
				<timestamp>4029.896367</timestamp>
			</report>
			<report>
				<misses>636500001</misses>
				<total>0</total>
				<timestamp>4030.539712</timestamp>
			</report>
			<report>
				<misses>636600001</misses>
				<total>0</total>
				<timestamp>4031.175659</timestamp>
			</report>
			<report>
				<misses>636700001</misses>
				<total>0</total>
				<timestamp>4031.810383</timestamp>
			</report>
			<report>
				<misses>636800001</misses>
				<total>0</total>
				<timestamp>4032.458345</timestamp>
			</report>
			<report>
				<misses>636900001</misses>
				<total>0</total>
				<timestamp>4033.147022</timestamp>
			</report>
			<report>
				<misses>637000001</misses>
				<total>0</total>
				<timestamp>4033.857719</timestamp>
			</report>
			<report>
				<misses>637100001</misses>
				<total>0</total>
				<timestamp>4034.566494</timestamp>
			</report>
			<report>
				<misses>637200001</misses>
				<total>0</total>
				<timestamp>4035.275116</timestamp>
			</report>
			<report>
				<misses>637300001</misses>
				<total>0</total>
				<timestamp>4035.944680</timestamp>
			</report>
			<report>
				<misses>637400001</misses>
				<total>0</total>
				<timestamp>4036.580442</timestamp>
			</report>
			<report>
				<misses>637500001</misses>
				<total>0</total>
				<timestamp>4037.216320</timestamp>
			</report>
			<report>
				<misses>637600001</misses>
				<total>0</total>
				<timestamp>4037.852542</timestamp>
			</report>
			<report>
				<misses>637700001</misses>
				<total>0</total>
				<timestamp>4038.488904</timestamp>
			</report>
			<report>
				<misses>637800001</misses>
				<total>0</total>
				<timestamp>4039.125323</timestamp>
			</report>
			<report>
				<misses>637900001</misses>
				<total>0</total>
				<timestamp>4039.767681</timestamp>
			</report>
			<report>
				<misses>638000001</misses>
				<total>0</total>
				<timestamp>4040.402608</timestamp>
			</report>
			<report>
				<misses>638100001</misses>
				<total>0</total>
				<timestamp>4041.038598</timestamp>
			</report>
			<report>
				<misses>638200001</misses>
				<total>0</total>
				<timestamp>4041.676310</timestamp>
			</report>
			<report>
				<misses>638300001</misses>
				<total>0</total>
				<timestamp>4042.322792</timestamp>
			</report>
			<report>
				<misses>638400001</misses>
				<total>0</total>
				<timestamp>4042.961146</timestamp>
			</report>
			<report>
				<misses>638500001</misses>
				<total>0</total>
				<timestamp>4043.608729</timestamp>
			</report>
			<report>
				<misses>638600001</misses>
				<total>0</total>
				<timestamp>4044.319127</timestamp>
			</report>
			<report>
				<misses>638700001</misses>
				<total>0</total>
				<timestamp>4045.002467</timestamp>
			</report>
			<report>
				<misses>638800001</misses>
				<total>0</total>
				<timestamp>4045.700531</timestamp>
			</report>
			<report>
				<misses>638900001</misses>
				<total>0</total>
				<timestamp>4046.410652</timestamp>
			</report>
			<report>
				<misses>639000001</misses>
				<total>0</total>
				<timestamp>4047.120766</timestamp>
			</report>
			<report>
				<misses>639100001</misses>
				<total>0</total>
				<timestamp>4047.827153</timestamp>
			</report>
			<report>
				<misses>639200001</misses>
				<total>0</total>
				<timestamp>4048.542464</timestamp>
			</report>
			<report>
				<misses>639300001</misses>
				<total>0</total>
				<timestamp>4049.205894</timestamp>
			</report>
			<report>
				<misses>639400001</misses>
				<total>0</total>
				<timestamp>4049.855511</timestamp>
			</report>
			<report>
				<misses>639500001</misses>
				<total>0</total>
				<timestamp>4050.503295</timestamp>
			</report>
			<report>
				<misses>639600001</misses>
				<total>0</total>
				<timestamp>4051.150344</timestamp>
			</report>
			<report>
				<misses>639700001</misses>
				<total>0</total>
				<timestamp>4051.802621</timestamp>
			</report>
			<report>
				<misses>639800001</misses>
				<total>0</total>
				<timestamp>4052.456427</timestamp>
			</report>
			<report>
				<misses>639900001</misses>
				<total>0</total>
				<timestamp>4053.104928</timestamp>
			</report>
			<report>
				<misses>640000001</misses>
				<total>0</total>
				<timestamp>4053.753834</timestamp>
			</report>
			<report>
				<misses>640100001</misses>
				<total>0</total>
				<timestamp>4054.386332</timestamp>
			</report>
			<report>
				<misses>640200001</misses>
				<total>0</total>
				<timestamp>4055.026195</timestamp>
			</report>
			<report>
				<misses>640300001</misses>
				<total>0</total>
				<timestamp>4055.665336</timestamp>
			</report>
			<report>
				<misses>640400001</misses>
				<total>0</total>
				<timestamp>4056.329310</timestamp>
			</report>
			<report>
				<misses>640500001</misses>
				<total>0</total>
				<timestamp>4056.970392</timestamp>
			</report>
			<report>
				<misses>640600001</misses>
				<total>0</total>
				<timestamp>4057.607567</timestamp>
			</report>
			<report>
				<misses>640700001</misses>
				<total>0</total>
				<timestamp>4058.244018</timestamp>
			</report>
			<report>
				<misses>640800001</misses>
				<total>0</total>
				<timestamp>4058.879868</timestamp>
			</report>
			<report>
				<misses>640900001</misses>
				<total>0</total>
				<timestamp>4059.535470</timestamp>
			</report>
			<report>
				<misses>641000001</misses>
				<total>0</total>
				<timestamp>4060.176423</timestamp>
			</report>
			<report>
				<misses>641100001</misses>
				<total>0</total>
				<timestamp>4060.827360</timestamp>
			</report>
			<report>
				<misses>641200001</misses>
				<total>0</total>
				<timestamp>4061.456544</timestamp>
			</report>
			<report>
				<misses>641300001</misses>
				<total>0</total>
				<timestamp>4062.084068</timestamp>
			</report>
			<report>
				<misses>641400001</misses>
				<total>0</total>
				<timestamp>4062.707904</timestamp>
			</report>
			<report>
				<misses>641500001</misses>
				<total>0</total>
				<timestamp>4063.330688</timestamp>
			</report>
			<report>
				<misses>641600001</misses>
				<total>0</total>
				<timestamp>4063.957750</timestamp>
			</report>
			<report>
				<misses>641700001</misses>
				<total>0</total>
				<timestamp>4064.581727</timestamp>
			</report>
			<report>
				<misses>641800001</misses>
				<total>0</total>
				<timestamp>4065.205418</timestamp>
			</report>
			<report>
				<misses>641900001</misses>
				<total>0</total>
				<timestamp>4065.829107</timestamp>
			</report>
			<report>
				<misses>642000001</misses>
				<total>0</total>
				<timestamp>4066.452467</timestamp>
			</report>
			<report>
				<misses>642100001</misses>
				<total>0</total>
				<timestamp>4067.076126</timestamp>
			</report>
			<report>
				<misses>642200001</misses>
				<total>0</total>
				<timestamp>4067.700043</timestamp>
			</report>
			<report>
				<misses>642300001</misses>
				<total>0</total>
				<timestamp>4068.324010</timestamp>
			</report>
			<report>
				<misses>642400001</misses>
				<total>0</total>
				<timestamp>4068.947725</timestamp>
			</report>
			<report>
				<misses>642500001</misses>
				<total>0</total>
				<timestamp>4069.571165</timestamp>
			</report>
			<report>
				<misses>642600001</misses>
				<total>0</total>
				<timestamp>4070.195647</timestamp>
			</report>
			<report>
				<misses>642700001</misses>
				<total>0</total>
				<timestamp>4070.821200</timestamp>
			</report>
			<report>
				<misses>642800001</misses>
				<total>0</total>
				<timestamp>4071.445353</timestamp>
			</report>
			<report>
				<misses>642900001</misses>
				<total>0</total>
				<timestamp>4072.096226</timestamp>
			</report>
			<report>
				<misses>643000001</misses>
				<total>0</total>
				<timestamp>4072.739874</timestamp>
			</report>
			<report>
				<misses>643100001</misses>
				<total>0</total>
				<timestamp>4073.389610</timestamp>
			</report>
			<report>
				<misses>643200001</misses>
				<total>0</total>
				<timestamp>4074.027465</timestamp>
			</report>
			<report>
				<misses>643300001</misses>
				<total>0</total>
				<timestamp>4074.668759</timestamp>
			</report>
			<report>
				<misses>643400001</misses>
				<total>0</total>
				<timestamp>4075.311054</timestamp>
			</report>
			<report>
				<misses>643500001</misses>
				<total>0</total>
				<timestamp>4075.949292</timestamp>
			</report>
			<report>
				<misses>643600001</misses>
				<total>0</total>
				<timestamp>4076.596945</timestamp>
			</report>
			<report>
				<misses>643700001</misses>
				<total>0</total>
				<timestamp>4077.242039</timestamp>
			</report>
			<report>
				<misses>643800001</misses>
				<total>0</total>
				<timestamp>4077.903499</timestamp>
			</report>
			<report>
				<misses>643900001</misses>
				<total>0</total>
				<timestamp>4078.534246</timestamp>
			</report>
			<report>
				<misses>644000001</misses>
				<total>0</total>
				<timestamp>4079.165347</timestamp>
			</report>
			<report>
				<misses>644100001</misses>
				<total>0</total>
				<timestamp>4079.803757</timestamp>
			</report>
			<report>
				<misses>644200001</misses>
				<total>0</total>
				<timestamp>4080.462626</timestamp>
			</report>
			<report>
				<misses>644300001</misses>
				<total>0</total>
				<timestamp>4081.092664</timestamp>
			</report>
			<report>
				<misses>644400001</misses>
				<total>0</total>
				<timestamp>4081.722224</timestamp>
			</report>
			<report>
				<misses>644500001</misses>
				<total>0</total>
				<timestamp>4082.362319</timestamp>
			</report>
			<report>
				<misses>644600001</misses>
				<total>0</total>
				<timestamp>4082.999194</timestamp>
			</report>
			<report>
				<misses>644700001</misses>
				<total>0</total>
				<timestamp>4083.657594</timestamp>
			</report>
			<report>
				<misses>644800001</misses>
				<total>0</total>
				<timestamp>4084.414809</timestamp>
			</report>
			<report>
				<misses>644900001</misses>
				<total>0</total>
				<timestamp>4085.066290</timestamp>
			</report>
			<report>
				<misses>645000001</misses>
				<total>0</total>
				<timestamp>4085.703900</timestamp>
			</report>
			<report>
				<misses>645100001</misses>
				<total>0</total>
				<timestamp>4086.334933</timestamp>
			</report>
			<report>
				<misses>645200001</misses>
				<total>0</total>
				<timestamp>4086.982579</timestamp>
			</report>
			<report>
				<misses>645300001</misses>
				<total>0</total>
				<timestamp>4087.690563</timestamp>
			</report>
			<report>
				<misses>645400001</misses>
				<total>0</total>
				<timestamp>4088.376077</timestamp>
			</report>
			<report>
				<misses>645500001</misses>
				<total>0</total>
				<timestamp>4089.045103</timestamp>
			</report>
			<report>
				<misses>645600001</misses>
				<total>0</total>
				<timestamp>4089.745874</timestamp>
			</report>
			<report>
				<misses>645700001</misses>
				<total>0</total>
				<timestamp>4090.385673</timestamp>
			</report>
			<report>
				<misses>645800001</misses>
				<total>0</total>
				<timestamp>4091.019928</timestamp>
			</report>
			<report>
				<misses>645900001</misses>
				<total>0</total>
				<timestamp>4091.666595</timestamp>
			</report>
			<report>
				<misses>646000001</misses>
				<total>0</total>
				<timestamp>4092.306281</timestamp>
			</report>
			<report>
				<misses>646100001</misses>
				<total>0</total>
				<timestamp>4092.935304</timestamp>
			</report>
			<report>
				<misses>646200001</misses>
				<total>0</total>
				<timestamp>4093.563979</timestamp>
			</report>
			<report>
				<misses>646300001</misses>
				<total>0</total>
				<timestamp>4094.191825</timestamp>
			</report>
			<report>
				<misses>646400001</misses>
				<total>0</total>
				<timestamp>4094.822938</timestamp>
			</report>
			<report>
				<misses>646500001</misses>
				<total>0</total>
				<timestamp>4095.459372</timestamp>
			</report>
			<report>
				<misses>646600001</misses>
				<total>0</total>
				<timestamp>4096.096678</timestamp>
			</report>
			<report>
				<misses>646700001</misses>
				<total>0</total>
				<timestamp>4096.731120</timestamp>
			</report>
			<report>
				<misses>646800001</misses>
				<total>0</total>
				<timestamp>4097.364905</timestamp>
			</report>
			<report>
				<misses>646900001</misses>
				<total>0</total>
				<timestamp>4097.999614</timestamp>
			</report>
			<report>
				<misses>647000001</misses>
				<total>0</total>
				<timestamp>4098.633246</timestamp>
			</report>
			<report>
				<misses>647100001</misses>
				<total>0</total>
				<timestamp>4099.271616</timestamp>
			</report>
			<report>
				<misses>647200001</misses>
				<total>0</total>
				<timestamp>4099.925858</timestamp>
			</report>
			<report>
				<misses>647300001</misses>
				<total>0</total>
				<timestamp>4100.586655</timestamp>
			</report>
			<report>
				<misses>647400001</misses>
				<total>0</total>
				<timestamp>4101.223090</timestamp>
			</report>
			<report>
				<misses>647500001</misses>
				<total>0</total>
				<timestamp>4101.858577</timestamp>
			</report>
			<report>
				<misses>647600001</misses>
				<total>0</total>
				<timestamp>4102.493686</timestamp>
			</report>
			<report>
				<misses>647700001</misses>
				<total>0</total>
				<timestamp>4103.134298</timestamp>
			</report>
			<report>
				<misses>647800001</misses>
				<total>0</total>
				<timestamp>4103.770723</timestamp>
			</report>
			<report>
				<misses>647900001</misses>
				<total>0</total>
				<timestamp>4104.407408</timestamp>
			</report>
			<report>
				<misses>648000001</misses>
				<total>0</total>
				<timestamp>4105.044454</timestamp>
			</report>
			<report>
				<misses>648100001</misses>
				<total>0</total>
				<timestamp>4105.683703</timestamp>
			</report>
			<report>
				<misses>648200001</misses>
				<total>0</total>
				<timestamp>4106.327771</timestamp>
			</report>
			<report>
				<misses>648300001</misses>
				<total>0</total>
				<timestamp>4106.966704</timestamp>
			</report>
			<report>
				<misses>648400001</misses>
				<total>0</total>
				<timestamp>4107.610058</timestamp>
			</report>
			<report>
				<misses>648500001</misses>
				<total>0</total>
				<timestamp>4108.254699</timestamp>
			</report>
			<report>
				<misses>648600001</misses>
				<total>0</total>
				<timestamp>4108.883162</timestamp>
			</report>
			<report>
				<misses>648700001</misses>
				<total>0</total>
				<timestamp>4109.505721</timestamp>
			</report>
			<report>
				<misses>648800001</misses>
				<total>0</total>
				<timestamp>4110.171335</timestamp>
			</report>
			<report>
				<misses>648900001</misses>
				<total>0</total>
				<timestamp>4110.883093</timestamp>
			</report>
			<report>
				<misses>649000001</misses>
				<total>0</total>
				<timestamp>4111.528759</timestamp>
			</report>
			<report>
				<misses>649100001</misses>
				<total>0</total>
				<timestamp>4112.169214</timestamp>
			</report>
			<report>
				<misses>649200001</misses>
				<total>0</total>
				<timestamp>4112.829991</timestamp>
			</report>
			<report>
				<misses>649300001</misses>
				<total>0</total>
				<timestamp>4113.468876</timestamp>
			</report>
			<report>
				<misses>649400001</misses>
				<total>0</total>
				<timestamp>4114.124137</timestamp>
			</report>
			<report>
				<misses>649500001</misses>
				<total>0</total>
				<timestamp>4114.774817</timestamp>
			</report>
			<report>
				<misses>649600001</misses>
				<total>0</total>
				<timestamp>4115.414208</timestamp>
			</report>
			<report>
				<misses>649700001</misses>
				<total>0</total>
				<timestamp>4116.050600</timestamp>
			</report>
			<report>
				<misses>649800001</misses>
				<total>0</total>
				<timestamp>4116.682800</timestamp>
			</report>
			<report>
				<misses>649900001</misses>
				<total>0</total>
				<timestamp>4117.315959</timestamp>
			</report>
			<report>
				<misses>650000001</misses>
				<total>0</total>
				<timestamp>4117.943707</timestamp>
			</report>
			<report>
				<misses>650100001</misses>
				<total>0</total>
				<timestamp>4118.569921</timestamp>
			</report>
			<report>
				<misses>650200001</misses>
				<total>0</total>
				<timestamp>4119.205435</timestamp>
			</report>
			<report>
				<misses>650300001</misses>
				<total>0</total>
				<timestamp>4119.853159</timestamp>
			</report>
			<report>
				<misses>650400001</misses>
				<total>0</total>
				<timestamp>4120.489794</timestamp>
			</report>
			<report>
				<misses>650500001</misses>
				<total>0</total>
				<timestamp>4121.124729</timestamp>
			</report>
			<report>
				<misses>650600001</misses>
				<total>0</total>
				<timestamp>4121.774972</timestamp>
			</report>
			<report>
				<misses>650700001</misses>
				<total>0</total>
				<timestamp>4122.420198</timestamp>
			</report>
			<report>
				<misses>650800001</misses>
				<total>0</total>
				<timestamp>4123.063985</timestamp>
			</report>
			<report>
				<misses>650900001</misses>
				<total>0</total>
				<timestamp>4123.697793</timestamp>
			</report>
			<report>
				<misses>651000001</misses>
				<total>0</total>
				<timestamp>4124.346414</timestamp>
			</report>
			<report>
				<misses>651100001</misses>
				<total>0</total>
				<timestamp>4124.974976</timestamp>
			</report>
			<report>
				<misses>651200001</misses>
				<total>0</total>
				<timestamp>4125.604630</timestamp>
			</report>
			<report>
				<misses>651300001</misses>
				<total>0</total>
				<timestamp>4126.240338</timestamp>
			</report>
			<report>
				<misses>651400001</misses>
				<total>0</total>
				<timestamp>4126.897660</timestamp>
			</report>
			<report>
				<misses>651500001</misses>
				<total>0</total>
				<timestamp>4127.532128</timestamp>
			</report>
			<report>
				<misses>651600001</misses>
				<total>0</total>
				<timestamp>4128.162837</timestamp>
			</report>
			<report>
				<misses>651700001</misses>
				<total>0</total>
				<timestamp>4128.793790</timestamp>
			</report>
			<report>
				<misses>651800001</misses>
				<total>0</total>
				<timestamp>4129.419636</timestamp>
			</report>
			<report>
				<misses>651900001</misses>
				<total>0</total>
				<timestamp>4130.045783</timestamp>
			</report>
			<report>
				<misses>652000001</misses>
				<total>0</total>
				<timestamp>4130.679444</timestamp>
			</report>
			<report>
				<misses>652100001</misses>
				<total>0</total>
				<timestamp>4131.321865</timestamp>
			</report>
			<report>
				<misses>652200001</misses>
				<total>0</total>
				<timestamp>4131.986858</timestamp>
			</report>
			<report>
				<misses>652300001</misses>
				<total>0</total>
				<timestamp>4132.678431</timestamp>
			</report>
			<report>
				<misses>652400001</misses>
				<total>0</total>
				<timestamp>4133.379986</timestamp>
			</report>
			<report>
				<misses>652500001</misses>
				<total>0</total>
				<timestamp>4134.078398</timestamp>
			</report>
			<report>
				<misses>652600001</misses>
				<total>0</total>
				<timestamp>4134.784788</timestamp>
			</report>
			<report>
				<misses>652700001</misses>
				<total>0</total>
				<timestamp>4135.490292</timestamp>
			</report>
			<report>
				<misses>652800001</misses>
				<total>0</total>
				<timestamp>4136.188900</timestamp>
			</report>
			<report>
				<misses>652900001</misses>
				<total>0</total>
				<timestamp>4136.841555</timestamp>
			</report>
			<report>
				<misses>653000001</misses>
				<total>0</total>
				<timestamp>4137.477341</timestamp>
			</report>
			<report>
				<misses>653100001</misses>
				<total>0</total>
				<timestamp>4138.107929</timestamp>
			</report>
			<report>
				<misses>653200001</misses>
				<total>0</total>
				<timestamp>4138.786878</timestamp>
			</report>
			<report>
				<misses>653300001</misses>
				<total>0</total>
				<timestamp>4139.481382</timestamp>
			</report>
			<report>
				<misses>653400001</misses>
				<total>0</total>
				<timestamp>4140.158905</timestamp>
			</report>
			<report>
				<misses>653500001</misses>
				<total>0</total>
				<timestamp>4140.871813</timestamp>
			</report>
			<report>
				<misses>653600001</misses>
				<total>0</total>
				<timestamp>4141.513246</timestamp>
			</report>
			<report>
				<misses>653700001</misses>
				<total>0</total>
				<timestamp>4142.222135</timestamp>
			</report>
			<report>
				<misses>653800001</misses>
				<total>0</total>
				<timestamp>4142.865317</timestamp>
			</report>
			<report>
				<misses>653900001</misses>
				<total>0</total>
				<timestamp>4143.491596</timestamp>
			</report>
			<report>
				<misses>654000001</misses>
				<total>0</total>
				<timestamp>4144.115150</timestamp>
			</report>
			<report>
				<misses>654100001</misses>
				<total>0</total>
				<timestamp>4144.744904</timestamp>
			</report>
			<report>
				<misses>654200001</misses>
				<total>0</total>
				<timestamp>4145.388786</timestamp>
			</report>
			<report>
				<misses>654300001</misses>
				<total>0</total>
				<timestamp>4146.015383</timestamp>
			</report>
			<report>
				<misses>654400001</misses>
				<total>0</total>
				<timestamp>4146.647602</timestamp>
			</report>
			<report>
				<misses>654500001</misses>
				<total>0</total>
				<timestamp>4147.274085</timestamp>
			</report>
			<report>
				<misses>654600001</misses>
				<total>0</total>
				<timestamp>4147.904229</timestamp>
			</report>
			<report>
				<misses>654700001</misses>
				<total>0</total>
				<timestamp>4148.529213</timestamp>
			</report>
			<report>
				<misses>654800001</misses>
				<total>0</total>
				<timestamp>4149.156412</timestamp>
			</report>
			<report>
				<misses>654900001</misses>
				<total>0</total>
				<timestamp>4149.788259</timestamp>
			</report>
			<report>
				<misses>655000001</misses>
				<total>0</total>
				<timestamp>4150.416364</timestamp>
			</report>
			<report>
				<misses>655100001</misses>
				<total>0</total>
				<timestamp>4151.058194</timestamp>
			</report>
			<report>
				<misses>655200001</misses>
				<total>0</total>
				<timestamp>4151.681929</timestamp>
			</report>
			<report>
				<misses>655300001</misses>
				<total>0</total>
				<timestamp>4152.306039</timestamp>
			</report>
			<report>
				<misses>655400001</misses>
				<total>0</total>
				<timestamp>4152.931396</timestamp>
			</report>
			<report>
				<misses>655500001</misses>
				<total>0</total>
				<timestamp>4153.556824</timestamp>
			</report>
			<report>
				<misses>655600001</misses>
				<total>0</total>
				<timestamp>4154.185002</timestamp>
			</report>
			<report>
				<misses>655700001</misses>
				<total>0</total>
				<timestamp>4154.811881</timestamp>
			</report>
			<report>
				<misses>655800001</misses>
				<total>0</total>
				<timestamp>4155.436007</timestamp>
			</report>
			<report>
				<misses>655900001</misses>
				<total>0</total>
				<timestamp>4156.061589</timestamp>
			</report>
			<report>
				<misses>656000001</misses>
				<total>0</total>
				<timestamp>4156.686804</timestamp>
			</report>
			<report>
				<misses>656100001</misses>
				<total>0</total>
				<timestamp>4157.311160</timestamp>
			</report>
			<report>
				<misses>656200001</misses>
				<total>0</total>
				<timestamp>4157.937728</timestamp>
			</report>
			<report>
				<misses>656300001</misses>
				<total>0</total>
				<timestamp>4158.561538</timestamp>
			</report>
			<report>
				<misses>656400001</misses>
				<total>0</total>
				<timestamp>4159.186237</timestamp>
			</report>
			<report>
				<misses>656500001</misses>
				<total>0</total>
				<timestamp>4159.810057</timestamp>
			</report>
			<report>
				<misses>656600001</misses>
				<total>0</total>
				<timestamp>4160.437393</timestamp>
			</report>
			<report>
				<misses>656700001</misses>
				<total>0</total>
				<timestamp>4161.062262</timestamp>
			</report>
			<report>
				<misses>656800001</misses>
				<total>0</total>
				<timestamp>4161.686058</timestamp>
			</report>
			<report>
				<misses>656900001</misses>
				<total>0</total>
				<timestamp>4162.310063</timestamp>
			</report>
			<report>
				<misses>657000001</misses>
				<total>0</total>
				<timestamp>4162.933154</timestamp>
			</report>
			<report>
				<misses>657100001</misses>
				<total>0</total>
				<timestamp>4163.556667</timestamp>
			</report>
			<report>
				<misses>657200001</misses>
				<total>0</total>
				<timestamp>4164.181050</timestamp>
			</report>
			<report>
				<misses>657300001</misses>
				<total>0</total>
				<timestamp>4164.807033</timestamp>
			</report>
			<report>
				<misses>657400001</misses>
				<total>0</total>
				<timestamp>4165.432596</timestamp>
			</report>
			<report>
				<misses>657500001</misses>
				<total>0</total>
				<timestamp>4166.058534</timestamp>
			</report>
			<report>
				<misses>657600001</misses>
				<total>0</total>
				<timestamp>4166.696257</timestamp>
			</report>
			<report>
				<misses>657700001</misses>
				<total>0</total>
				<timestamp>4167.346037</timestamp>
			</report>
			<report>
				<misses>657800001</misses>
				<total>0</total>
				<timestamp>4167.996524</timestamp>
			</report>
			<report>
				<misses>657900001</misses>
				<total>0</total>
				<timestamp>4168.647682</timestamp>
			</report>
			<report>
				<misses>658000001</misses>
				<total>0</total>
				<timestamp>4169.295632</timestamp>
			</report>
			<report>
				<misses>658100001</misses>
				<total>0</total>
				<timestamp>4169.945201</timestamp>
			</report>
			<report>
				<misses>658200001</misses>
				<total>0</total>
				<timestamp>4170.594519</timestamp>
			</report>
			<report>
				<misses>658300001</misses>
				<total>0</total>
				<timestamp>4171.243166</timestamp>
			</report>
			<report>
				<misses>658400001</misses>
				<total>0</total>
				<timestamp>4171.885702</timestamp>
			</report>
			<report>
				<misses>658500001</misses>
				<total>0</total>
				<timestamp>4172.509430</timestamp>
			</report>
			<report>
				<misses>658600001</misses>
				<total>0</total>
				<timestamp>4173.133308</timestamp>
			</report>
			<report>
				<misses>658700001</misses>
				<total>0</total>
				<timestamp>4173.757978</timestamp>
			</report>
			<report>
				<misses>658800001</misses>
				<total>0</total>
				<timestamp>4174.382019</timestamp>
			</report>
			<report>
				<misses>658900001</misses>
				<total>0</total>
				<timestamp>4175.006272</timestamp>
			</report>
			<report>
				<misses>659000001</misses>
				<total>0</total>
				<timestamp>4175.629896</timestamp>
			</report>
			<report>
				<misses>659100001</misses>
				<total>0</total>
				<timestamp>4176.256984</timestamp>
			</report>
			<report>
				<misses>659200001</misses>
				<total>0</total>
				<timestamp>4176.880544</timestamp>
			</report>
			<report>
				<misses>659300001</misses>
				<total>0</total>
				<timestamp>4177.504251</timestamp>
			</report>
			<report>
				<misses>659400001</misses>
				<total>0</total>
				<timestamp>4178.128251</timestamp>
			</report>
			<report>
				<misses>659500001</misses>
				<total>0</total>
				<timestamp>4178.761209</timestamp>
			</report>
			<report>
				<misses>659600001</misses>
				<total>0</total>
				<timestamp>4179.390758</timestamp>
			</report>
			<report>
				<misses>659700001</misses>
				<total>0</total>
				<timestamp>4180.019953</timestamp>
			</report>
			<report>
				<misses>659800001</misses>
				<total>0</total>
				<timestamp>4180.652713</timestamp>
			</report>
			<report>
				<misses>659900001</misses>
				<total>0</total>
				<timestamp>4181.291818</timestamp>
			</report>
			<report>
				<misses>660000001</misses>
				<total>0</total>
				<timestamp>4181.931702</timestamp>
			</report>
			<report>
				<misses>660100001</misses>
				<total>0</total>
				<timestamp>4182.572233</timestamp>
			</report>
			<report>
				<misses>660200001</misses>
				<total>0</total>
				<timestamp>4183.209820</timestamp>
			</report>
			<report>
				<misses>660300001</misses>
				<total>0</total>
				<timestamp>4183.846331</timestamp>
			</report>
			<report>
				<misses>660400001</misses>
				<total>0</total>
				<timestamp>4184.482681</timestamp>
			</report>
			<report>
				<misses>660500001</misses>
				<total>0</total>
				<timestamp>4185.119056</timestamp>
			</report>
			<report>
				<misses>660600001</misses>
				<total>0</total>
				<timestamp>4185.755404</timestamp>
			</report>
			<report>
				<misses>660700001</misses>
				<total>0</total>
				<timestamp>4186.391927</timestamp>
			</report>
			<report>
				<misses>660800001</misses>
				<total>0</total>
				<timestamp>4187.028722</timestamp>
			</report>
			<report>
				<misses>660900001</misses>
				<total>0</total>
				<timestamp>4187.666476</timestamp>
			</report>
			<report>
				<misses>661000001</misses>
				<total>0</total>
				<timestamp>4188.304228</timestamp>
			</report>
			<report>
				<misses>661100001</misses>
				<total>0</total>
				<timestamp>4188.941528</timestamp>
			</report>
			<report>
				<misses>661200001</misses>
				<total>0</total>
				<timestamp>4189.578508</timestamp>
			</report>
			<report>
				<misses>661300001</misses>
				<total>0</total>
				<timestamp>4190.213758</timestamp>
			</report>
			<report>
				<misses>661400001</misses>
				<total>0</total>
				<timestamp>4190.849527</timestamp>
			</report>
			<report>
				<misses>661500001</misses>
				<total>0</total>
				<timestamp>4191.486022</timestamp>
			</report>
			<report>
				<misses>661600001</misses>
				<total>0</total>
				<timestamp>4192.122639</timestamp>
			</report>
			<report>
				<misses>661700001</misses>
				<total>0</total>
				<timestamp>4192.759062</timestamp>
			</report>
			<report>
				<misses>661800001</misses>
				<total>0</total>
				<timestamp>4193.395841</timestamp>
			</report>
			<report>
				<misses>661900001</misses>
				<total>0</total>
				<timestamp>4194.032643</timestamp>
			</report>
			<report>
				<misses>662000001</misses>
				<total>0</total>
				<timestamp>4194.671345</timestamp>
			</report>
			<report>
				<misses>662100001</misses>
				<total>0</total>
				<timestamp>4195.316382</timestamp>
			</report>
			<report>
				<misses>662200001</misses>
				<total>0</total>
				<timestamp>4195.947397</timestamp>
			</report>
			<report>
				<misses>662300001</misses>
				<total>0</total>
				<timestamp>4196.575614</timestamp>
			</report>
			<report>
				<misses>662400001</misses>
				<total>0</total>
				<timestamp>4197.210349</timestamp>
			</report>
			<report>
				<misses>662500001</misses>
				<total>0</total>
				<timestamp>4197.844175</timestamp>
			</report>
			<report>
				<misses>662600001</misses>
				<total>0</total>
				<timestamp>4198.470964</timestamp>
			</report>
			<report>
				<misses>662700001</misses>
				<total>0</total>
				<timestamp>4199.095894</timestamp>
			</report>
			<report>
				<misses>662800001</misses>
				<total>0</total>
				<timestamp>4199.720559</timestamp>
			</report>
			<report>
				<misses>662900001</misses>
				<total>0</total>
				<timestamp>4200.346691</timestamp>
			</report>
			<report>
				<misses>663000001</misses>
				<total>0</total>
				<timestamp>4200.976185</timestamp>
			</report>
			<report>
				<misses>663100001</misses>
				<total>0</total>
				<timestamp>4201.603415</timestamp>
			</report>
			<report>
				<misses>663200001</misses>
				<total>0</total>
				<timestamp>4202.233168</timestamp>
			</report>
			<report>
				<misses>663300001</misses>
				<total>0</total>
				<timestamp>4202.863791</timestamp>
			</report>
			<report>
				<misses>663400001</misses>
				<total>0</total>
				<timestamp>4203.496521</timestamp>
			</report>
			<report>
				<misses>663500001</misses>
				<total>0</total>
				<timestamp>4204.126030</timestamp>
			</report>
			<report>
				<misses>663600001</misses>
				<total>0</total>
				<timestamp>4204.758397</timestamp>
			</report>
			<report>
				<misses>663700001</misses>
				<total>0</total>
				<timestamp>4205.388610</timestamp>
			</report>
			<report>
				<misses>663800001</misses>
				<total>0</total>
				<timestamp>4206.021723</timestamp>
			</report>
			<report>
				<misses>663900001</misses>
				<total>0</total>
				<timestamp>4206.649765</timestamp>
			</report>
			<report>
				<misses>664000001</misses>
				<total>0</total>
				<timestamp>4207.279998</timestamp>
			</report>
			<report>
				<misses>664100001</misses>
				<total>0</total>
				<timestamp>4207.910960</timestamp>
			</report>
			<report>
				<misses>664200001</misses>
				<total>0</total>
				<timestamp>4208.542923</timestamp>
			</report>
			<report>
				<misses>664300001</misses>
				<total>0</total>
				<timestamp>4209.177027</timestamp>
			</report>
			<report>
				<misses>664400001</misses>
				<total>0</total>
				<timestamp>4209.810619</timestamp>
			</report>
			<report>
				<misses>664500001</misses>
				<total>0</total>
				<timestamp>4210.439483</timestamp>
			</report>
			<report>
				<misses>664600001</misses>
				<total>0</total>
				<timestamp>4211.068546</timestamp>
			</report>
			<report>
				<misses>664700001</misses>
				<total>0</total>
				<timestamp>4211.697704</timestamp>
			</report>
			<report>
				<misses>664800001</misses>
				<total>0</total>
				<timestamp>4212.326823</timestamp>
			</report>
			<report>
				<misses>664900001</misses>
				<total>0</total>
				<timestamp>4212.959610</timestamp>
			</report>
			<report>
				<misses>665000001</misses>
				<total>0</total>
				<timestamp>4213.587935</timestamp>
			</report>
			<report>
				<misses>665100001</misses>
				<total>0</total>
				<timestamp>4214.216155</timestamp>
			</report>
			<report>
				<misses>665200001</misses>
				<total>0</total>
				<timestamp>4214.844187</timestamp>
			</report>
			<report>
				<misses>665300001</misses>
				<total>0</total>
				<timestamp>4215.472752</timestamp>
			</report>
			<report>
				<misses>665400001</misses>
				<total>0</total>
				<timestamp>4216.101478</timestamp>
			</report>
			<report>
				<misses>665500001</misses>
				<total>0</total>
				<timestamp>4216.730382</timestamp>
			</report>
			<report>
				<misses>665600001</misses>
				<total>0</total>
				<timestamp>4217.368495</timestamp>
			</report>
			<report>
				<misses>665700001</misses>
				<total>0</total>
				<timestamp>4218.000444</timestamp>
			</report>
			<report>
				<misses>665800001</misses>
				<total>0</total>
				<timestamp>4218.629204</timestamp>
			</report>
			<report>
				<misses>665900001</misses>
				<total>0</total>
				<timestamp>4219.257490</timestamp>
			</report>
			<report>
				<misses>666000001</misses>
				<total>0</total>
				<timestamp>4219.887750</timestamp>
			</report>
			<report>
				<misses>666100001</misses>
				<total>0</total>
				<timestamp>4220.518629</timestamp>
			</report>
			<report>
				<misses>666200001</misses>
				<total>0</total>
				<timestamp>4221.148199</timestamp>
			</report>
			<report>
				<misses>666300001</misses>
				<total>0</total>
				<timestamp>4221.778356</timestamp>
			</report>
			<report>
				<misses>666400001</misses>
				<total>0</total>
				<timestamp>4222.408939</timestamp>
			</report>
			<report>
				<misses>666500001</misses>
				<total>0</total>
				<timestamp>4223.040442</timestamp>
			</report>
			<report>
				<misses>666600001</misses>
				<total>0</total>
				<timestamp>4223.670382</timestamp>
			</report>
			<report>
				<misses>666700001</misses>
				<total>0</total>
				<timestamp>4224.304008</timestamp>
			</report>
			<report>
				<misses>666800001</misses>
				<total>0</total>
				<timestamp>4224.937320</timestamp>
			</report>
			<report>
				<misses>666900001</misses>
				<total>0</total>
				<timestamp>4225.565197</timestamp>
			</report>
			<report>
				<misses>667000001</misses>
				<total>0</total>
				<timestamp>4226.202295</timestamp>
			</report>
			<report>
				<misses>667100001</misses>
				<total>0</total>
				<timestamp>4226.829015</timestamp>
			</report>
			<report>
				<misses>667200001</misses>
				<total>0</total>
				<timestamp>4227.456480</timestamp>
			</report>
			<report>
				<misses>667300001</misses>
				<total>0</total>
				<timestamp>4228.084359</timestamp>
			</report>
			<report>
				<misses>667400001</misses>
				<total>0</total>
				<timestamp>4228.709579</timestamp>
			</report>
			<report>
				<misses>667500001</misses>
				<total>0</total>
				<timestamp>4229.334981</timestamp>
			</report>
			<report>
				<misses>667600001</misses>
				<total>0</total>
				<timestamp>4229.960341</timestamp>
			</report>
			<report>
				<misses>667700001</misses>
				<total>0</total>
				<timestamp>4230.585904</timestamp>
			</report>
			<report>
				<misses>667800001</misses>
				<total>0</total>
				<timestamp>4231.211372</timestamp>
			</report>
			<report>
				<misses>667900001</misses>
				<total>0</total>
				<timestamp>4231.836455</timestamp>
			</report>
			<report>
				<misses>668000001</misses>
				<total>0</total>
				<timestamp>4232.461627</timestamp>
			</report>
			<report>
				<misses>668100001</misses>
				<total>0</total>
				<timestamp>4233.087141</timestamp>
			</report>
			<report>
				<misses>668200001</misses>
				<total>0</total>
				<timestamp>4233.711706</timestamp>
			</report>
			<report>
				<misses>668300001</misses>
				<total>0</total>
				<timestamp>4234.341949</timestamp>
			</report>
			<report>
				<misses>668400001</misses>
				<total>0</total>
				<timestamp>4234.974665</timestamp>
			</report>
			<report>
				<misses>668500001</misses>
				<total>0</total>
				<timestamp>4235.601599</timestamp>
			</report>
			<report>
				<misses>668600001</misses>
				<total>0</total>
				<timestamp>4236.231445</timestamp>
			</report>
			<report>
				<misses>668700001</misses>
				<total>0</total>
				<timestamp>4236.857313</timestamp>
			</report>
			<report>
				<misses>668800001</misses>
				<total>0</total>
				<timestamp>4237.483201</timestamp>
			</report>
			<report>
				<misses>668900001</misses>
				<total>0</total>
				<timestamp>4238.109762</timestamp>
			</report>
			<report>
				<misses>669000001</misses>
				<total>0</total>
				<timestamp>4238.736668</timestamp>
			</report>
			<report>
				<misses>669100001</misses>
				<total>0</total>
				<timestamp>4239.363305</timestamp>
			</report>
			<report>
				<misses>669200001</misses>
				<total>0</total>
				<timestamp>4239.990454</timestamp>
			</report>
			<report>
				<misses>669300001</misses>
				<total>0</total>
				<timestamp>4240.616605</timestamp>
			</report>
			<report>
				<misses>669400001</misses>
				<total>0</total>
				<timestamp>4241.242254</timestamp>
			</report>
			<report>
				<misses>669500001</misses>
				<total>0</total>
				<timestamp>4241.875868</timestamp>
			</report>
			<report>
				<misses>669600001</misses>
				<total>0</total>
				<timestamp>4242.510215</timestamp>
			</report>
			<report>
				<misses>669700001</misses>
				<total>0</total>
				<timestamp>4243.141605</timestamp>
			</report>
			<report>
				<misses>669800001</misses>
				<total>0</total>
				<timestamp>4243.772996</timestamp>
			</report>
			<report>
				<misses>669900001</misses>
				<total>0</total>
				<timestamp>4244.404497</timestamp>
			</report>
			<report>
				<misses>670000001</misses>
				<total>0</total>
				<timestamp>4245.035848</timestamp>
			</report>
			<report>
				<misses>670100001</misses>
				<total>0</total>
				<timestamp>4245.668414</timestamp>
			</report>
			<report>
				<misses>670200001</misses>
				<total>0</total>
				<timestamp>4246.300202</timestamp>
			</report>
			<report>
				<misses>670300001</misses>
				<total>0</total>
				<timestamp>4246.927639</timestamp>
			</report>
			<report>
				<misses>670400001</misses>
				<total>0</total>
				<timestamp>4247.556622</timestamp>
			</report>
			<report>
				<misses>670500001</misses>
				<total>0</total>
				<timestamp>4248.194574</timestamp>
			</report>
			<report>
				<misses>670600001</misses>
				<total>0</total>
				<timestamp>4248.834227</timestamp>
			</report>
			<report>
				<misses>670700001</misses>
				<total>0</total>
				<timestamp>4249.474385</timestamp>
			</report>
			<report>
				<misses>670800001</misses>
				<total>0</total>
				<timestamp>4250.118549</timestamp>
			</report>
			<report>
				<misses>670900001</misses>
				<total>0</total>
				<timestamp>4250.756663</timestamp>
			</report>
			<report>
				<misses>671000001</misses>
				<total>0</total>
				<timestamp>4251.394750</timestamp>
			</report>
			<report>
				<misses>671100001</misses>
				<total>0</total>
				<timestamp>4252.033989</timestamp>
			</report>
			<report>
				<misses>671200001</misses>
				<total>0</total>
				<timestamp>4252.673266</timestamp>
			</report>
			<report>
				<misses>671300001</misses>
				<total>0</total>
				<timestamp>4253.312385</timestamp>
			</report>
			<report>
				<misses>671400001</misses>
				<total>0</total>
				<timestamp>4253.950857</timestamp>
			</report>
			<report>
				<misses>671500001</misses>
				<total>0</total>
				<timestamp>4254.589332</timestamp>
			</report>
			<report>
				<misses>671600001</misses>
				<total>0</total>
				<timestamp>4255.219939</timestamp>
			</report>
			<report>
				<misses>671700001</misses>
				<total>0</total>
				<timestamp>4255.842761</timestamp>
			</report>
			<report>
				<misses>671800001</misses>
				<total>0</total>
				<timestamp>4256.464044</timestamp>
			</report>
			<report>
				<misses>671900001</misses>
				<total>0</total>
				<timestamp>4257.085190</timestamp>
			</report>
			<report>
				<misses>672000001</misses>
				<total>0</total>
				<timestamp>4257.708698</timestamp>
			</report>
			<report>
				<misses>672100001</misses>
				<total>0</total>
				<timestamp>4258.341842</timestamp>
			</report>
			<report>
				<misses>672200001</misses>
				<total>0</total>
				<timestamp>4258.983484</timestamp>
			</report>
			<report>
				<misses>672300001</misses>
				<total>0</total>
				<timestamp>4259.617993</timestamp>
			</report>
			<report>
				<misses>672400001</misses>
				<total>0</total>
				<timestamp>4260.248126</timestamp>
			</report>
			<report>
				<misses>672500001</misses>
				<total>0</total>
				<timestamp>4260.877945</timestamp>
			</report>
			<report>
				<misses>672600001</misses>
				<total>0</total>
				<timestamp>4261.507921</timestamp>
			</report>
			<report>
				<misses>672700001</misses>
				<total>0</total>
				<timestamp>4262.138609</timestamp>
			</report>
			<report>
				<misses>672800001</misses>
				<total>0</total>
				<timestamp>4262.773384</timestamp>
			</report>
			<report>
				<misses>672900001</misses>
				<total>0</total>
				<timestamp>4263.403661</timestamp>
			</report>
			<report>
				<misses>673000001</misses>
				<total>0</total>
				<timestamp>4264.034349</timestamp>
			</report>
			<report>
				<misses>673100001</misses>
				<total>0</total>
				<timestamp>4264.663224</timestamp>
			</report>
			<report>
				<misses>673200001</misses>
				<total>0</total>
				<timestamp>4265.293275</timestamp>
			</report>
			<report>
				<misses>673300001</misses>
				<total>0</total>
				<timestamp>4265.922616</timestamp>
			</report>
			<report>
				<misses>673400001</misses>
				<total>0</total>
				<timestamp>4266.552244</timestamp>
			</report>
			<report>
				<misses>673500001</misses>
				<total>0</total>
				<timestamp>4267.181722</timestamp>
			</report>
			<report>
				<misses>673600001</misses>
				<total>0</total>
				<timestamp>4267.811581</timestamp>
			</report>
			<report>
				<misses>673700001</misses>
				<total>0</total>
				<timestamp>4268.441998</timestamp>
			</report>
			<report>
				<misses>673800001</misses>
				<total>0</total>
				<timestamp>4269.071859</timestamp>
			</report>
			<report>
				<misses>673900001</misses>
				<total>0</total>
				<timestamp>4269.701755</timestamp>
			</report>
			<report>
				<misses>674000001</misses>
				<total>0</total>
				<timestamp>4270.332078</timestamp>
			</report>
			<report>
				<misses>674100001</misses>
				<total>0</total>
				<timestamp>4270.962231</timestamp>
			</report>
			<report>
				<misses>674200001</misses>
				<total>0</total>
				<timestamp>4271.592734</timestamp>
			</report>
			<report>
				<misses>674300001</misses>
				<total>0</total>
				<timestamp>4272.223075</timestamp>
			</report>
			<report>
				<misses>674400001</misses>
				<total>0</total>
				<timestamp>4272.853382</timestamp>
			</report>
			<report>
				<misses>674500001</misses>
				<total>0</total>
				<timestamp>4273.482866</timestamp>
			</report>
			<report>
				<misses>674600001</misses>
				<total>0</total>
				<timestamp>4274.115459</timestamp>
			</report>
			<report>
				<misses>674700001</misses>
				<total>0</total>
				<timestamp>4274.744422</timestamp>
			</report>
			<report>
				<misses>674800001</misses>
				<total>0</total>
				<timestamp>4275.378583</timestamp>
			</report>
			<report>
				<misses>674900001</misses>
				<total>0</total>
				<timestamp>4276.022756</timestamp>
			</report>
			<report>
				<misses>675000001</misses>
				<total>0</total>
				<timestamp>4276.670941</timestamp>
			</report>
			<report>
				<misses>675100001</misses>
				<total>0</total>
				<timestamp>4277.376785</timestamp>
			</report>
			<report>
				<misses>675200001</misses>
				<total>0</total>
				<timestamp>4278.066343</timestamp>
			</report>
			<report>
				<misses>675300001</misses>
				<total>0</total>
				<timestamp>4278.731782</timestamp>
			</report>
			<report>
				<misses>675400001</misses>
				<total>0</total>
				<timestamp>4279.387182</timestamp>
			</report>
			<report>
				<misses>675500001</misses>
				<total>0</total>
				<timestamp>4280.067813</timestamp>
			</report>
			<report>
				<misses>675600001</misses>
				<total>0</total>
				<timestamp>4280.771382</timestamp>
			</report>
			<report>
				<misses>675700001</misses>
				<total>0</total>
				<timestamp>4281.435692</timestamp>
			</report>
			<report>
				<misses>675800001</misses>
				<total>0</total>
				<timestamp>4282.080052</timestamp>
			</report>
			<report>
				<misses>675900001</misses>
				<total>0</total>
				<timestamp>4282.705825</timestamp>
			</report>
			<report>
				<misses>676000001</misses>
				<total>0</total>
				<timestamp>4283.332100</timestamp>
			</report>
			<report>
				<misses>676100001</misses>
				<total>0</total>
				<timestamp>4283.958755</timestamp>
			</report>
			<report>
				<misses>676200001</misses>
				<total>0</total>
				<timestamp>4284.582055</timestamp>
			</report>
			<report>
				<misses>676300001</misses>
				<total>0</total>
				<timestamp>4285.205235</timestamp>
			</report>
			<report>
				<misses>676400001</misses>
				<total>0</total>
				<timestamp>4285.831557</timestamp>
			</report>
			<report>
				<misses>676500001</misses>
				<total>0</total>
				<timestamp>4286.459704</timestamp>
			</report>
			<report>
				<misses>676600001</misses>
				<total>0</total>
				<timestamp>4287.084248</timestamp>
			</report>
			<report>
				<misses>676700001</misses>
				<total>0</total>
				<timestamp>4287.710579</timestamp>
			</report>
			<report>
				<misses>676800001</misses>
				<total>0</total>
				<timestamp>4288.344233</timestamp>
			</report>
			<report>
				<misses>676900001</misses>
				<total>0</total>
				<timestamp>4289.002359</timestamp>
			</report>
			<report>
				<misses>677000001</misses>
				<total>0</total>
				<timestamp>4289.664134</timestamp>
			</report>
			<report>
				<misses>677100001</misses>
				<total>0</total>
				<timestamp>4290.322435</timestamp>
			</report>
			<report>
				<misses>677200001</misses>
				<total>0</total>
				<timestamp>4290.970676</timestamp>
			</report>
			<report>
				<misses>677300001</misses>
				<total>0</total>
				<timestamp>4291.598920</timestamp>
			</report>
			<report>
				<misses>677400001</misses>
				<total>0</total>
				<timestamp>4292.228207</timestamp>
			</report>
			<report>
				<misses>677500001</misses>
				<total>0</total>
				<timestamp>4292.858203</timestamp>
			</report>
			<report>
				<misses>677600001</misses>
				<total>0</total>
				<timestamp>4293.488993</timestamp>
			</report>
			<report>
				<misses>677700001</misses>
				<total>0</total>
				<timestamp>4294.118936</timestamp>
			</report>
			<report>
				<misses>677800001</misses>
				<total>0</total>
				<timestamp>4294.749762</timestamp>
			</report>
			<report>
				<misses>677900001</misses>
				<total>0</total>
				<timestamp>4295.389906</timestamp>
			</report>
			<report>
				<misses>678000001</misses>
				<total>0</total>
				<timestamp>4296.069274</timestamp>
			</report>
			<report>
				<misses>678100001</misses>
				<total>0</total>
				<timestamp>4296.762993</timestamp>
			</report>
			<report>
				<misses>678200001</misses>
				<total>0</total>
				<timestamp>4297.455669</timestamp>
			</report>
			<report>
				<misses>678300001</misses>
				<total>0</total>
				<timestamp>4298.094323</timestamp>
			</report>
			<report>
				<misses>678400001</misses>
				<total>0</total>
				<timestamp>4298.734273</timestamp>
			</report>
			<report>
				<misses>678500001</misses>
				<total>0</total>
				<timestamp>4299.395891</timestamp>
			</report>
			<report>
				<misses>678600001</misses>
				<total>0</total>
				<timestamp>4300.044233</timestamp>
			</report>
			<report>
				<misses>678700001</misses>
				<total>0</total>
				<timestamp>4300.700774</timestamp>
			</report>
			<report>
				<misses>678800001</misses>
				<total>0</total>
				<timestamp>4301.330062</timestamp>
			</report>
			<report>
				<misses>678900001</misses>
				<total>0</total>
				<timestamp>4301.985533</timestamp>
			</report>
			<report>
				<misses>679000001</misses>
				<total>0</total>
				<timestamp>4302.626263</timestamp>
			</report>
			<report>
				<misses>679100001</misses>
				<total>0</total>
				<timestamp>4303.269152</timestamp>
			</report>
			<report>
				<misses>679200001</misses>
				<total>0</total>
				<timestamp>4303.933334</timestamp>
			</report>
			<report>
				<misses>679300001</misses>
				<total>0</total>
				<timestamp>4304.585354</timestamp>
			</report>
			<report>
				<misses>679400001</misses>
				<total>0</total>
				<timestamp>4305.239027</timestamp>
			</report>
			<report>
				<misses>679500001</misses>
				<total>0</total>
				<timestamp>4305.908970</timestamp>
			</report>
			<report>
				<misses>679600001</misses>
				<total>0</total>
				<timestamp>4306.613586</timestamp>
			</report>
			<report>
				<misses>679700001</misses>
				<total>0</total>
				<timestamp>4307.283610</timestamp>
			</report>
			<report>
				<misses>679800001</misses>
				<total>0</total>
				<timestamp>4307.988663</timestamp>
			</report>
			<report>
				<misses>679900001</misses>
				<total>0</total>
				<timestamp>4308.701658</timestamp>
			</report>
			<report>
				<misses>680000001</misses>
				<total>0</total>
				<timestamp>4309.400662</timestamp>
			</report>
			<report>
				<misses>680100001</misses>
				<total>0</total>
				<timestamp>4310.095614</timestamp>
			</report>
			<report>
				<misses>680200001</misses>
				<total>0</total>
				<timestamp>4310.761728</timestamp>
			</report>
			<report>
				<misses>680300001</misses>
				<total>0</total>
				<timestamp>4311.428198</timestamp>
			</report>
			<report>
				<misses>680400001</misses>
				<total>0</total>
				<timestamp>4312.087975</timestamp>
			</report>
			<report>
				<misses>680500001</misses>
				<total>0</total>
				<timestamp>4312.746880</timestamp>
			</report>
			<report>
				<misses>680600001</misses>
				<total>0</total>
				<timestamp>4313.403131</timestamp>
			</report>
			<report>
				<misses>680700001</misses>
				<total>0</total>
				<timestamp>4314.062212</timestamp>
			</report>
			<report>
				<misses>680800001</misses>
				<total>0</total>
				<timestamp>4314.723341</timestamp>
			</report>
			<report>
				<misses>680900001</misses>
				<total>0</total>
				<timestamp>4315.355060</timestamp>
			</report>
			<report>
				<misses>681000001</misses>
				<total>0</total>
				<timestamp>4315.986035</timestamp>
			</report>
			<report>
				<misses>681100001</misses>
				<total>0</total>
				<timestamp>4316.679324</timestamp>
			</report>
			<report>
				<misses>681200001</misses>
				<total>0</total>
				<timestamp>4317.337582</timestamp>
			</report>
			<report>
				<misses>681300001</misses>
				<total>0</total>
				<timestamp>4317.968625</timestamp>
			</report>
			<report>
				<misses>681400001</misses>
				<total>0</total>
				<timestamp>4318.599015</timestamp>
			</report>
			<report>
				<misses>681500001</misses>
				<total>0</total>
				<timestamp>4319.229488</timestamp>
			</report>
			<report>
				<misses>681600001</misses>
				<total>0</total>
				<timestamp>4319.860043</timestamp>
			</report>
			<report>
				<misses>681700001</misses>
				<total>0</total>
				<timestamp>4320.492102</timestamp>
			</report>
			<report>
				<misses>681800001</misses>
				<total>0</total>
				<timestamp>4321.141817</timestamp>
			</report>
			<report>
				<misses>681900001</misses>
				<total>0</total>
				<timestamp>4321.769861</timestamp>
			</report>
			<report>
				<misses>682000001</misses>
				<total>0</total>
				<timestamp>4322.399016</timestamp>
			</report>
			<report>
				<misses>682100001</misses>
				<total>0</total>
				<timestamp>4323.030284</timestamp>
			</report>
			<report>
				<misses>682200001</misses>
				<total>0</total>
				<timestamp>4323.659136</timestamp>
			</report>
			<report>
				<misses>682300001</misses>
				<total>0</total>
				<timestamp>4324.294449</timestamp>
			</report>
			<report>
				<misses>682400001</misses>
				<total>0</total>
				<timestamp>4324.937963</timestamp>
			</report>
			<report>
				<misses>682500001</misses>
				<total>0</total>
				<timestamp>4325.577967</timestamp>
			</report>
			<report>
				<misses>682600001</misses>
				<total>0</total>
				<timestamp>4326.234053</timestamp>
			</report>
			<report>
				<misses>682700001</misses>
				<total>0</total>
				<timestamp>4326.873156</timestamp>
			</report>
			<report>
				<misses>682800001</misses>
				<total>0</total>
				<timestamp>4327.511046</timestamp>
			</report>
			<report>
				<misses>682900001</misses>
				<total>0</total>
				<timestamp>4328.146617</timestamp>
			</report>
			<report>
				<misses>683000001</misses>
				<total>0</total>
				<timestamp>4328.782830</timestamp>
			</report>
			<report>
				<misses>683100001</misses>
				<total>0</total>
				<timestamp>4329.420003</timestamp>
			</report>
			<report>
				<misses>683200001</misses>
				<total>0</total>
				<timestamp>4330.066008</timestamp>
			</report>
			<report>
				<misses>683300001</misses>
				<total>0</total>
				<timestamp>4330.704473</timestamp>
			</report>
			<report>
				<misses>683400001</misses>
				<total>0</total>
				<timestamp>4331.339968</timestamp>
			</report>
			<report>
				<misses>683500001</misses>
				<total>0</total>
				<timestamp>4331.976131</timestamp>
			</report>
			<report>
				<misses>683600001</misses>
				<total>0</total>
				<timestamp>4332.616110</timestamp>
			</report>
			<report>
				<misses>683700001</misses>
				<total>0</total>
				<timestamp>4333.258144</timestamp>
			</report>
			<report>
				<misses>683800001</misses>
				<total>0</total>
				<timestamp>4333.899318</timestamp>
			</report>
			<report>
				<misses>683900001</misses>
				<total>0</total>
				<timestamp>4334.545017</timestamp>
			</report>
			<report>
				<misses>684000001</misses>
				<total>0</total>
				<timestamp>4335.198876</timestamp>
			</report>
			<report>
				<misses>684100001</misses>
				<total>0</total>
				<timestamp>4335.850336</timestamp>
			</report>
			<report>
				<misses>684200001</misses>
				<total>0</total>
				<timestamp>4336.507047</timestamp>
			</report>
			<report>
				<misses>684300001</misses>
				<total>0</total>
				<timestamp>4337.146831</timestamp>
			</report>
			<report>
				<misses>684400001</misses>
				<total>0</total>
				<timestamp>4337.783671</timestamp>
			</report>
			<report>
				<misses>684500001</misses>
				<total>0</total>
				<timestamp>4338.421953</timestamp>
			</report>
			<report>
				<misses>684600001</misses>
				<total>0</total>
				<timestamp>4339.069367</timestamp>
			</report>
			<report>
				<misses>684700001</misses>
				<total>0</total>
				<timestamp>4339.700719</timestamp>
			</report>
			<report>
				<misses>684800001</misses>
				<total>0</total>
				<timestamp>4340.332677</timestamp>
			</report>
			<report>
				<misses>684900001</misses>
				<total>0</total>
				<timestamp>4340.965978</timestamp>
			</report>
			<report>
				<misses>685000001</misses>
				<total>0</total>
				<timestamp>4341.601220</timestamp>
			</report>
			<report>
				<misses>685100001</misses>
				<total>0</total>
				<timestamp>4342.234893</timestamp>
			</report>
			<report>
				<misses>685200001</misses>
				<total>0</total>
				<timestamp>4342.867278</timestamp>
			</report>
			<report>
				<misses>685300001</misses>
				<total>0</total>
				<timestamp>4343.499106</timestamp>
			</report>
			<report>
				<misses>685400001</misses>
				<total>0</total>
				<timestamp>4344.131452</timestamp>
			</report>
			<report>
				<misses>685500001</misses>
				<total>0</total>
				<timestamp>4344.763469</timestamp>
			</report>
			<report>
				<misses>685600001</misses>
				<total>0</total>
				<timestamp>4345.396037</timestamp>
			</report>
			<report>
				<misses>685700001</misses>
				<total>0</total>
				<timestamp>4346.029591</timestamp>
			</report>
			<report>
				<misses>685800001</misses>
				<total>0</total>
				<timestamp>4346.662526</timestamp>
			</report>
			<report>
				<misses>685900001</misses>
				<total>0</total>
				<timestamp>4347.295472</timestamp>
			</report>
			<report>
				<misses>686000001</misses>
				<total>0</total>
				<timestamp>4347.928413</timestamp>
			</report>
			<report>
				<misses>686100001</misses>
				<total>0</total>
				<timestamp>4348.560914</timestamp>
			</report>
			<report>
				<misses>686200001</misses>
				<total>0</total>
				<timestamp>4349.194400</timestamp>
			</report>
			<report>
				<misses>686300001</misses>
				<total>0</total>
				<timestamp>4349.827269</timestamp>
			</report>
			<report>
				<misses>686400001</misses>
				<total>0</total>
				<timestamp>4350.460114</timestamp>
			</report>
			<report>
				<misses>686500001</misses>
				<total>0</total>
				<timestamp>4351.091463</timestamp>
			</report>
			<report>
				<misses>686600001</misses>
				<total>0</total>
				<timestamp>4351.723065</timestamp>
			</report>
			<report>
				<misses>686700001</misses>
				<total>0</total>
				<timestamp>4352.354538</timestamp>
			</report>
			<report>
				<misses>686800001</misses>
				<total>0</total>
				<timestamp>4352.990345</timestamp>
			</report>
			<report>
				<misses>686900001</misses>
				<total>0</total>
				<timestamp>4353.620901</timestamp>
			</report>
			<report>
				<misses>687000001</misses>
				<total>0</total>
				<timestamp>4354.251463</timestamp>
			</report>
			<report>
				<misses>687100001</misses>
				<total>0</total>
				<timestamp>4354.882761</timestamp>
			</report>
			<report>
				<misses>687200001</misses>
				<total>0</total>
				<timestamp>4355.512742</timestamp>
			</report>
			<report>
				<misses>687300001</misses>
				<total>0</total>
				<timestamp>4356.145847</timestamp>
			</report>
			<report>
				<misses>687400001</misses>
				<total>0</total>
				<timestamp>4356.776102</timestamp>
			</report>
			<report>
				<misses>687500001</misses>
				<total>0</total>
				<timestamp>4357.406521</timestamp>
			</report>
			<report>
				<misses>687600001</misses>
				<total>0</total>
				<timestamp>4358.036246</timestamp>
			</report>
			<report>
				<misses>687700001</misses>
				<total>0</total>
				<timestamp>4358.666149</timestamp>
			</report>
			<report>
				<misses>687800001</misses>
				<total>0</total>
				<timestamp>4359.296911</timestamp>
			</report>
			<report>
				<misses>687900001</misses>
				<total>0</total>
				<timestamp>4359.935412</timestamp>
			</report>
			<report>
				<misses>688000001</misses>
				<total>0</total>
				<timestamp>4360.589007</timestamp>
			</report>
			<report>
				<misses>688100001</misses>
				<total>0</total>
				<timestamp>4361.218204</timestamp>
			</report>
			<report>
				<misses>688200001</misses>
				<total>0</total>
				<timestamp>4361.845425</timestamp>
			</report>
			<report>
				<misses>688300001</misses>
				<total>0</total>
				<timestamp>4362.472374</timestamp>
			</report>
			<report>
				<misses>688400001</misses>
				<total>0</total>
				<timestamp>4363.098727</timestamp>
			</report>
			<report>
				<misses>688500001</misses>
				<total>0</total>
				<timestamp>4363.725636</timestamp>
			</report>
			<report>
				<misses>688600001</misses>
				<total>0</total>
				<timestamp>4364.352624</timestamp>
			</report>
			<report>
				<misses>688700001</misses>
				<total>0</total>
				<timestamp>4364.979198</timestamp>
			</report>
			<report>
				<misses>688800001</misses>
				<total>0</total>
				<timestamp>4365.605673</timestamp>
			</report>
			<report>
				<misses>688900001</misses>
				<total>0</total>
				<timestamp>4366.228819</timestamp>
			</report>
			<report>
				<misses>689000001</misses>
				<total>0</total>
				<timestamp>4366.851564</timestamp>
			</report>
			<report>
				<misses>689100001</misses>
				<total>0</total>
				<timestamp>4367.474148</timestamp>
			</report>
			<report>
				<misses>689200001</misses>
				<total>0</total>
				<timestamp>4368.096999</timestamp>
			</report>
			<report>
				<misses>689300001</misses>
				<total>0</total>
				<timestamp>4368.720506</timestamp>
			</report>
			<report>
				<misses>689400001</misses>
				<total>0</total>
				<timestamp>4369.343427</timestamp>
			</report>
			<report>
				<misses>689500001</misses>
				<total>0</total>
				<timestamp>4369.966729</timestamp>
			</report>
			<report>
				<misses>689600001</misses>
				<total>0</total>
				<timestamp>4370.591587</timestamp>
			</report>
			<report>
				<misses>689700001</misses>
				<total>0</total>
				<timestamp>4371.216905</timestamp>
			</report>
			<report>
				<misses>689800001</misses>
				<total>0</total>
				<timestamp>4371.841562</timestamp>
			</report>
			<report>
				<misses>689900001</misses>
				<total>0</total>
				<timestamp>4372.466558</timestamp>
			</report>
			<report>
				<misses>690000001</misses>
				<total>0</total>
				<timestamp>4373.091308</timestamp>
			</report>
			<report>
				<misses>690100001</misses>
				<total>0</total>
				<timestamp>4373.715800</timestamp>
			</report>
			<report>
				<misses>690200001</misses>
				<total>0</total>
				<timestamp>4374.340304</timestamp>
			</report>
			<report>
				<misses>690300001</misses>
				<total>0</total>
				<timestamp>4374.964658</timestamp>
			</report>
			<report>
				<misses>690400001</misses>
				<total>0</total>
				<timestamp>4375.589089</timestamp>
			</report>
			<report>
				<misses>690500001</misses>
				<total>0</total>
				<timestamp>4376.212580</timestamp>
			</report>
			<report>
				<misses>690600001</misses>
				<total>0</total>
				<timestamp>4376.836210</timestamp>
			</report>
			<report>
				<misses>690700001</misses>
				<total>0</total>
				<timestamp>4377.460185</timestamp>
			</report>
			<report>
				<misses>690800001</misses>
				<total>0</total>
				<timestamp>4378.084385</timestamp>
			</report>
			<report>
				<misses>690900001</misses>
				<total>0</total>
				<timestamp>4378.708026</timestamp>
			</report>
			<report>
				<misses>691000001</misses>
				<total>0</total>
				<timestamp>4379.331195</timestamp>
			</report>
			<report>
				<misses>691100001</misses>
				<total>0</total>
				<timestamp>4379.954655</timestamp>
			</report>
			<report>
				<misses>691200001</misses>
				<total>0</total>
				<timestamp>4380.578191</timestamp>
			</report>
			<report>
				<misses>691300001</misses>
				<total>0</total>
				<timestamp>4381.201450</timestamp>
			</report>
			<report>
				<misses>691400001</misses>
				<total>0</total>
				<timestamp>4381.824776</timestamp>
			</report>
			<report>
				<misses>691500001</misses>
				<total>0</total>
				<timestamp>4382.448185</timestamp>
			</report>
			<report>
				<misses>691600001</misses>
				<total>0</total>
				<timestamp>4383.071522</timestamp>
			</report>
			<report>
				<misses>691700001</misses>
				<total>0</total>
				<timestamp>4383.694170</timestamp>
			</report>
			<report>
				<misses>691800001</misses>
				<total>0</total>
				<timestamp>4384.317436</timestamp>
			</report>
			<report>
				<misses>691900001</misses>
				<total>0</total>
				<timestamp>4384.940285</timestamp>
			</report>
			<report>
				<misses>692000001</misses>
				<total>0</total>
				<timestamp>4385.568740</timestamp>
			</report>
			<report>
				<misses>692100001</misses>
				<total>0</total>
				<timestamp>4386.198203</timestamp>
			</report>
			<report>
				<misses>692200001</misses>
				<total>0</total>
				<timestamp>4386.837210</timestamp>
			</report>
			<report>
				<misses>692300001</misses>
				<total>0</total>
				<timestamp>4387.481658</timestamp>
			</report>
			<report>
				<misses>692400001</misses>
				<total>0</total>
				<timestamp>4388.116693</timestamp>
			</report>
			<report>
				<misses>692500001</misses>
				<total>0</total>
				<timestamp>4388.753624</timestamp>
			</report>
			<report>
				<misses>692600001</misses>
				<total>0</total>
				<timestamp>4389.387928</timestamp>
			</report>
			<report>
				<misses>692700001</misses>
				<total>0</total>
				<timestamp>4390.023779</timestamp>
			</report>
			<report>
				<misses>692800001</misses>
				<total>0</total>
				<timestamp>4390.657354</timestamp>
			</report>
			<report>
				<misses>692900001</misses>
				<total>0</total>
				<timestamp>4391.295287</timestamp>
			</report>
			<report>
				<misses>693000001</misses>
				<total>0</total>
				<timestamp>4391.928658</timestamp>
			</report>
			<report>
				<misses>693100001</misses>
				<total>0</total>
				<timestamp>4392.562892</timestamp>
			</report>
			<report>
				<misses>693200001</misses>
				<total>0</total>
				<timestamp>4393.200096</timestamp>
			</report>
			<report>
				<misses>693300001</misses>
				<total>0</total>
				<timestamp>4393.834186</timestamp>
			</report>
			<report>
				<misses>693400001</misses>
				<total>0</total>
				<timestamp>4394.468231</timestamp>
			</report>
			<report>
				<misses>693500001</misses>
				<total>0</total>
				<timestamp>4395.101416</timestamp>
			</report>
			<report>
				<misses>693600001</misses>
				<total>0</total>
				<timestamp>4395.735614</timestamp>
			</report>
			<report>
				<misses>693700001</misses>
				<total>0</total>
				<timestamp>4396.370374</timestamp>
			</report>
			<report>
				<misses>693800001</misses>
				<total>0</total>
				<timestamp>4397.004625</timestamp>
			</report>
			<report>
				<misses>693900001</misses>
				<total>0</total>
				<timestamp>4397.639047</timestamp>
			</report>
			<report>
				<misses>694000001</misses>
				<total>0</total>
				<timestamp>4398.276308</timestamp>
			</report>
			<report>
				<misses>694100001</misses>
				<total>0</total>
				<timestamp>4398.913070</timestamp>
			</report>
			<report>
				<misses>694200001</misses>
				<total>0</total>
				<timestamp>4399.545624</timestamp>
			</report>
			<report>
				<misses>694300001</misses>
				<total>0</total>
				<timestamp>4400.177842</timestamp>
			</report>
			<report>
				<misses>694400001</misses>
				<total>0</total>
				<timestamp>4400.809212</timestamp>
			</report>
			<report>
				<misses>694500001</misses>
				<total>0</total>
				<timestamp>4401.439128</timestamp>
			</report>
			<report>
				<misses>694600001</misses>
				<total>0</total>
				<timestamp>4402.075361</timestamp>
			</report>
			<report>
				<misses>694700001</misses>
				<total>0</total>
				<timestamp>4402.706541</timestamp>
			</report>
			<report>
				<misses>694800001</misses>
				<total>0</total>
				<timestamp>4403.345776</timestamp>
			</report>
			<report>
				<misses>694900001</misses>
				<total>0</total>
				<timestamp>4403.975692</timestamp>
			</report>
			<report>
				<misses>695000001</misses>
				<total>0</total>
				<timestamp>4404.605859</timestamp>
			</report>
			<report>
				<misses>695100001</misses>
				<total>0</total>
				<timestamp>4405.236696</timestamp>
			</report>
			<report>
				<misses>695200001</misses>
				<total>0</total>
				<timestamp>4405.870866</timestamp>
			</report>
			<report>
				<misses>695300001</misses>
				<total>0</total>
				<timestamp>4406.499787</timestamp>
			</report>
			<report>
				<misses>695400001</misses>
				<total>0</total>
				<timestamp>4407.128612</timestamp>
			</report>
			<report>
				<misses>695500001</misses>
				<total>0</total>
				<timestamp>4407.758367</timestamp>
			</report>
			<report>
				<misses>695600001</misses>
				<total>0</total>
				<timestamp>4408.387757</timestamp>
			</report>
			<report>
				<misses>695700001</misses>
				<total>0</total>
				<timestamp>4409.017906</timestamp>
			</report>
			<report>
				<misses>695800001</misses>
				<total>0</total>
				<timestamp>4409.647033</timestamp>
			</report>
			<report>
				<misses>695900001</misses>
				<total>0</total>
				<timestamp>4410.277027</timestamp>
			</report>
			<report>
				<misses>696000001</misses>
				<total>0</total>
				<timestamp>4410.906030</timestamp>
			</report>
			<report>
				<misses>696100001</misses>
				<total>0</total>
				<timestamp>4411.535252</timestamp>
			</report>
			<report>
				<misses>696200001</misses>
				<total>0</total>
				<timestamp>4412.166171</timestamp>
			</report>
			<report>
				<misses>696300001</misses>
				<total>0</total>
				<timestamp>4412.794879</timestamp>
			</report>
			<report>
				<misses>696400001</misses>
				<total>0</total>
				<timestamp>4413.421236</timestamp>
			</report>
			<report>
				<misses>696500001</misses>
				<total>0</total>
				<timestamp>4414.052602</timestamp>
			</report>
			<report>
				<misses>696600001</misses>
				<total>0</total>
				<timestamp>4414.680511</timestamp>
			</report>
			<report>
				<misses>696700001</misses>
				<total>0</total>
				<timestamp>4415.308308</timestamp>
			</report>
			<report>
				<misses>696800001</misses>
				<total>0</total>
				<timestamp>4415.936138</timestamp>
			</report>
			<report>
				<misses>696900001</misses>
				<total>0</total>
				<timestamp>4416.563701</timestamp>
			</report>
			<report>
				<misses>697000001</misses>
				<total>0</total>
				<timestamp>4417.196808</timestamp>
			</report>
			<report>
				<misses>697100001</misses>
				<total>0</total>
				<timestamp>4417.827532</timestamp>
			</report>
			<report>
				<misses>697200001</misses>
				<total>0</total>
				<timestamp>4418.453344</timestamp>
			</report>
			<report>
				<misses>697300001</misses>
				<total>0</total>
				<timestamp>4419.080698</timestamp>
			</report>
			<report>
				<misses>697400001</misses>
				<total>0</total>
				<timestamp>4419.705843</timestamp>
			</report>
			<report>
				<misses>697500001</misses>
				<total>0</total>
				<timestamp>4420.331563</timestamp>
			</report>
			<report>
				<misses>697600001</misses>
				<total>0</total>
				<timestamp>4420.958179</timestamp>
			</report>
			<report>
				<misses>697700001</misses>
				<total>0</total>
				<timestamp>4421.585411</timestamp>
			</report>
			<report>
				<misses>697800001</misses>
				<total>0</total>
				<timestamp>4422.212412</timestamp>
			</report>
			<report>
				<misses>697900001</misses>
				<total>0</total>
				<timestamp>4422.839070</timestamp>
			</report>
			<report>
				<misses>698000001</misses>
				<total>0</total>
				<timestamp>4423.466161</timestamp>
			</report>
			<report>
				<misses>698100001</misses>
				<total>0</total>
				<timestamp>4424.093270</timestamp>
			</report>
			<report>
				<misses>698200001</misses>
				<total>0</total>
				<timestamp>4424.719884</timestamp>
			</report>
			<report>
				<misses>698300001</misses>
				<total>0</total>
				<timestamp>4425.349842</timestamp>
			</report>
			<report>
				<misses>698400001</misses>
				<total>0</total>
				<timestamp>4425.978689</timestamp>
			</report>
			<report>
				<misses>698500001</misses>
				<total>0</total>
				<timestamp>4426.609187</timestamp>
			</report>
			<report>
				<misses>698600001</misses>
				<total>0</total>
				<timestamp>4427.239507</timestamp>
			</report>
			<report>
				<misses>698700001</misses>
				<total>0</total>
				<timestamp>4427.866420</timestamp>
			</report>
			<report>
				<misses>698800001</misses>
				<total>0</total>
				<timestamp>4428.492655</timestamp>
			</report>
			<report>
				<misses>698900001</misses>
				<total>0</total>
				<timestamp>4429.119407</timestamp>
			</report>
			<report>
				<misses>699000001</misses>
				<total>0</total>
				<timestamp>4429.750086</timestamp>
			</report>
			<report>
				<misses>699100001</misses>
				<total>0</total>
				<timestamp>4430.377162</timestamp>
			</report>
			<report>
				<misses>699200001</misses>
				<total>0</total>
				<timestamp>4431.008325</timestamp>
			</report>
			<report>
				<misses>699300001</misses>
				<total>0</total>
				<timestamp>4431.634276</timestamp>
			</report>
			<report>
				<misses>699400001</misses>
				<total>0</total>
				<timestamp>4432.260211</timestamp>
			</report>
			<report>
				<misses>699500001</misses>
				<total>0</total>
				<timestamp>4432.902603</timestamp>
			</report>
			<report>
				<misses>699600001</misses>
				<total>0</total>
				<timestamp>4433.534233</timestamp>
			</report>
			<report>
				<misses>699700001</misses>
				<total>0</total>
				<timestamp>4434.159845</timestamp>
			</report>
			<report>
				<misses>699800001</misses>
				<total>0</total>
				<timestamp>4434.785947</timestamp>
			</report>
			<report>
				<misses>699900001</misses>
				<total>0</total>
				<timestamp>4435.412195</timestamp>
			</report>
			<report>
				<misses>700000001</misses>
				<total>0</total>
				<timestamp>4436.041418</timestamp>
			</report>
			<report>
				<misses>700100001</misses>
				<total>0</total>
				<timestamp>4436.681430</timestamp>
			</report>
			<report>
				<misses>700200001</misses>
				<total>0</total>
				<timestamp>4437.335837</timestamp>
			</report>
			<report>
				<misses>700300001</misses>
				<total>0</total>
				<timestamp>4437.971889</timestamp>
			</report>
			<report>
				<misses>700400001</misses>
				<total>0</total>
				<timestamp>4438.597558</timestamp>
			</report>
			<report>
				<misses>700500001</misses>
				<total>0</total>
				<timestamp>4439.226757</timestamp>
			</report>
			<report>
				<misses>700600001</misses>
				<total>0</total>
				<timestamp>4439.856359</timestamp>
			</report>
			<report>
				<misses>700700001</misses>
				<total>0</total>
				<timestamp>4440.481373</timestamp>
			</report>
			<report>
				<misses>700800001</misses>
				<total>0</total>
				<timestamp>4441.107410</timestamp>
			</report>
			<report>
				<misses>700900001</misses>
				<total>0</total>
				<timestamp>4441.732795</timestamp>
			</report>
			<report>
				<misses>701000001</misses>
				<total>0</total>
				<timestamp>4442.358070</timestamp>
			</report>
			<report>
				<misses>701100001</misses>
				<total>0</total>
				<timestamp>4442.984595</timestamp>
			</report>
			<report>
				<misses>701200001</misses>
				<total>0</total>
				<timestamp>4443.609110</timestamp>
			</report>
			<report>
				<misses>701300001</misses>
				<total>0</total>
				<timestamp>4444.234429</timestamp>
			</report>
			<report>
				<misses>701400001</misses>
				<total>0</total>
				<timestamp>4444.860362</timestamp>
			</report>
			<report>
				<misses>701500001</misses>
				<total>0</total>
				<timestamp>4445.485176</timestamp>
			</report>
			<report>
				<misses>701600001</misses>
				<total>0</total>
				<timestamp>4446.111497</timestamp>
			</report>
			<report>
				<misses>701700001</misses>
				<total>0</total>
				<timestamp>4446.747813</timestamp>
			</report>
			<report>
				<misses>701800001</misses>
				<total>0</total>
				<timestamp>4447.372868</timestamp>
			</report>
			<report>
				<misses>701900001</misses>
				<total>0</total>
				<timestamp>4447.998495</timestamp>
			</report>
			<report>
				<misses>702000001</misses>
				<total>0</total>
				<timestamp>4448.623586</timestamp>
			</report>
			<report>
				<misses>702100001</misses>
				<total>0</total>
				<timestamp>4449.252408</timestamp>
			</report>
			<report>
				<misses>702200001</misses>
				<total>0</total>
				<timestamp>4449.884656</timestamp>
			</report>
			<report>
				<misses>702300001</misses>
				<total>0</total>
				<timestamp>4450.517376</timestamp>
			</report>
			<report>
				<misses>702400001</misses>
				<total>0</total>
				<timestamp>4451.142844</timestamp>
			</report>
			<report>
				<misses>702500001</misses>
				<total>0</total>
				<timestamp>4451.769267</timestamp>
			</report>
			<report>
				<misses>702600001</misses>
				<total>0</total>
				<timestamp>4452.395267</timestamp>
			</report>
			<report>
				<misses>702700001</misses>
				<total>0</total>
				<timestamp>4453.021490</timestamp>
			</report>
			<report>
				<misses>702800001</misses>
				<total>0</total>
				<timestamp>4453.647109</timestamp>
			</report>
			<report>
				<misses>702900001</misses>
				<total>0</total>
				<timestamp>4454.275980</timestamp>
			</report>
			<report>
				<misses>703000001</misses>
				<total>0</total>
				<timestamp>4454.904656</timestamp>
			</report>
			<report>
				<misses>703100001</misses>
				<total>0</total>
				<timestamp>4455.527486</timestamp>
			</report>
			<report>
				<misses>703200001</misses>
				<total>0</total>
				<timestamp>4456.155919</timestamp>
			</report>
			<report>
				<misses>703300001</misses>
				<total>0</total>
				<timestamp>4456.780531</timestamp>
			</report>
			<report>
				<misses>703400001</misses>
				<total>0</total>
				<timestamp>4457.403399</timestamp>
			</report>
			<report>
				<misses>703500001</misses>
				<total>0</total>
				<timestamp>4458.026564</timestamp>
			</report>
			<report>
				<misses>703600001</misses>
				<total>0</total>
				<timestamp>4458.650260</timestamp>
			</report>
			<report>
				<misses>703700001</misses>
				<total>0</total>
				<timestamp>4459.272924</timestamp>
			</report>
			<report>
				<misses>703800001</misses>
				<total>0</total>
				<timestamp>4459.896617</timestamp>
			</report>
			<report>
				<misses>703900001</misses>
				<total>0</total>
				<timestamp>4460.519866</timestamp>
			</report>
			<report>
				<misses>704000001</misses>
				<total>0</total>
				<timestamp>4461.144166</timestamp>
			</report>
			<report>
				<misses>704100001</misses>
				<total>0</total>
				<timestamp>4461.768594</timestamp>
			</report>
			<report>
				<misses>704200001</misses>
				<total>0</total>
				<timestamp>4462.391267</timestamp>
			</report>
			<report>
				<misses>704300001</misses>
				<total>0</total>
				<timestamp>4463.014196</timestamp>
			</report>
			<report>
				<misses>704400001</misses>
				<total>0</total>
				<timestamp>4463.637216</timestamp>
			</report>
			<report>
				<misses>704500001</misses>
				<total>0</total>
				<timestamp>4464.259784</timestamp>
			</report>
			<report>
				<misses>704600001</misses>
				<total>0</total>
				<timestamp>4464.883596</timestamp>
			</report>
			<report>
				<misses>704700001</misses>
				<total>0</total>
				<timestamp>4465.506262</timestamp>
			</report>
			<report>
				<misses>704800001</misses>
				<total>0</total>
				<timestamp>4466.130335</timestamp>
			</report>
			<report>
				<misses>704900001</misses>
				<total>0</total>
				<timestamp>4466.753153</timestamp>
			</report>
			<report>
				<misses>705000001</misses>
				<total>0</total>
				<timestamp>4467.376157</timestamp>
			</report>
			<report>
				<misses>705100001</misses>
				<total>0</total>
				<timestamp>4467.998956</timestamp>
			</report>
			<report>
				<misses>705200001</misses>
				<total>0</total>
				<timestamp>4468.620439</timestamp>
			</report>
			<report>
				<misses>705300001</misses>
				<total>0</total>
				<timestamp>4469.242719</timestamp>
			</report>
			<report>
				<misses>705400001</misses>
				<total>0</total>
				<timestamp>4469.864788</timestamp>
			</report>
			<report>
				<misses>705500001</misses>
				<total>0</total>
				<timestamp>4470.487713</timestamp>
			</report>
			<report>
				<misses>705600001</misses>
				<total>0</total>
				<timestamp>4471.110723</timestamp>
			</report>
			<report>
				<misses>705700001</misses>
				<total>0</total>
				<timestamp>4471.734143</timestamp>
			</report>
			<report>
				<misses>705800001</misses>
				<total>0</total>
				<timestamp>4472.358515</timestamp>
			</report>
			<report>
				<misses>705900001</misses>
				<total>0</total>
				<timestamp>4472.986813</timestamp>
			</report>
			<report>
				<misses>706000001</misses>
				<total>0</total>
				<timestamp>4473.610212</timestamp>
			</report>
			<report>
				<misses>706100001</misses>
				<total>0</total>
				<timestamp>4474.233653</timestamp>
			</report>
			<report>
				<misses>706200001</misses>
				<total>0</total>
				<timestamp>4474.857377</timestamp>
			</report>
			<report>
				<misses>706300001</misses>
				<total>0</total>
				<timestamp>4475.480839</timestamp>
			</report>
			<report>
				<misses>706400001</misses>
				<total>0</total>
				<timestamp>4476.104090</timestamp>
			</report>
			<report>
				<misses>706500001</misses>
				<total>0</total>
				<timestamp>4476.726760</timestamp>
			</report>
			<report>
				<misses>706600001</misses>
				<total>0</total>
				<timestamp>4477.349413</timestamp>
			</report>
			<report>
				<misses>706700001</misses>
				<total>0</total>
				<timestamp>4477.971628</timestamp>
			</report>
			<report>
				<misses>706800001</misses>
				<total>0</total>
				<timestamp>4478.593773</timestamp>
			</report>
			<report>
				<misses>706900001</misses>
				<total>0</total>
				<timestamp>4479.215946</timestamp>
			</report>
			<report>
				<misses>707000001</misses>
				<total>0</total>
				<timestamp>4479.838252</timestamp>
			</report>
			<report>
				<misses>707100001</misses>
				<total>0</total>
				<timestamp>4480.460727</timestamp>
			</report>
			<report>
				<misses>707200001</misses>
				<total>0</total>
				<timestamp>4481.082480</timestamp>
			</report>
			<report>
				<misses>707300001</misses>
				<total>0</total>
				<timestamp>4481.704219</timestamp>
			</report>
			<report>
				<misses>707400001</misses>
				<total>0</total>
				<timestamp>4482.326784</timestamp>
			</report>
			<report>
				<misses>707500001</misses>
				<total>0</total>
				<timestamp>4482.957800</timestamp>
			</report>
			<report>
				<misses>707600001</misses>
				<total>0</total>
				<timestamp>4483.585702</timestamp>
			</report>
			<report>
				<misses>707700001</misses>
				<total>0</total>
				<timestamp>4484.220096</timestamp>
			</report>
			<report>
				<misses>707800001</misses>
				<total>0</total>
				<timestamp>4484.857837</timestamp>
			</report>
			<report>
				<misses>707900001</misses>
				<total>0</total>
				<timestamp>4485.497032</timestamp>
			</report>
			<report>
				<misses>708000001</misses>
				<total>0</total>
				<timestamp>4486.136113</timestamp>
			</report>
			<report>
				<misses>708100001</misses>
				<total>0</total>
				<timestamp>4486.775514</timestamp>
			</report>
			<report>
				<misses>708200001</misses>
				<total>0</total>
				<timestamp>4487.409614</timestamp>
			</report>
			<report>
				<misses>708300001</misses>
				<total>0</total>
				<timestamp>4488.044949</timestamp>
			</report>
			<report>
				<misses>708400001</misses>
				<total>0</total>
				<timestamp>4488.681830</timestamp>
			</report>
			<report>
				<misses>708500001</misses>
				<total>0</total>
				<timestamp>4489.336546</timestamp>
			</report>
			<report>
				<misses>708600001</misses>
				<total>0</total>
				<timestamp>4489.971954</timestamp>
			</report>
			<report>
				<misses>708700001</misses>
				<total>0</total>
				<timestamp>4490.607165</timestamp>
			</report>
			<report>
				<misses>708800001</misses>
				<total>0</total>
				<timestamp>4491.246741</timestamp>
			</report>
			<report>
				<misses>708900001</misses>
				<total>0</total>
				<timestamp>4491.885052</timestamp>
			</report>
			<report>
				<misses>709000001</misses>
				<total>0</total>
				<timestamp>4492.510088</timestamp>
			</report>
			<report>
				<misses>709100001</misses>
				<total>0</total>
				<timestamp>4493.134751</timestamp>
			</report>
			<report>
				<misses>709200001</misses>
				<total>0</total>
				<timestamp>4493.762133</timestamp>
			</report>
			<report>
				<misses>709300001</misses>
				<total>0</total>
				<timestamp>4494.390022</timestamp>
			</report>
			<report>
				<misses>709400001</misses>
				<total>0</total>
				<timestamp>4495.015539</timestamp>
			</report>
			<report>
				<misses>709500001</misses>
				<total>0</total>
				<timestamp>4495.653128</timestamp>
			</report>
			<report>
				<misses>709600001</misses>
				<total>0</total>
				<timestamp>4496.283974</timestamp>
			</report>
			<report>
				<misses>709700001</misses>
				<total>0</total>
				<timestamp>4496.912677</timestamp>
			</report>
			<report>
				<misses>709800001</misses>
				<total>0</total>
				<timestamp>4497.543761</timestamp>
			</report>
			<report>
				<misses>709900001</misses>
				<total>0</total>
				<timestamp>4498.174641</timestamp>
			</report>
			<report>
				<misses>710000001</misses>
				<total>0</total>
				<timestamp>4498.802748</timestamp>
			</report>
			<report>
				<misses>710100001</misses>
				<total>0</total>
				<timestamp>4499.432846</timestamp>
			</report>
			<report>
				<misses>710200001</misses>
				<total>0</total>
				<timestamp>4500.066527</timestamp>
			</report>
			<report>
				<misses>710300001</misses>
				<total>0</total>
				<timestamp>4500.731816</timestamp>
			</report>
			<report>
				<misses>710400001</misses>
				<total>0</total>
				<timestamp>4501.407697</timestamp>
			</report>
			<report>
				<misses>710500001</misses>
				<total>0</total>
				<timestamp>4502.081579</timestamp>
			</report>
			<report>
				<misses>710600001</misses>
				<total>0</total>
				<timestamp>4502.734434</timestamp>
			</report>
			<report>
				<misses>710700001</misses>
				<total>0</total>
				<timestamp>4503.357119</timestamp>
			</report>
			<report>
				<misses>710800001</misses>
				<total>0</total>
				<timestamp>4503.979377</timestamp>
			</report>
			<report>
				<misses>710900001</misses>
				<total>0</total>
				<timestamp>4504.601229</timestamp>
			</report>
			<report>
				<misses>711000001</misses>
				<total>0</total>
				<timestamp>4505.222896</timestamp>
			</report>
			<report>
				<misses>711100001</misses>
				<total>0</total>
				<timestamp>4505.854577</timestamp>
			</report>
			<report>
				<misses>711200001</misses>
				<total>0</total>
				<timestamp>4506.476825</timestamp>
			</report>
			<report>
				<misses>711300001</misses>
				<total>0</total>
				<timestamp>4507.098187</timestamp>
			</report>
			<report>
				<misses>711400001</misses>
				<total>0</total>
				<timestamp>4507.719320</timestamp>
			</report>
			<report>
				<misses>711500001</misses>
				<total>0</total>
				<timestamp>4508.349971</timestamp>
			</report>
			<report>
				<misses>711600001</misses>
				<total>0</total>
				<timestamp>4508.988938</timestamp>
			</report>
			<report>
				<misses>711700001</misses>
				<total>0</total>
				<timestamp>4509.624261</timestamp>
			</report>
			<report>
				<misses>711800001</misses>
				<total>0</total>
				<timestamp>4510.260661</timestamp>
			</report>
			<report>
				<misses>711900001</misses>
				<total>0</total>
				<timestamp>4510.895622</timestamp>
			</report>
			<report>
				<misses>712000001</misses>
				<total>0</total>
				<timestamp>4511.539070</timestamp>
			</report>
			<report>
				<misses>712100001</misses>
				<total>0</total>
				<timestamp>4512.173886</timestamp>
			</report>
			<report>
				<misses>712200001</misses>
				<total>0</total>
				<timestamp>4512.812217</timestamp>
			</report>
			<report>
				<misses>712300001</misses>
				<total>0</total>
				<timestamp>4513.450693</timestamp>
			</report>
			<report>
				<misses>712400001</misses>
				<total>0</total>
				<timestamp>4514.086700</timestamp>
			</report>
			<report>
				<misses>712500001</misses>
				<total>0</total>
				<timestamp>4514.727785</timestamp>
			</report>
			<report>
				<misses>712600001</misses>
				<total>0</total>
				<timestamp>4515.366128</timestamp>
			</report>
			<report>
				<misses>712700001</misses>
				<total>0</total>
				<timestamp>4516.001817</timestamp>
			</report>
			<report>
				<misses>712800001</misses>
				<total>0</total>
				<timestamp>4516.635147</timestamp>
			</report>
			<report>
				<misses>712900001</misses>
				<total>0</total>
				<timestamp>4517.278174</timestamp>
			</report>
			<report>
				<misses>713000001</misses>
				<total>0</total>
				<timestamp>4517.936665</timestamp>
			</report>
			<report>
				<misses>713100001</misses>
				<total>0</total>
				<timestamp>4518.578197</timestamp>
			</report>
			<report>
				<misses>713200001</misses>
				<total>0</total>
				<timestamp>4519.226027</timestamp>
			</report>
			<report>
				<misses>713300001</misses>
				<total>0</total>
				<timestamp>4519.863230</timestamp>
			</report>
			<report>
				<misses>713400001</misses>
				<total>0</total>
				<timestamp>4520.513244</timestamp>
			</report>
			<report>
				<misses>713500001</misses>
				<total>0</total>
				<timestamp>4521.150669</timestamp>
			</report>
			<report>
				<misses>713600001</misses>
				<total>0</total>
				<timestamp>4521.787561</timestamp>
			</report>
			<report>
				<misses>713700001</misses>
				<total>0</total>
				<timestamp>4522.419898</timestamp>
			</report>
			<report>
				<misses>713800001</misses>
				<total>0</total>
				<timestamp>4523.060539</timestamp>
			</report>
			<report>
				<misses>713900001</misses>
				<total>0</total>
				<timestamp>4523.706890</timestamp>
			</report>
			<report>
				<misses>714000001</misses>
				<total>0</total>
				<timestamp>4524.344736</timestamp>
			</report>
			<report>
				<misses>714100001</misses>
				<total>0</total>
				<timestamp>4524.976776</timestamp>
			</report>
			<report>
				<misses>714200001</misses>
				<total>0</total>
				<timestamp>4525.616140</timestamp>
			</report>
			<report>
				<misses>714300001</misses>
				<total>0</total>
				<timestamp>4526.255826</timestamp>
			</report>
			<report>
				<misses>714400001</misses>
				<total>0</total>
				<timestamp>4526.903343</timestamp>
			</report>
			<report>
				<misses>714500001</misses>
				<total>0</total>
				<timestamp>4527.552276</timestamp>
			</report>
			<report>
				<misses>714600001</misses>
				<total>0</total>
				<timestamp>4528.193107</timestamp>
			</report>
			<report>
				<misses>714700001</misses>
				<total>0</total>
				<timestamp>4528.832121</timestamp>
			</report>
			<report>
				<misses>714800001</misses>
				<total>0</total>
				<timestamp>4529.500145</timestamp>
			</report>
			<report>
				<misses>714900001</misses>
				<total>0</total>
				<timestamp>4530.146386</timestamp>
			</report>
			<report>
				<misses>715000001</misses>
				<total>0</total>
				<timestamp>4530.786902</timestamp>
			</report>
			<report>
				<misses>715100001</misses>
				<total>0</total>
				<timestamp>4531.428274</timestamp>
			</report>
			<report>
				<misses>715200001</misses>
				<total>0</total>
				<timestamp>4532.068940</timestamp>
			</report>
			<report>
				<misses>715300001</misses>
				<total>0</total>
				<timestamp>4532.718572</timestamp>
			</report>
			<report>
				<misses>715400001</misses>
				<total>0</total>
				<timestamp>4533.351482</timestamp>
			</report>
			<report>
				<misses>715500001</misses>
				<total>0</total>
				<timestamp>4533.983415</timestamp>
			</report>
			<report>
				<misses>715600001</misses>
				<total>0</total>
				<timestamp>4534.619619</timestamp>
			</report>
			<report>
				<misses>715700001</misses>
				<total>0</total>
				<timestamp>4535.261767</timestamp>
			</report>
			<report>
				<misses>715800001</misses>
				<total>0</total>
				<timestamp>4535.910941</timestamp>
			</report>
			<report>
				<misses>715900001</misses>
				<total>0</total>
				<timestamp>4536.544425</timestamp>
			</report>
			<report>
				<misses>716000001</misses>
				<total>0</total>
				<timestamp>4537.186174</timestamp>
			</report>
			<report>
				<misses>716100001</misses>
				<total>0</total>
				<timestamp>4537.820344</timestamp>
			</report>
			<report>
				<misses>716200001</misses>
				<total>0</total>
				<timestamp>4538.469140</timestamp>
			</report>
			<report>
				<misses>716300001</misses>
				<total>0</total>
				<timestamp>4539.100883</timestamp>
			</report>
			<report>
				<misses>716400001</misses>
				<total>0</total>
				<timestamp>4539.729445</timestamp>
			</report>
			<report>
				<misses>716500001</misses>
				<total>0</total>
				<timestamp>4540.365134</timestamp>
			</report>
			<report>
				<misses>716600001</misses>
				<total>0</total>
				<timestamp>4541.000677</timestamp>
			</report>
			<report>
				<misses>716700001</misses>
				<total>0</total>
				<timestamp>4541.628967</timestamp>
			</report>
			<report>
				<misses>716800001</misses>
				<total>0</total>
				<timestamp>4542.271701</timestamp>
			</report>
			<report>
				<misses>716900001</misses>
				<total>0</total>
				<timestamp>4542.902731</timestamp>
			</report>
			<report>
				<misses>717000001</misses>
				<total>0</total>
				<timestamp>4543.531202</timestamp>
			</report>
			<report>
				<misses>717100001</misses>
				<total>0</total>
				<timestamp>4544.162972</timestamp>
			</report>
			<report>
				<misses>717200001</misses>
				<total>0</total>
				<timestamp>4544.790559</timestamp>
			</report>
			<report>
				<misses>717300001</misses>
				<total>0</total>
				<timestamp>4545.415233</timestamp>
			</report>
			<report>
				<misses>717400001</misses>
				<total>0</total>
				<timestamp>4546.039661</timestamp>
			</report>
			<report>
				<misses>717500001</misses>
				<total>0</total>
				<timestamp>4546.674936</timestamp>
			</report>
			<report>
				<misses>717600001</misses>
				<total>0</total>
				<timestamp>4547.313921</timestamp>
			</report>
			<report>
				<misses>717700001</misses>
				<total>0</total>
				<timestamp>4547.973011</timestamp>
			</report>
			<report>
				<misses>717800001</misses>
				<total>0</total>
				<timestamp>4548.603643</timestamp>
			</report>
			<report>
				<misses>717900001</misses>
				<total>0</total>
				<timestamp>4549.237740</timestamp>
			</report>
			<report>
				<misses>718000001</misses>
				<total>0</total>
				<timestamp>4549.875585</timestamp>
			</report>
			<report>
				<misses>718100001</misses>
				<total>0</total>
				<timestamp>4550.503169</timestamp>
			</report>
			<report>
				<misses>718200001</misses>
				<total>0</total>
				<timestamp>4551.136518</timestamp>
			</report>
			<report>
				<misses>718300001</misses>
				<total>0</total>
				<timestamp>4551.766967</timestamp>
			</report>
			<report>
				<misses>718400001</misses>
				<total>0</total>
				<timestamp>4552.389715</timestamp>
			</report>
			<report>
				<misses>718500001</misses>
				<total>0</total>
				<timestamp>4553.010958</timestamp>
			</report>
			<report>
				<misses>718600001</misses>
				<total>0</total>
				<timestamp>4553.637820</timestamp>
			</report>
			<report>
				<misses>718700001</misses>
				<total>0</total>
				<timestamp>4554.265916</timestamp>
			</report>
			<report>
				<misses>718800001</misses>
				<total>0</total>
				<timestamp>4554.886288</timestamp>
			</report>
			<report>
				<misses>718900001</misses>
				<total>0</total>
				<timestamp>4555.528173</timestamp>
			</report>
			<report>
				<misses>719000001</misses>
				<total>0</total>
				<timestamp>4556.151346</timestamp>
			</report>
			<report>
				<misses>719100001</misses>
				<total>0</total>
				<timestamp>4556.786679</timestamp>
			</report>
			<report>
				<misses>719200001</misses>
				<total>0</total>
				<timestamp>4557.416030</timestamp>
			</report>
			<report>
				<misses>719300001</misses>
				<total>0</total>
				<timestamp>4558.048244</timestamp>
			</report>
			<report>
				<misses>719400001</misses>
				<total>0</total>
				<timestamp>4558.668785</timestamp>
			</report>
			<report>
				<misses>719500001</misses>
				<total>0</total>
				<timestamp>4559.303486</timestamp>
			</report>
			<report>
				<misses>719600001</misses>
				<total>0</total>
				<timestamp>4559.951423</timestamp>
			</report>
			<report>
				<misses>719700001</misses>
				<total>0</total>
				<timestamp>4560.573851</timestamp>
			</report>
			<report>
				<misses>719800001</misses>
				<total>0</total>
				<timestamp>4561.195645</timestamp>
			</report>
			<report>
				<misses>719900001</misses>
				<total>0</total>
				<timestamp>4561.820337</timestamp>
			</report>
			<report>
				<misses>720000001</misses>
				<total>0</total>
				<timestamp>4562.443898</timestamp>
			</report>
			<report>
				<misses>720100001</misses>
				<total>0</total>
				<timestamp>4563.065968</timestamp>
			</report>
			<report>
				<misses>720200001</misses>
				<total>0</total>
				<timestamp>4563.694827</timestamp>
			</report>
			<report>
				<misses>720300001</misses>
				<total>0</total>
				<timestamp>4564.322890</timestamp>
			</report>
			<report>
				<misses>720400001</misses>
				<total>0</total>
				<timestamp>4564.955624</timestamp>
			</report>
			<report>
				<misses>720500001</misses>
				<total>0</total>
				<timestamp>4565.610060</timestamp>
			</report>
			<report>
				<misses>720600001</misses>
				<total>0</total>
				<timestamp>4566.230718</timestamp>
			</report>
			<report>
				<misses>720700001</misses>
				<total>0</total>
				<timestamp>4566.851583</timestamp>
			</report>
			<report>
				<misses>720800001</misses>
				<total>0</total>
				<timestamp>4567.492899</timestamp>
			</report>
			<report>
				<misses>720900001</misses>
				<total>0</total>
				<timestamp>4568.112681</timestamp>
			</report>
			<report>
				<misses>721000001</misses>
				<total>0</total>
				<timestamp>4568.770079</timestamp>
			</report>
			<report>
				<misses>721100001</misses>
				<total>0</total>
				<timestamp>4569.411861</timestamp>
			</report>
			<report>
				<misses>721200001</misses>
				<total>0</total>
				<timestamp>4570.032383</timestamp>
			</report>
			<report>
				<misses>721300001</misses>
				<total>0</total>
				<timestamp>4570.653091</timestamp>
			</report>
			<report>
				<misses>721400001</misses>
				<total>0</total>
				<timestamp>4571.279978</timestamp>
			</report>
			<report>
				<misses>721500001</misses>
				<total>0</total>
				<timestamp>4571.903802</timestamp>
			</report>
			<report>
				<misses>721600001</misses>
				<total>0</total>
				<timestamp>4572.547959</timestamp>
			</report>
			<report>
				<misses>721700001</misses>
				<total>0</total>
				<timestamp>4573.181941</timestamp>
			</report>
			<report>
				<misses>721800001</misses>
				<total>0</total>
				<timestamp>4573.802001</timestamp>
			</report>
			<report>
				<misses>721900001</misses>
				<total>0</total>
				<timestamp>4574.423189</timestamp>
			</report>
			<report>
				<misses>722000001</misses>
				<total>0</total>
				<timestamp>4575.050729</timestamp>
			</report>
			<report>
				<misses>722100001</misses>
				<total>0</total>
				<timestamp>4575.683362</timestamp>
			</report>
			<report>
				<misses>722200001</misses>
				<total>0</total>
				<timestamp>4576.311593</timestamp>
			</report>
			<report>
				<misses>722300001</misses>
				<total>0</total>
				<timestamp>4576.955692</timestamp>
			</report>
			<report>
				<misses>722400001</misses>
				<total>0</total>
				<timestamp>4577.598497</timestamp>
			</report>
			<report>
				<misses>722500001</misses>
				<total>0</total>
				<timestamp>4578.233899</timestamp>
			</report>
			<report>
				<misses>722600001</misses>
				<total>0</total>
				<timestamp>4578.862396</timestamp>
			</report>
			<report>
				<misses>722700001</misses>
				<total>0</total>
				<timestamp>4579.483354</timestamp>
			</report>
			<report>
				<misses>722800001</misses>
				<total>0</total>
				<timestamp>4580.118900</timestamp>
			</report>
			<report>
				<misses>722900001</misses>
				<total>0</total>
				<timestamp>4580.742318</timestamp>
			</report>
			<report>
				<misses>723000001</misses>
				<total>0</total>
				<timestamp>4581.382189</timestamp>
			</report>
			<report>
				<misses>723100001</misses>
				<total>0</total>
				<timestamp>4582.028338</timestamp>
			</report>
			<report>
				<misses>723200001</misses>
				<total>0</total>
				<timestamp>4582.654648</timestamp>
			</report>
			<report>
				<misses>723300001</misses>
				<total>0</total>
				<timestamp>4583.290720</timestamp>
			</report>
			<report>
				<misses>723400001</misses>
				<total>0</total>
				<timestamp>4583.914716</timestamp>
			</report>
			<report>
				<misses>723500001</misses>
				<total>0</total>
				<timestamp>4584.557804</timestamp>
			</report>
			<report>
				<misses>723600001</misses>
				<total>0</total>
				<timestamp>4585.186921</timestamp>
			</report>
			<report>
				<misses>723700001</misses>
				<total>0</total>
				<timestamp>4585.828676</timestamp>
			</report>
			<report>
				<misses>723800001</misses>
				<total>0</total>
				<timestamp>4586.461456</timestamp>
			</report>
			<report>
				<misses>723900001</misses>
				<total>0</total>
				<timestamp>4587.102876</timestamp>
			</report>
			<report>
				<misses>724000001</misses>
				<total>0</total>
				<timestamp>4587.726042</timestamp>
			</report>
			<report>
				<misses>724100001</misses>
				<total>0</total>
				<timestamp>4588.346589</timestamp>
			</report>
			<report>
				<misses>724200001</misses>
				<total>0</total>
				<timestamp>4588.977363</timestamp>
			</report>
			<report>
				<misses>724300001</misses>
				<total>0</total>
				<timestamp>4589.612227</timestamp>
			</report>
			<report>
				<misses>724400001</misses>
				<total>0</total>
				<timestamp>4590.233828</timestamp>
			</report>
			<report>
				<misses>724500001</misses>
				<total>0</total>
				<timestamp>4590.859302</timestamp>
			</report>
			<report>
				<misses>724600001</misses>
				<total>0</total>
				<timestamp>4591.483250</timestamp>
			</report>
			<report>
				<misses>724700001</misses>
				<total>0</total>
				<timestamp>4592.108331</timestamp>
			</report>
			<report>
				<misses>724800001</misses>
				<total>0</total>
				<timestamp>4592.734986</timestamp>
			</report>
			<report>
				<misses>724900001</misses>
				<total>0</total>
				<timestamp>4593.384849</timestamp>
			</report>
			<report>
				<misses>725000001</misses>
				<total>0</total>
				<timestamp>4594.035525</timestamp>
			</report>
			<report>
				<misses>725100001</misses>
				<total>0</total>
				<timestamp>4594.657723</timestamp>
			</report>
			<report>
				<misses>725200001</misses>
				<total>0</total>
				<timestamp>4595.297069</timestamp>
			</report>
			<report>
				<misses>725300001</misses>
				<total>0</total>
				<timestamp>4595.931505</timestamp>
			</report>
			<report>
				<misses>725400001</misses>
				<total>0</total>
				<timestamp>4596.556332</timestamp>
			</report>
			<report>
				<misses>725500001</misses>
				<total>0</total>
				<timestamp>4597.182460</timestamp>
			</report>
			<report>
				<misses>725600001</misses>
				<total>0</total>
				<timestamp>4597.817947</timestamp>
			</report>
			<report>
				<misses>725700001</misses>
				<total>0</total>
				<timestamp>4598.445645</timestamp>
			</report>
			<report>
				<misses>725800001</misses>
				<total>0</total>
				<timestamp>4599.074137</timestamp>
			</report>
			<report>
				<misses>725900001</misses>
				<total>0</total>
				<timestamp>4599.697772</timestamp>
			</report>
			<report>
				<misses>726000001</misses>
				<total>0</total>
				<timestamp>4600.320820</timestamp>
			</report>
			<report>
				<misses>726100001</misses>
				<total>0</total>
				<timestamp>4600.941204</timestamp>
			</report>
			<report>
				<misses>726200001</misses>
				<total>0</total>
				<timestamp>4601.563031</timestamp>
			</report>
			<report>
				<misses>726300001</misses>
				<total>0</total>
				<timestamp>4602.203947</timestamp>
			</report>
			<report>
				<misses>726400001</misses>
				<total>0</total>
				<timestamp>4602.849919</timestamp>
			</report>
			<report>
				<misses>726500001</misses>
				<total>0</total>
				<timestamp>4603.475703</timestamp>
			</report>
			<report>
				<misses>726600001</misses>
				<total>0</total>
				<timestamp>4604.109421</timestamp>
			</report>
			<report>
				<misses>726700001</misses>
				<total>0</total>
				<timestamp>4604.767383</timestamp>
			</report>
			<report>
				<misses>726800001</misses>
				<total>0</total>
				<timestamp>4605.392887</timestamp>
			</report>
			<report>
				<misses>726900001</misses>
				<total>0</total>
				<timestamp>4606.044662</timestamp>
			</report>
			<report>
				<misses>727000001</misses>
				<total>0</total>
				<timestamp>4606.670045</timestamp>
			</report>
			<report>
				<misses>727100001</misses>
				<total>0</total>
				<timestamp>4607.292677</timestamp>
			</report>
			<report>
				<misses>727200001</misses>
				<total>0</total>
				<timestamp>4607.913156</timestamp>
			</report>
			<report>
				<misses>727300001</misses>
				<total>0</total>
				<timestamp>4608.542566</timestamp>
			</report>
			<report>
				<misses>727400001</misses>
				<total>0</total>
				<timestamp>4609.179949</timestamp>
			</report>
			<report>
				<misses>727500001</misses>
				<total>0</total>
				<timestamp>4609.804672</timestamp>
			</report>
			<report>
				<misses>727600001</misses>
				<total>0</total>
				<timestamp>4610.425459</timestamp>
			</report>
			<report>
				<misses>727700001</misses>
				<total>0</total>
				<timestamp>4611.048611</timestamp>
			</report>
			<report>
				<misses>727800001</misses>
				<total>0</total>
				<timestamp>4611.676488</timestamp>
			</report>
			<report>
				<misses>727900001</misses>
				<total>0</total>
				<timestamp>4612.300419</timestamp>
			</report>
			<report>
				<misses>728000001</misses>
				<total>0</total>
				<timestamp>4612.924883</timestamp>
			</report>
			<report>
				<misses>728100001</misses>
				<total>0</total>
				<timestamp>4613.545442</timestamp>
			</report>
			<report>
				<misses>728200001</misses>
				<total>0</total>
				<timestamp>4614.188064</timestamp>
			</report>
			<report>
				<misses>728300001</misses>
				<total>0</total>
				<timestamp>4614.820283</timestamp>
			</report>
			<report>
				<misses>728400001</misses>
				<total>0</total>
				<timestamp>4615.489849</timestamp>
			</report>
			<report>
				<misses>728500001</misses>
				<total>0</total>
				<timestamp>4616.109080</timestamp>
			</report>
			<report>
				<misses>728600001</misses>
				<total>0</total>
				<timestamp>4616.736409</timestamp>
			</report>
			<report>
				<misses>728700001</misses>
				<total>0</total>
				<timestamp>4617.355378</timestamp>
			</report>
			<report>
				<misses>728800001</misses>
				<total>0</total>
				<timestamp>4617.983828</timestamp>
			</report>
			<report>
				<misses>728900001</misses>
				<total>0</total>
				<timestamp>4618.603300</timestamp>
			</report>
			<report>
				<misses>729000001</misses>
				<total>0</total>
				<timestamp>4619.245668</timestamp>
			</report>
			<report>
				<misses>729100001</misses>
				<total>0</total>
				<timestamp>4619.879105</timestamp>
			</report>
			<report>
				<misses>729200001</misses>
				<total>0</total>
				<timestamp>4620.499042</timestamp>
			</report>
			<report>
				<misses>729300001</misses>
				<total>0</total>
				<timestamp>4621.149165</timestamp>
			</report>
			<report>
				<misses>729400001</misses>
				<total>0</total>
				<timestamp>4621.803500</timestamp>
			</report>
			<report>
				<misses>729500001</misses>
				<total>0</total>
				<timestamp>4622.431192</timestamp>
			</report>
			<report>
				<misses>729600001</misses>
				<total>0</total>
				<timestamp>4623.054622</timestamp>
			</report>
			<report>
				<misses>729700001</misses>
				<total>0</total>
				<timestamp>4623.679387</timestamp>
			</report>
			<report>
				<misses>729800001</misses>
				<total>0</total>
				<timestamp>4624.304985</timestamp>
			</report>
			<report>
				<misses>729900001</misses>
				<total>0</total>
				<timestamp>4624.929467</timestamp>
			</report>
			<report>
				<misses>730000001</misses>
				<total>0</total>
				<timestamp>4625.576837</timestamp>
			</report>
			<report>
				<misses>730100001</misses>
				<total>0</total>
				<timestamp>4626.222720</timestamp>
			</report>
			<report>
				<misses>730200001</misses>
				<total>0</total>
				<timestamp>4626.876304</timestamp>
			</report>
			<report>
				<misses>730300001</misses>
				<total>0</total>
				<timestamp>4627.507242</timestamp>
			</report>
			<report>
				<misses>730400001</misses>
				<total>0</total>
				<timestamp>4628.136157</timestamp>
			</report>
			<report>
				<misses>730500001</misses>
				<total>0</total>
				<timestamp>4628.758370</timestamp>
			</report>
			<report>
				<misses>730600001</misses>
				<total>0</total>
				<timestamp>4629.381390</timestamp>
			</report>
			<report>
				<misses>730700001</misses>
				<total>0</total>
				<timestamp>4630.017121</timestamp>
			</report>
			<report>
				<misses>730800001</misses>
				<total>0</total>
				<timestamp>4630.652080</timestamp>
			</report>
			<report>
				<misses>730900001</misses>
				<total>0</total>
				<timestamp>4631.287725</timestamp>
			</report>
			<report>
				<misses>731000001</misses>
				<total>0</total>
				<timestamp>4631.918855</timestamp>
			</report>
			<report>
				<misses>731100001</misses>
				<total>0</total>
				<timestamp>4632.538465</timestamp>
			</report>
			<report>
				<misses>731200001</misses>
				<total>0</total>
				<timestamp>4633.163532</timestamp>
			</report>
			<report>
				<misses>731300001</misses>
				<total>0</total>
				<timestamp>4633.795091</timestamp>
			</report>
			<report>
				<misses>731400001</misses>
				<total>0</total>
				<timestamp>4634.415201</timestamp>
			</report>
			<report>
				<misses>731500001</misses>
				<total>0</total>
				<timestamp>4635.049808</timestamp>
			</report>
			<report>
				<misses>731600001</misses>
				<total>0</total>
				<timestamp>4635.670290</timestamp>
			</report>
			<report>
				<misses>731700001</misses>
				<total>0</total>
				<timestamp>4636.294068</timestamp>
			</report>
			<report>
				<misses>731800001</misses>
				<total>0</total>
				<timestamp>4636.944652</timestamp>
			</report>
			<report>
				<misses>731900001</misses>
				<total>0</total>
				<timestamp>4637.574580</timestamp>
			</report>
			<report>
				<misses>732000001</misses>
				<total>0</total>
				<timestamp>4638.203527</timestamp>
			</report>
			<report>
				<misses>732100001</misses>
				<total>0</total>
				<timestamp>4638.840781</timestamp>
			</report>
			<report>
				<misses>732200001</misses>
				<total>0</total>
				<timestamp>4639.463430</timestamp>
			</report>
			<report>
				<misses>732300001</misses>
				<total>0</total>
				<timestamp>4640.082919</timestamp>
			</report>
			<report>
				<misses>732400001</misses>
				<total>0</total>
				<timestamp>4640.705237</timestamp>
			</report>
			<report>
				<misses>732500001</misses>
				<total>0</total>
				<timestamp>4641.338792</timestamp>
			</report>
			<report>
				<misses>732600001</misses>
				<total>0</total>
				<timestamp>4641.978532</timestamp>
			</report>
			<report>
				<misses>732700001</misses>
				<total>0</total>
				<timestamp>4642.605002</timestamp>
			</report>
			<report>
				<misses>732800001</misses>
				<total>0</total>
				<timestamp>4643.234298</timestamp>
			</report>
			<report>
				<misses>732900001</misses>
				<total>0</total>
				<timestamp>4643.855502</timestamp>
			</report>
			<report>
				<misses>733000001</misses>
				<total>0</total>
				<timestamp>4644.477937</timestamp>
			</report>
			<report>
				<misses>733100001</misses>
				<total>0</total>
				<timestamp>4645.118644</timestamp>
			</report>
			<report>
				<misses>733200001</misses>
				<total>0</total>
				<timestamp>4645.755969</timestamp>
			</report>
			<report>
				<misses>733300001</misses>
				<total>0</total>
				<timestamp>4646.376742</timestamp>
			</report>
			<report>
				<misses>733400001</misses>
				<total>0</total>
				<timestamp>4647.008800</timestamp>
			</report>
			<report>
				<misses>733500001</misses>
				<total>0</total>
				<timestamp>4647.643296</timestamp>
			</report>
			<report>
				<misses>733600001</misses>
				<total>0</total>
				<timestamp>4648.268518</timestamp>
			</report>
			<report>
				<misses>733700001</misses>
				<total>0</total>
				<timestamp>4648.891976</timestamp>
			</report>
			<report>
				<misses>733800001</misses>
				<total>0</total>
				<timestamp>4649.518454</timestamp>
			</report>
			<report>
				<misses>733900001</misses>
				<total>0</total>
				<timestamp>4650.152486</timestamp>
			</report>
			<report>
				<misses>734000001</misses>
				<total>0</total>
				<timestamp>4650.794534</timestamp>
			</report>
			<report>
				<misses>734100001</misses>
				<total>0</total>
				<timestamp>4651.420480</timestamp>
			</report>
			<report>
				<misses>734200001</misses>
				<total>0</total>
				<timestamp>4652.047042</timestamp>
			</report>
			<report>
				<misses>734300001</misses>
				<total>0</total>
				<timestamp>4652.677185</timestamp>
			</report>
			<report>
				<misses>734400001</misses>
				<total>0</total>
				<timestamp>4653.323004</timestamp>
			</report>
			<report>
				<misses>734500001</misses>
				<total>0</total>
				<timestamp>4653.941592</timestamp>
			</report>
			<report>
				<misses>734600001</misses>
				<total>0</total>
				<timestamp>4654.573936</timestamp>
			</report>
			<report>
				<misses>734700001</misses>
				<total>0</total>
				<timestamp>4655.201626</timestamp>
			</report>
			<report>
				<misses>734800001</misses>
				<total>0</total>
				<timestamp>4655.840408</timestamp>
			</report>
			<report>
				<misses>734900001</misses>
				<total>0</total>
				<timestamp>4656.466939</timestamp>
			</report>
			<report>
				<misses>735000001</misses>
				<total>0</total>
				<timestamp>4657.097193</timestamp>
			</report>
			<report>
				<misses>735100001</misses>
				<total>0</total>
				<timestamp>4657.726364</timestamp>
			</report>
			<report>
				<misses>735200001</misses>
				<total>0</total>
				<timestamp>4658.348347</timestamp>
			</report>
			<report>
				<misses>735300001</misses>
				<total>0</total>
				<timestamp>4658.980335</timestamp>
			</report>
			<report>
				<misses>735400001</misses>
				<total>0</total>
				<timestamp>4659.612419</timestamp>
			</report>
			<report>
				<misses>735500001</misses>
				<total>0</total>
				<timestamp>4660.269706</timestamp>
			</report>
			<report>
				<misses>735600001</misses>
				<total>0</total>
				<timestamp>4660.896579</timestamp>
			</report>
			<report>
				<misses>735700001</misses>
				<total>0</total>
				<timestamp>4661.518367</timestamp>
			</report>
			<report>
				<misses>735800001</misses>
				<total>0</total>
				<timestamp>4662.157089</timestamp>
			</report>
			<report>
				<misses>735900001</misses>
				<total>0</total>
				<timestamp>4662.801096</timestamp>
			</report>
			<report>
				<misses>736000001</misses>
				<total>0</total>
				<timestamp>4663.441447</timestamp>
			</report>
			<report>
				<misses>736100001</misses>
				<total>0</total>
				<timestamp>4664.067394</timestamp>
			</report>
			<report>
				<misses>736200001</misses>
				<total>0</total>
				<timestamp>4664.691315</timestamp>
			</report>
			<report>
				<misses>736300001</misses>
				<total>0</total>
				<timestamp>4665.316588</timestamp>
			</report>
			<report>
				<misses>736400001</misses>
				<total>0</total>
				<timestamp>4665.945780</timestamp>
			</report>
			<report>
				<misses>736500001</misses>
				<total>0</total>
				<timestamp>4666.573334</timestamp>
			</report>
			<report>
				<misses>736600001</misses>
				<total>0</total>
				<timestamp>4667.198130</timestamp>
			</report>
			<report>
				<misses>736700001</misses>
				<total>0</total>
				<timestamp>4667.823134</timestamp>
			</report>
			<report>
				<misses>736800001</misses>
				<total>0</total>
				<timestamp>4668.447398</timestamp>
			</report>
			<report>
				<misses>736900001</misses>
				<total>0</total>
				<timestamp>4669.075248</timestamp>
			</report>
			<report>
				<misses>737000001</misses>
				<total>0</total>
				<timestamp>4669.699434</timestamp>
			</report>
			<report>
				<misses>737100001</misses>
				<total>0</total>
				<timestamp>4670.323618</timestamp>
			</report>
			<report>
				<misses>737200001</misses>
				<total>0</total>
				<timestamp>4670.948584</timestamp>
			</report>
			<report>
				<misses>737300001</misses>
				<total>0</total>
				<timestamp>4671.577492</timestamp>
			</report>
			<report>
				<misses>737400001</misses>
				<total>0</total>
				<timestamp>4672.202087</timestamp>
			</report>
			<report>
				<misses>737500001</misses>
				<total>0</total>
				<timestamp>4672.826619</timestamp>
			</report>
			<report>
				<misses>737600001</misses>
				<total>0</total>
				<timestamp>4673.451122</timestamp>
			</report>
			<report>
				<misses>737700001</misses>
				<total>0</total>
				<timestamp>4674.075729</timestamp>
			</report>
			<report>
				<misses>737800001</misses>
				<total>0</total>
				<timestamp>4674.700039</timestamp>
			</report>
			<report>
				<misses>737900001</misses>
				<total>0</total>
				<timestamp>4675.324514</timestamp>
			</report>
			<report>
				<misses>738000001</misses>
				<total>0</total>
				<timestamp>4675.949360</timestamp>
			</report>
			<report>
				<misses>738100001</misses>
				<total>0</total>
				<timestamp>4676.572764</timestamp>
			</report>
			<report>
				<misses>738200001</misses>
				<total>0</total>
				<timestamp>4677.196268</timestamp>
			</report>
			<report>
				<misses>738300001</misses>
				<total>0</total>
				<timestamp>4677.819676</timestamp>
			</report>
			<report>
				<misses>738400001</misses>
				<total>0</total>
				<timestamp>4678.443504</timestamp>
			</report>
			<report>
				<misses>738500001</misses>
				<total>0</total>
				<timestamp>4679.074118</timestamp>
			</report>
			<report>
				<misses>738600001</misses>
				<total>0</total>
				<timestamp>4679.696073</timestamp>
			</report>
			<report>
				<misses>738700001</misses>
				<total>0</total>
				<timestamp>4680.318397</timestamp>
			</report>
			<report>
				<misses>738800001</misses>
				<total>0</total>
				<timestamp>4680.944554</timestamp>
			</report>
			<report>
				<misses>738900001</misses>
				<total>0</total>
				<timestamp>4681.566268</timestamp>
			</report>
			<report>
				<misses>739000001</misses>
				<total>0</total>
				<timestamp>4682.188408</timestamp>
			</report>
			<report>
				<misses>739100001</misses>
				<total>0</total>
				<timestamp>4682.846524</timestamp>
			</report>
			<report>
				<misses>739200001</misses>
				<total>0</total>
				<timestamp>4683.487310</timestamp>
			</report>
			<report>
				<misses>739300001</misses>
				<total>0</total>
				<timestamp>4684.109556</timestamp>
			</report>
			<report>
				<misses>739400001</misses>
				<total>0</total>
				<timestamp>4684.733088</timestamp>
			</report>
			<report>
				<misses>739500001</misses>
				<total>0</total>
				<timestamp>4685.354409</timestamp>
			</report>
			<report>
				<misses>739600001</misses>
				<total>0</total>
				<timestamp>4685.975964</timestamp>
			</report>
			<report>
				<misses>739700001</misses>
				<total>0</total>
				<timestamp>4686.598485</timestamp>
			</report>
			<report>
				<misses>739800001</misses>
				<total>0</total>
				<timestamp>4687.221082</timestamp>
			</report>
			<report>
				<misses>739900001</misses>
				<total>0</total>
				<timestamp>4687.845594</timestamp>
			</report>
			<report>
				<misses>740000001</misses>
				<total>0</total>
				<timestamp>4688.468091</timestamp>
			</report>
			<report>
				<misses>740100001</misses>
				<total>0</total>
				<timestamp>4689.091252</timestamp>
			</report>
			<report>
				<misses>740200001</misses>
				<total>0</total>
				<timestamp>4689.711812</timestamp>
			</report>
			<report>
				<misses>740300001</misses>
				<total>0</total>
				<timestamp>4690.329964</timestamp>
			</report>
			<report>
				<misses>740400001</misses>
				<total>0</total>
				<timestamp>4690.947846</timestamp>
			</report>
			<report>
				<misses>740500001</misses>
				<total>0</total>
				<timestamp>4691.564998</timestamp>
			</report>
			<report>
				<misses>740600001</misses>
				<total>0</total>
				<timestamp>4692.181105</timestamp>
			</report>
			<report>
				<misses>740700001</misses>
				<total>0</total>
				<timestamp>4692.796383</timestamp>
			</report>
			<report>
				<misses>740800001</misses>
				<total>0</total>
				<timestamp>4693.411131</timestamp>
			</report>
			<report>
				<misses>740900001</misses>
				<total>0</total>
				<timestamp>4694.026282</timestamp>
			</report>
			<report>
				<misses>741000001</misses>
				<total>0</total>
				<timestamp>4694.642188</timestamp>
			</report>
			<report>
				<misses>741100001</misses>
				<total>0</total>
				<timestamp>4695.257869</timestamp>
			</report>
			<report>
				<misses>741200001</misses>
				<total>0</total>
				<timestamp>4695.872911</timestamp>
			</report>
			<report>
				<misses>741300001</misses>
				<total>0</total>
				<timestamp>4696.497979</timestamp>
			</report>
			<report>
				<misses>741400001</misses>
				<total>0</total>
				<timestamp>4697.114078</timestamp>
			</report>
			<report>
				<misses>741500001</misses>
				<total>0</total>
				<timestamp>4697.729453</timestamp>
			</report>
			<report>
				<misses>741600001</misses>
				<total>0</total>
				<timestamp>4698.344421</timestamp>
			</report>
			<report>
				<misses>741700001</misses>
				<total>0</total>
				<timestamp>4698.960048</timestamp>
			</report>
			<report>
				<misses>741800001</misses>
				<total>0</total>
				<timestamp>4699.575632</timestamp>
			</report>
			<report>
				<misses>741900001</misses>
				<total>0</total>
				<timestamp>4700.192134</timestamp>
			</report>
			<report>
				<misses>742000001</misses>
				<total>0</total>
				<timestamp>4700.810406</timestamp>
			</report>
			<report>
				<misses>742100001</misses>
				<total>0</total>
				<timestamp>4701.426122</timestamp>
			</report>
			<report>
				<misses>742200001</misses>
				<total>0</total>
				<timestamp>4702.045631</timestamp>
			</report>
			<report>
				<misses>742300001</misses>
				<total>0</total>
				<timestamp>4702.662137</timestamp>
			</report>
			<report>
				<misses>742400001</misses>
				<total>0</total>
				<timestamp>4703.281277</timestamp>
			</report>
			<report>
				<misses>742500001</misses>
				<total>0</total>
				<timestamp>4703.897196</timestamp>
			</report>
			<report>
				<misses>742600001</misses>
				<total>0</total>
				<timestamp>4704.513457</timestamp>
			</report>
			<report>
				<misses>742700001</misses>
				<total>0</total>
				<timestamp>4705.130251</timestamp>
			</report>
			<report>
				<misses>742800001</misses>
				<total>0</total>
				<timestamp>4705.748707</timestamp>
			</report>
			<report>
				<misses>742900001</misses>
				<total>0</total>
				<timestamp>4706.365179</timestamp>
			</report>
			<report>
				<misses>743000001</misses>
				<total>0</total>
				<timestamp>4706.984743</timestamp>
			</report>
			<report>
				<misses>743100001</misses>
				<total>0</total>
				<timestamp>4707.599971</timestamp>
			</report>
			<report>
				<misses>743200001</misses>
				<total>0</total>
				<timestamp>4708.216711</timestamp>
			</report>
			<report>
				<misses>743300001</misses>
				<total>0</total>
				<timestamp>4708.835552</timestamp>
			</report>
			<report>
				<misses>743400001</misses>
				<total>0</total>
				<timestamp>4709.451958</timestamp>
			</report>
			<report>
				<misses>743500001</misses>
				<total>0</total>
				<timestamp>4710.067884</timestamp>
			</report>
			<report>
				<misses>743600001</misses>
				<total>0</total>
				<timestamp>4710.684867</timestamp>
			</report>
			<report>
				<misses>743700001</misses>
				<total>0</total>
				<timestamp>4711.300591</timestamp>
			</report>
			<report>
				<misses>743800001</misses>
				<total>0</total>
				<timestamp>4711.916642</timestamp>
			</report>
			<report>
				<misses>743900001</misses>
				<total>0</total>
				<timestamp>4712.532038</timestamp>
			</report>
			<report>
				<misses>744000001</misses>
				<total>0</total>
				<timestamp>4713.149623</timestamp>
			</report>
			<report>
				<misses>744100001</misses>
				<total>0</total>
				<timestamp>4713.765425</timestamp>
			</report>
			<report>
				<misses>744200001</misses>
				<total>0</total>
				<timestamp>4714.380786</timestamp>
			</report>
			<report>
				<misses>744300001</misses>
				<total>0</total>
				<timestamp>4715.005733</timestamp>
			</report>
			<report>
				<misses>744400001</misses>
				<total>0</total>
				<timestamp>4715.621092</timestamp>
			</report>
			<report>
				<misses>744500001</misses>
				<total>0</total>
				<timestamp>4716.241776</timestamp>
			</report>
			<report>
				<misses>744600001</misses>
				<total>0</total>
				<timestamp>4716.857636</timestamp>
			</report>
			<report>
				<misses>744700001</misses>
				<total>0</total>
				<timestamp>4717.472763</timestamp>
			</report>
			<report>
				<misses>744800001</misses>
				<total>0</total>
				<timestamp>4718.088272</timestamp>
			</report>
			<report>
				<misses>744900001</misses>
				<total>0</total>
				<timestamp>4718.705871</timestamp>
			</report>
			<report>
				<misses>745000001</misses>
				<total>0</total>
				<timestamp>4719.326569</timestamp>
			</report>
			<report>
				<misses>745100001</misses>
				<total>0</total>
				<timestamp>4719.945472</timestamp>
			</report>
			<report>
				<misses>745200001</misses>
				<total>0</total>
				<timestamp>4720.561377</timestamp>
			</report>
			<report>
				<misses>745300001</misses>
				<total>0</total>
				<timestamp>4721.177988</timestamp>
			</report>
			<report>
				<misses>745400001</misses>
				<total>0</total>
				<timestamp>4721.794706</timestamp>
			</report>
			<report>
				<misses>745500001</misses>
				<total>0</total>
				<timestamp>4722.410961</timestamp>
			</report>
			<report>
				<misses>745600001</misses>
				<total>0</total>
				<timestamp>4723.027123</timestamp>
			</report>
			<report>
				<misses>745700001</misses>
				<total>0</total>
				<timestamp>4723.642570</timestamp>
			</report>
			<report>
				<misses>745800001</misses>
				<total>0</total>
				<timestamp>4724.258890</timestamp>
			</report>
			<report>
				<misses>745900001</misses>
				<total>0</total>
				<timestamp>4724.876180</timestamp>
			</report>
			<report>
				<misses>746000001</misses>
				<total>0</total>
				<timestamp>4725.491753</timestamp>
			</report>
			<report>
				<misses>746100001</misses>
				<total>0</total>
				<timestamp>4726.106491</timestamp>
			</report>
			<report>
				<misses>746200001</misses>
				<total>0</total>
				<timestamp>4726.722137</timestamp>
			</report>
			<report>
				<misses>746300001</misses>
				<total>0</total>
				<timestamp>4727.336713</timestamp>
			</report>
			<report>
				<misses>746400001</misses>
				<total>0</total>
				<timestamp>4727.952077</timestamp>
			</report>
			<report>
				<misses>746500001</misses>
				<total>0</total>
				<timestamp>4728.567660</timestamp>
			</report>
			<report>
				<misses>746600001</misses>
				<total>0</total>
				<timestamp>4729.187339</timestamp>
			</report>
			<report>
				<misses>746700001</misses>
				<total>0</total>
				<timestamp>4729.802671</timestamp>
			</report>
			<report>
				<misses>746800001</misses>
				<total>0</total>
				<timestamp>4730.418430</timestamp>
			</report>
			<report>
				<misses>746900001</misses>
				<total>0</total>
				<timestamp>4731.034263</timestamp>
			</report>
			<report>
				<misses>747000001</misses>
				<total>0</total>
				<timestamp>4731.651056</timestamp>
			</report>
			<report>
				<misses>747100001</misses>
				<total>0</total>
				<timestamp>4732.266144</timestamp>
			</report>
			<report>
				<misses>747200001</misses>
				<total>0</total>
				<timestamp>4732.882304</timestamp>
			</report>
			<report>
				<misses>747300001</misses>
				<total>0</total>
				<timestamp>4733.497489</timestamp>
			</report>
			<report>
				<misses>747400001</misses>
				<total>0</total>
				<timestamp>4734.112988</timestamp>
			</report>
			<report>
				<misses>747500001</misses>
				<total>0</total>
				<timestamp>4734.729118</timestamp>
			</report>
			<report>
				<misses>747600001</misses>
				<total>0</total>
				<timestamp>4735.344778</timestamp>
			</report>
			<report>
				<misses>747700001</misses>
				<total>0</total>
				<timestamp>4735.961027</timestamp>
			</report>
			<report>
				<misses>747800001</misses>
				<total>0</total>
				<timestamp>4736.578283</timestamp>
			</report>
			<report>
				<misses>747900001</misses>
				<total>0</total>
				<timestamp>4737.194024</timestamp>
			</report>
			<report>
				<misses>748000001</misses>
				<total>0</total>
				<timestamp>4737.811217</timestamp>
			</report>
			<report>
				<misses>748100001</misses>
				<total>0</total>
				<timestamp>4738.426925</timestamp>
			</report>
			<report>
				<misses>748200001</misses>
				<total>0</total>
				<timestamp>4739.043082</timestamp>
			</report>
			<report>
				<misses>748300001</misses>
				<total>0</total>
				<timestamp>4739.658705</timestamp>
			</report>
			<report>
				<misses>748400001</misses>
				<total>0</total>
				<timestamp>4740.275160</timestamp>
			</report>
			<report>
				<misses>748500001</misses>
				<total>0</total>
				<timestamp>4740.891119</timestamp>
			</report>
			<report>
				<misses>748600001</misses>
				<total>0</total>
				<timestamp>4741.506742</timestamp>
			</report>
			<report>
				<misses>748700001</misses>
				<total>0</total>
				<timestamp>4742.123052</timestamp>
			</report>
			<report>
				<misses>748800001</misses>
				<total>0</total>
				<timestamp>4742.739869</timestamp>
			</report>
			<report>
				<misses>748900001</misses>
				<total>0</total>
				<timestamp>4743.364195</timestamp>
			</report>
			<report>
				<misses>749000001</misses>
				<total>0</total>
				<timestamp>4743.991255</timestamp>
			</report>
			<report>
				<misses>749100001</misses>
				<total>0</total>
				<timestamp>4744.630364</timestamp>
			</report>
			<report>
				<misses>749200001</misses>
				<total>0</total>
				<timestamp>4745.252345</timestamp>
			</report>
			<report>
				<misses>749300001</misses>
				<total>0</total>
				<timestamp>4745.868107</timestamp>
			</report>
			<report>
				<misses>749400001</misses>
				<total>0</total>
				<timestamp>4746.483566</timestamp>
			</report>
			<report>
				<misses>749500001</misses>
				<total>0</total>
				<timestamp>4747.099656</timestamp>
			</report>
			<report>
				<misses>749600001</misses>
				<total>0</total>
				<timestamp>4747.715048</timestamp>
			</report>
			<report>
				<misses>749700001</misses>
				<total>0</total>
				<timestamp>4748.330169</timestamp>
			</report>
			<report>
				<misses>749800001</misses>
				<total>0</total>
				<timestamp>4748.945993</timestamp>
			</report>
			<report>
				<misses>749900001</misses>
				<total>0</total>
				<timestamp>4749.560862</timestamp>
			</report>
			<report>
				<misses>750000001</misses>
				<total>0</total>
				<timestamp>4750.177296</timestamp>
			</report>
			<report>
				<misses>750100001</misses>
				<total>0</total>
				<timestamp>4750.797844</timestamp>
			</report>
			<report>
				<misses>750200001</misses>
				<total>0</total>
				<timestamp>4751.416421</timestamp>
			</report>
			<report>
				<misses>750300001</misses>
				<total>0</total>
				<timestamp>4752.033931</timestamp>
			</report>
			<report>
				<misses>750400001</misses>
				<total>0</total>
				<timestamp>4752.651588</timestamp>
			</report>
			<report>
				<misses>750500001</misses>
				<total>0</total>
				<timestamp>4753.269815</timestamp>
			</report>
			<report>
				<misses>750600001</misses>
				<total>0</total>
				<timestamp>4753.887190</timestamp>
			</report>
			<report>
				<misses>750700001</misses>
				<total>0</total>
				<timestamp>4754.504483</timestamp>
			</report>
			<report>
				<misses>750800001</misses>
				<total>0</total>
				<timestamp>4755.121419</timestamp>
			</report>
			<report>
				<misses>750900001</misses>
				<total>0</total>
				<timestamp>4755.739432</timestamp>
			</report>
			<report>
				<misses>751000001</misses>
				<total>0</total>
				<timestamp>4756.356963</timestamp>
			</report>
			<report>
				<misses>751100001</misses>
				<total>0</total>
				<timestamp>4756.974809</timestamp>
			</report>
			<report>
				<misses>751200001</misses>
				<total>0</total>
				<timestamp>4757.589410</timestamp>
			</report>
			<report>
				<misses>751300001</misses>
				<total>0</total>
				<timestamp>4758.214605</timestamp>
			</report>
			<report>
				<misses>751400001</misses>
				<total>0</total>
				<timestamp>4758.828916</timestamp>
			</report>
			<report>
				<misses>751500001</misses>
				<total>0</total>
				<timestamp>4759.444516</timestamp>
			</report>
			<report>
				<misses>751600001</misses>
				<total>0</total>
				<timestamp>4760.059434</timestamp>
			</report>
			<report>
				<misses>751700001</misses>
				<total>0</total>
				<timestamp>4760.674533</timestamp>
			</report>
			<report>
				<misses>751800001</misses>
				<total>0</total>
				<timestamp>4761.291448</timestamp>
			</report>
			<report>
				<misses>751900001</misses>
				<total>0</total>
				<timestamp>4761.906812</timestamp>
			</report>
			<report>
				<misses>752000001</misses>
				<total>0</total>
				<timestamp>4762.521886</timestamp>
			</report>
			<report>
				<misses>752100001</misses>
				<total>0</total>
				<timestamp>4763.137327</timestamp>
			</report>
			<report>
				<misses>752200001</misses>
				<total>0</total>
				<timestamp>4763.753738</timestamp>
			</report>
			<report>
				<misses>752300001</misses>
				<total>0</total>
				<timestamp>4764.368526</timestamp>
			</report>
			<report>
				<misses>752400001</misses>
				<total>0</total>
				<timestamp>4764.983236</timestamp>
			</report>
			<report>
				<misses>752500001</misses>
				<total>0</total>
				<timestamp>4765.597614</timestamp>
			</report>
			<report>
				<misses>752600001</misses>
				<total>0</total>
				<timestamp>4766.213867</timestamp>
			</report>
			<report>
				<misses>752700001</misses>
				<total>0</total>
				<timestamp>4766.830655</timestamp>
			</report>
			<report>
				<misses>752800001</misses>
				<total>0</total>
				<timestamp>4767.444911</timestamp>
			</report>
			<report>
				<misses>752900001</misses>
				<total>0</total>
				<timestamp>4768.080090</timestamp>
			</report>
			<report>
				<misses>753000001</misses>
				<total>0</total>
				<timestamp>4768.694897</timestamp>
			</report>
			<report>
				<misses>753100001</misses>
				<total>0</total>
				<timestamp>4769.310079</timestamp>
			</report>
			<report>
				<misses>753200001</misses>
				<total>0</total>
				<timestamp>4769.928160</timestamp>
			</report>
			<report>
				<misses>753300001</misses>
				<total>0</total>
				<timestamp>4770.542867</timestamp>
			</report>
			<report>
				<misses>753400001</misses>
				<total>0</total>
				<timestamp>4771.157298</timestamp>
			</report>
			<report>
				<misses>753500001</misses>
				<total>0</total>
				<timestamp>4771.771330</timestamp>
			</report>
			<report>
				<misses>753600001</misses>
				<total>0</total>
				<timestamp>4772.385231</timestamp>
			</report>
			<report>
				<misses>753700001</misses>
				<total>0</total>
				<timestamp>4772.999984</timestamp>
			</report>
			<report>
				<misses>753800001</misses>
				<total>0</total>
				<timestamp>4773.614846</timestamp>
			</report>
			<report>
				<misses>753900001</misses>
				<total>0</total>
				<timestamp>4774.229949</timestamp>
			</report>
			<report>
				<misses>754000001</misses>
				<total>0</total>
				<timestamp>4774.844406</timestamp>
			</report>
			<report>
				<misses>754100001</misses>
				<total>0</total>
				<timestamp>4775.458741</timestamp>
			</report>
			<report>
				<misses>754200001</misses>
				<total>0</total>
				<timestamp>4776.075782</timestamp>
			</report>
			<report>
				<misses>754300001</misses>
				<total>0</total>
				<timestamp>4776.690562</timestamp>
			</report>
			<report>
				<misses>754400001</misses>
				<total>0</total>
				<timestamp>4777.305467</timestamp>
			</report>
			<report>
				<misses>754500001</misses>
				<total>0</total>
				<timestamp>4777.921140</timestamp>
			</report>
			<report>
				<misses>754600001</misses>
				<total>0</total>
				<timestamp>4778.536558</timestamp>
			</report>
			<report>
				<misses>754700001</misses>
				<total>0</total>
				<timestamp>4779.153552</timestamp>
			</report>
			<report>
				<misses>754800001</misses>
				<total>0</total>
				<timestamp>4779.768830</timestamp>
			</report>
			<report>
				<misses>754900001</misses>
				<total>0</total>
				<timestamp>4780.385293</timestamp>
			</report>
			<report>
				<misses>755000001</misses>
				<total>0</total>
				<timestamp>4781.001723</timestamp>
			</report>
			<report>
				<misses>755100001</misses>
				<total>0</total>
				<timestamp>4781.616890</timestamp>
			</report>
			<report>
				<misses>755200001</misses>
				<total>0</total>
				<timestamp>4782.233616</timestamp>
			</report>
			<report>
				<misses>755300001</misses>
				<total>0</total>
				<timestamp>4782.854540</timestamp>
			</report>
			<report>
				<misses>755400001</misses>
				<total>0</total>
				<timestamp>4783.471459</timestamp>
			</report>
			<report>
				<misses>755500001</misses>
				<total>0</total>
				<timestamp>4784.088227</timestamp>
			</report>
			<report>
				<misses>755600001</misses>
				<total>0</total>
				<timestamp>4784.704953</timestamp>
			</report>
			<report>
				<misses>755700001</misses>
				<total>0</total>
				<timestamp>4785.321842</timestamp>
			</report>
			<report>
				<misses>755800001</misses>
				<total>0</total>
				<timestamp>4785.938839</timestamp>
			</report>
			<report>
				<misses>755900001</misses>
				<total>0</total>
				<timestamp>4786.554898</timestamp>
			</report>
			<report>
				<misses>756000001</misses>
				<total>0</total>
				<timestamp>4787.171400</timestamp>
			</report>
			<report>
				<misses>756100001</misses>
				<total>0</total>
				<timestamp>4787.788641</timestamp>
			</report>
			<report>
				<misses>756200001</misses>
				<total>0</total>
				<timestamp>4788.407286</timestamp>
			</report>
			<report>
				<misses>756300001</misses>
				<total>0</total>
				<timestamp>4789.023373</timestamp>
			</report>
			<report>
				<misses>756400001</misses>
				<total>0</total>
				<timestamp>4789.638138</timestamp>
			</report>
			<report>
				<misses>756500001</misses>
				<total>0</total>
				<timestamp>4790.256591</timestamp>
			</report>
			<report>
				<misses>756600001</misses>
				<total>0</total>
				<timestamp>4790.872532</timestamp>
			</report>
			<report>
				<misses>756700001</misses>
				<total>0</total>
				<timestamp>4791.488043</timestamp>
			</report>
			<report>
				<misses>756800001</misses>
				<total>0</total>
				<timestamp>4792.104281</timestamp>
			</report>
			<report>
				<misses>756900001</misses>
				<total>0</total>
				<timestamp>4792.722246</timestamp>
			</report>
			<report>
				<misses>757000001</misses>
				<total>0</total>
				<timestamp>4793.338083</timestamp>
			</report>
			<report>
				<misses>757100001</misses>
				<total>0</total>
				<timestamp>4793.954264</timestamp>
			</report>
			<report>
				<misses>757200001</misses>
				<total>0</total>
				<timestamp>4794.569662</timestamp>
			</report>
			<report>
				<misses>757300001</misses>
				<total>0</total>
				<timestamp>4795.184892</timestamp>
			</report>
			<report>
				<misses>757400001</misses>
				<total>0</total>
				<timestamp>4795.801993</timestamp>
			</report>
			<report>
				<misses>757500001</misses>
				<total>0</total>
				<timestamp>4796.417379</timestamp>
			</report>
			<report>
				<misses>757600001</misses>
				<total>0</total>
				<timestamp>4797.032459</timestamp>
			</report>
			<report>
				<misses>757700001</misses>
				<total>0</total>
				<timestamp>4797.647485</timestamp>
			</report>
			<report>
				<misses>757800001</misses>
				<total>0</total>
				<timestamp>4798.264614</timestamp>
			</report>
			<report>
				<misses>757900001</misses>
				<total>0</total>
				<timestamp>4798.880663</timestamp>
			</report>
			<report>
				<misses>758000001</misses>
				<total>0</total>
				<timestamp>4799.496356</timestamp>
			</report>
			<report>
				<misses>758100001</misses>
				<total>0</total>
				<timestamp>4800.112413</timestamp>
			</report>
			<report>
				<misses>758200001</misses>
				<total>0</total>
				<timestamp>4800.731627</timestamp>
			</report>
			<report>
				<misses>758300001</misses>
				<total>0</total>
				<timestamp>4801.370102</timestamp>
			</report>
			<report>
				<misses>758400001</misses>
				<total>0</total>
				<timestamp>4801.988665</timestamp>
			</report>
			<report>
				<misses>758500001</misses>
				<total>0</total>
				<timestamp>4802.604632</timestamp>
			</report>
			<report>
				<misses>758600001</misses>
				<total>0</total>
				<timestamp>4803.219213</timestamp>
			</report>
			<report>
				<misses>758700001</misses>
				<total>0</total>
				<timestamp>4803.835340</timestamp>
			</report>
			<report>
				<misses>758800001</misses>
				<total>0</total>
				<timestamp>4804.450503</timestamp>
			</report>
			<report>
				<misses>758900001</misses>
				<total>0</total>
				<timestamp>4805.066025</timestamp>
			</report>
			<report>
				<misses>759000001</misses>
				<total>0</total>
				<timestamp>4805.708093</timestamp>
			</report>
			<report>
				<misses>759100001</misses>
				<total>0</total>
				<timestamp>4806.350147</timestamp>
			</report>
			<report>
				<misses>759200001</misses>
				<total>0</total>
				<timestamp>4806.991161</timestamp>
			</report>
			<report>
				<misses>759300001</misses>
				<total>0</total>
				<timestamp>4807.607744</timestamp>
			</report>
			<report>
				<misses>759400001</misses>
				<total>0</total>
				<timestamp>4808.223438</timestamp>
			</report>
			<report>
				<misses>759500001</misses>
				<total>0</total>
				<timestamp>4808.843095</timestamp>
			</report>
			<report>
				<misses>759600001</misses>
				<total>0</total>
				<timestamp>4809.463739</timestamp>
			</report>
			<report>
				<misses>759700001</misses>
				<total>0</total>
				<timestamp>4810.079253</timestamp>
			</report>
			<report>
				<misses>759800001</misses>
				<total>0</total>
				<timestamp>4810.694726</timestamp>
			</report>
			<report>
				<misses>759900001</misses>
				<total>0</total>
				<timestamp>4811.309996</timestamp>
			</report>
			<report>
				<misses>760000001</misses>
				<total>0</total>
				<timestamp>4811.925797</timestamp>
			</report>
			<report>
				<misses>760100001</misses>
				<total>0</total>
				<timestamp>4812.539769</timestamp>
			</report>
			<report>
				<misses>760200001</misses>
				<total>0</total>
				<timestamp>4813.155424</timestamp>
			</report>
			<report>
				<misses>760300001</misses>
				<total>0</total>
				<timestamp>4813.772473</timestamp>
			</report>
			<report>
				<misses>760400001</misses>
				<total>0</total>
				<timestamp>4814.387874</timestamp>
			</report>
			<report>
				<misses>760500001</misses>
				<total>0</total>
				<timestamp>4815.007019</timestamp>
			</report>
			<report>
				<misses>760600001</misses>
				<total>0</total>
				<timestamp>4815.621484</timestamp>
			</report>
			<report>
				<misses>760700001</misses>
				<total>0</total>
				<timestamp>4816.236533</timestamp>
			</report>
			<report>
				<misses>760800001</misses>
				<total>0</total>
				<timestamp>4816.853979</timestamp>
			</report>
			<report>
				<misses>760900001</misses>
				<total>0</total>
				<timestamp>4817.469055</timestamp>
			</report>
			<report>
				<misses>761000001</misses>
				<total>0</total>
				<timestamp>4818.084920</timestamp>
			</report>
			<report>
				<misses>761100001</misses>
				<total>0</total>
				<timestamp>4818.700407</timestamp>
			</report>
			<report>
				<misses>761200001</misses>
				<total>0</total>
				<timestamp>4819.316242</timestamp>
			</report>
			<report>
				<misses>761300001</misses>
				<total>0</total>
				<timestamp>4819.930795</timestamp>
			</report>
			<report>
				<misses>761400001</misses>
				<total>0</total>
				<timestamp>4820.545623</timestamp>
			</report>
			<report>
				<misses>761500001</misses>
				<total>0</total>
				<timestamp>4821.162561</timestamp>
			</report>
			<report>
				<misses>761600001</misses>
				<total>0</total>
				<timestamp>4821.777505</timestamp>
			</report>
			<report>
				<misses>761700001</misses>
				<total>0</total>
				<timestamp>4822.392604</timestamp>
			</report>
			<report>
				<misses>761800001</misses>
				<total>0</total>
				<timestamp>4823.014822</timestamp>
			</report>
			<report>
				<misses>761900001</misses>
				<total>0</total>
				<timestamp>4823.629994</timestamp>
			</report>
			<report>
				<misses>762000001</misses>
				<total>0</total>
				<timestamp>4824.262567</timestamp>
			</report>
			<report>
				<misses>762100001</misses>
				<total>0</total>
				<timestamp>4824.886184</timestamp>
			</report>
			<report>
				<misses>762200001</misses>
				<total>0</total>
				<timestamp>4825.500373</timestamp>
			</report>
			<report>
				<misses>762300001</misses>
				<total>0</total>
				<timestamp>4826.115133</timestamp>
			</report>
			<report>
				<misses>762400001</misses>
				<total>0</total>
				<timestamp>4826.728594</timestamp>
			</report>
			<report>
				<misses>762500001</misses>
				<total>0</total>
				<timestamp>4827.342569</timestamp>
			</report>
			<report>
				<misses>762600001</misses>
				<total>0</total>
				<timestamp>4827.958115</timestamp>
			</report>
			<report>
				<misses>762700001</misses>
				<total>0</total>
				<timestamp>4828.581147</timestamp>
			</report>
			<report>
				<misses>762800001</misses>
				<total>0</total>
				<timestamp>4829.208196</timestamp>
			</report>
			<report>
				<misses>762900001</misses>
				<total>0</total>
				<timestamp>4829.826022</timestamp>
			</report>
			<report>
				<misses>763000001</misses>
				<total>0</total>
				<timestamp>4830.441406</timestamp>
			</report>
			<report>
				<misses>763100001</misses>
				<total>0</total>
				<timestamp>4831.058521</timestamp>
			</report>
			<report>
				<misses>763200001</misses>
				<total>0</total>
				<timestamp>4831.673526</timestamp>
			</report>
			<report>
				<misses>763300001</misses>
				<total>0</total>
				<timestamp>4832.289596</timestamp>
			</report>
			<report>
				<misses>763400001</misses>
				<total>0</total>
				<timestamp>4832.906821</timestamp>
			</report>
			<report>
				<misses>763500001</misses>
				<total>0</total>
				<timestamp>4833.522391</timestamp>
			</report>
			<report>
				<misses>763600001</misses>
				<total>0</total>
				<timestamp>4834.139006</timestamp>
			</report>
			<report>
				<misses>763700001</misses>
				<total>0</total>
				<timestamp>4834.753996</timestamp>
			</report>
			<report>
				<misses>763800001</misses>
				<total>0</total>
				<timestamp>4835.371210</timestamp>
			</report>
			<report>
				<misses>763900001</misses>
				<total>0</total>
				<timestamp>4835.986917</timestamp>
			</report>
			<report>
				<misses>764000001</misses>
				<total>0</total>
				<timestamp>4836.600476</timestamp>
			</report>
			<report>
				<misses>764100001</misses>
				<total>0</total>
				<timestamp>4837.216264</timestamp>
			</report>
			<report>
				<misses>764200001</misses>
				<total>0</total>
				<timestamp>4837.838423</timestamp>
			</report>
			<report>
				<misses>764300001</misses>
				<total>0</total>
				<timestamp>4838.465066</timestamp>
			</report>
			<report>
				<misses>764400001</misses>
				<total>0</total>
				<timestamp>4839.079521</timestamp>
			</report>
			<report>
				<misses>764500001</misses>
				<total>0</total>
				<timestamp>4839.694675</timestamp>
			</report>
			<report>
				<misses>764600001</misses>
				<total>0</total>
				<timestamp>4840.308638</timestamp>
			</report>
			<report>
				<misses>764700001</misses>
				<total>0</total>
				<timestamp>4840.923265</timestamp>
			</report>
			<report>
				<misses>764800001</misses>
				<total>0</total>
				<timestamp>4841.536506</timestamp>
			</report>
			<report>
				<misses>764900001</misses>
				<total>0</total>
				<timestamp>4842.150389</timestamp>
			</report>
			<report>
				<misses>765000001</misses>
				<total>0</total>
				<timestamp>4842.764103</timestamp>
			</report>
			<report>
				<misses>765100001</misses>
				<total>0</total>
				<timestamp>4843.378522</timestamp>
			</report>
			<report>
				<misses>765200001</misses>
				<total>0</total>
				<timestamp>4843.992880</timestamp>
			</report>
			<report>
				<misses>765300001</misses>
				<total>0</total>
				<timestamp>4844.607344</timestamp>
			</report>
			<report>
				<misses>765400001</misses>
				<total>0</total>
				<timestamp>4845.224443</timestamp>
			</report>
			<report>
				<misses>765500001</misses>
				<total>0</total>
				<timestamp>4845.837749</timestamp>
			</report>
			<report>
				<misses>765600001</misses>
				<total>0</total>
				<timestamp>4846.452902</timestamp>
			</report>
			<report>
				<misses>765700001</misses>
				<total>0</total>
				<timestamp>4847.066659</timestamp>
			</report>
			<report>
				<misses>765800001</misses>
				<total>0</total>
				<timestamp>4847.680388</timestamp>
			</report>
			<report>
				<misses>765900001</misses>
				<total>0</total>
				<timestamp>4848.294997</timestamp>
			</report>
			<report>
				<misses>766000001</misses>
				<total>0</total>
				<timestamp>4848.909544</timestamp>
			</report>
			<report>
				<misses>766100001</misses>
				<total>0</total>
				<timestamp>4849.524496</timestamp>
			</report>
			<report>
				<misses>766200001</misses>
				<total>0</total>
				<timestamp>4850.141369</timestamp>
			</report>
			<report>
				<misses>766300001</misses>
				<total>0</total>
				<timestamp>4850.755545</timestamp>
			</report>
			<report>
				<misses>766400001</misses>
				<total>0</total>
				<timestamp>4851.369470</timestamp>
			</report>
			<report>
				<misses>766500001</misses>
				<total>0</total>
				<timestamp>4851.992103</timestamp>
			</report>
			<report>
				<misses>766600001</misses>
				<total>0</total>
				<timestamp>4852.606921</timestamp>
			</report>
			<report>
				<misses>766700001</misses>
				<total>0</total>
				<timestamp>4853.225018</timestamp>
			</report>
			<report>
				<misses>766800001</misses>
				<total>0</total>
				<timestamp>4853.838894</timestamp>
			</report>
			<report>
				<misses>766900001</misses>
				<total>0</total>
				<timestamp>4854.453818</timestamp>
			</report>
			<report>
				<misses>767000001</misses>
				<total>0</total>
				<timestamp>4855.072229</timestamp>
			</report>
			<report>
				<misses>767100001</misses>
				<total>0</total>
				<timestamp>4855.687257</timestamp>
			</report>
			<report>
				<misses>767200001</misses>
				<total>0</total>
				<timestamp>4856.313694</timestamp>
			</report>
			<report>
				<misses>767300001</misses>
				<total>0</total>
				<timestamp>4856.928107</timestamp>
			</report>
			<report>
				<misses>767400001</misses>
				<total>0</total>
				<timestamp>4857.542387</timestamp>
			</report>
			<report>
				<misses>767500001</misses>
				<total>0</total>
				<timestamp>4858.163889</timestamp>
			</report>
			<report>
				<misses>767600001</misses>
				<total>0</total>
				<timestamp>4858.780777</timestamp>
			</report>
			<report>
				<misses>767700001</misses>
				<total>0</total>
				<timestamp>4859.403396</timestamp>
			</report>
			<report>
				<misses>767800001</misses>
				<total>0</total>
				<timestamp>4860.017055</timestamp>
			</report>
			<report>
				<misses>767900001</misses>
				<total>0</total>
				<timestamp>4860.630406</timestamp>
			</report>
			<report>
				<misses>768000001</misses>
				<total>0</total>
				<timestamp>4861.264291</timestamp>
			</report>
			<report>
				<misses>768100001</misses>
				<total>0</total>
				<timestamp>4861.878584</timestamp>
			</report>
			<report>
				<misses>768200001</misses>
				<total>0</total>
				<timestamp>4862.492580</timestamp>
			</report>
			<report>
				<misses>768300001</misses>
				<total>0</total>
				<timestamp>4863.111412</timestamp>
			</report>
			<report>
				<misses>768400001</misses>
				<total>0</total>
				<timestamp>4863.725373</timestamp>
			</report>
			<report>
				<misses>768500001</misses>
				<total>0</total>
				<timestamp>4864.338940</timestamp>
			</report>
			<report>
				<misses>768600001</misses>
				<total>0</total>
				<timestamp>4864.952546</timestamp>
			</report>
			<report>
				<misses>768700001</misses>
				<total>0</total>
				<timestamp>4865.566334</timestamp>
			</report>
			<report>
				<misses>768800001</misses>
				<total>0</total>
				<timestamp>4866.180582</timestamp>
			</report>
			<report>
				<misses>768900001</misses>
				<total>0</total>
				<timestamp>4866.806336</timestamp>
			</report>
			<report>
				<misses>769000001</misses>
				<total>0</total>
				<timestamp>4867.438373</timestamp>
			</report>
			<report>
				<misses>769100001</misses>
				<total>0</total>
				<timestamp>4868.085869</timestamp>
			</report>
			<report>
				<misses>769200001</misses>
				<total>0</total>
				<timestamp>4868.701186</timestamp>
			</report>
			<report>
				<misses>769300001</misses>
				<total>0</total>
				<timestamp>4869.315536</timestamp>
			</report>
			<report>
				<misses>769400001</misses>
				<total>0</total>
				<timestamp>4869.936895</timestamp>
			</report>
			<report>
				<misses>769500001</misses>
				<total>0</total>
				<timestamp>4870.551073</timestamp>
			</report>
			<report>
				<misses>769600001</misses>
				<total>0</total>
				<timestamp>4871.164472</timestamp>
			</report>
			<report>
				<misses>769700001</misses>
				<total>0</total>
				<timestamp>4871.778006</timestamp>
			</report>
			<report>
				<misses>769800001</misses>
				<total>0</total>
				<timestamp>4872.391613</timestamp>
			</report>
			<report>
				<misses>769900001</misses>
				<total>0</total>
				<timestamp>4873.006378</timestamp>
			</report>
			<report>
				<misses>770000001</misses>
				<total>0</total>
				<timestamp>4873.620209</timestamp>
			</report>
			<report>
				<misses>770100001</misses>
				<total>0</total>
				<timestamp>4874.233827</timestamp>
			</report>
			<report>
				<misses>770200001</misses>
				<total>0</total>
				<timestamp>4874.847006</timestamp>
			</report>
			<report>
				<misses>770300001</misses>
				<total>0</total>
				<timestamp>4875.461254</timestamp>
			</report>
			<report>
				<misses>770400001</misses>
				<total>0</total>
				<timestamp>4876.074857</timestamp>
			</report>
			<report>
				<misses>770500001</misses>
				<total>0</total>
				<timestamp>4876.689223</timestamp>
			</report>
			<report>
				<misses>770600001</misses>
				<total>0</total>
				<timestamp>4877.302160</timestamp>
			</report>
			<report>
				<misses>770700001</misses>
				<total>0</total>
				<timestamp>4877.916041</timestamp>
			</report>
			<report>
				<misses>770800001</misses>
				<total>0</total>
				<timestamp>4878.529324</timestamp>
			</report>
			<report>
				<misses>770900001</misses>
				<total>0</total>
				<timestamp>4879.146818</timestamp>
			</report>
			<report>
				<misses>771000001</misses>
				<total>0</total>
				<timestamp>4879.764383</timestamp>
			</report>
			<report>
				<misses>771100001</misses>
				<total>0</total>
				<timestamp>4880.379371</timestamp>
			</report>
			<report>
				<misses>771200001</misses>
				<total>0</total>
				<timestamp>4880.994317</timestamp>
			</report>
			<report>
				<misses>771300001</misses>
				<total>0</total>
				<timestamp>4881.608616</timestamp>
			</report>
			<report>
				<misses>771400001</misses>
				<total>0</total>
				<timestamp>4882.223276</timestamp>
			</report>
			<report>
				<misses>771500001</misses>
				<total>0</total>
				<timestamp>4882.837979</timestamp>
			</report>
			<report>
				<misses>771600001</misses>
				<total>0</total>
				<timestamp>4883.453385</timestamp>
			</report>
			<report>
				<misses>771700001</misses>
				<total>0</total>
				<timestamp>4884.068656</timestamp>
			</report>
			<report>
				<misses>771800001</misses>
				<total>0</total>
				<timestamp>4884.684834</timestamp>
			</report>
			<report>
				<misses>771900001</misses>
				<total>0</total>
				<timestamp>4885.298368</timestamp>
			</report>
			<report>
				<misses>772000001</misses>
				<total>0</total>
				<timestamp>4885.911072</timestamp>
			</report>
			<report>
				<misses>772100001</misses>
				<total>0</total>
				<timestamp>4886.525813</timestamp>
			</report>
			<report>
				<misses>772200001</misses>
				<total>0</total>
				<timestamp>4887.140239</timestamp>
			</report>
			<report>
				<misses>772300001</misses>
				<total>0</total>
				<timestamp>4887.755416</timestamp>
			</report>
			<report>
				<misses>772400001</misses>
				<total>0</total>
				<timestamp>4888.369670</timestamp>
			</report>
			<report>
				<misses>772500001</misses>
				<total>0</total>
				<timestamp>4888.987875</timestamp>
			</report>
			<report>
				<misses>772600001</misses>
				<total>0</total>
				<timestamp>4889.601475</timestamp>
			</report>
			<report>
				<misses>772700001</misses>
				<total>0</total>
				<timestamp>4890.223292</timestamp>
			</report>
			<report>
				<misses>772800001</misses>
				<total>0</total>
				<timestamp>4890.836729</timestamp>
			</report>
			<report>
				<misses>772900001</misses>
				<total>0</total>
				<timestamp>4891.450450</timestamp>
			</report>
			<report>
				<misses>773000001</misses>
				<total>0</total>
				<timestamp>4892.067948</timestamp>
			</report>
			<report>
				<misses>773100001</misses>
				<total>0</total>
				<timestamp>4892.683113</timestamp>
			</report>
			<report>
				<misses>773200001</misses>
				<total>0</total>
				<timestamp>4893.301567</timestamp>
			</report>
			<report>
				<misses>773300001</misses>
				<total>0</total>
				<timestamp>4893.923848</timestamp>
			</report>
			<report>
				<misses>773400001</misses>
				<total>0</total>
				<timestamp>4894.537175</timestamp>
			</report>
			<report>
				<misses>773500001</misses>
				<total>0</total>
				<timestamp>4895.159423</timestamp>
			</report>
			<report>
				<misses>773600001</misses>
				<total>0</total>
				<timestamp>4895.772806</timestamp>
			</report>
			<report>
				<misses>773700001</misses>
				<total>0</total>
				<timestamp>4896.387869</timestamp>
			</report>
			<report>
				<misses>773800001</misses>
				<total>0</total>
				<timestamp>4897.004118</timestamp>
			</report>
			<report>
				<misses>773900001</misses>
				<total>0</total>
				<timestamp>4897.618013</timestamp>
			</report>
			<report>
				<misses>774000001</misses>
				<total>0</total>
				<timestamp>4898.241327</timestamp>
			</report>
			<report>
				<misses>774100001</misses>
				<total>0</total>
				<timestamp>4898.856887</timestamp>
			</report>
			<report>
				<misses>774200001</misses>
				<total>0</total>
				<timestamp>4899.470106</timestamp>
			</report>
			<report>
				<misses>774300001</misses>
				<total>0</total>
				<timestamp>4900.084162</timestamp>
			</report>
			<report>
				<misses>774400001</misses>
				<total>0</total>
				<timestamp>4900.699007</timestamp>
			</report>
			<report>
				<misses>774500001</misses>
				<total>0</total>
				<timestamp>4901.312715</timestamp>
			</report>
			<report>
				<misses>774600001</misses>
				<total>0</total>
				<timestamp>4901.926560</timestamp>
			</report>
			<report>
				<misses>774700001</misses>
				<total>0</total>
				<timestamp>4902.540568</timestamp>
			</report>
			<report>
				<misses>774800001</misses>
				<total>0</total>
				<timestamp>4903.154270</timestamp>
			</report>
			<report>
				<misses>774900001</misses>
				<total>0</total>
				<timestamp>4903.769226</timestamp>
			</report>
			<report>
				<misses>775000001</misses>
				<total>0</total>
				<timestamp>4904.384002</timestamp>
			</report>
			<report>
				<misses>775100001</misses>
				<total>0</total>
				<timestamp>4904.998231</timestamp>
			</report>
			<report>
				<misses>775200001</misses>
				<total>0</total>
				<timestamp>4905.612084</timestamp>
			</report>
			<report>
				<misses>775300001</misses>
				<total>0</total>
				<timestamp>4906.226106</timestamp>
			</report>
			<report>
				<misses>775400001</misses>
				<total>0</total>
				<timestamp>4906.840591</timestamp>
			</report>
			<report>
				<misses>775500001</misses>
				<total>0</total>
				<timestamp>4907.454847</timestamp>
			</report>
			<report>
				<misses>775600001</misses>
				<total>0</total>
				<timestamp>4908.069230</timestamp>
			</report>
			<report>
				<misses>775700001</misses>
				<total>0</total>
				<timestamp>4908.683348</timestamp>
			</report>
			<report>
				<misses>775800001</misses>
				<total>0</total>
				<timestamp>4909.297343</timestamp>
			</report>
			<report>
				<misses>775900001</misses>
				<total>0</total>
				<timestamp>4909.917442</timestamp>
			</report>
			<report>
				<misses>776000001</misses>
				<total>0</total>
				<timestamp>4910.530900</timestamp>
			</report>
			<report>
				<misses>776100001</misses>
				<total>0</total>
				<timestamp>4911.144062</timestamp>
			</report>
			<report>
				<misses>776200001</misses>
				<total>0</total>
				<timestamp>4911.757746</timestamp>
			</report>
			<report>
				<misses>776300001</misses>
				<total>0</total>
				<timestamp>4912.372002</timestamp>
			</report>
			<report>
				<misses>776400001</misses>
				<total>0</total>
				<timestamp>4912.986336</timestamp>
			</report>
			<report>
				<misses>776500001</misses>
				<total>0</total>
				<timestamp>4913.600176</timestamp>
			</report>
			<report>
				<misses>776600001</misses>
				<total>0</total>
				<timestamp>4914.214033</timestamp>
			</report>
			<report>
				<misses>776700001</misses>
				<total>0</total>
				<timestamp>4914.828398</timestamp>
			</report>
			<report>
				<misses>776800001</misses>
				<total>0</total>
				<timestamp>4915.442990</timestamp>
			</report>
			<report>
				<misses>776900001</misses>
				<total>0</total>
				<timestamp>4916.057473</timestamp>
			</report>
			<report>
				<misses>777000001</misses>
				<total>0</total>
				<timestamp>4916.670852</timestamp>
			</report>
			<report>
				<misses>777100001</misses>
				<total>0</total>
				<timestamp>4917.285723</timestamp>
			</report>
			<report>
				<misses>777200001</misses>
				<total>0</total>
				<timestamp>4917.899601</timestamp>
			</report>
			<report>
				<misses>777300001</misses>
				<total>0</total>
				<timestamp>4918.512851</timestamp>
			</report>
			<report>
				<misses>777400001</misses>
				<total>0</total>
				<timestamp>4919.126763</timestamp>
			</report>
			<report>
				<misses>777500001</misses>
				<total>0</total>
				<timestamp>4919.740500</timestamp>
			</report>
			<report>
				<misses>777600001</misses>
				<total>0</total>
				<timestamp>4920.354644</timestamp>
			</report>
			<report>
				<misses>777700001</misses>
				<total>0</total>
				<timestamp>4920.972738</timestamp>
			</report>
			<report>
				<misses>777800001</misses>
				<total>0</total>
				<timestamp>4921.586147</timestamp>
			</report>
			<report>
				<misses>777900001</misses>
				<total>0</total>
				<timestamp>4922.204952</timestamp>
			</report>
			<report>
				<misses>778000001</misses>
				<total>0</total>
				<timestamp>4922.818391</timestamp>
			</report>
			<report>
				<misses>778100001</misses>
				<total>0</total>
				<timestamp>4923.432409</timestamp>
			</report>
			<report>
				<misses>778200001</misses>
				<total>0</total>
				<timestamp>4924.049666</timestamp>
			</report>
			<report>
				<misses>778300001</misses>
				<total>0</total>
				<timestamp>4924.663427</timestamp>
			</report>
			<report>
				<misses>778400001</misses>
				<total>0</total>
				<timestamp>4925.277987</timestamp>
			</report>
			<report>
				<misses>778500001</misses>
				<total>0</total>
				<timestamp>4925.895330</timestamp>
			</report>
			<report>
				<misses>778600001</misses>
				<total>0</total>
				<timestamp>4926.509706</timestamp>
			</report>
			<report>
				<misses>778700001</misses>
				<total>0</total>
				<timestamp>4927.124211</timestamp>
			</report>
			<report>
				<misses>778800001</misses>
				<total>0</total>
				<timestamp>4927.737346</timestamp>
			</report>
			<report>
				<misses>778900001</misses>
				<total>0</total>
				<timestamp>4928.352600</timestamp>
			</report>
			<report>
				<misses>779000001</misses>
				<total>0</total>
				<timestamp>4928.968270</timestamp>
			</report>
			<report>
				<misses>779100001</misses>
				<total>0</total>
				<timestamp>4929.583921</timestamp>
			</report>
			<report>
				<misses>779200001</misses>
				<total>0</total>
				<timestamp>4930.201137</timestamp>
			</report>
			<report>
				<misses>779300001</misses>
				<total>0</total>
				<timestamp>4930.816394</timestamp>
			</report>
			<report>
				<misses>779400001</misses>
				<total>0</total>
				<timestamp>4931.431863</timestamp>
			</report>
			<report>
				<misses>779500001</misses>
				<total>0</total>
				<timestamp>4932.047008</timestamp>
			</report>
			<report>
				<misses>779600001</misses>
				<total>0</total>
				<timestamp>4932.661923</timestamp>
			</report>
			<report>
				<misses>779700001</misses>
				<total>0</total>
				<timestamp>4933.284810</timestamp>
			</report>
			<report>
				<misses>779800001</misses>
				<total>0</total>
				<timestamp>4933.897821</timestamp>
			</report>
			<report>
				<misses>779900001</misses>
				<total>0</total>
				<timestamp>4934.512019</timestamp>
			</report>
			<report>
				<misses>780000001</misses>
				<total>0</total>
				<timestamp>4935.141591</timestamp>
			</report>
			<report>
				<misses>780100001</misses>
				<total>0</total>
				<timestamp>4935.756612</timestamp>
			</report>
			<report>
				<misses>780200001</misses>
				<total>0</total>
				<timestamp>4936.369937</timestamp>
			</report>
			<report>
				<misses>780300001</misses>
				<total>0</total>
				<timestamp>4936.982701</timestamp>
			</report>
			<report>
				<misses>780400001</misses>
				<total>0</total>
				<timestamp>4937.595984</timestamp>
			</report>
			<report>
				<misses>780500001</misses>
				<total>0</total>
				<timestamp>4938.208409</timestamp>
			</report>
			<report>
				<misses>780600001</misses>
				<total>0</total>
				<timestamp>4938.827884</timestamp>
			</report>
			<report>
				<misses>780700001</misses>
				<total>0</total>
				<timestamp>4939.445487</timestamp>
			</report>
			<report>
				<misses>780800001</misses>
				<total>0</total>
				<timestamp>4940.059039</timestamp>
			</report>
			<report>
				<misses>780900001</misses>
				<total>0</total>
				<timestamp>4940.672644</timestamp>
			</report>
			<report>
				<misses>781000001</misses>
				<total>0</total>
				<timestamp>4941.287403</timestamp>
			</report>
			<report>
				<misses>781100001</misses>
				<total>0</total>
				<timestamp>4941.900966</timestamp>
			</report>
			<report>
				<misses>781200001</misses>
				<total>0</total>
				<timestamp>4942.513952</timestamp>
			</report>
			<report>
				<misses>781300001</misses>
				<total>0</total>
				<timestamp>4943.130065</timestamp>
			</report>
			<report>
				<misses>781400001</misses>
				<total>0</total>
				<timestamp>4943.744164</timestamp>
			</report>
			<report>
				<misses>781500001</misses>
				<total>0</total>
				<timestamp>4944.358119</timestamp>
			</report>
			<report>
				<misses>781600001</misses>
				<total>0</total>
				<timestamp>4944.971966</timestamp>
			</report>
			<report>
				<misses>781700001</misses>
				<total>0</total>
				<timestamp>4945.585780</timestamp>
			</report>
			<report>
				<misses>781800001</misses>
				<total>0</total>
				<timestamp>4946.206199</timestamp>
			</report>
			<report>
				<misses>781900001</misses>
				<total>0</total>
				<timestamp>4946.820310</timestamp>
			</report>
			<report>
				<misses>782000001</misses>
				<total>0</total>
				<timestamp>4947.433306</timestamp>
			</report>
			<report>
				<misses>782100001</misses>
				<total>0</total>
				<timestamp>4948.046838</timestamp>
			</report>
			<report>
				<misses>782200001</misses>
				<total>0</total>
				<timestamp>4948.664043</timestamp>
			</report>
			<report>
				<misses>782300001</misses>
				<total>0</total>
				<timestamp>4949.285043</timestamp>
			</report>
			<report>
				<misses>782400001</misses>
				<total>0</total>
				<timestamp>4949.898984</timestamp>
			</report>
			<report>
				<misses>782500001</misses>
				<total>0</total>
				<timestamp>4950.512455</timestamp>
			</report>
			<report>
				<misses>782600001</misses>
				<total>0</total>
				<timestamp>4951.125761</timestamp>
			</report>
			<report>
				<misses>782700001</misses>
				<total>0</total>
				<timestamp>4951.739221</timestamp>
			</report>
			<report>
				<misses>782800001</misses>
				<total>0</total>
				<timestamp>4952.351831</timestamp>
			</report>
			<report>
				<misses>782900001</misses>
				<total>0</total>
				<timestamp>4952.965713</timestamp>
			</report>
			<report>
				<misses>783000001</misses>
				<total>0</total>
				<timestamp>4953.579201</timestamp>
			</report>
			<report>
				<misses>783100001</misses>
				<total>0</total>
				<timestamp>4954.193225</timestamp>
			</report>
			<report>
				<misses>783200001</misses>
				<total>0</total>
				<timestamp>4954.806212</timestamp>
			</report>
			<report>
				<misses>783300001</misses>
				<total>0</total>
				<timestamp>4955.418768</timestamp>
			</report>
			<report>
				<misses>783400001</misses>
				<total>0</total>
				<timestamp>4956.031250</timestamp>
			</report>
			<report>
				<misses>783500001</misses>
				<total>0</total>
				<timestamp>4956.644446</timestamp>
			</report>
			<report>
				<misses>783600001</misses>
				<total>0</total>
				<timestamp>4957.257990</timestamp>
			</report>
			<report>
				<misses>783700001</misses>
				<total>0</total>
				<timestamp>4957.870507</timestamp>
			</report>
			<report>
				<misses>783800001</misses>
				<total>0</total>
				<timestamp>4958.483293</timestamp>
			</report>
			<report>
				<misses>783900001</misses>
				<total>0</total>
				<timestamp>4959.096916</timestamp>
			</report>
			<report>
				<misses>784000001</misses>
				<total>0</total>
				<timestamp>4959.711088</timestamp>
			</report>
			<report>
				<misses>784100001</misses>
				<total>0</total>
				<timestamp>4960.348425</timestamp>
			</report>
			<report>
				<misses>784200001</misses>
				<total>0</total>
				<timestamp>4960.961309</timestamp>
			</report>
			<report>
				<misses>784300001</misses>
				<total>0</total>
				<timestamp>4961.575212</timestamp>
			</report>
			<report>
				<misses>784400001</misses>
				<total>0</total>
				<timestamp>4962.188224</timestamp>
			</report>
			<report>
				<misses>784500001</misses>
				<total>0</total>
				<timestamp>4962.833934</timestamp>
			</report>
			<report>
				<misses>784600001</misses>
				<total>0</total>
				<timestamp>4963.447296</timestamp>
			</report>
			<report>
				<misses>784700001</misses>
				<total>0</total>
				<timestamp>4964.060383</timestamp>
			</report>
			<report>
				<misses>784800001</misses>
				<total>0</total>
				<timestamp>4964.674327</timestamp>
			</report>
			<report>
				<misses>784900001</misses>
				<total>0</total>
				<timestamp>4965.288154</timestamp>
			</report>
			<report>
				<misses>785000001</misses>
				<total>0</total>
				<timestamp>4965.901455</timestamp>
			</report>
			<report>
				<misses>785100001</misses>
				<total>0</total>
				<timestamp>4966.515883</timestamp>
			</report>
			<report>
				<misses>785200001</misses>
				<total>0</total>
				<timestamp>4967.129827</timestamp>
			</report>
			<report>
				<misses>785300001</misses>
				<total>0</total>
				<timestamp>4967.743951</timestamp>
			</report>
			<report>
				<misses>785400001</misses>
				<total>0</total>
				<timestamp>4968.358570</timestamp>
			</report>
			<report>
				<misses>785500001</misses>
				<total>0</total>
				<timestamp>4968.972639</timestamp>
			</report>
			<report>
				<misses>785600001</misses>
				<total>0</total>
				<timestamp>4969.585805</timestamp>
			</report>
			<report>
				<misses>785700001</misses>
				<total>0</total>
				<timestamp>4970.205792</timestamp>
			</report>
			<report>
				<misses>785800001</misses>
				<total>0</total>
				<timestamp>4970.818621</timestamp>
			</report>
			<report>
				<misses>785900001</misses>
				<total>0</total>
				<timestamp>4971.432047</timestamp>
			</report>
			<report>
				<misses>786000001</misses>
				<total>0</total>
				<timestamp>4972.046011</timestamp>
			</report>
			<report>
				<misses>786100001</misses>
				<total>0</total>
				<timestamp>4972.659740</timestamp>
			</report>
			<report>
				<misses>786200001</misses>
				<total>0</total>
				<timestamp>4973.274254</timestamp>
			</report>
			<report>
				<misses>786300001</misses>
				<total>0</total>
				<timestamp>4973.886981</timestamp>
			</report>
			<report>
				<misses>786400001</misses>
				<total>0</total>
				<timestamp>4974.501211</timestamp>
			</report>
			<report>
				<misses>786500001</misses>
				<total>0</total>
				<timestamp>4975.114189</timestamp>
			</report>
			<report>
				<misses>786600001</misses>
				<total>0</total>
				<timestamp>4975.730112</timestamp>
			</report>
			<report>
				<misses>786700001</misses>
				<total>0</total>
				<timestamp>4976.344327</timestamp>
			</report>
			<report>
				<misses>786800001</misses>
				<total>0</total>
				<timestamp>4976.957761</timestamp>
			</report>
			<report>
				<misses>786900001</misses>
				<total>0</total>
				<timestamp>4977.572558</timestamp>
			</report>
			<report>
				<misses>787000001</misses>
				<total>0</total>
				<timestamp>4978.199873</timestamp>
			</report>
			<report>
				<misses>787100001</misses>
				<total>0</total>
				<timestamp>4978.817447</timestamp>
			</report>
			<report>
				<misses>787200001</misses>
				<total>0</total>
				<timestamp>4979.432901</timestamp>
			</report>
			<report>
				<misses>787300001</misses>
				<total>0</total>
				<timestamp>4980.047740</timestamp>
			</report>
			<report>
				<misses>787400001</misses>
				<total>0</total>
				<timestamp>4980.663383</timestamp>
			</report>
			<report>
				<misses>787500001</misses>
				<total>0</total>
				<timestamp>4981.279382</timestamp>
			</report>
			<report>
				<misses>787600001</misses>
				<total>0</total>
				<timestamp>4981.895196</timestamp>
			</report>
			<report>
				<misses>787700001</misses>
				<total>0</total>
				<timestamp>4982.510656</timestamp>
			</report>
			<report>
				<misses>787800001</misses>
				<total>0</total>
				<timestamp>4983.141770</timestamp>
			</report>
			<report>
				<misses>787900001</misses>
				<total>0</total>
				<timestamp>4983.754973</timestamp>
			</report>
			<report>
				<misses>788000001</misses>
				<total>0</total>
				<timestamp>4984.369725</timestamp>
			</report>
			<report>
				<misses>788100001</misses>
				<total>0</total>
				<timestamp>4984.994118</timestamp>
			</report>
			<report>
				<misses>788200001</misses>
				<total>0</total>
				<timestamp>4985.608339</timestamp>
			</report>
			<report>
				<misses>788300001</misses>
				<total>0</total>
				<timestamp>4986.226785</timestamp>
			</report>
			<report>
				<misses>788400001</misses>
				<total>0</total>
				<timestamp>4986.842278</timestamp>
			</report>
			<report>
				<misses>788500001</misses>
				<total>0</total>
				<timestamp>4987.456975</timestamp>
			</report>
			<report>
				<misses>788600001</misses>
				<total>0</total>
				<timestamp>4988.070896</timestamp>
			</report>
			<report>
				<misses>788700001</misses>
				<total>0</total>
				<timestamp>4988.686220</timestamp>
			</report>
			<report>
				<misses>788800001</misses>
				<total>0</total>
				<timestamp>4989.301443</timestamp>
			</report>
			<report>
				<misses>788900001</misses>
				<total>0</total>
				<timestamp>4989.930960</timestamp>
			</report>
			<report>
				<misses>789000001</misses>
				<total>0</total>
				<timestamp>4990.557600</timestamp>
			</report>
			<report>
				<misses>789100001</misses>
				<total>0</total>
				<timestamp>4991.171316</timestamp>
			</report>
			<report>
				<misses>789200001</misses>
				<total>0</total>
				<timestamp>4991.786624</timestamp>
			</report>
			<report>
				<misses>789300001</misses>
				<total>0</total>
				<timestamp>4992.400889</timestamp>
			</report>
			<report>
				<misses>789400001</misses>
				<total>0</total>
				<timestamp>4993.014917</timestamp>
			</report>
			<report>
				<misses>789500001</misses>
				<total>0</total>
				<timestamp>4993.628761</timestamp>
			</report>
			<report>
				<misses>789600001</misses>
				<total>0</total>
				<timestamp>4994.252159</timestamp>
			</report>
			<report>
				<misses>789700001</misses>
				<total>0</total>
				<timestamp>4994.867194</timestamp>
			</report>
			<report>
				<misses>789800001</misses>
				<total>0</total>
				<timestamp>4995.482346</timestamp>
			</report>
			<report>
				<misses>789900001</misses>
				<total>0</total>
				<timestamp>4996.097430</timestamp>
			</report>
			<report>
				<misses>790000001</misses>
				<total>0</total>
				<timestamp>4996.712276</timestamp>
			</report>
			<report>
				<misses>790100001</misses>
				<total>0</total>
				<timestamp>4997.326604</timestamp>
			</report>
			<report>
				<misses>790200001</misses>
				<total>0</total>
				<timestamp>4997.952903</timestamp>
			</report>
			<report>
				<misses>790300001</misses>
				<total>0</total>
				<timestamp>4998.567362</timestamp>
			</report>
			<report>
				<misses>790400001</misses>
				<total>0</total>
				<timestamp>4999.182158</timestamp>
			</report>
			<report>
				<misses>790500001</misses>
				<total>0</total>
				<timestamp>4999.797436</timestamp>
			</report>
			<report>
				<misses>790600001</misses>
				<total>0</total>
				<timestamp>5000.410454</timestamp>
			</report>
			<report>
				<misses>790700001</misses>
				<total>0</total>
				<timestamp>5001.025353</timestamp>
			</report>
			<report>
				<misses>790800001</misses>
				<total>0</total>
				<timestamp>5001.639110</timestamp>
			</report>
			<report>
				<misses>790900001</misses>
				<total>0</total>
				<timestamp>5002.253513</timestamp>
			</report>
			<report>
				<misses>791000001</misses>
				<total>0</total>
				<timestamp>5002.878464</timestamp>
			</report>
			<report>
				<misses>791100001</misses>
				<total>0</total>
				<timestamp>5003.492660</timestamp>
			</report>
			<report>
				<misses>791200001</misses>
				<total>0</total>
				<timestamp>5004.107561</timestamp>
			</report>
			<report>
				<misses>791300001</misses>
				<total>0</total>
				<timestamp>5004.722656</timestamp>
			</report>
			<report>
				<misses>791400001</misses>
				<total>0</total>
				<timestamp>5005.337438</timestamp>
			</report>
			<report>
				<misses>791500001</misses>
				<total>0</total>
				<timestamp>5005.950986</timestamp>
			</report>
			<report>
				<misses>791600001</misses>
				<total>0</total>
				<timestamp>5006.564659</timestamp>
			</report>
			<report>
				<misses>791700001</misses>
				<total>0</total>
				<timestamp>5007.198792</timestamp>
			</report>
			<report>
				<misses>791800001</misses>
				<total>0</total>
				<timestamp>5007.812893</timestamp>
			</report>
			<report>
				<misses>791900001</misses>
				<total>0</total>
				<timestamp>5008.427949</timestamp>
			</report>
			<report>
				<misses>792000001</misses>
				<total>0</total>
				<timestamp>5009.042419</timestamp>
			</report>
			<report>
				<misses>792100001</misses>
				<total>0</total>
				<timestamp>5009.656184</timestamp>
			</report>
			<report>
				<misses>792200001</misses>
				<total>0</total>
				<timestamp>5010.269992</timestamp>
			</report>
			<report>
				<misses>792300001</misses>
				<total>0</total>
				<timestamp>5010.896508</timestamp>
			</report>
			<report>
				<misses>792400001</misses>
				<total>0</total>
				<timestamp>5011.511425</timestamp>
			</report>
			<report>
				<misses>792500001</misses>
				<total>0</total>
				<timestamp>5012.126144</timestamp>
			</report>
			<report>
				<misses>792600001</misses>
				<total>0</total>
				<timestamp>5012.740184</timestamp>
			</report>
			<report>
				<misses>792700001</misses>
				<total>0</total>
				<timestamp>5013.354193</timestamp>
			</report>
			<report>
				<misses>792800001</misses>
				<total>0</total>
				<timestamp>5013.968816</timestamp>
			</report>
			<report>
				<misses>792900001</misses>
				<total>0</total>
				<timestamp>5014.582627</timestamp>
			</report>
			<report>
				<misses>793000001</misses>
				<total>0</total>
				<timestamp>5015.196476</timestamp>
			</report>
			<report>
				<misses>793100001</misses>
				<total>0</total>
				<timestamp>5015.811333</timestamp>
			</report>
			<report>
				<misses>793200001</misses>
				<total>0</total>
				<timestamp>5016.426014</timestamp>
			</report>
			<report>
				<misses>793300001</misses>
				<total>0</total>
				<timestamp>5017.040985</timestamp>
			</report>
			<report>
				<misses>793400001</misses>
				<total>0</total>
				<timestamp>5017.654479</timestamp>
			</report>
			<report>
				<misses>793500001</misses>
				<total>0</total>
				<timestamp>5018.269218</timestamp>
			</report>
			<report>
				<misses>793600001</misses>
				<total>0</total>
				<timestamp>5018.884429</timestamp>
			</report>
			<report>
				<misses>793700001</misses>
				<total>0</total>
				<timestamp>5019.498404</timestamp>
			</report>
			<report>
				<misses>793800001</misses>
				<total>0</total>
				<timestamp>5020.116441</timestamp>
			</report>
			<report>
				<misses>793900001</misses>
				<total>0</total>
				<timestamp>5020.734558</timestamp>
			</report>
			<report>
				<misses>794000001</misses>
				<total>0</total>
				<timestamp>5021.349487</timestamp>
			</report>
			<report>
				<misses>794100001</misses>
				<total>0</total>
				<timestamp>5021.969506</timestamp>
			</report>
			<report>
				<misses>794200001</misses>
				<total>0</total>
				<timestamp>5022.583002</timestamp>
			</report>
			<report>
				<misses>794300001</misses>
				<total>0</total>
				<timestamp>5023.211062</timestamp>
			</report>
			<report>
				<misses>794400001</misses>
				<total>0</total>
				<timestamp>5023.825217</timestamp>
			</report>
			<report>
				<misses>794500001</misses>
				<total>0</total>
				<timestamp>5024.439503</timestamp>
			</report>
			<report>
				<misses>794600001</misses>
				<total>0</total>
				<timestamp>5025.058227</timestamp>
			</report>
			<report>
				<misses>794700001</misses>
				<total>0</total>
				<timestamp>5025.672060</timestamp>
			</report>
			<report>
				<misses>794800001</misses>
				<total>0</total>
				<timestamp>5026.285558</timestamp>
			</report>
			<report>
				<misses>794900001</misses>
				<total>0</total>
				<timestamp>5026.900293</timestamp>
			</report>
			<report>
				<misses>795000001</misses>
				<total>0</total>
				<timestamp>5027.516127</timestamp>
			</report>
			<report>
				<misses>795100001</misses>
				<total>0</total>
				<timestamp>5028.134507</timestamp>
			</report>
			<report>
				<misses>795200001</misses>
				<total>0</total>
				<timestamp>5028.754791</timestamp>
			</report>
			<report>
				<misses>795300001</misses>
				<total>0</total>
				<timestamp>5029.369274</timestamp>
			</report>
			<report>
				<misses>795400001</misses>
				<total>0</total>
				<timestamp>5029.985529</timestamp>
			</report>
			<report>
				<misses>795500001</misses>
				<total>0</total>
				<timestamp>5030.601484</timestamp>
			</report>
			<report>
				<misses>795600001</misses>
				<total>0</total>
				<timestamp>5031.226000</timestamp>
			</report>
			<report>
				<misses>795700001</misses>
				<total>0</total>
				<timestamp>5031.840179</timestamp>
			</report>
			<report>
				<misses>795800001</misses>
				<total>0</total>
				<timestamp>5032.453064</timestamp>
			</report>
			<report>
				<misses>795900001</misses>
				<total>0</total>
				<timestamp>5033.066696</timestamp>
			</report>
			<report>
				<misses>796000001</misses>
				<total>0</total>
				<timestamp>5033.680162</timestamp>
			</report>
			<report>
				<misses>796100001</misses>
				<total>0</total>
				<timestamp>5034.305831</timestamp>
			</report>
			<report>
				<misses>796200001</misses>
				<total>0</total>
				<timestamp>5034.919675</timestamp>
			</report>
			<report>
				<misses>796300001</misses>
				<total>0</total>
				<timestamp>5035.535132</timestamp>
			</report>
			<report>
				<misses>796400001</misses>
				<total>0</total>
				<timestamp>5036.150079</timestamp>
			</report>
			<report>
				<misses>796500001</misses>
				<total>0</total>
				<timestamp>5036.765497</timestamp>
			</report>
			<report>
				<misses>796600001</misses>
				<total>0</total>
				<timestamp>5037.379620</timestamp>
			</report>
			<report>
				<misses>796700001</misses>
				<total>0</total>
				<timestamp>5037.993710</timestamp>
			</report>
			<report>
				<misses>796800001</misses>
				<total>0</total>
				<timestamp>5038.608595</timestamp>
			</report>
			<report>
				<misses>796900001</misses>
				<total>0</total>
				<timestamp>5039.222746</timestamp>
			</report>
			<report>
				<misses>797000001</misses>
				<total>0</total>
				<timestamp>5039.837223</timestamp>
			</report>
			<report>
				<misses>797100001</misses>
				<total>0</total>
				<timestamp>5040.451382</timestamp>
			</report>
			<report>
				<misses>797200001</misses>
				<total>0</total>
				<timestamp>5041.081251</timestamp>
			</report>
			<report>
				<misses>797300001</misses>
				<total>0</total>
				<timestamp>5041.695096</timestamp>
			</report>
			<report>
				<misses>797400001</misses>
				<total>0</total>
				<timestamp>5042.309662</timestamp>
			</report>
			<report>
				<misses>797500001</misses>
				<total>0</total>
				<timestamp>5042.923955</timestamp>
			</report>
			<report>
				<misses>797600001</misses>
				<total>0</total>
				<timestamp>5043.537832</timestamp>
			</report>
			<report>
				<misses>797700001</misses>
				<total>0</total>
				<timestamp>5044.155621</timestamp>
			</report>
			<report>
				<misses>797800001</misses>
				<total>0</total>
				<timestamp>5044.768927</timestamp>
			</report>
			<report>
				<misses>797900001</misses>
				<total>0</total>
				<timestamp>5045.383402</timestamp>
			</report>
			<report>
				<misses>798000001</misses>
				<total>0</total>
				<timestamp>5045.997380</timestamp>
			</report>
			<report>
				<misses>798100001</misses>
				<total>0</total>
				<timestamp>5046.611384</timestamp>
			</report>
			<report>
				<misses>798200001</misses>
				<total>0</total>
				<timestamp>5047.232523</timestamp>
			</report>
			<report>
				<misses>798300001</misses>
				<total>0</total>
				<timestamp>5047.846672</timestamp>
			</report>
			<report>
				<misses>798400001</misses>
				<total>0</total>
				<timestamp>5048.459485</timestamp>
			</report>
			<report>
				<misses>798500001</misses>
				<total>0</total>
				<timestamp>5049.073925</timestamp>
			</report>
			<report>
				<misses>798600001</misses>
				<total>0</total>
				<timestamp>5049.688931</timestamp>
			</report>
			<report>
				<misses>798700001</misses>
				<total>0</total>
				<timestamp>5050.303997</timestamp>
			</report>
			<report>
				<misses>798800001</misses>
				<total>0</total>
				<timestamp>5050.917521</timestamp>
			</report>
			<report>
				<misses>798900001</misses>
				<total>0</total>
				<timestamp>5051.532893</timestamp>
			</report>
			<report>
				<misses>799000001</misses>
				<total>0</total>
				<timestamp>5052.155492</timestamp>
			</report>
			<report>
				<misses>799100001</misses>
				<total>0</total>
				<timestamp>5052.770443</timestamp>
			</report>
			<report>
				<misses>799200001</misses>
				<total>0</total>
				<timestamp>5053.384743</timestamp>
			</report>
			<report>
				<misses>799300001</misses>
				<total>0</total>
				<timestamp>5054.010772</timestamp>
			</report>
			<report>
				<misses>799400001</misses>
				<total>0</total>
				<timestamp>5054.624862</timestamp>
			</report>
			<report>
				<misses>799500001</misses>
				<total>0</total>
				<timestamp>5055.238515</timestamp>
			</report>
			<report>
				<misses>799600001</misses>
				<total>0</total>
				<timestamp>5055.853912</timestamp>
			</report>
			<report>
				<misses>799700001</misses>
				<total>0</total>
				<timestamp>5056.468854</timestamp>
			</report>
			<report>
				<misses>799800001</misses>
				<total>0</total>
				<timestamp>5057.083299</timestamp>
			</report>
			<report>
				<misses>799900001</misses>
				<total>0</total>
				<timestamp>5057.696711</timestamp>
			</report>
			<report>
				<misses>800000001</misses>
				<total>0</total>
				<timestamp>5058.317086</timestamp>
			</report>
			<report>
				<misses>800100001</misses>
				<total>0</total>
				<timestamp>5058.932323</timestamp>
			</report>
			<report>
				<misses>800200001</misses>
				<total>0</total>
				<timestamp>5059.547190</timestamp>
			</report>
			<report>
				<misses>800300001</misses>
				<total>0</total>
				<timestamp>5060.164604</timestamp>
			</report>
			<report>
				<misses>800400001</misses>
				<total>0</total>
				<timestamp>5060.778366</timestamp>
			</report>
			<report>
				<misses>800500001</misses>
				<total>0</total>
				<timestamp>5061.392255</timestamp>
			</report>
			<report>
				<misses>800600001</misses>
				<total>0</total>
				<timestamp>5062.005999</timestamp>
			</report>
			<report>
				<misses>800700001</misses>
				<total>0</total>
				<timestamp>5062.619858</timestamp>
			</report>
			<report>
				<misses>800800001</misses>
				<total>0</total>
				<timestamp>5063.242908</timestamp>
			</report>
			<report>
				<misses>800900001</misses>
				<total>0</total>
				<timestamp>5063.857584</timestamp>
			</report>
			<report>
				<misses>801000001</misses>
				<total>0</total>
				<timestamp>5064.470502</timestamp>
			</report>
			<report>
				<misses>801100001</misses>
				<total>0</total>
				<timestamp>5065.083952</timestamp>
			</report>
			<report>
				<misses>801200001</misses>
				<total>0</total>
				<timestamp>5065.697086</timestamp>
			</report>
			<report>
				<misses>801300001</misses>
				<total>0</total>
				<timestamp>5066.314309</timestamp>
			</report>
			<report>
				<misses>801400001</misses>
				<total>0</total>
				<timestamp>5066.927608</timestamp>
			</report>
			<report>
				<misses>801500001</misses>
				<total>0</total>
				<timestamp>5067.541599</timestamp>
			</report>
			<report>
				<misses>801600001</misses>
				<total>0</total>
				<timestamp>5068.157365</timestamp>
			</report>
			<report>
				<misses>801700001</misses>
				<total>0</total>
				<timestamp>5068.774827</timestamp>
			</report>
			<report>
				<misses>801800001</misses>
				<total>0</total>
				<timestamp>5069.388647</timestamp>
			</report>
			<report>
				<misses>801900001</misses>
				<total>0</total>
				<timestamp>5070.002804</timestamp>
			</report>
			<report>
				<misses>802000001</misses>
				<total>0</total>
				<timestamp>5070.617663</timestamp>
			</report>
			<report>
				<misses>802100001</misses>
				<total>0</total>
				<timestamp>5071.232739</timestamp>
			</report>
			<report>
				<misses>802200001</misses>
				<total>0</total>
				<timestamp>5071.846168</timestamp>
			</report>
			<report>
				<misses>802300001</misses>
				<total>0</total>
				<timestamp>5072.459670</timestamp>
			</report>
			<report>
				<misses>802400001</misses>
				<total>0</total>
				<timestamp>5073.073977</timestamp>
			</report>
			<report>
				<misses>802500001</misses>
				<total>0</total>
				<timestamp>5073.689019</timestamp>
			</report>
			<report>
				<misses>802600001</misses>
				<total>0</total>
				<timestamp>5074.307190</timestamp>
			</report>
			<report>
				<misses>802700001</misses>
				<total>0</total>
				<timestamp>5074.933073</timestamp>
			</report>
			<report>
				<misses>802800001</misses>
				<total>0</total>
				<timestamp>5075.548164</timestamp>
			</report>
			<report>
				<misses>802900001</misses>
				<total>0</total>
				<timestamp>5076.182212</timestamp>
			</report>
			<report>
				<misses>803000001</misses>
				<total>0</total>
				<timestamp>5076.800286</timestamp>
			</report>
			<report>
				<misses>803100001</misses>
				<total>0</total>
				<timestamp>5077.418510</timestamp>
			</report>
			<report>
				<misses>803200001</misses>
				<total>0</total>
				<timestamp>5078.034868</timestamp>
			</report>
			<report>
				<misses>803300001</misses>
				<total>0</total>
				<timestamp>5078.651002</timestamp>
			</report>
			<report>
				<misses>803400001</misses>
				<total>0</total>
				<timestamp>5079.266235</timestamp>
			</report>
			<report>
				<misses>803500001</misses>
				<total>0</total>
				<timestamp>5079.882053</timestamp>
			</report>
			<report>
				<misses>803600001</misses>
				<total>0</total>
				<timestamp>5080.498813</timestamp>
			</report>
			<report>
				<misses>803700001</misses>
				<total>0</total>
				<timestamp>5081.112276</timestamp>
			</report>
			<report>
				<misses>803800001</misses>
				<total>0</total>
				<timestamp>5081.727021</timestamp>
			</report>
			<report>
				<misses>803900001</misses>
				<total>0</total>
				<timestamp>5082.340497</timestamp>
			</report>
			<report>
				<misses>804000001</misses>
				<total>0</total>
				<timestamp>5082.956795</timestamp>
			</report>
			<report>
				<misses>804100001</misses>
				<total>0</total>
				<timestamp>5083.571271</timestamp>
			</report>
			<report>
				<misses>804200001</misses>
				<total>0</total>
				<timestamp>5084.185212</timestamp>
			</report>
			<report>
				<misses>804300001</misses>
				<total>0</total>
				<timestamp>5084.799546</timestamp>
			</report>
			<report>
				<misses>804400001</misses>
				<total>0</total>
				<timestamp>5085.413566</timestamp>
			</report>
			<report>
				<misses>804500001</misses>
				<total>0</total>
				<timestamp>5086.028478</timestamp>
			</report>
			<report>
				<misses>804600001</misses>
				<total>0</total>
				<timestamp>5086.641141</timestamp>
			</report>
			<report>
				<misses>804700001</misses>
				<total>0</total>
				<timestamp>5087.255112</timestamp>
			</report>
			<report>
				<misses>804800001</misses>
				<total>0</total>
				<timestamp>5087.870103</timestamp>
			</report>
			<report>
				<misses>804900001</misses>
				<total>0</total>
				<timestamp>5088.485673</timestamp>
			</report>
			<report>
				<misses>805000001</misses>
				<total>0</total>
				<timestamp>5089.100486</timestamp>
			</report>
			<report>
				<misses>805100001</misses>
				<total>0</total>
				<timestamp>5089.715278</timestamp>
			</report>
			<report>
				<misses>805200001</misses>
				<total>0</total>
				<timestamp>5090.330658</timestamp>
			</report>
			<report>
				<misses>805300001</misses>
				<total>0</total>
				<timestamp>5090.944373</timestamp>
			</report>
			<report>
				<misses>805400001</misses>
				<total>0</total>
				<timestamp>5091.557523</timestamp>
			</report>
			<report>
				<misses>805500001</misses>
				<total>0</total>
				<timestamp>5092.175709</timestamp>
			</report>
			<report>
				<misses>805600001</misses>
				<total>0</total>
				<timestamp>5092.790460</timestamp>
			</report>
			<report>
				<misses>805700001</misses>
				<total>0</total>
				<timestamp>5093.403817</timestamp>
			</report>
			<report>
				<misses>805800001</misses>
				<total>0</total>
				<timestamp>5094.023912</timestamp>
			</report>
			<report>
				<misses>805900001</misses>
				<total>0</total>
				<timestamp>5094.637435</timestamp>
			</report>
			<report>
				<misses>806000001</misses>
				<total>0</total>
				<timestamp>5095.254460</timestamp>
			</report>
			<report>
				<misses>806100001</misses>
				<total>0</total>
				<timestamp>5095.879454</timestamp>
			</report>
			<report>
				<misses>806200001</misses>
				<total>0</total>
				<timestamp>5096.493283</timestamp>
			</report>
			<report>
				<misses>806300001</misses>
				<total>0</total>
				<timestamp>5097.106900</timestamp>
			</report>
			<report>
				<misses>806400001</misses>
				<total>0</total>
				<timestamp>5097.720757</timestamp>
			</report>
			<report>
				<misses>806500001</misses>
				<total>0</total>
				<timestamp>5098.335210</timestamp>
			</report>
			<report>
				<misses>806600001</misses>
				<total>0</total>
				<timestamp>5098.954542</timestamp>
			</report>
			<report>
				<misses>806700001</misses>
				<total>0</total>
				<timestamp>5099.568902</timestamp>
			</report>
			<report>
				<misses>806800001</misses>
				<total>0</total>
				<timestamp>5100.182296</timestamp>
			</report>
			<report>
				<misses>806900001</misses>
				<total>0</total>
				<timestamp>5100.796538</timestamp>
			</report>
			<report>
				<misses>807000001</misses>
				<total>0</total>
				<timestamp>5101.410516</timestamp>
			</report>
			<report>
				<misses>807100001</misses>
				<total>0</total>
				<timestamp>5102.034951</timestamp>
			</report>
			<report>
				<misses>807200001</misses>
				<total>0</total>
				<timestamp>5102.649527</timestamp>
			</report>
			<report>
				<misses>807300001</misses>
				<total>0</total>
				<timestamp>5103.263603</timestamp>
			</report>
			<report>
				<misses>807400001</misses>
				<total>0</total>
				<timestamp>5103.878032</timestamp>
			</report>
			<report>
				<misses>807500001</misses>
				<total>0</total>
				<timestamp>5104.491465</timestamp>
			</report>
			<report>
				<misses>807600001</misses>
				<total>0</total>
				<timestamp>5105.120173</timestamp>
			</report>
			<report>
				<misses>807700001</misses>
				<total>0</total>
				<timestamp>5105.733701</timestamp>
			</report>
			<report>
				<misses>807800001</misses>
				<total>0</total>
				<timestamp>5106.353208</timestamp>
			</report>
			<report>
				<misses>807900001</misses>
				<total>0</total>
				<timestamp>5106.971694</timestamp>
			</report>
			<report>
				<misses>808000001</misses>
				<total>0</total>
				<timestamp>5107.584583</timestamp>
			</report>
			<report>
				<misses>808100001</misses>
				<total>0</total>
				<timestamp>5108.198327</timestamp>
			</report>
			<report>
				<misses>808200001</misses>
				<total>0</total>
				<timestamp>5108.811261</timestamp>
			</report>
			<report>
				<misses>808300001</misses>
				<total>0</total>
				<timestamp>5109.424652</timestamp>
			</report>
			<report>
				<misses>808400001</misses>
				<total>0</total>
				<timestamp>5110.037807</timestamp>
			</report>
			<report>
				<misses>808500001</misses>
				<total>0</total>
				<timestamp>5110.650903</timestamp>
			</report>
			<report>
				<misses>808600001</misses>
				<total>0</total>
				<timestamp>5111.264546</timestamp>
			</report>
			<report>
				<misses>808700001</misses>
				<total>0</total>
				<timestamp>5111.878336</timestamp>
			</report>
			<report>
				<misses>808800001</misses>
				<total>0</total>
				<timestamp>5112.491557</timestamp>
			</report>
			<report>
				<misses>808900001</misses>
				<total>0</total>
				<timestamp>5113.128182</timestamp>
			</report>
			<report>
				<misses>809000001</misses>
				<total>0</total>
				<timestamp>5113.742157</timestamp>
			</report>
			<report>
				<misses>809100001</misses>
				<total>0</total>
				<timestamp>5114.354854</timestamp>
			</report>
			<report>
				<misses>809200001</misses>
				<total>0</total>
				<timestamp>5114.968704</timestamp>
			</report>
			<report>
				<misses>809300001</misses>
				<total>0</total>
				<timestamp>5115.583225</timestamp>
			</report>
			<report>
				<misses>809400001</misses>
				<total>0</total>
				<timestamp>5116.202262</timestamp>
			</report>
			<report>
				<misses>809500001</misses>
				<total>0</total>
				<timestamp>5116.815708</timestamp>
			</report>
			<report>
				<misses>809600001</misses>
				<total>0</total>
				<timestamp>5117.430888</timestamp>
			</report>
			<report>
				<misses>809700001</misses>
				<total>0</total>
				<timestamp>5118.047014</timestamp>
			</report>
			<report>
				<misses>809800001</misses>
				<total>0</total>
				<timestamp>5118.660889</timestamp>
			</report>
			<report>
				<misses>809900001</misses>
				<total>0</total>
				<timestamp>5119.274178</timestamp>
			</report>
			<report>
				<misses>810000001</misses>
				<total>0</total>
				<timestamp>5119.888046</timestamp>
			</report>
			<report>
				<misses>810100001</misses>
				<total>0</total>
				<timestamp>5120.500221</timestamp>
			</report>
			<report>
				<misses>810200001</misses>
				<total>0</total>
				<timestamp>5121.113735</timestamp>
			</report>
			<report>
				<misses>810300001</misses>
				<total>0</total>
				<timestamp>5121.731108</timestamp>
			</report>
			<report>
				<misses>810400001</misses>
				<total>0</total>
				<timestamp>5122.359411</timestamp>
			</report>
			<report>
				<misses>810500001</misses>
				<total>0</total>
				<timestamp>5122.973086</timestamp>
			</report>
			<report>
				<misses>810600001</misses>
				<total>0</total>
				<timestamp>5123.586992</timestamp>
			</report>
			<report>
				<misses>810700001</misses>
				<total>0</total>
				<timestamp>5124.203612</timestamp>
			</report>
			<report>
				<misses>810800001</misses>
				<total>0</total>
				<timestamp>5124.818155</timestamp>
			</report>
			<report>
				<misses>810900001</misses>
				<total>0</total>
				<timestamp>5125.433933</timestamp>
			</report>
			<report>
				<misses>811000001</misses>
				<total>0</total>
				<timestamp>5126.048681</timestamp>
			</report>
			<report>
				<misses>811100001</misses>
				<total>0</total>
				<timestamp>5126.664276</timestamp>
			</report>
			<report>
				<misses>811200001</misses>
				<total>0</total>
				<timestamp>5127.279413</timestamp>
			</report>
			<report>
				<misses>811300001</misses>
				<total>0</total>
				<timestamp>5127.897505</timestamp>
			</report>
			<report>
				<misses>811400001</misses>
				<total>0</total>
				<timestamp>5128.512832</timestamp>
			</report>
			<report>
				<misses>811500001</misses>
				<total>0</total>
				<timestamp>5129.131263</timestamp>
			</report>
			<report>
				<misses>811600001</misses>
				<total>0</total>
				<timestamp>5129.747350</timestamp>
			</report>
			<report>
				<misses>811700001</misses>
				<total>0</total>
				<timestamp>5130.368091</timestamp>
			</report>
			<report>
				<misses>811800001</misses>
				<total>0</total>
				<timestamp>5130.982344</timestamp>
			</report>
			<report>
				<misses>811900001</misses>
				<total>0</total>
				<timestamp>5131.596343</timestamp>
			</report>
			<report>
				<misses>812000001</misses>
				<total>0</total>
				<timestamp>5132.225450</timestamp>
			</report>
			<report>
				<misses>812100001</misses>
				<total>0</total>
				<timestamp>5132.839220</timestamp>
			</report>
			<report>
				<misses>812200001</misses>
				<total>0</total>
				<timestamp>5133.453462</timestamp>
			</report>
			<report>
				<misses>812300001</misses>
				<total>0</total>
				<timestamp>5134.067041</timestamp>
			</report>
			<report>
				<misses>812400001</misses>
				<total>0</total>
				<timestamp>5134.679813</timestamp>
			</report>
			<report>
				<misses>812500001</misses>
				<total>0</total>
				<timestamp>5135.304450</timestamp>
			</report>
			<report>
				<misses>812600001</misses>
				<total>0</total>
				<timestamp>5135.917479</timestamp>
			</report>
			<report>
				<misses>812700001</misses>
				<total>0</total>
				<timestamp>5136.530942</timestamp>
			</report>
			<report>
				<misses>812800001</misses>
				<total>0</total>
				<timestamp>5137.145142</timestamp>
			</report>
			<report>
				<misses>812900001</misses>
				<total>0</total>
				<timestamp>5137.757434</timestamp>
			</report>
			<report>
				<misses>813000001</misses>
				<total>0</total>
				<timestamp>5138.370980</timestamp>
			</report>
			<report>
				<misses>813100001</misses>
				<total>0</total>
				<timestamp>5138.992851</timestamp>
			</report>
			<report>
				<misses>813200001</misses>
				<total>0</total>
				<timestamp>5139.605782</timestamp>
			</report>
			<report>
				<misses>813300001</misses>
				<total>0</total>
				<timestamp>5140.218700</timestamp>
			</report>
			<report>
				<misses>813400001</misses>
				<total>0</total>
				<timestamp>5140.831479</timestamp>
			</report>
			<report>
				<misses>813500001</misses>
				<total>0</total>
				<timestamp>5141.444631</timestamp>
			</report>
			<report>
				<misses>813600001</misses>
				<total>0</total>
				<timestamp>5142.058280</timestamp>
			</report>
			<report>
				<misses>813700001</misses>
				<total>0</total>
				<timestamp>5142.672417</timestamp>
			</report>
			<report>
				<misses>813800001</misses>
				<total>0</total>
				<timestamp>5143.290795</timestamp>
			</report>
			<report>
				<misses>813900001</misses>
				<total>0</total>
				<timestamp>5143.904656</timestamp>
			</report>
			<report>
				<misses>814000001</misses>
				<total>0</total>
				<timestamp>5144.517429</timestamp>
			</report>
			<report>
				<misses>814100001</misses>
				<total>0</total>
				<timestamp>5145.132429</timestamp>
			</report>
			<report>
				<misses>814200001</misses>
				<total>0</total>
				<timestamp>5145.745846</timestamp>
			</report>
			<report>
				<misses>814300001</misses>
				<total>0</total>
				<timestamp>5146.359707</timestamp>
			</report>
			<report>
				<misses>814400001</misses>
				<total>0</total>
				<timestamp>5146.973537</timestamp>
			</report>
			<report>
				<misses>814500001</misses>
				<total>0</total>
				<timestamp>5147.586450</timestamp>
			</report>
			<report>
				<misses>814600001</misses>
				<total>0</total>
				<timestamp>5148.204673</timestamp>
			</report>
			<report>
				<misses>814700001</misses>
				<total>0</total>
				<timestamp>5148.821661</timestamp>
			</report>
			<report>
				<misses>814800001</misses>
				<total>0</total>
				<timestamp>5149.434221</timestamp>
			</report>
			<report>
				<misses>814900001</misses>
				<total>0</total>
				<timestamp>5150.047382</timestamp>
			</report>
			<report>
				<misses>815000001</misses>
				<total>0</total>
				<timestamp>5150.660511</timestamp>
			</report>
			<report>
				<misses>815100001</misses>
				<total>0</total>
				<timestamp>5151.283560</timestamp>
			</report>
			<report>
				<misses>815200001</misses>
				<total>0</total>
				<timestamp>5151.900131</timestamp>
			</report>
			<report>
				<misses>815300001</misses>
				<total>0</total>
				<timestamp>5152.513294</timestamp>
			</report>
			<report>
				<misses>815400001</misses>
				<total>0</total>
				<timestamp>5153.126980</timestamp>
			</report>
			<report>
				<misses>815500001</misses>
				<total>0</total>
				<timestamp>5153.739742</timestamp>
			</report>
			<report>
				<misses>815600001</misses>
				<total>0</total>
				<timestamp>5154.353810</timestamp>
			</report>
			<report>
				<misses>815700001</misses>
				<total>0</total>
				<timestamp>5154.967793</timestamp>
			</report>
			<report>
				<misses>815800001</misses>
				<total>0</total>
				<timestamp>5155.581040</timestamp>
			</report>
			<report>
				<misses>815900001</misses>
				<total>0</total>
				<timestamp>5156.200669</timestamp>
			</report>
			<report>
				<misses>816000001</misses>
				<total>0</total>
				<timestamp>5156.819200</timestamp>
			</report>
			<report>
				<misses>816100001</misses>
				<total>0</total>
				<timestamp>5157.433439</timestamp>
			</report>
			<report>
				<misses>816200001</misses>
				<total>0</total>
				<timestamp>5158.046991</timestamp>
			</report>
			<report>
				<misses>816300001</misses>
				<total>0</total>
				<timestamp>5158.660490</timestamp>
			</report>
			<report>
				<misses>816400001</misses>
				<total>0</total>
				<timestamp>5159.273717</timestamp>
			</report>
			<report>
				<misses>816500001</misses>
				<total>0</total>
				<timestamp>5159.888671</timestamp>
			</report>
			<report>
				<misses>816600001</misses>
				<total>0</total>
				<timestamp>5160.502228</timestamp>
			</report>
			<report>
				<misses>816700001</misses>
				<total>0</total>
				<timestamp>5161.116309</timestamp>
			</report>
			<report>
				<misses>816800001</misses>
				<total>0</total>
				<timestamp>5161.730697</timestamp>
			</report>
			<report>
				<misses>816900001</misses>
				<total>0</total>
				<timestamp>5162.355700</timestamp>
			</report>
			<report>
				<misses>817000001</misses>
				<total>0</total>
				<timestamp>5162.970096</timestamp>
			</report>
			<report>
				<misses>817100001</misses>
				<total>0</total>
				<timestamp>5163.583787</timestamp>
			</report>
			<report>
				<misses>817200001</misses>
				<total>0</total>
				<timestamp>5164.197400</timestamp>
			</report>
			<report>
				<misses>817300001</misses>
				<total>0</total>
				<timestamp>5164.823062</timestamp>
			</report>
			<report>
				<misses>817400001</misses>
				<total>0</total>
				<timestamp>5165.435648</timestamp>
			</report>
			<report>
				<misses>817500001</misses>
				<total>0</total>
				<timestamp>5166.049008</timestamp>
			</report>
			<report>
				<misses>817600001</misses>
				<total>0</total>
				<timestamp>5166.662571</timestamp>
			</report>
			<report>
				<misses>817700001</misses>
				<total>0</total>
				<timestamp>5167.292084</timestamp>
			</report>
			<report>
				<misses>817800001</misses>
				<total>0</total>
				<timestamp>5167.909974</timestamp>
			</report>
			<report>
				<misses>817900001</misses>
				<total>0</total>
				<timestamp>5168.524306</timestamp>
			</report>
			<report>
				<misses>818000001</misses>
				<total>0</total>
				<timestamp>5169.138480</timestamp>
			</report>
			<report>
				<misses>818100001</misses>
				<total>0</total>
				<timestamp>5169.752220</timestamp>
			</report>
			<report>
				<misses>818200001</misses>
				<total>0</total>
				<timestamp>5170.366933</timestamp>
			</report>
			<report>
				<misses>818300001</misses>
				<total>0</total>
				<timestamp>5170.986305</timestamp>
			</report>
			<report>
				<misses>818400001</misses>
				<total>0</total>
				<timestamp>5171.599931</timestamp>
			</report>
			<report>
				<misses>818500001</misses>
				<total>0</total>
				<timestamp>5172.213247</timestamp>
			</report>
			<report>
				<misses>818600001</misses>
				<total>0</total>
				<timestamp>5172.827511</timestamp>
			</report>
			<report>
				<misses>818700001</misses>
				<total>0</total>
				<timestamp>5173.441268</timestamp>
			</report>
			<report>
				<misses>818800001</misses>
				<total>0</total>
				<timestamp>5174.055904</timestamp>
			</report>
			<report>
				<misses>818900001</misses>
				<total>0</total>
				<timestamp>5174.674111</timestamp>
			</report>
			<report>
				<misses>819000001</misses>
				<total>0</total>
				<timestamp>5175.293506</timestamp>
			</report>
			<report>
				<misses>819100001</misses>
				<total>0</total>
				<timestamp>5175.910646</timestamp>
			</report>
			<report>
				<misses>819200001</misses>
				<total>0</total>
				<timestamp>5176.526277</timestamp>
			</report>
			<report>
				<misses>819300001</misses>
				<total>0</total>
				<timestamp>5177.145817</timestamp>
			</report>
			<report>
				<misses>819400001</misses>
				<total>0</total>
				<timestamp>5177.771090</timestamp>
			</report>
			<report>
				<misses>819500001</misses>
				<total>0</total>
				<timestamp>5178.395680</timestamp>
			</report>
			<report>
				<misses>819600001</misses>
				<total>0</total>
				<timestamp>5179.010481</timestamp>
			</report>
			<report>
				<misses>819700001</misses>
				<total>0</total>
				<timestamp>5179.624027</timestamp>
			</report>
			<report>
				<misses>819800001</misses>
				<total>0</total>
				<timestamp>5180.240431</timestamp>
			</report>
			<report>
				<misses>819900001</misses>
				<total>0</total>
				<timestamp>5180.853803</timestamp>
			</report>
			<report>
				<misses>820000001</misses>
				<total>0</total>
				<timestamp>5181.468004</timestamp>
			</report>
			<report>
				<misses>820100001</misses>
				<total>0</total>
				<timestamp>5182.085036</timestamp>
			</report>
			<report>
				<misses>820200001</misses>
				<total>0</total>
				<timestamp>5182.698135</timestamp>
			</report>
			<report>
				<misses>820300001</misses>
				<total>0</total>
				<timestamp>5183.311888</timestamp>
			</report>
			<report>
				<misses>820400001</misses>
				<total>0</total>
				<timestamp>5183.925506</timestamp>
			</report>
			<report>
				<misses>820500001</misses>
				<total>0</total>
				<timestamp>5184.538669</timestamp>
			</report>
			<report>
				<misses>820600001</misses>
				<total>0</total>
				<timestamp>5185.161935</timestamp>
			</report>
			<report>
				<misses>820700001</misses>
				<total>0</total>
				<timestamp>5185.778075</timestamp>
			</report>
			<report>
				<misses>820800001</misses>
				<total>0</total>
				<timestamp>5186.408030</timestamp>
			</report>
			<report>
				<misses>820900001</misses>
				<total>0</total>
				<timestamp>5187.021553</timestamp>
			</report>
			<report>
				<misses>821000001</misses>
				<total>0</total>
				<timestamp>5187.634733</timestamp>
			</report>
			<report>
				<misses>821100001</misses>
				<total>0</total>
				<timestamp>5188.248257</timestamp>
			</report>
			<report>
				<misses>821200001</misses>
				<total>0</total>
				<timestamp>5188.893750</timestamp>
			</report>
			<report>
				<misses>821300001</misses>
				<total>0</total>
				<timestamp>5189.513307</timestamp>
			</report>
			<report>
				<misses>821400001</misses>
				<total>0</total>
				<timestamp>5190.134935</timestamp>
			</report>
			<report>
				<misses>821500001</misses>
				<total>0</total>
				<timestamp>5190.755054</timestamp>
			</report>
			<report>
				<misses>821600001</misses>
				<total>0</total>
				<timestamp>5191.374729</timestamp>
			</report>
			<report>
				<misses>821700001</misses>
				<total>0</total>
				<timestamp>5191.994528</timestamp>
			</report>
			<report>
				<misses>821800001</misses>
				<total>0</total>
				<timestamp>5192.614687</timestamp>
			</report>
			<report>
				<misses>821900001</misses>
				<total>0</total>
				<timestamp>5193.235307</timestamp>
			</report>
			<report>
				<misses>822000001</misses>
				<total>0</total>
				<timestamp>5193.855252</timestamp>
			</report>
			<report>
				<misses>822100001</misses>
				<total>0</total>
				<timestamp>5194.476056</timestamp>
			</report>
			<report>
				<misses>822200001</misses>
				<total>0</total>
				<timestamp>5195.129785</timestamp>
			</report>
			<report>
				<misses>822300001</misses>
				<total>0</total>
				<timestamp>5195.777339</timestamp>
			</report>
			<report>
				<misses>822400001</misses>
				<total>0</total>
				<timestamp>5196.403118</timestamp>
			</report>
			<report>
				<misses>822500001</misses>
				<total>0</total>
				<timestamp>5197.023835</timestamp>
			</report>
			<report>
				<misses>822600001</misses>
				<total>0</total>
				<timestamp>5197.643841</timestamp>
			</report>
			<report>
				<misses>822700001</misses>
				<total>0</total>
				<timestamp>5198.263964</timestamp>
			</report>
			<report>
				<misses>822800001</misses>
				<total>0</total>
				<timestamp>5198.892970</timestamp>
			</report>
			<report>
				<misses>822900001</misses>
				<total>0</total>
				<timestamp>5199.513050</timestamp>
			</report>
			<report>
				<misses>823000001</misses>
				<total>0</total>
				<timestamp>5200.136562</timestamp>
			</report>
			<report>
				<misses>823100001</misses>
				<total>0</total>
				<timestamp>5200.750769</timestamp>
			</report>
			<report>
				<misses>823200001</misses>
				<total>0</total>
				<timestamp>5201.364497</timestamp>
			</report>
			<report>
				<misses>823300001</misses>
				<total>0</total>
				<timestamp>5201.980684</timestamp>
			</report>
			<report>
				<misses>823400001</misses>
				<total>0</total>
				<timestamp>5202.593895</timestamp>
			</report>
			<report>
				<misses>823500001</misses>
				<total>0</total>
				<timestamp>5203.208550</timestamp>
			</report>
			<report>
				<misses>823600001</misses>
				<total>0</total>
				<timestamp>5203.821450</timestamp>
			</report>
			<report>
				<misses>823700001</misses>
				<total>0</total>
				<timestamp>5204.436444</timestamp>
			</report>
			<report>
				<misses>823800001</misses>
				<total>0</total>
				<timestamp>5205.051723</timestamp>
			</report>
			<report>
				<misses>823900001</misses>
				<total>0</total>
				<timestamp>5205.666700</timestamp>
			</report>
			<report>
				<misses>824000001</misses>
				<total>0</total>
				<timestamp>5206.280624</timestamp>
			</report>
			<report>
				<misses>824100001</misses>
				<total>0</total>
				<timestamp>5206.895071</timestamp>
			</report>
			<report>
				<misses>824200001</misses>
				<total>0</total>
				<timestamp>5207.510005</timestamp>
			</report>
			<report>
				<misses>824300001</misses>
				<total>0</total>
				<timestamp>5208.124724</timestamp>
			</report>
			<report>
				<misses>824400001</misses>
				<total>0</total>
				<timestamp>5208.738012</timestamp>
			</report>
			<report>
				<misses>824500001</misses>
				<total>0</total>
				<timestamp>5209.352562</timestamp>
			</report>
			<report>
				<misses>824600001</misses>
				<total>0</total>
				<timestamp>5209.968250</timestamp>
			</report>
			<report>
				<misses>824700001</misses>
				<total>0</total>
				<timestamp>5210.582697</timestamp>
			</report>
			<report>
				<misses>824800001</misses>
				<total>0</total>
				<timestamp>5211.197773</timestamp>
			</report>
			<report>
				<misses>824900001</misses>
				<total>0</total>
				<timestamp>5211.812037</timestamp>
			</report>
			<report>
				<misses>825000001</misses>
				<total>0</total>
				<timestamp>5212.426523</timestamp>
			</report>
			<report>
				<misses>825100001</misses>
				<total>0</total>
				<timestamp>5213.041227</timestamp>
			</report>
			<report>
				<misses>825200001</misses>
				<total>0</total>
				<timestamp>5213.654976</timestamp>
			</report>
			<report>
				<misses>825300001</misses>
				<total>0</total>
				<timestamp>5214.270125</timestamp>
			</report>
			<report>
				<misses>825400001</misses>
				<total>0</total>
				<timestamp>5214.887097</timestamp>
			</report>
			<report>
				<misses>825500001</misses>
				<total>0</total>
				<timestamp>5215.500827</timestamp>
			</report>
			<report>
				<misses>825600001</misses>
				<total>0</total>
				<timestamp>5216.120349</timestamp>
			</report>
			<report>
				<misses>825700001</misses>
				<total>0</total>
				<timestamp>5216.734276</timestamp>
			</report>
			<report>
				<misses>825800001</misses>
				<total>0</total>
				<timestamp>5217.348589</timestamp>
			</report>
			<report>
				<misses>825900001</misses>
				<total>0</total>
				<timestamp>5217.963267</timestamp>
			</report>
			<report>
				<misses>826000001</misses>
				<total>0</total>
				<timestamp>5218.577536</timestamp>
			</report>
			<report>
				<misses>826100001</misses>
				<total>0</total>
				<timestamp>5219.198834</timestamp>
			</report>
			<report>
				<misses>826200001</misses>
				<total>0</total>
				<timestamp>5219.813699</timestamp>
			</report>
			<report>
				<misses>826300001</misses>
				<total>0</total>
				<timestamp>5220.428381</timestamp>
			</report>
			<report>
				<misses>826400001</misses>
				<total>0</total>
				<timestamp>5221.052388</timestamp>
			</report>
			<report>
				<misses>826500001</misses>
				<total>0</total>
				<timestamp>5221.667444</timestamp>
			</report>
			<report>
				<misses>826600001</misses>
				<total>0</total>
				<timestamp>5222.283116</timestamp>
			</report>
			<report>
				<misses>826700001</misses>
				<total>0</total>
				<timestamp>5222.898447</timestamp>
			</report>
			<report>
				<misses>826800001</misses>
				<total>0</total>
				<timestamp>5223.514385</timestamp>
			</report>
			<report>
				<misses>826900001</misses>
				<total>0</total>
				<timestamp>5224.131227</timestamp>
			</report>
			<report>
				<misses>827000001</misses>
				<total>0</total>
				<timestamp>5224.748280</timestamp>
			</report>
			<report>
				<misses>827100001</misses>
				<total>0</total>
				<timestamp>5225.365114</timestamp>
			</report>
			<report>
				<misses>827200001</misses>
				<total>0</total>
				<timestamp>5225.985037</timestamp>
			</report>
			<report>
				<misses>827300001</misses>
				<total>0</total>
				<timestamp>5226.601574</timestamp>
			</report>
			<report>
				<misses>827400001</misses>
				<total>0</total>
				<timestamp>5227.224183</timestamp>
			</report>
			<report>
				<misses>827500001</misses>
				<total>0</total>
				<timestamp>5227.850864</timestamp>
			</report>
			<report>
				<misses>827600001</misses>
				<total>0</total>
				<timestamp>5228.470950</timestamp>
			</report>
			<report>
				<misses>827700001</misses>
				<total>0</total>
				<timestamp>5229.086094</timestamp>
			</report>
			<report>
				<misses>827800001</misses>
				<total>0</total>
				<timestamp>5229.700745</timestamp>
			</report>
			<report>
				<misses>827900001</misses>
				<total>0</total>
				<timestamp>5230.315157</timestamp>
			</report>
			<report>
				<misses>828000001</misses>
				<total>0</total>
				<timestamp>5230.931027</timestamp>
			</report>
			<report>
				<misses>828100001</misses>
				<total>0</total>
				<timestamp>5231.546092</timestamp>
			</report>
			<report>
				<misses>828200001</misses>
				<total>0</total>
				<timestamp>5232.160855</timestamp>
			</report>
			<report>
				<misses>828300001</misses>
				<total>0</total>
				<timestamp>5232.775355</timestamp>
			</report>
			<report>
				<misses>828400001</misses>
				<total>0</total>
				<timestamp>5233.389503</timestamp>
			</report>
			<report>
				<misses>828500001</misses>
				<total>0</total>
				<timestamp>5234.006001</timestamp>
			</report>
			<report>
				<misses>828600001</misses>
				<total>0</total>
				<timestamp>5234.620739</timestamp>
			</report>
			<report>
				<misses>828700001</misses>
				<total>0</total>
				<timestamp>5235.235566</timestamp>
			</report>
			<report>
				<misses>828800001</misses>
				<total>0</total>
				<timestamp>5235.850229</timestamp>
			</report>
			<report>
				<misses>828900001</misses>
				<total>0</total>
				<timestamp>5236.465877</timestamp>
			</report>
			<report>
				<misses>829000001</misses>
				<total>0</total>
				<timestamp>5237.080626</timestamp>
			</report>
			<report>
				<misses>829100001</misses>
				<total>0</total>
				<timestamp>5237.695196</timestamp>
			</report>
			<report>
				<misses>829200001</misses>
				<total>0</total>
				<timestamp>5238.309476</timestamp>
			</report>
			<report>
				<misses>829300001</misses>
				<total>0</total>
				<timestamp>5238.923964</timestamp>
			</report>
			<report>
				<misses>829400001</misses>
				<total>0</total>
				<timestamp>5239.538046</timestamp>
			</report>
			<report>
				<misses>829500001</misses>
				<total>0</total>
				<timestamp>5240.153170</timestamp>
			</report>
			<report>
				<misses>829600001</misses>
				<total>0</total>
				<timestamp>5240.767432</timestamp>
			</report>
			<report>
				<misses>829700001</misses>
				<total>0</total>
				<timestamp>5241.382251</timestamp>
			</report>
			<report>
				<misses>829800001</misses>
				<total>0</total>
				<timestamp>5242.011985</timestamp>
			</report>
			<report>
				<misses>829900001</misses>
				<total>0</total>
				<timestamp>5242.627211</timestamp>
			</report>
			<report>
				<misses>830000001</misses>
				<total>0</total>
				<timestamp>5243.243444</timestamp>
			</report>
			<report>
				<misses>830100001</misses>
				<total>0</total>
				<timestamp>5243.857493</timestamp>
			</report>
			<report>
				<misses>830200001</misses>
				<total>0</total>
				<timestamp>5244.471978</timestamp>
			</report>
			<report>
				<misses>830300001</misses>
				<total>0</total>
				<timestamp>5245.092658</timestamp>
			</report>
			<report>
				<misses>830400001</misses>
				<total>0</total>
				<timestamp>5245.707984</timestamp>
			</report>
			<report>
				<misses>830500001</misses>
				<total>0</total>
				<timestamp>5246.334318</timestamp>
			</report>
			<report>
				<misses>830600001</misses>
				<total>0</total>
				<timestamp>5246.949650</timestamp>
			</report>
			<report>
				<misses>830700001</misses>
				<total>0</total>
				<timestamp>5247.564000</timestamp>
			</report>
			<report>
				<misses>830800001</misses>
				<total>0</total>
				<timestamp>5248.178604</timestamp>
			</report>
			<report>
				<misses>830900001</misses>
				<total>0</total>
				<timestamp>5248.793991</timestamp>
			</report>
			<report>
				<misses>831000001</misses>
				<total>0</total>
				<timestamp>5249.409693</timestamp>
			</report>
			<report>
				<misses>831100001</misses>
				<total>0</total>
				<timestamp>5250.025238</timestamp>
			</report>
			<report>
				<misses>831200001</misses>
				<total>0</total>
				<timestamp>5250.639631</timestamp>
			</report>
			<report>
				<misses>831300001</misses>
				<total>0</total>
				<timestamp>5251.255690</timestamp>
			</report>
			<report>
				<misses>831400001</misses>
				<total>0</total>
				<timestamp>5251.870062</timestamp>
			</report>
			<report>
				<misses>831500001</misses>
				<total>0</total>
				<timestamp>5252.483727</timestamp>
			</report>
			<report>
				<misses>831600001</misses>
				<total>0</total>
				<timestamp>5253.098011</timestamp>
			</report>
			<report>
				<misses>831700001</misses>
				<total>0</total>
				<timestamp>5253.713017</timestamp>
			</report>
			<report>
				<misses>831800001</misses>
				<total>0</total>
				<timestamp>5254.327801</timestamp>
			</report>
			<report>
				<misses>831900001</misses>
				<total>0</total>
				<timestamp>5254.955156</timestamp>
			</report>
			<report>
				<misses>832000001</misses>
				<total>0</total>
				<timestamp>5255.573225</timestamp>
			</report>
			<report>
				<misses>832100001</misses>
				<total>0</total>
				<timestamp>5256.191582</timestamp>
			</report>
			<report>
				<misses>832200001</misses>
				<total>0</total>
				<timestamp>5256.814321</timestamp>
			</report>
			<report>
				<misses>832300001</misses>
				<total>0</total>
				<timestamp>5257.438752</timestamp>
			</report>
			<report>
				<misses>832400001</misses>
				<total>0</total>
				<timestamp>5258.063373</timestamp>
			</report>
			<report>
				<misses>832500001</misses>
				<total>0</total>
				<timestamp>5258.688166</timestamp>
			</report>
			<report>
				<misses>832600001</misses>
				<total>0</total>
				<timestamp>5259.312119</timestamp>
			</report>
			<report>
				<misses>832700001</misses>
				<total>0</total>
				<timestamp>5259.936503</timestamp>
			</report>
			<report>
				<misses>832800001</misses>
				<total>0</total>
				<timestamp>5260.560236</timestamp>
			</report>
			<report>
				<misses>832900001</misses>
				<total>0</total>
				<timestamp>5261.184312</timestamp>
			</report>
			<report>
				<misses>833000001</misses>
				<total>0</total>
				<timestamp>5261.808728</timestamp>
			</report>
			<report>
				<misses>833100001</misses>
				<total>0</total>
				<timestamp>5262.433235</timestamp>
			</report>
			<report>
				<misses>833200001</misses>
				<total>0</total>
				<timestamp>5263.058085</timestamp>
			</report>
			<report>
				<misses>833300001</misses>
				<total>0</total>
				<timestamp>5263.682452</timestamp>
			</report>
			<report>
				<misses>833400001</misses>
				<total>0</total>
				<timestamp>5264.306194</timestamp>
			</report>
			<report>
				<misses>833500001</misses>
				<total>0</total>
				<timestamp>5264.929795</timestamp>
			</report>
			<report>
				<misses>833600001</misses>
				<total>0</total>
				<timestamp>5265.554097</timestamp>
			</report>
			<report>
				<misses>833700001</misses>
				<total>0</total>
				<timestamp>5266.183638</timestamp>
			</report>
			<report>
				<misses>833800001</misses>
				<total>0</total>
				<timestamp>5266.807723</timestamp>
			</report>
			<report>
				<misses>833900001</misses>
				<total>0</total>
				<timestamp>5267.432038</timestamp>
			</report>
			<report>
				<misses>834000001</misses>
				<total>0</total>
				<timestamp>5268.056859</timestamp>
			</report>
			<report>
				<misses>834100001</misses>
				<total>0</total>
				<timestamp>5268.681482</timestamp>
			</report>
			<report>
				<misses>834200001</misses>
				<total>0</total>
				<timestamp>5269.305911</timestamp>
			</report>
			<report>
				<misses>834300001</misses>
				<total>0</total>
				<timestamp>5269.929751</timestamp>
			</report>
			<report>
				<misses>834400001</misses>
				<total>0</total>
				<timestamp>5270.553453</timestamp>
			</report>
			<report>
				<misses>834500001</misses>
				<total>0</total>
				<timestamp>5271.176884</timestamp>
			</report>
			<report>
				<misses>834600001</misses>
				<total>0</total>
				<timestamp>5271.808096</timestamp>
			</report>
			<report>
				<misses>834700001</misses>
				<total>0</total>
				<timestamp>5272.430900</timestamp>
			</report>
			<report>
				<misses>834800001</misses>
				<total>0</total>
				<timestamp>5273.054692</timestamp>
			</report>
			<report>
				<misses>834900001</misses>
				<total>0</total>
				<timestamp>5273.678408</timestamp>
			</report>
			<report>
				<misses>835000001</misses>
				<total>0</total>
				<timestamp>5274.302052</timestamp>
			</report>
			<report>
				<misses>835100001</misses>
				<total>0</total>
				<timestamp>5274.924964</timestamp>
			</report>
			<report>
				<misses>835200001</misses>
				<total>0</total>
				<timestamp>5275.548127</timestamp>
			</report>
			<report>
				<misses>835300001</misses>
				<total>0</total>
				<timestamp>5276.172309</timestamp>
			</report>
			<report>
				<misses>835400001</misses>
				<total>0</total>
				<timestamp>5276.795697</timestamp>
			</report>
			<report>
				<misses>835500001</misses>
				<total>0</total>
				<timestamp>5277.418891</timestamp>
			</report>
			<report>
				<misses>835600001</misses>
				<total>0</total>
				<timestamp>5278.043863</timestamp>
			</report>
			<report>
				<misses>835700001</misses>
				<total>0</total>
				<timestamp>5278.664315</timestamp>
			</report>
			<report>
				<misses>835800001</misses>
				<total>0</total>
				<timestamp>5279.284542</timestamp>
			</report>
			<report>
				<misses>835900001</misses>
				<total>0</total>
				<timestamp>5279.904973</timestamp>
			</report>
			<report>
				<misses>836000001</misses>
				<total>0</total>
				<timestamp>5280.525138</timestamp>
			</report>
			<report>
				<misses>836100001</misses>
				<total>0</total>
				<timestamp>5281.145392</timestamp>
			</report>
			<report>
				<misses>836200001</misses>
				<total>0</total>
				<timestamp>5281.766514</timestamp>
			</report>
			<report>
				<misses>836300001</misses>
				<total>0</total>
				<timestamp>5282.387458</timestamp>
			</report>
			<report>
				<misses>836400001</misses>
				<total>0</total>
				<timestamp>5283.008665</timestamp>
			</report>
			<report>
				<misses>836500001</misses>
				<total>0</total>
				<timestamp>5283.629501</timestamp>
			</report>
			<report>
				<misses>836600001</misses>
				<total>0</total>
				<timestamp>5284.250459</timestamp>
			</report>
			<report>
				<misses>836700001</misses>
				<total>0</total>
				<timestamp>5284.871310</timestamp>
			</report>
			<report>
				<misses>836800001</misses>
				<total>0</total>
				<timestamp>5285.492104</timestamp>
			</report>
			<report>
				<misses>836900001</misses>
				<total>0</total>
				<timestamp>5286.113415</timestamp>
			</report>
			<report>
				<misses>837000001</misses>
				<total>0</total>
				<timestamp>5286.734377</timestamp>
			</report>
			<report>
				<misses>837100001</misses>
				<total>0</total>
				<timestamp>5287.355463</timestamp>
			</report>
			<report>
				<misses>837200001</misses>
				<total>0</total>
				<timestamp>5287.976889</timestamp>
			</report>
			<report>
				<misses>837300001</misses>
				<total>0</total>
				<timestamp>5288.597641</timestamp>
			</report>
			<report>
				<misses>837400001</misses>
				<total>0</total>
				<timestamp>5289.218389</timestamp>
			</report>
			<report>
				<misses>837500001</misses>
				<total>0</total>
				<timestamp>5289.839090</timestamp>
			</report>
			<report>
				<misses>837600001</misses>
				<total>0</total>
				<timestamp>5290.460304</timestamp>
			</report>
			<report>
				<misses>837700001</misses>
				<total>0</total>
				<timestamp>5291.081466</timestamp>
			</report>
			<report>
				<misses>837800001</misses>
				<total>0</total>
				<timestamp>5291.703166</timestamp>
			</report>
			<report>
				<misses>837900001</misses>
				<total>0</total>
				<timestamp>5292.324620</timestamp>
			</report>
			<report>
				<misses>838000001</misses>
				<total>0</total>
				<timestamp>5292.945822</timestamp>
			</report>
			<report>
				<misses>838100001</misses>
				<total>0</total>
				<timestamp>5293.567009</timestamp>
			</report>
			<report>
				<misses>838200001</misses>
				<total>0</total>
				<timestamp>5294.187800</timestamp>
			</report>
			<report>
				<misses>838300001</misses>
				<total>0</total>
				<timestamp>5294.808757</timestamp>
			</report>
			<report>
				<misses>838400001</misses>
				<total>0</total>
				<timestamp>5295.430058</timestamp>
			</report>
			<report>
				<misses>838500001</misses>
				<total>0</total>
				<timestamp>5296.051584</timestamp>
			</report>
			<report>
				<misses>838600001</misses>
				<total>0</total>
				<timestamp>5296.681816</timestamp>
			</report>
			<report>
				<misses>838700001</misses>
				<total>0</total>
				<timestamp>5297.304063</timestamp>
			</report>
			<report>
				<misses>838800001</misses>
				<total>0</total>
				<timestamp>5297.925070</timestamp>
			</report>
			<report>
				<misses>838900001</misses>
				<total>0</total>
				<timestamp>5298.546931</timestamp>
			</report>
			<report>
				<misses>839000001</misses>
				<total>0</total>
				<timestamp>5299.167696</timestamp>
			</report>
			<report>
				<misses>839100001</misses>
				<total>0</total>
				<timestamp>5299.789208</timestamp>
			</report>
			<report>
				<misses>839200001</misses>
				<total>0</total>
				<timestamp>5300.410249</timestamp>
			</report>
			<report>
				<misses>839300001</misses>
				<total>0</total>
				<timestamp>5301.031764</timestamp>
			</report>
			<report>
				<misses>839400001</misses>
				<total>0</total>
				<timestamp>5301.653102</timestamp>
			</report>
			<report>
				<misses>839500001</misses>
				<total>0</total>
				<timestamp>5302.274039</timestamp>
			</report>
			<report>
				<misses>839600001</misses>
				<total>0</total>
				<timestamp>5302.895776</timestamp>
			</report>
			<report>
				<misses>839700001</misses>
				<total>0</total>
				<timestamp>5303.517477</timestamp>
			</report>
			<report>
				<misses>839800001</misses>
				<total>0</total>
				<timestamp>5304.138462</timestamp>
			</report>
			<report>
				<misses>839900001</misses>
				<total>0</total>
				<timestamp>5304.759465</timestamp>
			</report>
			<report>
				<misses>840000001</misses>
				<total>0</total>
				<timestamp>5305.382450</timestamp>
			</report>
			<report>
				<misses>840100001</misses>
				<total>0</total>
				<timestamp>5306.006195</timestamp>
			</report>
			<report>
				<misses>840200001</misses>
				<total>0</total>
				<timestamp>5306.629401</timestamp>
			</report>
			<report>
				<misses>840300001</misses>
				<total>0</total>
				<timestamp>5307.252998</timestamp>
			</report>
			<report>
				<misses>840400001</misses>
				<total>0</total>
				<timestamp>5307.877645</timestamp>
			</report>
			<report>
				<misses>840500001</misses>
				<total>0</total>
				<timestamp>5308.501047</timestamp>
			</report>
			<report>
				<misses>840600001</misses>
				<total>0</total>
				<timestamp>5309.125050</timestamp>
			</report>
			<report>
				<misses>840700001</misses>
				<total>0</total>
				<timestamp>5309.746895</timestamp>
			</report>
			<report>
				<misses>840800001</misses>
				<total>0</total>
				<timestamp>5310.368380</timestamp>
			</report>
			<report>
				<misses>840900001</misses>
				<total>0</total>
				<timestamp>5310.989978</timestamp>
			</report>
			<report>
				<misses>841000001</misses>
				<total>0</total>
				<timestamp>5311.611966</timestamp>
			</report>
			<report>
				<misses>841100001</misses>
				<total>0</total>
				<timestamp>5312.233488</timestamp>
			</report>
			<report>
				<misses>841200001</misses>
				<total>0</total>
				<timestamp>5312.855847</timestamp>
			</report>
			<report>
				<misses>841300001</misses>
				<total>0</total>
				<timestamp>5313.478610</timestamp>
			</report>
			<report>
				<misses>841400001</misses>
				<total>0</total>
				<timestamp>5314.100360</timestamp>
			</report>
			<report>
				<misses>841500001</misses>
				<total>0</total>
				<timestamp>5314.722115</timestamp>
			</report>
			<report>
				<misses>841600001</misses>
				<total>0</total>
				<timestamp>5315.344055</timestamp>
			</report>
			<report>
				<misses>841700001</misses>
				<total>0</total>
				<timestamp>5315.966853</timestamp>
			</report>
			<report>
				<misses>841800001</misses>
				<total>0</total>
				<timestamp>5316.588419</timestamp>
			</report>
			<report>
				<misses>841900001</misses>
				<total>0</total>
				<timestamp>5317.210365</timestamp>
			</report>
			<report>
				<misses>842000001</misses>
				<total>0</total>
				<timestamp>5317.831895</timestamp>
			</report>
			<report>
				<misses>842100001</misses>
				<total>0</total>
				<timestamp>5318.453013</timestamp>
			</report>
			<report>
				<misses>842200001</misses>
				<total>0</total>
				<timestamp>5319.074097</timestamp>
			</report>
			<report>
				<misses>842300001</misses>
				<total>0</total>
				<timestamp>5319.695883</timestamp>
			</report>
			<report>
				<misses>842400001</misses>
				<total>0</total>
				<timestamp>5320.317531</timestamp>
			</report>
			<report>
				<misses>842500001</misses>
				<total>0</total>
				<timestamp>5320.939380</timestamp>
			</report>
			<report>
				<misses>842600001</misses>
				<total>0</total>
				<timestamp>5321.561810</timestamp>
			</report>
			<report>
				<misses>842700001</misses>
				<total>0</total>
				<timestamp>5322.185105</timestamp>
			</report>
			<report>
				<misses>842800001</misses>
				<total>0</total>
				<timestamp>5322.808251</timestamp>
			</report>
			<report>
				<misses>842900001</misses>
				<total>0</total>
				<timestamp>5323.431592</timestamp>
			</report>
			<report>
				<misses>843000001</misses>
				<total>0</total>
				<timestamp>5324.063972</timestamp>
			</report>
			<report>
				<misses>843100001</misses>
				<total>0</total>
				<timestamp>5324.686722</timestamp>
			</report>
			<report>
				<misses>843200001</misses>
				<total>0</total>
				<timestamp>5325.310392</timestamp>
			</report>
			<report>
				<misses>843300001</misses>
				<total>0</total>
				<timestamp>5325.934225</timestamp>
			</report>
			<report>
				<misses>843400001</misses>
				<total>0</total>
				<timestamp>5326.556654</timestamp>
			</report>
			<report>
				<misses>843500001</misses>
				<total>0</total>
				<timestamp>5327.178309</timestamp>
			</report>
			<report>
				<misses>843600001</misses>
				<total>0</total>
				<timestamp>5327.800662</timestamp>
			</report>
			<report>
				<misses>843700001</misses>
				<total>0</total>
				<timestamp>5328.422101</timestamp>
			</report>
			<report>
				<misses>843800001</misses>
				<total>0</total>
				<timestamp>5329.044402</timestamp>
			</report>
			<report>
				<misses>843900001</misses>
				<total>0</total>
				<timestamp>5329.666098</timestamp>
			</report>
			<report>
				<misses>844000001</misses>
				<total>0</total>
				<timestamp>5330.286852</timestamp>
			</report>
			<report>
				<misses>844100001</misses>
				<total>0</total>
				<timestamp>5330.908222</timestamp>
			</report>
			<report>
				<misses>844200001</misses>
				<total>0</total>
				<timestamp>5331.530855</timestamp>
			</report>
			<report>
				<misses>844300001</misses>
				<total>0</total>
				<timestamp>5332.152895</timestamp>
			</report>
			<report>
				<misses>844400001</misses>
				<total>0</total>
				<timestamp>5332.774530</timestamp>
			</report>
			<report>
				<misses>844500001</misses>
				<total>0</total>
				<timestamp>5333.396343</timestamp>
			</report>
			<report>
				<misses>844600001</misses>
				<total>0</total>
				<timestamp>5334.019094</timestamp>
			</report>
			<report>
				<misses>844700001</misses>
				<total>0</total>
				<timestamp>5334.640259</timestamp>
			</report>
			<report>
				<misses>844800001</misses>
				<total>0</total>
				<timestamp>5335.261782</timestamp>
			</report>
			<report>
				<misses>844900001</misses>
				<total>0</total>
				<timestamp>5335.883048</timestamp>
			</report>
			<report>
				<misses>845000001</misses>
				<total>0</total>
				<timestamp>5336.504019</timestamp>
			</report>
			<report>
				<misses>845100001</misses>
				<total>0</total>
				<timestamp>5337.126364</timestamp>
			</report>
			<report>
				<misses>845200001</misses>
				<total>0</total>
				<timestamp>5337.748646</timestamp>
			</report>
			<report>
				<misses>845300001</misses>
				<total>0</total>
				<timestamp>5338.370222</timestamp>
			</report>
			<report>
				<misses>845400001</misses>
				<total>0</total>
				<timestamp>5338.991824</timestamp>
			</report>
			<report>
				<misses>845500001</misses>
				<total>0</total>
				<timestamp>5339.613557</timestamp>
			</report>
			<report>
				<misses>845600001</misses>
				<total>0</total>
				<timestamp>5340.236601</timestamp>
			</report>
			<report>
				<misses>845700001</misses>
				<total>0</total>
				<timestamp>5340.857816</timestamp>
			</report>
			<report>
				<misses>845800001</misses>
				<total>0</total>
				<timestamp>5341.478738</timestamp>
			</report>
			<report>
				<misses>845900001</misses>
				<total>0</total>
				<timestamp>5342.100219</timestamp>
			</report>
			<report>
				<misses>846000001</misses>
				<total>0</total>
				<timestamp>5342.722524</timestamp>
			</report>
			<report>
				<misses>846100001</misses>
				<total>0</total>
				<timestamp>5343.344500</timestamp>
			</report>
			<report>
				<misses>846200001</misses>
				<total>0</total>
				<timestamp>5343.982362</timestamp>
			</report>
			<report>
				<misses>846300001</misses>
				<total>0</total>
				<timestamp>5344.604015</timestamp>
			</report>
			<report>
				<misses>846400001</misses>
				<total>0</total>
				<timestamp>5345.225631</timestamp>
			</report>
			<report>
				<misses>846500001</misses>
				<total>0</total>
				<timestamp>5345.847343</timestamp>
			</report>
			<report>
				<misses>846600001</misses>
				<total>0</total>
				<timestamp>5346.470412</timestamp>
			</report>
			<report>
				<misses>846700001</misses>
				<total>0</total>
				<timestamp>5347.096626</timestamp>
			</report>
			<report>
				<misses>846800001</misses>
				<total>0</total>
				<timestamp>5347.720784</timestamp>
			</report>
			<report>
				<misses>846900001</misses>
				<total>0</total>
				<timestamp>5348.345107</timestamp>
			</report>
			<report>
				<misses>847000001</misses>
				<total>0</total>
				<timestamp>5348.969062</timestamp>
			</report>
			<report>
				<misses>847100001</misses>
				<total>0</total>
				<timestamp>5349.593160</timestamp>
			</report>
			<report>
				<misses>847200001</misses>
				<total>0</total>
				<timestamp>5350.217986</timestamp>
			</report>
			<report>
				<misses>847300001</misses>
				<total>0</total>
				<timestamp>5350.845073</timestamp>
			</report>
			<report>
				<misses>847400001</misses>
				<total>0</total>
				<timestamp>5351.470248</timestamp>
			</report>
			<report>
				<misses>847500001</misses>
				<total>0</total>
				<timestamp>5352.095136</timestamp>
			</report>
			<report>
				<misses>847600001</misses>
				<total>0</total>
				<timestamp>5352.719501</timestamp>
			</report>
			<report>
				<misses>847700001</misses>
				<total>0</total>
				<timestamp>5353.343466</timestamp>
			</report>
			<report>
				<misses>847800001</misses>
				<total>0</total>
				<timestamp>5353.967697</timestamp>
			</report>
			<report>
				<misses>847900001</misses>
				<total>0</total>
				<timestamp>5354.591792</timestamp>
			</report>
			<report>
				<misses>848000001</misses>
				<total>0</total>
				<timestamp>5355.217401</timestamp>
			</report>
			<report>
				<misses>848100001</misses>
				<total>0</total>
				<timestamp>5355.839138</timestamp>
			</report>
			<report>
				<misses>848200001</misses>
				<total>0</total>
				<timestamp>5356.460355</timestamp>
			</report>
			<report>
				<misses>848300001</misses>
				<total>0</total>
				<timestamp>5357.082167</timestamp>
			</report>
			<report>
				<misses>848400001</misses>
				<total>0</total>
				<timestamp>5357.704264</timestamp>
			</report>
			<report>
				<misses>848500001</misses>
				<total>0</total>
				<timestamp>5358.339028</timestamp>
			</report>
			<report>
				<misses>848600001</misses>
				<total>0</total>
				<timestamp>5358.960662</timestamp>
			</report>
			<report>
				<misses>848700001</misses>
				<total>0</total>
				<timestamp>5359.581560</timestamp>
			</report>
			<report>
				<misses>848800001</misses>
				<total>0</total>
				<timestamp>5360.202990</timestamp>
			</report>
			<report>
				<misses>848900001</misses>
				<total>0</total>
				<timestamp>5360.824072</timestamp>
			</report>
			<report>
				<misses>849000001</misses>
				<total>0</total>
				<timestamp>5361.445820</timestamp>
			</report>
			<report>
				<misses>849100001</misses>
				<total>0</total>
				<timestamp>5362.068347</timestamp>
			</report>
			<report>
				<misses>849200001</misses>
				<total>0</total>
				<timestamp>5362.690244</timestamp>
			</report>
			<report>
				<misses>849300001</misses>
				<total>0</total>
				<timestamp>5363.311570</timestamp>
			</report>
			<report>
				<misses>849400001</misses>
				<total>0</total>
				<timestamp>5363.935721</timestamp>
			</report>
			<report>
				<misses>849500001</misses>
				<total>0</total>
				<timestamp>5364.557389</timestamp>
			</report>
			<report>
				<misses>849600001</misses>
				<total>0</total>
				<timestamp>5365.179229</timestamp>
			</report>
			<report>
				<misses>849700001</misses>
				<total>0</total>
				<timestamp>5365.804298</timestamp>
			</report>
			<report>
				<misses>849800001</misses>
				<total>0</total>
				<timestamp>5366.431010</timestamp>
			</report>
			<report>
				<misses>849900001</misses>
				<total>0</total>
				<timestamp>5367.072074</timestamp>
			</report>
			<report>
				<misses>850000001</misses>
				<total>0</total>
				<timestamp>5367.696021</timestamp>
			</report>
			<report>
				<misses>850100001</misses>
				<total>0</total>
				<timestamp>5368.320667</timestamp>
			</report>
			<report>
				<misses>850200001</misses>
				<total>0</total>
				<timestamp>5368.952736</timestamp>
			</report>
			<report>
				<misses>850300001</misses>
				<total>0</total>
				<timestamp>5369.575482</timestamp>
			</report>
			<report>
				<misses>850400001</misses>
				<total>0</total>
				<timestamp>5370.200091</timestamp>
			</report>
			<report>
				<misses>850500001</misses>
				<total>0</total>
				<timestamp>5370.823084</timestamp>
			</report>
			<report>
				<misses>850600001</misses>
				<total>0</total>
				<timestamp>5371.446082</timestamp>
			</report>
			<report>
				<misses>850700001</misses>
				<total>0</total>
				<timestamp>5372.083475</timestamp>
			</report>
			<report>
				<misses>850800001</misses>
				<total>0</total>
				<timestamp>5372.707187</timestamp>
			</report>
			<report>
				<misses>850900001</misses>
				<total>0</total>
				<timestamp>5373.330381</timestamp>
			</report>
			<report>
				<misses>851000001</misses>
				<total>0</total>
				<timestamp>5373.953820</timestamp>
			</report>
			<report>
				<misses>851100001</misses>
				<total>0</total>
				<timestamp>5374.577545</timestamp>
			</report>
			<report>
				<misses>851200001</misses>
				<total>0</total>
				<timestamp>5375.208834</timestamp>
			</report>
			<report>
				<misses>851300001</misses>
				<total>0</total>
				<timestamp>5375.831969</timestamp>
			</report>
			<report>
				<misses>851400001</misses>
				<total>0</total>
				<timestamp>5376.454701</timestamp>
			</report>
			<report>
				<misses>851500001</misses>
				<total>0</total>
				<timestamp>5377.078061</timestamp>
			</report>
			<report>
				<misses>851600001</misses>
				<total>0</total>
				<timestamp>5377.699803</timestamp>
			</report>
			<report>
				<misses>851700001</misses>
				<total>0</total>
				<timestamp>5378.322483</timestamp>
			</report>
			<report>
				<misses>851800001</misses>
				<total>0</total>
				<timestamp>5378.944911</timestamp>
			</report>
			<report>
				<misses>851900001</misses>
				<total>0</total>
				<timestamp>5379.568094</timestamp>
			</report>
			<report>
				<misses>852000001</misses>
				<total>0</total>
				<timestamp>5380.194219</timestamp>
			</report>
			<report>
				<misses>852100001</misses>
				<total>0</total>
				<timestamp>5380.817340</timestamp>
			</report>
			<report>
				<misses>852200001</misses>
				<total>0</total>
				<timestamp>5381.439351</timestamp>
			</report>
			<report>
				<misses>852300001</misses>
				<total>0</total>
				<timestamp>5382.063071</timestamp>
			</report>
			<report>
				<misses>852400001</misses>
				<total>0</total>
				<timestamp>5382.685517</timestamp>
			</report>
			<report>
				<misses>852500001</misses>
				<total>0</total>
				<timestamp>5383.310039</timestamp>
			</report>
			<report>
				<misses>852600001</misses>
				<total>0</total>
				<timestamp>5383.932231</timestamp>
			</report>
			<report>
				<misses>852700001</misses>
				<total>0</total>
				<timestamp>5384.553938</timestamp>
			</report>
			<report>
				<misses>852800001</misses>
				<total>0</total>
				<timestamp>5385.175735</timestamp>
			</report>
			<report>
				<misses>852900001</misses>
				<total>0</total>
				<timestamp>5385.801192</timestamp>
			</report>
			<report>
				<misses>853000001</misses>
				<total>0</total>
				<timestamp>5386.422948</timestamp>
			</report>
			<report>
				<misses>853100001</misses>
				<total>0</total>
				<timestamp>5387.046414</timestamp>
			</report>
			<report>
				<misses>853200001</misses>
				<total>0</total>
				<timestamp>5387.668158</timestamp>
			</report>
			<report>
				<misses>853300001</misses>
				<total>0</total>
				<timestamp>5388.290120</timestamp>
			</report>
			<report>
				<misses>853400001</misses>
				<total>0</total>
				<timestamp>5388.912023</timestamp>
			</report>
			<report>
				<misses>853500001</misses>
				<total>0</total>
				<timestamp>5389.534294</timestamp>
			</report>
			<report>
				<misses>853600001</misses>
				<total>0</total>
				<timestamp>5390.155380</timestamp>
			</report>
			<report>
				<misses>853700001</misses>
				<total>0</total>
				<timestamp>5390.778500</timestamp>
			</report>
			<report>
				<misses>853800001</misses>
				<total>0</total>
				<timestamp>5391.399996</timestamp>
			</report>
			<report>
				<misses>853900001</misses>
				<total>0</total>
				<timestamp>5392.025405</timestamp>
			</report>
			<report>
				<misses>854000001</misses>
				<total>0</total>
				<timestamp>5392.647682</timestamp>
			</report>
			<report>
				<misses>854100001</misses>
				<total>0</total>
				<timestamp>5393.269393</timestamp>
			</report>
			<report>
				<misses>854200001</misses>
				<total>0</total>
				<timestamp>5393.892556</timestamp>
			</report>
			<report>
				<misses>854300001</misses>
				<total>0</total>
				<timestamp>5394.513638</timestamp>
			</report>
			<report>
				<misses>854400001</misses>
				<total>0</total>
				<timestamp>5395.134836</timestamp>
			</report>
			<report>
				<misses>854500001</misses>
				<total>0</total>
				<timestamp>5395.756927</timestamp>
			</report>
			<report>
				<misses>854600001</misses>
				<total>0</total>
				<timestamp>5396.378544</timestamp>
			</report>
			<report>
				<misses>854700001</misses>
				<total>0</total>
				<timestamp>5397.000045</timestamp>
			</report>
			<report>
				<misses>854800001</misses>
				<total>0</total>
				<timestamp>5397.620673</timestamp>
			</report>
			<report>
				<misses>854900001</misses>
				<total>0</total>
				<timestamp>5398.241866</timestamp>
			</report>
			<report>
				<misses>855000001</misses>
				<total>0</total>
				<timestamp>5398.863359</timestamp>
			</report>
			<report>
				<misses>855100001</misses>
				<total>0</total>
				<timestamp>5399.484359</timestamp>
			</report>
			<report>
				<misses>855200001</misses>
				<total>0</total>
				<timestamp>5400.111694</timestamp>
			</report>
			<report>
				<misses>855300001</misses>
				<total>0</total>
				<timestamp>5400.732101</timestamp>
			</report>
			<report>
				<misses>855400001</misses>
				<total>0</total>
				<timestamp>5401.353499</timestamp>
			</report>
			<report>
				<misses>855500001</misses>
				<total>0</total>
				<timestamp>5401.986755</timestamp>
			</report>
			<report>
				<misses>855600001</misses>
				<total>0</total>
				<timestamp>5402.607380</timestamp>
			</report>
			<report>
				<misses>855700001</misses>
				<total>0</total>
				<timestamp>5403.228221</timestamp>
			</report>
			<report>
				<misses>855800001</misses>
				<total>0</total>
				<timestamp>5403.852505</timestamp>
			</report>
			<report>
				<misses>855900001</misses>
				<total>0</total>
				<timestamp>5404.473631</timestamp>
			</report>
			<report>
				<misses>856000001</misses>
				<total>0</total>
				<timestamp>5405.115074</timestamp>
			</report>
			<report>
				<misses>856100001</misses>
				<total>0</total>
				<timestamp>5405.736435</timestamp>
			</report>
			<report>
				<misses>856200001</misses>
				<total>0</total>
				<timestamp>5406.357020</timestamp>
			</report>
			<report>
				<misses>856300001</misses>
				<total>0</total>
				<timestamp>5406.977414</timestamp>
			</report>
			<report>
				<misses>856400001</misses>
				<total>0</total>
				<timestamp>5407.597874</timestamp>
			</report>
			<report>
				<misses>856500001</misses>
				<total>0</total>
				<timestamp>5408.222240</timestamp>
			</report>
			<report>
				<misses>856600001</misses>
				<total>0</total>
				<timestamp>5408.842600</timestamp>
			</report>
			<report>
				<misses>856700001</misses>
				<total>0</total>
				<timestamp>5409.463220</timestamp>
			</report>
			<report>
				<misses>856800001</misses>
				<total>0</total>
				<timestamp>5410.083699</timestamp>
			</report>
			<report>
				<misses>856900001</misses>
				<total>0</total>
				<timestamp>5410.703497</timestamp>
			</report>
			<report>
				<misses>857000001</misses>
				<total>0</total>
				<timestamp>5411.324261</timestamp>
			</report>
			<report>
				<misses>857100001</misses>
				<total>0</total>
				<timestamp>5411.946678</timestamp>
			</report>
			<report>
				<misses>857200001</misses>
				<total>0</total>
				<timestamp>5412.567094</timestamp>
			</report>
			<report>
				<misses>857300001</misses>
				<total>0</total>
				<timestamp>5413.187606</timestamp>
			</report>
			<report>
				<misses>857400001</misses>
				<total>0</total>
				<timestamp>5413.808831</timestamp>
			</report>
			<report>
				<misses>857500001</misses>
				<total>0</total>
				<timestamp>5414.429836</timestamp>
			</report>
			<report>
				<misses>857600001</misses>
				<total>0</total>
				<timestamp>5415.050827</timestamp>
			</report>
			<report>
				<misses>857700001</misses>
				<total>0</total>
				<timestamp>5415.672131</timestamp>
			</report>
			<report>
				<misses>857800001</misses>
				<total>0</total>
				<timestamp>5416.296458</timestamp>
			</report>
			<report>
				<misses>857900001</misses>
				<total>0</total>
				<timestamp>5416.917856</timestamp>
			</report>
			<report>
				<misses>858000001</misses>
				<total>0</total>
				<timestamp>5417.539615</timestamp>
			</report>
			<report>
				<misses>858100001</misses>
				<total>0</total>
				<timestamp>5418.164374</timestamp>
			</report>
			<report>
				<misses>858200001</misses>
				<total>0</total>
				<timestamp>5418.784887</timestamp>
			</report>
			<report>
				<misses>858300001</misses>
				<total>0</total>
				<timestamp>5419.405364</timestamp>
			</report>
			<report>
				<misses>858400001</misses>
				<total>0</total>
				<timestamp>5420.052034</timestamp>
			</report>
			<report>
				<misses>858500001</misses>
				<total>0</total>
				<timestamp>5420.686939</timestamp>
			</report>
			<report>
				<misses>858600001</misses>
				<total>0</total>
				<timestamp>5421.311308</timestamp>
			</report>
			<report>
				<misses>858700001</misses>
				<total>0</total>
				<timestamp>5421.933261</timestamp>
			</report>
			<report>
				<misses>858800001</misses>
				<total>0</total>
				<timestamp>5422.554982</timestamp>
			</report>
			<report>
				<misses>858900001</misses>
				<total>0</total>
				<timestamp>5423.177799</timestamp>
			</report>
			<report>
				<misses>859000001</misses>
				<total>0</total>
				<timestamp>5423.800648</timestamp>
			</report>
			<report>
				<misses>859100001</misses>
				<total>0</total>
				<timestamp>5424.423061</timestamp>
			</report>
			<report>
				<misses>859200001</misses>
				<total>0</total>
				<timestamp>5425.061437</timestamp>
			</report>
			<report>
				<misses>859300001</misses>
				<total>0</total>
				<timestamp>5425.681858</timestamp>
			</report>
			<report>
				<misses>859400001</misses>
				<total>0</total>
				<timestamp>5426.302391</timestamp>
			</report>
			<report>
				<misses>859500001</misses>
				<total>0</total>
				<timestamp>5426.922901</timestamp>
			</report>
			<report>
				<misses>859600001</misses>
				<total>0</total>
				<timestamp>5427.543443</timestamp>
			</report>
			<report>
				<misses>859700001</misses>
				<total>0</total>
				<timestamp>5428.165702</timestamp>
			</report>
			<report>
				<misses>859800001</misses>
				<total>0</total>
				<timestamp>5428.786551</timestamp>
			</report>
			<report>
				<misses>859900001</misses>
				<total>0</total>
				<timestamp>5429.407051</timestamp>
			</report>
			<report>
				<misses>860000001</misses>
				<total>0</total>
				<timestamp>5430.027931</timestamp>
			</report>
			<report>
				<misses>860100001</misses>
				<total>0</total>
				<timestamp>5430.648104</timestamp>
			</report>
			<report>
				<misses>860200001</misses>
				<total>0</total>
				<timestamp>5431.269011</timestamp>
			</report>
			<report>
				<misses>860300001</misses>
				<total>0</total>
				<timestamp>5431.890799</timestamp>
			</report>
			<report>
				<misses>860400001</misses>
				<total>0</total>
				<timestamp>5432.510874</timestamp>
			</report>
			<report>
				<misses>860500001</misses>
				<total>0</total>
				<timestamp>5433.132073</timestamp>
			</report>
			<report>
				<misses>860600001</misses>
				<total>0</total>
				<timestamp>5433.754591</timestamp>
			</report>
			<report>
				<misses>860700001</misses>
				<total>0</total>
				<timestamp>5434.374747</timestamp>
			</report>
			<report>
				<misses>860800001</misses>
				<total>0</total>
				<timestamp>5434.995461</timestamp>
			</report>
			<report>
				<misses>860900001</misses>
				<total>0</total>
				<timestamp>5435.616349</timestamp>
			</report>
			<report>
				<misses>861000001</misses>
				<total>0</total>
				<timestamp>5436.240578</timestamp>
			</report>
			<report>
				<misses>861100001</misses>
				<total>0</total>
				<timestamp>5436.861448</timestamp>
			</report>
			<report>
				<misses>861200001</misses>
				<total>0</total>
				<timestamp>5437.481807</timestamp>
			</report>
			<report>
				<misses>861300001</misses>
				<total>0</total>
				<timestamp>5438.120312</timestamp>
			</report>
			<report>
				<misses>861400001</misses>
				<total>0</total>
				<timestamp>5438.740464</timestamp>
			</report>
			<report>
				<misses>861500001</misses>
				<total>0</total>
				<timestamp>5439.361057</timestamp>
			</report>
			<report>
				<misses>861600001</misses>
				<total>0</total>
				<timestamp>5439.981152</timestamp>
			</report>
			<report>
				<misses>861700001</misses>
				<total>0</total>
				<timestamp>5440.601994</timestamp>
			</report>
			<report>
				<misses>861800001</misses>
				<total>0</total>
				<timestamp>5441.223560</timestamp>
			</report>
			<report>
				<misses>861900001</misses>
				<total>0</total>
				<timestamp>5441.850713</timestamp>
			</report>
			<report>
				<misses>862000001</misses>
				<total>0</total>
				<timestamp>5442.471216</timestamp>
			</report>
			<report>
				<misses>862100001</misses>
				<total>0</total>
				<timestamp>5443.095890</timestamp>
			</report>
			<report>
				<misses>862200001</misses>
				<total>0</total>
				<timestamp>5443.716676</timestamp>
			</report>
			<report>
				<misses>862300001</misses>
				<total>0</total>
				<timestamp>5444.337032</timestamp>
			</report>
			<report>
				<misses>862400001</misses>
				<total>0</total>
				<timestamp>5444.957363</timestamp>
			</report>
			<report>
				<misses>862500001</misses>
				<total>0</total>
				<timestamp>5445.578380</timestamp>
			</report>
			<report>
				<misses>862600001</misses>
				<total>0</total>
				<timestamp>5446.199516</timestamp>
			</report>
			<report>
				<misses>862700001</misses>
				<total>0</total>
				<timestamp>5446.821452</timestamp>
			</report>
			<report>
				<misses>862800001</misses>
				<total>0</total>
				<timestamp>5447.441622</timestamp>
			</report>
			<report>
				<misses>862900001</misses>
				<total>0</total>
				<timestamp>5448.064080</timestamp>
			</report>
			<report>
				<misses>863000001</misses>
				<total>0</total>
				<timestamp>5448.683982</timestamp>
			</report>
			<report>
				<misses>863100001</misses>
				<total>0</total>
				<timestamp>5449.303108</timestamp>
			</report>
			<report>
				<misses>863200001</misses>
				<total>0</total>
				<timestamp>5449.923354</timestamp>
			</report>
			<report>
				<misses>863300001</misses>
				<total>0</total>
				<timestamp>5450.542868</timestamp>
			</report>
			<report>
				<misses>863400001</misses>
				<total>0</total>
				<timestamp>5451.163162</timestamp>
			</report>
			<report>
				<misses>863500001</misses>
				<total>0</total>
				<timestamp>5451.787551</timestamp>
			</report>
			<report>
				<misses>863600001</misses>
				<total>0</total>
				<timestamp>5452.407177</timestamp>
			</report>
			<report>
				<misses>863700001</misses>
				<total>0</total>
				<timestamp>5453.026583</timestamp>
			</report>
			<report>
				<misses>863800001</misses>
				<total>0</total>
				<timestamp>5453.646381</timestamp>
			</report>
			<report>
				<misses>863900001</misses>
				<total>0</total>
				<timestamp>5454.265698</timestamp>
			</report>
			<report>
				<misses>864000001</misses>
				<total>0</total>
				<timestamp>5454.885957</timestamp>
			</report>
			<report>
				<misses>864100001</misses>
				<total>0</total>
				<timestamp>5455.505729</timestamp>
			</report>
			<report>
				<misses>864200001</misses>
				<total>0</total>
				<timestamp>5456.125827</timestamp>
			</report>
			<report>
				<misses>864300001</misses>
				<total>0</total>
				<timestamp>5456.745616</timestamp>
			</report>
			<report>
				<misses>864400001</misses>
				<total>0</total>
				<timestamp>5457.365456</timestamp>
			</report>
			<report>
				<misses>864500001</misses>
				<total>0</total>
				<timestamp>5457.984952</timestamp>
			</report>
			<report>
				<misses>864600001</misses>
				<total>0</total>
				<timestamp>5458.604783</timestamp>
			</report>
			<report>
				<misses>864700001</misses>
				<total>0</total>
				<timestamp>5459.224444</timestamp>
			</report>
			<report>
				<misses>864800001</misses>
				<total>0</total>
				<timestamp>5459.844096</timestamp>
			</report>
			<report>
				<misses>864900001</misses>
				<total>0</total>
				<timestamp>5460.464249</timestamp>
			</report>
			<report>
				<misses>865000001</misses>
				<total>0</total>
				<timestamp>5461.085518</timestamp>
			</report>
			<report>
				<misses>865100001</misses>
				<total>0</total>
				<timestamp>5461.705618</timestamp>
			</report>
			<report>
				<misses>865200001</misses>
				<total>0</total>
				<timestamp>5462.325881</timestamp>
			</report>
			<report>
				<misses>865300001</misses>
				<total>0</total>
				<timestamp>5462.953042</timestamp>
			</report>
			<report>
				<misses>865400001</misses>
				<total>0</total>
				<timestamp>5463.572929</timestamp>
			</report>
			<report>
				<misses>865500001</misses>
				<total>0</total>
				<timestamp>5464.201392</timestamp>
			</report>
			<report>
				<misses>865600001</misses>
				<total>0</total>
				<timestamp>5464.821750</timestamp>
			</report>
			<report>
				<misses>865700001</misses>
				<total>0</total>
				<timestamp>5465.442013</timestamp>
			</report>
			<report>
				<misses>865800001</misses>
				<total>0</total>
				<timestamp>5466.062524</timestamp>
			</report>
			<report>
				<misses>865900001</misses>
				<total>0</total>
				<timestamp>5466.681952</timestamp>
			</report>
			<report>
				<misses>866000001</misses>
				<total>0</total>
				<timestamp>5467.301608</timestamp>
			</report>
			<report>
				<misses>866100001</misses>
				<total>0</total>
				<timestamp>5467.926258</timestamp>
			</report>
			<report>
				<misses>866200001</misses>
				<total>0</total>
				<timestamp>5468.545873</timestamp>
			</report>
			<report>
				<misses>866300001</misses>
				<total>0</total>
				<timestamp>5469.166324</timestamp>
			</report>
			<report>
				<misses>866400001</misses>
				<total>0</total>
				<timestamp>5469.789320</timestamp>
			</report>
			<report>
				<misses>866500001</misses>
				<total>0</total>
				<timestamp>5470.410491</timestamp>
			</report>
			<report>
				<misses>866600001</misses>
				<total>0</total>
				<timestamp>5471.032419</timestamp>
			</report>
			<report>
				<misses>866700001</misses>
				<total>0</total>
				<timestamp>5471.653928</timestamp>
			</report>
			<report>
				<misses>866800001</misses>
				<total>0</total>
				<timestamp>5472.276094</timestamp>
			</report>
			<report>
				<misses>866900001</misses>
				<total>0</total>
				<timestamp>5472.897570</timestamp>
			</report>
			<report>
				<misses>867000001</misses>
				<total>0</total>
				<timestamp>5473.519459</timestamp>
			</report>
			<report>
				<misses>867100001</misses>
				<total>0</total>
				<timestamp>5474.139888</timestamp>
			</report>
			<report>
				<misses>867200001</misses>
				<total>0</total>
				<timestamp>5474.759295</timestamp>
			</report>
			<report>
				<misses>867300001</misses>
				<total>0</total>
				<timestamp>5475.379485</timestamp>
			</report>
			<report>
				<misses>867400001</misses>
				<total>0</total>
				<timestamp>5475.999362</timestamp>
			</report>
			<report>
				<misses>867500001</misses>
				<total>0</total>
				<timestamp>5476.618393</timestamp>
			</report>
			<report>
				<misses>867600001</misses>
				<total>0</total>
				<timestamp>5477.238551</timestamp>
			</report>
			<report>
				<misses>867700001</misses>
				<total>0</total>
				<timestamp>5477.858545</timestamp>
			</report>
			<report>
				<misses>867800001</misses>
				<total>0</total>
				<timestamp>5478.477384</timestamp>
			</report>
			<report>
				<misses>867900001</misses>
				<total>0</total>
				<timestamp>5479.097030</timestamp>
			</report>
			<report>
				<misses>868000001</misses>
				<total>0</total>
				<timestamp>5479.716745</timestamp>
			</report>
			<report>
				<misses>868100001</misses>
				<total>0</total>
				<timestamp>5480.336517</timestamp>
			</report>
			<report>
				<misses>868200001</misses>
				<total>0</total>
				<timestamp>5480.956702</timestamp>
			</report>
			<report>
				<misses>868300001</misses>
				<total>0</total>
				<timestamp>5481.576385</timestamp>
			</report>
			<report>
				<misses>868400001</misses>
				<total>0</total>
				<timestamp>5482.203244</timestamp>
			</report>
			<report>
				<misses>868500001</misses>
				<total>0</total>
				<timestamp>5482.822868</timestamp>
			</report>
			<report>
				<misses>868600001</misses>
				<total>0</total>
				<timestamp>5483.442411</timestamp>
			</report>
			<report>
				<misses>868700001</misses>
				<total>0</total>
				<timestamp>5484.061452</timestamp>
			</report>
			<report>
				<misses>868800001</misses>
				<total>0</total>
				<timestamp>5484.680891</timestamp>
			</report>
			<report>
				<misses>868900001</misses>
				<total>0</total>
				<timestamp>5485.300406</timestamp>
			</report>
			<report>
				<misses>869000001</misses>
				<total>0</total>
				<timestamp>5485.919846</timestamp>
			</report>
			<report>
				<misses>869100001</misses>
				<total>0</total>
				<timestamp>5486.539127</timestamp>
			</report>
			<report>
				<misses>869200001</misses>
				<total>0</total>
				<timestamp>5487.158915</timestamp>
			</report>
			<report>
				<misses>869300001</misses>
				<total>0</total>
				<timestamp>5487.777972</timestamp>
			</report>
			<report>
				<misses>869400001</misses>
				<total>0</total>
				<timestamp>5488.396909</timestamp>
			</report>
			<report>
				<misses>869500001</misses>
				<total>0</total>
				<timestamp>5489.021293</timestamp>
			</report>
			<report>
				<misses>869600001</misses>
				<total>0</total>
				<timestamp>5489.640970</timestamp>
			</report>
			<report>
				<misses>869700001</misses>
				<total>0</total>
				<timestamp>5490.272568</timestamp>
			</report>
			<report>
				<misses>869800001</misses>
				<total>0</total>
				<timestamp>5490.891025</timestamp>
			</report>
			<report>
				<misses>869900001</misses>
				<total>0</total>
				<timestamp>5491.510814</timestamp>
			</report>
			<report>
				<misses>870000001</misses>
				<total>0</total>
				<timestamp>5492.133040</timestamp>
			</report>
			<report>
				<misses>870100001</misses>
				<total>0</total>
				<timestamp>5492.752503</timestamp>
			</report>
			<report>
				<misses>870200001</misses>
				<total>0</total>
				<timestamp>5493.370807</timestamp>
			</report>
			<report>
				<misses>870300001</misses>
				<total>0</total>
				<timestamp>5493.989780</timestamp>
			</report>
			<report>
				<misses>870400001</misses>
				<total>0</total>
				<timestamp>5494.608618</timestamp>
			</report>
			<report>
				<misses>870500001</misses>
				<total>0</total>
				<timestamp>5495.229992</timestamp>
			</report>
			<report>
				<misses>870600001</misses>
				<total>0</total>
				<timestamp>5495.849504</timestamp>
			</report>
			<report>
				<misses>870700001</misses>
				<total>0</total>
				<timestamp>5496.469169</timestamp>
			</report>
			<report>
				<misses>870800001</misses>
				<total>0</total>
				<timestamp>5497.092565</timestamp>
			</report>
			<report>
				<misses>870900001</misses>
				<total>0</total>
				<timestamp>5497.711434</timestamp>
			</report>
			<report>
				<misses>871000001</misses>
				<total>0</total>
				<timestamp>5498.337812</timestamp>
			</report>
			<report>
				<misses>871100001</misses>
				<total>0</total>
				<timestamp>5498.967091</timestamp>
			</report>
			<report>
				<misses>871200001</misses>
				<total>0</total>
				<timestamp>5499.586453</timestamp>
			</report>
			<report>
				<misses>871300001</misses>
				<total>0</total>
				<timestamp>5500.205885</timestamp>
			</report>
			<report>
				<misses>871400001</misses>
				<total>0</total>
				<timestamp>5500.824957</timestamp>
			</report>
			<report>
				<misses>871500001</misses>
				<total>0</total>
				<timestamp>5501.443933</timestamp>
			</report>
			<report>
				<misses>871600001</misses>
				<total>0</total>
				<timestamp>5502.063630</timestamp>
			</report>
			<report>
				<misses>871700001</misses>
				<total>0</total>
				<timestamp>5502.683284</timestamp>
			</report>
			<report>
				<misses>871800001</misses>
				<total>0</total>
				<timestamp>5503.311440</timestamp>
			</report>
			<report>
				<misses>871900001</misses>
				<total>0</total>
				<timestamp>5503.932966</timestamp>
			</report>
			<report>
				<misses>872000001</misses>
				<total>0</total>
				<timestamp>5504.552456</timestamp>
			</report>
			<report>
				<misses>872100001</misses>
				<total>0</total>
				<timestamp>5505.174516</timestamp>
			</report>
			<report>
				<misses>872200001</misses>
				<total>0</total>
				<timestamp>5505.794952</timestamp>
			</report>
			<report>
				<misses>872300001</misses>
				<total>0</total>
				<timestamp>5506.414500</timestamp>
			</report>
			<report>
				<misses>872400001</misses>
				<total>0</total>
				<timestamp>5507.034120</timestamp>
			</report>
			<report>
				<misses>872500001</misses>
				<total>0</total>
				<timestamp>5507.654408</timestamp>
			</report>
			<report>
				<misses>872600001</misses>
				<total>0</total>
				<timestamp>5508.273305</timestamp>
			</report>
			<report>
				<misses>872700001</misses>
				<total>0</total>
				<timestamp>5508.898965</timestamp>
			</report>
			<report>
				<misses>872800001</misses>
				<total>0</total>
				<timestamp>5509.518459</timestamp>
			</report>
			<report>
				<misses>872900001</misses>
				<total>0</total>
				<timestamp>5510.137935</timestamp>
			</report>
			<report>
				<misses>873000001</misses>
				<total>0</total>
				<timestamp>5510.757429</timestamp>
			</report>
			<report>
				<misses>873100001</misses>
				<total>0</total>
				<timestamp>5511.376547</timestamp>
			</report>
			<report>
				<misses>873200001</misses>
				<total>0</total>
				<timestamp>5511.995851</timestamp>
			</report>
			<report>
				<misses>873300001</misses>
				<total>0</total>
				<timestamp>5512.615242</timestamp>
			</report>
			<report>
				<misses>873400001</misses>
				<total>0</total>
				<timestamp>5513.234645</timestamp>
			</report>
			<report>
				<misses>873500001</misses>
				<total>0</total>
				<timestamp>5513.854113</timestamp>
			</report>
			<report>
				<misses>873600001</misses>
				<total>0</total>
				<timestamp>5514.473503</timestamp>
			</report>
			<report>
				<misses>873700001</misses>
				<total>0</total>
				<timestamp>5515.092449</timestamp>
			</report>
			<report>
				<misses>873800001</misses>
				<total>0</total>
				<timestamp>5515.711989</timestamp>
			</report>
			<report>
				<misses>873900001</misses>
				<total>0</total>
				<timestamp>5516.331449</timestamp>
			</report>
			<report>
				<misses>874000001</misses>
				<total>0</total>
				<timestamp>5516.950920</timestamp>
			</report>
			<report>
				<misses>874100001</misses>
				<total>0</total>
				<timestamp>5517.570392</timestamp>
			</report>
			<report>
				<misses>874200001</misses>
				<total>0</total>
				<timestamp>5518.191429</timestamp>
			</report>
			<report>
				<misses>874300001</misses>
				<total>0</total>
				<timestamp>5518.812670</timestamp>
			</report>
			<report>
				<misses>874400001</misses>
				<total>0</total>
				<timestamp>5519.434013</timestamp>
			</report>
			<report>
				<misses>874500001</misses>
				<total>0</total>
				<timestamp>5520.056447</timestamp>
			</report>
			<report>
				<misses>874600001</misses>
				<total>0</total>
				<timestamp>5520.678045</timestamp>
			</report>
			<report>
				<misses>874700001</misses>
				<total>0</total>
				<timestamp>5521.298622</timestamp>
			</report>
			<report>
				<misses>874800001</misses>
				<total>0</total>
				<timestamp>5521.921413</timestamp>
			</report>
			<report>
				<misses>874900001</misses>
				<total>0</total>
				<timestamp>5522.542621</timestamp>
			</report>
			<report>
				<misses>875000001</misses>
				<total>0</total>
				<timestamp>5523.164673</timestamp>
			</report>
			<report>
				<misses>875100001</misses>
				<total>0</total>
				<timestamp>5523.788285</timestamp>
			</report>
			<report>
				<misses>875200001</misses>
				<total>0</total>
				<timestamp>5524.408390</timestamp>
			</report>
			<report>
				<misses>875300001</misses>
				<total>0</total>
				<timestamp>5525.029024</timestamp>
			</report>
			<report>
				<misses>875400001</misses>
				<total>0</total>
				<timestamp>5525.648563</timestamp>
			</report>
			<report>
				<misses>875500001</misses>
				<total>0</total>
				<timestamp>5526.269884</timestamp>
			</report>
			<report>
				<misses>875600001</misses>
				<total>0</total>
				<timestamp>5526.890080</timestamp>
			</report>
			<report>
				<misses>875700001</misses>
				<total>0</total>
				<timestamp>5527.510009</timestamp>
			</report>
			<report>
				<misses>875800001</misses>
				<total>0</total>
				<timestamp>5528.130831</timestamp>
			</report>
			<report>
				<misses>875900001</misses>
				<total>0</total>
				<timestamp>5528.753000</timestamp>
			</report>
			<report>
				<misses>876000001</misses>
				<total>0</total>
				<timestamp>5529.373327</timestamp>
			</report>
			<report>
				<misses>876100001</misses>
				<total>0</total>
				<timestamp>5529.994058</timestamp>
			</report>
			<report>
				<misses>876200001</misses>
				<total>0</total>
				<timestamp>5530.614621</timestamp>
			</report>
			<report>
				<misses>876300001</misses>
				<total>0</total>
				<timestamp>5531.236027</timestamp>
			</report>
			<report>
				<misses>876400001</misses>
				<total>0</total>
				<timestamp>5531.857121</timestamp>
			</report>
			<report>
				<misses>876500001</misses>
				<total>0</total>
				<timestamp>5532.478014</timestamp>
			</report>
			<report>
				<misses>876600001</misses>
				<total>0</total>
				<timestamp>5533.105778</timestamp>
			</report>
			<report>
				<misses>876700001</misses>
				<total>0</total>
				<timestamp>5533.725466</timestamp>
			</report>
			<report>
				<misses>876800001</misses>
				<total>0</total>
				<timestamp>5534.345281</timestamp>
			</report>
			<report>
				<misses>876900001</misses>
				<total>0</total>
				<timestamp>5534.965900</timestamp>
			</report>
			<report>
				<misses>877000001</misses>
				<total>0</total>
				<timestamp>5535.586220</timestamp>
			</report>
			<report>
				<misses>877100001</misses>
				<total>0</total>
				<timestamp>5536.206528</timestamp>
			</report>
			<report>
				<misses>877200001</misses>
				<total>0</total>
				<timestamp>5536.832953</timestamp>
			</report>
			<report>
				<misses>877300001</misses>
				<total>0</total>
				<timestamp>5537.453072</timestamp>
			</report>
			<report>
				<misses>877400001</misses>
				<total>0</total>
				<timestamp>5538.075586</timestamp>
			</report>
			<report>
				<misses>877500001</misses>
				<total>0</total>
				<timestamp>5538.695499</timestamp>
			</report>
			<report>
				<misses>877600001</misses>
				<total>0</total>
				<timestamp>5539.316326</timestamp>
			</report>
			<report>
				<misses>877700001</misses>
				<total>0</total>
				<timestamp>5539.938110</timestamp>
			</report>
			<report>
				<misses>877800001</misses>
				<total>0</total>
				<timestamp>5540.558284</timestamp>
			</report>
			<report>
				<misses>877900001</misses>
				<total>0</total>
				<timestamp>5541.178518</timestamp>
			</report>
			<report>
				<misses>878000001</misses>
				<total>0</total>
				<timestamp>5541.799692</timestamp>
			</report>
			<report>
				<misses>878100001</misses>
				<total>0</total>
				<timestamp>5542.419916</timestamp>
			</report>
			<report>
				<misses>878200001</misses>
				<total>0</total>
				<timestamp>5543.041075</timestamp>
			</report>
			<report>
				<misses>878300001</misses>
				<total>0</total>
				<timestamp>5543.661001</timestamp>
			</report>
			<report>
				<misses>878400001</misses>
				<total>0</total>
				<timestamp>5544.285547</timestamp>
			</report>
			<report>
				<misses>878500001</misses>
				<total>0</total>
				<timestamp>5544.914173</timestamp>
			</report>
			<report>
				<misses>878600001</misses>
				<total>0</total>
				<timestamp>5545.535578</timestamp>
			</report>
			<report>
				<misses>878700001</misses>
				<total>0</total>
				<timestamp>5546.155997</timestamp>
			</report>
			<report>
				<misses>878800001</misses>
				<total>0</total>
				<timestamp>5546.775538</timestamp>
			</report>
			<report>
				<misses>878900001</misses>
				<total>0</total>
				<timestamp>5547.395364</timestamp>
			</report>
			<report>
				<misses>879000001</misses>
				<total>0</total>
				<timestamp>5548.015963</timestamp>
			</report>
			<report>
				<misses>879100001</misses>
				<total>0</total>
				<timestamp>5548.636076</timestamp>
			</report>
			<report>
				<misses>879200001</misses>
				<total>0</total>
				<timestamp>5549.264727</timestamp>
			</report>
			<report>
				<misses>879300001</misses>
				<total>0</total>
				<timestamp>5549.891057</timestamp>
			</report>
			<report>
				<misses>879400001</misses>
				<total>0</total>
				<timestamp>5550.515228</timestamp>
			</report>
			<report>
				<misses>879500001</misses>
				<total>0</total>
				<timestamp>5551.138848</timestamp>
			</report>
			<report>
				<misses>879600001</misses>
				<total>0</total>
				<timestamp>5551.762528</timestamp>
			</report>
			<report>
				<misses>879700001</misses>
				<total>0</total>
				<timestamp>5552.386694</timestamp>
			</report>
			<report>
				<misses>879800001</misses>
				<total>0</total>
				<timestamp>5553.011352</timestamp>
			</report>
			<report>
				<misses>879900001</misses>
				<total>0</total>
				<timestamp>5553.635513</timestamp>
			</report>
			<report>
				<misses>880000001</misses>
				<total>0</total>
				<timestamp>5554.260813</timestamp>
			</report>
			<report>
				<misses>880100001</misses>
				<total>0</total>
				<timestamp>5554.890694</timestamp>
			</report>
			<report>
				<misses>880200001</misses>
				<total>0</total>
				<timestamp>5555.514723</timestamp>
			</report>
			<report>
				<misses>880300001</misses>
				<total>0</total>
				<timestamp>5556.153160</timestamp>
			</report>
			<report>
				<misses>880400001</misses>
				<total>0</total>
				<timestamp>5556.777774</timestamp>
			</report>
			<report>
				<misses>880500001</misses>
				<total>0</total>
				<timestamp>5557.401803</timestamp>
			</report>
			<report>
				<misses>880600001</misses>
				<total>0</total>
				<timestamp>5558.025870</timestamp>
			</report>
			<report>
				<misses>880700001</misses>
				<total>0</total>
				<timestamp>5558.649573</timestamp>
			</report>
			<report>
				<misses>880800001</misses>
				<total>0</total>
				<timestamp>5559.273439</timestamp>
			</report>
			<report>
				<misses>880900001</misses>
				<total>0</total>
				<timestamp>5559.897517</timestamp>
			</report>
			<report>
				<misses>881000001</misses>
				<total>0</total>
				<timestamp>5560.522514</timestamp>
			</report>
			<report>
				<misses>881100001</misses>
				<total>0</total>
				<timestamp>5561.148373</timestamp>
			</report>
			<report>
				<misses>881200001</misses>
				<total>0</total>
				<timestamp>5561.771938</timestamp>
			</report>
			<report>
				<misses>881300001</misses>
				<total>0</total>
				<timestamp>5562.396084</timestamp>
			</report>
			<report>
				<misses>881400001</misses>
				<total>0</total>
				<timestamp>5563.020282</timestamp>
			</report>
			<report>
				<misses>881500001</misses>
				<total>0</total>
				<timestamp>5563.644554</timestamp>
			</report>
			<report>
				<misses>881600001</misses>
				<total>0</total>
				<timestamp>5564.268815</timestamp>
			</report>
			<report>
				<misses>881700001</misses>
				<total>0</total>
				<timestamp>5564.895266</timestamp>
			</report>
			<report>
				<misses>881800001</misses>
				<total>0</total>
				<timestamp>5565.516467</timestamp>
			</report>
			<report>
				<misses>881900001</misses>
				<total>0</total>
				<timestamp>5566.138490</timestamp>
			</report>
			<report>
				<misses>882000001</misses>
				<total>0</total>
				<timestamp>5566.762641</timestamp>
			</report>
			<report>
				<misses>882100001</misses>
				<total>0</total>
				<timestamp>5567.386273</timestamp>
			</report>
			<report>
				<misses>882200001</misses>
				<total>0</total>
				<timestamp>5568.009402</timestamp>
			</report>
			<report>
				<misses>882300001</misses>
				<total>0</total>
				<timestamp>5568.632549</timestamp>
			</report>
			<report>
				<misses>882400001</misses>
				<total>0</total>
				<timestamp>5569.255385</timestamp>
			</report>
			<report>
				<misses>882500001</misses>
				<total>0</total>
				<timestamp>5569.880112</timestamp>
			</report>
			<report>
				<misses>882600001</misses>
				<total>0</total>
				<timestamp>5570.504155</timestamp>
			</report>
			<report>
				<misses>882700001</misses>
				<total>0</total>
				<timestamp>5571.127806</timestamp>
			</report>
			<report>
				<misses>882800001</misses>
				<total>0</total>
				<timestamp>5571.751584</timestamp>
			</report>
			<report>
				<misses>882900001</misses>
				<total>0</total>
				<timestamp>5572.375221</timestamp>
			</report>
			<report>
				<misses>883000001</misses>
				<total>0</total>
				<timestamp>5572.997554</timestamp>
			</report>
			<report>
				<misses>883100001</misses>
				<total>0</total>
				<timestamp>5573.619601</timestamp>
			</report>
			<report>
				<misses>883200001</misses>
				<total>0</total>
				<timestamp>5574.242009</timestamp>
			</report>
			<report>
				<misses>883300001</misses>
				<total>0</total>
				<timestamp>5574.863504</timestamp>
			</report>
			<report>
				<misses>883400001</misses>
				<total>0</total>
				<timestamp>5575.485277</timestamp>
			</report>
			<report>
				<misses>883500001</misses>
				<total>0</total>
				<timestamp>5576.106496</timestamp>
			</report>
			<report>
				<misses>883600001</misses>
				<total>0</total>
				<timestamp>5576.730286</timestamp>
			</report>
			<report>
				<misses>883700001</misses>
				<total>0</total>
				<timestamp>5577.352081</timestamp>
			</report>
			<report>
				<misses>883800001</misses>
				<total>0</total>
				<timestamp>5577.974406</timestamp>
			</report>
			<report>
				<misses>883900001</misses>
				<total>0</total>
				<timestamp>5578.596330</timestamp>
			</report>
			<report>
				<misses>884000001</misses>
				<total>0</total>
				<timestamp>5579.218332</timestamp>
			</report>
			<report>
				<misses>884100001</misses>
				<total>0</total>
				<timestamp>5579.839850</timestamp>
			</report>
			<report>
				<misses>884200001</misses>
				<total>0</total>
				<timestamp>5580.461338</timestamp>
			</report>
			<report>
				<misses>884300001</misses>
				<total>0</total>
				<timestamp>5581.082955</timestamp>
			</report>
			<report>
				<misses>884400001</misses>
				<total>0</total>
				<timestamp>5581.706570</timestamp>
			</report>
			<report>
				<misses>884500001</misses>
				<total>0</total>
				<timestamp>5582.332311</timestamp>
			</report>
			<report>
				<misses>884600001</misses>
				<total>0</total>
				<timestamp>5582.955181</timestamp>
			</report>
			<report>
				<misses>884700001</misses>
				<total>0</total>
				<timestamp>5583.576407</timestamp>
			</report>
			<report>
				<misses>884800001</misses>
				<total>0</total>
				<timestamp>5584.197975</timestamp>
			</report>
			<report>
				<misses>884900001</misses>
				<total>0</total>
				<timestamp>5584.819415</timestamp>
			</report>
			<report>
				<misses>885000001</misses>
				<total>0</total>
				<timestamp>5585.440713</timestamp>
			</report>
			<report>
				<misses>885100001</misses>
				<total>0</total>
				<timestamp>5586.063280</timestamp>
			</report>
			<report>
				<misses>885200001</misses>
				<total>0</total>
				<timestamp>5586.685226</timestamp>
			</report>
			<report>
				<misses>885300001</misses>
				<total>0</total>
				<timestamp>5587.309219</timestamp>
			</report>
			<report>
				<misses>885400001</misses>
				<total>0</total>
				<timestamp>5587.930598</timestamp>
			</report>
			<report>
				<misses>885500001</misses>
				<total>0</total>
				<timestamp>5588.551250</timestamp>
			</report>
			<report>
				<misses>885600001</misses>
				<total>0</total>
				<timestamp>5589.172681</timestamp>
			</report>
			<report>
				<misses>885700001</misses>
				<total>0</total>
				<timestamp>5589.793368</timestamp>
			</report>
			<report>
				<misses>885800001</misses>
				<total>0</total>
				<timestamp>5590.413840</timestamp>
			</report>
			<report>
				<misses>885900001</misses>
				<total>0</total>
				<timestamp>5591.034451</timestamp>
			</report>
			<report>
				<misses>886000001</misses>
				<total>0</total>
				<timestamp>5591.655019</timestamp>
			</report>
			<report>
				<misses>886100001</misses>
				<total>0</total>
				<timestamp>5592.278497</timestamp>
			</report>
			<report>
				<misses>886200001</misses>
				<total>0</total>
				<timestamp>5592.898962</timestamp>
			</report>
			<report>
				<misses>886300001</misses>
				<total>0</total>
				<timestamp>5593.518694</timestamp>
			</report>
			<report>
				<misses>886400001</misses>
				<total>0</total>
				<timestamp>5594.139153</timestamp>
			</report>
			<report>
				<misses>886500001</misses>
				<total>0</total>
				<timestamp>5594.759792</timestamp>
			</report>
			<report>
				<misses>886600001</misses>
				<total>0</total>
				<timestamp>5595.380195</timestamp>
			</report>
			<report>
				<misses>886700001</misses>
				<total>0</total>
				<timestamp>5596.000408</timestamp>
			</report>
			<report>
				<misses>886800001</misses>
				<total>0</total>
				<timestamp>5596.620671</timestamp>
			</report>
			<report>
				<misses>886900001</misses>
				<total>0</total>
				<timestamp>5597.255860</timestamp>
			</report>
			<report>
				<misses>887000001</misses>
				<total>0</total>
				<timestamp>5597.875493</timestamp>
			</report>
			<report>
				<misses>887100001</misses>
				<total>0</total>
				<timestamp>5598.495424</timestamp>
			</report>
			<report>
				<misses>887200001</misses>
				<total>0</total>
				<timestamp>5599.117496</timestamp>
			</report>
			<report>
				<misses>887300001</misses>
				<total>0</total>
				<timestamp>5599.737946</timestamp>
			</report>
			<report>
				<misses>887400001</misses>
				<total>0</total>
				<timestamp>5600.358774</timestamp>
			</report>
			<report>
				<misses>887500001</misses>
				<total>0</total>
				<timestamp>5600.979997</timestamp>
			</report>
			<report>
				<misses>887600001</misses>
				<total>0</total>
				<timestamp>5601.600304</timestamp>
			</report>
			<report>
				<misses>887700001</misses>
				<total>0</total>
				<timestamp>5602.220376</timestamp>
			</report>
			<report>
				<misses>887800001</misses>
				<total>0</total>
				<timestamp>5602.841522</timestamp>
			</report>
			<report>
				<misses>887900001</misses>
				<total>0</total>
				<timestamp>5603.461806</timestamp>
			</report>
			<report>
				<misses>888000001</misses>
				<total>0</total>
				<timestamp>5604.086814</timestamp>
			</report>
			<report>
				<misses>888100001</misses>
				<total>0</total>
				<timestamp>5604.706809</timestamp>
			</report>
			<report>
				<misses>888200001</misses>
				<total>0</total>
				<timestamp>5605.327646</timestamp>
			</report>
			<report>
				<misses>888300001</misses>
				<total>0</total>
				<timestamp>5605.950654</timestamp>
			</report>
			<report>
				<misses>888400001</misses>
				<total>0</total>
				<timestamp>5606.571000</timestamp>
			</report>
			<report>
				<misses>888500001</misses>
				<total>0</total>
				<timestamp>5607.192015</timestamp>
			</report>
			<report>
				<misses>888600001</misses>
				<total>0</total>
				<timestamp>5607.812586</timestamp>
			</report>
			<report>
				<misses>888700001</misses>
				<total>0</total>
				<timestamp>5608.433102</timestamp>
			</report>
			<report>
				<misses>888800001</misses>
				<total>0</total>
				<timestamp>5609.058971</timestamp>
			</report>
			<report>
				<misses>888900001</misses>
				<total>0</total>
				<timestamp>5609.679488</timestamp>
			</report>
			<report>
				<misses>889000001</misses>
				<total>0</total>
				<timestamp>5610.322775</timestamp>
			</report>
			<report>
				<misses>889100001</misses>
				<total>0</total>
				<timestamp>5610.943187</timestamp>
			</report>
			<report>
				<misses>889200001</misses>
				<total>0</total>
				<timestamp>5611.563114</timestamp>
			</report>
			<report>
				<misses>889300001</misses>
				<total>0</total>
				<timestamp>5612.184038</timestamp>
			</report>
			<report>
				<misses>889400001</misses>
				<total>0</total>
				<timestamp>5612.806599</timestamp>
			</report>
			<report>
				<misses>889500001</misses>
				<total>0</total>
				<timestamp>5613.426799</timestamp>
			</report>
			<report>
				<misses>889600001</misses>
				<total>0</total>
				<timestamp>5614.046639</timestamp>
			</report>
			<report>
				<misses>889700001</misses>
				<total>0</total>
				<timestamp>5614.666351</timestamp>
			</report>
			<report>
				<misses>889800001</misses>
				<total>0</total>
				<timestamp>5615.286106</timestamp>
			</report>
			<report>
				<misses>889900001</misses>
				<total>0</total>
				<timestamp>5615.922030</timestamp>
			</report>
			<report>
				<misses>890000001</misses>
				<total>0</total>
				<timestamp>5616.562773</timestamp>
			</report>
			<report>
				<misses>890100001</misses>
				<total>0</total>
				<timestamp>5617.184121</timestamp>
			</report>
			<report>
				<misses>890200001</misses>
				<total>0</total>
				<timestamp>5617.807764</timestamp>
			</report>
			<report>
				<misses>890300001</misses>
				<total>0</total>
				<timestamp>5618.429774</timestamp>
			</report>
			<report>
				<misses>890400001</misses>
				<total>0</total>
				<timestamp>5619.051491</timestamp>
			</report>
			<report>
				<misses>890500001</misses>
				<total>0</total>
				<timestamp>5619.672983</timestamp>
			</report>
			<report>
				<misses>890600001</misses>
				<total>0</total>
				<timestamp>5620.295932</timestamp>
			</report>
			<report>
				<misses>890700001</misses>
				<total>0</total>
				<timestamp>5620.918108</timestamp>
			</report>
			<report>
				<misses>890800001</misses>
				<total>0</total>
				<timestamp>5621.539090</timestamp>
			</report>
			<report>
				<misses>890900001</misses>
				<total>0</total>
				<timestamp>5622.159943</timestamp>
			</report>
			<report>
				<misses>891000001</misses>
				<total>0</total>
				<timestamp>5622.784104</timestamp>
			</report>
			<report>
				<misses>891100001</misses>
				<total>0</total>
				<timestamp>5623.405022</timestamp>
			</report>
			<report>
				<misses>891200001</misses>
				<total>0</total>
				<timestamp>5624.027566</timestamp>
			</report>
			<report>
				<misses>891300001</misses>
				<total>0</total>
				<timestamp>5624.648286</timestamp>
			</report>
			<report>
				<misses>891400001</misses>
				<total>0</total>
				<timestamp>5625.271497</timestamp>
			</report>
			<report>
				<misses>891500001</misses>
				<total>0</total>
				<timestamp>5625.892097</timestamp>
			</report>
			<report>
				<misses>891600001</misses>
				<total>0</total>
				<timestamp>5626.512727</timestamp>
			</report>
			<report>
				<misses>891700001</misses>
				<total>0</total>
				<timestamp>5627.133331</timestamp>
			</report>
			<report>
				<misses>891800001</misses>
				<total>0</total>
				<timestamp>5627.754562</timestamp>
			</report>
			<report>
				<misses>891900001</misses>
				<total>0</total>
				<timestamp>5628.374907</timestamp>
			</report>
			<report>
				<misses>892000001</misses>
				<total>0</total>
				<timestamp>5628.995338</timestamp>
			</report>
			<report>
				<misses>892100001</misses>
				<total>0</total>
				<timestamp>5629.615896</timestamp>
			</report>
			<report>
				<misses>892200001</misses>
				<total>0</total>
				<timestamp>5630.257698</timestamp>
			</report>
			<report>
				<misses>892300001</misses>
				<total>0</total>
				<timestamp>5630.876445</timestamp>
			</report>
			<report>
				<misses>892400001</misses>
				<total>0</total>
				<timestamp>5631.497184</timestamp>
			</report>
			<report>
				<misses>892500001</misses>
				<total>0</total>
				<timestamp>5632.117933</timestamp>
			</report>
			<report>
				<misses>892600001</misses>
				<total>0</total>
				<timestamp>5632.739462</timestamp>
			</report>
			<report>
				<misses>892700001</misses>
				<total>0</total>
				<timestamp>5633.359280</timestamp>
			</report>
			<report>
				<misses>892800001</misses>
				<total>0</total>
				<timestamp>5633.979665</timestamp>
			</report>
			<report>
				<misses>892900001</misses>
				<total>0</total>
				<timestamp>5634.600278</timestamp>
			</report>
			<report>
				<misses>893000001</misses>
				<total>0</total>
				<timestamp>5635.220154</timestamp>
			</report>
			<report>
				<misses>893100001</misses>
				<total>0</total>
				<timestamp>5635.842811</timestamp>
			</report>
			<report>
				<misses>893200001</misses>
				<total>0</total>
				<timestamp>5636.463414</timestamp>
			</report>
			<report>
				<misses>893300001</misses>
				<total>0</total>
				<timestamp>5637.084845</timestamp>
			</report>
			<report>
				<misses>893400001</misses>
				<total>0</total>
				<timestamp>5637.705221</timestamp>
			</report>
			<report>
				<misses>893500001</misses>
				<total>0</total>
				<timestamp>5638.324702</timestamp>
			</report>
			<report>
				<misses>893600001</misses>
				<total>0</total>
				<timestamp>5638.945196</timestamp>
			</report>
			<report>
				<misses>893700001</misses>
				<total>0</total>
				<timestamp>5639.565433</timestamp>
			</report>
			<report>
				<misses>893800001</misses>
				<total>0</total>
				<timestamp>5640.185631</timestamp>
			</report>
			<report>
				<misses>893900001</misses>
				<total>0</total>
				<timestamp>5640.807964</timestamp>
			</report>
			<report>
				<misses>894000001</misses>
				<total>0</total>
				<timestamp>5641.428981</timestamp>
			</report>
			<report>
				<misses>894100001</misses>
				<total>0</total>
				<timestamp>5642.051453</timestamp>
			</report>
			<report>
				<misses>894200001</misses>
				<total>0</total>
				<timestamp>5642.671646</timestamp>
			</report>
			<report>
				<misses>894300001</misses>
				<total>0</total>
				<timestamp>5643.310598</timestamp>
			</report>
			<report>
				<misses>894400001</misses>
				<total>0</total>
				<timestamp>5643.931158</timestamp>
			</report>
			<report>
				<misses>894500001</misses>
				<total>0</total>
				<timestamp>5644.551329</timestamp>
			</report>
			<report>
				<misses>894600001</misses>
				<total>0</total>
				<timestamp>5645.172284</timestamp>
			</report>
			<report>
				<misses>894700001</misses>
				<total>0</total>
				<timestamp>5645.792642</timestamp>
			</report>
			<report>
				<misses>894800001</misses>
				<total>0</total>
				<timestamp>5646.412926</timestamp>
			</report>
			<report>
				<misses>894900001</misses>
				<total>0</total>
				<timestamp>5647.041666</timestamp>
			</report>
			<report>
				<misses>895000001</misses>
				<total>0</total>
				<timestamp>5647.662078</timestamp>
			</report>
			<report>
				<misses>895100001</misses>
				<total>0</total>
				<timestamp>5648.283076</timestamp>
			</report>
			<report>
				<misses>895200001</misses>
				<total>0</total>
				<timestamp>5648.904034</timestamp>
			</report>
			<report>
				<misses>895300001</misses>
				<total>0</total>
				<timestamp>5649.524286</timestamp>
			</report>
			<report>
				<misses>895400001</misses>
				<total>0</total>
				<timestamp>5650.146262</timestamp>
			</report>
			<report>
				<misses>895500001</misses>
				<total>0</total>
				<timestamp>5650.767094</timestamp>
			</report>
			<report>
				<misses>895600001</misses>
				<total>0</total>
				<timestamp>5651.387559</timestamp>
			</report>
			<report>
				<misses>895700001</misses>
				<total>0</total>
				<timestamp>5652.007320</timestamp>
			</report>
			<report>
				<misses>895800001</misses>
				<total>0</total>
				<timestamp>5652.626679</timestamp>
			</report>
			<report>
				<misses>895900001</misses>
				<total>0</total>
				<timestamp>5653.247146</timestamp>
			</report>
			<report>
				<misses>896000001</misses>
				<total>0</total>
				<timestamp>5653.867606</timestamp>
			</report>
			<report>
				<misses>896100001</misses>
				<total>0</total>
				<timestamp>5654.488085</timestamp>
			</report>
			<report>
				<misses>896200001</misses>
				<total>0</total>
				<timestamp>5655.110673</timestamp>
			</report>
			<report>
				<misses>896300001</misses>
				<total>0</total>
				<timestamp>5655.732637</timestamp>
			</report>
			<report>
				<misses>896400001</misses>
				<total>0</total>
				<timestamp>5656.353701</timestamp>
			</report>
			<report>
				<misses>896500001</misses>
				<total>0</total>
				<timestamp>5656.975021</timestamp>
			</report>
			<report>
				<misses>896600001</misses>
				<total>0</total>
				<timestamp>5657.595395</timestamp>
			</report>
			<report>
				<misses>896700001</misses>
				<total>0</total>
				<timestamp>5658.218843</timestamp>
			</report>
			<report>
				<misses>896800001</misses>
				<total>0</total>
				<timestamp>5658.843134</timestamp>
			</report>
			<report>
				<misses>896900001</misses>
				<total>0</total>
				<timestamp>5659.463058</timestamp>
			</report>
			<report>
				<misses>897000001</misses>
				<total>0</total>
				<timestamp>5660.083952</timestamp>
			</report>
			<report>
				<misses>897100001</misses>
				<total>0</total>
				<timestamp>5660.704714</timestamp>
			</report>
			<report>
				<misses>897200001</misses>
				<total>0</total>
				<timestamp>5661.324645</timestamp>
			</report>
			<report>
				<misses>897300001</misses>
				<total>0</total>
				<timestamp>5661.946946</timestamp>
			</report>
			<report>
				<misses>897400001</misses>
				<total>0</total>
				<timestamp>5662.566875</timestamp>
			</report>
			<report>
				<misses>897500001</misses>
				<total>0</total>
				<timestamp>5663.187348</timestamp>
			</report>
			<report>
				<misses>897600001</misses>
				<total>0</total>
				<timestamp>5663.808046</timestamp>
			</report>
			<report>
				<misses>897700001</misses>
				<total>0</total>
				<timestamp>5664.429023</timestamp>
			</report>
			<report>
				<misses>897800001</misses>
				<total>0</total>
				<timestamp>5665.064309</timestamp>
			</report>
			<report>
				<misses>897900001</misses>
				<total>0</total>
				<timestamp>5665.685812</timestamp>
			</report>
			<report>
				<misses>898000001</misses>
				<total>0</total>
				<timestamp>5666.308510</timestamp>
			</report>
			<report>
				<misses>898100001</misses>
				<total>0</total>
				<timestamp>5666.930475</timestamp>
			</report>
			<report>
				<misses>898200001</misses>
				<total>0</total>
				<timestamp>5667.552444</timestamp>
			</report>
			<report>
				<misses>898300001</misses>
				<total>0</total>
				<timestamp>5668.174848</timestamp>
			</report>
			<report>
				<misses>898400001</misses>
				<total>0</total>
				<timestamp>5668.799635</timestamp>
			</report>
			<report>
				<misses>898500001</misses>
				<total>0</total>
				<timestamp>5669.422060</timestamp>
			</report>
			<report>
				<misses>898600001</misses>
				<total>0</total>
				<timestamp>5670.045428</timestamp>
			</report>
			<report>
				<misses>898700001</misses>
				<total>0</total>
				<timestamp>5670.667413</timestamp>
			</report>
			<report>
				<misses>898800001</misses>
				<total>0</total>
				<timestamp>5671.288803</timestamp>
			</report>
			<report>
				<misses>898900001</misses>
				<total>0</total>
				<timestamp>5671.909555</timestamp>
			</report>
			<report>
				<misses>899000001</misses>
				<total>0</total>
				<timestamp>5672.530312</timestamp>
			</report>
			<report>
				<misses>899100001</misses>
				<total>0</total>
				<timestamp>5673.151347</timestamp>
			</report>
			<report>
				<misses>899200001</misses>
				<total>0</total>
				<timestamp>5673.774216</timestamp>
			</report>
			<report>
				<misses>899300001</misses>
				<total>0</total>
				<timestamp>5674.395140</timestamp>
			</report>
			<report>
				<misses>899400001</misses>
				<total>0</total>
				<timestamp>5675.016636</timestamp>
			</report>
			<report>
				<misses>899500001</misses>
				<total>0</total>
				<timestamp>5675.636743</timestamp>
			</report>
			<report>
				<misses>899600001</misses>
				<total>0</total>
				<timestamp>5676.257254</timestamp>
			</report>
			<report>
				<misses>899700001</misses>
				<total>0</total>
				<timestamp>5676.877619</timestamp>
			</report>
			<report>
				<misses>899800001</misses>
				<total>0</total>
				<timestamp>5677.498800</timestamp>
			</report>
			<report>
				<misses>899900001</misses>
				<total>0</total>
				<timestamp>5678.119878</timestamp>
			</report>
			<report>
				<misses>900000001</misses>
				<total>0</total>
				<timestamp>5678.742429</timestamp>
			</report>
			<report>
				<misses>900100001</misses>
				<total>0</total>
				<timestamp>5679.363402</timestamp>
			</report>
			<report>
				<misses>900200001</misses>
				<total>0</total>
				<timestamp>5679.983739</timestamp>
			</report>
			<report>
				<misses>900300001</misses>
				<total>0</total>
				<timestamp>5680.604245</timestamp>
			</report>
			<report>
				<misses>900400001</misses>
				<total>0</total>
				<timestamp>5681.224770</timestamp>
			</report>
			<report>
				<misses>900500001</misses>
				<total>0</total>
				<timestamp>5681.844909</timestamp>
			</report>
			<report>
				<misses>900600001</misses>
				<total>0</total>
				<timestamp>5682.465257</timestamp>
			</report>
			<report>
				<misses>900700001</misses>
				<total>0</total>
				<timestamp>5683.086806</timestamp>
			</report>
			<report>
				<misses>900800001</misses>
				<total>0</total>
				<timestamp>5683.707590</timestamp>
			</report>
			<report>
				<misses>900900001</misses>
				<total>0</total>
				<timestamp>5684.330453</timestamp>
			</report>
			<report>
				<misses>901000001</misses>
				<total>0</total>
				<timestamp>5684.951431</timestamp>
			</report>
			<report>
				<misses>901100001</misses>
				<total>0</total>
				<timestamp>5685.572875</timestamp>
			</report>
			<report>
				<misses>901200001</misses>
				<total>0</total>
				<timestamp>5686.193939</timestamp>
			</report>
			<report>
				<misses>901300001</misses>
				<total>0</total>
				<timestamp>5686.814771</timestamp>
			</report>
			<report>
				<misses>901400001</misses>
				<total>0</total>
				<timestamp>5687.435705</timestamp>
			</report>
			<report>
				<misses>901500001</misses>
				<total>0</total>
				<timestamp>5688.056449</timestamp>
			</report>
			<report>
				<misses>901600001</misses>
				<total>0</total>
				<timestamp>5688.676591</timestamp>
			</report>
			<report>
				<misses>901700001</misses>
				<total>0</total>
				<timestamp>5689.297960</timestamp>
			</report>
			<report>
				<misses>901800001</misses>
				<total>0</total>
				<timestamp>5689.918881</timestamp>
			</report>
			<report>
				<misses>901900001</misses>
				<total>0</total>
				<timestamp>5690.540829</timestamp>
			</report>
			<report>
				<misses>902000001</misses>
				<total>0</total>
				<timestamp>5691.166229</timestamp>
			</report>
			<report>
				<misses>902100001</misses>
				<total>0</total>
				<timestamp>5691.787584</timestamp>
			</report>
			<report>
				<misses>902200001</misses>
				<total>0</total>
				<timestamp>5692.408246</timestamp>
			</report>
			<report>
				<misses>902300001</misses>
				<total>0</total>
				<timestamp>5693.029045</timestamp>
			</report>
			<report>
				<misses>902400001</misses>
				<total>0</total>
				<timestamp>5693.649973</timestamp>
			</report>
			<report>
				<misses>902500001</misses>
				<total>0</total>
				<timestamp>5694.271446</timestamp>
			</report>
			<report>
				<misses>902600001</misses>
				<total>0</total>
				<timestamp>5694.891397</timestamp>
			</report>
			<report>
				<misses>902700001</misses>
				<total>0</total>
				<timestamp>5695.511651</timestamp>
			</report>
			<report>
				<misses>902800001</misses>
				<total>0</total>
				<timestamp>5696.132804</timestamp>
			</report>
			<report>
				<misses>902900001</misses>
				<total>0</total>
				<timestamp>5696.753414</timestamp>
			</report>
			<report>
				<misses>903000001</misses>
				<total>0</total>
				<timestamp>5697.373978</timestamp>
			</report>
			<report>
				<misses>903100001</misses>
				<total>0</total>
				<timestamp>5697.994734</timestamp>
			</report>
			<report>
				<misses>903200001</misses>
				<total>0</total>
				<timestamp>5698.615444</timestamp>
			</report>
			<report>
				<misses>903300001</misses>
				<total>0</total>
				<timestamp>5699.235987</timestamp>
			</report>
			<report>
				<misses>903400001</misses>
				<total>0</total>
				<timestamp>5699.860377</timestamp>
			</report>
			<report>
				<misses>903500001</misses>
				<total>0</total>
				<timestamp>5700.481726</timestamp>
			</report>
			<report>
				<misses>903600001</misses>
				<total>0</total>
				<timestamp>5701.103511</timestamp>
			</report>
			<report>
				<misses>903700001</misses>
				<total>0</total>
				<timestamp>5701.723813</timestamp>
			</report>
			<report>
				<misses>903800001</misses>
				<total>0</total>
				<timestamp>5702.344430</timestamp>
			</report>
			<report>
				<misses>903900001</misses>
				<total>0</total>
				<timestamp>5702.965147</timestamp>
			</report>
			<report>
				<misses>904000001</misses>
				<total>0</total>
				<timestamp>5703.585581</timestamp>
			</report>
			<report>
				<misses>904100001</misses>
				<total>0</total>
				<timestamp>5704.206443</timestamp>
			</report>
			<report>
				<misses>904200001</misses>
				<total>0</total>
				<timestamp>5704.826719</timestamp>
			</report>
			<report>
				<misses>904300001</misses>
				<total>0</total>
				<timestamp>5705.447366</timestamp>
			</report>
			<report>
				<misses>904400001</misses>
				<total>0</total>
				<timestamp>5706.068591</timestamp>
			</report>
			<report>
				<misses>904500001</misses>
				<total>0</total>
				<timestamp>5706.706887</timestamp>
			</report>
			<report>
				<misses>904600001</misses>
				<total>0</total>
				<timestamp>5707.327192</timestamp>
			</report>
			<report>
				<misses>904700001</misses>
				<total>0</total>
				<timestamp>5707.958160</timestamp>
			</report>
			<report>
				<misses>904800001</misses>
				<total>0</total>
				<timestamp>5708.578739</timestamp>
			</report>
			<report>
				<misses>904900001</misses>
				<total>0</total>
				<timestamp>5709.199192</timestamp>
			</report>
			<report>
				<misses>905000001</misses>
				<total>0</total>
				<timestamp>5709.824364</timestamp>
			</report>
			<report>
				<misses>905100001</misses>
				<total>0</total>
				<timestamp>5710.446084</timestamp>
			</report>
			<report>
				<misses>905200001</misses>
				<total>0</total>
				<timestamp>5711.068428</timestamp>
			</report>
			<report>
				<misses>905300001</misses>
				<total>0</total>
				<timestamp>5711.689342</timestamp>
			</report>
			<report>
				<misses>905400001</misses>
				<total>0</total>
				<timestamp>5712.323314</timestamp>
			</report>
			<report>
				<misses>905500001</misses>
				<total>0</total>
				<timestamp>5712.944578</timestamp>
			</report>
			<report>
				<misses>905600001</misses>
				<total>0</total>
				<timestamp>5713.565413</timestamp>
			</report>
			<report>
				<misses>905700001</misses>
				<total>0</total>
				<timestamp>5714.186109</timestamp>
			</report>
			<report>
				<misses>905800001</misses>
				<total>0</total>
				<timestamp>5714.807450</timestamp>
			</report>
			<report>
				<misses>905900001</misses>
				<total>0</total>
				<timestamp>5715.429872</timestamp>
			</report>
			<report>
				<misses>906000001</misses>
				<total>0</total>
				<timestamp>5716.052529</timestamp>
			</report>
			<report>
				<misses>906100001</misses>
				<total>0</total>
				<timestamp>5716.674779</timestamp>
			</report>
			<report>
				<misses>906200001</misses>
				<total>0</total>
				<timestamp>5717.296272</timestamp>
			</report>
			<report>
				<misses>906300001</misses>
				<total>0</total>
				<timestamp>5717.918314</timestamp>
			</report>
			<report>
				<misses>906400001</misses>
				<total>0</total>
				<timestamp>5718.539300</timestamp>
			</report>
			<report>
				<misses>906500001</misses>
				<total>0</total>
				<timestamp>5719.169037</timestamp>
			</report>
			<report>
				<misses>906600001</misses>
				<total>0</total>
				<timestamp>5719.790599</timestamp>
			</report>
			<report>
				<misses>906700001</misses>
				<total>0</total>
				<timestamp>5720.411845</timestamp>
			</report>
			<report>
				<misses>906800001</misses>
				<total>0</total>
				<timestamp>5721.032807</timestamp>
			</report>
			<report>
				<misses>906900001</misses>
				<total>0</total>
				<timestamp>5721.653320</timestamp>
			</report>
			<report>
				<misses>907000001</misses>
				<total>0</total>
				<timestamp>5722.283222</timestamp>
			</report>
			<report>
				<misses>907100001</misses>
				<total>0</total>
				<timestamp>5722.903542</timestamp>
			</report>
			<report>
				<misses>907200001</misses>
				<total>0</total>
				<timestamp>5723.524532</timestamp>
			</report>
			<report>
				<misses>907300001</misses>
				<total>0</total>
				<timestamp>5724.148432</timestamp>
			</report>
			<report>
				<misses>907400001</misses>
				<total>0</total>
				<timestamp>5724.770443</timestamp>
			</report>
			<report>
				<misses>907500001</misses>
				<total>0</total>
				<timestamp>5725.391074</timestamp>
			</report>
			<report>
				<misses>907600001</misses>
				<total>0</total>
				<timestamp>5726.010974</timestamp>
			</report>
			<report>
				<misses>907700001</misses>
				<total>0</total>
				<timestamp>5726.630771</timestamp>
			</report>
			<report>
				<misses>907800001</misses>
				<total>0</total>
				<timestamp>5727.256546</timestamp>
			</report>
			<report>
				<misses>907900001</misses>
				<total>0</total>
				<timestamp>5727.876983</timestamp>
			</report>
			<report>
				<misses>908000001</misses>
				<total>0</total>
				<timestamp>5728.497313</timestamp>
			</report>
			<report>
				<misses>908100001</misses>
				<total>0</total>
				<timestamp>5729.124820</timestamp>
			</report>
			<report>
				<misses>908200001</misses>
				<total>0</total>
				<timestamp>5729.745466</timestamp>
			</report>
			<report>
				<misses>908300001</misses>
				<total>0</total>
				<timestamp>5730.365153</timestamp>
			</report>
			<report>
				<misses>908400001</misses>
				<total>0</total>
				<timestamp>5730.994822</timestamp>
			</report>
			<report>
				<misses>908500001</misses>
				<total>0</total>
				<timestamp>5731.614807</timestamp>
			</report>
			<report>
				<misses>908600001</misses>
				<total>0</total>
				<timestamp>5732.235117</timestamp>
			</report>
			<report>
				<misses>908700001</misses>
				<total>0</total>
				<timestamp>5732.855007</timestamp>
			</report>
			<report>
				<misses>908800001</misses>
				<total>0</total>
				<timestamp>5733.474867</timestamp>
			</report>
			<report>
				<misses>908900001</misses>
				<total>0</total>
				<timestamp>5734.095118</timestamp>
			</report>
			<report>
				<misses>909000001</misses>
				<total>0</total>
				<timestamp>5734.714889</timestamp>
			</report>
			<report>
				<misses>909100001</misses>
				<total>0</total>
				<timestamp>5735.337157</timestamp>
			</report>
			<report>
				<misses>909200001</misses>
				<total>0</total>
				<timestamp>5735.956823</timestamp>
			</report>
			<report>
				<misses>909300001</misses>
				<total>0</total>
				<timestamp>5736.577033</timestamp>
			</report>
			<report>
				<misses>909400001</misses>
				<total>0</total>
				<timestamp>5737.198968</timestamp>
			</report>
			<report>
				<misses>909500001</misses>
				<total>0</total>
				<timestamp>5737.826581</timestamp>
			</report>
			<report>
				<misses>909600001</misses>
				<total>0</total>
				<timestamp>5738.449449</timestamp>
			</report>
			<report>
				<misses>909700001</misses>
				<total>0</total>
				<timestamp>5739.069731</timestamp>
			</report>
			<report>
				<misses>909800001</misses>
				<total>0</total>
				<timestamp>5739.690355</timestamp>
			</report>
			<report>
				<misses>909900001</misses>
				<total>0</total>
				<timestamp>5740.310005</timestamp>
			</report>
			<report>
				<misses>910000001</misses>
				<total>0</total>
				<timestamp>5740.930571</timestamp>
			</report>
			<report>
				<misses>910100001</misses>
				<total>0</total>
				<timestamp>5741.550320</timestamp>
			</report>
			<report>
				<misses>910200001</misses>
				<total>0</total>
				<timestamp>5742.171190</timestamp>
			</report>
			<report>
				<misses>910300001</misses>
				<total>0</total>
				<timestamp>5742.792154</timestamp>
			</report>
			<report>
				<misses>910400001</misses>
				<total>0</total>
				<timestamp>5743.412797</timestamp>
			</report>
			<report>
				<misses>910500001</misses>
				<total>0</total>
				<timestamp>5744.033088</timestamp>
			</report>
			<report>
				<misses>910600001</misses>
				<total>0</total>
				<timestamp>5744.653641</timestamp>
			</report>
			<report>
				<misses>910700001</misses>
				<total>0</total>
				<timestamp>5745.273227</timestamp>
			</report>
			<report>
				<misses>910800001</misses>
				<total>0</total>
				<timestamp>5745.893955</timestamp>
			</report>
			<report>
				<misses>910900001</misses>
				<total>0</total>
				<timestamp>5746.514043</timestamp>
			</report>
			<report>
				<misses>911000001</misses>
				<total>0</total>
				<timestamp>5747.134856</timestamp>
			</report>
			<report>
				<misses>911100001</misses>
				<total>0</total>
				<timestamp>5747.754429</timestamp>
			</report>
			<report>
				<misses>911200001</misses>
				<total>0</total>
				<timestamp>5748.374047</timestamp>
			</report>
			<report>
				<misses>911300001</misses>
				<total>0</total>
				<timestamp>5748.994150</timestamp>
			</report>
			<report>
				<misses>911400001</misses>
				<total>0</total>
				<timestamp>5749.614216</timestamp>
			</report>
			<report>
				<misses>911500001</misses>
				<total>0</total>
				<timestamp>5750.234597</timestamp>
			</report>
			<report>
				<misses>911600001</misses>
				<total>0</total>
				<timestamp>5750.854084</timestamp>
			</report>
			<report>
				<misses>911700001</misses>
				<total>0</total>
				<timestamp>5751.474297</timestamp>
			</report>
			<report>
				<misses>911800001</misses>
				<total>0</total>
				<timestamp>5752.094853</timestamp>
			</report>
			<report>
				<misses>911900001</misses>
				<total>0</total>
				<timestamp>5752.714911</timestamp>
			</report>
			<report>
				<misses>912000001</misses>
				<total>0</total>
				<timestamp>5753.335475</timestamp>
			</report>
			<report>
				<misses>912100001</misses>
				<total>0</total>
				<timestamp>5753.965450</timestamp>
			</report>
			<report>
				<misses>912200001</misses>
				<total>0</total>
				<timestamp>5754.585376</timestamp>
			</report>
			<report>
				<misses>912300001</misses>
				<total>0</total>
				<timestamp>5755.212617</timestamp>
			</report>
			<report>
				<misses>912400001</misses>
				<total>0</total>
				<timestamp>5755.832018</timestamp>
			</report>
			<report>
				<misses>912500001</misses>
				<total>0</total>
				<timestamp>5756.452371</timestamp>
			</report>
			<report>
				<misses>912600001</misses>
				<total>0</total>
				<timestamp>5757.073276</timestamp>
			</report>
			<report>
				<misses>912700001</misses>
				<total>0</total>
				<timestamp>5757.693005</timestamp>
			</report>
			<report>
				<misses>912800001</misses>
				<total>0</total>
				<timestamp>5758.312702</timestamp>
			</report>
			<report>
				<misses>912900001</misses>
				<total>0</total>
				<timestamp>5758.932133</timestamp>
			</report>
			<report>
				<misses>913000001</misses>
				<total>0</total>
				<timestamp>5759.552075</timestamp>
			</report>
			<report>
				<misses>913100001</misses>
				<total>0</total>
				<timestamp>5760.173282</timestamp>
			</report>
			<report>
				<misses>913200001</misses>
				<total>0</total>
				<timestamp>5760.793130</timestamp>
			</report>
			<report>
				<misses>913300001</misses>
				<total>0</total>
				<timestamp>5761.414261</timestamp>
			</report>
			<report>
				<misses>913400001</misses>
				<total>0</total>
				<timestamp>5762.035856</timestamp>
			</report>
			<report>
				<misses>913500001</misses>
				<total>0</total>
				<timestamp>5762.656084</timestamp>
			</report>
			<report>
				<misses>913600001</misses>
				<total>0</total>
				<timestamp>5763.281380</timestamp>
			</report>
			<report>
				<misses>913700001</misses>
				<total>0</total>
				<timestamp>5763.903042</timestamp>
			</report>
			<report>
				<misses>913800001</misses>
				<total>0</total>
				<timestamp>5764.525116</timestamp>
			</report>
			<report>
				<misses>913900001</misses>
				<total>0</total>
				<timestamp>5765.150468</timestamp>
			</report>
			<report>
				<misses>914000001</misses>
				<total>0</total>
				<timestamp>5765.775064</timestamp>
			</report>
			<report>
				<misses>914100001</misses>
				<total>0</total>
				<timestamp>5766.396580</timestamp>
			</report>
			<report>
				<misses>914200001</misses>
				<total>0</total>
				<timestamp>5767.017627</timestamp>
			</report>
			<report>
				<misses>914300001</misses>
				<total>0</total>
				<timestamp>5767.639135</timestamp>
			</report>
			<report>
				<misses>914400001</misses>
				<total>0</total>
				<timestamp>5768.262371</timestamp>
			</report>
			<report>
				<misses>914500001</misses>
				<total>0</total>
				<timestamp>5768.885976</timestamp>
			</report>
			<report>
				<misses>914600001</misses>
				<total>0</total>
				<timestamp>5769.506141</timestamp>
			</report>
			<report>
				<misses>914700001</misses>
				<total>0</total>
				<timestamp>5770.132391</timestamp>
			</report>
			<report>
				<misses>914800001</misses>
				<total>0</total>
				<timestamp>5770.753175</timestamp>
			</report>
			<report>
				<misses>914900001</misses>
				<total>0</total>
				<timestamp>5771.373015</timestamp>
			</report>
			<report>
				<misses>915000001</misses>
				<total>0</total>
				<timestamp>5771.993488</timestamp>
			</report>
			<report>
				<misses>915100001</misses>
				<total>0</total>
				<timestamp>5772.613927</timestamp>
			</report>
			<report>
				<misses>915200001</misses>
				<total>0</total>
				<timestamp>5773.238667</timestamp>
			</report>
			<report>
				<misses>915300001</misses>
				<total>0</total>
				<timestamp>5773.858837</timestamp>
			</report>
			<report>
				<misses>915400001</misses>
				<total>0</total>
				<timestamp>5774.479529</timestamp>
			</report>
			<report>
				<misses>915500001</misses>
				<total>0</total>
				<timestamp>5775.101009</timestamp>
			</report>
			<report>
				<misses>915600001</misses>
				<total>0</total>
				<timestamp>5775.721049</timestamp>
			</report>
			<report>
				<misses>915700001</misses>
				<total>0</total>
				<timestamp>5776.340200</timestamp>
			</report>
			<report>
				<misses>915800001</misses>
				<total>0</total>
				<timestamp>5776.960455</timestamp>
			</report>
			<report>
				<misses>915900001</misses>
				<total>0</total>
				<timestamp>5777.579968</timestamp>
			</report>
			<report>
				<misses>916000001</misses>
				<total>0</total>
				<timestamp>5778.200551</timestamp>
			</report>
			<report>
				<misses>916100001</misses>
				<total>0</total>
				<timestamp>5778.820775</timestamp>
			</report>
			<report>
				<misses>916200001</misses>
				<total>0</total>
				<timestamp>5779.440995</timestamp>
			</report>
			<report>
				<misses>916300001</misses>
				<total>0</total>
				<timestamp>5780.061614</timestamp>
			</report>
			<report>
				<misses>916400001</misses>
				<total>0</total>
				<timestamp>5780.681638</timestamp>
			</report>
			<report>
				<misses>916500001</misses>
				<total>0</total>
				<timestamp>5781.301128</timestamp>
			</report>
			<report>
				<misses>916600001</misses>
				<total>0</total>
				<timestamp>5781.920864</timestamp>
			</report>
			<report>
				<misses>916700001</misses>
				<total>0</total>
				<timestamp>5782.540123</timestamp>
			</report>
			<report>
				<misses>916800001</misses>
				<total>0</total>
				<timestamp>5783.160786</timestamp>
			</report>
			<report>
				<misses>916900001</misses>
				<total>0</total>
				<timestamp>5783.796239</timestamp>
			</report>
			<report>
				<misses>917000001</misses>
				<total>0</total>
				<timestamp>5784.448732</timestamp>
			</report>
			<report>
				<misses>917100001</misses>
				<total>0</total>
				<timestamp>5785.068863</timestamp>
			</report>
			<report>
				<misses>917200001</misses>
				<total>0</total>
				<timestamp>5785.689069</timestamp>
			</report>
			<report>
				<misses>917300001</misses>
				<total>0</total>
				<timestamp>5786.309173</timestamp>
			</report>
			<report>
				<misses>917400001</misses>
				<total>0</total>
				<timestamp>5786.930156</timestamp>
			</report>
			<report>
				<misses>917500001</misses>
				<total>0</total>
				<timestamp>5787.550255</timestamp>
			</report>
			<report>
				<misses>917600001</misses>
				<total>0</total>
				<timestamp>5788.175307</timestamp>
			</report>
			<report>
				<misses>917700001</misses>
				<total>0</total>
				<timestamp>5788.795264</timestamp>
			</report>
			<report>
				<misses>917800001</misses>
				<total>0</total>
				<timestamp>5789.420680</timestamp>
			</report>
			<report>
				<misses>917900001</misses>
				<total>0</total>
				<timestamp>5790.045717</timestamp>
			</report>
			<report>
				<misses>918000001</misses>
				<total>0</total>
				<timestamp>5790.669935</timestamp>
			</report>
			<report>
				<misses>918100001</misses>
				<total>0</total>
				<timestamp>5791.294830</timestamp>
			</report>
			<report>
				<misses>918200001</misses>
				<total>0</total>
				<timestamp>5791.919229</timestamp>
			</report>
			<report>
				<misses>918300001</misses>
				<total>0</total>
				<timestamp>5792.543565</timestamp>
			</report>
			<report>
				<misses>918400001</misses>
				<total>0</total>
				<timestamp>5793.174115</timestamp>
			</report>
			<report>
				<misses>918500001</misses>
				<total>0</total>
				<timestamp>5793.798490</timestamp>
			</report>
			<report>
				<misses>918600001</misses>
				<total>0</total>
				<timestamp>5794.423596</timestamp>
			</report>
			<report>
				<misses>918700001</misses>
				<total>0</total>
				<timestamp>5795.048652</timestamp>
			</report>
			<report>
				<misses>918800001</misses>
				<total>0</total>
				<timestamp>5795.673394</timestamp>
			</report>
			<report>
				<misses>918900001</misses>
				<total>0</total>
				<timestamp>5796.297985</timestamp>
			</report>
			<report>
				<misses>919000001</misses>
				<total>0</total>
				<timestamp>5796.922472</timestamp>
			</report>
			<report>
				<misses>919100001</misses>
				<total>0</total>
				<timestamp>5797.546959</timestamp>
			</report>
			<report>
				<misses>919200001</misses>
				<total>0</total>
				<timestamp>5798.171222</timestamp>
			</report>
			<report>
				<misses>919300001</misses>
				<total>0</total>
				<timestamp>5798.795793</timestamp>
			</report>
			<report>
				<misses>919400001</misses>
				<total>0</total>
				<timestamp>5799.421577</timestamp>
			</report>
			<report>
				<misses>919500001</misses>
				<total>0</total>
				<timestamp>5800.046976</timestamp>
			</report>
			<report>
				<misses>919600001</misses>
				<total>0</total>
				<timestamp>5800.671903</timestamp>
			</report>
			<report>
				<misses>919700001</misses>
				<total>0</total>
				<timestamp>5801.296427</timestamp>
			</report>
			<report>
				<misses>919800001</misses>
				<total>0</total>
				<timestamp>5801.929100</timestamp>
			</report>
			<report>
				<misses>919900001</misses>
				<total>0</total>
				<timestamp>5802.553684</timestamp>
			</report>
			<report>
				<misses>920000001</misses>
				<total>0</total>
				<timestamp>5803.178424</timestamp>
			</report>
			<report>
				<misses>920100001</misses>
				<total>0</total>
				<timestamp>5803.803181</timestamp>
			</report>
			<report>
				<misses>920200001</misses>
				<total>0</total>
				<timestamp>5804.427402</timestamp>
			</report>
			<report>
				<misses>920300001</misses>
				<total>0</total>
				<timestamp>5805.051716</timestamp>
			</report>
			<report>
				<misses>920400001</misses>
				<total>0</total>
				<timestamp>5805.675724</timestamp>
			</report>
			<report>
				<misses>920500001</misses>
				<total>0</total>
				<timestamp>5806.299991</timestamp>
			</report>
			<report>
				<misses>920600001</misses>
				<total>0</total>
				<timestamp>5806.925226</timestamp>
			</report>
			<report>
				<misses>920700001</misses>
				<total>0</total>
				<timestamp>5807.550674</timestamp>
			</report>
			<report>
				<misses>920800001</misses>
				<total>0</total>
				<timestamp>5808.176334</timestamp>
			</report>
			<report>
				<misses>920900001</misses>
				<total>0</total>
				<timestamp>5808.801335</timestamp>
			</report>
			<report>
				<misses>921000001</misses>
				<total>0</total>
				<timestamp>5809.426273</timestamp>
			</report>
			<report>
				<misses>921100001</misses>
				<total>0</total>
				<timestamp>5810.051630</timestamp>
			</report>
			<report>
				<misses>921200001</misses>
				<total>0</total>
				<timestamp>5810.676361</timestamp>
			</report>
			<report>
				<misses>921300001</misses>
				<total>0</total>
				<timestamp>5811.314391</timestamp>
			</report>
			<report>
				<misses>921400001</misses>
				<total>0</total>
				<timestamp>5811.938294</timestamp>
			</report>
			<report>
				<misses>921500001</misses>
				<total>0</total>
				<timestamp>5812.562449</timestamp>
			</report>
			<report>
				<misses>921600001</misses>
				<total>0</total>
				<timestamp>5813.187607</timestamp>
			</report>
			<report>
				<misses>921700001</misses>
				<total>0</total>
				<timestamp>5813.813473</timestamp>
			</report>
			<report>
				<misses>921800001</misses>
				<total>0</total>
				<timestamp>5814.439555</timestamp>
			</report>
			<report>
				<misses>921900001</misses>
				<total>0</total>
				<timestamp>5815.065040</timestamp>
			</report>
			<report>
				<misses>922000001</misses>
				<total>0</total>
				<timestamp>5815.690696</timestamp>
			</report>
			<report>
				<misses>922100001</misses>
				<total>0</total>
				<timestamp>5816.316343</timestamp>
			</report>
			<report>
				<misses>922200001</misses>
				<total>0</total>
				<timestamp>5816.942134</timestamp>
			</report>
			<report>
				<misses>922300001</misses>
				<total>0</total>
				<timestamp>5817.568084</timestamp>
			</report>
			<report>
				<misses>922400001</misses>
				<total>0</total>
				<timestamp>5818.205116</timestamp>
			</report>
			<report>
				<misses>922500001</misses>
				<total>0</total>
				<timestamp>5818.833344</timestamp>
			</report>
			<report>
				<misses>922600001</misses>
				<total>0</total>
				<timestamp>5819.457706</timestamp>
			</report>
			<report>
				<misses>922700001</misses>
				<total>0</total>
				<timestamp>5820.089999</timestamp>
			</report>
			<report>
				<misses>922800001</misses>
				<total>0</total>
				<timestamp>5820.715003</timestamp>
			</report>
			<report>
				<misses>922900001</misses>
				<total>0</total>
				<timestamp>5821.339812</timestamp>
			</report>
			<report>
				<misses>923000001</misses>
				<total>0</total>
				<timestamp>5821.964102</timestamp>
			</report>
			<report>
				<misses>923100001</misses>
				<total>0</total>
				<timestamp>5822.587748</timestamp>
			</report>
			<report>
				<misses>923200001</misses>
				<total>0</total>
				<timestamp>5823.211793</timestamp>
			</report>
			<report>
				<misses>923300001</misses>
				<total>0</total>
				<timestamp>5823.836052</timestamp>
			</report>
			<report>
				<misses>923400001</misses>
				<total>0</total>
				<timestamp>5824.460134</timestamp>
			</report>
			<report>
				<misses>923500001</misses>
				<total>0</total>
				<timestamp>5825.097556</timestamp>
			</report>
			<report>
				<misses>923600001</misses>
				<total>0</total>
				<timestamp>5825.728877</timestamp>
			</report>
			<report>
				<misses>923700001</misses>
				<total>0</total>
				<timestamp>5826.353144</timestamp>
			</report>
			<report>
				<misses>923800001</misses>
				<total>0</total>
				<timestamp>5826.977375</timestamp>
			</report>
			<report>
				<misses>923900001</misses>
				<total>0</total>
				<timestamp>5827.601928</timestamp>
			</report>
			<report>
				<misses>924000001</misses>
				<total>0</total>
				<timestamp>5828.225993</timestamp>
			</report>
			<report>
				<misses>924100001</misses>
				<total>0</total>
				<timestamp>5828.850044</timestamp>
			</report>
			<report>
				<misses>924200001</misses>
				<total>0</total>
				<timestamp>5829.474577</timestamp>
			</report>
			<report>
				<misses>924300001</misses>
				<total>0</total>
				<timestamp>5830.099269</timestamp>
			</report>
			<report>
				<misses>924400001</misses>
				<total>0</total>
				<timestamp>5830.724562</timestamp>
			</report>
			<report>
				<misses>924500001</misses>
				<total>0</total>
				<timestamp>5831.349596</timestamp>
			</report>
			<report>
				<misses>924600001</misses>
				<total>0</total>
				<timestamp>5831.978434</timestamp>
			</report>
			<report>
				<misses>924700001</misses>
				<total>0</total>
				<timestamp>5832.602664</timestamp>
			</report>
			<report>
				<misses>924800001</misses>
				<total>0</total>
				<timestamp>5833.226619</timestamp>
			</report>
			<report>
				<misses>924900001</misses>
				<total>0</total>
				<timestamp>5833.851094</timestamp>
			</report>
			<report>
				<misses>925000001</misses>
				<total>0</total>
				<timestamp>5834.475536</timestamp>
			</report>
			<report>
				<misses>925100001</misses>
				<total>0</total>
				<timestamp>5835.100128</timestamp>
			</report>
			<report>
				<misses>925200001</misses>
				<total>0</total>
				<timestamp>5835.724807</timestamp>
			</report>
			<report>
				<misses>925300001</misses>
				<total>0</total>
				<timestamp>5836.349406</timestamp>
			</report>
			<report>
				<misses>925400001</misses>
				<total>0</total>
				<timestamp>5836.974090</timestamp>
			</report>
			<report>
				<misses>925500001</misses>
				<total>0</total>
				<timestamp>5837.598407</timestamp>
			</report>
			<report>
				<misses>925600001</misses>
				<total>0</total>
				<timestamp>5838.222789</timestamp>
			</report>
			<report>
				<misses>925700001</misses>
				<total>0</total>
				<timestamp>5838.846917</timestamp>
			</report>
			<report>
				<misses>925800001</misses>
				<total>0</total>
				<timestamp>5839.470855</timestamp>
			</report>
			<report>
				<misses>925900001</misses>
				<total>0</total>
				<timestamp>5840.094224</timestamp>
			</report>
			<report>
				<misses>926000001</misses>
				<total>0</total>
				<timestamp>5840.717556</timestamp>
			</report>
			<report>
				<misses>926100001</misses>
				<total>0</total>
				<timestamp>5841.341415</timestamp>
			</report>
			<report>
				<misses>926200001</misses>
				<total>0</total>
				<timestamp>5841.966149</timestamp>
			</report>
			<report>
				<misses>926300001</misses>
				<total>0</total>
				<timestamp>5842.589213</timestamp>
			</report>
			<report>
				<misses>926400001</misses>
				<total>0</total>
				<timestamp>5843.212600</timestamp>
			</report>
			<report>
				<misses>926500001</misses>
				<total>0</total>
				<timestamp>5843.835912</timestamp>
			</report>
			<report>
				<misses>926600001</misses>
				<total>0</total>
				<timestamp>5844.460211</timestamp>
			</report>
			<report>
				<misses>926700001</misses>
				<total>0</total>
				<timestamp>5845.083604</timestamp>
			</report>
			<report>
				<misses>926800001</misses>
				<total>0</total>
				<timestamp>5845.707628</timestamp>
			</report>
			<report>
				<misses>926900001</misses>
				<total>0</total>
				<timestamp>5846.331253</timestamp>
			</report>
			<report>
				<misses>927000001</misses>
				<total>0</total>
				<timestamp>5846.955163</timestamp>
			</report>
			<report>
				<misses>927100001</misses>
				<total>0</total>
				<timestamp>5847.579395</timestamp>
			</report>
			<report>
				<misses>927200001</misses>
				<total>0</total>
				<timestamp>5848.202895</timestamp>
			</report>
			<report>
				<misses>927300001</misses>
				<total>0</total>
				<timestamp>5848.827073</timestamp>
			</report>
			<report>
				<misses>927400001</misses>
				<total>0</total>
				<timestamp>5849.451310</timestamp>
			</report>
			<report>
				<misses>927500001</misses>
				<total>0</total>
				<timestamp>5850.113331</timestamp>
			</report>
			<report>
				<misses>927600001</misses>
				<total>0</total>
				<timestamp>5850.750149</timestamp>
			</report>
			<report>
				<misses>927700001</misses>
				<total>0</total>
				<timestamp>5851.373843</timestamp>
			</report>
			<report>
				<misses>927800001</misses>
				<total>0</total>
				<timestamp>5851.998523</timestamp>
			</report>
			<report>
				<misses>927900001</misses>
				<total>0</total>
				<timestamp>5852.622805</timestamp>
			</report>
			<report>
				<misses>928000001</misses>
				<total>0</total>
				<timestamp>5853.246563</timestamp>
			</report>
			<report>
				<misses>928100001</misses>
				<total>0</total>
				<timestamp>5853.871552</timestamp>
			</report>
			<report>
				<misses>928200001</misses>
				<total>0</total>
				<timestamp>5854.495542</timestamp>
			</report>
			<report>
				<misses>928300001</misses>
				<total>0</total>
				<timestamp>5855.121889</timestamp>
			</report>
			<report>
				<misses>928400001</misses>
				<total>0</total>
				<timestamp>5855.745115</timestamp>
			</report>
			<report>
				<misses>928500001</misses>
				<total>0</total>
				<timestamp>5856.369726</timestamp>
			</report>
			<report>
				<misses>928600001</misses>
				<total>0</total>
				<timestamp>5857.002511</timestamp>
			</report>
			<report>
				<misses>928700001</misses>
				<total>0</total>
				<timestamp>5857.626053</timestamp>
			</report>
			<report>
				<misses>928800001</misses>
				<total>0</total>
				<timestamp>5858.249644</timestamp>
			</report>
			<report>
				<misses>928900001</misses>
				<total>0</total>
				<timestamp>5858.873152</timestamp>
			</report>
			<report>
				<misses>929000001</misses>
				<total>0</total>
				<timestamp>5859.496455</timestamp>
			</report>
			<report>
				<misses>929100001</misses>
				<total>0</total>
				<timestamp>5860.119658</timestamp>
			</report>
			<report>
				<misses>929200001</misses>
				<total>0</total>
				<timestamp>5860.744133</timestamp>
			</report>
			<report>
				<misses>929300001</misses>
				<total>0</total>
				<timestamp>5861.367558</timestamp>
			</report>
			<report>
				<misses>929400001</misses>
				<total>0</total>
				<timestamp>5861.991221</timestamp>
			</report>
			<report>
				<misses>929500001</misses>
				<total>0</total>
				<timestamp>5862.616659</timestamp>
			</report>
			<report>
				<misses>929600001</misses>
				<total>0</total>
				<timestamp>5863.241376</timestamp>
			</report>
			<report>
				<misses>929700001</misses>
				<total>0</total>
				<timestamp>5863.867063</timestamp>
			</report>
			<report>
				<misses>929800001</misses>
				<total>0</total>
				<timestamp>5864.492015</timestamp>
			</report>
			<report>
				<misses>929900001</misses>
				<total>0</total>
				<timestamp>5865.117465</timestamp>
			</report>
			<report>
				<misses>930000001</misses>
				<total>0</total>
				<timestamp>5865.743651</timestamp>
			</report>
			<report>
				<misses>930100001</misses>
				<total>0</total>
				<timestamp>5866.369979</timestamp>
			</report>
			<report>
				<misses>930200001</misses>
				<total>0</total>
				<timestamp>5866.995372</timestamp>
			</report>
			<report>
				<misses>930300001</misses>
				<total>0</total>
				<timestamp>5867.618928</timestamp>
			</report>
			<report>
				<misses>930400001</misses>
				<total>0</total>
				<timestamp>5868.241903</timestamp>
			</report>
			<report>
				<misses>930500001</misses>
				<total>0</total>
				<timestamp>5868.865676</timestamp>
			</report>
			<report>
				<misses>930600001</misses>
				<total>0</total>
				<timestamp>5869.489860</timestamp>
			</report>
			<report>
				<misses>930700001</misses>
				<total>0</total>
				<timestamp>5870.114056</timestamp>
			</report>
			<report>
				<misses>930800001</misses>
				<total>0</total>
				<timestamp>5870.737613</timestamp>
			</report>
			<report>
				<misses>930900001</misses>
				<total>0</total>
				<timestamp>5871.361283</timestamp>
			</report>
			<report>
				<misses>931000001</misses>
				<total>0</total>
				<timestamp>5871.984669</timestamp>
			</report>
			<report>
				<misses>931100001</misses>
				<total>0</total>
				<timestamp>5872.608161</timestamp>
			</report>
			<report>
				<misses>931200001</misses>
				<total>0</total>
				<timestamp>5873.231503</timestamp>
			</report>
			<report>
				<misses>931300001</misses>
				<total>0</total>
				<timestamp>5873.855169</timestamp>
			</report>
			<report>
				<misses>931400001</misses>
				<total>0</total>
				<timestamp>5874.478467</timestamp>
			</report>
			<report>
				<misses>931500001</misses>
				<total>0</total>
				<timestamp>5875.101727</timestamp>
			</report>
			<report>
				<misses>931600001</misses>
				<total>0</total>
				<timestamp>5875.725936</timestamp>
			</report>
			<report>
				<misses>931700001</misses>
				<total>0</total>
				<timestamp>5876.349696</timestamp>
			</report>
			<report>
				<misses>931800001</misses>
				<total>0</total>
				<timestamp>5876.972689</timestamp>
			</report>
			<report>
				<misses>931900001</misses>
				<total>0</total>
				<timestamp>5877.596243</timestamp>
			</report>
			<report>
				<misses>932000001</misses>
				<total>0</total>
				<timestamp>5878.220100</timestamp>
			</report>
			<report>
				<misses>932100001</misses>
				<total>0</total>
				<timestamp>5878.843565</timestamp>
			</report>
			<report>
				<misses>932200001</misses>
				<total>0</total>
				<timestamp>5879.466916</timestamp>
			</report>
			<report>
				<misses>932300001</misses>
				<total>0</total>
				<timestamp>5880.090984</timestamp>
			</report>
			<report>
				<misses>932400001</misses>
				<total>0</total>
				<timestamp>5880.715011</timestamp>
			</report>
			<report>
				<misses>932500001</misses>
				<total>0</total>
				<timestamp>5881.339404</timestamp>
			</report>
			<report>
				<misses>932600001</misses>
				<total>0</total>
				<timestamp>5881.963456</timestamp>
			</report>
			<report>
				<misses>932700001</misses>
				<total>0</total>
				<timestamp>5882.587158</timestamp>
			</report>
			<report>
				<misses>932800001</misses>
				<total>0</total>
				<timestamp>5883.210431</timestamp>
			</report>
			<report>
				<misses>932900001</misses>
				<total>0</total>
				<timestamp>5883.833716</timestamp>
			</report>
			<report>
				<misses>933000001</misses>
				<total>0</total>
				<timestamp>5884.456862</timestamp>
			</report>
			<report>
				<misses>933100001</misses>
				<total>0</total>
				<timestamp>5885.080516</timestamp>
			</report>
			<report>
				<misses>933200001</misses>
				<total>0</total>
				<timestamp>5885.704057</timestamp>
			</report>
			<report>
				<misses>933300001</misses>
				<total>0</total>
				<timestamp>5886.327367</timestamp>
			</report>
			<report>
				<misses>933400001</misses>
				<total>0</total>
				<timestamp>5886.951384</timestamp>
			</report>
			<report>
				<misses>933500001</misses>
				<total>0</total>
				<timestamp>5887.575078</timestamp>
			</report>
			<report>
				<misses>933600001</misses>
				<total>0</total>
				<timestamp>5888.201889</timestamp>
			</report>
			<report>
				<misses>933700001</misses>
				<total>0</total>
				<timestamp>5888.824761</timestamp>
			</report>
			<report>
				<misses>933800001</misses>
				<total>0</total>
				<timestamp>5889.447616</timestamp>
			</report>
			<report>
				<misses>933900001</misses>
				<total>0</total>
				<timestamp>5890.070557</timestamp>
			</report>
			<report>
				<misses>934000001</misses>
				<total>0</total>
				<timestamp>5890.694115</timestamp>
			</report>
			<report>
				<misses>934100001</misses>
				<total>0</total>
				<timestamp>5891.317543</timestamp>
			</report>
			<report>
				<misses>934200001</misses>
				<total>0</total>
				<timestamp>5891.940714</timestamp>
			</report>
			<report>
				<misses>934300001</misses>
				<total>0</total>
				<timestamp>5892.563521</timestamp>
			</report>
			<report>
				<misses>934400001</misses>
				<total>0</total>
				<timestamp>5893.186605</timestamp>
			</report>
			<report>
				<misses>934500001</misses>
				<total>0</total>
				<timestamp>5893.809521</timestamp>
			</report>
			<report>
				<misses>934600001</misses>
				<total>0</total>
				<timestamp>5894.432736</timestamp>
			</report>
			<report>
				<misses>934700001</misses>
				<total>0</total>
				<timestamp>5895.055956</timestamp>
			</report>
			<report>
				<misses>934800001</misses>
				<total>0</total>
				<timestamp>5895.679211</timestamp>
			</report>
			<report>
				<misses>934900001</misses>
				<total>0</total>
				<timestamp>5896.302414</timestamp>
			</report>
			<report>
				<misses>935000001</misses>
				<total>0</total>
				<timestamp>5896.925132</timestamp>
			</report>
			<report>
				<misses>935100001</misses>
				<total>0</total>
				<timestamp>5897.547940</timestamp>
			</report>
			<report>
				<misses>935200001</misses>
				<total>0</total>
				<timestamp>5898.170401</timestamp>
			</report>
			<report>
				<misses>935300001</misses>
				<total>0</total>
				<timestamp>5898.793509</timestamp>
			</report>
			<report>
				<misses>935400001</misses>
				<total>0</total>
				<timestamp>5899.417152</timestamp>
			</report>
			<report>
				<misses>935500001</misses>
				<total>0</total>
				<timestamp>5900.040949</timestamp>
			</report>
			<report>
				<misses>935600001</misses>
				<total>0</total>
				<timestamp>5900.664934</timestamp>
			</report>
			<report>
				<misses>935700001</misses>
				<total>0</total>
				<timestamp>5901.288698</timestamp>
			</report>
			<report>
				<misses>935800001</misses>
				<total>0</total>
				<timestamp>5901.912594</timestamp>
			</report>
			<report>
				<misses>935900001</misses>
				<total>0</total>
				<timestamp>5902.536308</timestamp>
			</report>
			<report>
				<misses>936000001</misses>
				<total>0</total>
				<timestamp>5903.160230</timestamp>
			</report>
			<report>
				<misses>936100001</misses>
				<total>0</total>
				<timestamp>5903.783612</timestamp>
			</report>
			<report>
				<misses>936200001</misses>
				<total>0</total>
				<timestamp>5904.406887</timestamp>
			</report>
			<report>
				<misses>936300001</misses>
				<total>0</total>
				<timestamp>5905.030414</timestamp>
			</report>
			<report>
				<misses>936400001</misses>
				<total>0</total>
				<timestamp>5905.653190</timestamp>
			</report>
			<report>
				<misses>936500001</misses>
				<total>0</total>
				<timestamp>5906.276033</timestamp>
			</report>
			<report>
				<misses>936600001</misses>
				<total>0</total>
				<timestamp>5906.898367</timestamp>
			</report>
			<report>
				<misses>936700001</misses>
				<total>0</total>
				<timestamp>5907.521922</timestamp>
			</report>
			<report>
				<misses>936800001</misses>
				<total>0</total>
				<timestamp>5908.144766</timestamp>
			</report>
			<report>
				<misses>936900001</misses>
				<total>0</total>
				<timestamp>5908.768105</timestamp>
			</report>
			<report>
				<misses>937000001</misses>
				<total>0</total>
				<timestamp>5909.391405</timestamp>
			</report>
			<report>
				<misses>937100001</misses>
				<total>0</total>
				<timestamp>5910.015019</timestamp>
			</report>
			<report>
				<misses>937200001</misses>
				<total>0</total>
				<timestamp>5910.639062</timestamp>
			</report>
			<report>
				<misses>937300001</misses>
				<total>0</total>
				<timestamp>5911.287565</timestamp>
			</report>
			<report>
				<misses>937400001</misses>
				<total>0</total>
				<timestamp>5911.951264</timestamp>
			</report>
			<report>
				<misses>937500001</misses>
				<total>0</total>
				<timestamp>5912.576657</timestamp>
			</report>
			<report>
				<misses>937600001</misses>
				<total>0</total>
				<timestamp>5913.202122</timestamp>
			</report>
			<report>
				<misses>937700001</misses>
				<total>0</total>
				<timestamp>5913.827592</timestamp>
			</report>
			<report>
				<misses>937800001</misses>
				<total>0</total>
				<timestamp>5914.453394</timestamp>
			</report>
			<report>
				<misses>937900001</misses>
				<total>0</total>
				<timestamp>5915.078705</timestamp>
			</report>
			<report>
				<misses>938000001</misses>
				<total>0</total>
				<timestamp>5915.703729</timestamp>
			</report>
			<report>
				<misses>938100001</misses>
				<total>0</total>
				<timestamp>5916.327955</timestamp>
			</report>
			<report>
				<misses>938200001</misses>
				<total>0</total>
				<timestamp>5916.952129</timestamp>
			</report>
			<report>
				<misses>938300001</misses>
				<total>0</total>
				<timestamp>5917.575535</timestamp>
			</report>
			<report>
				<misses>938400001</misses>
				<total>0</total>
				<timestamp>5918.199249</timestamp>
			</report>
			<report>
				<misses>938500001</misses>
				<total>0</total>
				<timestamp>5918.823076</timestamp>
			</report>
			<report>
				<misses>938600001</misses>
				<total>0</total>
				<timestamp>5919.447078</timestamp>
			</report>
			<report>
				<misses>938700001</misses>
				<total>0</total>
				<timestamp>5920.073582</timestamp>
			</report>
			<report>
				<misses>938800001</misses>
				<total>0</total>
				<timestamp>5920.696447</timestamp>
			</report>
			<report>
				<misses>938900001</misses>
				<total>0</total>
				<timestamp>5921.320005</timestamp>
			</report>
			<report>
				<misses>939000001</misses>
				<total>0</total>
				<timestamp>5921.943055</timestamp>
			</report>
			<report>
				<misses>939100001</misses>
				<total>0</total>
				<timestamp>5922.566003</timestamp>
			</report>
			<report>
				<misses>939200001</misses>
				<total>0</total>
				<timestamp>5923.189775</timestamp>
			</report>
			<report>
				<misses>939300001</misses>
				<total>0</total>
				<timestamp>5923.813109</timestamp>
			</report>
			<report>
				<misses>939400001</misses>
				<total>0</total>
				<timestamp>5924.436439</timestamp>
			</report>
			<report>
				<misses>939500001</misses>
				<total>0</total>
				<timestamp>5925.060481</timestamp>
			</report>
			<report>
				<misses>939600001</misses>
				<total>0</total>
				<timestamp>5925.683909</timestamp>
			</report>
			<report>
				<misses>939700001</misses>
				<total>0</total>
				<timestamp>5926.306453</timestamp>
			</report>
			<report>
				<misses>939800001</misses>
				<total>0</total>
				<timestamp>5926.947785</timestamp>
			</report>
			<report>
				<misses>939900001</misses>
				<total>0</total>
				<timestamp>5927.570643</timestamp>
			</report>
			<report>
				<misses>940000001</misses>
				<total>0</total>
				<timestamp>5928.193444</timestamp>
			</report>
			<report>
				<misses>940100001</misses>
				<total>0</total>
				<timestamp>5928.816976</timestamp>
			</report>
			<report>
				<misses>940200001</misses>
				<total>0</total>
				<timestamp>5929.440139</timestamp>
			</report>
			<report>
				<misses>940300001</misses>
				<total>0</total>
				<timestamp>5930.064888</timestamp>
			</report>
			<report>
				<misses>940400001</misses>
				<total>0</total>
				<timestamp>5930.686929</timestamp>
			</report>
			<report>
				<misses>940500001</misses>
				<total>0</total>
				<timestamp>5931.308469</timestamp>
			</report>
			<report>
				<misses>940600001</misses>
				<total>0</total>
				<timestamp>5931.930684</timestamp>
			</report>
			<report>
				<misses>940700001</misses>
				<total>0</total>
				<timestamp>5932.552099</timestamp>
			</report>
			<report>
				<misses>940800001</misses>
				<total>0</total>
				<timestamp>5933.174343</timestamp>
			</report>
			<report>
				<misses>940900001</misses>
				<total>0</total>
				<timestamp>5933.797219</timestamp>
			</report>
			<report>
				<misses>941000001</misses>
				<total>0</total>
				<timestamp>5934.419228</timestamp>
			</report>
			<report>
				<misses>941100001</misses>
				<total>0</total>
				<timestamp>5935.041293</timestamp>
			</report>
			<report>
				<misses>941200001</misses>
				<total>0</total>
				<timestamp>5935.663367</timestamp>
			</report>
			<report>
				<misses>941300001</misses>
				<total>0</total>
				<timestamp>5936.285562</timestamp>
			</report>
			<report>
				<misses>941400001</misses>
				<total>0</total>
				<timestamp>5936.907785</timestamp>
			</report>
			<report>
				<misses>941500001</misses>
				<total>0</total>
				<timestamp>5937.530409</timestamp>
			</report>
			<report>
				<misses>941600001</misses>
				<total>0</total>
				<timestamp>5938.151984</timestamp>
			</report>
			<report>
				<misses>941700001</misses>
				<total>0</total>
				<timestamp>5938.774148</timestamp>
			</report>
			<report>
				<misses>941800001</misses>
				<total>0</total>
				<timestamp>5939.396293</timestamp>
			</report>
			<report>
				<misses>941900001</misses>
				<total>0</total>
				<timestamp>5940.018961</timestamp>
			</report>
			<report>
				<misses>942000001</misses>
				<total>0</total>
				<timestamp>5940.641735</timestamp>
			</report>
			<report>
				<misses>942100001</misses>
				<total>0</total>
				<timestamp>5941.264288</timestamp>
			</report>
			<report>
				<misses>942200001</misses>
				<total>0</total>
				<timestamp>5941.887258</timestamp>
			</report>
			<report>
				<misses>942300001</misses>
				<total>0</total>
				<timestamp>5942.509078</timestamp>
			</report>
			<report>
				<misses>942400001</misses>
				<total>0</total>
				<timestamp>5943.132609</timestamp>
			</report>
			<report>
				<misses>942500001</misses>
				<total>0</total>
				<timestamp>5943.757645</timestamp>
			</report>
			<report>
				<misses>942600001</misses>
				<total>0</total>
				<timestamp>5944.379263</timestamp>
			</report>
			<report>
				<misses>942700001</misses>
				<total>0</total>
				<timestamp>5945.001057</timestamp>
			</report>
			<report>
				<misses>942800001</misses>
				<total>0</total>
				<timestamp>5945.621664</timestamp>
			</report>
			<report>
				<misses>942900001</misses>
				<total>0</total>
				<timestamp>5946.242116</timestamp>
			</report>
			<report>
				<misses>943000001</misses>
				<total>0</total>
				<timestamp>5946.863811</timestamp>
			</report>
			<report>
				<misses>943100001</misses>
				<total>0</total>
				<timestamp>5947.484209</timestamp>
			</report>
			<report>
				<misses>943200001</misses>
				<total>0</total>
				<timestamp>5948.104509</timestamp>
			</report>
			<report>
				<misses>943300001</misses>
				<total>0</total>
				<timestamp>5948.724969</timestamp>
			</report>
			<report>
				<misses>943400001</misses>
				<total>0</total>
				<timestamp>5949.346063</timestamp>
			</report>
			<report>
				<misses>943500001</misses>
				<total>0</total>
				<timestamp>5949.967074</timestamp>
			</report>
			<report>
				<misses>943600001</misses>
				<total>0</total>
				<timestamp>5950.588045</timestamp>
			</report>
			<report>
				<misses>943700001</misses>
				<total>0</total>
				<timestamp>5951.209392</timestamp>
			</report>
			<report>
				<misses>943800001</misses>
				<total>0</total>
				<timestamp>5951.829863</timestamp>
			</report>
			<report>
				<misses>943900001</misses>
				<total>0</total>
				<timestamp>5952.451375</timestamp>
			</report>
			<report>
				<misses>944000001</misses>
				<total>0</total>
				<timestamp>5953.071835</timestamp>
			</report>
			<report>
				<misses>944100001</misses>
				<total>0</total>
				<timestamp>5953.692575</timestamp>
			</report>
			<report>
				<misses>944200001</misses>
				<total>0</total>
				<timestamp>5954.313641</timestamp>
			</report>
			<report>
				<misses>944300001</misses>
				<total>0</total>
				<timestamp>5954.934282</timestamp>
			</report>
			<report>
				<misses>944400001</misses>
				<total>0</total>
				<timestamp>5955.555079</timestamp>
			</report>
			<report>
				<misses>944500001</misses>
				<total>0</total>
				<timestamp>5956.176792</timestamp>
			</report>
			<report>
				<misses>944600001</misses>
				<total>0</total>
				<timestamp>5956.797745</timestamp>
			</report>
			<report>
				<misses>944700001</misses>
				<total>0</total>
				<timestamp>5957.419017</timestamp>
			</report>
			<report>
				<misses>944800001</misses>
				<total>0</total>
				<timestamp>5958.039454</timestamp>
			</report>
			<report>
				<misses>944900001</misses>
				<total>0</total>
				<timestamp>5958.660421</timestamp>
			</report>
			<report>
				<misses>945000001</misses>
				<total>0</total>
				<timestamp>5959.281879</timestamp>
			</report>
			<report>
				<misses>945100001</misses>
				<total>0</total>
				<timestamp>5959.902532</timestamp>
			</report>
			<report>
				<misses>945200001</misses>
				<total>0</total>
				<timestamp>5960.524503</timestamp>
			</report>
			<report>
				<misses>945300001</misses>
				<total>0</total>
				<timestamp>5961.146706</timestamp>
			</report>
			<report>
				<misses>945400001</misses>
				<total>0</total>
				<timestamp>5961.771144</timestamp>
			</report>
			<report>
				<misses>945500001</misses>
				<total>0</total>
				<timestamp>5962.393705</timestamp>
			</report>
			<report>
				<misses>945600001</misses>
				<total>0</total>
				<timestamp>5963.016206</timestamp>
			</report>
			<report>
				<misses>945700001</misses>
				<total>0</total>
				<timestamp>5963.638835</timestamp>
			</report>
			<report>
				<misses>945800001</misses>
				<total>0</total>
				<timestamp>5964.261082</timestamp>
			</report>
			<report>
				<misses>945900001</misses>
				<total>0</total>
				<timestamp>5964.890242</timestamp>
			</report>
			<report>
				<misses>946000001</misses>
				<total>0</total>
				<timestamp>5965.512698</timestamp>
			</report>
			<report>
				<misses>946100001</misses>
				<total>0</total>
				<timestamp>5966.134561</timestamp>
			</report>
			<report>
				<misses>946200001</misses>
				<total>0</total>
				<timestamp>5966.756622</timestamp>
			</report>
			<report>
				<misses>946300001</misses>
				<total>0</total>
				<timestamp>5967.377957</timestamp>
			</report>
			<report>
				<misses>946400001</misses>
				<total>0</total>
				<timestamp>5967.999435</timestamp>
			</report>
			<report>
				<misses>946500001</misses>
				<total>0</total>
				<timestamp>5968.619714</timestamp>
			</report>
			<report>
				<misses>946600001</misses>
				<total>0</total>
				<timestamp>5969.252287</timestamp>
			</report>
			<report>
				<misses>946700001</misses>
				<total>0</total>
				<timestamp>5969.874208</timestamp>
			</report>
			<report>
				<misses>946800001</misses>
				<total>0</total>
				<timestamp>5970.496593</timestamp>
			</report>
			<report>
				<misses>946900001</misses>
				<total>0</total>
				<timestamp>5971.118362</timestamp>
			</report>
			<report>
				<misses>947000001</misses>
				<total>0</total>
				<timestamp>5971.739579</timestamp>
			</report>
			<report>
				<misses>947100001</misses>
				<total>0</total>
				<timestamp>5972.361802</timestamp>
			</report>
			<report>
				<misses>947200001</misses>
				<total>0</total>
				<timestamp>5973.003706</timestamp>
			</report>
			<report>
				<misses>947300001</misses>
				<total>0</total>
				<timestamp>5973.628102</timestamp>
			</report>
			<report>
				<misses>947400001</misses>
				<total>0</total>
				<timestamp>5974.252896</timestamp>
			</report>
			<report>
				<misses>947500001</misses>
				<total>0</total>
				<timestamp>5974.895456</timestamp>
			</report>
			<report>
				<misses>947600001</misses>
				<total>0</total>
				<timestamp>5975.537910</timestamp>
			</report>
			<report>
				<misses>947700001</misses>
				<total>0</total>
				<timestamp>5976.162128</timestamp>
			</report>
			<report>
				<misses>947800001</misses>
				<total>0</total>
				<timestamp>5976.786104</timestamp>
			</report>
			<report>
				<misses>947900001</misses>
				<total>0</total>
				<timestamp>5977.410192</timestamp>
			</report>
			<report>
				<misses>948000001</misses>
				<total>0</total>
				<timestamp>5978.034360</timestamp>
			</report>
			<report>
				<misses>948100001</misses>
				<total>0</total>
				<timestamp>5978.658926</timestamp>
			</report>
			<report>
				<misses>948200001</misses>
				<total>0</total>
				<timestamp>5979.285400</timestamp>
			</report>
			<report>
				<misses>948300001</misses>
				<total>0</total>
				<timestamp>5979.908258</timestamp>
			</report>
			<report>
				<misses>948400001</misses>
				<total>0</total>
				<timestamp>5980.530911</timestamp>
			</report>
			<report>
				<misses>948500001</misses>
				<total>0</total>
				<timestamp>5981.153904</timestamp>
			</report>
			<report>
				<misses>948600001</misses>
				<total>0</total>
				<timestamp>5981.775834</timestamp>
			</report>
			<report>
				<misses>948700001</misses>
				<total>0</total>
				<timestamp>5982.398665</timestamp>
			</report>
			<report>
				<misses>948800001</misses>
				<total>0</total>
				<timestamp>5983.021187</timestamp>
			</report>
			<report>
				<misses>948900001</misses>
				<total>0</total>
				<timestamp>5983.644653</timestamp>
			</report>
			<report>
				<misses>949000001</misses>
				<total>0</total>
				<timestamp>5984.267546</timestamp>
			</report>
			<report>
				<misses>949100001</misses>
				<total>0</total>
				<timestamp>5984.890356</timestamp>
			</report>
			<report>
				<misses>949200001</misses>
				<total>0</total>
				<timestamp>5985.512308</timestamp>
			</report>
			<report>
				<misses>949300001</misses>
				<total>0</total>
				<timestamp>5986.134398</timestamp>
			</report>
			<report>
				<misses>949400001</misses>
				<total>0</total>
				<timestamp>5986.757058</timestamp>
			</report>
			<report>
				<misses>949500001</misses>
				<total>0</total>
				<timestamp>5987.379494</timestamp>
			</report>
			<report>
				<misses>949600001</misses>
				<total>0</total>
				<timestamp>5988.001894</timestamp>
			</report>
			<report>
				<misses>949700001</misses>
				<total>0</total>
				<timestamp>5988.624850</timestamp>
			</report>
			<report>
				<misses>949800001</misses>
				<total>0</total>
				<timestamp>5989.249649</timestamp>
			</report>
			<report>
				<misses>949900001</misses>
				<total>0</total>
				<timestamp>5989.872837</timestamp>
			</report>
			<report>
				<misses>950000001</misses>
				<total>0</total>
				<timestamp>5990.496121</timestamp>
			</report>
			<report>
				<misses>950100001</misses>
				<total>0</total>
				<timestamp>5991.119362</timestamp>
			</report>
			<report>
				<misses>950200001</misses>
				<total>0</total>
				<timestamp>5991.742731</timestamp>
			</report>
			<report>
				<misses>950300001</misses>
				<total>0</total>
				<timestamp>5992.365758</timestamp>
			</report>
			<report>
				<misses>950400001</misses>
				<total>0</total>
				<timestamp>5992.990424</timestamp>
			</report>
			<report>
				<misses>950500001</misses>
				<total>0</total>
				<timestamp>5993.613910</timestamp>
			</report>
			<report>
				<misses>950600001</misses>
				<total>0</total>
				<timestamp>5994.236645</timestamp>
			</report>
			<report>
				<misses>950700001</misses>
				<total>0</total>
				<timestamp>5994.865243</timestamp>
			</report>
			<report>
				<misses>950800001</misses>
				<total>0</total>
				<timestamp>5995.488089</timestamp>
			</report>
			<report>
				<misses>950900001</misses>
				<total>0</total>
				<timestamp>5996.110854</timestamp>
			</report>
			<report>
				<misses>951000001</misses>
				<total>0</total>
				<timestamp>5996.733035</timestamp>
			</report>
			<report>
				<misses>951100001</misses>
				<total>0</total>
				<timestamp>5997.355831</timestamp>
			</report>
			<report>
				<misses>951200001</misses>
				<total>0</total>
				<timestamp>5997.978226</timestamp>
			</report>
			<report>
				<misses>951300001</misses>
				<total>0</total>
				<timestamp>5998.600838</timestamp>
			</report>
			<report>
				<misses>951400001</misses>
				<total>0</total>
				<timestamp>5999.224145</timestamp>
			</report>
			<report>
				<misses>951500001</misses>
				<total>0</total>
				<timestamp>5999.847513</timestamp>
			</report>
			<report>
				<misses>951600001</misses>
				<total>0</total>
				<timestamp>6000.469892</timestamp>
			</report>
			<report>
				<misses>951700001</misses>
				<total>0</total>
				<timestamp>6001.095137</timestamp>
			</report>
			<report>
				<misses>951800001</misses>
				<total>0</total>
				<timestamp>6001.725234</timestamp>
			</report>
			<report>
				<misses>951900001</misses>
				<total>0</total>
				<timestamp>6002.363556</timestamp>
			</report>
			<report>
				<misses>952000001</misses>
				<total>0</total>
				<timestamp>6002.985829</timestamp>
			</report>
			<report>
				<misses>952100001</misses>
				<total>0</total>
				<timestamp>6003.607905</timestamp>
			</report>
			<report>
				<misses>952200001</misses>
				<total>0</total>
				<timestamp>6004.229985</timestamp>
			</report>
			<report>
				<misses>952300001</misses>
				<total>0</total>
				<timestamp>6004.851518</timestamp>
			</report>
			<report>
				<misses>952400001</misses>
				<total>0</total>
				<timestamp>6005.473030</timestamp>
			</report>
			<report>
				<misses>952500001</misses>
				<total>0</total>
				<timestamp>6006.093939</timestamp>
			</report>
			<report>
				<misses>952600001</misses>
				<total>0</total>
				<timestamp>6006.716490</timestamp>
			</report>
			<report>
				<misses>952700001</misses>
				<total>0</total>
				<timestamp>6007.338950</timestamp>
			</report>
			<report>
				<misses>952800001</misses>
				<total>0</total>
				<timestamp>6007.963083</timestamp>
			</report>
			<report>
				<misses>952900001</misses>
				<total>0</total>
				<timestamp>6008.584220</timestamp>
			</report>
			<report>
				<misses>953000001</misses>
				<total>0</total>
				<timestamp>6009.205648</timestamp>
			</report>
			<report>
				<misses>953100001</misses>
				<total>0</total>
				<timestamp>6009.831044</timestamp>
			</report>
			<report>
				<misses>953200001</misses>
				<total>0</total>
				<timestamp>6010.453917</timestamp>
			</report>
			<report>
				<misses>953300001</misses>
				<total>0</total>
				<timestamp>6011.078302</timestamp>
			</report>
			<report>
				<misses>953400001</misses>
				<total>0</total>
				<timestamp>6011.703726</timestamp>
			</report>
			<report>
				<misses>953500001</misses>
				<total>0</total>
				<timestamp>6012.350283</timestamp>
			</report>
			<report>
				<misses>953600001</misses>
				<total>0</total>
				<timestamp>6012.973010</timestamp>
			</report>
			<report>
				<misses>953700001</misses>
				<total>0</total>
				<timestamp>6013.598550</timestamp>
			</report>
			<report>
				<misses>953800001</misses>
				<total>0</total>
				<timestamp>6014.220231</timestamp>
			</report>
			<report>
				<misses>953900001</misses>
				<total>0</total>
				<timestamp>6014.841748</timestamp>
			</report>
			<report>
				<misses>954000001</misses>
				<total>0</total>
				<timestamp>6015.463056</timestamp>
			</report>
			<report>
				<misses>954100001</misses>
				<total>0</total>
				<timestamp>6016.084462</timestamp>
			</report>
			<report>
				<misses>954200001</misses>
				<total>0</total>
				<timestamp>6016.706170</timestamp>
			</report>
			<report>
				<misses>954300001</misses>
				<total>0</total>
				<timestamp>6017.327868</timestamp>
			</report>
			<report>
				<misses>954400001</misses>
				<total>0</total>
				<timestamp>6017.948470</timestamp>
			</report>
			<report>
				<misses>954500001</misses>
				<total>0</total>
				<timestamp>6018.569018</timestamp>
			</report>
			<report>
				<misses>954600001</misses>
				<total>0</total>
				<timestamp>6019.190296</timestamp>
			</report>
			<report>
				<misses>954700001</misses>
				<total>0</total>
				<timestamp>6019.811266</timestamp>
			</report>
			<report>
				<misses>954800001</misses>
				<total>0</total>
				<timestamp>6020.432505</timestamp>
			</report>
			<report>
				<misses>954900001</misses>
				<total>0</total>
				<timestamp>6021.055168</timestamp>
			</report>
			<report>
				<misses>955000001</misses>
				<total>0</total>
				<timestamp>6021.676363</timestamp>
			</report>
			<report>
				<misses>955100001</misses>
				<total>0</total>
				<timestamp>6022.315610</timestamp>
			</report>
			<report>
				<misses>955200001</misses>
				<total>0</total>
				<timestamp>6022.944575</timestamp>
			</report>
			<report>
				<misses>955300001</misses>
				<total>0</total>
				<timestamp>6023.565537</timestamp>
			</report>
			<report>
				<misses>955400001</misses>
				<total>0</total>
				<timestamp>6024.186609</timestamp>
			</report>
			<report>
				<misses>955500001</misses>
				<total>0</total>
				<timestamp>6024.807670</timestamp>
			</report>
			<report>
				<misses>955600001</misses>
				<total>0</total>
				<timestamp>6025.428413</timestamp>
			</report>
			<report>
				<misses>955700001</misses>
				<total>0</total>
				<timestamp>6026.050858</timestamp>
			</report>
			<report>
				<misses>955800001</misses>
				<total>0</total>
				<timestamp>6026.671094</timestamp>
			</report>
			<report>
				<misses>955900001</misses>
				<total>0</total>
				<timestamp>6027.293225</timestamp>
			</report>
			<report>
				<misses>956000001</misses>
				<total>0</total>
				<timestamp>6027.914456</timestamp>
			</report>
			<report>
				<misses>956100001</misses>
				<total>0</total>
				<timestamp>6028.535274</timestamp>
			</report>
			<report>
				<misses>956200001</misses>
				<total>0</total>
				<timestamp>6029.157636</timestamp>
			</report>
			<report>
				<misses>956300001</misses>
				<total>0</total>
				<timestamp>6029.778798</timestamp>
			</report>
			<report>
				<misses>956400001</misses>
				<total>0</total>
				<timestamp>6030.399344</timestamp>
			</report>
			<report>
				<misses>956500001</misses>
				<total>0</total>
				<timestamp>6031.022131</timestamp>
			</report>
			<report>
				<misses>956600001</misses>
				<total>0</total>
				<timestamp>6031.643883</timestamp>
			</report>
			<report>
				<misses>956700001</misses>
				<total>0</total>
				<timestamp>6032.265793</timestamp>
			</report>
			<report>
				<misses>956800001</misses>
				<total>0</total>
				<timestamp>6032.889104</timestamp>
			</report>
			<report>
				<misses>956900001</misses>
				<total>0</total>
				<timestamp>6033.510858</timestamp>
			</report>
			<report>
				<misses>957000001</misses>
				<total>0</total>
				<timestamp>6034.132589</timestamp>
			</report>
			<report>
				<misses>957100001</misses>
				<total>0</total>
				<timestamp>6034.754045</timestamp>
			</report>
			<report>
				<misses>957200001</misses>
				<total>0</total>
				<timestamp>6035.375042</timestamp>
			</report>
			<report>
				<misses>957300001</misses>
				<total>0</total>
				<timestamp>6035.996282</timestamp>
			</report>
			<report>
				<misses>957400001</misses>
				<total>0</total>
				<timestamp>6036.617726</timestamp>
			</report>
			<report>
				<misses>957500001</misses>
				<total>0</total>
				<timestamp>6037.239194</timestamp>
			</report>
			<report>
				<misses>957600001</misses>
				<total>0</total>
				<timestamp>6037.860159</timestamp>
			</report>
			<report>
				<misses>957700001</misses>
				<total>0</total>
				<timestamp>6038.481030</timestamp>
			</report>
			<report>
				<misses>957800001</misses>
				<total>0</total>
				<timestamp>6039.104022</timestamp>
			</report>
			<report>
				<misses>957900001</misses>
				<total>0</total>
				<timestamp>6039.725500</timestamp>
			</report>
			<report>
				<misses>958000001</misses>
				<total>0</total>
				<timestamp>6040.346942</timestamp>
			</report>
			<report>
				<misses>958100001</misses>
				<total>0</total>
				<timestamp>6040.970383</timestamp>
			</report>
			<report>
				<misses>958200001</misses>
				<total>0</total>
				<timestamp>6041.590989</timestamp>
			</report>
			<report>
				<misses>958300001</misses>
				<total>0</total>
				<timestamp>6042.218975</timestamp>
			</report>
			<report>
				<misses>958400001</misses>
				<total>0</total>
				<timestamp>6042.842837</timestamp>
			</report>
			<report>
				<misses>958500001</misses>
				<total>0</total>
				<timestamp>6043.464330</timestamp>
			</report>
			<report>
				<misses>958600001</misses>
				<total>0</total>
				<timestamp>6044.085418</timestamp>
			</report>
			<report>
				<misses>958700001</misses>
				<total>0</total>
				<timestamp>6044.706233</timestamp>
			</report>
			<report>
				<misses>958800001</misses>
				<total>0</total>
				<timestamp>6045.327269</timestamp>
			</report>
			<report>
				<misses>958900001</misses>
				<total>0</total>
				<timestamp>6045.948508</timestamp>
			</report>
			<report>
				<misses>959000001</misses>
				<total>0</total>
				<timestamp>6046.568986</timestamp>
			</report>
			<report>
				<misses>959100001</misses>
				<total>0</total>
				<timestamp>6047.190869</timestamp>
			</report>
			<report>
				<misses>959200001</misses>
				<total>0</total>
				<timestamp>6047.811740</timestamp>
			</report>
			<report>
				<misses>959300001</misses>
				<total>0</total>
				<timestamp>6048.433142</timestamp>
			</report>
			<report>
				<misses>959400001</misses>
				<total>0</total>
				<timestamp>6049.055957</timestamp>
			</report>
			<report>
				<misses>959500001</misses>
				<total>0</total>
				<timestamp>6049.675888</timestamp>
			</report>
			<report>
				<misses>959600001</misses>
				<total>0</total>
				<timestamp>6050.297013</timestamp>
			</report>
			<report>
				<misses>959700001</misses>
				<total>0</total>
				<timestamp>6050.918153</timestamp>
			</report>
			<report>
				<misses>959800001</misses>
				<total>0</total>
				<timestamp>6051.538806</timestamp>
			</report>
			<report>
				<misses>959900001</misses>
				<total>0</total>
				<timestamp>6052.158795</timestamp>
			</report>
			<report>
				<misses>960000001</misses>
				<total>0</total>
				<timestamp>6052.782249</timestamp>
			</report>
			<report>
				<misses>960100001</misses>
				<total>0</total>
				<timestamp>6053.403139</timestamp>
			</report>
			<report>
				<misses>960200001</misses>
				<total>0</total>
				<timestamp>6054.023523</timestamp>
			</report>
			<report>
				<misses>960300001</misses>
				<total>0</total>
				<timestamp>6054.643977</timestamp>
			</report>
			<report>
				<misses>960400001</misses>
				<total>0</total>
				<timestamp>6055.266619</timestamp>
			</report>
			<report>
				<misses>960500001</misses>
				<total>0</total>
				<timestamp>6055.887741</timestamp>
			</report>
			<report>
				<misses>960600001</misses>
				<total>0</total>
				<timestamp>6056.507517</timestamp>
			</report>
			<report>
				<misses>960700001</misses>
				<total>0</total>
				<timestamp>6057.128541</timestamp>
			</report>
			<report>
				<misses>960800001</misses>
				<total>0</total>
				<timestamp>6057.749759</timestamp>
			</report>
			<report>
				<misses>960900001</misses>
				<total>0</total>
				<timestamp>6058.370435</timestamp>
			</report>
			<report>
				<misses>961000001</misses>
				<total>0</total>
				<timestamp>6058.993517</timestamp>
			</report>
			<report>
				<misses>961100001</misses>
				<total>0</total>
				<timestamp>6059.615489</timestamp>
			</report>
			<report>
				<misses>961200001</misses>
				<total>0</total>
				<timestamp>6060.239024</timestamp>
			</report>
			<report>
				<misses>961300001</misses>
				<total>0</total>
				<timestamp>6060.862246</timestamp>
			</report>
			<report>
				<misses>961400001</misses>
				<total>0</total>
				<timestamp>6061.483850</timestamp>
			</report>
			<report>
				<misses>961500001</misses>
				<total>0</total>
				<timestamp>6062.108792</timestamp>
			</report>
			<report>
				<misses>961600001</misses>
				<total>0</total>
				<timestamp>6062.731743</timestamp>
			</report>
			<report>
				<misses>961700001</misses>
				<total>0</total>
				<timestamp>6063.353846</timestamp>
			</report>
			<report>
				<misses>961800001</misses>
				<total>0</total>
				<timestamp>6063.976519</timestamp>
			</report>
			<report>
				<misses>961900001</misses>
				<total>0</total>
				<timestamp>6064.596662</timestamp>
			</report>
			<report>
				<misses>962000001</misses>
				<total>0</total>
				<timestamp>6065.217743</timestamp>
			</report>
			<report>
				<misses>962100001</misses>
				<total>0</total>
				<timestamp>6065.839092</timestamp>
			</report>
			<report>
				<misses>962200001</misses>
				<total>0</total>
				<timestamp>6066.459943</timestamp>
			</report>
			<report>
				<misses>962300001</misses>
				<total>0</total>
				<timestamp>6067.105374</timestamp>
			</report>
			<report>
				<misses>962400001</misses>
				<total>0</total>
				<timestamp>6067.726251</timestamp>
			</report>
			<report>
				<misses>962500001</misses>
				<total>0</total>
				<timestamp>6068.347555</timestamp>
			</report>
			<report>
				<misses>962600001</misses>
				<total>0</total>
				<timestamp>6068.968993</timestamp>
			</report>
			<report>
				<misses>962700001</misses>
				<total>0</total>
				<timestamp>6069.589602</timestamp>
			</report>
			<report>
				<misses>962800001</misses>
				<total>0</total>
				<timestamp>6070.211184</timestamp>
			</report>
			<report>
				<misses>962900001</misses>
				<total>0</total>
				<timestamp>6070.832645</timestamp>
			</report>
			<report>
				<misses>963000001</misses>
				<total>0</total>
				<timestamp>6071.455116</timestamp>
			</report>
			<report>
				<misses>963100001</misses>
				<total>0</total>
				<timestamp>6072.076430</timestamp>
			</report>
			<report>
				<misses>963200001</misses>
				<total>0</total>
				<timestamp>6072.697221</timestamp>
			</report>
			<report>
				<misses>963300001</misses>
				<total>0</total>
				<timestamp>6073.318380</timestamp>
			</report>
			<report>
				<misses>963400001</misses>
				<total>0</total>
				<timestamp>6073.939179</timestamp>
			</report>
			<report>
				<misses>963500001</misses>
				<total>0</total>
				<timestamp>6074.560129</timestamp>
			</report>
			<report>
				<misses>963600001</misses>
				<total>0</total>
				<timestamp>6075.184388</timestamp>
			</report>
			<report>
				<misses>963700001</misses>
				<total>0</total>
				<timestamp>6075.806066</timestamp>
			</report>
			<report>
				<misses>963800001</misses>
				<total>0</total>
				<timestamp>6076.427471</timestamp>
			</report>
			<report>
				<misses>963900001</misses>
				<total>0</total>
				<timestamp>6077.049581</timestamp>
			</report>
			<report>
				<misses>964000001</misses>
				<total>0</total>
				<timestamp>6077.670386</timestamp>
			</report>
			<report>
				<misses>964100001</misses>
				<total>0</total>
				<timestamp>6078.295368</timestamp>
			</report>
			<report>
				<misses>964200001</misses>
				<total>0</total>
				<timestamp>6078.917164</timestamp>
			</report>
			<report>
				<misses>964300001</misses>
				<total>0</total>
				<timestamp>6079.538235</timestamp>
			</report>
			<report>
				<misses>964400001</misses>
				<total>0</total>
				<timestamp>6080.174985</timestamp>
			</report>
			<report>
				<misses>964500001</misses>
				<total>0</total>
				<timestamp>6080.796422</timestamp>
			</report>
			<report>
				<misses>964600001</misses>
				<total>0</total>
				<timestamp>6081.417099</timestamp>
			</report>
			<report>
				<misses>964700001</misses>
				<total>0</total>
				<timestamp>6082.037416</timestamp>
			</report>
			<report>
				<misses>964800001</misses>
				<total>0</total>
				<timestamp>6082.657687</timestamp>
			</report>
			<report>
				<misses>964900001</misses>
				<total>0</total>
				<timestamp>6083.281358</timestamp>
			</report>
			<report>
				<misses>965000001</misses>
				<total>0</total>
				<timestamp>6083.902593</timestamp>
			</report>
			<report>
				<misses>965100001</misses>
				<total>0</total>
				<timestamp>6084.523262</timestamp>
			</report>
			<report>
				<misses>965200001</misses>
				<total>0</total>
				<timestamp>6085.143963</timestamp>
			</report>
			<report>
				<misses>965300001</misses>
				<total>0</total>
				<timestamp>6085.764592</timestamp>
			</report>
			<report>
				<misses>965400001</misses>
				<total>0</total>
				<timestamp>6086.384112</timestamp>
			</report>
			<report>
				<misses>965500001</misses>
				<total>0</total>
				<timestamp>6087.005208</timestamp>
			</report>
			<report>
				<misses>965600001</misses>
				<total>0</total>
				<timestamp>6087.626112</timestamp>
			</report>
			<report>
				<misses>965700001</misses>
				<total>0</total>
				<timestamp>6088.245309</timestamp>
			</report>
			<report>
				<misses>965800001</misses>
				<total>0</total>
				<timestamp>6088.864430</timestamp>
			</report>
			<report>
				<misses>965900001</misses>
				<total>0</total>
				<timestamp>6089.484388</timestamp>
			</report>
			<report>
				<misses>966000001</misses>
				<total>0</total>
				<timestamp>6090.103960</timestamp>
			</report>
			<report>
				<misses>966100001</misses>
				<total>0</total>
				<timestamp>6090.728547</timestamp>
			</report>
			<report>
				<misses>966200001</misses>
				<total>0</total>
				<timestamp>6091.348593</timestamp>
			</report>
			<report>
				<misses>966300001</misses>
				<total>0</total>
				<timestamp>6091.969884</timestamp>
			</report>
			<report>
				<misses>966400001</misses>
				<total>0</total>
				<timestamp>6092.589403</timestamp>
			</report>
			<report>
				<misses>966500001</misses>
				<total>0</total>
				<timestamp>6093.225295</timestamp>
			</report>
			<report>
				<misses>966600001</misses>
				<total>0</total>
				<timestamp>6093.844710</timestamp>
			</report>
			<report>
				<misses>966700001</misses>
				<total>0</total>
				<timestamp>6094.466160</timestamp>
			</report>
			<report>
				<misses>966800001</misses>
				<total>0</total>
				<timestamp>6095.097003</timestamp>
			</report>
			<report>
				<misses>966900001</misses>
				<total>0</total>
				<timestamp>6095.718704</timestamp>
			</report>
			<report>
				<misses>967000001</misses>
				<total>0</total>
				<timestamp>6096.340005</timestamp>
			</report>
			<report>
				<misses>967100001</misses>
				<total>0</total>
				<timestamp>6096.980624</timestamp>
			</report>
			<report>
				<misses>967200001</misses>
				<total>0</total>
				<timestamp>6097.601386</timestamp>
			</report>
			<report>
				<misses>967300001</misses>
				<total>0</total>
				<timestamp>6098.222845</timestamp>
			</report>
			<report>
				<misses>967400001</misses>
				<total>0</total>
				<timestamp>6098.843963</timestamp>
			</report>
			<report>
				<misses>967500001</misses>
				<total>0</total>
				<timestamp>6099.463851</timestamp>
			</report>
			<report>
				<misses>967600001</misses>
				<total>0</total>
				<timestamp>6100.084280</timestamp>
			</report>
			<report>
				<misses>967700001</misses>
				<total>0</total>
				<timestamp>6100.706557</timestamp>
			</report>
			<report>
				<misses>967800001</misses>
				<total>0</total>
				<timestamp>6101.326440</timestamp>
			</report>
			<report>
				<misses>967900001</misses>
				<total>0</total>
				<timestamp>6101.946645</timestamp>
			</report>
			<report>
				<misses>968000001</misses>
				<total>0</total>
				<timestamp>6102.566344</timestamp>
			</report>
			<report>
				<misses>968100001</misses>
				<total>0</total>
				<timestamp>6103.189098</timestamp>
			</report>
			<report>
				<misses>968200001</misses>
				<total>0</total>
				<timestamp>6103.808726</timestamp>
			</report>
			<report>
				<misses>968300001</misses>
				<total>0</total>
				<timestamp>6104.428866</timestamp>
			</report>
			<report>
				<misses>968400001</misses>
				<total>0</total>
				<timestamp>6105.049637</timestamp>
			</report>
			<report>
				<misses>968500001</misses>
				<total>0</total>
				<timestamp>6105.670656</timestamp>
			</report>
			<report>
				<misses>968600001</misses>
				<total>0</total>
				<timestamp>6106.291052</timestamp>
			</report>
			<report>
				<misses>968700001</misses>
				<total>0</total>
				<timestamp>6106.912653</timestamp>
			</report>
			<report>
				<misses>968800001</misses>
				<total>0</total>
				<timestamp>6107.533130</timestamp>
			</report>
			<report>
				<misses>968900001</misses>
				<total>0</total>
				<timestamp>6108.168965</timestamp>
			</report>
			<report>
				<misses>969000001</misses>
				<total>0</total>
				<timestamp>6108.789401</timestamp>
			</report>
			<report>
				<misses>969100001</misses>
				<total>0</total>
				<timestamp>6109.409823</timestamp>
			</report>
			<report>
				<misses>969200001</misses>
				<total>0</total>
				<timestamp>6110.030121</timestamp>
			</report>
			<report>
				<misses>969300001</misses>
				<total>0</total>
				<timestamp>6110.650285</timestamp>
			</report>
			<report>
				<misses>969400001</misses>
				<total>0</total>
				<timestamp>6111.282774</timestamp>
			</report>
			<report>
				<misses>969500001</misses>
				<total>0</total>
				<timestamp>6111.902478</timestamp>
			</report>
			<report>
				<misses>969600001</misses>
				<total>0</total>
				<timestamp>6112.523163</timestamp>
			</report>
			<report>
				<misses>969700001</misses>
				<total>0</total>
				<timestamp>6113.143046</timestamp>
			</report>
			<report>
				<misses>969800001</misses>
				<total>0</total>
				<timestamp>6113.764591</timestamp>
			</report>
			<report>
				<misses>969900001</misses>
				<total>0</total>
				<timestamp>6114.385226</timestamp>
			</report>
			<report>
				<misses>970000001</misses>
				<total>0</total>
				<timestamp>6115.005513</timestamp>
			</report>
			<report>
				<misses>970100001</misses>
				<total>0</total>
				<timestamp>6115.625670</timestamp>
			</report>
			<report>
				<misses>970200001</misses>
				<total>0</total>
				<timestamp>6116.247212</timestamp>
			</report>
			<report>
				<misses>970300001</misses>
				<total>0</total>
				<timestamp>6116.870812</timestamp>
			</report>
			<report>
				<misses>970400001</misses>
				<total>0</total>
				<timestamp>6117.490670</timestamp>
			</report>
			<report>
				<misses>970500001</misses>
				<total>0</total>
				<timestamp>6118.110711</timestamp>
			</report>
			<report>
				<misses>970600001</misses>
				<total>0</total>
				<timestamp>6118.731584</timestamp>
			</report>
			<report>
				<misses>970700001</misses>
				<total>0</total>
				<timestamp>6119.350706</timestamp>
			</report>
			<report>
				<misses>970800001</misses>
				<total>0</total>
				<timestamp>6119.970753</timestamp>
			</report>
			<report>
				<misses>970900001</misses>
				<total>0</total>
				<timestamp>6120.590972</timestamp>
			</report>
			<report>
				<misses>971000001</misses>
				<total>0</total>
				<timestamp>6121.212889</timestamp>
			</report>
			<report>
				<misses>971100001</misses>
				<total>0</total>
				<timestamp>6121.832393</timestamp>
			</report>
			<report>
				<misses>971200001</misses>
				<total>0</total>
				<timestamp>6122.453263</timestamp>
			</report>
			<report>
				<misses>971300001</misses>
				<total>0</total>
				<timestamp>6123.074727</timestamp>
			</report>
			<report>
				<misses>971400001</misses>
				<total>0</total>
				<timestamp>6123.694475</timestamp>
			</report>
			<report>
				<misses>971500001</misses>
				<total>0</total>
				<timestamp>6124.315384</timestamp>
			</report>
			<report>
				<misses>971600001</misses>
				<total>0</total>
				<timestamp>6124.938831</timestamp>
			</report>
			<report>
				<misses>971700001</misses>
				<total>0</total>
				<timestamp>6125.558571</timestamp>
			</report>
			<report>
				<misses>971800001</misses>
				<total>0</total>
				<timestamp>6126.178590</timestamp>
			</report>
			<report>
				<misses>971900001</misses>
				<total>0</total>
				<timestamp>6126.798141</timestamp>
			</report>
			<report>
				<misses>972000001</misses>
				<total>0</total>
				<timestamp>6127.418757</timestamp>
			</report>
			<report>
				<misses>972100001</misses>
				<total>0</total>
				<timestamp>6128.039375</timestamp>
			</report>
			<report>
				<misses>972200001</misses>
				<total>0</total>
				<timestamp>6128.660216</timestamp>
			</report>
			<report>
				<misses>972300001</misses>
				<total>0</total>
				<timestamp>6129.289616</timestamp>
			</report>
			<report>
				<misses>972400001</misses>
				<total>0</total>
				<timestamp>6129.916772</timestamp>
			</report>
			<report>
				<misses>972500001</misses>
				<total>0</total>
				<timestamp>6130.538108</timestamp>
			</report>
			<report>
				<misses>972600001</misses>
				<total>0</total>
				<timestamp>6131.159912</timestamp>
			</report>
			<report>
				<misses>972700001</misses>
				<total>0</total>
				<timestamp>6131.781603</timestamp>
			</report>
			<report>
				<misses>972800001</misses>
				<total>0</total>
				<timestamp>6132.403416</timestamp>
			</report>
			<report>
				<misses>972900001</misses>
				<total>0</total>
				<timestamp>6133.034946</timestamp>
			</report>
			<report>
				<misses>973000001</misses>
				<total>0</total>
				<timestamp>6133.657061</timestamp>
			</report>
			<report>
				<misses>973100001</misses>
				<total>0</total>
				<timestamp>6134.281041</timestamp>
			</report>
			<report>
				<misses>973200001</misses>
				<total>0</total>
				<timestamp>6134.901399</timestamp>
			</report>
			<report>
				<misses>973300001</misses>
				<total>0</total>
				<timestamp>6135.521297</timestamp>
			</report>
			<report>
				<misses>973400001</misses>
				<total>0</total>
				<timestamp>6136.140881</timestamp>
			</report>
			<report>
				<misses>973500001</misses>
				<total>0</total>
				<timestamp>6136.760930</timestamp>
			</report>
			<report>
				<misses>973600001</misses>
				<total>0</total>
				<timestamp>6137.380623</timestamp>
			</report>
			<report>
				<misses>973700001</misses>
				<total>0</total>
				<timestamp>6138.003285</timestamp>
			</report>
			<report>
				<misses>973800001</misses>
				<total>0</total>
				<timestamp>6138.623102</timestamp>
			</report>
			<report>
				<misses>973900001</misses>
				<total>0</total>
				<timestamp>6139.242988</timestamp>
			</report>
			<report>
				<misses>974000001</misses>
				<total>0</total>
				<timestamp>6139.864016</timestamp>
			</report>
			<report>
				<misses>974100001</misses>
				<total>0</total>
				<timestamp>6140.483691</timestamp>
			</report>
			<report>
				<misses>974200001</misses>
				<total>0</total>
				<timestamp>6141.104458</timestamp>
			</report>
			<report>
				<misses>974300001</misses>
				<total>0</total>
				<timestamp>6141.724035</timestamp>
			</report>
			<report>
				<misses>974400001</misses>
				<total>0</total>
				<timestamp>6142.344496</timestamp>
			</report>
			<report>
				<misses>974500001</misses>
				<total>0</total>
				<timestamp>6142.966671</timestamp>
			</report>
			<report>
				<misses>974600001</misses>
				<total>0</total>
				<timestamp>6143.586619</timestamp>
			</report>
			<report>
				<misses>974700001</misses>
				<total>0</total>
				<timestamp>6144.206614</timestamp>
			</report>
			<report>
				<misses>974800001</misses>
				<total>0</total>
				<timestamp>6144.827366</timestamp>
			</report>
			<report>
				<misses>974900001</misses>
				<total>0</total>
				<timestamp>6145.450297</timestamp>
			</report>
			<report>
				<misses>975000001</misses>
				<total>0</total>
				<timestamp>6146.086568</timestamp>
			</report>
			<report>
				<misses>975100001</misses>
				<total>0</total>
				<timestamp>6146.738905</timestamp>
			</report>
			<report>
				<misses>975200001</misses>
				<total>0</total>
				<timestamp>6147.379760</timestamp>
			</report>
			<report>
				<misses>975300001</misses>
				<total>0</total>
				<timestamp>6148.011581</timestamp>
			</report>
			<report>
				<misses>975400001</misses>
				<total>0</total>
				<timestamp>6148.647103</timestamp>
			</report>
			<report>
				<misses>975500001</misses>
				<total>0</total>
				<timestamp>6149.280408</timestamp>
			</report>
			<report>
				<misses>975600001</misses>
				<total>0</total>
				<timestamp>6149.922110</timestamp>
			</report>
			<report>
				<misses>975700001</misses>
				<total>0</total>
				<timestamp>6150.553644</timestamp>
			</report>
			<report>
				<misses>975800001</misses>
				<total>0</total>
				<timestamp>6151.187492</timestamp>
			</report>
			<report>
				<misses>975900001</misses>
				<total>0</total>
				<timestamp>6151.819403</timestamp>
			</report>
			<report>
				<misses>976000001</misses>
				<total>0</total>
				<timestamp>6152.465227</timestamp>
			</report>
			<report>
				<misses>976100001</misses>
				<total>0</total>
				<timestamp>6153.107811</timestamp>
			</report>
			<report>
				<misses>976200001</misses>
				<total>0</total>
				<timestamp>6153.739779</timestamp>
			</report>
			<report>
				<misses>976300001</misses>
				<total>0</total>
				<timestamp>6154.372290</timestamp>
			</report>
			<report>
				<misses>976400001</misses>
				<total>0</total>
				<timestamp>6155.008369</timestamp>
			</report>
			<report>
				<misses>976500001</misses>
				<total>0</total>
				<timestamp>6155.659479</timestamp>
			</report>
			<report>
				<misses>976600001</misses>
				<total>0</total>
				<timestamp>6156.305231</timestamp>
			</report>
			<report>
				<misses>976700001</misses>
				<total>0</total>
				<timestamp>6156.944715</timestamp>
			</report>
			<report>
				<misses>976800001</misses>
				<total>0</total>
				<timestamp>6157.576275</timestamp>
			</report>
			<report>
				<misses>976900001</misses>
				<total>0</total>
				<timestamp>6158.211126</timestamp>
			</report>
			<report>
				<misses>977000001</misses>
				<total>0</total>
				<timestamp>6158.854586</timestamp>
			</report>
			<report>
				<misses>977100001</misses>
				<total>0</total>
				<timestamp>6159.490474</timestamp>
			</report>
			<report>
				<misses>977200001</misses>
				<total>0</total>
				<timestamp>6160.147648</timestamp>
			</report>
			<report>
				<misses>977300001</misses>
				<total>0</total>
				<timestamp>6160.779293</timestamp>
			</report>
			<report>
				<misses>977400001</misses>
				<total>0</total>
				<timestamp>6161.428365</timestamp>
			</report>
			<report>
				<misses>977500001</misses>
				<total>0</total>
				<timestamp>6162.062129</timestamp>
			</report>
			<report>
				<misses>977600001</misses>
				<total>0</total>
				<timestamp>6162.713624</timestamp>
			</report>
			<report>
				<misses>977700001</misses>
				<total>0</total>
				<timestamp>6163.349842</timestamp>
			</report>
			<report>
				<misses>977800001</misses>
				<total>0</total>
				<timestamp>6163.990841</timestamp>
			</report>
			<report>
				<misses>977900001</misses>
				<total>0</total>
				<timestamp>6164.623052</timestamp>
			</report>
			<report>
				<misses>978000001</misses>
				<total>0</total>
				<timestamp>6165.274090</timestamp>
			</report>
			<report>
				<misses>978100001</misses>
				<total>0</total>
				<timestamp>6165.908811</timestamp>
			</report>
			<report>
				<misses>978200001</misses>
				<total>0</total>
				<timestamp>6166.542333</timestamp>
			</report>
			<report>
				<misses>978300001</misses>
				<total>0</total>
				<timestamp>6167.184897</timestamp>
			</report>
			<report>
				<misses>978400001</misses>
				<total>0</total>
				<timestamp>6167.825499</timestamp>
			</report>
			<report>
				<misses>978500001</misses>
				<total>0</total>
				<timestamp>6168.467866</timestamp>
			</report>
			<report>
				<misses>978600001</misses>
				<total>0</total>
				<timestamp>6169.107354</timestamp>
			</report>
			<report>
				<misses>978700001</misses>
				<total>0</total>
				<timestamp>6169.741810</timestamp>
			</report>
			<report>
				<misses>978800001</misses>
				<total>0</total>
				<timestamp>6170.378169</timestamp>
			</report>
			<report>
				<misses>978900001</misses>
				<total>0</total>
				<timestamp>6171.023940</timestamp>
			</report>
			<report>
				<misses>979000001</misses>
				<total>0</total>
				<timestamp>6171.654404</timestamp>
			</report>
			<report>
				<misses>979100001</misses>
				<total>0</total>
				<timestamp>6172.282993</timestamp>
			</report>
			<report>
				<misses>979200001</misses>
				<total>0</total>
				<timestamp>6172.910887</timestamp>
			</report>
			<report>
				<misses>979300001</misses>
				<total>0</total>
				<timestamp>6173.538276</timestamp>
			</report>
			<report>
				<misses>979400001</misses>
				<total>0</total>
				<timestamp>6174.167720</timestamp>
			</report>
			<report>
				<misses>979500001</misses>
				<total>0</total>
				<timestamp>6174.796169</timestamp>
			</report>
			<report>
				<misses>979600001</misses>
				<total>0</total>
				<timestamp>6175.424321</timestamp>
			</report>
			<report>
				<misses>979700001</misses>
				<total>0</total>
				<timestamp>6176.051944</timestamp>
			</report>
			<report>
				<misses>979800001</misses>
				<total>0</total>
				<timestamp>6176.680078</timestamp>
			</report>
			<report>
				<misses>979900001</misses>
				<total>0</total>
				<timestamp>6177.308393</timestamp>
			</report>
			<report>
				<misses>980000001</misses>
				<total>0</total>
				<timestamp>6177.936465</timestamp>
			</report>
			<report>
				<misses>980100001</misses>
				<total>0</total>
				<timestamp>6178.564280</timestamp>
			</report>
			<report>
				<misses>980200001</misses>
				<total>0</total>
				<timestamp>6179.192114</timestamp>
			</report>
			<report>
				<misses>980300001</misses>
				<total>0</total>
				<timestamp>6179.820065</timestamp>
			</report>
			<report>
				<misses>980400001</misses>
				<total>0</total>
				<timestamp>6180.447073</timestamp>
			</report>
			<report>
				<misses>980500001</misses>
				<total>0</total>
				<timestamp>6181.074268</timestamp>
			</report>
			<report>
				<misses>980600001</misses>
				<total>0</total>
				<timestamp>6181.701491</timestamp>
			</report>
			<report>
				<misses>980700001</misses>
				<total>0</total>
				<timestamp>6182.329860</timestamp>
			</report>
			<report>
				<misses>980800001</misses>
				<total>0</total>
				<timestamp>6182.968738</timestamp>
			</report>
			<report>
				<misses>980900001</misses>
				<total>0</total>
				<timestamp>6183.595933</timestamp>
			</report>
			<report>
				<misses>981000001</misses>
				<total>0</total>
				<timestamp>6184.223200</timestamp>
			</report>
			<report>
				<misses>981100001</misses>
				<total>0</total>
				<timestamp>6184.850873</timestamp>
			</report>
			<report>
				<misses>981200001</misses>
				<total>0</total>
				<timestamp>6185.478529</timestamp>
			</report>
			<report>
				<misses>981300001</misses>
				<total>0</total>
				<timestamp>6186.112936</timestamp>
			</report>
			<report>
				<misses>981400001</misses>
				<total>0</total>
				<timestamp>6186.740020</timestamp>
			</report>
			<report>
				<misses>981500001</misses>
				<total>0</total>
				<timestamp>6187.368250</timestamp>
			</report>
			<report>
				<misses>981600001</misses>
				<total>0</total>
				<timestamp>6188.006491</timestamp>
			</report>
			<report>
				<misses>981700001</misses>
				<total>0</total>
				<timestamp>6188.634021</timestamp>
			</report>
			<report>
				<misses>981800001</misses>
				<total>0</total>
				<timestamp>6189.261526</timestamp>
			</report>
			<report>
				<misses>981900001</misses>
				<total>0</total>
				<timestamp>6189.888784</timestamp>
			</report>
			<report>
				<misses>982000001</misses>
				<total>0</total>
				<timestamp>6190.515717</timestamp>
			</report>
			<report>
				<misses>982100001</misses>
				<total>0</total>
				<timestamp>6191.142618</timestamp>
			</report>
			<report>
				<misses>982200001</misses>
				<total>0</total>
				<timestamp>6191.769305</timestamp>
			</report>
			<report>
				<misses>982300001</misses>
				<total>0</total>
				<timestamp>6192.396707</timestamp>
			</report>
			<report>
				<misses>982400001</misses>
				<total>0</total>
				<timestamp>6193.025563</timestamp>
			</report>
			<report>
				<misses>982500001</misses>
				<total>0</total>
				<timestamp>6193.653124</timestamp>
			</report>
			<report>
				<misses>982600001</misses>
				<total>0</total>
				<timestamp>6194.280128</timestamp>
			</report>
			<report>
				<misses>982700001</misses>
				<total>0</total>
				<timestamp>6194.907850</timestamp>
			</report>
			<report>
				<misses>982800001</misses>
				<total>0</total>
				<timestamp>6195.535448</timestamp>
			</report>
			<report>
				<misses>982900001</misses>
				<total>0</total>
				<timestamp>6196.163211</timestamp>
			</report>
			<report>
				<misses>983000001</misses>
				<total>0</total>
				<timestamp>6196.790995</timestamp>
			</report>
			<report>
				<misses>983100001</misses>
				<total>0</total>
				<timestamp>6197.419497</timestamp>
			</report>
			<report>
				<misses>983200001</misses>
				<total>0</total>
				<timestamp>6198.047095</timestamp>
			</report>
			<report>
				<misses>983300001</misses>
				<total>0</total>
				<timestamp>6198.674776</timestamp>
			</report>
			<report>
				<misses>983400001</misses>
				<total>0</total>
				<timestamp>6199.302661</timestamp>
			</report>
			<report>
				<misses>983500001</misses>
				<total>0</total>
				<timestamp>6199.930893</timestamp>
			</report>
			<report>
				<misses>983600001</misses>
				<total>0</total>
				<timestamp>6200.559429</timestamp>
			</report>
			<report>
				<misses>983700001</misses>
				<total>0</total>
				<timestamp>6201.188266</timestamp>
			</report>
			<report>
				<misses>983800001</misses>
				<total>0</total>
				<timestamp>6201.817359</timestamp>
			</report>
			<report>
				<misses>983900001</misses>
				<total>0</total>
				<timestamp>6202.444890</timestamp>
			</report>
			<report>
				<misses>984000001</misses>
				<total>0</total>
				<timestamp>6203.072258</timestamp>
			</report>
			<report>
				<misses>984100001</misses>
				<total>0</total>
				<timestamp>6203.700031</timestamp>
			</report>
			<report>
				<misses>984200001</misses>
				<total>0</total>
				<timestamp>6204.328123</timestamp>
			</report>
			<report>
				<misses>984300001</misses>
				<total>0</total>
				<timestamp>6204.955216</timestamp>
			</report>
			<report>
				<misses>984400001</misses>
				<total>0</total>
				<timestamp>6205.582045</timestamp>
			</report>
			<report>
				<misses>984500001</misses>
				<total>0</total>
				<timestamp>6206.209093</timestamp>
			</report>
			<report>
				<misses>984600001</misses>
				<total>0</total>
				<timestamp>6206.836609</timestamp>
			</report>
			<report>
				<misses>984700001</misses>
				<total>0</total>
				<timestamp>6207.463673</timestamp>
			</report>
			<report>
				<misses>984800001</misses>
				<total>0</total>
				<timestamp>6208.095111</timestamp>
			</report>
			<report>
				<misses>984900001</misses>
				<total>0</total>
				<timestamp>6208.722252</timestamp>
			</report>
			<report>
				<misses>985000001</misses>
				<total>0</total>
				<timestamp>6209.348317</timestamp>
			</report>
			<report>
				<misses>985100001</misses>
				<total>0</total>
				<timestamp>6209.974069</timestamp>
			</report>
			<report>
				<misses>985200001</misses>
				<total>0</total>
				<timestamp>6210.600585</timestamp>
			</report>
			<report>
				<misses>985300001</misses>
				<total>0</total>
				<timestamp>6211.226798</timestamp>
			</report>
			<report>
				<misses>985400001</misses>
				<total>0</total>
				<timestamp>6211.853315</timestamp>
			</report>
			<report>
				<misses>985500001</misses>
				<total>0</total>
				<timestamp>6212.479654</timestamp>
			</report>
			<report>
				<misses>985600001</misses>
				<total>0</total>
				<timestamp>6213.106455</timestamp>
			</report>
			<report>
				<misses>985700001</misses>
				<total>0</total>
				<timestamp>6213.733335</timestamp>
			</report>
			<report>
				<misses>985800001</misses>
				<total>0</total>
				<timestamp>6214.359895</timestamp>
			</report>
			<report>
				<misses>985900001</misses>
				<total>0</total>
				<timestamp>6214.994661</timestamp>
			</report>
			<report>
				<misses>986000001</misses>
				<total>0</total>
				<timestamp>6215.619947</timestamp>
			</report>
			<report>
				<misses>986100001</misses>
				<total>0</total>
				<timestamp>6216.246247</timestamp>
			</report>
			<report>
				<misses>986200001</misses>
				<total>0</total>
				<timestamp>6216.872272</timestamp>
			</report>
			<report>
				<misses>986300001</misses>
				<total>0</total>
				<timestamp>6217.497702</timestamp>
			</report>
			<report>
				<misses>986400001</misses>
				<total>0</total>
				<timestamp>6218.146320</timestamp>
			</report>
			<report>
				<misses>986500001</misses>
				<total>0</total>
				<timestamp>6218.771370</timestamp>
			</report>
			<report>
				<misses>986600001</misses>
				<total>0</total>
				<timestamp>6219.396943</timestamp>
			</report>
			<report>
				<misses>986700001</misses>
				<total>0</total>
				<timestamp>6220.021758</timestamp>
			</report>
			<report>
				<misses>986800001</misses>
				<total>0</total>
				<timestamp>6220.647271</timestamp>
			</report>
			<report>
				<misses>986900001</misses>
				<total>0</total>
				<timestamp>6221.273092</timestamp>
			</report>
			<report>
				<misses>987000001</misses>
				<total>0</total>
				<timestamp>6221.898098</timestamp>
			</report>
			<report>
				<misses>987100001</misses>
				<total>0</total>
				<timestamp>6222.522418</timestamp>
			</report>
			<report>
				<misses>987200001</misses>
				<total>0</total>
				<timestamp>6223.147368</timestamp>
			</report>
			<report>
				<misses>987300001</misses>
				<total>0</total>
				<timestamp>6223.775450</timestamp>
			</report>
			<report>
				<misses>987400001</misses>
				<total>0</total>
				<timestamp>6224.400937</timestamp>
			</report>
			<report>
				<misses>987500001</misses>
				<total>0</total>
				<timestamp>6225.025890</timestamp>
			</report>
			<report>
				<misses>987600001</misses>
				<total>0</total>
				<timestamp>6225.649638</timestamp>
			</report>
			<report>
				<misses>987700001</misses>
				<total>0</total>
				<timestamp>6226.275516</timestamp>
			</report>
			<report>
				<misses>987800001</misses>
				<total>0</total>
				<timestamp>6226.901589</timestamp>
			</report>
			<report>
				<misses>987900001</misses>
				<total>0</total>
				<timestamp>6227.526390</timestamp>
			</report>
			<report>
				<misses>988000001</misses>
				<total>0</total>
				<timestamp>6228.156032</timestamp>
			</report>
			<report>
				<misses>988100001</misses>
				<total>0</total>
				<timestamp>6228.786045</timestamp>
			</report>
			<report>
				<misses>988200001</misses>
				<total>0</total>
				<timestamp>6229.410930</timestamp>
			</report>
			<report>
				<misses>988300001</misses>
				<total>0</total>
				<timestamp>6230.039887</timestamp>
			</report>
			<report>
				<misses>988400001</misses>
				<total>0</total>
				<timestamp>6230.664622</timestamp>
			</report>
			<report>
				<misses>988500001</misses>
				<total>0</total>
				<timestamp>6231.289719</timestamp>
			</report>
			<report>
				<misses>988600001</misses>
				<total>0</total>
				<timestamp>6231.921767</timestamp>
			</report>
			<report>
				<misses>988700001</misses>
				<total>0</total>
				<timestamp>6232.547075</timestamp>
			</report>
			<report>
				<misses>988800001</misses>
				<total>0</total>
				<timestamp>6233.181745</timestamp>
			</report>
			<report>
				<misses>988900001</misses>
				<total>0</total>
				<timestamp>6233.809123</timestamp>
			</report>
			<report>
				<misses>989000001</misses>
				<total>0</total>
				<timestamp>6234.434596</timestamp>
			</report>
			<report>
				<misses>989100001</misses>
				<total>0</total>
				<timestamp>6235.060740</timestamp>
			</report>
			<report>
				<misses>989200001</misses>
				<total>0</total>
				<timestamp>6235.687430</timestamp>
			</report>
			<report>
				<misses>989300001</misses>
				<total>0</total>
				<timestamp>6236.313891</timestamp>
			</report>
			<report>
				<misses>989400001</misses>
				<total>0</total>
				<timestamp>6236.941898</timestamp>
			</report>
			<report>
				<misses>989500001</misses>
				<total>0</total>
				<timestamp>6237.568924</timestamp>
			</report>
			<report>
				<misses>989600001</misses>
				<total>0</total>
				<timestamp>6238.195676</timestamp>
			</report>
			<report>
				<misses>989700001</misses>
				<total>0</total>
				<timestamp>6238.821529</timestamp>
			</report>
			<report>
				<misses>989800001</misses>
				<total>0</total>
				<timestamp>6239.448266</timestamp>
			</report>
			<report>
				<misses>989900001</misses>
				<total>0</total>
				<timestamp>6240.075304</timestamp>
			</report>
			<report>
				<misses>990000001</misses>
				<total>0</total>
				<timestamp>6240.700897</timestamp>
			</report>
			<report>
				<misses>990100001</misses>
				<total>0</total>
				<timestamp>6241.329649</timestamp>
			</report>
			<report>
				<misses>990200001</misses>
				<total>0</total>
				<timestamp>6241.954304</timestamp>
			</report>
			<report>
				<misses>990300001</misses>
				<total>0</total>
				<timestamp>6242.578819</timestamp>
			</report>
			<report>
				<misses>990400001</misses>
				<total>0</total>
				<timestamp>6243.203505</timestamp>
			</report>
			<report>
				<misses>990500001</misses>
				<total>0</total>
				<timestamp>6243.827655</timestamp>
			</report>
			<report>
				<misses>990600001</misses>
				<total>0</total>
				<timestamp>6244.453327</timestamp>
			</report>
			<report>
				<misses>990700001</misses>
				<total>0</total>
				<timestamp>6245.078080</timestamp>
			</report>
			<report>
				<misses>990800001</misses>
				<total>0</total>
				<timestamp>6245.703177</timestamp>
			</report>
			<report>
				<misses>990900001</misses>
				<total>0</total>
				<timestamp>6246.327804</timestamp>
			</report>
			<report>
				<misses>991000001</misses>
				<total>0</total>
				<timestamp>6246.952684</timestamp>
			</report>
			<report>
				<misses>991100001</misses>
				<total>0</total>
				<timestamp>6247.577977</timestamp>
			</report>
			<report>
				<misses>991200001</misses>
				<total>0</total>
				<timestamp>6248.203476</timestamp>
			</report>
			<report>
				<misses>991300001</misses>
				<total>0</total>
				<timestamp>6248.828768</timestamp>
			</report>
			<report>
				<misses>991400001</misses>
				<total>0</total>
				<timestamp>6249.454572</timestamp>
			</report>
			<report>
				<misses>991500001</misses>
				<total>0</total>
				<timestamp>6250.082799</timestamp>
			</report>
			<report>
				<misses>991600001</misses>
				<total>0</total>
				<timestamp>6250.709487</timestamp>
			</report>
			<report>
				<misses>991700001</misses>
				<total>0</total>
				<timestamp>6251.334087</timestamp>
			</report>
			<report>
				<misses>991800001</misses>
				<total>0</total>
				<timestamp>6251.958999</timestamp>
			</report>
			<report>
				<misses>991900001</misses>
				<total>0</total>
				<timestamp>6252.583434</timestamp>
			</report>
			<report>
				<misses>992000001</misses>
				<total>0</total>
				<timestamp>6253.208132</timestamp>
			</report>
			<report>
				<misses>992100001</misses>
				<total>0</total>
				<timestamp>6253.833101</timestamp>
			</report>
			<report>
				<misses>992200001</misses>
				<total>0</total>
				<timestamp>6254.457291</timestamp>
			</report>
			<report>
				<misses>992300001</misses>
				<total>0</total>
				<timestamp>6255.082009</timestamp>
			</report>
			<report>
				<misses>992400001</misses>
				<total>0</total>
				<timestamp>6255.705676</timestamp>
			</report>
			<report>
				<misses>992500001</misses>
				<total>0</total>
				<timestamp>6256.330258</timestamp>
			</report>
			<report>
				<misses>992600001</misses>
				<total>0</total>
				<timestamp>6256.954135</timestamp>
			</report>
			<report>
				<misses>992700001</misses>
				<total>0</total>
				<timestamp>6257.579128</timestamp>
			</report>
			<report>
				<misses>992800001</misses>
				<total>0</total>
				<timestamp>6258.204358</timestamp>
			</report>
			<report>
				<misses>992900001</misses>
				<total>0</total>
				<timestamp>6258.828613</timestamp>
			</report>
			<report>
				<misses>993000001</misses>
				<total>0</total>
				<timestamp>6259.453376</timestamp>
			</report>
			<report>
				<misses>993100001</misses>
				<total>0</total>
				<timestamp>6260.078047</timestamp>
			</report>
			<report>
				<misses>993200001</misses>
				<total>0</total>
				<timestamp>6260.702975</timestamp>
			</report>
			<report>
				<misses>993300001</misses>
				<total>0</total>
				<timestamp>6261.329018</timestamp>
			</report>
			<report>
				<misses>993400001</misses>
				<total>0</total>
				<timestamp>6261.954012</timestamp>
			</report>
			<report>
				<misses>993500001</misses>
				<total>0</total>
				<timestamp>6262.579164</timestamp>
			</report>
			<report>
				<misses>993600001</misses>
				<total>0</total>
				<timestamp>6263.204178</timestamp>
			</report>
			<report>
				<misses>993700001</misses>
				<total>0</total>
				<timestamp>6263.829524</timestamp>
			</report>
			<report>
				<misses>993800001</misses>
				<total>0</total>
				<timestamp>6264.454542</timestamp>
			</report>
			<report>
				<misses>993900001</misses>
				<total>0</total>
				<timestamp>6265.080279</timestamp>
			</report>
			<report>
				<misses>994000001</misses>
				<total>0</total>
				<timestamp>6265.704863</timestamp>
			</report>
			<report>
				<misses>994100001</misses>
				<total>0</total>
				<timestamp>6266.329776</timestamp>
			</report>
			<report>
				<misses>994200001</misses>
				<total>0</total>
				<timestamp>6266.955137</timestamp>
			</report>
			<report>
				<misses>994300001</misses>
				<total>0</total>
				<timestamp>6267.581237</timestamp>
			</report>
			<report>
				<misses>994400001</misses>
				<total>0</total>
				<timestamp>6268.206550</timestamp>
			</report>
			<report>
				<misses>994500001</misses>
				<total>0</total>
				<timestamp>6268.833890</timestamp>
			</report>
			<report>
				<misses>994600001</misses>
				<total>0</total>
				<timestamp>6269.458442</timestamp>
			</report>
			<report>
				<misses>994700001</misses>
				<total>0</total>
				<timestamp>6270.084576</timestamp>
			</report>
			<report>
				<misses>994800001</misses>
				<total>0</total>
				<timestamp>6270.710268</timestamp>
			</report>
			<report>
				<misses>994900001</misses>
				<total>0</total>
				<timestamp>6271.337704</timestamp>
			</report>
			<report>
				<misses>995000001</misses>
				<total>0</total>
				<timestamp>6271.964734</timestamp>
			</report>
			<report>
				<misses>995100001</misses>
				<total>0</total>
				<timestamp>6272.590813</timestamp>
			</report>
			<report>
				<misses>995200001</misses>
				<total>0</total>
				<timestamp>6273.216832</timestamp>
			</report>
			<report>
				<misses>995300001</misses>
				<total>0</total>
				<timestamp>6273.842981</timestamp>
			</report>
			<report>
				<misses>995400001</misses>
				<total>0</total>
				<timestamp>6274.469493</timestamp>
			</report>
			<report>
				<misses>995500001</misses>
				<total>0</total>
				<timestamp>6275.102219</timestamp>
			</report>
			<report>
				<misses>995600001</misses>
				<total>0</total>
				<timestamp>6275.728398</timestamp>
			</report>
			<report>
				<misses>995700001</misses>
				<total>0</total>
				<timestamp>6276.354779</timestamp>
			</report>
			<report>
				<misses>995800001</misses>
				<total>0</total>
				<timestamp>6276.980355</timestamp>
			</report>
			<report>
				<misses>995900001</misses>
				<total>0</total>
				<timestamp>6277.605312</timestamp>
			</report>
			<report>
				<misses>996000001</misses>
				<total>0</total>
				<timestamp>6278.230530</timestamp>
			</report>
			<report>
				<misses>996100001</misses>
				<total>0</total>
				<timestamp>6278.856312</timestamp>
			</report>
			<report>
				<misses>996200001</misses>
				<total>0</total>
				<timestamp>6279.481131</timestamp>
			</report>
			<report>
				<misses>996300001</misses>
				<total>0</total>
				<timestamp>6280.106333</timestamp>
			</report>
			<report>
				<misses>996400001</misses>
				<total>0</total>
				<timestamp>6280.731465</timestamp>
			</report>
			<report>
				<misses>996500001</misses>
				<total>0</total>
				<timestamp>6281.356270</timestamp>
			</report>
			<report>
				<misses>996600001</misses>
				<total>0</total>
				<timestamp>6281.982395</timestamp>
			</report>
			<report>
				<misses>996700001</misses>
				<total>0</total>
				<timestamp>6282.607940</timestamp>
			</report>
			<report>
				<misses>996800001</misses>
				<total>0</total>
				<timestamp>6283.233012</timestamp>
			</report>
			<report>
				<misses>996900001</misses>
				<total>0</total>
				<timestamp>6283.858070</timestamp>
			</report>
			<report>
				<misses>997000001</misses>
				<total>0</total>
				<timestamp>6284.482646</timestamp>
			</report>
			<report>
				<misses>997100001</misses>
				<total>0</total>
				<timestamp>6285.107984</timestamp>
			</report>
			<report>
				<misses>997200001</misses>
				<total>0</total>
				<timestamp>6285.733767</timestamp>
			</report>
			<report>
				<misses>997300001</misses>
				<total>0</total>
				<timestamp>6286.360558</timestamp>
			</report>
			<report>
				<misses>997400001</misses>
				<total>0</total>
				<timestamp>6286.987017</timestamp>
			</report>
			<report>
				<misses>997500001</misses>
				<total>0</total>
				<timestamp>6287.612791</timestamp>
			</report>
			<report>
				<misses>997600001</misses>
				<total>0</total>
				<timestamp>6288.238212</timestamp>
			</report>
			<report>
				<misses>997700001</misses>
				<total>0</total>
				<timestamp>6288.865131</timestamp>
			</report>
			<report>
				<misses>997800001</misses>
				<total>0</total>
				<timestamp>6289.490890</timestamp>
			</report>
			<report>
				<misses>997900001</misses>
				<total>0</total>
				<timestamp>6290.115961</timestamp>
			</report>
			<report>
				<misses>998000001</misses>
				<total>0</total>
				<timestamp>6290.742106</timestamp>
			</report>
			<report>
				<misses>998100001</misses>
				<total>0</total>
				<timestamp>6291.368603</timestamp>
			</report>
			<report>
				<misses>998200001</misses>
				<total>0</total>
				<timestamp>6291.994116</timestamp>
			</report>
			<report>
				<misses>998300001</misses>
				<total>0</total>
				<timestamp>6292.619749</timestamp>
			</report>
			<report>
				<misses>998400001</misses>
				<total>0</total>
				<timestamp>6293.244984</timestamp>
			</report>
			<report>
				<misses>998500001</misses>
				<total>0</total>
				<timestamp>6293.872984</timestamp>
			</report>
			<report>
				<misses>998600001</misses>
				<total>0</total>
				<timestamp>6294.499203</timestamp>
			</report>
			<report>
				<misses>998700001</misses>
				<total>0</total>
				<timestamp>6295.125016</timestamp>
			</report>
			<report>
				<misses>998800001</misses>
				<total>0</total>
				<timestamp>6295.751066</timestamp>
			</report>
			<report>
				<misses>998900001</misses>
				<total>0</total>
				<timestamp>6296.376518</timestamp>
			</report>
			<report>
				<misses>999000001</misses>
				<total>0</total>
				<timestamp>6297.002803</timestamp>
			</report>
			<report>
				<misses>999100001</misses>
				<total>0</total>
				<timestamp>6297.628876</timestamp>
			</report>
			<report>
				<misses>999200001</misses>
				<total>0</total>
				<timestamp>6298.254220</timestamp>
			</report>
			<report>
				<misses>999300001</misses>
				<total>0</total>
				<timestamp>6298.878558</timestamp>
			</report>
			<report>
				<misses>999400001</misses>
				<total>0</total>
				<timestamp>6299.503257</timestamp>
			</report>
			<report>
				<misses>999500001</misses>
				<total>0</total>
				<timestamp>6300.127654</timestamp>
			</report>
			<report>
				<misses>999600001</misses>
				<total>0</total>
				<timestamp>6300.756567</timestamp>
			</report>
			<report>
				<misses>999700001</misses>
				<total>0</total>
				<timestamp>6301.384554</timestamp>
			</report>
			<report>
				<misses>999800001</misses>
				<total>0</total>
				<timestamp>6302.009791</timestamp>
			</report>
			<report>
				<misses>999900001</misses>
				<total>0</total>
				<timestamp>6302.634723</timestamp>
			</report>
			<report>
				<misses>1000000001</misses>
				<total>0</total>
				<timestamp>6303.263404</timestamp>
			</report>
			<report>
				<misses>1000100001</misses>
				<total>0</total>
				<timestamp>6303.888505</timestamp>
			</report>
			<report>
				<misses>1000200001</misses>
				<total>0</total>
				<timestamp>6304.513818</timestamp>
			</report>
			<report>
				<misses>1000300001</misses>
				<total>0</total>
				<timestamp>6305.140585</timestamp>
			</report>
			<report>
				<misses>1000400001</misses>
				<total>0</total>
				<timestamp>6305.766891</timestamp>
			</report>
			<report>
				<misses>1000500001</misses>
				<total>0</total>
				<timestamp>6306.393898</timestamp>
			</report>
			<report>
				<misses>1000600001</misses>
				<total>0</total>
				<timestamp>6307.022293</timestamp>
			</report>
			<report>
				<misses>1000700001</misses>
				<total>0</total>
				<timestamp>6307.649210</timestamp>
			</report>
			<report>
				<misses>1000800001</misses>
				<total>0</total>
				<timestamp>6308.296001</timestamp>
			</report>
			<report>
				<misses>1000900001</misses>
				<total>0</total>
				<timestamp>6308.931627</timestamp>
			</report>
			<report>
				<misses>1001000001</misses>
				<total>0</total>
				<timestamp>6309.557842</timestamp>
			</report>
			<report>
				<misses>1001100001</misses>
				<total>0</total>
				<timestamp>6310.183711</timestamp>
			</report>
			<report>
				<misses>1001200001</misses>
				<total>0</total>
				<timestamp>6310.819000</timestamp>
			</report>
			<report>
				<misses>1001300001</misses>
				<total>0</total>
				<timestamp>6311.444760</timestamp>
			</report>
			<report>
				<misses>1001400001</misses>
				<total>0</total>
				<timestamp>6312.070490</timestamp>
			</report>
			<report>
				<misses>1001500001</misses>
				<total>0</total>
				<timestamp>6312.696257</timestamp>
			</report>
			<report>
				<misses>1001600001</misses>
				<total>0</total>
				<timestamp>6313.323736</timestamp>
			</report>
			<report>
				<misses>1001700001</misses>
				<total>0</total>
				<timestamp>6313.949078</timestamp>
			</report>
			<report>
				<misses>1001800001</misses>
				<total>0</total>
				<timestamp>6314.574213</timestamp>
			</report>
			<report>
				<misses>1001900001</misses>
				<total>0</total>
				<timestamp>6315.223899</timestamp>
			</report>
			<report>
				<misses>1002000001</misses>
				<total>0</total>
				<timestamp>6315.849485</timestamp>
			</report>
			<report>
				<misses>1002100001</misses>
				<total>0</total>
				<timestamp>6316.474554</timestamp>
			</report>
			<report>
				<misses>1002200001</misses>
				<total>0</total>
				<timestamp>6317.105620</timestamp>
			</report>
			<report>
				<misses>1002300001</misses>
				<total>0</total>
				<timestamp>6317.732129</timestamp>
			</report>
			<report>
				<misses>1002400001</misses>
				<total>0</total>
				<timestamp>6318.357045</timestamp>
			</report>
			<report>
				<misses>1002500001</misses>
				<total>0</total>
				<timestamp>6318.985306</timestamp>
			</report>
			<report>
				<misses>1002600001</misses>
				<total>0</total>
				<timestamp>6319.610097</timestamp>
			</report>
			<report>
				<misses>1002700001</misses>
				<total>0</total>
				<timestamp>6320.236077</timestamp>
			</report>
			<report>
				<misses>1002800001</misses>
				<total>0</total>
				<timestamp>6320.864972</timestamp>
			</report>
			<report>
				<misses>1002900001</misses>
				<total>0</total>
				<timestamp>6321.490161</timestamp>
			</report>
			<report>
				<misses>1003000001</misses>
				<total>0</total>
				<timestamp>6322.115652</timestamp>
			</report>
			<report>
				<misses>1003100001</misses>
				<total>0</total>
				<timestamp>6322.743077</timestamp>
			</report>
			<report>
				<misses>1003200001</misses>
				<total>0</total>
				<timestamp>6323.369115</timestamp>
			</report>
			<report>
				<misses>1003300001</misses>
				<total>0</total>
				<timestamp>6323.994632</timestamp>
			</report>
			<report>
				<misses>1003400001</misses>
				<total>0</total>
				<timestamp>6324.619444</timestamp>
			</report>
			<report>
				<misses>1003500001</misses>
				<total>0</total>
				<timestamp>6325.270723</timestamp>
			</report>
			<report>
				<misses>1003600001</misses>
				<total>0</total>
				<timestamp>6325.895769</timestamp>
			</report>
			<report>
				<misses>1003700001</misses>
				<total>0</total>
				<timestamp>6326.521070</timestamp>
			</report>
			<report>
				<misses>1003800001</misses>
				<total>0</total>
				<timestamp>6327.153582</timestamp>
			</report>
			<report>
				<misses>1003900001</misses>
				<total>0</total>
				<timestamp>6327.780380</timestamp>
			</report>
			<report>
				<misses>1004000001</misses>
				<total>0</total>
				<timestamp>6328.405504</timestamp>
			</report>
			<report>
				<misses>1004100001</misses>
				<total>0</total>
				<timestamp>6329.031402</timestamp>
			</report>
			<report>
				<misses>1004200001</misses>
				<total>0</total>
				<timestamp>6329.656714</timestamp>
			</report>
			<report>
				<misses>1004300001</misses>
				<total>0</total>
				<timestamp>6330.283046</timestamp>
			</report>
			<report>
				<misses>1004400001</misses>
				<total>0</total>
				<timestamp>6330.908836</timestamp>
			</report>
			<report>
				<misses>1004500001</misses>
				<total>0</total>
				<timestamp>6331.535324</timestamp>
			</report>
			<report>
				<misses>1004600001</misses>
				<total>0</total>
				<timestamp>6332.160133</timestamp>
			</report>
			<report>
				<misses>1004700001</misses>
				<total>0</total>
				<timestamp>6332.786209</timestamp>
			</report>
			<report>
				<misses>1004800001</misses>
				<total>0</total>
				<timestamp>6333.411421</timestamp>
			</report>
			<report>
				<misses>1004900001</misses>
				<total>0</total>
				<timestamp>6334.036666</timestamp>
			</report>
			<report>
				<misses>1005000001</misses>
				<total>0</total>
				<timestamp>6334.661452</timestamp>
			</report>
			<report>
				<misses>1005100001</misses>
				<total>0</total>
				<timestamp>6335.286646</timestamp>
			</report>
			<report>
				<misses>1005200001</misses>
				<total>0</total>
				<timestamp>6335.911261</timestamp>
			</report>
			<report>
				<misses>1005300001</misses>
				<total>0</total>
				<timestamp>6336.535782</timestamp>
			</report>
			<report>
				<misses>1005400001</misses>
				<total>0</total>
				<timestamp>6337.160837</timestamp>
			</report>
			<report>
				<misses>1005500001</misses>
				<total>0</total>
				<timestamp>6337.786547</timestamp>
			</report>
			<report>
				<misses>1005600001</misses>
				<total>0</total>
				<timestamp>6338.412086</timestamp>
			</report>
			<report>
				<misses>1005700001</misses>
				<total>0</total>
				<timestamp>6339.037504</timestamp>
			</report>
			<report>
				<misses>1005800001</misses>
				<total>0</total>
				<timestamp>6339.663081</timestamp>
			</report>
			<report>
				<misses>1005900001</misses>
				<total>0</total>
				<timestamp>6340.289435</timestamp>
			</report>
			<report>
				<misses>1006000001</misses>
				<total>0</total>
				<timestamp>6340.914585</timestamp>
			</report>
			<report>
				<misses>1006100001</misses>
				<total>0</total>
				<timestamp>6341.540633</timestamp>
			</report>
			<report>
				<misses>1006200001</misses>
				<total>0</total>
				<timestamp>6342.167636</timestamp>
			</report>
			<report>
				<misses>1006300001</misses>
				<total>0</total>
				<timestamp>6342.800702</timestamp>
			</report>
			<report>
				<misses>1006400001</misses>
				<total>0</total>
				<timestamp>6343.439958</timestamp>
			</report>
			<report>
				<misses>1006500001</misses>
				<total>0</total>
				<timestamp>6344.066813</timestamp>
			</report>
			<report>
				<misses>1006600001</misses>
				<total>0</total>
				<timestamp>6344.693250</timestamp>
			</report>
			<report>
				<misses>1006700001</misses>
				<total>0</total>
				<timestamp>6345.319601</timestamp>
			</report>
			<report>
				<misses>1006800001</misses>
				<total>0</total>
				<timestamp>6345.947645</timestamp>
			</report>
			<report>
				<misses>1006900001</misses>
				<total>0</total>
				<timestamp>6346.573421</timestamp>
			</report>
			<report>
				<misses>1007000001</misses>
				<total>0</total>
				<timestamp>6347.198860</timestamp>
			</report>
			<report>
				<misses>1007100001</misses>
				<total>0</total>
				<timestamp>6347.826049</timestamp>
			</report>
			<report>
				<misses>1007200001</misses>
				<total>0</total>
				<timestamp>6348.451190</timestamp>
			</report>
			<report>
				<misses>1007300001</misses>
				<total>0</total>
				<timestamp>6349.075882</timestamp>
			</report>
			<report>
				<misses>1007400001</misses>
				<total>0</total>
				<timestamp>6349.700861</timestamp>
			</report>
			<report>
				<misses>1007500001</misses>
				<total>0</total>
				<timestamp>6350.326561</timestamp>
			</report>
			<report>
				<misses>1007600001</misses>
				<total>0</total>
				<timestamp>6350.951174</timestamp>
			</report>
			<report>
				<misses>1007700001</misses>
				<total>0</total>
				<timestamp>6351.575859</timestamp>
			</report>
			<report>
				<misses>1007800001</misses>
				<total>0</total>
				<timestamp>6352.205738</timestamp>
			</report>
			<report>
				<misses>1007900001</misses>
				<total>0</total>
				<timestamp>6352.832707</timestamp>
			</report>
			<report>
				<misses>1008000001</misses>
				<total>0</total>
				<timestamp>6353.457018</timestamp>
			</report>
			<report>
				<misses>1008100001</misses>
				<total>0</total>
				<timestamp>6354.085620</timestamp>
			</report>
			<report>
				<misses>1008200001</misses>
				<total>0</total>
				<timestamp>6354.712310</timestamp>
			</report>
			<report>
				<misses>1008300001</misses>
				<total>0</total>
				<timestamp>6355.337509</timestamp>
			</report>
			<report>
				<misses>1008400001</misses>
				<total>0</total>
				<timestamp>6355.962236</timestamp>
			</report>
			<report>
				<misses>1008500001</misses>
				<total>0</total>
				<timestamp>6356.586415</timestamp>
			</report>
			<report>
				<misses>1008600001</misses>
				<total>0</total>
				<timestamp>6357.211264</timestamp>
			</report>
			<report>
				<misses>1008700001</misses>
				<total>0</total>
				<timestamp>6357.836157</timestamp>
			</report>
			<report>
				<misses>1008800001</misses>
				<total>0</total>
				<timestamp>6358.461738</timestamp>
			</report>
			<report>
				<misses>1008900001</misses>
				<total>0</total>
				<timestamp>6359.093389</timestamp>
			</report>
			<report>
				<misses>1009000001</misses>
				<total>0</total>
				<timestamp>6359.719679</timestamp>
			</report>
			<report>
				<misses>1009100001</misses>
				<total>0</total>
				<timestamp>6360.344100</timestamp>
			</report>
			<report>
				<misses>1009200001</misses>
				<total>0</total>
				<timestamp>6360.973256</timestamp>
			</report>
			<report>
				<misses>1009300001</misses>
				<total>0</total>
				<timestamp>6361.598741</timestamp>
			</report>
			<report>
				<misses>1009400001</misses>
				<total>0</total>
				<timestamp>6362.223783</timestamp>
			</report>
			<report>
				<misses>1009500001</misses>
				<total>0</total>
				<timestamp>6362.851595</timestamp>
			</report>
			<report>
				<misses>1009600001</misses>
				<total>0</total>
				<timestamp>6363.475682</timestamp>
			</report>
			<report>
				<misses>1009700001</misses>
				<total>0</total>
				<timestamp>6364.100543</timestamp>
			</report>
			<report>
				<misses>1009800001</misses>
				<total>0</total>
				<timestamp>6364.724371</timestamp>
			</report>
			<report>
				<misses>1009900001</misses>
				<total>0</total>
				<timestamp>6365.349605</timestamp>
			</report>
			<report>
				<misses>1010000001</misses>
				<total>0</total>
				<timestamp>6365.978025</timestamp>
			</report>
			<report>
				<misses>1010100001</misses>
				<total>0</total>
				<timestamp>6366.603654</timestamp>
			</report>
			<report>
				<misses>1010200001</misses>
				<total>0</total>
				<timestamp>6367.231672</timestamp>
			</report>
			<report>
				<misses>1010300001</misses>
				<total>0</total>
				<timestamp>6367.857945</timestamp>
			</report>
			<report>
				<misses>1010400001</misses>
				<total>0</total>
				<timestamp>6368.482953</timestamp>
			</report>
			<report>
				<misses>1010500001</misses>
				<total>0</total>
				<timestamp>6369.108332</timestamp>
			</report>
			<report>
				<misses>1010600001</misses>
				<total>0</total>
				<timestamp>6369.734084</timestamp>
			</report>
			<report>
				<misses>1010700001</misses>
				<total>0</total>
				<timestamp>6370.359483</timestamp>
			</report>
			<report>
				<misses>1010800001</misses>
				<total>0</total>
				<timestamp>6370.983830</timestamp>
			</report>
			<report>
				<misses>1010900001</misses>
				<total>0</total>
				<timestamp>6371.609211</timestamp>
			</report>
			<report>
				<misses>1011000001</misses>
				<total>0</total>
				<timestamp>6372.237280</timestamp>
			</report>
			<report>
				<misses>1011100001</misses>
				<total>0</total>
				<timestamp>6372.862286</timestamp>
			</report>
			<report>
				<misses>1011200001</misses>
				<total>0</total>
				<timestamp>6373.486265</timestamp>
			</report>
			<report>
				<misses>1011300001</misses>
				<total>0</total>
				<timestamp>6374.114689</timestamp>
			</report>
			<report>
				<misses>1011400001</misses>
				<total>0</total>
				<timestamp>6374.740084</timestamp>
			</report>
			<report>
				<misses>1011500001</misses>
				<total>0</total>
				<timestamp>6375.364064</timestamp>
			</report>
			<report>
				<misses>1011600001</misses>
				<total>0</total>
				<timestamp>6375.990109</timestamp>
			</report>
			<report>
				<misses>1011700001</misses>
				<total>0</total>
				<timestamp>6376.615207</timestamp>
			</report>
			<report>
				<misses>1011800001</misses>
				<total>0</total>
				<timestamp>6377.243929</timestamp>
			</report>
			<report>
				<misses>1011900001</misses>
				<total>0</total>
				<timestamp>6377.869262</timestamp>
			</report>
			<report>
				<misses>1012000001</misses>
				<total>0</total>
				<timestamp>6378.494676</timestamp>
			</report>
			<report>
				<misses>1012100001</misses>
				<total>0</total>
				<timestamp>6379.119537</timestamp>
			</report>
			<report>
				<misses>1012200001</misses>
				<total>0</total>
				<timestamp>6379.744717</timestamp>
			</report>
			<report>
				<misses>1012300001</misses>
				<total>0</total>
				<timestamp>6380.369888</timestamp>
			</report>
			<report>
				<misses>1012400001</misses>
				<total>0</total>
				<timestamp>6380.995919</timestamp>
			</report>
			<report>
				<misses>1012500001</misses>
				<total>0</total>
				<timestamp>6381.622408</timestamp>
			</report>
			<report>
				<misses>1012600001</misses>
				<total>0</total>
				<timestamp>6382.248135</timestamp>
			</report>
			<report>
				<misses>1012700001</misses>
				<total>0</total>
				<timestamp>6382.875863</timestamp>
			</report>
			<report>
				<misses>1012800001</misses>
				<total>0</total>
				<timestamp>6383.502107</timestamp>
			</report>
			<report>
				<misses>1012900001</misses>
				<total>0</total>
				<timestamp>6384.129770</timestamp>
			</report>
			<report>
				<misses>1013000001</misses>
				<total>0</total>
				<timestamp>6384.758093</timestamp>
			</report>
			<report>
				<misses>1013100001</misses>
				<total>0</total>
				<timestamp>6385.392386</timestamp>
			</report>
			<report>
				<misses>1013200001</misses>
				<total>0</total>
				<timestamp>6386.022159</timestamp>
			</report>
			<report>
				<misses>1013300001</misses>
				<total>0</total>
				<timestamp>6386.647464</timestamp>
			</report>
			<report>
				<misses>1013400001</misses>
				<total>0</total>
				<timestamp>6387.272008</timestamp>
			</report>
			<report>
				<misses>1013500001</misses>
				<total>0</total>
				<timestamp>6387.901175</timestamp>
			</report>
			<report>
				<misses>1013600001</misses>
				<total>0</total>
				<timestamp>6388.526805</timestamp>
			</report>
			<report>
				<misses>1013700001</misses>
				<total>0</total>
				<timestamp>6389.151438</timestamp>
			</report>
			<report>
				<misses>1013800001</misses>
				<total>0</total>
				<timestamp>6389.778370</timestamp>
			</report>
			<report>
				<misses>1013900001</misses>
				<total>0</total>
				<timestamp>6390.404440</timestamp>
			</report>
			<report>
				<misses>1014000001</misses>
				<total>0</total>
				<timestamp>6391.046495</timestamp>
			</report>
			<report>
				<misses>1014100001</misses>
				<total>0</total>
				<timestamp>6391.670804</timestamp>
			</report>
			<report>
				<misses>1014200001</misses>
				<total>0</total>
				<timestamp>6392.295597</timestamp>
			</report>
			<report>
				<misses>1014300001</misses>
				<total>0</total>
				<timestamp>6392.931025</timestamp>
			</report>
			<report>
				<misses>1014400001</misses>
				<total>0</total>
				<timestamp>6393.568668</timestamp>
			</report>
			<report>
				<misses>1014500001</misses>
				<total>0</total>
				<timestamp>6394.197842</timestamp>
			</report>
			<report>
				<misses>1014600001</misses>
				<total>0</total>
				<timestamp>6394.823410</timestamp>
			</report>
			<report>
				<misses>1014700001</misses>
				<total>0</total>
				<timestamp>6395.463632</timestamp>
			</report>
			<report>
				<misses>1014800001</misses>
				<total>0</total>
				<timestamp>6396.091637</timestamp>
			</report>
			<report>
				<misses>1014900001</misses>
				<total>0</total>
				<timestamp>6396.717229</timestamp>
			</report>
			<report>
				<misses>1015000001</misses>
				<total>0</total>
				<timestamp>6397.342460</timestamp>
			</report>
			<report>
				<misses>1015100001</misses>
				<total>0</total>
				<timestamp>6397.971720</timestamp>
			</report>
			<report>
				<misses>1015200001</misses>
				<total>0</total>
				<timestamp>6398.597652</timestamp>
			</report>
			<report>
				<misses>1015300001</misses>
				<total>0</total>
				<timestamp>6399.230957</timestamp>
			</report>
			<report>
				<misses>1015400001</misses>
				<total>0</total>
				<timestamp>6399.856071</timestamp>
			</report>
			<report>
				<misses>1015500001</misses>
				<total>0</total>
				<timestamp>6400.480841</timestamp>
			</report>
			<report>
				<misses>1015600001</misses>
				<total>0</total>
				<timestamp>6401.128149</timestamp>
			</report>
			<report>
				<misses>1015700001</misses>
				<total>0</total>
				<timestamp>6401.752899</timestamp>
			</report>
			<report>
				<misses>1015800001</misses>
				<total>0</total>
				<timestamp>6402.378163</timestamp>
			</report>
			<report>
				<misses>1015900001</misses>
				<total>0</total>
				<timestamp>6403.005919</timestamp>
			</report>
			<report>
				<misses>1016000001</misses>
				<total>0</total>
				<timestamp>6403.630864</timestamp>
			</report>
			<report>
				<misses>1016100001</misses>
				<total>0</total>
				<timestamp>6404.264415</timestamp>
			</report>
			<report>
				<misses>1016200001</misses>
				<total>0</total>
				<timestamp>6404.889771</timestamp>
			</report>
			<report>
				<misses>1016300001</misses>
				<total>0</total>
				<timestamp>6405.514407</timestamp>
			</report>
			<report>
				<misses>1016400001</misses>
				<total>0</total>
				<timestamp>6406.140313</timestamp>
			</report>
			<report>
				<misses>1016500001</misses>
				<total>0</total>
				<timestamp>6406.765479</timestamp>
			</report>
			<report>
				<misses>1016600001</misses>
				<total>0</total>
				<timestamp>6407.391118</timestamp>
			</report>
			<report>
				<misses>1016700001</misses>
				<total>0</total>
				<timestamp>6408.035412</timestamp>
			</report>
			<report>
				<misses>1016800001</misses>
				<total>0</total>
				<timestamp>6408.660274</timestamp>
			</report>
			<report>
				<misses>1016900001</misses>
				<total>0</total>
				<timestamp>6409.290206</timestamp>
			</report>
			<report>
				<misses>1017000001</misses>
				<total>0</total>
				<timestamp>6409.916574</timestamp>
			</report>
			<report>
				<misses>1017100001</misses>
				<total>0</total>
				<timestamp>6410.542637</timestamp>
			</report>
			<report>
				<misses>1017200001</misses>
				<total>0</total>
				<timestamp>6411.168487</timestamp>
			</report>
			<report>
				<misses>1017300001</misses>
				<total>0</total>
				<timestamp>6411.795489</timestamp>
			</report>
			<report>
				<misses>1017400001</misses>
				<total>0</total>
				<timestamp>6412.421764</timestamp>
			</report>
			<report>
				<misses>1017500001</misses>
				<total>0</total>
				<timestamp>6413.046840</timestamp>
			</report>
			<report>
				<misses>1017600001</misses>
				<total>0</total>
				<timestamp>6413.672304</timestamp>
			</report>
			<report>
				<misses>1017700001</misses>
				<total>0</total>
				<timestamp>6414.298297</timestamp>
			</report>
			<report>
				<misses>1017800001</misses>
				<total>0</total>
				<timestamp>6414.930734</timestamp>
			</report>
			<report>
				<misses>1017900001</misses>
				<total>0</total>
				<timestamp>6415.554268</timestamp>
			</report>
			<report>
				<misses>1018000001</misses>
				<total>0</total>
				<timestamp>6416.183381</timestamp>
			</report>
			<report>
				<misses>1018100001</misses>
				<total>0</total>
				<timestamp>6416.807576</timestamp>
			</report>
			<report>
				<misses>1018200001</misses>
				<total>0</total>
				<timestamp>6417.432450</timestamp>
			</report>
			<report>
				<misses>1018300001</misses>
				<total>0</total>
				<timestamp>6418.088113</timestamp>
			</report>
			<report>
				<misses>1018400001</misses>
				<total>0</total>
				<timestamp>6418.712934</timestamp>
			</report>
			<report>
				<misses>1018500001</misses>
				<total>0</total>
				<timestamp>6419.337709</timestamp>
			</report>
			<report>
				<misses>1018600001</misses>
				<total>0</total>
				<timestamp>6419.962586</timestamp>
			</report>
			<report>
				<misses>1018700001</misses>
				<total>0</total>
				<timestamp>6420.586945</timestamp>
			</report>
			<report>
				<misses>1018800001</misses>
				<total>0</total>
				<timestamp>6421.214670</timestamp>
			</report>
			<report>
				<misses>1018900001</misses>
				<total>0</total>
				<timestamp>6421.840167</timestamp>
			</report>
			<report>
				<misses>1019000001</misses>
				<total>0</total>
				<timestamp>6422.466175</timestamp>
			</report>
			<report>
				<misses>1019100001</misses>
				<total>0</total>
				<timestamp>6423.095167</timestamp>
			</report>
			<report>
				<misses>1019200001</misses>
				<total>0</total>
				<timestamp>6423.720916</timestamp>
			</report>
			<report>
				<misses>1019300001</misses>
				<total>0</total>
				<timestamp>6424.347467</timestamp>
			</report>
			<report>
				<misses>1019400001</misses>
				<total>0</total>
				<timestamp>6424.973479</timestamp>
			</report>
			<report>
				<misses>1019500001</misses>
				<total>0</total>
				<timestamp>6425.599446</timestamp>
			</report>
			<report>
				<misses>1019600001</misses>
				<total>0</total>
				<timestamp>6426.229072</timestamp>
			</report>
			<report>
				<misses>1019700001</misses>
				<total>0</total>
				<timestamp>6426.855796</timestamp>
			</report>
			<report>
				<misses>1019800001</misses>
				<total>0</total>
				<timestamp>6427.484004</timestamp>
			</report>
			<report>
				<misses>1019900001</misses>
				<total>0</total>
				<timestamp>6428.110653</timestamp>
			</report>
			<report>
				<misses>1020000001</misses>
				<total>0</total>
				<timestamp>6428.735602</timestamp>
			</report>
			<report>
				<misses>1020100001</misses>
				<total>0</total>
				<timestamp>6429.360229</timestamp>
			</report>
			<report>
				<misses>1020200001</misses>
				<total>0</total>
				<timestamp>6429.993272</timestamp>
			</report>
			<report>
				<misses>1020300001</misses>
				<total>0</total>
				<timestamp>6430.617764</timestamp>
			</report>
			<report>
				<misses>1020400001</misses>
				<total>0</total>
				<timestamp>6431.242286</timestamp>
			</report>
			<report>
				<misses>1020500001</misses>
				<total>0</total>
				<timestamp>6431.867692</timestamp>
			</report>
			<report>
				<misses>1020600001</misses>
				<total>0</total>
				<timestamp>6432.492965</timestamp>
			</report>
			<report>
				<misses>1020700001</misses>
				<total>0</total>
				<timestamp>6433.118367</timestamp>
			</report>
			<report>
				<misses>1020800001</misses>
				<total>0</total>
				<timestamp>6433.744197</timestamp>
			</report>
			<report>
				<misses>1020900001</misses>
				<total>0</total>
				<timestamp>6434.372586</timestamp>
			</report>
			<report>
				<misses>1021000001</misses>
				<total>0</total>
				<timestamp>6435.003543</timestamp>
			</report>
			<report>
				<misses>1021100001</misses>
				<total>0</total>
				<timestamp>6435.628159</timestamp>
			</report>
			<report>
				<misses>1021200001</misses>
				<total>0</total>
				<timestamp>6436.259146</timestamp>
			</report>
			<report>
				<misses>1021300001</misses>
				<total>0</total>
				<timestamp>6436.884265</timestamp>
			</report>
			<report>
				<misses>1021400001</misses>
				<total>0</total>
				<timestamp>6437.509047</timestamp>
			</report>
			<report>
				<misses>1021500001</misses>
				<total>0</total>
				<timestamp>6438.135849</timestamp>
			</report>
			<report>
				<misses>1021600001</misses>
				<total>0</total>
				<timestamp>6438.760007</timestamp>
			</report>
			<report>
				<misses>1021700001</misses>
				<total>0</total>
				<timestamp>6439.385369</timestamp>
			</report>
			<report>
				<misses>1021800001</misses>
				<total>0</total>
				<timestamp>6440.010283</timestamp>
			</report>
			<report>
				<misses>1021900001</misses>
				<total>0</total>
				<timestamp>6440.634619</timestamp>
			</report>
			<report>
				<misses>1022000001</misses>
				<total>0</total>
				<timestamp>6441.258776</timestamp>
			</report>
			<report>
				<misses>1022100001</misses>
				<total>0</total>
				<timestamp>6441.883178</timestamp>
			</report>
			<report>
				<misses>1022200001</misses>
				<total>0</total>
				<timestamp>6442.508358</timestamp>
			</report>
			<report>
				<misses>1022300001</misses>
				<total>0</total>
				<timestamp>6443.135223</timestamp>
			</report>
			<report>
				<misses>1022400001</misses>
				<total>0</total>
				<timestamp>6443.761929</timestamp>
			</report>
			<report>
				<misses>1022500001</misses>
				<total>0</total>
				<timestamp>6444.388717</timestamp>
			</report>
			<report>
				<misses>1022600001</misses>
				<total>0</total>
				<timestamp>6445.012509</timestamp>
			</report>
			<report>
				<misses>1022700001</misses>
				<total>0</total>
				<timestamp>6445.636621</timestamp>
			</report>
			<report>
				<misses>1022800001</misses>
				<total>0</total>
				<timestamp>6446.260741</timestamp>
			</report>
			<report>
				<misses>1022900001</misses>
				<total>0</total>
				<timestamp>6446.884722</timestamp>
			</report>
			<report>
				<misses>1023000001</misses>
				<total>0</total>
				<timestamp>6447.509213</timestamp>
			</report>
			<report>
				<misses>1023100001</misses>
				<total>0</total>
				<timestamp>6448.134148</timestamp>
			</report>
			<report>
				<misses>1023200001</misses>
				<total>0</total>
				<timestamp>6448.761460</timestamp>
			</report>
			<report>
				<misses>1023300001</misses>
				<total>0</total>
				<timestamp>6449.402214</timestamp>
			</report>
			<report>
				<misses>1023400001</misses>
				<total>0</total>
				<timestamp>6450.026215</timestamp>
			</report>
			<report>
				<misses>1023500001</misses>
				<total>0</total>
				<timestamp>6450.650387</timestamp>
			</report>
			<report>
				<misses>1023600001</misses>
				<total>0</total>
				<timestamp>6451.275186</timestamp>
			</report>
			<report>
				<misses>1023700001</misses>
				<total>0</total>
				<timestamp>6451.900860</timestamp>
			</report>
			<report>
				<misses>1023800001</misses>
				<total>0</total>
				<timestamp>6452.526617</timestamp>
			</report>
			<report>
				<misses>1023900001</misses>
				<total>0</total>
				<timestamp>6453.151528</timestamp>
			</report>
			<report>
				<misses>1024000001</misses>
				<total>0</total>
				<timestamp>6453.776299</timestamp>
			</report>
			<report>
				<misses>1024100001</misses>
				<total>0</total>
				<timestamp>6454.402011</timestamp>
			</report>
			<report>
				<misses>1024200001</misses>
				<total>0</total>
				<timestamp>6455.029113</timestamp>
			</report>
			<report>
				<misses>1024300001</misses>
				<total>0</total>
				<timestamp>6455.652967</timestamp>
			</report>
			<report>
				<misses>1024400001</misses>
				<total>0</total>
				<timestamp>6456.278381</timestamp>
			</report>
			<report>
				<misses>1024500001</misses>
				<total>0</total>
				<timestamp>6456.906722</timestamp>
			</report>
			<report>
				<misses>1024600001</misses>
				<total>0</total>
				<timestamp>6457.534038</timestamp>
			</report>
			<report>
				<misses>1024700001</misses>
				<total>0</total>
				<timestamp>6458.160972</timestamp>
			</report>
			<report>
				<misses>1024800001</misses>
				<total>0</total>
				<timestamp>6458.788359</timestamp>
			</report>
			<report>
				<misses>1024900001</misses>
				<total>0</total>
				<timestamp>6459.415407</timestamp>
			</report>
			<report>
				<misses>1025000001</misses>
				<total>0</total>
				<timestamp>6460.043036</timestamp>
			</report>
			<report>
				<misses>1025100001</misses>
				<total>0</total>
				<timestamp>6460.670722</timestamp>
			</report>
			<report>
				<misses>1025200001</misses>
				<total>0</total>
				<timestamp>6461.298063</timestamp>
			</report>
			<report>
				<misses>1025300001</misses>
				<total>0</total>
				<timestamp>6461.931245</timestamp>
			</report>
			<report>
				<misses>1025400001</misses>
				<total>0</total>
				<timestamp>6462.558740</timestamp>
			</report>
			<report>
				<misses>1025500001</misses>
				<total>0</total>
				<timestamp>6463.188235</timestamp>
			</report>
			<report>
				<misses>1025600001</misses>
				<total>0</total>
				<timestamp>6463.816202</timestamp>
			</report>
			<report>
				<misses>1025700001</misses>
				<total>0</total>
				<timestamp>6464.448108</timestamp>
			</report>
			<report>
				<misses>1025800001</misses>
				<total>0</total>
				<timestamp>6465.084160</timestamp>
			</report>
			<report>
				<misses>1025900001</misses>
				<total>0</total>
				<timestamp>6465.713001</timestamp>
			</report>
			<report>
				<misses>1026000001</misses>
				<total>0</total>
				<timestamp>6466.341947</timestamp>
			</report>
			<report>
				<misses>1026100001</misses>
				<total>0</total>
				<timestamp>6466.971110</timestamp>
			</report>
			<report>
				<misses>1026200001</misses>
				<total>0</total>
				<timestamp>6467.599176</timestamp>
			</report>
			<report>
				<misses>1026300001</misses>
				<total>0</total>
				<timestamp>6468.228360</timestamp>
			</report>
			<report>
				<misses>1026400001</misses>
				<total>0</total>
				<timestamp>6468.857492</timestamp>
			</report>
			<report>
				<misses>1026500001</misses>
				<total>0</total>
				<timestamp>6469.485619</timestamp>
			</report>
			<report>
				<misses>1026600001</misses>
				<total>0</total>
				<timestamp>6470.112919</timestamp>
			</report>
			<report>
				<misses>1026700001</misses>
				<total>0</total>
				<timestamp>6470.741305</timestamp>
			</report>
			<report>
				<misses>1026800001</misses>
				<total>0</total>
				<timestamp>6471.368533</timestamp>
			</report>
			<report>
				<misses>1026900001</misses>
				<total>0</total>
				<timestamp>6471.998333</timestamp>
			</report>
			<report>
				<misses>1027000001</misses>
				<total>0</total>
				<timestamp>6472.625275</timestamp>
			</report>
			<report>
				<misses>1027100001</misses>
				<total>0</total>
				<timestamp>6473.252732</timestamp>
			</report>
			<report>
				<misses>1027200001</misses>
				<total>0</total>
				<timestamp>6473.879763</timestamp>
			</report>
			<report>
				<misses>1027300001</misses>
				<total>0</total>
				<timestamp>6474.506432</timestamp>
			</report>
			<report>
				<misses>1027400001</misses>
				<total>0</total>
				<timestamp>6475.133996</timestamp>
			</report>
			<report>
				<misses>1027500001</misses>
				<total>0</total>
				<timestamp>6475.761106</timestamp>
			</report>
			<report>
				<misses>1027600001</misses>
				<total>0</total>
				<timestamp>6476.388905</timestamp>
			</report>
			<report>
				<misses>1027700001</misses>
				<total>0</total>
				<timestamp>6477.017542</timestamp>
			</report>
			<report>
				<misses>1027800001</misses>
				<total>0</total>
				<timestamp>6477.645669</timestamp>
			</report>
			<report>
				<misses>1027900001</misses>
				<total>0</total>
				<timestamp>6478.273313</timestamp>
			</report>
			<report>
				<misses>1028000001</misses>
				<total>0</total>
				<timestamp>6478.900902</timestamp>
			</report>
			<report>
				<misses>1028100001</misses>
				<total>0</total>
				<timestamp>6479.528426</timestamp>
			</report>
			<report>
				<misses>1028200001</misses>
				<total>0</total>
				<timestamp>6480.156154</timestamp>
			</report>
			<report>
				<misses>1028300001</misses>
				<total>0</total>
				<timestamp>6480.783878</timestamp>
			</report>
			<report>
				<misses>1028400001</misses>
				<total>0</total>
				<timestamp>6481.411495</timestamp>
			</report>
			<report>
				<misses>1028500001</misses>
				<total>0</total>
				<timestamp>6482.039621</timestamp>
			</report>
			<report>
				<misses>1028600001</misses>
				<total>0</total>
				<timestamp>6482.667024</timestamp>
			</report>
			<report>
				<misses>1028700001</misses>
				<total>0</total>
				<timestamp>6483.294301</timestamp>
			</report>
			<report>
				<misses>1028800001</misses>
				<total>0</total>
				<timestamp>6483.921524</timestamp>
			</report>
			<report>
				<misses>1028900001</misses>
				<total>0</total>
				<timestamp>6484.549678</timestamp>
			</report>
			<report>
				<misses>1029000001</misses>
				<total>0</total>
				<timestamp>6485.178362</timestamp>
			</report>
			<report>
				<misses>1029100001</misses>
				<total>0</total>
				<timestamp>6485.806143</timestamp>
			</report>
			<report>
				<misses>1029200001</misses>
				<total>0</total>
				<timestamp>6486.433850</timestamp>
			</report>
			<report>
				<misses>1029300001</misses>
				<total>0</total>
				<timestamp>6487.061572</timestamp>
			</report>
			<report>
				<misses>1029400001</misses>
				<total>0</total>
				<timestamp>6487.689354</timestamp>
			</report>
			<report>
				<misses>1029500001</misses>
				<total>0</total>
				<timestamp>6488.318132</timestamp>
			</report>
			<report>
				<misses>1029600001</misses>
				<total>0</total>
				<timestamp>6488.945908</timestamp>
			</report>
			<report>
				<misses>1029700001</misses>
				<total>0</total>
				<timestamp>6489.574651</timestamp>
			</report>
			<report>
				<misses>1029800001</misses>
				<total>0</total>
				<timestamp>6490.206549</timestamp>
			</report>
			<report>
				<misses>1029900001</misses>
				<total>0</total>
				<timestamp>6490.833956</timestamp>
			</report>
			<report>
				<misses>1030000001</misses>
				<total>0</total>
				<timestamp>6491.460543</timestamp>
			</report>
			<report>
				<misses>1030100001</misses>
				<total>0</total>
				<timestamp>6492.087104</timestamp>
			</report>
			<report>
				<misses>1030200001</misses>
				<total>0</total>
				<timestamp>6492.713742</timestamp>
			</report>
			<report>
				<misses>1030300001</misses>
				<total>0</total>
				<timestamp>6493.341233</timestamp>
			</report>
			<report>
				<misses>1030400001</misses>
				<total>0</total>
				<timestamp>6493.968161</timestamp>
			</report>
			<report>
				<misses>1030500001</misses>
				<total>0</total>
				<timestamp>6494.594903</timestamp>
			</report>
			<report>
				<misses>1030600001</misses>
				<total>0</total>
				<timestamp>6495.222423</timestamp>
			</report>
			<report>
				<misses>1030700001</misses>
				<total>0</total>
				<timestamp>6495.850434</timestamp>
			</report>
			<report>
				<misses>1030800001</misses>
				<total>0</total>
				<timestamp>6496.478913</timestamp>
			</report>
			<report>
				<misses>1030900001</misses>
				<total>0</total>
				<timestamp>6497.107957</timestamp>
			</report>
			<report>
				<misses>1031000001</misses>
				<total>0</total>
				<timestamp>6497.735638</timestamp>
			</report>
			<report>
				<misses>1031100001</misses>
				<total>0</total>
				<timestamp>6498.363463</timestamp>
			</report>
			<report>
				<misses>1031200001</misses>
				<total>0</total>
				<timestamp>6498.998538</timestamp>
			</report>
			<report>
				<misses>1031300001</misses>
				<total>0</total>
				<timestamp>6499.625782</timestamp>
			</report>
			<report>
				<misses>1031400001</misses>
				<total>0</total>
				<timestamp>6500.253159</timestamp>
			</report>
			<report>
				<misses>1031500001</misses>
				<total>0</total>
				<timestamp>6500.880552</timestamp>
			</report>
			<report>
				<misses>1031600001</misses>
				<total>0</total>
				<timestamp>6501.508931</timestamp>
			</report>
			<report>
				<misses>1031700001</misses>
				<total>0</total>
				<timestamp>6502.143768</timestamp>
			</report>
			<report>
				<misses>1031800001</misses>
				<total>0</total>
				<timestamp>6502.770422</timestamp>
			</report>
			<report>
				<misses>1031900001</misses>
				<total>0</total>
				<timestamp>6503.397846</timestamp>
			</report>
			<report>
				<misses>1032000001</misses>
				<total>0</total>
				<timestamp>6504.025460</timestamp>
			</report>
			<report>
				<misses>1032100001</misses>
				<total>0</total>
				<timestamp>6504.653553</timestamp>
			</report>
			<report>
				<misses>1032200001</misses>
				<total>0</total>
				<timestamp>6505.283919</timestamp>
			</report>
			<report>
				<misses>1032300001</misses>
				<total>0</total>
				<timestamp>6505.915586</timestamp>
			</report>
			<report>
				<misses>1032400001</misses>
				<total>0</total>
				<timestamp>6506.544286</timestamp>
			</report>
			<report>
				<misses>1032500001</misses>
				<total>0</total>
				<timestamp>6507.172469</timestamp>
			</report>
			<report>
				<misses>1032600001</misses>
				<total>0</total>
				<timestamp>6507.801180</timestamp>
			</report>
			<report>
				<misses>1032700001</misses>
				<total>0</total>
				<timestamp>6508.429275</timestamp>
			</report>
			<report>
				<misses>1032800001</misses>
				<total>0</total>
				<timestamp>6509.056901</timestamp>
			</report>
			<report>
				<misses>1032900001</misses>
				<total>0</total>
				<timestamp>6509.685899</timestamp>
			</report>
			<report>
				<misses>1033000001</misses>
				<total>0</total>
				<timestamp>6510.317191</timestamp>
			</report>
			<report>
				<misses>1033100001</misses>
				<total>0</total>
				<timestamp>6510.942074</timestamp>
			</report>
			<report>
				<misses>1033200001</misses>
				<total>0</total>
				<timestamp>6511.568671</timestamp>
			</report>
			<report>
				<misses>1033300001</misses>
				<total>0</total>
				<timestamp>6512.193905</timestamp>
			</report>
			<report>
				<misses>1033400001</misses>
				<total>0</total>
				<timestamp>6512.818722</timestamp>
			</report>
			<report>
				<misses>1033500001</misses>
				<total>0</total>
				<timestamp>6513.444387</timestamp>
			</report>
			<report>
				<misses>1033600001</misses>
				<total>0</total>
				<timestamp>6514.080123</timestamp>
			</report>
			<report>
				<misses>1033700001</misses>
				<total>0</total>
				<timestamp>6514.706009</timestamp>
			</report>
			<report>
				<misses>1033800001</misses>
				<total>0</total>
				<timestamp>6515.332378</timestamp>
			</report>
			<report>
				<misses>1033900001</misses>
				<total>0</total>
				<timestamp>6515.971781</timestamp>
			</report>
			<report>
				<misses>1034000001</misses>
				<total>0</total>
				<timestamp>6516.597021</timestamp>
			</report>
			<report>
				<misses>1034100001</misses>
				<total>0</total>
				<timestamp>6517.223031</timestamp>
			</report>
			<report>
				<misses>1034200001</misses>
				<total>0</total>
				<timestamp>6517.849427</timestamp>
			</report>
			<report>
				<misses>1034300001</misses>
				<total>0</total>
				<timestamp>6518.474520</timestamp>
			</report>
			<report>
				<misses>1034400001</misses>
				<total>0</total>
				<timestamp>6519.100015</timestamp>
			</report>
			<report>
				<misses>1034500001</misses>
				<total>0</total>
				<timestamp>6519.725530</timestamp>
			</report>
			<report>
				<misses>1034600001</misses>
				<total>0</total>
				<timestamp>6520.351941</timestamp>
			</report>
			<report>
				<misses>1034700001</misses>
				<total>0</total>
				<timestamp>6520.979640</timestamp>
			</report>
			<report>
				<misses>1034800001</misses>
				<total>0</total>
				<timestamp>6521.605039</timestamp>
			</report>
			<report>
				<misses>1034900001</misses>
				<total>0</total>
				<timestamp>6522.231838</timestamp>
			</report>
			<report>
				<misses>1035000001</misses>
				<total>0</total>
				<timestamp>6522.857320</timestamp>
			</report>
			<report>
				<misses>1035100001</misses>
				<total>0</total>
				<timestamp>6523.482517</timestamp>
			</report>
			<report>
				<misses>1035200001</misses>
				<total>0</total>
				<timestamp>6524.109672</timestamp>
			</report>
			<report>
				<misses>1035300001</misses>
				<total>0</total>
				<timestamp>6524.734516</timestamp>
			</report>
			<report>
				<misses>1035400001</misses>
				<total>0</total>
				<timestamp>6525.359291</timestamp>
			</report>
			<report>
				<misses>1035500001</misses>
				<total>0</total>
				<timestamp>6525.984566</timestamp>
			</report>
			<report>
				<misses>1035600001</misses>
				<total>0</total>
				<timestamp>6526.609605</timestamp>
			</report>
			<report>
				<misses>1035700001</misses>
				<total>0</total>
				<timestamp>6527.234667</timestamp>
			</report>
			<report>
				<misses>1035800001</misses>
				<total>0</total>
				<timestamp>6527.860248</timestamp>
			</report>
			<report>
				<misses>1035900001</misses>
				<total>0</total>
				<timestamp>6528.485649</timestamp>
			</report>
			<report>
				<misses>1036000001</misses>
				<total>0</total>
				<timestamp>6529.110766</timestamp>
			</report>
			<report>
				<misses>1036100001</misses>
				<total>0</total>
				<timestamp>6529.735814</timestamp>
			</report>
			<report>
				<misses>1036200001</misses>
				<total>0</total>
				<timestamp>6530.361398</timestamp>
			</report>
			<report>
				<misses>1036300001</misses>
				<total>0</total>
				<timestamp>6530.987202</timestamp>
			</report>
			<report>
				<misses>1036400001</misses>
				<total>0</total>
				<timestamp>6531.612627</timestamp>
			</report>
			<report>
				<misses>1036500001</misses>
				<total>0</total>
				<timestamp>6532.238202</timestamp>
			</report>
			<report>
				<misses>1036600001</misses>
				<total>0</total>
				<timestamp>6532.863058</timestamp>
			</report>
			<report>
				<misses>1036700001</misses>
				<total>0</total>
				<timestamp>6533.487805</timestamp>
			</report>
			<report>
				<misses>1036800001</misses>
				<total>0</total>
				<timestamp>6534.112822</timestamp>
			</report>
			<report>
				<misses>1036900001</misses>
				<total>0</total>
				<timestamp>6534.739032</timestamp>
			</report>
			<report>
				<misses>1037000001</misses>
				<total>0</total>
				<timestamp>6535.364232</timestamp>
			</report>
			<report>
				<misses>1037100001</misses>
				<total>0</total>
				<timestamp>6535.988813</timestamp>
			</report>
			<report>
				<misses>1037200001</misses>
				<total>0</total>
				<timestamp>6536.614371</timestamp>
			</report>
			<report>
				<misses>1037300001</misses>
				<total>0</total>
				<timestamp>6537.240212</timestamp>
			</report>
			<report>
				<misses>1037400001</misses>
				<total>0</total>
				<timestamp>6537.865819</timestamp>
			</report>
			<report>
				<misses>1037500001</misses>
				<total>0</total>
				<timestamp>6538.491335</timestamp>
			</report>
			<report>
				<misses>1037600001</misses>
				<total>0</total>
				<timestamp>6539.116250</timestamp>
			</report>
			<report>
				<misses>1037700001</misses>
				<total>0</total>
				<timestamp>6539.741968</timestamp>
			</report>
			<report>
				<misses>1037800001</misses>
				<total>0</total>
				<timestamp>6540.367265</timestamp>
			</report>
			<report>
				<misses>1037900001</misses>
				<total>0</total>
				<timestamp>6540.991795</timestamp>
			</report>
			<report>
				<misses>1038000001</misses>
				<total>0</total>
				<timestamp>6541.616991</timestamp>
			</report>
			<report>
				<misses>1038100001</misses>
				<total>0</total>
				<timestamp>6542.243442</timestamp>
			</report>
			<report>
				<misses>1038200001</misses>
				<total>0</total>
				<timestamp>6542.869104</timestamp>
			</report>
			<report>
				<misses>1038300001</misses>
				<total>0</total>
				<timestamp>6543.494900</timestamp>
			</report>
			<report>
				<misses>1038400001</misses>
				<total>0</total>
				<timestamp>6544.119820</timestamp>
			</report>
			<report>
				<misses>1038500001</misses>
				<total>0</total>
				<timestamp>6544.744738</timestamp>
			</report>
			<report>
				<misses>1038600001</misses>
				<total>0</total>
				<timestamp>6545.370840</timestamp>
			</report>
			<report>
				<misses>1038700001</misses>
				<total>0</total>
				<timestamp>6545.997418</timestamp>
			</report>
			<report>
				<misses>1038800001</misses>
				<total>0</total>
				<timestamp>6546.623764</timestamp>
			</report>
			<report>
				<misses>1038900001</misses>
				<total>0</total>
				<timestamp>6547.251101</timestamp>
			</report>
			<report>
				<misses>1039000001</misses>
				<total>0</total>
				<timestamp>6547.877601</timestamp>
			</report>
			<report>
				<misses>1039100001</misses>
				<total>0</total>
				<timestamp>6548.503191</timestamp>
			</report>
			<report>
				<misses>1039200001</misses>
				<total>0</total>
				<timestamp>6549.129001</timestamp>
			</report>
			<report>
				<misses>1039300001</misses>
				<total>0</total>
				<timestamp>6549.755152</timestamp>
			</report>
			<report>
				<misses>1039400001</misses>
				<total>0</total>
				<timestamp>6550.382450</timestamp>
			</report>
			<report>
				<misses>1039500001</misses>
				<total>0</total>
				<timestamp>6551.009978</timestamp>
			</report>
			<report>
				<misses>1039600001</misses>
				<total>0</total>
				<timestamp>6551.635495</timestamp>
			</report>
			<report>
				<misses>1039700001</misses>
				<total>0</total>
				<timestamp>6552.261155</timestamp>
			</report>
			<report>
				<misses>1039800001</misses>
				<total>0</total>
				<timestamp>6552.885907</timestamp>
			</report>
			<report>
				<misses>1039900001</misses>
				<total>0</total>
				<timestamp>6553.510806</timestamp>
			</report>
			<report>
				<misses>1040000001</misses>
				<total>0</total>
				<timestamp>6554.135339</timestamp>
			</report>
			<report>
				<misses>1040100001</misses>
				<total>0</total>
				<timestamp>6554.760740</timestamp>
			</report>
			<report>
				<misses>1040200001</misses>
				<total>0</total>
				<timestamp>6555.385897</timestamp>
			</report>
			<report>
				<misses>1040300001</misses>
				<total>0</total>
				<timestamp>6556.010311</timestamp>
			</report>
			<report>
				<misses>1040400001</misses>
				<total>0</total>
				<timestamp>6556.635288</timestamp>
			</report>
			<report>
				<misses>1040500001</misses>
				<total>0</total>
				<timestamp>6557.260457</timestamp>
			</report>
			<report>
				<misses>1040600001</misses>
				<total>0</total>
				<timestamp>6557.886679</timestamp>
			</report>
			<report>
				<misses>1040700001</misses>
				<total>0</total>
				<timestamp>6558.511081</timestamp>
			</report>
			<report>
				<misses>1040800001</misses>
				<total>0</total>
				<timestamp>6559.135046</timestamp>
			</report>
			<report>
				<misses>1040900001</misses>
				<total>0</total>
				<timestamp>6559.758522</timestamp>
			</report>
			<report>
				<misses>1041000001</misses>
				<total>0</total>
				<timestamp>6560.383482</timestamp>
			</report>
			<report>
				<misses>1041100001</misses>
				<total>0</total>
				<timestamp>6561.007778</timestamp>
			</report>
			<report>
				<misses>1041200001</misses>
				<total>0</total>
				<timestamp>6561.631683</timestamp>
			</report>
			<report>
				<misses>1041300001</misses>
				<total>0</total>
				<timestamp>6562.255791</timestamp>
			</report>
			<report>
				<misses>1041400001</misses>
				<total>0</total>
				<timestamp>6562.880999</timestamp>
			</report>
			<report>
				<misses>1041500001</misses>
				<total>0</total>
				<timestamp>6563.506957</timestamp>
			</report>
			<report>
				<misses>1041600001</misses>
				<total>0</total>
				<timestamp>6564.136958</timestamp>
			</report>
			<report>
				<misses>1041700001</misses>
				<total>0</total>
				<timestamp>6564.769305</timestamp>
			</report>
			<report>
				<misses>1041800001</misses>
				<total>0</total>
				<timestamp>6565.394423</timestamp>
			</report>
			<report>
				<misses>1041900001</misses>
				<total>0</total>
				<timestamp>6566.019159</timestamp>
			</report>
			<report>
				<misses>1042000001</misses>
				<total>0</total>
				<timestamp>6566.644813</timestamp>
			</report>
			<report>
				<misses>1042100001</misses>
				<total>0</total>
				<timestamp>6567.272267</timestamp>
			</report>
			<report>
				<misses>1042200001</misses>
				<total>0</total>
				<timestamp>6567.898662</timestamp>
			</report>
			<report>
				<misses>1042300001</misses>
				<total>0</total>
				<timestamp>6568.525287</timestamp>
			</report>
			<report>
				<misses>1042400001</misses>
				<total>0</total>
				<timestamp>6569.152509</timestamp>
			</report>
			<report>
				<misses>1042500001</misses>
				<total>0</total>
				<timestamp>6569.779252</timestamp>
			</report>
			<report>
				<misses>1042600001</misses>
				<total>0</total>
				<timestamp>6570.406027</timestamp>
			</report>
			<report>
				<misses>1042700001</misses>
				<total>0</total>
				<timestamp>6571.032592</timestamp>
			</report>
			<report>
				<misses>1042800001</misses>
				<total>0</total>
				<timestamp>6571.658709</timestamp>
			</report>
			<report>
				<misses>1042900001</misses>
				<total>0</total>
				<timestamp>6572.285619</timestamp>
			</report>
			<report>
				<misses>1043000001</misses>
				<total>0</total>
				<timestamp>6572.923230</timestamp>
			</report>
			<report>
				<misses>1043100001</misses>
				<total>0</total>
				<timestamp>6573.548757</timestamp>
			</report>
			<report>
				<misses>1043200001</misses>
				<total>0</total>
				<timestamp>6574.175647</timestamp>
			</report>
			<report>
				<misses>1043300001</misses>
				<total>0</total>
				<timestamp>6574.801852</timestamp>
			</report>
			<report>
				<misses>1043400001</misses>
				<total>0</total>
				<timestamp>6575.428099</timestamp>
			</report>
			<report>
				<misses>1043500001</misses>
				<total>0</total>
				<timestamp>6576.053486</timestamp>
			</report>
			<report>
				<misses>1043600001</misses>
				<total>0</total>
				<timestamp>6576.679314</timestamp>
			</report>
			<report>
				<misses>1043700001</misses>
				<total>0</total>
				<timestamp>6577.305058</timestamp>
			</report>
			<report>
				<misses>1043800001</misses>
				<total>0</total>
				<timestamp>6577.930465</timestamp>
			</report>
			<report>
				<misses>1043900001</misses>
				<total>0</total>
				<timestamp>6578.556269</timestamp>
			</report>
			<report>
				<misses>1044000001</misses>
				<total>0</total>
				<timestamp>6579.182578</timestamp>
			</report>
			<report>
				<misses>1044100001</misses>
				<total>0</total>
				<timestamp>6579.808520</timestamp>
			</report>
			<report>
				<misses>1044200001</misses>
				<total>0</total>
				<timestamp>6580.434242</timestamp>
			</report>
			<report>
				<misses>1044300001</misses>
				<total>0</total>
				<timestamp>6581.061021</timestamp>
			</report>
			<report>
				<misses>1044400001</misses>
				<total>0</total>
				<timestamp>6581.686790</timestamp>
			</report>
			<report>
				<misses>1044500001</misses>
				<total>0</total>
				<timestamp>6582.312311</timestamp>
			</report>
			<report>
				<misses>1044600001</misses>
				<total>0</total>
				<timestamp>6582.939207</timestamp>
			</report>
			<report>
				<misses>1044700001</misses>
				<total>0</total>
				<timestamp>6583.564750</timestamp>
			</report>
			<report>
				<misses>1044800001</misses>
				<total>0</total>
				<timestamp>6584.190522</timestamp>
			</report>
			<report>
				<misses>1044900001</misses>
				<total>0</total>
				<timestamp>6584.816116</timestamp>
			</report>
			<report>
				<misses>1045000001</misses>
				<total>0</total>
				<timestamp>6585.443554</timestamp>
			</report>
			<report>
				<misses>1045100001</misses>
				<total>0</total>
				<timestamp>6586.069110</timestamp>
			</report>
			<report>
				<misses>1045200001</misses>
				<total>0</total>
				<timestamp>6586.696552</timestamp>
			</report>
			<report>
				<misses>1045300001</misses>
				<total>0</total>
				<timestamp>6587.322831</timestamp>
			</report>
			<report>
				<misses>1045400001</misses>
				<total>0</total>
				<timestamp>6587.949434</timestamp>
			</report>
			<report>
				<misses>1045500001</misses>
				<total>0</total>
				<timestamp>6588.577331</timestamp>
			</report>
			<report>
				<misses>1045600001</misses>
				<total>0</total>
				<timestamp>6589.206518</timestamp>
			</report>
			<report>
				<misses>1045700001</misses>
				<total>0</total>
				<timestamp>6589.833903</timestamp>
			</report>
			<report>
				<misses>1045800001</misses>
				<total>0</total>
				<timestamp>6590.461287</timestamp>
			</report>
			<report>
				<misses>1045900001</misses>
				<total>0</total>
				<timestamp>6591.089799</timestamp>
			</report>
			<report>
				<misses>1046000001</misses>
				<total>0</total>
				<timestamp>6591.718223</timestamp>
			</report>
			<report>
				<misses>1046100001</misses>
				<total>0</total>
				<timestamp>6592.347274</timestamp>
			</report>
			<report>
				<misses>1046200001</misses>
				<total>0</total>
				<timestamp>6592.975501</timestamp>
			</report>
			<report>
				<misses>1046300001</misses>
				<total>0</total>
				<timestamp>6593.601448</timestamp>
			</report>
			<report>
				<misses>1046400001</misses>
				<total>0</total>
				<timestamp>6594.229280</timestamp>
			</report>
			<report>
				<misses>1046500001</misses>
				<total>0</total>
				<timestamp>6594.854920</timestamp>
			</report>
			<report>
				<misses>1046600001</misses>
				<total>0</total>
				<timestamp>6595.480570</timestamp>
			</report>
			<report>
				<misses>1046700001</misses>
				<total>0</total>
				<timestamp>6596.106212</timestamp>
			</report>
			<report>
				<misses>1046800001</misses>
				<total>0</total>
				<timestamp>6596.741122</timestamp>
			</report>
			<report>
				<misses>1046900001</misses>
				<total>0</total>
				<timestamp>6597.367204</timestamp>
			</report>
			<report>
				<misses>1047000001</misses>
				<total>0</total>
				<timestamp>6597.992939</timestamp>
			</report>
			<report>
				<misses>1047100001</misses>
				<total>0</total>
				<timestamp>6598.618675</timestamp>
			</report>
			<report>
				<misses>1047200001</misses>
				<total>0</total>
				<timestamp>6599.244394</timestamp>
			</report>
			<report>
				<misses>1047300001</misses>
				<total>0</total>
				<timestamp>6599.870694</timestamp>
			</report>
			<report>
				<misses>1047400001</misses>
				<total>0</total>
				<timestamp>6600.496387</timestamp>
			</report>
			<report>
				<misses>1047500001</misses>
				<total>0</total>
				<timestamp>6601.122352</timestamp>
			</report>
			<report>
				<misses>1047600001</misses>
				<total>0</total>
				<timestamp>6601.747865</timestamp>
			</report>
			<report>
				<misses>1047700001</misses>
				<total>0</total>
				<timestamp>6602.373658</timestamp>
			</report>
			<report>
				<misses>1047800001</misses>
				<total>0</total>
				<timestamp>6602.999204</timestamp>
			</report>
			<report>
				<misses>1047900001</misses>
				<total>0</total>
				<timestamp>6603.625087</timestamp>
			</report>
			<report>
				<misses>1048000001</misses>
				<total>0</total>
				<timestamp>6604.250475</timestamp>
			</report>
			<report>
				<misses>1048100001</misses>
				<total>0</total>
				<timestamp>6604.877753</timestamp>
			</report>
			<report>
				<misses>1048200001</misses>
				<total>0</total>
				<timestamp>6605.503862</timestamp>
			</report>
			<report>
				<misses>1048300001</misses>
				<total>0</total>
				<timestamp>6606.129595</timestamp>
			</report>
			<report>
				<misses>1048400001</misses>
				<total>0</total>
				<timestamp>6606.755154</timestamp>
			</report>
			<report>
				<misses>1048500001</misses>
				<total>0</total>
				<timestamp>6607.381344</timestamp>
			</report>
			<report>
				<misses>1048600001</misses>
				<total>0</total>
				<timestamp>6608.006998</timestamp>
			</report>
			<report>
				<misses>1048700001</misses>
				<total>0</total>
				<timestamp>6608.632672</timestamp>
			</report>
			<report>
				<misses>1048800001</misses>
				<total>0</total>
				<timestamp>6609.260008</timestamp>
			</report>
			<report>
				<misses>1048900001</misses>
				<total>0</total>
				<timestamp>6609.889167</timestamp>
			</report>
			<report>
				<misses>1049000001</misses>
				<total>0</total>
				<timestamp>6610.514462</timestamp>
			</report>
			<report>
				<misses>1049100001</misses>
				<total>0</total>
				<timestamp>6611.140622</timestamp>
			</report>
			<report>
				<misses>1049200001</misses>
				<total>0</total>
				<timestamp>6611.766841</timestamp>
			</report>
			<report>
				<misses>1049300001</misses>
				<total>0</total>
				<timestamp>6612.392954</timestamp>
			</report>
			<report>
				<misses>1049400001</misses>
				<total>0</total>
				<timestamp>6613.019332</timestamp>
			</report>
			<report>
				<misses>1049500001</misses>
				<total>0</total>
				<timestamp>6613.645843</timestamp>
			</report>
			<report>
				<misses>1049600001</misses>
				<total>0</total>
				<timestamp>6614.271442</timestamp>
			</report>
			<report>
				<misses>1049700001</misses>
				<total>0</total>
				<timestamp>6614.900355</timestamp>
			</report>
			<report>
				<misses>1049800001</misses>
				<total>0</total>
				<timestamp>6615.526432</timestamp>
			</report>
			<report>
				<misses>1049900001</misses>
				<total>0</total>
				<timestamp>6616.152091</timestamp>
			</report>
			<report>
				<misses>1050000001</misses>
				<total>0</total>
				<timestamp>6616.777917</timestamp>
			</report>
			<report>
				<misses>1050100001</misses>
				<total>0</total>
				<timestamp>6617.403879</timestamp>
			</report>
			<report>
				<misses>1050200001</misses>
				<total>0</total>
				<timestamp>6618.029899</timestamp>
			</report>
			<report>
				<misses>1050300001</misses>
				<total>0</total>
				<timestamp>6618.655538</timestamp>
			</report>
			<report>
				<misses>1050400001</misses>
				<total>0</total>
				<timestamp>6619.281258</timestamp>
			</report>
			<report>
				<misses>1050500001</misses>
				<total>0</total>
				<timestamp>6619.907001</timestamp>
			</report>
			<report>
				<misses>1050600001</misses>
				<total>0</total>
				<timestamp>6620.533678</timestamp>
			</report>
			<report>
				<misses>1050700001</misses>
				<total>0</total>
				<timestamp>6621.190049</timestamp>
			</report>
			<report>
				<misses>1050800001</misses>
				<total>0</total>
				<timestamp>6621.815674</timestamp>
			</report>
			<report>
				<misses>1050900001</misses>
				<total>0</total>
				<timestamp>6622.442095</timestamp>
			</report>
			<report>
				<misses>1051000001</misses>
				<total>0</total>
				<timestamp>6623.068440</timestamp>
			</report>
			<report>
				<misses>1051100001</misses>
				<total>0</total>
				<timestamp>6623.695438</timestamp>
			</report>
			<report>
				<misses>1051200001</misses>
				<total>0</total>
				<timestamp>6624.321582</timestamp>
			</report>
			<report>
				<misses>1051300001</misses>
				<total>0</total>
				<timestamp>6624.947893</timestamp>
			</report>
			<report>
				<misses>1051400001</misses>
				<total>0</total>
				<timestamp>6625.574483</timestamp>
			</report>
			<report>
				<misses>1051500001</misses>
				<total>0</total>
				<timestamp>6626.200536</timestamp>
			</report>
			<report>
				<misses>1051600001</misses>
				<total>0</total>
				<timestamp>6626.825846</timestamp>
			</report>
			<report>
				<misses>1051700001</misses>
				<total>0</total>
				<timestamp>6627.452222</timestamp>
			</report>
			<report>
				<misses>1051800001</misses>
				<total>0</total>
				<timestamp>6628.079742</timestamp>
			</report>
			<report>
				<misses>1051900001</misses>
				<total>0</total>
				<timestamp>6628.706808</timestamp>
			</report>
			<report>
				<misses>1052000001</misses>
				<total>0</total>
				<timestamp>6629.334896</timestamp>
			</report>
			<report>
				<misses>1052100001</misses>
				<total>0</total>
				<timestamp>6629.962386</timestamp>
			</report>
			<report>
				<misses>1052200001</misses>
				<total>0</total>
				<timestamp>6630.588997</timestamp>
			</report>
			<report>
				<misses>1052300001</misses>
				<total>0</total>
				<timestamp>6631.215919</timestamp>
			</report>
			<report>
				<misses>1052400001</misses>
				<total>0</total>
				<timestamp>6631.847987</timestamp>
			</report>
			<report>
				<misses>1052500001</misses>
				<total>0</total>
				<timestamp>6632.475623</timestamp>
			</report>
			<report>
				<misses>1052600001</misses>
				<total>0</total>
				<timestamp>6633.102739</timestamp>
			</report>
			<report>
				<misses>1052700001</misses>
				<total>0</total>
				<timestamp>6633.729137</timestamp>
			</report>
			<report>
				<misses>1052800001</misses>
				<total>0</total>
				<timestamp>6634.354544</timestamp>
			</report>
			<report>
				<misses>1052900001</misses>
				<total>0</total>
				<timestamp>6634.980063</timestamp>
			</report>
			<report>
				<misses>1053000001</misses>
				<total>0</total>
				<timestamp>6635.606119</timestamp>
			</report>
			<report>
				<misses>1053100001</misses>
				<total>0</total>
				<timestamp>6636.232003</timestamp>
			</report>
			<report>
				<misses>1053200001</misses>
				<total>0</total>
				<timestamp>6636.857235</timestamp>
			</report>
			<report>
				<misses>1053300001</misses>
				<total>0</total>
				<timestamp>6637.482854</timestamp>
			</report>
			<report>
				<misses>1053400001</misses>
				<total>0</total>
				<timestamp>6638.109143</timestamp>
			</report>
			<report>
				<misses>1053500001</misses>
				<total>0</total>
				<timestamp>6638.734142</timestamp>
			</report>
			<report>
				<misses>1053600001</misses>
				<total>0</total>
				<timestamp>6639.359524</timestamp>
			</report>
			<report>
				<misses>1053700001</misses>
				<total>0</total>
				<timestamp>6639.984579</timestamp>
			</report>
			<report>
				<misses>1053800001</misses>
				<total>0</total>
				<timestamp>6640.609949</timestamp>
			</report>
			<report>
				<misses>1053900001</misses>
				<total>0</total>
				<timestamp>6641.240979</timestamp>
			</report>
			<report>
				<misses>1054000001</misses>
				<total>0</total>
				<timestamp>6641.866658</timestamp>
			</report>
			<report>
				<misses>1054100001</misses>
				<total>0</total>
				<timestamp>6642.492005</timestamp>
			</report>
			<report>
				<misses>1054200001</misses>
				<total>0</total>
				<timestamp>6643.117368</timestamp>
			</report>
			<report>
				<misses>1054300001</misses>
				<total>0</total>
				<timestamp>6643.742699</timestamp>
			</report>
			<report>
				<misses>1054400001</misses>
				<total>0</total>
				<timestamp>6644.367951</timestamp>
			</report>
			<report>
				<misses>1054500001</misses>
				<total>0</total>
				<timestamp>6644.993781</timestamp>
			</report>
			<report>
				<misses>1054600001</misses>
				<total>0</total>
				<timestamp>6645.619611</timestamp>
			</report>
			<report>
				<misses>1054700001</misses>
				<total>0</total>
				<timestamp>6646.248622</timestamp>
			</report>
			<report>
				<misses>1054800001</misses>
				<total>0</total>
				<timestamp>6646.873298</timestamp>
			</report>
			<report>
				<misses>1054900001</misses>
				<total>0</total>
				<timestamp>6647.497445</timestamp>
			</report>
			<report>
				<misses>1055000001</misses>
				<total>0</total>
				<timestamp>6648.122113</timestamp>
			</report>
			<report>
				<misses>1055100001</misses>
				<total>0</total>
				<timestamp>6648.750487</timestamp>
			</report>
			<report>
				<misses>1055200001</misses>
				<total>0</total>
				<timestamp>6649.375756</timestamp>
			</report>
			<report>
				<misses>1055300001</misses>
				<total>0</total>
				<timestamp>6650.000546</timestamp>
			</report>
			<report>
				<misses>1055400001</misses>
				<total>0</total>
				<timestamp>6650.626206</timestamp>
			</report>
			<report>
				<misses>1055500001</misses>
				<total>0</total>
				<timestamp>6651.251111</timestamp>
			</report>
			<report>
				<misses>1055600001</misses>
				<total>0</total>
				<timestamp>6651.877072</timestamp>
			</report>
			<report>
				<misses>1055700001</misses>
				<total>0</total>
				<timestamp>6652.501180</timestamp>
			</report>
			<report>
				<misses>1055800001</misses>
				<total>0</total>
				<timestamp>6653.150909</timestamp>
			</report>
			<report>
				<misses>1055900001</misses>
				<total>0</total>
				<timestamp>6653.777149</timestamp>
			</report>
			<report>
				<misses>1056000001</misses>
				<total>0</total>
				<timestamp>6654.401344</timestamp>
			</report>
			<report>
				<misses>1056100001</misses>
				<total>0</total>
				<timestamp>6655.025690</timestamp>
			</report>
			<report>
				<misses>1056200001</misses>
				<total>0</total>
				<timestamp>6655.650484</timestamp>
			</report>
			<report>
				<misses>1056300001</misses>
				<total>0</total>
				<timestamp>6656.274950</timestamp>
			</report>
			<report>
				<misses>1056400001</misses>
				<total>0</total>
				<timestamp>6656.899827</timestamp>
			</report>
			<report>
				<misses>1056500001</misses>
				<total>0</total>
				<timestamp>6657.524594</timestamp>
			</report>
			<report>
				<misses>1056600001</misses>
				<total>0</total>
				<timestamp>6658.148724</timestamp>
			</report>
			<report>
				<misses>1056700001</misses>
				<total>0</total>
				<timestamp>6658.772958</timestamp>
			</report>
			<report>
				<misses>1056800001</misses>
				<total>0</total>
				<timestamp>6659.398148</timestamp>
			</report>
			<report>
				<misses>1056900001</misses>
				<total>0</total>
				<timestamp>6660.025404</timestamp>
			</report>
			<report>
				<misses>1057000001</misses>
				<total>0</total>
				<timestamp>6660.648904</timestamp>
			</report>
			<report>
				<misses>1057100001</misses>
				<total>0</total>
				<timestamp>6661.277131</timestamp>
			</report>
			<report>
				<misses>1057200001</misses>
				<total>0</total>
				<timestamp>6661.901765</timestamp>
			</report>
			<report>
				<misses>1057300001</misses>
				<total>0</total>
				<timestamp>6662.525704</timestamp>
			</report>
			<report>
				<misses>1057400001</misses>
				<total>0</total>
				<timestamp>6663.152446</timestamp>
			</report>
			<report>
				<misses>1057500001</misses>
				<total>0</total>
				<timestamp>6663.776444</timestamp>
			</report>
			<report>
				<misses>1057600001</misses>
				<total>0</total>
				<timestamp>6664.400879</timestamp>
			</report>
			<report>
				<misses>1057700001</misses>
				<total>0</total>
				<timestamp>6665.025462</timestamp>
			</report>
			<report>
				<misses>1057800001</misses>
				<total>0</total>
				<timestamp>6665.650680</timestamp>
			</report>
			<report>
				<misses>1057900001</misses>
				<total>0</total>
				<timestamp>6666.275606</timestamp>
			</report>
			<report>
				<misses>1058000001</misses>
				<total>0</total>
				<timestamp>6666.900334</timestamp>
			</report>
			<report>
				<misses>1058100001</misses>
				<total>0</total>
				<timestamp>6667.526032</timestamp>
			</report>
			<report>
				<misses>1058200001</misses>
				<total>0</total>
				<timestamp>6668.151384</timestamp>
			</report>
			<report>
				<misses>1058300001</misses>
				<total>0</total>
				<timestamp>6668.778160</timestamp>
			</report>
			<report>
				<misses>1058400001</misses>
				<total>0</total>
				<timestamp>6669.405096</timestamp>
			</report>
			<report>
				<misses>1058500001</misses>
				<total>0</total>
				<timestamp>6670.033259</timestamp>
			</report>
			<report>
				<misses>1058600001</misses>
				<total>0</total>
				<timestamp>6670.660589</timestamp>
			</report>
			<report>
				<misses>1058700001</misses>
				<total>0</total>
				<timestamp>6671.287384</timestamp>
			</report>
			<report>
				<misses>1058800001</misses>
				<total>0</total>
				<timestamp>6671.914251</timestamp>
			</report>
			<report>
				<misses>1058900001</misses>
				<total>0</total>
				<timestamp>6672.541471</timestamp>
			</report>
			<report>
				<misses>1059000001</misses>
				<total>0</total>
				<timestamp>6673.169186</timestamp>
			</report>
			<report>
				<misses>1059100001</misses>
				<total>0</total>
				<timestamp>6673.796954</timestamp>
			</report>
			<report>
				<misses>1059200001</misses>
				<total>0</total>
				<timestamp>6674.422961</timestamp>
			</report>
			<report>
				<misses>1059300001</misses>
				<total>0</total>
				<timestamp>6675.048041</timestamp>
			</report>
			<report>
				<misses>1059400001</misses>
				<total>0</total>
				<timestamp>6675.673484</timestamp>
			</report>
			<report>
				<misses>1059500001</misses>
				<total>0</total>
				<timestamp>6676.299646</timestamp>
			</report>
			<report>
				<misses>1059600001</misses>
				<total>0</total>
				<timestamp>6676.926900</timestamp>
			</report>
			<report>
				<misses>1059700001</misses>
				<total>0</total>
				<timestamp>6677.552665</timestamp>
			</report>
			<report>
				<misses>1059800001</misses>
				<total>0</total>
				<timestamp>6678.177607</timestamp>
			</report>
			<report>
				<misses>1059900001</misses>
				<total>0</total>
				<timestamp>6678.811910</timestamp>
			</report>
			<report>
				<misses>1060000001</misses>
				<total>0</total>
				<timestamp>6679.437164</timestamp>
			</report>
			<report>
				<misses>1060100001</misses>
				<total>0</total>
				<timestamp>6680.062078</timestamp>
			</report>
			<report>
				<misses>1060200001</misses>
				<total>0</total>
				<timestamp>6680.687773</timestamp>
			</report>
			<report>
				<misses>1060300001</misses>
				<total>0</total>
				<timestamp>6681.315110</timestamp>
			</report>
			<report>
				<misses>1060400001</misses>
				<total>0</total>
				<timestamp>6681.946109</timestamp>
			</report>
			<report>
				<misses>1060500001</misses>
				<total>0</total>
				<timestamp>6682.572063</timestamp>
			</report>
			<report>
				<misses>1060600001</misses>
				<total>0</total>
				<timestamp>6683.199695</timestamp>
			</report>
			<report>
				<misses>1060700001</misses>
				<total>0</total>
				<timestamp>6683.824617</timestamp>
			</report>
			<report>
				<misses>1060800001</misses>
				<total>0</total>
				<timestamp>6684.450155</timestamp>
			</report>
			<report>
				<misses>1060900001</misses>
				<total>0</total>
				<timestamp>6685.077692</timestamp>
			</report>
			<report>
				<misses>1061000001</misses>
				<total>0</total>
				<timestamp>6685.702707</timestamp>
			</report>
			<report>
				<misses>1061100001</misses>
				<total>0</total>
				<timestamp>6686.328317</timestamp>
			</report>
			<report>
				<misses>1061200001</misses>
				<total>0</total>
				<timestamp>6686.953295</timestamp>
			</report>
			<report>
				<misses>1061300001</misses>
				<total>0</total>
				<timestamp>6687.577229</timestamp>
			</report>
			<report>
				<misses>1061400001</misses>
				<total>0</total>
				<timestamp>6688.202415</timestamp>
			</report>
			<report>
				<misses>1061500001</misses>
				<total>0</total>
				<timestamp>6688.827734</timestamp>
			</report>
			<report>
				<misses>1061600001</misses>
				<total>0</total>
				<timestamp>6689.454003</timestamp>
			</report>
			<report>
				<misses>1061700001</misses>
				<total>0</total>
				<timestamp>6690.082069</timestamp>
			</report>
			<report>
				<misses>1061800001</misses>
				<total>0</total>
				<timestamp>6690.707582</timestamp>
			</report>
			<report>
				<misses>1061900001</misses>
				<total>0</total>
				<timestamp>6691.332376</timestamp>
			</report>
			<report>
				<misses>1062000001</misses>
				<total>0</total>
				<timestamp>6691.957873</timestamp>
			</report>
			<report>
				<misses>1062100001</misses>
				<total>0</total>
				<timestamp>6692.583343</timestamp>
			</report>
			<report>
				<misses>1062200001</misses>
				<total>0</total>
				<timestamp>6693.209948</timestamp>
			</report>
			<report>
				<misses>1062300001</misses>
				<total>0</total>
				<timestamp>6693.835304</timestamp>
			</report>
			<report>
				<misses>1062400001</misses>
				<total>0</total>
				<timestamp>6694.459803</timestamp>
			</report>
			<report>
				<misses>1062500001</misses>
				<total>0</total>
				<timestamp>6695.085041</timestamp>
			</report>
			<report>
				<misses>1062600001</misses>
				<total>0</total>
				<timestamp>6695.711749</timestamp>
			</report>
			<report>
				<misses>1062700001</misses>
				<total>0</total>
				<timestamp>6696.337848</timestamp>
			</report>
			<report>
				<misses>1062800001</misses>
				<total>0</total>
				<timestamp>6696.968384</timestamp>
			</report>
			<report>
				<misses>1062900001</misses>
				<total>0</total>
				<timestamp>6697.592785</timestamp>
			</report>
			<report>
				<misses>1063000001</misses>
				<total>0</total>
				<timestamp>6698.217811</timestamp>
			</report>
			<report>
				<misses>1063100001</misses>
				<total>0</total>
				<timestamp>6698.846996</timestamp>
			</report>
			<report>
				<misses>1063200001</misses>
				<total>0</total>
				<timestamp>6699.471935</timestamp>
			</report>
			<report>
				<misses>1063300001</misses>
				<total>0</total>
				<timestamp>6700.099189</timestamp>
			</report>
			<report>
				<misses>1063400001</misses>
				<total>0</total>
				<timestamp>6700.725878</timestamp>
			</report>
			<report>
				<misses>1063500001</misses>
				<total>0</total>
				<timestamp>6701.353244</timestamp>
			</report>
			<report>
				<misses>1063600001</misses>
				<total>0</total>
				<timestamp>6701.983393</timestamp>
			</report>
			<report>
				<misses>1063700001</misses>
				<total>0</total>
				<timestamp>6702.610246</timestamp>
			</report>
			<report>
				<misses>1063800001</misses>
				<total>0</total>
				<timestamp>6703.236477</timestamp>
			</report>
			<report>
				<misses>1063900001</misses>
				<total>0</total>
				<timestamp>6703.863361</timestamp>
			</report>
			<report>
				<misses>1064000001</misses>
				<total>0</total>
				<timestamp>6704.490045</timestamp>
			</report>
			<report>
				<misses>1064100001</misses>
				<total>0</total>
				<timestamp>6705.116851</timestamp>
			</report>
			<report>
				<misses>1064200001</misses>
				<total>0</total>
				<timestamp>6705.742555</timestamp>
			</report>
			<report>
				<misses>1064300001</misses>
				<total>0</total>
				<timestamp>6706.367112</timestamp>
			</report>
			<report>
				<misses>1064400001</misses>
				<total>0</total>
				<timestamp>6706.992490</timestamp>
			</report>
			<report>
				<misses>1064500001</misses>
				<total>0</total>
				<timestamp>6707.617294</timestamp>
			</report>
			<report>
				<misses>1064600001</misses>
				<total>0</total>
				<timestamp>6708.243078</timestamp>
			</report>
			<report>
				<misses>1064700001</misses>
				<total>0</total>
				<timestamp>6708.867724</timestamp>
			</report>
			<report>
				<misses>1064800001</misses>
				<total>0</total>
				<timestamp>6709.491449</timestamp>
			</report>
			<report>
				<misses>1064900001</misses>
				<total>0</total>
				<timestamp>6710.116257</timestamp>
			</report>
			<report>
				<misses>1065000001</misses>
				<total>0</total>
				<timestamp>6710.741186</timestamp>
			</report>
			<report>
				<misses>1065100001</misses>
				<total>0</total>
				<timestamp>6711.367193</timestamp>
			</report>
			<report>
				<misses>1065200001</misses>
				<total>0</total>
				<timestamp>6711.992705</timestamp>
			</report>
			<report>
				<misses>1065300001</misses>
				<total>0</total>
				<timestamp>6712.617719</timestamp>
			</report>
			<report>
				<misses>1065400001</misses>
				<total>0</total>
				<timestamp>6713.242857</timestamp>
			</report>
			<report>
				<misses>1065500001</misses>
				<total>0</total>
				<timestamp>6713.870519</timestamp>
			</report>
			<report>
				<misses>1065600001</misses>
				<total>0</total>
				<timestamp>6714.495247</timestamp>
			</report>
			<report>
				<misses>1065700001</misses>
				<total>0</total>
				<timestamp>6715.120129</timestamp>
			</report>
			<report>
				<misses>1065800001</misses>
				<total>0</total>
				<timestamp>6715.745959</timestamp>
			</report>
			<report>
				<misses>1065900001</misses>
				<total>0</total>
				<timestamp>6716.371269</timestamp>
			</report>
			<report>
				<misses>1066000001</misses>
				<total>0</total>
				<timestamp>6716.995880</timestamp>
			</report>
			<report>
				<misses>1066100001</misses>
				<total>0</total>
				<timestamp>6717.621133</timestamp>
			</report>
			<report>
				<misses>1066200001</misses>
				<total>0</total>
				<timestamp>6718.251448</timestamp>
			</report>
			<report>
				<misses>1066300001</misses>
				<total>0</total>
				<timestamp>6718.877300</timestamp>
			</report>
			<report>
				<misses>1066400001</misses>
				<total>0</total>
				<timestamp>6719.503670</timestamp>
			</report>
			<report>
				<misses>1066500001</misses>
				<total>0</total>
				<timestamp>6720.129415</timestamp>
			</report>
			<report>
				<misses>1066600001</misses>
				<total>0</total>
				<timestamp>6720.753654</timestamp>
			</report>
			<report>
				<misses>1066700001</misses>
				<total>0</total>
				<timestamp>6721.378473</timestamp>
			</report>
			<report>
				<misses>1066800001</misses>
				<total>0</total>
				<timestamp>6722.003972</timestamp>
			</report>
			<report>
				<misses>1066900001</misses>
				<total>0</total>
				<timestamp>6722.629060</timestamp>
			</report>
			<report>
				<misses>1067000001</misses>
				<total>0</total>
				<timestamp>6723.254603</timestamp>
			</report>
			<report>
				<misses>1067100001</misses>
				<total>0</total>
				<timestamp>6723.879980</timestamp>
			</report>
			<report>
				<misses>1067200001</misses>
				<total>0</total>
				<timestamp>6724.505294</timestamp>
			</report>
			<report>
				<misses>1067300001</misses>
				<total>0</total>
				<timestamp>6725.131318</timestamp>
			</report>
			<report>
				<misses>1067400001</misses>
				<total>0</total>
				<timestamp>6725.755880</timestamp>
			</report>
			<report>
				<misses>1067500001</misses>
				<total>0</total>
				<timestamp>6726.380270</timestamp>
			</report>
			<report>
				<misses>1067600001</misses>
				<total>0</total>
				<timestamp>6727.005162</timestamp>
			</report>
			<report>
				<misses>1067700001</misses>
				<total>0</total>
				<timestamp>6727.631229</timestamp>
			</report>
			<report>
				<misses>1067800001</misses>
				<total>0</total>
				<timestamp>6728.255958</timestamp>
			</report>
			<report>
				<misses>1067900001</misses>
				<total>0</total>
				<timestamp>6728.880718</timestamp>
			</report>
			<report>
				<misses>1068000001</misses>
				<total>0</total>
				<timestamp>6729.507006</timestamp>
			</report>
			<report>
				<misses>1068100001</misses>
				<total>0</total>
				<timestamp>6730.132559</timestamp>
			</report>
			<report>
				<misses>1068200001</misses>
				<total>0</total>
				<timestamp>6730.763561</timestamp>
			</report>
			<report>
				<misses>1068300001</misses>
				<total>0</total>
				<timestamp>6731.389098</timestamp>
			</report>
			<report>
				<misses>1068400001</misses>
				<total>0</total>
				<timestamp>6732.017010</timestamp>
			</report>
			<report>
				<misses>1068500001</misses>
				<total>0</total>
				<timestamp>6732.643284</timestamp>
			</report>
			<report>
				<misses>1068600001</misses>
				<total>0</total>
				<timestamp>6733.269100</timestamp>
			</report>
			<report>
				<misses>1068700001</misses>
				<total>0</total>
				<timestamp>6733.894797</timestamp>
			</report>
			<report>
				<misses>1068800001</misses>
				<total>0</total>
				<timestamp>6734.521039</timestamp>
			</report>
			<report>
				<misses>1068900001</misses>
				<total>0</total>
				<timestamp>6735.147517</timestamp>
			</report>
			<report>
				<misses>1069000001</misses>
				<total>0</total>
				<timestamp>6735.773013</timestamp>
			</report>
			<report>
				<misses>1069100001</misses>
				<total>0</total>
				<timestamp>6736.399202</timestamp>
			</report>
			<report>
				<misses>1069200001</misses>
				<total>0</total>
				<timestamp>6737.025721</timestamp>
			</report>
			<report>
				<misses>1069300001</misses>
				<total>0</total>
				<timestamp>6737.650978</timestamp>
			</report>
			<report>
				<misses>1069400001</misses>
				<total>0</total>
				<timestamp>6738.275588</timestamp>
			</report>
			<report>
				<misses>1069500001</misses>
				<total>0</total>
				<timestamp>6738.899560</timestamp>
			</report>
			<report>
				<misses>1069600001</misses>
				<total>0</total>
				<timestamp>6739.524032</timestamp>
			</report>
			<report>
				<misses>1069700001</misses>
				<total>0</total>
				<timestamp>6740.149474</timestamp>
			</report>
			<report>
				<misses>1069800001</misses>
				<total>0</total>
				<timestamp>6740.774079</timestamp>
			</report>
			<report>
				<misses>1069900001</misses>
				<total>0</total>
				<timestamp>6741.399247</timestamp>
			</report>
			<report>
				<misses>1070000001</misses>
				<total>0</total>
				<timestamp>6742.024108</timestamp>
			</report>
			<report>
				<misses>1070100001</misses>
				<total>0</total>
				<timestamp>6742.648395</timestamp>
			</report>
			<report>
				<misses>1070200001</misses>
				<total>0</total>
				<timestamp>6743.272911</timestamp>
			</report>
			<report>
				<misses>1070300001</misses>
				<total>0</total>
				<timestamp>6743.898101</timestamp>
			</report>
			<report>
				<misses>1070400001</misses>
				<total>0</total>
				<timestamp>6744.522965</timestamp>
			</report>
			<report>
				<misses>1070500001</misses>
				<total>0</total>
				<timestamp>6745.148319</timestamp>
			</report>
			<report>
				<misses>1070600001</misses>
				<total>0</total>
				<timestamp>6745.775602</timestamp>
			</report>
			<report>
				<misses>1070700001</misses>
				<total>0</total>
				<timestamp>6746.401347</timestamp>
			</report>
			<report>
				<misses>1070800001</misses>
				<total>0</total>
				<timestamp>6747.035290</timestamp>
			</report>
			<report>
				<misses>1070900001</misses>
				<total>0</total>
				<timestamp>6747.663035</timestamp>
			</report>
			<report>
				<misses>1071000001</misses>
				<total>0</total>
				<timestamp>6748.288025</timestamp>
			</report>
			<report>
				<misses>1071100001</misses>
				<total>0</total>
				<timestamp>6748.913289</timestamp>
			</report>
			<report>
				<misses>1071200001</misses>
				<total>0</total>
				<timestamp>6749.539498</timestamp>
			</report>
			<report>
				<misses>1071300001</misses>
				<total>0</total>
				<timestamp>6750.165786</timestamp>
			</report>
			<report>
				<misses>1071400001</misses>
				<total>0</total>
				<timestamp>6750.797511</timestamp>
			</report>
			<report>
				<misses>1071500001</misses>
				<total>0</total>
				<timestamp>6751.423565</timestamp>
			</report>
			<report>
				<misses>1071600001</misses>
				<total>0</total>
				<timestamp>6752.049361</timestamp>
			</report>
			<report>
				<misses>1071700001</misses>
				<total>0</total>
				<timestamp>6752.674737</timestamp>
			</report>
			<report>
				<misses>1071800001</misses>
				<total>0</total>
				<timestamp>6753.308077</timestamp>
			</report>
			<report>
				<misses>1071900001</misses>
				<total>0</total>
				<timestamp>6753.934361</timestamp>
			</report>
			<report>
				<misses>1072000001</misses>
				<total>0</total>
				<timestamp>6754.560473</timestamp>
			</report>
			<report>
				<misses>1072100001</misses>
				<total>0</total>
				<timestamp>6755.189896</timestamp>
			</report>
			<report>
				<misses>1072200001</misses>
				<total>0</total>
				<timestamp>6755.815713</timestamp>
			</report>
			<report>
				<misses>1072300001</misses>
				<total>0</total>
				<timestamp>6756.443172</timestamp>
			</report>
			<report>
				<misses>1072400001</misses>
				<total>0</total>
				<timestamp>6757.071835</timestamp>
			</report>
			<report>
				<misses>1072500001</misses>
				<total>0</total>
				<timestamp>6757.700792</timestamp>
			</report>
			<report>
				<misses>1072600001</misses>
				<total>0</total>
				<timestamp>6758.329722</timestamp>
			</report>
			<report>
				<misses>1072700001</misses>
				<total>0</total>
				<timestamp>6758.958777</timestamp>
			</report>
			<report>
				<misses>1072800001</misses>
				<total>0</total>
				<timestamp>6759.587594</timestamp>
			</report>
			<report>
				<misses>1072900001</misses>
				<total>0</total>
				<timestamp>6760.216204</timestamp>
			</report>
			<report>
				<misses>1073000001</misses>
				<total>0</total>
				<timestamp>6760.844628</timestamp>
			</report>
			<report>
				<misses>1073100001</misses>
				<total>0</total>
				<timestamp>6761.473618</timestamp>
			</report>
			<report>
				<misses>1073200001</misses>
				<total>0</total>
				<timestamp>6762.102188</timestamp>
			</report>
			<report>
				<misses>1073300001</misses>
				<total>0</total>
				<timestamp>6762.731324</timestamp>
			</report>
			<report>
				<misses>1073400001</misses>
				<total>0</total>
				<timestamp>6763.361560</timestamp>
			</report>
			<report>
				<misses>1073500001</misses>
				<total>0</total>
				<timestamp>6763.991543</timestamp>
			</report>
			<report>
				<misses>1073600001</misses>
				<total>0</total>
				<timestamp>6764.621460</timestamp>
			</report>
			<report>
				<misses>1073700001</misses>
				<total>0</total>
				<timestamp>6765.251819</timestamp>
			</report>
			<report>
				<misses>1073800001</misses>
				<total>0</total>
				<timestamp>6765.882491</timestamp>
			</report>
			<report>
				<misses>1073900001</misses>
				<total>0</total>
				<timestamp>6766.512903</timestamp>
			</report>
			<report>
				<misses>1074000001</misses>
				<total>0</total>
				<timestamp>6767.143176</timestamp>
			</report>
			<report>
				<misses>1074100001</misses>
				<total>0</total>
				<timestamp>6767.773198</timestamp>
			</report>
			<report>
				<misses>1074200001</misses>
				<total>0</total>
				<timestamp>6768.402443</timestamp>
			</report>
			<report>
				<misses>1074300001</misses>
				<total>0</total>
				<timestamp>6769.037847</timestamp>
			</report>
			<report>
				<misses>1074400001</misses>
				<total>0</total>
				<timestamp>6769.667029</timestamp>
			</report>
			<report>
				<misses>1074500001</misses>
				<total>0</total>
				<timestamp>6770.295823</timestamp>
			</report>
			<report>
				<misses>1074600001</misses>
				<total>0</total>
				<timestamp>6770.925058</timestamp>
			</report>
			<report>
				<misses>1074700001</misses>
				<total>0</total>
				<timestamp>6771.554334</timestamp>
			</report>
			<report>
				<misses>1074800001</misses>
				<total>0</total>
				<timestamp>6772.184388</timestamp>
			</report>
			<report>
				<misses>1074900001</misses>
				<total>0</total>
				<timestamp>6772.813478</timestamp>
			</report>
			<report>
				<misses>1075000001</misses>
				<total>0</total>
				<timestamp>6773.443047</timestamp>
			</report>
			<report>
				<misses>1075100001</misses>
				<total>0</total>
				<timestamp>6774.072420</timestamp>
			</report>
			<report>
				<misses>1075200001</misses>
				<total>0</total>
				<timestamp>6774.704707</timestamp>
			</report>
			<report>
				<misses>1075300001</misses>
				<total>0</total>
				<timestamp>6775.333343</timestamp>
			</report>
			<report>
				<misses>1075400001</misses>
				<total>0</total>
				<timestamp>6775.962593</timestamp>
			</report>
			<report>
				<misses>1075500001</misses>
				<total>0</total>
				<timestamp>6776.591202</timestamp>
			</report>
			<report>
				<misses>1075600001</misses>
				<total>0</total>
				<timestamp>6777.219758</timestamp>
			</report>
			<report>
				<misses>1075700001</misses>
				<total>0</total>
				<timestamp>6777.849062</timestamp>
			</report>
			<report>
				<misses>1075800001</misses>
				<total>0</total>
				<timestamp>6778.478019</timestamp>
			</report>
			<report>
				<misses>1075900001</misses>
				<total>0</total>
				<timestamp>6779.106857</timestamp>
			</report>
			<report>
				<misses>1076000001</misses>
				<total>0</total>
				<timestamp>6779.736668</timestamp>
			</report>
			<report>
				<misses>1076100001</misses>
				<total>0</total>
				<timestamp>6780.365435</timestamp>
			</report>
			<report>
				<misses>1076200001</misses>
				<total>0</total>
				<timestamp>6780.994223</timestamp>
			</report>
			<report>
				<misses>1076300001</misses>
				<total>0</total>
				<timestamp>6781.623743</timestamp>
			</report>
			<report>
				<misses>1076400001</misses>
				<total>0</total>
				<timestamp>6782.252575</timestamp>
			</report>
			<report>
				<misses>1076500001</misses>
				<total>0</total>
				<timestamp>6782.882163</timestamp>
			</report>
			<report>
				<misses>1076600001</misses>
				<total>0</total>
				<timestamp>6783.511646</timestamp>
			</report>
			<report>
				<misses>1076700001</misses>
				<total>0</total>
				<timestamp>6784.141018</timestamp>
			</report>
			<report>
				<misses>1076800001</misses>
				<total>0</total>
				<timestamp>6784.769758</timestamp>
			</report>
			<report>
				<misses>1076900001</misses>
				<total>0</total>
				<timestamp>6785.398258</timestamp>
			</report>
			<report>
				<misses>1077000001</misses>
				<total>0</total>
				<timestamp>6786.027135</timestamp>
			</report>
			<report>
				<misses>1077100001</misses>
				<total>0</total>
				<timestamp>6786.655517</timestamp>
			</report>
			<report>
				<misses>1077200001</misses>
				<total>0</total>
				<timestamp>6787.286816</timestamp>
			</report>
			<report>
				<misses>1077300001</misses>
				<total>0</total>
				<timestamp>6787.914939</timestamp>
			</report>
			<report>
				<misses>1077400001</misses>
				<total>0</total>
				<timestamp>6788.544561</timestamp>
			</report>
			<report>
				<misses>1077500001</misses>
				<total>0</total>
				<timestamp>6789.173963</timestamp>
			</report>
			<report>
				<misses>1077600001</misses>
				<total>0</total>
				<timestamp>6789.802659</timestamp>
			</report>
			<report>
				<misses>1077700001</misses>
				<total>0</total>
				<timestamp>6790.431135</timestamp>
			</report>
			<report>
				<misses>1077800001</misses>
				<total>0</total>
				<timestamp>6791.060073</timestamp>
			</report>
			<report>
				<misses>1077900001</misses>
				<total>0</total>
				<timestamp>6791.689524</timestamp>
			</report>
			<report>
				<misses>1078000001</misses>
				<total>0</total>
				<timestamp>6792.318582</timestamp>
			</report>
			<report>
				<misses>1078100001</misses>
				<total>0</total>
				<timestamp>6792.947886</timestamp>
			</report>
			<report>
				<misses>1078200001</misses>
				<total>0</total>
				<timestamp>6793.576381</timestamp>
			</report>
			<report>
				<misses>1078300001</misses>
				<total>0</total>
				<timestamp>6794.206274</timestamp>
			</report>
			<report>
				<misses>1078400001</misses>
				<total>0</total>
				<timestamp>6794.836085</timestamp>
			</report>
			<report>
				<misses>1078500001</misses>
				<total>0</total>
				<timestamp>6795.465885</timestamp>
			</report>
			<report>
				<misses>1078600001</misses>
				<total>0</total>
				<timestamp>6796.096207</timestamp>
			</report>
			<report>
				<misses>1078700001</misses>
				<total>0</total>
				<timestamp>6796.726905</timestamp>
			</report>
			<report>
				<misses>1078800001</misses>
				<total>0</total>
				<timestamp>6797.356407</timestamp>
			</report>
			<report>
				<misses>1078900001</misses>
				<total>0</total>
				<timestamp>6797.997572</timestamp>
			</report>
			<report>
				<misses>1079000001</misses>
				<total>0</total>
				<timestamp>6798.627488</timestamp>
			</report>
			<report>
				<misses>1079100001</misses>
				<total>0</total>
				<timestamp>6799.256982</timestamp>
			</report>
			<report>
				<misses>1079200001</misses>
				<total>0</total>
				<timestamp>6799.886544</timestamp>
			</report>
			<report>
				<misses>1079300001</misses>
				<total>0</total>
				<timestamp>6800.515117</timestamp>
			</report>
			<report>
				<misses>1079400001</misses>
				<total>0</total>
				<timestamp>6801.143507</timestamp>
			</report>
			<report>
				<misses>1079500001</misses>
				<total>0</total>
				<timestamp>6801.772705</timestamp>
			</report>
			<report>
				<misses>1079600001</misses>
				<total>0</total>
				<timestamp>6802.401026</timestamp>
			</report>
			<report>
				<misses>1079700001</misses>
				<total>0</total>
				<timestamp>6803.030035</timestamp>
			</report>
			<report>
				<misses>1079800001</misses>
				<total>0</total>
				<timestamp>6803.658457</timestamp>
			</report>
			<report>
				<misses>1079900001</misses>
				<total>0</total>
				<timestamp>6804.287435</timestamp>
			</report>
			<report>
				<misses>1080000001</misses>
				<total>0</total>
				<timestamp>6804.926066</timestamp>
			</report>
			<report>
				<misses>1080100001</misses>
				<total>0</total>
				<timestamp>6805.552626</timestamp>
			</report>
			<report>
				<misses>1080200001</misses>
				<total>0</total>
				<timestamp>6806.179069</timestamp>
			</report>
			<report>
				<misses>1080300001</misses>
				<total>0</total>
				<timestamp>6806.805495</timestamp>
			</report>
			<report>
				<misses>1080400001</misses>
				<total>0</total>
				<timestamp>6807.431477</timestamp>
			</report>
			<report>
				<misses>1080500001</misses>
				<total>0</total>
				<timestamp>6808.057980</timestamp>
			</report>
			<report>
				<misses>1080600001</misses>
				<total>0</total>
				<timestamp>6808.683446</timestamp>
			</report>
			<report>
				<misses>1080700001</misses>
				<total>0</total>
				<timestamp>6809.308493</timestamp>
			</report>
			<report>
				<misses>1080800001</misses>
				<total>0</total>
				<timestamp>6809.933637</timestamp>
			</report>
			<report>
				<misses>1080900001</misses>
				<total>0</total>
				<timestamp>6810.559158</timestamp>
			</report>
			<report>
				<misses>1081000001</misses>
				<total>0</total>
				<timestamp>6811.185202</timestamp>
			</report>
			<report>
				<misses>1081100001</misses>
				<total>0</total>
				<timestamp>6811.812100</timestamp>
			</report>
			<report>
				<misses>1081200001</misses>
				<total>0</total>
				<timestamp>6812.437702</timestamp>
			</report>
			<report>
				<misses>1081300001</misses>
				<total>0</total>
				<timestamp>6813.063019</timestamp>
			</report>
			<report>
				<misses>1081400001</misses>
				<total>0</total>
				<timestamp>6813.688607</timestamp>
			</report>
			<report>
				<misses>1081500001</misses>
				<total>0</total>
				<timestamp>6814.316438</timestamp>
			</report>
			<report>
				<misses>1081600001</misses>
				<total>0</total>
				<timestamp>6814.944723</timestamp>
			</report>
			<report>
				<misses>1081700001</misses>
				<total>0</total>
				<timestamp>6815.570216</timestamp>
			</report>
			<report>
				<misses>1081800001</misses>
				<total>0</total>
				<timestamp>6816.198836</timestamp>
			</report>
			<report>
				<misses>1081900001</misses>
				<total>0</total>
				<timestamp>6816.826133</timestamp>
			</report>
			<report>
				<misses>1082000001</misses>
				<total>0</total>
				<timestamp>6817.451469</timestamp>
			</report>
			<report>
				<misses>1082100001</misses>
				<total>0</total>
				<timestamp>6818.081242</timestamp>
			</report>
			<report>
				<misses>1082200001</misses>
				<total>0</total>
				<timestamp>6818.707797</timestamp>
			</report>
			<report>
				<misses>1082300001</misses>
				<total>0</total>
				<timestamp>6819.333076</timestamp>
			</report>
			<report>
				<misses>1082400001</misses>
				<total>0</total>
				<timestamp>6819.960725</timestamp>
			</report>
			<report>
				<misses>1082500001</misses>
				<total>0</total>
				<timestamp>6820.586293</timestamp>
			</report>
			<report>
				<misses>1082600001</misses>
				<total>0</total>
				<timestamp>6821.214476</timestamp>
			</report>
			<report>
				<misses>1082700001</misses>
				<total>0</total>
				<timestamp>6821.840305</timestamp>
			</report>
			<report>
				<misses>1082800001</misses>
				<total>0</total>
				<timestamp>6822.467080</timestamp>
			</report>
			<report>
				<misses>1082900001</misses>
				<total>0</total>
				<timestamp>6823.093074</timestamp>
			</report>
			<report>
				<misses>1083000001</misses>
				<total>0</total>
				<timestamp>6823.717792</timestamp>
			</report>
			<report>
				<misses>1083100001</misses>
				<total>0</total>
				<timestamp>6824.344017</timestamp>
			</report>
			<report>
				<misses>1083200001</misses>
				<total>0</total>
				<timestamp>6824.970311</timestamp>
			</report>
			<report>
				<misses>1083300001</misses>
				<total>0</total>
				<timestamp>6825.597200</timestamp>
			</report>
			<report>
				<misses>1083400001</misses>
				<total>0</total>
				<timestamp>6826.224567</timestamp>
			</report>
			<report>
				<misses>1083500001</misses>
				<total>0</total>
				<timestamp>6826.851866</timestamp>
			</report>
			<report>
				<misses>1083600001</misses>
				<total>0</total>
				<timestamp>6827.480355</timestamp>
			</report>
			<report>
				<misses>1083700001</misses>
				<total>0</total>
				<timestamp>6828.110652</timestamp>
			</report>
			<report>
				<misses>1083800001</misses>
				<total>0</total>
				<timestamp>6828.736997</timestamp>
			</report>
			<report>
				<misses>1083900001</misses>
				<total>0</total>
				<timestamp>6829.363357</timestamp>
			</report>
			<report>
				<misses>1084000001</misses>
				<total>0</total>
				<timestamp>6829.991235</timestamp>
			</report>
			<report>
				<misses>1084100001</misses>
				<total>0</total>
				<timestamp>6830.616126</timestamp>
			</report>
			<report>
				<misses>1084200001</misses>
				<total>0</total>
				<timestamp>6831.241809</timestamp>
			</report>
			<report>
				<misses>1084300001</misses>
				<total>0</total>
				<timestamp>6831.868710</timestamp>
			</report>
			<report>
				<misses>1084400001</misses>
				<total>0</total>
				<timestamp>6832.493836</timestamp>
			</report>
			<report>
				<misses>1084500001</misses>
				<total>0</total>
				<timestamp>6833.119736</timestamp>
			</report>
			<report>
				<misses>1084600001</misses>
				<total>0</total>
				<timestamp>6833.746555</timestamp>
			</report>
			<report>
				<misses>1084700001</misses>
				<total>0</total>
				<timestamp>6834.371574</timestamp>
			</report>
			<report>
				<misses>1084800001</misses>
				<total>0</total>
				<timestamp>6834.996497</timestamp>
			</report>
			<report>
				<misses>1084900001</misses>
				<total>0</total>
				<timestamp>6835.621404</timestamp>
			</report>
			<report>
				<misses>1085000001</misses>
				<total>0</total>
				<timestamp>6836.249900</timestamp>
			</report>
			<report>
				<misses>1085100001</misses>
				<total>0</total>
				<timestamp>6836.875072</timestamp>
			</report>
			<report>
				<misses>1085200001</misses>
				<total>0</total>
				<timestamp>6837.499735</timestamp>
			</report>
			<report>
				<misses>1085300001</misses>
				<total>0</total>
				<timestamp>6838.125577</timestamp>
			</report>
			<report>
				<misses>1085400001</misses>
				<total>0</total>
				<timestamp>6838.755732</timestamp>
			</report>
			<report>
				<misses>1085500001</misses>
				<total>0</total>
				<timestamp>6839.380014</timestamp>
			</report>
			<report>
				<misses>1085600001</misses>
				<total>0</total>
				<timestamp>6840.005642</timestamp>
			</report>
			<report>
				<misses>1085700001</misses>
				<total>0</total>
				<timestamp>6840.631014</timestamp>
			</report>
			<report>
				<misses>1085800001</misses>
				<total>0</total>
				<timestamp>6841.256354</timestamp>
			</report>
			<report>
				<misses>1085900001</misses>
				<total>0</total>
				<timestamp>6841.883117</timestamp>
			</report>
			<report>
				<misses>1086000001</misses>
				<total>0</total>
				<timestamp>6842.507802</timestamp>
			</report>
			<report>
				<misses>1086100001</misses>
				<total>0</total>
				<timestamp>6843.132203</timestamp>
			</report>
			<report>
				<misses>1086200001</misses>
				<total>0</total>
				<timestamp>6843.757254</timestamp>
			</report>
			<report>
				<misses>1086300001</misses>
				<total>0</total>
				<timestamp>6844.382328</timestamp>
			</report>
			<report>
				<misses>1086400001</misses>
				<total>0</total>
				<timestamp>6845.008703</timestamp>
			</report>
			<report>
				<misses>1086500001</misses>
				<total>0</total>
				<timestamp>6845.634475</timestamp>
			</report>
			<report>
				<misses>1086600001</misses>
				<total>0</total>
				<timestamp>6846.259503</timestamp>
			</report>
			<report>
				<misses>1086700001</misses>
				<total>0</total>
				<timestamp>6846.885668</timestamp>
			</report>
			<report>
				<misses>1086800001</misses>
				<total>0</total>
				<timestamp>6847.510777</timestamp>
			</report>
			<report>
				<misses>1086900001</misses>
				<total>0</total>
				<timestamp>6848.136056</timestamp>
			</report>
			<report>
				<misses>1087000001</misses>
				<total>0</total>
				<timestamp>6848.761859</timestamp>
			</report>
			<report>
				<misses>1087100001</misses>
				<total>0</total>
				<timestamp>6849.386473</timestamp>
			</report>
			<report>
				<misses>1087200001</misses>
				<total>0</total>
				<timestamp>6850.012150</timestamp>
			</report>
			<report>
				<misses>1087300001</misses>
				<total>0</total>
				<timestamp>6850.638732</timestamp>
			</report>
			<report>
				<misses>1087400001</misses>
				<total>0</total>
				<timestamp>6851.264490</timestamp>
			</report>
			<report>
				<misses>1087500001</misses>
				<total>0</total>
				<timestamp>6851.889255</timestamp>
			</report>
			<report>
				<misses>1087600001</misses>
				<total>0</total>
				<timestamp>6852.514136</timestamp>
			</report>
			<report>
				<misses>1087700001</misses>
				<total>0</total>
				<timestamp>6853.138629</timestamp>
			</report>
			<report>
				<misses>1087800001</misses>
				<total>0</total>
				<timestamp>6853.762839</timestamp>
			</report>
			<report>
				<misses>1087900001</misses>
				<total>0</total>
				<timestamp>6854.387344</timestamp>
			</report>
			<report>
				<misses>1088000001</misses>
				<total>0</total>
				<timestamp>6855.012152</timestamp>
			</report>
			<report>
				<misses>1088100001</misses>
				<total>0</total>
				<timestamp>6855.637552</timestamp>
			</report>
			<report>
				<misses>1088200001</misses>
				<total>0</total>
				<timestamp>6856.287633</timestamp>
			</report>
			<report>
				<misses>1088300001</misses>
				<total>0</total>
				<timestamp>6856.913635</timestamp>
			</report>
			<report>
				<misses>1088400001</misses>
				<total>0</total>
				<timestamp>6857.540131</timestamp>
			</report>
			<report>
				<misses>1088500001</misses>
				<total>0</total>
				<timestamp>6858.166498</timestamp>
			</report>
			<report>
				<misses>1088600001</misses>
				<total>0</total>
				<timestamp>6858.792616</timestamp>
			</report>
			<report>
				<misses>1088700001</misses>
				<total>0</total>
				<timestamp>6859.418591</timestamp>
			</report>
			<report>
				<misses>1088800001</misses>
				<total>0</total>
				<timestamp>6860.044322</timestamp>
			</report>
			<report>
				<misses>1088900001</misses>
				<total>0</total>
				<timestamp>6860.670289</timestamp>
			</report>
			<report>
				<misses>1089000001</misses>
				<total>0</total>
				<timestamp>6861.295956</timestamp>
			</report>
			<report>
				<misses>1089100001</misses>
				<total>0</total>
				<timestamp>6861.932379</timestamp>
			</report>
			<report>
				<misses>1089200001</misses>
				<total>0</total>
				<timestamp>6862.558675</timestamp>
			</report>
			<report>
				<misses>1089300001</misses>
				<total>0</total>
				<timestamp>6863.185626</timestamp>
			</report>
			<report>
				<misses>1089400001</misses>
				<total>0</total>
				<timestamp>6863.811229</timestamp>
			</report>
			<report>
				<misses>1089500001</misses>
				<total>0</total>
				<timestamp>6864.437010</timestamp>
			</report>
			<report>
				<misses>1089600001</misses>
				<total>0</total>
				<timestamp>6865.062383</timestamp>
			</report>
			<report>
				<misses>1089700001</misses>
				<total>0</total>
				<timestamp>6865.687642</timestamp>
			</report>
			<report>
				<misses>1089800001</misses>
				<total>0</total>
				<timestamp>6866.312044</timestamp>
			</report>
			<report>
				<misses>1089900001</misses>
				<total>0</total>
				<timestamp>6866.937080</timestamp>
			</report>
			<report>
				<misses>1090000001</misses>
				<total>0</total>
				<timestamp>6867.562589</timestamp>
			</report>
			<report>
				<misses>1090100001</misses>
				<total>0</total>
				<timestamp>6868.187834</timestamp>
			</report>
			<report>
				<misses>1090200001</misses>
				<total>0</total>
				<timestamp>6868.812478</timestamp>
			</report>
			<report>
				<misses>1090300001</misses>
				<total>0</total>
				<timestamp>6869.439991</timestamp>
			</report>
			<report>
				<misses>1090400001</misses>
				<total>0</total>
				<timestamp>6870.067404</timestamp>
			</report>
			<report>
				<misses>1090500001</misses>
				<total>0</total>
				<timestamp>6870.696320</timestamp>
			</report>
			<report>
				<misses>1090600001</misses>
				<total>0</total>
				<timestamp>6871.324653</timestamp>
			</report>
			<report>
				<misses>1090700001</misses>
				<total>0</total>
				<timestamp>6871.951972</timestamp>
			</report>
			<report>
				<misses>1090800001</misses>
				<total>0</total>
				<timestamp>6872.580359</timestamp>
			</report>
			<report>
				<misses>1090900001</misses>
				<total>0</total>
				<timestamp>6873.208050</timestamp>
			</report>
			<report>
				<misses>1091000001</misses>
				<total>0</total>
				<timestamp>6873.835157</timestamp>
			</report>
			<report>
				<misses>1091100001</misses>
				<total>0</total>
				<timestamp>6874.462609</timestamp>
			</report>
			<report>
				<misses>1091200001</misses>
				<total>0</total>
				<timestamp>6875.089323</timestamp>
			</report>
			<report>
				<misses>1091300001</misses>
				<total>0</total>
				<timestamp>6875.715779</timestamp>
			</report>
			<report>
				<misses>1091400001</misses>
				<total>0</total>
				<timestamp>6876.343150</timestamp>
			</report>
			<report>
				<misses>1091500001</misses>
				<total>0</total>
				<timestamp>6876.974112</timestamp>
			</report>
			<report>
				<misses>1091600001</misses>
				<total>0</total>
				<timestamp>6877.600943</timestamp>
			</report>
			<report>
				<misses>1091700001</misses>
				<total>0</total>
				<timestamp>6878.229494</timestamp>
			</report>
			<report>
				<misses>1091800001</misses>
				<total>0</total>
				<timestamp>6878.858006</timestamp>
			</report>
			<report>
				<misses>1091900001</misses>
				<total>0</total>
				<timestamp>6879.485273</timestamp>
			</report>
			<report>
				<misses>1092000001</misses>
				<total>0</total>
				<timestamp>6880.113777</timestamp>
			</report>
			<report>
				<misses>1092100001</misses>
				<total>0</total>
				<timestamp>6880.742287</timestamp>
			</report>
			<report>
				<misses>1092200001</misses>
				<total>0</total>
				<timestamp>6881.369017</timestamp>
			</report>
			<report>
				<misses>1092300001</misses>
				<total>0</total>
				<timestamp>6881.996431</timestamp>
			</report>
			<report>
				<misses>1092400001</misses>
				<total>0</total>
				<timestamp>6882.624052</timestamp>
			</report>
			<report>
				<misses>1092500001</misses>
				<total>0</total>
				<timestamp>6883.252404</timestamp>
			</report>
			<report>
				<misses>1092600001</misses>
				<total>0</total>
				<timestamp>6883.879960</timestamp>
			</report>
			<report>
				<misses>1092700001</misses>
				<total>0</total>
				<timestamp>6884.506978</timestamp>
			</report>
			<report>
				<misses>1092800001</misses>
				<total>0</total>
				<timestamp>6885.133881</timestamp>
			</report>
			<report>
				<misses>1092900001</misses>
				<total>0</total>
				<timestamp>6885.764581</timestamp>
			</report>
			<report>
				<misses>1093000001</misses>
				<total>0</total>
				<timestamp>6886.391664</timestamp>
			</report>
			<report>
				<misses>1093100001</misses>
				<total>0</total>
				<timestamp>6887.019015</timestamp>
			</report>
			<report>
				<misses>1093200001</misses>
				<total>0</total>
				<timestamp>6887.647443</timestamp>
			</report>
			<report>
				<misses>1093300001</misses>
				<total>0</total>
				<timestamp>6888.277504</timestamp>
			</report>
			<report>
				<misses>1093400001</misses>
				<total>0</total>
				<timestamp>6888.906568</timestamp>
			</report>
			<report>
				<misses>1093500001</misses>
				<total>0</total>
				<timestamp>6889.534294</timestamp>
			</report>
			<report>
				<misses>1093600001</misses>
				<total>0</total>
				<timestamp>6890.162438</timestamp>
			</report>
			<report>
				<misses>1093700001</misses>
				<total>0</total>
				<timestamp>6890.790379</timestamp>
			</report>
			<report>
				<misses>1093800001</misses>
				<total>0</total>
				<timestamp>6891.418627</timestamp>
			</report>
			<report>
				<misses>1093900001</misses>
				<total>0</total>
				<timestamp>6892.048036</timestamp>
			</report>
			<report>
				<misses>1094000001</misses>
				<total>0</total>
				<timestamp>6892.677149</timestamp>
			</report>
			<report>
				<misses>1094100001</misses>
				<total>0</total>
				<timestamp>6893.306045</timestamp>
			</report>
			<report>
				<misses>1094200001</misses>
				<total>0</total>
				<timestamp>6893.934770</timestamp>
			</report>
			<report>
				<misses>1094300001</misses>
				<total>0</total>
				<timestamp>6894.563567</timestamp>
			</report>
			<report>
				<misses>1094400001</misses>
				<total>0</total>
				<timestamp>6895.191825</timestamp>
			</report>
			<report>
				<misses>1094500001</misses>
				<total>0</total>
				<timestamp>6895.820119</timestamp>
			</report>
			<report>
				<misses>1094600001</misses>
				<total>0</total>
				<timestamp>6896.448026</timestamp>
			</report>
			<report>
				<misses>1094700001</misses>
				<total>0</total>
				<timestamp>6897.081465</timestamp>
			</report>
			<report>
				<misses>1094800001</misses>
				<total>0</total>
				<timestamp>6897.708603</timestamp>
			</report>
			<report>
				<misses>1094900001</misses>
				<total>0</total>
				<timestamp>6898.335883</timestamp>
			</report>
			<report>
				<misses>1095000001</misses>
				<total>0</total>
				<timestamp>6898.967644</timestamp>
			</report>
			<report>
				<misses>1095100001</misses>
				<total>0</total>
				<timestamp>6899.594537</timestamp>
			</report>
			<report>
				<misses>1095200001</misses>
				<total>0</total>
				<timestamp>6900.220897</timestamp>
			</report>
			<report>
				<misses>1095300001</misses>
				<total>0</total>
				<timestamp>6900.847372</timestamp>
			</report>
			<report>
				<misses>1095400001</misses>
				<total>0</total>
				<timestamp>6901.473870</timestamp>
			</report>
			<report>
				<misses>1095500001</misses>
				<total>0</total>
				<timestamp>6902.099978</timestamp>
			</report>
			<report>
				<misses>1095600001</misses>
				<total>0</total>
				<timestamp>6902.726611</timestamp>
			</report>
			<report>
				<misses>1095700001</misses>
				<total>0</total>
				<timestamp>6903.352891</timestamp>
			</report>
			<report>
				<misses>1095800001</misses>
				<total>0</total>
				<timestamp>6903.979364</timestamp>
			</report>
			<report>
				<misses>1095900001</misses>
				<total>0</total>
				<timestamp>6904.605847</timestamp>
			</report>
			<report>
				<misses>1096000001</misses>
				<total>0</total>
				<timestamp>6905.233875</timestamp>
			</report>
			<report>
				<misses>1096100001</misses>
				<total>0</total>
				<timestamp>6905.860767</timestamp>
			</report>
			<report>
				<misses>1096200001</misses>
				<total>0</total>
				<timestamp>6906.486663</timestamp>
			</report>
			<report>
				<misses>1096300001</misses>
				<total>0</total>
				<timestamp>6907.116219</timestamp>
			</report>
			<report>
				<misses>1096400001</misses>
				<total>0</total>
				<timestamp>6907.742549</timestamp>
			</report>
			<report>
				<misses>1096500001</misses>
				<total>0</total>
				<timestamp>6908.369383</timestamp>
			</report>
			<report>
				<misses>1096600001</misses>
				<total>0</total>
				<timestamp>6908.996340</timestamp>
			</report>
			<report>
				<misses>1096700001</misses>
				<total>0</total>
				<timestamp>6909.624524</timestamp>
			</report>
			<report>
				<misses>1096800001</misses>
				<total>0</total>
				<timestamp>6910.252151</timestamp>
			</report>
			<report>
				<misses>1096900001</misses>
				<total>0</total>
				<timestamp>6910.879698</timestamp>
			</report>
			<report>
				<misses>1097000001</misses>
				<total>0</total>
				<timestamp>6911.508184</timestamp>
			</report>
			<report>
				<misses>1097100001</misses>
				<total>0</total>
				<timestamp>6912.135208</timestamp>
			</report>
			<report>
				<misses>1097200001</misses>
				<total>0</total>
				<timestamp>6912.762615</timestamp>
			</report>
			<report>
				<misses>1097300001</misses>
				<total>0</total>
				<timestamp>6913.390908</timestamp>
			</report>
			<report>
				<misses>1097400001</misses>
				<total>0</total>
				<timestamp>6914.018666</timestamp>
			</report>
			<report>
				<misses>1097500001</misses>
				<total>0</total>
				<timestamp>6914.645515</timestamp>
			</report>
			<report>
				<misses>1097600001</misses>
				<total>0</total>
				<timestamp>6915.272755</timestamp>
			</report>
			<report>
				<misses>1097700001</misses>
				<total>0</total>
				<timestamp>6915.900370</timestamp>
			</report>
			<report>
				<misses>1097800001</misses>
				<total>0</total>
				<timestamp>6916.527746</timestamp>
			</report>
			<report>
				<misses>1097900001</misses>
				<total>0</total>
				<timestamp>6917.154601</timestamp>
			</report>
			<report>
				<misses>1098000001</misses>
				<total>0</total>
				<timestamp>6917.781942</timestamp>
			</report>
			<report>
				<misses>1098100001</misses>
				<total>0</total>
				<timestamp>6918.409448</timestamp>
			</report>
			<report>
				<misses>1098200001</misses>
				<total>0</total>
				<timestamp>6919.037647</timestamp>
			</report>
			<report>
				<misses>1098300001</misses>
				<total>0</total>
				<timestamp>6919.666991</timestamp>
			</report>
			<report>
				<misses>1098400001</misses>
				<total>0</total>
				<timestamp>6920.296279</timestamp>
			</report>
			<report>
				<misses>1098500001</misses>
				<total>0</total>
				<timestamp>6920.926117</timestamp>
			</report>
			<report>
				<misses>1098600001</misses>
				<total>0</total>
				<timestamp>6921.555960</timestamp>
			</report>
			<report>
				<misses>1098700001</misses>
				<total>0</total>
				<timestamp>6922.185009</timestamp>
			</report>
			<report>
				<misses>1098800001</misses>
				<total>0</total>
				<timestamp>6922.813371</timestamp>
			</report>
			<report>
				<misses>1098900001</misses>
				<total>0</total>
				<timestamp>6923.441437</timestamp>
			</report>
			<report>
				<misses>1099000001</misses>
				<total>0</total>
				<timestamp>6924.068513</timestamp>
			</report>
			<report>
				<misses>1099100001</misses>
				<total>0</total>
				<timestamp>6924.695570</timestamp>
			</report>
			<report>
				<misses>1099200001</misses>
				<total>0</total>
				<timestamp>6925.322733</timestamp>
			</report>
			<report>
				<misses>1099300001</misses>
				<total>0</total>
				<timestamp>6925.954295</timestamp>
			</report>
			<report>
				<misses>1099400001</misses>
				<total>0</total>
				<timestamp>6926.581762</timestamp>
			</report>
			<report>
				<misses>1099500001</misses>
				<total>0</total>
				<timestamp>6927.209608</timestamp>
			</report>
			<report>
				<misses>1099600001</misses>
				<total>0</total>
				<timestamp>6927.837642</timestamp>
			</report>
			<report>
				<misses>1099700001</misses>
				<total>0</total>
				<timestamp>6928.465862</timestamp>
			</report>
			<report>
				<misses>1099800001</misses>
				<total>0</total>
				<timestamp>6929.093681</timestamp>
			</report>
			<report>
				<misses>1099900001</misses>
				<total>0</total>
				<timestamp>6929.721488</timestamp>
			</report>
			<report>
				<misses>1100000001</misses>
				<total>0</total>
				<timestamp>6930.349323</timestamp>
			</report>
			<report>
				<misses>1100100001</misses>
				<total>0</total>
				<timestamp>6930.976057</timestamp>
			</report>
			<report>
				<misses>1100200001</misses>
				<total>0</total>
				<timestamp>6931.603333</timestamp>
			</report>
			<report>
				<misses>1100300001</misses>
				<total>0</total>
				<timestamp>6932.230562</timestamp>
			</report>
			<report>
				<misses>1100400001</misses>
				<total>0</total>
				<timestamp>6932.857649</timestamp>
			</report>
			<report>
				<misses>1100500001</misses>
				<total>0</total>
				<timestamp>6933.484820</timestamp>
			</report>
			<report>
				<misses>1100600001</misses>
				<total>0</total>
				<timestamp>6934.112340</timestamp>
			</report>
			<report>
				<misses>1100700001</misses>
				<total>0</total>
				<timestamp>6934.738936</timestamp>
			</report>
			<report>
				<misses>1100800001</misses>
				<total>0</total>
				<timestamp>6935.366845</timestamp>
			</report>
			<report>
				<misses>1100900001</misses>
				<total>0</total>
				<timestamp>6935.995420</timestamp>
			</report>
			<report>
				<misses>1101000001</misses>
				<total>0</total>
				<timestamp>6936.622110</timestamp>
			</report>
			<report>
				<misses>1101100001</misses>
				<total>0</total>
				<timestamp>6937.256655</timestamp>
			</report>
			<report>
				<misses>1101200001</misses>
				<total>0</total>
				<timestamp>6937.883578</timestamp>
			</report>
			<report>
				<misses>1101300001</misses>
				<total>0</total>
				<timestamp>6938.511382</timestamp>
			</report>
			<report>
				<misses>1101400001</misses>
				<total>0</total>
				<timestamp>6939.140238</timestamp>
			</report>
			<report>
				<misses>1101500001</misses>
				<total>0</total>
				<timestamp>6939.768012</timestamp>
			</report>
			<report>
				<misses>1101600001</misses>
				<total>0</total>
				<timestamp>6940.396523</timestamp>
			</report>
			<report>
				<misses>1101700001</misses>
				<total>0</total>
				<timestamp>6941.024297</timestamp>
			</report>
			<report>
				<misses>1101800001</misses>
				<total>0</total>
				<timestamp>6941.651679</timestamp>
			</report>
			<report>
				<misses>1101900001</misses>
				<total>0</total>
				<timestamp>6942.278901</timestamp>
			</report>
			<report>
				<misses>1102000001</misses>
				<total>0</total>
				<timestamp>6942.905994</timestamp>
			</report>
			<report>
				<misses>1102100001</misses>
				<total>0</total>
				<timestamp>6943.533109</timestamp>
			</report>
			<report>
				<misses>1102200001</misses>
				<total>0</total>
				<timestamp>6944.160130</timestamp>
			</report>
			<report>
				<misses>1102300001</misses>
				<total>0</total>
				<timestamp>6944.787018</timestamp>
			</report>
			<report>
				<misses>1102400001</misses>
				<total>0</total>
				<timestamp>6945.413396</timestamp>
			</report>
			<report>
				<misses>1102500001</misses>
				<total>0</total>
				<timestamp>6946.041640</timestamp>
			</report>
			<report>
				<misses>1102600001</misses>
				<total>0</total>
				<timestamp>6946.669727</timestamp>
			</report>
			<report>
				<misses>1102700001</misses>
				<total>0</total>
				<timestamp>6947.297077</timestamp>
			</report>
			<report>
				<misses>1102800001</misses>
				<total>0</total>
				<timestamp>6947.925121</timestamp>
			</report>
			<report>
				<misses>1102900001</misses>
				<total>0</total>
				<timestamp>6948.553470</timestamp>
			</report>
			<report>
				<misses>1103000001</misses>
				<total>0</total>
				<timestamp>6949.181570</timestamp>
			</report>
			<report>
				<misses>1103100001</misses>
				<total>0</total>
				<timestamp>6949.809492</timestamp>
			</report>
			<report>
				<misses>1103200001</misses>
				<total>0</total>
				<timestamp>6950.438900</timestamp>
			</report>
			<report>
				<misses>1103300001</misses>
				<total>0</total>
				<timestamp>6951.067816</timestamp>
			</report>
			<report>
				<misses>1103400001</misses>
				<total>0</total>
				<timestamp>6951.697590</timestamp>
			</report>
			<report>
				<misses>1103500001</misses>
				<total>0</total>
				<timestamp>6952.326637</timestamp>
			</report>
			<report>
				<misses>1103600001</misses>
				<total>0</total>
				<timestamp>6952.956269</timestamp>
			</report>
			<report>
				<misses>1103700001</misses>
				<total>0</total>
				<timestamp>6953.586069</timestamp>
			</report>
			<report>
				<misses>1103800001</misses>
				<total>0</total>
				<timestamp>6954.214460</timestamp>
			</report>
			<report>
				<misses>1103900001</misses>
				<total>0</total>
				<timestamp>6954.842718</timestamp>
			</report>
			<report>
				<misses>1104000001</misses>
				<total>0</total>
				<timestamp>6955.469698</timestamp>
			</report>
			<report>
				<misses>1104100001</misses>
				<total>0</total>
				<timestamp>6956.096504</timestamp>
			</report>
			<report>
				<misses>1104200001</misses>
				<total>0</total>
				<timestamp>6956.723347</timestamp>
			</report>
			<report>
				<misses>1104300001</misses>
				<total>0</total>
				<timestamp>6957.350396</timestamp>
			</report>
			<report>
				<misses>1104400001</misses>
				<total>0</total>
				<timestamp>6957.977755</timestamp>
			</report>
			<report>
				<misses>1104500001</misses>
				<total>0</total>
				<timestamp>6958.605168</timestamp>
			</report>
			<report>
				<misses>1104600001</misses>
				<total>0</total>
				<timestamp>6959.231454</timestamp>
			</report>
			<report>
				<misses>1104700001</misses>
				<total>0</total>
				<timestamp>6959.857837</timestamp>
			</report>
			<report>
				<misses>1104800001</misses>
				<total>0</total>
				<timestamp>6960.486372</timestamp>
			</report>
			<report>
				<misses>1104900001</misses>
				<total>0</total>
				<timestamp>6961.114249</timestamp>
			</report>
			<report>
				<misses>1105000001</misses>
				<total>0</total>
				<timestamp>6961.742105</timestamp>
			</report>
			<report>
				<misses>1105100001</misses>
				<total>0</total>
				<timestamp>6962.369850</timestamp>
			</report>
			<report>
				<misses>1105200001</misses>
				<total>0</total>
				<timestamp>6962.997334</timestamp>
			</report>
			<report>
				<misses>1105300001</misses>
				<total>0</total>
				<timestamp>6963.624510</timestamp>
			</report>
			<report>
				<misses>1105400001</misses>
				<total>0</total>
				<timestamp>6964.251675</timestamp>
			</report>
			<report>
				<misses>1105500001</misses>
				<total>0</total>
				<timestamp>6964.879414</timestamp>
			</report>
			<report>
				<misses>1105600001</misses>
				<total>0</total>
				<timestamp>6965.508158</timestamp>
			</report>
			<report>
				<misses>1105700001</misses>
				<total>0</total>
				<timestamp>6966.135721</timestamp>
			</report>
			<report>
				<misses>1105800001</misses>
				<total>0</total>
				<timestamp>6966.763066</timestamp>
			</report>
			<report>
				<misses>1105900001</misses>
				<total>0</total>
				<timestamp>6967.389699</timestamp>
			</report>
			<report>
				<misses>1106000001</misses>
				<total>0</total>
				<timestamp>6968.016109</timestamp>
			</report>
			<report>
				<misses>1106100001</misses>
				<total>0</total>
				<timestamp>6968.642609</timestamp>
			</report>
			<report>
				<misses>1106200001</misses>
				<total>0</total>
				<timestamp>6969.269144</timestamp>
			</report>
			<report>
				<misses>1106300001</misses>
				<total>0</total>
				<timestamp>6969.896514</timestamp>
			</report>
			<report>
				<misses>1106400001</misses>
				<total>0</total>
				<timestamp>6970.524857</timestamp>
			</report>
			<report>
				<misses>1106500001</misses>
				<total>0</total>
				<timestamp>6971.153198</timestamp>
			</report>
			<report>
				<misses>1106600001</misses>
				<total>0</total>
				<timestamp>6971.780092</timestamp>
			</report>
			<report>
				<misses>1106700001</misses>
				<total>0</total>
				<timestamp>6972.407146</timestamp>
			</report>
			<report>
				<misses>1106800001</misses>
				<total>0</total>
				<timestamp>6973.034151</timestamp>
			</report>
			<report>
				<misses>1106900001</misses>
				<total>0</total>
				<timestamp>6973.661404</timestamp>
			</report>
			<report>
				<misses>1107000001</misses>
				<total>0</total>
				<timestamp>6974.287997</timestamp>
			</report>
			<report>
				<misses>1107100001</misses>
				<total>0</total>
				<timestamp>6974.915673</timestamp>
			</report>
			<report>
				<misses>1107200001</misses>
				<total>0</total>
				<timestamp>6975.543609</timestamp>
			</report>
			<report>
				<misses>1107300001</misses>
				<total>0</total>
				<timestamp>6976.171708</timestamp>
			</report>
			<report>
				<misses>1107400001</misses>
				<total>0</total>
				<timestamp>6976.799053</timestamp>
			</report>
			<report>
				<misses>1107500001</misses>
				<total>0</total>
				<timestamp>6977.426118</timestamp>
			</report>
			<report>
				<misses>1107600001</misses>
				<total>0</total>
				<timestamp>6978.053331</timestamp>
			</report>
			<report>
				<misses>1107700001</misses>
				<total>0</total>
				<timestamp>6978.680563</timestamp>
			</report>
			<report>
				<misses>1107800001</misses>
				<total>0</total>
				<timestamp>6979.307566</timestamp>
			</report>
			<report>
				<misses>1107900001</misses>
				<total>0</total>
				<timestamp>6979.935679</timestamp>
			</report>
			<report>
				<misses>1108000001</misses>
				<total>0</total>
				<timestamp>6980.562822</timestamp>
			</report>
			<report>
				<misses>1108100001</misses>
				<total>0</total>
				<timestamp>6981.189968</timestamp>
			</report>
			<report>
				<misses>1108200001</misses>
				<total>0</total>
				<timestamp>6981.816627</timestamp>
			</report>
			<report>
				<misses>1108300001</misses>
				<total>0</total>
				<timestamp>6982.443417</timestamp>
			</report>
			<report>
				<misses>1108400001</misses>
				<total>0</total>
				<timestamp>6983.070697</timestamp>
			</report>
			<report>
				<misses>1108500001</misses>
				<total>0</total>
				<timestamp>6983.699874</timestamp>
			</report>
			<report>
				<misses>1108600001</misses>
				<total>0</total>
				<timestamp>6984.327383</timestamp>
			</report>
			<report>
				<misses>1108700001</misses>
				<total>0</total>
				<timestamp>6984.958284</timestamp>
			</report>
			<report>
				<misses>1108800001</misses>
				<total>0</total>
				<timestamp>6985.585415</timestamp>
			</report>
			<report>
				<misses>1108900001</misses>
				<total>0</total>
				<timestamp>6986.214010</timestamp>
			</report>
			<report>
				<misses>1109000001</misses>
				<total>0</total>
				<timestamp>6986.842988</timestamp>
			</report>
			<report>
				<misses>1109100001</misses>
				<total>0</total>
				<timestamp>6987.472760</timestamp>
			</report>
			<report>
				<misses>1109200001</misses>
				<total>0</total>
				<timestamp>6988.101358</timestamp>
			</report>
			<report>
				<misses>1109300001</misses>
				<total>0</total>
				<timestamp>6988.730229</timestamp>
			</report>
			<report>
				<misses>1109400001</misses>
				<total>0</total>
				<timestamp>6989.359522</timestamp>
			</report>
			<report>
				<misses>1109500001</misses>
				<total>0</total>
				<timestamp>6989.989403</timestamp>
			</report>
			<report>
				<misses>1109600001</misses>
				<total>0</total>
				<timestamp>6990.619942</timestamp>
			</report>
			<report>
				<misses>1109700001</misses>
				<total>0</total>
				<timestamp>6991.250375</timestamp>
			</report>
			<report>
				<misses>1109800001</misses>
				<total>0</total>
				<timestamp>6991.880429</timestamp>
			</report>
			<report>
				<misses>1109900001</misses>
				<total>0</total>
				<timestamp>6992.511101</timestamp>
			</report>
			<report>
				<misses>1110000001</misses>
				<total>0</total>
				<timestamp>6993.141541</timestamp>
			</report>
			<report>
				<misses>1110100001</misses>
				<total>0</total>
				<timestamp>6993.771623</timestamp>
			</report>
			<report>
				<misses>1110200001</misses>
				<total>0</total>
				<timestamp>6994.401634</timestamp>
			</report>
			<report>
				<misses>1110300001</misses>
				<total>0</total>
				<timestamp>6995.031025</timestamp>
			</report>
			<report>
				<misses>1110400001</misses>
				<total>0</total>
				<timestamp>6995.660523</timestamp>
			</report>
			<report>
				<misses>1110500001</misses>
				<total>0</total>
				<timestamp>6996.289853</timestamp>
			</report>
			<report>
				<misses>1110600001</misses>
				<total>0</total>
				<timestamp>6996.921378</timestamp>
			</report>
			<report>
				<misses>1110700001</misses>
				<total>0</total>
				<timestamp>6997.550083</timestamp>
			</report>
			<report>
				<misses>1110800001</misses>
				<total>0</total>
				<timestamp>6998.179561</timestamp>
			</report>
			<report>
				<misses>1110900001</misses>
				<total>0</total>
				<timestamp>6998.808678</timestamp>
			</report>
			<report>
				<misses>1111000001</misses>
				<total>0</total>
				<timestamp>6999.438102</timestamp>
			</report>
			<report>
				<misses>1111100001</misses>
				<total>0</total>
				<timestamp>7000.067371</timestamp>
			</report>
			<report>
				<misses>1111200001</misses>
				<total>0</total>
				<timestamp>7000.696288</timestamp>
			</report>
			<report>
				<misses>1111300001</misses>
				<total>0</total>
				<timestamp>7001.325466</timestamp>
			</report>
			<report>
				<misses>1111400001</misses>
				<total>0</total>
				<timestamp>7001.953961</timestamp>
			</report>
			<report>
				<misses>1111500001</misses>
				<total>0</total>
				<timestamp>7002.583683</timestamp>
			</report>
			<report>
				<misses>1111600001</misses>
				<total>0</total>
				<timestamp>7003.212910</timestamp>
			</report>
			<report>
				<misses>1111700001</misses>
				<total>0</total>
				<timestamp>7003.842001</timestamp>
			</report>
			<report>
				<misses>1111800001</misses>
				<total>0</total>
				<timestamp>7004.471541</timestamp>
			</report>
			<report>
				<misses>1111900001</misses>
				<total>0</total>
				<timestamp>7005.100489</timestamp>
			</report>
			<report>
				<misses>1112000001</misses>
				<total>0</total>
				<timestamp>7005.729599</timestamp>
			</report>
			<report>
				<misses>1112100001</misses>
				<total>0</total>
				<timestamp>7006.358936</timestamp>
			</report>
			<report>
				<misses>1112200001</misses>
				<total>0</total>
				<timestamp>7006.988270</timestamp>
			</report>
			<report>
				<misses>1112300001</misses>
				<total>0</total>
				<timestamp>7007.617693</timestamp>
			</report>
			<report>
				<misses>1112400001</misses>
				<total>0</total>
				<timestamp>7008.246977</timestamp>
			</report>
			<report>
				<misses>1112500001</misses>
				<total>0</total>
				<timestamp>7008.876158</timestamp>
			</report>
			<report>
				<misses>1112600001</misses>
				<total>0</total>
				<timestamp>7009.505262</timestamp>
			</report>
			<report>
				<misses>1112700001</misses>
				<total>0</total>
				<timestamp>7010.134615</timestamp>
			</report>
			<report>
				<misses>1112800001</misses>
				<total>0</total>
				<timestamp>7010.763506</timestamp>
			</report>
			<report>
				<misses>1112900001</misses>
				<total>0</total>
				<timestamp>7011.392430</timestamp>
			</report>
			<report>
				<misses>1113000001</misses>
				<total>0</total>
				<timestamp>7012.021643</timestamp>
			</report>
			<report>
				<misses>1113100001</misses>
				<total>0</total>
				<timestamp>7012.651608</timestamp>
			</report>
			<report>
				<misses>1113200001</misses>
				<total>0</total>
				<timestamp>7013.281193</timestamp>
			</report>
			<report>
				<misses>1113300001</misses>
				<total>0</total>
				<timestamp>7013.910385</timestamp>
			</report>
			<report>
				<misses>1113400001</misses>
				<total>0</total>
				<timestamp>7014.539573</timestamp>
			</report>
			<report>
				<misses>1113500001</misses>
				<total>0</total>
				<timestamp>7015.169776</timestamp>
			</report>
			<report>
				<misses>1113600001</misses>
				<total>0</total>
				<timestamp>7015.802200</timestamp>
			</report>
			<report>
				<misses>1113700001</misses>
				<total>0</total>
				<timestamp>7016.431171</timestamp>
			</report>
			<report>
				<misses>1113800001</misses>
				<total>0</total>
				<timestamp>7017.060166</timestamp>
			</report>
			<report>
				<misses>1113900001</misses>
				<total>0</total>
				<timestamp>7017.689730</timestamp>
			</report>
			<report>
				<misses>1114000001</misses>
				<total>0</total>
				<timestamp>7018.318780</timestamp>
			</report>
			<report>
				<misses>1114100001</misses>
				<total>0</total>
				<timestamp>7018.947502</timestamp>
			</report>
			<report>
				<misses>1114200001</misses>
				<total>0</total>
				<timestamp>7019.576736</timestamp>
			</report>
			<report>
				<misses>1114300001</misses>
				<total>0</total>
				<timestamp>7020.206086</timestamp>
			</report>
			<report>
				<misses>1114400001</misses>
				<total>0</total>
				<timestamp>7020.835450</timestamp>
			</report>
			<report>
				<misses>1114500001</misses>
				<total>0</total>
				<timestamp>7021.464303</timestamp>
			</report>
			<report>
				<misses>1114600001</misses>
				<total>0</total>
				<timestamp>7022.093277</timestamp>
			</report>
			<report>
				<misses>1114700001</misses>
				<total>0</total>
				<timestamp>7022.721987</timestamp>
			</report>
			<report>
				<misses>1114800001</misses>
				<total>0</total>
				<timestamp>7023.350485</timestamp>
			</report>
			<report>
				<misses>1114900001</misses>
				<total>0</total>
				<timestamp>7023.980005</timestamp>
			</report>
			<report>
				<misses>1115000001</misses>
				<total>0</total>
				<timestamp>7024.609780</timestamp>
			</report>
			<report>
				<misses>1115100001</misses>
				<total>0</total>
				<timestamp>7025.239140</timestamp>
			</report>
			<report>
				<misses>1115200001</misses>
				<total>0</total>
				<timestamp>7025.868150</timestamp>
			</report>
			<report>
				<misses>1115300001</misses>
				<total>0</total>
				<timestamp>7026.497778</timestamp>
			</report>
			<report>
				<misses>1115400001</misses>
				<total>0</total>
				<timestamp>7027.127189</timestamp>
			</report>
			<report>
				<misses>1115500001</misses>
				<total>0</total>
				<timestamp>7027.756774</timestamp>
			</report>
			<report>
				<misses>1115600001</misses>
				<total>0</total>
				<timestamp>7028.384778</timestamp>
			</report>
			<report>
				<misses>1115700001</misses>
				<total>0</total>
				<timestamp>7029.013529</timestamp>
			</report>
			<report>
				<misses>1115800001</misses>
				<total>0</total>
				<timestamp>7029.642962</timestamp>
			</report>
			<report>
				<misses>1115900001</misses>
				<total>0</total>
				<timestamp>7030.272651</timestamp>
			</report>
			<report>
				<misses>1116000001</misses>
				<total>0</total>
				<timestamp>7030.902685</timestamp>
			</report>
			<report>
				<misses>1116100001</misses>
				<total>0</total>
				<timestamp>7031.532916</timestamp>
			</report>
			<report>
				<misses>1116200001</misses>
				<total>0</total>
				<timestamp>7032.163628</timestamp>
			</report>
			<report>
				<misses>1116300001</misses>
				<total>0</total>
				<timestamp>7032.793525</timestamp>
			</report>
			<report>
				<misses>1116400001</misses>
				<total>0</total>
				<timestamp>7033.423642</timestamp>
			</report>
			<report>
				<misses>1116500001</misses>
				<total>0</total>
				<timestamp>7034.053723</timestamp>
			</report>
			<report>
				<misses>1116600001</misses>
				<total>0</total>
				<timestamp>7034.682793</timestamp>
			</report>
			<report>
				<misses>1116700001</misses>
				<total>0</total>
				<timestamp>7035.311952</timestamp>
			</report>
			<report>
				<misses>1116800001</misses>
				<total>0</total>
				<timestamp>7035.941829</timestamp>
			</report>
			<report>
				<misses>1116900001</misses>
				<total>0</total>
				<timestamp>7036.571295</timestamp>
			</report>
			<report>
				<misses>1117000001</misses>
				<total>0</total>
				<timestamp>7037.200215</timestamp>
			</report>
			<report>
				<misses>1117100001</misses>
				<total>0</total>
				<timestamp>7037.828496</timestamp>
			</report>
			<report>
				<misses>1117200001</misses>
				<total>0</total>
				<timestamp>7038.456627</timestamp>
			</report>
			<report>
				<misses>1117300001</misses>
				<total>0</total>
				<timestamp>7039.085403</timestamp>
			</report>
			<report>
				<misses>1117400001</misses>
				<total>0</total>
				<timestamp>7039.714553</timestamp>
			</report>
			<report>
				<misses>1117500001</misses>
				<total>0</total>
				<timestamp>7040.343960</timestamp>
			</report>
			<report>
				<misses>1117600001</misses>
				<total>0</total>
				<timestamp>7040.972307</timestamp>
			</report>
			<report>
				<misses>1117700001</misses>
				<total>0</total>
				<timestamp>7041.601206</timestamp>
			</report>
			<report>
				<misses>1117800001</misses>
				<total>0</total>
				<timestamp>7042.230312</timestamp>
			</report>
			<report>
				<misses>1117900001</misses>
				<total>0</total>
				<timestamp>7042.859346</timestamp>
			</report>
			<report>
				<misses>1118000001</misses>
				<total>0</total>
				<timestamp>7043.488917</timestamp>
			</report>
			<report>
				<misses>1118100001</misses>
				<total>0</total>
				<timestamp>7044.117952</timestamp>
			</report>
			<report>
				<misses>1118200001</misses>
				<total>0</total>
				<timestamp>7044.747147</timestamp>
			</report>
			<report>
				<misses>1118300001</misses>
				<total>0</total>
				<timestamp>7045.376399</timestamp>
			</report>
			<report>
				<misses>1118400001</misses>
				<total>0</total>
				<timestamp>7046.009357</timestamp>
			</report>
			<report>
				<misses>1118500001</misses>
				<total>0</total>
				<timestamp>7046.638125</timestamp>
			</report>
			<report>
				<misses>1118600001</misses>
				<total>0</total>
				<timestamp>7047.266571</timestamp>
			</report>
			<report>
				<misses>1118700001</misses>
				<total>0</total>
				<timestamp>7047.895303</timestamp>
			</report>
			<report>
				<misses>1118800001</misses>
				<total>0</total>
				<timestamp>7048.524352</timestamp>
			</report>
			<report>
				<misses>1118900001</misses>
				<total>0</total>
				<timestamp>7049.153146</timestamp>
			</report>
			<report>
				<misses>1119000001</misses>
				<total>0</total>
				<timestamp>7049.781404</timestamp>
			</report>
			<report>
				<misses>1119100001</misses>
				<total>0</total>
				<timestamp>7050.409509</timestamp>
			</report>
			<report>
				<misses>1119200001</misses>
				<total>0</total>
				<timestamp>7051.038055</timestamp>
			</report>
			<report>
				<misses>1119300001</misses>
				<total>0</total>
				<timestamp>7051.666576</timestamp>
			</report>
			<report>
				<misses>1119400001</misses>
				<total>0</total>
				<timestamp>7052.295591</timestamp>
			</report>
			<report>
				<misses>1119500001</misses>
				<total>0</total>
				<timestamp>7052.924164</timestamp>
			</report>
			<report>
				<misses>1119600001</misses>
				<total>0</total>
				<timestamp>7053.554062</timestamp>
			</report>
			<report>
				<misses>1119700001</misses>
				<total>0</total>
				<timestamp>7054.183177</timestamp>
			</report>
			<report>
				<misses>1119800001</misses>
				<total>0</total>
				<timestamp>7054.811561</timestamp>
			</report>
			<report>
				<misses>1119900001</misses>
				<total>0</total>
				<timestamp>7055.440501</timestamp>
			</report>
			<report>
				<misses>1120000001</misses>
				<total>0</total>
				<timestamp>7056.069062</timestamp>
			</report>
			<report>
				<misses>1120100001</misses>
				<total>0</total>
				<timestamp>7056.698135</timestamp>
			</report>
			<report>
				<misses>1120200001</misses>
				<total>0</total>
				<timestamp>7057.326999</timestamp>
			</report>
			<report>
				<misses>1120300001</misses>
				<total>0</total>
				<timestamp>7057.955757</timestamp>
			</report>
			<report>
				<misses>1120400001</misses>
				<total>0</total>
				<timestamp>7058.584102</timestamp>
			</report>
			<report>
				<misses>1120500001</misses>
				<total>0</total>
				<timestamp>7059.213060</timestamp>
			</report>
			<report>
				<misses>1120600001</misses>
				<total>0</total>
				<timestamp>7059.842236</timestamp>
			</report>
			<report>
				<misses>1120700001</misses>
				<total>0</total>
				<timestamp>7060.471256</timestamp>
			</report>
			<report>
				<misses>1120800001</misses>
				<total>0</total>
				<timestamp>7061.099846</timestamp>
			</report>
			<report>
				<misses>1120900001</misses>
				<total>0</total>
				<timestamp>7061.728056</timestamp>
			</report>
			<report>
				<misses>1121000001</misses>
				<total>0</total>
				<timestamp>7062.356383</timestamp>
			</report>
			<report>
				<misses>1121100001</misses>
				<total>0</total>
				<timestamp>7062.984776</timestamp>
			</report>
			<report>
				<misses>1121200001</misses>
				<total>0</total>
				<timestamp>7063.613007</timestamp>
			</report>
			<report>
				<misses>1121300001</misses>
				<total>0</total>
				<timestamp>7064.241756</timestamp>
			</report>
			<report>
				<misses>1121400001</misses>
				<total>0</total>
				<timestamp>7064.870219</timestamp>
			</report>
			<report>
				<misses>1121500001</misses>
				<total>0</total>
				<timestamp>7065.499250</timestamp>
			</report>
			<report>
				<misses>1121600001</misses>
				<total>0</total>
				<timestamp>7066.127903</timestamp>
			</report>
			<report>
				<misses>1121700001</misses>
				<total>0</total>
				<timestamp>7066.756404</timestamp>
			</report>
			<report>
				<misses>1121800001</misses>
				<total>0</total>
				<timestamp>7067.385112</timestamp>
			</report>
			<report>
				<misses>1121900001</misses>
				<total>0</total>
				<timestamp>7068.014429</timestamp>
			</report>
			<report>
				<misses>1122000001</misses>
				<total>0</total>
				<timestamp>7068.643107</timestamp>
			</report>
			<report>
				<misses>1122100001</misses>
				<total>0</total>
				<timestamp>7069.271576</timestamp>
			</report>
			<report>
				<misses>1122200001</misses>
				<total>0</total>
				<timestamp>7069.900143</timestamp>
			</report>
			<report>
				<misses>1122300001</misses>
				<total>0</total>
				<timestamp>7070.529914</timestamp>
			</report>
			<report>
				<misses>1122400001</misses>
				<total>0</total>
				<timestamp>7071.159648</timestamp>
			</report>
			<report>
				<misses>1122500001</misses>
				<total>0</total>
				<timestamp>7071.789847</timestamp>
			</report>
			<report>
				<misses>1122600001</misses>
				<total>0</total>
				<timestamp>7072.419325</timestamp>
			</report>
			<report>
				<misses>1122700001</misses>
				<total>0</total>
				<timestamp>7073.049038</timestamp>
			</report>
			<report>
				<misses>1122800001</misses>
				<total>0</total>
				<timestamp>7073.678245</timestamp>
			</report>
			<report>
				<misses>1122900001</misses>
				<total>0</total>
				<timestamp>7074.307385</timestamp>
			</report>
			<report>
				<misses>1123000001</misses>
				<total>0</total>
				<timestamp>7074.940792</timestamp>
			</report>
			<report>
				<misses>1123100001</misses>
				<total>0</total>
				<timestamp>7075.570060</timestamp>
			</report>
			<report>
				<misses>1123200001</misses>
				<total>0</total>
				<timestamp>7076.199069</timestamp>
			</report>
			<report>
				<misses>1123300001</misses>
				<total>0</total>
				<timestamp>7076.827905</timestamp>
			</report>
			<report>
				<misses>1123400001</misses>
				<total>0</total>
				<timestamp>7077.456659</timestamp>
			</report>
			<report>
				<misses>1123500001</misses>
				<total>0</total>
				<timestamp>7078.085033</timestamp>
			</report>
			<report>
				<misses>1123600001</misses>
				<total>0</total>
				<timestamp>7078.716227</timestamp>
			</report>
			<report>
				<misses>1123700001</misses>
				<total>0</total>
				<timestamp>7079.345242</timestamp>
			</report>
			<report>
				<misses>1123800001</misses>
				<total>0</total>
				<timestamp>7079.973410</timestamp>
			</report>
			<report>
				<misses>1123900001</misses>
				<total>0</total>
				<timestamp>7080.602506</timestamp>
			</report>
			<report>
				<misses>1124000001</misses>
				<total>0</total>
				<timestamp>7081.231266</timestamp>
			</report>
			<report>
				<misses>1124100001</misses>
				<total>0</total>
				<timestamp>7081.859658</timestamp>
			</report>
			<report>
				<misses>1124200001</misses>
				<total>0</total>
				<timestamp>7082.488220</timestamp>
			</report>
			<report>
				<misses>1124300001</misses>
				<total>0</total>
				<timestamp>7083.116937</timestamp>
			</report>
			<report>
				<misses>1124400001</misses>
				<total>0</total>
				<timestamp>7083.748801</timestamp>
			</report>
			<report>
				<misses>1124500001</misses>
				<total>0</total>
				<timestamp>7084.377615</timestamp>
			</report>
			<report>
				<misses>1124600001</misses>
				<total>0</total>
				<timestamp>7085.006097</timestamp>
			</report>
			<report>
				<misses>1124700001</misses>
				<total>0</total>
				<timestamp>7085.634737</timestamp>
			</report>
			<report>
				<misses>1124800001</misses>
				<total>0</total>
				<timestamp>7086.263581</timestamp>
			</report>
			<report>
				<misses>1124900001</misses>
				<total>0</total>
				<timestamp>7086.892063</timestamp>
			</report>
			<report>
				<misses>1125000001</misses>
				<total>0</total>
				<timestamp>7087.520391</timestamp>
			</report>
			<report>
				<misses>1125100001</misses>
				<total>0</total>
				<timestamp>7088.149411</timestamp>
			</report>
			<report>
				<misses>1125200001</misses>
				<total>0</total>
				<timestamp>7088.778901</timestamp>
			</report>
			<report>
				<misses>1125300001</misses>
				<total>0</total>
				<timestamp>7089.407527</timestamp>
			</report>
			<report>
				<misses>1125400001</misses>
				<total>0</total>
				<timestamp>7090.036635</timestamp>
			</report>
			<report>
				<misses>1125500001</misses>
				<total>0</total>
				<timestamp>7090.665544</timestamp>
			</report>
			<report>
				<misses>1125600001</misses>
				<total>0</total>
				<timestamp>7091.294603</timestamp>
			</report>
			<report>
				<misses>1125700001</misses>
				<total>0</total>
				<timestamp>7091.927419</timestamp>
			</report>
			<report>
				<misses>1125800001</misses>
				<total>0</total>
				<timestamp>7092.556344</timestamp>
			</report>
			<report>
				<misses>1125900001</misses>
				<total>0</total>
				<timestamp>7093.185176</timestamp>
			</report>
			<report>
				<misses>1126000001</misses>
				<total>0</total>
				<timestamp>7093.814371</timestamp>
			</report>
			<report>
				<misses>1126100001</misses>
				<total>0</total>
				<timestamp>7094.443114</timestamp>
			</report>
			<report>
				<misses>1126200001</misses>
				<total>0</total>
				<timestamp>7095.072278</timestamp>
			</report>
			<report>
				<misses>1126300001</misses>
				<total>0</total>
				<timestamp>7095.701407</timestamp>
			</report>
			<report>
				<misses>1126400001</misses>
				<total>0</total>
				<timestamp>7096.330426</timestamp>
			</report>
			<report>
				<misses>1126500001</misses>
				<total>0</total>
				<timestamp>7096.958860</timestamp>
			</report>
			<report>
				<misses>1126600001</misses>
				<total>0</total>
				<timestamp>7097.588044</timestamp>
			</report>
			<report>
				<misses>1126700001</misses>
				<total>0</total>
				<timestamp>7098.216756</timestamp>
			</report>
			<report>
				<misses>1126800001</misses>
				<total>0</total>
				<timestamp>7098.850856</timestamp>
			</report>
			<report>
				<misses>1126900001</misses>
				<total>0</total>
				<timestamp>7099.479901</timestamp>
			</report>
			<report>
				<misses>1127000001</misses>
				<total>0</total>
				<timestamp>7100.108422</timestamp>
			</report>
			<report>
				<misses>1127100001</misses>
				<total>0</total>
				<timestamp>7100.737596</timestamp>
			</report>
			<report>
				<misses>1127200001</misses>
				<total>0</total>
				<timestamp>7101.366778</timestamp>
			</report>
			<report>
				<misses>1127300001</misses>
				<total>0</total>
				<timestamp>7101.995414</timestamp>
			</report>
			<report>
				<misses>1127400001</misses>
				<total>0</total>
				<timestamp>7102.624118</timestamp>
			</report>
			<report>
				<misses>1127500001</misses>
				<total>0</total>
				<timestamp>7103.252538</timestamp>
			</report>
			<report>
				<misses>1127600001</misses>
				<total>0</total>
				<timestamp>7103.886160</timestamp>
			</report>
			<report>
				<misses>1127700001</misses>
				<total>0</total>
				<timestamp>7104.514623</timestamp>
			</report>
			<report>
				<misses>1127800001</misses>
				<total>0</total>
				<timestamp>7105.149483</timestamp>
			</report>
			<report>
				<misses>1127900001</misses>
				<total>0</total>
				<timestamp>7105.781113</timestamp>
			</report>
			<report>
				<misses>1128000001</misses>
				<total>0</total>
				<timestamp>7106.409645</timestamp>
			</report>
			<report>
				<misses>1128100001</misses>
				<total>0</total>
				<timestamp>7107.037498</timestamp>
			</report>
			<report>
				<misses>1128200001</misses>
				<total>0</total>
				<timestamp>7107.665662</timestamp>
			</report>
			<report>
				<misses>1128300001</misses>
				<total>0</total>
				<timestamp>7108.293798</timestamp>
			</report>
			<report>
				<misses>1128400001</misses>
				<total>0</total>
				<timestamp>7108.926346</timestamp>
			</report>
			<report>
				<misses>1128500001</misses>
				<total>0</total>
				<timestamp>7109.554347</timestamp>
			</report>
			<report>
				<misses>1128600001</misses>
				<total>0</total>
				<timestamp>7110.187933</timestamp>
			</report>
			<report>
				<misses>1128700001</misses>
				<total>0</total>
				<timestamp>7110.817347</timestamp>
			</report>
			<report>
				<misses>1128800001</misses>
				<total>0</total>
				<timestamp>7111.446618</timestamp>
			</report>
			<report>
				<misses>1128900001</misses>
				<total>0</total>
				<timestamp>7112.075860</timestamp>
			</report>
			<report>
				<misses>1129000001</misses>
				<total>0</total>
				<timestamp>7112.704806</timestamp>
			</report>
			<report>
				<misses>1129100001</misses>
				<total>0</total>
				<timestamp>7113.334767</timestamp>
			</report>
			<report>
				<misses>1129200001</misses>
				<total>0</total>
				<timestamp>7113.971209</timestamp>
			</report>
			<report>
				<misses>1129300001</misses>
				<total>0</total>
				<timestamp>7114.600073</timestamp>
			</report>
			<report>
				<misses>1129400001</misses>
				<total>0</total>
				<timestamp>7115.236498</timestamp>
			</report>
			<report>
				<misses>1129500001</misses>
				<total>0</total>
				<timestamp>7115.865697</timestamp>
			</report>
			<report>
				<misses>1129600001</misses>
				<total>0</total>
				<timestamp>7116.494908</timestamp>
			</report>
			<report>
				<misses>1129700001</misses>
				<total>0</total>
				<timestamp>7117.131745</timestamp>
			</report>
			<report>
				<misses>1129800001</misses>
				<total>0</total>
				<timestamp>7117.761276</timestamp>
			</report>
			<report>
				<misses>1129900001</misses>
				<total>0</total>
				<timestamp>7118.393143</timestamp>
			</report>
			<report>
				<misses>1130000001</misses>
				<total>0</total>
				<timestamp>7119.021599</timestamp>
			</report>
			<report>
				<misses>1130100001</misses>
				<total>0</total>
				<timestamp>7119.649407</timestamp>
			</report>
			<report>
				<misses>1130200001</misses>
				<total>0</total>
				<timestamp>7120.277928</timestamp>
			</report>
			<report>
				<misses>1130300001</misses>
				<total>0</total>
				<timestamp>7120.906485</timestamp>
			</report>
			<report>
				<misses>1130400001</misses>
				<total>0</total>
				<timestamp>7121.534399</timestamp>
			</report>
			<report>
				<misses>1130500001</misses>
				<total>0</total>
				<timestamp>7122.162577</timestamp>
			</report>
			<report>
				<misses>1130600001</misses>
				<total>0</total>
				<timestamp>7122.790322</timestamp>
			</report>
			<report>
				<misses>1130700001</misses>
				<total>0</total>
				<timestamp>7123.418716</timestamp>
			</report>
			<report>
				<misses>1130800001</misses>
				<total>0</total>
				<timestamp>7124.047813</timestamp>
			</report>
			<report>
				<misses>1130900001</misses>
				<total>0</total>
				<timestamp>7124.675621</timestamp>
			</report>
			<report>
				<misses>1131000001</misses>
				<total>0</total>
				<timestamp>7125.302854</timestamp>
			</report>
			<report>
				<misses>1131100001</misses>
				<total>0</total>
				<timestamp>7125.930635</timestamp>
			</report>
			<report>
				<misses>1131200001</misses>
				<total>0</total>
				<timestamp>7126.558278</timestamp>
			</report>
			<report>
				<misses>1131300001</misses>
				<total>0</total>
				<timestamp>7127.185855</timestamp>
			</report>
			<report>
				<misses>1131400001</misses>
				<total>0</total>
				<timestamp>7127.813009</timestamp>
			</report>
			<report>
				<misses>1131500001</misses>
				<total>0</total>
				<timestamp>7128.440646</timestamp>
			</report>
			<report>
				<misses>1131600001</misses>
				<total>0</total>
				<timestamp>7129.068663</timestamp>
			</report>
			<report>
				<misses>1131700001</misses>
				<total>0</total>
				<timestamp>7129.696575</timestamp>
			</report>
			<report>
				<misses>1131800001</misses>
				<total>0</total>
				<timestamp>7130.324840</timestamp>
			</report>
			<report>
				<misses>1131900001</misses>
				<total>0</total>
				<timestamp>7130.953036</timestamp>
			</report>
			<report>
				<misses>1132000001</misses>
				<total>0</total>
				<timestamp>7131.581245</timestamp>
			</report>
			<report>
				<misses>1132100001</misses>
				<total>0</total>
				<timestamp>7132.209214</timestamp>
			</report>
			<report>
				<misses>1132200001</misses>
				<total>0</total>
				<timestamp>7132.836910</timestamp>
			</report>
			<report>
				<misses>1132300001</misses>
				<total>0</total>
				<timestamp>7133.464555</timestamp>
			</report>
			<report>
				<misses>1132400001</misses>
				<total>0</total>
				<timestamp>7134.092381</timestamp>
			</report>
			<report>
				<misses>1132500001</misses>
				<total>0</total>
				<timestamp>7134.718338</timestamp>
			</report>
			<report>
				<misses>1132600001</misses>
				<total>0</total>
				<timestamp>7135.345019</timestamp>
			</report>
			<report>
				<misses>1132700001</misses>
				<total>0</total>
				<timestamp>7135.971310</timestamp>
			</report>
			<report>
				<misses>1132800001</misses>
				<total>0</total>
				<timestamp>7136.597056</timestamp>
			</report>
			<report>
				<misses>1132900001</misses>
				<total>0</total>
				<timestamp>7137.222435</timestamp>
			</report>
			<report>
				<misses>1133000001</misses>
				<total>0</total>
				<timestamp>7137.847301</timestamp>
			</report>
			<report>
				<misses>1133100001</misses>
				<total>0</total>
				<timestamp>7138.472537</timestamp>
			</report>
			<report>
				<misses>1133200001</misses>
				<total>0</total>
				<timestamp>7139.097331</timestamp>
			</report>
			<report>
				<misses>1133300001</misses>
				<total>0</total>
				<timestamp>7139.722586</timestamp>
			</report>
			<report>
				<misses>1133400001</misses>
				<total>0</total>
				<timestamp>7140.347726</timestamp>
			</report>
			<report>
				<misses>1133500001</misses>
				<total>0</total>
				<timestamp>7140.973401</timestamp>
			</report>
			<report>
				<misses>1133600001</misses>
				<total>0</total>
				<timestamp>7141.597768</timestamp>
			</report>
			<report>
				<misses>1133700001</misses>
				<total>0</total>
				<timestamp>7142.221500</timestamp>
			</report>
			<report>
				<misses>1133800001</misses>
				<total>0</total>
				<timestamp>7142.846583</timestamp>
			</report>
			<report>
				<misses>1133900001</misses>
				<total>0</total>
				<timestamp>7143.472686</timestamp>
			</report>
			<report>
				<misses>1134000001</misses>
				<total>0</total>
				<timestamp>7144.097329</timestamp>
			</report>
			<report>
				<misses>1134100001</misses>
				<total>0</total>
				<timestamp>7144.722556</timestamp>
			</report>
			<report>
				<misses>1134200001</misses>
				<total>0</total>
				<timestamp>7145.348437</timestamp>
			</report>
			<report>
				<misses>1134300001</misses>
				<total>0</total>
				<timestamp>7145.975223</timestamp>
			</report>
			<report>
				<misses>1134400001</misses>
				<total>0</total>
				<timestamp>7146.601605</timestamp>
			</report>
			<report>
				<misses>1134500001</misses>
				<total>0</total>
				<timestamp>7147.227557</timestamp>
			</report>
			<report>
				<misses>1134600001</misses>
				<total>0</total>
				<timestamp>7147.861612</timestamp>
			</report>
			<report>
				<misses>1134700001</misses>
				<total>0</total>
				<timestamp>7148.497716</timestamp>
			</report>
			<report>
				<misses>1134800001</misses>
				<total>0</total>
				<timestamp>7149.135101</timestamp>
			</report>
			<report>
				<misses>1134900001</misses>
				<total>0</total>
				<timestamp>7149.767990</timestamp>
			</report>
			<report>
				<misses>1135000001</misses>
				<total>0</total>
				<timestamp>7150.435659</timestamp>
			</report>
			<report>
				<misses>1135100001</misses>
				<total>0</total>
				<timestamp>7151.069230</timestamp>
			</report>
			<report>
				<misses>1135200001</misses>
				<total>0</total>
				<timestamp>7151.702588</timestamp>
			</report>
			<report>
				<misses>1135300001</misses>
				<total>0</total>
				<timestamp>7152.336397</timestamp>
			</report>
			<report>
				<misses>1135400001</misses>
				<total>0</total>
				<timestamp>7152.979270</timestamp>
			</report>
			<report>
				<misses>1135500001</misses>
				<total>0</total>
				<timestamp>7153.620318</timestamp>
			</report>
			<report>
				<misses>1135600001</misses>
				<total>0</total>
				<timestamp>7154.262505</timestamp>
			</report>
			<report>
				<misses>1135700001</misses>
				<total>0</total>
				<timestamp>7154.906658</timestamp>
			</report>
			<report>
				<misses>1135800001</misses>
				<total>0</total>
				<timestamp>7155.544936</timestamp>
			</report>
			<report>
				<misses>1135900001</misses>
				<total>0</total>
				<timestamp>7156.180979</timestamp>
			</report>
			<report>
				<misses>1136000001</misses>
				<total>0</total>
				<timestamp>7156.816303</timestamp>
			</report>
			<report>
				<misses>1136100001</misses>
				<total>0</total>
				<timestamp>7157.449967</timestamp>
			</report>
			<report>
				<misses>1136200001</misses>
				<total>0</total>
				<timestamp>7158.085470</timestamp>
			</report>
			<report>
				<misses>1136300001</misses>
				<total>0</total>
				<timestamp>7158.722891</timestamp>
			</report>
			<report>
				<misses>1136400001</misses>
				<total>0</total>
				<timestamp>7159.355238</timestamp>
			</report>
			<report>
				<misses>1136500001</misses>
				<total>0</total>
				<timestamp>7159.987327</timestamp>
			</report>
			<report>
				<misses>1136600001</misses>
				<total>0</total>
				<timestamp>7160.619305</timestamp>
			</report>
			<report>
				<misses>1136700001</misses>
				<total>0</total>
				<timestamp>7161.252986</timestamp>
			</report>
			<report>
				<misses>1136800001</misses>
				<total>0</total>
				<timestamp>7161.887013</timestamp>
			</report>
			<report>
				<misses>1136900001</misses>
				<total>0</total>
				<timestamp>7162.524384</timestamp>
			</report>
			<report>
				<misses>1137000001</misses>
				<total>0</total>
				<timestamp>7163.156125</timestamp>
			</report>
			<report>
				<misses>1137100001</misses>
				<total>0</total>
				<timestamp>7163.788975</timestamp>
			</report>
			<report>
				<misses>1137200001</misses>
				<total>0</total>
				<timestamp>7164.423312</timestamp>
			</report>
			<report>
				<misses>1137300001</misses>
				<total>0</total>
				<timestamp>7165.085380</timestamp>
			</report>
			<report>
				<misses>1137400001</misses>
				<total>0</total>
				<timestamp>7165.718991</timestamp>
			</report>
			<report>
				<misses>1137500001</misses>
				<total>0</total>
				<timestamp>7166.373097</timestamp>
			</report>
			<report>
				<misses>1137600001</misses>
				<total>0</total>
				<timestamp>7167.005735</timestamp>
			</report>
			<report>
				<misses>1137700001</misses>
				<total>0</total>
				<timestamp>7167.642113</timestamp>
			</report>
			<report>
				<misses>1137800001</misses>
				<total>0</total>
				<timestamp>7168.289910</timestamp>
			</report>
			<report>
				<misses>1137900001</misses>
				<total>0</total>
				<timestamp>7168.923594</timestamp>
			</report>
			<report>
				<misses>1138000001</misses>
				<total>0</total>
				<timestamp>7169.561842</timestamp>
			</report>
			<report>
				<misses>1138100001</misses>
				<total>0</total>
				<timestamp>7170.202884</timestamp>
			</report>
			<report>
				<misses>1138200001</misses>
				<total>0</total>
				<timestamp>7170.836376</timestamp>
			</report>
			<report>
				<misses>1138300001</misses>
				<total>0</total>
				<timestamp>7171.462473</timestamp>
			</report>
			<report>
				<misses>1138400001</misses>
				<total>0</total>
				<timestamp>7172.097757</timestamp>
			</report>
			<report>
				<misses>1138500001</misses>
				<total>0</total>
				<timestamp>7172.755217</timestamp>
			</report>
			<report>
				<misses>1138600001</misses>
				<total>0</total>
				<timestamp>7173.381356</timestamp>
			</report>
			<report>
				<misses>1138700001</misses>
				<total>0</total>
				<timestamp>7174.009906</timestamp>
			</report>
			<report>
				<misses>1138800001</misses>
				<total>0</total>
				<timestamp>7174.640397</timestamp>
			</report>
			<report>
				<misses>1138900001</misses>
				<total>0</total>
				<timestamp>7175.277207</timestamp>
			</report>
			<report>
				<misses>1139000001</misses>
				<total>0</total>
				<timestamp>7175.904938</timestamp>
			</report>
			<report>
				<misses>1139100001</misses>
				<total>0</total>
				<timestamp>7176.542438</timestamp>
			</report>
			<report>
				<misses>1139200001</misses>
				<total>0</total>
				<timestamp>7177.168955</timestamp>
			</report>
			<report>
				<misses>1139300001</misses>
				<total>0</total>
				<timestamp>7177.794589</timestamp>
			</report>
			<report>
				<misses>1139400001</misses>
				<total>0</total>
				<timestamp>7178.426727</timestamp>
			</report>
			<report>
				<misses>1139500001</misses>
				<total>0</total>
				<timestamp>7179.054123</timestamp>
			</report>
			<report>
				<misses>1139600001</misses>
				<total>0</total>
				<timestamp>7179.683348</timestamp>
			</report>
			<report>
				<misses>1139700001</misses>
				<total>0</total>
				<timestamp>7180.328109</timestamp>
			</report>
			<report>
				<misses>1139800001</misses>
				<total>0</total>
				<timestamp>7180.966020</timestamp>
			</report>
			<report>
				<misses>1139900001</misses>
				<total>0</total>
				<timestamp>7181.605258</timestamp>
			</report>
			<report>
				<misses>1140000001</misses>
				<total>0</total>
				<timestamp>7182.237532</timestamp>
			</report>
			<report>
				<misses>1140100001</misses>
				<total>0</total>
				<timestamp>7182.873764</timestamp>
			</report>
			<report>
				<misses>1140200001</misses>
				<total>0</total>
				<timestamp>7183.499064</timestamp>
			</report>
			<report>
				<misses>1140300001</misses>
				<total>0</total>
				<timestamp>7184.125576</timestamp>
			</report>
			<report>
				<misses>1140400001</misses>
				<total>0</total>
				<timestamp>7184.763501</timestamp>
			</report>
			<report>
				<misses>1140500001</misses>
				<total>0</total>
				<timestamp>7185.396093</timestamp>
			</report>
			<report>
				<misses>1140600001</misses>
				<total>0</total>
				<timestamp>7186.025146</timestamp>
			</report>
			<report>
				<misses>1140700001</misses>
				<total>0</total>
				<timestamp>7186.662403</timestamp>
			</report>
			<report>
				<misses>1140800001</misses>
				<total>0</total>
				<timestamp>7187.288975</timestamp>
			</report>
			<report>
				<misses>1140900001</misses>
				<total>0</total>
				<timestamp>7187.921945</timestamp>
			</report>
			<report>
				<misses>1141000001</misses>
				<total>0</total>
				<timestamp>7188.549434</timestamp>
			</report>
			<report>
				<misses>1141100001</misses>
				<total>0</total>
				<timestamp>7189.202798</timestamp>
			</report>
			<report>
				<misses>1141200001</misses>
				<total>0</total>
				<timestamp>7189.832988</timestamp>
			</report>
			<report>
				<misses>1141300001</misses>
				<total>0</total>
				<timestamp>7190.475914</timestamp>
			</report>
			<report>
				<misses>1141400001</misses>
				<total>0</total>
				<timestamp>7191.120938</timestamp>
			</report>
			<report>
				<misses>1141500001</misses>
				<total>0</total>
				<timestamp>7191.747186</timestamp>
			</report>
			<report>
				<misses>1141600001</misses>
				<total>0</total>
				<timestamp>7192.372210</timestamp>
			</report>
			<report>
				<misses>1141700001</misses>
				<total>0</total>
				<timestamp>7193.014197</timestamp>
			</report>
			<report>
				<misses>1141800001</misses>
				<total>0</total>
				<timestamp>7193.640193</timestamp>
			</report>
			<report>
				<misses>1141900001</misses>
				<total>0</total>
				<timestamp>7194.280723</timestamp>
			</report>
			<report>
				<misses>1142000001</misses>
				<total>0</total>
				<timestamp>7194.910309</timestamp>
			</report>
			<report>
				<misses>1142100001</misses>
				<total>0</total>
				<timestamp>7195.536694</timestamp>
			</report>
			<report>
				<misses>1142200001</misses>
				<total>0</total>
				<timestamp>7196.176757</timestamp>
			</report>
			<report>
				<misses>1142300001</misses>
				<total>0</total>
				<timestamp>7196.812733</timestamp>
			</report>
			<report>
				<misses>1142400001</misses>
				<total>0</total>
				<timestamp>7197.432403</timestamp>
			</report>
			<report>
				<misses>1142500001</misses>
				<total>0</total>
				<timestamp>7198.069090</timestamp>
			</report>
			<report>
				<misses>1142600001</misses>
				<total>0</total>
				<timestamp>7198.704056</timestamp>
			</report>
			<report>
				<misses>1142700001</misses>
				<total>0</total>
				<timestamp>7199.330662</timestamp>
			</report>
		</query>
	</custom>
	<ethtool_statistic>
		<rx_packets>
			<start>2358977371</start>
			<end>2650096695</end>
		</rx_packets>
		<tx_packets>
			<start>2072581291</start>
			<end>3215373283</end>
		</tx_packets>
		<rx_dropped>
			<start>0</start>
			<end>0</end>
		</rx_dropped>
		<tx_dropped>
			<start>0</start>
			<end>0</end>
		</tx_dropped>
		<collisions>
			<start>0</start>
			<end>0</end>
		</collisions>
		<port_tx_errors>
			<start>0</start>
			<end>0</end>
		</port_tx_errors>
		<port_rx_dropped>
			<start>0</start>
			<end>0</end>
		</port_rx_dropped>
		<port_tx_dropped_link_down>
			<start>0</start>
			<end>0</end>
		</port_tx_dropped_link_down>
	</ethtool_statistic>
	<ip_statistic>
		<mtu>
			<start>9000</start>
			<end>9000</end>
		</mtu>
		<rx_bytes>
			<start>7602652200105</start>
			<end>7638168905196</end>
		</rx_bytes>
		<rx_packets>
			<start>2358977467</start>
			<end>2650096695</end>
		</rx_packets>
		<rx_errors>
			<start>0</start>
			<end>0</end>
		</rx_errors>
		<rx_dropped>
			<start>0</start>
			<end>0</end>
		</rx_dropped>
		<rx_missed>
			<start>0</start>
			<end>0</end>
		</rx_missed>
		<rx_mcast>
			<start>128</start>
			<end>140</end>
		</rx_mcast>
		<tx_bytes>
			<start>7774030469899</start>
			<end>7913449978049</end>
		</tx_bytes>
		<tx_packets>
			<start>2072581291</start>
			<end>3215373283</end>
		</tx_packets>
		<tx_errors>
			<start>0</start>
			<end>0</end>
		</tx_errors>
		<tx_dropped>
			<start>0</start>
			<end>0</end>
		</tx_dropped>
		<tx_carrier>
			<start>0</start>
			<end>0</end>
		</tx_carrier>
		<tx_collisions>
			<start>0</start>
			<end>0</end>
		</tx_collisions>
	</ip_statistic>
	<netstat_statistic>
		<udp_pkg_rec>
			<start>1683509441</start>
			<end>2266595424</end>
		</udp_pkg_rec>
		<udp_pkg_snt>
			<start>1673802739</start>
			<end>3950160675</end>
		</udp_pkg_snt>
		<udp_rec_err>
			<start>0</start>
			<end>0</end>
		</udp_rec_err>
		<udp_rec_buf_err>
			<start>0</start>
			<end>0</end>
		</udp_rec_buf_err>
		<udp_snt_buf_err>
			<start>0</start>
			<end>0</end>
		</udp_snt_buf_err>
	</netstat_statistic>
</test_results>
