<?xml version="1.0"?>
<test_results>
	<status>STATUS_SUCCESS</status>
	<custom>
		<num_loss>3977003</num_loss>
		<num_total>5000001</num_total>
		<num_misses>11</num_misses>
		<elapsed_time>849.993556</elapsed_time>
		<query>
			<report>
				<misses>100000</misses>
				<total>59225</total>
				<timestamp>17.000681</timestamp>
			</report>
			<report>
				<misses>200000</misses>
				<total>133762</total>
				<timestamp>34.001199</timestamp>
			</report>
			<report>
				<misses>300000</misses>
				<total>233761</total>
				<timestamp>51.001019</timestamp>
			</report>
			<report>
				<misses>400000</misses>
				<total>304080</total>
				<timestamp>68.000979</timestamp>
			</report>
			<report>
				<misses>500000</misses>
				<total>403684</total>
				<timestamp>85.000734</timestamp>
			</report>
			<report>
				<misses>600000</misses>
				<total>468284</total>
				<timestamp>102.000517</timestamp>
			</report>
			<report>
				<misses>700000</misses>
				<total>525524</total>
				<timestamp>119.000377</timestamp>
			</report>
			<report>
				<misses>800000</misses>
				<total>625523</total>
				<timestamp>136.000235</timestamp>
			</report>
			<report>
				<misses>900000</misses>
				<total>709744</total>
				<timestamp>153.000006</timestamp>
			</report>
			<report>
				<misses>1000000</misses>
				<total>789876</total>
				<timestamp>169.999979</timestamp>
			</report>
			<report>
				<misses>1100000</misses>
				<total>877837</total>
				<timestamp>186.999702</timestamp>
			</report>
			<report>
				<misses>1200000</misses>
				<total>945318</total>
				<timestamp>203.999671</timestamp>
			</report>
			<report>
				<misses>1300000</misses>
				<total>1045317</total>
				<timestamp>220.999540</timestamp>
			</report>
			<report>
				<misses>1400000</misses>
				<total>1123710</total>
				<timestamp>237.999343</timestamp>
			</report>
			<report>
				<misses>1500000</misses>
				<total>1211935</total>
				<timestamp>254.999135</timestamp>
			</report>
			<report>
				<misses>1600000</misses>
				<total>1296513</total>
				<timestamp>271.999018</timestamp>
			</report>
			<report>
				<misses>1700000</misses>
				<total>1377902</total>
				<timestamp>288.998890</timestamp>
			</report>
			<report>
				<misses>1800000</misses>
				<total>1477901</total>
				<timestamp>305.998651</timestamp>
			</report>
			<report>
				<misses>1900000</misses>
				<total>1544489</total>
				<timestamp>322.998490</timestamp>
			</report>
			<report>
				<misses>2000000</misses>
				<total>1633381</total>
				<timestamp>339.998314</timestamp>
			</report>
			<report>
				<misses>2100000</misses>
				<total>1696554</total>
				<timestamp>356.998123</timestamp>
			</report>
			<report>
				<misses>2200000</misses>
				<total>1789227</total>
				<timestamp>373.997948</timestamp>
			</report>
			<report>
				<misses>2300000</misses>
				<total>1867771</total>
				<timestamp>390.997953</timestamp>
			</report>
			<report>
				<misses>2400000</misses>
				<total>1941538</total>
				<timestamp>407.997789</timestamp>
			</report>
			<report>
				<misses>2500000</misses>
				<total>2035584</total>
				<timestamp>424.997718</timestamp>
			</report>
			<report>
				<misses>2600000</misses>
				<total>2108280</total>
				<timestamp>441.997620</timestamp>
			</report>
			<report>
				<misses>2700000</misses>
				<total>2180941</total>
				<timestamp>458.997448</timestamp>
			</report>
			<report>
				<misses>2800000</misses>
				<total>2277928</total>
				<timestamp>475.997288</timestamp>
			</report>
			<report>
				<misses>2900000</misses>
				<total>2354328</total>
				<timestamp>492.997151</timestamp>
			</report>
			<report>
				<misses>3000000</misses>
				<total>2440282</total>
				<timestamp>509.996919</timestamp>
			</report>
			<report>
				<misses>3100000</misses>
				<total>2490037</total>
				<timestamp>526.996769</timestamp>
			</report>
			<report>
				<misses>3200000</misses>
				<total>2558858</total>
				<timestamp>543.996659</timestamp>
			</report>
			<report>
				<misses>3300000</misses>
				<total>2658857</total>
				<timestamp>560.996569</timestamp>
			</report>
			<report>
				<misses>3400000</misses>
				<total>2728675</total>
				<timestamp>577.996268</timestamp>
			</report>
			<report>
				<misses>3500000</misses>
				<total>2803675</total>
				<timestamp>594.996206</timestamp>
			</report>
			<report>
				<misses>3600000</misses>
				<total>2896222</total>
				<timestamp>611.995921</timestamp>
			</report>
			<report>
				<misses>3700000</misses>
				<total>2938713</total>
				<timestamp>628.995779</timestamp>
			</report>
			<report>
				<misses>3800000</misses>
				<total>3038712</total>
				<timestamp>645.995641</timestamp>
			</report>
			<report>
				<misses>3900000</misses>
				<total>3073260</total>
				<timestamp>662.995519</timestamp>
			</report>
			<report>
				<misses>4000000</misses>
				<total>3162126</total>
				<timestamp>679.995255</timestamp>
			</report>
			<report>
				<misses>4100000</misses>
				<total>3231619</total>
				<timestamp>696.995129</timestamp>
			</report>
			<report>
				<misses>4200000</misses>
				<total>3311759</total>
				<timestamp>713.994968</timestamp>
			</report>
			<report>
				<misses>4300000</misses>
				<total>3411758</total>
				<timestamp>730.994738</timestamp>
			</report>
			<report>
				<misses>4400000</misses>
				<total>3484479</total>
				<timestamp>747.994557</timestamp>
			</report>
			<report>
				<misses>4500000</misses>
				<total>3574921</total>
				<timestamp>764.994486</timestamp>
			</report>
			<report>
				<misses>4600000</misses>
				<total>3662244</total>
				<timestamp>781.994224</timestamp>
			</report>
			<report>
				<misses>4700000</misses>
				<total>3716040</total>
				<timestamp>798.994106</timestamp>
			</report>
			<report>
				<misses>4800000</misses>
				<total>3816039</total>
				<timestamp>815.993879</timestamp>
			</report>
			<report>
				<misses>4900000</misses>
				<total>3892770</total>
				<timestamp>832.993748</timestamp>
			</report>
			<report>
				<misses>5000000</misses>
				<total>3977004</total>
				<timestamp>849.993534</timestamp>
			</report>
		</query>
	</custom>
	<ethtool_statistic>
		<rx_packets>
			<start>3924862425</start>
			<end>3964668990</end>
		</rx_packets>
		<tx_packets>
			<start>5130405227</start>
			<end>5194290781</end>
		</tx_packets>
		<rx_dropped>
			<start>0</start>
			<end>0</end>
		</rx_dropped>
		<tx_dropped>
			<start>0</start>
			<end>0</end>
		</tx_dropped>
		<collisions>
			<start>0</start>
			<end>0</end>
		</collisions>
		<port_tx_errors>
			<start>0</start>
			<end>0</end>
		</port_tx_errors>
		<port_rx_dropped>
			<start>0</start>
			<end>0</end>
		</port_rx_dropped>
		<port_tx_dropped_link_down>
			<start>0</start>
			<end>0</end>
		</port_tx_dropped_link_down>
	</ethtool_statistic>
	<ip_statistic>
		<mtu>
			<start>9000</start>
			<end>9000</end>
		</mtu>
		<rx_bytes>
			<start>35283156916757</start>
			<end>35641010679293</end>
		</rx_bytes>
		<rx_packets>
			<start>3924862570</start>
			<end>3964669133</end>
		</rx_packets>
		<rx_errors>
			<start>0</start>
			<end>0</end>
		</rx_errors>
		<rx_dropped>
			<start>0</start>
			<end>0</end>
		</rx_dropped>
		<rx_missed>
			<start>0</start>
			<end>0</end>
		</rx_missed>
		<rx_mcast>
			<start>1116</start>
			<end>1121</end>
		</rx_mcast>
		<tx_bytes>
			<start>33221438442736</start>
			<end>33762565755476</end>
		</tx_bytes>
		<tx_packets>
			<start>5130405394</start>
			<end>5194290836</end>
		</tx_packets>
		<tx_errors>
			<start>0</start>
			<end>0</end>
		</tx_errors>
		<tx_dropped>
			<start>0</start>
			<end>0</end>
		</tx_dropped>
		<tx_carrier>
			<start>0</start>
			<end>0</end>
		</tx_carrier>
		<tx_collisions>
			<start>0</start>
			<end>0</end>
		</tx_collisions>
	</ip_statistic>
	<netstat_statistic>
		<udp_pkg_rec>
			<start>3708030420</start>
			<end>3745975704</end>
		</udp_pkg_rec>
		<udp_pkg_snt>
			<start>4061417584</start>
			<end>4090309855</end>
		</udp_pkg_snt>
		<udp_rec_err>
			<start>217249870</start>
			<end>219115068</end>
		</udp_rec_err>
		<udp_rec_buf_err>
			<start>217249870</start>
			<end>219115068</end>
		</udp_rec_buf_err>
		<udp_snt_buf_err>
			<start>0</start>
			<end>0</end>
		</udp_snt_buf_err>
	</netstat_statistic>
</test_results>
