<?xml version="1.0"?>
<test_results>
	<status>STATUS_SUCCESS</status>
	<custom>
		<num_loss>414</num_loss>
		<num_total>5000001</num_total>
		<num_misses>1</num_misses>
		<elapsed_time>1649.984109</elapsed_time>
		<query>
			<report>
				<misses>100000</misses>
				<total>14</total>
				<timestamp>32.999907</timestamp>
			</report>
			<report>
				<misses>200000</misses>
				<total>22</total>
				<timestamp>65.999812</timestamp>
			</report>
			<report>
				<misses>300000</misses>
				<total>27</total>
				<timestamp>98.999490</timestamp>
			</report>
			<report>
				<misses>400000</misses>
				<total>36</total>
				<timestamp>131.999188</timestamp>
			</report>
			<report>
				<misses>500000</misses>
				<total>57</total>
				<timestamp>164.998831</timestamp>
			</report>
			<report>
				<misses>600000</misses>
				<total>67</total>
				<timestamp>197.998536</timestamp>
			</report>
			<report>
				<misses>700000</misses>
				<total>70</total>
				<timestamp>230.998182</timestamp>
			</report>
			<report>
				<misses>800000</misses>
				<total>79</total>
				<timestamp>263.997838</timestamp>
			</report>
			<report>
				<misses>900000</misses>
				<total>81</total>
				<timestamp>296.997535</timestamp>
			</report>
			<report>
				<misses>1000000</misses>
				<total>97</total>
				<timestamp>329.997196</timestamp>
			</report>
			<report>
				<misses>1100000</misses>
				<total>108</total>
				<timestamp>362.996867</timestamp>
			</report>
			<report>
				<misses>1200000</misses>
				<total>113</total>
				<timestamp>395.996526</timestamp>
			</report>
			<report>
				<misses>1300000</misses>
				<total>122</total>
				<timestamp>428.996325</timestamp>
			</report>
			<report>
				<misses>1400000</misses>
				<total>139</total>
				<timestamp>461.995860</timestamp>
			</report>
			<report>
				<misses>1500000</misses>
				<total>151</total>
				<timestamp>494.995540</timestamp>
			</report>
			<report>
				<misses>1600000</misses>
				<total>159</total>
				<timestamp>527.995213</timestamp>
			</report>
			<report>
				<misses>1700000</misses>
				<total>166</total>
				<timestamp>560.994894</timestamp>
			</report>
			<report>
				<misses>1800000</misses>
				<total>172</total>
				<timestamp>593.994571</timestamp>
			</report>
			<report>
				<misses>1900000</misses>
				<total>183</total>
				<timestamp>626.994209</timestamp>
			</report>
			<report>
				<misses>2000000</misses>
				<total>189</total>
				<timestamp>659.993910</timestamp>
			</report>
			<report>
				<misses>2100000</misses>
				<total>197</total>
				<timestamp>692.993588</timestamp>
			</report>
			<report>
				<misses>2200000</misses>
				<total>204</total>
				<timestamp>725.993254</timestamp>
			</report>
			<report>
				<misses>2300000</misses>
				<total>209</total>
				<timestamp>758.992921</timestamp>
			</report>
			<report>
				<misses>2400000</misses>
				<total>216</total>
				<timestamp>791.992608</timestamp>
			</report>
			<report>
				<misses>2500000</misses>
				<total>225</total>
				<timestamp>824.992285</timestamp>
			</report>
			<report>
				<misses>2600000</misses>
				<total>234</total>
				<timestamp>857.991916</timestamp>
			</report>
			<report>
				<misses>2700000</misses>
				<total>238</total>
				<timestamp>890.991609</timestamp>
			</report>
			<report>
				<misses>2800000</misses>
				<total>249</total>
				<timestamp>923.991267</timestamp>
			</report>
			<report>
				<misses>2900000</misses>
				<total>260</total>
				<timestamp>956.990979</timestamp>
			</report>
			<report>
				<misses>3000000</misses>
				<total>272</total>
				<timestamp>989.990583</timestamp>
			</report>
			<report>
				<misses>3100000</misses>
				<total>275</total>
				<timestamp>1022.990279</timestamp>
			</report>
			<report>
				<misses>3200000</misses>
				<total>282</total>
				<timestamp>1055.989952</timestamp>
			</report>
			<report>
				<misses>3300000</misses>
				<total>295</total>
				<timestamp>1088.989588</timestamp>
			</report>
			<report>
				<misses>3400000</misses>
				<total>300</total>
				<timestamp>1121.989255</timestamp>
			</report>
			<report>
				<misses>3500000</misses>
				<total>304</total>
				<timestamp>1154.988965</timestamp>
			</report>
			<report>
				<misses>3600000</misses>
				<total>313</total>
				<timestamp>1187.988604</timestamp>
			</report>
			<report>
				<misses>3700000</misses>
				<total>322</total>
				<timestamp>1220.988266</timestamp>
			</report>
			<report>
				<misses>3800000</misses>
				<total>332</total>
				<timestamp>1253.987965</timestamp>
			</report>
			<report>
				<misses>3900000</misses>
				<total>336</total>
				<timestamp>1286.987645</timestamp>
			</report>
			<report>
				<misses>4000000</misses>
				<total>341</total>
				<timestamp>1319.987295</timestamp>
			</report>
			<report>
				<misses>4100000</misses>
				<total>348</total>
				<timestamp>1352.987001</timestamp>
			</report>
			<report>
				<misses>4200000</misses>
				<total>354</total>
				<timestamp>1385.986610</timestamp>
			</report>
			<report>
				<misses>4300000</misses>
				<total>356</total>
				<timestamp>1418.986292</timestamp>
			</report>
			<report>
				<misses>4400000</misses>
				<total>371</total>
				<timestamp>1451.985978</timestamp>
			</report>
			<report>
				<misses>4500000</misses>
				<total>384</total>
				<timestamp>1484.985622</timestamp>
			</report>
			<report>
				<misses>4600000</misses>
				<total>385</total>
				<timestamp>1517.985299</timestamp>
			</report>
			<report>
				<misses>4700000</misses>
				<total>396</total>
				<timestamp>1550.984974</timestamp>
			</report>
			<report>
				<misses>4800000</misses>
				<total>397</total>
				<timestamp>1583.984634</timestamp>
			</report>
			<report>
				<misses>4900000</misses>
				<total>399</total>
				<timestamp>1616.984317</timestamp>
			</report>
			<report>
				<misses>5000000</misses>
				<total>415</total>
				<timestamp>1649.984082</timestamp>
			</report>
		</query>
	</custom>
	<ethtool_statistic>
		<rx_packets>
			<start>4847154211</start>
			<end>4924209802</end>
		</rx_packets>
		<tx_packets>
			<start>6323898532</start>
			<end>6410135138</end>
		</tx_packets>
		<rx_dropped>
			<start>250</start>
			<end>250</end>
		</rx_dropped>
		<tx_dropped>
			<start>0</start>
			<end>0</end>
		</tx_dropped>
		<collisions>
			<start>0</start>
			<end>0</end>
		</collisions>
		<port_tx_errors>
			<start>0</start>
			<end>0</end>
		</port_tx_errors>
		<port_rx_dropped>
			<start>0</start>
			<end>0</end>
		</port_rx_dropped>
		<port_tx_dropped_link_down>
			<start>0</start>
			<end>0</end>
		</port_tx_dropped_link_down>
	</ethtool_statistic>
	<ip_statistic>
		<mtu>
			<start>9000</start>
			<end>9000</end>
		</mtu>
		<rx_bytes>
			<start>43574424590027</start>
			<end>44267146758250</end>
		</rx_bytes>
		<rx_packets>
			<start>4847154322</start>
			<end>4924209925</end>
		</rx_packets>
		<rx_errors>
			<start>0</start>
			<end>0</end>
		</rx_errors>
		<rx_dropped>
			<start>250</start>
			<end>250</end>
		</rx_dropped>
		<rx_missed>
			<start>0</start>
			<end>0</end>
		</rx_missed>
		<rx_mcast>
			<start>1400</start>
			<end>1430</end>
		</rx_mcast>
		<tx_bytes>
			<start>43419672256924</start>
			<end>44161733396446</end>
		</tx_bytes>
		<tx_packets>
			<start>6323898608</start>
			<end>6410135179</end>
		</tx_packets>
		<tx_errors>
			<start>0</start>
			<end>0</end>
		</tx_errors>
		<tx_dropped>
			<start>0</start>
			<end>0</end>
		</tx_dropped>
		<tx_carrier>
			<start>0</start>
			<end>0</end>
		</tx_carrier>
		<tx_collisions>
			<start>0</start>
			<end>0</end>
		</tx_collisions>
	</ip_statistic>
	<netstat_statistic>
		<udp_pkg_rec>
			<start>4583507934</start>
			<end>4657120548</end>
		</udp_pkg_rec>
		<udp_pkg_snt>
			<start>4695065952</start>
			<end>4746315395</end>
		</udp_pkg_snt>
		<udp_rec_err>
			<start>264157548</start>
			<end>267608813</end>
		</udp_rec_err>
		<udp_rec_buf_err>
			<start>264157548</start>
			<end>267608813</end>
		</udp_rec_buf_err>
		<udp_snt_buf_err>
			<start>0</start>
			<end>0</end>
		</udp_snt_buf_err>
	</netstat_statistic>
</test_results>
