<?xml version="1.0"?>
<test_results>
	<status>STATUS_SUCCESS</status>
	<custom>
		<num_loss>-13</num_loss>
		<num_total>578645160</num_total>
		<num_misses>861090556</num_misses>
		<elapsed_time>3599.324827</elapsed_time>
		<query>
			<report>
				<misses>100001</misses>
				<total>-13</total>
				<timestamp>0.589942</timestamp>
			</report>
			<report>
				<misses>200001</misses>
				<total>-13</total>
				<timestamp>1.178610</timestamp>
			</report>
			<report>
				<misses>300001</misses>
				<total>-13</total>
				<timestamp>1.786756</timestamp>
			</report>
			<report>
				<misses>400001</misses>
				<total>-13</total>
				<timestamp>2.421808</timestamp>
			</report>
			<report>
				<misses>500001</misses>
				<total>-13</total>
				<timestamp>3.053339</timestamp>
			</report>
			<report>
				<misses>600001</misses>
				<total>-13</total>
				<timestamp>3.686960</timestamp>
			</report>
			<report>
				<misses>700001</misses>
				<total>-13</total>
				<timestamp>4.317514</timestamp>
			</report>
			<report>
				<misses>800001</misses>
				<total>-13</total>
				<timestamp>4.952561</timestamp>
			</report>
			<report>
				<misses>900001</misses>
				<total>-13</total>
				<timestamp>5.601178</timestamp>
			</report>
			<report>
				<misses>1000001</misses>
				<total>-13</total>
				<timestamp>6.253545</timestamp>
			</report>
			<report>
				<misses>1100001</misses>
				<total>-13</total>
				<timestamp>6.904965</timestamp>
			</report>
			<report>
				<misses>1200001</misses>
				<total>-13</total>
				<timestamp>7.542722</timestamp>
			</report>
			<report>
				<misses>1300001</misses>
				<total>-13</total>
				<timestamp>8.187727</timestamp>
			</report>
			<report>
				<misses>1400001</misses>
				<total>-13</total>
				<timestamp>8.829046</timestamp>
			</report>
			<report>
				<misses>1500001</misses>
				<total>-13</total>
				<timestamp>9.466738</timestamp>
			</report>
			<report>
				<misses>1600001</misses>
				<total>-13</total>
				<timestamp>10.106429</timestamp>
			</report>
			<report>
				<misses>1700001</misses>
				<total>-13</total>
				<timestamp>10.752839</timestamp>
			</report>
			<report>
				<misses>1800001</misses>
				<total>-13</total>
				<timestamp>11.402981</timestamp>
			</report>
			<report>
				<misses>1900001</misses>
				<total>-13</total>
				<timestamp>12.024193</timestamp>
			</report>
			<report>
				<misses>2000001</misses>
				<total>-13</total>
				<timestamp>12.646904</timestamp>
			</report>
			<report>
				<misses>2100001</misses>
				<total>-13</total>
				<timestamp>13.267873</timestamp>
			</report>
			<report>
				<misses>2200001</misses>
				<total>-13</total>
				<timestamp>13.894571</timestamp>
			</report>
			<report>
				<misses>2300001</misses>
				<total>-13</total>
				<timestamp>14.514260</timestamp>
			</report>
			<report>
				<misses>2400001</misses>
				<total>-13</total>
				<timestamp>15.145201</timestamp>
			</report>
			<report>
				<misses>2500001</misses>
				<total>-13</total>
				<timestamp>15.765906</timestamp>
			</report>
			<report>
				<misses>2600001</misses>
				<total>-13</total>
				<timestamp>16.385747</timestamp>
			</report>
			<report>
				<misses>2700001</misses>
				<total>-13</total>
				<timestamp>17.006602</timestamp>
			</report>
			<report>
				<misses>2800001</misses>
				<total>-13</total>
				<timestamp>17.627502</timestamp>
			</report>
			<report>
				<misses>2900001</misses>
				<total>-13</total>
				<timestamp>18.242104</timestamp>
			</report>
			<report>
				<misses>3000001</misses>
				<total>-13</total>
				<timestamp>18.858396</timestamp>
			</report>
			<report>
				<misses>3100001</misses>
				<total>-13</total>
				<timestamp>19.476013</timestamp>
			</report>
			<report>
				<misses>3200001</misses>
				<total>-13</total>
				<timestamp>20.093025</timestamp>
			</report>
			<report>
				<misses>3300001</misses>
				<total>-13</total>
				<timestamp>20.714597</timestamp>
			</report>
			<report>
				<misses>3400001</misses>
				<total>-13</total>
				<timestamp>21.333106</timestamp>
			</report>
			<report>
				<misses>3500001</misses>
				<total>-13</total>
				<timestamp>21.948412</timestamp>
			</report>
			<report>
				<misses>3600001</misses>
				<total>-13</total>
				<timestamp>22.564366</timestamp>
			</report>
			<report>
				<misses>3700001</misses>
				<total>-13</total>
				<timestamp>23.179809</timestamp>
			</report>
			<report>
				<misses>3800001</misses>
				<total>-13</total>
				<timestamp>23.806078</timestamp>
			</report>
			<report>
				<misses>3900001</misses>
				<total>-13</total>
				<timestamp>24.424290</timestamp>
			</report>
			<report>
				<misses>4000001</misses>
				<total>-13</total>
				<timestamp>25.043447</timestamp>
			</report>
			<report>
				<misses>4100001</misses>
				<total>-13</total>
				<timestamp>25.663591</timestamp>
			</report>
			<report>
				<misses>4200001</misses>
				<total>-13</total>
				<timestamp>26.285676</timestamp>
			</report>
			<report>
				<misses>4300001</misses>
				<total>-13</total>
				<timestamp>26.909651</timestamp>
			</report>
			<report>
				<misses>4400001</misses>
				<total>-13</total>
				<timestamp>27.524584</timestamp>
			</report>
			<report>
				<misses>4500001</misses>
				<total>-13</total>
				<timestamp>28.151905</timestamp>
			</report>
			<report>
				<misses>4600001</misses>
				<total>-13</total>
				<timestamp>28.768237</timestamp>
			</report>
			<report>
				<misses>4700001</misses>
				<total>-13</total>
				<timestamp>29.387183</timestamp>
			</report>
			<report>
				<misses>4800001</misses>
				<total>-13</total>
				<timestamp>29.998455</timestamp>
			</report>
			<report>
				<misses>4900001</misses>
				<total>-13</total>
				<timestamp>30.606820</timestamp>
			</report>
			<report>
				<misses>5000001</misses>
				<total>-13</total>
				<timestamp>31.225475</timestamp>
			</report>
			<report>
				<misses>5100001</misses>
				<total>-13</total>
				<timestamp>31.840159</timestamp>
			</report>
			<report>
				<misses>5200001</misses>
				<total>-13</total>
				<timestamp>32.453394</timestamp>
			</report>
			<report>
				<misses>5300001</misses>
				<total>-13</total>
				<timestamp>33.068978</timestamp>
			</report>
			<report>
				<misses>5400001</misses>
				<total>-13</total>
				<timestamp>33.687504</timestamp>
			</report>
			<report>
				<misses>5500001</misses>
				<total>-13</total>
				<timestamp>34.312891</timestamp>
			</report>
			<report>
				<misses>5600001</misses>
				<total>-13</total>
				<timestamp>34.927289</timestamp>
			</report>
			<report>
				<misses>5700001</misses>
				<total>-13</total>
				<timestamp>35.544550</timestamp>
			</report>
			<report>
				<misses>5800001</misses>
				<total>-13</total>
				<timestamp>36.158064</timestamp>
			</report>
			<report>
				<misses>5900001</misses>
				<total>-13</total>
				<timestamp>36.771440</timestamp>
			</report>
			<report>
				<misses>6000001</misses>
				<total>-13</total>
				<timestamp>37.393111</timestamp>
			</report>
			<report>
				<misses>6100001</misses>
				<total>-13</total>
				<timestamp>38.016889</timestamp>
			</report>
			<report>
				<misses>6200001</misses>
				<total>-13</total>
				<timestamp>38.640720</timestamp>
			</report>
			<report>
				<misses>6300001</misses>
				<total>-13</total>
				<timestamp>39.260801</timestamp>
			</report>
			<report>
				<misses>6400001</misses>
				<total>-13</total>
				<timestamp>39.887471</timestamp>
			</report>
			<report>
				<misses>6500001</misses>
				<total>-13</total>
				<timestamp>40.503815</timestamp>
			</report>
			<report>
				<misses>6600001</misses>
				<total>-13</total>
				<timestamp>41.117057</timestamp>
			</report>
			<report>
				<misses>6700001</misses>
				<total>-13</total>
				<timestamp>41.735340</timestamp>
			</report>
			<report>
				<misses>6800001</misses>
				<total>-13</total>
				<timestamp>42.353233</timestamp>
			</report>
			<report>
				<misses>6900001</misses>
				<total>-13</total>
				<timestamp>42.975515</timestamp>
			</report>
			<report>
				<misses>7000001</misses>
				<total>-13</total>
				<timestamp>43.597167</timestamp>
			</report>
			<report>
				<misses>7100001</misses>
				<total>-13</total>
				<timestamp>44.218012</timestamp>
			</report>
			<report>
				<misses>7200001</misses>
				<total>-13</total>
				<timestamp>44.836553</timestamp>
			</report>
			<report>
				<misses>7300001</misses>
				<total>-13</total>
				<timestamp>45.459733</timestamp>
			</report>
			<report>
				<misses>7400001</misses>
				<total>-13</total>
				<timestamp>46.070676</timestamp>
			</report>
			<report>
				<misses>7500001</misses>
				<total>-13</total>
				<timestamp>46.681974</timestamp>
			</report>
			<report>
				<misses>7600001</misses>
				<total>-13</total>
				<timestamp>47.300077</timestamp>
			</report>
			<report>
				<misses>7700001</misses>
				<total>-13</total>
				<timestamp>47.917844</timestamp>
			</report>
			<report>
				<misses>7800001</misses>
				<total>-13</total>
				<timestamp>48.538977</timestamp>
			</report>
			<report>
				<misses>7900001</misses>
				<total>-13</total>
				<timestamp>49.159583</timestamp>
			</report>
			<report>
				<misses>8000001</misses>
				<total>-13</total>
				<timestamp>49.773847</timestamp>
			</report>
			<report>
				<misses>8100001</misses>
				<total>-13</total>
				<timestamp>50.395609</timestamp>
			</report>
			<report>
				<misses>8200001</misses>
				<total>-13</total>
				<timestamp>51.011195</timestamp>
			</report>
			<report>
				<misses>8300001</misses>
				<total>-13</total>
				<timestamp>51.636385</timestamp>
			</report>
			<report>
				<misses>8400001</misses>
				<total>-13</total>
				<timestamp>52.253440</timestamp>
			</report>
			<report>
				<misses>8500001</misses>
				<total>-13</total>
				<timestamp>52.874691</timestamp>
			</report>
			<report>
				<misses>8600001</misses>
				<total>-13</total>
				<timestamp>53.503592</timestamp>
			</report>
			<report>
				<misses>8700001</misses>
				<total>-13</total>
				<timestamp>54.131793</timestamp>
			</report>
			<report>
				<misses>8800001</misses>
				<total>-13</total>
				<timestamp>54.749700</timestamp>
			</report>
			<report>
				<misses>8900001</misses>
				<total>-13</total>
				<timestamp>55.372497</timestamp>
			</report>
			<report>
				<misses>9000001</misses>
				<total>-13</total>
				<timestamp>55.994656</timestamp>
			</report>
			<report>
				<misses>9100001</misses>
				<total>-13</total>
				<timestamp>56.612331</timestamp>
			</report>
			<report>
				<misses>9200001</misses>
				<total>-13</total>
				<timestamp>57.236884</timestamp>
			</report>
			<report>
				<misses>9300001</misses>
				<total>-13</total>
				<timestamp>57.865611</timestamp>
			</report>
			<report>
				<misses>9400001</misses>
				<total>-13</total>
				<timestamp>58.487771</timestamp>
			</report>
			<report>
				<misses>9500001</misses>
				<total>-13</total>
				<timestamp>59.105417</timestamp>
			</report>
			<report>
				<misses>9600001</misses>
				<total>-13</total>
				<timestamp>59.723438</timestamp>
			</report>
			<report>
				<misses>9700001</misses>
				<total>-13</total>
				<timestamp>60.344157</timestamp>
			</report>
			<report>
				<misses>9800001</misses>
				<total>-13</total>
				<timestamp>60.961787</timestamp>
			</report>
			<report>
				<misses>9900001</misses>
				<total>-13</total>
				<timestamp>61.578780</timestamp>
			</report>
			<report>
				<misses>10000001</misses>
				<total>-13</total>
				<timestamp>62.198082</timestamp>
			</report>
			<report>
				<misses>10100001</misses>
				<total>-13</total>
				<timestamp>62.809923</timestamp>
			</report>
			<report>
				<misses>10200001</misses>
				<total>-13</total>
				<timestamp>63.428148</timestamp>
			</report>
			<report>
				<misses>10300001</misses>
				<total>-13</total>
				<timestamp>64.044563</timestamp>
			</report>
			<report>
				<misses>10400001</misses>
				<total>-13</total>
				<timestamp>64.666283</timestamp>
			</report>
			<report>
				<misses>10500001</misses>
				<total>-13</total>
				<timestamp>65.290048</timestamp>
			</report>
			<report>
				<misses>10600001</misses>
				<total>-13</total>
				<timestamp>65.910138</timestamp>
			</report>
			<report>
				<misses>10700001</misses>
				<total>-13</total>
				<timestamp>66.533734</timestamp>
			</report>
			<report>
				<misses>10800001</misses>
				<total>-13</total>
				<timestamp>67.149747</timestamp>
			</report>
			<report>
				<misses>10900001</misses>
				<total>-13</total>
				<timestamp>67.769655</timestamp>
			</report>
			<report>
				<misses>11000001</misses>
				<total>-13</total>
				<timestamp>68.385604</timestamp>
			</report>
			<report>
				<misses>11100001</misses>
				<total>-13</total>
				<timestamp>69.006453</timestamp>
			</report>
			<report>
				<misses>11200001</misses>
				<total>-13</total>
				<timestamp>69.621755</timestamp>
			</report>
			<report>
				<misses>11300001</misses>
				<total>-13</total>
				<timestamp>70.236973</timestamp>
			</report>
			<report>
				<misses>11400001</misses>
				<total>-13</total>
				<timestamp>70.856775</timestamp>
			</report>
			<report>
				<misses>11500001</misses>
				<total>-13</total>
				<timestamp>71.474631</timestamp>
			</report>
			<report>
				<misses>11600001</misses>
				<total>-13</total>
				<timestamp>72.090556</timestamp>
			</report>
			<report>
				<misses>11700001</misses>
				<total>-13</total>
				<timestamp>72.707339</timestamp>
			</report>
			<report>
				<misses>11800001</misses>
				<total>-13</total>
				<timestamp>73.326570</timestamp>
			</report>
			<report>
				<misses>11900001</misses>
				<total>-13</total>
				<timestamp>73.945090</timestamp>
			</report>
			<report>
				<misses>12000001</misses>
				<total>-13</total>
				<timestamp>74.566983</timestamp>
			</report>
			<report>
				<misses>12100001</misses>
				<total>-13</total>
				<timestamp>75.182946</timestamp>
			</report>
			<report>
				<misses>12200001</misses>
				<total>-13</total>
				<timestamp>75.798826</timestamp>
			</report>
			<report>
				<misses>12300001</misses>
				<total>-13</total>
				<timestamp>76.416679</timestamp>
			</report>
			<report>
				<misses>12400001</misses>
				<total>-13</total>
				<timestamp>77.034927</timestamp>
			</report>
			<report>
				<misses>12500001</misses>
				<total>-13</total>
				<timestamp>77.654720</timestamp>
			</report>
			<report>
				<misses>12600001</misses>
				<total>-13</total>
				<timestamp>78.274615</timestamp>
			</report>
			<report>
				<misses>12700001</misses>
				<total>-13</total>
				<timestamp>78.892570</timestamp>
			</report>
			<report>
				<misses>12800001</misses>
				<total>-13</total>
				<timestamp>79.514807</timestamp>
			</report>
			<report>
				<misses>12900001</misses>
				<total>-13</total>
				<timestamp>80.136920</timestamp>
			</report>
			<report>
				<misses>13000001</misses>
				<total>-13</total>
				<timestamp>80.752470</timestamp>
			</report>
			<report>
				<misses>13100001</misses>
				<total>-13</total>
				<timestamp>81.374466</timestamp>
			</report>
			<report>
				<misses>13200001</misses>
				<total>-13</total>
				<timestamp>81.992475</timestamp>
			</report>
			<report>
				<misses>13300001</misses>
				<total>-13</total>
				<timestamp>82.612674</timestamp>
			</report>
			<report>
				<misses>13400001</misses>
				<total>-13</total>
				<timestamp>83.233670</timestamp>
			</report>
			<report>
				<misses>13500001</misses>
				<total>-13</total>
				<timestamp>83.853515</timestamp>
			</report>
			<report>
				<misses>13600001</misses>
				<total>-13</total>
				<timestamp>84.477326</timestamp>
			</report>
			<report>
				<misses>13700001</misses>
				<total>-13</total>
				<timestamp>85.097041</timestamp>
			</report>
			<report>
				<misses>13800001</misses>
				<total>-13</total>
				<timestamp>85.715059</timestamp>
			</report>
			<report>
				<misses>13900001</misses>
				<total>-13</total>
				<timestamp>86.337073</timestamp>
			</report>
			<report>
				<misses>14000001</misses>
				<total>-13</total>
				<timestamp>86.955094</timestamp>
			</report>
			<report>
				<misses>14100001</misses>
				<total>-13</total>
				<timestamp>87.575189</timestamp>
			</report>
			<report>
				<misses>14200001</misses>
				<total>-13</total>
				<timestamp>88.198247</timestamp>
			</report>
			<report>
				<misses>14300001</misses>
				<total>-13</total>
				<timestamp>88.817687</timestamp>
			</report>
			<report>
				<misses>14400001</misses>
				<total>-13</total>
				<timestamp>89.435573</timestamp>
			</report>
			<report>
				<misses>14500001</misses>
				<total>-13</total>
				<timestamp>90.049361</timestamp>
			</report>
			<report>
				<misses>14600001</misses>
				<total>-13</total>
				<timestamp>90.670091</timestamp>
			</report>
			<report>
				<misses>14700001</misses>
				<total>-13</total>
				<timestamp>91.290419</timestamp>
			</report>
			<report>
				<misses>14800001</misses>
				<total>-13</total>
				<timestamp>91.901470</timestamp>
			</report>
			<report>
				<misses>14900001</misses>
				<total>-13</total>
				<timestamp>92.514850</timestamp>
			</report>
			<report>
				<misses>15000001</misses>
				<total>-13</total>
				<timestamp>93.135839</timestamp>
			</report>
			<report>
				<misses>15100001</misses>
				<total>-13</total>
				<timestamp>93.749204</timestamp>
			</report>
			<report>
				<misses>15200001</misses>
				<total>-13</total>
				<timestamp>94.369618</timestamp>
			</report>
			<report>
				<misses>15300001</misses>
				<total>-13</total>
				<timestamp>94.995498</timestamp>
			</report>
			<report>
				<misses>15400001</misses>
				<total>-13</total>
				<timestamp>95.611845</timestamp>
			</report>
			<report>
				<misses>15500001</misses>
				<total>-13</total>
				<timestamp>96.233088</timestamp>
			</report>
			<report>
				<misses>15600001</misses>
				<total>-13</total>
				<timestamp>96.853237</timestamp>
			</report>
			<report>
				<misses>15700001</misses>
				<total>-13</total>
				<timestamp>97.474637</timestamp>
			</report>
			<report>
				<misses>15800001</misses>
				<total>-13</total>
				<timestamp>98.092201</timestamp>
			</report>
			<report>
				<misses>15900001</misses>
				<total>-13</total>
				<timestamp>98.711651</timestamp>
			</report>
			<report>
				<misses>16000001</misses>
				<total>-13</total>
				<timestamp>99.340387</timestamp>
			</report>
			<report>
				<misses>16100001</misses>
				<total>-13</total>
				<timestamp>99.960069</timestamp>
			</report>
			<report>
				<misses>16200001</misses>
				<total>-13</total>
				<timestamp>100.582116</timestamp>
			</report>
			<report>
				<misses>16300001</misses>
				<total>-13</total>
				<timestamp>101.204629</timestamp>
			</report>
			<report>
				<misses>16400001</misses>
				<total>-13</total>
				<timestamp>101.825110</timestamp>
			</report>
			<report>
				<misses>16500001</misses>
				<total>-13</total>
				<timestamp>102.449326</timestamp>
			</report>
			<report>
				<misses>16600001</misses>
				<total>-13</total>
				<timestamp>103.070578</timestamp>
			</report>
			<report>
				<misses>16700001</misses>
				<total>-13</total>
				<timestamp>103.695556</timestamp>
			</report>
			<report>
				<misses>16800001</misses>
				<total>-13</total>
				<timestamp>104.313998</timestamp>
			</report>
			<report>
				<misses>16900001</misses>
				<total>-13</total>
				<timestamp>104.930968</timestamp>
			</report>
			<report>
				<misses>17000001</misses>
				<total>-13</total>
				<timestamp>105.552345</timestamp>
			</report>
			<report>
				<misses>17100001</misses>
				<total>-13</total>
				<timestamp>106.175534</timestamp>
			</report>
			<report>
				<misses>17200001</misses>
				<total>-13</total>
				<timestamp>106.797456</timestamp>
			</report>
			<report>
				<misses>17300001</misses>
				<total>-13</total>
				<timestamp>107.423995</timestamp>
			</report>
			<report>
				<misses>17400001</misses>
				<total>-13</total>
				<timestamp>108.044576</timestamp>
			</report>
			<report>
				<misses>17500001</misses>
				<total>-13</total>
				<timestamp>108.669177</timestamp>
			</report>
			<report>
				<misses>17600001</misses>
				<total>-13</total>
				<timestamp>109.287858</timestamp>
			</report>
			<report>
				<misses>17700001</misses>
				<total>-13</total>
				<timestamp>109.910130</timestamp>
			</report>
			<report>
				<misses>17800001</misses>
				<total>-13</total>
				<timestamp>110.532160</timestamp>
			</report>
			<report>
				<misses>17900001</misses>
				<total>-13</total>
				<timestamp>111.149667</timestamp>
			</report>
			<report>
				<misses>18000001</misses>
				<total>-13</total>
				<timestamp>111.772591</timestamp>
			</report>
			<report>
				<misses>18100001</misses>
				<total>-13</total>
				<timestamp>112.396549</timestamp>
			</report>
			<report>
				<misses>18200001</misses>
				<total>-13</total>
				<timestamp>113.018052</timestamp>
			</report>
			<report>
				<misses>18300001</misses>
				<total>-13</total>
				<timestamp>113.641128</timestamp>
			</report>
			<report>
				<misses>18400001</misses>
				<total>-13</total>
				<timestamp>114.263805</timestamp>
			</report>
			<report>
				<misses>18500001</misses>
				<total>-13</total>
				<timestamp>114.887039</timestamp>
			</report>
			<report>
				<misses>18600001</misses>
				<total>-13</total>
				<timestamp>115.507037</timestamp>
			</report>
			<report>
				<misses>18700001</misses>
				<total>-13</total>
				<timestamp>116.135830</timestamp>
			</report>
			<report>
				<misses>18800001</misses>
				<total>-13</total>
				<timestamp>116.760287</timestamp>
			</report>
			<report>
				<misses>18900001</misses>
				<total>-13</total>
				<timestamp>117.379249</timestamp>
			</report>
			<report>
				<misses>19000001</misses>
				<total>-13</total>
				<timestamp>118.000462</timestamp>
			</report>
			<report>
				<misses>19100001</misses>
				<total>-13</total>
				<timestamp>118.620938</timestamp>
			</report>
			<report>
				<misses>19200001</misses>
				<total>-13</total>
				<timestamp>119.238683</timestamp>
			</report>
			<report>
				<misses>19300001</misses>
				<total>-13</total>
				<timestamp>119.856074</timestamp>
			</report>
			<report>
				<misses>19400001</misses>
				<total>-13</total>
				<timestamp>120.476814</timestamp>
			</report>
			<report>
				<misses>19500001</misses>
				<total>-13</total>
				<timestamp>121.099237</timestamp>
			</report>
			<report>
				<misses>19600001</misses>
				<total>-13</total>
				<timestamp>121.728990</timestamp>
			</report>
			<report>
				<misses>19700001</misses>
				<total>-13</total>
				<timestamp>122.354106</timestamp>
			</report>
			<report>
				<misses>19800001</misses>
				<total>-13</total>
				<timestamp>122.973673</timestamp>
			</report>
			<report>
				<misses>19900001</misses>
				<total>-13</total>
				<timestamp>123.594412</timestamp>
			</report>
			<report>
				<misses>20000001</misses>
				<total>-13</total>
				<timestamp>124.213995</timestamp>
			</report>
			<report>
				<misses>20100001</misses>
				<total>-13</total>
				<timestamp>124.836522</timestamp>
			</report>
			<report>
				<misses>20200001</misses>
				<total>-13</total>
				<timestamp>125.456621</timestamp>
			</report>
			<report>
				<misses>20300001</misses>
				<total>-13</total>
				<timestamp>126.075274</timestamp>
			</report>
			<report>
				<misses>20400001</misses>
				<total>-13</total>
				<timestamp>126.700148</timestamp>
			</report>
			<report>
				<misses>20500001</misses>
				<total>-13</total>
				<timestamp>127.322931</timestamp>
			</report>
			<report>
				<misses>20600001</misses>
				<total>-13</total>
				<timestamp>127.945739</timestamp>
			</report>
			<report>
				<misses>20700001</misses>
				<total>-13</total>
				<timestamp>128.565426</timestamp>
			</report>
			<report>
				<misses>20800001</misses>
				<total>-13</total>
				<timestamp>129.177230</timestamp>
			</report>
			<report>
				<misses>20900001</misses>
				<total>-13</total>
				<timestamp>129.794201</timestamp>
			</report>
			<report>
				<misses>21000001</misses>
				<total>-13</total>
				<timestamp>130.410214</timestamp>
			</report>
			<report>
				<misses>21100001</misses>
				<total>-13</total>
				<timestamp>131.024524</timestamp>
			</report>
			<report>
				<misses>21200001</misses>
				<total>-13</total>
				<timestamp>131.647844</timestamp>
			</report>
			<report>
				<misses>21300001</misses>
				<total>-13</total>
				<timestamp>132.271157</timestamp>
			</report>
			<report>
				<misses>21400001</misses>
				<total>-13</total>
				<timestamp>132.897724</timestamp>
			</report>
			<report>
				<misses>21500001</misses>
				<total>-13</total>
				<timestamp>133.513411</timestamp>
			</report>
			<report>
				<misses>21600001</misses>
				<total>-13</total>
				<timestamp>134.130814</timestamp>
			</report>
			<report>
				<misses>21700001</misses>
				<total>-13</total>
				<timestamp>134.753242</timestamp>
			</report>
			<report>
				<misses>21800001</misses>
				<total>-13</total>
				<timestamp>135.370871</timestamp>
			</report>
			<report>
				<misses>21900001</misses>
				<total>-13</total>
				<timestamp>135.991461</timestamp>
			</report>
			<report>
				<misses>22000001</misses>
				<total>-13</total>
				<timestamp>136.614591</timestamp>
			</report>
			<report>
				<misses>22100001</misses>
				<total>-13</total>
				<timestamp>137.239827</timestamp>
			</report>
			<report>
				<misses>22200001</misses>
				<total>-13</total>
				<timestamp>137.860850</timestamp>
			</report>
			<report>
				<misses>22300001</misses>
				<total>-13</total>
				<timestamp>138.486044</timestamp>
			</report>
			<report>
				<misses>22400001</misses>
				<total>-13</total>
				<timestamp>139.106767</timestamp>
			</report>
			<report>
				<misses>22500001</misses>
				<total>-13</total>
				<timestamp>139.727478</timestamp>
			</report>
			<report>
				<misses>22600001</misses>
				<total>-13</total>
				<timestamp>140.350003</timestamp>
			</report>
			<report>
				<misses>22700001</misses>
				<total>-13</total>
				<timestamp>140.970644</timestamp>
			</report>
			<report>
				<misses>22800001</misses>
				<total>-13</total>
				<timestamp>141.592665</timestamp>
			</report>
			<report>
				<misses>22900001</misses>
				<total>-13</total>
				<timestamp>142.218929</timestamp>
			</report>
			<report>
				<misses>23000001</misses>
				<total>-13</total>
				<timestamp>142.837693</timestamp>
			</report>
			<report>
				<misses>23100001</misses>
				<total>-13</total>
				<timestamp>143.455770</timestamp>
			</report>
			<report>
				<misses>23200001</misses>
				<total>-13</total>
				<timestamp>144.083212</timestamp>
			</report>
			<report>
				<misses>23300001</misses>
				<total>-13</total>
				<timestamp>144.706535</timestamp>
			</report>
			<report>
				<misses>23400001</misses>
				<total>-13</total>
				<timestamp>145.329876</timestamp>
			</report>
			<report>
				<misses>23500001</misses>
				<total>-13</total>
				<timestamp>145.947895</timestamp>
			</report>
			<report>
				<misses>23600001</misses>
				<total>-13</total>
				<timestamp>146.567765</timestamp>
			</report>
			<report>
				<misses>23700001</misses>
				<total>-13</total>
				<timestamp>147.185972</timestamp>
			</report>
			<report>
				<misses>23800001</misses>
				<total>-13</total>
				<timestamp>147.805439</timestamp>
			</report>
			<report>
				<misses>23900001</misses>
				<total>-13</total>
				<timestamp>148.430034</timestamp>
			</report>
			<report>
				<misses>24000001</misses>
				<total>-13</total>
				<timestamp>149.052234</timestamp>
			</report>
			<report>
				<misses>24100001</misses>
				<total>-13</total>
				<timestamp>149.676821</timestamp>
			</report>
			<report>
				<misses>24200001</misses>
				<total>-13</total>
				<timestamp>150.296266</timestamp>
			</report>
			<report>
				<misses>24300001</misses>
				<total>-13</total>
				<timestamp>150.917253</timestamp>
			</report>
			<report>
				<misses>24400001</misses>
				<total>-13</total>
				<timestamp>151.547035</timestamp>
			</report>
			<report>
				<misses>24500001</misses>
				<total>-13</total>
				<timestamp>152.176183</timestamp>
			</report>
			<report>
				<misses>24600001</misses>
				<total>-13</total>
				<timestamp>152.792749</timestamp>
			</report>
			<report>
				<misses>24700001</misses>
				<total>-13</total>
				<timestamp>153.416575</timestamp>
			</report>
			<report>
				<misses>24800001</misses>
				<total>-13</total>
				<timestamp>154.034196</timestamp>
			</report>
			<report>
				<misses>24900001</misses>
				<total>-13</total>
				<timestamp>154.654953</timestamp>
			</report>
			<report>
				<misses>25000001</misses>
				<total>-13</total>
				<timestamp>155.273598</timestamp>
			</report>
			<report>
				<misses>25100001</misses>
				<total>-13</total>
				<timestamp>155.901692</timestamp>
			</report>
			<report>
				<misses>25200001</misses>
				<total>-13</total>
				<timestamp>156.523477</timestamp>
			</report>
			<report>
				<misses>25300001</misses>
				<total>-13</total>
				<timestamp>157.146556</timestamp>
			</report>
			<report>
				<misses>25400001</misses>
				<total>-13</total>
				<timestamp>157.768032</timestamp>
			</report>
			<report>
				<misses>25500001</misses>
				<total>-13</total>
				<timestamp>158.387079</timestamp>
			</report>
			<report>
				<misses>25600001</misses>
				<total>-13</total>
				<timestamp>159.005409</timestamp>
			</report>
			<report>
				<misses>25700001</misses>
				<total>-13</total>
				<timestamp>159.625074</timestamp>
			</report>
			<report>
				<misses>25800001</misses>
				<total>-13</total>
				<timestamp>160.249691</timestamp>
			</report>
			<report>
				<misses>25900001</misses>
				<total>-13</total>
				<timestamp>160.873993</timestamp>
			</report>
			<report>
				<misses>26000001</misses>
				<total>-13</total>
				<timestamp>161.499298</timestamp>
			</report>
			<report>
				<misses>26100001</misses>
				<total>-13</total>
				<timestamp>162.118338</timestamp>
			</report>
			<report>
				<misses>26200001</misses>
				<total>-13</total>
				<timestamp>162.736986</timestamp>
			</report>
			<report>
				<misses>26300001</misses>
				<total>-13</total>
				<timestamp>163.362277</timestamp>
			</report>
			<report>
				<misses>26400001</misses>
				<total>-13</total>
				<timestamp>163.980034</timestamp>
			</report>
			<report>
				<misses>26500001</misses>
				<total>-13</total>
				<timestamp>164.599191</timestamp>
			</report>
			<report>
				<misses>26600001</misses>
				<total>-13</total>
				<timestamp>165.218891</timestamp>
			</report>
			<report>
				<misses>26700001</misses>
				<total>-13</total>
				<timestamp>165.844361</timestamp>
			</report>
			<report>
				<misses>26800001</misses>
				<total>-13</total>
				<timestamp>166.463834</timestamp>
			</report>
			<report>
				<misses>26900001</misses>
				<total>-13</total>
				<timestamp>167.084751</timestamp>
			</report>
			<report>
				<misses>27000001</misses>
				<total>-13</total>
				<timestamp>167.703940</timestamp>
			</report>
			<report>
				<misses>27100001</misses>
				<total>-13</total>
				<timestamp>168.326854</timestamp>
			</report>
			<report>
				<misses>27200001</misses>
				<total>-13</total>
				<timestamp>168.952749</timestamp>
			</report>
			<report>
				<misses>27300001</misses>
				<total>-13</total>
				<timestamp>169.577502</timestamp>
			</report>
			<report>
				<misses>27400001</misses>
				<total>-13</total>
				<timestamp>170.204821</timestamp>
			</report>
			<report>
				<misses>27500001</misses>
				<total>-13</total>
				<timestamp>170.824120</timestamp>
			</report>
			<report>
				<misses>27600001</misses>
				<total>-13</total>
				<timestamp>171.452691</timestamp>
			</report>
			<report>
				<misses>27700001</misses>
				<total>-13</total>
				<timestamp>172.084199</timestamp>
			</report>
			<report>
				<misses>27800001</misses>
				<total>-13</total>
				<timestamp>172.705993</timestamp>
			</report>
			<report>
				<misses>27900001</misses>
				<total>-13</total>
				<timestamp>173.329064</timestamp>
			</report>
			<report>
				<misses>28000001</misses>
				<total>-13</total>
				<timestamp>173.952189</timestamp>
			</report>
			<report>
				<misses>28100001</misses>
				<total>-13</total>
				<timestamp>174.581999</timestamp>
			</report>
			<report>
				<misses>28200001</misses>
				<total>-13</total>
				<timestamp>175.205569</timestamp>
			</report>
			<report>
				<misses>28300001</misses>
				<total>-13</total>
				<timestamp>175.825147</timestamp>
			</report>
			<report>
				<misses>28400001</misses>
				<total>-13</total>
				<timestamp>176.443946</timestamp>
			</report>
			<report>
				<misses>28500001</misses>
				<total>-13</total>
				<timestamp>177.072325</timestamp>
			</report>
			<report>
				<misses>28600001</misses>
				<total>-13</total>
				<timestamp>177.690492</timestamp>
			</report>
			<report>
				<misses>28700001</misses>
				<total>-13</total>
				<timestamp>178.313032</timestamp>
			</report>
			<report>
				<misses>28800001</misses>
				<total>-13</total>
				<timestamp>178.938922</timestamp>
			</report>
			<report>
				<misses>28900001</misses>
				<total>-13</total>
				<timestamp>179.561904</timestamp>
			</report>
			<report>
				<misses>29000001</misses>
				<total>-13</total>
				<timestamp>180.181205</timestamp>
			</report>
			<report>
				<misses>29100001</misses>
				<total>-13</total>
				<timestamp>180.808826</timestamp>
			</report>
			<report>
				<misses>29200001</misses>
				<total>-13</total>
				<timestamp>181.431869</timestamp>
			</report>
			<report>
				<misses>29300001</misses>
				<total>-13</total>
				<timestamp>182.049687</timestamp>
			</report>
			<report>
				<misses>29400001</misses>
				<total>-13</total>
				<timestamp>182.664330</timestamp>
			</report>
			<report>
				<misses>29500001</misses>
				<total>-13</total>
				<timestamp>183.278729</timestamp>
			</report>
			<report>
				<misses>29600001</misses>
				<total>-13</total>
				<timestamp>183.901395</timestamp>
			</report>
			<report>
				<misses>29700001</misses>
				<total>-13</total>
				<timestamp>184.521868</timestamp>
			</report>
			<report>
				<misses>29800001</misses>
				<total>-13</total>
				<timestamp>185.140543</timestamp>
			</report>
			<report>
				<misses>29900001</misses>
				<total>-13</total>
				<timestamp>185.765656</timestamp>
			</report>
			<report>
				<misses>30000001</misses>
				<total>-13</total>
				<timestamp>186.384729</timestamp>
			</report>
			<report>
				<misses>30100001</misses>
				<total>-13</total>
				<timestamp>187.001851</timestamp>
			</report>
			<report>
				<misses>30200001</misses>
				<total>-13</total>
				<timestamp>187.622314</timestamp>
			</report>
			<report>
				<misses>30300001</misses>
				<total>-13</total>
				<timestamp>188.241737</timestamp>
			</report>
			<report>
				<misses>30400001</misses>
				<total>-13</total>
				<timestamp>188.861739</timestamp>
			</report>
			<report>
				<misses>30500001</misses>
				<total>-13</total>
				<timestamp>189.484515</timestamp>
			</report>
			<report>
				<misses>30600001</misses>
				<total>-13</total>
				<timestamp>190.105862</timestamp>
			</report>
			<report>
				<misses>30700001</misses>
				<total>-13</total>
				<timestamp>190.728574</timestamp>
			</report>
			<report>
				<misses>30800001</misses>
				<total>-13</total>
				<timestamp>191.358296</timestamp>
			</report>
			<report>
				<misses>30900001</misses>
				<total>-13</total>
				<timestamp>191.980374</timestamp>
			</report>
			<report>
				<misses>31000001</misses>
				<total>-13</total>
				<timestamp>192.599629</timestamp>
			</report>
			<report>
				<misses>31100001</misses>
				<total>-13</total>
				<timestamp>193.224584</timestamp>
			</report>
			<report>
				<misses>31200001</misses>
				<total>-13</total>
				<timestamp>193.844331</timestamp>
			</report>
			<report>
				<misses>31300001</misses>
				<total>-13</total>
				<timestamp>194.460942</timestamp>
			</report>
			<report>
				<misses>31400001</misses>
				<total>-13</total>
				<timestamp>195.079081</timestamp>
			</report>
			<report>
				<misses>31500001</misses>
				<total>-13</total>
				<timestamp>195.705285</timestamp>
			</report>
			<report>
				<misses>31600001</misses>
				<total>-13</total>
				<timestamp>196.321876</timestamp>
			</report>
			<report>
				<misses>31700001</misses>
				<total>-13</total>
				<timestamp>196.944892</timestamp>
			</report>
			<report>
				<misses>31800001</misses>
				<total>-13</total>
				<timestamp>197.570796</timestamp>
			</report>
			<report>
				<misses>31900001</misses>
				<total>-13</total>
				<timestamp>198.189914</timestamp>
			</report>
			<report>
				<misses>32000001</misses>
				<total>-13</total>
				<timestamp>198.810139</timestamp>
			</report>
			<report>
				<misses>32100001</misses>
				<total>-13</total>
				<timestamp>199.431132</timestamp>
			</report>
			<report>
				<misses>32200001</misses>
				<total>-13</total>
				<timestamp>200.052926</timestamp>
			</report>
			<report>
				<misses>32300001</misses>
				<total>-13</total>
				<timestamp>200.672503</timestamp>
			</report>
			<report>
				<misses>32400001</misses>
				<total>-13</total>
				<timestamp>201.296499</timestamp>
			</report>
			<report>
				<misses>32500001</misses>
				<total>-13</total>
				<timestamp>201.920221</timestamp>
			</report>
			<report>
				<misses>32600001</misses>
				<total>-13</total>
				<timestamp>202.540827</timestamp>
			</report>
			<report>
				<misses>32700001</misses>
				<total>-13</total>
				<timestamp>203.160015</timestamp>
			</report>
			<report>
				<misses>32800001</misses>
				<total>-13</total>
				<timestamp>203.787718</timestamp>
			</report>
			<report>
				<misses>32900001</misses>
				<total>-13</total>
				<timestamp>204.410512</timestamp>
			</report>
			<report>
				<misses>33000001</misses>
				<total>-13</total>
				<timestamp>205.032676</timestamp>
			</report>
			<report>
				<misses>33100001</misses>
				<total>-13</total>
				<timestamp>205.651989</timestamp>
			</report>
			<report>
				<misses>33200001</misses>
				<total>-13</total>
				<timestamp>206.267956</timestamp>
			</report>
			<report>
				<misses>33300001</misses>
				<total>-13</total>
				<timestamp>206.890489</timestamp>
			</report>
			<report>
				<misses>33400001</misses>
				<total>-13</total>
				<timestamp>207.506716</timestamp>
			</report>
			<report>
				<misses>33500001</misses>
				<total>-13</total>
				<timestamp>208.127194</timestamp>
			</report>
			<report>
				<misses>33600001</misses>
				<total>-13</total>
				<timestamp>208.752541</timestamp>
			</report>
			<report>
				<misses>33700001</misses>
				<total>-13</total>
				<timestamp>209.368699</timestamp>
			</report>
			<report>
				<misses>33800001</misses>
				<total>-13</total>
				<timestamp>209.992344</timestamp>
			</report>
			<report>
				<misses>33900001</misses>
				<total>-13</total>
				<timestamp>210.615789</timestamp>
			</report>
			<report>
				<misses>34000001</misses>
				<total>-13</total>
				<timestamp>211.235095</timestamp>
			</report>
			<report>
				<misses>34100001</misses>
				<total>-13</total>
				<timestamp>211.856859</timestamp>
			</report>
			<report>
				<misses>34200001</misses>
				<total>-13</total>
				<timestamp>212.477968</timestamp>
			</report>
			<report>
				<misses>34300001</misses>
				<total>-13</total>
				<timestamp>213.095347</timestamp>
			</report>
			<report>
				<misses>34400001</misses>
				<total>-13</total>
				<timestamp>213.717626</timestamp>
			</report>
			<report>
				<misses>34500001</misses>
				<total>-13</total>
				<timestamp>214.343082</timestamp>
			</report>
			<report>
				<misses>34600001</misses>
				<total>-13</total>
				<timestamp>214.970129</timestamp>
			</report>
			<report>
				<misses>34700001</misses>
				<total>-13</total>
				<timestamp>215.588422</timestamp>
			</report>
			<report>
				<misses>34800001</misses>
				<total>-13</total>
				<timestamp>216.209295</timestamp>
			</report>
			<report>
				<misses>34900001</misses>
				<total>-13</total>
				<timestamp>216.830047</timestamp>
			</report>
			<report>
				<misses>35000001</misses>
				<total>-13</total>
				<timestamp>217.456802</timestamp>
			</report>
			<report>
				<misses>35100001</misses>
				<total>-13</total>
				<timestamp>218.077939</timestamp>
			</report>
			<report>
				<misses>35200001</misses>
				<total>-13</total>
				<timestamp>218.701923</timestamp>
			</report>
			<report>
				<misses>35300001</misses>
				<total>-13</total>
				<timestamp>219.319858</timestamp>
			</report>
			<report>
				<misses>35400001</misses>
				<total>-13</total>
				<timestamp>219.941358</timestamp>
			</report>
			<report>
				<misses>35500001</misses>
				<total>-13</total>
				<timestamp>220.558623</timestamp>
			</report>
			<report>
				<misses>35600001</misses>
				<total>-13</total>
				<timestamp>221.182315</timestamp>
			</report>
			<report>
				<misses>35700001</misses>
				<total>-13</total>
				<timestamp>221.802660</timestamp>
			</report>
			<report>
				<misses>35800001</misses>
				<total>-13</total>
				<timestamp>222.420947</timestamp>
			</report>
			<report>
				<misses>35900001</misses>
				<total>-13</total>
				<timestamp>223.039991</timestamp>
			</report>
			<report>
				<misses>36000001</misses>
				<total>-13</total>
				<timestamp>223.659191</timestamp>
			</report>
			<report>
				<misses>36100001</misses>
				<total>-13</total>
				<timestamp>224.286233</timestamp>
			</report>
			<report>
				<misses>36200001</misses>
				<total>-13</total>
				<timestamp>224.908386</timestamp>
			</report>
			<report>
				<misses>36300001</misses>
				<total>-13</total>
				<timestamp>225.522792</timestamp>
			</report>
			<report>
				<misses>36400001</misses>
				<total>-13</total>
				<timestamp>226.145071</timestamp>
			</report>
			<report>
				<misses>36500001</misses>
				<total>-13</total>
				<timestamp>226.768661</timestamp>
			</report>
			<report>
				<misses>36600001</misses>
				<total>-13</total>
				<timestamp>227.392080</timestamp>
			</report>
			<report>
				<misses>36700001</misses>
				<total>-13</total>
				<timestamp>228.013221</timestamp>
			</report>
			<report>
				<misses>36800001</misses>
				<total>-13</total>
				<timestamp>228.636970</timestamp>
			</report>
			<report>
				<misses>36900001</misses>
				<total>-13</total>
				<timestamp>229.263901</timestamp>
			</report>
			<report>
				<misses>37000001</misses>
				<total>-13</total>
				<timestamp>229.891610</timestamp>
			</report>
			<report>
				<misses>37100001</misses>
				<total>-13</total>
				<timestamp>230.518640</timestamp>
			</report>
			<report>
				<misses>37200001</misses>
				<total>-13</total>
				<timestamp>231.147316</timestamp>
			</report>
			<report>
				<misses>37300001</misses>
				<total>-13</total>
				<timestamp>231.772940</timestamp>
			</report>
			<report>
				<misses>37400001</misses>
				<total>-13</total>
				<timestamp>232.401132</timestamp>
			</report>
			<report>
				<misses>37500001</misses>
				<total>-13</total>
				<timestamp>233.027526</timestamp>
			</report>
			<report>
				<misses>37600001</misses>
				<total>-13</total>
				<timestamp>233.650961</timestamp>
			</report>
			<report>
				<misses>37700001</misses>
				<total>-13</total>
				<timestamp>234.269113</timestamp>
			</report>
			<report>
				<misses>37800001</misses>
				<total>-13</total>
				<timestamp>234.896350</timestamp>
			</report>
			<report>
				<misses>37900001</misses>
				<total>-13</total>
				<timestamp>235.515775</timestamp>
			</report>
			<report>
				<misses>38000001</misses>
				<total>-13</total>
				<timestamp>236.135641</timestamp>
			</report>
			<report>
				<misses>38100001</misses>
				<total>-13</total>
				<timestamp>236.752641</timestamp>
			</report>
			<report>
				<misses>38200001</misses>
				<total>-13</total>
				<timestamp>237.372692</timestamp>
			</report>
			<report>
				<misses>38300001</misses>
				<total>-13</total>
				<timestamp>237.997936</timestamp>
			</report>
			<report>
				<misses>38400001</misses>
				<total>-13</total>
				<timestamp>238.621419</timestamp>
			</report>
			<report>
				<misses>38500001</misses>
				<total>-13</total>
				<timestamp>239.245133</timestamp>
			</report>
			<report>
				<misses>38600001</misses>
				<total>-13</total>
				<timestamp>239.872232</timestamp>
			</report>
			<report>
				<misses>38700001</misses>
				<total>-13</total>
				<timestamp>240.494625</timestamp>
			</report>
			<report>
				<misses>38800001</misses>
				<total>-13</total>
				<timestamp>241.121372</timestamp>
			</report>
			<report>
				<misses>38900001</misses>
				<total>-13</total>
				<timestamp>241.745131</timestamp>
			</report>
			<report>
				<misses>39000001</misses>
				<total>-13</total>
				<timestamp>242.370337</timestamp>
			</report>
			<report>
				<misses>39100001</misses>
				<total>-13</total>
				<timestamp>242.995041</timestamp>
			</report>
			<report>
				<misses>39200001</misses>
				<total>-13</total>
				<timestamp>243.620685</timestamp>
			</report>
			<report>
				<misses>39300001</misses>
				<total>-13</total>
				<timestamp>244.245183</timestamp>
			</report>
			<report>
				<misses>39400001</misses>
				<total>-13</total>
				<timestamp>244.868238</timestamp>
			</report>
			<report>
				<misses>39500001</misses>
				<total>-13</total>
				<timestamp>245.485952</timestamp>
			</report>
			<report>
				<misses>39600001</misses>
				<total>-13</total>
				<timestamp>246.103727</timestamp>
			</report>
			<report>
				<misses>39700001</misses>
				<total>-13</total>
				<timestamp>246.730425</timestamp>
			</report>
			<report>
				<misses>39800001</misses>
				<total>-13</total>
				<timestamp>247.356459</timestamp>
			</report>
			<report>
				<misses>39900001</misses>
				<total>-13</total>
				<timestamp>247.976786</timestamp>
			</report>
			<report>
				<misses>40000001</misses>
				<total>-13</total>
				<timestamp>248.601038</timestamp>
			</report>
			<report>
				<misses>40100001</misses>
				<total>-13</total>
				<timestamp>249.220423</timestamp>
			</report>
			<report>
				<misses>40200001</misses>
				<total>-13</total>
				<timestamp>249.843369</timestamp>
			</report>
			<report>
				<misses>40300001</misses>
				<total>-13</total>
				<timestamp>250.463465</timestamp>
			</report>
			<report>
				<misses>40400001</misses>
				<total>-13</total>
				<timestamp>251.084445</timestamp>
			</report>
			<report>
				<misses>40500001</misses>
				<total>-13</total>
				<timestamp>251.713684</timestamp>
			</report>
			<report>
				<misses>40600001</misses>
				<total>-13</total>
				<timestamp>252.334920</timestamp>
			</report>
			<report>
				<misses>40700001</misses>
				<total>-13</total>
				<timestamp>252.961481</timestamp>
			</report>
			<report>
				<misses>40800001</misses>
				<total>-13</total>
				<timestamp>253.586593</timestamp>
			</report>
			<report>
				<misses>40900001</misses>
				<total>-13</total>
				<timestamp>254.206169</timestamp>
			</report>
			<report>
				<misses>41000001</misses>
				<total>-13</total>
				<timestamp>254.827666</timestamp>
			</report>
			<report>
				<misses>41100001</misses>
				<total>-13</total>
				<timestamp>255.450980</timestamp>
			</report>
			<report>
				<misses>41200001</misses>
				<total>-13</total>
				<timestamp>256.077769</timestamp>
			</report>
			<report>
				<misses>41300001</misses>
				<total>-13</total>
				<timestamp>256.697085</timestamp>
			</report>
			<report>
				<misses>41400001</misses>
				<total>-13</total>
				<timestamp>257.323883</timestamp>
			</report>
			<report>
				<misses>41500001</misses>
				<total>-13</total>
				<timestamp>257.951582</timestamp>
			</report>
			<report>
				<misses>41600001</misses>
				<total>-13</total>
				<timestamp>258.579408</timestamp>
			</report>
			<report>
				<misses>41700001</misses>
				<total>-13</total>
				<timestamp>259.206079</timestamp>
			</report>
			<report>
				<misses>41800001</misses>
				<total>-13</total>
				<timestamp>259.837397</timestamp>
			</report>
			<report>
				<misses>41900001</misses>
				<total>-13</total>
				<timestamp>260.458632</timestamp>
			</report>
			<report>
				<misses>42000001</misses>
				<total>-13</total>
				<timestamp>261.081948</timestamp>
			</report>
			<report>
				<misses>42100001</misses>
				<total>-13</total>
				<timestamp>261.704224</timestamp>
			</report>
			<report>
				<misses>42200001</misses>
				<total>-13</total>
				<timestamp>262.329720</timestamp>
			</report>
			<report>
				<misses>42300001</misses>
				<total>-13</total>
				<timestamp>262.946705</timestamp>
			</report>
			<report>
				<misses>42400001</misses>
				<total>-13</total>
				<timestamp>263.567875</timestamp>
			</report>
			<report>
				<misses>42500001</misses>
				<total>-13</total>
				<timestamp>264.190763</timestamp>
			</report>
			<report>
				<misses>42600001</misses>
				<total>-13</total>
				<timestamp>264.812269</timestamp>
			</report>
			<report>
				<misses>42700001</misses>
				<total>-13</total>
				<timestamp>265.427324</timestamp>
			</report>
			<report>
				<misses>42800001</misses>
				<total>-13</total>
				<timestamp>266.042761</timestamp>
			</report>
			<report>
				<misses>42900001</misses>
				<total>-13</total>
				<timestamp>266.662388</timestamp>
			</report>
			<report>
				<misses>43000001</misses>
				<total>-13</total>
				<timestamp>267.284051</timestamp>
			</report>
			<report>
				<misses>43100001</misses>
				<total>-13</total>
				<timestamp>267.903080</timestamp>
			</report>
			<report>
				<misses>43200001</misses>
				<total>-13</total>
				<timestamp>268.520540</timestamp>
			</report>
			<report>
				<misses>43300001</misses>
				<total>-13</total>
				<timestamp>269.141436</timestamp>
			</report>
			<report>
				<misses>43400001</misses>
				<total>-13</total>
				<timestamp>269.759298</timestamp>
			</report>
			<report>
				<misses>43500001</misses>
				<total>-13</total>
				<timestamp>270.378345</timestamp>
			</report>
			<report>
				<misses>43600001</misses>
				<total>-13</total>
				<timestamp>270.996238</timestamp>
			</report>
			<report>
				<misses>43700001</misses>
				<total>-13</total>
				<timestamp>271.616168</timestamp>
			</report>
			<report>
				<misses>43800001</misses>
				<total>-13</total>
				<timestamp>272.234612</timestamp>
			</report>
			<report>
				<misses>43900001</misses>
				<total>-13</total>
				<timestamp>272.859192</timestamp>
			</report>
			<report>
				<misses>44000001</misses>
				<total>-13</total>
				<timestamp>273.479935</timestamp>
			</report>
			<report>
				<misses>44100001</misses>
				<total>-13</total>
				<timestamp>274.100403</timestamp>
			</report>
			<report>
				<misses>44200001</misses>
				<total>-13</total>
				<timestamp>274.725669</timestamp>
			</report>
			<report>
				<misses>44300001</misses>
				<total>-13</total>
				<timestamp>275.343186</timestamp>
			</report>
			<report>
				<misses>44400001</misses>
				<total>-13</total>
				<timestamp>275.958609</timestamp>
			</report>
			<report>
				<misses>44500001</misses>
				<total>-13</total>
				<timestamp>276.572768</timestamp>
			</report>
			<report>
				<misses>44600001</misses>
				<total>-13</total>
				<timestamp>277.194523</timestamp>
			</report>
			<report>
				<misses>44700001</misses>
				<total>-13</total>
				<timestamp>277.818350</timestamp>
			</report>
			<report>
				<misses>44800001</misses>
				<total>-13</total>
				<timestamp>278.438575</timestamp>
			</report>
			<report>
				<misses>44900001</misses>
				<total>-13</total>
				<timestamp>279.059326</timestamp>
			</report>
			<report>
				<misses>45000001</misses>
				<total>-13</total>
				<timestamp>279.678782</timestamp>
			</report>
			<report>
				<misses>45100001</misses>
				<total>-13</total>
				<timestamp>280.298750</timestamp>
			</report>
			<report>
				<misses>45200001</misses>
				<total>-13</total>
				<timestamp>280.921326</timestamp>
			</report>
			<report>
				<misses>45300001</misses>
				<total>-13</total>
				<timestamp>281.545819</timestamp>
			</report>
			<report>
				<misses>45400001</misses>
				<total>-13</total>
				<timestamp>282.170018</timestamp>
			</report>
			<report>
				<misses>45500001</misses>
				<total>-13</total>
				<timestamp>282.793726</timestamp>
			</report>
			<report>
				<misses>45600001</misses>
				<total>-13</total>
				<timestamp>283.415221</timestamp>
			</report>
			<report>
				<misses>45700001</misses>
				<total>-13</total>
				<timestamp>284.033696</timestamp>
			</report>
			<report>
				<misses>45800001</misses>
				<total>-13</total>
				<timestamp>284.653408</timestamp>
			</report>
			<report>
				<misses>45900001</misses>
				<total>-13</total>
				<timestamp>285.269490</timestamp>
			</report>
			<report>
				<misses>46000001</misses>
				<total>-13</total>
				<timestamp>285.887646</timestamp>
			</report>
			<report>
				<misses>46100001</misses>
				<total>-13</total>
				<timestamp>286.509407</timestamp>
			</report>
			<report>
				<misses>46200001</misses>
				<total>-13</total>
				<timestamp>287.139898</timestamp>
			</report>
			<report>
				<misses>46300001</misses>
				<total>-13</total>
				<timestamp>287.764325</timestamp>
			</report>
			<report>
				<misses>46400001</misses>
				<total>-13</total>
				<timestamp>288.395059</timestamp>
			</report>
			<report>
				<misses>46500001</misses>
				<total>-13</total>
				<timestamp>289.024885</timestamp>
			</report>
			<report>
				<misses>46600001</misses>
				<total>-13</total>
				<timestamp>289.650966</timestamp>
			</report>
			<report>
				<misses>46700001</misses>
				<total>-13</total>
				<timestamp>290.278365</timestamp>
			</report>
			<report>
				<misses>46800001</misses>
				<total>-13</total>
				<timestamp>290.907509</timestamp>
			</report>
			<report>
				<misses>46900001</misses>
				<total>-13</total>
				<timestamp>291.528092</timestamp>
			</report>
			<report>
				<misses>47000001</misses>
				<total>-13</total>
				<timestamp>292.158778</timestamp>
			</report>
			<report>
				<misses>47100001</misses>
				<total>-13</total>
				<timestamp>292.782578</timestamp>
			</report>
			<report>
				<misses>47200001</misses>
				<total>-13</total>
				<timestamp>293.408278</timestamp>
			</report>
			<report>
				<misses>47300001</misses>
				<total>-13</total>
				<timestamp>294.036309</timestamp>
			</report>
			<report>
				<misses>47400001</misses>
				<total>-13</total>
				<timestamp>294.659762</timestamp>
			</report>
			<report>
				<misses>47500001</misses>
				<total>-13</total>
				<timestamp>295.285122</timestamp>
			</report>
			<report>
				<misses>47600001</misses>
				<total>-13</total>
				<timestamp>295.916691</timestamp>
			</report>
			<report>
				<misses>47700001</misses>
				<total>-13</total>
				<timestamp>296.543865</timestamp>
			</report>
			<report>
				<misses>47800001</misses>
				<total>-13</total>
				<timestamp>297.168425</timestamp>
			</report>
			<report>
				<misses>47900001</misses>
				<total>-13</total>
				<timestamp>297.790061</timestamp>
			</report>
			<report>
				<misses>48000001</misses>
				<total>-13</total>
				<timestamp>298.419031</timestamp>
			</report>
			<report>
				<misses>48100001</misses>
				<total>-13</total>
				<timestamp>299.039907</timestamp>
			</report>
			<report>
				<misses>48200001</misses>
				<total>-13</total>
				<timestamp>299.664206</timestamp>
			</report>
			<report>
				<misses>48300001</misses>
				<total>-13</total>
				<timestamp>300.282450</timestamp>
			</report>
			<report>
				<misses>48400001</misses>
				<total>-13</total>
				<timestamp>300.903029</timestamp>
			</report>
			<report>
				<misses>48500001</misses>
				<total>-13</total>
				<timestamp>301.522480</timestamp>
			</report>
			<report>
				<misses>48600001</misses>
				<total>-13</total>
				<timestamp>302.144884</timestamp>
			</report>
			<report>
				<misses>48700001</misses>
				<total>-13</total>
				<timestamp>302.762527</timestamp>
			</report>
			<report>
				<misses>48800001</misses>
				<total>-13</total>
				<timestamp>303.378288</timestamp>
			</report>
			<report>
				<misses>48900001</misses>
				<total>-13</total>
				<timestamp>303.999820</timestamp>
			</report>
			<report>
				<misses>49000001</misses>
				<total>-13</total>
				<timestamp>304.617842</timestamp>
			</report>
			<report>
				<misses>49100001</misses>
				<total>-13</total>
				<timestamp>305.233794</timestamp>
			</report>
			<report>
				<misses>49200001</misses>
				<total>-13</total>
				<timestamp>305.851341</timestamp>
			</report>
			<report>
				<misses>49300001</misses>
				<total>-13</total>
				<timestamp>306.470606</timestamp>
			</report>
			<report>
				<misses>49400001</misses>
				<total>-13</total>
				<timestamp>307.090167</timestamp>
			</report>
			<report>
				<misses>49500001</misses>
				<total>-13</total>
				<timestamp>307.708062</timestamp>
			</report>
			<report>
				<misses>49600001</misses>
				<total>-13</total>
				<timestamp>308.327247</timestamp>
			</report>
			<report>
				<misses>49700001</misses>
				<total>-13</total>
				<timestamp>308.949033</timestamp>
			</report>
			<report>
				<misses>49800001</misses>
				<total>-13</total>
				<timestamp>309.567818</timestamp>
			</report>
			<report>
				<misses>49900001</misses>
				<total>-13</total>
				<timestamp>310.188281</timestamp>
			</report>
			<report>
				<misses>50000001</misses>
				<total>-13</total>
				<timestamp>310.814703</timestamp>
			</report>
			<report>
				<misses>50100001</misses>
				<total>-13</total>
				<timestamp>311.439566</timestamp>
			</report>
			<report>
				<misses>50200001</misses>
				<total>-13</total>
				<timestamp>312.055789</timestamp>
			</report>
			<report>
				<misses>50300001</misses>
				<total>-13</total>
				<timestamp>312.676893</timestamp>
			</report>
			<report>
				<misses>50400001</misses>
				<total>-13</total>
				<timestamp>313.294131</timestamp>
			</report>
			<report>
				<misses>50500001</misses>
				<total>-13</total>
				<timestamp>313.918416</timestamp>
			</report>
			<report>
				<misses>50600001</misses>
				<total>-13</total>
				<timestamp>314.538607</timestamp>
			</report>
			<report>
				<misses>50700001</misses>
				<total>-13</total>
				<timestamp>315.159674</timestamp>
			</report>
			<report>
				<misses>50800001</misses>
				<total>-13</total>
				<timestamp>315.779508</timestamp>
			</report>
			<report>
				<misses>50900001</misses>
				<total>-13</total>
				<timestamp>316.406241</timestamp>
			</report>
			<report>
				<misses>51000001</misses>
				<total>-13</total>
				<timestamp>317.027610</timestamp>
			</report>
			<report>
				<misses>51100001</misses>
				<total>-13</total>
				<timestamp>317.652709</timestamp>
			</report>
			<report>
				<misses>51200001</misses>
				<total>-13</total>
				<timestamp>318.279415</timestamp>
			</report>
			<report>
				<misses>51300001</misses>
				<total>-13</total>
				<timestamp>318.905696</timestamp>
			</report>
			<report>
				<misses>51400001</misses>
				<total>-13</total>
				<timestamp>319.534123</timestamp>
			</report>
			<report>
				<misses>51500001</misses>
				<total>-13</total>
				<timestamp>320.153760</timestamp>
			</report>
			<report>
				<misses>51600001</misses>
				<total>-13</total>
				<timestamp>320.783272</timestamp>
			</report>
			<report>
				<misses>51700001</misses>
				<total>-13</total>
				<timestamp>321.403427</timestamp>
			</report>
			<report>
				<misses>51800001</misses>
				<total>-13</total>
				<timestamp>322.027768</timestamp>
			</report>
			<report>
				<misses>51900001</misses>
				<total>-13</total>
				<timestamp>322.651507</timestamp>
			</report>
			<report>
				<misses>52000001</misses>
				<total>-13</total>
				<timestamp>323.269352</timestamp>
			</report>
			<report>
				<misses>52100001</misses>
				<total>-13</total>
				<timestamp>323.892868</timestamp>
			</report>
			<report>
				<misses>52200001</misses>
				<total>-13</total>
				<timestamp>324.514693</timestamp>
			</report>
			<report>
				<misses>52300001</misses>
				<total>-13</total>
				<timestamp>325.132583</timestamp>
			</report>
			<report>
				<misses>52400001</misses>
				<total>-13</total>
				<timestamp>325.750379</timestamp>
			</report>
			<report>
				<misses>52500001</misses>
				<total>-13</total>
				<timestamp>326.370980</timestamp>
			</report>
			<report>
				<misses>52600001</misses>
				<total>-13</total>
				<timestamp>326.993774</timestamp>
			</report>
			<report>
				<misses>52700001</misses>
				<total>-13</total>
				<timestamp>327.619014</timestamp>
			</report>
			<report>
				<misses>52800001</misses>
				<total>-13</total>
				<timestamp>328.242596</timestamp>
			</report>
			<report>
				<misses>52900001</misses>
				<total>-13</total>
				<timestamp>328.866426</timestamp>
			</report>
			<report>
				<misses>53000001</misses>
				<total>-13</total>
				<timestamp>329.483958</timestamp>
			</report>
			<report>
				<misses>53100001</misses>
				<total>-13</total>
				<timestamp>330.108060</timestamp>
			</report>
			<report>
				<misses>53200001</misses>
				<total>-13</total>
				<timestamp>330.729303</timestamp>
			</report>
			<report>
				<misses>53300001</misses>
				<total>-13</total>
				<timestamp>331.353138</timestamp>
			</report>
			<report>
				<misses>53400001</misses>
				<total>-13</total>
				<timestamp>331.978513</timestamp>
			</report>
			<report>
				<misses>53500001</misses>
				<total>-13</total>
				<timestamp>332.599637</timestamp>
			</report>
			<report>
				<misses>53600001</misses>
				<total>-13</total>
				<timestamp>333.214946</timestamp>
			</report>
			<report>
				<misses>53700001</misses>
				<total>-13</total>
				<timestamp>333.839943</timestamp>
			</report>
			<report>
				<misses>53800001</misses>
				<total>-13</total>
				<timestamp>334.466853</timestamp>
			</report>
			<report>
				<misses>53900001</misses>
				<total>-13</total>
				<timestamp>335.088234</timestamp>
			</report>
			<report>
				<misses>54000001</misses>
				<total>-13</total>
				<timestamp>335.712075</timestamp>
			</report>
			<report>
				<misses>54100001</misses>
				<total>-13</total>
				<timestamp>336.336674</timestamp>
			</report>
			<report>
				<misses>54200001</misses>
				<total>-13</total>
				<timestamp>336.958043</timestamp>
			</report>
			<report>
				<misses>54300001</misses>
				<total>-13</total>
				<timestamp>337.579583</timestamp>
			</report>
			<report>
				<misses>54400001</misses>
				<total>-13</total>
				<timestamp>338.205202</timestamp>
			</report>
			<report>
				<misses>54500001</misses>
				<total>-13</total>
				<timestamp>338.831995</timestamp>
			</report>
			<report>
				<misses>54600001</misses>
				<total>-13</total>
				<timestamp>339.452724</timestamp>
			</report>
			<report>
				<misses>54700001</misses>
				<total>-13</total>
				<timestamp>340.075391</timestamp>
			</report>
			<report>
				<misses>54800001</misses>
				<total>-13</total>
				<timestamp>340.696631</timestamp>
			</report>
			<report>
				<misses>54900001</misses>
				<total>-13</total>
				<timestamp>341.320330</timestamp>
			</report>
			<report>
				<misses>55000001</misses>
				<total>-13</total>
				<timestamp>341.942985</timestamp>
			</report>
			<report>
				<misses>55100001</misses>
				<total>-13</total>
				<timestamp>342.570706</timestamp>
			</report>
			<report>
				<misses>55200001</misses>
				<total>-13</total>
				<timestamp>343.198401</timestamp>
			</report>
			<report>
				<misses>55300001</misses>
				<total>-13</total>
				<timestamp>343.823003</timestamp>
			</report>
			<report>
				<misses>55400001</misses>
				<total>-13</total>
				<timestamp>344.446187</timestamp>
			</report>
			<report>
				<misses>55500001</misses>
				<total>-13</total>
				<timestamp>345.070407</timestamp>
			</report>
			<report>
				<misses>55600001</misses>
				<total>-13</total>
				<timestamp>345.693212</timestamp>
			</report>
			<report>
				<misses>55700001</misses>
				<total>-13</total>
				<timestamp>346.321302</timestamp>
			</report>
			<report>
				<misses>55800001</misses>
				<total>-13</total>
				<timestamp>346.951443</timestamp>
			</report>
			<report>
				<misses>55900001</misses>
				<total>-13</total>
				<timestamp>347.585467</timestamp>
			</report>
			<report>
				<misses>56000001</misses>
				<total>-13</total>
				<timestamp>348.207750</timestamp>
			</report>
			<report>
				<misses>56100001</misses>
				<total>-13</total>
				<timestamp>348.830164</timestamp>
			</report>
			<report>
				<misses>56200001</misses>
				<total>-13</total>
				<timestamp>349.460448</timestamp>
			</report>
			<report>
				<misses>56300001</misses>
				<total>-13</total>
				<timestamp>350.091487</timestamp>
			</report>
			<report>
				<misses>56400001</misses>
				<total>-13</total>
				<timestamp>350.720233</timestamp>
			</report>
			<report>
				<misses>56500001</misses>
				<total>-13</total>
				<timestamp>351.342662</timestamp>
			</report>
			<report>
				<misses>56600001</misses>
				<total>-13</total>
				<timestamp>351.965298</timestamp>
			</report>
			<report>
				<misses>56700001</misses>
				<total>-13</total>
				<timestamp>352.599425</timestamp>
			</report>
			<report>
				<misses>56800001</misses>
				<total>-13</total>
				<timestamp>353.224913</timestamp>
			</report>
			<report>
				<misses>56900001</misses>
				<total>-13</total>
				<timestamp>353.854312</timestamp>
			</report>
			<report>
				<misses>57000001</misses>
				<total>-13</total>
				<timestamp>354.477347</timestamp>
			</report>
			<report>
				<misses>57100001</misses>
				<total>-13</total>
				<timestamp>355.103526</timestamp>
			</report>
			<report>
				<misses>57200001</misses>
				<total>-13</total>
				<timestamp>355.730690</timestamp>
			</report>
			<report>
				<misses>57300001</misses>
				<total>-13</total>
				<timestamp>356.350392</timestamp>
			</report>
			<report>
				<misses>57400001</misses>
				<total>-13</total>
				<timestamp>356.975777</timestamp>
			</report>
			<report>
				<misses>57500001</misses>
				<total>-13</total>
				<timestamp>357.597675</timestamp>
			</report>
			<report>
				<misses>57600001</misses>
				<total>-13</total>
				<timestamp>358.220837</timestamp>
			</report>
			<report>
				<misses>57700001</misses>
				<total>-13</total>
				<timestamp>358.845206</timestamp>
			</report>
			<report>
				<misses>57800001</misses>
				<total>-13</total>
				<timestamp>359.469258</timestamp>
			</report>
			<report>
				<misses>57900001</misses>
				<total>-13</total>
				<timestamp>360.089620</timestamp>
			</report>
			<report>
				<misses>58000001</misses>
				<total>-13</total>
				<timestamp>360.709459</timestamp>
			</report>
			<report>
				<misses>58100001</misses>
				<total>-13</total>
				<timestamp>361.331476</timestamp>
			</report>
			<report>
				<misses>58200001</misses>
				<total>-13</total>
				<timestamp>361.951509</timestamp>
			</report>
			<report>
				<misses>58300001</misses>
				<total>-13</total>
				<timestamp>362.575548</timestamp>
			</report>
			<report>
				<misses>58400001</misses>
				<total>-13</total>
				<timestamp>363.201738</timestamp>
			</report>
			<report>
				<misses>58500001</misses>
				<total>-13</total>
				<timestamp>363.823342</timestamp>
			</report>
			<report>
				<misses>58600001</misses>
				<total>-13</total>
				<timestamp>364.449822</timestamp>
			</report>
			<report>
				<misses>58700001</misses>
				<total>-13</total>
				<timestamp>365.066982</timestamp>
			</report>
			<report>
				<misses>58800001</misses>
				<total>-13</total>
				<timestamp>365.686658</timestamp>
			</report>
			<report>
				<misses>58900001</misses>
				<total>-13</total>
				<timestamp>366.312965</timestamp>
			</report>
			<report>
				<misses>59000001</misses>
				<total>-13</total>
				<timestamp>366.934061</timestamp>
			</report>
			<report>
				<misses>59100001</misses>
				<total>-13</total>
				<timestamp>367.559949</timestamp>
			</report>
			<report>
				<misses>59200001</misses>
				<total>-13</total>
				<timestamp>368.186996</timestamp>
			</report>
			<report>
				<misses>59300001</misses>
				<total>-13</total>
				<timestamp>368.811630</timestamp>
			</report>
			<report>
				<misses>59400001</misses>
				<total>-13</total>
				<timestamp>369.435942</timestamp>
			</report>
			<report>
				<misses>59500001</misses>
				<total>-13</total>
				<timestamp>370.064930</timestamp>
			</report>
			<report>
				<misses>59600001</misses>
				<total>-13</total>
				<timestamp>370.691350</timestamp>
			</report>
			<report>
				<misses>59700001</misses>
				<total>-13</total>
				<timestamp>371.315967</timestamp>
			</report>
			<report>
				<misses>59800001</misses>
				<total>-13</total>
				<timestamp>371.937456</timestamp>
			</report>
			<report>
				<misses>59900001</misses>
				<total>-13</total>
				<timestamp>372.560514</timestamp>
			</report>
			<report>
				<misses>60000001</misses>
				<total>-13</total>
				<timestamp>373.187702</timestamp>
			</report>
			<report>
				<misses>60100001</misses>
				<total>-13</total>
				<timestamp>373.816027</timestamp>
			</report>
			<report>
				<misses>60200001</misses>
				<total>-13</total>
				<timestamp>374.443966</timestamp>
			</report>
			<report>
				<misses>60300001</misses>
				<total>-13</total>
				<timestamp>375.064966</timestamp>
			</report>
			<report>
				<misses>60400001</misses>
				<total>-13</total>
				<timestamp>375.688133</timestamp>
			</report>
			<report>
				<misses>60500001</misses>
				<total>-13</total>
				<timestamp>376.303069</timestamp>
			</report>
			<report>
				<misses>60600001</misses>
				<total>-13</total>
				<timestamp>376.920586</timestamp>
			</report>
			<report>
				<misses>60700001</misses>
				<total>-13</total>
				<timestamp>377.543240</timestamp>
			</report>
			<report>
				<misses>60800001</misses>
				<total>-13</total>
				<timestamp>378.159969</timestamp>
			</report>
			<report>
				<misses>60900001</misses>
				<total>-13</total>
				<timestamp>378.781620</timestamp>
			</report>
			<report>
				<misses>61000001</misses>
				<total>-13</total>
				<timestamp>379.405180</timestamp>
			</report>
			<report>
				<misses>61100001</misses>
				<total>-13</total>
				<timestamp>380.021389</timestamp>
			</report>
			<report>
				<misses>61200001</misses>
				<total>-13</total>
				<timestamp>380.641354</timestamp>
			</report>
			<report>
				<misses>61300001</misses>
				<total>-13</total>
				<timestamp>381.262718</timestamp>
			</report>
			<report>
				<misses>61400001</misses>
				<total>-13</total>
				<timestamp>381.878937</timestamp>
			</report>
			<report>
				<misses>61500001</misses>
				<total>-13</total>
				<timestamp>382.505868</timestamp>
			</report>
			<report>
				<misses>61600001</misses>
				<total>-13</total>
				<timestamp>383.124668</timestamp>
			</report>
			<report>
				<misses>61700001</misses>
				<total>-13</total>
				<timestamp>383.750302</timestamp>
			</report>
			<report>
				<misses>61800001</misses>
				<total>-13</total>
				<timestamp>384.376451</timestamp>
			</report>
			<report>
				<misses>61900001</misses>
				<total>-13</total>
				<timestamp>385.004017</timestamp>
			</report>
			<report>
				<misses>62000001</misses>
				<total>-13</total>
				<timestamp>385.629921</timestamp>
			</report>
			<report>
				<misses>62100001</misses>
				<total>-13</total>
				<timestamp>386.251544</timestamp>
			</report>
			<report>
				<misses>62200001</misses>
				<total>-13</total>
				<timestamp>386.868785</timestamp>
			</report>
			<report>
				<misses>62300001</misses>
				<total>-13</total>
				<timestamp>387.492941</timestamp>
			</report>
			<report>
				<misses>62400001</misses>
				<total>-13</total>
				<timestamp>388.117352</timestamp>
			</report>
			<report>
				<misses>62500001</misses>
				<total>-13</total>
				<timestamp>388.737872</timestamp>
			</report>
			<report>
				<misses>62600001</misses>
				<total>-13</total>
				<timestamp>389.355587</timestamp>
			</report>
			<report>
				<misses>62700001</misses>
				<total>-13</total>
				<timestamp>389.981116</timestamp>
			</report>
			<report>
				<misses>62800001</misses>
				<total>-13</total>
				<timestamp>390.606149</timestamp>
			</report>
			<report>
				<misses>62900001</misses>
				<total>-13</total>
				<timestamp>391.229772</timestamp>
			</report>
			<report>
				<misses>63000001</misses>
				<total>-13</total>
				<timestamp>391.851297</timestamp>
			</report>
			<report>
				<misses>63100001</misses>
				<total>-13</total>
				<timestamp>392.473853</timestamp>
			</report>
			<report>
				<misses>63200001</misses>
				<total>-13</total>
				<timestamp>393.098497</timestamp>
			</report>
			<report>
				<misses>63300001</misses>
				<total>-13</total>
				<timestamp>393.717559</timestamp>
			</report>
			<report>
				<misses>63400001</misses>
				<total>-13</total>
				<timestamp>394.342556</timestamp>
			</report>
			<report>
				<misses>63500001</misses>
				<total>-13</total>
				<timestamp>394.963147</timestamp>
			</report>
			<report>
				<misses>63600001</misses>
				<total>-13</total>
				<timestamp>395.590076</timestamp>
			</report>
			<report>
				<misses>63700001</misses>
				<total>-13</total>
				<timestamp>396.212743</timestamp>
			</report>
			<report>
				<misses>63800001</misses>
				<total>-13</total>
				<timestamp>396.834513</timestamp>
			</report>
			<report>
				<misses>63900001</misses>
				<total>-13</total>
				<timestamp>397.458597</timestamp>
			</report>
			<report>
				<misses>64000001</misses>
				<total>-13</total>
				<timestamp>398.082808</timestamp>
			</report>
			<report>
				<misses>64100001</misses>
				<total>-13</total>
				<timestamp>398.707810</timestamp>
			</report>
			<report>
				<misses>64200001</misses>
				<total>-13</total>
				<timestamp>399.330330</timestamp>
			</report>
			<report>
				<misses>64300001</misses>
				<total>-13</total>
				<timestamp>399.954297</timestamp>
			</report>
			<report>
				<misses>64400001</misses>
				<total>-13</total>
				<timestamp>400.581623</timestamp>
			</report>
			<report>
				<misses>64500001</misses>
				<total>-13</total>
				<timestamp>401.198848</timestamp>
			</report>
			<report>
				<misses>64600001</misses>
				<total>-13</total>
				<timestamp>401.818749</timestamp>
			</report>
			<report>
				<misses>64700001</misses>
				<total>-13</total>
				<timestamp>402.436195</timestamp>
			</report>
			<report>
				<misses>64800001</misses>
				<total>-13</total>
				<timestamp>403.056809</timestamp>
			</report>
			<report>
				<misses>64900001</misses>
				<total>-13</total>
				<timestamp>403.682029</timestamp>
			</report>
			<report>
				<misses>65000001</misses>
				<total>-13</total>
				<timestamp>404.305171</timestamp>
			</report>
			<report>
				<misses>65100001</misses>
				<total>-13</total>
				<timestamp>404.932353</timestamp>
			</report>
			<report>
				<misses>65200001</misses>
				<total>-13</total>
				<timestamp>405.554892</timestamp>
			</report>
			<report>
				<misses>65300001</misses>
				<total>-13</total>
				<timestamp>406.178731</timestamp>
			</report>
			<report>
				<misses>65400001</misses>
				<total>-13</total>
				<timestamp>406.799720</timestamp>
			</report>
			<report>
				<misses>65500001</misses>
				<total>-13</total>
				<timestamp>407.419398</timestamp>
			</report>
			<report>
				<misses>65600001</misses>
				<total>-13</total>
				<timestamp>408.040150</timestamp>
			</report>
			<report>
				<misses>65700001</misses>
				<total>-13</total>
				<timestamp>408.669009</timestamp>
			</report>
			<report>
				<misses>65800001</misses>
				<total>-13</total>
				<timestamp>409.296585</timestamp>
			</report>
			<report>
				<misses>65900001</misses>
				<total>-13</total>
				<timestamp>409.919890</timestamp>
			</report>
			<report>
				<misses>66000001</misses>
				<total>-13</total>
				<timestamp>410.546944</timestamp>
			</report>
			<report>
				<misses>66100001</misses>
				<total>-13</total>
				<timestamp>411.170126</timestamp>
			</report>
			<report>
				<misses>66200001</misses>
				<total>-13</total>
				<timestamp>411.793819</timestamp>
			</report>
			<report>
				<misses>66300001</misses>
				<total>-13</total>
				<timestamp>412.412999</timestamp>
			</report>
			<report>
				<misses>66400001</misses>
				<total>-13</total>
				<timestamp>413.038892</timestamp>
			</report>
			<report>
				<misses>66500001</misses>
				<total>-13</total>
				<timestamp>413.660788</timestamp>
			</report>
			<report>
				<misses>66600001</misses>
				<total>-13</total>
				<timestamp>414.284488</timestamp>
			</report>
			<report>
				<misses>66700001</misses>
				<total>-13</total>
				<timestamp>414.907808</timestamp>
			</report>
			<report>
				<misses>66800001</misses>
				<total>-13</total>
				<timestamp>415.531767</timestamp>
			</report>
			<report>
				<misses>66900001</misses>
				<total>-13</total>
				<timestamp>416.152886</timestamp>
			</report>
			<report>
				<misses>67000001</misses>
				<total>-13</total>
				<timestamp>416.775311</timestamp>
			</report>
			<report>
				<misses>67100001</misses>
				<total>-13</total>
				<timestamp>417.397636</timestamp>
			</report>
			<report>
				<misses>67200001</misses>
				<total>-13</total>
				<timestamp>418.018757</timestamp>
			</report>
			<report>
				<misses>67300001</misses>
				<total>-13</total>
				<timestamp>418.643781</timestamp>
			</report>
			<report>
				<misses>67400001</misses>
				<total>-13</total>
				<timestamp>419.263665</timestamp>
			</report>
			<report>
				<misses>67500001</misses>
				<total>-13</total>
				<timestamp>419.889950</timestamp>
			</report>
			<report>
				<misses>67600001</misses>
				<total>-13</total>
				<timestamp>420.510675</timestamp>
			</report>
			<report>
				<misses>67700001</misses>
				<total>-13</total>
				<timestamp>421.136565</timestamp>
			</report>
			<report>
				<misses>67800001</misses>
				<total>-13</total>
				<timestamp>421.759243</timestamp>
			</report>
			<report>
				<misses>67900001</misses>
				<total>-13</total>
				<timestamp>422.388986</timestamp>
			</report>
			<report>
				<misses>68000001</misses>
				<total>-13</total>
				<timestamp>423.010379</timestamp>
			</report>
			<report>
				<misses>68100001</misses>
				<total>-13</total>
				<timestamp>423.628161</timestamp>
			</report>
			<report>
				<misses>68200001</misses>
				<total>-13</total>
				<timestamp>424.247368</timestamp>
			</report>
			<report>
				<misses>68300001</misses>
				<total>-13</total>
				<timestamp>424.870676</timestamp>
			</report>
			<report>
				<misses>68400001</misses>
				<total>-13</total>
				<timestamp>425.490619</timestamp>
			</report>
			<report>
				<misses>68500001</misses>
				<total>-13</total>
				<timestamp>426.108526</timestamp>
			</report>
			<report>
				<misses>68600001</misses>
				<total>-13</total>
				<timestamp>426.727327</timestamp>
			</report>
			<report>
				<misses>68700001</misses>
				<total>-13</total>
				<timestamp>427.351802</timestamp>
			</report>
			<report>
				<misses>68800001</misses>
				<total>-13</total>
				<timestamp>427.974075</timestamp>
			</report>
			<report>
				<misses>68900001</misses>
				<total>-13</total>
				<timestamp>428.603710</timestamp>
			</report>
			<report>
				<misses>69000001</misses>
				<total>-13</total>
				<timestamp>429.226055</timestamp>
			</report>
			<report>
				<misses>69100001</misses>
				<total>-13</total>
				<timestamp>429.848045</timestamp>
			</report>
			<report>
				<misses>69200001</misses>
				<total>-13</total>
				<timestamp>430.472444</timestamp>
			</report>
			<report>
				<misses>69300001</misses>
				<total>-13</total>
				<timestamp>431.086754</timestamp>
			</report>
			<report>
				<misses>69400001</misses>
				<total>-13</total>
				<timestamp>431.712585</timestamp>
			</report>
			<report>
				<misses>69500001</misses>
				<total>-13</total>
				<timestamp>432.342094</timestamp>
			</report>
			<report>
				<misses>69600001</misses>
				<total>-13</total>
				<timestamp>432.967274</timestamp>
			</report>
			<report>
				<misses>69700001</misses>
				<total>-13</total>
				<timestamp>433.588058</timestamp>
			</report>
			<report>
				<misses>69800001</misses>
				<total>-13</total>
				<timestamp>434.217953</timestamp>
			</report>
			<report>
				<misses>69900001</misses>
				<total>-13</total>
				<timestamp>434.841915</timestamp>
			</report>
			<report>
				<misses>70000001</misses>
				<total>-13</total>
				<timestamp>435.467164</timestamp>
			</report>
			<report>
				<misses>70100001</misses>
				<total>-13</total>
				<timestamp>436.090722</timestamp>
			</report>
			<report>
				<misses>70200001</misses>
				<total>-13</total>
				<timestamp>436.713391</timestamp>
			</report>
			<report>
				<misses>70300001</misses>
				<total>-13</total>
				<timestamp>437.340705</timestamp>
			</report>
			<report>
				<misses>70400001</misses>
				<total>-13</total>
				<timestamp>437.965580</timestamp>
			</report>
			<report>
				<misses>70500001</misses>
				<total>-13</total>
				<timestamp>438.587338</timestamp>
			</report>
			<report>
				<misses>70600001</misses>
				<total>-13</total>
				<timestamp>439.210933</timestamp>
			</report>
			<report>
				<misses>70700001</misses>
				<total>-13</total>
				<timestamp>439.833424</timestamp>
			</report>
			<report>
				<misses>70800001</misses>
				<total>-13</total>
				<timestamp>440.451776</timestamp>
			</report>
			<report>
				<misses>70900001</misses>
				<total>-13</total>
				<timestamp>441.073788</timestamp>
			</report>
			<report>
				<misses>71000001</misses>
				<total>-13</total>
				<timestamp>441.698910</timestamp>
			</report>
			<report>
				<misses>71100001</misses>
				<total>-13</total>
				<timestamp>442.320701</timestamp>
			</report>
			<report>
				<misses>71200001</misses>
				<total>-13</total>
				<timestamp>442.941964</timestamp>
			</report>
			<report>
				<misses>71300001</misses>
				<total>-13</total>
				<timestamp>443.566858</timestamp>
			</report>
			<report>
				<misses>71400001</misses>
				<total>-13</total>
				<timestamp>444.185981</timestamp>
			</report>
			<report>
				<misses>71500001</misses>
				<total>-13</total>
				<timestamp>444.808909</timestamp>
			</report>
			<report>
				<misses>71600001</misses>
				<total>-13</total>
				<timestamp>445.430019</timestamp>
			</report>
			<report>
				<misses>71700001</misses>
				<total>-13</total>
				<timestamp>446.045736</timestamp>
			</report>
			<report>
				<misses>71800001</misses>
				<total>-13</total>
				<timestamp>446.664425</timestamp>
			</report>
			<report>
				<misses>71900001</misses>
				<total>-13</total>
				<timestamp>447.285705</timestamp>
			</report>
			<report>
				<misses>72000001</misses>
				<total>-13</total>
				<timestamp>447.908602</timestamp>
			</report>
			<report>
				<misses>72100001</misses>
				<total>-13</total>
				<timestamp>448.530986</timestamp>
			</report>
			<report>
				<misses>72200001</misses>
				<total>-13</total>
				<timestamp>449.146075</timestamp>
			</report>
			<report>
				<misses>72300001</misses>
				<total>-13</total>
				<timestamp>449.762884</timestamp>
			</report>
			<report>
				<misses>72400001</misses>
				<total>-13</total>
				<timestamp>450.389016</timestamp>
			</report>
			<report>
				<misses>72500001</misses>
				<total>-13</total>
				<timestamp>451.013880</timestamp>
			</report>
			<report>
				<misses>72600001</misses>
				<total>-13</total>
				<timestamp>451.637317</timestamp>
			</report>
			<report>
				<misses>72700001</misses>
				<total>-13</total>
				<timestamp>452.261244</timestamp>
			</report>
			<report>
				<misses>72800001</misses>
				<total>-13</total>
				<timestamp>452.882745</timestamp>
			</report>
			<report>
				<misses>72900001</misses>
				<total>-13</total>
				<timestamp>453.504808</timestamp>
			</report>
			<report>
				<misses>73000001</misses>
				<total>-13</total>
				<timestamp>454.129080</timestamp>
			</report>
			<report>
				<misses>73100001</misses>
				<total>-13</total>
				<timestamp>454.746791</timestamp>
			</report>
			<report>
				<misses>73200001</misses>
				<total>-13</total>
				<timestamp>455.371657</timestamp>
			</report>
			<report>
				<misses>73300001</misses>
				<total>-13</total>
				<timestamp>455.995605</timestamp>
			</report>
			<report>
				<misses>73400001</misses>
				<total>-13</total>
				<timestamp>456.617770</timestamp>
			</report>
			<report>
				<misses>73500001</misses>
				<total>-13</total>
				<timestamp>457.242898</timestamp>
			</report>
			<report>
				<misses>73600001</misses>
				<total>-13</total>
				<timestamp>457.860401</timestamp>
			</report>
			<report>
				<misses>73700001</misses>
				<total>-13</total>
				<timestamp>458.477656</timestamp>
			</report>
			<report>
				<misses>73800001</misses>
				<total>-13</total>
				<timestamp>459.098772</timestamp>
			</report>
			<report>
				<misses>73900001</misses>
				<total>-13</total>
				<timestamp>459.725192</timestamp>
			</report>
			<report>
				<misses>74000001</misses>
				<total>-13</total>
				<timestamp>460.348729</timestamp>
			</report>
			<report>
				<misses>74100001</misses>
				<total>-13</total>
				<timestamp>460.971657</timestamp>
			</report>
			<report>
				<misses>74200001</misses>
				<total>-13</total>
				<timestamp>461.596668</timestamp>
			</report>
			<report>
				<misses>74300001</misses>
				<total>-13</total>
				<timestamp>462.222554</timestamp>
			</report>
			<report>
				<misses>74400001</misses>
				<total>-13</total>
				<timestamp>462.840835</timestamp>
			</report>
			<report>
				<misses>74500001</misses>
				<total>-13</total>
				<timestamp>463.465945</timestamp>
			</report>
			<report>
				<misses>74600001</misses>
				<total>-13</total>
				<timestamp>464.085275</timestamp>
			</report>
			<report>
				<misses>74700001</misses>
				<total>-13</total>
				<timestamp>464.707936</timestamp>
			</report>
			<report>
				<misses>74800001</misses>
				<total>-13</total>
				<timestamp>465.328153</timestamp>
			</report>
			<report>
				<misses>74900001</misses>
				<total>-13</total>
				<timestamp>465.950041</timestamp>
			</report>
			<report>
				<misses>75000001</misses>
				<total>-13</total>
				<timestamp>466.572960</timestamp>
			</report>
			<report>
				<misses>75100001</misses>
				<total>-13</total>
				<timestamp>467.191227</timestamp>
			</report>
			<report>
				<misses>75200001</misses>
				<total>-13</total>
				<timestamp>467.805015</timestamp>
			</report>
			<report>
				<misses>75300001</misses>
				<total>-13</total>
				<timestamp>468.429355</timestamp>
			</report>
			<report>
				<misses>75400001</misses>
				<total>-13</total>
				<timestamp>469.046091</timestamp>
			</report>
			<report>
				<misses>75500001</misses>
				<total>-13</total>
				<timestamp>469.666953</timestamp>
			</report>
			<report>
				<misses>75600001</misses>
				<total>-13</total>
				<timestamp>470.283946</timestamp>
			</report>
			<report>
				<misses>75700001</misses>
				<total>-13</total>
				<timestamp>470.904554</timestamp>
			</report>
			<report>
				<misses>75800001</misses>
				<total>-13</total>
				<timestamp>471.528519</timestamp>
			</report>
			<report>
				<misses>75900001</misses>
				<total>-13</total>
				<timestamp>472.152997</timestamp>
			</report>
			<report>
				<misses>76000001</misses>
				<total>-13</total>
				<timestamp>472.773210</timestamp>
			</report>
			<report>
				<misses>76100001</misses>
				<total>-13</total>
				<timestamp>473.397413</timestamp>
			</report>
			<report>
				<misses>76200001</misses>
				<total>-13</total>
				<timestamp>474.012076</timestamp>
			</report>
			<report>
				<misses>76300001</misses>
				<total>-13</total>
				<timestamp>474.637591</timestamp>
			</report>
			<report>
				<misses>76400001</misses>
				<total>-13</total>
				<timestamp>475.257491</timestamp>
			</report>
			<report>
				<misses>76500001</misses>
				<total>-13</total>
				<timestamp>475.878884</timestamp>
			</report>
			<report>
				<misses>76600001</misses>
				<total>-13</total>
				<timestamp>476.499167</timestamp>
			</report>
			<report>
				<misses>76700001</misses>
				<total>-13</total>
				<timestamp>477.121452</timestamp>
			</report>
			<report>
				<misses>76800001</misses>
				<total>-13</total>
				<timestamp>477.734990</timestamp>
			</report>
			<report>
				<misses>76900001</misses>
				<total>-13</total>
				<timestamp>478.356363</timestamp>
			</report>
			<report>
				<misses>77000001</misses>
				<total>-13</total>
				<timestamp>478.978709</timestamp>
			</report>
			<report>
				<misses>77100001</misses>
				<total>-13</total>
				<timestamp>479.601216</timestamp>
			</report>
			<report>
				<misses>77200001</misses>
				<total>-13</total>
				<timestamp>480.220327</timestamp>
			</report>
			<report>
				<misses>77300001</misses>
				<total>-13</total>
				<timestamp>480.841587</timestamp>
			</report>
			<report>
				<misses>77400001</misses>
				<total>-13</total>
				<timestamp>481.461016</timestamp>
			</report>
			<report>
				<misses>77500001</misses>
				<total>-13</total>
				<timestamp>482.087708</timestamp>
			</report>
			<report>
				<misses>77600001</misses>
				<total>-13</total>
				<timestamp>482.708603</timestamp>
			</report>
			<report>
				<misses>77700001</misses>
				<total>-13</total>
				<timestamp>483.330734</timestamp>
			</report>
			<report>
				<misses>77800001</misses>
				<total>-13</total>
				<timestamp>483.957218</timestamp>
			</report>
			<report>
				<misses>77900001</misses>
				<total>-13</total>
				<timestamp>484.579638</timestamp>
			</report>
			<report>
				<misses>78000001</misses>
				<total>-13</total>
				<timestamp>485.202968</timestamp>
			</report>
			<report>
				<misses>78100001</misses>
				<total>-13</total>
				<timestamp>485.819431</timestamp>
			</report>
			<report>
				<misses>78200001</misses>
				<total>-13</total>
				<timestamp>486.443518</timestamp>
			</report>
			<report>
				<misses>78300001</misses>
				<total>-13</total>
				<timestamp>487.062074</timestamp>
			</report>
			<report>
				<misses>78400001</misses>
				<total>-13</total>
				<timestamp>487.686430</timestamp>
			</report>
			<report>
				<misses>78500001</misses>
				<total>-13</total>
				<timestamp>488.306896</timestamp>
			</report>
			<report>
				<misses>78600001</misses>
				<total>-13</total>
				<timestamp>488.927890</timestamp>
			</report>
			<report>
				<misses>78700001</misses>
				<total>-13</total>
				<timestamp>489.551592</timestamp>
			</report>
			<report>
				<misses>78800001</misses>
				<total>-13</total>
				<timestamp>490.170518</timestamp>
			</report>
			<report>
				<misses>78900001</misses>
				<total>-13</total>
				<timestamp>490.790722</timestamp>
			</report>
			<report>
				<misses>79000001</misses>
				<total>-13</total>
				<timestamp>491.413145</timestamp>
			</report>
			<report>
				<misses>79100001</misses>
				<total>-13</total>
				<timestamp>492.033695</timestamp>
			</report>
			<report>
				<misses>79200001</misses>
				<total>-13</total>
				<timestamp>492.657553</timestamp>
			</report>
			<report>
				<misses>79300001</misses>
				<total>-13</total>
				<timestamp>493.277901</timestamp>
			</report>
			<report>
				<misses>79400001</misses>
				<total>-13</total>
				<timestamp>493.903695</timestamp>
			</report>
			<report>
				<misses>79500001</misses>
				<total>-13</total>
				<timestamp>494.517735</timestamp>
			</report>
			<report>
				<misses>79600001</misses>
				<total>-13</total>
				<timestamp>495.135380</timestamp>
			</report>
			<report>
				<misses>79700001</misses>
				<total>-13</total>
				<timestamp>495.757099</timestamp>
			</report>
			<report>
				<misses>79800001</misses>
				<total>-13</total>
				<timestamp>496.377673</timestamp>
			</report>
			<report>
				<misses>79900001</misses>
				<total>-13</total>
				<timestamp>496.994792</timestamp>
			</report>
			<report>
				<misses>80000001</misses>
				<total>-13</total>
				<timestamp>497.611017</timestamp>
			</report>
			<report>
				<misses>80100001</misses>
				<total>-13</total>
				<timestamp>498.232640</timestamp>
			</report>
			<report>
				<misses>80200001</misses>
				<total>-13</total>
				<timestamp>498.853637</timestamp>
			</report>
			<report>
				<misses>80300001</misses>
				<total>-13</total>
				<timestamp>499.474889</timestamp>
			</report>
			<report>
				<misses>80400001</misses>
				<total>-13</total>
				<timestamp>500.097165</timestamp>
			</report>
			<report>
				<misses>80500001</misses>
				<total>-13</total>
				<timestamp>500.724074</timestamp>
			</report>
			<report>
				<misses>80600001</misses>
				<total>-13</total>
				<timestamp>501.347926</timestamp>
			</report>
			<report>
				<misses>80700001</misses>
				<total>-13</total>
				<timestamp>501.971803</timestamp>
			</report>
			<report>
				<misses>80800001</misses>
				<total>-13</total>
				<timestamp>502.598209</timestamp>
			</report>
			<report>
				<misses>80900001</misses>
				<total>-13</total>
				<timestamp>503.218804</timestamp>
			</report>
			<report>
				<misses>81000001</misses>
				<total>-13</total>
				<timestamp>503.844589</timestamp>
			</report>
			<report>
				<misses>81100001</misses>
				<total>-13</total>
				<timestamp>504.470088</timestamp>
			</report>
			<report>
				<misses>81200001</misses>
				<total>-13</total>
				<timestamp>505.089770</timestamp>
			</report>
			<report>
				<misses>81300001</misses>
				<total>-13</total>
				<timestamp>505.716199</timestamp>
			</report>
			<report>
				<misses>81400001</misses>
				<total>-13</total>
				<timestamp>506.335137</timestamp>
			</report>
			<report>
				<misses>81500001</misses>
				<total>-13</total>
				<timestamp>506.953414</timestamp>
			</report>
			<report>
				<misses>81600001</misses>
				<total>-13</total>
				<timestamp>507.577998</timestamp>
			</report>
			<report>
				<misses>81700001</misses>
				<total>-13</total>
				<timestamp>508.204804</timestamp>
			</report>
			<report>
				<misses>81800001</misses>
				<total>-13</total>
				<timestamp>508.829397</timestamp>
			</report>
			<report>
				<misses>81900001</misses>
				<total>-13</total>
				<timestamp>509.447685</timestamp>
			</report>
			<report>
				<misses>82000001</misses>
				<total>-13</total>
				<timestamp>510.061064</timestamp>
			</report>
			<report>
				<misses>82100001</misses>
				<total>-13</total>
				<timestamp>510.678724</timestamp>
			</report>
			<report>
				<misses>82200001</misses>
				<total>-13</total>
				<timestamp>511.301000</timestamp>
			</report>
			<report>
				<misses>82300001</misses>
				<total>-13</total>
				<timestamp>511.921600</timestamp>
			</report>
			<report>
				<misses>82400001</misses>
				<total>-13</total>
				<timestamp>512.549431</timestamp>
			</report>
			<report>
				<misses>82500001</misses>
				<total>-13</total>
				<timestamp>513.179953</timestamp>
			</report>
			<report>
				<misses>82600001</misses>
				<total>-13</total>
				<timestamp>513.798123</timestamp>
			</report>
			<report>
				<misses>82700001</misses>
				<total>-13</total>
				<timestamp>514.420388</timestamp>
			</report>
			<report>
				<misses>82800001</misses>
				<total>-13</total>
				<timestamp>515.049512</timestamp>
			</report>
			<report>
				<misses>82900001</misses>
				<total>-13</total>
				<timestamp>515.683269</timestamp>
			</report>
			<report>
				<misses>83000001</misses>
				<total>-13</total>
				<timestamp>516.306710</timestamp>
			</report>
			<report>
				<misses>83100001</misses>
				<total>-13</total>
				<timestamp>516.924868</timestamp>
			</report>
			<report>
				<misses>83200001</misses>
				<total>-13</total>
				<timestamp>517.540697</timestamp>
			</report>
			<report>
				<misses>83300001</misses>
				<total>-13</total>
				<timestamp>518.160771</timestamp>
			</report>
			<report>
				<misses>83400001</misses>
				<total>-13</total>
				<timestamp>518.783967</timestamp>
			</report>
			<report>
				<misses>83500001</misses>
				<total>-13</total>
				<timestamp>519.407923</timestamp>
			</report>
			<report>
				<misses>83600001</misses>
				<total>-13</total>
				<timestamp>520.036803</timestamp>
			</report>
			<report>
				<misses>83700001</misses>
				<total>-13</total>
				<timestamp>520.671187</timestamp>
			</report>
			<report>
				<misses>83800001</misses>
				<total>-13</total>
				<timestamp>521.298110</timestamp>
			</report>
			<report>
				<misses>83900001</misses>
				<total>-13</total>
				<timestamp>521.927914</timestamp>
			</report>
			<report>
				<misses>84000001</misses>
				<total>-13</total>
				<timestamp>522.552158</timestamp>
			</report>
			<report>
				<misses>84100001</misses>
				<total>-13</total>
				<timestamp>523.176632</timestamp>
			</report>
			<report>
				<misses>84200001</misses>
				<total>-13</total>
				<timestamp>523.804891</timestamp>
			</report>
			<report>
				<misses>84300001</misses>
				<total>-13</total>
				<timestamp>524.427033</timestamp>
			</report>
			<report>
				<misses>84400001</misses>
				<total>-13</total>
				<timestamp>525.057671</timestamp>
			</report>
			<report>
				<misses>84500001</misses>
				<total>-13</total>
				<timestamp>525.686002</timestamp>
			</report>
			<report>
				<misses>84600001</misses>
				<total>-13</total>
				<timestamp>526.315920</timestamp>
			</report>
			<report>
				<misses>84700001</misses>
				<total>-13</total>
				<timestamp>526.946082</timestamp>
			</report>
			<report>
				<misses>84800001</misses>
				<total>-13</total>
				<timestamp>527.575886</timestamp>
			</report>
			<report>
				<misses>84900001</misses>
				<total>-13</total>
				<timestamp>528.205937</timestamp>
			</report>
			<report>
				<misses>85000001</misses>
				<total>-13</total>
				<timestamp>528.835075</timestamp>
			</report>
			<report>
				<misses>85100001</misses>
				<total>-13</total>
				<timestamp>529.455359</timestamp>
			</report>
			<report>
				<misses>85200001</misses>
				<total>-13</total>
				<timestamp>530.075746</timestamp>
			</report>
			<report>
				<misses>85300001</misses>
				<total>-13</total>
				<timestamp>530.698676</timestamp>
			</report>
			<report>
				<misses>85400001</misses>
				<total>-13</total>
				<timestamp>531.320947</timestamp>
			</report>
			<report>
				<misses>85500001</misses>
				<total>-13</total>
				<timestamp>531.949277</timestamp>
			</report>
			<report>
				<misses>85600001</misses>
				<total>-13</total>
				<timestamp>532.564111</timestamp>
			</report>
			<report>
				<misses>85700001</misses>
				<total>-13</total>
				<timestamp>533.188161</timestamp>
			</report>
			<report>
				<misses>85800001</misses>
				<total>-13</total>
				<timestamp>533.814953</timestamp>
			</report>
			<report>
				<misses>85900001</misses>
				<total>-13</total>
				<timestamp>534.443302</timestamp>
			</report>
			<report>
				<misses>86000001</misses>
				<total>-13</total>
				<timestamp>535.066107</timestamp>
			</report>
			<report>
				<misses>86100001</misses>
				<total>-13</total>
				<timestamp>535.687204</timestamp>
			</report>
			<report>
				<misses>86200001</misses>
				<total>-13</total>
				<timestamp>536.305940</timestamp>
			</report>
			<report>
				<misses>86300001</misses>
				<total>-13</total>
				<timestamp>536.923727</timestamp>
			</report>
			<report>
				<misses>86400001</misses>
				<total>-13</total>
				<timestamp>537.545151</timestamp>
			</report>
			<report>
				<misses>86500001</misses>
				<total>-13</total>
				<timestamp>538.165864</timestamp>
			</report>
			<report>
				<misses>86600001</misses>
				<total>-13</total>
				<timestamp>538.788273</timestamp>
			</report>
			<report>
				<misses>86700001</misses>
				<total>-13</total>
				<timestamp>539.404000</timestamp>
			</report>
			<report>
				<misses>86800001</misses>
				<total>-13</total>
				<timestamp>540.020853</timestamp>
			</report>
			<report>
				<misses>86900001</misses>
				<total>-13</total>
				<timestamp>540.639062</timestamp>
			</report>
			<report>
				<misses>87000001</misses>
				<total>-13</total>
				<timestamp>541.259838</timestamp>
			</report>
			<report>
				<misses>87100001</misses>
				<total>-13</total>
				<timestamp>541.872992</timestamp>
			</report>
			<report>
				<misses>87200001</misses>
				<total>-13</total>
				<timestamp>542.491917</timestamp>
			</report>
			<report>
				<misses>87300001</misses>
				<total>-13</total>
				<timestamp>543.110382</timestamp>
			</report>
			<report>
				<misses>87400001</misses>
				<total>-13</total>
				<timestamp>543.729825</timestamp>
			</report>
			<report>
				<misses>87500001</misses>
				<total>-13</total>
				<timestamp>544.348966</timestamp>
			</report>
			<report>
				<misses>87600001</misses>
				<total>-13</total>
				<timestamp>544.966895</timestamp>
			</report>
			<report>
				<misses>87700001</misses>
				<total>-13</total>
				<timestamp>545.582233</timestamp>
			</report>
			<report>
				<misses>87800001</misses>
				<total>-13</total>
				<timestamp>546.202811</timestamp>
			</report>
			<report>
				<misses>87900001</misses>
				<total>-13</total>
				<timestamp>546.823683</timestamp>
			</report>
			<report>
				<misses>88000001</misses>
				<total>-13</total>
				<timestamp>547.444191</timestamp>
			</report>
			<report>
				<misses>88100001</misses>
				<total>-13</total>
				<timestamp>548.067912</timestamp>
			</report>
			<report>
				<misses>88200001</misses>
				<total>-13</total>
				<timestamp>548.684499</timestamp>
			</report>
			<report>
				<misses>88300001</misses>
				<total>-13</total>
				<timestamp>549.300719</timestamp>
			</report>
			<report>
				<misses>88400001</misses>
				<total>-13</total>
				<timestamp>549.925063</timestamp>
			</report>
			<report>
				<misses>88500001</misses>
				<total>-13</total>
				<timestamp>550.544370</timestamp>
			</report>
			<report>
				<misses>88600001</misses>
				<total>-13</total>
				<timestamp>551.164724</timestamp>
			</report>
			<report>
				<misses>88700001</misses>
				<total>-13</total>
				<timestamp>551.780440</timestamp>
			</report>
			<report>
				<misses>88800001</misses>
				<total>-13</total>
				<timestamp>552.398349</timestamp>
			</report>
			<report>
				<misses>88900001</misses>
				<total>-13</total>
				<timestamp>553.017396</timestamp>
			</report>
			<report>
				<misses>89000001</misses>
				<total>-13</total>
				<timestamp>553.632953</timestamp>
			</report>
			<report>
				<misses>89100001</misses>
				<total>-13</total>
				<timestamp>554.253123</timestamp>
			</report>
			<report>
				<misses>89200001</misses>
				<total>-13</total>
				<timestamp>554.871705</timestamp>
			</report>
			<report>
				<misses>89300001</misses>
				<total>-13</total>
				<timestamp>555.487392</timestamp>
			</report>
			<report>
				<misses>89400001</misses>
				<total>-13</total>
				<timestamp>556.111729</timestamp>
			</report>
			<report>
				<misses>89500001</misses>
				<total>-13</total>
				<timestamp>556.731775</timestamp>
			</report>
			<report>
				<misses>89600001</misses>
				<total>-13</total>
				<timestamp>557.350319</timestamp>
			</report>
			<report>
				<misses>89700001</misses>
				<total>-13</total>
				<timestamp>557.975026</timestamp>
			</report>
			<report>
				<misses>89800001</misses>
				<total>-13</total>
				<timestamp>558.609701</timestamp>
			</report>
			<report>
				<misses>89900001</misses>
				<total>-13</total>
				<timestamp>559.229388</timestamp>
			</report>
			<report>
				<misses>90000001</misses>
				<total>-13</total>
				<timestamp>559.855171</timestamp>
			</report>
			<report>
				<misses>90100001</misses>
				<total>-13</total>
				<timestamp>560.484333</timestamp>
			</report>
			<report>
				<misses>90200001</misses>
				<total>-13</total>
				<timestamp>561.112855</timestamp>
			</report>
			<report>
				<misses>90300001</misses>
				<total>-13</total>
				<timestamp>561.758625</timestamp>
			</report>
			<report>
				<misses>90400001</misses>
				<total>-13</total>
				<timestamp>562.388118</timestamp>
			</report>
			<report>
				<misses>90500001</misses>
				<total>-13</total>
				<timestamp>563.044103</timestamp>
			</report>
			<report>
				<misses>90600001</misses>
				<total>-13</total>
				<timestamp>563.676194</timestamp>
			</report>
			<report>
				<misses>90700001</misses>
				<total>-13</total>
				<timestamp>564.301718</timestamp>
			</report>
			<report>
				<misses>90800001</misses>
				<total>-13</total>
				<timestamp>564.929176</timestamp>
			</report>
			<report>
				<misses>90900001</misses>
				<total>-13</total>
				<timestamp>565.562290</timestamp>
			</report>
			<report>
				<misses>91000001</misses>
				<total>-13</total>
				<timestamp>566.216179</timestamp>
			</report>
			<report>
				<misses>91100001</misses>
				<total>-13</total>
				<timestamp>566.870791</timestamp>
			</report>
			<report>
				<misses>91200001</misses>
				<total>-13</total>
				<timestamp>567.497701</timestamp>
			</report>
			<report>
				<misses>91300001</misses>
				<total>-13</total>
				<timestamp>568.118804</timestamp>
			</report>
			<report>
				<misses>91400001</misses>
				<total>-13</total>
				<timestamp>568.754726</timestamp>
			</report>
			<report>
				<misses>91500001</misses>
				<total>-13</total>
				<timestamp>569.377411</timestamp>
			</report>
			<report>
				<misses>91600001</misses>
				<total>-13</total>
				<timestamp>570.004206</timestamp>
			</report>
			<report>
				<misses>91700001</misses>
				<total>-13</total>
				<timestamp>570.665894</timestamp>
			</report>
			<report>
				<misses>91800001</misses>
				<total>-13</total>
				<timestamp>571.318713</timestamp>
			</report>
			<report>
				<misses>91900001</misses>
				<total>-13</total>
				<timestamp>571.978535</timestamp>
			</report>
			<report>
				<misses>92000001</misses>
				<total>-13</total>
				<timestamp>572.619926</timestamp>
			</report>
			<report>
				<misses>92100001</misses>
				<total>-13</total>
				<timestamp>573.242844</timestamp>
			</report>
			<report>
				<misses>92200001</misses>
				<total>-13</total>
				<timestamp>573.879756</timestamp>
			</report>
			<report>
				<misses>92300001</misses>
				<total>-13</total>
				<timestamp>574.538063</timestamp>
			</report>
			<report>
				<misses>92400001</misses>
				<total>-13</total>
				<timestamp>575.171963</timestamp>
			</report>
			<report>
				<misses>92500001</misses>
				<total>-13</total>
				<timestamp>575.794398</timestamp>
			</report>
			<report>
				<misses>92600001</misses>
				<total>-13</total>
				<timestamp>576.413100</timestamp>
			</report>
			<report>
				<misses>92700001</misses>
				<total>-13</total>
				<timestamp>577.043262</timestamp>
			</report>
			<report>
				<misses>92800001</misses>
				<total>-13</total>
				<timestamp>577.662150</timestamp>
			</report>
			<report>
				<misses>92900001</misses>
				<total>-13</total>
				<timestamp>578.281476</timestamp>
			</report>
			<report>
				<misses>93000001</misses>
				<total>-13</total>
				<timestamp>578.917697</timestamp>
			</report>
			<report>
				<misses>93100001</misses>
				<total>-13</total>
				<timestamp>579.570492</timestamp>
			</report>
			<report>
				<misses>93200001</misses>
				<total>-13</total>
				<timestamp>580.204633</timestamp>
			</report>
			<report>
				<misses>93300001</misses>
				<total>-13</total>
				<timestamp>580.828343</timestamp>
			</report>
			<report>
				<misses>93400001</misses>
				<total>-13</total>
				<timestamp>581.458515</timestamp>
			</report>
			<report>
				<misses>93500001</misses>
				<total>-13</total>
				<timestamp>582.110341</timestamp>
			</report>
			<report>
				<misses>93600001</misses>
				<total>-13</total>
				<timestamp>582.736678</timestamp>
			</report>
			<report>
				<misses>93700001</misses>
				<total>-13</total>
				<timestamp>583.358709</timestamp>
			</report>
			<report>
				<misses>93800001</misses>
				<total>-13</total>
				<timestamp>584.006531</timestamp>
			</report>
			<report>
				<misses>93900001</misses>
				<total>-13</total>
				<timestamp>584.621067</timestamp>
			</report>
			<report>
				<misses>94000001</misses>
				<total>-13</total>
				<timestamp>585.271085</timestamp>
			</report>
			<report>
				<misses>94100001</misses>
				<total>-13</total>
				<timestamp>585.912836</timestamp>
			</report>
			<report>
				<misses>94200001</misses>
				<total>-13</total>
				<timestamp>586.549052</timestamp>
			</report>
			<report>
				<misses>94300001</misses>
				<total>-13</total>
				<timestamp>587.174963</timestamp>
			</report>
			<report>
				<misses>94400001</misses>
				<total>-13</total>
				<timestamp>587.804333</timestamp>
			</report>
			<report>
				<misses>94500001</misses>
				<total>-13</total>
				<timestamp>588.423639</timestamp>
			</report>
			<report>
				<misses>94600001</misses>
				<total>-13</total>
				<timestamp>589.051226</timestamp>
			</report>
			<report>
				<misses>94700001</misses>
				<total>-13</total>
				<timestamp>589.688339</timestamp>
			</report>
			<report>
				<misses>94800001</misses>
				<total>-13</total>
				<timestamp>590.320547</timestamp>
			</report>
			<report>
				<misses>94900001</misses>
				<total>-13</total>
				<timestamp>590.954302</timestamp>
			</report>
			<report>
				<misses>95000001</misses>
				<total>-13</total>
				<timestamp>591.569355</timestamp>
			</report>
			<report>
				<misses>95100001</misses>
				<total>-13</total>
				<timestamp>592.199902</timestamp>
			</report>
			<report>
				<misses>95200001</misses>
				<total>-13</total>
				<timestamp>592.834446</timestamp>
			</report>
			<report>
				<misses>95300001</misses>
				<total>-13</total>
				<timestamp>593.462403</timestamp>
			</report>
			<report>
				<misses>95400001</misses>
				<total>-13</total>
				<timestamp>594.088292</timestamp>
			</report>
			<report>
				<misses>95500001</misses>
				<total>-13</total>
				<timestamp>594.710838</timestamp>
			</report>
			<report>
				<misses>95600001</misses>
				<total>-13</total>
				<timestamp>595.334804</timestamp>
			</report>
			<report>
				<misses>95700001</misses>
				<total>-13</total>
				<timestamp>595.952791</timestamp>
			</report>
			<report>
				<misses>95800001</misses>
				<total>-13</total>
				<timestamp>596.583075</timestamp>
			</report>
			<report>
				<misses>95900001</misses>
				<total>-13</total>
				<timestamp>597.209745</timestamp>
			</report>
			<report>
				<misses>96000001</misses>
				<total>-13</total>
				<timestamp>597.843910</timestamp>
			</report>
			<report>
				<misses>96100001</misses>
				<total>-13</total>
				<timestamp>598.477675</timestamp>
			</report>
			<report>
				<misses>96200001</misses>
				<total>-13</total>
				<timestamp>599.107706</timestamp>
			</report>
			<report>
				<misses>96300001</misses>
				<total>-13</total>
				<timestamp>599.740309</timestamp>
			</report>
			<report>
				<misses>96400001</misses>
				<total>-13</total>
				<timestamp>600.365404</timestamp>
			</report>
			<report>
				<misses>96500001</misses>
				<total>-13</total>
				<timestamp>600.987801</timestamp>
			</report>
			<report>
				<misses>96600001</misses>
				<total>-13</total>
				<timestamp>601.608162</timestamp>
			</report>
			<report>
				<misses>96700001</misses>
				<total>-13</total>
				<timestamp>602.234463</timestamp>
			</report>
			<report>
				<misses>96800001</misses>
				<total>-13</total>
				<timestamp>602.857688</timestamp>
			</report>
			<report>
				<misses>96900001</misses>
				<total>-13</total>
				<timestamp>603.495670</timestamp>
			</report>
			<report>
				<misses>97000001</misses>
				<total>-13</total>
				<timestamp>604.119544</timestamp>
			</report>
			<report>
				<misses>97100001</misses>
				<total>-13</total>
				<timestamp>604.740152</timestamp>
			</report>
			<report>
				<misses>97200001</misses>
				<total>-13</total>
				<timestamp>605.372098</timestamp>
			</report>
			<report>
				<misses>97300001</misses>
				<total>-13</total>
				<timestamp>606.018633</timestamp>
			</report>
			<report>
				<misses>97400001</misses>
				<total>-13</total>
				<timestamp>606.638726</timestamp>
			</report>
			<report>
				<misses>97500001</misses>
				<total>-13</total>
				<timestamp>607.259064</timestamp>
			</report>
			<report>
				<misses>97600001</misses>
				<total>-13</total>
				<timestamp>607.893693</timestamp>
			</report>
			<report>
				<misses>97700001</misses>
				<total>-13</total>
				<timestamp>608.533933</timestamp>
			</report>
			<report>
				<misses>97800001</misses>
				<total>-13</total>
				<timestamp>609.159334</timestamp>
			</report>
			<report>
				<misses>97900001</misses>
				<total>-13</total>
				<timestamp>609.776725</timestamp>
			</report>
			<report>
				<misses>98000001</misses>
				<total>-13</total>
				<timestamp>610.391431</timestamp>
			</report>
			<report>
				<misses>98100001</misses>
				<total>-13</total>
				<timestamp>611.010685</timestamp>
			</report>
			<report>
				<misses>98200001</misses>
				<total>-13</total>
				<timestamp>611.626442</timestamp>
			</report>
			<report>
				<misses>98300001</misses>
				<total>-13</total>
				<timestamp>612.249434</timestamp>
			</report>
			<report>
				<misses>98400001</misses>
				<total>-13</total>
				<timestamp>612.901214</timestamp>
			</report>
			<report>
				<misses>98500001</misses>
				<total>-13</total>
				<timestamp>613.527354</timestamp>
			</report>
			<report>
				<misses>98600001</misses>
				<total>-13</total>
				<timestamp>614.153337</timestamp>
			</report>
			<report>
				<misses>98700001</misses>
				<total>-13</total>
				<timestamp>614.769151</timestamp>
			</report>
			<report>
				<misses>98800001</misses>
				<total>-13</total>
				<timestamp>615.385251</timestamp>
			</report>
			<report>
				<misses>98900001</misses>
				<total>-13</total>
				<timestamp>616.008813</timestamp>
			</report>
			<report>
				<misses>99000001</misses>
				<total>-13</total>
				<timestamp>616.631610</timestamp>
			</report>
			<report>
				<misses>99100001</misses>
				<total>-13</total>
				<timestamp>617.252979</timestamp>
			</report>
			<report>
				<misses>99200001</misses>
				<total>-13</total>
				<timestamp>617.876043</timestamp>
			</report>
			<report>
				<misses>99300001</misses>
				<total>-13</total>
				<timestamp>618.493536</timestamp>
			</report>
			<report>
				<misses>99400001</misses>
				<total>-13</total>
				<timestamp>619.107697</timestamp>
			</report>
			<report>
				<misses>99500001</misses>
				<total>-13</total>
				<timestamp>619.730234</timestamp>
			</report>
			<report>
				<misses>99600001</misses>
				<total>-13</total>
				<timestamp>620.349297</timestamp>
			</report>
			<report>
				<misses>99700001</misses>
				<total>-13</total>
				<timestamp>620.967819</timestamp>
			</report>
			<report>
				<misses>99800001</misses>
				<total>-13</total>
				<timestamp>621.584170</timestamp>
			</report>
			<report>
				<misses>99900001</misses>
				<total>-13</total>
				<timestamp>622.206135</timestamp>
			</report>
			<report>
				<misses>100000001</misses>
				<total>-13</total>
				<timestamp>622.824416</timestamp>
			</report>
			<report>
				<misses>100100001</misses>
				<total>-13</total>
				<timestamp>623.444209</timestamp>
			</report>
			<report>
				<misses>100200001</misses>
				<total>-13</total>
				<timestamp>624.062763</timestamp>
			</report>
			<report>
				<misses>100300001</misses>
				<total>-13</total>
				<timestamp>624.684622</timestamp>
			</report>
			<report>
				<misses>100400001</misses>
				<total>-13</total>
				<timestamp>625.306958</timestamp>
			</report>
			<report>
				<misses>100500001</misses>
				<total>-13</total>
				<timestamp>625.932485</timestamp>
			</report>
			<report>
				<misses>100600001</misses>
				<total>-13</total>
				<timestamp>626.544959</timestamp>
			</report>
			<report>
				<misses>100700001</misses>
				<total>-13</total>
				<timestamp>627.157166</timestamp>
			</report>
			<report>
				<misses>100800001</misses>
				<total>-13</total>
				<timestamp>627.775954</timestamp>
			</report>
			<report>
				<misses>100900001</misses>
				<total>-13</total>
				<timestamp>628.395534</timestamp>
			</report>
			<report>
				<misses>101000001</misses>
				<total>-13</total>
				<timestamp>629.011616</timestamp>
			</report>
			<report>
				<misses>101100001</misses>
				<total>-13</total>
				<timestamp>629.638269</timestamp>
			</report>
			<report>
				<misses>101200001</misses>
				<total>-13</total>
				<timestamp>630.252811</timestamp>
			</report>
			<report>
				<misses>101300001</misses>
				<total>-13</total>
				<timestamp>630.867605</timestamp>
			</report>
			<report>
				<misses>101400001</misses>
				<total>-13</total>
				<timestamp>631.483848</timestamp>
			</report>
			<report>
				<misses>101500001</misses>
				<total>-13</total>
				<timestamp>632.103645</timestamp>
			</report>
			<report>
				<misses>101600001</misses>
				<total>-13</total>
				<timestamp>632.723084</timestamp>
			</report>
			<report>
				<misses>101700001</misses>
				<total>-13</total>
				<timestamp>633.341757</timestamp>
			</report>
			<report>
				<misses>101800001</misses>
				<total>-13</total>
				<timestamp>633.960048</timestamp>
			</report>
			<report>
				<misses>101900001</misses>
				<total>-13</total>
				<timestamp>634.577939</timestamp>
			</report>
			<report>
				<misses>102000001</misses>
				<total>-13</total>
				<timestamp>635.192425</timestamp>
			</report>
			<report>
				<misses>102100001</misses>
				<total>-13</total>
				<timestamp>635.810139</timestamp>
			</report>
			<report>
				<misses>102200001</misses>
				<total>-13</total>
				<timestamp>636.429715</timestamp>
			</report>
			<report>
				<misses>102300001</misses>
				<total>-13</total>
				<timestamp>637.048408</timestamp>
			</report>
			<report>
				<misses>102400001</misses>
				<total>-13</total>
				<timestamp>637.669786</timestamp>
			</report>
			<report>
				<misses>102500001</misses>
				<total>-13</total>
				<timestamp>638.292520</timestamp>
			</report>
			<report>
				<misses>102600001</misses>
				<total>-13</total>
				<timestamp>638.912897</timestamp>
			</report>
			<report>
				<misses>102700001</misses>
				<total>-13</total>
				<timestamp>639.531854</timestamp>
			</report>
			<report>
				<misses>102800001</misses>
				<total>-13</total>
				<timestamp>640.148836</timestamp>
			</report>
			<report>
				<misses>102900001</misses>
				<total>-13</total>
				<timestamp>640.758905</timestamp>
			</report>
			<report>
				<misses>103000001</misses>
				<total>-13</total>
				<timestamp>641.379238</timestamp>
			</report>
			<report>
				<misses>103100001</misses>
				<total>-13</total>
				<timestamp>641.995516</timestamp>
			</report>
			<report>
				<misses>103200001</misses>
				<total>-13</total>
				<timestamp>642.618698</timestamp>
			</report>
			<report>
				<misses>103300001</misses>
				<total>-13</total>
				<timestamp>643.236604</timestamp>
			</report>
			<report>
				<misses>103400001</misses>
				<total>-13</total>
				<timestamp>643.857995</timestamp>
			</report>
			<report>
				<misses>103500001</misses>
				<total>-13</total>
				<timestamp>644.478069</timestamp>
			</report>
			<report>
				<misses>103600001</misses>
				<total>-13</total>
				<timestamp>645.090170</timestamp>
			</report>
			<report>
				<misses>103700001</misses>
				<total>-13</total>
				<timestamp>645.707924</timestamp>
			</report>
			<report>
				<misses>103800001</misses>
				<total>-13</total>
				<timestamp>646.328428</timestamp>
			</report>
			<report>
				<misses>103900001</misses>
				<total>-13</total>
				<timestamp>646.950421</timestamp>
			</report>
			<report>
				<misses>104000001</misses>
				<total>-13</total>
				<timestamp>647.575414</timestamp>
			</report>
			<report>
				<misses>104100001</misses>
				<total>-13</total>
				<timestamp>648.194465</timestamp>
			</report>
			<report>
				<misses>104200001</misses>
				<total>-13</total>
				<timestamp>648.815077</timestamp>
			</report>
			<report>
				<misses>104300001</misses>
				<total>-13</total>
				<timestamp>649.437084</timestamp>
			</report>
			<report>
				<misses>104400001</misses>
				<total>-13</total>
				<timestamp>650.061948</timestamp>
			</report>
			<report>
				<misses>104500001</misses>
				<total>-13</total>
				<timestamp>650.688882</timestamp>
			</report>
			<report>
				<misses>104600001</misses>
				<total>-13</total>
				<timestamp>651.308337</timestamp>
			</report>
			<report>
				<misses>104700001</misses>
				<total>-13</total>
				<timestamp>651.927115</timestamp>
			</report>
			<report>
				<misses>104800001</misses>
				<total>-13</total>
				<timestamp>652.549028</timestamp>
			</report>
			<report>
				<misses>104900001</misses>
				<total>-13</total>
				<timestamp>653.166256</timestamp>
			</report>
			<report>
				<misses>105000001</misses>
				<total>-13</total>
				<timestamp>653.786986</timestamp>
			</report>
			<report>
				<misses>105100001</misses>
				<total>-13</total>
				<timestamp>654.400380</timestamp>
			</report>
			<report>
				<misses>105200001</misses>
				<total>-13</total>
				<timestamp>655.014533</timestamp>
			</report>
			<report>
				<misses>105300001</misses>
				<total>-13</total>
				<timestamp>655.631249</timestamp>
			</report>
			<report>
				<misses>105400001</misses>
				<total>-13</total>
				<timestamp>656.246552</timestamp>
			</report>
			<report>
				<misses>105500001</misses>
				<total>-13</total>
				<timestamp>656.863426</timestamp>
			</report>
			<report>
				<misses>105600001</misses>
				<total>-13</total>
				<timestamp>657.486478</timestamp>
			</report>
			<report>
				<misses>105700001</misses>
				<total>-13</total>
				<timestamp>658.102583</timestamp>
			</report>
			<report>
				<misses>105800001</misses>
				<total>-13</total>
				<timestamp>658.721481</timestamp>
			</report>
			<report>
				<misses>105900001</misses>
				<total>-13</total>
				<timestamp>659.341460</timestamp>
			</report>
			<report>
				<misses>106000001</misses>
				<total>-13</total>
				<timestamp>659.963853</timestamp>
			</report>
			<report>
				<misses>106100001</misses>
				<total>-13</total>
				<timestamp>660.586787</timestamp>
			</report>
			<report>
				<misses>106200001</misses>
				<total>-13</total>
				<timestamp>661.212296</timestamp>
			</report>
			<report>
				<misses>106300001</misses>
				<total>-13</total>
				<timestamp>661.834446</timestamp>
			</report>
			<report>
				<misses>106400001</misses>
				<total>-13</total>
				<timestamp>662.450300</timestamp>
			</report>
			<report>
				<misses>106500001</misses>
				<total>-13</total>
				<timestamp>663.073567</timestamp>
			</report>
			<report>
				<misses>106600001</misses>
				<total>-13</total>
				<timestamp>663.691940</timestamp>
			</report>
			<report>
				<misses>106700001</misses>
				<total>-13</total>
				<timestamp>664.305974</timestamp>
			</report>
			<report>
				<misses>106800001</misses>
				<total>-13</total>
				<timestamp>664.921874</timestamp>
			</report>
			<report>
				<misses>106900001</misses>
				<total>-13</total>
				<timestamp>665.537219</timestamp>
			</report>
			<report>
				<misses>107000001</misses>
				<total>-13</total>
				<timestamp>666.153071</timestamp>
			</report>
			<report>
				<misses>107100001</misses>
				<total>-13</total>
				<timestamp>666.770448</timestamp>
			</report>
			<report>
				<misses>107200001</misses>
				<total>-13</total>
				<timestamp>667.391275</timestamp>
			</report>
			<report>
				<misses>107300001</misses>
				<total>-13</total>
				<timestamp>668.003629</timestamp>
			</report>
			<report>
				<misses>107400001</misses>
				<total>-13</total>
				<timestamp>668.620963</timestamp>
			</report>
			<report>
				<misses>107500001</misses>
				<total>-13</total>
				<timestamp>669.237210</timestamp>
			</report>
			<report>
				<misses>107600001</misses>
				<total>-13</total>
				<timestamp>669.858899</timestamp>
			</report>
			<report>
				<misses>107700001</misses>
				<total>-13</total>
				<timestamp>670.477808</timestamp>
			</report>
			<report>
				<misses>107800001</misses>
				<total>-13</total>
				<timestamp>671.093311</timestamp>
			</report>
			<report>
				<misses>107900001</misses>
				<total>-13</total>
				<timestamp>671.717129</timestamp>
			</report>
			<report>
				<misses>108000001</misses>
				<total>-13</total>
				<timestamp>672.335209</timestamp>
			</report>
			<report>
				<misses>108100001</misses>
				<total>-13</total>
				<timestamp>672.956514</timestamp>
			</report>
			<report>
				<misses>108200001</misses>
				<total>-13</total>
				<timestamp>673.572957</timestamp>
			</report>
			<report>
				<misses>108300001</misses>
				<total>-13</total>
				<timestamp>674.192600</timestamp>
			</report>
			<report>
				<misses>108400001</misses>
				<total>-13</total>
				<timestamp>674.805977</timestamp>
			</report>
			<report>
				<misses>108500001</misses>
				<total>-13</total>
				<timestamp>675.424257</timestamp>
			</report>
			<report>
				<misses>108600001</misses>
				<total>-13</total>
				<timestamp>676.046656</timestamp>
			</report>
			<report>
				<misses>108700001</misses>
				<total>-13</total>
				<timestamp>676.667813</timestamp>
			</report>
			<report>
				<misses>108800001</misses>
				<total>-13</total>
				<timestamp>677.290123</timestamp>
			</report>
			<report>
				<misses>108900001</misses>
				<total>-13</total>
				<timestamp>677.914291</timestamp>
			</report>
			<report>
				<misses>109000001</misses>
				<total>-13</total>
				<timestamp>678.531999</timestamp>
			</report>
			<report>
				<misses>109100001</misses>
				<total>-13</total>
				<timestamp>679.148891</timestamp>
			</report>
			<report>
				<misses>109200001</misses>
				<total>-13</total>
				<timestamp>679.770266</timestamp>
			</report>
			<report>
				<misses>109300001</misses>
				<total>-13</total>
				<timestamp>680.387002</timestamp>
			</report>
			<report>
				<misses>109400001</misses>
				<total>-13</total>
				<timestamp>681.009225</timestamp>
			</report>
			<report>
				<misses>109500001</misses>
				<total>-13</total>
				<timestamp>681.630604</timestamp>
			</report>
			<report>
				<misses>109600001</misses>
				<total>-13</total>
				<timestamp>682.244487</timestamp>
			</report>
			<report>
				<misses>109700001</misses>
				<total>-13</total>
				<timestamp>682.862766</timestamp>
			</report>
			<report>
				<misses>109800001</misses>
				<total>-13</total>
				<timestamp>683.483245</timestamp>
			</report>
			<report>
				<misses>109900001</misses>
				<total>-13</total>
				<timestamp>684.098054</timestamp>
			</report>
			<report>
				<misses>110000001</misses>
				<total>-13</total>
				<timestamp>684.719194</timestamp>
			</report>
			<report>
				<misses>110100001</misses>
				<total>-13</total>
				<timestamp>685.338226</timestamp>
			</report>
			<report>
				<misses>110200001</misses>
				<total>-13</total>
				<timestamp>685.958703</timestamp>
			</report>
			<report>
				<misses>110300001</misses>
				<total>-13</total>
				<timestamp>686.579302</timestamp>
			</report>
			<report>
				<misses>110400001</misses>
				<total>-13</total>
				<timestamp>687.202498</timestamp>
			</report>
			<report>
				<misses>110500001</misses>
				<total>-13</total>
				<timestamp>687.823606</timestamp>
			</report>
			<report>
				<misses>110600001</misses>
				<total>-13</total>
				<timestamp>688.450417</timestamp>
			</report>
			<report>
				<misses>110700001</misses>
				<total>-13</total>
				<timestamp>689.075148</timestamp>
			</report>
			<report>
				<misses>110800001</misses>
				<total>-13</total>
				<timestamp>689.695492</timestamp>
			</report>
			<report>
				<misses>110900001</misses>
				<total>-13</total>
				<timestamp>690.311560</timestamp>
			</report>
			<report>
				<misses>111000001</misses>
				<total>-13</total>
				<timestamp>690.932818</timestamp>
			</report>
			<report>
				<misses>111100001</misses>
				<total>-13</total>
				<timestamp>691.553042</timestamp>
			</report>
			<report>
				<misses>111200001</misses>
				<total>-13</total>
				<timestamp>692.170800</timestamp>
			</report>
			<report>
				<misses>111300001</misses>
				<total>-13</total>
				<timestamp>692.795645</timestamp>
			</report>
			<report>
				<misses>111400001</misses>
				<total>-13</total>
				<timestamp>693.418328</timestamp>
			</report>
			<report>
				<misses>111500001</misses>
				<total>-13</total>
				<timestamp>694.039319</timestamp>
			</report>
			<report>
				<misses>111600001</misses>
				<total>-13</total>
				<timestamp>694.660558</timestamp>
			</report>
			<report>
				<misses>111700001</misses>
				<total>-13</total>
				<timestamp>695.288249</timestamp>
			</report>
			<report>
				<misses>111800001</misses>
				<total>-13</total>
				<timestamp>695.908737</timestamp>
			</report>
			<report>
				<misses>111900001</misses>
				<total>-13</total>
				<timestamp>696.526894</timestamp>
			</report>
			<report>
				<misses>112000001</misses>
				<total>-13</total>
				<timestamp>697.150069</timestamp>
			</report>
			<report>
				<misses>112100001</misses>
				<total>-13</total>
				<timestamp>697.767313</timestamp>
			</report>
			<report>
				<misses>112200001</misses>
				<total>-13</total>
				<timestamp>698.387915</timestamp>
			</report>
			<report>
				<misses>112300001</misses>
				<total>-13</total>
				<timestamp>699.008013</timestamp>
			</report>
			<report>
				<misses>112400001</misses>
				<total>-13</total>
				<timestamp>699.628107</timestamp>
			</report>
			<report>
				<misses>112500001</misses>
				<total>-13</total>
				<timestamp>700.245210</timestamp>
			</report>
			<report>
				<misses>112600001</misses>
				<total>-13</total>
				<timestamp>700.866850</timestamp>
			</report>
			<report>
				<misses>112700001</misses>
				<total>-13</total>
				<timestamp>701.487973</timestamp>
			</report>
			<report>
				<misses>112800001</misses>
				<total>-13</total>
				<timestamp>702.115916</timestamp>
			</report>
			<report>
				<misses>112900001</misses>
				<total>-13</total>
				<timestamp>702.741697</timestamp>
			</report>
			<report>
				<misses>113000001</misses>
				<total>-13</total>
				<timestamp>703.372340</timestamp>
			</report>
			<report>
				<misses>113100001</misses>
				<total>-13</total>
				<timestamp>703.992712</timestamp>
			</report>
			<report>
				<misses>113200001</misses>
				<total>-13</total>
				<timestamp>704.607743</timestamp>
			</report>
			<report>
				<misses>113300001</misses>
				<total>-13</total>
				<timestamp>705.232553</timestamp>
			</report>
			<report>
				<misses>113400001</misses>
				<total>-13</total>
				<timestamp>705.857405</timestamp>
			</report>
			<report>
				<misses>113500001</misses>
				<total>-13</total>
				<timestamp>706.482015</timestamp>
			</report>
			<report>
				<misses>113600001</misses>
				<total>-13</total>
				<timestamp>707.106471</timestamp>
			</report>
			<report>
				<misses>113700001</misses>
				<total>-13</total>
				<timestamp>707.730190</timestamp>
			</report>
			<report>
				<misses>113800001</misses>
				<total>-13</total>
				<timestamp>708.358638</timestamp>
			</report>
			<report>
				<misses>113900001</misses>
				<total>-13</total>
				<timestamp>708.981585</timestamp>
			</report>
			<report>
				<misses>114000001</misses>
				<total>-13</total>
				<timestamp>709.608376</timestamp>
			</report>
			<report>
				<misses>114100001</misses>
				<total>-13</total>
				<timestamp>710.227955</timestamp>
			</report>
			<report>
				<misses>114200001</misses>
				<total>-13</total>
				<timestamp>710.854099</timestamp>
			</report>
			<report>
				<misses>114300001</misses>
				<total>-13</total>
				<timestamp>711.474966</timestamp>
			</report>
			<report>
				<misses>114400001</misses>
				<total>-13</total>
				<timestamp>712.094782</timestamp>
			</report>
			<report>
				<misses>114500001</misses>
				<total>-13</total>
				<timestamp>712.716542</timestamp>
			</report>
			<report>
				<misses>114600001</misses>
				<total>-13</total>
				<timestamp>713.346171</timestamp>
			</report>
			<report>
				<misses>114700001</misses>
				<total>-13</total>
				<timestamp>713.970070</timestamp>
			</report>
			<report>
				<misses>114800001</misses>
				<total>-13</total>
				<timestamp>714.593204</timestamp>
			</report>
			<report>
				<misses>114900001</misses>
				<total>-13</total>
				<timestamp>715.219824</timestamp>
			</report>
			<report>
				<misses>115000001</misses>
				<total>-13</total>
				<timestamp>715.840054</timestamp>
			</report>
			<report>
				<misses>115100001</misses>
				<total>-13</total>
				<timestamp>716.464995</timestamp>
			</report>
			<report>
				<misses>115200001</misses>
				<total>-13</total>
				<timestamp>717.085312</timestamp>
			</report>
			<report>
				<misses>115300001</misses>
				<total>-13</total>
				<timestamp>717.703912</timestamp>
			</report>
			<report>
				<misses>115400001</misses>
				<total>-13</total>
				<timestamp>718.321373</timestamp>
			</report>
			<report>
				<misses>115500001</misses>
				<total>-13</total>
				<timestamp>718.941784</timestamp>
			</report>
			<report>
				<misses>115600001</misses>
				<total>-13</total>
				<timestamp>719.567301</timestamp>
			</report>
			<report>
				<misses>115700001</misses>
				<total>-13</total>
				<timestamp>720.193257</timestamp>
			</report>
			<report>
				<misses>115800001</misses>
				<total>-13</total>
				<timestamp>720.814424</timestamp>
			</report>
			<report>
				<misses>115900001</misses>
				<total>-13</total>
				<timestamp>721.435205</timestamp>
			</report>
			<report>
				<misses>116000001</misses>
				<total>-13</total>
				<timestamp>722.058292</timestamp>
			</report>
			<report>
				<misses>116100001</misses>
				<total>-13</total>
				<timestamp>722.683422</timestamp>
			</report>
			<report>
				<misses>116200001</misses>
				<total>-13</total>
				<timestamp>723.310125</timestamp>
			</report>
			<report>
				<misses>116300001</misses>
				<total>-13</total>
				<timestamp>723.935901</timestamp>
			</report>
			<report>
				<misses>116400001</misses>
				<total>-13</total>
				<timestamp>724.562952</timestamp>
			</report>
			<report>
				<misses>116500001</misses>
				<total>-13</total>
				<timestamp>725.184968</timestamp>
			</report>
			<report>
				<misses>116600001</misses>
				<total>-13</total>
				<timestamp>725.805190</timestamp>
			</report>
			<report>
				<misses>116700001</misses>
				<total>-13</total>
				<timestamp>726.427979</timestamp>
			</report>
			<report>
				<misses>116800001</misses>
				<total>-13</total>
				<timestamp>727.053858</timestamp>
			</report>
			<report>
				<misses>116900001</misses>
				<total>-13</total>
				<timestamp>727.676673</timestamp>
			</report>
			<report>
				<misses>117000001</misses>
				<total>-13</total>
				<timestamp>728.296117</timestamp>
			</report>
			<report>
				<misses>117100001</misses>
				<total>-13</total>
				<timestamp>728.917746</timestamp>
			</report>
			<report>
				<misses>117200001</misses>
				<total>-13</total>
				<timestamp>729.541066</timestamp>
			</report>
			<report>
				<misses>117300001</misses>
				<total>-13</total>
				<timestamp>730.166569</timestamp>
			</report>
			<report>
				<misses>117400001</misses>
				<total>-13</total>
				<timestamp>730.785482</timestamp>
			</report>
			<report>
				<misses>117500001</misses>
				<total>-13</total>
				<timestamp>731.413286</timestamp>
			</report>
			<report>
				<misses>117600001</misses>
				<total>-13</total>
				<timestamp>732.036724</timestamp>
			</report>
			<report>
				<misses>117700001</misses>
				<total>-13</total>
				<timestamp>732.652894</timestamp>
			</report>
			<report>
				<misses>117800001</misses>
				<total>-13</total>
				<timestamp>733.276175</timestamp>
			</report>
			<report>
				<misses>117900001</misses>
				<total>-13</total>
				<timestamp>733.900581</timestamp>
			</report>
			<report>
				<misses>118000001</misses>
				<total>-13</total>
				<timestamp>734.530114</timestamp>
			</report>
			<report>
				<misses>118100001</misses>
				<total>-13</total>
				<timestamp>735.144400</timestamp>
			</report>
			<report>
				<misses>118200001</misses>
				<total>-13</total>
				<timestamp>735.767363</timestamp>
			</report>
			<report>
				<misses>118300001</misses>
				<total>-13</total>
				<timestamp>736.393144</timestamp>
			</report>
			<report>
				<misses>118400001</misses>
				<total>-13</total>
				<timestamp>737.010440</timestamp>
			</report>
			<report>
				<misses>118500001</misses>
				<total>-13</total>
				<timestamp>737.631390</timestamp>
			</report>
			<report>
				<misses>118600001</misses>
				<total>-13</total>
				<timestamp>738.253693</timestamp>
			</report>
			<report>
				<misses>118700001</misses>
				<total>-13</total>
				<timestamp>738.875615</timestamp>
			</report>
			<report>
				<misses>118800001</misses>
				<total>-13</total>
				<timestamp>739.495806</timestamp>
			</report>
			<report>
				<misses>118900001</misses>
				<total>-13</total>
				<timestamp>740.117911</timestamp>
			</report>
			<report>
				<misses>119000001</misses>
				<total>-13</total>
				<timestamp>740.735800</timestamp>
			</report>
			<report>
				<misses>119100001</misses>
				<total>-13</total>
				<timestamp>741.356712</timestamp>
			</report>
			<report>
				<misses>119200001</misses>
				<total>-13</total>
				<timestamp>741.973310</timestamp>
			</report>
			<report>
				<misses>119300001</misses>
				<total>-13</total>
				<timestamp>742.593663</timestamp>
			</report>
			<report>
				<misses>119400001</misses>
				<total>-13</total>
				<timestamp>743.215543</timestamp>
			</report>
			<report>
				<misses>119500001</misses>
				<total>-13</total>
				<timestamp>743.842743</timestamp>
			</report>
			<report>
				<misses>119600001</misses>
				<total>-13</total>
				<timestamp>744.467733</timestamp>
			</report>
			<report>
				<misses>119700001</misses>
				<total>-13</total>
				<timestamp>745.088988</timestamp>
			</report>
			<report>
				<misses>119800001</misses>
				<total>-13</total>
				<timestamp>745.713470</timestamp>
			</report>
			<report>
				<misses>119900001</misses>
				<total>-13</total>
				<timestamp>746.333031</timestamp>
			</report>
			<report>
				<misses>120000001</misses>
				<total>-13</total>
				<timestamp>746.955303</timestamp>
			</report>
			<report>
				<misses>120100001</misses>
				<total>-13</total>
				<timestamp>747.575685</timestamp>
			</report>
			<report>
				<misses>120200001</misses>
				<total>-13</total>
				<timestamp>748.195358</timestamp>
			</report>
			<report>
				<misses>120300001</misses>
				<total>-13</total>
				<timestamp>748.816533</timestamp>
			</report>
			<report>
				<misses>120400001</misses>
				<total>-13</total>
				<timestamp>749.436627</timestamp>
			</report>
			<report>
				<misses>120500001</misses>
				<total>-13</total>
				<timestamp>750.060084</timestamp>
			</report>
			<report>
				<misses>120600001</misses>
				<total>-13</total>
				<timestamp>750.674364</timestamp>
			</report>
			<report>
				<misses>120700001</misses>
				<total>-13</total>
				<timestamp>751.297800</timestamp>
			</report>
			<report>
				<misses>120800001</misses>
				<total>-13</total>
				<timestamp>751.919561</timestamp>
			</report>
			<report>
				<misses>120900001</misses>
				<total>-13</total>
				<timestamp>752.538483</timestamp>
			</report>
			<report>
				<misses>121000001</misses>
				<total>-13</total>
				<timestamp>753.161678</timestamp>
			</report>
			<report>
				<misses>121100001</misses>
				<total>-13</total>
				<timestamp>753.782663</timestamp>
			</report>
			<report>
				<misses>121200001</misses>
				<total>-13</total>
				<timestamp>754.406151</timestamp>
			</report>
			<report>
				<misses>121300001</misses>
				<total>-13</total>
				<timestamp>755.029338</timestamp>
			</report>
			<report>
				<misses>121400001</misses>
				<total>-13</total>
				<timestamp>755.658740</timestamp>
			</report>
			<report>
				<misses>121500001</misses>
				<total>-13</total>
				<timestamp>756.281892</timestamp>
			</report>
			<report>
				<misses>121600001</misses>
				<total>-13</total>
				<timestamp>756.899242</timestamp>
			</report>
			<report>
				<misses>121700001</misses>
				<total>-13</total>
				<timestamp>757.525544</timestamp>
			</report>
			<report>
				<misses>121800001</misses>
				<total>-13</total>
				<timestamp>758.150659</timestamp>
			</report>
			<report>
				<misses>121900001</misses>
				<total>-13</total>
				<timestamp>758.771292</timestamp>
			</report>
			<report>
				<misses>122000001</misses>
				<total>-13</total>
				<timestamp>759.399383</timestamp>
			</report>
			<report>
				<misses>122100001</misses>
				<total>-13</total>
				<timestamp>760.024344</timestamp>
			</report>
			<report>
				<misses>122200001</misses>
				<total>-13</total>
				<timestamp>760.645505</timestamp>
			</report>
			<report>
				<misses>122300001</misses>
				<total>-13</total>
				<timestamp>761.265768</timestamp>
			</report>
			<report>
				<misses>122400001</misses>
				<total>-13</total>
				<timestamp>761.890106</timestamp>
			</report>
			<report>
				<misses>122500001</misses>
				<total>-13</total>
				<timestamp>762.511533</timestamp>
			</report>
			<report>
				<misses>122600001</misses>
				<total>-13</total>
				<timestamp>763.135027</timestamp>
			</report>
			<report>
				<misses>122700001</misses>
				<total>-13</total>
				<timestamp>763.753678</timestamp>
			</report>
			<report>
				<misses>122800001</misses>
				<total>-13</total>
				<timestamp>764.373127</timestamp>
			</report>
			<report>
				<misses>122900001</misses>
				<total>-13</total>
				<timestamp>764.989736</timestamp>
			</report>
			<report>
				<misses>123000001</misses>
				<total>-13</total>
				<timestamp>765.615247</timestamp>
			</report>
			<report>
				<misses>123100001</misses>
				<total>-13</total>
				<timestamp>766.241633</timestamp>
			</report>
			<report>
				<misses>123200001</misses>
				<total>-13</total>
				<timestamp>766.867331</timestamp>
			</report>
			<report>
				<misses>123300001</misses>
				<total>-13</total>
				<timestamp>767.491674</timestamp>
			</report>
			<report>
				<misses>123400001</misses>
				<total>-13</total>
				<timestamp>768.115355</timestamp>
			</report>
			<report>
				<misses>123500001</misses>
				<total>-13</total>
				<timestamp>768.739051</timestamp>
			</report>
			<report>
				<misses>123600001</misses>
				<total>-13</total>
				<timestamp>769.364450</timestamp>
			</report>
			<report>
				<misses>123700001</misses>
				<total>-13</total>
				<timestamp>769.981430</timestamp>
			</report>
			<report>
				<misses>123800001</misses>
				<total>-13</total>
				<timestamp>770.602813</timestamp>
			</report>
			<report>
				<misses>123900001</misses>
				<total>-13</total>
				<timestamp>771.223807</timestamp>
			</report>
			<report>
				<misses>124000001</misses>
				<total>-13</total>
				<timestamp>771.838741</timestamp>
			</report>
			<report>
				<misses>124100001</misses>
				<total>-13</total>
				<timestamp>772.457567</timestamp>
			</report>
			<report>
				<misses>124200001</misses>
				<total>-13</total>
				<timestamp>773.082534</timestamp>
			</report>
			<report>
				<misses>124300001</misses>
				<total>-13</total>
				<timestamp>773.699391</timestamp>
			</report>
			<report>
				<misses>124400001</misses>
				<total>-13</total>
				<timestamp>774.317851</timestamp>
			</report>
			<report>
				<misses>124500001</misses>
				<total>-13</total>
				<timestamp>774.938301</timestamp>
			</report>
			<report>
				<misses>124600001</misses>
				<total>-13</total>
				<timestamp>775.554645</timestamp>
			</report>
			<report>
				<misses>124700001</misses>
				<total>-13</total>
				<timestamp>776.174596</timestamp>
			</report>
			<report>
				<misses>124800001</misses>
				<total>-13</total>
				<timestamp>776.795988</timestamp>
			</report>
			<report>
				<misses>124900001</misses>
				<total>-13</total>
				<timestamp>777.419929</timestamp>
			</report>
			<report>
				<misses>125000001</misses>
				<total>-13</total>
				<timestamp>778.041720</timestamp>
			</report>
			<report>
				<misses>125100001</misses>
				<total>-13</total>
				<timestamp>778.666574</timestamp>
			</report>
			<report>
				<misses>125200001</misses>
				<total>-13</total>
				<timestamp>779.296110</timestamp>
			</report>
			<report>
				<misses>125300001</misses>
				<total>-13</total>
				<timestamp>779.917090</timestamp>
			</report>
			<report>
				<misses>125400001</misses>
				<total>-13</total>
				<timestamp>780.536798</timestamp>
			</report>
			<report>
				<misses>125500001</misses>
				<total>-13</total>
				<timestamp>781.153909</timestamp>
			</report>
			<report>
				<misses>125600001</misses>
				<total>-13</total>
				<timestamp>781.777728</timestamp>
			</report>
			<report>
				<misses>125700001</misses>
				<total>-13</total>
				<timestamp>782.404145</timestamp>
			</report>
			<report>
				<misses>125800001</misses>
				<total>-13</total>
				<timestamp>783.026284</timestamp>
			</report>
			<report>
				<misses>125900001</misses>
				<total>-13</total>
				<timestamp>783.647675</timestamp>
			</report>
			<report>
				<misses>126000001</misses>
				<total>-13</total>
				<timestamp>784.269944</timestamp>
			</report>
			<report>
				<misses>126100001</misses>
				<total>-13</total>
				<timestamp>784.889783</timestamp>
			</report>
			<report>
				<misses>126200001</misses>
				<total>-13</total>
				<timestamp>785.514134</timestamp>
			</report>
			<report>
				<misses>126300001</misses>
				<total>-13</total>
				<timestamp>786.132132</timestamp>
			</report>
			<report>
				<misses>126400001</misses>
				<total>-13</total>
				<timestamp>786.758863</timestamp>
			</report>
			<report>
				<misses>126500001</misses>
				<total>-13</total>
				<timestamp>787.378170</timestamp>
			</report>
			<report>
				<misses>126600001</misses>
				<total>-13</total>
				<timestamp>788.005518</timestamp>
			</report>
			<report>
				<misses>126700001</misses>
				<total>-13</total>
				<timestamp>788.626126</timestamp>
			</report>
			<report>
				<misses>126800001</misses>
				<total>-13</total>
				<timestamp>789.246600</timestamp>
			</report>
			<report>
				<misses>126900001</misses>
				<total>-13</total>
				<timestamp>789.874086</timestamp>
			</report>
			<report>
				<misses>127000001</misses>
				<total>-13</total>
				<timestamp>790.499977</timestamp>
			</report>
			<report>
				<misses>127100001</misses>
				<total>-13</total>
				<timestamp>791.117748</timestamp>
			</report>
			<report>
				<misses>127200001</misses>
				<total>-13</total>
				<timestamp>791.739131</timestamp>
			</report>
			<report>
				<misses>127300001</misses>
				<total>-13</total>
				<timestamp>792.360778</timestamp>
			</report>
			<report>
				<misses>127400001</misses>
				<total>-13</total>
				<timestamp>792.982051</timestamp>
			</report>
			<report>
				<misses>127500001</misses>
				<total>-13</total>
				<timestamp>793.605861</timestamp>
			</report>
			<report>
				<misses>127600001</misses>
				<total>-13</total>
				<timestamp>794.235881</timestamp>
			</report>
			<report>
				<misses>127700001</misses>
				<total>-13</total>
				<timestamp>794.855194</timestamp>
			</report>
			<report>
				<misses>127800001</misses>
				<total>-13</total>
				<timestamp>795.478133</timestamp>
			</report>
			<report>
				<misses>127900001</misses>
				<total>-13</total>
				<timestamp>796.099103</timestamp>
			</report>
			<report>
				<misses>128000001</misses>
				<total>-13</total>
				<timestamp>796.718686</timestamp>
			</report>
			<report>
				<misses>128100001</misses>
				<total>-13</total>
				<timestamp>797.333355</timestamp>
			</report>
			<report>
				<misses>128200001</misses>
				<total>-13</total>
				<timestamp>797.954573</timestamp>
			</report>
			<report>
				<misses>128300001</misses>
				<total>-13</total>
				<timestamp>798.574276</timestamp>
			</report>
			<report>
				<misses>128400001</misses>
				<total>-13</total>
				<timestamp>799.198885</timestamp>
			</report>
			<report>
				<misses>128500001</misses>
				<total>-13</total>
				<timestamp>799.820384</timestamp>
			</report>
			<report>
				<misses>128600001</misses>
				<total>-13</total>
				<timestamp>800.435963</timestamp>
			</report>
			<report>
				<misses>128700001</misses>
				<total>-13</total>
				<timestamp>801.046651</timestamp>
			</report>
			<report>
				<misses>128800001</misses>
				<total>-13</total>
				<timestamp>801.661552</timestamp>
			</report>
			<report>
				<misses>128900001</misses>
				<total>-13</total>
				<timestamp>802.281762</timestamp>
			</report>
			<report>
				<misses>129000001</misses>
				<total>-13</total>
				<timestamp>802.901860</timestamp>
			</report>
			<report>
				<misses>129100001</misses>
				<total>-13</total>
				<timestamp>803.530206</timestamp>
			</report>
			<report>
				<misses>129200001</misses>
				<total>-13</total>
				<timestamp>804.149000</timestamp>
			</report>
			<report>
				<misses>129300001</misses>
				<total>-13</total>
				<timestamp>804.772711</timestamp>
			</report>
			<report>
				<misses>129400001</misses>
				<total>-13</total>
				<timestamp>805.394597</timestamp>
			</report>
			<report>
				<misses>129500001</misses>
				<total>-13</total>
				<timestamp>806.013690</timestamp>
			</report>
			<report>
				<misses>129600001</misses>
				<total>-13</total>
				<timestamp>806.633705</timestamp>
			</report>
			<report>
				<misses>129700001</misses>
				<total>-13</total>
				<timestamp>807.253109</timestamp>
			</report>
			<report>
				<misses>129800001</misses>
				<total>-13</total>
				<timestamp>807.873726</timestamp>
			</report>
			<report>
				<misses>129900001</misses>
				<total>-13</total>
				<timestamp>808.500915</timestamp>
			</report>
			<report>
				<misses>130000001</misses>
				<total>-13</total>
				<timestamp>809.118347</timestamp>
			</report>
			<report>
				<misses>130100001</misses>
				<total>-13</total>
				<timestamp>809.736491</timestamp>
			</report>
			<report>
				<misses>130200001</misses>
				<total>-13</total>
				<timestamp>810.359565</timestamp>
			</report>
			<report>
				<misses>130300001</misses>
				<total>-13</total>
				<timestamp>810.979239</timestamp>
			</report>
			<report>
				<misses>130400001</misses>
				<total>-13</total>
				<timestamp>811.605567</timestamp>
			</report>
			<report>
				<misses>130500001</misses>
				<total>-13</total>
				<timestamp>812.226054</timestamp>
			</report>
			<report>
				<misses>130600001</misses>
				<total>-13</total>
				<timestamp>812.849747</timestamp>
			</report>
			<report>
				<misses>130700001</misses>
				<total>-13</total>
				<timestamp>813.468274</timestamp>
			</report>
			<report>
				<misses>130800001</misses>
				<total>-13</total>
				<timestamp>814.090030</timestamp>
			</report>
			<report>
				<misses>130900001</misses>
				<total>-13</total>
				<timestamp>814.712313</timestamp>
			</report>
			<report>
				<misses>131000001</misses>
				<total>-13</total>
				<timestamp>815.333575</timestamp>
			</report>
			<report>
				<misses>131100001</misses>
				<total>-13</total>
				<timestamp>815.956743</timestamp>
			</report>
			<report>
				<misses>131200001</misses>
				<total>-13</total>
				<timestamp>816.579825</timestamp>
			</report>
			<report>
				<misses>131300001</misses>
				<total>-13</total>
				<timestamp>817.201280</timestamp>
			</report>
			<report>
				<misses>131400001</misses>
				<total>-13</total>
				<timestamp>817.821509</timestamp>
			</report>
			<report>
				<misses>131500001</misses>
				<total>-13</total>
				<timestamp>818.443650</timestamp>
			</report>
			<report>
				<misses>131600001</misses>
				<total>-13</total>
				<timestamp>819.066726</timestamp>
			</report>
			<report>
				<misses>131700001</misses>
				<total>-13</total>
				<timestamp>819.691298</timestamp>
			</report>
			<report>
				<misses>131800001</misses>
				<total>-13</total>
				<timestamp>820.312950</timestamp>
			</report>
			<report>
				<misses>131900001</misses>
				<total>-13</total>
				<timestamp>820.931099</timestamp>
			</report>
			<report>
				<misses>132000001</misses>
				<total>-13</total>
				<timestamp>821.550019</timestamp>
			</report>
			<report>
				<misses>132100001</misses>
				<total>-13</total>
				<timestamp>822.175387</timestamp>
			</report>
			<report>
				<misses>132200001</misses>
				<total>-13</total>
				<timestamp>822.796526</timestamp>
			</report>
			<report>
				<misses>132300001</misses>
				<total>-13</total>
				<timestamp>823.418784</timestamp>
			</report>
			<report>
				<misses>132400001</misses>
				<total>-13</total>
				<timestamp>824.040417</timestamp>
			</report>
			<report>
				<misses>132500001</misses>
				<total>-13</total>
				<timestamp>824.660523</timestamp>
			</report>
			<report>
				<misses>132600001</misses>
				<total>-13</total>
				<timestamp>825.278538</timestamp>
			</report>
			<report>
				<misses>132700001</misses>
				<total>-13</total>
				<timestamp>825.907919</timestamp>
			</report>
			<report>
				<misses>132800001</misses>
				<total>-13</total>
				<timestamp>826.535877</timestamp>
			</report>
			<report>
				<misses>132900001</misses>
				<total>-13</total>
				<timestamp>827.158868</timestamp>
			</report>
			<report>
				<misses>133000001</misses>
				<total>-13</total>
				<timestamp>827.778305</timestamp>
			</report>
			<report>
				<misses>133100001</misses>
				<total>-13</total>
				<timestamp>828.399025</timestamp>
			</report>
			<report>
				<misses>133200001</misses>
				<total>-13</total>
				<timestamp>829.015367</timestamp>
			</report>
			<report>
				<misses>133300001</misses>
				<total>-13</total>
				<timestamp>829.643473</timestamp>
			</report>
			<report>
				<misses>133400001</misses>
				<total>-13</total>
				<timestamp>830.265621</timestamp>
			</report>
			<report>
				<misses>133500001</misses>
				<total>-13</total>
				<timestamp>830.890087</timestamp>
			</report>
			<report>
				<misses>133600001</misses>
				<total>-13</total>
				<timestamp>831.516099</timestamp>
			</report>
			<report>
				<misses>133700001</misses>
				<total>-13</total>
				<timestamp>832.137844</timestamp>
			</report>
			<report>
				<misses>133800001</misses>
				<total>-13</total>
				<timestamp>832.750441</timestamp>
			</report>
			<report>
				<misses>133900001</misses>
				<total>-13</total>
				<timestamp>833.373095</timestamp>
			</report>
			<report>
				<misses>134000001</misses>
				<total>-13</total>
				<timestamp>833.994593</timestamp>
			</report>
			<report>
				<misses>134100001</misses>
				<total>-13</total>
				<timestamp>834.618927</timestamp>
			</report>
			<report>
				<misses>134200001</misses>
				<total>-13</total>
				<timestamp>835.239618</timestamp>
			</report>
			<report>
				<misses>134300001</misses>
				<total>-13</total>
				<timestamp>835.857596</timestamp>
			</report>
			<report>
				<misses>134400001</misses>
				<total>-13</total>
				<timestamp>836.477090</timestamp>
			</report>
			<report>
				<misses>134500001</misses>
				<total>-13</total>
				<timestamp>837.100515</timestamp>
			</report>
			<report>
				<misses>134600001</misses>
				<total>-13</total>
				<timestamp>837.721255</timestamp>
			</report>
			<report>
				<misses>134700001</misses>
				<total>-13</total>
				<timestamp>838.341616</timestamp>
			</report>
			<report>
				<misses>134800001</misses>
				<total>-13</total>
				<timestamp>838.961714</timestamp>
			</report>
			<report>
				<misses>134900001</misses>
				<total>-13</total>
				<timestamp>839.582228</timestamp>
			</report>
			<report>
				<misses>135000001</misses>
				<total>-13</total>
				<timestamp>840.202272</timestamp>
			</report>
			<report>
				<misses>135100001</misses>
				<total>-13</total>
				<timestamp>840.828158</timestamp>
			</report>
			<report>
				<misses>135200001</misses>
				<total>-13</total>
				<timestamp>841.450194</timestamp>
			</report>
			<report>
				<misses>135300001</misses>
				<total>-13</total>
				<timestamp>842.065123</timestamp>
			</report>
			<report>
				<misses>135400001</misses>
				<total>-13</total>
				<timestamp>842.681876</timestamp>
			</report>
			<report>
				<misses>135500001</misses>
				<total>-13</total>
				<timestamp>843.301588</timestamp>
			</report>
			<report>
				<misses>135600001</misses>
				<total>-13</total>
				<timestamp>843.923581</timestamp>
			</report>
			<report>
				<misses>135700001</misses>
				<total>-13</total>
				<timestamp>844.545663</timestamp>
			</report>
			<report>
				<misses>135800001</misses>
				<total>-13</total>
				<timestamp>845.170270</timestamp>
			</report>
			<report>
				<misses>135900001</misses>
				<total>-13</total>
				<timestamp>845.790252</timestamp>
			</report>
			<report>
				<misses>136000001</misses>
				<total>-13</total>
				<timestamp>846.409279</timestamp>
			</report>
			<report>
				<misses>136100001</misses>
				<total>-13</total>
				<timestamp>847.033498</timestamp>
			</report>
			<report>
				<misses>136200001</misses>
				<total>-13</total>
				<timestamp>847.656561</timestamp>
			</report>
			<report>
				<misses>136300001</misses>
				<total>-13</total>
				<timestamp>848.281164</timestamp>
			</report>
			<report>
				<misses>136400001</misses>
				<total>-13</total>
				<timestamp>848.907306</timestamp>
			</report>
			<report>
				<misses>136500001</misses>
				<total>-13</total>
				<timestamp>849.529960</timestamp>
			</report>
			<report>
				<misses>136600001</misses>
				<total>-13</total>
				<timestamp>850.148506</timestamp>
			</report>
			<report>
				<misses>136700001</misses>
				<total>-13</total>
				<timestamp>850.770661</timestamp>
			</report>
			<report>
				<misses>136800001</misses>
				<total>-13</total>
				<timestamp>851.389851</timestamp>
			</report>
			<report>
				<misses>136900001</misses>
				<total>-13</total>
				<timestamp>852.019234</timestamp>
			</report>
			<report>
				<misses>137000001</misses>
				<total>-13</total>
				<timestamp>852.637247</timestamp>
			</report>
			<report>
				<misses>137100001</misses>
				<total>-13</total>
				<timestamp>853.266739</timestamp>
			</report>
			<report>
				<misses>137200001</misses>
				<total>-13</total>
				<timestamp>853.898304</timestamp>
			</report>
			<report>
				<misses>137300001</misses>
				<total>-13</total>
				<timestamp>854.520854</timestamp>
			</report>
			<report>
				<misses>137400001</misses>
				<total>-13</total>
				<timestamp>855.144305</timestamp>
			</report>
			<report>
				<misses>137500001</misses>
				<total>-13</total>
				<timestamp>855.766965</timestamp>
			</report>
			<report>
				<misses>137600001</misses>
				<total>-13</total>
				<timestamp>856.383964</timestamp>
			</report>
			<report>
				<misses>137700001</misses>
				<total>-13</total>
				<timestamp>857.004561</timestamp>
			</report>
			<report>
				<misses>137800001</misses>
				<total>-13</total>
				<timestamp>857.634960</timestamp>
			</report>
			<report>
				<misses>137900001</misses>
				<total>-13</total>
				<timestamp>858.254804</timestamp>
			</report>
			<report>
				<misses>138000001</misses>
				<total>-13</total>
				<timestamp>858.873992</timestamp>
			</report>
			<report>
				<misses>138100001</misses>
				<total>-13</total>
				<timestamp>859.497436</timestamp>
			</report>
			<report>
				<misses>138200001</misses>
				<total>-13</total>
				<timestamp>860.121019</timestamp>
			</report>
			<report>
				<misses>138300001</misses>
				<total>-13</total>
				<timestamp>860.743305</timestamp>
			</report>
			<report>
				<misses>138400001</misses>
				<total>-13</total>
				<timestamp>861.361966</timestamp>
			</report>
			<report>
				<misses>138500001</misses>
				<total>-13</total>
				<timestamp>861.986247</timestamp>
			</report>
			<report>
				<misses>138600001</misses>
				<total>-13</total>
				<timestamp>862.609632</timestamp>
			</report>
			<report>
				<misses>138700001</misses>
				<total>-13</total>
				<timestamp>863.222491</timestamp>
			</report>
			<report>
				<misses>138800001</misses>
				<total>-13</total>
				<timestamp>863.846319</timestamp>
			</report>
			<report>
				<misses>138900001</misses>
				<total>-13</total>
				<timestamp>864.472601</timestamp>
			</report>
			<report>
				<misses>139000001</misses>
				<total>-13</total>
				<timestamp>865.093074</timestamp>
			</report>
			<report>
				<misses>139100001</misses>
				<total>-13</total>
				<timestamp>865.711605</timestamp>
			</report>
			<report>
				<misses>139200001</misses>
				<total>-13</total>
				<timestamp>866.333116</timestamp>
			</report>
			<report>
				<misses>139300001</misses>
				<total>-13</total>
				<timestamp>866.953847</timestamp>
			</report>
			<report>
				<misses>139400001</misses>
				<total>-13</total>
				<timestamp>867.573961</timestamp>
			</report>
			<report>
				<misses>139500001</misses>
				<total>-13</total>
				<timestamp>868.198553</timestamp>
			</report>
			<report>
				<misses>139600001</misses>
				<total>-13</total>
				<timestamp>868.816069</timestamp>
			</report>
			<report>
				<misses>139700001</misses>
				<total>-13</total>
				<timestamp>869.441453</timestamp>
			</report>
			<report>
				<misses>139800001</misses>
				<total>-13</total>
				<timestamp>870.062822</timestamp>
			</report>
			<report>
				<misses>139900001</misses>
				<total>-13</total>
				<timestamp>870.685908</timestamp>
			</report>
			<report>
				<misses>140000001</misses>
				<total>-13</total>
				<timestamp>871.308557</timestamp>
			</report>
			<report>
				<misses>140100001</misses>
				<total>-13</total>
				<timestamp>871.928968</timestamp>
			</report>
			<report>
				<misses>140200001</misses>
				<total>-13</total>
				<timestamp>872.553040</timestamp>
			</report>
			<report>
				<misses>140300001</misses>
				<total>-13</total>
				<timestamp>873.176947</timestamp>
			</report>
			<report>
				<misses>140400001</misses>
				<total>-13</total>
				<timestamp>873.797296</timestamp>
			</report>
			<report>
				<misses>140500001</misses>
				<total>-13</total>
				<timestamp>874.425278</timestamp>
			</report>
			<report>
				<misses>140600001</misses>
				<total>-13</total>
				<timestamp>875.047104</timestamp>
			</report>
			<report>
				<misses>140700001</misses>
				<total>-13</total>
				<timestamp>875.666021</timestamp>
			</report>
			<report>
				<misses>140800001</misses>
				<total>-13</total>
				<timestamp>876.289291</timestamp>
			</report>
			<report>
				<misses>140900001</misses>
				<total>-13</total>
				<timestamp>876.908674</timestamp>
			</report>
			<report>
				<misses>141000001</misses>
				<total>-13</total>
				<timestamp>877.531469</timestamp>
			</report>
			<report>
				<misses>141100001</misses>
				<total>-13</total>
				<timestamp>878.151363</timestamp>
			</report>
			<report>
				<misses>141200001</misses>
				<total>-13</total>
				<timestamp>878.774252</timestamp>
			</report>
			<report>
				<misses>141300001</misses>
				<total>-13</total>
				<timestamp>879.390648</timestamp>
			</report>
			<report>
				<misses>141400001</misses>
				<total>-13</total>
				<timestamp>880.010730</timestamp>
			</report>
			<report>
				<misses>141500001</misses>
				<total>-13</total>
				<timestamp>880.634247</timestamp>
			</report>
			<report>
				<misses>141600001</misses>
				<total>-13</total>
				<timestamp>881.257794</timestamp>
			</report>
			<report>
				<misses>141700001</misses>
				<total>-13</total>
				<timestamp>881.878008</timestamp>
			</report>
			<report>
				<misses>141800001</misses>
				<total>-13</total>
				<timestamp>882.499889</timestamp>
			</report>
			<report>
				<misses>141900001</misses>
				<total>-13</total>
				<timestamp>883.126857</timestamp>
			</report>
			<report>
				<misses>142000001</misses>
				<total>-13</total>
				<timestamp>883.746344</timestamp>
			</report>
			<report>
				<misses>142100001</misses>
				<total>-13</total>
				<timestamp>884.358075</timestamp>
			</report>
			<report>
				<misses>142200001</misses>
				<total>-13</total>
				<timestamp>884.982537</timestamp>
			</report>
			<report>
				<misses>142300001</misses>
				<total>-13</total>
				<timestamp>885.606314</timestamp>
			</report>
			<report>
				<misses>142400001</misses>
				<total>-13</total>
				<timestamp>886.229664</timestamp>
			</report>
			<report>
				<misses>142500001</misses>
				<total>-13</total>
				<timestamp>886.848737</timestamp>
			</report>
			<report>
				<misses>142600001</misses>
				<total>-13</total>
				<timestamp>887.469457</timestamp>
			</report>
			<report>
				<misses>142700001</misses>
				<total>-13</total>
				<timestamp>888.092749</timestamp>
			</report>
			<report>
				<misses>142800001</misses>
				<total>-13</total>
				<timestamp>888.713876</timestamp>
			</report>
			<report>
				<misses>142900001</misses>
				<total>-13</total>
				<timestamp>889.337278</timestamp>
			</report>
			<report>
				<misses>143000001</misses>
				<total>-13</total>
				<timestamp>889.958152</timestamp>
			</report>
			<report>
				<misses>143100001</misses>
				<total>-13</total>
				<timestamp>890.579906</timestamp>
			</report>
			<report>
				<misses>143200001</misses>
				<total>-13</total>
				<timestamp>891.205644</timestamp>
			</report>
			<report>
				<misses>143300001</misses>
				<total>-13</total>
				<timestamp>891.830025</timestamp>
			</report>
			<report>
				<misses>143400001</misses>
				<total>-13</total>
				<timestamp>892.452841</timestamp>
			</report>
			<report>
				<misses>143500001</misses>
				<total>-13</total>
				<timestamp>893.076636</timestamp>
			</report>
			<report>
				<misses>143600001</misses>
				<total>-13</total>
				<timestamp>893.707627</timestamp>
			</report>
			<report>
				<misses>143700001</misses>
				<total>-13</total>
				<timestamp>894.322786</timestamp>
			</report>
			<report>
				<misses>143800001</misses>
				<total>-13</total>
				<timestamp>894.945055</timestamp>
			</report>
			<report>
				<misses>143900001</misses>
				<total>-13</total>
				<timestamp>895.571446</timestamp>
			</report>
			<report>
				<misses>144000001</misses>
				<total>-13</total>
				<timestamp>896.192399</timestamp>
			</report>
			<report>
				<misses>144100001</misses>
				<total>-13</total>
				<timestamp>896.816947</timestamp>
			</report>
			<report>
				<misses>144200001</misses>
				<total>-13</total>
				<timestamp>897.443073</timestamp>
			</report>
			<report>
				<misses>144300001</misses>
				<total>-13</total>
				<timestamp>898.067816</timestamp>
			</report>
			<report>
				<misses>144400001</misses>
				<total>-13</total>
				<timestamp>898.690966</timestamp>
			</report>
			<report>
				<misses>144500001</misses>
				<total>-13</total>
				<timestamp>899.310961</timestamp>
			</report>
			<report>
				<misses>144600001</misses>
				<total>-13</total>
				<timestamp>899.937841</timestamp>
			</report>
			<report>
				<misses>144700001</misses>
				<total>-13</total>
				<timestamp>900.570274</timestamp>
			</report>
			<report>
				<misses>144800001</misses>
				<total>-13</total>
				<timestamp>901.190916</timestamp>
			</report>
			<report>
				<misses>144900001</misses>
				<total>-13</total>
				<timestamp>901.816702</timestamp>
			</report>
			<report>
				<misses>145000001</misses>
				<total>-13</total>
				<timestamp>902.437457</timestamp>
			</report>
			<report>
				<misses>145100001</misses>
				<total>-13</total>
				<timestamp>903.064365</timestamp>
			</report>
			<report>
				<misses>145200001</misses>
				<total>-13</total>
				<timestamp>903.689993</timestamp>
			</report>
			<report>
				<misses>145300001</misses>
				<total>-13</total>
				<timestamp>904.305170</timestamp>
			</report>
			<report>
				<misses>145400001</misses>
				<total>-13</total>
				<timestamp>904.927686</timestamp>
			</report>
			<report>
				<misses>145500001</misses>
				<total>-13</total>
				<timestamp>905.546516</timestamp>
			</report>
			<report>
				<misses>145600001</misses>
				<total>-13</total>
				<timestamp>906.165803</timestamp>
			</report>
			<report>
				<misses>145700001</misses>
				<total>-13</total>
				<timestamp>906.784245</timestamp>
			</report>
			<report>
				<misses>145800001</misses>
				<total>-13</total>
				<timestamp>907.407437</timestamp>
			</report>
			<report>
				<misses>145900001</misses>
				<total>-13</total>
				<timestamp>908.034615</timestamp>
			</report>
			<report>
				<misses>146000001</misses>
				<total>-13</total>
				<timestamp>908.654975</timestamp>
			</report>
			<report>
				<misses>146100001</misses>
				<total>-13</total>
				<timestamp>909.276220</timestamp>
			</report>
			<report>
				<misses>146200001</misses>
				<total>-13</total>
				<timestamp>909.899550</timestamp>
			</report>
			<report>
				<misses>146300001</misses>
				<total>-13</total>
				<timestamp>910.524533</timestamp>
			</report>
			<report>
				<misses>146400001</misses>
				<total>-13</total>
				<timestamp>911.147856</timestamp>
			</report>
			<report>
				<misses>146500001</misses>
				<total>-13</total>
				<timestamp>911.768833</timestamp>
			</report>
			<report>
				<misses>146600001</misses>
				<total>-13</total>
				<timestamp>912.386358</timestamp>
			</report>
			<report>
				<misses>146700001</misses>
				<total>-13</total>
				<timestamp>913.011219</timestamp>
			</report>
			<report>
				<misses>146800001</misses>
				<total>-13</total>
				<timestamp>913.634903</timestamp>
			</report>
			<report>
				<misses>146900001</misses>
				<total>-13</total>
				<timestamp>914.264767</timestamp>
			</report>
			<report>
				<misses>147000001</misses>
				<total>-13</total>
				<timestamp>914.883975</timestamp>
			</report>
			<report>
				<misses>147100001</misses>
				<total>-13</total>
				<timestamp>915.504232</timestamp>
			</report>
			<report>
				<misses>147200001</misses>
				<total>-13</total>
				<timestamp>916.118112</timestamp>
			</report>
			<report>
				<misses>147300001</misses>
				<total>-13</total>
				<timestamp>916.743598</timestamp>
			</report>
			<report>
				<misses>147400001</misses>
				<total>-13</total>
				<timestamp>917.370422</timestamp>
			</report>
			<report>
				<misses>147500001</misses>
				<total>-13</total>
				<timestamp>917.991251</timestamp>
			</report>
			<report>
				<misses>147600001</misses>
				<total>-13</total>
				<timestamp>918.611571</timestamp>
			</report>
			<report>
				<misses>147700001</misses>
				<total>-13</total>
				<timestamp>919.230818</timestamp>
			</report>
			<report>
				<misses>147800001</misses>
				<total>-13</total>
				<timestamp>919.848885</timestamp>
			</report>
			<report>
				<misses>147900001</misses>
				<total>-13</total>
				<timestamp>920.475862</timestamp>
			</report>
			<report>
				<misses>148000001</misses>
				<total>-13</total>
				<timestamp>921.098506</timestamp>
			</report>
			<report>
				<misses>148100001</misses>
				<total>-13</total>
				<timestamp>921.718885</timestamp>
			</report>
			<report>
				<misses>148200001</misses>
				<total>-13</total>
				<timestamp>922.345816</timestamp>
			</report>
			<report>
				<misses>148300001</misses>
				<total>-13</total>
				<timestamp>922.967948</timestamp>
			</report>
			<report>
				<misses>148400001</misses>
				<total>-13</total>
				<timestamp>923.588479</timestamp>
			</report>
			<report>
				<misses>148500001</misses>
				<total>-13</total>
				<timestamp>924.216903</timestamp>
			</report>
			<report>
				<misses>148600001</misses>
				<total>-13</total>
				<timestamp>924.845727</timestamp>
			</report>
			<report>
				<misses>148700001</misses>
				<total>-13</total>
				<timestamp>925.464587</timestamp>
			</report>
			<report>
				<misses>148800001</misses>
				<total>-13</total>
				<timestamp>926.086869</timestamp>
			</report>
			<report>
				<misses>148900001</misses>
				<total>-13</total>
				<timestamp>926.705029</timestamp>
			</report>
			<report>
				<misses>149000001</misses>
				<total>-13</total>
				<timestamp>927.327281</timestamp>
			</report>
			<report>
				<misses>149100001</misses>
				<total>-13</total>
				<timestamp>927.950859</timestamp>
			</report>
			<report>
				<misses>149200001</misses>
				<total>-13</total>
				<timestamp>928.566685</timestamp>
			</report>
			<report>
				<misses>149300001</misses>
				<total>-13</total>
				<timestamp>929.186518</timestamp>
			</report>
			<report>
				<misses>149400001</misses>
				<total>-13</total>
				<timestamp>929.805591</timestamp>
			</report>
			<report>
				<misses>149500001</misses>
				<total>-13</total>
				<timestamp>930.429832</timestamp>
			</report>
			<report>
				<misses>149600001</misses>
				<total>-13</total>
				<timestamp>931.050684</timestamp>
			</report>
			<report>
				<misses>149700001</misses>
				<total>-13</total>
				<timestamp>931.681092</timestamp>
			</report>
			<report>
				<misses>149800001</misses>
				<total>-13</total>
				<timestamp>932.298353</timestamp>
			</report>
			<report>
				<misses>149900001</misses>
				<total>-13</total>
				<timestamp>932.924260</timestamp>
			</report>
			<report>
				<misses>150000001</misses>
				<total>-13</total>
				<timestamp>933.542033</timestamp>
			</report>
			<report>
				<misses>150100001</misses>
				<total>-13</total>
				<timestamp>934.168447</timestamp>
			</report>
			<report>
				<misses>150200001</misses>
				<total>-13</total>
				<timestamp>934.793929</timestamp>
			</report>
			<report>
				<misses>150300001</misses>
				<total>-13</total>
				<timestamp>935.423428</timestamp>
			</report>
			<report>
				<misses>150400001</misses>
				<total>-13</total>
				<timestamp>936.044056</timestamp>
			</report>
			<report>
				<misses>150500001</misses>
				<total>-13</total>
				<timestamp>936.672533</timestamp>
			</report>
			<report>
				<misses>150600001</misses>
				<total>-13</total>
				<timestamp>937.292872</timestamp>
			</report>
			<report>
				<misses>150700001</misses>
				<total>-13</total>
				<timestamp>937.916696</timestamp>
			</report>
			<report>
				<misses>150800001</misses>
				<total>-13</total>
				<timestamp>938.537207</timestamp>
			</report>
			<report>
				<misses>150900001</misses>
				<total>-13</total>
				<timestamp>939.154564</timestamp>
			</report>
			<report>
				<misses>151000001</misses>
				<total>-13</total>
				<timestamp>939.782002</timestamp>
			</report>
			<report>
				<misses>151100001</misses>
				<total>-13</total>
				<timestamp>940.397721</timestamp>
			</report>
			<report>
				<misses>151200001</misses>
				<total>-13</total>
				<timestamp>941.020638</timestamp>
			</report>
			<report>
				<misses>151300001</misses>
				<total>-13</total>
				<timestamp>941.647083</timestamp>
			</report>
			<report>
				<misses>151400001</misses>
				<total>-13</total>
				<timestamp>942.270868</timestamp>
			</report>
			<report>
				<misses>151500001</misses>
				<total>-13</total>
				<timestamp>942.897553</timestamp>
			</report>
			<report>
				<misses>151600001</misses>
				<total>-13</total>
				<timestamp>943.526833</timestamp>
			</report>
			<report>
				<misses>151700001</misses>
				<total>-13</total>
				<timestamp>944.151555</timestamp>
			</report>
			<report>
				<misses>151800001</misses>
				<total>-13</total>
				<timestamp>944.779383</timestamp>
			</report>
			<report>
				<misses>151900001</misses>
				<total>-13</total>
				<timestamp>945.396378</timestamp>
			</report>
			<report>
				<misses>152000001</misses>
				<total>-13</total>
				<timestamp>946.021984</timestamp>
			</report>
			<report>
				<misses>152100001</misses>
				<total>-13</total>
				<timestamp>946.641585</timestamp>
			</report>
			<report>
				<misses>152200001</misses>
				<total>-13</total>
				<timestamp>947.267097</timestamp>
			</report>
			<report>
				<misses>152300001</misses>
				<total>-13</total>
				<timestamp>947.888221</timestamp>
			</report>
			<report>
				<misses>152400001</misses>
				<total>-13</total>
				<timestamp>948.510380</timestamp>
			</report>
			<report>
				<misses>152500001</misses>
				<total>-13</total>
				<timestamp>949.127778</timestamp>
			</report>
			<report>
				<misses>152600001</misses>
				<total>-13</total>
				<timestamp>949.750706</timestamp>
			</report>
			<report>
				<misses>152700001</misses>
				<total>-13</total>
				<timestamp>950.371048</timestamp>
			</report>
			<report>
				<misses>152800001</misses>
				<total>-13</total>
				<timestamp>950.989856</timestamp>
			</report>
			<report>
				<misses>152900001</misses>
				<total>-13</total>
				<timestamp>951.613278</timestamp>
			</report>
			<report>
				<misses>153000001</misses>
				<total>-13</total>
				<timestamp>952.230977</timestamp>
			</report>
			<report>
				<misses>153100001</misses>
				<total>-13</total>
				<timestamp>952.852229</timestamp>
			</report>
			<report>
				<misses>153200001</misses>
				<total>-13</total>
				<timestamp>953.475411</timestamp>
			</report>
			<report>
				<misses>153300001</misses>
				<total>-13</total>
				<timestamp>954.102754</timestamp>
			</report>
			<report>
				<misses>153400001</misses>
				<total>-13</total>
				<timestamp>954.722978</timestamp>
			</report>
			<report>
				<misses>153500001</misses>
				<total>-13</total>
				<timestamp>955.347529</timestamp>
			</report>
			<report>
				<misses>153600001</misses>
				<total>-13</total>
				<timestamp>955.971623</timestamp>
			</report>
			<report>
				<misses>153700001</misses>
				<total>-13</total>
				<timestamp>956.595641</timestamp>
			</report>
			<report>
				<misses>153800001</misses>
				<total>-13</total>
				<timestamp>957.216633</timestamp>
			</report>
			<report>
				<misses>153900001</misses>
				<total>-13</total>
				<timestamp>957.843831</timestamp>
			</report>
			<report>
				<misses>154000001</misses>
				<total>-13</total>
				<timestamp>958.466496</timestamp>
			</report>
			<report>
				<misses>154100001</misses>
				<total>-13</total>
				<timestamp>959.091233</timestamp>
			</report>
			<report>
				<misses>154200001</misses>
				<total>-13</total>
				<timestamp>959.705114</timestamp>
			</report>
			<report>
				<misses>154300001</misses>
				<total>-13</total>
				<timestamp>960.328560</timestamp>
			</report>
			<report>
				<misses>154400001</misses>
				<total>-13</total>
				<timestamp>960.950195</timestamp>
			</report>
			<report>
				<misses>154500001</misses>
				<total>-13</total>
				<timestamp>961.565516</timestamp>
			</report>
			<report>
				<misses>154600001</misses>
				<total>-13</total>
				<timestamp>962.182893</timestamp>
			</report>
			<report>
				<misses>154700001</misses>
				<total>-13</total>
				<timestamp>962.809557</timestamp>
			</report>
			<report>
				<misses>154800001</misses>
				<total>-13</total>
				<timestamp>963.433255</timestamp>
			</report>
			<report>
				<misses>154900001</misses>
				<total>-13</total>
				<timestamp>964.054123</timestamp>
			</report>
			<report>
				<misses>155000001</misses>
				<total>-13</total>
				<timestamp>964.669279</timestamp>
			</report>
			<report>
				<misses>155100001</misses>
				<total>-13</total>
				<timestamp>965.292593</timestamp>
			</report>
			<report>
				<misses>155200001</misses>
				<total>-13</total>
				<timestamp>965.920170</timestamp>
			</report>
			<report>
				<misses>155300001</misses>
				<total>-13</total>
				<timestamp>966.544269</timestamp>
			</report>
			<report>
				<misses>155400001</misses>
				<total>-13</total>
				<timestamp>967.171970</timestamp>
			</report>
			<report>
				<misses>155500001</misses>
				<total>-13</total>
				<timestamp>967.801725</timestamp>
			</report>
			<report>
				<misses>155600001</misses>
				<total>-13</total>
				<timestamp>968.426313</timestamp>
			</report>
			<report>
				<misses>155700001</misses>
				<total>-13</total>
				<timestamp>969.052093</timestamp>
			</report>
			<report>
				<misses>155800001</misses>
				<total>-13</total>
				<timestamp>969.685208</timestamp>
			</report>
			<report>
				<misses>155900001</misses>
				<total>-13</total>
				<timestamp>970.313568</timestamp>
			</report>
			<report>
				<misses>156000001</misses>
				<total>-13</total>
				<timestamp>970.938289</timestamp>
			</report>
			<report>
				<misses>156100001</misses>
				<total>-13</total>
				<timestamp>971.568436</timestamp>
			</report>
			<report>
				<misses>156200001</misses>
				<total>-13</total>
				<timestamp>972.189031</timestamp>
			</report>
			<report>
				<misses>156300001</misses>
				<total>-13</total>
				<timestamp>972.814804</timestamp>
			</report>
			<report>
				<misses>156400001</misses>
				<total>-13</total>
				<timestamp>973.434114</timestamp>
			</report>
			<report>
				<misses>156500001</misses>
				<total>-13</total>
				<timestamp>974.060657</timestamp>
			</report>
			<report>
				<misses>156600001</misses>
				<total>-13</total>
				<timestamp>974.687194</timestamp>
			</report>
			<report>
				<misses>156700001</misses>
				<total>-13</total>
				<timestamp>975.308575</timestamp>
			</report>
			<report>
				<misses>156800001</misses>
				<total>-13</total>
				<timestamp>975.928524</timestamp>
			</report>
			<report>
				<misses>156900001</misses>
				<total>-13</total>
				<timestamp>976.553648</timestamp>
			</report>
			<report>
				<misses>157000001</misses>
				<total>-13</total>
				<timestamp>977.172949</timestamp>
			</report>
			<report>
				<misses>157100001</misses>
				<total>-13</total>
				<timestamp>977.801030</timestamp>
			</report>
			<report>
				<misses>157200001</misses>
				<total>-13</total>
				<timestamp>978.421762</timestamp>
			</report>
			<report>
				<misses>157300001</misses>
				<total>-13</total>
				<timestamp>979.042253</timestamp>
			</report>
			<report>
				<misses>157400001</misses>
				<total>-13</total>
				<timestamp>979.663370</timestamp>
			</report>
			<report>
				<misses>157500001</misses>
				<total>-13</total>
				<timestamp>980.287185</timestamp>
			</report>
			<report>
				<misses>157600001</misses>
				<total>-13</total>
				<timestamp>980.915562</timestamp>
			</report>
			<report>
				<misses>157700001</misses>
				<total>-13</total>
				<timestamp>981.536652</timestamp>
			</report>
			<report>
				<misses>157800001</misses>
				<total>-13</total>
				<timestamp>982.154531</timestamp>
			</report>
			<report>
				<misses>157900001</misses>
				<total>-13</total>
				<timestamp>982.775104</timestamp>
			</report>
			<report>
				<misses>158000001</misses>
				<total>-13</total>
				<timestamp>983.399271</timestamp>
			</report>
			<report>
				<misses>158100001</misses>
				<total>-13</total>
				<timestamp>984.021705</timestamp>
			</report>
			<report>
				<misses>158200001</misses>
				<total>-13</total>
				<timestamp>984.646015</timestamp>
			</report>
			<report>
				<misses>158300001</misses>
				<total>-13</total>
				<timestamp>985.270830</timestamp>
			</report>
			<report>
				<misses>158400001</misses>
				<total>-13</total>
				<timestamp>985.890848</timestamp>
			</report>
			<report>
				<misses>158500001</misses>
				<total>-13</total>
				<timestamp>986.509382</timestamp>
			</report>
			<report>
				<misses>158600001</misses>
				<total>-13</total>
				<timestamp>987.129180</timestamp>
			</report>
			<report>
				<misses>158700001</misses>
				<total>-13</total>
				<timestamp>987.747215</timestamp>
			</report>
			<report>
				<misses>158800001</misses>
				<total>-13</total>
				<timestamp>988.368085</timestamp>
			</report>
			<report>
				<misses>158900001</misses>
				<total>-13</total>
				<timestamp>988.983818</timestamp>
			</report>
			<report>
				<misses>159000001</misses>
				<total>-13</total>
				<timestamp>989.603049</timestamp>
			</report>
			<report>
				<misses>159100001</misses>
				<total>-13</total>
				<timestamp>990.222914</timestamp>
			</report>
			<report>
				<misses>159200001</misses>
				<total>-13</total>
				<timestamp>990.850385</timestamp>
			</report>
			<report>
				<misses>159300001</misses>
				<total>-13</total>
				<timestamp>991.474709</timestamp>
			</report>
			<report>
				<misses>159400001</misses>
				<total>-13</total>
				<timestamp>992.096202</timestamp>
			</report>
			<report>
				<misses>159500001</misses>
				<total>-13</total>
				<timestamp>992.717054</timestamp>
			</report>
			<report>
				<misses>159600001</misses>
				<total>-13</total>
				<timestamp>993.342009</timestamp>
			</report>
			<report>
				<misses>159700001</misses>
				<total>-13</total>
				<timestamp>993.963761</timestamp>
			</report>
			<report>
				<misses>159800001</misses>
				<total>-13</total>
				<timestamp>994.587971</timestamp>
			</report>
			<report>
				<misses>159900001</misses>
				<total>-13</total>
				<timestamp>995.212635</timestamp>
			</report>
			<report>
				<misses>160000001</misses>
				<total>-13</total>
				<timestamp>995.833135</timestamp>
			</report>
			<report>
				<misses>160100001</misses>
				<total>-13</total>
				<timestamp>996.458668</timestamp>
			</report>
			<report>
				<misses>160200001</misses>
				<total>-13</total>
				<timestamp>997.081350</timestamp>
			</report>
			<report>
				<misses>160300001</misses>
				<total>-13</total>
				<timestamp>997.707477</timestamp>
			</report>
			<report>
				<misses>160400001</misses>
				<total>-13</total>
				<timestamp>998.329641</timestamp>
			</report>
			<report>
				<misses>160500001</misses>
				<total>-13</total>
				<timestamp>998.952932</timestamp>
			</report>
			<report>
				<misses>160600001</misses>
				<total>-13</total>
				<timestamp>999.582046</timestamp>
			</report>
			<report>
				<misses>160700001</misses>
				<total>-13</total>
				<timestamp>1000.206007</timestamp>
			</report>
			<report>
				<misses>160800001</misses>
				<total>-13</total>
				<timestamp>1000.825451</timestamp>
			</report>
			<report>
				<misses>160900001</misses>
				<total>-13</total>
				<timestamp>1001.453166</timestamp>
			</report>
			<report>
				<misses>161000001</misses>
				<total>-13</total>
				<timestamp>1002.068621</timestamp>
			</report>
			<report>
				<misses>161100001</misses>
				<total>-13</total>
				<timestamp>1002.691012</timestamp>
			</report>
			<report>
				<misses>161200001</misses>
				<total>-13</total>
				<timestamp>1003.312887</timestamp>
			</report>
			<report>
				<misses>161300001</misses>
				<total>-13</total>
				<timestamp>1003.932460</timestamp>
			</report>
			<report>
				<misses>161400001</misses>
				<total>-13</total>
				<timestamp>1004.553590</timestamp>
			</report>
			<report>
				<misses>161500001</misses>
				<total>-13</total>
				<timestamp>1005.174201</timestamp>
			</report>
			<report>
				<misses>161600001</misses>
				<total>-13</total>
				<timestamp>1005.793385</timestamp>
			</report>
			<report>
				<misses>161700001</misses>
				<total>-13</total>
				<timestamp>1006.418501</timestamp>
			</report>
			<report>
				<misses>161800001</misses>
				<total>-13</total>
				<timestamp>1007.044148</timestamp>
			</report>
			<report>
				<misses>161900001</misses>
				<total>-13</total>
				<timestamp>1007.667307</timestamp>
			</report>
			<report>
				<misses>162000001</misses>
				<total>-13</total>
				<timestamp>1008.292419</timestamp>
			</report>
			<report>
				<misses>162100001</misses>
				<total>-13</total>
				<timestamp>1008.919607</timestamp>
			</report>
			<report>
				<misses>162200001</misses>
				<total>-13</total>
				<timestamp>1009.540348</timestamp>
			</report>
			<report>
				<misses>162300001</misses>
				<total>-13</total>
				<timestamp>1010.161067</timestamp>
			</report>
			<report>
				<misses>162400001</misses>
				<total>-13</total>
				<timestamp>1010.784372</timestamp>
			</report>
			<report>
				<misses>162500001</misses>
				<total>-13</total>
				<timestamp>1011.405778</timestamp>
			</report>
			<report>
				<misses>162600001</misses>
				<total>-13</total>
				<timestamp>1012.024813</timestamp>
			</report>
			<report>
				<misses>162700001</misses>
				<total>-13</total>
				<timestamp>1012.639996</timestamp>
			</report>
			<report>
				<misses>162800001</misses>
				<total>-13</total>
				<timestamp>1013.261664</timestamp>
			</report>
			<report>
				<misses>162900001</misses>
				<total>-13</total>
				<timestamp>1013.887522</timestamp>
			</report>
			<report>
				<misses>163000001</misses>
				<total>-13</total>
				<timestamp>1014.507739</timestamp>
			</report>
			<report>
				<misses>163100001</misses>
				<total>-13</total>
				<timestamp>1015.129257</timestamp>
			</report>
			<report>
				<misses>163200001</misses>
				<total>-13</total>
				<timestamp>1015.748949</timestamp>
			</report>
			<report>
				<misses>163300001</misses>
				<total>-13</total>
				<timestamp>1016.365325</timestamp>
			</report>
			<report>
				<misses>163400001</misses>
				<total>-13</total>
				<timestamp>1016.984726</timestamp>
			</report>
			<report>
				<misses>163500001</misses>
				<total>-13</total>
				<timestamp>1017.609475</timestamp>
			</report>
			<report>
				<misses>163600001</misses>
				<total>-13</total>
				<timestamp>1018.228004</timestamp>
			</report>
			<report>
				<misses>163700001</misses>
				<total>-13</total>
				<timestamp>1018.851844</timestamp>
			</report>
			<report>
				<misses>163800001</misses>
				<total>-13</total>
				<timestamp>1019.476952</timestamp>
			</report>
			<report>
				<misses>163900001</misses>
				<total>-13</total>
				<timestamp>1020.102069</timestamp>
			</report>
			<report>
				<misses>164000001</misses>
				<total>-13</total>
				<timestamp>1020.725009</timestamp>
			</report>
			<report>
				<misses>164100001</misses>
				<total>-13</total>
				<timestamp>1021.352971</timestamp>
			</report>
			<report>
				<misses>164200001</misses>
				<total>-13</total>
				<timestamp>1021.976165</timestamp>
			</report>
			<report>
				<misses>164300001</misses>
				<total>-13</total>
				<timestamp>1022.599466</timestamp>
			</report>
			<report>
				<misses>164400001</misses>
				<total>-13</total>
				<timestamp>1023.214782</timestamp>
			</report>
			<report>
				<misses>164500001</misses>
				<total>-13</total>
				<timestamp>1023.839405</timestamp>
			</report>
			<report>
				<misses>164600001</misses>
				<total>-13</total>
				<timestamp>1024.459890</timestamp>
			</report>
			<report>
				<misses>164700001</misses>
				<total>-13</total>
				<timestamp>1025.084555</timestamp>
			</report>
			<report>
				<misses>164800001</misses>
				<total>-13</total>
				<timestamp>1025.705027</timestamp>
			</report>
			<report>
				<misses>164900001</misses>
				<total>-13</total>
				<timestamp>1026.327577</timestamp>
			</report>
			<report>
				<misses>165000001</misses>
				<total>-13</total>
				<timestamp>1026.949188</timestamp>
			</report>
			<report>
				<misses>165100001</misses>
				<total>-13</total>
				<timestamp>1027.574883</timestamp>
			</report>
			<report>
				<misses>165200001</misses>
				<total>-13</total>
				<timestamp>1028.202610</timestamp>
			</report>
			<report>
				<misses>165300001</misses>
				<total>-13</total>
				<timestamp>1028.821353</timestamp>
			</report>
			<report>
				<misses>165400001</misses>
				<total>-13</total>
				<timestamp>1029.440033</timestamp>
			</report>
			<report>
				<misses>165500001</misses>
				<total>-13</total>
				<timestamp>1030.064580</timestamp>
			</report>
			<report>
				<misses>165600001</misses>
				<total>-13</total>
				<timestamp>1030.698556</timestamp>
			</report>
			<report>
				<misses>165700001</misses>
				<total>-13</total>
				<timestamp>1031.323157</timestamp>
			</report>
			<report>
				<misses>165800001</misses>
				<total>-13</total>
				<timestamp>1031.947775</timestamp>
			</report>
			<report>
				<misses>165900001</misses>
				<total>-13</total>
				<timestamp>1032.569282</timestamp>
			</report>
			<report>
				<misses>166000001</misses>
				<total>-13</total>
				<timestamp>1033.188718</timestamp>
			</report>
			<report>
				<misses>166100001</misses>
				<total>-13</total>
				<timestamp>1033.807908</timestamp>
			</report>
			<report>
				<misses>166200001</misses>
				<total>-13</total>
				<timestamp>1034.437808</timestamp>
			</report>
			<report>
				<misses>166300001</misses>
				<total>-13</total>
				<timestamp>1035.067045</timestamp>
			</report>
			<report>
				<misses>166400001</misses>
				<total>-13</total>
				<timestamp>1035.694739</timestamp>
			</report>
			<report>
				<misses>166500001</misses>
				<total>-13</total>
				<timestamp>1036.319988</timestamp>
			</report>
			<report>
				<misses>166600001</misses>
				<total>-13</total>
				<timestamp>1036.943049</timestamp>
			</report>
			<report>
				<misses>166700001</misses>
				<total>-13</total>
				<timestamp>1037.569728</timestamp>
			</report>
			<report>
				<misses>166800001</misses>
				<total>-13</total>
				<timestamp>1038.195867</timestamp>
			</report>
			<report>
				<misses>166900001</misses>
				<total>-13</total>
				<timestamp>1038.818920</timestamp>
			</report>
			<report>
				<misses>167000001</misses>
				<total>-13</total>
				<timestamp>1039.444816</timestamp>
			</report>
			<report>
				<misses>167100001</misses>
				<total>-13</total>
				<timestamp>1040.071089</timestamp>
			</report>
			<report>
				<misses>167200001</misses>
				<total>-13</total>
				<timestamp>1040.692846</timestamp>
			</report>
			<report>
				<misses>167300001</misses>
				<total>-13</total>
				<timestamp>1041.318101</timestamp>
			</report>
			<report>
				<misses>167400001</misses>
				<total>-13</total>
				<timestamp>1041.940900</timestamp>
			</report>
			<report>
				<misses>167500001</misses>
				<total>-13</total>
				<timestamp>1042.559713</timestamp>
			</report>
			<report>
				<misses>167600001</misses>
				<total>-13</total>
				<timestamp>1043.181970</timestamp>
			</report>
			<report>
				<misses>167700001</misses>
				<total>-13</total>
				<timestamp>1043.797590</timestamp>
			</report>
			<report>
				<misses>167800001</misses>
				<total>-13</total>
				<timestamp>1044.420317</timestamp>
			</report>
			<report>
				<misses>167900001</misses>
				<total>-13</total>
				<timestamp>1045.042449</timestamp>
			</report>
			<report>
				<misses>168000001</misses>
				<total>-13</total>
				<timestamp>1045.656858</timestamp>
			</report>
			<report>
				<misses>168100001</misses>
				<total>-13</total>
				<timestamp>1046.280185</timestamp>
			</report>
			<report>
				<misses>168200001</misses>
				<total>-13</total>
				<timestamp>1046.905179</timestamp>
			</report>
			<report>
				<misses>168300001</misses>
				<total>-13</total>
				<timestamp>1047.520341</timestamp>
			</report>
			<report>
				<misses>168400001</misses>
				<total>-13</total>
				<timestamp>1048.141747</timestamp>
			</report>
			<report>
				<misses>168500001</misses>
				<total>-13</total>
				<timestamp>1048.762711</timestamp>
			</report>
			<report>
				<misses>168600001</misses>
				<total>-13</total>
				<timestamp>1049.384412</timestamp>
			</report>
			<report>
				<misses>168700001</misses>
				<total>-13</total>
				<timestamp>1050.008382</timestamp>
			</report>
			<report>
				<misses>168800001</misses>
				<total>-13</total>
				<timestamp>1050.633238</timestamp>
			</report>
			<report>
				<misses>168900001</misses>
				<total>-13</total>
				<timestamp>1051.252926</timestamp>
			</report>
			<report>
				<misses>169000001</misses>
				<total>-13</total>
				<timestamp>1051.875993</timestamp>
			</report>
			<report>
				<misses>169100001</misses>
				<total>-13</total>
				<timestamp>1052.502162</timestamp>
			</report>
			<report>
				<misses>169200001</misses>
				<total>-13</total>
				<timestamp>1053.121968</timestamp>
			</report>
			<report>
				<misses>169300001</misses>
				<total>-13</total>
				<timestamp>1053.739488</timestamp>
			</report>
			<report>
				<misses>169400001</misses>
				<total>-13</total>
				<timestamp>1054.361244</timestamp>
			</report>
			<report>
				<misses>169500001</misses>
				<total>-13</total>
				<timestamp>1054.981716</timestamp>
			</report>
			<report>
				<misses>169600001</misses>
				<total>-13</total>
				<timestamp>1055.603217</timestamp>
			</report>
			<report>
				<misses>169700001</misses>
				<total>-13</total>
				<timestamp>1056.228099</timestamp>
			</report>
			<report>
				<misses>169800001</misses>
				<total>-13</total>
				<timestamp>1056.848521</timestamp>
			</report>
			<report>
				<misses>169900001</misses>
				<total>-13</total>
				<timestamp>1057.472203</timestamp>
			</report>
			<report>
				<misses>170000001</misses>
				<total>-13</total>
				<timestamp>1058.089963</timestamp>
			</report>
			<report>
				<misses>170100001</misses>
				<total>-13</total>
				<timestamp>1058.712507</timestamp>
			</report>
			<report>
				<misses>170200001</misses>
				<total>-13</total>
				<timestamp>1059.327303</timestamp>
			</report>
			<report>
				<misses>170300001</misses>
				<total>-13</total>
				<timestamp>1059.947081</timestamp>
			</report>
			<report>
				<misses>170400001</misses>
				<total>-13</total>
				<timestamp>1060.571097</timestamp>
			</report>
			<report>
				<misses>170500001</misses>
				<total>-13</total>
				<timestamp>1061.200346</timestamp>
			</report>
			<report>
				<misses>170600001</misses>
				<total>-13</total>
				<timestamp>1061.825003</timestamp>
			</report>
			<report>
				<misses>170700001</misses>
				<total>-13</total>
				<timestamp>1062.443137</timestamp>
			</report>
			<report>
				<misses>170800001</misses>
				<total>-13</total>
				<timestamp>1063.064489</timestamp>
			</report>
			<report>
				<misses>170900001</misses>
				<total>-13</total>
				<timestamp>1063.686386</timestamp>
			</report>
			<report>
				<misses>171000001</misses>
				<total>-13</total>
				<timestamp>1064.310916</timestamp>
			</report>
			<report>
				<misses>171100001</misses>
				<total>-13</total>
				<timestamp>1064.932245</timestamp>
			</report>
			<report>
				<misses>171200001</misses>
				<total>-13</total>
				<timestamp>1065.556154</timestamp>
			</report>
			<report>
				<misses>171300001</misses>
				<total>-13</total>
				<timestamp>1066.181110</timestamp>
			</report>
			<report>
				<misses>171400001</misses>
				<total>-13</total>
				<timestamp>1066.802000</timestamp>
			</report>
			<report>
				<misses>171500001</misses>
				<total>-13</total>
				<timestamp>1067.423452</timestamp>
			</report>
			<report>
				<misses>171600001</misses>
				<total>-13</total>
				<timestamp>1068.044453</timestamp>
			</report>
			<report>
				<misses>171700001</misses>
				<total>-13</total>
				<timestamp>1068.662812</timestamp>
			</report>
			<report>
				<misses>171800001</misses>
				<total>-13</total>
				<timestamp>1069.278848</timestamp>
			</report>
			<report>
				<misses>171900001</misses>
				<total>-13</total>
				<timestamp>1069.899328</timestamp>
			</report>
			<report>
				<misses>172000001</misses>
				<total>-13</total>
				<timestamp>1070.517600</timestamp>
			</report>
			<report>
				<misses>172100001</misses>
				<total>-13</total>
				<timestamp>1071.140894</timestamp>
			</report>
			<report>
				<misses>172200001</misses>
				<total>-13</total>
				<timestamp>1071.761177</timestamp>
			</report>
			<report>
				<misses>172300001</misses>
				<total>-13</total>
				<timestamp>1072.383913</timestamp>
			</report>
			<report>
				<misses>172400001</misses>
				<total>-13</total>
				<timestamp>1073.002729</timestamp>
			</report>
			<report>
				<misses>172500001</misses>
				<total>-13</total>
				<timestamp>1073.622055</timestamp>
			</report>
			<report>
				<misses>172600001</misses>
				<total>-13</total>
				<timestamp>1074.248720</timestamp>
			</report>
			<report>
				<misses>172700001</misses>
				<total>-13</total>
				<timestamp>1074.869755</timestamp>
			</report>
			<report>
				<misses>172800001</misses>
				<total>-13</total>
				<timestamp>1075.490888</timestamp>
			</report>
			<report>
				<misses>172900001</misses>
				<total>-13</total>
				<timestamp>1076.106591</timestamp>
			</report>
			<report>
				<misses>173000001</misses>
				<total>-13</total>
				<timestamp>1076.730075</timestamp>
			</report>
			<report>
				<misses>173100001</misses>
				<total>-13</total>
				<timestamp>1077.350742</timestamp>
			</report>
			<report>
				<misses>173200001</misses>
				<total>-13</total>
				<timestamp>1077.971973</timestamp>
			</report>
			<report>
				<misses>173300001</misses>
				<total>-13</total>
				<timestamp>1078.600407</timestamp>
			</report>
			<report>
				<misses>173400001</misses>
				<total>-13</total>
				<timestamp>1079.229365</timestamp>
			</report>
			<report>
				<misses>173500001</misses>
				<total>-13</total>
				<timestamp>1079.856320</timestamp>
			</report>
			<report>
				<misses>173600001</misses>
				<total>-13</total>
				<timestamp>1080.480219</timestamp>
			</report>
			<report>
				<misses>173700001</misses>
				<total>-13</total>
				<timestamp>1081.108686</timestamp>
			</report>
			<report>
				<misses>173800001</misses>
				<total>-13</total>
				<timestamp>1081.732674</timestamp>
			</report>
			<report>
				<misses>173900001</misses>
				<total>-13</total>
				<timestamp>1082.353747</timestamp>
			</report>
			<report>
				<misses>174000001</misses>
				<total>-13</total>
				<timestamp>1082.980294</timestamp>
			</report>
			<report>
				<misses>174100001</misses>
				<total>-13</total>
				<timestamp>1083.602317</timestamp>
			</report>
			<report>
				<misses>174200001</misses>
				<total>-13</total>
				<timestamp>1084.227979</timestamp>
			</report>
			<report>
				<misses>174300001</misses>
				<total>-13</total>
				<timestamp>1084.848678</timestamp>
			</report>
			<report>
				<misses>174400001</misses>
				<total>-13</total>
				<timestamp>1085.468512</timestamp>
			</report>
			<report>
				<misses>174500001</misses>
				<total>-13</total>
				<timestamp>1086.088973</timestamp>
			</report>
			<report>
				<misses>174600001</misses>
				<total>-13</total>
				<timestamp>1086.712690</timestamp>
			</report>
			<report>
				<misses>174700001</misses>
				<total>-13</total>
				<timestamp>1087.335909</timestamp>
			</report>
			<report>
				<misses>174800001</misses>
				<total>-13</total>
				<timestamp>1087.963500</timestamp>
			</report>
			<report>
				<misses>174900001</misses>
				<total>-13</total>
				<timestamp>1088.589130</timestamp>
			</report>
			<report>
				<misses>175000001</misses>
				<total>-13</total>
				<timestamp>1089.213991</timestamp>
			</report>
			<report>
				<misses>175100001</misses>
				<total>-13</total>
				<timestamp>1089.840136</timestamp>
			</report>
			<report>
				<misses>175200001</misses>
				<total>-13</total>
				<timestamp>1090.459965</timestamp>
			</report>
			<report>
				<misses>175300001</misses>
				<total>-13</total>
				<timestamp>1091.082252</timestamp>
			</report>
			<report>
				<misses>175400001</misses>
				<total>-13</total>
				<timestamp>1091.698342</timestamp>
			</report>
			<report>
				<misses>175500001</misses>
				<total>-13</total>
				<timestamp>1092.323594</timestamp>
			</report>
			<report>
				<misses>175600001</misses>
				<total>-13</total>
				<timestamp>1092.946009</timestamp>
			</report>
			<report>
				<misses>175700001</misses>
				<total>-13</total>
				<timestamp>1093.567383</timestamp>
			</report>
			<report>
				<misses>175800001</misses>
				<total>-13</total>
				<timestamp>1094.186565</timestamp>
			</report>
			<report>
				<misses>175900001</misses>
				<total>-13</total>
				<timestamp>1094.811176</timestamp>
			</report>
			<report>
				<misses>176000001</misses>
				<total>-13</total>
				<timestamp>1095.430469</timestamp>
			</report>
			<report>
				<misses>176100001</misses>
				<total>-13</total>
				<timestamp>1096.050318</timestamp>
			</report>
			<report>
				<misses>176200001</misses>
				<total>-13</total>
				<timestamp>1096.665610</timestamp>
			</report>
			<report>
				<misses>176300001</misses>
				<total>-13</total>
				<timestamp>1097.275382</timestamp>
			</report>
			<report>
				<misses>176400001</misses>
				<total>-13</total>
				<timestamp>1097.889147</timestamp>
			</report>
			<report>
				<misses>176500001</misses>
				<total>-13</total>
				<timestamp>1098.504335</timestamp>
			</report>
			<report>
				<misses>176600001</misses>
				<total>-13</total>
				<timestamp>1099.122351</timestamp>
			</report>
			<report>
				<misses>176700001</misses>
				<total>-13</total>
				<timestamp>1099.739203</timestamp>
			</report>
			<report>
				<misses>176800001</misses>
				<total>-13</total>
				<timestamp>1100.356708</timestamp>
			</report>
			<report>
				<misses>176900001</misses>
				<total>-13</total>
				<timestamp>1100.975641</timestamp>
			</report>
			<report>
				<misses>177000001</misses>
				<total>-13</total>
				<timestamp>1101.593919</timestamp>
			</report>
			<report>
				<misses>177100001</misses>
				<total>-13</total>
				<timestamp>1102.218020</timestamp>
			</report>
			<report>
				<misses>177200001</misses>
				<total>-13</total>
				<timestamp>1102.834749</timestamp>
			</report>
			<report>
				<misses>177300001</misses>
				<total>-13</total>
				<timestamp>1103.450436</timestamp>
			</report>
			<report>
				<misses>177400001</misses>
				<total>-13</total>
				<timestamp>1104.067444</timestamp>
			</report>
			<report>
				<misses>177500001</misses>
				<total>-13</total>
				<timestamp>1104.689354</timestamp>
			</report>
			<report>
				<misses>177600001</misses>
				<total>-13</total>
				<timestamp>1105.309025</timestamp>
			</report>
			<report>
				<misses>177700001</misses>
				<total>-13</total>
				<timestamp>1105.933886</timestamp>
			</report>
			<report>
				<misses>177800001</misses>
				<total>-13</total>
				<timestamp>1106.553215</timestamp>
			</report>
			<report>
				<misses>177900001</misses>
				<total>-13</total>
				<timestamp>1107.176996</timestamp>
			</report>
			<report>
				<misses>178000001</misses>
				<total>-13</total>
				<timestamp>1107.795302</timestamp>
			</report>
			<report>
				<misses>178100001</misses>
				<total>-13</total>
				<timestamp>1108.416625</timestamp>
			</report>
			<report>
				<misses>178200001</misses>
				<total>-13</total>
				<timestamp>1109.036113</timestamp>
			</report>
			<report>
				<misses>178300001</misses>
				<total>-13</total>
				<timestamp>1109.657526</timestamp>
			</report>
			<report>
				<misses>178400001</misses>
				<total>-13</total>
				<timestamp>1110.282131</timestamp>
			</report>
			<report>
				<misses>178500001</misses>
				<total>-13</total>
				<timestamp>1110.902206</timestamp>
			</report>
			<report>
				<misses>178600001</misses>
				<total>-13</total>
				<timestamp>1111.521670</timestamp>
			</report>
			<report>
				<misses>178700001</misses>
				<total>-13</total>
				<timestamp>1112.144826</timestamp>
			</report>
			<report>
				<misses>178800001</misses>
				<total>-13</total>
				<timestamp>1112.764536</timestamp>
			</report>
			<report>
				<misses>178900001</misses>
				<total>-13</total>
				<timestamp>1113.380237</timestamp>
			</report>
			<report>
				<misses>179000001</misses>
				<total>-13</total>
				<timestamp>1114.000566</timestamp>
			</report>
			<report>
				<misses>179100001</misses>
				<total>-13</total>
				<timestamp>1114.623428</timestamp>
			</report>
			<report>
				<misses>179200001</misses>
				<total>-13</total>
				<timestamp>1115.246446</timestamp>
			</report>
			<report>
				<misses>179300001</misses>
				<total>-13</total>
				<timestamp>1115.872992</timestamp>
			</report>
			<report>
				<misses>179400001</misses>
				<total>-13</total>
				<timestamp>1116.497411</timestamp>
			</report>
			<report>
				<misses>179500001</misses>
				<total>-13</total>
				<timestamp>1117.116053</timestamp>
			</report>
			<report>
				<misses>179600001</misses>
				<total>-13</total>
				<timestamp>1117.745649</timestamp>
			</report>
			<report>
				<misses>179700001</misses>
				<total>-13</total>
				<timestamp>1118.374633</timestamp>
			</report>
			<report>
				<misses>179800001</misses>
				<total>-13</total>
				<timestamp>1119.003000</timestamp>
			</report>
			<report>
				<misses>179900001</misses>
				<total>-13</total>
				<timestamp>1119.630911</timestamp>
			</report>
			<report>
				<misses>180000001</misses>
				<total>-13</total>
				<timestamp>1120.256177</timestamp>
			</report>
			<report>
				<misses>180100001</misses>
				<total>-13</total>
				<timestamp>1120.880407</timestamp>
			</report>
			<report>
				<misses>180200001</misses>
				<total>-13</total>
				<timestamp>1121.503740</timestamp>
			</report>
			<report>
				<misses>180300001</misses>
				<total>-13</total>
				<timestamp>1122.121895</timestamp>
			</report>
			<report>
				<misses>180400001</misses>
				<total>-13</total>
				<timestamp>1122.748172</timestamp>
			</report>
			<report>
				<misses>180500001</misses>
				<total>-13</total>
				<timestamp>1123.368510</timestamp>
			</report>
			<report>
				<misses>180600001</misses>
				<total>-13</total>
				<timestamp>1123.990780</timestamp>
			</report>
			<report>
				<misses>180700001</misses>
				<total>-13</total>
				<timestamp>1124.607910</timestamp>
			</report>
			<report>
				<misses>180800001</misses>
				<total>-13</total>
				<timestamp>1125.230684</timestamp>
			</report>
			<report>
				<misses>180900001</misses>
				<total>-13</total>
				<timestamp>1125.851777</timestamp>
			</report>
			<report>
				<misses>181000001</misses>
				<total>-13</total>
				<timestamp>1126.473034</timestamp>
			</report>
			<report>
				<misses>181100001</misses>
				<total>-13</total>
				<timestamp>1127.095438</timestamp>
			</report>
			<report>
				<misses>181200001</misses>
				<total>-13</total>
				<timestamp>1127.719130</timestamp>
			</report>
			<report>
				<misses>181300001</misses>
				<total>-13</total>
				<timestamp>1128.338895</timestamp>
			</report>
			<report>
				<misses>181400001</misses>
				<total>-13</total>
				<timestamp>1128.954745</timestamp>
			</report>
			<report>
				<misses>181500001</misses>
				<total>-13</total>
				<timestamp>1129.573935</timestamp>
			</report>
			<report>
				<misses>181600001</misses>
				<total>-13</total>
				<timestamp>1130.198332</timestamp>
			</report>
			<report>
				<misses>181700001</misses>
				<total>-13</total>
				<timestamp>1130.815970</timestamp>
			</report>
			<report>
				<misses>181800001</misses>
				<total>-13</total>
				<timestamp>1131.437468</timestamp>
			</report>
			<report>
				<misses>181900001</misses>
				<total>-13</total>
				<timestamp>1132.060519</timestamp>
			</report>
			<report>
				<misses>182000001</misses>
				<total>-13</total>
				<timestamp>1132.683457</timestamp>
			</report>
			<report>
				<misses>182100001</misses>
				<total>-13</total>
				<timestamp>1133.302501</timestamp>
			</report>
			<report>
				<misses>182200001</misses>
				<total>-13</total>
				<timestamp>1133.926608</timestamp>
			</report>
			<report>
				<misses>182300001</misses>
				<total>-13</total>
				<timestamp>1134.552269</timestamp>
			</report>
			<report>
				<misses>182400001</misses>
				<total>-13</total>
				<timestamp>1135.174139</timestamp>
			</report>
			<report>
				<misses>182500001</misses>
				<total>-13</total>
				<timestamp>1135.801214</timestamp>
			</report>
			<report>
				<misses>182600001</misses>
				<total>-13</total>
				<timestamp>1136.428384</timestamp>
			</report>
			<report>
				<misses>182700001</misses>
				<total>-13</total>
				<timestamp>1137.046803</timestamp>
			</report>
			<report>
				<misses>182800001</misses>
				<total>-13</total>
				<timestamp>1137.667370</timestamp>
			</report>
			<report>
				<misses>182900001</misses>
				<total>-13</total>
				<timestamp>1138.296875</timestamp>
			</report>
			<report>
				<misses>183000001</misses>
				<total>-13</total>
				<timestamp>1138.915093</timestamp>
			</report>
			<report>
				<misses>183100001</misses>
				<total>-13</total>
				<timestamp>1139.539845</timestamp>
			</report>
			<report>
				<misses>183200001</misses>
				<total>-13</total>
				<timestamp>1140.159504</timestamp>
			</report>
			<report>
				<misses>183300001</misses>
				<total>-13</total>
				<timestamp>1140.781308</timestamp>
			</report>
			<report>
				<misses>183400001</misses>
				<total>-13</total>
				<timestamp>1141.401919</timestamp>
			</report>
			<report>
				<misses>183500001</misses>
				<total>-13</total>
				<timestamp>1142.023205</timestamp>
			</report>
			<report>
				<misses>183600001</misses>
				<total>-13</total>
				<timestamp>1142.644647</timestamp>
			</report>
			<report>
				<misses>183700001</misses>
				<total>-13</total>
				<timestamp>1143.268100</timestamp>
			</report>
			<report>
				<misses>183800001</misses>
				<total>-13</total>
				<timestamp>1143.888815</timestamp>
			</report>
			<report>
				<misses>183900001</misses>
				<total>-13</total>
				<timestamp>1144.503840</timestamp>
			</report>
			<report>
				<misses>184000001</misses>
				<total>-13</total>
				<timestamp>1145.123023</timestamp>
			</report>
			<report>
				<misses>184100001</misses>
				<total>-13</total>
				<timestamp>1145.744262</timestamp>
			</report>
			<report>
				<misses>184200001</misses>
				<total>-13</total>
				<timestamp>1146.361198</timestamp>
			</report>
			<report>
				<misses>184300001</misses>
				<total>-13</total>
				<timestamp>1146.975483</timestamp>
			</report>
			<report>
				<misses>184400001</misses>
				<total>-13</total>
				<timestamp>1147.588213</timestamp>
			</report>
			<report>
				<misses>184500001</misses>
				<total>-13</total>
				<timestamp>1148.205223</timestamp>
			</report>
			<report>
				<misses>184600001</misses>
				<total>-13</total>
				<timestamp>1148.826173</timestamp>
			</report>
			<report>
				<misses>184700001</misses>
				<total>-13</total>
				<timestamp>1149.447351</timestamp>
			</report>
			<report>
				<misses>184800001</misses>
				<total>-13</total>
				<timestamp>1150.065242</timestamp>
			</report>
			<report>
				<misses>184900001</misses>
				<total>-13</total>
				<timestamp>1150.683133</timestamp>
			</report>
			<report>
				<misses>185000001</misses>
				<total>-13</total>
				<timestamp>1151.301566</timestamp>
			</report>
			<report>
				<misses>185100001</misses>
				<total>-13</total>
				<timestamp>1151.921635</timestamp>
			</report>
			<report>
				<misses>185200001</misses>
				<total>-13</total>
				<timestamp>1152.539160</timestamp>
			</report>
			<report>
				<misses>185300001</misses>
				<total>-13</total>
				<timestamp>1153.168399</timestamp>
			</report>
			<report>
				<misses>185400001</misses>
				<total>-13</total>
				<timestamp>1153.783839</timestamp>
			</report>
			<report>
				<misses>185500001</misses>
				<total>-13</total>
				<timestamp>1154.406357</timestamp>
			</report>
			<report>
				<misses>185600001</misses>
				<total>-13</total>
				<timestamp>1155.023708</timestamp>
			</report>
			<report>
				<misses>185700001</misses>
				<total>-13</total>
				<timestamp>1155.646348</timestamp>
			</report>
			<report>
				<misses>185800001</misses>
				<total>-13</total>
				<timestamp>1156.268405</timestamp>
			</report>
			<report>
				<misses>185900001</misses>
				<total>-13</total>
				<timestamp>1156.885779</timestamp>
			</report>
			<report>
				<misses>186000001</misses>
				<total>-13</total>
				<timestamp>1157.504319</timestamp>
			</report>
			<report>
				<misses>186100001</misses>
				<total>-13</total>
				<timestamp>1158.129151</timestamp>
			</report>
			<report>
				<misses>186200001</misses>
				<total>-13</total>
				<timestamp>1158.752874</timestamp>
			</report>
			<report>
				<misses>186300001</misses>
				<total>-13</total>
				<timestamp>1159.369735</timestamp>
			</report>
			<report>
				<misses>186400001</misses>
				<total>-13</total>
				<timestamp>1159.988387</timestamp>
			</report>
			<report>
				<misses>186500001</misses>
				<total>-13</total>
				<timestamp>1160.608741</timestamp>
			</report>
			<report>
				<misses>186600001</misses>
				<total>-13</total>
				<timestamp>1161.220680</timestamp>
			</report>
			<report>
				<misses>186700001</misses>
				<total>-13</total>
				<timestamp>1161.836266</timestamp>
			</report>
			<report>
				<misses>186800001</misses>
				<total>-13</total>
				<timestamp>1162.455197</timestamp>
			</report>
			<report>
				<misses>186900001</misses>
				<total>-13</total>
				<timestamp>1163.072966</timestamp>
			</report>
			<report>
				<misses>187000001</misses>
				<total>-13</total>
				<timestamp>1163.696431</timestamp>
			</report>
			<report>
				<misses>187100001</misses>
				<total>-13</total>
				<timestamp>1164.318905</timestamp>
			</report>
			<report>
				<misses>187200001</misses>
				<total>-13</total>
				<timestamp>1164.936959</timestamp>
			</report>
			<report>
				<misses>187300001</misses>
				<total>-13</total>
				<timestamp>1165.562896</timestamp>
			</report>
			<report>
				<misses>187400001</misses>
				<total>-13</total>
				<timestamp>1166.183390</timestamp>
			</report>
			<report>
				<misses>187500001</misses>
				<total>-13</total>
				<timestamp>1166.805034</timestamp>
			</report>
			<report>
				<misses>187600001</misses>
				<total>-13</total>
				<timestamp>1167.430940</timestamp>
			</report>
			<report>
				<misses>187700001</misses>
				<total>-13</total>
				<timestamp>1168.048206</timestamp>
			</report>
			<report>
				<misses>187800001</misses>
				<total>-13</total>
				<timestamp>1168.676663</timestamp>
			</report>
			<report>
				<misses>187900001</misses>
				<total>-13</total>
				<timestamp>1169.294698</timestamp>
			</report>
			<report>
				<misses>188000001</misses>
				<total>-13</total>
				<timestamp>1169.918375</timestamp>
			</report>
			<report>
				<misses>188100001</misses>
				<total>-13</total>
				<timestamp>1170.539646</timestamp>
			</report>
			<report>
				<misses>188200001</misses>
				<total>-13</total>
				<timestamp>1171.162041</timestamp>
			</report>
			<report>
				<misses>188300001</misses>
				<total>-13</total>
				<timestamp>1171.784723</timestamp>
			</report>
			<report>
				<misses>188400001</misses>
				<total>-13</total>
				<timestamp>1172.404267</timestamp>
			</report>
			<report>
				<misses>188500001</misses>
				<total>-13</total>
				<timestamp>1173.021526</timestamp>
			</report>
			<report>
				<misses>188600001</misses>
				<total>-13</total>
				<timestamp>1173.641235</timestamp>
			</report>
			<report>
				<misses>188700001</misses>
				<total>-13</total>
				<timestamp>1174.259562</timestamp>
			</report>
			<report>
				<misses>188800001</misses>
				<total>-13</total>
				<timestamp>1174.880417</timestamp>
			</report>
			<report>
				<misses>188900001</misses>
				<total>-13</total>
				<timestamp>1175.500786</timestamp>
			</report>
			<report>
				<misses>189000001</misses>
				<total>-13</total>
				<timestamp>1176.124647</timestamp>
			</report>
			<report>
				<misses>189100001</misses>
				<total>-13</total>
				<timestamp>1176.747067</timestamp>
			</report>
			<report>
				<misses>189200001</misses>
				<total>-13</total>
				<timestamp>1177.367415</timestamp>
			</report>
			<report>
				<misses>189300001</misses>
				<total>-13</total>
				<timestamp>1177.983501</timestamp>
			</report>
			<report>
				<misses>189400001</misses>
				<total>-13</total>
				<timestamp>1178.601501</timestamp>
			</report>
			<report>
				<misses>189500001</misses>
				<total>-13</total>
				<timestamp>1179.221859</timestamp>
			</report>
			<report>
				<misses>189600001</misses>
				<total>-13</total>
				<timestamp>1179.847625</timestamp>
			</report>
			<report>
				<misses>189700001</misses>
				<total>-13</total>
				<timestamp>1180.466564</timestamp>
			</report>
			<report>
				<misses>189800001</misses>
				<total>-13</total>
				<timestamp>1181.082895</timestamp>
			</report>
			<report>
				<misses>189900001</misses>
				<total>-13</total>
				<timestamp>1181.705824</timestamp>
			</report>
			<report>
				<misses>190000001</misses>
				<total>-13</total>
				<timestamp>1182.336878</timestamp>
			</report>
			<report>
				<misses>190100001</misses>
				<total>-13</total>
				<timestamp>1182.963023</timestamp>
			</report>
			<report>
				<misses>190200001</misses>
				<total>-13</total>
				<timestamp>1183.583754</timestamp>
			</report>
			<report>
				<misses>190300001</misses>
				<total>-13</total>
				<timestamp>1184.205501</timestamp>
			</report>
			<report>
				<misses>190400001</misses>
				<total>-13</total>
				<timestamp>1184.827973</timestamp>
			</report>
			<report>
				<misses>190500001</misses>
				<total>-13</total>
				<timestamp>1185.453249</timestamp>
			</report>
			<report>
				<misses>190600001</misses>
				<total>-13</total>
				<timestamp>1186.077769</timestamp>
			</report>
			<report>
				<misses>190700001</misses>
				<total>-13</total>
				<timestamp>1186.695449</timestamp>
			</report>
			<report>
				<misses>190800001</misses>
				<total>-13</total>
				<timestamp>1187.315217</timestamp>
			</report>
			<report>
				<misses>190900001</misses>
				<total>-13</total>
				<timestamp>1187.931015</timestamp>
			</report>
			<report>
				<misses>191000001</misses>
				<total>-13</total>
				<timestamp>1188.554809</timestamp>
			</report>
			<report>
				<misses>191100001</misses>
				<total>-13</total>
				<timestamp>1189.173582</timestamp>
			</report>
			<report>
				<misses>191200001</misses>
				<total>-13</total>
				<timestamp>1189.786935</timestamp>
			</report>
			<report>
				<misses>191300001</misses>
				<total>-13</total>
				<timestamp>1190.407886</timestamp>
			</report>
			<report>
				<misses>191400001</misses>
				<total>-13</total>
				<timestamp>1191.030999</timestamp>
			</report>
			<report>
				<misses>191500001</misses>
				<total>-13</total>
				<timestamp>1191.647249</timestamp>
			</report>
			<report>
				<misses>191600001</misses>
				<total>-13</total>
				<timestamp>1192.266578</timestamp>
			</report>
			<report>
				<misses>191700001</misses>
				<total>-13</total>
				<timestamp>1192.878799</timestamp>
			</report>
			<report>
				<misses>191800001</misses>
				<total>-13</total>
				<timestamp>1193.498256</timestamp>
			</report>
			<report>
				<misses>191900001</misses>
				<total>-13</total>
				<timestamp>1194.116016</timestamp>
			</report>
			<report>
				<misses>192000001</misses>
				<total>-13</total>
				<timestamp>1194.730684</timestamp>
			</report>
			<report>
				<misses>192100001</misses>
				<total>-13</total>
				<timestamp>1195.353729</timestamp>
			</report>
			<report>
				<misses>192200001</misses>
				<total>-13</total>
				<timestamp>1195.973305</timestamp>
			</report>
			<report>
				<misses>192300001</misses>
				<total>-13</total>
				<timestamp>1196.599076</timestamp>
			</report>
			<report>
				<misses>192400001</misses>
				<total>-13</total>
				<timestamp>1197.222121</timestamp>
			</report>
			<report>
				<misses>192500001</misses>
				<total>-13</total>
				<timestamp>1197.837559</timestamp>
			</report>
			<report>
				<misses>192600001</misses>
				<total>-13</total>
				<timestamp>1198.457878</timestamp>
			</report>
			<report>
				<misses>192700001</misses>
				<total>-13</total>
				<timestamp>1199.083635</timestamp>
			</report>
			<report>
				<misses>192800001</misses>
				<total>-13</total>
				<timestamp>1199.700745</timestamp>
			</report>
			<report>
				<misses>192900001</misses>
				<total>-13</total>
				<timestamp>1200.323057</timestamp>
			</report>
			<report>
				<misses>193000001</misses>
				<total>-13</total>
				<timestamp>1200.943772</timestamp>
			</report>
			<report>
				<misses>193100001</misses>
				<total>-13</total>
				<timestamp>1201.558983</timestamp>
			</report>
			<report>
				<misses>193200001</misses>
				<total>-13</total>
				<timestamp>1202.179372</timestamp>
			</report>
			<report>
				<misses>193300001</misses>
				<total>-13</total>
				<timestamp>1202.799874</timestamp>
			</report>
			<report>
				<misses>193400001</misses>
				<total>-13</total>
				<timestamp>1203.420328</timestamp>
			</report>
			<report>
				<misses>193500001</misses>
				<total>-13</total>
				<timestamp>1204.039401</timestamp>
			</report>
			<report>
				<misses>193600001</misses>
				<total>-13</total>
				<timestamp>1204.663483</timestamp>
			</report>
			<report>
				<misses>193700001</misses>
				<total>-13</total>
				<timestamp>1205.291697</timestamp>
			</report>
			<report>
				<misses>193800001</misses>
				<total>-13</total>
				<timestamp>1205.914663</timestamp>
			</report>
			<report>
				<misses>193900001</misses>
				<total>-13</total>
				<timestamp>1206.531746</timestamp>
			</report>
			<report>
				<misses>194000001</misses>
				<total>-13</total>
				<timestamp>1207.158034</timestamp>
			</report>
			<report>
				<misses>194100001</misses>
				<total>-13</total>
				<timestamp>1207.780221</timestamp>
			</report>
			<report>
				<misses>194200001</misses>
				<total>-13</total>
				<timestamp>1208.407702</timestamp>
			</report>
			<report>
				<misses>194300001</misses>
				<total>-13</total>
				<timestamp>1209.030401</timestamp>
			</report>
			<report>
				<misses>194400001</misses>
				<total>-13</total>
				<timestamp>1209.656026</timestamp>
			</report>
			<report>
				<misses>194500001</misses>
				<total>-13</total>
				<timestamp>1210.280008</timestamp>
			</report>
			<report>
				<misses>194600001</misses>
				<total>-13</total>
				<timestamp>1210.907838</timestamp>
			</report>
			<report>
				<misses>194700001</misses>
				<total>-13</total>
				<timestamp>1211.532952</timestamp>
			</report>
			<report>
				<misses>194800001</misses>
				<total>-13</total>
				<timestamp>1212.150071</timestamp>
			</report>
			<report>
				<misses>194900001</misses>
				<total>-13</total>
				<timestamp>1212.771080</timestamp>
			</report>
			<report>
				<misses>195000001</misses>
				<total>-13</total>
				<timestamp>1213.398636</timestamp>
			</report>
			<report>
				<misses>195100001</misses>
				<total>-13</total>
				<timestamp>1214.021176</timestamp>
			</report>
			<report>
				<misses>195200001</misses>
				<total>-13</total>
				<timestamp>1214.644486</timestamp>
			</report>
			<report>
				<misses>195300001</misses>
				<total>-13</total>
				<timestamp>1215.267158</timestamp>
			</report>
			<report>
				<misses>195400001</misses>
				<total>-13</total>
				<timestamp>1215.889576</timestamp>
			</report>
			<report>
				<misses>195500001</misses>
				<total>-13</total>
				<timestamp>1216.513525</timestamp>
			</report>
			<report>
				<misses>195600001</misses>
				<total>-13</total>
				<timestamp>1217.137366</timestamp>
			</report>
			<report>
				<misses>195700001</misses>
				<total>-13</total>
				<timestamp>1217.757635</timestamp>
			</report>
			<report>
				<misses>195800001</misses>
				<total>-13</total>
				<timestamp>1218.381093</timestamp>
			</report>
			<report>
				<misses>195900001</misses>
				<total>-13</total>
				<timestamp>1218.999862</timestamp>
			</report>
			<report>
				<misses>196000001</misses>
				<total>-13</total>
				<timestamp>1219.622378</timestamp>
			</report>
			<report>
				<misses>196100001</misses>
				<total>-13</total>
				<timestamp>1220.234473</timestamp>
			</report>
			<report>
				<misses>196200001</misses>
				<total>-13</total>
				<timestamp>1220.857779</timestamp>
			</report>
			<report>
				<misses>196300001</misses>
				<total>-13</total>
				<timestamp>1221.476839</timestamp>
			</report>
			<report>
				<misses>196400001</misses>
				<total>-13</total>
				<timestamp>1222.095882</timestamp>
			</report>
			<report>
				<misses>196500001</misses>
				<total>-13</total>
				<timestamp>1222.717001</timestamp>
			</report>
			<report>
				<misses>196600001</misses>
				<total>-13</total>
				<timestamp>1223.340695</timestamp>
			</report>
			<report>
				<misses>196700001</misses>
				<total>-13</total>
				<timestamp>1223.959767</timestamp>
			</report>
			<report>
				<misses>196800001</misses>
				<total>-13</total>
				<timestamp>1224.573386</timestamp>
			</report>
			<report>
				<misses>196900001</misses>
				<total>-13</total>
				<timestamp>1225.187282</timestamp>
			</report>
			<report>
				<misses>197000001</misses>
				<total>-13</total>
				<timestamp>1225.805833</timestamp>
			</report>
			<report>
				<misses>197100001</misses>
				<total>-13</total>
				<timestamp>1226.431317</timestamp>
			</report>
			<report>
				<misses>197200001</misses>
				<total>-13</total>
				<timestamp>1227.053094</timestamp>
			</report>
			<report>
				<misses>197300001</misses>
				<total>-13</total>
				<timestamp>1227.675383</timestamp>
			</report>
			<report>
				<misses>197400001</misses>
				<total>-13</total>
				<timestamp>1228.302436</timestamp>
			</report>
			<report>
				<misses>197500001</misses>
				<total>-13</total>
				<timestamp>1228.919464</timestamp>
			</report>
			<report>
				<misses>197600001</misses>
				<total>-13</total>
				<timestamp>1229.541356</timestamp>
			</report>
			<report>
				<misses>197700001</misses>
				<total>-13</total>
				<timestamp>1230.165046</timestamp>
			</report>
			<report>
				<misses>197800001</misses>
				<total>-13</total>
				<timestamp>1230.790309</timestamp>
			</report>
			<report>
				<misses>197900001</misses>
				<total>-13</total>
				<timestamp>1231.411587</timestamp>
			</report>
			<report>
				<misses>198000001</misses>
				<total>-13</total>
				<timestamp>1232.033327</timestamp>
			</report>
			<report>
				<misses>198100001</misses>
				<total>-13</total>
				<timestamp>1232.654058</timestamp>
			</report>
			<report>
				<misses>198200001</misses>
				<total>-13</total>
				<timestamp>1233.274275</timestamp>
			</report>
			<report>
				<misses>198300001</misses>
				<total>-13</total>
				<timestamp>1233.888954</timestamp>
			</report>
			<report>
				<misses>198400001</misses>
				<total>-13</total>
				<timestamp>1234.512129</timestamp>
			</report>
			<report>
				<misses>198500001</misses>
				<total>-13</total>
				<timestamp>1235.126276</timestamp>
			</report>
			<report>
				<misses>198600001</misses>
				<total>-13</total>
				<timestamp>1235.748057</timestamp>
			</report>
			<report>
				<misses>198700001</misses>
				<total>-13</total>
				<timestamp>1236.365040</timestamp>
			</report>
			<report>
				<misses>198800001</misses>
				<total>-13</total>
				<timestamp>1236.983195</timestamp>
			</report>
			<report>
				<misses>198900001</misses>
				<total>-13</total>
				<timestamp>1237.598100</timestamp>
			</report>
			<report>
				<misses>199000001</misses>
				<total>-13</total>
				<timestamp>1238.211954</timestamp>
			</report>
			<report>
				<misses>199100001</misses>
				<total>-13</total>
				<timestamp>1238.831368</timestamp>
			</report>
			<report>
				<misses>199200001</misses>
				<total>-13</total>
				<timestamp>1239.452310</timestamp>
			</report>
			<report>
				<misses>199300001</misses>
				<total>-13</total>
				<timestamp>1240.077548</timestamp>
			</report>
			<report>
				<misses>199400001</misses>
				<total>-13</total>
				<timestamp>1240.693503</timestamp>
			</report>
			<report>
				<misses>199500001</misses>
				<total>-13</total>
				<timestamp>1241.311414</timestamp>
			</report>
			<report>
				<misses>199600001</misses>
				<total>-13</total>
				<timestamp>1241.932386</timestamp>
			</report>
			<report>
				<misses>199700001</misses>
				<total>-13</total>
				<timestamp>1242.551710</timestamp>
			</report>
			<report>
				<misses>199800001</misses>
				<total>-13</total>
				<timestamp>1243.172561</timestamp>
			</report>
			<report>
				<misses>199900001</misses>
				<total>-13</total>
				<timestamp>1243.796254</timestamp>
			</report>
			<report>
				<misses>200000001</misses>
				<total>-13</total>
				<timestamp>1244.415594</timestamp>
			</report>
			<report>
				<misses>200100001</misses>
				<total>-13</total>
				<timestamp>1245.036816</timestamp>
			</report>
			<report>
				<misses>200200001</misses>
				<total>-13</total>
				<timestamp>1245.655105</timestamp>
			</report>
			<report>
				<misses>200300001</misses>
				<total>-13</total>
				<timestamp>1246.281121</timestamp>
			</report>
			<report>
				<misses>200400001</misses>
				<total>-13</total>
				<timestamp>1246.906098</timestamp>
			</report>
			<report>
				<misses>200500001</misses>
				<total>-13</total>
				<timestamp>1247.525709</timestamp>
			</report>
			<report>
				<misses>200600001</misses>
				<total>-13</total>
				<timestamp>1248.145781</timestamp>
			</report>
			<report>
				<misses>200700001</misses>
				<total>-13</total>
				<timestamp>1248.775208</timestamp>
			</report>
			<report>
				<misses>200800001</misses>
				<total>-13</total>
				<timestamp>1249.393655</timestamp>
			</report>
			<report>
				<misses>200900001</misses>
				<total>-13</total>
				<timestamp>1250.008930</timestamp>
			</report>
			<report>
				<misses>201000001</misses>
				<total>-13</total>
				<timestamp>1250.632121</timestamp>
			</report>
			<report>
				<misses>201100001</misses>
				<total>-13</total>
				<timestamp>1251.245210</timestamp>
			</report>
			<report>
				<misses>201200001</misses>
				<total>-13</total>
				<timestamp>1251.864845</timestamp>
			</report>
			<report>
				<misses>201300001</misses>
				<total>-13</total>
				<timestamp>1252.482260</timestamp>
			</report>
			<report>
				<misses>201400001</misses>
				<total>-13</total>
				<timestamp>1253.106801</timestamp>
			</report>
			<report>
				<misses>201500001</misses>
				<total>-13</total>
				<timestamp>1253.733999</timestamp>
			</report>
			<report>
				<misses>201600001</misses>
				<total>-13</total>
				<timestamp>1254.354929</timestamp>
			</report>
			<report>
				<misses>201700001</misses>
				<total>-13</total>
				<timestamp>1254.977102</timestamp>
			</report>
			<report>
				<misses>201800001</misses>
				<total>-13</total>
				<timestamp>1255.597570</timestamp>
			</report>
			<report>
				<misses>201900001</misses>
				<total>-13</total>
				<timestamp>1256.223157</timestamp>
			</report>
			<report>
				<misses>202000001</misses>
				<total>-13</total>
				<timestamp>1256.844357</timestamp>
			</report>
			<report>
				<misses>202100001</misses>
				<total>-13</total>
				<timestamp>1257.460715</timestamp>
			</report>
			<report>
				<misses>202200001</misses>
				<total>-13</total>
				<timestamp>1258.086616</timestamp>
			</report>
			<report>
				<misses>202300001</misses>
				<total>-13</total>
				<timestamp>1258.705802</timestamp>
			</report>
			<report>
				<misses>202400001</misses>
				<total>-13</total>
				<timestamp>1259.323448</timestamp>
			</report>
			<report>
				<misses>202500001</misses>
				<total>-13</total>
				<timestamp>1259.947397</timestamp>
			</report>
			<report>
				<misses>202600001</misses>
				<total>-13</total>
				<timestamp>1260.568951</timestamp>
			</report>
			<report>
				<misses>202700001</misses>
				<total>-13</total>
				<timestamp>1261.190188</timestamp>
			</report>
			<report>
				<misses>202800001</misses>
				<total>-13</total>
				<timestamp>1261.812223</timestamp>
			</report>
			<report>
				<misses>202900001</misses>
				<total>-13</total>
				<timestamp>1262.439777</timestamp>
			</report>
			<report>
				<misses>203000001</misses>
				<total>-13</total>
				<timestamp>1263.066322</timestamp>
			</report>
			<report>
				<misses>203100001</misses>
				<total>-13</total>
				<timestamp>1263.695061</timestamp>
			</report>
			<report>
				<misses>203200001</misses>
				<total>-13</total>
				<timestamp>1264.321590</timestamp>
			</report>
			<report>
				<misses>203300001</misses>
				<total>-13</total>
				<timestamp>1264.946955</timestamp>
			</report>
			<report>
				<misses>203400001</misses>
				<total>-13</total>
				<timestamp>1265.572472</timestamp>
			</report>
			<report>
				<misses>203500001</misses>
				<total>-13</total>
				<timestamp>1266.196569</timestamp>
			</report>
			<report>
				<misses>203600001</misses>
				<total>-13</total>
				<timestamp>1266.818583</timestamp>
			</report>
			<report>
				<misses>203700001</misses>
				<total>-13</total>
				<timestamp>1267.438100</timestamp>
			</report>
			<report>
				<misses>203800001</misses>
				<total>-13</total>
				<timestamp>1268.058297</timestamp>
			</report>
			<report>
				<misses>203900001</misses>
				<total>-13</total>
				<timestamp>1268.678673</timestamp>
			</report>
			<report>
				<misses>204000001</misses>
				<total>-13</total>
				<timestamp>1269.301777</timestamp>
			</report>
			<report>
				<misses>204100001</misses>
				<total>-13</total>
				<timestamp>1269.921348</timestamp>
			</report>
			<report>
				<misses>204200001</misses>
				<total>-13</total>
				<timestamp>1270.539501</timestamp>
			</report>
			<report>
				<misses>204300001</misses>
				<total>-13</total>
				<timestamp>1271.166686</timestamp>
			</report>
			<report>
				<misses>204400001</misses>
				<total>-13</total>
				<timestamp>1271.791408</timestamp>
			</report>
			<report>
				<misses>204500001</misses>
				<total>-13</total>
				<timestamp>1272.403767</timestamp>
			</report>
			<report>
				<misses>204600001</misses>
				<total>-13</total>
				<timestamp>1273.022360</timestamp>
			</report>
			<report>
				<misses>204700001</misses>
				<total>-13</total>
				<timestamp>1273.644745</timestamp>
			</report>
			<report>
				<misses>204800001</misses>
				<total>-13</total>
				<timestamp>1274.270268</timestamp>
			</report>
			<report>
				<misses>204900001</misses>
				<total>-13</total>
				<timestamp>1274.887465</timestamp>
			</report>
			<report>
				<misses>205000001</misses>
				<total>-13</total>
				<timestamp>1275.505571</timestamp>
			</report>
			<report>
				<misses>205100001</misses>
				<total>-13</total>
				<timestamp>1276.131382</timestamp>
			</report>
			<report>
				<misses>205200001</misses>
				<total>-13</total>
				<timestamp>1276.750867</timestamp>
			</report>
			<report>
				<misses>205300001</misses>
				<total>-13</total>
				<timestamp>1277.372746</timestamp>
			</report>
			<report>
				<misses>205400001</misses>
				<total>-13</total>
				<timestamp>1277.990006</timestamp>
			</report>
			<report>
				<misses>205500001</misses>
				<total>-13</total>
				<timestamp>1278.613390</timestamp>
			</report>
			<report>
				<misses>205600001</misses>
				<total>-13</total>
				<timestamp>1279.232507</timestamp>
			</report>
			<report>
				<misses>205700001</misses>
				<total>-13</total>
				<timestamp>1279.852120</timestamp>
			</report>
			<report>
				<misses>205800001</misses>
				<total>-13</total>
				<timestamp>1280.477087</timestamp>
			</report>
			<report>
				<misses>205900001</misses>
				<total>-13</total>
				<timestamp>1281.090085</timestamp>
			</report>
			<report>
				<misses>206000001</misses>
				<total>-13</total>
				<timestamp>1281.708255</timestamp>
			</report>
			<report>
				<misses>206100001</misses>
				<total>-13</total>
				<timestamp>1282.324058</timestamp>
			</report>
			<report>
				<misses>206200001</misses>
				<total>-13</total>
				<timestamp>1282.940030</timestamp>
			</report>
			<report>
				<misses>206300001</misses>
				<total>-13</total>
				<timestamp>1283.554047</timestamp>
			</report>
			<report>
				<misses>206400001</misses>
				<total>-13</total>
				<timestamp>1284.167319</timestamp>
			</report>
			<report>
				<misses>206500001</misses>
				<total>-13</total>
				<timestamp>1284.788749</timestamp>
			</report>
			<report>
				<misses>206600001</misses>
				<total>-13</total>
				<timestamp>1285.410214</timestamp>
			</report>
			<report>
				<misses>206700001</misses>
				<total>-13</total>
				<timestamp>1286.025141</timestamp>
			</report>
			<report>
				<misses>206800001</misses>
				<total>-13</total>
				<timestamp>1286.646549</timestamp>
			</report>
			<report>
				<misses>206900001</misses>
				<total>-13</total>
				<timestamp>1287.260203</timestamp>
			</report>
			<report>
				<misses>207000001</misses>
				<total>-13</total>
				<timestamp>1287.884073</timestamp>
			</report>
			<report>
				<misses>207100001</misses>
				<total>-13</total>
				<timestamp>1288.505683</timestamp>
			</report>
			<report>
				<misses>207200001</misses>
				<total>-13</total>
				<timestamp>1289.120610</timestamp>
			</report>
			<report>
				<misses>207300001</misses>
				<total>-13</total>
				<timestamp>1289.744695</timestamp>
			</report>
			<report>
				<misses>207400001</misses>
				<total>-13</total>
				<timestamp>1290.364934</timestamp>
			</report>
			<report>
				<misses>207500001</misses>
				<total>-13</total>
				<timestamp>1290.991624</timestamp>
			</report>
			<report>
				<misses>207600001</misses>
				<total>-13</total>
				<timestamp>1291.613013</timestamp>
			</report>
			<report>
				<misses>207700001</misses>
				<total>-13</total>
				<timestamp>1292.231937</timestamp>
			</report>
			<report>
				<misses>207800001</misses>
				<total>-13</total>
				<timestamp>1292.855118</timestamp>
			</report>
			<report>
				<misses>207900001</misses>
				<total>-13</total>
				<timestamp>1293.475856</timestamp>
			</report>
			<report>
				<misses>208000001</misses>
				<total>-13</total>
				<timestamp>1294.101529</timestamp>
			</report>
			<report>
				<misses>208100001</misses>
				<total>-13</total>
				<timestamp>1294.726897</timestamp>
			</report>
			<report>
				<misses>208200001</misses>
				<total>-13</total>
				<timestamp>1295.347896</timestamp>
			</report>
			<report>
				<misses>208300001</misses>
				<total>-13</total>
				<timestamp>1295.970419</timestamp>
			</report>
			<report>
				<misses>208400001</misses>
				<total>-13</total>
				<timestamp>1296.595682</timestamp>
			</report>
			<report>
				<misses>208500001</misses>
				<total>-13</total>
				<timestamp>1297.220674</timestamp>
			</report>
			<report>
				<misses>208600001</misses>
				<total>-13</total>
				<timestamp>1297.843462</timestamp>
			</report>
			<report>
				<misses>208700001</misses>
				<total>-13</total>
				<timestamp>1298.465094</timestamp>
			</report>
			<report>
				<misses>208800001</misses>
				<total>-13</total>
				<timestamp>1299.086989</timestamp>
			</report>
			<report>
				<misses>208900001</misses>
				<total>-13</total>
				<timestamp>1299.706824</timestamp>
			</report>
			<report>
				<misses>209000001</misses>
				<total>-13</total>
				<timestamp>1300.321746</timestamp>
			</report>
			<report>
				<misses>209100001</misses>
				<total>-13</total>
				<timestamp>1300.935898</timestamp>
			</report>
			<report>
				<misses>209200001</misses>
				<total>-13</total>
				<timestamp>1301.556677</timestamp>
			</report>
			<report>
				<misses>209300001</misses>
				<total>-13</total>
				<timestamp>1302.171162</timestamp>
			</report>
			<report>
				<misses>209400001</misses>
				<total>-13</total>
				<timestamp>1302.793199</timestamp>
			</report>
			<report>
				<misses>209500001</misses>
				<total>-13</total>
				<timestamp>1303.414049</timestamp>
			</report>
			<report>
				<misses>209600001</misses>
				<total>-13</total>
				<timestamp>1304.032902</timestamp>
			</report>
			<report>
				<misses>209700001</misses>
				<total>-13</total>
				<timestamp>1304.652920</timestamp>
			</report>
			<report>
				<misses>209800001</misses>
				<total>-13</total>
				<timestamp>1305.271192</timestamp>
			</report>
			<report>
				<misses>209900001</misses>
				<total>-13</total>
				<timestamp>1305.889906</timestamp>
			</report>
			<report>
				<misses>210000001</misses>
				<total>-13</total>
				<timestamp>1306.511422</timestamp>
			</report>
			<report>
				<misses>210100001</misses>
				<total>-13</total>
				<timestamp>1307.130435</timestamp>
			</report>
			<report>
				<misses>210200001</misses>
				<total>-13</total>
				<timestamp>1307.748298</timestamp>
			</report>
			<report>
				<misses>210300001</misses>
				<total>-13</total>
				<timestamp>1308.365808</timestamp>
			</report>
			<report>
				<misses>210400001</misses>
				<total>-13</total>
				<timestamp>1308.984273</timestamp>
			</report>
			<report>
				<misses>210500001</misses>
				<total>-13</total>
				<timestamp>1309.605456</timestamp>
			</report>
			<report>
				<misses>210600001</misses>
				<total>-13</total>
				<timestamp>1310.227829</timestamp>
			</report>
			<report>
				<misses>210700001</misses>
				<total>-13</total>
				<timestamp>1310.849580</timestamp>
			</report>
			<report>
				<misses>210800001</misses>
				<total>-13</total>
				<timestamp>1311.469257</timestamp>
			</report>
			<report>
				<misses>210900001</misses>
				<total>-13</total>
				<timestamp>1312.087675</timestamp>
			</report>
			<report>
				<misses>211000001</misses>
				<total>-13</total>
				<timestamp>1312.706638</timestamp>
			</report>
			<report>
				<misses>211100001</misses>
				<total>-13</total>
				<timestamp>1313.333087</timestamp>
			</report>
			<report>
				<misses>211200001</misses>
				<total>-13</total>
				<timestamp>1313.959438</timestamp>
			</report>
			<report>
				<misses>211300001</misses>
				<total>-13</total>
				<timestamp>1314.577488</timestamp>
			</report>
			<report>
				<misses>211400001</misses>
				<total>-13</total>
				<timestamp>1315.203069</timestamp>
			</report>
			<report>
				<misses>211500001</misses>
				<total>-13</total>
				<timestamp>1315.831201</timestamp>
			</report>
			<report>
				<misses>211600001</misses>
				<total>-13</total>
				<timestamp>1316.453222</timestamp>
			</report>
			<report>
				<misses>211700001</misses>
				<total>-13</total>
				<timestamp>1317.076338</timestamp>
			</report>
			<report>
				<misses>211800001</misses>
				<total>-13</total>
				<timestamp>1317.697276</timestamp>
			</report>
			<report>
				<misses>211900001</misses>
				<total>-13</total>
				<timestamp>1318.316658</timestamp>
			</report>
			<report>
				<misses>212000001</misses>
				<total>-13</total>
				<timestamp>1318.936509</timestamp>
			</report>
			<report>
				<misses>212100001</misses>
				<total>-13</total>
				<timestamp>1319.559295</timestamp>
			</report>
			<report>
				<misses>212200001</misses>
				<total>-13</total>
				<timestamp>1320.183417</timestamp>
			</report>
			<report>
				<misses>212300001</misses>
				<total>-13</total>
				<timestamp>1320.804298</timestamp>
			</report>
			<report>
				<misses>212400001</misses>
				<total>-13</total>
				<timestamp>1321.426270</timestamp>
			</report>
			<report>
				<misses>212500001</misses>
				<total>-13</total>
				<timestamp>1322.052121</timestamp>
			</report>
			<report>
				<misses>212600001</misses>
				<total>-13</total>
				<timestamp>1322.678534</timestamp>
			</report>
			<report>
				<misses>212700001</misses>
				<total>-13</total>
				<timestamp>1323.298611</timestamp>
			</report>
			<report>
				<misses>212800001</misses>
				<total>-13</total>
				<timestamp>1323.918566</timestamp>
			</report>
			<report>
				<misses>212900001</misses>
				<total>-13</total>
				<timestamp>1324.544596</timestamp>
			</report>
			<report>
				<misses>213000001</misses>
				<total>-13</total>
				<timestamp>1325.164551</timestamp>
			</report>
			<report>
				<misses>213100001</misses>
				<total>-13</total>
				<timestamp>1325.785654</timestamp>
			</report>
			<report>
				<misses>213200001</misses>
				<total>-13</total>
				<timestamp>1326.414922</timestamp>
			</report>
			<report>
				<misses>213300001</misses>
				<total>-13</total>
				<timestamp>1327.037784</timestamp>
			</report>
			<report>
				<misses>213400001</misses>
				<total>-13</total>
				<timestamp>1327.659387</timestamp>
			</report>
			<report>
				<misses>213500001</misses>
				<total>-13</total>
				<timestamp>1328.284986</timestamp>
			</report>
			<report>
				<misses>213600001</misses>
				<total>-13</total>
				<timestamp>1328.906216</timestamp>
			</report>
			<report>
				<misses>213700001</misses>
				<total>-13</total>
				<timestamp>1329.526854</timestamp>
			</report>
			<report>
				<misses>213800001</misses>
				<total>-13</total>
				<timestamp>1330.148758</timestamp>
			</report>
			<report>
				<misses>213900001</misses>
				<total>-13</total>
				<timestamp>1330.771297</timestamp>
			</report>
			<report>
				<misses>214000001</misses>
				<total>-13</total>
				<timestamp>1331.392679</timestamp>
			</report>
			<report>
				<misses>214100001</misses>
				<total>-13</total>
				<timestamp>1332.012374</timestamp>
			</report>
			<report>
				<misses>214200001</misses>
				<total>-13</total>
				<timestamp>1332.636066</timestamp>
			</report>
			<report>
				<misses>214300001</misses>
				<total>-13</total>
				<timestamp>1333.257711</timestamp>
			</report>
			<report>
				<misses>214400001</misses>
				<total>-13</total>
				<timestamp>1333.886312</timestamp>
			</report>
			<report>
				<misses>214500001</misses>
				<total>-13</total>
				<timestamp>1334.508843</timestamp>
			</report>
			<report>
				<misses>214600001</misses>
				<total>-13</total>
				<timestamp>1335.131910</timestamp>
			</report>
			<report>
				<misses>214700001</misses>
				<total>-13</total>
				<timestamp>1335.755475</timestamp>
			</report>
			<report>
				<misses>214800001</misses>
				<total>-13</total>
				<timestamp>1336.375437</timestamp>
			</report>
			<report>
				<misses>214900001</misses>
				<total>-13</total>
				<timestamp>1337.000766</timestamp>
			</report>
			<report>
				<misses>215000001</misses>
				<total>-13</total>
				<timestamp>1337.623038</timestamp>
			</report>
			<report>
				<misses>215100001</misses>
				<total>-13</total>
				<timestamp>1338.244788</timestamp>
			</report>
			<report>
				<misses>215200001</misses>
				<total>-13</total>
				<timestamp>1338.866574</timestamp>
			</report>
			<report>
				<misses>215300001</misses>
				<total>-13</total>
				<timestamp>1339.491696</timestamp>
			</report>
			<report>
				<misses>215400001</misses>
				<total>-13</total>
				<timestamp>1340.119527</timestamp>
			</report>
			<report>
				<misses>215500001</misses>
				<total>-13</total>
				<timestamp>1340.745949</timestamp>
			</report>
			<report>
				<misses>215600001</misses>
				<total>-13</total>
				<timestamp>1341.370855</timestamp>
			</report>
			<report>
				<misses>215700001</misses>
				<total>-13</total>
				<timestamp>1341.999100</timestamp>
			</report>
			<report>
				<misses>215800001</misses>
				<total>-13</total>
				<timestamp>1342.624508</timestamp>
			</report>
			<report>
				<misses>215900001</misses>
				<total>-13</total>
				<timestamp>1343.243667</timestamp>
			</report>
			<report>
				<misses>216000001</misses>
				<total>-13</total>
				<timestamp>1343.867904</timestamp>
			</report>
			<report>
				<misses>216100001</misses>
				<total>-13</total>
				<timestamp>1344.493259</timestamp>
			</report>
			<report>
				<misses>216200001</misses>
				<total>-13</total>
				<timestamp>1345.112864</timestamp>
			</report>
			<report>
				<misses>216300001</misses>
				<total>-13</total>
				<timestamp>1345.736111</timestamp>
			</report>
			<report>
				<misses>216400001</misses>
				<total>-13</total>
				<timestamp>1346.355906</timestamp>
			</report>
			<report>
				<misses>216500001</misses>
				<total>-13</total>
				<timestamp>1346.983154</timestamp>
			</report>
			<report>
				<misses>216600001</misses>
				<total>-13</total>
				<timestamp>1347.606472</timestamp>
			</report>
			<report>
				<misses>216700001</misses>
				<total>-13</total>
				<timestamp>1348.230162</timestamp>
			</report>
			<report>
				<misses>216800001</misses>
				<total>-13</total>
				<timestamp>1348.851769</timestamp>
			</report>
			<report>
				<misses>216900001</misses>
				<total>-13</total>
				<timestamp>1349.473929</timestamp>
			</report>
			<report>
				<misses>217000001</misses>
				<total>-13</total>
				<timestamp>1350.102706</timestamp>
			</report>
			<report>
				<misses>217100001</misses>
				<total>-13</total>
				<timestamp>1350.725669</timestamp>
			</report>
			<report>
				<misses>217200001</misses>
				<total>-13</total>
				<timestamp>1351.345447</timestamp>
			</report>
			<report>
				<misses>217300001</misses>
				<total>-13</total>
				<timestamp>1351.972695</timestamp>
			</report>
			<report>
				<misses>217400001</misses>
				<total>-13</total>
				<timestamp>1352.590487</timestamp>
			</report>
			<report>
				<misses>217500001</misses>
				<total>-13</total>
				<timestamp>1353.214926</timestamp>
			</report>
			<report>
				<misses>217600001</misses>
				<total>-13</total>
				<timestamp>1353.838886</timestamp>
			</report>
			<report>
				<misses>217700001</misses>
				<total>-13</total>
				<timestamp>1354.463491</timestamp>
			</report>
			<report>
				<misses>217800001</misses>
				<total>-13</total>
				<timestamp>1355.086022</timestamp>
			</report>
			<report>
				<misses>217900001</misses>
				<total>-13</total>
				<timestamp>1355.709073</timestamp>
			</report>
			<report>
				<misses>218000001</misses>
				<total>-13</total>
				<timestamp>1356.331355</timestamp>
			</report>
			<report>
				<misses>218100001</misses>
				<total>-13</total>
				<timestamp>1356.951816</timestamp>
			</report>
			<report>
				<misses>218200001</misses>
				<total>-13</total>
				<timestamp>1357.574646</timestamp>
			</report>
			<report>
				<misses>218300001</misses>
				<total>-13</total>
				<timestamp>1358.192476</timestamp>
			</report>
			<report>
				<misses>218400001</misses>
				<total>-13</total>
				<timestamp>1358.811253</timestamp>
			</report>
			<report>
				<misses>218500001</misses>
				<total>-13</total>
				<timestamp>1359.430321</timestamp>
			</report>
			<report>
				<misses>218600001</misses>
				<total>-13</total>
				<timestamp>1360.049388</timestamp>
			</report>
			<report>
				<misses>218700001</misses>
				<total>-13</total>
				<timestamp>1360.666243</timestamp>
			</report>
			<report>
				<misses>218800001</misses>
				<total>-13</total>
				<timestamp>1361.283624</timestamp>
			</report>
			<report>
				<misses>218900001</misses>
				<total>-13</total>
				<timestamp>1361.904869</timestamp>
			</report>
			<report>
				<misses>219000001</misses>
				<total>-13</total>
				<timestamp>1362.527791</timestamp>
			</report>
			<report>
				<misses>219100001</misses>
				<total>-13</total>
				<timestamp>1363.148139</timestamp>
			</report>
			<report>
				<misses>219200001</misses>
				<total>-13</total>
				<timestamp>1363.771325</timestamp>
			</report>
			<report>
				<misses>219300001</misses>
				<total>-13</total>
				<timestamp>1364.390257</timestamp>
			</report>
			<report>
				<misses>219400001</misses>
				<total>-13</total>
				<timestamp>1365.008940</timestamp>
			</report>
			<report>
				<misses>219500001</misses>
				<total>-13</total>
				<timestamp>1365.627338</timestamp>
			</report>
			<report>
				<misses>219600001</misses>
				<total>-13</total>
				<timestamp>1366.249596</timestamp>
			</report>
			<report>
				<misses>219700001</misses>
				<total>-13</total>
				<timestamp>1366.871250</timestamp>
			</report>
			<report>
				<misses>219800001</misses>
				<total>-13</total>
				<timestamp>1367.493517</timestamp>
			</report>
			<report>
				<misses>219900001</misses>
				<total>-13</total>
				<timestamp>1368.111206</timestamp>
			</report>
			<report>
				<misses>220000001</misses>
				<total>-13</total>
				<timestamp>1368.741399</timestamp>
			</report>
			<report>
				<misses>220100001</misses>
				<total>-13</total>
				<timestamp>1369.362888</timestamp>
			</report>
			<report>
				<misses>220200001</misses>
				<total>-13</total>
				<timestamp>1369.985675</timestamp>
			</report>
			<report>
				<misses>220300001</misses>
				<total>-13</total>
				<timestamp>1370.606935</timestamp>
			</report>
			<report>
				<misses>220400001</misses>
				<total>-13</total>
				<timestamp>1371.229206</timestamp>
			</report>
			<report>
				<misses>220500001</misses>
				<total>-13</total>
				<timestamp>1371.852523</timestamp>
			</report>
			<report>
				<misses>220600001</misses>
				<total>-13</total>
				<timestamp>1372.474659</timestamp>
			</report>
			<report>
				<misses>220700001</misses>
				<total>-13</total>
				<timestamp>1373.095270</timestamp>
			</report>
			<report>
				<misses>220800001</misses>
				<total>-13</total>
				<timestamp>1373.714840</timestamp>
			</report>
			<report>
				<misses>220900001</misses>
				<total>-13</total>
				<timestamp>1374.341115</timestamp>
			</report>
			<report>
				<misses>221000001</misses>
				<total>-13</total>
				<timestamp>1374.965591</timestamp>
			</report>
			<report>
				<misses>221100001</misses>
				<total>-13</total>
				<timestamp>1375.583860</timestamp>
			</report>
			<report>
				<misses>221200001</misses>
				<total>-13</total>
				<timestamp>1376.208740</timestamp>
			</report>
			<report>
				<misses>221300001</misses>
				<total>-13</total>
				<timestamp>1376.830636</timestamp>
			</report>
			<report>
				<misses>221400001</misses>
				<total>-13</total>
				<timestamp>1377.450851</timestamp>
			</report>
			<report>
				<misses>221500001</misses>
				<total>-13</total>
				<timestamp>1378.074041</timestamp>
			</report>
			<report>
				<misses>221600001</misses>
				<total>-13</total>
				<timestamp>1378.695164</timestamp>
			</report>
			<report>
				<misses>221700001</misses>
				<total>-13</total>
				<timestamp>1379.325163</timestamp>
			</report>
			<report>
				<misses>221800001</misses>
				<total>-13</total>
				<timestamp>1379.948878</timestamp>
			</report>
			<report>
				<misses>221900001</misses>
				<total>-13</total>
				<timestamp>1380.567970</timestamp>
			</report>
			<report>
				<misses>222000001</misses>
				<total>-13</total>
				<timestamp>1381.189868</timestamp>
			</report>
			<report>
				<misses>222100001</misses>
				<total>-13</total>
				<timestamp>1381.809688</timestamp>
			</report>
			<report>
				<misses>222200001</misses>
				<total>-13</total>
				<timestamp>1382.430059</timestamp>
			</report>
			<report>
				<misses>222300001</misses>
				<total>-13</total>
				<timestamp>1383.055482</timestamp>
			</report>
			<report>
				<misses>222400001</misses>
				<total>-13</total>
				<timestamp>1383.678732</timestamp>
			</report>
			<report>
				<misses>222500001</misses>
				<total>-13</total>
				<timestamp>1384.293360</timestamp>
			</report>
			<report>
				<misses>222600001</misses>
				<total>-13</total>
				<timestamp>1384.913147</timestamp>
			</report>
			<report>
				<misses>222700001</misses>
				<total>-13</total>
				<timestamp>1385.537991</timestamp>
			</report>
			<report>
				<misses>222800001</misses>
				<total>-13</total>
				<timestamp>1386.160890</timestamp>
			</report>
			<report>
				<misses>222900001</misses>
				<total>-13</total>
				<timestamp>1386.781915</timestamp>
			</report>
			<report>
				<misses>223000001</misses>
				<total>-13</total>
				<timestamp>1387.402921</timestamp>
			</report>
			<report>
				<misses>223100001</misses>
				<total>-13</total>
				<timestamp>1388.026139</timestamp>
			</report>
			<report>
				<misses>223200001</misses>
				<total>-13</total>
				<timestamp>1388.646892</timestamp>
			</report>
			<report>
				<misses>223300001</misses>
				<total>-13</total>
				<timestamp>1389.272428</timestamp>
			</report>
			<report>
				<misses>223400001</misses>
				<total>-13</total>
				<timestamp>1389.896134</timestamp>
			</report>
			<report>
				<misses>223500001</misses>
				<total>-13</total>
				<timestamp>1390.524611</timestamp>
			</report>
			<report>
				<misses>223600001</misses>
				<total>-13</total>
				<timestamp>1391.149096</timestamp>
			</report>
			<report>
				<misses>223700001</misses>
				<total>-13</total>
				<timestamp>1391.765330</timestamp>
			</report>
			<report>
				<misses>223800001</misses>
				<total>-13</total>
				<timestamp>1392.390961</timestamp>
			</report>
			<report>
				<misses>223900001</misses>
				<total>-13</total>
				<timestamp>1393.012873</timestamp>
			</report>
			<report>
				<misses>224000001</misses>
				<total>-13</total>
				<timestamp>1393.635677</timestamp>
			</report>
			<report>
				<misses>224100001</misses>
				<total>-13</total>
				<timestamp>1394.262807</timestamp>
			</report>
			<report>
				<misses>224200001</misses>
				<total>-13</total>
				<timestamp>1394.887471</timestamp>
			</report>
			<report>
				<misses>224300001</misses>
				<total>-13</total>
				<timestamp>1395.515535</timestamp>
			</report>
			<report>
				<misses>224400001</misses>
				<total>-13</total>
				<timestamp>1396.145489</timestamp>
			</report>
			<report>
				<misses>224500001</misses>
				<total>-13</total>
				<timestamp>1396.766560</timestamp>
			</report>
			<report>
				<misses>224600001</misses>
				<total>-13</total>
				<timestamp>1397.394396</timestamp>
			</report>
			<report>
				<misses>224700001</misses>
				<total>-13</total>
				<timestamp>1398.020543</timestamp>
			</report>
			<report>
				<misses>224800001</misses>
				<total>-13</total>
				<timestamp>1398.645406</timestamp>
			</report>
			<report>
				<misses>224900001</misses>
				<total>-13</total>
				<timestamp>1399.268085</timestamp>
			</report>
			<report>
				<misses>225000001</misses>
				<total>-13</total>
				<timestamp>1399.889710</timestamp>
			</report>
			<report>
				<misses>225100001</misses>
				<total>-13</total>
				<timestamp>1400.508497</timestamp>
			</report>
			<report>
				<misses>225200001</misses>
				<total>-13</total>
				<timestamp>1401.138765</timestamp>
			</report>
			<report>
				<misses>225300001</misses>
				<total>-13</total>
				<timestamp>1401.760546</timestamp>
			</report>
			<report>
				<misses>225400001</misses>
				<total>-13</total>
				<timestamp>1402.391115</timestamp>
			</report>
			<report>
				<misses>225500001</misses>
				<total>-13</total>
				<timestamp>1403.015229</timestamp>
			</report>
			<report>
				<misses>225600001</misses>
				<total>-13</total>
				<timestamp>1403.638795</timestamp>
			</report>
			<report>
				<misses>225700001</misses>
				<total>-13</total>
				<timestamp>1404.259591</timestamp>
			</report>
			<report>
				<misses>225800001</misses>
				<total>-13</total>
				<timestamp>1404.888481</timestamp>
			</report>
			<report>
				<misses>225900001</misses>
				<total>-13</total>
				<timestamp>1405.512382</timestamp>
			</report>
			<report>
				<misses>226000001</misses>
				<total>-13</total>
				<timestamp>1406.125886</timestamp>
			</report>
			<report>
				<misses>226100001</misses>
				<total>-13</total>
				<timestamp>1406.738496</timestamp>
			</report>
			<report>
				<misses>226200001</misses>
				<total>-13</total>
				<timestamp>1407.361242</timestamp>
			</report>
			<report>
				<misses>226300001</misses>
				<total>-13</total>
				<timestamp>1407.981456</timestamp>
			</report>
			<report>
				<misses>226400001</misses>
				<total>-13</total>
				<timestamp>1408.600245</timestamp>
			</report>
			<report>
				<misses>226500001</misses>
				<total>-13</total>
				<timestamp>1409.222132</timestamp>
			</report>
			<report>
				<misses>226600001</misses>
				<total>-13</total>
				<timestamp>1409.843261</timestamp>
			</report>
			<report>
				<misses>226700001</misses>
				<total>-13</total>
				<timestamp>1410.469541</timestamp>
			</report>
			<report>
				<misses>226800001</misses>
				<total>-13</total>
				<timestamp>1411.088335</timestamp>
			</report>
			<report>
				<misses>226900001</misses>
				<total>-13</total>
				<timestamp>1411.705456</timestamp>
			</report>
			<report>
				<misses>227000001</misses>
				<total>-13</total>
				<timestamp>1412.332119</timestamp>
			</report>
			<report>
				<misses>227100001</misses>
				<total>-13</total>
				<timestamp>1412.953513</timestamp>
			</report>
			<report>
				<misses>227200001</misses>
				<total>-13</total>
				<timestamp>1413.573585</timestamp>
			</report>
			<report>
				<misses>227300001</misses>
				<total>-13</total>
				<timestamp>1414.196250</timestamp>
			</report>
			<report>
				<misses>227400001</misses>
				<total>-13</total>
				<timestamp>1414.825751</timestamp>
			</report>
			<report>
				<misses>227500001</misses>
				<total>-13</total>
				<timestamp>1415.448561</timestamp>
			</report>
			<report>
				<misses>227600001</misses>
				<total>-13</total>
				<timestamp>1416.070179</timestamp>
			</report>
			<report>
				<misses>227700001</misses>
				<total>-13</total>
				<timestamp>1416.687954</timestamp>
			</report>
			<report>
				<misses>227800001</misses>
				<total>-13</total>
				<timestamp>1417.313178</timestamp>
			</report>
			<report>
				<misses>227900001</misses>
				<total>-13</total>
				<timestamp>1417.933388</timestamp>
			</report>
			<report>
				<misses>228000001</misses>
				<total>-13</total>
				<timestamp>1418.557078</timestamp>
			</report>
			<report>
				<misses>228100001</misses>
				<total>-13</total>
				<timestamp>1419.179488</timestamp>
			</report>
			<report>
				<misses>228200001</misses>
				<total>-13</total>
				<timestamp>1419.808741</timestamp>
			</report>
			<report>
				<misses>228300001</misses>
				<total>-13</total>
				<timestamp>1420.429090</timestamp>
			</report>
			<report>
				<misses>228400001</misses>
				<total>-13</total>
				<timestamp>1421.051361</timestamp>
			</report>
			<report>
				<misses>228500001</misses>
				<total>-13</total>
				<timestamp>1421.667315</timestamp>
			</report>
			<report>
				<misses>228600001</misses>
				<total>-13</total>
				<timestamp>1422.290104</timestamp>
			</report>
			<report>
				<misses>228700001</misses>
				<total>-13</total>
				<timestamp>1422.909161</timestamp>
			</report>
			<report>
				<misses>228800001</misses>
				<total>-13</total>
				<timestamp>1423.533394</timestamp>
			</report>
			<report>
				<misses>228900001</misses>
				<total>-13</total>
				<timestamp>1424.153894</timestamp>
			</report>
			<report>
				<misses>229000001</misses>
				<total>-13</total>
				<timestamp>1424.774764</timestamp>
			</report>
			<report>
				<misses>229100001</misses>
				<total>-13</total>
				<timestamp>1425.392126</timestamp>
			</report>
			<report>
				<misses>229200001</misses>
				<total>-13</total>
				<timestamp>1426.010926</timestamp>
			</report>
			<report>
				<misses>229300001</misses>
				<total>-13</total>
				<timestamp>1426.633349</timestamp>
			</report>
			<report>
				<misses>229400001</misses>
				<total>-13</total>
				<timestamp>1427.255768</timestamp>
			</report>
			<report>
				<misses>229500001</misses>
				<total>-13</total>
				<timestamp>1427.874190</timestamp>
			</report>
			<report>
				<misses>229600001</misses>
				<total>-13</total>
				<timestamp>1428.497887</timestamp>
			</report>
			<report>
				<misses>229700001</misses>
				<total>-13</total>
				<timestamp>1429.122491</timestamp>
			</report>
			<report>
				<misses>229800001</misses>
				<total>-13</total>
				<timestamp>1429.741016</timestamp>
			</report>
			<report>
				<misses>229900001</misses>
				<total>-13</total>
				<timestamp>1430.362263</timestamp>
			</report>
			<report>
				<misses>230000001</misses>
				<total>-13</total>
				<timestamp>1430.978373</timestamp>
			</report>
			<report>
				<misses>230100001</misses>
				<total>-13</total>
				<timestamp>1431.599863</timestamp>
			</report>
			<report>
				<misses>230200001</misses>
				<total>-13</total>
				<timestamp>1432.221112</timestamp>
			</report>
			<report>
				<misses>230300001</misses>
				<total>-13</total>
				<timestamp>1432.840697</timestamp>
			</report>
			<report>
				<misses>230400001</misses>
				<total>-13</total>
				<timestamp>1433.459556</timestamp>
			</report>
			<report>
				<misses>230500001</misses>
				<total>-13</total>
				<timestamp>1434.081254</timestamp>
			</report>
			<report>
				<misses>230600001</misses>
				<total>-13</total>
				<timestamp>1434.705869</timestamp>
			</report>
			<report>
				<misses>230700001</misses>
				<total>-13</total>
				<timestamp>1435.332933</timestamp>
			</report>
			<report>
				<misses>230800001</misses>
				<total>-13</total>
				<timestamp>1435.956499</timestamp>
			</report>
			<report>
				<misses>230900001</misses>
				<total>-13</total>
				<timestamp>1436.585509</timestamp>
			</report>
			<report>
				<misses>231000001</misses>
				<total>-13</total>
				<timestamp>1437.210898</timestamp>
			</report>
			<report>
				<misses>231100001</misses>
				<total>-13</total>
				<timestamp>1437.837949</timestamp>
			</report>
			<report>
				<misses>231200001</misses>
				<total>-13</total>
				<timestamp>1438.461521</timestamp>
			</report>
			<report>
				<misses>231300001</misses>
				<total>-13</total>
				<timestamp>1439.092573</timestamp>
			</report>
			<report>
				<misses>231400001</misses>
				<total>-13</total>
				<timestamp>1439.720566</timestamp>
			</report>
			<report>
				<misses>231500001</misses>
				<total>-13</total>
				<timestamp>1440.347494</timestamp>
			</report>
			<report>
				<misses>231600001</misses>
				<total>-13</total>
				<timestamp>1440.966774</timestamp>
			</report>
			<report>
				<misses>231700001</misses>
				<total>-13</total>
				<timestamp>1441.589505</timestamp>
			</report>
			<report>
				<misses>231800001</misses>
				<total>-13</total>
				<timestamp>1442.212419</timestamp>
			</report>
			<report>
				<misses>231900001</misses>
				<total>-13</total>
				<timestamp>1442.833441</timestamp>
			</report>
			<report>
				<misses>232000001</misses>
				<total>-13</total>
				<timestamp>1443.452943</timestamp>
			</report>
			<report>
				<misses>232100001</misses>
				<total>-13</total>
				<timestamp>1444.074834</timestamp>
			</report>
			<report>
				<misses>232200001</misses>
				<total>-13</total>
				<timestamp>1444.691723</timestamp>
			</report>
			<report>
				<misses>232300001</misses>
				<total>-13</total>
				<timestamp>1445.318196</timestamp>
			</report>
			<report>
				<misses>232400001</misses>
				<total>-13</total>
				<timestamp>1445.937045</timestamp>
			</report>
			<report>
				<misses>232500001</misses>
				<total>-13</total>
				<timestamp>1446.559507</timestamp>
			</report>
			<report>
				<misses>232600001</misses>
				<total>-13</total>
				<timestamp>1447.178755</timestamp>
			</report>
			<report>
				<misses>232700001</misses>
				<total>-13</total>
				<timestamp>1447.808397</timestamp>
			</report>
			<report>
				<misses>232800001</misses>
				<total>-13</total>
				<timestamp>1448.427709</timestamp>
			</report>
			<report>
				<misses>232900001</misses>
				<total>-13</total>
				<timestamp>1449.048961</timestamp>
			</report>
			<report>
				<misses>233000001</misses>
				<total>-13</total>
				<timestamp>1449.676975</timestamp>
			</report>
			<report>
				<misses>233100001</misses>
				<total>-13</total>
				<timestamp>1450.298233</timestamp>
			</report>
			<report>
				<misses>233200001</misses>
				<total>-13</total>
				<timestamp>1450.924106</timestamp>
			</report>
			<report>
				<misses>233300001</misses>
				<total>-13</total>
				<timestamp>1451.546015</timestamp>
			</report>
			<report>
				<misses>233400001</misses>
				<total>-13</total>
				<timestamp>1452.170359</timestamp>
			</report>
			<report>
				<misses>233500001</misses>
				<total>-13</total>
				<timestamp>1452.790850</timestamp>
			</report>
			<report>
				<misses>233600001</misses>
				<total>-13</total>
				<timestamp>1453.408834</timestamp>
			</report>
			<report>
				<misses>233700001</misses>
				<total>-13</total>
				<timestamp>1454.026151</timestamp>
			</report>
			<report>
				<misses>233800001</misses>
				<total>-13</total>
				<timestamp>1454.651364</timestamp>
			</report>
			<report>
				<misses>233900001</misses>
				<total>-13</total>
				<timestamp>1455.264388</timestamp>
			</report>
			<report>
				<misses>234000001</misses>
				<total>-13</total>
				<timestamp>1455.886390</timestamp>
			</report>
			<report>
				<misses>234100001</misses>
				<total>-13</total>
				<timestamp>1456.508208</timestamp>
			</report>
			<report>
				<misses>234200001</misses>
				<total>-13</total>
				<timestamp>1457.124671</timestamp>
			</report>
			<report>
				<misses>234300001</misses>
				<total>-13</total>
				<timestamp>1457.742414</timestamp>
			</report>
			<report>
				<misses>234400001</misses>
				<total>-13</total>
				<timestamp>1458.364120</timestamp>
			</report>
			<report>
				<misses>234500001</misses>
				<total>-13</total>
				<timestamp>1458.989445</timestamp>
			</report>
			<report>
				<misses>234600001</misses>
				<total>-13</total>
				<timestamp>1459.613731</timestamp>
			</report>
			<report>
				<misses>234700001</misses>
				<total>-13</total>
				<timestamp>1460.231613</timestamp>
			</report>
			<report>
				<misses>234800001</misses>
				<total>-13</total>
				<timestamp>1460.848124</timestamp>
			</report>
			<report>
				<misses>234900001</misses>
				<total>-13</total>
				<timestamp>1461.465751</timestamp>
			</report>
			<report>
				<misses>235000001</misses>
				<total>-13</total>
				<timestamp>1462.082359</timestamp>
			</report>
			<report>
				<misses>235100001</misses>
				<total>-13</total>
				<timestamp>1462.702957</timestamp>
			</report>
			<report>
				<misses>235200001</misses>
				<total>-13</total>
				<timestamp>1463.323566</timestamp>
			</report>
			<report>
				<misses>235300001</misses>
				<total>-13</total>
				<timestamp>1463.944700</timestamp>
			</report>
			<report>
				<misses>235400001</misses>
				<total>-13</total>
				<timestamp>1464.570478</timestamp>
			</report>
			<report>
				<misses>235500001</misses>
				<total>-13</total>
				<timestamp>1465.192115</timestamp>
			</report>
			<report>
				<misses>235600001</misses>
				<total>-13</total>
				<timestamp>1465.814915</timestamp>
			</report>
			<report>
				<misses>235700001</misses>
				<total>-13</total>
				<timestamp>1466.435926</timestamp>
			</report>
			<report>
				<misses>235800001</misses>
				<total>-13</total>
				<timestamp>1467.055511</timestamp>
			</report>
			<report>
				<misses>235900001</misses>
				<total>-13</total>
				<timestamp>1467.674318</timestamp>
			</report>
			<report>
				<misses>236000001</misses>
				<total>-13</total>
				<timestamp>1468.302004</timestamp>
			</report>
			<report>
				<misses>236100001</misses>
				<total>-13</total>
				<timestamp>1468.918095</timestamp>
			</report>
			<report>
				<misses>236200001</misses>
				<total>-13</total>
				<timestamp>1469.534698</timestamp>
			</report>
			<report>
				<misses>236300001</misses>
				<total>-13</total>
				<timestamp>1470.157234</timestamp>
			</report>
			<report>
				<misses>236400001</misses>
				<total>-13</total>
				<timestamp>1470.778498</timestamp>
			</report>
			<report>
				<misses>236500001</misses>
				<total>-13</total>
				<timestamp>1471.401923</timestamp>
			</report>
			<report>
				<misses>236600001</misses>
				<total>-13</total>
				<timestamp>1472.024214</timestamp>
			</report>
			<report>
				<misses>236700001</misses>
				<total>-13</total>
				<timestamp>1472.644565</timestamp>
			</report>
			<report>
				<misses>236800001</misses>
				<total>-13</total>
				<timestamp>1473.264516</timestamp>
			</report>
			<report>
				<misses>236900001</misses>
				<total>-13</total>
				<timestamp>1473.887324</timestamp>
			</report>
			<report>
				<misses>237000001</misses>
				<total>-13</total>
				<timestamp>1474.507528</timestamp>
			</report>
			<report>
				<misses>237100001</misses>
				<total>-13</total>
				<timestamp>1475.130446</timestamp>
			</report>
			<report>
				<misses>237200001</misses>
				<total>-13</total>
				<timestamp>1475.749883</timestamp>
			</report>
			<report>
				<misses>237300001</misses>
				<total>-13</total>
				<timestamp>1476.373292</timestamp>
			</report>
			<report>
				<misses>237400001</misses>
				<total>-13</total>
				<timestamp>1476.995668</timestamp>
			</report>
			<report>
				<misses>237500001</misses>
				<total>-13</total>
				<timestamp>1477.621745</timestamp>
			</report>
			<report>
				<misses>237600001</misses>
				<total>-13</total>
				<timestamp>1478.244739</timestamp>
			</report>
			<report>
				<misses>237700001</misses>
				<total>-13</total>
				<timestamp>1478.869707</timestamp>
			</report>
			<report>
				<misses>237800001</misses>
				<total>-13</total>
				<timestamp>1479.491348</timestamp>
			</report>
			<report>
				<misses>237900001</misses>
				<total>-13</total>
				<timestamp>1480.115602</timestamp>
			</report>
			<report>
				<misses>238000001</misses>
				<total>-13</total>
				<timestamp>1480.743949</timestamp>
			</report>
			<report>
				<misses>238100001</misses>
				<total>-13</total>
				<timestamp>1481.364431</timestamp>
			</report>
			<report>
				<misses>238200001</misses>
				<total>-13</total>
				<timestamp>1481.982831</timestamp>
			</report>
			<report>
				<misses>238300001</misses>
				<total>-13</total>
				<timestamp>1482.599444</timestamp>
			</report>
			<report>
				<misses>238400001</misses>
				<total>-13</total>
				<timestamp>1483.225457</timestamp>
			</report>
			<report>
				<misses>238500001</misses>
				<total>-13</total>
				<timestamp>1483.846216</timestamp>
			</report>
			<report>
				<misses>238600001</misses>
				<total>-13</total>
				<timestamp>1484.473175</timestamp>
			</report>
			<report>
				<misses>238700001</misses>
				<total>-13</total>
				<timestamp>1485.092224</timestamp>
			</report>
			<report>
				<misses>238800001</misses>
				<total>-13</total>
				<timestamp>1485.716027</timestamp>
			</report>
			<report>
				<misses>238900001</misses>
				<total>-13</total>
				<timestamp>1486.329909</timestamp>
			</report>
			<report>
				<misses>239000001</misses>
				<total>-13</total>
				<timestamp>1486.949833</timestamp>
			</report>
			<report>
				<misses>239100001</misses>
				<total>-13</total>
				<timestamp>1487.575370</timestamp>
			</report>
			<report>
				<misses>239200001</misses>
				<total>-13</total>
				<timestamp>1488.197817</timestamp>
			</report>
			<report>
				<misses>239300001</misses>
				<total>-13</total>
				<timestamp>1488.822421</timestamp>
			</report>
			<report>
				<misses>239400001</misses>
				<total>-13</total>
				<timestamp>1489.444571</timestamp>
			</report>
			<report>
				<misses>239500001</misses>
				<total>-13</total>
				<timestamp>1490.066573</timestamp>
			</report>
			<report>
				<misses>239600001</misses>
				<total>-13</total>
				<timestamp>1490.689634</timestamp>
			</report>
			<report>
				<misses>239700001</misses>
				<total>-13</total>
				<timestamp>1491.306123</timestamp>
			</report>
			<report>
				<misses>239800001</misses>
				<total>-13</total>
				<timestamp>1491.925938</timestamp>
			</report>
			<report>
				<misses>239900001</misses>
				<total>-13</total>
				<timestamp>1492.545911</timestamp>
			</report>
			<report>
				<misses>240000001</misses>
				<total>-13</total>
				<timestamp>1493.167557</timestamp>
			</report>
			<report>
				<misses>240100001</misses>
				<total>-13</total>
				<timestamp>1493.783741</timestamp>
			</report>
			<report>
				<misses>240200001</misses>
				<total>-13</total>
				<timestamp>1494.402014</timestamp>
			</report>
			<report>
				<misses>240300001</misses>
				<total>-13</total>
				<timestamp>1495.022516</timestamp>
			</report>
			<report>
				<misses>240400001</misses>
				<total>-13</total>
				<timestamp>1495.641675</timestamp>
			</report>
			<report>
				<misses>240500001</misses>
				<total>-13</total>
				<timestamp>1496.260608</timestamp>
			</report>
			<report>
				<misses>240600001</misses>
				<total>-13</total>
				<timestamp>1496.878895</timestamp>
			</report>
			<report>
				<misses>240700001</misses>
				<total>-13</total>
				<timestamp>1497.496901</timestamp>
			</report>
			<report>
				<misses>240800001</misses>
				<total>-13</total>
				<timestamp>1498.113648</timestamp>
			</report>
			<report>
				<misses>240900001</misses>
				<total>-13</total>
				<timestamp>1498.734775</timestamp>
			</report>
			<report>
				<misses>241000001</misses>
				<total>-13</total>
				<timestamp>1499.350401</timestamp>
			</report>
			<report>
				<misses>241100001</misses>
				<total>-13</total>
				<timestamp>1499.968043</timestamp>
			</report>
			<report>
				<misses>241200001</misses>
				<total>-13</total>
				<timestamp>1500.592155</timestamp>
			</report>
			<report>
				<misses>241300001</misses>
				<total>-13</total>
				<timestamp>1501.209601</timestamp>
			</report>
			<report>
				<misses>241400001</misses>
				<total>-13</total>
				<timestamp>1501.824717</timestamp>
			</report>
			<report>
				<misses>241500001</misses>
				<total>-13</total>
				<timestamp>1502.449850</timestamp>
			</report>
			<report>
				<misses>241600001</misses>
				<total>-13</total>
				<timestamp>1503.069077</timestamp>
			</report>
			<report>
				<misses>241700001</misses>
				<total>-13</total>
				<timestamp>1503.685626</timestamp>
			</report>
			<report>
				<misses>241800001</misses>
				<total>-13</total>
				<timestamp>1504.301319</timestamp>
			</report>
			<report>
				<misses>241900001</misses>
				<total>-13</total>
				<timestamp>1504.921808</timestamp>
			</report>
			<report>
				<misses>242000001</misses>
				<total>-13</total>
				<timestamp>1505.541623</timestamp>
			</report>
			<report>
				<misses>242100001</misses>
				<total>-13</total>
				<timestamp>1506.165570</timestamp>
			</report>
			<report>
				<misses>242200001</misses>
				<total>-13</total>
				<timestamp>1506.786953</timestamp>
			</report>
			<report>
				<misses>242300001</misses>
				<total>-13</total>
				<timestamp>1507.411181</timestamp>
			</report>
			<report>
				<misses>242400001</misses>
				<total>-13</total>
				<timestamp>1508.035141</timestamp>
			</report>
			<report>
				<misses>242500001</misses>
				<total>-13</total>
				<timestamp>1508.650967</timestamp>
			</report>
			<report>
				<misses>242600001</misses>
				<total>-13</total>
				<timestamp>1509.271567</timestamp>
			</report>
			<report>
				<misses>242700001</misses>
				<total>-13</total>
				<timestamp>1509.890347</timestamp>
			</report>
			<report>
				<misses>242800001</misses>
				<total>-13</total>
				<timestamp>1510.510700</timestamp>
			</report>
			<report>
				<misses>242900001</misses>
				<total>-13</total>
				<timestamp>1511.134131</timestamp>
			</report>
			<report>
				<misses>243000001</misses>
				<total>-13</total>
				<timestamp>1511.752010</timestamp>
			</report>
			<report>
				<misses>243100001</misses>
				<total>-13</total>
				<timestamp>1512.375060</timestamp>
			</report>
			<report>
				<misses>243200001</misses>
				<total>-13</total>
				<timestamp>1512.991179</timestamp>
			</report>
			<report>
				<misses>243300001</misses>
				<total>-13</total>
				<timestamp>1513.612825</timestamp>
			</report>
			<report>
				<misses>243400001</misses>
				<total>-13</total>
				<timestamp>1514.244637</timestamp>
			</report>
			<report>
				<misses>243500001</misses>
				<total>-13</total>
				<timestamp>1514.869149</timestamp>
			</report>
			<report>
				<misses>243600001</misses>
				<total>-13</total>
				<timestamp>1515.487402</timestamp>
			</report>
			<report>
				<misses>243700001</misses>
				<total>-13</total>
				<timestamp>1516.113668</timestamp>
			</report>
			<report>
				<misses>243800001</misses>
				<total>-13</total>
				<timestamp>1516.730148</timestamp>
			</report>
			<report>
				<misses>243900001</misses>
				<total>-13</total>
				<timestamp>1517.352426</timestamp>
			</report>
			<report>
				<misses>244000001</misses>
				<total>-13</total>
				<timestamp>1517.973156</timestamp>
			</report>
			<report>
				<misses>244100001</misses>
				<total>-13</total>
				<timestamp>1518.594536</timestamp>
			</report>
			<report>
				<misses>244200001</misses>
				<total>-13</total>
				<timestamp>1519.216933</timestamp>
			</report>
			<report>
				<misses>244300001</misses>
				<total>-13</total>
				<timestamp>1519.837818</timestamp>
			</report>
			<report>
				<misses>244400001</misses>
				<total>-13</total>
				<timestamp>1520.460487</timestamp>
			</report>
			<report>
				<misses>244500001</misses>
				<total>-13</total>
				<timestamp>1521.088813</timestamp>
			</report>
			<report>
				<misses>244600001</misses>
				<total>-13</total>
				<timestamp>1521.712522</timestamp>
			</report>
			<report>
				<misses>244700001</misses>
				<total>-13</total>
				<timestamp>1522.332353</timestamp>
			</report>
			<report>
				<misses>244800001</misses>
				<total>-13</total>
				<timestamp>1522.949593</timestamp>
			</report>
			<report>
				<misses>244900001</misses>
				<total>-13</total>
				<timestamp>1523.570453</timestamp>
			</report>
			<report>
				<misses>245000001</misses>
				<total>-13</total>
				<timestamp>1524.184226</timestamp>
			</report>
			<report>
				<misses>245100001</misses>
				<total>-13</total>
				<timestamp>1524.801350</timestamp>
			</report>
			<report>
				<misses>245200001</misses>
				<total>-13</total>
				<timestamp>1525.419619</timestamp>
			</report>
			<report>
				<misses>245300001</misses>
				<total>-13</total>
				<timestamp>1526.038280</timestamp>
			</report>
			<report>
				<misses>245400001</misses>
				<total>-13</total>
				<timestamp>1526.657349</timestamp>
			</report>
			<report>
				<misses>245500001</misses>
				<total>-13</total>
				<timestamp>1527.280272</timestamp>
			</report>
			<report>
				<misses>245600001</misses>
				<total>-13</total>
				<timestamp>1527.900607</timestamp>
			</report>
			<report>
				<misses>245700001</misses>
				<total>-13</total>
				<timestamp>1528.520565</timestamp>
			</report>
			<report>
				<misses>245800001</misses>
				<total>-13</total>
				<timestamp>1529.134214</timestamp>
			</report>
			<report>
				<misses>245900001</misses>
				<total>-13</total>
				<timestamp>1529.758795</timestamp>
			</report>
			<report>
				<misses>246000001</misses>
				<total>-13</total>
				<timestamp>1530.378509</timestamp>
			</report>
			<report>
				<misses>246100001</misses>
				<total>-13</total>
				<timestamp>1531.000274</timestamp>
			</report>
			<report>
				<misses>246200001</misses>
				<total>-13</total>
				<timestamp>1531.619984</timestamp>
			</report>
			<report>
				<misses>246300001</misses>
				<total>-13</total>
				<timestamp>1532.242780</timestamp>
			</report>
			<report>
				<misses>246400001</misses>
				<total>-13</total>
				<timestamp>1532.858615</timestamp>
			</report>
			<report>
				<misses>246500001</misses>
				<total>-13</total>
				<timestamp>1533.478660</timestamp>
			</report>
			<report>
				<misses>246600001</misses>
				<total>-13</total>
				<timestamp>1534.094851</timestamp>
			</report>
			<report>
				<misses>246700001</misses>
				<total>-13</total>
				<timestamp>1534.710691</timestamp>
			</report>
			<report>
				<misses>246800001</misses>
				<total>-13</total>
				<timestamp>1535.335560</timestamp>
			</report>
			<report>
				<misses>246900001</misses>
				<total>-13</total>
				<timestamp>1535.955783</timestamp>
			</report>
			<report>
				<misses>247000001</misses>
				<total>-13</total>
				<timestamp>1536.583102</timestamp>
			</report>
			<report>
				<misses>247100001</misses>
				<total>-13</total>
				<timestamp>1537.203320</timestamp>
			</report>
			<report>
				<misses>247200001</misses>
				<total>-13</total>
				<timestamp>1537.829864</timestamp>
			</report>
			<report>
				<misses>247300001</misses>
				<total>-13</total>
				<timestamp>1538.452655</timestamp>
			</report>
			<report>
				<misses>247400001</misses>
				<total>-13</total>
				<timestamp>1539.071499</timestamp>
			</report>
			<report>
				<misses>247500001</misses>
				<total>-13</total>
				<timestamp>1539.701837</timestamp>
			</report>
			<report>
				<misses>247600001</misses>
				<total>-13</total>
				<timestamp>1540.322473</timestamp>
			</report>
			<report>
				<misses>247700001</misses>
				<total>-13</total>
				<timestamp>1540.938418</timestamp>
			</report>
			<report>
				<misses>247800001</misses>
				<total>-13</total>
				<timestamp>1541.555575</timestamp>
			</report>
			<report>
				<misses>247900001</misses>
				<total>-13</total>
				<timestamp>1542.174271</timestamp>
			</report>
			<report>
				<misses>248000001</misses>
				<total>-13</total>
				<timestamp>1542.796701</timestamp>
			</report>
			<report>
				<misses>248100001</misses>
				<total>-13</total>
				<timestamp>1543.414764</timestamp>
			</report>
			<report>
				<misses>248200001</misses>
				<total>-13</total>
				<timestamp>1544.039897</timestamp>
			</report>
			<report>
				<misses>248300001</misses>
				<total>-13</total>
				<timestamp>1544.659731</timestamp>
			</report>
			<report>
				<misses>248400001</misses>
				<total>-13</total>
				<timestamp>1545.278146</timestamp>
			</report>
			<report>
				<misses>248500001</misses>
				<total>-13</total>
				<timestamp>1545.900801</timestamp>
			</report>
			<report>
				<misses>248600001</misses>
				<total>-13</total>
				<timestamp>1546.525658</timestamp>
			</report>
			<report>
				<misses>248700001</misses>
				<total>-13</total>
				<timestamp>1547.144470</timestamp>
			</report>
			<report>
				<misses>248800001</misses>
				<total>-13</total>
				<timestamp>1547.765719</timestamp>
			</report>
			<report>
				<misses>248900001</misses>
				<total>-13</total>
				<timestamp>1548.385414</timestamp>
			</report>
			<report>
				<misses>249000001</misses>
				<total>-13</total>
				<timestamp>1549.011420</timestamp>
			</report>
			<report>
				<misses>249100001</misses>
				<total>-13</total>
				<timestamp>1549.635635</timestamp>
			</report>
			<report>
				<misses>249200001</misses>
				<total>-13</total>
				<timestamp>1550.258968</timestamp>
			</report>
			<report>
				<misses>249300001</misses>
				<total>-13</total>
				<timestamp>1550.876303</timestamp>
			</report>
			<report>
				<misses>249400001</misses>
				<total>-13</total>
				<timestamp>1551.500189</timestamp>
			</report>
			<report>
				<misses>249500001</misses>
				<total>-13</total>
				<timestamp>1552.116661</timestamp>
			</report>
			<report>
				<misses>249600001</misses>
				<total>-13</total>
				<timestamp>1552.737519</timestamp>
			</report>
			<report>
				<misses>249700001</misses>
				<total>-13</total>
				<timestamp>1553.358234</timestamp>
			</report>
			<report>
				<misses>249800001</misses>
				<total>-13</total>
				<timestamp>1553.982453</timestamp>
			</report>
			<report>
				<misses>249900001</misses>
				<total>-13</total>
				<timestamp>1554.606166</timestamp>
			</report>
			<report>
				<misses>250000001</misses>
				<total>-13</total>
				<timestamp>1555.231421</timestamp>
			</report>
			<report>
				<misses>250100001</misses>
				<total>-13</total>
				<timestamp>1555.852149</timestamp>
			</report>
			<report>
				<misses>250200001</misses>
				<total>-13</total>
				<timestamp>1556.474054</timestamp>
			</report>
			<report>
				<misses>250300001</misses>
				<total>-13</total>
				<timestamp>1557.093234</timestamp>
			</report>
			<report>
				<misses>250400001</misses>
				<total>-13</total>
				<timestamp>1557.712152</timestamp>
			</report>
			<report>
				<misses>250500001</misses>
				<total>-13</total>
				<timestamp>1558.340031</timestamp>
			</report>
			<report>
				<misses>250600001</misses>
				<total>-13</total>
				<timestamp>1558.965648</timestamp>
			</report>
			<report>
				<misses>250700001</misses>
				<total>-13</total>
				<timestamp>1559.596280</timestamp>
			</report>
			<report>
				<misses>250800001</misses>
				<total>-13</total>
				<timestamp>1560.222227</timestamp>
			</report>
			<report>
				<misses>250900001</misses>
				<total>-13</total>
				<timestamp>1560.843893</timestamp>
			</report>
			<report>
				<misses>251000001</misses>
				<total>-13</total>
				<timestamp>1561.474276</timestamp>
			</report>
			<report>
				<misses>251100001</misses>
				<total>-13</total>
				<timestamp>1562.096078</timestamp>
			</report>
			<report>
				<misses>251200001</misses>
				<total>-13</total>
				<timestamp>1562.724181</timestamp>
			</report>
			<report>
				<misses>251300001</misses>
				<total>-13</total>
				<timestamp>1563.350112</timestamp>
			</report>
			<report>
				<misses>251400001</misses>
				<total>-13</total>
				<timestamp>1563.968891</timestamp>
			</report>
			<report>
				<misses>251500001</misses>
				<total>-13</total>
				<timestamp>1564.586968</timestamp>
			</report>
			<report>
				<misses>251600001</misses>
				<total>-13</total>
				<timestamp>1565.207498</timestamp>
			</report>
			<report>
				<misses>251700001</misses>
				<total>-13</total>
				<timestamp>1565.841039</timestamp>
			</report>
			<report>
				<misses>251800001</misses>
				<total>-13</total>
				<timestamp>1566.459586</timestamp>
			</report>
			<report>
				<misses>251900001</misses>
				<total>-13</total>
				<timestamp>1567.079797</timestamp>
			</report>
			<report>
				<misses>252000001</misses>
				<total>-13</total>
				<timestamp>1567.694305</timestamp>
			</report>
			<report>
				<misses>252100001</misses>
				<total>-13</total>
				<timestamp>1568.320954</timestamp>
			</report>
			<report>
				<misses>252200001</misses>
				<total>-13</total>
				<timestamp>1568.941854</timestamp>
			</report>
			<report>
				<misses>252300001</misses>
				<total>-13</total>
				<timestamp>1569.557668</timestamp>
			</report>
			<report>
				<misses>252400001</misses>
				<total>-13</total>
				<timestamp>1570.180743</timestamp>
			</report>
			<report>
				<misses>252500001</misses>
				<total>-13</total>
				<timestamp>1570.801328</timestamp>
			</report>
			<report>
				<misses>252600001</misses>
				<total>-13</total>
				<timestamp>1571.422315</timestamp>
			</report>
			<report>
				<misses>252700001</misses>
				<total>-13</total>
				<timestamp>1572.040856</timestamp>
			</report>
			<report>
				<misses>252800001</misses>
				<total>-13</total>
				<timestamp>1572.660549</timestamp>
			</report>
			<report>
				<misses>252900001</misses>
				<total>-13</total>
				<timestamp>1573.284897</timestamp>
			</report>
			<report>
				<misses>253000001</misses>
				<total>-13</total>
				<timestamp>1573.903715</timestamp>
			</report>
			<report>
				<misses>253100001</misses>
				<total>-13</total>
				<timestamp>1574.527271</timestamp>
			</report>
			<report>
				<misses>253200001</misses>
				<total>-13</total>
				<timestamp>1575.145797</timestamp>
			</report>
			<report>
				<misses>253300001</misses>
				<total>-13</total>
				<timestamp>1575.771699</timestamp>
			</report>
			<report>
				<misses>253400001</misses>
				<total>-13</total>
				<timestamp>1576.395405</timestamp>
			</report>
			<report>
				<misses>253500001</misses>
				<total>-13</total>
				<timestamp>1577.015481</timestamp>
			</report>
			<report>
				<misses>253600001</misses>
				<total>-13</total>
				<timestamp>1577.640083</timestamp>
			</report>
			<report>
				<misses>253700001</misses>
				<total>-13</total>
				<timestamp>1578.257065</timestamp>
			</report>
			<report>
				<misses>253800001</misses>
				<total>-13</total>
				<timestamp>1578.883107</timestamp>
			</report>
			<report>
				<misses>253900001</misses>
				<total>-13</total>
				<timestamp>1579.500999</timestamp>
			</report>
			<report>
				<misses>254000001</misses>
				<total>-13</total>
				<timestamp>1580.120183</timestamp>
			</report>
			<report>
				<misses>254100001</misses>
				<total>-13</total>
				<timestamp>1580.739003</timestamp>
			</report>
			<report>
				<misses>254200001</misses>
				<total>-13</total>
				<timestamp>1581.366857</timestamp>
			</report>
			<report>
				<misses>254300001</misses>
				<total>-13</total>
				<timestamp>1581.985911</timestamp>
			</report>
			<report>
				<misses>254400001</misses>
				<total>-13</total>
				<timestamp>1582.609386</timestamp>
			</report>
			<report>
				<misses>254500001</misses>
				<total>-13</total>
				<timestamp>1583.235504</timestamp>
			</report>
			<report>
				<misses>254600001</misses>
				<total>-13</total>
				<timestamp>1583.854155</timestamp>
			</report>
			<report>
				<misses>254700001</misses>
				<total>-13</total>
				<timestamp>1584.480582</timestamp>
			</report>
			<report>
				<misses>254800001</misses>
				<total>-13</total>
				<timestamp>1585.101451</timestamp>
			</report>
			<report>
				<misses>254900001</misses>
				<total>-13</total>
				<timestamp>1585.723067</timestamp>
			</report>
			<report>
				<misses>255000001</misses>
				<total>-13</total>
				<timestamp>1586.354014</timestamp>
			</report>
			<report>
				<misses>255100001</misses>
				<total>-13</total>
				<timestamp>1586.976542</timestamp>
			</report>
			<report>
				<misses>255200001</misses>
				<total>-13</total>
				<timestamp>1587.592751</timestamp>
			</report>
			<report>
				<misses>255300001</misses>
				<total>-13</total>
				<timestamp>1588.220333</timestamp>
			</report>
			<report>
				<misses>255400001</misses>
				<total>-13</total>
				<timestamp>1588.841578</timestamp>
			</report>
			<report>
				<misses>255500001</misses>
				<total>-13</total>
				<timestamp>1589.461788</timestamp>
			</report>
			<report>
				<misses>255600001</misses>
				<total>-13</total>
				<timestamp>1590.083707</timestamp>
			</report>
			<report>
				<misses>255700001</misses>
				<total>-13</total>
				<timestamp>1590.702484</timestamp>
			</report>
			<report>
				<misses>255800001</misses>
				<total>-13</total>
				<timestamp>1591.327988</timestamp>
			</report>
			<report>
				<misses>255900001</misses>
				<total>-13</total>
				<timestamp>1591.946270</timestamp>
			</report>
			<report>
				<misses>256000001</misses>
				<total>-13</total>
				<timestamp>1592.564297</timestamp>
			</report>
			<report>
				<misses>256100001</misses>
				<total>-13</total>
				<timestamp>1593.183084</timestamp>
			</report>
			<report>
				<misses>256200001</misses>
				<total>-13</total>
				<timestamp>1593.806654</timestamp>
			</report>
			<report>
				<misses>256300001</misses>
				<total>-13</total>
				<timestamp>1594.429836</timestamp>
			</report>
			<report>
				<misses>256400001</misses>
				<total>-13</total>
				<timestamp>1595.053254</timestamp>
			</report>
			<report>
				<misses>256500001</misses>
				<total>-13</total>
				<timestamp>1595.672297</timestamp>
			</report>
			<report>
				<misses>256600001</misses>
				<total>-13</total>
				<timestamp>1596.292078</timestamp>
			</report>
			<report>
				<misses>256700001</misses>
				<total>-13</total>
				<timestamp>1596.910331</timestamp>
			</report>
			<report>
				<misses>256800001</misses>
				<total>-13</total>
				<timestamp>1597.531661</timestamp>
			</report>
			<report>
				<misses>256900001</misses>
				<total>-13</total>
				<timestamp>1598.150467</timestamp>
			</report>
			<report>
				<misses>257000001</misses>
				<total>-13</total>
				<timestamp>1598.774911</timestamp>
			</report>
			<report>
				<misses>257100001</misses>
				<total>-13</total>
				<timestamp>1599.394942</timestamp>
			</report>
			<report>
				<misses>257200001</misses>
				<total>-13</total>
				<timestamp>1600.020596</timestamp>
			</report>
			<report>
				<misses>257300001</misses>
				<total>-13</total>
				<timestamp>1600.641313</timestamp>
			</report>
			<report>
				<misses>257400001</misses>
				<total>-13</total>
				<timestamp>1601.257284</timestamp>
			</report>
			<report>
				<misses>257500001</misses>
				<total>-13</total>
				<timestamp>1601.872328</timestamp>
			</report>
			<report>
				<misses>257600001</misses>
				<total>-13</total>
				<timestamp>1602.492542</timestamp>
			</report>
			<report>
				<misses>257700001</misses>
				<total>-13</total>
				<timestamp>1603.117908</timestamp>
			</report>
			<report>
				<misses>257800001</misses>
				<total>-13</total>
				<timestamp>1603.739567</timestamp>
			</report>
			<report>
				<misses>257900001</misses>
				<total>-13</total>
				<timestamp>1604.360027</timestamp>
			</report>
			<report>
				<misses>258000001</misses>
				<total>-13</total>
				<timestamp>1604.978969</timestamp>
			</report>
			<report>
				<misses>258100001</misses>
				<total>-13</total>
				<timestamp>1605.598534</timestamp>
			</report>
			<report>
				<misses>258200001</misses>
				<total>-13</total>
				<timestamp>1606.219273</timestamp>
			</report>
			<report>
				<misses>258300001</misses>
				<total>-13</total>
				<timestamp>1606.841559</timestamp>
			</report>
			<report>
				<misses>258400001</misses>
				<total>-13</total>
				<timestamp>1607.463447</timestamp>
			</report>
			<report>
				<misses>258500001</misses>
				<total>-13</total>
				<timestamp>1608.092958</timestamp>
			</report>
			<report>
				<misses>258600001</misses>
				<total>-13</total>
				<timestamp>1608.720896</timestamp>
			</report>
			<report>
				<misses>258700001</misses>
				<total>-13</total>
				<timestamp>1609.344992</timestamp>
			</report>
			<report>
				<misses>258800001</misses>
				<total>-13</total>
				<timestamp>1609.973208</timestamp>
			</report>
			<report>
				<misses>258900001</misses>
				<total>-13</total>
				<timestamp>1610.596657</timestamp>
			</report>
			<report>
				<misses>259000001</misses>
				<total>-13</total>
				<timestamp>1611.214925</timestamp>
			</report>
			<report>
				<misses>259100001</misses>
				<total>-13</total>
				<timestamp>1611.840057</timestamp>
			</report>
			<report>
				<misses>259200001</misses>
				<total>-13</total>
				<timestamp>1612.464011</timestamp>
			</report>
			<report>
				<misses>259300001</misses>
				<total>-13</total>
				<timestamp>1613.089763</timestamp>
			</report>
			<report>
				<misses>259400001</misses>
				<total>-13</total>
				<timestamp>1613.706621</timestamp>
			</report>
			<report>
				<misses>259500001</misses>
				<total>-13</total>
				<timestamp>1614.329353</timestamp>
			</report>
			<report>
				<misses>259600001</misses>
				<total>-13</total>
				<timestamp>1614.949622</timestamp>
			</report>
			<report>
				<misses>259700001</misses>
				<total>-13</total>
				<timestamp>1615.574570</timestamp>
			</report>
			<report>
				<misses>259800001</misses>
				<total>-13</total>
				<timestamp>1616.194081</timestamp>
			</report>
			<report>
				<misses>259900001</misses>
				<total>-13</total>
				<timestamp>1616.812704</timestamp>
			</report>
			<report>
				<misses>260000001</misses>
				<total>-13</total>
				<timestamp>1617.435351</timestamp>
			</report>
			<report>
				<misses>260100001</misses>
				<total>-13</total>
				<timestamp>1618.060062</timestamp>
			</report>
			<report>
				<misses>260200001</misses>
				<total>-13</total>
				<timestamp>1618.683869</timestamp>
			</report>
			<report>
				<misses>260300001</misses>
				<total>-13</total>
				<timestamp>1619.309573</timestamp>
			</report>
			<report>
				<misses>260400001</misses>
				<total>-13</total>
				<timestamp>1619.928541</timestamp>
			</report>
			<report>
				<misses>260500001</misses>
				<total>-13</total>
				<timestamp>1620.557154</timestamp>
			</report>
			<report>
				<misses>260600001</misses>
				<total>-13</total>
				<timestamp>1621.176745</timestamp>
			</report>
			<report>
				<misses>260700001</misses>
				<total>-13</total>
				<timestamp>1621.800537</timestamp>
			</report>
			<report>
				<misses>260800001</misses>
				<total>-13</total>
				<timestamp>1622.420228</timestamp>
			</report>
			<report>
				<misses>260900001</misses>
				<total>-13</total>
				<timestamp>1623.047800</timestamp>
			</report>
			<report>
				<misses>261000001</misses>
				<total>-13</total>
				<timestamp>1623.670732</timestamp>
			</report>
			<report>
				<misses>261100001</misses>
				<total>-13</total>
				<timestamp>1624.290062</timestamp>
			</report>
			<report>
				<misses>261200001</misses>
				<total>-13</total>
				<timestamp>1624.915708</timestamp>
			</report>
			<report>
				<misses>261300001</misses>
				<total>-13</total>
				<timestamp>1625.531616</timestamp>
			</report>
			<report>
				<misses>261400001</misses>
				<total>-13</total>
				<timestamp>1626.143197</timestamp>
			</report>
			<report>
				<misses>261500001</misses>
				<total>-13</total>
				<timestamp>1626.760756</timestamp>
			</report>
			<report>
				<misses>261600001</misses>
				<total>-13</total>
				<timestamp>1627.378847</timestamp>
			</report>
			<report>
				<misses>261700001</misses>
				<total>-13</total>
				<timestamp>1627.995436</timestamp>
			</report>
			<report>
				<misses>261800001</misses>
				<total>-13</total>
				<timestamp>1628.611730</timestamp>
			</report>
			<report>
				<misses>261900001</misses>
				<total>-13</total>
				<timestamp>1629.221171</timestamp>
			</report>
			<report>
				<misses>262000001</misses>
				<total>-13</total>
				<timestamp>1629.842993</timestamp>
			</report>
			<report>
				<misses>262100001</misses>
				<total>-13</total>
				<timestamp>1630.463535</timestamp>
			</report>
			<report>
				<misses>262200001</misses>
				<total>-13</total>
				<timestamp>1631.082080</timestamp>
			</report>
			<report>
				<misses>262300001</misses>
				<total>-13</total>
				<timestamp>1631.715722</timestamp>
			</report>
			<report>
				<misses>262400001</misses>
				<total>-13</total>
				<timestamp>1632.332687</timestamp>
			</report>
			<report>
				<misses>262500001</misses>
				<total>-13</total>
				<timestamp>1632.962484</timestamp>
			</report>
			<report>
				<misses>262600001</misses>
				<total>-13</total>
				<timestamp>1633.585601</timestamp>
			</report>
			<report>
				<misses>262700001</misses>
				<total>-13</total>
				<timestamp>1634.213186</timestamp>
			</report>
			<report>
				<misses>262800001</misses>
				<total>-13</total>
				<timestamp>1634.839097</timestamp>
			</report>
			<report>
				<misses>262900001</misses>
				<total>-13</total>
				<timestamp>1635.464716</timestamp>
			</report>
			<report>
				<misses>263000001</misses>
				<total>-13</total>
				<timestamp>1636.091253</timestamp>
			</report>
			<report>
				<misses>263100001</misses>
				<total>-13</total>
				<timestamp>1636.715205</timestamp>
			</report>
			<report>
				<misses>263200001</misses>
				<total>-13</total>
				<timestamp>1637.341738</timestamp>
			</report>
			<report>
				<misses>263300001</misses>
				<total>-13</total>
				<timestamp>1637.966532</timestamp>
			</report>
			<report>
				<misses>263400001</misses>
				<total>-13</total>
				<timestamp>1638.584023</timestamp>
			</report>
			<report>
				<misses>263500001</misses>
				<total>-13</total>
				<timestamp>1639.205811</timestamp>
			</report>
			<report>
				<misses>263600001</misses>
				<total>-13</total>
				<timestamp>1639.827833</timestamp>
			</report>
			<report>
				<misses>263700001</misses>
				<total>-13</total>
				<timestamp>1640.445863</timestamp>
			</report>
			<report>
				<misses>263800001</misses>
				<total>-13</total>
				<timestamp>1641.070075</timestamp>
			</report>
			<report>
				<misses>263900001</misses>
				<total>-13</total>
				<timestamp>1641.687570</timestamp>
			</report>
			<report>
				<misses>264000001</misses>
				<total>-13</total>
				<timestamp>1642.309679</timestamp>
			</report>
			<report>
				<misses>264100001</misses>
				<total>-13</total>
				<timestamp>1642.931173</timestamp>
			</report>
			<report>
				<misses>264200001</misses>
				<total>-13</total>
				<timestamp>1643.555192</timestamp>
			</report>
			<report>
				<misses>264300001</misses>
				<total>-13</total>
				<timestamp>1644.177279</timestamp>
			</report>
			<report>
				<misses>264400001</misses>
				<total>-13</total>
				<timestamp>1644.798521</timestamp>
			</report>
			<report>
				<misses>264500001</misses>
				<total>-13</total>
				<timestamp>1645.420797</timestamp>
			</report>
			<report>
				<misses>264600001</misses>
				<total>-13</total>
				<timestamp>1646.041262</timestamp>
			</report>
			<report>
				<misses>264700001</misses>
				<total>-13</total>
				<timestamp>1646.663328</timestamp>
			</report>
			<report>
				<misses>264800001</misses>
				<total>-13</total>
				<timestamp>1647.289981</timestamp>
			</report>
			<report>
				<misses>264900001</misses>
				<total>-13</total>
				<timestamp>1647.915235</timestamp>
			</report>
			<report>
				<misses>265000001</misses>
				<total>-13</total>
				<timestamp>1648.534021</timestamp>
			</report>
			<report>
				<misses>265100001</misses>
				<total>-13</total>
				<timestamp>1649.150373</timestamp>
			</report>
			<report>
				<misses>265200001</misses>
				<total>-13</total>
				<timestamp>1649.775119</timestamp>
			</report>
			<report>
				<misses>265300001</misses>
				<total>-13</total>
				<timestamp>1650.398438</timestamp>
			</report>
			<report>
				<misses>265400001</misses>
				<total>-13</total>
				<timestamp>1651.017880</timestamp>
			</report>
			<report>
				<misses>265500001</misses>
				<total>-13</total>
				<timestamp>1651.639645</timestamp>
			</report>
			<report>
				<misses>265600001</misses>
				<total>-13</total>
				<timestamp>1652.261162</timestamp>
			</report>
			<report>
				<misses>265700001</misses>
				<total>-13</total>
				<timestamp>1652.884729</timestamp>
			</report>
			<report>
				<misses>265800001</misses>
				<total>-13</total>
				<timestamp>1653.514875</timestamp>
			</report>
			<report>
				<misses>265900001</misses>
				<total>-13</total>
				<timestamp>1654.135488</timestamp>
			</report>
			<report>
				<misses>266000001</misses>
				<total>-13</total>
				<timestamp>1654.752738</timestamp>
			</report>
			<report>
				<misses>266100001</misses>
				<total>-13</total>
				<timestamp>1655.369217</timestamp>
			</report>
			<report>
				<misses>266200001</misses>
				<total>-13</total>
				<timestamp>1655.985591</timestamp>
			</report>
			<report>
				<misses>266300001</misses>
				<total>-13</total>
				<timestamp>1656.606992</timestamp>
			</report>
			<report>
				<misses>266400001</misses>
				<total>-13</total>
				<timestamp>1657.228518</timestamp>
			</report>
			<report>
				<misses>266500001</misses>
				<total>-13</total>
				<timestamp>1657.845988</timestamp>
			</report>
			<report>
				<misses>266600001</misses>
				<total>-13</total>
				<timestamp>1658.465343</timestamp>
			</report>
			<report>
				<misses>266700001</misses>
				<total>-13</total>
				<timestamp>1659.088630</timestamp>
			</report>
			<report>
				<misses>266800001</misses>
				<total>-13</total>
				<timestamp>1659.715044</timestamp>
			</report>
			<report>
				<misses>266900001</misses>
				<total>-13</total>
				<timestamp>1660.333542</timestamp>
			</report>
			<report>
				<misses>267000001</misses>
				<total>-13</total>
				<timestamp>1660.956913</timestamp>
			</report>
			<report>
				<misses>267100001</misses>
				<total>-13</total>
				<timestamp>1661.582419</timestamp>
			</report>
			<report>
				<misses>267200001</misses>
				<total>-13</total>
				<timestamp>1662.203791</timestamp>
			</report>
			<report>
				<misses>267300001</misses>
				<total>-13</total>
				<timestamp>1662.826569</timestamp>
			</report>
			<report>
				<misses>267400001</misses>
				<total>-13</total>
				<timestamp>1663.444972</timestamp>
			</report>
			<report>
				<misses>267500001</misses>
				<total>-13</total>
				<timestamp>1664.063861</timestamp>
			</report>
			<report>
				<misses>267600001</misses>
				<total>-13</total>
				<timestamp>1664.690890</timestamp>
			</report>
			<report>
				<misses>267700001</misses>
				<total>-13</total>
				<timestamp>1665.314190</timestamp>
			</report>
			<report>
				<misses>267800001</misses>
				<total>-13</total>
				<timestamp>1665.934823</timestamp>
			</report>
			<report>
				<misses>267900001</misses>
				<total>-13</total>
				<timestamp>1666.558922</timestamp>
			</report>
			<report>
				<misses>268000001</misses>
				<total>-13</total>
				<timestamp>1667.175447</timestamp>
			</report>
			<report>
				<misses>268100001</misses>
				<total>-13</total>
				<timestamp>1667.795692</timestamp>
			</report>
			<report>
				<misses>268200001</misses>
				<total>-13</total>
				<timestamp>1668.416451</timestamp>
			</report>
			<report>
				<misses>268300001</misses>
				<total>-13</total>
				<timestamp>1669.038594</timestamp>
			</report>
			<report>
				<misses>268400001</misses>
				<total>-13</total>
				<timestamp>1669.651452</timestamp>
			</report>
			<report>
				<misses>268500001</misses>
				<total>-13</total>
				<timestamp>1670.278395</timestamp>
			</report>
			<report>
				<misses>268600001</misses>
				<total>-13</total>
				<timestamp>1670.891771</timestamp>
			</report>
			<report>
				<misses>268700001</misses>
				<total>-13</total>
				<timestamp>1671.514828</timestamp>
			</report>
			<report>
				<misses>268800001</misses>
				<total>-13</total>
				<timestamp>1672.137626</timestamp>
			</report>
			<report>
				<misses>268900001</misses>
				<total>-13</total>
				<timestamp>1672.759647</timestamp>
			</report>
			<report>
				<misses>269000001</misses>
				<total>-13</total>
				<timestamp>1673.382439</timestamp>
			</report>
			<report>
				<misses>269100001</misses>
				<total>-13</total>
				<timestamp>1674.001480</timestamp>
			</report>
			<report>
				<misses>269200001</misses>
				<total>-13</total>
				<timestamp>1674.626623</timestamp>
			</report>
			<report>
				<misses>269300001</misses>
				<total>-13</total>
				<timestamp>1675.251078</timestamp>
			</report>
			<report>
				<misses>269400001</misses>
				<total>-13</total>
				<timestamp>1675.872978</timestamp>
			</report>
			<report>
				<misses>269500001</misses>
				<total>-13</total>
				<timestamp>1676.492024</timestamp>
			</report>
			<report>
				<misses>269600001</misses>
				<total>-13</total>
				<timestamp>1677.105268</timestamp>
			</report>
			<report>
				<misses>269700001</misses>
				<total>-13</total>
				<timestamp>1677.726015</timestamp>
			</report>
			<report>
				<misses>269800001</misses>
				<total>-13</total>
				<timestamp>1678.348167</timestamp>
			</report>
			<report>
				<misses>269900001</misses>
				<total>-13</total>
				<timestamp>1678.973285</timestamp>
			</report>
			<report>
				<misses>270000001</misses>
				<total>-13</total>
				<timestamp>1679.594665</timestamp>
			</report>
			<report>
				<misses>270100001</misses>
				<total>-13</total>
				<timestamp>1680.215654</timestamp>
			</report>
			<report>
				<misses>270200001</misses>
				<total>-13</total>
				<timestamp>1680.835084</timestamp>
			</report>
			<report>
				<misses>270300001</misses>
				<total>-13</total>
				<timestamp>1681.455567</timestamp>
			</report>
			<report>
				<misses>270400001</misses>
				<total>-13</total>
				<timestamp>1682.080176</timestamp>
			</report>
			<report>
				<misses>270500001</misses>
				<total>-13</total>
				<timestamp>1682.701414</timestamp>
			</report>
			<report>
				<misses>270600001</misses>
				<total>-13</total>
				<timestamp>1683.327038</timestamp>
			</report>
			<report>
				<misses>270700001</misses>
				<total>-13</total>
				<timestamp>1683.948100</timestamp>
			</report>
			<report>
				<misses>270800001</misses>
				<total>-13</total>
				<timestamp>1684.572431</timestamp>
			</report>
			<report>
				<misses>270900001</misses>
				<total>-13</total>
				<timestamp>1685.198635</timestamp>
			</report>
			<report>
				<misses>271000001</misses>
				<total>-13</total>
				<timestamp>1685.816671</timestamp>
			</report>
			<report>
				<misses>271100001</misses>
				<total>-13</total>
				<timestamp>1686.434187</timestamp>
			</report>
			<report>
				<misses>271200001</misses>
				<total>-13</total>
				<timestamp>1687.053758</timestamp>
			</report>
			<report>
				<misses>271300001</misses>
				<total>-13</total>
				<timestamp>1687.673712</timestamp>
			</report>
			<report>
				<misses>271400001</misses>
				<total>-13</total>
				<timestamp>1688.293805</timestamp>
			</report>
			<report>
				<misses>271500001</misses>
				<total>-13</total>
				<timestamp>1688.918659</timestamp>
			</report>
			<report>
				<misses>271600001</misses>
				<total>-13</total>
				<timestamp>1689.540034</timestamp>
			</report>
			<report>
				<misses>271700001</misses>
				<total>-13</total>
				<timestamp>1690.162704</timestamp>
			</report>
			<report>
				<misses>271800001</misses>
				<total>-13</total>
				<timestamp>1690.788845</timestamp>
			</report>
			<report>
				<misses>271900001</misses>
				<total>-13</total>
				<timestamp>1691.417615</timestamp>
			</report>
			<report>
				<misses>272000001</misses>
				<total>-13</total>
				<timestamp>1692.044587</timestamp>
			</report>
			<report>
				<misses>272100001</misses>
				<total>-13</total>
				<timestamp>1692.666605</timestamp>
			</report>
			<report>
				<misses>272200001</misses>
				<total>-13</total>
				<timestamp>1693.288111</timestamp>
			</report>
			<report>
				<misses>272300001</misses>
				<total>-13</total>
				<timestamp>1693.910771</timestamp>
			</report>
			<report>
				<misses>272400001</misses>
				<total>-13</total>
				<timestamp>1694.524414</timestamp>
			</report>
			<report>
				<misses>272500001</misses>
				<total>-13</total>
				<timestamp>1695.146309</timestamp>
			</report>
			<report>
				<misses>272600001</misses>
				<total>-13</total>
				<timestamp>1695.768107</timestamp>
			</report>
			<report>
				<misses>272700001</misses>
				<total>-13</total>
				<timestamp>1696.392863</timestamp>
			</report>
			<report>
				<misses>272800001</misses>
				<total>-13</total>
				<timestamp>1697.012670</timestamp>
			</report>
			<report>
				<misses>272900001</misses>
				<total>-13</total>
				<timestamp>1697.638561</timestamp>
			</report>
			<report>
				<misses>273000001</misses>
				<total>-13</total>
				<timestamp>1698.261229</timestamp>
			</report>
			<report>
				<misses>273100001</misses>
				<total>-13</total>
				<timestamp>1698.875268</timestamp>
			</report>
			<report>
				<misses>273200001</misses>
				<total>-13</total>
				<timestamp>1699.495084</timestamp>
			</report>
			<report>
				<misses>273300001</misses>
				<total>-13</total>
				<timestamp>1700.119380</timestamp>
			</report>
			<report>
				<misses>273400001</misses>
				<total>-13</total>
				<timestamp>1700.740122</timestamp>
			</report>
			<report>
				<misses>273500001</misses>
				<total>-13</total>
				<timestamp>1701.360616</timestamp>
			</report>
			<report>
				<misses>273600001</misses>
				<total>-13</total>
				<timestamp>1701.978356</timestamp>
			</report>
			<report>
				<misses>273700001</misses>
				<total>-13</total>
				<timestamp>1702.602957</timestamp>
			</report>
			<report>
				<misses>273800001</misses>
				<total>-13</total>
				<timestamp>1703.226008</timestamp>
			</report>
			<report>
				<misses>273900001</misses>
				<total>-13</total>
				<timestamp>1703.845575</timestamp>
			</report>
			<report>
				<misses>274000001</misses>
				<total>-13</total>
				<timestamp>1704.473932</timestamp>
			</report>
			<report>
				<misses>274100001</misses>
				<total>-13</total>
				<timestamp>1705.095043</timestamp>
			</report>
			<report>
				<misses>274200001</misses>
				<total>-13</total>
				<timestamp>1705.715131</timestamp>
			</report>
			<report>
				<misses>274300001</misses>
				<total>-13</total>
				<timestamp>1706.339479</timestamp>
			</report>
			<report>
				<misses>274400001</misses>
				<total>-13</total>
				<timestamp>1706.961227</timestamp>
			</report>
			<report>
				<misses>274500001</misses>
				<total>-13</total>
				<timestamp>1707.586368</timestamp>
			</report>
			<report>
				<misses>274600001</misses>
				<total>-13</total>
				<timestamp>1708.210049</timestamp>
			</report>
			<report>
				<misses>274700001</misses>
				<total>-13</total>
				<timestamp>1708.824581</timestamp>
			</report>
			<report>
				<misses>274800001</misses>
				<total>-13</total>
				<timestamp>1709.448541</timestamp>
			</report>
			<report>
				<misses>274900001</misses>
				<total>-13</total>
				<timestamp>1710.069683</timestamp>
			</report>
			<report>
				<misses>275000001</misses>
				<total>-13</total>
				<timestamp>1710.686526</timestamp>
			</report>
			<report>
				<misses>275100001</misses>
				<total>-13</total>
				<timestamp>1711.304823</timestamp>
			</report>
			<report>
				<misses>275200001</misses>
				<total>-13</total>
				<timestamp>1711.926449</timestamp>
			</report>
			<report>
				<misses>275300001</misses>
				<total>-13</total>
				<timestamp>1712.551693</timestamp>
			</report>
			<report>
				<misses>275400001</misses>
				<total>-13</total>
				<timestamp>1713.184973</timestamp>
			</report>
			<report>
				<misses>275500001</misses>
				<total>-13</total>
				<timestamp>1713.811042</timestamp>
			</report>
			<report>
				<misses>275600001</misses>
				<total>-13</total>
				<timestamp>1714.435805</timestamp>
			</report>
			<report>
				<misses>275700001</misses>
				<total>-13</total>
				<timestamp>1715.053714</timestamp>
			</report>
			<report>
				<misses>275800001</misses>
				<total>-13</total>
				<timestamp>1715.673921</timestamp>
			</report>
			<report>
				<misses>275900001</misses>
				<total>-13</total>
				<timestamp>1716.290792</timestamp>
			</report>
			<report>
				<misses>276000001</misses>
				<total>-13</total>
				<timestamp>1716.914599</timestamp>
			</report>
			<report>
				<misses>276100001</misses>
				<total>-13</total>
				<timestamp>1717.541261</timestamp>
			</report>
			<report>
				<misses>276200001</misses>
				<total>-13</total>
				<timestamp>1718.165334</timestamp>
			</report>
			<report>
				<misses>276300001</misses>
				<total>-13</total>
				<timestamp>1718.791118</timestamp>
			</report>
			<report>
				<misses>276400001</misses>
				<total>-13</total>
				<timestamp>1719.411327</timestamp>
			</report>
			<report>
				<misses>276500001</misses>
				<total>-13</total>
				<timestamp>1720.036969</timestamp>
			</report>
			<report>
				<misses>276600001</misses>
				<total>-13</total>
				<timestamp>1720.658067</timestamp>
			</report>
			<report>
				<misses>276700001</misses>
				<total>-13</total>
				<timestamp>1721.274545</timestamp>
			</report>
			<report>
				<misses>276800001</misses>
				<total>-13</total>
				<timestamp>1721.893724</timestamp>
			</report>
			<report>
				<misses>276900001</misses>
				<total>-13</total>
				<timestamp>1722.512649</timestamp>
			</report>
			<report>
				<misses>277000001</misses>
				<total>-13</total>
				<timestamp>1723.132511</timestamp>
			</report>
			<report>
				<misses>277100001</misses>
				<total>-13</total>
				<timestamp>1723.751842</timestamp>
			</report>
			<report>
				<misses>277200001</misses>
				<total>-13</total>
				<timestamp>1724.377978</timestamp>
			</report>
			<report>
				<misses>277300001</misses>
				<total>-13</total>
				<timestamp>1724.993815</timestamp>
			</report>
			<report>
				<misses>277400001</misses>
				<total>-13</total>
				<timestamp>1725.611453</timestamp>
			</report>
			<report>
				<misses>277500001</misses>
				<total>-13</total>
				<timestamp>1726.230767</timestamp>
			</report>
			<report>
				<misses>277600001</misses>
				<total>-13</total>
				<timestamp>1726.853300</timestamp>
			</report>
			<report>
				<misses>277700001</misses>
				<total>-13</total>
				<timestamp>1727.470552</timestamp>
			</report>
			<report>
				<misses>277800001</misses>
				<total>-13</total>
				<timestamp>1728.088041</timestamp>
			</report>
			<report>
				<misses>277900001</misses>
				<total>-13</total>
				<timestamp>1728.707361</timestamp>
			</report>
			<report>
				<misses>278000001</misses>
				<total>-13</total>
				<timestamp>1729.325783</timestamp>
			</report>
			<report>
				<misses>278100001</misses>
				<total>-13</total>
				<timestamp>1729.948053</timestamp>
			</report>
			<report>
				<misses>278200001</misses>
				<total>-13</total>
				<timestamp>1730.564938</timestamp>
			</report>
			<report>
				<misses>278300001</misses>
				<total>-13</total>
				<timestamp>1731.189894</timestamp>
			</report>
			<report>
				<misses>278400001</misses>
				<total>-13</total>
				<timestamp>1731.805991</timestamp>
			</report>
			<report>
				<misses>278500001</misses>
				<total>-13</total>
				<timestamp>1732.425309</timestamp>
			</report>
			<report>
				<misses>278600001</misses>
				<total>-13</total>
				<timestamp>1733.040501</timestamp>
			</report>
			<report>
				<misses>278700001</misses>
				<total>-13</total>
				<timestamp>1733.662767</timestamp>
			</report>
			<report>
				<misses>278800001</misses>
				<total>-13</total>
				<timestamp>1734.287382</timestamp>
			</report>
			<report>
				<misses>278900001</misses>
				<total>-13</total>
				<timestamp>1734.910540</timestamp>
			</report>
			<report>
				<misses>279000001</misses>
				<total>-13</total>
				<timestamp>1735.535017</timestamp>
			</report>
			<report>
				<misses>279100001</misses>
				<total>-13</total>
				<timestamp>1736.151499</timestamp>
			</report>
			<report>
				<misses>279200001</misses>
				<total>-13</total>
				<timestamp>1736.775854</timestamp>
			</report>
			<report>
				<misses>279300001</misses>
				<total>-13</total>
				<timestamp>1737.400447</timestamp>
			</report>
			<report>
				<misses>279400001</misses>
				<total>-13</total>
				<timestamp>1738.024936</timestamp>
			</report>
			<report>
				<misses>279500001</misses>
				<total>-13</total>
				<timestamp>1738.638842</timestamp>
			</report>
			<report>
				<misses>279600001</misses>
				<total>-13</total>
				<timestamp>1739.259057</timestamp>
			</report>
			<report>
				<misses>279700001</misses>
				<total>-13</total>
				<timestamp>1739.879401</timestamp>
			</report>
			<report>
				<misses>279800001</misses>
				<total>-13</total>
				<timestamp>1740.500931</timestamp>
			</report>
			<report>
				<misses>279900001</misses>
				<total>-13</total>
				<timestamp>1741.125004</timestamp>
			</report>
			<report>
				<misses>280000001</misses>
				<total>-13</total>
				<timestamp>1741.747419</timestamp>
			</report>
			<report>
				<misses>280100001</misses>
				<total>-13</total>
				<timestamp>1742.363615</timestamp>
			</report>
			<report>
				<misses>280200001</misses>
				<total>-13</total>
				<timestamp>1742.981646</timestamp>
			</report>
			<report>
				<misses>280300001</misses>
				<total>-13</total>
				<timestamp>1743.595152</timestamp>
			</report>
			<report>
				<misses>280400001</misses>
				<total>-13</total>
				<timestamp>1744.213832</timestamp>
			</report>
			<report>
				<misses>280500001</misses>
				<total>-13</total>
				<timestamp>1744.835712</timestamp>
			</report>
			<report>
				<misses>280600001</misses>
				<total>-13</total>
				<timestamp>1745.457997</timestamp>
			</report>
			<report>
				<misses>280700001</misses>
				<total>-13</total>
				<timestamp>1746.080406</timestamp>
			</report>
			<report>
				<misses>280800001</misses>
				<total>-13</total>
				<timestamp>1746.696995</timestamp>
			</report>
			<report>
				<misses>280900001</misses>
				<total>-13</total>
				<timestamp>1747.317615</timestamp>
			</report>
			<report>
				<misses>281000001</misses>
				<total>-13</total>
				<timestamp>1747.939632</timestamp>
			</report>
			<report>
				<misses>281100001</misses>
				<total>-13</total>
				<timestamp>1748.564105</timestamp>
			</report>
			<report>
				<misses>281200001</misses>
				<total>-13</total>
				<timestamp>1749.183544</timestamp>
			</report>
			<report>
				<misses>281300001</misses>
				<total>-13</total>
				<timestamp>1749.810984</timestamp>
			</report>
			<report>
				<misses>281400001</misses>
				<total>-13</total>
				<timestamp>1750.433533</timestamp>
			</report>
			<report>
				<misses>281500001</misses>
				<total>-13</total>
				<timestamp>1751.060702</timestamp>
			</report>
			<report>
				<misses>281600001</misses>
				<total>-13</total>
				<timestamp>1751.681066</timestamp>
			</report>
			<report>
				<misses>281700001</misses>
				<total>-13</total>
				<timestamp>1752.302298</timestamp>
			</report>
			<report>
				<misses>281800001</misses>
				<total>-13</total>
				<timestamp>1752.926118</timestamp>
			</report>
			<report>
				<misses>281900001</misses>
				<total>-13</total>
				<timestamp>1753.549579</timestamp>
			</report>
			<report>
				<misses>282000001</misses>
				<total>-13</total>
				<timestamp>1754.171327</timestamp>
			</report>
			<report>
				<misses>282100001</misses>
				<total>-13</total>
				<timestamp>1754.791880</timestamp>
			</report>
			<report>
				<misses>282200001</misses>
				<total>-13</total>
				<timestamp>1755.416104</timestamp>
			</report>
			<report>
				<misses>282300001</misses>
				<total>-13</total>
				<timestamp>1756.031524</timestamp>
			</report>
			<report>
				<misses>282400001</misses>
				<total>-13</total>
				<timestamp>1756.651467</timestamp>
			</report>
			<report>
				<misses>282500001</misses>
				<total>-13</total>
				<timestamp>1757.264210</timestamp>
			</report>
			<report>
				<misses>282600001</misses>
				<total>-13</total>
				<timestamp>1757.887523</timestamp>
			</report>
			<report>
				<misses>282700001</misses>
				<total>-13</total>
				<timestamp>1758.502595</timestamp>
			</report>
			<report>
				<misses>282800001</misses>
				<total>-13</total>
				<timestamp>1759.120934</timestamp>
			</report>
			<report>
				<misses>282900001</misses>
				<total>-13</total>
				<timestamp>1759.744101</timestamp>
			</report>
			<report>
				<misses>283000001</misses>
				<total>-13</total>
				<timestamp>1760.357371</timestamp>
			</report>
			<report>
				<misses>283100001</misses>
				<total>-13</total>
				<timestamp>1760.975048</timestamp>
			</report>
			<report>
				<misses>283200001</misses>
				<total>-13</total>
				<timestamp>1761.596175</timestamp>
			</report>
			<report>
				<misses>283300001</misses>
				<total>-13</total>
				<timestamp>1762.218452</timestamp>
			</report>
			<report>
				<misses>283400001</misses>
				<total>-13</total>
				<timestamp>1762.841897</timestamp>
			</report>
			<report>
				<misses>283500001</misses>
				<total>-13</total>
				<timestamp>1763.459390</timestamp>
			</report>
			<report>
				<misses>283600001</misses>
				<total>-13</total>
				<timestamp>1764.078333</timestamp>
			</report>
			<report>
				<misses>283700001</misses>
				<total>-13</total>
				<timestamp>1764.699195</timestamp>
			</report>
			<report>
				<misses>283800001</misses>
				<total>-13</total>
				<timestamp>1765.317856</timestamp>
			</report>
			<report>
				<misses>283900001</misses>
				<total>-13</total>
				<timestamp>1765.940912</timestamp>
			</report>
			<report>
				<misses>284000001</misses>
				<total>-13</total>
				<timestamp>1766.562033</timestamp>
			</report>
			<report>
				<misses>284100001</misses>
				<total>-13</total>
				<timestamp>1767.182885</timestamp>
			</report>
			<report>
				<misses>284200001</misses>
				<total>-13</total>
				<timestamp>1767.801821</timestamp>
			</report>
			<report>
				<misses>284300001</misses>
				<total>-13</total>
				<timestamp>1768.423190</timestamp>
			</report>
			<report>
				<misses>284400001</misses>
				<total>-13</total>
				<timestamp>1769.040831</timestamp>
			</report>
			<report>
				<misses>284500001</misses>
				<total>-13</total>
				<timestamp>1769.661811</timestamp>
			</report>
			<report>
				<misses>284600001</misses>
				<total>-13</total>
				<timestamp>1770.287451</timestamp>
			</report>
			<report>
				<misses>284700001</misses>
				<total>-13</total>
				<timestamp>1770.911805</timestamp>
			</report>
			<report>
				<misses>284800001</misses>
				<total>-13</total>
				<timestamp>1771.534730</timestamp>
			</report>
			<report>
				<misses>284900001</misses>
				<total>-13</total>
				<timestamp>1772.155710</timestamp>
			</report>
			<report>
				<misses>285000001</misses>
				<total>-13</total>
				<timestamp>1772.780588</timestamp>
			</report>
			<report>
				<misses>285100001</misses>
				<total>-13</total>
				<timestamp>1773.399773</timestamp>
			</report>
			<report>
				<misses>285200001</misses>
				<total>-13</total>
				<timestamp>1774.019339</timestamp>
			</report>
			<report>
				<misses>285300001</misses>
				<total>-13</total>
				<timestamp>1774.637106</timestamp>
			</report>
			<report>
				<misses>285400001</misses>
				<total>-13</total>
				<timestamp>1775.261834</timestamp>
			</report>
			<report>
				<misses>285500001</misses>
				<total>-13</total>
				<timestamp>1775.881662</timestamp>
			</report>
			<report>
				<misses>285600001</misses>
				<total>-13</total>
				<timestamp>1776.508980</timestamp>
			</report>
			<report>
				<misses>285700001</misses>
				<total>-13</total>
				<timestamp>1777.133966</timestamp>
			</report>
			<report>
				<misses>285800001</misses>
				<total>-13</total>
				<timestamp>1777.749539</timestamp>
			</report>
			<report>
				<misses>285900001</misses>
				<total>-13</total>
				<timestamp>1778.366663</timestamp>
			</report>
			<report>
				<misses>286000001</misses>
				<total>-13</total>
				<timestamp>1778.985194</timestamp>
			</report>
			<report>
				<misses>286100001</misses>
				<total>-13</total>
				<timestamp>1779.602692</timestamp>
			</report>
			<report>
				<misses>286200001</misses>
				<total>-13</total>
				<timestamp>1780.228995</timestamp>
			</report>
			<report>
				<misses>286300001</misses>
				<total>-13</total>
				<timestamp>1780.849850</timestamp>
			</report>
			<report>
				<misses>286400001</misses>
				<total>-13</total>
				<timestamp>1781.472508</timestamp>
			</report>
			<report>
				<misses>286500001</misses>
				<total>-13</total>
				<timestamp>1782.093499</timestamp>
			</report>
			<report>
				<misses>286600001</misses>
				<total>-13</total>
				<timestamp>1782.715915</timestamp>
			</report>
			<report>
				<misses>286700001</misses>
				<total>-13</total>
				<timestamp>1783.335098</timestamp>
			</report>
			<report>
				<misses>286800001</misses>
				<total>-13</total>
				<timestamp>1783.957636</timestamp>
			</report>
			<report>
				<misses>286900001</misses>
				<total>-13</total>
				<timestamp>1784.574502</timestamp>
			</report>
			<report>
				<misses>287000001</misses>
				<total>-13</total>
				<timestamp>1785.199348</timestamp>
			</report>
			<report>
				<misses>287100001</misses>
				<total>-13</total>
				<timestamp>1785.819446</timestamp>
			</report>
			<report>
				<misses>287200001</misses>
				<total>-13</total>
				<timestamp>1786.442371</timestamp>
			</report>
			<report>
				<misses>287300001</misses>
				<total>-13</total>
				<timestamp>1787.064137</timestamp>
			</report>
			<report>
				<misses>287400001</misses>
				<total>-13</total>
				<timestamp>1787.685639</timestamp>
			</report>
			<report>
				<misses>287500001</misses>
				<total>-13</total>
				<timestamp>1788.307016</timestamp>
			</report>
			<report>
				<misses>287600001</misses>
				<total>-13</total>
				<timestamp>1788.924257</timestamp>
			</report>
			<report>
				<misses>287700001</misses>
				<total>-13</total>
				<timestamp>1789.542685</timestamp>
			</report>
			<report>
				<misses>287800001</misses>
				<total>-13</total>
				<timestamp>1790.158253</timestamp>
			</report>
			<report>
				<misses>287900001</misses>
				<total>-13</total>
				<timestamp>1790.779374</timestamp>
			</report>
			<report>
				<misses>288000001</misses>
				<total>-13</total>
				<timestamp>1791.400225</timestamp>
			</report>
			<report>
				<misses>288100001</misses>
				<total>-13</total>
				<timestamp>1792.019146</timestamp>
			</report>
			<report>
				<misses>288200001</misses>
				<total>-13</total>
				<timestamp>1792.641048</timestamp>
			</report>
			<report>
				<misses>288300001</misses>
				<total>-13</total>
				<timestamp>1793.263847</timestamp>
			</report>
			<report>
				<misses>288400001</misses>
				<total>-13</total>
				<timestamp>1793.890008</timestamp>
			</report>
			<report>
				<misses>288500001</misses>
				<total>-13</total>
				<timestamp>1794.512655</timestamp>
			</report>
			<report>
				<misses>288600001</misses>
				<total>-13</total>
				<timestamp>1795.136257</timestamp>
			</report>
			<report>
				<misses>288700001</misses>
				<total>-13</total>
				<timestamp>1795.758130</timestamp>
			</report>
			<report>
				<misses>288800001</misses>
				<total>-13</total>
				<timestamp>1796.380557</timestamp>
			</report>
			<report>
				<misses>288900001</misses>
				<total>-13</total>
				<timestamp>1797.003468</timestamp>
			</report>
			<report>
				<misses>289000001</misses>
				<total>-13</total>
				<timestamp>1797.623566</timestamp>
			</report>
			<report>
				<misses>289100001</misses>
				<total>-13</total>
				<timestamp>1798.244152</timestamp>
			</report>
			<report>
				<misses>289200001</misses>
				<total>-13</total>
				<timestamp>1798.867610</timestamp>
			</report>
			<report>
				<misses>289300001</misses>
				<total>-13</total>
				<timestamp>1799.493376</timestamp>
			</report>
			<report>
				<misses>289400001</misses>
				<total>-13</total>
				<timestamp>1800.119152</timestamp>
			</report>
			<report>
				<misses>289500001</misses>
				<total>-13</total>
				<timestamp>1800.743464</timestamp>
			</report>
			<report>
				<misses>289600001</misses>
				<total>-13</total>
				<timestamp>1801.365122</timestamp>
			</report>
			<report>
				<misses>289700001</misses>
				<total>-13</total>
				<timestamp>1801.986371</timestamp>
			</report>
			<report>
				<misses>289800001</misses>
				<total>-13</total>
				<timestamp>1802.609806</timestamp>
			</report>
			<report>
				<misses>289900001</misses>
				<total>-13</total>
				<timestamp>1803.233253</timestamp>
			</report>
			<report>
				<misses>290000001</misses>
				<total>-13</total>
				<timestamp>1803.854610</timestamp>
			</report>
			<report>
				<misses>290100001</misses>
				<total>-13</total>
				<timestamp>1804.475923</timestamp>
			</report>
			<report>
				<misses>290200001</misses>
				<total>-13</total>
				<timestamp>1805.099402</timestamp>
			</report>
			<report>
				<misses>290300001</misses>
				<total>-13</total>
				<timestamp>1805.723493</timestamp>
			</report>
			<report>
				<misses>290400001</misses>
				<total>-13</total>
				<timestamp>1806.341669</timestamp>
			</report>
			<report>
				<misses>290500001</misses>
				<total>-13</total>
				<timestamp>1806.963195</timestamp>
			</report>
			<report>
				<misses>290600001</misses>
				<total>-13</total>
				<timestamp>1807.587369</timestamp>
			</report>
			<report>
				<misses>290700001</misses>
				<total>-13</total>
				<timestamp>1808.209194</timestamp>
			</report>
			<report>
				<misses>290800001</misses>
				<total>-13</total>
				<timestamp>1808.834327</timestamp>
			</report>
			<report>
				<misses>290900001</misses>
				<total>-13</total>
				<timestamp>1809.452348</timestamp>
			</report>
			<report>
				<misses>291000001</misses>
				<total>-13</total>
				<timestamp>1810.076960</timestamp>
			</report>
			<report>
				<misses>291100001</misses>
				<total>-13</total>
				<timestamp>1810.697544</timestamp>
			</report>
			<report>
				<misses>291200001</misses>
				<total>-13</total>
				<timestamp>1811.314406</timestamp>
			</report>
			<report>
				<misses>291300001</misses>
				<total>-13</total>
				<timestamp>1811.936977</timestamp>
			</report>
			<report>
				<misses>291400001</misses>
				<total>-13</total>
				<timestamp>1812.561155</timestamp>
			</report>
			<report>
				<misses>291500001</misses>
				<total>-13</total>
				<timestamp>1813.180980</timestamp>
			</report>
			<report>
				<misses>291600001</misses>
				<total>-13</total>
				<timestamp>1813.795388</timestamp>
			</report>
			<report>
				<misses>291700001</misses>
				<total>-13</total>
				<timestamp>1814.414057</timestamp>
			</report>
			<report>
				<misses>291800001</misses>
				<total>-13</total>
				<timestamp>1815.030293</timestamp>
			</report>
			<report>
				<misses>291900001</misses>
				<total>-13</total>
				<timestamp>1815.655021</timestamp>
			</report>
			<report>
				<misses>292000001</misses>
				<total>-13</total>
				<timestamp>1816.272917</timestamp>
			</report>
			<report>
				<misses>292100001</misses>
				<total>-13</total>
				<timestamp>1816.894824</timestamp>
			</report>
			<report>
				<misses>292200001</misses>
				<total>-13</total>
				<timestamp>1817.506270</timestamp>
			</report>
			<report>
				<misses>292300001</misses>
				<total>-13</total>
				<timestamp>1818.126374</timestamp>
			</report>
			<report>
				<misses>292400001</misses>
				<total>-13</total>
				<timestamp>1818.741673</timestamp>
			</report>
			<report>
				<misses>292500001</misses>
				<total>-13</total>
				<timestamp>1819.358418</timestamp>
			</report>
			<report>
				<misses>292600001</misses>
				<total>-13</total>
				<timestamp>1819.973611</timestamp>
			</report>
			<report>
				<misses>292700001</misses>
				<total>-13</total>
				<timestamp>1820.593430</timestamp>
			</report>
			<report>
				<misses>292800001</misses>
				<total>-13</total>
				<timestamp>1821.223325</timestamp>
			</report>
			<report>
				<misses>292900001</misses>
				<total>-13</total>
				<timestamp>1821.843704</timestamp>
			</report>
			<report>
				<misses>293000001</misses>
				<total>-13</total>
				<timestamp>1822.467023</timestamp>
			</report>
			<report>
				<misses>293100001</misses>
				<total>-13</total>
				<timestamp>1823.092024</timestamp>
			</report>
			<report>
				<misses>293200001</misses>
				<total>-13</total>
				<timestamp>1823.710089</timestamp>
			</report>
			<report>
				<misses>293300001</misses>
				<total>-13</total>
				<timestamp>1824.332940</timestamp>
			</report>
			<report>
				<misses>293400001</misses>
				<total>-13</total>
				<timestamp>1824.962343</timestamp>
			</report>
			<report>
				<misses>293500001</misses>
				<total>-13</total>
				<timestamp>1825.586518</timestamp>
			</report>
			<report>
				<misses>293600001</misses>
				<total>-13</total>
				<timestamp>1826.208014</timestamp>
			</report>
			<report>
				<misses>293700001</misses>
				<total>-13</total>
				<timestamp>1826.832754</timestamp>
			</report>
			<report>
				<misses>293800001</misses>
				<total>-13</total>
				<timestamp>1827.455950</timestamp>
			</report>
			<report>
				<misses>293900001</misses>
				<total>-13</total>
				<timestamp>1828.076027</timestamp>
			</report>
			<report>
				<misses>294000001</misses>
				<total>-13</total>
				<timestamp>1828.700743</timestamp>
			</report>
			<report>
				<misses>294100001</misses>
				<total>-13</total>
				<timestamp>1829.321324</timestamp>
			</report>
			<report>
				<misses>294200001</misses>
				<total>-13</total>
				<timestamp>1829.949618</timestamp>
			</report>
			<report>
				<misses>294300001</misses>
				<total>-13</total>
				<timestamp>1830.570997</timestamp>
			</report>
			<report>
				<misses>294400001</misses>
				<total>-13</total>
				<timestamp>1831.194428</timestamp>
			</report>
			<report>
				<misses>294500001</misses>
				<total>-13</total>
				<timestamp>1831.822516</timestamp>
			</report>
			<report>
				<misses>294600001</misses>
				<total>-13</total>
				<timestamp>1832.443894</timestamp>
			</report>
			<report>
				<misses>294700001</misses>
				<total>-13</total>
				<timestamp>1833.066310</timestamp>
			</report>
			<report>
				<misses>294800001</misses>
				<total>-13</total>
				<timestamp>1833.689887</timestamp>
			</report>
			<report>
				<misses>294900001</misses>
				<total>-13</total>
				<timestamp>1834.314883</timestamp>
			</report>
			<report>
				<misses>295000001</misses>
				<total>-13</total>
				<timestamp>1834.934579</timestamp>
			</report>
			<report>
				<misses>295100001</misses>
				<total>-13</total>
				<timestamp>1835.557498</timestamp>
			</report>
			<report>
				<misses>295200001</misses>
				<total>-13</total>
				<timestamp>1836.178088</timestamp>
			</report>
			<report>
				<misses>295300001</misses>
				<total>-13</total>
				<timestamp>1836.801651</timestamp>
			</report>
			<report>
				<misses>295400001</misses>
				<total>-13</total>
				<timestamp>1837.421241</timestamp>
			</report>
			<report>
				<misses>295500001</misses>
				<total>-13</total>
				<timestamp>1838.045829</timestamp>
			</report>
			<report>
				<misses>295600001</misses>
				<total>-13</total>
				<timestamp>1838.668131</timestamp>
			</report>
			<report>
				<misses>295700001</misses>
				<total>-13</total>
				<timestamp>1839.291036</timestamp>
			</report>
			<report>
				<misses>295800001</misses>
				<total>-13</total>
				<timestamp>1839.912662</timestamp>
			</report>
			<report>
				<misses>295900001</misses>
				<total>-13</total>
				<timestamp>1840.537142</timestamp>
			</report>
			<report>
				<misses>296000001</misses>
				<total>-13</total>
				<timestamp>1841.159948</timestamp>
			</report>
			<report>
				<misses>296100001</misses>
				<total>-13</total>
				<timestamp>1841.777979</timestamp>
			</report>
			<report>
				<misses>296200001</misses>
				<total>-13</total>
				<timestamp>1842.395471</timestamp>
			</report>
			<report>
				<misses>296300001</misses>
				<total>-13</total>
				<timestamp>1843.019686</timestamp>
			</report>
			<report>
				<misses>296400001</misses>
				<total>-13</total>
				<timestamp>1843.641587</timestamp>
			</report>
			<report>
				<misses>296500001</misses>
				<total>-13</total>
				<timestamp>1844.263610</timestamp>
			</report>
			<report>
				<misses>296600001</misses>
				<total>-13</total>
				<timestamp>1844.887809</timestamp>
			</report>
			<report>
				<misses>296700001</misses>
				<total>-13</total>
				<timestamp>1845.507899</timestamp>
			</report>
			<report>
				<misses>296800001</misses>
				<total>-13</total>
				<timestamp>1846.126765</timestamp>
			</report>
			<report>
				<misses>296900001</misses>
				<total>-13</total>
				<timestamp>1846.750300</timestamp>
			</report>
			<report>
				<misses>297000001</misses>
				<total>-13</total>
				<timestamp>1847.368402</timestamp>
			</report>
			<report>
				<misses>297100001</misses>
				<total>-13</total>
				<timestamp>1847.987196</timestamp>
			</report>
			<report>
				<misses>297200001</misses>
				<total>-13</total>
				<timestamp>1848.610827</timestamp>
			</report>
			<report>
				<misses>297300001</misses>
				<total>-13</total>
				<timestamp>1849.236471</timestamp>
			</report>
			<report>
				<misses>297400001</misses>
				<total>-13</total>
				<timestamp>1849.858077</timestamp>
			</report>
			<report>
				<misses>297500001</misses>
				<total>-13</total>
				<timestamp>1850.478655</timestamp>
			</report>
			<report>
				<misses>297600001</misses>
				<total>-13</total>
				<timestamp>1851.097397</timestamp>
			</report>
			<report>
				<misses>297700001</misses>
				<total>-13</total>
				<timestamp>1851.716251</timestamp>
			</report>
			<report>
				<misses>297800001</misses>
				<total>-13</total>
				<timestamp>1852.337269</timestamp>
			</report>
			<report>
				<misses>297900001</misses>
				<total>-13</total>
				<timestamp>1852.958815</timestamp>
			</report>
			<report>
				<misses>298000001</misses>
				<total>-13</total>
				<timestamp>1853.579024</timestamp>
			</report>
			<report>
				<misses>298100001</misses>
				<total>-13</total>
				<timestamp>1854.198128</timestamp>
			</report>
			<report>
				<misses>298200001</misses>
				<total>-13</total>
				<timestamp>1854.821888</timestamp>
			</report>
			<report>
				<misses>298300001</misses>
				<total>-13</total>
				<timestamp>1855.454144</timestamp>
			</report>
			<report>
				<misses>298400001</misses>
				<total>-13</total>
				<timestamp>1856.077321</timestamp>
			</report>
			<report>
				<misses>298500001</misses>
				<total>-13</total>
				<timestamp>1856.703621</timestamp>
			</report>
			<report>
				<misses>298600001</misses>
				<total>-13</total>
				<timestamp>1857.326929</timestamp>
			</report>
			<report>
				<misses>298700001</misses>
				<total>-13</total>
				<timestamp>1857.945654</timestamp>
			</report>
			<report>
				<misses>298800001</misses>
				<total>-13</total>
				<timestamp>1858.568433</timestamp>
			</report>
			<report>
				<misses>298900001</misses>
				<total>-13</total>
				<timestamp>1859.190334</timestamp>
			</report>
			<report>
				<misses>299000001</misses>
				<total>-13</total>
				<timestamp>1859.810039</timestamp>
			</report>
			<report>
				<misses>299100001</misses>
				<total>-13</total>
				<timestamp>1860.426513</timestamp>
			</report>
			<report>
				<misses>299200001</misses>
				<total>-13</total>
				<timestamp>1861.052291</timestamp>
			</report>
			<report>
				<misses>299300001</misses>
				<total>-13</total>
				<timestamp>1861.668121</timestamp>
			</report>
			<report>
				<misses>299400001</misses>
				<total>-13</total>
				<timestamp>1862.287175</timestamp>
			</report>
			<report>
				<misses>299500001</misses>
				<total>-13</total>
				<timestamp>1862.908807</timestamp>
			</report>
			<report>
				<misses>299600001</misses>
				<total>-13</total>
				<timestamp>1863.534162</timestamp>
			</report>
			<report>
				<misses>299700001</misses>
				<total>-13</total>
				<timestamp>1864.158891</timestamp>
			</report>
			<report>
				<misses>299800001</misses>
				<total>-13</total>
				<timestamp>1864.785053</timestamp>
			</report>
			<report>
				<misses>299900001</misses>
				<total>-13</total>
				<timestamp>1865.406310</timestamp>
			</report>
			<report>
				<misses>300000001</misses>
				<total>-13</total>
				<timestamp>1866.027417</timestamp>
			</report>
			<report>
				<misses>300100001</misses>
				<total>-13</total>
				<timestamp>1866.648674</timestamp>
			</report>
			<report>
				<misses>300200001</misses>
				<total>-13</total>
				<timestamp>1867.275737</timestamp>
			</report>
			<report>
				<misses>300300001</misses>
				<total>-13</total>
				<timestamp>1867.893878</timestamp>
			</report>
			<report>
				<misses>300400001</misses>
				<total>-13</total>
				<timestamp>1868.518334</timestamp>
			</report>
			<report>
				<misses>300500001</misses>
				<total>-13</total>
				<timestamp>1869.142677</timestamp>
			</report>
			<report>
				<misses>300600001</misses>
				<total>-13</total>
				<timestamp>1869.762482</timestamp>
			</report>
			<report>
				<misses>300700001</misses>
				<total>-13</total>
				<timestamp>1870.380943</timestamp>
			</report>
			<report>
				<misses>300800001</misses>
				<total>-13</total>
				<timestamp>1870.999231</timestamp>
			</report>
			<report>
				<misses>300900001</misses>
				<total>-13</total>
				<timestamp>1871.617143</timestamp>
			</report>
			<report>
				<misses>301000001</misses>
				<total>-13</total>
				<timestamp>1872.236003</timestamp>
			</report>
			<report>
				<misses>301100001</misses>
				<total>-13</total>
				<timestamp>1872.854441</timestamp>
			</report>
			<report>
				<misses>301200001</misses>
				<total>-13</total>
				<timestamp>1873.480754</timestamp>
			</report>
			<report>
				<misses>301300001</misses>
				<total>-13</total>
				<timestamp>1874.102779</timestamp>
			</report>
			<report>
				<misses>301400001</misses>
				<total>-13</total>
				<timestamp>1874.728323</timestamp>
			</report>
			<report>
				<misses>301500001</misses>
				<total>-13</total>
				<timestamp>1875.354462</timestamp>
			</report>
			<report>
				<misses>301600001</misses>
				<total>-13</total>
				<timestamp>1875.978050</timestamp>
			</report>
			<report>
				<misses>301700001</misses>
				<total>-13</total>
				<timestamp>1876.605094</timestamp>
			</report>
			<report>
				<misses>301800001</misses>
				<total>-13</total>
				<timestamp>1877.229061</timestamp>
			</report>
			<report>
				<misses>301900001</misses>
				<total>-13</total>
				<timestamp>1877.849678</timestamp>
			</report>
			<report>
				<misses>302000001</misses>
				<total>-13</total>
				<timestamp>1878.466779</timestamp>
			</report>
			<report>
				<misses>302100001</misses>
				<total>-13</total>
				<timestamp>1879.086235</timestamp>
			</report>
			<report>
				<misses>302200001</misses>
				<total>-13</total>
				<timestamp>1879.704394</timestamp>
			</report>
			<report>
				<misses>302300001</misses>
				<total>-13</total>
				<timestamp>1880.330014</timestamp>
			</report>
			<report>
				<misses>302400001</misses>
				<total>-13</total>
				<timestamp>1880.951525</timestamp>
			</report>
			<report>
				<misses>302500001</misses>
				<total>-13</total>
				<timestamp>1881.568506</timestamp>
			</report>
			<report>
				<misses>302600001</misses>
				<total>-13</total>
				<timestamp>1882.194161</timestamp>
			</report>
			<report>
				<misses>302700001</misses>
				<total>-13</total>
				<timestamp>1882.815137</timestamp>
			</report>
			<report>
				<misses>302800001</misses>
				<total>-13</total>
				<timestamp>1883.434721</timestamp>
			</report>
			<report>
				<misses>302900001</misses>
				<total>-13</total>
				<timestamp>1884.057632</timestamp>
			</report>
			<report>
				<misses>303000001</misses>
				<total>-13</total>
				<timestamp>1884.683521</timestamp>
			</report>
			<report>
				<misses>303100001</misses>
				<total>-13</total>
				<timestamp>1885.310186</timestamp>
			</report>
			<report>
				<misses>303200001</misses>
				<total>-13</total>
				<timestamp>1885.934793</timestamp>
			</report>
			<report>
				<misses>303300001</misses>
				<total>-13</total>
				<timestamp>1886.556496</timestamp>
			</report>
			<report>
				<misses>303400001</misses>
				<total>-13</total>
				<timestamp>1887.180187</timestamp>
			</report>
			<report>
				<misses>303500001</misses>
				<total>-13</total>
				<timestamp>1887.810393</timestamp>
			</report>
			<report>
				<misses>303600001</misses>
				<total>-13</total>
				<timestamp>1888.433245</timestamp>
			</report>
			<report>
				<misses>303700001</misses>
				<total>-13</total>
				<timestamp>1889.061871</timestamp>
			</report>
			<report>
				<misses>303800001</misses>
				<total>-13</total>
				<timestamp>1889.680027</timestamp>
			</report>
			<report>
				<misses>303900001</misses>
				<total>-13</total>
				<timestamp>1890.296492</timestamp>
			</report>
			<report>
				<misses>304000001</misses>
				<total>-13</total>
				<timestamp>1890.914601</timestamp>
			</report>
			<report>
				<misses>304100001</misses>
				<total>-13</total>
				<timestamp>1891.533302</timestamp>
			</report>
			<report>
				<misses>304200001</misses>
				<total>-13</total>
				<timestamp>1892.158873</timestamp>
			</report>
			<report>
				<misses>304300001</misses>
				<total>-13</total>
				<timestamp>1892.772101</timestamp>
			</report>
			<report>
				<misses>304400001</misses>
				<total>-13</total>
				<timestamp>1893.387887</timestamp>
			</report>
			<report>
				<misses>304500001</misses>
				<total>-13</total>
				<timestamp>1894.011667</timestamp>
			</report>
			<report>
				<misses>304600001</misses>
				<total>-13</total>
				<timestamp>1894.635314</timestamp>
			</report>
			<report>
				<misses>304700001</misses>
				<total>-13</total>
				<timestamp>1895.256944</timestamp>
			</report>
			<report>
				<misses>304800001</misses>
				<total>-13</total>
				<timestamp>1895.886749</timestamp>
			</report>
			<report>
				<misses>304900001</misses>
				<total>-13</total>
				<timestamp>1896.504782</timestamp>
			</report>
			<report>
				<misses>305000001</misses>
				<total>-13</total>
				<timestamp>1897.124706</timestamp>
			</report>
			<report>
				<misses>305100001</misses>
				<total>-13</total>
				<timestamp>1897.746567</timestamp>
			</report>
			<report>
				<misses>305200001</misses>
				<total>-13</total>
				<timestamp>1898.370614</timestamp>
			</report>
			<report>
				<misses>305300001</misses>
				<total>-13</total>
				<timestamp>1898.994837</timestamp>
			</report>
			<report>
				<misses>305400001</misses>
				<total>-13</total>
				<timestamp>1899.618685</timestamp>
			</report>
			<report>
				<misses>305500001</misses>
				<total>-13</total>
				<timestamp>1900.236260</timestamp>
			</report>
			<report>
				<misses>305600001</misses>
				<total>-13</total>
				<timestamp>1900.857867</timestamp>
			</report>
			<report>
				<misses>305700001</misses>
				<total>-13</total>
				<timestamp>1901.478171</timestamp>
			</report>
			<report>
				<misses>305800001</misses>
				<total>-13</total>
				<timestamp>1902.095572</timestamp>
			</report>
			<report>
				<misses>305900001</misses>
				<total>-13</total>
				<timestamp>1902.714239</timestamp>
			</report>
			<report>
				<misses>306000001</misses>
				<total>-13</total>
				<timestamp>1903.341157</timestamp>
			</report>
			<report>
				<misses>306100001</misses>
				<total>-13</total>
				<timestamp>1903.956463</timestamp>
			</report>
			<report>
				<misses>306200001</misses>
				<total>-13</total>
				<timestamp>1904.582608</timestamp>
			</report>
			<report>
				<misses>306300001</misses>
				<total>-13</total>
				<timestamp>1905.206813</timestamp>
			</report>
			<report>
				<misses>306400001</misses>
				<total>-13</total>
				<timestamp>1905.831532</timestamp>
			</report>
			<report>
				<misses>306500001</misses>
				<total>-13</total>
				<timestamp>1906.453911</timestamp>
			</report>
			<report>
				<misses>306600001</misses>
				<total>-13</total>
				<timestamp>1907.071512</timestamp>
			</report>
			<report>
				<misses>306700001</misses>
				<total>-13</total>
				<timestamp>1907.693328</timestamp>
			</report>
			<report>
				<misses>306800001</misses>
				<total>-13</total>
				<timestamp>1908.311225</timestamp>
			</report>
			<report>
				<misses>306900001</misses>
				<total>-13</total>
				<timestamp>1908.936297</timestamp>
			</report>
			<report>
				<misses>307000001</misses>
				<total>-13</total>
				<timestamp>1909.556063</timestamp>
			</report>
			<report>
				<misses>307100001</misses>
				<total>-13</total>
				<timestamp>1910.174894</timestamp>
			</report>
			<report>
				<misses>307200001</misses>
				<total>-13</total>
				<timestamp>1910.795084</timestamp>
			</report>
			<report>
				<misses>307300001</misses>
				<total>-13</total>
				<timestamp>1911.414451</timestamp>
			</report>
			<report>
				<misses>307400001</misses>
				<total>-13</total>
				<timestamp>1912.032173</timestamp>
			</report>
			<report>
				<misses>307500001</misses>
				<total>-13</total>
				<timestamp>1912.651537</timestamp>
			</report>
			<report>
				<misses>307600001</misses>
				<total>-13</total>
				<timestamp>1913.270548</timestamp>
			</report>
			<report>
				<misses>307700001</misses>
				<total>-13</total>
				<timestamp>1913.890357</timestamp>
			</report>
			<report>
				<misses>307800001</misses>
				<total>-13</total>
				<timestamp>1914.509813</timestamp>
			</report>
			<report>
				<misses>307900001</misses>
				<total>-13</total>
				<timestamp>1915.129507</timestamp>
			</report>
			<report>
				<misses>308000001</misses>
				<total>-13</total>
				<timestamp>1915.755651</timestamp>
			</report>
			<report>
				<misses>308100001</misses>
				<total>-13</total>
				<timestamp>1916.377413</timestamp>
			</report>
			<report>
				<misses>308200001</misses>
				<total>-13</total>
				<timestamp>1916.998278</timestamp>
			</report>
			<report>
				<misses>308300001</misses>
				<total>-13</total>
				<timestamp>1917.617193</timestamp>
			</report>
			<report>
				<misses>308400001</misses>
				<total>-13</total>
				<timestamp>1918.241812</timestamp>
			</report>
			<report>
				<misses>308500001</misses>
				<total>-13</total>
				<timestamp>1918.866159</timestamp>
			</report>
			<report>
				<misses>308600001</misses>
				<total>-13</total>
				<timestamp>1919.485980</timestamp>
			</report>
			<report>
				<misses>308700001</misses>
				<total>-13</total>
				<timestamp>1920.111100</timestamp>
			</report>
			<report>
				<misses>308800001</misses>
				<total>-13</total>
				<timestamp>1920.732088</timestamp>
			</report>
			<report>
				<misses>308900001</misses>
				<total>-13</total>
				<timestamp>1921.346614</timestamp>
			</report>
			<report>
				<misses>309000001</misses>
				<total>-13</total>
				<timestamp>1921.967627</timestamp>
			</report>
			<report>
				<misses>309100001</misses>
				<total>-13</total>
				<timestamp>1922.589068</timestamp>
			</report>
			<report>
				<misses>309200001</misses>
				<total>-13</total>
				<timestamp>1923.212024</timestamp>
			</report>
			<report>
				<misses>309300001</misses>
				<total>-13</total>
				<timestamp>1923.834368</timestamp>
			</report>
			<report>
				<misses>309400001</misses>
				<total>-13</total>
				<timestamp>1924.458009</timestamp>
			</report>
			<report>
				<misses>309500001</misses>
				<total>-13</total>
				<timestamp>1925.079127</timestamp>
			</report>
			<report>
				<misses>309600001</misses>
				<total>-13</total>
				<timestamp>1925.692779</timestamp>
			</report>
			<report>
				<misses>309700001</misses>
				<total>-13</total>
				<timestamp>1926.323768</timestamp>
			</report>
			<report>
				<misses>309800001</misses>
				<total>-13</total>
				<timestamp>1926.949718</timestamp>
			</report>
			<report>
				<misses>309900001</misses>
				<total>-13</total>
				<timestamp>1927.570343</timestamp>
			</report>
			<report>
				<misses>310000001</misses>
				<total>-13</total>
				<timestamp>1928.191203</timestamp>
			</report>
			<report>
				<misses>310100001</misses>
				<total>-13</total>
				<timestamp>1928.814395</timestamp>
			</report>
			<report>
				<misses>310200001</misses>
				<total>-13</total>
				<timestamp>1929.433308</timestamp>
			</report>
			<report>
				<misses>310300001</misses>
				<total>-13</total>
				<timestamp>1930.057782</timestamp>
			</report>
			<report>
				<misses>310400001</misses>
				<total>-13</total>
				<timestamp>1930.673207</timestamp>
			</report>
			<report>
				<misses>310500001</misses>
				<total>-13</total>
				<timestamp>1931.294339</timestamp>
			</report>
			<report>
				<misses>310600001</misses>
				<total>-13</total>
				<timestamp>1931.916375</timestamp>
			</report>
			<report>
				<misses>310700001</misses>
				<total>-13</total>
				<timestamp>1932.543816</timestamp>
			</report>
			<report>
				<misses>310800001</misses>
				<total>-13</total>
				<timestamp>1933.164546</timestamp>
			</report>
			<report>
				<misses>310900001</misses>
				<total>-13</total>
				<timestamp>1933.788264</timestamp>
			</report>
			<report>
				<misses>311000001</misses>
				<total>-13</total>
				<timestamp>1934.419563</timestamp>
			</report>
			<report>
				<misses>311100001</misses>
				<total>-13</total>
				<timestamp>1935.035269</timestamp>
			</report>
			<report>
				<misses>311200001</misses>
				<total>-13</total>
				<timestamp>1935.654703</timestamp>
			</report>
			<report>
				<misses>311300001</misses>
				<total>-13</total>
				<timestamp>1936.283047</timestamp>
			</report>
			<report>
				<misses>311400001</misses>
				<total>-13</total>
				<timestamp>1936.911427</timestamp>
			</report>
			<report>
				<misses>311500001</misses>
				<total>-13</total>
				<timestamp>1937.536658</timestamp>
			</report>
			<report>
				<misses>311600001</misses>
				<total>-13</total>
				<timestamp>1938.159470</timestamp>
			</report>
			<report>
				<misses>311700001</misses>
				<total>-13</total>
				<timestamp>1938.776592</timestamp>
			</report>
			<report>
				<misses>311800001</misses>
				<total>-13</total>
				<timestamp>1939.399780</timestamp>
			</report>
			<report>
				<misses>311900001</misses>
				<total>-13</total>
				<timestamp>1940.023656</timestamp>
			</report>
			<report>
				<misses>312000001</misses>
				<total>-13</total>
				<timestamp>1940.645544</timestamp>
			</report>
			<report>
				<misses>312100001</misses>
				<total>-13</total>
				<timestamp>1941.266784</timestamp>
			</report>
			<report>
				<misses>312200001</misses>
				<total>-13</total>
				<timestamp>1941.889929</timestamp>
			</report>
			<report>
				<misses>312300001</misses>
				<total>-13</total>
				<timestamp>1942.510680</timestamp>
			</report>
			<report>
				<misses>312400001</misses>
				<total>-13</total>
				<timestamp>1943.128898</timestamp>
			</report>
			<report>
				<misses>312500001</misses>
				<total>-13</total>
				<timestamp>1943.749945</timestamp>
			</report>
			<report>
				<misses>312600001</misses>
				<total>-13</total>
				<timestamp>1944.374010</timestamp>
			</report>
			<report>
				<misses>312700001</misses>
				<total>-13</total>
				<timestamp>1944.989856</timestamp>
			</report>
			<report>
				<misses>312800001</misses>
				<total>-13</total>
				<timestamp>1945.607664</timestamp>
			</report>
			<report>
				<misses>312900001</misses>
				<total>-13</total>
				<timestamp>1946.226198</timestamp>
			</report>
			<report>
				<misses>313000001</misses>
				<total>-13</total>
				<timestamp>1946.846480</timestamp>
			</report>
			<report>
				<misses>313100001</misses>
				<total>-13</total>
				<timestamp>1947.463140</timestamp>
			</report>
			<report>
				<misses>313200001</misses>
				<total>-13</total>
				<timestamp>1948.088902</timestamp>
			</report>
			<report>
				<misses>313300001</misses>
				<total>-13</total>
				<timestamp>1948.708575</timestamp>
			</report>
			<report>
				<misses>313400001</misses>
				<total>-13</total>
				<timestamp>1949.333676</timestamp>
			</report>
			<report>
				<misses>313500001</misses>
				<total>-13</total>
				<timestamp>1949.953004</timestamp>
			</report>
			<report>
				<misses>313600001</misses>
				<total>-13</total>
				<timestamp>1950.573467</timestamp>
			</report>
			<report>
				<misses>313700001</misses>
				<total>-13</total>
				<timestamp>1951.194217</timestamp>
			</report>
			<report>
				<misses>313800001</misses>
				<total>-13</total>
				<timestamp>1951.817266</timestamp>
			</report>
			<report>
				<misses>313900001</misses>
				<total>-13</total>
				<timestamp>1952.440063</timestamp>
			</report>
			<report>
				<misses>314000001</misses>
				<total>-13</total>
				<timestamp>1953.055261</timestamp>
			</report>
			<report>
				<misses>314100001</misses>
				<total>-13</total>
				<timestamp>1953.678826</timestamp>
			</report>
			<report>
				<misses>314200001</misses>
				<total>-13</total>
				<timestamp>1954.299436</timestamp>
			</report>
			<report>
				<misses>314300001</misses>
				<total>-13</total>
				<timestamp>1954.928554</timestamp>
			</report>
			<report>
				<misses>314400001</misses>
				<total>-13</total>
				<timestamp>1955.552245</timestamp>
			</report>
			<report>
				<misses>314500001</misses>
				<total>-13</total>
				<timestamp>1956.170528</timestamp>
			</report>
			<report>
				<misses>314600001</misses>
				<total>-13</total>
				<timestamp>1956.790591</timestamp>
			</report>
			<report>
				<misses>314700001</misses>
				<total>-13</total>
				<timestamp>1957.405927</timestamp>
			</report>
			<report>
				<misses>314800001</misses>
				<total>-13</total>
				<timestamp>1958.029521</timestamp>
			</report>
			<report>
				<misses>314900001</misses>
				<total>-13</total>
				<timestamp>1958.649083</timestamp>
			</report>
			<report>
				<misses>315000001</misses>
				<total>-13</total>
				<timestamp>1959.266868</timestamp>
			</report>
			<report>
				<misses>315100001</misses>
				<total>-13</total>
				<timestamp>1959.885645</timestamp>
			</report>
			<report>
				<misses>315200001</misses>
				<total>-13</total>
				<timestamp>1960.500829</timestamp>
			</report>
			<report>
				<misses>315300001</misses>
				<total>-13</total>
				<timestamp>1961.126875</timestamp>
			</report>
			<report>
				<misses>315400001</misses>
				<total>-13</total>
				<timestamp>1961.749337</timestamp>
			</report>
			<report>
				<misses>315500001</misses>
				<total>-13</total>
				<timestamp>1962.368265</timestamp>
			</report>
			<report>
				<misses>315600001</misses>
				<total>-13</total>
				<timestamp>1962.982548</timestamp>
			</report>
			<report>
				<misses>315700001</misses>
				<total>-13</total>
				<timestamp>1963.605364</timestamp>
			</report>
			<report>
				<misses>315800001</misses>
				<total>-13</total>
				<timestamp>1964.224035</timestamp>
			</report>
			<report>
				<misses>315900001</misses>
				<total>-13</total>
				<timestamp>1964.842441</timestamp>
			</report>
			<report>
				<misses>316000001</misses>
				<total>-13</total>
				<timestamp>1965.462144</timestamp>
			</report>
			<report>
				<misses>316100001</misses>
				<total>-13</total>
				<timestamp>1966.083900</timestamp>
			</report>
			<report>
				<misses>316200001</misses>
				<total>-13</total>
				<timestamp>1966.703476</timestamp>
			</report>
			<report>
				<misses>316300001</misses>
				<total>-13</total>
				<timestamp>1967.317741</timestamp>
			</report>
			<report>
				<misses>316400001</misses>
				<total>-13</total>
				<timestamp>1967.933315</timestamp>
			</report>
			<report>
				<misses>316500001</misses>
				<total>-13</total>
				<timestamp>1968.552116</timestamp>
			</report>
			<report>
				<misses>316600001</misses>
				<total>-13</total>
				<timestamp>1969.173367</timestamp>
			</report>
			<report>
				<misses>316700001</misses>
				<total>-13</total>
				<timestamp>1969.796935</timestamp>
			</report>
			<report>
				<misses>316800001</misses>
				<total>-13</total>
				<timestamp>1970.419089</timestamp>
			</report>
			<report>
				<misses>316900001</misses>
				<total>-13</total>
				<timestamp>1971.034789</timestamp>
			</report>
			<report>
				<misses>317000001</misses>
				<total>-13</total>
				<timestamp>1971.659384</timestamp>
			</report>
			<report>
				<misses>317100001</misses>
				<total>-13</total>
				<timestamp>1972.277415</timestamp>
			</report>
			<report>
				<misses>317200001</misses>
				<total>-13</total>
				<timestamp>1972.902007</timestamp>
			</report>
			<report>
				<misses>317300001</misses>
				<total>-13</total>
				<timestamp>1973.524292</timestamp>
			</report>
			<report>
				<misses>317400001</misses>
				<total>-13</total>
				<timestamp>1974.147345</timestamp>
			</report>
			<report>
				<misses>317500001</misses>
				<total>-13</total>
				<timestamp>1974.769893</timestamp>
			</report>
			<report>
				<misses>317600001</misses>
				<total>-13</total>
				<timestamp>1975.395535</timestamp>
			</report>
			<report>
				<misses>317700001</misses>
				<total>-13</total>
				<timestamp>1976.023371</timestamp>
			</report>
			<report>
				<misses>317800001</misses>
				<total>-13</total>
				<timestamp>1976.646165</timestamp>
			</report>
			<report>
				<misses>317900001</misses>
				<total>-13</total>
				<timestamp>1977.266500</timestamp>
			</report>
			<report>
				<misses>318000001</misses>
				<total>-13</total>
				<timestamp>1977.891098</timestamp>
			</report>
			<report>
				<misses>318100001</misses>
				<total>-13</total>
				<timestamp>1978.516862</timestamp>
			</report>
			<report>
				<misses>318200001</misses>
				<total>-13</total>
				<timestamp>1979.138767</timestamp>
			</report>
			<report>
				<misses>318300001</misses>
				<total>-13</total>
				<timestamp>1979.760663</timestamp>
			</report>
			<report>
				<misses>318400001</misses>
				<total>-13</total>
				<timestamp>1980.383192</timestamp>
			</report>
			<report>
				<misses>318500001</misses>
				<total>-13</total>
				<timestamp>1981.001472</timestamp>
			</report>
			<report>
				<misses>318600001</misses>
				<total>-13</total>
				<timestamp>1981.624408</timestamp>
			</report>
			<report>
				<misses>318700001</misses>
				<total>-13</total>
				<timestamp>1982.243446</timestamp>
			</report>
			<report>
				<misses>318800001</misses>
				<total>-13</total>
				<timestamp>1982.864446</timestamp>
			</report>
			<report>
				<misses>318900001</misses>
				<total>-13</total>
				<timestamp>1983.483755</timestamp>
			</report>
			<report>
				<misses>319000001</misses>
				<total>-13</total>
				<timestamp>1984.102800</timestamp>
			</report>
			<report>
				<misses>319100001</misses>
				<total>-13</total>
				<timestamp>1984.726241</timestamp>
			</report>
			<report>
				<misses>319200001</misses>
				<total>-13</total>
				<timestamp>1985.345700</timestamp>
			</report>
			<report>
				<misses>319300001</misses>
				<total>-13</total>
				<timestamp>1985.966426</timestamp>
			</report>
			<report>
				<misses>319400001</misses>
				<total>-13</total>
				<timestamp>1986.587032</timestamp>
			</report>
			<report>
				<misses>319500001</misses>
				<total>-13</total>
				<timestamp>1987.204148</timestamp>
			</report>
			<report>
				<misses>319600001</misses>
				<total>-13</total>
				<timestamp>1987.822682</timestamp>
			</report>
			<report>
				<misses>319700001</misses>
				<total>-13</total>
				<timestamp>1988.437867</timestamp>
			</report>
			<report>
				<misses>319800001</misses>
				<total>-13</total>
				<timestamp>1989.061553</timestamp>
			</report>
			<report>
				<misses>319900001</misses>
				<total>-13</total>
				<timestamp>1989.678432</timestamp>
			</report>
			<report>
				<misses>320000001</misses>
				<total>-13</total>
				<timestamp>1990.301351</timestamp>
			</report>
			<report>
				<misses>320100001</misses>
				<total>-13</total>
				<timestamp>1990.920408</timestamp>
			</report>
			<report>
				<misses>320200001</misses>
				<total>-13</total>
				<timestamp>1991.536110</timestamp>
			</report>
			<report>
				<misses>320300001</misses>
				<total>-13</total>
				<timestamp>1992.154387</timestamp>
			</report>
			<report>
				<misses>320400001</misses>
				<total>-13</total>
				<timestamp>1992.779642</timestamp>
			</report>
			<report>
				<misses>320500001</misses>
				<total>-13</total>
				<timestamp>1993.406803</timestamp>
			</report>
			<report>
				<misses>320600001</misses>
				<total>-13</total>
				<timestamp>1994.027043</timestamp>
			</report>
			<report>
				<misses>320700001</misses>
				<total>-13</total>
				<timestamp>1994.645163</timestamp>
			</report>
			<report>
				<misses>320800001</misses>
				<total>-13</total>
				<timestamp>1995.265252</timestamp>
			</report>
			<report>
				<misses>320900001</misses>
				<total>-13</total>
				<timestamp>1995.881133</timestamp>
			</report>
			<report>
				<misses>321000001</misses>
				<total>-13</total>
				<timestamp>1996.502125</timestamp>
			</report>
			<report>
				<misses>321100001</misses>
				<total>-13</total>
				<timestamp>1997.123665</timestamp>
			</report>
			<report>
				<misses>321200001</misses>
				<total>-13</total>
				<timestamp>1997.741558</timestamp>
			</report>
			<report>
				<misses>321300001</misses>
				<total>-13</total>
				<timestamp>1998.364374</timestamp>
			</report>
			<report>
				<misses>321400001</misses>
				<total>-13</total>
				<timestamp>1998.981237</timestamp>
			</report>
			<report>
				<misses>321500001</misses>
				<total>-13</total>
				<timestamp>1999.607775</timestamp>
			</report>
			<report>
				<misses>321600001</misses>
				<total>-13</total>
				<timestamp>2000.226956</timestamp>
			</report>
			<report>
				<misses>321700001</misses>
				<total>-13</total>
				<timestamp>2000.846651</timestamp>
			</report>
			<report>
				<misses>321800001</misses>
				<total>-13</total>
				<timestamp>2001.466755</timestamp>
			</report>
			<report>
				<misses>321900001</misses>
				<total>-13</total>
				<timestamp>2002.091352</timestamp>
			</report>
			<report>
				<misses>322000001</misses>
				<total>-13</total>
				<timestamp>2002.720461</timestamp>
			</report>
			<report>
				<misses>322100001</misses>
				<total>-13</total>
				<timestamp>2003.344815</timestamp>
			</report>
			<report>
				<misses>322200001</misses>
				<total>-13</total>
				<timestamp>2003.970230</timestamp>
			</report>
			<report>
				<misses>322300001</misses>
				<total>-13</total>
				<timestamp>2004.590586</timestamp>
			</report>
			<report>
				<misses>322400001</misses>
				<total>-13</total>
				<timestamp>2005.213122</timestamp>
			</report>
			<report>
				<misses>322500001</misses>
				<total>-13</total>
				<timestamp>2005.833987</timestamp>
			</report>
			<report>
				<misses>322600001</misses>
				<total>-13</total>
				<timestamp>2006.463483</timestamp>
			</report>
			<report>
				<misses>322700001</misses>
				<total>-13</total>
				<timestamp>2007.086019</timestamp>
			</report>
			<report>
				<misses>322800001</misses>
				<total>-13</total>
				<timestamp>2007.709074</timestamp>
			</report>
			<report>
				<misses>322900001</misses>
				<total>-13</total>
				<timestamp>2008.334081</timestamp>
			</report>
			<report>
				<misses>323000001</misses>
				<total>-13</total>
				<timestamp>2008.948869</timestamp>
			</report>
			<report>
				<misses>323100001</misses>
				<total>-13</total>
				<timestamp>2009.576063</timestamp>
			</report>
			<report>
				<misses>323200001</misses>
				<total>-13</total>
				<timestamp>2010.195490</timestamp>
			</report>
			<report>
				<misses>323300001</misses>
				<total>-13</total>
				<timestamp>2010.815713</timestamp>
			</report>
			<report>
				<misses>323400001</misses>
				<total>-13</total>
				<timestamp>2011.436063</timestamp>
			</report>
			<report>
				<misses>323500001</misses>
				<total>-13</total>
				<timestamp>2012.053699</timestamp>
			</report>
			<report>
				<misses>323600001</misses>
				<total>-13</total>
				<timestamp>2012.668504</timestamp>
			</report>
			<report>
				<misses>323700001</misses>
				<total>-13</total>
				<timestamp>2013.291179</timestamp>
			</report>
			<report>
				<misses>323800001</misses>
				<total>-13</total>
				<timestamp>2013.910485</timestamp>
			</report>
			<report>
				<misses>323900001</misses>
				<total>-13</total>
				<timestamp>2014.532381</timestamp>
			</report>
			<report>
				<misses>324000001</misses>
				<total>-13</total>
				<timestamp>2015.159176</timestamp>
			</report>
			<report>
				<misses>324100001</misses>
				<total>-13</total>
				<timestamp>2015.779507</timestamp>
			</report>
			<report>
				<misses>324200001</misses>
				<total>-13</total>
				<timestamp>2016.397487</timestamp>
			</report>
			<report>
				<misses>324300001</misses>
				<total>-13</total>
				<timestamp>2017.023285</timestamp>
			</report>
			<report>
				<misses>324400001</misses>
				<total>-13</total>
				<timestamp>2017.645657</timestamp>
			</report>
			<report>
				<misses>324500001</misses>
				<total>-13</total>
				<timestamp>2018.270522</timestamp>
			</report>
			<report>
				<misses>324600001</misses>
				<total>-13</total>
				<timestamp>2018.886491</timestamp>
			</report>
			<report>
				<misses>324700001</misses>
				<total>-13</total>
				<timestamp>2019.509161</timestamp>
			</report>
			<report>
				<misses>324800001</misses>
				<total>-13</total>
				<timestamp>2020.131687</timestamp>
			</report>
			<report>
				<misses>324900001</misses>
				<total>-13</total>
				<timestamp>2020.752933</timestamp>
			</report>
			<report>
				<misses>325000001</misses>
				<total>-13</total>
				<timestamp>2021.373709</timestamp>
			</report>
			<report>
				<misses>325100001</misses>
				<total>-13</total>
				<timestamp>2021.995207</timestamp>
			</report>
			<report>
				<misses>325200001</misses>
				<total>-13</total>
				<timestamp>2022.619836</timestamp>
			</report>
			<report>
				<misses>325300001</misses>
				<total>-13</total>
				<timestamp>2023.239700</timestamp>
			</report>
			<report>
				<misses>325400001</misses>
				<total>-13</total>
				<timestamp>2023.859633</timestamp>
			</report>
			<report>
				<misses>325500001</misses>
				<total>-13</total>
				<timestamp>2024.486055</timestamp>
			</report>
			<report>
				<misses>325600001</misses>
				<total>-13</total>
				<timestamp>2025.107438</timestamp>
			</report>
			<report>
				<misses>325700001</misses>
				<total>-13</total>
				<timestamp>2025.730328</timestamp>
			</report>
			<report>
				<misses>325800001</misses>
				<total>-13</total>
				<timestamp>2026.358269</timestamp>
			</report>
			<report>
				<misses>325900001</misses>
				<total>-13</total>
				<timestamp>2026.982292</timestamp>
			</report>
			<report>
				<misses>326000001</misses>
				<total>-13</total>
				<timestamp>2027.606223</timestamp>
			</report>
			<report>
				<misses>326100001</misses>
				<total>-13</total>
				<timestamp>2028.225425</timestamp>
			</report>
			<report>
				<misses>326200001</misses>
				<total>-13</total>
				<timestamp>2028.849108</timestamp>
			</report>
			<report>
				<misses>326300001</misses>
				<total>-13</total>
				<timestamp>2029.467986</timestamp>
			</report>
			<report>
				<misses>326400001</misses>
				<total>-13</total>
				<timestamp>2030.087600</timestamp>
			</report>
			<report>
				<misses>326500001</misses>
				<total>-13</total>
				<timestamp>2030.711610</timestamp>
			</report>
			<report>
				<misses>326600001</misses>
				<total>-13</total>
				<timestamp>2031.337347</timestamp>
			</report>
			<report>
				<misses>326700001</misses>
				<total>-13</total>
				<timestamp>2031.960841</timestamp>
			</report>
			<report>
				<misses>326800001</misses>
				<total>-13</total>
				<timestamp>2032.585226</timestamp>
			</report>
			<report>
				<misses>326900001</misses>
				<total>-13</total>
				<timestamp>2033.208319</timestamp>
			</report>
			<report>
				<misses>327000001</misses>
				<total>-13</total>
				<timestamp>2033.833774</timestamp>
			</report>
			<report>
				<misses>327100001</misses>
				<total>-13</total>
				<timestamp>2034.461463</timestamp>
			</report>
			<report>
				<misses>327200001</misses>
				<total>-13</total>
				<timestamp>2035.089544</timestamp>
			</report>
			<report>
				<misses>327300001</misses>
				<total>-13</total>
				<timestamp>2035.714015</timestamp>
			</report>
			<report>
				<misses>327400001</misses>
				<total>-13</total>
				<timestamp>2036.335125</timestamp>
			</report>
			<report>
				<misses>327500001</misses>
				<total>-13</total>
				<timestamp>2036.962055</timestamp>
			</report>
			<report>
				<misses>327600001</misses>
				<total>-13</total>
				<timestamp>2037.583829</timestamp>
			</report>
			<report>
				<misses>327700001</misses>
				<total>-13</total>
				<timestamp>2038.205711</timestamp>
			</report>
			<report>
				<misses>327800001</misses>
				<total>-13</total>
				<timestamp>2038.831092</timestamp>
			</report>
			<report>
				<misses>327900001</misses>
				<total>-13</total>
				<timestamp>2039.452203</timestamp>
			</report>
			<report>
				<misses>328000001</misses>
				<total>-13</total>
				<timestamp>2040.071276</timestamp>
			</report>
			<report>
				<misses>328100001</misses>
				<total>-13</total>
				<timestamp>2040.700535</timestamp>
			</report>
			<report>
				<misses>328200001</misses>
				<total>-13</total>
				<timestamp>2041.323192</timestamp>
			</report>
			<report>
				<misses>328300001</misses>
				<total>-13</total>
				<timestamp>2041.949700</timestamp>
			</report>
			<report>
				<misses>328400001</misses>
				<total>-13</total>
				<timestamp>2042.573425</timestamp>
			</report>
			<report>
				<misses>328500001</misses>
				<total>-13</total>
				<timestamp>2043.197314</timestamp>
			</report>
			<report>
				<misses>328600001</misses>
				<total>-13</total>
				<timestamp>2043.823660</timestamp>
			</report>
			<report>
				<misses>328700001</misses>
				<total>-13</total>
				<timestamp>2044.444539</timestamp>
			</report>
			<report>
				<misses>328800001</misses>
				<total>-13</total>
				<timestamp>2045.066320</timestamp>
			</report>
			<report>
				<misses>328900001</misses>
				<total>-13</total>
				<timestamp>2045.692751</timestamp>
			</report>
			<report>
				<misses>329000001</misses>
				<total>-13</total>
				<timestamp>2046.320620</timestamp>
			</report>
			<report>
				<misses>329100001</misses>
				<total>-13</total>
				<timestamp>2046.943551</timestamp>
			</report>
			<report>
				<misses>329200001</misses>
				<total>-13</total>
				<timestamp>2047.566723</timestamp>
			</report>
			<report>
				<misses>329300001</misses>
				<total>-13</total>
				<timestamp>2048.195444</timestamp>
			</report>
			<report>
				<misses>329400001</misses>
				<total>-13</total>
				<timestamp>2048.819685</timestamp>
			</report>
			<report>
				<misses>329500001</misses>
				<total>-13</total>
				<timestamp>2049.443118</timestamp>
			</report>
			<report>
				<misses>329600001</misses>
				<total>-13</total>
				<timestamp>2050.065663</timestamp>
			</report>
			<report>
				<misses>329700001</misses>
				<total>-13</total>
				<timestamp>2050.689119</timestamp>
			</report>
			<report>
				<misses>329800001</misses>
				<total>-13</total>
				<timestamp>2051.303913</timestamp>
			</report>
			<report>
				<misses>329900001</misses>
				<total>-13</total>
				<timestamp>2051.919582</timestamp>
			</report>
			<report>
				<misses>330000001</misses>
				<total>-13</total>
				<timestamp>2052.540092</timestamp>
			</report>
			<report>
				<misses>330100001</misses>
				<total>-13</total>
				<timestamp>2053.156155</timestamp>
			</report>
			<report>
				<misses>330200001</misses>
				<total>-13</total>
				<timestamp>2053.776894</timestamp>
			</report>
			<report>
				<misses>330300001</misses>
				<total>-13</total>
				<timestamp>2054.399684</timestamp>
			</report>
			<report>
				<misses>330400001</misses>
				<total>-13</total>
				<timestamp>2055.020799</timestamp>
			</report>
			<report>
				<misses>330500001</misses>
				<total>-13</total>
				<timestamp>2055.639985</timestamp>
			</report>
			<report>
				<misses>330600001</misses>
				<total>-13</total>
				<timestamp>2056.259296</timestamp>
			</report>
			<report>
				<misses>330700001</misses>
				<total>-13</total>
				<timestamp>2056.884817</timestamp>
			</report>
			<report>
				<misses>330800001</misses>
				<total>-13</total>
				<timestamp>2057.505034</timestamp>
			</report>
			<report>
				<misses>330900001</misses>
				<total>-13</total>
				<timestamp>2058.126154</timestamp>
			</report>
			<report>
				<misses>331000001</misses>
				<total>-13</total>
				<timestamp>2058.745199</timestamp>
			</report>
			<report>
				<misses>331100001</misses>
				<total>-13</total>
				<timestamp>2059.369025</timestamp>
			</report>
			<report>
				<misses>331200001</misses>
				<total>-13</total>
				<timestamp>2059.986020</timestamp>
			</report>
			<report>
				<misses>331300001</misses>
				<total>-13</total>
				<timestamp>2060.603641</timestamp>
			</report>
			<report>
				<misses>331400001</misses>
				<total>-13</total>
				<timestamp>2061.222201</timestamp>
			</report>
			<report>
				<misses>331500001</misses>
				<total>-13</total>
				<timestamp>2061.840721</timestamp>
			</report>
			<report>
				<misses>331600001</misses>
				<total>-13</total>
				<timestamp>2062.460811</timestamp>
			</report>
			<report>
				<misses>331700001</misses>
				<total>-13</total>
				<timestamp>2063.078189</timestamp>
			</report>
			<report>
				<misses>331800001</misses>
				<total>-13</total>
				<timestamp>2063.702891</timestamp>
			</report>
			<report>
				<misses>331900001</misses>
				<total>-13</total>
				<timestamp>2064.330665</timestamp>
			</report>
			<report>
				<misses>332000001</misses>
				<total>-13</total>
				<timestamp>2064.954354</timestamp>
			</report>
			<report>
				<misses>332100001</misses>
				<total>-13</total>
				<timestamp>2065.570964</timestamp>
			</report>
			<report>
				<misses>332200001</misses>
				<total>-13</total>
				<timestamp>2066.194536</timestamp>
			</report>
			<report>
				<misses>332300001</misses>
				<total>-13</total>
				<timestamp>2066.819060</timestamp>
			</report>
			<report>
				<misses>332400001</misses>
				<total>-13</total>
				<timestamp>2067.441270</timestamp>
			</report>
			<report>
				<misses>332500001</misses>
				<total>-13</total>
				<timestamp>2068.065570</timestamp>
			</report>
			<report>
				<misses>332600001</misses>
				<total>-13</total>
				<timestamp>2068.685710</timestamp>
			</report>
			<report>
				<misses>332700001</misses>
				<total>-13</total>
				<timestamp>2069.303314</timestamp>
			</report>
			<report>
				<misses>332800001</misses>
				<total>-13</total>
				<timestamp>2069.921213</timestamp>
			</report>
			<report>
				<misses>332900001</misses>
				<total>-13</total>
				<timestamp>2070.544742</timestamp>
			</report>
			<report>
				<misses>333000001</misses>
				<total>-13</total>
				<timestamp>2071.171465</timestamp>
			</report>
			<report>
				<misses>333100001</misses>
				<total>-13</total>
				<timestamp>2071.793471</timestamp>
			</report>
			<report>
				<misses>333200001</misses>
				<total>-13</total>
				<timestamp>2072.414788</timestamp>
			</report>
			<report>
				<misses>333300001</misses>
				<total>-13</total>
				<timestamp>2073.037840</timestamp>
			</report>
			<report>
				<misses>333400001</misses>
				<total>-13</total>
				<timestamp>2073.658302</timestamp>
			</report>
			<report>
				<misses>333500001</misses>
				<total>-13</total>
				<timestamp>2074.280484</timestamp>
			</report>
			<report>
				<misses>333600001</misses>
				<total>-13</total>
				<timestamp>2074.898399</timestamp>
			</report>
			<report>
				<misses>333700001</misses>
				<total>-13</total>
				<timestamp>2075.517659</timestamp>
			</report>
			<report>
				<misses>333800001</misses>
				<total>-13</total>
				<timestamp>2076.132491</timestamp>
			</report>
			<report>
				<misses>333900001</misses>
				<total>-13</total>
				<timestamp>2076.752858</timestamp>
			</report>
			<report>
				<misses>334000001</misses>
				<total>-13</total>
				<timestamp>2077.369987</timestamp>
			</report>
			<report>
				<misses>334100001</misses>
				<total>-13</total>
				<timestamp>2077.989288</timestamp>
			</report>
			<report>
				<misses>334200001</misses>
				<total>-13</total>
				<timestamp>2078.601773</timestamp>
			</report>
			<report>
				<misses>334300001</misses>
				<total>-13</total>
				<timestamp>2079.224314</timestamp>
			</report>
			<report>
				<misses>334400001</misses>
				<total>-13</total>
				<timestamp>2079.838573</timestamp>
			</report>
			<report>
				<misses>334500001</misses>
				<total>-13</total>
				<timestamp>2080.464480</timestamp>
			</report>
			<report>
				<misses>334600001</misses>
				<total>-13</total>
				<timestamp>2081.080316</timestamp>
			</report>
			<report>
				<misses>334700001</misses>
				<total>-13</total>
				<timestamp>2081.701048</timestamp>
			</report>
			<report>
				<misses>334800001</misses>
				<total>-13</total>
				<timestamp>2082.321903</timestamp>
			</report>
			<report>
				<misses>334900001</misses>
				<total>-13</total>
				<timestamp>2082.937789</timestamp>
			</report>
			<report>
				<misses>335000001</misses>
				<total>-13</total>
				<timestamp>2083.549051</timestamp>
			</report>
			<report>
				<misses>335100001</misses>
				<total>-13</total>
				<timestamp>2084.169256</timestamp>
			</report>
			<report>
				<misses>335200001</misses>
				<total>-13</total>
				<timestamp>2084.789242</timestamp>
			</report>
			<report>
				<misses>335300001</misses>
				<total>-13</total>
				<timestamp>2085.409013</timestamp>
			</report>
			<report>
				<misses>335400001</misses>
				<total>-13</total>
				<timestamp>2086.025221</timestamp>
			</report>
			<report>
				<misses>335500001</misses>
				<total>-13</total>
				<timestamp>2086.648179</timestamp>
			</report>
			<report>
				<misses>335600001</misses>
				<total>-13</total>
				<timestamp>2087.267339</timestamp>
			</report>
			<report>
				<misses>335700001</misses>
				<total>-13</total>
				<timestamp>2087.894007</timestamp>
			</report>
			<report>
				<misses>335800001</misses>
				<total>-13</total>
				<timestamp>2088.515248</timestamp>
			</report>
			<report>
				<misses>335900001</misses>
				<total>-13</total>
				<timestamp>2089.137056</timestamp>
			</report>
			<report>
				<misses>336000001</misses>
				<total>-13</total>
				<timestamp>2089.763067</timestamp>
			</report>
			<report>
				<misses>336100001</misses>
				<total>-13</total>
				<timestamp>2090.378789</timestamp>
			</report>
			<report>
				<misses>336200001</misses>
				<total>-13</total>
				<timestamp>2090.996164</timestamp>
			</report>
			<report>
				<misses>336300001</misses>
				<total>-13</total>
				<timestamp>2091.620647</timestamp>
			</report>
			<report>
				<misses>336400001</misses>
				<total>-13</total>
				<timestamp>2092.238151</timestamp>
			</report>
			<report>
				<misses>336500001</misses>
				<total>-13</total>
				<timestamp>2092.857845</timestamp>
			</report>
			<report>
				<misses>336600001</misses>
				<total>-13</total>
				<timestamp>2093.473170</timestamp>
			</report>
			<report>
				<misses>336700001</misses>
				<total>-13</total>
				<timestamp>2094.093495</timestamp>
			</report>
			<report>
				<misses>336800001</misses>
				<total>-13</total>
				<timestamp>2094.711929</timestamp>
			</report>
			<report>
				<misses>336900001</misses>
				<total>-13</total>
				<timestamp>2095.334226</timestamp>
			</report>
			<report>
				<misses>337000001</misses>
				<total>-13</total>
				<timestamp>2095.957850</timestamp>
			</report>
			<report>
				<misses>337100001</misses>
				<total>-13</total>
				<timestamp>2096.577442</timestamp>
			</report>
			<report>
				<misses>337200001</misses>
				<total>-13</total>
				<timestamp>2097.204979</timestamp>
			</report>
			<report>
				<misses>337300001</misses>
				<total>-13</total>
				<timestamp>2097.828884</timestamp>
			</report>
			<report>
				<misses>337400001</misses>
				<total>-13</total>
				<timestamp>2098.443657</timestamp>
			</report>
			<report>
				<misses>337500001</misses>
				<total>-13</total>
				<timestamp>2099.061834</timestamp>
			</report>
			<report>
				<misses>337600001</misses>
				<total>-13</total>
				<timestamp>2099.680246</timestamp>
			</report>
			<report>
				<misses>337700001</misses>
				<total>-13</total>
				<timestamp>2100.298053</timestamp>
			</report>
			<report>
				<misses>337800001</misses>
				<total>-13</total>
				<timestamp>2100.919572</timestamp>
			</report>
			<report>
				<misses>337900001</misses>
				<total>-13</total>
				<timestamp>2101.536053</timestamp>
			</report>
			<report>
				<misses>338000001</misses>
				<total>-13</total>
				<timestamp>2102.158068</timestamp>
			</report>
			<report>
				<misses>338100001</misses>
				<total>-13</total>
				<timestamp>2102.779473</timestamp>
			</report>
			<report>
				<misses>338200001</misses>
				<total>-13</total>
				<timestamp>2103.394899</timestamp>
			</report>
			<report>
				<misses>338300001</misses>
				<total>-13</total>
				<timestamp>2104.014761</timestamp>
			</report>
			<report>
				<misses>338400001</misses>
				<total>-13</total>
				<timestamp>2104.636268</timestamp>
			</report>
			<report>
				<misses>338500001</misses>
				<total>-13</total>
				<timestamp>2105.256991</timestamp>
			</report>
			<report>
				<misses>338600001</misses>
				<total>-13</total>
				<timestamp>2105.881376</timestamp>
			</report>
			<report>
				<misses>338700001</misses>
				<total>-13</total>
				<timestamp>2106.503330</timestamp>
			</report>
			<report>
				<misses>338800001</misses>
				<total>-13</total>
				<timestamp>2107.127343</timestamp>
			</report>
			<report>
				<misses>338900001</misses>
				<total>-13</total>
				<timestamp>2107.747295</timestamp>
			</report>
			<report>
				<misses>339000001</misses>
				<total>-13</total>
				<timestamp>2108.370992</timestamp>
			</report>
			<report>
				<misses>339100001</misses>
				<total>-13</total>
				<timestamp>2108.986714</timestamp>
			</report>
			<report>
				<misses>339200001</misses>
				<total>-13</total>
				<timestamp>2109.617292</timestamp>
			</report>
			<report>
				<misses>339300001</misses>
				<total>-13</total>
				<timestamp>2110.235216</timestamp>
			</report>
			<report>
				<misses>339400001</misses>
				<total>-13</total>
				<timestamp>2110.854412</timestamp>
			</report>
			<report>
				<misses>339500001</misses>
				<total>-13</total>
				<timestamp>2111.473209</timestamp>
			</report>
			<report>
				<misses>339600001</misses>
				<total>-13</total>
				<timestamp>2112.091763</timestamp>
			</report>
			<report>
				<misses>339700001</misses>
				<total>-13</total>
				<timestamp>2112.717654</timestamp>
			</report>
			<report>
				<misses>339800001</misses>
				<total>-13</total>
				<timestamp>2113.336194</timestamp>
			</report>
			<report>
				<misses>339900001</misses>
				<total>-13</total>
				<timestamp>2113.955369</timestamp>
			</report>
			<report>
				<misses>340000001</misses>
				<total>-13</total>
				<timestamp>2114.575719</timestamp>
			</report>
			<report>
				<misses>340100001</misses>
				<total>-13</total>
				<timestamp>2115.198761</timestamp>
			</report>
			<report>
				<misses>340200001</misses>
				<total>-13</total>
				<timestamp>2115.819372</timestamp>
			</report>
			<report>
				<misses>340300001</misses>
				<total>-13</total>
				<timestamp>2116.436496</timestamp>
			</report>
			<report>
				<misses>340400001</misses>
				<total>-13</total>
				<timestamp>2117.063951</timestamp>
			</report>
			<report>
				<misses>340500001</misses>
				<total>-13</total>
				<timestamp>2117.686079</timestamp>
			</report>
			<report>
				<misses>340600001</misses>
				<total>-13</total>
				<timestamp>2118.310435</timestamp>
			</report>
			<report>
				<misses>340700001</misses>
				<total>-13</total>
				<timestamp>2118.928847</timestamp>
			</report>
			<report>
				<misses>340800001</misses>
				<total>-13</total>
				<timestamp>2119.552015</timestamp>
			</report>
			<report>
				<misses>340900001</misses>
				<total>-13</total>
				<timestamp>2120.173547</timestamp>
			</report>
			<report>
				<misses>341000001</misses>
				<total>-13</total>
				<timestamp>2120.794915</timestamp>
			</report>
			<report>
				<misses>341100001</misses>
				<total>-13</total>
				<timestamp>2121.417206</timestamp>
			</report>
			<report>
				<misses>341200001</misses>
				<total>-13</total>
				<timestamp>2122.045034</timestamp>
			</report>
			<report>
				<misses>341300001</misses>
				<total>-13</total>
				<timestamp>2122.672226</timestamp>
			</report>
			<report>
				<misses>341400001</misses>
				<total>-13</total>
				<timestamp>2123.297315</timestamp>
			</report>
			<report>
				<misses>341500001</misses>
				<total>-13</total>
				<timestamp>2123.914188</timestamp>
			</report>
			<report>
				<misses>341600001</misses>
				<total>-13</total>
				<timestamp>2124.532713</timestamp>
			</report>
			<report>
				<misses>341700001</misses>
				<total>-13</total>
				<timestamp>2125.156572</timestamp>
			</report>
			<report>
				<misses>341800001</misses>
				<total>-13</total>
				<timestamp>2125.775083</timestamp>
			</report>
			<report>
				<misses>341900001</misses>
				<total>-13</total>
				<timestamp>2126.394266</timestamp>
			</report>
			<report>
				<misses>342000001</misses>
				<total>-13</total>
				<timestamp>2127.011530</timestamp>
			</report>
			<report>
				<misses>342100001</misses>
				<total>-13</total>
				<timestamp>2127.629787</timestamp>
			</report>
			<report>
				<misses>342200001</misses>
				<total>-13</total>
				<timestamp>2128.250586</timestamp>
			</report>
			<report>
				<misses>342300001</misses>
				<total>-13</total>
				<timestamp>2128.877594</timestamp>
			</report>
			<report>
				<misses>342400001</misses>
				<total>-13</total>
				<timestamp>2129.501438</timestamp>
			</report>
			<report>
				<misses>342500001</misses>
				<total>-13</total>
				<timestamp>2130.122421</timestamp>
			</report>
			<report>
				<misses>342600001</misses>
				<total>-13</total>
				<timestamp>2130.741103</timestamp>
			</report>
			<report>
				<misses>342700001</misses>
				<total>-13</total>
				<timestamp>2131.363556</timestamp>
			</report>
			<report>
				<misses>342800001</misses>
				<total>-13</total>
				<timestamp>2131.987471</timestamp>
			</report>
			<report>
				<misses>342900001</misses>
				<total>-13</total>
				<timestamp>2132.605874</timestamp>
			</report>
			<report>
				<misses>343000001</misses>
				<total>-13</total>
				<timestamp>2133.227927</timestamp>
			</report>
			<report>
				<misses>343100001</misses>
				<total>-13</total>
				<timestamp>2133.846922</timestamp>
			</report>
			<report>
				<misses>343200001</misses>
				<total>-13</total>
				<timestamp>2134.465207</timestamp>
			</report>
			<report>
				<misses>343300001</misses>
				<total>-13</total>
				<timestamp>2135.088813</timestamp>
			</report>
			<report>
				<misses>343400001</misses>
				<total>-13</total>
				<timestamp>2135.709139</timestamp>
			</report>
			<report>
				<misses>343500001</misses>
				<total>-13</total>
				<timestamp>2136.329071</timestamp>
			</report>
			<report>
				<misses>343600001</misses>
				<total>-13</total>
				<timestamp>2136.942940</timestamp>
			</report>
			<report>
				<misses>343700001</misses>
				<total>-13</total>
				<timestamp>2137.563321</timestamp>
			</report>
			<report>
				<misses>343800001</misses>
				<total>-13</total>
				<timestamp>2138.182084</timestamp>
			</report>
			<report>
				<misses>343900001</misses>
				<total>-13</total>
				<timestamp>2138.800218</timestamp>
			</report>
			<report>
				<misses>344000001</misses>
				<total>-13</total>
				<timestamp>2139.420166</timestamp>
			</report>
			<report>
				<misses>344100001</misses>
				<total>-13</total>
				<timestamp>2140.045437</timestamp>
			</report>
			<report>
				<misses>344200001</misses>
				<total>-13</total>
				<timestamp>2140.666812</timestamp>
			</report>
			<report>
				<misses>344300001</misses>
				<total>-13</total>
				<timestamp>2141.292972</timestamp>
			</report>
			<report>
				<misses>344400001</misses>
				<total>-13</total>
				<timestamp>2141.915371</timestamp>
			</report>
			<report>
				<misses>344500001</misses>
				<total>-13</total>
				<timestamp>2142.534534</timestamp>
			</report>
			<report>
				<misses>344600001</misses>
				<total>-13</total>
				<timestamp>2143.151392</timestamp>
			</report>
			<report>
				<misses>344700001</misses>
				<total>-13</total>
				<timestamp>2143.775925</timestamp>
			</report>
			<report>
				<misses>344800001</misses>
				<total>-13</total>
				<timestamp>2144.397678</timestamp>
			</report>
			<report>
				<misses>344900001</misses>
				<total>-13</total>
				<timestamp>2145.029296</timestamp>
			</report>
			<report>
				<misses>345000001</misses>
				<total>-13</total>
				<timestamp>2145.649157</timestamp>
			</report>
			<report>
				<misses>345100001</misses>
				<total>-13</total>
				<timestamp>2146.274100</timestamp>
			</report>
			<report>
				<misses>345200001</misses>
				<total>-13</total>
				<timestamp>2146.896554</timestamp>
			</report>
			<report>
				<misses>345300001</misses>
				<total>-13</total>
				<timestamp>2147.523037</timestamp>
			</report>
			<report>
				<misses>345400001</misses>
				<total>-13</total>
				<timestamp>2148.142863</timestamp>
			</report>
			<report>
				<misses>345500001</misses>
				<total>-13</total>
				<timestamp>2148.767367</timestamp>
			</report>
			<report>
				<misses>345600001</misses>
				<total>-13</total>
				<timestamp>2149.390456</timestamp>
			</report>
			<report>
				<misses>345700001</misses>
				<total>-13</total>
				<timestamp>2150.011544</timestamp>
			</report>
			<report>
				<misses>345800001</misses>
				<total>-13</total>
				<timestamp>2150.635385</timestamp>
			</report>
			<report>
				<misses>345900001</misses>
				<total>-13</total>
				<timestamp>2151.254319</timestamp>
			</report>
			<report>
				<misses>346000001</misses>
				<total>-13</total>
				<timestamp>2151.871903</timestamp>
			</report>
			<report>
				<misses>346100001</misses>
				<total>-13</total>
				<timestamp>2152.495465</timestamp>
			</report>
			<report>
				<misses>346200001</misses>
				<total>-13</total>
				<timestamp>2153.112459</timestamp>
			</report>
			<report>
				<misses>346300001</misses>
				<total>-13</total>
				<timestamp>2153.737183</timestamp>
			</report>
			<report>
				<misses>346400001</misses>
				<total>-13</total>
				<timestamp>2154.363884</timestamp>
			</report>
			<report>
				<misses>346500001</misses>
				<total>-13</total>
				<timestamp>2154.978789</timestamp>
			</report>
			<report>
				<misses>346600001</misses>
				<total>-13</total>
				<timestamp>2155.600044</timestamp>
			</report>
			<report>
				<misses>346700001</misses>
				<total>-13</total>
				<timestamp>2156.223638</timestamp>
			</report>
			<report>
				<misses>346800001</misses>
				<total>-13</total>
				<timestamp>2156.850566</timestamp>
			</report>
			<report>
				<misses>346900001</misses>
				<total>-13</total>
				<timestamp>2157.474436</timestamp>
			</report>
			<report>
				<misses>347000001</misses>
				<total>-13</total>
				<timestamp>2158.095820</timestamp>
			</report>
			<report>
				<misses>347100001</misses>
				<total>-13</total>
				<timestamp>2158.718761</timestamp>
			</report>
			<report>
				<misses>347200001</misses>
				<total>-13</total>
				<timestamp>2159.344655</timestamp>
			</report>
			<report>
				<misses>347300001</misses>
				<total>-13</total>
				<timestamp>2159.965658</timestamp>
			</report>
			<report>
				<misses>347400001</misses>
				<total>-13</total>
				<timestamp>2160.590898</timestamp>
			</report>
			<report>
				<misses>347500001</misses>
				<total>-13</total>
				<timestamp>2161.211766</timestamp>
			</report>
			<report>
				<misses>347600001</misses>
				<total>-13</total>
				<timestamp>2161.834426</timestamp>
			</report>
			<report>
				<misses>347700001</misses>
				<total>-13</total>
				<timestamp>2162.461370</timestamp>
			</report>
			<report>
				<misses>347800001</misses>
				<total>-13</total>
				<timestamp>2163.082221</timestamp>
			</report>
			<report>
				<misses>347900001</misses>
				<total>-13</total>
				<timestamp>2163.701791</timestamp>
			</report>
			<report>
				<misses>348000001</misses>
				<total>-13</total>
				<timestamp>2164.323428</timestamp>
			</report>
			<report>
				<misses>348100001</misses>
				<total>-13</total>
				<timestamp>2164.945181</timestamp>
			</report>
			<report>
				<misses>348200001</misses>
				<total>-13</total>
				<timestamp>2165.564251</timestamp>
			</report>
			<report>
				<misses>348300001</misses>
				<total>-13</total>
				<timestamp>2166.173775</timestamp>
			</report>
			<report>
				<misses>348400001</misses>
				<total>-13</total>
				<timestamp>2166.790894</timestamp>
			</report>
			<report>
				<misses>348500001</misses>
				<total>-13</total>
				<timestamp>2167.414716</timestamp>
			</report>
			<report>
				<misses>348600001</misses>
				<total>-13</total>
				<timestamp>2168.036973</timestamp>
			</report>
			<report>
				<misses>348700001</misses>
				<total>-13</total>
				<timestamp>2168.659411</timestamp>
			</report>
			<report>
				<misses>348800001</misses>
				<total>-13</total>
				<timestamp>2169.276758</timestamp>
			</report>
			<report>
				<misses>348900001</misses>
				<total>-13</total>
				<timestamp>2169.899633</timestamp>
			</report>
			<report>
				<misses>349000001</misses>
				<total>-13</total>
				<timestamp>2170.518506</timestamp>
			</report>
			<report>
				<misses>349100001</misses>
				<total>-13</total>
				<timestamp>2171.145278</timestamp>
			</report>
			<report>
				<misses>349200001</misses>
				<total>-13</total>
				<timestamp>2171.771889</timestamp>
			</report>
			<report>
				<misses>349300001</misses>
				<total>-13</total>
				<timestamp>2172.391181</timestamp>
			</report>
			<report>
				<misses>349400001</misses>
				<total>-13</total>
				<timestamp>2173.013607</timestamp>
			</report>
			<report>
				<misses>349500001</misses>
				<total>-13</total>
				<timestamp>2173.637184</timestamp>
			</report>
			<report>
				<misses>349600001</misses>
				<total>-13</total>
				<timestamp>2174.259986</timestamp>
			</report>
			<report>
				<misses>349700001</misses>
				<total>-13</total>
				<timestamp>2174.876454</timestamp>
			</report>
			<report>
				<misses>349800001</misses>
				<total>-13</total>
				<timestamp>2175.496398</timestamp>
			</report>
			<report>
				<misses>349900001</misses>
				<total>-13</total>
				<timestamp>2176.121795</timestamp>
			</report>
			<report>
				<misses>350000001</misses>
				<total>-13</total>
				<timestamp>2176.743426</timestamp>
			</report>
			<report>
				<misses>350100001</misses>
				<total>-13</total>
				<timestamp>2177.364022</timestamp>
			</report>
			<report>
				<misses>350200001</misses>
				<total>-13</total>
				<timestamp>2177.989006</timestamp>
			</report>
			<report>
				<misses>350300001</misses>
				<total>-13</total>
				<timestamp>2178.610513</timestamp>
			</report>
			<report>
				<misses>350400001</misses>
				<total>-13</total>
				<timestamp>2179.233956</timestamp>
			</report>
			<report>
				<misses>350500001</misses>
				<total>-13</total>
				<timestamp>2179.858448</timestamp>
			</report>
			<report>
				<misses>350600001</misses>
				<total>-13</total>
				<timestamp>2180.475428</timestamp>
			</report>
			<report>
				<misses>350700001</misses>
				<total>-13</total>
				<timestamp>2181.096169</timestamp>
			</report>
			<report>
				<misses>350800001</misses>
				<total>-13</total>
				<timestamp>2181.722950</timestamp>
			</report>
			<report>
				<misses>350900001</misses>
				<total>-13</total>
				<timestamp>2182.346797</timestamp>
			</report>
			<report>
				<misses>351000001</misses>
				<total>-13</total>
				<timestamp>2182.964536</timestamp>
			</report>
			<report>
				<misses>351100001</misses>
				<total>-13</total>
				<timestamp>2183.582178</timestamp>
			</report>
			<report>
				<misses>351200001</misses>
				<total>-13</total>
				<timestamp>2184.201245</timestamp>
			</report>
			<report>
				<misses>351300001</misses>
				<total>-13</total>
				<timestamp>2184.819010</timestamp>
			</report>
			<report>
				<misses>351400001</misses>
				<total>-13</total>
				<timestamp>2185.435609</timestamp>
			</report>
			<report>
				<misses>351500001</misses>
				<total>-13</total>
				<timestamp>2186.054267</timestamp>
			</report>
			<report>
				<misses>351600001</misses>
				<total>-13</total>
				<timestamp>2186.674615</timestamp>
			</report>
			<report>
				<misses>351700001</misses>
				<total>-13</total>
				<timestamp>2187.288587</timestamp>
			</report>
			<report>
				<misses>351800001</misses>
				<total>-13</total>
				<timestamp>2187.906095</timestamp>
			</report>
			<report>
				<misses>351900001</misses>
				<total>-13</total>
				<timestamp>2188.527083</timestamp>
			</report>
			<report>
				<misses>352000001</misses>
				<total>-13</total>
				<timestamp>2189.144984</timestamp>
			</report>
			<report>
				<misses>352100001</misses>
				<total>-13</total>
				<timestamp>2189.758879</timestamp>
			</report>
			<report>
				<misses>352200001</misses>
				<total>-13</total>
				<timestamp>2190.383220</timestamp>
			</report>
			<report>
				<misses>352300001</misses>
				<total>-13</total>
				<timestamp>2191.004743</timestamp>
			</report>
			<report>
				<misses>352400001</misses>
				<total>-13</total>
				<timestamp>2191.625061</timestamp>
			</report>
			<report>
				<misses>352500001</misses>
				<total>-13</total>
				<timestamp>2192.250044</timestamp>
			</report>
			<report>
				<misses>352600001</misses>
				<total>-13</total>
				<timestamp>2192.876350</timestamp>
			</report>
			<report>
				<misses>352700001</misses>
				<total>-13</total>
				<timestamp>2193.506105</timestamp>
			</report>
			<report>
				<misses>352800001</misses>
				<total>-13</total>
				<timestamp>2194.131984</timestamp>
			</report>
			<report>
				<misses>352900001</misses>
				<total>-13</total>
				<timestamp>2194.757895</timestamp>
			</report>
			<report>
				<misses>353000001</misses>
				<total>-13</total>
				<timestamp>2195.376553</timestamp>
			</report>
			<report>
				<misses>353100001</misses>
				<total>-13</total>
				<timestamp>2195.999997</timestamp>
			</report>
			<report>
				<misses>353200001</misses>
				<total>-13</total>
				<timestamp>2196.616610</timestamp>
			</report>
			<report>
				<misses>353300001</misses>
				<total>-13</total>
				<timestamp>2197.240168</timestamp>
			</report>
			<report>
				<misses>353400001</misses>
				<total>-13</total>
				<timestamp>2197.860638</timestamp>
			</report>
			<report>
				<misses>353500001</misses>
				<total>-13</total>
				<timestamp>2198.483176</timestamp>
			</report>
			<report>
				<misses>353600001</misses>
				<total>-13</total>
				<timestamp>2199.109855</timestamp>
			</report>
			<report>
				<misses>353700001</misses>
				<total>-13</total>
				<timestamp>2199.731891</timestamp>
			</report>
			<report>
				<misses>353800001</misses>
				<total>-13</total>
				<timestamp>2200.354548</timestamp>
			</report>
			<report>
				<misses>353900001</misses>
				<total>-13</total>
				<timestamp>2200.974408</timestamp>
			</report>
			<report>
				<misses>354000001</misses>
				<total>-13</total>
				<timestamp>2201.602644</timestamp>
			</report>
			<report>
				<misses>354100001</misses>
				<total>-13</total>
				<timestamp>2202.222622</timestamp>
			</report>
			<report>
				<misses>354200001</misses>
				<total>-13</total>
				<timestamp>2202.844261</timestamp>
			</report>
			<report>
				<misses>354300001</misses>
				<total>-13</total>
				<timestamp>2203.464045</timestamp>
			</report>
			<report>
				<misses>354400001</misses>
				<total>-13</total>
				<timestamp>2204.082601</timestamp>
			</report>
			<report>
				<misses>354500001</misses>
				<total>-13</total>
				<timestamp>2204.705520</timestamp>
			</report>
			<report>
				<misses>354600001</misses>
				<total>-13</total>
				<timestamp>2205.324969</timestamp>
			</report>
			<report>
				<misses>354700001</misses>
				<total>-13</total>
				<timestamp>2205.949560</timestamp>
			</report>
			<report>
				<misses>354800001</misses>
				<total>-13</total>
				<timestamp>2206.582794</timestamp>
			</report>
			<report>
				<misses>354900001</misses>
				<total>-13</total>
				<timestamp>2207.207904</timestamp>
			</report>
			<report>
				<misses>355000001</misses>
				<total>-13</total>
				<timestamp>2207.829678</timestamp>
			</report>
			<report>
				<misses>355100001</misses>
				<total>-13</total>
				<timestamp>2208.447976</timestamp>
			</report>
			<report>
				<misses>355200001</misses>
				<total>-13</total>
				<timestamp>2209.073980</timestamp>
			</report>
			<report>
				<misses>355300001</misses>
				<total>-13</total>
				<timestamp>2209.699093</timestamp>
			</report>
			<report>
				<misses>355400001</misses>
				<total>-13</total>
				<timestamp>2210.326407</timestamp>
			</report>
			<report>
				<misses>355500001</misses>
				<total>-13</total>
				<timestamp>2210.944297</timestamp>
			</report>
			<report>
				<misses>355600001</misses>
				<total>-13</total>
				<timestamp>2211.562728</timestamp>
			</report>
			<report>
				<misses>355700001</misses>
				<total>-13</total>
				<timestamp>2212.191456</timestamp>
			</report>
			<report>
				<misses>355800001</misses>
				<total>-13</total>
				<timestamp>2212.811665</timestamp>
			</report>
			<report>
				<misses>355900001</misses>
				<total>-13</total>
				<timestamp>2213.429695</timestamp>
			</report>
			<report>
				<misses>356000001</misses>
				<total>-13</total>
				<timestamp>2214.047067</timestamp>
			</report>
			<report>
				<misses>356100001</misses>
				<total>-13</total>
				<timestamp>2214.670393</timestamp>
			</report>
			<report>
				<misses>356200001</misses>
				<total>-13</total>
				<timestamp>2215.289047</timestamp>
			</report>
			<report>
				<misses>356300001</misses>
				<total>-13</total>
				<timestamp>2215.905650</timestamp>
			</report>
			<report>
				<misses>356400001</misses>
				<total>-13</total>
				<timestamp>2216.527944</timestamp>
			</report>
			<report>
				<misses>356500001</misses>
				<total>-13</total>
				<timestamp>2217.150235</timestamp>
			</report>
			<report>
				<misses>356600001</misses>
				<total>-13</total>
				<timestamp>2217.762306</timestamp>
			</report>
			<report>
				<misses>356700001</misses>
				<total>-13</total>
				<timestamp>2218.379578</timestamp>
			</report>
			<report>
				<misses>356800001</misses>
				<total>-13</total>
				<timestamp>2218.995626</timestamp>
			</report>
			<report>
				<misses>356900001</misses>
				<total>-13</total>
				<timestamp>2219.612779</timestamp>
			</report>
			<report>
				<misses>357000001</misses>
				<total>-13</total>
				<timestamp>2220.232242</timestamp>
			</report>
			<report>
				<misses>357100001</misses>
				<total>-13</total>
				<timestamp>2220.847044</timestamp>
			</report>
			<report>
				<misses>357200001</misses>
				<total>-13</total>
				<timestamp>2221.467666</timestamp>
			</report>
			<report>
				<misses>357300001</misses>
				<total>-13</total>
				<timestamp>2222.087516</timestamp>
			</report>
			<report>
				<misses>357400001</misses>
				<total>-13</total>
				<timestamp>2222.716863</timestamp>
			</report>
			<report>
				<misses>357500001</misses>
				<total>-13</total>
				<timestamp>2223.339404</timestamp>
			</report>
			<report>
				<misses>357600001</misses>
				<total>-13</total>
				<timestamp>2223.957823</timestamp>
			</report>
			<report>
				<misses>357700001</misses>
				<total>-13</total>
				<timestamp>2224.582887</timestamp>
			</report>
			<report>
				<misses>357800001</misses>
				<total>-13</total>
				<timestamp>2225.199349</timestamp>
			</report>
			<report>
				<misses>357900001</misses>
				<total>-13</total>
				<timestamp>2225.822025</timestamp>
			</report>
			<report>
				<misses>358000001</misses>
				<total>-13</total>
				<timestamp>2226.447640</timestamp>
			</report>
			<report>
				<misses>358100001</misses>
				<total>-13</total>
				<timestamp>2227.061329</timestamp>
			</report>
			<report>
				<misses>358200001</misses>
				<total>-13</total>
				<timestamp>2227.687151</timestamp>
			</report>
			<report>
				<misses>358300001</misses>
				<total>-13</total>
				<timestamp>2228.307877</timestamp>
			</report>
			<report>
				<misses>358400001</misses>
				<total>-13</total>
				<timestamp>2228.930795</timestamp>
			</report>
			<report>
				<misses>358500001</misses>
				<total>-13</total>
				<timestamp>2229.557363</timestamp>
			</report>
			<report>
				<misses>358600001</misses>
				<total>-13</total>
				<timestamp>2230.180670</timestamp>
			</report>
			<report>
				<misses>358700001</misses>
				<total>-13</total>
				<timestamp>2230.808382</timestamp>
			</report>
			<report>
				<misses>358800001</misses>
				<total>-13</total>
				<timestamp>2231.435311</timestamp>
			</report>
			<report>
				<misses>358900001</misses>
				<total>-13</total>
				<timestamp>2232.059004</timestamp>
			</report>
			<report>
				<misses>359000001</misses>
				<total>-13</total>
				<timestamp>2232.688369</timestamp>
			</report>
			<report>
				<misses>359100001</misses>
				<total>-13</total>
				<timestamp>2233.317494</timestamp>
			</report>
			<report>
				<misses>359200001</misses>
				<total>-13</total>
				<timestamp>2233.944916</timestamp>
			</report>
			<report>
				<misses>359300001</misses>
				<total>-13</total>
				<timestamp>2234.564117</timestamp>
			</report>
			<report>
				<misses>359400001</misses>
				<total>-13</total>
				<timestamp>2235.182518</timestamp>
			</report>
			<report>
				<misses>359500001</misses>
				<total>-13</total>
				<timestamp>2235.804539</timestamp>
			</report>
			<report>
				<misses>359600001</misses>
				<total>-13</total>
				<timestamp>2236.425016</timestamp>
			</report>
			<report>
				<misses>359700001</misses>
				<total>-13</total>
				<timestamp>2237.045488</timestamp>
			</report>
			<report>
				<misses>359800001</misses>
				<total>-13</total>
				<timestamp>2237.671256</timestamp>
			</report>
			<report>
				<misses>359900001</misses>
				<total>-13</total>
				<timestamp>2238.295349</timestamp>
			</report>
			<report>
				<misses>360000001</misses>
				<total>-13</total>
				<timestamp>2238.911193</timestamp>
			</report>
			<report>
				<misses>360100001</misses>
				<total>-13</total>
				<timestamp>2239.531913</timestamp>
			</report>
			<report>
				<misses>360200001</misses>
				<total>-13</total>
				<timestamp>2240.151994</timestamp>
			</report>
			<report>
				<misses>360300001</misses>
				<total>-13</total>
				<timestamp>2240.777630</timestamp>
			</report>
			<report>
				<misses>360400001</misses>
				<total>-13</total>
				<timestamp>2241.404414</timestamp>
			</report>
			<report>
				<misses>360500001</misses>
				<total>-13</total>
				<timestamp>2242.024387</timestamp>
			</report>
			<report>
				<misses>360600001</misses>
				<total>-13</total>
				<timestamp>2242.645244</timestamp>
			</report>
			<report>
				<misses>360700001</misses>
				<total>-13</total>
				<timestamp>2243.262997</timestamp>
			</report>
			<report>
				<misses>360800001</misses>
				<total>-13</total>
				<timestamp>2243.883866</timestamp>
			</report>
			<report>
				<misses>360900001</misses>
				<total>-13</total>
				<timestamp>2244.505376</timestamp>
			</report>
			<report>
				<misses>361000001</misses>
				<total>-13</total>
				<timestamp>2245.126109</timestamp>
			</report>
			<report>
				<misses>361100001</misses>
				<total>-13</total>
				<timestamp>2245.746447</timestamp>
			</report>
			<report>
				<misses>361200001</misses>
				<total>-13</total>
				<timestamp>2246.366672</timestamp>
			</report>
			<report>
				<misses>361300001</misses>
				<total>-13</total>
				<timestamp>2246.987787</timestamp>
			</report>
			<report>
				<misses>361400001</misses>
				<total>-13</total>
				<timestamp>2247.610693</timestamp>
			</report>
			<report>
				<misses>361500001</misses>
				<total>-13</total>
				<timestamp>2248.232618</timestamp>
			</report>
			<report>
				<misses>361600001</misses>
				<total>-13</total>
				<timestamp>2248.852673</timestamp>
			</report>
			<report>
				<misses>361700001</misses>
				<total>-13</total>
				<timestamp>2249.477673</timestamp>
			</report>
			<report>
				<misses>361800001</misses>
				<total>-13</total>
				<timestamp>2250.099312</timestamp>
			</report>
			<report>
				<misses>361900001</misses>
				<total>-13</total>
				<timestamp>2250.725211</timestamp>
			</report>
			<report>
				<misses>362000001</misses>
				<total>-13</total>
				<timestamp>2251.345937</timestamp>
			</report>
			<report>
				<misses>362100001</misses>
				<total>-13</total>
				<timestamp>2251.970800</timestamp>
			</report>
			<report>
				<misses>362200001</misses>
				<total>-13</total>
				<timestamp>2252.592056</timestamp>
			</report>
			<report>
				<misses>362300001</misses>
				<total>-13</total>
				<timestamp>2253.215097</timestamp>
			</report>
			<report>
				<misses>362400001</misses>
				<total>-13</total>
				<timestamp>2253.839690</timestamp>
			</report>
			<report>
				<misses>362500001</misses>
				<total>-13</total>
				<timestamp>2254.464173</timestamp>
			</report>
			<report>
				<misses>362600001</misses>
				<total>-13</total>
				<timestamp>2255.085924</timestamp>
			</report>
			<report>
				<misses>362700001</misses>
				<total>-13</total>
				<timestamp>2255.708603</timestamp>
			</report>
			<report>
				<misses>362800001</misses>
				<total>-13</total>
				<timestamp>2256.328732</timestamp>
			</report>
			<report>
				<misses>362900001</misses>
				<total>-13</total>
				<timestamp>2256.948807</timestamp>
			</report>
			<report>
				<misses>363000001</misses>
				<total>-13</total>
				<timestamp>2257.575049</timestamp>
			</report>
			<report>
				<misses>363100001</misses>
				<total>-13</total>
				<timestamp>2258.199531</timestamp>
			</report>
			<report>
				<misses>363200001</misses>
				<total>-13</total>
				<timestamp>2258.815530</timestamp>
			</report>
			<report>
				<misses>363300001</misses>
				<total>-13</total>
				<timestamp>2259.435875</timestamp>
			</report>
			<report>
				<misses>363400001</misses>
				<total>-13</total>
				<timestamp>2260.056096</timestamp>
			</report>
			<report>
				<misses>363500001</misses>
				<total>-13</total>
				<timestamp>2260.679919</timestamp>
			</report>
			<report>
				<misses>363600001</misses>
				<total>-13</total>
				<timestamp>2261.299273</timestamp>
			</report>
			<report>
				<misses>363700001</misses>
				<total>-13</total>
				<timestamp>2261.914188</timestamp>
			</report>
			<report>
				<misses>363800001</misses>
				<total>-13</total>
				<timestamp>2262.533898</timestamp>
			</report>
			<report>
				<misses>363900001</misses>
				<total>-13</total>
				<timestamp>2263.153324</timestamp>
			</report>
			<report>
				<misses>364000001</misses>
				<total>-13</total>
				<timestamp>2263.776506</timestamp>
			</report>
			<report>
				<misses>364100001</misses>
				<total>-13</total>
				<timestamp>2264.395699</timestamp>
			</report>
			<report>
				<misses>364200001</misses>
				<total>-13</total>
				<timestamp>2265.017852</timestamp>
			</report>
			<report>
				<misses>364300001</misses>
				<total>-13</total>
				<timestamp>2265.646841</timestamp>
			</report>
			<report>
				<misses>364400001</misses>
				<total>-13</total>
				<timestamp>2266.267826</timestamp>
			</report>
			<report>
				<misses>364500001</misses>
				<total>-13</total>
				<timestamp>2266.893328</timestamp>
			</report>
			<report>
				<misses>364600001</misses>
				<total>-13</total>
				<timestamp>2267.518013</timestamp>
			</report>
			<report>
				<misses>364700001</misses>
				<total>-13</total>
				<timestamp>2268.142351</timestamp>
			</report>
			<report>
				<misses>364800001</misses>
				<total>-13</total>
				<timestamp>2268.763472</timestamp>
			</report>
			<report>
				<misses>364900001</misses>
				<total>-13</total>
				<timestamp>2269.392967</timestamp>
			</report>
			<report>
				<misses>365000001</misses>
				<total>-13</total>
				<timestamp>2270.016031</timestamp>
			</report>
			<report>
				<misses>365100001</misses>
				<total>-13</total>
				<timestamp>2270.645273</timestamp>
			</report>
			<report>
				<misses>365200001</misses>
				<total>-13</total>
				<timestamp>2271.265646</timestamp>
			</report>
			<report>
				<misses>365300001</misses>
				<total>-13</total>
				<timestamp>2271.897181</timestamp>
			</report>
			<report>
				<misses>365400001</misses>
				<total>-13</total>
				<timestamp>2272.527198</timestamp>
			</report>
			<report>
				<misses>365500001</misses>
				<total>-13</total>
				<timestamp>2273.152828</timestamp>
			</report>
			<report>
				<misses>365600001</misses>
				<total>-13</total>
				<timestamp>2273.781950</timestamp>
			</report>
			<report>
				<misses>365700001</misses>
				<total>-13</total>
				<timestamp>2274.405010</timestamp>
			</report>
			<report>
				<misses>365800001</misses>
				<total>-13</total>
				<timestamp>2275.034653</timestamp>
			</report>
			<report>
				<misses>365900001</misses>
				<total>-13</total>
				<timestamp>2275.656537</timestamp>
			</report>
			<report>
				<misses>366000001</misses>
				<total>-13</total>
				<timestamp>2276.279728</timestamp>
			</report>
			<report>
				<misses>366100001</misses>
				<total>-13</total>
				<timestamp>2276.894920</timestamp>
			</report>
			<report>
				<misses>366200001</misses>
				<total>-13</total>
				<timestamp>2277.519117</timestamp>
			</report>
			<report>
				<misses>366300001</misses>
				<total>-13</total>
				<timestamp>2278.143082</timestamp>
			</report>
			<report>
				<misses>366400001</misses>
				<total>-13</total>
				<timestamp>2278.768466</timestamp>
			</report>
			<report>
				<misses>366500001</misses>
				<total>-13</total>
				<timestamp>2279.385067</timestamp>
			</report>
			<report>
				<misses>366600001</misses>
				<total>-13</total>
				<timestamp>2280.013676</timestamp>
			</report>
			<report>
				<misses>366700001</misses>
				<total>-13</total>
				<timestamp>2280.635296</timestamp>
			</report>
			<report>
				<misses>366800001</misses>
				<total>-13</total>
				<timestamp>2281.251643</timestamp>
			</report>
			<report>
				<misses>366900001</misses>
				<total>-13</total>
				<timestamp>2281.869173</timestamp>
			</report>
			<report>
				<misses>367000001</misses>
				<total>-13</total>
				<timestamp>2282.482165</timestamp>
			</report>
			<report>
				<misses>367100001</misses>
				<total>-13</total>
				<timestamp>2283.103451</timestamp>
			</report>
			<report>
				<misses>367200001</misses>
				<total>-13</total>
				<timestamp>2283.724225</timestamp>
			</report>
			<report>
				<misses>367300001</misses>
				<total>-13</total>
				<timestamp>2284.345770</timestamp>
			</report>
			<report>
				<misses>367400001</misses>
				<total>-13</total>
				<timestamp>2284.968371</timestamp>
			</report>
			<report>
				<misses>367500001</misses>
				<total>-13</total>
				<timestamp>2285.587838</timestamp>
			</report>
			<report>
				<misses>367600001</misses>
				<total>-13</total>
				<timestamp>2286.210675</timestamp>
			</report>
			<report>
				<misses>367700001</misses>
				<total>-13</total>
				<timestamp>2286.831808</timestamp>
			</report>
			<report>
				<misses>367800001</misses>
				<total>-13</total>
				<timestamp>2287.457860</timestamp>
			</report>
			<report>
				<misses>367900001</misses>
				<total>-13</total>
				<timestamp>2288.086470</timestamp>
			</report>
			<report>
				<misses>368000001</misses>
				<total>-13</total>
				<timestamp>2288.708756</timestamp>
			</report>
			<report>
				<misses>368100001</misses>
				<total>-13</total>
				<timestamp>2289.327296</timestamp>
			</report>
			<report>
				<misses>368200001</misses>
				<total>-13</total>
				<timestamp>2289.954083</timestamp>
			</report>
			<report>
				<misses>368300001</misses>
				<total>-13</total>
				<timestamp>2290.576367</timestamp>
			</report>
			<report>
				<misses>368400001</misses>
				<total>-13</total>
				<timestamp>2291.198768</timestamp>
			</report>
			<report>
				<misses>368500001</misses>
				<total>-13</total>
				<timestamp>2291.830715</timestamp>
			</report>
			<report>
				<misses>368600001</misses>
				<total>-13</total>
				<timestamp>2292.456614</timestamp>
			</report>
			<report>
				<misses>368700001</misses>
				<total>-13</total>
				<timestamp>2293.077037</timestamp>
			</report>
			<report>
				<misses>368800001</misses>
				<total>-13</total>
				<timestamp>2293.695174</timestamp>
			</report>
			<report>
				<misses>368900001</misses>
				<total>-13</total>
				<timestamp>2294.318494</timestamp>
			</report>
			<report>
				<misses>369000001</misses>
				<total>-13</total>
				<timestamp>2294.941805</timestamp>
			</report>
			<report>
				<misses>369100001</misses>
				<total>-13</total>
				<timestamp>2295.562656</timestamp>
			</report>
			<report>
				<misses>369200001</misses>
				<total>-13</total>
				<timestamp>2296.186175</timestamp>
			</report>
			<report>
				<misses>369300001</misses>
				<total>-13</total>
				<timestamp>2296.809736</timestamp>
			</report>
			<report>
				<misses>369400001</misses>
				<total>-13</total>
				<timestamp>2297.436058</timestamp>
			</report>
			<report>
				<misses>369500001</misses>
				<total>-13</total>
				<timestamp>2298.054757</timestamp>
			</report>
			<report>
				<misses>369600001</misses>
				<total>-13</total>
				<timestamp>2298.677327</timestamp>
			</report>
			<report>
				<misses>369700001</misses>
				<total>-13</total>
				<timestamp>2299.296643</timestamp>
			</report>
			<report>
				<misses>369800001</misses>
				<total>-13</total>
				<timestamp>2299.912871</timestamp>
			</report>
			<report>
				<misses>369900001</misses>
				<total>-13</total>
				<timestamp>2300.538121</timestamp>
			</report>
			<report>
				<misses>370000001</misses>
				<total>-13</total>
				<timestamp>2301.158260</timestamp>
			</report>
			<report>
				<misses>370100001</misses>
				<total>-13</total>
				<timestamp>2301.777576</timestamp>
			</report>
			<report>
				<misses>370200001</misses>
				<total>-13</total>
				<timestamp>2302.402813</timestamp>
			</report>
			<report>
				<misses>370300001</misses>
				<total>-13</total>
				<timestamp>2303.026181</timestamp>
			</report>
			<report>
				<misses>370400001</misses>
				<total>-13</total>
				<timestamp>2303.653478</timestamp>
			</report>
			<report>
				<misses>370500001</misses>
				<total>-13</total>
				<timestamp>2304.278130</timestamp>
			</report>
			<report>
				<misses>370600001</misses>
				<total>-13</total>
				<timestamp>2304.896651</timestamp>
			</report>
			<report>
				<misses>370700001</misses>
				<total>-13</total>
				<timestamp>2305.522471</timestamp>
			</report>
			<report>
				<misses>370800001</misses>
				<total>-13</total>
				<timestamp>2306.146294</timestamp>
			</report>
			<report>
				<misses>370900001</misses>
				<total>-13</total>
				<timestamp>2306.768050</timestamp>
			</report>
			<report>
				<misses>371000001</misses>
				<total>-13</total>
				<timestamp>2307.387369</timestamp>
			</report>
			<report>
				<misses>371100001</misses>
				<total>-13</total>
				<timestamp>2308.014115</timestamp>
			</report>
			<report>
				<misses>371200001</misses>
				<total>-13</total>
				<timestamp>2308.638485</timestamp>
			</report>
			<report>
				<misses>371300001</misses>
				<total>-13</total>
				<timestamp>2309.267339</timestamp>
			</report>
			<report>
				<misses>371400001</misses>
				<total>-13</total>
				<timestamp>2309.891059</timestamp>
			</report>
			<report>
				<misses>371500001</misses>
				<total>-13</total>
				<timestamp>2310.508074</timestamp>
			</report>
			<report>
				<misses>371600001</misses>
				<total>-13</total>
				<timestamp>2311.128685</timestamp>
			</report>
			<report>
				<misses>371700001</misses>
				<total>-13</total>
				<timestamp>2311.752002</timestamp>
			</report>
			<report>
				<misses>371800001</misses>
				<total>-13</total>
				<timestamp>2312.375112</timestamp>
			</report>
			<report>
				<misses>371900001</misses>
				<total>-13</total>
				<timestamp>2313.001213</timestamp>
			</report>
			<report>
				<misses>372000001</misses>
				<total>-13</total>
				<timestamp>2313.627178</timestamp>
			</report>
			<report>
				<misses>372100001</misses>
				<total>-13</total>
				<timestamp>2314.244951</timestamp>
			</report>
			<report>
				<misses>372200001</misses>
				<total>-13</total>
				<timestamp>2314.872448</timestamp>
			</report>
			<report>
				<misses>372300001</misses>
				<total>-13</total>
				<timestamp>2315.502441</timestamp>
			</report>
			<report>
				<misses>372400001</misses>
				<total>-13</total>
				<timestamp>2316.133230</timestamp>
			</report>
			<report>
				<misses>372500001</misses>
				<total>-13</total>
				<timestamp>2316.758223</timestamp>
			</report>
			<report>
				<misses>372600001</misses>
				<total>-13</total>
				<timestamp>2317.379598</timestamp>
			</report>
			<report>
				<misses>372700001</misses>
				<total>-13</total>
				<timestamp>2318.001074</timestamp>
			</report>
			<report>
				<misses>372800001</misses>
				<total>-13</total>
				<timestamp>2318.628563</timestamp>
			</report>
			<report>
				<misses>372900001</misses>
				<total>-13</total>
				<timestamp>2319.255811</timestamp>
			</report>
			<report>
				<misses>373000001</misses>
				<total>-13</total>
				<timestamp>2319.879901</timestamp>
			</report>
			<report>
				<misses>373100001</misses>
				<total>-13</total>
				<timestamp>2320.496629</timestamp>
			</report>
			<report>
				<misses>373200001</misses>
				<total>-13</total>
				<timestamp>2321.119949</timestamp>
			</report>
			<report>
				<misses>373300001</misses>
				<total>-13</total>
				<timestamp>2321.743135</timestamp>
			</report>
			<report>
				<misses>373400001</misses>
				<total>-13</total>
				<timestamp>2322.366834</timestamp>
			</report>
			<report>
				<misses>373500001</misses>
				<total>-13</total>
				<timestamp>2322.989763</timestamp>
			</report>
			<report>
				<misses>373600001</misses>
				<total>-13</total>
				<timestamp>2323.609442</timestamp>
			</report>
			<report>
				<misses>373700001</misses>
				<total>-13</total>
				<timestamp>2324.229058</timestamp>
			</report>
			<report>
				<misses>373800001</misses>
				<total>-13</total>
				<timestamp>2324.848298</timestamp>
			</report>
			<report>
				<misses>373900001</misses>
				<total>-13</total>
				<timestamp>2325.467859</timestamp>
			</report>
			<report>
				<misses>374000001</misses>
				<total>-13</total>
				<timestamp>2326.085352</timestamp>
			</report>
			<report>
				<misses>374100001</misses>
				<total>-13</total>
				<timestamp>2326.702647</timestamp>
			</report>
			<report>
				<misses>374200001</misses>
				<total>-13</total>
				<timestamp>2327.326465</timestamp>
			</report>
			<report>
				<misses>374300001</misses>
				<total>-13</total>
				<timestamp>2327.947438</timestamp>
			</report>
			<report>
				<misses>374400001</misses>
				<total>-13</total>
				<timestamp>2328.571069</timestamp>
			</report>
			<report>
				<misses>374500001</misses>
				<total>-13</total>
				<timestamp>2329.191790</timestamp>
			</report>
			<report>
				<misses>374600001</misses>
				<total>-13</total>
				<timestamp>2329.819571</timestamp>
			</report>
			<report>
				<misses>374700001</misses>
				<total>-13</total>
				<timestamp>2330.442873</timestamp>
			</report>
			<report>
				<misses>374800001</misses>
				<total>-13</total>
				<timestamp>2331.068905</timestamp>
			</report>
			<report>
				<misses>374900001</misses>
				<total>-13</total>
				<timestamp>2331.692591</timestamp>
			</report>
			<report>
				<misses>375000001</misses>
				<total>-13</total>
				<timestamp>2332.318478</timestamp>
			</report>
			<report>
				<misses>375100001</misses>
				<total>-13</total>
				<timestamp>2332.939870</timestamp>
			</report>
			<report>
				<misses>375200001</misses>
				<total>-13</total>
				<timestamp>2333.564983</timestamp>
			</report>
			<report>
				<misses>375300001</misses>
				<total>-13</total>
				<timestamp>2334.189595</timestamp>
			</report>
			<report>
				<misses>375400001</misses>
				<total>-13</total>
				<timestamp>2334.815103</timestamp>
			</report>
			<report>
				<misses>375500001</misses>
				<total>-13</total>
				<timestamp>2335.438544</timestamp>
			</report>
			<report>
				<misses>375600001</misses>
				<total>-13</total>
				<timestamp>2336.062628</timestamp>
			</report>
			<report>
				<misses>375700001</misses>
				<total>-13</total>
				<timestamp>2336.681817</timestamp>
			</report>
			<report>
				<misses>375800001</misses>
				<total>-13</total>
				<timestamp>2337.306799</timestamp>
			</report>
			<report>
				<misses>375900001</misses>
				<total>-13</total>
				<timestamp>2337.921222</timestamp>
			</report>
			<report>
				<misses>376000001</misses>
				<total>-13</total>
				<timestamp>2338.539752</timestamp>
			</report>
			<report>
				<misses>376100001</misses>
				<total>-13</total>
				<timestamp>2339.160737</timestamp>
			</report>
			<report>
				<misses>376200001</misses>
				<total>-13</total>
				<timestamp>2339.783020</timestamp>
			</report>
			<report>
				<misses>376300001</misses>
				<total>-13</total>
				<timestamp>2340.406759</timestamp>
			</report>
			<report>
				<misses>376400001</misses>
				<total>-13</total>
				<timestamp>2341.025690</timestamp>
			</report>
			<report>
				<misses>376500001</misses>
				<total>-13</total>
				<timestamp>2341.646467</timestamp>
			</report>
			<report>
				<misses>376600001</misses>
				<total>-13</total>
				<timestamp>2342.262014</timestamp>
			</report>
			<report>
				<misses>376700001</misses>
				<total>-13</total>
				<timestamp>2342.881312</timestamp>
			</report>
			<report>
				<misses>376800001</misses>
				<total>-13</total>
				<timestamp>2343.504226</timestamp>
			</report>
			<report>
				<misses>376900001</misses>
				<total>-13</total>
				<timestamp>2344.120830</timestamp>
			</report>
			<report>
				<misses>377000001</misses>
				<total>-13</total>
				<timestamp>2344.745439</timestamp>
			</report>
			<report>
				<misses>377100001</misses>
				<total>-13</total>
				<timestamp>2345.366188</timestamp>
			</report>
			<report>
				<misses>377200001</misses>
				<total>-13</total>
				<timestamp>2345.990793</timestamp>
			</report>
			<report>
				<misses>377300001</misses>
				<total>-13</total>
				<timestamp>2346.618754</timestamp>
			</report>
			<report>
				<misses>377400001</misses>
				<total>-13</total>
				<timestamp>2347.242587</timestamp>
			</report>
			<report>
				<misses>377500001</misses>
				<total>-13</total>
				<timestamp>2347.865151</timestamp>
			</report>
			<report>
				<misses>377600001</misses>
				<total>-13</total>
				<timestamp>2348.492833</timestamp>
			</report>
			<report>
				<misses>377700001</misses>
				<total>-13</total>
				<timestamp>2349.114464</timestamp>
			</report>
			<report>
				<misses>377800001</misses>
				<total>-13</total>
				<timestamp>2349.738575</timestamp>
			</report>
			<report>
				<misses>377900001</misses>
				<total>-13</total>
				<timestamp>2350.365536</timestamp>
			</report>
			<report>
				<misses>378000001</misses>
				<total>-13</total>
				<timestamp>2350.984093</timestamp>
			</report>
			<report>
				<misses>378100001</misses>
				<total>-13</total>
				<timestamp>2351.610935</timestamp>
			</report>
			<report>
				<misses>378200001</misses>
				<total>-13</total>
				<timestamp>2352.239220</timestamp>
			</report>
			<report>
				<misses>378300001</misses>
				<total>-13</total>
				<timestamp>2352.862463</timestamp>
			</report>
			<report>
				<misses>378400001</misses>
				<total>-13</total>
				<timestamp>2353.486015</timestamp>
			</report>
			<report>
				<misses>378500001</misses>
				<total>-13</total>
				<timestamp>2354.119124</timestamp>
			</report>
			<report>
				<misses>378600001</misses>
				<total>-13</total>
				<timestamp>2354.749117</timestamp>
			</report>
			<report>
				<misses>378700001</misses>
				<total>-13</total>
				<timestamp>2355.373936</timestamp>
			</report>
			<report>
				<misses>378800001</misses>
				<total>-13</total>
				<timestamp>2355.998915</timestamp>
			</report>
			<report>
				<misses>378900001</misses>
				<total>-13</total>
				<timestamp>2356.629061</timestamp>
			</report>
			<report>
				<misses>379000001</misses>
				<total>-13</total>
				<timestamp>2357.255491</timestamp>
			</report>
			<report>
				<misses>379100001</misses>
				<total>-13</total>
				<timestamp>2357.879063</timestamp>
			</report>
			<report>
				<misses>379200001</misses>
				<total>-13</total>
				<timestamp>2358.502484</timestamp>
			</report>
			<report>
				<misses>379300001</misses>
				<total>-13</total>
				<timestamp>2359.125278</timestamp>
			</report>
			<report>
				<misses>379400001</misses>
				<total>-13</total>
				<timestamp>2359.749070</timestamp>
			</report>
			<report>
				<misses>379500001</misses>
				<total>-13</total>
				<timestamp>2360.371366</timestamp>
			</report>
			<report>
				<misses>379600001</misses>
				<total>-13</total>
				<timestamp>2360.984673</timestamp>
			</report>
			<report>
				<misses>379700001</misses>
				<total>-13</total>
				<timestamp>2361.605668</timestamp>
			</report>
			<report>
				<misses>379800001</misses>
				<total>-13</total>
				<timestamp>2362.224599</timestamp>
			</report>
			<report>
				<misses>379900001</misses>
				<total>-13</total>
				<timestamp>2362.846228</timestamp>
			</report>
			<report>
				<misses>380000001</misses>
				<total>-13</total>
				<timestamp>2363.468918</timestamp>
			</report>
			<report>
				<misses>380100001</misses>
				<total>-13</total>
				<timestamp>2364.093015</timestamp>
			</report>
			<report>
				<misses>380200001</misses>
				<total>-13</total>
				<timestamp>2364.712836</timestamp>
			</report>
			<report>
				<misses>380300001</misses>
				<total>-13</total>
				<timestamp>2365.337062</timestamp>
			</report>
			<report>
				<misses>380400001</misses>
				<total>-13</total>
				<timestamp>2365.961278</timestamp>
			</report>
			<report>
				<misses>380500001</misses>
				<total>-13</total>
				<timestamp>2366.580938</timestamp>
			</report>
			<report>
				<misses>380600001</misses>
				<total>-13</total>
				<timestamp>2367.196375</timestamp>
			</report>
			<report>
				<misses>380700001</misses>
				<total>-13</total>
				<timestamp>2367.818906</timestamp>
			</report>
			<report>
				<misses>380800001</misses>
				<total>-13</total>
				<timestamp>2368.436823</timestamp>
			</report>
			<report>
				<misses>380900001</misses>
				<total>-13</total>
				<timestamp>2369.059500</timestamp>
			</report>
			<report>
				<misses>381000001</misses>
				<total>-13</total>
				<timestamp>2369.688876</timestamp>
			</report>
			<report>
				<misses>381100001</misses>
				<total>-13</total>
				<timestamp>2370.310394</timestamp>
			</report>
			<report>
				<misses>381200001</misses>
				<total>-13</total>
				<timestamp>2370.929553</timestamp>
			</report>
			<report>
				<misses>381300001</misses>
				<total>-13</total>
				<timestamp>2371.556877</timestamp>
			</report>
			<report>
				<misses>381400001</misses>
				<total>-13</total>
				<timestamp>2372.180185</timestamp>
			</report>
			<report>
				<misses>381500001</misses>
				<total>-13</total>
				<timestamp>2372.807328</timestamp>
			</report>
			<report>
				<misses>381600001</misses>
				<total>-13</total>
				<timestamp>2373.427054</timestamp>
			</report>
			<report>
				<misses>381700001</misses>
				<total>-13</total>
				<timestamp>2374.047213</timestamp>
			</report>
			<report>
				<misses>381800001</misses>
				<total>-13</total>
				<timestamp>2374.662923</timestamp>
			</report>
			<report>
				<misses>381900001</misses>
				<total>-13</total>
				<timestamp>2375.283543</timestamp>
			</report>
			<report>
				<misses>382000001</misses>
				<total>-13</total>
				<timestamp>2375.901099</timestamp>
			</report>
			<report>
				<misses>382100001</misses>
				<total>-13</total>
				<timestamp>2376.528275</timestamp>
			</report>
			<report>
				<misses>382200001</misses>
				<total>-13</total>
				<timestamp>2377.150138</timestamp>
			</report>
			<report>
				<misses>382300001</misses>
				<total>-13</total>
				<timestamp>2377.772137</timestamp>
			</report>
			<report>
				<misses>382400001</misses>
				<total>-13</total>
				<timestamp>2378.392236</timestamp>
			</report>
			<report>
				<misses>382500001</misses>
				<total>-13</total>
				<timestamp>2379.017763</timestamp>
			</report>
			<report>
				<misses>382600001</misses>
				<total>-13</total>
				<timestamp>2379.643518</timestamp>
			</report>
			<report>
				<misses>382700001</misses>
				<total>-13</total>
				<timestamp>2380.266783</timestamp>
			</report>
			<report>
				<misses>382800001</misses>
				<total>-13</total>
				<timestamp>2380.898465</timestamp>
			</report>
			<report>
				<misses>382900001</misses>
				<total>-13</total>
				<timestamp>2381.520352</timestamp>
			</report>
			<report>
				<misses>383000001</misses>
				<total>-13</total>
				<timestamp>2382.136804</timestamp>
			</report>
			<report>
				<misses>383100001</misses>
				<total>-13</total>
				<timestamp>2382.756748</timestamp>
			</report>
			<report>
				<misses>383200001</misses>
				<total>-13</total>
				<timestamp>2383.382380</timestamp>
			</report>
			<report>
				<misses>383300001</misses>
				<total>-13</total>
				<timestamp>2383.999124</timestamp>
			</report>
			<report>
				<misses>383400001</misses>
				<total>-13</total>
				<timestamp>2384.615219</timestamp>
			</report>
			<report>
				<misses>383500001</misses>
				<total>-13</total>
				<timestamp>2385.232970</timestamp>
			</report>
			<report>
				<misses>383600001</misses>
				<total>-13</total>
				<timestamp>2385.852321</timestamp>
			</report>
			<report>
				<misses>383700001</misses>
				<total>-13</total>
				<timestamp>2386.468642</timestamp>
			</report>
			<report>
				<misses>383800001</misses>
				<total>-13</total>
				<timestamp>2387.087175</timestamp>
			</report>
			<report>
				<misses>383900001</misses>
				<total>-13</total>
				<timestamp>2387.706220</timestamp>
			</report>
			<report>
				<misses>384000001</misses>
				<total>-13</total>
				<timestamp>2388.325806</timestamp>
			</report>
			<report>
				<misses>384100001</misses>
				<total>-13</total>
				<timestamp>2388.947426</timestamp>
			</report>
			<report>
				<misses>384200001</misses>
				<total>-13</total>
				<timestamp>2389.571128</timestamp>
			</report>
			<report>
				<misses>384300001</misses>
				<total>-13</total>
				<timestamp>2390.196901</timestamp>
			</report>
			<report>
				<misses>384400001</misses>
				<total>-13</total>
				<timestamp>2390.819692</timestamp>
			</report>
			<report>
				<misses>384500001</misses>
				<total>-13</total>
				<timestamp>2391.440300</timestamp>
			</report>
			<report>
				<misses>384600001</misses>
				<total>-13</total>
				<timestamp>2392.061417</timestamp>
			</report>
			<report>
				<misses>384700001</misses>
				<total>-13</total>
				<timestamp>2392.685509</timestamp>
			</report>
			<report>
				<misses>384800001</misses>
				<total>-13</total>
				<timestamp>2393.309344</timestamp>
			</report>
			<report>
				<misses>384900001</misses>
				<total>-13</total>
				<timestamp>2393.932373</timestamp>
			</report>
			<report>
				<misses>385000001</misses>
				<total>-13</total>
				<timestamp>2394.559822</timestamp>
			</report>
			<report>
				<misses>385100001</misses>
				<total>-13</total>
				<timestamp>2395.194356</timestamp>
			</report>
			<report>
				<misses>385200001</misses>
				<total>-13</total>
				<timestamp>2395.820760</timestamp>
			</report>
			<report>
				<misses>385300001</misses>
				<total>-13</total>
				<timestamp>2396.441892</timestamp>
			</report>
			<report>
				<misses>385400001</misses>
				<total>-13</total>
				<timestamp>2397.071145</timestamp>
			</report>
			<report>
				<misses>385500001</misses>
				<total>-13</total>
				<timestamp>2397.696507</timestamp>
			</report>
			<report>
				<misses>385600001</misses>
				<total>-13</total>
				<timestamp>2398.321501</timestamp>
			</report>
			<report>
				<misses>385700001</misses>
				<total>-13</total>
				<timestamp>2398.939257</timestamp>
			</report>
			<report>
				<misses>385800001</misses>
				<total>-13</total>
				<timestamp>2399.559326</timestamp>
			</report>
			<report>
				<misses>385900001</misses>
				<total>-13</total>
				<timestamp>2400.182649</timestamp>
			</report>
			<report>
				<misses>386000001</misses>
				<total>-13</total>
				<timestamp>2400.809188</timestamp>
			</report>
			<report>
				<misses>386100001</misses>
				<total>-13</total>
				<timestamp>2401.433381</timestamp>
			</report>
			<report>
				<misses>386200001</misses>
				<total>-13</total>
				<timestamp>2402.060950</timestamp>
			</report>
			<report>
				<misses>386300001</misses>
				<total>-13</total>
				<timestamp>2402.688015</timestamp>
			</report>
			<report>
				<misses>386400001</misses>
				<total>-13</total>
				<timestamp>2403.313773</timestamp>
			</report>
			<report>
				<misses>386500001</misses>
				<total>-13</total>
				<timestamp>2403.939014</timestamp>
			</report>
			<report>
				<misses>386600001</misses>
				<total>-13</total>
				<timestamp>2404.562730</timestamp>
			</report>
			<report>
				<misses>386700001</misses>
				<total>-13</total>
				<timestamp>2405.186543</timestamp>
			</report>
			<report>
				<misses>386800001</misses>
				<total>-13</total>
				<timestamp>2405.812194</timestamp>
			</report>
			<report>
				<misses>386900001</misses>
				<total>-13</total>
				<timestamp>2406.431095</timestamp>
			</report>
			<report>
				<misses>387000001</misses>
				<total>-13</total>
				<timestamp>2407.044483</timestamp>
			</report>
			<report>
				<misses>387100001</misses>
				<total>-13</total>
				<timestamp>2407.669208</timestamp>
			</report>
			<report>
				<misses>387200001</misses>
				<total>-13</total>
				<timestamp>2408.291876</timestamp>
			</report>
			<report>
				<misses>387300001</misses>
				<total>-13</total>
				<timestamp>2408.912098</timestamp>
			</report>
			<report>
				<misses>387400001</misses>
				<total>-13</total>
				<timestamp>2409.537350</timestamp>
			</report>
			<report>
				<misses>387500001</misses>
				<total>-13</total>
				<timestamp>2410.151887</timestamp>
			</report>
			<report>
				<misses>387600001</misses>
				<total>-13</total>
				<timestamp>2410.768101</timestamp>
			</report>
			<report>
				<misses>387700001</misses>
				<total>-13</total>
				<timestamp>2411.390128</timestamp>
			</report>
			<report>
				<misses>387800001</misses>
				<total>-13</total>
				<timestamp>2412.012407</timestamp>
			</report>
			<report>
				<misses>387900001</misses>
				<total>-13</total>
				<timestamp>2412.635354</timestamp>
			</report>
			<report>
				<misses>388000001</misses>
				<total>-13</total>
				<timestamp>2413.257994</timestamp>
			</report>
			<report>
				<misses>388100001</misses>
				<total>-13</total>
				<timestamp>2413.884280</timestamp>
			</report>
			<report>
				<misses>388200001</misses>
				<total>-13</total>
				<timestamp>2414.504883</timestamp>
			</report>
			<report>
				<misses>388300001</misses>
				<total>-13</total>
				<timestamp>2415.122524</timestamp>
			</report>
			<report>
				<misses>388400001</misses>
				<total>-13</total>
				<timestamp>2415.748140</timestamp>
			</report>
			<report>
				<misses>388500001</misses>
				<total>-13</total>
				<timestamp>2416.366872</timestamp>
			</report>
			<report>
				<misses>388600001</misses>
				<total>-13</total>
				<timestamp>2416.986547</timestamp>
			</report>
			<report>
				<misses>388700001</misses>
				<total>-13</total>
				<timestamp>2417.607000</timestamp>
			</report>
			<report>
				<misses>388800001</misses>
				<total>-13</total>
				<timestamp>2418.228991</timestamp>
			</report>
			<report>
				<misses>388900001</misses>
				<total>-13</total>
				<timestamp>2418.853358</timestamp>
			</report>
			<report>
				<misses>389000001</misses>
				<total>-13</total>
				<timestamp>2419.472405</timestamp>
			</report>
			<report>
				<misses>389100001</misses>
				<total>-13</total>
				<timestamp>2420.096640</timestamp>
			</report>
			<report>
				<misses>389200001</misses>
				<total>-13</total>
				<timestamp>2420.719106</timestamp>
			</report>
			<report>
				<misses>389300001</misses>
				<total>-13</total>
				<timestamp>2421.342695</timestamp>
			</report>
			<report>
				<misses>389400001</misses>
				<total>-13</total>
				<timestamp>2421.959956</timestamp>
			</report>
			<report>
				<misses>389500001</misses>
				<total>-13</total>
				<timestamp>2422.581593</timestamp>
			</report>
			<report>
				<misses>389600001</misses>
				<total>-13</total>
				<timestamp>2423.204908</timestamp>
			</report>
			<report>
				<misses>389700001</misses>
				<total>-13</total>
				<timestamp>2423.825643</timestamp>
			</report>
			<report>
				<misses>389800001</misses>
				<total>-13</total>
				<timestamp>2424.454133</timestamp>
			</report>
			<report>
				<misses>389900001</misses>
				<total>-13</total>
				<timestamp>2425.076291</timestamp>
			</report>
			<report>
				<misses>390000001</misses>
				<total>-13</total>
				<timestamp>2425.696631</timestamp>
			</report>
			<report>
				<misses>390100001</misses>
				<total>-13</total>
				<timestamp>2426.317372</timestamp>
			</report>
			<report>
				<misses>390200001</misses>
				<total>-13</total>
				<timestamp>2426.937190</timestamp>
			</report>
			<report>
				<misses>390300001</misses>
				<total>-13</total>
				<timestamp>2427.560625</timestamp>
			</report>
			<report>
				<misses>390400001</misses>
				<total>-13</total>
				<timestamp>2428.186013</timestamp>
			</report>
			<report>
				<misses>390500001</misses>
				<total>-13</total>
				<timestamp>2428.807654</timestamp>
			</report>
			<report>
				<misses>390600001</misses>
				<total>-13</total>
				<timestamp>2429.426472</timestamp>
			</report>
			<report>
				<misses>390700001</misses>
				<total>-13</total>
				<timestamp>2430.052512</timestamp>
			</report>
			<report>
				<misses>390800001</misses>
				<total>-13</total>
				<timestamp>2430.676198</timestamp>
			</report>
			<report>
				<misses>390900001</misses>
				<total>-13</total>
				<timestamp>2431.296578</timestamp>
			</report>
			<report>
				<misses>391000001</misses>
				<total>-13</total>
				<timestamp>2431.919426</timestamp>
			</report>
			<report>
				<misses>391100001</misses>
				<total>-13</total>
				<timestamp>2432.538286</timestamp>
			</report>
			<report>
				<misses>391200001</misses>
				<total>-13</total>
				<timestamp>2433.158144</timestamp>
			</report>
			<report>
				<misses>391300001</misses>
				<total>-13</total>
				<timestamp>2433.779370</timestamp>
			</report>
			<report>
				<misses>391400001</misses>
				<total>-13</total>
				<timestamp>2434.399904</timestamp>
			</report>
			<report>
				<misses>391500001</misses>
				<total>-13</total>
				<timestamp>2435.021911</timestamp>
			</report>
			<report>
				<misses>391600001</misses>
				<total>-13</total>
				<timestamp>2435.649342</timestamp>
			</report>
			<report>
				<misses>391700001</misses>
				<total>-13</total>
				<timestamp>2436.280139</timestamp>
			</report>
			<report>
				<misses>391800001</misses>
				<total>-13</total>
				<timestamp>2436.907250</timestamp>
			</report>
			<report>
				<misses>391900001</misses>
				<total>-13</total>
				<timestamp>2437.531573</timestamp>
			</report>
			<report>
				<misses>392000001</misses>
				<total>-13</total>
				<timestamp>2438.163337</timestamp>
			</report>
			<report>
				<misses>392100001</misses>
				<total>-13</total>
				<timestamp>2438.790062</timestamp>
			</report>
			<report>
				<misses>392200001</misses>
				<total>-13</total>
				<timestamp>2439.415281</timestamp>
			</report>
			<report>
				<misses>392300001</misses>
				<total>-13</total>
				<timestamp>2440.040013</timestamp>
			</report>
			<report>
				<misses>392400001</misses>
				<total>-13</total>
				<timestamp>2440.663951</timestamp>
			</report>
			<report>
				<misses>392500001</misses>
				<total>-13</total>
				<timestamp>2441.285863</timestamp>
			</report>
			<report>
				<misses>392600001</misses>
				<total>-13</total>
				<timestamp>2441.906072</timestamp>
			</report>
			<report>
				<misses>392700001</misses>
				<total>-13</total>
				<timestamp>2442.526815</timestamp>
			</report>
			<report>
				<misses>392800001</misses>
				<total>-13</total>
				<timestamp>2443.148185</timestamp>
			</report>
			<report>
				<misses>392900001</misses>
				<total>-13</total>
				<timestamp>2443.771239</timestamp>
			</report>
			<report>
				<misses>393000001</misses>
				<total>-13</total>
				<timestamp>2444.391852</timestamp>
			</report>
			<report>
				<misses>393100001</misses>
				<total>-13</total>
				<timestamp>2445.011933</timestamp>
			</report>
			<report>
				<misses>393200001</misses>
				<total>-13</total>
				<timestamp>2445.631879</timestamp>
			</report>
			<report>
				<misses>393300001</misses>
				<total>-13</total>
				<timestamp>2446.249260</timestamp>
			</report>
			<report>
				<misses>393400001</misses>
				<total>-13</total>
				<timestamp>2446.866230</timestamp>
			</report>
			<report>
				<misses>393500001</misses>
				<total>-13</total>
				<timestamp>2447.491370</timestamp>
			</report>
			<report>
				<misses>393600001</misses>
				<total>-13</total>
				<timestamp>2448.112379</timestamp>
			</report>
			<report>
				<misses>393700001</misses>
				<total>-13</total>
				<timestamp>2448.738261</timestamp>
			</report>
			<report>
				<misses>393800001</misses>
				<total>-13</total>
				<timestamp>2449.357175</timestamp>
			</report>
			<report>
				<misses>393900001</misses>
				<total>-13</total>
				<timestamp>2449.982556</timestamp>
			</report>
			<report>
				<misses>394000001</misses>
				<total>-13</total>
				<timestamp>2450.606018</timestamp>
			</report>
			<report>
				<misses>394100001</misses>
				<total>-13</total>
				<timestamp>2451.224691</timestamp>
			</report>
			<report>
				<misses>394200001</misses>
				<total>-13</total>
				<timestamp>2451.843873</timestamp>
			</report>
			<report>
				<misses>394300001</misses>
				<total>-13</total>
				<timestamp>2452.464214</timestamp>
			</report>
			<report>
				<misses>394400001</misses>
				<total>-13</total>
				<timestamp>2453.085204</timestamp>
			</report>
			<report>
				<misses>394500001</misses>
				<total>-13</total>
				<timestamp>2453.705160</timestamp>
			</report>
			<report>
				<misses>394600001</misses>
				<total>-13</total>
				<timestamp>2454.322673</timestamp>
			</report>
			<report>
				<misses>394700001</misses>
				<total>-13</total>
				<timestamp>2454.944555</timestamp>
			</report>
			<report>
				<misses>394800001</misses>
				<total>-13</total>
				<timestamp>2455.564522</timestamp>
			</report>
			<report>
				<misses>394900001</misses>
				<total>-13</total>
				<timestamp>2456.190969</timestamp>
			</report>
			<report>
				<misses>395000001</misses>
				<total>-13</total>
				<timestamp>2456.813895</timestamp>
			</report>
			<report>
				<misses>395100001</misses>
				<total>-13</total>
				<timestamp>2457.434357</timestamp>
			</report>
			<report>
				<misses>395200001</misses>
				<total>-13</total>
				<timestamp>2458.054472</timestamp>
			</report>
			<report>
				<misses>395300001</misses>
				<total>-13</total>
				<timestamp>2458.674334</timestamp>
			</report>
			<report>
				<misses>395400001</misses>
				<total>-13</total>
				<timestamp>2459.299043</timestamp>
			</report>
			<report>
				<misses>395500001</misses>
				<total>-13</total>
				<timestamp>2459.920152</timestamp>
			</report>
			<report>
				<misses>395600001</misses>
				<total>-13</total>
				<timestamp>2460.546453</timestamp>
			</report>
			<report>
				<misses>395700001</misses>
				<total>-13</total>
				<timestamp>2461.166777</timestamp>
			</report>
			<report>
				<misses>395800001</misses>
				<total>-13</total>
				<timestamp>2461.791263</timestamp>
			</report>
			<report>
				<misses>395900001</misses>
				<total>-13</total>
				<timestamp>2462.411467</timestamp>
			</report>
			<report>
				<misses>396000001</misses>
				<total>-13</total>
				<timestamp>2463.036739</timestamp>
			</report>
			<report>
				<misses>396100001</misses>
				<total>-13</total>
				<timestamp>2463.660823</timestamp>
			</report>
			<report>
				<misses>396200001</misses>
				<total>-13</total>
				<timestamp>2464.284775</timestamp>
			</report>
			<report>
				<misses>396300001</misses>
				<total>-13</total>
				<timestamp>2464.906011</timestamp>
			</report>
			<report>
				<misses>396400001</misses>
				<total>-13</total>
				<timestamp>2465.524167</timestamp>
			</report>
			<report>
				<misses>396500001</misses>
				<total>-13</total>
				<timestamp>2466.145407</timestamp>
			</report>
			<report>
				<misses>396600001</misses>
				<total>-13</total>
				<timestamp>2466.767829</timestamp>
			</report>
			<report>
				<misses>396700001</misses>
				<total>-13</total>
				<timestamp>2467.395776</timestamp>
			</report>
			<report>
				<misses>396800001</misses>
				<total>-13</total>
				<timestamp>2468.021670</timestamp>
			</report>
			<report>
				<misses>396900001</misses>
				<total>-13</total>
				<timestamp>2468.644226</timestamp>
			</report>
			<report>
				<misses>397000001</misses>
				<total>-13</total>
				<timestamp>2469.266887</timestamp>
			</report>
			<report>
				<misses>397100001</misses>
				<total>-13</total>
				<timestamp>2469.887480</timestamp>
			</report>
			<report>
				<misses>397200001</misses>
				<total>-13</total>
				<timestamp>2470.508985</timestamp>
			</report>
			<report>
				<misses>397300001</misses>
				<total>-13</total>
				<timestamp>2471.126765</timestamp>
			</report>
			<report>
				<misses>397400001</misses>
				<total>-13</total>
				<timestamp>2471.739980</timestamp>
			</report>
			<report>
				<misses>397500001</misses>
				<total>-13</total>
				<timestamp>2472.364109</timestamp>
			</report>
			<report>
				<misses>397600001</misses>
				<total>-13</total>
				<timestamp>2472.985106</timestamp>
			</report>
			<report>
				<misses>397700001</misses>
				<total>-13</total>
				<timestamp>2473.613025</timestamp>
			</report>
			<report>
				<misses>397800001</misses>
				<total>-13</total>
				<timestamp>2474.239271</timestamp>
			</report>
			<report>
				<misses>397900001</misses>
				<total>-13</total>
				<timestamp>2474.857803</timestamp>
			</report>
			<report>
				<misses>398000001</misses>
				<total>-13</total>
				<timestamp>2475.484348</timestamp>
			</report>
			<report>
				<misses>398100001</misses>
				<total>-13</total>
				<timestamp>2476.108695</timestamp>
			</report>
			<report>
				<misses>398200001</misses>
				<total>-13</total>
				<timestamp>2476.730189</timestamp>
			</report>
			<report>
				<misses>398300001</misses>
				<total>-13</total>
				<timestamp>2477.361760</timestamp>
			</report>
			<report>
				<misses>398400001</misses>
				<total>-13</total>
				<timestamp>2477.989310</timestamp>
			</report>
			<report>
				<misses>398500001</misses>
				<total>-13</total>
				<timestamp>2478.609060</timestamp>
			</report>
			<report>
				<misses>398600001</misses>
				<total>-13</total>
				<timestamp>2479.233146</timestamp>
			</report>
			<report>
				<misses>398700001</misses>
				<total>-13</total>
				<timestamp>2479.859004</timestamp>
			</report>
			<report>
				<misses>398800001</misses>
				<total>-13</total>
				<timestamp>2480.475876</timestamp>
			</report>
			<report>
				<misses>398900001</misses>
				<total>-13</total>
				<timestamp>2481.101636</timestamp>
			</report>
			<report>
				<misses>399000001</misses>
				<total>-13</total>
				<timestamp>2481.726704</timestamp>
			</report>
			<report>
				<misses>399100001</misses>
				<total>-13</total>
				<timestamp>2482.354085</timestamp>
			</report>
			<report>
				<misses>399200001</misses>
				<total>-13</total>
				<timestamp>2482.973669</timestamp>
			</report>
			<report>
				<misses>399300001</misses>
				<total>-13</total>
				<timestamp>2483.591921</timestamp>
			</report>
			<report>
				<misses>399400001</misses>
				<total>-13</total>
				<timestamp>2484.213259</timestamp>
			</report>
			<report>
				<misses>399500001</misses>
				<total>-13</total>
				<timestamp>2484.834154</timestamp>
			</report>
			<report>
				<misses>399600001</misses>
				<total>-13</total>
				<timestamp>2485.454237</timestamp>
			</report>
			<report>
				<misses>399700001</misses>
				<total>-13</total>
				<timestamp>2486.069925</timestamp>
			</report>
			<report>
				<misses>399800001</misses>
				<total>-13</total>
				<timestamp>2486.691047</timestamp>
			</report>
			<report>
				<misses>399900001</misses>
				<total>-13</total>
				<timestamp>2487.308941</timestamp>
			</report>
			<report>
				<misses>400000001</misses>
				<total>-13</total>
				<timestamp>2487.929442</timestamp>
			</report>
			<report>
				<misses>400100001</misses>
				<total>-13</total>
				<timestamp>2488.557124</timestamp>
			</report>
			<report>
				<misses>400200001</misses>
				<total>-13</total>
				<timestamp>2489.182117</timestamp>
			</report>
			<report>
				<misses>400300001</misses>
				<total>-13</total>
				<timestamp>2489.805430</timestamp>
			</report>
			<report>
				<misses>400400001</misses>
				<total>-13</total>
				<timestamp>2490.428482</timestamp>
			</report>
			<report>
				<misses>400500001</misses>
				<total>-13</total>
				<timestamp>2491.053984</timestamp>
			</report>
			<report>
				<misses>400600001</misses>
				<total>-13</total>
				<timestamp>2491.672917</timestamp>
			</report>
			<report>
				<misses>400700001</misses>
				<total>-13</total>
				<timestamp>2492.295793</timestamp>
			</report>
			<report>
				<misses>400800001</misses>
				<total>-13</total>
				<timestamp>2492.913808</timestamp>
			</report>
			<report>
				<misses>400900001</misses>
				<total>-13</total>
				<timestamp>2493.537657</timestamp>
			</report>
			<report>
				<misses>401000001</misses>
				<total>-13</total>
				<timestamp>2494.160673</timestamp>
			</report>
			<report>
				<misses>401100001</misses>
				<total>-13</total>
				<timestamp>2494.783653</timestamp>
			</report>
			<report>
				<misses>401200001</misses>
				<total>-13</total>
				<timestamp>2495.401802</timestamp>
			</report>
			<report>
				<misses>401300001</misses>
				<total>-13</total>
				<timestamp>2496.023499</timestamp>
			</report>
			<report>
				<misses>401400001</misses>
				<total>-13</total>
				<timestamp>2496.645652</timestamp>
			</report>
			<report>
				<misses>401500001</misses>
				<total>-13</total>
				<timestamp>2497.272711</timestamp>
			</report>
			<report>
				<misses>401600001</misses>
				<total>-13</total>
				<timestamp>2497.903254</timestamp>
			</report>
			<report>
				<misses>401700001</misses>
				<total>-13</total>
				<timestamp>2498.522573</timestamp>
			</report>
			<report>
				<misses>401800001</misses>
				<total>-13</total>
				<timestamp>2499.139680</timestamp>
			</report>
			<report>
				<misses>401900001</misses>
				<total>-13</total>
				<timestamp>2499.761181</timestamp>
			</report>
			<report>
				<misses>402000001</misses>
				<total>-13</total>
				<timestamp>2500.384789</timestamp>
			</report>
			<report>
				<misses>402100001</misses>
				<total>-13</total>
				<timestamp>2501.001802</timestamp>
			</report>
			<report>
				<misses>402200001</misses>
				<total>-13</total>
				<timestamp>2501.620876</timestamp>
			</report>
			<report>
				<misses>402300001</misses>
				<total>-13</total>
				<timestamp>2502.243558</timestamp>
			</report>
			<report>
				<misses>402400001</misses>
				<total>-13</total>
				<timestamp>2502.869577</timestamp>
			</report>
			<report>
				<misses>402500001</misses>
				<total>-13</total>
				<timestamp>2503.489046</timestamp>
			</report>
			<report>
				<misses>402600001</misses>
				<total>-13</total>
				<timestamp>2504.114947</timestamp>
			</report>
			<report>
				<misses>402700001</misses>
				<total>-13</total>
				<timestamp>2504.736452</timestamp>
			</report>
			<report>
				<misses>402800001</misses>
				<total>-13</total>
				<timestamp>2505.357586</timestamp>
			</report>
			<report>
				<misses>402900001</misses>
				<total>-13</total>
				<timestamp>2505.982325</timestamp>
			</report>
			<report>
				<misses>403000001</misses>
				<total>-13</total>
				<timestamp>2506.608614</timestamp>
			</report>
			<report>
				<misses>403100001</misses>
				<total>-13</total>
				<timestamp>2507.232746</timestamp>
			</report>
			<report>
				<misses>403200001</misses>
				<total>-13</total>
				<timestamp>2507.852943</timestamp>
			</report>
			<report>
				<misses>403300001</misses>
				<total>-13</total>
				<timestamp>2508.477855</timestamp>
			</report>
			<report>
				<misses>403400001</misses>
				<total>-13</total>
				<timestamp>2509.099630</timestamp>
			</report>
			<report>
				<misses>403500001</misses>
				<total>-13</total>
				<timestamp>2509.717139</timestamp>
			</report>
			<report>
				<misses>403600001</misses>
				<total>-13</total>
				<timestamp>2510.337097</timestamp>
			</report>
			<report>
				<misses>403700001</misses>
				<total>-13</total>
				<timestamp>2510.961176</timestamp>
			</report>
			<report>
				<misses>403800001</misses>
				<total>-13</total>
				<timestamp>2511.580746</timestamp>
			</report>
			<report>
				<misses>403900001</misses>
				<total>-13</total>
				<timestamp>2512.208960</timestamp>
			</report>
			<report>
				<misses>404000001</misses>
				<total>-13</total>
				<timestamp>2512.831253</timestamp>
			</report>
			<report>
				<misses>404100001</misses>
				<total>-13</total>
				<timestamp>2513.457541</timestamp>
			</report>
			<report>
				<misses>404200001</misses>
				<total>-13</total>
				<timestamp>2514.074430</timestamp>
			</report>
			<report>
				<misses>404300001</misses>
				<total>-13</total>
				<timestamp>2514.701125</timestamp>
			</report>
			<report>
				<misses>404400001</misses>
				<total>-13</total>
				<timestamp>2515.318364</timestamp>
			</report>
			<report>
				<misses>404500001</misses>
				<total>-13</total>
				<timestamp>2515.936710</timestamp>
			</report>
			<report>
				<misses>404600001</misses>
				<total>-13</total>
				<timestamp>2516.558340</timestamp>
			</report>
			<report>
				<misses>404700001</misses>
				<total>-13</total>
				<timestamp>2517.177664</timestamp>
			</report>
			<report>
				<misses>404800001</misses>
				<total>-13</total>
				<timestamp>2517.797617</timestamp>
			</report>
			<report>
				<misses>404900001</misses>
				<total>-13</total>
				<timestamp>2518.421718</timestamp>
			</report>
			<report>
				<misses>405000001</misses>
				<total>-13</total>
				<timestamp>2519.045819</timestamp>
			</report>
			<report>
				<misses>405100001</misses>
				<total>-13</total>
				<timestamp>2519.676316</timestamp>
			</report>
			<report>
				<misses>405200001</misses>
				<total>-13</total>
				<timestamp>2520.307170</timestamp>
			</report>
			<report>
				<misses>405300001</misses>
				<total>-13</total>
				<timestamp>2520.940621</timestamp>
			</report>
			<report>
				<misses>405400001</misses>
				<total>-13</total>
				<timestamp>2521.555681</timestamp>
			</report>
			<report>
				<misses>405500001</misses>
				<total>-13</total>
				<timestamp>2522.175835</timestamp>
			</report>
			<report>
				<misses>405600001</misses>
				<total>-13</total>
				<timestamp>2522.803650</timestamp>
			</report>
			<report>
				<misses>405700001</misses>
				<total>-13</total>
				<timestamp>2523.423977</timestamp>
			</report>
			<report>
				<misses>405800001</misses>
				<total>-13</total>
				<timestamp>2524.043986</timestamp>
			</report>
			<report>
				<misses>405900001</misses>
				<total>-13</total>
				<timestamp>2524.660939</timestamp>
			</report>
			<report>
				<misses>406000001</misses>
				<total>-13</total>
				<timestamp>2525.279224</timestamp>
			</report>
			<report>
				<misses>406100001</misses>
				<total>-13</total>
				<timestamp>2525.901274</timestamp>
			</report>
			<report>
				<misses>406200001</misses>
				<total>-13</total>
				<timestamp>2526.523823</timestamp>
			</report>
			<report>
				<misses>406300001</misses>
				<total>-13</total>
				<timestamp>2527.151894</timestamp>
			</report>
			<report>
				<misses>406400001</misses>
				<total>-13</total>
				<timestamp>2527.772897</timestamp>
			</report>
			<report>
				<misses>406500001</misses>
				<total>-13</total>
				<timestamp>2528.403793</timestamp>
			</report>
			<report>
				<misses>406600001</misses>
				<total>-13</total>
				<timestamp>2529.029551</timestamp>
			</report>
			<report>
				<misses>406700001</misses>
				<total>-13</total>
				<timestamp>2529.659923</timestamp>
			</report>
			<report>
				<misses>406800001</misses>
				<total>-13</total>
				<timestamp>2530.286266</timestamp>
			</report>
			<report>
				<misses>406900001</misses>
				<total>-13</total>
				<timestamp>2530.909441</timestamp>
			</report>
			<report>
				<misses>407000001</misses>
				<total>-13</total>
				<timestamp>2531.529629</timestamp>
			</report>
			<report>
				<misses>407100001</misses>
				<total>-13</total>
				<timestamp>2532.150736</timestamp>
			</report>
			<report>
				<misses>407200001</misses>
				<total>-13</total>
				<timestamp>2532.776618</timestamp>
			</report>
			<report>
				<misses>407300001</misses>
				<total>-13</total>
				<timestamp>2533.394985</timestamp>
			</report>
			<report>
				<misses>407400001</misses>
				<total>-13</total>
				<timestamp>2534.014358</timestamp>
			</report>
			<report>
				<misses>407500001</misses>
				<total>-13</total>
				<timestamp>2534.635427</timestamp>
			</report>
			<report>
				<misses>407600001</misses>
				<total>-13</total>
				<timestamp>2535.254878</timestamp>
			</report>
			<report>
				<misses>407700001</misses>
				<total>-13</total>
				<timestamp>2535.872756</timestamp>
			</report>
			<report>
				<misses>407800001</misses>
				<total>-13</total>
				<timestamp>2536.492707</timestamp>
			</report>
			<report>
				<misses>407900001</misses>
				<total>-13</total>
				<timestamp>2537.117578</timestamp>
			</report>
			<report>
				<misses>408000001</misses>
				<total>-13</total>
				<timestamp>2537.731978</timestamp>
			</report>
			<report>
				<misses>408100001</misses>
				<total>-13</total>
				<timestamp>2538.352722</timestamp>
			</report>
			<report>
				<misses>408200001</misses>
				<total>-13</total>
				<timestamp>2538.974886</timestamp>
			</report>
			<report>
				<misses>408300001</misses>
				<total>-13</total>
				<timestamp>2539.591877</timestamp>
			</report>
			<report>
				<misses>408400001</misses>
				<total>-13</total>
				<timestamp>2540.214413</timestamp>
			</report>
			<report>
				<misses>408500001</misses>
				<total>-13</total>
				<timestamp>2540.835137</timestamp>
			</report>
			<report>
				<misses>408600001</misses>
				<total>-13</total>
				<timestamp>2541.457161</timestamp>
			</report>
			<report>
				<misses>408700001</misses>
				<total>-13</total>
				<timestamp>2542.074922</timestamp>
			</report>
			<report>
				<misses>408800001</misses>
				<total>-13</total>
				<timestamp>2542.696305</timestamp>
			</report>
			<report>
				<misses>408900001</misses>
				<total>-13</total>
				<timestamp>2543.317544</timestamp>
			</report>
			<report>
				<misses>409000001</misses>
				<total>-13</total>
				<timestamp>2543.938282</timestamp>
			</report>
			<report>
				<misses>409100001</misses>
				<total>-13</total>
				<timestamp>2544.560556</timestamp>
			</report>
			<report>
				<misses>409200001</misses>
				<total>-13</total>
				<timestamp>2545.178726</timestamp>
			</report>
			<report>
				<misses>409300001</misses>
				<total>-13</total>
				<timestamp>2545.804744</timestamp>
			</report>
			<report>
				<misses>409400001</misses>
				<total>-13</total>
				<timestamp>2546.422513</timestamp>
			</report>
			<report>
				<misses>409500001</misses>
				<total>-13</total>
				<timestamp>2547.046973</timestamp>
			</report>
			<report>
				<misses>409600001</misses>
				<total>-13</total>
				<timestamp>2547.668758</timestamp>
			</report>
			<report>
				<misses>409700001</misses>
				<total>-13</total>
				<timestamp>2548.300302</timestamp>
			</report>
			<report>
				<misses>409800001</misses>
				<total>-13</total>
				<timestamp>2548.918505</timestamp>
			</report>
			<report>
				<misses>409900001</misses>
				<total>-13</total>
				<timestamp>2549.544899</timestamp>
			</report>
			<report>
				<misses>410000001</misses>
				<total>-13</total>
				<timestamp>2550.171842</timestamp>
			</report>
			<report>
				<misses>410100001</misses>
				<total>-13</total>
				<timestamp>2550.800826</timestamp>
			</report>
			<report>
				<misses>410200001</misses>
				<total>-13</total>
				<timestamp>2551.426195</timestamp>
			</report>
			<report>
				<misses>410300001</misses>
				<total>-13</total>
				<timestamp>2552.045265</timestamp>
			</report>
			<report>
				<misses>410400001</misses>
				<total>-13</total>
				<timestamp>2552.668429</timestamp>
			</report>
			<report>
				<misses>410500001</misses>
				<total>-13</total>
				<timestamp>2553.285828</timestamp>
			</report>
			<report>
				<misses>410600001</misses>
				<total>-13</total>
				<timestamp>2553.909796</timestamp>
			</report>
			<report>
				<misses>410700001</misses>
				<total>-13</total>
				<timestamp>2554.534526</timestamp>
			</report>
			<report>
				<misses>410800001</misses>
				<total>-13</total>
				<timestamp>2555.152940</timestamp>
			</report>
			<report>
				<misses>410900001</misses>
				<total>-13</total>
				<timestamp>2555.776809</timestamp>
			</report>
			<report>
				<misses>411000001</misses>
				<total>-13</total>
				<timestamp>2556.403089</timestamp>
			</report>
			<report>
				<misses>411100001</misses>
				<total>-13</total>
				<timestamp>2557.021371</timestamp>
			</report>
			<report>
				<misses>411200001</misses>
				<total>-13</total>
				<timestamp>2557.642291</timestamp>
			</report>
			<report>
				<misses>411300001</misses>
				<total>-13</total>
				<timestamp>2558.261508</timestamp>
			</report>
			<report>
				<misses>411400001</misses>
				<total>-13</total>
				<timestamp>2558.884013</timestamp>
			</report>
			<report>
				<misses>411500001</misses>
				<total>-13</total>
				<timestamp>2559.510732</timestamp>
			</report>
			<report>
				<misses>411600001</misses>
				<total>-13</total>
				<timestamp>2560.129013</timestamp>
			</report>
			<report>
				<misses>411700001</misses>
				<total>-13</total>
				<timestamp>2560.755807</timestamp>
			</report>
			<report>
				<misses>411800001</misses>
				<total>-13</total>
				<timestamp>2561.375528</timestamp>
			</report>
			<report>
				<misses>411900001</misses>
				<total>-13</total>
				<timestamp>2561.997950</timestamp>
			</report>
			<report>
				<misses>412000001</misses>
				<total>-13</total>
				<timestamp>2562.614543</timestamp>
			</report>
			<report>
				<misses>412100001</misses>
				<total>-13</total>
				<timestamp>2563.232322</timestamp>
			</report>
			<report>
				<misses>412200001</misses>
				<total>-13</total>
				<timestamp>2563.858072</timestamp>
			</report>
			<report>
				<misses>412300001</misses>
				<total>-13</total>
				<timestamp>2564.477300</timestamp>
			</report>
			<report>
				<misses>412400001</misses>
				<total>-13</total>
				<timestamp>2565.103324</timestamp>
			</report>
			<report>
				<misses>412500001</misses>
				<total>-13</total>
				<timestamp>2565.725361</timestamp>
			</report>
			<report>
				<misses>412600001</misses>
				<total>-13</total>
				<timestamp>2566.350597</timestamp>
			</report>
			<report>
				<misses>412700001</misses>
				<total>-13</total>
				<timestamp>2566.979597</timestamp>
			</report>
			<report>
				<misses>412800001</misses>
				<total>-13</total>
				<timestamp>2567.604975</timestamp>
			</report>
			<report>
				<misses>412900001</misses>
				<total>-13</total>
				<timestamp>2568.222107</timestamp>
			</report>
			<report>
				<misses>413000001</misses>
				<total>-13</total>
				<timestamp>2568.848118</timestamp>
			</report>
			<report>
				<misses>413100001</misses>
				<total>-13</total>
				<timestamp>2569.463692</timestamp>
			</report>
			<report>
				<misses>413200001</misses>
				<total>-13</total>
				<timestamp>2570.082504</timestamp>
			</report>
			<report>
				<misses>413300001</misses>
				<total>-13</total>
				<timestamp>2570.702585</timestamp>
			</report>
			<report>
				<misses>413400001</misses>
				<total>-13</total>
				<timestamp>2571.332867</timestamp>
			</report>
			<report>
				<misses>413500001</misses>
				<total>-13</total>
				<timestamp>2571.951407</timestamp>
			</report>
			<report>
				<misses>413600001</misses>
				<total>-13</total>
				<timestamp>2572.578211</timestamp>
			</report>
			<report>
				<misses>413700001</misses>
				<total>-13</total>
				<timestamp>2573.205259</timestamp>
			</report>
			<report>
				<misses>413800001</misses>
				<total>-13</total>
				<timestamp>2573.827283</timestamp>
			</report>
			<report>
				<misses>413900001</misses>
				<total>-13</total>
				<timestamp>2574.452069</timestamp>
			</report>
			<report>
				<misses>414000001</misses>
				<total>-13</total>
				<timestamp>2575.072358</timestamp>
			</report>
			<report>
				<misses>414100001</misses>
				<total>-13</total>
				<timestamp>2575.693442</timestamp>
			</report>
			<report>
				<misses>414200001</misses>
				<total>-13</total>
				<timestamp>2576.317639</timestamp>
			</report>
			<report>
				<misses>414300001</misses>
				<total>-13</total>
				<timestamp>2576.942735</timestamp>
			</report>
			<report>
				<misses>414400001</misses>
				<total>-13</total>
				<timestamp>2577.568121</timestamp>
			</report>
			<report>
				<misses>414500001</misses>
				<total>-13</total>
				<timestamp>2578.188970</timestamp>
			</report>
			<report>
				<misses>414600001</misses>
				<total>-13</total>
				<timestamp>2578.820538</timestamp>
			</report>
			<report>
				<misses>414700001</misses>
				<total>-13</total>
				<timestamp>2579.444050</timestamp>
			</report>
			<report>
				<misses>414800001</misses>
				<total>-13</total>
				<timestamp>2580.071938</timestamp>
			</report>
			<report>
				<misses>414900001</misses>
				<total>-13</total>
				<timestamp>2580.694744</timestamp>
			</report>
			<report>
				<misses>415000001</misses>
				<total>-13</total>
				<timestamp>2581.320126</timestamp>
			</report>
			<report>
				<misses>415100001</misses>
				<total>-13</total>
				<timestamp>2581.940979</timestamp>
			</report>
			<report>
				<misses>415200001</misses>
				<total>-13</total>
				<timestamp>2582.563908</timestamp>
			</report>
			<report>
				<misses>415300001</misses>
				<total>-13</total>
				<timestamp>2583.187884</timestamp>
			</report>
			<report>
				<misses>415400001</misses>
				<total>-13</total>
				<timestamp>2583.807837</timestamp>
			</report>
			<report>
				<misses>415500001</misses>
				<total>-13</total>
				<timestamp>2584.423782</timestamp>
			</report>
			<report>
				<misses>415600001</misses>
				<total>-13</total>
				<timestamp>2585.039116</timestamp>
			</report>
			<report>
				<misses>415700001</misses>
				<total>-13</total>
				<timestamp>2585.662031</timestamp>
			</report>
			<report>
				<misses>415800001</misses>
				<total>-13</total>
				<timestamp>2586.286636</timestamp>
			</report>
			<report>
				<misses>415900001</misses>
				<total>-13</total>
				<timestamp>2586.907123</timestamp>
			</report>
			<report>
				<misses>416000001</misses>
				<total>-13</total>
				<timestamp>2587.530290</timestamp>
			</report>
			<report>
				<misses>416100001</misses>
				<total>-13</total>
				<timestamp>2588.156319</timestamp>
			</report>
			<report>
				<misses>416200001</misses>
				<total>-13</total>
				<timestamp>2588.781698</timestamp>
			</report>
			<report>
				<misses>416300001</misses>
				<total>-13</total>
				<timestamp>2589.399326</timestamp>
			</report>
			<report>
				<misses>416400001</misses>
				<total>-13</total>
				<timestamp>2590.022538</timestamp>
			</report>
			<report>
				<misses>416500001</misses>
				<total>-13</total>
				<timestamp>2590.644669</timestamp>
			</report>
			<report>
				<misses>416600001</misses>
				<total>-13</total>
				<timestamp>2591.265126</timestamp>
			</report>
			<report>
				<misses>416700001</misses>
				<total>-13</total>
				<timestamp>2591.884377</timestamp>
			</report>
			<report>
				<misses>416800001</misses>
				<total>-13</total>
				<timestamp>2592.508581</timestamp>
			</report>
			<report>
				<misses>416900001</misses>
				<total>-13</total>
				<timestamp>2593.133069</timestamp>
			</report>
			<report>
				<misses>417000001</misses>
				<total>-13</total>
				<timestamp>2593.760348</timestamp>
			</report>
			<report>
				<misses>417100001</misses>
				<total>-13</total>
				<timestamp>2594.381750</timestamp>
			</report>
			<report>
				<misses>417200001</misses>
				<total>-13</total>
				<timestamp>2595.002664</timestamp>
			</report>
			<report>
				<misses>417300001</misses>
				<total>-13</total>
				<timestamp>2595.624100</timestamp>
			</report>
			<report>
				<misses>417400001</misses>
				<total>-13</total>
				<timestamp>2596.245886</timestamp>
			</report>
			<report>
				<misses>417500001</misses>
				<total>-13</total>
				<timestamp>2596.867757</timestamp>
			</report>
			<report>
				<misses>417600001</misses>
				<total>-13</total>
				<timestamp>2597.494124</timestamp>
			</report>
			<report>
				<misses>417700001</misses>
				<total>-13</total>
				<timestamp>2598.114025</timestamp>
			</report>
			<report>
				<misses>417800001</misses>
				<total>-13</total>
				<timestamp>2598.732586</timestamp>
			</report>
			<report>
				<misses>417900001</misses>
				<total>-13</total>
				<timestamp>2599.353761</timestamp>
			</report>
			<report>
				<misses>418000001</misses>
				<total>-13</total>
				<timestamp>2599.977877</timestamp>
			</report>
			<report>
				<misses>418100001</misses>
				<total>-13</total>
				<timestamp>2600.605699</timestamp>
			</report>
			<report>
				<misses>418200001</misses>
				<total>-13</total>
				<timestamp>2601.228519</timestamp>
			</report>
			<report>
				<misses>418300001</misses>
				<total>-13</total>
				<timestamp>2601.845304</timestamp>
			</report>
			<report>
				<misses>418400001</misses>
				<total>-13</total>
				<timestamp>2602.468555</timestamp>
			</report>
			<report>
				<misses>418500001</misses>
				<total>-13</total>
				<timestamp>2603.088342</timestamp>
			</report>
			<report>
				<misses>418600001</misses>
				<total>-13</total>
				<timestamp>2603.711002</timestamp>
			</report>
			<report>
				<misses>418700001</misses>
				<total>-13</total>
				<timestamp>2604.337543</timestamp>
			</report>
			<report>
				<misses>418800001</misses>
				<total>-13</total>
				<timestamp>2604.953074</timestamp>
			</report>
			<report>
				<misses>418900001</misses>
				<total>-13</total>
				<timestamp>2605.570026</timestamp>
			</report>
			<report>
				<misses>419000001</misses>
				<total>-13</total>
				<timestamp>2606.190242</timestamp>
			</report>
			<report>
				<misses>419100001</misses>
				<total>-13</total>
				<timestamp>2606.810862</timestamp>
			</report>
			<report>
				<misses>419200001</misses>
				<total>-13</total>
				<timestamp>2607.433317</timestamp>
			</report>
			<report>
				<misses>419300001</misses>
				<total>-13</total>
				<timestamp>2608.058577</timestamp>
			</report>
			<report>
				<misses>419400001</misses>
				<total>-13</total>
				<timestamp>2608.682852</timestamp>
			</report>
			<report>
				<misses>419500001</misses>
				<total>-13</total>
				<timestamp>2609.305764</timestamp>
			</report>
			<report>
				<misses>419600001</misses>
				<total>-13</total>
				<timestamp>2609.933130</timestamp>
			</report>
			<report>
				<misses>419700001</misses>
				<total>-13</total>
				<timestamp>2610.560294</timestamp>
			</report>
			<report>
				<misses>419800001</misses>
				<total>-13</total>
				<timestamp>2611.183669</timestamp>
			</report>
			<report>
				<misses>419900001</misses>
				<total>-13</total>
				<timestamp>2611.812413</timestamp>
			</report>
			<report>
				<misses>420000001</misses>
				<total>-13</total>
				<timestamp>2612.440836</timestamp>
			</report>
			<report>
				<misses>420100001</misses>
				<total>-13</total>
				<timestamp>2613.063782</timestamp>
			</report>
			<report>
				<misses>420200001</misses>
				<total>-13</total>
				<timestamp>2613.687746</timestamp>
			</report>
			<report>
				<misses>420300001</misses>
				<total>-13</total>
				<timestamp>2614.310169</timestamp>
			</report>
			<report>
				<misses>420400001</misses>
				<total>-13</total>
				<timestamp>2614.932958</timestamp>
			</report>
			<report>
				<misses>420500001</misses>
				<total>-13</total>
				<timestamp>2615.553051</timestamp>
			</report>
			<report>
				<misses>420600001</misses>
				<total>-13</total>
				<timestamp>2616.174928</timestamp>
			</report>
			<report>
				<misses>420700001</misses>
				<total>-13</total>
				<timestamp>2616.795141</timestamp>
			</report>
			<report>
				<misses>420800001</misses>
				<total>-13</total>
				<timestamp>2617.422887</timestamp>
			</report>
			<report>
				<misses>420900001</misses>
				<total>-13</total>
				<timestamp>2618.045702</timestamp>
			</report>
			<report>
				<misses>421000001</misses>
				<total>-13</total>
				<timestamp>2618.665032</timestamp>
			</report>
			<report>
				<misses>421100001</misses>
				<total>-13</total>
				<timestamp>2619.295474</timestamp>
			</report>
			<report>
				<misses>421200001</misses>
				<total>-13</total>
				<timestamp>2619.923949</timestamp>
			</report>
			<report>
				<misses>421300001</misses>
				<total>-13</total>
				<timestamp>2620.551676</timestamp>
			</report>
			<report>
				<misses>421400001</misses>
				<total>-13</total>
				<timestamp>2621.173478</timestamp>
			</report>
			<report>
				<misses>421500001</misses>
				<total>-13</total>
				<timestamp>2621.790760</timestamp>
			</report>
			<report>
				<misses>421600001</misses>
				<total>-13</total>
				<timestamp>2622.407373</timestamp>
			</report>
			<report>
				<misses>421700001</misses>
				<total>-13</total>
				<timestamp>2623.029781</timestamp>
			</report>
			<report>
				<misses>421800001</misses>
				<total>-13</total>
				<timestamp>2623.649737</timestamp>
			</report>
			<report>
				<misses>421900001</misses>
				<total>-13</total>
				<timestamp>2624.264660</timestamp>
			</report>
			<report>
				<misses>422000001</misses>
				<total>-13</total>
				<timestamp>2624.886219</timestamp>
			</report>
			<report>
				<misses>422100001</misses>
				<total>-13</total>
				<timestamp>2625.509802</timestamp>
			</report>
			<report>
				<misses>422200001</misses>
				<total>-13</total>
				<timestamp>2626.127828</timestamp>
			</report>
			<report>
				<misses>422300001</misses>
				<total>-13</total>
				<timestamp>2626.749209</timestamp>
			</report>
			<report>
				<misses>422400001</misses>
				<total>-13</total>
				<timestamp>2627.364915</timestamp>
			</report>
			<report>
				<misses>422500001</misses>
				<total>-13</total>
				<timestamp>2627.986662</timestamp>
			</report>
			<report>
				<misses>422600001</misses>
				<total>-13</total>
				<timestamp>2628.605588</timestamp>
			</report>
			<report>
				<misses>422700001</misses>
				<total>-13</total>
				<timestamp>2629.223611</timestamp>
			</report>
			<report>
				<misses>422800001</misses>
				<total>-13</total>
				<timestamp>2629.842804</timestamp>
			</report>
			<report>
				<misses>422900001</misses>
				<total>-13</total>
				<timestamp>2630.463806</timestamp>
			</report>
			<report>
				<misses>423000001</misses>
				<total>-13</total>
				<timestamp>2631.084785</timestamp>
			</report>
			<report>
				<misses>423100001</misses>
				<total>-13</total>
				<timestamp>2631.707327</timestamp>
			</report>
			<report>
				<misses>423200001</misses>
				<total>-13</total>
				<timestamp>2632.329233</timestamp>
			</report>
			<report>
				<misses>423300001</misses>
				<total>-13</total>
				<timestamp>2632.948274</timestamp>
			</report>
			<report>
				<misses>423400001</misses>
				<total>-13</total>
				<timestamp>2633.573151</timestamp>
			</report>
			<report>
				<misses>423500001</misses>
				<total>-13</total>
				<timestamp>2634.197896</timestamp>
			</report>
			<report>
				<misses>423600001</misses>
				<total>-13</total>
				<timestamp>2634.817469</timestamp>
			</report>
			<report>
				<misses>423700001</misses>
				<total>-13</total>
				<timestamp>2635.444140</timestamp>
			</report>
			<report>
				<misses>423800001</misses>
				<total>-13</total>
				<timestamp>2636.065646</timestamp>
			</report>
			<report>
				<misses>423900001</misses>
				<total>-13</total>
				<timestamp>2636.688831</timestamp>
			</report>
			<report>
				<misses>424000001</misses>
				<total>-13</total>
				<timestamp>2637.317167</timestamp>
			</report>
			<report>
				<misses>424100001</misses>
				<total>-13</total>
				<timestamp>2637.943182</timestamp>
			</report>
			<report>
				<misses>424200001</misses>
				<total>-13</total>
				<timestamp>2638.567138</timestamp>
			</report>
			<report>
				<misses>424300001</misses>
				<total>-13</total>
				<timestamp>2639.191996</timestamp>
			</report>
			<report>
				<misses>424400001</misses>
				<total>-13</total>
				<timestamp>2639.815320</timestamp>
			</report>
			<report>
				<misses>424500001</misses>
				<total>-13</total>
				<timestamp>2640.438625</timestamp>
			</report>
			<report>
				<misses>424600001</misses>
				<total>-13</total>
				<timestamp>2641.064279</timestamp>
			</report>
			<report>
				<misses>424700001</misses>
				<total>-13</total>
				<timestamp>2641.686420</timestamp>
			</report>
			<report>
				<misses>424800001</misses>
				<total>-13</total>
				<timestamp>2642.309981</timestamp>
			</report>
			<report>
				<misses>424900001</misses>
				<total>-13</total>
				<timestamp>2642.930069</timestamp>
			</report>
			<report>
				<misses>425000001</misses>
				<total>-13</total>
				<timestamp>2643.549897</timestamp>
			</report>
			<report>
				<misses>425100001</misses>
				<total>-13</total>
				<timestamp>2644.172473</timestamp>
			</report>
			<report>
				<misses>425200001</misses>
				<total>-13</total>
				<timestamp>2644.793216</timestamp>
			</report>
			<report>
				<misses>425300001</misses>
				<total>-13</total>
				<timestamp>2645.413565</timestamp>
			</report>
			<report>
				<misses>425400001</misses>
				<total>-13</total>
				<timestamp>2646.040737</timestamp>
			</report>
			<report>
				<misses>425500001</misses>
				<total>-13</total>
				<timestamp>2646.665603</timestamp>
			</report>
			<report>
				<misses>425600001</misses>
				<total>-13</total>
				<timestamp>2647.285278</timestamp>
			</report>
			<report>
				<misses>425700001</misses>
				<total>-13</total>
				<timestamp>2647.906936</timestamp>
			</report>
			<report>
				<misses>425800001</misses>
				<total>-13</total>
				<timestamp>2648.530829</timestamp>
			</report>
			<report>
				<misses>425900001</misses>
				<total>-13</total>
				<timestamp>2649.156597</timestamp>
			</report>
			<report>
				<misses>426000001</misses>
				<total>-13</total>
				<timestamp>2649.780639</timestamp>
			</report>
			<report>
				<misses>426100001</misses>
				<total>-13</total>
				<timestamp>2650.400787</timestamp>
			</report>
			<report>
				<misses>426200001</misses>
				<total>-13</total>
				<timestamp>2651.019277</timestamp>
			</report>
			<report>
				<misses>426300001</misses>
				<total>-13</total>
				<timestamp>2651.649508</timestamp>
			</report>
			<report>
				<misses>426400001</misses>
				<total>-13</total>
				<timestamp>2652.272564</timestamp>
			</report>
			<report>
				<misses>426500001</misses>
				<total>-13</total>
				<timestamp>2652.893128</timestamp>
			</report>
			<report>
				<misses>426600001</misses>
				<total>-13</total>
				<timestamp>2653.508967</timestamp>
			</report>
			<report>
				<misses>426700001</misses>
				<total>-13</total>
				<timestamp>2654.131692</timestamp>
			</report>
			<report>
				<misses>426800001</misses>
				<total>-13</total>
				<timestamp>2654.753417</timestamp>
			</report>
			<report>
				<misses>426900001</misses>
				<total>-13</total>
				<timestamp>2655.378951</timestamp>
			</report>
			<report>
				<misses>427000001</misses>
				<total>-13</total>
				<timestamp>2656.002625</timestamp>
			</report>
			<report>
				<misses>427100001</misses>
				<total>-13</total>
				<timestamp>2656.627758</timestamp>
			</report>
			<report>
				<misses>427200001</misses>
				<total>-13</total>
				<timestamp>2657.249382</timestamp>
			</report>
			<report>
				<misses>427300001</misses>
				<total>-13</total>
				<timestamp>2657.873075</timestamp>
			</report>
			<report>
				<misses>427400001</misses>
				<total>-13</total>
				<timestamp>2658.492032</timestamp>
			</report>
			<report>
				<misses>427500001</misses>
				<total>-13</total>
				<timestamp>2659.110095</timestamp>
			</report>
			<report>
				<misses>427600001</misses>
				<total>-13</total>
				<timestamp>2659.728626</timestamp>
			</report>
			<report>
				<misses>427700001</misses>
				<total>-13</total>
				<timestamp>2660.354525</timestamp>
			</report>
			<report>
				<misses>427800001</misses>
				<total>-13</total>
				<timestamp>2660.977056</timestamp>
			</report>
			<report>
				<misses>427900001</misses>
				<total>-13</total>
				<timestamp>2661.605433</timestamp>
			</report>
			<report>
				<misses>428000001</misses>
				<total>-13</total>
				<timestamp>2662.231333</timestamp>
			</report>
			<report>
				<misses>428100001</misses>
				<total>-13</total>
				<timestamp>2662.855419</timestamp>
			</report>
			<report>
				<misses>428200001</misses>
				<total>-13</total>
				<timestamp>2663.478090</timestamp>
			</report>
			<report>
				<misses>428300001</misses>
				<total>-13</total>
				<timestamp>2664.090434</timestamp>
			</report>
			<report>
				<misses>428400001</misses>
				<total>-13</total>
				<timestamp>2664.709086</timestamp>
			</report>
			<report>
				<misses>428500001</misses>
				<total>-13</total>
				<timestamp>2665.331542</timestamp>
			</report>
			<report>
				<misses>428600001</misses>
				<total>-13</total>
				<timestamp>2665.947889</timestamp>
			</report>
			<report>
				<misses>428700001</misses>
				<total>-13</total>
				<timestamp>2666.564765</timestamp>
			</report>
			<report>
				<misses>428800001</misses>
				<total>-13</total>
				<timestamp>2667.188595</timestamp>
			</report>
			<report>
				<misses>428900001</misses>
				<total>-13</total>
				<timestamp>2667.816537</timestamp>
			</report>
			<report>
				<misses>429000001</misses>
				<total>-13</total>
				<timestamp>2668.443864</timestamp>
			</report>
			<report>
				<misses>429100001</misses>
				<total>-13</total>
				<timestamp>2669.072077</timestamp>
			</report>
			<report>
				<misses>429200001</misses>
				<total>-13</total>
				<timestamp>2669.698988</timestamp>
			</report>
			<report>
				<misses>429300001</misses>
				<total>-13</total>
				<timestamp>2670.327391</timestamp>
			</report>
			<report>
				<misses>429400001</misses>
				<total>-13</total>
				<timestamp>2670.946409</timestamp>
			</report>
			<report>
				<misses>429500001</misses>
				<total>-13</total>
				<timestamp>2671.571656</timestamp>
			</report>
			<report>
				<misses>429600001</misses>
				<total>-13</total>
				<timestamp>2672.188597</timestamp>
			</report>
			<report>
				<misses>429700001</misses>
				<total>-13</total>
				<timestamp>2672.807017</timestamp>
			</report>
			<report>
				<misses>429800001</misses>
				<total>-13</total>
				<timestamp>2673.419284</timestamp>
			</report>
			<report>
				<misses>429900001</misses>
				<total>-13</total>
				<timestamp>2674.038622</timestamp>
			</report>
			<report>
				<misses>430000001</misses>
				<total>-13</total>
				<timestamp>2674.654855</timestamp>
			</report>
			<report>
				<misses>430100001</misses>
				<total>-13</total>
				<timestamp>2675.275864</timestamp>
			</report>
			<report>
				<misses>430200001</misses>
				<total>-13</total>
				<timestamp>2675.900529</timestamp>
			</report>
			<report>
				<misses>430300001</misses>
				<total>-13</total>
				<timestamp>2676.521711</timestamp>
			</report>
			<report>
				<misses>430400001</misses>
				<total>-13</total>
				<timestamp>2677.144992</timestamp>
			</report>
			<report>
				<misses>430500001</misses>
				<total>-13</total>
				<timestamp>2677.765363</timestamp>
			</report>
			<report>
				<misses>430600001</misses>
				<total>-13</total>
				<timestamp>2678.387025</timestamp>
			</report>
			<report>
				<misses>430700001</misses>
				<total>-13</total>
				<timestamp>2679.012757</timestamp>
			</report>
			<report>
				<misses>430800001</misses>
				<total>-13</total>
				<timestamp>2679.631554</timestamp>
			</report>
			<report>
				<misses>430900001</misses>
				<total>-13</total>
				<timestamp>2680.252166</timestamp>
			</report>
			<report>
				<misses>431000001</misses>
				<total>-13</total>
				<timestamp>2680.873794</timestamp>
			</report>
			<report>
				<misses>431100001</misses>
				<total>-13</total>
				<timestamp>2681.493158</timestamp>
			</report>
			<report>
				<misses>431200001</misses>
				<total>-13</total>
				<timestamp>2682.119784</timestamp>
			</report>
			<report>
				<misses>431300001</misses>
				<total>-13</total>
				<timestamp>2682.739148</timestamp>
			</report>
			<report>
				<misses>431400001</misses>
				<total>-13</total>
				<timestamp>2683.356603</timestamp>
			</report>
			<report>
				<misses>431500001</misses>
				<total>-13</total>
				<timestamp>2683.970623</timestamp>
			</report>
			<report>
				<misses>431600001</misses>
				<total>-13</total>
				<timestamp>2684.597307</timestamp>
			</report>
			<report>
				<misses>431700001</misses>
				<total>-13</total>
				<timestamp>2685.216610</timestamp>
			</report>
			<report>
				<misses>431800001</misses>
				<total>-13</total>
				<timestamp>2685.839523</timestamp>
			</report>
			<report>
				<misses>431900001</misses>
				<total>-13</total>
				<timestamp>2686.457295</timestamp>
			</report>
			<report>
				<misses>432000001</misses>
				<total>-13</total>
				<timestamp>2687.081399</timestamp>
			</report>
			<report>
				<misses>432100001</misses>
				<total>-13</total>
				<timestamp>2687.702692</timestamp>
			</report>
			<report>
				<misses>432200001</misses>
				<total>-13</total>
				<timestamp>2688.321906</timestamp>
			</report>
			<report>
				<misses>432300001</misses>
				<total>-13</total>
				<timestamp>2688.946221</timestamp>
			</report>
			<report>
				<misses>432400001</misses>
				<total>-13</total>
				<timestamp>2689.573047</timestamp>
			</report>
			<report>
				<misses>432500001</misses>
				<total>-13</total>
				<timestamp>2690.192579</timestamp>
			</report>
			<report>
				<misses>432600001</misses>
				<total>-13</total>
				<timestamp>2690.813464</timestamp>
			</report>
			<report>
				<misses>432700001</misses>
				<total>-13</total>
				<timestamp>2691.439328</timestamp>
			</report>
			<report>
				<misses>432800001</misses>
				<total>-13</total>
				<timestamp>2692.060541</timestamp>
			</report>
			<report>
				<misses>432900001</misses>
				<total>-13</total>
				<timestamp>2692.683018</timestamp>
			</report>
			<report>
				<misses>433000001</misses>
				<total>-13</total>
				<timestamp>2693.305903</timestamp>
			</report>
			<report>
				<misses>433100001</misses>
				<total>-13</total>
				<timestamp>2693.930502</timestamp>
			</report>
			<report>
				<misses>433200001</misses>
				<total>-13</total>
				<timestamp>2694.545543</timestamp>
			</report>
			<report>
				<misses>433300001</misses>
				<total>-13</total>
				<timestamp>2695.168859</timestamp>
			</report>
			<report>
				<misses>433400001</misses>
				<total>-13</total>
				<timestamp>2695.788984</timestamp>
			</report>
			<report>
				<misses>433500001</misses>
				<total>-13</total>
				<timestamp>2696.413190</timestamp>
			</report>
			<report>
				<misses>433600001</misses>
				<total>-13</total>
				<timestamp>2697.028418</timestamp>
			</report>
			<report>
				<misses>433700001</misses>
				<total>-13</total>
				<timestamp>2697.652389</timestamp>
			</report>
			<report>
				<misses>433800001</misses>
				<total>-13</total>
				<timestamp>2698.275712</timestamp>
			</report>
			<report>
				<misses>433900001</misses>
				<total>-13</total>
				<timestamp>2698.898889</timestamp>
			</report>
			<report>
				<misses>434000001</misses>
				<total>-13</total>
				<timestamp>2699.523109</timestamp>
			</report>
			<report>
				<misses>434100001</misses>
				<total>-13</total>
				<timestamp>2700.152234</timestamp>
			</report>
			<report>
				<misses>434200001</misses>
				<total>-13</total>
				<timestamp>2700.771561</timestamp>
			</report>
			<report>
				<misses>434300001</misses>
				<total>-13</total>
				<timestamp>2701.390656</timestamp>
			</report>
			<report>
				<misses>434400001</misses>
				<total>-13</total>
				<timestamp>2702.015240</timestamp>
			</report>
			<report>
				<misses>434500001</misses>
				<total>-13</total>
				<timestamp>2702.643716</timestamp>
			</report>
			<report>
				<misses>434600001</misses>
				<total>-13</total>
				<timestamp>2703.266402</timestamp>
			</report>
			<report>
				<misses>434700001</misses>
				<total>-13</total>
				<timestamp>2703.887633</timestamp>
			</report>
			<report>
				<misses>434800001</misses>
				<total>-13</total>
				<timestamp>2704.504374</timestamp>
			</report>
			<report>
				<misses>434900001</misses>
				<total>-13</total>
				<timestamp>2705.124213</timestamp>
			</report>
			<report>
				<misses>435000001</misses>
				<total>-13</total>
				<timestamp>2705.745928</timestamp>
			</report>
			<report>
				<misses>435100001</misses>
				<total>-13</total>
				<timestamp>2706.368076</timestamp>
			</report>
			<report>
				<misses>435200001</misses>
				<total>-13</total>
				<timestamp>2706.989218</timestamp>
			</report>
			<report>
				<misses>435300001</misses>
				<total>-13</total>
				<timestamp>2707.610831</timestamp>
			</report>
			<report>
				<misses>435400001</misses>
				<total>-13</total>
				<timestamp>2708.231702</timestamp>
			</report>
			<report>
				<misses>435500001</misses>
				<total>-13</total>
				<timestamp>2708.856171</timestamp>
			</report>
			<report>
				<misses>435600001</misses>
				<total>-13</total>
				<timestamp>2709.475610</timestamp>
			</report>
			<report>
				<misses>435700001</misses>
				<total>-13</total>
				<timestamp>2710.098799</timestamp>
			</report>
			<report>
				<misses>435800001</misses>
				<total>-13</total>
				<timestamp>2710.726868</timestamp>
			</report>
			<report>
				<misses>435900001</misses>
				<total>-13</total>
				<timestamp>2711.351471</timestamp>
			</report>
			<report>
				<misses>436000001</misses>
				<total>-13</total>
				<timestamp>2711.966300</timestamp>
			</report>
			<report>
				<misses>436100001</misses>
				<total>-13</total>
				<timestamp>2712.586515</timestamp>
			</report>
			<report>
				<misses>436200001</misses>
				<total>-13</total>
				<timestamp>2713.208394</timestamp>
			</report>
			<report>
				<misses>436300001</misses>
				<total>-13</total>
				<timestamp>2713.833894</timestamp>
			</report>
			<report>
				<misses>436400001</misses>
				<total>-13</total>
				<timestamp>2714.450895</timestamp>
			</report>
			<report>
				<misses>436500001</misses>
				<total>-13</total>
				<timestamp>2715.065718</timestamp>
			</report>
			<report>
				<misses>436600001</misses>
				<total>-13</total>
				<timestamp>2715.684787</timestamp>
			</report>
			<report>
				<misses>436700001</misses>
				<total>-13</total>
				<timestamp>2716.308883</timestamp>
			</report>
			<report>
				<misses>436800001</misses>
				<total>-13</total>
				<timestamp>2716.930040</timestamp>
			</report>
			<report>
				<misses>436900001</misses>
				<total>-13</total>
				<timestamp>2717.546643</timestamp>
			</report>
			<report>
				<misses>437000001</misses>
				<total>-13</total>
				<timestamp>2718.170220</timestamp>
			</report>
			<report>
				<misses>437100001</misses>
				<total>-13</total>
				<timestamp>2718.788921</timestamp>
			</report>
			<report>
				<misses>437200001</misses>
				<total>-13</total>
				<timestamp>2719.406671</timestamp>
			</report>
			<report>
				<misses>437300001</misses>
				<total>-13</total>
				<timestamp>2720.030386</timestamp>
			</report>
			<report>
				<misses>437400001</misses>
				<total>-13</total>
				<timestamp>2720.657310</timestamp>
			</report>
			<report>
				<misses>437500001</misses>
				<total>-13</total>
				<timestamp>2721.276608</timestamp>
			</report>
			<report>
				<misses>437600001</misses>
				<total>-13</total>
				<timestamp>2721.898633</timestamp>
			</report>
			<report>
				<misses>437700001</misses>
				<total>-13</total>
				<timestamp>2722.520925</timestamp>
			</report>
			<report>
				<misses>437800001</misses>
				<total>-13</total>
				<timestamp>2723.146559</timestamp>
			</report>
			<report>
				<misses>437900001</misses>
				<total>-13</total>
				<timestamp>2723.767557</timestamp>
			</report>
			<report>
				<misses>438000001</misses>
				<total>-13</total>
				<timestamp>2724.393053</timestamp>
			</report>
			<report>
				<misses>438100001</misses>
				<total>-13</total>
				<timestamp>2725.018819</timestamp>
			</report>
			<report>
				<misses>438200001</misses>
				<total>-13</total>
				<timestamp>2725.643291</timestamp>
			</report>
			<report>
				<misses>438300001</misses>
				<total>-13</total>
				<timestamp>2726.266992</timestamp>
			</report>
			<report>
				<misses>438400001</misses>
				<total>-13</total>
				<timestamp>2726.883193</timestamp>
			</report>
			<report>
				<misses>438500001</misses>
				<total>-13</total>
				<timestamp>2727.502503</timestamp>
			</report>
			<report>
				<misses>438600001</misses>
				<total>-13</total>
				<timestamp>2728.129946</timestamp>
			</report>
			<report>
				<misses>438700001</misses>
				<total>-13</total>
				<timestamp>2728.754550</timestamp>
			</report>
			<report>
				<misses>438800001</misses>
				<total>-13</total>
				<timestamp>2729.379145</timestamp>
			</report>
			<report>
				<misses>438900001</misses>
				<total>-13</total>
				<timestamp>2730.003897</timestamp>
			</report>
			<report>
				<misses>439000001</misses>
				<total>-13</total>
				<timestamp>2730.625652</timestamp>
			</report>
			<report>
				<misses>439100001</misses>
				<total>-13</total>
				<timestamp>2731.256589</timestamp>
			</report>
			<report>
				<misses>439200001</misses>
				<total>-13</total>
				<timestamp>2731.883499</timestamp>
			</report>
			<report>
				<misses>439300001</misses>
				<total>-13</total>
				<timestamp>2732.506814</timestamp>
			</report>
			<report>
				<misses>439400001</misses>
				<total>-13</total>
				<timestamp>2733.132845</timestamp>
			</report>
			<report>
				<misses>439500001</misses>
				<total>-13</total>
				<timestamp>2733.756400</timestamp>
			</report>
			<report>
				<misses>439600001</misses>
				<total>-13</total>
				<timestamp>2734.377908</timestamp>
			</report>
			<report>
				<misses>439700001</misses>
				<total>-13</total>
				<timestamp>2735.003292</timestamp>
			</report>
			<report>
				<misses>439800001</misses>
				<total>-13</total>
				<timestamp>2735.629096</timestamp>
			</report>
			<report>
				<misses>439900001</misses>
				<total>-13</total>
				<timestamp>2736.249315</timestamp>
			</report>
			<report>
				<misses>440000001</misses>
				<total>-13</total>
				<timestamp>2736.875993</timestamp>
			</report>
			<report>
				<misses>440100001</misses>
				<total>-13</total>
				<timestamp>2737.504602</timestamp>
			</report>
			<report>
				<misses>440200001</misses>
				<total>-13</total>
				<timestamp>2738.127560</timestamp>
			</report>
			<report>
				<misses>440300001</misses>
				<total>-13</total>
				<timestamp>2738.754632</timestamp>
			</report>
			<report>
				<misses>440400001</misses>
				<total>-13</total>
				<timestamp>2739.376667</timestamp>
			</report>
			<report>
				<misses>440500001</misses>
				<total>-13</total>
				<timestamp>2739.999083</timestamp>
			</report>
			<report>
				<misses>440600001</misses>
				<total>-13</total>
				<timestamp>2740.626141</timestamp>
			</report>
			<report>
				<misses>440700001</misses>
				<total>-13</total>
				<timestamp>2741.246618</timestamp>
			</report>
			<report>
				<misses>440800001</misses>
				<total>-13</total>
				<timestamp>2741.863853</timestamp>
			</report>
			<report>
				<misses>440900001</misses>
				<total>-13</total>
				<timestamp>2742.483811</timestamp>
			</report>
			<report>
				<misses>441000001</misses>
				<total>-13</total>
				<timestamp>2743.110249</timestamp>
			</report>
			<report>
				<misses>441100001</misses>
				<total>-13</total>
				<timestamp>2743.733341</timestamp>
			</report>
			<report>
				<misses>441200001</misses>
				<total>-13</total>
				<timestamp>2744.353563</timestamp>
			</report>
			<report>
				<misses>441300001</misses>
				<total>-13</total>
				<timestamp>2744.971458</timestamp>
			</report>
			<report>
				<misses>441400001</misses>
				<total>-13</total>
				<timestamp>2745.594616</timestamp>
			</report>
			<report>
				<misses>441500001</misses>
				<total>-13</total>
				<timestamp>2746.213187</timestamp>
			</report>
			<report>
				<misses>441600001</misses>
				<total>-13</total>
				<timestamp>2746.835090</timestamp>
			</report>
			<report>
				<misses>441700001</misses>
				<total>-13</total>
				<timestamp>2747.455874</timestamp>
			</report>
			<report>
				<misses>441800001</misses>
				<total>-13</total>
				<timestamp>2748.069381</timestamp>
			</report>
			<report>
				<misses>441900001</misses>
				<total>-13</total>
				<timestamp>2748.692056</timestamp>
			</report>
			<report>
				<misses>442000001</misses>
				<total>-13</total>
				<timestamp>2749.310688</timestamp>
			</report>
			<report>
				<misses>442100001</misses>
				<total>-13</total>
				<timestamp>2749.937887</timestamp>
			</report>
			<report>
				<misses>442200001</misses>
				<total>-13</total>
				<timestamp>2750.566893</timestamp>
			</report>
			<report>
				<misses>442300001</misses>
				<total>-13</total>
				<timestamp>2751.189293</timestamp>
			</report>
			<report>
				<misses>442400001</misses>
				<total>-13</total>
				<timestamp>2751.809769</timestamp>
			</report>
			<report>
				<misses>442500001</misses>
				<total>-13</total>
				<timestamp>2752.431530</timestamp>
			</report>
			<report>
				<misses>442600001</misses>
				<total>-13</total>
				<timestamp>2753.061812</timestamp>
			</report>
			<report>
				<misses>442700001</misses>
				<total>-13</total>
				<timestamp>2753.683711</timestamp>
			</report>
			<report>
				<misses>442800001</misses>
				<total>-13</total>
				<timestamp>2754.304717</timestamp>
			</report>
			<report>
				<misses>442900001</misses>
				<total>-13</total>
				<timestamp>2754.924926</timestamp>
			</report>
			<report>
				<misses>443000001</misses>
				<total>-13</total>
				<timestamp>2755.548231</timestamp>
			</report>
			<report>
				<misses>443100001</misses>
				<total>-13</total>
				<timestamp>2756.171783</timestamp>
			</report>
			<report>
				<misses>443200001</misses>
				<total>-13</total>
				<timestamp>2756.798639</timestamp>
			</report>
			<report>
				<misses>443300001</misses>
				<total>-13</total>
				<timestamp>2757.423088</timestamp>
			</report>
			<report>
				<misses>443400001</misses>
				<total>-13</total>
				<timestamp>2758.050157</timestamp>
			</report>
			<report>
				<misses>443500001</misses>
				<total>-13</total>
				<timestamp>2758.675319</timestamp>
			</report>
			<report>
				<misses>443600001</misses>
				<total>-13</total>
				<timestamp>2759.302813</timestamp>
			</report>
			<report>
				<misses>443700001</misses>
				<total>-13</total>
				<timestamp>2759.929465</timestamp>
			</report>
			<report>
				<misses>443800001</misses>
				<total>-13</total>
				<timestamp>2760.552441</timestamp>
			</report>
			<report>
				<misses>443900001</misses>
				<total>-13</total>
				<timestamp>2761.176273</timestamp>
			</report>
			<report>
				<misses>444000001</misses>
				<total>-13</total>
				<timestamp>2761.798161</timestamp>
			</report>
			<report>
				<misses>444100001</misses>
				<total>-13</total>
				<timestamp>2762.419702</timestamp>
			</report>
			<report>
				<misses>444200001</misses>
				<total>-13</total>
				<timestamp>2763.042243</timestamp>
			</report>
			<report>
				<misses>444300001</misses>
				<total>-13</total>
				<timestamp>2763.664175</timestamp>
			</report>
			<report>
				<misses>444400001</misses>
				<total>-13</total>
				<timestamp>2764.291993</timestamp>
			</report>
			<report>
				<misses>444500001</misses>
				<total>-13</total>
				<timestamp>2764.914415</timestamp>
			</report>
			<report>
				<misses>444600001</misses>
				<total>-13</total>
				<timestamp>2765.537989</timestamp>
			</report>
			<report>
				<misses>444700001</misses>
				<total>-13</total>
				<timestamp>2766.162896</timestamp>
			</report>
			<report>
				<misses>444800001</misses>
				<total>-13</total>
				<timestamp>2766.783496</timestamp>
			</report>
			<report>
				<misses>444900001</misses>
				<total>-13</total>
				<timestamp>2767.404512</timestamp>
			</report>
			<report>
				<misses>445000001</misses>
				<total>-13</total>
				<timestamp>2768.027042</timestamp>
			</report>
			<report>
				<misses>445100001</misses>
				<total>-13</total>
				<timestamp>2768.654487</timestamp>
			</report>
			<report>
				<misses>445200001</misses>
				<total>-13</total>
				<timestamp>2769.279350</timestamp>
			</report>
			<report>
				<misses>445300001</misses>
				<total>-13</total>
				<timestamp>2769.903336</timestamp>
			</report>
			<report>
				<misses>445400001</misses>
				<total>-13</total>
				<timestamp>2770.531726</timestamp>
			</report>
			<report>
				<misses>445500001</misses>
				<total>-13</total>
				<timestamp>2771.150997</timestamp>
			</report>
			<report>
				<misses>445600001</misses>
				<total>-13</total>
				<timestamp>2771.772405</timestamp>
			</report>
			<report>
				<misses>445700001</misses>
				<total>-13</total>
				<timestamp>2772.391734</timestamp>
			</report>
			<report>
				<misses>445800001</misses>
				<total>-13</total>
				<timestamp>2773.021514</timestamp>
			</report>
			<report>
				<misses>445900001</misses>
				<total>-13</total>
				<timestamp>2773.646142</timestamp>
			</report>
			<report>
				<misses>446000001</misses>
				<total>-13</total>
				<timestamp>2774.278907</timestamp>
			</report>
			<report>
				<misses>446100001</misses>
				<total>-13</total>
				<timestamp>2774.902568</timestamp>
			</report>
			<report>
				<misses>446200001</misses>
				<total>-13</total>
				<timestamp>2775.526030</timestamp>
			</report>
			<report>
				<misses>446300001</misses>
				<total>-13</total>
				<timestamp>2776.147409</timestamp>
			</report>
			<report>
				<misses>446400001</misses>
				<total>-13</total>
				<timestamp>2776.769313</timestamp>
			</report>
			<report>
				<misses>446500001</misses>
				<total>-13</total>
				<timestamp>2777.392770</timestamp>
			</report>
			<report>
				<misses>446600001</misses>
				<total>-13</total>
				<timestamp>2778.013791</timestamp>
			</report>
			<report>
				<misses>446700001</misses>
				<total>-13</total>
				<timestamp>2778.639040</timestamp>
			</report>
			<report>
				<misses>446800001</misses>
				<total>-13</total>
				<timestamp>2779.261327</timestamp>
			</report>
			<report>
				<misses>446900001</misses>
				<total>-13</total>
				<timestamp>2779.877571</timestamp>
			</report>
			<report>
				<misses>447000001</misses>
				<total>-13</total>
				<timestamp>2780.497866</timestamp>
			</report>
			<report>
				<misses>447100001</misses>
				<total>-13</total>
				<timestamp>2781.112285</timestamp>
			</report>
			<report>
				<misses>447200001</misses>
				<total>-13</total>
				<timestamp>2781.732519</timestamp>
			</report>
			<report>
				<misses>447300001</misses>
				<total>-13</total>
				<timestamp>2782.354905</timestamp>
			</report>
			<report>
				<misses>447400001</misses>
				<total>-13</total>
				<timestamp>2782.973074</timestamp>
			</report>
			<report>
				<misses>447500001</misses>
				<total>-13</total>
				<timestamp>2783.600646</timestamp>
			</report>
			<report>
				<misses>447600001</misses>
				<total>-13</total>
				<timestamp>2784.218776</timestamp>
			</report>
			<report>
				<misses>447700001</misses>
				<total>-13</total>
				<timestamp>2784.839663</timestamp>
			</report>
			<report>
				<misses>447800001</misses>
				<total>-13</total>
				<timestamp>2785.456440</timestamp>
			</report>
			<report>
				<misses>447900001</misses>
				<total>-13</total>
				<timestamp>2786.072455</timestamp>
			</report>
			<report>
				<misses>448000001</misses>
				<total>-13</total>
				<timestamp>2786.691250</timestamp>
			</report>
			<report>
				<misses>448100001</misses>
				<total>-13</total>
				<timestamp>2787.313747</timestamp>
			</report>
			<report>
				<misses>448200001</misses>
				<total>-13</total>
				<timestamp>2787.935315</timestamp>
			</report>
			<report>
				<misses>448300001</misses>
				<total>-13</total>
				<timestamp>2788.561752</timestamp>
			</report>
			<report>
				<misses>448400001</misses>
				<total>-13</total>
				<timestamp>2789.186662</timestamp>
			</report>
			<report>
				<misses>448500001</misses>
				<total>-13</total>
				<timestamp>2789.811213</timestamp>
			</report>
			<report>
				<misses>448600001</misses>
				<total>-13</total>
				<timestamp>2790.434520</timestamp>
			</report>
			<report>
				<misses>448700001</misses>
				<total>-13</total>
				<timestamp>2791.051517</timestamp>
			</report>
			<report>
				<misses>448800001</misses>
				<total>-13</total>
				<timestamp>2791.677017</timestamp>
			</report>
			<report>
				<misses>448900001</misses>
				<total>-13</total>
				<timestamp>2792.300075</timestamp>
			</report>
			<report>
				<misses>449000001</misses>
				<total>-13</total>
				<timestamp>2792.918641</timestamp>
			</report>
			<report>
				<misses>449100001</misses>
				<total>-13</total>
				<timestamp>2793.541681</timestamp>
			</report>
			<report>
				<misses>449200001</misses>
				<total>-13</total>
				<timestamp>2794.162953</timestamp>
			</report>
			<report>
				<misses>449300001</misses>
				<total>-13</total>
				<timestamp>2794.787665</timestamp>
			</report>
			<report>
				<misses>449400001</misses>
				<total>-13</total>
				<timestamp>2795.406458</timestamp>
			</report>
			<report>
				<misses>449500001</misses>
				<total>-13</total>
				<timestamp>2796.027715</timestamp>
			</report>
			<report>
				<misses>449600001</misses>
				<total>-13</total>
				<timestamp>2796.650531</timestamp>
			</report>
			<report>
				<misses>449700001</misses>
				<total>-13</total>
				<timestamp>2797.268682</timestamp>
			</report>
			<report>
				<misses>449800001</misses>
				<total>-13</total>
				<timestamp>2797.885667</timestamp>
			</report>
			<report>
				<misses>449900001</misses>
				<total>-13</total>
				<timestamp>2798.511548</timestamp>
			</report>
			<report>
				<misses>450000001</misses>
				<total>-13</total>
				<timestamp>2799.127166</timestamp>
			</report>
			<report>
				<misses>450100001</misses>
				<total>-13</total>
				<timestamp>2799.745451</timestamp>
			</report>
			<report>
				<misses>450200001</misses>
				<total>-13</total>
				<timestamp>2800.366576</timestamp>
			</report>
			<report>
				<misses>450300001</misses>
				<total>-13</total>
				<timestamp>2800.993230</timestamp>
			</report>
			<report>
				<misses>450400001</misses>
				<total>-13</total>
				<timestamp>2801.616158</timestamp>
			</report>
			<report>
				<misses>450500001</misses>
				<total>-13</total>
				<timestamp>2802.235344</timestamp>
			</report>
			<report>
				<misses>450600001</misses>
				<total>-13</total>
				<timestamp>2802.856842</timestamp>
			</report>
			<report>
				<misses>450700001</misses>
				<total>-13</total>
				<timestamp>2803.486863</timestamp>
			</report>
			<report>
				<misses>450800001</misses>
				<total>-13</total>
				<timestamp>2804.106441</timestamp>
			</report>
			<report>
				<misses>450900001</misses>
				<total>-13</total>
				<timestamp>2804.731542</timestamp>
			</report>
			<report>
				<misses>451000001</misses>
				<total>-13</total>
				<timestamp>2805.353447</timestamp>
			</report>
			<report>
				<misses>451100001</misses>
				<total>-13</total>
				<timestamp>2805.973394</timestamp>
			</report>
			<report>
				<misses>451200001</misses>
				<total>-13</total>
				<timestamp>2806.596461</timestamp>
			</report>
			<report>
				<misses>451300001</misses>
				<total>-13</total>
				<timestamp>2807.215764</timestamp>
			</report>
			<report>
				<misses>451400001</misses>
				<total>-13</total>
				<timestamp>2807.843988</timestamp>
			</report>
			<report>
				<misses>451500001</misses>
				<total>-13</total>
				<timestamp>2808.468196</timestamp>
			</report>
			<report>
				<misses>451600001</misses>
				<total>-13</total>
				<timestamp>2809.084806</timestamp>
			</report>
			<report>
				<misses>451700001</misses>
				<total>-13</total>
				<timestamp>2809.706317</timestamp>
			</report>
			<report>
				<misses>451800001</misses>
				<total>-13</total>
				<timestamp>2810.330790</timestamp>
			</report>
			<report>
				<misses>451900001</misses>
				<total>-13</total>
				<timestamp>2810.953199</timestamp>
			</report>
			<report>
				<misses>452000001</misses>
				<total>-13</total>
				<timestamp>2811.569528</timestamp>
			</report>
			<report>
				<misses>452100001</misses>
				<total>-13</total>
				<timestamp>2812.186478</timestamp>
			</report>
			<report>
				<misses>452200001</misses>
				<total>-13</total>
				<timestamp>2812.806682</timestamp>
			</report>
			<report>
				<misses>452300001</misses>
				<total>-13</total>
				<timestamp>2813.423948</timestamp>
			</report>
			<report>
				<misses>452400001</misses>
				<total>-13</total>
				<timestamp>2814.042403</timestamp>
			</report>
			<report>
				<misses>452500001</misses>
				<total>-13</total>
				<timestamp>2814.670924</timestamp>
			</report>
			<report>
				<misses>452600001</misses>
				<total>-13</total>
				<timestamp>2815.293862</timestamp>
			</report>
			<report>
				<misses>452700001</misses>
				<total>-13</total>
				<timestamp>2815.910943</timestamp>
			</report>
			<report>
				<misses>452800001</misses>
				<total>-13</total>
				<timestamp>2816.535934</timestamp>
			</report>
			<report>
				<misses>452900001</misses>
				<total>-13</total>
				<timestamp>2817.159719</timestamp>
			</report>
			<report>
				<misses>453000001</misses>
				<total>-13</total>
				<timestamp>2817.782080</timestamp>
			</report>
			<report>
				<misses>453100001</misses>
				<total>-13</total>
				<timestamp>2818.409981</timestamp>
			</report>
			<report>
				<misses>453200001</misses>
				<total>-13</total>
				<timestamp>2819.030466</timestamp>
			</report>
			<report>
				<misses>453300001</misses>
				<total>-13</total>
				<timestamp>2819.650709</timestamp>
			</report>
			<report>
				<misses>453400001</misses>
				<total>-13</total>
				<timestamp>2820.273878</timestamp>
			</report>
			<report>
				<misses>453500001</misses>
				<total>-13</total>
				<timestamp>2820.895788</timestamp>
			</report>
			<report>
				<misses>453600001</misses>
				<total>-13</total>
				<timestamp>2821.515078</timestamp>
			</report>
			<report>
				<misses>453700001</misses>
				<total>-13</total>
				<timestamp>2822.137770</timestamp>
			</report>
			<report>
				<misses>453800001</misses>
				<total>-13</total>
				<timestamp>2822.761070</timestamp>
			</report>
			<report>
				<misses>453900001</misses>
				<total>-13</total>
				<timestamp>2823.384786</timestamp>
			</report>
			<report>
				<misses>454000001</misses>
				<total>-13</total>
				<timestamp>2824.005629</timestamp>
			</report>
			<report>
				<misses>454100001</misses>
				<total>-13</total>
				<timestamp>2824.629327</timestamp>
			</report>
			<report>
				<misses>454200001</misses>
				<total>-13</total>
				<timestamp>2825.250319</timestamp>
			</report>
			<report>
				<misses>454300001</misses>
				<total>-13</total>
				<timestamp>2825.866279</timestamp>
			</report>
			<report>
				<misses>454400001</misses>
				<total>-13</total>
				<timestamp>2826.483784</timestamp>
			</report>
			<report>
				<misses>454500001</misses>
				<total>-13</total>
				<timestamp>2827.106260</timestamp>
			</report>
			<report>
				<misses>454600001</misses>
				<total>-13</total>
				<timestamp>2827.725848</timestamp>
			</report>
			<report>
				<misses>454700001</misses>
				<total>-13</total>
				<timestamp>2828.348642</timestamp>
			</report>
			<report>
				<misses>454800001</misses>
				<total>-13</total>
				<timestamp>2828.980201</timestamp>
			</report>
			<report>
				<misses>454900001</misses>
				<total>-13</total>
				<timestamp>2829.597070</timestamp>
			</report>
			<report>
				<misses>455000001</misses>
				<total>-13</total>
				<timestamp>2830.224759</timestamp>
			</report>
			<report>
				<misses>455100001</misses>
				<total>-13</total>
				<timestamp>2830.849627</timestamp>
			</report>
			<report>
				<misses>455200001</misses>
				<total>-13</total>
				<timestamp>2831.474483</timestamp>
			</report>
			<report>
				<misses>455300001</misses>
				<total>-13</total>
				<timestamp>2832.100535</timestamp>
			</report>
			<report>
				<misses>455400001</misses>
				<total>-13</total>
				<timestamp>2832.727962</timestamp>
			</report>
			<report>
				<misses>455500001</misses>
				<total>-13</total>
				<timestamp>2833.360448</timestamp>
			</report>
			<report>
				<misses>455600001</misses>
				<total>-13</total>
				<timestamp>2833.991227</timestamp>
			</report>
			<report>
				<misses>455700001</misses>
				<total>-13</total>
				<timestamp>2834.606699</timestamp>
			</report>
			<report>
				<misses>455800001</misses>
				<total>-13</total>
				<timestamp>2835.233201</timestamp>
			</report>
			<report>
				<misses>455900001</misses>
				<total>-13</total>
				<timestamp>2835.856386</timestamp>
			</report>
			<report>
				<misses>456000001</misses>
				<total>-13</total>
				<timestamp>2836.479727</timestamp>
			</report>
			<report>
				<misses>456100001</misses>
				<total>-13</total>
				<timestamp>2837.098517</timestamp>
			</report>
			<report>
				<misses>456200001</misses>
				<total>-13</total>
				<timestamp>2837.714210</timestamp>
			</report>
			<report>
				<misses>456300001</misses>
				<total>-13</total>
				<timestamp>2838.332552</timestamp>
			</report>
			<report>
				<misses>456400001</misses>
				<total>-13</total>
				<timestamp>2838.951902</timestamp>
			</report>
			<report>
				<misses>456500001</misses>
				<total>-13</total>
				<timestamp>2839.567196</timestamp>
			</report>
			<report>
				<misses>456600001</misses>
				<total>-13</total>
				<timestamp>2840.186510</timestamp>
			</report>
			<report>
				<misses>456700001</misses>
				<total>-13</total>
				<timestamp>2840.810997</timestamp>
			</report>
			<report>
				<misses>456800001</misses>
				<total>-13</total>
				<timestamp>2841.428672</timestamp>
			</report>
			<report>
				<misses>456900001</misses>
				<total>-13</total>
				<timestamp>2842.046933</timestamp>
			</report>
			<report>
				<misses>457000001</misses>
				<total>-13</total>
				<timestamp>2842.665903</timestamp>
			</report>
			<report>
				<misses>457100001</misses>
				<total>-13</total>
				<timestamp>2843.284565</timestamp>
			</report>
			<report>
				<misses>457200001</misses>
				<total>-13</total>
				<timestamp>2843.908653</timestamp>
			</report>
			<report>
				<misses>457300001</misses>
				<total>-13</total>
				<timestamp>2844.529377</timestamp>
			</report>
			<report>
				<misses>457400001</misses>
				<total>-13</total>
				<timestamp>2845.155152</timestamp>
			</report>
			<report>
				<misses>457500001</misses>
				<total>-13</total>
				<timestamp>2845.777172</timestamp>
			</report>
			<report>
				<misses>457600001</misses>
				<total>-13</total>
				<timestamp>2846.399452</timestamp>
			</report>
			<report>
				<misses>457700001</misses>
				<total>-13</total>
				<timestamp>2847.018756</timestamp>
			</report>
			<report>
				<misses>457800001</misses>
				<total>-13</total>
				<timestamp>2847.638582</timestamp>
			</report>
			<report>
				<misses>457900001</misses>
				<total>-13</total>
				<timestamp>2848.260742</timestamp>
			</report>
			<report>
				<misses>458000001</misses>
				<total>-13</total>
				<timestamp>2848.879015</timestamp>
			</report>
			<report>
				<misses>458100001</misses>
				<total>-13</total>
				<timestamp>2849.494840</timestamp>
			</report>
			<report>
				<misses>458200001</misses>
				<total>-13</total>
				<timestamp>2850.119702</timestamp>
			</report>
			<report>
				<misses>458300001</misses>
				<total>-13</total>
				<timestamp>2850.747795</timestamp>
			</report>
			<report>
				<misses>458400001</misses>
				<total>-13</total>
				<timestamp>2851.366476</timestamp>
			</report>
			<report>
				<misses>458500001</misses>
				<total>-13</total>
				<timestamp>2851.990297</timestamp>
			</report>
			<report>
				<misses>458600001</misses>
				<total>-13</total>
				<timestamp>2852.616842</timestamp>
			</report>
			<report>
				<misses>458700001</misses>
				<total>-13</total>
				<timestamp>2853.245175</timestamp>
			</report>
			<report>
				<misses>458800001</misses>
				<total>-13</total>
				<timestamp>2853.865542</timestamp>
			</report>
			<report>
				<misses>458900001</misses>
				<total>-13</total>
				<timestamp>2854.487804</timestamp>
			</report>
			<report>
				<misses>459000001</misses>
				<total>-13</total>
				<timestamp>2855.107378</timestamp>
			</report>
			<report>
				<misses>459100001</misses>
				<total>-13</total>
				<timestamp>2855.736128</timestamp>
			</report>
			<report>
				<misses>459200001</misses>
				<total>-13</total>
				<timestamp>2856.361093</timestamp>
			</report>
			<report>
				<misses>459300001</misses>
				<total>-13</total>
				<timestamp>2856.985745</timestamp>
			</report>
			<report>
				<misses>459400001</misses>
				<total>-13</total>
				<timestamp>2857.605651</timestamp>
			</report>
			<report>
				<misses>459500001</misses>
				<total>-13</total>
				<timestamp>2858.228106</timestamp>
			</report>
			<report>
				<misses>459600001</misses>
				<total>-13</total>
				<timestamp>2858.848957</timestamp>
			</report>
			<report>
				<misses>459700001</misses>
				<total>-13</total>
				<timestamp>2859.468942</timestamp>
			</report>
			<report>
				<misses>459800001</misses>
				<total>-13</total>
				<timestamp>2860.092068</timestamp>
			</report>
			<report>
				<misses>459900001</misses>
				<total>-13</total>
				<timestamp>2860.714999</timestamp>
			</report>
			<report>
				<misses>460000001</misses>
				<total>-13</total>
				<timestamp>2861.340379</timestamp>
			</report>
			<report>
				<misses>460100001</misses>
				<total>-13</total>
				<timestamp>2861.962123</timestamp>
			</report>
			<report>
				<misses>460200001</misses>
				<total>-13</total>
				<timestamp>2862.584013</timestamp>
			</report>
			<report>
				<misses>460300001</misses>
				<total>-13</total>
				<timestamp>2863.206433</timestamp>
			</report>
			<report>
				<misses>460400001</misses>
				<total>-13</total>
				<timestamp>2863.829475</timestamp>
			</report>
			<report>
				<misses>460500001</misses>
				<total>-13</total>
				<timestamp>2864.454345</timestamp>
			</report>
			<report>
				<misses>460600001</misses>
				<total>-13</total>
				<timestamp>2865.075735</timestamp>
			</report>
			<report>
				<misses>460700001</misses>
				<total>-13</total>
				<timestamp>2865.695029</timestamp>
			</report>
			<report>
				<misses>460800001</misses>
				<total>-13</total>
				<timestamp>2866.317181</timestamp>
			</report>
			<report>
				<misses>460900001</misses>
				<total>-13</total>
				<timestamp>2866.940881</timestamp>
			</report>
			<report>
				<misses>461000001</misses>
				<total>-13</total>
				<timestamp>2867.569497</timestamp>
			</report>
			<report>
				<misses>461100001</misses>
				<total>-13</total>
				<timestamp>2868.185448</timestamp>
			</report>
			<report>
				<misses>461200001</misses>
				<total>-13</total>
				<timestamp>2868.805925</timestamp>
			</report>
			<report>
				<misses>461300001</misses>
				<total>-13</total>
				<timestamp>2869.430516</timestamp>
			</report>
			<report>
				<misses>461400001</misses>
				<total>-13</total>
				<timestamp>2870.055780</timestamp>
			</report>
			<report>
				<misses>461500001</misses>
				<total>-13</total>
				<timestamp>2870.679996</timestamp>
			</report>
			<report>
				<misses>461600001</misses>
				<total>-13</total>
				<timestamp>2871.295436</timestamp>
			</report>
			<report>
				<misses>461700001</misses>
				<total>-13</total>
				<timestamp>2871.917843</timestamp>
			</report>
			<report>
				<misses>461800001</misses>
				<total>-13</total>
				<timestamp>2872.543977</timestamp>
			</report>
			<report>
				<misses>461900001</misses>
				<total>-13</total>
				<timestamp>2873.170142</timestamp>
			</report>
			<report>
				<misses>462000001</misses>
				<total>-13</total>
				<timestamp>2873.790752</timestamp>
			</report>
			<report>
				<misses>462100001</misses>
				<total>-13</total>
				<timestamp>2874.409281</timestamp>
			</report>
			<report>
				<misses>462200001</misses>
				<total>-13</total>
				<timestamp>2875.020995</timestamp>
			</report>
			<report>
				<misses>462300001</misses>
				<total>-13</total>
				<timestamp>2875.640302</timestamp>
			</report>
			<report>
				<misses>462400001</misses>
				<total>-13</total>
				<timestamp>2876.258960</timestamp>
			</report>
			<report>
				<misses>462500001</misses>
				<total>-13</total>
				<timestamp>2876.876339</timestamp>
			</report>
			<report>
				<misses>462600001</misses>
				<total>-13</total>
				<timestamp>2877.498622</timestamp>
			</report>
			<report>
				<misses>462700001</misses>
				<total>-13</total>
				<timestamp>2878.115346</timestamp>
			</report>
			<report>
				<misses>462800001</misses>
				<total>-13</total>
				<timestamp>2878.739955</timestamp>
			</report>
			<report>
				<misses>462900001</misses>
				<total>-13</total>
				<timestamp>2879.365590</timestamp>
			</report>
			<report>
				<misses>463000001</misses>
				<total>-13</total>
				<timestamp>2879.985271</timestamp>
			</report>
			<report>
				<misses>463100001</misses>
				<total>-13</total>
				<timestamp>2880.607625</timestamp>
			</report>
			<report>
				<misses>463200001</misses>
				<total>-13</total>
				<timestamp>2881.227861</timestamp>
			</report>
			<report>
				<misses>463300001</misses>
				<total>-13</total>
				<timestamp>2881.846101</timestamp>
			</report>
			<report>
				<misses>463400001</misses>
				<total>-13</total>
				<timestamp>2882.462227</timestamp>
			</report>
			<report>
				<misses>463500001</misses>
				<total>-13</total>
				<timestamp>2883.080803</timestamp>
			</report>
			<report>
				<misses>463600001</misses>
				<total>-13</total>
				<timestamp>2883.705143</timestamp>
			</report>
			<report>
				<misses>463700001</misses>
				<total>-13</total>
				<timestamp>2884.322882</timestamp>
			</report>
			<report>
				<misses>463800001</misses>
				<total>-13</total>
				<timestamp>2884.944939</timestamp>
			</report>
			<report>
				<misses>463900001</misses>
				<total>-13</total>
				<timestamp>2885.567386</timestamp>
			</report>
			<report>
				<misses>464000001</misses>
				<total>-13</total>
				<timestamp>2886.184691</timestamp>
			</report>
			<report>
				<misses>464100001</misses>
				<total>-13</total>
				<timestamp>2886.809153</timestamp>
			</report>
			<report>
				<misses>464200001</misses>
				<total>-13</total>
				<timestamp>2887.435536</timestamp>
			</report>
			<report>
				<misses>464300001</misses>
				<total>-13</total>
				<timestamp>2888.064952</timestamp>
			</report>
			<report>
				<misses>464400001</misses>
				<total>-13</total>
				<timestamp>2888.687707</timestamp>
			</report>
			<report>
				<misses>464500001</misses>
				<total>-13</total>
				<timestamp>2889.307874</timestamp>
			</report>
			<report>
				<misses>464600001</misses>
				<total>-13</total>
				<timestamp>2889.930637</timestamp>
			</report>
			<report>
				<misses>464700001</misses>
				<total>-13</total>
				<timestamp>2890.552041</timestamp>
			</report>
			<report>
				<misses>464800001</misses>
				<total>-13</total>
				<timestamp>2891.178372</timestamp>
			</report>
			<report>
				<misses>464900001</misses>
				<total>-13</total>
				<timestamp>2891.801298</timestamp>
			</report>
			<report>
				<misses>465000001</misses>
				<total>-13</total>
				<timestamp>2892.428120</timestamp>
			</report>
			<report>
				<misses>465100001</misses>
				<total>-13</total>
				<timestamp>2893.051461</timestamp>
			</report>
			<report>
				<misses>465200001</misses>
				<total>-13</total>
				<timestamp>2893.675548</timestamp>
			</report>
			<report>
				<misses>465300001</misses>
				<total>-13</total>
				<timestamp>2894.293438</timestamp>
			</report>
			<report>
				<misses>465400001</misses>
				<total>-13</total>
				<timestamp>2894.913368</timestamp>
			</report>
			<report>
				<misses>465500001</misses>
				<total>-13</total>
				<timestamp>2895.532539</timestamp>
			</report>
			<report>
				<misses>465600001</misses>
				<total>-13</total>
				<timestamp>2896.145659</timestamp>
			</report>
			<report>
				<misses>465700001</misses>
				<total>-13</total>
				<timestamp>2896.760966</timestamp>
			</report>
			<report>
				<misses>465800001</misses>
				<total>-13</total>
				<timestamp>2897.380020</timestamp>
			</report>
			<report>
				<misses>465900001</misses>
				<total>-13</total>
				<timestamp>2897.998703</timestamp>
			</report>
			<report>
				<misses>466000001</misses>
				<total>-13</total>
				<timestamp>2898.622262</timestamp>
			</report>
			<report>
				<misses>466100001</misses>
				<total>-13</total>
				<timestamp>2899.238331</timestamp>
			</report>
			<report>
				<misses>466200001</misses>
				<total>-13</total>
				<timestamp>2899.862738</timestamp>
			</report>
			<report>
				<misses>466300001</misses>
				<total>-13</total>
				<timestamp>2900.484697</timestamp>
			</report>
			<report>
				<misses>466400001</misses>
				<total>-13</total>
				<timestamp>2901.109565</timestamp>
			</report>
			<report>
				<misses>466500001</misses>
				<total>-13</total>
				<timestamp>2901.728877</timestamp>
			</report>
			<report>
				<misses>466600001</misses>
				<total>-13</total>
				<timestamp>2902.349738</timestamp>
			</report>
			<report>
				<misses>466700001</misses>
				<total>-13</total>
				<timestamp>2902.966196</timestamp>
			</report>
			<report>
				<misses>466800001</misses>
				<total>-13</total>
				<timestamp>2903.581399</timestamp>
			</report>
			<report>
				<misses>466900001</misses>
				<total>-13</total>
				<timestamp>2904.198772</timestamp>
			</report>
			<report>
				<misses>467000001</misses>
				<total>-13</total>
				<timestamp>2904.820136</timestamp>
			</report>
			<report>
				<misses>467100001</misses>
				<total>-13</total>
				<timestamp>2905.441528</timestamp>
			</report>
			<report>
				<misses>467200001</misses>
				<total>-13</total>
				<timestamp>2906.065466</timestamp>
			</report>
			<report>
				<misses>467300001</misses>
				<total>-13</total>
				<timestamp>2906.689054</timestamp>
			</report>
			<report>
				<misses>467400001</misses>
				<total>-13</total>
				<timestamp>2907.313096</timestamp>
			</report>
			<report>
				<misses>467500001</misses>
				<total>-13</total>
				<timestamp>2907.934990</timestamp>
			</report>
			<report>
				<misses>467600001</misses>
				<total>-13</total>
				<timestamp>2908.557020</timestamp>
			</report>
			<report>
				<misses>467700001</misses>
				<total>-13</total>
				<timestamp>2909.173230</timestamp>
			</report>
			<report>
				<misses>467800001</misses>
				<total>-13</total>
				<timestamp>2909.794866</timestamp>
			</report>
			<report>
				<misses>467900001</misses>
				<total>-13</total>
				<timestamp>2910.413531</timestamp>
			</report>
			<report>
				<misses>468000001</misses>
				<total>-13</total>
				<timestamp>2911.033870</timestamp>
			</report>
			<report>
				<misses>468100001</misses>
				<total>-13</total>
				<timestamp>2911.654494</timestamp>
			</report>
			<report>
				<misses>468200001</misses>
				<total>-13</total>
				<timestamp>2912.277305</timestamp>
			</report>
			<report>
				<misses>468300001</misses>
				<total>-13</total>
				<timestamp>2912.898672</timestamp>
			</report>
			<report>
				<misses>468400001</misses>
				<total>-13</total>
				<timestamp>2913.523822</timestamp>
			</report>
			<report>
				<misses>468500001</misses>
				<total>-13</total>
				<timestamp>2914.154114</timestamp>
			</report>
			<report>
				<misses>468600001</misses>
				<total>-13</total>
				<timestamp>2914.786570</timestamp>
			</report>
			<report>
				<misses>468700001</misses>
				<total>-13</total>
				<timestamp>2915.414795</timestamp>
			</report>
			<report>
				<misses>468800001</misses>
				<total>-13</total>
				<timestamp>2916.034340</timestamp>
			</report>
			<report>
				<misses>468900001</misses>
				<total>-13</total>
				<timestamp>2916.657559</timestamp>
			</report>
			<report>
				<misses>469000001</misses>
				<total>-13</total>
				<timestamp>2917.279961</timestamp>
			</report>
			<report>
				<misses>469100001</misses>
				<total>-13</total>
				<timestamp>2917.902521</timestamp>
			</report>
			<report>
				<misses>469200001</misses>
				<total>-13</total>
				<timestamp>2918.523646</timestamp>
			</report>
			<report>
				<misses>469300001</misses>
				<total>-13</total>
				<timestamp>2919.151198</timestamp>
			</report>
			<report>
				<misses>469400001</misses>
				<total>-13</total>
				<timestamp>2919.771706</timestamp>
			</report>
			<report>
				<misses>469500001</misses>
				<total>-13</total>
				<timestamp>2920.394355</timestamp>
			</report>
			<report>
				<misses>469600001</misses>
				<total>-13</total>
				<timestamp>2921.013305</timestamp>
			</report>
			<report>
				<misses>469700001</misses>
				<total>-13</total>
				<timestamp>2921.632607</timestamp>
			</report>
			<report>
				<misses>469800001</misses>
				<total>-13</total>
				<timestamp>2922.253256</timestamp>
			</report>
			<report>
				<misses>469900001</misses>
				<total>-13</total>
				<timestamp>2922.871279</timestamp>
			</report>
			<report>
				<misses>470000001</misses>
				<total>-13</total>
				<timestamp>2923.487770</timestamp>
			</report>
			<report>
				<misses>470100001</misses>
				<total>-13</total>
				<timestamp>2924.108094</timestamp>
			</report>
			<report>
				<misses>470200001</misses>
				<total>-13</total>
				<timestamp>2924.730489</timestamp>
			</report>
			<report>
				<misses>470300001</misses>
				<total>-13</total>
				<timestamp>2925.356901</timestamp>
			</report>
			<report>
				<misses>470400001</misses>
				<total>-13</total>
				<timestamp>2925.976218</timestamp>
			</report>
			<report>
				<misses>470500001</misses>
				<total>-13</total>
				<timestamp>2926.599923</timestamp>
			</report>
			<report>
				<misses>470600001</misses>
				<total>-13</total>
				<timestamp>2927.219869</timestamp>
			</report>
			<report>
				<misses>470700001</misses>
				<total>-13</total>
				<timestamp>2927.846419</timestamp>
			</report>
			<report>
				<misses>470800001</misses>
				<total>-13</total>
				<timestamp>2928.471934</timestamp>
			</report>
			<report>
				<misses>470900001</misses>
				<total>-13</total>
				<timestamp>2929.088517</timestamp>
			</report>
			<report>
				<misses>471000001</misses>
				<total>-13</total>
				<timestamp>2929.710283</timestamp>
			</report>
			<report>
				<misses>471100001</misses>
				<total>-13</total>
				<timestamp>2930.329607</timestamp>
			</report>
			<report>
				<misses>471200001</misses>
				<total>-13</total>
				<timestamp>2930.944138</timestamp>
			</report>
			<report>
				<misses>471300001</misses>
				<total>-13</total>
				<timestamp>2931.568871</timestamp>
			</report>
			<report>
				<misses>471400001</misses>
				<total>-13</total>
				<timestamp>2932.190123</timestamp>
			</report>
			<report>
				<misses>471500001</misses>
				<total>-13</total>
				<timestamp>2932.812011</timestamp>
			</report>
			<report>
				<misses>471600001</misses>
				<total>-13</total>
				<timestamp>2933.433140</timestamp>
			</report>
			<report>
				<misses>471700001</misses>
				<total>-13</total>
				<timestamp>2934.051544</timestamp>
			</report>
			<report>
				<misses>471800001</misses>
				<total>-13</total>
				<timestamp>2934.673188</timestamp>
			</report>
			<report>
				<misses>471900001</misses>
				<total>-13</total>
				<timestamp>2935.290329</timestamp>
			</report>
			<report>
				<misses>472000001</misses>
				<total>-13</total>
				<timestamp>2935.911686</timestamp>
			</report>
			<report>
				<misses>472100001</misses>
				<total>-13</total>
				<timestamp>2936.539786</timestamp>
			</report>
			<report>
				<misses>472200001</misses>
				<total>-13</total>
				<timestamp>2937.167527</timestamp>
			</report>
			<report>
				<misses>472300001</misses>
				<total>-13</total>
				<timestamp>2937.788467</timestamp>
			</report>
			<report>
				<misses>472400001</misses>
				<total>-13</total>
				<timestamp>2938.406086</timestamp>
			</report>
			<report>
				<misses>472500001</misses>
				<total>-13</total>
				<timestamp>2939.038940</timestamp>
			</report>
			<report>
				<misses>472600001</misses>
				<total>-13</total>
				<timestamp>2939.658396</timestamp>
			</report>
			<report>
				<misses>472700001</misses>
				<total>-13</total>
				<timestamp>2940.281072</timestamp>
			</report>
			<report>
				<misses>472800001</misses>
				<total>-13</total>
				<timestamp>2940.901905</timestamp>
			</report>
			<report>
				<misses>472900001</misses>
				<total>-13</total>
				<timestamp>2941.525741</timestamp>
			</report>
			<report>
				<misses>473000001</misses>
				<total>-13</total>
				<timestamp>2942.155251</timestamp>
			</report>
			<report>
				<misses>473100001</misses>
				<total>-13</total>
				<timestamp>2942.774683</timestamp>
			</report>
			<report>
				<misses>473200001</misses>
				<total>-13</total>
				<timestamp>2943.403677</timestamp>
			</report>
			<report>
				<misses>473300001</misses>
				<total>-13</total>
				<timestamp>2944.021970</timestamp>
			</report>
			<report>
				<misses>473400001</misses>
				<total>-13</total>
				<timestamp>2944.647342</timestamp>
			</report>
			<report>
				<misses>473500001</misses>
				<total>-13</total>
				<timestamp>2945.273485</timestamp>
			</report>
			<report>
				<misses>473600001</misses>
				<total>-13</total>
				<timestamp>2945.889979</timestamp>
			</report>
			<report>
				<misses>473700001</misses>
				<total>-13</total>
				<timestamp>2946.509933</timestamp>
			</report>
			<report>
				<misses>473800001</misses>
				<total>-13</total>
				<timestamp>2947.126929</timestamp>
			</report>
			<report>
				<misses>473900001</misses>
				<total>-13</total>
				<timestamp>2947.752532</timestamp>
			</report>
			<report>
				<misses>474000001</misses>
				<total>-13</total>
				<timestamp>2948.370698</timestamp>
			</report>
			<report>
				<misses>474100001</misses>
				<total>-13</total>
				<timestamp>2948.986520</timestamp>
			</report>
			<report>
				<misses>474200001</misses>
				<total>-13</total>
				<timestamp>2949.604169</timestamp>
			</report>
			<report>
				<misses>474300001</misses>
				<total>-13</total>
				<timestamp>2950.220506</timestamp>
			</report>
			<report>
				<misses>474400001</misses>
				<total>-13</total>
				<timestamp>2950.851047</timestamp>
			</report>
			<report>
				<misses>474500001</misses>
				<total>-13</total>
				<timestamp>2951.472821</timestamp>
			</report>
			<report>
				<misses>474600001</misses>
				<total>-13</total>
				<timestamp>2952.095343</timestamp>
			</report>
			<report>
				<misses>474700001</misses>
				<total>-13</total>
				<timestamp>2952.717502</timestamp>
			</report>
			<report>
				<misses>474800001</misses>
				<total>-13</total>
				<timestamp>2953.338612</timestamp>
			</report>
			<report>
				<misses>474900001</misses>
				<total>-13</total>
				<timestamp>2953.960374</timestamp>
			</report>
			<report>
				<misses>475000001</misses>
				<total>-13</total>
				<timestamp>2954.584348</timestamp>
			</report>
			<report>
				<misses>475100001</misses>
				<total>-13</total>
				<timestamp>2955.205326</timestamp>
			</report>
			<report>
				<misses>475200001</misses>
				<total>-13</total>
				<timestamp>2955.832773</timestamp>
			</report>
			<report>
				<misses>475300001</misses>
				<total>-13</total>
				<timestamp>2956.454953</timestamp>
			</report>
			<report>
				<misses>475400001</misses>
				<total>-13</total>
				<timestamp>2957.071914</timestamp>
			</report>
			<report>
				<misses>475500001</misses>
				<total>-13</total>
				<timestamp>2957.700124</timestamp>
			</report>
			<report>
				<misses>475600001</misses>
				<total>-13</total>
				<timestamp>2958.327572</timestamp>
			</report>
			<report>
				<misses>475700001</misses>
				<total>-13</total>
				<timestamp>2958.949849</timestamp>
			</report>
			<report>
				<misses>475800001</misses>
				<total>-13</total>
				<timestamp>2959.570850</timestamp>
			</report>
			<report>
				<misses>475900001</misses>
				<total>-13</total>
				<timestamp>2960.193500</timestamp>
			</report>
			<report>
				<misses>476000001</misses>
				<total>-13</total>
				<timestamp>2960.811856</timestamp>
			</report>
			<report>
				<misses>476100001</misses>
				<total>-13</total>
				<timestamp>2961.432104</timestamp>
			</report>
			<report>
				<misses>476200001</misses>
				<total>-13</total>
				<timestamp>2962.062272</timestamp>
			</report>
			<report>
				<misses>476300001</misses>
				<total>-13</total>
				<timestamp>2962.689695</timestamp>
			</report>
			<report>
				<misses>476400001</misses>
				<total>-13</total>
				<timestamp>2963.311986</timestamp>
			</report>
			<report>
				<misses>476500001</misses>
				<total>-13</total>
				<timestamp>2963.931163</timestamp>
			</report>
			<report>
				<misses>476600001</misses>
				<total>-13</total>
				<timestamp>2964.550363</timestamp>
			</report>
			<report>
				<misses>476700001</misses>
				<total>-13</total>
				<timestamp>2965.170312</timestamp>
			</report>
			<report>
				<misses>476800001</misses>
				<total>-13</total>
				<timestamp>2965.788195</timestamp>
			</report>
			<report>
				<misses>476900001</misses>
				<total>-13</total>
				<timestamp>2966.410094</timestamp>
			</report>
			<report>
				<misses>477000001</misses>
				<total>-13</total>
				<timestamp>2967.035471</timestamp>
			</report>
			<report>
				<misses>477100001</misses>
				<total>-13</total>
				<timestamp>2967.658657</timestamp>
			</report>
			<report>
				<misses>477200001</misses>
				<total>-13</total>
				<timestamp>2968.281830</timestamp>
			</report>
			<report>
				<misses>477300001</misses>
				<total>-13</total>
				<timestamp>2968.900758</timestamp>
			</report>
			<report>
				<misses>477400001</misses>
				<total>-13</total>
				<timestamp>2969.518527</timestamp>
			</report>
			<report>
				<misses>477500001</misses>
				<total>-13</total>
				<timestamp>2970.146359</timestamp>
			</report>
			<report>
				<misses>477600001</misses>
				<total>-13</total>
				<timestamp>2970.767078</timestamp>
			</report>
			<report>
				<misses>477700001</misses>
				<total>-13</total>
				<timestamp>2971.389493</timestamp>
			</report>
			<report>
				<misses>477800001</misses>
				<total>-13</total>
				<timestamp>2972.005453</timestamp>
			</report>
			<report>
				<misses>477900001</misses>
				<total>-13</total>
				<timestamp>2972.625408</timestamp>
			</report>
			<report>
				<misses>478000001</misses>
				<total>-13</total>
				<timestamp>2973.245508</timestamp>
			</report>
			<report>
				<misses>478100001</misses>
				<total>-13</total>
				<timestamp>2973.864316</timestamp>
			</report>
			<report>
				<misses>478200001</misses>
				<total>-13</total>
				<timestamp>2974.485294</timestamp>
			</report>
			<report>
				<misses>478300001</misses>
				<total>-13</total>
				<timestamp>2975.104751</timestamp>
			</report>
			<report>
				<misses>478400001</misses>
				<total>-13</total>
				<timestamp>2975.721865</timestamp>
			</report>
			<report>
				<misses>478500001</misses>
				<total>-13</total>
				<timestamp>2976.348917</timestamp>
			</report>
			<report>
				<misses>478600001</misses>
				<total>-13</total>
				<timestamp>2976.969208</timestamp>
			</report>
			<report>
				<misses>478700001</misses>
				<total>-13</total>
				<timestamp>2977.585986</timestamp>
			</report>
			<report>
				<misses>478800001</misses>
				<total>-13</total>
				<timestamp>2978.211410</timestamp>
			</report>
			<report>
				<misses>478900001</misses>
				<total>-13</total>
				<timestamp>2978.831888</timestamp>
			</report>
			<report>
				<misses>479000001</misses>
				<total>-13</total>
				<timestamp>2979.449563</timestamp>
			</report>
			<report>
				<misses>479100001</misses>
				<total>-13</total>
				<timestamp>2980.075085</timestamp>
			</report>
			<report>
				<misses>479200001</misses>
				<total>-13</total>
				<timestamp>2980.695309</timestamp>
			</report>
			<report>
				<misses>479300001</misses>
				<total>-13</total>
				<timestamp>2981.319977</timestamp>
			</report>
			<report>
				<misses>479400001</misses>
				<total>-13</total>
				<timestamp>2981.941078</timestamp>
			</report>
			<report>
				<misses>479500001</misses>
				<total>-13</total>
				<timestamp>2982.561037</timestamp>
			</report>
			<report>
				<misses>479600001</misses>
				<total>-13</total>
				<timestamp>2983.187580</timestamp>
			</report>
			<report>
				<misses>479700001</misses>
				<total>-13</total>
				<timestamp>2983.813631</timestamp>
			</report>
			<report>
				<misses>479800001</misses>
				<total>-13</total>
				<timestamp>2984.433961</timestamp>
			</report>
			<report>
				<misses>479900001</misses>
				<total>-13</total>
				<timestamp>2985.049435</timestamp>
			</report>
			<report>
				<misses>480000001</misses>
				<total>-13</total>
				<timestamp>2985.665803</timestamp>
			</report>
			<report>
				<misses>480100001</misses>
				<total>-13</total>
				<timestamp>2986.286009</timestamp>
			</report>
			<report>
				<misses>480200001</misses>
				<total>-13</total>
				<timestamp>2986.899782</timestamp>
			</report>
			<report>
				<misses>480300001</misses>
				<total>-13</total>
				<timestamp>2987.519793</timestamp>
			</report>
			<report>
				<misses>480400001</misses>
				<total>-13</total>
				<timestamp>2988.145095</timestamp>
			</report>
			<report>
				<misses>480500001</misses>
				<total>-13</total>
				<timestamp>2988.766872</timestamp>
			</report>
			<report>
				<misses>480600001</misses>
				<total>-13</total>
				<timestamp>2989.393161</timestamp>
			</report>
			<report>
				<misses>480700001</misses>
				<total>-13</total>
				<timestamp>2990.010808</timestamp>
			</report>
			<report>
				<misses>480800001</misses>
				<total>-13</total>
				<timestamp>2990.634192</timestamp>
			</report>
			<report>
				<misses>480900001</misses>
				<total>-13</total>
				<timestamp>2991.251592</timestamp>
			</report>
			<report>
				<misses>481000001</misses>
				<total>-13</total>
				<timestamp>2991.865982</timestamp>
			</report>
			<report>
				<misses>481100001</misses>
				<total>-13</total>
				<timestamp>2992.494320</timestamp>
			</report>
			<report>
				<misses>481200001</misses>
				<total>-13</total>
				<timestamp>2993.114808</timestamp>
			</report>
			<report>
				<misses>481300001</misses>
				<total>-13</total>
				<timestamp>2993.735026</timestamp>
			</report>
			<report>
				<misses>481400001</misses>
				<total>-13</total>
				<timestamp>2994.366221</timestamp>
			</report>
			<report>
				<misses>481500001</misses>
				<total>-13</total>
				<timestamp>2994.986287</timestamp>
			</report>
			<report>
				<misses>481600001</misses>
				<total>-13</total>
				<timestamp>2995.611805</timestamp>
			</report>
			<report>
				<misses>481700001</misses>
				<total>-13</total>
				<timestamp>2996.239660</timestamp>
			</report>
			<report>
				<misses>481800001</misses>
				<total>-13</total>
				<timestamp>2996.867566</timestamp>
			</report>
			<report>
				<misses>481900001</misses>
				<total>-13</total>
				<timestamp>2997.491815</timestamp>
			</report>
			<report>
				<misses>482000001</misses>
				<total>-13</total>
				<timestamp>2998.119637</timestamp>
			</report>
			<report>
				<misses>482100001</misses>
				<total>-13</total>
				<timestamp>2998.744774</timestamp>
			</report>
			<report>
				<misses>482200001</misses>
				<total>-13</total>
				<timestamp>2999.370064</timestamp>
			</report>
			<report>
				<misses>482300001</misses>
				<total>-13</total>
				<timestamp>3000.000876</timestamp>
			</report>
			<report>
				<misses>482400001</misses>
				<total>-13</total>
				<timestamp>3000.614606</timestamp>
			</report>
			<report>
				<misses>482500001</misses>
				<total>-13</total>
				<timestamp>3001.239850</timestamp>
			</report>
			<report>
				<misses>482600001</misses>
				<total>-13</total>
				<timestamp>3001.866267</timestamp>
			</report>
			<report>
				<misses>482700001</misses>
				<total>-13</total>
				<timestamp>3002.491524</timestamp>
			</report>
			<report>
				<misses>482800001</misses>
				<total>-13</total>
				<timestamp>3003.116639</timestamp>
			</report>
			<report>
				<misses>482900001</misses>
				<total>-13</total>
				<timestamp>3003.741871</timestamp>
			</report>
			<report>
				<misses>483000001</misses>
				<total>-13</total>
				<timestamp>3004.361205</timestamp>
			</report>
			<report>
				<misses>483100001</misses>
				<total>-13</total>
				<timestamp>3004.982461</timestamp>
			</report>
			<report>
				<misses>483200001</misses>
				<total>-13</total>
				<timestamp>3005.604899</timestamp>
			</report>
			<report>
				<misses>483300001</misses>
				<total>-13</total>
				<timestamp>3006.225399</timestamp>
			</report>
			<report>
				<misses>483400001</misses>
				<total>-13</total>
				<timestamp>3006.848484</timestamp>
			</report>
			<report>
				<misses>483500001</misses>
				<total>-13</total>
				<timestamp>3007.474495</timestamp>
			</report>
			<report>
				<misses>483600001</misses>
				<total>-13</total>
				<timestamp>3008.095987</timestamp>
			</report>
			<report>
				<misses>483700001</misses>
				<total>-13</total>
				<timestamp>3008.718546</timestamp>
			</report>
			<report>
				<misses>483800001</misses>
				<total>-13</total>
				<timestamp>3009.340933</timestamp>
			</report>
			<report>
				<misses>483900001</misses>
				<total>-13</total>
				<timestamp>3009.965413</timestamp>
			</report>
			<report>
				<misses>484000001</misses>
				<total>-13</total>
				<timestamp>3010.586538</timestamp>
			</report>
			<report>
				<misses>484100001</misses>
				<total>-13</total>
				<timestamp>3011.205341</timestamp>
			</report>
			<report>
				<misses>484200001</misses>
				<total>-13</total>
				<timestamp>3011.828660</timestamp>
			</report>
			<report>
				<misses>484300001</misses>
				<total>-13</total>
				<timestamp>3012.451696</timestamp>
			</report>
			<report>
				<misses>484400001</misses>
				<total>-13</total>
				<timestamp>3013.073729</timestamp>
			</report>
			<report>
				<misses>484500001</misses>
				<total>-13</total>
				<timestamp>3013.698933</timestamp>
			</report>
			<report>
				<misses>484600001</misses>
				<total>-13</total>
				<timestamp>3014.319280</timestamp>
			</report>
			<report>
				<misses>484700001</misses>
				<total>-13</total>
				<timestamp>3014.933833</timestamp>
			</report>
			<report>
				<misses>484800001</misses>
				<total>-13</total>
				<timestamp>3015.556711</timestamp>
			</report>
			<report>
				<misses>484900001</misses>
				<total>-13</total>
				<timestamp>3016.171910</timestamp>
			</report>
			<report>
				<misses>485000001</misses>
				<total>-13</total>
				<timestamp>3016.793298</timestamp>
			</report>
			<report>
				<misses>485100001</misses>
				<total>-13</total>
				<timestamp>3017.412466</timestamp>
			</report>
			<report>
				<misses>485200001</misses>
				<total>-13</total>
				<timestamp>3018.030499</timestamp>
			</report>
			<report>
				<misses>485300001</misses>
				<total>-13</total>
				<timestamp>3018.649045</timestamp>
			</report>
			<report>
				<misses>485400001</misses>
				<total>-13</total>
				<timestamp>3019.267908</timestamp>
			</report>
			<report>
				<misses>485500001</misses>
				<total>-13</total>
				<timestamp>3019.893236</timestamp>
			</report>
			<report>
				<misses>485600001</misses>
				<total>-13</total>
				<timestamp>3020.516515</timestamp>
			</report>
			<report>
				<misses>485700001</misses>
				<total>-13</total>
				<timestamp>3021.132244</timestamp>
			</report>
			<report>
				<misses>485800001</misses>
				<total>-13</total>
				<timestamp>3021.753640</timestamp>
			</report>
			<report>
				<misses>485900001</misses>
				<total>-13</total>
				<timestamp>3022.372947</timestamp>
			</report>
			<report>
				<misses>486000001</misses>
				<total>-13</total>
				<timestamp>3022.998701</timestamp>
			</report>
			<report>
				<misses>486100001</misses>
				<total>-13</total>
				<timestamp>3023.628222</timestamp>
			</report>
			<report>
				<misses>486200001</misses>
				<total>-13</total>
				<timestamp>3024.252039</timestamp>
			</report>
			<report>
				<misses>486300001</misses>
				<total>-13</total>
				<timestamp>3024.884365</timestamp>
			</report>
			<report>
				<misses>486400001</misses>
				<total>-13</total>
				<timestamp>3025.506386</timestamp>
			</report>
			<report>
				<misses>486500001</misses>
				<total>-13</total>
				<timestamp>3026.128156</timestamp>
			</report>
			<report>
				<misses>486600001</misses>
				<total>-13</total>
				<timestamp>3026.758309</timestamp>
			</report>
			<report>
				<misses>486700001</misses>
				<total>-13</total>
				<timestamp>3027.380725</timestamp>
			</report>
			<report>
				<misses>486800001</misses>
				<total>-13</total>
				<timestamp>3028.001475</timestamp>
			</report>
			<report>
				<misses>486900001</misses>
				<total>-13</total>
				<timestamp>3028.621491</timestamp>
			</report>
			<report>
				<misses>487000001</misses>
				<total>-13</total>
				<timestamp>3029.237943</timestamp>
			</report>
			<report>
				<misses>487100001</misses>
				<total>-13</total>
				<timestamp>3029.859056</timestamp>
			</report>
			<report>
				<misses>487200001</misses>
				<total>-13</total>
				<timestamp>3030.472577</timestamp>
			</report>
			<report>
				<misses>487300001</misses>
				<total>-13</total>
				<timestamp>3031.089686</timestamp>
			</report>
			<report>
				<misses>487400001</misses>
				<total>-13</total>
				<timestamp>3031.710280</timestamp>
			</report>
			<report>
				<misses>487500001</misses>
				<total>-13</total>
				<timestamp>3032.331416</timestamp>
			</report>
			<report>
				<misses>487600001</misses>
				<total>-13</total>
				<timestamp>3032.956529</timestamp>
			</report>
			<report>
				<misses>487700001</misses>
				<total>-13</total>
				<timestamp>3033.572739</timestamp>
			</report>
			<report>
				<misses>487800001</misses>
				<total>-13</total>
				<timestamp>3034.192206</timestamp>
			</report>
			<report>
				<misses>487900001</misses>
				<total>-13</total>
				<timestamp>3034.810854</timestamp>
			</report>
			<report>
				<misses>488000001</misses>
				<total>-13</total>
				<timestamp>3035.434810</timestamp>
			</report>
			<report>
				<misses>488100001</misses>
				<total>-13</total>
				<timestamp>3036.058005</timestamp>
			</report>
			<report>
				<misses>488200001</misses>
				<total>-13</total>
				<timestamp>3036.684138</timestamp>
			</report>
			<report>
				<misses>488300001</misses>
				<total>-13</total>
				<timestamp>3037.307354</timestamp>
			</report>
			<report>
				<misses>488400001</misses>
				<total>-13</total>
				<timestamp>3037.932470</timestamp>
			</report>
			<report>
				<misses>488500001</misses>
				<total>-13</total>
				<timestamp>3038.559783</timestamp>
			</report>
			<report>
				<misses>488600001</misses>
				<total>-13</total>
				<timestamp>3039.181293</timestamp>
			</report>
			<report>
				<misses>488700001</misses>
				<total>-13</total>
				<timestamp>3039.800600</timestamp>
			</report>
			<report>
				<misses>488800001</misses>
				<total>-13</total>
				<timestamp>3040.421088</timestamp>
			</report>
			<report>
				<misses>488900001</misses>
				<total>-13</total>
				<timestamp>3041.044786</timestamp>
			</report>
			<report>
				<misses>489000001</misses>
				<total>-13</total>
				<timestamp>3041.670162</timestamp>
			</report>
			<report>
				<misses>489100001</misses>
				<total>-13</total>
				<timestamp>3042.296436</timestamp>
			</report>
			<report>
				<misses>489200001</misses>
				<total>-13</total>
				<timestamp>3042.927226</timestamp>
			</report>
			<report>
				<misses>489300001</misses>
				<total>-13</total>
				<timestamp>3043.547439</timestamp>
			</report>
			<report>
				<misses>489400001</misses>
				<total>-13</total>
				<timestamp>3044.164293</timestamp>
			</report>
			<report>
				<misses>489500001</misses>
				<total>-13</total>
				<timestamp>3044.784225</timestamp>
			</report>
			<report>
				<misses>489600001</misses>
				<total>-13</total>
				<timestamp>3045.407914</timestamp>
			</report>
			<report>
				<misses>489700001</misses>
				<total>-13</total>
				<timestamp>3046.025549</timestamp>
			</report>
			<report>
				<misses>489800001</misses>
				<total>-13</total>
				<timestamp>3046.647446</timestamp>
			</report>
			<report>
				<misses>489900001</misses>
				<total>-13</total>
				<timestamp>3047.269974</timestamp>
			</report>
			<report>
				<misses>490000001</misses>
				<total>-13</total>
				<timestamp>3047.890725</timestamp>
			</report>
			<report>
				<misses>490100001</misses>
				<total>-13</total>
				<timestamp>3048.507572</timestamp>
			</report>
			<report>
				<misses>490200001</misses>
				<total>-13</total>
				<timestamp>3049.132181</timestamp>
			</report>
			<report>
				<misses>490300001</misses>
				<total>-13</total>
				<timestamp>3049.755252</timestamp>
			</report>
			<report>
				<misses>490400001</misses>
				<total>-13</total>
				<timestamp>3050.382710</timestamp>
			</report>
			<report>
				<misses>490500001</misses>
				<total>-13</total>
				<timestamp>3051.003528</timestamp>
			</report>
			<report>
				<misses>490600001</misses>
				<total>-13</total>
				<timestamp>3051.624153</timestamp>
			</report>
			<report>
				<misses>490700001</misses>
				<total>-13</total>
				<timestamp>3052.247723</timestamp>
			</report>
			<report>
				<misses>490800001</misses>
				<total>-13</total>
				<timestamp>3052.869231</timestamp>
			</report>
			<report>
				<misses>490900001</misses>
				<total>-13</total>
				<timestamp>3053.494240</timestamp>
			</report>
			<report>
				<misses>491000001</misses>
				<total>-13</total>
				<timestamp>3054.119607</timestamp>
			</report>
			<report>
				<misses>491100001</misses>
				<total>-13</total>
				<timestamp>3054.743294</timestamp>
			</report>
			<report>
				<misses>491200001</misses>
				<total>-13</total>
				<timestamp>3055.360799</timestamp>
			</report>
			<report>
				<misses>491300001</misses>
				<total>-13</total>
				<timestamp>3055.979210</timestamp>
			</report>
			<report>
				<misses>491400001</misses>
				<total>-13</total>
				<timestamp>3056.598510</timestamp>
			</report>
			<report>
				<misses>491500001</misses>
				<total>-13</total>
				<timestamp>3057.215627</timestamp>
			</report>
			<report>
				<misses>491600001</misses>
				<total>-13</total>
				<timestamp>3057.834172</timestamp>
			</report>
			<report>
				<misses>491700001</misses>
				<total>-13</total>
				<timestamp>3058.455030</timestamp>
			</report>
			<report>
				<misses>491800001</misses>
				<total>-13</total>
				<timestamp>3059.075757</timestamp>
			</report>
			<report>
				<misses>491900001</misses>
				<total>-13</total>
				<timestamp>3059.696508</timestamp>
			</report>
			<report>
				<misses>492000001</misses>
				<total>-13</total>
				<timestamp>3060.316834</timestamp>
			</report>
			<report>
				<misses>492100001</misses>
				<total>-13</total>
				<timestamp>3060.940795</timestamp>
			</report>
			<report>
				<misses>492200001</misses>
				<total>-13</total>
				<timestamp>3061.562447</timestamp>
			</report>
			<report>
				<misses>492300001</misses>
				<total>-13</total>
				<timestamp>3062.184469</timestamp>
			</report>
			<report>
				<misses>492400001</misses>
				<total>-13</total>
				<timestamp>3062.811399</timestamp>
			</report>
			<report>
				<misses>492500001</misses>
				<total>-13</total>
				<timestamp>3063.430694</timestamp>
			</report>
			<report>
				<misses>492600001</misses>
				<total>-13</total>
				<timestamp>3064.054933</timestamp>
			</report>
			<report>
				<misses>492700001</misses>
				<total>-13</total>
				<timestamp>3064.674487</timestamp>
			</report>
			<report>
				<misses>492800001</misses>
				<total>-13</total>
				<timestamp>3065.291734</timestamp>
			</report>
			<report>
				<misses>492900001</misses>
				<total>-13</total>
				<timestamp>3065.910272</timestamp>
			</report>
			<report>
				<misses>493000001</misses>
				<total>-13</total>
				<timestamp>3066.528800</timestamp>
			</report>
			<report>
				<misses>493100001</misses>
				<total>-13</total>
				<timestamp>3067.159340</timestamp>
			</report>
			<report>
				<misses>493200001</misses>
				<total>-13</total>
				<timestamp>3067.780224</timestamp>
			</report>
			<report>
				<misses>493300001</misses>
				<total>-13</total>
				<timestamp>3068.399977</timestamp>
			</report>
			<report>
				<misses>493400001</misses>
				<total>-13</total>
				<timestamp>3069.024863</timestamp>
			</report>
			<report>
				<misses>493500001</misses>
				<total>-13</total>
				<timestamp>3069.646765</timestamp>
			</report>
			<report>
				<misses>493600001</misses>
				<total>-13</total>
				<timestamp>3070.269416</timestamp>
			</report>
			<report>
				<misses>493700001</misses>
				<total>-13</total>
				<timestamp>3070.888992</timestamp>
			</report>
			<report>
				<misses>493800001</misses>
				<total>-13</total>
				<timestamp>3071.510759</timestamp>
			</report>
			<report>
				<misses>493900001</misses>
				<total>-13</total>
				<timestamp>3072.130058</timestamp>
			</report>
			<report>
				<misses>494000001</misses>
				<total>-13</total>
				<timestamp>3072.753894</timestamp>
			</report>
			<report>
				<misses>494100001</misses>
				<total>-13</total>
				<timestamp>3073.370740</timestamp>
			</report>
			<report>
				<misses>494200001</misses>
				<total>-13</total>
				<timestamp>3073.985035</timestamp>
			</report>
			<report>
				<misses>494300001</misses>
				<total>-13</total>
				<timestamp>3074.603947</timestamp>
			</report>
			<report>
				<misses>494400001</misses>
				<total>-13</total>
				<timestamp>3075.222235</timestamp>
			</report>
			<report>
				<misses>494500001</misses>
				<total>-13</total>
				<timestamp>3075.841554</timestamp>
			</report>
			<report>
				<misses>494600001</misses>
				<total>-13</total>
				<timestamp>3076.462931</timestamp>
			</report>
			<report>
				<misses>494700001</misses>
				<total>-13</total>
				<timestamp>3077.083257</timestamp>
			</report>
			<report>
				<misses>494800001</misses>
				<total>-13</total>
				<timestamp>3077.705326</timestamp>
			</report>
			<report>
				<misses>494900001</misses>
				<total>-13</total>
				<timestamp>3078.330276</timestamp>
			</report>
			<report>
				<misses>495000001</misses>
				<total>-13</total>
				<timestamp>3078.957086</timestamp>
			</report>
			<report>
				<misses>495100001</misses>
				<total>-13</total>
				<timestamp>3079.586079</timestamp>
			</report>
			<report>
				<misses>495200001</misses>
				<total>-13</total>
				<timestamp>3080.209396</timestamp>
			</report>
			<report>
				<misses>495300001</misses>
				<total>-13</total>
				<timestamp>3080.829591</timestamp>
			</report>
			<report>
				<misses>495400001</misses>
				<total>-13</total>
				<timestamp>3081.451496</timestamp>
			</report>
			<report>
				<misses>495500001</misses>
				<total>-13</total>
				<timestamp>3082.080734</timestamp>
			</report>
			<report>
				<misses>495600001</misses>
				<total>-13</total>
				<timestamp>3082.699018</timestamp>
			</report>
			<report>
				<misses>495700001</misses>
				<total>-13</total>
				<timestamp>3083.319345</timestamp>
			</report>
			<report>
				<misses>495800001</misses>
				<total>-13</total>
				<timestamp>3083.944826</timestamp>
			</report>
			<report>
				<misses>495900001</misses>
				<total>-13</total>
				<timestamp>3084.572227</timestamp>
			</report>
			<report>
				<misses>496000001</misses>
				<total>-13</total>
				<timestamp>3085.192417</timestamp>
			</report>
			<report>
				<misses>496100001</misses>
				<total>-13</total>
				<timestamp>3085.811884</timestamp>
			</report>
			<report>
				<misses>496200001</misses>
				<total>-13</total>
				<timestamp>3086.429249</timestamp>
			</report>
			<report>
				<misses>496300001</misses>
				<total>-13</total>
				<timestamp>3087.050135</timestamp>
			</report>
			<report>
				<misses>496400001</misses>
				<total>-13</total>
				<timestamp>3087.672683</timestamp>
			</report>
			<report>
				<misses>496500001</misses>
				<total>-13</total>
				<timestamp>3088.292527</timestamp>
			</report>
			<report>
				<misses>496600001</misses>
				<total>-13</total>
				<timestamp>3088.916613</timestamp>
			</report>
			<report>
				<misses>496700001</misses>
				<total>-13</total>
				<timestamp>3089.534023</timestamp>
			</report>
			<report>
				<misses>496800001</misses>
				<total>-13</total>
				<timestamp>3090.162489</timestamp>
			</report>
			<report>
				<misses>496900001</misses>
				<total>-13</total>
				<timestamp>3090.782070</timestamp>
			</report>
			<report>
				<misses>497000001</misses>
				<total>-13</total>
				<timestamp>3091.404106</timestamp>
			</report>
			<report>
				<misses>497100001</misses>
				<total>-13</total>
				<timestamp>3092.019793</timestamp>
			</report>
			<report>
				<misses>497200001</misses>
				<total>-13</total>
				<timestamp>3092.641445</timestamp>
			</report>
			<report>
				<misses>497300001</misses>
				<total>-13</total>
				<timestamp>3093.256755</timestamp>
			</report>
			<report>
				<misses>497400001</misses>
				<total>-13</total>
				<timestamp>3093.880245</timestamp>
			</report>
			<report>
				<misses>497500001</misses>
				<total>-13</total>
				<timestamp>3094.502905</timestamp>
			</report>
			<report>
				<misses>497600001</misses>
				<total>-13</total>
				<timestamp>3095.121564</timestamp>
			</report>
			<report>
				<misses>497700001</misses>
				<total>-13</total>
				<timestamp>3095.744783</timestamp>
			</report>
			<report>
				<misses>497800001</misses>
				<total>-13</total>
				<timestamp>3096.368348</timestamp>
			</report>
			<report>
				<misses>497900001</misses>
				<total>-13</total>
				<timestamp>3096.988983</timestamp>
			</report>
			<report>
				<misses>498000001</misses>
				<total>-13</total>
				<timestamp>3097.611497</timestamp>
			</report>
			<report>
				<misses>498100001</misses>
				<total>-13</total>
				<timestamp>3098.239206</timestamp>
			</report>
			<report>
				<misses>498200001</misses>
				<total>-13</total>
				<timestamp>3098.862476</timestamp>
			</report>
			<report>
				<misses>498300001</misses>
				<total>-13</total>
				<timestamp>3099.478799</timestamp>
			</report>
			<report>
				<misses>498400001</misses>
				<total>-13</total>
				<timestamp>3100.092744</timestamp>
			</report>
			<report>
				<misses>498500001</misses>
				<total>-13</total>
				<timestamp>3100.710139</timestamp>
			</report>
			<report>
				<misses>498600001</misses>
				<total>-13</total>
				<timestamp>3101.333965</timestamp>
			</report>
			<report>
				<misses>498700001</misses>
				<total>-13</total>
				<timestamp>3101.950897</timestamp>
			</report>
			<report>
				<misses>498800001</misses>
				<total>-13</total>
				<timestamp>3102.570998</timestamp>
			</report>
			<report>
				<misses>498900001</misses>
				<total>-13</total>
				<timestamp>3103.199238</timestamp>
			</report>
			<report>
				<misses>499000001</misses>
				<total>-13</total>
				<timestamp>3103.822816</timestamp>
			</report>
			<report>
				<misses>499100001</misses>
				<total>-13</total>
				<timestamp>3104.445618</timestamp>
			</report>
			<report>
				<misses>499200001</misses>
				<total>-13</total>
				<timestamp>3105.070463</timestamp>
			</report>
			<report>
				<misses>499300001</misses>
				<total>-13</total>
				<timestamp>3105.690171</timestamp>
			</report>
			<report>
				<misses>499400001</misses>
				<total>-13</total>
				<timestamp>3106.310272</timestamp>
			</report>
			<report>
				<misses>499500001</misses>
				<total>-13</total>
				<timestamp>3106.935230</timestamp>
			</report>
			<report>
				<misses>499600001</misses>
				<total>-13</total>
				<timestamp>3107.560481</timestamp>
			</report>
			<report>
				<misses>499700001</misses>
				<total>-13</total>
				<timestamp>3108.178471</timestamp>
			</report>
			<report>
				<misses>499800001</misses>
				<total>-13</total>
				<timestamp>3108.793588</timestamp>
			</report>
			<report>
				<misses>499900001</misses>
				<total>-13</total>
				<timestamp>3109.411608</timestamp>
			</report>
			<report>
				<misses>500000001</misses>
				<total>-13</total>
				<timestamp>3110.036806</timestamp>
			</report>
			<report>
				<misses>500100001</misses>
				<total>-13</total>
				<timestamp>3110.658179</timestamp>
			</report>
			<report>
				<misses>500200001</misses>
				<total>-13</total>
				<timestamp>3111.275105</timestamp>
			</report>
			<report>
				<misses>500300001</misses>
				<total>-13</total>
				<timestamp>3111.890049</timestamp>
			</report>
			<report>
				<misses>500400001</misses>
				<total>-13</total>
				<timestamp>3112.503202</timestamp>
			</report>
			<report>
				<misses>500500001</misses>
				<total>-13</total>
				<timestamp>3113.119947</timestamp>
			</report>
			<report>
				<misses>500600001</misses>
				<total>-13</total>
				<timestamp>3113.737494</timestamp>
			</report>
			<report>
				<misses>500700001</misses>
				<total>-13</total>
				<timestamp>3114.357323</timestamp>
			</report>
			<report>
				<misses>500800001</misses>
				<total>-13</total>
				<timestamp>3114.976621</timestamp>
			</report>
			<report>
				<misses>500900001</misses>
				<total>-13</total>
				<timestamp>3115.597105</timestamp>
			</report>
			<report>
				<misses>501000001</misses>
				<total>-13</total>
				<timestamp>3116.219136</timestamp>
			</report>
			<report>
				<misses>501100001</misses>
				<total>-13</total>
				<timestamp>3116.840889</timestamp>
			</report>
			<report>
				<misses>501200001</misses>
				<total>-13</total>
				<timestamp>3117.462012</timestamp>
			</report>
			<report>
				<misses>501300001</misses>
				<total>-13</total>
				<timestamp>3118.077322</timestamp>
			</report>
			<report>
				<misses>501400001</misses>
				<total>-13</total>
				<timestamp>3118.700415</timestamp>
			</report>
			<report>
				<misses>501500001</misses>
				<total>-13</total>
				<timestamp>3119.320399</timestamp>
			</report>
			<report>
				<misses>501600001</misses>
				<total>-13</total>
				<timestamp>3119.948342</timestamp>
			</report>
			<report>
				<misses>501700001</misses>
				<total>-13</total>
				<timestamp>3120.577336</timestamp>
			</report>
			<report>
				<misses>501800001</misses>
				<total>-13</total>
				<timestamp>3121.201932</timestamp>
			</report>
			<report>
				<misses>501900001</misses>
				<total>-13</total>
				<timestamp>3121.826416</timestamp>
			</report>
			<report>
				<misses>502000001</misses>
				<total>-13</total>
				<timestamp>3122.444575</timestamp>
			</report>
			<report>
				<misses>502100001</misses>
				<total>-13</total>
				<timestamp>3123.067358</timestamp>
			</report>
			<report>
				<misses>502200001</misses>
				<total>-13</total>
				<timestamp>3123.687944</timestamp>
			</report>
			<report>
				<misses>502300001</misses>
				<total>-13</total>
				<timestamp>3124.308314</timestamp>
			</report>
			<report>
				<misses>502400001</misses>
				<total>-13</total>
				<timestamp>3124.930845</timestamp>
			</report>
			<report>
				<misses>502500001</misses>
				<total>-13</total>
				<timestamp>3125.556874</timestamp>
			</report>
			<report>
				<misses>502600001</misses>
				<total>-13</total>
				<timestamp>3126.176689</timestamp>
			</report>
			<report>
				<misses>502700001</misses>
				<total>-13</total>
				<timestamp>3126.802960</timestamp>
			</report>
			<report>
				<misses>502800001</misses>
				<total>-13</total>
				<timestamp>3127.429764</timestamp>
			</report>
			<report>
				<misses>502900001</misses>
				<total>-13</total>
				<timestamp>3128.046903</timestamp>
			</report>
			<report>
				<misses>503000001</misses>
				<total>-13</total>
				<timestamp>3128.670118</timestamp>
			</report>
			<report>
				<misses>503100001</misses>
				<total>-13</total>
				<timestamp>3129.290320</timestamp>
			</report>
			<report>
				<misses>503200001</misses>
				<total>-13</total>
				<timestamp>3129.909104</timestamp>
			</report>
			<report>
				<misses>503300001</misses>
				<total>-13</total>
				<timestamp>3130.531004</timestamp>
			</report>
			<report>
				<misses>503400001</misses>
				<total>-13</total>
				<timestamp>3131.152643</timestamp>
			</report>
			<report>
				<misses>503500001</misses>
				<total>-13</total>
				<timestamp>3131.771724</timestamp>
			</report>
			<report>
				<misses>503600001</misses>
				<total>-13</total>
				<timestamp>3132.387421</timestamp>
			</report>
			<report>
				<misses>503700001</misses>
				<total>-13</total>
				<timestamp>3133.015541</timestamp>
			</report>
			<report>
				<misses>503800001</misses>
				<total>-13</total>
				<timestamp>3133.639100</timestamp>
			</report>
			<report>
				<misses>503900001</misses>
				<total>-13</total>
				<timestamp>3134.259214</timestamp>
			</report>
			<report>
				<misses>504000001</misses>
				<total>-13</total>
				<timestamp>3134.882905</timestamp>
			</report>
			<report>
				<misses>504100001</misses>
				<total>-13</total>
				<timestamp>3135.502105</timestamp>
			</report>
			<report>
				<misses>504200001</misses>
				<total>-13</total>
				<timestamp>3136.123112</timestamp>
			</report>
			<report>
				<misses>504300001</misses>
				<total>-13</total>
				<timestamp>3136.743472</timestamp>
			</report>
			<report>
				<misses>504400001</misses>
				<total>-13</total>
				<timestamp>3137.365274</timestamp>
			</report>
			<report>
				<misses>504500001</misses>
				<total>-13</total>
				<timestamp>3137.986528</timestamp>
			</report>
			<report>
				<misses>504600001</misses>
				<total>-13</total>
				<timestamp>3138.613966</timestamp>
			</report>
			<report>
				<misses>504700001</misses>
				<total>-13</total>
				<timestamp>3139.236119</timestamp>
			</report>
			<report>
				<misses>504800001</misses>
				<total>-13</total>
				<timestamp>3139.859565</timestamp>
			</report>
			<report>
				<misses>504900001</misses>
				<total>-13</total>
				<timestamp>3140.478764</timestamp>
			</report>
			<report>
				<misses>505000001</misses>
				<total>-13</total>
				<timestamp>3141.098341</timestamp>
			</report>
			<report>
				<misses>505100001</misses>
				<total>-13</total>
				<timestamp>3141.724213</timestamp>
			</report>
			<report>
				<misses>505200001</misses>
				<total>-13</total>
				<timestamp>3142.347784</timestamp>
			</report>
			<report>
				<misses>505300001</misses>
				<total>-13</total>
				<timestamp>3142.967994</timestamp>
			</report>
			<report>
				<misses>505400001</misses>
				<total>-13</total>
				<timestamp>3143.593118</timestamp>
			</report>
			<report>
				<misses>505500001</misses>
				<total>-13</total>
				<timestamp>3144.213221</timestamp>
			</report>
			<report>
				<misses>505600001</misses>
				<total>-13</total>
				<timestamp>3144.834471</timestamp>
			</report>
			<report>
				<misses>505700001</misses>
				<total>-13</total>
				<timestamp>3145.450929</timestamp>
			</report>
			<report>
				<misses>505800001</misses>
				<total>-13</total>
				<timestamp>3146.078631</timestamp>
			</report>
			<report>
				<misses>505900001</misses>
				<total>-13</total>
				<timestamp>3146.703867</timestamp>
			</report>
			<report>
				<misses>506000001</misses>
				<total>-13</total>
				<timestamp>3147.321395</timestamp>
			</report>
			<report>
				<misses>506100001</misses>
				<total>-13</total>
				<timestamp>3147.939427</timestamp>
			</report>
			<report>
				<misses>506200001</misses>
				<total>-13</total>
				<timestamp>3148.559741</timestamp>
			</report>
			<report>
				<misses>506300001</misses>
				<total>-13</total>
				<timestamp>3149.176998</timestamp>
			</report>
			<report>
				<misses>506400001</misses>
				<total>-13</total>
				<timestamp>3149.803284</timestamp>
			</report>
			<report>
				<misses>506500001</misses>
				<total>-13</total>
				<timestamp>3150.424282</timestamp>
			</report>
			<report>
				<misses>506600001</misses>
				<total>-13</total>
				<timestamp>3151.047726</timestamp>
			</report>
			<report>
				<misses>506700001</misses>
				<total>-13</total>
				<timestamp>3151.671327</timestamp>
			</report>
			<report>
				<misses>506800001</misses>
				<total>-13</total>
				<timestamp>3152.292058</timestamp>
			</report>
			<report>
				<misses>506900001</misses>
				<total>-13</total>
				<timestamp>3152.913829</timestamp>
			</report>
			<report>
				<misses>507000001</misses>
				<total>-13</total>
				<timestamp>3153.540773</timestamp>
			</report>
			<report>
				<misses>507100001</misses>
				<total>-13</total>
				<timestamp>3154.160471</timestamp>
			</report>
			<report>
				<misses>507200001</misses>
				<total>-13</total>
				<timestamp>3154.780813</timestamp>
			</report>
			<report>
				<misses>507300001</misses>
				<total>-13</total>
				<timestamp>3155.400893</timestamp>
			</report>
			<report>
				<misses>507400001</misses>
				<total>-13</total>
				<timestamp>3156.022907</timestamp>
			</report>
			<report>
				<misses>507500001</misses>
				<total>-13</total>
				<timestamp>3156.645973</timestamp>
			</report>
			<report>
				<misses>507600001</misses>
				<total>-13</total>
				<timestamp>3157.267601</timestamp>
			</report>
			<report>
				<misses>507700001</misses>
				<total>-13</total>
				<timestamp>3157.885239</timestamp>
			</report>
			<report>
				<misses>507800001</misses>
				<total>-13</total>
				<timestamp>3158.508557</timestamp>
			</report>
			<report>
				<misses>507900001</misses>
				<total>-13</total>
				<timestamp>3159.130310</timestamp>
			</report>
			<report>
				<misses>508000001</misses>
				<total>-13</total>
				<timestamp>3159.751693</timestamp>
			</report>
			<report>
				<misses>508100001</misses>
				<total>-13</total>
				<timestamp>3160.379785</timestamp>
			</report>
			<report>
				<misses>508200001</misses>
				<total>-13</total>
				<timestamp>3161.002585</timestamp>
			</report>
			<report>
				<misses>508300001</misses>
				<total>-13</total>
				<timestamp>3161.627306</timestamp>
			</report>
			<report>
				<misses>508400001</misses>
				<total>-13</total>
				<timestamp>3162.253070</timestamp>
			</report>
			<report>
				<misses>508500001</misses>
				<total>-13</total>
				<timestamp>3162.882712</timestamp>
			</report>
			<report>
				<misses>508600001</misses>
				<total>-13</total>
				<timestamp>3163.507422</timestamp>
			</report>
			<report>
				<misses>508700001</misses>
				<total>-13</total>
				<timestamp>3164.133103</timestamp>
			</report>
			<report>
				<misses>508800001</misses>
				<total>-13</total>
				<timestamp>3164.750278</timestamp>
			</report>
			<report>
				<misses>508900001</misses>
				<total>-13</total>
				<timestamp>3165.372082</timestamp>
			</report>
			<report>
				<misses>509000001</misses>
				<total>-13</total>
				<timestamp>3165.995640</timestamp>
			</report>
			<report>
				<misses>509100001</misses>
				<total>-13</total>
				<timestamp>3166.616395</timestamp>
			</report>
			<report>
				<misses>509200001</misses>
				<total>-13</total>
				<timestamp>3167.225193</timestamp>
			</report>
			<report>
				<misses>509300001</misses>
				<total>-13</total>
				<timestamp>3167.845138</timestamp>
			</report>
			<report>
				<misses>509400001</misses>
				<total>-13</total>
				<timestamp>3168.465559</timestamp>
			</report>
			<report>
				<misses>509500001</misses>
				<total>-13</total>
				<timestamp>3169.090138</timestamp>
			</report>
			<report>
				<misses>509600001</misses>
				<total>-13</total>
				<timestamp>3169.714766</timestamp>
			</report>
			<report>
				<misses>509700001</misses>
				<total>-13</total>
				<timestamp>3170.330976</timestamp>
			</report>
			<report>
				<misses>509800001</misses>
				<total>-13</total>
				<timestamp>3170.949772</timestamp>
			</report>
			<report>
				<misses>509900001</misses>
				<total>-13</total>
				<timestamp>3171.569907</timestamp>
			</report>
			<report>
				<misses>510000001</misses>
				<total>-13</total>
				<timestamp>3172.193222</timestamp>
			</report>
			<report>
				<misses>510100001</misses>
				<total>-13</total>
				<timestamp>3172.811600</timestamp>
			</report>
			<report>
				<misses>510200001</misses>
				<total>-13</total>
				<timestamp>3173.427585</timestamp>
			</report>
			<report>
				<misses>510300001</misses>
				<total>-13</total>
				<timestamp>3174.042375</timestamp>
			</report>
			<report>
				<misses>510400001</misses>
				<total>-13</total>
				<timestamp>3174.671793</timestamp>
			</report>
			<report>
				<misses>510500001</misses>
				<total>-13</total>
				<timestamp>3175.286515</timestamp>
			</report>
			<report>
				<misses>510600001</misses>
				<total>-13</total>
				<timestamp>3175.909960</timestamp>
			</report>
			<report>
				<misses>510700001</misses>
				<total>-13</total>
				<timestamp>3176.534167</timestamp>
			</report>
			<report>
				<misses>510800001</misses>
				<total>-13</total>
				<timestamp>3177.153521</timestamp>
			</report>
			<report>
				<misses>510900001</misses>
				<total>-13</total>
				<timestamp>3177.770526</timestamp>
			</report>
			<report>
				<misses>511000001</misses>
				<total>-13</total>
				<timestamp>3178.394459</timestamp>
			</report>
			<report>
				<misses>511100001</misses>
				<total>-13</total>
				<timestamp>3179.016758</timestamp>
			</report>
			<report>
				<misses>511200001</misses>
				<total>-13</total>
				<timestamp>3179.641914</timestamp>
			</report>
			<report>
				<misses>511300001</misses>
				<total>-13</total>
				<timestamp>3180.265738</timestamp>
			</report>
			<report>
				<misses>511400001</misses>
				<total>-13</total>
				<timestamp>3180.891488</timestamp>
			</report>
			<report>
				<misses>511500001</misses>
				<total>-13</total>
				<timestamp>3181.507936</timestamp>
			</report>
			<report>
				<misses>511600001</misses>
				<total>-13</total>
				<timestamp>3182.128521</timestamp>
			</report>
			<report>
				<misses>511700001</misses>
				<total>-13</total>
				<timestamp>3182.753658</timestamp>
			</report>
			<report>
				<misses>511800001</misses>
				<total>-13</total>
				<timestamp>3183.377207</timestamp>
			</report>
			<report>
				<misses>511900001</misses>
				<total>-13</total>
				<timestamp>3184.002215</timestamp>
			</report>
			<report>
				<misses>512000001</misses>
				<total>-13</total>
				<timestamp>3184.620865</timestamp>
			</report>
			<report>
				<misses>512100001</misses>
				<total>-13</total>
				<timestamp>3185.245353</timestamp>
			</report>
			<report>
				<misses>512200001</misses>
				<total>-13</total>
				<timestamp>3185.869802</timestamp>
			</report>
			<report>
				<misses>512300001</misses>
				<total>-13</total>
				<timestamp>3186.483102</timestamp>
			</report>
			<report>
				<misses>512400001</misses>
				<total>-13</total>
				<timestamp>3187.100196</timestamp>
			</report>
			<report>
				<misses>512500001</misses>
				<total>-13</total>
				<timestamp>3187.720794</timestamp>
			</report>
			<report>
				<misses>512600001</misses>
				<total>-13</total>
				<timestamp>3188.340358</timestamp>
			</report>
			<report>
				<misses>512700001</misses>
				<total>-13</total>
				<timestamp>3188.965862</timestamp>
			</report>
			<report>
				<misses>512800001</misses>
				<total>-13</total>
				<timestamp>3189.588670</timestamp>
			</report>
			<report>
				<misses>512900001</misses>
				<total>-13</total>
				<timestamp>3190.209560</timestamp>
			</report>
			<report>
				<misses>513000001</misses>
				<total>-13</total>
				<timestamp>3190.832595</timestamp>
			</report>
			<report>
				<misses>513100001</misses>
				<total>-13</total>
				<timestamp>3191.453466</timestamp>
			</report>
			<report>
				<misses>513200001</misses>
				<total>-13</total>
				<timestamp>3192.075481</timestamp>
			</report>
			<report>
				<misses>513300001</misses>
				<total>-13</total>
				<timestamp>3192.700091</timestamp>
			</report>
			<report>
				<misses>513400001</misses>
				<total>-13</total>
				<timestamp>3193.320686</timestamp>
			</report>
			<report>
				<misses>513500001</misses>
				<total>-13</total>
				<timestamp>3193.949554</timestamp>
			</report>
			<report>
				<misses>513600001</misses>
				<total>-13</total>
				<timestamp>3194.573128</timestamp>
			</report>
			<report>
				<misses>513700001</misses>
				<total>-13</total>
				<timestamp>3195.195281</timestamp>
			</report>
			<report>
				<misses>513800001</misses>
				<total>-13</total>
				<timestamp>3195.808687</timestamp>
			</report>
			<report>
				<misses>513900001</misses>
				<total>-13</total>
				<timestamp>3196.426949</timestamp>
			</report>
			<report>
				<misses>514000001</misses>
				<total>-13</total>
				<timestamp>3197.042530</timestamp>
			</report>
			<report>
				<misses>514100001</misses>
				<total>-13</total>
				<timestamp>3197.659776</timestamp>
			</report>
			<report>
				<misses>514200001</misses>
				<total>-13</total>
				<timestamp>3198.283084</timestamp>
			</report>
			<report>
				<misses>514300001</misses>
				<total>-13</total>
				<timestamp>3198.906290</timestamp>
			</report>
			<report>
				<misses>514400001</misses>
				<total>-13</total>
				<timestamp>3199.528286</timestamp>
			</report>
			<report>
				<misses>514500001</misses>
				<total>-13</total>
				<timestamp>3200.155480</timestamp>
			</report>
			<report>
				<misses>514600001</misses>
				<total>-13</total>
				<timestamp>3200.778013</timestamp>
			</report>
			<report>
				<misses>514700001</misses>
				<total>-13</total>
				<timestamp>3201.401702</timestamp>
			</report>
			<report>
				<misses>514800001</misses>
				<total>-13</total>
				<timestamp>3202.027620</timestamp>
			</report>
			<report>
				<misses>514900001</misses>
				<total>-13</total>
				<timestamp>3202.655963</timestamp>
			</report>
			<report>
				<misses>515000001</misses>
				<total>-13</total>
				<timestamp>3203.274758</timestamp>
			</report>
			<report>
				<misses>515100001</misses>
				<total>-13</total>
				<timestamp>3203.899539</timestamp>
			</report>
			<report>
				<misses>515200001</misses>
				<total>-13</total>
				<timestamp>3204.524535</timestamp>
			</report>
			<report>
				<misses>515300001</misses>
				<total>-13</total>
				<timestamp>3205.146589</timestamp>
			</report>
			<report>
				<misses>515400001</misses>
				<total>-13</total>
				<timestamp>3205.770669</timestamp>
			</report>
			<report>
				<misses>515500001</misses>
				<total>-13</total>
				<timestamp>3206.397728</timestamp>
			</report>
			<report>
				<misses>515600001</misses>
				<total>-13</total>
				<timestamp>3207.023225</timestamp>
			</report>
			<report>
				<misses>515700001</misses>
				<total>-13</total>
				<timestamp>3207.648328</timestamp>
			</report>
			<report>
				<misses>515800001</misses>
				<total>-13</total>
				<timestamp>3208.271006</timestamp>
			</report>
			<report>
				<misses>515900001</misses>
				<total>-13</total>
				<timestamp>3208.889938</timestamp>
			</report>
			<report>
				<misses>516000001</misses>
				<total>-13</total>
				<timestamp>3209.508846</timestamp>
			</report>
			<report>
				<misses>516100001</misses>
				<total>-13</total>
				<timestamp>3210.135272</timestamp>
			</report>
			<report>
				<misses>516200001</misses>
				<total>-13</total>
				<timestamp>3210.761165</timestamp>
			</report>
			<report>
				<misses>516300001</misses>
				<total>-13</total>
				<timestamp>3211.383313</timestamp>
			</report>
			<report>
				<misses>516400001</misses>
				<total>-13</total>
				<timestamp>3212.010377</timestamp>
			</report>
			<report>
				<misses>516500001</misses>
				<total>-13</total>
				<timestamp>3212.628658</timestamp>
			</report>
			<report>
				<misses>516600001</misses>
				<total>-13</total>
				<timestamp>3213.256018</timestamp>
			</report>
			<report>
				<misses>516700001</misses>
				<total>-13</total>
				<timestamp>3213.878814</timestamp>
			</report>
			<report>
				<misses>516800001</misses>
				<total>-13</total>
				<timestamp>3214.504455</timestamp>
			</report>
			<report>
				<misses>516900001</misses>
				<total>-13</total>
				<timestamp>3215.131383</timestamp>
			</report>
			<report>
				<misses>517000001</misses>
				<total>-13</total>
				<timestamp>3215.760909</timestamp>
			</report>
			<report>
				<misses>517100001</misses>
				<total>-13</total>
				<timestamp>3216.383192</timestamp>
			</report>
			<report>
				<misses>517200001</misses>
				<total>-13</total>
				<timestamp>3216.999420</timestamp>
			</report>
			<report>
				<misses>517300001</misses>
				<total>-13</total>
				<timestamp>3217.623036</timestamp>
			</report>
			<report>
				<misses>517400001</misses>
				<total>-13</total>
				<timestamp>3218.249300</timestamp>
			</report>
			<report>
				<misses>517500001</misses>
				<total>-13</total>
				<timestamp>3218.869136</timestamp>
			</report>
			<report>
				<misses>517600001</misses>
				<total>-13</total>
				<timestamp>3219.489880</timestamp>
			</report>
			<report>
				<misses>517700001</misses>
				<total>-13</total>
				<timestamp>3220.112943</timestamp>
			</report>
			<report>
				<misses>517800001</misses>
				<total>-13</total>
				<timestamp>3220.730708</timestamp>
			</report>
			<report>
				<misses>517900001</misses>
				<total>-13</total>
				<timestamp>3221.349980</timestamp>
			</report>
			<report>
				<misses>518000001</misses>
				<total>-13</total>
				<timestamp>3221.970201</timestamp>
			</report>
			<report>
				<misses>518100001</misses>
				<total>-13</total>
				<timestamp>3222.592106</timestamp>
			</report>
			<report>
				<misses>518200001</misses>
				<total>-13</total>
				<timestamp>3223.211036</timestamp>
			</report>
			<report>
				<misses>518300001</misses>
				<total>-13</total>
				<timestamp>3223.830213</timestamp>
			</report>
			<report>
				<misses>518400001</misses>
				<total>-13</total>
				<timestamp>3224.449350</timestamp>
			</report>
			<report>
				<misses>518500001</misses>
				<total>-13</total>
				<timestamp>3225.069200</timestamp>
			</report>
			<report>
				<misses>518600001</misses>
				<total>-13</total>
				<timestamp>3225.685578</timestamp>
			</report>
			<report>
				<misses>518700001</misses>
				<total>-13</total>
				<timestamp>3226.305007</timestamp>
			</report>
			<report>
				<misses>518800001</misses>
				<total>-13</total>
				<timestamp>3226.925357</timestamp>
			</report>
			<report>
				<misses>518900001</misses>
				<total>-13</total>
				<timestamp>3227.546210</timestamp>
			</report>
			<report>
				<misses>519000001</misses>
				<total>-13</total>
				<timestamp>3228.171487</timestamp>
			</report>
			<report>
				<misses>519100001</misses>
				<total>-13</total>
				<timestamp>3228.795550</timestamp>
			</report>
			<report>
				<misses>519200001</misses>
				<total>-13</total>
				<timestamp>3229.412599</timestamp>
			</report>
			<report>
				<misses>519300001</misses>
				<total>-13</total>
				<timestamp>3230.032309</timestamp>
			</report>
			<report>
				<misses>519400001</misses>
				<total>-13</total>
				<timestamp>3230.656792</timestamp>
			</report>
			<report>
				<misses>519500001</misses>
				<total>-13</total>
				<timestamp>3231.275778</timestamp>
			</report>
			<report>
				<misses>519600001</misses>
				<total>-13</total>
				<timestamp>3231.896615</timestamp>
			</report>
			<report>
				<misses>519700001</misses>
				<total>-13</total>
				<timestamp>3232.520981</timestamp>
			</report>
			<report>
				<misses>519800001</misses>
				<total>-13</total>
				<timestamp>3233.141428</timestamp>
			</report>
			<report>
				<misses>519900001</misses>
				<total>-13</total>
				<timestamp>3233.762952</timestamp>
			</report>
			<report>
				<misses>520000001</misses>
				<total>-13</total>
				<timestamp>3234.383160</timestamp>
			</report>
			<report>
				<misses>520100001</misses>
				<total>-13</total>
				<timestamp>3235.011780</timestamp>
			</report>
			<report>
				<misses>520200001</misses>
				<total>-13</total>
				<timestamp>3235.637521</timestamp>
			</report>
			<report>
				<misses>520300001</misses>
				<total>-13</total>
				<timestamp>3236.253863</timestamp>
			</report>
			<report>
				<misses>520400001</misses>
				<total>-13</total>
				<timestamp>3236.879500</timestamp>
			</report>
			<report>
				<misses>520500001</misses>
				<total>-13</total>
				<timestamp>3237.505399</timestamp>
			</report>
			<report>
				<misses>520600001</misses>
				<total>-13</total>
				<timestamp>3238.128077</timestamp>
			</report>
			<report>
				<misses>520700001</misses>
				<total>-13</total>
				<timestamp>3238.749451</timestamp>
			</report>
			<report>
				<misses>520800001</misses>
				<total>-13</total>
				<timestamp>3239.372617</timestamp>
			</report>
			<report>
				<misses>520900001</misses>
				<total>-13</total>
				<timestamp>3239.992451</timestamp>
			</report>
			<report>
				<misses>521000001</misses>
				<total>-13</total>
				<timestamp>3240.611891</timestamp>
			</report>
			<report>
				<misses>521100001</misses>
				<total>-13</total>
				<timestamp>3241.240246</timestamp>
			</report>
			<report>
				<misses>521200001</misses>
				<total>-13</total>
				<timestamp>3241.868713</timestamp>
			</report>
			<report>
				<misses>521300001</misses>
				<total>-13</total>
				<timestamp>3242.499686</timestamp>
			</report>
			<report>
				<misses>521400001</misses>
				<total>-13</total>
				<timestamp>3243.128276</timestamp>
			</report>
			<report>
				<misses>521500001</misses>
				<total>-13</total>
				<timestamp>3243.747069</timestamp>
			</report>
			<report>
				<misses>521600001</misses>
				<total>-13</total>
				<timestamp>3244.377217</timestamp>
			</report>
			<report>
				<misses>521700001</misses>
				<total>-13</total>
				<timestamp>3245.001854</timestamp>
			</report>
			<report>
				<misses>521800001</misses>
				<total>-13</total>
				<timestamp>3245.626381</timestamp>
			</report>
			<report>
				<misses>521900001</misses>
				<total>-13</total>
				<timestamp>3246.247486</timestamp>
			</report>
			<report>
				<misses>522000001</misses>
				<total>-13</total>
				<timestamp>3246.870996</timestamp>
			</report>
			<report>
				<misses>522100001</misses>
				<total>-13</total>
				<timestamp>3247.487504</timestamp>
			</report>
			<report>
				<misses>522200001</misses>
				<total>-13</total>
				<timestamp>3248.111201</timestamp>
			</report>
			<report>
				<misses>522300001</misses>
				<total>-13</total>
				<timestamp>3248.737091</timestamp>
			</report>
			<report>
				<misses>522400001</misses>
				<total>-13</total>
				<timestamp>3249.358869</timestamp>
			</report>
			<report>
				<misses>522500001</misses>
				<total>-13</total>
				<timestamp>3249.977433</timestamp>
			</report>
			<report>
				<misses>522600001</misses>
				<total>-13</total>
				<timestamp>3250.603509</timestamp>
			</report>
			<report>
				<misses>522700001</misses>
				<total>-13</total>
				<timestamp>3251.222971</timestamp>
			</report>
			<report>
				<misses>522800001</misses>
				<total>-13</total>
				<timestamp>3251.845025</timestamp>
			</report>
			<report>
				<misses>522900001</misses>
				<total>-13</total>
				<timestamp>3252.474895</timestamp>
			</report>
			<report>
				<misses>523000001</misses>
				<total>-13</total>
				<timestamp>3253.100179</timestamp>
			</report>
			<report>
				<misses>523100001</misses>
				<total>-13</total>
				<timestamp>3253.723564</timestamp>
			</report>
			<report>
				<misses>523200001</misses>
				<total>-13</total>
				<timestamp>3254.349466</timestamp>
			</report>
			<report>
				<misses>523300001</misses>
				<total>-13</total>
				<timestamp>3254.969075</timestamp>
			</report>
			<report>
				<misses>523400001</misses>
				<total>-13</total>
				<timestamp>3255.590970</timestamp>
			</report>
			<report>
				<misses>523500001</misses>
				<total>-13</total>
				<timestamp>3256.210404</timestamp>
			</report>
			<report>
				<misses>523600001</misses>
				<total>-13</total>
				<timestamp>3256.834758</timestamp>
			</report>
			<report>
				<misses>523700001</misses>
				<total>-13</total>
				<timestamp>3257.460643</timestamp>
			</report>
			<report>
				<misses>523800001</misses>
				<total>-13</total>
				<timestamp>3258.081258</timestamp>
			</report>
			<report>
				<misses>523900001</misses>
				<total>-13</total>
				<timestamp>3258.710365</timestamp>
			</report>
			<report>
				<misses>524000001</misses>
				<total>-13</total>
				<timestamp>3259.334299</timestamp>
			</report>
			<report>
				<misses>524100001</misses>
				<total>-13</total>
				<timestamp>3259.952839</timestamp>
			</report>
			<report>
				<misses>524200001</misses>
				<total>-13</total>
				<timestamp>3260.571425</timestamp>
			</report>
			<report>
				<misses>524300001</misses>
				<total>-13</total>
				<timestamp>3261.195778</timestamp>
			</report>
			<report>
				<misses>524400001</misses>
				<total>-13</total>
				<timestamp>3261.814801</timestamp>
			</report>
			<report>
				<misses>524500001</misses>
				<total>-13</total>
				<timestamp>3262.436539</timestamp>
			</report>
			<report>
				<misses>524600001</misses>
				<total>-13</total>
				<timestamp>3263.051635</timestamp>
			</report>
			<report>
				<misses>524700001</misses>
				<total>-13</total>
				<timestamp>3263.667874</timestamp>
			</report>
			<report>
				<misses>524800001</misses>
				<total>-13</total>
				<timestamp>3264.289821</timestamp>
			</report>
			<report>
				<misses>524900001</misses>
				<total>-13</total>
				<timestamp>3264.914164</timestamp>
			</report>
			<report>
				<misses>525000001</misses>
				<total>-13</total>
				<timestamp>3265.533408</timestamp>
			</report>
			<report>
				<misses>525100001</misses>
				<total>-13</total>
				<timestamp>3266.156424</timestamp>
			</report>
			<report>
				<misses>525200001</misses>
				<total>-13</total>
				<timestamp>3266.776498</timestamp>
			</report>
			<report>
				<misses>525300001</misses>
				<total>-13</total>
				<timestamp>3267.397118</timestamp>
			</report>
			<report>
				<misses>525400001</misses>
				<total>-13</total>
				<timestamp>3268.014856</timestamp>
			</report>
			<report>
				<misses>525500001</misses>
				<total>-13</total>
				<timestamp>3268.637759</timestamp>
			</report>
			<report>
				<misses>525600001</misses>
				<total>-13</total>
				<timestamp>3269.257847</timestamp>
			</report>
			<report>
				<misses>525700001</misses>
				<total>-13</total>
				<timestamp>3269.879480</timestamp>
			</report>
			<report>
				<misses>525800001</misses>
				<total>-13</total>
				<timestamp>3270.512391</timestamp>
			</report>
			<report>
				<misses>525900001</misses>
				<total>-13</total>
				<timestamp>3271.134404</timestamp>
			</report>
			<report>
				<misses>526000001</misses>
				<total>-13</total>
				<timestamp>3271.755942</timestamp>
			</report>
			<report>
				<misses>526100001</misses>
				<total>-13</total>
				<timestamp>3272.378128</timestamp>
			</report>
			<report>
				<misses>526200001</misses>
				<total>-13</total>
				<timestamp>3272.998479</timestamp>
			</report>
			<report>
				<misses>526300001</misses>
				<total>-13</total>
				<timestamp>3273.618345</timestamp>
			</report>
			<report>
				<misses>526400001</misses>
				<total>-13</total>
				<timestamp>3274.243847</timestamp>
			</report>
			<report>
				<misses>526500001</misses>
				<total>-13</total>
				<timestamp>3274.860328</timestamp>
			</report>
			<report>
				<misses>526600001</misses>
				<total>-13</total>
				<timestamp>3275.479383</timestamp>
			</report>
			<report>
				<misses>526700001</misses>
				<total>-13</total>
				<timestamp>3276.097662</timestamp>
			</report>
			<report>
				<misses>526800001</misses>
				<total>-13</total>
				<timestamp>3276.715217</timestamp>
			</report>
			<report>
				<misses>526900001</misses>
				<total>-13</total>
				<timestamp>3277.334492</timestamp>
			</report>
			<report>
				<misses>527000001</misses>
				<total>-13</total>
				<timestamp>3277.954178</timestamp>
			</report>
			<report>
				<misses>527100001</misses>
				<total>-13</total>
				<timestamp>3278.573355</timestamp>
			</report>
			<report>
				<misses>527200001</misses>
				<total>-13</total>
				<timestamp>3279.191539</timestamp>
			</report>
			<report>
				<misses>527300001</misses>
				<total>-13</total>
				<timestamp>3279.817175</timestamp>
			</report>
			<report>
				<misses>527400001</misses>
				<total>-13</total>
				<timestamp>3280.441003</timestamp>
			</report>
			<report>
				<misses>527500001</misses>
				<total>-13</total>
				<timestamp>3281.062747</timestamp>
			</report>
			<report>
				<misses>527600001</misses>
				<total>-13</total>
				<timestamp>3281.682067</timestamp>
			</report>
			<report>
				<misses>527700001</misses>
				<total>-13</total>
				<timestamp>3282.306038</timestamp>
			</report>
			<report>
				<misses>527800001</misses>
				<total>-13</total>
				<timestamp>3282.930249</timestamp>
			</report>
			<report>
				<misses>527900001</misses>
				<total>-13</total>
				<timestamp>3283.551885</timestamp>
			</report>
			<report>
				<misses>528000001</misses>
				<total>-13</total>
				<timestamp>3284.180092</timestamp>
			</report>
			<report>
				<misses>528100001</misses>
				<total>-13</total>
				<timestamp>3284.803788</timestamp>
			</report>
			<report>
				<misses>528200001</misses>
				<total>-13</total>
				<timestamp>3285.432530</timestamp>
			</report>
			<report>
				<misses>528300001</misses>
				<total>-13</total>
				<timestamp>3286.056877</timestamp>
			</report>
			<report>
				<misses>528400001</misses>
				<total>-13</total>
				<timestamp>3286.686241</timestamp>
			</report>
			<report>
				<misses>528500001</misses>
				<total>-13</total>
				<timestamp>3287.304384</timestamp>
			</report>
			<report>
				<misses>528600001</misses>
				<total>-13</total>
				<timestamp>3287.926410</timestamp>
			</report>
			<report>
				<misses>528700001</misses>
				<total>-13</total>
				<timestamp>3288.553851</timestamp>
			</report>
			<report>
				<misses>528800001</misses>
				<total>-13</total>
				<timestamp>3289.173566</timestamp>
			</report>
			<report>
				<misses>528900001</misses>
				<total>-13</total>
				<timestamp>3289.793125</timestamp>
			</report>
			<report>
				<misses>529000001</misses>
				<total>-13</total>
				<timestamp>3290.418757</timestamp>
			</report>
			<report>
				<misses>529100001</misses>
				<total>-13</total>
				<timestamp>3291.041563</timestamp>
			</report>
			<report>
				<misses>529200001</misses>
				<total>-13</total>
				<timestamp>3291.664734</timestamp>
			</report>
			<report>
				<misses>529300001</misses>
				<total>-13</total>
				<timestamp>3292.282491</timestamp>
			</report>
			<report>
				<misses>529400001</misses>
				<total>-13</total>
				<timestamp>3292.903943</timestamp>
			</report>
			<report>
				<misses>529500001</misses>
				<total>-13</total>
				<timestamp>3293.529342</timestamp>
			</report>
			<report>
				<misses>529600001</misses>
				<total>-13</total>
				<timestamp>3294.152642</timestamp>
			</report>
			<report>
				<misses>529700001</misses>
				<total>-13</total>
				<timestamp>3294.774993</timestamp>
			</report>
			<report>
				<misses>529800001</misses>
				<total>-13</total>
				<timestamp>3295.401520</timestamp>
			</report>
			<report>
				<misses>529900001</misses>
				<total>-13</total>
				<timestamp>3296.023427</timestamp>
			</report>
			<report>
				<misses>530000001</misses>
				<total>-13</total>
				<timestamp>3296.646071</timestamp>
			</report>
			<report>
				<misses>530100001</misses>
				<total>-13</total>
				<timestamp>3297.267589</timestamp>
			</report>
			<report>
				<misses>530200001</misses>
				<total>-13</total>
				<timestamp>3297.888314</timestamp>
			</report>
			<report>
				<misses>530300001</misses>
				<total>-13</total>
				<timestamp>3298.514592</timestamp>
			</report>
			<report>
				<misses>530400001</misses>
				<total>-13</total>
				<timestamp>3299.137135</timestamp>
			</report>
			<report>
				<misses>530500001</misses>
				<total>-13</total>
				<timestamp>3299.753737</timestamp>
			</report>
			<report>
				<misses>530600001</misses>
				<total>-13</total>
				<timestamp>3300.374737</timestamp>
			</report>
			<report>
				<misses>530700001</misses>
				<total>-13</total>
				<timestamp>3301.003838</timestamp>
			</report>
			<report>
				<misses>530800001</misses>
				<total>-13</total>
				<timestamp>3301.624451</timestamp>
			</report>
			<report>
				<misses>530900001</misses>
				<total>-13</total>
				<timestamp>3302.249431</timestamp>
			</report>
			<report>
				<misses>531000001</misses>
				<total>-13</total>
				<timestamp>3302.865650</timestamp>
			</report>
			<report>
				<misses>531100001</misses>
				<total>-13</total>
				<timestamp>3303.484196</timestamp>
			</report>
			<report>
				<misses>531200001</misses>
				<total>-13</total>
				<timestamp>3304.102849</timestamp>
			</report>
			<report>
				<misses>531300001</misses>
				<total>-13</total>
				<timestamp>3304.720759</timestamp>
			</report>
			<report>
				<misses>531400001</misses>
				<total>-13</total>
				<timestamp>3305.339187</timestamp>
			</report>
			<report>
				<misses>531500001</misses>
				<total>-13</total>
				<timestamp>3305.956548</timestamp>
			</report>
			<report>
				<misses>531600001</misses>
				<total>-13</total>
				<timestamp>3306.576654</timestamp>
			</report>
			<report>
				<misses>531700001</misses>
				<total>-13</total>
				<timestamp>3307.196990</timestamp>
			</report>
			<report>
				<misses>531800001</misses>
				<total>-13</total>
				<timestamp>3307.821600</timestamp>
			</report>
			<report>
				<misses>531900001</misses>
				<total>-13</total>
				<timestamp>3308.447893</timestamp>
			</report>
			<report>
				<misses>532000001</misses>
				<total>-13</total>
				<timestamp>3309.069143</timestamp>
			</report>
			<report>
				<misses>532100001</misses>
				<total>-13</total>
				<timestamp>3309.691565</timestamp>
			</report>
			<report>
				<misses>532200001</misses>
				<total>-13</total>
				<timestamp>3310.313109</timestamp>
			</report>
			<report>
				<misses>532300001</misses>
				<total>-13</total>
				<timestamp>3310.931123</timestamp>
			</report>
			<report>
				<misses>532400001</misses>
				<total>-13</total>
				<timestamp>3311.551587</timestamp>
			</report>
			<report>
				<misses>532500001</misses>
				<total>-13</total>
				<timestamp>3312.173484</timestamp>
			</report>
			<report>
				<misses>532600001</misses>
				<total>-13</total>
				<timestamp>3312.798614</timestamp>
			</report>
			<report>
				<misses>532700001</misses>
				<total>-13</total>
				<timestamp>3313.422581</timestamp>
			</report>
			<report>
				<misses>532800001</misses>
				<total>-13</total>
				<timestamp>3314.046693</timestamp>
			</report>
			<report>
				<misses>532900001</misses>
				<total>-13</total>
				<timestamp>3314.673891</timestamp>
			</report>
			<report>
				<misses>533000001</misses>
				<total>-13</total>
				<timestamp>3315.292164</timestamp>
			</report>
			<report>
				<misses>533100001</misses>
				<total>-13</total>
				<timestamp>3315.913800</timestamp>
			</report>
			<report>
				<misses>533200001</misses>
				<total>-13</total>
				<timestamp>3316.534421</timestamp>
			</report>
			<report>
				<misses>533300001</misses>
				<total>-13</total>
				<timestamp>3317.153453</timestamp>
			</report>
			<report>
				<misses>533400001</misses>
				<total>-13</total>
				<timestamp>3317.779371</timestamp>
			</report>
			<report>
				<misses>533500001</misses>
				<total>-13</total>
				<timestamp>3318.394819</timestamp>
			</report>
			<report>
				<misses>533600001</misses>
				<total>-13</total>
				<timestamp>3319.016001</timestamp>
			</report>
			<report>
				<misses>533700001</misses>
				<total>-13</total>
				<timestamp>3319.635509</timestamp>
			</report>
			<report>
				<misses>533800001</misses>
				<total>-13</total>
				<timestamp>3320.249800</timestamp>
			</report>
			<report>
				<misses>533900001</misses>
				<total>-13</total>
				<timestamp>3320.872239</timestamp>
			</report>
			<report>
				<misses>534000001</misses>
				<total>-13</total>
				<timestamp>3321.491670</timestamp>
			</report>
			<report>
				<misses>534100001</misses>
				<total>-13</total>
				<timestamp>3322.109311</timestamp>
			</report>
			<report>
				<misses>534200001</misses>
				<total>-13</total>
				<timestamp>3322.730569</timestamp>
			</report>
			<report>
				<misses>534300001</misses>
				<total>-13</total>
				<timestamp>3323.352426</timestamp>
			</report>
			<report>
				<misses>534400001</misses>
				<total>-13</total>
				<timestamp>3323.974181</timestamp>
			</report>
			<report>
				<misses>534500001</misses>
				<total>-13</total>
				<timestamp>3324.602520</timestamp>
			</report>
			<report>
				<misses>534600001</misses>
				<total>-13</total>
				<timestamp>3325.222605</timestamp>
			</report>
			<report>
				<misses>534700001</misses>
				<total>-13</total>
				<timestamp>3325.848614</timestamp>
			</report>
			<report>
				<misses>534800001</misses>
				<total>-13</total>
				<timestamp>3326.470384</timestamp>
			</report>
			<report>
				<misses>534900001</misses>
				<total>-13</total>
				<timestamp>3327.096152</timestamp>
			</report>
			<report>
				<misses>535000001</misses>
				<total>-13</total>
				<timestamp>3327.720748</timestamp>
			</report>
			<report>
				<misses>535100001</misses>
				<total>-13</total>
				<timestamp>3328.342651</timestamp>
			</report>
			<report>
				<misses>535200001</misses>
				<total>-13</total>
				<timestamp>3328.958987</timestamp>
			</report>
			<report>
				<misses>535300001</misses>
				<total>-13</total>
				<timestamp>3329.578836</timestamp>
			</report>
			<report>
				<misses>535400001</misses>
				<total>-13</total>
				<timestamp>3330.200080</timestamp>
			</report>
			<report>
				<misses>535500001</misses>
				<total>-13</total>
				<timestamp>3330.820800</timestamp>
			</report>
			<report>
				<misses>535600001</misses>
				<total>-13</total>
				<timestamp>3331.442723</timestamp>
			</report>
			<report>
				<misses>535700001</misses>
				<total>-13</total>
				<timestamp>3332.063979</timestamp>
			</report>
			<report>
				<misses>535800001</misses>
				<total>-13</total>
				<timestamp>3332.680625</timestamp>
			</report>
			<report>
				<misses>535900001</misses>
				<total>-13</total>
				<timestamp>3333.304776</timestamp>
			</report>
			<report>
				<misses>536000001</misses>
				<total>-13</total>
				<timestamp>3333.922023</timestamp>
			</report>
			<report>
				<misses>536100001</misses>
				<total>-13</total>
				<timestamp>3334.540693</timestamp>
			</report>
			<report>
				<misses>536200001</misses>
				<total>-13</total>
				<timestamp>3335.164166</timestamp>
			</report>
			<report>
				<misses>536300001</misses>
				<total>-13</total>
				<timestamp>3335.785677</timestamp>
			</report>
			<report>
				<misses>536400001</misses>
				<total>-13</total>
				<timestamp>3336.410645</timestamp>
			</report>
			<report>
				<misses>536500001</misses>
				<total>-13</total>
				<timestamp>3337.030206</timestamp>
			</report>
			<report>
				<misses>536600001</misses>
				<total>-13</total>
				<timestamp>3337.649010</timestamp>
			</report>
			<report>
				<misses>536700001</misses>
				<total>-13</total>
				<timestamp>3338.267682</timestamp>
			</report>
			<report>
				<misses>536800001</misses>
				<total>-13</total>
				<timestamp>3338.885837</timestamp>
			</report>
			<report>
				<misses>536900001</misses>
				<total>-13</total>
				<timestamp>3339.508620</timestamp>
			</report>
			<report>
				<misses>537000001</misses>
				<total>-13</total>
				<timestamp>3340.132861</timestamp>
			</report>
			<report>
				<misses>537100001</misses>
				<total>-13</total>
				<timestamp>3340.750475</timestamp>
			</report>
			<report>
				<misses>537200001</misses>
				<total>-13</total>
				<timestamp>3341.377272</timestamp>
			</report>
			<report>
				<misses>537300001</misses>
				<total>-13</total>
				<timestamp>3341.995434</timestamp>
			</report>
			<report>
				<misses>537400001</misses>
				<total>-13</total>
				<timestamp>3342.620405</timestamp>
			</report>
			<report>
				<misses>537500001</misses>
				<total>-13</total>
				<timestamp>3343.238679</timestamp>
			</report>
			<report>
				<misses>537600001</misses>
				<total>-13</total>
				<timestamp>3343.861883</timestamp>
			</report>
			<report>
				<misses>537700001</misses>
				<total>-13</total>
				<timestamp>3344.482596</timestamp>
			</report>
			<report>
				<misses>537800001</misses>
				<total>-13</total>
				<timestamp>3345.105404</timestamp>
			</report>
			<report>
				<misses>537900001</misses>
				<total>-13</total>
				<timestamp>3345.724584</timestamp>
			</report>
			<report>
				<misses>538000001</misses>
				<total>-13</total>
				<timestamp>3346.344294</timestamp>
			</report>
			<report>
				<misses>538100001</misses>
				<total>-13</total>
				<timestamp>3346.962178</timestamp>
			</report>
			<report>
				<misses>538200001</misses>
				<total>-13</total>
				<timestamp>3347.582005</timestamp>
			</report>
			<report>
				<misses>538300001</misses>
				<total>-13</total>
				<timestamp>3348.198220</timestamp>
			</report>
			<report>
				<misses>538400001</misses>
				<total>-13</total>
				<timestamp>3348.821018</timestamp>
			</report>
			<report>
				<misses>538500001</misses>
				<total>-13</total>
				<timestamp>3349.435817</timestamp>
			</report>
			<report>
				<misses>538600001</misses>
				<total>-13</total>
				<timestamp>3350.059402</timestamp>
			</report>
			<report>
				<misses>538700001</misses>
				<total>-13</total>
				<timestamp>3350.678963</timestamp>
			</report>
			<report>
				<misses>538800001</misses>
				<total>-13</total>
				<timestamp>3351.299822</timestamp>
			</report>
			<report>
				<misses>538900001</misses>
				<total>-13</total>
				<timestamp>3351.918099</timestamp>
			</report>
			<report>
				<misses>539000001</misses>
				<total>-13</total>
				<timestamp>3352.535862</timestamp>
			</report>
			<report>
				<misses>539100001</misses>
				<total>-13</total>
				<timestamp>3353.166907</timestamp>
			</report>
			<report>
				<misses>539200001</misses>
				<total>-13</total>
				<timestamp>3353.792947</timestamp>
			</report>
			<report>
				<misses>539300001</misses>
				<total>-13</total>
				<timestamp>3354.411611</timestamp>
			</report>
			<report>
				<misses>539400001</misses>
				<total>-13</total>
				<timestamp>3355.032606</timestamp>
			</report>
			<report>
				<misses>539500001</misses>
				<total>-13</total>
				<timestamp>3355.649449</timestamp>
			</report>
			<report>
				<misses>539600001</misses>
				<total>-13</total>
				<timestamp>3356.269064</timestamp>
			</report>
			<report>
				<misses>539700001</misses>
				<total>-13</total>
				<timestamp>3356.892991</timestamp>
			</report>
			<report>
				<misses>539800001</misses>
				<total>-13</total>
				<timestamp>3357.512451</timestamp>
			</report>
			<report>
				<misses>539900001</misses>
				<total>-13</total>
				<timestamp>3358.141024</timestamp>
			</report>
			<report>
				<misses>540000001</misses>
				<total>-13</total>
				<timestamp>3358.763321</timestamp>
			</report>
			<report>
				<misses>540100001</misses>
				<total>-13</total>
				<timestamp>3359.387528</timestamp>
			</report>
			<report>
				<misses>540200001</misses>
				<total>-13</total>
				<timestamp>3360.013029</timestamp>
			</report>
			<report>
				<misses>540300001</misses>
				<total>-13</total>
				<timestamp>3360.637166</timestamp>
			</report>
			<report>
				<misses>540400001</misses>
				<total>-13</total>
				<timestamp>3361.256712</timestamp>
			</report>
			<report>
				<misses>540500001</misses>
				<total>-13</total>
				<timestamp>3361.883610</timestamp>
			</report>
			<report>
				<misses>540600001</misses>
				<total>-13</total>
				<timestamp>3362.504752</timestamp>
			</report>
			<report>
				<misses>540700001</misses>
				<total>-13</total>
				<timestamp>3363.128723</timestamp>
			</report>
			<report>
				<misses>540800001</misses>
				<total>-13</total>
				<timestamp>3363.753445</timestamp>
			</report>
			<report>
				<misses>540900001</misses>
				<total>-13</total>
				<timestamp>3364.376637</timestamp>
			</report>
			<report>
				<misses>541000001</misses>
				<total>-13</total>
				<timestamp>3364.998394</timestamp>
			</report>
			<report>
				<misses>541100001</misses>
				<total>-13</total>
				<timestamp>3365.623385</timestamp>
			</report>
			<report>
				<misses>541200001</misses>
				<total>-13</total>
				<timestamp>3366.249943</timestamp>
			</report>
			<report>
				<misses>541300001</misses>
				<total>-13</total>
				<timestamp>3366.875160</timestamp>
			</report>
			<report>
				<misses>541400001</misses>
				<total>-13</total>
				<timestamp>3367.500435</timestamp>
			</report>
			<report>
				<misses>541500001</misses>
				<total>-13</total>
				<timestamp>3368.124152</timestamp>
			</report>
			<report>
				<misses>541600001</misses>
				<total>-13</total>
				<timestamp>3368.744998</timestamp>
			</report>
			<report>
				<misses>541700001</misses>
				<total>-13</total>
				<timestamp>3369.365093</timestamp>
			</report>
			<report>
				<misses>541800001</misses>
				<total>-13</total>
				<timestamp>3369.988810</timestamp>
			</report>
			<report>
				<misses>541900001</misses>
				<total>-13</total>
				<timestamp>3370.614446</timestamp>
			</report>
			<report>
				<misses>542000001</misses>
				<total>-13</total>
				<timestamp>3371.234710</timestamp>
			</report>
			<report>
				<misses>542100001</misses>
				<total>-13</total>
				<timestamp>3371.858452</timestamp>
			</report>
			<report>
				<misses>542200001</misses>
				<total>-13</total>
				<timestamp>3372.481628</timestamp>
			</report>
			<report>
				<misses>542300001</misses>
				<total>-13</total>
				<timestamp>3373.101471</timestamp>
			</report>
			<report>
				<misses>542400001</misses>
				<total>-13</total>
				<timestamp>3373.724521</timestamp>
			</report>
			<report>
				<misses>542500001</misses>
				<total>-13</total>
				<timestamp>3374.347728</timestamp>
			</report>
			<report>
				<misses>542600001</misses>
				<total>-13</total>
				<timestamp>3374.973619</timestamp>
			</report>
			<report>
				<misses>542700001</misses>
				<total>-13</total>
				<timestamp>3375.590329</timestamp>
			</report>
			<report>
				<misses>542800001</misses>
				<total>-13</total>
				<timestamp>3376.205914</timestamp>
			</report>
			<report>
				<misses>542900001</misses>
				<total>-13</total>
				<timestamp>3376.820740</timestamp>
			</report>
			<report>
				<misses>543000001</misses>
				<total>-13</total>
				<timestamp>3377.436930</timestamp>
			</report>
			<report>
				<misses>543100001</misses>
				<total>-13</total>
				<timestamp>3378.057814</timestamp>
			</report>
			<report>
				<misses>543200001</misses>
				<total>-13</total>
				<timestamp>3378.680608</timestamp>
			</report>
			<report>
				<misses>543300001</misses>
				<total>-13</total>
				<timestamp>3379.300169</timestamp>
			</report>
			<report>
				<misses>543400001</misses>
				<total>-13</total>
				<timestamp>3379.922559</timestamp>
			</report>
			<report>
				<misses>543500001</misses>
				<total>-13</total>
				<timestamp>3380.538401</timestamp>
			</report>
			<report>
				<misses>543600001</misses>
				<total>-13</total>
				<timestamp>3381.159773</timestamp>
			</report>
			<report>
				<misses>543700001</misses>
				<total>-13</total>
				<timestamp>3381.783733</timestamp>
			</report>
			<report>
				<misses>543800001</misses>
				<total>-13</total>
				<timestamp>3382.404080</timestamp>
			</report>
			<report>
				<misses>543900001</misses>
				<total>-13</total>
				<timestamp>3383.031358</timestamp>
			</report>
			<report>
				<misses>544000001</misses>
				<total>-13</total>
				<timestamp>3383.653288</timestamp>
			</report>
			<report>
				<misses>544100001</misses>
				<total>-13</total>
				<timestamp>3384.268364</timestamp>
			</report>
			<report>
				<misses>544200001</misses>
				<total>-13</total>
				<timestamp>3384.887237</timestamp>
			</report>
			<report>
				<misses>544300001</misses>
				<total>-13</total>
				<timestamp>3385.509254</timestamp>
			</report>
			<report>
				<misses>544400001</misses>
				<total>-13</total>
				<timestamp>3386.130792</timestamp>
			</report>
			<report>
				<misses>544500001</misses>
				<total>-13</total>
				<timestamp>3386.755006</timestamp>
			</report>
			<report>
				<misses>544600001</misses>
				<total>-13</total>
				<timestamp>3387.374204</timestamp>
			</report>
			<report>
				<misses>544700001</misses>
				<total>-13</total>
				<timestamp>3387.993266</timestamp>
			</report>
			<report>
				<misses>544800001</misses>
				<total>-13</total>
				<timestamp>3388.611224</timestamp>
			</report>
			<report>
				<misses>544900001</misses>
				<total>-13</total>
				<timestamp>3389.234425</timestamp>
			</report>
			<report>
				<misses>545000001</misses>
				<total>-13</total>
				<timestamp>3389.859551</timestamp>
			</report>
			<report>
				<misses>545100001</misses>
				<total>-13</total>
				<timestamp>3390.483371</timestamp>
			</report>
			<report>
				<misses>545200001</misses>
				<total>-13</total>
				<timestamp>3391.105932</timestamp>
			</report>
			<report>
				<misses>545300001</misses>
				<total>-13</total>
				<timestamp>3391.727791</timestamp>
			</report>
			<report>
				<misses>545400001</misses>
				<total>-13</total>
				<timestamp>3392.348785</timestamp>
			</report>
			<report>
				<misses>545500001</misses>
				<total>-13</total>
				<timestamp>3392.970960</timestamp>
			</report>
			<report>
				<misses>545600001</misses>
				<total>-13</total>
				<timestamp>3393.592507</timestamp>
			</report>
			<report>
				<misses>545700001</misses>
				<total>-13</total>
				<timestamp>3394.213744</timestamp>
			</report>
			<report>
				<misses>545800001</misses>
				<total>-13</total>
				<timestamp>3394.831138</timestamp>
			</report>
			<report>
				<misses>545900001</misses>
				<total>-13</total>
				<timestamp>3395.447347</timestamp>
			</report>
			<report>
				<misses>546000001</misses>
				<total>-13</total>
				<timestamp>3396.063689</timestamp>
			</report>
			<report>
				<misses>546100001</misses>
				<total>-13</total>
				<timestamp>3396.683652</timestamp>
			</report>
			<report>
				<misses>546200001</misses>
				<total>-13</total>
				<timestamp>3397.303506</timestamp>
			</report>
			<report>
				<misses>546300001</misses>
				<total>-13</total>
				<timestamp>3397.920177</timestamp>
			</report>
			<report>
				<misses>546400001</misses>
				<total>-13</total>
				<timestamp>3398.537571</timestamp>
			</report>
			<report>
				<misses>546500001</misses>
				<total>-13</total>
				<timestamp>3399.161141</timestamp>
			</report>
			<report>
				<misses>546600001</misses>
				<total>-13</total>
				<timestamp>3399.787002</timestamp>
			</report>
			<report>
				<misses>546700001</misses>
				<total>-13</total>
				<timestamp>3400.408515</timestamp>
			</report>
			<report>
				<misses>546800001</misses>
				<total>-13</total>
				<timestamp>3401.028991</timestamp>
			</report>
			<report>
				<misses>546900001</misses>
				<total>-13</total>
				<timestamp>3401.652417</timestamp>
			</report>
			<report>
				<misses>547000001</misses>
				<total>-13</total>
				<timestamp>3402.274571</timestamp>
			</report>
			<report>
				<misses>547100001</misses>
				<total>-13</total>
				<timestamp>3402.900213</timestamp>
			</report>
			<report>
				<misses>547200001</misses>
				<total>-13</total>
				<timestamp>3403.521202</timestamp>
			</report>
			<report>
				<misses>547300001</misses>
				<total>-13</total>
				<timestamp>3404.137402</timestamp>
			</report>
			<report>
				<misses>547400001</misses>
				<total>-13</total>
				<timestamp>3404.756592</timestamp>
			</report>
			<report>
				<misses>547500001</misses>
				<total>-13</total>
				<timestamp>3405.374494</timestamp>
			</report>
			<report>
				<misses>547600001</misses>
				<total>-13</total>
				<timestamp>3406.003744</timestamp>
			</report>
			<report>
				<misses>547700001</misses>
				<total>-13</total>
				<timestamp>3406.623705</timestamp>
			</report>
			<report>
				<misses>547800001</misses>
				<total>-13</total>
				<timestamp>3407.242867</timestamp>
			</report>
			<report>
				<misses>547900001</misses>
				<total>-13</total>
				<timestamp>3407.868520</timestamp>
			</report>
			<report>
				<misses>548000001</misses>
				<total>-13</total>
				<timestamp>3408.493367</timestamp>
			</report>
			<report>
				<misses>548100001</misses>
				<total>-13</total>
				<timestamp>3409.117202</timestamp>
			</report>
			<report>
				<misses>548200001</misses>
				<total>-13</total>
				<timestamp>3409.740265</timestamp>
			</report>
			<report>
				<misses>548300001</misses>
				<total>-13</total>
				<timestamp>3410.362925</timestamp>
			</report>
			<report>
				<misses>548400001</misses>
				<total>-13</total>
				<timestamp>3410.983036</timestamp>
			</report>
			<report>
				<misses>548500001</misses>
				<total>-13</total>
				<timestamp>3411.607246</timestamp>
			</report>
			<report>
				<misses>548600001</misses>
				<total>-13</total>
				<timestamp>3412.232364</timestamp>
			</report>
			<report>
				<misses>548700001</misses>
				<total>-13</total>
				<timestamp>3412.860572</timestamp>
			</report>
			<report>
				<misses>548800001</misses>
				<total>-13</total>
				<timestamp>3413.484013</timestamp>
			</report>
			<report>
				<misses>548900001</misses>
				<total>-13</total>
				<timestamp>3414.110937</timestamp>
			</report>
			<report>
				<misses>549000001</misses>
				<total>-13</total>
				<timestamp>3414.734778</timestamp>
			</report>
			<report>
				<misses>549100001</misses>
				<total>-13</total>
				<timestamp>3415.362595</timestamp>
			</report>
			<report>
				<misses>549200001</misses>
				<total>-13</total>
				<timestamp>3415.983200</timestamp>
			</report>
			<report>
				<misses>549300001</misses>
				<total>-13</total>
				<timestamp>3416.601222</timestamp>
			</report>
			<report>
				<misses>549400001</misses>
				<total>-13</total>
				<timestamp>3417.220411</timestamp>
			</report>
			<report>
				<misses>549500001</misses>
				<total>-13</total>
				<timestamp>3417.845785</timestamp>
			</report>
			<report>
				<misses>549600001</misses>
				<total>-13</total>
				<timestamp>3418.467222</timestamp>
			</report>
			<report>
				<misses>549700001</misses>
				<total>-13</total>
				<timestamp>3419.091189</timestamp>
			</report>
			<report>
				<misses>549800001</misses>
				<total>-13</total>
				<timestamp>3419.716408</timestamp>
			</report>
			<report>
				<misses>549900001</misses>
				<total>-13</total>
				<timestamp>3420.335764</timestamp>
			</report>
			<report>
				<misses>550000001</misses>
				<total>-13</total>
				<timestamp>3420.959337</timestamp>
			</report>
			<report>
				<misses>550100001</misses>
				<total>-13</total>
				<timestamp>3421.577236</timestamp>
			</report>
			<report>
				<misses>550200001</misses>
				<total>-13</total>
				<timestamp>3422.197829</timestamp>
			</report>
			<report>
				<misses>550300001</misses>
				<total>-13</total>
				<timestamp>3422.823862</timestamp>
			</report>
			<report>
				<misses>550400001</misses>
				<total>-13</total>
				<timestamp>3423.446394</timestamp>
			</report>
			<report>
				<misses>550500001</misses>
				<total>-13</total>
				<timestamp>3424.074988</timestamp>
			</report>
			<report>
				<misses>550600001</misses>
				<total>-13</total>
				<timestamp>3424.697662</timestamp>
			</report>
			<report>
				<misses>550700001</misses>
				<total>-13</total>
				<timestamp>3425.315296</timestamp>
			</report>
			<report>
				<misses>550800001</misses>
				<total>-13</total>
				<timestamp>3425.933715</timestamp>
			</report>
			<report>
				<misses>550900001</misses>
				<total>-13</total>
				<timestamp>3426.552510</timestamp>
			</report>
			<report>
				<misses>551000001</misses>
				<total>-13</total>
				<timestamp>3427.172986</timestamp>
			</report>
			<report>
				<misses>551100001</misses>
				<total>-13</total>
				<timestamp>3427.793069</timestamp>
			</report>
			<report>
				<misses>551200001</misses>
				<total>-13</total>
				<timestamp>3428.418046</timestamp>
			</report>
			<report>
				<misses>551300001</misses>
				<total>-13</total>
				<timestamp>3429.045770</timestamp>
			</report>
			<report>
				<misses>551400001</misses>
				<total>-13</total>
				<timestamp>3429.672686</timestamp>
			</report>
			<report>
				<misses>551500001</misses>
				<total>-13</total>
				<timestamp>3430.292296</timestamp>
			</report>
			<report>
				<misses>551600001</misses>
				<total>-13</total>
				<timestamp>3430.913015</timestamp>
			</report>
			<report>
				<misses>551700001</misses>
				<total>-13</total>
				<timestamp>3431.530395</timestamp>
			</report>
			<report>
				<misses>551800001</misses>
				<total>-13</total>
				<timestamp>3432.152666</timestamp>
			</report>
			<report>
				<misses>551900001</misses>
				<total>-13</total>
				<timestamp>3432.777934</timestamp>
			</report>
			<report>
				<misses>552000001</misses>
				<total>-13</total>
				<timestamp>3433.394915</timestamp>
			</report>
			<report>
				<misses>552100001</misses>
				<total>-13</total>
				<timestamp>3434.013991</timestamp>
			</report>
			<report>
				<misses>552200001</misses>
				<total>-13</total>
				<timestamp>3434.628265</timestamp>
			</report>
			<report>
				<misses>552300001</misses>
				<total>-13</total>
				<timestamp>3435.246586</timestamp>
			</report>
			<report>
				<misses>552400001</misses>
				<total>-13</total>
				<timestamp>3435.865620</timestamp>
			</report>
			<report>
				<misses>552500001</misses>
				<total>-13</total>
				<timestamp>3436.488307</timestamp>
			</report>
			<report>
				<misses>552600001</misses>
				<total>-13</total>
				<timestamp>3437.105797</timestamp>
			</report>
			<report>
				<misses>552700001</misses>
				<total>-13</total>
				<timestamp>3437.729638</timestamp>
			</report>
			<report>
				<misses>552800001</misses>
				<total>-13</total>
				<timestamp>3438.351256</timestamp>
			</report>
			<report>
				<misses>552900001</misses>
				<total>-13</total>
				<timestamp>3438.976660</timestamp>
			</report>
			<report>
				<misses>553000001</misses>
				<total>-13</total>
				<timestamp>3439.593799</timestamp>
			</report>
			<report>
				<misses>553100001</misses>
				<total>-13</total>
				<timestamp>3440.213028</timestamp>
			</report>
			<report>
				<misses>553200001</misses>
				<total>-13</total>
				<timestamp>3440.835561</timestamp>
			</report>
			<report>
				<misses>553300001</misses>
				<total>-13</total>
				<timestamp>3441.454367</timestamp>
			</report>
			<report>
				<misses>553400001</misses>
				<total>-13</total>
				<timestamp>3442.075955</timestamp>
			</report>
			<report>
				<misses>553500001</misses>
				<total>-13</total>
				<timestamp>3442.696617</timestamp>
			</report>
			<report>
				<misses>553600001</misses>
				<total>-13</total>
				<timestamp>3443.320205</timestamp>
			</report>
			<report>
				<misses>553700001</misses>
				<total>-13</total>
				<timestamp>3443.943877</timestamp>
			</report>
			<report>
				<misses>553800001</misses>
				<total>-13</total>
				<timestamp>3444.568092</timestamp>
			</report>
			<report>
				<misses>553900001</misses>
				<total>-13</total>
				<timestamp>3445.191560</timestamp>
			</report>
			<report>
				<misses>554000001</misses>
				<total>-13</total>
				<timestamp>3445.813985</timestamp>
			</report>
			<report>
				<misses>554100001</misses>
				<total>-13</total>
				<timestamp>3446.442706</timestamp>
			</report>
			<report>
				<misses>554200001</misses>
				<total>-13</total>
				<timestamp>3447.070570</timestamp>
			</report>
			<report>
				<misses>554300001</misses>
				<total>-13</total>
				<timestamp>3447.701982</timestamp>
			</report>
			<report>
				<misses>554400001</misses>
				<total>-13</total>
				<timestamp>3448.321816</timestamp>
			</report>
			<report>
				<misses>554500001</misses>
				<total>-13</total>
				<timestamp>3448.950933</timestamp>
			</report>
			<report>
				<misses>554600001</misses>
				<total>-13</total>
				<timestamp>3449.583824</timestamp>
			</report>
			<report>
				<misses>554700001</misses>
				<total>-13</total>
				<timestamp>3450.205227</timestamp>
			</report>
			<report>
				<misses>554800001</misses>
				<total>-13</total>
				<timestamp>3450.833996</timestamp>
			</report>
			<report>
				<misses>554900001</misses>
				<total>-13</total>
				<timestamp>3451.458852</timestamp>
			</report>
			<report>
				<misses>555000001</misses>
				<total>-13</total>
				<timestamp>3452.079236</timestamp>
			</report>
			<report>
				<misses>555100001</misses>
				<total>-13</total>
				<timestamp>3452.705898</timestamp>
			</report>
			<report>
				<misses>555200001</misses>
				<total>-13</total>
				<timestamp>3453.325321</timestamp>
			</report>
			<report>
				<misses>555300001</misses>
				<total>-13</total>
				<timestamp>3453.947876</timestamp>
			</report>
			<report>
				<misses>555400001</misses>
				<total>-13</total>
				<timestamp>3454.570035</timestamp>
			</report>
			<report>
				<misses>555500001</misses>
				<total>-13</total>
				<timestamp>3455.192697</timestamp>
			</report>
			<report>
				<misses>555600001</misses>
				<total>-13</total>
				<timestamp>3455.818311</timestamp>
			</report>
			<report>
				<misses>555700001</misses>
				<total>-13</total>
				<timestamp>3456.438544</timestamp>
			</report>
			<report>
				<misses>555800001</misses>
				<total>-13</total>
				<timestamp>3457.055655</timestamp>
			</report>
			<report>
				<misses>555900001</misses>
				<total>-13</total>
				<timestamp>3457.670976</timestamp>
			</report>
			<report>
				<misses>556000001</misses>
				<total>-13</total>
				<timestamp>3458.294163</timestamp>
			</report>
			<report>
				<misses>556100001</misses>
				<total>-13</total>
				<timestamp>3458.916700</timestamp>
			</report>
			<report>
				<misses>556200001</misses>
				<total>-13</total>
				<timestamp>3459.536907</timestamp>
			</report>
			<report>
				<misses>556300001</misses>
				<total>-13</total>
				<timestamp>3460.158675</timestamp>
			</report>
			<report>
				<misses>556400001</misses>
				<total>-13</total>
				<timestamp>3460.783534</timestamp>
			</report>
			<report>
				<misses>556500001</misses>
				<total>-13</total>
				<timestamp>3461.410203</timestamp>
			</report>
			<report>
				<misses>556600001</misses>
				<total>-13</total>
				<timestamp>3462.030547</timestamp>
			</report>
			<report>
				<misses>556700001</misses>
				<total>-13</total>
				<timestamp>3462.656823</timestamp>
			</report>
			<report>
				<misses>556800001</misses>
				<total>-13</total>
				<timestamp>3463.282216</timestamp>
			</report>
			<report>
				<misses>556900001</misses>
				<total>-13</total>
				<timestamp>3463.907213</timestamp>
			</report>
			<report>
				<misses>557000001</misses>
				<total>-13</total>
				<timestamp>3464.531153</timestamp>
			</report>
			<report>
				<misses>557100001</misses>
				<total>-13</total>
				<timestamp>3465.148938</timestamp>
			</report>
			<report>
				<misses>557200001</misses>
				<total>-13</total>
				<timestamp>3465.776382</timestamp>
			</report>
			<report>
				<misses>557300001</misses>
				<total>-13</total>
				<timestamp>3466.395704</timestamp>
			</report>
			<report>
				<misses>557400001</misses>
				<total>-13</total>
				<timestamp>3467.015540</timestamp>
			</report>
			<report>
				<misses>557500001</misses>
				<total>-13</total>
				<timestamp>3467.635629</timestamp>
			</report>
			<report>
				<misses>557600001</misses>
				<total>-13</total>
				<timestamp>3468.255437</timestamp>
			</report>
			<report>
				<misses>557700001</misses>
				<total>-13</total>
				<timestamp>3468.879398</timestamp>
			</report>
			<report>
				<misses>557800001</misses>
				<total>-13</total>
				<timestamp>3469.510419</timestamp>
			</report>
			<report>
				<misses>557900001</misses>
				<total>-13</total>
				<timestamp>3470.135724</timestamp>
			</report>
			<report>
				<misses>558000001</misses>
				<total>-13</total>
				<timestamp>3470.762113</timestamp>
			</report>
			<report>
				<misses>558100001</misses>
				<total>-13</total>
				<timestamp>3471.385472</timestamp>
			</report>
			<report>
				<misses>558200001</misses>
				<total>-13</total>
				<timestamp>3472.013598</timestamp>
			</report>
			<report>
				<misses>558300001</misses>
				<total>-13</total>
				<timestamp>3472.633160</timestamp>
			</report>
			<report>
				<misses>558400001</misses>
				<total>-13</total>
				<timestamp>3473.257629</timestamp>
			</report>
			<report>
				<misses>558500001</misses>
				<total>-13</total>
				<timestamp>3473.882816</timestamp>
			</report>
			<report>
				<misses>558600001</misses>
				<total>-13</total>
				<timestamp>3474.500459</timestamp>
			</report>
			<report>
				<misses>558700001</misses>
				<total>-13</total>
				<timestamp>3475.121552</timestamp>
			</report>
			<report>
				<misses>558800001</misses>
				<total>-13</total>
				<timestamp>3475.742050</timestamp>
			</report>
			<report>
				<misses>558900001</misses>
				<total>-13</total>
				<timestamp>3476.365914</timestamp>
			</report>
			<report>
				<misses>559000001</misses>
				<total>-13</total>
				<timestamp>3476.985445</timestamp>
			</report>
			<report>
				<misses>559100001</misses>
				<total>-13</total>
				<timestamp>3477.600966</timestamp>
			</report>
			<report>
				<misses>559200001</misses>
				<total>-13</total>
				<timestamp>3478.219880</timestamp>
			</report>
			<report>
				<misses>559300001</misses>
				<total>-13</total>
				<timestamp>3478.846255</timestamp>
			</report>
			<report>
				<misses>559400001</misses>
				<total>-13</total>
				<timestamp>3479.461927</timestamp>
			</report>
			<report>
				<misses>559500001</misses>
				<total>-13</total>
				<timestamp>3480.081104</timestamp>
			</report>
			<report>
				<misses>559600001</misses>
				<total>-13</total>
				<timestamp>3480.696283</timestamp>
			</report>
			<report>
				<misses>559700001</misses>
				<total>-13</total>
				<timestamp>3481.323085</timestamp>
			</report>
			<report>
				<misses>559800001</misses>
				<total>-13</total>
				<timestamp>3481.944864</timestamp>
			</report>
			<report>
				<misses>559900001</misses>
				<total>-13</total>
				<timestamp>3482.567975</timestamp>
			</report>
			<report>
				<misses>560000001</misses>
				<total>-13</total>
				<timestamp>3483.191154</timestamp>
			</report>
			<report>
				<misses>560100001</misses>
				<total>-13</total>
				<timestamp>3483.822239</timestamp>
			</report>
			<report>
				<misses>560200001</misses>
				<total>-13</total>
				<timestamp>3484.438416</timestamp>
			</report>
			<report>
				<misses>560300001</misses>
				<total>-13</total>
				<timestamp>3485.061622</timestamp>
			</report>
			<report>
				<misses>560400001</misses>
				<total>-13</total>
				<timestamp>3485.682239</timestamp>
			</report>
			<report>
				<misses>560500001</misses>
				<total>-13</total>
				<timestamp>3486.305305</timestamp>
			</report>
			<report>
				<misses>560600001</misses>
				<total>-13</total>
				<timestamp>3486.926025</timestamp>
			</report>
			<report>
				<misses>560700001</misses>
				<total>-13</total>
				<timestamp>3487.549730</timestamp>
			</report>
			<report>
				<misses>560800001</misses>
				<total>-13</total>
				<timestamp>3488.173431</timestamp>
			</report>
			<report>
				<misses>560900001</misses>
				<total>-13</total>
				<timestamp>3488.799717</timestamp>
			</report>
			<report>
				<misses>561000001</misses>
				<total>-13</total>
				<timestamp>3489.421164</timestamp>
			</report>
			<report>
				<misses>561100001</misses>
				<total>-13</total>
				<timestamp>3490.044561</timestamp>
			</report>
			<report>
				<misses>561200001</misses>
				<total>-13</total>
				<timestamp>3490.669500</timestamp>
			</report>
			<report>
				<misses>561300001</misses>
				<total>-13</total>
				<timestamp>3491.294609</timestamp>
			</report>
			<report>
				<misses>561400001</misses>
				<total>-13</total>
				<timestamp>3491.923214</timestamp>
			</report>
			<report>
				<misses>561500001</misses>
				<total>-13</total>
				<timestamp>3492.546913</timestamp>
			</report>
			<report>
				<misses>561600001</misses>
				<total>-13</total>
				<timestamp>3493.177848</timestamp>
			</report>
			<report>
				<misses>561700001</misses>
				<total>-13</total>
				<timestamp>3493.802454</timestamp>
			</report>
			<report>
				<misses>561800001</misses>
				<total>-13</total>
				<timestamp>3494.429699</timestamp>
			</report>
			<report>
				<misses>561900001</misses>
				<total>-13</total>
				<timestamp>3495.052245</timestamp>
			</report>
			<report>
				<misses>562000001</misses>
				<total>-13</total>
				<timestamp>3495.679263</timestamp>
			</report>
			<report>
				<misses>562100001</misses>
				<total>-13</total>
				<timestamp>3496.303658</timestamp>
			</report>
			<report>
				<misses>562200001</misses>
				<total>-13</total>
				<timestamp>3496.929297</timestamp>
			</report>
			<report>
				<misses>562300001</misses>
				<total>-13</total>
				<timestamp>3497.544587</timestamp>
			</report>
			<report>
				<misses>562400001</misses>
				<total>-13</total>
				<timestamp>3498.165670</timestamp>
			</report>
			<report>
				<misses>562500001</misses>
				<total>-13</total>
				<timestamp>3498.787698</timestamp>
			</report>
			<report>
				<misses>562600001</misses>
				<total>-13</total>
				<timestamp>3499.405051</timestamp>
			</report>
			<report>
				<misses>562700001</misses>
				<total>-13</total>
				<timestamp>3500.029894</timestamp>
			</report>
			<report>
				<misses>562800001</misses>
				<total>-13</total>
				<timestamp>3500.655554</timestamp>
			</report>
			<report>
				<misses>562900001</misses>
				<total>-13</total>
				<timestamp>3501.272789</timestamp>
			</report>
			<report>
				<misses>563000001</misses>
				<total>-13</total>
				<timestamp>3501.888133</timestamp>
			</report>
			<report>
				<misses>563100001</misses>
				<total>-13</total>
				<timestamp>3502.499444</timestamp>
			</report>
			<report>
				<misses>563200001</misses>
				<total>-13</total>
				<timestamp>3503.120320</timestamp>
			</report>
			<report>
				<misses>563300001</misses>
				<total>-13</total>
				<timestamp>3503.739395</timestamp>
			</report>
			<report>
				<misses>563400001</misses>
				<total>-13</total>
				<timestamp>3504.365136</timestamp>
			</report>
			<report>
				<misses>563500001</misses>
				<total>-13</total>
				<timestamp>3504.987668</timestamp>
			</report>
			<report>
				<misses>563600001</misses>
				<total>-13</total>
				<timestamp>3505.608536</timestamp>
			</report>
			<report>
				<misses>563700001</misses>
				<total>-13</total>
				<timestamp>3506.228096</timestamp>
			</report>
			<report>
				<misses>563800001</misses>
				<total>-13</total>
				<timestamp>3506.850119</timestamp>
			</report>
			<report>
				<misses>563900001</misses>
				<total>-13</total>
				<timestamp>3507.472402</timestamp>
			</report>
			<report>
				<misses>564000001</misses>
				<total>-13</total>
				<timestamp>3508.091337</timestamp>
			</report>
			<report>
				<misses>564100001</misses>
				<total>-13</total>
				<timestamp>3508.711939</timestamp>
			</report>
			<report>
				<misses>564200001</misses>
				<total>-13</total>
				<timestamp>3509.336030</timestamp>
			</report>
			<report>
				<misses>564300001</misses>
				<total>-13</total>
				<timestamp>3509.951721</timestamp>
			</report>
			<report>
				<misses>564400001</misses>
				<total>-13</total>
				<timestamp>3510.576854</timestamp>
			</report>
			<report>
				<misses>564500001</misses>
				<total>-13</total>
				<timestamp>3511.200285</timestamp>
			</report>
			<report>
				<misses>564600001</misses>
				<total>-13</total>
				<timestamp>3511.823210</timestamp>
			</report>
			<report>
				<misses>564700001</misses>
				<total>-13</total>
				<timestamp>3512.448057</timestamp>
			</report>
			<report>
				<misses>564800001</misses>
				<total>-13</total>
				<timestamp>3513.058480</timestamp>
			</report>
			<report>
				<misses>564900001</misses>
				<total>-13</total>
				<timestamp>3513.674816</timestamp>
			</report>
			<report>
				<misses>565000001</misses>
				<total>-13</total>
				<timestamp>3514.285493</timestamp>
			</report>
			<report>
				<misses>565100001</misses>
				<total>-13</total>
				<timestamp>3514.904918</timestamp>
			</report>
			<report>
				<misses>565200001</misses>
				<total>-13</total>
				<timestamp>3515.525793</timestamp>
			</report>
			<report>
				<misses>565300001</misses>
				<total>-13</total>
				<timestamp>3516.156589</timestamp>
			</report>
			<report>
				<misses>565400001</misses>
				<total>-13</total>
				<timestamp>3516.779404</timestamp>
			</report>
			<report>
				<misses>565500001</misses>
				<total>-13</total>
				<timestamp>3517.407360</timestamp>
			</report>
			<report>
				<misses>565600001</misses>
				<total>-13</total>
				<timestamp>3518.026431</timestamp>
			</report>
			<report>
				<misses>565700001</misses>
				<total>-13</total>
				<timestamp>3518.647142</timestamp>
			</report>
			<report>
				<misses>565800001</misses>
				<total>-13</total>
				<timestamp>3519.279359</timestamp>
			</report>
			<report>
				<misses>565900001</misses>
				<total>-13</total>
				<timestamp>3519.900642</timestamp>
			</report>
			<report>
				<misses>566000001</misses>
				<total>-13</total>
				<timestamp>3520.526879</timestamp>
			</report>
			<report>
				<misses>566100001</misses>
				<total>-13</total>
				<timestamp>3521.146692</timestamp>
			</report>
			<report>
				<misses>566200001</misses>
				<total>-13</total>
				<timestamp>3521.765242</timestamp>
			</report>
			<report>
				<misses>566300001</misses>
				<total>-13</total>
				<timestamp>3522.376039</timestamp>
			</report>
			<report>
				<misses>566400001</misses>
				<total>-13</total>
				<timestamp>3522.996636</timestamp>
			</report>
			<report>
				<misses>566500001</misses>
				<total>-13</total>
				<timestamp>3523.621233</timestamp>
			</report>
			<report>
				<misses>566600001</misses>
				<total>-13</total>
				<timestamp>3524.244583</timestamp>
			</report>
			<report>
				<misses>566700001</misses>
				<total>-13</total>
				<timestamp>3524.870876</timestamp>
			</report>
			<report>
				<misses>566800001</misses>
				<total>-13</total>
				<timestamp>3525.497478</timestamp>
			</report>
			<report>
				<misses>566900001</misses>
				<total>-13</total>
				<timestamp>3526.120419</timestamp>
			</report>
			<report>
				<misses>567000001</misses>
				<total>-13</total>
				<timestamp>3526.745529</timestamp>
			</report>
			<report>
				<misses>567100001</misses>
				<total>-13</total>
				<timestamp>3527.364336</timestamp>
			</report>
			<report>
				<misses>567200001</misses>
				<total>-13</total>
				<timestamp>3527.984067</timestamp>
			</report>
			<report>
				<misses>567300001</misses>
				<total>-13</total>
				<timestamp>3528.607115</timestamp>
			</report>
			<report>
				<misses>567400001</misses>
				<total>-13</total>
				<timestamp>3529.223597</timestamp>
			</report>
			<report>
				<misses>567500001</misses>
				<total>-13</total>
				<timestamp>3529.843932</timestamp>
			</report>
			<report>
				<misses>567600001</misses>
				<total>-13</total>
				<timestamp>3530.466366</timestamp>
			</report>
			<report>
				<misses>567700001</misses>
				<total>-13</total>
				<timestamp>3531.088137</timestamp>
			</report>
			<report>
				<misses>567800001</misses>
				<total>-13</total>
				<timestamp>3531.712887</timestamp>
			</report>
			<report>
				<misses>567900001</misses>
				<total>-13</total>
				<timestamp>3532.338235</timestamp>
			</report>
			<report>
				<misses>568000001</misses>
				<total>-13</total>
				<timestamp>3532.964778</timestamp>
			</report>
			<report>
				<misses>568100001</misses>
				<total>-13</total>
				<timestamp>3533.581783</timestamp>
			</report>
			<report>
				<misses>568200001</misses>
				<total>-13</total>
				<timestamp>3534.209095</timestamp>
			</report>
			<report>
				<misses>568300001</misses>
				<total>-13</total>
				<timestamp>3534.828135</timestamp>
			</report>
			<report>
				<misses>568400001</misses>
				<total>-13</total>
				<timestamp>3535.450856</timestamp>
			</report>
			<report>
				<misses>568500001</misses>
				<total>-13</total>
				<timestamp>3536.070684</timestamp>
			</report>
			<report>
				<misses>568600001</misses>
				<total>-13</total>
				<timestamp>3536.687407</timestamp>
			</report>
			<report>
				<misses>568700001</misses>
				<total>-13</total>
				<timestamp>3537.302942</timestamp>
			</report>
			<report>
				<misses>568800001</misses>
				<total>-13</total>
				<timestamp>3537.920636</timestamp>
			</report>
			<report>
				<misses>568900001</misses>
				<total>-13</total>
				<timestamp>3538.536830</timestamp>
			</report>
			<report>
				<misses>569000001</misses>
				<total>-13</total>
				<timestamp>3539.152131</timestamp>
			</report>
			<report>
				<misses>569100001</misses>
				<total>-13</total>
				<timestamp>3539.774371</timestamp>
			</report>
			<report>
				<misses>569200001</misses>
				<total>-13</total>
				<timestamp>3540.399572</timestamp>
			</report>
			<report>
				<misses>569300001</misses>
				<total>-13</total>
				<timestamp>3541.021443</timestamp>
			</report>
			<report>
				<misses>569400001</misses>
				<total>-13</total>
				<timestamp>3541.646565</timestamp>
			</report>
			<report>
				<misses>569500001</misses>
				<total>-13</total>
				<timestamp>3542.271782</timestamp>
			</report>
			<report>
				<misses>569600001</misses>
				<total>-13</total>
				<timestamp>3542.897341</timestamp>
			</report>
			<report>
				<misses>569700001</misses>
				<total>-13</total>
				<timestamp>3543.516714</timestamp>
			</report>
			<report>
				<misses>569800001</misses>
				<total>-13</total>
				<timestamp>3544.145219</timestamp>
			</report>
			<report>
				<misses>569900001</misses>
				<total>-13</total>
				<timestamp>3544.767493</timestamp>
			</report>
			<report>
				<misses>570000001</misses>
				<total>-13</total>
				<timestamp>3545.389517</timestamp>
			</report>
			<report>
				<misses>570100001</misses>
				<total>-13</total>
				<timestamp>3546.012833</timestamp>
			</report>
			<report>
				<misses>570200001</misses>
				<total>-13</total>
				<timestamp>3546.635381</timestamp>
			</report>
			<report>
				<misses>570300001</misses>
				<total>-13</total>
				<timestamp>3547.259453</timestamp>
			</report>
			<report>
				<misses>570400001</misses>
				<total>-13</total>
				<timestamp>3547.878392</timestamp>
			</report>
			<report>
				<misses>570500001</misses>
				<total>-13</total>
				<timestamp>3548.500784</timestamp>
			</report>
			<report>
				<misses>570600001</misses>
				<total>-13</total>
				<timestamp>3549.127508</timestamp>
			</report>
			<report>
				<misses>570700001</misses>
				<total>-13</total>
				<timestamp>3549.749528</timestamp>
			</report>
			<report>
				<misses>570800001</misses>
				<total>-13</total>
				<timestamp>3550.373347</timestamp>
			</report>
			<report>
				<misses>570900001</misses>
				<total>-13</total>
				<timestamp>3550.995125</timestamp>
			</report>
			<report>
				<misses>571000001</misses>
				<total>-13</total>
				<timestamp>3551.617328</timestamp>
			</report>
			<report>
				<misses>571100001</misses>
				<total>-13</total>
				<timestamp>3552.245426</timestamp>
			</report>
			<report>
				<misses>571200001</misses>
				<total>-13</total>
				<timestamp>3552.867687</timestamp>
			</report>
			<report>
				<misses>571300001</misses>
				<total>-13</total>
				<timestamp>3553.491509</timestamp>
			</report>
			<report>
				<misses>571400001</misses>
				<total>-13</total>
				<timestamp>3554.112875</timestamp>
			</report>
			<report>
				<misses>571500001</misses>
				<total>-13</total>
				<timestamp>3554.726450</timestamp>
			</report>
			<report>
				<misses>571600001</misses>
				<total>-13</total>
				<timestamp>3555.350113</timestamp>
			</report>
			<report>
				<misses>571700001</misses>
				<total>-13</total>
				<timestamp>3555.969816</timestamp>
			</report>
			<report>
				<misses>571800001</misses>
				<total>-13</total>
				<timestamp>3556.590708</timestamp>
			</report>
			<report>
				<misses>571900001</misses>
				<total>-13</total>
				<timestamp>3557.208358</timestamp>
			</report>
			<report>
				<misses>572000001</misses>
				<total>-13</total>
				<timestamp>3557.834035</timestamp>
			</report>
			<report>
				<misses>572100001</misses>
				<total>-13</total>
				<timestamp>3558.459446</timestamp>
			</report>
			<report>
				<misses>572200001</misses>
				<total>-13</total>
				<timestamp>3559.081369</timestamp>
			</report>
			<report>
				<misses>572300001</misses>
				<total>-13</total>
				<timestamp>3559.702618</timestamp>
			</report>
			<report>
				<misses>572400001</misses>
				<total>-13</total>
				<timestamp>3560.318389</timestamp>
			</report>
			<report>
				<misses>572500001</misses>
				<total>-13</total>
				<timestamp>3560.946322</timestamp>
			</report>
			<report>
				<misses>572600001</misses>
				<total>-13</total>
				<timestamp>3561.568731</timestamp>
			</report>
			<report>
				<misses>572700001</misses>
				<total>-13</total>
				<timestamp>3562.193597</timestamp>
			</report>
			<report>
				<misses>572800001</misses>
				<total>-13</total>
				<timestamp>3562.815377</timestamp>
			</report>
			<report>
				<misses>572900001</misses>
				<total>-13</total>
				<timestamp>3563.435597</timestamp>
			</report>
			<report>
				<misses>573000001</misses>
				<total>-13</total>
				<timestamp>3564.058915</timestamp>
			</report>
			<report>
				<misses>573100001</misses>
				<total>-13</total>
				<timestamp>3564.678728</timestamp>
			</report>
			<report>
				<misses>573200001</misses>
				<total>-13</total>
				<timestamp>3565.309146</timestamp>
			</report>
			<report>
				<misses>573300001</misses>
				<total>-13</total>
				<timestamp>3565.926273</timestamp>
			</report>
			<report>
				<misses>573400001</misses>
				<total>-13</total>
				<timestamp>3566.546992</timestamp>
			</report>
			<report>
				<misses>573500001</misses>
				<total>-13</total>
				<timestamp>3567.173004</timestamp>
			</report>
			<report>
				<misses>573600001</misses>
				<total>-13</total>
				<timestamp>3567.792375</timestamp>
			</report>
			<report>
				<misses>573700001</misses>
				<total>-13</total>
				<timestamp>3568.417575</timestamp>
			</report>
			<report>
				<misses>573800001</misses>
				<total>-13</total>
				<timestamp>3569.034450</timestamp>
			</report>
			<report>
				<misses>573900001</misses>
				<total>-13</total>
				<timestamp>3569.657642</timestamp>
			</report>
			<report>
				<misses>574000001</misses>
				<total>-13</total>
				<timestamp>3570.275909</timestamp>
			</report>
			<report>
				<misses>574100001</misses>
				<total>-13</total>
				<timestamp>3570.898212</timestamp>
			</report>
			<report>
				<misses>574200001</misses>
				<total>-13</total>
				<timestamp>3571.523484</timestamp>
			</report>
			<report>
				<misses>574300001</misses>
				<total>-13</total>
				<timestamp>3572.142418</timestamp>
			</report>
			<report>
				<misses>574400001</misses>
				<total>-13</total>
				<timestamp>3572.764842</timestamp>
			</report>
			<report>
				<misses>574500001</misses>
				<total>-13</total>
				<timestamp>3573.386972</timestamp>
			</report>
			<report>
				<misses>574600001</misses>
				<total>-13</total>
				<timestamp>3574.004104</timestamp>
			</report>
			<report>
				<misses>574700001</misses>
				<total>-13</total>
				<timestamp>3574.628173</timestamp>
			</report>
			<report>
				<misses>574800001</misses>
				<total>-13</total>
				<timestamp>3575.252519</timestamp>
			</report>
			<report>
				<misses>574900001</misses>
				<total>-13</total>
				<timestamp>3575.881139</timestamp>
			</report>
			<report>
				<misses>575000001</misses>
				<total>-13</total>
				<timestamp>3576.503789</timestamp>
			</report>
			<report>
				<misses>575100001</misses>
				<total>-13</total>
				<timestamp>3577.123617</timestamp>
			</report>
			<report>
				<misses>575200001</misses>
				<total>-13</total>
				<timestamp>3577.747851</timestamp>
			</report>
			<report>
				<misses>575300001</misses>
				<total>-13</total>
				<timestamp>3578.364706</timestamp>
			</report>
			<report>
				<misses>575400001</misses>
				<total>-13</total>
				<timestamp>3578.988337</timestamp>
			</report>
			<report>
				<misses>575500001</misses>
				<total>-13</total>
				<timestamp>3579.605332</timestamp>
			</report>
			<report>
				<misses>575600001</misses>
				<total>-13</total>
				<timestamp>3580.232883</timestamp>
			</report>
			<report>
				<misses>575700001</misses>
				<total>-13</total>
				<timestamp>3580.855635</timestamp>
			</report>
			<report>
				<misses>575800001</misses>
				<total>-13</total>
				<timestamp>3581.482833</timestamp>
			</report>
			<report>
				<misses>575900001</misses>
				<total>-13</total>
				<timestamp>3582.099295</timestamp>
			</report>
			<report>
				<misses>576000001</misses>
				<total>-13</total>
				<timestamp>3582.726859</timestamp>
			</report>
			<report>
				<misses>576100001</misses>
				<total>-13</total>
				<timestamp>3583.347722</timestamp>
			</report>
			<report>
				<misses>576200001</misses>
				<total>-13</total>
				<timestamp>3583.967821</timestamp>
			</report>
			<report>
				<misses>576300001</misses>
				<total>-13</total>
				<timestamp>3584.592788</timestamp>
			</report>
			<report>
				<misses>576400001</misses>
				<total>-13</total>
				<timestamp>3585.215271</timestamp>
			</report>
			<report>
				<misses>576500001</misses>
				<total>-13</total>
				<timestamp>3585.832970</timestamp>
			</report>
			<report>
				<misses>576600001</misses>
				<total>-13</total>
				<timestamp>3586.454788</timestamp>
			</report>
			<report>
				<misses>576700001</misses>
				<total>-13</total>
				<timestamp>3587.089596</timestamp>
			</report>
			<report>
				<misses>576800001</misses>
				<total>-13</total>
				<timestamp>3587.715869</timestamp>
			</report>
			<report>
				<misses>576900001</misses>
				<total>-13</total>
				<timestamp>3588.381783</timestamp>
			</report>
			<report>
				<misses>577000001</misses>
				<total>-13</total>
				<timestamp>3589.011481</timestamp>
			</report>
			<report>
				<misses>577100001</misses>
				<total>-13</total>
				<timestamp>3589.645287</timestamp>
			</report>
			<report>
				<misses>577200001</misses>
				<total>-13</total>
				<timestamp>3590.271336</timestamp>
			</report>
			<report>
				<misses>577300001</misses>
				<total>-13</total>
				<timestamp>3590.899433</timestamp>
			</report>
			<report>
				<misses>577400001</misses>
				<total>-13</total>
				<timestamp>3591.523244</timestamp>
			</report>
			<report>
				<misses>577500001</misses>
				<total>-13</total>
				<timestamp>3592.167470</timestamp>
			</report>
			<report>
				<misses>577600001</misses>
				<total>-13</total>
				<timestamp>3592.802526</timestamp>
			</report>
			<report>
				<misses>577700001</misses>
				<total>-13</total>
				<timestamp>3593.433701</timestamp>
			</report>
			<report>
				<misses>577800001</misses>
				<total>-13</total>
				<timestamp>3594.052659</timestamp>
			</report>
			<report>
				<misses>577900001</misses>
				<total>-13</total>
				<timestamp>3594.679440</timestamp>
			</report>
			<report>
				<misses>578000001</misses>
				<total>-13</total>
				<timestamp>3595.303281</timestamp>
			</report>
			<report>
				<misses>578100001</misses>
				<total>-13</total>
				<timestamp>3595.931484</timestamp>
			</report>
			<report>
				<misses>578200001</misses>
				<total>-13</total>
				<timestamp>3596.554410</timestamp>
			</report>
			<report>
				<misses>578300001</misses>
				<total>-13</total>
				<timestamp>3597.181337</timestamp>
			</report>
			<report>
				<misses>578400001</misses>
				<total>-13</total>
				<timestamp>3597.801046</timestamp>
			</report>
			<report>
				<misses>578500001</misses>
				<total>-13</total>
				<timestamp>3598.421370</timestamp>
			</report>
			<report>
				<misses>578600001</misses>
				<total>-13</total>
				<timestamp>3599.045222</timestamp>
			</report>
		</query>
	</custom>
	<ethtool_statistic>
		<rx_packets>
			<start>476499399</start>
			<end>947559749</end>
		</rx_packets>
		<tx_packets>
			<start>870868830</start>
			<end>1449518914</end>
		</tx_packets>
		<rx_dropped>
			<start>60245223</start>
			<end>60245223</end>
		</rx_dropped>
		<tx_dropped>
			<start>0</start>
			<end>0</end>
		</tx_dropped>
		<collisions>
			<start>0</start>
			<end>0</end>
		</collisions>
		<port_tx_errors>
			<start>0</start>
			<end>0</end>
		</port_tx_errors>
		<port_rx_dropped>
			<start>0</start>
			<end>0</end>
		</port_rx_dropped>
		<port_tx_dropped_link_down>
			<start>0</start>
			<end>0</end>
		</port_tx_dropped_link_down>
	</ethtool_statistic>
	<ip_statistic>
		<mtu>
			<start>9000</start>
			<end>9000</end>
		</mtu>
		<rx_bytes>
			<start>103878153596</start>
			<end>161346855055</end>
		</rx_bytes>
		<rx_packets>
			<start>476499399</start>
			<end>947559749</end>
		</rx_packets>
		<rx_errors>
			<start>0</start>
			<end>0</end>
		</rx_errors>
		<rx_dropped>
			<start>60245223</start>
			<end>60245223</end>
		</rx_dropped>
		<rx_missed>
			<start>0</start>
			<end>0</end>
		</rx_missed>
		<rx_mcast>
			<start>24</start>
			<end>28</end>
		</rx_mcast>
		<tx_bytes>
			<start>458250482873</start>
			<end>528845151139</end>
		</tx_bytes>
		<tx_packets>
			<start>870868830</start>
			<end>1449518914</end>
		</tx_packets>
		<tx_errors>
			<start>0</start>
			<end>0</end>
		</tx_errors>
		<tx_dropped>
			<start>0</start>
			<end>0</end>
		</tx_dropped>
		<tx_carrier>
			<start>0</start>
			<end>0</end>
		</tx_carrier>
		<tx_collisions>
			<start>0</start>
			<end>0</end>
		</tx_collisions>
	</ip_statistic>
	<netstat_statistic>
		<udp_pkg_rec>
			<start>2138391657</start>
			<end>4258746200</end>
		</udp_pkg_rec>
		<udp_pkg_snt>
			<start>2540246961</start>
			<end>4909493138</end>
		</udp_pkg_snt>
		<udp_rec_err>
			<start>343</start>
			<end>343</end>
		</udp_rec_err>
		<udp_rec_buf_err>
			<start>343</start>
			<end>343</end>
		</udp_rec_buf_err>
		<udp_snt_buf_err>
			<start>2</start>
			<end>2</end>
		</udp_snt_buf_err>
	</netstat_statistic>
</test_results>
