<?xml version="1.0"?>
<test_results>
	<status>STATUS_SUCCESS</status>
	<custom>
		<num_loss>12</num_loss>
		<num_total>239960749</num_total>
		<num_misses>39333</num_misses>
		<elapsed_time>7199.930498</elapsed_time>
		<query>
			<report>
				<misses>100000</misses>
				<total>0</total>
				<timestamp>3.000478</timestamp>
			</report>
			<report>
				<misses>200000</misses>
				<total>0</total>
				<timestamp>6.002301</timestamp>
			</report>
			<report>
				<misses>300000</misses>
				<total>0</total>
				<timestamp>9.003734</timestamp>
			</report>
			<report>
				<misses>400000</misses>
				<total>0</total>
				<timestamp>12.003745</timestamp>
			</report>
			<report>
				<misses>500000</misses>
				<total>0</total>
				<timestamp>15.003843</timestamp>
			</report>
			<report>
				<misses>600000</misses>
				<total>0</total>
				<timestamp>18.004323</timestamp>
			</report>
			<report>
				<misses>700000</misses>
				<total>0</total>
				<timestamp>21.004366</timestamp>
			</report>
			<report>
				<misses>800000</misses>
				<total>0</total>
				<timestamp>24.005196</timestamp>
			</report>
			<report>
				<misses>900000</misses>
				<total>0</total>
				<timestamp>27.005241</timestamp>
			</report>
			<report>
				<misses>1000000</misses>
				<total>0</total>
				<timestamp>30.005308</timestamp>
			</report>
			<report>
				<misses>1100000</misses>
				<total>0</total>
				<timestamp>33.005340</timestamp>
			</report>
			<report>
				<misses>1200000</misses>
				<total>0</total>
				<timestamp>36.005371</timestamp>
			</report>
			<report>
				<misses>1300000</misses>
				<total>0</total>
				<timestamp>39.005411</timestamp>
			</report>
			<report>
				<misses>1400000</misses>
				<total>0</total>
				<timestamp>42.005424</timestamp>
			</report>
			<report>
				<misses>1500000</misses>
				<total>0</total>
				<timestamp>45.005427</timestamp>
			</report>
			<report>
				<misses>1600000</misses>
				<total>0</total>
				<timestamp>48.005468</timestamp>
			</report>
			<report>
				<misses>1700000</misses>
				<total>0</total>
				<timestamp>51.005496</timestamp>
			</report>
			<report>
				<misses>1800000</misses>
				<total>0</total>
				<timestamp>54.005519</timestamp>
			</report>
			<report>
				<misses>1900000</misses>
				<total>0</total>
				<timestamp>57.006448</timestamp>
			</report>
			<report>
				<misses>2000000</misses>
				<total>0</total>
				<timestamp>60.007297</timestamp>
			</report>
			<report>
				<misses>2100000</misses>
				<total>0</total>
				<timestamp>63.007596</timestamp>
			</report>
			<report>
				<misses>2200000</misses>
				<total>0</total>
				<timestamp>66.008257</timestamp>
			</report>
			<report>
				<misses>2300000</misses>
				<total>0</total>
				<timestamp>69.009326</timestamp>
			</report>
			<report>
				<misses>2400000</misses>
				<total>0</total>
				<timestamp>72.010057</timestamp>
			</report>
			<report>
				<misses>2500000</misses>
				<total>0</total>
				<timestamp>75.010099</timestamp>
			</report>
			<report>
				<misses>2600000</misses>
				<total>0</total>
				<timestamp>78.010687</timestamp>
			</report>
			<report>
				<misses>2700000</misses>
				<total>0</total>
				<timestamp>81.010730</timestamp>
			</report>
			<report>
				<misses>2800000</misses>
				<total>0</total>
				<timestamp>84.011702</timestamp>
			</report>
			<report>
				<misses>2900000</misses>
				<total>0</total>
				<timestamp>87.013006</timestamp>
			</report>
			<report>
				<misses>3000000</misses>
				<total>0</total>
				<timestamp>90.013671</timestamp>
			</report>
			<report>
				<misses>3100000</misses>
				<total>0</total>
				<timestamp>93.013683</timestamp>
			</report>
			<report>
				<misses>3200000</misses>
				<total>0</total>
				<timestamp>96.014507</timestamp>
			</report>
			<report>
				<misses>3300000</misses>
				<total>0</total>
				<timestamp>99.015017</timestamp>
			</report>
			<report>
				<misses>3400000</misses>
				<total>0</total>
				<timestamp>102.018149</timestamp>
			</report>
			<report>
				<misses>3500000</misses>
				<total>0</total>
				<timestamp>105.018762</timestamp>
			</report>
			<report>
				<misses>3600000</misses>
				<total>0</total>
				<timestamp>108.019033</timestamp>
			</report>
			<report>
				<misses>3700000</misses>
				<total>0</total>
				<timestamp>111.019664</timestamp>
			</report>
			<report>
				<misses>3800000</misses>
				<total>0</total>
				<timestamp>114.020128</timestamp>
			</report>
			<report>
				<misses>3900000</misses>
				<total>0</total>
				<timestamp>117.020820</timestamp>
			</report>
			<report>
				<misses>4000000</misses>
				<total>0</total>
				<timestamp>120.021059</timestamp>
			</report>
			<report>
				<misses>4100000</misses>
				<total>0</total>
				<timestamp>123.021085</timestamp>
			</report>
			<report>
				<misses>4200000</misses>
				<total>0</total>
				<timestamp>126.021457</timestamp>
			</report>
			<report>
				<misses>4300000</misses>
				<total>0</total>
				<timestamp>129.021874</timestamp>
			</report>
			<report>
				<misses>4400000</misses>
				<total>0</total>
				<timestamp>132.021931</timestamp>
			</report>
			<report>
				<misses>4500000</misses>
				<total>0</total>
				<timestamp>135.022733</timestamp>
			</report>
			<report>
				<misses>4600000</misses>
				<total>0</total>
				<timestamp>138.024636</timestamp>
			</report>
			<report>
				<misses>4700000</misses>
				<total>0</total>
				<timestamp>141.025886</timestamp>
			</report>
			<report>
				<misses>4800000</misses>
				<total>0</total>
				<timestamp>144.027474</timestamp>
			</report>
			<report>
				<misses>4900000</misses>
				<total>0</total>
				<timestamp>147.027837</timestamp>
			</report>
			<report>
				<misses>5000000</misses>
				<total>0</total>
				<timestamp>150.028140</timestamp>
			</report>
			<report>
				<misses>5100000</misses>
				<total>0</total>
				<timestamp>153.028494</timestamp>
			</report>
			<report>
				<misses>5200000</misses>
				<total>0</total>
				<timestamp>156.028876</timestamp>
			</report>
			<report>
				<misses>5300000</misses>
				<total>0</total>
				<timestamp>159.029410</timestamp>
			</report>
			<report>
				<misses>5400000</misses>
				<total>0</total>
				<timestamp>162.030896</timestamp>
			</report>
			<report>
				<misses>5500000</misses>
				<total>0</total>
				<timestamp>165.032206</timestamp>
			</report>
			<report>
				<misses>5600000</misses>
				<total>0</total>
				<timestamp>168.032986</timestamp>
			</report>
			<report>
				<misses>5700000</misses>
				<total>0</total>
				<timestamp>171.033083</timestamp>
			</report>
			<report>
				<misses>5800000</misses>
				<total>0</total>
				<timestamp>174.033462</timestamp>
			</report>
			<report>
				<misses>5900000</misses>
				<total>0</total>
				<timestamp>177.034738</timestamp>
			</report>
			<report>
				<misses>6000000</misses>
				<total>0</total>
				<timestamp>180.035019</timestamp>
			</report>
			<report>
				<misses>6100000</misses>
				<total>0</total>
				<timestamp>183.036166</timestamp>
			</report>
			<report>
				<misses>6200000</misses>
				<total>0</total>
				<timestamp>186.036379</timestamp>
			</report>
			<report>
				<misses>6300000</misses>
				<total>0</total>
				<timestamp>189.037553</timestamp>
			</report>
			<report>
				<misses>6400000</misses>
				<total>0</total>
				<timestamp>192.037603</timestamp>
			</report>
			<report>
				<misses>6500000</misses>
				<total>0</total>
				<timestamp>195.037739</timestamp>
			</report>
			<report>
				<misses>6600000</misses>
				<total>0</total>
				<timestamp>198.038555</timestamp>
			</report>
			<report>
				<misses>6700000</misses>
				<total>0</total>
				<timestamp>201.039949</timestamp>
			</report>
			<report>
				<misses>6800000</misses>
				<total>0</total>
				<timestamp>204.039958</timestamp>
			</report>
			<report>
				<misses>6900000</misses>
				<total>0</total>
				<timestamp>207.041395</timestamp>
			</report>
			<report>
				<misses>7000000</misses>
				<total>0</total>
				<timestamp>210.042093</timestamp>
			</report>
			<report>
				<misses>7100000</misses>
				<total>0</total>
				<timestamp>213.042257</timestamp>
			</report>
			<report>
				<misses>7200000</misses>
				<total>0</total>
				<timestamp>216.043076</timestamp>
			</report>
			<report>
				<misses>7300000</misses>
				<total>0</total>
				<timestamp>219.044020</timestamp>
			</report>
			<report>
				<misses>7400000</misses>
				<total>0</total>
				<timestamp>222.045069</timestamp>
			</report>
			<report>
				<misses>7500000</misses>
				<total>0</total>
				<timestamp>225.046433</timestamp>
			</report>
			<report>
				<misses>7600000</misses>
				<total>0</total>
				<timestamp>228.046610</timestamp>
			</report>
			<report>
				<misses>7700000</misses>
				<total>0</total>
				<timestamp>231.046936</timestamp>
			</report>
			<report>
				<misses>7800000</misses>
				<total>0</total>
				<timestamp>234.048360</timestamp>
			</report>
			<report>
				<misses>7900000</misses>
				<total>1</total>
				<timestamp>237.049902</timestamp>
			</report>
			<report>
				<misses>8000000</misses>
				<total>1</total>
				<timestamp>240.050851</timestamp>
			</report>
			<report>
				<misses>8100000</misses>
				<total>1</total>
				<timestamp>243.050968</timestamp>
			</report>
			<report>
				<misses>8200000</misses>
				<total>1</total>
				<timestamp>246.051008</timestamp>
			</report>
			<report>
				<misses>8300000</misses>
				<total>1</total>
				<timestamp>249.051930</timestamp>
			</report>
			<report>
				<misses>8400000</misses>
				<total>1</total>
				<timestamp>252.053012</timestamp>
			</report>
			<report>
				<misses>8500000</misses>
				<total>1</total>
				<timestamp>255.054663</timestamp>
			</report>
			<report>
				<misses>8600000</misses>
				<total>1</total>
				<timestamp>258.055589</timestamp>
			</report>
			<report>
				<misses>8700000</misses>
				<total>1</total>
				<timestamp>261.055998</timestamp>
			</report>
			<report>
				<misses>8800000</misses>
				<total>1</total>
				<timestamp>264.057006</timestamp>
			</report>
			<report>
				<misses>8900000</misses>
				<total>1</total>
				<timestamp>267.058623</timestamp>
			</report>
			<report>
				<misses>9000000</misses>
				<total>1</total>
				<timestamp>270.059469</timestamp>
			</report>
			<report>
				<misses>9100000</misses>
				<total>1</total>
				<timestamp>273.060264</timestamp>
			</report>
			<report>
				<misses>9200000</misses>
				<total>1</total>
				<timestamp>276.060988</timestamp>
			</report>
			<report>
				<misses>9300000</misses>
				<total>1</total>
				<timestamp>279.061540</timestamp>
			</report>
			<report>
				<misses>9400000</misses>
				<total>1</total>
				<timestamp>282.061568</timestamp>
			</report>
			<report>
				<misses>9500000</misses>
				<total>1</total>
				<timestamp>285.061592</timestamp>
			</report>
			<report>
				<misses>9600000</misses>
				<total>1</total>
				<timestamp>288.063819</timestamp>
			</report>
			<report>
				<misses>9700000</misses>
				<total>1</total>
				<timestamp>291.064780</timestamp>
			</report>
			<report>
				<misses>9800000</misses>
				<total>1</total>
				<timestamp>294.065716</timestamp>
			</report>
			<report>
				<misses>9900000</misses>
				<total>1</total>
				<timestamp>297.066311</timestamp>
			</report>
			<report>
				<misses>10000000</misses>
				<total>1</total>
				<timestamp>300.066350</timestamp>
			</report>
			<report>
				<misses>10100000</misses>
				<total>1</total>
				<timestamp>303.066374</timestamp>
			</report>
			<report>
				<misses>10200000</misses>
				<total>1</total>
				<timestamp>306.066384</timestamp>
			</report>
			<report>
				<misses>10300000</misses>
				<total>1</total>
				<timestamp>309.066388</timestamp>
			</report>
			<report>
				<misses>10400000</misses>
				<total>1</total>
				<timestamp>312.066427</timestamp>
			</report>
			<report>
				<misses>10500000</misses>
				<total>1</total>
				<timestamp>315.066556</timestamp>
			</report>
			<report>
				<misses>10600000</misses>
				<total>1</total>
				<timestamp>318.066719</timestamp>
			</report>
			<report>
				<misses>10700000</misses>
				<total>1</total>
				<timestamp>321.067990</timestamp>
			</report>
			<report>
				<misses>10800000</misses>
				<total>1</total>
				<timestamp>324.068520</timestamp>
			</report>
			<report>
				<misses>10900000</misses>
				<total>1</total>
				<timestamp>327.070216</timestamp>
			</report>
			<report>
				<misses>11000000</misses>
				<total>1</total>
				<timestamp>330.070354</timestamp>
			</report>
			<report>
				<misses>11100000</misses>
				<total>1</total>
				<timestamp>333.070397</timestamp>
			</report>
			<report>
				<misses>11200000</misses>
				<total>1</total>
				<timestamp>336.070611</timestamp>
			</report>
			<report>
				<misses>11300000</misses>
				<total>1</total>
				<timestamp>339.071157</timestamp>
			</report>
			<report>
				<misses>11400000</misses>
				<total>1</total>
				<timestamp>342.071217</timestamp>
			</report>
			<report>
				<misses>11500000</misses>
				<total>1</total>
				<timestamp>345.071247</timestamp>
			</report>
			<report>
				<misses>11600000</misses>
				<total>1</total>
				<timestamp>348.071746</timestamp>
			</report>
			<report>
				<misses>11700000</misses>
				<total>1</total>
				<timestamp>351.071769</timestamp>
			</report>
			<report>
				<misses>11800000</misses>
				<total>1</total>
				<timestamp>354.072246</timestamp>
			</report>
			<report>
				<misses>11900000</misses>
				<total>1</total>
				<timestamp>357.072392</timestamp>
			</report>
			<report>
				<misses>12000000</misses>
				<total>1</total>
				<timestamp>360.073077</timestamp>
			</report>
			<report>
				<misses>12100000</misses>
				<total>1</total>
				<timestamp>363.073349</timestamp>
			</report>
			<report>
				<misses>12200000</misses>
				<total>1</total>
				<timestamp>366.073387</timestamp>
			</report>
			<report>
				<misses>12300000</misses>
				<total>1</total>
				<timestamp>369.073399</timestamp>
			</report>
			<report>
				<misses>12400000</misses>
				<total>1</total>
				<timestamp>372.073461</timestamp>
			</report>
			<report>
				<misses>12500000</misses>
				<total>1</total>
				<timestamp>375.074828</timestamp>
			</report>
			<report>
				<misses>12600000</misses>
				<total>1</total>
				<timestamp>378.075581</timestamp>
			</report>
			<report>
				<misses>12700000</misses>
				<total>1</total>
				<timestamp>381.077217</timestamp>
			</report>
			<report>
				<misses>12800000</misses>
				<total>1</total>
				<timestamp>384.077979</timestamp>
			</report>
			<report>
				<misses>12900000</misses>
				<total>1</total>
				<timestamp>387.078063</timestamp>
			</report>
			<report>
				<misses>13000000</misses>
				<total>1</total>
				<timestamp>390.078393</timestamp>
			</report>
			<report>
				<misses>13100000</misses>
				<total>1</total>
				<timestamp>393.079707</timestamp>
			</report>
			<report>
				<misses>13200000</misses>
				<total>1</total>
				<timestamp>396.080348</timestamp>
			</report>
			<report>
				<misses>13300000</misses>
				<total>1</total>
				<timestamp>399.081060</timestamp>
			</report>
			<report>
				<misses>13400000</misses>
				<total>1</total>
				<timestamp>402.082371</timestamp>
			</report>
			<report>
				<misses>13500000</misses>
				<total>1</total>
				<timestamp>405.083544</timestamp>
			</report>
			<report>
				<misses>13600000</misses>
				<total>1</total>
				<timestamp>408.084433</timestamp>
			</report>
			<report>
				<misses>13700000</misses>
				<total>1</total>
				<timestamp>411.084803</timestamp>
			</report>
			<report>
				<misses>13800000</misses>
				<total>1</total>
				<timestamp>414.085655</timestamp>
			</report>
			<report>
				<misses>13900000</misses>
				<total>1</total>
				<timestamp>417.085681</timestamp>
			</report>
			<report>
				<misses>14000000</misses>
				<total>1</total>
				<timestamp>420.086035</timestamp>
			</report>
			<report>
				<misses>14100000</misses>
				<total>1</total>
				<timestamp>423.086367</timestamp>
			</report>
			<report>
				<misses>14200000</misses>
				<total>1</total>
				<timestamp>426.087749</timestamp>
			</report>
			<report>
				<misses>14300000</misses>
				<total>1</total>
				<timestamp>429.088762</timestamp>
			</report>
			<report>
				<misses>14400000</misses>
				<total>1</total>
				<timestamp>432.089072</timestamp>
			</report>
			<report>
				<misses>14500000</misses>
				<total>1</total>
				<timestamp>435.089954</timestamp>
			</report>
			<report>
				<misses>14600000</misses>
				<total>1</total>
				<timestamp>438.090195</timestamp>
			</report>
			<report>
				<misses>14700000</misses>
				<total>1</total>
				<timestamp>441.091166</timestamp>
			</report>
			<report>
				<misses>14800000</misses>
				<total>1</total>
				<timestamp>444.091705</timestamp>
			</report>
			<report>
				<misses>14900000</misses>
				<total>1</total>
				<timestamp>447.093395</timestamp>
			</report>
			<report>
				<misses>15000000</misses>
				<total>1</total>
				<timestamp>450.094632</timestamp>
			</report>
			<report>
				<misses>15100000</misses>
				<total>1</total>
				<timestamp>453.095142</timestamp>
			</report>
			<report>
				<misses>15200000</misses>
				<total>1</total>
				<timestamp>456.095525</timestamp>
			</report>
			<report>
				<misses>15300000</misses>
				<total>1</total>
				<timestamp>459.095766</timestamp>
			</report>
			<report>
				<misses>15400000</misses>
				<total>1</total>
				<timestamp>462.096032</timestamp>
			</report>
			<report>
				<misses>15500000</misses>
				<total>1</total>
				<timestamp>465.096073</timestamp>
			</report>
			<report>
				<misses>15600000</misses>
				<total>1</total>
				<timestamp>468.097322</timestamp>
			</report>
			<report>
				<misses>15700000</misses>
				<total>1</total>
				<timestamp>471.098487</timestamp>
			</report>
			<report>
				<misses>15800000</misses>
				<total>1</total>
				<timestamp>474.099450</timestamp>
			</report>
			<report>
				<misses>15900000</misses>
				<total>1</total>
				<timestamp>477.099846</timestamp>
			</report>
			<report>
				<misses>16000000</misses>
				<total>1</total>
				<timestamp>480.099886</timestamp>
			</report>
			<report>
				<misses>16100000</misses>
				<total>1</total>
				<timestamp>483.100146</timestamp>
			</report>
			<report>
				<misses>16200000</misses>
				<total>1</total>
				<timestamp>486.101203</timestamp>
			</report>
			<report>
				<misses>16300000</misses>
				<total>1</total>
				<timestamp>489.101391</timestamp>
			</report>
			<report>
				<misses>16400000</misses>
				<total>1</total>
				<timestamp>492.101691</timestamp>
			</report>
			<report>
				<misses>16500000</misses>
				<total>1</total>
				<timestamp>495.101714</timestamp>
			</report>
			<report>
				<misses>16600000</misses>
				<total>1</total>
				<timestamp>498.101737</timestamp>
			</report>
			<report>
				<misses>16700000</misses>
				<total>1</total>
				<timestamp>501.101762</timestamp>
			</report>
			<report>
				<misses>16800000</misses>
				<total>1</total>
				<timestamp>504.101857</timestamp>
			</report>
			<report>
				<misses>16900000</misses>
				<total>1</total>
				<timestamp>507.102023</timestamp>
			</report>
			<report>
				<misses>17000000</misses>
				<total>1</total>
				<timestamp>510.102988</timestamp>
			</report>
			<report>
				<misses>17100000</misses>
				<total>1</total>
				<timestamp>513.104617</timestamp>
			</report>
			<report>
				<misses>17200000</misses>
				<total>1</total>
				<timestamp>516.105670</timestamp>
			</report>
			<report>
				<misses>17300000</misses>
				<total>1</total>
				<timestamp>519.105886</timestamp>
			</report>
			<report>
				<misses>17400000</misses>
				<total>1</total>
				<timestamp>522.106293</timestamp>
			</report>
			<report>
				<misses>17500000</misses>
				<total>1</total>
				<timestamp>525.106389</timestamp>
			</report>
			<report>
				<misses>17600000</misses>
				<total>1</total>
				<timestamp>528.107291</timestamp>
			</report>
			<report>
				<misses>17700000</misses>
				<total>2</total>
				<timestamp>531.108447</timestamp>
			</report>
			<report>
				<misses>17800000</misses>
				<total>2</total>
				<timestamp>534.108489</timestamp>
			</report>
			<report>
				<misses>17900000</misses>
				<total>2</total>
				<timestamp>537.108498</timestamp>
			</report>
			<report>
				<misses>18000000</misses>
				<total>2</total>
				<timestamp>540.110183</timestamp>
			</report>
			<report>
				<misses>18100000</misses>
				<total>2</total>
				<timestamp>543.111614</timestamp>
			</report>
			<report>
				<misses>18200000</misses>
				<total>2</total>
				<timestamp>546.111748</timestamp>
			</report>
			<report>
				<misses>18300000</misses>
				<total>2</total>
				<timestamp>549.112014</timestamp>
			</report>
			<report>
				<misses>18400000</misses>
				<total>2</total>
				<timestamp>552.112118</timestamp>
			</report>
			<report>
				<misses>18500000</misses>
				<total>2</total>
				<timestamp>555.112288</timestamp>
			</report>
			<report>
				<misses>18600000</misses>
				<total>2</total>
				<timestamp>558.113778</timestamp>
			</report>
			<report>
				<misses>18700000</misses>
				<total>2</total>
				<timestamp>561.114503</timestamp>
			</report>
			<report>
				<misses>18800000</misses>
				<total>2</total>
				<timestamp>564.115627</timestamp>
			</report>
			<report>
				<misses>18900000</misses>
				<total>2</total>
				<timestamp>567.116192</timestamp>
			</report>
			<report>
				<misses>19000000</misses>
				<total>2</total>
				<timestamp>570.116401</timestamp>
			</report>
			<report>
				<misses>19100000</misses>
				<total>2</total>
				<timestamp>573.116444</timestamp>
			</report>
			<report>
				<misses>19200000</misses>
				<total>2</total>
				<timestamp>576.116484</timestamp>
			</report>
			<report>
				<misses>19300000</misses>
				<total>2</total>
				<timestamp>579.116838</timestamp>
			</report>
			<report>
				<misses>19400000</misses>
				<total>2</total>
				<timestamp>582.117009</timestamp>
			</report>
			<report>
				<misses>19500000</misses>
				<total>2</total>
				<timestamp>585.117705</timestamp>
			</report>
			<report>
				<misses>19600000</misses>
				<total>2</total>
				<timestamp>588.119287</timestamp>
			</report>
			<report>
				<misses>19700000</misses>
				<total>2</total>
				<timestamp>591.119351</timestamp>
			</report>
			<report>
				<misses>19800000</misses>
				<total>2</total>
				<timestamp>594.119810</timestamp>
			</report>
			<report>
				<misses>19900000</misses>
				<total>2</total>
				<timestamp>597.120373</timestamp>
			</report>
			<report>
				<misses>20000000</misses>
				<total>2</total>
				<timestamp>600.120809</timestamp>
			</report>
			<report>
				<misses>20100000</misses>
				<total>2</total>
				<timestamp>603.120887</timestamp>
			</report>
			<report>
				<misses>20200000</misses>
				<total>2</total>
				<timestamp>606.120887</timestamp>
			</report>
			<report>
				<misses>20300000</misses>
				<total>2</total>
				<timestamp>609.120926</timestamp>
			</report>
			<report>
				<misses>20400000</misses>
				<total>2</total>
				<timestamp>612.121500</timestamp>
			</report>
			<report>
				<misses>20500000</misses>
				<total>2</total>
				<timestamp>615.121574</timestamp>
			</report>
			<report>
				<misses>20600000</misses>
				<total>2</total>
				<timestamp>618.121579</timestamp>
			</report>
			<report>
				<misses>20700000</misses>
				<total>2</total>
				<timestamp>621.121581</timestamp>
			</report>
			<report>
				<misses>20800000</misses>
				<total>2</total>
				<timestamp>624.121596</timestamp>
			</report>
			<report>
				<misses>20900000</misses>
				<total>2</total>
				<timestamp>627.121620</timestamp>
			</report>
			<report>
				<misses>21000000</misses>
				<total>2</total>
				<timestamp>630.121653</timestamp>
			</report>
			<report>
				<misses>21100000</misses>
				<total>2</total>
				<timestamp>633.121678</timestamp>
			</report>
			<report>
				<misses>21200000</misses>
				<total>2</total>
				<timestamp>636.121750</timestamp>
			</report>
			<report>
				<misses>21300000</misses>
				<total>2</total>
				<timestamp>639.121754</timestamp>
			</report>
			<report>
				<misses>21400000</misses>
				<total>2</total>
				<timestamp>642.121759</timestamp>
			</report>
			<report>
				<misses>21500000</misses>
				<total>2</total>
				<timestamp>645.121767</timestamp>
			</report>
			<report>
				<misses>21600000</misses>
				<total>2</total>
				<timestamp>648.122656</timestamp>
			</report>
			<report>
				<misses>21700000</misses>
				<total>2</total>
				<timestamp>651.122671</timestamp>
			</report>
			<report>
				<misses>21800000</misses>
				<total>2</total>
				<timestamp>654.122762</timestamp>
			</report>
			<report>
				<misses>21900000</misses>
				<total>2</total>
				<timestamp>657.123818</timestamp>
			</report>
			<report>
				<misses>22000000</misses>
				<total>2</total>
				<timestamp>660.123856</timestamp>
			</report>
			<report>
				<misses>22100000</misses>
				<total>2</total>
				<timestamp>663.124300</timestamp>
			</report>
			<report>
				<misses>22200000</misses>
				<total>2</total>
				<timestamp>666.124315</timestamp>
			</report>
			<report>
				<misses>22300000</misses>
				<total>2</total>
				<timestamp>669.124539</timestamp>
			</report>
			<report>
				<misses>22400000</misses>
				<total>2</total>
				<timestamp>672.125095</timestamp>
			</report>
			<report>
				<misses>22500000</misses>
				<total>2</total>
				<timestamp>675.126313</timestamp>
			</report>
			<report>
				<misses>22600000</misses>
				<total>2</total>
				<timestamp>678.127324</timestamp>
			</report>
			<report>
				<misses>22700000</misses>
				<total>2</total>
				<timestamp>681.127606</timestamp>
			</report>
			<report>
				<misses>22800000</misses>
				<total>2</total>
				<timestamp>684.127785</timestamp>
			</report>
			<report>
				<misses>22900000</misses>
				<total>2</total>
				<timestamp>687.128352</timestamp>
			</report>
			<report>
				<misses>23000000</misses>
				<total>2</total>
				<timestamp>690.128782</timestamp>
			</report>
			<report>
				<misses>23100000</misses>
				<total>2</total>
				<timestamp>693.128987</timestamp>
			</report>
			<report>
				<misses>23200000</misses>
				<total>2</total>
				<timestamp>696.130216</timestamp>
			</report>
			<report>
				<misses>23300000</misses>
				<total>2</total>
				<timestamp>699.131097</timestamp>
			</report>
			<report>
				<misses>23400000</misses>
				<total>2</total>
				<timestamp>702.131241</timestamp>
			</report>
			<report>
				<misses>23500000</misses>
				<total>2</total>
				<timestamp>705.131910</timestamp>
			</report>
			<report>
				<misses>23600000</misses>
				<total>2</total>
				<timestamp>708.132005</timestamp>
			</report>
			<report>
				<misses>23700000</misses>
				<total>2</total>
				<timestamp>711.132168</timestamp>
			</report>
			<report>
				<misses>23800000</misses>
				<total>2</total>
				<timestamp>714.132820</timestamp>
			</report>
			<report>
				<misses>23900000</misses>
				<total>2</total>
				<timestamp>717.133717</timestamp>
			</report>
			<report>
				<misses>24000000</misses>
				<total>2</total>
				<timestamp>720.134403</timestamp>
			</report>
			<report>
				<misses>24100000</misses>
				<total>2</total>
				<timestamp>723.135020</timestamp>
			</report>
			<report>
				<misses>24200000</misses>
				<total>2</total>
				<timestamp>726.135477</timestamp>
			</report>
			<report>
				<misses>24300000</misses>
				<total>2</total>
				<timestamp>729.135906</timestamp>
			</report>
			<report>
				<misses>24400000</misses>
				<total>2</total>
				<timestamp>732.137698</timestamp>
			</report>
			<report>
				<misses>24500000</misses>
				<total>2</total>
				<timestamp>735.138887</timestamp>
			</report>
			<report>
				<misses>24600000</misses>
				<total>2</total>
				<timestamp>738.138895</timestamp>
			</report>
			<report>
				<misses>24700000</misses>
				<total>2</total>
				<timestamp>741.139032</timestamp>
			</report>
			<report>
				<misses>24800000</misses>
				<total>2</total>
				<timestamp>744.139460</timestamp>
			</report>
			<report>
				<misses>24900000</misses>
				<total>2</total>
				<timestamp>747.140914</timestamp>
			</report>
			<report>
				<misses>25000000</misses>
				<total>2</total>
				<timestamp>750.141994</timestamp>
			</report>
			<report>
				<misses>25100000</misses>
				<total>2</total>
				<timestamp>753.142668</timestamp>
			</report>
			<report>
				<misses>25200000</misses>
				<total>2</total>
				<timestamp>756.143972</timestamp>
			</report>
			<report>
				<misses>25300000</misses>
				<total>2</total>
				<timestamp>759.145816</timestamp>
			</report>
			<report>
				<misses>25400000</misses>
				<total>2</total>
				<timestamp>762.146318</timestamp>
			</report>
			<report>
				<misses>25500000</misses>
				<total>2</total>
				<timestamp>765.146389</timestamp>
			</report>
			<report>
				<misses>25600000</misses>
				<total>2</total>
				<timestamp>768.146580</timestamp>
			</report>
			<report>
				<misses>25700000</misses>
				<total>2</total>
				<timestamp>771.147109</timestamp>
			</report>
			<report>
				<misses>25800000</misses>
				<total>2</total>
				<timestamp>774.147707</timestamp>
			</report>
			<report>
				<misses>25900000</misses>
				<total>2</total>
				<timestamp>777.148087</timestamp>
			</report>
			<report>
				<misses>26000000</misses>
				<total>2</total>
				<timestamp>780.149154</timestamp>
			</report>
			<report>
				<misses>26100000</misses>
				<total>2</total>
				<timestamp>783.150113</timestamp>
			</report>
			<report>
				<misses>26200000</misses>
				<total>2</total>
				<timestamp>786.150199</timestamp>
			</report>
			<report>
				<misses>26300000</misses>
				<total>2</total>
				<timestamp>789.152833</timestamp>
			</report>
			<report>
				<misses>26400000</misses>
				<total>2</total>
				<timestamp>792.153044</timestamp>
			</report>
			<report>
				<misses>26500000</misses>
				<total>2</total>
				<timestamp>795.153897</timestamp>
			</report>
			<report>
				<misses>26600000</misses>
				<total>2</total>
				<timestamp>798.153921</timestamp>
			</report>
			<report>
				<misses>26700000</misses>
				<total>2</total>
				<timestamp>801.155636</timestamp>
			</report>
			<report>
				<misses>26800000</misses>
				<total>2</total>
				<timestamp>804.157704</timestamp>
			</report>
			<report>
				<misses>26900000</misses>
				<total>2</total>
				<timestamp>807.158059</timestamp>
			</report>
			<report>
				<misses>27000000</misses>
				<total>2</total>
				<timestamp>810.159353</timestamp>
			</report>
			<report>
				<misses>27100000</misses>
				<total>2</total>
				<timestamp>813.159429</timestamp>
			</report>
			<report>
				<misses>27200000</misses>
				<total>2</total>
				<timestamp>816.159447</timestamp>
			</report>
			<report>
				<misses>27300000</misses>
				<total>2</total>
				<timestamp>819.160224</timestamp>
			</report>
			<report>
				<misses>27400000</misses>
				<total>2</total>
				<timestamp>822.162372</timestamp>
			</report>
			<report>
				<misses>27500000</misses>
				<total>2</total>
				<timestamp>825.162397</timestamp>
			</report>
			<report>
				<misses>27600000</misses>
				<total>2</total>
				<timestamp>828.162430</timestamp>
			</report>
			<report>
				<misses>27700000</misses>
				<total>2</total>
				<timestamp>831.162447</timestamp>
			</report>
			<report>
				<misses>27800000</misses>
				<total>2</total>
				<timestamp>834.162472</timestamp>
			</report>
			<report>
				<misses>27900000</misses>
				<total>2</total>
				<timestamp>837.162469</timestamp>
			</report>
			<report>
				<misses>28000000</misses>
				<total>2</total>
				<timestamp>840.162858</timestamp>
			</report>
			<report>
				<misses>28100000</misses>
				<total>2</total>
				<timestamp>843.163127</timestamp>
			</report>
			<report>
				<misses>28200000</misses>
				<total>2</total>
				<timestamp>846.163645</timestamp>
			</report>
			<report>
				<misses>28300000</misses>
				<total>2</total>
				<timestamp>849.163689</timestamp>
			</report>
			<report>
				<misses>28400000</misses>
				<total>2</total>
				<timestamp>852.163881</timestamp>
			</report>
			<report>
				<misses>28500000</misses>
				<total>2</total>
				<timestamp>855.164805</timestamp>
			</report>
			<report>
				<misses>28600000</misses>
				<total>2</total>
				<timestamp>858.165249</timestamp>
			</report>
			<report>
				<misses>28700000</misses>
				<total>2</total>
				<timestamp>861.165285</timestamp>
			</report>
			<report>
				<misses>28800000</misses>
				<total>2</total>
				<timestamp>864.165616</timestamp>
			</report>
			<report>
				<misses>28900000</misses>
				<total>2</total>
				<timestamp>867.165787</timestamp>
			</report>
			<report>
				<misses>29000000</misses>
				<total>2</total>
				<timestamp>870.165810</timestamp>
			</report>
			<report>
				<misses>29100000</misses>
				<total>2</total>
				<timestamp>873.165958</timestamp>
			</report>
			<report>
				<misses>29200000</misses>
				<total>2</total>
				<timestamp>876.167239</timestamp>
			</report>
			<report>
				<misses>29300000</misses>
				<total>2</total>
				<timestamp>879.167575</timestamp>
			</report>
			<report>
				<misses>29400000</misses>
				<total>2</total>
				<timestamp>882.167597</timestamp>
			</report>
			<report>
				<misses>29500000</misses>
				<total>2</total>
				<timestamp>885.167640</timestamp>
			</report>
			<report>
				<misses>29600000</misses>
				<total>2</total>
				<timestamp>888.167756</timestamp>
			</report>
			<report>
				<misses>29700000</misses>
				<total>2</total>
				<timestamp>891.167916</timestamp>
			</report>
			<report>
				<misses>29800000</misses>
				<total>2</total>
				<timestamp>894.168143</timestamp>
			</report>
			<report>
				<misses>29900000</misses>
				<total>2</total>
				<timestamp>897.168642</timestamp>
			</report>
			<report>
				<misses>30000000</misses>
				<total>2</total>
				<timestamp>900.168702</timestamp>
			</report>
			<report>
				<misses>30100000</misses>
				<total>2</total>
				<timestamp>903.168938</timestamp>
			</report>
			<report>
				<misses>30200000</misses>
				<total>2</total>
				<timestamp>906.168966</timestamp>
			</report>
			<report>
				<misses>30300000</misses>
				<total>2</total>
				<timestamp>909.169723</timestamp>
			</report>
			<report>
				<misses>30400000</misses>
				<total>2</total>
				<timestamp>912.171355</timestamp>
			</report>
			<report>
				<misses>30500000</misses>
				<total>2</total>
				<timestamp>915.171929</timestamp>
			</report>
			<report>
				<misses>30600000</misses>
				<total>2</total>
				<timestamp>918.172984</timestamp>
			</report>
			<report>
				<misses>30700000</misses>
				<total>2</total>
				<timestamp>921.174212</timestamp>
			</report>
			<report>
				<misses>30800000</misses>
				<total>2</total>
				<timestamp>924.174411</timestamp>
			</report>
			<report>
				<misses>30900000</misses>
				<total>2</total>
				<timestamp>927.175350</timestamp>
			</report>
			<report>
				<misses>31000000</misses>
				<total>2</total>
				<timestamp>930.175669</timestamp>
			</report>
			<report>
				<misses>31100000</misses>
				<total>2</total>
				<timestamp>933.175741</timestamp>
			</report>
			<report>
				<misses>31200000</misses>
				<total>2</total>
				<timestamp>936.176187</timestamp>
			</report>
			<report>
				<misses>31300000</misses>
				<total>2</total>
				<timestamp>939.177387</timestamp>
			</report>
			<report>
				<misses>31400000</misses>
				<total>2</total>
				<timestamp>942.178531</timestamp>
			</report>
			<report>
				<misses>31500000</misses>
				<total>2</total>
				<timestamp>945.179952</timestamp>
			</report>
			<report>
				<misses>31600000</misses>
				<total>2</total>
				<timestamp>948.180726</timestamp>
			</report>
			<report>
				<misses>31700000</misses>
				<total>2</total>
				<timestamp>951.180729</timestamp>
			</report>
			<report>
				<misses>31800000</misses>
				<total>2</total>
				<timestamp>954.181100</timestamp>
			</report>
			<report>
				<misses>31900000</misses>
				<total>2</total>
				<timestamp>957.181373</timestamp>
			</report>
			<report>
				<misses>32000000</misses>
				<total>2</total>
				<timestamp>960.182275</timestamp>
			</report>
			<report>
				<misses>32100000</misses>
				<total>2</total>
				<timestamp>963.182571</timestamp>
			</report>
			<report>
				<misses>32200000</misses>
				<total>2</total>
				<timestamp>966.183365</timestamp>
			</report>
			<report>
				<misses>32300000</misses>
				<total>2</total>
				<timestamp>969.184360</timestamp>
			</report>
			<report>
				<misses>32400000</misses>
				<total>2</total>
				<timestamp>972.184911</timestamp>
			</report>
			<report>
				<misses>32500000</misses>
				<total>2</total>
				<timestamp>975.186225</timestamp>
			</report>
			<report>
				<misses>32600000</misses>
				<total>2</total>
				<timestamp>978.186577</timestamp>
			</report>
			<report>
				<misses>32700000</misses>
				<total>2</total>
				<timestamp>981.187696</timestamp>
			</report>
			<report>
				<misses>32800000</misses>
				<total>2</total>
				<timestamp>984.187913</timestamp>
			</report>
			<report>
				<misses>32900000</misses>
				<total>2</total>
				<timestamp>987.187907</timestamp>
			</report>
			<report>
				<misses>33000000</misses>
				<total>2</total>
				<timestamp>990.187913</timestamp>
			</report>
			<report>
				<misses>33100000</misses>
				<total>2</total>
				<timestamp>993.187923</timestamp>
			</report>
			<report>
				<misses>33200000</misses>
				<total>2</total>
				<timestamp>996.188096</timestamp>
			</report>
			<report>
				<misses>33300000</misses>
				<total>2</total>
				<timestamp>999.188138</timestamp>
			</report>
			<report>
				<misses>33400000</misses>
				<total>2</total>
				<timestamp>1002.188141</timestamp>
			</report>
			<report>
				<misses>33500000</misses>
				<total>2</total>
				<timestamp>1005.188162</timestamp>
			</report>
			<report>
				<misses>33600000</misses>
				<total>2</total>
				<timestamp>1008.188715</timestamp>
			</report>
			<report>
				<misses>33700000</misses>
				<total>2</total>
				<timestamp>1011.188962</timestamp>
			</report>
			<report>
				<misses>33800000</misses>
				<total>2</total>
				<timestamp>1014.189859</timestamp>
			</report>
			<report>
				<misses>33900000</misses>
				<total>2</total>
				<timestamp>1017.191750</timestamp>
			</report>
			<report>
				<misses>34000000</misses>
				<total>2</total>
				<timestamp>1020.192533</timestamp>
			</report>
			<report>
				<misses>34100000</misses>
				<total>2</total>
				<timestamp>1023.193830</timestamp>
			</report>
			<report>
				<misses>34200000</misses>
				<total>2</total>
				<timestamp>1026.195453</timestamp>
			</report>
			<report>
				<misses>34300000</misses>
				<total>2</total>
				<timestamp>1029.195563</timestamp>
			</report>
			<report>
				<misses>34400000</misses>
				<total>2</total>
				<timestamp>1032.195567</timestamp>
			</report>
			<report>
				<misses>34500000</misses>
				<total>2</total>
				<timestamp>1035.195598</timestamp>
			</report>
			<report>
				<misses>34600000</misses>
				<total>2</total>
				<timestamp>1038.195611</timestamp>
			</report>
			<report>
				<misses>34700000</misses>
				<total>2</total>
				<timestamp>1041.195840</timestamp>
			</report>
			<report>
				<misses>34800000</misses>
				<total>2</total>
				<timestamp>1044.196743</timestamp>
			</report>
			<report>
				<misses>34900000</misses>
				<total>2</total>
				<timestamp>1047.197691</timestamp>
			</report>
			<report>
				<misses>35000000</misses>
				<total>2</total>
				<timestamp>1050.197719</timestamp>
			</report>
			<report>
				<misses>35100000</misses>
				<total>2</total>
				<timestamp>1053.197717</timestamp>
			</report>
			<report>
				<misses>35200000</misses>
				<total>2</total>
				<timestamp>1056.197720</timestamp>
			</report>
			<report>
				<misses>35300000</misses>
				<total>2</total>
				<timestamp>1059.197727</timestamp>
			</report>
			<report>
				<misses>35400000</misses>
				<total>2</total>
				<timestamp>1062.197737</timestamp>
			</report>
			<report>
				<misses>35500000</misses>
				<total>2</total>
				<timestamp>1065.197761</timestamp>
			</report>
			<report>
				<misses>35600000</misses>
				<total>2</total>
				<timestamp>1068.197857</timestamp>
			</report>
			<report>
				<misses>35700000</misses>
				<total>2</total>
				<timestamp>1071.197872</timestamp>
			</report>
			<report>
				<misses>35800000</misses>
				<total>2</total>
				<timestamp>1074.197879</timestamp>
			</report>
			<report>
				<misses>35900000</misses>
				<total>2</total>
				<timestamp>1077.197899</timestamp>
			</report>
			<report>
				<misses>36000000</misses>
				<total>2</total>
				<timestamp>1080.197892</timestamp>
			</report>
			<report>
				<misses>36100000</misses>
				<total>2</total>
				<timestamp>1083.197927</timestamp>
			</report>
			<report>
				<misses>36200000</misses>
				<total>2</total>
				<timestamp>1086.197920</timestamp>
			</report>
			<report>
				<misses>36300000</misses>
				<total>2</total>
				<timestamp>1089.197930</timestamp>
			</report>
			<report>
				<misses>36400000</misses>
				<total>2</total>
				<timestamp>1092.198043</timestamp>
			</report>
			<report>
				<misses>36500000</misses>
				<total>2</total>
				<timestamp>1095.199016</timestamp>
			</report>
			<report>
				<misses>36600000</misses>
				<total>2</total>
				<timestamp>1098.199406</timestamp>
			</report>
			<report>
				<misses>36700000</misses>
				<total>2</total>
				<timestamp>1101.199457</timestamp>
			</report>
			<report>
				<misses>36800000</misses>
				<total>2</total>
				<timestamp>1104.199471</timestamp>
			</report>
			<report>
				<misses>36900000</misses>
				<total>2</total>
				<timestamp>1107.199483</timestamp>
			</report>
			<report>
				<misses>37000000</misses>
				<total>2</total>
				<timestamp>1110.199482</timestamp>
			</report>
			<report>
				<misses>37100000</misses>
				<total>2</total>
				<timestamp>1113.199488</timestamp>
			</report>
			<report>
				<misses>37200000</misses>
				<total>2</total>
				<timestamp>1116.199481</timestamp>
			</report>
			<report>
				<misses>37300000</misses>
				<total>2</total>
				<timestamp>1119.199518</timestamp>
			</report>
			<report>
				<misses>37400000</misses>
				<total>2</total>
				<timestamp>1122.199600</timestamp>
			</report>
			<report>
				<misses>37500000</misses>
				<total>2</total>
				<timestamp>1125.201382</timestamp>
			</report>
			<report>
				<misses>37600000</misses>
				<total>2</total>
				<timestamp>1128.203154</timestamp>
			</report>
			<report>
				<misses>37700000</misses>
				<total>2</total>
				<timestamp>1131.203794</timestamp>
			</report>
			<report>
				<misses>37800000</misses>
				<total>2</total>
				<timestamp>1134.203844</timestamp>
			</report>
			<report>
				<misses>37900000</misses>
				<total>2</total>
				<timestamp>1137.203917</timestamp>
			</report>
			<report>
				<misses>38000000</misses>
				<total>2</total>
				<timestamp>1140.204555</timestamp>
			</report>
			<report>
				<misses>38100000</misses>
				<total>2</total>
				<timestamp>1143.206097</timestamp>
			</report>
			<report>
				<misses>38200000</misses>
				<total>2</total>
				<timestamp>1146.207062</timestamp>
			</report>
			<report>
				<misses>38300000</misses>
				<total>2</total>
				<timestamp>1149.207476</timestamp>
			</report>
			<report>
				<misses>38400000</misses>
				<total>2</total>
				<timestamp>1152.207500</timestamp>
			</report>
			<report>
				<misses>38500000</misses>
				<total>2</total>
				<timestamp>1155.207500</timestamp>
			</report>
			<report>
				<misses>38600000</misses>
				<total>2</total>
				<timestamp>1158.207504</timestamp>
			</report>
			<report>
				<misses>38700000</misses>
				<total>2</total>
				<timestamp>1161.207536</timestamp>
			</report>
			<report>
				<misses>38800000</misses>
				<total>2</total>
				<timestamp>1164.207550</timestamp>
			</report>
			<report>
				<misses>38900000</misses>
				<total>2</total>
				<timestamp>1167.207548</timestamp>
			</report>
			<report>
				<misses>39000000</misses>
				<total>2</total>
				<timestamp>1170.207565</timestamp>
			</report>
			<report>
				<misses>39100000</misses>
				<total>2</total>
				<timestamp>1173.207581</timestamp>
			</report>
			<report>
				<misses>39200000</misses>
				<total>2</total>
				<timestamp>1176.207621</timestamp>
			</report>
			<report>
				<misses>39300000</misses>
				<total>2</total>
				<timestamp>1179.207665</timestamp>
			</report>
			<report>
				<misses>39400000</misses>
				<total>2</total>
				<timestamp>1182.207732</timestamp>
			</report>
			<report>
				<misses>39500000</misses>
				<total>2</total>
				<timestamp>1185.207781</timestamp>
			</report>
			<report>
				<misses>39600000</misses>
				<total>2</total>
				<timestamp>1188.207812</timestamp>
			</report>
			<report>
				<misses>39700000</misses>
				<total>2</total>
				<timestamp>1191.207945</timestamp>
			</report>
			<report>
				<misses>39800000</misses>
				<total>2</total>
				<timestamp>1194.208102</timestamp>
			</report>
			<report>
				<misses>39900000</misses>
				<total>2</total>
				<timestamp>1197.208180</timestamp>
			</report>
			<report>
				<misses>40000000</misses>
				<total>2</total>
				<timestamp>1200.208194</timestamp>
			</report>
			<report>
				<misses>40100000</misses>
				<total>2</total>
				<timestamp>1203.208221</timestamp>
			</report>
			<report>
				<misses>40200000</misses>
				<total>2</total>
				<timestamp>1206.208220</timestamp>
			</report>
			<report>
				<misses>40300000</misses>
				<total>2</total>
				<timestamp>1209.208221</timestamp>
			</report>
			<report>
				<misses>40400000</misses>
				<total>2</total>
				<timestamp>1212.208215</timestamp>
			</report>
			<report>
				<misses>40500000</misses>
				<total>2</total>
				<timestamp>1215.208221</timestamp>
			</report>
			<report>
				<misses>40600000</misses>
				<total>2</total>
				<timestamp>1218.208220</timestamp>
			</report>
			<report>
				<misses>40700000</misses>
				<total>2</total>
				<timestamp>1221.208236</timestamp>
			</report>
			<report>
				<misses>40800000</misses>
				<total>2</total>
				<timestamp>1224.208250</timestamp>
			</report>
			<report>
				<misses>40900000</misses>
				<total>2</total>
				<timestamp>1227.208277</timestamp>
			</report>
			<report>
				<misses>41000000</misses>
				<total>2</total>
				<timestamp>1230.208307</timestamp>
			</report>
			<report>
				<misses>41100000</misses>
				<total>2</total>
				<timestamp>1233.208308</timestamp>
			</report>
			<report>
				<misses>41200000</misses>
				<total>2</total>
				<timestamp>1236.208329</timestamp>
			</report>
			<report>
				<misses>41300000</misses>
				<total>2</total>
				<timestamp>1239.208339</timestamp>
			</report>
			<report>
				<misses>41400000</misses>
				<total>2</total>
				<timestamp>1242.208341</timestamp>
			</report>
			<report>
				<misses>41500000</misses>
				<total>2</total>
				<timestamp>1245.208376</timestamp>
			</report>
			<report>
				<misses>41600000</misses>
				<total>2</total>
				<timestamp>1248.208848</timestamp>
			</report>
			<report>
				<misses>41700000</misses>
				<total>2</total>
				<timestamp>1251.209102</timestamp>
			</report>
			<report>
				<misses>41800000</misses>
				<total>2</total>
				<timestamp>1254.209234</timestamp>
			</report>
			<report>
				<misses>41900000</misses>
				<total>2</total>
				<timestamp>1257.210409</timestamp>
			</report>
			<report>
				<misses>42000000</misses>
				<total>2</total>
				<timestamp>1260.210434</timestamp>
			</report>
			<report>
				<misses>42100000</misses>
				<total>2</total>
				<timestamp>1263.210466</timestamp>
			</report>
			<report>
				<misses>42200000</misses>
				<total>2</total>
				<timestamp>1266.210952</timestamp>
			</report>
			<report>
				<misses>42300000</misses>
				<total>2</total>
				<timestamp>1269.210953</timestamp>
			</report>
			<report>
				<misses>42400000</misses>
				<total>2</total>
				<timestamp>1272.211163</timestamp>
			</report>
			<report>
				<misses>42500000</misses>
				<total>2</total>
				<timestamp>1275.211435</timestamp>
			</report>
			<report>
				<misses>42600000</misses>
				<total>2</total>
				<timestamp>1278.212361</timestamp>
			</report>
			<report>
				<misses>42700000</misses>
				<total>2</total>
				<timestamp>1281.213154</timestamp>
			</report>
			<report>
				<misses>42800000</misses>
				<total>2</total>
				<timestamp>1284.214709</timestamp>
			</report>
			<report>
				<misses>42900000</misses>
				<total>2</total>
				<timestamp>1287.215207</timestamp>
			</report>
			<report>
				<misses>43000000</misses>
				<total>2</total>
				<timestamp>1290.215292</timestamp>
			</report>
			<report>
				<misses>43100000</misses>
				<total>2</total>
				<timestamp>1293.215291</timestamp>
			</report>
			<report>
				<misses>43200000</misses>
				<total>2</total>
				<timestamp>1296.215408</timestamp>
			</report>
			<report>
				<misses>43300000</misses>
				<total>2</total>
				<timestamp>1299.215425</timestamp>
			</report>
			<report>
				<misses>43400000</misses>
				<total>2</total>
				<timestamp>1302.215443</timestamp>
			</report>
			<report>
				<misses>43500000</misses>
				<total>2</total>
				<timestamp>1305.215473</timestamp>
			</report>
			<report>
				<misses>43600000</misses>
				<total>2</total>
				<timestamp>1308.216914</timestamp>
			</report>
			<report>
				<misses>43700000</misses>
				<total>2</total>
				<timestamp>1311.217661</timestamp>
			</report>
			<report>
				<misses>43800000</misses>
				<total>2</total>
				<timestamp>1314.217725</timestamp>
			</report>
			<report>
				<misses>43900000</misses>
				<total>2</total>
				<timestamp>1317.217825</timestamp>
			</report>
			<report>
				<misses>44000000</misses>
				<total>2</total>
				<timestamp>1320.218507</timestamp>
			</report>
			<report>
				<misses>44100000</misses>
				<total>2</total>
				<timestamp>1323.218619</timestamp>
			</report>
			<report>
				<misses>44200000</misses>
				<total>2</total>
				<timestamp>1326.218719</timestamp>
			</report>
			<report>
				<misses>44300000</misses>
				<total>2</total>
				<timestamp>1329.218877</timestamp>
			</report>
			<report>
				<misses>44400000</misses>
				<total>2</total>
				<timestamp>1332.219550</timestamp>
			</report>
			<report>
				<misses>44500000</misses>
				<total>2</total>
				<timestamp>1335.220184</timestamp>
			</report>
			<report>
				<misses>44600000</misses>
				<total>2</total>
				<timestamp>1338.221589</timestamp>
			</report>
			<report>
				<misses>44700000</misses>
				<total>2</total>
				<timestamp>1341.221637</timestamp>
			</report>
			<report>
				<misses>44800000</misses>
				<total>2</total>
				<timestamp>1344.223838</timestamp>
			</report>
			<report>
				<misses>44900000</misses>
				<total>2</total>
				<timestamp>1347.226634</timestamp>
			</report>
			<report>
				<misses>45000000</misses>
				<total>2</total>
				<timestamp>1350.226889</timestamp>
			</report>
			<report>
				<misses>45100000</misses>
				<total>2</total>
				<timestamp>1353.227448</timestamp>
			</report>
			<report>
				<misses>45200000</misses>
				<total>2</total>
				<timestamp>1356.228579</timestamp>
			</report>
			<report>
				<misses>45300000</misses>
				<total>2</total>
				<timestamp>1359.229409</timestamp>
			</report>
			<report>
				<misses>45400000</misses>
				<total>2</total>
				<timestamp>1362.229920</timestamp>
			</report>
			<report>
				<misses>45500000</misses>
				<total>2</total>
				<timestamp>1365.230877</timestamp>
			</report>
			<report>
				<misses>45600000</misses>
				<total>2</total>
				<timestamp>1368.230939</timestamp>
			</report>
			<report>
				<misses>45700000</misses>
				<total>2</total>
				<timestamp>1371.230987</timestamp>
			</report>
			<report>
				<misses>45800000</misses>
				<total>2</total>
				<timestamp>1374.231101</timestamp>
			</report>
			<report>
				<misses>45900000</misses>
				<total>2</total>
				<timestamp>1377.231709</timestamp>
			</report>
			<report>
				<misses>46000000</misses>
				<total>2</total>
				<timestamp>1380.232765</timestamp>
			</report>
			<report>
				<misses>46100000</misses>
				<total>2</total>
				<timestamp>1383.233539</timestamp>
			</report>
			<report>
				<misses>46200000</misses>
				<total>2</total>
				<timestamp>1386.235349</timestamp>
			</report>
			<report>
				<misses>46300000</misses>
				<total>2</total>
				<timestamp>1389.236131</timestamp>
			</report>
			<report>
				<misses>46400000</misses>
				<total>2</total>
				<timestamp>1392.236973</timestamp>
			</report>
			<report>
				<misses>46500000</misses>
				<total>2</total>
				<timestamp>1395.237567</timestamp>
			</report>
			<report>
				<misses>46600000</misses>
				<total>2</total>
				<timestamp>1398.237633</timestamp>
			</report>
			<report>
				<misses>46700000</misses>
				<total>2</total>
				<timestamp>1401.237686</timestamp>
			</report>
			<report>
				<misses>46800000</misses>
				<total>2</total>
				<timestamp>1404.238006</timestamp>
			</report>
			<report>
				<misses>46900000</misses>
				<total>2</total>
				<timestamp>1407.241960</timestamp>
			</report>
			<report>
				<misses>47000000</misses>
				<total>2</total>
				<timestamp>1410.242613</timestamp>
			</report>
			<report>
				<misses>47100000</misses>
				<total>2</total>
				<timestamp>1413.243125</timestamp>
			</report>
			<report>
				<misses>47200000</misses>
				<total>2</total>
				<timestamp>1416.243636</timestamp>
			</report>
			<report>
				<misses>47300000</misses>
				<total>2</total>
				<timestamp>1419.244116</timestamp>
			</report>
			<report>
				<misses>47400000</misses>
				<total>2</total>
				<timestamp>1422.245182</timestamp>
			</report>
			<report>
				<misses>47500000</misses>
				<total>2</total>
				<timestamp>1425.245645</timestamp>
			</report>
			<report>
				<misses>47600000</misses>
				<total>2</total>
				<timestamp>1428.246852</timestamp>
			</report>
			<report>
				<misses>47700000</misses>
				<total>2</total>
				<timestamp>1431.247397</timestamp>
			</report>
			<report>
				<misses>47800000</misses>
				<total>2</total>
				<timestamp>1434.247416</timestamp>
			</report>
			<report>
				<misses>47900000</misses>
				<total>2</total>
				<timestamp>1437.247539</timestamp>
			</report>
			<report>
				<misses>48000000</misses>
				<total>2</total>
				<timestamp>1440.248400</timestamp>
			</report>
			<report>
				<misses>48100000</misses>
				<total>2</total>
				<timestamp>1443.249360</timestamp>
			</report>
			<report>
				<misses>48200000</misses>
				<total>2</total>
				<timestamp>1446.250858</timestamp>
			</report>
			<report>
				<misses>48300000</misses>
				<total>2</total>
				<timestamp>1449.250905</timestamp>
			</report>
			<report>
				<misses>48400000</misses>
				<total>2</total>
				<timestamp>1452.250931</timestamp>
			</report>
			<report>
				<misses>48500000</misses>
				<total>2</total>
				<timestamp>1455.250949</timestamp>
			</report>
			<report>
				<misses>48600000</misses>
				<total>2</total>
				<timestamp>1458.251200</timestamp>
			</report>
			<report>
				<misses>48700000</misses>
				<total>2</total>
				<timestamp>1461.252710</timestamp>
			</report>
			<report>
				<misses>48800000</misses>
				<total>2</total>
				<timestamp>1464.254130</timestamp>
			</report>
			<report>
				<misses>48900000</misses>
				<total>2</total>
				<timestamp>1467.254159</timestamp>
			</report>
			<report>
				<misses>49000000</misses>
				<total>2</total>
				<timestamp>1470.254878</timestamp>
			</report>
			<report>
				<misses>49100000</misses>
				<total>2</total>
				<timestamp>1473.256026</timestamp>
			</report>
			<report>
				<misses>49200000</misses>
				<total>2</total>
				<timestamp>1476.256219</timestamp>
			</report>
			<report>
				<misses>49300000</misses>
				<total>2</total>
				<timestamp>1479.256253</timestamp>
			</report>
			<report>
				<misses>49400000</misses>
				<total>2</total>
				<timestamp>1482.256404</timestamp>
			</report>
			<report>
				<misses>49500000</misses>
				<total>2</total>
				<timestamp>1485.257895</timestamp>
			</report>
			<report>
				<misses>49600000</misses>
				<total>2</total>
				<timestamp>1488.258528</timestamp>
			</report>
			<report>
				<misses>49700000</misses>
				<total>2</total>
				<timestamp>1491.260299</timestamp>
			</report>
			<report>
				<misses>49800000</misses>
				<total>2</total>
				<timestamp>1494.260679</timestamp>
			</report>
			<report>
				<misses>49900000</misses>
				<total>2</total>
				<timestamp>1497.260723</timestamp>
			</report>
			<report>
				<misses>50000000</misses>
				<total>2</total>
				<timestamp>1500.260775</timestamp>
			</report>
			<report>
				<misses>50100000</misses>
				<total>2</total>
				<timestamp>1503.261788</timestamp>
			</report>
			<report>
				<misses>50200000</misses>
				<total>2</total>
				<timestamp>1506.264035</timestamp>
			</report>
			<report>
				<misses>50300000</misses>
				<total>2</total>
				<timestamp>1509.264771</timestamp>
			</report>
			<report>
				<misses>50400000</misses>
				<total>2</total>
				<timestamp>1512.265211</timestamp>
			</report>
			<report>
				<misses>50500000</misses>
				<total>2</total>
				<timestamp>1515.266354</timestamp>
			</report>
			<report>
				<misses>50600000</misses>
				<total>2</total>
				<timestamp>1518.266373</timestamp>
			</report>
			<report>
				<misses>50700000</misses>
				<total>2</total>
				<timestamp>1521.266388</timestamp>
			</report>
			<report>
				<misses>50800000</misses>
				<total>2</total>
				<timestamp>1524.266411</timestamp>
			</report>
			<report>
				<misses>50900000</misses>
				<total>2</total>
				<timestamp>1527.266416</timestamp>
			</report>
			<report>
				<misses>51000000</misses>
				<total>2</total>
				<timestamp>1530.266528</timestamp>
			</report>
			<report>
				<misses>51100000</misses>
				<total>2</total>
				<timestamp>1533.267034</timestamp>
			</report>
			<report>
				<misses>51200000</misses>
				<total>2</total>
				<timestamp>1536.267365</timestamp>
			</report>
			<report>
				<misses>51300000</misses>
				<total>2</total>
				<timestamp>1539.267753</timestamp>
			</report>
			<report>
				<misses>51400000</misses>
				<total>2</total>
				<timestamp>1542.267985</timestamp>
			</report>
			<report>
				<misses>51500000</misses>
				<total>2</total>
				<timestamp>1545.269087</timestamp>
			</report>
			<report>
				<misses>51600000</misses>
				<total>2</total>
				<timestamp>1548.269821</timestamp>
			</report>
			<report>
				<misses>51700000</misses>
				<total>2</total>
				<timestamp>1551.270628</timestamp>
			</report>
			<report>
				<misses>51800000</misses>
				<total>2</total>
				<timestamp>1554.271587</timestamp>
			</report>
			<report>
				<misses>51900000</misses>
				<total>2</total>
				<timestamp>1557.271775</timestamp>
			</report>
			<report>
				<misses>52000000</misses>
				<total>2</total>
				<timestamp>1560.271811</timestamp>
			</report>
			<report>
				<misses>52100000</misses>
				<total>2</total>
				<timestamp>1563.273500</timestamp>
			</report>
			<report>
				<misses>52200000</misses>
				<total>2</total>
				<timestamp>1566.274418</timestamp>
			</report>
			<report>
				<misses>52300000</misses>
				<total>2</total>
				<timestamp>1569.275154</timestamp>
			</report>
			<report>
				<misses>52400000</misses>
				<total>2</total>
				<timestamp>1572.275927</timestamp>
			</report>
			<report>
				<misses>52500000</misses>
				<total>2</total>
				<timestamp>1575.277284</timestamp>
			</report>
			<report>
				<misses>52600000</misses>
				<total>2</total>
				<timestamp>1578.277290</timestamp>
			</report>
			<report>
				<misses>52700000</misses>
				<total>2</total>
				<timestamp>1581.277895</timestamp>
			</report>
			<report>
				<misses>52800000</misses>
				<total>2</total>
				<timestamp>1584.278956</timestamp>
			</report>
			<report>
				<misses>52900000</misses>
				<total>2</total>
				<timestamp>1587.279223</timestamp>
			</report>
			<report>
				<misses>53000000</misses>
				<total>2</total>
				<timestamp>1590.279326</timestamp>
			</report>
			<report>
				<misses>53100000</misses>
				<total>2</total>
				<timestamp>1593.279379</timestamp>
			</report>
			<report>
				<misses>53200000</misses>
				<total>2</total>
				<timestamp>1596.279838</timestamp>
			</report>
			<report>
				<misses>53300000</misses>
				<total>2</total>
				<timestamp>1599.280720</timestamp>
			</report>
			<report>
				<misses>53400000</misses>
				<total>2</total>
				<timestamp>1602.281461</timestamp>
			</report>
			<report>
				<misses>53500000</misses>
				<total>2</total>
				<timestamp>1605.281994</timestamp>
			</report>
			<report>
				<misses>53600000</misses>
				<total>2</total>
				<timestamp>1608.283208</timestamp>
			</report>
			<report>
				<misses>53700000</misses>
				<total>2</total>
				<timestamp>1611.283890</timestamp>
			</report>
			<report>
				<misses>53800000</misses>
				<total>2</total>
				<timestamp>1614.284026</timestamp>
			</report>
			<report>
				<misses>53900000</misses>
				<total>2</total>
				<timestamp>1617.284116</timestamp>
			</report>
			<report>
				<misses>54000000</misses>
				<total>2</total>
				<timestamp>1620.287047</timestamp>
			</report>
			<report>
				<misses>54100000</misses>
				<total>2</total>
				<timestamp>1623.287807</timestamp>
			</report>
			<report>
				<misses>54200000</misses>
				<total>2</total>
				<timestamp>1626.288562</timestamp>
			</report>
			<report>
				<misses>54300000</misses>
				<total>2</total>
				<timestamp>1629.289202</timestamp>
			</report>
			<report>
				<misses>54400000</misses>
				<total>2</total>
				<timestamp>1632.289264</timestamp>
			</report>
			<report>
				<misses>54500000</misses>
				<total>2</total>
				<timestamp>1635.289329</timestamp>
			</report>
			<report>
				<misses>54600000</misses>
				<total>2</total>
				<timestamp>1638.289710</timestamp>
			</report>
			<report>
				<misses>54700000</misses>
				<total>2</total>
				<timestamp>1641.289733</timestamp>
			</report>
			<report>
				<misses>54800000</misses>
				<total>2</total>
				<timestamp>1644.289769</timestamp>
			</report>
			<report>
				<misses>54900000</misses>
				<total>2</total>
				<timestamp>1647.290498</timestamp>
			</report>
			<report>
				<misses>55000000</misses>
				<total>2</total>
				<timestamp>1650.290508</timestamp>
			</report>
			<report>
				<misses>55100000</misses>
				<total>2</total>
				<timestamp>1653.291044</timestamp>
			</report>
			<report>
				<misses>55200000</misses>
				<total>2</total>
				<timestamp>1656.291171</timestamp>
			</report>
			<report>
				<misses>55300000</misses>
				<total>2</total>
				<timestamp>1659.291195</timestamp>
			</report>
			<report>
				<misses>55400000</misses>
				<total>2</total>
				<timestamp>1662.291383</timestamp>
			</report>
			<report>
				<misses>55500000</misses>
				<total>2</total>
				<timestamp>1665.291379</timestamp>
			</report>
			<report>
				<misses>55600000</misses>
				<total>2</total>
				<timestamp>1668.291379</timestamp>
			</report>
			<report>
				<misses>55700000</misses>
				<total>2</total>
				<timestamp>1671.291445</timestamp>
			</report>
			<report>
				<misses>55800000</misses>
				<total>2</total>
				<timestamp>1674.291468</timestamp>
			</report>
			<report>
				<misses>55900000</misses>
				<total>2</total>
				<timestamp>1677.291466</timestamp>
			</report>
			<report>
				<misses>56000000</misses>
				<total>2</total>
				<timestamp>1680.291481</timestamp>
			</report>
			<report>
				<misses>56100000</misses>
				<total>2</total>
				<timestamp>1683.291489</timestamp>
			</report>
			<report>
				<misses>56200000</misses>
				<total>2</total>
				<timestamp>1686.291514</timestamp>
			</report>
			<report>
				<misses>56300000</misses>
				<total>2</total>
				<timestamp>1689.291536</timestamp>
			</report>
			<report>
				<misses>56400000</misses>
				<total>2</total>
				<timestamp>1692.291564</timestamp>
			</report>
			<report>
				<misses>56500000</misses>
				<total>2</total>
				<timestamp>1695.291596</timestamp>
			</report>
			<report>
				<misses>56600000</misses>
				<total>2</total>
				<timestamp>1698.291621</timestamp>
			</report>
			<report>
				<misses>56700000</misses>
				<total>2</total>
				<timestamp>1701.291630</timestamp>
			</report>
			<report>
				<misses>56800000</misses>
				<total>2</total>
				<timestamp>1704.291674</timestamp>
			</report>
			<report>
				<misses>56900000</misses>
				<total>2</total>
				<timestamp>1707.291684</timestamp>
			</report>
			<report>
				<misses>57000000</misses>
				<total>2</total>
				<timestamp>1710.291684</timestamp>
			</report>
			<report>
				<misses>57100000</misses>
				<total>2</total>
				<timestamp>1713.291701</timestamp>
			</report>
			<report>
				<misses>57200000</misses>
				<total>2</total>
				<timestamp>1716.291720</timestamp>
			</report>
			<report>
				<misses>57300000</misses>
				<total>2</total>
				<timestamp>1719.291742</timestamp>
			</report>
			<report>
				<misses>57400000</misses>
				<total>2</total>
				<timestamp>1722.292098</timestamp>
			</report>
			<report>
				<misses>57500000</misses>
				<total>2</total>
				<timestamp>1725.292319</timestamp>
			</report>
			<report>
				<misses>57600000</misses>
				<total>2</total>
				<timestamp>1728.293732</timestamp>
			</report>
			<report>
				<misses>57700000</misses>
				<total>2</total>
				<timestamp>1731.293918</timestamp>
			</report>
			<report>
				<misses>57800000</misses>
				<total>2</total>
				<timestamp>1734.294198</timestamp>
			</report>
			<report>
				<misses>57900000</misses>
				<total>2</total>
				<timestamp>1737.294935</timestamp>
			</report>
			<report>
				<misses>58000000</misses>
				<total>3</total>
				<timestamp>1740.295052</timestamp>
			</report>
			<report>
				<misses>58100000</misses>
				<total>3</total>
				<timestamp>1743.295081</timestamp>
			</report>
			<report>
				<misses>58200000</misses>
				<total>3</total>
				<timestamp>1746.295124</timestamp>
			</report>
			<report>
				<misses>58300000</misses>
				<total>3</total>
				<timestamp>1749.295139</timestamp>
			</report>
			<report>
				<misses>58400000</misses>
				<total>3</total>
				<timestamp>1752.295189</timestamp>
			</report>
			<report>
				<misses>58500000</misses>
				<total>4</total>
				<timestamp>1755.295230</timestamp>
			</report>
			<report>
				<misses>58600000</misses>
				<total>4</total>
				<timestamp>1758.295252</timestamp>
			</report>
			<report>
				<misses>58700000</misses>
				<total>4</total>
				<timestamp>1761.297139</timestamp>
			</report>
			<report>
				<misses>58800000</misses>
				<total>4</total>
				<timestamp>1764.297756</timestamp>
			</report>
			<report>
				<misses>58900000</misses>
				<total>4</total>
				<timestamp>1767.298214</timestamp>
			</report>
			<report>
				<misses>59000000</misses>
				<total>4</total>
				<timestamp>1770.298732</timestamp>
			</report>
			<report>
				<misses>59100000</misses>
				<total>4</total>
				<timestamp>1773.298973</timestamp>
			</report>
			<report>
				<misses>59200000</misses>
				<total>4</total>
				<timestamp>1776.298969</timestamp>
			</report>
			<report>
				<misses>59300000</misses>
				<total>4</total>
				<timestamp>1779.298980</timestamp>
			</report>
			<report>
				<misses>59400000</misses>
				<total>4</total>
				<timestamp>1782.298998</timestamp>
			</report>
			<report>
				<misses>59500000</misses>
				<total>4</total>
				<timestamp>1785.299017</timestamp>
			</report>
			<report>
				<misses>59600000</misses>
				<total>4</total>
				<timestamp>1788.299038</timestamp>
			</report>
			<report>
				<misses>59700000</misses>
				<total>4</total>
				<timestamp>1791.299251</timestamp>
			</report>
			<report>
				<misses>59800000</misses>
				<total>4</total>
				<timestamp>1794.300059</timestamp>
			</report>
			<report>
				<misses>59900000</misses>
				<total>4</total>
				<timestamp>1797.301047</timestamp>
			</report>
			<report>
				<misses>60000000</misses>
				<total>4</total>
				<timestamp>1800.301461</timestamp>
			</report>
			<report>
				<misses>60100000</misses>
				<total>4</total>
				<timestamp>1803.302883</timestamp>
			</report>
			<report>
				<misses>60200000</misses>
				<total>4</total>
				<timestamp>1806.304349</timestamp>
			</report>
			<report>
				<misses>60300000</misses>
				<total>4</total>
				<timestamp>1809.305977</timestamp>
			</report>
			<report>
				<misses>60400000</misses>
				<total>4</total>
				<timestamp>1812.306720</timestamp>
			</report>
			<report>
				<misses>60500000</misses>
				<total>4</total>
				<timestamp>1815.306751</timestamp>
			</report>
			<report>
				<misses>60600000</misses>
				<total>4</total>
				<timestamp>1818.307641</timestamp>
			</report>
			<report>
				<misses>60700000</misses>
				<total>4</total>
				<timestamp>1821.308316</timestamp>
			</report>
			<report>
				<misses>60800000</misses>
				<total>4</total>
				<timestamp>1824.309589</timestamp>
			</report>
			<report>
				<misses>60900000</misses>
				<total>4</total>
				<timestamp>1827.310380</timestamp>
			</report>
			<report>
				<misses>61000000</misses>
				<total>4</total>
				<timestamp>1830.310801</timestamp>
			</report>
			<report>
				<misses>61100000</misses>
				<total>4</total>
				<timestamp>1833.310879</timestamp>
			</report>
			<report>
				<misses>61200000</misses>
				<total>4</total>
				<timestamp>1836.311843</timestamp>
			</report>
			<report>
				<misses>61300000</misses>
				<total>4</total>
				<timestamp>1839.312040</timestamp>
			</report>
			<report>
				<misses>61400000</misses>
				<total>4</total>
				<timestamp>1842.312322</timestamp>
			</report>
			<report>
				<misses>61500000</misses>
				<total>4</total>
				<timestamp>1845.312400</timestamp>
			</report>
			<report>
				<misses>61600000</misses>
				<total>4</total>
				<timestamp>1848.312705</timestamp>
			</report>
			<report>
				<misses>61700000</misses>
				<total>4</total>
				<timestamp>1851.312734</timestamp>
			</report>
			<report>
				<misses>61800000</misses>
				<total>4</total>
				<timestamp>1854.312749</timestamp>
			</report>
			<report>
				<misses>61900000</misses>
				<total>4</total>
				<timestamp>1857.313410</timestamp>
			</report>
			<report>
				<misses>62000000</misses>
				<total>4</total>
				<timestamp>1860.314016</timestamp>
			</report>
			<report>
				<misses>62100000</misses>
				<total>4</total>
				<timestamp>1863.315779</timestamp>
			</report>
			<report>
				<misses>62200000</misses>
				<total>4</total>
				<timestamp>1866.316544</timestamp>
			</report>
			<report>
				<misses>62300000</misses>
				<total>4</total>
				<timestamp>1869.316748</timestamp>
			</report>
			<report>
				<misses>62400000</misses>
				<total>4</total>
				<timestamp>1872.317103</timestamp>
			</report>
			<report>
				<misses>62500000</misses>
				<total>4</total>
				<timestamp>1875.318201</timestamp>
			</report>
			<report>
				<misses>62600000</misses>
				<total>4</total>
				<timestamp>1878.318468</timestamp>
			</report>
			<report>
				<misses>62700000</misses>
				<total>4</total>
				<timestamp>1881.318472</timestamp>
			</report>
			<report>
				<misses>62800000</misses>
				<total>4</total>
				<timestamp>1884.318472</timestamp>
			</report>
			<report>
				<misses>62900000</misses>
				<total>4</total>
				<timestamp>1887.318490</timestamp>
			</report>
			<report>
				<misses>63000000</misses>
				<total>4</total>
				<timestamp>1890.318739</timestamp>
			</report>
			<report>
				<misses>63100000</misses>
				<total>4</total>
				<timestamp>1893.319616</timestamp>
			</report>
			<report>
				<misses>63200000</misses>
				<total>4</total>
				<timestamp>1896.320808</timestamp>
			</report>
			<report>
				<misses>63300000</misses>
				<total>4</total>
				<timestamp>1899.321389</timestamp>
			</report>
			<report>
				<misses>63400000</misses>
				<total>4</total>
				<timestamp>1902.321531</timestamp>
			</report>
			<report>
				<misses>63500000</misses>
				<total>4</total>
				<timestamp>1905.322558</timestamp>
			</report>
			<report>
				<misses>63600000</misses>
				<total>4</total>
				<timestamp>1908.322763</timestamp>
			</report>
			<report>
				<misses>63700000</misses>
				<total>4</total>
				<timestamp>1911.322764</timestamp>
			</report>
			<report>
				<misses>63800000</misses>
				<total>4</total>
				<timestamp>1914.322781</timestamp>
			</report>
			<report>
				<misses>63900000</misses>
				<total>4</total>
				<timestamp>1917.323550</timestamp>
			</report>
			<report>
				<misses>64000000</misses>
				<total>4</total>
				<timestamp>1920.324296</timestamp>
			</report>
			<report>
				<misses>64100000</misses>
				<total>4</total>
				<timestamp>1923.325519</timestamp>
			</report>
			<report>
				<misses>64200000</misses>
				<total>4</total>
				<timestamp>1926.325533</timestamp>
			</report>
			<report>
				<misses>64300000</misses>
				<total>4</total>
				<timestamp>1929.325577</timestamp>
			</report>
			<report>
				<misses>64400000</misses>
				<total>4</total>
				<timestamp>1932.325589</timestamp>
			</report>
			<report>
				<misses>64500000</misses>
				<total>4</total>
				<timestamp>1935.325620</timestamp>
			</report>
			<report>
				<misses>64600000</misses>
				<total>4</total>
				<timestamp>1938.325649</timestamp>
			</report>
			<report>
				<misses>64700000</misses>
				<total>4</total>
				<timestamp>1941.325697</timestamp>
			</report>
			<report>
				<misses>64800000</misses>
				<total>4</total>
				<timestamp>1944.325703</timestamp>
			</report>
			<report>
				<misses>64900000</misses>
				<total>4</total>
				<timestamp>1947.325713</timestamp>
			</report>
			<report>
				<misses>65000000</misses>
				<total>4</total>
				<timestamp>1950.325747</timestamp>
			</report>
			<report>
				<misses>65100000</misses>
				<total>4</total>
				<timestamp>1953.325779</timestamp>
			</report>
			<report>
				<misses>65200000</misses>
				<total>4</total>
				<timestamp>1956.325813</timestamp>
			</report>
			<report>
				<misses>65300000</misses>
				<total>4</total>
				<timestamp>1959.325840</timestamp>
			</report>
			<report>
				<misses>65400000</misses>
				<total>4</total>
				<timestamp>1962.325859</timestamp>
			</report>
			<report>
				<misses>65500000</misses>
				<total>5</total>
				<timestamp>1965.325882</timestamp>
			</report>
			<report>
				<misses>65600000</misses>
				<total>5</total>
				<timestamp>1968.325886</timestamp>
			</report>
			<report>
				<misses>65700000</misses>
				<total>5</total>
				<timestamp>1971.325925</timestamp>
			</report>
			<report>
				<misses>65800000</misses>
				<total>5</total>
				<timestamp>1974.325951</timestamp>
			</report>
			<report>
				<misses>65900000</misses>
				<total>5</total>
				<timestamp>1977.325998</timestamp>
			</report>
			<report>
				<misses>66000000</misses>
				<total>5</total>
				<timestamp>1980.325993</timestamp>
			</report>
			<report>
				<misses>66100000</misses>
				<total>5</total>
				<timestamp>1983.326013</timestamp>
			</report>
			<report>
				<misses>66200000</misses>
				<total>5</total>
				<timestamp>1986.326031</timestamp>
			</report>
			<report>
				<misses>66300000</misses>
				<total>5</total>
				<timestamp>1989.326032</timestamp>
			</report>
			<report>
				<misses>66400000</misses>
				<total>5</total>
				<timestamp>1992.327346</timestamp>
			</report>
			<report>
				<misses>66500000</misses>
				<total>5</total>
				<timestamp>1995.328396</timestamp>
			</report>
			<report>
				<misses>66600000</misses>
				<total>5</total>
				<timestamp>1998.328644</timestamp>
			</report>
			<report>
				<misses>66700000</misses>
				<total>5</total>
				<timestamp>2001.328749</timestamp>
			</report>
			<report>
				<misses>66800000</misses>
				<total>5</total>
				<timestamp>2004.329103</timestamp>
			</report>
			<report>
				<misses>66900000</misses>
				<total>5</total>
				<timestamp>2007.329284</timestamp>
			</report>
			<report>
				<misses>67000000</misses>
				<total>5</total>
				<timestamp>2010.329312</timestamp>
			</report>
			<report>
				<misses>67100000</misses>
				<total>5</total>
				<timestamp>2013.329360</timestamp>
			</report>
			<report>
				<misses>67200000</misses>
				<total>5</total>
				<timestamp>2016.329376</timestamp>
			</report>
			<report>
				<misses>67300000</misses>
				<total>5</total>
				<timestamp>2019.329397</timestamp>
			</report>
			<report>
				<misses>67400000</misses>
				<total>5</total>
				<timestamp>2022.329435</timestamp>
			</report>
			<report>
				<misses>67500000</misses>
				<total>5</total>
				<timestamp>2025.329449</timestamp>
			</report>
			<report>
				<misses>67600000</misses>
				<total>5</total>
				<timestamp>2028.329451</timestamp>
			</report>
			<report>
				<misses>67700000</misses>
				<total>5</total>
				<timestamp>2031.329459</timestamp>
			</report>
			<report>
				<misses>67800000</misses>
				<total>5</total>
				<timestamp>2034.329490</timestamp>
			</report>
			<report>
				<misses>67900000</misses>
				<total>5</total>
				<timestamp>2037.329532</timestamp>
			</report>
			<report>
				<misses>68000000</misses>
				<total>5</total>
				<timestamp>2040.329542</timestamp>
			</report>
			<report>
				<misses>68100000</misses>
				<total>5</total>
				<timestamp>2043.329558</timestamp>
			</report>
			<report>
				<misses>68200000</misses>
				<total>5</total>
				<timestamp>2046.329574</timestamp>
			</report>
			<report>
				<misses>68300000</misses>
				<total>5</total>
				<timestamp>2049.329615</timestamp>
			</report>
			<report>
				<misses>68400000</misses>
				<total>5</total>
				<timestamp>2052.329767</timestamp>
			</report>
			<report>
				<misses>68500000</misses>
				<total>5</total>
				<timestamp>2055.330399</timestamp>
			</report>
			<report>
				<misses>68600000</misses>
				<total>5</total>
				<timestamp>2058.331104</timestamp>
			</report>
			<report>
				<misses>68700000</misses>
				<total>5</total>
				<timestamp>2061.331135</timestamp>
			</report>
			<report>
				<misses>68800000</misses>
				<total>5</total>
				<timestamp>2064.331237</timestamp>
			</report>
			<report>
				<misses>68900000</misses>
				<total>5</total>
				<timestamp>2067.331526</timestamp>
			</report>
			<report>
				<misses>69000000</misses>
				<total>5</total>
				<timestamp>2070.331552</timestamp>
			</report>
			<report>
				<misses>69100000</misses>
				<total>5</total>
				<timestamp>2073.331558</timestamp>
			</report>
			<report>
				<misses>69200000</misses>
				<total>5</total>
				<timestamp>2076.331633</timestamp>
			</report>
			<report>
				<misses>69300000</misses>
				<total>5</total>
				<timestamp>2079.331669</timestamp>
			</report>
			<report>
				<misses>69400000</misses>
				<total>5</total>
				<timestamp>2082.331674</timestamp>
			</report>
			<report>
				<misses>69500000</misses>
				<total>5</total>
				<timestamp>2085.331702</timestamp>
			</report>
			<report>
				<misses>69600000</misses>
				<total>5</total>
				<timestamp>2088.331703</timestamp>
			</report>
			<report>
				<misses>69700000</misses>
				<total>5</total>
				<timestamp>2091.331711</timestamp>
			</report>
			<report>
				<misses>69800000</misses>
				<total>5</total>
				<timestamp>2094.332301</timestamp>
			</report>
			<report>
				<misses>69900000</misses>
				<total>5</total>
				<timestamp>2097.333821</timestamp>
			</report>
			<report>
				<misses>70000000</misses>
				<total>5</total>
				<timestamp>2100.334594</timestamp>
			</report>
			<report>
				<misses>70100000</misses>
				<total>6</total>
				<timestamp>2103.335820</timestamp>
			</report>
			<report>
				<misses>70200000</misses>
				<total>6</total>
				<timestamp>2106.335847</timestamp>
			</report>
			<report>
				<misses>70300000</misses>
				<total>6</total>
				<timestamp>2109.336025</timestamp>
			</report>
			<report>
				<misses>70400000</misses>
				<total>6</total>
				<timestamp>2112.336143</timestamp>
			</report>
			<report>
				<misses>70500000</misses>
				<total>6</total>
				<timestamp>2115.336646</timestamp>
			</report>
			<report>
				<misses>70600000</misses>
				<total>6</total>
				<timestamp>2118.337401</timestamp>
			</report>
			<report>
				<misses>70700000</misses>
				<total>6</total>
				<timestamp>2121.338695</timestamp>
			</report>
			<report>
				<misses>70800000</misses>
				<total>6</total>
				<timestamp>2124.339443</timestamp>
			</report>
			<report>
				<misses>70900000</misses>
				<total>6</total>
				<timestamp>2127.339887</timestamp>
			</report>
			<report>
				<misses>71000000</misses>
				<total>6</total>
				<timestamp>2130.339928</timestamp>
			</report>
			<report>
				<misses>71100000</misses>
				<total>6</total>
				<timestamp>2133.340184</timestamp>
			</report>
			<report>
				<misses>71200000</misses>
				<total>6</total>
				<timestamp>2136.340517</timestamp>
			</report>
			<report>
				<misses>71300000</misses>
				<total>6</total>
				<timestamp>2139.342278</timestamp>
			</report>
			<report>
				<misses>71400000</misses>
				<total>6</total>
				<timestamp>2142.342750</timestamp>
			</report>
			<report>
				<misses>71500000</misses>
				<total>6</total>
				<timestamp>2145.343422</timestamp>
			</report>
			<report>
				<misses>71600000</misses>
				<total>6</total>
				<timestamp>2148.344030</timestamp>
			</report>
			<report>
				<misses>71700000</misses>
				<total>6</total>
				<timestamp>2151.344521</timestamp>
			</report>
			<report>
				<misses>71800000</misses>
				<total>6</total>
				<timestamp>2154.344839</timestamp>
			</report>
			<report>
				<misses>71900000</misses>
				<total>6</total>
				<timestamp>2157.345176</timestamp>
			</report>
			<report>
				<misses>72000000</misses>
				<total>6</total>
				<timestamp>2160.345227</timestamp>
			</report>
			<report>
				<misses>72100000</misses>
				<total>6</total>
				<timestamp>2163.345821</timestamp>
			</report>
			<report>
				<misses>72200000</misses>
				<total>6</total>
				<timestamp>2166.345846</timestamp>
			</report>
			<report>
				<misses>72300000</misses>
				<total>6</total>
				<timestamp>2169.345877</timestamp>
			</report>
			<report>
				<misses>72400000</misses>
				<total>6</total>
				<timestamp>2172.345934</timestamp>
			</report>
			<report>
				<misses>72500000</misses>
				<total>6</total>
				<timestamp>2175.345974</timestamp>
			</report>
			<report>
				<misses>72600000</misses>
				<total>6</total>
				<timestamp>2178.346009</timestamp>
			</report>
			<report>
				<misses>72700000</misses>
				<total>6</total>
				<timestamp>2181.346006</timestamp>
			</report>
			<report>
				<misses>72800000</misses>
				<total>6</total>
				<timestamp>2184.346027</timestamp>
			</report>
			<report>
				<misses>72900000</misses>
				<total>6</total>
				<timestamp>2187.346040</timestamp>
			</report>
			<report>
				<misses>73000000</misses>
				<total>6</total>
				<timestamp>2190.346064</timestamp>
			</report>
			<report>
				<misses>73100000</misses>
				<total>6</total>
				<timestamp>2193.346072</timestamp>
			</report>
			<report>
				<misses>73200000</misses>
				<total>6</total>
				<timestamp>2196.346183</timestamp>
			</report>
			<report>
				<misses>73300000</misses>
				<total>6</total>
				<timestamp>2199.347009</timestamp>
			</report>
			<report>
				<misses>73400000</misses>
				<total>6</total>
				<timestamp>2202.348115</timestamp>
			</report>
			<report>
				<misses>73500000</misses>
				<total>6</total>
				<timestamp>2205.348234</timestamp>
			</report>
			<report>
				<misses>73600000</misses>
				<total>6</total>
				<timestamp>2208.349178</timestamp>
			</report>
			<report>
				<misses>73700000</misses>
				<total>6</total>
				<timestamp>2211.349361</timestamp>
			</report>
			<report>
				<misses>73800000</misses>
				<total>6</total>
				<timestamp>2214.349510</timestamp>
			</report>
			<report>
				<misses>73900000</misses>
				<total>6</total>
				<timestamp>2217.350744</timestamp>
			</report>
			<report>
				<misses>74000000</misses>
				<total>6</total>
				<timestamp>2220.353532</timestamp>
			</report>
			<report>
				<misses>74100000</misses>
				<total>6</total>
				<timestamp>2223.354356</timestamp>
			</report>
			<report>
				<misses>74200000</misses>
				<total>6</total>
				<timestamp>2226.354417</timestamp>
			</report>
			<report>
				<misses>74300000</misses>
				<total>6</total>
				<timestamp>2229.356592</timestamp>
			</report>
			<report>
				<misses>74400000</misses>
				<total>6</total>
				<timestamp>2232.357192</timestamp>
			</report>
			<report>
				<misses>74500000</misses>
				<total>6</total>
				<timestamp>2235.359308</timestamp>
			</report>
			<report>
				<misses>74600000</misses>
				<total>6</total>
				<timestamp>2238.359348</timestamp>
			</report>
			<report>
				<misses>74700000</misses>
				<total>6</total>
				<timestamp>2241.359611</timestamp>
			</report>
			<report>
				<misses>74800000</misses>
				<total>6</total>
				<timestamp>2244.361831</timestamp>
			</report>
			<report>
				<misses>74900000</misses>
				<total>6</total>
				<timestamp>2247.361849</timestamp>
			</report>
			<report>
				<misses>75000000</misses>
				<total>6</total>
				<timestamp>2250.361858</timestamp>
			</report>
			<report>
				<misses>75100000</misses>
				<total>6</total>
				<timestamp>2253.361885</timestamp>
			</report>
			<report>
				<misses>75200000</misses>
				<total>6</total>
				<timestamp>2256.362057</timestamp>
			</report>
			<report>
				<misses>75300000</misses>
				<total>6</total>
				<timestamp>2259.362216</timestamp>
			</report>
			<report>
				<misses>75400000</misses>
				<total>6</total>
				<timestamp>2262.363448</timestamp>
			</report>
			<report>
				<misses>75500000</misses>
				<total>6</total>
				<timestamp>2265.365004</timestamp>
			</report>
			<report>
				<misses>75600000</misses>
				<total>6</total>
				<timestamp>2268.365566</timestamp>
			</report>
			<report>
				<misses>75700000</misses>
				<total>6</total>
				<timestamp>2271.366487</timestamp>
			</report>
			<report>
				<misses>75800000</misses>
				<total>6</total>
				<timestamp>2274.367230</timestamp>
			</report>
			<report>
				<misses>75900000</misses>
				<total>6</total>
				<timestamp>2277.368386</timestamp>
			</report>
			<report>
				<misses>76000000</misses>
				<total>6</total>
				<timestamp>2280.368982</timestamp>
			</report>
			<report>
				<misses>76100000</misses>
				<total>6</total>
				<timestamp>2283.369259</timestamp>
			</report>
			<report>
				<misses>76200000</misses>
				<total>6</total>
				<timestamp>2286.370286</timestamp>
			</report>
			<report>
				<misses>76300000</misses>
				<total>6</total>
				<timestamp>2289.371401</timestamp>
			</report>
			<report>
				<misses>76400000</misses>
				<total>6</total>
				<timestamp>2292.372235</timestamp>
			</report>
			<report>
				<misses>76500000</misses>
				<total>6</total>
				<timestamp>2295.373886</timestamp>
			</report>
			<report>
				<misses>76600000</misses>
				<total>6</total>
				<timestamp>2298.374170</timestamp>
			</report>
			<report>
				<misses>76700000</misses>
				<total>6</total>
				<timestamp>2301.374199</timestamp>
			</report>
			<report>
				<misses>76800000</misses>
				<total>6</total>
				<timestamp>2304.374329</timestamp>
			</report>
			<report>
				<misses>76900000</misses>
				<total>6</total>
				<timestamp>2307.374584</timestamp>
			</report>
			<report>
				<misses>77000000</misses>
				<total>6</total>
				<timestamp>2310.375930</timestamp>
			</report>
			<report>
				<misses>77100000</misses>
				<total>6</total>
				<timestamp>2313.376317</timestamp>
			</report>
			<report>
				<misses>77200000</misses>
				<total>6</total>
				<timestamp>2316.376510</timestamp>
			</report>
			<report>
				<misses>77300000</misses>
				<total>6</total>
				<timestamp>2319.378760</timestamp>
			</report>
			<report>
				<misses>77400000</misses>
				<total>6</total>
				<timestamp>2322.379054</timestamp>
			</report>
			<report>
				<misses>77500000</misses>
				<total>6</total>
				<timestamp>2325.380446</timestamp>
			</report>
			<report>
				<misses>77600000</misses>
				<total>6</total>
				<timestamp>2328.380877</timestamp>
			</report>
			<report>
				<misses>77700000</misses>
				<total>6</total>
				<timestamp>2331.381475</timestamp>
			</report>
			<report>
				<misses>77800000</misses>
				<total>6</total>
				<timestamp>2334.383419</timestamp>
			</report>
			<report>
				<misses>77900000</misses>
				<total>6</total>
				<timestamp>2337.384092</timestamp>
			</report>
			<report>
				<misses>78000000</misses>
				<total>6</total>
				<timestamp>2340.385094</timestamp>
			</report>
			<report>
				<misses>78100000</misses>
				<total>6</total>
				<timestamp>2343.385466</timestamp>
			</report>
			<report>
				<misses>78200000</misses>
				<total>6</total>
				<timestamp>2346.385524</timestamp>
			</report>
			<report>
				<misses>78300000</misses>
				<total>6</total>
				<timestamp>2349.385748</timestamp>
			</report>
			<report>
				<misses>78400000</misses>
				<total>6</total>
				<timestamp>2352.386392</timestamp>
			</report>
			<report>
				<misses>78500000</misses>
				<total>6</total>
				<timestamp>2355.386690</timestamp>
			</report>
			<report>
				<misses>78600000</misses>
				<total>6</total>
				<timestamp>2358.390392</timestamp>
			</report>
			<report>
				<misses>78700000</misses>
				<total>6</total>
				<timestamp>2361.390500</timestamp>
			</report>
			<report>
				<misses>78800000</misses>
				<total>6</total>
				<timestamp>2364.390502</timestamp>
			</report>
			<report>
				<misses>78900000</misses>
				<total>6</total>
				<timestamp>2367.390562</timestamp>
			</report>
			<report>
				<misses>79000000</misses>
				<total>6</total>
				<timestamp>2370.390563</timestamp>
			</report>
			<report>
				<misses>79100000</misses>
				<total>6</total>
				<timestamp>2373.390732</timestamp>
			</report>
			<report>
				<misses>79200000</misses>
				<total>6</total>
				<timestamp>2376.391502</timestamp>
			</report>
			<report>
				<misses>79300000</misses>
				<total>6</total>
				<timestamp>2379.391646</timestamp>
			</report>
			<report>
				<misses>79400000</misses>
				<total>6</total>
				<timestamp>2382.391683</timestamp>
			</report>
			<report>
				<misses>79500000</misses>
				<total>6</total>
				<timestamp>2385.393020</timestamp>
			</report>
			<report>
				<misses>79600000</misses>
				<total>6</total>
				<timestamp>2388.393805</timestamp>
			</report>
			<report>
				<misses>79700000</misses>
				<total>6</total>
				<timestamp>2391.393829</timestamp>
			</report>
			<report>
				<misses>79800000</misses>
				<total>6</total>
				<timestamp>2394.393836</timestamp>
			</report>
			<report>
				<misses>79900000</misses>
				<total>6</total>
				<timestamp>2397.393870</timestamp>
			</report>
			<report>
				<misses>80000000</misses>
				<total>6</total>
				<timestamp>2400.393904</timestamp>
			</report>
			<report>
				<misses>80100000</misses>
				<total>6</total>
				<timestamp>2403.393983</timestamp>
			</report>
			<report>
				<misses>80200000</misses>
				<total>6</total>
				<timestamp>2406.393988</timestamp>
			</report>
			<report>
				<misses>80300000</misses>
				<total>6</total>
				<timestamp>2409.394023</timestamp>
			</report>
			<report>
				<misses>80400000</misses>
				<total>6</total>
				<timestamp>2412.394062</timestamp>
			</report>
			<report>
				<misses>80500000</misses>
				<total>6</total>
				<timestamp>2415.394074</timestamp>
			</report>
			<report>
				<misses>80600000</misses>
				<total>6</total>
				<timestamp>2418.394077</timestamp>
			</report>
			<report>
				<misses>80700000</misses>
				<total>6</total>
				<timestamp>2421.394108</timestamp>
			</report>
			<report>
				<misses>80800000</misses>
				<total>6</total>
				<timestamp>2424.394183</timestamp>
			</report>
			<report>
				<misses>80900000</misses>
				<total>6</total>
				<timestamp>2427.395360</timestamp>
			</report>
			<report>
				<misses>81000000</misses>
				<total>6</total>
				<timestamp>2430.396055</timestamp>
			</report>
			<report>
				<misses>81100000</misses>
				<total>6</total>
				<timestamp>2433.396552</timestamp>
			</report>
			<report>
				<misses>81200000</misses>
				<total>6</total>
				<timestamp>2436.396640</timestamp>
			</report>
			<report>
				<misses>81300000</misses>
				<total>6</total>
				<timestamp>2439.396989</timestamp>
			</report>
			<report>
				<misses>81400000</misses>
				<total>6</total>
				<timestamp>2442.397478</timestamp>
			</report>
			<report>
				<misses>81500000</misses>
				<total>6</total>
				<timestamp>2445.397930</timestamp>
			</report>
			<report>
				<misses>81600000</misses>
				<total>6</total>
				<timestamp>2448.398604</timestamp>
			</report>
			<report>
				<misses>81700000</misses>
				<total>6</total>
				<timestamp>2451.399029</timestamp>
			</report>
			<report>
				<misses>81800000</misses>
				<total>6</total>
				<timestamp>2454.400221</timestamp>
			</report>
			<report>
				<misses>81900000</misses>
				<total>6</total>
				<timestamp>2457.401537</timestamp>
			</report>
			<report>
				<misses>82000000</misses>
				<total>6</total>
				<timestamp>2460.402575</timestamp>
			</report>
			<report>
				<misses>82100000</misses>
				<total>6</total>
				<timestamp>2463.402642</timestamp>
			</report>
			<report>
				<misses>82200000</misses>
				<total>6</total>
				<timestamp>2466.402739</timestamp>
			</report>
			<report>
				<misses>82300000</misses>
				<total>6</total>
				<timestamp>2469.404051</timestamp>
			</report>
			<report>
				<misses>82400000</misses>
				<total>6</total>
				<timestamp>2472.404373</timestamp>
			</report>
			<report>
				<misses>82500000</misses>
				<total>6</total>
				<timestamp>2475.404898</timestamp>
			</report>
			<report>
				<misses>82600000</misses>
				<total>6</total>
				<timestamp>2478.405573</timestamp>
			</report>
			<report>
				<misses>82700000</misses>
				<total>6</total>
				<timestamp>2481.405778</timestamp>
			</report>
			<report>
				<misses>82800000</misses>
				<total>6</total>
				<timestamp>2484.405805</timestamp>
			</report>
			<report>
				<misses>82900000</misses>
				<total>6</total>
				<timestamp>2487.405834</timestamp>
			</report>
			<report>
				<misses>83000000</misses>
				<total>6</total>
				<timestamp>2490.405837</timestamp>
			</report>
			<report>
				<misses>83100000</misses>
				<total>6</total>
				<timestamp>2493.405875</timestamp>
			</report>
			<report>
				<misses>83200000</misses>
				<total>6</total>
				<timestamp>2496.406031</timestamp>
			</report>
			<report>
				<misses>83300000</misses>
				<total>6</total>
				<timestamp>2499.406498</timestamp>
			</report>
			<report>
				<misses>83400000</misses>
				<total>6</total>
				<timestamp>2502.406865</timestamp>
			</report>
			<report>
				<misses>83500000</misses>
				<total>6</total>
				<timestamp>2505.406897</timestamp>
			</report>
			<report>
				<misses>83600000</misses>
				<total>6</total>
				<timestamp>2508.406915</timestamp>
			</report>
			<report>
				<misses>83700000</misses>
				<total>6</total>
				<timestamp>2511.406956</timestamp>
			</report>
			<report>
				<misses>83800000</misses>
				<total>6</total>
				<timestamp>2514.407015</timestamp>
			</report>
			<report>
				<misses>83900000</misses>
				<total>6</total>
				<timestamp>2517.407693</timestamp>
			</report>
			<report>
				<misses>84000000</misses>
				<total>6</total>
				<timestamp>2520.408967</timestamp>
			</report>
			<report>
				<misses>84100000</misses>
				<total>6</total>
				<timestamp>2523.409743</timestamp>
			</report>
			<report>
				<misses>84200000</misses>
				<total>6</total>
				<timestamp>2526.410580</timestamp>
			</report>
			<report>
				<misses>84300000</misses>
				<total>6</total>
				<timestamp>2529.410857</timestamp>
			</report>
			<report>
				<misses>84400000</misses>
				<total>6</total>
				<timestamp>2532.410880</timestamp>
			</report>
			<report>
				<misses>84500000</misses>
				<total>6</total>
				<timestamp>2535.410913</timestamp>
			</report>
			<report>
				<misses>84600000</misses>
				<total>6</total>
				<timestamp>2538.410940</timestamp>
			</report>
			<report>
				<misses>84700000</misses>
				<total>6</total>
				<timestamp>2541.410960</timestamp>
			</report>
			<report>
				<misses>84800000</misses>
				<total>6</total>
				<timestamp>2544.410979</timestamp>
			</report>
			<report>
				<misses>84900000</misses>
				<total>6</total>
				<timestamp>2547.411022</timestamp>
			</report>
			<report>
				<misses>85000000</misses>
				<total>6</total>
				<timestamp>2550.411025</timestamp>
			</report>
			<report>
				<misses>85100000</misses>
				<total>6</total>
				<timestamp>2553.411311</timestamp>
			</report>
			<report>
				<misses>85200000</misses>
				<total>6</total>
				<timestamp>2556.411725</timestamp>
			</report>
			<report>
				<misses>85300000</misses>
				<total>6</total>
				<timestamp>2559.412266</timestamp>
			</report>
			<report>
				<misses>85400000</misses>
				<total>6</total>
				<timestamp>2562.412284</timestamp>
			</report>
			<report>
				<misses>85500000</misses>
				<total>6</total>
				<timestamp>2565.412301</timestamp>
			</report>
			<report>
				<misses>85600000</misses>
				<total>6</total>
				<timestamp>2568.412321</timestamp>
			</report>
			<report>
				<misses>85700000</misses>
				<total>6</total>
				<timestamp>2571.412354</timestamp>
			</report>
			<report>
				<misses>85800000</misses>
				<total>6</total>
				<timestamp>2574.412470</timestamp>
			</report>
			<report>
				<misses>85900000</misses>
				<total>6</total>
				<timestamp>2577.413844</timestamp>
			</report>
			<report>
				<misses>86000000</misses>
				<total>6</total>
				<timestamp>2580.415012</timestamp>
			</report>
			<report>
				<misses>86100000</misses>
				<total>7</total>
				<timestamp>2583.417398</timestamp>
			</report>
			<report>
				<misses>86200000</misses>
				<total>7</total>
				<timestamp>2586.418199</timestamp>
			</report>
			<report>
				<misses>86300000</misses>
				<total>7</total>
				<timestamp>2589.418260</timestamp>
			</report>
			<report>
				<misses>86400000</misses>
				<total>7</total>
				<timestamp>2592.418321</timestamp>
			</report>
			<report>
				<misses>86500000</misses>
				<total>7</total>
				<timestamp>2595.419992</timestamp>
			</report>
			<report>
				<misses>86600000</misses>
				<total>7</total>
				<timestamp>2598.421018</timestamp>
			</report>
			<report>
				<misses>86700000</misses>
				<total>7</total>
				<timestamp>2601.421917</timestamp>
			</report>
			<report>
				<misses>86800000</misses>
				<total>7</total>
				<timestamp>2604.422709</timestamp>
			</report>
			<report>
				<misses>86900000</misses>
				<total>7</total>
				<timestamp>2607.422845</timestamp>
			</report>
			<report>
				<misses>87000000</misses>
				<total>7</total>
				<timestamp>2610.422893</timestamp>
			</report>
			<report>
				<misses>87100000</misses>
				<total>7</total>
				<timestamp>2613.423841</timestamp>
			</report>
			<report>
				<misses>87200000</misses>
				<total>7</total>
				<timestamp>2616.423874</timestamp>
			</report>
			<report>
				<misses>87300000</misses>
				<total>7</total>
				<timestamp>2619.423892</timestamp>
			</report>
			<report>
				<misses>87400000</misses>
				<total>7</total>
				<timestamp>2622.423897</timestamp>
			</report>
			<report>
				<misses>87500000</misses>
				<total>7</total>
				<timestamp>2625.423926</timestamp>
			</report>
			<report>
				<misses>87600000</misses>
				<total>7</total>
				<timestamp>2628.423968</timestamp>
			</report>
			<report>
				<misses>87700000</misses>
				<total>7</total>
				<timestamp>2631.423995</timestamp>
			</report>
			<report>
				<misses>87800000</misses>
				<total>7</total>
				<timestamp>2634.424038</timestamp>
			</report>
			<report>
				<misses>87900000</misses>
				<total>7</total>
				<timestamp>2637.424045</timestamp>
			</report>
			<report>
				<misses>88000000</misses>
				<total>7</total>
				<timestamp>2640.424101</timestamp>
			</report>
			<report>
				<misses>88100000</misses>
				<total>7</total>
				<timestamp>2643.424113</timestamp>
			</report>
			<report>
				<misses>88200000</misses>
				<total>7</total>
				<timestamp>2646.424149</timestamp>
			</report>
			<report>
				<misses>88300000</misses>
				<total>7</total>
				<timestamp>2649.424179</timestamp>
			</report>
			<report>
				<misses>88400000</misses>
				<total>7</total>
				<timestamp>2652.425616</timestamp>
			</report>
			<report>
				<misses>88500000</misses>
				<total>7</total>
				<timestamp>2655.425853</timestamp>
			</report>
			<report>
				<misses>88600000</misses>
				<total>7</total>
				<timestamp>2658.426738</timestamp>
			</report>
			<report>
				<misses>88700000</misses>
				<total>7</total>
				<timestamp>2661.426866</timestamp>
			</report>
			<report>
				<misses>88800000</misses>
				<total>7</total>
				<timestamp>2664.427077</timestamp>
			</report>
			<report>
				<misses>88900000</misses>
				<total>7</total>
				<timestamp>2667.427621</timestamp>
			</report>
			<report>
				<misses>89000000</misses>
				<total>7</total>
				<timestamp>2670.427641</timestamp>
			</report>
			<report>
				<misses>89100000</misses>
				<total>7</total>
				<timestamp>2673.427645</timestamp>
			</report>
			<report>
				<misses>89200000</misses>
				<total>7</total>
				<timestamp>2676.427678</timestamp>
			</report>
			<report>
				<misses>89300000</misses>
				<total>7</total>
				<timestamp>2679.427713</timestamp>
			</report>
			<report>
				<misses>89400000</misses>
				<total>7</total>
				<timestamp>2682.427807</timestamp>
			</report>
			<report>
				<misses>89500000</misses>
				<total>7</total>
				<timestamp>2685.428194</timestamp>
			</report>
			<report>
				<misses>89600000</misses>
				<total>7</total>
				<timestamp>2688.428700</timestamp>
			</report>
			<report>
				<misses>89700000</misses>
				<total>7</total>
				<timestamp>2691.428739</timestamp>
			</report>
			<report>
				<misses>89800000</misses>
				<total>7</total>
				<timestamp>2694.428874</timestamp>
			</report>
			<report>
				<misses>89900000</misses>
				<total>7</total>
				<timestamp>2697.428964</timestamp>
			</report>
			<report>
				<misses>90000000</misses>
				<total>7</total>
				<timestamp>2700.429578</timestamp>
			</report>
			<report>
				<misses>90100000</misses>
				<total>7</total>
				<timestamp>2703.430496</timestamp>
			</report>
			<report>
				<misses>90200000</misses>
				<total>7</total>
				<timestamp>2706.430552</timestamp>
			</report>
			<report>
				<misses>90300000</misses>
				<total>7</total>
				<timestamp>2709.430590</timestamp>
			</report>
			<report>
				<misses>90400000</misses>
				<total>7</total>
				<timestamp>2712.430615</timestamp>
			</report>
			<report>
				<misses>90500000</misses>
				<total>7</total>
				<timestamp>2715.430626</timestamp>
			</report>
			<report>
				<misses>90600000</misses>
				<total>7</total>
				<timestamp>2718.430645</timestamp>
			</report>
			<report>
				<misses>90700000</misses>
				<total>7</total>
				<timestamp>2721.430709</timestamp>
			</report>
			<report>
				<misses>90800000</misses>
				<total>7</total>
				<timestamp>2724.430757</timestamp>
			</report>
			<report>
				<misses>90900000</misses>
				<total>7</total>
				<timestamp>2727.430786</timestamp>
			</report>
			<report>
				<misses>91000000</misses>
				<total>7</total>
				<timestamp>2730.430790</timestamp>
			</report>
			<report>
				<misses>91100000</misses>
				<total>7</total>
				<timestamp>2733.430791</timestamp>
			</report>
			<report>
				<misses>91200000</misses>
				<total>7</total>
				<timestamp>2736.430794</timestamp>
			</report>
			<report>
				<misses>91300000</misses>
				<total>7</total>
				<timestamp>2739.430812</timestamp>
			</report>
			<report>
				<misses>91400000</misses>
				<total>7</total>
				<timestamp>2742.430826</timestamp>
			</report>
			<report>
				<misses>91500000</misses>
				<total>7</total>
				<timestamp>2745.430888</timestamp>
			</report>
			<report>
				<misses>91600000</misses>
				<total>7</total>
				<timestamp>2748.430923</timestamp>
			</report>
			<report>
				<misses>91700000</misses>
				<total>7</total>
				<timestamp>2751.431181</timestamp>
			</report>
			<report>
				<misses>91800000</misses>
				<total>7</total>
				<timestamp>2754.432987</timestamp>
			</report>
			<report>
				<misses>91900000</misses>
				<total>7</total>
				<timestamp>2757.435733</timestamp>
			</report>
			<report>
				<misses>92000000</misses>
				<total>7</total>
				<timestamp>2760.437146</timestamp>
			</report>
			<report>
				<misses>92100000</misses>
				<total>7</total>
				<timestamp>2763.437742</timestamp>
			</report>
			<report>
				<misses>92200000</misses>
				<total>7</total>
				<timestamp>2766.438505</timestamp>
			</report>
			<report>
				<misses>92300000</misses>
				<total>7</total>
				<timestamp>2769.439377</timestamp>
			</report>
			<report>
				<misses>92400000</misses>
				<total>7</total>
				<timestamp>2772.440274</timestamp>
			</report>
			<report>
				<misses>92500000</misses>
				<total>7</total>
				<timestamp>2775.441706</timestamp>
			</report>
			<report>
				<misses>92600000</misses>
				<total>7</total>
				<timestamp>2778.442006</timestamp>
			</report>
			<report>
				<misses>92700000</misses>
				<total>7</total>
				<timestamp>2781.442423</timestamp>
			</report>
			<report>
				<misses>92800000</misses>
				<total>7</total>
				<timestamp>2784.444056</timestamp>
			</report>
			<report>
				<misses>92900000</misses>
				<total>8</total>
				<timestamp>2787.444789</timestamp>
			</report>
			<report>
				<misses>93000000</misses>
				<total>8</total>
				<timestamp>2790.445920</timestamp>
			</report>
			<report>
				<misses>93100000</misses>
				<total>8</total>
				<timestamp>2793.447646</timestamp>
			</report>
			<report>
				<misses>93200000</misses>
				<total>8</total>
				<timestamp>2796.447894</timestamp>
			</report>
			<report>
				<misses>93300000</misses>
				<total>8</total>
				<timestamp>2799.448731</timestamp>
			</report>
			<report>
				<misses>93400000</misses>
				<total>8</total>
				<timestamp>2802.448790</timestamp>
			</report>
			<report>
				<misses>93500000</misses>
				<total>8</total>
				<timestamp>2805.449460</timestamp>
			</report>
			<report>
				<misses>93600000</misses>
				<total>8</total>
				<timestamp>2808.451539</timestamp>
			</report>
			<report>
				<misses>93700000</misses>
				<total>8</total>
				<timestamp>2811.452798</timestamp>
			</report>
			<report>
				<misses>93800000</misses>
				<total>8</total>
				<timestamp>2814.453059</timestamp>
			</report>
			<report>
				<misses>93900000</misses>
				<total>8</total>
				<timestamp>2817.454836</timestamp>
			</report>
			<report>
				<misses>94000000</misses>
				<total>8</total>
				<timestamp>2820.455671</timestamp>
			</report>
			<report>
				<misses>94100000</misses>
				<total>8</total>
				<timestamp>2823.456847</timestamp>
			</report>
			<report>
				<misses>94200000</misses>
				<total>8</total>
				<timestamp>2826.456864</timestamp>
			</report>
			<report>
				<misses>94300000</misses>
				<total>8</total>
				<timestamp>2829.456860</timestamp>
			</report>
			<report>
				<misses>94400000</misses>
				<total>8</total>
				<timestamp>2832.456859</timestamp>
			</report>
			<report>
				<misses>94500000</misses>
				<total>8</total>
				<timestamp>2835.456972</timestamp>
			</report>
			<report>
				<misses>94600000</misses>
				<total>8</total>
				<timestamp>2838.458204</timestamp>
			</report>
			<report>
				<misses>94700000</misses>
				<total>8</total>
				<timestamp>2841.458276</timestamp>
			</report>
			<report>
				<misses>94800000</misses>
				<total>8</total>
				<timestamp>2844.458683</timestamp>
			</report>
			<report>
				<misses>94900000</misses>
				<total>8</total>
				<timestamp>2847.458777</timestamp>
			</report>
			<report>
				<misses>95000000</misses>
				<total>8</total>
				<timestamp>2850.458927</timestamp>
			</report>
			<report>
				<misses>95100000</misses>
				<total>8</total>
				<timestamp>2853.459779</timestamp>
			</report>
			<report>
				<misses>95200000</misses>
				<total>8</total>
				<timestamp>2856.460853</timestamp>
			</report>
			<report>
				<misses>95300000</misses>
				<total>8</total>
				<timestamp>2859.462514</timestamp>
			</report>
			<report>
				<misses>95400000</misses>
				<total>8</total>
				<timestamp>2862.463666</timestamp>
			</report>
			<report>
				<misses>95500000</misses>
				<total>8</total>
				<timestamp>2865.464524</timestamp>
			</report>
			<report>
				<misses>95600000</misses>
				<total>8</total>
				<timestamp>2868.464601</timestamp>
			</report>
			<report>
				<misses>95700000</misses>
				<total>8</total>
				<timestamp>2871.465250</timestamp>
			</report>
			<report>
				<misses>95800000</misses>
				<total>8</total>
				<timestamp>2874.465260</timestamp>
			</report>
			<report>
				<misses>95900000</misses>
				<total>8</total>
				<timestamp>2877.465286</timestamp>
			</report>
			<report>
				<misses>96000000</misses>
				<total>8</total>
				<timestamp>2880.465293</timestamp>
			</report>
			<report>
				<misses>96100000</misses>
				<total>8</total>
				<timestamp>2883.465293</timestamp>
			</report>
			<report>
				<misses>96200000</misses>
				<total>8</total>
				<timestamp>2886.465299</timestamp>
			</report>
			<report>
				<misses>96300000</misses>
				<total>8</total>
				<timestamp>2889.465348</timestamp>
			</report>
			<report>
				<misses>96400000</misses>
				<total>8</total>
				<timestamp>2892.465411</timestamp>
			</report>
			<report>
				<misses>96500000</misses>
				<total>8</total>
				<timestamp>2895.466612</timestamp>
			</report>
			<report>
				<misses>96600000</misses>
				<total>8</total>
				<timestamp>2898.466935</timestamp>
			</report>
			<report>
				<misses>96700000</misses>
				<total>8</total>
				<timestamp>2901.467025</timestamp>
			</report>
			<report>
				<misses>96800000</misses>
				<total>8</total>
				<timestamp>2904.467395</timestamp>
			</report>
			<report>
				<misses>96900000</misses>
				<total>8</total>
				<timestamp>2907.467702</timestamp>
			</report>
			<report>
				<misses>97000000</misses>
				<total>8</total>
				<timestamp>2910.468486</timestamp>
			</report>
			<report>
				<misses>97100000</misses>
				<total>8</total>
				<timestamp>2913.468927</timestamp>
			</report>
			<report>
				<misses>97200000</misses>
				<total>8</total>
				<timestamp>2916.469411</timestamp>
			</report>
			<report>
				<misses>97300000</misses>
				<total>8</total>
				<timestamp>2919.469573</timestamp>
			</report>
			<report>
				<misses>97400000</misses>
				<total>8</total>
				<timestamp>2922.471086</timestamp>
			</report>
			<report>
				<misses>97500000</misses>
				<total>8</total>
				<timestamp>2925.471127</timestamp>
			</report>
			<report>
				<misses>97600000</misses>
				<total>8</total>
				<timestamp>2928.471285</timestamp>
			</report>
			<report>
				<misses>97700000</misses>
				<total>8</total>
				<timestamp>2931.471478</timestamp>
			</report>
			<report>
				<misses>97800000</misses>
				<total>8</total>
				<timestamp>2934.472527</timestamp>
			</report>
			<report>
				<misses>97900000</misses>
				<total>8</total>
				<timestamp>2937.473560</timestamp>
			</report>
			<report>
				<misses>98000000</misses>
				<total>8</total>
				<timestamp>2940.476141</timestamp>
			</report>
			<report>
				<misses>98100000</misses>
				<total>8</total>
				<timestamp>2943.478442</timestamp>
			</report>
			<report>
				<misses>98200000</misses>
				<total>8</total>
				<timestamp>2946.479961</timestamp>
			</report>
			<report>
				<misses>98300000</misses>
				<total>8</total>
				<timestamp>2949.480774</timestamp>
			</report>
			<report>
				<misses>98400000</misses>
				<total>8</total>
				<timestamp>2952.482348</timestamp>
			</report>
			<report>
				<misses>98500000</misses>
				<total>8</total>
				<timestamp>2955.482372</timestamp>
			</report>
			<report>
				<misses>98600000</misses>
				<total>8</total>
				<timestamp>2958.482400</timestamp>
			</report>
			<report>
				<misses>98700000</misses>
				<total>8</total>
				<timestamp>2961.482433</timestamp>
			</report>
			<report>
				<misses>98800000</misses>
				<total>8</total>
				<timestamp>2964.482605</timestamp>
			</report>
			<report>
				<misses>98900000</misses>
				<total>8</total>
				<timestamp>2967.484059</timestamp>
			</report>
			<report>
				<misses>99000000</misses>
				<total>8</total>
				<timestamp>2970.484930</timestamp>
			</report>
			<report>
				<misses>99100000</misses>
				<total>8</total>
				<timestamp>2973.485939</timestamp>
			</report>
			<report>
				<misses>99200000</misses>
				<total>8</total>
				<timestamp>2976.487797</timestamp>
			</report>
			<report>
				<misses>99300000</misses>
				<total>8</total>
				<timestamp>2979.489748</timestamp>
			</report>
			<report>
				<misses>99400000</misses>
				<total>8</total>
				<timestamp>2982.491379</timestamp>
			</report>
			<report>
				<misses>99500000</misses>
				<total>8</total>
				<timestamp>2985.491577</timestamp>
			</report>
			<report>
				<misses>99600000</misses>
				<total>8</total>
				<timestamp>2988.491612</timestamp>
			</report>
			<report>
				<misses>99700000</misses>
				<total>8</total>
				<timestamp>2991.492145</timestamp>
			</report>
			<report>
				<misses>99800000</misses>
				<total>8</total>
				<timestamp>2994.493661</timestamp>
			</report>
			<report>
				<misses>99900000</misses>
				<total>8</total>
				<timestamp>2997.493860</timestamp>
			</report>
			<report>
				<misses>100000000</misses>
				<total>8</total>
				<timestamp>3000.494307</timestamp>
			</report>
			<report>
				<misses>100100000</misses>
				<total>8</total>
				<timestamp>3003.494566</timestamp>
			</report>
			<report>
				<misses>100200000</misses>
				<total>8</total>
				<timestamp>3006.495419</timestamp>
			</report>
			<report>
				<misses>100300000</misses>
				<total>8</total>
				<timestamp>3009.497740</timestamp>
			</report>
			<report>
				<misses>100400000</misses>
				<total>8</total>
				<timestamp>3012.499103</timestamp>
			</report>
			<report>
				<misses>100500000</misses>
				<total>8</total>
				<timestamp>3015.500606</timestamp>
			</report>
			<report>
				<misses>100600000</misses>
				<total>8</total>
				<timestamp>3018.502415</timestamp>
			</report>
			<report>
				<misses>100700000</misses>
				<total>8</total>
				<timestamp>3021.503526</timestamp>
			</report>
			<report>
				<misses>100800000</misses>
				<total>8</total>
				<timestamp>3024.503775</timestamp>
			</report>
			<report>
				<misses>100900000</misses>
				<total>8</total>
				<timestamp>3027.504025</timestamp>
			</report>
			<report>
				<misses>101000000</misses>
				<total>8</total>
				<timestamp>3030.504728</timestamp>
			</report>
			<report>
				<misses>101100000</misses>
				<total>8</total>
				<timestamp>3033.505285</timestamp>
			</report>
			<report>
				<misses>101200000</misses>
				<total>8</total>
				<timestamp>3036.506259</timestamp>
			</report>
			<report>
				<misses>101300000</misses>
				<total>8</total>
				<timestamp>3039.506283</timestamp>
			</report>
			<report>
				<misses>101400000</misses>
				<total>8</total>
				<timestamp>3042.506310</timestamp>
			</report>
			<report>
				<misses>101500000</misses>
				<total>8</total>
				<timestamp>3045.506352</timestamp>
			</report>
			<report>
				<misses>101600000</misses>
				<total>8</total>
				<timestamp>3048.506778</timestamp>
			</report>
			<report>
				<misses>101700000</misses>
				<total>8</total>
				<timestamp>3051.506973</timestamp>
			</report>
			<report>
				<misses>101800000</misses>
				<total>8</total>
				<timestamp>3054.507828</timestamp>
			</report>
			<report>
				<misses>101900000</misses>
				<total>8</total>
				<timestamp>3057.507928</timestamp>
			</report>
			<report>
				<misses>102000000</misses>
				<total>8</total>
				<timestamp>3060.508015</timestamp>
			</report>
			<report>
				<misses>102100000</misses>
				<total>8</total>
				<timestamp>3063.508529</timestamp>
			</report>
			<report>
				<misses>102200000</misses>
				<total>8</total>
				<timestamp>3066.509495</timestamp>
			</report>
			<report>
				<misses>102300000</misses>
				<total>8</total>
				<timestamp>3069.510429</timestamp>
			</report>
			<report>
				<misses>102400000</misses>
				<total>8</total>
				<timestamp>3072.511882</timestamp>
			</report>
			<report>
				<misses>102500000</misses>
				<total>8</total>
				<timestamp>3075.512334</timestamp>
			</report>
			<report>
				<misses>102600000</misses>
				<total>8</total>
				<timestamp>3078.512831</timestamp>
			</report>
			<report>
				<misses>102700000</misses>
				<total>8</total>
				<timestamp>3081.513584</timestamp>
			</report>
			<report>
				<misses>102800000</misses>
				<total>8</total>
				<timestamp>3084.513812</timestamp>
			</report>
			<report>
				<misses>102900000</misses>
				<total>8</total>
				<timestamp>3087.514019</timestamp>
			</report>
			<report>
				<misses>103000000</misses>
				<total>8</total>
				<timestamp>3090.514703</timestamp>
			</report>
			<report>
				<misses>103100000</misses>
				<total>8</total>
				<timestamp>3093.515840</timestamp>
			</report>
			<report>
				<misses>103200000</misses>
				<total>8</total>
				<timestamp>3096.516261</timestamp>
			</report>
			<report>
				<misses>103300000</misses>
				<total>8</total>
				<timestamp>3099.517252</timestamp>
			</report>
			<report>
				<misses>103400000</misses>
				<total>8</total>
				<timestamp>3102.517433</timestamp>
			</report>
			<report>
				<misses>103500000</misses>
				<total>8</total>
				<timestamp>3105.517485</timestamp>
			</report>
			<report>
				<misses>103600000</misses>
				<total>8</total>
				<timestamp>3108.517727</timestamp>
			</report>
			<report>
				<misses>103700000</misses>
				<total>8</total>
				<timestamp>3111.519304</timestamp>
			</report>
			<report>
				<misses>103800000</misses>
				<total>8</total>
				<timestamp>3114.520918</timestamp>
			</report>
			<report>
				<misses>103900000</misses>
				<total>8</total>
				<timestamp>3117.521500</timestamp>
			</report>
			<report>
				<misses>104000000</misses>
				<total>8</total>
				<timestamp>3120.522820</timestamp>
			</report>
			<report>
				<misses>104100000</misses>
				<total>8</total>
				<timestamp>3123.523627</timestamp>
			</report>
			<report>
				<misses>104200000</misses>
				<total>8</total>
				<timestamp>3126.523842</timestamp>
			</report>
			<report>
				<misses>104300000</misses>
				<total>8</total>
				<timestamp>3129.524274</timestamp>
			</report>
			<report>
				<misses>104400000</misses>
				<total>8</total>
				<timestamp>3132.525115</timestamp>
			</report>
			<report>
				<misses>104500000</misses>
				<total>8</total>
				<timestamp>3135.525253</timestamp>
			</report>
			<report>
				<misses>104600000</misses>
				<total>8</total>
				<timestamp>3138.525324</timestamp>
			</report>
			<report>
				<misses>104700000</misses>
				<total>8</total>
				<timestamp>3141.525874</timestamp>
			</report>
			<report>
				<misses>104800000</misses>
				<total>8</total>
				<timestamp>3144.527081</timestamp>
			</report>
			<report>
				<misses>104900000</misses>
				<total>8</total>
				<timestamp>3147.528260</timestamp>
			</report>
			<report>
				<misses>105000000</misses>
				<total>8</total>
				<timestamp>3150.528924</timestamp>
			</report>
			<report>
				<misses>105100000</misses>
				<total>8</total>
				<timestamp>3153.529327</timestamp>
			</report>
			<report>
				<misses>105200000</misses>
				<total>8</total>
				<timestamp>3156.529891</timestamp>
			</report>
			<report>
				<misses>105300000</misses>
				<total>8</total>
				<timestamp>3159.531379</timestamp>
			</report>
			<report>
				<misses>105400000</misses>
				<total>8</total>
				<timestamp>3162.532839</timestamp>
			</report>
			<report>
				<misses>105500000</misses>
				<total>8</total>
				<timestamp>3165.533937</timestamp>
			</report>
			<report>
				<misses>105600000</misses>
				<total>8</total>
				<timestamp>3168.535000</timestamp>
			</report>
			<report>
				<misses>105700000</misses>
				<total>8</total>
				<timestamp>3171.536143</timestamp>
			</report>
			<report>
				<misses>105800000</misses>
				<total>8</total>
				<timestamp>3174.537513</timestamp>
			</report>
			<report>
				<misses>105900000</misses>
				<total>8</total>
				<timestamp>3177.537585</timestamp>
			</report>
			<report>
				<misses>106000000</misses>
				<total>8</total>
				<timestamp>3180.537605</timestamp>
			</report>
			<report>
				<misses>106100000</misses>
				<total>8</total>
				<timestamp>3183.537720</timestamp>
			</report>
			<report>
				<misses>106200000</misses>
				<total>8</total>
				<timestamp>3186.538617</timestamp>
			</report>
			<report>
				<misses>106300000</misses>
				<total>8</total>
				<timestamp>3189.540204</timestamp>
			</report>
			<report>
				<misses>106400000</misses>
				<total>8</total>
				<timestamp>3192.541178</timestamp>
			</report>
			<report>
				<misses>106500000</misses>
				<total>8</total>
				<timestamp>3195.541366</timestamp>
			</report>
			<report>
				<misses>106600000</misses>
				<total>8</total>
				<timestamp>3198.541474</timestamp>
			</report>
			<report>
				<misses>106700000</misses>
				<total>8</total>
				<timestamp>3201.541505</timestamp>
			</report>
			<report>
				<misses>106800000</misses>
				<total>8</total>
				<timestamp>3204.541529</timestamp>
			</report>
			<report>
				<misses>106900000</misses>
				<total>8</total>
				<timestamp>3207.541561</timestamp>
			</report>
			<report>
				<misses>107000000</misses>
				<total>8</total>
				<timestamp>3210.541592</timestamp>
			</report>
			<report>
				<misses>107100000</misses>
				<total>8</total>
				<timestamp>3213.541627</timestamp>
			</report>
			<report>
				<misses>107200000</misses>
				<total>8</total>
				<timestamp>3216.541646</timestamp>
			</report>
			<report>
				<misses>107300000</misses>
				<total>8</total>
				<timestamp>3219.541674</timestamp>
			</report>
			<report>
				<misses>107400000</misses>
				<total>8</total>
				<timestamp>3222.541859</timestamp>
			</report>
			<report>
				<misses>107500000</misses>
				<total>8</total>
				<timestamp>3225.542495</timestamp>
			</report>
			<report>
				<misses>107600000</misses>
				<total>8</total>
				<timestamp>3228.543597</timestamp>
			</report>
			<report>
				<misses>107700000</misses>
				<total>8</total>
				<timestamp>3231.544340</timestamp>
			</report>
			<report>
				<misses>107800000</misses>
				<total>8</total>
				<timestamp>3234.545127</timestamp>
			</report>
			<report>
				<misses>107900000</misses>
				<total>8</total>
				<timestamp>3237.545161</timestamp>
			</report>
			<report>
				<misses>108000000</misses>
				<total>8</total>
				<timestamp>3240.545196</timestamp>
			</report>
			<report>
				<misses>108100000</misses>
				<total>8</total>
				<timestamp>3243.545216</timestamp>
			</report>
			<report>
				<misses>108200000</misses>
				<total>8</total>
				<timestamp>3246.545251</timestamp>
			</report>
			<report>
				<misses>108300000</misses>
				<total>8</total>
				<timestamp>3249.545288</timestamp>
			</report>
			<report>
				<misses>108400000</misses>
				<total>8</total>
				<timestamp>3252.545313</timestamp>
			</report>
			<report>
				<misses>108500000</misses>
				<total>8</total>
				<timestamp>3255.545351</timestamp>
			</report>
			<report>
				<misses>108600000</misses>
				<total>8</total>
				<timestamp>3258.545373</timestamp>
			</report>
			<report>
				<misses>108700000</misses>
				<total>8</total>
				<timestamp>3261.545410</timestamp>
			</report>
			<report>
				<misses>108800000</misses>
				<total>8</total>
				<timestamp>3264.545444</timestamp>
			</report>
			<report>
				<misses>108900000</misses>
				<total>8</total>
				<timestamp>3267.545449</timestamp>
			</report>
			<report>
				<misses>109000000</misses>
				<total>8</total>
				<timestamp>3270.545467</timestamp>
			</report>
			<report>
				<misses>109100000</misses>
				<total>8</total>
				<timestamp>3273.545504</timestamp>
			</report>
			<report>
				<misses>109200000</misses>
				<total>8</total>
				<timestamp>3276.545525</timestamp>
			</report>
			<report>
				<misses>109300000</misses>
				<total>8</total>
				<timestamp>3279.545535</timestamp>
			</report>
			<report>
				<misses>109400000</misses>
				<total>8</total>
				<timestamp>3282.545557</timestamp>
			</report>
			<report>
				<misses>109500000</misses>
				<total>8</total>
				<timestamp>3285.545576</timestamp>
			</report>
			<report>
				<misses>109600000</misses>
				<total>8</total>
				<timestamp>3288.545622</timestamp>
			</report>
			<report>
				<misses>109700000</misses>
				<total>8</total>
				<timestamp>3291.545632</timestamp>
			</report>
			<report>
				<misses>109800000</misses>
				<total>8</total>
				<timestamp>3294.545700</timestamp>
			</report>
			<report>
				<misses>109900000</misses>
				<total>8</total>
				<timestamp>3297.546080</timestamp>
			</report>
			<report>
				<misses>110000000</misses>
				<total>8</total>
				<timestamp>3300.546692</timestamp>
			</report>
			<report>
				<misses>110100000</misses>
				<total>8</total>
				<timestamp>3303.546720</timestamp>
			</report>
			<report>
				<misses>110200000</misses>
				<total>8</total>
				<timestamp>3306.546821</timestamp>
			</report>
			<report>
				<misses>110300000</misses>
				<total>8</total>
				<timestamp>3309.546879</timestamp>
			</report>
			<report>
				<misses>110400000</misses>
				<total>8</total>
				<timestamp>3312.546891</timestamp>
			</report>
			<report>
				<misses>110500000</misses>
				<total>8</total>
				<timestamp>3315.546893</timestamp>
			</report>
			<report>
				<misses>110600000</misses>
				<total>8</total>
				<timestamp>3318.546934</timestamp>
			</report>
			<report>
				<misses>110700000</misses>
				<total>8</total>
				<timestamp>3321.547335</timestamp>
			</report>
			<report>
				<misses>110800000</misses>
				<total>8</total>
				<timestamp>3324.548514</timestamp>
			</report>
			<report>
				<misses>110900000</misses>
				<total>8</total>
				<timestamp>3327.550005</timestamp>
			</report>
			<report>
				<misses>111000000</misses>
				<total>8</total>
				<timestamp>3330.550982</timestamp>
			</report>
			<report>
				<misses>111100000</misses>
				<total>8</total>
				<timestamp>3333.551521</timestamp>
			</report>
			<report>
				<misses>111200000</misses>
				<total>8</total>
				<timestamp>3336.552669</timestamp>
			</report>
			<report>
				<misses>111300000</misses>
				<total>8</total>
				<timestamp>3339.553137</timestamp>
			</report>
			<report>
				<misses>111400000</misses>
				<total>8</total>
				<timestamp>3342.553275</timestamp>
			</report>
			<report>
				<misses>111500000</misses>
				<total>8</total>
				<timestamp>3345.553529</timestamp>
			</report>
			<report>
				<misses>111600000</misses>
				<total>8</total>
				<timestamp>3348.554723</timestamp>
			</report>
			<report>
				<misses>111700000</misses>
				<total>8</total>
				<timestamp>3351.555776</timestamp>
			</report>
			<report>
				<misses>111800000</misses>
				<total>8</total>
				<timestamp>3354.556312</timestamp>
			</report>
			<report>
				<misses>111900000</misses>
				<total>8</total>
				<timestamp>3357.556411</timestamp>
			</report>
			<report>
				<misses>112000000</misses>
				<total>8</total>
				<timestamp>3360.557057</timestamp>
			</report>
			<report>
				<misses>112100000</misses>
				<total>8</total>
				<timestamp>3363.557068</timestamp>
			</report>
			<report>
				<misses>112200000</misses>
				<total>8</total>
				<timestamp>3366.557491</timestamp>
			</report>
			<report>
				<misses>112300000</misses>
				<total>8</total>
				<timestamp>3369.558478</timestamp>
			</report>
			<report>
				<misses>112400000</misses>
				<total>8</total>
				<timestamp>3372.558956</timestamp>
			</report>
			<report>
				<misses>112500000</misses>
				<total>8</total>
				<timestamp>3375.559831</timestamp>
			</report>
			<report>
				<misses>112600000</misses>
				<total>8</total>
				<timestamp>3378.559886</timestamp>
			</report>
			<report>
				<misses>112700000</misses>
				<total>8</total>
				<timestamp>3381.560995</timestamp>
			</report>
			<report>
				<misses>112800000</misses>
				<total>8</total>
				<timestamp>3384.561122</timestamp>
			</report>
			<report>
				<misses>112900000</misses>
				<total>8</total>
				<timestamp>3387.561143</timestamp>
			</report>
			<report>
				<misses>113000000</misses>
				<total>8</total>
				<timestamp>3390.561823</timestamp>
			</report>
			<report>
				<misses>113100000</misses>
				<total>8</total>
				<timestamp>3393.561919</timestamp>
			</report>
			<report>
				<misses>113200000</misses>
				<total>8</total>
				<timestamp>3396.562740</timestamp>
			</report>
			<report>
				<misses>113300000</misses>
				<total>8</total>
				<timestamp>3399.564977</timestamp>
			</report>
			<report>
				<misses>113400000</misses>
				<total>8</total>
				<timestamp>3402.565942</timestamp>
			</report>
			<report>
				<misses>113500000</misses>
				<total>8</total>
				<timestamp>3405.566604</timestamp>
			</report>
			<report>
				<misses>113600000</misses>
				<total>8</total>
				<timestamp>3408.566808</timestamp>
			</report>
			<report>
				<misses>113700000</misses>
				<total>8</total>
				<timestamp>3411.566829</timestamp>
			</report>
			<report>
				<misses>113800000</misses>
				<total>8</total>
				<timestamp>3414.567353</timestamp>
			</report>
			<report>
				<misses>113900000</misses>
				<total>8</total>
				<timestamp>3417.567922</timestamp>
			</report>
			<report>
				<misses>114000000</misses>
				<total>8</total>
				<timestamp>3420.569691</timestamp>
			</report>
			<report>
				<misses>114100000</misses>
				<total>8</total>
				<timestamp>3423.571346</timestamp>
			</report>
			<report>
				<misses>114200000</misses>
				<total>8</total>
				<timestamp>3426.572396</timestamp>
			</report>
			<report>
				<misses>114300000</misses>
				<total>8</total>
				<timestamp>3429.573564</timestamp>
			</report>
			<report>
				<misses>114400000</misses>
				<total>8</total>
				<timestamp>3432.573745</timestamp>
			</report>
			<report>
				<misses>114500000</misses>
				<total>8</total>
				<timestamp>3435.573818</timestamp>
			</report>
			<report>
				<misses>114600000</misses>
				<total>8</total>
				<timestamp>3438.573958</timestamp>
			</report>
			<report>
				<misses>114700000</misses>
				<total>8</total>
				<timestamp>3441.574174</timestamp>
			</report>
			<report>
				<misses>114800000</misses>
				<total>8</total>
				<timestamp>3444.575344</timestamp>
			</report>
			<report>
				<misses>114900000</misses>
				<total>8</total>
				<timestamp>3447.575519</timestamp>
			</report>
			<report>
				<misses>115000000</misses>
				<total>8</total>
				<timestamp>3450.576761</timestamp>
			</report>
			<report>
				<misses>115100000</misses>
				<total>8</total>
				<timestamp>3453.578285</timestamp>
			</report>
			<report>
				<misses>115200000</misses>
				<total>8</total>
				<timestamp>3456.579812</timestamp>
			</report>
			<report>
				<misses>115300000</misses>
				<total>8</total>
				<timestamp>3459.579920</timestamp>
			</report>
			<report>
				<misses>115400000</misses>
				<total>8</total>
				<timestamp>3462.580436</timestamp>
			</report>
			<report>
				<misses>115500000</misses>
				<total>8</total>
				<timestamp>3465.580471</timestamp>
			</report>
			<report>
				<misses>115600000</misses>
				<total>8</total>
				<timestamp>3468.580495</timestamp>
			</report>
			<report>
				<misses>115700000</misses>
				<total>9</total>
				<timestamp>3471.580535</timestamp>
			</report>
			<report>
				<misses>115800000</misses>
				<total>9</total>
				<timestamp>3474.580712</timestamp>
			</report>
			<report>
				<misses>115900000</misses>
				<total>9</total>
				<timestamp>3477.581375</timestamp>
			</report>
			<report>
				<misses>116000000</misses>
				<total>9</total>
				<timestamp>3480.581525</timestamp>
			</report>
			<report>
				<misses>116100000</misses>
				<total>9</total>
				<timestamp>3483.581708</timestamp>
			</report>
			<report>
				<misses>116200000</misses>
				<total>9</total>
				<timestamp>3486.582019</timestamp>
			</report>
			<report>
				<misses>116300000</misses>
				<total>9</total>
				<timestamp>3489.582186</timestamp>
			</report>
			<report>
				<misses>116400000</misses>
				<total>9</total>
				<timestamp>3492.583500</timestamp>
			</report>
			<report>
				<misses>116500000</misses>
				<total>9</total>
				<timestamp>3495.585401</timestamp>
			</report>
			<report>
				<misses>116600000</misses>
				<total>9</total>
				<timestamp>3498.585508</timestamp>
			</report>
			<report>
				<misses>116700000</misses>
				<total>9</total>
				<timestamp>3501.585608</timestamp>
			</report>
			<report>
				<misses>116800000</misses>
				<total>9</total>
				<timestamp>3504.585636</timestamp>
			</report>
			<report>
				<misses>116900000</misses>
				<total>9</total>
				<timestamp>3507.585648</timestamp>
			</report>
			<report>
				<misses>117000000</misses>
				<total>9</total>
				<timestamp>3510.585661</timestamp>
			</report>
			<report>
				<misses>117100000</misses>
				<total>9</total>
				<timestamp>3513.585673</timestamp>
			</report>
			<report>
				<misses>117200000</misses>
				<total>9</total>
				<timestamp>3516.585696</timestamp>
			</report>
			<report>
				<misses>117300000</misses>
				<total>9</total>
				<timestamp>3519.585710</timestamp>
			</report>
			<report>
				<misses>117400000</misses>
				<total>9</total>
				<timestamp>3522.585710</timestamp>
			</report>
			<report>
				<misses>117500000</misses>
				<total>9</total>
				<timestamp>3525.585722</timestamp>
			</report>
			<report>
				<misses>117600000</misses>
				<total>9</total>
				<timestamp>3528.585753</timestamp>
			</report>
			<report>
				<misses>117700000</misses>
				<total>9</total>
				<timestamp>3531.585904</timestamp>
			</report>
			<report>
				<misses>117800000</misses>
				<total>9</total>
				<timestamp>3534.586016</timestamp>
			</report>
			<report>
				<misses>117900000</misses>
				<total>9</total>
				<timestamp>3537.586533</timestamp>
			</report>
			<report>
				<misses>118000000</misses>
				<total>9</total>
				<timestamp>3540.586883</timestamp>
			</report>
			<report>
				<misses>118100000</misses>
				<total>9</total>
				<timestamp>3543.587782</timestamp>
			</report>
			<report>
				<misses>118200000</misses>
				<total>9</total>
				<timestamp>3546.588227</timestamp>
			</report>
			<report>
				<misses>118300000</misses>
				<total>9</total>
				<timestamp>3549.588491</timestamp>
			</report>
			<report>
				<misses>118400000</misses>
				<total>9</total>
				<timestamp>3552.590397</timestamp>
			</report>
			<report>
				<misses>118500000</misses>
				<total>9</total>
				<timestamp>3555.591962</timestamp>
			</report>
			<report>
				<misses>118600000</misses>
				<total>9</total>
				<timestamp>3558.592741</timestamp>
			</report>
			<report>
				<misses>118700000</misses>
				<total>9</total>
				<timestamp>3561.592926</timestamp>
			</report>
			<report>
				<misses>118800000</misses>
				<total>9</total>
				<timestamp>3564.592986</timestamp>
			</report>
			<report>
				<misses>118900000</misses>
				<total>9</total>
				<timestamp>3567.594719</timestamp>
			</report>
			<report>
				<misses>119000000</misses>
				<total>9</total>
				<timestamp>3570.596397</timestamp>
			</report>
			<report>
				<misses>119100000</misses>
				<total>9</total>
				<timestamp>3573.597216</timestamp>
			</report>
			<report>
				<misses>119200000</misses>
				<total>9</total>
				<timestamp>3576.598625</timestamp>
			</report>
			<report>
				<misses>119300000</misses>
				<total>9</total>
				<timestamp>3579.598741</timestamp>
			</report>
			<report>
				<misses>119400000</misses>
				<total>9</total>
				<timestamp>3582.598869</timestamp>
			</report>
			<report>
				<misses>119500000</misses>
				<total>9</total>
				<timestamp>3585.600004</timestamp>
			</report>
			<report>
				<misses>119600000</misses>
				<total>9</total>
				<timestamp>3588.600311</timestamp>
			</report>
			<report>
				<misses>119700000</misses>
				<total>9</total>
				<timestamp>3591.602071</timestamp>
			</report>
			<report>
				<misses>119800000</misses>
				<total>9</total>
				<timestamp>3594.602652</timestamp>
			</report>
			<report>
				<misses>119900000</misses>
				<total>9</total>
				<timestamp>3597.603002</timestamp>
			</report>
			<report>
				<misses>120000000</misses>
				<total>9</total>
				<timestamp>3600.604258</timestamp>
			</report>
			<report>
				<misses>120100000</misses>
				<total>9</total>
				<timestamp>3603.606223</timestamp>
			</report>
			<report>
				<misses>120200000</misses>
				<total>9</total>
				<timestamp>3606.606918</timestamp>
			</report>
			<report>
				<misses>120300000</misses>
				<total>9</total>
				<timestamp>3609.606933</timestamp>
			</report>
			<report>
				<misses>120400000</misses>
				<total>9</total>
				<timestamp>3612.606986</timestamp>
			</report>
			<report>
				<misses>120500000</misses>
				<total>9</total>
				<timestamp>3615.607008</timestamp>
			</report>
			<report>
				<misses>120600000</misses>
				<total>9</total>
				<timestamp>3618.607073</timestamp>
			</report>
			<report>
				<misses>120700000</misses>
				<total>9</total>
				<timestamp>3621.607109</timestamp>
			</report>
			<report>
				<misses>120800000</misses>
				<total>9</total>
				<timestamp>3624.607161</timestamp>
			</report>
			<report>
				<misses>120900000</misses>
				<total>9</total>
				<timestamp>3627.607212</timestamp>
			</report>
			<report>
				<misses>121000000</misses>
				<total>9</total>
				<timestamp>3630.607219</timestamp>
			</report>
			<report>
				<misses>121100000</misses>
				<total>9</total>
				<timestamp>3633.607231</timestamp>
			</report>
			<report>
				<misses>121200000</misses>
				<total>9</total>
				<timestamp>3636.607490</timestamp>
			</report>
			<report>
				<misses>121300000</misses>
				<total>9</total>
				<timestamp>3639.607496</timestamp>
			</report>
			<report>
				<misses>121400000</misses>
				<total>9</total>
				<timestamp>3642.607544</timestamp>
			</report>
			<report>
				<misses>121500000</misses>
				<total>9</total>
				<timestamp>3645.607546</timestamp>
			</report>
			<report>
				<misses>121600000</misses>
				<total>9</total>
				<timestamp>3648.607577</timestamp>
			</report>
			<report>
				<misses>121700000</misses>
				<total>9</total>
				<timestamp>3651.607590</timestamp>
			</report>
			<report>
				<misses>121800000</misses>
				<total>9</total>
				<timestamp>3654.607618</timestamp>
			</report>
			<report>
				<misses>121900000</misses>
				<total>9</total>
				<timestamp>3657.607641</timestamp>
			</report>
			<report>
				<misses>122000000</misses>
				<total>9</total>
				<timestamp>3660.607646</timestamp>
			</report>
			<report>
				<misses>122100000</misses>
				<total>9</total>
				<timestamp>3663.607699</timestamp>
			</report>
			<report>
				<misses>122200000</misses>
				<total>9</total>
				<timestamp>3666.607716</timestamp>
			</report>
			<report>
				<misses>122300000</misses>
				<total>9</total>
				<timestamp>3669.607762</timestamp>
			</report>
			<report>
				<misses>122400000</misses>
				<total>9</total>
				<timestamp>3672.607769</timestamp>
			</report>
			<report>
				<misses>122500000</misses>
				<total>9</total>
				<timestamp>3675.607796</timestamp>
			</report>
			<report>
				<misses>122600000</misses>
				<total>9</total>
				<timestamp>3678.607840</timestamp>
			</report>
			<report>
				<misses>122700000</misses>
				<total>9</total>
				<timestamp>3681.607870</timestamp>
			</report>
			<report>
				<misses>122800000</misses>
				<total>9</total>
				<timestamp>3684.609381</timestamp>
			</report>
			<report>
				<misses>122900000</misses>
				<total>9</total>
				<timestamp>3687.609816</timestamp>
			</report>
			<report>
				<misses>123000000</misses>
				<total>9</total>
				<timestamp>3690.610666</timestamp>
			</report>
			<report>
				<misses>123100000</misses>
				<total>9</total>
				<timestamp>3693.613014</timestamp>
			</report>
			<report>
				<misses>123200000</misses>
				<total>9</total>
				<timestamp>3696.614546</timestamp>
			</report>
			<report>
				<misses>123300000</misses>
				<total>9</total>
				<timestamp>3699.614800</timestamp>
			</report>
			<report>
				<misses>123400000</misses>
				<total>9</total>
				<timestamp>3702.614808</timestamp>
			</report>
			<report>
				<misses>123500000</misses>
				<total>9</total>
				<timestamp>3705.615489</timestamp>
			</report>
			<report>
				<misses>123600000</misses>
				<total>9</total>
				<timestamp>3708.617468</timestamp>
			</report>
			<report>
				<misses>123700000</misses>
				<total>9</total>
				<timestamp>3711.618049</timestamp>
			</report>
			<report>
				<misses>123800000</misses>
				<total>9</total>
				<timestamp>3714.618052</timestamp>
			</report>
			<report>
				<misses>123900000</misses>
				<total>9</total>
				<timestamp>3717.618344</timestamp>
			</report>
			<report>
				<misses>124000000</misses>
				<total>9</total>
				<timestamp>3720.618759</timestamp>
			</report>
			<report>
				<misses>124100000</misses>
				<total>9</total>
				<timestamp>3723.619289</timestamp>
			</report>
			<report>
				<misses>124200000</misses>
				<total>9</total>
				<timestamp>3726.619955</timestamp>
			</report>
			<report>
				<misses>124300000</misses>
				<total>9</total>
				<timestamp>3729.620017</timestamp>
			</report>
			<report>
				<misses>124400000</misses>
				<total>9</total>
				<timestamp>3732.620709</timestamp>
			</report>
			<report>
				<misses>124500000</misses>
				<total>9</total>
				<timestamp>3735.621263</timestamp>
			</report>
			<report>
				<misses>124600000</misses>
				<total>9</total>
				<timestamp>3738.621799</timestamp>
			</report>
			<report>
				<misses>124700000</misses>
				<total>9</total>
				<timestamp>3741.622111</timestamp>
			</report>
			<report>
				<misses>124800000</misses>
				<total>9</total>
				<timestamp>3744.623290</timestamp>
			</report>
			<report>
				<misses>124900000</misses>
				<total>9</total>
				<timestamp>3747.624158</timestamp>
			</report>
			<report>
				<misses>125000000</misses>
				<total>9</total>
				<timestamp>3750.624171</timestamp>
			</report>
			<report>
				<misses>125100000</misses>
				<total>9</total>
				<timestamp>3753.624190</timestamp>
			</report>
			<report>
				<misses>125200000</misses>
				<total>9</total>
				<timestamp>3756.624345</timestamp>
			</report>
			<report>
				<misses>125300000</misses>
				<total>9</total>
				<timestamp>3759.624599</timestamp>
			</report>
			<report>
				<misses>125400000</misses>
				<total>9</total>
				<timestamp>3762.625202</timestamp>
			</report>
			<report>
				<misses>125500000</misses>
				<total>9</total>
				<timestamp>3765.626068</timestamp>
			</report>
			<report>
				<misses>125600000</misses>
				<total>9</total>
				<timestamp>3768.626410</timestamp>
			</report>
			<report>
				<misses>125700000</misses>
				<total>9</total>
				<timestamp>3771.626918</timestamp>
			</report>
			<report>
				<misses>125800000</misses>
				<total>9</total>
				<timestamp>3774.627004</timestamp>
			</report>
			<report>
				<misses>125900000</misses>
				<total>9</total>
				<timestamp>3777.627417</timestamp>
			</report>
			<report>
				<misses>126000000</misses>
				<total>9</total>
				<timestamp>3780.628982</timestamp>
			</report>
			<report>
				<misses>126100000</misses>
				<total>9</total>
				<timestamp>3783.629936</timestamp>
			</report>
			<report>
				<misses>126200000</misses>
				<total>9</total>
				<timestamp>3786.630683</timestamp>
			</report>
			<report>
				<misses>126300000</misses>
				<total>9</total>
				<timestamp>3789.631493</timestamp>
			</report>
			<report>
				<misses>126400000</misses>
				<total>9</total>
				<timestamp>3792.631515</timestamp>
			</report>
			<report>
				<misses>126500000</misses>
				<total>9</total>
				<timestamp>3795.631532</timestamp>
			</report>
			<report>
				<misses>126600000</misses>
				<total>9</total>
				<timestamp>3798.631880</timestamp>
			</report>
			<report>
				<misses>126700000</misses>
				<total>9</total>
				<timestamp>3801.633231</timestamp>
			</report>
			<report>
				<misses>126800000</misses>
				<total>9</total>
				<timestamp>3804.633269</timestamp>
			</report>
			<report>
				<misses>126900000</misses>
				<total>9</total>
				<timestamp>3807.633300</timestamp>
			</report>
			<report>
				<misses>127000000</misses>
				<total>9</total>
				<timestamp>3810.633328</timestamp>
			</report>
			<report>
				<misses>127100000</misses>
				<total>9</total>
				<timestamp>3813.633354</timestamp>
			</report>
			<report>
				<misses>127200000</misses>
				<total>9</total>
				<timestamp>3816.633384</timestamp>
			</report>
			<report>
				<misses>127300000</misses>
				<total>9</total>
				<timestamp>3819.634442</timestamp>
			</report>
			<report>
				<misses>127400000</misses>
				<total>9</total>
				<timestamp>3822.634923</timestamp>
			</report>
			<report>
				<misses>127500000</misses>
				<total>9</total>
				<timestamp>3825.635500</timestamp>
			</report>
			<report>
				<misses>127600000</misses>
				<total>9</total>
				<timestamp>3828.635635</timestamp>
			</report>
			<report>
				<misses>127700000</misses>
				<total>9</total>
				<timestamp>3831.635801</timestamp>
			</report>
			<report>
				<misses>127800000</misses>
				<total>9</total>
				<timestamp>3834.635969</timestamp>
			</report>
			<report>
				<misses>127900000</misses>
				<total>9</total>
				<timestamp>3837.637392</timestamp>
			</report>
			<report>
				<misses>128000000</misses>
				<total>9</total>
				<timestamp>3840.637414</timestamp>
			</report>
			<report>
				<misses>128100000</misses>
				<total>9</total>
				<timestamp>3843.637433</timestamp>
			</report>
			<report>
				<misses>128200000</misses>
				<total>9</total>
				<timestamp>3846.637459</timestamp>
			</report>
			<report>
				<misses>128300000</misses>
				<total>9</total>
				<timestamp>3849.637476</timestamp>
			</report>
			<report>
				<misses>128400000</misses>
				<total>9</total>
				<timestamp>3852.638179</timestamp>
			</report>
			<report>
				<misses>128500000</misses>
				<total>9</total>
				<timestamp>3855.638311</timestamp>
			</report>
			<report>
				<misses>128600000</misses>
				<total>9</total>
				<timestamp>3858.639199</timestamp>
			</report>
			<report>
				<misses>128700000</misses>
				<total>9</total>
				<timestamp>3861.639839</timestamp>
			</report>
			<report>
				<misses>128800000</misses>
				<total>9</total>
				<timestamp>3864.640225</timestamp>
			</report>
			<report>
				<misses>128900000</misses>
				<total>9</total>
				<timestamp>3867.641415</timestamp>
			</report>
			<report>
				<misses>129000000</misses>
				<total>9</total>
				<timestamp>3870.641538</timestamp>
			</report>
			<report>
				<misses>129100000</misses>
				<total>9</total>
				<timestamp>3873.641641</timestamp>
			</report>
			<report>
				<misses>129200000</misses>
				<total>9</total>
				<timestamp>3876.642027</timestamp>
			</report>
			<report>
				<misses>129300000</misses>
				<total>9</total>
				<timestamp>3879.642426</timestamp>
			</report>
			<report>
				<misses>129400000</misses>
				<total>9</total>
				<timestamp>3882.642624</timestamp>
			</report>
			<report>
				<misses>129500000</misses>
				<total>9</total>
				<timestamp>3885.642648</timestamp>
			</report>
			<report>
				<misses>129600000</misses>
				<total>9</total>
				<timestamp>3888.643259</timestamp>
			</report>
			<report>
				<misses>129700000</misses>
				<total>9</total>
				<timestamp>3891.643935</timestamp>
			</report>
			<report>
				<misses>129800000</misses>
				<total>9</total>
				<timestamp>3894.644752</timestamp>
			</report>
			<report>
				<misses>129900000</misses>
				<total>9</total>
				<timestamp>3897.644782</timestamp>
			</report>
			<report>
				<misses>130000000</misses>
				<total>9</total>
				<timestamp>3900.645206</timestamp>
			</report>
			<report>
				<misses>130100000</misses>
				<total>9</total>
				<timestamp>3903.647391</timestamp>
			</report>
			<report>
				<misses>130200000</misses>
				<total>9</total>
				<timestamp>3906.648457</timestamp>
			</report>
			<report>
				<misses>130300000</misses>
				<total>9</total>
				<timestamp>3909.649037</timestamp>
			</report>
			<report>
				<misses>130400000</misses>
				<total>9</total>
				<timestamp>3912.649050</timestamp>
			</report>
			<report>
				<misses>130500000</misses>
				<total>9</total>
				<timestamp>3915.649083</timestamp>
			</report>
			<report>
				<misses>130600000</misses>
				<total>9</total>
				<timestamp>3918.649112</timestamp>
			</report>
			<report>
				<misses>130700000</misses>
				<total>9</total>
				<timestamp>3921.649138</timestamp>
			</report>
			<report>
				<misses>130800000</misses>
				<total>9</total>
				<timestamp>3924.649223</timestamp>
			</report>
			<report>
				<misses>130900000</misses>
				<total>9</total>
				<timestamp>3927.649242</timestamp>
			</report>
			<report>
				<misses>131000000</misses>
				<total>9</total>
				<timestamp>3930.649329</timestamp>
			</report>
			<report>
				<misses>131100000</misses>
				<total>9</total>
				<timestamp>3933.649381</timestamp>
			</report>
			<report>
				<misses>131200000</misses>
				<total>9</total>
				<timestamp>3936.650057</timestamp>
			</report>
			<report>
				<misses>131300000</misses>
				<total>9</total>
				<timestamp>3939.650450</timestamp>
			</report>
			<report>
				<misses>131400000</misses>
				<total>9</total>
				<timestamp>3942.650648</timestamp>
			</report>
			<report>
				<misses>131500000</misses>
				<total>9</total>
				<timestamp>3945.650668</timestamp>
			</report>
			<report>
				<misses>131600000</misses>
				<total>9</total>
				<timestamp>3948.651503</timestamp>
			</report>
			<report>
				<misses>131700000</misses>
				<total>9</total>
				<timestamp>3951.652452</timestamp>
			</report>
			<report>
				<misses>131800000</misses>
				<total>9</total>
				<timestamp>3954.653818</timestamp>
			</report>
			<report>
				<misses>131900000</misses>
				<total>9</total>
				<timestamp>3957.654542</timestamp>
			</report>
			<report>
				<misses>132000000</misses>
				<total>9</total>
				<timestamp>3960.654564</timestamp>
			</report>
			<report>
				<misses>132100000</misses>
				<total>9</total>
				<timestamp>3963.654592</timestamp>
			</report>
			<report>
				<misses>132200000</misses>
				<total>9</total>
				<timestamp>3966.654599</timestamp>
			</report>
			<report>
				<misses>132300000</misses>
				<total>9</total>
				<timestamp>3969.654628</timestamp>
			</report>
			<report>
				<misses>132400000</misses>
				<total>9</total>
				<timestamp>3972.654662</timestamp>
			</report>
			<report>
				<misses>132500000</misses>
				<total>9</total>
				<timestamp>3975.654699</timestamp>
			</report>
			<report>
				<misses>132600000</misses>
				<total>9</total>
				<timestamp>3978.654724</timestamp>
			</report>
			<report>
				<misses>132700000</misses>
				<total>9</total>
				<timestamp>3981.654810</timestamp>
			</report>
			<report>
				<misses>132800000</misses>
				<total>9</total>
				<timestamp>3984.654832</timestamp>
			</report>
			<report>
				<misses>132900000</misses>
				<total>9</total>
				<timestamp>3987.654834</timestamp>
			</report>
			<report>
				<misses>133000000</misses>
				<total>9</total>
				<timestamp>3990.654829</timestamp>
			</report>
			<report>
				<misses>133100000</misses>
				<total>9</total>
				<timestamp>3993.654860</timestamp>
			</report>
			<report>
				<misses>133200000</misses>
				<total>9</total>
				<timestamp>3996.655396</timestamp>
			</report>
			<report>
				<misses>133300000</misses>
				<total>9</total>
				<timestamp>3999.656808</timestamp>
			</report>
			<report>
				<misses>133400000</misses>
				<total>9</total>
				<timestamp>4002.657514</timestamp>
			</report>
			<report>
				<misses>133500000</misses>
				<total>9</total>
				<timestamp>4005.658718</timestamp>
			</report>
			<report>
				<misses>133600000</misses>
				<total>9</total>
				<timestamp>4008.658909</timestamp>
			</report>
			<report>
				<misses>133700000</misses>
				<total>9</total>
				<timestamp>4011.659995</timestamp>
			</report>
			<report>
				<misses>133800000</misses>
				<total>9</total>
				<timestamp>4014.660399</timestamp>
			</report>
			<report>
				<misses>133900000</misses>
				<total>9</total>
				<timestamp>4017.660415</timestamp>
			</report>
			<report>
				<misses>134000000</misses>
				<total>9</total>
				<timestamp>4020.660467</timestamp>
			</report>
			<report>
				<misses>134100000</misses>
				<total>9</total>
				<timestamp>4023.660465</timestamp>
			</report>
			<report>
				<misses>134200000</misses>
				<total>9</total>
				<timestamp>4026.660465</timestamp>
			</report>
			<report>
				<misses>134300000</misses>
				<total>9</total>
				<timestamp>4029.660492</timestamp>
			</report>
			<report>
				<misses>134400000</misses>
				<total>9</total>
				<timestamp>4032.660781</timestamp>
			</report>
			<report>
				<misses>134500000</misses>
				<total>9</total>
				<timestamp>4035.661345</timestamp>
			</report>
			<report>
				<misses>134600000</misses>
				<total>9</total>
				<timestamp>4038.661405</timestamp>
			</report>
			<report>
				<misses>134700000</misses>
				<total>9</total>
				<timestamp>4041.661445</timestamp>
			</report>
			<report>
				<misses>134800000</misses>
				<total>9</total>
				<timestamp>4044.661464</timestamp>
			</report>
			<report>
				<misses>134900000</misses>
				<total>9</total>
				<timestamp>4047.661797</timestamp>
			</report>
			<report>
				<misses>135000000</misses>
				<total>9</total>
				<timestamp>4050.662185</timestamp>
			</report>
			<report>
				<misses>135100000</misses>
				<total>9</total>
				<timestamp>4053.662454</timestamp>
			</report>
			<report>
				<misses>135200000</misses>
				<total>9</total>
				<timestamp>4056.662727</timestamp>
			</report>
			<report>
				<misses>135300000</misses>
				<total>9</total>
				<timestamp>4059.663115</timestamp>
			</report>
			<report>
				<misses>135400000</misses>
				<total>9</total>
				<timestamp>4062.663134</timestamp>
			</report>
			<report>
				<misses>135500000</misses>
				<total>9</total>
				<timestamp>4065.664433</timestamp>
			</report>
			<report>
				<misses>135600000</misses>
				<total>9</total>
				<timestamp>4068.665299</timestamp>
			</report>
			<report>
				<misses>135700000</misses>
				<total>9</total>
				<timestamp>4071.665744</timestamp>
			</report>
			<report>
				<misses>135800000</misses>
				<total>9</total>
				<timestamp>4074.666503</timestamp>
			</report>
			<report>
				<misses>135900000</misses>
				<total>9</total>
				<timestamp>4077.666505</timestamp>
			</report>
			<report>
				<misses>136000000</misses>
				<total>9</total>
				<timestamp>4080.666550</timestamp>
			</report>
			<report>
				<misses>136100000</misses>
				<total>9</total>
				<timestamp>4083.666578</timestamp>
			</report>
			<report>
				<misses>136200000</misses>
				<total>9</total>
				<timestamp>4086.666604</timestamp>
			</report>
			<report>
				<misses>136300000</misses>
				<total>9</total>
				<timestamp>4089.666841</timestamp>
			</report>
			<report>
				<misses>136400000</misses>
				<total>9</total>
				<timestamp>4092.666891</timestamp>
			</report>
			<report>
				<misses>136500000</misses>
				<total>9</total>
				<timestamp>4095.666921</timestamp>
			</report>
			<report>
				<misses>136600000</misses>
				<total>9</total>
				<timestamp>4098.667010</timestamp>
			</report>
			<report>
				<misses>136700000</misses>
				<total>9</total>
				<timestamp>4101.667030</timestamp>
			</report>
			<report>
				<misses>136800000</misses>
				<total>9</total>
				<timestamp>4104.667051</timestamp>
			</report>
			<report>
				<misses>136900000</misses>
				<total>9</total>
				<timestamp>4107.667098</timestamp>
			</report>
			<report>
				<misses>137000000</misses>
				<total>9</total>
				<timestamp>4110.667168</timestamp>
			</report>
			<report>
				<misses>137100000</misses>
				<total>9</total>
				<timestamp>4113.667436</timestamp>
			</report>
			<report>
				<misses>137200000</misses>
				<total>9</total>
				<timestamp>4116.668434</timestamp>
			</report>
			<report>
				<misses>137300000</misses>
				<total>9</total>
				<timestamp>4119.669498</timestamp>
			</report>
			<report>
				<misses>137400000</misses>
				<total>9</total>
				<timestamp>4122.670582</timestamp>
			</report>
			<report>
				<misses>137500000</misses>
				<total>9</total>
				<timestamp>4125.671110</timestamp>
			</report>
			<report>
				<misses>137600000</misses>
				<total>9</total>
				<timestamp>4128.672446</timestamp>
			</report>
			<report>
				<misses>137700000</misses>
				<total>9</total>
				<timestamp>4131.673401</timestamp>
			</report>
			<report>
				<misses>137800000</misses>
				<total>9</total>
				<timestamp>4134.673855</timestamp>
			</report>
			<report>
				<misses>137900000</misses>
				<total>9</total>
				<timestamp>4137.673928</timestamp>
			</report>
			<report>
				<misses>138000000</misses>
				<total>9</total>
				<timestamp>4140.673957</timestamp>
			</report>
			<report>
				<misses>138100000</misses>
				<total>9</total>
				<timestamp>4143.675487</timestamp>
			</report>
			<report>
				<misses>138200000</misses>
				<total>9</total>
				<timestamp>4146.675934</timestamp>
			</report>
			<report>
				<misses>138300000</misses>
				<total>9</total>
				<timestamp>4149.677763</timestamp>
			</report>
			<report>
				<misses>138400000</misses>
				<total>9</total>
				<timestamp>4152.678235</timestamp>
			</report>
			<report>
				<misses>138500000</misses>
				<total>9</total>
				<timestamp>4155.679236</timestamp>
			</report>
			<report>
				<misses>138600000</misses>
				<total>9</total>
				<timestamp>4158.679252</timestamp>
			</report>
			<report>
				<misses>138700000</misses>
				<total>9</total>
				<timestamp>4161.679493</timestamp>
			</report>
			<report>
				<misses>138800000</misses>
				<total>9</total>
				<timestamp>4164.679839</timestamp>
			</report>
			<report>
				<misses>138900000</misses>
				<total>9</total>
				<timestamp>4167.679941</timestamp>
			</report>
			<report>
				<misses>139000000</misses>
				<total>9</total>
				<timestamp>4170.680507</timestamp>
			</report>
			<report>
				<misses>139100000</misses>
				<total>9</total>
				<timestamp>4173.680523</timestamp>
			</report>
			<report>
				<misses>139200000</misses>
				<total>9</total>
				<timestamp>4176.680540</timestamp>
			</report>
			<report>
				<misses>139300000</misses>
				<total>9</total>
				<timestamp>4179.682390</timestamp>
			</report>
			<report>
				<misses>139400000</misses>
				<total>9</total>
				<timestamp>4182.683302</timestamp>
			</report>
			<report>
				<misses>139500000</misses>
				<total>9</total>
				<timestamp>4185.683306</timestamp>
			</report>
			<report>
				<misses>139600000</misses>
				<total>9</total>
				<timestamp>4188.683685</timestamp>
			</report>
			<report>
				<misses>139700000</misses>
				<total>9</total>
				<timestamp>4191.685075</timestamp>
			</report>
			<report>
				<misses>139800000</misses>
				<total>9</total>
				<timestamp>4194.685142</timestamp>
			</report>
			<report>
				<misses>139900000</misses>
				<total>9</total>
				<timestamp>4197.685170</timestamp>
			</report>
			<report>
				<misses>140000000</misses>
				<total>9</total>
				<timestamp>4200.685193</timestamp>
			</report>
			<report>
				<misses>140100000</misses>
				<total>9</total>
				<timestamp>4203.685233</timestamp>
			</report>
			<report>
				<misses>140200000</misses>
				<total>9</total>
				<timestamp>4206.685264</timestamp>
			</report>
			<report>
				<misses>140300000</misses>
				<total>9</total>
				<timestamp>4209.685348</timestamp>
			</report>
			<report>
				<misses>140400000</misses>
				<total>9</total>
				<timestamp>4212.686206</timestamp>
			</report>
			<report>
				<misses>140500000</misses>
				<total>9</total>
				<timestamp>4215.687035</timestamp>
			</report>
			<report>
				<misses>140600000</misses>
				<total>9</total>
				<timestamp>4218.687139</timestamp>
			</report>
			<report>
				<misses>140700000</misses>
				<total>9</total>
				<timestamp>4221.687141</timestamp>
			</report>
			<report>
				<misses>140800000</misses>
				<total>9</total>
				<timestamp>4224.687192</timestamp>
			</report>
			<report>
				<misses>140900000</misses>
				<total>9</total>
				<timestamp>4227.687302</timestamp>
			</report>
			<report>
				<misses>141000000</misses>
				<total>9</total>
				<timestamp>4230.687650</timestamp>
			</report>
			<report>
				<misses>141100000</misses>
				<total>9</total>
				<timestamp>4233.688380</timestamp>
			</report>
			<report>
				<misses>141200000</misses>
				<total>9</total>
				<timestamp>4236.689454</timestamp>
			</report>
			<report>
				<misses>141300000</misses>
				<total>9</total>
				<timestamp>4239.690473</timestamp>
			</report>
			<report>
				<misses>141400000</misses>
				<total>9</total>
				<timestamp>4242.690527</timestamp>
			</report>
			<report>
				<misses>141500000</misses>
				<total>9</total>
				<timestamp>4245.690622</timestamp>
			</report>
			<report>
				<misses>141600000</misses>
				<total>9</total>
				<timestamp>4248.692073</timestamp>
			</report>
			<report>
				<misses>141700000</misses>
				<total>9</total>
				<timestamp>4251.693768</timestamp>
			</report>
			<report>
				<misses>141800000</misses>
				<total>9</total>
				<timestamp>4254.693927</timestamp>
			</report>
			<report>
				<misses>141900000</misses>
				<total>9</total>
				<timestamp>4257.694011</timestamp>
			</report>
			<report>
				<misses>142000000</misses>
				<total>9</total>
				<timestamp>4260.694025</timestamp>
			</report>
			<report>
				<misses>142100000</misses>
				<total>9</total>
				<timestamp>4263.694055</timestamp>
			</report>
			<report>
				<misses>142200000</misses>
				<total>9</total>
				<timestamp>4266.694100</timestamp>
			</report>
			<report>
				<misses>142300000</misses>
				<total>9</total>
				<timestamp>4269.694113</timestamp>
			</report>
			<report>
				<misses>142400000</misses>
				<total>9</total>
				<timestamp>4272.694123</timestamp>
			</report>
			<report>
				<misses>142500000</misses>
				<total>9</total>
				<timestamp>4275.694144</timestamp>
			</report>
			<report>
				<misses>142600000</misses>
				<total>9</total>
				<timestamp>4278.694163</timestamp>
			</report>
			<report>
				<misses>142700000</misses>
				<total>9</total>
				<timestamp>4281.694163</timestamp>
			</report>
			<report>
				<misses>142800000</misses>
				<total>9</total>
				<timestamp>4284.694175</timestamp>
			</report>
			<report>
				<misses>142900000</misses>
				<total>9</total>
				<timestamp>4287.694198</timestamp>
			</report>
			<report>
				<misses>143000000</misses>
				<total>9</total>
				<timestamp>4290.694244</timestamp>
			</report>
			<report>
				<misses>143100000</misses>
				<total>9</total>
				<timestamp>4293.694281</timestamp>
			</report>
			<report>
				<misses>143200000</misses>
				<total>9</total>
				<timestamp>4296.694301</timestamp>
			</report>
			<report>
				<misses>143300000</misses>
				<total>9</total>
				<timestamp>4299.694344</timestamp>
			</report>
			<report>
				<misses>143400000</misses>
				<total>9</total>
				<timestamp>4302.694373</timestamp>
			</report>
			<report>
				<misses>143500000</misses>
				<total>9</total>
				<timestamp>4305.694415</timestamp>
			</report>
			<report>
				<misses>143600000</misses>
				<total>9</total>
				<timestamp>4308.694452</timestamp>
			</report>
			<report>
				<misses>143700000</misses>
				<total>9</total>
				<timestamp>4311.694474</timestamp>
			</report>
			<report>
				<misses>143800000</misses>
				<total>9</total>
				<timestamp>4314.694535</timestamp>
			</report>
			<report>
				<misses>143900000</misses>
				<total>9</total>
				<timestamp>4317.694552</timestamp>
			</report>
			<report>
				<misses>144000000</misses>
				<total>9</total>
				<timestamp>4320.694568</timestamp>
			</report>
			<report>
				<misses>144100000</misses>
				<total>9</total>
				<timestamp>4323.694605</timestamp>
			</report>
			<report>
				<misses>144200000</misses>
				<total>9</total>
				<timestamp>4326.694612</timestamp>
			</report>
			<report>
				<misses>144300000</misses>
				<total>9</total>
				<timestamp>4329.694654</timestamp>
			</report>
			<report>
				<misses>144400000</misses>
				<total>9</total>
				<timestamp>4332.694680</timestamp>
			</report>
			<report>
				<misses>144500000</misses>
				<total>9</total>
				<timestamp>4335.694830</timestamp>
			</report>
			<report>
				<misses>144600000</misses>
				<total>9</total>
				<timestamp>4338.694859</timestamp>
			</report>
			<report>
				<misses>144700000</misses>
				<total>9</total>
				<timestamp>4341.694889</timestamp>
			</report>
			<report>
				<misses>144800000</misses>
				<total>9</total>
				<timestamp>4344.695482</timestamp>
			</report>
			<report>
				<misses>144900000</misses>
				<total>9</total>
				<timestamp>4347.695956</timestamp>
			</report>
			<report>
				<misses>145000000</misses>
				<total>9</total>
				<timestamp>4350.696749</timestamp>
			</report>
			<report>
				<misses>145100000</misses>
				<total>9</total>
				<timestamp>4353.698129</timestamp>
			</report>
			<report>
				<misses>145200000</misses>
				<total>9</total>
				<timestamp>4356.698462</timestamp>
			</report>
			<report>
				<misses>145300000</misses>
				<total>9</total>
				<timestamp>4359.698486</timestamp>
			</report>
			<report>
				<misses>145400000</misses>
				<total>9</total>
				<timestamp>4362.698523</timestamp>
			</report>
			<report>
				<misses>145500000</misses>
				<total>9</total>
				<timestamp>4365.698792</timestamp>
			</report>
			<report>
				<misses>145600000</misses>
				<total>9</total>
				<timestamp>4368.699214</timestamp>
			</report>
			<report>
				<misses>145700000</misses>
				<total>9</total>
				<timestamp>4371.701453</timestamp>
			</report>
			<report>
				<misses>145800000</misses>
				<total>9</total>
				<timestamp>4374.701575</timestamp>
			</report>
			<report>
				<misses>145900000</misses>
				<total>9</total>
				<timestamp>4377.702754</timestamp>
			</report>
			<report>
				<misses>146000000</misses>
				<total>9</total>
				<timestamp>4380.703643</timestamp>
			</report>
			<report>
				<misses>146100000</misses>
				<total>9</total>
				<timestamp>4383.704023</timestamp>
			</report>
			<report>
				<misses>146200000</misses>
				<total>9</total>
				<timestamp>4386.705179</timestamp>
			</report>
			<report>
				<misses>146300000</misses>
				<total>9</total>
				<timestamp>4389.705835</timestamp>
			</report>
			<report>
				<misses>146400000</misses>
				<total>9</total>
				<timestamp>4392.706429</timestamp>
			</report>
			<report>
				<misses>146500000</misses>
				<total>9</total>
				<timestamp>4395.706501</timestamp>
			</report>
			<report>
				<misses>146600000</misses>
				<total>9</total>
				<timestamp>4398.707041</timestamp>
			</report>
			<report>
				<misses>146700000</misses>
				<total>9</total>
				<timestamp>4401.708731</timestamp>
			</report>
			<report>
				<misses>146800000</misses>
				<total>9</total>
				<timestamp>4404.708756</timestamp>
			</report>
			<report>
				<misses>146900000</misses>
				<total>9</total>
				<timestamp>4407.708790</timestamp>
			</report>
			<report>
				<misses>147000000</misses>
				<total>9</total>
				<timestamp>4410.708800</timestamp>
			</report>
			<report>
				<misses>147100000</misses>
				<total>9</total>
				<timestamp>4413.708815</timestamp>
			</report>
			<report>
				<misses>147200000</misses>
				<total>9</total>
				<timestamp>4416.708938</timestamp>
			</report>
			<report>
				<misses>147300000</misses>
				<total>9</total>
				<timestamp>4419.708998</timestamp>
			</report>
			<report>
				<misses>147400000</misses>
				<total>9</total>
				<timestamp>4422.709038</timestamp>
			</report>
			<report>
				<misses>147500000</misses>
				<total>9</total>
				<timestamp>4425.709056</timestamp>
			</report>
			<report>
				<misses>147600000</misses>
				<total>9</total>
				<timestamp>4428.709087</timestamp>
			</report>
			<report>
				<misses>147700000</misses>
				<total>9</total>
				<timestamp>4431.709115</timestamp>
			</report>
			<report>
				<misses>147800000</misses>
				<total>9</total>
				<timestamp>4434.709128</timestamp>
			</report>
			<report>
				<misses>147900000</misses>
				<total>9</total>
				<timestamp>4437.709137</timestamp>
			</report>
			<report>
				<misses>148000000</misses>
				<total>9</total>
				<timestamp>4440.709169</timestamp>
			</report>
			<report>
				<misses>148100000</misses>
				<total>9</total>
				<timestamp>4443.709214</timestamp>
			</report>
			<report>
				<misses>148200000</misses>
				<total>9</total>
				<timestamp>4446.709219</timestamp>
			</report>
			<report>
				<misses>148300000</misses>
				<total>9</total>
				<timestamp>4449.709226</timestamp>
			</report>
			<report>
				<misses>148400000</misses>
				<total>9</total>
				<timestamp>4452.709580</timestamp>
			</report>
			<report>
				<misses>148500000</misses>
				<total>9</total>
				<timestamp>4455.709615</timestamp>
			</report>
			<report>
				<misses>148600000</misses>
				<total>9</total>
				<timestamp>4458.709610</timestamp>
			</report>
			<report>
				<misses>148700000</misses>
				<total>9</total>
				<timestamp>4461.709641</timestamp>
			</report>
			<report>
				<misses>148800000</misses>
				<total>9</total>
				<timestamp>4464.709642</timestamp>
			</report>
			<report>
				<misses>148900000</misses>
				<total>9</total>
				<timestamp>4467.709645</timestamp>
			</report>
			<report>
				<misses>149000000</misses>
				<total>9</total>
				<timestamp>4470.709688</timestamp>
			</report>
			<report>
				<misses>149100000</misses>
				<total>9</total>
				<timestamp>4473.709707</timestamp>
			</report>
			<report>
				<misses>149200000</misses>
				<total>9</total>
				<timestamp>4476.709875</timestamp>
			</report>
			<report>
				<misses>149300000</misses>
				<total>9</total>
				<timestamp>4479.709892</timestamp>
			</report>
			<report>
				<misses>149400000</misses>
				<total>9</total>
				<timestamp>4482.709939</timestamp>
			</report>
			<report>
				<misses>149500000</misses>
				<total>9</total>
				<timestamp>4485.709973</timestamp>
			</report>
			<report>
				<misses>149600000</misses>
				<total>9</total>
				<timestamp>4488.709989</timestamp>
			</report>
			<report>
				<misses>149700000</misses>
				<total>9</total>
				<timestamp>4491.710044</timestamp>
			</report>
			<report>
				<misses>149800000</misses>
				<total>9</total>
				<timestamp>4494.710070</timestamp>
			</report>
			<report>
				<misses>149900000</misses>
				<total>9</total>
				<timestamp>4497.710127</timestamp>
			</report>
			<report>
				<misses>150000000</misses>
				<total>9</total>
				<timestamp>4500.710154</timestamp>
			</report>
			<report>
				<misses>150100000</misses>
				<total>9</total>
				<timestamp>4503.710166</timestamp>
			</report>
			<report>
				<misses>150200000</misses>
				<total>9</total>
				<timestamp>4506.710210</timestamp>
			</report>
			<report>
				<misses>150300000</misses>
				<total>9</total>
				<timestamp>4509.710222</timestamp>
			</report>
			<report>
				<misses>150400000</misses>
				<total>9</total>
				<timestamp>4512.710250</timestamp>
			</report>
			<report>
				<misses>150500000</misses>
				<total>9</total>
				<timestamp>4515.710283</timestamp>
			</report>
			<report>
				<misses>150600000</misses>
				<total>9</total>
				<timestamp>4518.710321</timestamp>
			</report>
			<report>
				<misses>150700000</misses>
				<total>9</total>
				<timestamp>4521.710344</timestamp>
			</report>
			<report>
				<misses>150800000</misses>
				<total>9</total>
				<timestamp>4524.710363</timestamp>
			</report>
			<report>
				<misses>150900000</misses>
				<total>9</total>
				<timestamp>4527.710512</timestamp>
			</report>
			<report>
				<misses>151000000</misses>
				<total>9</total>
				<timestamp>4530.710709</timestamp>
			</report>
			<report>
				<misses>151100000</misses>
				<total>9</total>
				<timestamp>4533.710760</timestamp>
			</report>
			<report>
				<misses>151200000</misses>
				<total>9</total>
				<timestamp>4536.711540</timestamp>
			</report>
			<report>
				<misses>151300000</misses>
				<total>9</total>
				<timestamp>4539.712753</timestamp>
			</report>
			<report>
				<misses>151400000</misses>
				<total>9</total>
				<timestamp>4542.713600</timestamp>
			</report>
			<report>
				<misses>151500000</misses>
				<total>9</total>
				<timestamp>4545.714076</timestamp>
			</report>
			<report>
				<misses>151600000</misses>
				<total>9</total>
				<timestamp>4548.714240</timestamp>
			</report>
			<report>
				<misses>151700000</misses>
				<total>9</total>
				<timestamp>4551.714444</timestamp>
			</report>
			<report>
				<misses>151800000</misses>
				<total>9</total>
				<timestamp>4554.714500</timestamp>
			</report>
			<report>
				<misses>151900000</misses>
				<total>9</total>
				<timestamp>4557.714554</timestamp>
			</report>
			<report>
				<misses>152000000</misses>
				<total>9</total>
				<timestamp>4560.714572</timestamp>
			</report>
			<report>
				<misses>152100000</misses>
				<total>9</total>
				<timestamp>4563.714618</timestamp>
			</report>
			<report>
				<misses>152200000</misses>
				<total>9</total>
				<timestamp>4566.714620</timestamp>
			</report>
			<report>
				<misses>152300000</misses>
				<total>9</total>
				<timestamp>4569.714620</timestamp>
			</report>
			<report>
				<misses>152400000</misses>
				<total>9</total>
				<timestamp>4572.714824</timestamp>
			</report>
			<report>
				<misses>152500000</misses>
				<total>9</total>
				<timestamp>4575.714991</timestamp>
			</report>
			<report>
				<misses>152600000</misses>
				<total>9</total>
				<timestamp>4578.717550</timestamp>
			</report>
			<report>
				<misses>152700000</misses>
				<total>9</total>
				<timestamp>4581.719679</timestamp>
			</report>
			<report>
				<misses>152800000</misses>
				<total>9</total>
				<timestamp>4584.720249</timestamp>
			</report>
			<report>
				<misses>152900000</misses>
				<total>9</total>
				<timestamp>4587.720937</timestamp>
			</report>
			<report>
				<misses>153000000</misses>
				<total>9</total>
				<timestamp>4590.721668</timestamp>
			</report>
			<report>
				<misses>153100000</misses>
				<total>9</total>
				<timestamp>4593.722017</timestamp>
			</report>
			<report>
				<misses>153200000</misses>
				<total>9</total>
				<timestamp>4596.722416</timestamp>
			</report>
			<report>
				<misses>153300000</misses>
				<total>9</total>
				<timestamp>4599.722471</timestamp>
			</report>
			<report>
				<misses>153400000</misses>
				<total>9</total>
				<timestamp>4602.722482</timestamp>
			</report>
			<report>
				<misses>153500000</misses>
				<total>9</total>
				<timestamp>4605.722504</timestamp>
			</report>
			<report>
				<misses>153600000</misses>
				<total>9</total>
				<timestamp>4608.722517</timestamp>
			</report>
			<report>
				<misses>153700000</misses>
				<total>9</total>
				<timestamp>4611.724176</timestamp>
			</report>
			<report>
				<misses>153800000</misses>
				<total>9</total>
				<timestamp>4614.724346</timestamp>
			</report>
			<report>
				<misses>153900000</misses>
				<total>9</total>
				<timestamp>4617.724441</timestamp>
			</report>
			<report>
				<misses>154000000</misses>
				<total>9</total>
				<timestamp>4620.725410</timestamp>
			</report>
			<report>
				<misses>154100000</misses>
				<total>9</total>
				<timestamp>4623.726645</timestamp>
			</report>
			<report>
				<misses>154200000</misses>
				<total>9</total>
				<timestamp>4626.726986</timestamp>
			</report>
			<report>
				<misses>154300000</misses>
				<total>9</total>
				<timestamp>4629.727678</timestamp>
			</report>
			<report>
				<misses>154400000</misses>
				<total>9</total>
				<timestamp>4632.728590</timestamp>
			</report>
			<report>
				<misses>154500000</misses>
				<total>9</total>
				<timestamp>4635.728629</timestamp>
			</report>
			<report>
				<misses>154600000</misses>
				<total>9</total>
				<timestamp>4638.729589</timestamp>
			</report>
			<report>
				<misses>154700000</misses>
				<total>9</total>
				<timestamp>4641.730536</timestamp>
			</report>
			<report>
				<misses>154800000</misses>
				<total>9</total>
				<timestamp>4644.730709</timestamp>
			</report>
			<report>
				<misses>154900000</misses>
				<total>9</total>
				<timestamp>4647.730735</timestamp>
			</report>
			<report>
				<misses>155000000</misses>
				<total>9</total>
				<timestamp>4650.731624</timestamp>
			</report>
			<report>
				<misses>155100000</misses>
				<total>9</total>
				<timestamp>4653.733060</timestamp>
			</report>
			<report>
				<misses>155200000</misses>
				<total>9</total>
				<timestamp>4656.733763</timestamp>
			</report>
			<report>
				<misses>155300000</misses>
				<total>9</total>
				<timestamp>4659.734372</timestamp>
			</report>
			<report>
				<misses>155400000</misses>
				<total>9</total>
				<timestamp>4662.734392</timestamp>
			</report>
			<report>
				<misses>155500000</misses>
				<total>9</total>
				<timestamp>4665.735436</timestamp>
			</report>
			<report>
				<misses>155600000</misses>
				<total>9</total>
				<timestamp>4668.735847</timestamp>
			</report>
			<report>
				<misses>155700000</misses>
				<total>9</total>
				<timestamp>4671.737467</timestamp>
			</report>
			<report>
				<misses>155800000</misses>
				<total>9</total>
				<timestamp>4674.737841</timestamp>
			</report>
			<report>
				<misses>155900000</misses>
				<total>9</total>
				<timestamp>4677.738061</timestamp>
			</report>
			<report>
				<misses>156000000</misses>
				<total>10</total>
				<timestamp>4680.738144</timestamp>
			</report>
			<report>
				<misses>156100000</misses>
				<total>10</total>
				<timestamp>4683.738748</timestamp>
			</report>
			<report>
				<misses>156200000</misses>
				<total>10</total>
				<timestamp>4686.739692</timestamp>
			</report>
			<report>
				<misses>156300000</misses>
				<total>10</total>
				<timestamp>4689.741048</timestamp>
			</report>
			<report>
				<misses>156400000</misses>
				<total>10</total>
				<timestamp>4692.741499</timestamp>
			</report>
			<report>
				<misses>156500000</misses>
				<total>10</total>
				<timestamp>4695.741548</timestamp>
			</report>
			<report>
				<misses>156600000</misses>
				<total>10</total>
				<timestamp>4698.742256</timestamp>
			</report>
			<report>
				<misses>156700000</misses>
				<total>10</total>
				<timestamp>4701.742454</timestamp>
			</report>
			<report>
				<misses>156800000</misses>
				<total>10</total>
				<timestamp>4704.742476</timestamp>
			</report>
			<report>
				<misses>156900000</misses>
				<total>10</total>
				<timestamp>4707.742513</timestamp>
			</report>
			<report>
				<misses>157000000</misses>
				<total>10</total>
				<timestamp>4710.742515</timestamp>
			</report>
			<report>
				<misses>157100000</misses>
				<total>10</total>
				<timestamp>4713.742535</timestamp>
			</report>
			<report>
				<misses>157200000</misses>
				<total>10</total>
				<timestamp>4716.742547</timestamp>
			</report>
			<report>
				<misses>157300000</misses>
				<total>10</total>
				<timestamp>4719.742557</timestamp>
			</report>
			<report>
				<misses>157400000</misses>
				<total>10</total>
				<timestamp>4722.742587</timestamp>
			</report>
			<report>
				<misses>157500000</misses>
				<total>10</total>
				<timestamp>4725.742611</timestamp>
			</report>
			<report>
				<misses>157600000</misses>
				<total>10</total>
				<timestamp>4728.742610</timestamp>
			</report>
			<report>
				<misses>157700000</misses>
				<total>10</total>
				<timestamp>4731.742646</timestamp>
			</report>
			<report>
				<misses>157800000</misses>
				<total>10</total>
				<timestamp>4734.742665</timestamp>
			</report>
			<report>
				<misses>157900000</misses>
				<total>10</total>
				<timestamp>4737.742663</timestamp>
			</report>
			<report>
				<misses>158000000</misses>
				<total>10</total>
				<timestamp>4740.742666</timestamp>
			</report>
			<report>
				<misses>158100000</misses>
				<total>10</total>
				<timestamp>4743.743159</timestamp>
			</report>
			<report>
				<misses>158200000</misses>
				<total>10</total>
				<timestamp>4746.743521</timestamp>
			</report>
			<report>
				<misses>158300000</misses>
				<total>10</total>
				<timestamp>4749.744877</timestamp>
			</report>
			<report>
				<misses>158400000</misses>
				<total>10</total>
				<timestamp>4752.745785</timestamp>
			</report>
			<report>
				<misses>158500000</misses>
				<total>10</total>
				<timestamp>4755.747497</timestamp>
			</report>
			<report>
				<misses>158600000</misses>
				<total>10</total>
				<timestamp>4758.748464</timestamp>
			</report>
			<report>
				<misses>158700000</misses>
				<total>10</total>
				<timestamp>4761.748644</timestamp>
			</report>
			<report>
				<misses>158800000</misses>
				<total>10</total>
				<timestamp>4764.748677</timestamp>
			</report>
			<report>
				<misses>158900000</misses>
				<total>10</total>
				<timestamp>4767.748955</timestamp>
			</report>
			<report>
				<misses>159000000</misses>
				<total>10</total>
				<timestamp>4770.749308</timestamp>
			</report>
			<report>
				<misses>159100000</misses>
				<total>10</total>
				<timestamp>4773.750848</timestamp>
			</report>
			<report>
				<misses>159200000</misses>
				<total>10</total>
				<timestamp>4776.751699</timestamp>
			</report>
			<report>
				<misses>159300000</misses>
				<total>10</total>
				<timestamp>4779.752429</timestamp>
			</report>
			<report>
				<misses>159400000</misses>
				<total>10</total>
				<timestamp>4782.752700</timestamp>
			</report>
			<report>
				<misses>159500000</misses>
				<total>10</total>
				<timestamp>4785.752974</timestamp>
			</report>
			<report>
				<misses>159600000</misses>
				<total>10</total>
				<timestamp>4788.753114</timestamp>
			</report>
			<report>
				<misses>159700000</misses>
				<total>10</total>
				<timestamp>4791.753790</timestamp>
			</report>
			<report>
				<misses>159800000</misses>
				<total>10</total>
				<timestamp>4794.753887</timestamp>
			</report>
			<report>
				<misses>159900000</misses>
				<total>10</total>
				<timestamp>4797.754124</timestamp>
			</report>
			<report>
				<misses>160000000</misses>
				<total>10</total>
				<timestamp>4800.754367</timestamp>
			</report>
			<report>
				<misses>160100000</misses>
				<total>10</total>
				<timestamp>4803.755055</timestamp>
			</report>
			<report>
				<misses>160200000</misses>
				<total>10</total>
				<timestamp>4806.755388</timestamp>
			</report>
			<report>
				<misses>160300000</misses>
				<total>10</total>
				<timestamp>4809.756223</timestamp>
			</report>
			<report>
				<misses>160400000</misses>
				<total>10</total>
				<timestamp>4812.756469</timestamp>
			</report>
			<report>
				<misses>160500000</misses>
				<total>10</total>
				<timestamp>4815.756727</timestamp>
			</report>
			<report>
				<misses>160600000</misses>
				<total>10</total>
				<timestamp>4818.757044</timestamp>
			</report>
			<report>
				<misses>160700000</misses>
				<total>10</total>
				<timestamp>4821.757399</timestamp>
			</report>
			<report>
				<misses>160800000</misses>
				<total>10</total>
				<timestamp>4824.757625</timestamp>
			</report>
			<report>
				<misses>160900000</misses>
				<total>10</total>
				<timestamp>4827.758162</timestamp>
			</report>
			<report>
				<misses>161000000</misses>
				<total>10</total>
				<timestamp>4830.759645</timestamp>
			</report>
			<report>
				<misses>161100000</misses>
				<total>10</total>
				<timestamp>4833.760360</timestamp>
			</report>
			<report>
				<misses>161200000</misses>
				<total>10</total>
				<timestamp>4836.760867</timestamp>
			</report>
			<report>
				<misses>161300000</misses>
				<total>10</total>
				<timestamp>4839.761071</timestamp>
			</report>
			<report>
				<misses>161400000</misses>
				<total>10</total>
				<timestamp>4842.761118</timestamp>
			</report>
			<report>
				<misses>161500000</misses>
				<total>10</total>
				<timestamp>4845.761833</timestamp>
			</report>
			<report>
				<misses>161600000</misses>
				<total>10</total>
				<timestamp>4848.762709</timestamp>
			</report>
			<report>
				<misses>161700000</misses>
				<total>10</total>
				<timestamp>4851.763931</timestamp>
			</report>
			<report>
				<misses>161800000</misses>
				<total>10</total>
				<timestamp>4854.765113</timestamp>
			</report>
			<report>
				<misses>161900000</misses>
				<total>10</total>
				<timestamp>4857.765188</timestamp>
			</report>
			<report>
				<misses>162000000</misses>
				<total>10</total>
				<timestamp>4860.765197</timestamp>
			</report>
			<report>
				<misses>162100000</misses>
				<total>10</total>
				<timestamp>4863.765603</timestamp>
			</report>
			<report>
				<misses>162200000</misses>
				<total>10</total>
				<timestamp>4866.766264</timestamp>
			</report>
			<report>
				<misses>162300000</misses>
				<total>10</total>
				<timestamp>4869.767282</timestamp>
			</report>
			<report>
				<misses>162400000</misses>
				<total>10</total>
				<timestamp>4872.767311</timestamp>
			</report>
			<report>
				<misses>162500000</misses>
				<total>10</total>
				<timestamp>4875.768091</timestamp>
			</report>
			<report>
				<misses>162600000</misses>
				<total>10</total>
				<timestamp>4878.768125</timestamp>
			</report>
			<report>
				<misses>162700000</misses>
				<total>10</total>
				<timestamp>4881.768144</timestamp>
			</report>
			<report>
				<misses>162800000</misses>
				<total>10</total>
				<timestamp>4884.768150</timestamp>
			</report>
			<report>
				<misses>162900000</misses>
				<total>10</total>
				<timestamp>4887.768203</timestamp>
			</report>
			<report>
				<misses>163000000</misses>
				<total>10</total>
				<timestamp>4890.768197</timestamp>
			</report>
			<report>
				<misses>163100000</misses>
				<total>10</total>
				<timestamp>4893.768199</timestamp>
			</report>
			<report>
				<misses>163200000</misses>
				<total>10</total>
				<timestamp>4896.768202</timestamp>
			</report>
			<report>
				<misses>163300000</misses>
				<total>10</total>
				<timestamp>4899.768192</timestamp>
			</report>
			<report>
				<misses>163400000</misses>
				<total>10</total>
				<timestamp>4902.768193</timestamp>
			</report>
			<report>
				<misses>163500000</misses>
				<total>10</total>
				<timestamp>4905.768347</timestamp>
			</report>
			<report>
				<misses>163600000</misses>
				<total>10</total>
				<timestamp>4908.770069</timestamp>
			</report>
			<report>
				<misses>163700000</misses>
				<total>10</total>
				<timestamp>4911.770480</timestamp>
			</report>
			<report>
				<misses>163800000</misses>
				<total>10</total>
				<timestamp>4914.772646</timestamp>
			</report>
			<report>
				<misses>163900000</misses>
				<total>10</total>
				<timestamp>4917.774891</timestamp>
			</report>
			<report>
				<misses>164000000</misses>
				<total>10</total>
				<timestamp>4920.774876</timestamp>
			</report>
			<report>
				<misses>164100000</misses>
				<total>10</total>
				<timestamp>4923.774938</timestamp>
			</report>
			<report>
				<misses>164200000</misses>
				<total>10</total>
				<timestamp>4926.774970</timestamp>
			</report>
			<report>
				<misses>164300000</misses>
				<total>10</total>
				<timestamp>4929.775888</timestamp>
			</report>
			<report>
				<misses>164400000</misses>
				<total>10</total>
				<timestamp>4932.776472</timestamp>
			</report>
			<report>
				<misses>164500000</misses>
				<total>10</total>
				<timestamp>4935.776495</timestamp>
			</report>
			<report>
				<misses>164600000</misses>
				<total>10</total>
				<timestamp>4938.776513</timestamp>
			</report>
			<report>
				<misses>164700000</misses>
				<total>10</total>
				<timestamp>4941.776517</timestamp>
			</report>
			<report>
				<misses>164800000</misses>
				<total>10</total>
				<timestamp>4944.776601</timestamp>
			</report>
			<report>
				<misses>164900000</misses>
				<total>10</total>
				<timestamp>4947.776606</timestamp>
			</report>
			<report>
				<misses>165000000</misses>
				<total>10</total>
				<timestamp>4950.776630</timestamp>
			</report>
			<report>
				<misses>165100000</misses>
				<total>10</total>
				<timestamp>4953.776649</timestamp>
			</report>
			<report>
				<misses>165200000</misses>
				<total>10</total>
				<timestamp>4956.776665</timestamp>
			</report>
			<report>
				<misses>165300000</misses>
				<total>10</total>
				<timestamp>4959.776695</timestamp>
			</report>
			<report>
				<misses>165400000</misses>
				<total>10</total>
				<timestamp>4962.776717</timestamp>
			</report>
			<report>
				<misses>165500000</misses>
				<total>10</total>
				<timestamp>4965.777372</timestamp>
			</report>
			<report>
				<misses>165600000</misses>
				<total>10</total>
				<timestamp>4968.779533</timestamp>
			</report>
			<report>
				<misses>165700000</misses>
				<total>10</total>
				<timestamp>4971.779807</timestamp>
			</report>
			<report>
				<misses>165800000</misses>
				<total>10</total>
				<timestamp>4974.780410</timestamp>
			</report>
			<report>
				<misses>165900000</misses>
				<total>10</total>
				<timestamp>4977.782942</timestamp>
			</report>
			<report>
				<misses>166000000</misses>
				<total>10</total>
				<timestamp>4980.783246</timestamp>
			</report>
			<report>
				<misses>166100000</misses>
				<total>10</total>
				<timestamp>4983.783263</timestamp>
			</report>
			<report>
				<misses>166200000</misses>
				<total>10</total>
				<timestamp>4986.783422</timestamp>
			</report>
			<report>
				<misses>166300000</misses>
				<total>10</total>
				<timestamp>4989.783801</timestamp>
			</report>
			<report>
				<misses>166400000</misses>
				<total>10</total>
				<timestamp>4992.784760</timestamp>
			</report>
			<report>
				<misses>166500000</misses>
				<total>10</total>
				<timestamp>4995.785060</timestamp>
			</report>
			<report>
				<misses>166600000</misses>
				<total>10</total>
				<timestamp>4998.786014</timestamp>
			</report>
			<report>
				<misses>166700000</misses>
				<total>10</total>
				<timestamp>5001.786160</timestamp>
			</report>
			<report>
				<misses>166800000</misses>
				<total>10</total>
				<timestamp>5004.786243</timestamp>
			</report>
			<report>
				<misses>166900000</misses>
				<total>10</total>
				<timestamp>5007.786623</timestamp>
			</report>
			<report>
				<misses>167000000</misses>
				<total>10</total>
				<timestamp>5010.786614</timestamp>
			</report>
			<report>
				<misses>167100000</misses>
				<total>10</total>
				<timestamp>5013.786609</timestamp>
			</report>
			<report>
				<misses>167200000</misses>
				<total>10</total>
				<timestamp>5016.786661</timestamp>
			</report>
			<report>
				<misses>167300000</misses>
				<total>10</total>
				<timestamp>5019.786761</timestamp>
			</report>
			<report>
				<misses>167400000</misses>
				<total>10</total>
				<timestamp>5022.786892</timestamp>
			</report>
			<report>
				<misses>167500000</misses>
				<total>10</total>
				<timestamp>5025.787093</timestamp>
			</report>
			<report>
				<misses>167600000</misses>
				<total>10</total>
				<timestamp>5028.787302</timestamp>
			</report>
			<report>
				<misses>167700000</misses>
				<total>10</total>
				<timestamp>5031.787340</timestamp>
			</report>
			<report>
				<misses>167800000</misses>
				<total>10</total>
				<timestamp>5034.787337</timestamp>
			</report>
			<report>
				<misses>167900000</misses>
				<total>10</total>
				<timestamp>5037.787350</timestamp>
			</report>
			<report>
				<misses>168000000</misses>
				<total>10</total>
				<timestamp>5040.787376</timestamp>
			</report>
			<report>
				<misses>168100000</misses>
				<total>10</total>
				<timestamp>5043.787452</timestamp>
			</report>
			<report>
				<misses>168200000</misses>
				<total>10</total>
				<timestamp>5046.787467</timestamp>
			</report>
			<report>
				<misses>168300000</misses>
				<total>10</total>
				<timestamp>5049.787660</timestamp>
			</report>
			<report>
				<misses>168400000</misses>
				<total>10</total>
				<timestamp>5052.788286</timestamp>
			</report>
			<report>
				<misses>168500000</misses>
				<total>10</total>
				<timestamp>5055.788678</timestamp>
			</report>
			<report>
				<misses>168600000</misses>
				<total>10</total>
				<timestamp>5058.791132</timestamp>
			</report>
			<report>
				<misses>168700000</misses>
				<total>10</total>
				<timestamp>5061.791259</timestamp>
			</report>
			<report>
				<misses>168800000</misses>
				<total>10</total>
				<timestamp>5064.792442</timestamp>
			</report>
			<report>
				<misses>168900000</misses>
				<total>10</total>
				<timestamp>5067.792898</timestamp>
			</report>
			<report>
				<misses>169000000</misses>
				<total>10</total>
				<timestamp>5070.794023</timestamp>
			</report>
			<report>
				<misses>169100000</misses>
				<total>10</total>
				<timestamp>5073.794136</timestamp>
			</report>
			<report>
				<misses>169200000</misses>
				<total>10</total>
				<timestamp>5076.794149</timestamp>
			</report>
			<report>
				<misses>169300000</misses>
				<total>10</total>
				<timestamp>5079.794147</timestamp>
			</report>
			<report>
				<misses>169400000</misses>
				<total>10</total>
				<timestamp>5082.794330</timestamp>
			</report>
			<report>
				<misses>169500000</misses>
				<total>10</total>
				<timestamp>5085.796444</timestamp>
			</report>
			<report>
				<misses>169600000</misses>
				<total>10</total>
				<timestamp>5088.796488</timestamp>
			</report>
			<report>
				<misses>169700000</misses>
				<total>10</total>
				<timestamp>5091.797161</timestamp>
			</report>
			<report>
				<misses>169800000</misses>
				<total>10</total>
				<timestamp>5094.797876</timestamp>
			</report>
			<report>
				<misses>169900000</misses>
				<total>10</total>
				<timestamp>5097.797896</timestamp>
			</report>
			<report>
				<misses>170000000</misses>
				<total>10</total>
				<timestamp>5100.798237</timestamp>
			</report>
			<report>
				<misses>170100000</misses>
				<total>10</total>
				<timestamp>5103.799477</timestamp>
			</report>
			<report>
				<misses>170200000</misses>
				<total>10</total>
				<timestamp>5106.800017</timestamp>
			</report>
			<report>
				<misses>170300000</misses>
				<total>10</total>
				<timestamp>5109.801838</timestamp>
			</report>
			<report>
				<misses>170400000</misses>
				<total>10</total>
				<timestamp>5112.801861</timestamp>
			</report>
			<report>
				<misses>170500000</misses>
				<total>10</total>
				<timestamp>5115.801876</timestamp>
			</report>
			<report>
				<misses>170600000</misses>
				<total>10</total>
				<timestamp>5118.801924</timestamp>
			</report>
			<report>
				<misses>170700000</misses>
				<total>10</total>
				<timestamp>5121.801990</timestamp>
			</report>
			<report>
				<misses>170800000</misses>
				<total>10</total>
				<timestamp>5124.802062</timestamp>
			</report>
			<report>
				<misses>170900000</misses>
				<total>10</total>
				<timestamp>5127.802072</timestamp>
			</report>
			<report>
				<misses>171000000</misses>
				<total>10</total>
				<timestamp>5130.802064</timestamp>
			</report>
			<report>
				<misses>171100000</misses>
				<total>10</total>
				<timestamp>5133.802123</timestamp>
			</report>
			<report>
				<misses>171200000</misses>
				<total>10</total>
				<timestamp>5136.802161</timestamp>
			</report>
			<report>
				<misses>171300000</misses>
				<total>10</total>
				<timestamp>5139.802469</timestamp>
			</report>
			<report>
				<misses>171400000</misses>
				<total>10</total>
				<timestamp>5142.802487</timestamp>
			</report>
			<report>
				<misses>171500000</misses>
				<total>10</total>
				<timestamp>5145.802505</timestamp>
			</report>
			<report>
				<misses>171600000</misses>
				<total>10</total>
				<timestamp>5148.802534</timestamp>
			</report>
			<report>
				<misses>171700000</misses>
				<total>10</total>
				<timestamp>5151.802552</timestamp>
			</report>
			<report>
				<misses>171800000</misses>
				<total>10</total>
				<timestamp>5154.802553</timestamp>
			</report>
			<report>
				<misses>171900000</misses>
				<total>10</total>
				<timestamp>5157.802551</timestamp>
			</report>
			<report>
				<misses>172000000</misses>
				<total>10</total>
				<timestamp>5160.802545</timestamp>
			</report>
			<report>
				<misses>172100000</misses>
				<total>10</total>
				<timestamp>5163.802551</timestamp>
			</report>
			<report>
				<misses>172200000</misses>
				<total>10</total>
				<timestamp>5166.802544</timestamp>
			</report>
			<report>
				<misses>172300000</misses>
				<total>10</total>
				<timestamp>5169.802608</timestamp>
			</report>
			<report>
				<misses>172400000</misses>
				<total>10</total>
				<timestamp>5172.802636</timestamp>
			</report>
			<report>
				<misses>172500000</misses>
				<total>10</total>
				<timestamp>5175.802633</timestamp>
			</report>
			<report>
				<misses>172600000</misses>
				<total>10</total>
				<timestamp>5178.802635</timestamp>
			</report>
			<report>
				<misses>172700000</misses>
				<total>10</total>
				<timestamp>5181.802850</timestamp>
			</report>
			<report>
				<misses>172800000</misses>
				<total>10</total>
				<timestamp>5184.804534</timestamp>
			</report>
			<report>
				<misses>172900000</misses>
				<total>10</total>
				<timestamp>5187.804669</timestamp>
			</report>
			<report>
				<misses>173000000</misses>
				<total>10</total>
				<timestamp>5190.804697</timestamp>
			</report>
			<report>
				<misses>173100000</misses>
				<total>10</total>
				<timestamp>5193.804711</timestamp>
			</report>
			<report>
				<misses>173200000</misses>
				<total>10</total>
				<timestamp>5196.804702</timestamp>
			</report>
			<report>
				<misses>173300000</misses>
				<total>10</total>
				<timestamp>5199.804711</timestamp>
			</report>
			<report>
				<misses>173400000</misses>
				<total>10</total>
				<timestamp>5202.804857</timestamp>
			</report>
			<report>
				<misses>173500000</misses>
				<total>10</total>
				<timestamp>5205.804864</timestamp>
			</report>
			<report>
				<misses>173600000</misses>
				<total>10</total>
				<timestamp>5208.804888</timestamp>
			</report>
			<report>
				<misses>173700000</misses>
				<total>10</total>
				<timestamp>5211.804878</timestamp>
			</report>
			<report>
				<misses>173800000</misses>
				<total>10</total>
				<timestamp>5214.804894</timestamp>
			</report>
			<report>
				<misses>173900000</misses>
				<total>10</total>
				<timestamp>5217.804903</timestamp>
			</report>
			<report>
				<misses>174000000</misses>
				<total>10</total>
				<timestamp>5220.804924</timestamp>
			</report>
			<report>
				<misses>174100000</misses>
				<total>10</total>
				<timestamp>5223.804931</timestamp>
			</report>
			<report>
				<misses>174200000</misses>
				<total>10</total>
				<timestamp>5226.804978</timestamp>
			</report>
			<report>
				<misses>174300000</misses>
				<total>10</total>
				<timestamp>5229.805002</timestamp>
			</report>
			<report>
				<misses>174400000</misses>
				<total>10</total>
				<timestamp>5232.805021</timestamp>
			</report>
			<report>
				<misses>174500000</misses>
				<total>10</total>
				<timestamp>5235.805048</timestamp>
			</report>
			<report>
				<misses>174600000</misses>
				<total>10</total>
				<timestamp>5238.805090</timestamp>
			</report>
			<report>
				<misses>174700000</misses>
				<total>10</total>
				<timestamp>5241.805113</timestamp>
			</report>
			<report>
				<misses>174800000</misses>
				<total>10</total>
				<timestamp>5244.805149</timestamp>
			</report>
			<report>
				<misses>174900000</misses>
				<total>10</total>
				<timestamp>5247.805202</timestamp>
			</report>
			<report>
				<misses>175000000</misses>
				<total>10</total>
				<timestamp>5250.805219</timestamp>
			</report>
			<report>
				<misses>175100000</misses>
				<total>10</total>
				<timestamp>5253.805337</timestamp>
			</report>
			<report>
				<misses>175200000</misses>
				<total>10</total>
				<timestamp>5256.805344</timestamp>
			</report>
			<report>
				<misses>175300000</misses>
				<total>10</total>
				<timestamp>5259.805354</timestamp>
			</report>
			<report>
				<misses>175400000</misses>
				<total>10</total>
				<timestamp>5262.805396</timestamp>
			</report>
			<report>
				<misses>175500000</misses>
				<total>10</total>
				<timestamp>5265.805413</timestamp>
			</report>
			<report>
				<misses>175600000</misses>
				<total>10</total>
				<timestamp>5268.805442</timestamp>
			</report>
			<report>
				<misses>175700000</misses>
				<total>10</total>
				<timestamp>5271.805475</timestamp>
			</report>
			<report>
				<misses>175800000</misses>
				<total>10</total>
				<timestamp>5274.805484</timestamp>
			</report>
			<report>
				<misses>175900000</misses>
				<total>10</total>
				<timestamp>5277.805479</timestamp>
			</report>
			<report>
				<misses>176000000</misses>
				<total>10</total>
				<timestamp>5280.805491</timestamp>
			</report>
			<report>
				<misses>176100000</misses>
				<total>10</total>
				<timestamp>5283.805497</timestamp>
			</report>
			<report>
				<misses>176200000</misses>
				<total>10</total>
				<timestamp>5286.805534</timestamp>
			</report>
			<report>
				<misses>176300000</misses>
				<total>10</total>
				<timestamp>5289.805552</timestamp>
			</report>
			<report>
				<misses>176400000</misses>
				<total>10</total>
				<timestamp>5292.806944</timestamp>
			</report>
			<report>
				<misses>176500000</misses>
				<total>10</total>
				<timestamp>5295.807922</timestamp>
			</report>
			<report>
				<misses>176600000</misses>
				<total>10</total>
				<timestamp>5298.808130</timestamp>
			</report>
			<report>
				<misses>176700000</misses>
				<total>11</total>
				<timestamp>5301.808137</timestamp>
			</report>
			<report>
				<misses>176800000</misses>
				<total>11</total>
				<timestamp>5304.808180</timestamp>
			</report>
			<report>
				<misses>176900000</misses>
				<total>11</total>
				<timestamp>5307.808595</timestamp>
			</report>
			<report>
				<misses>177000000</misses>
				<total>11</total>
				<timestamp>5310.809432</timestamp>
			</report>
			<report>
				<misses>177100000</misses>
				<total>11</total>
				<timestamp>5313.810205</timestamp>
			</report>
			<report>
				<misses>177200000</misses>
				<total>11</total>
				<timestamp>5316.811009</timestamp>
			</report>
			<report>
				<misses>177300000</misses>
				<total>11</total>
				<timestamp>5319.811521</timestamp>
			</report>
			<report>
				<misses>177400000</misses>
				<total>11</total>
				<timestamp>5322.811765</timestamp>
			</report>
			<report>
				<misses>177500000</misses>
				<total>11</total>
				<timestamp>5325.812447</timestamp>
			</report>
			<report>
				<misses>177600000</misses>
				<total>11</total>
				<timestamp>5328.812784</timestamp>
			</report>
			<report>
				<misses>177700000</misses>
				<total>11</total>
				<timestamp>5331.813128</timestamp>
			</report>
			<report>
				<misses>177800000</misses>
				<total>11</total>
				<timestamp>5334.813446</timestamp>
			</report>
			<report>
				<misses>177900000</misses>
				<total>11</total>
				<timestamp>5337.814141</timestamp>
			</report>
			<report>
				<misses>178000000</misses>
				<total>11</total>
				<timestamp>5340.814212</timestamp>
			</report>
			<report>
				<misses>178100000</misses>
				<total>11</total>
				<timestamp>5343.814825</timestamp>
			</report>
			<report>
				<misses>178200000</misses>
				<total>11</total>
				<timestamp>5346.815041</timestamp>
			</report>
			<report>
				<misses>178300000</misses>
				<total>11</total>
				<timestamp>5349.817034</timestamp>
			</report>
			<report>
				<misses>178400000</misses>
				<total>11</total>
				<timestamp>5352.820196</timestamp>
			</report>
			<report>
				<misses>178500000</misses>
				<total>11</total>
				<timestamp>5355.822074</timestamp>
			</report>
			<report>
				<misses>178600000</misses>
				<total>11</total>
				<timestamp>5358.823365</timestamp>
			</report>
			<report>
				<misses>178700000</misses>
				<total>11</total>
				<timestamp>5361.823538</timestamp>
			</report>
			<report>
				<misses>178800000</misses>
				<total>11</total>
				<timestamp>5364.824257</timestamp>
			</report>
			<report>
				<misses>178900000</misses>
				<total>11</total>
				<timestamp>5367.824399</timestamp>
			</report>
			<report>
				<misses>179000000</misses>
				<total>11</total>
				<timestamp>5370.824489</timestamp>
			</report>
			<report>
				<misses>179100000</misses>
				<total>11</total>
				<timestamp>5373.824511</timestamp>
			</report>
			<report>
				<misses>179200000</misses>
				<total>11</total>
				<timestamp>5376.824550</timestamp>
			</report>
			<report>
				<misses>179300000</misses>
				<total>11</total>
				<timestamp>5379.824583</timestamp>
			</report>
			<report>
				<misses>179400000</misses>
				<total>11</total>
				<timestamp>5382.824602</timestamp>
			</report>
			<report>
				<misses>179500000</misses>
				<total>11</total>
				<timestamp>5385.824613</timestamp>
			</report>
			<report>
				<misses>179600000</misses>
				<total>11</total>
				<timestamp>5388.824633</timestamp>
			</report>
			<report>
				<misses>179700000</misses>
				<total>11</total>
				<timestamp>5391.824637</timestamp>
			</report>
			<report>
				<misses>179800000</misses>
				<total>11</total>
				<timestamp>5394.825036</timestamp>
			</report>
			<report>
				<misses>179900000</misses>
				<total>11</total>
				<timestamp>5397.825057</timestamp>
			</report>
			<report>
				<misses>180000000</misses>
				<total>11</total>
				<timestamp>5400.825090</timestamp>
			</report>
			<report>
				<misses>180100000</misses>
				<total>11</total>
				<timestamp>5403.825134</timestamp>
			</report>
			<report>
				<misses>180200000</misses>
				<total>11</total>
				<timestamp>5406.825142</timestamp>
			</report>
			<report>
				<misses>180300000</misses>
				<total>11</total>
				<timestamp>5409.825162</timestamp>
			</report>
			<report>
				<misses>180400000</misses>
				<total>11</total>
				<timestamp>5412.825181</timestamp>
			</report>
			<report>
				<misses>180500000</misses>
				<total>11</total>
				<timestamp>5415.825214</timestamp>
			</report>
			<report>
				<misses>180600000</misses>
				<total>11</total>
				<timestamp>5418.825246</timestamp>
			</report>
			<report>
				<misses>180700000</misses>
				<total>11</total>
				<timestamp>5421.825285</timestamp>
			</report>
			<report>
				<misses>180800000</misses>
				<total>11</total>
				<timestamp>5424.825300</timestamp>
			</report>
			<report>
				<misses>180900000</misses>
				<total>11</total>
				<timestamp>5427.825357</timestamp>
			</report>
			<report>
				<misses>181000000</misses>
				<total>11</total>
				<timestamp>5430.825379</timestamp>
			</report>
			<report>
				<misses>181100000</misses>
				<total>11</total>
				<timestamp>5433.825401</timestamp>
			</report>
			<report>
				<misses>181200000</misses>
				<total>11</total>
				<timestamp>5436.825427</timestamp>
			</report>
			<report>
				<misses>181300000</misses>
				<total>11</total>
				<timestamp>5439.825442</timestamp>
			</report>
			<report>
				<misses>181400000</misses>
				<total>11</total>
				<timestamp>5442.825450</timestamp>
			</report>
			<report>
				<misses>181500000</misses>
				<total>11</total>
				<timestamp>5445.825477</timestamp>
			</report>
			<report>
				<misses>181600000</misses>
				<total>11</total>
				<timestamp>5448.825522</timestamp>
			</report>
			<report>
				<misses>181700000</misses>
				<total>11</total>
				<timestamp>5451.825535</timestamp>
			</report>
			<report>
				<misses>181800000</misses>
				<total>11</total>
				<timestamp>5454.825566</timestamp>
			</report>
			<report>
				<misses>181900000</misses>
				<total>11</total>
				<timestamp>5457.825726</timestamp>
			</report>
			<report>
				<misses>182000000</misses>
				<total>11</total>
				<timestamp>5460.825982</timestamp>
			</report>
			<report>
				<misses>182100000</misses>
				<total>11</total>
				<timestamp>5463.826041</timestamp>
			</report>
			<report>
				<misses>182200000</misses>
				<total>11</total>
				<timestamp>5466.826047</timestamp>
			</report>
			<report>
				<misses>182300000</misses>
				<total>11</total>
				<timestamp>5469.826073</timestamp>
			</report>
			<report>
				<misses>182400000</misses>
				<total>11</total>
				<timestamp>5472.826106</timestamp>
			</report>
			<report>
				<misses>182500000</misses>
				<total>11</total>
				<timestamp>5475.826128</timestamp>
			</report>
			<report>
				<misses>182600000</misses>
				<total>11</total>
				<timestamp>5478.827353</timestamp>
			</report>
			<report>
				<misses>182700000</misses>
				<total>11</total>
				<timestamp>5481.828021</timestamp>
			</report>
			<report>
				<misses>182800000</misses>
				<total>11</total>
				<timestamp>5484.828247</timestamp>
			</report>
			<report>
				<misses>182900000</misses>
				<total>11</total>
				<timestamp>5487.828869</timestamp>
			</report>
			<report>
				<misses>183000000</misses>
				<total>11</total>
				<timestamp>5490.830081</timestamp>
			</report>
			<report>
				<misses>183100000</misses>
				<total>11</total>
				<timestamp>5493.830489</timestamp>
			</report>
			<report>
				<misses>183200000</misses>
				<total>11</total>
				<timestamp>5496.831478</timestamp>
			</report>
			<report>
				<misses>183300000</misses>
				<total>11</total>
				<timestamp>5499.832205</timestamp>
			</report>
			<report>
				<misses>183400000</misses>
				<total>11</total>
				<timestamp>5502.834061</timestamp>
			</report>
			<report>
				<misses>183500000</misses>
				<total>11</total>
				<timestamp>5505.834921</timestamp>
			</report>
			<report>
				<misses>183600000</misses>
				<total>11</total>
				<timestamp>5508.835261</timestamp>
			</report>
			<report>
				<misses>183700000</misses>
				<total>11</total>
				<timestamp>5511.835833</timestamp>
			</report>
			<report>
				<misses>183800000</misses>
				<total>11</total>
				<timestamp>5514.836737</timestamp>
			</report>
			<report>
				<misses>183900000</misses>
				<total>11</total>
				<timestamp>5517.837936</timestamp>
			</report>
			<report>
				<misses>184000000</misses>
				<total>11</total>
				<timestamp>5520.838672</timestamp>
			</report>
			<report>
				<misses>184100000</misses>
				<total>11</total>
				<timestamp>5523.839229</timestamp>
			</report>
			<report>
				<misses>184200000</misses>
				<total>11</total>
				<timestamp>5526.839294</timestamp>
			</report>
			<report>
				<misses>184300000</misses>
				<total>11</total>
				<timestamp>5529.840745</timestamp>
			</report>
			<report>
				<misses>184400000</misses>
				<total>11</total>
				<timestamp>5532.841840</timestamp>
			</report>
			<report>
				<misses>184500000</misses>
				<total>11</total>
				<timestamp>5535.842378</timestamp>
			</report>
			<report>
				<misses>184600000</misses>
				<total>11</total>
				<timestamp>5538.843504</timestamp>
			</report>
			<report>
				<misses>184700000</misses>
				<total>11</total>
				<timestamp>5541.843785</timestamp>
			</report>
			<report>
				<misses>184800000</misses>
				<total>11</total>
				<timestamp>5544.844531</timestamp>
			</report>
			<report>
				<misses>184900000</misses>
				<total>11</total>
				<timestamp>5547.844807</timestamp>
			</report>
			<report>
				<misses>185000000</misses>
				<total>11</total>
				<timestamp>5550.844910</timestamp>
			</report>
			<report>
				<misses>185100000</misses>
				<total>11</total>
				<timestamp>5553.844909</timestamp>
			</report>
			<report>
				<misses>185200000</misses>
				<total>11</total>
				<timestamp>5556.845857</timestamp>
			</report>
			<report>
				<misses>185300000</misses>
				<total>11</total>
				<timestamp>5559.846928</timestamp>
			</report>
			<report>
				<misses>185400000</misses>
				<total>11</total>
				<timestamp>5562.847726</timestamp>
			</report>
			<report>
				<misses>185500000</misses>
				<total>11</total>
				<timestamp>5565.848032</timestamp>
			</report>
			<report>
				<misses>185600000</misses>
				<total>11</total>
				<timestamp>5568.848754</timestamp>
			</report>
			<report>
				<misses>185700000</misses>
				<total>11</total>
				<timestamp>5571.849800</timestamp>
			</report>
			<report>
				<misses>185800000</misses>
				<total>11</total>
				<timestamp>5574.850420</timestamp>
			</report>
			<report>
				<misses>185900000</misses>
				<total>11</total>
				<timestamp>5577.850438</timestamp>
			</report>
			<report>
				<misses>186000000</misses>
				<total>11</total>
				<timestamp>5580.850740</timestamp>
			</report>
			<report>
				<misses>186100000</misses>
				<total>11</total>
				<timestamp>5583.850865</timestamp>
			</report>
			<report>
				<misses>186200000</misses>
				<total>11</total>
				<timestamp>5586.850891</timestamp>
			</report>
			<report>
				<misses>186300000</misses>
				<total>11</total>
				<timestamp>5589.850923</timestamp>
			</report>
			<report>
				<misses>186400000</misses>
				<total>11</total>
				<timestamp>5592.850935</timestamp>
			</report>
			<report>
				<misses>186500000</misses>
				<total>11</total>
				<timestamp>5595.850953</timestamp>
			</report>
			<report>
				<misses>186600000</misses>
				<total>11</total>
				<timestamp>5598.850980</timestamp>
			</report>
			<report>
				<misses>186700000</misses>
				<total>11</total>
				<timestamp>5601.851191</timestamp>
			</report>
			<report>
				<misses>186800000</misses>
				<total>11</total>
				<timestamp>5604.853145</timestamp>
			</report>
			<report>
				<misses>186900000</misses>
				<total>11</total>
				<timestamp>5607.853170</timestamp>
			</report>
			<report>
				<misses>187000000</misses>
				<total>11</total>
				<timestamp>5610.853207</timestamp>
			</report>
			<report>
				<misses>187100000</misses>
				<total>11</total>
				<timestamp>5613.853297</timestamp>
			</report>
			<report>
				<misses>187200000</misses>
				<total>11</total>
				<timestamp>5616.853888</timestamp>
			</report>
			<report>
				<misses>187300000</misses>
				<total>11</total>
				<timestamp>5619.854174</timestamp>
			</report>
			<report>
				<misses>187400000</misses>
				<total>11</total>
				<timestamp>5622.854196</timestamp>
			</report>
			<report>
				<misses>187500000</misses>
				<total>11</total>
				<timestamp>5625.854569</timestamp>
			</report>
			<report>
				<misses>187600000</misses>
				<total>11</total>
				<timestamp>5628.854744</timestamp>
			</report>
			<report>
				<misses>187700000</misses>
				<total>11</total>
				<timestamp>5631.855120</timestamp>
			</report>
			<report>
				<misses>187800000</misses>
				<total>11</total>
				<timestamp>5634.855155</timestamp>
			</report>
			<report>
				<misses>187900000</misses>
				<total>11</total>
				<timestamp>5637.855166</timestamp>
			</report>
			<report>
				<misses>188000000</misses>
				<total>11</total>
				<timestamp>5640.855287</timestamp>
			</report>
			<report>
				<misses>188100000</misses>
				<total>11</total>
				<timestamp>5643.855745</timestamp>
			</report>
			<report>
				<misses>188200000</misses>
				<total>11</total>
				<timestamp>5646.855804</timestamp>
			</report>
			<report>
				<misses>188300000</misses>
				<total>11</total>
				<timestamp>5649.855803</timestamp>
			</report>
			<report>
				<misses>188400000</misses>
				<total>11</total>
				<timestamp>5652.856045</timestamp>
			</report>
			<report>
				<misses>188500000</misses>
				<total>11</total>
				<timestamp>5655.856194</timestamp>
			</report>
			<report>
				<misses>188600000</misses>
				<total>11</total>
				<timestamp>5658.856523</timestamp>
			</report>
			<report>
				<misses>188700000</misses>
				<total>11</total>
				<timestamp>5661.856813</timestamp>
			</report>
			<report>
				<misses>188800000</misses>
				<total>11</total>
				<timestamp>5664.857087</timestamp>
			</report>
			<report>
				<misses>188900000</misses>
				<total>11</total>
				<timestamp>5667.857602</timestamp>
			</report>
			<report>
				<misses>189000000</misses>
				<total>11</total>
				<timestamp>5670.857992</timestamp>
			</report>
			<report>
				<misses>189100000</misses>
				<total>11</total>
				<timestamp>5673.858026</timestamp>
			</report>
			<report>
				<misses>189200000</misses>
				<total>11</total>
				<timestamp>5676.858963</timestamp>
			</report>
			<report>
				<misses>189300000</misses>
				<total>11</total>
				<timestamp>5679.860613</timestamp>
			</report>
			<report>
				<misses>189400000</misses>
				<total>11</total>
				<timestamp>5682.861286</timestamp>
			</report>
			<report>
				<misses>189500000</misses>
				<total>11</total>
				<timestamp>5685.861534</timestamp>
			</report>
			<report>
				<misses>189600000</misses>
				<total>11</total>
				<timestamp>5688.863341</timestamp>
			</report>
			<report>
				<misses>189700000</misses>
				<total>11</total>
				<timestamp>5691.863451</timestamp>
			</report>
			<report>
				<misses>189800000</misses>
				<total>11</total>
				<timestamp>5694.864012</timestamp>
			</report>
			<report>
				<misses>189900000</misses>
				<total>11</total>
				<timestamp>5697.864784</timestamp>
			</report>
			<report>
				<misses>190000000</misses>
				<total>11</total>
				<timestamp>5700.865296</timestamp>
			</report>
			<report>
				<misses>190100000</misses>
				<total>11</total>
				<timestamp>5703.865797</timestamp>
			</report>
			<report>
				<misses>190200000</misses>
				<total>11</total>
				<timestamp>5706.866737</timestamp>
			</report>
			<report>
				<misses>190300000</misses>
				<total>11</total>
				<timestamp>5709.867477</timestamp>
			</report>
			<report>
				<misses>190400000</misses>
				<total>11</total>
				<timestamp>5712.867505</timestamp>
			</report>
			<report>
				<misses>190500000</misses>
				<total>11</total>
				<timestamp>5715.867544</timestamp>
			</report>
			<report>
				<misses>190600000</misses>
				<total>11</total>
				<timestamp>5718.867565</timestamp>
			</report>
			<report>
				<misses>190700000</misses>
				<total>11</total>
				<timestamp>5721.867625</timestamp>
			</report>
			<report>
				<misses>190800000</misses>
				<total>11</total>
				<timestamp>5724.867651</timestamp>
			</report>
			<report>
				<misses>190900000</misses>
				<total>11</total>
				<timestamp>5727.867663</timestamp>
			</report>
			<report>
				<misses>191000000</misses>
				<total>11</total>
				<timestamp>5730.867712</timestamp>
			</report>
			<report>
				<misses>191100000</misses>
				<total>11</total>
				<timestamp>5733.867768</timestamp>
			</report>
			<report>
				<misses>191200000</misses>
				<total>11</total>
				<timestamp>5736.869157</timestamp>
			</report>
			<report>
				<misses>191300000</misses>
				<total>11</total>
				<timestamp>5739.869729</timestamp>
			</report>
			<report>
				<misses>191400000</misses>
				<total>11</total>
				<timestamp>5742.871301</timestamp>
			</report>
			<report>
				<misses>191500000</misses>
				<total>11</total>
				<timestamp>5745.871526</timestamp>
			</report>
			<report>
				<misses>191600000</misses>
				<total>11</total>
				<timestamp>5748.872124</timestamp>
			</report>
			<report>
				<misses>191700000</misses>
				<total>11</total>
				<timestamp>5751.872836</timestamp>
			</report>
			<report>
				<misses>191800000</misses>
				<total>11</total>
				<timestamp>5754.874245</timestamp>
			</report>
			<report>
				<misses>191900000</misses>
				<total>11</total>
				<timestamp>5757.875343</timestamp>
			</report>
			<report>
				<misses>192000000</misses>
				<total>11</total>
				<timestamp>5760.876398</timestamp>
			</report>
			<report>
				<misses>192100000</misses>
				<total>11</total>
				<timestamp>5763.877635</timestamp>
			</report>
			<report>
				<misses>192200000</misses>
				<total>11</total>
				<timestamp>5766.878251</timestamp>
			</report>
			<report>
				<misses>192300000</misses>
				<total>11</total>
				<timestamp>5769.879289</timestamp>
			</report>
			<report>
				<misses>192400000</misses>
				<total>11</total>
				<timestamp>5772.879980</timestamp>
			</report>
			<report>
				<misses>192500000</misses>
				<total>11</total>
				<timestamp>5775.880001</timestamp>
			</report>
			<report>
				<misses>192600000</misses>
				<total>11</total>
				<timestamp>5778.880009</timestamp>
			</report>
			<report>
				<misses>192700000</misses>
				<total>11</total>
				<timestamp>5781.880557</timestamp>
			</report>
			<report>
				<misses>192800000</misses>
				<total>11</total>
				<timestamp>5784.880596</timestamp>
			</report>
			<report>
				<misses>192900000</misses>
				<total>11</total>
				<timestamp>5787.880974</timestamp>
			</report>
			<report>
				<misses>193000000</misses>
				<total>11</total>
				<timestamp>5790.882030</timestamp>
			</report>
			<report>
				<misses>193100000</misses>
				<total>11</total>
				<timestamp>5793.882573</timestamp>
			</report>
			<report>
				<misses>193200000</misses>
				<total>11</total>
				<timestamp>5796.882961</timestamp>
			</report>
			<report>
				<misses>193300000</misses>
				<total>11</total>
				<timestamp>5799.882994</timestamp>
			</report>
			<report>
				<misses>193400000</misses>
				<total>11</total>
				<timestamp>5802.883039</timestamp>
			</report>
			<report>
				<misses>193500000</misses>
				<total>11</total>
				<timestamp>5805.883052</timestamp>
			</report>
			<report>
				<misses>193600000</misses>
				<total>11</total>
				<timestamp>5808.883071</timestamp>
			</report>
			<report>
				<misses>193700000</misses>
				<total>11</total>
				<timestamp>5811.883114</timestamp>
			</report>
			<report>
				<misses>193800000</misses>
				<total>11</total>
				<timestamp>5814.883129</timestamp>
			</report>
			<report>
				<misses>193900000</misses>
				<total>11</total>
				<timestamp>5817.883570</timestamp>
			</report>
			<report>
				<misses>194000000</misses>
				<total>11</total>
				<timestamp>5820.884700</timestamp>
			</report>
			<report>
				<misses>194100000</misses>
				<total>11</total>
				<timestamp>5823.885411</timestamp>
			</report>
			<report>
				<misses>194200000</misses>
				<total>11</total>
				<timestamp>5826.885441</timestamp>
			</report>
			<report>
				<misses>194300000</misses>
				<total>11</total>
				<timestamp>5829.885519</timestamp>
			</report>
			<report>
				<misses>194400000</misses>
				<total>11</total>
				<timestamp>5832.887207</timestamp>
			</report>
			<report>
				<misses>194500000</misses>
				<total>11</total>
				<timestamp>5835.887636</timestamp>
			</report>
			<report>
				<misses>194600000</misses>
				<total>11</total>
				<timestamp>5838.889128</timestamp>
			</report>
			<report>
				<misses>194700000</misses>
				<total>11</total>
				<timestamp>5841.891207</timestamp>
			</report>
			<report>
				<misses>194800000</misses>
				<total>11</total>
				<timestamp>5844.892249</timestamp>
			</report>
			<report>
				<misses>194900000</misses>
				<total>11</total>
				<timestamp>5847.893036</timestamp>
			</report>
			<report>
				<misses>195000000</misses>
				<total>11</total>
				<timestamp>5850.893500</timestamp>
			</report>
			<report>
				<misses>195100000</misses>
				<total>11</total>
				<timestamp>5853.894854</timestamp>
			</report>
			<report>
				<misses>195200000</misses>
				<total>11</total>
				<timestamp>5856.895600</timestamp>
			</report>
			<report>
				<misses>195300000</misses>
				<total>11</total>
				<timestamp>5859.896158</timestamp>
			</report>
			<report>
				<misses>195400000</misses>
				<total>11</total>
				<timestamp>5862.896725</timestamp>
			</report>
			<report>
				<misses>195500000</misses>
				<total>11</total>
				<timestamp>5865.896754</timestamp>
			</report>
			<report>
				<misses>195600000</misses>
				<total>11</total>
				<timestamp>5868.896934</timestamp>
			</report>
			<report>
				<misses>195700000</misses>
				<total>11</total>
				<timestamp>5871.896966</timestamp>
			</report>
			<report>
				<misses>195800000</misses>
				<total>11</total>
				<timestamp>5874.897034</timestamp>
			</report>
			<report>
				<misses>195900000</misses>
				<total>11</total>
				<timestamp>5877.898254</timestamp>
			</report>
			<report>
				<misses>196000000</misses>
				<total>11</total>
				<timestamp>5880.899400</timestamp>
			</report>
			<report>
				<misses>196100000</misses>
				<total>11</total>
				<timestamp>5883.899576</timestamp>
			</report>
			<report>
				<misses>196200000</misses>
				<total>11</total>
				<timestamp>5886.899805</timestamp>
			</report>
			<report>
				<misses>196300000</misses>
				<total>11</total>
				<timestamp>5889.900739</timestamp>
			</report>
			<report>
				<misses>196400000</misses>
				<total>11</total>
				<timestamp>5892.901318</timestamp>
			</report>
			<report>
				<misses>196500000</misses>
				<total>11</total>
				<timestamp>5895.902217</timestamp>
			</report>
			<report>
				<misses>196600000</misses>
				<total>11</total>
				<timestamp>5898.903805</timestamp>
			</report>
			<report>
				<misses>196700000</misses>
				<total>11</total>
				<timestamp>5901.904160</timestamp>
			</report>
			<report>
				<misses>196800000</misses>
				<total>11</total>
				<timestamp>5904.905488</timestamp>
			</report>
			<report>
				<misses>196900000</misses>
				<total>11</total>
				<timestamp>5907.906993</timestamp>
			</report>
			<report>
				<misses>197000000</misses>
				<total>11</total>
				<timestamp>5910.907129</timestamp>
			</report>
			<report>
				<misses>197100000</misses>
				<total>11</total>
				<timestamp>5913.907197</timestamp>
			</report>
			<report>
				<misses>197200000</misses>
				<total>11</total>
				<timestamp>5916.909319</timestamp>
			</report>
			<report>
				<misses>197300000</misses>
				<total>11</total>
				<timestamp>5919.909630</timestamp>
			</report>
			<report>
				<misses>197400000</misses>
				<total>11</total>
				<timestamp>5922.909709</timestamp>
			</report>
			<report>
				<misses>197500000</misses>
				<total>11</total>
				<timestamp>5925.909716</timestamp>
			</report>
			<report>
				<misses>197600000</misses>
				<total>11</total>
				<timestamp>5928.909744</timestamp>
			</report>
			<report>
				<misses>197700000</misses>
				<total>11</total>
				<timestamp>5931.909800</timestamp>
			</report>
			<report>
				<misses>197800000</misses>
				<total>11</total>
				<timestamp>5934.909889</timestamp>
			</report>
			<report>
				<misses>197900000</misses>
				<total>11</total>
				<timestamp>5937.909902</timestamp>
			</report>
			<report>
				<misses>198000000</misses>
				<total>11</total>
				<timestamp>5940.910502</timestamp>
			</report>
			<report>
				<misses>198100000</misses>
				<total>11</total>
				<timestamp>5943.910539</timestamp>
			</report>
			<report>
				<misses>198200000</misses>
				<total>11</total>
				<timestamp>5946.910577</timestamp>
			</report>
			<report>
				<misses>198300000</misses>
				<total>11</total>
				<timestamp>5949.911136</timestamp>
			</report>
			<report>
				<misses>198400000</misses>
				<total>11</total>
				<timestamp>5952.911307</timestamp>
			</report>
			<report>
				<misses>198500000</misses>
				<total>11</total>
				<timestamp>5955.911340</timestamp>
			</report>
			<report>
				<misses>198600000</misses>
				<total>11</total>
				<timestamp>5958.911403</timestamp>
			</report>
			<report>
				<misses>198700000</misses>
				<total>11</total>
				<timestamp>5961.911483</timestamp>
			</report>
			<report>
				<misses>198800000</misses>
				<total>11</total>
				<timestamp>5964.911513</timestamp>
			</report>
			<report>
				<misses>198900000</misses>
				<total>11</total>
				<timestamp>5967.912598</timestamp>
			</report>
			<report>
				<misses>199000000</misses>
				<total>11</total>
				<timestamp>5970.914026</timestamp>
			</report>
			<report>
				<misses>199100000</misses>
				<total>11</total>
				<timestamp>5973.915204</timestamp>
			</report>
			<report>
				<misses>199200000</misses>
				<total>11</total>
				<timestamp>5976.916100</timestamp>
			</report>
			<report>
				<misses>199300000</misses>
				<total>11</total>
				<timestamp>5979.916263</timestamp>
			</report>
			<report>
				<misses>199400000</misses>
				<total>11</total>
				<timestamp>5982.916347</timestamp>
			</report>
			<report>
				<misses>199500000</misses>
				<total>11</total>
				<timestamp>5985.916414</timestamp>
			</report>
			<report>
				<misses>199600000</misses>
				<total>11</total>
				<timestamp>5988.916446</timestamp>
			</report>
			<report>
				<misses>199700000</misses>
				<total>11</total>
				<timestamp>5991.916606</timestamp>
			</report>
			<report>
				<misses>199800000</misses>
				<total>11</total>
				<timestamp>5994.917342</timestamp>
			</report>
			<report>
				<misses>199900000</misses>
				<total>11</total>
				<timestamp>5997.917401</timestamp>
			</report>
			<report>
				<misses>200000000</misses>
				<total>11</total>
				<timestamp>6000.917705</timestamp>
			</report>
			<report>
				<misses>200100000</misses>
				<total>11</total>
				<timestamp>6003.917731</timestamp>
			</report>
			<report>
				<misses>200200000</misses>
				<total>11</total>
				<timestamp>6006.917806</timestamp>
			</report>
			<report>
				<misses>200300000</misses>
				<total>11</total>
				<timestamp>6009.919055</timestamp>
			</report>
			<report>
				<misses>200400000</misses>
				<total>11</total>
				<timestamp>6012.920055</timestamp>
			</report>
			<report>
				<misses>200500000</misses>
				<total>11</total>
				<timestamp>6015.920368</timestamp>
			</report>
			<report>
				<misses>200600000</misses>
				<total>11</total>
				<timestamp>6018.920417</timestamp>
			</report>
			<report>
				<misses>200700000</misses>
				<total>11</total>
				<timestamp>6021.921314</timestamp>
			</report>
			<report>
				<misses>200800000</misses>
				<total>11</total>
				<timestamp>6024.921728</timestamp>
			</report>
			<report>
				<misses>200900000</misses>
				<total>11</total>
				<timestamp>6027.921883</timestamp>
			</report>
			<report>
				<misses>201000000</misses>
				<total>11</total>
				<timestamp>6030.921965</timestamp>
			</report>
			<report>
				<misses>201100000</misses>
				<total>11</total>
				<timestamp>6033.921985</timestamp>
			</report>
			<report>
				<misses>201200000</misses>
				<total>11</total>
				<timestamp>6036.922034</timestamp>
			</report>
			<report>
				<misses>201300000</misses>
				<total>11</total>
				<timestamp>6039.923370</timestamp>
			</report>
			<report>
				<misses>201400000</misses>
				<total>11</total>
				<timestamp>6042.924601</timestamp>
			</report>
			<report>
				<misses>201500000</misses>
				<total>11</total>
				<timestamp>6045.925997</timestamp>
			</report>
			<report>
				<misses>201600000</misses>
				<total>11</total>
				<timestamp>6048.926945</timestamp>
			</report>
			<report>
				<misses>201700000</misses>
				<total>11</total>
				<timestamp>6051.927144</timestamp>
			</report>
			<report>
				<misses>201800000</misses>
				<total>11</total>
				<timestamp>6054.927429</timestamp>
			</report>
			<report>
				<misses>201900000</misses>
				<total>11</total>
				<timestamp>6057.928319</timestamp>
			</report>
			<report>
				<misses>202000000</misses>
				<total>11</total>
				<timestamp>6060.929397</timestamp>
			</report>
			<report>
				<misses>202100000</misses>
				<total>11</total>
				<timestamp>6063.932080</timestamp>
			</report>
			<report>
				<misses>202200000</misses>
				<total>11</total>
				<timestamp>6066.933830</timestamp>
			</report>
			<report>
				<misses>202300000</misses>
				<total>11</total>
				<timestamp>6069.934406</timestamp>
			</report>
			<report>
				<misses>202400000</misses>
				<total>11</total>
				<timestamp>6072.934435</timestamp>
			</report>
			<report>
				<misses>202500000</misses>
				<total>11</total>
				<timestamp>6075.934460</timestamp>
			</report>
			<report>
				<misses>202600000</misses>
				<total>11</total>
				<timestamp>6078.934473</timestamp>
			</report>
			<report>
				<misses>202700000</misses>
				<total>11</total>
				<timestamp>6081.934497</timestamp>
			</report>
			<report>
				<misses>202800000</misses>
				<total>11</total>
				<timestamp>6084.934519</timestamp>
			</report>
			<report>
				<misses>202900000</misses>
				<total>11</total>
				<timestamp>6087.934535</timestamp>
			</report>
			<report>
				<misses>203000000</misses>
				<total>11</total>
				<timestamp>6090.934710</timestamp>
			</report>
			<report>
				<misses>203100000</misses>
				<total>11</total>
				<timestamp>6093.934932</timestamp>
			</report>
			<report>
				<misses>203200000</misses>
				<total>11</total>
				<timestamp>6096.934946</timestamp>
			</report>
			<report>
				<misses>203300000</misses>
				<total>11</total>
				<timestamp>6099.935006</timestamp>
			</report>
			<report>
				<misses>203400000</misses>
				<total>11</total>
				<timestamp>6102.935034</timestamp>
			</report>
			<report>
				<misses>203500000</misses>
				<total>11</total>
				<timestamp>6105.935036</timestamp>
			</report>
			<report>
				<misses>203600000</misses>
				<total>11</total>
				<timestamp>6108.935098</timestamp>
			</report>
			<report>
				<misses>203700000</misses>
				<total>11</total>
				<timestamp>6111.935120</timestamp>
			</report>
			<report>
				<misses>203800000</misses>
				<total>11</total>
				<timestamp>6114.935115</timestamp>
			</report>
			<report>
				<misses>203900000</misses>
				<total>11</total>
				<timestamp>6117.935129</timestamp>
			</report>
			<report>
				<misses>204000000</misses>
				<total>11</total>
				<timestamp>6120.935155</timestamp>
			</report>
			<report>
				<misses>204100000</misses>
				<total>11</total>
				<timestamp>6123.935201</timestamp>
			</report>
			<report>
				<misses>204200000</misses>
				<total>11</total>
				<timestamp>6126.935457</timestamp>
			</report>
			<report>
				<misses>204300000</misses>
				<total>11</total>
				<timestamp>6129.935554</timestamp>
			</report>
			<report>
				<misses>204400000</misses>
				<total>11</total>
				<timestamp>6132.937105</timestamp>
			</report>
			<report>
				<misses>204500000</misses>
				<total>11</total>
				<timestamp>6135.937231</timestamp>
			</report>
			<report>
				<misses>204600000</misses>
				<total>11</total>
				<timestamp>6138.937757</timestamp>
			</report>
			<report>
				<misses>204700000</misses>
				<total>11</total>
				<timestamp>6141.937959</timestamp>
			</report>
			<report>
				<misses>204800000</misses>
				<total>11</total>
				<timestamp>6144.938723</timestamp>
			</report>
			<report>
				<misses>204900000</misses>
				<total>11</total>
				<timestamp>6147.939541</timestamp>
			</report>
			<report>
				<misses>205000000</misses>
				<total>11</total>
				<timestamp>6150.940021</timestamp>
			</report>
			<report>
				<misses>205100000</misses>
				<total>11</total>
				<timestamp>6153.940974</timestamp>
			</report>
			<report>
				<misses>205200000</misses>
				<total>11</total>
				<timestamp>6156.941056</timestamp>
			</report>
			<report>
				<misses>205300000</misses>
				<total>11</total>
				<timestamp>6159.941173</timestamp>
			</report>
			<report>
				<misses>205400000</misses>
				<total>11</total>
				<timestamp>6162.941214</timestamp>
			</report>
			<report>
				<misses>205500000</misses>
				<total>11</total>
				<timestamp>6165.941223</timestamp>
			</report>
			<report>
				<misses>205600000</misses>
				<total>11</total>
				<timestamp>6168.941249</timestamp>
			</report>
			<report>
				<misses>205700000</misses>
				<total>11</total>
				<timestamp>6171.941287</timestamp>
			</report>
			<report>
				<misses>205800000</misses>
				<total>11</total>
				<timestamp>6174.941302</timestamp>
			</report>
			<report>
				<misses>205900000</misses>
				<total>11</total>
				<timestamp>6177.941693</timestamp>
			</report>
			<report>
				<misses>206000000</misses>
				<total>11</total>
				<timestamp>6180.941707</timestamp>
			</report>
			<report>
				<misses>206100000</misses>
				<total>11</total>
				<timestamp>6183.941735</timestamp>
			</report>
			<report>
				<misses>206200000</misses>
				<total>11</total>
				<timestamp>6186.942610</timestamp>
			</report>
			<report>
				<misses>206300000</misses>
				<total>11</total>
				<timestamp>6189.942946</timestamp>
			</report>
			<report>
				<misses>206400000</misses>
				<total>11</total>
				<timestamp>6192.942959</timestamp>
			</report>
			<report>
				<misses>206500000</misses>
				<total>11</total>
				<timestamp>6195.944605</timestamp>
			</report>
			<report>
				<misses>206600000</misses>
				<total>11</total>
				<timestamp>6198.945721</timestamp>
			</report>
			<report>
				<misses>206700000</misses>
				<total>11</total>
				<timestamp>6201.946912</timestamp>
			</report>
			<report>
				<misses>206800000</misses>
				<total>11</total>
				<timestamp>6204.947874</timestamp>
			</report>
			<report>
				<misses>206900000</misses>
				<total>11</total>
				<timestamp>6207.948453</timestamp>
			</report>
			<report>
				<misses>207000000</misses>
				<total>11</total>
				<timestamp>6210.948528</timestamp>
			</report>
			<report>
				<misses>207100000</misses>
				<total>11</total>
				<timestamp>6213.948971</timestamp>
			</report>
			<report>
				<misses>207200000</misses>
				<total>11</total>
				<timestamp>6216.949654</timestamp>
			</report>
			<report>
				<misses>207300000</misses>
				<total>11</total>
				<timestamp>6219.950964</timestamp>
			</report>
			<report>
				<misses>207400000</misses>
				<total>11</total>
				<timestamp>6222.951824</timestamp>
			</report>
			<report>
				<misses>207500000</misses>
				<total>11</total>
				<timestamp>6225.952646</timestamp>
			</report>
			<report>
				<misses>207600000</misses>
				<total>11</total>
				<timestamp>6228.953015</timestamp>
			</report>
			<report>
				<misses>207700000</misses>
				<total>12</total>
				<timestamp>6231.953265</timestamp>
			</report>
			<report>
				<misses>207800000</misses>
				<total>12</total>
				<timestamp>6234.953475</timestamp>
			</report>
			<report>
				<misses>207900000</misses>
				<total>12</total>
				<timestamp>6237.954501</timestamp>
			</report>
			<report>
				<misses>208000000</misses>
				<total>12</total>
				<timestamp>6240.955707</timestamp>
			</report>
			<report>
				<misses>208100000</misses>
				<total>12</total>
				<timestamp>6243.956084</timestamp>
			</report>
			<report>
				<misses>208200000</misses>
				<total>12</total>
				<timestamp>6246.956136</timestamp>
			</report>
			<report>
				<misses>208300000</misses>
				<total>12</total>
				<timestamp>6249.956162</timestamp>
			</report>
			<report>
				<misses>208400000</misses>
				<total>12</total>
				<timestamp>6252.956186</timestamp>
			</report>
			<report>
				<misses>208500000</misses>
				<total>12</total>
				<timestamp>6255.956215</timestamp>
			</report>
			<report>
				<misses>208600000</misses>
				<total>12</total>
				<timestamp>6258.956243</timestamp>
			</report>
			<report>
				<misses>208700000</misses>
				<total>12</total>
				<timestamp>6261.956254</timestamp>
			</report>
			<report>
				<misses>208800000</misses>
				<total>12</total>
				<timestamp>6264.956293</timestamp>
			</report>
			<report>
				<misses>208900000</misses>
				<total>12</total>
				<timestamp>6267.956290</timestamp>
			</report>
			<report>
				<misses>209000000</misses>
				<total>12</total>
				<timestamp>6270.956360</timestamp>
			</report>
			<report>
				<misses>209100000</misses>
				<total>12</total>
				<timestamp>6273.956383</timestamp>
			</report>
			<report>
				<misses>209200000</misses>
				<total>12</total>
				<timestamp>6276.956402</timestamp>
			</report>
			<report>
				<misses>209300000</misses>
				<total>12</total>
				<timestamp>6279.956483</timestamp>
			</report>
			<report>
				<misses>209400000</misses>
				<total>12</total>
				<timestamp>6282.956772</timestamp>
			</report>
			<report>
				<misses>209500000</misses>
				<total>12</total>
				<timestamp>6285.957184</timestamp>
			</report>
			<report>
				<misses>209600000</misses>
				<total>12</total>
				<timestamp>6288.957572</timestamp>
			</report>
			<report>
				<misses>209700000</misses>
				<total>12</total>
				<timestamp>6291.957596</timestamp>
			</report>
			<report>
				<misses>209800000</misses>
				<total>12</total>
				<timestamp>6294.958440</timestamp>
			</report>
			<report>
				<misses>209900000</misses>
				<total>12</total>
				<timestamp>6297.959173</timestamp>
			</report>
			<report>
				<misses>210000000</misses>
				<total>12</total>
				<timestamp>6300.959495</timestamp>
			</report>
			<report>
				<misses>210100000</misses>
				<total>12</total>
				<timestamp>6303.960429</timestamp>
			</report>
			<report>
				<misses>210200000</misses>
				<total>12</total>
				<timestamp>6306.960540</timestamp>
			</report>
			<report>
				<misses>210300000</misses>
				<total>12</total>
				<timestamp>6309.960948</timestamp>
			</report>
			<report>
				<misses>210400000</misses>
				<total>12</total>
				<timestamp>6312.961985</timestamp>
			</report>
			<report>
				<misses>210500000</misses>
				<total>12</total>
				<timestamp>6315.962519</timestamp>
			</report>
			<report>
				<misses>210600000</misses>
				<total>12</total>
				<timestamp>6318.962715</timestamp>
			</report>
			<report>
				<misses>210700000</misses>
				<total>12</total>
				<timestamp>6321.963280</timestamp>
			</report>
			<report>
				<misses>210800000</misses>
				<total>12</total>
				<timestamp>6324.963851</timestamp>
			</report>
			<report>
				<misses>210900000</misses>
				<total>12</total>
				<timestamp>6327.964149</timestamp>
			</report>
			<report>
				<misses>211000000</misses>
				<total>12</total>
				<timestamp>6330.965806</timestamp>
			</report>
			<report>
				<misses>211100000</misses>
				<total>12</total>
				<timestamp>6333.965957</timestamp>
			</report>
			<report>
				<misses>211200000</misses>
				<total>12</total>
				<timestamp>6336.966284</timestamp>
			</report>
			<report>
				<misses>211300000</misses>
				<total>12</total>
				<timestamp>6339.967587</timestamp>
			</report>
			<report>
				<misses>211400000</misses>
				<total>12</total>
				<timestamp>6342.968480</timestamp>
			</report>
			<report>
				<misses>211500000</misses>
				<total>12</total>
				<timestamp>6345.968769</timestamp>
			</report>
			<report>
				<misses>211600000</misses>
				<total>12</total>
				<timestamp>6348.970383</timestamp>
			</report>
			<report>
				<misses>211700000</misses>
				<total>12</total>
				<timestamp>6351.970412</timestamp>
			</report>
			<report>
				<misses>211800000</misses>
				<total>12</total>
				<timestamp>6354.970431</timestamp>
			</report>
			<report>
				<misses>211900000</misses>
				<total>12</total>
				<timestamp>6357.970446</timestamp>
			</report>
			<report>
				<misses>212000000</misses>
				<total>12</total>
				<timestamp>6360.970463</timestamp>
			</report>
			<report>
				<misses>212100000</misses>
				<total>12</total>
				<timestamp>6363.970478</timestamp>
			</report>
			<report>
				<misses>212200000</misses>
				<total>12</total>
				<timestamp>6366.970501</timestamp>
			</report>
			<report>
				<misses>212300000</misses>
				<total>12</total>
				<timestamp>6369.970523</timestamp>
			</report>
			<report>
				<misses>212400000</misses>
				<total>12</total>
				<timestamp>6372.971568</timestamp>
			</report>
			<report>
				<misses>212500000</misses>
				<total>12</total>
				<timestamp>6375.972065</timestamp>
			</report>
			<report>
				<misses>212600000</misses>
				<total>12</total>
				<timestamp>6378.972572</timestamp>
			</report>
			<report>
				<misses>212700000</misses>
				<total>12</total>
				<timestamp>6381.972599</timestamp>
			</report>
			<report>
				<misses>212800000</misses>
				<total>12</total>
				<timestamp>6384.972625</timestamp>
			</report>
			<report>
				<misses>212900000</misses>
				<total>12</total>
				<timestamp>6387.972673</timestamp>
			</report>
			<report>
				<misses>213000000</misses>
				<total>12</total>
				<timestamp>6390.973130</timestamp>
			</report>
			<report>
				<misses>213100000</misses>
				<total>12</total>
				<timestamp>6393.973158</timestamp>
			</report>
			<report>
				<misses>213200000</misses>
				<total>12</total>
				<timestamp>6396.973163</timestamp>
			</report>
			<report>
				<misses>213300000</misses>
				<total>12</total>
				<timestamp>6399.973179</timestamp>
			</report>
			<report>
				<misses>213400000</misses>
				<total>12</total>
				<timestamp>6402.973204</timestamp>
			</report>
			<report>
				<misses>213500000</misses>
				<total>12</total>
				<timestamp>6405.973228</timestamp>
			</report>
			<report>
				<misses>213600000</misses>
				<total>12</total>
				<timestamp>6408.973410</timestamp>
			</report>
			<report>
				<misses>213700000</misses>
				<total>12</total>
				<timestamp>6411.973775</timestamp>
			</report>
			<report>
				<misses>213800000</misses>
				<total>12</total>
				<timestamp>6414.975022</timestamp>
			</report>
			<report>
				<misses>213900000</misses>
				<total>12</total>
				<timestamp>6417.975467</timestamp>
			</report>
			<report>
				<misses>214000000</misses>
				<total>12</total>
				<timestamp>6420.975615</timestamp>
			</report>
			<report>
				<misses>214100000</misses>
				<total>12</total>
				<timestamp>6423.976893</timestamp>
			</report>
			<report>
				<misses>214200000</misses>
				<total>12</total>
				<timestamp>6426.977202</timestamp>
			</report>
			<report>
				<misses>214300000</misses>
				<total>12</total>
				<timestamp>6429.978138</timestamp>
			</report>
			<report>
				<misses>214400000</misses>
				<total>12</total>
				<timestamp>6432.978602</timestamp>
			</report>
			<report>
				<misses>214500000</misses>
				<total>12</total>
				<timestamp>6435.980398</timestamp>
			</report>
			<report>
				<misses>214600000</misses>
				<total>12</total>
				<timestamp>6438.981147</timestamp>
			</report>
			<report>
				<misses>214700000</misses>
				<total>12</total>
				<timestamp>6441.981958</timestamp>
			</report>
			<report>
				<misses>214800000</misses>
				<total>12</total>
				<timestamp>6444.982905</timestamp>
			</report>
			<report>
				<misses>214900000</misses>
				<total>12</total>
				<timestamp>6447.983164</timestamp>
			</report>
			<report>
				<misses>215000000</misses>
				<total>12</total>
				<timestamp>6450.985670</timestamp>
			</report>
			<report>
				<misses>215100000</misses>
				<total>12</total>
				<timestamp>6453.986234</timestamp>
			</report>
			<report>
				<misses>215200000</misses>
				<total>12</total>
				<timestamp>6456.986239</timestamp>
			</report>
			<report>
				<misses>215300000</misses>
				<total>12</total>
				<timestamp>6459.986266</timestamp>
			</report>
			<report>
				<misses>215400000</misses>
				<total>12</total>
				<timestamp>6462.986329</timestamp>
			</report>
			<report>
				<misses>215500000</misses>
				<total>12</total>
				<timestamp>6465.986352</timestamp>
			</report>
			<report>
				<misses>215600000</misses>
				<total>12</total>
				<timestamp>6468.986389</timestamp>
			</report>
			<report>
				<misses>215700000</misses>
				<total>12</total>
				<timestamp>6471.986394</timestamp>
			</report>
			<report>
				<misses>215800000</misses>
				<total>12</total>
				<timestamp>6474.986398</timestamp>
			</report>
			<report>
				<misses>215900000</misses>
				<total>12</total>
				<timestamp>6477.986437</timestamp>
			</report>
			<report>
				<misses>216000000</misses>
				<total>12</total>
				<timestamp>6480.986456</timestamp>
			</report>
			<report>
				<misses>216100000</misses>
				<total>12</total>
				<timestamp>6483.986484</timestamp>
			</report>
			<report>
				<misses>216200000</misses>
				<total>12</total>
				<timestamp>6486.986819</timestamp>
			</report>
			<report>
				<misses>216300000</misses>
				<total>12</total>
				<timestamp>6489.988327</timestamp>
			</report>
			<report>
				<misses>216400000</misses>
				<total>12</total>
				<timestamp>6492.991991</timestamp>
			</report>
			<report>
				<misses>216500000</misses>
				<total>12</total>
				<timestamp>6495.992403</timestamp>
			</report>
			<report>
				<misses>216600000</misses>
				<total>12</total>
				<timestamp>6498.992426</timestamp>
			</report>
			<report>
				<misses>216700000</misses>
				<total>12</total>
				<timestamp>6501.992453</timestamp>
			</report>
			<report>
				<misses>216800000</misses>
				<total>12</total>
				<timestamp>6504.992475</timestamp>
			</report>
			<report>
				<misses>216900000</misses>
				<total>12</total>
				<timestamp>6507.992492</timestamp>
			</report>
			<report>
				<misses>217000000</misses>
				<total>12</total>
				<timestamp>6510.992759</timestamp>
			</report>
			<report>
				<misses>217100000</misses>
				<total>12</total>
				<timestamp>6513.992861</timestamp>
			</report>
			<report>
				<misses>217200000</misses>
				<total>12</total>
				<timestamp>6516.995034</timestamp>
			</report>
			<report>
				<misses>217300000</misses>
				<total>12</total>
				<timestamp>6519.995688</timestamp>
			</report>
			<report>
				<misses>217400000</misses>
				<total>12</total>
				<timestamp>6522.997946</timestamp>
			</report>
			<report>
				<misses>217500000</misses>
				<total>12</total>
				<timestamp>6526.000120</timestamp>
			</report>
			<report>
				<misses>217600000</misses>
				<total>12</total>
				<timestamp>6529.000337</timestamp>
			</report>
			<report>
				<misses>217700000</misses>
				<total>12</total>
				<timestamp>6532.000366</timestamp>
			</report>
			<report>
				<misses>217800000</misses>
				<total>12</total>
				<timestamp>6535.000544</timestamp>
			</report>
			<report>
				<misses>217900000</misses>
				<total>12</total>
				<timestamp>6538.000557</timestamp>
			</report>
			<report>
				<misses>218000000</misses>
				<total>12</total>
				<timestamp>6541.000708</timestamp>
			</report>
			<report>
				<misses>218100000</misses>
				<total>12</total>
				<timestamp>6544.000822</timestamp>
			</report>
			<report>
				<misses>218200000</misses>
				<total>12</total>
				<timestamp>6547.001866</timestamp>
			</report>
			<report>
				<misses>218300000</misses>
				<total>12</total>
				<timestamp>6550.002624</timestamp>
			</report>
			<report>
				<misses>218400000</misses>
				<total>12</total>
				<timestamp>6553.003089</timestamp>
			</report>
			<report>
				<misses>218500000</misses>
				<total>12</total>
				<timestamp>6556.004068</timestamp>
			</report>
			<report>
				<misses>218600000</misses>
				<total>12</total>
				<timestamp>6559.004508</timestamp>
			</report>
			<report>
				<misses>218700000</misses>
				<total>12</total>
				<timestamp>6562.005125</timestamp>
			</report>
			<report>
				<misses>218800000</misses>
				<total>12</total>
				<timestamp>6565.005341</timestamp>
			</report>
			<report>
				<misses>218900000</misses>
				<total>12</total>
				<timestamp>6568.005485</timestamp>
			</report>
			<report>
				<misses>219000000</misses>
				<total>12</total>
				<timestamp>6571.005892</timestamp>
			</report>
			<report>
				<misses>219100000</misses>
				<total>12</total>
				<timestamp>6574.006112</timestamp>
			</report>
			<report>
				<misses>219200000</misses>
				<total>12</total>
				<timestamp>6577.006948</timestamp>
			</report>
			<report>
				<misses>219300000</misses>
				<total>12</total>
				<timestamp>6580.007187</timestamp>
			</report>
			<report>
				<misses>219400000</misses>
				<total>12</total>
				<timestamp>6583.007287</timestamp>
			</report>
			<report>
				<misses>219500000</misses>
				<total>12</total>
				<timestamp>6586.007431</timestamp>
			</report>
			<report>
				<misses>219600000</misses>
				<total>12</total>
				<timestamp>6589.007484</timestamp>
			</report>
			<report>
				<misses>219700000</misses>
				<total>12</total>
				<timestamp>6592.007894</timestamp>
			</report>
			<report>
				<misses>219800000</misses>
				<total>12</total>
				<timestamp>6595.007922</timestamp>
			</report>
			<report>
				<misses>219900000</misses>
				<total>12</total>
				<timestamp>6598.008419</timestamp>
			</report>
			<report>
				<misses>220000000</misses>
				<total>12</total>
				<timestamp>6601.008441</timestamp>
			</report>
			<report>
				<misses>220100000</misses>
				<total>12</total>
				<timestamp>6604.008563</timestamp>
			</report>
			<report>
				<misses>220200000</misses>
				<total>12</total>
				<timestamp>6607.009540</timestamp>
			</report>
			<report>
				<misses>220300000</misses>
				<total>12</total>
				<timestamp>6610.011366</timestamp>
			</report>
			<report>
				<misses>220400000</misses>
				<total>12</total>
				<timestamp>6613.011932</timestamp>
			</report>
			<report>
				<misses>220500000</misses>
				<total>12</total>
				<timestamp>6616.013652</timestamp>
			</report>
			<report>
				<misses>220600000</misses>
				<total>12</total>
				<timestamp>6619.014410</timestamp>
			</report>
			<report>
				<misses>220700000</misses>
				<total>12</total>
				<timestamp>6622.016285</timestamp>
			</report>
			<report>
				<misses>220800000</misses>
				<total>12</total>
				<timestamp>6625.016438</timestamp>
			</report>
			<report>
				<misses>220900000</misses>
				<total>12</total>
				<timestamp>6628.016641</timestamp>
			</report>
			<report>
				<misses>221000000</misses>
				<total>12</total>
				<timestamp>6631.017440</timestamp>
			</report>
			<report>
				<misses>221100000</misses>
				<total>12</total>
				<timestamp>6634.018119</timestamp>
			</report>
			<report>
				<misses>221200000</misses>
				<total>12</total>
				<timestamp>6637.018675</timestamp>
			</report>
			<report>
				<misses>221300000</misses>
				<total>12</total>
				<timestamp>6640.019292</timestamp>
			</report>
			<report>
				<misses>221400000</misses>
				<total>12</total>
				<timestamp>6643.019393</timestamp>
			</report>
			<report>
				<misses>221500000</misses>
				<total>12</total>
				<timestamp>6646.019459</timestamp>
			</report>
			<report>
				<misses>221600000</misses>
				<total>12</total>
				<timestamp>6649.019501</timestamp>
			</report>
			<report>
				<misses>221700000</misses>
				<total>12</total>
				<timestamp>6652.019516</timestamp>
			</report>
			<report>
				<misses>221800000</misses>
				<total>12</total>
				<timestamp>6655.019569</timestamp>
			</report>
			<report>
				<misses>221900000</misses>
				<total>12</total>
				<timestamp>6658.019585</timestamp>
			</report>
			<report>
				<misses>222000000</misses>
				<total>12</total>
				<timestamp>6661.019614</timestamp>
			</report>
			<report>
				<misses>222100000</misses>
				<total>12</total>
				<timestamp>6664.019643</timestamp>
			</report>
			<report>
				<misses>222200000</misses>
				<total>12</total>
				<timestamp>6667.019672</timestamp>
			</report>
			<report>
				<misses>222300000</misses>
				<total>12</total>
				<timestamp>6670.019756</timestamp>
			</report>
			<report>
				<misses>222400000</misses>
				<total>12</total>
				<timestamp>6673.019793</timestamp>
			</report>
			<report>
				<misses>222500000</misses>
				<total>12</total>
				<timestamp>6676.019856</timestamp>
			</report>
			<report>
				<misses>222600000</misses>
				<total>12</total>
				<timestamp>6679.020819</timestamp>
			</report>
			<report>
				<misses>222700000</misses>
				<total>12</total>
				<timestamp>6682.021662</timestamp>
			</report>
			<report>
				<misses>222800000</misses>
				<total>12</total>
				<timestamp>6685.022461</timestamp>
			</report>
			<report>
				<misses>222900000</misses>
				<total>12</total>
				<timestamp>6688.023056</timestamp>
			</report>
			<report>
				<misses>223000000</misses>
				<total>12</total>
				<timestamp>6691.023504</timestamp>
			</report>
			<report>
				<misses>223100000</misses>
				<total>12</total>
				<timestamp>6694.023532</timestamp>
			</report>
			<report>
				<misses>223200000</misses>
				<total>12</total>
				<timestamp>6697.025053</timestamp>
			</report>
			<report>
				<misses>223300000</misses>
				<total>12</total>
				<timestamp>6700.025060</timestamp>
			</report>
			<report>
				<misses>223400000</misses>
				<total>12</total>
				<timestamp>6703.025092</timestamp>
			</report>
			<report>
				<misses>223500000</misses>
				<total>12</total>
				<timestamp>6706.025101</timestamp>
			</report>
			<report>
				<misses>223600000</misses>
				<total>12</total>
				<timestamp>6709.025177</timestamp>
			</report>
			<report>
				<misses>223700000</misses>
				<total>12</total>
				<timestamp>6712.026565</timestamp>
			</report>
			<report>
				<misses>223800000</misses>
				<total>12</total>
				<timestamp>6715.027674</timestamp>
			</report>
			<report>
				<misses>223900000</misses>
				<total>12</total>
				<timestamp>6718.028573</timestamp>
			</report>
			<report>
				<misses>224000000</misses>
				<total>12</total>
				<timestamp>6721.028911</timestamp>
			</report>
			<report>
				<misses>224100000</misses>
				<total>12</total>
				<timestamp>6724.029318</timestamp>
			</report>
			<report>
				<misses>224200000</misses>
				<total>12</total>
				<timestamp>6727.029349</timestamp>
			</report>
			<report>
				<misses>224300000</misses>
				<total>12</total>
				<timestamp>6730.029791</timestamp>
			</report>
			<report>
				<misses>224400000</misses>
				<total>12</total>
				<timestamp>6733.030048</timestamp>
			</report>
			<report>
				<misses>224500000</misses>
				<total>12</total>
				<timestamp>6736.031207</timestamp>
			</report>
			<report>
				<misses>224600000</misses>
				<total>12</total>
				<timestamp>6739.032098</timestamp>
			</report>
			<report>
				<misses>224700000</misses>
				<total>12</total>
				<timestamp>6742.033148</timestamp>
			</report>
			<report>
				<misses>224800000</misses>
				<total>12</total>
				<timestamp>6745.034160</timestamp>
			</report>
			<report>
				<misses>224900000</misses>
				<total>12</total>
				<timestamp>6748.035775</timestamp>
			</report>
			<report>
				<misses>225000000</misses>
				<total>12</total>
				<timestamp>6751.036798</timestamp>
			</report>
			<report>
				<misses>225100000</misses>
				<total>12</total>
				<timestamp>6754.037583</timestamp>
			</report>
			<report>
				<misses>225200000</misses>
				<total>12</total>
				<timestamp>6757.039418</timestamp>
			</report>
			<report>
				<misses>225300000</misses>
				<total>12</total>
				<timestamp>6760.040798</timestamp>
			</report>
			<report>
				<misses>225400000</misses>
				<total>12</total>
				<timestamp>6763.042106</timestamp>
			</report>
			<report>
				<misses>225500000</misses>
				<total>12</total>
				<timestamp>6766.043733</timestamp>
			</report>
			<report>
				<misses>225600000</misses>
				<total>12</total>
				<timestamp>6769.044003</timestamp>
			</report>
			<report>
				<misses>225700000</misses>
				<total>12</total>
				<timestamp>6772.044153</timestamp>
			</report>
			<report>
				<misses>225800000</misses>
				<total>12</total>
				<timestamp>6775.044171</timestamp>
			</report>
			<report>
				<misses>225900000</misses>
				<total>12</total>
				<timestamp>6778.044391</timestamp>
			</report>
			<report>
				<misses>226000000</misses>
				<total>12</total>
				<timestamp>6781.044414</timestamp>
			</report>
			<report>
				<misses>226100000</misses>
				<total>12</total>
				<timestamp>6784.045156</timestamp>
			</report>
			<report>
				<misses>226200000</misses>
				<total>12</total>
				<timestamp>6787.045208</timestamp>
			</report>
			<report>
				<misses>226300000</misses>
				<total>12</total>
				<timestamp>6790.045254</timestamp>
			</report>
			<report>
				<misses>226400000</misses>
				<total>12</total>
				<timestamp>6793.045313</timestamp>
			</report>
			<report>
				<misses>226500000</misses>
				<total>12</total>
				<timestamp>6796.045313</timestamp>
			</report>
			<report>
				<misses>226600000</misses>
				<total>12</total>
				<timestamp>6799.045322</timestamp>
			</report>
			<report>
				<misses>226700000</misses>
				<total>12</total>
				<timestamp>6802.045353</timestamp>
			</report>
			<report>
				<misses>226800000</misses>
				<total>12</total>
				<timestamp>6805.045387</timestamp>
			</report>
			<report>
				<misses>226900000</misses>
				<total>12</total>
				<timestamp>6808.045442</timestamp>
			</report>
			<report>
				<misses>227000000</misses>
				<total>12</total>
				<timestamp>6811.045470</timestamp>
			</report>
			<report>
				<misses>227100000</misses>
				<total>12</total>
				<timestamp>6814.045519</timestamp>
			</report>
			<report>
				<misses>227200000</misses>
				<total>12</total>
				<timestamp>6817.045527</timestamp>
			</report>
			<report>
				<misses>227300000</misses>
				<total>12</total>
				<timestamp>6820.045556</timestamp>
			</report>
			<report>
				<misses>227400000</misses>
				<total>12</total>
				<timestamp>6823.046163</timestamp>
			</report>
			<report>
				<misses>227500000</misses>
				<total>12</total>
				<timestamp>6826.046815</timestamp>
			</report>
			<report>
				<misses>227600000</misses>
				<total>12</total>
				<timestamp>6829.047905</timestamp>
			</report>
			<report>
				<misses>227700000</misses>
				<total>12</total>
				<timestamp>6832.048769</timestamp>
			</report>
			<report>
				<misses>227800000</misses>
				<total>12</total>
				<timestamp>6835.049394</timestamp>
			</report>
			<report>
				<misses>227900000</misses>
				<total>12</total>
				<timestamp>6838.049643</timestamp>
			</report>
			<report>
				<misses>228000000</misses>
				<total>12</total>
				<timestamp>6841.050162</timestamp>
			</report>
			<report>
				<misses>228100000</misses>
				<total>12</total>
				<timestamp>6844.050915</timestamp>
			</report>
			<report>
				<misses>228200000</misses>
				<total>12</total>
				<timestamp>6847.051159</timestamp>
			</report>
			<report>
				<misses>228300000</misses>
				<total>12</total>
				<timestamp>6850.053023</timestamp>
			</report>
			<report>
				<misses>228400000</misses>
				<total>12</total>
				<timestamp>6853.055398</timestamp>
			</report>
			<report>
				<misses>228500000</misses>
				<total>12</total>
				<timestamp>6856.056264</timestamp>
			</report>
			<report>
				<misses>228600000</misses>
				<total>12</total>
				<timestamp>6859.057157</timestamp>
			</report>
			<report>
				<misses>228700000</misses>
				<total>12</total>
				<timestamp>6862.057171</timestamp>
			</report>
			<report>
				<misses>228800000</misses>
				<total>12</total>
				<timestamp>6865.057295</timestamp>
			</report>
			<report>
				<misses>228900000</misses>
				<total>12</total>
				<timestamp>6868.058651</timestamp>
			</report>
			<report>
				<misses>229000000</misses>
				<total>12</total>
				<timestamp>6871.058975</timestamp>
			</report>
			<report>
				<misses>229100000</misses>
				<total>12</total>
				<timestamp>6874.060082</timestamp>
			</report>
			<report>
				<misses>229200000</misses>
				<total>12</total>
				<timestamp>6877.060627</timestamp>
			</report>
			<report>
				<misses>229300000</misses>
				<total>12</total>
				<timestamp>6880.060883</timestamp>
			</report>
			<report>
				<misses>229400000</misses>
				<total>12</total>
				<timestamp>6883.061584</timestamp>
			</report>
			<report>
				<misses>229500000</misses>
				<total>12</total>
				<timestamp>6886.062436</timestamp>
			</report>
			<report>
				<misses>229600000</misses>
				<total>12</total>
				<timestamp>6889.063782</timestamp>
			</report>
			<report>
				<misses>229700000</misses>
				<total>12</total>
				<timestamp>6892.064355</timestamp>
			</report>
			<report>
				<misses>229800000</misses>
				<total>12</total>
				<timestamp>6895.065064</timestamp>
			</report>
			<report>
				<misses>229900000</misses>
				<total>12</total>
				<timestamp>6898.066892</timestamp>
			</report>
			<report>
				<misses>230000000</misses>
				<total>12</total>
				<timestamp>6901.066914</timestamp>
			</report>
			<report>
				<misses>230100000</misses>
				<total>12</total>
				<timestamp>6904.066920</timestamp>
			</report>
			<report>
				<misses>230200000</misses>
				<total>12</total>
				<timestamp>6907.066947</timestamp>
			</report>
			<report>
				<misses>230300000</misses>
				<total>12</total>
				<timestamp>6910.067008</timestamp>
			</report>
			<report>
				<misses>230400000</misses>
				<total>12</total>
				<timestamp>6913.067177</timestamp>
			</report>
			<report>
				<misses>230500000</misses>
				<total>12</total>
				<timestamp>6916.068035</timestamp>
			</report>
			<report>
				<misses>230600000</misses>
				<total>12</total>
				<timestamp>6919.068332</timestamp>
			</report>
			<report>
				<misses>230700000</misses>
				<total>12</total>
				<timestamp>6922.068392</timestamp>
			</report>
			<report>
				<misses>230800000</misses>
				<total>12</total>
				<timestamp>6925.068415</timestamp>
			</report>
			<report>
				<misses>230900000</misses>
				<total>12</total>
				<timestamp>6928.068451</timestamp>
			</report>
			<report>
				<misses>231000000</misses>
				<total>12</total>
				<timestamp>6931.068492</timestamp>
			</report>
			<report>
				<misses>231100000</misses>
				<total>12</total>
				<timestamp>6934.068514</timestamp>
			</report>
			<report>
				<misses>231200000</misses>
				<total>12</total>
				<timestamp>6937.068561</timestamp>
			</report>
			<report>
				<misses>231300000</misses>
				<total>12</total>
				<timestamp>6940.069348</timestamp>
			</report>
			<report>
				<misses>231400000</misses>
				<total>12</total>
				<timestamp>6943.070273</timestamp>
			</report>
			<report>
				<misses>231500000</misses>
				<total>12</total>
				<timestamp>6946.071926</timestamp>
			</report>
			<report>
				<misses>231600000</misses>
				<total>12</total>
				<timestamp>6949.073153</timestamp>
			</report>
			<report>
				<misses>231700000</misses>
				<total>12</total>
				<timestamp>6952.073300</timestamp>
			</report>
			<report>
				<misses>231800000</misses>
				<total>12</total>
				<timestamp>6955.073748</timestamp>
			</report>
			<report>
				<misses>231900000</misses>
				<total>12</total>
				<timestamp>6958.074309</timestamp>
			</report>
			<report>
				<misses>232000000</misses>
				<total>12</total>
				<timestamp>6961.074328</timestamp>
			</report>
			<report>
				<misses>232100000</misses>
				<total>12</total>
				<timestamp>6964.074418</timestamp>
			</report>
			<report>
				<misses>232200000</misses>
				<total>12</total>
				<timestamp>6967.074475</timestamp>
			</report>
			<report>
				<misses>232300000</misses>
				<total>12</total>
				<timestamp>6970.074567</timestamp>
			</report>
			<report>
				<misses>232400000</misses>
				<total>12</total>
				<timestamp>6973.076250</timestamp>
			</report>
			<report>
				<misses>232500000</misses>
				<total>12</total>
				<timestamp>6976.076778</timestamp>
			</report>
			<report>
				<misses>232600000</misses>
				<total>12</total>
				<timestamp>6979.077205</timestamp>
			</report>
			<report>
				<misses>232700000</misses>
				<total>12</total>
				<timestamp>6982.078023</timestamp>
			</report>
			<report>
				<misses>232800000</misses>
				<total>12</total>
				<timestamp>6985.078131</timestamp>
			</report>
			<report>
				<misses>232900000</misses>
				<total>12</total>
				<timestamp>6988.078678</timestamp>
			</report>
			<report>
				<misses>233000000</misses>
				<total>12</total>
				<timestamp>6991.078706</timestamp>
			</report>
			<report>
				<misses>233100000</misses>
				<total>12</total>
				<timestamp>6994.078757</timestamp>
			</report>
			<report>
				<misses>233200000</misses>
				<total>12</total>
				<timestamp>6997.078777</timestamp>
			</report>
			<report>
				<misses>233300000</misses>
				<total>12</total>
				<timestamp>7000.078805</timestamp>
			</report>
			<report>
				<misses>233400000</misses>
				<total>12</total>
				<timestamp>7003.078836</timestamp>
			</report>
			<report>
				<misses>233500000</misses>
				<total>12</total>
				<timestamp>7006.078872</timestamp>
			</report>
			<report>
				<misses>233600000</misses>
				<total>12</total>
				<timestamp>7009.078895</timestamp>
			</report>
			<report>
				<misses>233700000</misses>
				<total>12</total>
				<timestamp>7012.078912</timestamp>
			</report>
			<report>
				<misses>233800000</misses>
				<total>12</total>
				<timestamp>7015.078912</timestamp>
			</report>
			<report>
				<misses>233900000</misses>
				<total>12</total>
				<timestamp>7018.078924</timestamp>
			</report>
			<report>
				<misses>234000000</misses>
				<total>12</total>
				<timestamp>7021.078945</timestamp>
			</report>
			<report>
				<misses>234100000</misses>
				<total>12</total>
				<timestamp>7024.078998</timestamp>
			</report>
			<report>
				<misses>234200000</misses>
				<total>12</total>
				<timestamp>7027.079478</timestamp>
			</report>
			<report>
				<misses>234300000</misses>
				<total>12</total>
				<timestamp>7030.079769</timestamp>
			</report>
			<report>
				<misses>234400000</misses>
				<total>12</total>
				<timestamp>7033.079872</timestamp>
			</report>
			<report>
				<misses>234500000</misses>
				<total>12</total>
				<timestamp>7036.080450</timestamp>
			</report>
			<report>
				<misses>234600000</misses>
				<total>12</total>
				<timestamp>7039.081048</timestamp>
			</report>
			<report>
				<misses>234700000</misses>
				<total>12</total>
				<timestamp>7042.081801</timestamp>
			</report>
			<report>
				<misses>234800000</misses>
				<total>12</total>
				<timestamp>7045.082085</timestamp>
			</report>
			<report>
				<misses>234900000</misses>
				<total>12</total>
				<timestamp>7048.083030</timestamp>
			</report>
			<report>
				<misses>235000000</misses>
				<total>12</total>
				<timestamp>7051.083355</timestamp>
			</report>
			<report>
				<misses>235100000</misses>
				<total>12</total>
				<timestamp>7054.083384</timestamp>
			</report>
			<report>
				<misses>235200000</misses>
				<total>12</total>
				<timestamp>7057.083422</timestamp>
			</report>
			<report>
				<misses>235300000</misses>
				<total>12</total>
				<timestamp>7060.083535</timestamp>
			</report>
			<report>
				<misses>235400000</misses>
				<total>12</total>
				<timestamp>7063.084657</timestamp>
			</report>
			<report>
				<misses>235500000</misses>
				<total>12</total>
				<timestamp>7066.085072</timestamp>
			</report>
			<report>
				<misses>235600000</misses>
				<total>12</total>
				<timestamp>7069.085634</timestamp>
			</report>
			<report>
				<misses>235700000</misses>
				<total>12</total>
				<timestamp>7072.085775</timestamp>
			</report>
			<report>
				<misses>235800000</misses>
				<total>12</total>
				<timestamp>7075.085796</timestamp>
			</report>
			<report>
				<misses>235900000</misses>
				<total>12</total>
				<timestamp>7078.086396</timestamp>
			</report>
			<report>
				<misses>236000000</misses>
				<total>12</total>
				<timestamp>7081.087339</timestamp>
			</report>
			<report>
				<misses>236100000</misses>
				<total>12</total>
				<timestamp>7084.088744</timestamp>
			</report>
			<report>
				<misses>236200000</misses>
				<total>12</total>
				<timestamp>7087.089502</timestamp>
			</report>
			<report>
				<misses>236300000</misses>
				<total>12</total>
				<timestamp>7090.089532</timestamp>
			</report>
			<report>
				<misses>236400000</misses>
				<total>12</total>
				<timestamp>7093.089850</timestamp>
			</report>
			<report>
				<misses>236500000</misses>
				<total>12</total>
				<timestamp>7096.090559</timestamp>
			</report>
			<report>
				<misses>236600000</misses>
				<total>12</total>
				<timestamp>7099.090874</timestamp>
			</report>
			<report>
				<misses>236700000</misses>
				<total>12</total>
				<timestamp>7102.092223</timestamp>
			</report>
			<report>
				<misses>236800000</misses>
				<total>12</total>
				<timestamp>7105.093512</timestamp>
			</report>
			<report>
				<misses>236900000</misses>
				<total>12</total>
				<timestamp>7108.093554</timestamp>
			</report>
			<report>
				<misses>237000000</misses>
				<total>12</total>
				<timestamp>7111.093587</timestamp>
			</report>
			<report>
				<misses>237100000</misses>
				<total>12</total>
				<timestamp>7114.094724</timestamp>
			</report>
			<report>
				<misses>237200000</misses>
				<total>12</total>
				<timestamp>7117.095687</timestamp>
			</report>
			<report>
				<misses>237300000</misses>
				<total>12</total>
				<timestamp>7120.096611</timestamp>
			</report>
			<report>
				<misses>237400000</misses>
				<total>12</total>
				<timestamp>7123.097044</timestamp>
			</report>
			<report>
				<misses>237500000</misses>
				<total>12</total>
				<timestamp>7126.097822</timestamp>
			</report>
			<report>
				<misses>237600000</misses>
				<total>12</total>
				<timestamp>7129.098093</timestamp>
			</report>
			<report>
				<misses>237700000</misses>
				<total>12</total>
				<timestamp>7132.098482</timestamp>
			</report>
			<report>
				<misses>237800000</misses>
				<total>12</total>
				<timestamp>7135.098669</timestamp>
			</report>
			<report>
				<misses>237900000</misses>
				<total>12</total>
				<timestamp>7138.098687</timestamp>
			</report>
			<report>
				<misses>238000000</misses>
				<total>12</total>
				<timestamp>7141.098724</timestamp>
			</report>
			<report>
				<misses>238100000</misses>
				<total>12</total>
				<timestamp>7144.098760</timestamp>
			</report>
			<report>
				<misses>238200000</misses>
				<total>12</total>
				<timestamp>7147.098778</timestamp>
			</report>
			<report>
				<misses>238300000</misses>
				<total>12</total>
				<timestamp>7150.098825</timestamp>
			</report>
			<report>
				<misses>238400000</misses>
				<total>12</total>
				<timestamp>7153.098835</timestamp>
			</report>
			<report>
				<misses>238500000</misses>
				<total>12</total>
				<timestamp>7156.098876</timestamp>
			</report>
			<report>
				<misses>238600000</misses>
				<total>12</total>
				<timestamp>7159.098906</timestamp>
			</report>
			<report>
				<misses>238700000</misses>
				<total>12</total>
				<timestamp>7162.098922</timestamp>
			</report>
			<report>
				<misses>238800000</misses>
				<total>12</total>
				<timestamp>7165.099042</timestamp>
			</report>
			<report>
				<misses>238900000</misses>
				<total>12</total>
				<timestamp>7168.099200</timestamp>
			</report>
			<report>
				<misses>239000000</misses>
				<total>12</total>
				<timestamp>7171.099858</timestamp>
			</report>
			<report>
				<misses>239100000</misses>
				<total>12</total>
				<timestamp>7174.100750</timestamp>
			</report>
			<report>
				<misses>239200000</misses>
				<total>12</total>
				<timestamp>7177.101119</timestamp>
			</report>
			<report>
				<misses>239300000</misses>
				<total>12</total>
				<timestamp>7180.102086</timestamp>
			</report>
			<report>
				<misses>239400000</misses>
				<total>12</total>
				<timestamp>7183.104536</timestamp>
			</report>
			<report>
				<misses>239500000</misses>
				<total>12</total>
				<timestamp>7186.106096</timestamp>
			</report>
			<report>
				<misses>239600000</misses>
				<total>12</total>
				<timestamp>7189.106907</timestamp>
			</report>
			<report>
				<misses>239700000</misses>
				<total>12</total>
				<timestamp>7192.107800</timestamp>
			</report>
			<report>
				<misses>239800000</misses>
				<total>12</total>
				<timestamp>7195.107986</timestamp>
			</report>
			<report>
				<misses>239900000</misses>
				<total>12</total>
				<timestamp>7198.108047</timestamp>
			</report>
		</query>
	</custom>
	<ethtool_statistic>
		<rx_packets>
			<start>6062593042</start>
			<end>6398071131</end>
		</rx_packets>
		<tx_packets>
			<start>8001226118</start>
			<end>8442488256</end>
		</tx_packets>
		<rx_dropped>
			<start>250</start>
			<end>250</end>
		</rx_dropped>
		<tx_dropped>
			<start>0</start>
			<end>0</end>
		</tx_dropped>
		<collisions>
			<start>0</start>
			<end>0</end>
		</collisions>
		<port_tx_errors>
			<start>0</start>
			<end>0</end>
		</port_tx_errors>
		<port_rx_dropped>
			<start>0</start>
			<end>0</end>
		</port_rx_dropped>
		<port_tx_dropped_link_down>
			<start>3877</start>
			<end>3877</end>
		</port_tx_dropped_link_down>
	</ethtool_statistic>
	<ip_statistic>
		<mtu>
			<start>9000</start>
			<end>9000</end>
		</mtu>
		<rx_bytes>
			<start>54501018796138</start>
			<end>57516912941977</end>
		</rx_bytes>
		<rx_packets>
			<start>6062593086</start>
			<end>6398071218</end>
		</rx_packets>
		<rx_errors>
			<start>0</start>
			<end>0</end>
		</rx_errors>
		<rx_dropped>
			<start>250</start>
			<end>250</end>
		</rx_dropped>
		<rx_missed>
			<start>0</start>
			<end>0</end>
		</rx_missed>
		<rx_mcast>
			<start>2079</start>
			<end>2228</end>
		</rx_mcast>
		<tx_bytes>
			<start>52505741905878</start>
			<end>54344691597236</end>
		</tx_bytes>
		<tx_packets>
			<start>8001226138</start>
			<end>8442488314</end>
		</tx_packets>
		<tx_errors>
			<start>0</start>
			<end>0</end>
		</tx_errors>
		<tx_dropped>
			<start>0</start>
			<end>0</end>
		</tx_dropped>
		<tx_carrier>
			<start>0</start>
			<end>0</end>
		</tx_carrier>
		<tx_collisions>
			<start>0</start>
			<end>0</end>
		</tx_collisions>
	</ip_statistic>
	<netstat_statistic>
		<udp_pkg_rec>
			<start>5753396984</start>
			<end>6076204251</end>
		</udp_pkg_rec>
		<udp_pkg_snt>
			<start>6109966206</start>
			<end>6551282759</end>
		</udp_pkg_snt>
		<udp_rec_err>
			<start>309854754</start>
			<end>322561339</end>
		</udp_rec_err>
		<udp_rec_buf_err>
			<start>309854754</start>
			<end>322561339</end>
		</udp_rec_buf_err>
		<udp_snt_buf_err>
			<start>0</start>
			<end>0</end>
		</udp_snt_buf_err>
	</netstat_statistic>
</test_results>
