<?xml version="1.0"?>
<test_results>
	<status>STATUS_SUCCESS</status>
	<custom>
		<num_loss>0</num_loss>
		<num_total>579504910</num_total>
		<num_misses>-1994670400</num_misses>
		<elapsed_time>7199.503069</elapsed_time>
	</custom>
	<ethtool_statistic>
		<rx_packets>
			<start>9693604945</start>
			<end>9985454764</end>
		</rx_packets>
		<tx_packets>
			<start>10981326066</start>
			<end>11810149999</end>
		</tx_packets>
		<rx_dropped>
			<start>0</start>
			<end>0</end>
		</rx_dropped>
		<tx_dropped>
			<start>0</start>
			<end>0</end>
		</tx_dropped>
		<collisions>
			<start>0</start>
			<end>0</end>
		</collisions>
		<port_tx_errors>
			<start>-1</start>
			<end>-1</end>
		</port_tx_errors>
		<port_rx_dropped>
			<start>-1</start>
			<end>-1</end>
		</port_rx_dropped>
		<port_tx_dropped_link_down>
			<start>-1</start>
			<end>-1</end>
		</port_tx_dropped_link_down>
	</ethtool_statistic>
	<ip_statistic>
		<mtu>
			<start>9000</start>
			<end>9000</end>
		</mtu>
		<rx_bytes>
			<start>87100497580498</start>
			<end>89724197699683</end>
		</rx_bytes>
		<rx_packets>
			<start>9693605037</start>
			<end>9985454873</end>
		</rx_packets>
		<rx_errors>
			<start>0</start>
			<end>0</end>
		</rx_errors>
		<rx_dropped>
			<start>0</start>
			<end>0</end>
		</rx_dropped>
		<rx_missed>
			<start>1619</start>
			<end>1619</end>
		</rx_missed>
		<rx_mcast>
			<start>7300</start>
			<end>7446</end>
		</rx_mcast>
		<tx_bytes>
			<start>98646483981786</start>
			<end>100958543458536</end>
		</tx_bytes>
		<tx_packets>
			<start>10981326110</start>
			<end>11810150121</end>
		</tx_packets>
		<tx_errors>
			<start>0</start>
			<end>0</end>
		</tx_errors>
		<tx_dropped>
			<start>0</start>
			<end>0</end>
		</tx_dropped>
		<tx_carrier>
			<start>0</start>
			<end>0</end>
		</tx_carrier>
		<tx_collisions>
			<start>0</start>
			<end>0</end>
		</tx_collisions>
	</ip_statistic>
</test_results>
