<?xml version="1.0"?>
<test_results>
	<status>STATUS_SUCCESS</status>
	<custom>
		<num_loss>-1</num_loss>
		<num_total>-1</num_total>
		<num_misses>-1</num_misses>
		<elapsed_time>-1.000000</elapsed_time>
		<query />
	</custom>
	<ethtool_statistic>
		<rx_packets>
			<start>-1</start>
			<end>-1</end>
		</rx_packets>
		<tx_packets>
			<start>-1</start>
			<end>-1</end>
		</tx_packets>
		<rx_dropped>
			<start>-1</start>
			<end>-1</end>
		</rx_dropped>
		<tx_dropped>
			<start>-1</start>
			<end>-1</end>
		</tx_dropped>
		<collisions>
			<start>-1</start>
			<end>-1</end>
		</collisions>
		<port_tx_errors>
			<start>-1</start>
			<end>-1</end>
		</port_tx_errors>
		<port_rx_dropped>
			<start>-1</start>
			<end>-1</end>
		</port_rx_dropped>
		<port_tx_dropped_link_down>
			<start>-1</start>
			<end>-1</end>
		</port_tx_dropped_link_down>
	</ethtool_statistic>
	<ip_statistic>
		<mtu>
			<start>9000</start>
			<end>9000</end>
		</mtu>
		<rx_bytes>
			<start>3815876411859</start>
			<end>7514054602491</end>
		</rx_bytes>
		<rx_packets>
			<start>1891325115</start>
			<end>2344312638</end>
		</rx_packets>
		<rx_errors>
			<start>0</start>
			<end>0</end>
		</rx_errors>
		<rx_dropped>
			<start>0</start>
			<end>0</end>
		</rx_dropped>
		<rx_missed>
			<start>0</start>
			<end>0</end>
		</rx_missed>
		<rx_mcast>
			<start>77</start>
			<end>81</end>
		</rx_mcast>
		<tx_bytes>
			<start>4167229763027</start>
			<end>8548115450923</end>
		</tx_bytes>
		<tx_packets>
			<start>1388579556</start>
			<end>1925191223</end>
		</tx_packets>
		<tx_errors>
			<start>0</start>
			<end>0</end>
		</tx_errors>
		<tx_dropped>
			<start>0</start>
			<end>0</end>
		</tx_dropped>
		<tx_carrier>
			<start>0</start>
			<end>0</end>
		</tx_carrier>
		<tx_collisions>
			<start>0</start>
			<end>0</end>
		</tx_collisions>
	</ip_statistic>
	<netstat_statistic>
		<udp_pkg_rec>
			<start>1611616832</start>
			<end>1668261014</end>
		</udp_pkg_rec>
		<udp_pkg_snt>
			<start>1388657792</start>
			<end>1455754989</end>
		</udp_pkg_snt>
		<udp_rec_err>
			<start>0</start>
			<end>0</end>
		</udp_rec_err>
		<udp_rec_buf_err>
			<start>0</start>
			<end>0</end>
		</udp_rec_buf_err>
		<udp_snt_buf_err>
			<start>0</start>
			<end>0</end>
		</udp_snt_buf_err>
	</netstat_statistic>
</test_results>
