<?xml version="1.0"?>
<test_results>
	<status>STATUS_SUCCESS</status>
	<custom>
		<num_loss>0</num_loss>
		<num_total>366135105</num_total>
		<num_misses>1073853912</num_misses>
		<elapsed_time>3599.963393</elapsed_time>
		<query>
			<report>
				<misses>100001</misses>
				<total>0</total>
				<timestamp>0.978657</timestamp>
			</report>
			<report>
				<misses>200001</misses>
				<total>0</total>
				<timestamp>1.960855</timestamp>
			</report>
			<report>
				<misses>300001</misses>
				<total>0</total>
				<timestamp>2.946264</timestamp>
			</report>
			<report>
				<misses>400001</misses>
				<total>0</total>
				<timestamp>3.935906</timestamp>
			</report>
			<report>
				<misses>500001</misses>
				<total>0</total>
				<timestamp>4.926521</timestamp>
			</report>
			<report>
				<misses>600001</misses>
				<total>0</total>
				<timestamp>5.918223</timestamp>
			</report>
			<report>
				<misses>700001</misses>
				<total>0</total>
				<timestamp>6.908661</timestamp>
			</report>
			<report>
				<misses>800001</misses>
				<total>0</total>
				<timestamp>7.901367</timestamp>
			</report>
			<report>
				<misses>900001</misses>
				<total>0</total>
				<timestamp>8.888634</timestamp>
			</report>
			<report>
				<misses>1000001</misses>
				<total>0</total>
				<timestamp>9.878718</timestamp>
			</report>
			<report>
				<misses>1100001</misses>
				<total>0</total>
				<timestamp>10.870940</timestamp>
			</report>
			<report>
				<misses>1200001</misses>
				<total>0</total>
				<timestamp>11.856175</timestamp>
			</report>
			<report>
				<misses>1300001</misses>
				<total>0</total>
				<timestamp>12.842828</timestamp>
			</report>
			<report>
				<misses>1400001</misses>
				<total>0</total>
				<timestamp>13.825421</timestamp>
			</report>
			<report>
				<misses>1500001</misses>
				<total>0</total>
				<timestamp>14.814347</timestamp>
			</report>
			<report>
				<misses>1600001</misses>
				<total>0</total>
				<timestamp>15.803024</timestamp>
			</report>
			<report>
				<misses>1700001</misses>
				<total>0</total>
				<timestamp>16.788661</timestamp>
			</report>
			<report>
				<misses>1800001</misses>
				<total>0</total>
				<timestamp>17.776683</timestamp>
			</report>
			<report>
				<misses>1900001</misses>
				<total>0</total>
				<timestamp>18.757528</timestamp>
			</report>
			<report>
				<misses>2000001</misses>
				<total>0</total>
				<timestamp>19.742644</timestamp>
			</report>
			<report>
				<misses>2100001</misses>
				<total>0</total>
				<timestamp>20.727256</timestamp>
			</report>
			<report>
				<misses>2200001</misses>
				<total>0</total>
				<timestamp>21.722642</timestamp>
			</report>
			<report>
				<misses>2300001</misses>
				<total>0</total>
				<timestamp>22.708905</timestamp>
			</report>
			<report>
				<misses>2400001</misses>
				<total>0</total>
				<timestamp>23.698978</timestamp>
			</report>
			<report>
				<misses>2500001</misses>
				<total>0</total>
				<timestamp>24.684366</timestamp>
			</report>
			<report>
				<misses>2600001</misses>
				<total>0</total>
				<timestamp>25.667731</timestamp>
			</report>
			<report>
				<misses>2700001</misses>
				<total>0</total>
				<timestamp>26.651321</timestamp>
			</report>
			<report>
				<misses>2800001</misses>
				<total>0</total>
				<timestamp>27.635960</timestamp>
			</report>
			<report>
				<misses>2900001</misses>
				<total>0</total>
				<timestamp>28.621856</timestamp>
			</report>
			<report>
				<misses>3000001</misses>
				<total>0</total>
				<timestamp>29.609004</timestamp>
			</report>
			<report>
				<misses>3100001</misses>
				<total>0</total>
				<timestamp>30.591464</timestamp>
			</report>
			<report>
				<misses>3200001</misses>
				<total>0</total>
				<timestamp>31.574214</timestamp>
			</report>
			<report>
				<misses>3300001</misses>
				<total>0</total>
				<timestamp>32.555908</timestamp>
			</report>
			<report>
				<misses>3400001</misses>
				<total>0</total>
				<timestamp>33.546979</timestamp>
			</report>
			<report>
				<misses>3500001</misses>
				<total>0</total>
				<timestamp>34.533200</timestamp>
			</report>
			<report>
				<misses>3600001</misses>
				<total>0</total>
				<timestamp>35.516287</timestamp>
			</report>
			<report>
				<misses>3700001</misses>
				<total>0</total>
				<timestamp>36.505487</timestamp>
			</report>
			<report>
				<misses>3800001</misses>
				<total>0</total>
				<timestamp>37.491237</timestamp>
			</report>
			<report>
				<misses>3900001</misses>
				<total>0</total>
				<timestamp>38.474602</timestamp>
			</report>
			<report>
				<misses>4000001</misses>
				<total>0</total>
				<timestamp>39.454287</timestamp>
			</report>
			<report>
				<misses>4100001</misses>
				<total>0</total>
				<timestamp>40.439668</timestamp>
			</report>
			<report>
				<misses>4200001</misses>
				<total>0</total>
				<timestamp>41.424488</timestamp>
			</report>
			<report>
				<misses>4300001</misses>
				<total>0</total>
				<timestamp>42.409752</timestamp>
			</report>
			<report>
				<misses>4400001</misses>
				<total>0</total>
				<timestamp>43.397431</timestamp>
			</report>
			<report>
				<misses>4500001</misses>
				<total>0</total>
				<timestamp>44.378527</timestamp>
			</report>
			<report>
				<misses>4600001</misses>
				<total>0</total>
				<timestamp>45.361121</timestamp>
			</report>
			<report>
				<misses>4700001</misses>
				<total>0</total>
				<timestamp>46.345364</timestamp>
			</report>
			<report>
				<misses>4800001</misses>
				<total>0</total>
				<timestamp>47.330254</timestamp>
			</report>
			<report>
				<misses>4900001</misses>
				<total>0</total>
				<timestamp>48.312458</timestamp>
			</report>
			<report>
				<misses>5000001</misses>
				<total>0</total>
				<timestamp>49.297573</timestamp>
			</report>
			<report>
				<misses>5100001</misses>
				<total>0</total>
				<timestamp>50.284101</timestamp>
			</report>
			<report>
				<misses>5200001</misses>
				<total>0</total>
				<timestamp>51.265452</timestamp>
			</report>
			<report>
				<misses>5300001</misses>
				<total>0</total>
				<timestamp>52.252858</timestamp>
			</report>
			<report>
				<misses>5400001</misses>
				<total>0</total>
				<timestamp>53.234698</timestamp>
			</report>
			<report>
				<misses>5500001</misses>
				<total>0</total>
				<timestamp>54.216403</timestamp>
			</report>
			<report>
				<misses>5600001</misses>
				<total>0</total>
				<timestamp>55.198364</timestamp>
			</report>
			<report>
				<misses>5700001</misses>
				<total>0</total>
				<timestamp>56.184146</timestamp>
			</report>
			<report>
				<misses>5800001</misses>
				<total>0</total>
				<timestamp>57.166095</timestamp>
			</report>
			<report>
				<misses>5900001</misses>
				<total>0</total>
				<timestamp>58.149330</timestamp>
			</report>
			<report>
				<misses>6000001</misses>
				<total>0</total>
				<timestamp>59.133196</timestamp>
			</report>
			<report>
				<misses>6100001</misses>
				<total>0</total>
				<timestamp>60.113377</timestamp>
			</report>
			<report>
				<misses>6200001</misses>
				<total>0</total>
				<timestamp>61.096511</timestamp>
			</report>
			<report>
				<misses>6300001</misses>
				<total>0</total>
				<timestamp>62.079109</timestamp>
			</report>
			<report>
				<misses>6400001</misses>
				<total>0</total>
				<timestamp>63.063235</timestamp>
			</report>
			<report>
				<misses>6500001</misses>
				<total>0</total>
				<timestamp>64.045702</timestamp>
			</report>
			<report>
				<misses>6600001</misses>
				<total>0</total>
				<timestamp>65.030456</timestamp>
			</report>
			<report>
				<misses>6700001</misses>
				<total>0</total>
				<timestamp>66.012300</timestamp>
			</report>
			<report>
				<misses>6800001</misses>
				<total>0</total>
				<timestamp>66.994029</timestamp>
			</report>
			<report>
				<misses>6900001</misses>
				<total>0</total>
				<timestamp>67.974588</timestamp>
			</report>
			<report>
				<misses>7000001</misses>
				<total>0</total>
				<timestamp>68.957946</timestamp>
			</report>
			<report>
				<misses>7100001</misses>
				<total>0</total>
				<timestamp>69.940542</timestamp>
			</report>
			<report>
				<misses>7200001</misses>
				<total>0</total>
				<timestamp>70.921493</timestamp>
			</report>
			<report>
				<misses>7300001</misses>
				<total>0</total>
				<timestamp>71.903355</timestamp>
			</report>
			<report>
				<misses>7400001</misses>
				<total>0</total>
				<timestamp>72.885550</timestamp>
			</report>
			<report>
				<misses>7500001</misses>
				<total>0</total>
				<timestamp>73.867277</timestamp>
			</report>
			<report>
				<misses>7600001</misses>
				<total>0</total>
				<timestamp>74.848754</timestamp>
			</report>
			<report>
				<misses>7700001</misses>
				<total>0</total>
				<timestamp>75.832102</timestamp>
			</report>
			<report>
				<misses>7800001</misses>
				<total>0</total>
				<timestamp>76.815217</timestamp>
			</report>
			<report>
				<misses>7900001</misses>
				<total>0</total>
				<timestamp>77.799457</timestamp>
			</report>
			<report>
				<misses>8000001</misses>
				<total>0</total>
				<timestamp>78.781410</timestamp>
			</report>
			<report>
				<misses>8100001</misses>
				<total>0</total>
				<timestamp>79.765548</timestamp>
			</report>
			<report>
				<misses>8200001</misses>
				<total>0</total>
				<timestamp>80.748775</timestamp>
			</report>
			<report>
				<misses>8300001</misses>
				<total>0</total>
				<timestamp>81.732626</timestamp>
			</report>
			<report>
				<misses>8400001</misses>
				<total>0</total>
				<timestamp>82.718798</timestamp>
			</report>
			<report>
				<misses>8500001</misses>
				<total>0</total>
				<timestamp>83.703175</timestamp>
			</report>
			<report>
				<misses>8600001</misses>
				<total>0</total>
				<timestamp>84.686991</timestamp>
			</report>
			<report>
				<misses>8700001</misses>
				<total>0</total>
				<timestamp>85.667489</timestamp>
			</report>
			<report>
				<misses>8800001</misses>
				<total>0</total>
				<timestamp>86.649441</timestamp>
			</report>
			<report>
				<misses>8900001</misses>
				<total>0</total>
				<timestamp>87.629907</timestamp>
			</report>
			<report>
				<misses>9000001</misses>
				<total>0</total>
				<timestamp>88.611984</timestamp>
			</report>
			<report>
				<misses>9100001</misses>
				<total>0</total>
				<timestamp>89.593598</timestamp>
			</report>
			<report>
				<misses>9200001</misses>
				<total>0</total>
				<timestamp>90.575792</timestamp>
			</report>
			<report>
				<misses>9300001</misses>
				<total>0</total>
				<timestamp>91.558771</timestamp>
			</report>
			<report>
				<misses>9400001</misses>
				<total>0</total>
				<timestamp>92.542140</timestamp>
			</report>
			<report>
				<misses>9500001</misses>
				<total>0</total>
				<timestamp>93.531699</timestamp>
			</report>
			<report>
				<misses>9600001</misses>
				<total>0</total>
				<timestamp>94.517708</timestamp>
			</report>
			<report>
				<misses>9700001</misses>
				<total>0</total>
				<timestamp>95.502094</timestamp>
			</report>
			<report>
				<misses>9800001</misses>
				<total>0</total>
				<timestamp>96.481773</timestamp>
			</report>
			<report>
				<misses>9900001</misses>
				<total>0</total>
				<timestamp>97.470061</timestamp>
			</report>
			<report>
				<misses>10000001</misses>
				<total>0</total>
				<timestamp>98.454563</timestamp>
			</report>
			<report>
				<misses>10100001</misses>
				<total>0</total>
				<timestamp>99.445462</timestamp>
			</report>
			<report>
				<misses>10200001</misses>
				<total>0</total>
				<timestamp>100.432741</timestamp>
			</report>
			<report>
				<misses>10300001</misses>
				<total>0</total>
				<timestamp>101.418129</timestamp>
			</report>
			<report>
				<misses>10400001</misses>
				<total>0</total>
				<timestamp>102.404651</timestamp>
			</report>
			<report>
				<misses>10500001</misses>
				<total>0</total>
				<timestamp>103.387758</timestamp>
			</report>
			<report>
				<misses>10600001</misses>
				<total>0</total>
				<timestamp>104.372500</timestamp>
			</report>
			<report>
				<misses>10700001</misses>
				<total>0</total>
				<timestamp>105.358140</timestamp>
			</report>
			<report>
				<misses>10800001</misses>
				<total>0</total>
				<timestamp>106.343899</timestamp>
			</report>
			<report>
				<misses>10900001</misses>
				<total>0</total>
				<timestamp>107.327905</timestamp>
			</report>
			<report>
				<misses>11000001</misses>
				<total>0</total>
				<timestamp>108.310623</timestamp>
			</report>
			<report>
				<misses>11100001</misses>
				<total>0</total>
				<timestamp>109.297550</timestamp>
			</report>
			<report>
				<misses>11200001</misses>
				<total>0</total>
				<timestamp>110.285600</timestamp>
			</report>
			<report>
				<misses>11300001</misses>
				<total>0</total>
				<timestamp>111.269740</timestamp>
			</report>
			<report>
				<misses>11400001</misses>
				<total>0</total>
				<timestamp>112.253356</timestamp>
			</report>
			<report>
				<misses>11500001</misses>
				<total>0</total>
				<timestamp>113.238856</timestamp>
			</report>
			<report>
				<misses>11600001</misses>
				<total>0</total>
				<timestamp>114.223513</timestamp>
			</report>
			<report>
				<misses>11700001</misses>
				<total>0</total>
				<timestamp>115.210678</timestamp>
			</report>
			<report>
				<misses>11800001</misses>
				<total>0</total>
				<timestamp>116.193521</timestamp>
			</report>
			<report>
				<misses>11900001</misses>
				<total>0</total>
				<timestamp>117.175872</timestamp>
			</report>
			<report>
				<misses>12000001</misses>
				<total>0</total>
				<timestamp>118.164534</timestamp>
			</report>
			<report>
				<misses>12100001</misses>
				<total>0</total>
				<timestamp>119.149532</timestamp>
			</report>
			<report>
				<misses>12200001</misses>
				<total>0</total>
				<timestamp>120.133665</timestamp>
			</report>
			<report>
				<misses>12300001</misses>
				<total>0</total>
				<timestamp>121.121182</timestamp>
			</report>
			<report>
				<misses>12400001</misses>
				<total>0</total>
				<timestamp>122.106108</timestamp>
			</report>
			<report>
				<misses>12500001</misses>
				<total>0</total>
				<timestamp>123.088873</timestamp>
			</report>
			<report>
				<misses>12600001</misses>
				<total>0</total>
				<timestamp>124.069572</timestamp>
			</report>
			<report>
				<misses>12700001</misses>
				<total>0</total>
				<timestamp>125.052292</timestamp>
			</report>
			<report>
				<misses>12800001</misses>
				<total>0</total>
				<timestamp>126.035531</timestamp>
			</report>
			<report>
				<misses>12900001</misses>
				<total>0</total>
				<timestamp>127.017871</timestamp>
			</report>
			<report>
				<misses>13000001</misses>
				<total>0</total>
				<timestamp>127.999090</timestamp>
			</report>
			<report>
				<misses>13100001</misses>
				<total>0</total>
				<timestamp>128.984346</timestamp>
			</report>
			<report>
				<misses>13200001</misses>
				<total>0</total>
				<timestamp>129.967586</timestamp>
			</report>
			<report>
				<misses>13300001</misses>
				<total>0</total>
				<timestamp>130.948651</timestamp>
			</report>
			<report>
				<misses>13400001</misses>
				<total>0</total>
				<timestamp>131.932031</timestamp>
			</report>
			<report>
				<misses>13500001</misses>
				<total>0</total>
				<timestamp>132.915102</timestamp>
			</report>
			<report>
				<misses>13600001</misses>
				<total>0</total>
				<timestamp>133.899754</timestamp>
			</report>
			<report>
				<misses>13700001</misses>
				<total>0</total>
				<timestamp>134.883358</timestamp>
			</report>
			<report>
				<misses>13800001</misses>
				<total>0</total>
				<timestamp>135.865317</timestamp>
			</report>
			<report>
				<misses>13900001</misses>
				<total>0</total>
				<timestamp>136.846774</timestamp>
			</report>
			<report>
				<misses>14000001</misses>
				<total>0</total>
				<timestamp>137.829815</timestamp>
			</report>
			<report>
				<misses>14100001</misses>
				<total>0</total>
				<timestamp>138.812533</timestamp>
			</report>
			<report>
				<misses>14200001</misses>
				<total>0</total>
				<timestamp>139.793896</timestamp>
			</report>
			<report>
				<misses>14300001</misses>
				<total>0</total>
				<timestamp>140.774086</timestamp>
			</report>
			<report>
				<misses>14400001</misses>
				<total>0</total>
				<timestamp>141.756173</timestamp>
			</report>
			<report>
				<misses>14500001</misses>
				<total>0</total>
				<timestamp>142.741667</timestamp>
			</report>
			<report>
				<misses>14600001</misses>
				<total>0</total>
				<timestamp>143.725171</timestamp>
			</report>
			<report>
				<misses>14700001</misses>
				<total>0</total>
				<timestamp>144.709159</timestamp>
			</report>
			<report>
				<misses>14800001</misses>
				<total>0</total>
				<timestamp>145.691494</timestamp>
			</report>
			<report>
				<misses>14900001</misses>
				<total>0</total>
				<timestamp>146.674215</timestamp>
			</report>
			<report>
				<misses>15000001</misses>
				<total>0</total>
				<timestamp>147.656204</timestamp>
			</report>
			<report>
				<misses>15100001</misses>
				<total>0</total>
				<timestamp>148.641066</timestamp>
			</report>
			<report>
				<misses>15200001</misses>
				<total>0</total>
				<timestamp>149.625059</timestamp>
			</report>
			<report>
				<misses>15300001</misses>
				<total>0</total>
				<timestamp>150.606501</timestamp>
			</report>
			<report>
				<misses>15400001</misses>
				<total>0</total>
				<timestamp>151.587684</timestamp>
			</report>
			<report>
				<misses>15500001</misses>
				<total>0</total>
				<timestamp>152.568241</timestamp>
			</report>
			<report>
				<misses>15600001</misses>
				<total>0</total>
				<timestamp>153.553902</timestamp>
			</report>
			<report>
				<misses>15700001</misses>
				<total>0</total>
				<timestamp>154.536992</timestamp>
			</report>
			<report>
				<misses>15800001</misses>
				<total>0</total>
				<timestamp>155.519327</timestamp>
			</report>
			<report>
				<misses>15900001</misses>
				<total>0</total>
				<timestamp>156.504336</timestamp>
			</report>
			<report>
				<misses>16000001</misses>
				<total>0</total>
				<timestamp>157.489350</timestamp>
			</report>
			<report>
				<misses>16100001</misses>
				<total>0</total>
				<timestamp>158.474237</timestamp>
			</report>
			<report>
				<misses>16200001</misses>
				<total>0</total>
				<timestamp>159.458099</timestamp>
			</report>
			<report>
				<misses>16300001</misses>
				<total>0</total>
				<timestamp>160.441558</timestamp>
			</report>
			<report>
				<misses>16400001</misses>
				<total>0</total>
				<timestamp>161.428347</timestamp>
			</report>
			<report>
				<misses>16500001</misses>
				<total>0</total>
				<timestamp>162.412327</timestamp>
			</report>
			<report>
				<misses>16600001</misses>
				<total>0</total>
				<timestamp>163.396981</timestamp>
			</report>
			<report>
				<misses>16700001</misses>
				<total>0</total>
				<timestamp>164.381208</timestamp>
			</report>
			<report>
				<misses>16800001</misses>
				<total>0</total>
				<timestamp>165.366070</timestamp>
			</report>
			<report>
				<misses>16900001</misses>
				<total>0</total>
				<timestamp>166.350217</timestamp>
			</report>
			<report>
				<misses>17000001</misses>
				<total>0</total>
				<timestamp>167.333813</timestamp>
			</report>
			<report>
				<misses>17100001</misses>
				<total>0</total>
				<timestamp>168.314768</timestamp>
			</report>
			<report>
				<misses>17200001</misses>
				<total>0</total>
				<timestamp>169.295964</timestamp>
			</report>
			<report>
				<misses>17300001</misses>
				<total>0</total>
				<timestamp>170.278201</timestamp>
			</report>
			<report>
				<misses>17400001</misses>
				<total>0</total>
				<timestamp>171.261938</timestamp>
			</report>
			<report>
				<misses>17500001</misses>
				<total>0</total>
				<timestamp>172.243772</timestamp>
			</report>
			<report>
				<misses>17600001</misses>
				<total>0</total>
				<timestamp>173.227626</timestamp>
			</report>
			<report>
				<misses>17700001</misses>
				<total>0</total>
				<timestamp>174.209482</timestamp>
			</report>
			<report>
				<misses>17800001</misses>
				<total>0</total>
				<timestamp>175.197019</timestamp>
			</report>
			<report>
				<misses>17900001</misses>
				<total>0</total>
				<timestamp>176.181870</timestamp>
			</report>
			<report>
				<misses>18000001</misses>
				<total>0</total>
				<timestamp>177.165100</timestamp>
			</report>
			<report>
				<misses>18100001</misses>
				<total>0</total>
				<timestamp>178.146707</timestamp>
			</report>
			<report>
				<misses>18200001</misses>
				<total>0</total>
				<timestamp>179.130973</timestamp>
			</report>
			<report>
				<misses>18300001</misses>
				<total>0</total>
				<timestamp>180.115595</timestamp>
			</report>
			<report>
				<misses>18400001</misses>
				<total>0</total>
				<timestamp>181.095890</timestamp>
			</report>
			<report>
				<misses>18500001</misses>
				<total>0</total>
				<timestamp>182.078132</timestamp>
			</report>
			<report>
				<misses>18600001</misses>
				<total>0</total>
				<timestamp>183.063116</timestamp>
			</report>
			<report>
				<misses>18700001</misses>
				<total>0</total>
				<timestamp>184.046748</timestamp>
			</report>
			<report>
				<misses>18800001</misses>
				<total>0</total>
				<timestamp>185.030393</timestamp>
			</report>
			<report>
				<misses>18900001</misses>
				<total>0</total>
				<timestamp>186.010065</timestamp>
			</report>
			<report>
				<misses>19000001</misses>
				<total>0</total>
				<timestamp>186.993427</timestamp>
			</report>
			<report>
				<misses>19100001</misses>
				<total>0</total>
				<timestamp>187.976402</timestamp>
			</report>
			<report>
				<misses>19200001</misses>
				<total>0</total>
				<timestamp>188.958732</timestamp>
			</report>
			<report>
				<misses>19300001</misses>
				<total>0</total>
				<timestamp>189.941100</timestamp>
			</report>
			<report>
				<misses>19400001</misses>
				<total>0</total>
				<timestamp>190.923674</timestamp>
			</report>
			<report>
				<misses>19500001</misses>
				<total>0</total>
				<timestamp>191.908704</timestamp>
			</report>
			<report>
				<misses>19600001</misses>
				<total>0</total>
				<timestamp>192.890282</timestamp>
			</report>
			<report>
				<misses>19700001</misses>
				<total>0</total>
				<timestamp>193.872759</timestamp>
			</report>
			<report>
				<misses>19800001</misses>
				<total>0</total>
				<timestamp>194.858149</timestamp>
			</report>
			<report>
				<misses>19900001</misses>
				<total>0</total>
				<timestamp>195.841618</timestamp>
			</report>
			<report>
				<misses>20000001</misses>
				<total>0</total>
				<timestamp>196.824856</timestamp>
			</report>
			<report>
				<misses>20100001</misses>
				<total>0</total>
				<timestamp>197.809106</timestamp>
			</report>
			<report>
				<misses>20200001</misses>
				<total>0</total>
				<timestamp>198.791197</timestamp>
			</report>
			<report>
				<misses>20300001</misses>
				<total>0</total>
				<timestamp>199.773173</timestamp>
			</report>
			<report>
				<misses>20400001</misses>
				<total>0</total>
				<timestamp>200.757268</timestamp>
			</report>
			<report>
				<misses>20500001</misses>
				<total>0</total>
				<timestamp>201.737242</timestamp>
			</report>
			<report>
				<misses>20600001</misses>
				<total>0</total>
				<timestamp>202.721710</timestamp>
			</report>
			<report>
				<misses>20700001</misses>
				<total>0</total>
				<timestamp>203.703701</timestamp>
			</report>
			<report>
				<misses>20800001</misses>
				<total>0</total>
				<timestamp>204.689074</timestamp>
			</report>
			<report>
				<misses>20900001</misses>
				<total>0</total>
				<timestamp>205.671792</timestamp>
			</report>
			<report>
				<misses>21000001</misses>
				<total>0</total>
				<timestamp>206.651866</timestamp>
			</report>
			<report>
				<misses>21100001</misses>
				<total>0</total>
				<timestamp>207.636745</timestamp>
			</report>
			<report>
				<misses>21200001</misses>
				<total>0</total>
				<timestamp>208.618724</timestamp>
			</report>
			<report>
				<misses>21300001</misses>
				<total>0</total>
				<timestamp>209.604482</timestamp>
			</report>
			<report>
				<misses>21400001</misses>
				<total>0</total>
				<timestamp>210.594795</timestamp>
			</report>
			<report>
				<misses>21500001</misses>
				<total>0</total>
				<timestamp>211.580174</timestamp>
			</report>
			<report>
				<misses>21600001</misses>
				<total>0</total>
				<timestamp>212.563785</timestamp>
			</report>
			<report>
				<misses>21700001</misses>
				<total>0</total>
				<timestamp>213.549031</timestamp>
			</report>
			<report>
				<misses>21800001</misses>
				<total>0</total>
				<timestamp>214.530009</timestamp>
			</report>
			<report>
				<misses>21900001</misses>
				<total>0</total>
				<timestamp>215.514356</timestamp>
			</report>
			<report>
				<misses>22000001</misses>
				<total>0</total>
				<timestamp>216.498472</timestamp>
			</report>
			<report>
				<misses>22100001</misses>
				<total>0</total>
				<timestamp>217.483617</timestamp>
			</report>
			<report>
				<misses>22200001</misses>
				<total>0</total>
				<timestamp>218.467995</timestamp>
			</report>
			<report>
				<misses>22300001</misses>
				<total>0</total>
				<timestamp>219.449564</timestamp>
			</report>
			<report>
				<misses>22400001</misses>
				<total>0</total>
				<timestamp>220.433559</timestamp>
			</report>
			<report>
				<misses>22500001</misses>
				<total>0</total>
				<timestamp>221.415260</timestamp>
			</report>
			<report>
				<misses>22600001</misses>
				<total>0</total>
				<timestamp>222.397236</timestamp>
			</report>
			<report>
				<misses>22700001</misses>
				<total>0</total>
				<timestamp>223.384137</timestamp>
			</report>
			<report>
				<misses>22800001</misses>
				<total>0</total>
				<timestamp>224.369526</timestamp>
			</report>
			<report>
				<misses>22900001</misses>
				<total>0</total>
				<timestamp>225.351617</timestamp>
			</report>
			<report>
				<misses>23000001</misses>
				<total>0</total>
				<timestamp>226.335226</timestamp>
			</report>
			<report>
				<misses>23100001</misses>
				<total>0</total>
				<timestamp>227.318084</timestamp>
			</report>
			<report>
				<misses>23200001</misses>
				<total>0</total>
				<timestamp>228.303095</timestamp>
			</report>
			<report>
				<misses>23300001</misses>
				<total>0</total>
				<timestamp>229.284155</timestamp>
			</report>
			<report>
				<misses>23400001</misses>
				<total>0</total>
				<timestamp>230.264370</timestamp>
			</report>
			<report>
				<misses>23500001</misses>
				<total>0</total>
				<timestamp>231.248092</timestamp>
			</report>
			<report>
				<misses>23600001</misses>
				<total>0</total>
				<timestamp>232.231709</timestamp>
			</report>
			<report>
				<misses>23700001</misses>
				<total>0</total>
				<timestamp>233.221659</timestamp>
			</report>
			<report>
				<misses>23800001</misses>
				<total>0</total>
				<timestamp>234.207534</timestamp>
			</report>
			<report>
				<misses>23900001</misses>
				<total>0</total>
				<timestamp>235.194045</timestamp>
			</report>
			<report>
				<misses>24000001</misses>
				<total>0</total>
				<timestamp>236.193865</timestamp>
			</report>
			<report>
				<misses>24100001</misses>
				<total>0</total>
				<timestamp>237.180248</timestamp>
			</report>
			<report>
				<misses>24200001</misses>
				<total>0</total>
				<timestamp>238.179297</timestamp>
			</report>
			<report>
				<misses>24300001</misses>
				<total>0</total>
				<timestamp>239.166309</timestamp>
			</report>
			<report>
				<misses>24400001</misses>
				<total>0</total>
				<timestamp>240.152335</timestamp>
			</report>
			<report>
				<misses>24500001</misses>
				<total>0</total>
				<timestamp>241.134303</timestamp>
			</report>
			<report>
				<misses>24600001</misses>
				<total>0</total>
				<timestamp>242.117646</timestamp>
			</report>
			<report>
				<misses>24700001</misses>
				<total>0</total>
				<timestamp>243.103218</timestamp>
			</report>
			<report>
				<misses>24800001</misses>
				<total>0</total>
				<timestamp>244.088741</timestamp>
			</report>
			<report>
				<misses>24900001</misses>
				<total>0</total>
				<timestamp>245.074854</timestamp>
			</report>
			<report>
				<misses>25000001</misses>
				<total>0</total>
				<timestamp>246.060381</timestamp>
			</report>
			<report>
				<misses>25100001</misses>
				<total>0</total>
				<timestamp>247.043604</timestamp>
			</report>
			<report>
				<misses>25200001</misses>
				<total>0</total>
				<timestamp>248.025839</timestamp>
			</report>
			<report>
				<misses>25300001</misses>
				<total>0</total>
				<timestamp>249.010450</timestamp>
			</report>
			<report>
				<misses>25400001</misses>
				<total>0</total>
				<timestamp>249.994197</timestamp>
			</report>
			<report>
				<misses>25500001</misses>
				<total>0</total>
				<timestamp>250.980603</timestamp>
			</report>
			<report>
				<misses>25600001</misses>
				<total>0</total>
				<timestamp>251.970905</timestamp>
			</report>
			<report>
				<misses>25700001</misses>
				<total>0</total>
				<timestamp>252.955400</timestamp>
			</report>
			<report>
				<misses>25800001</misses>
				<total>0</total>
				<timestamp>253.942178</timestamp>
			</report>
			<report>
				<misses>25900001</misses>
				<total>0</total>
				<timestamp>254.928043</timestamp>
			</report>
			<report>
				<misses>26000001</misses>
				<total>0</total>
				<timestamp>255.915704</timestamp>
			</report>
			<report>
				<misses>26100001</misses>
				<total>0</total>
				<timestamp>256.898571</timestamp>
			</report>
			<report>
				<misses>26200001</misses>
				<total>0</total>
				<timestamp>257.882940</timestamp>
			</report>
			<report>
				<misses>26300001</misses>
				<total>0</total>
				<timestamp>258.868952</timestamp>
			</report>
			<report>
				<misses>26400001</misses>
				<total>0</total>
				<timestamp>259.859168</timestamp>
			</report>
			<report>
				<misses>26500001</misses>
				<total>0</total>
				<timestamp>260.844536</timestamp>
			</report>
			<report>
				<misses>26600001</misses>
				<total>0</total>
				<timestamp>261.825852</timestamp>
			</report>
			<report>
				<misses>26700001</misses>
				<total>0</total>
				<timestamp>262.809728</timestamp>
			</report>
			<report>
				<misses>26800001</misses>
				<total>0</total>
				<timestamp>263.795729</timestamp>
			</report>
			<report>
				<misses>26900001</misses>
				<total>0</total>
				<timestamp>264.780606</timestamp>
			</report>
			<report>
				<misses>27000001</misses>
				<total>0</total>
				<timestamp>265.783312</timestamp>
			</report>
			<report>
				<misses>27100001</misses>
				<total>0</total>
				<timestamp>266.768836</timestamp>
			</report>
			<report>
				<misses>27200001</misses>
				<total>0</total>
				<timestamp>267.758653</timestamp>
			</report>
			<report>
				<misses>27300001</misses>
				<total>0</total>
				<timestamp>268.747419</timestamp>
			</report>
			<report>
				<misses>27400001</misses>
				<total>0</total>
				<timestamp>269.732803</timestamp>
			</report>
			<report>
				<misses>27500001</misses>
				<total>0</total>
				<timestamp>270.716421</timestamp>
			</report>
			<report>
				<misses>27600001</misses>
				<total>0</total>
				<timestamp>271.699531</timestamp>
			</report>
			<report>
				<misses>27700001</misses>
				<total>0</total>
				<timestamp>272.685401</timestamp>
			</report>
			<report>
				<misses>27800001</misses>
				<total>0</total>
				<timestamp>273.674834</timestamp>
			</report>
			<report>
				<misses>27900001</misses>
				<total>0</total>
				<timestamp>274.664902</timestamp>
			</report>
			<report>
				<misses>28000001</misses>
				<total>0</total>
				<timestamp>275.649398</timestamp>
			</report>
			<report>
				<misses>28100001</misses>
				<total>0</total>
				<timestamp>276.633770</timestamp>
			</report>
			<report>
				<misses>28200001</misses>
				<total>0</total>
				<timestamp>277.616610</timestamp>
			</report>
			<report>
				<misses>28300001</misses>
				<total>0</total>
				<timestamp>278.601380</timestamp>
			</report>
			<report>
				<misses>28400001</misses>
				<total>0</total>
				<timestamp>279.586369</timestamp>
			</report>
			<report>
				<misses>28500001</misses>
				<total>0</total>
				<timestamp>280.574174</timestamp>
			</report>
			<report>
				<misses>28600001</misses>
				<total>0</total>
				<timestamp>281.560866</timestamp>
			</report>
			<report>
				<misses>28700001</misses>
				<total>0</total>
				<timestamp>282.545512</timestamp>
			</report>
			<report>
				<misses>28800001</misses>
				<total>0</total>
				<timestamp>283.538530</timestamp>
			</report>
			<report>
				<misses>28900001</misses>
				<total>0</total>
				<timestamp>284.520861</timestamp>
			</report>
			<report>
				<misses>29000001</misses>
				<total>0</total>
				<timestamp>285.502848</timestamp>
			</report>
			<report>
				<misses>29100001</misses>
				<total>0</total>
				<timestamp>286.488220</timestamp>
			</report>
			<report>
				<misses>29200001</misses>
				<total>0</total>
				<timestamp>287.469185</timestamp>
			</report>
			<report>
				<misses>29300001</misses>
				<total>0</total>
				<timestamp>288.450402</timestamp>
			</report>
			<report>
				<misses>29400001</misses>
				<total>0</total>
				<timestamp>289.434003</timestamp>
			</report>
			<report>
				<misses>29500001</misses>
				<total>0</total>
				<timestamp>290.416860</timestamp>
			</report>
			<report>
				<misses>29600001</misses>
				<total>0</total>
				<timestamp>291.401974</timestamp>
			</report>
			<report>
				<misses>29700001</misses>
				<total>0</total>
				<timestamp>292.386223</timestamp>
			</report>
			<report>
				<misses>29800001</misses>
				<total>0</total>
				<timestamp>293.369978</timestamp>
			</report>
			<report>
				<misses>29900001</misses>
				<total>0</total>
				<timestamp>294.356231</timestamp>
			</report>
			<report>
				<misses>30000001</misses>
				<total>0</total>
				<timestamp>295.340230</timestamp>
			</report>
			<report>
				<misses>30100001</misses>
				<total>0</total>
				<timestamp>296.324855</timestamp>
			</report>
			<report>
				<misses>30200001</misses>
				<total>0</total>
				<timestamp>297.307701</timestamp>
			</report>
			<report>
				<misses>30300001</misses>
				<total>0</total>
				<timestamp>298.293321</timestamp>
			</report>
			<report>
				<misses>30400001</misses>
				<total>0</total>
				<timestamp>299.276208</timestamp>
			</report>
			<report>
				<misses>30500001</misses>
				<total>0</total>
				<timestamp>300.259925</timestamp>
			</report>
			<report>
				<misses>30600001</misses>
				<total>0</total>
				<timestamp>301.241248</timestamp>
			</report>
			<report>
				<misses>30700001</misses>
				<total>0</total>
				<timestamp>302.223483</timestamp>
			</report>
			<report>
				<misses>30800001</misses>
				<total>0</total>
				<timestamp>303.206674</timestamp>
			</report>
			<report>
				<misses>30900001</misses>
				<total>0</total>
				<timestamp>304.188881</timestamp>
			</report>
			<report>
				<misses>31000001</misses>
				<total>0</total>
				<timestamp>305.172878</timestamp>
			</report>
			<report>
				<misses>31100001</misses>
				<total>0</total>
				<timestamp>306.155459</timestamp>
			</report>
			<report>
				<misses>31200001</misses>
				<total>0</total>
				<timestamp>307.137951</timestamp>
			</report>
			<report>
				<misses>31300001</misses>
				<total>0</total>
				<timestamp>308.121413</timestamp>
			</report>
			<report>
				<misses>31400001</misses>
				<total>0</total>
				<timestamp>309.103680</timestamp>
			</report>
			<report>
				<misses>31500001</misses>
				<total>0</total>
				<timestamp>310.086829</timestamp>
			</report>
			<report>
				<misses>31600001</misses>
				<total>0</total>
				<timestamp>311.077512</timestamp>
			</report>
			<report>
				<misses>31700001</misses>
				<total>0</total>
				<timestamp>312.059263</timestamp>
			</report>
			<report>
				<misses>31800001</misses>
				<total>0</total>
				<timestamp>313.042122</timestamp>
			</report>
			<report>
				<misses>31900001</misses>
				<total>0</total>
				<timestamp>314.031161</timestamp>
			</report>
			<report>
				<misses>32000001</misses>
				<total>0</total>
				<timestamp>315.017083</timestamp>
			</report>
			<report>
				<misses>32100001</misses>
				<total>0</total>
				<timestamp>316.001030</timestamp>
			</report>
			<report>
				<misses>32200001</misses>
				<total>0</total>
				<timestamp>316.984994</timestamp>
			</report>
			<report>
				<misses>32300001</misses>
				<total>0</total>
				<timestamp>317.969871</timestamp>
			</report>
			<report>
				<misses>32400001</misses>
				<total>0</total>
				<timestamp>318.952329</timestamp>
			</report>
			<report>
				<misses>32500001</misses>
				<total>0</total>
				<timestamp>319.933664</timestamp>
			</report>
			<report>
				<misses>32600001</misses>
				<total>0</total>
				<timestamp>320.916758</timestamp>
			</report>
			<report>
				<misses>32700001</misses>
				<total>0</total>
				<timestamp>321.898089</timestamp>
			</report>
			<report>
				<misses>32800001</misses>
				<total>0</total>
				<timestamp>322.881613</timestamp>
			</report>
			<report>
				<misses>32900001</misses>
				<total>0</total>
				<timestamp>323.863813</timestamp>
			</report>
			<report>
				<misses>33000001</misses>
				<total>0</total>
				<timestamp>324.845524</timestamp>
			</report>
			<report>
				<misses>33100001</misses>
				<total>0</total>
				<timestamp>325.830384</timestamp>
			</report>
			<report>
				<misses>33200001</misses>
				<total>0</total>
				<timestamp>326.811612</timestamp>
			</report>
			<report>
				<misses>33300001</misses>
				<total>0</total>
				<timestamp>327.794076</timestamp>
			</report>
			<report>
				<misses>33400001</misses>
				<total>0</total>
				<timestamp>328.776561</timestamp>
			</report>
			<report>
				<misses>33500001</misses>
				<total>0</total>
				<timestamp>329.760398</timestamp>
			</report>
			<report>
				<misses>33600001</misses>
				<total>0</total>
				<timestamp>330.741628</timestamp>
			</report>
			<report>
				<misses>33700001</misses>
				<total>0</total>
				<timestamp>331.723324</timestamp>
			</report>
			<report>
				<misses>33800001</misses>
				<total>0</total>
				<timestamp>332.705696</timestamp>
			</report>
			<report>
				<misses>33900001</misses>
				<total>0</total>
				<timestamp>333.689805</timestamp>
			</report>
			<report>
				<misses>34000001</misses>
				<total>0</total>
				<timestamp>334.672664</timestamp>
			</report>
			<report>
				<misses>34100001</misses>
				<total>0</total>
				<timestamp>335.657290</timestamp>
			</report>
			<report>
				<misses>34200001</misses>
				<total>0</total>
				<timestamp>336.642533</timestamp>
			</report>
			<report>
				<misses>34300001</misses>
				<total>0</total>
				<timestamp>337.626175</timestamp>
			</report>
			<report>
				<misses>34400001</misses>
				<total>0</total>
				<timestamp>338.608749</timestamp>
			</report>
			<report>
				<misses>34500001</misses>
				<total>0</total>
				<timestamp>339.590466</timestamp>
			</report>
			<report>
				<misses>34600001</misses>
				<total>0</total>
				<timestamp>340.572058</timestamp>
			</report>
			<report>
				<misses>34700001</misses>
				<total>0</total>
				<timestamp>341.553387</timestamp>
			</report>
			<report>
				<misses>34800001</misses>
				<total>0</total>
				<timestamp>342.535480</timestamp>
			</report>
			<report>
				<misses>34900001</misses>
				<total>0</total>
				<timestamp>343.521500</timestamp>
			</report>
			<report>
				<misses>35000001</misses>
				<total>0</total>
				<timestamp>344.502058</timestamp>
			</report>
			<report>
				<misses>35100001</misses>
				<total>0</total>
				<timestamp>345.484670</timestamp>
			</report>
			<report>
				<misses>35200001</misses>
				<total>0</total>
				<timestamp>346.466123</timestamp>
			</report>
			<report>
				<misses>35300001</misses>
				<total>0</total>
				<timestamp>347.449344</timestamp>
			</report>
			<report>
				<misses>35400001</misses>
				<total>0</total>
				<timestamp>348.433938</timestamp>
			</report>
			<report>
				<misses>35500001</misses>
				<total>0</total>
				<timestamp>349.416798</timestamp>
			</report>
			<report>
				<misses>35600001</misses>
				<total>0</total>
				<timestamp>350.402057</timestamp>
			</report>
			<report>
				<misses>35700001</misses>
				<total>0</total>
				<timestamp>351.386436</timestamp>
			</report>
			<report>
				<misses>35800001</misses>
				<total>0</total>
				<timestamp>352.372059</timestamp>
			</report>
			<report>
				<misses>35900001</misses>
				<total>0</total>
				<timestamp>353.356163</timestamp>
			</report>
			<report>
				<misses>36000001</misses>
				<total>0</total>
				<timestamp>354.337769</timestamp>
			</report>
			<report>
				<misses>36100001</misses>
				<total>0</total>
				<timestamp>355.320751</timestamp>
			</report>
			<report>
				<misses>36200001</misses>
				<total>0</total>
				<timestamp>356.303864</timestamp>
			</report>
			<report>
				<misses>36300001</misses>
				<total>0</total>
				<timestamp>357.285208</timestamp>
			</report>
			<report>
				<misses>36400001</misses>
				<total>0</total>
				<timestamp>358.266292</timestamp>
			</report>
			<report>
				<misses>36500001</misses>
				<total>0</total>
				<timestamp>359.249623</timestamp>
			</report>
			<report>
				<misses>36600001</misses>
				<total>0</total>
				<timestamp>360.231113</timestamp>
			</report>
			<report>
				<misses>36700001</misses>
				<total>0</total>
				<timestamp>361.214205</timestamp>
			</report>
			<report>
				<misses>36800001</misses>
				<total>0</total>
				<timestamp>362.196159</timestamp>
			</report>
			<report>
				<misses>36900001</misses>
				<total>0</total>
				<timestamp>363.178893</timestamp>
			</report>
			<report>
				<misses>37000001</misses>
				<total>0</total>
				<timestamp>364.159607</timestamp>
			</report>
			<report>
				<misses>37100001</misses>
				<total>0</total>
				<timestamp>365.141824</timestamp>
			</report>
			<report>
				<misses>37200001</misses>
				<total>0</total>
				<timestamp>366.124058</timestamp>
			</report>
			<report>
				<misses>37300001</misses>
				<total>0</total>
				<timestamp>367.106032</timestamp>
			</report>
			<report>
				<misses>37400001</misses>
				<total>0</total>
				<timestamp>368.087348</timestamp>
			</report>
			<report>
				<misses>37500001</misses>
				<total>0</total>
				<timestamp>369.069688</timestamp>
			</report>
			<report>
				<misses>37600001</misses>
				<total>0</total>
				<timestamp>370.051177</timestamp>
			</report>
			<report>
				<misses>37700001</misses>
				<total>0</total>
				<timestamp>371.030990</timestamp>
			</report>
			<report>
				<misses>37800001</misses>
				<total>0</total>
				<timestamp>372.013443</timestamp>
			</report>
			<report>
				<misses>37900001</misses>
				<total>0</total>
				<timestamp>372.995796</timestamp>
			</report>
			<report>
				<misses>38000001</misses>
				<total>0</total>
				<timestamp>373.978525</timestamp>
			</report>
			<report>
				<misses>38100001</misses>
				<total>0</total>
				<timestamp>374.960120</timestamp>
			</report>
			<report>
				<misses>38200001</misses>
				<total>0</total>
				<timestamp>375.942489</timestamp>
			</report>
			<report>
				<misses>38300001</misses>
				<total>0</total>
				<timestamp>376.924170</timestamp>
			</report>
			<report>
				<misses>38400001</misses>
				<total>0</total>
				<timestamp>377.904870</timestamp>
			</report>
			<report>
				<misses>38500001</misses>
				<total>0</total>
				<timestamp>378.890393</timestamp>
			</report>
			<report>
				<misses>38600001</misses>
				<total>0</total>
				<timestamp>379.870724</timestamp>
			</report>
			<report>
				<misses>38700001</misses>
				<total>0</total>
				<timestamp>380.853694</timestamp>
			</report>
			<report>
				<misses>38800001</misses>
				<total>0</total>
				<timestamp>381.837801</timestamp>
			</report>
			<report>
				<misses>38900001</misses>
				<total>0</total>
				<timestamp>382.819788</timestamp>
			</report>
			<report>
				<misses>39000001</misses>
				<total>0</total>
				<timestamp>383.803904</timestamp>
			</report>
			<report>
				<misses>39100001</misses>
				<total>0</total>
				<timestamp>384.787493</timestamp>
			</report>
			<report>
				<misses>39200001</misses>
				<total>0</total>
				<timestamp>385.771491</timestamp>
			</report>
			<report>
				<misses>39300001</misses>
				<total>0</total>
				<timestamp>386.755985</timestamp>
			</report>
			<report>
				<misses>39400001</misses>
				<total>0</total>
				<timestamp>387.738346</timestamp>
			</report>
			<report>
				<misses>39500001</misses>
				<total>0</total>
				<timestamp>388.722587</timestamp>
			</report>
			<report>
				<misses>39600001</misses>
				<total>0</total>
				<timestamp>389.706588</timestamp>
			</report>
			<report>
				<misses>39700001</misses>
				<total>0</total>
				<timestamp>390.691574</timestamp>
			</report>
			<report>
				<misses>39800001</misses>
				<total>0</total>
				<timestamp>391.675827</timestamp>
			</report>
			<report>
				<misses>39900001</misses>
				<total>0</total>
				<timestamp>392.661197</timestamp>
			</report>
			<report>
				<misses>40000001</misses>
				<total>0</total>
				<timestamp>393.643935</timestamp>
			</report>
			<report>
				<misses>40100001</misses>
				<total>0</total>
				<timestamp>394.624865</timestamp>
			</report>
			<report>
				<misses>40200001</misses>
				<total>0</total>
				<timestamp>395.607748</timestamp>
			</report>
			<report>
				<misses>40300001</misses>
				<total>0</total>
				<timestamp>396.589975</timestamp>
			</report>
			<report>
				<misses>40400001</misses>
				<total>0</total>
				<timestamp>397.574813</timestamp>
			</report>
			<report>
				<misses>40500001</misses>
				<total>0</total>
				<timestamp>398.558928</timestamp>
			</report>
			<report>
				<misses>40600001</misses>
				<total>0</total>
				<timestamp>399.544792</timestamp>
			</report>
			<report>
				<misses>40700001</misses>
				<total>0</total>
				<timestamp>400.526505</timestamp>
			</report>
			<report>
				<misses>40800001</misses>
				<total>0</total>
				<timestamp>401.508480</timestamp>
			</report>
			<report>
				<misses>40900001</misses>
				<total>0</total>
				<timestamp>402.489689</timestamp>
			</report>
			<report>
				<misses>41000001</misses>
				<total>0</total>
				<timestamp>403.473051</timestamp>
			</report>
			<report>
				<misses>41100001</misses>
				<total>0</total>
				<timestamp>404.455409</timestamp>
			</report>
			<report>
				<misses>41200001</misses>
				<total>0</total>
				<timestamp>405.437758</timestamp>
			</report>
			<report>
				<misses>41300001</misses>
				<total>0</total>
				<timestamp>406.420477</timestamp>
			</report>
			<report>
				<misses>41400001</misses>
				<total>0</total>
				<timestamp>407.404715</timestamp>
			</report>
			<report>
				<misses>41500001</misses>
				<total>0</total>
				<timestamp>408.387453</timestamp>
			</report>
			<report>
				<misses>41600001</misses>
				<total>0</total>
				<timestamp>409.368413</timestamp>
			</report>
			<report>
				<misses>41700001</misses>
				<total>0</total>
				<timestamp>410.354063</timestamp>
			</report>
			<report>
				<misses>41800001</misses>
				<total>0</total>
				<timestamp>411.337012</timestamp>
			</report>
			<report>
				<misses>41900001</misses>
				<total>0</total>
				<timestamp>412.319242</timestamp>
			</report>
			<report>
				<misses>42000001</misses>
				<total>0</total>
				<timestamp>413.305114</timestamp>
			</report>
			<report>
				<misses>42100001</misses>
				<total>0</total>
				<timestamp>414.289496</timestamp>
			</report>
			<report>
				<misses>42200001</misses>
				<total>0</total>
				<timestamp>415.275650</timestamp>
			</report>
			<report>
				<misses>42300001</misses>
				<total>0</total>
				<timestamp>416.258895</timestamp>
			</report>
			<report>
				<misses>42400001</misses>
				<total>0</total>
				<timestamp>417.242127</timestamp>
			</report>
			<report>
				<misses>42500001</misses>
				<total>0</total>
				<timestamp>418.226755</timestamp>
			</report>
			<report>
				<misses>42600001</misses>
				<total>0</total>
				<timestamp>419.212882</timestamp>
			</report>
			<report>
				<misses>42700001</misses>
				<total>0</total>
				<timestamp>420.194220</timestamp>
			</report>
			<report>
				<misses>42800001</misses>
				<total>0</total>
				<timestamp>421.177268</timestamp>
			</report>
			<report>
				<misses>42900001</misses>
				<total>0</total>
				<timestamp>422.157973</timestamp>
			</report>
			<report>
				<misses>43000001</misses>
				<total>0</total>
				<timestamp>423.137657</timestamp>
			</report>
			<report>
				<misses>43100001</misses>
				<total>0</total>
				<timestamp>424.120018</timestamp>
			</report>
			<report>
				<misses>43200001</misses>
				<total>0</total>
				<timestamp>425.106022</timestamp>
			</report>
			<report>
				<misses>43300001</misses>
				<total>0</total>
				<timestamp>426.091155</timestamp>
			</report>
			<report>
				<misses>43400001</misses>
				<total>0</total>
				<timestamp>427.076664</timestamp>
			</report>
			<report>
				<misses>43500001</misses>
				<total>0</total>
				<timestamp>428.061017</timestamp>
			</report>
			<report>
				<misses>43600001</misses>
				<total>0</total>
				<timestamp>429.044640</timestamp>
			</report>
			<report>
				<misses>43700001</misses>
				<total>0</total>
				<timestamp>430.028870</timestamp>
			</report>
			<report>
				<misses>43800001</misses>
				<total>0</total>
				<timestamp>431.010838</timestamp>
			</report>
			<report>
				<misses>43900001</misses>
				<total>0</total>
				<timestamp>431.995616</timestamp>
			</report>
			<report>
				<misses>44000001</misses>
				<total>0</total>
				<timestamp>432.978068</timestamp>
			</report>
			<report>
				<misses>44100001</misses>
				<total>0</total>
				<timestamp>433.962585</timestamp>
			</report>
			<report>
				<misses>44200001</misses>
				<total>0</total>
				<timestamp>434.944551</timestamp>
			</report>
			<report>
				<misses>44300001</misses>
				<total>0</total>
				<timestamp>435.925482</timestamp>
			</report>
			<report>
				<misses>44400001</misses>
				<total>0</total>
				<timestamp>436.912409</timestamp>
			</report>
			<report>
				<misses>44500001</misses>
				<total>0</total>
				<timestamp>437.895875</timestamp>
			</report>
			<report>
				<misses>44600001</misses>
				<total>0</total>
				<timestamp>438.877218</timestamp>
			</report>
			<report>
				<misses>44700001</misses>
				<total>0</total>
				<timestamp>439.860344</timestamp>
			</report>
			<report>
				<misses>44800001</misses>
				<total>0</total>
				<timestamp>440.843692</timestamp>
			</report>
			<report>
				<misses>44900001</misses>
				<total>0</total>
				<timestamp>441.824392</timestamp>
			</report>
			<report>
				<misses>45000001</misses>
				<total>0</total>
				<timestamp>442.806848</timestamp>
			</report>
			<report>
				<misses>45100001</misses>
				<total>0</total>
				<timestamp>443.791739</timestamp>
			</report>
			<report>
				<misses>45200001</misses>
				<total>0</total>
				<timestamp>444.776864</timestamp>
			</report>
			<report>
				<misses>45300001</misses>
				<total>0</total>
				<timestamp>445.757807</timestamp>
			</report>
			<report>
				<misses>45400001</misses>
				<total>0</total>
				<timestamp>446.739913</timestamp>
			</report>
			<report>
				<misses>45500001</misses>
				<total>0</total>
				<timestamp>447.722629</timestamp>
			</report>
			<report>
				<misses>45600001</misses>
				<total>0</total>
				<timestamp>448.704612</timestamp>
			</report>
			<report>
				<misses>45700001</misses>
				<total>0</total>
				<timestamp>449.685830</timestamp>
			</report>
			<report>
				<misses>45800001</misses>
				<total>0</total>
				<timestamp>450.667663</timestamp>
			</report>
			<report>
				<misses>45900001</misses>
				<total>0</total>
				<timestamp>451.655549</timestamp>
			</report>
			<report>
				<misses>46000001</misses>
				<total>0</total>
				<timestamp>452.638676</timestamp>
			</report>
			<report>
				<misses>46100001</misses>
				<total>0</total>
				<timestamp>453.620383</timestamp>
			</report>
			<report>
				<misses>46200001</misses>
				<total>0</total>
				<timestamp>454.601612</timestamp>
			</report>
			<report>
				<misses>46300001</misses>
				<total>0</total>
				<timestamp>455.586733</timestamp>
			</report>
			<report>
				<misses>46400001</misses>
				<total>0</total>
				<timestamp>456.570461</timestamp>
			</report>
			<report>
				<misses>46500001</misses>
				<total>0</total>
				<timestamp>457.550583</timestamp>
			</report>
			<report>
				<misses>46600001</misses>
				<total>0</total>
				<timestamp>458.533762</timestamp>
			</report>
			<report>
				<misses>46700001</misses>
				<total>0</total>
				<timestamp>459.517516</timestamp>
			</report>
			<report>
				<misses>46800001</misses>
				<total>0</total>
				<timestamp>460.505036</timestamp>
			</report>
			<report>
				<misses>46900001</misses>
				<total>0</total>
				<timestamp>461.487993</timestamp>
			</report>
			<report>
				<misses>47000001</misses>
				<total>0</total>
				<timestamp>462.470489</timestamp>
			</report>
			<report>
				<misses>47100001</misses>
				<total>0</total>
				<timestamp>463.454238</timestamp>
			</report>
			<report>
				<misses>47200001</misses>
				<total>0</total>
				<timestamp>464.436313</timestamp>
			</report>
			<report>
				<misses>47300001</misses>
				<total>0</total>
				<timestamp>465.418904</timestamp>
			</report>
			<report>
				<misses>47400001</misses>
				<total>0</total>
				<timestamp>466.405697</timestamp>
			</report>
			<report>
				<misses>47500001</misses>
				<total>0</total>
				<timestamp>467.390699</timestamp>
			</report>
			<report>
				<misses>47600001</misses>
				<total>0</total>
				<timestamp>468.376700</timestamp>
			</report>
			<report>
				<misses>47700001</misses>
				<total>0</total>
				<timestamp>469.359556</timestamp>
			</report>
			<report>
				<misses>47800001</misses>
				<total>0</total>
				<timestamp>470.342408</timestamp>
			</report>
			<report>
				<misses>47900001</misses>
				<total>0</total>
				<timestamp>471.327043</timestamp>
			</report>
			<report>
				<misses>48000001</misses>
				<total>0</total>
				<timestamp>472.315077</timestamp>
			</report>
			<report>
				<misses>48100001</misses>
				<total>0</total>
				<timestamp>473.302480</timestamp>
			</report>
			<report>
				<misses>48200001</misses>
				<total>0</total>
				<timestamp>474.288503</timestamp>
			</report>
			<report>
				<misses>48300001</misses>
				<total>0</total>
				<timestamp>475.273189</timestamp>
			</report>
			<report>
				<misses>48400001</misses>
				<total>0</total>
				<timestamp>476.261215</timestamp>
			</report>
			<report>
				<misses>48500001</misses>
				<total>0</total>
				<timestamp>477.246592</timestamp>
			</report>
			<report>
				<misses>48600001</misses>
				<total>0</total>
				<timestamp>478.229457</timestamp>
			</report>
			<report>
				<misses>48700001</misses>
				<total>0</total>
				<timestamp>479.213439</timestamp>
			</report>
			<report>
				<misses>48800001</misses>
				<total>0</total>
				<timestamp>480.199582</timestamp>
			</report>
			<report>
				<misses>48900001</misses>
				<total>0</total>
				<timestamp>481.184961</timestamp>
			</report>
			<report>
				<misses>49000001</misses>
				<total>0</total>
				<timestamp>482.168442</timestamp>
			</report>
			<report>
				<misses>49100001</misses>
				<total>0</total>
				<timestamp>483.154331</timestamp>
			</report>
			<report>
				<misses>49200001</misses>
				<total>0</total>
				<timestamp>484.139096</timestamp>
			</report>
			<report>
				<misses>49300001</misses>
				<total>0</total>
				<timestamp>485.122486</timestamp>
			</report>
			<report>
				<misses>49400001</misses>
				<total>0</total>
				<timestamp>486.106500</timestamp>
			</report>
			<report>
				<misses>49500001</misses>
				<total>0</total>
				<timestamp>487.092526</timestamp>
			</report>
			<report>
				<misses>49600001</misses>
				<total>0</total>
				<timestamp>488.075232</timestamp>
			</report>
			<report>
				<misses>49700001</misses>
				<total>0</total>
				<timestamp>489.058326</timestamp>
			</report>
			<report>
				<misses>49800001</misses>
				<total>0</total>
				<timestamp>490.044986</timestamp>
			</report>
			<report>
				<misses>49900001</misses>
				<total>0</total>
				<timestamp>491.032635</timestamp>
			</report>
			<report>
				<misses>50000001</misses>
				<total>0</total>
				<timestamp>492.015629</timestamp>
			</report>
			<report>
				<misses>50100001</misses>
				<total>0</total>
				<timestamp>492.999244</timestamp>
			</report>
			<report>
				<misses>50200001</misses>
				<total>0</total>
				<timestamp>493.982198</timestamp>
			</report>
			<report>
				<misses>50300001</misses>
				<total>0</total>
				<timestamp>494.967096</timestamp>
			</report>
			<report>
				<misses>50400001</misses>
				<total>0</total>
				<timestamp>495.957583</timestamp>
			</report>
			<report>
				<misses>50500001</misses>
				<total>0</total>
				<timestamp>496.948417</timestamp>
			</report>
			<report>
				<misses>50600001</misses>
				<total>0</total>
				<timestamp>497.932512</timestamp>
			</report>
			<report>
				<misses>50700001</misses>
				<total>0</total>
				<timestamp>498.918801</timestamp>
			</report>
			<report>
				<misses>50800001</misses>
				<total>0</total>
				<timestamp>499.901155</timestamp>
			</report>
			<report>
				<misses>50900001</misses>
				<total>0</total>
				<timestamp>500.882739</timestamp>
			</report>
			<report>
				<misses>51000001</misses>
				<total>0</total>
				<timestamp>501.864322</timestamp>
			</report>
			<report>
				<misses>51100001</misses>
				<total>0</total>
				<timestamp>502.848043</timestamp>
			</report>
			<report>
				<misses>51200001</misses>
				<total>0</total>
				<timestamp>503.833176</timestamp>
			</report>
			<report>
				<misses>51300001</misses>
				<total>0</total>
				<timestamp>504.817546</timestamp>
			</report>
			<report>
				<misses>51400001</misses>
				<total>0</total>
				<timestamp>505.798890</timestamp>
			</report>
			<report>
				<misses>51500001</misses>
				<total>0</total>
				<timestamp>506.782756</timestamp>
			</report>
			<report>
				<misses>51600001</misses>
				<total>0</total>
				<timestamp>507.765587</timestamp>
			</report>
			<report>
				<misses>51700001</misses>
				<total>0</total>
				<timestamp>508.747693</timestamp>
			</report>
			<report>
				<misses>51800001</misses>
				<total>0</total>
				<timestamp>509.729909</timestamp>
			</report>
			<report>
				<misses>51900001</misses>
				<total>0</total>
				<timestamp>510.713525</timestamp>
			</report>
			<report>
				<misses>52000001</misses>
				<total>0</total>
				<timestamp>511.696517</timestamp>
			</report>
			<report>
				<misses>52100001</misses>
				<total>0</total>
				<timestamp>512.679497</timestamp>
			</report>
			<report>
				<misses>52200001</misses>
				<total>0</total>
				<timestamp>513.663734</timestamp>
			</report>
			<report>
				<misses>52300001</misses>
				<total>0</total>
				<timestamp>514.646585</timestamp>
			</report>
			<report>
				<misses>52400001</misses>
				<total>0</total>
				<timestamp>515.629185</timestamp>
			</report>
			<report>
				<misses>52500001</misses>
				<total>0</total>
				<timestamp>516.608493</timestamp>
			</report>
			<report>
				<misses>52600001</misses>
				<total>0</total>
				<timestamp>517.590206</timestamp>
			</report>
			<report>
				<misses>52700001</misses>
				<total>0</total>
				<timestamp>518.571538</timestamp>
			</report>
			<report>
				<misses>52800001</misses>
				<total>0</total>
				<timestamp>519.556054</timestamp>
			</report>
			<report>
				<misses>52900001</misses>
				<total>0</total>
				<timestamp>520.542679</timestamp>
			</report>
			<report>
				<misses>53000001</misses>
				<total>0</total>
				<timestamp>521.526835</timestamp>
			</report>
			<report>
				<misses>53100001</misses>
				<total>0</total>
				<timestamp>522.507384</timestamp>
			</report>
			<report>
				<misses>53200001</misses>
				<total>0</total>
				<timestamp>523.490603</timestamp>
			</report>
			<report>
				<misses>53300001</misses>
				<total>0</total>
				<timestamp>524.472462</timestamp>
			</report>
			<report>
				<misses>53400001</misses>
				<total>0</total>
				<timestamp>525.453302</timestamp>
			</report>
			<report>
				<misses>53500001</misses>
				<total>0</total>
				<timestamp>526.437405</timestamp>
			</report>
			<report>
				<misses>53600001</misses>
				<total>0</total>
				<timestamp>527.421132</timestamp>
			</report>
			<report>
				<misses>53700001</misses>
				<total>0</total>
				<timestamp>528.405134</timestamp>
			</report>
			<report>
				<misses>53800001</misses>
				<total>0</total>
				<timestamp>529.386223</timestamp>
			</report>
			<report>
				<misses>53900001</misses>
				<total>0</total>
				<timestamp>530.368453</timestamp>
			</report>
			<report>
				<misses>54000001</misses>
				<total>0</total>
				<timestamp>531.351047</timestamp>
			</report>
			<report>
				<misses>54100001</misses>
				<total>0</total>
				<timestamp>532.333527</timestamp>
			</report>
			<report>
				<misses>54200001</misses>
				<total>0</total>
				<timestamp>533.316863</timestamp>
			</report>
			<report>
				<misses>54300001</misses>
				<total>0</total>
				<timestamp>534.299980</timestamp>
			</report>
			<report>
				<misses>54400001</misses>
				<total>0</total>
				<timestamp>535.281943</timestamp>
			</report>
			<report>
				<misses>54500001</misses>
				<total>0</total>
				<timestamp>536.263520</timestamp>
			</report>
			<report>
				<misses>54600001</misses>
				<total>0</total>
				<timestamp>537.244498</timestamp>
			</report>
			<report>
				<misses>54700001</misses>
				<total>0</total>
				<timestamp>538.229097</timestamp>
			</report>
			<report>
				<misses>54800001</misses>
				<total>0</total>
				<timestamp>539.216004</timestamp>
			</report>
			<report>
				<misses>54900001</misses>
				<total>0</total>
				<timestamp>540.197837</timestamp>
			</report>
			<report>
				<misses>55000001</misses>
				<total>0</total>
				<timestamp>541.180942</timestamp>
			</report>
			<report>
				<misses>55100001</misses>
				<total>0</total>
				<timestamp>542.163671</timestamp>
			</report>
			<report>
				<misses>55200001</misses>
				<total>0</total>
				<timestamp>543.147035</timestamp>
			</report>
			<report>
				<misses>55300001</misses>
				<total>0</total>
				<timestamp>544.130270</timestamp>
			</report>
			<report>
				<misses>55400001</misses>
				<total>0</total>
				<timestamp>545.111848</timestamp>
			</report>
			<report>
				<misses>55500001</misses>
				<total>0</total>
				<timestamp>546.095212</timestamp>
			</report>
			<report>
				<misses>55600001</misses>
				<total>0</total>
				<timestamp>547.074139</timestamp>
			</report>
			<report>
				<misses>55700001</misses>
				<total>0</total>
				<timestamp>548.057764</timestamp>
			</report>
			<report>
				<misses>55800001</misses>
				<total>0</total>
				<timestamp>549.040606</timestamp>
			</report>
			<report>
				<misses>55900001</misses>
				<total>0</total>
				<timestamp>550.022968</timestamp>
			</report>
			<report>
				<misses>56000001</misses>
				<total>0</total>
				<timestamp>551.004051</timestamp>
			</report>
			<report>
				<misses>56100001</misses>
				<total>0</total>
				<timestamp>551.987781</timestamp>
			</report>
			<report>
				<misses>56200001</misses>
				<total>0</total>
				<timestamp>552.971016</timestamp>
			</report>
			<report>
				<misses>56300001</misses>
				<total>0</total>
				<timestamp>553.955370</timestamp>
			</report>
			<report>
				<misses>56400001</misses>
				<total>0</total>
				<timestamp>554.941881</timestamp>
			</report>
			<report>
				<misses>56500001</misses>
				<total>0</total>
				<timestamp>555.923745</timestamp>
			</report>
			<report>
				<misses>56600001</misses>
				<total>0</total>
				<timestamp>556.905826</timestamp>
			</report>
			<report>
				<misses>56700001</misses>
				<total>0</total>
				<timestamp>557.887307</timestamp>
			</report>
			<report>
				<misses>56800001</misses>
				<total>0</total>
				<timestamp>558.866486</timestamp>
			</report>
			<report>
				<misses>56900001</misses>
				<total>0</total>
				<timestamp>559.847580</timestamp>
			</report>
			<report>
				<misses>57000001</misses>
				<total>0</total>
				<timestamp>560.830044</timestamp>
			</report>
			<report>
				<misses>57100001</misses>
				<total>0</total>
				<timestamp>561.812021</timestamp>
			</report>
			<report>
				<misses>57200001</misses>
				<total>0</total>
				<timestamp>562.794095</timestamp>
			</report>
			<report>
				<misses>57300001</misses>
				<total>0</total>
				<timestamp>563.778985</timestamp>
			</report>
			<report>
				<misses>57400001</misses>
				<total>0</total>
				<timestamp>564.763373</timestamp>
			</report>
			<report>
				<misses>57500001</misses>
				<total>0</total>
				<timestamp>565.744825</timestamp>
			</report>
			<report>
				<misses>57600001</misses>
				<total>0</total>
				<timestamp>566.725157</timestamp>
			</report>
			<report>
				<misses>57700001</misses>
				<total>0</total>
				<timestamp>567.707503</timestamp>
			</report>
			<report>
				<misses>57800001</misses>
				<total>0</total>
				<timestamp>568.692506</timestamp>
			</report>
			<report>
				<misses>57900001</misses>
				<total>0</total>
				<timestamp>569.675359</timestamp>
			</report>
			<report>
				<misses>58000001</misses>
				<total>0</total>
				<timestamp>570.656832</timestamp>
			</report>
			<report>
				<misses>58100001</misses>
				<total>0</total>
				<timestamp>571.639029</timestamp>
			</report>
			<report>
				<misses>58200001</misses>
				<total>0</total>
				<timestamp>572.620520</timestamp>
			</report>
			<report>
				<misses>58300001</misses>
				<total>0</total>
				<timestamp>573.604631</timestamp>
			</report>
			<report>
				<misses>58400001</misses>
				<total>0</total>
				<timestamp>574.587476</timestamp>
			</report>
			<report>
				<misses>58500001</misses>
				<total>0</total>
				<timestamp>575.569320</timestamp>
			</report>
			<report>
				<misses>58600001</misses>
				<total>0</total>
				<timestamp>576.555203</timestamp>
			</report>
			<report>
				<misses>58700001</misses>
				<total>0</total>
				<timestamp>577.537677</timestamp>
			</report>
			<report>
				<misses>58800001</misses>
				<total>0</total>
				<timestamp>578.521292</timestamp>
			</report>
			<report>
				<misses>58900001</misses>
				<total>0</total>
				<timestamp>579.502244</timestamp>
			</report>
			<report>
				<misses>59000001</misses>
				<total>0</total>
				<timestamp>580.483715</timestamp>
			</report>
			<report>
				<misses>59100001</misses>
				<total>0</total>
				<timestamp>581.465916</timestamp>
			</report>
			<report>
				<misses>59200001</misses>
				<total>0</total>
				<timestamp>582.450172</timestamp>
			</report>
			<report>
				<misses>59300001</misses>
				<total>0</total>
				<timestamp>583.433503</timestamp>
			</report>
			<report>
				<misses>59400001</misses>
				<total>0</total>
				<timestamp>584.416241</timestamp>
			</report>
			<report>
				<misses>59500001</misses>
				<total>0</total>
				<timestamp>585.397445</timestamp>
			</report>
			<report>
				<misses>59600001</misses>
				<total>0</total>
				<timestamp>586.379431</timestamp>
			</report>
			<report>
				<misses>59700001</misses>
				<total>0</total>
				<timestamp>587.364563</timestamp>
			</report>
			<report>
				<misses>59800001</misses>
				<total>0</total>
				<timestamp>588.346146</timestamp>
			</report>
			<report>
				<misses>59900001</misses>
				<total>0</total>
				<timestamp>589.329889</timestamp>
			</report>
			<report>
				<misses>60000001</misses>
				<total>0</total>
				<timestamp>590.313855</timestamp>
			</report>
			<report>
				<misses>60100001</misses>
				<total>0</total>
				<timestamp>591.296720</timestamp>
			</report>
			<report>
				<misses>60200001</misses>
				<total>0</total>
				<timestamp>592.279070</timestamp>
			</report>
			<report>
				<misses>60300001</misses>
				<total>0</total>
				<timestamp>593.264209</timestamp>
			</report>
			<report>
				<misses>60400001</misses>
				<total>0</total>
				<timestamp>594.248576</timestamp>
			</report>
			<report>
				<misses>60500001</misses>
				<total>0</total>
				<timestamp>595.233468</timestamp>
			</report>
			<report>
				<misses>60600001</misses>
				<total>0</total>
				<timestamp>596.218467</timestamp>
			</report>
			<report>
				<misses>60700001</misses>
				<total>0</total>
				<timestamp>597.203202</timestamp>
			</report>
			<report>
				<misses>60800001</misses>
				<total>0</total>
				<timestamp>598.187839</timestamp>
			</report>
			<report>
				<misses>60900001</misses>
				<total>0</total>
				<timestamp>599.173595</timestamp>
			</report>
			<report>
				<misses>61000001</misses>
				<total>0</total>
				<timestamp>600.155062</timestamp>
			</report>
			<report>
				<misses>61100001</misses>
				<total>0</total>
				<timestamp>601.136391</timestamp>
			</report>
			<report>
				<misses>61200001</misses>
				<total>0</total>
				<timestamp>602.120521</timestamp>
			</report>
			<report>
				<misses>61300001</misses>
				<total>0</total>
				<timestamp>603.105526</timestamp>
			</report>
			<report>
				<misses>61400001</misses>
				<total>0</total>
				<timestamp>604.090670</timestamp>
			</report>
			<report>
				<misses>61500001</misses>
				<total>0</total>
				<timestamp>605.071218</timestamp>
			</report>
			<report>
				<misses>61600001</misses>
				<total>0</total>
				<timestamp>606.053969</timestamp>
			</report>
			<report>
				<misses>61700001</misses>
				<total>0</total>
				<timestamp>607.035794</timestamp>
			</report>
			<report>
				<misses>61800001</misses>
				<total>0</total>
				<timestamp>608.021191</timestamp>
			</report>
			<report>
				<misses>61900001</misses>
				<total>0</total>
				<timestamp>609.003392</timestamp>
			</report>
			<report>
				<misses>62000001</misses>
				<total>0</total>
				<timestamp>609.988649</timestamp>
			</report>
			<report>
				<misses>62100001</misses>
				<total>0</total>
				<timestamp>610.971631</timestamp>
			</report>
			<report>
				<misses>62200001</misses>
				<total>0</total>
				<timestamp>611.959175</timestamp>
			</report>
			<report>
				<misses>62300001</misses>
				<total>0</total>
				<timestamp>612.944296</timestamp>
			</report>
			<report>
				<misses>62400001</misses>
				<total>0</total>
				<timestamp>613.926279</timestamp>
			</report>
			<report>
				<misses>62500001</misses>
				<total>0</total>
				<timestamp>614.910501</timestamp>
			</report>
			<report>
				<misses>62600001</misses>
				<total>0</total>
				<timestamp>615.891718</timestamp>
			</report>
			<report>
				<misses>62700001</misses>
				<total>0</total>
				<timestamp>616.877237</timestamp>
			</report>
			<report>
				<misses>62800001</misses>
				<total>0</total>
				<timestamp>617.860098</timestamp>
			</report>
			<report>
				<misses>62900001</misses>
				<total>0</total>
				<timestamp>618.842681</timestamp>
			</report>
			<report>
				<misses>63000001</misses>
				<total>0</total>
				<timestamp>619.827928</timestamp>
			</report>
			<report>
				<misses>63100001</misses>
				<total>0</total>
				<timestamp>620.810148</timestamp>
			</report>
			<report>
				<misses>63200001</misses>
				<total>0</total>
				<timestamp>621.794660</timestamp>
			</report>
			<report>
				<misses>63300001</misses>
				<total>0</total>
				<timestamp>622.774864</timestamp>
			</report>
			<report>
				<misses>63400001</misses>
				<total>0</total>
				<timestamp>623.760717</timestamp>
			</report>
			<report>
				<misses>63500001</misses>
				<total>0</total>
				<timestamp>624.742591</timestamp>
			</report>
			<report>
				<misses>63600001</misses>
				<total>0</total>
				<timestamp>625.725677</timestamp>
			</report>
			<report>
				<misses>63700001</misses>
				<total>0</total>
				<timestamp>626.708283</timestamp>
			</report>
			<report>
				<misses>63800001</misses>
				<total>0</total>
				<timestamp>627.688603</timestamp>
			</report>
			<report>
				<misses>63900001</misses>
				<total>0</total>
				<timestamp>628.672583</timestamp>
			</report>
			<report>
				<misses>64000001</misses>
				<total>0</total>
				<timestamp>629.655588</timestamp>
			</report>
			<report>
				<misses>64100001</misses>
				<total>0</total>
				<timestamp>630.636409</timestamp>
			</report>
			<report>
				<misses>64200001</misses>
				<total>0</total>
				<timestamp>631.618504</timestamp>
			</report>
			<report>
				<misses>64300001</misses>
				<total>0</total>
				<timestamp>632.600978</timestamp>
			</report>
			<report>
				<misses>64400001</misses>
				<total>0</total>
				<timestamp>633.583068</timestamp>
			</report>
			<report>
				<misses>64500001</misses>
				<total>0</total>
				<timestamp>634.568211</timestamp>
			</report>
			<report>
				<misses>64600001</misses>
				<total>0</total>
				<timestamp>635.558234</timestamp>
			</report>
			<report>
				<misses>64700001</misses>
				<total>0</total>
				<timestamp>636.547068</timestamp>
			</report>
			<report>
				<misses>64800001</misses>
				<total>0</total>
				<timestamp>637.530921</timestamp>
			</report>
			<report>
				<misses>64900001</misses>
				<total>0</total>
				<timestamp>638.515293</timestamp>
			</report>
			<report>
				<misses>65000001</misses>
				<total>0</total>
				<timestamp>639.503947</timestamp>
			</report>
			<report>
				<misses>65100001</misses>
				<total>0</total>
				<timestamp>640.484794</timestamp>
			</report>
			<report>
				<misses>65200001</misses>
				<total>0</total>
				<timestamp>641.471302</timestamp>
			</report>
			<report>
				<misses>65300001</misses>
				<total>0</total>
				<timestamp>642.455298</timestamp>
			</report>
			<report>
				<misses>65400001</misses>
				<total>0</total>
				<timestamp>643.436877</timestamp>
			</report>
			<report>
				<misses>65500001</misses>
				<total>0</total>
				<timestamp>644.418222</timestamp>
			</report>
			<report>
				<misses>65600001</misses>
				<total>0</total>
				<timestamp>645.400960</timestamp>
			</report>
			<report>
				<misses>65700001</misses>
				<total>0</total>
				<timestamp>646.384693</timestamp>
			</report>
			<report>
				<misses>65800001</misses>
				<total>0</total>
				<timestamp>647.366649</timestamp>
			</report>
			<report>
				<misses>65900001</misses>
				<total>0</total>
				<timestamp>648.350143</timestamp>
			</report>
			<report>
				<misses>66000001</misses>
				<total>0</total>
				<timestamp>649.335021</timestamp>
			</report>
			<report>
				<misses>66100001</misses>
				<total>0</total>
				<timestamp>650.318364</timestamp>
			</report>
			<report>
				<misses>66200001</misses>
				<total>0</total>
				<timestamp>651.301868</timestamp>
			</report>
			<report>
				<misses>66300001</misses>
				<total>0</total>
				<timestamp>652.286989</timestamp>
			</report>
			<report>
				<misses>66400001</misses>
				<total>0</total>
				<timestamp>653.268323</timestamp>
			</report>
			<report>
				<misses>66500001</misses>
				<total>0</total>
				<timestamp>654.250936</timestamp>
			</report>
			<report>
				<misses>66600001</misses>
				<total>0</total>
				<timestamp>655.236804</timestamp>
			</report>
			<report>
				<misses>66700001</misses>
				<total>0</total>
				<timestamp>656.218139</timestamp>
			</report>
			<report>
				<misses>66800001</misses>
				<total>0</total>
				<timestamp>657.201385</timestamp>
			</report>
			<report>
				<misses>66900001</misses>
				<total>0</total>
				<timestamp>658.184092</timestamp>
			</report>
			<report>
				<misses>67000001</misses>
				<total>0</total>
				<timestamp>659.166954</timestamp>
			</report>
			<report>
				<misses>67100001</misses>
				<total>0</total>
				<timestamp>660.148552</timestamp>
			</report>
			<report>
				<misses>67200001</misses>
				<total>0</total>
				<timestamp>661.132530</timestamp>
			</report>
			<report>
				<misses>67300001</misses>
				<total>0</total>
				<timestamp>662.114254</timestamp>
			</report>
			<report>
				<misses>67400001</misses>
				<total>0</total>
				<timestamp>663.099391</timestamp>
			</report>
			<report>
				<misses>67500001</misses>
				<total>0</total>
				<timestamp>664.080828</timestamp>
			</report>
			<report>
				<misses>67600001</misses>
				<total>0</total>
				<timestamp>665.063809</timestamp>
			</report>
			<report>
				<misses>67700001</misses>
				<total>0</total>
				<timestamp>666.045926</timestamp>
			</report>
			<report>
				<misses>67800001</misses>
				<total>0</total>
				<timestamp>667.027523</timestamp>
			</report>
			<report>
				<misses>67900001</misses>
				<total>0</total>
				<timestamp>668.009969</timestamp>
			</report>
			<report>
				<misses>68000001</misses>
				<total>0</total>
				<timestamp>668.991958</timestamp>
			</report>
			<report>
				<misses>68100001</misses>
				<total>0</total>
				<timestamp>669.977322</timestamp>
			</report>
			<report>
				<misses>68200001</misses>
				<total>0</total>
				<timestamp>670.959937</timestamp>
			</report>
			<report>
				<misses>68300001</misses>
				<total>0</total>
				<timestamp>671.942387</timestamp>
			</report>
			<report>
				<misses>68400001</misses>
				<total>0</total>
				<timestamp>672.927291</timestamp>
			</report>
			<report>
				<misses>68500001</misses>
				<total>0</total>
				<timestamp>673.909010</timestamp>
			</report>
			<report>
				<misses>68600001</misses>
				<total>0</total>
				<timestamp>674.893982</timestamp>
			</report>
			<report>
				<misses>68700001</misses>
				<total>0</total>
				<timestamp>675.876339</timestamp>
			</report>
			<report>
				<misses>68800001</misses>
				<total>0</total>
				<timestamp>676.859710</timestamp>
			</report>
			<report>
				<misses>68900001</misses>
				<total>0</total>
				<timestamp>677.843305</timestamp>
			</report>
			<report>
				<misses>69000001</misses>
				<total>0</total>
				<timestamp>678.827573</timestamp>
			</report>
			<report>
				<misses>69100001</misses>
				<total>0</total>
				<timestamp>679.811177</timestamp>
			</report>
			<report>
				<misses>69200001</misses>
				<total>0</total>
				<timestamp>680.793893</timestamp>
			</report>
			<report>
				<misses>69300001</misses>
				<total>0</total>
				<timestamp>681.776358</timestamp>
			</report>
			<report>
				<misses>69400001</misses>
				<total>0</total>
				<timestamp>682.758013</timestamp>
			</report>
			<report>
				<misses>69500001</misses>
				<total>0</total>
				<timestamp>683.741715</timestamp>
			</report>
			<report>
				<misses>69600001</misses>
				<total>0</total>
				<timestamp>684.728279</timestamp>
			</report>
			<report>
				<misses>69700001</misses>
				<total>0</total>
				<timestamp>685.712399</timestamp>
			</report>
			<report>
				<misses>69800001</misses>
				<total>0</total>
				<timestamp>686.693874</timestamp>
			</report>
			<report>
				<misses>69900001</misses>
				<total>0</total>
				<timestamp>687.676955</timestamp>
			</report>
			<report>
				<misses>70000001</misses>
				<total>0</total>
				<timestamp>688.657176</timestamp>
			</report>
			<report>
				<misses>70100001</misses>
				<total>0</total>
				<timestamp>689.641677</timestamp>
			</report>
			<report>
				<misses>70200001</misses>
				<total>0</total>
				<timestamp>690.622355</timestamp>
			</report>
			<report>
				<misses>70300001</misses>
				<total>0</total>
				<timestamp>691.604709</timestamp>
			</report>
			<report>
				<misses>70400001</misses>
				<total>0</total>
				<timestamp>692.587836</timestamp>
			</report>
			<report>
				<misses>70500001</misses>
				<total>0</total>
				<timestamp>693.571309</timestamp>
			</report>
			<report>
				<misses>70600001</misses>
				<total>0</total>
				<timestamp>694.553133</timestamp>
			</report>
			<report>
				<misses>70700001</misses>
				<total>0</total>
				<timestamp>695.535984</timestamp>
			</report>
			<report>
				<misses>70800001</misses>
				<total>0</total>
				<timestamp>696.516962</timestamp>
			</report>
			<report>
				<misses>70900001</misses>
				<total>0</total>
				<timestamp>697.501179</timestamp>
			</report>
			<report>
				<misses>71000001</misses>
				<total>0</total>
				<timestamp>698.483788</timestamp>
			</report>
			<report>
				<misses>71100001</misses>
				<total>0</total>
				<timestamp>699.466036</timestamp>
			</report>
			<report>
				<misses>71200001</misses>
				<total>0</total>
				<timestamp>700.448242</timestamp>
			</report>
			<report>
				<misses>71300001</misses>
				<total>0</total>
				<timestamp>701.431604</timestamp>
			</report>
			<report>
				<misses>71400001</misses>
				<total>0</total>
				<timestamp>702.413974</timestamp>
			</report>
			<report>
				<misses>71500001</misses>
				<total>0</total>
				<timestamp>703.396661</timestamp>
			</report>
			<report>
				<misses>71600001</misses>
				<total>0</total>
				<timestamp>704.381907</timestamp>
			</report>
			<report>
				<misses>71700001</misses>
				<total>0</total>
				<timestamp>705.365912</timestamp>
			</report>
			<report>
				<misses>71800001</misses>
				<total>0</total>
				<timestamp>706.350423</timestamp>
			</report>
			<report>
				<misses>71900001</misses>
				<total>0</total>
				<timestamp>707.335425</timestamp>
			</report>
			<report>
				<misses>72000001</misses>
				<total>0</total>
				<timestamp>708.319679</timestamp>
			</report>
			<report>
				<misses>72100001</misses>
				<total>0</total>
				<timestamp>709.303138</timestamp>
			</report>
			<report>
				<misses>72200001</misses>
				<total>0</total>
				<timestamp>710.285108</timestamp>
			</report>
			<report>
				<misses>72300001</misses>
				<total>0</total>
				<timestamp>711.269985</timestamp>
			</report>
			<report>
				<misses>72400001</misses>
				<total>0</total>
				<timestamp>712.251710</timestamp>
			</report>
			<report>
				<misses>72500001</misses>
				<total>0</total>
				<timestamp>713.233168</timestamp>
			</report>
			<report>
				<misses>72600001</misses>
				<total>0</total>
				<timestamp>714.217787</timestamp>
			</report>
			<report>
				<misses>72700001</misses>
				<total>0</total>
				<timestamp>715.202526</timestamp>
			</report>
			<report>
				<misses>72800001</misses>
				<total>0</total>
				<timestamp>716.188667</timestamp>
			</report>
			<report>
				<misses>72900001</misses>
				<total>0</total>
				<timestamp>717.174209</timestamp>
			</report>
			<report>
				<misses>73000001</misses>
				<total>0</total>
				<timestamp>718.159675</timestamp>
			</report>
			<report>
				<misses>73100001</misses>
				<total>0</total>
				<timestamp>719.143859</timestamp>
			</report>
			<report>
				<misses>73200001</misses>
				<total>0</total>
				<timestamp>720.125328</timestamp>
			</report>
			<report>
				<misses>73300001</misses>
				<total>0</total>
				<timestamp>721.113101</timestamp>
			</report>
			<report>
				<misses>73400001</misses>
				<total>0</total>
				<timestamp>722.097218</timestamp>
			</report>
			<report>
				<misses>73500001</misses>
				<total>0</total>
				<timestamp>723.082616</timestamp>
			</report>
			<report>
				<misses>73600001</misses>
				<total>0</total>
				<timestamp>724.067621</timestamp>
			</report>
			<report>
				<misses>73700001</misses>
				<total>0</total>
				<timestamp>725.052975</timestamp>
			</report>
			<report>
				<misses>73800001</misses>
				<total>0</total>
				<timestamp>726.034824</timestamp>
			</report>
			<report>
				<misses>73900001</misses>
				<total>0</total>
				<timestamp>727.014380</timestamp>
			</report>
			<report>
				<misses>74000001</misses>
				<total>0</total>
				<timestamp>727.994979</timestamp>
			</report>
			<report>
				<misses>74100001</misses>
				<total>0</total>
				<timestamp>728.976565</timestamp>
			</report>
			<report>
				<misses>74200001</misses>
				<total>0</total>
				<timestamp>729.959286</timestamp>
			</report>
			<report>
				<misses>74300001</misses>
				<total>0</total>
				<timestamp>730.940245</timestamp>
			</report>
			<report>
				<misses>74400001</misses>
				<total>0</total>
				<timestamp>731.921316</timestamp>
			</report>
			<report>
				<misses>74500001</misses>
				<total>0</total>
				<timestamp>732.904064</timestamp>
			</report>
			<report>
				<misses>74600001</misses>
				<total>0</total>
				<timestamp>733.885913</timestamp>
			</report>
			<report>
				<misses>74700001</misses>
				<total>0</total>
				<timestamp>734.869498</timestamp>
			</report>
			<report>
				<misses>74800001</misses>
				<total>0</total>
				<timestamp>735.851734</timestamp>
			</report>
			<report>
				<misses>74900001</misses>
				<total>0</total>
				<timestamp>736.834331</timestamp>
			</report>
			<report>
				<misses>75000001</misses>
				<total>0</total>
				<timestamp>737.818198</timestamp>
			</report>
			<report>
				<misses>75100001</misses>
				<total>0</total>
				<timestamp>738.801426</timestamp>
			</report>
			<report>
				<misses>75200001</misses>
				<total>0</total>
				<timestamp>739.784903</timestamp>
			</report>
			<report>
				<misses>75300001</misses>
				<total>0</total>
				<timestamp>740.769142</timestamp>
			</report>
			<report>
				<misses>75400001</misses>
				<total>0</total>
				<timestamp>741.750613</timestamp>
			</report>
			<report>
				<misses>75500001</misses>
				<total>0</total>
				<timestamp>742.735868</timestamp>
			</report>
			<report>
				<misses>75600001</misses>
				<total>0</total>
				<timestamp>743.718743</timestamp>
			</report>
			<report>
				<misses>75700001</misses>
				<total>0</total>
				<timestamp>744.700567</timestamp>
			</report>
			<report>
				<misses>75800001</misses>
				<total>0</total>
				<timestamp>745.682775</timestamp>
			</report>
			<report>
				<misses>75900001</misses>
				<total>0</total>
				<timestamp>746.666162</timestamp>
			</report>
			<report>
				<misses>76000001</misses>
				<total>0</total>
				<timestamp>747.650636</timestamp>
			</report>
			<report>
				<misses>76100001</misses>
				<total>0</total>
				<timestamp>748.634373</timestamp>
			</report>
			<report>
				<misses>76200001</misses>
				<total>0</total>
				<timestamp>749.618870</timestamp>
			</report>
			<report>
				<misses>76300001</misses>
				<total>0</total>
				<timestamp>750.603131</timestamp>
			</report>
			<report>
				<misses>76400001</misses>
				<total>0</total>
				<timestamp>751.586106</timestamp>
			</report>
			<report>
				<misses>76500001</misses>
				<total>0</total>
				<timestamp>752.567828</timestamp>
			</report>
			<report>
				<misses>76600001</misses>
				<total>0</total>
				<timestamp>753.548117</timestamp>
			</report>
			<report>
				<misses>76700001</misses>
				<total>0</total>
				<timestamp>754.529347</timestamp>
			</report>
			<report>
				<misses>76800001</misses>
				<total>0</total>
				<timestamp>755.512970</timestamp>
			</report>
			<report>
				<misses>76900001</misses>
				<total>0</total>
				<timestamp>756.498588</timestamp>
			</report>
			<report>
				<misses>77000001</misses>
				<total>0</total>
				<timestamp>757.481080</timestamp>
			</report>
			<report>
				<misses>77100001</misses>
				<total>0</total>
				<timestamp>758.465943</timestamp>
			</report>
			<report>
				<misses>77200001</misses>
				<total>0</total>
				<timestamp>759.453234</timestamp>
			</report>
			<report>
				<misses>77300001</misses>
				<total>0</total>
				<timestamp>760.433795</timestamp>
			</report>
			<report>
				<misses>77400001</misses>
				<total>0</total>
				<timestamp>761.417279</timestamp>
			</report>
			<report>
				<misses>77500001</misses>
				<total>0</total>
				<timestamp>762.400434</timestamp>
			</report>
			<report>
				<misses>77600001</misses>
				<total>0</total>
				<timestamp>763.383293</timestamp>
			</report>
			<report>
				<misses>77700001</misses>
				<total>0</total>
				<timestamp>764.369035</timestamp>
			</report>
			<report>
				<misses>77800001</misses>
				<total>0</total>
				<timestamp>765.352014</timestamp>
			</report>
			<report>
				<misses>77900001</misses>
				<total>0</total>
				<timestamp>766.334251</timestamp>
			</report>
			<report>
				<misses>78000001</misses>
				<total>0</total>
				<timestamp>767.318123</timestamp>
			</report>
			<report>
				<misses>78100001</misses>
				<total>0</total>
				<timestamp>768.302486</timestamp>
			</report>
			<report>
				<misses>78200001</misses>
				<total>0</total>
				<timestamp>769.285599</timestamp>
			</report>
			<report>
				<misses>78300001</misses>
				<total>0</total>
				<timestamp>770.269571</timestamp>
			</report>
			<report>
				<misses>78400001</misses>
				<total>0</total>
				<timestamp>771.254451</timestamp>
			</report>
			<report>
				<misses>78500001</misses>
				<total>0</total>
				<timestamp>772.237545</timestamp>
			</report>
			<report>
				<misses>78600001</misses>
				<total>0</total>
				<timestamp>773.218503</timestamp>
			</report>
			<report>
				<misses>78700001</misses>
				<total>0</total>
				<timestamp>774.200735</timestamp>
			</report>
			<report>
				<misses>78800001</misses>
				<total>0</total>
				<timestamp>775.185492</timestamp>
			</report>
			<report>
				<misses>78900001</misses>
				<total>0</total>
				<timestamp>776.167703</timestamp>
			</report>
			<report>
				<misses>79000001</misses>
				<total>0</total>
				<timestamp>777.145862</timestamp>
			</report>
			<report>
				<misses>79100001</misses>
				<total>0</total>
				<timestamp>778.131644</timestamp>
			</report>
			<report>
				<misses>79200001</misses>
				<total>0</total>
				<timestamp>779.114228</timestamp>
			</report>
			<report>
				<misses>79300001</misses>
				<total>0</total>
				<timestamp>780.096590</timestamp>
			</report>
			<report>
				<misses>79400001</misses>
				<total>0</total>
				<timestamp>781.078285</timestamp>
			</report>
			<report>
				<misses>79500001</misses>
				<total>0</total>
				<timestamp>782.060144</timestamp>
			</report>
			<report>
				<misses>79600001</misses>
				<total>0</total>
				<timestamp>783.043382</timestamp>
			</report>
			<report>
				<misses>79700001</misses>
				<total>0</total>
				<timestamp>784.026104</timestamp>
			</report>
			<report>
				<misses>79800001</misses>
				<total>0</total>
				<timestamp>785.009596</timestamp>
			</report>
			<report>
				<misses>79900001</misses>
				<total>0</total>
				<timestamp>785.992308</timestamp>
			</report>
			<report>
				<misses>80000001</misses>
				<total>0</total>
				<timestamp>786.976566</timestamp>
			</report>
			<report>
				<misses>80100001</misses>
				<total>0</total>
				<timestamp>787.958902</timestamp>
			</report>
			<report>
				<misses>80200001</misses>
				<total>0</total>
				<timestamp>788.941385</timestamp>
			</report>
			<report>
				<misses>80300001</misses>
				<total>0</total>
				<timestamp>789.922205</timestamp>
			</report>
			<report>
				<misses>80400001</misses>
				<total>0</total>
				<timestamp>790.909493</timestamp>
			</report>
			<report>
				<misses>80500001</misses>
				<total>0</total>
				<timestamp>791.891201</timestamp>
			</report>
			<report>
				<misses>80600001</misses>
				<total>0</total>
				<timestamp>792.873305</timestamp>
			</report>
			<report>
				<misses>80700001</misses>
				<total>0</total>
				<timestamp>793.858676</timestamp>
			</report>
			<report>
				<misses>80800001</misses>
				<total>0</total>
				<timestamp>794.840024</timestamp>
			</report>
			<report>
				<misses>80900001</misses>
				<total>0</total>
				<timestamp>795.823503</timestamp>
			</report>
			<report>
				<misses>81000001</misses>
				<total>0</total>
				<timestamp>796.807097</timestamp>
			</report>
			<report>
				<misses>81100001</misses>
				<total>0</total>
				<timestamp>797.791096</timestamp>
			</report>
			<report>
				<misses>81200001</misses>
				<total>0</total>
				<timestamp>798.774468</timestamp>
			</report>
			<report>
				<misses>81300001</misses>
				<total>0</total>
				<timestamp>799.756799</timestamp>
			</report>
			<report>
				<misses>81400001</misses>
				<total>0</total>
				<timestamp>800.741046</timestamp>
			</report>
			<report>
				<misses>81500001</misses>
				<total>0</total>
				<timestamp>801.722900</timestamp>
			</report>
			<report>
				<misses>81600001</misses>
				<total>0</total>
				<timestamp>802.708654</timestamp>
			</report>
			<report>
				<misses>81700001</misses>
				<total>0</total>
				<timestamp>803.694793</timestamp>
			</report>
			<report>
				<misses>81800001</misses>
				<total>0</total>
				<timestamp>804.677882</timestamp>
			</report>
			<report>
				<misses>81900001</misses>
				<total>0</total>
				<timestamp>805.658969</timestamp>
			</report>
			<report>
				<misses>82000001</misses>
				<total>0</total>
				<timestamp>806.642330</timestamp>
			</report>
			<report>
				<misses>82100001</misses>
				<total>0</total>
				<timestamp>807.624059</timestamp>
			</report>
			<report>
				<misses>82200001</misses>
				<total>0</total>
				<timestamp>808.605781</timestamp>
			</report>
			<report>
				<misses>82300001</misses>
				<total>0</total>
				<timestamp>809.589264</timestamp>
			</report>
			<report>
				<misses>82400001</misses>
				<total>0</total>
				<timestamp>810.569713</timestamp>
			</report>
			<report>
				<misses>82500001</misses>
				<total>0</total>
				<timestamp>811.551552</timestamp>
			</report>
			<report>
				<misses>82600001</misses>
				<total>0</total>
				<timestamp>812.532623</timestamp>
			</report>
			<report>
				<misses>82700001</misses>
				<total>0</total>
				<timestamp>813.516871</timestamp>
			</report>
			<report>
				<misses>82800001</misses>
				<total>0</total>
				<timestamp>814.500611</timestamp>
			</report>
			<report>
				<misses>82900001</misses>
				<total>0</total>
				<timestamp>815.480552</timestamp>
			</report>
			<report>
				<misses>83000001</misses>
				<total>0</total>
				<timestamp>816.465564</timestamp>
			</report>
			<report>
				<misses>83100001</misses>
				<total>0</total>
				<timestamp>817.448788</timestamp>
			</report>
			<report>
				<misses>83200001</misses>
				<total>0</total>
				<timestamp>818.434174</timestamp>
			</report>
			<report>
				<misses>83300001</misses>
				<total>0</total>
				<timestamp>819.418664</timestamp>
			</report>
			<report>
				<misses>83400001</misses>
				<total>0</total>
				<timestamp>820.399275</timestamp>
			</report>
			<report>
				<misses>83500001</misses>
				<total>0</total>
				<timestamp>821.384022</timestamp>
			</report>
			<report>
				<misses>83600001</misses>
				<total>0</total>
				<timestamp>822.365707</timestamp>
			</report>
			<report>
				<misses>83700001</misses>
				<total>0</total>
				<timestamp>823.346800</timestamp>
			</report>
			<report>
				<misses>83800001</misses>
				<total>0</total>
				<timestamp>824.329417</timestamp>
			</report>
			<report>
				<misses>83900001</misses>
				<total>0</total>
				<timestamp>825.312621</timestamp>
			</report>
			<report>
				<misses>84000001</misses>
				<total>0</total>
				<timestamp>826.296118</timestamp>
			</report>
			<report>
				<misses>84100001</misses>
				<total>0</total>
				<timestamp>827.275945</timestamp>
			</report>
			<report>
				<misses>84200001</misses>
				<total>0</total>
				<timestamp>828.259044</timestamp>
			</report>
			<report>
				<misses>84300001</misses>
				<total>0</total>
				<timestamp>829.242918</timestamp>
			</report>
			<report>
				<misses>84400001</misses>
				<total>0</total>
				<timestamp>830.226895</timestamp>
			</report>
			<report>
				<misses>84500001</misses>
				<total>0</total>
				<timestamp>831.207359</timestamp>
			</report>
			<report>
				<misses>84600001</misses>
				<total>0</total>
				<timestamp>832.191201</timestamp>
			</report>
			<report>
				<misses>84700001</misses>
				<total>0</total>
				<timestamp>833.177230</timestamp>
			</report>
			<report>
				<misses>84800001</misses>
				<total>0</total>
				<timestamp>834.160951</timestamp>
			</report>
			<report>
				<misses>84900001</misses>
				<total>0</total>
				<timestamp>835.143689</timestamp>
			</report>
			<report>
				<misses>85000001</misses>
				<total>0</total>
				<timestamp>836.124646</timestamp>
			</report>
			<report>
				<misses>85100001</misses>
				<total>0</total>
				<timestamp>837.107371</timestamp>
			</report>
			<report>
				<misses>85200001</misses>
				<total>0</total>
				<timestamp>838.088327</timestamp>
			</report>
			<report>
				<misses>85300001</misses>
				<total>0</total>
				<timestamp>839.070925</timestamp>
			</report>
			<report>
				<misses>85400001</misses>
				<total>0</total>
				<timestamp>840.052526</timestamp>
			</report>
			<report>
				<misses>85500001</misses>
				<total>0</total>
				<timestamp>841.036885</timestamp>
			</report>
			<report>
				<misses>85600001</misses>
				<total>0</total>
				<timestamp>842.020377</timestamp>
			</report>
			<report>
				<misses>85700001</misses>
				<total>0</total>
				<timestamp>843.001458</timestamp>
			</report>
			<report>
				<misses>85800001</misses>
				<total>0</total>
				<timestamp>843.985435</timestamp>
			</report>
			<report>
				<misses>85900001</misses>
				<total>0</total>
				<timestamp>844.968546</timestamp>
			</report>
			<report>
				<misses>86000001</misses>
				<total>0</total>
				<timestamp>845.952678</timestamp>
			</report>
			<report>
				<misses>86100001</misses>
				<total>0</total>
				<timestamp>846.936647</timestamp>
			</report>
			<report>
				<misses>86200001</misses>
				<total>0</total>
				<timestamp>847.921141</timestamp>
			</report>
			<report>
				<misses>86300001</misses>
				<total>0</total>
				<timestamp>848.900979</timestamp>
			</report>
			<report>
				<misses>86400001</misses>
				<total>0</total>
				<timestamp>849.883560</timestamp>
			</report>
			<report>
				<misses>86500001</misses>
				<total>0</total>
				<timestamp>850.869087</timestamp>
			</report>
			<report>
				<misses>86600001</misses>
				<total>0</total>
				<timestamp>851.853081</timestamp>
			</report>
			<report>
				<misses>86700001</misses>
				<total>0</total>
				<timestamp>852.835305</timestamp>
			</report>
			<report>
				<misses>86800001</misses>
				<total>0</total>
				<timestamp>853.819013</timestamp>
			</report>
			<report>
				<misses>86900001</misses>
				<total>0</total>
				<timestamp>854.803902</timestamp>
			</report>
			<report>
				<misses>87000001</misses>
				<total>0</total>
				<timestamp>855.788781</timestamp>
			</report>
			<report>
				<misses>87100001</misses>
				<total>0</total>
				<timestamp>856.772127</timestamp>
			</report>
			<report>
				<misses>87200001</misses>
				<total>0</total>
				<timestamp>857.755616</timestamp>
			</report>
			<report>
				<misses>87300001</misses>
				<total>0</total>
				<timestamp>858.738616</timestamp>
			</report>
			<report>
				<misses>87400001</misses>
				<total>0</total>
				<timestamp>859.721318</timestamp>
			</report>
			<report>
				<misses>87500001</misses>
				<total>0</total>
				<timestamp>860.705586</timestamp>
			</report>
			<report>
				<misses>87600001</misses>
				<total>0</total>
				<timestamp>861.687802</timestamp>
			</report>
			<report>
				<misses>87700001</misses>
				<total>0</total>
				<timestamp>862.671577</timestamp>
			</report>
			<report>
				<misses>87800001</misses>
				<total>0</total>
				<timestamp>863.653184</timestamp>
			</report>
			<report>
				<misses>87900001</misses>
				<total>0</total>
				<timestamp>864.635028</timestamp>
			</report>
			<report>
				<misses>88000001</misses>
				<total>0</total>
				<timestamp>865.619519</timestamp>
			</report>
			<report>
				<misses>88100001</misses>
				<total>0</total>
				<timestamp>866.603128</timestamp>
			</report>
			<report>
				<misses>88200001</misses>
				<total>0</total>
				<timestamp>867.583473</timestamp>
			</report>
			<report>
				<misses>88300001</misses>
				<total>0</total>
				<timestamp>868.567720</timestamp>
			</report>
			<report>
				<misses>88400001</misses>
				<total>0</total>
				<timestamp>869.550555</timestamp>
			</report>
			<report>
				<misses>88500001</misses>
				<total>0</total>
				<timestamp>870.529988</timestamp>
			</report>
			<report>
				<misses>88600001</misses>
				<total>0</total>
				<timestamp>871.511182</timestamp>
			</report>
			<report>
				<misses>88700001</misses>
				<total>0</total>
				<timestamp>872.493988</timestamp>
			</report>
			<report>
				<misses>88800001</misses>
				<total>0</total>
				<timestamp>873.476718</timestamp>
			</report>
			<report>
				<misses>88900001</misses>
				<total>0</total>
				<timestamp>874.461331</timestamp>
			</report>
			<report>
				<misses>89000001</misses>
				<total>0</total>
				<timestamp>875.444078</timestamp>
			</report>
			<report>
				<misses>89100001</misses>
				<total>0</total>
				<timestamp>876.425770</timestamp>
			</report>
			<report>
				<misses>89200001</misses>
				<total>0</total>
				<timestamp>877.409012</timestamp>
			</report>
			<report>
				<misses>89300001</misses>
				<total>0</total>
				<timestamp>878.394019</timestamp>
			</report>
			<report>
				<misses>89400001</misses>
				<total>0</total>
				<timestamp>879.375909</timestamp>
			</report>
			<report>
				<misses>89500001</misses>
				<total>0</total>
				<timestamp>880.357455</timestamp>
			</report>
			<report>
				<misses>89600001</misses>
				<total>0</total>
				<timestamp>881.340664</timestamp>
			</report>
			<report>
				<misses>89700001</misses>
				<total>0</total>
				<timestamp>882.325036</timestamp>
			</report>
			<report>
				<misses>89800001</misses>
				<total>0</total>
				<timestamp>883.309175</timestamp>
			</report>
			<report>
				<misses>89900001</misses>
				<total>0</total>
				<timestamp>884.293197</timestamp>
			</report>
			<report>
				<misses>90000001</misses>
				<total>0</total>
				<timestamp>885.275925</timestamp>
			</report>
			<report>
				<misses>90100001</misses>
				<total>0</total>
				<timestamp>886.257638</timestamp>
			</report>
			<report>
				<misses>90200001</misses>
				<total>0</total>
				<timestamp>887.241374</timestamp>
			</report>
			<report>
				<misses>90300001</misses>
				<total>0</total>
				<timestamp>888.221960</timestamp>
			</report>
			<report>
				<misses>90400001</misses>
				<total>0</total>
				<timestamp>889.204159</timestamp>
			</report>
			<report>
				<misses>90500001</misses>
				<total>0</total>
				<timestamp>890.188272</timestamp>
			</report>
			<report>
				<misses>90600001</misses>
				<total>0</total>
				<timestamp>891.171643</timestamp>
			</report>
			<report>
				<misses>90700001</misses>
				<total>0</total>
				<timestamp>892.157771</timestamp>
			</report>
			<report>
				<misses>90800001</misses>
				<total>0</total>
				<timestamp>893.139504</timestamp>
			</report>
			<report>
				<misses>90900001</misses>
				<total>0</total>
				<timestamp>894.122725</timestamp>
			</report>
			<report>
				<misses>91000001</misses>
				<total>0</total>
				<timestamp>895.106076</timestamp>
			</report>
			<report>
				<misses>91100001</misses>
				<total>0</total>
				<timestamp>896.088537</timestamp>
			</report>
			<report>
				<misses>91200001</misses>
				<total>0</total>
				<timestamp>897.071615</timestamp>
			</report>
			<report>
				<misses>91300001</misses>
				<total>0</total>
				<timestamp>898.055008</timestamp>
			</report>
			<report>
				<misses>91400001</misses>
				<total>0</total>
				<timestamp>899.035817</timestamp>
			</report>
			<report>
				<misses>91500001</misses>
				<total>0</total>
				<timestamp>900.021193</timestamp>
			</report>
			<report>
				<misses>91600001</misses>
				<total>0</total>
				<timestamp>901.003935</timestamp>
			</report>
			<report>
				<misses>91700001</misses>
				<total>0</total>
				<timestamp>901.984989</timestamp>
			</report>
			<report>
				<misses>91800001</misses>
				<total>0</total>
				<timestamp>902.966658</timestamp>
			</report>
			<report>
				<misses>91900001</misses>
				<total>0</total>
				<timestamp>903.954962</timestamp>
			</report>
			<report>
				<misses>92000001</misses>
				<total>0</total>
				<timestamp>904.938315</timestamp>
			</report>
			<report>
				<misses>92100001</misses>
				<total>0</total>
				<timestamp>905.922567</timestamp>
			</report>
			<report>
				<misses>92200001</misses>
				<total>0</total>
				<timestamp>906.905531</timestamp>
			</report>
			<report>
				<misses>92300001</misses>
				<total>0</total>
				<timestamp>907.888924</timestamp>
			</report>
			<report>
				<misses>92400001</misses>
				<total>0</total>
				<timestamp>908.870741</timestamp>
			</report>
			<report>
				<misses>92500001</misses>
				<total>0</total>
				<timestamp>909.854598</timestamp>
			</report>
			<report>
				<misses>92600001</misses>
				<total>0</total>
				<timestamp>910.838098</timestamp>
			</report>
			<report>
				<misses>92700001</misses>
				<total>0</total>
				<timestamp>911.820685</timestamp>
			</report>
			<report>
				<misses>92800001</misses>
				<total>0</total>
				<timestamp>912.802767</timestamp>
			</report>
			<report>
				<misses>92900001</misses>
				<total>0</total>
				<timestamp>913.783619</timestamp>
			</report>
			<report>
				<misses>93000001</misses>
				<total>0</total>
				<timestamp>914.765695</timestamp>
			</report>
			<report>
				<misses>93100001</misses>
				<total>0</total>
				<timestamp>915.750331</timestamp>
			</report>
			<report>
				<misses>93200001</misses>
				<total>0</total>
				<timestamp>916.731649</timestamp>
			</report>
			<report>
				<misses>93300001</misses>
				<total>0</total>
				<timestamp>917.716916</timestamp>
			</report>
			<report>
				<misses>93400001</misses>
				<total>0</total>
				<timestamp>918.699779</timestamp>
			</report>
			<report>
				<misses>93500001</misses>
				<total>0</total>
				<timestamp>919.681085</timestamp>
			</report>
			<report>
				<misses>93600001</misses>
				<total>0</total>
				<timestamp>920.662938</timestamp>
			</report>
			<report>
				<misses>93700001</misses>
				<total>0</total>
				<timestamp>921.647688</timestamp>
			</report>
			<report>
				<misses>93800001</misses>
				<total>0</total>
				<timestamp>922.632701</timestamp>
			</report>
			<report>
				<misses>93900001</misses>
				<total>0</total>
				<timestamp>923.616429</timestamp>
			</report>
			<report>
				<misses>94000001</misses>
				<total>0</total>
				<timestamp>924.601544</timestamp>
			</report>
			<report>
				<misses>94100001</misses>
				<total>0</total>
				<timestamp>925.585799</timestamp>
			</report>
			<report>
				<misses>94200001</misses>
				<total>0</total>
				<timestamp>926.569153</timestamp>
			</report>
			<report>
				<misses>94300001</misses>
				<total>0</total>
				<timestamp>927.551637</timestamp>
			</report>
			<report>
				<misses>94400001</misses>
				<total>0</total>
				<timestamp>928.535496</timestamp>
			</report>
			<report>
				<misses>94500001</misses>
				<total>0</total>
				<timestamp>929.518982</timestamp>
			</report>
			<report>
				<misses>94600001</misses>
				<total>0</total>
				<timestamp>930.500312</timestamp>
			</report>
			<report>
				<misses>94700001</misses>
				<total>0</total>
				<timestamp>931.483420</timestamp>
			</report>
			<report>
				<misses>94800001</misses>
				<total>0</total>
				<timestamp>932.468027</timestamp>
			</report>
			<report>
				<misses>94900001</misses>
				<total>0</total>
				<timestamp>933.449247</timestamp>
			</report>
			<report>
				<misses>95000001</misses>
				<total>0</total>
				<timestamp>934.433992</timestamp>
			</report>
			<report>
				<misses>95100001</misses>
				<total>0</total>
				<timestamp>935.419127</timestamp>
			</report>
			<report>
				<misses>95200001</misses>
				<total>0</total>
				<timestamp>936.403004</timestamp>
			</report>
			<report>
				<misses>95300001</misses>
				<total>0</total>
				<timestamp>937.386853</timestamp>
			</report>
			<report>
				<misses>95400001</misses>
				<total>0</total>
				<timestamp>938.370464</timestamp>
			</report>
			<report>
				<misses>95500001</misses>
				<total>0</total>
				<timestamp>939.355090</timestamp>
			</report>
			<report>
				<misses>95600001</misses>
				<total>0</total>
				<timestamp>940.338074</timestamp>
			</report>
			<report>
				<misses>95700001</misses>
				<total>0</total>
				<timestamp>941.320153</timestamp>
			</report>
			<report>
				<misses>95800001</misses>
				<total>0</total>
				<timestamp>942.305027</timestamp>
			</report>
			<report>
				<misses>95900001</misses>
				<total>0</total>
				<timestamp>943.288026</timestamp>
			</report>
			<report>
				<misses>96000001</misses>
				<total>0</total>
				<timestamp>944.267456</timestamp>
			</report>
			<report>
				<misses>96100001</misses>
				<total>0</total>
				<timestamp>945.251693</timestamp>
			</report>
			<report>
				<misses>96200001</misses>
				<total>0</total>
				<timestamp>946.234834</timestamp>
			</report>
			<report>
				<misses>96300001</misses>
				<total>0</total>
				<timestamp>947.216540</timestamp>
			</report>
			<report>
				<misses>96400001</misses>
				<total>0</total>
				<timestamp>948.200506</timestamp>
			</report>
			<report>
				<misses>96500001</misses>
				<total>0</total>
				<timestamp>949.185014</timestamp>
			</report>
			<report>
				<misses>96600001</misses>
				<total>0</total>
				<timestamp>950.168489</timestamp>
			</report>
			<report>
				<misses>96700001</misses>
				<total>0</total>
				<timestamp>951.149338</timestamp>
			</report>
			<report>
				<misses>96800001</misses>
				<total>0</total>
				<timestamp>952.132309</timestamp>
			</report>
			<report>
				<misses>96900001</misses>
				<total>0</total>
				<timestamp>953.115173</timestamp>
			</report>
			<report>
				<misses>97000001</misses>
				<total>0</total>
				<timestamp>954.098018</timestamp>
			</report>
			<report>
				<misses>97100001</misses>
				<total>0</total>
				<timestamp>955.082397</timestamp>
			</report>
			<report>
				<misses>97200001</misses>
				<total>0</total>
				<timestamp>956.065476</timestamp>
			</report>
			<report>
				<misses>97300001</misses>
				<total>0</total>
				<timestamp>957.052154</timestamp>
			</report>
			<report>
				<misses>97400001</misses>
				<total>0</total>
				<timestamp>958.033216</timestamp>
			</report>
			<report>
				<misses>97500001</misses>
				<total>0</total>
				<timestamp>959.015046</timestamp>
			</report>
			<report>
				<misses>97600001</misses>
				<total>0</total>
				<timestamp>959.997549</timestamp>
			</report>
			<report>
				<misses>97700001</misses>
				<total>0</total>
				<timestamp>960.980129</timestamp>
			</report>
			<report>
				<misses>97800001</misses>
				<total>0</total>
				<timestamp>961.963117</timestamp>
			</report>
			<report>
				<misses>97900001</misses>
				<total>0</total>
				<timestamp>962.946217</timestamp>
			</report>
			<report>
				<misses>98000001</misses>
				<total>0</total>
				<timestamp>963.928446</timestamp>
			</report>
			<report>
				<misses>98100001</misses>
				<total>0</total>
				<timestamp>964.909526</timestamp>
			</report>
			<report>
				<misses>98200001</misses>
				<total>0</total>
				<timestamp>965.894524</timestamp>
			</report>
			<report>
				<misses>98300001</misses>
				<total>0</total>
				<timestamp>966.875868</timestamp>
			</report>
			<report>
				<misses>98400001</misses>
				<total>0</total>
				<timestamp>967.859461</timestamp>
			</report>
			<report>
				<misses>98500001</misses>
				<total>0</total>
				<timestamp>968.843467</timestamp>
			</report>
			<report>
				<misses>98600001</misses>
				<total>0</total>
				<timestamp>969.826076</timestamp>
			</report>
			<report>
				<misses>98700001</misses>
				<total>0</total>
				<timestamp>970.809906</timestamp>
			</report>
			<report>
				<misses>98800001</misses>
				<total>0</total>
				<timestamp>971.792030</timestamp>
			</report>
			<report>
				<misses>98900001</misses>
				<total>0</total>
				<timestamp>972.776149</timestamp>
			</report>
			<report>
				<misses>99000001</misses>
				<total>0</total>
				<timestamp>973.759237</timestamp>
			</report>
			<report>
				<misses>99100001</misses>
				<total>0</total>
				<timestamp>974.741601</timestamp>
			</report>
			<report>
				<misses>99200001</misses>
				<total>0</total>
				<timestamp>975.725828</timestamp>
			</report>
			<report>
				<misses>99300001</misses>
				<total>0</total>
				<timestamp>976.707312</timestamp>
			</report>
			<report>
				<misses>99400001</misses>
				<total>0</total>
				<timestamp>977.693570</timestamp>
			</report>
			<report>
				<misses>99500001</misses>
				<total>0</total>
				<timestamp>978.676672</timestamp>
			</report>
			<report>
				<misses>99600001</misses>
				<total>0</total>
				<timestamp>979.659255</timestamp>
			</report>
			<report>
				<misses>99700001</misses>
				<total>0</total>
				<timestamp>980.644907</timestamp>
			</report>
			<report>
				<misses>99800001</misses>
				<total>0</total>
				<timestamp>981.628781</timestamp>
			</report>
			<report>
				<misses>99900001</misses>
				<total>0</total>
				<timestamp>982.612647</timestamp>
			</report>
			<report>
				<misses>100000001</misses>
				<total>0</total>
				<timestamp>983.594204</timestamp>
			</report>
			<report>
				<misses>100100001</misses>
				<total>0</total>
				<timestamp>984.577709</timestamp>
			</report>
			<report>
				<misses>100200001</misses>
				<total>0</total>
				<timestamp>985.562456</timestamp>
			</report>
			<report>
				<misses>100300001</misses>
				<total>0</total>
				<timestamp>986.545056</timestamp>
			</report>
			<report>
				<misses>100400001</misses>
				<total>0</total>
				<timestamp>987.528671</timestamp>
			</report>
			<report>
				<misses>100500001</misses>
				<total>0</total>
				<timestamp>988.511898</timestamp>
			</report>
			<report>
				<misses>100600001</misses>
				<total>0</total>
				<timestamp>989.493107</timestamp>
			</report>
			<report>
				<misses>100700001</misses>
				<total>0</total>
				<timestamp>990.477497</timestamp>
			</report>
			<report>
				<misses>100800001</misses>
				<total>0</total>
				<timestamp>991.458792</timestamp>
			</report>
			<report>
				<misses>100900001</misses>
				<total>0</total>
				<timestamp>992.440410</timestamp>
			</report>
			<report>
				<misses>101000001</misses>
				<total>0</total>
				<timestamp>993.420998</timestamp>
			</report>
			<report>
				<misses>101100001</misses>
				<total>0</total>
				<timestamp>994.405480</timestamp>
			</report>
			<report>
				<misses>101200001</misses>
				<total>0</total>
				<timestamp>995.390866</timestamp>
			</report>
			<report>
				<misses>101300001</misses>
				<total>0</total>
				<timestamp>996.371429</timestamp>
			</report>
			<report>
				<misses>101400001</misses>
				<total>0</total>
				<timestamp>997.354402</timestamp>
			</report>
			<report>
				<misses>101500001</misses>
				<total>0</total>
				<timestamp>998.337132</timestamp>
			</report>
			<report>
				<misses>101600001</misses>
				<total>0</total>
				<timestamp>999.322020</timestamp>
			</report>
			<report>
				<misses>101700001</misses>
				<total>0</total>
				<timestamp>1000.306642</timestamp>
			</report>
			<report>
				<misses>101800001</misses>
				<total>0</total>
				<timestamp>1001.290119</timestamp>
			</report>
			<report>
				<misses>101900001</misses>
				<total>0</total>
				<timestamp>1002.271580</timestamp>
			</report>
			<report>
				<misses>102000001</misses>
				<total>0</total>
				<timestamp>1003.256082</timestamp>
			</report>
			<report>
				<misses>102100001</misses>
				<total>0</total>
				<timestamp>1004.238442</timestamp>
			</report>
			<report>
				<misses>102200001</misses>
				<total>0</total>
				<timestamp>1005.221931</timestamp>
			</report>
			<report>
				<misses>102300001</misses>
				<total>0</total>
				<timestamp>1006.207795</timestamp>
			</report>
			<report>
				<misses>102400001</misses>
				<total>0</total>
				<timestamp>1007.190151</timestamp>
			</report>
			<report>
				<misses>102500001</misses>
				<total>0</total>
				<timestamp>1008.172375</timestamp>
			</report>
			<report>
				<misses>102600001</misses>
				<total>0</total>
				<timestamp>1009.155761</timestamp>
			</report>
			<report>
				<misses>102700001</misses>
				<total>0</total>
				<timestamp>1010.136365</timestamp>
			</report>
			<report>
				<misses>102800001</misses>
				<total>0</total>
				<timestamp>1011.121579</timestamp>
			</report>
			<report>
				<misses>102900001</misses>
				<total>0</total>
				<timestamp>1012.103941</timestamp>
			</report>
			<report>
				<misses>103000001</misses>
				<total>0</total>
				<timestamp>1013.088137</timestamp>
			</report>
			<report>
				<misses>103100001</misses>
				<total>0</total>
				<timestamp>1014.069485</timestamp>
			</report>
			<report>
				<misses>103200001</misses>
				<total>0</total>
				<timestamp>1015.052192</timestamp>
			</report>
			<report>
				<misses>103300001</misses>
				<total>0</total>
				<timestamp>1016.036313</timestamp>
			</report>
			<report>
				<misses>103400001</misses>
				<total>0</total>
				<timestamp>1017.020432</timestamp>
			</report>
			<report>
				<misses>103500001</misses>
				<total>0</total>
				<timestamp>1018.002912</timestamp>
			</report>
			<report>
				<misses>103600001</misses>
				<total>0</total>
				<timestamp>1018.985510</timestamp>
			</report>
			<report>
				<misses>103700001</misses>
				<total>0</total>
				<timestamp>1019.970767</timestamp>
			</report>
			<report>
				<misses>103800001</misses>
				<total>0</total>
				<timestamp>1020.954257</timestamp>
			</report>
			<report>
				<misses>103900001</misses>
				<total>0</total>
				<timestamp>1021.934304</timestamp>
			</report>
			<report>
				<misses>104000001</misses>
				<total>0</total>
				<timestamp>1022.921705</timestamp>
			</report>
			<report>
				<misses>104100001</misses>
				<total>0</total>
				<timestamp>1023.907621</timestamp>
			</report>
			<report>
				<misses>104200001</misses>
				<total>0</total>
				<timestamp>1024.890458</timestamp>
			</report>
			<report>
				<misses>104300001</misses>
				<total>0</total>
				<timestamp>1025.875721</timestamp>
			</report>
			<report>
				<misses>104400001</misses>
				<total>0</total>
				<timestamp>1026.859343</timestamp>
			</report>
			<report>
				<misses>104500001</misses>
				<total>0</total>
				<timestamp>1027.841550</timestamp>
			</report>
			<report>
				<misses>104600001</misses>
				<total>0</total>
				<timestamp>1028.823378</timestamp>
			</report>
			<report>
				<misses>104700001</misses>
				<total>0</total>
				<timestamp>1029.803593</timestamp>
			</report>
			<report>
				<misses>104800001</misses>
				<total>0</total>
				<timestamp>1030.785541</timestamp>
			</report>
			<report>
				<misses>104900001</misses>
				<total>0</total>
				<timestamp>1031.768244</timestamp>
			</report>
			<report>
				<misses>105000001</misses>
				<total>0</total>
				<timestamp>1032.753142</timestamp>
			</report>
			<report>
				<misses>105100001</misses>
				<total>0</total>
				<timestamp>1033.734603</timestamp>
			</report>
			<report>
				<misses>105200001</misses>
				<total>0</total>
				<timestamp>1034.714291</timestamp>
			</report>
			<report>
				<misses>105300001</misses>
				<total>0</total>
				<timestamp>1035.698149</timestamp>
			</report>
			<report>
				<misses>105400001</misses>
				<total>0</total>
				<timestamp>1036.681538</timestamp>
			</report>
			<report>
				<misses>105500001</misses>
				<total>0</total>
				<timestamp>1037.667168</timestamp>
			</report>
			<report>
				<misses>105600001</misses>
				<total>0</total>
				<timestamp>1038.651262</timestamp>
			</report>
			<report>
				<misses>105700001</misses>
				<total>0</total>
				<timestamp>1039.632861</timestamp>
			</report>
			<report>
				<misses>105800001</misses>
				<total>0</total>
				<timestamp>1040.614194</timestamp>
			</report>
			<report>
				<misses>105900001</misses>
				<total>0</total>
				<timestamp>1041.596874</timestamp>
			</report>
			<report>
				<misses>106000001</misses>
				<total>0</total>
				<timestamp>1042.581890</timestamp>
			</report>
			<report>
				<misses>106100001</misses>
				<total>0</total>
				<timestamp>1043.564613</timestamp>
			</report>
			<report>
				<misses>106200001</misses>
				<total>0</total>
				<timestamp>1044.546178</timestamp>
			</report>
			<report>
				<misses>106300001</misses>
				<total>0</total>
				<timestamp>1045.529159</timestamp>
			</report>
			<report>
				<misses>106400001</misses>
				<total>0</total>
				<timestamp>1046.510891</timestamp>
			</report>
			<report>
				<misses>106500001</misses>
				<total>0</total>
				<timestamp>1047.493754</timestamp>
			</report>
			<report>
				<misses>106600001</misses>
				<total>0</total>
				<timestamp>1048.475834</timestamp>
			</report>
			<report>
				<misses>106700001</misses>
				<total>0</total>
				<timestamp>1049.459191</timestamp>
			</report>
			<report>
				<misses>106800001</misses>
				<total>0</total>
				<timestamp>1050.443546</timestamp>
			</report>
			<report>
				<misses>106900001</misses>
				<total>0</total>
				<timestamp>1051.424886</timestamp>
			</report>
			<report>
				<misses>107000001</misses>
				<total>0</total>
				<timestamp>1052.409022</timestamp>
			</report>
			<report>
				<misses>107100001</misses>
				<total>0</total>
				<timestamp>1053.391725</timestamp>
			</report>
			<report>
				<misses>107200001</misses>
				<total>0</total>
				<timestamp>1054.374971</timestamp>
			</report>
			<report>
				<misses>107300001</misses>
				<total>0</total>
				<timestamp>1055.359486</timestamp>
			</report>
			<report>
				<misses>107400001</misses>
				<total>0</total>
				<timestamp>1056.344353</timestamp>
			</report>
			<report>
				<misses>107500001</misses>
				<total>0</total>
				<timestamp>1057.327704</timestamp>
			</report>
			<report>
				<misses>107600001</misses>
				<total>0</total>
				<timestamp>1058.310183</timestamp>
			</report>
			<report>
				<misses>107700001</misses>
				<total>0</total>
				<timestamp>1059.291123</timestamp>
			</report>
			<report>
				<misses>107800001</misses>
				<total>0</total>
				<timestamp>1060.275757</timestamp>
			</report>
			<report>
				<misses>107900001</misses>
				<total>0</total>
				<timestamp>1061.257719</timestamp>
			</report>
			<report>
				<misses>108000001</misses>
				<total>0</total>
				<timestamp>1062.241328</timestamp>
			</report>
			<report>
				<misses>108100001</misses>
				<total>0</total>
				<timestamp>1063.224839</timestamp>
			</report>
			<report>
				<misses>108200001</misses>
				<total>0</total>
				<timestamp>1064.208073</timestamp>
			</report>
			<report>
				<misses>108300001</misses>
				<total>0</total>
				<timestamp>1065.191548</timestamp>
			</report>
			<report>
				<misses>108400001</misses>
				<total>0</total>
				<timestamp>1066.173897</timestamp>
			</report>
			<report>
				<misses>108500001</misses>
				<total>0</total>
				<timestamp>1067.156878</timestamp>
			</report>
			<report>
				<misses>108600001</misses>
				<total>0</total>
				<timestamp>1068.142665</timestamp>
			</report>
			<report>
				<misses>108700001</misses>
				<total>0</total>
				<timestamp>1069.126254</timestamp>
			</report>
			<report>
				<misses>108800001</misses>
				<total>0</total>
				<timestamp>1070.109735</timestamp>
			</report>
			<report>
				<misses>108900001</misses>
				<total>0</total>
				<timestamp>1071.090801</timestamp>
			</report>
			<report>
				<misses>109000001</misses>
				<total>0</total>
				<timestamp>1072.072907</timestamp>
			</report>
			<report>
				<misses>109100001</misses>
				<total>0</total>
				<timestamp>1073.053354</timestamp>
			</report>
			<report>
				<misses>109200001</misses>
				<total>0</total>
				<timestamp>1074.036204</timestamp>
			</report>
			<report>
				<misses>109300001</misses>
				<total>0</total>
				<timestamp>1075.018429</timestamp>
			</report>
			<report>
				<misses>109400001</misses>
				<total>0</total>
				<timestamp>1075.999785</timestamp>
			</report>
			<report>
				<misses>109500001</misses>
				<total>0</total>
				<timestamp>1076.980973</timestamp>
			</report>
			<report>
				<misses>109600001</misses>
				<total>0</total>
				<timestamp>1077.963308</timestamp>
			</report>
			<report>
				<misses>109700001</misses>
				<total>0</total>
				<timestamp>1078.948069</timestamp>
			</report>
			<report>
				<misses>109800001</misses>
				<total>0</total>
				<timestamp>1079.932191</timestamp>
			</report>
			<report>
				<misses>109900001</misses>
				<total>0</total>
				<timestamp>1080.916562</timestamp>
			</report>
			<report>
				<misses>110000001</misses>
				<total>0</total>
				<timestamp>1081.900936</timestamp>
			</report>
			<report>
				<misses>110100001</misses>
				<total>0</total>
				<timestamp>1082.886812</timestamp>
			</report>
			<report>
				<misses>110200001</misses>
				<total>0</total>
				<timestamp>1083.870301</timestamp>
			</report>
			<report>
				<misses>110300001</misses>
				<total>0</total>
				<timestamp>1084.853395</timestamp>
			</report>
			<report>
				<misses>110400001</misses>
				<total>0</total>
				<timestamp>1085.835761</timestamp>
			</report>
			<report>
				<misses>110500001</misses>
				<total>0</total>
				<timestamp>1086.818743</timestamp>
			</report>
			<report>
				<misses>110600001</misses>
				<total>0</total>
				<timestamp>1087.800215</timestamp>
			</report>
			<report>
				<misses>110700001</misses>
				<total>0</total>
				<timestamp>1088.784975</timestamp>
			</report>
			<report>
				<misses>110800001</misses>
				<total>0</total>
				<timestamp>1089.767551</timestamp>
			</report>
			<report>
				<misses>110900001</misses>
				<total>0</total>
				<timestamp>1090.751034</timestamp>
			</report>
			<report>
				<misses>111000001</misses>
				<total>0</total>
				<timestamp>1091.734133</timestamp>
			</report>
			<report>
				<misses>111100001</misses>
				<total>0</total>
				<timestamp>1092.715109</timestamp>
			</report>
			<report>
				<misses>111200001</misses>
				<total>0</total>
				<timestamp>1093.699348</timestamp>
			</report>
			<report>
				<misses>111300001</misses>
				<total>0</total>
				<timestamp>1094.684596</timestamp>
			</report>
			<report>
				<misses>111400001</misses>
				<total>0</total>
				<timestamp>1095.667710</timestamp>
			</report>
			<report>
				<misses>111500001</misses>
				<total>0</total>
				<timestamp>1096.649050</timestamp>
			</report>
			<report>
				<misses>111600001</misses>
				<total>0</total>
				<timestamp>1097.632044</timestamp>
			</report>
			<report>
				<misses>111700001</misses>
				<total>0</total>
				<timestamp>1098.612731</timestamp>
			</report>
			<report>
				<misses>111800001</misses>
				<total>0</total>
				<timestamp>1099.598491</timestamp>
			</report>
			<report>
				<misses>111900001</misses>
				<total>0</total>
				<timestamp>1100.579953</timestamp>
			</report>
			<report>
				<misses>112000001</misses>
				<total>0</total>
				<timestamp>1101.561551</timestamp>
			</report>
			<report>
				<misses>112100001</misses>
				<total>0</total>
				<timestamp>1102.543266</timestamp>
			</report>
			<report>
				<misses>112200001</misses>
				<total>0</total>
				<timestamp>1103.525970</timestamp>
			</report>
			<report>
				<misses>112300001</misses>
				<total>0</total>
				<timestamp>1104.512003</timestamp>
			</report>
			<report>
				<misses>112400001</misses>
				<total>0</total>
				<timestamp>1105.493707</timestamp>
			</report>
			<report>
				<misses>112500001</misses>
				<total>0</total>
				<timestamp>1106.476572</timestamp>
			</report>
			<report>
				<misses>112600001</misses>
				<total>0</total>
				<timestamp>1107.461935</timestamp>
			</report>
			<report>
				<misses>112700001</misses>
				<total>0</total>
				<timestamp>1108.445692</timestamp>
			</report>
			<report>
				<misses>112800001</misses>
				<total>0</total>
				<timestamp>1109.426516</timestamp>
			</report>
			<report>
				<misses>112900001</misses>
				<total>0</total>
				<timestamp>1110.410113</timestamp>
			</report>
			<report>
				<misses>113000001</misses>
				<total>0</total>
				<timestamp>1111.394229</timestamp>
			</report>
			<report>
				<misses>113100001</misses>
				<total>0</total>
				<timestamp>1112.376341</timestamp>
			</report>
			<report>
				<misses>113200001</misses>
				<total>0</total>
				<timestamp>1113.359941</timestamp>
			</report>
			<report>
				<misses>113300001</misses>
				<total>0</total>
				<timestamp>1114.343804</timestamp>
			</report>
			<report>
				<misses>113400001</misses>
				<total>0</total>
				<timestamp>1115.325914</timestamp>
			</report>
			<report>
				<misses>113500001</misses>
				<total>0</total>
				<timestamp>1116.309657</timestamp>
			</report>
			<report>
				<misses>113600001</misses>
				<total>0</total>
				<timestamp>1117.291499</timestamp>
			</report>
			<report>
				<misses>113700001</misses>
				<total>0</total>
				<timestamp>1118.275473</timestamp>
			</report>
			<report>
				<misses>113800001</misses>
				<total>0</total>
				<timestamp>1119.256164</timestamp>
			</report>
			<report>
				<misses>113900001</misses>
				<total>0</total>
				<timestamp>1120.240546</timestamp>
			</report>
			<report>
				<misses>114000001</misses>
				<total>0</total>
				<timestamp>1121.223285</timestamp>
			</report>
			<report>
				<misses>114100001</misses>
				<total>0</total>
				<timestamp>1122.206264</timestamp>
			</report>
			<report>
				<misses>114200001</misses>
				<total>0</total>
				<timestamp>1123.189116</timestamp>
			</report>
			<report>
				<misses>114300001</misses>
				<total>0</total>
				<timestamp>1124.171851</timestamp>
			</report>
			<report>
				<misses>114400001</misses>
				<total>0</total>
				<timestamp>1125.154692</timestamp>
			</report>
			<report>
				<misses>114500001</misses>
				<total>0</total>
				<timestamp>1126.136398</timestamp>
			</report>
			<report>
				<misses>114600001</misses>
				<total>0</total>
				<timestamp>1127.119391</timestamp>
			</report>
			<report>
				<misses>114700001</misses>
				<total>0</total>
				<timestamp>1128.103003</timestamp>
			</report>
			<report>
				<misses>114800001</misses>
				<total>0</total>
				<timestamp>1129.086100</timestamp>
			</report>
			<report>
				<misses>114900001</misses>
				<total>0</total>
				<timestamp>1130.069467</timestamp>
			</report>
			<report>
				<misses>115000001</misses>
				<total>0</total>
				<timestamp>1131.052699</timestamp>
			</report>
			<report>
				<misses>115100001</misses>
				<total>0</total>
				<timestamp>1132.035163</timestamp>
			</report>
			<report>
				<misses>115200001</misses>
				<total>0</total>
				<timestamp>1133.018005</timestamp>
			</report>
			<report>
				<misses>115300001</misses>
				<total>0</total>
				<timestamp>1134.001488</timestamp>
			</report>
			<report>
				<misses>115400001</misses>
				<total>0</total>
				<timestamp>1134.982464</timestamp>
			</report>
			<report>
				<misses>115500001</misses>
				<total>0</total>
				<timestamp>1135.965679</timestamp>
			</report>
			<report>
				<misses>115600001</misses>
				<total>0</total>
				<timestamp>1136.946652</timestamp>
			</report>
			<report>
				<misses>115700001</misses>
				<total>0</total>
				<timestamp>1137.930149</timestamp>
			</report>
			<report>
				<misses>115800001</misses>
				<total>0</total>
				<timestamp>1138.913596</timestamp>
			</report>
			<report>
				<misses>115900001</misses>
				<total>0</total>
				<timestamp>1139.896943</timestamp>
			</report>
			<report>
				<misses>116000001</misses>
				<total>0</total>
				<timestamp>1140.878528</timestamp>
			</report>
			<report>
				<misses>116100001</misses>
				<total>0</total>
				<timestamp>1141.862917</timestamp>
			</report>
			<report>
				<misses>116200001</misses>
				<total>0</total>
				<timestamp>1142.846634</timestamp>
			</report>
			<report>
				<misses>116300001</misses>
				<total>0</total>
				<timestamp>1143.828854</timestamp>
			</report>
			<report>
				<misses>116400001</misses>
				<total>0</total>
				<timestamp>1144.812983</timestamp>
			</report>
			<report>
				<misses>116500001</misses>
				<total>0</total>
				<timestamp>1145.795465</timestamp>
			</report>
			<report>
				<misses>116600001</misses>
				<total>0</total>
				<timestamp>1146.775523</timestamp>
			</report>
			<report>
				<misses>116700001</misses>
				<total>0</total>
				<timestamp>1147.753066</timestamp>
			</report>
			<report>
				<misses>116800001</misses>
				<total>0</total>
				<timestamp>1148.736701</timestamp>
			</report>
			<report>
				<misses>116900001</misses>
				<total>0</total>
				<timestamp>1149.718261</timestamp>
			</report>
			<report>
				<misses>117000001</misses>
				<total>0</total>
				<timestamp>1150.698463</timestamp>
			</report>
			<report>
				<misses>117100001</misses>
				<total>0</total>
				<timestamp>1151.681448</timestamp>
			</report>
			<report>
				<misses>117200001</misses>
				<total>0</total>
				<timestamp>1152.663418</timestamp>
			</report>
			<report>
				<misses>117300001</misses>
				<total>0</total>
				<timestamp>1153.647266</timestamp>
			</report>
			<report>
				<misses>117400001</misses>
				<total>0</total>
				<timestamp>1154.630009</timestamp>
			</report>
			<report>
				<misses>117500001</misses>
				<total>0</total>
				<timestamp>1155.614377</timestamp>
			</report>
			<report>
				<misses>117600001</misses>
				<total>0</total>
				<timestamp>1156.596102</timestamp>
			</report>
			<report>
				<misses>117700001</misses>
				<total>0</total>
				<timestamp>1157.579701</timestamp>
			</report>
			<report>
				<misses>117800001</misses>
				<total>0</total>
				<timestamp>1158.562946</timestamp>
			</report>
			<report>
				<misses>117900001</misses>
				<total>0</total>
				<timestamp>1159.543879</timestamp>
			</report>
			<report>
				<misses>118000001</misses>
				<total>0</total>
				<timestamp>1160.528383</timestamp>
			</report>
			<report>
				<misses>118100001</misses>
				<total>0</total>
				<timestamp>1161.507971</timestamp>
			</report>
			<report>
				<misses>118200001</misses>
				<total>0</total>
				<timestamp>1162.491676</timestamp>
			</report>
			<report>
				<misses>118300001</misses>
				<total>0</total>
				<timestamp>1163.475049</timestamp>
			</report>
			<report>
				<misses>118400001</misses>
				<total>0</total>
				<timestamp>1164.455489</timestamp>
			</report>
			<report>
				<misses>118500001</misses>
				<total>0</total>
				<timestamp>1165.438101</timestamp>
			</report>
			<report>
				<misses>118600001</misses>
				<total>0</total>
				<timestamp>1166.420566</timestamp>
			</report>
			<report>
				<misses>118700001</misses>
				<total>0</total>
				<timestamp>1167.401909</timestamp>
			</report>
			<report>
				<misses>118800001</misses>
				<total>0</total>
				<timestamp>1168.385011</timestamp>
			</report>
			<report>
				<misses>118900001</misses>
				<total>0</total>
				<timestamp>1169.366606</timestamp>
			</report>
			<report>
				<misses>119000001</misses>
				<total>0</total>
				<timestamp>1170.351092</timestamp>
			</report>
			<report>
				<misses>119100001</misses>
				<total>0</total>
				<timestamp>1171.335357</timestamp>
			</report>
			<report>
				<misses>119200001</misses>
				<total>0</total>
				<timestamp>1172.317805</timestamp>
			</report>
			<report>
				<misses>119300001</misses>
				<total>0</total>
				<timestamp>1173.299045</timestamp>
			</report>
			<report>
				<misses>119400001</misses>
				<total>0</total>
				<timestamp>1174.279733</timestamp>
			</report>
			<report>
				<misses>119500001</misses>
				<total>0</total>
				<timestamp>1175.265478</timestamp>
			</report>
			<report>
				<misses>119600001</misses>
				<total>0</total>
				<timestamp>1176.245830</timestamp>
			</report>
			<report>
				<misses>119700001</misses>
				<total>0</total>
				<timestamp>1177.230456</timestamp>
			</report>
			<report>
				<misses>119800001</misses>
				<total>0</total>
				<timestamp>1178.214941</timestamp>
			</report>
			<report>
				<misses>119900001</misses>
				<total>0</total>
				<timestamp>1179.197159</timestamp>
			</report>
			<report>
				<misses>120000001</misses>
				<total>0</total>
				<timestamp>1180.180518</timestamp>
			</report>
			<report>
				<misses>120100001</misses>
				<total>0</total>
				<timestamp>1181.163996</timestamp>
			</report>
			<report>
				<misses>120200001</misses>
				<total>0</total>
				<timestamp>1182.146017</timestamp>
			</report>
			<report>
				<misses>120300001</misses>
				<total>0</total>
				<timestamp>1183.129516</timestamp>
			</report>
			<report>
				<misses>120400001</misses>
				<total>0</total>
				<timestamp>1184.113503</timestamp>
			</report>
			<report>
				<misses>120500001</misses>
				<total>0</total>
				<timestamp>1185.097989</timestamp>
			</report>
			<report>
				<misses>120600001</misses>
				<total>0</total>
				<timestamp>1186.080737</timestamp>
			</report>
			<report>
				<misses>120700001</misses>
				<total>0</total>
				<timestamp>1187.064694</timestamp>
			</report>
			<report>
				<misses>120800001</misses>
				<total>0</total>
				<timestamp>1188.043392</timestamp>
			</report>
			<report>
				<misses>120900001</misses>
				<total>0</total>
				<timestamp>1189.024994</timestamp>
			</report>
			<report>
				<misses>121000001</misses>
				<total>0</total>
				<timestamp>1190.009342</timestamp>
			</report>
			<report>
				<misses>121100001</misses>
				<total>0</total>
				<timestamp>1190.990553</timestamp>
			</report>
			<report>
				<misses>121200001</misses>
				<total>0</total>
				<timestamp>1191.971149</timestamp>
			</report>
			<report>
				<misses>121300001</misses>
				<total>0</total>
				<timestamp>1192.954367</timestamp>
			</report>
			<report>
				<misses>121400001</misses>
				<total>0</total>
				<timestamp>1193.938499</timestamp>
			</report>
			<report>
				<misses>121500001</misses>
				<total>0</total>
				<timestamp>1194.922611</timestamp>
			</report>
			<report>
				<misses>121600001</misses>
				<total>0</total>
				<timestamp>1195.904022</timestamp>
			</report>
			<report>
				<misses>121700001</misses>
				<total>0</total>
				<timestamp>1196.889144</timestamp>
			</report>
			<report>
				<misses>121800001</misses>
				<total>0</total>
				<timestamp>1197.875396</timestamp>
			</report>
			<report>
				<misses>121900001</misses>
				<total>0</total>
				<timestamp>1198.858014</timestamp>
			</report>
			<report>
				<misses>122000001</misses>
				<total>0</total>
				<timestamp>1199.842879</timestamp>
			</report>
			<report>
				<misses>122100001</misses>
				<total>0</total>
				<timestamp>1200.823055</timestamp>
			</report>
			<report>
				<misses>122200001</misses>
				<total>0</total>
				<timestamp>1201.806184</timestamp>
			</report>
			<report>
				<misses>122300001</misses>
				<total>0</total>
				<timestamp>1202.792721</timestamp>
			</report>
			<report>
				<misses>122400001</misses>
				<total>0</total>
				<timestamp>1203.778362</timestamp>
			</report>
			<report>
				<misses>122500001</misses>
				<total>0</total>
				<timestamp>1204.763119</timestamp>
			</report>
			<report>
				<misses>122600001</misses>
				<total>0</total>
				<timestamp>1205.748214</timestamp>
			</report>
			<report>
				<misses>122700001</misses>
				<total>0</total>
				<timestamp>1206.729059</timestamp>
			</report>
			<report>
				<misses>122800001</misses>
				<total>0</total>
				<timestamp>1207.711120</timestamp>
			</report>
			<report>
				<misses>122900001</misses>
				<total>0</total>
				<timestamp>1208.692308</timestamp>
			</report>
			<report>
				<misses>123000001</misses>
				<total>0</total>
				<timestamp>1209.675168</timestamp>
			</report>
			<report>
				<misses>123100001</misses>
				<total>0</total>
				<timestamp>1210.656895</timestamp>
			</report>
			<report>
				<misses>123200001</misses>
				<total>0</total>
				<timestamp>1211.638208</timestamp>
			</report>
			<report>
				<misses>123300001</misses>
				<total>0</total>
				<timestamp>1212.621321</timestamp>
			</report>
			<report>
				<misses>123400001</misses>
				<total>0</total>
				<timestamp>1213.603664</timestamp>
			</report>
			<report>
				<misses>123500001</misses>
				<total>0</total>
				<timestamp>1214.587574</timestamp>
			</report>
			<report>
				<misses>123600001</misses>
				<total>0</total>
				<timestamp>1215.572910</timestamp>
			</report>
			<report>
				<misses>123700001</misses>
				<total>0</total>
				<timestamp>1216.554987</timestamp>
			</report>
			<report>
				<misses>123800001</misses>
				<total>0</total>
				<timestamp>1217.540511</timestamp>
			</report>
			<report>
				<misses>123900001</misses>
				<total>0</total>
				<timestamp>1218.525008</timestamp>
			</report>
			<report>
				<misses>124000001</misses>
				<total>0</total>
				<timestamp>1219.507878</timestamp>
			</report>
			<report>
				<misses>124100001</misses>
				<total>0</total>
				<timestamp>1220.489639</timestamp>
			</report>
			<report>
				<misses>124200001</misses>
				<total>0</total>
				<timestamp>1221.472605</timestamp>
			</report>
			<report>
				<misses>124300001</misses>
				<total>0</total>
				<timestamp>1222.456343</timestamp>
			</report>
			<report>
				<misses>124400001</misses>
				<total>0</total>
				<timestamp>1223.440210</timestamp>
			</report>
			<report>
				<misses>124500001</misses>
				<total>0</total>
				<timestamp>1224.422165</timestamp>
			</report>
			<report>
				<misses>124600001</misses>
				<total>0</total>
				<timestamp>1225.406306</timestamp>
			</report>
			<report>
				<misses>124700001</misses>
				<total>0</total>
				<timestamp>1226.391559</timestamp>
			</report>
			<report>
				<misses>124800001</misses>
				<total>0</total>
				<timestamp>1227.377949</timestamp>
			</report>
			<report>
				<misses>124900001</misses>
				<total>0</total>
				<timestamp>1228.362700</timestamp>
			</report>
			<report>
				<misses>125000001</misses>
				<total>0</total>
				<timestamp>1229.344662</timestamp>
			</report>
			<report>
				<misses>125100001</misses>
				<total>0</total>
				<timestamp>1230.327395</timestamp>
			</report>
			<report>
				<misses>125200001</misses>
				<total>0</total>
				<timestamp>1231.310631</timestamp>
			</report>
			<report>
				<misses>125300001</misses>
				<total>0</total>
				<timestamp>1232.294632</timestamp>
			</report>
			<report>
				<misses>125400001</misses>
				<total>0</total>
				<timestamp>1233.280753</timestamp>
			</report>
			<report>
				<misses>125500001</misses>
				<total>0</total>
				<timestamp>1234.262465</timestamp>
			</report>
			<report>
				<misses>125600001</misses>
				<total>0</total>
				<timestamp>1235.247086</timestamp>
			</report>
			<report>
				<misses>125700001</misses>
				<total>0</total>
				<timestamp>1236.231468</timestamp>
			</report>
			<report>
				<misses>125800001</misses>
				<total>0</total>
				<timestamp>1237.217339</timestamp>
			</report>
			<report>
				<misses>125900001</misses>
				<total>0</total>
				<timestamp>1238.199210</timestamp>
			</report>
			<report>
				<misses>126000001</misses>
				<total>0</total>
				<timestamp>1239.184833</timestamp>
			</report>
			<report>
				<misses>126100001</misses>
				<total>0</total>
				<timestamp>1240.167424</timestamp>
			</report>
			<report>
				<misses>126200001</misses>
				<total>0</total>
				<timestamp>1241.154056</timestamp>
			</report>
			<report>
				<misses>126300001</misses>
				<total>0</total>
				<timestamp>1242.138697</timestamp>
			</report>
			<report>
				<misses>126400001</misses>
				<total>0</total>
				<timestamp>1243.122945</timestamp>
			</report>
			<report>
				<misses>126500001</misses>
				<total>0</total>
				<timestamp>1244.104147</timestamp>
			</report>
			<report>
				<misses>126600001</misses>
				<total>0</total>
				<timestamp>1245.088632</timestamp>
			</report>
			<report>
				<misses>126700001</misses>
				<total>0</total>
				<timestamp>1246.072113</timestamp>
			</report>
			<report>
				<misses>126800001</misses>
				<total>0</total>
				<timestamp>1247.056118</timestamp>
			</report>
			<report>
				<misses>126900001</misses>
				<total>0</total>
				<timestamp>1248.038221</timestamp>
			</report>
			<report>
				<misses>127000001</misses>
				<total>0</total>
				<timestamp>1249.021351</timestamp>
			</report>
			<report>
				<misses>127100001</misses>
				<total>0</total>
				<timestamp>1250.002777</timestamp>
			</report>
			<report>
				<misses>127200001</misses>
				<total>0</total>
				<timestamp>1250.984085</timestamp>
			</report>
			<report>
				<misses>127300001</misses>
				<total>0</total>
				<timestamp>1251.970976</timestamp>
			</report>
			<report>
				<misses>127400001</misses>
				<total>0</total>
				<timestamp>1252.955858</timestamp>
			</report>
			<report>
				<misses>127500001</misses>
				<total>0</total>
				<timestamp>1253.940085</timestamp>
			</report>
			<report>
				<misses>127600001</misses>
				<total>0</total>
				<timestamp>1254.921561</timestamp>
			</report>
			<report>
				<misses>127700001</misses>
				<total>0</total>
				<timestamp>1255.904655</timestamp>
			</report>
			<report>
				<misses>127800001</misses>
				<total>0</total>
				<timestamp>1256.887271</timestamp>
			</report>
			<report>
				<misses>127900001</misses>
				<total>0</total>
				<timestamp>1257.869598</timestamp>
			</report>
			<report>
				<misses>128000001</misses>
				<total>0</total>
				<timestamp>1258.851939</timestamp>
			</report>
			<report>
				<misses>128100001</misses>
				<total>0</total>
				<timestamp>1259.835165</timestamp>
			</report>
			<report>
				<misses>128200001</misses>
				<total>0</total>
				<timestamp>1260.820512</timestamp>
			</report>
			<report>
				<misses>128300001</misses>
				<total>0</total>
				<timestamp>1261.803385</timestamp>
			</report>
			<report>
				<misses>128400001</misses>
				<total>0</total>
				<timestamp>1262.786742</timestamp>
			</report>
			<report>
				<misses>128500001</misses>
				<total>0</total>
				<timestamp>1263.768581</timestamp>
			</report>
			<report>
				<misses>128600001</misses>
				<total>0</total>
				<timestamp>1264.751444</timestamp>
			</report>
			<report>
				<misses>128700001</misses>
				<total>0</total>
				<timestamp>1265.732761</timestamp>
			</report>
			<report>
				<misses>128800001</misses>
				<total>0</total>
				<timestamp>1266.717537</timestamp>
			</report>
			<report>
				<misses>128900001</misses>
				<total>0</total>
				<timestamp>1267.698104</timestamp>
			</report>
			<report>
				<misses>129000001</misses>
				<total>0</total>
				<timestamp>1268.678792</timestamp>
			</report>
			<report>
				<misses>129100001</misses>
				<total>0</total>
				<timestamp>1269.661638</timestamp>
			</report>
			<report>
				<misses>129200001</misses>
				<total>0</total>
				<timestamp>1270.643990</timestamp>
			</report>
			<report>
				<misses>129300001</misses>
				<total>0</total>
				<timestamp>1271.623433</timestamp>
			</report>
			<report>
				<misses>129400001</misses>
				<total>0</total>
				<timestamp>1272.605284</timestamp>
			</report>
			<report>
				<misses>129500001</misses>
				<total>0</total>
				<timestamp>1273.587625</timestamp>
			</report>
			<report>
				<misses>129600001</misses>
				<total>0</total>
				<timestamp>1274.571733</timestamp>
			</report>
			<report>
				<misses>129700001</misses>
				<total>0</total>
				<timestamp>1275.557633</timestamp>
			</report>
			<report>
				<misses>129800001</misses>
				<total>0</total>
				<timestamp>1276.543522</timestamp>
			</report>
			<report>
				<misses>129900001</misses>
				<total>0</total>
				<timestamp>1277.528014</timestamp>
			</report>
			<report>
				<misses>130000001</misses>
				<total>0</total>
				<timestamp>1278.512021</timestamp>
			</report>
			<report>
				<misses>130100001</misses>
				<total>0</total>
				<timestamp>1279.493469</timestamp>
			</report>
			<report>
				<misses>130200001</misses>
				<total>0</total>
				<timestamp>1280.476455</timestamp>
			</report>
			<report>
				<misses>130300001</misses>
				<total>0</total>
				<timestamp>1281.456510</timestamp>
			</report>
			<report>
				<misses>130400001</misses>
				<total>0</total>
				<timestamp>1282.442393</timestamp>
			</report>
			<report>
				<misses>130500001</misses>
				<total>0</total>
				<timestamp>1283.423364</timestamp>
			</report>
			<report>
				<misses>130600001</misses>
				<total>0</total>
				<timestamp>1284.405065</timestamp>
			</report>
			<report>
				<misses>130700001</misses>
				<total>0</total>
				<timestamp>1285.388562</timestamp>
			</report>
			<report>
				<misses>130800001</misses>
				<total>0</total>
				<timestamp>1286.372286</timestamp>
			</report>
			<report>
				<misses>130900001</misses>
				<total>0</total>
				<timestamp>1287.355282</timestamp>
			</report>
			<report>
				<misses>131000001</misses>
				<total>0</total>
				<timestamp>1288.339159</timestamp>
			</report>
			<report>
				<misses>131100001</misses>
				<total>0</total>
				<timestamp>1289.320605</timestamp>
			</report>
			<report>
				<misses>131200001</misses>
				<total>0</total>
				<timestamp>1290.303200</timestamp>
			</report>
			<report>
				<misses>131300001</misses>
				<total>0</total>
				<timestamp>1291.285959</timestamp>
			</report>
			<report>
				<misses>131400001</misses>
				<total>0</total>
				<timestamp>1292.268908</timestamp>
			</report>
			<report>
				<misses>131500001</misses>
				<total>0</total>
				<timestamp>1293.250614</timestamp>
			</report>
			<report>
				<misses>131600001</misses>
				<total>0</total>
				<timestamp>1294.233604</timestamp>
			</report>
			<report>
				<misses>131700001</misses>
				<total>0</total>
				<timestamp>1295.216330</timestamp>
			</report>
			<report>
				<misses>131800001</misses>
				<total>0</total>
				<timestamp>1296.197423</timestamp>
			</report>
			<report>
				<misses>131900001</misses>
				<total>0</total>
				<timestamp>1297.179754</timestamp>
			</report>
			<report>
				<misses>132000001</misses>
				<total>0</total>
				<timestamp>1298.163876</timestamp>
			</report>
			<report>
				<misses>132100001</misses>
				<total>0</total>
				<timestamp>1299.146595</timestamp>
			</report>
			<report>
				<misses>132200001</misses>
				<total>0</total>
				<timestamp>1300.130396</timestamp>
			</report>
			<report>
				<misses>132300001</misses>
				<total>0</total>
				<timestamp>1301.114890</timestamp>
			</report>
			<report>
				<misses>132400001</misses>
				<total>0</total>
				<timestamp>1302.096486</timestamp>
			</report>
			<report>
				<misses>132500001</misses>
				<total>0</total>
				<timestamp>1303.078572</timestamp>
			</report>
			<report>
				<misses>132600001</misses>
				<total>0</total>
				<timestamp>1304.062828</timestamp>
			</report>
			<report>
				<misses>132700001</misses>
				<total>0</total>
				<timestamp>1305.047332</timestamp>
			</report>
			<report>
				<misses>132800001</misses>
				<total>0</total>
				<timestamp>1306.031330</timestamp>
			</report>
			<report>
				<misses>132900001</misses>
				<total>0</total>
				<timestamp>1307.012633</timestamp>
			</report>
			<report>
				<misses>133000001</misses>
				<total>0</total>
				<timestamp>1307.997904</timestamp>
			</report>
			<report>
				<misses>133100001</misses>
				<total>0</total>
				<timestamp>1308.981011</timestamp>
			</report>
			<report>
				<misses>133200001</misses>
				<total>0</total>
				<timestamp>1309.964497</timestamp>
			</report>
			<report>
				<misses>133300001</misses>
				<total>0</total>
				<timestamp>1310.948731</timestamp>
			</report>
			<report>
				<misses>133400001</misses>
				<total>0</total>
				<timestamp>1311.929961</timestamp>
			</report>
			<report>
				<misses>133500001</misses>
				<total>0</total>
				<timestamp>1312.913417</timestamp>
			</report>
			<report>
				<misses>133600001</misses>
				<total>0</total>
				<timestamp>1313.895905</timestamp>
			</report>
			<report>
				<misses>133700001</misses>
				<total>0</total>
				<timestamp>1314.877247</timestamp>
			</report>
			<report>
				<misses>133800001</misses>
				<total>0</total>
				<timestamp>1315.859585</timestamp>
			</report>
			<report>
				<misses>133900001</misses>
				<total>0</total>
				<timestamp>1316.841795</timestamp>
			</report>
			<report>
				<misses>134000001</misses>
				<total>0</total>
				<timestamp>1317.827187</timestamp>
			</report>
			<report>
				<misses>134100001</misses>
				<total>0</total>
				<timestamp>1318.812179</timestamp>
			</report>
			<report>
				<misses>134200001</misses>
				<total>0</total>
				<timestamp>1319.795438</timestamp>
			</report>
			<report>
				<misses>134300001</misses>
				<total>0</total>
				<timestamp>1320.777277</timestamp>
			</report>
			<report>
				<misses>134400001</misses>
				<total>0</total>
				<timestamp>1321.760289</timestamp>
			</report>
			<report>
				<misses>134500001</misses>
				<total>0</total>
				<timestamp>1322.747582</timestamp>
			</report>
			<report>
				<misses>134600001</misses>
				<total>0</total>
				<timestamp>1323.733964</timestamp>
			</report>
			<report>
				<misses>134700001</misses>
				<total>0</total>
				<timestamp>1324.717544</timestamp>
			</report>
			<report>
				<misses>134800001</misses>
				<total>0</total>
				<timestamp>1325.702152</timestamp>
			</report>
			<report>
				<misses>134900001</misses>
				<total>0</total>
				<timestamp>1326.685634</timestamp>
			</report>
			<report>
				<misses>135000001</misses>
				<total>0</total>
				<timestamp>1327.667246</timestamp>
			</report>
			<report>
				<misses>135100001</misses>
				<total>0</total>
				<timestamp>1328.652616</timestamp>
			</report>
			<report>
				<misses>135200001</misses>
				<total>0</total>
				<timestamp>1329.638004</timestamp>
			</report>
			<report>
				<misses>135300001</misses>
				<total>0</total>
				<timestamp>1330.624130</timestamp>
			</report>
			<report>
				<misses>135400001</misses>
				<total>0</total>
				<timestamp>1331.606981</timestamp>
			</report>
			<report>
				<misses>135500001</misses>
				<total>0</total>
				<timestamp>1332.590975</timestamp>
			</report>
			<report>
				<misses>135600001</misses>
				<total>0</total>
				<timestamp>1333.574469</timestamp>
			</report>
			<report>
				<misses>135700001</misses>
				<total>0</total>
				<timestamp>1334.563900</timestamp>
			</report>
			<report>
				<misses>135800001</misses>
				<total>0</total>
				<timestamp>1335.549779</timestamp>
			</report>
			<report>
				<misses>135900001</misses>
				<total>0</total>
				<timestamp>1336.531635</timestamp>
			</report>
			<report>
				<misses>136000001</misses>
				<total>0</total>
				<timestamp>1337.515989</timestamp>
			</report>
			<report>
				<misses>136100001</misses>
				<total>0</total>
				<timestamp>1338.499486</timestamp>
			</report>
			<report>
				<misses>136200001</misses>
				<total>0</total>
				<timestamp>1339.482965</timestamp>
			</report>
			<report>
				<misses>136300001</misses>
				<total>0</total>
				<timestamp>1340.466720</timestamp>
			</report>
			<report>
				<misses>136400001</misses>
				<total>0</total>
				<timestamp>1341.453481</timestamp>
			</report>
			<report>
				<misses>136500001</misses>
				<total>0</total>
				<timestamp>1342.437216</timestamp>
			</report>
			<report>
				<misses>136600001</misses>
				<total>0</total>
				<timestamp>1343.422585</timestamp>
			</report>
			<report>
				<misses>136700001</misses>
				<total>0</total>
				<timestamp>1344.410390</timestamp>
			</report>
			<report>
				<misses>136800001</misses>
				<total>0</total>
				<timestamp>1345.393733</timestamp>
			</report>
			<report>
				<misses>136900001</misses>
				<total>0</total>
				<timestamp>1346.377477</timestamp>
			</report>
			<report>
				<misses>137000001</misses>
				<total>0</total>
				<timestamp>1347.362737</timestamp>
			</report>
			<report>
				<misses>137100001</misses>
				<total>0</total>
				<timestamp>1348.346460</timestamp>
			</report>
			<report>
				<misses>137200001</misses>
				<total>0</total>
				<timestamp>1349.332484</timestamp>
			</report>
			<report>
				<misses>137300001</misses>
				<total>0</total>
				<timestamp>1350.314705</timestamp>
			</report>
			<report>
				<misses>137400001</misses>
				<total>0</total>
				<timestamp>1351.295528</timestamp>
			</report>
			<report>
				<misses>137500001</misses>
				<total>0</total>
				<timestamp>1352.277731</timestamp>
			</report>
			<report>
				<misses>137600001</misses>
				<total>0</total>
				<timestamp>1353.261866</timestamp>
			</report>
			<report>
				<misses>137700001</misses>
				<total>0</total>
				<timestamp>1354.244839</timestamp>
			</report>
			<report>
				<misses>137800001</misses>
				<total>0</total>
				<timestamp>1355.228075</timestamp>
			</report>
			<report>
				<misses>137900001</misses>
				<total>0</total>
				<timestamp>1356.213584</timestamp>
			</report>
			<report>
				<misses>138000001</misses>
				<total>0</total>
				<timestamp>1357.196806</timestamp>
			</report>
			<report>
				<misses>138100001</misses>
				<total>0</total>
				<timestamp>1358.181563</timestamp>
			</report>
			<report>
				<misses>138200001</misses>
				<total>0</total>
				<timestamp>1359.164290</timestamp>
			</report>
			<report>
				<misses>138300001</misses>
				<total>0</total>
				<timestamp>1360.149176</timestamp>
			</report>
			<report>
				<misses>138400001</misses>
				<total>0</total>
				<timestamp>1361.134300</timestamp>
			</report>
			<report>
				<misses>138500001</misses>
				<total>0</total>
				<timestamp>1362.116572</timestamp>
			</report>
			<report>
				<misses>138600001</misses>
				<total>0</total>
				<timestamp>1363.098133</timestamp>
			</report>
			<report>
				<misses>138700001</misses>
				<total>0</total>
				<timestamp>1364.081107</timestamp>
			</report>
			<report>
				<misses>138800001</misses>
				<total>0</total>
				<timestamp>1365.064613</timestamp>
			</report>
			<report>
				<misses>138900001</misses>
				<total>0</total>
				<timestamp>1366.046828</timestamp>
			</report>
			<report>
				<misses>139000001</misses>
				<total>0</total>
				<timestamp>1367.032196</timestamp>
			</report>
			<report>
				<misses>139100001</misses>
				<total>0</total>
				<timestamp>1368.013421</timestamp>
			</report>
			<report>
				<misses>139200001</misses>
				<total>0</total>
				<timestamp>1368.996248</timestamp>
			</report>
			<report>
				<misses>139300001</misses>
				<total>0</total>
				<timestamp>1369.979129</timestamp>
			</report>
			<report>
				<misses>139400001</misses>
				<total>0</total>
				<timestamp>1370.964239</timestamp>
			</report>
			<report>
				<misses>139500001</misses>
				<total>0</total>
				<timestamp>1371.947712</timestamp>
			</report>
			<report>
				<misses>139600001</misses>
				<total>0</total>
				<timestamp>1372.932734</timestamp>
			</report>
			<report>
				<misses>139700001</misses>
				<total>0</total>
				<timestamp>1373.914704</timestamp>
			</report>
			<report>
				<misses>139800001</misses>
				<total>0</total>
				<timestamp>1374.896783</timestamp>
			</report>
			<report>
				<misses>139900001</misses>
				<total>0</total>
				<timestamp>1375.878373</timestamp>
			</report>
			<report>
				<misses>140000001</misses>
				<total>0</total>
				<timestamp>1376.864260</timestamp>
			</report>
			<report>
				<misses>140100001</misses>
				<total>0</total>
				<timestamp>1377.850412</timestamp>
			</report>
			<report>
				<misses>140200001</misses>
				<total>0</total>
				<timestamp>1378.835418</timestamp>
			</report>
			<report>
				<misses>140300001</misses>
				<total>0</total>
				<timestamp>1379.818788</timestamp>
			</report>
			<report>
				<misses>140400001</misses>
				<total>0</total>
				<timestamp>1380.801372</timestamp>
			</report>
			<report>
				<misses>140500001</misses>
				<total>0</total>
				<timestamp>1381.787381</timestamp>
			</report>
			<report>
				<misses>140600001</misses>
				<total>0</total>
				<timestamp>1382.770725</timestamp>
			</report>
			<report>
				<misses>140700001</misses>
				<total>0</total>
				<timestamp>1383.753720</timestamp>
			</report>
			<report>
				<misses>140800001</misses>
				<total>0</total>
				<timestamp>1384.737856</timestamp>
			</report>
			<report>
				<misses>140900001</misses>
				<total>0</total>
				<timestamp>1385.719210</timestamp>
			</report>
			<report>
				<misses>141000001</misses>
				<total>0</total>
				<timestamp>1386.702150</timestamp>
			</report>
			<report>
				<misses>141100001</misses>
				<total>0</total>
				<timestamp>1387.687411</timestamp>
			</report>
			<report>
				<misses>141200001</misses>
				<total>0</total>
				<timestamp>1388.669487</timestamp>
			</report>
			<report>
				<misses>141300001</misses>
				<total>0</total>
				<timestamp>1389.650865</timestamp>
			</report>
			<report>
				<misses>141400001</misses>
				<total>0</total>
				<timestamp>1390.632303</timestamp>
			</report>
			<report>
				<misses>141500001</misses>
				<total>0</total>
				<timestamp>1391.615654</timestamp>
			</report>
			<report>
				<misses>141600001</misses>
				<total>0</total>
				<timestamp>1392.597361</timestamp>
			</report>
			<report>
				<misses>141700001</misses>
				<total>0</total>
				<timestamp>1393.581005</timestamp>
			</report>
			<report>
				<misses>141800001</misses>
				<total>0</total>
				<timestamp>1394.564587</timestamp>
			</report>
			<report>
				<misses>141900001</misses>
				<total>0</total>
				<timestamp>1395.546074</timestamp>
			</report>
			<report>
				<misses>142000001</misses>
				<total>0</total>
				<timestamp>1396.529904</timestamp>
			</report>
			<report>
				<misses>142100001</misses>
				<total>0</total>
				<timestamp>1397.511000</timestamp>
			</report>
			<report>
				<misses>142200001</misses>
				<total>0</total>
				<timestamp>1398.499053</timestamp>
			</report>
			<report>
				<misses>142300001</misses>
				<total>0</total>
				<timestamp>1399.486329</timestamp>
			</report>
			<report>
				<misses>142400001</misses>
				<total>0</total>
				<timestamp>1400.470057</timestamp>
			</report>
			<report>
				<misses>142500001</misses>
				<total>0</total>
				<timestamp>1401.452652</timestamp>
			</report>
			<report>
				<misses>142600001</misses>
				<total>0</total>
				<timestamp>1402.438973</timestamp>
			</report>
			<report>
				<misses>142700001</misses>
				<total>0</total>
				<timestamp>1403.421649</timestamp>
			</report>
			<report>
				<misses>142800001</misses>
				<total>0</total>
				<timestamp>1404.405895</timestamp>
			</report>
			<report>
				<misses>142900001</misses>
				<total>0</total>
				<timestamp>1405.388101</timestamp>
			</report>
			<report>
				<misses>143000001</misses>
				<total>0</total>
				<timestamp>1406.369826</timestamp>
			</report>
			<report>
				<misses>143100001</misses>
				<total>0</total>
				<timestamp>1407.353551</timestamp>
			</report>
			<report>
				<misses>143200001</misses>
				<total>0</total>
				<timestamp>1408.336930</timestamp>
			</report>
			<report>
				<misses>143300001</misses>
				<total>0</total>
				<timestamp>1409.319390</timestamp>
			</report>
			<report>
				<misses>143400001</misses>
				<total>0</total>
				<timestamp>1410.302140</timestamp>
			</report>
			<report>
				<misses>143500001</misses>
				<total>0</total>
				<timestamp>1411.286743</timestamp>
			</report>
			<report>
				<misses>143600001</misses>
				<total>0</total>
				<timestamp>1412.270609</timestamp>
			</report>
			<report>
				<misses>143700001</misses>
				<total>0</total>
				<timestamp>1413.253327</timestamp>
			</report>
			<report>
				<misses>143800001</misses>
				<total>0</total>
				<timestamp>1414.236308</timestamp>
			</report>
			<report>
				<misses>143900001</misses>
				<total>0</total>
				<timestamp>1415.218412</timestamp>
			</report>
			<report>
				<misses>144000001</misses>
				<total>0</total>
				<timestamp>1416.199887</timestamp>
			</report>
			<report>
				<misses>144100001</misses>
				<total>0</total>
				<timestamp>1417.183713</timestamp>
			</report>
			<report>
				<misses>144200001</misses>
				<total>0</total>
				<timestamp>1418.163828</timestamp>
			</report>
			<report>
				<misses>144300001</misses>
				<total>0</total>
				<timestamp>1419.147945</timestamp>
			</report>
			<report>
				<misses>144400001</misses>
				<total>0</total>
				<timestamp>1420.130300</timestamp>
			</report>
			<report>
				<misses>144500001</misses>
				<total>0</total>
				<timestamp>1421.114556</timestamp>
			</report>
			<report>
				<misses>144600001</misses>
				<total>0</total>
				<timestamp>1422.097129</timestamp>
			</report>
			<report>
				<misses>144700001</misses>
				<total>0</total>
				<timestamp>1423.079593</timestamp>
			</report>
			<report>
				<misses>144800001</misses>
				<total>0</total>
				<timestamp>1424.063829</timestamp>
			</report>
			<report>
				<misses>144900001</misses>
				<total>0</total>
				<timestamp>1425.046811</timestamp>
			</report>
			<report>
				<misses>145000001</misses>
				<total>0</total>
				<timestamp>1426.030449</timestamp>
			</report>
			<report>
				<misses>145100001</misses>
				<total>0</total>
				<timestamp>1427.012668</timestamp>
			</report>
			<report>
				<misses>145200001</misses>
				<total>0</total>
				<timestamp>1427.997161</timestamp>
			</report>
			<report>
				<misses>145300001</misses>
				<total>0</total>
				<timestamp>1428.979626</timestamp>
			</report>
			<report>
				<misses>145400001</misses>
				<total>0</total>
				<timestamp>1429.963603</timestamp>
			</report>
			<report>
				<misses>145500001</misses>
				<total>0</total>
				<timestamp>1430.946131</timestamp>
			</report>
			<report>
				<misses>145600001</misses>
				<total>0</total>
				<timestamp>1431.929755</timestamp>
			</report>
			<report>
				<misses>145700001</misses>
				<total>0</total>
				<timestamp>1432.911592</timestamp>
			</report>
			<report>
				<misses>145800001</misses>
				<total>0</total>
				<timestamp>1433.894812</timestamp>
			</report>
			<report>
				<misses>145900001</misses>
				<total>0</total>
				<timestamp>1434.876617</timestamp>
			</report>
			<report>
				<misses>146000001</misses>
				<total>0</total>
				<timestamp>1435.860087</timestamp>
			</report>
			<report>
				<misses>146100001</misses>
				<total>0</total>
				<timestamp>1436.840780</timestamp>
			</report>
			<report>
				<misses>146200001</misses>
				<total>0</total>
				<timestamp>1437.828822</timestamp>
			</report>
			<report>
				<misses>146300001</misses>
				<total>0</total>
				<timestamp>1438.811809</timestamp>
			</report>
			<report>
				<misses>146400001</misses>
				<total>0</total>
				<timestamp>1439.793518</timestamp>
			</report>
			<report>
				<misses>146500001</misses>
				<total>0</total>
				<timestamp>1440.777381</timestamp>
			</report>
			<report>
				<misses>146600001</misses>
				<total>0</total>
				<timestamp>1441.760374</timestamp>
			</report>
			<report>
				<misses>146700001</misses>
				<total>0</total>
				<timestamp>1442.744980</timestamp>
			</report>
			<report>
				<misses>146800001</misses>
				<total>0</total>
				<timestamp>1443.729250</timestamp>
			</report>
			<report>
				<misses>146900001</misses>
				<total>0</total>
				<timestamp>1444.710572</timestamp>
			</report>
			<report>
				<misses>147000001</misses>
				<total>0</total>
				<timestamp>1445.690654</timestamp>
			</report>
			<report>
				<misses>147100001</misses>
				<total>0</total>
				<timestamp>1446.675121</timestamp>
			</report>
			<report>
				<misses>147200001</misses>
				<total>0</total>
				<timestamp>1447.656980</timestamp>
			</report>
			<report>
				<misses>147300001</misses>
				<total>0</total>
				<timestamp>1448.640079</timestamp>
			</report>
			<report>
				<misses>147400001</misses>
				<total>0</total>
				<timestamp>1449.623626</timestamp>
			</report>
			<report>
				<misses>147500001</misses>
				<total>0</total>
				<timestamp>1450.604827</timestamp>
			</report>
			<report>
				<misses>147600001</misses>
				<total>0</total>
				<timestamp>1451.586679</timestamp>
			</report>
			<report>
				<misses>147700001</misses>
				<total>0</total>
				<timestamp>1452.573050</timestamp>
			</report>
			<report>
				<misses>147800001</misses>
				<total>0</total>
				<timestamp>1453.556055</timestamp>
			</report>
			<report>
				<misses>147900001</misses>
				<total>0</total>
				<timestamp>1454.538523</timestamp>
			</report>
			<report>
				<misses>148000001</misses>
				<total>0</total>
				<timestamp>1455.521109</timestamp>
			</report>
			<report>
				<misses>148100001</misses>
				<total>0</total>
				<timestamp>1456.507948</timestamp>
			</report>
			<report>
				<misses>148200001</misses>
				<total>0</total>
				<timestamp>1457.491282</timestamp>
			</report>
			<report>
				<misses>148300001</misses>
				<total>0</total>
				<timestamp>1458.474250</timestamp>
			</report>
			<report>
				<misses>148400001</misses>
				<total>0</total>
				<timestamp>1459.457282</timestamp>
			</report>
			<report>
				<misses>148500001</misses>
				<total>0</total>
				<timestamp>1460.437724</timestamp>
			</report>
			<report>
				<misses>148600001</misses>
				<total>0</total>
				<timestamp>1461.422604</timestamp>
			</report>
			<report>
				<misses>148700001</misses>
				<total>0</total>
				<timestamp>1462.406337</timestamp>
			</report>
			<report>
				<misses>148800001</misses>
				<total>0</total>
				<timestamp>1463.389320</timestamp>
			</report>
			<report>
				<misses>148900001</misses>
				<total>0</total>
				<timestamp>1464.373704</timestamp>
			</report>
			<report>
				<misses>149000001</misses>
				<total>0</total>
				<timestamp>1465.354770</timestamp>
			</report>
			<report>
				<misses>149100001</misses>
				<total>0</total>
				<timestamp>1466.337373</timestamp>
			</report>
			<report>
				<misses>149200001</misses>
				<total>0</total>
				<timestamp>1467.322881</timestamp>
			</report>
			<report>
				<misses>149300001</misses>
				<total>0</total>
				<timestamp>1468.305219</timestamp>
			</report>
			<report>
				<misses>149400001</misses>
				<total>0</total>
				<timestamp>1469.289475</timestamp>
			</report>
			<report>
				<misses>149500001</misses>
				<total>0</total>
				<timestamp>1470.274215</timestamp>
			</report>
			<report>
				<misses>149600001</misses>
				<total>0</total>
				<timestamp>1471.254939</timestamp>
			</report>
			<report>
				<misses>149700001</misses>
				<total>0</total>
				<timestamp>1472.237777</timestamp>
			</report>
			<report>
				<misses>149800001</misses>
				<total>0</total>
				<timestamp>1473.222023</timestamp>
			</report>
			<report>
				<misses>149900001</misses>
				<total>0</total>
				<timestamp>1474.204880</timestamp>
			</report>
			<report>
				<misses>150000001</misses>
				<total>0</total>
				<timestamp>1475.190508</timestamp>
			</report>
			<report>
				<misses>150100001</misses>
				<total>0</total>
				<timestamp>1476.175262</timestamp>
			</report>
			<report>
				<misses>150200001</misses>
				<total>0</total>
				<timestamp>1477.161137</timestamp>
			</report>
			<report>
				<misses>150300001</misses>
				<total>0</total>
				<timestamp>1478.141988</timestamp>
			</report>
			<report>
				<misses>150400001</misses>
				<total>0</total>
				<timestamp>1479.125703</timestamp>
			</report>
			<report>
				<misses>150500001</misses>
				<total>0</total>
				<timestamp>1480.107693</timestamp>
			</report>
			<report>
				<misses>150600001</misses>
				<total>0</total>
				<timestamp>1481.093434</timestamp>
			</report>
			<report>
				<misses>150700001</misses>
				<total>0</total>
				<timestamp>1482.076807</timestamp>
			</report>
			<report>
				<misses>150800001</misses>
				<total>0</total>
				<timestamp>1483.060174</timestamp>
			</report>
			<report>
				<misses>150900001</misses>
				<total>0</total>
				<timestamp>1484.043359</timestamp>
			</report>
			<report>
				<misses>151000001</misses>
				<total>0</total>
				<timestamp>1485.025706</timestamp>
			</report>
			<report>
				<misses>151100001</misses>
				<total>0</total>
				<timestamp>1486.009049</timestamp>
			</report>
			<report>
				<misses>151200001</misses>
				<total>0</total>
				<timestamp>1486.993177</timestamp>
			</report>
			<report>
				<misses>151300001</misses>
				<total>0</total>
				<timestamp>1487.971997</timestamp>
			</report>
			<report>
				<misses>151400001</misses>
				<total>0</total>
				<timestamp>1488.954099</timestamp>
			</report>
			<report>
				<misses>151500001</misses>
				<total>0</total>
				<timestamp>1489.936165</timestamp>
			</report>
			<report>
				<misses>151600001</misses>
				<total>0</total>
				<timestamp>1490.921669</timestamp>
			</report>
			<report>
				<misses>151700001</misses>
				<total>0</total>
				<timestamp>1491.906167</timestamp>
			</report>
			<report>
				<misses>151800001</misses>
				<total>0</total>
				<timestamp>1492.888126</timestamp>
			</report>
			<report>
				<misses>151900001</misses>
				<total>0</total>
				<timestamp>1493.869480</timestamp>
			</report>
			<report>
				<misses>152000001</misses>
				<total>0</total>
				<timestamp>1494.851558</timestamp>
			</report>
			<report>
				<misses>152100001</misses>
				<total>0</total>
				<timestamp>1495.836181</timestamp>
			</report>
			<report>
				<misses>152200001</misses>
				<total>0</total>
				<timestamp>1496.820680</timestamp>
			</report>
			<report>
				<misses>152300001</misses>
				<total>0</total>
				<timestamp>1497.804560</timestamp>
			</report>
			<report>
				<misses>152400001</misses>
				<total>0</total>
				<timestamp>1498.786134</timestamp>
			</report>
			<report>
				<misses>152500001</misses>
				<total>0</total>
				<timestamp>1499.771387</timestamp>
			</report>
			<report>
				<misses>152600001</misses>
				<total>0</total>
				<timestamp>1500.754992</timestamp>
			</report>
			<report>
				<misses>152700001</misses>
				<total>0</total>
				<timestamp>1501.738371</timestamp>
			</report>
			<report>
				<misses>152800001</misses>
				<total>0</total>
				<timestamp>1502.720573</timestamp>
			</report>
			<report>
				<misses>152900001</misses>
				<total>0</total>
				<timestamp>1503.704189</timestamp>
			</report>
			<report>
				<misses>153000001</misses>
				<total>0</total>
				<timestamp>1504.687953</timestamp>
			</report>
			<report>
				<misses>153100001</misses>
				<total>0</total>
				<timestamp>1505.672447</timestamp>
			</report>
			<report>
				<misses>153200001</misses>
				<total>0</total>
				<timestamp>1506.655160</timestamp>
			</report>
			<report>
				<misses>153300001</misses>
				<total>0</total>
				<timestamp>1507.640818</timestamp>
			</report>
			<report>
				<misses>153400001</misses>
				<total>0</total>
				<timestamp>1508.622775</timestamp>
			</report>
			<report>
				<misses>153500001</misses>
				<total>0</total>
				<timestamp>1509.604862</timestamp>
			</report>
			<report>
				<misses>153600001</misses>
				<total>0</total>
				<timestamp>1510.587729</timestamp>
			</report>
			<report>
				<misses>153700001</misses>
				<total>0</total>
				<timestamp>1511.568152</timestamp>
			</report>
			<report>
				<misses>153800001</misses>
				<total>0</total>
				<timestamp>1512.550380</timestamp>
			</report>
			<report>
				<misses>153900001</misses>
				<total>0</total>
				<timestamp>1513.532101</timestamp>
			</report>
			<report>
				<misses>154000001</misses>
				<total>0</total>
				<timestamp>1514.516468</timestamp>
			</report>
			<report>
				<misses>154100001</misses>
				<total>0</total>
				<timestamp>1515.497814</timestamp>
			</report>
			<report>
				<misses>154200001</misses>
				<total>0</total>
				<timestamp>1516.481539</timestamp>
			</report>
			<report>
				<misses>154300001</misses>
				<total>0</total>
				<timestamp>1517.465672</timestamp>
			</report>
			<report>
				<misses>154400001</misses>
				<total>0</total>
				<timestamp>1518.451184</timestamp>
			</report>
			<report>
				<misses>154500001</misses>
				<total>0</total>
				<timestamp>1519.434906</timestamp>
			</report>
			<report>
				<misses>154600001</misses>
				<total>0</total>
				<timestamp>1520.416609</timestamp>
			</report>
			<report>
				<misses>154700001</misses>
				<total>0</total>
				<timestamp>1521.397440</timestamp>
			</report>
			<report>
				<misses>154800001</misses>
				<total>0</total>
				<timestamp>1522.380673</timestamp>
			</report>
			<report>
				<misses>154900001</misses>
				<total>0</total>
				<timestamp>1523.364431</timestamp>
			</report>
			<report>
				<misses>155000001</misses>
				<total>0</total>
				<timestamp>1524.348160</timestamp>
			</report>
			<report>
				<misses>155100001</misses>
				<total>0</total>
				<timestamp>1525.331648</timestamp>
			</report>
			<report>
				<misses>155200001</misses>
				<total>0</total>
				<timestamp>1526.315006</timestamp>
			</report>
			<report>
				<misses>155300001</misses>
				<total>0</total>
				<timestamp>1527.295458</timestamp>
			</report>
			<report>
				<misses>155400001</misses>
				<total>0</total>
				<timestamp>1528.277284</timestamp>
			</report>
			<report>
				<misses>155500001</misses>
				<total>0</total>
				<timestamp>1529.261686</timestamp>
			</report>
			<report>
				<misses>155600001</misses>
				<total>0</total>
				<timestamp>1530.246542</timestamp>
			</report>
			<report>
				<misses>155700001</misses>
				<total>0</total>
				<timestamp>1531.231425</timestamp>
			</report>
			<report>
				<misses>155800001</misses>
				<total>0</total>
				<timestamp>1532.214890</timestamp>
			</report>
			<report>
				<misses>155900001</misses>
				<total>0</total>
				<timestamp>1533.200537</timestamp>
			</report>
			<report>
				<misses>156000001</misses>
				<total>0</total>
				<timestamp>1534.183899</timestamp>
			</report>
			<report>
				<misses>156100001</misses>
				<total>0</total>
				<timestamp>1535.169163</timestamp>
			</report>
			<report>
				<misses>156200001</misses>
				<total>0</total>
				<timestamp>1536.150862</timestamp>
			</report>
			<report>
				<misses>156300001</misses>
				<total>0</total>
				<timestamp>1537.131575</timestamp>
			</report>
			<report>
				<misses>156400001</misses>
				<total>0</total>
				<timestamp>1538.117210</timestamp>
			</report>
			<report>
				<misses>156500001</misses>
				<total>0</total>
				<timestamp>1539.098796</timestamp>
			</report>
			<report>
				<misses>156600001</misses>
				<total>0</total>
				<timestamp>1540.081640</timestamp>
			</report>
			<report>
				<misses>156700001</misses>
				<total>0</total>
				<timestamp>1541.065873</timestamp>
			</report>
			<report>
				<misses>156800001</misses>
				<total>0</total>
				<timestamp>1542.048864</timestamp>
			</report>
			<report>
				<misses>156900001</misses>
				<total>0</total>
				<timestamp>1543.033235</timestamp>
			</report>
			<report>
				<misses>157000001</misses>
				<total>0</total>
				<timestamp>1544.016976</timestamp>
			</report>
			<report>
				<misses>157100001</misses>
				<total>0</total>
				<timestamp>1545.001362</timestamp>
			</report>
			<report>
				<misses>157200001</misses>
				<total>0</total>
				<timestamp>1545.986732</timestamp>
			</report>
			<report>
				<misses>157300001</misses>
				<total>0</total>
				<timestamp>1546.973130</timestamp>
			</report>
			<report>
				<misses>157400001</misses>
				<total>0</total>
				<timestamp>1547.959021</timestamp>
			</report>
			<report>
				<misses>157500001</misses>
				<total>0</total>
				<timestamp>1548.941347</timestamp>
			</report>
			<report>
				<misses>157600001</misses>
				<total>0</total>
				<timestamp>1549.924452</timestamp>
			</report>
			<report>
				<misses>157700001</misses>
				<total>0</total>
				<timestamp>1550.906046</timestamp>
			</report>
			<report>
				<misses>157800001</misses>
				<total>0</total>
				<timestamp>1551.889037</timestamp>
			</report>
			<report>
				<misses>157900001</misses>
				<total>0</total>
				<timestamp>1552.871894</timestamp>
			</report>
			<report>
				<misses>158000001</misses>
				<total>0</total>
				<timestamp>1553.857145</timestamp>
			</report>
			<report>
				<misses>158100001</misses>
				<total>0</total>
				<timestamp>1554.838888</timestamp>
			</report>
			<report>
				<misses>158200001</misses>
				<total>0</total>
				<timestamp>1555.820989</timestamp>
			</report>
			<report>
				<misses>158300001</misses>
				<total>0</total>
				<timestamp>1556.801922</timestamp>
			</report>
			<report>
				<misses>158400001</misses>
				<total>0</total>
				<timestamp>1557.783536</timestamp>
			</report>
			<report>
				<misses>158500001</misses>
				<total>0</total>
				<timestamp>1558.767133</timestamp>
			</report>
			<report>
				<misses>158600001</misses>
				<total>0</total>
				<timestamp>1559.749372</timestamp>
			</report>
			<report>
				<misses>158700001</misses>
				<total>0</total>
				<timestamp>1560.731727</timestamp>
			</report>
			<report>
				<misses>158800001</misses>
				<total>0</total>
				<timestamp>1561.713298</timestamp>
			</report>
			<report>
				<misses>158900001</misses>
				<total>0</total>
				<timestamp>1562.698170</timestamp>
			</report>
			<report>
				<misses>159000001</misses>
				<total>0</total>
				<timestamp>1563.680027</timestamp>
			</report>
			<report>
				<misses>159100001</misses>
				<total>0</total>
				<timestamp>1564.665021</timestamp>
			</report>
			<report>
				<misses>159200001</misses>
				<total>0</total>
				<timestamp>1565.648639</timestamp>
			</report>
			<report>
				<misses>159300001</misses>
				<total>0</total>
				<timestamp>1566.633259</timestamp>
			</report>
			<report>
				<misses>159400001</misses>
				<total>0</total>
				<timestamp>1567.613821</timestamp>
			</report>
			<report>
				<misses>159500001</misses>
				<total>0</total>
				<timestamp>1568.596819</timestamp>
			</report>
			<report>
				<misses>159600001</misses>
				<total>0</total>
				<timestamp>1569.578794</timestamp>
			</report>
			<report>
				<misses>159700001</misses>
				<total>0</total>
				<timestamp>1570.563910</timestamp>
			</report>
			<report>
				<misses>159800001</misses>
				<total>0</total>
				<timestamp>1571.546889</timestamp>
			</report>
			<report>
				<misses>159900001</misses>
				<total>0</total>
				<timestamp>1572.530617</timestamp>
			</report>
			<report>
				<misses>160000001</misses>
				<total>0</total>
				<timestamp>1573.513338</timestamp>
			</report>
			<report>
				<misses>160100001</misses>
				<total>0</total>
				<timestamp>1574.500247</timestamp>
			</report>
			<report>
				<misses>160200001</misses>
				<total>0</total>
				<timestamp>1575.484231</timestamp>
			</report>
			<report>
				<misses>160300001</misses>
				<total>0</total>
				<timestamp>1576.468107</timestamp>
			</report>
			<report>
				<misses>160400001</misses>
				<total>0</total>
				<timestamp>1577.451343</timestamp>
			</report>
			<report>
				<misses>160500001</misses>
				<total>0</total>
				<timestamp>1578.434450</timestamp>
			</report>
			<report>
				<misses>160600001</misses>
				<total>0</total>
				<timestamp>1579.418687</timestamp>
			</report>
			<report>
				<misses>160700001</misses>
				<total>0</total>
				<timestamp>1580.401677</timestamp>
			</report>
			<report>
				<misses>160800001</misses>
				<total>0</total>
				<timestamp>1581.383499</timestamp>
			</report>
			<report>
				<misses>160900001</misses>
				<total>0</total>
				<timestamp>1582.367242</timestamp>
			</report>
			<report>
				<misses>161000001</misses>
				<total>0</total>
				<timestamp>1583.349590</timestamp>
			</report>
			<report>
				<misses>161100001</misses>
				<total>0</total>
				<timestamp>1584.332825</timestamp>
			</report>
			<report>
				<misses>161200001</misses>
				<total>0</total>
				<timestamp>1585.315799</timestamp>
			</report>
			<report>
				<misses>161300001</misses>
				<total>0</total>
				<timestamp>1586.302323</timestamp>
			</report>
			<report>
				<misses>161400001</misses>
				<total>0</total>
				<timestamp>1587.287061</timestamp>
			</report>
			<report>
				<misses>161500001</misses>
				<total>0</total>
				<timestamp>1588.272077</timestamp>
			</report>
			<report>
				<misses>161600001</misses>
				<total>0</total>
				<timestamp>1589.259989</timestamp>
			</report>
			<report>
				<misses>161700001</misses>
				<total>0</total>
				<timestamp>1590.242102</timestamp>
			</report>
			<report>
				<misses>161800001</misses>
				<total>0</total>
				<timestamp>1591.225447</timestamp>
			</report>
			<report>
				<misses>161900001</misses>
				<total>0</total>
				<timestamp>1592.205381</timestamp>
			</report>
			<report>
				<misses>162000001</misses>
				<total>0</total>
				<timestamp>1593.187729</timestamp>
			</report>
			<report>
				<misses>162100001</misses>
				<total>0</total>
				<timestamp>1594.172741</timestamp>
			</report>
			<report>
				<misses>162200001</misses>
				<total>0</total>
				<timestamp>1595.155461</timestamp>
			</report>
			<report>
				<misses>162300001</misses>
				<total>0</total>
				<timestamp>1596.138691</timestamp>
			</report>
			<report>
				<misses>162400001</misses>
				<total>0</total>
				<timestamp>1597.121417</timestamp>
			</report>
			<report>
				<misses>162500001</misses>
				<total>0</total>
				<timestamp>1598.105150</timestamp>
			</report>
			<report>
				<misses>162600001</misses>
				<total>0</total>
				<timestamp>1599.083826</timestamp>
			</report>
			<report>
				<misses>162700001</misses>
				<total>0</total>
				<timestamp>1600.065941</timestamp>
			</report>
			<report>
				<misses>162800001</misses>
				<total>0</total>
				<timestamp>1601.046899</timestamp>
			</report>
			<report>
				<misses>162900001</misses>
				<total>0</total>
				<timestamp>1602.033786</timestamp>
			</report>
			<report>
				<misses>163000001</misses>
				<total>0</total>
				<timestamp>1603.017141</timestamp>
			</report>
			<report>
				<misses>163100001</misses>
				<total>0</total>
				<timestamp>1604.000138</timestamp>
			</report>
			<report>
				<misses>163200001</misses>
				<total>0</total>
				<timestamp>1604.983627</timestamp>
			</report>
			<report>
				<misses>163300001</misses>
				<total>0</total>
				<timestamp>1605.969498</timestamp>
			</report>
			<report>
				<misses>163400001</misses>
				<total>0</total>
				<timestamp>1606.953906</timestamp>
			</report>
			<report>
				<misses>163500001</misses>
				<total>0</total>
				<timestamp>1607.939637</timestamp>
			</report>
			<report>
				<misses>163600001</misses>
				<total>0</total>
				<timestamp>1608.920977</timestamp>
			</report>
			<report>
				<misses>163700001</misses>
				<total>0</total>
				<timestamp>1609.905465</timestamp>
			</report>
			<report>
				<misses>163800001</misses>
				<total>0</total>
				<timestamp>1610.889568</timestamp>
			</report>
			<report>
				<misses>163900001</misses>
				<total>0</total>
				<timestamp>1611.871974</timestamp>
			</report>
			<report>
				<misses>164000001</misses>
				<total>0</total>
				<timestamp>1612.854982</timestamp>
			</report>
			<report>
				<misses>164100001</misses>
				<total>0</total>
				<timestamp>1613.838189</timestamp>
			</report>
			<report>
				<misses>164200001</misses>
				<total>0</total>
				<timestamp>1614.820026</timestamp>
			</report>
			<report>
				<misses>164300001</misses>
				<total>0</total>
				<timestamp>1615.802246</timestamp>
			</report>
			<report>
				<misses>164400001</misses>
				<total>0</total>
				<timestamp>1616.783718</timestamp>
			</report>
			<report>
				<misses>164500001</misses>
				<total>0</total>
				<timestamp>1617.764545</timestamp>
			</report>
			<report>
				<misses>164600001</misses>
				<total>0</total>
				<timestamp>1618.746517</timestamp>
			</report>
			<report>
				<misses>164700001</misses>
				<total>0</total>
				<timestamp>1619.731254</timestamp>
			</report>
			<report>
				<misses>164800001</misses>
				<total>0</total>
				<timestamp>1620.711733</timestamp>
			</report>
			<report>
				<misses>164900001</misses>
				<total>0</total>
				<timestamp>1621.695073</timestamp>
			</report>
			<report>
				<misses>165000001</misses>
				<total>0</total>
				<timestamp>1622.677670</timestamp>
			</report>
			<report>
				<misses>165100001</misses>
				<total>0</total>
				<timestamp>1623.659994</timestamp>
			</report>
			<report>
				<misses>165200001</misses>
				<total>0</total>
				<timestamp>1624.640666</timestamp>
			</report>
			<report>
				<misses>165300001</misses>
				<total>0</total>
				<timestamp>1625.622880</timestamp>
			</report>
			<report>
				<misses>165400001</misses>
				<total>0</total>
				<timestamp>1626.607339</timestamp>
			</report>
			<report>
				<misses>165500001</misses>
				<total>0</total>
				<timestamp>1627.592194</timestamp>
			</report>
			<report>
				<misses>165600001</misses>
				<total>0</total>
				<timestamp>1628.575694</timestamp>
			</report>
			<report>
				<misses>165700001</misses>
				<total>0</total>
				<timestamp>1629.557417</timestamp>
			</report>
			<report>
				<misses>165800001</misses>
				<total>0</total>
				<timestamp>1630.541401</timestamp>
			</report>
			<report>
				<misses>165900001</misses>
				<total>0</total>
				<timestamp>1631.522696</timestamp>
			</report>
			<report>
				<misses>166000001</misses>
				<total>0</total>
				<timestamp>1632.505545</timestamp>
			</report>
			<report>
				<misses>166100001</misses>
				<total>0</total>
				<timestamp>1633.489672</timestamp>
			</report>
			<report>
				<misses>166200001</misses>
				<total>0</total>
				<timestamp>1634.471260</timestamp>
			</report>
			<report>
				<misses>166300001</misses>
				<total>0</total>
				<timestamp>1635.452850</timestamp>
			</report>
			<report>
				<misses>166400001</misses>
				<total>0</total>
				<timestamp>1636.433422</timestamp>
			</report>
			<report>
				<misses>166500001</misses>
				<total>0</total>
				<timestamp>1637.417929</timestamp>
			</report>
			<report>
				<misses>166600001</misses>
				<total>0</total>
				<timestamp>1638.403548</timestamp>
			</report>
			<report>
				<misses>166700001</misses>
				<total>0</total>
				<timestamp>1639.384783</timestamp>
			</report>
			<report>
				<misses>166800001</misses>
				<total>0</total>
				<timestamp>1640.366354</timestamp>
			</report>
			<report>
				<misses>166900001</misses>
				<total>0</total>
				<timestamp>1641.347965</timestamp>
			</report>
			<report>
				<misses>167000001</misses>
				<total>0</total>
				<timestamp>1642.329657</timestamp>
			</report>
			<report>
				<misses>167100001</misses>
				<total>0</total>
				<timestamp>1643.312263</timestamp>
			</report>
			<report>
				<misses>167200001</misses>
				<total>0</total>
				<timestamp>1644.294864</timestamp>
			</report>
			<report>
				<misses>167300001</misses>
				<total>0</total>
				<timestamp>1645.276314</timestamp>
			</report>
			<report>
				<misses>167400001</misses>
				<total>0</total>
				<timestamp>1646.261075</timestamp>
			</report>
			<report>
				<misses>167500001</misses>
				<total>0</total>
				<timestamp>1647.244547</timestamp>
			</report>
			<report>
				<misses>167600001</misses>
				<total>0</total>
				<timestamp>1648.226770</timestamp>
			</report>
			<report>
				<misses>167700001</misses>
				<total>0</total>
				<timestamp>1649.207486</timestamp>
			</report>
			<report>
				<misses>167800001</misses>
				<total>0</total>
				<timestamp>1650.191844</timestamp>
			</report>
			<report>
				<misses>167900001</misses>
				<total>0</total>
				<timestamp>1651.174821</timestamp>
			</report>
			<report>
				<misses>168000001</misses>
				<total>0</total>
				<timestamp>1652.156685</timestamp>
			</report>
			<report>
				<misses>168100001</misses>
				<total>0</total>
				<timestamp>1653.136999</timestamp>
			</report>
			<report>
				<misses>168200001</misses>
				<total>0</total>
				<timestamp>1654.118343</timestamp>
			</report>
			<report>
				<misses>168300001</misses>
				<total>0</total>
				<timestamp>1655.105614</timestamp>
			</report>
			<report>
				<misses>168400001</misses>
				<total>0</total>
				<timestamp>1656.087197</timestamp>
			</report>
			<report>
				<misses>168500001</misses>
				<total>0</total>
				<timestamp>1657.069800</timestamp>
			</report>
			<report>
				<misses>168600001</misses>
				<total>0</total>
				<timestamp>1658.053418</timestamp>
			</report>
			<report>
				<misses>168700001</misses>
				<total>0</total>
				<timestamp>1659.036256</timestamp>
			</report>
			<report>
				<misses>168800001</misses>
				<total>0</total>
				<timestamp>1660.021011</timestamp>
			</report>
			<report>
				<misses>168900001</misses>
				<total>0</total>
				<timestamp>1661.004511</timestamp>
			</report>
			<report>
				<misses>169000001</misses>
				<total>0</total>
				<timestamp>1661.987344</timestamp>
			</report>
			<report>
				<misses>169100001</misses>
				<total>0</total>
				<timestamp>1662.969831</timestamp>
			</report>
			<report>
				<misses>169200001</misses>
				<total>0</total>
				<timestamp>1663.950654</timestamp>
			</report>
			<report>
				<misses>169300001</misses>
				<total>0</total>
				<timestamp>1664.934394</timestamp>
			</report>
			<report>
				<misses>169400001</misses>
				<total>0</total>
				<timestamp>1665.919160</timestamp>
			</report>
			<report>
				<misses>169500001</misses>
				<total>0</total>
				<timestamp>1666.901239</timestamp>
			</report>
			<report>
				<misses>169600001</misses>
				<total>0</total>
				<timestamp>1667.884077</timestamp>
			</report>
			<report>
				<misses>169700001</misses>
				<total>0</total>
				<timestamp>1668.867063</timestamp>
			</report>
			<report>
				<misses>169800001</misses>
				<total>0</total>
				<timestamp>1669.847878</timestamp>
			</report>
			<report>
				<misses>169900001</misses>
				<total>0</total>
				<timestamp>1670.830247</timestamp>
			</report>
			<report>
				<misses>170000001</misses>
				<total>0</total>
				<timestamp>1671.816118</timestamp>
			</report>
			<report>
				<misses>170100001</misses>
				<total>0</total>
				<timestamp>1672.798859</timestamp>
			</report>
			<report>
				<misses>170200001</misses>
				<total>0</total>
				<timestamp>1673.782599</timestamp>
			</report>
			<report>
				<misses>170300001</misses>
				<total>0</total>
				<timestamp>1674.767999</timestamp>
			</report>
			<report>
				<misses>170400001</misses>
				<total>0</total>
				<timestamp>1675.752210</timestamp>
			</report>
			<report>
				<misses>170500001</misses>
				<total>0</total>
				<timestamp>1676.736861</timestamp>
			</report>
			<report>
				<misses>170600001</misses>
				<total>0</total>
				<timestamp>1677.720710</timestamp>
			</report>
			<report>
				<misses>170700001</misses>
				<total>0</total>
				<timestamp>1678.705837</timestamp>
			</report>
			<report>
				<misses>170800001</misses>
				<total>0</total>
				<timestamp>1679.687044</timestamp>
			</report>
			<report>
				<misses>170900001</misses>
				<total>0</total>
				<timestamp>1680.670654</timestamp>
			</report>
			<report>
				<misses>171000001</misses>
				<total>0</total>
				<timestamp>1681.655531</timestamp>
			</report>
			<report>
				<misses>171100001</misses>
				<total>0</total>
				<timestamp>1682.639406</timestamp>
			</report>
			<report>
				<misses>171200001</misses>
				<total>0</total>
				<timestamp>1683.621869</timestamp>
			</report>
			<report>
				<misses>171300001</misses>
				<total>0</total>
				<timestamp>1684.605110</timestamp>
			</report>
			<report>
				<misses>171400001</misses>
				<total>0</total>
				<timestamp>1685.588213</timestamp>
			</report>
			<report>
				<misses>171500001</misses>
				<total>0</total>
				<timestamp>1686.570046</timestamp>
			</report>
			<report>
				<misses>171600001</misses>
				<total>0</total>
				<timestamp>1687.555821</timestamp>
			</report>
			<report>
				<misses>171700001</misses>
				<total>0</total>
				<timestamp>1688.538813</timestamp>
			</report>
			<report>
				<misses>171800001</misses>
				<total>0</total>
				<timestamp>1689.520393</timestamp>
			</report>
			<report>
				<misses>171900001</misses>
				<total>0</total>
				<timestamp>1690.503735</timestamp>
			</report>
			<report>
				<misses>172000001</misses>
				<total>0</total>
				<timestamp>1691.484330</timestamp>
			</report>
			<report>
				<misses>172100001</misses>
				<total>0</total>
				<timestamp>1692.467416</timestamp>
			</report>
			<report>
				<misses>172200001</misses>
				<total>0</total>
				<timestamp>1693.451407</timestamp>
			</report>
			<report>
				<misses>172300001</misses>
				<total>0</total>
				<timestamp>1694.437060</timestamp>
			</report>
			<report>
				<misses>172400001</misses>
				<total>0</total>
				<timestamp>1695.422565</timestamp>
			</report>
			<report>
				<misses>172500001</misses>
				<total>0</total>
				<timestamp>1696.404276</timestamp>
			</report>
			<report>
				<misses>172600001</misses>
				<total>0</total>
				<timestamp>1697.387949</timestamp>
			</report>
			<report>
				<misses>172700001</misses>
				<total>0</total>
				<timestamp>1698.369026</timestamp>
			</report>
			<report>
				<misses>172800001</misses>
				<total>0</total>
				<timestamp>1699.351257</timestamp>
			</report>
			<report>
				<misses>172900001</misses>
				<total>0</total>
				<timestamp>1700.335994</timestamp>
			</report>
			<report>
				<misses>173000001</misses>
				<total>0</total>
				<timestamp>1701.322799</timestamp>
			</report>
			<report>
				<misses>173100001</misses>
				<total>0</total>
				<timestamp>1702.306774</timestamp>
			</report>
			<report>
				<misses>173200001</misses>
				<total>0</total>
				<timestamp>1703.291645</timestamp>
			</report>
			<report>
				<misses>173300001</misses>
				<total>0</total>
				<timestamp>1704.273999</timestamp>
			</report>
			<report>
				<misses>173400001</misses>
				<total>0</total>
				<timestamp>1705.256971</timestamp>
			</report>
			<report>
				<misses>173500001</misses>
				<total>0</total>
				<timestamp>1706.239814</timestamp>
			</report>
			<report>
				<misses>173600001</misses>
				<total>0</total>
				<timestamp>1707.223302</timestamp>
			</report>
			<report>
				<misses>173700001</misses>
				<total>0</total>
				<timestamp>1708.204127</timestamp>
			</report>
			<report>
				<misses>173800001</misses>
				<total>0</total>
				<timestamp>1709.188653</timestamp>
			</report>
			<report>
				<misses>173900001</misses>
				<total>0</total>
				<timestamp>1710.174518</timestamp>
			</report>
			<report>
				<misses>174000001</misses>
				<total>0</total>
				<timestamp>1711.156621</timestamp>
			</report>
			<report>
				<misses>174100001</misses>
				<total>0</total>
				<timestamp>1712.142876</timestamp>
			</report>
			<report>
				<misses>174200001</misses>
				<total>0</total>
				<timestamp>1713.127363</timestamp>
			</report>
			<report>
				<misses>174300001</misses>
				<total>0</total>
				<timestamp>1714.109239</timestamp>
			</report>
			<report>
				<misses>174400001</misses>
				<total>0</total>
				<timestamp>1715.094389</timestamp>
			</report>
			<report>
				<misses>174500001</misses>
				<total>0</total>
				<timestamp>1716.078760</timestamp>
			</report>
			<report>
				<misses>174600001</misses>
				<total>0</total>
				<timestamp>1717.059586</timestamp>
			</report>
			<report>
				<misses>174700001</misses>
				<total>0</total>
				<timestamp>1718.041930</timestamp>
			</report>
			<report>
				<misses>174800001</misses>
				<total>0</total>
				<timestamp>1719.025661</timestamp>
			</report>
			<report>
				<misses>174900001</misses>
				<total>0</total>
				<timestamp>1720.006738</timestamp>
			</report>
			<report>
				<misses>175000001</misses>
				<total>0</total>
				<timestamp>1720.988465</timestamp>
			</report>
			<report>
				<misses>175100001</misses>
				<total>0</total>
				<timestamp>1721.969934</timestamp>
			</report>
			<report>
				<misses>175200001</misses>
				<total>0</total>
				<timestamp>1722.950884</timestamp>
			</report>
			<report>
				<misses>175300001</misses>
				<total>0</total>
				<timestamp>1723.932857</timestamp>
			</report>
			<report>
				<misses>175400001</misses>
				<total>0</total>
				<timestamp>1724.917601</timestamp>
			</report>
			<report>
				<misses>175500001</misses>
				<total>0</total>
				<timestamp>1725.901719</timestamp>
			</report>
			<report>
				<misses>175600001</misses>
				<total>0</total>
				<timestamp>1726.881931</timestamp>
			</report>
			<report>
				<misses>175700001</misses>
				<total>0</total>
				<timestamp>1727.865022</timestamp>
			</report>
			<report>
				<misses>175800001</misses>
				<total>0</total>
				<timestamp>1728.847989</timestamp>
			</report>
			<report>
				<misses>175900001</misses>
				<total>0</total>
				<timestamp>1729.831236</timestamp>
			</report>
			<report>
				<misses>176000001</misses>
				<total>0</total>
				<timestamp>1730.814836</timestamp>
			</report>
			<report>
				<misses>176100001</misses>
				<total>0</total>
				<timestamp>1731.801357</timestamp>
			</report>
			<report>
				<misses>176200001</misses>
				<total>0</total>
				<timestamp>1732.783448</timestamp>
			</report>
			<report>
				<misses>176300001</misses>
				<total>0</total>
				<timestamp>1733.764295</timestamp>
			</report>
			<report>
				<misses>176400001</misses>
				<total>0</total>
				<timestamp>1734.747380</timestamp>
			</report>
			<report>
				<misses>176500001</misses>
				<total>0</total>
				<timestamp>1735.729627</timestamp>
			</report>
			<report>
				<misses>176600001</misses>
				<total>0</total>
				<timestamp>1736.712980</timestamp>
			</report>
			<report>
				<misses>176700001</misses>
				<total>0</total>
				<timestamp>1737.698233</timestamp>
			</report>
			<report>
				<misses>176800001</misses>
				<total>0</total>
				<timestamp>1738.682970</timestamp>
			</report>
			<report>
				<misses>176900001</misses>
				<total>0</total>
				<timestamp>1739.662908</timestamp>
			</report>
			<report>
				<misses>177000001</misses>
				<total>0</total>
				<timestamp>1740.645949</timestamp>
			</report>
			<report>
				<misses>177100001</misses>
				<total>0</total>
				<timestamp>1741.629187</timestamp>
			</report>
			<report>
				<misses>177200001</misses>
				<total>0</total>
				<timestamp>1742.610783</timestamp>
			</report>
			<report>
				<misses>177300001</misses>
				<total>0</total>
				<timestamp>1743.596279</timestamp>
			</report>
			<report>
				<misses>177400001</misses>
				<total>0</total>
				<timestamp>1744.582303</timestamp>
			</report>
			<report>
				<misses>177500001</misses>
				<total>0</total>
				<timestamp>1745.565778</timestamp>
			</report>
			<report>
				<misses>177600001</misses>
				<total>0</total>
				<timestamp>1746.548242</timestamp>
			</report>
			<report>
				<misses>177700001</misses>
				<total>0</total>
				<timestamp>1747.530731</timestamp>
			</report>
			<report>
				<misses>177800001</misses>
				<total>0</total>
				<timestamp>1748.513196</timestamp>
			</report>
			<report>
				<misses>177900001</misses>
				<total>0</total>
				<timestamp>1749.499970</timestamp>
			</report>
			<report>
				<misses>178000001</misses>
				<total>0</total>
				<timestamp>1750.483715</timestamp>
			</report>
			<report>
				<misses>178100001</misses>
				<total>0</total>
				<timestamp>1751.465925</timestamp>
			</report>
			<report>
				<misses>178200001</misses>
				<total>0</total>
				<timestamp>1752.450569</timestamp>
			</report>
			<report>
				<misses>178300001</misses>
				<total>0</total>
				<timestamp>1753.432254</timestamp>
			</report>
			<report>
				<misses>178400001</misses>
				<total>0</total>
				<timestamp>1754.414516</timestamp>
			</report>
			<report>
				<misses>178500001</misses>
				<total>0</total>
				<timestamp>1755.397108</timestamp>
			</report>
			<report>
				<misses>178600001</misses>
				<total>0</total>
				<timestamp>1756.381230</timestamp>
			</report>
			<report>
				<misses>178700001</misses>
				<total>0</total>
				<timestamp>1757.363558</timestamp>
			</report>
			<report>
				<misses>178800001</misses>
				<total>0</total>
				<timestamp>1758.347179</timestamp>
			</report>
			<report>
				<misses>178900001</misses>
				<total>0</total>
				<timestamp>1759.329404</timestamp>
			</report>
			<report>
				<misses>179000001</misses>
				<total>0</total>
				<timestamp>1760.310607</timestamp>
			</report>
			<report>
				<misses>179100001</misses>
				<total>0</total>
				<timestamp>1761.292319</timestamp>
			</report>
			<report>
				<misses>179200001</misses>
				<total>0</total>
				<timestamp>1762.276207</timestamp>
			</report>
			<report>
				<misses>179300001</misses>
				<total>0</total>
				<timestamp>1763.256655</timestamp>
			</report>
			<report>
				<misses>179400001</misses>
				<total>0</total>
				<timestamp>1764.240130</timestamp>
			</report>
			<report>
				<misses>179500001</misses>
				<total>0</total>
				<timestamp>1765.224245</timestamp>
			</report>
			<report>
				<misses>179600001</misses>
				<total>0</total>
				<timestamp>1766.207841</timestamp>
			</report>
			<report>
				<misses>179700001</misses>
				<total>0</total>
				<timestamp>1767.191215</timestamp>
			</report>
			<report>
				<misses>179800001</misses>
				<total>0</total>
				<timestamp>1768.173302</timestamp>
			</report>
			<report>
				<misses>179900001</misses>
				<total>0</total>
				<timestamp>1769.156166</timestamp>
			</report>
			<report>
				<misses>180000001</misses>
				<total>0</total>
				<timestamp>1770.138995</timestamp>
			</report>
			<report>
				<misses>180100001</misses>
				<total>0</total>
				<timestamp>1771.122242</timestamp>
			</report>
			<report>
				<misses>180200001</misses>
				<total>0</total>
				<timestamp>1772.102453</timestamp>
			</report>
			<report>
				<misses>180300001</misses>
				<total>0</total>
				<timestamp>1773.085283</timestamp>
			</report>
			<report>
				<misses>180400001</misses>
				<total>0</total>
				<timestamp>1774.068690</timestamp>
			</report>
			<report>
				<misses>180500001</misses>
				<total>0</total>
				<timestamp>1775.052530</timestamp>
			</report>
			<report>
				<misses>180600001</misses>
				<total>0</total>
				<timestamp>1776.034880</timestamp>
			</report>
			<report>
				<misses>180700001</misses>
				<total>0</total>
				<timestamp>1777.015573</timestamp>
			</report>
			<report>
				<misses>180800001</misses>
				<total>0</total>
				<timestamp>1777.999203</timestamp>
			</report>
			<report>
				<misses>180900001</misses>
				<total>0</total>
				<timestamp>1778.983302</timestamp>
			</report>
			<report>
				<misses>181000001</misses>
				<total>0</total>
				<timestamp>1779.962889</timestamp>
			</report>
			<report>
				<misses>181100001</misses>
				<total>0</total>
				<timestamp>1780.946235</timestamp>
			</report>
			<report>
				<misses>181200001</misses>
				<total>0</total>
				<timestamp>1781.929090</timestamp>
			</report>
			<report>
				<misses>181300001</misses>
				<total>0</total>
				<timestamp>1782.908544</timestamp>
			</report>
			<report>
				<misses>181400001</misses>
				<total>0</total>
				<timestamp>1783.890608</timestamp>
			</report>
			<report>
				<misses>181500001</misses>
				<total>0</total>
				<timestamp>1784.877022</timestamp>
			</report>
			<report>
				<misses>181600001</misses>
				<total>0</total>
				<timestamp>1785.861277</timestamp>
			</report>
			<report>
				<misses>181700001</misses>
				<total>0</total>
				<timestamp>1786.844751</timestamp>
			</report>
			<report>
				<misses>181800001</misses>
				<total>0</total>
				<timestamp>1787.825202</timestamp>
			</report>
			<report>
				<misses>181900001</misses>
				<total>0</total>
				<timestamp>1788.806032</timestamp>
			</report>
			<report>
				<misses>182000001</misses>
				<total>0</total>
				<timestamp>1789.787746</timestamp>
			</report>
			<report>
				<misses>182100001</misses>
				<total>0</total>
				<timestamp>1790.769836</timestamp>
			</report>
			<report>
				<misses>182200001</misses>
				<total>0</total>
				<timestamp>1791.753196</timestamp>
			</report>
			<report>
				<misses>182300001</misses>
				<total>0</total>
				<timestamp>1792.737428</timestamp>
			</report>
			<report>
				<misses>182400001</misses>
				<total>0</total>
				<timestamp>1793.723330</timestamp>
			</report>
			<report>
				<misses>182500001</misses>
				<total>0</total>
				<timestamp>1794.705918</timestamp>
			</report>
			<report>
				<misses>182600001</misses>
				<total>0</total>
				<timestamp>1795.686614</timestamp>
			</report>
			<report>
				<misses>182700001</misses>
				<total>0</total>
				<timestamp>1796.669472</timestamp>
			</report>
			<report>
				<misses>182800001</misses>
				<total>0</total>
				<timestamp>1797.651974</timestamp>
			</report>
			<report>
				<misses>182900001</misses>
				<total>0</total>
				<timestamp>1798.637390</timestamp>
			</report>
			<report>
				<misses>183000001</misses>
				<total>0</total>
				<timestamp>1799.620099</timestamp>
			</report>
			<report>
				<misses>183100001</misses>
				<total>0</total>
				<timestamp>1800.605125</timestamp>
			</report>
			<report>
				<misses>183200001</misses>
				<total>0</total>
				<timestamp>1801.589868</timestamp>
			</report>
			<report>
				<misses>183300001</misses>
				<total>0</total>
				<timestamp>1802.571445</timestamp>
			</report>
			<report>
				<misses>183400001</misses>
				<total>0</total>
				<timestamp>1803.555818</timestamp>
			</report>
			<report>
				<misses>183500001</misses>
				<total>0</total>
				<timestamp>1804.540303</timestamp>
			</report>
			<report>
				<misses>183600001</misses>
				<total>0</total>
				<timestamp>1805.521769</timestamp>
			</report>
			<report>
				<misses>183700001</misses>
				<total>0</total>
				<timestamp>1806.502115</timestamp>
			</report>
			<report>
				<misses>183800001</misses>
				<total>0</total>
				<timestamp>1807.484083</timestamp>
			</report>
			<report>
				<misses>183900001</misses>
				<total>0</total>
				<timestamp>1808.466670</timestamp>
			</report>
			<report>
				<misses>184000001</misses>
				<total>0</total>
				<timestamp>1809.452311</timestamp>
			</report>
			<report>
				<misses>184100001</misses>
				<total>0</total>
				<timestamp>1810.433790</timestamp>
			</report>
			<report>
				<misses>184200001</misses>
				<total>0</total>
				<timestamp>1811.417762</timestamp>
			</report>
			<report>
				<misses>184300001</misses>
				<total>0</total>
				<timestamp>1812.400491</timestamp>
			</report>
			<report>
				<misses>184400001</misses>
				<total>0</total>
				<timestamp>1813.382833</timestamp>
			</report>
			<report>
				<misses>184500001</misses>
				<total>0</total>
				<timestamp>1814.362400</timestamp>
			</report>
			<report>
				<misses>184600001</misses>
				<total>0</total>
				<timestamp>1815.345749</timestamp>
			</report>
			<report>
				<misses>184700001</misses>
				<total>0</total>
				<timestamp>1816.329131</timestamp>
			</report>
			<report>
				<misses>184800001</misses>
				<total>0</total>
				<timestamp>1817.313606</timestamp>
			</report>
			<report>
				<misses>184900001</misses>
				<total>0</total>
				<timestamp>1818.298360</timestamp>
			</report>
			<report>
				<misses>185000001</misses>
				<total>0</total>
				<timestamp>1819.281592</timestamp>
			</report>
			<report>
				<misses>185100001</misses>
				<total>0</total>
				<timestamp>1820.265224</timestamp>
			</report>
			<report>
				<misses>185200001</misses>
				<total>0</total>
				<timestamp>1821.249574</timestamp>
			</report>
			<report>
				<misses>185300001</misses>
				<total>0</total>
				<timestamp>1822.234454</timestamp>
			</report>
			<report>
				<misses>185400001</misses>
				<total>0</total>
				<timestamp>1823.216150</timestamp>
			</report>
			<report>
				<misses>185500001</misses>
				<total>0</total>
				<timestamp>1824.199914</timestamp>
			</report>
			<report>
				<misses>185600001</misses>
				<total>0</total>
				<timestamp>1825.184662</timestamp>
			</report>
			<report>
				<misses>185700001</misses>
				<total>0</total>
				<timestamp>1826.168653</timestamp>
			</report>
			<report>
				<misses>185800001</misses>
				<total>0</total>
				<timestamp>1827.152781</timestamp>
			</report>
			<report>
				<misses>185900001</misses>
				<total>0</total>
				<timestamp>1828.136752</timestamp>
			</report>
			<report>
				<misses>186000001</misses>
				<total>0</total>
				<timestamp>1829.120754</timestamp>
			</report>
			<report>
				<misses>186100001</misses>
				<total>0</total>
				<timestamp>1830.106004</timestamp>
			</report>
			<report>
				<misses>186200001</misses>
				<total>0</total>
				<timestamp>1831.090511</timestamp>
			</report>
			<report>
				<misses>186300001</misses>
				<total>0</total>
				<timestamp>1832.072084</timestamp>
			</report>
			<report>
				<misses>186400001</misses>
				<total>0</total>
				<timestamp>1833.053420</timestamp>
			</report>
			<report>
				<misses>186500001</misses>
				<total>0</total>
				<timestamp>1834.035515</timestamp>
			</report>
			<report>
				<misses>186600001</misses>
				<total>0</total>
				<timestamp>1835.018236</timestamp>
			</report>
			<report>
				<misses>186700001</misses>
				<total>0</total>
				<timestamp>1836.002099</timestamp>
			</report>
			<report>
				<misses>186800001</misses>
				<total>0</total>
				<timestamp>1836.984203</timestamp>
			</report>
			<report>
				<misses>186900001</misses>
				<total>0</total>
				<timestamp>1837.965288</timestamp>
			</report>
			<report>
				<misses>187000001</misses>
				<total>0</total>
				<timestamp>1838.947145</timestamp>
			</report>
			<report>
				<misses>187100001</misses>
				<total>0</total>
				<timestamp>1839.929840</timestamp>
			</report>
			<report>
				<misses>187200001</misses>
				<total>0</total>
				<timestamp>1840.914228</timestamp>
			</report>
			<report>
				<misses>187300001</misses>
				<total>0</total>
				<timestamp>1841.898353</timestamp>
			</report>
			<report>
				<misses>187400001</misses>
				<total>0</total>
				<timestamp>1842.879308</timestamp>
			</report>
			<report>
				<misses>187500001</misses>
				<total>0</total>
				<timestamp>1843.866575</timestamp>
			</report>
			<report>
				<misses>187600001</misses>
				<total>0</total>
				<timestamp>1844.850574</timestamp>
			</report>
			<report>
				<misses>187700001</misses>
				<total>0</total>
				<timestamp>1845.831400</timestamp>
			</report>
			<report>
				<misses>187800001</misses>
				<total>0</total>
				<timestamp>1846.816516</timestamp>
			</report>
			<report>
				<misses>187900001</misses>
				<total>0</total>
				<timestamp>1847.797484</timestamp>
			</report>
			<report>
				<misses>188000001</misses>
				<total>0</total>
				<timestamp>1848.781350</timestamp>
			</report>
			<report>
				<misses>188100001</misses>
				<total>0</total>
				<timestamp>1849.762434</timestamp>
			</report>
			<report>
				<misses>188200001</misses>
				<total>0</total>
				<timestamp>1850.745297</timestamp>
			</report>
			<report>
				<misses>188300001</misses>
				<total>0</total>
				<timestamp>1851.724959</timestamp>
			</report>
			<report>
				<misses>188400001</misses>
				<total>0</total>
				<timestamp>1852.707324</timestamp>
			</report>
			<report>
				<misses>188500001</misses>
				<total>0</total>
				<timestamp>1853.691570</timestamp>
			</report>
			<report>
				<misses>188600001</misses>
				<total>0</total>
				<timestamp>1854.675179</timestamp>
			</report>
			<report>
				<misses>188700001</misses>
				<total>0</total>
				<timestamp>1855.658016</timestamp>
			</report>
			<report>
				<misses>188800001</misses>
				<total>0</total>
				<timestamp>1856.645446</timestamp>
			</report>
			<report>
				<misses>188900001</misses>
				<total>0</total>
				<timestamp>1857.633857</timestamp>
			</report>
			<report>
				<misses>189000001</misses>
				<total>0</total>
				<timestamp>1858.619375</timestamp>
			</report>
			<report>
				<misses>189100001</misses>
				<total>0</total>
				<timestamp>1859.605759</timestamp>
			</report>
			<report>
				<misses>189200001</misses>
				<total>0</total>
				<timestamp>1860.597582</timestamp>
			</report>
			<report>
				<misses>189300001</misses>
				<total>0</total>
				<timestamp>1861.582966</timestamp>
			</report>
			<report>
				<misses>189400001</misses>
				<total>0</total>
				<timestamp>1862.567475</timestamp>
			</report>
			<report>
				<misses>189500001</misses>
				<total>0</total>
				<timestamp>1863.553335</timestamp>
			</report>
			<report>
				<misses>189600001</misses>
				<total>0</total>
				<timestamp>1864.536963</timestamp>
			</report>
			<report>
				<misses>189700001</misses>
				<total>0</total>
				<timestamp>1865.521209</timestamp>
			</report>
			<report>
				<misses>189800001</misses>
				<total>0</total>
				<timestamp>1866.508474</timestamp>
			</report>
			<report>
				<misses>189900001</misses>
				<total>0</total>
				<timestamp>1867.493486</timestamp>
			</report>
			<report>
				<misses>190000001</misses>
				<total>0</total>
				<timestamp>1868.479890</timestamp>
			</report>
			<report>
				<misses>190100001</misses>
				<total>0</total>
				<timestamp>1869.461188</timestamp>
			</report>
			<report>
				<misses>190200001</misses>
				<total>0</total>
				<timestamp>1870.451228</timestamp>
			</report>
			<report>
				<misses>190300001</misses>
				<total>0</total>
				<timestamp>1871.433197</timestamp>
			</report>
			<report>
				<misses>190400001</misses>
				<total>0</total>
				<timestamp>1872.416449</timestamp>
			</report>
			<report>
				<misses>190500001</misses>
				<total>0</total>
				<timestamp>1873.398770</timestamp>
			</report>
			<report>
				<misses>190600001</misses>
				<total>0</total>
				<timestamp>1874.379616</timestamp>
			</report>
			<report>
				<misses>190700001</misses>
				<total>0</total>
				<timestamp>1875.358679</timestamp>
			</report>
			<report>
				<misses>190800001</misses>
				<total>0</total>
				<timestamp>1876.338994</timestamp>
			</report>
			<report>
				<misses>190900001</misses>
				<total>0</total>
				<timestamp>1877.322487</timestamp>
			</report>
			<report>
				<misses>191000001</misses>
				<total>0</total>
				<timestamp>1878.306336</timestamp>
			</report>
			<report>
				<misses>191100001</misses>
				<total>0</total>
				<timestamp>1879.286540</timestamp>
			</report>
			<report>
				<misses>191200001</misses>
				<total>0</total>
				<timestamp>1880.269146</timestamp>
			</report>
			<report>
				<misses>191300001</misses>
				<total>0</total>
				<timestamp>1881.251880</timestamp>
			</report>
			<report>
				<misses>191400001</misses>
				<total>0</total>
				<timestamp>1882.235735</timestamp>
			</report>
			<report>
				<misses>191500001</misses>
				<total>0</total>
				<timestamp>1883.217211</timestamp>
			</report>
			<report>
				<misses>191600001</misses>
				<total>0</total>
				<timestamp>1884.199800</timestamp>
			</report>
			<report>
				<misses>191700001</misses>
				<total>0</total>
				<timestamp>1885.181892</timestamp>
			</report>
			<report>
				<misses>191800001</misses>
				<total>0</total>
				<timestamp>1886.165753</timestamp>
			</report>
			<report>
				<misses>191900001</misses>
				<total>0</total>
				<timestamp>1887.148730</timestamp>
			</report>
			<report>
				<misses>192000001</misses>
				<total>0</total>
				<timestamp>1888.132337</timestamp>
			</report>
			<report>
				<misses>192100001</misses>
				<total>0</total>
				<timestamp>1889.115603</timestamp>
			</report>
			<report>
				<misses>192200001</misses>
				<total>0</total>
				<timestamp>1890.099097</timestamp>
			</report>
			<report>
				<misses>192300001</misses>
				<total>0</total>
				<timestamp>1891.082938</timestamp>
			</report>
			<report>
				<misses>192400001</misses>
				<total>0</total>
				<timestamp>1892.068815</timestamp>
			</report>
			<report>
				<misses>192500001</misses>
				<total>0</total>
				<timestamp>1893.047993</timestamp>
			</report>
			<report>
				<misses>192600001</misses>
				<total>0</total>
				<timestamp>1894.030860</timestamp>
			</report>
			<report>
				<misses>192700001</misses>
				<total>0</total>
				<timestamp>1895.014339</timestamp>
			</report>
			<report>
				<misses>192800001</misses>
				<total>0</total>
				<timestamp>1895.996170</timestamp>
			</report>
			<report>
				<misses>192900001</misses>
				<total>0</total>
				<timestamp>1896.977136</timestamp>
			</report>
			<report>
				<misses>193000001</misses>
				<total>0</total>
				<timestamp>1897.959732</timestamp>
			</report>
			<report>
				<misses>193100001</misses>
				<total>0</total>
				<timestamp>1898.942595</timestamp>
			</report>
			<report>
				<misses>193200001</misses>
				<total>0</total>
				<timestamp>1899.925445</timestamp>
			</report>
			<report>
				<misses>193300001</misses>
				<total>0</total>
				<timestamp>1900.907151</timestamp>
			</report>
			<report>
				<misses>193400001</misses>
				<total>0</total>
				<timestamp>1901.887345</timestamp>
			</report>
			<report>
				<misses>193500001</misses>
				<total>0</total>
				<timestamp>1902.869336</timestamp>
			</report>
			<report>
				<misses>193600001</misses>
				<total>0</total>
				<timestamp>1903.850274</timestamp>
			</report>
			<report>
				<misses>193700001</misses>
				<total>0</total>
				<timestamp>1904.831111</timestamp>
			</report>
			<report>
				<misses>193800001</misses>
				<total>0</total>
				<timestamp>1905.813824</timestamp>
			</report>
			<report>
				<misses>193900001</misses>
				<total>0</total>
				<timestamp>1906.798970</timestamp>
			</report>
			<report>
				<misses>194000001</misses>
				<total>0</total>
				<timestamp>1907.783205</timestamp>
			</report>
			<report>
				<misses>194100001</misses>
				<total>0</total>
				<timestamp>1908.765942</timestamp>
			</report>
			<report>
				<misses>194200001</misses>
				<total>0</total>
				<timestamp>1909.745872</timestamp>
			</report>
			<report>
				<misses>194300001</misses>
				<total>0</total>
				<timestamp>1910.727873</timestamp>
			</report>
			<report>
				<misses>194400001</misses>
				<total>0</total>
				<timestamp>1911.710691</timestamp>
			</report>
			<report>
				<misses>194500001</misses>
				<total>0</total>
				<timestamp>1912.694171</timestamp>
			</report>
			<report>
				<misses>194600001</misses>
				<total>0</total>
				<timestamp>1913.677567</timestamp>
			</report>
			<report>
				<misses>194700001</misses>
				<total>0</total>
				<timestamp>1914.659746</timestamp>
			</report>
			<report>
				<misses>194800001</misses>
				<total>0</total>
				<timestamp>1915.643248</timestamp>
			</report>
			<report>
				<misses>194900001</misses>
				<total>0</total>
				<timestamp>1916.624837</timestamp>
			</report>
			<report>
				<misses>195000001</misses>
				<total>0</total>
				<timestamp>1917.607069</timestamp>
			</report>
			<report>
				<misses>195100001</misses>
				<total>0</total>
				<timestamp>1918.590444</timestamp>
			</report>
			<report>
				<misses>195200001</misses>
				<total>0</total>
				<timestamp>1919.573922</timestamp>
			</report>
			<report>
				<misses>195300001</misses>
				<total>0</total>
				<timestamp>1920.555769</timestamp>
			</report>
			<report>
				<misses>195400001</misses>
				<total>0</total>
				<timestamp>1921.541639</timestamp>
			</report>
			<report>
				<misses>195500001</misses>
				<total>0</total>
				<timestamp>1922.522875</timestamp>
			</report>
			<report>
				<misses>195600001</misses>
				<total>0</total>
				<timestamp>1923.507235</timestamp>
			</report>
			<report>
				<misses>195700001</misses>
				<total>0</total>
				<timestamp>1924.490331</timestamp>
			</report>
			<report>
				<misses>195800001</misses>
				<total>0</total>
				<timestamp>1925.472424</timestamp>
			</report>
			<report>
				<misses>195900001</misses>
				<total>0</total>
				<timestamp>1926.454027</timestamp>
			</report>
			<report>
				<misses>196000001</misses>
				<total>0</total>
				<timestamp>1927.434226</timestamp>
			</report>
			<report>
				<misses>196100001</misses>
				<total>0</total>
				<timestamp>1928.417436</timestamp>
			</report>
			<report>
				<misses>196200001</misses>
				<total>0</total>
				<timestamp>1929.402946</timestamp>
			</report>
			<report>
				<misses>196300001</misses>
				<total>0</total>
				<timestamp>1930.384825</timestamp>
			</report>
			<report>
				<misses>196400001</misses>
				<total>0</total>
				<timestamp>1931.367154</timestamp>
			</report>
			<report>
				<misses>196500001</misses>
				<total>0</total>
				<timestamp>1932.349121</timestamp>
			</report>
			<report>
				<misses>196600001</misses>
				<total>0</total>
				<timestamp>1933.331335</timestamp>
			</report>
			<report>
				<misses>196700001</misses>
				<total>0</total>
				<timestamp>1934.315070</timestamp>
			</report>
			<report>
				<misses>196800001</misses>
				<total>0</total>
				<timestamp>1935.296672</timestamp>
			</report>
			<report>
				<misses>196900001</misses>
				<total>0</total>
				<timestamp>1936.277616</timestamp>
			</report>
			<report>
				<misses>197000001</misses>
				<total>0</total>
				<timestamp>1937.262107</timestamp>
			</report>
			<report>
				<misses>197100001</misses>
				<total>0</total>
				<timestamp>1938.244094</timestamp>
			</report>
			<report>
				<misses>197200001</misses>
				<total>0</total>
				<timestamp>1939.227930</timestamp>
			</report>
			<report>
				<misses>197300001</misses>
				<total>0</total>
				<timestamp>1940.209787</timestamp>
			</report>
			<report>
				<misses>197400001</misses>
				<total>0</total>
				<timestamp>1941.193537</timestamp>
			</report>
			<report>
				<misses>197500001</misses>
				<total>0</total>
				<timestamp>1942.173718</timestamp>
			</report>
			<report>
				<misses>197600001</misses>
				<total>0</total>
				<timestamp>1943.156947</timestamp>
			</report>
			<report>
				<misses>197700001</misses>
				<total>0</total>
				<timestamp>1944.140946</timestamp>
			</report>
			<report>
				<misses>197800001</misses>
				<total>0</total>
				<timestamp>1945.123035</timestamp>
			</report>
			<report>
				<misses>197900001</misses>
				<total>0</total>
				<timestamp>1946.103738</timestamp>
			</report>
			<report>
				<misses>198000001</misses>
				<total>0</total>
				<timestamp>1947.087362</timestamp>
			</report>
			<report>
				<misses>198100001</misses>
				<total>0</total>
				<timestamp>1948.069572</timestamp>
			</report>
			<report>
				<misses>198200001</misses>
				<total>0</total>
				<timestamp>1949.049516</timestamp>
			</report>
			<report>
				<misses>198300001</misses>
				<total>0</total>
				<timestamp>1950.033635</timestamp>
			</report>
			<report>
				<misses>198400001</misses>
				<total>0</total>
				<timestamp>1951.015855</timestamp>
			</report>
			<report>
				<misses>198500001</misses>
				<total>0</total>
				<timestamp>1951.997947</timestamp>
			</report>
			<report>
				<misses>198600001</misses>
				<total>0</total>
				<timestamp>1952.980674</timestamp>
			</report>
			<report>
				<misses>198700001</misses>
				<total>0</total>
				<timestamp>1953.960232</timestamp>
			</report>
			<report>
				<misses>198800001</misses>
				<total>0</total>
				<timestamp>1954.944859</timestamp>
			</report>
			<report>
				<misses>198900001</misses>
				<total>0</total>
				<timestamp>1955.927319</timestamp>
			</report>
			<report>
				<misses>199000001</misses>
				<total>0</total>
				<timestamp>1956.909544</timestamp>
			</report>
			<report>
				<misses>199100001</misses>
				<total>0</total>
				<timestamp>1957.890125</timestamp>
			</report>
			<report>
				<misses>199200001</misses>
				<total>0</total>
				<timestamp>1958.871762</timestamp>
			</report>
			<report>
				<misses>199300001</misses>
				<total>0</total>
				<timestamp>1959.856186</timestamp>
			</report>
			<report>
				<misses>199400001</misses>
				<total>0</total>
				<timestamp>1960.840041</timestamp>
			</report>
			<report>
				<misses>199500001</misses>
				<total>0</total>
				<timestamp>1961.819616</timestamp>
			</report>
			<report>
				<misses>199600001</misses>
				<total>0</total>
				<timestamp>1962.803626</timestamp>
			</report>
			<report>
				<misses>199700001</misses>
				<total>0</total>
				<timestamp>1963.786842</timestamp>
			</report>
			<report>
				<misses>199800001</misses>
				<total>0</total>
				<timestamp>1964.767662</timestamp>
			</report>
			<report>
				<misses>199900001</misses>
				<total>0</total>
				<timestamp>1965.750916</timestamp>
			</report>
			<report>
				<misses>200000001</misses>
				<total>0</total>
				<timestamp>1966.732985</timestamp>
			</report>
			<report>
				<misses>200100001</misses>
				<total>0</total>
				<timestamp>1967.714869</timestamp>
			</report>
			<report>
				<misses>200200001</misses>
				<total>0</total>
				<timestamp>1968.697216</timestamp>
			</report>
			<report>
				<misses>200300001</misses>
				<total>0</total>
				<timestamp>1969.678807</timestamp>
			</report>
			<report>
				<misses>200400001</misses>
				<total>0</total>
				<timestamp>1970.663406</timestamp>
			</report>
			<report>
				<misses>200500001</misses>
				<total>0</total>
				<timestamp>1971.646653</timestamp>
			</report>
			<report>
				<misses>200600001</misses>
				<total>0</total>
				<timestamp>1972.628007</timestamp>
			</report>
			<report>
				<misses>200700001</misses>
				<total>0</total>
				<timestamp>1973.611233</timestamp>
			</report>
			<report>
				<misses>200800001</misses>
				<total>0</total>
				<timestamp>1974.594960</timestamp>
			</report>
			<report>
				<misses>200900001</misses>
				<total>0</total>
				<timestamp>1975.576926</timestamp>
			</report>
			<report>
				<misses>201000001</misses>
				<total>0</total>
				<timestamp>1976.558251</timestamp>
			</report>
			<report>
				<misses>201100001</misses>
				<total>0</total>
				<timestamp>1977.542134</timestamp>
			</report>
			<report>
				<misses>201200001</misses>
				<total>0</total>
				<timestamp>1978.526879</timestamp>
			</report>
			<report>
				<misses>201300001</misses>
				<total>0</total>
				<timestamp>1979.508848</timestamp>
			</report>
			<report>
				<misses>201400001</misses>
				<total>0</total>
				<timestamp>1980.491806</timestamp>
			</report>
			<report>
				<misses>201500001</misses>
				<total>0</total>
				<timestamp>1981.474806</timestamp>
			</report>
			<report>
				<misses>201600001</misses>
				<total>0</total>
				<timestamp>1982.461318</timestamp>
			</report>
			<report>
				<misses>201700001</misses>
				<total>0</total>
				<timestamp>1983.444285</timestamp>
			</report>
			<report>
				<misses>201800001</misses>
				<total>0</total>
				<timestamp>1984.426160</timestamp>
			</report>
			<report>
				<misses>201900001</misses>
				<total>0</total>
				<timestamp>1985.410404</timestamp>
			</report>
			<report>
				<misses>202000001</misses>
				<total>0</total>
				<timestamp>1986.391362</timestamp>
			</report>
			<report>
				<misses>202100001</misses>
				<total>0</total>
				<timestamp>1987.376609</timestamp>
			</report>
			<report>
				<misses>202200001</misses>
				<total>0</total>
				<timestamp>1988.359459</timestamp>
			</report>
			<report>
				<misses>202300001</misses>
				<total>0</total>
				<timestamp>1989.343447</timestamp>
			</report>
			<report>
				<misses>202400001</misses>
				<total>0</total>
				<timestamp>1990.324036</timestamp>
			</report>
			<report>
				<misses>202500001</misses>
				<total>0</total>
				<timestamp>1991.306004</timestamp>
			</report>
			<report>
				<misses>202600001</misses>
				<total>0</total>
				<timestamp>1992.290627</timestamp>
			</report>
			<report>
				<misses>202700001</misses>
				<total>0</total>
				<timestamp>1993.271592</timestamp>
			</report>
			<report>
				<misses>202800001</misses>
				<total>0</total>
				<timestamp>1994.254928</timestamp>
			</report>
			<report>
				<misses>202900001</misses>
				<total>0</total>
				<timestamp>1995.239059</timestamp>
			</report>
			<report>
				<misses>203000001</misses>
				<total>0</total>
				<timestamp>1996.219868</timestamp>
			</report>
			<report>
				<misses>203100001</misses>
				<total>0</total>
				<timestamp>1997.202463</timestamp>
			</report>
			<report>
				<misses>203200001</misses>
				<total>0</total>
				<timestamp>1998.186475</timestamp>
			</report>
			<report>
				<misses>203300001</misses>
				<total>0</total>
				<timestamp>1999.170724</timestamp>
			</report>
			<report>
				<misses>203400001</misses>
				<total>0</total>
				<timestamp>2000.151416</timestamp>
			</report>
			<report>
				<misses>203500001</misses>
				<total>0</total>
				<timestamp>2001.134457</timestamp>
			</report>
			<report>
				<misses>203600001</misses>
				<total>0</total>
				<timestamp>2002.121457</timestamp>
			</report>
			<report>
				<misses>203700001</misses>
				<total>0</total>
				<timestamp>2003.105699</timestamp>
			</report>
			<report>
				<misses>203800001</misses>
				<total>0</total>
				<timestamp>2004.088601</timestamp>
			</report>
			<report>
				<misses>203900001</misses>
				<total>0</total>
				<timestamp>2005.071437</timestamp>
			</report>
			<report>
				<misses>204000001</misses>
				<total>0</total>
				<timestamp>2006.055854</timestamp>
			</report>
			<report>
				<misses>204100001</misses>
				<total>0</total>
				<timestamp>2007.037688</timestamp>
			</report>
			<report>
				<misses>204200001</misses>
				<total>0</total>
				<timestamp>2008.018745</timestamp>
			</report>
			<report>
				<misses>204300001</misses>
				<total>0</total>
				<timestamp>2009.001470</timestamp>
			</report>
			<report>
				<misses>204400001</misses>
				<total>0</total>
				<timestamp>2009.985222</timestamp>
			</report>
			<report>
				<misses>204500001</misses>
				<total>0</total>
				<timestamp>2010.968837</timestamp>
			</report>
			<report>
				<misses>204600001</misses>
				<total>0</total>
				<timestamp>2011.950797</timestamp>
			</report>
			<report>
				<misses>204700001</misses>
				<total>0</total>
				<timestamp>2012.935040</timestamp>
			</report>
			<report>
				<misses>204800001</misses>
				<total>0</total>
				<timestamp>2013.919046</timestamp>
			</report>
			<report>
				<misses>204900001</misses>
				<total>0</total>
				<timestamp>2014.898354</timestamp>
			</report>
			<report>
				<misses>205000001</misses>
				<total>0</total>
				<timestamp>2015.882058</timestamp>
			</report>
			<report>
				<misses>205100001</misses>
				<total>0</total>
				<timestamp>2016.865141</timestamp>
			</report>
			<report>
				<misses>205200001</misses>
				<total>0</total>
				<timestamp>2017.847986</timestamp>
			</report>
			<report>
				<misses>205300001</misses>
				<total>0</total>
				<timestamp>2018.832491</timestamp>
			</report>
			<report>
				<misses>205400001</misses>
				<total>0</total>
				<timestamp>2019.817641</timestamp>
			</report>
			<report>
				<misses>205500001</misses>
				<total>0</total>
				<timestamp>2020.802492</timestamp>
			</report>
			<report>
				<misses>205600001</misses>
				<total>0</total>
				<timestamp>2021.786759</timestamp>
			</report>
			<report>
				<misses>205700001</misses>
				<total>0</total>
				<timestamp>2022.768711</timestamp>
			</report>
			<report>
				<misses>205800001</misses>
				<total>0</total>
				<timestamp>2023.751687</timestamp>
			</report>
			<report>
				<misses>205900001</misses>
				<total>0</total>
				<timestamp>2024.737953</timestamp>
			</report>
			<report>
				<misses>206000001</misses>
				<total>0</total>
				<timestamp>2025.719655</timestamp>
			</report>
			<report>
				<misses>206100001</misses>
				<total>0</total>
				<timestamp>2026.700253</timestamp>
			</report>
			<report>
				<misses>206200001</misses>
				<total>0</total>
				<timestamp>2027.682846</timestamp>
			</report>
			<report>
				<misses>206300001</misses>
				<total>0</total>
				<timestamp>2028.664190</timestamp>
			</report>
			<report>
				<misses>206400001</misses>
				<total>0</total>
				<timestamp>2029.646527</timestamp>
			</report>
			<report>
				<misses>206500001</misses>
				<total>0</total>
				<timestamp>2030.629397</timestamp>
			</report>
			<report>
				<misses>206600001</misses>
				<total>0</total>
				<timestamp>2031.613871</timestamp>
			</report>
			<report>
				<misses>206700001</misses>
				<total>0</total>
				<timestamp>2032.598256</timestamp>
			</report>
			<report>
				<misses>206800001</misses>
				<total>0</total>
				<timestamp>2033.582122</timestamp>
			</report>
			<report>
				<misses>206900001</misses>
				<total>0</total>
				<timestamp>2034.567873</timestamp>
			</report>
			<report>
				<misses>207000001</misses>
				<total>0</total>
				<timestamp>2035.550355</timestamp>
			</report>
			<report>
				<misses>207100001</misses>
				<total>0</total>
				<timestamp>2036.534585</timestamp>
			</report>
			<report>
				<misses>207200001</misses>
				<total>0</total>
				<timestamp>2037.518955</timestamp>
			</report>
			<report>
				<misses>207300001</misses>
				<total>0</total>
				<timestamp>2038.502568</timestamp>
			</report>
			<report>
				<misses>207400001</misses>
				<total>0</total>
				<timestamp>2039.486446</timestamp>
			</report>
			<report>
				<misses>207500001</misses>
				<total>0</total>
				<timestamp>2040.466880</timestamp>
			</report>
			<report>
				<misses>207600001</misses>
				<total>0</total>
				<timestamp>2041.449607</timestamp>
			</report>
			<report>
				<misses>207700001</misses>
				<total>0</total>
				<timestamp>2042.433356</timestamp>
			</report>
			<report>
				<misses>207800001</misses>
				<total>0</total>
				<timestamp>2043.416197</timestamp>
			</report>
			<report>
				<misses>207900001</misses>
				<total>0</total>
				<timestamp>2044.398983</timestamp>
			</report>
			<report>
				<misses>208000001</misses>
				<total>0</total>
				<timestamp>2045.383502</timestamp>
			</report>
			<report>
				<misses>208100001</misses>
				<total>0</total>
				<timestamp>2046.364422</timestamp>
			</report>
			<report>
				<misses>208200001</misses>
				<total>0</total>
				<timestamp>2047.348536</timestamp>
			</report>
			<report>
				<misses>208300001</misses>
				<total>0</total>
				<timestamp>2048.334474</timestamp>
			</report>
			<report>
				<misses>208400001</misses>
				<total>0</total>
				<timestamp>2049.319366</timestamp>
			</report>
			<report>
				<misses>208500001</misses>
				<total>0</total>
				<timestamp>2050.302091</timestamp>
			</report>
			<report>
				<misses>208600001</misses>
				<total>0</total>
				<timestamp>2051.285059</timestamp>
			</report>
			<report>
				<misses>208700001</misses>
				<total>0</total>
				<timestamp>2052.269175</timestamp>
			</report>
			<report>
				<misses>208800001</misses>
				<total>0</total>
				<timestamp>2053.257482</timestamp>
			</report>
			<report>
				<misses>208900001</misses>
				<total>0</total>
				<timestamp>2054.239572</timestamp>
			</report>
			<report>
				<misses>209000001</misses>
				<total>0</total>
				<timestamp>2055.223293</timestamp>
			</report>
			<report>
				<misses>209100001</misses>
				<total>0</total>
				<timestamp>2056.203544</timestamp>
			</report>
			<report>
				<misses>209200001</misses>
				<total>0</total>
				<timestamp>2057.187412</timestamp>
			</report>
			<report>
				<misses>209300001</misses>
				<total>0</total>
				<timestamp>2058.174592</timestamp>
			</report>
			<report>
				<misses>209400001</misses>
				<total>0</total>
				<timestamp>2059.156559</timestamp>
			</report>
			<report>
				<misses>209500001</misses>
				<total>0</total>
				<timestamp>2060.138396</timestamp>
			</report>
			<report>
				<misses>209600001</misses>
				<total>0</total>
				<timestamp>2061.119977</timestamp>
			</report>
			<report>
				<misses>209700001</misses>
				<total>0</total>
				<timestamp>2062.105485</timestamp>
			</report>
			<report>
				<misses>209800001</misses>
				<total>0</total>
				<timestamp>2063.088095</timestamp>
			</report>
			<report>
				<misses>209900001</misses>
				<total>0</total>
				<timestamp>2064.068170</timestamp>
			</report>
			<report>
				<misses>210000001</misses>
				<total>0</total>
				<timestamp>2065.050520</timestamp>
			</report>
			<report>
				<misses>210100001</misses>
				<total>0</total>
				<timestamp>2066.033729</timestamp>
			</report>
			<report>
				<misses>210200001</misses>
				<total>0</total>
				<timestamp>2067.015449</timestamp>
			</report>
			<report>
				<misses>210300001</misses>
				<total>0</total>
				<timestamp>2067.997185</timestamp>
			</report>
			<report>
				<misses>210400001</misses>
				<total>0</total>
				<timestamp>2068.981325</timestamp>
			</report>
			<report>
				<misses>210500001</misses>
				<total>0</total>
				<timestamp>2069.963888</timestamp>
			</report>
			<report>
				<misses>210600001</misses>
				<total>0</total>
				<timestamp>2070.947489</timestamp>
			</report>
			<report>
				<misses>210700001</misses>
				<total>0</total>
				<timestamp>2071.933021</timestamp>
			</report>
			<report>
				<misses>210800001</misses>
				<total>0</total>
				<timestamp>2072.914610</timestamp>
			</report>
			<report>
				<misses>210900001</misses>
				<total>0</total>
				<timestamp>2073.900370</timestamp>
			</report>
			<report>
				<misses>211000001</misses>
				<total>0</total>
				<timestamp>2074.886028</timestamp>
			</report>
			<report>
				<misses>211100001</misses>
				<total>0</total>
				<timestamp>2075.868105</timestamp>
			</report>
			<report>
				<misses>211200001</misses>
				<total>0</total>
				<timestamp>2076.850559</timestamp>
			</report>
			<report>
				<misses>211300001</misses>
				<total>0</total>
				<timestamp>2077.833547</timestamp>
			</report>
			<report>
				<misses>211400001</misses>
				<total>0</total>
				<timestamp>2078.819431</timestamp>
			</report>
			<report>
				<misses>211500001</misses>
				<total>0</total>
				<timestamp>2079.806199</timestamp>
			</report>
			<report>
				<misses>211600001</misses>
				<total>0</total>
				<timestamp>2080.788169</timestamp>
			</report>
			<report>
				<misses>211700001</misses>
				<total>0</total>
				<timestamp>2081.770514</timestamp>
			</report>
			<report>
				<misses>211800001</misses>
				<total>0</total>
				<timestamp>2082.752491</timestamp>
			</report>
			<report>
				<misses>211900001</misses>
				<total>0</total>
				<timestamp>2083.734054</timestamp>
			</report>
			<report>
				<misses>212000001</misses>
				<total>0</total>
				<timestamp>2084.717940</timestamp>
			</report>
			<report>
				<misses>212100001</misses>
				<total>0</total>
				<timestamp>2085.700794</timestamp>
			</report>
			<report>
				<misses>212200001</misses>
				<total>0</total>
				<timestamp>2086.685289</timestamp>
			</report>
			<report>
				<misses>212300001</misses>
				<total>0</total>
				<timestamp>2087.670048</timestamp>
			</report>
			<report>
				<misses>212400001</misses>
				<total>0</total>
				<timestamp>2088.649610</timestamp>
			</report>
			<report>
				<misses>212500001</misses>
				<total>0</total>
				<timestamp>2089.629945</timestamp>
			</report>
			<report>
				<misses>212600001</misses>
				<total>0</total>
				<timestamp>2090.612784</timestamp>
			</report>
			<report>
				<misses>212700001</misses>
				<total>0</total>
				<timestamp>2091.596278</timestamp>
			</report>
			<report>
				<misses>212800001</misses>
				<total>0</total>
				<timestamp>2092.580399</timestamp>
			</report>
			<report>
				<misses>212900001</misses>
				<total>0</total>
				<timestamp>2093.564886</timestamp>
			</report>
			<report>
				<misses>213000001</misses>
				<total>0</total>
				<timestamp>2094.548603</timestamp>
			</report>
			<report>
				<misses>213100001</misses>
				<total>0</total>
				<timestamp>2095.529458</timestamp>
			</report>
			<report>
				<misses>213200001</misses>
				<total>0</total>
				<timestamp>2096.512177</timestamp>
			</report>
			<report>
				<misses>213300001</misses>
				<total>0</total>
				<timestamp>2097.496173</timestamp>
			</report>
			<report>
				<misses>213400001</misses>
				<total>0</total>
				<timestamp>2098.476761</timestamp>
			</report>
			<report>
				<misses>213500001</misses>
				<total>0</total>
				<timestamp>2099.460485</timestamp>
			</report>
			<report>
				<misses>213600001</misses>
				<total>0</total>
				<timestamp>2100.442954</timestamp>
			</report>
			<report>
				<misses>213700001</misses>
				<total>0</total>
				<timestamp>2101.427458</timestamp>
			</report>
			<report>
				<misses>213800001</misses>
				<total>0</total>
				<timestamp>2102.408434</timestamp>
			</report>
			<report>
				<misses>213900001</misses>
				<total>0</total>
				<timestamp>2103.392400</timestamp>
			</report>
			<report>
				<misses>214000001</misses>
				<total>0</total>
				<timestamp>2104.376277</timestamp>
			</report>
			<report>
				<misses>214100001</misses>
				<total>0</total>
				<timestamp>2105.356352</timestamp>
			</report>
			<report>
				<misses>214200001</misses>
				<total>0</total>
				<timestamp>2106.340095</timestamp>
			</report>
			<report>
				<misses>214300001</misses>
				<total>0</total>
				<timestamp>2107.320789</timestamp>
			</report>
			<report>
				<misses>214400001</misses>
				<total>0</total>
				<timestamp>2108.303645</timestamp>
			</report>
			<report>
				<misses>214500001</misses>
				<total>0</total>
				<timestamp>2109.285373</timestamp>
			</report>
			<report>
				<misses>214600001</misses>
				<total>0</total>
				<timestamp>2110.268583</timestamp>
			</report>
			<report>
				<misses>214700001</misses>
				<total>0</total>
				<timestamp>2111.252336</timestamp>
			</report>
			<report>
				<misses>214800001</misses>
				<total>0</total>
				<timestamp>2112.233153</timestamp>
			</report>
			<report>
				<misses>214900001</misses>
				<total>0</total>
				<timestamp>2113.216897</timestamp>
			</report>
			<report>
				<misses>215000001</misses>
				<total>0</total>
				<timestamp>2114.198874</timestamp>
			</report>
			<report>
				<misses>215100001</misses>
				<total>0</total>
				<timestamp>2115.180204</timestamp>
			</report>
			<report>
				<misses>215200001</misses>
				<total>0</total>
				<timestamp>2116.166842</timestamp>
			</report>
			<report>
				<misses>215300001</misses>
				<total>0</total>
				<timestamp>2117.148834</timestamp>
			</report>
			<report>
				<misses>215400001</misses>
				<total>0</total>
				<timestamp>2118.128525</timestamp>
			</report>
			<report>
				<misses>215500001</misses>
				<total>0</total>
				<timestamp>2119.110360</timestamp>
			</report>
			<report>
				<misses>215600001</misses>
				<total>0</total>
				<timestamp>2120.093846</timestamp>
			</report>
			<report>
				<misses>215700001</misses>
				<total>0</total>
				<timestamp>2121.077076</timestamp>
			</report>
			<report>
				<misses>215800001</misses>
				<total>0</total>
				<timestamp>2122.058399</timestamp>
			</report>
			<report>
				<misses>215900001</misses>
				<total>0</total>
				<timestamp>2123.041891</timestamp>
			</report>
			<report>
				<misses>216000001</misses>
				<total>0</total>
				<timestamp>2124.026287</timestamp>
			</report>
			<report>
				<misses>216100001</misses>
				<total>0</total>
				<timestamp>2125.009485</timestamp>
			</report>
			<report>
				<misses>216200001</misses>
				<total>0</total>
				<timestamp>2125.992951</timestamp>
			</report>
			<report>
				<misses>216300001</misses>
				<total>0</total>
				<timestamp>2126.972905</timestamp>
			</report>
			<report>
				<misses>216400001</misses>
				<total>0</total>
				<timestamp>2127.955244</timestamp>
			</report>
			<report>
				<misses>216500001</misses>
				<total>0</total>
				<timestamp>2128.938720</timestamp>
			</report>
			<report>
				<misses>216600001</misses>
				<total>0</total>
				<timestamp>2129.923724</timestamp>
			</report>
			<report>
				<misses>216700001</misses>
				<total>0</total>
				<timestamp>2130.907327</timestamp>
			</report>
			<report>
				<misses>216800001</misses>
				<total>0</total>
				<timestamp>2131.892334</timestamp>
			</report>
			<report>
				<misses>216900001</misses>
				<total>0</total>
				<timestamp>2132.876599</timestamp>
			</report>
			<report>
				<misses>217000001</misses>
				<total>0</total>
				<timestamp>2133.861218</timestamp>
			</report>
			<report>
				<misses>217100001</misses>
				<total>0</total>
				<timestamp>2134.842806</timestamp>
			</report>
			<report>
				<misses>217200001</misses>
				<total>0</total>
				<timestamp>2135.824250</timestamp>
			</report>
			<report>
				<misses>217300001</misses>
				<total>0</total>
				<timestamp>2136.807753</timestamp>
			</report>
			<report>
				<misses>217400001</misses>
				<total>0</total>
				<timestamp>2137.791366</timestamp>
			</report>
			<report>
				<misses>217500001</misses>
				<total>0</total>
				<timestamp>2138.777760</timestamp>
			</report>
			<report>
				<misses>217600001</misses>
				<total>0</total>
				<timestamp>2139.762249</timestamp>
			</report>
			<report>
				<misses>217700001</misses>
				<total>0</total>
				<timestamp>2140.746489</timestamp>
			</report>
			<report>
				<misses>217800001</misses>
				<total>0</total>
				<timestamp>2141.733879</timestamp>
			</report>
			<report>
				<misses>217900001</misses>
				<total>0</total>
				<timestamp>2142.715366</timestamp>
			</report>
			<report>
				<misses>218000001</misses>
				<total>0</total>
				<timestamp>2143.699088</timestamp>
			</report>
			<report>
				<misses>218100001</misses>
				<total>0</total>
				<timestamp>2144.680959</timestamp>
			</report>
			<report>
				<misses>218200001</misses>
				<total>0</total>
				<timestamp>2145.663648</timestamp>
			</report>
			<report>
				<misses>218300001</misses>
				<total>0</total>
				<timestamp>2146.648546</timestamp>
			</report>
			<report>
				<misses>218400001</misses>
				<total>0</total>
				<timestamp>2147.631387</timestamp>
			</report>
			<report>
				<misses>218500001</misses>
				<total>0</total>
				<timestamp>2148.615893</timestamp>
			</report>
			<report>
				<misses>218600001</misses>
				<total>0</total>
				<timestamp>2149.600016</timestamp>
			</report>
			<report>
				<misses>218700001</misses>
				<total>0</total>
				<timestamp>2150.581583</timestamp>
			</report>
			<report>
				<misses>218800001</misses>
				<total>0</total>
				<timestamp>2151.566198</timestamp>
			</report>
			<report>
				<misses>218900001</misses>
				<total>0</total>
				<timestamp>2152.549949</timestamp>
			</report>
			<report>
				<misses>219000001</misses>
				<total>0</total>
				<timestamp>2153.531036</timestamp>
			</report>
			<report>
				<misses>219100001</misses>
				<total>0</total>
				<timestamp>2154.512887</timestamp>
			</report>
			<report>
				<misses>219200001</misses>
				<total>0</total>
				<timestamp>2155.494448</timestamp>
			</report>
			<report>
				<misses>219300001</misses>
				<total>0</total>
				<timestamp>2156.481627</timestamp>
			</report>
			<report>
				<misses>219400001</misses>
				<total>0</total>
				<timestamp>2157.465858</timestamp>
			</report>
			<report>
				<misses>219500001</misses>
				<total>0</total>
				<timestamp>2158.449216</timestamp>
			</report>
			<report>
				<misses>219600001</misses>
				<total>0</total>
				<timestamp>2159.431705</timestamp>
			</report>
			<report>
				<misses>219700001</misses>
				<total>0</total>
				<timestamp>2160.414430</timestamp>
			</report>
			<report>
				<misses>219800001</misses>
				<total>0</total>
				<timestamp>2161.396384</timestamp>
			</report>
			<report>
				<misses>219900001</misses>
				<total>0</total>
				<timestamp>2162.381791</timestamp>
			</report>
			<report>
				<misses>220000001</misses>
				<total>0</total>
				<timestamp>2163.365264</timestamp>
			</report>
			<report>
				<misses>220100001</misses>
				<total>0</total>
				<timestamp>2164.348876</timestamp>
			</report>
			<report>
				<misses>220200001</misses>
				<total>0</total>
				<timestamp>2165.331472</timestamp>
			</report>
			<report>
				<misses>220300001</misses>
				<total>0</total>
				<timestamp>2166.314704</timestamp>
			</report>
			<report>
				<misses>220400001</misses>
				<total>0</total>
				<timestamp>2167.297937</timestamp>
			</report>
			<report>
				<misses>220500001</misses>
				<total>0</total>
				<timestamp>2168.279147</timestamp>
			</report>
			<report>
				<misses>220600001</misses>
				<total>0</total>
				<timestamp>2169.261997</timestamp>
			</report>
			<report>
				<misses>220700001</misses>
				<total>0</total>
				<timestamp>2170.244214</timestamp>
			</report>
			<report>
				<misses>220800001</misses>
				<total>0</total>
				<timestamp>2171.226678</timestamp>
			</report>
			<report>
				<misses>220900001</misses>
				<total>0</total>
				<timestamp>2172.206362</timestamp>
			</report>
			<report>
				<misses>221000001</misses>
				<total>0</total>
				<timestamp>2173.188601</timestamp>
			</report>
			<report>
				<misses>221100001</misses>
				<total>0</total>
				<timestamp>2174.168548</timestamp>
			</report>
			<report>
				<misses>221200001</misses>
				<total>0</total>
				<timestamp>2175.154063</timestamp>
			</report>
			<report>
				<misses>221300001</misses>
				<total>0</total>
				<timestamp>2176.136034</timestamp>
			</report>
			<report>
				<misses>221400001</misses>
				<total>0</total>
				<timestamp>2177.117871</timestamp>
			</report>
			<report>
				<misses>221500001</misses>
				<total>0</total>
				<timestamp>2178.101102</timestamp>
			</report>
			<report>
				<misses>221600001</misses>
				<total>0</total>
				<timestamp>2179.083057</timestamp>
			</report>
			<report>
				<misses>221700001</misses>
				<total>0</total>
				<timestamp>2180.065414</timestamp>
			</report>
			<report>
				<misses>221800001</misses>
				<total>0</total>
				<timestamp>2181.046892</timestamp>
			</report>
			<report>
				<misses>221900001</misses>
				<total>0</total>
				<timestamp>2182.032127</timestamp>
			</report>
			<report>
				<misses>222000001</misses>
				<total>0</total>
				<timestamp>2183.016758</timestamp>
			</report>
			<report>
				<misses>222100001</misses>
				<total>0</total>
				<timestamp>2184.002263</timestamp>
			</report>
			<report>
				<misses>222200001</misses>
				<total>0</total>
				<timestamp>2184.984479</timestamp>
			</report>
			<report>
				<misses>222300001</misses>
				<total>0</total>
				<timestamp>2185.967701</timestamp>
			</report>
			<report>
				<misses>222400001</misses>
				<total>0</total>
				<timestamp>2186.953106</timestamp>
			</report>
			<report>
				<misses>222500001</misses>
				<total>0</total>
				<timestamp>2187.935568</timestamp>
			</report>
			<report>
				<misses>222600001</misses>
				<total>0</total>
				<timestamp>2188.918056</timestamp>
			</report>
			<report>
				<misses>222700001</misses>
				<total>0</total>
				<timestamp>2189.899387</timestamp>
			</report>
			<report>
				<misses>222800001</misses>
				<total>0</total>
				<timestamp>2190.882869</timestamp>
			</report>
			<report>
				<misses>222900001</misses>
				<total>0</total>
				<timestamp>2191.864069</timestamp>
			</report>
			<report>
				<misses>223000001</misses>
				<total>0</total>
				<timestamp>2192.845170</timestamp>
			</report>
			<report>
				<misses>223100001</misses>
				<total>0</total>
				<timestamp>2193.828035</timestamp>
			</report>
			<report>
				<misses>223200001</misses>
				<total>0</total>
				<timestamp>2194.812042</timestamp>
			</report>
			<report>
				<misses>223300001</misses>
				<total>0</total>
				<timestamp>2195.794884</timestamp>
			</report>
			<report>
				<misses>223400001</misses>
				<total>0</total>
				<timestamp>2196.776971</timestamp>
			</report>
			<report>
				<misses>223500001</misses>
				<total>0</total>
				<timestamp>2197.759941</timestamp>
			</report>
			<report>
				<misses>223600001</misses>
				<total>0</total>
				<timestamp>2198.744202</timestamp>
			</report>
			<report>
				<misses>223700001</misses>
				<total>0</total>
				<timestamp>2199.727675</timestamp>
			</report>
			<report>
				<misses>223800001</misses>
				<total>0</total>
				<timestamp>2200.707879</timestamp>
			</report>
			<report>
				<misses>223900001</misses>
				<total>0</total>
				<timestamp>2201.687577</timestamp>
			</report>
			<report>
				<misses>224000001</misses>
				<total>0</total>
				<timestamp>2202.669418</timestamp>
			</report>
			<report>
				<misses>224100001</misses>
				<total>0</total>
				<timestamp>2203.654033</timestamp>
			</report>
			<report>
				<misses>224200001</misses>
				<total>0</total>
				<timestamp>2204.634980</timestamp>
			</report>
			<report>
				<misses>224300001</misses>
				<total>0</total>
				<timestamp>2205.615551</timestamp>
			</report>
			<report>
				<misses>224400001</misses>
				<total>0</total>
				<timestamp>2206.596278</timestamp>
			</report>
			<report>
				<misses>224500001</misses>
				<total>0</total>
				<timestamp>2207.580518</timestamp>
			</report>
			<report>
				<misses>224600001</misses>
				<total>0</total>
				<timestamp>2208.563121</timestamp>
			</report>
			<report>
				<misses>224700001</misses>
				<total>0</total>
				<timestamp>2209.546707</timestamp>
			</report>
			<report>
				<misses>224800001</misses>
				<total>0</total>
				<timestamp>2210.528170</timestamp>
			</report>
			<report>
				<misses>224900001</misses>
				<total>0</total>
				<timestamp>2211.509264</timestamp>
			</report>
			<report>
				<misses>225000001</misses>
				<total>0</total>
				<timestamp>2212.495420</timestamp>
			</report>
			<report>
				<misses>225100001</misses>
				<total>0</total>
				<timestamp>2213.476488</timestamp>
			</report>
			<report>
				<misses>225200001</misses>
				<total>0</total>
				<timestamp>2214.458597</timestamp>
			</report>
			<report>
				<misses>225300001</misses>
				<total>0</total>
				<timestamp>2215.441073</timestamp>
			</report>
			<report>
				<misses>225400001</misses>
				<total>0</total>
				<timestamp>2216.421007</timestamp>
			</report>
			<report>
				<misses>225500001</misses>
				<total>0</total>
				<timestamp>2217.405371</timestamp>
			</report>
			<report>
				<misses>225600001</misses>
				<total>0</total>
				<timestamp>2218.388853</timestamp>
			</report>
			<report>
				<misses>225700001</misses>
				<total>0</total>
				<timestamp>2219.369811</timestamp>
			</report>
			<report>
				<misses>225800001</misses>
				<total>0</total>
				<timestamp>2220.351027</timestamp>
			</report>
			<report>
				<misses>225900001</misses>
				<total>0</total>
				<timestamp>2221.335388</timestamp>
			</report>
			<report>
				<misses>226000001</misses>
				<total>0</total>
				<timestamp>2222.318870</timestamp>
			</report>
			<report>
				<misses>226100001</misses>
				<total>0</total>
				<timestamp>2223.301991</timestamp>
			</report>
			<report>
				<misses>226200001</misses>
				<total>0</total>
				<timestamp>2224.284205</timestamp>
			</report>
			<report>
				<misses>226300001</misses>
				<total>0</total>
				<timestamp>2225.264924</timestamp>
			</report>
			<report>
				<misses>226400001</misses>
				<total>0</total>
				<timestamp>2226.248902</timestamp>
			</report>
			<report>
				<misses>226500001</misses>
				<total>0</total>
				<timestamp>2227.230365</timestamp>
			</report>
			<report>
				<misses>226600001</misses>
				<total>0</total>
				<timestamp>2228.211189</timestamp>
			</report>
			<report>
				<misses>226700001</misses>
				<total>0</total>
				<timestamp>2229.193039</timestamp>
			</report>
			<report>
				<misses>226800001</misses>
				<total>0</total>
				<timestamp>2230.176553</timestamp>
			</report>
			<report>
				<misses>226900001</misses>
				<total>0</total>
				<timestamp>2231.161169</timestamp>
			</report>
			<report>
				<misses>227000001</misses>
				<total>0</total>
				<timestamp>2232.145778</timestamp>
			</report>
			<report>
				<misses>227100001</misses>
				<total>0</total>
				<timestamp>2233.129515</timestamp>
			</report>
			<report>
				<misses>227200001</misses>
				<total>0</total>
				<timestamp>2234.113474</timestamp>
			</report>
			<report>
				<misses>227300001</misses>
				<total>0</total>
				<timestamp>2235.096335</timestamp>
			</report>
			<report>
				<misses>227400001</misses>
				<total>0</total>
				<timestamp>2236.078700</timestamp>
			</report>
			<report>
				<misses>227500001</misses>
				<total>0</total>
				<timestamp>2237.059778</timestamp>
			</report>
			<report>
				<misses>227600001</misses>
				<total>0</total>
				<timestamp>2238.041507</timestamp>
			</report>
			<report>
				<misses>227700001</misses>
				<total>0</total>
				<timestamp>2239.022549</timestamp>
			</report>
			<report>
				<misses>227800001</misses>
				<total>0</total>
				<timestamp>2240.005285</timestamp>
			</report>
			<report>
				<misses>227900001</misses>
				<total>0</total>
				<timestamp>2240.987648</timestamp>
			</report>
			<report>
				<misses>228000001</misses>
				<total>0</total>
				<timestamp>2241.974929</timestamp>
			</report>
			<report>
				<misses>228100001</misses>
				<total>0</total>
				<timestamp>2242.953978</timestamp>
			</report>
			<report>
				<misses>228200001</misses>
				<total>0</total>
				<timestamp>2243.937339</timestamp>
			</report>
			<report>
				<misses>228300001</misses>
				<total>0</total>
				<timestamp>2244.920202</timestamp>
			</report>
			<report>
				<misses>228400001</misses>
				<total>0</total>
				<timestamp>2245.902169</timestamp>
			</report>
			<report>
				<misses>228500001</misses>
				<total>0</total>
				<timestamp>2246.885778</timestamp>
			</report>
			<report>
				<misses>228600001</misses>
				<total>0</total>
				<timestamp>2247.870523</timestamp>
			</report>
			<report>
				<misses>228700001</misses>
				<total>0</total>
				<timestamp>2248.852766</timestamp>
			</report>
			<report>
				<misses>228800001</misses>
				<total>0</total>
				<timestamp>2249.836752</timestamp>
			</report>
			<report>
				<misses>228900001</misses>
				<total>0</total>
				<timestamp>2250.819077</timestamp>
			</report>
			<report>
				<misses>229000001</misses>
				<total>0</total>
				<timestamp>2251.803096</timestamp>
			</report>
			<report>
				<misses>229100001</misses>
				<total>0</total>
				<timestamp>2252.787075</timestamp>
			</report>
			<report>
				<misses>229200001</misses>
				<total>0</total>
				<timestamp>2253.772714</timestamp>
			</report>
			<report>
				<misses>229300001</misses>
				<total>0</total>
				<timestamp>2254.754027</timestamp>
			</report>
			<report>
				<misses>229400001</misses>
				<total>0</total>
				<timestamp>2255.734717</timestamp>
			</report>
			<report>
				<misses>229500001</misses>
				<total>0</total>
				<timestamp>2256.717437</timestamp>
			</report>
			<report>
				<misses>229600001</misses>
				<total>0</total>
				<timestamp>2257.702183</timestamp>
			</report>
			<report>
				<misses>229700001</misses>
				<total>0</total>
				<timestamp>2258.684812</timestamp>
			</report>
			<report>
				<misses>229800001</misses>
				<total>0</total>
				<timestamp>2259.666387</timestamp>
			</report>
			<report>
				<misses>229900001</misses>
				<total>0</total>
				<timestamp>2260.648484</timestamp>
			</report>
			<report>
				<misses>230000001</misses>
				<total>0</total>
				<timestamp>2261.632094</timestamp>
			</report>
			<report>
				<misses>230100001</misses>
				<total>0</total>
				<timestamp>2262.616090</timestamp>
			</report>
			<report>
				<misses>230200001</misses>
				<total>0</total>
				<timestamp>2263.600561</timestamp>
			</report>
			<report>
				<misses>230300001</misses>
				<total>0</total>
				<timestamp>2264.584318</timestamp>
			</report>
			<report>
				<misses>230400001</misses>
				<total>0</total>
				<timestamp>2265.567902</timestamp>
			</report>
			<report>
				<misses>230500001</misses>
				<total>0</total>
				<timestamp>2266.549109</timestamp>
			</report>
			<report>
				<misses>230600001</misses>
				<total>0</total>
				<timestamp>2267.533880</timestamp>
			</report>
			<report>
				<misses>230700001</misses>
				<total>0</total>
				<timestamp>2268.516102</timestamp>
			</report>
			<report>
				<misses>230800001</misses>
				<total>0</total>
				<timestamp>2269.499331</timestamp>
			</report>
			<report>
				<misses>230900001</misses>
				<total>0</total>
				<timestamp>2270.481404</timestamp>
			</report>
			<report>
				<misses>231000001</misses>
				<total>0</total>
				<timestamp>2271.463855</timestamp>
			</report>
			<report>
				<misses>231100001</misses>
				<total>0</total>
				<timestamp>2272.448588</timestamp>
			</report>
			<report>
				<misses>231200001</misses>
				<total>0</total>
				<timestamp>2273.429197</timestamp>
			</report>
			<report>
				<misses>231300001</misses>
				<total>0</total>
				<timestamp>2274.411029</timestamp>
			</report>
			<report>
				<misses>231400001</misses>
				<total>0</total>
				<timestamp>2275.394112</timestamp>
			</report>
			<report>
				<misses>231500001</misses>
				<total>0</total>
				<timestamp>2276.378828</timestamp>
			</report>
			<report>
				<misses>231600001</misses>
				<total>0</total>
				<timestamp>2277.359905</timestamp>
			</report>
			<report>
				<misses>231700001</misses>
				<total>0</total>
				<timestamp>2278.343512</timestamp>
			</report>
			<report>
				<misses>231800001</misses>
				<total>0</total>
				<timestamp>2279.326998</timestamp>
			</report>
			<report>
				<misses>231900001</misses>
				<total>0</total>
				<timestamp>2280.308477</timestamp>
			</report>
			<report>
				<misses>232000001</misses>
				<total>0</total>
				<timestamp>2281.292359</timestamp>
			</report>
			<report>
				<misses>232100001</misses>
				<total>0</total>
				<timestamp>2282.278085</timestamp>
			</report>
			<report>
				<misses>232200001</misses>
				<total>0</total>
				<timestamp>2283.260956</timestamp>
			</report>
			<report>
				<misses>232300001</misses>
				<total>0</total>
				<timestamp>2284.246205</timestamp>
			</report>
			<report>
				<misses>232400001</misses>
				<total>0</total>
				<timestamp>2285.228167</timestamp>
			</report>
			<report>
				<misses>232500001</misses>
				<total>0</total>
				<timestamp>2286.213175</timestamp>
			</report>
			<report>
				<misses>232600001</misses>
				<total>0</total>
				<timestamp>2287.195907</timestamp>
			</report>
			<report>
				<misses>232700001</misses>
				<total>0</total>
				<timestamp>2288.180509</timestamp>
			</report>
			<report>
				<misses>232800001</misses>
				<total>0</total>
				<timestamp>2289.162678</timestamp>
			</report>
			<report>
				<misses>232900001</misses>
				<total>0</total>
				<timestamp>2290.146682</timestamp>
			</report>
			<report>
				<misses>233000001</misses>
				<total>0</total>
				<timestamp>2291.134344</timestamp>
			</report>
			<report>
				<misses>233100001</misses>
				<total>0</total>
				<timestamp>2292.116040</timestamp>
			</report>
			<report>
				<misses>233200001</misses>
				<total>0</total>
				<timestamp>2293.100915</timestamp>
			</report>
			<report>
				<misses>233300001</misses>
				<total>0</total>
				<timestamp>2294.085938</timestamp>
			</report>
			<report>
				<misses>233400001</misses>
				<total>0</total>
				<timestamp>2295.072833</timestamp>
			</report>
			<report>
				<misses>233500001</misses>
				<total>0</total>
				<timestamp>2296.055944</timestamp>
			</report>
			<report>
				<misses>233600001</misses>
				<total>0</total>
				<timestamp>2297.039933</timestamp>
			</report>
			<report>
				<misses>233700001</misses>
				<total>0</total>
				<timestamp>2298.024095</timestamp>
			</report>
			<report>
				<misses>233800001</misses>
				<total>0</total>
				<timestamp>2299.005680</timestamp>
			</report>
			<report>
				<misses>233900001</misses>
				<total>0</total>
				<timestamp>2299.986886</timestamp>
			</report>
			<report>
				<misses>234000001</misses>
				<total>0</total>
				<timestamp>2300.971385</timestamp>
			</report>
			<report>
				<misses>234100001</misses>
				<total>0</total>
				<timestamp>2301.957023</timestamp>
			</report>
			<report>
				<misses>234200001</misses>
				<total>0</total>
				<timestamp>2302.937727</timestamp>
			</report>
			<report>
				<misses>234300001</misses>
				<total>0</total>
				<timestamp>2303.919960</timestamp>
			</report>
			<report>
				<misses>234400001</misses>
				<total>0</total>
				<timestamp>2304.900509</timestamp>
			</report>
			<report>
				<misses>234500001</misses>
				<total>0</total>
				<timestamp>2305.883508</timestamp>
			</report>
			<report>
				<misses>234600001</misses>
				<total>0</total>
				<timestamp>2306.865716</timestamp>
			</report>
			<report>
				<misses>234700001</misses>
				<total>0</total>
				<timestamp>2307.854393</timestamp>
			</report>
			<report>
				<misses>234800001</misses>
				<total>0</total>
				<timestamp>2308.840275</timestamp>
			</report>
			<report>
				<misses>234900001</misses>
				<total>0</total>
				<timestamp>2309.820111</timestamp>
			</report>
			<report>
				<misses>235000001</misses>
				<total>0</total>
				<timestamp>2310.800404</timestamp>
			</report>
			<report>
				<misses>235100001</misses>
				<total>0</total>
				<timestamp>2311.781760</timestamp>
			</report>
			<report>
				<misses>235200001</misses>
				<total>0</total>
				<timestamp>2312.765376</timestamp>
			</report>
			<report>
				<misses>235300001</misses>
				<total>0</total>
				<timestamp>2313.747335</timestamp>
			</report>
			<report>
				<misses>235400001</misses>
				<total>0</total>
				<timestamp>2314.730938</timestamp>
			</report>
			<report>
				<misses>235500001</misses>
				<total>0</total>
				<timestamp>2315.714559</timestamp>
			</report>
			<report>
				<misses>235600001</misses>
				<total>0</total>
				<timestamp>2316.695392</timestamp>
			</report>
			<report>
				<misses>235700001</misses>
				<total>0</total>
				<timestamp>2317.677221</timestamp>
			</report>
			<report>
				<misses>235800001</misses>
				<total>0</total>
				<timestamp>2318.660088</timestamp>
			</report>
			<report>
				<misses>235900001</misses>
				<total>0</total>
				<timestamp>2319.641944</timestamp>
			</report>
			<report>
				<misses>236000001</misses>
				<total>0</total>
				<timestamp>2320.624265</timestamp>
			</report>
			<report>
				<misses>236100001</misses>
				<total>0</total>
				<timestamp>2321.606743</timestamp>
			</report>
			<report>
				<misses>236200001</misses>
				<total>0</total>
				<timestamp>2322.589735</timestamp>
			</report>
			<report>
				<misses>236300001</misses>
				<total>0</total>
				<timestamp>2323.574341</timestamp>
			</report>
			<report>
				<misses>236400001</misses>
				<total>0</total>
				<timestamp>2324.557200</timestamp>
			</report>
			<report>
				<misses>236500001</misses>
				<total>0</total>
				<timestamp>2325.536898</timestamp>
			</report>
			<report>
				<misses>236600001</misses>
				<total>0</total>
				<timestamp>2326.521398</timestamp>
			</report>
			<report>
				<misses>236700001</misses>
				<total>0</total>
				<timestamp>2327.501983</timestamp>
			</report>
			<report>
				<misses>236800001</misses>
				<total>0</total>
				<timestamp>2328.484182</timestamp>
			</report>
			<report>
				<misses>236900001</misses>
				<total>0</total>
				<timestamp>2329.467167</timestamp>
			</report>
			<report>
				<misses>237000001</misses>
				<total>0</total>
				<timestamp>2330.450030</timestamp>
			</report>
			<report>
				<misses>237100001</misses>
				<total>0</total>
				<timestamp>2331.434400</timestamp>
			</report>
			<report>
				<misses>237200001</misses>
				<total>0</total>
				<timestamp>2332.415339</timestamp>
			</report>
			<report>
				<misses>237300001</misses>
				<total>0</total>
				<timestamp>2333.398961</timestamp>
			</report>
			<report>
				<misses>237400001</misses>
				<total>0</total>
				<timestamp>2334.380934</timestamp>
			</report>
			<report>
				<misses>237500001</misses>
				<total>0</total>
				<timestamp>2335.361138</timestamp>
			</report>
			<report>
				<misses>237600001</misses>
				<total>0</total>
				<timestamp>2336.344611</timestamp>
			</report>
			<report>
				<misses>237700001</misses>
				<total>0</total>
				<timestamp>2337.325819</timestamp>
			</report>
			<report>
				<misses>237800001</misses>
				<total>0</total>
				<timestamp>2338.307287</timestamp>
			</report>
			<report>
				<misses>237900001</misses>
				<total>0</total>
				<timestamp>2339.288491</timestamp>
			</report>
			<report>
				<misses>238000001</misses>
				<total>0</total>
				<timestamp>2340.271739</timestamp>
			</report>
			<report>
				<misses>238100001</misses>
				<total>0</total>
				<timestamp>2341.254710</timestamp>
			</report>
			<report>
				<misses>238200001</misses>
				<total>0</total>
				<timestamp>2342.239577</timestamp>
			</report>
			<report>
				<misses>238300001</misses>
				<total>0</total>
				<timestamp>2343.221683</timestamp>
			</report>
			<report>
				<misses>238400001</misses>
				<total>0</total>
				<timestamp>2344.203273</timestamp>
			</report>
			<report>
				<misses>238500001</misses>
				<total>0</total>
				<timestamp>2345.185359</timestamp>
			</report>
			<report>
				<misses>238600001</misses>
				<total>0</total>
				<timestamp>2346.169093</timestamp>
			</report>
			<report>
				<misses>238700001</misses>
				<total>0</total>
				<timestamp>2347.153338</timestamp>
			</report>
			<report>
				<misses>238800001</misses>
				<total>0</total>
				<timestamp>2348.136817</timestamp>
			</report>
			<report>
				<misses>238900001</misses>
				<total>0</total>
				<timestamp>2349.117907</timestamp>
			</report>
			<report>
				<misses>239000001</misses>
				<total>0</total>
				<timestamp>2350.102196</timestamp>
			</report>
			<report>
				<misses>239100001</misses>
				<total>0</total>
				<timestamp>2351.085817</timestamp>
			</report>
			<report>
				<misses>239200001</misses>
				<total>0</total>
				<timestamp>2352.069703</timestamp>
			</report>
			<report>
				<misses>239300001</misses>
				<total>0</total>
				<timestamp>2353.051396</timestamp>
			</report>
			<report>
				<misses>239400001</misses>
				<total>0</total>
				<timestamp>2354.033364</timestamp>
			</report>
			<report>
				<misses>239500001</misses>
				<total>0</total>
				<timestamp>2355.015830</timestamp>
			</report>
			<report>
				<misses>239600001</misses>
				<total>0</total>
				<timestamp>2356.000722</timestamp>
			</report>
			<report>
				<misses>239700001</misses>
				<total>0</total>
				<timestamp>2356.981415</timestamp>
			</report>
			<report>
				<misses>239800001</misses>
				<total>0</total>
				<timestamp>2357.963649</timestamp>
			</report>
			<report>
				<misses>239900001</misses>
				<total>0</total>
				<timestamp>2358.944721</timestamp>
			</report>
			<report>
				<misses>240000001</misses>
				<total>0</total>
				<timestamp>2359.926422</timestamp>
			</report>
			<report>
				<misses>240100001</misses>
				<total>0</total>
				<timestamp>2360.906746</timestamp>
			</report>
			<report>
				<misses>240200001</misses>
				<total>0</total>
				<timestamp>2361.888967</timestamp>
			</report>
			<report>
				<misses>240300001</misses>
				<total>0</total>
				<timestamp>2362.872877</timestamp>
			</report>
			<report>
				<misses>240400001</misses>
				<total>0</total>
				<timestamp>2363.852940</timestamp>
			</report>
			<report>
				<misses>240500001</misses>
				<total>0</total>
				<timestamp>2364.837168</timestamp>
			</report>
			<report>
				<misses>240600001</misses>
				<total>0</total>
				<timestamp>2365.819026</timestamp>
			</report>
			<report>
				<misses>240700001</misses>
				<total>0</total>
				<timestamp>2366.803269</timestamp>
			</report>
			<report>
				<misses>240800001</misses>
				<total>0</total>
				<timestamp>2367.788774</timestamp>
			</report>
			<report>
				<misses>240900001</misses>
				<total>0</total>
				<timestamp>2368.771486</timestamp>
			</report>
			<report>
				<misses>241000001</misses>
				<total>0</total>
				<timestamp>2369.751944</timestamp>
			</report>
			<report>
				<misses>241100001</misses>
				<total>0</total>
				<timestamp>2370.733666</timestamp>
			</report>
			<report>
				<misses>241200001</misses>
				<total>0</total>
				<timestamp>2371.715998</timestamp>
			</report>
			<report>
				<misses>241300001</misses>
				<total>0</total>
				<timestamp>2372.698982</timestamp>
			</report>
			<report>
				<misses>241400001</misses>
				<total>0</total>
				<timestamp>2373.682473</timestamp>
			</report>
			<report>
				<misses>241500001</misses>
				<total>0</total>
				<timestamp>2374.663929</timestamp>
			</report>
			<report>
				<misses>241600001</misses>
				<total>0</total>
				<timestamp>2375.646909</timestamp>
			</report>
			<report>
				<misses>241700001</misses>
				<total>0</total>
				<timestamp>2376.630137</timestamp>
			</report>
			<report>
				<misses>241800001</misses>
				<total>0</total>
				<timestamp>2377.613744</timestamp>
			</report>
			<report>
				<misses>241900001</misses>
				<total>0</total>
				<timestamp>2378.596626</timestamp>
			</report>
			<report>
				<misses>242000001</misses>
				<total>0</total>
				<timestamp>2379.578704</timestamp>
			</report>
			<report>
				<misses>242100001</misses>
				<total>0</total>
				<timestamp>2380.562093</timestamp>
			</report>
			<report>
				<misses>242200001</misses>
				<total>0</total>
				<timestamp>2381.545556</timestamp>
			</report>
			<report>
				<misses>242300001</misses>
				<total>0</total>
				<timestamp>2382.527652</timestamp>
			</report>
			<report>
				<misses>242400001</misses>
				<total>0</total>
				<timestamp>2383.510114</timestamp>
			</report>
			<report>
				<misses>242500001</misses>
				<total>0</total>
				<timestamp>2384.491695</timestamp>
			</report>
			<report>
				<misses>242600001</misses>
				<total>0</total>
				<timestamp>2385.475440</timestamp>
			</report>
			<report>
				<misses>242700001</misses>
				<total>0</total>
				<timestamp>2386.459952</timestamp>
			</report>
			<report>
				<misses>242800001</misses>
				<total>0</total>
				<timestamp>2387.443199</timestamp>
			</report>
			<report>
				<misses>242900001</misses>
				<total>0</total>
				<timestamp>2388.426666</timestamp>
			</report>
			<report>
				<misses>243000001</misses>
				<total>0</total>
				<timestamp>2389.411265</timestamp>
			</report>
			<report>
				<misses>243100001</misses>
				<total>0</total>
				<timestamp>2390.393505</timestamp>
			</report>
			<report>
				<misses>243200001</misses>
				<total>0</total>
				<timestamp>2391.376863</timestamp>
			</report>
			<report>
				<misses>243300001</misses>
				<total>0</total>
				<timestamp>2392.360729</timestamp>
			</report>
			<report>
				<misses>243400001</misses>
				<total>0</total>
				<timestamp>2393.341292</timestamp>
			</report>
			<report>
				<misses>243500001</misses>
				<total>0</total>
				<timestamp>2394.323906</timestamp>
			</report>
			<report>
				<misses>243600001</misses>
				<total>0</total>
				<timestamp>2395.304097</timestamp>
			</report>
			<report>
				<misses>243700001</misses>
				<total>0</total>
				<timestamp>2396.286427</timestamp>
			</report>
			<report>
				<misses>243800001</misses>
				<total>0</total>
				<timestamp>2397.267117</timestamp>
			</report>
			<report>
				<misses>243900001</misses>
				<total>0</total>
				<timestamp>2398.249720</timestamp>
			</report>
			<report>
				<misses>244000001</misses>
				<total>0</total>
				<timestamp>2399.232193</timestamp>
			</report>
			<report>
				<misses>244100001</misses>
				<total>0</total>
				<timestamp>2400.214425</timestamp>
			</report>
			<report>
				<misses>244200001</misses>
				<total>0</total>
				<timestamp>2401.196376</timestamp>
			</report>
			<report>
				<misses>244300001</misses>
				<total>0</total>
				<timestamp>2402.179750</timestamp>
			</report>
			<report>
				<misses>244400001</misses>
				<total>0</total>
				<timestamp>2403.162988</timestamp>
			</report>
			<report>
				<misses>244500001</misses>
				<total>0</total>
				<timestamp>2404.146331</timestamp>
			</report>
			<report>
				<misses>244600001</misses>
				<total>0</total>
				<timestamp>2405.129312</timestamp>
			</report>
			<report>
				<misses>244700001</misses>
				<total>0</total>
				<timestamp>2406.112282</timestamp>
			</report>
			<report>
				<misses>244800001</misses>
				<total>0</total>
				<timestamp>2407.096416</timestamp>
			</report>
			<report>
				<misses>244900001</misses>
				<total>0</total>
				<timestamp>2408.079259</timestamp>
			</report>
			<report>
				<misses>245000001</misses>
				<total>0</total>
				<timestamp>2409.064763</timestamp>
			</report>
			<report>
				<misses>245100001</misses>
				<total>0</total>
				<timestamp>2410.047499</timestamp>
			</report>
			<report>
				<misses>245200001</misses>
				<total>0</total>
				<timestamp>2411.029595</timestamp>
			</report>
			<report>
				<misses>245300001</misses>
				<total>0</total>
				<timestamp>2412.010550</timestamp>
			</report>
			<report>
				<misses>245400001</misses>
				<total>0</total>
				<timestamp>2412.992376</timestamp>
			</report>
			<report>
				<misses>245500001</misses>
				<total>0</total>
				<timestamp>2413.974371</timestamp>
			</report>
			<report>
				<misses>245600001</misses>
				<total>0</total>
				<timestamp>2414.958351</timestamp>
			</report>
			<report>
				<misses>245700001</misses>
				<total>0</total>
				<timestamp>2415.943467</timestamp>
			</report>
			<report>
				<misses>245800001</misses>
				<total>0</total>
				<timestamp>2416.928982</timestamp>
			</report>
			<report>
				<misses>245900001</misses>
				<total>0</total>
				<timestamp>2417.911710</timestamp>
			</report>
			<report>
				<misses>246000001</misses>
				<total>0</total>
				<timestamp>2418.893049</timestamp>
			</report>
			<report>
				<misses>246100001</misses>
				<total>0</total>
				<timestamp>2419.872864</timestamp>
			</report>
			<report>
				<misses>246200001</misses>
				<total>0</total>
				<timestamp>2420.855964</timestamp>
			</report>
			<report>
				<misses>246300001</misses>
				<total>0</total>
				<timestamp>2421.837180</timestamp>
			</report>
			<report>
				<misses>246400001</misses>
				<total>0</total>
				<timestamp>2422.821054</timestamp>
			</report>
			<report>
				<misses>246500001</misses>
				<total>0</total>
				<timestamp>2423.803662</timestamp>
			</report>
			<report>
				<misses>246600001</misses>
				<total>0</total>
				<timestamp>2424.787501</timestamp>
			</report>
			<report>
				<misses>246700001</misses>
				<total>0</total>
				<timestamp>2425.770622</timestamp>
			</report>
			<report>
				<misses>246800001</misses>
				<total>0</total>
				<timestamp>2426.756873</timestamp>
			</report>
			<report>
				<misses>246900001</misses>
				<total>0</total>
				<timestamp>2427.738975</timestamp>
			</report>
			<report>
				<misses>247000001</misses>
				<total>0</total>
				<timestamp>2428.721695</timestamp>
			</report>
			<report>
				<misses>247100001</misses>
				<total>0</total>
				<timestamp>2429.704624</timestamp>
			</report>
			<report>
				<misses>247200001</misses>
				<total>0</total>
				<timestamp>2430.688219</timestamp>
			</report>
			<report>
				<misses>247300001</misses>
				<total>0</total>
				<timestamp>2431.673052</timestamp>
			</report>
			<report>
				<misses>247400001</misses>
				<total>0</total>
				<timestamp>2432.656029</timestamp>
			</report>
			<report>
				<misses>247500001</misses>
				<total>0</total>
				<timestamp>2433.638618</timestamp>
			</report>
			<report>
				<misses>247600001</misses>
				<total>0</total>
				<timestamp>2434.623109</timestamp>
			</report>
			<report>
				<misses>247700001</misses>
				<total>0</total>
				<timestamp>2435.606960</timestamp>
			</report>
			<report>
				<misses>247800001</misses>
				<total>0</total>
				<timestamp>2436.591800</timestamp>
			</report>
			<report>
				<misses>247900001</misses>
				<total>0</total>
				<timestamp>2437.573579</timestamp>
			</report>
			<report>
				<misses>248000001</misses>
				<total>0</total>
				<timestamp>2438.556696</timestamp>
			</report>
			<report>
				<misses>248100001</misses>
				<total>0</total>
				<timestamp>2439.539520</timestamp>
			</report>
			<report>
				<misses>248200001</misses>
				<total>0</total>
				<timestamp>2440.520050</timestamp>
			</report>
			<report>
				<misses>248300001</misses>
				<total>0</total>
				<timestamp>2441.502274</timestamp>
			</report>
			<report>
				<misses>248400001</misses>
				<total>0</total>
				<timestamp>2442.486387</timestamp>
			</report>
			<report>
				<misses>248500001</misses>
				<total>0</total>
				<timestamp>2443.470394</timestamp>
			</report>
			<report>
				<misses>248600001</misses>
				<total>0</total>
				<timestamp>2444.453500</timestamp>
			</report>
			<report>
				<misses>248700001</misses>
				<total>0</total>
				<timestamp>2445.435952</timestamp>
			</report>
			<report>
				<misses>248800001</misses>
				<total>0</total>
				<timestamp>2446.420471</timestamp>
			</report>
			<report>
				<misses>248900001</misses>
				<total>0</total>
				<timestamp>2447.402689</timestamp>
			</report>
			<report>
				<misses>249000001</misses>
				<total>0</total>
				<timestamp>2448.383518</timestamp>
			</report>
			<report>
				<misses>249100001</misses>
				<total>0</total>
				<timestamp>2449.366126</timestamp>
			</report>
			<report>
				<misses>249200001</misses>
				<total>0</total>
				<timestamp>2450.346559</timestamp>
			</report>
			<report>
				<misses>249300001</misses>
				<total>0</total>
				<timestamp>2451.328917</timestamp>
			</report>
			<report>
				<misses>249400001</misses>
				<total>0</total>
				<timestamp>2452.311123</timestamp>
			</report>
			<report>
				<misses>249500001</misses>
				<total>0</total>
				<timestamp>2453.297273</timestamp>
			</report>
			<report>
				<misses>249600001</misses>
				<total>0</total>
				<timestamp>2454.279372</timestamp>
			</report>
			<report>
				<misses>249700001</misses>
				<total>0</total>
				<timestamp>2455.262601</timestamp>
			</report>
			<report>
				<misses>249800001</misses>
				<total>0</total>
				<timestamp>2456.245568</timestamp>
			</report>
			<report>
				<misses>249900001</misses>
				<total>0</total>
				<timestamp>2457.230332</timestamp>
			</report>
			<report>
				<misses>250000001</misses>
				<total>0</total>
				<timestamp>2458.214310</timestamp>
			</report>
			<report>
				<misses>250100001</misses>
				<total>0</total>
				<timestamp>2459.196915</timestamp>
			</report>
			<report>
				<misses>250200001</misses>
				<total>0</total>
				<timestamp>2460.179510</timestamp>
			</report>
			<report>
				<misses>250300001</misses>
				<total>0</total>
				<timestamp>2461.162371</timestamp>
			</report>
			<report>
				<misses>250400001</misses>
				<total>0</total>
				<timestamp>2462.145732</timestamp>
			</report>
			<report>
				<misses>250500001</misses>
				<total>0</total>
				<timestamp>2463.130473</timestamp>
			</report>
			<report>
				<misses>250600001</misses>
				<total>0</total>
				<timestamp>2464.114614</timestamp>
			</report>
			<report>
				<misses>250700001</misses>
				<total>0</total>
				<timestamp>2465.096678</timestamp>
			</report>
			<report>
				<misses>250800001</misses>
				<total>0</total>
				<timestamp>2466.079662</timestamp>
			</report>
			<report>
				<misses>250900001</misses>
				<total>0</total>
				<timestamp>2467.062651</timestamp>
			</report>
			<report>
				<misses>251000001</misses>
				<total>0</total>
				<timestamp>2468.044618</timestamp>
			</report>
			<report>
				<misses>251100001</misses>
				<total>0</total>
				<timestamp>2469.027348</timestamp>
			</report>
			<report>
				<misses>251200001</misses>
				<total>0</total>
				<timestamp>2470.009674</timestamp>
			</report>
			<report>
				<misses>251300001</misses>
				<total>0</total>
				<timestamp>2470.989387</timestamp>
			</report>
			<report>
				<misses>251400001</misses>
				<total>0</total>
				<timestamp>2471.972343</timestamp>
			</report>
			<report>
				<misses>251500001</misses>
				<total>0</total>
				<timestamp>2472.952798</timestamp>
			</report>
			<report>
				<misses>251600001</misses>
				<total>0</total>
				<timestamp>2473.935410</timestamp>
			</report>
			<report>
				<misses>251700001</misses>
				<total>0</total>
				<timestamp>2474.918247</timestamp>
			</report>
			<report>
				<misses>251800001</misses>
				<total>0</total>
				<timestamp>2475.900089</timestamp>
			</report>
			<report>
				<misses>251900001</misses>
				<total>0</total>
				<timestamp>2476.882687</timestamp>
			</report>
			<report>
				<misses>252000001</misses>
				<total>0</total>
				<timestamp>2477.870100</timestamp>
			</report>
			<report>
				<misses>252100001</misses>
				<total>0</total>
				<timestamp>2478.851441</timestamp>
			</report>
			<report>
				<misses>252200001</misses>
				<total>0</total>
				<timestamp>2479.838602</timestamp>
			</report>
			<report>
				<misses>252300001</misses>
				<total>0</total>
				<timestamp>2480.821312</timestamp>
			</report>
			<report>
				<misses>252400001</misses>
				<total>0</total>
				<timestamp>2481.803920</timestamp>
			</report>
			<report>
				<misses>252500001</misses>
				<total>0</total>
				<timestamp>2482.788277</timestamp>
			</report>
			<report>
				<misses>252600001</misses>
				<total>0</total>
				<timestamp>2483.770890</timestamp>
			</report>
			<report>
				<misses>252700001</misses>
				<total>0</total>
				<timestamp>2484.754111</timestamp>
			</report>
			<report>
				<misses>252800001</misses>
				<total>0</total>
				<timestamp>2485.740381</timestamp>
			</report>
			<report>
				<misses>252900001</misses>
				<total>0</total>
				<timestamp>2486.726668</timestamp>
			</report>
			<report>
				<misses>253000001</misses>
				<total>0</total>
				<timestamp>2487.706732</timestamp>
			</report>
			<report>
				<misses>253100001</misses>
				<total>0</total>
				<timestamp>2488.689201</timestamp>
			</report>
			<report>
				<misses>253200001</misses>
				<total>0</total>
				<timestamp>2489.673314</timestamp>
			</report>
			<report>
				<misses>253300001</misses>
				<total>0</total>
				<timestamp>2490.655144</timestamp>
			</report>
			<report>
				<misses>253400001</misses>
				<total>0</total>
				<timestamp>2491.641938</timestamp>
			</report>
			<report>
				<misses>253500001</misses>
				<total>0</total>
				<timestamp>2492.627101</timestamp>
			</report>
			<report>
				<misses>253600001</misses>
				<total>0</total>
				<timestamp>2493.608824</timestamp>
			</report>
			<report>
				<misses>253700001</misses>
				<total>0</total>
				<timestamp>2494.590282</timestamp>
			</report>
			<report>
				<misses>253800001</misses>
				<total>0</total>
				<timestamp>2495.573247</timestamp>
			</report>
			<report>
				<misses>253900001</misses>
				<total>0</total>
				<timestamp>2496.554557</timestamp>
			</report>
			<report>
				<misses>254000001</misses>
				<total>0</total>
				<timestamp>2497.538538</timestamp>
			</report>
			<report>
				<misses>254100001</misses>
				<total>0</total>
				<timestamp>2498.521019</timestamp>
			</report>
			<report>
				<misses>254200001</misses>
				<total>0</total>
				<timestamp>2499.505754</timestamp>
			</report>
			<report>
				<misses>254300001</misses>
				<total>0</total>
				<timestamp>2500.485056</timestamp>
			</report>
			<report>
				<misses>254400001</misses>
				<total>0</total>
				<timestamp>2501.467389</timestamp>
			</report>
			<report>
				<misses>254500001</misses>
				<total>0</total>
				<timestamp>2502.447582</timestamp>
			</report>
			<report>
				<misses>254600001</misses>
				<total>0</total>
				<timestamp>2503.429428</timestamp>
			</report>
			<report>
				<misses>254700001</misses>
				<total>0</total>
				<timestamp>2504.411783</timestamp>
			</report>
			<report>
				<misses>254800001</misses>
				<total>0</total>
				<timestamp>2505.393365</timestamp>
			</report>
			<report>
				<misses>254900001</misses>
				<total>0</total>
				<timestamp>2506.378013</timestamp>
			</report>
			<report>
				<misses>255000001</misses>
				<total>0</total>
				<timestamp>2507.362000</timestamp>
			</report>
			<report>
				<misses>255100001</misses>
				<total>0</total>
				<timestamp>2508.344970</timestamp>
			</report>
			<report>
				<misses>255200001</misses>
				<total>0</total>
				<timestamp>2509.327314</timestamp>
			</report>
			<report>
				<misses>255300001</misses>
				<total>0</total>
				<timestamp>2510.312459</timestamp>
			</report>
			<report>
				<misses>255400001</misses>
				<total>0</total>
				<timestamp>2511.297266</timestamp>
			</report>
			<report>
				<misses>255500001</misses>
				<total>0</total>
				<timestamp>2512.277850</timestamp>
			</report>
			<report>
				<misses>255600001</misses>
				<total>0</total>
				<timestamp>2513.261959</timestamp>
			</report>
			<report>
				<misses>255700001</misses>
				<total>0</total>
				<timestamp>2514.242795</timestamp>
			</report>
			<report>
				<misses>255800001</misses>
				<total>0</total>
				<timestamp>2515.226036</timestamp>
			</report>
			<report>
				<misses>255900001</misses>
				<total>0</total>
				<timestamp>2516.208102</timestamp>
			</report>
			<report>
				<misses>256000001</misses>
				<total>0</total>
				<timestamp>2517.189063</timestamp>
			</report>
			<report>
				<misses>256100001</misses>
				<total>0</total>
				<timestamp>2518.174203</timestamp>
			</report>
			<report>
				<misses>256200001</misses>
				<total>0</total>
				<timestamp>2519.158830</timestamp>
			</report>
			<report>
				<misses>256300001</misses>
				<total>0</total>
				<timestamp>2520.142849</timestamp>
			</report>
			<report>
				<misses>256400001</misses>
				<total>0</total>
				<timestamp>2521.125668</timestamp>
			</report>
			<report>
				<misses>256500001</misses>
				<total>0</total>
				<timestamp>2522.106147</timestamp>
			</report>
			<report>
				<misses>256600001</misses>
				<total>0</total>
				<timestamp>2523.088602</timestamp>
			</report>
			<report>
				<misses>256700001</misses>
				<total>0</total>
				<timestamp>2524.075608</timestamp>
			</report>
			<report>
				<misses>256800001</misses>
				<total>0</total>
				<timestamp>2525.060885</timestamp>
			</report>
			<report>
				<misses>256900001</misses>
				<total>0</total>
				<timestamp>2526.041451</timestamp>
			</report>
			<report>
				<misses>257000001</misses>
				<total>0</total>
				<timestamp>2527.022296</timestamp>
			</report>
			<report>
				<misses>257100001</misses>
				<total>0</total>
				<timestamp>2528.002807</timestamp>
			</report>
			<report>
				<misses>257200001</misses>
				<total>0</total>
				<timestamp>2528.984283</timestamp>
			</report>
			<report>
				<misses>257300001</misses>
				<total>0</total>
				<timestamp>2529.967239</timestamp>
			</report>
			<report>
				<misses>257400001</misses>
				<total>0</total>
				<timestamp>2530.950988</timestamp>
			</report>
			<report>
				<misses>257500001</misses>
				<total>0</total>
				<timestamp>2531.934236</timestamp>
			</report>
			<report>
				<misses>257600001</misses>
				<total>0</total>
				<timestamp>2532.916208</timestamp>
			</report>
			<report>
				<misses>257700001</misses>
				<total>0</total>
				<timestamp>2533.899658</timestamp>
			</report>
			<report>
				<misses>257800001</misses>
				<total>0</total>
				<timestamp>2534.883789</timestamp>
			</report>
			<report>
				<misses>257900001</misses>
				<total>0</total>
				<timestamp>2535.867907</timestamp>
			</report>
			<report>
				<misses>258000001</misses>
				<total>0</total>
				<timestamp>2536.850368</timestamp>
			</report>
			<report>
				<misses>258100001</misses>
				<total>0</total>
				<timestamp>2537.831718</timestamp>
			</report>
			<report>
				<misses>258200001</misses>
				<total>0</total>
				<timestamp>2538.817852</timestamp>
			</report>
			<report>
				<misses>258300001</misses>
				<total>0</total>
				<timestamp>2539.800724</timestamp>
			</report>
			<report>
				<misses>258400001</misses>
				<total>0</total>
				<timestamp>2540.784324</timestamp>
			</report>
			<report>
				<misses>258500001</misses>
				<total>0</total>
				<timestamp>2541.767283</timestamp>
			</report>
			<report>
				<misses>258600001</misses>
				<total>0</total>
				<timestamp>2542.749533</timestamp>
			</report>
			<report>
				<misses>258700001</misses>
				<total>0</total>
				<timestamp>2543.730984</timestamp>
			</report>
			<report>
				<misses>258800001</misses>
				<total>0</total>
				<timestamp>2544.713337</timestamp>
			</report>
			<report>
				<misses>258900001</misses>
				<total>0</total>
				<timestamp>2545.698836</timestamp>
			</report>
			<report>
				<misses>259000001</misses>
				<total>0</total>
				<timestamp>2546.683320</timestamp>
			</report>
			<report>
				<misses>259100001</misses>
				<total>0</total>
				<timestamp>2547.665305</timestamp>
			</report>
			<report>
				<misses>259200001</misses>
				<total>0</total>
				<timestamp>2548.648786</timestamp>
			</report>
			<report>
				<misses>259300001</misses>
				<total>0</total>
				<timestamp>2549.629759</timestamp>
			</report>
			<report>
				<misses>259400001</misses>
				<total>0</total>
				<timestamp>2550.615875</timestamp>
			</report>
			<report>
				<misses>259500001</misses>
				<total>0</total>
				<timestamp>2551.599237</timestamp>
			</report>
			<report>
				<misses>259600001</misses>
				<total>0</total>
				<timestamp>2552.581834</timestamp>
			</report>
			<report>
				<misses>259700001</misses>
				<total>0</total>
				<timestamp>2553.563057</timestamp>
			</report>
			<report>
				<misses>259800001</misses>
				<total>0</total>
				<timestamp>2554.546411</timestamp>
			</report>
			<report>
				<misses>259900001</misses>
				<total>0</total>
				<timestamp>2555.526513</timestamp>
			</report>
			<report>
				<misses>260000001</misses>
				<total>0</total>
				<timestamp>2556.513144</timestamp>
			</report>
			<report>
				<misses>260100001</misses>
				<total>0</total>
				<timestamp>2557.496746</timestamp>
			</report>
			<report>
				<misses>260200001</misses>
				<total>0</total>
				<timestamp>2558.478251</timestamp>
			</report>
			<report>
				<misses>260300001</misses>
				<total>0</total>
				<timestamp>2559.459981</timestamp>
			</report>
			<report>
				<misses>260400001</misses>
				<total>0</total>
				<timestamp>2560.442202</timestamp>
			</report>
			<report>
				<misses>260500001</misses>
				<total>0</total>
				<timestamp>2561.424695</timestamp>
			</report>
			<report>
				<misses>260600001</misses>
				<total>0</total>
				<timestamp>2562.407911</timestamp>
			</report>
			<report>
				<misses>260700001</misses>
				<total>0</total>
				<timestamp>2563.390629</timestamp>
			</report>
			<report>
				<misses>260800001</misses>
				<total>0</total>
				<timestamp>2564.370975</timestamp>
			</report>
			<report>
				<misses>260900001</misses>
				<total>0</total>
				<timestamp>2565.354194</timestamp>
			</report>
			<report>
				<misses>261000001</misses>
				<total>0</total>
				<timestamp>2566.338943</timestamp>
			</report>
			<report>
				<misses>261100001</misses>
				<total>0</total>
				<timestamp>2567.321407</timestamp>
			</report>
			<report>
				<misses>261200001</misses>
				<total>0</total>
				<timestamp>2568.305027</timestamp>
			</report>
			<report>
				<misses>261300001</misses>
				<total>0</total>
				<timestamp>2569.285375</timestamp>
			</report>
			<report>
				<misses>261400001</misses>
				<total>0</total>
				<timestamp>2570.267070</timestamp>
			</report>
			<report>
				<misses>261500001</misses>
				<total>0</total>
				<timestamp>2571.250181</timestamp>
			</report>
			<report>
				<misses>261600001</misses>
				<total>0</total>
				<timestamp>2572.232130</timestamp>
			</report>
			<report>
				<misses>261700001</misses>
				<total>0</total>
				<timestamp>2573.214623</timestamp>
			</report>
			<report>
				<misses>261800001</misses>
				<total>0</total>
				<timestamp>2574.198896</timestamp>
			</report>
			<report>
				<misses>261900001</misses>
				<total>0</total>
				<timestamp>2575.183359</timestamp>
			</report>
			<report>
				<misses>262000001</misses>
				<total>0</total>
				<timestamp>2576.166063</timestamp>
			</report>
			<report>
				<misses>262100001</misses>
				<total>0</total>
				<timestamp>2577.147166</timestamp>
			</report>
			<report>
				<misses>262200001</misses>
				<total>0</total>
				<timestamp>2578.130405</timestamp>
			</report>
			<report>
				<misses>262300001</misses>
				<total>0</total>
				<timestamp>2579.113638</timestamp>
			</report>
			<report>
				<misses>262400001</misses>
				<total>0</total>
				<timestamp>2580.098632</timestamp>
			</report>
			<report>
				<misses>262500001</misses>
				<total>0</total>
				<timestamp>2581.082612</timestamp>
			</report>
			<report>
				<misses>262600001</misses>
				<total>0</total>
				<timestamp>2582.065340</timestamp>
			</report>
			<report>
				<misses>262700001</misses>
				<total>0</total>
				<timestamp>2583.050213</timestamp>
			</report>
			<report>
				<misses>262800001</misses>
				<total>0</total>
				<timestamp>2584.034256</timestamp>
			</report>
			<report>
				<misses>262900001</misses>
				<total>0</total>
				<timestamp>2585.017947</timestamp>
			</report>
			<report>
				<misses>263000001</misses>
				<total>0</total>
				<timestamp>2586.000570</timestamp>
			</report>
			<report>
				<misses>263100001</misses>
				<total>0</total>
				<timestamp>2586.985292</timestamp>
			</report>
			<report>
				<misses>263200001</misses>
				<total>0</total>
				<timestamp>2587.966517</timestamp>
			</report>
			<report>
				<misses>263300001</misses>
				<total>0</total>
				<timestamp>2588.949632</timestamp>
			</report>
			<report>
				<misses>263400001</misses>
				<total>0</total>
				<timestamp>2589.930329</timestamp>
			</report>
			<report>
				<misses>263500001</misses>
				<total>0</total>
				<timestamp>2590.910789</timestamp>
			</report>
			<report>
				<misses>263600001</misses>
				<total>0</total>
				<timestamp>2591.893875</timestamp>
			</report>
			<report>
				<misses>263700001</misses>
				<total>0</total>
				<timestamp>2592.875865</timestamp>
			</report>
			<report>
				<misses>263800001</misses>
				<total>0</total>
				<timestamp>2593.859465</timestamp>
			</report>
			<report>
				<misses>263900001</misses>
				<total>0</total>
				<timestamp>2594.843209</timestamp>
			</report>
			<report>
				<misses>264000001</misses>
				<total>0</total>
				<timestamp>2595.824031</timestamp>
			</report>
			<report>
				<misses>264100001</misses>
				<total>0</total>
				<timestamp>2596.805005</timestamp>
			</report>
			<report>
				<misses>264200001</misses>
				<total>0</total>
				<timestamp>2597.787715</timestamp>
			</report>
			<report>
				<misses>264300001</misses>
				<total>0</total>
				<timestamp>2598.770700</timestamp>
			</report>
			<report>
				<misses>264400001</misses>
				<total>0</total>
				<timestamp>2599.753299</timestamp>
			</report>
			<report>
				<misses>264500001</misses>
				<total>0</total>
				<timestamp>2600.734008</timestamp>
			</report>
			<report>
				<misses>264600001</misses>
				<total>0</total>
				<timestamp>2601.717108</timestamp>
			</report>
			<report>
				<misses>264700001</misses>
				<total>0</total>
				<timestamp>2602.699940</timestamp>
			</report>
			<report>
				<misses>264800001</misses>
				<total>0</total>
				<timestamp>2603.680155</timestamp>
			</report>
			<report>
				<misses>264900001</misses>
				<total>0</total>
				<timestamp>2604.664414</timestamp>
			</report>
			<report>
				<misses>265000001</misses>
				<total>0</total>
				<timestamp>2605.650543</timestamp>
			</report>
			<report>
				<misses>265100001</misses>
				<total>0</total>
				<timestamp>2606.636655</timestamp>
			</report>
			<report>
				<misses>265200001</misses>
				<total>0</total>
				<timestamp>2607.622302</timestamp>
			</report>
			<report>
				<misses>265300001</misses>
				<total>0</total>
				<timestamp>2608.605052</timestamp>
			</report>
			<report>
				<misses>265400001</misses>
				<total>0</total>
				<timestamp>2609.588140</timestamp>
			</report>
			<report>
				<misses>265500001</misses>
				<total>0</total>
				<timestamp>2610.571106</timestamp>
			</report>
			<report>
				<misses>265600001</misses>
				<total>0</total>
				<timestamp>2611.552579</timestamp>
			</report>
			<report>
				<misses>265700001</misses>
				<total>0</total>
				<timestamp>2612.535555</timestamp>
			</report>
			<report>
				<misses>265800001</misses>
				<total>0</total>
				<timestamp>2613.520607</timestamp>
			</report>
			<report>
				<misses>265900001</misses>
				<total>0</total>
				<timestamp>2614.502471</timestamp>
			</report>
			<report>
				<misses>266000001</misses>
				<total>0</total>
				<timestamp>2615.487095</timestamp>
			</report>
			<report>
				<misses>266100001</misses>
				<total>0</total>
				<timestamp>2616.470598</timestamp>
			</report>
			<report>
				<misses>266200001</misses>
				<total>0</total>
				<timestamp>2617.452791</timestamp>
			</report>
			<report>
				<misses>266300001</misses>
				<total>0</total>
				<timestamp>2618.434753</timestamp>
			</report>
			<report>
				<misses>266400001</misses>
				<total>0</total>
				<timestamp>2619.418995</timestamp>
			</report>
			<report>
				<misses>266500001</misses>
				<total>0</total>
				<timestamp>2620.400854</timestamp>
			</report>
			<report>
				<misses>266600001</misses>
				<total>0</total>
				<timestamp>2621.382574</timestamp>
			</report>
			<report>
				<misses>266700001</misses>
				<total>0</total>
				<timestamp>2622.366062</timestamp>
			</report>
			<report>
				<misses>266800001</misses>
				<total>0</total>
				<timestamp>2623.349542</timestamp>
			</report>
			<report>
				<misses>266900001</misses>
				<total>0</total>
				<timestamp>2624.331385</timestamp>
			</report>
			<report>
				<misses>267000001</misses>
				<total>0</total>
				<timestamp>2625.311687</timestamp>
			</report>
			<report>
				<misses>267100001</misses>
				<total>0</total>
				<timestamp>2626.294668</timestamp>
			</report>
			<report>
				<misses>267200001</misses>
				<total>0</total>
				<timestamp>2627.279297</timestamp>
			</report>
			<report>
				<misses>267300001</misses>
				<total>0</total>
				<timestamp>2628.260879</timestamp>
			</report>
			<report>
				<misses>267400001</misses>
				<total>0</total>
				<timestamp>2629.246626</timestamp>
			</report>
			<report>
				<misses>267500001</misses>
				<total>0</total>
				<timestamp>2630.230505</timestamp>
			</report>
			<report>
				<misses>267600001</misses>
				<total>0</total>
				<timestamp>2631.216394</timestamp>
			</report>
			<report>
				<misses>267700001</misses>
				<total>0</total>
				<timestamp>2632.200395</timestamp>
			</report>
			<report>
				<misses>267800001</misses>
				<total>0</total>
				<timestamp>2633.180971</timestamp>
			</report>
			<report>
				<misses>267900001</misses>
				<total>0</total>
				<timestamp>2634.168113</timestamp>
			</report>
			<report>
				<misses>268000001</misses>
				<total>0</total>
				<timestamp>2635.156531</timestamp>
			</report>
			<report>
				<misses>268100001</misses>
				<total>0</total>
				<timestamp>2636.140274</timestamp>
			</report>
			<report>
				<misses>268200001</misses>
				<total>0</total>
				<timestamp>2637.125138</timestamp>
			</report>
			<report>
				<misses>268300001</misses>
				<total>0</total>
				<timestamp>2638.106866</timestamp>
			</report>
			<report>
				<misses>268400001</misses>
				<total>0</total>
				<timestamp>2639.090211</timestamp>
			</report>
			<report>
				<misses>268500001</misses>
				<total>0</total>
				<timestamp>2640.073715</timestamp>
			</report>
			<report>
				<misses>268600001</misses>
				<total>0</total>
				<timestamp>2641.055917</timestamp>
			</report>
			<report>
				<misses>268700001</misses>
				<total>0</total>
				<timestamp>2642.037382</timestamp>
			</report>
			<report>
				<misses>268800001</misses>
				<total>0</total>
				<timestamp>2643.021495</timestamp>
			</report>
			<report>
				<misses>268900001</misses>
				<total>0</total>
				<timestamp>2644.003592</timestamp>
			</report>
			<report>
				<misses>269000001</misses>
				<total>0</total>
				<timestamp>2644.985947</timestamp>
			</report>
			<report>
				<misses>269100001</misses>
				<total>0</total>
				<timestamp>2645.966279</timestamp>
			</report>
			<report>
				<misses>269200001</misses>
				<total>0</total>
				<timestamp>2646.950891</timestamp>
			</report>
			<report>
				<misses>269300001</misses>
				<total>0</total>
				<timestamp>2647.932223</timestamp>
			</report>
			<report>
				<misses>269400001</misses>
				<total>0</total>
				<timestamp>2648.916723</timestamp>
			</report>
			<report>
				<misses>269500001</misses>
				<total>0</total>
				<timestamp>2649.903993</timestamp>
			</report>
			<report>
				<misses>269600001</misses>
				<total>0</total>
				<timestamp>2650.888769</timestamp>
			</report>
			<report>
				<misses>269700001</misses>
				<total>0</total>
				<timestamp>2651.869954</timestamp>
			</report>
			<report>
				<misses>269800001</misses>
				<total>0</total>
				<timestamp>2652.853839</timestamp>
			</report>
			<report>
				<misses>269900001</misses>
				<total>0</total>
				<timestamp>2653.835405</timestamp>
			</report>
			<report>
				<misses>270000001</misses>
				<total>0</total>
				<timestamp>2654.818031</timestamp>
			</report>
			<report>
				<misses>270100001</misses>
				<total>0</total>
				<timestamp>2655.800117</timestamp>
			</report>
			<report>
				<misses>270200001</misses>
				<total>0</total>
				<timestamp>2656.783244</timestamp>
			</report>
			<report>
				<misses>270300001</misses>
				<total>0</total>
				<timestamp>2657.765705</timestamp>
			</report>
			<report>
				<misses>270400001</misses>
				<total>0</total>
				<timestamp>2658.746761</timestamp>
			</report>
			<report>
				<misses>270500001</misses>
				<total>0</total>
				<timestamp>2659.732165</timestamp>
			</report>
			<report>
				<misses>270600001</misses>
				<total>0</total>
				<timestamp>2660.716405</timestamp>
			</report>
			<report>
				<misses>270700001</misses>
				<total>0</total>
				<timestamp>2661.697110</timestamp>
			</report>
			<report>
				<misses>270800001</misses>
				<total>0</total>
				<timestamp>2662.678060</timestamp>
			</report>
			<report>
				<misses>270900001</misses>
				<total>0</total>
				<timestamp>2663.659264</timestamp>
			</report>
			<report>
				<misses>271000001</misses>
				<total>0</total>
				<timestamp>2664.640471</timestamp>
			</report>
			<report>
				<misses>271100001</misses>
				<total>0</total>
				<timestamp>2665.625858</timestamp>
			</report>
			<report>
				<misses>271200001</misses>
				<total>0</total>
				<timestamp>2666.608847</timestamp>
			</report>
			<report>
				<misses>271300001</misses>
				<total>0</total>
				<timestamp>2667.590676</timestamp>
			</report>
			<report>
				<misses>271400001</misses>
				<total>0</total>
				<timestamp>2668.572516</timestamp>
			</report>
			<report>
				<misses>271500001</misses>
				<total>0</total>
				<timestamp>2669.558166</timestamp>
			</report>
			<report>
				<misses>271600001</misses>
				<total>0</total>
				<timestamp>2670.539127</timestamp>
			</report>
			<report>
				<misses>271700001</misses>
				<total>0</total>
				<timestamp>2671.522346</timestamp>
			</report>
			<report>
				<misses>271800001</misses>
				<total>0</total>
				<timestamp>2672.506695</timestamp>
			</report>
			<report>
				<misses>271900001</misses>
				<total>0</total>
				<timestamp>2673.488174</timestamp>
			</report>
			<report>
				<misses>272000001</misses>
				<total>0</total>
				<timestamp>2674.473818</timestamp>
			</report>
			<report>
				<misses>272100001</misses>
				<total>0</total>
				<timestamp>2675.456541</timestamp>
			</report>
			<report>
				<misses>272200001</misses>
				<total>0</total>
				<timestamp>2676.440770</timestamp>
			</report>
			<report>
				<misses>272300001</misses>
				<total>0</total>
				<timestamp>2677.423768</timestamp>
			</report>
			<report>
				<misses>272400001</misses>
				<total>0</total>
				<timestamp>2678.407996</timestamp>
			</report>
			<report>
				<misses>272500001</misses>
				<total>0</total>
				<timestamp>2679.391615</timestamp>
			</report>
			<report>
				<misses>272600001</misses>
				<total>0</total>
				<timestamp>2680.372066</timestamp>
			</report>
			<report>
				<misses>272700001</misses>
				<total>0</total>
				<timestamp>2681.352899</timestamp>
			</report>
			<report>
				<misses>272800001</misses>
				<total>0</total>
				<timestamp>2682.334359</timestamp>
			</report>
			<report>
				<misses>272900001</misses>
				<total>0</total>
				<timestamp>2683.316201</timestamp>
			</report>
			<report>
				<misses>273000001</misses>
				<total>0</total>
				<timestamp>2684.300572</timestamp>
			</report>
			<report>
				<misses>273100001</misses>
				<total>0</total>
				<timestamp>2685.280259</timestamp>
			</report>
			<report>
				<misses>273200001</misses>
				<total>0</total>
				<timestamp>2686.264242</timestamp>
			</report>
			<report>
				<misses>273300001</misses>
				<total>0</total>
				<timestamp>2687.248740</timestamp>
			</report>
			<report>
				<misses>273400001</misses>
				<total>0</total>
				<timestamp>2688.231104</timestamp>
			</report>
			<report>
				<misses>273500001</misses>
				<total>0</total>
				<timestamp>2689.213968</timestamp>
			</report>
			<report>
				<misses>273600001</misses>
				<total>0</total>
				<timestamp>2690.197821</timestamp>
			</report>
			<report>
				<misses>273700001</misses>
				<total>0</total>
				<timestamp>2691.180413</timestamp>
			</report>
			<report>
				<misses>273800001</misses>
				<total>0</total>
				<timestamp>2692.165025</timestamp>
			</report>
			<report>
				<misses>273900001</misses>
				<total>0</total>
				<timestamp>2693.146258</timestamp>
			</report>
			<report>
				<misses>274000001</misses>
				<total>0</total>
				<timestamp>2694.130623</timestamp>
			</report>
			<report>
				<misses>274100001</misses>
				<total>0</total>
				<timestamp>2695.116132</timestamp>
			</report>
			<report>
				<misses>274200001</misses>
				<total>0</total>
				<timestamp>2696.099994</timestamp>
			</report>
			<report>
				<misses>274300001</misses>
				<total>0</total>
				<timestamp>2697.080321</timestamp>
			</report>
			<report>
				<misses>274400001</misses>
				<total>0</total>
				<timestamp>2698.064065</timestamp>
			</report>
			<report>
				<misses>274500001</misses>
				<total>0</total>
				<timestamp>2699.045927</timestamp>
			</report>
			<report>
				<misses>274600001</misses>
				<total>0</total>
				<timestamp>2700.030037</timestamp>
			</report>
			<report>
				<misses>274700001</misses>
				<total>0</total>
				<timestamp>2701.016283</timestamp>
			</report>
			<report>
				<misses>274800001</misses>
				<total>0</total>
				<timestamp>2702.002400</timestamp>
			</report>
			<report>
				<misses>274900001</misses>
				<total>0</total>
				<timestamp>2702.983745</timestamp>
			</report>
			<report>
				<misses>275000001</misses>
				<total>0</total>
				<timestamp>2703.967374</timestamp>
			</report>
			<report>
				<misses>275100001</misses>
				<total>0</total>
				<timestamp>2704.948839</timestamp>
			</report>
			<report>
				<misses>275200001</misses>
				<total>0</total>
				<timestamp>2705.931665</timestamp>
			</report>
			<report>
				<misses>275300001</misses>
				<total>0</total>
				<timestamp>2706.913294</timestamp>
			</report>
			<report>
				<misses>275400001</misses>
				<total>0</total>
				<timestamp>2707.897643</timestamp>
			</report>
			<report>
				<misses>275500001</misses>
				<total>0</total>
				<timestamp>2708.880755</timestamp>
			</report>
			<report>
				<misses>275600001</misses>
				<total>0</total>
				<timestamp>2709.863487</timestamp>
			</report>
			<report>
				<misses>275700001</misses>
				<total>0</total>
				<timestamp>2710.848988</timestamp>
			</report>
			<report>
				<misses>275800001</misses>
				<total>0</total>
				<timestamp>2711.832717</timestamp>
			</report>
			<report>
				<misses>275900001</misses>
				<total>0</total>
				<timestamp>2712.815452</timestamp>
			</report>
			<report>
				<misses>276000001</misses>
				<total>0</total>
				<timestamp>2713.797547</timestamp>
			</report>
			<report>
				<misses>276100001</misses>
				<total>0</total>
				<timestamp>2714.778233</timestamp>
			</report>
			<report>
				<misses>276200001</misses>
				<total>0</total>
				<timestamp>2715.759733</timestamp>
			</report>
			<report>
				<misses>276300001</misses>
				<total>0</total>
				<timestamp>2716.743048</timestamp>
			</report>
			<report>
				<misses>276400001</misses>
				<total>0</total>
				<timestamp>2717.726813</timestamp>
			</report>
			<report>
				<misses>276500001</misses>
				<total>0</total>
				<timestamp>2718.709905</timestamp>
			</report>
			<report>
				<misses>276600001</misses>
				<total>0</total>
				<timestamp>2719.695526</timestamp>
			</report>
			<report>
				<misses>276700001</misses>
				<total>0</total>
				<timestamp>2720.676871</timestamp>
			</report>
			<report>
				<misses>276800001</misses>
				<total>0</total>
				<timestamp>2721.659868</timestamp>
			</report>
			<report>
				<misses>276900001</misses>
				<total>0</total>
				<timestamp>2722.644600</timestamp>
			</report>
			<report>
				<misses>277000001</misses>
				<total>0</total>
				<timestamp>2723.625820</timestamp>
			</report>
			<report>
				<misses>277100001</misses>
				<total>0</total>
				<timestamp>2724.608299</timestamp>
			</report>
			<report>
				<misses>277200001</misses>
				<total>0</total>
				<timestamp>2725.593175</timestamp>
			</report>
			<report>
				<misses>277300001</misses>
				<total>0</total>
				<timestamp>2726.576155</timestamp>
			</report>
			<report>
				<misses>277400001</misses>
				<total>0</total>
				<timestamp>2727.563179</timestamp>
			</report>
			<report>
				<misses>277500001</misses>
				<total>0</total>
				<timestamp>2728.544783</timestamp>
			</report>
			<report>
				<misses>277600001</misses>
				<total>0</total>
				<timestamp>2729.526104</timestamp>
			</report>
			<report>
				<misses>277700001</misses>
				<total>0</total>
				<timestamp>2730.509711</timestamp>
			</report>
			<report>
				<misses>277800001</misses>
				<total>0</total>
				<timestamp>2731.494574</timestamp>
			</report>
			<report>
				<misses>277900001</misses>
				<total>0</total>
				<timestamp>2732.478954</timestamp>
			</report>
			<report>
				<misses>278000001</misses>
				<total>0</total>
				<timestamp>2733.464715</timestamp>
			</report>
			<report>
				<misses>278100001</misses>
				<total>0</total>
				<timestamp>2734.446821</timestamp>
			</report>
			<report>
				<misses>278200001</misses>
				<total>0</total>
				<timestamp>2735.429013</timestamp>
			</report>
			<report>
				<misses>278300001</misses>
				<total>0</total>
				<timestamp>2736.409743</timestamp>
			</report>
			<report>
				<misses>278400001</misses>
				<total>0</total>
				<timestamp>2737.392322</timestamp>
			</report>
			<report>
				<misses>278500001</misses>
				<total>0</total>
				<timestamp>2738.376713</timestamp>
			</report>
			<report>
				<misses>278600001</misses>
				<total>0</total>
				<timestamp>2739.360962</timestamp>
			</report>
			<report>
				<misses>278700001</misses>
				<total>0</total>
				<timestamp>2740.344325</timestamp>
			</report>
			<report>
				<misses>278800001</misses>
				<total>0</total>
				<timestamp>2741.325383</timestamp>
			</report>
			<report>
				<misses>278900001</misses>
				<total>0</total>
				<timestamp>2742.307741</timestamp>
			</report>
			<report>
				<misses>279000001</misses>
				<total>0</total>
				<timestamp>2743.288314</timestamp>
			</report>
			<report>
				<misses>279100001</misses>
				<total>0</total>
				<timestamp>2744.271437</timestamp>
			</report>
			<report>
				<misses>279200001</misses>
				<total>0</total>
				<timestamp>2745.256295</timestamp>
			</report>
			<report>
				<misses>279300001</misses>
				<total>0</total>
				<timestamp>2746.238003</timestamp>
			</report>
			<report>
				<misses>279400001</misses>
				<total>0</total>
				<timestamp>2747.222747</timestamp>
			</report>
			<report>
				<misses>279500001</misses>
				<total>0</total>
				<timestamp>2748.204476</timestamp>
			</report>
			<report>
				<misses>279600001</misses>
				<total>0</total>
				<timestamp>2749.184422</timestamp>
			</report>
			<report>
				<misses>279700001</misses>
				<total>0</total>
				<timestamp>2750.169677</timestamp>
			</report>
			<report>
				<misses>279800001</misses>
				<total>0</total>
				<timestamp>2751.152285</timestamp>
			</report>
			<report>
				<misses>279900001</misses>
				<total>0</total>
				<timestamp>2752.137670</timestamp>
			</report>
			<report>
				<misses>280000001</misses>
				<total>0</total>
				<timestamp>2753.119988</timestamp>
			</report>
			<report>
				<misses>280100001</misses>
				<total>0</total>
				<timestamp>2754.104000</timestamp>
			</report>
			<report>
				<misses>280200001</misses>
				<total>0</total>
				<timestamp>2755.086844</timestamp>
			</report>
			<report>
				<misses>280300001</misses>
				<total>0</total>
				<timestamp>2756.070344</timestamp>
			</report>
			<report>
				<misses>280400001</misses>
				<total>0</total>
				<timestamp>2757.052854</timestamp>
			</report>
			<report>
				<misses>280500001</misses>
				<total>0</total>
				<timestamp>2758.037615</timestamp>
			</report>
			<report>
				<misses>280600001</misses>
				<total>0</total>
				<timestamp>2759.018294</timestamp>
			</report>
			<report>
				<misses>280700001</misses>
				<total>0</total>
				<timestamp>2760.001149</timestamp>
			</report>
			<report>
				<misses>280800001</misses>
				<total>0</total>
				<timestamp>2760.985033</timestamp>
			</report>
			<report>
				<misses>280900001</misses>
				<total>0</total>
				<timestamp>2761.970156</timestamp>
			</report>
			<report>
				<misses>281000001</misses>
				<total>0</total>
				<timestamp>2762.954157</timestamp>
			</report>
			<report>
				<misses>281100001</misses>
				<total>0</total>
				<timestamp>2763.935097</timestamp>
			</report>
			<report>
				<misses>281200001</misses>
				<total>0</total>
				<timestamp>2764.918465</timestamp>
			</report>
			<report>
				<misses>281300001</misses>
				<total>0</total>
				<timestamp>2765.898767</timestamp>
			</report>
			<report>
				<misses>281400001</misses>
				<total>0</total>
				<timestamp>2766.882770</timestamp>
			</report>
			<report>
				<misses>281500001</misses>
				<total>0</total>
				<timestamp>2767.864480</timestamp>
			</report>
			<report>
				<misses>281600001</misses>
				<total>0</total>
				<timestamp>2768.845710</timestamp>
			</report>
			<report>
				<misses>281700001</misses>
				<total>0</total>
				<timestamp>2769.831085</timestamp>
			</report>
			<report>
				<misses>281800001</misses>
				<total>0</total>
				<timestamp>2770.815206</timestamp>
			</report>
			<report>
				<misses>281900001</misses>
				<total>0</total>
				<timestamp>2771.796789</timestamp>
			</report>
			<report>
				<misses>282000001</misses>
				<total>0</total>
				<timestamp>2772.784695</timestamp>
			</report>
			<report>
				<misses>282100001</misses>
				<total>0</total>
				<timestamp>2773.768954</timestamp>
			</report>
			<report>
				<misses>282200001</misses>
				<total>0</total>
				<timestamp>2774.753075</timestamp>
			</report>
			<report>
				<misses>282300001</misses>
				<total>0</total>
				<timestamp>2775.733147</timestamp>
			</report>
			<report>
				<misses>282400001</misses>
				<total>0</total>
				<timestamp>2776.713323</timestamp>
			</report>
			<report>
				<misses>282500001</misses>
				<total>0</total>
				<timestamp>2777.696434</timestamp>
			</report>
			<report>
				<misses>282600001</misses>
				<total>0</total>
				<timestamp>2778.679699</timestamp>
			</report>
			<report>
				<misses>282700001</misses>
				<total>0</total>
				<timestamp>2779.663777</timestamp>
			</report>
			<report>
				<misses>282800001</misses>
				<total>0</total>
				<timestamp>2780.647644</timestamp>
			</report>
			<report>
				<misses>282900001</misses>
				<total>0</total>
				<timestamp>2781.629129</timestamp>
			</report>
			<report>
				<misses>283000001</misses>
				<total>0</total>
				<timestamp>2782.614240</timestamp>
			</report>
			<report>
				<misses>283100001</misses>
				<total>0</total>
				<timestamp>2783.597848</timestamp>
			</report>
			<report>
				<misses>283200001</misses>
				<total>0</total>
				<timestamp>2784.581489</timestamp>
			</report>
			<report>
				<misses>283300001</misses>
				<total>0</total>
				<timestamp>2785.569527</timestamp>
			</report>
			<report>
				<misses>283400001</misses>
				<total>0</total>
				<timestamp>2786.552112</timestamp>
			</report>
			<report>
				<misses>283500001</misses>
				<total>0</total>
				<timestamp>2787.533445</timestamp>
			</report>
			<report>
				<misses>283600001</misses>
				<total>0</total>
				<timestamp>2788.517567</timestamp>
			</report>
			<report>
				<misses>283700001</misses>
				<total>0</total>
				<timestamp>2789.500296</timestamp>
			</report>
			<report>
				<misses>283800001</misses>
				<total>0</total>
				<timestamp>2790.484787</timestamp>
			</report>
			<report>
				<misses>283900001</misses>
				<total>0</total>
				<timestamp>2791.469554</timestamp>
			</report>
			<report>
				<misses>284000001</misses>
				<total>0</total>
				<timestamp>2792.451760</timestamp>
			</report>
			<report>
				<misses>284100001</misses>
				<total>0</total>
				<timestamp>2793.435503</timestamp>
			</report>
			<report>
				<misses>284200001</misses>
				<total>0</total>
				<timestamp>2794.420388</timestamp>
			</report>
			<report>
				<misses>284300001</misses>
				<total>0</total>
				<timestamp>2795.404878</timestamp>
			</report>
			<report>
				<misses>284400001</misses>
				<total>0</total>
				<timestamp>2796.389497</timestamp>
			</report>
			<report>
				<misses>284500001</misses>
				<total>0</total>
				<timestamp>2797.371692</timestamp>
			</report>
			<report>
				<misses>284600001</misses>
				<total>0</total>
				<timestamp>2798.356199</timestamp>
			</report>
			<report>
				<misses>284700001</misses>
				<total>0</total>
				<timestamp>2799.340207</timestamp>
			</report>
			<report>
				<misses>284800001</misses>
				<total>0</total>
				<timestamp>2800.327104</timestamp>
			</report>
			<report>
				<misses>284900001</misses>
				<total>0</total>
				<timestamp>2801.309449</timestamp>
			</report>
			<report>
				<misses>285000001</misses>
				<total>0</total>
				<timestamp>2802.290677</timestamp>
			</report>
			<report>
				<misses>285100001</misses>
				<total>0</total>
				<timestamp>2803.276914</timestamp>
			</report>
			<report>
				<misses>285200001</misses>
				<total>0</total>
				<timestamp>2804.256884</timestamp>
			</report>
			<report>
				<misses>285300001</misses>
				<total>0</total>
				<timestamp>2805.242264</timestamp>
			</report>
			<report>
				<misses>285400001</misses>
				<total>0</total>
				<timestamp>2806.225940</timestamp>
			</report>
			<report>
				<misses>285500001</misses>
				<total>0</total>
				<timestamp>2807.209795</timestamp>
			</report>
			<report>
				<misses>285600001</misses>
				<total>0</total>
				<timestamp>2808.193417</timestamp>
			</report>
			<report>
				<misses>285700001</misses>
				<total>0</total>
				<timestamp>2809.179432</timestamp>
			</report>
			<report>
				<misses>285800001</misses>
				<total>0</total>
				<timestamp>2810.162178</timestamp>
			</report>
			<report>
				<misses>285900001</misses>
				<total>0</total>
				<timestamp>2811.146288</timestamp>
			</report>
			<report>
				<misses>286000001</misses>
				<total>0</total>
				<timestamp>2812.126355</timestamp>
			</report>
			<report>
				<misses>286100001</misses>
				<total>0</total>
				<timestamp>2813.107937</timestamp>
			</report>
			<report>
				<misses>286200001</misses>
				<total>0</total>
				<timestamp>2814.090169</timestamp>
			</report>
			<report>
				<misses>286300001</misses>
				<total>0</total>
				<timestamp>2815.073647</timestamp>
			</report>
			<report>
				<misses>286400001</misses>
				<total>0</total>
				<timestamp>2816.054349</timestamp>
			</report>
			<report>
				<misses>286500001</misses>
				<total>0</total>
				<timestamp>2817.035165</timestamp>
			</report>
			<report>
				<misses>286600001</misses>
				<total>0</total>
				<timestamp>2818.018928</timestamp>
			</report>
			<report>
				<misses>286700001</misses>
				<total>0</total>
				<timestamp>2819.001639</timestamp>
			</report>
			<report>
				<misses>286800001</misses>
				<total>0</total>
				<timestamp>2819.982479</timestamp>
			</report>
			<report>
				<misses>286900001</misses>
				<total>0</total>
				<timestamp>2820.965196</timestamp>
			</report>
			<report>
				<misses>287000001</misses>
				<total>0</total>
				<timestamp>2821.949187</timestamp>
			</report>
			<report>
				<misses>287100001</misses>
				<total>0</total>
				<timestamp>2822.934821</timestamp>
			</report>
			<report>
				<misses>287200001</misses>
				<total>0</total>
				<timestamp>2823.917280</timestamp>
			</report>
			<report>
				<misses>287300001</misses>
				<total>0</total>
				<timestamp>2824.900276</timestamp>
			</report>
			<report>
				<misses>287400001</misses>
				<total>0</total>
				<timestamp>2825.882494</timestamp>
			</report>
			<report>
				<misses>287500001</misses>
				<total>0</total>
				<timestamp>2826.864588</timestamp>
			</report>
			<report>
				<misses>287600001</misses>
				<total>0</total>
				<timestamp>2827.848312</timestamp>
			</report>
			<report>
				<misses>287700001</misses>
				<total>0</total>
				<timestamp>2828.831688</timestamp>
			</report>
			<report>
				<misses>287800001</misses>
				<total>0</total>
				<timestamp>2829.815431</timestamp>
			</report>
			<report>
				<misses>287900001</misses>
				<total>0</total>
				<timestamp>2830.798144</timestamp>
			</report>
			<report>
				<misses>288000001</misses>
				<total>0</total>
				<timestamp>2831.780370</timestamp>
			</report>
			<report>
				<misses>288100001</misses>
				<total>0</total>
				<timestamp>2832.765133</timestamp>
			</report>
			<report>
				<misses>288200001</misses>
				<total>0</total>
				<timestamp>2833.745826</timestamp>
			</report>
			<report>
				<misses>288300001</misses>
				<total>0</total>
				<timestamp>2834.728315</timestamp>
			</report>
			<report>
				<misses>288400001</misses>
				<total>0</total>
				<timestamp>2835.711157</timestamp>
			</report>
			<report>
				<misses>288500001</misses>
				<total>0</total>
				<timestamp>2836.693496</timestamp>
			</report>
			<report>
				<misses>288600001</misses>
				<total>0</total>
				<timestamp>2837.677496</timestamp>
			</report>
			<report>
				<misses>288700001</misses>
				<total>0</total>
				<timestamp>2838.659973</timestamp>
			</report>
			<report>
				<misses>288800001</misses>
				<total>0</total>
				<timestamp>2839.642320</timestamp>
			</report>
			<report>
				<misses>288900001</misses>
				<total>0</total>
				<timestamp>2840.628194</timestamp>
			</report>
			<report>
				<misses>289000001</misses>
				<total>0</total>
				<timestamp>2841.612190</timestamp>
			</report>
			<report>
				<misses>289100001</misses>
				<total>0</total>
				<timestamp>2842.594278</timestamp>
			</report>
			<report>
				<misses>289200001</misses>
				<total>0</total>
				<timestamp>2843.576623</timestamp>
			</report>
			<report>
				<misses>289300001</misses>
				<total>0</total>
				<timestamp>2844.557320</timestamp>
			</report>
			<report>
				<misses>289400001</misses>
				<total>0</total>
				<timestamp>2845.539829</timestamp>
			</report>
			<report>
				<misses>289500001</misses>
				<total>0</total>
				<timestamp>2846.522409</timestamp>
			</report>
			<report>
				<misses>289600001</misses>
				<total>0</total>
				<timestamp>2847.503123</timestamp>
			</report>
			<report>
				<misses>289700001</misses>
				<total>0</total>
				<timestamp>2848.486618</timestamp>
			</report>
			<report>
				<misses>289800001</misses>
				<total>0</total>
				<timestamp>2849.470067</timestamp>
			</report>
			<report>
				<misses>289900001</misses>
				<total>0</total>
				<timestamp>2850.453953</timestamp>
			</report>
			<report>
				<misses>290000001</misses>
				<total>0</total>
				<timestamp>2851.436040</timestamp>
			</report>
			<report>
				<misses>290100001</misses>
				<total>0</total>
				<timestamp>2852.417264</timestamp>
			</report>
			<report>
				<misses>290200001</misses>
				<total>0</total>
				<timestamp>2853.400371</timestamp>
			</report>
			<report>
				<misses>290300001</misses>
				<total>0</total>
				<timestamp>2854.388425</timestamp>
			</report>
			<report>
				<misses>290400001</misses>
				<total>0</total>
				<timestamp>2855.371498</timestamp>
			</report>
			<report>
				<misses>290500001</misses>
				<total>0</total>
				<timestamp>2856.355754</timestamp>
			</report>
			<report>
				<misses>290600001</misses>
				<total>0</total>
				<timestamp>2857.341134</timestamp>
			</report>
			<report>
				<misses>290700001</misses>
				<total>0</total>
				<timestamp>2858.322098</timestamp>
			</report>
			<report>
				<misses>290800001</misses>
				<total>0</total>
				<timestamp>2859.302795</timestamp>
			</report>
			<report>
				<misses>290900001</misses>
				<total>0</total>
				<timestamp>2860.288427</timestamp>
			</report>
			<report>
				<misses>291000001</misses>
				<total>0</total>
				<timestamp>2861.273055</timestamp>
			</report>
			<report>
				<misses>291100001</misses>
				<total>0</total>
				<timestamp>2862.256425</timestamp>
			</report>
			<report>
				<misses>291200001</misses>
				<total>0</total>
				<timestamp>2863.238388</timestamp>
			</report>
			<report>
				<misses>291300001</misses>
				<total>0</total>
				<timestamp>2864.219960</timestamp>
			</report>
			<report>
				<misses>291400001</misses>
				<total>0</total>
				<timestamp>2865.207494</timestamp>
			</report>
			<report>
				<misses>291500001</misses>
				<total>0</total>
				<timestamp>2866.191294</timestamp>
			</report>
			<report>
				<misses>291600001</misses>
				<total>0</total>
				<timestamp>2867.174019</timestamp>
			</report>
			<report>
				<misses>291700001</misses>
				<total>0</total>
				<timestamp>2868.156605</timestamp>
			</report>
			<report>
				<misses>291800001</misses>
				<total>0</total>
				<timestamp>2869.139337</timestamp>
			</report>
			<report>
				<misses>291900001</misses>
				<total>0</total>
				<timestamp>2870.120675</timestamp>
			</report>
			<report>
				<misses>292000001</misses>
				<total>0</total>
				<timestamp>2871.103538</timestamp>
			</report>
			<report>
				<misses>292100001</misses>
				<total>0</total>
				<timestamp>2872.090568</timestamp>
			</report>
			<report>
				<misses>292200001</misses>
				<total>0</total>
				<timestamp>2873.073538</timestamp>
			</report>
			<report>
				<misses>292300001</misses>
				<total>0</total>
				<timestamp>2874.057016</timestamp>
			</report>
			<report>
				<misses>292400001</misses>
				<total>0</total>
				<timestamp>2875.039488</timestamp>
			</report>
			<report>
				<misses>292500001</misses>
				<total>0</total>
				<timestamp>2876.019832</timestamp>
			</report>
			<report>
				<misses>292600001</misses>
				<total>0</total>
				<timestamp>2877.003437</timestamp>
			</report>
			<report>
				<misses>292700001</misses>
				<total>0</total>
				<timestamp>2877.984298</timestamp>
			</report>
			<report>
				<misses>292800001</misses>
				<total>0</total>
				<timestamp>2878.967759</timestamp>
			</report>
			<report>
				<misses>292900001</misses>
				<total>0</total>
				<timestamp>2879.949874</timestamp>
			</report>
			<report>
				<misses>293000001</misses>
				<total>0</total>
				<timestamp>2880.930581</timestamp>
			</report>
			<report>
				<misses>293100001</misses>
				<total>0</total>
				<timestamp>2881.913044</timestamp>
			</report>
			<report>
				<misses>293200001</misses>
				<total>0</total>
				<timestamp>2882.895001</timestamp>
			</report>
			<report>
				<misses>293300001</misses>
				<total>0</total>
				<timestamp>2883.877466</timestamp>
			</report>
			<report>
				<misses>293400001</misses>
				<total>0</total>
				<timestamp>2884.855279</timestamp>
			</report>
			<report>
				<misses>293500001</misses>
				<total>0</total>
				<timestamp>2885.841541</timestamp>
			</report>
			<report>
				<misses>293600001</misses>
				<total>0</total>
				<timestamp>2886.822866</timestamp>
			</report>
			<report>
				<misses>293700001</misses>
				<total>0</total>
				<timestamp>2887.807364</timestamp>
			</report>
			<report>
				<misses>293800001</misses>
				<total>0</total>
				<timestamp>2888.789977</timestamp>
			</report>
			<report>
				<misses>293900001</misses>
				<total>0</total>
				<timestamp>2889.774829</timestamp>
			</report>
			<report>
				<misses>294000001</misses>
				<total>0</total>
				<timestamp>2890.758611</timestamp>
			</report>
			<report>
				<misses>294100001</misses>
				<total>0</total>
				<timestamp>2891.741839</timestamp>
			</report>
			<report>
				<misses>294200001</misses>
				<total>0</total>
				<timestamp>2892.725072</timestamp>
			</report>
			<report>
				<misses>294300001</misses>
				<total>0</total>
				<timestamp>2893.707424</timestamp>
			</report>
			<report>
				<misses>294400001</misses>
				<total>0</total>
				<timestamp>2894.690153</timestamp>
			</report>
			<report>
				<misses>294500001</misses>
				<total>0</total>
				<timestamp>2895.671989</timestamp>
			</report>
			<report>
				<misses>294600001</misses>
				<total>0</total>
				<timestamp>2896.657617</timestamp>
			</report>
			<report>
				<misses>294700001</misses>
				<total>0</total>
				<timestamp>2897.641105</timestamp>
			</report>
			<report>
				<misses>294800001</misses>
				<total>0</total>
				<timestamp>2898.627621</timestamp>
			</report>
			<report>
				<misses>294900001</misses>
				<total>0</total>
				<timestamp>2899.611627</timestamp>
			</report>
			<report>
				<misses>295000001</misses>
				<total>0</total>
				<timestamp>2900.595620</timestamp>
			</report>
			<report>
				<misses>295100001</misses>
				<total>0</total>
				<timestamp>2901.579516</timestamp>
			</report>
			<report>
				<misses>295200001</misses>
				<total>0</total>
				<timestamp>2902.564905</timestamp>
			</report>
			<report>
				<misses>295300001</misses>
				<total>0</total>
				<timestamp>2903.549025</timestamp>
			</report>
			<report>
				<misses>295400001</misses>
				<total>0</total>
				<timestamp>2904.532509</timestamp>
			</report>
			<report>
				<misses>295500001</misses>
				<total>0</total>
				<timestamp>2905.513591</timestamp>
			</report>
			<report>
				<misses>295600001</misses>
				<total>0</total>
				<timestamp>2906.495812</timestamp>
			</report>
			<report>
				<misses>295700001</misses>
				<total>0</total>
				<timestamp>2907.481821</timestamp>
			</report>
			<report>
				<misses>295800001</misses>
				<total>0</total>
				<timestamp>2908.464667</timestamp>
			</report>
			<report>
				<misses>295900001</misses>
				<total>0</total>
				<timestamp>2909.449559</timestamp>
			</report>
			<report>
				<misses>296000001</misses>
				<total>0</total>
				<timestamp>2910.431637</timestamp>
			</report>
			<report>
				<misses>296100001</misses>
				<total>0</total>
				<timestamp>2911.415124</timestamp>
			</report>
			<report>
				<misses>296200001</misses>
				<total>0</total>
				<timestamp>2912.396204</timestamp>
			</report>
			<report>
				<misses>296300001</misses>
				<total>0</total>
				<timestamp>2913.378186</timestamp>
			</report>
			<report>
				<misses>296400001</misses>
				<total>0</total>
				<timestamp>2914.361175</timestamp>
			</report>
			<report>
				<misses>296500001</misses>
				<total>0</total>
				<timestamp>2915.344389</timestamp>
			</report>
			<report>
				<misses>296600001</misses>
				<total>0</total>
				<timestamp>2916.328766</timestamp>
			</report>
			<report>
				<misses>296700001</misses>
				<total>0</total>
				<timestamp>2917.311239</timestamp>
			</report>
			<report>
				<misses>296800001</misses>
				<total>0</total>
				<timestamp>2918.293900</timestamp>
			</report>
			<report>
				<misses>296900001</misses>
				<total>0</total>
				<timestamp>2919.276988</timestamp>
			</report>
			<report>
				<misses>297000001</misses>
				<total>0</total>
				<timestamp>2920.259330</timestamp>
			</report>
			<report>
				<misses>297100001</misses>
				<total>0</total>
				<timestamp>2921.245231</timestamp>
			</report>
			<report>
				<misses>297200001</misses>
				<total>0</total>
				<timestamp>2922.229221</timestamp>
			</report>
			<report>
				<misses>297300001</misses>
				<total>0</total>
				<timestamp>2923.210059</timestamp>
			</report>
			<report>
				<misses>297400001</misses>
				<total>0</total>
				<timestamp>2924.193174</timestamp>
			</report>
			<report>
				<misses>297500001</misses>
				<total>0</total>
				<timestamp>2925.175773</timestamp>
			</report>
			<report>
				<misses>297600001</misses>
				<total>0</total>
				<timestamp>2926.158998</timestamp>
			</report>
			<report>
				<misses>297700001</misses>
				<total>0</total>
				<timestamp>2927.140843</timestamp>
			</report>
			<report>
				<misses>297800001</misses>
				<total>0</total>
				<timestamp>2928.123673</timestamp>
			</report>
			<report>
				<misses>297900001</misses>
				<total>0</total>
				<timestamp>2929.106285</timestamp>
			</report>
			<report>
				<misses>298000001</misses>
				<total>0</total>
				<timestamp>2930.088513</timestamp>
			</report>
			<report>
				<misses>298100001</misses>
				<total>0</total>
				<timestamp>2931.069573</timestamp>
			</report>
			<report>
				<misses>298200001</misses>
				<total>0</total>
				<timestamp>2932.051811</timestamp>
			</report>
			<report>
				<misses>298300001</misses>
				<total>0</total>
				<timestamp>2933.034025</timestamp>
			</report>
			<report>
				<misses>298400001</misses>
				<total>0</total>
				<timestamp>2934.017381</timestamp>
			</report>
			<report>
				<misses>298500001</misses>
				<total>0</total>
				<timestamp>2934.998332</timestamp>
			</report>
			<report>
				<misses>298600001</misses>
				<total>0</total>
				<timestamp>2935.978537</timestamp>
			</report>
			<report>
				<misses>298700001</misses>
				<total>0</total>
				<timestamp>2936.963804</timestamp>
			</report>
			<report>
				<misses>298800001</misses>
				<total>0</total>
				<timestamp>2937.947159</timestamp>
			</report>
			<report>
				<misses>298900001</misses>
				<total>0</total>
				<timestamp>2938.929752</timestamp>
			</report>
			<report>
				<misses>299000001</misses>
				<total>0</total>
				<timestamp>2939.910851</timestamp>
			</report>
			<report>
				<misses>299100001</misses>
				<total>0</total>
				<timestamp>2940.891537</timestamp>
			</report>
			<report>
				<misses>299200001</misses>
				<total>0</total>
				<timestamp>2941.876037</timestamp>
			</report>
			<report>
				<misses>299300001</misses>
				<total>0</total>
				<timestamp>2942.858522</timestamp>
			</report>
			<report>
				<misses>299400001</misses>
				<total>0</total>
				<timestamp>2943.842004</timestamp>
			</report>
			<report>
				<misses>299500001</misses>
				<total>0</total>
				<timestamp>2944.824855</timestamp>
			</report>
			<report>
				<misses>299600001</misses>
				<total>0</total>
				<timestamp>2945.806442</timestamp>
			</report>
			<report>
				<misses>299700001</misses>
				<total>0</total>
				<timestamp>2946.788925</timestamp>
			</report>
			<report>
				<misses>299800001</misses>
				<total>0</total>
				<timestamp>2947.773278</timestamp>
			</report>
			<report>
				<misses>299900001</misses>
				<total>0</total>
				<timestamp>2948.754314</timestamp>
			</report>
			<report>
				<misses>300000001</misses>
				<total>0</total>
				<timestamp>2949.739342</timestamp>
			</report>
			<report>
				<misses>300100001</misses>
				<total>0</total>
				<timestamp>2950.720672</timestamp>
			</report>
			<report>
				<misses>300200001</misses>
				<total>0</total>
				<timestamp>2951.702374</timestamp>
			</report>
			<report>
				<misses>300300001</misses>
				<total>0</total>
				<timestamp>2952.684992</timestamp>
			</report>
			<report>
				<misses>300400001</misses>
				<total>0</total>
				<timestamp>2953.668867</timestamp>
			</report>
			<report>
				<misses>300500001</misses>
				<total>0</total>
				<timestamp>2954.651568</timestamp>
			</report>
			<report>
				<misses>300600001</misses>
				<total>0</total>
				<timestamp>2955.633912</timestamp>
			</report>
			<report>
				<misses>300700001</misses>
				<total>0</total>
				<timestamp>2956.616893</timestamp>
			</report>
			<report>
				<misses>300800001</misses>
				<total>0</total>
				<timestamp>2957.596604</timestamp>
			</report>
			<report>
				<misses>300900001</misses>
				<total>0</total>
				<timestamp>2958.582100</timestamp>
			</report>
			<report>
				<misses>301000001</misses>
				<total>0</total>
				<timestamp>2959.566110</timestamp>
			</report>
			<report>
				<misses>301100001</misses>
				<total>0</total>
				<timestamp>2960.550706</timestamp>
			</report>
			<report>
				<misses>301200001</misses>
				<total>0</total>
				<timestamp>2961.532414</timestamp>
			</report>
			<report>
				<misses>301300001</misses>
				<total>0</total>
				<timestamp>2962.516417</timestamp>
			</report>
			<report>
				<misses>301400001</misses>
				<total>0</total>
				<timestamp>2963.499141</timestamp>
			</report>
			<report>
				<misses>301500001</misses>
				<total>0</total>
				<timestamp>2964.482253</timestamp>
			</report>
			<report>
				<misses>301600001</misses>
				<total>0</total>
				<timestamp>2965.464218</timestamp>
			</report>
			<report>
				<misses>301700001</misses>
				<total>0</total>
				<timestamp>2966.447612</timestamp>
			</report>
			<report>
				<misses>301800001</misses>
				<total>0</total>
				<timestamp>2967.428028</timestamp>
			</report>
			<report>
				<misses>301900001</misses>
				<total>0</total>
				<timestamp>2968.413030</timestamp>
			</report>
			<report>
				<misses>302000001</misses>
				<total>0</total>
				<timestamp>2969.396135</timestamp>
			</report>
			<report>
				<misses>302100001</misses>
				<total>0</total>
				<timestamp>2970.378492</timestamp>
			</report>
			<report>
				<misses>302200001</misses>
				<total>0</total>
				<timestamp>2971.362972</timestamp>
			</report>
			<report>
				<misses>302300001</misses>
				<total>0</total>
				<timestamp>2972.344703</timestamp>
			</report>
			<report>
				<misses>302400001</misses>
				<total>0</total>
				<timestamp>2973.329312</timestamp>
			</report>
			<report>
				<misses>302500001</misses>
				<total>0</total>
				<timestamp>2974.313430</timestamp>
			</report>
			<report>
				<misses>302600001</misses>
				<total>0</total>
				<timestamp>2975.296377</timestamp>
			</report>
			<report>
				<misses>302700001</misses>
				<total>0</total>
				<timestamp>2976.280498</timestamp>
			</report>
			<report>
				<misses>302800001</misses>
				<total>0</total>
				<timestamp>2977.263863</timestamp>
			</report>
			<report>
				<misses>302900001</misses>
				<total>0</total>
				<timestamp>2978.247091</timestamp>
			</report>
			<report>
				<misses>303000001</misses>
				<total>0</total>
				<timestamp>2979.228817</timestamp>
			</report>
			<report>
				<misses>303100001</misses>
				<total>0</total>
				<timestamp>2980.213932</timestamp>
			</report>
			<report>
				<misses>303200001</misses>
				<total>0</total>
				<timestamp>2981.196022</timestamp>
			</report>
			<report>
				<misses>303300001</misses>
				<total>0</total>
				<timestamp>2982.179771</timestamp>
			</report>
			<report>
				<misses>303400001</misses>
				<total>0</total>
				<timestamp>2983.160727</timestamp>
			</report>
			<report>
				<misses>303500001</misses>
				<total>0</total>
				<timestamp>2984.143206</timestamp>
			</report>
			<report>
				<misses>303600001</misses>
				<total>0</total>
				<timestamp>2985.127567</timestamp>
			</report>
			<report>
				<misses>303700001</misses>
				<total>0</total>
				<timestamp>2986.112059</timestamp>
			</report>
			<report>
				<misses>303800001</misses>
				<total>0</total>
				<timestamp>2987.096442</timestamp>
			</report>
			<report>
				<misses>303900001</misses>
				<total>0</total>
				<timestamp>2988.080035</timestamp>
			</report>
			<report>
				<misses>304000001</misses>
				<total>0</total>
				<timestamp>2989.059597</timestamp>
			</report>
			<report>
				<misses>304100001</misses>
				<total>0</total>
				<timestamp>2990.045612</timestamp>
			</report>
			<report>
				<misses>304200001</misses>
				<total>0</total>
				<timestamp>2991.029735</timestamp>
			</report>
			<report>
				<misses>304300001</misses>
				<total>0</total>
				<timestamp>2992.012742</timestamp>
			</report>
			<report>
				<misses>304400001</misses>
				<total>0</total>
				<timestamp>2992.994577</timestamp>
			</report>
			<report>
				<misses>304500001</misses>
				<total>0</total>
				<timestamp>2993.974890</timestamp>
			</report>
			<report>
				<misses>304600001</misses>
				<total>0</total>
				<timestamp>2994.956964</timestamp>
			</report>
			<report>
				<misses>304700001</misses>
				<total>0</total>
				<timestamp>2995.940099</timestamp>
			</report>
			<report>
				<misses>304800001</misses>
				<total>0</total>
				<timestamp>2996.921678</timestamp>
			</report>
			<report>
				<misses>304900001</misses>
				<total>0</total>
				<timestamp>2997.904915</timestamp>
			</report>
			<report>
				<misses>305000001</misses>
				<total>0</total>
				<timestamp>2998.889036</timestamp>
			</report>
			<report>
				<misses>305100001</misses>
				<total>0</total>
				<timestamp>2999.873255</timestamp>
			</report>
			<report>
				<misses>305200001</misses>
				<total>0</total>
				<timestamp>3000.857009</timestamp>
			</report>
			<report>
				<misses>305300001</misses>
				<total>0</total>
				<timestamp>3001.841896</timestamp>
			</report>
			<report>
				<misses>305400001</misses>
				<total>0</total>
				<timestamp>3002.826369</timestamp>
			</report>
			<report>
				<misses>305500001</misses>
				<total>0</total>
				<timestamp>3003.809748</timestamp>
			</report>
			<report>
				<misses>305600001</misses>
				<total>0</total>
				<timestamp>3004.797502</timestamp>
			</report>
			<report>
				<misses>305700001</misses>
				<total>0</total>
				<timestamp>3005.780382</timestamp>
			</report>
			<report>
				<misses>305800001</misses>
				<total>0</total>
				<timestamp>3006.763352</timestamp>
			</report>
			<report>
				<misses>305900001</misses>
				<total>0</total>
				<timestamp>3007.746082</timestamp>
			</report>
			<report>
				<misses>306000001</misses>
				<total>0</total>
				<timestamp>3008.730199</timestamp>
			</report>
			<report>
				<misses>306100001</misses>
				<total>0</total>
				<timestamp>3009.712790</timestamp>
			</report>
			<report>
				<misses>306200001</misses>
				<total>0</total>
				<timestamp>3010.697037</timestamp>
			</report>
			<report>
				<misses>306300001</misses>
				<total>0</total>
				<timestamp>3011.679396</timestamp>
			</report>
			<report>
				<misses>306400001</misses>
				<total>0</total>
				<timestamp>3012.663149</timestamp>
			</report>
			<report>
				<misses>306500001</misses>
				<total>0</total>
				<timestamp>3013.649017</timestamp>
			</report>
			<report>
				<misses>306600001</misses>
				<total>0</total>
				<timestamp>3014.632246</timestamp>
			</report>
			<report>
				<misses>306700001</misses>
				<total>0</total>
				<timestamp>3015.615724</timestamp>
			</report>
			<report>
				<misses>306800001</misses>
				<total>0</total>
				<timestamp>3016.601745</timestamp>
			</report>
			<report>
				<misses>306900001</misses>
				<total>0</total>
				<timestamp>3017.585621</timestamp>
			</report>
			<report>
				<misses>307000001</misses>
				<total>0</total>
				<timestamp>3018.566308</timestamp>
			</report>
			<report>
				<misses>307100001</misses>
				<total>0</total>
				<timestamp>3019.547142</timestamp>
			</report>
			<report>
				<misses>307200001</misses>
				<total>0</total>
				<timestamp>3020.529097</timestamp>
			</report>
			<report>
				<misses>307300001</misses>
				<total>0</total>
				<timestamp>3021.510559</timestamp>
			</report>
			<report>
				<misses>307400001</misses>
				<total>0</total>
				<timestamp>3022.495181</timestamp>
			</report>
			<report>
				<misses>307500001</misses>
				<total>0</total>
				<timestamp>3023.478811</timestamp>
			</report>
			<report>
				<misses>307600001</misses>
				<total>0</total>
				<timestamp>3024.461914</timestamp>
			</report>
			<report>
				<misses>307700001</misses>
				<total>0</total>
				<timestamp>3025.443180</timestamp>
			</report>
			<report>
				<misses>307800001</misses>
				<total>0</total>
				<timestamp>3026.428581</timestamp>
			</report>
			<report>
				<misses>307900001</misses>
				<total>0</total>
				<timestamp>3027.410292</timestamp>
			</report>
			<report>
				<misses>308000001</misses>
				<total>0</total>
				<timestamp>3028.392267</timestamp>
			</report>
			<report>
				<misses>308100001</misses>
				<total>0</total>
				<timestamp>3029.376259</timestamp>
			</report>
			<report>
				<misses>308200001</misses>
				<total>0</total>
				<timestamp>3030.361009</timestamp>
			</report>
			<report>
				<misses>308300001</misses>
				<total>0</total>
				<timestamp>3031.346773</timestamp>
			</report>
			<report>
				<misses>308400001</misses>
				<total>0</total>
				<timestamp>3032.331502</timestamp>
			</report>
			<report>
				<misses>308500001</misses>
				<total>0</total>
				<timestamp>3033.312603</timestamp>
			</report>
			<report>
				<misses>308600001</misses>
				<total>0</total>
				<timestamp>3034.298504</timestamp>
			</report>
			<report>
				<misses>308700001</misses>
				<total>0</total>
				<timestamp>3035.281984</timestamp>
			</report>
			<report>
				<misses>308800001</misses>
				<total>0</total>
				<timestamp>3036.264327</timestamp>
			</report>
			<report>
				<misses>308900001</misses>
				<total>0</total>
				<timestamp>3037.248676</timestamp>
			</report>
			<report>
				<misses>309000001</misses>
				<total>0</total>
				<timestamp>3038.232933</timestamp>
			</report>
			<report>
				<misses>309100001</misses>
				<total>0</total>
				<timestamp>3039.213884</timestamp>
			</report>
			<report>
				<misses>309200001</misses>
				<total>0</total>
				<timestamp>3040.198247</timestamp>
			</report>
			<report>
				<misses>309300001</misses>
				<total>0</total>
				<timestamp>3041.181494</timestamp>
			</report>
			<report>
				<misses>309400001</misses>
				<total>0</total>
				<timestamp>3042.165221</timestamp>
			</report>
			<report>
				<misses>309500001</misses>
				<total>0</total>
				<timestamp>3043.147563</timestamp>
			</report>
			<report>
				<misses>309600001</misses>
				<total>0</total>
				<timestamp>3044.129696</timestamp>
			</report>
			<report>
				<misses>309700001</misses>
				<total>0</total>
				<timestamp>3045.115685</timestamp>
			</report>
			<report>
				<misses>309800001</misses>
				<total>0</total>
				<timestamp>3046.097763</timestamp>
			</report>
			<report>
				<misses>309900001</misses>
				<total>0</total>
				<timestamp>3047.083915</timestamp>
			</report>
			<report>
				<misses>310000001</misses>
				<total>0</total>
				<timestamp>3048.068285</timestamp>
			</report>
			<report>
				<misses>310100001</misses>
				<total>0</total>
				<timestamp>3049.050244</timestamp>
			</report>
			<report>
				<misses>310200001</misses>
				<total>0</total>
				<timestamp>3050.033115</timestamp>
			</report>
			<report>
				<misses>310300001</misses>
				<total>0</total>
				<timestamp>3051.016093</timestamp>
			</report>
			<report>
				<misses>310400001</misses>
				<total>0</total>
				<timestamp>3052.000598</timestamp>
			</report>
			<report>
				<misses>310500001</misses>
				<total>0</total>
				<timestamp>3052.982788</timestamp>
			</report>
			<report>
				<misses>310600001</misses>
				<total>0</total>
				<timestamp>3053.964511</timestamp>
			</report>
			<report>
				<misses>310700001</misses>
				<total>0</total>
				<timestamp>3054.946628</timestamp>
			</report>
			<report>
				<misses>310800001</misses>
				<total>0</total>
				<timestamp>3055.930101</timestamp>
			</report>
			<report>
				<misses>310900001</misses>
				<total>0</total>
				<timestamp>3056.912072</timestamp>
			</report>
			<report>
				<misses>311000001</misses>
				<total>0</total>
				<timestamp>3057.894668</timestamp>
			</report>
			<report>
				<misses>311100001</misses>
				<total>0</total>
				<timestamp>3058.875138</timestamp>
			</report>
			<report>
				<misses>311200001</misses>
				<total>0</total>
				<timestamp>3059.856589</timestamp>
			</report>
			<report>
				<misses>311300001</misses>
				<total>0</total>
				<timestamp>3060.839552</timestamp>
			</report>
			<report>
				<misses>311400001</misses>
				<total>0</total>
				<timestamp>3061.824059</timestamp>
			</report>
			<report>
				<misses>311500001</misses>
				<total>0</total>
				<timestamp>3062.807156</timestamp>
			</report>
			<report>
				<misses>311600001</misses>
				<total>0</total>
				<timestamp>3063.787621</timestamp>
			</report>
			<report>
				<misses>311700001</misses>
				<total>0</total>
				<timestamp>3064.769720</timestamp>
			</report>
			<report>
				<misses>311800001</misses>
				<total>0</total>
				<timestamp>3065.753704</timestamp>
			</report>
			<report>
				<misses>311900001</misses>
				<total>0</total>
				<timestamp>3066.736925</timestamp>
			</report>
			<report>
				<misses>312000001</misses>
				<total>0</total>
				<timestamp>3067.719410</timestamp>
			</report>
			<report>
				<misses>312100001</misses>
				<total>0</total>
				<timestamp>3068.700487</timestamp>
			</report>
			<report>
				<misses>312200001</misses>
				<total>0</total>
				<timestamp>3069.683349</timestamp>
			</report>
			<report>
				<misses>312300001</misses>
				<total>0</total>
				<timestamp>3070.665312</timestamp>
			</report>
			<report>
				<misses>312400001</misses>
				<total>0</total>
				<timestamp>3071.649561</timestamp>
			</report>
			<report>
				<misses>312500001</misses>
				<total>0</total>
				<timestamp>3072.631255</timestamp>
			</report>
			<report>
				<misses>312600001</misses>
				<total>0</total>
				<timestamp>3073.617164</timestamp>
			</report>
			<report>
				<misses>312700001</misses>
				<total>0</total>
				<timestamp>3074.601504</timestamp>
			</report>
			<report>
				<misses>312800001</misses>
				<total>0</total>
				<timestamp>3075.588278</timestamp>
			</report>
			<report>
				<misses>312900001</misses>
				<total>0</total>
				<timestamp>3076.572496</timestamp>
			</report>
			<report>
				<misses>313000001</misses>
				<total>0</total>
				<timestamp>3077.554587</timestamp>
			</report>
			<report>
				<misses>313100001</misses>
				<total>0</total>
				<timestamp>3078.537979</timestamp>
			</report>
			<report>
				<misses>313200001</misses>
				<total>0</total>
				<timestamp>3079.522725</timestamp>
			</report>
			<report>
				<misses>313300001</misses>
				<total>0</total>
				<timestamp>3080.507325</timestamp>
			</report>
			<report>
				<misses>313400001</misses>
				<total>0</total>
				<timestamp>3081.489194</timestamp>
			</report>
			<report>
				<misses>313500001</misses>
				<total>0</total>
				<timestamp>3082.470399</timestamp>
			</report>
			<report>
				<misses>313600001</misses>
				<total>0</total>
				<timestamp>3083.454262</timestamp>
			</report>
			<report>
				<misses>313700001</misses>
				<total>0</total>
				<timestamp>3084.434459</timestamp>
			</report>
			<report>
				<misses>313800001</misses>
				<total>0</total>
				<timestamp>3085.419692</timestamp>
			</report>
			<report>
				<misses>313900001</misses>
				<total>0</total>
				<timestamp>3086.403331</timestamp>
			</report>
			<report>
				<misses>314000001</misses>
				<total>0</total>
				<timestamp>3087.387068</timestamp>
			</report>
			<report>
				<misses>314100001</misses>
				<total>0</total>
				<timestamp>3088.369179</timestamp>
			</report>
			<report>
				<misses>314200001</misses>
				<total>0</total>
				<timestamp>3089.351525</timestamp>
			</report>
			<report>
				<misses>314300001</misses>
				<total>0</total>
				<timestamp>3090.335406</timestamp>
			</report>
			<report>
				<misses>314400001</misses>
				<total>0</total>
				<timestamp>3091.317879</timestamp>
			</report>
			<report>
				<misses>314500001</misses>
				<total>0</total>
				<timestamp>3092.300716</timestamp>
			</report>
			<report>
				<misses>314600001</misses>
				<total>0</total>
				<timestamp>3093.285462</timestamp>
			</report>
			<report>
				<misses>314700001</misses>
				<total>0</total>
				<timestamp>3094.266814</timestamp>
			</report>
			<report>
				<misses>314800001</misses>
				<total>0</total>
				<timestamp>3095.248511</timestamp>
			</report>
			<report>
				<misses>314900001</misses>
				<total>0</total>
				<timestamp>3096.232404</timestamp>
			</report>
			<report>
				<misses>315000001</misses>
				<total>0</total>
				<timestamp>3097.215763</timestamp>
			</report>
			<report>
				<misses>315100001</misses>
				<total>0</total>
				<timestamp>3098.199113</timestamp>
			</report>
			<report>
				<misses>315200001</misses>
				<total>0</total>
				<timestamp>3099.183104</timestamp>
			</report>
			<report>
				<misses>315300001</misses>
				<total>0</total>
				<timestamp>3100.166712</timestamp>
			</report>
			<report>
				<misses>315400001</misses>
				<total>0</total>
				<timestamp>3101.149681</timestamp>
			</report>
			<report>
				<misses>315500001</misses>
				<total>0</total>
				<timestamp>3102.131143</timestamp>
			</report>
			<report>
				<misses>315600001</misses>
				<total>0</total>
				<timestamp>3103.115400</timestamp>
			</report>
			<report>
				<misses>315700001</misses>
				<total>0</total>
				<timestamp>3104.097979</timestamp>
			</report>
			<report>
				<misses>315800001</misses>
				<total>0</total>
				<timestamp>3105.082081</timestamp>
			</report>
			<report>
				<misses>315900001</misses>
				<total>0</total>
				<timestamp>3106.065833</timestamp>
			</report>
			<report>
				<misses>316000001</misses>
				<total>0</total>
				<timestamp>3107.051208</timestamp>
			</report>
			<report>
				<misses>316100001</misses>
				<total>0</total>
				<timestamp>3108.036474</timestamp>
			</report>
			<report>
				<misses>316200001</misses>
				<total>0</total>
				<timestamp>3109.020498</timestamp>
			</report>
			<report>
				<misses>316300001</misses>
				<total>0</total>
				<timestamp>3110.003247</timestamp>
			</report>
			<report>
				<misses>316400001</misses>
				<total>0</total>
				<timestamp>3110.985981</timestamp>
			</report>
			<report>
				<misses>316500001</misses>
				<total>0</total>
				<timestamp>3111.969975</timestamp>
			</report>
			<report>
				<misses>316600001</misses>
				<total>0</total>
				<timestamp>3112.951163</timestamp>
			</report>
			<report>
				<misses>316700001</misses>
				<total>0</total>
				<timestamp>3113.933904</timestamp>
			</report>
			<report>
				<misses>316800001</misses>
				<total>0</total>
				<timestamp>3114.919792</timestamp>
			</report>
			<report>
				<misses>316900001</misses>
				<total>0</total>
				<timestamp>3115.904040</timestamp>
			</report>
			<report>
				<misses>317000001</misses>
				<total>0</total>
				<timestamp>3116.886252</timestamp>
			</report>
			<report>
				<misses>317100001</misses>
				<total>0</total>
				<timestamp>3117.868719</timestamp>
			</report>
			<report>
				<misses>317200001</misses>
				<total>0</total>
				<timestamp>3118.853601</timestamp>
			</report>
			<report>
				<misses>317300001</misses>
				<total>0</total>
				<timestamp>3119.836581</timestamp>
			</report>
			<report>
				<misses>317400001</misses>
				<total>0</total>
				<timestamp>3120.820826</timestamp>
			</report>
			<report>
				<misses>317500001</misses>
				<total>0</total>
				<timestamp>3121.804335</timestamp>
			</report>
			<report>
				<misses>317600001</misses>
				<total>0</total>
				<timestamp>3122.787664</timestamp>
			</report>
			<report>
				<misses>317700001</misses>
				<total>0</total>
				<timestamp>3123.772286</timestamp>
			</report>
			<report>
				<misses>317800001</misses>
				<total>0</total>
				<timestamp>3124.753909</timestamp>
			</report>
			<report>
				<misses>317900001</misses>
				<total>0</total>
				<timestamp>3125.736128</timestamp>
			</report>
			<report>
				<misses>318000001</misses>
				<total>0</total>
				<timestamp>3126.717558</timestamp>
			</report>
			<report>
				<misses>318100001</misses>
				<total>0</total>
				<timestamp>3127.700666</timestamp>
			</report>
			<report>
				<misses>318200001</misses>
				<total>0</total>
				<timestamp>3128.684658</timestamp>
			</report>
			<report>
				<misses>318300001</misses>
				<total>0</total>
				<timestamp>3129.668518</timestamp>
			</report>
			<report>
				<misses>318400001</misses>
				<total>0</total>
				<timestamp>3130.651758</timestamp>
			</report>
			<report>
				<misses>318500001</misses>
				<total>0</total>
				<timestamp>3131.636571</timestamp>
			</report>
			<report>
				<misses>318600001</misses>
				<total>0</total>
				<timestamp>3132.619938</timestamp>
			</report>
			<report>
				<misses>318700001</misses>
				<total>0</total>
				<timestamp>3133.605559</timestamp>
			</report>
			<report>
				<misses>318800001</misses>
				<total>0</total>
				<timestamp>3134.588292</timestamp>
			</report>
			<report>
				<misses>318900001</misses>
				<total>0</total>
				<timestamp>3135.570774</timestamp>
			</report>
			<report>
				<misses>319000001</misses>
				<total>0</total>
				<timestamp>3136.555903</timestamp>
			</report>
			<report>
				<misses>319100001</misses>
				<total>0</total>
				<timestamp>3137.538897</timestamp>
			</report>
			<report>
				<misses>319200001</misses>
				<total>0</total>
				<timestamp>3138.523995</timestamp>
			</report>
			<report>
				<misses>319300001</misses>
				<total>0</total>
				<timestamp>3139.508648</timestamp>
			</report>
			<report>
				<misses>319400001</misses>
				<total>0</total>
				<timestamp>3140.492302</timestamp>
			</report>
			<report>
				<misses>319500001</misses>
				<total>0</total>
				<timestamp>3141.477814</timestamp>
			</report>
			<report>
				<misses>319600001</misses>
				<total>0</total>
				<timestamp>3142.462290</timestamp>
			</report>
			<report>
				<misses>319700001</misses>
				<total>0</total>
				<timestamp>3143.447161</timestamp>
			</report>
			<report>
				<misses>319800001</misses>
				<total>0</total>
				<timestamp>3144.427473</timestamp>
			</report>
			<report>
				<misses>319900001</misses>
				<total>0</total>
				<timestamp>3145.407930</timestamp>
			</report>
			<report>
				<misses>320000001</misses>
				<total>0</total>
				<timestamp>3146.391152</timestamp>
			</report>
			<report>
				<misses>320100001</misses>
				<total>0</total>
				<timestamp>3147.375515</timestamp>
			</report>
			<report>
				<misses>320200001</misses>
				<total>0</total>
				<timestamp>3148.359156</timestamp>
			</report>
			<report>
				<misses>320300001</misses>
				<total>0</total>
				<timestamp>3149.344265</timestamp>
			</report>
			<report>
				<misses>320400001</misses>
				<total>0</total>
				<timestamp>3150.329513</timestamp>
			</report>
			<report>
				<misses>320500001</misses>
				<total>0</total>
				<timestamp>3151.310861</timestamp>
			</report>
			<report>
				<misses>320600001</misses>
				<total>0</total>
				<timestamp>3152.293881</timestamp>
			</report>
			<report>
				<misses>320700001</misses>
				<total>0</total>
				<timestamp>3153.278748</timestamp>
			</report>
			<report>
				<misses>320800001</misses>
				<total>0</total>
				<timestamp>3154.261972</timestamp>
			</report>
			<report>
				<misses>320900001</misses>
				<total>0</total>
				<timestamp>3155.244457</timestamp>
			</report>
			<report>
				<misses>321000001</misses>
				<total>0</total>
				<timestamp>3156.227559</timestamp>
			</report>
			<report>
				<misses>321100001</misses>
				<total>0</total>
				<timestamp>3157.210267</timestamp>
			</report>
			<report>
				<misses>321200001</misses>
				<total>0</total>
				<timestamp>3158.193012</timestamp>
			</report>
			<report>
				<misses>321300001</misses>
				<total>0</total>
				<timestamp>3159.177251</timestamp>
			</report>
			<report>
				<misses>321400001</misses>
				<total>0</total>
				<timestamp>3160.160969</timestamp>
			</report>
			<report>
				<misses>321500001</misses>
				<total>0</total>
				<timestamp>3161.146883</timestamp>
			</report>
			<report>
				<misses>321600001</misses>
				<total>0</total>
				<timestamp>3162.129482</timestamp>
			</report>
			<report>
				<misses>321700001</misses>
				<total>0</total>
				<timestamp>3163.115346</timestamp>
			</report>
			<report>
				<misses>321800001</misses>
				<total>0</total>
				<timestamp>3164.099833</timestamp>
			</report>
			<report>
				<misses>321900001</misses>
				<total>0</total>
				<timestamp>3165.086357</timestamp>
			</report>
			<report>
				<misses>322000001</misses>
				<total>0</total>
				<timestamp>3166.074541</timestamp>
			</report>
			<report>
				<misses>322100001</misses>
				<total>0</total>
				<timestamp>3167.057144</timestamp>
			</report>
			<report>
				<misses>322200001</misses>
				<total>0</total>
				<timestamp>3168.043018</timestamp>
			</report>
			<report>
				<misses>322300001</misses>
				<total>0</total>
				<timestamp>3169.026777</timestamp>
			</report>
			<report>
				<misses>322400001</misses>
				<total>0</total>
				<timestamp>3170.010000</timestamp>
			</report>
			<report>
				<misses>322500001</misses>
				<total>0</total>
				<timestamp>3170.992332</timestamp>
			</report>
			<report>
				<misses>322600001</misses>
				<total>0</total>
				<timestamp>3171.974182</timestamp>
			</report>
			<report>
				<misses>322700001</misses>
				<total>0</total>
				<timestamp>3172.957922</timestamp>
			</report>
			<report>
				<misses>322800001</misses>
				<total>0</total>
				<timestamp>3173.942784</timestamp>
			</report>
			<report>
				<misses>322900001</misses>
				<total>0</total>
				<timestamp>3174.927598</timestamp>
			</report>
			<report>
				<misses>323000001</misses>
				<total>0</total>
				<timestamp>3175.911447</timestamp>
			</report>
			<report>
				<misses>323100001</misses>
				<total>0</total>
				<timestamp>3176.896217</timestamp>
			</report>
			<report>
				<misses>323200001</misses>
				<total>0</total>
				<timestamp>3177.878929</timestamp>
			</report>
			<report>
				<misses>323300001</misses>
				<total>0</total>
				<timestamp>3178.863575</timestamp>
			</report>
			<report>
				<misses>323400001</misses>
				<total>0</total>
				<timestamp>3179.845545</timestamp>
			</report>
			<report>
				<misses>323500001</misses>
				<total>0</total>
				<timestamp>3180.830528</timestamp>
			</report>
			<report>
				<misses>323600001</misses>
				<total>0</total>
				<timestamp>3181.815137</timestamp>
			</report>
			<report>
				<misses>323700001</misses>
				<total>0</total>
				<timestamp>3182.798393</timestamp>
			</report>
			<report>
				<misses>323800001</misses>
				<total>0</total>
				<timestamp>3183.781622</timestamp>
			</report>
			<report>
				<misses>323900001</misses>
				<total>0</total>
				<timestamp>3184.764353</timestamp>
			</report>
			<report>
				<misses>324000001</misses>
				<total>0</total>
				<timestamp>3185.747202</timestamp>
			</report>
			<report>
				<misses>324100001</misses>
				<total>0</total>
				<timestamp>3186.731827</timestamp>
			</report>
			<report>
				<misses>324200001</misses>
				<total>0</total>
				<timestamp>3187.715190</timestamp>
			</report>
			<report>
				<misses>324300001</misses>
				<total>0</total>
				<timestamp>3188.699277</timestamp>
			</report>
			<report>
				<misses>324400001</misses>
				<total>0</total>
				<timestamp>3189.685042</timestamp>
			</report>
			<report>
				<misses>324500001</misses>
				<total>0</total>
				<timestamp>3190.668008</timestamp>
			</report>
			<report>
				<misses>324600001</misses>
				<total>0</total>
				<timestamp>3191.650247</timestamp>
			</report>
			<report>
				<misses>324700001</misses>
				<total>0</total>
				<timestamp>3192.636377</timestamp>
			</report>
			<report>
				<misses>324800001</misses>
				<total>0</total>
				<timestamp>3193.621406</timestamp>
			</report>
			<report>
				<misses>324900001</misses>
				<total>0</total>
				<timestamp>3194.604775</timestamp>
			</report>
			<report>
				<misses>325000001</misses>
				<total>0</total>
				<timestamp>3195.590001</timestamp>
			</report>
			<report>
				<misses>325100001</misses>
				<total>0</total>
				<timestamp>3196.575180</timestamp>
			</report>
			<report>
				<misses>325200001</misses>
				<total>0</total>
				<timestamp>3197.559113</timestamp>
			</report>
			<report>
				<misses>325300001</misses>
				<total>0</total>
				<timestamp>3198.541051</timestamp>
			</report>
			<report>
				<misses>325400001</misses>
				<total>0</total>
				<timestamp>3199.525046</timestamp>
			</report>
			<report>
				<misses>325500001</misses>
				<total>0</total>
				<timestamp>3200.511578</timestamp>
			</report>
			<report>
				<misses>325600001</misses>
				<total>0</total>
				<timestamp>3201.494940</timestamp>
			</report>
			<report>
				<misses>325700001</misses>
				<total>0</total>
				<timestamp>3202.480170</timestamp>
			</report>
			<report>
				<misses>325800001</misses>
				<total>0</total>
				<timestamp>3203.463550</timestamp>
			</report>
			<report>
				<misses>325900001</misses>
				<total>0</total>
				<timestamp>3204.445017</timestamp>
			</report>
			<report>
				<misses>326000001</misses>
				<total>0</total>
				<timestamp>3205.430133</timestamp>
			</report>
			<report>
				<misses>326100001</misses>
				<total>0</total>
				<timestamp>3206.410202</timestamp>
			</report>
			<report>
				<misses>326200001</misses>
				<total>0</total>
				<timestamp>3207.391041</timestamp>
			</report>
			<report>
				<misses>326300001</misses>
				<total>0</total>
				<timestamp>3208.373135</timestamp>
			</report>
			<report>
				<misses>326400001</misses>
				<total>0</total>
				<timestamp>3209.356235</timestamp>
			</report>
			<report>
				<misses>326500001</misses>
				<total>0</total>
				<timestamp>3210.340999</timestamp>
			</report>
			<report>
				<misses>326600001</misses>
				<total>0</total>
				<timestamp>3211.322714</timestamp>
			</report>
			<report>
				<misses>326700001</misses>
				<total>0</total>
				<timestamp>3212.304790</timestamp>
			</report>
			<report>
				<misses>326800001</misses>
				<total>0</total>
				<timestamp>3213.286010</timestamp>
			</report>
			<report>
				<misses>326900001</misses>
				<total>0</total>
				<timestamp>3214.269491</timestamp>
			</report>
			<report>
				<misses>327000001</misses>
				<total>0</total>
				<timestamp>3215.254613</timestamp>
			</report>
			<report>
				<misses>327100001</misses>
				<total>0</total>
				<timestamp>3216.236594</timestamp>
			</report>
			<report>
				<misses>327200001</misses>
				<total>0</total>
				<timestamp>3217.222606</timestamp>
			</report>
			<report>
				<misses>327300001</misses>
				<total>0</total>
				<timestamp>3218.203942</timestamp>
			</report>
			<report>
				<misses>327400001</misses>
				<total>0</total>
				<timestamp>3219.187804</timestamp>
			</report>
			<report>
				<misses>327500001</misses>
				<total>0</total>
				<timestamp>3220.175709</timestamp>
			</report>
			<report>
				<misses>327600001</misses>
				<total>0</total>
				<timestamp>3221.158186</timestamp>
			</report>
			<report>
				<misses>327700001</misses>
				<total>0</total>
				<timestamp>3222.142429</timestamp>
			</report>
			<report>
				<misses>327800001</misses>
				<total>0</total>
				<timestamp>3223.124905</timestamp>
			</report>
			<report>
				<misses>327900001</misses>
				<total>0</total>
				<timestamp>3224.110042</timestamp>
			</report>
			<report>
				<misses>328000001</misses>
				<total>0</total>
				<timestamp>3225.092144</timestamp>
			</report>
			<report>
				<misses>328100001</misses>
				<total>0</total>
				<timestamp>3226.076252</timestamp>
			</report>
			<report>
				<misses>328200001</misses>
				<total>0</total>
				<timestamp>3227.061276</timestamp>
			</report>
			<report>
				<misses>328300001</misses>
				<total>0</total>
				<timestamp>3228.046529</timestamp>
			</report>
			<report>
				<misses>328400001</misses>
				<total>0</total>
				<timestamp>3229.029745</timestamp>
			</report>
			<report>
				<misses>328500001</misses>
				<total>0</total>
				<timestamp>3230.012735</timestamp>
			</report>
			<report>
				<misses>328600001</misses>
				<total>0</total>
				<timestamp>3230.996725</timestamp>
			</report>
			<report>
				<misses>328700001</misses>
				<total>0</total>
				<timestamp>3231.981493</timestamp>
			</report>
			<report>
				<misses>328800001</misses>
				<total>0</total>
				<timestamp>3232.966598</timestamp>
			</report>
			<report>
				<misses>328900001</misses>
				<total>0</total>
				<timestamp>3233.947587</timestamp>
			</report>
			<report>
				<misses>329000001</misses>
				<total>0</total>
				<timestamp>3234.932193</timestamp>
			</report>
			<report>
				<misses>329100001</misses>
				<total>0</total>
				<timestamp>3235.912899</timestamp>
			</report>
			<report>
				<misses>329200001</misses>
				<total>0</total>
				<timestamp>3236.896236</timestamp>
			</report>
			<report>
				<misses>329300001</misses>
				<total>0</total>
				<timestamp>3237.879858</timestamp>
			</report>
			<report>
				<misses>329400001</misses>
				<total>0</total>
				<timestamp>3238.864610</timestamp>
			</report>
			<report>
				<misses>329500001</misses>
				<total>0</total>
				<timestamp>3239.845452</timestamp>
			</report>
			<report>
				<misses>329600001</misses>
				<total>0</total>
				<timestamp>3240.830828</timestamp>
			</report>
			<report>
				<misses>329700001</misses>
				<total>0</total>
				<timestamp>3241.817090</timestamp>
			</report>
			<report>
				<misses>329800001</misses>
				<total>0</total>
				<timestamp>3242.800959</timestamp>
			</report>
			<report>
				<misses>329900001</misses>
				<total>0</total>
				<timestamp>3243.785577</timestamp>
			</report>
			<report>
				<misses>330000001</misses>
				<total>0</total>
				<timestamp>3244.771357</timestamp>
			</report>
			<report>
				<misses>330100001</misses>
				<total>0</total>
				<timestamp>3245.754717</timestamp>
			</report>
			<report>
				<misses>330200001</misses>
				<total>0</total>
				<timestamp>3246.737931</timestamp>
			</report>
			<report>
				<misses>330300001</misses>
				<total>0</total>
				<timestamp>3247.720035</timestamp>
			</report>
			<report>
				<misses>330400001</misses>
				<total>0</total>
				<timestamp>3248.704509</timestamp>
			</report>
			<report>
				<misses>330500001</misses>
				<total>0</total>
				<timestamp>3249.686356</timestamp>
			</report>
			<report>
				<misses>330600001</misses>
				<total>0</total>
				<timestamp>3250.669583</timestamp>
			</report>
			<report>
				<misses>330700001</misses>
				<total>0</total>
				<timestamp>3251.652334</timestamp>
			</report>
			<report>
				<misses>330800001</misses>
				<total>0</total>
				<timestamp>3252.637056</timestamp>
			</report>
			<report>
				<misses>330900001</misses>
				<total>0</total>
				<timestamp>3253.618905</timestamp>
			</report>
			<report>
				<misses>331000001</misses>
				<total>0</total>
				<timestamp>3254.602656</timestamp>
			</report>
			<report>
				<misses>331100001</misses>
				<total>0</total>
				<timestamp>3255.584739</timestamp>
			</report>
			<report>
				<misses>331200001</misses>
				<total>0</total>
				<timestamp>3256.567458</timestamp>
			</report>
			<report>
				<misses>331300001</misses>
				<total>0</total>
				<timestamp>3257.550556</timestamp>
			</report>
			<report>
				<misses>331400001</misses>
				<total>0</total>
				<timestamp>3258.534077</timestamp>
			</report>
			<report>
				<misses>331500001</misses>
				<total>0</total>
				<timestamp>3259.516139</timestamp>
			</report>
			<report>
				<misses>331600001</misses>
				<total>0</total>
				<timestamp>3260.499753</timestamp>
			</report>
			<report>
				<misses>331700001</misses>
				<total>0</total>
				<timestamp>3261.482137</timestamp>
			</report>
			<report>
				<misses>331800001</misses>
				<total>0</total>
				<timestamp>3262.463716</timestamp>
			</report>
			<report>
				<misses>331900001</misses>
				<total>0</total>
				<timestamp>3263.444402</timestamp>
			</report>
			<report>
				<misses>332000001</misses>
				<total>0</total>
				<timestamp>3264.429433</timestamp>
			</report>
			<report>
				<misses>332100001</misses>
				<total>0</total>
				<timestamp>3265.413141</timestamp>
			</report>
			<report>
				<misses>332200001</misses>
				<total>0</total>
				<timestamp>3266.396244</timestamp>
			</report>
			<report>
				<misses>332300001</misses>
				<total>0</total>
				<timestamp>3267.378474</timestamp>
			</report>
			<report>
				<misses>332400001</misses>
				<total>0</total>
				<timestamp>3268.360328</timestamp>
			</report>
			<report>
				<misses>332500001</misses>
				<total>0</total>
				<timestamp>3269.342807</timestamp>
			</report>
			<report>
				<misses>332600001</misses>
				<total>0</total>
				<timestamp>3270.324627</timestamp>
			</report>
			<report>
				<misses>332700001</misses>
				<total>0</total>
				<timestamp>3271.306204</timestamp>
			</report>
			<report>
				<misses>332800001</misses>
				<total>0</total>
				<timestamp>3272.291348</timestamp>
			</report>
			<report>
				<misses>332900001</misses>
				<total>0</total>
				<timestamp>3273.272826</timestamp>
			</report>
			<report>
				<misses>333000001</misses>
				<total>0</total>
				<timestamp>3274.257703</timestamp>
			</report>
			<report>
				<misses>333100001</misses>
				<total>0</total>
				<timestamp>3275.240922</timestamp>
			</report>
			<report>
				<misses>333200001</misses>
				<total>0</total>
				<timestamp>3276.224402</timestamp>
			</report>
			<report>
				<misses>333300001</misses>
				<total>0</total>
				<timestamp>3277.209156</timestamp>
			</report>
			<report>
				<misses>333400001</misses>
				<total>0</total>
				<timestamp>3278.191630</timestamp>
			</report>
			<report>
				<misses>333500001</misses>
				<total>0</total>
				<timestamp>3279.175758</timestamp>
			</report>
			<report>
				<misses>333600001</misses>
				<total>0</total>
				<timestamp>3280.157709</timestamp>
			</report>
			<report>
				<misses>333700001</misses>
				<total>0</total>
				<timestamp>3281.139527</timestamp>
			</report>
			<report>
				<misses>333800001</misses>
				<total>0</total>
				<timestamp>3282.122010</timestamp>
			</report>
			<report>
				<misses>333900001</misses>
				<total>0</total>
				<timestamp>3283.105891</timestamp>
			</report>
			<report>
				<misses>334000001</misses>
				<total>0</total>
				<timestamp>3284.089741</timestamp>
			</report>
			<report>
				<misses>334100001</misses>
				<total>0</total>
				<timestamp>3285.071959</timestamp>
			</report>
			<report>
				<misses>334200001</misses>
				<total>0</total>
				<timestamp>3286.052930</timestamp>
			</report>
			<report>
				<misses>334300001</misses>
				<total>0</total>
				<timestamp>3287.033255</timestamp>
			</report>
			<report>
				<misses>334400001</misses>
				<total>0</total>
				<timestamp>3288.013459</timestamp>
			</report>
			<report>
				<misses>334500001</misses>
				<total>0</total>
				<timestamp>3288.998315</timestamp>
			</report>
			<report>
				<misses>334600001</misses>
				<total>0</total>
				<timestamp>3289.980922</timestamp>
			</report>
			<report>
				<misses>334700001</misses>
				<total>0</total>
				<timestamp>3290.965661</timestamp>
			</report>
			<report>
				<misses>334800001</misses>
				<total>0</total>
				<timestamp>3291.947639</timestamp>
			</report>
			<report>
				<misses>334900001</misses>
				<total>0</total>
				<timestamp>3292.932000</timestamp>
			</report>
			<report>
				<misses>335000001</misses>
				<total>0</total>
				<timestamp>3293.913853</timestamp>
			</report>
			<report>
				<misses>335100001</misses>
				<total>0</total>
				<timestamp>3294.898227</timestamp>
			</report>
			<report>
				<misses>335200001</misses>
				<total>0</total>
				<timestamp>3295.882442</timestamp>
			</report>
			<report>
				<misses>335300001</misses>
				<total>0</total>
				<timestamp>3296.866445</timestamp>
			</report>
			<report>
				<misses>335400001</misses>
				<total>0</total>
				<timestamp>3297.852338</timestamp>
			</report>
			<report>
				<misses>335500001</misses>
				<total>0</total>
				<timestamp>3298.833539</timestamp>
			</report>
			<report>
				<misses>335600001</misses>
				<total>0</total>
				<timestamp>3299.817907</timestamp>
			</report>
			<report>
				<misses>335700001</misses>
				<total>0</total>
				<timestamp>3300.799267</timestamp>
			</report>
			<report>
				<misses>335800001</misses>
				<total>0</total>
				<timestamp>3301.782736</timestamp>
			</report>
			<report>
				<misses>335900001</misses>
				<total>0</total>
				<timestamp>3302.765469</timestamp>
			</report>
			<report>
				<misses>336000001</misses>
				<total>0</total>
				<timestamp>3303.748451</timestamp>
			</report>
			<report>
				<misses>336100001</misses>
				<total>0</total>
				<timestamp>3304.730671</timestamp>
			</report>
			<report>
				<misses>336200001</misses>
				<total>0</total>
				<timestamp>3305.715158</timestamp>
			</report>
			<report>
				<misses>336300001</misses>
				<total>0</total>
				<timestamp>3306.699173</timestamp>
			</report>
			<report>
				<misses>336400001</misses>
				<total>0</total>
				<timestamp>3307.682638</timestamp>
			</report>
			<report>
				<misses>336500001</misses>
				<total>0</total>
				<timestamp>3308.664369</timestamp>
			</report>
			<report>
				<misses>336600001</misses>
				<total>0</total>
				<timestamp>3309.646969</timestamp>
			</report>
			<report>
				<misses>336700001</misses>
				<total>0</total>
				<timestamp>3310.629804</timestamp>
			</report>
			<report>
				<misses>336800001</misses>
				<total>0</total>
				<timestamp>3311.610392</timestamp>
			</report>
			<report>
				<misses>336900001</misses>
				<total>0</total>
				<timestamp>3312.591214</timestamp>
			</report>
			<report>
				<misses>337000001</misses>
				<total>0</total>
				<timestamp>3313.575574</timestamp>
			</report>
			<report>
				<misses>337100001</misses>
				<total>0</total>
				<timestamp>3314.559952</timestamp>
			</report>
			<report>
				<misses>337200001</misses>
				<total>0</total>
				<timestamp>3315.543321</timestamp>
			</report>
			<report>
				<misses>337300001</misses>
				<total>0</total>
				<timestamp>3316.527179</timestamp>
			</report>
			<report>
				<misses>337400001</misses>
				<total>0</total>
				<timestamp>3317.509788</timestamp>
			</report>
			<report>
				<misses>337500001</misses>
				<total>0</total>
				<timestamp>3318.492374</timestamp>
			</report>
			<report>
				<misses>337600001</misses>
				<total>0</total>
				<timestamp>3319.473078</timestamp>
			</report>
			<report>
				<misses>337700001</misses>
				<total>0</total>
				<timestamp>3320.454813</timestamp>
			</report>
			<report>
				<misses>337800001</misses>
				<total>0</total>
				<timestamp>3321.436752</timestamp>
			</report>
			<report>
				<misses>337900001</misses>
				<total>0</total>
				<timestamp>3322.422264</timestamp>
			</report>
			<report>
				<misses>338000001</misses>
				<total>0</total>
				<timestamp>3323.406653</timestamp>
			</report>
			<report>
				<misses>338100001</misses>
				<total>0</total>
				<timestamp>3324.388099</timestamp>
			</report>
			<report>
				<misses>338200001</misses>
				<total>0</total>
				<timestamp>3325.371339</timestamp>
			</report>
			<report>
				<misses>338300001</misses>
				<total>0</total>
				<timestamp>3326.356210</timestamp>
			</report>
			<report>
				<misses>338400001</misses>
				<total>0</total>
				<timestamp>3327.342991</timestamp>
			</report>
			<report>
				<misses>338500001</misses>
				<total>0</total>
				<timestamp>3328.323940</timestamp>
			</report>
			<report>
				<misses>338600001</misses>
				<total>0</total>
				<timestamp>3329.308437</timestamp>
			</report>
			<report>
				<misses>338700001</misses>
				<total>0</total>
				<timestamp>3330.289779</timestamp>
			</report>
			<report>
				<misses>338800001</misses>
				<total>0</total>
				<timestamp>3331.270875</timestamp>
			</report>
			<report>
				<misses>338900001</misses>
				<total>0</total>
				<timestamp>3332.254731</timestamp>
			</report>
			<report>
				<misses>339000001</misses>
				<total>0</total>
				<timestamp>3333.236700</timestamp>
			</report>
			<report>
				<misses>339100001</misses>
				<total>0</total>
				<timestamp>3334.219655</timestamp>
			</report>
			<report>
				<misses>339200001</misses>
				<total>0</total>
				<timestamp>3335.201892</timestamp>
			</report>
			<report>
				<misses>339300001</misses>
				<total>0</total>
				<timestamp>3336.186269</timestamp>
			</report>
			<report>
				<misses>339400001</misses>
				<total>0</total>
				<timestamp>3337.170764</timestamp>
			</report>
			<report>
				<misses>339500001</misses>
				<total>0</total>
				<timestamp>3338.150943</timestamp>
			</report>
			<report>
				<misses>339600001</misses>
				<total>0</total>
				<timestamp>3339.131016</timestamp>
			</report>
			<report>
				<misses>339700001</misses>
				<total>0</total>
				<timestamp>3340.117940</timestamp>
			</report>
			<report>
				<misses>339800001</misses>
				<total>0</total>
				<timestamp>3341.097742</timestamp>
			</report>
			<report>
				<misses>339900001</misses>
				<total>0</total>
				<timestamp>3342.082354</timestamp>
			</report>
			<report>
				<misses>340000001</misses>
				<total>0</total>
				<timestamp>3343.064343</timestamp>
			</report>
			<report>
				<misses>340100001</misses>
				<total>0</total>
				<timestamp>3344.046951</timestamp>
			</report>
			<report>
				<misses>340200001</misses>
				<total>0</total>
				<timestamp>3345.030541</timestamp>
			</report>
			<report>
				<misses>340300001</misses>
				<total>0</total>
				<timestamp>3346.011391</timestamp>
			</report>
			<report>
				<misses>340400001</misses>
				<total>0</total>
				<timestamp>3346.993354</timestamp>
			</report>
			<report>
				<misses>340500001</misses>
				<total>0</total>
				<timestamp>3347.975685</timestamp>
			</report>
			<report>
				<misses>340600001</misses>
				<total>0</total>
				<timestamp>3348.960952</timestamp>
			</report>
			<report>
				<misses>340700001</misses>
				<total>0</total>
				<timestamp>3349.943555</timestamp>
			</report>
			<report>
				<misses>340800001</misses>
				<total>0</total>
				<timestamp>3350.923379</timestamp>
			</report>
			<report>
				<misses>340900001</misses>
				<total>0</total>
				<timestamp>3351.908122</timestamp>
			</report>
			<report>
				<misses>341000001</misses>
				<total>0</total>
				<timestamp>3352.889748</timestamp>
			</report>
			<report>
				<misses>341100001</misses>
				<total>0</total>
				<timestamp>3353.871685</timestamp>
			</report>
			<report>
				<misses>341200001</misses>
				<total>0</total>
				<timestamp>3354.853781</timestamp>
			</report>
			<report>
				<misses>341300001</misses>
				<total>0</total>
				<timestamp>3355.838274</timestamp>
			</report>
			<report>
				<misses>341400001</misses>
				<total>0</total>
				<timestamp>3356.821631</timestamp>
			</report>
			<report>
				<misses>341500001</misses>
				<total>0</total>
				<timestamp>3357.806263</timestamp>
			</report>
			<report>
				<misses>341600001</misses>
				<total>0</total>
				<timestamp>3358.787489</timestamp>
			</report>
			<report>
				<misses>341700001</misses>
				<total>0</total>
				<timestamp>3359.769565</timestamp>
			</report>
			<report>
				<misses>341800001</misses>
				<total>0</total>
				<timestamp>3360.752806</timestamp>
			</report>
			<report>
				<misses>341900001</misses>
				<total>0</total>
				<timestamp>3361.734910</timestamp>
			</report>
			<report>
				<misses>342000001</misses>
				<total>0</total>
				<timestamp>3362.718367</timestamp>
			</report>
			<report>
				<misses>342100001</misses>
				<total>0</total>
				<timestamp>3363.701106</timestamp>
			</report>
			<report>
				<misses>342200001</misses>
				<total>0</total>
				<timestamp>3364.685087</timestamp>
			</report>
			<report>
				<misses>342300001</misses>
				<total>0</total>
				<timestamp>3365.670106</timestamp>
			</report>
			<report>
				<misses>342400001</misses>
				<total>0</total>
				<timestamp>3366.651567</timestamp>
			</report>
			<report>
				<misses>342500001</misses>
				<total>0</total>
				<timestamp>3367.633528</timestamp>
			</report>
			<report>
				<misses>342600001</misses>
				<total>0</total>
				<timestamp>3368.615745</timestamp>
			</report>
			<report>
				<misses>342700001</misses>
				<total>0</total>
				<timestamp>3369.597832</timestamp>
			</report>
			<report>
				<misses>342800001</misses>
				<total>0</total>
				<timestamp>3370.579055</timestamp>
			</report>
			<report>
				<misses>342900001</misses>
				<total>0</total>
				<timestamp>3371.564174</timestamp>
			</report>
			<report>
				<misses>343000001</misses>
				<total>0</total>
				<timestamp>3372.544482</timestamp>
			</report>
			<report>
				<misses>343100001</misses>
				<total>0</total>
				<timestamp>3373.528994</timestamp>
			</report>
			<report>
				<misses>343200001</misses>
				<total>0</total>
				<timestamp>3374.512970</timestamp>
			</report>
			<report>
				<misses>343300001</misses>
				<total>0</total>
				<timestamp>3375.496352</timestamp>
			</report>
			<report>
				<misses>343400001</misses>
				<total>0</total>
				<timestamp>3376.480449</timestamp>
			</report>
			<report>
				<misses>343500001</misses>
				<total>0</total>
				<timestamp>3377.461804</timestamp>
			</report>
			<report>
				<misses>343600001</misses>
				<total>0</total>
				<timestamp>3378.444907</timestamp>
			</report>
			<report>
				<misses>343700001</misses>
				<total>0</total>
				<timestamp>3379.429908</timestamp>
			</report>
			<report>
				<misses>343800001</misses>
				<total>0</total>
				<timestamp>3380.414649</timestamp>
			</report>
			<report>
				<misses>343900001</misses>
				<total>0</total>
				<timestamp>3381.393592</timestamp>
			</report>
			<report>
				<misses>344000001</misses>
				<total>0</total>
				<timestamp>3382.377694</timestamp>
			</report>
			<report>
				<misses>344100001</misses>
				<total>0</total>
				<timestamp>3383.360042</timestamp>
			</report>
			<report>
				<misses>344200001</misses>
				<total>0</total>
				<timestamp>3384.343812</timestamp>
			</report>
			<report>
				<misses>344300001</misses>
				<total>0</total>
				<timestamp>3385.327391</timestamp>
			</report>
			<report>
				<misses>344400001</misses>
				<total>0</total>
				<timestamp>3386.309242</timestamp>
			</report>
			<report>
				<misses>344500001</misses>
				<total>0</total>
				<timestamp>3387.292862</timestamp>
			</report>
			<report>
				<misses>344600001</misses>
				<total>0</total>
				<timestamp>3388.274321</timestamp>
			</report>
			<report>
				<misses>344700001</misses>
				<total>0</total>
				<timestamp>3389.255543</timestamp>
			</report>
			<report>
				<misses>344800001</misses>
				<total>0</total>
				<timestamp>3390.238887</timestamp>
			</report>
			<report>
				<misses>344900001</misses>
				<total>0</total>
				<timestamp>3391.224019</timestamp>
			</report>
			<report>
				<misses>345000001</misses>
				<total>0</total>
				<timestamp>3392.205227</timestamp>
			</report>
			<report>
				<misses>345100001</misses>
				<total>0</total>
				<timestamp>3393.185917</timestamp>
			</report>
			<report>
				<misses>345200001</misses>
				<total>0</total>
				<timestamp>3394.168532</timestamp>
			</report>
			<report>
				<misses>345300001</misses>
				<total>0</total>
				<timestamp>3395.149873</timestamp>
			</report>
			<report>
				<misses>345400001</misses>
				<total>0</total>
				<timestamp>3396.132092</timestamp>
			</report>
			<report>
				<misses>345500001</misses>
				<total>0</total>
				<timestamp>3397.113553</timestamp>
			</report>
			<report>
				<misses>345600001</misses>
				<total>0</total>
				<timestamp>3398.094893</timestamp>
			</report>
			<report>
				<misses>345700001</misses>
				<total>0</total>
				<timestamp>3399.078367</timestamp>
			</report>
			<report>
				<misses>345800001</misses>
				<total>0</total>
				<timestamp>3400.061736</timestamp>
			</report>
			<report>
				<misses>345900001</misses>
				<total>0</total>
				<timestamp>3401.047244</timestamp>
			</report>
			<report>
				<misses>346000001</misses>
				<total>0</total>
				<timestamp>3402.031210</timestamp>
			</report>
			<report>
				<misses>346100001</misses>
				<total>0</total>
				<timestamp>3403.013434</timestamp>
			</report>
			<report>
				<misses>346200001</misses>
				<total>0</total>
				<timestamp>3403.997804</timestamp>
			</report>
			<report>
				<misses>346300001</misses>
				<total>0</total>
				<timestamp>3404.981147</timestamp>
			</report>
			<report>
				<misses>346400001</misses>
				<total>0</total>
				<timestamp>3405.964891</timestamp>
			</report>
			<report>
				<misses>346500001</misses>
				<total>0</total>
				<timestamp>3406.948239</timestamp>
			</report>
			<report>
				<misses>346600001</misses>
				<total>0</total>
				<timestamp>3407.931356</timestamp>
			</report>
			<report>
				<misses>346700001</misses>
				<total>0</total>
				<timestamp>3408.914828</timestamp>
			</report>
			<report>
				<misses>346800001</misses>
				<total>0</total>
				<timestamp>3409.898805</timestamp>
			</report>
			<report>
				<misses>346900001</misses>
				<total>0</total>
				<timestamp>3410.880200</timestamp>
			</report>
			<report>
				<misses>347000001</misses>
				<total>0</total>
				<timestamp>3411.862370</timestamp>
			</report>
			<report>
				<misses>347100001</misses>
				<total>0</total>
				<timestamp>3412.847373</timestamp>
			</report>
			<report>
				<misses>347200001</misses>
				<total>0</total>
				<timestamp>3413.832115</timestamp>
			</report>
			<report>
				<misses>347300001</misses>
				<total>0</total>
				<timestamp>3414.813089</timestamp>
			</report>
			<report>
				<misses>347400001</misses>
				<total>0</total>
				<timestamp>3415.795049</timestamp>
			</report>
			<report>
				<misses>347500001</misses>
				<total>0</total>
				<timestamp>3416.775229</timestamp>
			</report>
			<report>
				<misses>347600001</misses>
				<total>0</total>
				<timestamp>3417.761881</timestamp>
			</report>
			<report>
				<misses>347700001</misses>
				<total>0</total>
				<timestamp>3418.743495</timestamp>
			</report>
			<report>
				<misses>347800001</misses>
				<total>0</total>
				<timestamp>3419.729756</timestamp>
			</report>
			<report>
				<misses>347900001</misses>
				<total>0</total>
				<timestamp>3420.713361</timestamp>
			</report>
			<report>
				<misses>348000001</misses>
				<total>0</total>
				<timestamp>3421.696842</timestamp>
			</report>
			<report>
				<misses>348100001</misses>
				<total>0</total>
				<timestamp>3422.678110</timestamp>
			</report>
			<report>
				<misses>348200001</misses>
				<total>0</total>
				<timestamp>3423.662367</timestamp>
			</report>
			<report>
				<misses>348300001</misses>
				<total>0</total>
				<timestamp>3424.646486</timestamp>
			</report>
			<report>
				<misses>348400001</misses>
				<total>0</total>
				<timestamp>3425.630473</timestamp>
			</report>
			<report>
				<misses>348500001</misses>
				<total>0</total>
				<timestamp>3426.611327</timestamp>
			</report>
			<report>
				<misses>348600001</misses>
				<total>0</total>
				<timestamp>3427.597959</timestamp>
			</report>
			<report>
				<misses>348700001</misses>
				<total>0</total>
				<timestamp>3428.580556</timestamp>
			</report>
			<report>
				<misses>348800001</misses>
				<total>0</total>
				<timestamp>3429.565295</timestamp>
			</report>
			<report>
				<misses>348900001</misses>
				<total>0</total>
				<timestamp>3430.548145</timestamp>
			</report>
			<report>
				<misses>349000001</misses>
				<total>0</total>
				<timestamp>3431.534193</timestamp>
			</report>
			<report>
				<misses>349100001</misses>
				<total>0</total>
				<timestamp>3432.517167</timestamp>
			</report>
			<report>
				<misses>349200001</misses>
				<total>0</total>
				<timestamp>3433.500252</timestamp>
			</report>
			<report>
				<misses>349300001</misses>
				<total>0</total>
				<timestamp>3434.482343</timestamp>
			</report>
			<report>
				<misses>349400001</misses>
				<total>0</total>
				<timestamp>3435.464198</timestamp>
			</report>
			<report>
				<misses>349500001</misses>
				<total>0</total>
				<timestamp>3436.444882</timestamp>
			</report>
			<report>
				<misses>349600001</misses>
				<total>0</total>
				<timestamp>3437.426880</timestamp>
			</report>
			<report>
				<misses>349700001</misses>
				<total>0</total>
				<timestamp>3438.410856</timestamp>
			</report>
			<report>
				<misses>349800001</misses>
				<total>0</total>
				<timestamp>3439.395005</timestamp>
			</report>
			<report>
				<misses>349900001</misses>
				<total>0</total>
				<timestamp>3440.377593</timestamp>
			</report>
			<report>
				<misses>350000001</misses>
				<total>0</total>
				<timestamp>3441.362595</timestamp>
			</report>
			<report>
				<misses>350100001</misses>
				<total>0</total>
				<timestamp>3442.344564</timestamp>
			</report>
			<report>
				<misses>350200001</misses>
				<total>0</total>
				<timestamp>3443.326021</timestamp>
			</report>
			<report>
				<misses>350300001</misses>
				<total>0</total>
				<timestamp>3444.310276</timestamp>
			</report>
			<report>
				<misses>350400001</misses>
				<total>0</total>
				<timestamp>3445.293084</timestamp>
			</report>
			<report>
				<misses>350500001</misses>
				<total>0</total>
				<timestamp>3446.274658</timestamp>
			</report>
			<report>
				<misses>350600001</misses>
				<total>0</total>
				<timestamp>3447.258558</timestamp>
			</report>
			<report>
				<misses>350700001</misses>
				<total>0</total>
				<timestamp>3448.244184</timestamp>
			</report>
			<report>
				<misses>350800001</misses>
				<total>0</total>
				<timestamp>3449.227547</timestamp>
			</report>
			<report>
				<misses>350900001</misses>
				<total>0</total>
				<timestamp>3450.210251</timestamp>
			</report>
			<report>
				<misses>351000001</misses>
				<total>0</total>
				<timestamp>3451.191864</timestamp>
			</report>
			<report>
				<misses>351100001</misses>
				<total>0</total>
				<timestamp>3452.174589</timestamp>
			</report>
			<report>
				<misses>351200001</misses>
				<total>0</total>
				<timestamp>3453.158566</timestamp>
			</report>
			<report>
				<misses>351300001</misses>
				<total>0</total>
				<timestamp>3454.143956</timestamp>
			</report>
			<report>
				<misses>351400001</misses>
				<total>0</total>
				<timestamp>3455.127064</timestamp>
			</report>
			<report>
				<misses>351500001</misses>
				<total>0</total>
				<timestamp>3456.110792</timestamp>
			</report>
			<report>
				<misses>351600001</misses>
				<total>0</total>
				<timestamp>3457.094272</timestamp>
			</report>
			<report>
				<misses>351700001</misses>
				<total>0</total>
				<timestamp>3458.080181</timestamp>
			</report>
			<report>
				<misses>351800001</misses>
				<total>0</total>
				<timestamp>3459.060356</timestamp>
			</report>
			<report>
				<misses>351900001</misses>
				<total>0</total>
				<timestamp>3460.042213</timestamp>
			</report>
			<report>
				<misses>352000001</misses>
				<total>0</total>
				<timestamp>3461.024311</timestamp>
			</report>
			<report>
				<misses>352100001</misses>
				<total>0</total>
				<timestamp>3462.005015</timestamp>
			</report>
			<report>
				<misses>352200001</misses>
				<total>0</total>
				<timestamp>3462.987728</timestamp>
			</report>
			<report>
				<misses>352300001</misses>
				<total>0</total>
				<timestamp>3463.969831</timestamp>
			</report>
			<report>
				<misses>352400001</misses>
				<total>0</total>
				<timestamp>3464.956974</timestamp>
			</report>
			<report>
				<misses>352500001</misses>
				<total>0</total>
				<timestamp>3465.941869</timestamp>
			</report>
			<report>
				<misses>352600001</misses>
				<total>0</total>
				<timestamp>3466.922549</timestamp>
			</report>
			<report>
				<misses>352700001</misses>
				<total>0</total>
				<timestamp>3467.906685</timestamp>
			</report>
			<report>
				<misses>352800001</misses>
				<total>0</total>
				<timestamp>3468.887878</timestamp>
			</report>
			<report>
				<misses>352900001</misses>
				<total>0</total>
				<timestamp>3469.870353</timestamp>
			</report>
			<report>
				<misses>353000001</misses>
				<total>0</total>
				<timestamp>3470.850942</timestamp>
			</report>
			<report>
				<misses>353100001</misses>
				<total>0</total>
				<timestamp>3471.835443</timestamp>
			</report>
			<report>
				<misses>353200001</misses>
				<total>0</total>
				<timestamp>3472.820049</timestamp>
			</report>
			<report>
				<misses>353300001</misses>
				<total>0</total>
				<timestamp>3473.801512</timestamp>
			</report>
			<report>
				<misses>353400001</misses>
				<total>0</total>
				<timestamp>3474.786376</timestamp>
			</report>
			<report>
				<misses>353500001</misses>
				<total>0</total>
				<timestamp>3475.768360</timestamp>
			</report>
			<report>
				<misses>353600001</misses>
				<total>0</total>
				<timestamp>3476.753618</timestamp>
			</report>
			<report>
				<misses>353700001</misses>
				<total>0</total>
				<timestamp>3477.737725</timestamp>
			</report>
			<report>
				<misses>353800001</misses>
				<total>0</total>
				<timestamp>3478.719579</timestamp>
			</report>
			<report>
				<misses>353900001</misses>
				<total>0</total>
				<timestamp>3479.701667</timestamp>
			</report>
			<report>
				<misses>354000001</misses>
				<total>0</total>
				<timestamp>3480.684633</timestamp>
			</report>
			<report>
				<misses>354100001</misses>
				<total>0</total>
				<timestamp>3481.668272</timestamp>
			</report>
			<report>
				<misses>354200001</misses>
				<total>0</total>
				<timestamp>3482.652126</timestamp>
			</report>
			<report>
				<misses>354300001</misses>
				<total>0</total>
				<timestamp>3483.633469</timestamp>
			</report>
			<report>
				<misses>354400001</misses>
				<total>0</total>
				<timestamp>3484.617821</timestamp>
			</report>
			<report>
				<misses>354500001</misses>
				<total>0</total>
				<timestamp>3485.601818</timestamp>
			</report>
			<report>
				<misses>354600001</misses>
				<total>0</total>
				<timestamp>3486.584042</timestamp>
			</report>
			<report>
				<misses>354700001</misses>
				<total>0</total>
				<timestamp>3487.567790</timestamp>
			</report>
			<report>
				<misses>354800001</misses>
				<total>0</total>
				<timestamp>3488.552269</timestamp>
			</report>
			<report>
				<misses>354900001</misses>
				<total>0</total>
				<timestamp>3489.536906</timestamp>
			</report>
			<report>
				<misses>355000001</misses>
				<total>0</total>
				<timestamp>3490.517615</timestamp>
			</report>
			<report>
				<misses>355100001</misses>
				<total>0</total>
				<timestamp>3491.499328</timestamp>
			</report>
			<report>
				<misses>355200001</misses>
				<total>0</total>
				<timestamp>3492.485206</timestamp>
			</report>
			<report>
				<misses>355300001</misses>
				<total>0</total>
				<timestamp>3493.469319</timestamp>
			</report>
			<report>
				<misses>355400001</misses>
				<total>0</total>
				<timestamp>3494.450774</timestamp>
			</report>
			<report>
				<misses>355500001</misses>
				<total>0</total>
				<timestamp>3495.434409</timestamp>
			</report>
			<report>
				<misses>355600001</misses>
				<total>0</total>
				<timestamp>3496.417002</timestamp>
			</report>
			<report>
				<misses>355700001</misses>
				<total>0</total>
				<timestamp>3497.401739</timestamp>
			</report>
			<report>
				<misses>355800001</misses>
				<total>0</total>
				<timestamp>3498.384226</timestamp>
			</report>
			<report>
				<misses>355900001</misses>
				<total>0</total>
				<timestamp>3499.366437</timestamp>
			</report>
			<report>
				<misses>356000001</misses>
				<total>0</total>
				<timestamp>3500.347796</timestamp>
			</report>
			<report>
				<misses>356100001</misses>
				<total>0</total>
				<timestamp>3501.331398</timestamp>
			</report>
			<report>
				<misses>356200001</misses>
				<total>0</total>
				<timestamp>3502.314372</timestamp>
			</report>
			<report>
				<misses>356300001</misses>
				<total>0</total>
				<timestamp>3503.295828</timestamp>
			</report>
			<report>
				<misses>356400001</misses>
				<total>0</total>
				<timestamp>3504.277677</timestamp>
			</report>
			<report>
				<misses>356500001</misses>
				<total>0</total>
				<timestamp>3505.260016</timestamp>
			</report>
			<report>
				<misses>356600001</misses>
				<total>0</total>
				<timestamp>3506.242379</timestamp>
			</report>
			<report>
				<misses>356700001</misses>
				<total>0</total>
				<timestamp>3507.224857</timestamp>
			</report>
			<report>
				<misses>356800001</misses>
				<total>0</total>
				<timestamp>3508.207070</timestamp>
			</report>
			<report>
				<misses>356900001</misses>
				<total>0</total>
				<timestamp>3509.191069</timestamp>
			</report>
			<report>
				<misses>357000001</misses>
				<total>0</total>
				<timestamp>3510.172264</timestamp>
			</report>
			<report>
				<misses>357100001</misses>
				<total>0</total>
				<timestamp>3511.154358</timestamp>
			</report>
			<report>
				<misses>357200001</misses>
				<total>0</total>
				<timestamp>3512.139860</timestamp>
			</report>
			<report>
				<misses>357300001</misses>
				<total>0</total>
				<timestamp>3513.122593</timestamp>
			</report>
			<report>
				<misses>357400001</misses>
				<total>0</total>
				<timestamp>3514.104688</timestamp>
			</report>
			<report>
				<misses>357500001</misses>
				<total>0</total>
				<timestamp>3515.085901</timestamp>
			</report>
			<report>
				<misses>357600001</misses>
				<total>0</total>
				<timestamp>3516.070133</timestamp>
			</report>
			<report>
				<misses>357700001</misses>
				<total>0</total>
				<timestamp>3517.054624</timestamp>
			</report>
			<report>
				<misses>357800001</misses>
				<total>0</total>
				<timestamp>3518.037484</timestamp>
			</report>
			<report>
				<misses>357900001</misses>
				<total>0</total>
				<timestamp>3519.018608</timestamp>
			</report>
			<report>
				<misses>358000001</misses>
				<total>0</total>
				<timestamp>3520.001455</timestamp>
			</report>
			<report>
				<misses>358100001</misses>
				<total>0</total>
				<timestamp>3520.986084</timestamp>
			</report>
			<report>
				<misses>358200001</misses>
				<total>0</total>
				<timestamp>3521.970193</timestamp>
			</report>
			<report>
				<misses>358300001</misses>
				<total>0</total>
				<timestamp>3522.954202</timestamp>
			</report>
			<report>
				<misses>358400001</misses>
				<total>0</total>
				<timestamp>3523.939451</timestamp>
			</report>
			<report>
				<misses>358500001</misses>
				<total>0</total>
				<timestamp>3524.923058</timestamp>
			</report>
			<report>
				<misses>358600001</misses>
				<total>0</total>
				<timestamp>3525.903761</timestamp>
			</report>
			<report>
				<misses>358700001</misses>
				<total>0</total>
				<timestamp>3526.886350</timestamp>
			</report>
			<report>
				<misses>358800001</misses>
				<total>0</total>
				<timestamp>3527.869722</timestamp>
			</report>
			<report>
				<misses>358900001</misses>
				<total>0</total>
				<timestamp>3528.851559</timestamp>
			</report>
			<report>
				<misses>359000001</misses>
				<total>0</total>
				<timestamp>3529.832782</timestamp>
			</report>
			<report>
				<misses>359100001</misses>
				<total>0</total>
				<timestamp>3530.814257</timestamp>
			</report>
			<report>
				<misses>359200001</misses>
				<total>0</total>
				<timestamp>3531.798751</timestamp>
			</report>
			<report>
				<misses>359300001</misses>
				<total>0</total>
				<timestamp>3532.784746</timestamp>
			</report>
			<report>
				<misses>359400001</misses>
				<total>0</total>
				<timestamp>3533.766336</timestamp>
			</report>
			<report>
				<misses>359500001</misses>
				<total>0</total>
				<timestamp>3534.750187</timestamp>
			</report>
			<report>
				<misses>359600001</misses>
				<total>0</total>
				<timestamp>3535.733678</timestamp>
			</report>
			<report>
				<misses>359700001</misses>
				<total>0</total>
				<timestamp>3536.715767</timestamp>
			</report>
			<report>
				<misses>359800001</misses>
				<total>0</total>
				<timestamp>3537.698250</timestamp>
			</report>
			<report>
				<misses>359900001</misses>
				<total>0</total>
				<timestamp>3538.679352</timestamp>
			</report>
			<report>
				<misses>360000001</misses>
				<total>0</total>
				<timestamp>3539.661183</timestamp>
			</report>
			<report>
				<misses>360100001</misses>
				<total>0</total>
				<timestamp>3540.644423</timestamp>
			</report>
			<report>
				<misses>360200001</misses>
				<total>0</total>
				<timestamp>3541.627884</timestamp>
			</report>
			<report>
				<misses>360300001</misses>
				<total>0</total>
				<timestamp>3542.611386</timestamp>
			</report>
			<report>
				<misses>360400001</misses>
				<total>0</total>
				<timestamp>3543.593977</timestamp>
			</report>
			<report>
				<misses>360500001</misses>
				<total>0</total>
				<timestamp>3544.575573</timestamp>
			</report>
			<report>
				<misses>360600001</misses>
				<total>0</total>
				<timestamp>3545.558555</timestamp>
			</report>
			<report>
				<misses>360700001</misses>
				<total>0</total>
				<timestamp>3546.542146</timestamp>
			</report>
			<report>
				<misses>360800001</misses>
				<total>0</total>
				<timestamp>3547.524164</timestamp>
			</report>
			<report>
				<misses>360900001</misses>
				<total>0</total>
				<timestamp>3548.508913</timestamp>
			</report>
			<report>
				<misses>361000001</misses>
				<total>0</total>
				<timestamp>3549.490013</timestamp>
			</report>
			<report>
				<misses>361100001</misses>
				<total>0</total>
				<timestamp>3550.472341</timestamp>
			</report>
			<report>
				<misses>361200001</misses>
				<total>0</total>
				<timestamp>3551.452200</timestamp>
			</report>
			<report>
				<misses>361300001</misses>
				<total>0</total>
				<timestamp>3552.435939</timestamp>
			</report>
			<report>
				<misses>361400001</misses>
				<total>0</total>
				<timestamp>3553.417641</timestamp>
			</report>
			<report>
				<misses>361500001</misses>
				<total>0</total>
				<timestamp>3554.402900</timestamp>
			</report>
			<report>
				<misses>361600001</misses>
				<total>0</total>
				<timestamp>3555.384269</timestamp>
			</report>
			<report>
				<misses>361700001</misses>
				<total>0</total>
				<timestamp>3556.365074</timestamp>
			</report>
			<report>
				<misses>361800001</misses>
				<total>0</total>
				<timestamp>3557.347567</timestamp>
			</report>
			<report>
				<misses>361900001</misses>
				<total>0</total>
				<timestamp>3558.328613</timestamp>
			</report>
			<report>
				<misses>362000001</misses>
				<total>0</total>
				<timestamp>3559.311022</timestamp>
			</report>
			<report>
				<misses>362100001</misses>
				<total>0</total>
				<timestamp>3560.294119</timestamp>
			</report>
			<report>
				<misses>362200001</misses>
				<total>0</total>
				<timestamp>3561.276577</timestamp>
			</report>
			<report>
				<misses>362300001</misses>
				<total>0</total>
				<timestamp>3562.257927</timestamp>
			</report>
			<report>
				<misses>362400001</misses>
				<total>0</total>
				<timestamp>3563.239405</timestamp>
			</report>
			<report>
				<misses>362500001</misses>
				<total>0</total>
				<timestamp>3564.225163</timestamp>
			</report>
			<report>
				<misses>362600001</misses>
				<total>0</total>
				<timestamp>3565.207989</timestamp>
			</report>
			<report>
				<misses>362700001</misses>
				<total>0</total>
				<timestamp>3566.188337</timestamp>
			</report>
			<report>
				<misses>362800001</misses>
				<total>0</total>
				<timestamp>3567.168644</timestamp>
			</report>
			<report>
				<misses>362900001</misses>
				<total>0</total>
				<timestamp>3568.148870</timestamp>
			</report>
			<report>
				<misses>363000001</misses>
				<total>0</total>
				<timestamp>3569.131692</timestamp>
			</report>
			<report>
				<misses>363100001</misses>
				<total>0</total>
				<timestamp>3570.113686</timestamp>
			</report>
			<report>
				<misses>363200001</misses>
				<total>0</total>
				<timestamp>3571.099951</timestamp>
			</report>
			<report>
				<misses>363300001</misses>
				<total>0</total>
				<timestamp>3572.079749</timestamp>
			</report>
			<report>
				<misses>363400001</misses>
				<total>0</total>
				<timestamp>3573.060847</timestamp>
			</report>
			<report>
				<misses>363500001</misses>
				<total>0</total>
				<timestamp>3574.044959</timestamp>
			</report>
			<report>
				<misses>363600001</misses>
				<total>0</total>
				<timestamp>3575.026809</timestamp>
			</report>
			<report>
				<misses>363700001</misses>
				<total>0</total>
				<timestamp>3576.009785</timestamp>
			</report>
			<report>
				<misses>363800001</misses>
				<total>0</total>
				<timestamp>3576.992013</timestamp>
			</report>
			<report>
				<misses>363900001</misses>
				<total>0</total>
				<timestamp>3577.975242</timestamp>
			</report>
			<report>
				<misses>364000001</misses>
				<total>0</total>
				<timestamp>3578.961643</timestamp>
			</report>
			<report>
				<misses>364100001</misses>
				<total>0</total>
				<timestamp>3579.944613</timestamp>
			</report>
			<report>
				<misses>364200001</misses>
				<total>0</total>
				<timestamp>3580.924922</timestamp>
			</report>
			<report>
				<misses>364300001</misses>
				<total>0</total>
				<timestamp>3581.909925</timestamp>
			</report>
			<report>
				<misses>364400001</misses>
				<total>0</total>
				<timestamp>3582.892666</timestamp>
			</report>
			<report>
				<misses>364500001</misses>
				<total>0</total>
				<timestamp>3583.877902</timestamp>
			</report>
			<report>
				<misses>364600001</misses>
				<total>0</total>
				<timestamp>3584.861783</timestamp>
			</report>
			<report>
				<misses>364700001</misses>
				<total>0</total>
				<timestamp>3585.843365</timestamp>
			</report>
			<report>
				<misses>364800001</misses>
				<total>0</total>
				<timestamp>3586.826712</timestamp>
			</report>
			<report>
				<misses>364900001</misses>
				<total>0</total>
				<timestamp>3587.808590</timestamp>
			</report>
			<report>
				<misses>365000001</misses>
				<total>0</total>
				<timestamp>3588.791450</timestamp>
			</report>
			<report>
				<misses>365100001</misses>
				<total>0</total>
				<timestamp>3589.775303</timestamp>
			</report>
			<report>
				<misses>365200001</misses>
				<total>0</total>
				<timestamp>3590.756664</timestamp>
			</report>
			<report>
				<misses>365300001</misses>
				<total>0</total>
				<timestamp>3591.742160</timestamp>
			</report>
			<report>
				<misses>365400001</misses>
				<total>0</total>
				<timestamp>3592.726125</timestamp>
			</report>
			<report>
				<misses>365500001</misses>
				<total>0</total>
				<timestamp>3593.714440</timestamp>
			</report>
			<report>
				<misses>365600001</misses>
				<total>0</total>
				<timestamp>3594.700782</timestamp>
			</report>
			<report>
				<misses>365700001</misses>
				<total>0</total>
				<timestamp>3595.684773</timestamp>
			</report>
			<report>
				<misses>365800001</misses>
				<total>0</total>
				<timestamp>3596.667254</timestamp>
			</report>
			<report>
				<misses>365900001</misses>
				<total>0</total>
				<timestamp>3597.650479</timestamp>
			</report>
			<report>
				<misses>366000001</misses>
				<total>0</total>
				<timestamp>3598.634979</timestamp>
			</report>
			<report>
				<misses>366100001</misses>
				<total>0</total>
				<timestamp>3599.619595</timestamp>
			</report>
		</query>
	</custom>
	<ethtool_statistic>
		<rx_packets>
			<start>-1</start>
			<end>-1</end>
		</rx_packets>
		<tx_packets>
			<start>-1</start>
			<end>-1</end>
		</tx_packets>
		<rx_dropped>
			<start>-1</start>
			<end>-1</end>
		</rx_dropped>
		<tx_dropped>
			<start>-1</start>
			<end>-1</end>
		</tx_dropped>
		<collisions>
			<start>-1</start>
			<end>-1</end>
		</collisions>
		<port_tx_errors>
			<start>-1</start>
			<end>-1</end>
		</port_tx_errors>
		<port_rx_dropped>
			<start>-1</start>
			<end>-1</end>
		</port_rx_dropped>
		<port_tx_dropped_link_down>
			<start>-1</start>
			<end>-1</end>
		</port_tx_dropped_link_down>
	</ethtool_statistic>
	<ip_statistic>
		<mtu>
			<start>-1</start>
			<end>-1</end>
		</mtu>
		<rx_bytes>
			<start>-1</start>
			<end>-1</end>
		</rx_bytes>
		<rx_packets>
			<start>-1</start>
			<end>-1</end>
		</rx_packets>
		<rx_errors>
			<start>-1</start>
			<end>-1</end>
		</rx_errors>
		<rx_dropped>
			<start>-1</start>
			<end>-1</end>
		</rx_dropped>
		<rx_missed>
			<start>-1</start>
			<end>-1</end>
		</rx_missed>
		<rx_mcast>
			<start>-1</start>
			<end>-1</end>
		</rx_mcast>
		<tx_bytes>
			<start>-1</start>
			<end>-1</end>
		</tx_bytes>
		<tx_packets>
			<start>-1</start>
			<end>-1</end>
		</tx_packets>
		<tx_errors>
			<start>-1</start>
			<end>-1</end>
		</tx_errors>
		<tx_dropped>
			<start>-1</start>
			<end>-1</end>
		</tx_dropped>
		<tx_carrier>
			<start>-1</start>
			<end>-1</end>
		</tx_carrier>
		<tx_collisions>
			<start>-1</start>
			<end>-1</end>
		</tx_collisions>
	</ip_statistic>
	<netstat_statistic>
		<udp_pkg_rec>
			<start>4258746209</start>
			<end>5729941492</end>
		</udp_pkg_rec>
		<udp_pkg_snt>
			<start>4909494117</start>
			<end>6371910674</end>
		</udp_pkg_snt>
		<udp_rec_err>
			<start>343</start>
			<end>1007</end>
		</udp_rec_err>
		<udp_rec_buf_err>
			<start>343</start>
			<end>1007</end>
		</udp_rec_buf_err>
		<udp_snt_buf_err>
			<start>2</start>
			<end>2</end>
		</udp_snt_buf_err>
	</netstat_statistic>
</test_results>
