<?xml version="1.0"?>
<test_results>
	<status>STATUS_SUCCESS</status>
	<custom>
		<num_loss>9</num_loss>
		<num_total>359809930</num_total>
		<num_misses>172457</num_misses>
		<elapsed_time>7199.575784</elapsed_time>
		<query>
			<report>
				<misses>100000</misses>
				<total>0</total>
				<timestamp>2.002175</timestamp>
			</report>
			<report>
				<misses>200000</misses>
				<total>0</total>
				<timestamp>4.002279</timestamp>
			</report>
			<report>
				<misses>300000</misses>
				<total>0</total>
				<timestamp>6.002420</timestamp>
			</report>
			<report>
				<misses>400000</misses>
				<total>0</total>
				<timestamp>8.003081</timestamp>
			</report>
			<report>
				<misses>500000</misses>
				<total>0</total>
				<timestamp>10.003674</timestamp>
			</report>
			<report>
				<misses>600000</misses>
				<total>0</total>
				<timestamp>12.004800</timestamp>
			</report>
			<report>
				<misses>700000</misses>
				<total>0</total>
				<timestamp>14.004951</timestamp>
			</report>
			<report>
				<misses>800000</misses>
				<total>0</total>
				<timestamp>16.005979</timestamp>
			</report>
			<report>
				<misses>900000</misses>
				<total>0</total>
				<timestamp>18.007619</timestamp>
			</report>
			<report>
				<misses>1000000</misses>
				<total>0</total>
				<timestamp>20.007688</timestamp>
			</report>
			<report>
				<misses>1100000</misses>
				<total>0</total>
				<timestamp>22.008489</timestamp>
			</report>
			<report>
				<misses>1200000</misses>
				<total>0</total>
				<timestamp>24.009529</timestamp>
			</report>
			<report>
				<misses>1300000</misses>
				<total>0</total>
				<timestamp>26.010750</timestamp>
			</report>
			<report>
				<misses>1400000</misses>
				<total>0</total>
				<timestamp>28.011666</timestamp>
			</report>
			<report>
				<misses>1500000</misses>
				<total>0</total>
				<timestamp>30.011742</timestamp>
			</report>
			<report>
				<misses>1600000</misses>
				<total>0</total>
				<timestamp>32.012019</timestamp>
			</report>
			<report>
				<misses>1700000</misses>
				<total>0</total>
				<timestamp>34.012155</timestamp>
			</report>
			<report>
				<misses>1800000</misses>
				<total>0</total>
				<timestamp>36.012867</timestamp>
			</report>
			<report>
				<misses>1900000</misses>
				<total>0</total>
				<timestamp>38.013585</timestamp>
			</report>
			<report>
				<misses>2000000</misses>
				<total>0</total>
				<timestamp>40.013695</timestamp>
			</report>
			<report>
				<misses>2100000</misses>
				<total>0</total>
				<timestamp>42.014945</timestamp>
			</report>
			<report>
				<misses>2200000</misses>
				<total>0</total>
				<timestamp>44.017181</timestamp>
			</report>
			<report>
				<misses>2300000</misses>
				<total>0</total>
				<timestamp>46.019361</timestamp>
			</report>
			<report>
				<misses>2400000</misses>
				<total>0</total>
				<timestamp>48.020540</timestamp>
			</report>
			<report>
				<misses>2500000</misses>
				<total>0</total>
				<timestamp>50.022974</timestamp>
			</report>
			<report>
				<misses>2600000</misses>
				<total>0</total>
				<timestamp>52.024175</timestamp>
			</report>
			<report>
				<misses>2700000</misses>
				<total>0</total>
				<timestamp>54.025916</timestamp>
			</report>
			<report>
				<misses>2800000</misses>
				<total>0</total>
				<timestamp>56.027061</timestamp>
			</report>
			<report>
				<misses>2900000</misses>
				<total>0</total>
				<timestamp>58.027382</timestamp>
			</report>
			<report>
				<misses>3000000</misses>
				<total>1</total>
				<timestamp>60.027808</timestamp>
			</report>
			<report>
				<misses>3100000</misses>
				<total>1</total>
				<timestamp>62.029058</timestamp>
			</report>
			<report>
				<misses>3200000</misses>
				<total>1</total>
				<timestamp>64.030065</timestamp>
			</report>
			<report>
				<misses>3300000</misses>
				<total>1</total>
				<timestamp>66.031310</timestamp>
			</report>
			<report>
				<misses>3400000</misses>
				<total>1</total>
				<timestamp>68.032618</timestamp>
			</report>
			<report>
				<misses>3500000</misses>
				<total>1</total>
				<timestamp>70.034121</timestamp>
			</report>
			<report>
				<misses>3600000</misses>
				<total>1</total>
				<timestamp>72.035681</timestamp>
			</report>
			<report>
				<misses>3700000</misses>
				<total>1</total>
				<timestamp>74.036609</timestamp>
			</report>
			<report>
				<misses>3800000</misses>
				<total>1</total>
				<timestamp>76.037139</timestamp>
			</report>
			<report>
				<misses>3900000</misses>
				<total>1</total>
				<timestamp>78.037186</timestamp>
			</report>
			<report>
				<misses>4000000</misses>
				<total>1</total>
				<timestamp>80.037936</timestamp>
			</report>
			<report>
				<misses>4100000</misses>
				<total>1</total>
				<timestamp>82.038443</timestamp>
			</report>
			<report>
				<misses>4200000</misses>
				<total>1</total>
				<timestamp>84.039143</timestamp>
			</report>
			<report>
				<misses>4300000</misses>
				<total>1</total>
				<timestamp>86.040305</timestamp>
			</report>
			<report>
				<misses>4400000</misses>
				<total>1</total>
				<timestamp>88.040861</timestamp>
			</report>
			<report>
				<misses>4500000</misses>
				<total>1</total>
				<timestamp>90.041959</timestamp>
			</report>
			<report>
				<misses>4600000</misses>
				<total>1</total>
				<timestamp>92.042298</timestamp>
			</report>
			<report>
				<misses>4700000</misses>
				<total>1</total>
				<timestamp>94.042705</timestamp>
			</report>
			<report>
				<misses>4800000</misses>
				<total>1</total>
				<timestamp>96.042964</timestamp>
			</report>
			<report>
				<misses>4900000</misses>
				<total>1</total>
				<timestamp>98.043758</timestamp>
			</report>
			<report>
				<misses>5000000</misses>
				<total>1</total>
				<timestamp>100.045361</timestamp>
			</report>
			<report>
				<misses>5100000</misses>
				<total>1</total>
				<timestamp>102.045925</timestamp>
			</report>
			<report>
				<misses>5200000</misses>
				<total>1</total>
				<timestamp>104.047214</timestamp>
			</report>
			<report>
				<misses>5300000</misses>
				<total>1</total>
				<timestamp>106.048641</timestamp>
			</report>
			<report>
				<misses>5400000</misses>
				<total>1</total>
				<timestamp>108.049423</timestamp>
			</report>
			<report>
				<misses>5500000</misses>
				<total>1</total>
				<timestamp>110.049759</timestamp>
			</report>
			<report>
				<misses>5600000</misses>
				<total>1</total>
				<timestamp>112.051799</timestamp>
			</report>
			<report>
				<misses>5700000</misses>
				<total>1</total>
				<timestamp>114.051956</timestamp>
			</report>
			<report>
				<misses>5800000</misses>
				<total>1</total>
				<timestamp>116.052457</timestamp>
			</report>
			<report>
				<misses>5900000</misses>
				<total>1</total>
				<timestamp>118.053270</timestamp>
			</report>
			<report>
				<misses>6000000</misses>
				<total>1</total>
				<timestamp>120.053948</timestamp>
			</report>
			<report>
				<misses>6100000</misses>
				<total>1</total>
				<timestamp>122.054646</timestamp>
			</report>
			<report>
				<misses>6200000</misses>
				<total>1</total>
				<timestamp>124.055712</timestamp>
			</report>
			<report>
				<misses>6300000</misses>
				<total>1</total>
				<timestamp>126.056061</timestamp>
			</report>
			<report>
				<misses>6400000</misses>
				<total>1</total>
				<timestamp>128.057311</timestamp>
			</report>
			<report>
				<misses>6500000</misses>
				<total>1</total>
				<timestamp>130.058209</timestamp>
			</report>
			<report>
				<misses>6600000</misses>
				<total>1</total>
				<timestamp>132.059018</timestamp>
			</report>
			<report>
				<misses>6700000</misses>
				<total>1</total>
				<timestamp>134.059273</timestamp>
			</report>
			<report>
				<misses>6800000</misses>
				<total>1</total>
				<timestamp>136.059364</timestamp>
			</report>
			<report>
				<misses>6900000</misses>
				<total>1</total>
				<timestamp>138.060179</timestamp>
			</report>
			<report>
				<misses>7000000</misses>
				<total>1</total>
				<timestamp>140.062256</timestamp>
			</report>
			<report>
				<misses>7100000</misses>
				<total>1</total>
				<timestamp>142.063026</timestamp>
			</report>
			<report>
				<misses>7200000</misses>
				<total>1</total>
				<timestamp>144.064093</timestamp>
			</report>
			<report>
				<misses>7300000</misses>
				<total>1</total>
				<timestamp>146.064680</timestamp>
			</report>
			<report>
				<misses>7400000</misses>
				<total>1</total>
				<timestamp>148.065795</timestamp>
			</report>
			<report>
				<misses>7500000</misses>
				<total>1</total>
				<timestamp>150.066507</timestamp>
			</report>
			<report>
				<misses>7600000</misses>
				<total>1</total>
				<timestamp>152.066557</timestamp>
			</report>
			<report>
				<misses>7700000</misses>
				<total>1</total>
				<timestamp>154.066660</timestamp>
			</report>
			<report>
				<misses>7800000</misses>
				<total>1</total>
				<timestamp>156.068744</timestamp>
			</report>
			<report>
				<misses>7900000</misses>
				<total>1</total>
				<timestamp>158.069544</timestamp>
			</report>
			<report>
				<misses>8000000</misses>
				<total>1</total>
				<timestamp>160.070314</timestamp>
			</report>
			<report>
				<misses>8100000</misses>
				<total>1</total>
				<timestamp>162.071520</timestamp>
			</report>
			<report>
				<misses>8200000</misses>
				<total>1</total>
				<timestamp>164.072184</timestamp>
			</report>
			<report>
				<misses>8300000</misses>
				<total>1</total>
				<timestamp>166.074043</timestamp>
			</report>
			<report>
				<misses>8400000</misses>
				<total>1</total>
				<timestamp>168.074501</timestamp>
			</report>
			<report>
				<misses>8500000</misses>
				<total>1</total>
				<timestamp>170.074703</timestamp>
			</report>
			<report>
				<misses>8600000</misses>
				<total>1</total>
				<timestamp>172.075163</timestamp>
			</report>
			<report>
				<misses>8700000</misses>
				<total>1</total>
				<timestamp>174.076364</timestamp>
			</report>
			<report>
				<misses>8800000</misses>
				<total>1</total>
				<timestamp>176.077540</timestamp>
			</report>
			<report>
				<misses>8900000</misses>
				<total>1</total>
				<timestamp>178.078348</timestamp>
			</report>
			<report>
				<misses>9000000</misses>
				<total>1</total>
				<timestamp>180.079183</timestamp>
			</report>
			<report>
				<misses>9100000</misses>
				<total>1</total>
				<timestamp>182.079758</timestamp>
			</report>
			<report>
				<misses>9200000</misses>
				<total>1</total>
				<timestamp>184.080011</timestamp>
			</report>
			<report>
				<misses>9300000</misses>
				<total>1</total>
				<timestamp>186.080486</timestamp>
			</report>
			<report>
				<misses>9400000</misses>
				<total>1</total>
				<timestamp>188.080526</timestamp>
			</report>
			<report>
				<misses>9500000</misses>
				<total>1</total>
				<timestamp>190.080602</timestamp>
			</report>
			<report>
				<misses>9600000</misses>
				<total>1</total>
				<timestamp>192.081391</timestamp>
			</report>
			<report>
				<misses>9700000</misses>
				<total>1</total>
				<timestamp>194.082722</timestamp>
			</report>
			<report>
				<misses>9800000</misses>
				<total>1</total>
				<timestamp>196.083994</timestamp>
			</report>
			<report>
				<misses>9900000</misses>
				<total>1</total>
				<timestamp>198.085336</timestamp>
			</report>
			<report>
				<misses>10000000</misses>
				<total>1</total>
				<timestamp>200.086780</timestamp>
			</report>
			<report>
				<misses>10100000</misses>
				<total>1</total>
				<timestamp>202.087394</timestamp>
			</report>
			<report>
				<misses>10200000</misses>
				<total>1</total>
				<timestamp>204.088278</timestamp>
			</report>
			<report>
				<misses>10300000</misses>
				<total>1</total>
				<timestamp>206.088437</timestamp>
			</report>
			<report>
				<misses>10400000</misses>
				<total>1</total>
				<timestamp>208.088478</timestamp>
			</report>
			<report>
				<misses>10500000</misses>
				<total>1</total>
				<timestamp>210.088601</timestamp>
			</report>
			<report>
				<misses>10600000</misses>
				<total>1</total>
				<timestamp>212.089151</timestamp>
			</report>
			<report>
				<misses>10700000</misses>
				<total>1</total>
				<timestamp>214.090137</timestamp>
			</report>
			<report>
				<misses>10800000</misses>
				<total>1</total>
				<timestamp>216.090711</timestamp>
			</report>
			<report>
				<misses>10900000</misses>
				<total>1</total>
				<timestamp>218.091535</timestamp>
			</report>
			<report>
				<misses>11000000</misses>
				<total>1</total>
				<timestamp>220.092400</timestamp>
			</report>
			<report>
				<misses>11100000</misses>
				<total>1</total>
				<timestamp>222.092792</timestamp>
			</report>
			<report>
				<misses>11200000</misses>
				<total>1</total>
				<timestamp>224.093006</timestamp>
			</report>
			<report>
				<misses>11300000</misses>
				<total>1</total>
				<timestamp>226.093231</timestamp>
			</report>
			<report>
				<misses>11400000</misses>
				<total>1</total>
				<timestamp>228.093544</timestamp>
			</report>
			<report>
				<misses>11500000</misses>
				<total>1</total>
				<timestamp>230.094215</timestamp>
			</report>
			<report>
				<misses>11600000</misses>
				<total>1</total>
				<timestamp>232.094469</timestamp>
			</report>
			<report>
				<misses>11700000</misses>
				<total>1</total>
				<timestamp>234.094650</timestamp>
			</report>
			<report>
				<misses>11800000</misses>
				<total>1</total>
				<timestamp>236.095086</timestamp>
			</report>
			<report>
				<misses>11900000</misses>
				<total>1</total>
				<timestamp>238.095131</timestamp>
			</report>
			<report>
				<misses>12000000</misses>
				<total>1</total>
				<timestamp>240.096164</timestamp>
			</report>
			<report>
				<misses>12100000</misses>
				<total>1</total>
				<timestamp>242.097116</timestamp>
			</report>
			<report>
				<misses>12200000</misses>
				<total>1</total>
				<timestamp>244.098283</timestamp>
			</report>
			<report>
				<misses>12300000</misses>
				<total>1</total>
				<timestamp>246.099849</timestamp>
			</report>
			<report>
				<misses>12400000</misses>
				<total>1</total>
				<timestamp>248.100139</timestamp>
			</report>
			<report>
				<misses>12500000</misses>
				<total>1</total>
				<timestamp>250.100396</timestamp>
			</report>
			<report>
				<misses>12600000</misses>
				<total>1</total>
				<timestamp>252.100458</timestamp>
			</report>
			<report>
				<misses>12700000</misses>
				<total>1</total>
				<timestamp>254.102098</timestamp>
			</report>
			<report>
				<misses>12800000</misses>
				<total>1</total>
				<timestamp>256.103684</timestamp>
			</report>
			<report>
				<misses>12900000</misses>
				<total>1</total>
				<timestamp>258.105089</timestamp>
			</report>
			<report>
				<misses>13000000</misses>
				<total>1</total>
				<timestamp>260.106231</timestamp>
			</report>
			<report>
				<misses>13100000</misses>
				<total>1</total>
				<timestamp>262.108859</timestamp>
			</report>
			<report>
				<misses>13200000</misses>
				<total>1</total>
				<timestamp>264.109763</timestamp>
			</report>
			<report>
				<misses>13300000</misses>
				<total>1</total>
				<timestamp>266.109838</timestamp>
			</report>
			<report>
				<misses>13400000</misses>
				<total>1</total>
				<timestamp>268.109922</timestamp>
			</report>
			<report>
				<misses>13500000</misses>
				<total>1</total>
				<timestamp>270.110392</timestamp>
			</report>
			<report>
				<misses>13600000</misses>
				<total>1</total>
				<timestamp>272.111284</timestamp>
			</report>
			<report>
				<misses>13700000</misses>
				<total>1</total>
				<timestamp>274.113008</timestamp>
			</report>
			<report>
				<misses>13800000</misses>
				<total>1</total>
				<timestamp>276.114256</timestamp>
			</report>
			<report>
				<misses>13900000</misses>
				<total>1</total>
				<timestamp>278.115757</timestamp>
			</report>
			<report>
				<misses>14000000</misses>
				<total>1</total>
				<timestamp>280.117674</timestamp>
			</report>
			<report>
				<misses>14100000</misses>
				<total>1</total>
				<timestamp>282.118123</timestamp>
			</report>
			<report>
				<misses>14200000</misses>
				<total>1</total>
				<timestamp>284.118447</timestamp>
			</report>
			<report>
				<misses>14300000</misses>
				<total>1</total>
				<timestamp>286.118476</timestamp>
			</report>
			<report>
				<misses>14400000</misses>
				<total>1</total>
				<timestamp>288.118798</timestamp>
			</report>
			<report>
				<misses>14500000</misses>
				<total>1</total>
				<timestamp>290.119647</timestamp>
			</report>
			<report>
				<misses>14600000</misses>
				<total>1</total>
				<timestamp>292.120527</timestamp>
			</report>
			<report>
				<misses>14700000</misses>
				<total>1</total>
				<timestamp>294.121173</timestamp>
			</report>
			<report>
				<misses>14800000</misses>
				<total>1</total>
				<timestamp>296.122450</timestamp>
			</report>
			<report>
				<misses>14900000</misses>
				<total>1</total>
				<timestamp>298.123099</timestamp>
			</report>
			<report>
				<misses>15000000</misses>
				<total>1</total>
				<timestamp>300.124026</timestamp>
			</report>
			<report>
				<misses>15100000</misses>
				<total>1</total>
				<timestamp>302.124519</timestamp>
			</report>
			<report>
				<misses>15200000</misses>
				<total>1</total>
				<timestamp>304.124632</timestamp>
			</report>
			<report>
				<misses>15300000</misses>
				<total>1</total>
				<timestamp>306.124937</timestamp>
			</report>
			<report>
				<misses>15400000</misses>
				<total>1</total>
				<timestamp>308.125489</timestamp>
			</report>
			<report>
				<misses>15500000</misses>
				<total>1</total>
				<timestamp>310.126804</timestamp>
			</report>
			<report>
				<misses>15600000</misses>
				<total>1</total>
				<timestamp>312.127587</timestamp>
			</report>
			<report>
				<misses>15700000</misses>
				<total>1</total>
				<timestamp>314.129461</timestamp>
			</report>
			<report>
				<misses>15800000</misses>
				<total>1</total>
				<timestamp>316.130225</timestamp>
			</report>
			<report>
				<misses>15900000</misses>
				<total>1</total>
				<timestamp>318.131724</timestamp>
			</report>
			<report>
				<misses>16000000</misses>
				<total>1</total>
				<timestamp>320.132090</timestamp>
			</report>
			<report>
				<misses>16100000</misses>
				<total>1</total>
				<timestamp>322.133659</timestamp>
			</report>
			<report>
				<misses>16200000</misses>
				<total>1</total>
				<timestamp>324.134536</timestamp>
			</report>
			<report>
				<misses>16300000</misses>
				<total>1</total>
				<timestamp>326.135079</timestamp>
			</report>
			<report>
				<misses>16400000</misses>
				<total>1</total>
				<timestamp>328.135433</timestamp>
			</report>
			<report>
				<misses>16500000</misses>
				<total>1</total>
				<timestamp>330.135504</timestamp>
			</report>
			<report>
				<misses>16600000</misses>
				<total>1</total>
				<timestamp>332.136133</timestamp>
			</report>
			<report>
				<misses>16700000</misses>
				<total>1</total>
				<timestamp>334.137108</timestamp>
			</report>
			<report>
				<misses>16800000</misses>
				<total>1</total>
				<timestamp>336.138605</timestamp>
			</report>
			<report>
				<misses>16900000</misses>
				<total>1</total>
				<timestamp>338.139567</timestamp>
			</report>
			<report>
				<misses>17000000</misses>
				<total>1</total>
				<timestamp>340.140967</timestamp>
			</report>
			<report>
				<misses>17100000</misses>
				<total>1</total>
				<timestamp>342.142654</timestamp>
			</report>
			<report>
				<misses>17200000</misses>
				<total>1</total>
				<timestamp>344.143643</timestamp>
			</report>
			<report>
				<misses>17300000</misses>
				<total>1</total>
				<timestamp>346.144257</timestamp>
			</report>
			<report>
				<misses>17400000</misses>
				<total>1</total>
				<timestamp>348.144322</timestamp>
			</report>
			<report>
				<misses>17500000</misses>
				<total>1</total>
				<timestamp>350.145823</timestamp>
			</report>
			<report>
				<misses>17600000</misses>
				<total>1</total>
				<timestamp>352.146910</timestamp>
			</report>
			<report>
				<misses>17700000</misses>
				<total>1</total>
				<timestamp>354.147720</timestamp>
			</report>
			<report>
				<misses>17800000</misses>
				<total>1</total>
				<timestamp>356.148579</timestamp>
			</report>
			<report>
				<misses>17900000</misses>
				<total>1</total>
				<timestamp>358.149156</timestamp>
			</report>
			<report>
				<misses>18000000</misses>
				<total>1</total>
				<timestamp>360.149748</timestamp>
			</report>
			<report>
				<misses>18100000</misses>
				<total>1</total>
				<timestamp>362.151505</timestamp>
			</report>
			<report>
				<misses>18200000</misses>
				<total>1</total>
				<timestamp>364.153165</timestamp>
			</report>
			<report>
				<misses>18300000</misses>
				<total>1</total>
				<timestamp>366.154303</timestamp>
			</report>
			<report>
				<misses>18400000</misses>
				<total>1</total>
				<timestamp>368.154522</timestamp>
			</report>
			<report>
				<misses>18500000</misses>
				<total>1</total>
				<timestamp>370.154646</timestamp>
			</report>
			<report>
				<misses>18600000</misses>
				<total>1</total>
				<timestamp>372.154744</timestamp>
			</report>
			<report>
				<misses>18700000</misses>
				<total>1</total>
				<timestamp>374.155004</timestamp>
			</report>
			<report>
				<misses>18800000</misses>
				<total>1</total>
				<timestamp>376.155498</timestamp>
			</report>
			<report>
				<misses>18900000</misses>
				<total>1</total>
				<timestamp>378.156093</timestamp>
			</report>
			<report>
				<misses>19000000</misses>
				<total>1</total>
				<timestamp>380.157455</timestamp>
			</report>
			<report>
				<misses>19100000</misses>
				<total>1</total>
				<timestamp>382.157955</timestamp>
			</report>
			<report>
				<misses>19200000</misses>
				<total>1</total>
				<timestamp>384.158872</timestamp>
			</report>
			<report>
				<misses>19300000</misses>
				<total>1</total>
				<timestamp>386.160072</timestamp>
			</report>
			<report>
				<misses>19400000</misses>
				<total>1</total>
				<timestamp>388.160206</timestamp>
			</report>
			<report>
				<misses>19500000</misses>
				<total>1</total>
				<timestamp>390.160364</timestamp>
			</report>
			<report>
				<misses>19600000</misses>
				<total>1</total>
				<timestamp>392.160540</timestamp>
			</report>
			<report>
				<misses>19700000</misses>
				<total>1</total>
				<timestamp>394.160917</timestamp>
			</report>
			<report>
				<misses>19800000</misses>
				<total>1</total>
				<timestamp>396.161513</timestamp>
			</report>
			<report>
				<misses>19900000</misses>
				<total>1</total>
				<timestamp>398.161908</timestamp>
			</report>
			<report>
				<misses>20000000</misses>
				<total>1</total>
				<timestamp>400.162477</timestamp>
			</report>
			<report>
				<misses>20100000</misses>
				<total>1</total>
				<timestamp>402.164353</timestamp>
			</report>
			<report>
				<misses>20200000</misses>
				<total>1</total>
				<timestamp>404.166471</timestamp>
			</report>
			<report>
				<misses>20300000</misses>
				<total>1</total>
				<timestamp>406.167070</timestamp>
			</report>
			<report>
				<misses>20400000</misses>
				<total>1</total>
				<timestamp>408.167340</timestamp>
			</report>
			<report>
				<misses>20500000</misses>
				<total>1</total>
				<timestamp>410.167524</timestamp>
			</report>
			<report>
				<misses>20600000</misses>
				<total>1</total>
				<timestamp>412.169045</timestamp>
			</report>
			<report>
				<misses>20700000</misses>
				<total>1</total>
				<timestamp>414.169089</timestamp>
			</report>
			<report>
				<misses>20800000</misses>
				<total>1</total>
				<timestamp>416.169965</timestamp>
			</report>
			<report>
				<misses>20900000</misses>
				<total>1</total>
				<timestamp>418.170591</timestamp>
			</report>
			<report>
				<misses>21000000</misses>
				<total>1</total>
				<timestamp>420.171872</timestamp>
			</report>
			<report>
				<misses>21100000</misses>
				<total>1</total>
				<timestamp>422.173164</timestamp>
			</report>
			<report>
				<misses>21200000</misses>
				<total>1</total>
				<timestamp>424.174397</timestamp>
			</report>
			<report>
				<misses>21300000</misses>
				<total>1</total>
				<timestamp>426.175159</timestamp>
			</report>
			<report>
				<misses>21400000</misses>
				<total>1</total>
				<timestamp>428.175840</timestamp>
			</report>
			<report>
				<misses>21500000</misses>
				<total>1</total>
				<timestamp>430.177493</timestamp>
			</report>
			<report>
				<misses>21600000</misses>
				<total>1</total>
				<timestamp>432.177894</timestamp>
			</report>
			<report>
				<misses>21700000</misses>
				<total>1</total>
				<timestamp>434.178039</timestamp>
			</report>
			<report>
				<misses>21800000</misses>
				<total>1</total>
				<timestamp>436.179404</timestamp>
			</report>
			<report>
				<misses>21900000</misses>
				<total>1</total>
				<timestamp>438.180997</timestamp>
			</report>
			<report>
				<misses>22000000</misses>
				<total>1</total>
				<timestamp>440.181992</timestamp>
			</report>
			<report>
				<misses>22100000</misses>
				<total>1</total>
				<timestamp>442.182634</timestamp>
			</report>
			<report>
				<misses>22200000</misses>
				<total>1</total>
				<timestamp>444.183091</timestamp>
			</report>
			<report>
				<misses>22300000</misses>
				<total>1</total>
				<timestamp>446.184333</timestamp>
			</report>
			<report>
				<misses>22400000</misses>
				<total>1</total>
				<timestamp>448.187148</timestamp>
			</report>
			<report>
				<misses>22500000</misses>
				<total>1</total>
				<timestamp>450.188316</timestamp>
			</report>
			<report>
				<misses>22600000</misses>
				<total>1</total>
				<timestamp>452.189529</timestamp>
			</report>
			<report>
				<misses>22700000</misses>
				<total>1</total>
				<timestamp>454.191564</timestamp>
			</report>
			<report>
				<misses>22800000</misses>
				<total>1</total>
				<timestamp>456.192253</timestamp>
			</report>
			<report>
				<misses>22900000</misses>
				<total>1</total>
				<timestamp>458.192391</timestamp>
			</report>
			<report>
				<misses>23000000</misses>
				<total>1</total>
				<timestamp>460.192800</timestamp>
			</report>
			<report>
				<misses>23100000</misses>
				<total>1</total>
				<timestamp>462.193906</timestamp>
			</report>
			<report>
				<misses>23200000</misses>
				<total>1</total>
				<timestamp>464.195119</timestamp>
			</report>
			<report>
				<misses>23300000</misses>
				<total>1</total>
				<timestamp>466.196362</timestamp>
			</report>
			<report>
				<misses>23400000</misses>
				<total>1</total>
				<timestamp>468.196915</timestamp>
			</report>
			<report>
				<misses>23500000</misses>
				<total>1</total>
				<timestamp>470.197823</timestamp>
			</report>
			<report>
				<misses>23600000</misses>
				<total>1</total>
				<timestamp>472.198120</timestamp>
			</report>
			<report>
				<misses>23700000</misses>
				<total>1</total>
				<timestamp>474.199004</timestamp>
			</report>
			<report>
				<misses>23800000</misses>
				<total>1</total>
				<timestamp>476.199194</timestamp>
			</report>
			<report>
				<misses>23900000</misses>
				<total>1</total>
				<timestamp>478.199276</timestamp>
			</report>
			<report>
				<misses>24000000</misses>
				<total>1</total>
				<timestamp>480.200681</timestamp>
			</report>
			<report>
				<misses>24100000</misses>
				<total>1</total>
				<timestamp>482.202346</timestamp>
			</report>
			<report>
				<misses>24200000</misses>
				<total>1</total>
				<timestamp>484.203691</timestamp>
			</report>
			<report>
				<misses>24300000</misses>
				<total>1</total>
				<timestamp>486.206237</timestamp>
			</report>
			<report>
				<misses>24400000</misses>
				<total>1</total>
				<timestamp>488.206905</timestamp>
			</report>
			<report>
				<misses>24500000</misses>
				<total>1</total>
				<timestamp>490.207394</timestamp>
			</report>
			<report>
				<misses>24600000</misses>
				<total>1</total>
				<timestamp>492.207726</timestamp>
			</report>
			<report>
				<misses>24700000</misses>
				<total>1</total>
				<timestamp>494.208692</timestamp>
			</report>
			<report>
				<misses>24800000</misses>
				<total>1</total>
				<timestamp>496.210380</timestamp>
			</report>
			<report>
				<misses>24900000</misses>
				<total>1</total>
				<timestamp>498.211199</timestamp>
			</report>
			<report>
				<misses>25000000</misses>
				<total>1</total>
				<timestamp>500.211937</timestamp>
			</report>
			<report>
				<misses>25100000</misses>
				<total>1</total>
				<timestamp>502.213685</timestamp>
			</report>
			<report>
				<misses>25200000</misses>
				<total>1</total>
				<timestamp>504.214584</timestamp>
			</report>
			<report>
				<misses>25300000</misses>
				<total>1</total>
				<timestamp>506.215637</timestamp>
			</report>
			<report>
				<misses>25400000</misses>
				<total>1</total>
				<timestamp>508.215831</timestamp>
			</report>
			<report>
				<misses>25500000</misses>
				<total>1</total>
				<timestamp>510.216866</timestamp>
			</report>
			<report>
				<misses>25600000</misses>
				<total>1</total>
				<timestamp>512.217681</timestamp>
			</report>
			<report>
				<misses>25700000</misses>
				<total>1</total>
				<timestamp>514.218290</timestamp>
			</report>
			<report>
				<misses>25800000</misses>
				<total>1</total>
				<timestamp>516.220196</timestamp>
			</report>
			<report>
				<misses>25900000</misses>
				<total>1</total>
				<timestamp>518.221077</timestamp>
			</report>
			<report>
				<misses>26000000</misses>
				<total>1</total>
				<timestamp>520.221652</timestamp>
			</report>
			<report>
				<misses>26100000</misses>
				<total>1</total>
				<timestamp>522.223079</timestamp>
			</report>
			<report>
				<misses>26200000</misses>
				<total>1</total>
				<timestamp>524.224193</timestamp>
			</report>
			<report>
				<misses>26300000</misses>
				<total>1</total>
				<timestamp>526.224338</timestamp>
			</report>
			<report>
				<misses>26400000</misses>
				<total>1</total>
				<timestamp>528.224486</timestamp>
			</report>
			<report>
				<misses>26500000</misses>
				<total>1</total>
				<timestamp>530.224872</timestamp>
			</report>
			<report>
				<misses>26600000</misses>
				<total>1</total>
				<timestamp>532.225467</timestamp>
			</report>
			<report>
				<misses>26700000</misses>
				<total>1</total>
				<timestamp>534.226384</timestamp>
			</report>
			<report>
				<misses>26800000</misses>
				<total>1</total>
				<timestamp>536.227418</timestamp>
			</report>
			<report>
				<misses>26900000</misses>
				<total>1</total>
				<timestamp>538.228020</timestamp>
			</report>
			<report>
				<misses>27000000</misses>
				<total>1</total>
				<timestamp>540.229001</timestamp>
			</report>
			<report>
				<misses>27100000</misses>
				<total>1</total>
				<timestamp>542.230217</timestamp>
			</report>
			<report>
				<misses>27200000</misses>
				<total>1</total>
				<timestamp>544.230583</timestamp>
			</report>
			<report>
				<misses>27300000</misses>
				<total>1</total>
				<timestamp>546.232210</timestamp>
			</report>
			<report>
				<misses>27400000</misses>
				<total>1</total>
				<timestamp>548.233286</timestamp>
			</report>
			<report>
				<misses>27500000</misses>
				<total>1</total>
				<timestamp>550.233898</timestamp>
			</report>
			<report>
				<misses>27600000</misses>
				<total>1</total>
				<timestamp>552.234326</timestamp>
			</report>
			<report>
				<misses>27700000</misses>
				<total>1</total>
				<timestamp>554.234461</timestamp>
			</report>
			<report>
				<misses>27800000</misses>
				<total>1</total>
				<timestamp>556.234517</timestamp>
			</report>
			<report>
				<misses>27900000</misses>
				<total>1</total>
				<timestamp>558.235596</timestamp>
			</report>
			<report>
				<misses>28000000</misses>
				<total>1</total>
				<timestamp>560.235996</timestamp>
			</report>
			<report>
				<misses>28100000</misses>
				<total>1</total>
				<timestamp>562.236674</timestamp>
			</report>
			<report>
				<misses>28200000</misses>
				<total>1</total>
				<timestamp>564.237557</timestamp>
			</report>
			<report>
				<misses>28300000</misses>
				<total>1</total>
				<timestamp>566.238079</timestamp>
			</report>
			<report>
				<misses>28400000</misses>
				<total>1</total>
				<timestamp>568.239836</timestamp>
			</report>
			<report>
				<misses>28500000</misses>
				<total>1</total>
				<timestamp>570.240244</timestamp>
			</report>
			<report>
				<misses>28600000</misses>
				<total>1</total>
				<timestamp>572.240456</timestamp>
			</report>
			<report>
				<misses>28700000</misses>
				<total>1</total>
				<timestamp>574.240913</timestamp>
			</report>
			<report>
				<misses>28800000</misses>
				<total>1</total>
				<timestamp>576.242625</timestamp>
			</report>
			<report>
				<misses>28900000</misses>
				<total>1</total>
				<timestamp>578.243374</timestamp>
			</report>
			<report>
				<misses>29000000</misses>
				<total>1</total>
				<timestamp>580.244598</timestamp>
			</report>
			<report>
				<misses>29100000</misses>
				<total>1</total>
				<timestamp>582.244855</timestamp>
			</report>
			<report>
				<misses>29200000</misses>
				<total>1</total>
				<timestamp>584.245150</timestamp>
			</report>
			<report>
				<misses>29300000</misses>
				<total>1</total>
				<timestamp>586.246957</timestamp>
			</report>
			<report>
				<misses>29400000</misses>
				<total>1</total>
				<timestamp>588.247942</timestamp>
			</report>
			<report>
				<misses>29500000</misses>
				<total>1</total>
				<timestamp>590.249933</timestamp>
			</report>
			<report>
				<misses>29600000</misses>
				<total>1</total>
				<timestamp>592.251570</timestamp>
			</report>
			<report>
				<misses>29700000</misses>
				<total>1</total>
				<timestamp>594.251745</timestamp>
			</report>
			<report>
				<misses>29800000</misses>
				<total>1</total>
				<timestamp>596.251896</timestamp>
			</report>
			<report>
				<misses>29900000</misses>
				<total>1</total>
				<timestamp>598.251996</timestamp>
			</report>
			<report>
				<misses>30000000</misses>
				<total>1</total>
				<timestamp>600.253290</timestamp>
			</report>
			<report>
				<misses>30100000</misses>
				<total>1</total>
				<timestamp>602.254189</timestamp>
			</report>
			<report>
				<misses>30200000</misses>
				<total>1</total>
				<timestamp>604.254677</timestamp>
			</report>
			<report>
				<misses>30300000</misses>
				<total>1</total>
				<timestamp>606.256059</timestamp>
			</report>
			<report>
				<misses>30400000</misses>
				<total>1</total>
				<timestamp>608.256286</timestamp>
			</report>
			<report>
				<misses>30500000</misses>
				<total>1</total>
				<timestamp>610.257528</timestamp>
			</report>
			<report>
				<misses>30600000</misses>
				<total>1</total>
				<timestamp>612.259322</timestamp>
			</report>
			<report>
				<misses>30700000</misses>
				<total>1</total>
				<timestamp>614.260067</timestamp>
			</report>
			<report>
				<misses>30800000</misses>
				<total>1</total>
				<timestamp>616.260164</timestamp>
			</report>
			<report>
				<misses>30900000</misses>
				<total>1</total>
				<timestamp>618.260878</timestamp>
			</report>
			<report>
				<misses>31000000</misses>
				<total>1</total>
				<timestamp>620.261454</timestamp>
			</report>
			<report>
				<misses>31100000</misses>
				<total>1</total>
				<timestamp>622.262041</timestamp>
			</report>
			<report>
				<misses>31200000</misses>
				<total>1</total>
				<timestamp>624.262722</timestamp>
			</report>
			<report>
				<misses>31300000</misses>
				<total>1</total>
				<timestamp>626.263141</timestamp>
			</report>
			<report>
				<misses>31400000</misses>
				<total>1</total>
				<timestamp>628.263500</timestamp>
			</report>
			<report>
				<misses>31500000</misses>
				<total>1</total>
				<timestamp>630.264234</timestamp>
			</report>
			<report>
				<misses>31600000</misses>
				<total>1</total>
				<timestamp>632.265244</timestamp>
			</report>
			<report>
				<misses>31700000</misses>
				<total>1</total>
				<timestamp>634.265916</timestamp>
			</report>
			<report>
				<misses>31800000</misses>
				<total>1</total>
				<timestamp>636.266086</timestamp>
			</report>
			<report>
				<misses>31900000</misses>
				<total>1</total>
				<timestamp>638.266406</timestamp>
			</report>
			<report>
				<misses>32000000</misses>
				<total>1</total>
				<timestamp>640.266995</timestamp>
			</report>
			<report>
				<misses>32100000</misses>
				<total>1</total>
				<timestamp>642.268520</timestamp>
			</report>
			<report>
				<misses>32200000</misses>
				<total>1</total>
				<timestamp>644.269294</timestamp>
			</report>
			<report>
				<misses>32300000</misses>
				<total>1</total>
				<timestamp>646.270221</timestamp>
			</report>
			<report>
				<misses>32400000</misses>
				<total>1</total>
				<timestamp>648.270298</timestamp>
			</report>
			<report>
				<misses>32500000</misses>
				<total>1</total>
				<timestamp>650.271189</timestamp>
			</report>
			<report>
				<misses>32600000</misses>
				<total>1</total>
				<timestamp>652.271413</timestamp>
			</report>
			<report>
				<misses>32700000</misses>
				<total>1</total>
				<timestamp>654.271751</timestamp>
			</report>
			<report>
				<misses>32800000</misses>
				<total>1</total>
				<timestamp>656.272202</timestamp>
			</report>
			<report>
				<misses>32900000</misses>
				<total>1</total>
				<timestamp>658.273684</timestamp>
			</report>
			<report>
				<misses>33000000</misses>
				<total>1</total>
				<timestamp>660.274382</timestamp>
			</report>
			<report>
				<misses>33100000</misses>
				<total>1</total>
				<timestamp>662.274995</timestamp>
			</report>
			<report>
				<misses>33200000</misses>
				<total>1</total>
				<timestamp>664.275114</timestamp>
			</report>
			<report>
				<misses>33300000</misses>
				<total>1</total>
				<timestamp>666.276665</timestamp>
			</report>
			<report>
				<misses>33400000</misses>
				<total>1</total>
				<timestamp>668.277666</timestamp>
			</report>
			<report>
				<misses>33500000</misses>
				<total>1</total>
				<timestamp>670.278093</timestamp>
			</report>
			<report>
				<misses>33600000</misses>
				<total>1</total>
				<timestamp>672.278554</timestamp>
			</report>
			<report>
				<misses>33700000</misses>
				<total>1</total>
				<timestamp>674.278882</timestamp>
			</report>
			<report>
				<misses>33800000</misses>
				<total>1</total>
				<timestamp>676.280812</timestamp>
			</report>
			<report>
				<misses>33900000</misses>
				<total>1</total>
				<timestamp>678.281459</timestamp>
			</report>
			<report>
				<misses>34000000</misses>
				<total>1</total>
				<timestamp>680.283284</timestamp>
			</report>
			<report>
				<misses>34100000</misses>
				<total>1</total>
				<timestamp>682.284316</timestamp>
			</report>
			<report>
				<misses>34200000</misses>
				<total>1</total>
				<timestamp>684.286233</timestamp>
			</report>
			<report>
				<misses>34300000</misses>
				<total>1</total>
				<timestamp>686.286901</timestamp>
			</report>
			<report>
				<misses>34400000</misses>
				<total>1</total>
				<timestamp>688.287248</timestamp>
			</report>
			<report>
				<misses>34500000</misses>
				<total>1</total>
				<timestamp>690.287647</timestamp>
			</report>
			<report>
				<misses>34600000</misses>
				<total>1</total>
				<timestamp>692.288471</timestamp>
			</report>
			<report>
				<misses>34700000</misses>
				<total>1</total>
				<timestamp>694.288615</timestamp>
			</report>
			<report>
				<misses>34800000</misses>
				<total>1</total>
				<timestamp>696.288738</timestamp>
			</report>
			<report>
				<misses>34900000</misses>
				<total>1</total>
				<timestamp>698.289180</timestamp>
			</report>
			<report>
				<misses>35000000</misses>
				<total>1</total>
				<timestamp>700.290623</timestamp>
			</report>
			<report>
				<misses>35100000</misses>
				<total>1</total>
				<timestamp>702.292264</timestamp>
			</report>
			<report>
				<misses>35200000</misses>
				<total>1</total>
				<timestamp>704.293535</timestamp>
			</report>
			<report>
				<misses>35300000</misses>
				<total>1</total>
				<timestamp>706.295295</timestamp>
			</report>
			<report>
				<misses>35400000</misses>
				<total>1</total>
				<timestamp>708.296562</timestamp>
			</report>
			<report>
				<misses>35500000</misses>
				<total>1</total>
				<timestamp>710.298446</timestamp>
			</report>
			<report>
				<misses>35600000</misses>
				<total>1</total>
				<timestamp>712.298629</timestamp>
			</report>
			<report>
				<misses>35700000</misses>
				<total>1</total>
				<timestamp>714.299182</timestamp>
			</report>
			<report>
				<misses>35800000</misses>
				<total>1</total>
				<timestamp>716.300081</timestamp>
			</report>
			<report>
				<misses>35900000</misses>
				<total>1</total>
				<timestamp>718.300240</timestamp>
			</report>
			<report>
				<misses>36000000</misses>
				<total>1</total>
				<timestamp>720.301752</timestamp>
			</report>
			<report>
				<misses>36100000</misses>
				<total>1</total>
				<timestamp>722.302792</timestamp>
			</report>
			<report>
				<misses>36200000</misses>
				<total>1</total>
				<timestamp>724.303212</timestamp>
			</report>
			<report>
				<misses>36300000</misses>
				<total>1</total>
				<timestamp>726.303610</timestamp>
			</report>
			<report>
				<misses>36400000</misses>
				<total>1</total>
				<timestamp>728.304205</timestamp>
			</report>
			<report>
				<misses>36500000</misses>
				<total>1</total>
				<timestamp>730.304875</timestamp>
			</report>
			<report>
				<misses>36600000</misses>
				<total>1</total>
				<timestamp>732.306057</timestamp>
			</report>
			<report>
				<misses>36700000</misses>
				<total>1</total>
				<timestamp>734.306256</timestamp>
			</report>
			<report>
				<misses>36800000</misses>
				<total>1</total>
				<timestamp>736.306579</timestamp>
			</report>
			<report>
				<misses>36900000</misses>
				<total>1</total>
				<timestamp>738.306863</timestamp>
			</report>
			<report>
				<misses>37000000</misses>
				<total>1</total>
				<timestamp>740.307092</timestamp>
			</report>
			<report>
				<misses>37100000</misses>
				<total>1</total>
				<timestamp>742.307217</timestamp>
			</report>
			<report>
				<misses>37200000</misses>
				<total>1</total>
				<timestamp>744.308433</timestamp>
			</report>
			<report>
				<misses>37300000</misses>
				<total>1</total>
				<timestamp>746.309871</timestamp>
			</report>
			<report>
				<misses>37400000</misses>
				<total>1</total>
				<timestamp>748.311223</timestamp>
			</report>
			<report>
				<misses>37500000</misses>
				<total>1</total>
				<timestamp>750.312341</timestamp>
			</report>
			<report>
				<misses>37600000</misses>
				<total>1</total>
				<timestamp>752.314222</timestamp>
			</report>
			<report>
				<misses>37700000</misses>
				<total>1</total>
				<timestamp>754.315053</timestamp>
			</report>
			<report>
				<misses>37800000</misses>
				<total>1</total>
				<timestamp>756.315463</timestamp>
			</report>
			<report>
				<misses>37900000</misses>
				<total>1</total>
				<timestamp>758.316345</timestamp>
			</report>
			<report>
				<misses>38000000</misses>
				<total>1</total>
				<timestamp>760.317740</timestamp>
			</report>
			<report>
				<misses>38100000</misses>
				<total>1</total>
				<timestamp>762.318664</timestamp>
			</report>
			<report>
				<misses>38200000</misses>
				<total>1</total>
				<timestamp>764.320140</timestamp>
			</report>
			<report>
				<misses>38300000</misses>
				<total>1</total>
				<timestamp>766.321485</timestamp>
			</report>
			<report>
				<misses>38400000</misses>
				<total>1</total>
				<timestamp>768.322502</timestamp>
			</report>
			<report>
				<misses>38500000</misses>
				<total>1</total>
				<timestamp>770.323014</timestamp>
			</report>
			<report>
				<misses>38600000</misses>
				<total>1</total>
				<timestamp>772.324530</timestamp>
			</report>
			<report>
				<misses>38700000</misses>
				<total>1</total>
				<timestamp>774.324785</timestamp>
			</report>
			<report>
				<misses>38800000</misses>
				<total>1</total>
				<timestamp>776.324996</timestamp>
			</report>
			<report>
				<misses>38900000</misses>
				<total>1</total>
				<timestamp>778.325993</timestamp>
			</report>
			<report>
				<misses>39000000</misses>
				<total>1</total>
				<timestamp>780.328141</timestamp>
			</report>
			<report>
				<misses>39100000</misses>
				<total>1</total>
				<timestamp>782.328914</timestamp>
			</report>
			<report>
				<misses>39200000</misses>
				<total>1</total>
				<timestamp>784.330205</timestamp>
			</report>
			<report>
				<misses>39300000</misses>
				<total>1</total>
				<timestamp>786.331723</timestamp>
			</report>
			<report>
				<misses>39400000</misses>
				<total>1</total>
				<timestamp>788.333631</timestamp>
			</report>
			<report>
				<misses>39500000</misses>
				<total>1</total>
				<timestamp>790.334236</timestamp>
			</report>
			<report>
				<misses>39600000</misses>
				<total>1</total>
				<timestamp>792.335518</timestamp>
			</report>
			<report>
				<misses>39700000</misses>
				<total>1</total>
				<timestamp>794.335677</timestamp>
			</report>
			<report>
				<misses>39800000</misses>
				<total>1</total>
				<timestamp>796.336100</timestamp>
			</report>
			<report>
				<misses>39900000</misses>
				<total>1</total>
				<timestamp>798.336492</timestamp>
			</report>
			<report>
				<misses>40000000</misses>
				<total>1</total>
				<timestamp>800.337198</timestamp>
			</report>
			<report>
				<misses>40100000</misses>
				<total>1</total>
				<timestamp>802.338164</timestamp>
			</report>
			<report>
				<misses>40200000</misses>
				<total>1</total>
				<timestamp>804.339864</timestamp>
			</report>
			<report>
				<misses>40300000</misses>
				<total>1</total>
				<timestamp>806.340047</timestamp>
			</report>
			<report>
				<misses>40400000</misses>
				<total>1</total>
				<timestamp>808.341430</timestamp>
			</report>
			<report>
				<misses>40500000</misses>
				<total>1</total>
				<timestamp>810.341819</timestamp>
			</report>
			<report>
				<misses>40600000</misses>
				<total>1</total>
				<timestamp>812.342010</timestamp>
			</report>
			<report>
				<misses>40700000</misses>
				<total>1</total>
				<timestamp>814.342198</timestamp>
			</report>
			<report>
				<misses>40800000</misses>
				<total>1</total>
				<timestamp>816.343221</timestamp>
			</report>
			<report>
				<misses>40900000</misses>
				<total>1</total>
				<timestamp>818.344079</timestamp>
			</report>
			<report>
				<misses>41000000</misses>
				<total>1</total>
				<timestamp>820.345053</timestamp>
			</report>
			<report>
				<misses>41100000</misses>
				<total>1</total>
				<timestamp>822.345784</timestamp>
			</report>
			<report>
				<misses>41200000</misses>
				<total>1</total>
				<timestamp>824.346637</timestamp>
			</report>
			<report>
				<misses>41300000</misses>
				<total>1</total>
				<timestamp>826.347616</timestamp>
			</report>
			<report>
				<misses>41400000</misses>
				<total>1</total>
				<timestamp>828.347938</timestamp>
			</report>
			<report>
				<misses>41500000</misses>
				<total>1</total>
				<timestamp>830.348064</timestamp>
			</report>
			<report>
				<misses>41600000</misses>
				<total>1</total>
				<timestamp>832.348242</timestamp>
			</report>
			<report>
				<misses>41700000</misses>
				<total>1</total>
				<timestamp>834.349114</timestamp>
			</report>
			<report>
				<misses>41800000</misses>
				<total>1</total>
				<timestamp>836.350336</timestamp>
			</report>
			<report>
				<misses>41900000</misses>
				<total>1</total>
				<timestamp>838.350498</timestamp>
			</report>
			<report>
				<misses>42000000</misses>
				<total>1</total>
				<timestamp>840.351500</timestamp>
			</report>
			<report>
				<misses>42100000</misses>
				<total>1</total>
				<timestamp>842.351629</timestamp>
			</report>
			<report>
				<misses>42200000</misses>
				<total>1</total>
				<timestamp>844.352503</timestamp>
			</report>
			<report>
				<misses>42300000</misses>
				<total>1</total>
				<timestamp>846.354160</timestamp>
			</report>
			<report>
				<misses>42400000</misses>
				<total>1</total>
				<timestamp>848.355515</timestamp>
			</report>
			<report>
				<misses>42500000</misses>
				<total>1</total>
				<timestamp>850.355972</timestamp>
			</report>
			<report>
				<misses>42600000</misses>
				<total>1</total>
				<timestamp>852.357796</timestamp>
			</report>
			<report>
				<misses>42700000</misses>
				<total>1</total>
				<timestamp>854.360320</timestamp>
			</report>
			<report>
				<misses>42800000</misses>
				<total>1</total>
				<timestamp>856.360593</timestamp>
			</report>
			<report>
				<misses>42900000</misses>
				<total>1</total>
				<timestamp>858.360948</timestamp>
			</report>
			<report>
				<misses>43000000</misses>
				<total>1</total>
				<timestamp>860.361481</timestamp>
			</report>
			<report>
				<misses>43100000</misses>
				<total>1</total>
				<timestamp>862.362109</timestamp>
			</report>
			<report>
				<misses>43200000</misses>
				<total>1</total>
				<timestamp>864.363249</timestamp>
			</report>
			<report>
				<misses>43300000</misses>
				<total>1</total>
				<timestamp>866.364645</timestamp>
			</report>
			<report>
				<misses>43400000</misses>
				<total>1</total>
				<timestamp>868.366574</timestamp>
			</report>
			<report>
				<misses>43500000</misses>
				<total>1</total>
				<timestamp>870.368351</timestamp>
			</report>
			<report>
				<misses>43600000</misses>
				<total>1</total>
				<timestamp>872.368518</timestamp>
			</report>
			<report>
				<misses>43700000</misses>
				<total>1</total>
				<timestamp>874.369173</timestamp>
			</report>
			<report>
				<misses>43800000</misses>
				<total>1</total>
				<timestamp>876.369455</timestamp>
			</report>
			<report>
				<misses>43900000</misses>
				<total>1</total>
				<timestamp>878.370172</timestamp>
			</report>
			<report>
				<misses>44000000</misses>
				<total>1</total>
				<timestamp>880.370602</timestamp>
			</report>
			<report>
				<misses>44100000</misses>
				<total>1</total>
				<timestamp>882.371463</timestamp>
			</report>
			<report>
				<misses>44200000</misses>
				<total>1</total>
				<timestamp>884.372325</timestamp>
			</report>
			<report>
				<misses>44300000</misses>
				<total>1</total>
				<timestamp>886.373220</timestamp>
			</report>
			<report>
				<misses>44400000</misses>
				<total>1</total>
				<timestamp>888.374440</timestamp>
			</report>
			<report>
				<misses>44500000</misses>
				<total>1</total>
				<timestamp>890.375063</timestamp>
			</report>
			<report>
				<misses>44600000</misses>
				<total>1</total>
				<timestamp>892.375185</timestamp>
			</report>
			<report>
				<misses>44700000</misses>
				<total>1</total>
				<timestamp>894.375679</timestamp>
			</report>
			<report>
				<misses>44800000</misses>
				<total>1</total>
				<timestamp>896.375971</timestamp>
			</report>
			<report>
				<misses>44900000</misses>
				<total>1</total>
				<timestamp>898.376322</timestamp>
			</report>
			<report>
				<misses>45000000</misses>
				<total>1</total>
				<timestamp>900.377186</timestamp>
			</report>
			<report>
				<misses>45100000</misses>
				<total>1</total>
				<timestamp>902.378615</timestamp>
			</report>
			<report>
				<misses>45200000</misses>
				<total>1</total>
				<timestamp>904.379606</timestamp>
			</report>
			<report>
				<misses>45300000</misses>
				<total>1</total>
				<timestamp>906.380327</timestamp>
			</report>
			<report>
				<misses>45400000</misses>
				<total>1</total>
				<timestamp>908.380729</timestamp>
			</report>
			<report>
				<misses>45500000</misses>
				<total>1</total>
				<timestamp>910.381328</timestamp>
			</report>
			<report>
				<misses>45600000</misses>
				<total>1</total>
				<timestamp>912.382622</timestamp>
			</report>
			<report>
				<misses>45700000</misses>
				<total>1</total>
				<timestamp>914.383622</timestamp>
			</report>
			<report>
				<misses>45800000</misses>
				<total>1</total>
				<timestamp>916.384520</timestamp>
			</report>
			<report>
				<misses>45900000</misses>
				<total>1</total>
				<timestamp>918.385303</timestamp>
			</report>
			<report>
				<misses>46000000</misses>
				<total>1</total>
				<timestamp>920.385679</timestamp>
			</report>
			<report>
				<misses>46100000</misses>
				<total>1</total>
				<timestamp>922.387337</timestamp>
			</report>
			<report>
				<misses>46200000</misses>
				<total>1</total>
				<timestamp>924.389264</timestamp>
			</report>
			<report>
				<misses>46300000</misses>
				<total>1</total>
				<timestamp>926.389745</timestamp>
			</report>
			<report>
				<misses>46400000</misses>
				<total>1</total>
				<timestamp>928.393588</timestamp>
			</report>
			<report>
				<misses>46500000</misses>
				<total>1</total>
				<timestamp>930.394125</timestamp>
			</report>
			<report>
				<misses>46600000</misses>
				<total>1</total>
				<timestamp>932.394592</timestamp>
			</report>
			<report>
				<misses>46700000</misses>
				<total>1</total>
				<timestamp>934.394728</timestamp>
			</report>
			<report>
				<misses>46800000</misses>
				<total>1</total>
				<timestamp>936.396493</timestamp>
			</report>
			<report>
				<misses>46900000</misses>
				<total>1</total>
				<timestamp>938.398757</timestamp>
			</report>
			<report>
				<misses>47000000</misses>
				<total>1</total>
				<timestamp>940.399583</timestamp>
			</report>
			<report>
				<misses>47100000</misses>
				<total>1</total>
				<timestamp>942.400965</timestamp>
			</report>
			<report>
				<misses>47200000</misses>
				<total>1</total>
				<timestamp>944.402733</timestamp>
			</report>
			<report>
				<misses>47300000</misses>
				<total>1</total>
				<timestamp>946.403991</timestamp>
			</report>
			<report>
				<misses>47400000</misses>
				<total>1</total>
				<timestamp>948.405188</timestamp>
			</report>
			<report>
				<misses>47500000</misses>
				<total>1</total>
				<timestamp>950.406115</timestamp>
			</report>
			<report>
				<misses>47600000</misses>
				<total>1</total>
				<timestamp>952.406824</timestamp>
			</report>
			<report>
				<misses>47700000</misses>
				<total>1</total>
				<timestamp>954.407779</timestamp>
			</report>
			<report>
				<misses>47800000</misses>
				<total>1</total>
				<timestamp>956.408053</timestamp>
			</report>
			<report>
				<misses>47900000</misses>
				<total>1</total>
				<timestamp>958.408950</timestamp>
			</report>
			<report>
				<misses>48000000</misses>
				<total>1</total>
				<timestamp>960.410617</timestamp>
			</report>
			<report>
				<misses>48100000</misses>
				<total>1</total>
				<timestamp>962.412675</timestamp>
			</report>
			<report>
				<misses>48200000</misses>
				<total>1</total>
				<timestamp>964.415788</timestamp>
			</report>
			<report>
				<misses>48300000</misses>
				<total>1</total>
				<timestamp>966.418070</timestamp>
			</report>
			<report>
				<misses>48400000</misses>
				<total>1</total>
				<timestamp>968.419008</timestamp>
			</report>
			<report>
				<misses>48500000</misses>
				<total>1</total>
				<timestamp>970.420671</timestamp>
			</report>
			<report>
				<misses>48600000</misses>
				<total>1</total>
				<timestamp>972.421900</timestamp>
			</report>
			<report>
				<misses>48700000</misses>
				<total>1</total>
				<timestamp>974.424111</timestamp>
			</report>
			<report>
				<misses>48800000</misses>
				<total>1</total>
				<timestamp>976.425486</timestamp>
			</report>
			<report>
				<misses>48900000</misses>
				<total>1</total>
				<timestamp>978.425837</timestamp>
			</report>
			<report>
				<misses>49000000</misses>
				<total>1</total>
				<timestamp>980.426059</timestamp>
			</report>
			<report>
				<misses>49100000</misses>
				<total>1</total>
				<timestamp>982.426150</timestamp>
			</report>
			<report>
				<misses>49200000</misses>
				<total>1</total>
				<timestamp>984.427686</timestamp>
			</report>
			<report>
				<misses>49300000</misses>
				<total>1</total>
				<timestamp>986.428962</timestamp>
			</report>
			<report>
				<misses>49400000</misses>
				<total>1</total>
				<timestamp>988.429511</timestamp>
			</report>
			<report>
				<misses>49500000</misses>
				<total>1</total>
				<timestamp>990.430699</timestamp>
			</report>
			<report>
				<misses>49600000</misses>
				<total>1</total>
				<timestamp>992.431762</timestamp>
			</report>
			<report>
				<misses>49700000</misses>
				<total>1</total>
				<timestamp>994.432416</timestamp>
			</report>
			<report>
				<misses>49800000</misses>
				<total>1</total>
				<timestamp>996.433239</timestamp>
			</report>
			<report>
				<misses>49900000</misses>
				<total>1</total>
				<timestamp>998.433481</timestamp>
			</report>
			<report>
				<misses>50000000</misses>
				<total>1</total>
				<timestamp>1000.434221</timestamp>
			</report>
			<report>
				<misses>50100000</misses>
				<total>1</total>
				<timestamp>1002.435452</timestamp>
			</report>
			<report>
				<misses>50200000</misses>
				<total>1</total>
				<timestamp>1004.436431</timestamp>
			</report>
			<report>
				<misses>50300000</misses>
				<total>1</total>
				<timestamp>1006.437168</timestamp>
			</report>
			<report>
				<misses>50400000</misses>
				<total>1</total>
				<timestamp>1008.438204</timestamp>
			</report>
			<report>
				<misses>50500000</misses>
				<total>1</total>
				<timestamp>1010.438819</timestamp>
			</report>
			<report>
				<misses>50600000</misses>
				<total>1</total>
				<timestamp>1012.439851</timestamp>
			</report>
			<report>
				<misses>50700000</misses>
				<total>1</total>
				<timestamp>1014.441545</timestamp>
			</report>
			<report>
				<misses>50800000</misses>
				<total>1</total>
				<timestamp>1016.443421</timestamp>
			</report>
			<report>
				<misses>50900000</misses>
				<total>1</total>
				<timestamp>1018.444600</timestamp>
			</report>
			<report>
				<misses>51000000</misses>
				<total>1</total>
				<timestamp>1020.445922</timestamp>
			</report>
			<report>
				<misses>51100000</misses>
				<total>1</total>
				<timestamp>1022.446798</timestamp>
			</report>
			<report>
				<misses>51200000</misses>
				<total>1</total>
				<timestamp>1024.447474</timestamp>
			</report>
			<report>
				<misses>51300000</misses>
				<total>1</total>
				<timestamp>1026.448178</timestamp>
			</report>
			<report>
				<misses>51400000</misses>
				<total>1</total>
				<timestamp>1028.448521</timestamp>
			</report>
			<report>
				<misses>51500000</misses>
				<total>1</total>
				<timestamp>1030.449909</timestamp>
			</report>
			<report>
				<misses>51600000</misses>
				<total>1</total>
				<timestamp>1032.450915</timestamp>
			</report>
			<report>
				<misses>51700000</misses>
				<total>1</total>
				<timestamp>1034.452337</timestamp>
			</report>
			<report>
				<misses>51800000</misses>
				<total>1</total>
				<timestamp>1036.453587</timestamp>
			</report>
			<report>
				<misses>51900000</misses>
				<total>1</total>
				<timestamp>1038.453730</timestamp>
			</report>
			<report>
				<misses>52000000</misses>
				<total>1</total>
				<timestamp>1040.453780</timestamp>
			</report>
			<report>
				<misses>52100000</misses>
				<total>1</total>
				<timestamp>1042.454294</timestamp>
			</report>
			<report>
				<misses>52200000</misses>
				<total>1</total>
				<timestamp>1044.455681</timestamp>
			</report>
			<report>
				<misses>52300000</misses>
				<total>1</total>
				<timestamp>1046.457247</timestamp>
			</report>
			<report>
				<misses>52400000</misses>
				<total>1</total>
				<timestamp>1048.458206</timestamp>
			</report>
			<report>
				<misses>52500000</misses>
				<total>1</total>
				<timestamp>1050.458692</timestamp>
			</report>
			<report>
				<misses>52600000</misses>
				<total>1</total>
				<timestamp>1052.459330</timestamp>
			</report>
			<report>
				<misses>52700000</misses>
				<total>1</total>
				<timestamp>1054.459721</timestamp>
			</report>
			<report>
				<misses>52800000</misses>
				<total>1</total>
				<timestamp>1056.460326</timestamp>
			</report>
			<report>
				<misses>52900000</misses>
				<total>1</total>
				<timestamp>1058.462164</timestamp>
			</report>
			<report>
				<misses>53000000</misses>
				<total>1</total>
				<timestamp>1060.463724</timestamp>
			</report>
			<report>
				<misses>53100000</misses>
				<total>1</total>
				<timestamp>1062.464908</timestamp>
			</report>
			<report>
				<misses>53200000</misses>
				<total>1</total>
				<timestamp>1064.465697</timestamp>
			</report>
			<report>
				<misses>53300000</misses>
				<total>1</total>
				<timestamp>1066.466729</timestamp>
			</report>
			<report>
				<misses>53400000</misses>
				<total>1</total>
				<timestamp>1068.466844</timestamp>
			</report>
			<report>
				<misses>53500000</misses>
				<total>1</total>
				<timestamp>1070.467006</timestamp>
			</report>
			<report>
				<misses>53600000</misses>
				<total>1</total>
				<timestamp>1072.467420</timestamp>
			</report>
			<report>
				<misses>53700000</misses>
				<total>1</total>
				<timestamp>1074.468339</timestamp>
			</report>
			<report>
				<misses>53800000</misses>
				<total>1</total>
				<timestamp>1076.469069</timestamp>
			</report>
			<report>
				<misses>53900000</misses>
				<total>1</total>
				<timestamp>1078.470264</timestamp>
			</report>
			<report>
				<misses>54000000</misses>
				<total>1</total>
				<timestamp>1080.470942</timestamp>
			</report>
			<report>
				<misses>54100000</misses>
				<total>1</total>
				<timestamp>1082.473828</timestamp>
			</report>
			<report>
				<misses>54200000</misses>
				<total>1</total>
				<timestamp>1084.474804</timestamp>
			</report>
			<report>
				<misses>54300000</misses>
				<total>1</total>
				<timestamp>1086.479147</timestamp>
			</report>
			<report>
				<misses>54400000</misses>
				<total>1</total>
				<timestamp>1088.480388</timestamp>
			</report>
			<report>
				<misses>54500000</misses>
				<total>1</total>
				<timestamp>1090.480807</timestamp>
			</report>
			<report>
				<misses>54600000</misses>
				<total>1</total>
				<timestamp>1092.481935</timestamp>
			</report>
			<report>
				<misses>54700000</misses>
				<total>1</total>
				<timestamp>1094.483585</timestamp>
			</report>
			<report>
				<misses>54800000</misses>
				<total>1</total>
				<timestamp>1096.484496</timestamp>
			</report>
			<report>
				<misses>54900000</misses>
				<total>1</total>
				<timestamp>1098.486888</timestamp>
			</report>
			<report>
				<misses>55000000</misses>
				<total>1</total>
				<timestamp>1100.487966</timestamp>
			</report>
			<report>
				<misses>55100000</misses>
				<total>1</total>
				<timestamp>1102.488241</timestamp>
			</report>
			<report>
				<misses>55200000</misses>
				<total>1</total>
				<timestamp>1104.489694</timestamp>
			</report>
			<report>
				<misses>55300000</misses>
				<total>1</total>
				<timestamp>1106.489923</timestamp>
			</report>
			<report>
				<misses>55400000</misses>
				<total>1</total>
				<timestamp>1108.490660</timestamp>
			</report>
			<report>
				<misses>55500000</misses>
				<total>1</total>
				<timestamp>1110.491295</timestamp>
			</report>
			<report>
				<misses>55600000</misses>
				<total>1</total>
				<timestamp>1112.492747</timestamp>
			</report>
			<report>
				<misses>55700000</misses>
				<total>1</total>
				<timestamp>1114.493608</timestamp>
			</report>
			<report>
				<misses>55800000</misses>
				<total>1</total>
				<timestamp>1116.495301</timestamp>
			</report>
			<report>
				<misses>55900000</misses>
				<total>1</total>
				<timestamp>1118.497213</timestamp>
			</report>
			<report>
				<misses>56000000</misses>
				<total>1</total>
				<timestamp>1120.497770</timestamp>
			</report>
			<report>
				<misses>56100000</misses>
				<total>1</total>
				<timestamp>1122.498075</timestamp>
			</report>
			<report>
				<misses>56200000</misses>
				<total>1</total>
				<timestamp>1124.498272</timestamp>
			</report>
			<report>
				<misses>56300000</misses>
				<total>1</total>
				<timestamp>1126.498791</timestamp>
			</report>
			<report>
				<misses>56400000</misses>
				<total>1</total>
				<timestamp>1128.499891</timestamp>
			</report>
			<report>
				<misses>56500000</misses>
				<total>1</total>
				<timestamp>1130.500551</timestamp>
			</report>
			<report>
				<misses>56600000</misses>
				<total>1</total>
				<timestamp>1132.500741</timestamp>
			</report>
			<report>
				<misses>56700000</misses>
				<total>1</total>
				<timestamp>1134.502043</timestamp>
			</report>
			<report>
				<misses>56800000</misses>
				<total>1</total>
				<timestamp>1136.505054</timestamp>
			</report>
			<report>
				<misses>56900000</misses>
				<total>1</total>
				<timestamp>1138.506632</timestamp>
			</report>
			<report>
				<misses>57000000</misses>
				<total>1</total>
				<timestamp>1140.507102</timestamp>
			</report>
			<report>
				<misses>57100000</misses>
				<total>1</total>
				<timestamp>1142.507543</timestamp>
			</report>
			<report>
				<misses>57200000</misses>
				<total>1</total>
				<timestamp>1144.508686</timestamp>
			</report>
			<report>
				<misses>57300000</misses>
				<total>1</total>
				<timestamp>1146.509550</timestamp>
			</report>
			<report>
				<misses>57400000</misses>
				<total>1</total>
				<timestamp>1148.509715</timestamp>
			</report>
			<report>
				<misses>57500000</misses>
				<total>1</total>
				<timestamp>1150.510576</timestamp>
			</report>
			<report>
				<misses>57600000</misses>
				<total>1</total>
				<timestamp>1152.511152</timestamp>
			</report>
			<report>
				<misses>57700000</misses>
				<total>1</total>
				<timestamp>1154.512246</timestamp>
			</report>
			<report>
				<misses>57800000</misses>
				<total>1</total>
				<timestamp>1156.513445</timestamp>
			</report>
			<report>
				<misses>57900000</misses>
				<total>1</total>
				<timestamp>1158.514435</timestamp>
			</report>
			<report>
				<misses>58000000</misses>
				<total>1</total>
				<timestamp>1160.515170</timestamp>
			</report>
			<report>
				<misses>58100000</misses>
				<total>1</total>
				<timestamp>1162.515389</timestamp>
			</report>
			<report>
				<misses>58200000</misses>
				<total>1</total>
				<timestamp>1164.516053</timestamp>
			</report>
			<report>
				<misses>58300000</misses>
				<total>1</total>
				<timestamp>1166.516917</timestamp>
			</report>
			<report>
				<misses>58400000</misses>
				<total>1</total>
				<timestamp>1168.517147</timestamp>
			</report>
			<report>
				<misses>58500000</misses>
				<total>1</total>
				<timestamp>1170.517444</timestamp>
			</report>
			<report>
				<misses>58600000</misses>
				<total>1</total>
				<timestamp>1172.517830</timestamp>
			</report>
			<report>
				<misses>58700000</misses>
				<total>1</total>
				<timestamp>1174.518358</timestamp>
			</report>
			<report>
				<misses>58800000</misses>
				<total>1</total>
				<timestamp>1176.518619</timestamp>
			</report>
			<report>
				<misses>58900000</misses>
				<total>1</total>
				<timestamp>1178.520973</timestamp>
			</report>
			<report>
				<misses>59000000</misses>
				<total>1</total>
				<timestamp>1180.522585</timestamp>
			</report>
			<report>
				<misses>59100000</misses>
				<total>1</total>
				<timestamp>1182.523648</timestamp>
			</report>
			<report>
				<misses>59200000</misses>
				<total>1</total>
				<timestamp>1184.524800</timestamp>
			</report>
			<report>
				<misses>59300000</misses>
				<total>1</total>
				<timestamp>1186.525727</timestamp>
			</report>
			<report>
				<misses>59400000</misses>
				<total>1</total>
				<timestamp>1188.525962</timestamp>
			</report>
			<report>
				<misses>59500000</misses>
				<total>1</total>
				<timestamp>1190.526086</timestamp>
			</report>
			<report>
				<misses>59600000</misses>
				<total>1</total>
				<timestamp>1192.526350</timestamp>
			</report>
			<report>
				<misses>59700000</misses>
				<total>1</total>
				<timestamp>1194.526831</timestamp>
			</report>
			<report>
				<misses>59800000</misses>
				<total>1</total>
				<timestamp>1196.527763</timestamp>
			</report>
			<report>
				<misses>59900000</misses>
				<total>1</total>
				<timestamp>1198.528084</timestamp>
			</report>
			<report>
				<misses>60000000</misses>
				<total>1</total>
				<timestamp>1200.528790</timestamp>
			</report>
			<report>
				<misses>60100000</misses>
				<total>1</total>
				<timestamp>1202.529626</timestamp>
			</report>
			<report>
				<misses>60200000</misses>
				<total>1</total>
				<timestamp>1204.531061</timestamp>
			</report>
			<report>
				<misses>60300000</misses>
				<total>1</total>
				<timestamp>1206.533344</timestamp>
			</report>
			<report>
				<misses>60400000</misses>
				<total>1</total>
				<timestamp>1208.534507</timestamp>
			</report>
			<report>
				<misses>60500000</misses>
				<total>1</total>
				<timestamp>1210.537252</timestamp>
			</report>
			<report>
				<misses>60600000</misses>
				<total>1</total>
				<timestamp>1212.537575</timestamp>
			</report>
			<report>
				<misses>60700000</misses>
				<total>1</total>
				<timestamp>1214.537924</timestamp>
			</report>
			<report>
				<misses>60800000</misses>
				<total>1</total>
				<timestamp>1216.538607</timestamp>
			</report>
			<report>
				<misses>60900000</misses>
				<total>1</total>
				<timestamp>1218.539261</timestamp>
			</report>
			<report>
				<misses>61000000</misses>
				<total>1</total>
				<timestamp>1220.540301</timestamp>
			</report>
			<report>
				<misses>61100000</misses>
				<total>1</total>
				<timestamp>1222.541010</timestamp>
			</report>
			<report>
				<misses>61200000</misses>
				<total>1</total>
				<timestamp>1224.543312</timestamp>
			</report>
			<report>
				<misses>61300000</misses>
				<total>1</total>
				<timestamp>1226.544546</timestamp>
			</report>
			<report>
				<misses>61400000</misses>
				<total>1</total>
				<timestamp>1228.545368</timestamp>
			</report>
			<report>
				<misses>61500000</misses>
				<total>1</total>
				<timestamp>1230.546665</timestamp>
			</report>
			<report>
				<misses>61600000</misses>
				<total>1</total>
				<timestamp>1232.547340</timestamp>
			</report>
			<report>
				<misses>61700000</misses>
				<total>1</total>
				<timestamp>1234.547757</timestamp>
			</report>
			<report>
				<misses>61800000</misses>
				<total>1</total>
				<timestamp>1236.549760</timestamp>
			</report>
			<report>
				<misses>61900000</misses>
				<total>1</total>
				<timestamp>1238.550442</timestamp>
			</report>
			<report>
				<misses>62000000</misses>
				<total>1</total>
				<timestamp>1240.551842</timestamp>
			</report>
			<report>
				<misses>62100000</misses>
				<total>1</total>
				<timestamp>1242.552120</timestamp>
			</report>
			<report>
				<misses>62200000</misses>
				<total>1</total>
				<timestamp>1244.552881</timestamp>
			</report>
			<report>
				<misses>62300000</misses>
				<total>1</total>
				<timestamp>1246.553317</timestamp>
			</report>
			<report>
				<misses>62400000</misses>
				<total>1</total>
				<timestamp>1248.554252</timestamp>
			</report>
			<report>
				<misses>62500000</misses>
				<total>1</total>
				<timestamp>1250.555055</timestamp>
			</report>
			<report>
				<misses>62600000</misses>
				<total>1</total>
				<timestamp>1252.555422</timestamp>
			</report>
			<report>
				<misses>62700000</misses>
				<total>1</total>
				<timestamp>1254.555999</timestamp>
			</report>
			<report>
				<misses>62800000</misses>
				<total>1</total>
				<timestamp>1256.557271</timestamp>
			</report>
			<report>
				<misses>62900000</misses>
				<total>1</total>
				<timestamp>1258.557712</timestamp>
			</report>
			<report>
				<misses>63000000</misses>
				<total>1</total>
				<timestamp>1260.558477</timestamp>
			</report>
			<report>
				<misses>63100000</misses>
				<total>1</total>
				<timestamp>1262.558710</timestamp>
			</report>
			<report>
				<misses>63200000</misses>
				<total>1</total>
				<timestamp>1264.559312</timestamp>
			</report>
			<report>
				<misses>63300000</misses>
				<total>1</total>
				<timestamp>1266.559839</timestamp>
			</report>
			<report>
				<misses>63400000</misses>
				<total>1</total>
				<timestamp>1268.559933</timestamp>
			</report>
			<report>
				<misses>63500000</misses>
				<total>1</total>
				<timestamp>1270.561108</timestamp>
			</report>
			<report>
				<misses>63600000</misses>
				<total>1</total>
				<timestamp>1272.561538</timestamp>
			</report>
			<report>
				<misses>63700000</misses>
				<total>1</total>
				<timestamp>1274.562233</timestamp>
			</report>
			<report>
				<misses>63800000</misses>
				<total>1</total>
				<timestamp>1276.562301</timestamp>
			</report>
			<report>
				<misses>63900000</misses>
				<total>1</total>
				<timestamp>1278.562471</timestamp>
			</report>
			<report>
				<misses>64000000</misses>
				<total>1</total>
				<timestamp>1280.564320</timestamp>
			</report>
			<report>
				<misses>64100000</misses>
				<total>1</total>
				<timestamp>1282.564998</timestamp>
			</report>
			<report>
				<misses>64200000</misses>
				<total>1</total>
				<timestamp>1284.566537</timestamp>
			</report>
			<report>
				<misses>64300000</misses>
				<total>1</total>
				<timestamp>1286.566865</timestamp>
			</report>
			<report>
				<misses>64400000</misses>
				<total>1</total>
				<timestamp>1288.567947</timestamp>
			</report>
			<report>
				<misses>64500000</misses>
				<total>1</total>
				<timestamp>1290.568403</timestamp>
			</report>
			<report>
				<misses>64600000</misses>
				<total>1</total>
				<timestamp>1292.571099</timestamp>
			</report>
			<report>
				<misses>64700000</misses>
				<total>1</total>
				<timestamp>1294.571743</timestamp>
			</report>
			<report>
				<misses>64800000</misses>
				<total>1</total>
				<timestamp>1296.572098</timestamp>
			</report>
			<report>
				<misses>64900000</misses>
				<total>1</total>
				<timestamp>1298.572431</timestamp>
			</report>
			<report>
				<misses>65000000</misses>
				<total>1</total>
				<timestamp>1300.572996</timestamp>
			</report>
			<report>
				<misses>65100000</misses>
				<total>1</total>
				<timestamp>1302.573685</timestamp>
			</report>
			<report>
				<misses>65200000</misses>
				<total>1</total>
				<timestamp>1304.574127</timestamp>
			</report>
			<report>
				<misses>65300000</misses>
				<total>1</total>
				<timestamp>1306.574907</timestamp>
			</report>
			<report>
				<misses>65400000</misses>
				<total>1</total>
				<timestamp>1308.575566</timestamp>
			</report>
			<report>
				<misses>65500000</misses>
				<total>1</total>
				<timestamp>1310.576090</timestamp>
			</report>
			<report>
				<misses>65600000</misses>
				<total>1</total>
				<timestamp>1312.576216</timestamp>
			</report>
			<report>
				<misses>65700000</misses>
				<total>1</total>
				<timestamp>1314.576492</timestamp>
			</report>
			<report>
				<misses>65800000</misses>
				<total>1</total>
				<timestamp>1316.576804</timestamp>
			</report>
			<report>
				<misses>65900000</misses>
				<total>1</total>
				<timestamp>1318.577263</timestamp>
			</report>
			<report>
				<misses>66000000</misses>
				<total>1</total>
				<timestamp>1320.578175</timestamp>
			</report>
			<report>
				<misses>66100000</misses>
				<total>1</total>
				<timestamp>1322.579355</timestamp>
			</report>
			<report>
				<misses>66200000</misses>
				<total>1</total>
				<timestamp>1324.580152</timestamp>
			</report>
			<report>
				<misses>66300000</misses>
				<total>1</total>
				<timestamp>1326.585724</timestamp>
			</report>
			<report>
				<misses>66400000</misses>
				<total>1</total>
				<timestamp>1328.587875</timestamp>
			</report>
			<report>
				<misses>66500000</misses>
				<total>1</total>
				<timestamp>1330.588943</timestamp>
			</report>
			<report>
				<misses>66600000</misses>
				<total>1</total>
				<timestamp>1332.589073</timestamp>
			</report>
			<report>
				<misses>66700000</misses>
				<total>1</total>
				<timestamp>1334.589310</timestamp>
			</report>
			<report>
				<misses>66800000</misses>
				<total>1</total>
				<timestamp>1336.590528</timestamp>
			</report>
			<report>
				<misses>66900000</misses>
				<total>1</total>
				<timestamp>1338.590841</timestamp>
			</report>
			<report>
				<misses>67000000</misses>
				<total>1</total>
				<timestamp>1340.591166</timestamp>
			</report>
			<report>
				<misses>67100000</misses>
				<total>1</total>
				<timestamp>1342.592824</timestamp>
			</report>
			<report>
				<misses>67200000</misses>
				<total>1</total>
				<timestamp>1344.593953</timestamp>
			</report>
			<report>
				<misses>67300000</misses>
				<total>1</total>
				<timestamp>1346.594667</timestamp>
			</report>
			<report>
				<misses>67400000</misses>
				<total>1</total>
				<timestamp>1348.595593</timestamp>
			</report>
			<report>
				<misses>67500000</misses>
				<total>1</total>
				<timestamp>1350.596681</timestamp>
			</report>
			<report>
				<misses>67600000</misses>
				<total>1</total>
				<timestamp>1352.597516</timestamp>
			</report>
			<report>
				<misses>67700000</misses>
				<total>1</total>
				<timestamp>1354.598541</timestamp>
			</report>
			<report>
				<misses>67800000</misses>
				<total>1</total>
				<timestamp>1356.599935</timestamp>
			</report>
			<report>
				<misses>67900000</misses>
				<total>1</total>
				<timestamp>1358.601680</timestamp>
			</report>
			<report>
				<misses>68000000</misses>
				<total>1</total>
				<timestamp>1360.602030</timestamp>
			</report>
			<report>
				<misses>68100000</misses>
				<total>1</total>
				<timestamp>1362.603520</timestamp>
			</report>
			<report>
				<misses>68200000</misses>
				<total>1</total>
				<timestamp>1364.604576</timestamp>
			</report>
			<report>
				<misses>68300000</misses>
				<total>1</total>
				<timestamp>1366.605197</timestamp>
			</report>
			<report>
				<misses>68400000</misses>
				<total>1</total>
				<timestamp>1368.606601</timestamp>
			</report>
			<report>
				<misses>68500000</misses>
				<total>1</total>
				<timestamp>1370.606883</timestamp>
			</report>
			<report>
				<misses>68600000</misses>
				<total>1</total>
				<timestamp>1372.607098</timestamp>
			</report>
			<report>
				<misses>68700000</misses>
				<total>1</total>
				<timestamp>1374.607757</timestamp>
			</report>
			<report>
				<misses>68800000</misses>
				<total>1</total>
				<timestamp>1376.609242</timestamp>
			</report>
			<report>
				<misses>68900000</misses>
				<total>1</total>
				<timestamp>1378.609845</timestamp>
			</report>
			<report>
				<misses>69000000</misses>
				<total>1</total>
				<timestamp>1380.610430</timestamp>
			</report>
			<report>
				<misses>69100000</misses>
				<total>1</total>
				<timestamp>1382.610598</timestamp>
			</report>
			<report>
				<misses>69200000</misses>
				<total>1</total>
				<timestamp>1384.611403</timestamp>
			</report>
			<report>
				<misses>69300000</misses>
				<total>1</total>
				<timestamp>1386.612051</timestamp>
			</report>
			<report>
				<misses>69400000</misses>
				<total>1</total>
				<timestamp>1388.612204</timestamp>
			</report>
			<report>
				<misses>69500000</misses>
				<total>1</total>
				<timestamp>1390.612285</timestamp>
			</report>
			<report>
				<misses>69600000</misses>
				<total>1</total>
				<timestamp>1392.613322</timestamp>
			</report>
			<report>
				<misses>69700000</misses>
				<total>1</total>
				<timestamp>1394.614446</timestamp>
			</report>
			<report>
				<misses>69800000</misses>
				<total>1</total>
				<timestamp>1396.615419</timestamp>
			</report>
			<report>
				<misses>69900000</misses>
				<total>1</total>
				<timestamp>1398.616880</timestamp>
			</report>
			<report>
				<misses>70000000</misses>
				<total>1</total>
				<timestamp>1400.618937</timestamp>
			</report>
			<report>
				<misses>70100000</misses>
				<total>1</total>
				<timestamp>1402.620649</timestamp>
			</report>
			<report>
				<misses>70200000</misses>
				<total>1</total>
				<timestamp>1404.621866</timestamp>
			</report>
			<report>
				<misses>70300000</misses>
				<total>1</total>
				<timestamp>1406.622340</timestamp>
			</report>
			<report>
				<misses>70400000</misses>
				<total>1</total>
				<timestamp>1408.623314</timestamp>
			</report>
			<report>
				<misses>70500000</misses>
				<total>1</total>
				<timestamp>1410.623735</timestamp>
			</report>
			<report>
				<misses>70600000</misses>
				<total>1</total>
				<timestamp>1412.623906</timestamp>
			</report>
			<report>
				<misses>70700000</misses>
				<total>1</total>
				<timestamp>1414.623948</timestamp>
			</report>
			<report>
				<misses>70800000</misses>
				<total>1</total>
				<timestamp>1416.624326</timestamp>
			</report>
			<report>
				<misses>70900000</misses>
				<total>1</total>
				<timestamp>1418.626369</timestamp>
			</report>
			<report>
				<misses>71000000</misses>
				<total>1</total>
				<timestamp>1420.627257</timestamp>
			</report>
			<report>
				<misses>71100000</misses>
				<total>1</total>
				<timestamp>1422.627387</timestamp>
			</report>
			<report>
				<misses>71200000</misses>
				<total>1</total>
				<timestamp>1424.628334</timestamp>
			</report>
			<report>
				<misses>71300000</misses>
				<total>1</total>
				<timestamp>1426.629058</timestamp>
			</report>
			<report>
				<misses>71400000</misses>
				<total>1</total>
				<timestamp>1428.629815</timestamp>
			</report>
			<report>
				<misses>71500000</misses>
				<total>1</total>
				<timestamp>1430.632239</timestamp>
			</report>
			<report>
				<misses>71600000</misses>
				<total>1</total>
				<timestamp>1432.634623</timestamp>
			</report>
			<report>
				<misses>71700000</misses>
				<total>1</total>
				<timestamp>1434.636046</timestamp>
			</report>
			<report>
				<misses>71800000</misses>
				<total>1</total>
				<timestamp>1436.636707</timestamp>
			</report>
			<report>
				<misses>71900000</misses>
				<total>1</total>
				<timestamp>1438.637396</timestamp>
			</report>
			<report>
				<misses>72000000</misses>
				<total>1</total>
				<timestamp>1440.637977</timestamp>
			</report>
			<report>
				<misses>72100000</misses>
				<total>1</total>
				<timestamp>1442.638694</timestamp>
			</report>
			<report>
				<misses>72200000</misses>
				<total>1</total>
				<timestamp>1444.640077</timestamp>
			</report>
			<report>
				<misses>72300000</misses>
				<total>1</total>
				<timestamp>1446.640323</timestamp>
			</report>
			<report>
				<misses>72400000</misses>
				<total>1</total>
				<timestamp>1448.641104</timestamp>
			</report>
			<report>
				<misses>72500000</misses>
				<total>1</total>
				<timestamp>1450.641549</timestamp>
			</report>
			<report>
				<misses>72600000</misses>
				<total>1</total>
				<timestamp>1452.641889</timestamp>
			</report>
			<report>
				<misses>72700000</misses>
				<total>1</total>
				<timestamp>1454.642041</timestamp>
			</report>
			<report>
				<misses>72800000</misses>
				<total>1</total>
				<timestamp>1456.642360</timestamp>
			</report>
			<report>
				<misses>72900000</misses>
				<total>1</total>
				<timestamp>1458.643863</timestamp>
			</report>
			<report>
				<misses>73000000</misses>
				<total>1</total>
				<timestamp>1460.644979</timestamp>
			</report>
			<report>
				<misses>73100000</misses>
				<total>1</total>
				<timestamp>1462.645516</timestamp>
			</report>
			<report>
				<misses>73200000</misses>
				<total>1</total>
				<timestamp>1464.646974</timestamp>
			</report>
			<report>
				<misses>73300000</misses>
				<total>1</total>
				<timestamp>1466.648599</timestamp>
			</report>
			<report>
				<misses>73400000</misses>
				<total>1</total>
				<timestamp>1468.648787</timestamp>
			</report>
			<report>
				<misses>73500000</misses>
				<total>1</total>
				<timestamp>1470.649176</timestamp>
			</report>
			<report>
				<misses>73600000</misses>
				<total>1</total>
				<timestamp>1472.650156</timestamp>
			</report>
			<report>
				<misses>73700000</misses>
				<total>1</total>
				<timestamp>1474.650708</timestamp>
			</report>
			<report>
				<misses>73800000</misses>
				<total>1</total>
				<timestamp>1476.651339</timestamp>
			</report>
			<report>
				<misses>73900000</misses>
				<total>1</total>
				<timestamp>1478.651706</timestamp>
			</report>
			<report>
				<misses>74000000</misses>
				<total>1</total>
				<timestamp>1480.652963</timestamp>
			</report>
			<report>
				<misses>74100000</misses>
				<total>1</total>
				<timestamp>1482.654160</timestamp>
			</report>
			<report>
				<misses>74200000</misses>
				<total>1</total>
				<timestamp>1484.654866</timestamp>
			</report>
			<report>
				<misses>74300000</misses>
				<total>1</total>
				<timestamp>1486.656467</timestamp>
			</report>
			<report>
				<misses>74400000</misses>
				<total>1</total>
				<timestamp>1488.657675</timestamp>
			</report>
			<report>
				<misses>74500000</misses>
				<total>1</total>
				<timestamp>1490.658645</timestamp>
			</report>
			<report>
				<misses>74600000</misses>
				<total>1</total>
				<timestamp>1492.659716</timestamp>
			</report>
			<report>
				<misses>74700000</misses>
				<total>1</total>
				<timestamp>1494.660445</timestamp>
			</report>
			<report>
				<misses>74800000</misses>
				<total>1</total>
				<timestamp>1496.660821</timestamp>
			</report>
			<report>
				<misses>74900000</misses>
				<total>1</total>
				<timestamp>1498.661409</timestamp>
			</report>
			<report>
				<misses>75000000</misses>
				<total>1</total>
				<timestamp>1500.663370</timestamp>
			</report>
			<report>
				<misses>75100000</misses>
				<total>1</total>
				<timestamp>1502.665461</timestamp>
			</report>
			<report>
				<misses>75200000</misses>
				<total>1</total>
				<timestamp>1504.668846</timestamp>
			</report>
			<report>
				<misses>75300000</misses>
				<total>1</total>
				<timestamp>1506.669318</timestamp>
			</report>
			<report>
				<misses>75400000</misses>
				<total>1</total>
				<timestamp>1508.670236</timestamp>
			</report>
			<report>
				<misses>75500000</misses>
				<total>1</total>
				<timestamp>1510.671737</timestamp>
			</report>
			<report>
				<misses>75600000</misses>
				<total>1</total>
				<timestamp>1512.672599</timestamp>
			</report>
			<report>
				<misses>75700000</misses>
				<total>1</total>
				<timestamp>1514.672979</timestamp>
			</report>
			<report>
				<misses>75800000</misses>
				<total>1</total>
				<timestamp>1516.674335</timestamp>
			</report>
			<report>
				<misses>75900000</misses>
				<total>1</total>
				<timestamp>1518.674849</timestamp>
			</report>
			<report>
				<misses>76000000</misses>
				<total>1</total>
				<timestamp>1520.675463</timestamp>
			</report>
			<report>
				<misses>76100000</misses>
				<total>1</total>
				<timestamp>1522.676314</timestamp>
			</report>
			<report>
				<misses>76200000</misses>
				<total>1</total>
				<timestamp>1524.677023</timestamp>
			</report>
			<report>
				<misses>76300000</misses>
				<total>1</total>
				<timestamp>1526.677884</timestamp>
			</report>
			<report>
				<misses>76400000</misses>
				<total>1</total>
				<timestamp>1528.678712</timestamp>
			</report>
			<report>
				<misses>76500000</misses>
				<total>1</total>
				<timestamp>1530.680167</timestamp>
			</report>
			<report>
				<misses>76600000</misses>
				<total>1</total>
				<timestamp>1532.681678</timestamp>
			</report>
			<report>
				<misses>76700000</misses>
				<total>1</total>
				<timestamp>1534.681785</timestamp>
			</report>
			<report>
				<misses>76800000</misses>
				<total>1</total>
				<timestamp>1536.682016</timestamp>
			</report>
			<report>
				<misses>76900000</misses>
				<total>1</total>
				<timestamp>1538.682694</timestamp>
			</report>
			<report>
				<misses>77000000</misses>
				<total>1</total>
				<timestamp>1540.684720</timestamp>
			</report>
			<report>
				<misses>77100000</misses>
				<total>1</total>
				<timestamp>1542.686035</timestamp>
			</report>
			<report>
				<misses>77200000</misses>
				<total>1</total>
				<timestamp>1544.686927</timestamp>
			</report>
			<report>
				<misses>77300000</misses>
				<total>1</total>
				<timestamp>1546.687693</timestamp>
			</report>
			<report>
				<misses>77400000</misses>
				<total>1</total>
				<timestamp>1548.689481</timestamp>
			</report>
			<report>
				<misses>77500000</misses>
				<total>1</total>
				<timestamp>1550.690730</timestamp>
			</report>
			<report>
				<misses>77600000</misses>
				<total>1</total>
				<timestamp>1552.691567</timestamp>
			</report>
			<report>
				<misses>77700000</misses>
				<total>1</total>
				<timestamp>1554.693744</timestamp>
			</report>
			<report>
				<misses>77800000</misses>
				<total>1</total>
				<timestamp>1556.694444</timestamp>
			</report>
			<report>
				<misses>77900000</misses>
				<total>1</total>
				<timestamp>1558.694538</timestamp>
			</report>
			<report>
				<misses>78000000</misses>
				<total>1</total>
				<timestamp>1560.695233</timestamp>
			</report>
			<report>
				<misses>78100000</misses>
				<total>1</total>
				<timestamp>1562.696896</timestamp>
			</report>
			<report>
				<misses>78200000</misses>
				<total>1</total>
				<timestamp>1564.698098</timestamp>
			</report>
			<report>
				<misses>78300000</misses>
				<total>1</total>
				<timestamp>1566.698729</timestamp>
			</report>
			<report>
				<misses>78400000</misses>
				<total>1</total>
				<timestamp>1568.699765</timestamp>
			</report>
			<report>
				<misses>78500000</misses>
				<total>1</total>
				<timestamp>1570.700883</timestamp>
			</report>
			<report>
				<misses>78600000</misses>
				<total>1</total>
				<timestamp>1572.701288</timestamp>
			</report>
			<report>
				<misses>78700000</misses>
				<total>1</total>
				<timestamp>1574.702843</timestamp>
			</report>
			<report>
				<misses>78800000</misses>
				<total>1</total>
				<timestamp>1576.703431</timestamp>
			</report>
			<report>
				<misses>78900000</misses>
				<total>1</total>
				<timestamp>1578.704177</timestamp>
			</report>
			<report>
				<misses>79000000</misses>
				<total>1</total>
				<timestamp>1580.705082</timestamp>
			</report>
			<report>
				<misses>79100000</misses>
				<total>1</total>
				<timestamp>1582.705209</timestamp>
			</report>
			<report>
				<misses>79200000</misses>
				<total>1</total>
				<timestamp>1584.706317</timestamp>
			</report>
			<report>
				<misses>79300000</misses>
				<total>1</total>
				<timestamp>1586.708327</timestamp>
			</report>
			<report>
				<misses>79400000</misses>
				<total>1</total>
				<timestamp>1588.709570</timestamp>
			</report>
			<report>
				<misses>79500000</misses>
				<total>1</total>
				<timestamp>1590.710333</timestamp>
			</report>
			<report>
				<misses>79600000</misses>
				<total>1</total>
				<timestamp>1592.711826</timestamp>
			</report>
			<report>
				<misses>79700000</misses>
				<total>1</total>
				<timestamp>1594.712943</timestamp>
			</report>
			<report>
				<misses>79800000</misses>
				<total>1</total>
				<timestamp>1596.714497</timestamp>
			</report>
			<report>
				<misses>79900000</misses>
				<total>1</total>
				<timestamp>1598.714731</timestamp>
			</report>
			<report>
				<misses>80000000</misses>
				<total>1</total>
				<timestamp>1600.715163</timestamp>
			</report>
			<report>
				<misses>80100000</misses>
				<total>1</total>
				<timestamp>1602.716613</timestamp>
			</report>
			<report>
				<misses>80200000</misses>
				<total>1</total>
				<timestamp>1604.717631</timestamp>
			</report>
			<report>
				<misses>80300000</misses>
				<total>1</total>
				<timestamp>1606.718018</timestamp>
			</report>
			<report>
				<misses>80400000</misses>
				<total>1</total>
				<timestamp>1608.718774</timestamp>
			</report>
			<report>
				<misses>80500000</misses>
				<total>1</total>
				<timestamp>1610.719958</timestamp>
			</report>
			<report>
				<misses>80600000</misses>
				<total>1</total>
				<timestamp>1612.720264</timestamp>
			</report>
			<report>
				<misses>80700000</misses>
				<total>1</total>
				<timestamp>1614.720494</timestamp>
			</report>
			<report>
				<misses>80800000</misses>
				<total>1</total>
				<timestamp>1616.720724</timestamp>
			</report>
			<report>
				<misses>80900000</misses>
				<total>1</total>
				<timestamp>1618.722150</timestamp>
			</report>
			<report>
				<misses>81000000</misses>
				<total>1</total>
				<timestamp>1620.722507</timestamp>
			</report>
			<report>
				<misses>81100000</misses>
				<total>1</total>
				<timestamp>1622.722832</timestamp>
			</report>
			<report>
				<misses>81200000</misses>
				<total>1</total>
				<timestamp>1624.723512</timestamp>
			</report>
			<report>
				<misses>81300000</misses>
				<total>1</total>
				<timestamp>1626.724024</timestamp>
			</report>
			<report>
				<misses>81400000</misses>
				<total>1</total>
				<timestamp>1628.725487</timestamp>
			</report>
			<report>
				<misses>81500000</misses>
				<total>1</total>
				<timestamp>1630.726302</timestamp>
			</report>
			<report>
				<misses>81600000</misses>
				<total>1</total>
				<timestamp>1632.728103</timestamp>
			</report>
			<report>
				<misses>81700000</misses>
				<total>1</total>
				<timestamp>1634.729392</timestamp>
			</report>
			<report>
				<misses>81800000</misses>
				<total>1</total>
				<timestamp>1636.730609</timestamp>
			</report>
			<report>
				<misses>81900000</misses>
				<total>1</total>
				<timestamp>1638.732109</timestamp>
			</report>
			<report>
				<misses>82000000</misses>
				<total>1</total>
				<timestamp>1640.733290</timestamp>
			</report>
			<report>
				<misses>82100000</misses>
				<total>1</total>
				<timestamp>1642.734578</timestamp>
			</report>
			<report>
				<misses>82200000</misses>
				<total>1</total>
				<timestamp>1644.735640</timestamp>
			</report>
			<report>
				<misses>82300000</misses>
				<total>1</total>
				<timestamp>1646.736199</timestamp>
			</report>
			<report>
				<misses>82400000</misses>
				<total>1</total>
				<timestamp>1648.736778</timestamp>
			</report>
			<report>
				<misses>82500000</misses>
				<total>1</total>
				<timestamp>1650.737430</timestamp>
			</report>
			<report>
				<misses>82600000</misses>
				<total>1</total>
				<timestamp>1652.739037</timestamp>
			</report>
			<report>
				<misses>82700000</misses>
				<total>1</total>
				<timestamp>1654.740078</timestamp>
			</report>
			<report>
				<misses>82800000</misses>
				<total>1</total>
				<timestamp>1656.741221</timestamp>
			</report>
			<report>
				<misses>82900000</misses>
				<total>1</total>
				<timestamp>1658.741339</timestamp>
			</report>
			<report>
				<misses>83000000</misses>
				<total>1</total>
				<timestamp>1660.742523</timestamp>
			</report>
			<report>
				<misses>83100000</misses>
				<total>1</total>
				<timestamp>1662.742896</timestamp>
			</report>
			<report>
				<misses>83200000</misses>
				<total>1</total>
				<timestamp>1664.743832</timestamp>
			</report>
			<report>
				<misses>83300000</misses>
				<total>1</total>
				<timestamp>1666.744297</timestamp>
			</report>
			<report>
				<misses>83400000</misses>
				<total>1</total>
				<timestamp>1668.745701</timestamp>
			</report>
			<report>
				<misses>83500000</misses>
				<total>1</total>
				<timestamp>1670.746852</timestamp>
			</report>
			<report>
				<misses>83600000</misses>
				<total>1</total>
				<timestamp>1672.747209</timestamp>
			</report>
			<report>
				<misses>83700000</misses>
				<total>1</total>
				<timestamp>1674.748324</timestamp>
			</report>
			<report>
				<misses>83800000</misses>
				<total>1</total>
				<timestamp>1676.749017</timestamp>
			</report>
			<report>
				<misses>83900000</misses>
				<total>1</total>
				<timestamp>1678.750768</timestamp>
			</report>
			<report>
				<misses>84000000</misses>
				<total>1</total>
				<timestamp>1680.751641</timestamp>
			</report>
			<report>
				<misses>84100000</misses>
				<total>1</total>
				<timestamp>1682.752899</timestamp>
			</report>
			<report>
				<misses>84200000</misses>
				<total>1</total>
				<timestamp>1684.753580</timestamp>
			</report>
			<report>
				<misses>84300000</misses>
				<total>1</total>
				<timestamp>1686.755212</timestamp>
			</report>
			<report>
				<misses>84400000</misses>
				<total>1</total>
				<timestamp>1688.755847</timestamp>
			</report>
			<report>
				<misses>84500000</misses>
				<total>1</total>
				<timestamp>1690.758248</timestamp>
			</report>
			<report>
				<misses>84600000</misses>
				<total>1</total>
				<timestamp>1692.758830</timestamp>
			</report>
			<report>
				<misses>84700000</misses>
				<total>1</total>
				<timestamp>1694.759644</timestamp>
			</report>
			<report>
				<misses>84800000</misses>
				<total>1</total>
				<timestamp>1696.759781</timestamp>
			</report>
			<report>
				<misses>84900000</misses>
				<total>1</total>
				<timestamp>1698.761326</timestamp>
			</report>
			<report>
				<misses>85000000</misses>
				<total>1</total>
				<timestamp>1700.762872</timestamp>
			</report>
			<report>
				<misses>85100000</misses>
				<total>1</total>
				<timestamp>1702.764200</timestamp>
			</report>
			<report>
				<misses>85200000</misses>
				<total>1</total>
				<timestamp>1704.764606</timestamp>
			</report>
			<report>
				<misses>85300000</misses>
				<total>1</total>
				<timestamp>1706.765028</timestamp>
			</report>
			<report>
				<misses>85400000</misses>
				<total>1</total>
				<timestamp>1708.765296</timestamp>
			</report>
			<report>
				<misses>85500000</misses>
				<total>1</total>
				<timestamp>1710.766560</timestamp>
			</report>
			<report>
				<misses>85600000</misses>
				<total>1</total>
				<timestamp>1712.766719</timestamp>
			</report>
			<report>
				<misses>85700000</misses>
				<total>1</total>
				<timestamp>1714.766956</timestamp>
			</report>
			<report>
				<misses>85800000</misses>
				<total>1</total>
				<timestamp>1716.768092</timestamp>
			</report>
			<report>
				<misses>85900000</misses>
				<total>1</total>
				<timestamp>1718.769562</timestamp>
			</report>
			<report>
				<misses>86000000</misses>
				<total>1</total>
				<timestamp>1720.769971</timestamp>
			</report>
			<report>
				<misses>86100000</misses>
				<total>1</total>
				<timestamp>1722.771321</timestamp>
			</report>
			<report>
				<misses>86200000</misses>
				<total>1</total>
				<timestamp>1724.771715</timestamp>
			</report>
			<report>
				<misses>86300000</misses>
				<total>1</total>
				<timestamp>1726.773403</timestamp>
			</report>
			<report>
				<misses>86400000</misses>
				<total>1</total>
				<timestamp>1728.774113</timestamp>
			</report>
			<report>
				<misses>86500000</misses>
				<total>1</total>
				<timestamp>1730.774932</timestamp>
			</report>
			<report>
				<misses>86600000</misses>
				<total>1</total>
				<timestamp>1732.775607</timestamp>
			</report>
			<report>
				<misses>86700000</misses>
				<total>1</total>
				<timestamp>1734.776036</timestamp>
			</report>
			<report>
				<misses>86800000</misses>
				<total>1</total>
				<timestamp>1736.776852</timestamp>
			</report>
			<report>
				<misses>86900000</misses>
				<total>1</total>
				<timestamp>1738.778397</timestamp>
			</report>
			<report>
				<misses>87000000</misses>
				<total>1</total>
				<timestamp>1740.779181</timestamp>
			</report>
			<report>
				<misses>87100000</misses>
				<total>1</total>
				<timestamp>1742.780068</timestamp>
			</report>
			<report>
				<misses>87200000</misses>
				<total>1</total>
				<timestamp>1744.780363</timestamp>
			</report>
			<report>
				<misses>87300000</misses>
				<total>1</total>
				<timestamp>1746.781049</timestamp>
			</report>
			<report>
				<misses>87400000</misses>
				<total>1</total>
				<timestamp>1748.781995</timestamp>
			</report>
			<report>
				<misses>87500000</misses>
				<total>1</total>
				<timestamp>1750.782727</timestamp>
			</report>
			<report>
				<misses>87600000</misses>
				<total>1</total>
				<timestamp>1752.783338</timestamp>
			</report>
			<report>
				<misses>87700000</misses>
				<total>1</total>
				<timestamp>1754.783816</timestamp>
			</report>
			<report>
				<misses>87800000</misses>
				<total>1</total>
				<timestamp>1756.785058</timestamp>
			</report>
			<report>
				<misses>87900000</misses>
				<total>1</total>
				<timestamp>1758.785949</timestamp>
			</report>
			<report>
				<misses>88000000</misses>
				<total>1</total>
				<timestamp>1760.786367</timestamp>
			</report>
			<report>
				<misses>88100000</misses>
				<total>1</total>
				<timestamp>1762.786789</timestamp>
			</report>
			<report>
				<misses>88200000</misses>
				<total>1</total>
				<timestamp>1764.787582</timestamp>
			</report>
			<report>
				<misses>88300000</misses>
				<total>1</total>
				<timestamp>1766.788434</timestamp>
			</report>
			<report>
				<misses>88400000</misses>
				<total>1</total>
				<timestamp>1768.788804</timestamp>
			</report>
			<report>
				<misses>88500000</misses>
				<total>1</total>
				<timestamp>1770.789955</timestamp>
			</report>
			<report>
				<misses>88600000</misses>
				<total>1</total>
				<timestamp>1772.790301</timestamp>
			</report>
			<report>
				<misses>88700000</misses>
				<total>1</total>
				<timestamp>1774.791109</timestamp>
			</report>
			<report>
				<misses>88800000</misses>
				<total>1</total>
				<timestamp>1776.791818</timestamp>
			</report>
			<report>
				<misses>88900000</misses>
				<total>1</total>
				<timestamp>1778.792484</timestamp>
			</report>
			<report>
				<misses>89000000</misses>
				<total>1</total>
				<timestamp>1780.792845</timestamp>
			</report>
			<report>
				<misses>89100000</misses>
				<total>1</total>
				<timestamp>1782.793027</timestamp>
			</report>
			<report>
				<misses>89200000</misses>
				<total>1</total>
				<timestamp>1784.793668</timestamp>
			</report>
			<report>
				<misses>89300000</misses>
				<total>1</total>
				<timestamp>1786.794450</timestamp>
			</report>
			<report>
				<misses>89400000</misses>
				<total>1</total>
				<timestamp>1788.795005</timestamp>
			</report>
			<report>
				<misses>89500000</misses>
				<total>1</total>
				<timestamp>1790.795377</timestamp>
			</report>
			<report>
				<misses>89600000</misses>
				<total>1</total>
				<timestamp>1792.795468</timestamp>
			</report>
			<report>
				<misses>89700000</misses>
				<total>1</total>
				<timestamp>1794.796587</timestamp>
			</report>
			<report>
				<misses>89800000</misses>
				<total>1</total>
				<timestamp>1796.798171</timestamp>
			</report>
			<report>
				<misses>89900000</misses>
				<total>1</total>
				<timestamp>1798.799494</timestamp>
			</report>
			<report>
				<misses>90000000</misses>
				<total>1</total>
				<timestamp>1800.800371</timestamp>
			</report>
			<report>
				<misses>90100000</misses>
				<total>1</total>
				<timestamp>1802.801149</timestamp>
			</report>
			<report>
				<misses>90200000</misses>
				<total>1</total>
				<timestamp>1804.801537</timestamp>
			</report>
			<report>
				<misses>90300000</misses>
				<total>1</total>
				<timestamp>1806.801837</timestamp>
			</report>
			<report>
				<misses>90400000</misses>
				<total>1</total>
				<timestamp>1808.802666</timestamp>
			</report>
			<report>
				<misses>90500000</misses>
				<total>1</total>
				<timestamp>1810.803478</timestamp>
			</report>
			<report>
				<misses>90600000</misses>
				<total>1</total>
				<timestamp>1812.803638</timestamp>
			</report>
			<report>
				<misses>90700000</misses>
				<total>1</total>
				<timestamp>1814.804885</timestamp>
			</report>
			<report>
				<misses>90800000</misses>
				<total>1</total>
				<timestamp>1816.805644</timestamp>
			</report>
			<report>
				<misses>90900000</misses>
				<total>1</total>
				<timestamp>1818.807746</timestamp>
			</report>
			<report>
				<misses>91000000</misses>
				<total>1</total>
				<timestamp>1820.808898</timestamp>
			</report>
			<report>
				<misses>91100000</misses>
				<total>1</total>
				<timestamp>1822.810975</timestamp>
			</report>
			<report>
				<misses>91200000</misses>
				<total>1</total>
				<timestamp>1824.812048</timestamp>
			</report>
			<report>
				<misses>91300000</misses>
				<total>1</total>
				<timestamp>1826.812390</timestamp>
			</report>
			<report>
				<misses>91400000</misses>
				<total>1</total>
				<timestamp>1828.813957</timestamp>
			</report>
			<report>
				<misses>91500000</misses>
				<total>1</total>
				<timestamp>1830.814667</timestamp>
			</report>
			<report>
				<misses>91600000</misses>
				<total>1</total>
				<timestamp>1832.815485</timestamp>
			</report>
			<report>
				<misses>91700000</misses>
				<total>1</total>
				<timestamp>1834.816123</timestamp>
			</report>
			<report>
				<misses>91800000</misses>
				<total>1</total>
				<timestamp>1836.816849</timestamp>
			</report>
			<report>
				<misses>91900000</misses>
				<total>1</total>
				<timestamp>1838.817390</timestamp>
			</report>
			<report>
				<misses>92000000</misses>
				<total>1</total>
				<timestamp>1840.817842</timestamp>
			</report>
			<report>
				<misses>92100000</misses>
				<total>1</total>
				<timestamp>1842.818087</timestamp>
			</report>
			<report>
				<misses>92200000</misses>
				<total>1</total>
				<timestamp>1844.818198</timestamp>
			</report>
			<report>
				<misses>92300000</misses>
				<total>1</total>
				<timestamp>1846.818497</timestamp>
			</report>
			<report>
				<misses>92400000</misses>
				<total>1</total>
				<timestamp>1848.819305</timestamp>
			</report>
			<report>
				<misses>92500000</misses>
				<total>1</total>
				<timestamp>1850.820006</timestamp>
			</report>
			<report>
				<misses>92600000</misses>
				<total>1</total>
				<timestamp>1852.820895</timestamp>
			</report>
			<report>
				<misses>92700000</misses>
				<total>1</total>
				<timestamp>1854.821653</timestamp>
			</report>
			<report>
				<misses>92800000</misses>
				<total>1</total>
				<timestamp>1856.821906</timestamp>
			</report>
			<report>
				<misses>92900000</misses>
				<total>1</total>
				<timestamp>1858.822431</timestamp>
			</report>
			<report>
				<misses>93000000</misses>
				<total>1</total>
				<timestamp>1860.823216</timestamp>
			</report>
			<report>
				<misses>93100000</misses>
				<total>1</total>
				<timestamp>1862.823317</timestamp>
			</report>
			<report>
				<misses>93200000</misses>
				<total>1</total>
				<timestamp>1864.823572</timestamp>
			</report>
			<report>
				<misses>93300000</misses>
				<total>1</total>
				<timestamp>1866.824494</timestamp>
			</report>
			<report>
				<misses>93400000</misses>
				<total>1</total>
				<timestamp>1868.825065</timestamp>
			</report>
			<report>
				<misses>93500000</misses>
				<total>1</total>
				<timestamp>1870.826649</timestamp>
			</report>
			<report>
				<misses>93600000</misses>
				<total>1</total>
				<timestamp>1872.827667</timestamp>
			</report>
			<report>
				<misses>93700000</misses>
				<total>1</total>
				<timestamp>1874.828742</timestamp>
			</report>
			<report>
				<misses>93800000</misses>
				<total>1</total>
				<timestamp>1876.830275</timestamp>
			</report>
			<report>
				<misses>93900000</misses>
				<total>1</total>
				<timestamp>1878.831416</timestamp>
			</report>
			<report>
				<misses>94000000</misses>
				<total>1</total>
				<timestamp>1880.832704</timestamp>
			</report>
			<report>
				<misses>94100000</misses>
				<total>1</total>
				<timestamp>1882.833634</timestamp>
			</report>
			<report>
				<misses>94200000</misses>
				<total>1</total>
				<timestamp>1884.833760</timestamp>
			</report>
			<report>
				<misses>94300000</misses>
				<total>1</total>
				<timestamp>1886.833883</timestamp>
			</report>
			<report>
				<misses>94400000</misses>
				<total>1</total>
				<timestamp>1888.834266</timestamp>
			</report>
			<report>
				<misses>94500000</misses>
				<total>1</total>
				<timestamp>1890.834905</timestamp>
			</report>
			<report>
				<misses>94600000</misses>
				<total>1</total>
				<timestamp>1892.835573</timestamp>
			</report>
			<report>
				<misses>94700000</misses>
				<total>1</total>
				<timestamp>1894.835841</timestamp>
			</report>
			<report>
				<misses>94800000</misses>
				<total>1</total>
				<timestamp>1896.837169</timestamp>
			</report>
			<report>
				<misses>94900000</misses>
				<total>1</total>
				<timestamp>1898.838320</timestamp>
			</report>
			<report>
				<misses>95000000</misses>
				<total>1</total>
				<timestamp>1900.839014</timestamp>
			</report>
			<report>
				<misses>95100000</misses>
				<total>1</total>
				<timestamp>1902.839091</timestamp>
			</report>
			<report>
				<misses>95200000</misses>
				<total>1</total>
				<timestamp>1904.840011</timestamp>
			</report>
			<report>
				<misses>95300000</misses>
				<total>1</total>
				<timestamp>1906.840335</timestamp>
			</report>
			<report>
				<misses>95400000</misses>
				<total>1</total>
				<timestamp>1908.842639</timestamp>
			</report>
			<report>
				<misses>95500000</misses>
				<total>1</total>
				<timestamp>1910.844704</timestamp>
			</report>
			<report>
				<misses>95600000</misses>
				<total>1</total>
				<timestamp>1912.845279</timestamp>
			</report>
			<report>
				<misses>95700000</misses>
				<total>1</total>
				<timestamp>1914.846069</timestamp>
			</report>
			<report>
				<misses>95800000</misses>
				<total>1</total>
				<timestamp>1916.847413</timestamp>
			</report>
			<report>
				<misses>95900000</misses>
				<total>1</total>
				<timestamp>1918.847525</timestamp>
			</report>
			<report>
				<misses>96000000</misses>
				<total>2</total>
				<timestamp>1920.848226</timestamp>
			</report>
			<report>
				<misses>96100000</misses>
				<total>2</total>
				<timestamp>1922.848432</timestamp>
			</report>
			<report>
				<misses>96200000</misses>
				<total>2</total>
				<timestamp>1924.849002</timestamp>
			</report>
			<report>
				<misses>96300000</misses>
				<total>2</total>
				<timestamp>1926.850289</timestamp>
			</report>
			<report>
				<misses>96400000</misses>
				<total>2</total>
				<timestamp>1928.851204</timestamp>
			</report>
			<report>
				<misses>96500000</misses>
				<total>2</total>
				<timestamp>1930.852299</timestamp>
			</report>
			<report>
				<misses>96600000</misses>
				<total>2</total>
				<timestamp>1932.852874</timestamp>
			</report>
			<report>
				<misses>96700000</misses>
				<total>2</total>
				<timestamp>1934.853910</timestamp>
			</report>
			<report>
				<misses>96800000</misses>
				<total>2</total>
				<timestamp>1936.854063</timestamp>
			</report>
			<report>
				<misses>96900000</misses>
				<total>2</total>
				<timestamp>1938.854522</timestamp>
			</report>
			<report>
				<misses>97000000</misses>
				<total>3</total>
				<timestamp>1940.854945</timestamp>
			</report>
			<report>
				<misses>97100000</misses>
				<total>3</total>
				<timestamp>1942.855146</timestamp>
			</report>
			<report>
				<misses>97200000</misses>
				<total>3</total>
				<timestamp>1944.855589</timestamp>
			</report>
			<report>
				<misses>97300000</misses>
				<total>3</total>
				<timestamp>1946.856036</timestamp>
			</report>
			<report>
				<misses>97400000</misses>
				<total>3</total>
				<timestamp>1948.856756</timestamp>
			</report>
			<report>
				<misses>97500000</misses>
				<total>3</total>
				<timestamp>1950.857410</timestamp>
			</report>
			<report>
				<misses>97600000</misses>
				<total>3</total>
				<timestamp>1952.858288</timestamp>
			</report>
			<report>
				<misses>97700000</misses>
				<total>3</total>
				<timestamp>1954.859939</timestamp>
			</report>
			<report>
				<misses>97800000</misses>
				<total>3</total>
				<timestamp>1956.861360</timestamp>
			</report>
			<report>
				<misses>97900000</misses>
				<total>3</total>
				<timestamp>1958.863374</timestamp>
			</report>
			<report>
				<misses>98000000</misses>
				<total>3</total>
				<timestamp>1960.865287</timestamp>
			</report>
			<report>
				<misses>98100000</misses>
				<total>3</total>
				<timestamp>1962.866149</timestamp>
			</report>
			<report>
				<misses>98200000</misses>
				<total>3</total>
				<timestamp>1964.866349</timestamp>
			</report>
			<report>
				<misses>98300000</misses>
				<total>3</total>
				<timestamp>1966.866629</timestamp>
			</report>
			<report>
				<misses>98400000</misses>
				<total>3</total>
				<timestamp>1968.867185</timestamp>
			</report>
			<report>
				<misses>98500000</misses>
				<total>3</total>
				<timestamp>1970.869496</timestamp>
			</report>
			<report>
				<misses>98600000</misses>
				<total>3</total>
				<timestamp>1972.870002</timestamp>
			</report>
			<report>
				<misses>98700000</misses>
				<total>3</total>
				<timestamp>1974.871231</timestamp>
			</report>
			<report>
				<misses>98800000</misses>
				<total>3</total>
				<timestamp>1976.872891</timestamp>
			</report>
			<report>
				<misses>98900000</misses>
				<total>3</total>
				<timestamp>1978.873805</timestamp>
			</report>
			<report>
				<misses>99000000</misses>
				<total>3</total>
				<timestamp>1980.874687</timestamp>
			</report>
			<report>
				<misses>99100000</misses>
				<total>3</total>
				<timestamp>1982.875917</timestamp>
			</report>
			<report>
				<misses>99200000</misses>
				<total>3</total>
				<timestamp>1984.876479</timestamp>
			</report>
			<report>
				<misses>99300000</misses>
				<total>3</total>
				<timestamp>1986.876708</timestamp>
			</report>
			<report>
				<misses>99400000</misses>
				<total>3</total>
				<timestamp>1988.876901</timestamp>
			</report>
			<report>
				<misses>99500000</misses>
				<total>3</total>
				<timestamp>1990.877199</timestamp>
			</report>
			<report>
				<misses>99600000</misses>
				<total>3</total>
				<timestamp>1992.878706</timestamp>
			</report>
			<report>
				<misses>99700000</misses>
				<total>3</total>
				<timestamp>1994.879582</timestamp>
			</report>
			<report>
				<misses>99800000</misses>
				<total>3</total>
				<timestamp>1996.881036</timestamp>
			</report>
			<report>
				<misses>99900000</misses>
				<total>3</total>
				<timestamp>1998.882003</timestamp>
			</report>
			<report>
				<misses>100000000</misses>
				<total>3</total>
				<timestamp>2000.884000</timestamp>
			</report>
			<report>
				<misses>100100000</misses>
				<total>3</total>
				<timestamp>2002.885278</timestamp>
			</report>
			<report>
				<misses>100200000</misses>
				<total>3</total>
				<timestamp>2004.886302</timestamp>
			</report>
			<report>
				<misses>100300000</misses>
				<total>3</total>
				<timestamp>2006.888569</timestamp>
			</report>
			<report>
				<misses>100400000</misses>
				<total>3</total>
				<timestamp>2008.890273</timestamp>
			</report>
			<report>
				<misses>100500000</misses>
				<total>3</total>
				<timestamp>2010.891043</timestamp>
			</report>
			<report>
				<misses>100600000</misses>
				<total>3</total>
				<timestamp>2012.891364</timestamp>
			</report>
			<report>
				<misses>100700000</misses>
				<total>3</total>
				<timestamp>2014.892271</timestamp>
			</report>
			<report>
				<misses>100800000</misses>
				<total>3</total>
				<timestamp>2016.893657</timestamp>
			</report>
			<report>
				<misses>100900000</misses>
				<total>3</total>
				<timestamp>2018.894244</timestamp>
			</report>
			<report>
				<misses>101000000</misses>
				<total>3</total>
				<timestamp>2020.895282</timestamp>
			</report>
			<report>
				<misses>101100000</misses>
				<total>3</total>
				<timestamp>2022.896226</timestamp>
			</report>
			<report>
				<misses>101200000</misses>
				<total>3</total>
				<timestamp>2024.897431</timestamp>
			</report>
			<report>
				<misses>101300000</misses>
				<total>3</total>
				<timestamp>2026.897481</timestamp>
			</report>
			<report>
				<misses>101400000</misses>
				<total>3</total>
				<timestamp>2028.898724</timestamp>
			</report>
			<report>
				<misses>101500000</misses>
				<total>3</total>
				<timestamp>2030.899467</timestamp>
			</report>
			<report>
				<misses>101600000</misses>
				<total>3</total>
				<timestamp>2032.901700</timestamp>
			</report>
			<report>
				<misses>101700000</misses>
				<total>3</total>
				<timestamp>2034.903076</timestamp>
			</report>
			<report>
				<misses>101800000</misses>
				<total>3</total>
				<timestamp>2036.904065</timestamp>
			</report>
			<report>
				<misses>101900000</misses>
				<total>3</total>
				<timestamp>2038.905593</timestamp>
			</report>
			<report>
				<misses>102000000</misses>
				<total>3</total>
				<timestamp>2040.907580</timestamp>
			</report>
			<report>
				<misses>102100000</misses>
				<total>3</total>
				<timestamp>2042.908027</timestamp>
			</report>
			<report>
				<misses>102200000</misses>
				<total>3</total>
				<timestamp>2044.908237</timestamp>
			</report>
			<report>
				<misses>102300000</misses>
				<total>3</total>
				<timestamp>2046.908796</timestamp>
			</report>
			<report>
				<misses>102400000</misses>
				<total>3</total>
				<timestamp>2048.909550</timestamp>
			</report>
			<report>
				<misses>102500000</misses>
				<total>3</total>
				<timestamp>2050.910321</timestamp>
			</report>
			<report>
				<misses>102600000</misses>
				<total>3</total>
				<timestamp>2052.910930</timestamp>
			</report>
			<report>
				<misses>102700000</misses>
				<total>3</total>
				<timestamp>2054.911768</timestamp>
			</report>
			<report>
				<misses>102800000</misses>
				<total>3</total>
				<timestamp>2056.912174</timestamp>
			</report>
			<report>
				<misses>102900000</misses>
				<total>3</total>
				<timestamp>2058.912860</timestamp>
			</report>
			<report>
				<misses>103000000</misses>
				<total>3</total>
				<timestamp>2060.913249</timestamp>
			</report>
			<report>
				<misses>103100000</misses>
				<total>3</total>
				<timestamp>2062.913323</timestamp>
			</report>
			<report>
				<misses>103200000</misses>
				<total>3</total>
				<timestamp>2064.914462</timestamp>
			</report>
			<report>
				<misses>103300000</misses>
				<total>3</total>
				<timestamp>2066.914992</timestamp>
			</report>
			<report>
				<misses>103400000</misses>
				<total>3</total>
				<timestamp>2068.916276</timestamp>
			</report>
			<report>
				<misses>103500000</misses>
				<total>3</total>
				<timestamp>2070.916640</timestamp>
			</report>
			<report>
				<misses>103600000</misses>
				<total>3</total>
				<timestamp>2072.916786</timestamp>
			</report>
			<report>
				<misses>103700000</misses>
				<total>3</total>
				<timestamp>2074.917737</timestamp>
			</report>
			<report>
				<misses>103800000</misses>
				<total>3</total>
				<timestamp>2076.918661</timestamp>
			</report>
			<report>
				<misses>103900000</misses>
				<total>3</total>
				<timestamp>2078.919329</timestamp>
			</report>
			<report>
				<misses>104000000</misses>
				<total>3</total>
				<timestamp>2080.919893</timestamp>
			</report>
			<report>
				<misses>104100000</misses>
				<total>3</total>
				<timestamp>2082.920634</timestamp>
			</report>
			<report>
				<misses>104200000</misses>
				<total>3</total>
				<timestamp>2084.921552</timestamp>
			</report>
			<report>
				<misses>104300000</misses>
				<total>3</total>
				<timestamp>2086.922460</timestamp>
			</report>
			<report>
				<misses>104400000</misses>
				<total>3</total>
				<timestamp>2088.922976</timestamp>
			</report>
			<report>
				<misses>104500000</misses>
				<total>3</total>
				<timestamp>2090.923644</timestamp>
			</report>
			<report>
				<misses>104600000</misses>
				<total>3</total>
				<timestamp>2092.924409</timestamp>
			</report>
			<report>
				<misses>104700000</misses>
				<total>3</total>
				<timestamp>2094.927581</timestamp>
			</report>
			<report>
				<misses>104800000</misses>
				<total>3</total>
				<timestamp>2096.928503</timestamp>
			</report>
			<report>
				<misses>104900000</misses>
				<total>3</total>
				<timestamp>2098.929542</timestamp>
			</report>
			<report>
				<misses>105000000</misses>
				<total>3</total>
				<timestamp>2100.930456</timestamp>
			</report>
			<report>
				<misses>105100000</misses>
				<total>3</total>
				<timestamp>2102.930665</timestamp>
			</report>
			<report>
				<misses>105200000</misses>
				<total>3</total>
				<timestamp>2104.931894</timestamp>
			</report>
			<report>
				<misses>105300000</misses>
				<total>3</total>
				<timestamp>2106.933763</timestamp>
			</report>
			<report>
				<misses>105400000</misses>
				<total>3</total>
				<timestamp>2108.935088</timestamp>
			</report>
			<report>
				<misses>105500000</misses>
				<total>3</total>
				<timestamp>2110.936341</timestamp>
			</report>
			<report>
				<misses>105600000</misses>
				<total>3</total>
				<timestamp>2112.936995</timestamp>
			</report>
			<report>
				<misses>105700000</misses>
				<total>3</total>
				<timestamp>2114.937158</timestamp>
			</report>
			<report>
				<misses>105800000</misses>
				<total>3</total>
				<timestamp>2116.937298</timestamp>
			</report>
			<report>
				<misses>105900000</misses>
				<total>3</total>
				<timestamp>2118.937693</timestamp>
			</report>
			<report>
				<misses>106000000</misses>
				<total>3</total>
				<timestamp>2120.938883</timestamp>
			</report>
			<report>
				<misses>106100000</misses>
				<total>3</total>
				<timestamp>2122.940857</timestamp>
			</report>
			<report>
				<misses>106200000</misses>
				<total>3</total>
				<timestamp>2124.941160</timestamp>
			</report>
			<report>
				<misses>106300000</misses>
				<total>3</total>
				<timestamp>2126.941381</timestamp>
			</report>
			<report>
				<misses>106400000</misses>
				<total>3</total>
				<timestamp>2128.942075</timestamp>
			</report>
			<report>
				<misses>106500000</misses>
				<total>3</total>
				<timestamp>2130.942671</timestamp>
			</report>
			<report>
				<misses>106600000</misses>
				<total>3</total>
				<timestamp>2132.943038</timestamp>
			</report>
			<report>
				<misses>106700000</misses>
				<total>3</total>
				<timestamp>2134.943458</timestamp>
			</report>
			<report>
				<misses>106800000</misses>
				<total>3</total>
				<timestamp>2136.944684</timestamp>
			</report>
			<report>
				<misses>106900000</misses>
				<total>3</total>
				<timestamp>2138.945193</timestamp>
			</report>
			<report>
				<misses>107000000</misses>
				<total>3</total>
				<timestamp>2140.947713</timestamp>
			</report>
			<report>
				<misses>107100000</misses>
				<total>3</total>
				<timestamp>2142.949890</timestamp>
			</report>
			<report>
				<misses>107200000</misses>
				<total>3</total>
				<timestamp>2144.951334</timestamp>
			</report>
			<report>
				<misses>107300000</misses>
				<total>3</total>
				<timestamp>2146.952416</timestamp>
			</report>
			<report>
				<misses>107400000</misses>
				<total>3</total>
				<timestamp>2148.952850</timestamp>
			</report>
			<report>
				<misses>107500000</misses>
				<total>3</total>
				<timestamp>2150.954802</timestamp>
			</report>
			<report>
				<misses>107600000</misses>
				<total>3</total>
				<timestamp>2152.956144</timestamp>
			</report>
			<report>
				<misses>107700000</misses>
				<total>3</total>
				<timestamp>2154.957615</timestamp>
			</report>
			<report>
				<misses>107800000</misses>
				<total>3</total>
				<timestamp>2156.957904</timestamp>
			</report>
			<report>
				<misses>107900000</misses>
				<total>3</total>
				<timestamp>2158.958108</timestamp>
			</report>
			<report>
				<misses>108000000</misses>
				<total>3</total>
				<timestamp>2160.958617</timestamp>
			</report>
			<report>
				<misses>108100000</misses>
				<total>3</total>
				<timestamp>2162.959753</timestamp>
			</report>
			<report>
				<misses>108200000</misses>
				<total>3</total>
				<timestamp>2164.960277</timestamp>
			</report>
			<report>
				<misses>108300000</misses>
				<total>3</total>
				<timestamp>2166.961078</timestamp>
			</report>
			<report>
				<misses>108400000</misses>
				<total>3</total>
				<timestamp>2168.961827</timestamp>
			</report>
			<report>
				<misses>108500000</misses>
				<total>3</total>
				<timestamp>2170.963336</timestamp>
			</report>
			<report>
				<misses>108600000</misses>
				<total>3</total>
				<timestamp>2172.964229</timestamp>
			</report>
			<report>
				<misses>108700000</misses>
				<total>3</total>
				<timestamp>2174.964840</timestamp>
			</report>
			<report>
				<misses>108800000</misses>
				<total>3</total>
				<timestamp>2176.965081</timestamp>
			</report>
			<report>
				<misses>108900000</misses>
				<total>3</total>
				<timestamp>2178.965749</timestamp>
			</report>
			<report>
				<misses>109000000</misses>
				<total>3</total>
				<timestamp>2180.966950</timestamp>
			</report>
			<report>
				<misses>109100000</misses>
				<total>3</total>
				<timestamp>2182.967530</timestamp>
			</report>
			<report>
				<misses>109200000</misses>
				<total>3</total>
				<timestamp>2184.969189</timestamp>
			</report>
			<report>
				<misses>109300000</misses>
				<total>3</total>
				<timestamp>2186.969675</timestamp>
			</report>
			<report>
				<misses>109400000</misses>
				<total>3</total>
				<timestamp>2188.969965</timestamp>
			</report>
			<report>
				<misses>109500000</misses>
				<total>3</total>
				<timestamp>2190.971701</timestamp>
			</report>
			<report>
				<misses>109600000</misses>
				<total>3</total>
				<timestamp>2192.972712</timestamp>
			</report>
			<report>
				<misses>109700000</misses>
				<total>3</total>
				<timestamp>2194.975477</timestamp>
			</report>
			<report>
				<misses>109800000</misses>
				<total>3</total>
				<timestamp>2196.976140</timestamp>
			</report>
			<report>
				<misses>109900000</misses>
				<total>3</total>
				<timestamp>2198.976510</timestamp>
			</report>
			<report>
				<misses>110000000</misses>
				<total>3</total>
				<timestamp>2200.976986</timestamp>
			</report>
			<report>
				<misses>110100000</misses>
				<total>3</total>
				<timestamp>2202.977314</timestamp>
			</report>
			<report>
				<misses>110200000</misses>
				<total>3</total>
				<timestamp>2204.978566</timestamp>
			</report>
			<report>
				<misses>110300000</misses>
				<total>3</total>
				<timestamp>2206.979179</timestamp>
			</report>
			<report>
				<misses>110400000</misses>
				<total>3</total>
				<timestamp>2208.980001</timestamp>
			</report>
			<report>
				<misses>110500000</misses>
				<total>3</total>
				<timestamp>2210.982023</timestamp>
			</report>
			<report>
				<misses>110600000</misses>
				<total>3</total>
				<timestamp>2212.982666</timestamp>
			</report>
			<report>
				<misses>110700000</misses>
				<total>3</total>
				<timestamp>2214.983677</timestamp>
			</report>
			<report>
				<misses>110800000</misses>
				<total>3</total>
				<timestamp>2216.984247</timestamp>
			</report>
			<report>
				<misses>110900000</misses>
				<total>3</total>
				<timestamp>2218.984491</timestamp>
			</report>
			<report>
				<misses>111000000</misses>
				<total>3</total>
				<timestamp>2220.984747</timestamp>
			</report>
			<report>
				<misses>111100000</misses>
				<total>3</total>
				<timestamp>2222.985060</timestamp>
			</report>
			<report>
				<misses>111200000</misses>
				<total>3</total>
				<timestamp>2224.986711</timestamp>
			</report>
			<report>
				<misses>111300000</misses>
				<total>3</total>
				<timestamp>2226.987871</timestamp>
			</report>
			<report>
				<misses>111400000</misses>
				<total>3</total>
				<timestamp>2228.988819</timestamp>
			</report>
			<report>
				<misses>111500000</misses>
				<total>3</total>
				<timestamp>2230.989968</timestamp>
			</report>
			<report>
				<misses>111600000</misses>
				<total>3</total>
				<timestamp>2232.990688</timestamp>
			</report>
			<report>
				<misses>111700000</misses>
				<total>3</total>
				<timestamp>2234.991127</timestamp>
			</report>
			<report>
				<misses>111800000</misses>
				<total>3</total>
				<timestamp>2236.991866</timestamp>
			</report>
			<report>
				<misses>111900000</misses>
				<total>3</total>
				<timestamp>2238.992272</timestamp>
			</report>
			<report>
				<misses>112000000</misses>
				<total>3</total>
				<timestamp>2240.993208</timestamp>
			</report>
			<report>
				<misses>112100000</misses>
				<total>3</total>
				<timestamp>2242.993683</timestamp>
			</report>
			<report>
				<misses>112200000</misses>
				<total>3</total>
				<timestamp>2244.994207</timestamp>
			</report>
			<report>
				<misses>112300000</misses>
				<total>3</total>
				<timestamp>2246.995579</timestamp>
			</report>
			<report>
				<misses>112400000</misses>
				<total>3</total>
				<timestamp>2248.996144</timestamp>
			</report>
			<report>
				<misses>112500000</misses>
				<total>3</total>
				<timestamp>2250.996699</timestamp>
			</report>
			<report>
				<misses>112600000</misses>
				<total>3</total>
				<timestamp>2252.998528</timestamp>
			</report>
			<report>
				<misses>112700000</misses>
				<total>3</total>
				<timestamp>2254.999093</timestamp>
			</report>
			<report>
				<misses>112800000</misses>
				<total>3</total>
				<timestamp>2256.999596</timestamp>
			</report>
			<report>
				<misses>112900000</misses>
				<total>3</total>
				<timestamp>2258.999898</timestamp>
			</report>
			<report>
				<misses>113000000</misses>
				<total>3</total>
				<timestamp>2261.000802</timestamp>
			</report>
			<report>
				<misses>113100000</misses>
				<total>3</total>
				<timestamp>2263.002761</timestamp>
			</report>
			<report>
				<misses>113200000</misses>
				<total>3</total>
				<timestamp>2265.003446</timestamp>
			</report>
			<report>
				<misses>113300000</misses>
				<total>3</total>
				<timestamp>2267.006323</timestamp>
			</report>
			<report>
				<misses>113400000</misses>
				<total>3</total>
				<timestamp>2269.006699</timestamp>
			</report>
			<report>
				<misses>113500000</misses>
				<total>3</total>
				<timestamp>2271.006948</timestamp>
			</report>
			<report>
				<misses>113600000</misses>
				<total>3</total>
				<timestamp>2273.007233</timestamp>
			</report>
			<report>
				<misses>113700000</misses>
				<total>3</total>
				<timestamp>2275.007397</timestamp>
			</report>
			<report>
				<misses>113800000</misses>
				<total>3</total>
				<timestamp>2277.007619</timestamp>
			</report>
			<report>
				<misses>113900000</misses>
				<total>3</total>
				<timestamp>2279.008029</timestamp>
			</report>
			<report>
				<misses>114000000</misses>
				<total>3</total>
				<timestamp>2281.008541</timestamp>
			</report>
			<report>
				<misses>114100000</misses>
				<total>3</total>
				<timestamp>2283.009641</timestamp>
			</report>
			<report>
				<misses>114200000</misses>
				<total>3</total>
				<timestamp>2285.010189</timestamp>
			</report>
			<report>
				<misses>114300000</misses>
				<total>3</total>
				<timestamp>2287.012523</timestamp>
			</report>
			<report>
				<misses>114400000</misses>
				<total>3</total>
				<timestamp>2289.013581</timestamp>
			</report>
			<report>
				<misses>114500000</misses>
				<total>3</total>
				<timestamp>2291.014695</timestamp>
			</report>
			<report>
				<misses>114600000</misses>
				<total>3</total>
				<timestamp>2293.015501</timestamp>
			</report>
			<report>
				<misses>114700000</misses>
				<total>3</total>
				<timestamp>2295.015720</timestamp>
			</report>
			<report>
				<misses>114800000</misses>
				<total>3</total>
				<timestamp>2297.015930</timestamp>
			</report>
			<report>
				<misses>114900000</misses>
				<total>3</total>
				<timestamp>2299.016721</timestamp>
			</report>
			<report>
				<misses>115000000</misses>
				<total>3</total>
				<timestamp>2301.017383</timestamp>
			</report>
			<report>
				<misses>115100000</misses>
				<total>3</total>
				<timestamp>2303.018371</timestamp>
			</report>
			<report>
				<misses>115200000</misses>
				<total>3</total>
				<timestamp>2305.019070</timestamp>
			</report>
			<report>
				<misses>115300000</misses>
				<total>3</total>
				<timestamp>2307.020469</timestamp>
			</report>
			<report>
				<misses>115400000</misses>
				<total>3</total>
				<timestamp>2309.021526</timestamp>
			</report>
			<report>
				<misses>115500000</misses>
				<total>3</total>
				<timestamp>2311.022335</timestamp>
			</report>
			<report>
				<misses>115600000</misses>
				<total>3</total>
				<timestamp>2313.023316</timestamp>
			</report>
			<report>
				<misses>115700000</misses>
				<total>3</total>
				<timestamp>2315.023451</timestamp>
			</report>
			<report>
				<misses>115800000</misses>
				<total>3</total>
				<timestamp>2317.024230</timestamp>
			</report>
			<report>
				<misses>115900000</misses>
				<total>3</total>
				<timestamp>2319.024756</timestamp>
			</report>
			<report>
				<misses>116000000</misses>
				<total>3</total>
				<timestamp>2321.025854</timestamp>
			</report>
			<report>
				<misses>116100000</misses>
				<total>3</total>
				<timestamp>2323.026601</timestamp>
			</report>
			<report>
				<misses>116200000</misses>
				<total>3</total>
				<timestamp>2325.027384</timestamp>
			</report>
			<report>
				<misses>116300000</misses>
				<total>3</total>
				<timestamp>2327.028637</timestamp>
			</report>
			<report>
				<misses>116400000</misses>
				<total>3</total>
				<timestamp>2329.029503</timestamp>
			</report>
			<report>
				<misses>116500000</misses>
				<total>3</total>
				<timestamp>2331.031279</timestamp>
			</report>
			<report>
				<misses>116600000</misses>
				<total>3</total>
				<timestamp>2333.031758</timestamp>
			</report>
			<report>
				<misses>116700000</misses>
				<total>3</total>
				<timestamp>2335.032255</timestamp>
			</report>
			<report>
				<misses>116800000</misses>
				<total>3</total>
				<timestamp>2337.032697</timestamp>
			</report>
			<report>
				<misses>116900000</misses>
				<total>3</total>
				<timestamp>2339.033679</timestamp>
			</report>
			<report>
				<misses>117000000</misses>
				<total>3</total>
				<timestamp>2341.034888</timestamp>
			</report>
			<report>
				<misses>117100000</misses>
				<total>3</total>
				<timestamp>2343.036848</timestamp>
			</report>
			<report>
				<misses>117200000</misses>
				<total>3</total>
				<timestamp>2345.037692</timestamp>
			</report>
			<report>
				<misses>117300000</misses>
				<total>3</total>
				<timestamp>2347.039512</timestamp>
			</report>
			<report>
				<misses>117400000</misses>
				<total>3</total>
				<timestamp>2349.039879</timestamp>
			</report>
			<report>
				<misses>117500000</misses>
				<total>3</total>
				<timestamp>2351.040727</timestamp>
			</report>
			<report>
				<misses>117600000</misses>
				<total>3</total>
				<timestamp>2353.041849</timestamp>
			</report>
			<report>
				<misses>117700000</misses>
				<total>3</total>
				<timestamp>2355.043589</timestamp>
			</report>
			<report>
				<misses>117800000</misses>
				<total>3</total>
				<timestamp>2357.044223</timestamp>
			</report>
			<report>
				<misses>117900000</misses>
				<total>3</total>
				<timestamp>2359.045257</timestamp>
			</report>
			<report>
				<misses>118000000</misses>
				<total>3</total>
				<timestamp>2361.046191</timestamp>
			</report>
			<report>
				<misses>118100000</misses>
				<total>3</total>
				<timestamp>2363.046832</timestamp>
			</report>
			<report>
				<misses>118200000</misses>
				<total>3</total>
				<timestamp>2365.047723</timestamp>
			</report>
			<report>
				<misses>118300000</misses>
				<total>3</total>
				<timestamp>2367.049312</timestamp>
			</report>
			<report>
				<misses>118400000</misses>
				<total>3</total>
				<timestamp>2369.051371</timestamp>
			</report>
			<report>
				<misses>118500000</misses>
				<total>3</total>
				<timestamp>2371.052814</timestamp>
			</report>
			<report>
				<misses>118600000</misses>
				<total>3</total>
				<timestamp>2373.053347</timestamp>
			</report>
			<report>
				<misses>118700000</misses>
				<total>3</total>
				<timestamp>2375.053705</timestamp>
			</report>
			<report>
				<misses>118800000</misses>
				<total>3</total>
				<timestamp>2377.054280</timestamp>
			</report>
			<report>
				<misses>118900000</misses>
				<total>3</total>
				<timestamp>2379.054480</timestamp>
			</report>
			<report>
				<misses>119000000</misses>
				<total>3</total>
				<timestamp>2381.055638</timestamp>
			</report>
			<report>
				<misses>119100000</misses>
				<total>3</total>
				<timestamp>2383.055912</timestamp>
			</report>
			<report>
				<misses>119200000</misses>
				<total>3</total>
				<timestamp>2385.057876</timestamp>
			</report>
			<report>
				<misses>119300000</misses>
				<total>3</total>
				<timestamp>2387.058289</timestamp>
			</report>
			<report>
				<misses>119400000</misses>
				<total>3</total>
				<timestamp>2389.059639</timestamp>
			</report>
			<report>
				<misses>119500000</misses>
				<total>3</total>
				<timestamp>2391.062868</timestamp>
			</report>
			<report>
				<misses>119600000</misses>
				<total>3</total>
				<timestamp>2393.064066</timestamp>
			</report>
			<report>
				<misses>119700000</misses>
				<total>3</total>
				<timestamp>2395.065234</timestamp>
			</report>
			<report>
				<misses>119800000</misses>
				<total>3</total>
				<timestamp>2397.066196</timestamp>
			</report>
			<report>
				<misses>119900000</misses>
				<total>3</total>
				<timestamp>2399.067092</timestamp>
			</report>
			<report>
				<misses>120000000</misses>
				<total>3</total>
				<timestamp>2401.068334</timestamp>
			</report>
			<report>
				<misses>120100000</misses>
				<total>3</total>
				<timestamp>2403.069761</timestamp>
			</report>
			<report>
				<misses>120200000</misses>
				<total>3</total>
				<timestamp>2405.069999</timestamp>
			</report>
			<report>
				<misses>120300000</misses>
				<total>3</total>
				<timestamp>2407.070531</timestamp>
			</report>
			<report>
				<misses>120400000</misses>
				<total>3</total>
				<timestamp>2409.072763</timestamp>
			</report>
			<report>
				<misses>120500000</misses>
				<total>3</total>
				<timestamp>2411.073704</timestamp>
			</report>
			<report>
				<misses>120600000</misses>
				<total>3</total>
				<timestamp>2413.074043</timestamp>
			</report>
			<report>
				<misses>120700000</misses>
				<total>3</total>
				<timestamp>2415.075522</timestamp>
			</report>
			<report>
				<misses>120800000</misses>
				<total>3</total>
				<timestamp>2417.077715</timestamp>
			</report>
			<report>
				<misses>120900000</misses>
				<total>3</total>
				<timestamp>2419.079586</timestamp>
			</report>
			<report>
				<misses>121000000</misses>
				<total>3</total>
				<timestamp>2421.080633</timestamp>
			</report>
			<report>
				<misses>121100000</misses>
				<total>3</total>
				<timestamp>2423.081137</timestamp>
			</report>
			<report>
				<misses>121200000</misses>
				<total>3</total>
				<timestamp>2425.082670</timestamp>
			</report>
			<report>
				<misses>121300000</misses>
				<total>3</total>
				<timestamp>2427.084912</timestamp>
			</report>
			<report>
				<misses>121400000</misses>
				<total>3</total>
				<timestamp>2429.085535</timestamp>
			</report>
			<report>
				<misses>121500000</misses>
				<total>3</total>
				<timestamp>2431.085619</timestamp>
			</report>
			<report>
				<misses>121600000</misses>
				<total>3</total>
				<timestamp>2433.086588</timestamp>
			</report>
			<report>
				<misses>121700000</misses>
				<total>3</total>
				<timestamp>2435.088008</timestamp>
			</report>
			<report>
				<misses>121800000</misses>
				<total>3</total>
				<timestamp>2437.088549</timestamp>
			</report>
			<report>
				<misses>121900000</misses>
				<total>3</total>
				<timestamp>2439.089591</timestamp>
			</report>
			<report>
				<misses>122000000</misses>
				<total>3</total>
				<timestamp>2441.090580</timestamp>
			</report>
			<report>
				<misses>122100000</misses>
				<total>3</total>
				<timestamp>2443.092188</timestamp>
			</report>
			<report>
				<misses>122200000</misses>
				<total>3</total>
				<timestamp>2445.092553</timestamp>
			</report>
			<report>
				<misses>122300000</misses>
				<total>3</total>
				<timestamp>2447.092852</timestamp>
			</report>
			<report>
				<misses>122400000</misses>
				<total>3</total>
				<timestamp>2449.093079</timestamp>
			</report>
			<report>
				<misses>122500000</misses>
				<total>3</total>
				<timestamp>2451.093628</timestamp>
			</report>
			<report>
				<misses>122600000</misses>
				<total>3</total>
				<timestamp>2453.094477</timestamp>
			</report>
			<report>
				<misses>122700000</misses>
				<total>3</total>
				<timestamp>2455.094925</timestamp>
			</report>
			<report>
				<misses>122800000</misses>
				<total>3</total>
				<timestamp>2457.095794</timestamp>
			</report>
			<report>
				<misses>122900000</misses>
				<total>3</total>
				<timestamp>2459.097127</timestamp>
			</report>
			<report>
				<misses>123000000</misses>
				<total>3</total>
				<timestamp>2461.097748</timestamp>
			</report>
			<report>
				<misses>123100000</misses>
				<total>3</total>
				<timestamp>2463.098590</timestamp>
			</report>
			<report>
				<misses>123200000</misses>
				<total>3</total>
				<timestamp>2465.100179</timestamp>
			</report>
			<report>
				<misses>123300000</misses>
				<total>3</total>
				<timestamp>2467.100520</timestamp>
			</report>
			<report>
				<misses>123400000</misses>
				<total>3</total>
				<timestamp>2469.100736</timestamp>
			</report>
			<report>
				<misses>123500000</misses>
				<total>3</total>
				<timestamp>2471.101260</timestamp>
			</report>
			<report>
				<misses>123600000</misses>
				<total>3</total>
				<timestamp>2473.101338</timestamp>
			</report>
			<report>
				<misses>123700000</misses>
				<total>3</total>
				<timestamp>2475.102638</timestamp>
			</report>
			<report>
				<misses>123800000</misses>
				<total>3</total>
				<timestamp>2477.103289</timestamp>
			</report>
			<report>
				<misses>123900000</misses>
				<total>3</total>
				<timestamp>2479.104263</timestamp>
			</report>
			<report>
				<misses>124000000</misses>
				<total>3</total>
				<timestamp>2481.105323</timestamp>
			</report>
			<report>
				<misses>124100000</misses>
				<total>3</total>
				<timestamp>2483.106606</timestamp>
			</report>
			<report>
				<misses>124200000</misses>
				<total>3</total>
				<timestamp>2485.107171</timestamp>
			</report>
			<report>
				<misses>124300000</misses>
				<total>3</total>
				<timestamp>2487.109021</timestamp>
			</report>
			<report>
				<misses>124400000</misses>
				<total>3</total>
				<timestamp>2489.110548</timestamp>
			</report>
			<report>
				<misses>124500000</misses>
				<total>3</total>
				<timestamp>2491.111291</timestamp>
			</report>
			<report>
				<misses>124600000</misses>
				<total>3</total>
				<timestamp>2493.112705</timestamp>
			</report>
			<report>
				<misses>124700000</misses>
				<total>3</total>
				<timestamp>2495.112916</timestamp>
			</report>
			<report>
				<misses>124800000</misses>
				<total>3</total>
				<timestamp>2497.113163</timestamp>
			</report>
			<report>
				<misses>124900000</misses>
				<total>3</total>
				<timestamp>2499.113347</timestamp>
			</report>
			<report>
				<misses>125000000</misses>
				<total>3</total>
				<timestamp>2501.114441</timestamp>
			</report>
			<report>
				<misses>125100000</misses>
				<total>3</total>
				<timestamp>2503.115430</timestamp>
			</report>
			<report>
				<misses>125200000</misses>
				<total>3</total>
				<timestamp>2505.115944</timestamp>
			</report>
			<report>
				<misses>125300000</misses>
				<total>3</total>
				<timestamp>2507.116564</timestamp>
			</report>
			<report>
				<misses>125400000</misses>
				<total>3</total>
				<timestamp>2509.118004</timestamp>
			</report>
			<report>
				<misses>125500000</misses>
				<total>3</total>
				<timestamp>2511.118504</timestamp>
			</report>
			<report>
				<misses>125600000</misses>
				<total>3</total>
				<timestamp>2513.119463</timestamp>
			</report>
			<report>
				<misses>125700000</misses>
				<total>3</total>
				<timestamp>2515.120044</timestamp>
			</report>
			<report>
				<misses>125800000</misses>
				<total>3</total>
				<timestamp>2517.120943</timestamp>
			</report>
			<report>
				<misses>125900000</misses>
				<total>3</total>
				<timestamp>2519.121773</timestamp>
			</report>
			<report>
				<misses>126000000</misses>
				<total>3</total>
				<timestamp>2521.123245</timestamp>
			</report>
			<report>
				<misses>126100000</misses>
				<total>3</total>
				<timestamp>2523.125242</timestamp>
			</report>
			<report>
				<misses>126200000</misses>
				<total>3</total>
				<timestamp>2525.127206</timestamp>
			</report>
			<report>
				<misses>126300000</misses>
				<total>3</total>
				<timestamp>2527.129350</timestamp>
			</report>
			<report>
				<misses>126400000</misses>
				<total>3</total>
				<timestamp>2529.130032</timestamp>
			</report>
			<report>
				<misses>126500000</misses>
				<total>3</total>
				<timestamp>2531.130725</timestamp>
			</report>
			<report>
				<misses>126600000</misses>
				<total>3</total>
				<timestamp>2533.131929</timestamp>
			</report>
			<report>
				<misses>126700000</misses>
				<total>3</total>
				<timestamp>2535.132188</timestamp>
			</report>
			<report>
				<misses>126800000</misses>
				<total>3</total>
				<timestamp>2537.132383</timestamp>
			</report>
			<report>
				<misses>126900000</misses>
				<total>3</total>
				<timestamp>2539.133138</timestamp>
			</report>
			<report>
				<misses>127000000</misses>
				<total>3</total>
				<timestamp>2541.134533</timestamp>
			</report>
			<report>
				<misses>127100000</misses>
				<total>3</total>
				<timestamp>2543.135551</timestamp>
			</report>
			<report>
				<misses>127200000</misses>
				<total>3</total>
				<timestamp>2545.136403</timestamp>
			</report>
			<report>
				<misses>127300000</misses>
				<total>3</total>
				<timestamp>2547.136744</timestamp>
			</report>
			<report>
				<misses>127400000</misses>
				<total>3</total>
				<timestamp>2549.137654</timestamp>
			</report>
			<report>
				<misses>127500000</misses>
				<total>3</total>
				<timestamp>2551.138187</timestamp>
			</report>
			<report>
				<misses>127600000</misses>
				<total>3</total>
				<timestamp>2553.138423</timestamp>
			</report>
			<report>
				<misses>127700000</misses>
				<total>3</total>
				<timestamp>2555.138993</timestamp>
			</report>
			<report>
				<misses>127800000</misses>
				<total>3</total>
				<timestamp>2557.139958</timestamp>
			</report>
			<report>
				<misses>127900000</misses>
				<total>3</total>
				<timestamp>2559.141327</timestamp>
			</report>
			<report>
				<misses>128000000</misses>
				<total>3</total>
				<timestamp>2561.142189</timestamp>
			</report>
			<report>
				<misses>128100000</misses>
				<total>3</total>
				<timestamp>2563.142604</timestamp>
			</report>
			<report>
				<misses>128200000</misses>
				<total>3</total>
				<timestamp>2565.143723</timestamp>
			</report>
			<report>
				<misses>128300000</misses>
				<total>3</total>
				<timestamp>2567.144932</timestamp>
			</report>
			<report>
				<misses>128400000</misses>
				<total>3</total>
				<timestamp>2569.145261</timestamp>
			</report>
			<report>
				<misses>128500000</misses>
				<total>3</total>
				<timestamp>2571.146884</timestamp>
			</report>
			<report>
				<misses>128600000</misses>
				<total>3</total>
				<timestamp>2573.148103</timestamp>
			</report>
			<report>
				<misses>128700000</misses>
				<total>3</total>
				<timestamp>2575.148901</timestamp>
			</report>
			<report>
				<misses>128800000</misses>
				<total>3</total>
				<timestamp>2577.149331</timestamp>
			</report>
			<report>
				<misses>128900000</misses>
				<total>3</total>
				<timestamp>2579.149552</timestamp>
			</report>
			<report>
				<misses>129000000</misses>
				<total>3</total>
				<timestamp>2581.151176</timestamp>
			</report>
			<report>
				<misses>129100000</misses>
				<total>3</total>
				<timestamp>2583.152195</timestamp>
			</report>
			<report>
				<misses>129200000</misses>
				<total>3</total>
				<timestamp>2585.152727</timestamp>
			</report>
			<report>
				<misses>129300000</misses>
				<total>3</total>
				<timestamp>2587.154107</timestamp>
			</report>
			<report>
				<misses>129400000</misses>
				<total>3</total>
				<timestamp>2589.154875</timestamp>
			</report>
			<report>
				<misses>129500000</misses>
				<total>3</total>
				<timestamp>2591.156724</timestamp>
			</report>
			<report>
				<misses>129600000</misses>
				<total>3</total>
				<timestamp>2593.157867</timestamp>
			</report>
			<report>
				<misses>129700000</misses>
				<total>3</total>
				<timestamp>2595.158045</timestamp>
			</report>
			<report>
				<misses>129800000</misses>
				<total>3</total>
				<timestamp>2597.158170</timestamp>
			</report>
			<report>
				<misses>129900000</misses>
				<total>3</total>
				<timestamp>2599.159332</timestamp>
			</report>
			<report>
				<misses>130000000</misses>
				<total>3</total>
				<timestamp>2601.160687</timestamp>
			</report>
			<report>
				<misses>130100000</misses>
				<total>3</total>
				<timestamp>2603.161549</timestamp>
			</report>
			<report>
				<misses>130200000</misses>
				<total>3</total>
				<timestamp>2605.162863</timestamp>
			</report>
			<report>
				<misses>130300000</misses>
				<total>3</total>
				<timestamp>2607.163499</timestamp>
			</report>
			<report>
				<misses>130400000</misses>
				<total>3</total>
				<timestamp>2609.164741</timestamp>
			</report>
			<report>
				<misses>130500000</misses>
				<total>3</total>
				<timestamp>2611.165624</timestamp>
			</report>
			<report>
				<misses>130600000</misses>
				<total>3</total>
				<timestamp>2613.165741</timestamp>
			</report>
			<report>
				<misses>130700000</misses>
				<total>3</total>
				<timestamp>2615.166016</timestamp>
			</report>
			<report>
				<misses>130800000</misses>
				<total>3</total>
				<timestamp>2617.166398</timestamp>
			</report>
			<report>
				<misses>130900000</misses>
				<total>3</total>
				<timestamp>2619.167628</timestamp>
			</report>
			<report>
				<misses>131000000</misses>
				<total>3</total>
				<timestamp>2621.168541</timestamp>
			</report>
			<report>
				<misses>131100000</misses>
				<total>3</total>
				<timestamp>2623.169425</timestamp>
			</report>
			<report>
				<misses>131200000</misses>
				<total>3</total>
				<timestamp>2625.170664</timestamp>
			</report>
			<report>
				<misses>131300000</misses>
				<total>3</total>
				<timestamp>2627.171291</timestamp>
			</report>
			<report>
				<misses>131400000</misses>
				<total>3</total>
				<timestamp>2629.171710</timestamp>
			</report>
			<report>
				<misses>131500000</misses>
				<total>3</total>
				<timestamp>2631.173814</timestamp>
			</report>
			<report>
				<misses>131600000</misses>
				<total>3</total>
				<timestamp>2633.174141</timestamp>
			</report>
			<report>
				<misses>131700000</misses>
				<total>3</total>
				<timestamp>2635.174956</timestamp>
			</report>
			<report>
				<misses>131800000</misses>
				<total>3</total>
				<timestamp>2637.175291</timestamp>
			</report>
			<report>
				<misses>131900000</misses>
				<total>3</total>
				<timestamp>2639.176863</timestamp>
			</report>
			<report>
				<misses>132000000</misses>
				<total>3</total>
				<timestamp>2641.177694</timestamp>
			</report>
			<report>
				<misses>132100000</misses>
				<total>3</total>
				<timestamp>2643.178541</timestamp>
			</report>
			<report>
				<misses>132200000</misses>
				<total>3</total>
				<timestamp>2645.180006</timestamp>
			</report>
			<report>
				<misses>132300000</misses>
				<total>3</total>
				<timestamp>2647.180859</timestamp>
			</report>
			<report>
				<misses>132400000</misses>
				<total>3</total>
				<timestamp>2649.181062</timestamp>
			</report>
			<report>
				<misses>132500000</misses>
				<total>3</total>
				<timestamp>2651.181278</timestamp>
			</report>
			<report>
				<misses>132600000</misses>
				<total>3</total>
				<timestamp>2653.182311</timestamp>
			</report>
			<report>
				<misses>132700000</misses>
				<total>3</total>
				<timestamp>2655.183121</timestamp>
			</report>
			<report>
				<misses>132800000</misses>
				<total>3</total>
				<timestamp>2657.184516</timestamp>
			</report>
			<report>
				<misses>132900000</misses>
				<total>3</total>
				<timestamp>2659.185084</timestamp>
			</report>
			<report>
				<misses>133000000</misses>
				<total>3</total>
				<timestamp>2661.186131</timestamp>
			</report>
			<report>
				<misses>133100000</misses>
				<total>3</total>
				<timestamp>2663.187022</timestamp>
			</report>
			<report>
				<misses>133200000</misses>
				<total>3</total>
				<timestamp>2665.187789</timestamp>
			</report>
			<report>
				<misses>133300000</misses>
				<total>3</total>
				<timestamp>2667.187953</timestamp>
			</report>
			<report>
				<misses>133400000</misses>
				<total>3</total>
				<timestamp>2669.189124</timestamp>
			</report>
			<report>
				<misses>133500000</misses>
				<total>3</total>
				<timestamp>2671.189621</timestamp>
			</report>
			<report>
				<misses>133600000</misses>
				<total>3</total>
				<timestamp>2673.189755</timestamp>
			</report>
			<report>
				<misses>133700000</misses>
				<total>3</total>
				<timestamp>2675.190202</timestamp>
			</report>
			<report>
				<misses>133800000</misses>
				<total>3</total>
				<timestamp>2677.191384</timestamp>
			</report>
			<report>
				<misses>133900000</misses>
				<total>3</total>
				<timestamp>2679.192014</timestamp>
			</report>
			<report>
				<misses>134000000</misses>
				<total>3</total>
				<timestamp>2681.192127</timestamp>
			</report>
			<report>
				<misses>134100000</misses>
				<total>3</total>
				<timestamp>2683.192370</timestamp>
			</report>
			<report>
				<misses>134200000</misses>
				<total>3</total>
				<timestamp>2685.194681</timestamp>
			</report>
			<report>
				<misses>134300000</misses>
				<total>3</total>
				<timestamp>2687.197343</timestamp>
			</report>
			<report>
				<misses>134400000</misses>
				<total>3</total>
				<timestamp>2689.198730</timestamp>
			</report>
			<report>
				<misses>134500000</misses>
				<total>3</total>
				<timestamp>2691.199466</timestamp>
			</report>
			<report>
				<misses>134600000</misses>
				<total>3</total>
				<timestamp>2693.200523</timestamp>
			</report>
			<report>
				<misses>134700000</misses>
				<total>3</total>
				<timestamp>2695.202142</timestamp>
			</report>
			<report>
				<misses>134800000</misses>
				<total>3</total>
				<timestamp>2697.202884</timestamp>
			</report>
			<report>
				<misses>134900000</misses>
				<total>3</total>
				<timestamp>2699.203958</timestamp>
			</report>
			<report>
				<misses>135000000</misses>
				<total>3</total>
				<timestamp>2701.205863</timestamp>
			</report>
			<report>
				<misses>135100000</misses>
				<total>3</total>
				<timestamp>2703.206533</timestamp>
			</report>
			<report>
				<misses>135200000</misses>
				<total>3</total>
				<timestamp>2705.206600</timestamp>
			</report>
			<report>
				<misses>135300000</misses>
				<total>3</total>
				<timestamp>2707.206815</timestamp>
			</report>
			<report>
				<misses>135400000</misses>
				<total>3</total>
				<timestamp>2709.208627</timestamp>
			</report>
			<report>
				<misses>135500000</misses>
				<total>3</total>
				<timestamp>2711.208894</timestamp>
			</report>
			<report>
				<misses>135600000</misses>
				<total>3</total>
				<timestamp>2713.209156</timestamp>
			</report>
			<report>
				<misses>135700000</misses>
				<total>3</total>
				<timestamp>2715.209776</timestamp>
			</report>
			<report>
				<misses>135800000</misses>
				<total>3</total>
				<timestamp>2717.210649</timestamp>
			</report>
			<report>
				<misses>135900000</misses>
				<total>3</total>
				<timestamp>2719.211452</timestamp>
			</report>
			<report>
				<misses>136000000</misses>
				<total>3</total>
				<timestamp>2721.212159</timestamp>
			</report>
			<report>
				<misses>136100000</misses>
				<total>3</total>
				<timestamp>2723.212242</timestamp>
			</report>
			<report>
				<misses>136200000</misses>
				<total>3</total>
				<timestamp>2725.212619</timestamp>
			</report>
			<report>
				<misses>136300000</misses>
				<total>3</total>
				<timestamp>2727.213581</timestamp>
			</report>
			<report>
				<misses>136400000</misses>
				<total>3</total>
				<timestamp>2729.213900</timestamp>
			</report>
			<report>
				<misses>136500000</misses>
				<total>3</total>
				<timestamp>2731.215009</timestamp>
			</report>
			<report>
				<misses>136600000</misses>
				<total>3</total>
				<timestamp>2733.215399</timestamp>
			</report>
			<report>
				<misses>136700000</misses>
				<total>3</total>
				<timestamp>2735.217517</timestamp>
			</report>
			<report>
				<misses>136800000</misses>
				<total>3</total>
				<timestamp>2737.218781</timestamp>
			</report>
			<report>
				<misses>136900000</misses>
				<total>3</total>
				<timestamp>2739.220079</timestamp>
			</report>
			<report>
				<misses>137000000</misses>
				<total>3</total>
				<timestamp>2741.220584</timestamp>
			</report>
			<report>
				<misses>137100000</misses>
				<total>3</total>
				<timestamp>2743.221144</timestamp>
			</report>
			<report>
				<misses>137200000</misses>
				<total>3</total>
				<timestamp>2745.222013</timestamp>
			</report>
			<report>
				<misses>137300000</misses>
				<total>3</total>
				<timestamp>2747.223010</timestamp>
			</report>
			<report>
				<misses>137400000</misses>
				<total>3</total>
				<timestamp>2749.223402</timestamp>
			</report>
			<report>
				<misses>137500000</misses>
				<total>3</total>
				<timestamp>2751.224640</timestamp>
			</report>
			<report>
				<misses>137600000</misses>
				<total>3</total>
				<timestamp>2753.225531</timestamp>
			</report>
			<report>
				<misses>137700000</misses>
				<total>3</total>
				<timestamp>2755.226262</timestamp>
			</report>
			<report>
				<misses>137800000</misses>
				<total>3</total>
				<timestamp>2757.227241</timestamp>
			</report>
			<report>
				<misses>137900000</misses>
				<total>3</total>
				<timestamp>2759.227841</timestamp>
			</report>
			<report>
				<misses>138000000</misses>
				<total>3</total>
				<timestamp>2761.228623</timestamp>
			</report>
			<report>
				<misses>138100000</misses>
				<total>3</total>
				<timestamp>2763.229496</timestamp>
			</report>
			<report>
				<misses>138200000</misses>
				<total>3</total>
				<timestamp>2765.229685</timestamp>
			</report>
			<report>
				<misses>138300000</misses>
				<total>3</total>
				<timestamp>2767.230172</timestamp>
			</report>
			<report>
				<misses>138400000</misses>
				<total>3</total>
				<timestamp>2769.231148</timestamp>
			</report>
			<report>
				<misses>138500000</misses>
				<total>3</total>
				<timestamp>2771.231606</timestamp>
			</report>
			<report>
				<misses>138600000</misses>
				<total>3</total>
				<timestamp>2773.232322</timestamp>
			</report>
			<report>
				<misses>138700000</misses>
				<total>3</total>
				<timestamp>2775.232940</timestamp>
			</report>
			<report>
				<misses>138800000</misses>
				<total>3</total>
				<timestamp>2777.234019</timestamp>
			</report>
			<report>
				<misses>138900000</misses>
				<total>3</total>
				<timestamp>2779.235344</timestamp>
			</report>
			<report>
				<misses>139000000</misses>
				<total>3</total>
				<timestamp>2781.236088</timestamp>
			</report>
			<report>
				<misses>139100000</misses>
				<total>3</total>
				<timestamp>2783.236338</timestamp>
			</report>
			<report>
				<misses>139200000</misses>
				<total>3</total>
				<timestamp>2785.236729</timestamp>
			</report>
			<report>
				<misses>139300000</misses>
				<total>3</total>
				<timestamp>2787.237137</timestamp>
			</report>
			<report>
				<misses>139400000</misses>
				<total>3</total>
				<timestamp>2789.238315</timestamp>
			</report>
			<report>
				<misses>139500000</misses>
				<total>3</total>
				<timestamp>2791.238892</timestamp>
			</report>
			<report>
				<misses>139600000</misses>
				<total>3</total>
				<timestamp>2793.240522</timestamp>
			</report>
			<report>
				<misses>139700000</misses>
				<total>3</total>
				<timestamp>2795.242332</timestamp>
			</report>
			<report>
				<misses>139800000</misses>
				<total>3</total>
				<timestamp>2797.244451</timestamp>
			</report>
			<report>
				<misses>139900000</misses>
				<total>3</total>
				<timestamp>2799.245729</timestamp>
			</report>
			<report>
				<misses>140000000</misses>
				<total>3</total>
				<timestamp>2801.246438</timestamp>
			</report>
			<report>
				<misses>140100000</misses>
				<total>3</total>
				<timestamp>2803.247685</timestamp>
			</report>
			<report>
				<misses>140200000</misses>
				<total>3</total>
				<timestamp>2805.248417</timestamp>
			</report>
			<report>
				<misses>140300000</misses>
				<total>3</total>
				<timestamp>2807.248639</timestamp>
			</report>
			<report>
				<misses>140400000</misses>
				<total>3</total>
				<timestamp>2809.249300</timestamp>
			</report>
			<report>
				<misses>140500000</misses>
				<total>3</total>
				<timestamp>2811.249912</timestamp>
			</report>
			<report>
				<misses>140600000</misses>
				<total>3</total>
				<timestamp>2813.250766</timestamp>
			</report>
			<report>
				<misses>140700000</misses>
				<total>3</total>
				<timestamp>2815.251423</timestamp>
			</report>
			<report>
				<misses>140800000</misses>
				<total>3</total>
				<timestamp>2817.255487</timestamp>
			</report>
			<report>
				<misses>140900000</misses>
				<total>3</total>
				<timestamp>2819.255586</timestamp>
			</report>
			<report>
				<misses>141000000</misses>
				<total>3</total>
				<timestamp>2821.257105</timestamp>
			</report>
			<report>
				<misses>141100000</misses>
				<total>3</total>
				<timestamp>2823.259150</timestamp>
			</report>
			<report>
				<misses>141200000</misses>
				<total>3</total>
				<timestamp>2825.259929</timestamp>
			</report>
			<report>
				<misses>141300000</misses>
				<total>3</total>
				<timestamp>2827.261587</timestamp>
			</report>
			<report>
				<misses>141400000</misses>
				<total>3</total>
				<timestamp>2829.264319</timestamp>
			</report>
			<report>
				<misses>141500000</misses>
				<total>3</total>
				<timestamp>2831.265215</timestamp>
			</report>
			<report>
				<misses>141600000</misses>
				<total>4</total>
				<timestamp>2833.266395</timestamp>
			</report>
			<report>
				<misses>141700000</misses>
				<total>4</total>
				<timestamp>2835.266758</timestamp>
			</report>
			<report>
				<misses>141800000</misses>
				<total>4</total>
				<timestamp>2837.267097</timestamp>
			</report>
			<report>
				<misses>141900000</misses>
				<total>4</total>
				<timestamp>2839.267638</timestamp>
			</report>
			<report>
				<misses>142000000</misses>
				<total>4</total>
				<timestamp>2841.268835</timestamp>
			</report>
			<report>
				<misses>142100000</misses>
				<total>4</total>
				<timestamp>2843.269261</timestamp>
			</report>
			<report>
				<misses>142200000</misses>
				<total>4</total>
				<timestamp>2845.270875</timestamp>
			</report>
			<report>
				<misses>142300000</misses>
				<total>4</total>
				<timestamp>2847.271603</timestamp>
			</report>
			<report>
				<misses>142400000</misses>
				<total>4</total>
				<timestamp>2849.272050</timestamp>
			</report>
			<report>
				<misses>142500000</misses>
				<total>4</total>
				<timestamp>2851.272393</timestamp>
			</report>
			<report>
				<misses>142600000</misses>
				<total>4</total>
				<timestamp>2853.273494</timestamp>
			</report>
			<report>
				<misses>142700000</misses>
				<total>4</total>
				<timestamp>2855.273716</timestamp>
			</report>
			<report>
				<misses>142800000</misses>
				<total>4</total>
				<timestamp>2857.274236</timestamp>
			</report>
			<report>
				<misses>142900000</misses>
				<total>4</total>
				<timestamp>2859.274523</timestamp>
			</report>
			<report>
				<misses>143000000</misses>
				<total>4</total>
				<timestamp>2861.275018</timestamp>
			</report>
			<report>
				<misses>143100000</misses>
				<total>4</total>
				<timestamp>2863.275621</timestamp>
			</report>
			<report>
				<misses>143200000</misses>
				<total>4</total>
				<timestamp>2865.276627</timestamp>
			</report>
			<report>
				<misses>143300000</misses>
				<total>4</total>
				<timestamp>2867.278060</timestamp>
			</report>
			<report>
				<misses>143400000</misses>
				<total>4</total>
				<timestamp>2869.280432</timestamp>
			</report>
			<report>
				<misses>143500000</misses>
				<total>4</total>
				<timestamp>2871.281284</timestamp>
			</report>
			<report>
				<misses>143600000</misses>
				<total>4</total>
				<timestamp>2873.282895</timestamp>
			</report>
			<report>
				<misses>143700000</misses>
				<total>4</total>
				<timestamp>2875.284227</timestamp>
			</report>
			<report>
				<misses>143800000</misses>
				<total>4</total>
				<timestamp>2877.285312</timestamp>
			</report>
			<report>
				<misses>143900000</misses>
				<total>4</total>
				<timestamp>2879.286243</timestamp>
			</report>
			<report>
				<misses>144000000</misses>
				<total>4</total>
				<timestamp>2881.286738</timestamp>
			</report>
			<report>
				<misses>144100000</misses>
				<total>4</total>
				<timestamp>2883.287490</timestamp>
			</report>
			<report>
				<misses>144200000</misses>
				<total>4</total>
				<timestamp>2885.288213</timestamp>
			</report>
			<report>
				<misses>144300000</misses>
				<total>4</total>
				<timestamp>2887.289221</timestamp>
			</report>
			<report>
				<misses>144400000</misses>
				<total>4</total>
				<timestamp>2889.290100</timestamp>
			</report>
			<report>
				<misses>144500000</misses>
				<total>4</total>
				<timestamp>2891.294785</timestamp>
			</report>
			<report>
				<misses>144600000</misses>
				<total>4</total>
				<timestamp>2893.296071</timestamp>
			</report>
			<report>
				<misses>144700000</misses>
				<total>4</total>
				<timestamp>2895.296322</timestamp>
			</report>
			<report>
				<misses>144800000</misses>
				<total>4</total>
				<timestamp>2897.296933</timestamp>
			</report>
			<report>
				<misses>144900000</misses>
				<total>4</total>
				<timestamp>2899.298375</timestamp>
			</report>
			<report>
				<misses>145000000</misses>
				<total>4</total>
				<timestamp>2901.298582</timestamp>
			</report>
			<report>
				<misses>145100000</misses>
				<total>4</total>
				<timestamp>2903.298758</timestamp>
			</report>
			<report>
				<misses>145200000</misses>
				<total>4</total>
				<timestamp>2905.298894</timestamp>
			</report>
			<report>
				<misses>145300000</misses>
				<total>4</total>
				<timestamp>2907.299161</timestamp>
			</report>
			<report>
				<misses>145400000</misses>
				<total>4</total>
				<timestamp>2909.300433</timestamp>
			</report>
			<report>
				<misses>145500000</misses>
				<total>4</total>
				<timestamp>2911.301088</timestamp>
			</report>
			<report>
				<misses>145600000</misses>
				<total>4</total>
				<timestamp>2913.302290</timestamp>
			</report>
			<report>
				<misses>145700000</misses>
				<total>4</total>
				<timestamp>2915.303109</timestamp>
			</report>
			<report>
				<misses>145800000</misses>
				<total>4</total>
				<timestamp>2917.303932</timestamp>
			</report>
			<report>
				<misses>145900000</misses>
				<total>4</total>
				<timestamp>2919.305812</timestamp>
			</report>
			<report>
				<misses>146000000</misses>
				<total>4</total>
				<timestamp>2921.306207</timestamp>
			</report>
			<report>
				<misses>146100000</misses>
				<total>4</total>
				<timestamp>2923.307786</timestamp>
			</report>
			<report>
				<misses>146200000</misses>
				<total>4</total>
				<timestamp>2925.308222</timestamp>
			</report>
			<report>
				<misses>146300000</misses>
				<total>4</total>
				<timestamp>2927.308857</timestamp>
			</report>
			<report>
				<misses>146400000</misses>
				<total>4</total>
				<timestamp>2929.309818</timestamp>
			</report>
			<report>
				<misses>146500000</misses>
				<total>4</total>
				<timestamp>2931.311218</timestamp>
			</report>
			<report>
				<misses>146600000</misses>
				<total>4</total>
				<timestamp>2933.312101</timestamp>
			</report>
			<report>
				<misses>146700000</misses>
				<total>4</total>
				<timestamp>2935.312495</timestamp>
			</report>
			<report>
				<misses>146800000</misses>
				<total>4</total>
				<timestamp>2937.313495</timestamp>
			</report>
			<report>
				<misses>146900000</misses>
				<total>4</total>
				<timestamp>2939.314038</timestamp>
			</report>
			<report>
				<misses>147000000</misses>
				<total>4</total>
				<timestamp>2941.314742</timestamp>
			</report>
			<report>
				<misses>147100000</misses>
				<total>4</total>
				<timestamp>2943.315349</timestamp>
			</report>
			<report>
				<misses>147200000</misses>
				<total>4</total>
				<timestamp>2945.315479</timestamp>
			</report>
			<report>
				<misses>147300000</misses>
				<total>4</total>
				<timestamp>2947.315738</timestamp>
			</report>
			<report>
				<misses>147400000</misses>
				<total>4</total>
				<timestamp>2949.316779</timestamp>
			</report>
			<report>
				<misses>147500000</misses>
				<total>4</total>
				<timestamp>2951.318218</timestamp>
			</report>
			<report>
				<misses>147600000</misses>
				<total>4</total>
				<timestamp>2953.319380</timestamp>
			</report>
			<report>
				<misses>147700000</misses>
				<total>4</total>
				<timestamp>2955.319999</timestamp>
			</report>
			<report>
				<misses>147800000</misses>
				<total>4</total>
				<timestamp>2957.320576</timestamp>
			</report>
			<report>
				<misses>147900000</misses>
				<total>4</total>
				<timestamp>2959.322155</timestamp>
			</report>
			<report>
				<misses>148000000</misses>
				<total>4</total>
				<timestamp>2961.322525</timestamp>
			</report>
			<report>
				<misses>148100000</misses>
				<total>4</total>
				<timestamp>2963.323353</timestamp>
			</report>
			<report>
				<misses>148200000</misses>
				<total>4</total>
				<timestamp>2965.323584</timestamp>
			</report>
			<report>
				<misses>148300000</misses>
				<total>4</total>
				<timestamp>2967.323794</timestamp>
			</report>
			<report>
				<misses>148400000</misses>
				<total>4</total>
				<timestamp>2969.324846</timestamp>
			</report>
			<report>
				<misses>148500000</misses>
				<total>4</total>
				<timestamp>2971.325902</timestamp>
			</report>
			<report>
				<misses>148600000</misses>
				<total>4</total>
				<timestamp>2973.326942</timestamp>
			</report>
			<report>
				<misses>148700000</misses>
				<total>4</total>
				<timestamp>2975.327834</timestamp>
			</report>
			<report>
				<misses>148800000</misses>
				<total>4</total>
				<timestamp>2977.330517</timestamp>
			</report>
			<report>
				<misses>148900000</misses>
				<total>4</total>
				<timestamp>2979.331543</timestamp>
			</report>
			<report>
				<misses>149000000</misses>
				<total>4</total>
				<timestamp>2981.333109</timestamp>
			</report>
			<report>
				<misses>149100000</misses>
				<total>4</total>
				<timestamp>2983.334988</timestamp>
			</report>
			<report>
				<misses>149200000</misses>
				<total>4</total>
				<timestamp>2985.336549</timestamp>
			</report>
			<report>
				<misses>149300000</misses>
				<total>4</total>
				<timestamp>2987.337263</timestamp>
			</report>
			<report>
				<misses>149400000</misses>
				<total>4</total>
				<timestamp>2989.338004</timestamp>
			</report>
			<report>
				<misses>149500000</misses>
				<total>4</total>
				<timestamp>2991.339556</timestamp>
			</report>
			<report>
				<misses>149600000</misses>
				<total>4</total>
				<timestamp>2993.341075</timestamp>
			</report>
			<report>
				<misses>149700000</misses>
				<total>4</total>
				<timestamp>2995.341401</timestamp>
			</report>
			<report>
				<misses>149800000</misses>
				<total>4</total>
				<timestamp>2997.341673</timestamp>
			</report>
			<report>
				<misses>149900000</misses>
				<total>4</total>
				<timestamp>2999.342092</timestamp>
			</report>
			<report>
				<misses>150000000</misses>
				<total>4</total>
				<timestamp>3001.342260</timestamp>
			</report>
			<report>
				<misses>150100000</misses>
				<total>4</total>
				<timestamp>3003.342755</timestamp>
			</report>
			<report>
				<misses>150200000</misses>
				<total>4</total>
				<timestamp>3005.343456</timestamp>
			</report>
			<report>
				<misses>150300000</misses>
				<total>4</total>
				<timestamp>3007.344374</timestamp>
			</report>
			<report>
				<misses>150400000</misses>
				<total>4</total>
				<timestamp>3009.344779</timestamp>
			</report>
			<report>
				<misses>150500000</misses>
				<total>4</total>
				<timestamp>3011.345591</timestamp>
			</report>
			<report>
				<misses>150600000</misses>
				<total>4</total>
				<timestamp>3013.347096</timestamp>
			</report>
			<report>
				<misses>150700000</misses>
				<total>4</total>
				<timestamp>3015.348059</timestamp>
			</report>
			<report>
				<misses>150800000</misses>
				<total>4</total>
				<timestamp>3017.348853</timestamp>
			</report>
			<report>
				<misses>150900000</misses>
				<total>4</total>
				<timestamp>3019.349065</timestamp>
			</report>
			<report>
				<misses>151000000</misses>
				<total>4</total>
				<timestamp>3021.350443</timestamp>
			</report>
			<report>
				<misses>151100000</misses>
				<total>4</total>
				<timestamp>3023.350980</timestamp>
			</report>
			<report>
				<misses>151200000</misses>
				<total>4</total>
				<timestamp>3025.352580</timestamp>
			</report>
			<report>
				<misses>151300000</misses>
				<total>4</total>
				<timestamp>3027.354486</timestamp>
			</report>
			<report>
				<misses>151400000</misses>
				<total>4</total>
				<timestamp>3029.355481</timestamp>
			</report>
			<report>
				<misses>151500000</misses>
				<total>4</total>
				<timestamp>3031.356438</timestamp>
			</report>
			<report>
				<misses>151600000</misses>
				<total>4</total>
				<timestamp>3033.356648</timestamp>
			</report>
			<report>
				<misses>151700000</misses>
				<total>4</total>
				<timestamp>3035.357126</timestamp>
			</report>
			<report>
				<misses>151800000</misses>
				<total>4</total>
				<timestamp>3037.357674</timestamp>
			</report>
			<report>
				<misses>151900000</misses>
				<total>4</total>
				<timestamp>3039.358700</timestamp>
			</report>
			<report>
				<misses>152000000</misses>
				<total>4</total>
				<timestamp>3041.359429</timestamp>
			</report>
			<report>
				<misses>152100000</misses>
				<total>4</total>
				<timestamp>3043.361015</timestamp>
			</report>
			<report>
				<misses>152200000</misses>
				<total>4</total>
				<timestamp>3045.362183</timestamp>
			</report>
			<report>
				<misses>152300000</misses>
				<total>4</total>
				<timestamp>3047.363786</timestamp>
			</report>
			<report>
				<misses>152400000</misses>
				<total>4</total>
				<timestamp>3049.364911</timestamp>
			</report>
			<report>
				<misses>152500000</misses>
				<total>4</total>
				<timestamp>3051.366581</timestamp>
			</report>
			<report>
				<misses>152600000</misses>
				<total>4</total>
				<timestamp>3053.367124</timestamp>
			</report>
			<report>
				<misses>152700000</misses>
				<total>4</total>
				<timestamp>3055.368040</timestamp>
			</report>
			<report>
				<misses>152800000</misses>
				<total>4</total>
				<timestamp>3057.368990</timestamp>
			</report>
			<report>
				<misses>152900000</misses>
				<total>4</total>
				<timestamp>3059.369559</timestamp>
			</report>
			<report>
				<misses>153000000</misses>
				<total>4</total>
				<timestamp>3061.369792</timestamp>
			</report>
			<report>
				<misses>153100000</misses>
				<total>4</total>
				<timestamp>3063.370261</timestamp>
			</report>
			<report>
				<misses>153200000</misses>
				<total>4</total>
				<timestamp>3065.370672</timestamp>
			</report>
			<report>
				<misses>153300000</misses>
				<total>4</total>
				<timestamp>3067.371382</timestamp>
			</report>
			<report>
				<misses>153400000</misses>
				<total>4</total>
				<timestamp>3069.372295</timestamp>
			</report>
			<report>
				<misses>153500000</misses>
				<total>4</total>
				<timestamp>3071.372932</timestamp>
			</report>
			<report>
				<misses>153600000</misses>
				<total>4</total>
				<timestamp>3073.373921</timestamp>
			</report>
			<report>
				<misses>153700000</misses>
				<total>4</total>
				<timestamp>3075.374428</timestamp>
			</report>
			<report>
				<misses>153800000</misses>
				<total>4</total>
				<timestamp>3077.375075</timestamp>
			</report>
			<report>
				<misses>153900000</misses>
				<total>4</total>
				<timestamp>3079.375286</timestamp>
			</report>
			<report>
				<misses>154000000</misses>
				<total>4</total>
				<timestamp>3081.375442</timestamp>
			</report>
			<report>
				<misses>154100000</misses>
				<total>4</total>
				<timestamp>3083.376829</timestamp>
			</report>
			<report>
				<misses>154200000</misses>
				<total>4</total>
				<timestamp>3085.377836</timestamp>
			</report>
			<report>
				<misses>154300000</misses>
				<total>4</total>
				<timestamp>3087.378540</timestamp>
			</report>
			<report>
				<misses>154400000</misses>
				<total>4</total>
				<timestamp>3089.379349</timestamp>
			</report>
			<report>
				<misses>154500000</misses>
				<total>4</total>
				<timestamp>3091.381205</timestamp>
			</report>
			<report>
				<misses>154600000</misses>
				<total>4</total>
				<timestamp>3093.382346</timestamp>
			</report>
			<report>
				<misses>154700000</misses>
				<total>4</total>
				<timestamp>3095.382922</timestamp>
			</report>
			<report>
				<misses>154800000</misses>
				<total>4</total>
				<timestamp>3097.384488</timestamp>
			</report>
			<report>
				<misses>154900000</misses>
				<total>4</total>
				<timestamp>3099.386359</timestamp>
			</report>
			<report>
				<misses>155000000</misses>
				<total>4</total>
				<timestamp>3101.387196</timestamp>
			</report>
			<report>
				<misses>155100000</misses>
				<total>4</total>
				<timestamp>3103.387574</timestamp>
			</report>
			<report>
				<misses>155200000</misses>
				<total>4</total>
				<timestamp>3105.387729</timestamp>
			</report>
			<report>
				<misses>155300000</misses>
				<total>4</total>
				<timestamp>3107.388265</timestamp>
			</report>
			<report>
				<misses>155400000</misses>
				<total>4</total>
				<timestamp>3109.388480</timestamp>
			</report>
			<report>
				<misses>155500000</misses>
				<total>4</total>
				<timestamp>3111.389123</timestamp>
			</report>
			<report>
				<misses>155600000</misses>
				<total>4</total>
				<timestamp>3113.389713</timestamp>
			</report>
			<report>
				<misses>155700000</misses>
				<total>4</total>
				<timestamp>3115.390530</timestamp>
			</report>
			<report>
				<misses>155800000</misses>
				<total>4</total>
				<timestamp>3117.391721</timestamp>
			</report>
			<report>
				<misses>155900000</misses>
				<total>4</total>
				<timestamp>3119.392684</timestamp>
			</report>
			<report>
				<misses>156000000</misses>
				<total>4</total>
				<timestamp>3121.393491</timestamp>
			</report>
			<report>
				<misses>156100000</misses>
				<total>4</total>
				<timestamp>3123.394763</timestamp>
			</report>
			<report>
				<misses>156200000</misses>
				<total>4</total>
				<timestamp>3125.395794</timestamp>
			</report>
			<report>
				<misses>156300000</misses>
				<total>4</total>
				<timestamp>3127.396754</timestamp>
			</report>
			<report>
				<misses>156400000</misses>
				<total>4</total>
				<timestamp>3129.397311</timestamp>
			</report>
			<report>
				<misses>156500000</misses>
				<total>4</total>
				<timestamp>3131.397629</timestamp>
			</report>
			<report>
				<misses>156600000</misses>
				<total>4</total>
				<timestamp>3133.398331</timestamp>
			</report>
			<report>
				<misses>156700000</misses>
				<total>4</total>
				<timestamp>3135.400007</timestamp>
			</report>
			<report>
				<misses>156800000</misses>
				<total>4</total>
				<timestamp>3137.401028</timestamp>
			</report>
			<report>
				<misses>156900000</misses>
				<total>4</total>
				<timestamp>3139.403234</timestamp>
			</report>
			<report>
				<misses>157000000</misses>
				<total>4</total>
				<timestamp>3141.403665</timestamp>
			</report>
			<report>
				<misses>157100000</misses>
				<total>4</total>
				<timestamp>3143.405250</timestamp>
			</report>
			<report>
				<misses>157200000</misses>
				<total>4</total>
				<timestamp>3145.406396</timestamp>
			</report>
			<report>
				<misses>157300000</misses>
				<total>4</total>
				<timestamp>3147.406638</timestamp>
			</report>
			<report>
				<misses>157400000</misses>
				<total>4</total>
				<timestamp>3149.407980</timestamp>
			</report>
			<report>
				<misses>157500000</misses>
				<total>4</total>
				<timestamp>3151.409544</timestamp>
			</report>
			<report>
				<misses>157600000</misses>
				<total>4</total>
				<timestamp>3153.410035</timestamp>
			</report>
			<report>
				<misses>157700000</misses>
				<total>4</total>
				<timestamp>3155.410255</timestamp>
			</report>
			<report>
				<misses>157800000</misses>
				<total>4</total>
				<timestamp>3157.410576</timestamp>
			</report>
			<report>
				<misses>157900000</misses>
				<total>4</total>
				<timestamp>3159.410784</timestamp>
			</report>
			<report>
				<misses>158000000</misses>
				<total>4</total>
				<timestamp>3161.412107</timestamp>
			</report>
			<report>
				<misses>158100000</misses>
				<total>4</total>
				<timestamp>3163.412617</timestamp>
			</report>
			<report>
				<misses>158200000</misses>
				<total>4</total>
				<timestamp>3165.413601</timestamp>
			</report>
			<report>
				<misses>158300000</misses>
				<total>4</total>
				<timestamp>3167.414425</timestamp>
			</report>
			<report>
				<misses>158400000</misses>
				<total>4</total>
				<timestamp>3169.415133</timestamp>
			</report>
			<report>
				<misses>158500000</misses>
				<total>4</total>
				<timestamp>3171.416684</timestamp>
			</report>
			<report>
				<misses>158600000</misses>
				<total>4</total>
				<timestamp>3173.417005</timestamp>
			</report>
			<report>
				<misses>158700000</misses>
				<total>4</total>
				<timestamp>3175.417114</timestamp>
			</report>
			<report>
				<misses>158800000</misses>
				<total>4</total>
				<timestamp>3177.417289</timestamp>
			</report>
			<report>
				<misses>158900000</misses>
				<total>4</total>
				<timestamp>3179.417650</timestamp>
			</report>
			<report>
				<misses>159000000</misses>
				<total>4</total>
				<timestamp>3181.417905</timestamp>
			</report>
			<report>
				<misses>159100000</misses>
				<total>4</total>
				<timestamp>3183.418486</timestamp>
			</report>
			<report>
				<misses>159200000</misses>
				<total>4</total>
				<timestamp>3185.420746</timestamp>
			</report>
			<report>
				<misses>159300000</misses>
				<total>4</total>
				<timestamp>3187.422214</timestamp>
			</report>
			<report>
				<misses>159400000</misses>
				<total>4</total>
				<timestamp>3189.423501</timestamp>
			</report>
			<report>
				<misses>159500000</misses>
				<total>4</total>
				<timestamp>3191.424162</timestamp>
			</report>
			<report>
				<misses>159600000</misses>
				<total>4</total>
				<timestamp>3193.425028</timestamp>
			</report>
			<report>
				<misses>159700000</misses>
				<total>4</total>
				<timestamp>3195.425756</timestamp>
			</report>
			<report>
				<misses>159800000</misses>
				<total>4</total>
				<timestamp>3197.426699</timestamp>
			</report>
			<report>
				<misses>159900000</misses>
				<total>4</total>
				<timestamp>3199.426945</timestamp>
			</report>
			<report>
				<misses>160000000</misses>
				<total>4</total>
				<timestamp>3201.427453</timestamp>
			</report>
			<report>
				<misses>160100000</misses>
				<total>4</total>
				<timestamp>3203.428233</timestamp>
			</report>
			<report>
				<misses>160200000</misses>
				<total>4</total>
				<timestamp>3205.429144</timestamp>
			</report>
			<report>
				<misses>160300000</misses>
				<total>4</total>
				<timestamp>3207.431491</timestamp>
			</report>
			<report>
				<misses>160400000</misses>
				<total>4</total>
				<timestamp>3209.431985</timestamp>
			</report>
			<report>
				<misses>160500000</misses>
				<total>4</total>
				<timestamp>3211.432924</timestamp>
			</report>
			<report>
				<misses>160600000</misses>
				<total>4</total>
				<timestamp>3213.434427</timestamp>
			</report>
			<report>
				<misses>160700000</misses>
				<total>4</total>
				<timestamp>3215.435575</timestamp>
			</report>
			<report>
				<misses>160800000</misses>
				<total>4</total>
				<timestamp>3217.435816</timestamp>
			</report>
			<report>
				<misses>160900000</misses>
				<total>4</total>
				<timestamp>3219.436673</timestamp>
			</report>
			<report>
				<misses>161000000</misses>
				<total>4</total>
				<timestamp>3221.438219</timestamp>
			</report>
			<report>
				<misses>161100000</misses>
				<total>4</total>
				<timestamp>3223.438767</timestamp>
			</report>
			<report>
				<misses>161200000</misses>
				<total>4</total>
				<timestamp>3225.438901</timestamp>
			</report>
			<report>
				<misses>161300000</misses>
				<total>4</total>
				<timestamp>3227.439365</timestamp>
			</report>
			<report>
				<misses>161400000</misses>
				<total>4</total>
				<timestamp>3229.440671</timestamp>
			</report>
			<report>
				<misses>161500000</misses>
				<total>4</total>
				<timestamp>3231.442198</timestamp>
			</report>
			<report>
				<misses>161600000</misses>
				<total>4</total>
				<timestamp>3233.443174</timestamp>
			</report>
			<report>
				<misses>161700000</misses>
				<total>4</total>
				<timestamp>3235.444956</timestamp>
			</report>
			<report>
				<misses>161800000</misses>
				<total>4</total>
				<timestamp>3237.445621</timestamp>
			</report>
			<report>
				<misses>161900000</misses>
				<total>4</total>
				<timestamp>3239.446766</timestamp>
			</report>
			<report>
				<misses>162000000</misses>
				<total>4</total>
				<timestamp>3241.447469</timestamp>
			</report>
			<report>
				<misses>162100000</misses>
				<total>4</total>
				<timestamp>3243.447656</timestamp>
			</report>
			<report>
				<misses>162200000</misses>
				<total>4</total>
				<timestamp>3245.448405</timestamp>
			</report>
			<report>
				<misses>162300000</misses>
				<total>4</total>
				<timestamp>3247.449445</timestamp>
			</report>
			<report>
				<misses>162400000</misses>
				<total>4</total>
				<timestamp>3249.450010</timestamp>
			</report>
			<report>
				<misses>162500000</misses>
				<total>4</total>
				<timestamp>3251.450565</timestamp>
			</report>
			<report>
				<misses>162600000</misses>
				<total>4</total>
				<timestamp>3253.452333</timestamp>
			</report>
			<report>
				<misses>162700000</misses>
				<total>4</total>
				<timestamp>3255.453198</timestamp>
			</report>
			<report>
				<misses>162800000</misses>
				<total>4</total>
				<timestamp>3257.453767</timestamp>
			</report>
			<report>
				<misses>162900000</misses>
				<total>4</total>
				<timestamp>3259.454876</timestamp>
			</report>
			<report>
				<misses>163000000</misses>
				<total>4</total>
				<timestamp>3261.455249</timestamp>
			</report>
			<report>
				<misses>163100000</misses>
				<total>4</total>
				<timestamp>3263.456217</timestamp>
			</report>
			<report>
				<misses>163200000</misses>
				<total>4</total>
				<timestamp>3265.458143</timestamp>
			</report>
			<report>
				<misses>163300000</misses>
				<total>4</total>
				<timestamp>3267.459526</timestamp>
			</report>
			<report>
				<misses>163400000</misses>
				<total>4</total>
				<timestamp>3269.459934</timestamp>
			</report>
			<report>
				<misses>163500000</misses>
				<total>4</total>
				<timestamp>3271.461151</timestamp>
			</report>
			<report>
				<misses>163600000</misses>
				<total>4</total>
				<timestamp>3273.461630</timestamp>
			</report>
			<report>
				<misses>163700000</misses>
				<total>4</total>
				<timestamp>3275.462744</timestamp>
			</report>
			<report>
				<misses>163800000</misses>
				<total>4</total>
				<timestamp>3277.462962</timestamp>
			</report>
			<report>
				<misses>163900000</misses>
				<total>4</total>
				<timestamp>3279.464814</timestamp>
			</report>
			<report>
				<misses>164000000</misses>
				<total>4</total>
				<timestamp>3281.465345</timestamp>
			</report>
			<report>
				<misses>164100000</misses>
				<total>4</total>
				<timestamp>3283.466657</timestamp>
			</report>
			<report>
				<misses>164200000</misses>
				<total>4</total>
				<timestamp>3285.467954</timestamp>
			</report>
			<report>
				<misses>164300000</misses>
				<total>4</total>
				<timestamp>3287.469255</timestamp>
			</report>
			<report>
				<misses>164400000</misses>
				<total>4</total>
				<timestamp>3289.469951</timestamp>
			</report>
			<report>
				<misses>164500000</misses>
				<total>4</total>
				<timestamp>3291.470818</timestamp>
			</report>
			<report>
				<misses>164600000</misses>
				<total>4</total>
				<timestamp>3293.471366</timestamp>
			</report>
			<report>
				<misses>164700000</misses>
				<total>4</total>
				<timestamp>3295.471904</timestamp>
			</report>
			<report>
				<misses>164800000</misses>
				<total>4</total>
				<timestamp>3297.472397</timestamp>
			</report>
			<report>
				<misses>164900000</misses>
				<total>4</total>
				<timestamp>3299.472590</timestamp>
			</report>
			<report>
				<misses>165000000</misses>
				<total>4</total>
				<timestamp>3301.473645</timestamp>
			</report>
			<report>
				<misses>165100000</misses>
				<total>4</total>
				<timestamp>3303.474602</timestamp>
			</report>
			<report>
				<misses>165200000</misses>
				<total>4</total>
				<timestamp>3305.476348</timestamp>
			</report>
			<report>
				<misses>165300000</misses>
				<total>4</total>
				<timestamp>3307.478249</timestamp>
			</report>
			<report>
				<misses>165400000</misses>
				<total>4</total>
				<timestamp>3309.478926</timestamp>
			</report>
			<report>
				<misses>165500000</misses>
				<total>4</total>
				<timestamp>3311.479729</timestamp>
			</report>
			<report>
				<misses>165600000</misses>
				<total>4</total>
				<timestamp>3313.480362</timestamp>
			</report>
			<report>
				<misses>165700000</misses>
				<total>4</total>
				<timestamp>3315.481274</timestamp>
			</report>
			<report>
				<misses>165800000</misses>
				<total>4</total>
				<timestamp>3317.482085</timestamp>
			</report>
			<report>
				<misses>165900000</misses>
				<total>4</total>
				<timestamp>3319.485042</timestamp>
			</report>
			<report>
				<misses>166000000</misses>
				<total>4</total>
				<timestamp>3321.485520</timestamp>
			</report>
			<report>
				<misses>166100000</misses>
				<total>4</total>
				<timestamp>3323.485938</timestamp>
			</report>
			<report>
				<misses>166200000</misses>
				<total>4</total>
				<timestamp>3325.486583</timestamp>
			</report>
			<report>
				<misses>166300000</misses>
				<total>4</total>
				<timestamp>3327.487109</timestamp>
			</report>
			<report>
				<misses>166400000</misses>
				<total>4</total>
				<timestamp>3329.488159</timestamp>
			</report>
			<report>
				<misses>166500000</misses>
				<total>4</total>
				<timestamp>3331.490345</timestamp>
			</report>
			<report>
				<misses>166600000</misses>
				<total>4</total>
				<timestamp>3333.491880</timestamp>
			</report>
			<report>
				<misses>166700000</misses>
				<total>4</total>
				<timestamp>3335.493050</timestamp>
			</report>
			<report>
				<misses>166800000</misses>
				<total>4</total>
				<timestamp>3337.494370</timestamp>
			</report>
			<report>
				<misses>166900000</misses>
				<total>4</total>
				<timestamp>3339.494409</timestamp>
			</report>
			<report>
				<misses>167000000</misses>
				<total>4</total>
				<timestamp>3341.494701</timestamp>
			</report>
			<report>
				<misses>167100000</misses>
				<total>4</total>
				<timestamp>3343.494984</timestamp>
			</report>
			<report>
				<misses>167200000</misses>
				<total>4</total>
				<timestamp>3345.495464</timestamp>
			</report>
			<report>
				<misses>167300000</misses>
				<total>4</total>
				<timestamp>3347.496204</timestamp>
			</report>
			<report>
				<misses>167400000</misses>
				<total>4</total>
				<timestamp>3349.496408</timestamp>
			</report>
			<report>
				<misses>167500000</misses>
				<total>4</total>
				<timestamp>3351.497707</timestamp>
			</report>
			<report>
				<misses>167600000</misses>
				<total>4</total>
				<timestamp>3353.498892</timestamp>
			</report>
			<report>
				<misses>167700000</misses>
				<total>4</total>
				<timestamp>3355.499400</timestamp>
			</report>
			<report>
				<misses>167800000</misses>
				<total>4</total>
				<timestamp>3357.500679</timestamp>
			</report>
			<report>
				<misses>167900000</misses>
				<total>4</total>
				<timestamp>3359.502484</timestamp>
			</report>
			<report>
				<misses>168000000</misses>
				<total>4</total>
				<timestamp>3361.502904</timestamp>
			</report>
			<report>
				<misses>168100000</misses>
				<total>4</total>
				<timestamp>3363.503344</timestamp>
			</report>
			<report>
				<misses>168200000</misses>
				<total>4</total>
				<timestamp>3365.503691</timestamp>
			</report>
			<report>
				<misses>168300000</misses>
				<total>4</total>
				<timestamp>3367.504124</timestamp>
			</report>
			<report>
				<misses>168400000</misses>
				<total>4</total>
				<timestamp>3369.505649</timestamp>
			</report>
			<report>
				<misses>168500000</misses>
				<total>4</total>
				<timestamp>3371.506804</timestamp>
			</report>
			<report>
				<misses>168600000</misses>
				<total>4</total>
				<timestamp>3373.507135</timestamp>
			</report>
			<report>
				<misses>168700000</misses>
				<total>4</total>
				<timestamp>3375.507636</timestamp>
			</report>
			<report>
				<misses>168800000</misses>
				<total>4</total>
				<timestamp>3377.509260</timestamp>
			</report>
			<report>
				<misses>168900000</misses>
				<total>4</total>
				<timestamp>3379.510024</timestamp>
			</report>
			<report>
				<misses>169000000</misses>
				<total>4</total>
				<timestamp>3381.510200</timestamp>
			</report>
			<report>
				<misses>169100000</misses>
				<total>4</total>
				<timestamp>3383.510617</timestamp>
			</report>
			<report>
				<misses>169200000</misses>
				<total>4</total>
				<timestamp>3385.511719</timestamp>
			</report>
			<report>
				<misses>169300000</misses>
				<total>4</total>
				<timestamp>3387.512715</timestamp>
			</report>
			<report>
				<misses>169400000</misses>
				<total>4</total>
				<timestamp>3389.514111</timestamp>
			</report>
			<report>
				<misses>169500000</misses>
				<total>4</total>
				<timestamp>3391.514605</timestamp>
			</report>
			<report>
				<misses>169600000</misses>
				<total>4</total>
				<timestamp>3393.515265</timestamp>
			</report>
			<report>
				<misses>169700000</misses>
				<total>4</total>
				<timestamp>3395.516600</timestamp>
			</report>
			<report>
				<misses>169800000</misses>
				<total>4</total>
				<timestamp>3397.518153</timestamp>
			</report>
			<report>
				<misses>169900000</misses>
				<total>4</total>
				<timestamp>3399.518765</timestamp>
			</report>
			<report>
				<misses>170000000</misses>
				<total>4</total>
				<timestamp>3401.518961</timestamp>
			</report>
			<report>
				<misses>170100000</misses>
				<total>4</total>
				<timestamp>3403.519406</timestamp>
			</report>
			<report>
				<misses>170200000</misses>
				<total>4</total>
				<timestamp>3405.521486</timestamp>
			</report>
			<report>
				<misses>170300000</misses>
				<total>4</total>
				<timestamp>3407.522771</timestamp>
			</report>
			<report>
				<misses>170400000</misses>
				<total>4</total>
				<timestamp>3409.523218</timestamp>
			</report>
			<report>
				<misses>170500000</misses>
				<total>4</total>
				<timestamp>3411.525055</timestamp>
			</report>
			<report>
				<misses>170600000</misses>
				<total>4</total>
				<timestamp>3413.526967</timestamp>
			</report>
			<report>
				<misses>170700000</misses>
				<total>4</total>
				<timestamp>3415.528123</timestamp>
			</report>
			<report>
				<misses>170800000</misses>
				<total>4</total>
				<timestamp>3417.528214</timestamp>
			</report>
			<report>
				<misses>170900000</misses>
				<total>4</total>
				<timestamp>3419.528595</timestamp>
			</report>
			<report>
				<misses>171000000</misses>
				<total>4</total>
				<timestamp>3421.529306</timestamp>
			</report>
			<report>
				<misses>171100000</misses>
				<total>4</total>
				<timestamp>3423.530231</timestamp>
			</report>
			<report>
				<misses>171200000</misses>
				<total>4</total>
				<timestamp>3425.530688</timestamp>
			</report>
			<report>
				<misses>171300000</misses>
				<total>4</total>
				<timestamp>3427.533619</timestamp>
			</report>
			<report>
				<misses>171400000</misses>
				<total>4</total>
				<timestamp>3429.536070</timestamp>
			</report>
			<report>
				<misses>171500000</misses>
				<total>4</total>
				<timestamp>3431.536864</timestamp>
			</report>
			<report>
				<misses>171600000</misses>
				<total>4</total>
				<timestamp>3433.537552</timestamp>
			</report>
			<report>
				<misses>171700000</misses>
				<total>4</total>
				<timestamp>3435.538744</timestamp>
			</report>
			<report>
				<misses>171800000</misses>
				<total>4</total>
				<timestamp>3437.538933</timestamp>
			</report>
			<report>
				<misses>171900000</misses>
				<total>4</total>
				<timestamp>3439.539042</timestamp>
			</report>
			<report>
				<misses>172000000</misses>
				<total>4</total>
				<timestamp>3441.539290</timestamp>
			</report>
			<report>
				<misses>172100000</misses>
				<total>4</total>
				<timestamp>3443.539611</timestamp>
			</report>
			<report>
				<misses>172200000</misses>
				<total>4</total>
				<timestamp>3445.540709</timestamp>
			</report>
			<report>
				<misses>172300000</misses>
				<total>4</total>
				<timestamp>3447.541943</timestamp>
			</report>
			<report>
				<misses>172400000</misses>
				<total>4</total>
				<timestamp>3449.542640</timestamp>
			</report>
			<report>
				<misses>172500000</misses>
				<total>4</total>
				<timestamp>3451.543342</timestamp>
			</report>
			<report>
				<misses>172600000</misses>
				<total>4</total>
				<timestamp>3453.544703</timestamp>
			</report>
			<report>
				<misses>172700000</misses>
				<total>4</total>
				<timestamp>3455.546255</timestamp>
			</report>
			<report>
				<misses>172800000</misses>
				<total>4</total>
				<timestamp>3457.546380</timestamp>
			</report>
			<report>
				<misses>172900000</misses>
				<total>4</total>
				<timestamp>3459.547042</timestamp>
			</report>
			<report>
				<misses>173000000</misses>
				<total>4</total>
				<timestamp>3461.547292</timestamp>
			</report>
			<report>
				<misses>173100000</misses>
				<total>4</total>
				<timestamp>3463.548319</timestamp>
			</report>
			<report>
				<misses>173200000</misses>
				<total>4</total>
				<timestamp>3465.548920</timestamp>
			</report>
			<report>
				<misses>173300000</misses>
				<total>4</total>
				<timestamp>3467.550099</timestamp>
			</report>
			<report>
				<misses>173400000</misses>
				<total>4</total>
				<timestamp>3469.550923</timestamp>
			</report>
			<report>
				<misses>173500000</misses>
				<total>4</total>
				<timestamp>3471.551280</timestamp>
			</report>
			<report>
				<misses>173600000</misses>
				<total>4</total>
				<timestamp>3473.552781</timestamp>
			</report>
			<report>
				<misses>173700000</misses>
				<total>4</total>
				<timestamp>3475.553763</timestamp>
			</report>
			<report>
				<misses>173800000</misses>
				<total>4</total>
				<timestamp>3477.555524</timestamp>
			</report>
			<report>
				<misses>173900000</misses>
				<total>4</total>
				<timestamp>3479.556251</timestamp>
			</report>
			<report>
				<misses>174000000</misses>
				<total>4</total>
				<timestamp>3481.556930</timestamp>
			</report>
			<report>
				<misses>174100000</misses>
				<total>4</total>
				<timestamp>3483.558467</timestamp>
			</report>
			<report>
				<misses>174200000</misses>
				<total>4</total>
				<timestamp>3485.560245</timestamp>
			</report>
			<report>
				<misses>174300000</misses>
				<total>4</total>
				<timestamp>3487.562135</timestamp>
			</report>
			<report>
				<misses>174400000</misses>
				<total>4</total>
				<timestamp>3489.564083</timestamp>
			</report>
			<report>
				<misses>174500000</misses>
				<total>4</total>
				<timestamp>3491.564615</timestamp>
			</report>
			<report>
				<misses>174600000</misses>
				<total>4</total>
				<timestamp>3493.566190</timestamp>
			</report>
			<report>
				<misses>174700000</misses>
				<total>4</total>
				<timestamp>3495.566687</timestamp>
			</report>
			<report>
				<misses>174800000</misses>
				<total>4</total>
				<timestamp>3497.567642</timestamp>
			</report>
			<report>
				<misses>174900000</misses>
				<total>4</total>
				<timestamp>3499.568666</timestamp>
			</report>
			<report>
				<misses>175000000</misses>
				<total>4</total>
				<timestamp>3501.569210</timestamp>
			</report>
			<report>
				<misses>175100000</misses>
				<total>4</total>
				<timestamp>3503.569372</timestamp>
			</report>
			<report>
				<misses>175200000</misses>
				<total>4</total>
				<timestamp>3505.570684</timestamp>
			</report>
			<report>
				<misses>175300000</misses>
				<total>4</total>
				<timestamp>3507.571613</timestamp>
			</report>
			<report>
				<misses>175400000</misses>
				<total>4</total>
				<timestamp>3509.572414</timestamp>
			</report>
			<report>
				<misses>175500000</misses>
				<total>4</total>
				<timestamp>3511.573225</timestamp>
			</report>
			<report>
				<misses>175600000</misses>
				<total>4</total>
				<timestamp>3513.574364</timestamp>
			</report>
			<report>
				<misses>175700000</misses>
				<total>4</total>
				<timestamp>3515.576607</timestamp>
			</report>
			<report>
				<misses>175800000</misses>
				<total>4</total>
				<timestamp>3517.578114</timestamp>
			</report>
			<report>
				<misses>175900000</misses>
				<total>4</total>
				<timestamp>3519.579019</timestamp>
			</report>
			<report>
				<misses>176000000</misses>
				<total>4</total>
				<timestamp>3521.580733</timestamp>
			</report>
			<report>
				<misses>176100000</misses>
				<total>4</total>
				<timestamp>3523.581960</timestamp>
			</report>
			<report>
				<misses>176200000</misses>
				<total>4</total>
				<timestamp>3525.584068</timestamp>
			</report>
			<report>
				<misses>176300000</misses>
				<total>4</total>
				<timestamp>3527.584520</timestamp>
			</report>
			<report>
				<misses>176400000</misses>
				<total>4</total>
				<timestamp>3529.585209</timestamp>
			</report>
			<report>
				<misses>176500000</misses>
				<total>4</total>
				<timestamp>3531.586524</timestamp>
			</report>
			<report>
				<misses>176600000</misses>
				<total>4</total>
				<timestamp>3533.588075</timestamp>
			</report>
			<report>
				<misses>176700000</misses>
				<total>4</total>
				<timestamp>3535.590118</timestamp>
			</report>
			<report>
				<misses>176800000</misses>
				<total>4</total>
				<timestamp>3537.592322</timestamp>
			</report>
			<report>
				<misses>176900000</misses>
				<total>4</total>
				<timestamp>3539.593663</timestamp>
			</report>
			<report>
				<misses>177000000</misses>
				<total>4</total>
				<timestamp>3541.594052</timestamp>
			</report>
			<report>
				<misses>177100000</misses>
				<total>4</total>
				<timestamp>3543.594327</timestamp>
			</report>
			<report>
				<misses>177200000</misses>
				<total>4</total>
				<timestamp>3545.594597</timestamp>
			</report>
			<report>
				<misses>177300000</misses>
				<total>4</total>
				<timestamp>3547.594712</timestamp>
			</report>
			<report>
				<misses>177400000</misses>
				<total>4</total>
				<timestamp>3549.595493</timestamp>
			</report>
			<report>
				<misses>177500000</misses>
				<total>4</total>
				<timestamp>3551.596805</timestamp>
			</report>
			<report>
				<misses>177600000</misses>
				<total>4</total>
				<timestamp>3553.597010</timestamp>
			</report>
			<report>
				<misses>177700000</misses>
				<total>4</total>
				<timestamp>3555.598404</timestamp>
			</report>
			<report>
				<misses>177800000</misses>
				<total>4</total>
				<timestamp>3557.598541</timestamp>
			</report>
			<report>
				<misses>177900000</misses>
				<total>4</total>
				<timestamp>3559.598903</timestamp>
			</report>
			<report>
				<misses>178000000</misses>
				<total>4</total>
				<timestamp>3561.599617</timestamp>
			</report>
			<report>
				<misses>178100000</misses>
				<total>4</total>
				<timestamp>3563.600006</timestamp>
			</report>
			<report>
				<misses>178200000</misses>
				<total>4</total>
				<timestamp>3565.600425</timestamp>
			</report>
			<report>
				<misses>178300000</misses>
				<total>4</total>
				<timestamp>3567.600752</timestamp>
			</report>
			<report>
				<misses>178400000</misses>
				<total>4</total>
				<timestamp>3569.601620</timestamp>
			</report>
			<report>
				<misses>178500000</misses>
				<total>4</total>
				<timestamp>3571.602090</timestamp>
			</report>
			<report>
				<misses>178600000</misses>
				<total>4</total>
				<timestamp>3573.602316</timestamp>
			</report>
			<report>
				<misses>178700000</misses>
				<total>4</total>
				<timestamp>3575.603090</timestamp>
			</report>
			<report>
				<misses>178800000</misses>
				<total>4</total>
				<timestamp>3577.604137</timestamp>
			</report>
			<report>
				<misses>178900000</misses>
				<total>4</total>
				<timestamp>3579.605276</timestamp>
			</report>
			<report>
				<misses>179000000</misses>
				<total>4</total>
				<timestamp>3581.606906</timestamp>
			</report>
			<report>
				<misses>179100000</misses>
				<total>4</total>
				<timestamp>3583.607852</timestamp>
			</report>
			<report>
				<misses>179200000</misses>
				<total>4</total>
				<timestamp>3585.608869</timestamp>
			</report>
			<report>
				<misses>179300000</misses>
				<total>4</total>
				<timestamp>3587.610648</timestamp>
			</report>
			<report>
				<misses>179400000</misses>
				<total>4</total>
				<timestamp>3589.611054</timestamp>
			</report>
			<report>
				<misses>179500000</misses>
				<total>4</total>
				<timestamp>3591.613740</timestamp>
			</report>
			<report>
				<misses>179600000</misses>
				<total>4</total>
				<timestamp>3593.613882</timestamp>
			</report>
			<report>
				<misses>179700000</misses>
				<total>4</total>
				<timestamp>3595.615404</timestamp>
			</report>
			<report>
				<misses>179800000</misses>
				<total>4</total>
				<timestamp>3597.616675</timestamp>
			</report>
			<report>
				<misses>179900000</misses>
				<total>4</total>
				<timestamp>3599.617973</timestamp>
			</report>
			<report>
				<misses>180000000</misses>
				<total>4</total>
				<timestamp>3601.618519</timestamp>
			</report>
			<report>
				<misses>180100000</misses>
				<total>4</total>
				<timestamp>3603.620925</timestamp>
			</report>
			<report>
				<misses>180200000</misses>
				<total>4</total>
				<timestamp>3605.621816</timestamp>
			</report>
			<report>
				<misses>180300000</misses>
				<total>4</total>
				<timestamp>3607.622159</timestamp>
			</report>
			<report>
				<misses>180400000</misses>
				<total>4</total>
				<timestamp>3609.622571</timestamp>
			</report>
			<report>
				<misses>180500000</misses>
				<total>4</total>
				<timestamp>3611.623199</timestamp>
			</report>
			<report>
				<misses>180600000</misses>
				<total>4</total>
				<timestamp>3613.623461</timestamp>
			</report>
			<report>
				<misses>180700000</misses>
				<total>4</total>
				<timestamp>3615.624893</timestamp>
			</report>
			<report>
				<misses>180800000</misses>
				<total>4</total>
				<timestamp>3617.625555</timestamp>
			</report>
			<report>
				<misses>180900000</misses>
				<total>4</total>
				<timestamp>3619.626102</timestamp>
			</report>
			<report>
				<misses>181000000</misses>
				<total>4</total>
				<timestamp>3621.626339</timestamp>
			</report>
			<report>
				<misses>181100000</misses>
				<total>4</total>
				<timestamp>3623.626933</timestamp>
			</report>
			<report>
				<misses>181200000</misses>
				<total>4</total>
				<timestamp>3625.627655</timestamp>
			</report>
			<report>
				<misses>181300000</misses>
				<total>4</total>
				<timestamp>3627.627888</timestamp>
			</report>
			<report>
				<misses>181400000</misses>
				<total>4</total>
				<timestamp>3629.628510</timestamp>
			</report>
			<report>
				<misses>181500000</misses>
				<total>4</total>
				<timestamp>3631.628837</timestamp>
			</report>
			<report>
				<misses>181600000</misses>
				<total>4</total>
				<timestamp>3633.629324</timestamp>
			</report>
			<report>
				<misses>181700000</misses>
				<total>4</total>
				<timestamp>3635.629683</timestamp>
			</report>
			<report>
				<misses>181800000</misses>
				<total>4</total>
				<timestamp>3637.630341</timestamp>
			</report>
			<report>
				<misses>181900000</misses>
				<total>4</total>
				<timestamp>3639.630852</timestamp>
			</report>
			<report>
				<misses>182000000</misses>
				<total>4</total>
				<timestamp>3641.631882</timestamp>
			</report>
			<report>
				<misses>182100000</misses>
				<total>4</total>
				<timestamp>3643.632155</timestamp>
			</report>
			<report>
				<misses>182200000</misses>
				<total>4</total>
				<timestamp>3645.632623</timestamp>
			</report>
			<report>
				<misses>182300000</misses>
				<total>4</total>
				<timestamp>3647.633577</timestamp>
			</report>
			<report>
				<misses>182400000</misses>
				<total>4</total>
				<timestamp>3649.633915</timestamp>
			</report>
			<report>
				<misses>182500000</misses>
				<total>4</total>
				<timestamp>3651.635245</timestamp>
			</report>
			<report>
				<misses>182600000</misses>
				<total>4</total>
				<timestamp>3653.636190</timestamp>
			</report>
			<report>
				<misses>182700000</misses>
				<total>4</total>
				<timestamp>3655.637159</timestamp>
			</report>
			<report>
				<misses>182800000</misses>
				<total>4</total>
				<timestamp>3657.637787</timestamp>
			</report>
			<report>
				<misses>182900000</misses>
				<total>4</total>
				<timestamp>3659.638816</timestamp>
			</report>
			<report>
				<misses>183000000</misses>
				<total>4</total>
				<timestamp>3661.639509</timestamp>
			</report>
			<report>
				<misses>183100000</misses>
				<total>4</total>
				<timestamp>3663.639589</timestamp>
			</report>
			<report>
				<misses>183200000</misses>
				<total>4</total>
				<timestamp>3665.639869</timestamp>
			</report>
			<report>
				<misses>183300000</misses>
				<total>4</total>
				<timestamp>3667.640095</timestamp>
			</report>
			<report>
				<misses>183400000</misses>
				<total>4</total>
				<timestamp>3669.640854</timestamp>
			</report>
			<report>
				<misses>183500000</misses>
				<total>4</total>
				<timestamp>3671.641266</timestamp>
			</report>
			<report>
				<misses>183600000</misses>
				<total>4</total>
				<timestamp>3673.643246</timestamp>
			</report>
			<report>
				<misses>183700000</misses>
				<total>4</total>
				<timestamp>3675.644072</timestamp>
			</report>
			<report>
				<misses>183800000</misses>
				<total>4</total>
				<timestamp>3677.644758</timestamp>
			</report>
			<report>
				<misses>183900000</misses>
				<total>4</total>
				<timestamp>3679.645078</timestamp>
			</report>
			<report>
				<misses>184000000</misses>
				<total>4</total>
				<timestamp>3681.645904</timestamp>
			</report>
			<report>
				<misses>184100000</misses>
				<total>4</total>
				<timestamp>3683.646491</timestamp>
			</report>
			<report>
				<misses>184200000</misses>
				<total>4</total>
				<timestamp>3685.647228</timestamp>
			</report>
			<report>
				<misses>184300000</misses>
				<total>4</total>
				<timestamp>3687.648470</timestamp>
			</report>
			<report>
				<misses>184400000</misses>
				<total>4</total>
				<timestamp>3689.648776</timestamp>
			</report>
			<report>
				<misses>184500000</misses>
				<total>4</total>
				<timestamp>3691.648995</timestamp>
			</report>
			<report>
				<misses>184600000</misses>
				<total>4</total>
				<timestamp>3693.649591</timestamp>
			</report>
			<report>
				<misses>184700000</misses>
				<total>4</total>
				<timestamp>3695.650438</timestamp>
			</report>
			<report>
				<misses>184800000</misses>
				<total>4</total>
				<timestamp>3697.650884</timestamp>
			</report>
			<report>
				<misses>184900000</misses>
				<total>4</total>
				<timestamp>3699.651871</timestamp>
			</report>
			<report>
				<misses>185000000</misses>
				<total>4</total>
				<timestamp>3701.656531</timestamp>
			</report>
			<report>
				<misses>185100000</misses>
				<total>4</total>
				<timestamp>3703.657322</timestamp>
			</report>
			<report>
				<misses>185200000</misses>
				<total>4</total>
				<timestamp>3705.657462</timestamp>
			</report>
			<report>
				<misses>185300000</misses>
				<total>4</total>
				<timestamp>3707.657704</timestamp>
			</report>
			<report>
				<misses>185400000</misses>
				<total>4</total>
				<timestamp>3709.658461</timestamp>
			</report>
			<report>
				<misses>185500000</misses>
				<total>4</total>
				<timestamp>3711.659518</timestamp>
			</report>
			<report>
				<misses>185600000</misses>
				<total>4</total>
				<timestamp>3713.662129</timestamp>
			</report>
			<report>
				<misses>185700000</misses>
				<total>4</total>
				<timestamp>3715.663875</timestamp>
			</report>
			<report>
				<misses>185800000</misses>
				<total>4</total>
				<timestamp>3717.666118</timestamp>
			</report>
			<report>
				<misses>185900000</misses>
				<total>4</total>
				<timestamp>3719.667558</timestamp>
			</report>
			<report>
				<misses>186000000</misses>
				<total>4</total>
				<timestamp>3721.669090</timestamp>
			</report>
			<report>
				<misses>186100000</misses>
				<total>4</total>
				<timestamp>3723.670018</timestamp>
			</report>
			<report>
				<misses>186200000</misses>
				<total>4</total>
				<timestamp>3725.672302</timestamp>
			</report>
			<report>
				<misses>186300000</misses>
				<total>4</total>
				<timestamp>3727.672668</timestamp>
			</report>
			<report>
				<misses>186400000</misses>
				<total>4</total>
				<timestamp>3729.672744</timestamp>
			</report>
			<report>
				<misses>186500000</misses>
				<total>4</total>
				<timestamp>3731.672906</timestamp>
			</report>
			<report>
				<misses>186600000</misses>
				<total>4</total>
				<timestamp>3733.673188</timestamp>
			</report>
			<report>
				<misses>186700000</misses>
				<total>4</total>
				<timestamp>3735.674114</timestamp>
			</report>
			<report>
				<misses>186800000</misses>
				<total>4</total>
				<timestamp>3737.674468</timestamp>
			</report>
			<report>
				<misses>186900000</misses>
				<total>4</total>
				<timestamp>3739.674928</timestamp>
			</report>
			<report>
				<misses>187000000</misses>
				<total>4</total>
				<timestamp>3741.675464</timestamp>
			</report>
			<report>
				<misses>187100000</misses>
				<total>4</total>
				<timestamp>3743.675828</timestamp>
			</report>
			<report>
				<misses>187200000</misses>
				<total>4</total>
				<timestamp>3745.676585</timestamp>
			</report>
			<report>
				<misses>187300000</misses>
				<total>4</total>
				<timestamp>3747.677623</timestamp>
			</report>
			<report>
				<misses>187400000</misses>
				<total>4</total>
				<timestamp>3749.677761</timestamp>
			</report>
			<report>
				<misses>187500000</misses>
				<total>4</total>
				<timestamp>3751.678259</timestamp>
			</report>
			<report>
				<misses>187600000</misses>
				<total>4</total>
				<timestamp>3753.679575</timestamp>
			</report>
			<report>
				<misses>187700000</misses>
				<total>4</total>
				<timestamp>3755.680010</timestamp>
			</report>
			<report>
				<misses>187800000</misses>
				<total>4</total>
				<timestamp>3757.680701</timestamp>
			</report>
			<report>
				<misses>187900000</misses>
				<total>4</total>
				<timestamp>3759.681000</timestamp>
			</report>
			<report>
				<misses>188000000</misses>
				<total>4</total>
				<timestamp>3761.681767</timestamp>
			</report>
			<report>
				<misses>188100000</misses>
				<total>4</total>
				<timestamp>3763.683811</timestamp>
			</report>
			<report>
				<misses>188200000</misses>
				<total>4</total>
				<timestamp>3765.685122</timestamp>
			</report>
			<report>
				<misses>188300000</misses>
				<total>4</total>
				<timestamp>3767.686615</timestamp>
			</report>
			<report>
				<misses>188400000</misses>
				<total>4</total>
				<timestamp>3769.687401</timestamp>
			</report>
			<report>
				<misses>188500000</misses>
				<total>4</total>
				<timestamp>3771.687727</timestamp>
			</report>
			<report>
				<misses>188600000</misses>
				<total>4</total>
				<timestamp>3773.688119</timestamp>
			</report>
			<report>
				<misses>188700000</misses>
				<total>4</total>
				<timestamp>3775.688247</timestamp>
			</report>
			<report>
				<misses>188800000</misses>
				<total>4</total>
				<timestamp>3777.688965</timestamp>
			</report>
			<report>
				<misses>188900000</misses>
				<total>4</total>
				<timestamp>3779.690664</timestamp>
			</report>
			<report>
				<misses>189000000</misses>
				<total>4</total>
				<timestamp>3781.691977</timestamp>
			</report>
			<report>
				<misses>189100000</misses>
				<total>4</total>
				<timestamp>3783.693389</timestamp>
			</report>
			<report>
				<misses>189200000</misses>
				<total>4</total>
				<timestamp>3785.694129</timestamp>
			</report>
			<report>
				<misses>189300000</misses>
				<total>4</total>
				<timestamp>3787.694717</timestamp>
			</report>
			<report>
				<misses>189400000</misses>
				<total>4</total>
				<timestamp>3789.695081</timestamp>
			</report>
			<report>
				<misses>189500000</misses>
				<total>4</total>
				<timestamp>3791.695189</timestamp>
			</report>
			<report>
				<misses>189600000</misses>
				<total>4</total>
				<timestamp>3793.695488</timestamp>
			</report>
			<report>
				<misses>189700000</misses>
				<total>4</total>
				<timestamp>3795.696484</timestamp>
			</report>
			<report>
				<misses>189800000</misses>
				<total>4</total>
				<timestamp>3797.697802</timestamp>
			</report>
			<report>
				<misses>189900000</misses>
				<total>4</total>
				<timestamp>3799.698695</timestamp>
			</report>
			<report>
				<misses>190000000</misses>
				<total>4</total>
				<timestamp>3801.699031</timestamp>
			</report>
			<report>
				<misses>190100000</misses>
				<total>4</total>
				<timestamp>3803.700315</timestamp>
			</report>
			<report>
				<misses>190200000</misses>
				<total>4</total>
				<timestamp>3805.700557</timestamp>
			</report>
			<report>
				<misses>190300000</misses>
				<total>4</total>
				<timestamp>3807.701556</timestamp>
			</report>
			<report>
				<misses>190400000</misses>
				<total>4</total>
				<timestamp>3809.701965</timestamp>
			</report>
			<report>
				<misses>190500000</misses>
				<total>4</total>
				<timestamp>3811.702372</timestamp>
			</report>
			<report>
				<misses>190600000</misses>
				<total>4</total>
				<timestamp>3813.702894</timestamp>
			</report>
			<report>
				<misses>190700000</misses>
				<total>4</total>
				<timestamp>3815.703798</timestamp>
			</report>
			<report>
				<misses>190800000</misses>
				<total>4</total>
				<timestamp>3817.704886</timestamp>
			</report>
			<report>
				<misses>190900000</misses>
				<total>4</total>
				<timestamp>3819.706204</timestamp>
			</report>
			<report>
				<misses>191000000</misses>
				<total>4</total>
				<timestamp>3821.707244</timestamp>
			</report>
			<report>
				<misses>191100000</misses>
				<total>4</total>
				<timestamp>3823.708377</timestamp>
			</report>
			<report>
				<misses>191200000</misses>
				<total>4</total>
				<timestamp>3825.710994</timestamp>
			</report>
			<report>
				<misses>191300000</misses>
				<total>4</total>
				<timestamp>3827.712649</timestamp>
			</report>
			<report>
				<misses>191400000</misses>
				<total>4</total>
				<timestamp>3829.713105</timestamp>
			</report>
			<report>
				<misses>191500000</misses>
				<total>4</total>
				<timestamp>3831.714435</timestamp>
			</report>
			<report>
				<misses>191600000</misses>
				<total>4</total>
				<timestamp>3833.715946</timestamp>
			</report>
			<report>
				<misses>191700000</misses>
				<total>4</total>
				<timestamp>3835.716381</timestamp>
			</report>
			<report>
				<misses>191800000</misses>
				<total>4</total>
				<timestamp>3837.716744</timestamp>
			</report>
			<report>
				<misses>191900000</misses>
				<total>4</total>
				<timestamp>3839.717181</timestamp>
			</report>
			<report>
				<misses>192000000</misses>
				<total>4</total>
				<timestamp>3841.718422</timestamp>
			</report>
			<report>
				<misses>192100000</misses>
				<total>4</total>
				<timestamp>3843.718911</timestamp>
			</report>
			<report>
				<misses>192200000</misses>
				<total>4</total>
				<timestamp>3845.720109</timestamp>
			</report>
			<report>
				<misses>192300000</misses>
				<total>4</total>
				<timestamp>3847.721156</timestamp>
			</report>
			<report>
				<misses>192400000</misses>
				<total>4</total>
				<timestamp>3849.721600</timestamp>
			</report>
			<report>
				<misses>192500000</misses>
				<total>4</total>
				<timestamp>3851.723683</timestamp>
			</report>
			<report>
				<misses>192600000</misses>
				<total>4</total>
				<timestamp>3853.724344</timestamp>
			</report>
			<report>
				<misses>192700000</misses>
				<total>4</total>
				<timestamp>3855.724978</timestamp>
			</report>
			<report>
				<misses>192800000</misses>
				<total>4</total>
				<timestamp>3857.725865</timestamp>
			</report>
			<report>
				<misses>192900000</misses>
				<total>4</total>
				<timestamp>3859.726581</timestamp>
			</report>
			<report>
				<misses>193000000</misses>
				<total>4</total>
				<timestamp>3861.727574</timestamp>
			</report>
			<report>
				<misses>193100000</misses>
				<total>4</total>
				<timestamp>3863.728078</timestamp>
			</report>
			<report>
				<misses>193200000</misses>
				<total>4</total>
				<timestamp>3865.728725</timestamp>
			</report>
			<report>
				<misses>193300000</misses>
				<total>4</total>
				<timestamp>3867.730521</timestamp>
			</report>
			<report>
				<misses>193400000</misses>
				<total>4</total>
				<timestamp>3869.731560</timestamp>
			</report>
			<report>
				<misses>193500000</misses>
				<total>4</total>
				<timestamp>3871.731803</timestamp>
			</report>
			<report>
				<misses>193600000</misses>
				<total>4</total>
				<timestamp>3873.732284</timestamp>
			</report>
			<report>
				<misses>193700000</misses>
				<total>4</total>
				<timestamp>3875.732561</timestamp>
			</report>
			<report>
				<misses>193800000</misses>
				<total>4</total>
				<timestamp>3877.733330</timestamp>
			</report>
			<report>
				<misses>193900000</misses>
				<total>4</total>
				<timestamp>3879.734801</timestamp>
			</report>
			<report>
				<misses>194000000</misses>
				<total>4</total>
				<timestamp>3881.736140</timestamp>
			</report>
			<report>
				<misses>194100000</misses>
				<total>4</total>
				<timestamp>3883.738395</timestamp>
			</report>
			<report>
				<misses>194200000</misses>
				<total>4</total>
				<timestamp>3885.740365</timestamp>
			</report>
			<report>
				<misses>194300000</misses>
				<total>4</total>
				<timestamp>3887.741287</timestamp>
			</report>
			<report>
				<misses>194400000</misses>
				<total>4</total>
				<timestamp>3889.741650</timestamp>
			</report>
			<report>
				<misses>194500000</misses>
				<total>4</total>
				<timestamp>3891.741766</timestamp>
			</report>
			<report>
				<misses>194600000</misses>
				<total>4</total>
				<timestamp>3893.742349</timestamp>
			</report>
			<report>
				<misses>194700000</misses>
				<total>4</total>
				<timestamp>3895.743784</timestamp>
			</report>
			<report>
				<misses>194800000</misses>
				<total>4</total>
				<timestamp>3897.744918</timestamp>
			</report>
			<report>
				<misses>194900000</misses>
				<total>4</total>
				<timestamp>3899.745319</timestamp>
			</report>
			<report>
				<misses>195000000</misses>
				<total>4</total>
				<timestamp>3901.746282</timestamp>
			</report>
			<report>
				<misses>195100000</misses>
				<total>4</total>
				<timestamp>3903.748564</timestamp>
			</report>
			<report>
				<misses>195200000</misses>
				<total>4</total>
				<timestamp>3905.750605</timestamp>
			</report>
			<report>
				<misses>195300000</misses>
				<total>4</total>
				<timestamp>3907.751004</timestamp>
			</report>
			<report>
				<misses>195400000</misses>
				<total>4</total>
				<timestamp>3909.751569</timestamp>
			</report>
			<report>
				<misses>195500000</misses>
				<total>4</total>
				<timestamp>3911.751676</timestamp>
			</report>
			<report>
				<misses>195600000</misses>
				<total>4</total>
				<timestamp>3913.753558</timestamp>
			</report>
			<report>
				<misses>195700000</misses>
				<total>4</total>
				<timestamp>3915.754510</timestamp>
			</report>
			<report>
				<misses>195800000</misses>
				<total>4</total>
				<timestamp>3917.755404</timestamp>
			</report>
			<report>
				<misses>195900000</misses>
				<total>4</total>
				<timestamp>3919.756542</timestamp>
			</report>
			<report>
				<misses>196000000</misses>
				<total>4</total>
				<timestamp>3921.757244</timestamp>
			</report>
			<report>
				<misses>196100000</misses>
				<total>4</total>
				<timestamp>3923.758598</timestamp>
			</report>
			<report>
				<misses>196200000</misses>
				<total>4</total>
				<timestamp>3925.761441</timestamp>
			</report>
			<report>
				<misses>196300000</misses>
				<total>4</total>
				<timestamp>3927.763198</timestamp>
			</report>
			<report>
				<misses>196400000</misses>
				<total>4</total>
				<timestamp>3929.765755</timestamp>
			</report>
			<report>
				<misses>196500000</misses>
				<total>4</total>
				<timestamp>3931.766504</timestamp>
			</report>
			<report>
				<misses>196600000</misses>
				<total>4</total>
				<timestamp>3933.766797</timestamp>
			</report>
			<report>
				<misses>196700000</misses>
				<total>4</total>
				<timestamp>3935.766857</timestamp>
			</report>
			<report>
				<misses>196800000</misses>
				<total>4</total>
				<timestamp>3937.767239</timestamp>
			</report>
			<report>
				<misses>196900000</misses>
				<total>4</total>
				<timestamp>3939.769208</timestamp>
			</report>
			<report>
				<misses>197000000</misses>
				<total>4</total>
				<timestamp>3941.769619</timestamp>
			</report>
			<report>
				<misses>197100000</misses>
				<total>4</total>
				<timestamp>3943.770370</timestamp>
			</report>
			<report>
				<misses>197200000</misses>
				<total>4</total>
				<timestamp>3945.771169</timestamp>
			</report>
			<report>
				<misses>197300000</misses>
				<total>4</total>
				<timestamp>3947.771869</timestamp>
			</report>
			<report>
				<misses>197400000</misses>
				<total>4</total>
				<timestamp>3949.772602</timestamp>
			</report>
			<report>
				<misses>197500000</misses>
				<total>4</total>
				<timestamp>3951.772866</timestamp>
			</report>
			<report>
				<misses>197600000</misses>
				<total>4</total>
				<timestamp>3953.773271</timestamp>
			</report>
			<report>
				<misses>197700000</misses>
				<total>4</total>
				<timestamp>3955.773722</timestamp>
			</report>
			<report>
				<misses>197800000</misses>
				<total>4</total>
				<timestamp>3957.775286</timestamp>
			</report>
			<report>
				<misses>197900000</misses>
				<total>4</total>
				<timestamp>3959.776011</timestamp>
			</report>
			<report>
				<misses>198000000</misses>
				<total>4</total>
				<timestamp>3961.776996</timestamp>
			</report>
			<report>
				<misses>198100000</misses>
				<total>4</total>
				<timestamp>3963.777522</timestamp>
			</report>
			<report>
				<misses>198200000</misses>
				<total>4</total>
				<timestamp>3965.777951</timestamp>
			</report>
			<report>
				<misses>198300000</misses>
				<total>4</total>
				<timestamp>3967.778226</timestamp>
			</report>
			<report>
				<misses>198400000</misses>
				<total>4</total>
				<timestamp>3969.778510</timestamp>
			</report>
			<report>
				<misses>198500000</misses>
				<total>4</total>
				<timestamp>3971.778710</timestamp>
			</report>
			<report>
				<misses>198600000</misses>
				<total>4</total>
				<timestamp>3973.778769</timestamp>
			</report>
			<report>
				<misses>198700000</misses>
				<total>4</total>
				<timestamp>3975.779032</timestamp>
			</report>
			<report>
				<misses>198800000</misses>
				<total>4</total>
				<timestamp>3977.779432</timestamp>
			</report>
			<report>
				<misses>198900000</misses>
				<total>4</total>
				<timestamp>3979.780327</timestamp>
			</report>
			<report>
				<misses>199000000</misses>
				<total>5</total>
				<timestamp>3981.780835</timestamp>
			</report>
			<report>
				<misses>199100000</misses>
				<total>5</total>
				<timestamp>3983.781243</timestamp>
			</report>
			<report>
				<misses>199200000</misses>
				<total>5</total>
				<timestamp>3985.782983</timestamp>
			</report>
			<report>
				<misses>199300000</misses>
				<total>5</total>
				<timestamp>3987.783419</timestamp>
			</report>
			<report>
				<misses>199400000</misses>
				<total>5</total>
				<timestamp>3989.784011</timestamp>
			</report>
			<report>
				<misses>199500000</misses>
				<total>5</total>
				<timestamp>3991.784490</timestamp>
			</report>
			<report>
				<misses>199600000</misses>
				<total>5</total>
				<timestamp>3993.785665</timestamp>
			</report>
			<report>
				<misses>199700000</misses>
				<total>5</total>
				<timestamp>3995.787069</timestamp>
			</report>
			<report>
				<misses>199800000</misses>
				<total>5</total>
				<timestamp>3997.788586</timestamp>
			</report>
			<report>
				<misses>199900000</misses>
				<total>5</total>
				<timestamp>3999.789259</timestamp>
			</report>
			<report>
				<misses>200000000</misses>
				<total>5</total>
				<timestamp>4001.790867</timestamp>
			</report>
			<report>
				<misses>200100000</misses>
				<total>5</total>
				<timestamp>4003.791273</timestamp>
			</report>
			<report>
				<misses>200200000</misses>
				<total>5</total>
				<timestamp>4005.791804</timestamp>
			</report>
			<report>
				<misses>200300000</misses>
				<total>5</total>
				<timestamp>4007.792158</timestamp>
			</report>
			<report>
				<misses>200400000</misses>
				<total>5</total>
				<timestamp>4009.793306</timestamp>
			</report>
			<report>
				<misses>200500000</misses>
				<total>5</total>
				<timestamp>4011.794765</timestamp>
			</report>
			<report>
				<misses>200600000</misses>
				<total>5</total>
				<timestamp>4013.795662</timestamp>
			</report>
			<report>
				<misses>200700000</misses>
				<total>5</total>
				<timestamp>4015.796041</timestamp>
			</report>
			<report>
				<misses>200800000</misses>
				<total>5</total>
				<timestamp>4017.796508</timestamp>
			</report>
			<report>
				<misses>200900000</misses>
				<total>5</total>
				<timestamp>4019.797257</timestamp>
			</report>
			<report>
				<misses>201000000</misses>
				<total>5</total>
				<timestamp>4021.797619</timestamp>
			</report>
			<report>
				<misses>201100000</misses>
				<total>5</total>
				<timestamp>4023.797857</timestamp>
			</report>
			<report>
				<misses>201200000</misses>
				<total>5</total>
				<timestamp>4025.798219</timestamp>
			</report>
			<report>
				<misses>201300000</misses>
				<total>5</total>
				<timestamp>4027.798597</timestamp>
			</report>
			<report>
				<misses>201400000</misses>
				<total>5</total>
				<timestamp>4029.799419</timestamp>
			</report>
			<report>
				<misses>201500000</misses>
				<total>5</total>
				<timestamp>4031.801189</timestamp>
			</report>
			<report>
				<misses>201600000</misses>
				<total>5</total>
				<timestamp>4033.802079</timestamp>
			</report>
			<report>
				<misses>201700000</misses>
				<total>5</total>
				<timestamp>4035.803444</timestamp>
			</report>
			<report>
				<misses>201800000</misses>
				<total>5</total>
				<timestamp>4037.803927</timestamp>
			</report>
			<report>
				<misses>201900000</misses>
				<total>5</total>
				<timestamp>4039.805196</timestamp>
			</report>
			<report>
				<misses>202000000</misses>
				<total>5</total>
				<timestamp>4041.806198</timestamp>
			</report>
			<report>
				<misses>202100000</misses>
				<total>5</total>
				<timestamp>4043.807253</timestamp>
			</report>
			<report>
				<misses>202200000</misses>
				<total>5</total>
				<timestamp>4045.807718</timestamp>
			</report>
			<report>
				<misses>202300000</misses>
				<total>5</total>
				<timestamp>4047.807990</timestamp>
			</report>
			<report>
				<misses>202400000</misses>
				<total>5</total>
				<timestamp>4049.808471</timestamp>
			</report>
			<report>
				<misses>202500000</misses>
				<total>5</total>
				<timestamp>4051.809356</timestamp>
			</report>
			<report>
				<misses>202600000</misses>
				<total>5</total>
				<timestamp>4053.810150</timestamp>
			</report>
			<report>
				<misses>202700000</misses>
				<total>5</total>
				<timestamp>4055.810349</timestamp>
			</report>
			<report>
				<misses>202800000</misses>
				<total>5</total>
				<timestamp>4057.811568</timestamp>
			</report>
			<report>
				<misses>202900000</misses>
				<total>5</total>
				<timestamp>4059.812023</timestamp>
			</report>
			<report>
				<misses>203000000</misses>
				<total>5</total>
				<timestamp>4061.812648</timestamp>
			</report>
			<report>
				<misses>203100000</misses>
				<total>5</total>
				<timestamp>4063.815240</timestamp>
			</report>
			<report>
				<misses>203200000</misses>
				<total>5</total>
				<timestamp>4065.816136</timestamp>
			</report>
			<report>
				<misses>203300000</misses>
				<total>5</total>
				<timestamp>4067.816922</timestamp>
			</report>
			<report>
				<misses>203400000</misses>
				<total>5</total>
				<timestamp>4069.818049</timestamp>
			</report>
			<report>
				<misses>203500000</misses>
				<total>5</total>
				<timestamp>4071.819932</timestamp>
			</report>
			<report>
				<misses>203600000</misses>
				<total>5</total>
				<timestamp>4073.821784</timestamp>
			</report>
			<report>
				<misses>203700000</misses>
				<total>5</total>
				<timestamp>4075.822288</timestamp>
			</report>
			<report>
				<misses>203800000</misses>
				<total>5</total>
				<timestamp>4077.823358</timestamp>
			</report>
			<report>
				<misses>203900000</misses>
				<total>5</total>
				<timestamp>4079.823757</timestamp>
			</report>
			<report>
				<misses>204000000</misses>
				<total>5</total>
				<timestamp>4081.824118</timestamp>
			</report>
			<report>
				<misses>204100000</misses>
				<total>5</total>
				<timestamp>4083.825334</timestamp>
			</report>
			<report>
				<misses>204200000</misses>
				<total>5</total>
				<timestamp>4085.826669</timestamp>
			</report>
			<report>
				<misses>204300000</misses>
				<total>5</total>
				<timestamp>4087.827220</timestamp>
			</report>
			<report>
				<misses>204400000</misses>
				<total>5</total>
				<timestamp>4089.828464</timestamp>
			</report>
			<report>
				<misses>204500000</misses>
				<total>5</total>
				<timestamp>4091.829178</timestamp>
			</report>
			<report>
				<misses>204600000</misses>
				<total>5</total>
				<timestamp>4093.830646</timestamp>
			</report>
			<report>
				<misses>204700000</misses>
				<total>5</total>
				<timestamp>4095.831126</timestamp>
			</report>
			<report>
				<misses>204800000</misses>
				<total>5</total>
				<timestamp>4097.831327</timestamp>
			</report>
			<report>
				<misses>204900000</misses>
				<total>5</total>
				<timestamp>4099.831871</timestamp>
			</report>
			<report>
				<misses>205000000</misses>
				<total>5</total>
				<timestamp>4101.832507</timestamp>
			</report>
			<report>
				<misses>205100000</misses>
				<total>5</total>
				<timestamp>4103.833081</timestamp>
			</report>
			<report>
				<misses>205200000</misses>
				<total>5</total>
				<timestamp>4105.833318</timestamp>
			</report>
			<report>
				<misses>205300000</misses>
				<total>5</total>
				<timestamp>4107.833775</timestamp>
			</report>
			<report>
				<misses>205400000</misses>
				<total>5</total>
				<timestamp>4109.834580</timestamp>
			</report>
			<report>
				<misses>205500000</misses>
				<total>5</total>
				<timestamp>4111.835168</timestamp>
			</report>
			<report>
				<misses>205600000</misses>
				<total>5</total>
				<timestamp>4113.835963</timestamp>
			</report>
			<report>
				<misses>205700000</misses>
				<total>5</total>
				<timestamp>4115.838405</timestamp>
			</report>
			<report>
				<misses>205800000</misses>
				<total>5</total>
				<timestamp>4117.839105</timestamp>
			</report>
			<report>
				<misses>205900000</misses>
				<total>5</total>
				<timestamp>4119.839614</timestamp>
			</report>
			<report>
				<misses>206000000</misses>
				<total>5</total>
				<timestamp>4121.840658</timestamp>
			</report>
			<report>
				<misses>206100000</misses>
				<total>5</total>
				<timestamp>4123.841051</timestamp>
			</report>
			<report>
				<misses>206200000</misses>
				<total>5</total>
				<timestamp>4125.841248</timestamp>
			</report>
			<report>
				<misses>206300000</misses>
				<total>5</total>
				<timestamp>4127.842404</timestamp>
			</report>
			<report>
				<misses>206400000</misses>
				<total>5</total>
				<timestamp>4129.843540</timestamp>
			</report>
			<report>
				<misses>206500000</misses>
				<total>5</total>
				<timestamp>4131.843972</timestamp>
			</report>
			<report>
				<misses>206600000</misses>
				<total>5</total>
				<timestamp>4133.844736</timestamp>
			</report>
			<report>
				<misses>206700000</misses>
				<total>5</total>
				<timestamp>4135.845835</timestamp>
			</report>
			<report>
				<misses>206800000</misses>
				<total>5</total>
				<timestamp>4137.846489</timestamp>
			</report>
			<report>
				<misses>206900000</misses>
				<total>5</total>
				<timestamp>4139.847140</timestamp>
			</report>
			<report>
				<misses>207000000</misses>
				<total>5</total>
				<timestamp>4141.848218</timestamp>
			</report>
			<report>
				<misses>207100000</misses>
				<total>5</total>
				<timestamp>4143.848485</timestamp>
			</report>
			<report>
				<misses>207200000</misses>
				<total>5</total>
				<timestamp>4145.848664</timestamp>
			</report>
			<report>
				<misses>207300000</misses>
				<total>5</total>
				<timestamp>4147.848918</timestamp>
			</report>
			<report>
				<misses>207400000</misses>
				<total>5</total>
				<timestamp>4149.849886</timestamp>
			</report>
			<report>
				<misses>207500000</misses>
				<total>5</total>
				<timestamp>4151.850962</timestamp>
			</report>
			<report>
				<misses>207600000</misses>
				<total>5</total>
				<timestamp>4153.851252</timestamp>
			</report>
			<report>
				<misses>207700000</misses>
				<total>5</total>
				<timestamp>4155.852568</timestamp>
			</report>
			<report>
				<misses>207800000</misses>
				<total>5</total>
				<timestamp>4157.853175</timestamp>
			</report>
			<report>
				<misses>207900000</misses>
				<total>5</total>
				<timestamp>4159.853451</timestamp>
			</report>
			<report>
				<misses>208000000</misses>
				<total>5</total>
				<timestamp>4161.853802</timestamp>
			</report>
			<report>
				<misses>208100000</misses>
				<total>5</total>
				<timestamp>4163.854233</timestamp>
			</report>
			<report>
				<misses>208200000</misses>
				<total>5</total>
				<timestamp>4165.855266</timestamp>
			</report>
			<report>
				<misses>208300000</misses>
				<total>5</total>
				<timestamp>4167.857049</timestamp>
			</report>
			<report>
				<misses>208400000</misses>
				<total>5</total>
				<timestamp>4169.859060</timestamp>
			</report>
			<report>
				<misses>208500000</misses>
				<total>5</total>
				<timestamp>4171.859485</timestamp>
			</report>
			<report>
				<misses>208600000</misses>
				<total>5</total>
				<timestamp>4173.860297</timestamp>
			</report>
			<report>
				<misses>208700000</misses>
				<total>5</total>
				<timestamp>4175.861202</timestamp>
			</report>
			<report>
				<misses>208800000</misses>
				<total>5</total>
				<timestamp>4177.862149</timestamp>
			</report>
			<report>
				<misses>208900000</misses>
				<total>5</total>
				<timestamp>4179.864295</timestamp>
			</report>
			<report>
				<misses>209000000</misses>
				<total>5</total>
				<timestamp>4181.865211</timestamp>
			</report>
			<report>
				<misses>209100000</misses>
				<total>5</total>
				<timestamp>4183.865366</timestamp>
			</report>
			<report>
				<misses>209200000</misses>
				<total>5</total>
				<timestamp>4185.867220</timestamp>
			</report>
			<report>
				<misses>209300000</misses>
				<total>5</total>
				<timestamp>4187.867801</timestamp>
			</report>
			<report>
				<misses>209400000</misses>
				<total>5</total>
				<timestamp>4189.867956</timestamp>
			</report>
			<report>
				<misses>209500000</misses>
				<total>5</total>
				<timestamp>4191.868043</timestamp>
			</report>
			<report>
				<misses>209600000</misses>
				<total>5</total>
				<timestamp>4193.869236</timestamp>
			</report>
			<report>
				<misses>209700000</misses>
				<total>5</total>
				<timestamp>4195.870350</timestamp>
			</report>
			<report>
				<misses>209800000</misses>
				<total>5</total>
				<timestamp>4197.871193</timestamp>
			</report>
			<report>
				<misses>209900000</misses>
				<total>5</total>
				<timestamp>4199.872155</timestamp>
			</report>
			<report>
				<misses>210000000</misses>
				<total>5</total>
				<timestamp>4201.872858</timestamp>
			</report>
			<report>
				<misses>210100000</misses>
				<total>5</total>
				<timestamp>4203.873848</timestamp>
			</report>
			<report>
				<misses>210200000</misses>
				<total>5</total>
				<timestamp>4205.874900</timestamp>
			</report>
			<report>
				<misses>210300000</misses>
				<total>5</total>
				<timestamp>4207.875775</timestamp>
			</report>
			<report>
				<misses>210400000</misses>
				<total>5</total>
				<timestamp>4209.877146</timestamp>
			</report>
			<report>
				<misses>210500000</misses>
				<total>5</total>
				<timestamp>4211.877625</timestamp>
			</report>
			<report>
				<misses>210600000</misses>
				<total>5</total>
				<timestamp>4213.879066</timestamp>
			</report>
			<report>
				<misses>210700000</misses>
				<total>5</total>
				<timestamp>4215.884347</timestamp>
			</report>
			<report>
				<misses>210800000</misses>
				<total>5</total>
				<timestamp>4217.886166</timestamp>
			</report>
			<report>
				<misses>210900000</misses>
				<total>5</total>
				<timestamp>4219.887443</timestamp>
			</report>
			<report>
				<misses>211000000</misses>
				<total>5</total>
				<timestamp>4221.889280</timestamp>
			</report>
			<report>
				<misses>211100000</misses>
				<total>5</total>
				<timestamp>4223.890788</timestamp>
			</report>
			<report>
				<misses>211200000</misses>
				<total>5</total>
				<timestamp>4225.891834</timestamp>
			</report>
			<report>
				<misses>211300000</misses>
				<total>5</total>
				<timestamp>4227.894004</timestamp>
			</report>
			<report>
				<misses>211400000</misses>
				<total>5</total>
				<timestamp>4229.895931</timestamp>
			</report>
			<report>
				<misses>211500000</misses>
				<total>5</total>
				<timestamp>4231.898552</timestamp>
			</report>
			<report>
				<misses>211600000</misses>
				<total>5</total>
				<timestamp>4233.899948</timestamp>
			</report>
			<report>
				<misses>211700000</misses>
				<total>5</total>
				<timestamp>4235.900624</timestamp>
			</report>
			<report>
				<misses>211800000</misses>
				<total>5</total>
				<timestamp>4237.902240</timestamp>
			</report>
			<report>
				<misses>211900000</misses>
				<total>5</total>
				<timestamp>4239.902931</timestamp>
			</report>
			<report>
				<misses>212000000</misses>
				<total>5</total>
				<timestamp>4241.903559</timestamp>
			</report>
			<report>
				<misses>212100000</misses>
				<total>5</total>
				<timestamp>4243.903988</timestamp>
			</report>
			<report>
				<misses>212200000</misses>
				<total>5</total>
				<timestamp>4245.904457</timestamp>
			</report>
			<report>
				<misses>212300000</misses>
				<total>5</total>
				<timestamp>4247.904629</timestamp>
			</report>
			<report>
				<misses>212400000</misses>
				<total>5</total>
				<timestamp>4249.906074</timestamp>
			</report>
			<report>
				<misses>212500000</misses>
				<total>5</total>
				<timestamp>4251.907073</timestamp>
			</report>
			<report>
				<misses>212600000</misses>
				<total>5</total>
				<timestamp>4253.907766</timestamp>
			</report>
			<report>
				<misses>212700000</misses>
				<total>5</total>
				<timestamp>4255.909102</timestamp>
			</report>
			<report>
				<misses>212800000</misses>
				<total>5</total>
				<timestamp>4257.910300</timestamp>
			</report>
			<report>
				<misses>212900000</misses>
				<total>5</total>
				<timestamp>4259.911190</timestamp>
			</report>
			<report>
				<misses>213000000</misses>
				<total>5</total>
				<timestamp>4261.913033</timestamp>
			</report>
			<report>
				<misses>213100000</misses>
				<total>5</total>
				<timestamp>4263.914341</timestamp>
			</report>
			<report>
				<misses>213200000</misses>
				<total>5</total>
				<timestamp>4265.915900</timestamp>
			</report>
			<report>
				<misses>213300000</misses>
				<total>5</total>
				<timestamp>4267.916973</timestamp>
			</report>
			<report>
				<misses>213400000</misses>
				<total>5</total>
				<timestamp>4269.920458</timestamp>
			</report>
			<report>
				<misses>213500000</misses>
				<total>5</total>
				<timestamp>4271.923229</timestamp>
			</report>
			<report>
				<misses>213600000</misses>
				<total>5</total>
				<timestamp>4273.924459</timestamp>
			</report>
			<report>
				<misses>213700000</misses>
				<total>5</total>
				<timestamp>4275.926064</timestamp>
			</report>
			<report>
				<misses>213800000</misses>
				<total>5</total>
				<timestamp>4277.927309</timestamp>
			</report>
			<report>
				<misses>213900000</misses>
				<total>5</total>
				<timestamp>4279.927744</timestamp>
			</report>
			<report>
				<misses>214000000</misses>
				<total>5</total>
				<timestamp>4281.928390</timestamp>
			</report>
			<report>
				<misses>214100000</misses>
				<total>5</total>
				<timestamp>4283.928497</timestamp>
			</report>
			<report>
				<misses>214200000</misses>
				<total>5</total>
				<timestamp>4285.929066</timestamp>
			</report>
			<report>
				<misses>214300000</misses>
				<total>5</total>
				<timestamp>4287.930920</timestamp>
			</report>
			<report>
				<misses>214400000</misses>
				<total>5</total>
				<timestamp>4289.931384</timestamp>
			</report>
			<report>
				<misses>214500000</misses>
				<total>5</total>
				<timestamp>4291.932546</timestamp>
			</report>
			<report>
				<misses>214600000</misses>
				<total>5</total>
				<timestamp>4293.933851</timestamp>
			</report>
			<report>
				<misses>214700000</misses>
				<total>5</total>
				<timestamp>4295.934825</timestamp>
			</report>
			<report>
				<misses>214800000</misses>
				<total>5</total>
				<timestamp>4297.937859</timestamp>
			</report>
			<report>
				<misses>214900000</misses>
				<total>5</total>
				<timestamp>4299.939195</timestamp>
			</report>
			<report>
				<misses>215000000</misses>
				<total>5</total>
				<timestamp>4301.942666</timestamp>
			</report>
			<report>
				<misses>215100000</misses>
				<total>5</total>
				<timestamp>4303.942917</timestamp>
			</report>
			<report>
				<misses>215200000</misses>
				<total>5</total>
				<timestamp>4305.943217</timestamp>
			</report>
			<report>
				<misses>215300000</misses>
				<total>5</total>
				<timestamp>4307.944161</timestamp>
			</report>
			<report>
				<misses>215400000</misses>
				<total>5</total>
				<timestamp>4309.946168</timestamp>
			</report>
			<report>
				<misses>215500000</misses>
				<total>5</total>
				<timestamp>4311.949630</timestamp>
			</report>
			<report>
				<misses>215600000</misses>
				<total>5</total>
				<timestamp>4313.950368</timestamp>
			</report>
			<report>
				<misses>215700000</misses>
				<total>5</total>
				<timestamp>4315.951086</timestamp>
			</report>
			<report>
				<misses>215800000</misses>
				<total>5</total>
				<timestamp>4317.954145</timestamp>
			</report>
			<report>
				<misses>215900000</misses>
				<total>5</total>
				<timestamp>4319.955264</timestamp>
			</report>
			<report>
				<misses>216000000</misses>
				<total>5</total>
				<timestamp>4321.957260</timestamp>
			</report>
			<report>
				<misses>216100000</misses>
				<total>5</total>
				<timestamp>4323.957631</timestamp>
			</report>
			<report>
				<misses>216200000</misses>
				<total>5</total>
				<timestamp>4325.957826</timestamp>
			</report>
			<report>
				<misses>216300000</misses>
				<total>5</total>
				<timestamp>4327.958328</timestamp>
			</report>
			<report>
				<misses>216400000</misses>
				<total>5</total>
				<timestamp>4329.958622</timestamp>
			</report>
			<report>
				<misses>216500000</misses>
				<total>5</total>
				<timestamp>4331.959069</timestamp>
			</report>
			<report>
				<misses>216600000</misses>
				<total>5</total>
				<timestamp>4333.959940</timestamp>
			</report>
			<report>
				<misses>216700000</misses>
				<total>5</total>
				<timestamp>4335.961426</timestamp>
			</report>
			<report>
				<misses>216800000</misses>
				<total>5</total>
				<timestamp>4337.962706</timestamp>
			</report>
			<report>
				<misses>216900000</misses>
				<total>5</total>
				<timestamp>4339.965552</timestamp>
			</report>
			<report>
				<misses>217000000</misses>
				<total>5</total>
				<timestamp>4341.966206</timestamp>
			</report>
			<report>
				<misses>217100000</misses>
				<total>5</total>
				<timestamp>4343.967304</timestamp>
			</report>
			<report>
				<misses>217200000</misses>
				<total>5</total>
				<timestamp>4345.967783</timestamp>
			</report>
			<report>
				<misses>217300000</misses>
				<total>5</total>
				<timestamp>4347.967944</timestamp>
			</report>
			<report>
				<misses>217400000</misses>
				<total>5</total>
				<timestamp>4349.968246</timestamp>
			</report>
			<report>
				<misses>217500000</misses>
				<total>5</total>
				<timestamp>4351.968485</timestamp>
			</report>
			<report>
				<misses>217600000</misses>
				<total>5</total>
				<timestamp>4353.969752</timestamp>
			</report>
			<report>
				<misses>217700000</misses>
				<total>5</total>
				<timestamp>4355.970396</timestamp>
			</report>
			<report>
				<misses>217800000</misses>
				<total>5</total>
				<timestamp>4357.971162</timestamp>
			</report>
			<report>
				<misses>217900000</misses>
				<total>5</total>
				<timestamp>4359.971359</timestamp>
			</report>
			<report>
				<misses>218000000</misses>
				<total>5</total>
				<timestamp>4361.971417</timestamp>
			</report>
			<report>
				<misses>218100000</misses>
				<total>5</total>
				<timestamp>4363.973059</timestamp>
			</report>
			<report>
				<misses>218200000</misses>
				<total>5</total>
				<timestamp>4365.974739</timestamp>
			</report>
			<report>
				<misses>218300000</misses>
				<total>5</total>
				<timestamp>4367.974989</timestamp>
			</report>
			<report>
				<misses>218400000</misses>
				<total>5</total>
				<timestamp>4369.975778</timestamp>
			</report>
			<report>
				<misses>218500000</misses>
				<total>5</total>
				<timestamp>4371.976340</timestamp>
			</report>
			<report>
				<misses>218600000</misses>
				<total>5</total>
				<timestamp>4373.977941</timestamp>
			</report>
			<report>
				<misses>218700000</misses>
				<total>5</total>
				<timestamp>4375.978100</timestamp>
			</report>
			<report>
				<misses>218800000</misses>
				<total>5</total>
				<timestamp>4377.979734</timestamp>
			</report>
			<report>
				<misses>218900000</misses>
				<total>5</total>
				<timestamp>4379.980901</timestamp>
			</report>
			<report>
				<misses>219000000</misses>
				<total>5</total>
				<timestamp>4381.982065</timestamp>
			</report>
			<report>
				<misses>219100000</misses>
				<total>5</total>
				<timestamp>4383.982802</timestamp>
			</report>
			<report>
				<misses>219200000</misses>
				<total>5</total>
				<timestamp>4385.983082</timestamp>
			</report>
			<report>
				<misses>219300000</misses>
				<total>5</total>
				<timestamp>4387.983578</timestamp>
			</report>
			<report>
				<misses>219400000</misses>
				<total>5</total>
				<timestamp>4389.984044</timestamp>
			</report>
			<report>
				<misses>219500000</misses>
				<total>5</total>
				<timestamp>4391.984227</timestamp>
			</report>
			<report>
				<misses>219600000</misses>
				<total>5</total>
				<timestamp>4393.985385</timestamp>
			</report>
			<report>
				<misses>219700000</misses>
				<total>5</total>
				<timestamp>4395.986700</timestamp>
			</report>
			<report>
				<misses>219800000</misses>
				<total>5</total>
				<timestamp>4397.987329</timestamp>
			</report>
			<report>
				<misses>219900000</misses>
				<total>5</total>
				<timestamp>4399.987926</timestamp>
			</report>
			<report>
				<misses>220000000</misses>
				<total>5</total>
				<timestamp>4401.988339</timestamp>
			</report>
			<report>
				<misses>220100000</misses>
				<total>5</total>
				<timestamp>4403.988915</timestamp>
			</report>
			<report>
				<misses>220200000</misses>
				<total>5</total>
				<timestamp>4405.989716</timestamp>
			</report>
			<report>
				<misses>220300000</misses>
				<total>5</total>
				<timestamp>4407.991419</timestamp>
			</report>
			<report>
				<misses>220400000</misses>
				<total>5</total>
				<timestamp>4409.992259</timestamp>
			</report>
			<report>
				<misses>220500000</misses>
				<total>5</total>
				<timestamp>4411.992600</timestamp>
			</report>
			<report>
				<misses>220600000</misses>
				<total>5</total>
				<timestamp>4413.992877</timestamp>
			</report>
			<report>
				<misses>220700000</misses>
				<total>5</total>
				<timestamp>4415.993449</timestamp>
			</report>
			<report>
				<misses>220800000</misses>
				<total>5</total>
				<timestamp>4417.995016</timestamp>
			</report>
			<report>
				<misses>220900000</misses>
				<total>5</total>
				<timestamp>4419.995599</timestamp>
			</report>
			<report>
				<misses>221000000</misses>
				<total>5</total>
				<timestamp>4421.996571</timestamp>
			</report>
			<report>
				<misses>221100000</misses>
				<total>5</total>
				<timestamp>4423.997628</timestamp>
			</report>
			<report>
				<misses>221200000</misses>
				<total>5</total>
				<timestamp>4425.998102</timestamp>
			</report>
			<report>
				<misses>221300000</misses>
				<total>5</total>
				<timestamp>4427.998757</timestamp>
			</report>
			<report>
				<misses>221400000</misses>
				<total>5</total>
				<timestamp>4429.999429</timestamp>
			</report>
			<report>
				<misses>221500000</misses>
				<total>5</total>
				<timestamp>4432.000325</timestamp>
			</report>
			<report>
				<misses>221600000</misses>
				<total>5</total>
				<timestamp>4434.001490</timestamp>
			</report>
			<report>
				<misses>221700000</misses>
				<total>5</total>
				<timestamp>4436.002258</timestamp>
			</report>
			<report>
				<misses>221800000</misses>
				<total>5</total>
				<timestamp>4438.002658</timestamp>
			</report>
			<report>
				<misses>221900000</misses>
				<total>5</total>
				<timestamp>4440.002837</timestamp>
			</report>
			<report>
				<misses>222000000</misses>
				<total>5</total>
				<timestamp>4442.003607</timestamp>
			</report>
			<report>
				<misses>222100000</misses>
				<total>5</total>
				<timestamp>4444.003734</timestamp>
			</report>
			<report>
				<misses>222200000</misses>
				<total>5</total>
				<timestamp>4446.004434</timestamp>
			</report>
			<report>
				<misses>222300000</misses>
				<total>5</total>
				<timestamp>4448.005568</timestamp>
			</report>
			<report>
				<misses>222400000</misses>
				<total>5</total>
				<timestamp>4450.005935</timestamp>
			</report>
			<report>
				<misses>222500000</misses>
				<total>5</total>
				<timestamp>4452.007269</timestamp>
			</report>
			<report>
				<misses>222600000</misses>
				<total>5</total>
				<timestamp>4454.008963</timestamp>
			</report>
			<report>
				<misses>222700000</misses>
				<total>5</total>
				<timestamp>4456.012106</timestamp>
			</report>
			<report>
				<misses>222800000</misses>
				<total>5</total>
				<timestamp>4458.013600</timestamp>
			</report>
			<report>
				<misses>222900000</misses>
				<total>5</total>
				<timestamp>4460.014433</timestamp>
			</report>
			<report>
				<misses>223000000</misses>
				<total>5</total>
				<timestamp>4462.015041</timestamp>
			</report>
			<report>
				<misses>223100000</misses>
				<total>5</total>
				<timestamp>4464.015972</timestamp>
			</report>
			<report>
				<misses>223200000</misses>
				<total>5</total>
				<timestamp>4466.016339</timestamp>
			</report>
			<report>
				<misses>223300000</misses>
				<total>5</total>
				<timestamp>4468.016662</timestamp>
			</report>
			<report>
				<misses>223400000</misses>
				<total>5</total>
				<timestamp>4470.017823</timestamp>
			</report>
			<report>
				<misses>223500000</misses>
				<total>5</total>
				<timestamp>4472.019139</timestamp>
			</report>
			<report>
				<misses>223600000</misses>
				<total>5</total>
				<timestamp>4474.020267</timestamp>
			</report>
			<report>
				<misses>223700000</misses>
				<total>5</total>
				<timestamp>4476.022480</timestamp>
			</report>
			<report>
				<misses>223800000</misses>
				<total>5</total>
				<timestamp>4478.024230</timestamp>
			</report>
			<report>
				<misses>223900000</misses>
				<total>5</total>
				<timestamp>4480.024730</timestamp>
			</report>
			<report>
				<misses>224000000</misses>
				<total>5</total>
				<timestamp>4482.025861</timestamp>
			</report>
			<report>
				<misses>224100000</misses>
				<total>5</total>
				<timestamp>4484.026579</timestamp>
			</report>
			<report>
				<misses>224200000</misses>
				<total>5</total>
				<timestamp>4486.028104</timestamp>
			</report>
			<report>
				<misses>224300000</misses>
				<total>5</total>
				<timestamp>4488.028461</timestamp>
			</report>
			<report>
				<misses>224400000</misses>
				<total>5</total>
				<timestamp>4490.029109</timestamp>
			</report>
			<report>
				<misses>224500000</misses>
				<total>5</total>
				<timestamp>4492.029595</timestamp>
			</report>
			<report>
				<misses>224600000</misses>
				<total>5</total>
				<timestamp>4494.029977</timestamp>
			</report>
			<report>
				<misses>224700000</misses>
				<total>5</total>
				<timestamp>4496.030540</timestamp>
			</report>
			<report>
				<misses>224800000</misses>
				<total>5</total>
				<timestamp>4498.031474</timestamp>
			</report>
			<report>
				<misses>224900000</misses>
				<total>5</total>
				<timestamp>4500.033825</timestamp>
			</report>
			<report>
				<misses>225000000</misses>
				<total>5</total>
				<timestamp>4502.034649</timestamp>
			</report>
			<report>
				<misses>225100000</misses>
				<total>5</total>
				<timestamp>4504.035735</timestamp>
			</report>
			<report>
				<misses>225200000</misses>
				<total>5</total>
				<timestamp>4506.036397</timestamp>
			</report>
			<report>
				<misses>225300000</misses>
				<total>5</total>
				<timestamp>4508.036555</timestamp>
			</report>
			<report>
				<misses>225400000</misses>
				<total>5</total>
				<timestamp>4510.036864</timestamp>
			</report>
			<report>
				<misses>225500000</misses>
				<total>5</total>
				<timestamp>4512.037543</timestamp>
			</report>
			<report>
				<misses>225600000</misses>
				<total>5</total>
				<timestamp>4514.038148</timestamp>
			</report>
			<report>
				<misses>225700000</misses>
				<total>5</total>
				<timestamp>4516.039515</timestamp>
			</report>
			<report>
				<misses>225800000</misses>
				<total>5</total>
				<timestamp>4518.040391</timestamp>
			</report>
			<report>
				<misses>225900000</misses>
				<total>5</total>
				<timestamp>4520.041753</timestamp>
			</report>
			<report>
				<misses>226000000</misses>
				<total>5</total>
				<timestamp>4522.044746</timestamp>
			</report>
			<report>
				<misses>226100000</misses>
				<total>5</total>
				<timestamp>4524.046045</timestamp>
			</report>
			<report>
				<misses>226200000</misses>
				<total>5</total>
				<timestamp>4526.046763</timestamp>
			</report>
			<report>
				<misses>226300000</misses>
				<total>5</total>
				<timestamp>4528.047765</timestamp>
			</report>
			<report>
				<misses>226400000</misses>
				<total>5</total>
				<timestamp>4530.048933</timestamp>
			</report>
			<report>
				<misses>226500000</misses>
				<total>5</total>
				<timestamp>4532.050414</timestamp>
			</report>
			<report>
				<misses>226600000</misses>
				<total>5</total>
				<timestamp>4534.051263</timestamp>
			</report>
			<report>
				<misses>226700000</misses>
				<total>5</total>
				<timestamp>4536.051678</timestamp>
			</report>
			<report>
				<misses>226800000</misses>
				<total>5</total>
				<timestamp>4538.052968</timestamp>
			</report>
			<report>
				<misses>226900000</misses>
				<total>5</total>
				<timestamp>4540.054847</timestamp>
			</report>
			<report>
				<misses>227000000</misses>
				<total>5</total>
				<timestamp>4542.055972</timestamp>
			</report>
			<report>
				<misses>227100000</misses>
				<total>5</total>
				<timestamp>4544.056244</timestamp>
			</report>
			<report>
				<misses>227200000</misses>
				<total>5</total>
				<timestamp>4546.056467</timestamp>
			</report>
			<report>
				<misses>227300000</misses>
				<total>5</total>
				<timestamp>4548.057120</timestamp>
			</report>
			<report>
				<misses>227400000</misses>
				<total>5</total>
				<timestamp>4550.057890</timestamp>
			</report>
			<report>
				<misses>227500000</misses>
				<total>5</total>
				<timestamp>4552.058431</timestamp>
			</report>
			<report>
				<misses>227600000</misses>
				<total>5</total>
				<timestamp>4554.059024</timestamp>
			</report>
			<report>
				<misses>227700000</misses>
				<total>5</total>
				<timestamp>4556.060015</timestamp>
			</report>
			<report>
				<misses>227800000</misses>
				<total>5</total>
				<timestamp>4558.060767</timestamp>
			</report>
			<report>
				<misses>227900000</misses>
				<total>5</total>
				<timestamp>4560.062345</timestamp>
			</report>
			<report>
				<misses>228000000</misses>
				<total>5</total>
				<timestamp>4562.065635</timestamp>
			</report>
			<report>
				<misses>228100000</misses>
				<total>5</total>
				<timestamp>4564.067320</timestamp>
			</report>
			<report>
				<misses>228200000</misses>
				<total>5</total>
				<timestamp>4566.068118</timestamp>
			</report>
			<report>
				<misses>228300000</misses>
				<total>5</total>
				<timestamp>4568.070458</timestamp>
			</report>
			<report>
				<misses>228400000</misses>
				<total>5</total>
				<timestamp>4570.071231</timestamp>
			</report>
			<report>
				<misses>228500000</misses>
				<total>5</total>
				<timestamp>4572.071997</timestamp>
			</report>
			<report>
				<misses>228600000</misses>
				<total>5</total>
				<timestamp>4574.072274</timestamp>
			</report>
			<report>
				<misses>228700000</misses>
				<total>5</total>
				<timestamp>4576.072436</timestamp>
			</report>
			<report>
				<misses>228800000</misses>
				<total>5</total>
				<timestamp>4578.073887</timestamp>
			</report>
			<report>
				<misses>228900000</misses>
				<total>5</total>
				<timestamp>4580.074708</timestamp>
			</report>
			<report>
				<misses>229000000</misses>
				<total>5</total>
				<timestamp>4582.075347</timestamp>
			</report>
			<report>
				<misses>229100000</misses>
				<total>5</total>
				<timestamp>4584.076330</timestamp>
			</report>
			<report>
				<misses>229200000</misses>
				<total>5</total>
				<timestamp>4586.076857</timestamp>
			</report>
			<report>
				<misses>229300000</misses>
				<total>5</total>
				<timestamp>4588.078217</timestamp>
			</report>
			<report>
				<misses>229400000</misses>
				<total>5</total>
				<timestamp>4590.078894</timestamp>
			</report>
			<report>
				<misses>229500000</misses>
				<total>5</total>
				<timestamp>4592.078937</timestamp>
			</report>
			<report>
				<misses>229600000</misses>
				<total>5</total>
				<timestamp>4594.079203</timestamp>
			</report>
			<report>
				<misses>229700000</misses>
				<total>5</total>
				<timestamp>4596.079388</timestamp>
			</report>
			<report>
				<misses>229800000</misses>
				<total>5</total>
				<timestamp>4598.081567</timestamp>
			</report>
			<report>
				<misses>229900000</misses>
				<total>5</total>
				<timestamp>4600.083104</timestamp>
			</report>
			<report>
				<misses>230000000</misses>
				<total>5</total>
				<timestamp>4602.084660</timestamp>
			</report>
			<report>
				<misses>230100000</misses>
				<total>5</total>
				<timestamp>4604.086721</timestamp>
			</report>
			<report>
				<misses>230200000</misses>
				<total>5</total>
				<timestamp>4606.088153</timestamp>
			</report>
			<report>
				<misses>230300000</misses>
				<total>5</total>
				<timestamp>4608.089806</timestamp>
			</report>
			<report>
				<misses>230400000</misses>
				<total>5</total>
				<timestamp>4610.092549</timestamp>
			</report>
			<report>
				<misses>230500000</misses>
				<total>5</total>
				<timestamp>4612.095492</timestamp>
			</report>
			<report>
				<misses>230600000</misses>
				<total>5</total>
				<timestamp>4614.096856</timestamp>
			</report>
			<report>
				<misses>230700000</misses>
				<total>5</total>
				<timestamp>4616.096938</timestamp>
			</report>
			<report>
				<misses>230800000</misses>
				<total>5</total>
				<timestamp>4618.097695</timestamp>
			</report>
			<report>
				<misses>230900000</misses>
				<total>5</total>
				<timestamp>4620.098081</timestamp>
			</report>
			<report>
				<misses>231000000</misses>
				<total>5</total>
				<timestamp>4622.098879</timestamp>
			</report>
			<report>
				<misses>231100000</misses>
				<total>5</total>
				<timestamp>4624.099857</timestamp>
			</report>
			<report>
				<misses>231200000</misses>
				<total>5</total>
				<timestamp>4626.100978</timestamp>
			</report>
			<report>
				<misses>231300000</misses>
				<total>5</total>
				<timestamp>4628.102048</timestamp>
			</report>
			<report>
				<misses>231400000</misses>
				<total>5</total>
				<timestamp>4630.103156</timestamp>
			</report>
			<report>
				<misses>231500000</misses>
				<total>5</total>
				<timestamp>4632.103770</timestamp>
			</report>
			<report>
				<misses>231600000</misses>
				<total>5</total>
				<timestamp>4634.103990</timestamp>
			</report>
			<report>
				<misses>231700000</misses>
				<total>5</total>
				<timestamp>4636.104153</timestamp>
			</report>
			<report>
				<misses>231800000</misses>
				<total>5</total>
				<timestamp>4638.104275</timestamp>
			</report>
			<report>
				<misses>231900000</misses>
				<total>5</total>
				<timestamp>4640.105308</timestamp>
			</report>
			<report>
				<misses>232000000</misses>
				<total>5</total>
				<timestamp>4642.105967</timestamp>
			</report>
			<report>
				<misses>232100000</misses>
				<total>5</total>
				<timestamp>4644.106212</timestamp>
			</report>
			<report>
				<misses>232200000</misses>
				<total>5</total>
				<timestamp>4646.106272</timestamp>
			</report>
			<report>
				<misses>232300000</misses>
				<total>5</total>
				<timestamp>4648.107324</timestamp>
			</report>
			<report>
				<misses>232400000</misses>
				<total>5</total>
				<timestamp>4650.108546</timestamp>
			</report>
			<report>
				<misses>232500000</misses>
				<total>5</total>
				<timestamp>4652.108829</timestamp>
			</report>
			<report>
				<misses>232600000</misses>
				<total>5</total>
				<timestamp>4654.109543</timestamp>
			</report>
			<report>
				<misses>232700000</misses>
				<total>5</total>
				<timestamp>4656.110378</timestamp>
			</report>
			<report>
				<misses>232800000</misses>
				<total>5</total>
				<timestamp>4658.111997</timestamp>
			</report>
			<report>
				<misses>232900000</misses>
				<total>5</total>
				<timestamp>4660.113458</timestamp>
			</report>
			<report>
				<misses>233000000</misses>
				<total>5</total>
				<timestamp>4662.115377</timestamp>
			</report>
			<report>
				<misses>233100000</misses>
				<total>5</total>
				<timestamp>4664.117561</timestamp>
			</report>
			<report>
				<misses>233200000</misses>
				<total>6</total>
				<timestamp>4666.117943</timestamp>
			</report>
			<report>
				<misses>233300000</misses>
				<total>6</total>
				<timestamp>4668.118195</timestamp>
			</report>
			<report>
				<misses>233400000</misses>
				<total>6</total>
				<timestamp>4670.119684</timestamp>
			</report>
			<report>
				<misses>233500000</misses>
				<total>6</total>
				<timestamp>4672.121748</timestamp>
			</report>
			<report>
				<misses>233600000</misses>
				<total>6</total>
				<timestamp>4674.123504</timestamp>
			</report>
			<report>
				<misses>233700000</misses>
				<total>6</total>
				<timestamp>4676.126402</timestamp>
			</report>
			<report>
				<misses>233800000</misses>
				<total>6</total>
				<timestamp>4678.128895</timestamp>
			</report>
			<report>
				<misses>233900000</misses>
				<total>6</total>
				<timestamp>4680.130407</timestamp>
			</report>
			<report>
				<misses>234000000</misses>
				<total>6</total>
				<timestamp>4682.131772</timestamp>
			</report>
			<report>
				<misses>234100000</misses>
				<total>6</total>
				<timestamp>4684.132066</timestamp>
			</report>
			<report>
				<misses>234200000</misses>
				<total>6</total>
				<timestamp>4686.132318</timestamp>
			</report>
			<report>
				<misses>234300000</misses>
				<total>6</total>
				<timestamp>4688.134884</timestamp>
			</report>
			<report>
				<misses>234400000</misses>
				<total>6</total>
				<timestamp>4690.136537</timestamp>
			</report>
			<report>
				<misses>234500000</misses>
				<total>6</total>
				<timestamp>4692.138677</timestamp>
			</report>
			<report>
				<misses>234600000</misses>
				<total>6</total>
				<timestamp>4694.140085</timestamp>
			</report>
			<report>
				<misses>234700000</misses>
				<total>6</total>
				<timestamp>4696.141793</timestamp>
			</report>
			<report>
				<misses>234800000</misses>
				<total>6</total>
				<timestamp>4698.143543</timestamp>
			</report>
			<report>
				<misses>234900000</misses>
				<total>6</total>
				<timestamp>4700.144738</timestamp>
			</report>
			<report>
				<misses>235000000</misses>
				<total>6</total>
				<timestamp>4702.144827</timestamp>
			</report>
			<report>
				<misses>235100000</misses>
				<total>6</total>
				<timestamp>4704.145077</timestamp>
			</report>
			<report>
				<misses>235200000</misses>
				<total>6</total>
				<timestamp>4706.145743</timestamp>
			</report>
			<report>
				<misses>235300000</misses>
				<total>6</total>
				<timestamp>4708.146922</timestamp>
			</report>
			<report>
				<misses>235400000</misses>
				<total>6</total>
				<timestamp>4710.148162</timestamp>
			</report>
			<report>
				<misses>235500000</misses>
				<total>6</total>
				<timestamp>4712.148690</timestamp>
			</report>
			<report>
				<misses>235600000</misses>
				<total>6</total>
				<timestamp>4714.150884</timestamp>
			</report>
			<report>
				<misses>235700000</misses>
				<total>6</total>
				<timestamp>4716.151523</timestamp>
			</report>
			<report>
				<misses>235800000</misses>
				<total>6</total>
				<timestamp>4718.153101</timestamp>
			</report>
			<report>
				<misses>235900000</misses>
				<total>6</total>
				<timestamp>4720.153598</timestamp>
			</report>
			<report>
				<misses>236000000</misses>
				<total>6</total>
				<timestamp>4722.153741</timestamp>
			</report>
			<report>
				<misses>236100000</misses>
				<total>6</total>
				<timestamp>4724.153851</timestamp>
			</report>
			<report>
				<misses>236200000</misses>
				<total>6</total>
				<timestamp>4726.154785</timestamp>
			</report>
			<report>
				<misses>236300000</misses>
				<total>6</total>
				<timestamp>4728.155523</timestamp>
			</report>
			<report>
				<misses>236400000</misses>
				<total>6</total>
				<timestamp>4730.156916</timestamp>
			</report>
			<report>
				<misses>236500000</misses>
				<total>6</total>
				<timestamp>4732.159128</timestamp>
			</report>
			<report>
				<misses>236600000</misses>
				<total>6</total>
				<timestamp>4734.162061</timestamp>
			</report>
			<report>
				<misses>236700000</misses>
				<total>6</total>
				<timestamp>4736.163338</timestamp>
			</report>
			<report>
				<misses>236800000</misses>
				<total>6</total>
				<timestamp>4738.164373</timestamp>
			</report>
			<report>
				<misses>236900000</misses>
				<total>6</total>
				<timestamp>4740.164603</timestamp>
			</report>
			<report>
				<misses>237000000</misses>
				<total>6</total>
				<timestamp>4742.164811</timestamp>
			</report>
			<report>
				<misses>237100000</misses>
				<total>6</total>
				<timestamp>4744.166175</timestamp>
			</report>
			<report>
				<misses>237200000</misses>
				<total>6</total>
				<timestamp>4746.167689</timestamp>
			</report>
			<report>
				<misses>237300000</misses>
				<total>6</total>
				<timestamp>4748.168112</timestamp>
			</report>
			<report>
				<misses>237400000</misses>
				<total>6</total>
				<timestamp>4750.168751</timestamp>
			</report>
			<report>
				<misses>237500000</misses>
				<total>6</total>
				<timestamp>4752.168876</timestamp>
			</report>
			<report>
				<misses>237600000</misses>
				<total>6</total>
				<timestamp>4754.170265</timestamp>
			</report>
			<report>
				<misses>237700000</misses>
				<total>6</total>
				<timestamp>4756.170733</timestamp>
			</report>
			<report>
				<misses>237800000</misses>
				<total>6</total>
				<timestamp>4758.172261</timestamp>
			</report>
			<report>
				<misses>237900000</misses>
				<total>6</total>
				<timestamp>4760.173903</timestamp>
			</report>
			<report>
				<misses>238000000</misses>
				<total>6</total>
				<timestamp>4762.174824</timestamp>
			</report>
			<report>
				<misses>238100000</misses>
				<total>6</total>
				<timestamp>4764.175181</timestamp>
			</report>
			<report>
				<misses>238200000</misses>
				<total>6</total>
				<timestamp>4766.175480</timestamp>
			</report>
			<report>
				<misses>238300000</misses>
				<total>6</total>
				<timestamp>4768.176026</timestamp>
			</report>
			<report>
				<misses>238400000</misses>
				<total>6</total>
				<timestamp>4770.177516</timestamp>
			</report>
			<report>
				<misses>238500000</misses>
				<total>6</total>
				<timestamp>4772.178394</timestamp>
			</report>
			<report>
				<misses>238600000</misses>
				<total>6</total>
				<timestamp>4774.180855</timestamp>
			</report>
			<report>
				<misses>238700000</misses>
				<total>6</total>
				<timestamp>4776.181275</timestamp>
			</report>
			<report>
				<misses>238800000</misses>
				<total>6</total>
				<timestamp>4778.182562</timestamp>
			</report>
			<report>
				<misses>238900000</misses>
				<total>6</total>
				<timestamp>4780.184394</timestamp>
			</report>
			<report>
				<misses>239000000</misses>
				<total>6</total>
				<timestamp>4782.185858</timestamp>
			</report>
			<report>
				<misses>239100000</misses>
				<total>6</total>
				<timestamp>4784.186882</timestamp>
			</report>
			<report>
				<misses>239200000</misses>
				<total>6</total>
				<timestamp>4786.187135</timestamp>
			</report>
			<report>
				<misses>239300000</misses>
				<total>6</total>
				<timestamp>4788.188021</timestamp>
			</report>
			<report>
				<misses>239400000</misses>
				<total>6</total>
				<timestamp>4790.189133</timestamp>
			</report>
			<report>
				<misses>239500000</misses>
				<total>6</total>
				<timestamp>4792.190484</timestamp>
			</report>
			<report>
				<misses>239600000</misses>
				<total>6</total>
				<timestamp>4794.192108</timestamp>
			</report>
			<report>
				<misses>239700000</misses>
				<total>6</total>
				<timestamp>4796.192876</timestamp>
			</report>
			<report>
				<misses>239800000</misses>
				<total>6</total>
				<timestamp>4798.193773</timestamp>
			</report>
			<report>
				<misses>239900000</misses>
				<total>6</total>
				<timestamp>4800.194380</timestamp>
			</report>
			<report>
				<misses>240000000</misses>
				<total>6</total>
				<timestamp>4802.194506</timestamp>
			</report>
			<report>
				<misses>240100000</misses>
				<total>6</total>
				<timestamp>4804.194598</timestamp>
			</report>
			<report>
				<misses>240200000</misses>
				<total>6</total>
				<timestamp>4806.195261</timestamp>
			</report>
			<report>
				<misses>240300000</misses>
				<total>6</total>
				<timestamp>4808.196048</timestamp>
			</report>
			<report>
				<misses>240400000</misses>
				<total>6</total>
				<timestamp>4810.198016</timestamp>
			</report>
			<report>
				<misses>240500000</misses>
				<total>6</total>
				<timestamp>4812.199177</timestamp>
			</report>
			<report>
				<misses>240600000</misses>
				<total>6</total>
				<timestamp>4814.199825</timestamp>
			</report>
			<report>
				<misses>240700000</misses>
				<total>6</total>
				<timestamp>4816.200248</timestamp>
			</report>
			<report>
				<misses>240800000</misses>
				<total>6</total>
				<timestamp>4818.201577</timestamp>
			</report>
			<report>
				<misses>240900000</misses>
				<total>6</total>
				<timestamp>4820.204667</timestamp>
			</report>
			<report>
				<misses>241000000</misses>
				<total>6</total>
				<timestamp>4822.204774</timestamp>
			</report>
			<report>
				<misses>241100000</misses>
				<total>6</total>
				<timestamp>4824.204859</timestamp>
			</report>
			<report>
				<misses>241200000</misses>
				<total>6</total>
				<timestamp>4826.204931</timestamp>
			</report>
			<report>
				<misses>241300000</misses>
				<total>6</total>
				<timestamp>4828.205075</timestamp>
			</report>
			<report>
				<misses>241400000</misses>
				<total>6</total>
				<timestamp>4830.205902</timestamp>
			</report>
			<report>
				<misses>241500000</misses>
				<total>6</total>
				<timestamp>4832.207597</timestamp>
			</report>
			<report>
				<misses>241600000</misses>
				<total>6</total>
				<timestamp>4834.208605</timestamp>
			</report>
			<report>
				<misses>241700000</misses>
				<total>6</total>
				<timestamp>4836.209425</timestamp>
			</report>
			<report>
				<misses>241800000</misses>
				<total>6</total>
				<timestamp>4838.209921</timestamp>
			</report>
			<report>
				<misses>241900000</misses>
				<total>6</total>
				<timestamp>4840.212438</timestamp>
			</report>
			<report>
				<misses>242000000</misses>
				<total>6</total>
				<timestamp>4842.212900</timestamp>
			</report>
			<report>
				<misses>242100000</misses>
				<total>6</total>
				<timestamp>4844.214712</timestamp>
			</report>
			<report>
				<misses>242200000</misses>
				<total>6</total>
				<timestamp>4846.216397</timestamp>
			</report>
			<report>
				<misses>242300000</misses>
				<total>6</total>
				<timestamp>4848.216533</timestamp>
			</report>
			<report>
				<misses>242400000</misses>
				<total>6</total>
				<timestamp>4850.216770</timestamp>
			</report>
			<report>
				<misses>242500000</misses>
				<total>6</total>
				<timestamp>4852.217279</timestamp>
			</report>
			<report>
				<misses>242600000</misses>
				<total>6</total>
				<timestamp>4854.218409</timestamp>
			</report>
			<report>
				<misses>242700000</misses>
				<total>6</total>
				<timestamp>4856.220724</timestamp>
			</report>
			<report>
				<misses>242800000</misses>
				<total>6</total>
				<timestamp>4858.221680</timestamp>
			</report>
			<report>
				<misses>242900000</misses>
				<total>6</total>
				<timestamp>4860.222888</timestamp>
			</report>
			<report>
				<misses>243000000</misses>
				<total>6</total>
				<timestamp>4862.224236</timestamp>
			</report>
			<report>
				<misses>243100000</misses>
				<total>6</total>
				<timestamp>4864.225743</timestamp>
			</report>
			<report>
				<misses>243200000</misses>
				<total>6</total>
				<timestamp>4866.227452</timestamp>
			</report>
			<report>
				<misses>243300000</misses>
				<total>6</total>
				<timestamp>4868.229329</timestamp>
			</report>
			<report>
				<misses>243400000</misses>
				<total>6</total>
				<timestamp>4870.230015</timestamp>
			</report>
			<report>
				<misses>243500000</misses>
				<total>6</total>
				<timestamp>4872.230232</timestamp>
			</report>
			<report>
				<misses>243600000</misses>
				<total>6</total>
				<timestamp>4874.230321</timestamp>
			</report>
			<report>
				<misses>243700000</misses>
				<total>6</total>
				<timestamp>4876.230885</timestamp>
			</report>
			<report>
				<misses>243800000</misses>
				<total>6</total>
				<timestamp>4878.231291</timestamp>
			</report>
			<report>
				<misses>243900000</misses>
				<total>6</total>
				<timestamp>4880.233386</timestamp>
			</report>
			<report>
				<misses>244000000</misses>
				<total>6</total>
				<timestamp>4882.234461</timestamp>
			</report>
			<report>
				<misses>244100000</misses>
				<total>6</total>
				<timestamp>4884.234771</timestamp>
			</report>
			<report>
				<misses>244200000</misses>
				<total>6</total>
				<timestamp>4886.235484</timestamp>
			</report>
			<report>
				<misses>244300000</misses>
				<total>6</total>
				<timestamp>4888.236783</timestamp>
			</report>
			<report>
				<misses>244400000</misses>
				<total>6</total>
				<timestamp>4890.238821</timestamp>
			</report>
			<report>
				<misses>244500000</misses>
				<total>6</total>
				<timestamp>4892.239106</timestamp>
			</report>
			<report>
				<misses>244600000</misses>
				<total>6</total>
				<timestamp>4894.239240</timestamp>
			</report>
			<report>
				<misses>244700000</misses>
				<total>6</total>
				<timestamp>4896.240239</timestamp>
			</report>
			<report>
				<misses>244800000</misses>
				<total>6</total>
				<timestamp>4898.241340</timestamp>
			</report>
			<report>
				<misses>244900000</misses>
				<total>6</total>
				<timestamp>4900.242266</timestamp>
			</report>
			<report>
				<misses>245000000</misses>
				<total>6</total>
				<timestamp>4902.243806</timestamp>
			</report>
			<report>
				<misses>245100000</misses>
				<total>6</total>
				<timestamp>4904.245160</timestamp>
			</report>
			<report>
				<misses>245200000</misses>
				<total>6</total>
				<timestamp>4906.246440</timestamp>
			</report>
			<report>
				<misses>245300000</misses>
				<total>6</total>
				<timestamp>4908.247799</timestamp>
			</report>
			<report>
				<misses>245400000</misses>
				<total>6</total>
				<timestamp>4910.248829</timestamp>
			</report>
			<report>
				<misses>245500000</misses>
				<total>6</total>
				<timestamp>4912.249338</timestamp>
			</report>
			<report>
				<misses>245600000</misses>
				<total>6</total>
				<timestamp>4914.249450</timestamp>
			</report>
			<report>
				<misses>245700000</misses>
				<total>6</total>
				<timestamp>4916.250341</timestamp>
			</report>
			<report>
				<misses>245800000</misses>
				<total>6</total>
				<timestamp>4918.252011</timestamp>
			</report>
			<report>
				<misses>245900000</misses>
				<total>6</total>
				<timestamp>4920.254330</timestamp>
			</report>
			<report>
				<misses>246000000</misses>
				<total>6</total>
				<timestamp>4922.255451</timestamp>
			</report>
			<report>
				<misses>246100000</misses>
				<total>6</total>
				<timestamp>4924.257067</timestamp>
			</report>
			<report>
				<misses>246200000</misses>
				<total>6</total>
				<timestamp>4926.257349</timestamp>
			</report>
			<report>
				<misses>246300000</misses>
				<total>6</total>
				<timestamp>4928.258270</timestamp>
			</report>
			<report>
				<misses>246400000</misses>
				<total>6</total>
				<timestamp>4930.259185</timestamp>
			</report>
			<report>
				<misses>246500000</misses>
				<total>6</total>
				<timestamp>4932.261944</timestamp>
			</report>
			<report>
				<misses>246600000</misses>
				<total>6</total>
				<timestamp>4934.263731</timestamp>
			</report>
			<report>
				<misses>246700000</misses>
				<total>6</total>
				<timestamp>4936.264732</timestamp>
			</report>
			<report>
				<misses>246800000</misses>
				<total>6</total>
				<timestamp>4938.266515</timestamp>
			</report>
			<report>
				<misses>246900000</misses>
				<total>6</total>
				<timestamp>4940.267212</timestamp>
			</report>
			<report>
				<misses>247000000</misses>
				<total>6</total>
				<timestamp>4942.267678</timestamp>
			</report>
			<report>
				<misses>247100000</misses>
				<total>6</total>
				<timestamp>4944.268067</timestamp>
			</report>
			<report>
				<misses>247200000</misses>
				<total>6</total>
				<timestamp>4946.268353</timestamp>
			</report>
			<report>
				<misses>247300000</misses>
				<total>6</total>
				<timestamp>4948.268515</timestamp>
			</report>
			<report>
				<misses>247400000</misses>
				<total>6</total>
				<timestamp>4950.269920</timestamp>
			</report>
			<report>
				<misses>247500000</misses>
				<total>6</total>
				<timestamp>4952.270737</timestamp>
			</report>
			<report>
				<misses>247600000</misses>
				<total>6</total>
				<timestamp>4954.271537</timestamp>
			</report>
			<report>
				<misses>247700000</misses>
				<total>6</total>
				<timestamp>4956.272126</timestamp>
			</report>
			<report>
				<misses>247800000</misses>
				<total>6</total>
				<timestamp>4958.273212</timestamp>
			</report>
			<report>
				<misses>247900000</misses>
				<total>6</total>
				<timestamp>4960.275115</timestamp>
			</report>
			<report>
				<misses>248000000</misses>
				<total>6</total>
				<timestamp>4962.275623</timestamp>
			</report>
			<report>
				<misses>248100000</misses>
				<total>6</total>
				<timestamp>4964.276163</timestamp>
			</report>
			<report>
				<misses>248200000</misses>
				<total>6</total>
				<timestamp>4966.276747</timestamp>
			</report>
			<report>
				<misses>248300000</misses>
				<total>6</total>
				<timestamp>4968.277945</timestamp>
			</report>
			<report>
				<misses>248400000</misses>
				<total>6</total>
				<timestamp>4970.278429</timestamp>
			</report>
			<report>
				<misses>248500000</misses>
				<total>6</total>
				<timestamp>4972.279723</timestamp>
			</report>
			<report>
				<misses>248600000</misses>
				<total>6</total>
				<timestamp>4974.281363</timestamp>
			</report>
			<report>
				<misses>248700000</misses>
				<total>6</total>
				<timestamp>4976.283450</timestamp>
			</report>
			<report>
				<misses>248800000</misses>
				<total>6</total>
				<timestamp>4978.284506</timestamp>
			</report>
			<report>
				<misses>248900000</misses>
				<total>6</total>
				<timestamp>4980.284826</timestamp>
			</report>
			<report>
				<misses>249000000</misses>
				<total>6</total>
				<timestamp>4982.284995</timestamp>
			</report>
			<report>
				<misses>249100000</misses>
				<total>6</total>
				<timestamp>4984.285718</timestamp>
			</report>
			<report>
				<misses>249200000</misses>
				<total>6</total>
				<timestamp>4986.286929</timestamp>
			</report>
			<report>
				<misses>249300000</misses>
				<total>6</total>
				<timestamp>4988.288532</timestamp>
			</report>
			<report>
				<misses>249400000</misses>
				<total>6</total>
				<timestamp>4990.288640</timestamp>
			</report>
			<report>
				<misses>249500000</misses>
				<total>6</total>
				<timestamp>4992.289620</timestamp>
			</report>
			<report>
				<misses>249600000</misses>
				<total>6</total>
				<timestamp>4994.290856</timestamp>
			</report>
			<report>
				<misses>249700000</misses>
				<total>6</total>
				<timestamp>4996.291552</timestamp>
			</report>
			<report>
				<misses>249800000</misses>
				<total>6</total>
				<timestamp>4998.291938</timestamp>
			</report>
			<report>
				<misses>249900000</misses>
				<total>6</total>
				<timestamp>5000.292398</timestamp>
			</report>
			<report>
				<misses>250000000</misses>
				<total>6</total>
				<timestamp>5002.293524</timestamp>
			</report>
			<report>
				<misses>250100000</misses>
				<total>6</total>
				<timestamp>5004.294519</timestamp>
			</report>
			<report>
				<misses>250200000</misses>
				<total>6</total>
				<timestamp>5006.296946</timestamp>
			</report>
			<report>
				<misses>250300000</misses>
				<total>6</total>
				<timestamp>5008.298584</timestamp>
			</report>
			<report>
				<misses>250400000</misses>
				<total>6</total>
				<timestamp>5010.300488</timestamp>
			</report>
			<report>
				<misses>250500000</misses>
				<total>6</total>
				<timestamp>5012.301306</timestamp>
			</report>
			<report>
				<misses>250600000</misses>
				<total>6</total>
				<timestamp>5014.301494</timestamp>
			</report>
			<report>
				<misses>250700000</misses>
				<total>6</total>
				<timestamp>5016.301948</timestamp>
			</report>
			<report>
				<misses>250800000</misses>
				<total>6</total>
				<timestamp>5018.302232</timestamp>
			</report>
			<report>
				<misses>250900000</misses>
				<total>6</total>
				<timestamp>5020.302927</timestamp>
			</report>
			<report>
				<misses>251000000</misses>
				<total>6</total>
				<timestamp>5022.303913</timestamp>
			</report>
			<report>
				<misses>251100000</misses>
				<total>6</total>
				<timestamp>5024.304500</timestamp>
			</report>
			<report>
				<misses>251200000</misses>
				<total>6</total>
				<timestamp>5026.304866</timestamp>
			</report>
			<report>
				<misses>251300000</misses>
				<total>6</total>
				<timestamp>5028.305105</timestamp>
			</report>
			<report>
				<misses>251400000</misses>
				<total>6</total>
				<timestamp>5030.306060</timestamp>
			</report>
			<report>
				<misses>251500000</misses>
				<total>6</total>
				<timestamp>5032.307679</timestamp>
			</report>
			<report>
				<misses>251600000</misses>
				<total>6</total>
				<timestamp>5034.308463</timestamp>
			</report>
			<report>
				<misses>251700000</misses>
				<total>6</total>
				<timestamp>5036.308661</timestamp>
			</report>
			<report>
				<misses>251800000</misses>
				<total>6</total>
				<timestamp>5038.308935</timestamp>
			</report>
			<report>
				<misses>251900000</misses>
				<total>6</total>
				<timestamp>5040.309633</timestamp>
			</report>
			<report>
				<misses>252000000</misses>
				<total>6</total>
				<timestamp>5042.311511</timestamp>
			</report>
			<report>
				<misses>252100000</misses>
				<total>6</total>
				<timestamp>5044.312070</timestamp>
			</report>
			<report>
				<misses>252200000</misses>
				<total>6</total>
				<timestamp>5046.312486</timestamp>
			</report>
			<report>
				<misses>252300000</misses>
				<total>6</total>
				<timestamp>5048.313816</timestamp>
			</report>
			<report>
				<misses>252400000</misses>
				<total>6</total>
				<timestamp>5050.316984</timestamp>
			</report>
			<report>
				<misses>252500000</misses>
				<total>6</total>
				<timestamp>5052.317732</timestamp>
			</report>
			<report>
				<misses>252600000</misses>
				<total>6</total>
				<timestamp>5054.318853</timestamp>
			</report>
			<report>
				<misses>252700000</misses>
				<total>6</total>
				<timestamp>5056.320668</timestamp>
			</report>
			<report>
				<misses>252800000</misses>
				<total>6</total>
				<timestamp>5058.322340</timestamp>
			</report>
			<report>
				<misses>252900000</misses>
				<total>6</total>
				<timestamp>5060.323390</timestamp>
			</report>
			<report>
				<misses>253000000</misses>
				<total>6</total>
				<timestamp>5062.324343</timestamp>
			</report>
			<report>
				<misses>253100000</misses>
				<total>6</total>
				<timestamp>5064.325008</timestamp>
			</report>
			<report>
				<misses>253200000</misses>
				<total>6</total>
				<timestamp>5066.325693</timestamp>
			</report>
			<report>
				<misses>253300000</misses>
				<total>6</total>
				<timestamp>5068.326707</timestamp>
			</report>
			<report>
				<misses>253400000</misses>
				<total>6</total>
				<timestamp>5070.327037</timestamp>
			</report>
			<report>
				<misses>253500000</misses>
				<total>6</total>
				<timestamp>5072.328317</timestamp>
			</report>
			<report>
				<misses>253600000</misses>
				<total>6</total>
				<timestamp>5074.330069</timestamp>
			</report>
			<report>
				<misses>253700000</misses>
				<total>6</total>
				<timestamp>5076.330484</timestamp>
			</report>
			<report>
				<misses>253800000</misses>
				<total>6</total>
				<timestamp>5078.331001</timestamp>
			</report>
			<report>
				<misses>253900000</misses>
				<total>6</total>
				<timestamp>5080.331690</timestamp>
			</report>
			<report>
				<misses>254000000</misses>
				<total>6</total>
				<timestamp>5082.332622</timestamp>
			</report>
			<report>
				<misses>254100000</misses>
				<total>6</total>
				<timestamp>5084.333685</timestamp>
			</report>
			<report>
				<misses>254200000</misses>
				<total>6</total>
				<timestamp>5086.333899</timestamp>
			</report>
			<report>
				<misses>254300000</misses>
				<total>6</total>
				<timestamp>5088.334708</timestamp>
			</report>
			<report>
				<misses>254400000</misses>
				<total>6</total>
				<timestamp>5090.335556</timestamp>
			</report>
			<report>
				<misses>254500000</misses>
				<total>6</total>
				<timestamp>5092.338038</timestamp>
			</report>
			<report>
				<misses>254600000</misses>
				<total>6</total>
				<timestamp>5094.339333</timestamp>
			</report>
			<report>
				<misses>254700000</misses>
				<total>6</total>
				<timestamp>5096.340121</timestamp>
			</report>
			<report>
				<misses>254800000</misses>
				<total>6</total>
				<timestamp>5098.341020</timestamp>
			</report>
			<report>
				<misses>254900000</misses>
				<total>6</total>
				<timestamp>5100.342515</timestamp>
			</report>
			<report>
				<misses>255000000</misses>
				<total>6</total>
				<timestamp>5102.344236</timestamp>
			</report>
			<report>
				<misses>255100000</misses>
				<total>6</total>
				<timestamp>5104.345454</timestamp>
			</report>
			<report>
				<misses>255200000</misses>
				<total>6</total>
				<timestamp>5106.346348</timestamp>
			</report>
			<report>
				<misses>255300000</misses>
				<total>6</total>
				<timestamp>5108.348117</timestamp>
			</report>
			<report>
				<misses>255400000</misses>
				<total>6</total>
				<timestamp>5110.348702</timestamp>
			</report>
			<report>
				<misses>255500000</misses>
				<total>6</total>
				<timestamp>5112.349007</timestamp>
			</report>
			<report>
				<misses>255600000</misses>
				<total>6</total>
				<timestamp>5114.349321</timestamp>
			</report>
			<report>
				<misses>255700000</misses>
				<total>6</total>
				<timestamp>5116.349749</timestamp>
			</report>
			<report>
				<misses>255800000</misses>
				<total>6</total>
				<timestamp>5118.350299</timestamp>
			</report>
			<report>
				<misses>255900000</misses>
				<total>6</total>
				<timestamp>5120.351150</timestamp>
			</report>
			<report>
				<misses>256000000</misses>
				<total>6</total>
				<timestamp>5122.351597</timestamp>
			</report>
			<report>
				<misses>256100000</misses>
				<total>6</total>
				<timestamp>5124.351986</timestamp>
			</report>
			<report>
				<misses>256200000</misses>
				<total>6</total>
				<timestamp>5126.352519</timestamp>
			</report>
			<report>
				<misses>256300000</misses>
				<total>6</total>
				<timestamp>5128.352952</timestamp>
			</report>
			<report>
				<misses>256400000</misses>
				<total>6</total>
				<timestamp>5130.353220</timestamp>
			</report>
			<report>
				<misses>256500000</misses>
				<total>6</total>
				<timestamp>5132.354344</timestamp>
			</report>
			<report>
				<misses>256600000</misses>
				<total>6</total>
				<timestamp>5134.354802</timestamp>
			</report>
			<report>
				<misses>256700000</misses>
				<total>6</total>
				<timestamp>5136.356542</timestamp>
			</report>
			<report>
				<misses>256800000</misses>
				<total>6</total>
				<timestamp>5138.357843</timestamp>
			</report>
			<report>
				<misses>256900000</misses>
				<total>6</total>
				<timestamp>5140.358988</timestamp>
			</report>
			<report>
				<misses>257000000</misses>
				<total>6</total>
				<timestamp>5142.359523</timestamp>
			</report>
			<report>
				<misses>257100000</misses>
				<total>6</total>
				<timestamp>5144.359933</timestamp>
			</report>
			<report>
				<misses>257200000</misses>
				<total>6</total>
				<timestamp>5146.360440</timestamp>
			</report>
			<report>
				<misses>257300000</misses>
				<total>6</total>
				<timestamp>5148.360539</timestamp>
			</report>
			<report>
				<misses>257400000</misses>
				<total>6</total>
				<timestamp>5150.360607</timestamp>
			</report>
			<report>
				<misses>257500000</misses>
				<total>6</total>
				<timestamp>5152.361472</timestamp>
			</report>
			<report>
				<misses>257600000</misses>
				<total>6</total>
				<timestamp>5154.362344</timestamp>
			</report>
			<report>
				<misses>257700000</misses>
				<total>6</total>
				<timestamp>5156.363402</timestamp>
			</report>
			<report>
				<misses>257800000</misses>
				<total>6</total>
				<timestamp>5158.364144</timestamp>
			</report>
			<report>
				<misses>257900000</misses>
				<total>6</total>
				<timestamp>5160.364927</timestamp>
			</report>
			<report>
				<misses>258000000</misses>
				<total>6</total>
				<timestamp>5162.365785</timestamp>
			</report>
			<report>
				<misses>258100000</misses>
				<total>6</total>
				<timestamp>5164.367273</timestamp>
			</report>
			<report>
				<misses>258200000</misses>
				<total>6</total>
				<timestamp>5166.368934</timestamp>
			</report>
			<report>
				<misses>258300000</misses>
				<total>6</total>
				<timestamp>5168.371581</timestamp>
			</report>
			<report>
				<misses>258400000</misses>
				<total>6</total>
				<timestamp>5170.373093</timestamp>
			</report>
			<report>
				<misses>258500000</misses>
				<total>6</total>
				<timestamp>5172.374441</timestamp>
			</report>
			<report>
				<misses>258600000</misses>
				<total>6</total>
				<timestamp>5174.375280</timestamp>
			</report>
			<report>
				<misses>258700000</misses>
				<total>6</total>
				<timestamp>5176.375992</timestamp>
			</report>
			<report>
				<misses>258800000</misses>
				<total>6</total>
				<timestamp>5178.378436</timestamp>
			</report>
			<report>
				<misses>258900000</misses>
				<total>6</total>
				<timestamp>5180.378899</timestamp>
			</report>
			<report>
				<misses>259000000</misses>
				<total>6</total>
				<timestamp>5182.379114</timestamp>
			</report>
			<report>
				<misses>259100000</misses>
				<total>6</total>
				<timestamp>5184.379428</timestamp>
			</report>
			<report>
				<misses>259200000</misses>
				<total>6</total>
				<timestamp>5186.381270</timestamp>
			</report>
			<report>
				<misses>259300000</misses>
				<total>6</total>
				<timestamp>5188.381596</timestamp>
			</report>
			<report>
				<misses>259400000</misses>
				<total>6</total>
				<timestamp>5190.382494</timestamp>
			</report>
			<report>
				<misses>259500000</misses>
				<total>6</total>
				<timestamp>5192.384067</timestamp>
			</report>
			<report>
				<misses>259600000</misses>
				<total>6</total>
				<timestamp>5194.386221</timestamp>
			</report>
			<report>
				<misses>259700000</misses>
				<total>6</total>
				<timestamp>5196.387176</timestamp>
			</report>
			<report>
				<misses>259800000</misses>
				<total>6</total>
				<timestamp>5198.387764</timestamp>
			</report>
			<report>
				<misses>259900000</misses>
				<total>6</total>
				<timestamp>5200.389230</timestamp>
			</report>
			<report>
				<misses>260000000</misses>
				<total>6</total>
				<timestamp>5202.389794</timestamp>
			</report>
			<report>
				<misses>260100000</misses>
				<total>6</total>
				<timestamp>5204.389946</timestamp>
			</report>
			<report>
				<misses>260200000</misses>
				<total>6</total>
				<timestamp>5206.390005</timestamp>
			</report>
			<report>
				<misses>260300000</misses>
				<total>6</total>
				<timestamp>5208.390555</timestamp>
			</report>
			<report>
				<misses>260400000</misses>
				<total>6</total>
				<timestamp>5210.391388</timestamp>
			</report>
			<report>
				<misses>260500000</misses>
				<total>6</total>
				<timestamp>5212.391779</timestamp>
			</report>
			<report>
				<misses>260600000</misses>
				<total>6</total>
				<timestamp>5214.392670</timestamp>
			</report>
			<report>
				<misses>260700000</misses>
				<total>6</total>
				<timestamp>5216.394599</timestamp>
			</report>
			<report>
				<misses>260800000</misses>
				<total>6</total>
				<timestamp>5218.395708</timestamp>
			</report>
			<report>
				<misses>260900000</misses>
				<total>6</total>
				<timestamp>5220.397292</timestamp>
			</report>
			<report>
				<misses>261000000</misses>
				<total>6</total>
				<timestamp>5222.398730</timestamp>
			</report>
			<report>
				<misses>261100000</misses>
				<total>6</total>
				<timestamp>5224.399850</timestamp>
			</report>
			<report>
				<misses>261200000</misses>
				<total>6</total>
				<timestamp>5226.400830</timestamp>
			</report>
			<report>
				<misses>261300000</misses>
				<total>6</total>
				<timestamp>5228.401633</timestamp>
			</report>
			<report>
				<misses>261400000</misses>
				<total>6</total>
				<timestamp>5230.402204</timestamp>
			</report>
			<report>
				<misses>261500000</misses>
				<total>6</total>
				<timestamp>5232.402893</timestamp>
			</report>
			<report>
				<misses>261600000</misses>
				<total>6</total>
				<timestamp>5234.404110</timestamp>
			</report>
			<report>
				<misses>261700000</misses>
				<total>6</total>
				<timestamp>5236.405224</timestamp>
			</report>
			<report>
				<misses>261800000</misses>
				<total>6</total>
				<timestamp>5238.406704</timestamp>
			</report>
			<report>
				<misses>261900000</misses>
				<total>6</total>
				<timestamp>5240.408052</timestamp>
			</report>
			<report>
				<misses>262000000</misses>
				<total>6</total>
				<timestamp>5242.408544</timestamp>
			</report>
			<report>
				<misses>262100000</misses>
				<total>6</total>
				<timestamp>5244.410128</timestamp>
			</report>
			<report>
				<misses>262200000</misses>
				<total>6</total>
				<timestamp>5246.411613</timestamp>
			</report>
			<report>
				<misses>262300000</misses>
				<total>6</total>
				<timestamp>5248.412186</timestamp>
			</report>
			<report>
				<misses>262400000</misses>
				<total>6</total>
				<timestamp>5250.412856</timestamp>
			</report>
			<report>
				<misses>262500000</misses>
				<total>6</total>
				<timestamp>5252.412984</timestamp>
			</report>
			<report>
				<misses>262600000</misses>
				<total>6</total>
				<timestamp>5254.414816</timestamp>
			</report>
			<report>
				<misses>262700000</misses>
				<total>6</total>
				<timestamp>5256.415907</timestamp>
			</report>
			<report>
				<misses>262800000</misses>
				<total>6</total>
				<timestamp>5258.417088</timestamp>
			</report>
			<report>
				<misses>262900000</misses>
				<total>6</total>
				<timestamp>5260.418300</timestamp>
			</report>
			<report>
				<misses>263000000</misses>
				<total>6</total>
				<timestamp>5262.419711</timestamp>
			</report>
			<report>
				<misses>263100000</misses>
				<total>6</total>
				<timestamp>5264.420738</timestamp>
			</report>
			<report>
				<misses>263200000</misses>
				<total>6</total>
				<timestamp>5266.422419</timestamp>
			</report>
			<report>
				<misses>263300000</misses>
				<total>6</total>
				<timestamp>5268.423717</timestamp>
			</report>
			<report>
				<misses>263400000</misses>
				<total>6</total>
				<timestamp>5270.425378</timestamp>
			</report>
			<report>
				<misses>263500000</misses>
				<total>6</total>
				<timestamp>5272.427505</timestamp>
			</report>
			<report>
				<misses>263600000</misses>
				<total>6</total>
				<timestamp>5274.427958</timestamp>
			</report>
			<report>
				<misses>263700000</misses>
				<total>6</total>
				<timestamp>5276.429363</timestamp>
			</report>
			<report>
				<misses>263800000</misses>
				<total>6</total>
				<timestamp>5278.429750</timestamp>
			</report>
			<report>
				<misses>263900000</misses>
				<total>6</total>
				<timestamp>5280.430315</timestamp>
			</report>
			<report>
				<misses>264000000</misses>
				<total>6</total>
				<timestamp>5282.430527</timestamp>
			</report>
			<report>
				<misses>264100000</misses>
				<total>6</total>
				<timestamp>5284.431311</timestamp>
			</report>
			<report>
				<misses>264200000</misses>
				<total>6</total>
				<timestamp>5286.431531</timestamp>
			</report>
			<report>
				<misses>264300000</misses>
				<total>6</total>
				<timestamp>5288.432814</timestamp>
			</report>
			<report>
				<misses>264400000</misses>
				<total>6</total>
				<timestamp>5290.433455</timestamp>
			</report>
			<report>
				<misses>264500000</misses>
				<total>6</total>
				<timestamp>5292.434372</timestamp>
			</report>
			<report>
				<misses>264600000</misses>
				<total>6</total>
				<timestamp>5294.435769</timestamp>
			</report>
			<report>
				<misses>264700000</misses>
				<total>6</total>
				<timestamp>5296.437520</timestamp>
			</report>
			<report>
				<misses>264800000</misses>
				<total>6</total>
				<timestamp>5298.438595</timestamp>
			</report>
			<report>
				<misses>264900000</misses>
				<total>6</total>
				<timestamp>5300.439600</timestamp>
			</report>
			<report>
				<misses>265000000</misses>
				<total>6</total>
				<timestamp>5302.439729</timestamp>
			</report>
			<report>
				<misses>265100000</misses>
				<total>6</total>
				<timestamp>5304.439950</timestamp>
			</report>
			<report>
				<misses>265200000</misses>
				<total>6</total>
				<timestamp>5306.440583</timestamp>
			</report>
			<report>
				<misses>265300000</misses>
				<total>6</total>
				<timestamp>5308.441635</timestamp>
			</report>
			<report>
				<misses>265400000</misses>
				<total>6</total>
				<timestamp>5310.443333</timestamp>
			</report>
			<report>
				<misses>265500000</misses>
				<total>6</total>
				<timestamp>5312.444124</timestamp>
			</report>
			<report>
				<misses>265600000</misses>
				<total>6</total>
				<timestamp>5314.446463</timestamp>
			</report>
			<report>
				<misses>265700000</misses>
				<total>6</total>
				<timestamp>5316.447184</timestamp>
			</report>
			<report>
				<misses>265800000</misses>
				<total>6</total>
				<timestamp>5318.447897</timestamp>
			</report>
			<report>
				<misses>265900000</misses>
				<total>6</total>
				<timestamp>5320.449873</timestamp>
			</report>
			<report>
				<misses>266000000</misses>
				<total>6</total>
				<timestamp>5322.451575</timestamp>
			</report>
			<report>
				<misses>266100000</misses>
				<total>6</total>
				<timestamp>5324.452409</timestamp>
			</report>
			<report>
				<misses>266200000</misses>
				<total>6</total>
				<timestamp>5326.454797</timestamp>
			</report>
			<report>
				<misses>266300000</misses>
				<total>6</total>
				<timestamp>5328.455799</timestamp>
			</report>
			<report>
				<misses>266400000</misses>
				<total>6</total>
				<timestamp>5330.456848</timestamp>
			</report>
			<report>
				<misses>266500000</misses>
				<total>6</total>
				<timestamp>5332.456916</timestamp>
			</report>
			<report>
				<misses>266600000</misses>
				<total>6</total>
				<timestamp>5334.457332</timestamp>
			</report>
			<report>
				<misses>266700000</misses>
				<total>6</total>
				<timestamp>5336.457988</timestamp>
			</report>
			<report>
				<misses>266800000</misses>
				<total>6</total>
				<timestamp>5338.458202</timestamp>
			</report>
			<report>
				<misses>266900000</misses>
				<total>6</total>
				<timestamp>5340.459388</timestamp>
			</report>
			<report>
				<misses>267000000</misses>
				<total>6</total>
				<timestamp>5342.461942</timestamp>
			</report>
			<report>
				<misses>267100000</misses>
				<total>6</total>
				<timestamp>5344.462805</timestamp>
			</report>
			<report>
				<misses>267200000</misses>
				<total>6</total>
				<timestamp>5346.462974</timestamp>
			</report>
			<report>
				<misses>267300000</misses>
				<total>6</total>
				<timestamp>5348.464467</timestamp>
			</report>
			<report>
				<misses>267400000</misses>
				<total>6</total>
				<timestamp>5350.465287</timestamp>
			</report>
			<report>
				<misses>267500000</misses>
				<total>6</total>
				<timestamp>5352.468254</timestamp>
			</report>
			<report>
				<misses>267600000</misses>
				<total>6</total>
				<timestamp>5354.469016</timestamp>
			</report>
			<report>
				<misses>267700000</misses>
				<total>6</total>
				<timestamp>5356.469113</timestamp>
			</report>
			<report>
				<misses>267800000</misses>
				<total>6</total>
				<timestamp>5358.469783</timestamp>
			</report>
			<report>
				<misses>267900000</misses>
				<total>6</total>
				<timestamp>5360.469823</timestamp>
			</report>
			<report>
				<misses>268000000</misses>
				<total>6</total>
				<timestamp>5362.470281</timestamp>
			</report>
			<report>
				<misses>268100000</misses>
				<total>6</total>
				<timestamp>5364.470470</timestamp>
			</report>
			<report>
				<misses>268200000</misses>
				<total>6</total>
				<timestamp>5366.470682</timestamp>
			</report>
			<report>
				<misses>268300000</misses>
				<total>6</total>
				<timestamp>5368.471189</timestamp>
			</report>
			<report>
				<misses>268400000</misses>
				<total>6</total>
				<timestamp>5370.472037</timestamp>
			</report>
			<report>
				<misses>268500000</misses>
				<total>6</total>
				<timestamp>5372.473305</timestamp>
			</report>
			<report>
				<misses>268600000</misses>
				<total>6</total>
				<timestamp>5374.473637</timestamp>
			</report>
			<report>
				<misses>268700000</misses>
				<total>6</total>
				<timestamp>5376.474227</timestamp>
			</report>
			<report>
				<misses>268800000</misses>
				<total>6</total>
				<timestamp>5378.474664</timestamp>
			</report>
			<report>
				<misses>268900000</misses>
				<total>6</total>
				<timestamp>5380.475298</timestamp>
			</report>
			<report>
				<misses>269000000</misses>
				<total>6</total>
				<timestamp>5382.476055</timestamp>
			</report>
			<report>
				<misses>269100000</misses>
				<total>6</total>
				<timestamp>5384.476891</timestamp>
			</report>
			<report>
				<misses>269200000</misses>
				<total>6</total>
				<timestamp>5386.477686</timestamp>
			</report>
			<report>
				<misses>269300000</misses>
				<total>6</total>
				<timestamp>5388.479008</timestamp>
			</report>
			<report>
				<misses>269400000</misses>
				<total>6</total>
				<timestamp>5390.480718</timestamp>
			</report>
			<report>
				<misses>269500000</misses>
				<total>6</total>
				<timestamp>5392.481241</timestamp>
			</report>
			<report>
				<misses>269600000</misses>
				<total>6</total>
				<timestamp>5394.481904</timestamp>
			</report>
			<report>
				<misses>269700000</misses>
				<total>6</total>
				<timestamp>5396.482190</timestamp>
			</report>
			<report>
				<misses>269800000</misses>
				<total>6</total>
				<timestamp>5398.483538</timestamp>
			</report>
			<report>
				<misses>269900000</misses>
				<total>6</total>
				<timestamp>5400.484896</timestamp>
			</report>
			<report>
				<misses>270000000</misses>
				<total>6</total>
				<timestamp>5402.486020</timestamp>
			</report>
			<report>
				<misses>270100000</misses>
				<total>6</total>
				<timestamp>5404.486181</timestamp>
			</report>
			<report>
				<misses>270200000</misses>
				<total>6</total>
				<timestamp>5406.487083</timestamp>
			</report>
			<report>
				<misses>270300000</misses>
				<total>6</total>
				<timestamp>5408.488001</timestamp>
			</report>
			<report>
				<misses>270400000</misses>
				<total>6</total>
				<timestamp>5410.489801</timestamp>
			</report>
			<report>
				<misses>270500000</misses>
				<total>6</total>
				<timestamp>5412.490087</timestamp>
			</report>
			<report>
				<misses>270600000</misses>
				<total>6</total>
				<timestamp>5414.490259</timestamp>
			</report>
			<report>
				<misses>270700000</misses>
				<total>6</total>
				<timestamp>5416.491693</timestamp>
			</report>
			<report>
				<misses>270800000</misses>
				<total>6</total>
				<timestamp>5418.492801</timestamp>
			</report>
			<report>
				<misses>270900000</misses>
				<total>6</total>
				<timestamp>5420.493629</timestamp>
			</report>
			<report>
				<misses>271000000</misses>
				<total>6</total>
				<timestamp>5422.494131</timestamp>
			</report>
			<report>
				<misses>271100000</misses>
				<total>6</total>
				<timestamp>5424.495606</timestamp>
			</report>
			<report>
				<misses>271200000</misses>
				<total>6</total>
				<timestamp>5426.497247</timestamp>
			</report>
			<report>
				<misses>271300000</misses>
				<total>6</total>
				<timestamp>5428.497863</timestamp>
			</report>
			<report>
				<misses>271400000</misses>
				<total>6</total>
				<timestamp>5430.498454</timestamp>
			</report>
			<report>
				<misses>271500000</misses>
				<total>6</total>
				<timestamp>5432.498911</timestamp>
			</report>
			<report>
				<misses>271600000</misses>
				<total>6</total>
				<timestamp>5434.499454</timestamp>
			</report>
			<report>
				<misses>271700000</misses>
				<total>6</total>
				<timestamp>5436.500294</timestamp>
			</report>
			<report>
				<misses>271800000</misses>
				<total>6</total>
				<timestamp>5438.501276</timestamp>
			</report>
			<report>
				<misses>271900000</misses>
				<total>6</total>
				<timestamp>5440.501519</timestamp>
			</report>
			<report>
				<misses>272000000</misses>
				<total>6</total>
				<timestamp>5442.502417</timestamp>
			</report>
			<report>
				<misses>272100000</misses>
				<total>6</total>
				<timestamp>5444.503278</timestamp>
			</report>
			<report>
				<misses>272200000</misses>
				<total>6</total>
				<timestamp>5446.503848</timestamp>
			</report>
			<report>
				<misses>272300000</misses>
				<total>6</total>
				<timestamp>5448.504744</timestamp>
			</report>
			<report>
				<misses>272400000</misses>
				<total>6</total>
				<timestamp>5450.505485</timestamp>
			</report>
			<report>
				<misses>272500000</misses>
				<total>6</total>
				<timestamp>5452.505905</timestamp>
			</report>
			<report>
				<misses>272600000</misses>
				<total>6</total>
				<timestamp>5454.507174</timestamp>
			</report>
			<report>
				<misses>272700000</misses>
				<total>6</total>
				<timestamp>5456.508245</timestamp>
			</report>
			<report>
				<misses>272800000</misses>
				<total>6</total>
				<timestamp>5458.509359</timestamp>
			</report>
			<report>
				<misses>272900000</misses>
				<total>6</total>
				<timestamp>5460.511033</timestamp>
			</report>
			<report>
				<misses>273000000</misses>
				<total>6</total>
				<timestamp>5462.512707</timestamp>
			</report>
			<report>
				<misses>273100000</misses>
				<total>6</total>
				<timestamp>5464.514464</timestamp>
			</report>
			<report>
				<misses>273200000</misses>
				<total>6</total>
				<timestamp>5466.515004</timestamp>
			</report>
			<report>
				<misses>273300000</misses>
				<total>6</total>
				<timestamp>5468.516328</timestamp>
			</report>
			<report>
				<misses>273400000</misses>
				<total>6</total>
				<timestamp>5470.518144</timestamp>
			</report>
			<report>
				<misses>273500000</misses>
				<total>6</total>
				<timestamp>5472.519471</timestamp>
			</report>
			<report>
				<misses>273600000</misses>
				<total>6</total>
				<timestamp>5474.520445</timestamp>
			</report>
			<report>
				<misses>273700000</misses>
				<total>6</total>
				<timestamp>5476.522058</timestamp>
			</report>
			<report>
				<misses>273800000</misses>
				<total>6</total>
				<timestamp>5478.522256</timestamp>
			</report>
			<report>
				<misses>273900000</misses>
				<total>6</total>
				<timestamp>5480.522601</timestamp>
			</report>
			<report>
				<misses>274000000</misses>
				<total>6</total>
				<timestamp>5482.523302</timestamp>
			</report>
			<report>
				<misses>274100000</misses>
				<total>6</total>
				<timestamp>5484.524477</timestamp>
			</report>
			<report>
				<misses>274200000</misses>
				<total>6</total>
				<timestamp>5486.526764</timestamp>
			</report>
			<report>
				<misses>274300000</misses>
				<total>6</total>
				<timestamp>5488.527493</timestamp>
			</report>
			<report>
				<misses>274400000</misses>
				<total>6</total>
				<timestamp>5490.528354</timestamp>
			</report>
			<report>
				<misses>274500000</misses>
				<total>6</total>
				<timestamp>5492.529663</timestamp>
			</report>
			<report>
				<misses>274600000</misses>
				<total>6</total>
				<timestamp>5494.530162</timestamp>
			</report>
			<report>
				<misses>274700000</misses>
				<total>6</total>
				<timestamp>5496.530731</timestamp>
			</report>
			<report>
				<misses>274800000</misses>
				<total>6</total>
				<timestamp>5498.531077</timestamp>
			</report>
			<report>
				<misses>274900000</misses>
				<total>6</total>
				<timestamp>5500.531877</timestamp>
			</report>
			<report>
				<misses>275000000</misses>
				<total>6</total>
				<timestamp>5502.533746</timestamp>
			</report>
			<report>
				<misses>275100000</misses>
				<total>6</total>
				<timestamp>5504.535123</timestamp>
			</report>
			<report>
				<misses>275200000</misses>
				<total>6</total>
				<timestamp>5506.536341</timestamp>
			</report>
			<report>
				<misses>275300000</misses>
				<total>6</total>
				<timestamp>5508.537814</timestamp>
			</report>
			<report>
				<misses>275400000</misses>
				<total>6</total>
				<timestamp>5510.539259</timestamp>
			</report>
			<report>
				<misses>275500000</misses>
				<total>6</total>
				<timestamp>5512.540615</timestamp>
			</report>
			<report>
				<misses>275600000</misses>
				<total>6</total>
				<timestamp>5514.540943</timestamp>
			</report>
			<report>
				<misses>275700000</misses>
				<total>6</total>
				<timestamp>5516.542474</timestamp>
			</report>
			<report>
				<misses>275800000</misses>
				<total>6</total>
				<timestamp>5518.542903</timestamp>
			</report>
			<report>
				<misses>275900000</misses>
				<total>6</total>
				<timestamp>5520.543382</timestamp>
			</report>
			<report>
				<misses>276000000</misses>
				<total>6</total>
				<timestamp>5522.544181</timestamp>
			</report>
			<report>
				<misses>276100000</misses>
				<total>6</total>
				<timestamp>5524.544505</timestamp>
			</report>
			<report>
				<misses>276200000</misses>
				<total>6</total>
				<timestamp>5526.545771</timestamp>
			</report>
			<report>
				<misses>276300000</misses>
				<total>6</total>
				<timestamp>5528.547216</timestamp>
			</report>
			<report>
				<misses>276400000</misses>
				<total>6</total>
				<timestamp>5530.548608</timestamp>
			</report>
			<report>
				<misses>276500000</misses>
				<total>6</total>
				<timestamp>5532.550794</timestamp>
			</report>
			<report>
				<misses>276600000</misses>
				<total>6</total>
				<timestamp>5534.551309</timestamp>
			</report>
			<report>
				<misses>276700000</misses>
				<total>6</total>
				<timestamp>5536.552339</timestamp>
			</report>
			<report>
				<misses>276800000</misses>
				<total>6</total>
				<timestamp>5538.553932</timestamp>
			</report>
			<report>
				<misses>276900000</misses>
				<total>6</total>
				<timestamp>5540.554391</timestamp>
			</report>
			<report>
				<misses>277000000</misses>
				<total>6</total>
				<timestamp>5542.555738</timestamp>
			</report>
			<report>
				<misses>277100000</misses>
				<total>6</total>
				<timestamp>5544.557433</timestamp>
			</report>
			<report>
				<misses>277200000</misses>
				<total>6</total>
				<timestamp>5546.558806</timestamp>
			</report>
			<report>
				<misses>277300000</misses>
				<total>6</total>
				<timestamp>5548.560759</timestamp>
			</report>
			<report>
				<misses>277400000</misses>
				<total>6</total>
				<timestamp>5550.561479</timestamp>
			</report>
			<report>
				<misses>277500000</misses>
				<total>6</total>
				<timestamp>5552.561727</timestamp>
			</report>
			<report>
				<misses>277600000</misses>
				<total>6</total>
				<timestamp>5554.561996</timestamp>
			</report>
			<report>
				<misses>277700000</misses>
				<total>6</total>
				<timestamp>5556.562215</timestamp>
			</report>
			<report>
				<misses>277800000</misses>
				<total>6</total>
				<timestamp>5558.562374</timestamp>
			</report>
			<report>
				<misses>277900000</misses>
				<total>6</total>
				<timestamp>5560.562704</timestamp>
			</report>
			<report>
				<misses>278000000</misses>
				<total>6</total>
				<timestamp>5562.563979</timestamp>
			</report>
			<report>
				<misses>278100000</misses>
				<total>6</total>
				<timestamp>5564.564725</timestamp>
			</report>
			<report>
				<misses>278200000</misses>
				<total>6</total>
				<timestamp>5566.565826</timestamp>
			</report>
			<report>
				<misses>278300000</misses>
				<total>6</total>
				<timestamp>5568.566417</timestamp>
			</report>
			<report>
				<misses>278400000</misses>
				<total>6</total>
				<timestamp>5570.567392</timestamp>
			</report>
			<report>
				<misses>278500000</misses>
				<total>6</total>
				<timestamp>5572.567908</timestamp>
			</report>
			<report>
				<misses>278600000</misses>
				<total>6</total>
				<timestamp>5574.568038</timestamp>
			</report>
			<report>
				<misses>278700000</misses>
				<total>6</total>
				<timestamp>5576.568681</timestamp>
			</report>
			<report>
				<misses>278800000</misses>
				<total>6</total>
				<timestamp>5578.569952</timestamp>
			</report>
			<report>
				<misses>278900000</misses>
				<total>6</total>
				<timestamp>5580.571369</timestamp>
			</report>
			<report>
				<misses>279000000</misses>
				<total>6</total>
				<timestamp>5582.571725</timestamp>
			</report>
			<report>
				<misses>279100000</misses>
				<total>6</total>
				<timestamp>5584.572158</timestamp>
			</report>
			<report>
				<misses>279200000</misses>
				<total>6</total>
				<timestamp>5586.573372</timestamp>
			</report>
			<report>
				<misses>279300000</misses>
				<total>6</total>
				<timestamp>5588.574591</timestamp>
			</report>
			<report>
				<misses>279400000</misses>
				<total>6</total>
				<timestamp>5590.575659</timestamp>
			</report>
			<report>
				<misses>279500000</misses>
				<total>6</total>
				<timestamp>5592.575788</timestamp>
			</report>
			<report>
				<misses>279600000</misses>
				<total>6</total>
				<timestamp>5594.576176</timestamp>
			</report>
			<report>
				<misses>279700000</misses>
				<total>6</total>
				<timestamp>5596.576988</timestamp>
			</report>
			<report>
				<misses>279800000</misses>
				<total>6</total>
				<timestamp>5598.577628</timestamp>
			</report>
			<report>
				<misses>279900000</misses>
				<total>6</total>
				<timestamp>5600.578164</timestamp>
			</report>
			<report>
				<misses>280000000</misses>
				<total>6</total>
				<timestamp>5602.578829</timestamp>
			</report>
			<report>
				<misses>280100000</misses>
				<total>6</total>
				<timestamp>5604.580131</timestamp>
			</report>
			<report>
				<misses>280200000</misses>
				<total>6</total>
				<timestamp>5606.582596</timestamp>
			</report>
			<report>
				<misses>280300000</misses>
				<total>6</total>
				<timestamp>5608.583600</timestamp>
			</report>
			<report>
				<misses>280400000</misses>
				<total>6</total>
				<timestamp>5610.584607</timestamp>
			</report>
			<report>
				<misses>280500000</misses>
				<total>6</total>
				<timestamp>5612.585595</timestamp>
			</report>
			<report>
				<misses>280600000</misses>
				<total>6</total>
				<timestamp>5614.586315</timestamp>
			</report>
			<report>
				<misses>280700000</misses>
				<total>6</total>
				<timestamp>5616.586349</timestamp>
			</report>
			<report>
				<misses>280800000</misses>
				<total>6</total>
				<timestamp>5618.586479</timestamp>
			</report>
			<report>
				<misses>280900000</misses>
				<total>6</total>
				<timestamp>5620.587907</timestamp>
			</report>
			<report>
				<misses>281000000</misses>
				<total>6</total>
				<timestamp>5622.589376</timestamp>
			</report>
			<report>
				<misses>281100000</misses>
				<total>6</total>
				<timestamp>5624.590229</timestamp>
			</report>
			<report>
				<misses>281200000</misses>
				<total>6</total>
				<timestamp>5626.590820</timestamp>
			</report>
			<report>
				<misses>281300000</misses>
				<total>6</total>
				<timestamp>5628.591800</timestamp>
			</report>
			<report>
				<misses>281400000</misses>
				<total>6</total>
				<timestamp>5630.592291</timestamp>
			</report>
			<report>
				<misses>281500000</misses>
				<total>6</total>
				<timestamp>5632.592526</timestamp>
			</report>
			<report>
				<misses>281600000</misses>
				<total>7</total>
				<timestamp>5634.593052</timestamp>
			</report>
			<report>
				<misses>281700000</misses>
				<total>7</total>
				<timestamp>5636.593253</timestamp>
			</report>
			<report>
				<misses>281800000</misses>
				<total>7</total>
				<timestamp>5638.593693</timestamp>
			</report>
			<report>
				<misses>281900000</misses>
				<total>7</total>
				<timestamp>5640.594945</timestamp>
			</report>
			<report>
				<misses>282000000</misses>
				<total>7</total>
				<timestamp>5642.596087</timestamp>
			</report>
			<report>
				<misses>282100000</misses>
				<total>7</total>
				<timestamp>5644.597316</timestamp>
			</report>
			<report>
				<misses>282200000</misses>
				<total>7</total>
				<timestamp>5646.598919</timestamp>
			</report>
			<report>
				<misses>282300000</misses>
				<total>7</total>
				<timestamp>5648.599694</timestamp>
			</report>
			<report>
				<misses>282400000</misses>
				<total>7</total>
				<timestamp>5650.601307</timestamp>
			</report>
			<report>
				<misses>282500000</misses>
				<total>7</total>
				<timestamp>5652.601439</timestamp>
			</report>
			<report>
				<misses>282600000</misses>
				<total>7</total>
				<timestamp>5654.601778</timestamp>
			</report>
			<report>
				<misses>282700000</misses>
				<total>7</total>
				<timestamp>5656.602216</timestamp>
			</report>
			<report>
				<misses>282800000</misses>
				<total>7</total>
				<timestamp>5658.603213</timestamp>
			</report>
			<report>
				<misses>282900000</misses>
				<total>7</total>
				<timestamp>5660.603538</timestamp>
			</report>
			<report>
				<misses>283000000</misses>
				<total>7</total>
				<timestamp>5662.604421</timestamp>
			</report>
			<report>
				<misses>283100000</misses>
				<total>7</total>
				<timestamp>5664.605399</timestamp>
			</report>
			<report>
				<misses>283200000</misses>
				<total>7</total>
				<timestamp>5666.606667</timestamp>
			</report>
			<report>
				<misses>283300000</misses>
				<total>7</total>
				<timestamp>5668.607696</timestamp>
			</report>
			<report>
				<misses>283400000</misses>
				<total>7</total>
				<timestamp>5670.607860</timestamp>
			</report>
			<report>
				<misses>283500000</misses>
				<total>7</total>
				<timestamp>5672.608282</timestamp>
			</report>
			<report>
				<misses>283600000</misses>
				<total>7</total>
				<timestamp>5674.608654</timestamp>
			</report>
			<report>
				<misses>283700000</misses>
				<total>7</total>
				<timestamp>5676.610695</timestamp>
			</report>
			<report>
				<misses>283800000</misses>
				<total>7</total>
				<timestamp>5678.611330</timestamp>
			</report>
			<report>
				<misses>283900000</misses>
				<total>7</total>
				<timestamp>5680.612900</timestamp>
			</report>
			<report>
				<misses>284000000</misses>
				<total>7</total>
				<timestamp>5682.614359</timestamp>
			</report>
			<report>
				<misses>284100000</misses>
				<total>7</total>
				<timestamp>5684.614994</timestamp>
			</report>
			<report>
				<misses>284200000</misses>
				<total>7</total>
				<timestamp>5686.616465</timestamp>
			</report>
			<report>
				<misses>284300000</misses>
				<total>7</total>
				<timestamp>5688.616893</timestamp>
			</report>
			<report>
				<misses>284400000</misses>
				<total>7</total>
				<timestamp>5690.617116</timestamp>
			</report>
			<report>
				<misses>284500000</misses>
				<total>7</total>
				<timestamp>5692.617593</timestamp>
			</report>
			<report>
				<misses>284600000</misses>
				<total>7</total>
				<timestamp>5694.618517</timestamp>
			</report>
			<report>
				<misses>284700000</misses>
				<total>7</total>
				<timestamp>5696.619348</timestamp>
			</report>
			<report>
				<misses>284800000</misses>
				<total>7</total>
				<timestamp>5698.619998</timestamp>
			</report>
			<report>
				<misses>284900000</misses>
				<total>7</total>
				<timestamp>5700.620891</timestamp>
			</report>
			<report>
				<misses>285000000</misses>
				<total>7</total>
				<timestamp>5702.621678</timestamp>
			</report>
			<report>
				<misses>285100000</misses>
				<total>7</total>
				<timestamp>5704.622971</timestamp>
			</report>
			<report>
				<misses>285200000</misses>
				<total>7</total>
				<timestamp>5706.624689</timestamp>
			</report>
			<report>
				<misses>285300000</misses>
				<total>7</total>
				<timestamp>5708.625392</timestamp>
			</report>
			<report>
				<misses>285400000</misses>
				<total>7</total>
				<timestamp>5710.626751</timestamp>
			</report>
			<report>
				<misses>285500000</misses>
				<total>7</total>
				<timestamp>5712.628205</timestamp>
			</report>
			<report>
				<misses>285600000</misses>
				<total>7</total>
				<timestamp>5714.629020</timestamp>
			</report>
			<report>
				<misses>285700000</misses>
				<total>7</total>
				<timestamp>5716.629956</timestamp>
			</report>
			<report>
				<misses>285800000</misses>
				<total>7</total>
				<timestamp>5718.631219</timestamp>
			</report>
			<report>
				<misses>285900000</misses>
				<total>7</total>
				<timestamp>5720.631848</timestamp>
			</report>
			<report>
				<misses>286000000</misses>
				<total>7</total>
				<timestamp>5722.632046</timestamp>
			</report>
			<report>
				<misses>286100000</misses>
				<total>7</total>
				<timestamp>5724.632131</timestamp>
			</report>
			<report>
				<misses>286200000</misses>
				<total>7</total>
				<timestamp>5726.633665</timestamp>
			</report>
			<report>
				<misses>286300000</misses>
				<total>7</total>
				<timestamp>5728.634690</timestamp>
			</report>
			<report>
				<misses>286400000</misses>
				<total>7</total>
				<timestamp>5730.635703</timestamp>
			</report>
			<report>
				<misses>286500000</misses>
				<total>7</total>
				<timestamp>5732.638012</timestamp>
			</report>
			<report>
				<misses>286600000</misses>
				<total>7</total>
				<timestamp>5734.638963</timestamp>
			</report>
			<report>
				<misses>286700000</misses>
				<total>7</total>
				<timestamp>5736.640174</timestamp>
			</report>
			<report>
				<misses>286800000</misses>
				<total>7</total>
				<timestamp>5738.640424</timestamp>
			</report>
			<report>
				<misses>286900000</misses>
				<total>7</total>
				<timestamp>5740.641452</timestamp>
			</report>
			<report>
				<misses>287000000</misses>
				<total>7</total>
				<timestamp>5742.643215</timestamp>
			</report>
			<report>
				<misses>287100000</misses>
				<total>7</total>
				<timestamp>5744.644481</timestamp>
			</report>
			<report>
				<misses>287200000</misses>
				<total>7</total>
				<timestamp>5746.646736</timestamp>
			</report>
			<report>
				<misses>287300000</misses>
				<total>7</total>
				<timestamp>5748.648140</timestamp>
			</report>
			<report>
				<misses>287400000</misses>
				<total>7</total>
				<timestamp>5750.649990</timestamp>
			</report>
			<report>
				<misses>287500000</misses>
				<total>7</total>
				<timestamp>5752.650308</timestamp>
			</report>
			<report>
				<misses>287600000</misses>
				<total>7</total>
				<timestamp>5754.650707</timestamp>
			</report>
			<report>
				<misses>287700000</misses>
				<total>7</total>
				<timestamp>5756.651312</timestamp>
			</report>
			<report>
				<misses>287800000</misses>
				<total>7</total>
				<timestamp>5758.651479</timestamp>
			</report>
			<report>
				<misses>287900000</misses>
				<total>7</total>
				<timestamp>5760.652472</timestamp>
			</report>
			<report>
				<misses>288000000</misses>
				<total>7</total>
				<timestamp>5762.653049</timestamp>
			</report>
			<report>
				<misses>288100000</misses>
				<total>7</total>
				<timestamp>5764.654006</timestamp>
			</report>
			<report>
				<misses>288200000</misses>
				<total>7</total>
				<timestamp>5766.655435</timestamp>
			</report>
			<report>
				<misses>288300000</misses>
				<total>7</total>
				<timestamp>5768.655851</timestamp>
			</report>
			<report>
				<misses>288400000</misses>
				<total>7</total>
				<timestamp>5770.657053</timestamp>
			</report>
			<report>
				<misses>288500000</misses>
				<total>7</total>
				<timestamp>5772.657419</timestamp>
			</report>
			<report>
				<misses>288600000</misses>
				<total>7</total>
				<timestamp>5774.657569</timestamp>
			</report>
			<report>
				<misses>288700000</misses>
				<total>7</total>
				<timestamp>5776.658057</timestamp>
			</report>
			<report>
				<misses>288800000</misses>
				<total>7</total>
				<timestamp>5778.659090</timestamp>
			</report>
			<report>
				<misses>288900000</misses>
				<total>7</total>
				<timestamp>5780.660601</timestamp>
			</report>
			<report>
				<misses>289000000</misses>
				<total>7</total>
				<timestamp>5782.662382</timestamp>
			</report>
			<report>
				<misses>289100000</misses>
				<total>7</total>
				<timestamp>5784.662884</timestamp>
			</report>
			<report>
				<misses>289200000</misses>
				<total>7</total>
				<timestamp>5786.663268</timestamp>
			</report>
			<report>
				<misses>289300000</misses>
				<total>7</total>
				<timestamp>5788.663949</timestamp>
			</report>
			<report>
				<misses>289400000</misses>
				<total>7</total>
				<timestamp>5790.664128</timestamp>
			</report>
			<report>
				<misses>289500000</misses>
				<total>7</total>
				<timestamp>5792.664494</timestamp>
			</report>
			<report>
				<misses>289600000</misses>
				<total>7</total>
				<timestamp>5794.664788</timestamp>
			</report>
			<report>
				<misses>289700000</misses>
				<total>7</total>
				<timestamp>5796.665920</timestamp>
			</report>
			<report>
				<misses>289800000</misses>
				<total>7</total>
				<timestamp>5798.666968</timestamp>
			</report>
			<report>
				<misses>289900000</misses>
				<total>7</total>
				<timestamp>5800.668160</timestamp>
			</report>
			<report>
				<misses>290000000</misses>
				<total>7</total>
				<timestamp>5802.668883</timestamp>
			</report>
			<report>
				<misses>290100000</misses>
				<total>7</total>
				<timestamp>5804.669663</timestamp>
			</report>
			<report>
				<misses>290200000</misses>
				<total>7</total>
				<timestamp>5806.670427</timestamp>
			</report>
			<report>
				<misses>290300000</misses>
				<total>7</total>
				<timestamp>5808.671041</timestamp>
			</report>
			<report>
				<misses>290400000</misses>
				<total>7</total>
				<timestamp>5810.671375</timestamp>
			</report>
			<report>
				<misses>290500000</misses>
				<total>7</total>
				<timestamp>5812.671630</timestamp>
			</report>
			<report>
				<misses>290600000</misses>
				<total>7</total>
				<timestamp>5814.673740</timestamp>
			</report>
			<report>
				<misses>290700000</misses>
				<total>7</total>
				<timestamp>5816.674439</timestamp>
			</report>
			<report>
				<misses>290800000</misses>
				<total>7</total>
				<timestamp>5818.675991</timestamp>
			</report>
			<report>
				<misses>290900000</misses>
				<total>7</total>
				<timestamp>5820.677439</timestamp>
			</report>
			<report>
				<misses>291000000</misses>
				<total>7</total>
				<timestamp>5822.677846</timestamp>
			</report>
			<report>
				<misses>291100000</misses>
				<total>7</total>
				<timestamp>5824.678051</timestamp>
			</report>
			<report>
				<misses>291200000</misses>
				<total>7</total>
				<timestamp>5826.680301</timestamp>
			</report>
			<report>
				<misses>291300000</misses>
				<total>7</total>
				<timestamp>5828.680742</timestamp>
			</report>
			<report>
				<misses>291400000</misses>
				<total>7</total>
				<timestamp>5830.680935</timestamp>
			</report>
			<report>
				<misses>291500000</misses>
				<total>7</total>
				<timestamp>5832.681254</timestamp>
			</report>
			<report>
				<misses>291600000</misses>
				<total>7</total>
				<timestamp>5834.683172</timestamp>
			</report>
			<report>
				<misses>291700000</misses>
				<total>7</total>
				<timestamp>5836.685191</timestamp>
			</report>
			<report>
				<misses>291800000</misses>
				<total>7</total>
				<timestamp>5838.687134</timestamp>
			</report>
			<report>
				<misses>291900000</misses>
				<total>7</total>
				<timestamp>5840.688607</timestamp>
			</report>
			<report>
				<misses>292000000</misses>
				<total>7</total>
				<timestamp>5842.689742</timestamp>
			</report>
			<report>
				<misses>292100000</misses>
				<total>7</total>
				<timestamp>5844.691106</timestamp>
			</report>
			<report>
				<misses>292200000</misses>
				<total>7</total>
				<timestamp>5846.693227</timestamp>
			</report>
			<report>
				<misses>292300000</misses>
				<total>7</total>
				<timestamp>5848.694298</timestamp>
			</report>
			<report>
				<misses>292400000</misses>
				<total>7</total>
				<timestamp>5850.694578</timestamp>
			</report>
			<report>
				<misses>292500000</misses>
				<total>7</total>
				<timestamp>5852.695010</timestamp>
			</report>
			<report>
				<misses>292600000</misses>
				<total>7</total>
				<timestamp>5854.695342</timestamp>
			</report>
			<report>
				<misses>292700000</misses>
				<total>7</total>
				<timestamp>5856.695905</timestamp>
			</report>
			<report>
				<misses>292800000</misses>
				<total>7</total>
				<timestamp>5858.697544</timestamp>
			</report>
			<report>
				<misses>292900000</misses>
				<total>7</total>
				<timestamp>5860.698242</timestamp>
			</report>
			<report>
				<misses>293000000</misses>
				<total>7</total>
				<timestamp>5862.698644</timestamp>
			</report>
			<report>
				<misses>293100000</misses>
				<total>7</total>
				<timestamp>5864.699393</timestamp>
			</report>
			<report>
				<misses>293200000</misses>
				<total>7</total>
				<timestamp>5866.700271</timestamp>
			</report>
			<report>
				<misses>293300000</misses>
				<total>7</total>
				<timestamp>5868.703231</timestamp>
			</report>
			<report>
				<misses>293400000</misses>
				<total>7</total>
				<timestamp>5870.704593</timestamp>
			</report>
			<report>
				<misses>293500000</misses>
				<total>7</total>
				<timestamp>5872.706455</timestamp>
			</report>
			<report>
				<misses>293600000</misses>
				<total>7</total>
				<timestamp>5874.707169</timestamp>
			</report>
			<report>
				<misses>293700000</misses>
				<total>7</total>
				<timestamp>5876.708241</timestamp>
			</report>
			<report>
				<misses>293800000</misses>
				<total>7</total>
				<timestamp>5878.708824</timestamp>
			</report>
			<report>
				<misses>293900000</misses>
				<total>7</total>
				<timestamp>5880.709610</timestamp>
			</report>
			<report>
				<misses>294000000</misses>
				<total>7</total>
				<timestamp>5882.709723</timestamp>
			</report>
			<report>
				<misses>294100000</misses>
				<total>7</total>
				<timestamp>5884.710591</timestamp>
			</report>
			<report>
				<misses>294200000</misses>
				<total>7</total>
				<timestamp>5886.711440</timestamp>
			</report>
			<report>
				<misses>294300000</misses>
				<total>7</total>
				<timestamp>5888.712523</timestamp>
			</report>
			<report>
				<misses>294400000</misses>
				<total>7</total>
				<timestamp>5890.714213</timestamp>
			</report>
			<report>
				<misses>294500000</misses>
				<total>7</total>
				<timestamp>5892.715743</timestamp>
			</report>
			<report>
				<misses>294600000</misses>
				<total>7</total>
				<timestamp>5894.716949</timestamp>
			</report>
			<report>
				<misses>294700000</misses>
				<total>8</total>
				<timestamp>5896.717167</timestamp>
			</report>
			<report>
				<misses>294800000</misses>
				<total>8</total>
				<timestamp>5898.717353</timestamp>
			</report>
			<report>
				<misses>294900000</misses>
				<total>8</total>
				<timestamp>5900.718644</timestamp>
			</report>
			<report>
				<misses>295000000</misses>
				<total>8</total>
				<timestamp>5902.719719</timestamp>
			</report>
			<report>
				<misses>295100000</misses>
				<total>8</total>
				<timestamp>5904.720661</timestamp>
			</report>
			<report>
				<misses>295200000</misses>
				<total>8</total>
				<timestamp>5906.722964</timestamp>
			</report>
			<report>
				<misses>295300000</misses>
				<total>8</total>
				<timestamp>5908.724284</timestamp>
			</report>
			<report>
				<misses>295400000</misses>
				<total>8</total>
				<timestamp>5910.725731</timestamp>
			</report>
			<report>
				<misses>295500000</misses>
				<total>8</total>
				<timestamp>5912.726314</timestamp>
			</report>
			<report>
				<misses>295600000</misses>
				<total>8</total>
				<timestamp>5914.726633</timestamp>
			</report>
			<report>
				<misses>295700000</misses>
				<total>8</total>
				<timestamp>5916.726797</timestamp>
			</report>
			<report>
				<misses>295800000</misses>
				<total>8</total>
				<timestamp>5918.726849</timestamp>
			</report>
			<report>
				<misses>295900000</misses>
				<total>8</total>
				<timestamp>5920.727317</timestamp>
			</report>
			<report>
				<misses>296000000</misses>
				<total>8</total>
				<timestamp>5922.728164</timestamp>
			</report>
			<report>
				<misses>296100000</misses>
				<total>8</total>
				<timestamp>5924.728886</timestamp>
			</report>
			<report>
				<misses>296200000</misses>
				<total>8</total>
				<timestamp>5926.730369</timestamp>
			</report>
			<report>
				<misses>296300000</misses>
				<total>8</total>
				<timestamp>5928.731162</timestamp>
			</report>
			<report>
				<misses>296400000</misses>
				<total>8</total>
				<timestamp>5930.732264</timestamp>
			</report>
			<report>
				<misses>296500000</misses>
				<total>8</total>
				<timestamp>5932.732906</timestamp>
			</report>
			<report>
				<misses>296600000</misses>
				<total>8</total>
				<timestamp>5934.733140</timestamp>
			</report>
			<report>
				<misses>296700000</misses>
				<total>8</total>
				<timestamp>5936.733950</timestamp>
			</report>
			<report>
				<misses>296800000</misses>
				<total>8</total>
				<timestamp>5938.734906</timestamp>
			</report>
			<report>
				<misses>296900000</misses>
				<total>8</total>
				<timestamp>5940.736113</timestamp>
			</report>
			<report>
				<misses>297000000</misses>
				<total>8</total>
				<timestamp>5942.737103</timestamp>
			</report>
			<report>
				<misses>297100000</misses>
				<total>8</total>
				<timestamp>5944.738477</timestamp>
			</report>
			<report>
				<misses>297200000</misses>
				<total>8</total>
				<timestamp>5946.740075</timestamp>
			</report>
			<report>
				<misses>297300000</misses>
				<total>8</total>
				<timestamp>5948.740464</timestamp>
			</report>
			<report>
				<misses>297400000</misses>
				<total>8</total>
				<timestamp>5950.740674</timestamp>
			</report>
			<report>
				<misses>297500000</misses>
				<total>8</total>
				<timestamp>5952.740825</timestamp>
			</report>
			<report>
				<misses>297600000</misses>
				<total>8</total>
				<timestamp>5954.741567</timestamp>
			</report>
			<report>
				<misses>297700000</misses>
				<total>8</total>
				<timestamp>5956.743094</timestamp>
			</report>
			<report>
				<misses>297800000</misses>
				<total>8</total>
				<timestamp>5958.744066</timestamp>
			</report>
			<report>
				<misses>297900000</misses>
				<total>8</total>
				<timestamp>5960.745176</timestamp>
			</report>
			<report>
				<misses>298000000</misses>
				<total>8</total>
				<timestamp>5962.745651</timestamp>
			</report>
			<report>
				<misses>298100000</misses>
				<total>8</total>
				<timestamp>5964.747031</timestamp>
			</report>
			<report>
				<misses>298200000</misses>
				<total>8</total>
				<timestamp>5966.748186</timestamp>
			</report>
			<report>
				<misses>298300000</misses>
				<total>8</total>
				<timestamp>5968.749918</timestamp>
			</report>
			<report>
				<misses>298400000</misses>
				<total>8</total>
				<timestamp>5970.752335</timestamp>
			</report>
			<report>
				<misses>298500000</misses>
				<total>8</total>
				<timestamp>5972.753820</timestamp>
			</report>
			<report>
				<misses>298600000</misses>
				<total>8</total>
				<timestamp>5974.754647</timestamp>
			</report>
			<report>
				<misses>298700000</misses>
				<total>8</total>
				<timestamp>5976.754841</timestamp>
			</report>
			<report>
				<misses>298800000</misses>
				<total>8</total>
				<timestamp>5978.755034</timestamp>
			</report>
			<report>
				<misses>298900000</misses>
				<total>8</total>
				<timestamp>5980.755135</timestamp>
			</report>
			<report>
				<misses>299000000</misses>
				<total>8</total>
				<timestamp>5982.756145</timestamp>
			</report>
			<report>
				<misses>299100000</misses>
				<total>8</total>
				<timestamp>5984.756487</timestamp>
			</report>
			<report>
				<misses>299200000</misses>
				<total>8</total>
				<timestamp>5986.759584</timestamp>
			</report>
			<report>
				<misses>299300000</misses>
				<total>8</total>
				<timestamp>5988.760935</timestamp>
			</report>
			<report>
				<misses>299400000</misses>
				<total>8</total>
				<timestamp>5990.761736</timestamp>
			</report>
			<report>
				<misses>299500000</misses>
				<total>8</total>
				<timestamp>5992.762604</timestamp>
			</report>
			<report>
				<misses>299600000</misses>
				<total>8</total>
				<timestamp>5994.763228</timestamp>
			</report>
			<report>
				<misses>299700000</misses>
				<total>8</total>
				<timestamp>5996.763592</timestamp>
			</report>
			<report>
				<misses>299800000</misses>
				<total>8</total>
				<timestamp>5998.764156</timestamp>
			</report>
			<report>
				<misses>299900000</misses>
				<total>8</total>
				<timestamp>6000.765645</timestamp>
			</report>
			<report>
				<misses>300000000</misses>
				<total>8</total>
				<timestamp>6002.767178</timestamp>
			</report>
			<report>
				<misses>300100000</misses>
				<total>8</total>
				<timestamp>6004.768603</timestamp>
			</report>
			<report>
				<misses>300200000</misses>
				<total>8</total>
				<timestamp>6006.773546</timestamp>
			</report>
			<report>
				<misses>300300000</misses>
				<total>8</total>
				<timestamp>6008.775456</timestamp>
			</report>
			<report>
				<misses>300400000</misses>
				<total>8</total>
				<timestamp>6010.775778</timestamp>
			</report>
			<report>
				<misses>300500000</misses>
				<total>8</total>
				<timestamp>6012.775941</timestamp>
			</report>
			<report>
				<misses>300600000</misses>
				<total>8</total>
				<timestamp>6014.776390</timestamp>
			</report>
			<report>
				<misses>300700000</misses>
				<total>8</total>
				<timestamp>6016.777088</timestamp>
			</report>
			<report>
				<misses>300800000</misses>
				<total>8</total>
				<timestamp>6018.779198</timestamp>
			</report>
			<report>
				<misses>300900000</misses>
				<total>8</total>
				<timestamp>6020.780145</timestamp>
			</report>
			<report>
				<misses>301000000</misses>
				<total>8</total>
				<timestamp>6022.781339</timestamp>
			</report>
			<report>
				<misses>301100000</misses>
				<total>8</total>
				<timestamp>6024.782357</timestamp>
			</report>
			<report>
				<misses>301200000</misses>
				<total>8</total>
				<timestamp>6026.783222</timestamp>
			</report>
			<report>
				<misses>301300000</misses>
				<total>8</total>
				<timestamp>6028.784480</timestamp>
			</report>
			<report>
				<misses>301400000</misses>
				<total>8</total>
				<timestamp>6030.784609</timestamp>
			</report>
			<report>
				<misses>301500000</misses>
				<total>8</total>
				<timestamp>6032.784657</timestamp>
			</report>
			<report>
				<misses>301600000</misses>
				<total>8</total>
				<timestamp>6034.786066</timestamp>
			</report>
			<report>
				<misses>301700000</misses>
				<total>8</total>
				<timestamp>6036.786976</timestamp>
			</report>
			<report>
				<misses>301800000</misses>
				<total>8</total>
				<timestamp>6038.788414</timestamp>
			</report>
			<report>
				<misses>301900000</misses>
				<total>8</total>
				<timestamp>6040.789528</timestamp>
			</report>
			<report>
				<misses>302000000</misses>
				<total>8</total>
				<timestamp>6042.790334</timestamp>
			</report>
			<report>
				<misses>302100000</misses>
				<total>8</total>
				<timestamp>6044.791192</timestamp>
			</report>
			<report>
				<misses>302200000</misses>
				<total>8</total>
				<timestamp>6046.791346</timestamp>
			</report>
			<report>
				<misses>302300000</misses>
				<total>8</total>
				<timestamp>6048.792340</timestamp>
			</report>
			<report>
				<misses>302400000</misses>
				<total>8</total>
				<timestamp>6050.792453</timestamp>
			</report>
			<report>
				<misses>302500000</misses>
				<total>8</total>
				<timestamp>6052.792764</timestamp>
			</report>
			<report>
				<misses>302600000</misses>
				<total>8</total>
				<timestamp>6054.792946</timestamp>
			</report>
			<report>
				<misses>302700000</misses>
				<total>8</total>
				<timestamp>6056.793306</timestamp>
			</report>
			<report>
				<misses>302800000</misses>
				<total>8</total>
				<timestamp>6058.793869</timestamp>
			</report>
			<report>
				<misses>302900000</misses>
				<total>8</total>
				<timestamp>6060.794411</timestamp>
			</report>
			<report>
				<misses>303000000</misses>
				<total>8</total>
				<timestamp>6062.794536</timestamp>
			</report>
			<report>
				<misses>303100000</misses>
				<total>8</total>
				<timestamp>6064.795953</timestamp>
			</report>
			<report>
				<misses>303200000</misses>
				<total>8</total>
				<timestamp>6066.797972</timestamp>
			</report>
			<report>
				<misses>303300000</misses>
				<total>8</total>
				<timestamp>6068.799813</timestamp>
			</report>
			<report>
				<misses>303400000</misses>
				<total>8</total>
				<timestamp>6070.800926</timestamp>
			</report>
			<report>
				<misses>303500000</misses>
				<total>8</total>
				<timestamp>6072.803086</timestamp>
			</report>
			<report>
				<misses>303600000</misses>
				<total>8</total>
				<timestamp>6074.805418</timestamp>
			</report>
			<report>
				<misses>303700000</misses>
				<total>8</total>
				<timestamp>6076.806537</timestamp>
			</report>
			<report>
				<misses>303800000</misses>
				<total>8</total>
				<timestamp>6078.808571</timestamp>
			</report>
			<report>
				<misses>303900000</misses>
				<total>8</total>
				<timestamp>6080.808769</timestamp>
			</report>
			<report>
				<misses>304000000</misses>
				<total>8</total>
				<timestamp>6082.809100</timestamp>
			</report>
			<report>
				<misses>304100000</misses>
				<total>8</total>
				<timestamp>6084.809235</timestamp>
			</report>
			<report>
				<misses>304200000</misses>
				<total>8</total>
				<timestamp>6086.809503</timestamp>
			</report>
			<report>
				<misses>304300000</misses>
				<total>8</total>
				<timestamp>6088.810414</timestamp>
			</report>
			<report>
				<misses>304400000</misses>
				<total>8</total>
				<timestamp>6090.811117</timestamp>
			</report>
			<report>
				<misses>304500000</misses>
				<total>8</total>
				<timestamp>6092.812300</timestamp>
			</report>
			<report>
				<misses>304600000</misses>
				<total>8</total>
				<timestamp>6094.813896</timestamp>
			</report>
			<report>
				<misses>304700000</misses>
				<total>8</total>
				<timestamp>6096.815204</timestamp>
			</report>
			<report>
				<misses>304800000</misses>
				<total>8</total>
				<timestamp>6098.816677</timestamp>
			</report>
			<report>
				<misses>304900000</misses>
				<total>8</total>
				<timestamp>6100.817695</timestamp>
			</report>
			<report>
				<misses>305000000</misses>
				<total>8</total>
				<timestamp>6102.817972</timestamp>
			</report>
			<report>
				<misses>305100000</misses>
				<total>8</total>
				<timestamp>6104.818147</timestamp>
			</report>
			<report>
				<misses>305200000</misses>
				<total>8</total>
				<timestamp>6106.819171</timestamp>
			</report>
			<report>
				<misses>305300000</misses>
				<total>8</total>
				<timestamp>6108.819809</timestamp>
			</report>
			<report>
				<misses>305400000</misses>
				<total>8</total>
				<timestamp>6110.820404</timestamp>
			</report>
			<report>
				<misses>305500000</misses>
				<total>8</total>
				<timestamp>6112.821077</timestamp>
			</report>
			<report>
				<misses>305600000</misses>
				<total>8</total>
				<timestamp>6114.822147</timestamp>
			</report>
			<report>
				<misses>305700000</misses>
				<total>8</total>
				<timestamp>6116.822566</timestamp>
			</report>
			<report>
				<misses>305800000</misses>
				<total>8</total>
				<timestamp>6118.824701</timestamp>
			</report>
			<report>
				<misses>305900000</misses>
				<total>8</total>
				<timestamp>6120.826746</timestamp>
			</report>
			<report>
				<misses>306000000</misses>
				<total>8</total>
				<timestamp>6122.827461</timestamp>
			</report>
			<report>
				<misses>306100000</misses>
				<total>8</total>
				<timestamp>6124.827830</timestamp>
			</report>
			<report>
				<misses>306200000</misses>
				<total>8</total>
				<timestamp>6126.828388</timestamp>
			</report>
			<report>
				<misses>306300000</misses>
				<total>8</total>
				<timestamp>6128.829070</timestamp>
			</report>
			<report>
				<misses>306400000</misses>
				<total>8</total>
				<timestamp>6130.829856</timestamp>
			</report>
			<report>
				<misses>306500000</misses>
				<total>8</total>
				<timestamp>6132.830335</timestamp>
			</report>
			<report>
				<misses>306600000</misses>
				<total>8</total>
				<timestamp>6134.831167</timestamp>
			</report>
			<report>
				<misses>306700000</misses>
				<total>8</total>
				<timestamp>6136.831991</timestamp>
			</report>
			<report>
				<misses>306800000</misses>
				<total>8</total>
				<timestamp>6138.832084</timestamp>
			</report>
			<report>
				<misses>306900000</misses>
				<total>8</total>
				<timestamp>6140.833435</timestamp>
			</report>
			<report>
				<misses>307000000</misses>
				<total>8</total>
				<timestamp>6142.835170</timestamp>
			</report>
			<report>
				<misses>307100000</misses>
				<total>8</total>
				<timestamp>6144.836649</timestamp>
			</report>
			<report>
				<misses>307200000</misses>
				<total>8</total>
				<timestamp>6146.837228</timestamp>
			</report>
			<report>
				<misses>307300000</misses>
				<total>8</total>
				<timestamp>6148.839464</timestamp>
			</report>
			<report>
				<misses>307400000</misses>
				<total>8</total>
				<timestamp>6150.841899</timestamp>
			</report>
			<report>
				<misses>307500000</misses>
				<total>8</total>
				<timestamp>6152.843632</timestamp>
			</report>
			<report>
				<misses>307600000</misses>
				<total>8</total>
				<timestamp>6154.843786</timestamp>
			</report>
			<report>
				<misses>307700000</misses>
				<total>8</total>
				<timestamp>6156.844566</timestamp>
			</report>
			<report>
				<misses>307800000</misses>
				<total>8</total>
				<timestamp>6158.844844</timestamp>
			</report>
			<report>
				<misses>307900000</misses>
				<total>8</total>
				<timestamp>6160.846046</timestamp>
			</report>
			<report>
				<misses>308000000</misses>
				<total>8</total>
				<timestamp>6162.848032</timestamp>
			</report>
			<report>
				<misses>308100000</misses>
				<total>8</total>
				<timestamp>6164.849524</timestamp>
			</report>
			<report>
				<misses>308200000</misses>
				<total>8</total>
				<timestamp>6166.850204</timestamp>
			</report>
			<report>
				<misses>308300000</misses>
				<total>8</total>
				<timestamp>6168.851650</timestamp>
			</report>
			<report>
				<misses>308400000</misses>
				<total>8</total>
				<timestamp>6170.853558</timestamp>
			</report>
			<report>
				<misses>308500000</misses>
				<total>8</total>
				<timestamp>6172.854422</timestamp>
			</report>
			<report>
				<misses>308600000</misses>
				<total>8</total>
				<timestamp>6174.856769</timestamp>
			</report>
			<report>
				<misses>308700000</misses>
				<total>8</total>
				<timestamp>6176.858075</timestamp>
			</report>
			<report>
				<misses>308800000</misses>
				<total>8</total>
				<timestamp>6178.858399</timestamp>
			</report>
			<report>
				<misses>308900000</misses>
				<total>8</total>
				<timestamp>6180.858714</timestamp>
			</report>
			<report>
				<misses>309000000</misses>
				<total>8</total>
				<timestamp>6182.859366</timestamp>
			</report>
			<report>
				<misses>309100000</misses>
				<total>8</total>
				<timestamp>6184.859543</timestamp>
			</report>
			<report>
				<misses>309200000</misses>
				<total>8</total>
				<timestamp>6186.859937</timestamp>
			</report>
			<report>
				<misses>309300000</misses>
				<total>8</total>
				<timestamp>6188.860198</timestamp>
			</report>
			<report>
				<misses>309400000</misses>
				<total>8</total>
				<timestamp>6190.861207</timestamp>
			</report>
			<report>
				<misses>309500000</misses>
				<total>8</total>
				<timestamp>6192.862969</timestamp>
			</report>
			<report>
				<misses>309600000</misses>
				<total>8</total>
				<timestamp>6194.863570</timestamp>
			</report>
			<report>
				<misses>309700000</misses>
				<total>8</total>
				<timestamp>6196.864999</timestamp>
			</report>
			<report>
				<misses>309800000</misses>
				<total>8</total>
				<timestamp>6198.865533</timestamp>
			</report>
			<report>
				<misses>309900000</misses>
				<total>8</total>
				<timestamp>6200.867756</timestamp>
			</report>
			<report>
				<misses>310000000</misses>
				<total>8</total>
				<timestamp>6202.868774</timestamp>
			</report>
			<report>
				<misses>310100000</misses>
				<total>8</total>
				<timestamp>6204.869060</timestamp>
			</report>
			<report>
				<misses>310200000</misses>
				<total>8</total>
				<timestamp>6206.869385</timestamp>
			</report>
			<report>
				<misses>310300000</misses>
				<total>8</total>
				<timestamp>6208.869648</timestamp>
			</report>
			<report>
				<misses>310400000</misses>
				<total>8</total>
				<timestamp>6210.872082</timestamp>
			</report>
			<report>
				<misses>310500000</misses>
				<total>8</total>
				<timestamp>6212.873462</timestamp>
			</report>
			<report>
				<misses>310600000</misses>
				<total>8</total>
				<timestamp>6214.874416</timestamp>
			</report>
			<report>
				<misses>310700000</misses>
				<total>8</total>
				<timestamp>6216.875437</timestamp>
			</report>
			<report>
				<misses>310800000</misses>
				<total>8</total>
				<timestamp>6218.875557</timestamp>
			</report>
			<report>
				<misses>310900000</misses>
				<total>8</total>
				<timestamp>6220.875958</timestamp>
			</report>
			<report>
				<misses>311000000</misses>
				<total>8</total>
				<timestamp>6222.876129</timestamp>
			</report>
			<report>
				<misses>311100000</misses>
				<total>8</total>
				<timestamp>6224.876356</timestamp>
			</report>
			<report>
				<misses>311200000</misses>
				<total>8</total>
				<timestamp>6226.876934</timestamp>
			</report>
			<report>
				<misses>311300000</misses>
				<total>8</total>
				<timestamp>6228.877457</timestamp>
			</report>
			<report>
				<misses>311400000</misses>
				<total>8</total>
				<timestamp>6230.878187</timestamp>
			</report>
			<report>
				<misses>311500000</misses>
				<total>8</total>
				<timestamp>6232.879137</timestamp>
			</report>
			<report>
				<misses>311600000</misses>
				<total>8</total>
				<timestamp>6234.879882</timestamp>
			</report>
			<report>
				<misses>311700000</misses>
				<total>8</total>
				<timestamp>6236.881111</timestamp>
			</report>
			<report>
				<misses>311800000</misses>
				<total>8</total>
				<timestamp>6238.882578</timestamp>
			</report>
			<report>
				<misses>311900000</misses>
				<total>8</total>
				<timestamp>6240.883816</timestamp>
			</report>
			<report>
				<misses>312000000</misses>
				<total>8</total>
				<timestamp>6242.884742</timestamp>
			</report>
			<report>
				<misses>312100000</misses>
				<total>8</total>
				<timestamp>6244.885990</timestamp>
			</report>
			<report>
				<misses>312200000</misses>
				<total>8</total>
				<timestamp>6246.886162</timestamp>
			</report>
			<report>
				<misses>312300000</misses>
				<total>8</total>
				<timestamp>6248.886416</timestamp>
			</report>
			<report>
				<misses>312400000</misses>
				<total>8</total>
				<timestamp>6250.887050</timestamp>
			</report>
			<report>
				<misses>312500000</misses>
				<total>8</total>
				<timestamp>6252.888684</timestamp>
			</report>
			<report>
				<misses>312600000</misses>
				<total>8</total>
				<timestamp>6254.889261</timestamp>
			</report>
			<report>
				<misses>312700000</misses>
				<total>8</total>
				<timestamp>6256.890011</timestamp>
			</report>
			<report>
				<misses>312800000</misses>
				<total>8</total>
				<timestamp>6258.891143</timestamp>
			</report>
			<report>
				<misses>312900000</misses>
				<total>8</total>
				<timestamp>6260.892784</timestamp>
			</report>
			<report>
				<misses>313000000</misses>
				<total>8</total>
				<timestamp>6262.893245</timestamp>
			</report>
			<report>
				<misses>313100000</misses>
				<total>8</total>
				<timestamp>6264.893463</timestamp>
			</report>
			<report>
				<misses>313200000</misses>
				<total>8</total>
				<timestamp>6266.894145</timestamp>
			</report>
			<report>
				<misses>313300000</misses>
				<total>8</total>
				<timestamp>6268.894684</timestamp>
			</report>
			<report>
				<misses>313400000</misses>
				<total>8</total>
				<timestamp>6270.895599</timestamp>
			</report>
			<report>
				<misses>313500000</misses>
				<total>8</total>
				<timestamp>6272.896844</timestamp>
			</report>
			<report>
				<misses>313600000</misses>
				<total>8</total>
				<timestamp>6274.898106</timestamp>
			</report>
			<report>
				<misses>313700000</misses>
				<total>8</total>
				<timestamp>6276.899274</timestamp>
			</report>
			<report>
				<misses>313800000</misses>
				<total>8</total>
				<timestamp>6278.900213</timestamp>
			</report>
			<report>
				<misses>313900000</misses>
				<total>8</total>
				<timestamp>6280.900994</timestamp>
			</report>
			<report>
				<misses>314000000</misses>
				<total>8</total>
				<timestamp>6282.901662</timestamp>
			</report>
			<report>
				<misses>314100000</misses>
				<total>8</total>
				<timestamp>6284.902044</timestamp>
			</report>
			<report>
				<misses>314200000</misses>
				<total>8</total>
				<timestamp>6286.902745</timestamp>
			</report>
			<report>
				<misses>314300000</misses>
				<total>8</total>
				<timestamp>6288.903498</timestamp>
			</report>
			<report>
				<misses>314400000</misses>
				<total>8</total>
				<timestamp>6290.904446</timestamp>
			</report>
			<report>
				<misses>314500000</misses>
				<total>8</total>
				<timestamp>6292.905682</timestamp>
			</report>
			<report>
				<misses>314600000</misses>
				<total>8</total>
				<timestamp>6294.905973</timestamp>
			</report>
			<report>
				<misses>314700000</misses>
				<total>8</total>
				<timestamp>6296.906463</timestamp>
			</report>
			<report>
				<misses>314800000</misses>
				<total>8</total>
				<timestamp>6298.906933</timestamp>
			</report>
			<report>
				<misses>314900000</misses>
				<total>8</total>
				<timestamp>6300.907850</timestamp>
			</report>
			<report>
				<misses>315000000</misses>
				<total>8</total>
				<timestamp>6302.908947</timestamp>
			</report>
			<report>
				<misses>315100000</misses>
				<total>8</total>
				<timestamp>6304.909567</timestamp>
			</report>
			<report>
				<misses>315200000</misses>
				<total>8</total>
				<timestamp>6306.911246</timestamp>
			</report>
			<report>
				<misses>315300000</misses>
				<total>8</total>
				<timestamp>6308.911758</timestamp>
			</report>
			<report>
				<misses>315400000</misses>
				<total>8</total>
				<timestamp>6310.912408</timestamp>
			</report>
			<report>
				<misses>315500000</misses>
				<total>8</total>
				<timestamp>6312.914658</timestamp>
			</report>
			<report>
				<misses>315600000</misses>
				<total>8</total>
				<timestamp>6314.916763</timestamp>
			</report>
			<report>
				<misses>315700000</misses>
				<total>8</total>
				<timestamp>6316.918573</timestamp>
			</report>
			<report>
				<misses>315800000</misses>
				<total>8</total>
				<timestamp>6318.919506</timestamp>
			</report>
			<report>
				<misses>315900000</misses>
				<total>8</total>
				<timestamp>6320.921390</timestamp>
			</report>
			<report>
				<misses>316000000</misses>
				<total>8</total>
				<timestamp>6322.922334</timestamp>
			</report>
			<report>
				<misses>316100000</misses>
				<total>8</total>
				<timestamp>6324.923749</timestamp>
			</report>
			<report>
				<misses>316200000</misses>
				<total>8</total>
				<timestamp>6326.924944</timestamp>
			</report>
			<report>
				<misses>316300000</misses>
				<total>8</total>
				<timestamp>6328.925971</timestamp>
			</report>
			<report>
				<misses>316400000</misses>
				<total>8</total>
				<timestamp>6330.926246</timestamp>
			</report>
			<report>
				<misses>316500000</misses>
				<total>8</total>
				<timestamp>6332.926862</timestamp>
			</report>
			<report>
				<misses>316600000</misses>
				<total>8</total>
				<timestamp>6334.927484</timestamp>
			</report>
			<report>
				<misses>316700000</misses>
				<total>8</total>
				<timestamp>6336.928610</timestamp>
			</report>
			<report>
				<misses>316800000</misses>
				<total>8</total>
				<timestamp>6338.928775</timestamp>
			</report>
			<report>
				<misses>316900000</misses>
				<total>8</total>
				<timestamp>6340.930644</timestamp>
			</report>
			<report>
				<misses>317000000</misses>
				<total>8</total>
				<timestamp>6342.931746</timestamp>
			</report>
			<report>
				<misses>317100000</misses>
				<total>8</total>
				<timestamp>6344.932555</timestamp>
			</report>
			<report>
				<misses>317200000</misses>
				<total>8</total>
				<timestamp>6346.934338</timestamp>
			</report>
			<report>
				<misses>317300000</misses>
				<total>8</total>
				<timestamp>6348.936257</timestamp>
			</report>
			<report>
				<misses>317400000</misses>
				<total>8</total>
				<timestamp>6350.938597</timestamp>
			</report>
			<report>
				<misses>317500000</misses>
				<total>8</total>
				<timestamp>6352.939204</timestamp>
			</report>
			<report>
				<misses>317600000</misses>
				<total>8</total>
				<timestamp>6354.939612</timestamp>
			</report>
			<report>
				<misses>317700000</misses>
				<total>8</total>
				<timestamp>6356.940341</timestamp>
			</report>
			<report>
				<misses>317800000</misses>
				<total>8</total>
				<timestamp>6358.941227</timestamp>
			</report>
			<report>
				<misses>317900000</misses>
				<total>8</total>
				<timestamp>6360.943100</timestamp>
			</report>
			<report>
				<misses>318000000</misses>
				<total>8</total>
				<timestamp>6362.943884</timestamp>
			</report>
			<report>
				<misses>318100000</misses>
				<total>8</total>
				<timestamp>6364.944724</timestamp>
			</report>
			<report>
				<misses>318200000</misses>
				<total>8</total>
				<timestamp>6366.946913</timestamp>
			</report>
			<report>
				<misses>318300000</misses>
				<total>8</total>
				<timestamp>6368.947625</timestamp>
			</report>
			<report>
				<misses>318400000</misses>
				<total>8</total>
				<timestamp>6370.948644</timestamp>
			</report>
			<report>
				<misses>318500000</misses>
				<total>8</total>
				<timestamp>6372.950010</timestamp>
			</report>
			<report>
				<misses>318600000</misses>
				<total>8</total>
				<timestamp>6374.951324</timestamp>
			</report>
			<report>
				<misses>318700000</misses>
				<total>8</total>
				<timestamp>6376.952797</timestamp>
			</report>
			<report>
				<misses>318800000</misses>
				<total>8</total>
				<timestamp>6378.954366</timestamp>
			</report>
			<report>
				<misses>318900000</misses>
				<total>8</total>
				<timestamp>6380.955400</timestamp>
			</report>
			<report>
				<misses>319000000</misses>
				<total>8</total>
				<timestamp>6382.956733</timestamp>
			</report>
			<report>
				<misses>319100000</misses>
				<total>8</total>
				<timestamp>6384.957617</timestamp>
			</report>
			<report>
				<misses>319200000</misses>
				<total>8</total>
				<timestamp>6386.958015</timestamp>
			</report>
			<report>
				<misses>319300000</misses>
				<total>8</total>
				<timestamp>6388.958400</timestamp>
			</report>
			<report>
				<misses>319400000</misses>
				<total>8</total>
				<timestamp>6390.959387</timestamp>
			</report>
			<report>
				<misses>319500000</misses>
				<total>8</total>
				<timestamp>6392.960363</timestamp>
			</report>
			<report>
				<misses>319600000</misses>
				<total>8</total>
				<timestamp>6394.960865</timestamp>
			</report>
			<report>
				<misses>319700000</misses>
				<total>8</total>
				<timestamp>6396.962097</timestamp>
			</report>
			<report>
				<misses>319800000</misses>
				<total>8</total>
				<timestamp>6398.962276</timestamp>
			</report>
			<report>
				<misses>319900000</misses>
				<total>8</total>
				<timestamp>6400.963437</timestamp>
			</report>
			<report>
				<misses>320000000</misses>
				<total>8</total>
				<timestamp>6402.964130</timestamp>
			</report>
			<report>
				<misses>320100000</misses>
				<total>8</total>
				<timestamp>6404.965700</timestamp>
			</report>
			<report>
				<misses>320200000</misses>
				<total>8</total>
				<timestamp>6406.966094</timestamp>
			</report>
			<report>
				<misses>320300000</misses>
				<total>8</total>
				<timestamp>6408.967435</timestamp>
			</report>
			<report>
				<misses>320400000</misses>
				<total>8</total>
				<timestamp>6410.968196</timestamp>
			</report>
			<report>
				<misses>320500000</misses>
				<total>8</total>
				<timestamp>6412.969818</timestamp>
			</report>
			<report>
				<misses>320600000</misses>
				<total>8</total>
				<timestamp>6414.971790</timestamp>
			</report>
			<report>
				<misses>320700000</misses>
				<total>8</total>
				<timestamp>6416.973481</timestamp>
			</report>
			<report>
				<misses>320800000</misses>
				<total>8</total>
				<timestamp>6418.977252</timestamp>
			</report>
			<report>
				<misses>320900000</misses>
				<total>8</total>
				<timestamp>6420.977517</timestamp>
			</report>
			<report>
				<misses>321000000</misses>
				<total>8</total>
				<timestamp>6422.977798</timestamp>
			</report>
			<report>
				<misses>321100000</misses>
				<total>8</total>
				<timestamp>6424.978040</timestamp>
			</report>
			<report>
				<misses>321200000</misses>
				<total>8</total>
				<timestamp>6426.979265</timestamp>
			</report>
			<report>
				<misses>321300000</misses>
				<total>8</total>
				<timestamp>6428.980332</timestamp>
			</report>
			<report>
				<misses>321400000</misses>
				<total>8</total>
				<timestamp>6430.981606</timestamp>
			</report>
			<report>
				<misses>321500000</misses>
				<total>8</total>
				<timestamp>6432.982803</timestamp>
			</report>
			<report>
				<misses>321600000</misses>
				<total>8</total>
				<timestamp>6434.983530</timestamp>
			</report>
			<report>
				<misses>321700000</misses>
				<total>8</total>
				<timestamp>6436.984367</timestamp>
			</report>
			<report>
				<misses>321800000</misses>
				<total>8</total>
				<timestamp>6438.985754</timestamp>
			</report>
			<report>
				<misses>321900000</misses>
				<total>8</total>
				<timestamp>6440.986641</timestamp>
			</report>
			<report>
				<misses>322000000</misses>
				<total>8</total>
				<timestamp>6442.988360</timestamp>
			</report>
			<report>
				<misses>322100000</misses>
				<total>8</total>
				<timestamp>6444.989427</timestamp>
			</report>
			<report>
				<misses>322200000</misses>
				<total>8</total>
				<timestamp>6446.990444</timestamp>
			</report>
			<report>
				<misses>322300000</misses>
				<total>8</total>
				<timestamp>6448.991114</timestamp>
			</report>
			<report>
				<misses>322400000</misses>
				<total>8</total>
				<timestamp>6450.991724</timestamp>
			</report>
			<report>
				<misses>322500000</misses>
				<total>8</total>
				<timestamp>6452.993524</timestamp>
			</report>
			<report>
				<misses>322600000</misses>
				<total>8</total>
				<timestamp>6454.994842</timestamp>
			</report>
			<report>
				<misses>322700000</misses>
				<total>8</total>
				<timestamp>6456.995773</timestamp>
			</report>
			<report>
				<misses>322800000</misses>
				<total>8</total>
				<timestamp>6458.996375</timestamp>
			</report>
			<report>
				<misses>322900000</misses>
				<total>8</total>
				<timestamp>6460.997167</timestamp>
			</report>
			<report>
				<misses>323000000</misses>
				<total>8</total>
				<timestamp>6462.997587</timestamp>
			</report>
			<report>
				<misses>323100000</misses>
				<total>8</total>
				<timestamp>6464.997703</timestamp>
			</report>
			<report>
				<misses>323200000</misses>
				<total>8</total>
				<timestamp>6466.998565</timestamp>
			</report>
			<report>
				<misses>323300000</misses>
				<total>8</total>
				<timestamp>6468.999131</timestamp>
			</report>
			<report>
				<misses>323400000</misses>
				<total>8</total>
				<timestamp>6471.000214</timestamp>
			</report>
			<report>
				<misses>323500000</misses>
				<total>8</total>
				<timestamp>6473.001298</timestamp>
			</report>
			<report>
				<misses>323600000</misses>
				<total>8</total>
				<timestamp>6475.001926</timestamp>
			</report>
			<report>
				<misses>323700000</misses>
				<total>8</total>
				<timestamp>6477.002007</timestamp>
			</report>
			<report>
				<misses>323800000</misses>
				<total>8</total>
				<timestamp>6479.003680</timestamp>
			</report>
			<report>
				<misses>323900000</misses>
				<total>8</total>
				<timestamp>6481.004304</timestamp>
			</report>
			<report>
				<misses>324000000</misses>
				<total>8</total>
				<timestamp>6483.005007</timestamp>
			</report>
			<report>
				<misses>324100000</misses>
				<total>8</total>
				<timestamp>6485.005294</timestamp>
			</report>
			<report>
				<misses>324200000</misses>
				<total>8</total>
				<timestamp>6487.005779</timestamp>
			</report>
			<report>
				<misses>324300000</misses>
				<total>8</total>
				<timestamp>6489.006485</timestamp>
			</report>
			<report>
				<misses>324400000</misses>
				<total>8</total>
				<timestamp>6491.008047</timestamp>
			</report>
			<report>
				<misses>324500000</misses>
				<total>8</total>
				<timestamp>6493.009222</timestamp>
			</report>
			<report>
				<misses>324600000</misses>
				<total>8</total>
				<timestamp>6495.009985</timestamp>
			</report>
			<report>
				<misses>324700000</misses>
				<total>8</total>
				<timestamp>6497.010488</timestamp>
			</report>
			<report>
				<misses>324800000</misses>
				<total>8</total>
				<timestamp>6499.011514</timestamp>
			</report>
			<report>
				<misses>324900000</misses>
				<total>8</total>
				<timestamp>6501.012537</timestamp>
			</report>
			<report>
				<misses>325000000</misses>
				<total>8</total>
				<timestamp>6503.013088</timestamp>
			</report>
			<report>
				<misses>325100000</misses>
				<total>8</total>
				<timestamp>6505.013271</timestamp>
			</report>
			<report>
				<misses>325200000</misses>
				<total>8</total>
				<timestamp>6507.014367</timestamp>
			</report>
			<report>
				<misses>325300000</misses>
				<total>8</total>
				<timestamp>6509.014512</timestamp>
			</report>
			<report>
				<misses>325400000</misses>
				<total>8</total>
				<timestamp>6511.015311</timestamp>
			</report>
			<report>
				<misses>325500000</misses>
				<total>8</total>
				<timestamp>6513.015885</timestamp>
			</report>
			<report>
				<misses>325600000</misses>
				<total>8</total>
				<timestamp>6515.017406</timestamp>
			</report>
			<report>
				<misses>325700000</misses>
				<total>8</total>
				<timestamp>6517.017960</timestamp>
			</report>
			<report>
				<misses>325800000</misses>
				<total>8</total>
				<timestamp>6519.019009</timestamp>
			</report>
			<report>
				<misses>325900000</misses>
				<total>8</total>
				<timestamp>6521.019248</timestamp>
			</report>
			<report>
				<misses>326000000</misses>
				<total>8</total>
				<timestamp>6523.019591</timestamp>
			</report>
			<report>
				<misses>326100000</misses>
				<total>8</total>
				<timestamp>6525.020965</timestamp>
			</report>
			<report>
				<misses>326200000</misses>
				<total>8</total>
				<timestamp>6527.021389</timestamp>
			</report>
			<report>
				<misses>326300000</misses>
				<total>8</total>
				<timestamp>6529.022245</timestamp>
			</report>
			<report>
				<misses>326400000</misses>
				<total>8</total>
				<timestamp>6531.022770</timestamp>
			</report>
			<report>
				<misses>326500000</misses>
				<total>8</total>
				<timestamp>6533.024307</timestamp>
			</report>
			<report>
				<misses>326600000</misses>
				<total>8</total>
				<timestamp>6535.024761</timestamp>
			</report>
			<report>
				<misses>326700000</misses>
				<total>8</total>
				<timestamp>6537.025196</timestamp>
			</report>
			<report>
				<misses>326800000</misses>
				<total>8</total>
				<timestamp>6539.026815</timestamp>
			</report>
			<report>
				<misses>326900000</misses>
				<total>8</total>
				<timestamp>6541.028789</timestamp>
			</report>
			<report>
				<misses>327000000</misses>
				<total>8</total>
				<timestamp>6543.029014</timestamp>
			</report>
			<report>
				<misses>327100000</misses>
				<total>8</total>
				<timestamp>6545.030269</timestamp>
			</report>
			<report>
				<misses>327200000</misses>
				<total>8</total>
				<timestamp>6547.030628</timestamp>
			</report>
			<report>
				<misses>327300000</misses>
				<total>8</total>
				<timestamp>6549.032348</timestamp>
			</report>
			<report>
				<misses>327400000</misses>
				<total>8</total>
				<timestamp>6551.033909</timestamp>
			</report>
			<report>
				<misses>327500000</misses>
				<total>8</total>
				<timestamp>6553.035194</timestamp>
			</report>
			<report>
				<misses>327600000</misses>
				<total>8</total>
				<timestamp>6555.036779</timestamp>
			</report>
			<report>
				<misses>327700000</misses>
				<total>8</total>
				<timestamp>6557.038337</timestamp>
			</report>
			<report>
				<misses>327800000</misses>
				<total>8</total>
				<timestamp>6559.040593</timestamp>
			</report>
			<report>
				<misses>327900000</misses>
				<total>8</total>
				<timestamp>6561.040866</timestamp>
			</report>
			<report>
				<misses>328000000</misses>
				<total>8</total>
				<timestamp>6563.041028</timestamp>
			</report>
			<report>
				<misses>328100000</misses>
				<total>8</total>
				<timestamp>6565.041543</timestamp>
			</report>
			<report>
				<misses>328200000</misses>
				<total>8</total>
				<timestamp>6567.043652</timestamp>
			</report>
			<report>
				<misses>328300000</misses>
				<total>8</total>
				<timestamp>6569.046019</timestamp>
			</report>
			<report>
				<misses>328400000</misses>
				<total>8</total>
				<timestamp>6571.047782</timestamp>
			</report>
			<report>
				<misses>328500000</misses>
				<total>8</total>
				<timestamp>6573.049207</timestamp>
			</report>
			<report>
				<misses>328600000</misses>
				<total>8</total>
				<timestamp>6575.049506</timestamp>
			</report>
			<report>
				<misses>328700000</misses>
				<total>8</total>
				<timestamp>6577.050595</timestamp>
			</report>
			<report>
				<misses>328800000</misses>
				<total>8</total>
				<timestamp>6579.051886</timestamp>
			</report>
			<report>
				<misses>328900000</misses>
				<total>8</total>
				<timestamp>6581.053929</timestamp>
			</report>
			<report>
				<misses>329000000</misses>
				<total>8</total>
				<timestamp>6583.055174</timestamp>
			</report>
			<report>
				<misses>329100000</misses>
				<total>8</total>
				<timestamp>6585.056061</timestamp>
			</report>
			<report>
				<misses>329200000</misses>
				<total>8</total>
				<timestamp>6587.056339</timestamp>
			</report>
			<report>
				<misses>329300000</misses>
				<total>8</total>
				<timestamp>6589.056827</timestamp>
			</report>
			<report>
				<misses>329400000</misses>
				<total>8</total>
				<timestamp>6591.057040</timestamp>
			</report>
			<report>
				<misses>329500000</misses>
				<total>8</total>
				<timestamp>6593.058805</timestamp>
			</report>
			<report>
				<misses>329600000</misses>
				<total>8</total>
				<timestamp>6595.060484</timestamp>
			</report>
			<report>
				<misses>329700000</misses>
				<total>9</total>
				<timestamp>6597.061444</timestamp>
			</report>
			<report>
				<misses>329800000</misses>
				<total>9</total>
				<timestamp>6599.062065</timestamp>
			</report>
			<report>
				<misses>329900000</misses>
				<total>9</total>
				<timestamp>6601.063117</timestamp>
			</report>
			<report>
				<misses>330000000</misses>
				<total>9</total>
				<timestamp>6603.064050</timestamp>
			</report>
			<report>
				<misses>330100000</misses>
				<total>9</total>
				<timestamp>6605.064580</timestamp>
			</report>
			<report>
				<misses>330200000</misses>
				<total>9</total>
				<timestamp>6607.065001</timestamp>
			</report>
			<report>
				<misses>330300000</misses>
				<total>9</total>
				<timestamp>6609.065379</timestamp>
			</report>
			<report>
				<misses>330400000</misses>
				<total>9</total>
				<timestamp>6611.066173</timestamp>
			</report>
			<report>
				<misses>330500000</misses>
				<total>9</total>
				<timestamp>6613.068076</timestamp>
			</report>
			<report>
				<misses>330600000</misses>
				<total>9</total>
				<timestamp>6615.070326</timestamp>
			</report>
			<report>
				<misses>330700000</misses>
				<total>9</total>
				<timestamp>6617.071482</timestamp>
			</report>
			<report>
				<misses>330800000</misses>
				<total>9</total>
				<timestamp>6619.072913</timestamp>
			</report>
			<report>
				<misses>330900000</misses>
				<total>9</total>
				<timestamp>6621.073816</timestamp>
			</report>
			<report>
				<misses>331000000</misses>
				<total>9</total>
				<timestamp>6623.074114</timestamp>
			</report>
			<report>
				<misses>331100000</misses>
				<total>9</total>
				<timestamp>6625.074536</timestamp>
			</report>
			<report>
				<misses>331200000</misses>
				<total>9</total>
				<timestamp>6627.075484</timestamp>
			</report>
			<report>
				<misses>331300000</misses>
				<total>9</total>
				<timestamp>6629.076643</timestamp>
			</report>
			<report>
				<misses>331400000</misses>
				<total>9</total>
				<timestamp>6631.077830</timestamp>
			</report>
			<report>
				<misses>331500000</misses>
				<total>9</total>
				<timestamp>6633.078346</timestamp>
			</report>
			<report>
				<misses>331600000</misses>
				<total>9</total>
				<timestamp>6635.079088</timestamp>
			</report>
			<report>
				<misses>331700000</misses>
				<total>9</total>
				<timestamp>6637.079752</timestamp>
			</report>
			<report>
				<misses>331800000</misses>
				<total>9</total>
				<timestamp>6639.081193</timestamp>
			</report>
			<report>
				<misses>331900000</misses>
				<total>9</total>
				<timestamp>6641.081870</timestamp>
			</report>
			<report>
				<misses>332000000</misses>
				<total>9</total>
				<timestamp>6643.082276</timestamp>
			</report>
			<report>
				<misses>332100000</misses>
				<total>9</total>
				<timestamp>6645.082775</timestamp>
			</report>
			<report>
				<misses>332200000</misses>
				<total>9</total>
				<timestamp>6647.084251</timestamp>
			</report>
			<report>
				<misses>332300000</misses>
				<total>9</total>
				<timestamp>6649.085404</timestamp>
			</report>
			<report>
				<misses>332400000</misses>
				<total>9</total>
				<timestamp>6651.086461</timestamp>
			</report>
			<report>
				<misses>332500000</misses>
				<total>9</total>
				<timestamp>6653.087735</timestamp>
			</report>
			<report>
				<misses>332600000</misses>
				<total>9</total>
				<timestamp>6655.088460</timestamp>
			</report>
			<report>
				<misses>332700000</misses>
				<total>9</total>
				<timestamp>6657.089402</timestamp>
			</report>
			<report>
				<misses>332800000</misses>
				<total>9</total>
				<timestamp>6659.090324</timestamp>
			</report>
			<report>
				<misses>332900000</misses>
				<total>9</total>
				<timestamp>6661.091278</timestamp>
			</report>
			<report>
				<misses>333000000</misses>
				<total>9</total>
				<timestamp>6663.091602</timestamp>
			</report>
			<report>
				<misses>333100000</misses>
				<total>9</total>
				<timestamp>6665.093210</timestamp>
			</report>
			<report>
				<misses>333200000</misses>
				<total>9</total>
				<timestamp>6667.094226</timestamp>
			</report>
			<report>
				<misses>333300000</misses>
				<total>9</total>
				<timestamp>6669.094908</timestamp>
			</report>
			<report>
				<misses>333400000</misses>
				<total>9</total>
				<timestamp>6671.096231</timestamp>
			</report>
			<report>
				<misses>333500000</misses>
				<total>9</total>
				<timestamp>6673.097624</timestamp>
			</report>
			<report>
				<misses>333600000</misses>
				<total>9</total>
				<timestamp>6675.100001</timestamp>
			</report>
			<report>
				<misses>333700000</misses>
				<total>9</total>
				<timestamp>6677.100634</timestamp>
			</report>
			<report>
				<misses>333800000</misses>
				<total>9</total>
				<timestamp>6679.101800</timestamp>
			</report>
			<report>
				<misses>333900000</misses>
				<total>9</total>
				<timestamp>6681.102658</timestamp>
			</report>
			<report>
				<misses>334000000</misses>
				<total>9</total>
				<timestamp>6683.103298</timestamp>
			</report>
			<report>
				<misses>334100000</misses>
				<total>9</total>
				<timestamp>6685.103573</timestamp>
			</report>
			<report>
				<misses>334200000</misses>
				<total>9</total>
				<timestamp>6687.104491</timestamp>
			</report>
			<report>
				<misses>334300000</misses>
				<total>9</total>
				<timestamp>6689.106094</timestamp>
			</report>
			<report>
				<misses>334400000</misses>
				<total>9</total>
				<timestamp>6691.107225</timestamp>
			</report>
			<report>
				<misses>334500000</misses>
				<total>9</total>
				<timestamp>6693.108001</timestamp>
			</report>
			<report>
				<misses>334600000</misses>
				<total>9</total>
				<timestamp>6695.108613</timestamp>
			</report>
			<report>
				<misses>334700000</misses>
				<total>9</total>
				<timestamp>6697.109285</timestamp>
			</report>
			<report>
				<misses>334800000</misses>
				<total>9</total>
				<timestamp>6699.109871</timestamp>
			</report>
			<report>
				<misses>334900000</misses>
				<total>9</total>
				<timestamp>6701.110733</timestamp>
			</report>
			<report>
				<misses>335000000</misses>
				<total>9</total>
				<timestamp>6703.111222</timestamp>
			</report>
			<report>
				<misses>335100000</misses>
				<total>9</total>
				<timestamp>6705.112890</timestamp>
			</report>
			<report>
				<misses>335200000</misses>
				<total>9</total>
				<timestamp>6707.114081</timestamp>
			</report>
			<report>
				<misses>335300000</misses>
				<total>9</total>
				<timestamp>6709.114429</timestamp>
			</report>
			<report>
				<misses>335400000</misses>
				<total>9</total>
				<timestamp>6711.114830</timestamp>
			</report>
			<report>
				<misses>335500000</misses>
				<total>9</total>
				<timestamp>6713.115179</timestamp>
			</report>
			<report>
				<misses>335600000</misses>
				<total>9</total>
				<timestamp>6715.115505</timestamp>
			</report>
			<report>
				<misses>335700000</misses>
				<total>9</total>
				<timestamp>6717.116240</timestamp>
			</report>
			<report>
				<misses>335800000</misses>
				<total>9</total>
				<timestamp>6719.117494</timestamp>
			</report>
			<report>
				<misses>335900000</misses>
				<total>9</total>
				<timestamp>6721.118025</timestamp>
			</report>
			<report>
				<misses>336000000</misses>
				<total>9</total>
				<timestamp>6723.119173</timestamp>
			</report>
			<report>
				<misses>336100000</misses>
				<total>9</total>
				<timestamp>6725.120314</timestamp>
			</report>
			<report>
				<misses>336200000</misses>
				<total>9</total>
				<timestamp>6727.121161</timestamp>
			</report>
			<report>
				<misses>336300000</misses>
				<total>9</total>
				<timestamp>6729.122792</timestamp>
			</report>
			<report>
				<misses>336400000</misses>
				<total>9</total>
				<timestamp>6731.123195</timestamp>
			</report>
			<report>
				<misses>336500000</misses>
				<total>9</total>
				<timestamp>6733.123443</timestamp>
			</report>
			<report>
				<misses>336600000</misses>
				<total>9</total>
				<timestamp>6735.124109</timestamp>
			</report>
			<report>
				<misses>336700000</misses>
				<total>9</total>
				<timestamp>6737.125521</timestamp>
			</report>
			<report>
				<misses>336800000</misses>
				<total>9</total>
				<timestamp>6739.126232</timestamp>
			</report>
			<report>
				<misses>336900000</misses>
				<total>9</total>
				<timestamp>6741.126484</timestamp>
			</report>
			<report>
				<misses>337000000</misses>
				<total>9</total>
				<timestamp>6743.128513</timestamp>
			</report>
			<report>
				<misses>337100000</misses>
				<total>9</total>
				<timestamp>6745.129932</timestamp>
			</report>
			<report>
				<misses>337200000</misses>
				<total>9</total>
				<timestamp>6747.130926</timestamp>
			</report>
			<report>
				<misses>337300000</misses>
				<total>9</total>
				<timestamp>6749.132049</timestamp>
			</report>
			<report>
				<misses>337400000</misses>
				<total>9</total>
				<timestamp>6751.132908</timestamp>
			</report>
			<report>
				<misses>337500000</misses>
				<total>9</total>
				<timestamp>6753.134118</timestamp>
			</report>
			<report>
				<misses>337600000</misses>
				<total>9</total>
				<timestamp>6755.134916</timestamp>
			</report>
			<report>
				<misses>337700000</misses>
				<total>9</total>
				<timestamp>6757.135560</timestamp>
			</report>
			<report>
				<misses>337800000</misses>
				<total>9</total>
				<timestamp>6759.136233</timestamp>
			</report>
			<report>
				<misses>337900000</misses>
				<total>9</total>
				<timestamp>6761.137536</timestamp>
			</report>
			<report>
				<misses>338000000</misses>
				<total>9</total>
				<timestamp>6763.138781</timestamp>
			</report>
			<report>
				<misses>338100000</misses>
				<total>9</total>
				<timestamp>6765.139112</timestamp>
			</report>
			<report>
				<misses>338200000</misses>
				<total>9</total>
				<timestamp>6767.139995</timestamp>
			</report>
			<report>
				<misses>338300000</misses>
				<total>9</total>
				<timestamp>6769.141108</timestamp>
			</report>
			<report>
				<misses>338400000</misses>
				<total>9</total>
				<timestamp>6771.141736</timestamp>
			</report>
			<report>
				<misses>338500000</misses>
				<total>9</total>
				<timestamp>6773.142945</timestamp>
			</report>
			<report>
				<misses>338600000</misses>
				<total>9</total>
				<timestamp>6775.143387</timestamp>
			</report>
			<report>
				<misses>338700000</misses>
				<total>9</total>
				<timestamp>6777.143875</timestamp>
			</report>
			<report>
				<misses>338800000</misses>
				<total>9</total>
				<timestamp>6779.144299</timestamp>
			</report>
			<report>
				<misses>338900000</misses>
				<total>9</total>
				<timestamp>6781.145836</timestamp>
			</report>
			<report>
				<misses>339000000</misses>
				<total>9</total>
				<timestamp>6783.146319</timestamp>
			</report>
			<report>
				<misses>339100000</misses>
				<total>9</total>
				<timestamp>6785.146538</timestamp>
			</report>
			<report>
				<misses>339200000</misses>
				<total>9</total>
				<timestamp>6787.146870</timestamp>
			</report>
			<report>
				<misses>339300000</misses>
				<total>9</total>
				<timestamp>6789.148108</timestamp>
			</report>
			<report>
				<misses>339400000</misses>
				<total>9</total>
				<timestamp>6791.148753</timestamp>
			</report>
			<report>
				<misses>339500000</misses>
				<total>9</total>
				<timestamp>6793.149636</timestamp>
			</report>
			<report>
				<misses>339600000</misses>
				<total>9</total>
				<timestamp>6795.151693</timestamp>
			</report>
			<report>
				<misses>339700000</misses>
				<total>9</total>
				<timestamp>6797.152757</timestamp>
			</report>
			<report>
				<misses>339800000</misses>
				<total>9</total>
				<timestamp>6799.154029</timestamp>
			</report>
			<report>
				<misses>339900000</misses>
				<total>9</total>
				<timestamp>6801.154312</timestamp>
			</report>
			<report>
				<misses>340000000</misses>
				<total>9</total>
				<timestamp>6803.154929</timestamp>
			</report>
			<report>
				<misses>340100000</misses>
				<total>9</total>
				<timestamp>6805.155544</timestamp>
			</report>
			<report>
				<misses>340200000</misses>
				<total>9</total>
				<timestamp>6807.155808</timestamp>
			</report>
			<report>
				<misses>340300000</misses>
				<total>9</total>
				<timestamp>6809.156492</timestamp>
			</report>
			<report>
				<misses>340400000</misses>
				<total>9</total>
				<timestamp>6811.157637</timestamp>
			</report>
			<report>
				<misses>340500000</misses>
				<total>9</total>
				<timestamp>6813.158687</timestamp>
			</report>
			<report>
				<misses>340600000</misses>
				<total>9</total>
				<timestamp>6815.159762</timestamp>
			</report>
			<report>
				<misses>340700000</misses>
				<total>9</total>
				<timestamp>6817.160960</timestamp>
			</report>
			<report>
				<misses>340800000</misses>
				<total>9</total>
				<timestamp>6819.162207</timestamp>
			</report>
			<report>
				<misses>340900000</misses>
				<total>9</total>
				<timestamp>6821.162649</timestamp>
			</report>
			<report>
				<misses>341000000</misses>
				<total>9</total>
				<timestamp>6823.162885</timestamp>
			</report>
			<report>
				<misses>341100000</misses>
				<total>9</total>
				<timestamp>6825.163659</timestamp>
			</report>
			<report>
				<misses>341200000</misses>
				<total>9</total>
				<timestamp>6827.164219</timestamp>
			</report>
			<report>
				<misses>341300000</misses>
				<total>9</total>
				<timestamp>6829.165858</timestamp>
			</report>
			<report>
				<misses>341400000</misses>
				<total>9</total>
				<timestamp>6831.167071</timestamp>
			</report>
			<report>
				<misses>341500000</misses>
				<total>9</total>
				<timestamp>6833.168745</timestamp>
			</report>
			<report>
				<misses>341600000</misses>
				<total>9</total>
				<timestamp>6835.169508</timestamp>
			</report>
			<report>
				<misses>341700000</misses>
				<total>9</total>
				<timestamp>6837.170165</timestamp>
			</report>
			<report>
				<misses>341800000</misses>
				<total>9</total>
				<timestamp>6839.170807</timestamp>
			</report>
			<report>
				<misses>341900000</misses>
				<total>9</total>
				<timestamp>6841.170958</timestamp>
			</report>
			<report>
				<misses>342000000</misses>
				<total>9</total>
				<timestamp>6843.171635</timestamp>
			</report>
			<report>
				<misses>342100000</misses>
				<total>9</total>
				<timestamp>6845.172514</timestamp>
			</report>
			<report>
				<misses>342200000</misses>
				<total>9</total>
				<timestamp>6847.174494</timestamp>
			</report>
			<report>
				<misses>342300000</misses>
				<total>9</total>
				<timestamp>6849.174746</timestamp>
			</report>
			<report>
				<misses>342400000</misses>
				<total>9</total>
				<timestamp>6851.176271</timestamp>
			</report>
			<report>
				<misses>342500000</misses>
				<total>9</total>
				<timestamp>6853.176465</timestamp>
			</report>
			<report>
				<misses>342600000</misses>
				<total>9</total>
				<timestamp>6855.178542</timestamp>
			</report>
			<report>
				<misses>342700000</misses>
				<total>9</total>
				<timestamp>6857.179941</timestamp>
			</report>
			<report>
				<misses>342800000</misses>
				<total>9</total>
				<timestamp>6859.181147</timestamp>
			</report>
			<report>
				<misses>342900000</misses>
				<total>9</total>
				<timestamp>6861.183199</timestamp>
			</report>
			<report>
				<misses>343000000</misses>
				<total>9</total>
				<timestamp>6863.184001</timestamp>
			</report>
			<report>
				<misses>343100000</misses>
				<total>9</total>
				<timestamp>6865.185527</timestamp>
			</report>
			<report>
				<misses>343200000</misses>
				<total>9</total>
				<timestamp>6867.186530</timestamp>
			</report>
			<report>
				<misses>343300000</misses>
				<total>9</total>
				<timestamp>6869.186812</timestamp>
			</report>
			<report>
				<misses>343400000</misses>
				<total>9</total>
				<timestamp>6871.188323</timestamp>
			</report>
			<report>
				<misses>343500000</misses>
				<total>9</total>
				<timestamp>6873.189605</timestamp>
			</report>
			<report>
				<misses>343600000</misses>
				<total>9</total>
				<timestamp>6875.190366</timestamp>
			</report>
			<report>
				<misses>343700000</misses>
				<total>9</total>
				<timestamp>6877.190638</timestamp>
			</report>
			<report>
				<misses>343800000</misses>
				<total>9</total>
				<timestamp>6879.191138</timestamp>
			</report>
			<report>
				<misses>343900000</misses>
				<total>9</total>
				<timestamp>6881.192278</timestamp>
			</report>
			<report>
				<misses>344000000</misses>
				<total>9</total>
				<timestamp>6883.193318</timestamp>
			</report>
			<report>
				<misses>344100000</misses>
				<total>9</total>
				<timestamp>6885.194563</timestamp>
			</report>
			<report>
				<misses>344200000</misses>
				<total>9</total>
				<timestamp>6887.195756</timestamp>
			</report>
			<report>
				<misses>344300000</misses>
				<total>9</total>
				<timestamp>6889.196269</timestamp>
			</report>
			<report>
				<misses>344400000</misses>
				<total>9</total>
				<timestamp>6891.197921</timestamp>
			</report>
			<report>
				<misses>344500000</misses>
				<total>9</total>
				<timestamp>6893.199288</timestamp>
			</report>
			<report>
				<misses>344600000</misses>
				<total>9</total>
				<timestamp>6895.200548</timestamp>
			</report>
			<report>
				<misses>344700000</misses>
				<total>9</total>
				<timestamp>6897.201897</timestamp>
			</report>
			<report>
				<misses>344800000</misses>
				<total>9</total>
				<timestamp>6899.204406</timestamp>
			</report>
			<report>
				<misses>344900000</misses>
				<total>9</total>
				<timestamp>6901.204721</timestamp>
			</report>
			<report>
				<misses>345000000</misses>
				<total>9</total>
				<timestamp>6903.207545</timestamp>
			</report>
			<report>
				<misses>345100000</misses>
				<total>9</total>
				<timestamp>6905.209079</timestamp>
			</report>
			<report>
				<misses>345200000</misses>
				<total>9</total>
				<timestamp>6907.209694</timestamp>
			</report>
			<report>
				<misses>345300000</misses>
				<total>9</total>
				<timestamp>6909.209960</timestamp>
			</report>
			<report>
				<misses>345400000</misses>
				<total>9</total>
				<timestamp>6911.211561</timestamp>
			</report>
			<report>
				<misses>345500000</misses>
				<total>9</total>
				<timestamp>6913.212974</timestamp>
			</report>
			<report>
				<misses>345600000</misses>
				<total>9</total>
				<timestamp>6915.214018</timestamp>
			</report>
			<report>
				<misses>345700000</misses>
				<total>9</total>
				<timestamp>6917.214910</timestamp>
			</report>
			<report>
				<misses>345800000</misses>
				<total>9</total>
				<timestamp>6919.217924</timestamp>
			</report>
			<report>
				<misses>345900000</misses>
				<total>9</total>
				<timestamp>6921.219125</timestamp>
			</report>
			<report>
				<misses>346000000</misses>
				<total>9</total>
				<timestamp>6923.220867</timestamp>
			</report>
			<report>
				<misses>346100000</misses>
				<total>9</total>
				<timestamp>6925.222082</timestamp>
			</report>
			<report>
				<misses>346200000</misses>
				<total>9</total>
				<timestamp>6927.222349</timestamp>
			</report>
			<report>
				<misses>346300000</misses>
				<total>9</total>
				<timestamp>6929.223803</timestamp>
			</report>
			<report>
				<misses>346400000</misses>
				<total>9</total>
				<timestamp>6931.226740</timestamp>
			</report>
			<report>
				<misses>346500000</misses>
				<total>9</total>
				<timestamp>6933.227027</timestamp>
			</report>
			<report>
				<misses>346600000</misses>
				<total>9</total>
				<timestamp>6935.227498</timestamp>
			</report>
			<report>
				<misses>346700000</misses>
				<total>9</total>
				<timestamp>6937.227831</timestamp>
			</report>
			<report>
				<misses>346800000</misses>
				<total>9</total>
				<timestamp>6939.229577</timestamp>
			</report>
			<report>
				<misses>346900000</misses>
				<total>9</total>
				<timestamp>6941.230466</timestamp>
			</report>
			<report>
				<misses>347000000</misses>
				<total>9</total>
				<timestamp>6943.232728</timestamp>
			</report>
			<report>
				<misses>347100000</misses>
				<total>9</total>
				<timestamp>6945.233207</timestamp>
			</report>
			<report>
				<misses>347200000</misses>
				<total>9</total>
				<timestamp>6947.234008</timestamp>
			</report>
			<report>
				<misses>347300000</misses>
				<total>9</total>
				<timestamp>6949.235903</timestamp>
			</report>
			<report>
				<misses>347400000</misses>
				<total>9</total>
				<timestamp>6951.236194</timestamp>
			</report>
			<report>
				<misses>347500000</misses>
				<total>9</total>
				<timestamp>6953.236799</timestamp>
			</report>
			<report>
				<misses>347600000</misses>
				<total>9</total>
				<timestamp>6955.237822</timestamp>
			</report>
			<report>
				<misses>347700000</misses>
				<total>9</total>
				<timestamp>6957.238169</timestamp>
			</report>
			<report>
				<misses>347800000</misses>
				<total>9</total>
				<timestamp>6959.238598</timestamp>
			</report>
			<report>
				<misses>347900000</misses>
				<total>9</total>
				<timestamp>6961.240130</timestamp>
			</report>
			<report>
				<misses>348000000</misses>
				<total>9</total>
				<timestamp>6963.241808</timestamp>
			</report>
			<report>
				<misses>348100000</misses>
				<total>9</total>
				<timestamp>6965.243653</timestamp>
			</report>
			<report>
				<misses>348200000</misses>
				<total>9</total>
				<timestamp>6967.244455</timestamp>
			</report>
			<report>
				<misses>348300000</misses>
				<total>9</total>
				<timestamp>6969.245715</timestamp>
			</report>
			<report>
				<misses>348400000</misses>
				<total>9</total>
				<timestamp>6971.247651</timestamp>
			</report>
			<report>
				<misses>348500000</misses>
				<total>9</total>
				<timestamp>6973.249568</timestamp>
			</report>
			<report>
				<misses>348600000</misses>
				<total>9</total>
				<timestamp>6975.251821</timestamp>
			</report>
			<report>
				<misses>348700000</misses>
				<total>9</total>
				<timestamp>6977.254601</timestamp>
			</report>
			<report>
				<misses>348800000</misses>
				<total>9</total>
				<timestamp>6979.256372</timestamp>
			</report>
			<report>
				<misses>348900000</misses>
				<total>9</total>
				<timestamp>6981.258460</timestamp>
			</report>
			<report>
				<misses>349000000</misses>
				<total>9</total>
				<timestamp>6983.259179</timestamp>
			</report>
			<report>
				<misses>349100000</misses>
				<total>9</total>
				<timestamp>6985.260400</timestamp>
			</report>
			<report>
				<misses>349200000</misses>
				<total>9</total>
				<timestamp>6987.261320</timestamp>
			</report>
			<report>
				<misses>349300000</misses>
				<total>9</total>
				<timestamp>6989.261920</timestamp>
			</report>
			<report>
				<misses>349400000</misses>
				<total>9</total>
				<timestamp>6991.261990</timestamp>
			</report>
			<report>
				<misses>349500000</misses>
				<total>9</total>
				<timestamp>6993.262306</timestamp>
			</report>
			<report>
				<misses>349600000</misses>
				<total>9</total>
				<timestamp>6995.263587</timestamp>
			</report>
			<report>
				<misses>349700000</misses>
				<total>9</total>
				<timestamp>6997.264315</timestamp>
			</report>
			<report>
				<misses>349800000</misses>
				<total>9</total>
				<timestamp>6999.266268</timestamp>
			</report>
			<report>
				<misses>349900000</misses>
				<total>9</total>
				<timestamp>7001.267172</timestamp>
			</report>
			<report>
				<misses>350000000</misses>
				<total>9</total>
				<timestamp>7003.267996</timestamp>
			</report>
			<report>
				<misses>350100000</misses>
				<total>9</total>
				<timestamp>7005.268548</timestamp>
			</report>
			<report>
				<misses>350200000</misses>
				<total>9</total>
				<timestamp>7007.269399</timestamp>
			</report>
			<report>
				<misses>350300000</misses>
				<total>9</total>
				<timestamp>7009.269771</timestamp>
			</report>
			<report>
				<misses>350400000</misses>
				<total>9</total>
				<timestamp>7011.270527</timestamp>
			</report>
			<report>
				<misses>350500000</misses>
				<total>9</total>
				<timestamp>7013.271135</timestamp>
			</report>
			<report>
				<misses>350600000</misses>
				<total>9</total>
				<timestamp>7015.272777</timestamp>
			</report>
			<report>
				<misses>350700000</misses>
				<total>9</total>
				<timestamp>7017.274854</timestamp>
			</report>
			<report>
				<misses>350800000</misses>
				<total>9</total>
				<timestamp>7019.276498</timestamp>
			</report>
			<report>
				<misses>350900000</misses>
				<total>9</total>
				<timestamp>7021.276800</timestamp>
			</report>
			<report>
				<misses>351000000</misses>
				<total>9</total>
				<timestamp>7023.278116</timestamp>
			</report>
			<report>
				<misses>351100000</misses>
				<total>9</total>
				<timestamp>7025.278310</timestamp>
			</report>
			<report>
				<misses>351200000</misses>
				<total>9</total>
				<timestamp>7027.278575</timestamp>
			</report>
			<report>
				<misses>351300000</misses>
				<total>9</total>
				<timestamp>7029.279161</timestamp>
			</report>
			<report>
				<misses>351400000</misses>
				<total>9</total>
				<timestamp>7031.280181</timestamp>
			</report>
			<report>
				<misses>351500000</misses>
				<total>9</total>
				<timestamp>7033.281215</timestamp>
			</report>
			<report>
				<misses>351600000</misses>
				<total>9</total>
				<timestamp>7035.282673</timestamp>
			</report>
			<report>
				<misses>351700000</misses>
				<total>9</total>
				<timestamp>7037.285271</timestamp>
			</report>
			<report>
				<misses>351800000</misses>
				<total>9</total>
				<timestamp>7039.287437</timestamp>
			</report>
			<report>
				<misses>351900000</misses>
				<total>9</total>
				<timestamp>7041.289176</timestamp>
			</report>
			<report>
				<misses>352000000</misses>
				<total>9</total>
				<timestamp>7043.290725</timestamp>
			</report>
			<report>
				<misses>352100000</misses>
				<total>9</total>
				<timestamp>7045.291874</timestamp>
			</report>
			<report>
				<misses>352200000</misses>
				<total>9</total>
				<timestamp>7047.294344</timestamp>
			</report>
			<report>
				<misses>352300000</misses>
				<total>9</total>
				<timestamp>7049.294975</timestamp>
			</report>
			<report>
				<misses>352400000</misses>
				<total>9</total>
				<timestamp>7051.297964</timestamp>
			</report>
			<report>
				<misses>352500000</misses>
				<total>9</total>
				<timestamp>7053.299094</timestamp>
			</report>
			<report>
				<misses>352600000</misses>
				<total>9</total>
				<timestamp>7055.301115</timestamp>
			</report>
			<report>
				<misses>352700000</misses>
				<total>9</total>
				<timestamp>7057.302380</timestamp>
			</report>
			<report>
				<misses>352800000</misses>
				<total>9</total>
				<timestamp>7059.304005</timestamp>
			</report>
			<report>
				<misses>352900000</misses>
				<total>9</total>
				<timestamp>7061.304262</timestamp>
			</report>
			<report>
				<misses>353000000</misses>
				<total>9</total>
				<timestamp>7063.304421</timestamp>
			</report>
			<report>
				<misses>353100000</misses>
				<total>9</total>
				<timestamp>7065.304659</timestamp>
			</report>
			<report>
				<misses>353200000</misses>
				<total>9</total>
				<timestamp>7067.305883</timestamp>
			</report>
			<report>
				<misses>353300000</misses>
				<total>9</total>
				<timestamp>7069.307626</timestamp>
			</report>
			<report>
				<misses>353400000</misses>
				<total>9</total>
				<timestamp>7071.309470</timestamp>
			</report>
			<report>
				<misses>353500000</misses>
				<total>9</total>
				<timestamp>7073.310521</timestamp>
			</report>
			<report>
				<misses>353600000</misses>
				<total>9</total>
				<timestamp>7075.312528</timestamp>
			</report>
			<report>
				<misses>353700000</misses>
				<total>9</total>
				<timestamp>7077.313307</timestamp>
			</report>
			<report>
				<misses>353800000</misses>
				<total>9</total>
				<timestamp>7079.313736</timestamp>
			</report>
			<report>
				<misses>353900000</misses>
				<total>9</total>
				<timestamp>7081.314229</timestamp>
			</report>
			<report>
				<misses>354000000</misses>
				<total>9</total>
				<timestamp>7083.315231</timestamp>
			</report>
			<report>
				<misses>354100000</misses>
				<total>9</total>
				<timestamp>7085.316147</timestamp>
			</report>
			<report>
				<misses>354200000</misses>
				<total>9</total>
				<timestamp>7087.316681</timestamp>
			</report>
			<report>
				<misses>354300000</misses>
				<total>9</total>
				<timestamp>7089.317850</timestamp>
			</report>
			<report>
				<misses>354400000</misses>
				<total>9</total>
				<timestamp>7091.319477</timestamp>
			</report>
			<report>
				<misses>354500000</misses>
				<total>9</total>
				<timestamp>7093.320843</timestamp>
			</report>
			<report>
				<misses>354600000</misses>
				<total>9</total>
				<timestamp>7095.320920</timestamp>
			</report>
			<report>
				<misses>354700000</misses>
				<total>9</total>
				<timestamp>7097.321298</timestamp>
			</report>
			<report>
				<misses>354800000</misses>
				<total>9</total>
				<timestamp>7099.321681</timestamp>
			</report>
			<report>
				<misses>354900000</misses>
				<total>9</total>
				<timestamp>7101.322356</timestamp>
			</report>
			<report>
				<misses>355000000</misses>
				<total>9</total>
				<timestamp>7103.323912</timestamp>
			</report>
			<report>
				<misses>355100000</misses>
				<total>9</total>
				<timestamp>7105.324090</timestamp>
			</report>
			<report>
				<misses>355200000</misses>
				<total>9</total>
				<timestamp>7107.325264</timestamp>
			</report>
			<report>
				<misses>355300000</misses>
				<total>9</total>
				<timestamp>7109.325306</timestamp>
			</report>
			<report>
				<misses>355400000</misses>
				<total>9</total>
				<timestamp>7111.325992</timestamp>
			</report>
			<report>
				<misses>355500000</misses>
				<total>9</total>
				<timestamp>7113.326173</timestamp>
			</report>
			<report>
				<misses>355600000</misses>
				<total>9</total>
				<timestamp>7115.326421</timestamp>
			</report>
			<report>
				<misses>355700000</misses>
				<total>9</total>
				<timestamp>7117.326683</timestamp>
			</report>
			<report>
				<misses>355800000</misses>
				<total>9</total>
				<timestamp>7119.328106</timestamp>
			</report>
			<report>
				<misses>355900000</misses>
				<total>9</total>
				<timestamp>7121.328430</timestamp>
			</report>
			<report>
				<misses>356000000</misses>
				<total>9</total>
				<timestamp>7123.329892</timestamp>
			</report>
			<report>
				<misses>356100000</misses>
				<total>9</total>
				<timestamp>7125.332101</timestamp>
			</report>
			<report>
				<misses>356200000</misses>
				<total>9</total>
				<timestamp>7127.332741</timestamp>
			</report>
			<report>
				<misses>356300000</misses>
				<total>9</total>
				<timestamp>7129.334562</timestamp>
			</report>
			<report>
				<misses>356400000</misses>
				<total>9</total>
				<timestamp>7131.334922</timestamp>
			</report>
			<report>
				<misses>356500000</misses>
				<total>9</total>
				<timestamp>7133.335572</timestamp>
			</report>
			<report>
				<misses>356600000</misses>
				<total>9</total>
				<timestamp>7135.337448</timestamp>
			</report>
			<report>
				<misses>356700000</misses>
				<total>9</total>
				<timestamp>7137.340054</timestamp>
			</report>
			<report>
				<misses>356800000</misses>
				<total>9</total>
				<timestamp>7139.340999</timestamp>
			</report>
			<report>
				<misses>356900000</misses>
				<total>9</total>
				<timestamp>7141.342593</timestamp>
			</report>
			<report>
				<misses>357000000</misses>
				<total>9</total>
				<timestamp>7143.342643</timestamp>
			</report>
			<report>
				<misses>357100000</misses>
				<total>9</total>
				<timestamp>7145.344947</timestamp>
			</report>
			<report>
				<misses>357200000</misses>
				<total>9</total>
				<timestamp>7147.345903</timestamp>
			</report>
			<report>
				<misses>357300000</misses>
				<total>9</total>
				<timestamp>7149.347018</timestamp>
			</report>
			<report>
				<misses>357400000</misses>
				<total>9</total>
				<timestamp>7151.348011</timestamp>
			</report>
			<report>
				<misses>357500000</misses>
				<total>9</total>
				<timestamp>7153.349410</timestamp>
			</report>
			<report>
				<misses>357600000</misses>
				<total>9</total>
				<timestamp>7155.352155</timestamp>
			</report>
			<report>
				<misses>357700000</misses>
				<total>9</total>
				<timestamp>7157.354172</timestamp>
			</report>
			<report>
				<misses>357800000</misses>
				<total>9</total>
				<timestamp>7159.355014</timestamp>
			</report>
			<report>
				<misses>357900000</misses>
				<total>9</total>
				<timestamp>7161.355402</timestamp>
			</report>
			<report>
				<misses>358000000</misses>
				<total>9</total>
				<timestamp>7163.357329</timestamp>
			</report>
			<report>
				<misses>358100000</misses>
				<total>9</total>
				<timestamp>7165.357545</timestamp>
			</report>
			<report>
				<misses>358200000</misses>
				<total>9</total>
				<timestamp>7167.358406</timestamp>
			</report>
			<report>
				<misses>358300000</misses>
				<total>9</total>
				<timestamp>7169.358489</timestamp>
			</report>
			<report>
				<misses>358400000</misses>
				<total>9</total>
				<timestamp>7171.358587</timestamp>
			</report>
			<report>
				<misses>358500000</misses>
				<total>9</total>
				<timestamp>7173.360224</timestamp>
			</report>
			<report>
				<misses>358600000</misses>
				<total>9</total>
				<timestamp>7175.361058</timestamp>
			</report>
			<report>
				<misses>358700000</misses>
				<total>9</total>
				<timestamp>7177.362135</timestamp>
			</report>
			<report>
				<misses>358800000</misses>
				<total>9</total>
				<timestamp>7179.364388</timestamp>
			</report>
			<report>
				<misses>358900000</misses>
				<total>9</total>
				<timestamp>7181.366111</timestamp>
			</report>
			<report>
				<misses>359000000</misses>
				<total>9</total>
				<timestamp>7183.367375</timestamp>
			</report>
			<report>
				<misses>359100000</misses>
				<total>9</total>
				<timestamp>7185.368538</timestamp>
			</report>
			<report>
				<misses>359200000</misses>
				<total>9</total>
				<timestamp>7187.369189</timestamp>
			</report>
			<report>
				<misses>359300000</misses>
				<total>9</total>
				<timestamp>7189.369390</timestamp>
			</report>
			<report>
				<misses>359400000</misses>
				<total>9</total>
				<timestamp>7191.370515</timestamp>
			</report>
			<report>
				<misses>359500000</misses>
				<total>9</total>
				<timestamp>7193.372480</timestamp>
			</report>
			<report>
				<misses>359600000</misses>
				<total>9</total>
				<timestamp>7195.374005</timestamp>
			</report>
			<report>
				<misses>359700000</misses>
				<total>9</total>
				<timestamp>7197.376203</timestamp>
			</report>
			<report>
				<misses>359800000</misses>
				<total>9</total>
				<timestamp>7199.377198</timestamp>
			</report>
		</query>
	</custom>
	<ethtool_statistic>
		<rx_packets>
			<start>32909229</start>
			<end>368273894</end>
		</rx_packets>
		<tx_packets>
			<start>99460131</start>
			<end>660560313</end>
		</tx_packets>
		<rx_dropped>
			<start>0</start>
			<end>0</end>
		</rx_dropped>
		<tx_dropped>
			<start>0</start>
			<end>0</end>
		</tx_dropped>
		<collisions>
			<start>0</start>
			<end>0</end>
		</collisions>
		<port_tx_errors>
			<start>0</start>
			<end>0</end>
		</port_tx_errors>
		<port_rx_dropped>
			<start>0</start>
			<end>0</end>
		</port_rx_dropped>
		<port_tx_dropped_link_down>
			<start>0</start>
			<end>0</end>
		</port_tx_dropped_link_down>
	</ethtool_statistic>
	<ip_statistic>
		<mtu>
			<start>9000</start>
			<end>9000</end>
		</mtu>
		<rx_bytes>
			<start>295841566272</start>
			<end>3310705872213</end>
		</rx_bytes>
		<rx_packets>
			<start>32909280</start>
			<end>368273950</end>
		</rx_packets>
		<rx_errors>
			<start>0</start>
			<end>0</end>
		</rx_errors>
		<rx_dropped>
			<start>0</start>
			<end>0</end>
		</rx_dropped>
		<rx_missed>
			<start>0</start>
			<end>0</end>
		</rx_missed>
		<rx_mcast>
			<start>41</start>
			<end>144</end>
		</rx_mcast>
		<tx_bytes>
			<start>206872102726</start>
			<end>2060343483108</end>
		</tx_bytes>
		<tx_packets>
			<start>99460173</start>
			<end>660560367</end>
		</tx_packets>
		<tx_errors>
			<start>0</start>
			<end>0</end>
		</tx_errors>
		<tx_dropped>
			<start>0</start>
			<end>0</end>
		</tx_dropped>
		<tx_carrier>
			<start>0</start>
			<end>0</end>
		</tx_carrier>
		<tx_collisions>
			<start>0</start>
			<end>0</end>
		</tx_collisions>
	</ip_statistic>
	<netstat_statistic>
		<udp_pkg_rec>
			<start>30162407</start>
			<end>351952233</end>
		</udp_pkg_rec>
		<udp_pkg_snt>
			<start>99465120</start>
			<end>660619896</end>
		</udp_pkg_snt>
		<udp_rec_err>
			<start>2751624</start>
			<end>16362278</end>
		</udp_rec_err>
		<udp_rec_buf_err>
			<start>2751624</start>
			<end>16362278</end>
		</udp_rec_buf_err>
		<udp_snt_buf_err>
			<start>0</start>
			<end>0</end>
		</udp_snt_buf_err>
	</netstat_statistic>
</test_results>
