<?xml version="1.0"?>
<test_results>
	<status>STATUS_SUCCESS</status>
	<custom>
		<num_loss>2</num_loss>
		<num_total>5726813</num_total>
		<num_misses>114262812</num_misses>
		<elapsed_time>299.973923</elapsed_time>
		<query>
			<report>
				<misses>100001</misses>
				<total>0</total>
				<timestamp>5.238310</timestamp>
			</report>
			<report>
				<misses>200001</misses>
				<total>1</total>
				<timestamp>10.476255</timestamp>
			</report>
			<report>
				<misses>300001</misses>
				<total>1</total>
				<timestamp>15.714131</timestamp>
			</report>
			<report>
				<misses>400001</misses>
				<total>1</total>
				<timestamp>20.951919</timestamp>
			</report>
			<report>
				<misses>500001</misses>
				<total>1</total>
				<timestamp>26.189853</timestamp>
			</report>
			<report>
				<misses>600001</misses>
				<total>0</total>
				<timestamp>31.428044</timestamp>
			</report>
			<report>
				<misses>700001</misses>
				<total>0</total>
				<timestamp>36.665980</timestamp>
			</report>
			<report>
				<misses>800001</misses>
				<total>0</total>
				<timestamp>41.903945</timestamp>
			</report>
			<report>
				<misses>900001</misses>
				<total>0</total>
				<timestamp>47.141814</timestamp>
			</report>
			<report>
				<misses>1000001</misses>
				<total>0</total>
				<timestamp>52.379862</timestamp>
			</report>
			<report>
				<misses>1100001</misses>
				<total>0</total>
				<timestamp>57.617828</timestamp>
			</report>
			<report>
				<misses>1200001</misses>
				<total>0</total>
				<timestamp>62.857297</timestamp>
			</report>
			<report>
				<misses>1300001</misses>
				<total>0</total>
				<timestamp>68.095217</timestamp>
			</report>
			<report>
				<misses>1400001</misses>
				<total>0</total>
				<timestamp>73.333165</timestamp>
			</report>
			<report>
				<misses>1500001</misses>
				<total>0</total>
				<timestamp>78.571099</timestamp>
			</report>
			<report>
				<misses>1600001</misses>
				<total>0</total>
				<timestamp>83.808976</timestamp>
			</report>
			<report>
				<misses>1700001</misses>
				<total>0</total>
				<timestamp>89.046920</timestamp>
			</report>
			<report>
				<misses>1800001</misses>
				<total>0</total>
				<timestamp>94.284859</timestamp>
			</report>
			<report>
				<misses>1900001</misses>
				<total>0</total>
				<timestamp>99.522776</timestamp>
			</report>
			<report>
				<misses>2000001</misses>
				<total>0</total>
				<timestamp>104.760674</timestamp>
			</report>
			<report>
				<misses>2100001</misses>
				<total>0</total>
				<timestamp>109.998644</timestamp>
			</report>
			<report>
				<misses>2200001</misses>
				<total>0</total>
				<timestamp>115.236525</timestamp>
			</report>
			<report>
				<misses>2300001</misses>
				<total>0</total>
				<timestamp>120.476037</timestamp>
			</report>
			<report>
				<misses>2400001</misses>
				<total>1</total>
				<timestamp>125.713962</timestamp>
			</report>
			<report>
				<misses>2500001</misses>
				<total>1</total>
				<timestamp>130.951932</timestamp>
			</report>
			<report>
				<misses>2600001</misses>
				<total>1</total>
				<timestamp>136.189876</timestamp>
			</report>
			<report>
				<misses>2700001</misses>
				<total>1</total>
				<timestamp>141.427848</timestamp>
			</report>
			<report>
				<misses>2800001</misses>
				<total>1</total>
				<timestamp>146.665734</timestamp>
			</report>
			<report>
				<misses>2900001</misses>
				<total>1</total>
				<timestamp>151.903618</timestamp>
			</report>
			<report>
				<misses>3000001</misses>
				<total>1</total>
				<timestamp>157.141547</timestamp>
			</report>
			<report>
				<misses>3100001</misses>
				<total>1</total>
				<timestamp>162.379532</timestamp>
			</report>
			<report>
				<misses>3200001</misses>
				<total>2</total>
				<timestamp>167.617450</timestamp>
			</report>
			<report>
				<misses>3300001</misses>
				<total>2</total>
				<timestamp>172.855421</timestamp>
			</report>
			<report>
				<misses>3400001</misses>
				<total>2</total>
				<timestamp>178.093306</timestamp>
			</report>
			<report>
				<misses>3500001</misses>
				<total>2</total>
				<timestamp>183.332685</timestamp>
			</report>
			<report>
				<misses>3600001</misses>
				<total>2</total>
				<timestamp>188.570753</timestamp>
			</report>
			<report>
				<misses>3700001</misses>
				<total>2</total>
				<timestamp>193.808684</timestamp>
			</report>
			<report>
				<misses>3800001</misses>
				<total>2</total>
				<timestamp>199.046733</timestamp>
			</report>
			<report>
				<misses>3900001</misses>
				<total>2</total>
				<timestamp>204.284642</timestamp>
			</report>
			<report>
				<misses>4000001</misses>
				<total>2</total>
				<timestamp>209.522560</timestamp>
			</report>
			<report>
				<misses>4100001</misses>
				<total>2</total>
				<timestamp>214.760457</timestamp>
			</report>
			<report>
				<misses>4200001</misses>
				<total>2</total>
				<timestamp>219.998367</timestamp>
			</report>
			<report>
				<misses>4300001</misses>
				<total>2</total>
				<timestamp>225.236287</timestamp>
			</report>
			<report>
				<misses>4400001</misses>
				<total>2</total>
				<timestamp>230.474221</timestamp>
			</report>
			<report>
				<misses>4500001</misses>
				<total>2</total>
				<timestamp>235.712157</timestamp>
			</report>
			<report>
				<misses>4600001</misses>
				<total>2</total>
				<timestamp>240.951693</timestamp>
			</report>
			<report>
				<misses>4700001</misses>
				<total>2</total>
				<timestamp>246.189587</timestamp>
			</report>
			<report>
				<misses>4800001</misses>
				<total>2</total>
				<timestamp>251.427590</timestamp>
			</report>
			<report>
				<misses>4900001</misses>
				<total>2</total>
				<timestamp>256.665458</timestamp>
			</report>
			<report>
				<misses>5000001</misses>
				<total>2</total>
				<timestamp>261.903396</timestamp>
			</report>
			<report>
				<misses>5100001</misses>
				<total>2</total>
				<timestamp>267.141268</timestamp>
			</report>
			<report>
				<misses>5200001</misses>
				<total>2</total>
				<timestamp>272.379180</timestamp>
			</report>
			<report>
				<misses>5300001</misses>
				<total>2</total>
				<timestamp>277.617065</timestamp>
			</report>
			<report>
				<misses>5400001</misses>
				<total>2</total>
				<timestamp>282.854978</timestamp>
			</report>
			<report>
				<misses>5500001</misses>
				<total>2</total>
				<timestamp>288.092879</timestamp>
			</report>
			<report>
				<misses>5600001</misses>
				<total>2</total>
				<timestamp>293.330793</timestamp>
			</report>
			<report>
				<misses>5700001</misses>
				<total>2</total>
				<timestamp>298.568677</timestamp>
			</report>
		</query>
	</custom>
	<ethtool_statistic>
		<rx_packets>
			<start>3715452690</start>
			<end>3760917718</end>
		</rx_packets>
		<tx_packets>
			<start>5963116709</start>
			<end>6008930996</end>
		</tx_packets>
		<rx_dropped>
			<start>0</start>
			<end>0</end>
		</rx_dropped>
		<tx_dropped>
			<start>0</start>
			<end>0</end>
		</tx_dropped>
		<collisions>
			<start>0</start>
			<end>0</end>
		</collisions>
		<port_tx_errors>
			<start>-1</start>
			<end>-1</end>
		</port_tx_errors>
		<port_rx_dropped>
			<start>-1</start>
			<end>-1</end>
		</port_rx_dropped>
		<port_tx_dropped_link_down>
			<start>-1</start>
			<end>-1</end>
		</port_tx_dropped_link_down>
	</ethtool_statistic>
	<ip_statistic>
		<mtu>
			<start>9000</start>
			<end>9000</end>
		</mtu>
		<rx_bytes>
			<start>22231540273848</start>
			<end>22602529920259</end>
		</rx_bytes>
		<rx_packets>
			<start>3715453000</start>
			<end>3760917718</end>
		</rx_packets>
		<rx_errors>
			<start>0</start>
			<end>0</end>
		</rx_errors>
		<rx_dropped>
			<start>0</start>
			<end>0</end>
		</rx_dropped>
		<rx_missed>
			<start>45648</start>
			<end>46617</end>
		</rx_missed>
		<rx_mcast>
			<start>151</start>
			<end>151</end>
		</rx_mcast>
		<tx_bytes>
			<start>32190799056645</start>
			<end>32564641710624</end>
		</tx_bytes>
		<tx_packets>
			<start>5963116709</start>
			<end>6008930996</end>
		</tx_packets>
		<tx_errors>
			<start>0</start>
			<end>0</end>
		</tx_errors>
		<tx_dropped>
			<start>0</start>
			<end>0</end>
		</tx_dropped>
		<tx_carrier>
			<start>0</start>
			<end>0</end>
		</tx_carrier>
		<tx_collisions>
			<start>0</start>
			<end>0</end>
		</tx_collisions>
	</ip_statistic>
	<netstat_statistic>
		<udp_pkg_rec>
			<start>4064340726</start>
			<end>4074600059</end>
		</udp_pkg_rec>
		<udp_pkg_snt>
			<start>7765698451</start>
			<end>7777153810</end>
		</udp_pkg_snt>
		<udp_rec_err>
			<start>0</start>
			<end>0</end>
		</udp_rec_err>
		<udp_rec_buf_err>
			<start>0</start>
			<end>0</end>
		</udp_rec_buf_err>
		<udp_snt_buf_err>
			<start>0</start>
			<end>0</end>
		</udp_snt_buf_err>
	</netstat_statistic>
</test_results>
