<?xml version="1.0"?>
<test_results>
	<status>STATUS_SUCCESS</status>
	<custom>
		<num_loss>-1</num_loss>
		<num_total>-1</num_total>
		<num_misses>-1</num_misses>
		<elapsed_time>-1.000000</elapsed_time>
		<query />
	</custom>
	<ethtool_statistic>
		<rx_packets>
			<start>5652618354</start>
			<end>5725503418</end>
		</rx_packets>
		<tx_packets>
			<start>4100452109</start>
			<end>4149854884</end>
		</tx_packets>
		<rx_dropped>
			<start>0</start>
			<end>0</end>
		</rx_dropped>
		<tx_dropped>
			<start>0</start>
			<end>0</end>
		</tx_dropped>
		<collisions>
			<start>0</start>
			<end>0</end>
		</collisions>
		<port_tx_errors>
			<start>0</start>
			<end>0</end>
		</port_tx_errors>
		<port_rx_dropped>
			<start>0</start>
			<end>0</end>
		</port_rx_dropped>
		<port_tx_dropped_link_down>
			<start>0</start>
			<end>0</end>
		</port_tx_dropped_link_down>
	</ethtool_statistic>
	<ip_statistic>
		<mtu>
			<start>9000</start>
			<end>9000</end>
		</mtu>
		<rx_bytes>
			<start>37791065050889</start>
			<end>38413134740001</end>
		</rx_bytes>
		<rx_packets>
			<start>5652618427</start>
			<end>5725503564</end>
		</rx_packets>
		<rx_errors>
			<start>0</start>
			<end>0</end>
		</rx_errors>
		<rx_dropped>
			<start>0</start>
			<end>0</end>
		</rx_dropped>
		<rx_missed>
			<start>0</start>
			<end>0</end>
		</rx_missed>
		<rx_mcast>
			<start>1321</start>
			<end>1335</end>
		</rx_mcast>
		<tx_bytes>
			<start>36862699937773</start>
			<end>37306823325989</end>
		</tx_bytes>
		<tx_packets>
			<start>4100452193</start>
			<end>4149854971</end>
		</tx_packets>
		<tx_errors>
			<start>0</start>
			<end>0</end>
		</tx_errors>
		<tx_dropped>
			<start>0</start>
			<end>0</end>
		</tx_dropped>
		<tx_carrier>
			<start>0</start>
			<end>0</end>
		</tx_carrier>
		<tx_collisions>
			<start>0</start>
			<end>0</end>
		</tx_collisions>
	</ip_statistic>
	<netstat_statistic>
		<udp_pkg_rec>
			<start>4278951205</start>
			<end>4313365814</end>
		</udp_pkg_rec>
		<udp_pkg_snt>
			<start>4100440995</start>
			<end>4149843016</end>
		</udp_pkg_snt>
		<udp_rec_err>
			<start>66607102</start>
			<end>67161437</end>
		</udp_rec_err>
		<udp_rec_buf_err>
			<start>66607102</start>
			<end>67161437</end>
		</udp_rec_buf_err>
		<udp_snt_buf_err>
			<start>0</start>
			<end>0</end>
		</udp_snt_buf_err>
	</netstat_statistic>
</test_results>
