<?xml version="1.0"?>
<test_results>
	<status>STATUS_SUCCESS</status>
	<custom>
		<num_loss>64</num_loss>
		<num_total>5000001</num_total>
		<num_misses>40</num_misses>
		<elapsed_time>449.999227</elapsed_time>
		<query>
			<report>
				<misses>100000</misses>
				<total>1</total>
				<timestamp>9.000216</timestamp>
			</report>
			<report>
				<misses>200000</misses>
				<total>3</total>
				<timestamp>18.000097</timestamp>
			</report>
			<report>
				<misses>300000</misses>
				<total>3</total>
				<timestamp>27.000281</timestamp>
			</report>
			<report>
				<misses>400000</misses>
				<total>3</total>
				<timestamp>36.000445</timestamp>
			</report>
			<report>
				<misses>500000</misses>
				<total>5</total>
				<timestamp>45.000357</timestamp>
			</report>
			<report>
				<misses>600000</misses>
				<total>9</total>
				<timestamp>54.000393</timestamp>
			</report>
			<report>
				<misses>700000</misses>
				<total>9</total>
				<timestamp>63.000300</timestamp>
			</report>
			<report>
				<misses>800000</misses>
				<total>9</total>
				<timestamp>72.000200</timestamp>
			</report>
			<report>
				<misses>900000</misses>
				<total>11</total>
				<timestamp>81.000096</timestamp>
			</report>
			<report>
				<misses>1000000</misses>
				<total>12</total>
				<timestamp>90.000008</timestamp>
			</report>
			<report>
				<misses>1100000</misses>
				<total>14</total>
				<timestamp>98.999913</timestamp>
			</report>
			<report>
				<misses>1200000</misses>
				<total>16</total>
				<timestamp>107.999823</timestamp>
			</report>
			<report>
				<misses>1300000</misses>
				<total>16</total>
				<timestamp>116.999744</timestamp>
			</report>
			<report>
				<misses>1400000</misses>
				<total>17</total>
				<timestamp>125.999734</timestamp>
			</report>
			<report>
				<misses>1500000</misses>
				<total>18</total>
				<timestamp>134.999645</timestamp>
			</report>
			<report>
				<misses>1600000</misses>
				<total>21</total>
				<timestamp>143.999652</timestamp>
			</report>
			<report>
				<misses>1700000</misses>
				<total>24</total>
				<timestamp>152.999642</timestamp>
			</report>
			<report>
				<misses>1800000</misses>
				<total>24</total>
				<timestamp>161.999999</timestamp>
			</report>
			<report>
				<misses>1900000</misses>
				<total>25</total>
				<timestamp>170.999922</timestamp>
			</report>
			<report>
				<misses>2000000</misses>
				<total>25</total>
				<timestamp>179.999824</timestamp>
			</report>
			<report>
				<misses>2100000</misses>
				<total>25</total>
				<timestamp>188.999736</timestamp>
			</report>
			<report>
				<misses>2200000</misses>
				<total>25</total>
				<timestamp>197.999645</timestamp>
			</report>
			<report>
				<misses>2300000</misses>
				<total>27</total>
				<timestamp>206.999656</timestamp>
			</report>
			<report>
				<misses>2400000</misses>
				<total>27</total>
				<timestamp>215.999650</timestamp>
			</report>
			<report>
				<misses>2500000</misses>
				<total>27</total>
				<timestamp>224.999569</timestamp>
			</report>
			<report>
				<misses>2600000</misses>
				<total>29</total>
				<timestamp>233.999653</timestamp>
			</report>
			<report>
				<misses>2700000</misses>
				<total>30</total>
				<timestamp>242.999566</timestamp>
			</report>
			<report>
				<misses>2800000</misses>
				<total>30</total>
				<timestamp>251.999471</timestamp>
			</report>
			<report>
				<misses>2900000</misses>
				<total>31</total>
				<timestamp>260.999453</timestamp>
			</report>
			<report>
				<misses>3000000</misses>
				<total>31</total>
				<timestamp>269.999369</timestamp>
			</report>
			<report>
				<misses>3100000</misses>
				<total>35</total>
				<timestamp>278.999284</timestamp>
			</report>
			<report>
				<misses>3200000</misses>
				<total>36</total>
				<timestamp>287.999202</timestamp>
			</report>
			<report>
				<misses>3300000</misses>
				<total>37</total>
				<timestamp>296.999289</timestamp>
			</report>
			<report>
				<misses>3400000</misses>
				<total>38</total>
				<timestamp>305.999475</timestamp>
			</report>
			<report>
				<misses>3500000</misses>
				<total>40</total>
				<timestamp>314.999387</timestamp>
			</report>
			<report>
				<misses>3600000</misses>
				<total>41</total>
				<timestamp>323.999286</timestamp>
			</report>
			<report>
				<misses>3700000</misses>
				<total>43</total>
				<timestamp>332.999346</timestamp>
			</report>
			<report>
				<misses>3800000</misses>
				<total>46</total>
				<timestamp>341.999197</timestamp>
			</report>
			<report>
				<misses>3900000</misses>
				<total>46</total>
				<timestamp>350.999657</timestamp>
			</report>
			<report>
				<misses>4000000</misses>
				<total>46</total>
				<timestamp>359.999559</timestamp>
			</report>
			<report>
				<misses>4100000</misses>
				<total>46</total>
				<timestamp>368.999731</timestamp>
			</report>
			<report>
				<misses>4200000</misses>
				<total>47</total>
				<timestamp>377.999653</timestamp>
			</report>
			<report>
				<misses>4300000</misses>
				<total>48</total>
				<timestamp>386.999565</timestamp>
			</report>
			<report>
				<misses>4400000</misses>
				<total>52</total>
				<timestamp>395.999471</timestamp>
			</report>
			<report>
				<misses>4500000</misses>
				<total>54</total>
				<timestamp>404.999391</timestamp>
			</report>
			<report>
				<misses>4600000</misses>
				<total>55</total>
				<timestamp>413.999287</timestamp>
			</report>
			<report>
				<misses>4700000</misses>
				<total>57</total>
				<timestamp>422.999286</timestamp>
			</report>
			<report>
				<misses>4800000</misses>
				<total>60</total>
				<timestamp>431.999399</timestamp>
			</report>
			<report>
				<misses>4900000</misses>
				<total>62</total>
				<timestamp>440.999293</timestamp>
			</report>
			<report>
				<misses>5000000</misses>
				<total>64</total>
				<timestamp>449.999203</timestamp>
			</report>
		</query>
	</custom>
	<ethtool_statistic>
		<rx_packets>
			<start>2757497698</start>
			<end>2778677879</end>
		</rx_packets>
		<tx_packets>
			<start>3112710784</start>
			<end>3130420693</end>
		</tx_packets>
		<rx_dropped>
			<start>0</start>
			<end>0</end>
		</rx_dropped>
		<tx_dropped>
			<start>0</start>
			<end>0</end>
		</tx_dropped>
		<collisions>
			<start>0</start>
			<end>0</end>
		</collisions>
		<port_tx_errors>
			<start>0</start>
			<end>0</end>
		</port_tx_errors>
		<port_rx_dropped>
			<start>0</start>
			<end>0</end>
		</port_rx_dropped>
		<port_tx_dropped_link_down>
			<start>0</start>
			<end>0</end>
		</port_tx_dropped_link_down>
	</ethtool_statistic>
	<ip_statistic>
		<mtu>
			<start>9000</start>
			<end>9000</end>
		</mtu>
		<rx_bytes>
			<start>24788954186850</start>
			<end>24979361630400</end>
		</rx_bytes>
		<rx_packets>
			<start>2757497726</start>
			<end>2778677936</end>
		</rx_packets>
		<rx_errors>
			<start>0</start>
			<end>0</end>
		</rx_errors>
		<rx_dropped>
			<start>0</start>
			<end>0</end>
		</rx_dropped>
		<rx_missed>
			<start>0</start>
			<end>0</end>
		</rx_missed>
		<rx_mcast>
			<start>534</start>
			<end>539</end>
		</rx_mcast>
		<tx_bytes>
			<start>16102252334638</start>
			<end>16261222040778</end>
		</tx_bytes>
		<tx_packets>
			<start>3112710839</start>
			<end>3130420729</end>
		</tx_packets>
		<tx_errors>
			<start>0</start>
			<end>0</end>
		</tx_errors>
		<tx_dropped>
			<start>0</start>
			<end>0</end>
		</tx_dropped>
		<tx_carrier>
			<start>0</start>
			<end>0</end>
		</tx_carrier>
		<tx_collisions>
			<start>0</start>
			<end>0</end>
		</tx_collisions>
	</ip_statistic>
	<netstat_statistic>
		<udp_pkg_rec>
			<start>2598948518</start>
			<end>2619083349</end>
		</udp_pkg_rec>
		<udp_pkg_snt>
			<start>3112954624</start>
			<end>3130667902</end>
		</udp_pkg_snt>
		<udp_rec_err>
			<start>158788130</start>
			<end>159835730</end>
		</udp_rec_err>
		<udp_rec_buf_err>
			<start>158788130</start>
			<end>159835730</end>
		</udp_rec_buf_err>
		<udp_snt_buf_err>
			<start>0</start>
			<end>0</end>
		</udp_snt_buf_err>
	</netstat_statistic>
</test_results>
