<?xml version="1.0"?>
<test_results>
	<status>STATUS_SUCCESS</status>
	<custom>
		<num_loss>25</num_loss>
		<num_total>32723445</num_total>
		<num_misses>2</num_misses>
		<elapsed_time>7199.151304</elapsed_time>
	</custom>
	<ethtool_statistic>
		<rx_packets>
			<start>4651135250</start>
			<end>4986356269</end>
		</rx_packets>
		<tx_packets>
			<start>6300647353</start>
			<end>6763713012</end>
		</tx_packets>
		<rx_dropped>
			<start>63</start>
			<end>63</end>
		</rx_dropped>
		<tx_dropped>
			<start>0</start>
			<end>0</end>
		</tx_dropped>
		<collisions>
			<start>0</start>
			<end>0</end>
		</collisions>
		<port_tx_errors>
			<start>0</start>
			<end>0</end>
		</port_tx_errors>
		<port_rx_dropped>
			<start>0</start>
			<end>0</end>
		</port_rx_dropped>
		<port_tx_dropped_link_down>
			<start>0</start>
			<end>0</end>
		</port_tx_dropped_link_down>
	</ethtool_statistic>
	<ip_statistic>
		<mtu>
			<start>9000</start>
			<end>9000</end>
		</mtu>
		<rx_bytes>
			<start>41805503609419</start>
			<end>44819114391729</end>
		</rx_bytes>
		<rx_packets>
			<start>4651135314</start>
			<end>4986356325</end>
		</rx_packets>
		<rx_errors>
			<start>0</start>
			<end>0</end>
		</rx_errors>
		<rx_dropped>
			<start>63</start>
			<end>63</end>
		</rx_dropped>
		<rx_missed>
			<start>0</start>
			<end>0</end>
		</rx_missed>
		<rx_mcast>
			<start>2891</start>
			<end>2986</end>
		</rx_mcast>
		<tx_bytes>
			<start>39327638291807</start>
			<end>43273290311639</end>
		</tx_bytes>
		<tx_packets>
			<start>6300647401</start>
			<end>6763713052</end>
		</tx_packets>
		<tx_errors>
			<start>0</start>
			<end>0</end>
		</tx_errors>
		<tx_dropped>
			<start>0</start>
			<end>0</end>
		</tx_dropped>
		<tx_carrier>
			<start>0</start>
			<end>0</end>
		</tx_carrier>
		<tx_collisions>
			<start>0</start>
			<end>0</end>
		</tx_collisions>
	</ip_statistic>
</test_results>
