<?xml version="1.0"?>
<test_results>
	<status>STATUS_SUCCESS</status>
	<custom>
		<num_loss>213</num_loss>
		<num_total>5000001</num_total>
		<num_misses>454</num_misses>
		<elapsed_time>200.016325</elapsed_time>
		<query>
			<report>
				<misses>100000</misses>
				<total>0</total>
				<timestamp>4.002185</timestamp>
			</report>
			<report>
				<misses>200000</misses>
				<total>3</total>
				<timestamp>8.003985</timestamp>
			</report>
			<report>
				<misses>300000</misses>
				<total>10</total>
				<timestamp>12.004217</timestamp>
			</report>
			<report>
				<misses>400000</misses>
				<total>24</total>
				<timestamp>16.004328</timestamp>
			</report>
			<report>
				<misses>500000</misses>
				<total>33</total>
				<timestamp>20.004420</timestamp>
			</report>
			<report>
				<misses>600000</misses>
				<total>34</total>
				<timestamp>24.004517</timestamp>
			</report>
			<report>
				<misses>700000</misses>
				<total>44</total>
				<timestamp>28.004638</timestamp>
			</report>
			<report>
				<misses>800000</misses>
				<total>45</total>
				<timestamp>32.004826</timestamp>
			</report>
			<report>
				<misses>900000</misses>
				<total>47</total>
				<timestamp>36.004884</timestamp>
			</report>
			<report>
				<misses>1000000</misses>
				<total>54</total>
				<timestamp>40.004970</timestamp>
			</report>
			<report>
				<misses>1100000</misses>
				<total>63</total>
				<timestamp>44.005178</timestamp>
			</report>
			<report>
				<misses>1200000</misses>
				<total>64</total>
				<timestamp>48.005205</timestamp>
			</report>
			<report>
				<misses>1300000</misses>
				<total>72</total>
				<timestamp>52.007635</timestamp>
			</report>
			<report>
				<misses>1400000</misses>
				<total>72</total>
				<timestamp>56.007751</timestamp>
			</report>
			<report>
				<misses>1500000</misses>
				<total>76</total>
				<timestamp>60.007879</timestamp>
			</report>
			<report>
				<misses>1600000</misses>
				<total>78</total>
				<timestamp>64.008036</timestamp>
			</report>
			<report>
				<misses>1700000</misses>
				<total>101</total>
				<timestamp>68.008076</timestamp>
			</report>
			<report>
				<misses>1800000</misses>
				<total>113</total>
				<timestamp>72.008342</timestamp>
			</report>
			<report>
				<misses>1900000</misses>
				<total>121</total>
				<timestamp>76.008663</timestamp>
			</report>
			<report>
				<misses>2000000</misses>
				<total>122</total>
				<timestamp>80.008694</timestamp>
			</report>
			<report>
				<misses>2100000</misses>
				<total>126</total>
				<timestamp>84.008933</timestamp>
			</report>
			<report>
				<misses>2200000</misses>
				<total>126</total>
				<timestamp>88.008939</timestamp>
			</report>
			<report>
				<misses>2300000</misses>
				<total>128</total>
				<timestamp>92.009136</timestamp>
			</report>
			<report>
				<misses>2400000</misses>
				<total>128</total>
				<timestamp>96.009540</timestamp>
			</report>
			<report>
				<misses>2500000</misses>
				<total>128</total>
				<timestamp>100.009695</timestamp>
			</report>
			<report>
				<misses>2600000</misses>
				<total>129</total>
				<timestamp>104.009741</timestamp>
			</report>
			<report>
				<misses>2700000</misses>
				<total>135</total>
				<timestamp>108.009891</timestamp>
			</report>
			<report>
				<misses>2800000</misses>
				<total>142</total>
				<timestamp>112.009998</timestamp>
			</report>
			<report>
				<misses>2900000</misses>
				<total>147</total>
				<timestamp>116.010022</timestamp>
			</report>
			<report>
				<misses>3000000</misses>
				<total>151</total>
				<timestamp>120.010148</timestamp>
			</report>
			<report>
				<misses>3100000</misses>
				<total>152</total>
				<timestamp>124.010188</timestamp>
			</report>
			<report>
				<misses>3200000</misses>
				<total>153</total>
				<timestamp>128.010311</timestamp>
			</report>
			<report>
				<misses>3300000</misses>
				<total>156</total>
				<timestamp>132.010945</timestamp>
			</report>
			<report>
				<misses>3400000</misses>
				<total>162</total>
				<timestamp>136.010987</timestamp>
			</report>
			<report>
				<misses>3500000</misses>
				<total>162</total>
				<timestamp>140.011545</timestamp>
			</report>
			<report>
				<misses>3600000</misses>
				<total>163</total>
				<timestamp>144.011862</timestamp>
			</report>
			<report>
				<misses>3700000</misses>
				<total>167</total>
				<timestamp>148.012299</timestamp>
			</report>
			<report>
				<misses>3800000</misses>
				<total>171</total>
				<timestamp>152.012813</timestamp>
			</report>
			<report>
				<misses>3900000</misses>
				<total>173</total>
				<timestamp>156.012910</timestamp>
			</report>
			<report>
				<misses>4000000</misses>
				<total>187</total>
				<timestamp>160.012917</timestamp>
			</report>
			<report>
				<misses>4100000</misses>
				<total>188</total>
				<timestamp>164.014931</timestamp>
			</report>
			<report>
				<misses>4200000</misses>
				<total>188</total>
				<timestamp>168.015540</timestamp>
			</report>
			<report>
				<misses>4300000</misses>
				<total>194</total>
				<timestamp>172.015770</timestamp>
			</report>
			<report>
				<misses>4400000</misses>
				<total>195</total>
				<timestamp>176.015986</timestamp>
			</report>
			<report>
				<misses>4500000</misses>
				<total>196</total>
				<timestamp>180.016023</timestamp>
			</report>
			<report>
				<misses>4600000</misses>
				<total>197</total>
				<timestamp>184.016156</timestamp>
			</report>
			<report>
				<misses>4700000</misses>
				<total>207</total>
				<timestamp>188.016162</timestamp>
			</report>
			<report>
				<misses>4800000</misses>
				<total>210</total>
				<timestamp>192.016257</timestamp>
			</report>
			<report>
				<misses>4900000</misses>
				<total>212</total>
				<timestamp>196.016250</timestamp>
			</report>
			<report>
				<misses>5000000</misses>
				<total>213</total>
				<timestamp>200.016299</timestamp>
			</report>
		</query>
	</custom>
	<ethtool_statistic>
		<rx_packets>
			<start>2534513875</start>
			<end>2544055388</end>
		</rx_packets>
		<tx_packets>
			<start>2882319294</start>
			<end>2893048784</end>
		</tx_packets>
		<rx_dropped>
			<start>0</start>
			<end>0</end>
		</rx_dropped>
		<tx_dropped>
			<start>0</start>
			<end>0</end>
		</tx_dropped>
		<collisions>
			<start>0</start>
			<end>0</end>
		</collisions>
		<port_tx_errors>
			<start>0</start>
			<end>0</end>
		</port_tx_errors>
		<port_rx_dropped>
			<start>0</start>
			<end>0</end>
		</port_rx_dropped>
		<port_tx_dropped_link_down>
			<start>0</start>
			<end>0</end>
		</port_tx_dropped_link_down>
	</ethtool_statistic>
	<ip_statistic>
		<mtu>
			<start>9000</start>
			<end>9000</end>
		</mtu>
		<rx_bytes>
			<start>22784703762921</start>
			<end>22870467428386</end>
		</rx_bytes>
		<rx_packets>
			<start>2534513925</start>
			<end>2544055430</end>
		</rx_packets>
		<rx_errors>
			<start>0</start>
			<end>0</end>
		</rx_errors>
		<rx_dropped>
			<start>0</start>
			<end>0</end>
		</rx_dropped>
		<rx_missed>
			<start>0</start>
			<end>0</end>
		</rx_missed>
		<rx_mcast>
			<start>444</start>
			<end>452</end>
		</rx_mcast>
		<tx_bytes>
			<start>14036667904259</start>
			<end>14132851475224</end>
		</tx_bytes>
		<tx_packets>
			<start>2882319344</start>
			<end>2893048819</end>
		</tx_packets>
		<tx_errors>
			<start>0</start>
			<end>0</end>
		</tx_errors>
		<tx_dropped>
			<start>0</start>
			<end>0</end>
		</tx_dropped>
		<tx_carrier>
			<start>0</start>
			<end>0</end>
		</tx_carrier>
		<tx_collisions>
			<start>0</start>
			<end>0</end>
		</tx_collisions>
	</ip_statistic>
	<netstat_statistic>
		<udp_pkg_rec>
			<start>2387619050</start>
			<end>2396593997</end>
		</udp_pkg_rec>
		<udp_pkg_snt>
			<start>2882645600</start>
			<end>2893372655</end>
		</udp_pkg_snt>
		<udp_rec_err>
			<start>147146313</start>
			<end>147712460</end>
		</udp_rec_err>
		<udp_rec_buf_err>
			<start>147146313</start>
			<end>147712460</end>
		</udp_rec_buf_err>
		<udp_snt_buf_err>
			<start>0</start>
			<end>0</end>
		</udp_snt_buf_err>
	</netstat_statistic>
</test_results>
