<?xml version="1.0"?>
<test_results>
	<status>STATUS_SUCCESS</status>
	<custom>
		<num_loss>4313</num_loss>
		<num_total>110234725</num_total>
		<num_misses>-1525212795</num_misses>
		<elapsed_time>7199.970311</elapsed_time>
		<query>
			<report>
				<misses>100001</misses>
				<total>0</total>
				<timestamp>6.310762</timestamp>
			</report>
			<report>
				<misses>200001</misses>
				<total>0</total>
				<timestamp>12.726226</timestamp>
			</report>
			<report>
				<misses>300001</misses>
				<total>0</total>
				<timestamp>19.162112</timestamp>
			</report>
			<report>
				<misses>400001</misses>
				<total>37</total>
				<timestamp>25.619165</timestamp>
			</report>
			<report>
				<misses>500001</misses>
				<total>37</total>
				<timestamp>32.100099</timestamp>
			</report>
			<report>
				<misses>600001</misses>
				<total>37</total>
				<timestamp>38.576656</timestamp>
			</report>
			<report>
				<misses>700001</misses>
				<total>37</total>
				<timestamp>45.070248</timestamp>
			</report>
			<report>
				<misses>800001</misses>
				<total>37</total>
				<timestamp>51.537977</timestamp>
			</report>
			<report>
				<misses>900001</misses>
				<total>37</total>
				<timestamp>58.054613</timestamp>
			</report>
			<report>
				<misses>1000001</misses>
				<total>37</total>
				<timestamp>64.616333</timestamp>
			</report>
			<report>
				<misses>1100001</misses>
				<total>37</total>
				<timestamp>71.239239</timestamp>
			</report>
			<report>
				<misses>1200001</misses>
				<total>37</total>
				<timestamp>77.850689</timestamp>
			</report>
			<report>
				<misses>1300001</misses>
				<total>37</total>
				<timestamp>84.434345</timestamp>
			</report>
			<report>
				<misses>1400001</misses>
				<total>69</total>
				<timestamp>91.005840</timestamp>
			</report>
			<report>
				<misses>1500001</misses>
				<total>69</total>
				<timestamp>97.629330</timestamp>
			</report>
			<report>
				<misses>1600001</misses>
				<total>69</total>
				<timestamp>104.330423</timestamp>
			</report>
			<report>
				<misses>1700001</misses>
				<total>69</total>
				<timestamp>110.929147</timestamp>
			</report>
			<report>
				<misses>1800001</misses>
				<total>69</total>
				<timestamp>117.483624</timestamp>
			</report>
			<report>
				<misses>1900001</misses>
				<total>69</total>
				<timestamp>124.007210</timestamp>
			</report>
			<report>
				<misses>2000001</misses>
				<total>69</total>
				<timestamp>130.513620</timestamp>
			</report>
			<report>
				<misses>2100001</misses>
				<total>69</total>
				<timestamp>137.045311</timestamp>
			</report>
			<report>
				<misses>2200001</misses>
				<total>69</total>
				<timestamp>143.576737</timestamp>
			</report>
			<report>
				<misses>2300001</misses>
				<total>104</total>
				<timestamp>150.112463</timestamp>
			</report>
			<report>
				<misses>2400001</misses>
				<total>104</total>
				<timestamp>156.683746</timestamp>
			</report>
			<report>
				<misses>2500001</misses>
				<total>104</total>
				<timestamp>163.270518</timestamp>
			</report>
			<report>
				<misses>2600001</misses>
				<total>104</total>
				<timestamp>169.723739</timestamp>
			</report>
			<report>
				<misses>2700001</misses>
				<total>104</total>
				<timestamp>176.087547</timestamp>
			</report>
			<report>
				<misses>2800001</misses>
				<total>104</total>
				<timestamp>182.502055</timestamp>
			</report>
			<report>
				<misses>2900001</misses>
				<total>104</total>
				<timestamp>188.978808</timestamp>
			</report>
			<report>
				<misses>3000001</misses>
				<total>104</total>
				<timestamp>195.482206</timestamp>
			</report>
			<report>
				<misses>3100001</misses>
				<total>104</total>
				<timestamp>201.984341</timestamp>
			</report>
			<report>
				<misses>3200001</misses>
				<total>138</total>
				<timestamp>208.490359</timestamp>
			</report>
			<report>
				<misses>3300001</misses>
				<total>138</total>
				<timestamp>214.988223</timestamp>
			</report>
			<report>
				<misses>3400001</misses>
				<total>138</total>
				<timestamp>221.529150</timestamp>
			</report>
			<report>
				<misses>3500001</misses>
				<total>138</total>
				<timestamp>228.114139</timestamp>
			</report>
			<report>
				<misses>3600001</misses>
				<total>138</total>
				<timestamp>234.651358</timestamp>
			</report>
			<report>
				<misses>3700001</misses>
				<total>138</total>
				<timestamp>241.170745</timestamp>
			</report>
			<report>
				<misses>3800001</misses>
				<total>138</total>
				<timestamp>247.685945</timestamp>
			</report>
			<report>
				<misses>3900001</misses>
				<total>138</total>
				<timestamp>254.204692</timestamp>
			</report>
			<report>
				<misses>4000001</misses>
				<total>138</total>
				<timestamp>260.727705</timestamp>
			</report>
			<report>
				<misses>4100001</misses>
				<total>177</total>
				<timestamp>267.192261</timestamp>
			</report>
			<report>
				<misses>4200001</misses>
				<total>177</total>
				<timestamp>273.655348</timestamp>
			</report>
			<report>
				<misses>4300001</misses>
				<total>177</total>
				<timestamp>280.152620</timestamp>
			</report>
			<report>
				<misses>4400001</misses>
				<total>177</total>
				<timestamp>286.631201</timestamp>
			</report>
			<report>
				<misses>4500001</misses>
				<total>177</total>
				<timestamp>293.047737</timestamp>
			</report>
			<report>
				<misses>4600001</misses>
				<total>177</total>
				<timestamp>299.459840</timestamp>
			</report>
			<report>
				<misses>4700001</misses>
				<total>177</total>
				<timestamp>305.937480</timestamp>
			</report>
			<report>
				<misses>4800001</misses>
				<total>177</total>
				<timestamp>312.516678</timestamp>
			</report>
			<report>
				<misses>4900001</misses>
				<total>177</total>
				<timestamp>319.143327</timestamp>
			</report>
			<report>
				<misses>5000001</misses>
				<total>213</total>
				<timestamp>325.787468</timestamp>
			</report>
			<report>
				<misses>5100001</misses>
				<total>213</total>
				<timestamp>332.401773</timestamp>
			</report>
			<report>
				<misses>5200001</misses>
				<total>213</total>
				<timestamp>339.002330</timestamp>
			</report>
			<report>
				<misses>5300001</misses>
				<total>213</total>
				<timestamp>345.622794</timestamp>
			</report>
			<report>
				<misses>5400001</misses>
				<total>213</total>
				<timestamp>352.108435</timestamp>
			</report>
			<report>
				<misses>5500001</misses>
				<total>213</total>
				<timestamp>358.640882</timestamp>
			</report>
			<report>
				<misses>5600001</misses>
				<total>213</total>
				<timestamp>365.227707</timestamp>
			</report>
			<report>
				<misses>5700001</misses>
				<total>213</total>
				<timestamp>371.824867</timestamp>
			</report>
			<report>
				<misses>5800001</misses>
				<total>213</total>
				<timestamp>378.390804</timestamp>
			</report>
			<report>
				<misses>5900001</misses>
				<total>247</total>
				<timestamp>384.973342</timestamp>
			</report>
			<report>
				<misses>6000001</misses>
				<total>247</total>
				<timestamp>391.590951</timestamp>
			</report>
			<report>
				<misses>6100001</misses>
				<total>247</total>
				<timestamp>398.178755</timestamp>
			</report>
			<report>
				<misses>6200001</misses>
				<total>247</total>
				<timestamp>404.730464</timestamp>
			</report>
			<report>
				<misses>6300001</misses>
				<total>247</total>
				<timestamp>411.180977</timestamp>
			</report>
			<report>
				<misses>6400001</misses>
				<total>247</total>
				<timestamp>417.597111</timestamp>
			</report>
			<report>
				<misses>6500001</misses>
				<total>247</total>
				<timestamp>424.012034</timestamp>
			</report>
			<report>
				<misses>6600001</misses>
				<total>247</total>
				<timestamp>430.459203</timestamp>
			</report>
			<report>
				<misses>6700001</misses>
				<total>247</total>
				<timestamp>436.931182</timestamp>
			</report>
			<report>
				<misses>6800001</misses>
				<total>247</total>
				<timestamp>443.450672</timestamp>
			</report>
			<report>
				<misses>6900001</misses>
				<total>283</total>
				<timestamp>449.997218</timestamp>
			</report>
			<report>
				<misses>7000001</misses>
				<total>283</total>
				<timestamp>456.628188</timestamp>
			</report>
			<report>
				<misses>7100001</misses>
				<total>283</total>
				<timestamp>463.250866</timestamp>
			</report>
			<report>
				<misses>7200001</misses>
				<total>283</total>
				<timestamp>469.823627</timestamp>
			</report>
			<report>
				<misses>7300001</misses>
				<total>283</total>
				<timestamp>476.363751</timestamp>
			</report>
			<report>
				<misses>7400001</misses>
				<total>283</total>
				<timestamp>482.909994</timestamp>
			</report>
			<report>
				<misses>7500001</misses>
				<total>283</total>
				<timestamp>489.451369</timestamp>
			</report>
			<report>
				<misses>7600001</misses>
				<total>283</total>
				<timestamp>495.979993</timestamp>
			</report>
			<report>
				<misses>7700001</misses>
				<total>283</total>
				<timestamp>502.496194</timestamp>
			</report>
			<report>
				<misses>7800001</misses>
				<total>319</total>
				<timestamp>509.025022</timestamp>
			</report>
			<report>
				<misses>7900001</misses>
				<total>319</total>
				<timestamp>515.551998</timestamp>
			</report>
			<report>
				<misses>8000001</misses>
				<total>319</total>
				<timestamp>522.099372</timestamp>
			</report>
			<report>
				<misses>8100001</misses>
				<total>319</total>
				<timestamp>528.626219</timestamp>
			</report>
			<report>
				<misses>8200001</misses>
				<total>319</total>
				<timestamp>535.090200</timestamp>
			</report>
			<report>
				<misses>8300001</misses>
				<total>319</total>
				<timestamp>541.636453</timestamp>
			</report>
			<report>
				<misses>8400001</misses>
				<total>319</total>
				<timestamp>548.196226</timestamp>
			</report>
			<report>
				<misses>8500001</misses>
				<total>319</total>
				<timestamp>554.801009</timestamp>
			</report>
			<report>
				<misses>8600001</misses>
				<total>319</total>
				<timestamp>561.406683</timestamp>
			</report>
			<report>
				<misses>8700001</misses>
				<total>352</total>
				<timestamp>568.033425</timestamp>
			</report>
			<report>
				<misses>8800001</misses>
				<total>352</total>
				<timestamp>574.647148</timestamp>
			</report>
			<report>
				<misses>8900001</misses>
				<total>352</total>
				<timestamp>581.326082</timestamp>
			</report>
			<report>
				<misses>9000001</misses>
				<total>352</total>
				<timestamp>587.946019</timestamp>
			</report>
			<report>
				<misses>9100001</misses>
				<total>352</total>
				<timestamp>594.484253</timestamp>
			</report>
			<report>
				<misses>9200001</misses>
				<total>352</total>
				<timestamp>600.976376</timestamp>
			</report>
			<report>
				<misses>9300001</misses>
				<total>352</total>
				<timestamp>607.481779</timestamp>
			</report>
			<report>
				<misses>9400001</misses>
				<total>352</total>
				<timestamp>613.986773</timestamp>
			</report>
			<report>
				<misses>9500001</misses>
				<total>352</total>
				<timestamp>620.558898</timestamp>
			</report>
			<report>
				<misses>9600001</misses>
				<total>387</total>
				<timestamp>627.133851</timestamp>
			</report>
			<report>
				<misses>9700001</misses>
				<total>387</total>
				<timestamp>633.771728</timestamp>
			</report>
			<report>
				<misses>9800001</misses>
				<total>387</total>
				<timestamp>640.423519</timestamp>
			</report>
			<report>
				<misses>9900001</misses>
				<total>387</total>
				<timestamp>647.097674</timestamp>
			</report>
			<report>
				<misses>10000001</misses>
				<total>387</total>
				<timestamp>653.694226</timestamp>
			</report>
			<report>
				<misses>10100001</misses>
				<total>387</total>
				<timestamp>660.295343</timestamp>
			</report>
			<report>
				<misses>10200001</misses>
				<total>387</total>
				<timestamp>666.943265</timestamp>
			</report>
			<report>
				<misses>10300001</misses>
				<total>387</total>
				<timestamp>673.558967</timestamp>
			</report>
			<report>
				<misses>10400001</misses>
				<total>387</total>
				<timestamp>680.177741</timestamp>
			</report>
			<report>
				<misses>10500001</misses>
				<total>422</total>
				<timestamp>686.771238</timestamp>
			</report>
			<report>
				<misses>10600001</misses>
				<total>422</total>
				<timestamp>693.407208</timestamp>
			</report>
			<report>
				<misses>10700001</misses>
				<total>422</total>
				<timestamp>700.007044</timestamp>
			</report>
			<report>
				<misses>10800001</misses>
				<total>422</total>
				<timestamp>706.550629</timestamp>
			</report>
			<report>
				<misses>10900001</misses>
				<total>422</total>
				<timestamp>712.988318</timestamp>
			</report>
			<report>
				<misses>11000001</misses>
				<total>422</total>
				<timestamp>719.471796</timestamp>
			</report>
			<report>
				<misses>11100001</misses>
				<total>422</total>
				<timestamp>725.955192</timestamp>
			</report>
			<report>
				<misses>11200001</misses>
				<total>422</total>
				<timestamp>732.454152</timestamp>
			</report>
			<report>
				<misses>11300001</misses>
				<total>422</total>
				<timestamp>738.950363</timestamp>
			</report>
			<report>
				<misses>11400001</misses>
				<total>458</total>
				<timestamp>745.487272</timestamp>
			</report>
			<report>
				<misses>11500001</misses>
				<total>458</total>
				<timestamp>752.089681</timestamp>
			</report>
			<report>
				<misses>11600001</misses>
				<total>458</total>
				<timestamp>758.750472</timestamp>
			</report>
			<report>
				<misses>11700001</misses>
				<total>458</total>
				<timestamp>765.449868</timestamp>
			</report>
			<report>
				<misses>11800001</misses>
				<total>458</total>
				<timestamp>772.019920</timestamp>
			</report>
			<report>
				<misses>11900001</misses>
				<total>458</total>
				<timestamp>778.564827</timestamp>
			</report>
			<report>
				<misses>12000001</misses>
				<total>458</total>
				<timestamp>785.113764</timestamp>
			</report>
			<report>
				<misses>12100001</misses>
				<total>458</total>
				<timestamp>791.705414</timestamp>
			</report>
			<report>
				<misses>12200001</misses>
				<total>458</total>
				<timestamp>798.290580</timestamp>
			</report>
			<report>
				<misses>12300001</misses>
				<total>493</total>
				<timestamp>804.873586</timestamp>
			</report>
			<report>
				<misses>12400001</misses>
				<total>493</total>
				<timestamp>811.422745</timestamp>
			</report>
			<report>
				<misses>12500001</misses>
				<total>493</total>
				<timestamp>817.935987</timestamp>
			</report>
			<report>
				<misses>12600001</misses>
				<total>493</total>
				<timestamp>824.437491</timestamp>
			</report>
			<report>
				<misses>12700001</misses>
				<total>493</total>
				<timestamp>830.925711</timestamp>
			</report>
			<report>
				<misses>12800001</misses>
				<total>493</total>
				<timestamp>837.432944</timestamp>
			</report>
			<report>
				<misses>12900001</misses>
				<total>493</total>
				<timestamp>843.911514</timestamp>
			</report>
			<report>
				<misses>13000001</misses>
				<total>493</total>
				<timestamp>850.336845</timestamp>
			</report>
			<report>
				<misses>13100001</misses>
				<total>493</total>
				<timestamp>856.760637</timestamp>
			</report>
			<report>
				<misses>13200001</misses>
				<total>493</total>
				<timestamp>863.243692</timestamp>
			</report>
			<report>
				<misses>13300001</misses>
				<total>528</total>
				<timestamp>869.832896</timestamp>
			</report>
			<report>
				<misses>13400001</misses>
				<total>528</total>
				<timestamp>876.477639</timestamp>
			</report>
			<report>
				<misses>13500001</misses>
				<total>528</total>
				<timestamp>883.174228</timestamp>
			</report>
			<report>
				<misses>13600001</misses>
				<total>528</total>
				<timestamp>889.770712</timestamp>
			</report>
			<report>
				<misses>13700001</misses>
				<total>528</total>
				<timestamp>896.305228</timestamp>
			</report>
			<report>
				<misses>13800001</misses>
				<total>528</total>
				<timestamp>902.839565</timestamp>
			</report>
			<report>
				<misses>13900001</misses>
				<total>528</total>
				<timestamp>909.404656</timestamp>
			</report>
			<report>
				<misses>14000001</misses>
				<total>528</total>
				<timestamp>915.981488</timestamp>
			</report>
			<report>
				<misses>14100001</misses>
				<total>528</total>
				<timestamp>922.583385</timestamp>
			</report>
			<report>
				<misses>14200001</misses>
				<total>569</total>
				<timestamp>929.229600</timestamp>
			</report>
			<report>
				<misses>14300001</misses>
				<total>569</total>
				<timestamp>935.893360</timestamp>
			</report>
			<report>
				<misses>14400001</misses>
				<total>569</total>
				<timestamp>942.544410</timestamp>
			</report>
			<report>
				<misses>14500001</misses>
				<total>569</total>
				<timestamp>949.145203</timestamp>
			</report>
			<report>
				<misses>14600001</misses>
				<total>569</total>
				<timestamp>955.721170</timestamp>
			</report>
			<report>
				<misses>14700001</misses>
				<total>569</total>
				<timestamp>962.260918</timestamp>
			</report>
			<report>
				<misses>14800001</misses>
				<total>569</total>
				<timestamp>968.822620</timestamp>
			</report>
			<report>
				<misses>14900001</misses>
				<total>569</total>
				<timestamp>975.377592</timestamp>
			</report>
			<report>
				<misses>15000001</misses>
				<total>569</total>
				<timestamp>981.900412</timestamp>
			</report>
			<report>
				<misses>15100001</misses>
				<total>607</total>
				<timestamp>988.441285</timestamp>
			</report>
			<report>
				<misses>15200001</misses>
				<total>607</total>
				<timestamp>994.983372</timestamp>
			</report>
			<report>
				<misses>15300001</misses>
				<total>607</total>
				<timestamp>1001.510420</timestamp>
			</report>
			<report>
				<misses>15400001</misses>
				<total>607</total>
				<timestamp>1008.029727</timestamp>
			</report>
			<report>
				<misses>15500001</misses>
				<total>607</total>
				<timestamp>1014.581271</timestamp>
			</report>
			<report>
				<misses>15600001</misses>
				<total>607</total>
				<timestamp>1021.111966</timestamp>
			</report>
			<report>
				<misses>15700001</misses>
				<total>607</total>
				<timestamp>1027.620448</timestamp>
			</report>
			<report>
				<misses>15800001</misses>
				<total>607</total>
				<timestamp>1034.185322</timestamp>
			</report>
			<report>
				<misses>15900001</misses>
				<total>607</total>
				<timestamp>1040.739368</timestamp>
			</report>
			<report>
				<misses>16000001</misses>
				<total>644</total>
				<timestamp>1047.267574</timestamp>
			</report>
			<report>
				<misses>16100001</misses>
				<total>644</total>
				<timestamp>1053.853197</timestamp>
			</report>
			<report>
				<misses>16200001</misses>
				<total>644</total>
				<timestamp>1060.417989</timestamp>
			</report>
			<report>
				<misses>16300001</misses>
				<total>644</total>
				<timestamp>1066.931824</timestamp>
			</report>
			<report>
				<misses>16400001</misses>
				<total>644</total>
				<timestamp>1073.380119</timestamp>
			</report>
			<report>
				<misses>16500001</misses>
				<total>644</total>
				<timestamp>1079.811454</timestamp>
			</report>
			<report>
				<misses>16600001</misses>
				<total>644</total>
				<timestamp>1086.243908</timestamp>
			</report>
			<report>
				<misses>16700001</misses>
				<total>644</total>
				<timestamp>1092.708956</timestamp>
			</report>
			<report>
				<misses>16800001</misses>
				<total>644</total>
				<timestamp>1099.185232</timestamp>
			</report>
			<report>
				<misses>16900001</misses>
				<total>676</total>
				<timestamp>1105.671674</timestamp>
			</report>
			<report>
				<misses>17000001</misses>
				<total>676</total>
				<timestamp>1112.190702</timestamp>
			</report>
			<report>
				<misses>17100001</misses>
				<total>676</total>
				<timestamp>1118.702911</timestamp>
			</report>
			<report>
				<misses>17200001</misses>
				<total>676</total>
				<timestamp>1125.235441</timestamp>
			</report>
			<report>
				<misses>17300001</misses>
				<total>676</total>
				<timestamp>1131.663854</timestamp>
			</report>
			<report>
				<misses>17400001</misses>
				<total>676</total>
				<timestamp>1138.156077</timestamp>
			</report>
			<report>
				<misses>17500001</misses>
				<total>676</total>
				<timestamp>1144.730454</timestamp>
			</report>
			<report>
				<misses>17600001</misses>
				<total>676</total>
				<timestamp>1151.325519</timestamp>
			</report>
			<report>
				<misses>17700001</misses>
				<total>676</total>
				<timestamp>1157.955738</timestamp>
			</report>
			<report>
				<misses>17800001</misses>
				<total>676</total>
				<timestamp>1164.553269</timestamp>
			</report>
			<report>
				<misses>17900001</misses>
				<total>710</total>
				<timestamp>1171.137305</timestamp>
			</report>
			<report>
				<misses>18000001</misses>
				<total>710</total>
				<timestamp>1177.659773</timestamp>
			</report>
			<report>
				<misses>18100001</misses>
				<total>710</total>
				<timestamp>1184.249867</timestamp>
			</report>
			<report>
				<misses>18200001</misses>
				<total>710</total>
				<timestamp>1190.698679</timestamp>
			</report>
			<report>
				<misses>18300001</misses>
				<total>710</total>
				<timestamp>1197.110093</timestamp>
			</report>
			<report>
				<misses>18400001</misses>
				<total>710</total>
				<timestamp>1203.508354</timestamp>
			</report>
			<report>
				<misses>18500001</misses>
				<total>710</total>
				<timestamp>1209.959996</timestamp>
			</report>
			<report>
				<misses>18600001</misses>
				<total>710</total>
				<timestamp>1216.468368</timestamp>
			</report>
			<report>
				<misses>18700001</misses>
				<total>710</total>
				<timestamp>1222.991046</timestamp>
			</report>
			<report>
				<misses>18800001</misses>
				<total>744</total>
				<timestamp>1229.583174</timestamp>
			</report>
			<report>
				<misses>18900001</misses>
				<total>744</total>
				<timestamp>1236.176029</timestamp>
			</report>
			<report>
				<misses>19000001</misses>
				<total>744</total>
				<timestamp>1242.822944</timestamp>
			</report>
			<report>
				<misses>19100001</misses>
				<total>744</total>
				<timestamp>1249.382128</timestamp>
			</report>
			<report>
				<misses>19200001</misses>
				<total>744</total>
				<timestamp>1255.918173</timestamp>
			</report>
			<report>
				<misses>19300001</misses>
				<total>744</total>
				<timestamp>1262.452987</timestamp>
			</report>
			<report>
				<misses>19400001</misses>
				<total>744</total>
				<timestamp>1268.961278</timestamp>
			</report>
			<report>
				<misses>19500001</misses>
				<total>744</total>
				<timestamp>1275.442810</timestamp>
			</report>
			<report>
				<misses>19600001</misses>
				<total>744</total>
				<timestamp>1281.937712</timestamp>
			</report>
			<report>
				<misses>19700001</misses>
				<total>778</total>
				<timestamp>1288.448574</timestamp>
			</report>
			<report>
				<misses>19800001</misses>
				<total>778</total>
				<timestamp>1294.957853</timestamp>
			</report>
			<report>
				<misses>19900001</misses>
				<total>778</total>
				<timestamp>1301.473509</timestamp>
			</report>
			<report>
				<misses>20000001</misses>
				<total>778</total>
				<timestamp>1308.008914</timestamp>
			</report>
			<report>
				<misses>20100001</misses>
				<total>778</total>
				<timestamp>1314.508449</timestamp>
			</report>
			<report>
				<misses>20200001</misses>
				<total>778</total>
				<timestamp>1320.971791</timestamp>
			</report>
			<report>
				<misses>20300001</misses>
				<total>778</total>
				<timestamp>1327.497986</timestamp>
			</report>
			<report>
				<misses>20400001</misses>
				<total>778</total>
				<timestamp>1334.029335</timestamp>
			</report>
			<report>
				<misses>20500001</misses>
				<total>778</total>
				<timestamp>1340.553735</timestamp>
			</report>
			<report>
				<misses>20600001</misses>
				<total>814</total>
				<timestamp>1347.130412</timestamp>
			</report>
			<report>
				<misses>20700001</misses>
				<total>814</total>
				<timestamp>1353.739042</timestamp>
			</report>
			<report>
				<misses>20800001</misses>
				<total>814</total>
				<timestamp>1360.305855</timestamp>
			</report>
			<report>
				<misses>20900001</misses>
				<total>814</total>
				<timestamp>1366.859893</timestamp>
			</report>
			<report>
				<misses>21000001</misses>
				<total>814</total>
				<timestamp>1373.309378</timestamp>
			</report>
			<report>
				<misses>21100001</misses>
				<total>814</total>
				<timestamp>1379.810897</timestamp>
			</report>
			<report>
				<misses>21200001</misses>
				<total>814</total>
				<timestamp>1386.443204</timestamp>
			</report>
			<report>
				<misses>21300001</misses>
				<total>814</total>
				<timestamp>1393.090834</timestamp>
			</report>
			<report>
				<misses>21400001</misses>
				<total>814</total>
				<timestamp>1399.700758</timestamp>
			</report>
			<report>
				<misses>21500001</misses>
				<total>851</total>
				<timestamp>1406.334362</timestamp>
			</report>
			<report>
				<misses>21600001</misses>
				<total>851</total>
				<timestamp>1412.952934</timestamp>
			</report>
			<report>
				<misses>21700001</misses>
				<total>851</total>
				<timestamp>1419.543883</timestamp>
			</report>
			<report>
				<misses>21800001</misses>
				<total>851</total>
				<timestamp>1426.117717</timestamp>
			</report>
			<report>
				<misses>21900001</misses>
				<total>851</total>
				<timestamp>1432.575141</timestamp>
			</report>
			<report>
				<misses>22000001</misses>
				<total>851</total>
				<timestamp>1439.099774</timestamp>
			</report>
			<report>
				<misses>22100001</misses>
				<total>851</total>
				<timestamp>1445.622384</timestamp>
			</report>
			<report>
				<misses>22200001</misses>
				<total>851</total>
				<timestamp>1452.171162</timestamp>
			</report>
			<report>
				<misses>22300001</misses>
				<total>851</total>
				<timestamp>1458.780446</timestamp>
			</report>
			<report>
				<misses>22400001</misses>
				<total>882</total>
				<timestamp>1465.328348</timestamp>
			</report>
			<report>
				<misses>22500001</misses>
				<total>882</total>
				<timestamp>1471.897172</timestamp>
			</report>
			<report>
				<misses>22600001</misses>
				<total>882</total>
				<timestamp>1478.539473</timestamp>
			</report>
			<report>
				<misses>22700001</misses>
				<total>882</total>
				<timestamp>1485.167404</timestamp>
			</report>
			<report>
				<misses>22800001</misses>
				<total>882</total>
				<timestamp>1491.646569</timestamp>
			</report>
			<report>
				<misses>22900001</misses>
				<total>882</total>
				<timestamp>1498.113605</timestamp>
			</report>
			<report>
				<misses>23000001</misses>
				<total>882</total>
				<timestamp>1504.628824</timestamp>
			</report>
			<report>
				<misses>23100001</misses>
				<total>882</total>
				<timestamp>1511.160732</timestamp>
			</report>
			<report>
				<misses>23200001</misses>
				<total>882</total>
				<timestamp>1517.672062</timestamp>
			</report>
			<report>
				<misses>23300001</misses>
				<total>882</total>
				<timestamp>1524.220025</timestamp>
			</report>
			<report>
				<misses>23400001</misses>
				<total>921</total>
				<timestamp>1530.780936</timestamp>
			</report>
			<report>
				<misses>23500001</misses>
				<total>921</total>
				<timestamp>1537.319822</timestamp>
			</report>
			<report>
				<misses>23600001</misses>
				<total>921</total>
				<timestamp>1543.817859</timestamp>
			</report>
			<report>
				<misses>23700001</misses>
				<total>921</total>
				<timestamp>1550.256944</timestamp>
			</report>
			<report>
				<misses>23800001</misses>
				<total>921</total>
				<timestamp>1556.633995</timestamp>
			</report>
			<report>
				<misses>23900001</misses>
				<total>921</total>
				<timestamp>1563.049207</timestamp>
			</report>
			<report>
				<misses>24000001</misses>
				<total>921</total>
				<timestamp>1569.502772</timestamp>
			</report>
			<report>
				<misses>24100001</misses>
				<total>921</total>
				<timestamp>1575.972007</timestamp>
			</report>
			<report>
				<misses>24200001</misses>
				<total>921</total>
				<timestamp>1582.442547</timestamp>
			</report>
			<report>
				<misses>24300001</misses>
				<total>961</total>
				<timestamp>1588.957990</timestamp>
			</report>
			<report>
				<misses>24400001</misses>
				<total>961</total>
				<timestamp>1595.498365</timestamp>
			</report>
			<report>
				<misses>24500001</misses>
				<total>961</total>
				<timestamp>1602.016507</timestamp>
			</report>
			<report>
				<misses>24600001</misses>
				<total>961</total>
				<timestamp>1608.519155</timestamp>
			</report>
			<report>
				<misses>24700001</misses>
				<total>961</total>
				<timestamp>1614.980582</timestamp>
			</report>
			<report>
				<misses>24800001</misses>
				<total>961</total>
				<timestamp>1621.467725</timestamp>
			</report>
			<report>
				<misses>24900001</misses>
				<total>961</total>
				<timestamp>1628.002936</timestamp>
			</report>
			<report>
				<misses>25000001</misses>
				<total>961</total>
				<timestamp>1634.535478</timestamp>
			</report>
			<report>
				<misses>25100001</misses>
				<total>961</total>
				<timestamp>1641.062044</timestamp>
			</report>
			<report>
				<misses>25200001</misses>
				<total>995</total>
				<timestamp>1647.573200</timestamp>
			</report>
			<report>
				<misses>25300001</misses>
				<total>995</total>
				<timestamp>1654.098612</timestamp>
			</report>
			<report>
				<misses>25400001</misses>
				<total>995</total>
				<timestamp>1660.615539</timestamp>
			</report>
			<report>
				<misses>25500001</misses>
				<total>995</total>
				<timestamp>1667.152710</timestamp>
			</report>
			<report>
				<misses>25600001</misses>
				<total>995</total>
				<timestamp>1673.645965</timestamp>
			</report>
			<report>
				<misses>25700001</misses>
				<total>995</total>
				<timestamp>1680.155356</timestamp>
			</report>
			<report>
				<misses>25800001</misses>
				<total>995</total>
				<timestamp>1686.746388</timestamp>
			</report>
			<report>
				<misses>25900001</misses>
				<total>995</total>
				<timestamp>1693.364949</timestamp>
			</report>
			<report>
				<misses>26000001</misses>
				<total>995</total>
				<timestamp>1699.964110</timestamp>
			</report>
			<report>
				<misses>26100001</misses>
				<total>1030</total>
				<timestamp>1706.541421</timestamp>
			</report>
			<report>
				<misses>26200001</misses>
				<total>1030</total>
				<timestamp>1713.123371</timestamp>
			</report>
			<report>
				<misses>26300001</misses>
				<total>1030</total>
				<timestamp>1719.652822</timestamp>
			</report>
			<report>
				<misses>26400001</misses>
				<total>1030</total>
				<timestamp>1726.196622</timestamp>
			</report>
			<report>
				<misses>26500001</misses>
				<total>1030</total>
				<timestamp>1732.617952</timestamp>
			</report>
			<report>
				<misses>26600001</misses>
				<total>1030</total>
				<timestamp>1739.036781</timestamp>
			</report>
			<report>
				<misses>26700001</misses>
				<total>1030</total>
				<timestamp>1745.494856</timestamp>
			</report>
			<report>
				<misses>26800001</misses>
				<total>1030</total>
				<timestamp>1751.940475</timestamp>
			</report>
			<report>
				<misses>26900001</misses>
				<total>1030</total>
				<timestamp>1758.421451</timestamp>
			</report>
			<report>
				<misses>27000001</misses>
				<total>1066</total>
				<timestamp>1764.947991</timestamp>
			</report>
			<report>
				<misses>27100001</misses>
				<total>1066</total>
				<timestamp>1771.457979</timestamp>
			</report>
			<report>
				<misses>27200001</misses>
				<total>1066</total>
				<timestamp>1777.990292</timestamp>
			</report>
			<report>
				<misses>27300001</misses>
				<total>1066</total>
				<timestamp>1784.504146</timestamp>
			</report>
			<report>
				<misses>27400001</misses>
				<total>1066</total>
				<timestamp>1790.958007</timestamp>
			</report>
			<report>
				<misses>27500001</misses>
				<total>1066</total>
				<timestamp>1797.447543</timestamp>
			</report>
			<report>
				<misses>27600001</misses>
				<total>1066</total>
				<timestamp>1803.941873</timestamp>
			</report>
			<report>
				<misses>27700001</misses>
				<total>1066</total>
				<timestamp>1810.450443</timestamp>
			</report>
			<report>
				<misses>27800001</misses>
				<total>1066</total>
				<timestamp>1816.991092</timestamp>
			</report>
			<report>
				<misses>27900001</misses>
				<total>1066</total>
				<timestamp>1823.534246</timestamp>
			</report>
			<report>
				<misses>28000001</misses>
				<total>1107</total>
				<timestamp>1830.062967</timestamp>
			</report>
			<report>
				<misses>28100001</misses>
				<total>1107</total>
				<timestamp>1836.594296</timestamp>
			</report>
			<report>
				<misses>28200001</misses>
				<total>1107</total>
				<timestamp>1843.114636</timestamp>
			</report>
			<report>
				<misses>28300001</misses>
				<total>1107</total>
				<timestamp>1849.603633</timestamp>
			</report>
			<report>
				<misses>28400001</misses>
				<total>1107</total>
				<timestamp>1856.047071</timestamp>
			</report>
			<report>
				<misses>28500001</misses>
				<total>1107</total>
				<timestamp>1862.473790</timestamp>
			</report>
			<report>
				<misses>28600001</misses>
				<total>1107</total>
				<timestamp>1868.882789</timestamp>
			</report>
			<report>
				<misses>28700001</misses>
				<total>1107</total>
				<timestamp>1875.309948</timestamp>
			</report>
			<report>
				<misses>28800001</misses>
				<total>1107</total>
				<timestamp>1881.781806</timestamp>
			</report>
			<report>
				<misses>28900001</misses>
				<total>1142</total>
				<timestamp>1888.281080</timestamp>
			</report>
			<report>
				<misses>29000001</misses>
				<total>1142</total>
				<timestamp>1894.837647</timestamp>
			</report>
			<report>
				<misses>29100001</misses>
				<total>1142</total>
				<timestamp>1901.341045</timestamp>
			</report>
			<report>
				<misses>29200001</misses>
				<total>1142</total>
				<timestamp>1907.832155</timestamp>
			</report>
			<report>
				<misses>29300001</misses>
				<total>1142</total>
				<timestamp>1914.276277</timestamp>
			</report>
			<report>
				<misses>29400001</misses>
				<total>1142</total>
				<timestamp>1920.840575</timestamp>
			</report>
			<report>
				<misses>29500001</misses>
				<total>1142</total>
				<timestamp>1927.445167</timestamp>
			</report>
			<report>
				<misses>29600001</misses>
				<total>1142</total>
				<timestamp>1934.015181</timestamp>
			</report>
			<report>
				<misses>29700001</misses>
				<total>1142</total>
				<timestamp>1940.555341</timestamp>
			</report>
			<report>
				<misses>29800001</misses>
				<total>1176</total>
				<timestamp>1947.125177</timestamp>
			</report>
			<report>
				<misses>29900001</misses>
				<total>1176</total>
				<timestamp>1953.661120</timestamp>
			</report>
			<report>
				<misses>30000001</misses>
				<total>1176</total>
				<timestamp>1960.193386</timestamp>
			</report>
			<report>
				<misses>30100001</misses>
				<total>1176</total>
				<timestamp>1966.670266</timestamp>
			</report>
			<report>
				<misses>30200001</misses>
				<total>1176</total>
				<timestamp>1973.118062</timestamp>
			</report>
			<report>
				<misses>30300001</misses>
				<total>1176</total>
				<timestamp>1979.641184</timestamp>
			</report>
			<report>
				<misses>30400001</misses>
				<total>1176</total>
				<timestamp>1986.181460</timestamp>
			</report>
			<report>
				<misses>30500001</misses>
				<total>1176</total>
				<timestamp>1992.702486</timestamp>
			</report>
			<report>
				<misses>30600001</misses>
				<total>1176</total>
				<timestamp>1999.227054</timestamp>
			</report>
			<report>
				<misses>30700001</misses>
				<total>1208</total>
				<timestamp>2005.797321</timestamp>
			</report>
			<report>
				<misses>30800001</misses>
				<total>1208</total>
				<timestamp>2012.351897</timestamp>
			</report>
			<report>
				<misses>30900001</misses>
				<total>1208</total>
				<timestamp>2018.973174</timestamp>
			</report>
			<report>
				<misses>31000001</misses>
				<total>1208</total>
				<timestamp>2025.577664</timestamp>
			</report>
			<report>
				<misses>31100001</misses>
				<total>1208</total>
				<timestamp>2032.107621</timestamp>
			</report>
			<report>
				<misses>31200001</misses>
				<total>1208</total>
				<timestamp>2038.633848</timestamp>
			</report>
			<report>
				<misses>31300001</misses>
				<total>1208</total>
				<timestamp>2045.144130</timestamp>
			</report>
			<report>
				<misses>31400001</misses>
				<total>1208</total>
				<timestamp>2051.706915</timestamp>
			</report>
			<report>
				<misses>31500001</misses>
				<total>1208</total>
				<timestamp>2058.291519</timestamp>
			</report>
			<report>
				<misses>31600001</misses>
				<total>1245</total>
				<timestamp>2064.843008</timestamp>
			</report>
			<report>
				<misses>31700001</misses>
				<total>1245</total>
				<timestamp>2071.376647</timestamp>
			</report>
			<report>
				<misses>31800001</misses>
				<total>1245</total>
				<timestamp>2077.943977</timestamp>
			</report>
			<report>
				<misses>31900001</misses>
				<total>1245</total>
				<timestamp>2084.514527</timestamp>
			</report>
			<report>
				<misses>32000001</misses>
				<total>1245</total>
				<timestamp>2090.989234</timestamp>
			</report>
			<report>
				<misses>32100001</misses>
				<total>1245</total>
				<timestamp>2097.487212</timestamp>
			</report>
			<report>
				<misses>32200001</misses>
				<total>1245</total>
				<timestamp>2104.027596</timestamp>
			</report>
			<report>
				<misses>32300001</misses>
				<total>1245</total>
				<timestamp>2110.571254</timestamp>
			</report>
			<report>
				<misses>32400001</misses>
				<total>1245</total>
				<timestamp>2117.200760</timestamp>
			</report>
			<report>
				<misses>32500001</misses>
				<total>1245</total>
				<timestamp>2123.801624</timestamp>
			</report>
			<report>
				<misses>32600001</misses>
				<total>1286</total>
				<timestamp>2130.397108</timestamp>
			</report>
			<report>
				<misses>32700001</misses>
				<total>1286</total>
				<timestamp>2136.964523</timestamp>
			</report>
			<report>
				<misses>32800001</misses>
				<total>1286</total>
				<timestamp>2143.493836</timestamp>
			</report>
			<report>
				<misses>32900001</misses>
				<total>1286</total>
				<timestamp>2149.967322</timestamp>
			</report>
			<report>
				<misses>33000001</misses>
				<total>1286</total>
				<timestamp>2156.416047</timestamp>
			</report>
			<report>
				<misses>33100001</misses>
				<total>1286</total>
				<timestamp>2162.876653</timestamp>
			</report>
			<report>
				<misses>33200001</misses>
				<total>1286</total>
				<timestamp>2169.312945</timestamp>
			</report>
			<report>
				<misses>33300001</misses>
				<total>1286</total>
				<timestamp>2175.796659</timestamp>
			</report>
			<report>
				<misses>33400001</misses>
				<total>1286</total>
				<timestamp>2182.310845</timestamp>
			</report>
			<report>
				<misses>33500001</misses>
				<total>1322</total>
				<timestamp>2188.818697</timestamp>
			</report>
			<report>
				<misses>33600001</misses>
				<total>1322</total>
				<timestamp>2195.329313</timestamp>
			</report>
			<report>
				<misses>33700001</misses>
				<total>1322</total>
				<timestamp>2201.847612</timestamp>
			</report>
			<report>
				<misses>33800001</misses>
				<total>1322</total>
				<timestamp>2208.300136</timestamp>
			</report>
			<report>
				<misses>33900001</misses>
				<total>1322</total>
				<timestamp>2214.715096</timestamp>
			</report>
			<report>
				<misses>34000001</misses>
				<total>1322</total>
				<timestamp>2221.207423</timestamp>
			</report>
			<report>
				<misses>34100001</misses>
				<total>1322</total>
				<timestamp>2227.736414</timestamp>
			</report>
			<report>
				<misses>34200001</misses>
				<total>1322</total>
				<timestamp>2234.283276</timestamp>
			</report>
			<report>
				<misses>34300001</misses>
				<total>1322</total>
				<timestamp>2240.802489</timestamp>
			</report>
			<report>
				<misses>34400001</misses>
				<total>1358</total>
				<timestamp>2247.383717</timestamp>
			</report>
			<report>
				<misses>34500001</misses>
				<total>1358</total>
				<timestamp>2253.958992</timestamp>
			</report>
			<report>
				<misses>34600001</misses>
				<total>1358</total>
				<timestamp>2260.512483</timestamp>
			</report>
			<report>
				<misses>34700001</misses>
				<total>1358</total>
				<timestamp>2267.050033</timestamp>
			</report>
			<report>
				<misses>34800001</misses>
				<total>1358</total>
				<timestamp>2273.527188</timestamp>
			</report>
			<report>
				<misses>34900001</misses>
				<total>1358</total>
				<timestamp>2280.042651</timestamp>
			</report>
			<report>
				<misses>35000001</misses>
				<total>1358</total>
				<timestamp>2286.549468</timestamp>
			</report>
			<report>
				<misses>35100001</misses>
				<total>1358</total>
				<timestamp>2293.036226</timestamp>
			</report>
			<report>
				<misses>35200001</misses>
				<total>1358</total>
				<timestamp>2299.595646</timestamp>
			</report>
			<report>
				<misses>35300001</misses>
				<total>1390</total>
				<timestamp>2306.178205</timestamp>
			</report>
			<report>
				<misses>35400001</misses>
				<total>1390</total>
				<timestamp>2312.761555</timestamp>
			</report>
			<report>
				<misses>35500001</misses>
				<total>1390</total>
				<timestamp>2319.312897</timestamp>
			</report>
			<report>
				<misses>35600001</misses>
				<total>1390</total>
				<timestamp>2325.848250</timestamp>
			</report>
			<report>
				<misses>35700001</misses>
				<total>1390</total>
				<timestamp>2332.401013</timestamp>
			</report>
			<report>
				<misses>35800001</misses>
				<total>1390</total>
				<timestamp>2338.958164</timestamp>
			</report>
			<report>
				<misses>35900001</misses>
				<total>1390</total>
				<timestamp>2345.507340</timestamp>
			</report>
			<report>
				<misses>36000001</misses>
				<total>1390</total>
				<timestamp>2352.028021</timestamp>
			</report>
			<report>
				<misses>36100001</misses>
				<total>1390</total>
				<timestamp>2358.587930</timestamp>
			</report>
			<report>
				<misses>36200001</misses>
				<total>1427</total>
				<timestamp>2365.129944</timestamp>
			</report>
			<report>
				<misses>36300001</misses>
				<total>1427</total>
				<timestamp>2371.661436</timestamp>
			</report>
			<report>
				<misses>36400001</misses>
				<total>1427</total>
				<timestamp>2378.170809</timestamp>
			</report>
			<report>
				<misses>36500001</misses>
				<total>1427</total>
				<timestamp>2384.696101</timestamp>
			</report>
			<report>
				<misses>36600001</misses>
				<total>1427</total>
				<timestamp>2391.171258</timestamp>
			</report>
			<report>
				<misses>36700001</misses>
				<total>1427</total>
				<timestamp>2397.659455</timestamp>
			</report>
			<report>
				<misses>36800001</misses>
				<total>1427</total>
				<timestamp>2404.128885</timestamp>
			</report>
			<report>
				<misses>36900001</misses>
				<total>1427</total>
				<timestamp>2410.580557</timestamp>
			</report>
			<report>
				<misses>37000001</misses>
				<total>1427</total>
				<timestamp>2417.044218</timestamp>
			</report>
			<report>
				<misses>37100001</misses>
				<total>1427</total>
				<timestamp>2423.558690</timestamp>
			</report>
			<report>
				<misses>37200001</misses>
				<total>1465</total>
				<timestamp>2430.086770</timestamp>
			</report>
			<report>
				<misses>37300001</misses>
				<total>1465</total>
				<timestamp>2436.651259</timestamp>
			</report>
			<report>
				<misses>37400001</misses>
				<total>1465</total>
				<timestamp>2443.238825</timestamp>
			</report>
			<report>
				<misses>37500001</misses>
				<total>1465</total>
				<timestamp>2449.729425</timestamp>
			</report>
			<report>
				<misses>37600001</misses>
				<total>1465</total>
				<timestamp>2456.185916</timestamp>
			</report>
			<report>
				<misses>37700001</misses>
				<total>1465</total>
				<timestamp>2462.676524</timestamp>
			</report>
			<report>
				<misses>37800001</misses>
				<total>1465</total>
				<timestamp>2469.194360</timestamp>
			</report>
			<report>
				<misses>37900001</misses>
				<total>1465</total>
				<timestamp>2475.778528</timestamp>
			</report>
			<report>
				<misses>38000001</misses>
				<total>1465</total>
				<timestamp>2482.375635</timestamp>
			</report>
			<report>
				<misses>38100001</misses>
				<total>1499</total>
				<timestamp>2488.996396</timestamp>
			</report>
			<report>
				<misses>38200001</misses>
				<total>1499</total>
				<timestamp>2495.637035</timestamp>
			</report>
			<report>
				<misses>38300001</misses>
				<total>1499</total>
				<timestamp>2502.319324</timestamp>
			</report>
			<report>
				<misses>38400001</misses>
				<total>1499</total>
				<timestamp>2508.929625</timestamp>
			</report>
			<report>
				<misses>38500001</misses>
				<total>1499</total>
				<timestamp>2515.501906</timestamp>
			</report>
			<report>
				<misses>38600001</misses>
				<total>1499</total>
				<timestamp>2522.064012</timestamp>
			</report>
			<report>
				<misses>38700001</misses>
				<total>1499</total>
				<timestamp>2528.607427</timestamp>
			</report>
			<report>
				<misses>38800001</misses>
				<total>1499</total>
				<timestamp>2535.175761</timestamp>
			</report>
			<report>
				<misses>38900001</misses>
				<total>1499</total>
				<timestamp>2541.718901</timestamp>
			</report>
			<report>
				<misses>39000001</misses>
				<total>1536</total>
				<timestamp>2548.232790</timestamp>
			</report>
			<report>
				<misses>39100001</misses>
				<total>1536</total>
				<timestamp>2554.711790</timestamp>
			</report>
			<report>
				<misses>39200001</misses>
				<total>1536</total>
				<timestamp>2561.183161</timestamp>
			</report>
			<report>
				<misses>39300001</misses>
				<total>1536</total>
				<timestamp>2567.600534</timestamp>
			</report>
			<report>
				<misses>39400001</misses>
				<total>1536</total>
				<timestamp>2573.969333</timestamp>
			</report>
			<report>
				<misses>39500001</misses>
				<total>1536</total>
				<timestamp>2580.357161</timestamp>
			</report>
			<report>
				<misses>39600001</misses>
				<total>1536</total>
				<timestamp>2586.792934</timestamp>
			</report>
			<report>
				<misses>39700001</misses>
				<total>1536</total>
				<timestamp>2593.225225</timestamp>
			</report>
			<report>
				<misses>39800001</misses>
				<total>1536</total>
				<timestamp>2599.609720</timestamp>
			</report>
			<report>
				<misses>39900001</misses>
				<total>1570</total>
				<timestamp>2606.026171</timestamp>
			</report>
			<report>
				<misses>40000001</misses>
				<total>1570</total>
				<timestamp>2612.478471</timestamp>
			</report>
			<report>
				<misses>40100001</misses>
				<total>1570</total>
				<timestamp>2619.002631</timestamp>
			</report>
			<report>
				<misses>40200001</misses>
				<total>1570</total>
				<timestamp>2625.522735</timestamp>
			</report>
			<report>
				<misses>40300001</misses>
				<total>1570</total>
				<timestamp>2631.977034</timestamp>
			</report>
			<report>
				<misses>40400001</misses>
				<total>1570</total>
				<timestamp>2638.471751</timestamp>
			</report>
			<report>
				<misses>40500001</misses>
				<total>1570</total>
				<timestamp>2644.967377</timestamp>
			</report>
			<report>
				<misses>40600001</misses>
				<total>1570</total>
				<timestamp>2651.476243</timestamp>
			</report>
			<report>
				<misses>40700001</misses>
				<total>1570</total>
				<timestamp>2658.025049</timestamp>
			</report>
			<report>
				<misses>40800001</misses>
				<total>1570</total>
				<timestamp>2664.584572</timestamp>
			</report>
			<report>
				<misses>40900001</misses>
				<total>1608</total>
				<timestamp>2671.217588</timestamp>
			</report>
			<report>
				<misses>41000001</misses>
				<total>1608</total>
				<timestamp>2677.838915</timestamp>
			</report>
			<report>
				<misses>41100001</misses>
				<total>1608</total>
				<timestamp>2684.473088</timestamp>
			</report>
			<report>
				<misses>41200001</misses>
				<total>1608</total>
				<timestamp>2691.078272</timestamp>
			</report>
			<report>
				<misses>41300001</misses>
				<total>1608</total>
				<timestamp>2697.643709</timestamp>
			</report>
			<report>
				<misses>41400001</misses>
				<total>1608</total>
				<timestamp>2704.218508</timestamp>
			</report>
			<report>
				<misses>41500001</misses>
				<total>1608</total>
				<timestamp>2710.782923</timestamp>
			</report>
			<report>
				<misses>41600001</misses>
				<total>1608</total>
				<timestamp>2717.353116</timestamp>
			</report>
			<report>
				<misses>41700001</misses>
				<total>1608</total>
				<timestamp>2723.897068</timestamp>
			</report>
			<report>
				<misses>41800001</misses>
				<total>1646</total>
				<timestamp>2730.443380</timestamp>
			</report>
			<report>
				<misses>41900001</misses>
				<total>1646</total>
				<timestamp>2737.013505</timestamp>
			</report>
			<report>
				<misses>42000001</misses>
				<total>1646</total>
				<timestamp>2743.656069</timestamp>
			</report>
			<report>
				<misses>42100001</misses>
				<total>1646</total>
				<timestamp>2750.231471</timestamp>
			</report>
			<report>
				<misses>42200001</misses>
				<total>1646</total>
				<timestamp>2756.781755</timestamp>
			</report>
			<report>
				<misses>42300001</misses>
				<total>1646</total>
				<timestamp>2763.310658</timestamp>
			</report>
			<report>
				<misses>42400001</misses>
				<total>1646</total>
				<timestamp>2769.878553</timestamp>
			</report>
			<report>
				<misses>42500001</misses>
				<total>1646</total>
				<timestamp>2776.468367</timestamp>
			</report>
			<report>
				<misses>42600001</misses>
				<total>1646</total>
				<timestamp>2783.038032</timestamp>
			</report>
			<report>
				<misses>42700001</misses>
				<total>1683</total>
				<timestamp>2789.579009</timestamp>
			</report>
			<report>
				<misses>42800001</misses>
				<total>1683</total>
				<timestamp>2796.142874</timestamp>
			</report>
			<report>
				<misses>42900001</misses>
				<total>1683</total>
				<timestamp>2802.690118</timestamp>
			</report>
			<report>
				<misses>43000001</misses>
				<total>1683</total>
				<timestamp>2809.215852</timestamp>
			</report>
			<report>
				<misses>43100001</misses>
				<total>1683</total>
				<timestamp>2815.755327</timestamp>
			</report>
			<report>
				<misses>43200001</misses>
				<total>1683</total>
				<timestamp>2822.260443</timestamp>
			</report>
			<report>
				<misses>43300001</misses>
				<total>1683</total>
				<timestamp>2828.768125</timestamp>
			</report>
			<report>
				<misses>43400001</misses>
				<total>1683</total>
				<timestamp>2835.285658</timestamp>
			</report>
			<report>
				<misses>43500001</misses>
				<total>1683</total>
				<timestamp>2841.786535</timestamp>
			</report>
			<report>
				<misses>43600001</misses>
				<total>1713</total>
				<timestamp>2848.367631</timestamp>
			</report>
			<report>
				<misses>43700001</misses>
				<total>1713</total>
				<timestamp>2854.985922</timestamp>
			</report>
			<report>
				<misses>43800001</misses>
				<total>1713</total>
				<timestamp>2861.562455</timestamp>
			</report>
			<report>
				<misses>43900001</misses>
				<total>1713</total>
				<timestamp>2868.042099</timestamp>
			</report>
			<report>
				<misses>44000001</misses>
				<total>1713</total>
				<timestamp>2874.428972</timestamp>
			</report>
			<report>
				<misses>44100001</misses>
				<total>1713</total>
				<timestamp>2880.795505</timestamp>
			</report>
			<report>
				<misses>44200001</misses>
				<total>1713</total>
				<timestamp>2887.195820</timestamp>
			</report>
			<report>
				<misses>44300001</misses>
				<total>1713</total>
				<timestamp>2893.654341</timestamp>
			</report>
			<report>
				<misses>44400001</misses>
				<total>1713</total>
				<timestamp>2900.182779</timestamp>
			</report>
			<report>
				<misses>44500001</misses>
				<total>1747</total>
				<timestamp>2906.731062</timestamp>
			</report>
			<report>
				<misses>44600001</misses>
				<total>1747</total>
				<timestamp>2913.313468</timestamp>
			</report>
			<report>
				<misses>44700001</misses>
				<total>1747</total>
				<timestamp>2919.874640</timestamp>
			</report>
			<report>
				<misses>44800001</misses>
				<total>1747</total>
				<timestamp>2926.395029</timestamp>
			</report>
			<report>
				<misses>44900001</misses>
				<total>1747</total>
				<timestamp>2932.881926</timestamp>
			</report>
			<report>
				<misses>45000001</misses>
				<total>1747</total>
				<timestamp>2939.387290</timestamp>
			</report>
			<report>
				<misses>45100001</misses>
				<total>1747</total>
				<timestamp>2945.889998</timestamp>
			</report>
			<report>
				<misses>45200001</misses>
				<total>1747</total>
				<timestamp>2952.422709</timestamp>
			</report>
			<report>
				<misses>45300001</misses>
				<total>1747</total>
				<timestamp>2958.974390</timestamp>
			</report>
			<report>
				<misses>45400001</misses>
				<total>1786</total>
				<timestamp>2965.589379</timestamp>
			</report>
			<report>
				<misses>45500001</misses>
				<total>1786</total>
				<timestamp>2972.225606</timestamp>
			</report>
			<report>
				<misses>45600001</misses>
				<total>1786</total>
				<timestamp>2978.912480</timestamp>
			</report>
			<report>
				<misses>45700001</misses>
				<total>1786</total>
				<timestamp>2985.548783</timestamp>
			</report>
			<report>
				<misses>45800001</misses>
				<total>1786</total>
				<timestamp>2992.080200</timestamp>
			</report>
			<report>
				<misses>45900001</misses>
				<total>1786</total>
				<timestamp>2998.591863</timestamp>
			</report>
			<report>
				<misses>46000001</misses>
				<total>1786</total>
				<timestamp>3005.009429</timestamp>
			</report>
			<report>
				<misses>46100001</misses>
				<total>1786</total>
				<timestamp>3011.500554</timestamp>
			</report>
			<report>
				<misses>46200001</misses>
				<total>1786</total>
				<timestamp>3017.982055</timestamp>
			</report>
			<report>
				<misses>46300001</misses>
				<total>1786</total>
				<timestamp>3024.427117</timestamp>
			</report>
			<report>
				<misses>46400001</misses>
				<total>1823</total>
				<timestamp>3030.885729</timestamp>
			</report>
			<report>
				<misses>46500001</misses>
				<total>1823</total>
				<timestamp>3037.307738</timestamp>
			</report>
			<report>
				<misses>46600001</misses>
				<total>1823</total>
				<timestamp>3043.783777</timestamp>
			</report>
			<report>
				<misses>46700001</misses>
				<total>1823</total>
				<timestamp>3050.234855</timestamp>
			</report>
			<report>
				<misses>46800001</misses>
				<total>1823</total>
				<timestamp>3056.644652</timestamp>
			</report>
			<report>
				<misses>46900001</misses>
				<total>1823</total>
				<timestamp>3063.057200</timestamp>
			</report>
			<report>
				<misses>47000001</misses>
				<total>1823</total>
				<timestamp>3069.517301</timestamp>
			</report>
			<report>
				<misses>47100001</misses>
				<total>1823</total>
				<timestamp>3075.994403</timestamp>
			</report>
			<report>
				<misses>47200001</misses>
				<total>1823</total>
				<timestamp>3082.433705</timestamp>
			</report>
			<report>
				<misses>47300001</misses>
				<total>1860</total>
				<timestamp>3088.844101</timestamp>
			</report>
			<report>
				<misses>47400001</misses>
				<total>1860</total>
				<timestamp>3095.249843</timestamp>
			</report>
			<report>
				<misses>47500001</misses>
				<total>1860</total>
				<timestamp>3101.723397</timestamp>
			</report>
			<report>
				<misses>47600001</misses>
				<total>1860</total>
				<timestamp>3108.244702</timestamp>
			</report>
			<report>
				<misses>47700001</misses>
				<total>1860</total>
				<timestamp>3114.716524</timestamp>
			</report>
			<report>
				<misses>47800001</misses>
				<total>1860</total>
				<timestamp>3121.198495</timestamp>
			</report>
			<report>
				<misses>47900001</misses>
				<total>1860</total>
				<timestamp>3127.686656</timestamp>
			</report>
			<report>
				<misses>48000001</misses>
				<total>1860</total>
				<timestamp>3134.151393</timestamp>
			</report>
			<report>
				<misses>48100001</misses>
				<total>1860</total>
				<timestamp>3140.688281</timestamp>
			</report>
			<report>
				<misses>48200001</misses>
				<total>1897</total>
				<timestamp>3147.247890</timestamp>
			</report>
			<report>
				<misses>48300001</misses>
				<total>1897</total>
				<timestamp>3153.829518</timestamp>
			</report>
			<report>
				<misses>48400001</misses>
				<total>1897</total>
				<timestamp>3160.368559</timestamp>
			</report>
			<report>
				<misses>48500001</misses>
				<total>1897</total>
				<timestamp>3166.873974</timestamp>
			</report>
			<report>
				<misses>48600001</misses>
				<total>1897</total>
				<timestamp>3173.331339</timestamp>
			</report>
			<report>
				<misses>48700001</misses>
				<total>1897</total>
				<timestamp>3179.829585</timestamp>
			</report>
			<report>
				<misses>48800001</misses>
				<total>1897</total>
				<timestamp>3186.371856</timestamp>
			</report>
			<report>
				<misses>48900001</misses>
				<total>1897</total>
				<timestamp>3192.940199</timestamp>
			</report>
			<report>
				<misses>49000001</misses>
				<total>1897</total>
				<timestamp>3199.482168</timestamp>
			</report>
			<report>
				<misses>49100001</misses>
				<total>1933</total>
				<timestamp>3206.018231</timestamp>
			</report>
			<report>
				<misses>49200001</misses>
				<total>1933</total>
				<timestamp>3212.503630</timestamp>
			</report>
			<report>
				<misses>49300001</misses>
				<total>1933</total>
				<timestamp>3219.090062</timestamp>
			</report>
			<report>
				<misses>49400001</misses>
				<total>1933</total>
				<timestamp>3225.723922</timestamp>
			</report>
			<report>
				<misses>49500001</misses>
				<total>1933</total>
				<timestamp>3232.225887</timestamp>
			</report>
			<report>
				<misses>49600001</misses>
				<total>1933</total>
				<timestamp>3238.707757</timestamp>
			</report>
			<report>
				<misses>49700001</misses>
				<total>1933</total>
				<timestamp>3245.182482</timestamp>
			</report>
			<report>
				<misses>49800001</misses>
				<total>1933</total>
				<timestamp>3251.634814</timestamp>
			</report>
			<report>
				<misses>49900001</misses>
				<total>1933</total>
				<timestamp>3258.160079</timestamp>
			</report>
			<report>
				<misses>50000001</misses>
				<total>1933</total>
				<timestamp>3264.666260</timestamp>
			</report>
			<report>
				<misses>50100001</misses>
				<total>1971</total>
				<timestamp>3271.226754</timestamp>
			</report>
			<report>
				<misses>50200001</misses>
				<total>1971</total>
				<timestamp>3277.732698</timestamp>
			</report>
			<report>
				<misses>50300001</misses>
				<total>1971</total>
				<timestamp>3284.270028</timestamp>
			</report>
			<report>
				<misses>50400001</misses>
				<total>1971</total>
				<timestamp>3290.758151</timestamp>
			</report>
			<report>
				<misses>50500001</misses>
				<total>1971</total>
				<timestamp>3297.285564</timestamp>
			</report>
			<report>
				<misses>50600001</misses>
				<total>1971</total>
				<timestamp>3303.819488</timestamp>
			</report>
			<report>
				<misses>50700001</misses>
				<total>1971</total>
				<timestamp>3310.395531</timestamp>
			</report>
			<report>
				<misses>50800001</misses>
				<total>1971</total>
				<timestamp>3317.009862</timestamp>
			</report>
			<report>
				<misses>50900001</misses>
				<total>1971</total>
				<timestamp>3323.616025</timestamp>
			</report>
			<report>
				<misses>51000001</misses>
				<total>2007</total>
				<timestamp>3330.172963</timestamp>
			</report>
			<report>
				<misses>51100001</misses>
				<total>2007</total>
				<timestamp>3336.796478</timestamp>
			</report>
			<report>
				<misses>51200001</misses>
				<total>2007</total>
				<timestamp>3343.421869</timestamp>
			</report>
			<report>
				<misses>51300001</misses>
				<total>2007</total>
				<timestamp>3349.942467</timestamp>
			</report>
			<report>
				<misses>51400001</misses>
				<total>2007</total>
				<timestamp>3356.445099</timestamp>
			</report>
			<report>
				<misses>51500001</misses>
				<total>2007</total>
				<timestamp>3362.981293</timestamp>
			</report>
			<report>
				<misses>51600001</misses>
				<total>2007</total>
				<timestamp>3369.496964</timestamp>
			</report>
			<report>
				<misses>51700001</misses>
				<total>2007</total>
				<timestamp>3376.119695</timestamp>
			</report>
			<report>
				<misses>51800001</misses>
				<total>2007</total>
				<timestamp>3382.696108</timestamp>
			</report>
			<report>
				<misses>51900001</misses>
				<total>2042</total>
				<timestamp>3389.229273</timestamp>
			</report>
			<report>
				<misses>52000001</misses>
				<total>2042</total>
				<timestamp>3395.864438</timestamp>
			</report>
			<report>
				<misses>52100001</misses>
				<total>2042</total>
				<timestamp>3402.478098</timestamp>
			</report>
			<report>
				<misses>52200001</misses>
				<total>2042</total>
				<timestamp>3409.015667</timestamp>
			</report>
			<report>
				<misses>52300001</misses>
				<total>2042</total>
				<timestamp>3415.509752</timestamp>
			</report>
			<report>
				<misses>52400001</misses>
				<total>2042</total>
				<timestamp>3422.005574</timestamp>
			</report>
			<report>
				<misses>52500001</misses>
				<total>2042</total>
				<timestamp>3428.484104</timestamp>
			</report>
			<report>
				<misses>52600001</misses>
				<total>2042</total>
				<timestamp>3434.944022</timestamp>
			</report>
			<report>
				<misses>52700001</misses>
				<total>2042</total>
				<timestamp>3441.422968</timestamp>
			</report>
			<report>
				<misses>52800001</misses>
				<total>2080</total>
				<timestamp>3447.998565</timestamp>
			</report>
			<report>
				<misses>52900001</misses>
				<total>2080</total>
				<timestamp>3454.627444</timestamp>
			</report>
			<report>
				<misses>53000001</misses>
				<total>2080</total>
				<timestamp>3461.252935</timestamp>
			</report>
			<report>
				<misses>53100001</misses>
				<total>2080</total>
				<timestamp>3467.822246</timestamp>
			</report>
			<report>
				<misses>53200001</misses>
				<total>2080</total>
				<timestamp>3474.333528</timestamp>
			</report>
			<report>
				<misses>53300001</misses>
				<total>2080</total>
				<timestamp>3480.810631</timestamp>
			</report>
			<report>
				<misses>53400001</misses>
				<total>2080</total>
				<timestamp>3487.296171</timestamp>
			</report>
			<report>
				<misses>53500001</misses>
				<total>2080</total>
				<timestamp>3493.853256</timestamp>
			</report>
			<report>
				<misses>53600001</misses>
				<total>2080</total>
				<timestamp>3500.370885</timestamp>
			</report>
			<report>
				<misses>53700001</misses>
				<total>2118</total>
				<timestamp>3506.861972</timestamp>
			</report>
			<report>
				<misses>53800001</misses>
				<total>2118</total>
				<timestamp>3513.375061</timestamp>
			</report>
			<report>
				<misses>53900001</misses>
				<total>2118</total>
				<timestamp>3519.925832</timestamp>
			</report>
			<report>
				<misses>54000001</misses>
				<total>2118</total>
				<timestamp>3526.484540</timestamp>
			</report>
			<report>
				<misses>54100001</misses>
				<total>2118</total>
				<timestamp>3532.939863</timestamp>
			</report>
			<report>
				<misses>54200001</misses>
				<total>2118</total>
				<timestamp>3539.360868</timestamp>
			</report>
			<report>
				<misses>54300001</misses>
				<total>2118</total>
				<timestamp>3545.767474</timestamp>
			</report>
			<report>
				<misses>54400001</misses>
				<total>2118</total>
				<timestamp>3552.156657</timestamp>
			</report>
			<report>
				<misses>54500001</misses>
				<total>2118</total>
				<timestamp>3558.596263</timestamp>
			</report>
			<report>
				<misses>54600001</misses>
				<total>2154</total>
				<timestamp>3565.032593</timestamp>
			</report>
			<report>
				<misses>54700001</misses>
				<total>2154</total>
				<timestamp>3571.469588</timestamp>
			</report>
			<report>
				<misses>54800001</misses>
				<total>2154</total>
				<timestamp>3577.911437</timestamp>
			</report>
			<report>
				<misses>54900001</misses>
				<total>2154</total>
				<timestamp>3584.343354</timestamp>
			</report>
			<report>
				<misses>55000001</misses>
				<total>2154</total>
				<timestamp>3590.753870</timestamp>
			</report>
			<report>
				<misses>55100001</misses>
				<total>2154</total>
				<timestamp>3597.206620</timestamp>
			</report>
			<report>
				<misses>55200001</misses>
				<total>2154</total>
				<timestamp>3603.710336</timestamp>
			</report>
			<report>
				<misses>55300001</misses>
				<total>2154</total>
				<timestamp>3610.308882</timestamp>
			</report>
			<report>
				<misses>55400001</misses>
				<total>2154</total>
				<timestamp>3616.935585</timestamp>
			</report>
			<report>
				<misses>55500001</misses>
				<total>2154</total>
				<timestamp>3623.532288</timestamp>
			</report>
			<report>
				<misses>55600001</misses>
				<total>2188</total>
				<timestamp>3630.116418</timestamp>
			</report>
			<report>
				<misses>55700001</misses>
				<total>2188</total>
				<timestamp>3636.659501</timestamp>
			</report>
			<report>
				<misses>55800001</misses>
				<total>2188</total>
				<timestamp>3643.201585</timestamp>
			</report>
			<report>
				<misses>55900001</misses>
				<total>2188</total>
				<timestamp>3649.698301</timestamp>
			</report>
			<report>
				<misses>56000001</misses>
				<total>2188</total>
				<timestamp>3656.221744</timestamp>
			</report>
			<report>
				<misses>56100001</misses>
				<total>2188</total>
				<timestamp>3662.730534</timestamp>
			</report>
			<report>
				<misses>56200001</misses>
				<total>2188</total>
				<timestamp>3669.249237</timestamp>
			</report>
			<report>
				<misses>56300001</misses>
				<total>2188</total>
				<timestamp>3675.745967</timestamp>
			</report>
			<report>
				<misses>56400001</misses>
				<total>2188</total>
				<timestamp>3682.279888</timestamp>
			</report>
			<report>
				<misses>56500001</misses>
				<total>2226</total>
				<timestamp>3688.844037</timestamp>
			</report>
			<report>
				<misses>56600001</misses>
				<total>2226</total>
				<timestamp>3695.468812</timestamp>
			</report>
			<report>
				<misses>56700001</misses>
				<total>2226</total>
				<timestamp>3702.055382</timestamp>
			</report>
			<report>
				<misses>56800001</misses>
				<total>2226</total>
				<timestamp>3708.640535</timestamp>
			</report>
			<report>
				<misses>56900001</misses>
				<total>2226</total>
				<timestamp>3715.154539</timestamp>
			</report>
			<report>
				<misses>57000001</misses>
				<total>2226</total>
				<timestamp>3721.650547</timestamp>
			</report>
			<report>
				<misses>57100001</misses>
				<total>2226</total>
				<timestamp>3728.138588</timestamp>
			</report>
			<report>
				<misses>57200001</misses>
				<total>2226</total>
				<timestamp>3734.642524</timestamp>
			</report>
			<report>
				<misses>57300001</misses>
				<total>2226</total>
				<timestamp>3741.186347</timestamp>
			</report>
			<report>
				<misses>57400001</misses>
				<total>2262</total>
				<timestamp>3747.735567</timestamp>
			</report>
			<report>
				<misses>57500001</misses>
				<total>2262</total>
				<timestamp>3754.230853</timestamp>
			</report>
			<report>
				<misses>57600001</misses>
				<total>2262</total>
				<timestamp>3760.729253</timestamp>
			</report>
			<report>
				<misses>57700001</misses>
				<total>2262</total>
				<timestamp>3767.214650</timestamp>
			</report>
			<report>
				<misses>57800001</misses>
				<total>2262</total>
				<timestamp>3773.689912</timestamp>
			</report>
			<report>
				<misses>57900001</misses>
				<total>2262</total>
				<timestamp>3780.187568</timestamp>
			</report>
			<report>
				<misses>58000001</misses>
				<total>2262</total>
				<timestamp>3786.684762</timestamp>
			</report>
			<report>
				<misses>58100001</misses>
				<total>2262</total>
				<timestamp>3793.188084</timestamp>
			</report>
			<report>
				<misses>58200001</misses>
				<total>2262</total>
				<timestamp>3799.793596</timestamp>
			</report>
			<report>
				<misses>58300001</misses>
				<total>2298</total>
				<timestamp>3806.367561</timestamp>
			</report>
			<report>
				<misses>58400001</misses>
				<total>2298</total>
				<timestamp>3812.982069</timestamp>
			</report>
			<report>
				<misses>58500001</misses>
				<total>2298</total>
				<timestamp>3819.638475</timestamp>
			</report>
			<report>
				<misses>58600001</misses>
				<total>2298</total>
				<timestamp>3826.239144</timestamp>
			</report>
			<report>
				<misses>58700001</misses>
				<total>2298</total>
				<timestamp>3832.749329</timestamp>
			</report>
			<report>
				<misses>58800001</misses>
				<total>2298</total>
				<timestamp>3839.269909</timestamp>
			</report>
			<report>
				<misses>58900001</misses>
				<total>2298</total>
				<timestamp>3845.808698</timestamp>
			</report>
			<report>
				<misses>59000001</misses>
				<total>2298</total>
				<timestamp>3852.382866</timestamp>
			</report>
			<report>
				<misses>59100001</misses>
				<total>2298</total>
				<timestamp>3858.943279</timestamp>
			</report>
			<report>
				<misses>59200001</misses>
				<total>2323</total>
				<timestamp>3865.541891</timestamp>
			</report>
			<report>
				<misses>59300001</misses>
				<total>2323</total>
				<timestamp>3872.109915</timestamp>
			</report>
			<report>
				<misses>59400001</misses>
				<total>2323</total>
				<timestamp>3878.639508</timestamp>
			</report>
			<report>
				<misses>59500001</misses>
				<total>2323</total>
				<timestamp>3885.189579</timestamp>
			</report>
			<report>
				<misses>59600001</misses>
				<total>2323</total>
				<timestamp>3891.603956</timestamp>
			</report>
			<report>
				<misses>59700001</misses>
				<total>2323</total>
				<timestamp>3898.058814</timestamp>
			</report>
			<report>
				<misses>59800001</misses>
				<total>2323</total>
				<timestamp>3904.510406</timestamp>
			</report>
			<report>
				<misses>59900001</misses>
				<total>2323</total>
				<timestamp>3910.979412</timestamp>
			</report>
			<report>
				<misses>60000001</misses>
				<total>2323</total>
				<timestamp>3917.459902</timestamp>
			</report>
			<report>
				<misses>60100001</misses>
				<total>2323</total>
				<timestamp>3924.000628</timestamp>
			</report>
			<report>
				<misses>60200001</misses>
				<total>2359</total>
				<timestamp>3930.563285</timestamp>
			</report>
			<report>
				<misses>60300001</misses>
				<total>2359</total>
				<timestamp>3937.137934</timestamp>
			</report>
			<report>
				<misses>60400001</misses>
				<total>2359</total>
				<timestamp>3943.832592</timestamp>
			</report>
			<report>
				<misses>60500001</misses>
				<total>2359</total>
				<timestamp>3950.414642</timestamp>
			</report>
			<report>
				<misses>60600001</misses>
				<total>2359</total>
				<timestamp>3956.958294</timestamp>
			</report>
			<report>
				<misses>60700001</misses>
				<total>2359</total>
				<timestamp>3963.524798</timestamp>
			</report>
			<report>
				<misses>60800001</misses>
				<total>2359</total>
				<timestamp>3970.108799</timestamp>
			</report>
			<report>
				<misses>60900001</misses>
				<total>2359</total>
				<timestamp>3976.678313</timestamp>
			</report>
			<report>
				<misses>61000001</misses>
				<total>2359</total>
				<timestamp>3983.237091</timestamp>
			</report>
			<report>
				<misses>61100001</misses>
				<total>2395</total>
				<timestamp>3989.710622</timestamp>
			</report>
			<report>
				<misses>61200001</misses>
				<total>2395</total>
				<timestamp>3996.175520</timestamp>
			</report>
			<report>
				<misses>61300001</misses>
				<total>2395</total>
				<timestamp>4002.674782</timestamp>
			</report>
			<report>
				<misses>61400001</misses>
				<total>2395</total>
				<timestamp>4009.158915</timestamp>
			</report>
			<report>
				<misses>61500001</misses>
				<total>2395</total>
				<timestamp>4015.602098</timestamp>
			</report>
			<report>
				<misses>61600001</misses>
				<total>2395</total>
				<timestamp>4022.094963</timestamp>
			</report>
			<report>
				<misses>61700001</misses>
				<total>2395</total>
				<timestamp>4028.648716</timestamp>
			</report>
			<report>
				<misses>61800001</misses>
				<total>2395</total>
				<timestamp>4035.213284</timestamp>
			</report>
			<report>
				<misses>61900001</misses>
				<total>2395</total>
				<timestamp>4041.756606</timestamp>
			</report>
			<report>
				<misses>62000001</misses>
				<total>2432</total>
				<timestamp>4048.264240</timestamp>
			</report>
			<report>
				<misses>62100001</misses>
				<total>2432</total>
				<timestamp>4054.769339</timestamp>
			</report>
			<report>
				<misses>62200001</misses>
				<total>2432</total>
				<timestamp>4061.258809</timestamp>
			</report>
			<report>
				<misses>62300001</misses>
				<total>2432</total>
				<timestamp>4067.734086</timestamp>
			</report>
			<report>
				<misses>62400001</misses>
				<total>2432</total>
				<timestamp>4074.270201</timestamp>
			</report>
			<report>
				<misses>62500001</misses>
				<total>2432</total>
				<timestamp>4080.862058</timestamp>
			</report>
			<report>
				<misses>62600001</misses>
				<total>2432</total>
				<timestamp>4087.420289</timestamp>
			</report>
			<report>
				<misses>62700001</misses>
				<total>2432</total>
				<timestamp>4094.015175</timestamp>
			</report>
			<report>
				<misses>62800001</misses>
				<total>2432</total>
				<timestamp>4100.596886</timestamp>
			</report>
			<report>
				<misses>62900001</misses>
				<total>2467</total>
				<timestamp>4107.195361</timestamp>
			</report>
			<report>
				<misses>63000001</misses>
				<total>2467</total>
				<timestamp>4113.763867</timestamp>
			</report>
			<report>
				<misses>63100001</misses>
				<total>2467</total>
				<timestamp>4120.383291</timestamp>
			</report>
			<report>
				<misses>63200001</misses>
				<total>2467</total>
				<timestamp>4126.979632</timestamp>
			</report>
			<report>
				<misses>63300001</misses>
				<total>2467</total>
				<timestamp>4133.465593</timestamp>
			</report>
			<report>
				<misses>63400001</misses>
				<total>2467</total>
				<timestamp>4140.015360</timestamp>
			</report>
			<report>
				<misses>63500001</misses>
				<total>2467</total>
				<timestamp>4146.545479</timestamp>
			</report>
			<report>
				<misses>63600001</misses>
				<total>2467</total>
				<timestamp>4153.143448</timestamp>
			</report>
			<report>
				<misses>63700001</misses>
				<total>2467</total>
				<timestamp>4159.736253</timestamp>
			</report>
			<report>
				<misses>63800001</misses>
				<total>2501</total>
				<timestamp>4166.355352</timestamp>
			</report>
			<report>
				<misses>63900001</misses>
				<total>2501</total>
				<timestamp>4172.967089</timestamp>
			</report>
			<report>
				<misses>64000001</misses>
				<total>2501</total>
				<timestamp>4179.646506</timestamp>
			</report>
			<report>
				<misses>64100001</misses>
				<total>2501</total>
				<timestamp>4186.307435</timestamp>
			</report>
			<report>
				<misses>64200001</misses>
				<total>2501</total>
				<timestamp>4192.843316</timestamp>
			</report>
			<report>
				<misses>64300001</misses>
				<total>2501</total>
				<timestamp>4199.378362</timestamp>
			</report>
			<report>
				<misses>64400001</misses>
				<total>2501</total>
				<timestamp>4205.883662</timestamp>
			</report>
			<report>
				<misses>64500001</misses>
				<total>2501</total>
				<timestamp>4212.452720</timestamp>
			</report>
			<report>
				<misses>64600001</misses>
				<total>2501</total>
				<timestamp>4219.010279</timestamp>
			</report>
			<report>
				<misses>64700001</misses>
				<total>2534</total>
				<timestamp>4225.530785</timestamp>
			</report>
			<report>
				<misses>64800001</misses>
				<total>2534</total>
				<timestamp>4232.118592</timestamp>
			</report>
			<report>
				<misses>64900001</misses>
				<total>2534</total>
				<timestamp>4238.687154</timestamp>
			</report>
			<report>
				<misses>65000001</misses>
				<total>2534</total>
				<timestamp>4245.253289</timestamp>
			</report>
			<report>
				<misses>65100001</misses>
				<total>2534</total>
				<timestamp>4251.823276</timestamp>
			</report>
			<report>
				<misses>65200001</misses>
				<total>2534</total>
				<timestamp>4258.416502</timestamp>
			</report>
			<report>
				<misses>65300001</misses>
				<total>2534</total>
				<timestamp>4265.003854</timestamp>
			</report>
			<report>
				<misses>65400001</misses>
				<total>2534</total>
				<timestamp>4271.602035</timestamp>
			</report>
			<report>
				<misses>65500001</misses>
				<total>2534</total>
				<timestamp>4278.224654</timestamp>
			</report>
			<report>
				<misses>65600001</misses>
				<total>2570</total>
				<timestamp>4284.855947</timestamp>
			</report>
			<report>
				<misses>65700001</misses>
				<total>2570</total>
				<timestamp>4291.543544</timestamp>
			</report>
			<report>
				<misses>65800001</misses>
				<total>2570</total>
				<timestamp>4298.190496</timestamp>
			</report>
			<report>
				<misses>65900001</misses>
				<total>2570</total>
				<timestamp>4304.875965</timestamp>
			</report>
			<report>
				<misses>66000001</misses>
				<total>2570</total>
				<timestamp>4311.381389</timestamp>
			</report>
			<report>
				<misses>66100001</misses>
				<total>2570</total>
				<timestamp>4317.867390</timestamp>
			</report>
			<report>
				<misses>66200001</misses>
				<total>2570</total>
				<timestamp>4324.349362</timestamp>
			</report>
			<report>
				<misses>66300001</misses>
				<total>2570</total>
				<timestamp>4330.803842</timestamp>
			</report>
			<report>
				<misses>66400001</misses>
				<total>2570</total>
				<timestamp>4337.302628</timestamp>
			</report>
			<report>
				<misses>66500001</misses>
				<total>2570</total>
				<timestamp>4343.845041</timestamp>
			</report>
			<report>
				<misses>66600001</misses>
				<total>2608</total>
				<timestamp>4350.395802</timestamp>
			</report>
			<report>
				<misses>66700001</misses>
				<total>2608</total>
				<timestamp>4357.005049</timestamp>
			</report>
			<report>
				<misses>66800001</misses>
				<total>2608</total>
				<timestamp>4363.572571</timestamp>
			</report>
			<report>
				<misses>66900001</misses>
				<total>2608</total>
				<timestamp>4370.066360</timestamp>
			</report>
			<report>
				<misses>67000001</misses>
				<total>2608</total>
				<timestamp>4376.500563</timestamp>
			</report>
			<report>
				<misses>67100001</misses>
				<total>2608</total>
				<timestamp>4382.941199</timestamp>
			</report>
			<report>
				<misses>67200001</misses>
				<total>2608</total>
				<timestamp>4389.412885</timestamp>
			</report>
			<report>
				<misses>67300001</misses>
				<total>2608</total>
				<timestamp>4395.860141</timestamp>
			</report>
			<report>
				<misses>67400001</misses>
				<total>2608</total>
				<timestamp>4402.298642</timestamp>
			</report>
			<report>
				<misses>67500001</misses>
				<total>2642</total>
				<timestamp>4408.712358</timestamp>
			</report>
			<report>
				<misses>67600001</misses>
				<total>2642</total>
				<timestamp>4415.183124</timestamp>
			</report>
			<report>
				<misses>67700001</misses>
				<total>2642</total>
				<timestamp>4421.704024</timestamp>
			</report>
			<report>
				<misses>67800001</misses>
				<total>2642</total>
				<timestamp>4428.225125</timestamp>
			</report>
			<report>
				<misses>67900001</misses>
				<total>2642</total>
				<timestamp>4434.680935</timestamp>
			</report>
			<report>
				<misses>68000001</misses>
				<total>2642</total>
				<timestamp>4441.115681</timestamp>
			</report>
			<report>
				<misses>68100001</misses>
				<total>2642</total>
				<timestamp>4447.560215</timestamp>
			</report>
			<report>
				<misses>68200001</misses>
				<total>2642</total>
				<timestamp>4453.993939</timestamp>
			</report>
			<report>
				<misses>68300001</misses>
				<total>2642</total>
				<timestamp>4460.463787</timestamp>
			</report>
			<report>
				<misses>68400001</misses>
				<total>2677</total>
				<timestamp>4466.907792</timestamp>
			</report>
			<report>
				<misses>68500001</misses>
				<total>2677</total>
				<timestamp>4473.327843</timestamp>
			</report>
			<report>
				<misses>68600001</misses>
				<total>2677</total>
				<timestamp>4479.735879</timestamp>
			</report>
			<report>
				<misses>68700001</misses>
				<total>2677</total>
				<timestamp>4486.191527</timestamp>
			</report>
			<report>
				<misses>68800001</misses>
				<total>2677</total>
				<timestamp>4492.559354</timestamp>
			</report>
			<report>
				<misses>68900001</misses>
				<total>2677</total>
				<timestamp>4498.930230</timestamp>
			</report>
			<report>
				<misses>69000001</misses>
				<total>2677</total>
				<timestamp>4505.338545</timestamp>
			</report>
			<report>
				<misses>69100001</misses>
				<total>2677</total>
				<timestamp>4511.819711</timestamp>
			</report>
			<report>
				<misses>69200001</misses>
				<total>2677</total>
				<timestamp>4518.371709</timestamp>
			</report>
			<report>
				<misses>69300001</misses>
				<total>2712</total>
				<timestamp>4524.987005</timestamp>
			</report>
			<report>
				<misses>69400001</misses>
				<total>2712</total>
				<timestamp>4531.650671</timestamp>
			</report>
			<report>
				<misses>69500001</misses>
				<total>2712</total>
				<timestamp>4538.326773</timestamp>
			</report>
			<report>
				<misses>69600001</misses>
				<total>2712</total>
				<timestamp>4544.981929</timestamp>
			</report>
			<report>
				<misses>69700001</misses>
				<total>2712</total>
				<timestamp>4551.573975</timestamp>
			</report>
			<report>
				<misses>69800001</misses>
				<total>2712</total>
				<timestamp>4558.137087</timestamp>
			</report>
			<report>
				<misses>69900001</misses>
				<total>2712</total>
				<timestamp>4564.674161</timestamp>
			</report>
			<report>
				<misses>70000001</misses>
				<total>2712</total>
				<timestamp>4571.186398</timestamp>
			</report>
			<report>
				<misses>70100001</misses>
				<total>2712</total>
				<timestamp>4577.754932</timestamp>
			</report>
			<report>
				<misses>70200001</misses>
				<total>2712</total>
				<timestamp>4584.383474</timestamp>
			</report>
			<report>
				<misses>70300001</misses>
				<total>2751</total>
				<timestamp>4590.969370</timestamp>
			</report>
			<report>
				<misses>70400001</misses>
				<total>2751</total>
				<timestamp>4597.537862</timestamp>
			</report>
			<report>
				<misses>70500001</misses>
				<total>2751</total>
				<timestamp>4604.092195</timestamp>
			</report>
			<report>
				<misses>70600001</misses>
				<total>2751</total>
				<timestamp>4610.580110</timestamp>
			</report>
			<report>
				<misses>70700001</misses>
				<total>2751</total>
				<timestamp>4617.110301</timestamp>
			</report>
			<report>
				<misses>70800001</misses>
				<total>2751</total>
				<timestamp>4623.646666</timestamp>
			</report>
			<report>
				<misses>70900001</misses>
				<total>2751</total>
				<timestamp>4630.230998</timestamp>
			</report>
			<report>
				<misses>71000001</misses>
				<total>2751</total>
				<timestamp>4636.860906</timestamp>
			</report>
			<report>
				<misses>71100001</misses>
				<total>2751</total>
				<timestamp>4643.471560</timestamp>
			</report>
			<report>
				<misses>71200001</misses>
				<total>2787</total>
				<timestamp>4650.046432</timestamp>
			</report>
			<report>
				<misses>71300001</misses>
				<total>2787</total>
				<timestamp>4656.617494</timestamp>
			</report>
			<report>
				<misses>71400001</misses>
				<total>2787</total>
				<timestamp>4663.269873</timestamp>
			</report>
			<report>
				<misses>71500001</misses>
				<total>2787</total>
				<timestamp>4669.859519</timestamp>
			</report>
			<report>
				<misses>71600001</misses>
				<total>2787</total>
				<timestamp>4676.409407</timestamp>
			</report>
			<report>
				<misses>71700001</misses>
				<total>2787</total>
				<timestamp>4683.024432</timestamp>
			</report>
			<report>
				<misses>71800001</misses>
				<total>2787</total>
				<timestamp>4689.619682</timestamp>
			</report>
			<report>
				<misses>71900001</misses>
				<total>2787</total>
				<timestamp>4696.242711</timestamp>
			</report>
			<report>
				<misses>72000001</misses>
				<total>2787</total>
				<timestamp>4702.932832</timestamp>
			</report>
			<report>
				<misses>72100001</misses>
				<total>2818</total>
				<timestamp>4709.603989</timestamp>
			</report>
			<report>
				<misses>72200001</misses>
				<total>2818</total>
				<timestamp>4716.246996</timestamp>
			</report>
			<report>
				<misses>72300001</misses>
				<total>2818</total>
				<timestamp>4722.906701</timestamp>
			</report>
			<report>
				<misses>72400001</misses>
				<total>2818</total>
				<timestamp>4729.433443</timestamp>
			</report>
			<report>
				<misses>72500001</misses>
				<total>2818</total>
				<timestamp>4735.896571</timestamp>
			</report>
			<report>
				<misses>72600001</misses>
				<total>2818</total>
				<timestamp>4742.341305</timestamp>
			</report>
			<report>
				<misses>72700001</misses>
				<total>2818</total>
				<timestamp>4748.833287</timestamp>
			</report>
			<report>
				<misses>72800001</misses>
				<total>2818</total>
				<timestamp>4755.335062</timestamp>
			</report>
			<report>
				<misses>72900001</misses>
				<total>2818</total>
				<timestamp>4761.822012</timestamp>
			</report>
			<report>
				<misses>73000001</misses>
				<total>2856</total>
				<timestamp>4768.314909</timestamp>
			</report>
			<report>
				<misses>73100001</misses>
				<total>2856</total>
				<timestamp>4774.800450</timestamp>
			</report>
			<report>
				<misses>73200001</misses>
				<total>2856</total>
				<timestamp>4781.322261</timestamp>
			</report>
			<report>
				<misses>73300001</misses>
				<total>2856</total>
				<timestamp>4787.814819</timestamp>
			</report>
			<report>
				<misses>73400001</misses>
				<total>2856</total>
				<timestamp>4794.250379</timestamp>
			</report>
			<report>
				<misses>73500001</misses>
				<total>2856</total>
				<timestamp>4800.768621</timestamp>
			</report>
			<report>
				<misses>73600001</misses>
				<total>2856</total>
				<timestamp>4807.280251</timestamp>
			</report>
			<report>
				<misses>73700001</misses>
				<total>2856</total>
				<timestamp>4813.850985</timestamp>
			</report>
			<report>
				<misses>73800001</misses>
				<total>2856</total>
				<timestamp>4820.385474</timestamp>
			</report>
			<report>
				<misses>73900001</misses>
				<total>2892</total>
				<timestamp>4826.921084</timestamp>
			</report>
			<report>
				<misses>74000001</misses>
				<total>2892</total>
				<timestamp>4833.445627</timestamp>
			</report>
			<report>
				<misses>74100001</misses>
				<total>2892</total>
				<timestamp>4839.955785</timestamp>
			</report>
			<report>
				<misses>74200001</misses>
				<total>2892</total>
				<timestamp>4846.438207</timestamp>
			</report>
			<report>
				<misses>74300001</misses>
				<total>2892</total>
				<timestamp>4852.892692</timestamp>
			</report>
			<report>
				<misses>74400001</misses>
				<total>2892</total>
				<timestamp>4859.357449</timestamp>
			</report>
			<report>
				<misses>74500001</misses>
				<total>2892</total>
				<timestamp>4865.777543</timestamp>
			</report>
			<report>
				<misses>74600001</misses>
				<total>2892</total>
				<timestamp>4872.305203</timestamp>
			</report>
			<report>
				<misses>74700001</misses>
				<total>2892</total>
				<timestamp>4878.852402</timestamp>
			</report>
			<report>
				<misses>74800001</misses>
				<total>2929</total>
				<timestamp>4885.378382</timestamp>
			</report>
			<report>
				<misses>74900001</misses>
				<total>2929</total>
				<timestamp>4891.871082</timestamp>
			</report>
			<report>
				<misses>75000001</misses>
				<total>2929</total>
				<timestamp>4898.389176</timestamp>
			</report>
			<report>
				<misses>75100001</misses>
				<total>2929</total>
				<timestamp>4904.937747</timestamp>
			</report>
			<report>
				<misses>75200001</misses>
				<total>2929</total>
				<timestamp>4911.409992</timestamp>
			</report>
			<report>
				<misses>75300001</misses>
				<total>2929</total>
				<timestamp>4917.853446</timestamp>
			</report>
			<report>
				<misses>75400001</misses>
				<total>2929</total>
				<timestamp>4924.276564</timestamp>
			</report>
			<report>
				<misses>75500001</misses>
				<total>2929</total>
				<timestamp>4930.676512</timestamp>
			</report>
			<report>
				<misses>75600001</misses>
				<total>2929</total>
				<timestamp>4937.098448</timestamp>
			</report>
			<report>
				<misses>75700001</misses>
				<total>2929</total>
				<timestamp>4943.564017</timestamp>
			</report>
			<report>
				<misses>75800001</misses>
				<total>2968</total>
				<timestamp>4950.018124</timestamp>
			</report>
			<report>
				<misses>75900001</misses>
				<total>2968</total>
				<timestamp>4956.529670</timestamp>
			</report>
			<report>
				<misses>76000001</misses>
				<total>2968</total>
				<timestamp>4963.078867</timestamp>
			</report>
			<report>
				<misses>76100001</misses>
				<total>2968</total>
				<timestamp>4969.596405</timestamp>
			</report>
			<report>
				<misses>76200001</misses>
				<total>2968</total>
				<timestamp>4976.100491</timestamp>
			</report>
			<report>
				<misses>76300001</misses>
				<total>2968</total>
				<timestamp>4982.603655</timestamp>
			</report>
			<report>
				<misses>76400001</misses>
				<total>2968</total>
				<timestamp>4989.176592</timestamp>
			</report>
			<report>
				<misses>76500001</misses>
				<total>2968</total>
				<timestamp>4995.782915</timestamp>
			</report>
			<report>
				<misses>76600001</misses>
				<total>2968</total>
				<timestamp>5002.337937</timestamp>
			</report>
			<report>
				<misses>76700001</misses>
				<total>3006</total>
				<timestamp>5008.860848</timestamp>
			</report>
			<report>
				<misses>76800001</misses>
				<total>3006</total>
				<timestamp>5015.406744</timestamp>
			</report>
			<report>
				<misses>76900001</misses>
				<total>3006</total>
				<timestamp>5021.988548</timestamp>
			</report>
			<report>
				<misses>77000001</misses>
				<total>3006</total>
				<timestamp>5028.571353</timestamp>
			</report>
			<report>
				<misses>77100001</misses>
				<total>3006</total>
				<timestamp>5035.127340</timestamp>
			</report>
			<report>
				<misses>77200001</misses>
				<total>3006</total>
				<timestamp>5041.633217</timestamp>
			</report>
			<report>
				<misses>77300001</misses>
				<total>3006</total>
				<timestamp>5048.205889</timestamp>
			</report>
			<report>
				<misses>77400001</misses>
				<total>3006</total>
				<timestamp>5054.778321</timestamp>
			</report>
			<report>
				<misses>77500001</misses>
				<total>3006</total>
				<timestamp>5061.337843</timestamp>
			</report>
			<report>
				<misses>77600001</misses>
				<total>3049</total>
				<timestamp>5067.906100</timestamp>
			</report>
			<report>
				<misses>77700001</misses>
				<total>3049</total>
				<timestamp>5074.456593</timestamp>
			</report>
			<report>
				<misses>77800001</misses>
				<total>3049</total>
				<timestamp>5080.981899</timestamp>
			</report>
			<report>
				<misses>77900001</misses>
				<total>3049</total>
				<timestamp>5087.477394</timestamp>
			</report>
			<report>
				<misses>78000001</misses>
				<total>3049</total>
				<timestamp>5093.992512</timestamp>
			</report>
			<report>
				<misses>78100001</misses>
				<total>3049</total>
				<timestamp>5100.547975</timestamp>
			</report>
			<report>
				<misses>78200001</misses>
				<total>3049</total>
				<timestamp>5107.149362</timestamp>
			</report>
			<report>
				<misses>78300001</misses>
				<total>3049</total>
				<timestamp>5113.735761</timestamp>
			</report>
			<report>
				<misses>78400001</misses>
				<total>3049</total>
				<timestamp>5120.295372</timestamp>
			</report>
			<report>
				<misses>78500001</misses>
				<total>3085</total>
				<timestamp>5126.878792</timestamp>
			</report>
			<report>
				<misses>78600001</misses>
				<total>3085</total>
				<timestamp>5133.461451</timestamp>
			</report>
			<report>
				<misses>78700001</misses>
				<total>3085</total>
				<timestamp>5140.073487</timestamp>
			</report>
			<report>
				<misses>78800001</misses>
				<total>3085</total>
				<timestamp>5146.667348</timestamp>
			</report>
			<report>
				<misses>78900001</misses>
				<total>3085</total>
				<timestamp>5153.193143</timestamp>
			</report>
			<report>
				<misses>79000001</misses>
				<total>3085</total>
				<timestamp>5159.693996</timestamp>
			</report>
			<report>
				<misses>79100001</misses>
				<total>3085</total>
				<timestamp>5166.228899</timestamp>
			</report>
			<report>
				<misses>79200001</misses>
				<total>3085</total>
				<timestamp>5172.755628</timestamp>
			</report>
			<report>
				<misses>79300001</misses>
				<total>3085</total>
				<timestamp>5179.324093</timestamp>
			</report>
			<report>
				<misses>79400001</misses>
				<total>3118</total>
				<timestamp>5185.971499</timestamp>
			</report>
			<report>
				<misses>79500001</misses>
				<total>3118</total>
				<timestamp>5192.636582</timestamp>
			</report>
			<report>
				<misses>79600001</misses>
				<total>3118</total>
				<timestamp>5199.294134</timestamp>
			</report>
			<report>
				<misses>79700001</misses>
				<total>3118</total>
				<timestamp>5205.925884</timestamp>
			</report>
			<report>
				<misses>79800001</misses>
				<total>3118</total>
				<timestamp>5212.429677</timestamp>
			</report>
			<report>
				<misses>79900001</misses>
				<total>3118</total>
				<timestamp>5218.926018</timestamp>
			</report>
			<report>
				<misses>80000001</misses>
				<total>3118</total>
				<timestamp>5225.398003</timestamp>
			</report>
			<report>
				<misses>80100001</misses>
				<total>3118</total>
				<timestamp>5231.878082</timestamp>
			</report>
			<report>
				<misses>80200001</misses>
				<total>3118</total>
				<timestamp>5238.405059</timestamp>
			</report>
			<report>
				<misses>80300001</misses>
				<total>3154</total>
				<timestamp>5244.958465</timestamp>
			</report>
			<report>
				<misses>80400001</misses>
				<total>3154</total>
				<timestamp>5251.497387</timestamp>
			</report>
			<report>
				<misses>80500001</misses>
				<total>3154</total>
				<timestamp>5258.013954</timestamp>
			</report>
			<report>
				<misses>80600001</misses>
				<total>3154</total>
				<timestamp>5264.587893</timestamp>
			</report>
			<report>
				<misses>80700001</misses>
				<total>3154</total>
				<timestamp>5271.135340</timestamp>
			</report>
			<report>
				<misses>80800001</misses>
				<total>3154</total>
				<timestamp>5277.669393</timestamp>
			</report>
			<report>
				<misses>80900001</misses>
				<total>3154</total>
				<timestamp>5284.225433</timestamp>
			</report>
			<report>
				<misses>81000001</misses>
				<total>3154</total>
				<timestamp>5290.742347</timestamp>
			</report>
			<report>
				<misses>81100001</misses>
				<total>3154</total>
				<timestamp>5297.258241</timestamp>
			</report>
			<report>
				<misses>81200001</misses>
				<total>3154</total>
				<timestamp>5303.732230</timestamp>
			</report>
			<report>
				<misses>81300001</misses>
				<total>3190</total>
				<timestamp>5310.268047</timestamp>
			</report>
			<report>
				<misses>81400001</misses>
				<total>3190</total>
				<timestamp>5316.771039</timestamp>
			</report>
			<report>
				<misses>81500001</misses>
				<total>3190</total>
				<timestamp>5323.256981</timestamp>
			</report>
			<report>
				<misses>81600001</misses>
				<total>3190</total>
				<timestamp>5329.614640</timestamp>
			</report>
			<report>
				<misses>81700001</misses>
				<total>3190</total>
				<timestamp>5335.984619</timestamp>
			</report>
			<report>
				<misses>81800001</misses>
				<total>3190</total>
				<timestamp>5342.451041</timestamp>
			</report>
			<report>
				<misses>81900001</misses>
				<total>3190</total>
				<timestamp>5348.919784</timestamp>
			</report>
			<report>
				<misses>82000001</misses>
				<total>3190</total>
				<timestamp>5355.408544</timestamp>
			</report>
			<report>
				<misses>82100001</misses>
				<total>3190</total>
				<timestamp>5361.978045</timestamp>
			</report>
			<report>
				<misses>82200001</misses>
				<total>3227</total>
				<timestamp>5368.558000</timestamp>
			</report>
			<report>
				<misses>82300001</misses>
				<total>3227</total>
				<timestamp>5375.128607</timestamp>
			</report>
			<report>
				<misses>82400001</misses>
				<total>3227</total>
				<timestamp>5381.670937</timestamp>
			</report>
			<report>
				<misses>82500001</misses>
				<total>3227</total>
				<timestamp>5388.202176</timestamp>
			</report>
			<report>
				<misses>82600001</misses>
				<total>3227</total>
				<timestamp>5394.741570</timestamp>
			</report>
			<report>
				<misses>82700001</misses>
				<total>3227</total>
				<timestamp>5401.243326</timestamp>
			</report>
			<report>
				<misses>82800001</misses>
				<total>3227</total>
				<timestamp>5407.775319</timestamp>
			</report>
			<report>
				<misses>82900001</misses>
				<total>3227</total>
				<timestamp>5414.357310</timestamp>
			</report>
			<report>
				<misses>83000001</misses>
				<total>3227</total>
				<timestamp>5420.928935</timestamp>
			</report>
			<report>
				<misses>83100001</misses>
				<total>3266</total>
				<timestamp>5427.452329</timestamp>
			</report>
			<report>
				<misses>83200001</misses>
				<total>3266</total>
				<timestamp>5433.989881</timestamp>
			</report>
			<report>
				<misses>83300001</misses>
				<total>3266</total>
				<timestamp>5440.603801</timestamp>
			</report>
			<report>
				<misses>83400001</misses>
				<total>3266</total>
				<timestamp>5447.145836</timestamp>
			</report>
			<report>
				<misses>83500001</misses>
				<total>3266</total>
				<timestamp>5453.581281</timestamp>
			</report>
			<report>
				<misses>83600001</misses>
				<total>3266</total>
				<timestamp>5460.098970</timestamp>
			</report>
			<report>
				<misses>83700001</misses>
				<total>3266</total>
				<timestamp>5466.611552</timestamp>
			</report>
			<report>
				<misses>83800001</misses>
				<total>3266</total>
				<timestamp>5473.123425</timestamp>
			</report>
			<report>
				<misses>83900001</misses>
				<total>3266</total>
				<timestamp>5479.667057</timestamp>
			</report>
			<report>
				<misses>84000001</misses>
				<total>3300</total>
				<timestamp>5486.169020</timestamp>
			</report>
			<report>
				<misses>84100001</misses>
				<total>3300</total>
				<timestamp>5492.653244</timestamp>
			</report>
			<report>
				<misses>84200001</misses>
				<total>3300</total>
				<timestamp>5499.107443</timestamp>
			</report>
			<report>
				<misses>84300001</misses>
				<total>3300</total>
				<timestamp>5505.567056</timestamp>
			</report>
			<report>
				<misses>84400001</misses>
				<total>3300</total>
				<timestamp>5512.021096</timestamp>
			</report>
			<report>
				<misses>84500001</misses>
				<total>3300</total>
				<timestamp>5518.461434</timestamp>
			</report>
			<report>
				<misses>84600001</misses>
				<total>3300</total>
				<timestamp>5524.897919</timestamp>
			</report>
			<report>
				<misses>84700001</misses>
				<total>3300</total>
				<timestamp>5531.359859</timestamp>
			</report>
			<report>
				<misses>84800001</misses>
				<total>3300</total>
				<timestamp>5537.905131</timestamp>
			</report>
			<report>
				<misses>84900001</misses>
				<total>3300</total>
				<timestamp>5544.442378</timestamp>
			</report>
			<report>
				<misses>85000001</misses>
				<total>3338</total>
				<timestamp>5551.064935</timestamp>
			</report>
			<report>
				<misses>85100001</misses>
				<total>3338</total>
				<timestamp>5557.660547</timestamp>
			</report>
			<report>
				<misses>85200001</misses>
				<total>3338</total>
				<timestamp>5564.306638</timestamp>
			</report>
			<report>
				<misses>85300001</misses>
				<total>3338</total>
				<timestamp>5570.845991</timestamp>
			</report>
			<report>
				<misses>85400001</misses>
				<total>3338</total>
				<timestamp>5577.336392</timestamp>
			</report>
			<report>
				<misses>85500001</misses>
				<total>3338</total>
				<timestamp>5583.869883</timestamp>
			</report>
			<report>
				<misses>85600001</misses>
				<total>3338</total>
				<timestamp>5590.355724</timestamp>
			</report>
			<report>
				<misses>85700001</misses>
				<total>3338</total>
				<timestamp>5596.873996</timestamp>
			</report>
			<report>
				<misses>85800001</misses>
				<total>3338</total>
				<timestamp>5603.359316</timestamp>
			</report>
			<report>
				<misses>85900001</misses>
				<total>3372</total>
				<timestamp>5609.870815</timestamp>
			</report>
			<report>
				<misses>86000001</misses>
				<total>3372</total>
				<timestamp>5616.455337</timestamp>
			</report>
			<report>
				<misses>86100001</misses>
				<total>3372</total>
				<timestamp>5623.003464</timestamp>
			</report>
			<report>
				<misses>86200001</misses>
				<total>3372</total>
				<timestamp>5629.491788</timestamp>
			</report>
			<report>
				<misses>86300001</misses>
				<total>3372</total>
				<timestamp>5635.949486</timestamp>
			</report>
			<report>
				<misses>86400001</misses>
				<total>3372</total>
				<timestamp>5642.429039</timestamp>
			</report>
			<report>
				<misses>86500001</misses>
				<total>3372</total>
				<timestamp>5648.917967</timestamp>
			</report>
			<report>
				<misses>86600001</misses>
				<total>3372</total>
				<timestamp>5655.398534</timestamp>
			</report>
			<report>
				<misses>86700001</misses>
				<total>3372</total>
				<timestamp>5661.886321</timestamp>
			</report>
			<report>
				<misses>86800001</misses>
				<total>3410</total>
				<timestamp>5668.460366</timestamp>
			</report>
			<report>
				<misses>86900001</misses>
				<total>3410</total>
				<timestamp>5675.013862</timestamp>
			</report>
			<report>
				<misses>87000001</misses>
				<total>3410</total>
				<timestamp>5681.542313</timestamp>
			</report>
			<report>
				<misses>87100001</misses>
				<total>3410</total>
				<timestamp>5688.044751</timestamp>
			</report>
			<report>
				<misses>87200001</misses>
				<total>3410</total>
				<timestamp>5694.464639</timestamp>
			</report>
			<report>
				<misses>87300001</misses>
				<total>3410</total>
				<timestamp>5700.889188</timestamp>
			</report>
			<report>
				<misses>87400001</misses>
				<total>3410</total>
				<timestamp>5707.372301</timestamp>
			</report>
			<report>
				<misses>87500001</misses>
				<total>3410</total>
				<timestamp>5713.863396</timestamp>
			</report>
			<report>
				<misses>87600001</misses>
				<total>3410</total>
				<timestamp>5720.411334</timestamp>
			</report>
			<report>
				<misses>87700001</misses>
				<total>3449</total>
				<timestamp>5726.958612</timestamp>
			</report>
			<report>
				<misses>87800001</misses>
				<total>3449</total>
				<timestamp>5733.553406</timestamp>
			</report>
			<report>
				<misses>87900001</misses>
				<total>3449</total>
				<timestamp>5740.136463</timestamp>
			</report>
			<report>
				<misses>88000001</misses>
				<total>3449</total>
				<timestamp>5746.706561</timestamp>
			</report>
			<report>
				<misses>88100001</misses>
				<total>3449</total>
				<timestamp>5753.169421</timestamp>
			</report>
			<report>
				<misses>88200001</misses>
				<total>3449</total>
				<timestamp>5759.689029</timestamp>
			</report>
			<report>
				<misses>88300001</misses>
				<total>3449</total>
				<timestamp>5766.220351</timestamp>
			</report>
			<report>
				<misses>88400001</misses>
				<total>3449</total>
				<timestamp>5772.739147</timestamp>
			</report>
			<report>
				<misses>88500001</misses>
				<total>3449</total>
				<timestamp>5779.334060</timestamp>
			</report>
			<report>
				<misses>88600001</misses>
				<total>3483</total>
				<timestamp>5785.907370</timestamp>
			</report>
			<report>
				<misses>88700001</misses>
				<total>3483</total>
				<timestamp>5792.460372</timestamp>
			</report>
			<report>
				<misses>88800001</misses>
				<total>3483</total>
				<timestamp>5799.036488</timestamp>
			</report>
			<report>
				<misses>88900001</misses>
				<total>3483</total>
				<timestamp>5805.586862</timestamp>
			</report>
			<report>
				<misses>89000001</misses>
				<total>3483</total>
				<timestamp>5812.118557</timestamp>
			</report>
			<report>
				<misses>89100001</misses>
				<total>3483</total>
				<timestamp>5818.724582</timestamp>
			</report>
			<report>
				<misses>89200001</misses>
				<total>3483</total>
				<timestamp>5825.360451</timestamp>
			</report>
			<report>
				<misses>89300001</misses>
				<total>3483</total>
				<timestamp>5832.020417</timestamp>
			</report>
			<report>
				<misses>89400001</misses>
				<total>3483</total>
				<timestamp>5838.669086</timestamp>
			</report>
			<report>
				<misses>89500001</misses>
				<total>3520</total>
				<timestamp>5845.328383</timestamp>
			</report>
			<report>
				<misses>89600001</misses>
				<total>3520</total>
				<timestamp>5851.979193</timestamp>
			</report>
			<report>
				<misses>89700001</misses>
				<total>3520</total>
				<timestamp>5858.606922</timestamp>
			</report>
			<report>
				<misses>89800001</misses>
				<total>3520</total>
				<timestamp>5865.212034</timestamp>
			</report>
			<report>
				<misses>89900001</misses>
				<total>3520</total>
				<timestamp>5871.694696</timestamp>
			</report>
			<report>
				<misses>90000001</misses>
				<total>3520</total>
				<timestamp>5878.194809</timestamp>
			</report>
			<report>
				<misses>90100001</misses>
				<total>3520</total>
				<timestamp>5884.749737</timestamp>
			</report>
			<report>
				<misses>90200001</misses>
				<total>3520</total>
				<timestamp>5891.307767</timestamp>
			</report>
			<report>
				<misses>90300001</misses>
				<total>3520</total>
				<timestamp>5897.877050</timestamp>
			</report>
			<report>
				<misses>90400001</misses>
				<total>3520</total>
				<timestamp>5904.429026</timestamp>
			</report>
			<report>
				<misses>90500001</misses>
				<total>3554</total>
				<timestamp>5911.016134</timestamp>
			</report>
			<report>
				<misses>90600001</misses>
				<total>3554</total>
				<timestamp>5917.579326</timestamp>
			</report>
			<report>
				<misses>90700001</misses>
				<total>3554</total>
				<timestamp>5924.146516</timestamp>
			</report>
			<report>
				<misses>90800001</misses>
				<total>3554</total>
				<timestamp>5930.583246</timestamp>
			</report>
			<report>
				<misses>90900001</misses>
				<total>3554</total>
				<timestamp>5937.058809</timestamp>
			</report>
			<report>
				<misses>91000001</misses>
				<total>3554</total>
				<timestamp>5943.567828</timestamp>
			</report>
			<report>
				<misses>91100001</misses>
				<total>3554</total>
				<timestamp>5950.103227</timestamp>
			</report>
			<report>
				<misses>91200001</misses>
				<total>3554</total>
				<timestamp>5956.688657</timestamp>
			</report>
			<report>
				<misses>91300001</misses>
				<total>3554</total>
				<timestamp>5963.291758</timestamp>
			</report>
			<report>
				<misses>91400001</misses>
				<total>3591</total>
				<timestamp>5969.849609</timestamp>
			</report>
			<report>
				<misses>91500001</misses>
				<total>3591</total>
				<timestamp>5976.453166</timestamp>
			</report>
			<report>
				<misses>91600001</misses>
				<total>3591</total>
				<timestamp>5983.078822</timestamp>
			</report>
			<report>
				<misses>91700001</misses>
				<total>3591</total>
				<timestamp>5989.604277</timestamp>
			</report>
			<report>
				<misses>91800001</misses>
				<total>3591</total>
				<timestamp>5996.080405</timestamp>
			</report>
			<report>
				<misses>91900001</misses>
				<total>3591</total>
				<timestamp>6002.593463</timestamp>
			</report>
			<report>
				<misses>92000001</misses>
				<total>3591</total>
				<timestamp>6009.112035</timestamp>
			</report>
			<report>
				<misses>92100001</misses>
				<total>3591</total>
				<timestamp>6015.601171</timestamp>
			</report>
			<report>
				<misses>92200001</misses>
				<total>3591</total>
				<timestamp>6022.118218</timestamp>
			</report>
			<report>
				<misses>92300001</misses>
				<total>3627</total>
				<timestamp>6028.651400</timestamp>
			</report>
			<report>
				<misses>92400001</misses>
				<total>3627</total>
				<timestamp>6035.212305</timestamp>
			</report>
			<report>
				<misses>92500001</misses>
				<total>3627</total>
				<timestamp>6041.737236</timestamp>
			</report>
			<report>
				<misses>92600001</misses>
				<total>3627</total>
				<timestamp>6048.207853</timestamp>
			</report>
			<report>
				<misses>92700001</misses>
				<total>3627</total>
				<timestamp>6054.668453</timestamp>
			</report>
			<report>
				<misses>92800001</misses>
				<total>3627</total>
				<timestamp>6061.189278</timestamp>
			</report>
			<report>
				<misses>92900001</misses>
				<total>3627</total>
				<timestamp>6067.760291</timestamp>
			</report>
			<report>
				<misses>93000001</misses>
				<total>3627</total>
				<timestamp>6074.285185</timestamp>
			</report>
			<report>
				<misses>93100001</misses>
				<total>3627</total>
				<timestamp>6080.784356</timestamp>
			</report>
			<report>
				<misses>93200001</misses>
				<total>3662</total>
				<timestamp>6087.288805</timestamp>
			</report>
			<report>
				<misses>93300001</misses>
				<total>3662</total>
				<timestamp>6093.786085</timestamp>
			</report>
			<report>
				<misses>93400001</misses>
				<total>3662</total>
				<timestamp>6100.358303</timestamp>
			</report>
			<report>
				<misses>93500001</misses>
				<total>3662</total>
				<timestamp>6106.919666</timestamp>
			</report>
			<report>
				<misses>93600001</misses>
				<total>3662</total>
				<timestamp>6113.418830</timestamp>
			</report>
			<report>
				<misses>93700001</misses>
				<total>3662</total>
				<timestamp>6119.954982</timestamp>
			</report>
			<report>
				<misses>93800001</misses>
				<total>3662</total>
				<timestamp>6126.483521</timestamp>
			</report>
			<report>
				<misses>93900001</misses>
				<total>3662</total>
				<timestamp>6133.043781</timestamp>
			</report>
			<report>
				<misses>94000001</misses>
				<total>3662</total>
				<timestamp>6139.635265</timestamp>
			</report>
			<report>
				<misses>94100001</misses>
				<total>3699</total>
				<timestamp>6146.192558</timestamp>
			</report>
			<report>
				<misses>94200001</misses>
				<total>3699</total>
				<timestamp>6152.733218</timestamp>
			</report>
			<report>
				<misses>94300001</misses>
				<total>3699</total>
				<timestamp>6159.266931</timestamp>
			</report>
			<report>
				<misses>94400001</misses>
				<total>3699</total>
				<timestamp>6165.788746</timestamp>
			</report>
			<report>
				<misses>94500001</misses>
				<total>3699</total>
				<timestamp>6172.239076</timestamp>
			</report>
			<report>
				<misses>94600001</misses>
				<total>3699</total>
				<timestamp>6178.672555</timestamp>
			</report>
			<report>
				<misses>94700001</misses>
				<total>3699</total>
				<timestamp>6185.183548</timestamp>
			</report>
			<report>
				<misses>94800001</misses>
				<total>3699</total>
				<timestamp>6191.735096</timestamp>
			</report>
			<report>
				<misses>94900001</misses>
				<total>3699</total>
				<timestamp>6198.339761</timestamp>
			</report>
			<report>
				<misses>95000001</misses>
				<total>3737</total>
				<timestamp>6204.966689</timestamp>
			</report>
			<report>
				<misses>95100001</misses>
				<total>3737</total>
				<timestamp>6211.609395</timestamp>
			</report>
			<report>
				<misses>95200001</misses>
				<total>3737</total>
				<timestamp>6218.226051</timestamp>
			</report>
			<report>
				<misses>95300001</misses>
				<total>3737</total>
				<timestamp>6224.773751</timestamp>
			</report>
			<report>
				<misses>95400001</misses>
				<total>3737</total>
				<timestamp>6231.264700</timestamp>
			</report>
			<report>
				<misses>95500001</misses>
				<total>3737</total>
				<timestamp>6237.827960</timestamp>
			</report>
			<report>
				<misses>95600001</misses>
				<total>3737</total>
				<timestamp>6244.435031</timestamp>
			</report>
			<report>
				<misses>95700001</misses>
				<total>3737</total>
				<timestamp>6251.042688</timestamp>
			</report>
			<report>
				<misses>95800001</misses>
				<total>3737</total>
				<timestamp>6257.599447</timestamp>
			</report>
			<report>
				<misses>95900001</misses>
				<total>3737</total>
				<timestamp>6264.159209</timestamp>
			</report>
			<report>
				<misses>96000001</misses>
				<total>3773</total>
				<timestamp>6270.676893</timestamp>
			</report>
			<report>
				<misses>96100001</misses>
				<total>3773</total>
				<timestamp>6277.191614</timestamp>
			</report>
			<report>
				<misses>96200001</misses>
				<total>3773</total>
				<timestamp>6283.726159</timestamp>
			</report>
			<report>
				<misses>96300001</misses>
				<total>3773</total>
				<timestamp>6290.143184</timestamp>
			</report>
			<report>
				<misses>96400001</misses>
				<total>3773</total>
				<timestamp>6296.557424</timestamp>
			</report>
			<report>
				<misses>96500001</misses>
				<total>3773</total>
				<timestamp>6303.006171</timestamp>
			</report>
			<report>
				<misses>96600001</misses>
				<total>3773</total>
				<timestamp>6309.421236</timestamp>
			</report>
			<report>
				<misses>96700001</misses>
				<total>3773</total>
				<timestamp>6315.832022</timestamp>
			</report>
			<report>
				<misses>96800001</misses>
				<total>3773</total>
				<timestamp>6322.268337</timestamp>
			</report>
			<report>
				<misses>96900001</misses>
				<total>3810</total>
				<timestamp>6328.739956</timestamp>
			</report>
			<report>
				<misses>97000001</misses>
				<total>3810</total>
				<timestamp>6335.233487</timestamp>
			</report>
			<report>
				<misses>97100001</misses>
				<total>3810</total>
				<timestamp>6341.708376</timestamp>
			</report>
			<report>
				<misses>97200001</misses>
				<total>3810</total>
				<timestamp>6348.184898</timestamp>
			</report>
			<report>
				<misses>97300001</misses>
				<total>3810</total>
				<timestamp>6354.637834</timestamp>
			</report>
			<report>
				<misses>97400001</misses>
				<total>3810</total>
				<timestamp>6361.125805</timestamp>
			</report>
			<report>
				<misses>97500001</misses>
				<total>3810</total>
				<timestamp>6367.599049</timestamp>
			</report>
			<report>
				<misses>97600001</misses>
				<total>3810</total>
				<timestamp>6374.065414</timestamp>
			</report>
			<report>
				<misses>97700001</misses>
				<total>3810</total>
				<timestamp>6380.557222</timestamp>
			</report>
			<report>
				<misses>97800001</misses>
				<total>3846</total>
				<timestamp>6387.060122</timestamp>
			</report>
			<report>
				<misses>97900001</misses>
				<total>3846</total>
				<timestamp>6393.569230</timestamp>
			</report>
			<report>
				<misses>98000001</misses>
				<total>3846</total>
				<timestamp>6400.161815</timestamp>
			</report>
			<report>
				<misses>98100001</misses>
				<total>3846</total>
				<timestamp>6406.774944</timestamp>
			</report>
			<report>
				<misses>98200001</misses>
				<total>3846</total>
				<timestamp>6413.310673</timestamp>
			</report>
			<report>
				<misses>98300001</misses>
				<total>3846</total>
				<timestamp>6419.885931</timestamp>
			</report>
			<report>
				<misses>98400001</misses>
				<total>3846</total>
				<timestamp>6426.525349</timestamp>
			</report>
			<report>
				<misses>98500001</misses>
				<total>3846</total>
				<timestamp>6433.116492</timestamp>
			</report>
			<report>
				<misses>98600001</misses>
				<total>3846</total>
				<timestamp>6439.745834</timestamp>
			</report>
			<report>
				<misses>98700001</misses>
				<total>3882</total>
				<timestamp>6446.339151</timestamp>
			</report>
			<report>
				<misses>98800001</misses>
				<total>3882</total>
				<timestamp>6452.904470</timestamp>
			</report>
			<report>
				<misses>98900001</misses>
				<total>3882</total>
				<timestamp>6459.474458</timestamp>
			</report>
			<report>
				<misses>99000001</misses>
				<total>3882</total>
				<timestamp>6466.026290</timestamp>
			</report>
			<report>
				<misses>99100001</misses>
				<total>3882</total>
				<timestamp>6472.465329</timestamp>
			</report>
			<report>
				<misses>99200001</misses>
				<total>3882</total>
				<timestamp>6478.922403</timestamp>
			</report>
			<report>
				<misses>99300001</misses>
				<total>3882</total>
				<timestamp>6485.450313</timestamp>
			</report>
			<report>
				<misses>99400001</misses>
				<total>3882</total>
				<timestamp>6492.040316</timestamp>
			</report>
			<report>
				<misses>99500001</misses>
				<total>3882</total>
				<timestamp>6498.605822</timestamp>
			</report>
			<report>
				<misses>99600001</misses>
				<total>3919</total>
				<timestamp>6505.138681</timestamp>
			</report>
			<report>
				<misses>99700001</misses>
				<total>3919</total>
				<timestamp>6511.685858</timestamp>
			</report>
			<report>
				<misses>99800001</misses>
				<total>3919</total>
				<timestamp>6518.302333</timestamp>
			</report>
			<report>
				<misses>99900001</misses>
				<total>3919</total>
				<timestamp>6524.943482</timestamp>
			</report>
			<report>
				<misses>100000001</misses>
				<total>3919</total>
				<timestamp>6531.481177</timestamp>
			</report>
			<report>
				<misses>100100001</misses>
				<total>3919</total>
				<timestamp>6538.050588</timestamp>
			</report>
			<report>
				<misses>100200001</misses>
				<total>3919</total>
				<timestamp>6544.607891</timestamp>
			</report>
			<report>
				<misses>100300001</misses>
				<total>3919</total>
				<timestamp>6551.204327</timestamp>
			</report>
			<report>
				<misses>100400001</misses>
				<total>3919</total>
				<timestamp>6557.794375</timestamp>
			</report>
			<report>
				<misses>100500001</misses>
				<total>3919</total>
				<timestamp>6564.367553</timestamp>
			</report>
			<report>
				<misses>100600001</misses>
				<total>3951</total>
				<timestamp>6570.979921</timestamp>
			</report>
			<report>
				<misses>100700001</misses>
				<total>3951</total>
				<timestamp>6577.572575</timestamp>
			</report>
			<report>
				<misses>100800001</misses>
				<total>3951</total>
				<timestamp>6584.086770</timestamp>
			</report>
			<report>
				<misses>100900001</misses>
				<total>3951</total>
				<timestamp>6590.542012</timestamp>
			</report>
			<report>
				<misses>101000001</misses>
				<total>3951</total>
				<timestamp>6596.940315</timestamp>
			</report>
			<report>
				<misses>101100001</misses>
				<total>3951</total>
				<timestamp>6603.331277</timestamp>
			</report>
			<report>
				<misses>101200001</misses>
				<total>3951</total>
				<timestamp>6609.785772</timestamp>
			</report>
			<report>
				<misses>101300001</misses>
				<total>3951</total>
				<timestamp>6616.271678</timestamp>
			</report>
			<report>
				<misses>101400001</misses>
				<total>3951</total>
				<timestamp>6622.782059</timestamp>
			</report>
			<report>
				<misses>101500001</misses>
				<total>3986</total>
				<timestamp>6629.295960</timestamp>
			</report>
			<report>
				<misses>101600001</misses>
				<total>3986</total>
				<timestamp>6635.825606</timestamp>
			</report>
			<report>
				<misses>101700001</misses>
				<total>3986</total>
				<timestamp>6642.330375</timestamp>
			</report>
			<report>
				<misses>101800001</misses>
				<total>3986</total>
				<timestamp>6648.795606</timestamp>
			</report>
			<report>
				<misses>101900001</misses>
				<total>3986</total>
				<timestamp>6655.245900</timestamp>
			</report>
			<report>
				<misses>102000001</misses>
				<total>3986</total>
				<timestamp>6661.710137</timestamp>
			</report>
			<report>
				<misses>102100001</misses>
				<total>3986</total>
				<timestamp>6668.150840</timestamp>
			</report>
			<report>
				<misses>102200001</misses>
				<total>3986</total>
				<timestamp>6674.652079</timestamp>
			</report>
			<report>
				<misses>102300001</misses>
				<total>3986</total>
				<timestamp>6681.240786</timestamp>
			</report>
			<report>
				<misses>102400001</misses>
				<total>4023</total>
				<timestamp>6687.815159</timestamp>
			</report>
			<report>
				<misses>102500001</misses>
				<total>4023</total>
				<timestamp>6694.409970</timestamp>
			</report>
			<report>
				<misses>102600001</misses>
				<total>4023</total>
				<timestamp>6700.991814</timestamp>
			</report>
			<report>
				<misses>102700001</misses>
				<total>4023</total>
				<timestamp>6707.600930</timestamp>
			</report>
			<report>
				<misses>102800001</misses>
				<total>4023</total>
				<timestamp>6714.138347</timestamp>
			</report>
			<report>
				<misses>102900001</misses>
				<total>4023</total>
				<timestamp>6720.662687</timestamp>
			</report>
			<report>
				<misses>103000001</misses>
				<total>4023</total>
				<timestamp>6727.220109</timestamp>
			</report>
			<report>
				<misses>103100001</misses>
				<total>4023</total>
				<timestamp>6733.801038</timestamp>
			</report>
			<report>
				<misses>103200001</misses>
				<total>4023</total>
				<timestamp>6740.426939</timestamp>
			</report>
			<report>
				<misses>103300001</misses>
				<total>4059</total>
				<timestamp>6747.046804</timestamp>
			</report>
			<report>
				<misses>103400001</misses>
				<total>4059</total>
				<timestamp>6753.690122</timestamp>
			</report>
			<report>
				<misses>103500001</misses>
				<total>4059</total>
				<timestamp>6760.294471</timestamp>
			</report>
			<report>
				<misses>103600001</misses>
				<total>4059</total>
				<timestamp>6766.918484</timestamp>
			</report>
			<report>
				<misses>103700001</misses>
				<total>4059</total>
				<timestamp>6773.421527</timestamp>
			</report>
			<report>
				<misses>103800001</misses>
				<total>4059</total>
				<timestamp>6779.910916</timestamp>
			</report>
			<report>
				<misses>103900001</misses>
				<total>4059</total>
				<timestamp>6786.416451</timestamp>
			</report>
			<report>
				<misses>104000001</misses>
				<total>4059</total>
				<timestamp>6792.994962</timestamp>
			</report>
			<report>
				<misses>104100001</misses>
				<total>4059</total>
				<timestamp>6799.560283</timestamp>
			</report>
			<report>
				<misses>104200001</misses>
				<total>4095</total>
				<timestamp>6806.068126</timestamp>
			</report>
			<report>
				<misses>104300001</misses>
				<total>4095</total>
				<timestamp>6812.615311</timestamp>
			</report>
			<report>
				<misses>104400001</misses>
				<total>4095</total>
				<timestamp>6819.130360</timestamp>
			</report>
			<report>
				<misses>104500001</misses>
				<total>4095</total>
				<timestamp>6825.658331</timestamp>
			</report>
			<report>
				<misses>104600001</misses>
				<total>4095</total>
				<timestamp>6832.097141</timestamp>
			</report>
			<report>
				<misses>104700001</misses>
				<total>4095</total>
				<timestamp>6838.534641</timestamp>
			</report>
			<report>
				<misses>104800001</misses>
				<total>4095</total>
				<timestamp>6844.976932</timestamp>
			</report>
			<report>
				<misses>104900001</misses>
				<total>4095</total>
				<timestamp>6851.468954</timestamp>
			</report>
			<report>
				<misses>105000001</misses>
				<total>4095</total>
				<timestamp>6858.011354</timestamp>
			</report>
			<report>
				<misses>105100001</misses>
				<total>4095</total>
				<timestamp>6864.523286</timestamp>
			</report>
			<report>
				<misses>105200001</misses>
				<total>4130</total>
				<timestamp>6871.026686</timestamp>
			</report>
			<report>
				<misses>105300001</misses>
				<total>4130</total>
				<timestamp>6877.511689</timestamp>
			</report>
			<report>
				<misses>105400001</misses>
				<total>4130</total>
				<timestamp>6884.000789</timestamp>
			</report>
			<report>
				<misses>105500001</misses>
				<total>4130</total>
				<timestamp>6890.460970</timestamp>
			</report>
			<report>
				<misses>105600001</misses>
				<total>4130</total>
				<timestamp>6896.923293</timestamp>
			</report>
			<report>
				<misses>105700001</misses>
				<total>4130</total>
				<timestamp>6903.463496</timestamp>
			</report>
			<report>
				<misses>105800001</misses>
				<total>4130</total>
				<timestamp>6910.029148</timestamp>
			</report>
			<report>
				<misses>105900001</misses>
				<total>4130</total>
				<timestamp>6916.617510</timestamp>
			</report>
			<report>
				<misses>106000001</misses>
				<total>4130</total>
				<timestamp>6923.186955</timestamp>
			</report>
			<report>
				<misses>106100001</misses>
				<total>4168</total>
				<timestamp>6929.734099</timestamp>
			</report>
			<report>
				<misses>106200001</misses>
				<total>4168</total>
				<timestamp>6936.306073</timestamp>
			</report>
			<report>
				<misses>106300001</misses>
				<total>4168</total>
				<timestamp>6942.899994</timestamp>
			</report>
			<report>
				<misses>106400001</misses>
				<total>4168</total>
				<timestamp>6949.368852</timestamp>
			</report>
			<report>
				<misses>106500001</misses>
				<total>4168</total>
				<timestamp>6955.798531</timestamp>
			</report>
			<report>
				<misses>106600001</misses>
				<total>4168</total>
				<timestamp>6962.257757</timestamp>
			</report>
			<report>
				<misses>106700001</misses>
				<total>4168</total>
				<timestamp>6968.782732</timestamp>
			</report>
			<report>
				<misses>106800001</misses>
				<total>4168</total>
				<timestamp>6975.282290</timestamp>
			</report>
			<report>
				<misses>106900001</misses>
				<total>4168</total>
				<timestamp>6981.787316</timestamp>
			</report>
			<report>
				<misses>107000001</misses>
				<total>4203</total>
				<timestamp>6988.354815</timestamp>
			</report>
			<report>
				<misses>107100001</misses>
				<total>4203</total>
				<timestamp>6994.973095</timestamp>
			</report>
			<report>
				<misses>107200001</misses>
				<total>4203</total>
				<timestamp>7001.551377</timestamp>
			</report>
			<report>
				<misses>107300001</misses>
				<total>4203</total>
				<timestamp>7008.052096</timestamp>
			</report>
			<report>
				<misses>107400001</misses>
				<total>4203</total>
				<timestamp>7014.488971</timestamp>
			</report>
			<report>
				<misses>107500001</misses>
				<total>4203</total>
				<timestamp>7020.965953</timestamp>
			</report>
			<report>
				<misses>107600001</misses>
				<total>4203</total>
				<timestamp>7027.435647</timestamp>
			</report>
			<report>
				<misses>107700001</misses>
				<total>4203</total>
				<timestamp>7033.958663</timestamp>
			</report>
			<report>
				<misses>107800001</misses>
				<total>4203</total>
				<timestamp>7040.510262</timestamp>
			</report>
			<report>
				<misses>107900001</misses>
				<total>4239</total>
				<timestamp>7047.085562</timestamp>
			</report>
			<report>
				<misses>108000001</misses>
				<total>4239</total>
				<timestamp>7053.614080</timestamp>
			</report>
			<report>
				<misses>108100001</misses>
				<total>4239</total>
				<timestamp>7060.139956</timestamp>
			</report>
			<report>
				<misses>108200001</misses>
				<total>4239</total>
				<timestamp>7066.709360</timestamp>
			</report>
			<report>
				<misses>108300001</misses>
				<total>4239</total>
				<timestamp>7073.183197</timestamp>
			</report>
			<report>
				<misses>108400001</misses>
				<total>4239</total>
				<timestamp>7079.686617</timestamp>
			</report>
			<report>
				<misses>108500001</misses>
				<total>4239</total>
				<timestamp>7086.199391</timestamp>
			</report>
			<report>
				<misses>108600001</misses>
				<total>4239</total>
				<timestamp>7092.810489</timestamp>
			</report>
			<report>
				<misses>108700001</misses>
				<total>4239</total>
				<timestamp>7099.446529</timestamp>
			</report>
			<report>
				<misses>108800001</misses>
				<total>4274</total>
				<timestamp>7106.057102</timestamp>
			</report>
			<report>
				<misses>108900001</misses>
				<total>4274</total>
				<timestamp>7112.635347</timestamp>
			</report>
			<report>
				<misses>109000001</misses>
				<total>4274</total>
				<timestamp>7119.183456</timestamp>
			</report>
			<report>
				<misses>109100001</misses>
				<total>4274</total>
				<timestamp>7125.760109</timestamp>
			</report>
			<report>
				<misses>109200001</misses>
				<total>4274</total>
				<timestamp>7132.262344</timestamp>
			</report>
			<report>
				<misses>109300001</misses>
				<total>4274</total>
				<timestamp>7138.780207</timestamp>
			</report>
			<report>
				<misses>109400001</misses>
				<total>4274</total>
				<timestamp>7145.295778</timestamp>
			</report>
			<report>
				<misses>109500001</misses>
				<total>4274</total>
				<timestamp>7151.817765</timestamp>
			</report>
			<report>
				<misses>109600001</misses>
				<total>4274</total>
				<timestamp>7158.292352</timestamp>
			</report>
			<report>
				<misses>109700001</misses>
				<total>4313</total>
				<timestamp>7164.796715</timestamp>
			</report>
			<report>
				<misses>109800001</misses>
				<total>4313</total>
				<timestamp>7171.334707</timestamp>
			</report>
			<report>
				<misses>109900001</misses>
				<total>4313</total>
				<timestamp>7177.908781</timestamp>
			</report>
			<report>
				<misses>110000001</misses>
				<total>4313</total>
				<timestamp>7184.502276</timestamp>
			</report>
			<report>
				<misses>110100001</misses>
				<total>4313</total>
				<timestamp>7191.072331</timestamp>
			</report>
			<report>
				<misses>110200001</misses>
				<total>4313</total>
				<timestamp>7197.673827</timestamp>
			</report>
		</query>
	</custom>
	<ethtool_statistic>
		<rx_packets>
			<start>3284592056</start>
			<end>4384236206</end>
		</rx_packets>
		<tx_packets>
			<start>2947265080</start>
			<end>3829136992</end>
		</tx_packets>
		<rx_dropped>
			<start>63434054</start>
			<end>63434054</end>
		</rx_dropped>
		<tx_dropped>
			<start>0</start>
			<end>0</end>
		</tx_dropped>
		<collisions>
			<start>0</start>
			<end>0</end>
		</collisions>
		<port_tx_errors>
			<start>0</start>
			<end>0</end>
		</port_tx_errors>
		<port_rx_dropped>
			<start>0</start>
			<end>0</end>
		</port_rx_dropped>
		<port_tx_dropped_link_down>
			<start>1</start>
			<end>1</end>
		</port_tx_dropped_link_down>
	</ethtool_statistic>
	<ip_statistic>
		<mtu>
			<start>9000</start>
			<end>9000</end>
		</mtu>
		<rx_bytes>
			<start>13759452851076</start>
			<end>22732525415014</end>
		</rx_bytes>
		<rx_packets>
			<start>3284592056</start>
			<end>4384236206</end>
		</rx_packets>
		<rx_errors>
			<start>0</start>
			<end>0</end>
		</rx_errors>
		<rx_dropped>
			<start>63434054</start>
			<end>63434054</end>
		</rx_dropped>
		<rx_missed>
			<start>0</start>
			<end>0</end>
		</rx_missed>
		<rx_mcast>
			<start>158</start>
			<end>162</end>
		</rx_mcast>
		<tx_bytes>
			<start>10262052992434</start>
			<end>17458104051986</end>
		</tx_bytes>
		<tx_packets>
			<start>2947265080</start>
			<end>3829136992</end>
		</tx_packets>
		<tx_errors>
			<start>0</start>
			<end>0</end>
		</tx_errors>
		<tx_dropped>
			<start>0</start>
			<end>0</end>
		</tx_dropped>
		<tx_carrier>
			<start>0</start>
			<end>0</end>
		</tx_carrier>
		<tx_collisions>
			<start>0</start>
			<end>0</end>
		</tx_collisions>
	</ip_statistic>
	<netstat_statistic>
		<udp_pkg_rec>
			<start>18267603649</start>
			<end>19167363892</end>
		</udp_pkg_rec>
		<udp_pkg_snt>
			<start>11338075722</start>
			<end>12238522958</end>
		</udp_pkg_snt>
		<udp_rec_err>
			<start>1045</start>
			<end>1045</end>
		</udp_rec_err>
		<udp_rec_buf_err>
			<start>1045</start>
			<end>1045</end>
		</udp_rec_buf_err>
		<udp_snt_buf_err>
			<start>2</start>
			<end>2</end>
		</udp_snt_buf_err>
	</netstat_statistic>
</test_results>
