<?xml version="1.0"?>
<test_results>
	<status>STATUS_SUCCESS</status>
	<custom>
		<num_loss>0</num_loss>
		<num_total>1846920</num_total>
		<num_misses>18147260</num_misses>
	</custom>
	<ethtool_statistic>
		<rx_packets>
			<start>1002432529</start>
			<end>1094060329</end>
		</rx_packets>
		<tx_packets>
			<start>8434719623</start>
			<end>8515984139</end>
		</tx_packets>
		<rx_dropped>
			<start>0</start>
			<end>0</end>
		</rx_dropped>
		<tx_dropped>
			<start>0</start>
			<end>0</end>
		</tx_dropped>
		<collisions>
			<start>0</start>
			<end>0</end>
		</collisions>
		<port_tx_errors>
			<start>-1</start>
			<end>-1</end>
		</port_tx_errors>
		<port_rx_dropped>
			<start>-1</start>
			<end>-1</end>
		</port_rx_dropped>
		<port_tx_dropped_link_down>
			<start>-1</start>
			<end>-1</end>
		</port_tx_dropped_link_down>
	</ethtool_statistic>
	<ip_statistic>
		<mtu>
			<start>1500</start>
			<end>1500</end>
		</mtu>
		<rx_bytes>
			<start>1309703411789</start>
			<end>1429420653975</end>
		</rx_bytes>
		<rx_packets>
			<start>1002434271</start>
			<end>1094062222</end>
		</rx_packets>
		<rx_errors>
			<start>0</start>
			<end>0</end>
		</rx_errors>
		<rx_dropped>
			<start>0</start>
			<end>0</end>
		</rx_dropped>
		<rx_missed>
			<start>66456</start>
			<end>73134</end>
		</rx_missed>
		<rx_mcast>
			<start>4737</start>
			<end>4737</end>
		</rx_mcast>
		<tx_bytes>
			<start>11080586818638</start>
			<end>11203414401184</end>
		</tx_bytes>
		<tx_packets>
			<start>8434719623</start>
			<end>8515984139</end>
		</tx_packets>
		<tx_errors>
			<start>0</start>
			<end>0</end>
		</tx_errors>
		<tx_dropped>
			<start>0</start>
			<end>0</end>
		</tx_dropped>
		<tx_carrier>
			<start>0</start>
			<end>0</end>
		</tx_carrier>
		<tx_collisions>
			<start>0</start>
			<end>0</end>
		</tx_collisions>
	</ip_statistic>
</test_results>
