<?xml version="1.0"?>
<test_results>
	<status>STATUS_SUCCESS</status>
	<custom>
		<num_loss>214054</num_loss>
		<num_total>8000001</num_total>
		<num_misses>55</num_misses>
		<elapsed_time>1120.006873</elapsed_time>
	</custom>
	<ethtool_statistic>
		<rx_packets>
			<start>13982486139</start>
			<end>14028059167</end>
		</rx_packets>
		<tx_packets>
			<start>18519509639</start>
			<end>18614942021</end>
		</tx_packets>
		<rx_dropped>
			<start>0</start>
			<end>0</end>
		</rx_dropped>
		<tx_dropped>
			<start>0</start>
			<end>0</end>
		</tx_dropped>
		<collisions>
			<start>0</start>
			<end>0</end>
		</collisions>
		<port_tx_errors>
			<start>-1</start>
			<end>-1</end>
		</port_tx_errors>
		<port_rx_dropped>
			<start>-1</start>
			<end>-1</end>
		</port_rx_dropped>
		<port_tx_dropped_link_down>
			<start>-1</start>
			<end>-1</end>
		</port_tx_dropped_link_down>
	</ethtool_statistic>
	<ip_statistic>
		<mtu>
			<start>9000</start>
			<end>9000</end>
		</mtu>
		<rx_bytes>
			<start>125657132823841</start>
			<end>126066830456770</end>
		</rx_bytes>
		<rx_packets>
			<start>13982486217</start>
			<end>14028059238</end>
		</rx_packets>
		<rx_errors>
			<start>0</start>
			<end>0</end>
		</rx_errors>
		<rx_dropped>
			<start>0</start>
			<end>0</end>
		</rx_dropped>
		<rx_missed>
			<start>1757</start>
			<end>1757</end>
		</rx_missed>
		<rx_mcast>
			<start>9349</start>
			<end>9372</end>
		</rx_mcast>
		<tx_bytes>
			<start>149915029453711</start>
			<end>150719844335302</end>
		</tx_bytes>
		<tx_packets>
			<start>18519509639</start>
			<end>18614942082</end>
		</tx_packets>
		<tx_errors>
			<start>0</start>
			<end>0</end>
		</tx_errors>
		<tx_dropped>
			<start>0</start>
			<end>0</end>
		</tx_dropped>
		<tx_carrier>
			<start>0</start>
			<end>0</end>
		</tx_carrier>
		<tx_collisions>
			<start>0</start>
			<end>0</end>
		</tx_collisions>
	</ip_statistic>
</test_results>
