<?xml version="1.0"?>
<test_results>
	<status>STATUS_SUCCESS</status>
	<custom>
		<num_loss>5</num_loss>
		<num_total>67076944</num_total>
		<num_misses>1372908663</num_misses>
		<elapsed_time>3599.962345</elapsed_time>
		<query>
			<report>
				<misses>100001</misses>
				<total>2</total>
				<timestamp>5.413868</timestamp>
			</report>
			<report>
				<misses>200001</misses>
				<total>0</total>
				<timestamp>10.848419</timestamp>
			</report>
			<report>
				<misses>300001</misses>
				<total>2</total>
				<timestamp>16.253657</timestamp>
			</report>
			<report>
				<misses>400001</misses>
				<total>1</total>
				<timestamp>21.693693</timestamp>
			</report>
			<report>
				<misses>500001</misses>
				<total>1</total>
				<timestamp>27.131587</timestamp>
			</report>
			<report>
				<misses>600001</misses>
				<total>1</total>
				<timestamp>32.569865</timestamp>
			</report>
			<report>
				<misses>700001</misses>
				<total>1</total>
				<timestamp>37.993742</timestamp>
			</report>
			<report>
				<misses>800001</misses>
				<total>2</total>
				<timestamp>43.401596</timestamp>
			</report>
			<report>
				<misses>900001</misses>
				<total>1</total>
				<timestamp>48.729761</timestamp>
			</report>
			<report>
				<misses>1000001</misses>
				<total>2</total>
				<timestamp>54.073565</timestamp>
			</report>
			<report>
				<misses>1100001</misses>
				<total>2</total>
				<timestamp>59.476320</timestamp>
			</report>
			<report>
				<misses>1200001</misses>
				<total>1</total>
				<timestamp>64.895366</timestamp>
			</report>
			<report>
				<misses>1300001</misses>
				<total>0</total>
				<timestamp>70.310627</timestamp>
			</report>
			<report>
				<misses>1400001</misses>
				<total>2</total>
				<timestamp>75.746389</timestamp>
			</report>
			<report>
				<misses>1500001</misses>
				<total>1</total>
				<timestamp>81.181211</timestamp>
			</report>
			<report>
				<misses>1600001</misses>
				<total>2</total>
				<timestamp>86.614834</timestamp>
			</report>
			<report>
				<misses>1700001</misses>
				<total>2</total>
				<timestamp>91.940667</timestamp>
			</report>
			<report>
				<misses>1800001</misses>
				<total>1</total>
				<timestamp>97.309379</timestamp>
			</report>
			<report>
				<misses>1900001</misses>
				<total>1</total>
				<timestamp>102.752512</timestamp>
			</report>
			<report>
				<misses>2000001</misses>
				<total>1</total>
				<timestamp>108.191305</timestamp>
			</report>
			<report>
				<misses>2100001</misses>
				<total>2</total>
				<timestamp>113.621763</timestamp>
			</report>
			<report>
				<misses>2200001</misses>
				<total>1</total>
				<timestamp>118.978719</timestamp>
			</report>
			<report>
				<misses>2300001</misses>
				<total>2</total>
				<timestamp>124.377706</timestamp>
			</report>
			<report>
				<misses>2400001</misses>
				<total>3</total>
				<timestamp>129.814391</timestamp>
			</report>
			<report>
				<misses>2500001</misses>
				<total>1</total>
				<timestamp>135.092859</timestamp>
			</report>
			<report>
				<misses>2600001</misses>
				<total>2</total>
				<timestamp>140.512399</timestamp>
			</report>
			<report>
				<misses>2700001</misses>
				<total>1</total>
				<timestamp>145.929092</timestamp>
			</report>
			<report>
				<misses>2800001</misses>
				<total>3</total>
				<timestamp>151.355985</timestamp>
			</report>
			<report>
				<misses>2900001</misses>
				<total>3</total>
				<timestamp>156.751616</timestamp>
			</report>
			<report>
				<misses>3000001</misses>
				<total>2</total>
				<timestamp>162.166484</timestamp>
			</report>
			<report>
				<misses>3100001</misses>
				<total>1</total>
				<timestamp>167.512835</timestamp>
			</report>
			<report>
				<misses>3200001</misses>
				<total>1</total>
				<timestamp>172.830738</timestamp>
			</report>
			<report>
				<misses>3300001</misses>
				<total>1</total>
				<timestamp>178.171755</timestamp>
			</report>
			<report>
				<misses>3400001</misses>
				<total>2</total>
				<timestamp>183.557012</timestamp>
			</report>
			<report>
				<misses>3500001</misses>
				<total>1</total>
				<timestamp>188.917450</timestamp>
			</report>
			<report>
				<misses>3600001</misses>
				<total>1</total>
				<timestamp>194.252844</timestamp>
			</report>
			<report>
				<misses>3700001</misses>
				<total>0</total>
				<timestamp>199.607001</timestamp>
			</report>
			<report>
				<misses>3800001</misses>
				<total>1</total>
				<timestamp>204.954369</timestamp>
			</report>
			<report>
				<misses>3900001</misses>
				<total>2</total>
				<timestamp>210.334541</timestamp>
			</report>
			<report>
				<misses>4000001</misses>
				<total>1</total>
				<timestamp>215.633130</timestamp>
			</report>
			<report>
				<misses>4100001</misses>
				<total>2</total>
				<timestamp>220.992001</timestamp>
			</report>
			<report>
				<misses>4200001</misses>
				<total>1</total>
				<timestamp>226.357384</timestamp>
			</report>
			<report>
				<misses>4300001</misses>
				<total>1</total>
				<timestamp>231.713389</timestamp>
			</report>
			<report>
				<misses>4400001</misses>
				<total>1</total>
				<timestamp>237.067459</timestamp>
			</report>
			<report>
				<misses>4500001</misses>
				<total>2</total>
				<timestamp>242.434968</timestamp>
			</report>
			<report>
				<misses>4600001</misses>
				<total>2</total>
				<timestamp>247.785624</timestamp>
			</report>
			<report>
				<misses>4700001</misses>
				<total>2</total>
				<timestamp>253.139061</timestamp>
			</report>
			<report>
				<misses>4800001</misses>
				<total>2</total>
				<timestamp>258.408132</timestamp>
			</report>
			<report>
				<misses>4900001</misses>
				<total>2</total>
				<timestamp>263.811958</timestamp>
			</report>
			<report>
				<misses>5000001</misses>
				<total>2</total>
				<timestamp>269.198580</timestamp>
			</report>
			<report>
				<misses>5100001</misses>
				<total>1</total>
				<timestamp>274.555045</timestamp>
			</report>
			<report>
				<misses>5200001</misses>
				<total>1</total>
				<timestamp>279.912846</timestamp>
			</report>
			<report>
				<misses>5300001</misses>
				<total>2</total>
				<timestamp>285.267772</timestamp>
			</report>
			<report>
				<misses>5400001</misses>
				<total>0</total>
				<timestamp>290.627516</timestamp>
			</report>
			<report>
				<misses>5500001</misses>
				<total>2</total>
				<timestamp>295.934432</timestamp>
			</report>
			<report>
				<misses>5600001</misses>
				<total>1</total>
				<timestamp>301.236632</timestamp>
			</report>
			<report>
				<misses>5700001</misses>
				<total>1</total>
				<timestamp>306.591894</timestamp>
			</report>
			<report>
				<misses>5800001</misses>
				<total>2</total>
				<timestamp>311.949353</timestamp>
			</report>
			<report>
				<misses>5900001</misses>
				<total>1</total>
				<timestamp>317.302781</timestamp>
			</report>
			<report>
				<misses>6000001</misses>
				<total>2</total>
				<timestamp>322.647435</timestamp>
			</report>
			<report>
				<misses>6100001</misses>
				<total>3</total>
				<timestamp>328.002819</timestamp>
			</report>
			<report>
				<misses>6200001</misses>
				<total>3</total>
				<timestamp>333.374351</timestamp>
			</report>
			<report>
				<misses>6300001</misses>
				<total>2</total>
				<timestamp>338.656168</timestamp>
			</report>
			<report>
				<misses>6400001</misses>
				<total>1</total>
				<timestamp>343.979441</timestamp>
			</report>
			<report>
				<misses>6500001</misses>
				<total>3</total>
				<timestamp>349.329125</timestamp>
			</report>
			<report>
				<misses>6600001</misses>
				<total>1</total>
				<timestamp>354.685222</timestamp>
			</report>
			<report>
				<misses>6700001</misses>
				<total>1</total>
				<timestamp>359.983708</timestamp>
			</report>
			<report>
				<misses>6800001</misses>
				<total>1</total>
				<timestamp>365.358429</timestamp>
			</report>
			<report>
				<misses>6900001</misses>
				<total>3</total>
				<timestamp>370.776920</timestamp>
			</report>
			<report>
				<misses>7000001</misses>
				<total>2</total>
				<timestamp>376.202626</timestamp>
			</report>
			<report>
				<misses>7100001</misses>
				<total>1</total>
				<timestamp>381.554785</timestamp>
			</report>
			<report>
				<misses>7200001</misses>
				<total>2</total>
				<timestamp>386.879397</timestamp>
			</report>
			<report>
				<misses>7300001</misses>
				<total>2</total>
				<timestamp>392.265165</timestamp>
			</report>
			<report>
				<misses>7400001</misses>
				<total>1</total>
				<timestamp>397.626176</timestamp>
			</report>
			<report>
				<misses>7500001</misses>
				<total>2</total>
				<timestamp>402.945490</timestamp>
			</report>
			<report>
				<misses>7600001</misses>
				<total>3</total>
				<timestamp>408.272059</timestamp>
			</report>
			<report>
				<misses>7700001</misses>
				<total>0</total>
				<timestamp>413.651031</timestamp>
			</report>
			<report>
				<misses>7800001</misses>
				<total>2</total>
				<timestamp>419.004305</timestamp>
			</report>
			<report>
				<misses>7900001</misses>
				<total>1</total>
				<timestamp>424.323552</timestamp>
			</report>
			<report>
				<misses>8000001</misses>
				<total>1</total>
				<timestamp>429.612989</timestamp>
			</report>
			<report>
				<misses>8100001</misses>
				<total>2</total>
				<timestamp>435.045119</timestamp>
			</report>
			<report>
				<misses>8200001</misses>
				<total>2</total>
				<timestamp>440.483956</timestamp>
			</report>
			<report>
				<misses>8300001</misses>
				<total>1</total>
				<timestamp>445.852719</timestamp>
			</report>
			<report>
				<misses>8400001</misses>
				<total>1</total>
				<timestamp>451.155356</timestamp>
			</report>
			<report>
				<misses>8500001</misses>
				<total>1</total>
				<timestamp>456.568753</timestamp>
			</report>
			<report>
				<misses>8600001</misses>
				<total>2</total>
				<timestamp>461.933373</timestamp>
			</report>
			<report>
				<misses>8700001</misses>
				<total>2</total>
				<timestamp>467.286238</timestamp>
			</report>
			<report>
				<misses>8800001</misses>
				<total>2</total>
				<timestamp>472.557776</timestamp>
			</report>
			<report>
				<misses>8900001</misses>
				<total>3</total>
				<timestamp>477.914849</timestamp>
			</report>
			<report>
				<misses>9000001</misses>
				<total>3</total>
				<timestamp>483.290215</timestamp>
			</report>
			<report>
				<misses>9100001</misses>
				<total>2</total>
				<timestamp>488.686499</timestamp>
			</report>
			<report>
				<misses>9200001</misses>
				<total>1</total>
				<timestamp>493.962593</timestamp>
			</report>
			<report>
				<misses>9300001</misses>
				<total>1</total>
				<timestamp>499.338942</timestamp>
			</report>
			<report>
				<misses>9400001</misses>
				<total>1</total>
				<timestamp>504.696418</timestamp>
			</report>
			<report>
				<misses>9500001</misses>
				<total>2</total>
				<timestamp>510.075867</timestamp>
			</report>
			<report>
				<misses>9600001</misses>
				<total>1</total>
				<timestamp>515.361550</timestamp>
			</report>
			<report>
				<misses>9700001</misses>
				<total>1</total>
				<timestamp>520.706311</timestamp>
			</report>
			<report>
				<misses>9800001</misses>
				<total>1</total>
				<timestamp>526.051561</timestamp>
			</report>
			<report>
				<misses>9900001</misses>
				<total>1</total>
				<timestamp>531.413343</timestamp>
			</report>
			<report>
				<misses>10000001</misses>
				<total>2</total>
				<timestamp>536.700568</timestamp>
			</report>
			<report>
				<misses>10100001</misses>
				<total>2</total>
				<timestamp>542.033411</timestamp>
			</report>
			<report>
				<misses>10200001</misses>
				<total>2</total>
				<timestamp>547.381407</timestamp>
			</report>
			<report>
				<misses>10300001</misses>
				<total>2</total>
				<timestamp>552.723672</timestamp>
			</report>
			<report>
				<misses>10400001</misses>
				<total>2</total>
				<timestamp>558.019296</timestamp>
			</report>
			<report>
				<misses>10500001</misses>
				<total>0</total>
				<timestamp>563.337535</timestamp>
			</report>
			<report>
				<misses>10600001</misses>
				<total>2</total>
				<timestamp>568.696052</timestamp>
			</report>
			<report>
				<misses>10700001</misses>
				<total>1</total>
				<timestamp>574.047138</timestamp>
			</report>
			<report>
				<misses>10800001</misses>
				<total>1</total>
				<timestamp>579.362842</timestamp>
			</report>
			<report>
				<misses>10900001</misses>
				<total>2</total>
				<timestamp>584.671856</timestamp>
			</report>
			<report>
				<misses>11000001</misses>
				<total>2</total>
				<timestamp>590.029235</timestamp>
			</report>
			<report>
				<misses>11100001</misses>
				<total>2</total>
				<timestamp>595.380401</timestamp>
			</report>
			<report>
				<misses>11200001</misses>
				<total>2</total>
				<timestamp>600.696450</timestamp>
			</report>
			<report>
				<misses>11300001</misses>
				<total>2</total>
				<timestamp>605.988783</timestamp>
			</report>
			<report>
				<misses>11400001</misses>
				<total>2</total>
				<timestamp>611.367129</timestamp>
			</report>
			<report>
				<misses>11500001</misses>
				<total>2</total>
				<timestamp>616.725097</timestamp>
			</report>
			<report>
				<misses>11600001</misses>
				<total>3</total>
				<timestamp>622.060675</timestamp>
			</report>
			<report>
				<misses>11700001</misses>
				<total>1</total>
				<timestamp>627.338616</timestamp>
			</report>
			<report>
				<misses>11800001</misses>
				<total>1</total>
				<timestamp>632.692679</timestamp>
			</report>
			<report>
				<misses>11900001</misses>
				<total>2</total>
				<timestamp>638.047755</timestamp>
			</report>
			<report>
				<misses>12000001</misses>
				<total>1</total>
				<timestamp>643.407870</timestamp>
			</report>
			<report>
				<misses>12100001</misses>
				<total>1</total>
				<timestamp>648.757182</timestamp>
			</report>
			<report>
				<misses>12200001</misses>
				<total>1</total>
				<timestamp>654.070762</timestamp>
			</report>
			<report>
				<misses>12300001</misses>
				<total>2</total>
				<timestamp>659.371965</timestamp>
			</report>
			<report>
				<misses>12400001</misses>
				<total>1</total>
				<timestamp>664.728805</timestamp>
			</report>
			<report>
				<misses>12500001</misses>
				<total>2</total>
				<timestamp>670.082133</timestamp>
			</report>
			<report>
				<misses>12600001</misses>
				<total>1</total>
				<timestamp>675.426414</timestamp>
			</report>
			<report>
				<misses>12700001</misses>
				<total>1</total>
				<timestamp>680.776627</timestamp>
			</report>
			<report>
				<misses>12800001</misses>
				<total>1</total>
				<timestamp>686.082045</timestamp>
			</report>
			<report>
				<misses>12900001</misses>
				<total>1</total>
				<timestamp>691.396148</timestamp>
			</report>
			<report>
				<misses>13000001</misses>
				<total>2</total>
				<timestamp>696.757481</timestamp>
			</report>
			<report>
				<misses>13100001</misses>
				<total>1</total>
				<timestamp>702.099740</timestamp>
			</report>
			<report>
				<misses>13200001</misses>
				<total>1</total>
				<timestamp>707.451196</timestamp>
			</report>
			<report>
				<misses>13300001</misses>
				<total>0</total>
				<timestamp>712.809351</timestamp>
			</report>
			<report>
				<misses>13400001</misses>
				<total>2</total>
				<timestamp>718.097775</timestamp>
			</report>
			<report>
				<misses>13500001</misses>
				<total>3</total>
				<timestamp>723.419782</timestamp>
			</report>
			<report>
				<misses>13600001</misses>
				<total>1</total>
				<timestamp>728.765587</timestamp>
			</report>
			<report>
				<misses>13700001</misses>
				<total>3</total>
				<timestamp>734.125963</timestamp>
			</report>
			<report>
				<misses>13800001</misses>
				<total>1</total>
				<timestamp>739.476545</timestamp>
			</report>
			<report>
				<misses>13900001</misses>
				<total>2</total>
				<timestamp>744.834453</timestamp>
			</report>
			<report>
				<misses>14000001</misses>
				<total>1</total>
				<timestamp>750.111206</timestamp>
			</report>
			<report>
				<misses>14100001</misses>
				<total>2</total>
				<timestamp>755.436402</timestamp>
			</report>
			<report>
				<misses>14200001</misses>
				<total>1</total>
				<timestamp>760.788014</timestamp>
			</report>
			<report>
				<misses>14300001</misses>
				<total>2</total>
				<timestamp>766.141783</timestamp>
			</report>
			<report>
				<misses>14400001</misses>
				<total>2</total>
				<timestamp>771.498819</timestamp>
			</report>
			<report>
				<misses>14500001</misses>
				<total>1</total>
				<timestamp>776.846312</timestamp>
			</report>
			<report>
				<misses>14600001</misses>
				<total>2</total>
				<timestamp>782.108880</timestamp>
			</report>
			<report>
				<misses>14700001</misses>
				<total>1</total>
				<timestamp>787.461926</timestamp>
			</report>
			<report>
				<misses>14800001</misses>
				<total>1</total>
				<timestamp>792.816482</timestamp>
			</report>
			<report>
				<misses>14900001</misses>
				<total>3</total>
				<timestamp>798.204884</timestamp>
			</report>
			<report>
				<misses>15000001</misses>
				<total>2</total>
				<timestamp>803.551259</timestamp>
			</report>
			<report>
				<misses>15100001</misses>
				<total>1</total>
				<timestamp>808.891127</timestamp>
			</report>
			<report>
				<misses>15200001</misses>
				<total>1</total>
				<timestamp>814.163950</timestamp>
			</report>
			<report>
				<misses>15300001</misses>
				<total>3</total>
				<timestamp>819.517202</timestamp>
			</report>
			<report>
				<misses>15400001</misses>
				<total>2</total>
				<timestamp>824.866701</timestamp>
			</report>
			<report>
				<misses>15500001</misses>
				<total>1</total>
				<timestamp>830.206985</timestamp>
			</report>
			<report>
				<misses>15600001</misses>
				<total>2</total>
				<timestamp>835.563246</timestamp>
			</report>
			<report>
				<misses>15700001</misses>
				<total>2</total>
				<timestamp>840.889774</timestamp>
			</report>
			<report>
				<misses>15800001</misses>
				<total>2</total>
				<timestamp>846.171947</timestamp>
			</report>
			<report>
				<misses>15900001</misses>
				<total>2</total>
				<timestamp>851.520203</timestamp>
			</report>
			<report>
				<misses>16000001</misses>
				<total>1</total>
				<timestamp>856.859926</timestamp>
			</report>
			<report>
				<misses>16100001</misses>
				<total>1</total>
				<timestamp>862.215525</timestamp>
			</report>
			<report>
				<misses>16200001</misses>
				<total>1</total>
				<timestamp>867.569286</timestamp>
			</report>
			<report>
				<misses>16300001</misses>
				<total>2</total>
				<timestamp>872.914966</timestamp>
			</report>
			<report>
				<misses>16400001</misses>
				<total>1</total>
				<timestamp>878.244254</timestamp>
			</report>
			<report>
				<misses>16500001</misses>
				<total>2</total>
				<timestamp>883.659596</timestamp>
			</report>
			<report>
				<misses>16600001</misses>
				<total>2</total>
				<timestamp>889.092453</timestamp>
			</report>
			<report>
				<misses>16700001</misses>
				<total>2</total>
				<timestamp>894.460512</timestamp>
			</report>
			<report>
				<misses>16800001</misses>
				<total>1</total>
				<timestamp>899.857058</timestamp>
			</report>
			<report>
				<misses>16900001</misses>
				<total>2</total>
				<timestamp>905.186140</timestamp>
			</report>
			<report>
				<misses>17000001</misses>
				<total>1</total>
				<timestamp>910.567589</timestamp>
			</report>
			<report>
				<misses>17100001</misses>
				<total>1</total>
				<timestamp>915.957789</timestamp>
			</report>
			<report>
				<misses>17200001</misses>
				<total>1</total>
				<timestamp>921.362871</timestamp>
			</report>
			<report>
				<misses>17300001</misses>
				<total>2</total>
				<timestamp>926.782932</timestamp>
			</report>
			<report>
				<misses>17400001</misses>
				<total>2</total>
				<timestamp>932.200263</timestamp>
			</report>
			<report>
				<misses>17500001</misses>
				<total>1</total>
				<timestamp>937.502295</timestamp>
			</report>
			<report>
				<misses>17600001</misses>
				<total>1</total>
				<timestamp>942.910306</timestamp>
			</report>
			<report>
				<misses>17700001</misses>
				<total>1</total>
				<timestamp>948.334139</timestamp>
			</report>
			<report>
				<misses>17800001</misses>
				<total>1</total>
				<timestamp>953.743750</timestamp>
			</report>
			<report>
				<misses>17900001</misses>
				<total>2</total>
				<timestamp>959.153384</timestamp>
			</report>
			<report>
				<misses>18000001</misses>
				<total>1</total>
				<timestamp>964.515191</timestamp>
			</report>
			<report>
				<misses>18100001</misses>
				<total>2</total>
				<timestamp>969.780893</timestamp>
			</report>
			<report>
				<misses>18200001</misses>
				<total>2</total>
				<timestamp>975.168115</timestamp>
			</report>
			<report>
				<misses>18300001</misses>
				<total>1</total>
				<timestamp>980.516197</timestamp>
			</report>
			<report>
				<misses>18400001</misses>
				<total>2</total>
				<timestamp>985.861966</timestamp>
			</report>
			<report>
				<misses>18500001</misses>
				<total>1</total>
				<timestamp>991.160227</timestamp>
			</report>
			<report>
				<misses>18600001</misses>
				<total>1</total>
				<timestamp>996.475377</timestamp>
			</report>
			<report>
				<misses>18700001</misses>
				<total>1</total>
				<timestamp>1001.829674</timestamp>
			</report>
			<report>
				<misses>18800001</misses>
				<total>2</total>
				<timestamp>1007.173979</timestamp>
			</report>
			<report>
				<misses>18900001</misses>
				<total>1</total>
				<timestamp>1012.509653</timestamp>
			</report>
			<report>
				<misses>19000001</misses>
				<total>2</total>
				<timestamp>1017.790061</timestamp>
			</report>
			<report>
				<misses>19100001</misses>
				<total>1</total>
				<timestamp>1023.146759</timestamp>
			</report>
			<report>
				<misses>19200001</misses>
				<total>1</total>
				<timestamp>1028.504017</timestamp>
			</report>
			<report>
				<misses>19300001</misses>
				<total>1</total>
				<timestamp>1033.844822</timestamp>
			</report>
			<report>
				<misses>19400001</misses>
				<total>1</total>
				<timestamp>1039.132010</timestamp>
			</report>
			<report>
				<misses>19500001</misses>
				<total>2</total>
				<timestamp>1044.461755</timestamp>
			</report>
			<report>
				<misses>19600001</misses>
				<total>1</total>
				<timestamp>1049.845724</timestamp>
			</report>
			<report>
				<misses>19700001</misses>
				<total>2</total>
				<timestamp>1055.241445</timestamp>
			</report>
			<report>
				<misses>19800001</misses>
				<total>3</total>
				<timestamp>1060.579672</timestamp>
			</report>
			<report>
				<misses>19900001</misses>
				<total>2</total>
				<timestamp>1065.923205</timestamp>
			</report>
			<report>
				<misses>20000001</misses>
				<total>1</total>
				<timestamp>1071.279835</timestamp>
			</report>
			<report>
				<misses>20100001</misses>
				<total>1</total>
				<timestamp>1076.642547</timestamp>
			</report>
			<report>
				<misses>20200001</misses>
				<total>2</total>
				<timestamp>1081.993378</timestamp>
			</report>
			<report>
				<misses>20300001</misses>
				<total>2</total>
				<timestamp>1087.256456</timestamp>
			</report>
			<report>
				<misses>20400001</misses>
				<total>2</total>
				<timestamp>1092.634544</timestamp>
			</report>
			<report>
				<misses>20500001</misses>
				<total>2</total>
				<timestamp>1097.995562</timestamp>
			</report>
			<report>
				<misses>20600001</misses>
				<total>1</total>
				<timestamp>1103.354137</timestamp>
			</report>
			<report>
				<misses>20700001</misses>
				<total>2</total>
				<timestamp>1108.650909</timestamp>
			</report>
			<report>
				<misses>20800001</misses>
				<total>1</total>
				<timestamp>1113.969738</timestamp>
			</report>
			<report>
				<misses>20900001</misses>
				<total>2</total>
				<timestamp>1119.324486</timestamp>
			</report>
			<report>
				<misses>21000001</misses>
				<total>1</total>
				<timestamp>1124.679721</timestamp>
			</report>
			<report>
				<misses>21100001</misses>
				<total>1</total>
				<timestamp>1130.019673</timestamp>
			</report>
			<report>
				<misses>21200001</misses>
				<total>1</total>
				<timestamp>1135.292583</timestamp>
			</report>
			<report>
				<misses>21300001</misses>
				<total>1</total>
				<timestamp>1140.653498</timestamp>
			</report>
			<report>
				<misses>21400001</misses>
				<total>1</total>
				<timestamp>1146.053762</timestamp>
			</report>
			<report>
				<misses>21500001</misses>
				<total>1</total>
				<timestamp>1151.469762</timestamp>
			</report>
			<report>
				<misses>21600001</misses>
				<total>1</total>
				<timestamp>1156.754277</timestamp>
			</report>
			<report>
				<misses>21700001</misses>
				<total>2</total>
				<timestamp>1162.089578</timestamp>
			</report>
			<report>
				<misses>21800001</misses>
				<total>1</total>
				<timestamp>1167.442350</timestamp>
			</report>
			<report>
				<misses>21900001</misses>
				<total>2</total>
				<timestamp>1172.802701</timestamp>
			</report>
			<report>
				<misses>22000001</misses>
				<total>2</total>
				<timestamp>1178.124495</timestamp>
			</report>
			<report>
				<misses>22100001</misses>
				<total>2</total>
				<timestamp>1183.419541</timestamp>
			</report>
			<report>
				<misses>22200001</misses>
				<total>2</total>
				<timestamp>1188.775159</timestamp>
			</report>
			<report>
				<misses>22300001</misses>
				<total>1</total>
				<timestamp>1194.134506</timestamp>
			</report>
			<report>
				<misses>22400001</misses>
				<total>2</total>
				<timestamp>1199.488199</timestamp>
			</report>
			<report>
				<misses>22500001</misses>
				<total>2</total>
				<timestamp>1204.752997</timestamp>
			</report>
			<report>
				<misses>22600001</misses>
				<total>2</total>
				<timestamp>1210.102016</timestamp>
			</report>
			<report>
				<misses>22700001</misses>
				<total>1</total>
				<timestamp>1215.454482</timestamp>
			</report>
			<report>
				<misses>22800001</misses>
				<total>1</total>
				<timestamp>1220.806213</timestamp>
			</report>
			<report>
				<misses>22900001</misses>
				<total>3</total>
				<timestamp>1226.117998</timestamp>
			</report>
			<report>
				<misses>23000001</misses>
				<total>0</total>
				<timestamp>1231.422402</timestamp>
			</report>
			<report>
				<misses>23100001</misses>
				<total>1</total>
				<timestamp>1236.779861</timestamp>
			</report>
			<report>
				<misses>23200001</misses>
				<total>1</total>
				<timestamp>1242.142536</timestamp>
			</report>
			<report>
				<misses>23300001</misses>
				<total>2</total>
				<timestamp>1247.494558</timestamp>
			</report>
			<report>
				<misses>23400001</misses>
				<total>1</total>
				<timestamp>1252.764412</timestamp>
			</report>
			<report>
				<misses>23500001</misses>
				<total>1</total>
				<timestamp>1258.110365</timestamp>
			</report>
			<report>
				<misses>23600001</misses>
				<total>1</total>
				<timestamp>1263.470417</timestamp>
			</report>
			<report>
				<misses>23700001</misses>
				<total>0</total>
				<timestamp>1268.827246</timestamp>
			</report>
			<report>
				<misses>23800001</misses>
				<total>2</total>
				<timestamp>1274.185138</timestamp>
			</report>
			<report>
				<misses>23900001</misses>
				<total>6</total>
				<timestamp>1279.565927</timestamp>
			</report>
			<report>
				<misses>24000001</misses>
				<total>6</total>
				<timestamp>1284.931812</timestamp>
			</report>
			<report>
				<misses>24100001</misses>
				<total>7</total>
				<timestamp>1290.297461</timestamp>
			</report>
			<report>
				<misses>24200001</misses>
				<total>6</total>
				<timestamp>1295.564612</timestamp>
			</report>
			<report>
				<misses>24300001</misses>
				<total>6</total>
				<timestamp>1300.914576</timestamp>
			</report>
			<report>
				<misses>24400001</misses>
				<total>6</total>
				<timestamp>1306.262511</timestamp>
			</report>
			<report>
				<misses>24500001</misses>
				<total>7</total>
				<timestamp>1311.629945</timestamp>
			</report>
			<report>
				<misses>24600001</misses>
				<total>7</total>
				<timestamp>1316.993601</timestamp>
			</report>
			<report>
				<misses>24700001</misses>
				<total>6</total>
				<timestamp>1322.352404</timestamp>
			</report>
			<report>
				<misses>24800001</misses>
				<total>6</total>
				<timestamp>1327.707996</timestamp>
			</report>
			<report>
				<misses>24900001</misses>
				<total>8</total>
				<timestamp>1333.062126</timestamp>
			</report>
			<report>
				<misses>25000001</misses>
				<total>7</total>
				<timestamp>1338.342888</timestamp>
			</report>
			<report>
				<misses>25100001</misses>
				<total>7</total>
				<timestamp>1343.678229</timestamp>
			</report>
			<report>
				<misses>25200001</misses>
				<total>6</total>
				<timestamp>1349.033500</timestamp>
			</report>
			<report>
				<misses>25300001</misses>
				<total>7</total>
				<timestamp>1354.372281</timestamp>
			</report>
			<report>
				<misses>25400001</misses>
				<total>6</total>
				<timestamp>1359.711739</timestamp>
			</report>
			<report>
				<misses>25500001</misses>
				<total>6</total>
				<timestamp>1365.067215</timestamp>
			</report>
			<report>
				<misses>25600001</misses>
				<total>6</total>
				<timestamp>1370.425915</timestamp>
			</report>
			<report>
				<misses>25700001</misses>
				<total>7</total>
				<timestamp>1375.786262</timestamp>
			</report>
			<report>
				<misses>25800001</misses>
				<total>7</total>
				<timestamp>1381.106223</timestamp>
			</report>
			<report>
				<misses>25900001</misses>
				<total>7</total>
				<timestamp>1386.403038</timestamp>
			</report>
			<report>
				<misses>26000001</misses>
				<total>5</total>
				<timestamp>1391.760759</timestamp>
			</report>
			<report>
				<misses>26100001</misses>
				<total>7</total>
				<timestamp>1397.127735</timestamp>
			</report>
			<report>
				<misses>26200001</misses>
				<total>7</total>
				<timestamp>1402.512425</timestamp>
			</report>
			<report>
				<misses>26300001</misses>
				<total>6</total>
				<timestamp>1407.878055</timestamp>
			</report>
			<report>
				<misses>26400001</misses>
				<total>8</total>
				<timestamp>1413.232119</timestamp>
			</report>
			<report>
				<misses>26500001</misses>
				<total>6</total>
				<timestamp>1418.586991</timestamp>
			</report>
			<report>
				<misses>26600001</misses>
				<total>7</total>
				<timestamp>1423.937669</timestamp>
			</report>
			<report>
				<misses>26700001</misses>
				<total>6</total>
				<timestamp>1429.201880</timestamp>
			</report>
			<report>
				<misses>26800001</misses>
				<total>7</total>
				<timestamp>1434.545488</timestamp>
			</report>
			<report>
				<misses>26900001</misses>
				<total>7</total>
				<timestamp>1439.902258</timestamp>
			</report>
			<report>
				<misses>27000001</misses>
				<total>6</total>
				<timestamp>1445.251986</timestamp>
			</report>
			<report>
				<misses>27100001</misses>
				<total>7</total>
				<timestamp>1450.609454</timestamp>
			</report>
			<report>
				<misses>27200001</misses>
				<total>6</total>
				<timestamp>1455.960532</timestamp>
			</report>
			<report>
				<misses>27300001</misses>
				<total>7</total>
				<timestamp>1461.302896</timestamp>
			</report>
			<report>
				<misses>27400001</misses>
				<total>7</total>
				<timestamp>1466.654543</timestamp>
			</report>
			<report>
				<misses>27500001</misses>
				<total>6</total>
				<timestamp>1471.974580</timestamp>
			</report>
			<report>
				<misses>27600001</misses>
				<total>6</total>
				<timestamp>1477.312288</timestamp>
			</report>
			<report>
				<misses>27700001</misses>
				<total>8</total>
				<timestamp>1482.725218</timestamp>
			</report>
			<report>
				<misses>27800001</misses>
				<total>7</total>
				<timestamp>1488.121247</timestamp>
			</report>
			<report>
				<misses>27900001</misses>
				<total>6</total>
				<timestamp>1493.553768</timestamp>
			</report>
			<report>
				<misses>28000001</misses>
				<total>7</total>
				<timestamp>1498.991675</timestamp>
			</report>
			<report>
				<misses>28100001</misses>
				<total>6</total>
				<timestamp>1504.377558</timestamp>
			</report>
			<report>
				<misses>28200001</misses>
				<total>6</total>
				<timestamp>1509.761402</timestamp>
			</report>
			<report>
				<misses>28300001</misses>
				<total>7</total>
				<timestamp>1515.120624</timestamp>
			</report>
			<report>
				<misses>28400001</misses>
				<total>7</total>
				<timestamp>1520.425016</timestamp>
			</report>
			<report>
				<misses>28500001</misses>
				<total>7</total>
				<timestamp>1525.834995</timestamp>
			</report>
			<report>
				<misses>28600001</misses>
				<total>7</total>
				<timestamp>1531.221118</timestamp>
			</report>
			<report>
				<misses>28700001</misses>
				<total>7</total>
				<timestamp>1536.591650</timestamp>
			</report>
			<report>
				<misses>28800001</misses>
				<total>6</total>
				<timestamp>1541.951825</timestamp>
			</report>
			<report>
				<misses>28900001</misses>
				<total>7</total>
				<timestamp>1547.368384</timestamp>
			</report>
			<report>
				<misses>29000001</misses>
				<total>6</total>
				<timestamp>1552.798847</timestamp>
			</report>
			<report>
				<misses>29100001</misses>
				<total>6</total>
				<timestamp>1558.213623</timestamp>
			</report>
			<report>
				<misses>29200001</misses>
				<total>7</total>
				<timestamp>1563.513198</timestamp>
			</report>
			<report>
				<misses>29300001</misses>
				<total>7</total>
				<timestamp>1568.919671</timestamp>
			</report>
			<report>
				<misses>29400001</misses>
				<total>7</total>
				<timestamp>1574.355558</timestamp>
			</report>
			<report>
				<misses>29500001</misses>
				<total>6</total>
				<timestamp>1579.796274</timestamp>
			</report>
			<report>
				<misses>29600001</misses>
				<total>7</total>
				<timestamp>1585.171569</timestamp>
			</report>
			<report>
				<misses>29700001</misses>
				<total>7</total>
				<timestamp>1590.522427</timestamp>
			</report>
			<report>
				<misses>29800001</misses>
				<total>6</total>
				<timestamp>1595.877450</timestamp>
			</report>
			<report>
				<misses>29900001</misses>
				<total>7</total>
				<timestamp>1601.235259</timestamp>
			</report>
			<report>
				<misses>30000001</misses>
				<total>6</total>
				<timestamp>1606.587110</timestamp>
			</report>
			<report>
				<misses>30100001</misses>
				<total>5</total>
				<timestamp>1611.877142</timestamp>
			</report>
			<report>
				<misses>30200001</misses>
				<total>7</total>
				<timestamp>1617.224196</timestamp>
			</report>
			<report>
				<misses>30300001</misses>
				<total>6</total>
				<timestamp>1622.622832</timestamp>
			</report>
			<report>
				<misses>30400001</misses>
				<total>6</total>
				<timestamp>1628.025281</timestamp>
			</report>
			<report>
				<misses>30500001</misses>
				<total>8</total>
				<timestamp>1633.429672</timestamp>
			</report>
			<report>
				<misses>30600001</misses>
				<total>7</total>
				<timestamp>1638.829516</timestamp>
			</report>
			<report>
				<misses>30700001</misses>
				<total>6</total>
				<timestamp>1644.230530</timestamp>
			</report>
			<report>
				<misses>30800001</misses>
				<total>6</total>
				<timestamp>1649.583375</timestamp>
			</report>
			<report>
				<misses>30900001</misses>
				<total>7</total>
				<timestamp>1654.964295</timestamp>
			</report>
			<report>
				<misses>31000001</misses>
				<total>6</total>
				<timestamp>1660.286521</timestamp>
			</report>
			<report>
				<misses>31100001</misses>
				<total>7</total>
				<timestamp>1665.617482</timestamp>
			</report>
			<report>
				<misses>31200001</misses>
				<total>6</total>
				<timestamp>1671.018652</timestamp>
			</report>
			<report>
				<misses>31300001</misses>
				<total>8</total>
				<timestamp>1676.399995</timestamp>
			</report>
			<report>
				<misses>31400001</misses>
				<total>6</total>
				<timestamp>1681.760257</timestamp>
			</report>
			<report>
				<misses>31500001</misses>
				<total>6</total>
				<timestamp>1687.110507</timestamp>
			</report>
			<report>
				<misses>31600001</misses>
				<total>6</total>
				<timestamp>1692.523420</timestamp>
			</report>
			<report>
				<misses>31700001</misses>
				<total>7</total>
				<timestamp>1697.934380</timestamp>
			</report>
			<report>
				<misses>31800001</misses>
				<total>7</total>
				<timestamp>1703.372027</timestamp>
			</report>
			<report>
				<misses>31900001</misses>
				<total>6</total>
				<timestamp>1708.746668</timestamp>
			</report>
			<report>
				<misses>32000001</misses>
				<total>6</total>
				<timestamp>1714.069030</timestamp>
			</report>
			<report>
				<misses>32100001</misses>
				<total>7</total>
				<timestamp>1719.512403</timestamp>
			</report>
			<report>
				<misses>32200001</misses>
				<total>7</total>
				<timestamp>1724.953890</timestamp>
			</report>
			<report>
				<misses>32300001</misses>
				<total>6</total>
				<timestamp>1730.388233</timestamp>
			</report>
			<report>
				<misses>32400001</misses>
				<total>7</total>
				<timestamp>1735.815299</timestamp>
			</report>
			<report>
				<misses>32500001</misses>
				<total>7</total>
				<timestamp>1741.233516</timestamp>
			</report>
			<report>
				<misses>32600001</misses>
				<total>6</total>
				<timestamp>1746.664633</timestamp>
			</report>
			<report>
				<misses>32700001</misses>
				<total>7</total>
				<timestamp>1752.107271</timestamp>
			</report>
			<report>
				<misses>32800001</misses>
				<total>8</total>
				<timestamp>1757.477692</timestamp>
			</report>
			<report>
				<misses>32900001</misses>
				<total>7</total>
				<timestamp>1762.757418</timestamp>
			</report>
			<report>
				<misses>33000001</misses>
				<total>6</total>
				<timestamp>1768.116422</timestamp>
			</report>
			<report>
				<misses>33100001</misses>
				<total>7</total>
				<timestamp>1773.521648</timestamp>
			</report>
			<report>
				<misses>33200001</misses>
				<total>6</total>
				<timestamp>1778.933341</timestamp>
			</report>
			<report>
				<misses>33300001</misses>
				<total>6</total>
				<timestamp>1784.349428</timestamp>
			</report>
			<report>
				<misses>33400001</misses>
				<total>7</total>
				<timestamp>1789.789052</timestamp>
			</report>
			<report>
				<misses>33500001</misses>
				<total>7</total>
				<timestamp>1795.162087</timestamp>
			</report>
			<report>
				<misses>33600001</misses>
				<total>6</total>
				<timestamp>1800.569630</timestamp>
			</report>
			<report>
				<misses>33700001</misses>
				<total>6</total>
				<timestamp>1805.912333</timestamp>
			</report>
			<report>
				<misses>33800001</misses>
				<total>7</total>
				<timestamp>1811.188596</timestamp>
			</report>
			<report>
				<misses>33900001</misses>
				<total>8</total>
				<timestamp>1816.581105</timestamp>
			</report>
			<report>
				<misses>34000001</misses>
				<total>7</total>
				<timestamp>1821.941863</timestamp>
			</report>
			<report>
				<misses>34100001</misses>
				<total>7</total>
				<timestamp>1827.322561</timestamp>
			</report>
			<report>
				<misses>34200001</misses>
				<total>7</total>
				<timestamp>1832.700304</timestamp>
			</report>
			<report>
				<misses>34300001</misses>
				<total>6</total>
				<timestamp>1838.056254</timestamp>
			</report>
			<report>
				<misses>34400001</misses>
				<total>7</total>
				<timestamp>1843.413758</timestamp>
			</report>
			<report>
				<misses>34500001</misses>
				<total>7</total>
				<timestamp>1848.768711</timestamp>
			</report>
			<report>
				<misses>34600001</misses>
				<total>7</total>
				<timestamp>1854.123061</timestamp>
			</report>
			<report>
				<misses>34700001</misses>
				<total>7</total>
				<timestamp>1859.383382</timestamp>
			</report>
			<report>
				<misses>34800001</misses>
				<total>7</total>
				<timestamp>1864.740144</timestamp>
			</report>
			<report>
				<misses>34900001</misses>
				<total>6</total>
				<timestamp>1870.103463</timestamp>
			</report>
			<report>
				<misses>35000001</misses>
				<total>6</total>
				<timestamp>1875.455246</timestamp>
			</report>
			<report>
				<misses>35100001</misses>
				<total>7</total>
				<timestamp>1880.827164</timestamp>
			</report>
			<report>
				<misses>35200001</misses>
				<total>6</total>
				<timestamp>1886.204615</timestamp>
			</report>
			<report>
				<misses>35300001</misses>
				<total>7</total>
				<timestamp>1891.617459</timestamp>
			</report>
			<report>
				<misses>35400001</misses>
				<total>8</total>
				<timestamp>1897.045532</timestamp>
			</report>
			<report>
				<misses>35500001</misses>
				<total>6</total>
				<timestamp>1902.466420</timestamp>
			</report>
			<report>
				<misses>35600001</misses>
				<total>6</total>
				<timestamp>1907.764216</timestamp>
			</report>
			<report>
				<misses>35700001</misses>
				<total>8</total>
				<timestamp>1913.142770</timestamp>
			</report>
			<report>
				<misses>35800001</misses>
				<total>7</total>
				<timestamp>1918.534779</timestamp>
			</report>
			<report>
				<misses>35900001</misses>
				<total>6</total>
				<timestamp>1923.965024</timestamp>
			</report>
			<report>
				<misses>36000001</misses>
				<total>6</total>
				<timestamp>1929.399192</timestamp>
			</report>
			<report>
				<misses>36100001</misses>
				<total>5</total>
				<timestamp>1934.809480</timestamp>
			</report>
			<report>
				<misses>36200001</misses>
				<total>6</total>
				<timestamp>1940.242857</timestamp>
			</report>
			<report>
				<misses>36300001</misses>
				<total>7</total>
				<timestamp>1945.659719</timestamp>
			</report>
			<report>
				<misses>36400001</misses>
				<total>7</total>
				<timestamp>1951.053749</timestamp>
			</report>
			<report>
				<misses>36500001</misses>
				<total>8</total>
				<timestamp>1956.360663</timestamp>
			</report>
			<report>
				<misses>36600001</misses>
				<total>6</total>
				<timestamp>1961.716428</timestamp>
			</report>
			<report>
				<misses>36700001</misses>
				<total>7</total>
				<timestamp>1967.143472</timestamp>
			</report>
			<report>
				<misses>36800001</misses>
				<total>6</total>
				<timestamp>1972.577596</timestamp>
			</report>
			<report>
				<misses>36900001</misses>
				<total>7</total>
				<timestamp>1978.016179</timestamp>
			</report>
			<report>
				<misses>37000001</misses>
				<total>6</total>
				<timestamp>1983.446160</timestamp>
			</report>
			<report>
				<misses>37100001</misses>
				<total>6</total>
				<timestamp>1988.840286</timestamp>
			</report>
			<report>
				<misses>37200001</misses>
				<total>8</total>
				<timestamp>1994.252241</timestamp>
			</report>
			<report>
				<misses>37300001</misses>
				<total>8</total>
				<timestamp>1999.605777</timestamp>
			</report>
			<report>
				<misses>37400001</misses>
				<total>6</total>
				<timestamp>2004.903143</timestamp>
			</report>
			<report>
				<misses>37500001</misses>
				<total>7</total>
				<timestamp>2010.221910</timestamp>
			</report>
			<report>
				<misses>37600001</misses>
				<total>6</total>
				<timestamp>2015.566304</timestamp>
			</report>
			<report>
				<misses>37700001</misses>
				<total>7</total>
				<timestamp>2020.980784</timestamp>
			</report>
			<report>
				<misses>37800001</misses>
				<total>7</total>
				<timestamp>2026.395099</timestamp>
			</report>
			<report>
				<misses>37900001</misses>
				<total>6</total>
				<timestamp>2031.777793</timestamp>
			</report>
			<report>
				<misses>38000001</misses>
				<total>7</total>
				<timestamp>2037.165646</timestamp>
			</report>
			<report>
				<misses>38100001</misses>
				<total>5</total>
				<timestamp>2042.595338</timestamp>
			</report>
			<report>
				<misses>38200001</misses>
				<total>7</total>
				<timestamp>2047.965211</timestamp>
			</report>
			<report>
				<misses>38300001</misses>
				<total>6</total>
				<timestamp>2053.284561</timestamp>
			</report>
			<report>
				<misses>38400001</misses>
				<total>7</total>
				<timestamp>2058.623021</timestamp>
			</report>
			<report>
				<misses>38500001</misses>
				<total>7</total>
				<timestamp>2064.026102</timestamp>
			</report>
			<report>
				<misses>38600001</misses>
				<total>6</total>
				<timestamp>2069.384140</timestamp>
			</report>
			<report>
				<misses>38700001</misses>
				<total>7</total>
				<timestamp>2074.772225</timestamp>
			</report>
			<report>
				<misses>38800001</misses>
				<total>6</total>
				<timestamp>2080.140761</timestamp>
			</report>
			<report>
				<misses>38900001</misses>
				<total>6</total>
				<timestamp>2085.491965</timestamp>
			</report>
			<report>
				<misses>39000001</misses>
				<total>7</total>
				<timestamp>2090.840274</timestamp>
			</report>
			<report>
				<misses>39100001</misses>
				<total>6</total>
				<timestamp>2096.197471</timestamp>
			</report>
			<report>
				<misses>39200001</misses>
				<total>6</total>
				<timestamp>2101.525836</timestamp>
			</report>
			<report>
				<misses>39300001</misses>
				<total>6</total>
				<timestamp>2106.814183</timestamp>
			</report>
			<report>
				<misses>39400001</misses>
				<total>6</total>
				<timestamp>2112.157582</timestamp>
			</report>
			<report>
				<misses>39500001</misses>
				<total>6</total>
				<timestamp>2117.528435</timestamp>
			</report>
			<report>
				<misses>39600001</misses>
				<total>6</total>
				<timestamp>2122.930903</timestamp>
			</report>
			<report>
				<misses>39700001</misses>
				<total>7</total>
				<timestamp>2128.314113</timestamp>
			</report>
			<report>
				<misses>39800001</misses>
				<total>6</total>
				<timestamp>2133.677503</timestamp>
			</report>
			<report>
				<misses>39900001</misses>
				<total>7</total>
				<timestamp>2139.030084</timestamp>
			</report>
			<report>
				<misses>40000001</misses>
				<total>6</total>
				<timestamp>2144.386992</timestamp>
			</report>
			<report>
				<misses>40100001</misses>
				<total>7</total>
				<timestamp>2149.738396</timestamp>
			</report>
			<report>
				<misses>40200001</misses>
				<total>7</total>
				<timestamp>2155.010463</timestamp>
			</report>
			<report>
				<misses>40300001</misses>
				<total>7</total>
				<timestamp>2160.361998</timestamp>
			</report>
			<report>
				<misses>40400001</misses>
				<total>7</total>
				<timestamp>2165.706717</timestamp>
			</report>
			<report>
				<misses>40500001</misses>
				<total>7</total>
				<timestamp>2171.065870</timestamp>
			</report>
			<report>
				<misses>40600001</misses>
				<total>7</total>
				<timestamp>2176.430749</timestamp>
			</report>
			<report>
				<misses>40700001</misses>
				<total>8</total>
				<timestamp>2181.826349</timestamp>
			</report>
			<report>
				<misses>40800001</misses>
				<total>6</total>
				<timestamp>2187.243078</timestamp>
			</report>
			<report>
				<misses>40900001</misses>
				<total>6</total>
				<timestamp>2192.657803</timestamp>
			</report>
			<report>
				<misses>41000001</misses>
				<total>7</total>
				<timestamp>2198.071112</timestamp>
			</report>
			<report>
				<misses>41100001</misses>
				<total>6</total>
				<timestamp>2203.347227</timestamp>
			</report>
			<report>
				<misses>41200001</misses>
				<total>7</total>
				<timestamp>2208.733122</timestamp>
			</report>
			<report>
				<misses>41300001</misses>
				<total>7</total>
				<timestamp>2214.116591</timestamp>
			</report>
			<report>
				<misses>41400001</misses>
				<total>7</total>
				<timestamp>2219.512846</timestamp>
			</report>
			<report>
				<misses>41500001</misses>
				<total>6</total>
				<timestamp>2224.904423</timestamp>
			</report>
			<report>
				<misses>41600001</misses>
				<total>8</total>
				<timestamp>2230.300796</timestamp>
			</report>
			<report>
				<misses>41700001</misses>
				<total>6</total>
				<timestamp>2235.610980</timestamp>
			</report>
			<report>
				<misses>41800001</misses>
				<total>7</total>
				<timestamp>2240.955754</timestamp>
			</report>
			<report>
				<misses>41900001</misses>
				<total>7</total>
				<timestamp>2246.384066</timestamp>
			</report>
			<report>
				<misses>42000001</misses>
				<total>7</total>
				<timestamp>2251.820271</timestamp>
			</report>
			<report>
				<misses>42100001</misses>
				<total>6</total>
				<timestamp>2257.252591</timestamp>
			</report>
			<report>
				<misses>42200001</misses>
				<total>7</total>
				<timestamp>2262.671629</timestamp>
			</report>
			<report>
				<misses>42300001</misses>
				<total>7</total>
				<timestamp>2268.022248</timestamp>
			</report>
			<report>
				<misses>42400001</misses>
				<total>8</total>
				<timestamp>2273.366212</timestamp>
			</report>
			<report>
				<misses>42500001</misses>
				<total>7</total>
				<timestamp>2278.798260</timestamp>
			</report>
			<report>
				<misses>42600001</misses>
				<total>6</total>
				<timestamp>2284.235639</timestamp>
			</report>
			<report>
				<misses>42700001</misses>
				<total>7</total>
				<timestamp>2289.650216</timestamp>
			</report>
			<report>
				<misses>42800001</misses>
				<total>7</total>
				<timestamp>2295.067206</timestamp>
			</report>
			<report>
				<misses>42900001</misses>
				<total>7</total>
				<timestamp>2300.477913</timestamp>
			</report>
			<report>
				<misses>43000001</misses>
				<total>7</total>
				<timestamp>2305.778415</timestamp>
			</report>
			<report>
				<misses>43100001</misses>
				<total>7</total>
				<timestamp>2311.208637</timestamp>
			</report>
			<report>
				<misses>43200001</misses>
				<total>7</total>
				<timestamp>2316.597117</timestamp>
			</report>
			<report>
				<misses>43300001</misses>
				<total>7</total>
				<timestamp>2322.012767</timestamp>
			</report>
			<report>
				<misses>43400001</misses>
				<total>7</total>
				<timestamp>2327.451984</timestamp>
			</report>
			<report>
				<misses>43500001</misses>
				<total>6</total>
				<timestamp>2332.842829</timestamp>
			</report>
			<report>
				<misses>43600001</misses>
				<total>8</total>
				<timestamp>2338.114555</timestamp>
			</report>
			<report>
				<misses>43700001</misses>
				<total>6</total>
				<timestamp>2343.452195</timestamp>
			</report>
			<report>
				<misses>43800001</misses>
				<total>6</total>
				<timestamp>2348.822304</timestamp>
			</report>
			<report>
				<misses>43900001</misses>
				<total>7</total>
				<timestamp>2354.178283</timestamp>
			</report>
			<report>
				<misses>44000001</misses>
				<total>7</total>
				<timestamp>2359.563978</timestamp>
			</report>
			<report>
				<misses>44100001</misses>
				<total>8</total>
				<timestamp>2364.978829</timestamp>
			</report>
			<report>
				<misses>44200001</misses>
				<total>6</total>
				<timestamp>2370.307036</timestamp>
			</report>
			<report>
				<misses>44300001</misses>
				<total>6</total>
				<timestamp>2375.676396</timestamp>
			</report>
			<report>
				<misses>44400001</misses>
				<total>6</total>
				<timestamp>2381.113722</timestamp>
			</report>
			<report>
				<misses>44500001</misses>
				<total>7</total>
				<timestamp>2386.529395</timestamp>
			</report>
			<report>
				<misses>44600001</misses>
				<total>6</total>
				<timestamp>2391.869448</timestamp>
			</report>
			<report>
				<misses>44700001</misses>
				<total>7</total>
				<timestamp>2397.243794</timestamp>
			</report>
			<report>
				<misses>44800001</misses>
				<total>6</total>
				<timestamp>2402.599658</timestamp>
			</report>
			<report>
				<misses>44900001</misses>
				<total>6</total>
				<timestamp>2407.907016</timestamp>
			</report>
			<report>
				<misses>45000001</misses>
				<total>6</total>
				<timestamp>2413.317014</timestamp>
			</report>
			<report>
				<misses>45100001</misses>
				<total>6</total>
				<timestamp>2418.719287</timestamp>
			</report>
			<report>
				<misses>45200001</misses>
				<total>7</total>
				<timestamp>2424.117198</timestamp>
			</report>
			<report>
				<misses>45300001</misses>
				<total>7</total>
				<timestamp>2429.522150</timestamp>
			</report>
			<report>
				<misses>45400001</misses>
				<total>6</total>
				<timestamp>2434.956949</timestamp>
			</report>
			<report>
				<misses>45500001</misses>
				<total>6</total>
				<timestamp>2440.234482</timestamp>
			</report>
			<report>
				<misses>45600001</misses>
				<total>8</total>
				<timestamp>2445.644543</timestamp>
			</report>
			<report>
				<misses>45700001</misses>
				<total>8</total>
				<timestamp>2451.082079</timestamp>
			</report>
			<report>
				<misses>45800001</misses>
				<total>7</total>
				<timestamp>2456.512636</timestamp>
			</report>
			<report>
				<misses>45900001</misses>
				<total>6</total>
				<timestamp>2461.945975</timestamp>
			</report>
			<report>
				<misses>46000001</misses>
				<total>6</total>
				<timestamp>2467.368536</timestamp>
			</report>
			<report>
				<misses>46100001</misses>
				<total>7</total>
				<timestamp>2472.674708</timestamp>
			</report>
			<report>
				<misses>46200001</misses>
				<total>6</total>
				<timestamp>2478.055192</timestamp>
			</report>
			<report>
				<misses>46300001</misses>
				<total>6</total>
				<timestamp>2483.461992</timestamp>
			</report>
			<report>
				<misses>46400001</misses>
				<total>6</total>
				<timestamp>2488.891867</timestamp>
			</report>
			<report>
				<misses>46500001</misses>
				<total>6</total>
				<timestamp>2494.308594</timestamp>
			</report>
			<report>
				<misses>46600001</misses>
				<total>6</total>
				<timestamp>2499.717254</timestamp>
			</report>
			<report>
				<misses>46700001</misses>
				<total>6</total>
				<timestamp>2505.099827</timestamp>
			</report>
			<report>
				<misses>46800001</misses>
				<total>6</total>
				<timestamp>2510.377633</timestamp>
			</report>
			<report>
				<misses>46900001</misses>
				<total>7</total>
				<timestamp>2515.719192</timestamp>
			</report>
			<report>
				<misses>47000001</misses>
				<total>6</total>
				<timestamp>2521.106743</timestamp>
			</report>
			<report>
				<misses>47100001</misses>
				<total>7</total>
				<timestamp>2526.541782</timestamp>
			</report>
			<report>
				<misses>47200001</misses>
				<total>7</total>
				<timestamp>2531.981365</timestamp>
			</report>
			<report>
				<misses>47300001</misses>
				<total>6</total>
				<timestamp>2537.365159</timestamp>
			</report>
			<report>
				<misses>47400001</misses>
				<total>6</total>
				<timestamp>2542.787090</timestamp>
			</report>
			<report>
				<misses>47500001</misses>
				<total>5</total>
				<timestamp>2548.060009</timestamp>
			</report>
			<report>
				<misses>47600001</misses>
				<total>6</total>
				<timestamp>2553.437236</timestamp>
			</report>
			<report>
				<misses>47700001</misses>
				<total>6</total>
				<timestamp>2558.830397</timestamp>
			</report>
			<report>
				<misses>47800001</misses>
				<total>6</total>
				<timestamp>2564.225564</timestamp>
			</report>
			<report>
				<misses>47900001</misses>
				<total>7</total>
				<timestamp>2569.625707</timestamp>
			</report>
			<report>
				<misses>48000001</misses>
				<total>6</total>
				<timestamp>2575.044994</timestamp>
			</report>
			<report>
				<misses>48100001</misses>
				<total>6</total>
				<timestamp>2580.485051</timestamp>
			</report>
			<report>
				<misses>48200001</misses>
				<total>6</total>
				<timestamp>2585.770639</timestamp>
			</report>
			<report>
				<misses>48300001</misses>
				<total>7</total>
				<timestamp>2591.201756</timestamp>
			</report>
			<report>
				<misses>48400001</misses>
				<total>6</total>
				<timestamp>2596.617009</timestamp>
			</report>
			<report>
				<misses>48500001</misses>
				<total>6</total>
				<timestamp>2602.046992</timestamp>
			</report>
			<report>
				<misses>48600001</misses>
				<total>7</total>
				<timestamp>2607.483879</timestamp>
			</report>
			<report>
				<misses>48700001</misses>
				<total>6</total>
				<timestamp>2612.924376</timestamp>
			</report>
			<report>
				<misses>48800001</misses>
				<total>7</total>
				<timestamp>2618.349038</timestamp>
			</report>
			<report>
				<misses>48900001</misses>
				<total>6</total>
				<timestamp>2623.631207</timestamp>
			</report>
			<report>
				<misses>49000001</misses>
				<total>7</total>
				<timestamp>2629.008444</timestamp>
			</report>
			<report>
				<misses>49100001</misses>
				<total>6</total>
				<timestamp>2634.399612</timestamp>
			</report>
			<report>
				<misses>49200001</misses>
				<total>8</total>
				<timestamp>2639.800096</timestamp>
			</report>
			<report>
				<misses>49300001</misses>
				<total>7</total>
				<timestamp>2645.175837</timestamp>
			</report>
			<report>
				<misses>49400001</misses>
				<total>7</total>
				<timestamp>2650.530163</timestamp>
			</report>
			<report>
				<misses>49500001</misses>
				<total>6</total>
				<timestamp>2655.918175</timestamp>
			</report>
			<report>
				<misses>49600001</misses>
				<total>7</total>
				<timestamp>2661.191320</timestamp>
			</report>
			<report>
				<misses>49700001</misses>
				<total>8</total>
				<timestamp>2666.581462</timestamp>
			</report>
			<report>
				<misses>49800001</misses>
				<total>7</total>
				<timestamp>2671.940031</timestamp>
			</report>
			<report>
				<misses>49900001</misses>
				<total>6</total>
				<timestamp>2677.284342</timestamp>
			</report>
			<report>
				<misses>50000001</misses>
				<total>7</total>
				<timestamp>2682.636286</timestamp>
			</report>
			<report>
				<misses>50100001</misses>
				<total>6</total>
				<timestamp>2687.997357</timestamp>
			</report>
			<report>
				<misses>50200001</misses>
				<total>7</total>
				<timestamp>2693.344726</timestamp>
			</report>
			<report>
				<misses>50300001</misses>
				<total>7</total>
				<timestamp>2698.608834</timestamp>
			</report>
			<report>
				<misses>50400001</misses>
				<total>6</total>
				<timestamp>2703.982575</timestamp>
			</report>
			<report>
				<misses>50500001</misses>
				<total>6</total>
				<timestamp>2709.385054</timestamp>
			</report>
			<report>
				<misses>50600001</misses>
				<total>6</total>
				<timestamp>2714.795235</timestamp>
			</report>
			<report>
				<misses>50700001</misses>
				<total>7</total>
				<timestamp>2720.180663</timestamp>
			</report>
			<report>
				<misses>50800001</misses>
				<total>6</total>
				<timestamp>2725.563668</timestamp>
			</report>
			<report>
				<misses>50900001</misses>
				<total>5</total>
				<timestamp>2730.950580</timestamp>
			</report>
			<report>
				<misses>51000001</misses>
				<total>7</total>
				<timestamp>2736.246006</timestamp>
			</report>
			<report>
				<misses>51100001</misses>
				<total>7</total>
				<timestamp>2741.629865</timestamp>
			</report>
			<report>
				<misses>51200001</misses>
				<total>7</total>
				<timestamp>2747.013761</timestamp>
			</report>
			<report>
				<misses>51300001</misses>
				<total>7</total>
				<timestamp>2752.437330</timestamp>
			</report>
			<report>
				<misses>51400001</misses>
				<total>6</total>
				<timestamp>2757.822376</timestamp>
			</report>
			<report>
				<misses>51500001</misses>
				<total>6</total>
				<timestamp>2763.224740</timestamp>
			</report>
			<report>
				<misses>51600001</misses>
				<total>8</total>
				<timestamp>2768.605136</timestamp>
			</report>
			<report>
				<misses>51700001</misses>
				<total>7</total>
				<timestamp>2773.877097</timestamp>
			</report>
			<report>
				<misses>51800001</misses>
				<total>6</total>
				<timestamp>2779.235669</timestamp>
			</report>
			<report>
				<misses>51900001</misses>
				<total>6</total>
				<timestamp>2784.588580</timestamp>
			</report>
			<report>
				<misses>52000001</misses>
				<total>6</total>
				<timestamp>2789.988412</timestamp>
			</report>
			<report>
				<misses>52100001</misses>
				<total>6</total>
				<timestamp>2795.413319</timestamp>
			</report>
			<report>
				<misses>52200001</misses>
				<total>7</total>
				<timestamp>2800.790133</timestamp>
			</report>
			<report>
				<misses>52300001</misses>
				<total>7</total>
				<timestamp>2806.156086</timestamp>
			</report>
			<report>
				<misses>52400001</misses>
				<total>6</total>
				<timestamp>2811.452811</timestamp>
			</report>
			<report>
				<misses>52500001</misses>
				<total>6</total>
				<timestamp>2816.845581</timestamp>
			</report>
			<report>
				<misses>52600001</misses>
				<total>7</total>
				<timestamp>2822.235521</timestamp>
			</report>
			<report>
				<misses>52700001</misses>
				<total>6</total>
				<timestamp>2827.593304</timestamp>
			</report>
			<report>
				<misses>52800001</misses>
				<total>7</total>
				<timestamp>2832.896483</timestamp>
			</report>
			<report>
				<misses>52900001</misses>
				<total>6</total>
				<timestamp>2838.325676</timestamp>
			</report>
			<report>
				<misses>53000001</misses>
				<total>6</total>
				<timestamp>2843.739598</timestamp>
			</report>
			<report>
				<misses>53100001</misses>
				<total>6</total>
				<timestamp>2849.085623</timestamp>
			</report>
			<report>
				<misses>53200001</misses>
				<total>6</total>
				<timestamp>2854.416907</timestamp>
			</report>
			<report>
				<misses>53300001</misses>
				<total>6</total>
				<timestamp>2859.851987</timestamp>
			</report>
			<report>
				<misses>53400001</misses>
				<total>6</total>
				<timestamp>2865.257859</timestamp>
			</report>
			<report>
				<misses>53500001</misses>
				<total>7</total>
				<timestamp>2870.538389</timestamp>
			</report>
			<report>
				<misses>53600001</misses>
				<total>6</total>
				<timestamp>2875.861682</timestamp>
			</report>
			<report>
				<misses>53700001</misses>
				<total>7</total>
				<timestamp>2881.270148</timestamp>
			</report>
			<report>
				<misses>53800001</misses>
				<total>7</total>
				<timestamp>2886.681304</timestamp>
			</report>
			<report>
				<misses>53900001</misses>
				<total>6</total>
				<timestamp>2891.957754</timestamp>
			</report>
			<report>
				<misses>54000001</misses>
				<total>7</total>
				<timestamp>2897.377034</timestamp>
			</report>
			<report>
				<misses>54100001</misses>
				<total>5</total>
				<timestamp>2902.769639</timestamp>
			</report>
			<report>
				<misses>54200001</misses>
				<total>7</total>
				<timestamp>2908.143291</timestamp>
			</report>
			<report>
				<misses>54300001</misses>
				<total>7</total>
				<timestamp>2913.432912</timestamp>
			</report>
			<report>
				<misses>54400001</misses>
				<total>7</total>
				<timestamp>2918.793468</timestamp>
			</report>
			<report>
				<misses>54500001</misses>
				<total>6</total>
				<timestamp>2924.139243</timestamp>
			</report>
			<report>
				<misses>54600001</misses>
				<total>6</total>
				<timestamp>2929.448630</timestamp>
			</report>
			<report>
				<misses>54700001</misses>
				<total>6</total>
				<timestamp>2934.766745</timestamp>
			</report>
			<report>
				<misses>54800001</misses>
				<total>6</total>
				<timestamp>2940.191561</timestamp>
			</report>
			<report>
				<misses>54900001</misses>
				<total>7</total>
				<timestamp>2945.616859</timestamp>
			</report>
			<report>
				<misses>55000001</misses>
				<total>7</total>
				<timestamp>2950.966160</timestamp>
			</report>
			<report>
				<misses>55100001</misses>
				<total>6</total>
				<timestamp>2956.318394</timestamp>
			</report>
			<report>
				<misses>55200001</misses>
				<total>6</total>
				<timestamp>2961.753590</timestamp>
			</report>
			<report>
				<misses>55300001</misses>
				<total>7</total>
				<timestamp>2967.186429</timestamp>
			</report>
			<report>
				<misses>55400001</misses>
				<total>6</total>
				<timestamp>2972.515993</timestamp>
			</report>
			<report>
				<misses>55500001</misses>
				<total>7</total>
				<timestamp>2977.879255</timestamp>
			</report>
			<report>
				<misses>55600001</misses>
				<total>7</total>
				<timestamp>2983.294530</timestamp>
			</report>
			<report>
				<misses>55700001</misses>
				<total>6</total>
				<timestamp>2988.671497</timestamp>
			</report>
			<report>
				<misses>55800001</misses>
				<total>7</total>
				<timestamp>2993.939775</timestamp>
			</report>
			<report>
				<misses>55900001</misses>
				<total>7</total>
				<timestamp>2999.279690</timestamp>
			</report>
			<report>
				<misses>56000001</misses>
				<total>7</total>
				<timestamp>3004.617878</timestamp>
			</report>
			<report>
				<misses>56100001</misses>
				<total>7</total>
				<timestamp>3009.966450</timestamp>
			</report>
			<report>
				<misses>56200001</misses>
				<total>7</total>
				<timestamp>3015.227523</timestamp>
			</report>
			<report>
				<misses>56300001</misses>
				<total>7</total>
				<timestamp>3020.621645</timestamp>
			</report>
			<report>
				<misses>56400001</misses>
				<total>7</total>
				<timestamp>3026.012440</timestamp>
			</report>
			<report>
				<misses>56500001</misses>
				<total>5</total>
				<timestamp>3031.363524</timestamp>
			</report>
			<report>
				<misses>56600001</misses>
				<total>7</total>
				<timestamp>3036.648614</timestamp>
			</report>
			<report>
				<misses>56700001</misses>
				<total>7</total>
				<timestamp>3042.061127</timestamp>
			</report>
			<report>
				<misses>56800001</misses>
				<total>6</total>
				<timestamp>3047.489696</timestamp>
			</report>
			<report>
				<misses>56900001</misses>
				<total>7</total>
				<timestamp>3052.856905</timestamp>
			</report>
			<report>
				<misses>57000001</misses>
				<total>7</total>
				<timestamp>3058.195623</timestamp>
			</report>
			<report>
				<misses>57100001</misses>
				<total>6</total>
				<timestamp>3063.549927</timestamp>
			</report>
			<report>
				<misses>57200001</misses>
				<total>6</total>
				<timestamp>3068.916315</timestamp>
			</report>
			<report>
				<misses>57300001</misses>
				<total>7</total>
				<timestamp>3074.214576</timestamp>
			</report>
			<report>
				<misses>57400001</misses>
				<total>7</total>
				<timestamp>3079.545960</timestamp>
			</report>
			<report>
				<misses>57500001</misses>
				<total>6</total>
				<timestamp>3084.955517</timestamp>
			</report>
			<report>
				<misses>57600001</misses>
				<total>7</total>
				<timestamp>3090.351479</timestamp>
			</report>
			<report>
				<misses>57700001</misses>
				<total>7</total>
				<timestamp>3095.652773</timestamp>
			</report>
			<report>
				<misses>57800001</misses>
				<total>7</total>
				<timestamp>3101.000683</timestamp>
			</report>
			<report>
				<misses>57900001</misses>
				<total>7</total>
				<timestamp>3106.391045</timestamp>
			</report>
			<report>
				<misses>58000001</misses>
				<total>6</total>
				<timestamp>3111.823557</timestamp>
			</report>
			<report>
				<misses>58100001</misses>
				<total>7</total>
				<timestamp>3117.205479</timestamp>
			</report>
			<report>
				<misses>58200001</misses>
				<total>6</total>
				<timestamp>3122.520113</timestamp>
			</report>
			<report>
				<misses>58300001</misses>
				<total>6</total>
				<timestamp>3127.841506</timestamp>
			</report>
			<report>
				<misses>58400001</misses>
				<total>6</total>
				<timestamp>3133.195973</timestamp>
			</report>
			<report>
				<misses>58500001</misses>
				<total>7</total>
				<timestamp>3138.548645</timestamp>
			</report>
			<report>
				<misses>58600001</misses>
				<total>6</total>
				<timestamp>3143.979633</timestamp>
			</report>
			<report>
				<misses>58700001</misses>
				<total>7</total>
				<timestamp>3149.342964</timestamp>
			</report>
			<report>
				<misses>58800001</misses>
				<total>7</total>
				<timestamp>3154.621232</timestamp>
			</report>
			<report>
				<misses>58900001</misses>
				<total>8</total>
				<timestamp>3159.960086</timestamp>
			</report>
			<report>
				<misses>59000001</misses>
				<total>6</total>
				<timestamp>3165.310466</timestamp>
			</report>
			<report>
				<misses>59100001</misses>
				<total>6</total>
				<timestamp>3170.667577</timestamp>
			</report>
			<report>
				<misses>59200001</misses>
				<total>5</total>
				<timestamp>3176.030745</timestamp>
			</report>
			<report>
				<misses>59300001</misses>
				<total>6</total>
				<timestamp>3181.302319</timestamp>
			</report>
			<report>
				<misses>59400001</misses>
				<total>7</total>
				<timestamp>3186.649912</timestamp>
			</report>
			<report>
				<misses>59500001</misses>
				<total>7</total>
				<timestamp>3191.998489</timestamp>
			</report>
			<report>
				<misses>59600001</misses>
				<total>7</total>
				<timestamp>3197.348730</timestamp>
			</report>
			<report>
				<misses>59700001</misses>
				<total>7</total>
				<timestamp>3202.739711</timestamp>
			</report>
			<report>
				<misses>59800001</misses>
				<total>7</total>
				<timestamp>3208.054271</timestamp>
			</report>
			<report>
				<misses>59900001</misses>
				<total>7</total>
				<timestamp>3213.446695</timestamp>
			</report>
			<report>
				<misses>60000001</misses>
				<total>6</total>
				<timestamp>3218.882775</timestamp>
			</report>
			<report>
				<misses>60100001</misses>
				<total>6</total>
				<timestamp>3224.274685</timestamp>
			</report>
			<report>
				<misses>60200001</misses>
				<total>6</total>
				<timestamp>3229.623031</timestamp>
			</report>
			<report>
				<misses>60300001</misses>
				<total>6</total>
				<timestamp>3234.931930</timestamp>
			</report>
			<report>
				<misses>60400001</misses>
				<total>7</total>
				<timestamp>3240.275099</timestamp>
			</report>
			<report>
				<misses>60500001</misses>
				<total>7</total>
				<timestamp>3245.704961</timestamp>
			</report>
			<report>
				<misses>60600001</misses>
				<total>7</total>
				<timestamp>3251.136256</timestamp>
			</report>
			<report>
				<misses>60700001</misses>
				<total>7</total>
				<timestamp>3256.552866</timestamp>
			</report>
			<report>
				<misses>60800001</misses>
				<total>6</total>
				<timestamp>3261.936991</timestamp>
			</report>
			<report>
				<misses>60900001</misses>
				<total>6</total>
				<timestamp>3267.250845</timestamp>
			</report>
			<report>
				<misses>61000001</misses>
				<total>7</total>
				<timestamp>3272.677894</timestamp>
			</report>
			<report>
				<misses>61100001</misses>
				<total>7</total>
				<timestamp>3278.113797</timestamp>
			</report>
			<report>
				<misses>61200001</misses>
				<total>7</total>
				<timestamp>3283.509548</timestamp>
			</report>
			<report>
				<misses>61300001</misses>
				<total>7</total>
				<timestamp>3288.902928</timestamp>
			</report>
			<report>
				<misses>61400001</misses>
				<total>7</total>
				<timestamp>3294.174440</timestamp>
			</report>
			<report>
				<misses>61500001</misses>
				<total>6</total>
				<timestamp>3299.573372</timestamp>
			</report>
			<report>
				<misses>61600001</misses>
				<total>6</total>
				<timestamp>3304.994635</timestamp>
			</report>
			<report>
				<misses>61700001</misses>
				<total>6</total>
				<timestamp>3310.400008</timestamp>
			</report>
			<report>
				<misses>61800001</misses>
				<total>7</total>
				<timestamp>3315.841329</timestamp>
			</report>
			<report>
				<misses>61900001</misses>
				<total>7</total>
				<timestamp>3321.152836</timestamp>
			</report>
			<report>
				<misses>62000001</misses>
				<total>8</total>
				<timestamp>3326.552664</timestamp>
			</report>
			<report>
				<misses>62100001</misses>
				<total>7</total>
				<timestamp>3331.922051</timestamp>
			</report>
			<report>
				<misses>62200001</misses>
				<total>8</total>
				<timestamp>3337.334406</timestamp>
			</report>
			<report>
				<misses>62300001</misses>
				<total>7</total>
				<timestamp>3342.760743</timestamp>
			</report>
			<report>
				<misses>62400001</misses>
				<total>6</total>
				<timestamp>3348.111089</timestamp>
			</report>
			<report>
				<misses>62500001</misses>
				<total>8</total>
				<timestamp>3353.432945</timestamp>
			</report>
			<report>
				<misses>62600001</misses>
				<total>8</total>
				<timestamp>3358.815714</timestamp>
			</report>
			<report>
				<misses>62700001</misses>
				<total>7</total>
				<timestamp>3364.228098</timestamp>
			</report>
			<report>
				<misses>62800001</misses>
				<total>6</total>
				<timestamp>3369.618084</timestamp>
			</report>
			<report>
				<misses>62900001</misses>
				<total>7</total>
				<timestamp>3374.949836</timestamp>
			</report>
			<report>
				<misses>63000001</misses>
				<total>6</total>
				<timestamp>3380.254903</timestamp>
			</report>
			<report>
				<misses>63100001</misses>
				<total>6</total>
				<timestamp>3385.624662</timestamp>
			</report>
			<report>
				<misses>63200001</misses>
				<total>7</total>
				<timestamp>3391.002089</timestamp>
			</report>
			<report>
				<misses>63300001</misses>
				<total>7</total>
				<timestamp>3396.364452</timestamp>
			</report>
			<report>
				<misses>63400001</misses>
				<total>6</total>
				<timestamp>3401.723887</timestamp>
			</report>
			<report>
				<misses>63500001</misses>
				<total>6</total>
				<timestamp>3406.987421</timestamp>
			</report>
			<report>
				<misses>63600001</misses>
				<total>7</total>
				<timestamp>3412.331072</timestamp>
			</report>
			<report>
				<misses>63700001</misses>
				<total>5</total>
				<timestamp>3417.692455</timestamp>
			</report>
			<report>
				<misses>63800001</misses>
				<total>6</total>
				<timestamp>3423.052034</timestamp>
			</report>
			<report>
				<misses>63900001</misses>
				<total>7</total>
				<timestamp>3428.413854</timestamp>
			</report>
			<report>
				<misses>64000001</misses>
				<total>6</total>
				<timestamp>3433.760964</timestamp>
			</report>
			<report>
				<misses>64100001</misses>
				<total>7</total>
				<timestamp>3439.113272</timestamp>
			</report>
			<report>
				<misses>64200001</misses>
				<total>6</total>
				<timestamp>3444.452887</timestamp>
			</report>
			<report>
				<misses>64300001</misses>
				<total>7</total>
				<timestamp>3449.732125</timestamp>
			</report>
			<report>
				<misses>64400001</misses>
				<total>7</total>
				<timestamp>3455.131236</timestamp>
			</report>
			<report>
				<misses>64500001</misses>
				<total>6</total>
				<timestamp>3460.526307</timestamp>
			</report>
			<report>
				<misses>64600001</misses>
				<total>7</total>
				<timestamp>3465.918616</timestamp>
			</report>
			<report>
				<misses>64700001</misses>
				<total>6</total>
				<timestamp>3471.346461</timestamp>
			</report>
			<report>
				<misses>64800001</misses>
				<total>6</total>
				<timestamp>3476.786732</timestamp>
			</report>
			<report>
				<misses>64900001</misses>
				<total>5</total>
				<timestamp>3482.206419</timestamp>
			</report>
			<report>
				<misses>65000001</misses>
				<total>6</total>
				<timestamp>3487.509161</timestamp>
			</report>
			<report>
				<misses>65100001</misses>
				<total>7</total>
				<timestamp>3492.859054</timestamp>
			</report>
			<report>
				<misses>65200001</misses>
				<total>7</total>
				<timestamp>3498.259791</timestamp>
			</report>
			<report>
				<misses>65300001</misses>
				<total>7</total>
				<timestamp>3503.630263</timestamp>
			</report>
			<report>
				<misses>65400001</misses>
				<total>6</total>
				<timestamp>3509.031495</timestamp>
			</report>
			<report>
				<misses>65500001</misses>
				<total>7</total>
				<timestamp>3514.434566</timestamp>
			</report>
			<report>
				<misses>65600001</misses>
				<total>7</total>
				<timestamp>3519.792336</timestamp>
			</report>
			<report>
				<misses>65700001</misses>
				<total>7</total>
				<timestamp>3525.214302</timestamp>
			</report>
			<report>
				<misses>65800001</misses>
				<total>6</total>
				<timestamp>3530.498990</timestamp>
			</report>
			<report>
				<misses>65900001</misses>
				<total>6</total>
				<timestamp>3535.870557</timestamp>
			</report>
			<report>
				<misses>66000001</misses>
				<total>6</total>
				<timestamp>3541.252434</timestamp>
			</report>
			<report>
				<misses>66100001</misses>
				<total>7</total>
				<timestamp>3546.652890</timestamp>
			</report>
			<report>
				<misses>66200001</misses>
				<total>7</total>
				<timestamp>3552.080865</timestamp>
			</report>
			<report>
				<misses>66300001</misses>
				<total>7</total>
				<timestamp>3557.449340</timestamp>
			</report>
			<report>
				<misses>66400001</misses>
				<total>6</total>
				<timestamp>3562.830292</timestamp>
			</report>
			<report>
				<misses>66500001</misses>
				<total>7</total>
				<timestamp>3568.175922</timestamp>
			</report>
			<report>
				<misses>66600001</misses>
				<total>7</total>
				<timestamp>3573.488216</timestamp>
			</report>
			<report>
				<misses>66700001</misses>
				<total>7</total>
				<timestamp>3578.890178</timestamp>
			</report>
			<report>
				<misses>66800001</misses>
				<total>6</total>
				<timestamp>3584.315544</timestamp>
			</report>
			<report>
				<misses>66900001</misses>
				<total>8</total>
				<timestamp>3589.722908</timestamp>
			</report>
			<report>
				<misses>67000001</misses>
				<total>7</total>
				<timestamp>3595.164867</timestamp>
			</report>
		</query>
	</custom>
	<ethtool_statistic>
		<rx_packets>
			<start>-1</start>
			<end>-1</end>
		</rx_packets>
		<tx_packets>
			<start>-1</start>
			<end>-1</end>
		</tx_packets>
		<rx_dropped>
			<start>-1</start>
			<end>-1</end>
		</rx_dropped>
		<tx_dropped>
			<start>-1</start>
			<end>-1</end>
		</tx_dropped>
		<collisions>
			<start>-1</start>
			<end>-1</end>
		</collisions>
		<port_tx_errors>
			<start>-1</start>
			<end>-1</end>
		</port_tx_errors>
		<port_rx_dropped>
			<start>-1</start>
			<end>-1</end>
		</port_rx_dropped>
		<port_tx_dropped_link_down>
			<start>-1</start>
			<end>-1</end>
		</port_tx_dropped_link_down>
	</ethtool_statistic>
	<ip_statistic>
		<mtu>
			<start>9000</start>
			<end>9000</end>
		</mtu>
		<rx_bytes>
			<start>3818339737419</start>
			<end>7514054602427</end>
		</rx_bytes>
		<rx_packets>
			<start>1891626848</start>
			<end>2344312637</end>
		</rx_packets>
		<rx_errors>
			<start>0</start>
			<end>0</end>
		</rx_errors>
		<rx_dropped>
			<start>0</start>
			<end>0</end>
		</rx_dropped>
		<rx_missed>
			<start>0</start>
			<end>0</end>
		</rx_missed>
		<rx_mcast>
			<start>77</start>
			<end>81</end>
		</rx_mcast>
		<tx_bytes>
			<start>4167229763687</start>
			<end>8548115450923</end>
		</tx_bytes>
		<tx_packets>
			<start>1388579560</start>
			<end>1925191223</end>
		</tx_packets>
		<tx_errors>
			<start>0</start>
			<end>0</end>
		</tx_errors>
		<tx_dropped>
			<start>0</start>
			<end>0</end>
		</tx_dropped>
		<tx_carrier>
			<start>0</start>
			<end>0</end>
		</tx_carrier>
		<tx_collisions>
			<start>0</start>
			<end>0</end>
		</tx_collisions>
	</ip_statistic>
	<netstat_statistic>
		<udp_pkg_rec>
			<start>1611654571</start>
			<end>1668261013</end>
		</udp_pkg_rec>
		<udp_pkg_snt>
			<start>1388657794</start>
			<end>1455754989</end>
		</udp_pkg_snt>
		<udp_rec_err>
			<start>0</start>
			<end>0</end>
		</udp_rec_err>
		<udp_rec_buf_err>
			<start>0</start>
			<end>0</end>
		</udp_rec_buf_err>
		<udp_snt_buf_err>
			<start>0</start>
			<end>0</end>
		</udp_snt_buf_err>
	</netstat_statistic>
</test_results>
