<?xml version="1.0"?>
<test_results>
	<status>STATUS_SUCCESS</status>
	<custom>
		<num_loss>998751</num_loss>
		<num_total>1000001</num_total>
		<num_misses>21799766</num_misses>
		<elapsed_time>56.999827</elapsed_time>
	</custom>
	<ethtool_statistic>
		<rx_packets>
			<start>6073635755</start>
			<end>6073635798</end>
		</rx_packets>
		<tx_packets>
			<start>8334702772</start>
			<end>8342702793</end>
		</tx_packets>
		<rx_dropped>
			<start>63</start>
			<end>63</end>
		</rx_dropped>
		<tx_dropped>
			<start>0</start>
			<end>0</end>
		</tx_dropped>
		<collisions>
			<start>0</start>
			<end>0</end>
		</collisions>
		<port_tx_errors>
			<start>0</start>
			<end>0</end>
		</port_tx_errors>
		<port_rx_dropped>
			<start>0</start>
			<end>0</end>
		</port_rx_dropped>
		<port_tx_dropped_link_down>
			<start>0</start>
			<end>0</end>
		</port_tx_dropped_link_down>
	</ethtool_statistic>
	<ip_statistic>
		<mtu>
			<start>9000</start>
			<end>9000</end>
		</mtu>
		<rx_bytes>
			<start>54593636690061</start>
			<end>54593636702444</end>
		</rx_bytes>
		<rx_packets>
			<start>6073635755</start>
			<end>6073635798</end>
		</rx_packets>
		<rx_errors>
			<start>0</start>
			<end>0</end>
		</rx_errors>
		<rx_dropped>
			<start>63</start>
			<end>63</end>
		</rx_dropped>
		<rx_missed>
			<start>0</start>
			<end>0</end>
		</rx_missed>
		<rx_mcast>
			<start>3544</start>
			<end>3547</end>
		</rx_mcast>
		<tx_bytes>
			<start>56716612109946</start>
			<end>56781892111172</end>
		</tx_bytes>
		<tx_packets>
			<start>8334702772</start>
			<end>8342702793</end>
		</tx_packets>
		<tx_errors>
			<start>0</start>
			<end>0</end>
		</tx_errors>
		<tx_dropped>
			<start>0</start>
			<end>0</end>
		</tx_dropped>
		<tx_carrier>
			<start>0</start>
			<end>0</end>
		</tx_carrier>
		<tx_collisions>
			<start>0</start>
			<end>0</end>
		</tx_collisions>
	</ip_statistic>
</test_results>
