<?xml version="1.0"?>
<test_results>
	<status>STATUS_SUCCESS</status>
	<custom>
		<num_loss>0</num_loss>
		<num_total>57689751</num_total>
		<num_misses>1382297377</num_misses>
		<elapsed_time>3599.966382</elapsed_time>
		<query>
			<report>
				<misses>100001</misses>
				<total>2</total>
				<timestamp>6.178634</timestamp>
			</report>
			<report>
				<misses>200001</misses>
				<total>1</total>
				<timestamp>12.472636</timestamp>
			</report>
			<report>
				<misses>300001</misses>
				<total>1</total>
				<timestamp>18.667276</timestamp>
			</report>
			<report>
				<misses>400001</misses>
				<total>1</total>
				<timestamp>24.962501</timestamp>
			</report>
			<report>
				<misses>500001</misses>
				<total>1</total>
				<timestamp>31.190866</timestamp>
			</report>
			<report>
				<misses>600001</misses>
				<total>1</total>
				<timestamp>37.437724</timestamp>
			</report>
			<report>
				<misses>700001</misses>
				<total>2</total>
				<timestamp>43.680673</timestamp>
			</report>
			<report>
				<misses>800001</misses>
				<total>1</total>
				<timestamp>49.902957</timestamp>
			</report>
			<report>
				<misses>900001</misses>
				<total>2</total>
				<timestamp>56.166398</timestamp>
			</report>
			<report>
				<misses>1000001</misses>
				<total>1</total>
				<timestamp>62.398969</timestamp>
			</report>
			<report>
				<misses>1100001</misses>
				<total>2</total>
				<timestamp>68.603464</timestamp>
			</report>
			<report>
				<misses>1200001</misses>
				<total>1</total>
				<timestamp>74.762255</timestamp>
			</report>
			<report>
				<misses>1300001</misses>
				<total>2</total>
				<timestamp>81.043081</timestamp>
			</report>
			<report>
				<misses>1400001</misses>
				<total>2</total>
				<timestamp>87.269909</timestamp>
			</report>
			<report>
				<misses>1500001</misses>
				<total>2</total>
				<timestamp>93.520998</timestamp>
			</report>
			<report>
				<misses>1600001</misses>
				<total>2</total>
				<timestamp>99.754924</timestamp>
			</report>
			<report>
				<misses>1700001</misses>
				<total>2</total>
				<timestamp>106.014684</timestamp>
			</report>
			<report>
				<misses>1800001</misses>
				<total>2</total>
				<timestamp>112.298428</timestamp>
			</report>
			<report>
				<misses>1900001</misses>
				<total>2</total>
				<timestamp>118.476861</timestamp>
			</report>
			<report>
				<misses>2000001</misses>
				<total>2</total>
				<timestamp>124.679407</timestamp>
			</report>
			<report>
				<misses>2100001</misses>
				<total>1</total>
				<timestamp>130.805334</timestamp>
			</report>
			<report>
				<misses>2200001</misses>
				<total>2</total>
				<timestamp>137.101636</timestamp>
			</report>
			<report>
				<misses>2300001</misses>
				<total>2</total>
				<timestamp>143.384233</timestamp>
			</report>
			<report>
				<misses>2400001</misses>
				<total>1</total>
				<timestamp>149.565276</timestamp>
			</report>
			<report>
				<misses>2500001</misses>
				<total>1</total>
				<timestamp>155.749769</timestamp>
			</report>
			<report>
				<misses>2600001</misses>
				<total>1</total>
				<timestamp>161.991222</timestamp>
			</report>
			<report>
				<misses>2700001</misses>
				<total>2</total>
				<timestamp>168.252582</timestamp>
			</report>
			<report>
				<misses>2800001</misses>
				<total>2</total>
				<timestamp>174.496016</timestamp>
			</report>
			<report>
				<misses>2900001</misses>
				<total>1</total>
				<timestamp>180.759462</timestamp>
			</report>
			<report>
				<misses>3000001</misses>
				<total>1</total>
				<timestamp>187.015802</timestamp>
			</report>
			<report>
				<misses>3100001</misses>
				<total>1</total>
				<timestamp>193.264661</timestamp>
			</report>
			<report>
				<misses>3200001</misses>
				<total>2</total>
				<timestamp>199.440647</timestamp>
			</report>
			<report>
				<misses>3300001</misses>
				<total>2</total>
				<timestamp>205.669094</timestamp>
			</report>
			<report>
				<misses>3400001</misses>
				<total>2</total>
				<timestamp>211.952798</timestamp>
			</report>
			<report>
				<misses>3500001</misses>
				<total>2</total>
				<timestamp>218.227378</timestamp>
			</report>
			<report>
				<misses>3600001</misses>
				<total>1</total>
				<timestamp>224.501311</timestamp>
			</report>
			<report>
				<misses>3700001</misses>
				<total>1</total>
				<timestamp>230.724040</timestamp>
			</report>
			<report>
				<misses>3800001</misses>
				<total>2</total>
				<timestamp>237.003225</timestamp>
			</report>
			<report>
				<misses>3900001</misses>
				<total>2</total>
				<timestamp>243.189544</timestamp>
			</report>
			<report>
				<misses>4000001</misses>
				<total>1</total>
				<timestamp>249.414555</timestamp>
			</report>
			<report>
				<misses>4100001</misses>
				<total>1</total>
				<timestamp>255.633103</timestamp>
			</report>
			<report>
				<misses>4200001</misses>
				<total>1</total>
				<timestamp>261.851676</timestamp>
			</report>
			<report>
				<misses>4300001</misses>
				<total>1</total>
				<timestamp>268.089806</timestamp>
			</report>
			<report>
				<misses>4400001</misses>
				<total>1</total>
				<timestamp>274.362433</timestamp>
			</report>
			<report>
				<misses>4500001</misses>
				<total>1</total>
				<timestamp>280.580575</timestamp>
			</report>
			<report>
				<misses>4600001</misses>
				<total>2</total>
				<timestamp>286.828601</timestamp>
			</report>
			<report>
				<misses>4700001</misses>
				<total>1</total>
				<timestamp>293.089339</timestamp>
			</report>
			<report>
				<misses>4800001</misses>
				<total>2</total>
				<timestamp>299.322198</timestamp>
			</report>
			<report>
				<misses>4900001</misses>
				<total>1</total>
				<timestamp>305.589184</timestamp>
			</report>
			<report>
				<misses>5000001</misses>
				<total>1</total>
				<timestamp>311.886467</timestamp>
			</report>
			<report>
				<misses>5100001</misses>
				<total>2</total>
				<timestamp>318.139121</timestamp>
			</report>
			<report>
				<misses>5200001</misses>
				<total>2</total>
				<timestamp>324.401765</timestamp>
			</report>
			<report>
				<misses>5300001</misses>
				<total>2</total>
				<timestamp>330.595009</timestamp>
			</report>
			<report>
				<misses>5400001</misses>
				<total>2</total>
				<timestamp>336.848093</timestamp>
			</report>
			<report>
				<misses>5500001</misses>
				<total>2</total>
				<timestamp>343.133221</timestamp>
			</report>
			<report>
				<misses>5600001</misses>
				<total>2</total>
				<timestamp>349.372637</timestamp>
			</report>
			<report>
				<misses>5700001</misses>
				<total>2</total>
				<timestamp>355.506888</timestamp>
			</report>
			<report>
				<misses>5800001</misses>
				<total>2</total>
				<timestamp>361.806233</timestamp>
			</report>
			<report>
				<misses>5900001</misses>
				<total>2</total>
				<timestamp>368.012654</timestamp>
			</report>
			<report>
				<misses>6000001</misses>
				<total>2</total>
				<timestamp>374.218151</timestamp>
			</report>
			<report>
				<misses>6100001</misses>
				<total>1</total>
				<timestamp>380.444482</timestamp>
			</report>
			<report>
				<misses>6200001</misses>
				<total>1</total>
				<timestamp>386.699184</timestamp>
			</report>
			<report>
				<misses>6300001</misses>
				<total>1</total>
				<timestamp>392.868668</timestamp>
			</report>
			<report>
				<misses>6400001</misses>
				<total>1</total>
				<timestamp>399.126909</timestamp>
			</report>
			<report>
				<misses>6500001</misses>
				<total>1</total>
				<timestamp>405.365571</timestamp>
			</report>
			<report>
				<misses>6600001</misses>
				<total>2</total>
				<timestamp>411.604654</timestamp>
			</report>
			<report>
				<misses>6700001</misses>
				<total>2</total>
				<timestamp>417.784897</timestamp>
			</report>
			<report>
				<misses>6800001</misses>
				<total>2</total>
				<timestamp>423.984452</timestamp>
			</report>
			<report>
				<misses>6900001</misses>
				<total>2</total>
				<timestamp>430.145962</timestamp>
			</report>
			<report>
				<misses>7000001</misses>
				<total>1</total>
				<timestamp>436.379389</timestamp>
			</report>
			<report>
				<misses>7100001</misses>
				<total>2</total>
				<timestamp>442.615649</timestamp>
			</report>
			<report>
				<misses>7200001</misses>
				<total>2</total>
				<timestamp>448.848677</timestamp>
			</report>
			<report>
				<misses>7300001</misses>
				<total>2</total>
				<timestamp>455.118263</timestamp>
			</report>
			<report>
				<misses>7400001</misses>
				<total>1</total>
				<timestamp>461.397040</timestamp>
			</report>
			<report>
				<misses>7500001</misses>
				<total>1</total>
				<timestamp>467.576674</timestamp>
			</report>
			<report>
				<misses>7600001</misses>
				<total>2</total>
				<timestamp>473.793973</timestamp>
			</report>
			<report>
				<misses>7700001</misses>
				<total>2</total>
				<timestamp>480.052660</timestamp>
			</report>
			<report>
				<misses>7800001</misses>
				<total>1</total>
				<timestamp>486.283918</timestamp>
			</report>
			<report>
				<misses>7900001</misses>
				<total>2</total>
				<timestamp>492.461273</timestamp>
			</report>
			<report>
				<misses>8000001</misses>
				<total>1</total>
				<timestamp>498.591576</timestamp>
			</report>
			<report>
				<misses>8100001</misses>
				<total>2</total>
				<timestamp>504.898441</timestamp>
			</report>
			<report>
				<misses>8200001</misses>
				<total>1</total>
				<timestamp>511.155017</timestamp>
			</report>
			<report>
				<misses>8300001</misses>
				<total>2</total>
				<timestamp>517.321337</timestamp>
			</report>
			<report>
				<misses>8400001</misses>
				<total>2</total>
				<timestamp>523.563151</timestamp>
			</report>
			<report>
				<misses>8500001</misses>
				<total>2</total>
				<timestamp>529.732124</timestamp>
			</report>
			<report>
				<misses>8600001</misses>
				<total>1</total>
				<timestamp>535.929089</timestamp>
			</report>
			<report>
				<misses>8700001</misses>
				<total>0</total>
				<timestamp>542.228808</timestamp>
			</report>
			<report>
				<misses>8800001</misses>
				<total>2</total>
				<timestamp>548.447274</timestamp>
			</report>
			<report>
				<misses>8900001</misses>
				<total>2</total>
				<timestamp>554.767311</timestamp>
			</report>
			<report>
				<misses>9000001</misses>
				<total>2</total>
				<timestamp>561.055601</timestamp>
			</report>
			<report>
				<misses>9100001</misses>
				<total>1</total>
				<timestamp>567.318883</timestamp>
			</report>
			<report>
				<misses>9200001</misses>
				<total>2</total>
				<timestamp>573.528280</timestamp>
			</report>
			<report>
				<misses>9300001</misses>
				<total>1</total>
				<timestamp>579.738369</timestamp>
			</report>
			<report>
				<misses>9400001</misses>
				<total>2</total>
				<timestamp>585.929921</timestamp>
			</report>
			<report>
				<misses>9500001</misses>
				<total>1</total>
				<timestamp>592.198010</timestamp>
			</report>
			<report>
				<misses>9600001</misses>
				<total>2</total>
				<timestamp>598.452380</timestamp>
			</report>
			<report>
				<misses>9700001</misses>
				<total>1</total>
				<timestamp>604.691167</timestamp>
			</report>
			<report>
				<misses>9800001</misses>
				<total>2</total>
				<timestamp>611.036725</timestamp>
			</report>
			<report>
				<misses>9900001</misses>
				<total>1</total>
				<timestamp>617.253029</timestamp>
			</report>
			<report>
				<misses>10000001</misses>
				<total>1</total>
				<timestamp>623.543685</timestamp>
			</report>
			<report>
				<misses>10100001</misses>
				<total>1</total>
				<timestamp>629.742688</timestamp>
			</report>
			<report>
				<misses>10200001</misses>
				<total>1</total>
				<timestamp>635.989863</timestamp>
			</report>
			<report>
				<misses>10300001</misses>
				<total>1</total>
				<timestamp>642.206446</timestamp>
			</report>
			<report>
				<misses>10400001</misses>
				<total>1</total>
				<timestamp>648.416743</timestamp>
			</report>
			<report>
				<misses>10500001</misses>
				<total>1</total>
				<timestamp>654.658050</timestamp>
			</report>
			<report>
				<misses>10600001</misses>
				<total>1</total>
				<timestamp>660.879744</timestamp>
			</report>
			<report>
				<misses>10700001</misses>
				<total>2</total>
				<timestamp>667.109965</timestamp>
			</report>
			<report>
				<misses>10800001</misses>
				<total>2</total>
				<timestamp>673.357943</timestamp>
			</report>
			<report>
				<misses>10900001</misses>
				<total>2</total>
				<timestamp>679.574100</timestamp>
			</report>
			<report>
				<misses>11000001</misses>
				<total>1</total>
				<timestamp>685.836406</timestamp>
			</report>
			<report>
				<misses>11100001</misses>
				<total>2</total>
				<timestamp>692.081492</timestamp>
			</report>
			<report>
				<misses>11200001</misses>
				<total>1</total>
				<timestamp>698.361925</timestamp>
			</report>
			<report>
				<misses>11300001</misses>
				<total>1</total>
				<timestamp>704.620199</timestamp>
			</report>
			<report>
				<misses>11400001</misses>
				<total>2</total>
				<timestamp>710.817376</timestamp>
			</report>
			<report>
				<misses>11500001</misses>
				<total>2</total>
				<timestamp>717.137178</timestamp>
			</report>
			<report>
				<misses>11600001</misses>
				<total>1</total>
				<timestamp>723.327404</timestamp>
			</report>
			<report>
				<misses>11700001</misses>
				<total>2</total>
				<timestamp>729.663387</timestamp>
			</report>
			<report>
				<misses>11800001</misses>
				<total>2</total>
				<timestamp>735.865448</timestamp>
			</report>
			<report>
				<misses>11900001</misses>
				<total>2</total>
				<timestamp>742.149324</timestamp>
			</report>
			<report>
				<misses>12000001</misses>
				<total>2</total>
				<timestamp>748.422017</timestamp>
			</report>
			<report>
				<misses>12100001</misses>
				<total>1</total>
				<timestamp>754.633189</timestamp>
			</report>
			<report>
				<misses>12200001</misses>
				<total>2</total>
				<timestamp>760.888635</timestamp>
			</report>
			<report>
				<misses>12300001</misses>
				<total>1</total>
				<timestamp>767.181975</timestamp>
			</report>
			<report>
				<misses>12400001</misses>
				<total>2</total>
				<timestamp>773.381729</timestamp>
			</report>
			<report>
				<misses>12500001</misses>
				<total>1</total>
				<timestamp>779.628016</timestamp>
			</report>
			<report>
				<misses>12600001</misses>
				<total>2</total>
				<timestamp>785.799598</timestamp>
			</report>
			<report>
				<misses>12700001</misses>
				<total>1</total>
				<timestamp>791.996108</timestamp>
			</report>
			<report>
				<misses>12800001</misses>
				<total>1</total>
				<timestamp>798.195410</timestamp>
			</report>
			<report>
				<misses>12900001</misses>
				<total>1</total>
				<timestamp>804.488479</timestamp>
			</report>
			<report>
				<misses>13000001</misses>
				<total>1</total>
				<timestamp>810.670839</timestamp>
			</report>
			<report>
				<misses>13100001</misses>
				<total>2</total>
				<timestamp>816.879567</timestamp>
			</report>
			<report>
				<misses>13200001</misses>
				<total>1</total>
				<timestamp>823.119805</timestamp>
			</report>
			<report>
				<misses>13300001</misses>
				<total>1</total>
				<timestamp>829.360798</timestamp>
			</report>
			<report>
				<misses>13400001</misses>
				<total>2</total>
				<timestamp>835.630003</timestamp>
			</report>
			<report>
				<misses>13500001</misses>
				<total>2</total>
				<timestamp>841.815815</timestamp>
			</report>
			<report>
				<misses>13600001</misses>
				<total>3</total>
				<timestamp>848.071540</timestamp>
			</report>
			<report>
				<misses>13700001</misses>
				<total>2</total>
				<timestamp>854.314997</timestamp>
			</report>
			<report>
				<misses>13800001</misses>
				<total>2</total>
				<timestamp>860.555519</timestamp>
			</report>
			<report>
				<misses>13900001</misses>
				<total>1</total>
				<timestamp>866.821181</timestamp>
			</report>
			<report>
				<misses>14000001</misses>
				<total>1</total>
				<timestamp>873.117156</timestamp>
			</report>
			<report>
				<misses>14100001</misses>
				<total>1</total>
				<timestamp>879.399660</timestamp>
			</report>
			<report>
				<misses>14200001</misses>
				<total>1</total>
				<timestamp>885.700208</timestamp>
			</report>
			<report>
				<misses>14300001</misses>
				<total>2</total>
				<timestamp>891.988650</timestamp>
			</report>
			<report>
				<misses>14400001</misses>
				<total>2</total>
				<timestamp>898.164776</timestamp>
			</report>
			<report>
				<misses>14500001</misses>
				<total>1</total>
				<timestamp>904.382331</timestamp>
			</report>
			<report>
				<misses>14600001</misses>
				<total>2</total>
				<timestamp>910.685610</timestamp>
			</report>
			<report>
				<misses>14700001</misses>
				<total>1</total>
				<timestamp>916.957255</timestamp>
			</report>
			<report>
				<misses>14800001</misses>
				<total>2</total>
				<timestamp>923.262103</timestamp>
			</report>
			<report>
				<misses>14900001</misses>
				<total>1</total>
				<timestamp>929.474204</timestamp>
			</report>
			<report>
				<misses>15000001</misses>
				<total>1</total>
				<timestamp>935.755298</timestamp>
			</report>
			<report>
				<misses>15100001</misses>
				<total>1</total>
				<timestamp>941.959922</timestamp>
			</report>
			<report>
				<misses>15200001</misses>
				<total>1</total>
				<timestamp>948.238780</timestamp>
			</report>
			<report>
				<misses>15300001</misses>
				<total>1</total>
				<timestamp>954.471659</timestamp>
			</report>
			<report>
				<misses>15400001</misses>
				<total>1</total>
				<timestamp>960.697199</timestamp>
			</report>
			<report>
				<misses>15500001</misses>
				<total>1</total>
				<timestamp>966.965222</timestamp>
			</report>
			<report>
				<misses>15600001</misses>
				<total>2</total>
				<timestamp>973.235069</timestamp>
			</report>
			<report>
				<misses>15700001</misses>
				<total>2</total>
				<timestamp>979.470586</timestamp>
			</report>
			<report>
				<misses>15800001</misses>
				<total>1</total>
				<timestamp>985.674860</timestamp>
			</report>
			<report>
				<misses>15900001</misses>
				<total>2</total>
				<timestamp>991.868245</timestamp>
			</report>
			<report>
				<misses>16000001</misses>
				<total>1</total>
				<timestamp>998.093011</timestamp>
			</report>
			<report>
				<misses>16100001</misses>
				<total>2</total>
				<timestamp>1004.329260</timestamp>
			</report>
			<report>
				<misses>16200001</misses>
				<total>2</total>
				<timestamp>1010.563659</timestamp>
			</report>
			<report>
				<misses>16300001</misses>
				<total>1</total>
				<timestamp>1016.795029</timestamp>
			</report>
			<report>
				<misses>16400001</misses>
				<total>2</total>
				<timestamp>1022.913009</timestamp>
			</report>
			<report>
				<misses>16500001</misses>
				<total>2</total>
				<timestamp>1029.184415</timestamp>
			</report>
			<report>
				<misses>16600001</misses>
				<total>2</total>
				<timestamp>1035.539334</timestamp>
			</report>
			<report>
				<misses>16700001</misses>
				<total>2</total>
				<timestamp>1041.753401</timestamp>
			</report>
			<report>
				<misses>16800001</misses>
				<total>1</total>
				<timestamp>1048.105601</timestamp>
			</report>
			<report>
				<misses>16900001</misses>
				<total>2</total>
				<timestamp>1054.294954</timestamp>
			</report>
			<report>
				<misses>17000001</misses>
				<total>2</total>
				<timestamp>1060.586763</timestamp>
			</report>
			<report>
				<misses>17100001</misses>
				<total>1</total>
				<timestamp>1066.819036</timestamp>
			</report>
			<report>
				<misses>17200001</misses>
				<total>2</total>
				<timestamp>1073.092929</timestamp>
			</report>
			<report>
				<misses>17300001</misses>
				<total>1</total>
				<timestamp>1079.356177</timestamp>
			</report>
			<report>
				<misses>17400001</misses>
				<total>1</total>
				<timestamp>1085.604458</timestamp>
			</report>
			<report>
				<misses>17500001</misses>
				<total>1</total>
				<timestamp>1091.812371</timestamp>
			</report>
			<report>
				<misses>17600001</misses>
				<total>2</total>
				<timestamp>1098.078331</timestamp>
			</report>
			<report>
				<misses>17700001</misses>
				<total>3</total>
				<timestamp>1104.294392</timestamp>
			</report>
			<report>
				<misses>17800001</misses>
				<total>1</total>
				<timestamp>1110.544711</timestamp>
			</report>
			<report>
				<misses>17900001</misses>
				<total>1</total>
				<timestamp>1116.815498</timestamp>
			</report>
			<report>
				<misses>18000001</misses>
				<total>2</total>
				<timestamp>1123.062606</timestamp>
			</report>
			<report>
				<misses>18100001</misses>
				<total>2</total>
				<timestamp>1129.289729</timestamp>
			</report>
			<report>
				<misses>18200001</misses>
				<total>1</total>
				<timestamp>1135.524989</timestamp>
			</report>
			<report>
				<misses>18300001</misses>
				<total>1</total>
				<timestamp>1141.820924</timestamp>
			</report>
			<report>
				<misses>18400001</misses>
				<total>2</total>
				<timestamp>1148.054734</timestamp>
			</report>
			<report>
				<misses>18500001</misses>
				<total>1</total>
				<timestamp>1154.352695</timestamp>
			</report>
			<report>
				<misses>18600001</misses>
				<total>2</total>
				<timestamp>1160.681721</timestamp>
			</report>
			<report>
				<misses>18700001</misses>
				<total>1</total>
				<timestamp>1166.911148</timestamp>
			</report>
			<report>
				<misses>18800001</misses>
				<total>1</total>
				<timestamp>1173.086129</timestamp>
			</report>
			<report>
				<misses>18900001</misses>
				<total>1</total>
				<timestamp>1179.371950</timestamp>
			</report>
			<report>
				<misses>19000001</misses>
				<total>2</total>
				<timestamp>1185.618304</timestamp>
			</report>
			<report>
				<misses>19100001</misses>
				<total>1</total>
				<timestamp>1191.882665</timestamp>
			</report>
			<report>
				<misses>19200001</misses>
				<total>1</total>
				<timestamp>1198.155599</timestamp>
			</report>
			<report>
				<misses>19300001</misses>
				<total>2</total>
				<timestamp>1204.396097</timestamp>
			</report>
			<report>
				<misses>19400001</misses>
				<total>1</total>
				<timestamp>1210.586015</timestamp>
			</report>
			<report>
				<misses>19500001</misses>
				<total>1</total>
				<timestamp>1216.738769</timestamp>
			</report>
			<report>
				<misses>19600001</misses>
				<total>1</total>
				<timestamp>1223.035771</timestamp>
			</report>
			<report>
				<misses>19700001</misses>
				<total>2</total>
				<timestamp>1229.209750</timestamp>
			</report>
			<report>
				<misses>19800001</misses>
				<total>1</total>
				<timestamp>1235.436319</timestamp>
			</report>
			<report>
				<misses>19900001</misses>
				<total>1</total>
				<timestamp>1241.687646</timestamp>
			</report>
			<report>
				<misses>20000001</misses>
				<total>1</total>
				<timestamp>1247.820935</timestamp>
			</report>
			<report>
				<misses>20100001</misses>
				<total>1</total>
				<timestamp>1254.009487</timestamp>
			</report>
			<report>
				<misses>20200001</misses>
				<total>2</total>
				<timestamp>1260.125495</timestamp>
			</report>
			<report>
				<misses>20300001</misses>
				<total>2</total>
				<timestamp>1266.349378</timestamp>
			</report>
			<report>
				<misses>20400001</misses>
				<total>2</total>
				<timestamp>1272.554834</timestamp>
			</report>
			<report>
				<misses>20500001</misses>
				<total>2</total>
				<timestamp>1278.819973</timestamp>
			</report>
			<report>
				<misses>20600001</misses>
				<total>2</total>
				<timestamp>1285.048887</timestamp>
			</report>
			<report>
				<misses>20700001</misses>
				<total>2</total>
				<timestamp>1291.211570</timestamp>
			</report>
			<report>
				<misses>20800001</misses>
				<total>2</total>
				<timestamp>1297.518370</timestamp>
			</report>
			<report>
				<misses>20900001</misses>
				<total>2</total>
				<timestamp>1303.763425</timestamp>
			</report>
			<report>
				<misses>21000001</misses>
				<total>1</total>
				<timestamp>1310.025667</timestamp>
			</report>
			<report>
				<misses>21100001</misses>
				<total>2</total>
				<timestamp>1316.274666</timestamp>
			</report>
			<report>
				<misses>21200001</misses>
				<total>1</total>
				<timestamp>1322.565764</timestamp>
			</report>
			<report>
				<misses>21300001</misses>
				<total>1</total>
				<timestamp>1328.786802</timestamp>
			</report>
			<report>
				<misses>21400001</misses>
				<total>2</total>
				<timestamp>1335.036721</timestamp>
			</report>
			<report>
				<misses>21500001</misses>
				<total>2</total>
				<timestamp>1341.264816</timestamp>
			</report>
			<report>
				<misses>21600001</misses>
				<total>2</total>
				<timestamp>1347.555935</timestamp>
			</report>
			<report>
				<misses>21700001</misses>
				<total>2</total>
				<timestamp>1353.761715</timestamp>
			</report>
			<report>
				<misses>21800001</misses>
				<total>2</total>
				<timestamp>1360.019878</timestamp>
			</report>
			<report>
				<misses>21900001</misses>
				<total>1</total>
				<timestamp>1366.277296</timestamp>
			</report>
			<report>
				<misses>22000001</misses>
				<total>2</total>
				<timestamp>1372.531739</timestamp>
			</report>
			<report>
				<misses>22100001</misses>
				<total>2</total>
				<timestamp>1378.779392</timestamp>
			</report>
			<report>
				<misses>22200001</misses>
				<total>2</total>
				<timestamp>1384.976293</timestamp>
			</report>
			<report>
				<misses>22300001</misses>
				<total>2</total>
				<timestamp>1391.188264</timestamp>
			</report>
			<report>
				<misses>22400001</misses>
				<total>3</total>
				<timestamp>1397.432648</timestamp>
			</report>
			<report>
				<misses>22500001</misses>
				<total>1</total>
				<timestamp>1403.661643</timestamp>
			</report>
			<report>
				<misses>22600001</misses>
				<total>2</total>
				<timestamp>1409.911445</timestamp>
			</report>
			<report>
				<misses>22700001</misses>
				<total>1</total>
				<timestamp>1416.202249</timestamp>
			</report>
			<report>
				<misses>22800001</misses>
				<total>1</total>
				<timestamp>1422.517764</timestamp>
			</report>
			<report>
				<misses>22900001</misses>
				<total>2</total>
				<timestamp>1428.746091</timestamp>
			</report>
			<report>
				<misses>23000001</misses>
				<total>2</total>
				<timestamp>1434.969549</timestamp>
			</report>
			<report>
				<misses>23100001</misses>
				<total>2</total>
				<timestamp>1441.176212</timestamp>
			</report>
			<report>
				<misses>23200001</misses>
				<total>1</total>
				<timestamp>1447.444909</timestamp>
			</report>
			<report>
				<misses>23300001</misses>
				<total>1</total>
				<timestamp>1453.682732</timestamp>
			</report>
			<report>
				<misses>23400001</misses>
				<total>2</total>
				<timestamp>1459.948551</timestamp>
			</report>
			<report>
				<misses>23500001</misses>
				<total>1</total>
				<timestamp>1466.212777</timestamp>
			</report>
			<report>
				<misses>23600001</misses>
				<total>2</total>
				<timestamp>1472.438644</timestamp>
			</report>
			<report>
				<misses>23700001</misses>
				<total>1</total>
				<timestamp>1478.682667</timestamp>
			</report>
			<report>
				<misses>23800001</misses>
				<total>2</total>
				<timestamp>1484.988684</timestamp>
			</report>
			<report>
				<misses>23900001</misses>
				<total>2</total>
				<timestamp>1491.271928</timestamp>
			</report>
			<report>
				<misses>24000001</misses>
				<total>2</total>
				<timestamp>1497.543967</timestamp>
			</report>
			<report>
				<misses>24100001</misses>
				<total>1</total>
				<timestamp>1503.801022</timestamp>
			</report>
			<report>
				<misses>24200001</misses>
				<total>2</total>
				<timestamp>1509.989770</timestamp>
			</report>
			<report>
				<misses>24300001</misses>
				<total>1</total>
				<timestamp>1516.260512</timestamp>
			</report>
			<report>
				<misses>24400001</misses>
				<total>1</total>
				<timestamp>1522.440606</timestamp>
			</report>
			<report>
				<misses>24500001</misses>
				<total>2</total>
				<timestamp>1528.655990</timestamp>
			</report>
			<report>
				<misses>24600001</misses>
				<total>1</total>
				<timestamp>1534.939316</timestamp>
			</report>
			<report>
				<misses>24700001</misses>
				<total>1</total>
				<timestamp>1541.204133</timestamp>
			</report>
			<report>
				<misses>24800001</misses>
				<total>2</total>
				<timestamp>1547.451055</timestamp>
			</report>
			<report>
				<misses>24900001</misses>
				<total>1</total>
				<timestamp>1553.728532</timestamp>
			</report>
			<report>
				<misses>25000001</misses>
				<total>1</total>
				<timestamp>1559.959467</timestamp>
			</report>
			<report>
				<misses>25100001</misses>
				<total>1</total>
				<timestamp>1566.243389</timestamp>
			</report>
			<report>
				<misses>25200001</misses>
				<total>2</total>
				<timestamp>1572.439791</timestamp>
			</report>
			<report>
				<misses>25300001</misses>
				<total>2</total>
				<timestamp>1578.703975</timestamp>
			</report>
			<report>
				<misses>25400001</misses>
				<total>1</total>
				<timestamp>1584.957164</timestamp>
			</report>
			<report>
				<misses>25500001</misses>
				<total>2</total>
				<timestamp>1591.223997</timestamp>
			</report>
			<report>
				<misses>25600001</misses>
				<total>2</total>
				<timestamp>1597.412301</timestamp>
			</report>
			<report>
				<misses>25700001</misses>
				<total>2</total>
				<timestamp>1603.667534</timestamp>
			</report>
			<report>
				<misses>25800001</misses>
				<total>2</total>
				<timestamp>1609.929514</timestamp>
			</report>
			<report>
				<misses>25900001</misses>
				<total>2</total>
				<timestamp>1616.257671</timestamp>
			</report>
			<report>
				<misses>26000001</misses>
				<total>1</total>
				<timestamp>1622.468541</timestamp>
			</report>
			<report>
				<misses>26100001</misses>
				<total>2</total>
				<timestamp>1628.700654</timestamp>
			</report>
			<report>
				<misses>26200001</misses>
				<total>2</total>
				<timestamp>1634.937080</timestamp>
			</report>
			<report>
				<misses>26300001</misses>
				<total>1</total>
				<timestamp>1641.182275</timestamp>
			</report>
			<report>
				<misses>26400001</misses>
				<total>1</total>
				<timestamp>1647.389869</timestamp>
			</report>
			<report>
				<misses>26500001</misses>
				<total>2</total>
				<timestamp>1653.613267</timestamp>
			</report>
			<report>
				<misses>26600001</misses>
				<total>2</total>
				<timestamp>1659.872598</timestamp>
			</report>
			<report>
				<misses>26700001</misses>
				<total>1</total>
				<timestamp>1666.203087</timestamp>
			</report>
			<report>
				<misses>26800001</misses>
				<total>2</total>
				<timestamp>1672.387227</timestamp>
			</report>
			<report>
				<misses>26900001</misses>
				<total>3</total>
				<timestamp>1678.697081</timestamp>
			</report>
			<report>
				<misses>27000001</misses>
				<total>1</total>
				<timestamp>1684.980445</timestamp>
			</report>
			<report>
				<misses>27100001</misses>
				<total>1</total>
				<timestamp>1691.291866</timestamp>
			</report>
			<report>
				<misses>27200001</misses>
				<total>1</total>
				<timestamp>1697.543720</timestamp>
			</report>
			<report>
				<misses>27300001</misses>
				<total>2</total>
				<timestamp>1703.776425</timestamp>
			</report>
			<report>
				<misses>27400001</misses>
				<total>2</total>
				<timestamp>1710.069793</timestamp>
			</report>
			<report>
				<misses>27500001</misses>
				<total>1</total>
				<timestamp>1716.352551</timestamp>
			</report>
			<report>
				<misses>27600001</misses>
				<total>1</total>
				<timestamp>1722.568572</timestamp>
			</report>
			<report>
				<misses>27700001</misses>
				<total>2</total>
				<timestamp>1728.751028</timestamp>
			</report>
			<report>
				<misses>27800001</misses>
				<total>1</total>
				<timestamp>1735.003232</timestamp>
			</report>
			<report>
				<misses>27900001</misses>
				<total>2</total>
				<timestamp>1741.206478</timestamp>
			</report>
			<report>
				<misses>28000001</misses>
				<total>1</total>
				<timestamp>1747.445898</timestamp>
			</report>
			<report>
				<misses>28100001</misses>
				<total>1</total>
				<timestamp>1753.632126</timestamp>
			</report>
			<report>
				<misses>28200001</misses>
				<total>2</total>
				<timestamp>1759.814158</timestamp>
			</report>
			<report>
				<misses>28300001</misses>
				<total>2</total>
				<timestamp>1766.070009</timestamp>
			</report>
			<report>
				<misses>28400001</misses>
				<total>1</total>
				<timestamp>1772.288859</timestamp>
			</report>
			<report>
				<misses>28500001</misses>
				<total>2</total>
				<timestamp>1778.535014</timestamp>
			</report>
			<report>
				<misses>28600001</misses>
				<total>1</total>
				<timestamp>1784.858406</timestamp>
			</report>
			<report>
				<misses>28700001</misses>
				<total>2</total>
				<timestamp>1791.188473</timestamp>
			</report>
			<report>
				<misses>28800001</misses>
				<total>1</total>
				<timestamp>1797.424754</timestamp>
			</report>
			<report>
				<misses>28900001</misses>
				<total>2</total>
				<timestamp>1803.656982</timestamp>
			</report>
			<report>
				<misses>29000001</misses>
				<total>1</total>
				<timestamp>1809.806706</timestamp>
			</report>
			<report>
				<misses>29100001</misses>
				<total>1</total>
				<timestamp>1815.988627</timestamp>
			</report>
			<report>
				<misses>29200001</misses>
				<total>1</total>
				<timestamp>1822.270621</timestamp>
			</report>
			<report>
				<misses>29300001</misses>
				<total>1</total>
				<timestamp>1828.498115</timestamp>
			</report>
			<report>
				<misses>29400001</misses>
				<total>2</total>
				<timestamp>1834.710001</timestamp>
			</report>
			<report>
				<misses>29500001</misses>
				<total>1</total>
				<timestamp>1840.896942</timestamp>
			</report>
			<report>
				<misses>29600001</misses>
				<total>2</total>
				<timestamp>1847.163681</timestamp>
			</report>
			<report>
				<misses>29700001</misses>
				<total>1</total>
				<timestamp>1853.404240</timestamp>
			</report>
			<report>
				<misses>29800001</misses>
				<total>1</total>
				<timestamp>1859.642235</timestamp>
			</report>
			<report>
				<misses>29900001</misses>
				<total>1</total>
				<timestamp>1865.880422</timestamp>
			</report>
			<report>
				<misses>30000001</misses>
				<total>2</total>
				<timestamp>1872.078374</timestamp>
			</report>
			<report>
				<misses>30100001</misses>
				<total>1</total>
				<timestamp>1878.341265</timestamp>
			</report>
			<report>
				<misses>30200001</misses>
				<total>1</total>
				<timestamp>1884.603548</timestamp>
			</report>
			<report>
				<misses>30300001</misses>
				<total>1</total>
				<timestamp>1890.935611</timestamp>
			</report>
			<report>
				<misses>30400001</misses>
				<total>1</total>
				<timestamp>1897.155244</timestamp>
			</report>
			<report>
				<misses>30500001</misses>
				<total>2</total>
				<timestamp>1903.435524</timestamp>
			</report>
			<report>
				<misses>30600001</misses>
				<total>2</total>
				<timestamp>1909.655106</timestamp>
			</report>
			<report>
				<misses>30700001</misses>
				<total>2</total>
				<timestamp>1915.924412</timestamp>
			</report>
			<report>
				<misses>30800001</misses>
				<total>2</total>
				<timestamp>1922.162049</timestamp>
			</report>
			<report>
				<misses>30900001</misses>
				<total>1</total>
				<timestamp>1928.390422</timestamp>
			</report>
			<report>
				<misses>31000001</misses>
				<total>2</total>
				<timestamp>1934.620721</timestamp>
			</report>
			<report>
				<misses>31100001</misses>
				<total>1</total>
				<timestamp>1940.835196</timestamp>
			</report>
			<report>
				<misses>31200001</misses>
				<total>1</total>
				<timestamp>1947.036441</timestamp>
			</report>
			<report>
				<misses>31300001</misses>
				<total>2</total>
				<timestamp>1953.335168</timestamp>
			</report>
			<report>
				<misses>31400001</misses>
				<total>2</total>
				<timestamp>1959.655476</timestamp>
			</report>
			<report>
				<misses>31500001</misses>
				<total>2</total>
				<timestamp>1965.862649</timestamp>
			</report>
			<report>
				<misses>31600001</misses>
				<total>2</total>
				<timestamp>1972.112547</timestamp>
			</report>
			<report>
				<misses>31700001</misses>
				<total>2</total>
				<timestamp>1978.340071</timestamp>
			</report>
			<report>
				<misses>31800001</misses>
				<total>1</total>
				<timestamp>1984.643262</timestamp>
			</report>
			<report>
				<misses>31900001</misses>
				<total>1</total>
				<timestamp>1990.910190</timestamp>
			</report>
			<report>
				<misses>32000001</misses>
				<total>1</total>
				<timestamp>1997.141278</timestamp>
			</report>
			<report>
				<misses>32100001</misses>
				<total>2</total>
				<timestamp>2003.371603</timestamp>
			</report>
			<report>
				<misses>32200001</misses>
				<total>2</total>
				<timestamp>2009.554148</timestamp>
			</report>
			<report>
				<misses>32300001</misses>
				<total>2</total>
				<timestamp>2015.780684</timestamp>
			</report>
			<report>
				<misses>32400001</misses>
				<total>2</total>
				<timestamp>2022.013835</timestamp>
			</report>
			<report>
				<misses>32500001</misses>
				<total>1</total>
				<timestamp>2028.287034</timestamp>
			</report>
			<report>
				<misses>32600001</misses>
				<total>2</total>
				<timestamp>2034.467733</timestamp>
			</report>
			<report>
				<misses>32700001</misses>
				<total>1</total>
				<timestamp>2040.721846</timestamp>
			</report>
			<report>
				<misses>32800001</misses>
				<total>2</total>
				<timestamp>2046.921008</timestamp>
			</report>
			<report>
				<misses>32900001</misses>
				<total>2</total>
				<timestamp>2053.146083</timestamp>
			</report>
			<report>
				<misses>33000001</misses>
				<total>2</total>
				<timestamp>2059.410877</timestamp>
			</report>
			<report>
				<misses>33100001</misses>
				<total>2</total>
				<timestamp>2065.665019</timestamp>
			</report>
			<report>
				<misses>33200001</misses>
				<total>1</total>
				<timestamp>2071.881638</timestamp>
			</report>
			<report>
				<misses>33300001</misses>
				<total>1</total>
				<timestamp>2078.139033</timestamp>
			</report>
			<report>
				<misses>33400001</misses>
				<total>2</total>
				<timestamp>2084.398352</timestamp>
			</report>
			<report>
				<misses>33500001</misses>
				<total>2</total>
				<timestamp>2090.650287</timestamp>
			</report>
			<report>
				<misses>33600001</misses>
				<total>1</total>
				<timestamp>2096.943838</timestamp>
			</report>
			<report>
				<misses>33700001</misses>
				<total>1</total>
				<timestamp>2103.219370</timestamp>
			</report>
			<report>
				<misses>33800001</misses>
				<total>1</total>
				<timestamp>2109.445059</timestamp>
			</report>
			<report>
				<misses>33900001</misses>
				<total>2</total>
				<timestamp>2115.673874</timestamp>
			</report>
			<report>
				<misses>34000001</misses>
				<total>1</total>
				<timestamp>2121.869632</timestamp>
			</report>
			<report>
				<misses>34100001</misses>
				<total>2</total>
				<timestamp>2128.073232</timestamp>
			</report>
			<report>
				<misses>34200001</misses>
				<total>2</total>
				<timestamp>2134.360071</timestamp>
			</report>
			<report>
				<misses>34300001</misses>
				<total>2</total>
				<timestamp>2140.686039</timestamp>
			</report>
			<report>
				<misses>34400001</misses>
				<total>2</total>
				<timestamp>2147.007462</timestamp>
			</report>
			<report>
				<misses>34500001</misses>
				<total>2</total>
				<timestamp>2153.227646</timestamp>
			</report>
			<report>
				<misses>34600001</misses>
				<total>2</total>
				<timestamp>2159.482836</timestamp>
			</report>
			<report>
				<misses>34700001</misses>
				<total>2</total>
				<timestamp>2165.762408</timestamp>
			</report>
			<report>
				<misses>34800001</misses>
				<total>2</total>
				<timestamp>2171.969273</timestamp>
			</report>
			<report>
				<misses>34900001</misses>
				<total>2</total>
				<timestamp>2178.183206</timestamp>
			</report>
			<report>
				<misses>35000001</misses>
				<total>2</total>
				<timestamp>2184.504862</timestamp>
			</report>
			<report>
				<misses>35100001</misses>
				<total>1</total>
				<timestamp>2190.755298</timestamp>
			</report>
			<report>
				<misses>35200001</misses>
				<total>1</total>
				<timestamp>2196.975649</timestamp>
			</report>
			<report>
				<misses>35300001</misses>
				<total>1</total>
				<timestamp>2203.244496</timestamp>
			</report>
			<report>
				<misses>35400001</misses>
				<total>1</total>
				<timestamp>2209.479209</timestamp>
			</report>
			<report>
				<misses>35500001</misses>
				<total>2</total>
				<timestamp>2215.634001</timestamp>
			</report>
			<report>
				<misses>35600001</misses>
				<total>1</total>
				<timestamp>2221.881707</timestamp>
			</report>
			<report>
				<misses>35700001</misses>
				<total>2</total>
				<timestamp>2228.136191</timestamp>
			</report>
			<report>
				<misses>35800001</misses>
				<total>2</total>
				<timestamp>2234.372181</timestamp>
			</report>
			<report>
				<misses>35900001</misses>
				<total>2</total>
				<timestamp>2240.669598</timestamp>
			</report>
			<report>
				<misses>36000001</misses>
				<total>1</total>
				<timestamp>2246.941629</timestamp>
			</report>
			<report>
				<misses>36100001</misses>
				<total>1</total>
				<timestamp>2253.153716</timestamp>
			</report>
			<report>
				<misses>36200001</misses>
				<total>1</total>
				<timestamp>2259.369907</timestamp>
			</report>
			<report>
				<misses>36300001</misses>
				<total>1</total>
				<timestamp>2265.663273</timestamp>
			</report>
			<report>
				<misses>36400001</misses>
				<total>2</total>
				<timestamp>2271.879179</timestamp>
			</report>
			<report>
				<misses>36500001</misses>
				<total>1</total>
				<timestamp>2278.108359</timestamp>
			</report>
			<report>
				<misses>36600001</misses>
				<total>1</total>
				<timestamp>2284.277642</timestamp>
			</report>
			<report>
				<misses>36700001</misses>
				<total>2</total>
				<timestamp>2290.550413</timestamp>
			</report>
			<report>
				<misses>36800001</misses>
				<total>2</total>
				<timestamp>2296.679825</timestamp>
			</report>
			<report>
				<misses>36900001</misses>
				<total>2</total>
				<timestamp>2302.898243</timestamp>
			</report>
			<report>
				<misses>37000001</misses>
				<total>1</total>
				<timestamp>2309.109899</timestamp>
			</report>
			<report>
				<misses>37100001</misses>
				<total>0</total>
				<timestamp>2315.304068</timestamp>
			</report>
			<report>
				<misses>37200001</misses>
				<total>2</total>
				<timestamp>2321.479246</timestamp>
			</report>
			<report>
				<misses>37300001</misses>
				<total>2</total>
				<timestamp>2327.689019</timestamp>
			</report>
			<report>
				<misses>37400001</misses>
				<total>2</total>
				<timestamp>2333.885298</timestamp>
			</report>
			<report>
				<misses>37500001</misses>
				<total>2</total>
				<timestamp>2340.117932</timestamp>
			</report>
			<report>
				<misses>37600001</misses>
				<total>1</total>
				<timestamp>2346.274020</timestamp>
			</report>
			<report>
				<misses>37700001</misses>
				<total>2</total>
				<timestamp>2352.545797</timestamp>
			</report>
			<report>
				<misses>37800001</misses>
				<total>1</total>
				<timestamp>2358.759148</timestamp>
			</report>
			<report>
				<misses>37900001</misses>
				<total>1</total>
				<timestamp>2365.014624</timestamp>
			</report>
			<report>
				<misses>38000001</misses>
				<total>1</total>
				<timestamp>2371.297449</timestamp>
			</report>
			<report>
				<misses>38100001</misses>
				<total>1</total>
				<timestamp>2377.493452</timestamp>
			</report>
			<report>
				<misses>38200001</misses>
				<total>1</total>
				<timestamp>2383.728619</timestamp>
			</report>
			<report>
				<misses>38300001</misses>
				<total>1</total>
				<timestamp>2389.934520</timestamp>
			</report>
			<report>
				<misses>38400001</misses>
				<total>2</total>
				<timestamp>2396.189988</timestamp>
			</report>
			<report>
				<misses>38500001</misses>
				<total>2</total>
				<timestamp>2402.465224</timestamp>
			</report>
			<report>
				<misses>38600001</misses>
				<total>2</total>
				<timestamp>2408.730981</timestamp>
			</report>
			<report>
				<misses>38700001</misses>
				<total>1</total>
				<timestamp>2414.977067</timestamp>
			</report>
			<report>
				<misses>38800001</misses>
				<total>2</total>
				<timestamp>2421.166522</timestamp>
			</report>
			<report>
				<misses>38900001</misses>
				<total>1</total>
				<timestamp>2427.341924</timestamp>
			</report>
			<report>
				<misses>39000001</misses>
				<total>1</total>
				<timestamp>2433.570913</timestamp>
			</report>
			<report>
				<misses>39100001</misses>
				<total>1</total>
				<timestamp>2439.841400</timestamp>
			</report>
			<report>
				<misses>39200001</misses>
				<total>1</total>
				<timestamp>2446.113104</timestamp>
			</report>
			<report>
				<misses>39300001</misses>
				<total>2</total>
				<timestamp>2452.265514</timestamp>
			</report>
			<report>
				<misses>39400001</misses>
				<total>1</total>
				<timestamp>2458.448084</timestamp>
			</report>
			<report>
				<misses>39500001</misses>
				<total>1</total>
				<timestamp>2464.708045</timestamp>
			</report>
			<report>
				<misses>39600001</misses>
				<total>2</total>
				<timestamp>2470.915421</timestamp>
			</report>
			<report>
				<misses>39700001</misses>
				<total>2</total>
				<timestamp>2477.185706</timestamp>
			</report>
			<report>
				<misses>39800001</misses>
				<total>2</total>
				<timestamp>2483.444420</timestamp>
			</report>
			<report>
				<misses>39900001</misses>
				<total>1</total>
				<timestamp>2489.628681</timestamp>
			</report>
			<report>
				<misses>40000001</misses>
				<total>1</total>
				<timestamp>2495.876501</timestamp>
			</report>
			<report>
				<misses>40100001</misses>
				<total>2</total>
				<timestamp>2502.114677</timestamp>
			</report>
			<report>
				<misses>40200001</misses>
				<total>2</total>
				<timestamp>2508.399014</timestamp>
			</report>
			<report>
				<misses>40300001</misses>
				<total>2</total>
				<timestamp>2514.716348</timestamp>
			</report>
			<report>
				<misses>40400001</misses>
				<total>2</total>
				<timestamp>2520.940778</timestamp>
			</report>
			<report>
				<misses>40500001</misses>
				<total>1</total>
				<timestamp>2527.215639</timestamp>
			</report>
			<report>
				<misses>40600001</misses>
				<total>1</total>
				<timestamp>2533.479140</timestamp>
			</report>
			<report>
				<misses>40700001</misses>
				<total>2</total>
				<timestamp>2539.735536</timestamp>
			</report>
			<report>
				<misses>40800001</misses>
				<total>2</total>
				<timestamp>2546.067197</timestamp>
			</report>
			<report>
				<misses>40900001</misses>
				<total>2</total>
				<timestamp>2552.385437</timestamp>
			</report>
			<report>
				<misses>41000001</misses>
				<total>2</total>
				<timestamp>2558.686425</timestamp>
			</report>
			<report>
				<misses>41100001</misses>
				<total>1</total>
				<timestamp>2564.945916</timestamp>
			</report>
			<report>
				<misses>41200001</misses>
				<total>2</total>
				<timestamp>2571.176701</timestamp>
			</report>
			<report>
				<misses>41300001</misses>
				<total>1</total>
				<timestamp>2577.476818</timestamp>
			</report>
			<report>
				<misses>41400001</misses>
				<total>2</total>
				<timestamp>2583.653843</timestamp>
			</report>
			<report>
				<misses>41500001</misses>
				<total>2</total>
				<timestamp>2589.849576</timestamp>
			</report>
			<report>
				<misses>41600001</misses>
				<total>2</total>
				<timestamp>2596.137230</timestamp>
			</report>
			<report>
				<misses>41700001</misses>
				<total>1</total>
				<timestamp>2602.353872</timestamp>
			</report>
			<report>
				<misses>41800001</misses>
				<total>2</total>
				<timestamp>2608.657497</timestamp>
			</report>
			<report>
				<misses>41900001</misses>
				<total>1</total>
				<timestamp>2614.891410</timestamp>
			</report>
			<report>
				<misses>42000001</misses>
				<total>1</total>
				<timestamp>2621.191434</timestamp>
			</report>
			<report>
				<misses>42100001</misses>
				<total>2</total>
				<timestamp>2627.450753</timestamp>
			</report>
			<report>
				<misses>42200001</misses>
				<total>2</total>
				<timestamp>2633.684704</timestamp>
			</report>
			<report>
				<misses>42300001</misses>
				<total>1</total>
				<timestamp>2639.967346</timestamp>
			</report>
			<report>
				<misses>42400001</misses>
				<total>3</total>
				<timestamp>2646.131432</timestamp>
			</report>
			<report>
				<misses>42500001</misses>
				<total>2</total>
				<timestamp>2652.340292</timestamp>
			</report>
			<report>
				<misses>42600001</misses>
				<total>2</total>
				<timestamp>2658.618003</timestamp>
			</report>
			<report>
				<misses>42700001</misses>
				<total>1</total>
				<timestamp>2664.933368</timestamp>
			</report>
			<report>
				<misses>42800001</misses>
				<total>2</total>
				<timestamp>2671.118108</timestamp>
			</report>
			<report>
				<misses>42900001</misses>
				<total>2</total>
				<timestamp>2677.302095</timestamp>
			</report>
			<report>
				<misses>43000001</misses>
				<total>2</total>
				<timestamp>2683.540641</timestamp>
			</report>
			<report>
				<misses>43100001</misses>
				<total>1</total>
				<timestamp>2689.728374</timestamp>
			</report>
			<report>
				<misses>43200001</misses>
				<total>2</total>
				<timestamp>2695.998878</timestamp>
			</report>
			<report>
				<misses>43300001</misses>
				<total>2</total>
				<timestamp>2702.227993</timestamp>
			</report>
			<report>
				<misses>43400001</misses>
				<total>1</total>
				<timestamp>2708.429611</timestamp>
			</report>
			<report>
				<misses>43500001</misses>
				<total>1</total>
				<timestamp>2714.567085</timestamp>
			</report>
			<report>
				<misses>43600001</misses>
				<total>1</total>
				<timestamp>2720.801708</timestamp>
			</report>
			<report>
				<misses>43700001</misses>
				<total>1</total>
				<timestamp>2727.076585</timestamp>
			</report>
			<report>
				<misses>43800001</misses>
				<total>1</total>
				<timestamp>2733.387730</timestamp>
			</report>
			<report>
				<misses>43900001</misses>
				<total>1</total>
				<timestamp>2739.664231</timestamp>
			</report>
			<report>
				<misses>44000001</misses>
				<total>2</total>
				<timestamp>2745.869157</timestamp>
			</report>
			<report>
				<misses>44100001</misses>
				<total>2</total>
				<timestamp>2752.170770</timestamp>
			</report>
			<report>
				<misses>44200001</misses>
				<total>1</total>
				<timestamp>2758.393968</timestamp>
			</report>
			<report>
				<misses>44300001</misses>
				<total>2</total>
				<timestamp>2764.657750</timestamp>
			</report>
			<report>
				<misses>44400001</misses>
				<total>1</total>
				<timestamp>2770.830372</timestamp>
			</report>
			<report>
				<misses>44500001</misses>
				<total>1</total>
				<timestamp>2777.033330</timestamp>
			</report>
			<report>
				<misses>44600001</misses>
				<total>1</total>
				<timestamp>2783.262158</timestamp>
			</report>
			<report>
				<misses>44700001</misses>
				<total>1</total>
				<timestamp>2789.546274</timestamp>
			</report>
			<report>
				<misses>44800001</misses>
				<total>1</total>
				<timestamp>2795.739499</timestamp>
			</report>
			<report>
				<misses>44900001</misses>
				<total>1</total>
				<timestamp>2802.011481</timestamp>
			</report>
			<report>
				<misses>45000001</misses>
				<total>2</total>
				<timestamp>2808.208722</timestamp>
			</report>
			<report>
				<misses>45100001</misses>
				<total>1</total>
				<timestamp>2814.416020</timestamp>
			</report>
			<report>
				<misses>45200001</misses>
				<total>2</total>
				<timestamp>2820.646218</timestamp>
			</report>
			<report>
				<misses>45300001</misses>
				<total>2</total>
				<timestamp>2826.958009</timestamp>
			</report>
			<report>
				<misses>45400001</misses>
				<total>2</total>
				<timestamp>2833.254580</timestamp>
			</report>
			<report>
				<misses>45500001</misses>
				<total>1</total>
				<timestamp>2839.436534</timestamp>
			</report>
			<report>
				<misses>45600001</misses>
				<total>1</total>
				<timestamp>2845.705881</timestamp>
			</report>
			<report>
				<misses>45700001</misses>
				<total>1</total>
				<timestamp>2851.966663</timestamp>
			</report>
			<report>
				<misses>45800001</misses>
				<total>2</total>
				<timestamp>2858.178692</timestamp>
			</report>
			<report>
				<misses>45900001</misses>
				<total>2</total>
				<timestamp>2864.475065</timestamp>
			</report>
			<report>
				<misses>46000001</misses>
				<total>2</total>
				<timestamp>2870.750248</timestamp>
			</report>
			<report>
				<misses>46100001</misses>
				<total>1</total>
				<timestamp>2877.026402</timestamp>
			</report>
			<report>
				<misses>46200001</misses>
				<total>1</total>
				<timestamp>2883.236836</timestamp>
			</report>
			<report>
				<misses>46300001</misses>
				<total>2</total>
				<timestamp>2889.536282</timestamp>
			</report>
			<report>
				<misses>46400001</misses>
				<total>1</total>
				<timestamp>2895.809684</timestamp>
			</report>
			<report>
				<misses>46500001</misses>
				<total>2</total>
				<timestamp>2902.035577</timestamp>
			</report>
			<report>
				<misses>46600001</misses>
				<total>1</total>
				<timestamp>2908.331256</timestamp>
			</report>
			<report>
				<misses>46700001</misses>
				<total>2</total>
				<timestamp>2914.628074</timestamp>
			</report>
			<report>
				<misses>46800001</misses>
				<total>2</total>
				<timestamp>2920.878603</timestamp>
			</report>
			<report>
				<misses>46900001</misses>
				<total>1</total>
				<timestamp>2927.139650</timestamp>
			</report>
			<report>
				<misses>47000001</misses>
				<total>2</total>
				<timestamp>2933.419168</timestamp>
			</report>
			<report>
				<misses>47100001</misses>
				<total>2</total>
				<timestamp>2939.718651</timestamp>
			</report>
			<report>
				<misses>47200001</misses>
				<total>1</total>
				<timestamp>2945.942640</timestamp>
			</report>
			<report>
				<misses>47300001</misses>
				<total>2</total>
				<timestamp>2952.147324</timestamp>
			</report>
			<report>
				<misses>47400001</misses>
				<total>2</total>
				<timestamp>2958.447664</timestamp>
			</report>
			<report>
				<misses>47500001</misses>
				<total>2</total>
				<timestamp>2964.628191</timestamp>
			</report>
			<report>
				<misses>47600001</misses>
				<total>1</total>
				<timestamp>2970.878493</timestamp>
			</report>
			<report>
				<misses>47700001</misses>
				<total>1</total>
				<timestamp>2977.071949</timestamp>
			</report>
			<report>
				<misses>47800001</misses>
				<total>2</total>
				<timestamp>2983.288872</timestamp>
			</report>
			<report>
				<misses>47900001</misses>
				<total>1</total>
				<timestamp>2989.533849</timestamp>
			</report>
			<report>
				<misses>48000001</misses>
				<total>1</total>
				<timestamp>2995.782304</timestamp>
			</report>
			<report>
				<misses>48100001</misses>
				<total>2</total>
				<timestamp>3002.007395</timestamp>
			</report>
			<report>
				<misses>48200001</misses>
				<total>2</total>
				<timestamp>3008.300518</timestamp>
			</report>
			<report>
				<misses>48300001</misses>
				<total>1</total>
				<timestamp>3014.610025</timestamp>
			</report>
			<report>
				<misses>48400001</misses>
				<total>2</total>
				<timestamp>3020.887224</timestamp>
			</report>
			<report>
				<misses>48500001</misses>
				<total>2</total>
				<timestamp>3027.114520</timestamp>
			</report>
			<report>
				<misses>48600001</misses>
				<total>1</total>
				<timestamp>3033.376850</timestamp>
			</report>
			<report>
				<misses>48700001</misses>
				<total>1</total>
				<timestamp>3039.539256</timestamp>
			</report>
			<report>
				<misses>48800001</misses>
				<total>2</total>
				<timestamp>3045.806930</timestamp>
			</report>
			<report>
				<misses>48900001</misses>
				<total>2</total>
				<timestamp>3051.989224</timestamp>
			</report>
			<report>
				<misses>49000001</misses>
				<total>1</total>
				<timestamp>3058.113129</timestamp>
			</report>
			<report>
				<misses>49100001</misses>
				<total>3</total>
				<timestamp>3064.327246</timestamp>
			</report>
			<report>
				<misses>49200001</misses>
				<total>1</total>
				<timestamp>3070.572611</timestamp>
			</report>
			<report>
				<misses>49300001</misses>
				<total>1</total>
				<timestamp>3076.774385</timestamp>
			</report>
			<report>
				<misses>49400001</misses>
				<total>2</total>
				<timestamp>3083.031881</timestamp>
			</report>
			<report>
				<misses>49500001</misses>
				<total>1</total>
				<timestamp>3089.305086</timestamp>
			</report>
			<report>
				<misses>49600001</misses>
				<total>2</total>
				<timestamp>3095.490939</timestamp>
			</report>
			<report>
				<misses>49700001</misses>
				<total>2</total>
				<timestamp>3101.774924</timestamp>
			</report>
			<report>
				<misses>49800001</misses>
				<total>2</total>
				<timestamp>3108.047934</timestamp>
			</report>
			<report>
				<misses>49900001</misses>
				<total>1</total>
				<timestamp>3114.326091</timestamp>
			</report>
			<report>
				<misses>50000001</misses>
				<total>1</total>
				<timestamp>3120.543595</timestamp>
			</report>
			<report>
				<misses>50100001</misses>
				<total>2</total>
				<timestamp>3126.792134</timestamp>
			</report>
			<report>
				<misses>50200001</misses>
				<total>1</total>
				<timestamp>3133.004611</timestamp>
			</report>
			<report>
				<misses>50300001</misses>
				<total>2</total>
				<timestamp>3139.221670</timestamp>
			</report>
			<report>
				<misses>50400001</misses>
				<total>1</total>
				<timestamp>3145.441962</timestamp>
			</report>
			<report>
				<misses>50500001</misses>
				<total>2</total>
				<timestamp>3151.635101</timestamp>
			</report>
			<report>
				<misses>50600001</misses>
				<total>1</total>
				<timestamp>3157.848318</timestamp>
			</report>
			<report>
				<misses>50700001</misses>
				<total>1</total>
				<timestamp>3164.118229</timestamp>
			</report>
			<report>
				<misses>50800001</misses>
				<total>1</total>
				<timestamp>3170.246322</timestamp>
			</report>
			<report>
				<misses>50900001</misses>
				<total>1</total>
				<timestamp>3176.484625</timestamp>
			</report>
			<report>
				<misses>51000001</misses>
				<total>1</total>
				<timestamp>3182.679546</timestamp>
			</report>
			<report>
				<misses>51100001</misses>
				<total>2</total>
				<timestamp>3188.942985</timestamp>
			</report>
			<report>
				<misses>51200001</misses>
				<total>2</total>
				<timestamp>3195.196990</timestamp>
			</report>
			<report>
				<misses>51300001</misses>
				<total>2</total>
				<timestamp>3201.437153</timestamp>
			</report>
			<report>
				<misses>51400001</misses>
				<total>2</total>
				<timestamp>3207.705224</timestamp>
			</report>
			<report>
				<misses>51500001</misses>
				<total>1</total>
				<timestamp>3213.991342</timestamp>
			</report>
			<report>
				<misses>51600001</misses>
				<total>1</total>
				<timestamp>3220.231403</timestamp>
			</report>
			<report>
				<misses>51700001</misses>
				<total>2</total>
				<timestamp>3226.453006</timestamp>
			</report>
			<report>
				<misses>51800001</misses>
				<total>2</total>
				<timestamp>3232.697360</timestamp>
			</report>
			<report>
				<misses>51900001</misses>
				<total>2</total>
				<timestamp>3238.899858</timestamp>
			</report>
			<report>
				<misses>52000001</misses>
				<total>1</total>
				<timestamp>3245.081746</timestamp>
			</report>
			<report>
				<misses>52100001</misses>
				<total>1</total>
				<timestamp>3251.304401</timestamp>
			</report>
			<report>
				<misses>52200001</misses>
				<total>2</total>
				<timestamp>3257.421421</timestamp>
			</report>
			<report>
				<misses>52300001</misses>
				<total>2</total>
				<timestamp>3263.597721</timestamp>
			</report>
			<report>
				<misses>52400001</misses>
				<total>2</total>
				<timestamp>3269.864221</timestamp>
			</report>
			<report>
				<misses>52500001</misses>
				<total>1</total>
				<timestamp>3276.131859</timestamp>
			</report>
			<report>
				<misses>52600001</misses>
				<total>2</total>
				<timestamp>3282.396703</timestamp>
			</report>
			<report>
				<misses>52700001</misses>
				<total>2</total>
				<timestamp>3288.623122</timestamp>
			</report>
			<report>
				<misses>52800001</misses>
				<total>2</total>
				<timestamp>3294.817171</timestamp>
			</report>
			<report>
				<misses>52900001</misses>
				<total>2</total>
				<timestamp>3301.027311</timestamp>
			</report>
			<report>
				<misses>53000001</misses>
				<total>3</total>
				<timestamp>3307.322522</timestamp>
			</report>
			<report>
				<misses>53100001</misses>
				<total>2</total>
				<timestamp>3313.642671</timestamp>
			</report>
			<report>
				<misses>53200001</misses>
				<total>2</total>
				<timestamp>3319.884062</timestamp>
			</report>
			<report>
				<misses>53300001</misses>
				<total>1</total>
				<timestamp>3326.138300</timestamp>
			</report>
			<report>
				<misses>53400001</misses>
				<total>2</total>
				<timestamp>3332.398952</timestamp>
			</report>
			<report>
				<misses>53500001</misses>
				<total>1</total>
				<timestamp>3338.612517</timestamp>
			</report>
			<report>
				<misses>53600001</misses>
				<total>2</total>
				<timestamp>3344.891216</timestamp>
			</report>
			<report>
				<misses>53700001</misses>
				<total>1</total>
				<timestamp>3351.149728</timestamp>
			</report>
			<report>
				<misses>53800001</misses>
				<total>2</total>
				<timestamp>3357.408926</timestamp>
			</report>
			<report>
				<misses>53900001</misses>
				<total>2</total>
				<timestamp>3363.661754</timestamp>
			</report>
			<report>
				<misses>54000001</misses>
				<total>1</total>
				<timestamp>3369.954634</timestamp>
			</report>
			<report>
				<misses>54100001</misses>
				<total>1</total>
				<timestamp>3376.237565</timestamp>
			</report>
			<report>
				<misses>54200001</misses>
				<total>1</total>
				<timestamp>3382.527637</timestamp>
			</report>
			<report>
				<misses>54300001</misses>
				<total>1</total>
				<timestamp>3388.772272</timestamp>
			</report>
			<report>
				<misses>54400001</misses>
				<total>1</total>
				<timestamp>3395.018342</timestamp>
			</report>
			<report>
				<misses>54500001</misses>
				<total>2</total>
				<timestamp>3401.268663</timestamp>
			</report>
			<report>
				<misses>54600001</misses>
				<total>2</total>
				<timestamp>3407.574780</timestamp>
			</report>
			<report>
				<misses>54700001</misses>
				<total>2</total>
				<timestamp>3413.795763</timestamp>
			</report>
			<report>
				<misses>54800001</misses>
				<total>2</total>
				<timestamp>3420.000569</timestamp>
			</report>
			<report>
				<misses>54900001</misses>
				<total>1</total>
				<timestamp>3426.239957</timestamp>
			</report>
			<report>
				<misses>55000001</misses>
				<total>2</total>
				<timestamp>3432.481593</timestamp>
			</report>
			<report>
				<misses>55100001</misses>
				<total>1</total>
				<timestamp>3438.668758</timestamp>
			</report>
			<report>
				<misses>55200001</misses>
				<total>2</total>
				<timestamp>3444.999010</timestamp>
			</report>
			<report>
				<misses>55300001</misses>
				<total>2</total>
				<timestamp>3451.275884</timestamp>
			</report>
			<report>
				<misses>55400001</misses>
				<total>3</total>
				<timestamp>3457.529179</timestamp>
			</report>
			<report>
				<misses>55500001</misses>
				<total>2</total>
				<timestamp>3463.794012</timestamp>
			</report>
			<report>
				<misses>55600001</misses>
				<total>1</total>
				<timestamp>3469.994547</timestamp>
			</report>
			<report>
				<misses>55700001</misses>
				<total>2</total>
				<timestamp>3476.167503</timestamp>
			</report>
			<report>
				<misses>55800001</misses>
				<total>2</total>
				<timestamp>3482.360050</timestamp>
			</report>
			<report>
				<misses>55900001</misses>
				<total>2</total>
				<timestamp>3488.523341</timestamp>
			</report>
			<report>
				<misses>56000001</misses>
				<total>2</total>
				<timestamp>3494.798050</timestamp>
			</report>
			<report>
				<misses>56100001</misses>
				<total>2</total>
				<timestamp>3501.048119</timestamp>
			</report>
			<report>
				<misses>56200001</misses>
				<total>1</total>
				<timestamp>3507.251986</timestamp>
			</report>
			<report>
				<misses>56300001</misses>
				<total>2</total>
				<timestamp>3513.450858</timestamp>
			</report>
			<report>
				<misses>56400001</misses>
				<total>1</total>
				<timestamp>3519.660102</timestamp>
			</report>
			<report>
				<misses>56500001</misses>
				<total>1</total>
				<timestamp>3525.855570</timestamp>
			</report>
			<report>
				<misses>56600001</misses>
				<total>2</total>
				<timestamp>3532.074751</timestamp>
			</report>
			<report>
				<misses>56700001</misses>
				<total>2</total>
				<timestamp>3538.313130</timestamp>
			</report>
			<report>
				<misses>56800001</misses>
				<total>2</total>
				<timestamp>3544.559965</timestamp>
			</report>
			<report>
				<misses>56900001</misses>
				<total>2</total>
				<timestamp>3550.798771</timestamp>
			</report>
			<report>
				<misses>57000001</misses>
				<total>2</total>
				<timestamp>3557.056144</timestamp>
			</report>
			<report>
				<misses>57100001</misses>
				<total>2</total>
				<timestamp>3563.287456</timestamp>
			</report>
			<report>
				<misses>57200001</misses>
				<total>1</total>
				<timestamp>3569.545488</timestamp>
			</report>
			<report>
				<misses>57300001</misses>
				<total>2</total>
				<timestamp>3575.749898</timestamp>
			</report>
			<report>
				<misses>57400001</misses>
				<total>1</total>
				<timestamp>3582.001837</timestamp>
			</report>
			<report>
				<misses>57500001</misses>
				<total>1</total>
				<timestamp>3588.183512</timestamp>
			</report>
			<report>
				<misses>57600001</misses>
				<total>2</total>
				<timestamp>3594.380528</timestamp>
			</report>
		</query>
	</custom>
	<ethtool_statistic>
		<rx_packets>
			<start>-1</start>
			<end>-1</end>
		</rx_packets>
		<tx_packets>
			<start>-1</start>
			<end>-1</end>
		</tx_packets>
		<rx_dropped>
			<start>-1</start>
			<end>-1</end>
		</rx_dropped>
		<tx_dropped>
			<start>-1</start>
			<end>-1</end>
		</tx_dropped>
		<collisions>
			<start>-1</start>
			<end>-1</end>
		</collisions>
		<port_tx_errors>
			<start>-1</start>
			<end>-1</end>
		</port_tx_errors>
		<port_rx_dropped>
			<start>-1</start>
			<end>-1</end>
		</port_rx_dropped>
		<port_tx_dropped_link_down>
			<start>-1</start>
			<end>-1</end>
		</port_tx_dropped_link_down>
	</ethtool_statistic>
	<ip_statistic>
		<mtu>
			<start>-1</start>
			<end>-1</end>
		</mtu>
		<rx_bytes>
			<start>-1</start>
			<end>-1</end>
		</rx_bytes>
		<rx_packets>
			<start>-1</start>
			<end>-1</end>
		</rx_packets>
		<rx_errors>
			<start>-1</start>
			<end>-1</end>
		</rx_errors>
		<rx_dropped>
			<start>-1</start>
			<end>-1</end>
		</rx_dropped>
		<rx_missed>
			<start>-1</start>
			<end>-1</end>
		</rx_missed>
		<rx_mcast>
			<start>-1</start>
			<end>-1</end>
		</rx_mcast>
		<tx_bytes>
			<start>-1</start>
			<end>-1</end>
		</tx_bytes>
		<tx_packets>
			<start>-1</start>
			<end>-1</end>
		</tx_packets>
		<tx_errors>
			<start>-1</start>
			<end>-1</end>
		</tx_errors>
		<tx_dropped>
			<start>-1</start>
			<end>-1</end>
		</tx_dropped>
		<tx_carrier>
			<start>-1</start>
			<end>-1</end>
		</tx_carrier>
		<tx_collisions>
			<start>-1</start>
			<end>-1</end>
		</tx_collisions>
	</ip_statistic>
	<netstat_statistic>
		<udp_pkg_rec>
			<start>5729941501</start>
			<end>5965242986</end>
		</udp_pkg_rec>
		<udp_pkg_snt>
			<start>6371910802</start>
			<end>6600978273</end>
		</udp_pkg_snt>
		<udp_rec_err>
			<start>1007</start>
			<end>1045</end>
		</udp_rec_err>
		<udp_rec_buf_err>
			<start>1007</start>
			<end>1045</end>
		</udp_rec_buf_err>
		<udp_snt_buf_err>
			<start>2</start>
			<end>2</end>
		</udp_snt_buf_err>
	</netstat_statistic>
</test_results>
