<?xml version="1.0"?>
<test_results>
	<status>STATUS_SUCCESS</status>
	<custom>
		<num_loss>0</num_loss>
		<num_total>1140487478</num_total>
		<num_misses>1739199309</num_misses>
		<elapsed_time>7199.188458</elapsed_time>
		<query>
			<report>
				<misses>100001</misses>
				<total>0</total>
				<timestamp>0.695344</timestamp>
			</report>
			<report>
				<misses>200001</misses>
				<total>0</total>
				<timestamp>1.398244</timestamp>
			</report>
			<report>
				<misses>300001</misses>
				<total>0</total>
				<timestamp>2.034095</timestamp>
			</report>
			<report>
				<misses>400001</misses>
				<total>0</total>
				<timestamp>2.713193</timestamp>
			</report>
			<report>
				<misses>500001</misses>
				<total>0</total>
				<timestamp>3.377439</timestamp>
			</report>
			<report>
				<misses>600001</misses>
				<total>0</total>
				<timestamp>4.015896</timestamp>
			</report>
			<report>
				<misses>700001</misses>
				<total>0</total>
				<timestamp>4.645885</timestamp>
			</report>
			<report>
				<misses>800001</misses>
				<total>0</total>
				<timestamp>5.277200</timestamp>
			</report>
			<report>
				<misses>900001</misses>
				<total>0</total>
				<timestamp>5.904178</timestamp>
			</report>
			<report>
				<misses>1000001</misses>
				<total>0</total>
				<timestamp>6.537347</timestamp>
			</report>
			<report>
				<misses>1100001</misses>
				<total>0</total>
				<timestamp>7.168716</timestamp>
			</report>
			<report>
				<misses>1200001</misses>
				<total>0</total>
				<timestamp>7.797777</timestamp>
			</report>
			<report>
				<misses>1300001</misses>
				<total>0</total>
				<timestamp>8.430136</timestamp>
			</report>
			<report>
				<misses>1400001</misses>
				<total>0</total>
				<timestamp>9.058128</timestamp>
			</report>
			<report>
				<misses>1500001</misses>
				<total>0</total>
				<timestamp>9.691684</timestamp>
			</report>
			<report>
				<misses>1600001</misses>
				<total>0</total>
				<timestamp>10.321654</timestamp>
			</report>
			<report>
				<misses>1700001</misses>
				<total>0</total>
				<timestamp>10.949803</timestamp>
			</report>
			<report>
				<misses>1800001</misses>
				<total>0</total>
				<timestamp>11.584574</timestamp>
			</report>
			<report>
				<misses>1900001</misses>
				<total>0</total>
				<timestamp>12.221241</timestamp>
			</report>
			<report>
				<misses>2000001</misses>
				<total>0</total>
				<timestamp>12.847362</timestamp>
			</report>
			<report>
				<misses>2100001</misses>
				<total>0</total>
				<timestamp>13.481266</timestamp>
			</report>
			<report>
				<misses>2200001</misses>
				<total>0</total>
				<timestamp>14.114407</timestamp>
			</report>
			<report>
				<misses>2300001</misses>
				<total>0</total>
				<timestamp>14.750858</timestamp>
			</report>
			<report>
				<misses>2400001</misses>
				<total>0</total>
				<timestamp>15.384210</timestamp>
			</report>
			<report>
				<misses>2500001</misses>
				<total>0</total>
				<timestamp>16.016213</timestamp>
			</report>
			<report>
				<misses>2600001</misses>
				<total>0</total>
				<timestamp>16.650190</timestamp>
			</report>
			<report>
				<misses>2700001</misses>
				<total>0</total>
				<timestamp>17.278829</timestamp>
			</report>
			<report>
				<misses>2800001</misses>
				<total>0</total>
				<timestamp>17.912986</timestamp>
			</report>
			<report>
				<misses>2900001</misses>
				<total>0</total>
				<timestamp>18.545373</timestamp>
			</report>
			<report>
				<misses>3000001</misses>
				<total>0</total>
				<timestamp>19.174293</timestamp>
			</report>
			<report>
				<misses>3100001</misses>
				<total>0</total>
				<timestamp>19.805290</timestamp>
			</report>
			<report>
				<misses>3200001</misses>
				<total>0</total>
				<timestamp>20.441741</timestamp>
			</report>
			<report>
				<misses>3300001</misses>
				<total>0</total>
				<timestamp>21.068615</timestamp>
			</report>
			<report>
				<misses>3400001</misses>
				<total>0</total>
				<timestamp>21.705428</timestamp>
			</report>
			<report>
				<misses>3500001</misses>
				<total>0</total>
				<timestamp>22.332851</timestamp>
			</report>
			<report>
				<misses>3600001</misses>
				<total>0</total>
				<timestamp>22.965701</timestamp>
			</report>
			<report>
				<misses>3700001</misses>
				<total>0</total>
				<timestamp>23.592726</timestamp>
			</report>
			<report>
				<misses>3800001</misses>
				<total>0</total>
				<timestamp>24.219784</timestamp>
			</report>
			<report>
				<misses>3900001</misses>
				<total>0</total>
				<timestamp>24.847128</timestamp>
			</report>
			<report>
				<misses>4000001</misses>
				<total>0</total>
				<timestamp>25.476579</timestamp>
			</report>
			<report>
				<misses>4100001</misses>
				<total>0</total>
				<timestamp>26.103539</timestamp>
			</report>
			<report>
				<misses>4200001</misses>
				<total>0</total>
				<timestamp>26.730617</timestamp>
			</report>
			<report>
				<misses>4300001</misses>
				<total>0</total>
				<timestamp>27.357444</timestamp>
			</report>
			<report>
				<misses>4400001</misses>
				<total>0</total>
				<timestamp>27.987446</timestamp>
			</report>
			<report>
				<misses>4500001</misses>
				<total>0</total>
				<timestamp>28.612714</timestamp>
			</report>
			<report>
				<misses>4600001</misses>
				<total>0</total>
				<timestamp>29.244957</timestamp>
			</report>
			<report>
				<misses>4700001</misses>
				<total>0</total>
				<timestamp>29.872912</timestamp>
			</report>
			<report>
				<misses>4800001</misses>
				<total>0</total>
				<timestamp>30.507863</timestamp>
			</report>
			<report>
				<misses>4900001</misses>
				<total>0</total>
				<timestamp>31.134900</timestamp>
			</report>
			<report>
				<misses>5000001</misses>
				<total>0</total>
				<timestamp>31.772390</timestamp>
			</report>
			<report>
				<misses>5100001</misses>
				<total>0</total>
				<timestamp>32.399914</timestamp>
			</report>
			<report>
				<misses>5200001</misses>
				<total>0</total>
				<timestamp>33.036046</timestamp>
			</report>
			<report>
				<misses>5300001</misses>
				<total>0</total>
				<timestamp>33.665094</timestamp>
			</report>
			<report>
				<misses>5400001</misses>
				<total>0</total>
				<timestamp>34.296030</timestamp>
			</report>
			<report>
				<misses>5500001</misses>
				<total>0</total>
				<timestamp>34.932943</timestamp>
			</report>
			<report>
				<misses>5600001</misses>
				<total>0</total>
				<timestamp>35.560844</timestamp>
			</report>
			<report>
				<misses>5700001</misses>
				<total>0</total>
				<timestamp>36.194675</timestamp>
			</report>
			<report>
				<misses>5800001</misses>
				<total>0</total>
				<timestamp>36.824364</timestamp>
			</report>
			<report>
				<misses>5900001</misses>
				<total>0</total>
				<timestamp>37.462365</timestamp>
			</report>
			<report>
				<misses>6000001</misses>
				<total>0</total>
				<timestamp>38.097142</timestamp>
			</report>
			<report>
				<misses>6100001</misses>
				<total>0</total>
				<timestamp>38.733015</timestamp>
			</report>
			<report>
				<misses>6200001</misses>
				<total>0</total>
				<timestamp>39.385815</timestamp>
			</report>
			<report>
				<misses>6300001</misses>
				<total>0</total>
				<timestamp>40.016631</timestamp>
			</report>
			<report>
				<misses>6400001</misses>
				<total>0</total>
				<timestamp>40.645079</timestamp>
			</report>
			<report>
				<misses>6500001</misses>
				<total>0</total>
				<timestamp>41.284518</timestamp>
			</report>
			<report>
				<misses>6600001</misses>
				<total>0</total>
				<timestamp>41.913353</timestamp>
			</report>
			<report>
				<misses>6700001</misses>
				<total>0</total>
				<timestamp>42.543465</timestamp>
			</report>
			<report>
				<misses>6800001</misses>
				<total>0</total>
				<timestamp>43.172452</timestamp>
			</report>
			<report>
				<misses>6900001</misses>
				<total>0</total>
				<timestamp>43.802113</timestamp>
			</report>
			<report>
				<misses>7000001</misses>
				<total>0</total>
				<timestamp>44.430193</timestamp>
			</report>
			<report>
				<misses>7100001</misses>
				<total>0</total>
				<timestamp>45.058776</timestamp>
			</report>
			<report>
				<misses>7200001</misses>
				<total>0</total>
				<timestamp>45.692941</timestamp>
			</report>
			<report>
				<misses>7300001</misses>
				<total>0</total>
				<timestamp>46.323408</timestamp>
			</report>
			<report>
				<misses>7400001</misses>
				<total>0</total>
				<timestamp>46.956013</timestamp>
			</report>
			<report>
				<misses>7500001</misses>
				<total>0</total>
				<timestamp>47.589778</timestamp>
			</report>
			<report>
				<misses>7600001</misses>
				<total>0</total>
				<timestamp>48.218281</timestamp>
			</report>
			<report>
				<misses>7700001</misses>
				<total>0</total>
				<timestamp>48.853441</timestamp>
			</report>
			<report>
				<misses>7800001</misses>
				<total>0</total>
				<timestamp>49.487849</timestamp>
			</report>
			<report>
				<misses>7900001</misses>
				<total>0</total>
				<timestamp>50.117096</timestamp>
			</report>
			<report>
				<misses>8000001</misses>
				<total>0</total>
				<timestamp>50.744325</timestamp>
			</report>
			<report>
				<misses>8100001</misses>
				<total>0</total>
				<timestamp>51.379867</timestamp>
			</report>
			<report>
				<misses>8200001</misses>
				<total>0</total>
				<timestamp>52.008795</timestamp>
			</report>
			<report>
				<misses>8300001</misses>
				<total>0</total>
				<timestamp>52.636305</timestamp>
			</report>
			<report>
				<misses>8400001</misses>
				<total>0</total>
				<timestamp>53.270438</timestamp>
			</report>
			<report>
				<misses>8500001</misses>
				<total>0</total>
				<timestamp>53.900578</timestamp>
			</report>
			<report>
				<misses>8600001</misses>
				<total>0</total>
				<timestamp>54.542296</timestamp>
			</report>
			<report>
				<misses>8700001</misses>
				<total>0</total>
				<timestamp>55.187042</timestamp>
			</report>
			<report>
				<misses>8800001</misses>
				<total>0</total>
				<timestamp>55.813581</timestamp>
			</report>
			<report>
				<misses>8900001</misses>
				<total>0</total>
				<timestamp>56.439504</timestamp>
			</report>
			<report>
				<misses>9000001</misses>
				<total>0</total>
				<timestamp>57.067181</timestamp>
			</report>
			<report>
				<misses>9100001</misses>
				<total>0</total>
				<timestamp>57.696947</timestamp>
			</report>
			<report>
				<misses>9200001</misses>
				<total>0</total>
				<timestamp>58.330266</timestamp>
			</report>
			<report>
				<misses>9300001</misses>
				<total>0</total>
				<timestamp>58.954758</timestamp>
			</report>
			<report>
				<misses>9400001</misses>
				<total>0</total>
				<timestamp>59.602379</timestamp>
			</report>
			<report>
				<misses>9500001</misses>
				<total>0</total>
				<timestamp>60.236644</timestamp>
			</report>
			<report>
				<misses>9600001</misses>
				<total>0</total>
				<timestamp>60.863367</timestamp>
			</report>
			<report>
				<misses>9700001</misses>
				<total>0</total>
				<timestamp>61.491897</timestamp>
			</report>
			<report>
				<misses>9800001</misses>
				<total>0</total>
				<timestamp>62.124838</timestamp>
			</report>
			<report>
				<misses>9900001</misses>
				<total>0</total>
				<timestamp>62.796178</timestamp>
			</report>
			<report>
				<misses>10000001</misses>
				<total>0</total>
				<timestamp>63.425885</timestamp>
			</report>
			<report>
				<misses>10100001</misses>
				<total>0</total>
				<timestamp>64.052734</timestamp>
			</report>
			<report>
				<misses>10200001</misses>
				<total>0</total>
				<timestamp>64.684852</timestamp>
			</report>
			<report>
				<misses>10300001</misses>
				<total>0</total>
				<timestamp>65.316225</timestamp>
			</report>
			<report>
				<misses>10400001</misses>
				<total>0</total>
				<timestamp>65.949692</timestamp>
			</report>
			<report>
				<misses>10500001</misses>
				<total>0</total>
				<timestamp>66.580042</timestamp>
			</report>
			<report>
				<misses>10600001</misses>
				<total>0</total>
				<timestamp>67.212060</timestamp>
			</report>
			<report>
				<misses>10700001</misses>
				<total>0</total>
				<timestamp>67.839413</timestamp>
			</report>
			<report>
				<misses>10800001</misses>
				<total>0</total>
				<timestamp>68.466927</timestamp>
			</report>
			<report>
				<misses>10900001</misses>
				<total>0</total>
				<timestamp>69.099427</timestamp>
			</report>
			<report>
				<misses>11000001</misses>
				<total>0</total>
				<timestamp>69.735861</timestamp>
			</report>
			<report>
				<misses>11100001</misses>
				<total>0</total>
				<timestamp>70.370384</timestamp>
			</report>
			<report>
				<misses>11200001</misses>
				<total>0</total>
				<timestamp>71.000181</timestamp>
			</report>
			<report>
				<misses>11300001</misses>
				<total>0</total>
				<timestamp>71.626163</timestamp>
			</report>
			<report>
				<misses>11400001</misses>
				<total>0</total>
				<timestamp>72.253354</timestamp>
			</report>
			<report>
				<misses>11500001</misses>
				<total>0</total>
				<timestamp>72.881626</timestamp>
			</report>
			<report>
				<misses>11600001</misses>
				<total>0</total>
				<timestamp>73.514110</timestamp>
			</report>
			<report>
				<misses>11700001</misses>
				<total>0</total>
				<timestamp>74.144443</timestamp>
			</report>
			<report>
				<misses>11800001</misses>
				<total>0</total>
				<timestamp>74.775602</timestamp>
			</report>
			<report>
				<misses>11900001</misses>
				<total>0</total>
				<timestamp>75.402828</timestamp>
			</report>
			<report>
				<misses>12000001</misses>
				<total>0</total>
				<timestamp>76.026178</timestamp>
			</report>
			<report>
				<misses>12100001</misses>
				<total>0</total>
				<timestamp>76.658539</timestamp>
			</report>
			<report>
				<misses>12200001</misses>
				<total>0</total>
				<timestamp>77.287275</timestamp>
			</report>
			<report>
				<misses>12300001</misses>
				<total>0</total>
				<timestamp>77.917429</timestamp>
			</report>
			<report>
				<misses>12400001</misses>
				<total>0</total>
				<timestamp>78.548965</timestamp>
			</report>
			<report>
				<misses>12500001</misses>
				<total>0</total>
				<timestamp>79.175937</timestamp>
			</report>
			<report>
				<misses>12600001</misses>
				<total>0</total>
				<timestamp>79.802892</timestamp>
			</report>
			<report>
				<misses>12700001</misses>
				<total>0</total>
				<timestamp>80.442005</timestamp>
			</report>
			<report>
				<misses>12800001</misses>
				<total>0</total>
				<timestamp>81.069817</timestamp>
			</report>
			<report>
				<misses>12900001</misses>
				<total>0</total>
				<timestamp>81.705768</timestamp>
			</report>
			<report>
				<misses>13000001</misses>
				<total>0</total>
				<timestamp>82.363786</timestamp>
			</report>
			<report>
				<misses>13100001</misses>
				<total>0</total>
				<timestamp>82.991712</timestamp>
			</report>
			<report>
				<misses>13200001</misses>
				<total>0</total>
				<timestamp>83.621030</timestamp>
			</report>
			<report>
				<misses>13300001</misses>
				<total>0</total>
				<timestamp>84.253277</timestamp>
			</report>
			<report>
				<misses>13400001</misses>
				<total>0</total>
				<timestamp>84.880422</timestamp>
			</report>
			<report>
				<misses>13500001</misses>
				<total>0</total>
				<timestamp>85.512235</timestamp>
			</report>
			<report>
				<misses>13600001</misses>
				<total>0</total>
				<timestamp>86.137756</timestamp>
			</report>
			<report>
				<misses>13700001</misses>
				<total>0</total>
				<timestamp>86.765587</timestamp>
			</report>
			<report>
				<misses>13800001</misses>
				<total>0</total>
				<timestamp>87.393679</timestamp>
			</report>
			<report>
				<misses>13900001</misses>
				<total>0</total>
				<timestamp>88.019927</timestamp>
			</report>
			<report>
				<misses>14000001</misses>
				<total>0</total>
				<timestamp>88.658628</timestamp>
			</report>
			<report>
				<misses>14100001</misses>
				<total>0</total>
				<timestamp>89.310373</timestamp>
			</report>
			<report>
				<misses>14200001</misses>
				<total>0</total>
				<timestamp>89.948946</timestamp>
			</report>
			<report>
				<misses>14300001</misses>
				<total>0</total>
				<timestamp>90.578001</timestamp>
			</report>
			<report>
				<misses>14400001</misses>
				<total>0</total>
				<timestamp>91.207215</timestamp>
			</report>
			<report>
				<misses>14500001</misses>
				<total>0</total>
				<timestamp>91.832031</timestamp>
			</report>
			<report>
				<misses>14600001</misses>
				<total>0</total>
				<timestamp>92.462133</timestamp>
			</report>
			<report>
				<misses>14700001</misses>
				<total>0</total>
				<timestamp>93.088611</timestamp>
			</report>
			<report>
				<misses>14800001</misses>
				<total>0</total>
				<timestamp>93.716229</timestamp>
			</report>
			<report>
				<misses>14900001</misses>
				<total>0</total>
				<timestamp>94.349500</timestamp>
			</report>
			<report>
				<misses>15000001</misses>
				<total>0</total>
				<timestamp>94.976600</timestamp>
			</report>
			<report>
				<misses>15100001</misses>
				<total>0</total>
				<timestamp>95.603004</timestamp>
			</report>
			<report>
				<misses>15200001</misses>
				<total>0</total>
				<timestamp>96.229003</timestamp>
			</report>
			<report>
				<misses>15300001</misses>
				<total>0</total>
				<timestamp>96.855995</timestamp>
			</report>
			<report>
				<misses>15400001</misses>
				<total>0</total>
				<timestamp>97.483661</timestamp>
			</report>
			<report>
				<misses>15500001</misses>
				<total>0</total>
				<timestamp>98.109910</timestamp>
			</report>
			<report>
				<misses>15600001</misses>
				<total>0</total>
				<timestamp>98.739775</timestamp>
			</report>
			<report>
				<misses>15700001</misses>
				<total>0</total>
				<timestamp>99.367570</timestamp>
			</report>
			<report>
				<misses>15800001</misses>
				<total>0</total>
				<timestamp>99.998642</timestamp>
			</report>
			<report>
				<misses>15900001</misses>
				<total>0</total>
				<timestamp>100.625808</timestamp>
			</report>
			<report>
				<misses>16000001</misses>
				<total>0</total>
				<timestamp>101.252731</timestamp>
			</report>
			<report>
				<misses>16100001</misses>
				<total>0</total>
				<timestamp>101.886280</timestamp>
			</report>
			<report>
				<misses>16200001</misses>
				<total>0</total>
				<timestamp>102.520075</timestamp>
			</report>
			<report>
				<misses>16300001</misses>
				<total>0</total>
				<timestamp>103.152204</timestamp>
			</report>
			<report>
				<misses>16400001</misses>
				<total>0</total>
				<timestamp>103.786843</timestamp>
			</report>
			<report>
				<misses>16500001</misses>
				<total>0</total>
				<timestamp>104.415563</timestamp>
			</report>
			<report>
				<misses>16600001</misses>
				<total>0</total>
				<timestamp>105.061795</timestamp>
			</report>
			<report>
				<misses>16700001</misses>
				<total>0</total>
				<timestamp>105.690444</timestamp>
			</report>
			<report>
				<misses>16800001</misses>
				<total>0</total>
				<timestamp>106.319671</timestamp>
			</report>
			<report>
				<misses>16900001</misses>
				<total>0</total>
				<timestamp>106.951778</timestamp>
			</report>
			<report>
				<misses>17000001</misses>
				<total>0</total>
				<timestamp>107.587215</timestamp>
			</report>
			<report>
				<misses>17100001</misses>
				<total>0</total>
				<timestamp>108.215742</timestamp>
			</report>
			<report>
				<misses>17200001</misses>
				<total>0</total>
				<timestamp>108.842674</timestamp>
			</report>
			<report>
				<misses>17300001</misses>
				<total>0</total>
				<timestamp>109.478663</timestamp>
			</report>
			<report>
				<misses>17400001</misses>
				<total>0</total>
				<timestamp>110.116610</timestamp>
			</report>
			<report>
				<misses>17500001</misses>
				<total>0</total>
				<timestamp>110.751651</timestamp>
			</report>
			<report>
				<misses>17600001</misses>
				<total>0</total>
				<timestamp>111.387446</timestamp>
			</report>
			<report>
				<misses>17700001</misses>
				<total>0</total>
				<timestamp>112.017054</timestamp>
			</report>
			<report>
				<misses>17800001</misses>
				<total>0</total>
				<timestamp>112.650592</timestamp>
			</report>
			<report>
				<misses>17900001</misses>
				<total>0</total>
				<timestamp>113.280776</timestamp>
			</report>
			<report>
				<misses>18000001</misses>
				<total>0</total>
				<timestamp>113.920002</timestamp>
			</report>
			<report>
				<misses>18100001</misses>
				<total>0</total>
				<timestamp>114.555140</timestamp>
			</report>
			<report>
				<misses>18200001</misses>
				<total>0</total>
				<timestamp>115.186634</timestamp>
			</report>
			<report>
				<misses>18300001</misses>
				<total>0</total>
				<timestamp>115.811167</timestamp>
			</report>
			<report>
				<misses>18400001</misses>
				<total>0</total>
				<timestamp>116.459150</timestamp>
			</report>
			<report>
				<misses>18500001</misses>
				<total>0</total>
				<timestamp>117.088531</timestamp>
			</report>
			<report>
				<misses>18600001</misses>
				<total>0</total>
				<timestamp>117.728446</timestamp>
			</report>
			<report>
				<misses>18700001</misses>
				<total>0</total>
				<timestamp>118.358416</timestamp>
			</report>
			<report>
				<misses>18800001</misses>
				<total>0</total>
				<timestamp>118.992074</timestamp>
			</report>
			<report>
				<misses>18900001</misses>
				<total>0</total>
				<timestamp>119.622356</timestamp>
			</report>
			<report>
				<misses>19000001</misses>
				<total>0</total>
				<timestamp>120.253603</timestamp>
			</report>
			<report>
				<misses>19100001</misses>
				<total>0</total>
				<timestamp>120.882593</timestamp>
			</report>
			<report>
				<misses>19200001</misses>
				<total>0</total>
				<timestamp>121.510497</timestamp>
			</report>
			<report>
				<misses>19300001</misses>
				<total>0</total>
				<timestamp>122.149754</timestamp>
			</report>
			<report>
				<misses>19400001</misses>
				<total>0</total>
				<timestamp>122.788129</timestamp>
			</report>
			<report>
				<misses>19500001</misses>
				<total>0</total>
				<timestamp>123.422404</timestamp>
			</report>
			<report>
				<misses>19600001</misses>
				<total>0</total>
				<timestamp>124.065591</timestamp>
			</report>
			<report>
				<misses>19700001</misses>
				<total>0</total>
				<timestamp>124.696289</timestamp>
			</report>
			<report>
				<misses>19800001</misses>
				<total>0</total>
				<timestamp>125.320013</timestamp>
			</report>
			<report>
				<misses>19900001</misses>
				<total>0</total>
				<timestamp>125.954307</timestamp>
			</report>
			<report>
				<misses>20000001</misses>
				<total>0</total>
				<timestamp>126.593415</timestamp>
			</report>
			<report>
				<misses>20100001</misses>
				<total>0</total>
				<timestamp>127.219350</timestamp>
			</report>
			<report>
				<misses>20200001</misses>
				<total>0</total>
				<timestamp>127.848873</timestamp>
			</report>
			<report>
				<misses>20300001</misses>
				<total>0</total>
				<timestamp>128.489725</timestamp>
			</report>
			<report>
				<misses>20400001</misses>
				<total>0</total>
				<timestamp>129.118404</timestamp>
			</report>
			<report>
				<misses>20500001</misses>
				<total>0</total>
				<timestamp>129.743318</timestamp>
			</report>
			<report>
				<misses>20600001</misses>
				<total>0</total>
				<timestamp>130.369352</timestamp>
			</report>
			<report>
				<misses>20700001</misses>
				<total>0</total>
				<timestamp>131.000226</timestamp>
			</report>
			<report>
				<misses>20800001</misses>
				<total>0</total>
				<timestamp>131.627487</timestamp>
			</report>
			<report>
				<misses>20900001</misses>
				<total>0</total>
				<timestamp>132.258659</timestamp>
			</report>
			<report>
				<misses>21000001</misses>
				<total>0</total>
				<timestamp>132.883821</timestamp>
			</report>
			<report>
				<misses>21100001</misses>
				<total>0</total>
				<timestamp>133.511910</timestamp>
			</report>
			<report>
				<misses>21200001</misses>
				<total>0</total>
				<timestamp>134.148695</timestamp>
			</report>
			<report>
				<misses>21300001</misses>
				<total>0</total>
				<timestamp>134.774078</timestamp>
			</report>
			<report>
				<misses>21400001</misses>
				<total>0</total>
				<timestamp>135.405152</timestamp>
			</report>
			<report>
				<misses>21500001</misses>
				<total>0</total>
				<timestamp>136.043796</timestamp>
			</report>
			<report>
				<misses>21600001</misses>
				<total>0</total>
				<timestamp>136.671481</timestamp>
			</report>
			<report>
				<misses>21700001</misses>
				<total>0</total>
				<timestamp>137.305047</timestamp>
			</report>
			<report>
				<misses>21800001</misses>
				<total>0</total>
				<timestamp>137.932205</timestamp>
			</report>
			<report>
				<misses>21900001</misses>
				<total>0</total>
				<timestamp>138.561238</timestamp>
			</report>
			<report>
				<misses>22000001</misses>
				<total>0</total>
				<timestamp>139.198520</timestamp>
			</report>
			<report>
				<misses>22100001</misses>
				<total>0</total>
				<timestamp>139.824666</timestamp>
			</report>
			<report>
				<misses>22200001</misses>
				<total>0</total>
				<timestamp>140.467806</timestamp>
			</report>
			<report>
				<misses>22300001</misses>
				<total>0</total>
				<timestamp>141.110736</timestamp>
			</report>
			<report>
				<misses>22400001</misses>
				<total>0</total>
				<timestamp>141.738488</timestamp>
			</report>
			<report>
				<misses>22500001</misses>
				<total>0</total>
				<timestamp>142.368598</timestamp>
			</report>
			<report>
				<misses>22600001</misses>
				<total>0</total>
				<timestamp>142.996543</timestamp>
			</report>
			<report>
				<misses>22700001</misses>
				<total>0</total>
				<timestamp>143.622626</timestamp>
			</report>
			<report>
				<misses>22800001</misses>
				<total>0</total>
				<timestamp>144.255767</timestamp>
			</report>
			<report>
				<misses>22900001</misses>
				<total>0</total>
				<timestamp>144.880920</timestamp>
			</report>
			<report>
				<misses>23000001</misses>
				<total>0</total>
				<timestamp>145.506683</timestamp>
			</report>
			<report>
				<misses>23100001</misses>
				<total>0</total>
				<timestamp>146.130659</timestamp>
			</report>
			<report>
				<misses>23200001</misses>
				<total>0</total>
				<timestamp>146.756720</timestamp>
			</report>
			<report>
				<misses>23300001</misses>
				<total>0</total>
				<timestamp>147.388094</timestamp>
			</report>
			<report>
				<misses>23400001</misses>
				<total>0</total>
				<timestamp>148.014270</timestamp>
			</report>
			<report>
				<misses>23500001</misses>
				<total>0</total>
				<timestamp>148.644284</timestamp>
			</report>
			<report>
				<misses>23600001</misses>
				<total>0</total>
				<timestamp>149.276665</timestamp>
			</report>
			<report>
				<misses>23700001</misses>
				<total>0</total>
				<timestamp>149.902101</timestamp>
			</report>
			<report>
				<misses>23800001</misses>
				<total>0</total>
				<timestamp>150.534378</timestamp>
			</report>
			<report>
				<misses>23900001</misses>
				<total>0</total>
				<timestamp>151.161330</timestamp>
			</report>
			<report>
				<misses>24000001</misses>
				<total>0</total>
				<timestamp>151.792084</timestamp>
			</report>
			<report>
				<misses>24100001</misses>
				<total>0</total>
				<timestamp>152.422028</timestamp>
			</report>
			<report>
				<misses>24200001</misses>
				<total>0</total>
				<timestamp>153.049540</timestamp>
			</report>
			<report>
				<misses>24300001</misses>
				<total>0</total>
				<timestamp>153.676561</timestamp>
			</report>
			<report>
				<misses>24400001</misses>
				<total>0</total>
				<timestamp>154.309649</timestamp>
			</report>
			<report>
				<misses>24500001</misses>
				<total>0</total>
				<timestamp>154.944321</timestamp>
			</report>
			<report>
				<misses>24600001</misses>
				<total>0</total>
				<timestamp>155.571752</timestamp>
			</report>
			<report>
				<misses>24700001</misses>
				<total>0</total>
				<timestamp>156.198381</timestamp>
			</report>
			<report>
				<misses>24800001</misses>
				<total>0</total>
				<timestamp>156.823274</timestamp>
			</report>
			<report>
				<misses>24900001</misses>
				<total>0</total>
				<timestamp>157.451344</timestamp>
			</report>
			<report>
				<misses>25000001</misses>
				<total>0</total>
				<timestamp>158.084097</timestamp>
			</report>
			<report>
				<misses>25100001</misses>
				<total>0</total>
				<timestamp>158.713848</timestamp>
			</report>
			<report>
				<misses>25200001</misses>
				<total>0</total>
				<timestamp>159.352056</timestamp>
			</report>
			<report>
				<misses>25300001</misses>
				<total>0</total>
				<timestamp>159.985960</timestamp>
			</report>
			<report>
				<misses>25400001</misses>
				<total>0</total>
				<timestamp>160.624383</timestamp>
			</report>
			<report>
				<misses>25500001</misses>
				<total>0</total>
				<timestamp>161.255731</timestamp>
			</report>
			<report>
				<misses>25600001</misses>
				<total>0</total>
				<timestamp>161.894211</timestamp>
			</report>
			<report>
				<misses>25700001</misses>
				<total>0</total>
				<timestamp>162.533135</timestamp>
			</report>
			<report>
				<misses>25800001</misses>
				<total>0</total>
				<timestamp>163.161881</timestamp>
			</report>
			<report>
				<misses>25900001</misses>
				<total>0</total>
				<timestamp>163.789736</timestamp>
			</report>
			<report>
				<misses>26000001</misses>
				<total>0</total>
				<timestamp>164.417668</timestamp>
			</report>
			<report>
				<misses>26100001</misses>
				<total>0</total>
				<timestamp>165.045212</timestamp>
			</report>
			<report>
				<misses>26200001</misses>
				<total>0</total>
				<timestamp>165.673985</timestamp>
			</report>
			<report>
				<misses>26300001</misses>
				<total>0</total>
				<timestamp>166.313339</timestamp>
			</report>
			<report>
				<misses>26400001</misses>
				<total>0</total>
				<timestamp>166.956215</timestamp>
			</report>
			<report>
				<misses>26500001</misses>
				<total>0</total>
				<timestamp>167.612601</timestamp>
			</report>
			<report>
				<misses>26600001</misses>
				<total>0</total>
				<timestamp>168.242361</timestamp>
			</report>
			<report>
				<misses>26700001</misses>
				<total>0</total>
				<timestamp>168.875515</timestamp>
			</report>
			<report>
				<misses>26800001</misses>
				<total>0</total>
				<timestamp>169.511292</timestamp>
			</report>
			<report>
				<misses>26900001</misses>
				<total>0</total>
				<timestamp>170.137341</timestamp>
			</report>
			<report>
				<misses>27000001</misses>
				<total>0</total>
				<timestamp>170.770102</timestamp>
			</report>
			<report>
				<misses>27100001</misses>
				<total>0</total>
				<timestamp>171.405505</timestamp>
			</report>
			<report>
				<misses>27200001</misses>
				<total>0</total>
				<timestamp>172.043657</timestamp>
			</report>
			<report>
				<misses>27300001</misses>
				<total>0</total>
				<timestamp>172.678479</timestamp>
			</report>
			<report>
				<misses>27400001</misses>
				<total>0</total>
				<timestamp>173.315130</timestamp>
			</report>
			<report>
				<misses>27500001</misses>
				<total>0</total>
				<timestamp>173.941821</timestamp>
			</report>
			<report>
				<misses>27600001</misses>
				<total>0</total>
				<timestamp>174.569237</timestamp>
			</report>
			<report>
				<misses>27700001</misses>
				<total>0</total>
				<timestamp>175.199686</timestamp>
			</report>
			<report>
				<misses>27800001</misses>
				<total>0</total>
				<timestamp>175.830395</timestamp>
			</report>
			<report>
				<misses>27900001</misses>
				<total>0</total>
				<timestamp>176.465575</timestamp>
			</report>
			<report>
				<misses>28000001</misses>
				<total>0</total>
				<timestamp>177.099843</timestamp>
			</report>
			<report>
				<misses>28100001</misses>
				<total>0</total>
				<timestamp>177.735397</timestamp>
			</report>
			<report>
				<misses>28200001</misses>
				<total>0</total>
				<timestamp>178.364504</timestamp>
			</report>
			<report>
				<misses>28300001</misses>
				<total>0</total>
				<timestamp>178.996556</timestamp>
			</report>
			<report>
				<misses>28400001</misses>
				<total>0</total>
				<timestamp>179.628925</timestamp>
			</report>
			<report>
				<misses>28500001</misses>
				<total>0</total>
				<timestamp>180.262042</timestamp>
			</report>
			<report>
				<misses>28600001</misses>
				<total>0</total>
				<timestamp>180.888510</timestamp>
			</report>
			<report>
				<misses>28700001</misses>
				<total>0</total>
				<timestamp>181.518104</timestamp>
			</report>
			<report>
				<misses>28800001</misses>
				<total>0</total>
				<timestamp>182.151960</timestamp>
			</report>
			<report>
				<misses>28900001</misses>
				<total>0</total>
				<timestamp>182.778915</timestamp>
			</report>
			<report>
				<misses>29000001</misses>
				<total>0</total>
				<timestamp>183.410530</timestamp>
			</report>
			<report>
				<misses>29100001</misses>
				<total>0</total>
				<timestamp>184.047420</timestamp>
			</report>
			<report>
				<misses>29200001</misses>
				<total>0</total>
				<timestamp>184.683302</timestamp>
			</report>
			<report>
				<misses>29300001</misses>
				<total>0</total>
				<timestamp>185.317951</timestamp>
			</report>
			<report>
				<misses>29400001</misses>
				<total>0</total>
				<timestamp>185.947821</timestamp>
			</report>
			<report>
				<misses>29500001</misses>
				<total>0</total>
				<timestamp>186.577697</timestamp>
			</report>
			<report>
				<misses>29600001</misses>
				<total>0</total>
				<timestamp>187.206748</timestamp>
			</report>
			<report>
				<misses>29700001</misses>
				<total>0</total>
				<timestamp>187.832237</timestamp>
			</report>
			<report>
				<misses>29800001</misses>
				<total>0</total>
				<timestamp>188.463677</timestamp>
			</report>
			<report>
				<misses>29900001</misses>
				<total>0</total>
				<timestamp>189.089811</timestamp>
			</report>
			<report>
				<misses>30000001</misses>
				<total>0</total>
				<timestamp>189.716721</timestamp>
			</report>
			<report>
				<misses>30100001</misses>
				<total>0</total>
				<timestamp>190.343400</timestamp>
			</report>
			<report>
				<misses>30200001</misses>
				<total>0</total>
				<timestamp>190.968993</timestamp>
			</report>
			<report>
				<misses>30300001</misses>
				<total>0</total>
				<timestamp>191.593956</timestamp>
			</report>
			<report>
				<misses>30400001</misses>
				<total>0</total>
				<timestamp>192.222147</timestamp>
			</report>
			<report>
				<misses>30500001</misses>
				<total>0</total>
				<timestamp>192.852992</timestamp>
			</report>
			<report>
				<misses>30600001</misses>
				<total>0</total>
				<timestamp>193.481724</timestamp>
			</report>
			<report>
				<misses>30700001</misses>
				<total>0</total>
				<timestamp>194.113514</timestamp>
			</report>
			<report>
				<misses>30800001</misses>
				<total>0</total>
				<timestamp>194.741165</timestamp>
			</report>
			<report>
				<misses>30900001</misses>
				<total>0</total>
				<timestamp>195.369221</timestamp>
			</report>
			<report>
				<misses>31000001</misses>
				<total>0</total>
				<timestamp>195.999815</timestamp>
			</report>
			<report>
				<misses>31100001</misses>
				<total>0</total>
				<timestamp>196.626746</timestamp>
			</report>
			<report>
				<misses>31200001</misses>
				<total>0</total>
				<timestamp>197.263939</timestamp>
			</report>
			<report>
				<misses>31300001</misses>
				<total>0</total>
				<timestamp>197.897080</timestamp>
			</report>
			<report>
				<misses>31400001</misses>
				<total>0</total>
				<timestamp>198.523728</timestamp>
			</report>
			<report>
				<misses>31500001</misses>
				<total>0</total>
				<timestamp>199.166154</timestamp>
			</report>
			<report>
				<misses>31600001</misses>
				<total>0</total>
				<timestamp>199.794088</timestamp>
			</report>
			<report>
				<misses>31700001</misses>
				<total>0</total>
				<timestamp>200.449803</timestamp>
			</report>
			<report>
				<misses>31800001</misses>
				<total>0</total>
				<timestamp>201.100195</timestamp>
			</report>
			<report>
				<misses>31900001</misses>
				<total>0</total>
				<timestamp>201.726159</timestamp>
			</report>
			<report>
				<misses>32000001</misses>
				<total>0</total>
				<timestamp>202.357497</timestamp>
			</report>
			<report>
				<misses>32100001</misses>
				<total>0</total>
				<timestamp>202.990870</timestamp>
			</report>
			<report>
				<misses>32200001</misses>
				<total>0</total>
				<timestamp>203.638774</timestamp>
			</report>
			<report>
				<misses>32300001</misses>
				<total>0</total>
				<timestamp>204.263732</timestamp>
			</report>
			<report>
				<misses>32400001</misses>
				<total>0</total>
				<timestamp>204.910964</timestamp>
			</report>
			<report>
				<misses>32500001</misses>
				<total>0</total>
				<timestamp>205.535860</timestamp>
			</report>
			<report>
				<misses>32600001</misses>
				<total>0</total>
				<timestamp>206.169345</timestamp>
			</report>
			<report>
				<misses>32700001</misses>
				<total>0</total>
				<timestamp>206.811067</timestamp>
			</report>
			<report>
				<misses>32800001</misses>
				<total>0</total>
				<timestamp>207.434827</timestamp>
			</report>
			<report>
				<misses>32900001</misses>
				<total>0</total>
				<timestamp>208.061858</timestamp>
			</report>
			<report>
				<misses>33000001</misses>
				<total>0</total>
				<timestamp>208.687345</timestamp>
			</report>
			<report>
				<misses>33100001</misses>
				<total>0</total>
				<timestamp>209.314607</timestamp>
			</report>
			<report>
				<misses>33200001</misses>
				<total>0</total>
				<timestamp>209.941501</timestamp>
			</report>
			<report>
				<misses>33300001</misses>
				<total>0</total>
				<timestamp>210.568360</timestamp>
			</report>
			<report>
				<misses>33400001</misses>
				<total>0</total>
				<timestamp>211.196293</timestamp>
			</report>
			<report>
				<misses>33500001</misses>
				<total>0</total>
				<timestamp>211.829658</timestamp>
			</report>
			<report>
				<misses>33600001</misses>
				<total>0</total>
				<timestamp>212.462918</timestamp>
			</report>
			<report>
				<misses>33700001</misses>
				<total>0</total>
				<timestamp>213.092235</timestamp>
			</report>
			<report>
				<misses>33800001</misses>
				<total>0</total>
				<timestamp>213.719929</timestamp>
			</report>
			<report>
				<misses>33900001</misses>
				<total>0</total>
				<timestamp>214.347811</timestamp>
			</report>
			<report>
				<misses>34000001</misses>
				<total>0</total>
				<timestamp>214.982765</timestamp>
			</report>
			<report>
				<misses>34100001</misses>
				<total>0</total>
				<timestamp>215.626901</timestamp>
			</report>
			<report>
				<misses>34200001</misses>
				<total>0</total>
				<timestamp>216.256300</timestamp>
			</report>
			<report>
				<misses>34300001</misses>
				<total>0</total>
				<timestamp>216.899411</timestamp>
			</report>
			<report>
				<misses>34400001</misses>
				<total>0</total>
				<timestamp>217.528197</timestamp>
			</report>
			<report>
				<misses>34500001</misses>
				<total>0</total>
				<timestamp>218.155580</timestamp>
			</report>
			<report>
				<misses>34600001</misses>
				<total>0</total>
				<timestamp>218.784090</timestamp>
			</report>
			<report>
				<misses>34700001</misses>
				<total>0</total>
				<timestamp>219.422078</timestamp>
			</report>
			<report>
				<misses>34800001</misses>
				<total>0</total>
				<timestamp>220.062271</timestamp>
			</report>
			<report>
				<misses>34900001</misses>
				<total>0</total>
				<timestamp>220.692577</timestamp>
			</report>
			<report>
				<misses>35000001</misses>
				<total>0</total>
				<timestamp>221.325408</timestamp>
			</report>
			<report>
				<misses>35100001</misses>
				<total>0</total>
				<timestamp>221.956603</timestamp>
			</report>
			<report>
				<misses>35200001</misses>
				<total>0</total>
				<timestamp>222.584407</timestamp>
			</report>
			<report>
				<misses>35300001</misses>
				<total>0</total>
				<timestamp>223.219248</timestamp>
			</report>
			<report>
				<misses>35400001</misses>
				<total>0</total>
				<timestamp>223.855291</timestamp>
			</report>
			<report>
				<misses>35500001</misses>
				<total>0</total>
				<timestamp>224.491269</timestamp>
			</report>
			<report>
				<misses>35600001</misses>
				<total>0</total>
				<timestamp>225.121555</timestamp>
			</report>
			<report>
				<misses>35700001</misses>
				<total>0</total>
				<timestamp>225.748377</timestamp>
			</report>
			<report>
				<misses>35800001</misses>
				<total>0</total>
				<timestamp>226.383761</timestamp>
			</report>
			<report>
				<misses>35900001</misses>
				<total>0</total>
				<timestamp>227.012033</timestamp>
			</report>
			<report>
				<misses>36000001</misses>
				<total>0</total>
				<timestamp>227.639954</timestamp>
			</report>
			<report>
				<misses>36100001</misses>
				<total>0</total>
				<timestamp>228.269769</timestamp>
			</report>
			<report>
				<misses>36200001</misses>
				<total>0</total>
				<timestamp>228.899305</timestamp>
			</report>
			<report>
				<misses>36300001</misses>
				<total>0</total>
				<timestamp>229.529208</timestamp>
			</report>
			<report>
				<misses>36400001</misses>
				<total>0</total>
				<timestamp>230.178611</timestamp>
			</report>
			<report>
				<misses>36500001</misses>
				<total>0</total>
				<timestamp>230.806274</timestamp>
			</report>
			<report>
				<misses>36600001</misses>
				<total>0</total>
				<timestamp>231.435273</timestamp>
			</report>
			<report>
				<misses>36700001</misses>
				<total>0</total>
				<timestamp>232.063494</timestamp>
			</report>
			<report>
				<misses>36800001</misses>
				<total>0</total>
				<timestamp>232.693267</timestamp>
			</report>
			<report>
				<misses>36900001</misses>
				<total>0</total>
				<timestamp>233.329328</timestamp>
			</report>
			<report>
				<misses>37000001</misses>
				<total>0</total>
				<timestamp>233.959145</timestamp>
			</report>
			<report>
				<misses>37100001</misses>
				<total>0</total>
				<timestamp>234.584654</timestamp>
			</report>
			<report>
				<misses>37200001</misses>
				<total>0</total>
				<timestamp>235.213529</timestamp>
			</report>
			<report>
				<misses>37300001</misses>
				<total>0</total>
				<timestamp>235.844036</timestamp>
			</report>
			<report>
				<misses>37400001</misses>
				<total>0</total>
				<timestamp>236.472240</timestamp>
			</report>
			<report>
				<misses>37500001</misses>
				<total>0</total>
				<timestamp>237.105121</timestamp>
			</report>
			<report>
				<misses>37600001</misses>
				<total>0</total>
				<timestamp>237.733313</timestamp>
			</report>
			<report>
				<misses>37700001</misses>
				<total>0</total>
				<timestamp>238.366511</timestamp>
			</report>
			<report>
				<misses>37800001</misses>
				<total>0</total>
				<timestamp>239.002648</timestamp>
			</report>
			<report>
				<misses>37900001</misses>
				<total>0</total>
				<timestamp>239.642578</timestamp>
			</report>
			<report>
				<misses>38000001</misses>
				<total>0</total>
				<timestamp>240.273209</timestamp>
			</report>
			<report>
				<misses>38100001</misses>
				<total>0</total>
				<timestamp>240.905941</timestamp>
			</report>
			<report>
				<misses>38200001</misses>
				<total>0</total>
				<timestamp>241.534065</timestamp>
			</report>
			<report>
				<misses>38300001</misses>
				<total>0</total>
				<timestamp>242.163327</timestamp>
			</report>
			<report>
				<misses>38400001</misses>
				<total>0</total>
				<timestamp>242.792569</timestamp>
			</report>
			<report>
				<misses>38500001</misses>
				<total>0</total>
				<timestamp>243.425399</timestamp>
			</report>
			<report>
				<misses>38600001</misses>
				<total>0</total>
				<timestamp>244.053939</timestamp>
			</report>
			<report>
				<misses>38700001</misses>
				<total>0</total>
				<timestamp>244.683657</timestamp>
			</report>
			<report>
				<misses>38800001</misses>
				<total>0</total>
				<timestamp>245.318383</timestamp>
			</report>
			<report>
				<misses>38900001</misses>
				<total>0</total>
				<timestamp>245.944816</timestamp>
			</report>
			<report>
				<misses>39000001</misses>
				<total>0</total>
				<timestamp>246.578218</timestamp>
			</report>
			<report>
				<misses>39100001</misses>
				<total>0</total>
				<timestamp>247.214562</timestamp>
			</report>
			<report>
				<misses>39200001</misses>
				<total>0</total>
				<timestamp>247.842301</timestamp>
			</report>
			<report>
				<misses>39300001</misses>
				<total>0</total>
				<timestamp>248.475042</timestamp>
			</report>
			<report>
				<misses>39400001</misses>
				<total>0</total>
				<timestamp>249.104466</timestamp>
			</report>
			<report>
				<misses>39500001</misses>
				<total>0</total>
				<timestamp>249.731458</timestamp>
			</report>
			<report>
				<misses>39600001</misses>
				<total>0</total>
				<timestamp>250.364847</timestamp>
			</report>
			<report>
				<misses>39700001</misses>
				<total>0</total>
				<timestamp>250.993434</timestamp>
			</report>
			<report>
				<misses>39800001</misses>
				<total>0</total>
				<timestamp>251.618131</timestamp>
			</report>
			<report>
				<misses>39900001</misses>
				<total>0</total>
				<timestamp>252.250421</timestamp>
			</report>
			<report>
				<misses>40000001</misses>
				<total>0</total>
				<timestamp>252.883253</timestamp>
			</report>
			<report>
				<misses>40100001</misses>
				<total>0</total>
				<timestamp>253.512696</timestamp>
			</report>
			<report>
				<misses>40200001</misses>
				<total>0</total>
				<timestamp>254.153138</timestamp>
			</report>
			<report>
				<misses>40300001</misses>
				<total>0</total>
				<timestamp>254.782822</timestamp>
			</report>
			<report>
				<misses>40400001</misses>
				<total>0</total>
				<timestamp>255.410357</timestamp>
			</report>
			<report>
				<misses>40500001</misses>
				<total>0</total>
				<timestamp>256.042439</timestamp>
			</report>
			<report>
				<misses>40600001</misses>
				<total>0</total>
				<timestamp>256.669585</timestamp>
			</report>
			<report>
				<misses>40700001</misses>
				<total>0</total>
				<timestamp>257.305090</timestamp>
			</report>
			<report>
				<misses>40800001</misses>
				<total>0</total>
				<timestamp>257.951099</timestamp>
			</report>
			<report>
				<misses>40900001</misses>
				<total>0</total>
				<timestamp>258.580486</timestamp>
			</report>
			<report>
				<misses>41000001</misses>
				<total>0</total>
				<timestamp>259.209722</timestamp>
			</report>
			<report>
				<misses>41100001</misses>
				<total>0</total>
				<timestamp>259.835676</timestamp>
			</report>
			<report>
				<misses>41200001</misses>
				<total>0</total>
				<timestamp>260.485854</timestamp>
			</report>
			<report>
				<misses>41300001</misses>
				<total>0</total>
				<timestamp>261.112912</timestamp>
			</report>
			<report>
				<misses>41400001</misses>
				<total>0</total>
				<timestamp>261.743024</timestamp>
			</report>
			<report>
				<misses>41500001</misses>
				<total>0</total>
				<timestamp>262.382179</timestamp>
			</report>
			<report>
				<misses>41600001</misses>
				<total>0</total>
				<timestamp>263.010921</timestamp>
			</report>
			<report>
				<misses>41700001</misses>
				<total>0</total>
				<timestamp>263.644326</timestamp>
			</report>
			<report>
				<misses>41800001</misses>
				<total>0</total>
				<timestamp>264.284843</timestamp>
			</report>
			<report>
				<misses>41900001</misses>
				<total>0</total>
				<timestamp>264.911366</timestamp>
			</report>
			<report>
				<misses>42000001</misses>
				<total>0</total>
				<timestamp>265.538686</timestamp>
			</report>
			<report>
				<misses>42100001</misses>
				<total>0</total>
				<timestamp>266.165750</timestamp>
			</report>
			<report>
				<misses>42200001</misses>
				<total>0</total>
				<timestamp>266.801350</timestamp>
			</report>
			<report>
				<misses>42300001</misses>
				<total>0</total>
				<timestamp>267.437469</timestamp>
			</report>
			<report>
				<misses>42400001</misses>
				<total>0</total>
				<timestamp>268.062656</timestamp>
			</report>
			<report>
				<misses>42500001</misses>
				<total>0</total>
				<timestamp>268.689037</timestamp>
			</report>
			<report>
				<misses>42600001</misses>
				<total>0</total>
				<timestamp>269.330537</timestamp>
			</report>
			<report>
				<misses>42700001</misses>
				<total>0</total>
				<timestamp>269.958942</timestamp>
			</report>
			<report>
				<misses>42800001</misses>
				<total>0</total>
				<timestamp>270.601439</timestamp>
			</report>
			<report>
				<misses>42900001</misses>
				<total>0</total>
				<timestamp>271.227900</timestamp>
			</report>
			<report>
				<misses>43000001</misses>
				<total>0</total>
				<timestamp>271.877721</timestamp>
			</report>
			<report>
				<misses>43100001</misses>
				<total>0</total>
				<timestamp>272.515993</timestamp>
			</report>
			<report>
				<misses>43200001</misses>
				<total>0</total>
				<timestamp>273.162784</timestamp>
			</report>
			<report>
				<misses>43300001</misses>
				<total>0</total>
				<timestamp>273.801206</timestamp>
			</report>
			<report>
				<misses>43400001</misses>
				<total>0</total>
				<timestamp>274.432398</timestamp>
			</report>
			<report>
				<misses>43500001</misses>
				<total>0</total>
				<timestamp>275.064770</timestamp>
			</report>
			<report>
				<misses>43600001</misses>
				<total>0</total>
				<timestamp>275.693968</timestamp>
			</report>
			<report>
				<misses>43700001</misses>
				<total>0</total>
				<timestamp>276.325125</timestamp>
			</report>
			<report>
				<misses>43800001</misses>
				<total>0</total>
				<timestamp>276.964082</timestamp>
			</report>
			<report>
				<misses>43900001</misses>
				<total>0</total>
				<timestamp>277.609834</timestamp>
			</report>
			<report>
				<misses>44000001</misses>
				<total>0</total>
				<timestamp>278.242718</timestamp>
			</report>
			<report>
				<misses>44100001</misses>
				<total>0</total>
				<timestamp>278.878244</timestamp>
			</report>
			<report>
				<misses>44200001</misses>
				<total>0</total>
				<timestamp>279.505768</timestamp>
			</report>
			<report>
				<misses>44300001</misses>
				<total>0</total>
				<timestamp>280.132339</timestamp>
			</report>
			<report>
				<misses>44400001</misses>
				<total>0</total>
				<timestamp>280.761433</timestamp>
			</report>
			<report>
				<misses>44500001</misses>
				<total>0</total>
				<timestamp>281.384896</timestamp>
			</report>
			<report>
				<misses>44600001</misses>
				<total>0</total>
				<timestamp>282.016161</timestamp>
			</report>
			<report>
				<misses>44700001</misses>
				<total>0</total>
				<timestamp>282.643252</timestamp>
			</report>
			<report>
				<misses>44800001</misses>
				<total>0</total>
				<timestamp>283.274490</timestamp>
			</report>
			<report>
				<misses>44900001</misses>
				<total>0</total>
				<timestamp>283.910131</timestamp>
			</report>
			<report>
				<misses>45000001</misses>
				<total>0</total>
				<timestamp>284.546431</timestamp>
			</report>
			<report>
				<misses>45100001</misses>
				<total>0</total>
				<timestamp>285.172668</timestamp>
			</report>
			<report>
				<misses>45200001</misses>
				<total>0</total>
				<timestamp>285.805477</timestamp>
			</report>
			<report>
				<misses>45300001</misses>
				<total>0</total>
				<timestamp>286.451845</timestamp>
			</report>
			<report>
				<misses>45400001</misses>
				<total>0</total>
				<timestamp>287.090943</timestamp>
			</report>
			<report>
				<misses>45500001</misses>
				<total>0</total>
				<timestamp>287.729602</timestamp>
			</report>
			<report>
				<misses>45600001</misses>
				<total>0</total>
				<timestamp>288.366368</timestamp>
			</report>
			<report>
				<misses>45700001</misses>
				<total>0</total>
				<timestamp>288.991721</timestamp>
			</report>
			<report>
				<misses>45800001</misses>
				<total>0</total>
				<timestamp>289.619475</timestamp>
			</report>
			<report>
				<misses>45900001</misses>
				<total>0</total>
				<timestamp>290.254482</timestamp>
			</report>
			<report>
				<misses>46000001</misses>
				<total>0</total>
				<timestamp>290.883875</timestamp>
			</report>
			<report>
				<misses>46100001</misses>
				<total>0</total>
				<timestamp>291.532211</timestamp>
			</report>
			<report>
				<misses>46200001</misses>
				<total>0</total>
				<timestamp>292.160744</timestamp>
			</report>
			<report>
				<misses>46300001</misses>
				<total>0</total>
				<timestamp>292.787294</timestamp>
			</report>
			<report>
				<misses>46400001</misses>
				<total>0</total>
				<timestamp>293.413388</timestamp>
			</report>
			<report>
				<misses>46500001</misses>
				<total>0</total>
				<timestamp>294.045218</timestamp>
			</report>
			<report>
				<misses>46600001</misses>
				<total>0</total>
				<timestamp>294.673140</timestamp>
			</report>
			<report>
				<misses>46700001</misses>
				<total>0</total>
				<timestamp>295.313580</timestamp>
			</report>
			<report>
				<misses>46800001</misses>
				<total>0</total>
				<timestamp>295.937215</timestamp>
			</report>
			<report>
				<misses>46900001</misses>
				<total>0</total>
				<timestamp>296.563239</timestamp>
			</report>
			<report>
				<misses>47000001</misses>
				<total>0</total>
				<timestamp>297.202480</timestamp>
			</report>
			<report>
				<misses>47100001</misses>
				<total>0</total>
				<timestamp>297.835834</timestamp>
			</report>
			<report>
				<misses>47200001</misses>
				<total>0</total>
				<timestamp>298.466227</timestamp>
			</report>
			<report>
				<misses>47300001</misses>
				<total>0</total>
				<timestamp>299.099127</timestamp>
			</report>
			<report>
				<misses>47400001</misses>
				<total>0</total>
				<timestamp>299.726438</timestamp>
			</report>
			<report>
				<misses>47500001</misses>
				<total>0</total>
				<timestamp>300.362005</timestamp>
			</report>
			<report>
				<misses>47600001</misses>
				<total>0</total>
				<timestamp>300.998193</timestamp>
			</report>
			<report>
				<misses>47700001</misses>
				<total>0</total>
				<timestamp>301.632154</timestamp>
			</report>
			<report>
				<misses>47800001</misses>
				<total>0</total>
				<timestamp>302.265392</timestamp>
			</report>
			<report>
				<misses>47900001</misses>
				<total>0</total>
				<timestamp>302.902450</timestamp>
			</report>
			<report>
				<misses>48000001</misses>
				<total>0</total>
				<timestamp>303.538841</timestamp>
			</report>
			<report>
				<misses>48100001</misses>
				<total>0</total>
				<timestamp>304.169010</timestamp>
			</report>
			<report>
				<misses>48200001</misses>
				<total>0</total>
				<timestamp>304.803064</timestamp>
			</report>
			<report>
				<misses>48300001</misses>
				<total>0</total>
				<timestamp>305.441654</timestamp>
			</report>
			<report>
				<misses>48400001</misses>
				<total>0</total>
				<timestamp>306.071573</timestamp>
			</report>
			<report>
				<misses>48500001</misses>
				<total>0</total>
				<timestamp>306.699902</timestamp>
			</report>
			<report>
				<misses>48600001</misses>
				<total>0</total>
				<timestamp>307.328653</timestamp>
			</report>
			<report>
				<misses>48700001</misses>
				<total>0</total>
				<timestamp>307.956495</timestamp>
			</report>
			<report>
				<misses>48800001</misses>
				<total>0</total>
				<timestamp>308.588960</timestamp>
			</report>
			<report>
				<misses>48900001</misses>
				<total>0</total>
				<timestamp>309.216179</timestamp>
			</report>
			<report>
				<misses>49000001</misses>
				<total>0</total>
				<timestamp>309.844324</timestamp>
			</report>
			<report>
				<misses>49100001</misses>
				<total>0</total>
				<timestamp>310.472949</timestamp>
			</report>
			<report>
				<misses>49200001</misses>
				<total>0</total>
				<timestamp>311.103327</timestamp>
			</report>
			<report>
				<misses>49300001</misses>
				<total>0</total>
				<timestamp>311.732603</timestamp>
			</report>
			<report>
				<misses>49400001</misses>
				<total>0</total>
				<timestamp>312.368380</timestamp>
			</report>
			<report>
				<misses>49500001</misses>
				<total>0</total>
				<timestamp>312.998185</timestamp>
			</report>
			<report>
				<misses>49600001</misses>
				<total>0</total>
				<timestamp>313.625490</timestamp>
			</report>
			<report>
				<misses>49700001</misses>
				<total>0</total>
				<timestamp>314.263699</timestamp>
			</report>
			<report>
				<misses>49800001</misses>
				<total>0</total>
				<timestamp>314.891289</timestamp>
			</report>
			<report>
				<misses>49900001</misses>
				<total>0</total>
				<timestamp>315.526591</timestamp>
			</report>
			<report>
				<misses>50000001</misses>
				<total>0</total>
				<timestamp>316.164429</timestamp>
			</report>
			<report>
				<misses>50100001</misses>
				<total>0</total>
				<timestamp>316.792244</timestamp>
			</report>
			<report>
				<misses>50200001</misses>
				<total>0</total>
				<timestamp>317.428541</timestamp>
			</report>
			<report>
				<misses>50300001</misses>
				<total>0</total>
				<timestamp>318.057876</timestamp>
			</report>
			<report>
				<misses>50400001</misses>
				<total>0</total>
				<timestamp>318.685474</timestamp>
			</report>
			<report>
				<misses>50500001</misses>
				<total>0</total>
				<timestamp>319.316625</timestamp>
			</report>
			<report>
				<misses>50600001</misses>
				<total>0</total>
				<timestamp>319.945601</timestamp>
			</report>
			<report>
				<misses>50700001</misses>
				<total>0</total>
				<timestamp>320.597381</timestamp>
			</report>
			<report>
				<misses>50800001</misses>
				<total>0</total>
				<timestamp>321.221766</timestamp>
			</report>
			<report>
				<misses>50900001</misses>
				<total>0</total>
				<timestamp>321.851236</timestamp>
			</report>
			<report>
				<misses>51000001</misses>
				<total>0</total>
				<timestamp>322.479065</timestamp>
			</report>
			<report>
				<misses>51100001</misses>
				<total>0</total>
				<timestamp>323.108187</timestamp>
			</report>
			<report>
				<misses>51200001</misses>
				<total>0</total>
				<timestamp>323.739720</timestamp>
			</report>
			<report>
				<misses>51300001</misses>
				<total>0</total>
				<timestamp>324.369641</timestamp>
			</report>
			<report>
				<misses>51400001</misses>
				<total>0</total>
				<timestamp>324.999852</timestamp>
			</report>
			<report>
				<misses>51500001</misses>
				<total>0</total>
				<timestamp>325.631296</timestamp>
			</report>
			<report>
				<misses>51600001</misses>
				<total>0</total>
				<timestamp>326.266406</timestamp>
			</report>
			<report>
				<misses>51700001</misses>
				<total>0</total>
				<timestamp>326.900171</timestamp>
			</report>
			<report>
				<misses>51800001</misses>
				<total>0</total>
				<timestamp>327.534063</timestamp>
			</report>
			<report>
				<misses>51900001</misses>
				<total>0</total>
				<timestamp>328.161923</timestamp>
			</report>
			<report>
				<misses>52000001</misses>
				<total>0</total>
				<timestamp>328.790956</timestamp>
			</report>
			<report>
				<misses>52100001</misses>
				<total>0</total>
				<timestamp>329.418406</timestamp>
			</report>
			<report>
				<misses>52200001</misses>
				<total>0</total>
				<timestamp>330.048993</timestamp>
			</report>
			<report>
				<misses>52300001</misses>
				<total>0</total>
				<timestamp>330.671975</timestamp>
			</report>
			<report>
				<misses>52400001</misses>
				<total>0</total>
				<timestamp>331.309685</timestamp>
			</report>
			<report>
				<misses>52500001</misses>
				<total>0</total>
				<timestamp>331.947309</timestamp>
			</report>
			<report>
				<misses>52600001</misses>
				<total>0</total>
				<timestamp>332.581242</timestamp>
			</report>
			<report>
				<misses>52700001</misses>
				<total>0</total>
				<timestamp>333.211875</timestamp>
			</report>
			<report>
				<misses>52800001</misses>
				<total>0</total>
				<timestamp>333.850146</timestamp>
			</report>
			<report>
				<misses>52900001</misses>
				<total>0</total>
				<timestamp>334.498311</timestamp>
			</report>
			<report>
				<misses>53000001</misses>
				<total>0</total>
				<timestamp>335.123399</timestamp>
			</report>
			<report>
				<misses>53100001</misses>
				<total>0</total>
				<timestamp>335.750211</timestamp>
			</report>
			<report>
				<misses>53200001</misses>
				<total>0</total>
				<timestamp>336.398049</timestamp>
			</report>
			<report>
				<misses>53300001</misses>
				<total>0</total>
				<timestamp>337.040268</timestamp>
			</report>
			<report>
				<misses>53400001</misses>
				<total>0</total>
				<timestamp>337.672864</timestamp>
			</report>
			<report>
				<misses>53500001</misses>
				<total>0</total>
				<timestamp>338.301457</timestamp>
			</report>
			<report>
				<misses>53600001</misses>
				<total>0</total>
				<timestamp>338.930042</timestamp>
			</report>
			<report>
				<misses>53700001</misses>
				<total>0</total>
				<timestamp>339.558818</timestamp>
			</report>
			<report>
				<misses>53800001</misses>
				<total>0</total>
				<timestamp>340.188700</timestamp>
			</report>
			<report>
				<misses>53900001</misses>
				<total>0</total>
				<timestamp>340.815869</timestamp>
			</report>
			<report>
				<misses>54000001</misses>
				<total>0</total>
				<timestamp>341.447238</timestamp>
			</report>
			<report>
				<misses>54100001</misses>
				<total>0</total>
				<timestamp>342.083780</timestamp>
			</report>
			<report>
				<misses>54200001</misses>
				<total>0</total>
				<timestamp>342.722792</timestamp>
			</report>
			<report>
				<misses>54300001</misses>
				<total>0</total>
				<timestamp>343.349419</timestamp>
			</report>
			<report>
				<misses>54400001</misses>
				<total>0</total>
				<timestamp>343.975466</timestamp>
			</report>
			<report>
				<misses>54500001</misses>
				<total>0</total>
				<timestamp>344.605331</timestamp>
			</report>
			<report>
				<misses>54600001</misses>
				<total>0</total>
				<timestamp>345.260953</timestamp>
			</report>
			<report>
				<misses>54700001</misses>
				<total>0</total>
				<timestamp>345.898245</timestamp>
			</report>
			<report>
				<misses>54800001</misses>
				<total>0</total>
				<timestamp>346.532686</timestamp>
			</report>
			<report>
				<misses>54900001</misses>
				<total>0</total>
				<timestamp>347.174677</timestamp>
			</report>
			<report>
				<misses>55000001</misses>
				<total>0</total>
				<timestamp>347.804283</timestamp>
			</report>
			<report>
				<misses>55100001</misses>
				<total>0</total>
				<timestamp>348.464420</timestamp>
			</report>
			<report>
				<misses>55200001</misses>
				<total>0</total>
				<timestamp>349.091258</timestamp>
			</report>
			<report>
				<misses>55300001</misses>
				<total>0</total>
				<timestamp>349.718526</timestamp>
			</report>
			<report>
				<misses>55400001</misses>
				<total>0</total>
				<timestamp>350.345011</timestamp>
			</report>
			<report>
				<misses>55500001</misses>
				<total>0</total>
				<timestamp>350.970476</timestamp>
			</report>
			<report>
				<misses>55600001</misses>
				<total>0</total>
				<timestamp>351.599210</timestamp>
			</report>
			<report>
				<misses>55700001</misses>
				<total>0</total>
				<timestamp>352.224733</timestamp>
			</report>
			<report>
				<misses>55800001</misses>
				<total>0</total>
				<timestamp>352.854585</timestamp>
			</report>
			<report>
				<misses>55900001</misses>
				<total>0</total>
				<timestamp>353.490864</timestamp>
			</report>
			<report>
				<misses>56000001</misses>
				<total>0</total>
				<timestamp>354.122778</timestamp>
			</report>
			<report>
				<misses>56100001</misses>
				<total>0</total>
				<timestamp>354.770815</timestamp>
			</report>
			<report>
				<misses>56200001</misses>
				<total>0</total>
				<timestamp>355.413693</timestamp>
			</report>
			<report>
				<misses>56300001</misses>
				<total>0</total>
				<timestamp>356.039369</timestamp>
			</report>
			<report>
				<misses>56400001</misses>
				<total>0</total>
				<timestamp>356.666154</timestamp>
			</report>
			<report>
				<misses>56500001</misses>
				<total>0</total>
				<timestamp>357.295482</timestamp>
			</report>
			<report>
				<misses>56600001</misses>
				<total>0</total>
				<timestamp>357.942402</timestamp>
			</report>
			<report>
				<misses>56700001</misses>
				<total>0</total>
				<timestamp>358.574566</timestamp>
			</report>
			<report>
				<misses>56800001</misses>
				<total>0</total>
				<timestamp>359.204239</timestamp>
			</report>
			<report>
				<misses>56900001</misses>
				<total>0</total>
				<timestamp>359.834855</timestamp>
			</report>
			<report>
				<misses>57000001</misses>
				<total>0</total>
				<timestamp>360.465077</timestamp>
			</report>
			<report>
				<misses>57100001</misses>
				<total>0</total>
				<timestamp>361.100719</timestamp>
			</report>
			<report>
				<misses>57200001</misses>
				<total>0</total>
				<timestamp>361.739282</timestamp>
			</report>
			<report>
				<misses>57300001</misses>
				<total>0</total>
				<timestamp>362.378344</timestamp>
			</report>
			<report>
				<misses>57400001</misses>
				<total>0</total>
				<timestamp>363.005431</timestamp>
			</report>
			<report>
				<misses>57500001</misses>
				<total>0</total>
				<timestamp>363.635647</timestamp>
			</report>
			<report>
				<misses>57600001</misses>
				<total>0</total>
				<timestamp>364.265192</timestamp>
			</report>
			<report>
				<misses>57700001</misses>
				<total>0</total>
				<timestamp>364.898116</timestamp>
			</report>
			<report>
				<misses>57800001</misses>
				<total>0</total>
				<timestamp>365.533851</timestamp>
			</report>
			<report>
				<misses>57900001</misses>
				<total>0</total>
				<timestamp>366.172691</timestamp>
			</report>
			<report>
				<misses>58000001</misses>
				<total>0</total>
				<timestamp>366.805508</timestamp>
			</report>
			<report>
				<misses>58100001</misses>
				<total>0</total>
				<timestamp>367.434723</timestamp>
			</report>
			<report>
				<misses>58200001</misses>
				<total>0</total>
				<timestamp>368.073472</timestamp>
			</report>
			<report>
				<misses>58300001</misses>
				<total>0</total>
				<timestamp>368.702575</timestamp>
			</report>
			<report>
				<misses>58400001</misses>
				<total>0</total>
				<timestamp>369.330084</timestamp>
			</report>
			<report>
				<misses>58500001</misses>
				<total>0</total>
				<timestamp>369.954737</timestamp>
			</report>
			<report>
				<misses>58600001</misses>
				<total>0</total>
				<timestamp>370.583347</timestamp>
			</report>
			<report>
				<misses>58700001</misses>
				<total>0</total>
				<timestamp>371.210747</timestamp>
			</report>
			<report>
				<misses>58800001</misses>
				<total>0</total>
				<timestamp>371.837405</timestamp>
			</report>
			<report>
				<misses>58900001</misses>
				<total>0</total>
				<timestamp>372.473318</timestamp>
			</report>
			<report>
				<misses>59000001</misses>
				<total>0</total>
				<timestamp>373.108298</timestamp>
			</report>
			<report>
				<misses>59100001</misses>
				<total>0</total>
				<timestamp>373.738826</timestamp>
			</report>
			<report>
				<misses>59200001</misses>
				<total>0</total>
				<timestamp>374.382274</timestamp>
			</report>
			<report>
				<misses>59300001</misses>
				<total>0</total>
				<timestamp>375.011337</timestamp>
			</report>
			<report>
				<misses>59400001</misses>
				<total>0</total>
				<timestamp>375.636266</timestamp>
			</report>
			<report>
				<misses>59500001</misses>
				<total>0</total>
				<timestamp>376.262739</timestamp>
			</report>
			<report>
				<misses>59600001</misses>
				<total>0</total>
				<timestamp>376.888645</timestamp>
			</report>
			<report>
				<misses>59700001</misses>
				<total>0</total>
				<timestamp>377.519257</timestamp>
			</report>
			<report>
				<misses>59800001</misses>
				<total>0</total>
				<timestamp>378.150730</timestamp>
			</report>
			<report>
				<misses>59900001</misses>
				<total>0</total>
				<timestamp>378.780674</timestamp>
			</report>
			<report>
				<misses>60000001</misses>
				<total>0</total>
				<timestamp>379.409458</timestamp>
			</report>
			<report>
				<misses>60100001</misses>
				<total>0</total>
				<timestamp>380.038354</timestamp>
			</report>
			<report>
				<misses>60200001</misses>
				<total>0</total>
				<timestamp>380.675633</timestamp>
			</report>
			<report>
				<misses>60300001</misses>
				<total>0</total>
				<timestamp>381.300053</timestamp>
			</report>
			<report>
				<misses>60400001</misses>
				<total>0</total>
				<timestamp>381.928957</timestamp>
			</report>
			<report>
				<misses>60500001</misses>
				<total>0</total>
				<timestamp>382.569609</timestamp>
			</report>
			<report>
				<misses>60600001</misses>
				<total>0</total>
				<timestamp>383.207647</timestamp>
			</report>
			<report>
				<misses>60700001</misses>
				<total>0</total>
				<timestamp>383.839284</timestamp>
			</report>
			<report>
				<misses>60800001</misses>
				<total>0</total>
				<timestamp>384.472346</timestamp>
			</report>
			<report>
				<misses>60900001</misses>
				<total>0</total>
				<timestamp>385.109400</timestamp>
			</report>
			<report>
				<misses>61000001</misses>
				<total>0</total>
				<timestamp>385.744893</timestamp>
			</report>
			<report>
				<misses>61100001</misses>
				<total>0</total>
				<timestamp>386.381128</timestamp>
			</report>
			<report>
				<misses>61200001</misses>
				<total>0</total>
				<timestamp>387.014732</timestamp>
			</report>
			<report>
				<misses>61300001</misses>
				<total>0</total>
				<timestamp>387.640469</timestamp>
			</report>
			<report>
				<misses>61400001</misses>
				<total>0</total>
				<timestamp>388.274388</timestamp>
			</report>
			<report>
				<misses>61500001</misses>
				<total>0</total>
				<timestamp>388.905627</timestamp>
			</report>
			<report>
				<misses>61600001</misses>
				<total>0</total>
				<timestamp>389.531424</timestamp>
			</report>
			<report>
				<misses>61700001</misses>
				<total>0</total>
				<timestamp>390.159170</timestamp>
			</report>
			<report>
				<misses>61800001</misses>
				<total>0</total>
				<timestamp>390.792214</timestamp>
			</report>
			<report>
				<misses>61900001</misses>
				<total>0</total>
				<timestamp>391.430783</timestamp>
			</report>
			<report>
				<misses>62000001</misses>
				<total>0</total>
				<timestamp>392.073167</timestamp>
			</report>
			<report>
				<misses>62100001</misses>
				<total>0</total>
				<timestamp>392.699097</timestamp>
			</report>
			<report>
				<misses>62200001</misses>
				<total>0</total>
				<timestamp>393.334872</timestamp>
			</report>
			<report>
				<misses>62300001</misses>
				<total>0</total>
				<timestamp>393.967508</timestamp>
			</report>
			<report>
				<misses>62400001</misses>
				<total>0</total>
				<timestamp>394.607901</timestamp>
			</report>
			<report>
				<misses>62500001</misses>
				<total>0</total>
				<timestamp>395.248168</timestamp>
			</report>
			<report>
				<misses>62600001</misses>
				<total>0</total>
				<timestamp>395.876724</timestamp>
			</report>
			<report>
				<misses>62700001</misses>
				<total>0</total>
				<timestamp>396.514166</timestamp>
			</report>
			<report>
				<misses>62800001</misses>
				<total>0</total>
				<timestamp>397.144562</timestamp>
			</report>
			<report>
				<misses>62900001</misses>
				<total>0</total>
				<timestamp>397.781377</timestamp>
			</report>
			<report>
				<misses>63000001</misses>
				<total>0</total>
				<timestamp>398.412268</timestamp>
			</report>
			<report>
				<misses>63100001</misses>
				<total>0</total>
				<timestamp>399.040546</timestamp>
			</report>
			<report>
				<misses>63200001</misses>
				<total>0</total>
				<timestamp>399.676653</timestamp>
			</report>
			<report>
				<misses>63300001</misses>
				<total>0</total>
				<timestamp>400.308134</timestamp>
			</report>
			<report>
				<misses>63400001</misses>
				<total>0</total>
				<timestamp>400.935780</timestamp>
			</report>
			<report>
				<misses>63500001</misses>
				<total>0</total>
				<timestamp>401.591598</timestamp>
			</report>
			<report>
				<misses>63600001</misses>
				<total>0</total>
				<timestamp>402.228629</timestamp>
			</report>
			<report>
				<misses>63700001</misses>
				<total>0</total>
				<timestamp>402.856308</timestamp>
			</report>
			<report>
				<misses>63800001</misses>
				<total>0</total>
				<timestamp>403.499942</timestamp>
			</report>
			<report>
				<misses>63900001</misses>
				<total>0</total>
				<timestamp>404.125690</timestamp>
			</report>
			<report>
				<misses>64000001</misses>
				<total>0</total>
				<timestamp>404.760354</timestamp>
			</report>
			<report>
				<misses>64100001</misses>
				<total>0</total>
				<timestamp>405.396096</timestamp>
			</report>
			<report>
				<misses>64200001</misses>
				<total>0</total>
				<timestamp>406.025817</timestamp>
			</report>
			<report>
				<misses>64300001</misses>
				<total>0</total>
				<timestamp>406.653985</timestamp>
			</report>
			<report>
				<misses>64400001</misses>
				<total>0</total>
				<timestamp>407.295418</timestamp>
			</report>
			<report>
				<misses>64500001</misses>
				<total>0</total>
				<timestamp>407.923436</timestamp>
			</report>
			<report>
				<misses>64600001</misses>
				<total>0</total>
				<timestamp>408.550098</timestamp>
			</report>
			<report>
				<misses>64700001</misses>
				<total>0</total>
				<timestamp>409.178640</timestamp>
			</report>
			<report>
				<misses>64800001</misses>
				<total>0</total>
				<timestamp>409.804895</timestamp>
			</report>
			<report>
				<misses>64900001</misses>
				<total>0</total>
				<timestamp>410.433962</timestamp>
			</report>
			<report>
				<misses>65000001</misses>
				<total>0</total>
				<timestamp>411.063290</timestamp>
			</report>
			<report>
				<misses>65100001</misses>
				<total>0</total>
				<timestamp>411.690461</timestamp>
			</report>
			<report>
				<misses>65200001</misses>
				<total>0</total>
				<timestamp>412.323606</timestamp>
			</report>
			<report>
				<misses>65300001</misses>
				<total>0</total>
				<timestamp>412.961243</timestamp>
			</report>
			<report>
				<misses>65400001</misses>
				<total>0</total>
				<timestamp>413.593088</timestamp>
			</report>
			<report>
				<misses>65500001</misses>
				<total>0</total>
				<timestamp>414.216724</timestamp>
			</report>
			<report>
				<misses>65600001</misses>
				<total>0</total>
				<timestamp>414.845263</timestamp>
			</report>
			<report>
				<misses>65700001</misses>
				<total>0</total>
				<timestamp>415.473976</timestamp>
			</report>
			<report>
				<misses>65800001</misses>
				<total>0</total>
				<timestamp>416.109949</timestamp>
			</report>
			<report>
				<misses>65900001</misses>
				<total>0</total>
				<timestamp>416.745218</timestamp>
			</report>
			<report>
				<misses>66000001</misses>
				<total>0</total>
				<timestamp>417.374348</timestamp>
			</report>
			<report>
				<misses>66100001</misses>
				<total>0</total>
				<timestamp>418.001231</timestamp>
			</report>
			<report>
				<misses>66200001</misses>
				<total>0</total>
				<timestamp>418.624784</timestamp>
			</report>
			<report>
				<misses>66300001</misses>
				<total>0</total>
				<timestamp>419.251820</timestamp>
			</report>
			<report>
				<misses>66400001</misses>
				<total>0</total>
				<timestamp>419.876651</timestamp>
			</report>
			<report>
				<misses>66500001</misses>
				<total>0</total>
				<timestamp>420.523096</timestamp>
			</report>
			<report>
				<misses>66600001</misses>
				<total>0</total>
				<timestamp>421.154969</timestamp>
			</report>
			<report>
				<misses>66700001</misses>
				<total>0</total>
				<timestamp>421.780752</timestamp>
			</report>
			<report>
				<misses>66800001</misses>
				<total>0</total>
				<timestamp>422.407346</timestamp>
			</report>
			<report>
				<misses>66900001</misses>
				<total>0</total>
				<timestamp>423.034653</timestamp>
			</report>
			<report>
				<misses>67000001</misses>
				<total>0</total>
				<timestamp>423.661755</timestamp>
			</report>
			<report>
				<misses>67100001</misses>
				<total>0</total>
				<timestamp>424.292264</timestamp>
			</report>
			<report>
				<misses>67200001</misses>
				<total>0</total>
				<timestamp>424.919753</timestamp>
			</report>
			<report>
				<misses>67300001</misses>
				<total>0</total>
				<timestamp>425.543976</timestamp>
			</report>
			<report>
				<misses>67400001</misses>
				<total>0</total>
				<timestamp>426.181647</timestamp>
			</report>
			<report>
				<misses>67500001</misses>
				<total>0</total>
				<timestamp>426.817039</timestamp>
			</report>
			<report>
				<misses>67600001</misses>
				<total>0</total>
				<timestamp>427.445849</timestamp>
			</report>
			<report>
				<misses>67700001</misses>
				<total>0</total>
				<timestamp>428.084148</timestamp>
			</report>
			<report>
				<misses>67800001</misses>
				<total>0</total>
				<timestamp>428.723549</timestamp>
			</report>
			<report>
				<misses>67900001</misses>
				<total>0</total>
				<timestamp>429.369308</timestamp>
			</report>
			<report>
				<misses>68000001</misses>
				<total>0</total>
				<timestamp>430.001603</timestamp>
			</report>
			<report>
				<misses>68100001</misses>
				<total>0</total>
				<timestamp>430.629969</timestamp>
			</report>
			<report>
				<misses>68200001</misses>
				<total>0</total>
				<timestamp>431.262345</timestamp>
			</report>
			<report>
				<misses>68300001</misses>
				<total>0</total>
				<timestamp>431.887083</timestamp>
			</report>
			<report>
				<misses>68400001</misses>
				<total>0</total>
				<timestamp>432.513301</timestamp>
			</report>
			<report>
				<misses>68500001</misses>
				<total>0</total>
				<timestamp>433.147220</timestamp>
			</report>
			<report>
				<misses>68600001</misses>
				<total>0</total>
				<timestamp>433.780363</timestamp>
			</report>
			<report>
				<misses>68700001</misses>
				<total>0</total>
				<timestamp>434.408475</timestamp>
			</report>
			<report>
				<misses>68800001</misses>
				<total>0</total>
				<timestamp>435.035217</timestamp>
			</report>
			<report>
				<misses>68900001</misses>
				<total>0</total>
				<timestamp>435.662656</timestamp>
			</report>
			<report>
				<misses>69000001</misses>
				<total>0</total>
				<timestamp>436.316526</timestamp>
			</report>
			<report>
				<misses>69100001</misses>
				<total>0</total>
				<timestamp>436.946963</timestamp>
			</report>
			<report>
				<misses>69200001</misses>
				<total>0</total>
				<timestamp>437.583665</timestamp>
			</report>
			<report>
				<misses>69300001</misses>
				<total>0</total>
				<timestamp>438.215363</timestamp>
			</report>
			<report>
				<misses>69400001</misses>
				<total>0</total>
				<timestamp>438.841127</timestamp>
			</report>
			<report>
				<misses>69500001</misses>
				<total>0</total>
				<timestamp>439.479348</timestamp>
			</report>
			<report>
				<misses>69600001</misses>
				<total>0</total>
				<timestamp>440.127253</timestamp>
			</report>
			<report>
				<misses>69700001</misses>
				<total>0</total>
				<timestamp>440.755817</timestamp>
			</report>
			<report>
				<misses>69800001</misses>
				<total>0</total>
				<timestamp>441.414206</timestamp>
			</report>
			<report>
				<misses>69900001</misses>
				<total>0</total>
				<timestamp>442.041754</timestamp>
			</report>
			<report>
				<misses>70000001</misses>
				<total>0</total>
				<timestamp>442.670993</timestamp>
			</report>
			<report>
				<misses>70100001</misses>
				<total>0</total>
				<timestamp>443.314541</timestamp>
			</report>
			<report>
				<misses>70200001</misses>
				<total>0</total>
				<timestamp>443.940775</timestamp>
			</report>
			<report>
				<misses>70300001</misses>
				<total>0</total>
				<timestamp>444.572612</timestamp>
			</report>
			<report>
				<misses>70400001</misses>
				<total>0</total>
				<timestamp>445.202217</timestamp>
			</report>
			<report>
				<misses>70500001</misses>
				<total>0</total>
				<timestamp>445.838874</timestamp>
			</report>
			<report>
				<misses>70600001</misses>
				<total>0</total>
				<timestamp>446.472016</timestamp>
			</report>
			<report>
				<misses>70700001</misses>
				<total>0</total>
				<timestamp>447.095955</timestamp>
			</report>
			<report>
				<misses>70800001</misses>
				<total>0</total>
				<timestamp>447.720025</timestamp>
			</report>
			<report>
				<misses>70900001</misses>
				<total>0</total>
				<timestamp>448.347502</timestamp>
			</report>
			<report>
				<misses>71000001</misses>
				<total>0</total>
				<timestamp>448.972709</timestamp>
			</report>
			<report>
				<misses>71100001</misses>
				<total>0</total>
				<timestamp>449.604265</timestamp>
			</report>
			<report>
				<misses>71200001</misses>
				<total>0</total>
				<timestamp>450.235026</timestamp>
			</report>
			<report>
				<misses>71300001</misses>
				<total>0</total>
				<timestamp>450.862749</timestamp>
			</report>
			<report>
				<misses>71400001</misses>
				<total>0</total>
				<timestamp>451.487273</timestamp>
			</report>
			<report>
				<misses>71500001</misses>
				<total>0</total>
				<timestamp>452.124084</timestamp>
			</report>
			<report>
				<misses>71600001</misses>
				<total>0</total>
				<timestamp>452.754947</timestamp>
			</report>
			<report>
				<misses>71700001</misses>
				<total>0</total>
				<timestamp>453.387992</timestamp>
			</report>
			<report>
				<misses>71800001</misses>
				<total>0</total>
				<timestamp>454.009323</timestamp>
			</report>
			<report>
				<misses>71900001</misses>
				<total>0</total>
				<timestamp>454.633787</timestamp>
			</report>
			<report>
				<misses>72000001</misses>
				<total>0</total>
				<timestamp>455.273128</timestamp>
			</report>
			<report>
				<misses>72100001</misses>
				<total>0</total>
				<timestamp>455.903751</timestamp>
			</report>
			<report>
				<misses>72200001</misses>
				<total>0</total>
				<timestamp>456.542015</timestamp>
			</report>
			<report>
				<misses>72300001</misses>
				<total>0</total>
				<timestamp>457.168771</timestamp>
			</report>
			<report>
				<misses>72400001</misses>
				<total>0</total>
				<timestamp>457.795060</timestamp>
			</report>
			<report>
				<misses>72500001</misses>
				<total>0</total>
				<timestamp>458.433203</timestamp>
			</report>
			<report>
				<misses>72600001</misses>
				<total>0</total>
				<timestamp>459.061868</timestamp>
			</report>
			<report>
				<misses>72700001</misses>
				<total>0</total>
				<timestamp>459.695372</timestamp>
			</report>
			<report>
				<misses>72800001</misses>
				<total>0</total>
				<timestamp>460.324902</timestamp>
			</report>
			<report>
				<misses>72900001</misses>
				<total>0</total>
				<timestamp>460.952144</timestamp>
			</report>
			<report>
				<misses>73000001</misses>
				<total>0</total>
				<timestamp>461.576779</timestamp>
			</report>
			<report>
				<misses>73100001</misses>
				<total>0</total>
				<timestamp>462.217786</timestamp>
			</report>
			<report>
				<misses>73200001</misses>
				<total>0</total>
				<timestamp>462.845047</timestamp>
			</report>
			<report>
				<misses>73300001</misses>
				<total>0</total>
				<timestamp>463.475561</timestamp>
			</report>
			<report>
				<misses>73400001</misses>
				<total>0</total>
				<timestamp>464.097021</timestamp>
			</report>
			<report>
				<misses>73500001</misses>
				<total>0</total>
				<timestamp>464.722173</timestamp>
			</report>
			<report>
				<misses>73600001</misses>
				<total>0</total>
				<timestamp>465.349550</timestamp>
			</report>
			<report>
				<misses>73700001</misses>
				<total>0</total>
				<timestamp>465.977989</timestamp>
			</report>
			<report>
				<misses>73800001</misses>
				<total>0</total>
				<timestamp>466.610789</timestamp>
			</report>
			<report>
				<misses>73900001</misses>
				<total>0</total>
				<timestamp>467.238033</timestamp>
			</report>
			<report>
				<misses>74000001</misses>
				<total>0</total>
				<timestamp>467.864759</timestamp>
			</report>
			<report>
				<misses>74100001</misses>
				<total>0</total>
				<timestamp>468.495911</timestamp>
			</report>
			<report>
				<misses>74200001</misses>
				<total>0</total>
				<timestamp>469.124125</timestamp>
			</report>
			<report>
				<misses>74300001</misses>
				<total>0</total>
				<timestamp>469.752462</timestamp>
			</report>
			<report>
				<misses>74400001</misses>
				<total>0</total>
				<timestamp>470.384013</timestamp>
			</report>
			<report>
				<misses>74500001</misses>
				<total>0</total>
				<timestamp>471.010764</timestamp>
			</report>
			<report>
				<misses>74600001</misses>
				<total>0</total>
				<timestamp>471.638115</timestamp>
			</report>
			<report>
				<misses>74700001</misses>
				<total>0</total>
				<timestamp>472.269401</timestamp>
			</report>
			<report>
				<misses>74800001</misses>
				<total>0</total>
				<timestamp>472.909072</timestamp>
			</report>
			<report>
				<misses>74900001</misses>
				<total>0</total>
				<timestamp>473.540295</timestamp>
			</report>
			<report>
				<misses>75000001</misses>
				<total>0</total>
				<timestamp>474.168158</timestamp>
			</report>
			<report>
				<misses>75100001</misses>
				<total>0</total>
				<timestamp>474.799087</timestamp>
			</report>
			<report>
				<misses>75200001</misses>
				<total>0</total>
				<timestamp>475.430722</timestamp>
			</report>
			<report>
				<misses>75300001</misses>
				<total>0</total>
				<timestamp>476.060970</timestamp>
			</report>
			<report>
				<misses>75400001</misses>
				<total>0</total>
				<timestamp>476.694709</timestamp>
			</report>
			<report>
				<misses>75500001</misses>
				<total>0</total>
				<timestamp>477.329314</timestamp>
			</report>
			<report>
				<misses>75600001</misses>
				<total>0</total>
				<timestamp>477.958136</timestamp>
			</report>
			<report>
				<misses>75700001</misses>
				<total>0</total>
				<timestamp>478.602191</timestamp>
			</report>
			<report>
				<misses>75800001</misses>
				<total>0</total>
				<timestamp>479.228367</timestamp>
			</report>
			<report>
				<misses>75900001</misses>
				<total>0</total>
				<timestamp>479.863394</timestamp>
			</report>
			<report>
				<misses>76000001</misses>
				<total>0</total>
				<timestamp>480.491332</timestamp>
			</report>
			<report>
				<misses>76100001</misses>
				<total>0</total>
				<timestamp>481.131923</timestamp>
			</report>
			<report>
				<misses>76200001</misses>
				<total>0</total>
				<timestamp>481.758930</timestamp>
			</report>
			<report>
				<misses>76300001</misses>
				<total>0</total>
				<timestamp>482.384932</timestamp>
			</report>
			<report>
				<misses>76400001</misses>
				<total>0</total>
				<timestamp>483.015599</timestamp>
			</report>
			<report>
				<misses>76500001</misses>
				<total>0</total>
				<timestamp>483.643928</timestamp>
			</report>
			<report>
				<misses>76600001</misses>
				<total>0</total>
				<timestamp>484.269584</timestamp>
			</report>
			<report>
				<misses>76700001</misses>
				<total>0</total>
				<timestamp>484.895683</timestamp>
			</report>
			<report>
				<misses>76800001</misses>
				<total>0</total>
				<timestamp>485.523601</timestamp>
			</report>
			<report>
				<misses>76900001</misses>
				<total>0</total>
				<timestamp>486.170335</timestamp>
			</report>
			<report>
				<misses>77000001</misses>
				<total>0</total>
				<timestamp>486.798049</timestamp>
			</report>
			<report>
				<misses>77100001</misses>
				<total>0</total>
				<timestamp>487.434585</timestamp>
			</report>
			<report>
				<misses>77200001</misses>
				<total>0</total>
				<timestamp>488.062695</timestamp>
			</report>
			<report>
				<misses>77300001</misses>
				<total>0</total>
				<timestamp>488.689959</timestamp>
			</report>
			<report>
				<misses>77400001</misses>
				<total>0</total>
				<timestamp>489.315955</timestamp>
			</report>
			<report>
				<misses>77500001</misses>
				<total>0</total>
				<timestamp>489.940624</timestamp>
			</report>
			<report>
				<misses>77600001</misses>
				<total>0</total>
				<timestamp>490.572180</timestamp>
			</report>
			<report>
				<misses>77700001</misses>
				<total>0</total>
				<timestamp>491.198499</timestamp>
			</report>
			<report>
				<misses>77800001</misses>
				<total>0</total>
				<timestamp>491.832211</timestamp>
			</report>
			<report>
				<misses>77900001</misses>
				<total>0</total>
				<timestamp>492.461537</timestamp>
			</report>
			<report>
				<misses>78000001</misses>
				<total>0</total>
				<timestamp>493.090326</timestamp>
			</report>
			<report>
				<misses>78100001</misses>
				<total>0</total>
				<timestamp>493.714234</timestamp>
			</report>
			<report>
				<misses>78200001</misses>
				<total>0</total>
				<timestamp>494.343782</timestamp>
			</report>
			<report>
				<misses>78300001</misses>
				<total>0</total>
				<timestamp>494.971670</timestamp>
			</report>
			<report>
				<misses>78400001</misses>
				<total>0</total>
				<timestamp>495.605652</timestamp>
			</report>
			<report>
				<misses>78500001</misses>
				<total>0</total>
				<timestamp>496.234014</timestamp>
			</report>
			<report>
				<misses>78600001</misses>
				<total>0</total>
				<timestamp>496.861417</timestamp>
			</report>
			<report>
				<misses>78700001</misses>
				<total>0</total>
				<timestamp>497.493726</timestamp>
			</report>
			<report>
				<misses>78800001</misses>
				<total>0</total>
				<timestamp>498.128846</timestamp>
			</report>
			<report>
				<misses>78900001</misses>
				<total>0</total>
				<timestamp>498.755856</timestamp>
			</report>
			<report>
				<misses>79000001</misses>
				<total>0</total>
				<timestamp>499.383517</timestamp>
			</report>
			<report>
				<misses>79100001</misses>
				<total>0</total>
				<timestamp>500.008597</timestamp>
			</report>
			<report>
				<misses>79200001</misses>
				<total>0</total>
				<timestamp>500.636279</timestamp>
			</report>
			<report>
				<misses>79300001</misses>
				<total>0</total>
				<timestamp>501.276645</timestamp>
			</report>
			<report>
				<misses>79400001</misses>
				<total>0</total>
				<timestamp>501.912049</timestamp>
			</report>
			<report>
				<misses>79500001</misses>
				<total>0</total>
				<timestamp>502.554158</timestamp>
			</report>
			<report>
				<misses>79600001</misses>
				<total>0</total>
				<timestamp>503.190710</timestamp>
			</report>
			<report>
				<misses>79700001</misses>
				<total>0</total>
				<timestamp>503.827954</timestamp>
			</report>
			<report>
				<misses>79800001</misses>
				<total>0</total>
				<timestamp>504.459147</timestamp>
			</report>
			<report>
				<misses>79900001</misses>
				<total>0</total>
				<timestamp>505.092101</timestamp>
			</report>
			<report>
				<misses>80000001</misses>
				<total>0</total>
				<timestamp>505.730237</timestamp>
			</report>
			<report>
				<misses>80100001</misses>
				<total>0</total>
				<timestamp>506.359573</timestamp>
			</report>
			<report>
				<misses>80200001</misses>
				<total>0</total>
				<timestamp>506.991312</timestamp>
			</report>
			<report>
				<misses>80300001</misses>
				<total>0</total>
				<timestamp>507.631780</timestamp>
			</report>
			<report>
				<misses>80400001</misses>
				<total>0</total>
				<timestamp>508.256890</timestamp>
			</report>
			<report>
				<misses>80500001</misses>
				<total>0</total>
				<timestamp>508.880513</timestamp>
			</report>
			<report>
				<misses>80600001</misses>
				<total>0</total>
				<timestamp>509.518099</timestamp>
			</report>
			<report>
				<misses>80700001</misses>
				<total>0</total>
				<timestamp>510.156239</timestamp>
			</report>
			<report>
				<misses>80800001</misses>
				<total>0</total>
				<timestamp>510.805537</timestamp>
			</report>
			<report>
				<misses>80900001</misses>
				<total>0</total>
				<timestamp>511.452860</timestamp>
			</report>
			<report>
				<misses>81000001</misses>
				<total>0</total>
				<timestamp>512.081332</timestamp>
			</report>
			<report>
				<misses>81100001</misses>
				<total>0</total>
				<timestamp>512.708090</timestamp>
			</report>
			<report>
				<misses>81200001</misses>
				<total>0</total>
				<timestamp>513.340971</timestamp>
			</report>
			<report>
				<misses>81300001</misses>
				<total>0</total>
				<timestamp>513.964854</timestamp>
			</report>
			<report>
				<misses>81400001</misses>
				<total>0</total>
				<timestamp>514.595797</timestamp>
			</report>
			<report>
				<misses>81500001</misses>
				<total>0</total>
				<timestamp>515.219345</timestamp>
			</report>
			<report>
				<misses>81600001</misses>
				<total>0</total>
				<timestamp>515.844531</timestamp>
			</report>
			<report>
				<misses>81700001</misses>
				<total>0</total>
				<timestamp>516.476375</timestamp>
			</report>
			<report>
				<misses>81800001</misses>
				<total>0</total>
				<timestamp>517.104634</timestamp>
			</report>
			<report>
				<misses>81900001</misses>
				<total>0</total>
				<timestamp>517.741943</timestamp>
			</report>
			<report>
				<misses>82000001</misses>
				<total>0</total>
				<timestamp>518.379399</timestamp>
			</report>
			<report>
				<misses>82100001</misses>
				<total>0</total>
				<timestamp>519.003651</timestamp>
			</report>
			<report>
				<misses>82200001</misses>
				<total>0</total>
				<timestamp>519.635937</timestamp>
			</report>
			<report>
				<misses>82300001</misses>
				<total>0</total>
				<timestamp>520.258954</timestamp>
			</report>
			<report>
				<misses>82400001</misses>
				<total>0</total>
				<timestamp>520.882510</timestamp>
			</report>
			<report>
				<misses>82500001</misses>
				<total>0</total>
				<timestamp>521.519626</timestamp>
			</report>
			<report>
				<misses>82600001</misses>
				<total>0</total>
				<timestamp>522.158355</timestamp>
			</report>
			<report>
				<misses>82700001</misses>
				<total>0</total>
				<timestamp>522.787009</timestamp>
			</report>
			<report>
				<misses>82800001</misses>
				<total>0</total>
				<timestamp>523.418645</timestamp>
			</report>
			<report>
				<misses>82900001</misses>
				<total>0</total>
				<timestamp>524.051520</timestamp>
			</report>
			<report>
				<misses>83000001</misses>
				<total>0</total>
				<timestamp>524.684759</timestamp>
			</report>
			<report>
				<misses>83100001</misses>
				<total>0</total>
				<timestamp>525.312638</timestamp>
			</report>
			<report>
				<misses>83200001</misses>
				<total>0</total>
				<timestamp>525.939803</timestamp>
			</report>
			<report>
				<misses>83300001</misses>
				<total>0</total>
				<timestamp>526.573928</timestamp>
			</report>
			<report>
				<misses>83400001</misses>
				<total>0</total>
				<timestamp>527.201137</timestamp>
			</report>
			<report>
				<misses>83500001</misses>
				<total>0</total>
				<timestamp>527.829756</timestamp>
			</report>
			<report>
				<misses>83600001</misses>
				<total>0</total>
				<timestamp>528.469393</timestamp>
			</report>
			<report>
				<misses>83700001</misses>
				<total>0</total>
				<timestamp>529.110244</timestamp>
			</report>
			<report>
				<misses>83800001</misses>
				<total>0</total>
				<timestamp>529.735601</timestamp>
			</report>
			<report>
				<misses>83900001</misses>
				<total>0</total>
				<timestamp>530.360377</timestamp>
			</report>
			<report>
				<misses>84000001</misses>
				<total>0</total>
				<timestamp>530.987202</timestamp>
			</report>
			<report>
				<misses>84100001</misses>
				<total>0</total>
				<timestamp>531.633064</timestamp>
			</report>
			<report>
				<misses>84200001</misses>
				<total>0</total>
				<timestamp>532.257021</timestamp>
			</report>
			<report>
				<misses>84300001</misses>
				<total>0</total>
				<timestamp>532.883233</timestamp>
			</report>
			<report>
				<misses>84400001</misses>
				<total>0</total>
				<timestamp>533.503926</timestamp>
			</report>
			<report>
				<misses>84500001</misses>
				<total>0</total>
				<timestamp>534.129842</timestamp>
			</report>
			<report>
				<misses>84600001</misses>
				<total>0</total>
				<timestamp>534.772251</timestamp>
			</report>
			<report>
				<misses>84700001</misses>
				<total>0</total>
				<timestamp>535.404920</timestamp>
			</report>
			<report>
				<misses>84800001</misses>
				<total>0</total>
				<timestamp>536.051462</timestamp>
			</report>
			<report>
				<misses>84900001</misses>
				<total>0</total>
				<timestamp>536.674849</timestamp>
			</report>
			<report>
				<misses>85000001</misses>
				<total>0</total>
				<timestamp>537.306656</timestamp>
			</report>
			<report>
				<misses>85100001</misses>
				<total>0</total>
				<timestamp>537.935531</timestamp>
			</report>
			<report>
				<misses>85200001</misses>
				<total>0</total>
				<timestamp>538.564581</timestamp>
			</report>
			<report>
				<misses>85300001</misses>
				<total>0</total>
				<timestamp>539.202677</timestamp>
			</report>
			<report>
				<misses>85400001</misses>
				<total>0</total>
				<timestamp>539.830860</timestamp>
			</report>
			<report>
				<misses>85500001</misses>
				<total>0</total>
				<timestamp>540.458998</timestamp>
			</report>
			<report>
				<misses>85600001</misses>
				<total>0</total>
				<timestamp>541.091539</timestamp>
			</report>
			<report>
				<misses>85700001</misses>
				<total>0</total>
				<timestamp>541.733097</timestamp>
			</report>
			<report>
				<misses>85800001</misses>
				<total>0</total>
				<timestamp>542.362019</timestamp>
			</report>
			<report>
				<misses>85900001</misses>
				<total>0</total>
				<timestamp>542.996144</timestamp>
			</report>
			<report>
				<misses>86000001</misses>
				<total>0</total>
				<timestamp>543.636982</timestamp>
			</report>
			<report>
				<misses>86100001</misses>
				<total>0</total>
				<timestamp>544.272994</timestamp>
			</report>
			<report>
				<misses>86200001</misses>
				<total>0</total>
				<timestamp>544.902757</timestamp>
			</report>
			<report>
				<misses>86300001</misses>
				<total>0</total>
				<timestamp>545.534128</timestamp>
			</report>
			<report>
				<misses>86400001</misses>
				<total>0</total>
				<timestamp>546.173311</timestamp>
			</report>
			<report>
				<misses>86500001</misses>
				<total>0</total>
				<timestamp>546.803322</timestamp>
			</report>
			<report>
				<misses>86600001</misses>
				<total>0</total>
				<timestamp>547.438333</timestamp>
			</report>
			<report>
				<misses>86700001</misses>
				<total>0</total>
				<timestamp>548.084345</timestamp>
			</report>
			<report>
				<misses>86800001</misses>
				<total>0</total>
				<timestamp>548.706895</timestamp>
			</report>
			<report>
				<misses>86900001</misses>
				<total>0</total>
				<timestamp>549.339221</timestamp>
			</report>
			<report>
				<misses>87000001</misses>
				<total>0</total>
				<timestamp>549.964762</timestamp>
			</report>
			<report>
				<misses>87100001</misses>
				<total>0</total>
				<timestamp>550.597267</timestamp>
			</report>
			<report>
				<misses>87200001</misses>
				<total>0</total>
				<timestamp>551.227434</timestamp>
			</report>
			<report>
				<misses>87300001</misses>
				<total>0</total>
				<timestamp>551.857688</timestamp>
			</report>
			<report>
				<misses>87400001</misses>
				<total>0</total>
				<timestamp>552.486079</timestamp>
			</report>
			<report>
				<misses>87500001</misses>
				<total>0</total>
				<timestamp>553.124448</timestamp>
			</report>
			<report>
				<misses>87600001</misses>
				<total>0</total>
				<timestamp>553.750819</timestamp>
			</report>
			<report>
				<misses>87700001</misses>
				<total>0</total>
				<timestamp>554.393749</timestamp>
			</report>
			<report>
				<misses>87800001</misses>
				<total>0</total>
				<timestamp>555.028840</timestamp>
			</report>
			<report>
				<misses>87900001</misses>
				<total>0</total>
				<timestamp>555.665408</timestamp>
			</report>
			<report>
				<misses>88000001</misses>
				<total>0</total>
				<timestamp>556.299047</timestamp>
			</report>
			<report>
				<misses>88100001</misses>
				<total>0</total>
				<timestamp>556.936751</timestamp>
			</report>
			<report>
				<misses>88200001</misses>
				<total>0</total>
				<timestamp>557.572014</timestamp>
			</report>
			<report>
				<misses>88300001</misses>
				<total>0</total>
				<timestamp>558.205333</timestamp>
			</report>
			<report>
				<misses>88400001</misses>
				<total>0</total>
				<timestamp>558.840162</timestamp>
			</report>
			<report>
				<misses>88500001</misses>
				<total>0</total>
				<timestamp>559.461327</timestamp>
			</report>
			<report>
				<misses>88600001</misses>
				<total>0</total>
				<timestamp>560.093621</timestamp>
			</report>
			<report>
				<misses>88700001</misses>
				<total>0</total>
				<timestamp>560.721240</timestamp>
			</report>
			<report>
				<misses>88800001</misses>
				<total>0</total>
				<timestamp>561.357126</timestamp>
			</report>
			<report>
				<misses>88900001</misses>
				<total>0</total>
				<timestamp>562.003067</timestamp>
			</report>
			<report>
				<misses>89000001</misses>
				<total>0</total>
				<timestamp>562.631245</timestamp>
			</report>
			<report>
				<misses>89100001</misses>
				<total>0</total>
				<timestamp>563.255190</timestamp>
			</report>
			<report>
				<misses>89200001</misses>
				<total>0</total>
				<timestamp>563.881471</timestamp>
			</report>
			<report>
				<misses>89300001</misses>
				<total>0</total>
				<timestamp>564.505704</timestamp>
			</report>
			<report>
				<misses>89400001</misses>
				<total>0</total>
				<timestamp>565.140835</timestamp>
			</report>
			<report>
				<misses>89500001</misses>
				<total>0</total>
				<timestamp>565.768150</timestamp>
			</report>
			<report>
				<misses>89600001</misses>
				<total>0</total>
				<timestamp>566.395595</timestamp>
			</report>
			<report>
				<misses>89700001</misses>
				<total>0</total>
				<timestamp>567.030476</timestamp>
			</report>
			<report>
				<misses>89800001</misses>
				<total>0</total>
				<timestamp>567.659508</timestamp>
			</report>
			<report>
				<misses>89900001</misses>
				<total>0</total>
				<timestamp>568.285681</timestamp>
			</report>
			<report>
				<misses>90000001</misses>
				<total>0</total>
				<timestamp>568.909731</timestamp>
			</report>
			<report>
				<misses>90100001</misses>
				<total>0</total>
				<timestamp>569.538218</timestamp>
			</report>
			<report>
				<misses>90200001</misses>
				<total>0</total>
				<timestamp>570.176549</timestamp>
			</report>
			<report>
				<misses>90300001</misses>
				<total>0</total>
				<timestamp>570.803924</timestamp>
			</report>
			<report>
				<misses>90400001</misses>
				<total>0</total>
				<timestamp>571.435171</timestamp>
			</report>
			<report>
				<misses>90500001</misses>
				<total>0</total>
				<timestamp>572.063197</timestamp>
			</report>
			<report>
				<misses>90600001</misses>
				<total>0</total>
				<timestamp>572.689531</timestamp>
			</report>
			<report>
				<misses>90700001</misses>
				<total>0</total>
				<timestamp>573.322475</timestamp>
			</report>
			<report>
				<misses>90800001</misses>
				<total>0</total>
				<timestamp>573.952171</timestamp>
			</report>
			<report>
				<misses>90900001</misses>
				<total>0</total>
				<timestamp>574.577771</timestamp>
			</report>
			<report>
				<misses>91000001</misses>
				<total>0</total>
				<timestamp>575.210778</timestamp>
			</report>
			<report>
				<misses>91100001</misses>
				<total>0</total>
				<timestamp>575.841333</timestamp>
			</report>
			<report>
				<misses>91200001</misses>
				<total>0</total>
				<timestamp>576.484762</timestamp>
			</report>
			<report>
				<misses>91300001</misses>
				<total>0</total>
				<timestamp>577.124251</timestamp>
			</report>
			<report>
				<misses>91400001</misses>
				<total>0</total>
				<timestamp>577.761699</timestamp>
			</report>
			<report>
				<misses>91500001</misses>
				<total>0</total>
				<timestamp>578.392799</timestamp>
			</report>
			<report>
				<misses>91600001</misses>
				<total>0</total>
				<timestamp>579.020785</timestamp>
			</report>
			<report>
				<misses>91700001</misses>
				<total>0</total>
				<timestamp>579.647394</timestamp>
			</report>
			<report>
				<misses>91800001</misses>
				<total>0</total>
				<timestamp>580.272474</timestamp>
			</report>
			<report>
				<misses>91900001</misses>
				<total>0</total>
				<timestamp>580.905769</timestamp>
			</report>
			<report>
				<misses>92000001</misses>
				<total>0</total>
				<timestamp>581.538728</timestamp>
			</report>
			<report>
				<misses>92100001</misses>
				<total>0</total>
				<timestamp>582.169240</timestamp>
			</report>
			<report>
				<misses>92200001</misses>
				<total>0</total>
				<timestamp>582.799530</timestamp>
			</report>
			<report>
				<misses>92300001</misses>
				<total>0</total>
				<timestamp>583.420817</timestamp>
			</report>
			<report>
				<misses>92400001</misses>
				<total>0</total>
				<timestamp>584.051028</timestamp>
			</report>
			<report>
				<misses>92500001</misses>
				<total>0</total>
				<timestamp>584.687844</timestamp>
			</report>
			<report>
				<misses>92600001</misses>
				<total>0</total>
				<timestamp>585.319296</timestamp>
			</report>
			<report>
				<misses>92700001</misses>
				<total>0</total>
				<timestamp>585.952088</timestamp>
			</report>
			<report>
				<misses>92800001</misses>
				<total>0</total>
				<timestamp>586.600754</timestamp>
			</report>
			<report>
				<misses>92900001</misses>
				<total>0</total>
				<timestamp>587.235593</timestamp>
			</report>
			<report>
				<misses>93000001</misses>
				<total>0</total>
				<timestamp>587.863250</timestamp>
			</report>
			<report>
				<misses>93100001</misses>
				<total>0</total>
				<timestamp>588.493607</timestamp>
			</report>
			<report>
				<misses>93200001</misses>
				<total>0</total>
				<timestamp>589.116928</timestamp>
			</report>
			<report>
				<misses>93300001</misses>
				<total>0</total>
				<timestamp>589.767611</timestamp>
			</report>
			<report>
				<misses>93400001</misses>
				<total>0</total>
				<timestamp>590.403263</timestamp>
			</report>
			<report>
				<misses>93500001</misses>
				<total>0</total>
				<timestamp>591.038886</timestamp>
			</report>
			<report>
				<misses>93600001</misses>
				<total>0</total>
				<timestamp>591.675242</timestamp>
			</report>
			<report>
				<misses>93700001</misses>
				<total>0</total>
				<timestamp>592.305346</timestamp>
			</report>
			<report>
				<misses>93800001</misses>
				<total>0</total>
				<timestamp>592.946028</timestamp>
			</report>
			<report>
				<misses>93900001</misses>
				<total>0</total>
				<timestamp>593.584220</timestamp>
			</report>
			<report>
				<misses>94000001</misses>
				<total>0</total>
				<timestamp>594.214753</timestamp>
			</report>
			<report>
				<misses>94100001</misses>
				<total>0</total>
				<timestamp>594.839521</timestamp>
			</report>
			<report>
				<misses>94200001</misses>
				<total>0</total>
				<timestamp>595.471080</timestamp>
			</report>
			<report>
				<misses>94300001</misses>
				<total>0</total>
				<timestamp>596.101274</timestamp>
			</report>
			<report>
				<misses>94400001</misses>
				<total>0</total>
				<timestamp>596.729422</timestamp>
			</report>
			<report>
				<misses>94500001</misses>
				<total>0</total>
				<timestamp>597.353815</timestamp>
			</report>
			<report>
				<misses>94600001</misses>
				<total>0</total>
				<timestamp>597.991327</timestamp>
			</report>
			<report>
				<misses>94700001</misses>
				<total>0</total>
				<timestamp>598.619297</timestamp>
			</report>
			<report>
				<misses>94800001</misses>
				<total>0</total>
				<timestamp>599.249557</timestamp>
			</report>
			<report>
				<misses>94900001</misses>
				<total>0</total>
				<timestamp>599.873534</timestamp>
			</report>
			<report>
				<misses>95000001</misses>
				<total>0</total>
				<timestamp>600.511147</timestamp>
			</report>
			<report>
				<misses>95100001</misses>
				<total>0</total>
				<timestamp>601.152020</timestamp>
			</report>
			<report>
				<misses>95200001</misses>
				<total>0</total>
				<timestamp>601.780289</timestamp>
			</report>
			<report>
				<misses>95300001</misses>
				<total>0</total>
				<timestamp>602.403872</timestamp>
			</report>
			<report>
				<misses>95400001</misses>
				<total>0</total>
				<timestamp>603.037301</timestamp>
			</report>
			<report>
				<misses>95500001</misses>
				<total>0</total>
				<timestamp>603.668786</timestamp>
			</report>
			<report>
				<misses>95600001</misses>
				<total>0</total>
				<timestamp>604.297608</timestamp>
			</report>
			<report>
				<misses>95700001</misses>
				<total>0</total>
				<timestamp>604.920511</timestamp>
			</report>
			<report>
				<misses>95800001</misses>
				<total>0</total>
				<timestamp>605.552734</timestamp>
			</report>
			<report>
				<misses>95900001</misses>
				<total>0</total>
				<timestamp>606.182073</timestamp>
			</report>
			<report>
				<misses>96000001</misses>
				<total>0</total>
				<timestamp>606.815834</timestamp>
			</report>
			<report>
				<misses>96100001</misses>
				<total>0</total>
				<timestamp>607.441729</timestamp>
			</report>
			<report>
				<misses>96200001</misses>
				<total>0</total>
				<timestamp>608.080073</timestamp>
			</report>
			<report>
				<misses>96300001</misses>
				<total>0</total>
				<timestamp>608.709104</timestamp>
			</report>
			<report>
				<misses>96400001</misses>
				<total>0</total>
				<timestamp>609.340285</timestamp>
			</report>
			<report>
				<misses>96500001</misses>
				<total>0</total>
				<timestamp>609.964972</timestamp>
			</report>
			<report>
				<misses>96600001</misses>
				<total>0</total>
				<timestamp>610.619983</timestamp>
			</report>
			<report>
				<misses>96700001</misses>
				<total>0</total>
				<timestamp>611.246709</timestamp>
			</report>
			<report>
				<misses>96800001</misses>
				<total>0</total>
				<timestamp>611.887163</timestamp>
			</report>
			<report>
				<misses>96900001</misses>
				<total>0</total>
				<timestamp>612.520069</timestamp>
			</report>
			<report>
				<misses>97000001</misses>
				<total>0</total>
				<timestamp>613.149466</timestamp>
			</report>
			<report>
				<misses>97100001</misses>
				<total>0</total>
				<timestamp>613.782237</timestamp>
			</report>
			<report>
				<misses>97200001</misses>
				<total>0</total>
				<timestamp>614.416578</timestamp>
			</report>
			<report>
				<misses>97300001</misses>
				<total>0</total>
				<timestamp>615.048789</timestamp>
			</report>
			<report>
				<misses>97400001</misses>
				<total>0</total>
				<timestamp>615.678044</timestamp>
			</report>
			<report>
				<misses>97500001</misses>
				<total>0</total>
				<timestamp>616.313982</timestamp>
			</report>
			<report>
				<misses>97600001</misses>
				<total>0</total>
				<timestamp>616.938096</timestamp>
			</report>
			<report>
				<misses>97700001</misses>
				<total>0</total>
				<timestamp>617.566615</timestamp>
			</report>
			<report>
				<misses>97800001</misses>
				<total>0</total>
				<timestamp>618.194690</timestamp>
			</report>
			<report>
				<misses>97900001</misses>
				<total>0</total>
				<timestamp>618.826699</timestamp>
			</report>
			<report>
				<misses>98000001</misses>
				<total>0</total>
				<timestamp>619.468199</timestamp>
			</report>
			<report>
				<misses>98100001</misses>
				<total>0</total>
				<timestamp>620.090537</timestamp>
			</report>
			<report>
				<misses>98200001</misses>
				<total>0</total>
				<timestamp>620.733992</timestamp>
			</report>
			<report>
				<misses>98300001</misses>
				<total>0</total>
				<timestamp>621.366557</timestamp>
			</report>
			<report>
				<misses>98400001</misses>
				<total>0</total>
				<timestamp>621.990298</timestamp>
			</report>
			<report>
				<misses>98500001</misses>
				<total>0</total>
				<timestamp>622.620721</timestamp>
			</report>
			<report>
				<misses>98600001</misses>
				<total>0</total>
				<timestamp>623.247073</timestamp>
			</report>
			<report>
				<misses>98700001</misses>
				<total>0</total>
				<timestamp>623.869084</timestamp>
			</report>
			<report>
				<misses>98800001</misses>
				<total>0</total>
				<timestamp>624.500298</timestamp>
			</report>
			<report>
				<misses>98900001</misses>
				<total>0</total>
				<timestamp>625.134893</timestamp>
			</report>
			<report>
				<misses>99000001</misses>
				<total>0</total>
				<timestamp>625.769546</timestamp>
			</report>
			<report>
				<misses>99100001</misses>
				<total>0</total>
				<timestamp>626.397253</timestamp>
			</report>
			<report>
				<misses>99200001</misses>
				<total>0</total>
				<timestamp>627.024400</timestamp>
			</report>
			<report>
				<misses>99300001</misses>
				<total>0</total>
				<timestamp>627.647373</timestamp>
			</report>
			<report>
				<misses>99400001</misses>
				<total>0</total>
				<timestamp>628.279184</timestamp>
			</report>
			<report>
				<misses>99500001</misses>
				<total>0</total>
				<timestamp>628.906841</timestamp>
			</report>
			<report>
				<misses>99600001</misses>
				<total>0</total>
				<timestamp>629.530480</timestamp>
			</report>
			<report>
				<misses>99700001</misses>
				<total>0</total>
				<timestamp>630.159473</timestamp>
			</report>
			<report>
				<misses>99800001</misses>
				<total>0</total>
				<timestamp>630.784734</timestamp>
			</report>
			<report>
				<misses>99900001</misses>
				<total>0</total>
				<timestamp>631.418596</timestamp>
			</report>
			<report>
				<misses>100000001</misses>
				<total>0</total>
				<timestamp>632.054110</timestamp>
			</report>
			<report>
				<misses>100100001</misses>
				<total>0</total>
				<timestamp>632.681779</timestamp>
			</report>
			<report>
				<misses>100200001</misses>
				<total>0</total>
				<timestamp>633.327697</timestamp>
			</report>
			<report>
				<misses>100300001</misses>
				<total>0</total>
				<timestamp>633.962619</timestamp>
			</report>
			<report>
				<misses>100400001</misses>
				<total>0</total>
				<timestamp>634.587771</timestamp>
			</report>
			<report>
				<misses>100500001</misses>
				<total>0</total>
				<timestamp>635.233826</timestamp>
			</report>
			<report>
				<misses>100600001</misses>
				<total>0</total>
				<timestamp>635.867597</timestamp>
			</report>
			<report>
				<misses>100700001</misses>
				<total>0</total>
				<timestamp>636.500542</timestamp>
			</report>
			<report>
				<misses>100800001</misses>
				<total>0</total>
				<timestamp>637.140440</timestamp>
			</report>
			<report>
				<misses>100900001</misses>
				<total>0</total>
				<timestamp>637.770763</timestamp>
			</report>
			<report>
				<misses>101000001</misses>
				<total>0</total>
				<timestamp>638.405791</timestamp>
			</report>
			<report>
				<misses>101100001</misses>
				<total>0</total>
				<timestamp>639.044286</timestamp>
			</report>
			<report>
				<misses>101200001</misses>
				<total>0</total>
				<timestamp>639.676500</timestamp>
			</report>
			<report>
				<misses>101300001</misses>
				<total>0</total>
				<timestamp>640.314022</timestamp>
			</report>
			<report>
				<misses>101400001</misses>
				<total>0</total>
				<timestamp>640.938789</timestamp>
			</report>
			<report>
				<misses>101500001</misses>
				<total>0</total>
				<timestamp>641.563089</timestamp>
			</report>
			<report>
				<misses>101600001</misses>
				<total>0</total>
				<timestamp>642.189254</timestamp>
			</report>
			<report>
				<misses>101700001</misses>
				<total>0</total>
				<timestamp>642.819516</timestamp>
			</report>
			<report>
				<misses>101800001</misses>
				<total>0</total>
				<timestamp>643.455938</timestamp>
			</report>
			<report>
				<misses>101900001</misses>
				<total>0</total>
				<timestamp>644.087691</timestamp>
			</report>
			<report>
				<misses>102000001</misses>
				<total>0</total>
				<timestamp>644.718451</timestamp>
			</report>
			<report>
				<misses>102100001</misses>
				<total>0</total>
				<timestamp>645.349379</timestamp>
			</report>
			<report>
				<misses>102200001</misses>
				<total>0</total>
				<timestamp>645.982982</timestamp>
			</report>
			<report>
				<misses>102300001</misses>
				<total>0</total>
				<timestamp>646.609946</timestamp>
			</report>
			<report>
				<misses>102400001</misses>
				<total>0</total>
				<timestamp>647.245535</timestamp>
			</report>
			<report>
				<misses>102500001</misses>
				<total>0</total>
				<timestamp>647.877075</timestamp>
			</report>
			<report>
				<misses>102600001</misses>
				<total>0</total>
				<timestamp>648.505712</timestamp>
			</report>
			<report>
				<misses>102700001</misses>
				<total>0</total>
				<timestamp>649.130599</timestamp>
			</report>
			<report>
				<misses>102800001</misses>
				<total>0</total>
				<timestamp>649.757526</timestamp>
			</report>
			<report>
				<misses>102900001</misses>
				<total>0</total>
				<timestamp>650.386213</timestamp>
			</report>
			<report>
				<misses>103000001</misses>
				<total>0</total>
				<timestamp>651.020844</timestamp>
			</report>
			<report>
				<misses>103100001</misses>
				<total>0</total>
				<timestamp>651.648242</timestamp>
			</report>
			<report>
				<misses>103200001</misses>
				<total>0</total>
				<timestamp>652.273355</timestamp>
			</report>
			<report>
				<misses>103300001</misses>
				<total>0</total>
				<timestamp>652.898052</timestamp>
			</report>
			<report>
				<misses>103400001</misses>
				<total>0</total>
				<timestamp>653.526528</timestamp>
			</report>
			<report>
				<misses>103500001</misses>
				<total>0</total>
				<timestamp>654.157279</timestamp>
			</report>
			<report>
				<misses>103600001</misses>
				<total>0</total>
				<timestamp>654.785042</timestamp>
			</report>
			<report>
				<misses>103700001</misses>
				<total>0</total>
				<timestamp>655.424830</timestamp>
			</report>
			<report>
				<misses>103800001</misses>
				<total>0</total>
				<timestamp>656.069182</timestamp>
			</report>
			<report>
				<misses>103900001</misses>
				<total>0</total>
				<timestamp>656.714017</timestamp>
			</report>
			<report>
				<misses>104000001</misses>
				<total>0</total>
				<timestamp>657.351154</timestamp>
			</report>
			<report>
				<misses>104100001</misses>
				<total>0</total>
				<timestamp>657.989380</timestamp>
			</report>
			<report>
				<misses>104200001</misses>
				<total>0</total>
				<timestamp>658.616599</timestamp>
			</report>
			<report>
				<misses>104300001</misses>
				<total>0</total>
				<timestamp>659.245353</timestamp>
			</report>
			<report>
				<misses>104400001</misses>
				<total>0</total>
				<timestamp>659.881803</timestamp>
			</report>
			<report>
				<misses>104500001</misses>
				<total>0</total>
				<timestamp>660.516277</timestamp>
			</report>
			<report>
				<misses>104600001</misses>
				<total>0</total>
				<timestamp>661.146956</timestamp>
			</report>
			<report>
				<misses>104700001</misses>
				<total>0</total>
				<timestamp>661.777347</timestamp>
			</report>
			<report>
				<misses>104800001</misses>
				<total>0</total>
				<timestamp>662.412136</timestamp>
			</report>
			<report>
				<misses>104900001</misses>
				<total>0</total>
				<timestamp>663.035192</timestamp>
			</report>
			<report>
				<misses>105000001</misses>
				<total>0</total>
				<timestamp>663.667297</timestamp>
			</report>
			<report>
				<misses>105100001</misses>
				<total>0</total>
				<timestamp>664.313070</timestamp>
			</report>
			<report>
				<misses>105200001</misses>
				<total>0</total>
				<timestamp>664.942047</timestamp>
			</report>
			<report>
				<misses>105300001</misses>
				<total>0</total>
				<timestamp>665.566146</timestamp>
			</report>
			<report>
				<misses>105400001</misses>
				<total>0</total>
				<timestamp>666.195211</timestamp>
			</report>
			<report>
				<misses>105500001</misses>
				<total>0</total>
				<timestamp>666.817810</timestamp>
			</report>
			<report>
				<misses>105600001</misses>
				<total>0</total>
				<timestamp>667.475850</timestamp>
			</report>
			<report>
				<misses>105700001</misses>
				<total>0</total>
				<timestamp>668.100965</timestamp>
			</report>
			<report>
				<misses>105800001</misses>
				<total>0</total>
				<timestamp>668.731624</timestamp>
			</report>
			<report>
				<misses>105900001</misses>
				<total>0</total>
				<timestamp>669.354720</timestamp>
			</report>
			<report>
				<misses>106000001</misses>
				<total>0</total>
				<timestamp>669.980881</timestamp>
			</report>
			<report>
				<misses>106100001</misses>
				<total>0</total>
				<timestamp>670.617953</timestamp>
			</report>
			<report>
				<misses>106200001</misses>
				<total>0</total>
				<timestamp>671.251666</timestamp>
			</report>
			<report>
				<misses>106300001</misses>
				<total>0</total>
				<timestamp>671.881796</timestamp>
			</report>
			<report>
				<misses>106400001</misses>
				<total>0</total>
				<timestamp>672.507642</timestamp>
			</report>
			<report>
				<misses>106500001</misses>
				<total>0</total>
				<timestamp>673.134568</timestamp>
			</report>
			<report>
				<misses>106600001</misses>
				<total>0</total>
				<timestamp>673.757366</timestamp>
			</report>
			<report>
				<misses>106700001</misses>
				<total>0</total>
				<timestamp>674.395781</timestamp>
			</report>
			<report>
				<misses>106800001</misses>
				<total>0</total>
				<timestamp>675.029240</timestamp>
			</report>
			<report>
				<misses>106900001</misses>
				<total>0</total>
				<timestamp>675.652798</timestamp>
			</report>
			<report>
				<misses>107000001</misses>
				<total>0</total>
				<timestamp>676.289278</timestamp>
			</report>
			<report>
				<misses>107100001</misses>
				<total>0</total>
				<timestamp>676.927143</timestamp>
			</report>
			<report>
				<misses>107200001</misses>
				<total>0</total>
				<timestamp>677.556081</timestamp>
			</report>
			<report>
				<misses>107300001</misses>
				<total>0</total>
				<timestamp>678.187953</timestamp>
			</report>
			<report>
				<misses>107400001</misses>
				<total>0</total>
				<timestamp>678.820878</timestamp>
			</report>
			<report>
				<misses>107500001</misses>
				<total>0</total>
				<timestamp>679.445665</timestamp>
			</report>
			<report>
				<misses>107600001</misses>
				<total>0</total>
				<timestamp>680.081697</timestamp>
			</report>
			<report>
				<misses>107700001</misses>
				<total>0</total>
				<timestamp>680.718781</timestamp>
			</report>
			<report>
				<misses>107800001</misses>
				<total>0</total>
				<timestamp>681.351951</timestamp>
			</report>
			<report>
				<misses>107900001</misses>
				<total>0</total>
				<timestamp>681.975683</timestamp>
			</report>
			<report>
				<misses>108000001</misses>
				<total>0</total>
				<timestamp>682.614331</timestamp>
			</report>
			<report>
				<misses>108100001</misses>
				<total>0</total>
				<timestamp>683.249427</timestamp>
			</report>
			<report>
				<misses>108200001</misses>
				<total>0</total>
				<timestamp>683.876419</timestamp>
			</report>
			<report>
				<misses>108300001</misses>
				<total>0</total>
				<timestamp>684.508103</timestamp>
			</report>
			<report>
				<misses>108400001</misses>
				<total>0</total>
				<timestamp>685.146338</timestamp>
			</report>
			<report>
				<misses>108500001</misses>
				<total>0</total>
				<timestamp>685.775319</timestamp>
			</report>
			<report>
				<misses>108600001</misses>
				<total>0</total>
				<timestamp>686.408787</timestamp>
			</report>
			<report>
				<misses>108700001</misses>
				<total>0</total>
				<timestamp>687.039744</timestamp>
			</report>
			<report>
				<misses>108800001</misses>
				<total>0</total>
				<timestamp>687.674373</timestamp>
			</report>
			<report>
				<misses>108900001</misses>
				<total>0</total>
				<timestamp>688.302613</timestamp>
			</report>
			<report>
				<misses>109000001</misses>
				<total>0</total>
				<timestamp>688.933546</timestamp>
			</report>
			<report>
				<misses>109100001</misses>
				<total>0</total>
				<timestamp>689.577871</timestamp>
			</report>
			<report>
				<misses>109200001</misses>
				<total>0</total>
				<timestamp>690.210374</timestamp>
			</report>
			<report>
				<misses>109300001</misses>
				<total>0</total>
				<timestamp>690.841491</timestamp>
			</report>
			<report>
				<misses>109400001</misses>
				<total>0</total>
				<timestamp>691.477108</timestamp>
			</report>
			<report>
				<misses>109500001</misses>
				<total>0</total>
				<timestamp>692.100709</timestamp>
			</report>
			<report>
				<misses>109600001</misses>
				<total>0</total>
				<timestamp>692.733005</timestamp>
			</report>
			<report>
				<misses>109700001</misses>
				<total>0</total>
				<timestamp>693.362222</timestamp>
			</report>
			<report>
				<misses>109800001</misses>
				<total>0</total>
				<timestamp>693.997497</timestamp>
			</report>
			<report>
				<misses>109900001</misses>
				<total>0</total>
				<timestamp>694.633529</timestamp>
			</report>
			<report>
				<misses>110000001</misses>
				<total>0</total>
				<timestamp>695.278049</timestamp>
			</report>
			<report>
				<misses>110100001</misses>
				<total>0</total>
				<timestamp>695.913367</timestamp>
			</report>
			<report>
				<misses>110200001</misses>
				<total>0</total>
				<timestamp>696.540099</timestamp>
			</report>
			<report>
				<misses>110300001</misses>
				<total>0</total>
				<timestamp>697.162357</timestamp>
			</report>
			<report>
				<misses>110400001</misses>
				<total>0</total>
				<timestamp>697.791474</timestamp>
			</report>
			<report>
				<misses>110500001</misses>
				<total>0</total>
				<timestamp>698.425998</timestamp>
			</report>
			<report>
				<misses>110600001</misses>
				<total>0</total>
				<timestamp>699.063006</timestamp>
			</report>
			<report>
				<misses>110700001</misses>
				<total>0</total>
				<timestamp>699.691053</timestamp>
			</report>
			<report>
				<misses>110800001</misses>
				<total>0</total>
				<timestamp>700.321607</timestamp>
			</report>
			<report>
				<misses>110900001</misses>
				<total>0</total>
				<timestamp>700.948333</timestamp>
			</report>
			<report>
				<misses>111000001</misses>
				<total>0</total>
				<timestamp>701.579922</timestamp>
			</report>
			<report>
				<misses>111100001</misses>
				<total>0</total>
				<timestamp>702.208240</timestamp>
			</report>
			<report>
				<misses>111200001</misses>
				<total>0</total>
				<timestamp>702.835377</timestamp>
			</report>
			<report>
				<misses>111300001</misses>
				<total>0</total>
				<timestamp>703.457567</timestamp>
			</report>
			<report>
				<misses>111400001</misses>
				<total>0</total>
				<timestamp>704.084064</timestamp>
			</report>
			<report>
				<misses>111500001</misses>
				<total>0</total>
				<timestamp>704.724376</timestamp>
			</report>
			<report>
				<misses>111600001</misses>
				<total>0</total>
				<timestamp>705.356341</timestamp>
			</report>
			<report>
				<misses>111700001</misses>
				<total>0</total>
				<timestamp>705.984774</timestamp>
			</report>
			<report>
				<misses>111800001</misses>
				<total>0</total>
				<timestamp>706.621271</timestamp>
			</report>
			<report>
				<misses>111900001</misses>
				<total>0</total>
				<timestamp>707.256292</timestamp>
			</report>
			<report>
				<misses>112000001</misses>
				<total>0</total>
				<timestamp>707.888724</timestamp>
			</report>
			<report>
				<misses>112100001</misses>
				<total>0</total>
				<timestamp>708.517156</timestamp>
			</report>
			<report>
				<misses>112200001</misses>
				<total>0</total>
				<timestamp>709.139008</timestamp>
			</report>
			<report>
				<misses>112300001</misses>
				<total>0</total>
				<timestamp>709.769163</timestamp>
			</report>
			<report>
				<misses>112400001</misses>
				<total>0</total>
				<timestamp>710.410427</timestamp>
			</report>
			<report>
				<misses>112500001</misses>
				<total>0</total>
				<timestamp>711.035235</timestamp>
			</report>
			<report>
				<misses>112600001</misses>
				<total>0</total>
				<timestamp>711.661904</timestamp>
			</report>
			<report>
				<misses>112700001</misses>
				<total>0</total>
				<timestamp>712.294238</timestamp>
			</report>
			<report>
				<misses>112800001</misses>
				<total>0</total>
				<timestamp>712.919450</timestamp>
			</report>
			<report>
				<misses>112900001</misses>
				<total>0</total>
				<timestamp>713.546058</timestamp>
			</report>
			<report>
				<misses>113000001</misses>
				<total>0</total>
				<timestamp>714.169854</timestamp>
			</report>
			<report>
				<misses>113100001</misses>
				<total>0</total>
				<timestamp>714.796849</timestamp>
			</report>
			<report>
				<misses>113200001</misses>
				<total>0</total>
				<timestamp>715.419320</timestamp>
			</report>
			<report>
				<misses>113300001</misses>
				<total>0</total>
				<timestamp>716.041730</timestamp>
			</report>
			<report>
				<misses>113400001</misses>
				<total>0</total>
				<timestamp>716.667216</timestamp>
			</report>
			<report>
				<misses>113500001</misses>
				<total>0</total>
				<timestamp>717.322761</timestamp>
			</report>
			<report>
				<misses>113600001</misses>
				<total>0</total>
				<timestamp>717.951647</timestamp>
			</report>
			<report>
				<misses>113700001</misses>
				<total>0</total>
				<timestamp>718.582104</timestamp>
			</report>
			<report>
				<misses>113800001</misses>
				<total>0</total>
				<timestamp>719.231484</timestamp>
			</report>
			<report>
				<misses>113900001</misses>
				<total>0</total>
				<timestamp>719.872029</timestamp>
			</report>
			<report>
				<misses>114000001</misses>
				<total>0</total>
				<timestamp>720.500620</timestamp>
			</report>
			<report>
				<misses>114100001</misses>
				<total>0</total>
				<timestamp>721.124304</timestamp>
			</report>
			<report>
				<misses>114200001</misses>
				<total>0</total>
				<timestamp>721.760998</timestamp>
			</report>
			<report>
				<misses>114300001</misses>
				<total>0</total>
				<timestamp>722.404300</timestamp>
			</report>
			<report>
				<misses>114400001</misses>
				<total>0</total>
				<timestamp>723.037526</timestamp>
			</report>
			<report>
				<misses>114500001</misses>
				<total>0</total>
				<timestamp>723.670781</timestamp>
			</report>
			<report>
				<misses>114600001</misses>
				<total>0</total>
				<timestamp>724.323913</timestamp>
			</report>
			<report>
				<misses>114700001</misses>
				<total>0</total>
				<timestamp>724.950412</timestamp>
			</report>
			<report>
				<misses>114800001</misses>
				<total>0</total>
				<timestamp>725.599284</timestamp>
			</report>
			<report>
				<misses>114900001</misses>
				<total>0</total>
				<timestamp>726.233617</timestamp>
			</report>
			<report>
				<misses>115000001</misses>
				<total>0</total>
				<timestamp>726.876971</timestamp>
			</report>
			<report>
				<misses>115100001</misses>
				<total>0</total>
				<timestamp>727.531457</timestamp>
			</report>
			<report>
				<misses>115200001</misses>
				<total>0</total>
				<timestamp>728.160091</timestamp>
			</report>
			<report>
				<misses>115300001</misses>
				<total>0</total>
				<timestamp>728.803485</timestamp>
			</report>
			<report>
				<misses>115400001</misses>
				<total>0</total>
				<timestamp>729.434296</timestamp>
			</report>
			<report>
				<misses>115500001</misses>
				<total>0</total>
				<timestamp>730.063447</timestamp>
			</report>
			<report>
				<misses>115600001</misses>
				<total>0</total>
				<timestamp>730.690867</timestamp>
			</report>
			<report>
				<misses>115700001</misses>
				<total>0</total>
				<timestamp>731.313202</timestamp>
			</report>
			<report>
				<misses>115800001</misses>
				<total>0</total>
				<timestamp>731.944266</timestamp>
			</report>
			<report>
				<misses>115900001</misses>
				<total>0</total>
				<timestamp>732.583693</timestamp>
			</report>
			<report>
				<misses>116000001</misses>
				<total>0</total>
				<timestamp>733.221220</timestamp>
			</report>
			<report>
				<misses>116100001</misses>
				<total>0</total>
				<timestamp>733.856464</timestamp>
			</report>
			<report>
				<misses>116200001</misses>
				<total>0</total>
				<timestamp>734.479431</timestamp>
			</report>
			<report>
				<misses>116300001</misses>
				<total>0</total>
				<timestamp>735.112561</timestamp>
			</report>
			<report>
				<misses>116400001</misses>
				<total>0</total>
				<timestamp>735.749492</timestamp>
			</report>
			<report>
				<misses>116500001</misses>
				<total>0</total>
				<timestamp>736.375643</timestamp>
			</report>
			<report>
				<misses>116600001</misses>
				<total>0</total>
				<timestamp>737.012144</timestamp>
			</report>
			<report>
				<misses>116700001</misses>
				<total>0</total>
				<timestamp>737.662772</timestamp>
			</report>
			<report>
				<misses>116800001</misses>
				<total>0</total>
				<timestamp>738.301058</timestamp>
			</report>
			<report>
				<misses>116900001</misses>
				<total>0</total>
				<timestamp>738.931074</timestamp>
			</report>
			<report>
				<misses>117000001</misses>
				<total>0</total>
				<timestamp>739.564290</timestamp>
			</report>
			<report>
				<misses>117100001</misses>
				<total>0</total>
				<timestamp>740.193835</timestamp>
			</report>
			<report>
				<misses>117200001</misses>
				<total>0</total>
				<timestamp>740.828283</timestamp>
			</report>
			<report>
				<misses>117300001</misses>
				<total>0</total>
				<timestamp>741.464943</timestamp>
			</report>
			<report>
				<misses>117400001</misses>
				<total>0</total>
				<timestamp>742.097957</timestamp>
			</report>
			<report>
				<misses>117500001</misses>
				<total>0</total>
				<timestamp>742.739737</timestamp>
			</report>
			<report>
				<misses>117600001</misses>
				<total>0</total>
				<timestamp>743.371489</timestamp>
			</report>
			<report>
				<misses>117700001</misses>
				<total>0</total>
				<timestamp>744.010305</timestamp>
			</report>
			<report>
				<misses>117800001</misses>
				<total>0</total>
				<timestamp>744.645987</timestamp>
			</report>
			<report>
				<misses>117900001</misses>
				<total>0</total>
				<timestamp>745.276181</timestamp>
			</report>
			<report>
				<misses>118000001</misses>
				<total>0</total>
				<timestamp>745.903185</timestamp>
			</report>
			<report>
				<misses>118100001</misses>
				<total>0</total>
				<timestamp>746.535287</timestamp>
			</report>
			<report>
				<misses>118200001</misses>
				<total>0</total>
				<timestamp>747.169346</timestamp>
			</report>
			<report>
				<misses>118300001</misses>
				<total>0</total>
				<timestamp>747.800068</timestamp>
			</report>
			<report>
				<misses>118400001</misses>
				<total>0</total>
				<timestamp>748.436469</timestamp>
			</report>
			<report>
				<misses>118500001</misses>
				<total>0</total>
				<timestamp>749.084546</timestamp>
			</report>
			<report>
				<misses>118600001</misses>
				<total>0</total>
				<timestamp>749.710507</timestamp>
			</report>
			<report>
				<misses>118700001</misses>
				<total>0</total>
				<timestamp>750.332591</timestamp>
			</report>
			<report>
				<misses>118800001</misses>
				<total>0</total>
				<timestamp>750.967816</timestamp>
			</report>
			<report>
				<misses>118900001</misses>
				<total>0</total>
				<timestamp>751.614191</timestamp>
			</report>
			<report>
				<misses>119000001</misses>
				<total>0</total>
				<timestamp>752.257800</timestamp>
			</report>
			<report>
				<misses>119100001</misses>
				<total>0</total>
				<timestamp>752.895432</timestamp>
			</report>
			<report>
				<misses>119200001</misses>
				<total>0</total>
				<timestamp>753.532301</timestamp>
			</report>
			<report>
				<misses>119300001</misses>
				<total>0</total>
				<timestamp>754.158793</timestamp>
			</report>
			<report>
				<misses>119400001</misses>
				<total>0</total>
				<timestamp>754.791025</timestamp>
			</report>
			<report>
				<misses>119500001</misses>
				<total>0</total>
				<timestamp>755.415654</timestamp>
			</report>
			<report>
				<misses>119600001</misses>
				<total>0</total>
				<timestamp>756.042931</timestamp>
			</report>
			<report>
				<misses>119700001</misses>
				<total>0</total>
				<timestamp>756.673886</timestamp>
			</report>
			<report>
				<misses>119800001</misses>
				<total>0</total>
				<timestamp>757.299976</timestamp>
			</report>
			<report>
				<misses>119900001</misses>
				<total>0</total>
				<timestamp>757.924169</timestamp>
			</report>
			<report>
				<misses>120000001</misses>
				<total>0</total>
				<timestamp>758.565333</timestamp>
			</report>
			<report>
				<misses>120100001</misses>
				<total>0</total>
				<timestamp>759.199782</timestamp>
			</report>
			<report>
				<misses>120200001</misses>
				<total>0</total>
				<timestamp>759.827781</timestamp>
			</report>
			<report>
				<misses>120300001</misses>
				<total>0</total>
				<timestamp>760.457954</timestamp>
			</report>
			<report>
				<misses>120400001</misses>
				<total>0</total>
				<timestamp>761.091378</timestamp>
			</report>
			<report>
				<misses>120500001</misses>
				<total>0</total>
				<timestamp>761.723078</timestamp>
			</report>
			<report>
				<misses>120600001</misses>
				<total>0</total>
				<timestamp>762.354617</timestamp>
			</report>
			<report>
				<misses>120700001</misses>
				<total>0</total>
				<timestamp>762.979454</timestamp>
			</report>
			<report>
				<misses>120800001</misses>
				<total>0</total>
				<timestamp>763.605649</timestamp>
			</report>
			<report>
				<misses>120900001</misses>
				<total>0</total>
				<timestamp>764.232703</timestamp>
			</report>
			<report>
				<misses>121000001</misses>
				<total>0</total>
				<timestamp>764.861305</timestamp>
			</report>
			<report>
				<misses>121100001</misses>
				<total>0</total>
				<timestamp>765.493423</timestamp>
			</report>
			<report>
				<misses>121200001</misses>
				<total>0</total>
				<timestamp>766.122058</timestamp>
			</report>
			<report>
				<misses>121300001</misses>
				<total>0</total>
				<timestamp>766.746509</timestamp>
			</report>
			<report>
				<misses>121400001</misses>
				<total>0</total>
				<timestamp>767.384310</timestamp>
			</report>
			<report>
				<misses>121500001</misses>
				<total>0</total>
				<timestamp>768.015526</timestamp>
			</report>
			<report>
				<misses>121600001</misses>
				<total>0</total>
				<timestamp>768.645408</timestamp>
			</report>
			<report>
				<misses>121700001</misses>
				<total>0</total>
				<timestamp>769.296090</timestamp>
			</report>
			<report>
				<misses>121800001</misses>
				<total>0</total>
				<timestamp>769.925468</timestamp>
			</report>
			<report>
				<misses>121900001</misses>
				<total>0</total>
				<timestamp>770.556328</timestamp>
			</report>
			<report>
				<misses>122000001</misses>
				<total>0</total>
				<timestamp>771.188483</timestamp>
			</report>
			<report>
				<misses>122100001</misses>
				<total>0</total>
				<timestamp>771.823896</timestamp>
			</report>
			<report>
				<misses>122200001</misses>
				<total>0</total>
				<timestamp>772.453368</timestamp>
			</report>
			<report>
				<misses>122300001</misses>
				<total>0</total>
				<timestamp>773.083032</timestamp>
			</report>
			<report>
				<misses>122400001</misses>
				<total>0</total>
				<timestamp>773.714244</timestamp>
			</report>
			<report>
				<misses>122500001</misses>
				<total>0</total>
				<timestamp>774.348991</timestamp>
			</report>
			<report>
				<misses>122600001</misses>
				<total>0</total>
				<timestamp>774.977928</timestamp>
			</report>
			<report>
				<misses>122700001</misses>
				<total>0</total>
				<timestamp>775.637224</timestamp>
			</report>
			<report>
				<misses>122800001</misses>
				<total>0</total>
				<timestamp>776.262209</timestamp>
			</report>
			<report>
				<misses>122900001</misses>
				<total>0</total>
				<timestamp>776.891467</timestamp>
			</report>
			<report>
				<misses>123000001</misses>
				<total>0</total>
				<timestamp>777.521444</timestamp>
			</report>
			<report>
				<misses>123100001</misses>
				<total>0</total>
				<timestamp>778.147012</timestamp>
			</report>
			<report>
				<misses>123200001</misses>
				<total>0</total>
				<timestamp>778.774114</timestamp>
			</report>
			<report>
				<misses>123300001</misses>
				<total>0</total>
				<timestamp>779.405538</timestamp>
			</report>
			<report>
				<misses>123400001</misses>
				<total>0</total>
				<timestamp>780.032342</timestamp>
			</report>
			<report>
				<misses>123500001</misses>
				<total>0</total>
				<timestamp>780.662105</timestamp>
			</report>
			<report>
				<misses>123600001</misses>
				<total>0</total>
				<timestamp>781.286007</timestamp>
			</report>
			<report>
				<misses>123700001</misses>
				<total>0</total>
				<timestamp>781.917570</timestamp>
			</report>
			<report>
				<misses>123800001</misses>
				<total>0</total>
				<timestamp>782.549333</timestamp>
			</report>
			<report>
				<misses>123900001</misses>
				<total>0</total>
				<timestamp>783.178275</timestamp>
			</report>
			<report>
				<misses>124000001</misses>
				<total>0</total>
				<timestamp>783.804910</timestamp>
			</report>
			<report>
				<misses>124100001</misses>
				<total>0</total>
				<timestamp>784.435308</timestamp>
			</report>
			<report>
				<misses>124200001</misses>
				<total>0</total>
				<timestamp>785.071344</timestamp>
			</report>
			<report>
				<misses>124300001</misses>
				<total>0</total>
				<timestamp>785.696822</timestamp>
			</report>
			<report>
				<misses>124400001</misses>
				<total>0</total>
				<timestamp>786.318824</timestamp>
			</report>
			<report>
				<misses>124500001</misses>
				<total>0</total>
				<timestamp>786.944249</timestamp>
			</report>
			<report>
				<misses>124600001</misses>
				<total>0</total>
				<timestamp>787.569908</timestamp>
			</report>
			<report>
				<misses>124700001</misses>
				<total>0</total>
				<timestamp>788.198591</timestamp>
			</report>
			<report>
				<misses>124800001</misses>
				<total>0</total>
				<timestamp>788.837958</timestamp>
			</report>
			<report>
				<misses>124900001</misses>
				<total>0</total>
				<timestamp>789.480208</timestamp>
			</report>
			<report>
				<misses>125000001</misses>
				<total>0</total>
				<timestamp>790.112615</timestamp>
			</report>
			<report>
				<misses>125100001</misses>
				<total>0</total>
				<timestamp>790.742157</timestamp>
			</report>
			<report>
				<misses>125200001</misses>
				<total>0</total>
				<timestamp>791.370307</timestamp>
			</report>
			<report>
				<misses>125300001</misses>
				<total>0</total>
				<timestamp>792.001116</timestamp>
			</report>
			<report>
				<misses>125400001</misses>
				<total>0</total>
				<timestamp>792.630474</timestamp>
			</report>
			<report>
				<misses>125500001</misses>
				<total>0</total>
				<timestamp>793.261584</timestamp>
			</report>
			<report>
				<misses>125600001</misses>
				<total>0</total>
				<timestamp>793.889974</timestamp>
			</report>
			<report>
				<misses>125700001</misses>
				<total>0</total>
				<timestamp>794.516256</timestamp>
			</report>
			<report>
				<misses>125800001</misses>
				<total>0</total>
				<timestamp>795.145337</timestamp>
			</report>
			<report>
				<misses>125900001</misses>
				<total>0</total>
				<timestamp>795.785798</timestamp>
			</report>
			<report>
				<misses>126000001</misses>
				<total>0</total>
				<timestamp>796.418774</timestamp>
			</report>
			<report>
				<misses>126100001</misses>
				<total>0</total>
				<timestamp>797.051137</timestamp>
			</report>
			<report>
				<misses>126200001</misses>
				<total>0</total>
				<timestamp>797.681651</timestamp>
			</report>
			<report>
				<misses>126300001</misses>
				<total>0</total>
				<timestamp>798.315909</timestamp>
			</report>
			<report>
				<misses>126400001</misses>
				<total>0</total>
				<timestamp>798.950085</timestamp>
			</report>
			<report>
				<misses>126500001</misses>
				<total>0</total>
				<timestamp>799.578430</timestamp>
			</report>
			<report>
				<misses>126600001</misses>
				<total>0</total>
				<timestamp>800.206184</timestamp>
			</report>
			<report>
				<misses>126700001</misses>
				<total>0</total>
				<timestamp>800.834006</timestamp>
			</report>
			<report>
				<misses>126800001</misses>
				<total>0</total>
				<timestamp>801.464514</timestamp>
			</report>
			<report>
				<misses>126900001</misses>
				<total>0</total>
				<timestamp>802.114827</timestamp>
			</report>
			<report>
				<misses>127000001</misses>
				<total>0</total>
				<timestamp>802.768394</timestamp>
			</report>
			<report>
				<misses>127100001</misses>
				<total>0</total>
				<timestamp>803.399317</timestamp>
			</report>
			<report>
				<misses>127200001</misses>
				<total>0</total>
				<timestamp>804.024779</timestamp>
			</report>
			<report>
				<misses>127300001</misses>
				<total>0</total>
				<timestamp>804.649523</timestamp>
			</report>
			<report>
				<misses>127400001</misses>
				<total>0</total>
				<timestamp>805.279886</timestamp>
			</report>
			<report>
				<misses>127500001</misses>
				<total>0</total>
				<timestamp>805.906287</timestamp>
			</report>
			<report>
				<misses>127600001</misses>
				<total>0</total>
				<timestamp>806.544837</timestamp>
			</report>
			<report>
				<misses>127700001</misses>
				<total>0</total>
				<timestamp>807.175587</timestamp>
			</report>
			<report>
				<misses>127800001</misses>
				<total>0</total>
				<timestamp>807.810699</timestamp>
			</report>
			<report>
				<misses>127900001</misses>
				<total>0</total>
				<timestamp>808.442481</timestamp>
			</report>
			<report>
				<misses>128000001</misses>
				<total>0</total>
				<timestamp>809.069887</timestamp>
			</report>
			<report>
				<misses>128100001</misses>
				<total>0</total>
				<timestamp>809.699200</timestamp>
			</report>
			<report>
				<misses>128200001</misses>
				<total>0</total>
				<timestamp>810.329093</timestamp>
			</report>
			<report>
				<misses>128300001</misses>
				<total>0</total>
				<timestamp>810.958327</timestamp>
			</report>
			<report>
				<misses>128400001</misses>
				<total>0</total>
				<timestamp>811.589997</timestamp>
			</report>
			<report>
				<misses>128500001</misses>
				<total>0</total>
				<timestamp>812.220887</timestamp>
			</report>
			<report>
				<misses>128600001</misses>
				<total>0</total>
				<timestamp>812.850693</timestamp>
			</report>
			<report>
				<misses>128700001</misses>
				<total>0</total>
				<timestamp>813.481009</timestamp>
			</report>
			<report>
				<misses>128800001</misses>
				<total>0</total>
				<timestamp>814.129802</timestamp>
			</report>
			<report>
				<misses>128900001</misses>
				<total>0</total>
				<timestamp>814.780031</timestamp>
			</report>
			<report>
				<misses>129000001</misses>
				<total>0</total>
				<timestamp>815.416646</timestamp>
			</report>
			<report>
				<misses>129100001</misses>
				<total>0</total>
				<timestamp>816.052579</timestamp>
			</report>
			<report>
				<misses>129200001</misses>
				<total>0</total>
				<timestamp>816.679827</timestamp>
			</report>
			<report>
				<misses>129300001</misses>
				<total>0</total>
				<timestamp>817.307790</timestamp>
			</report>
			<report>
				<misses>129400001</misses>
				<total>0</total>
				<timestamp>817.937628</timestamp>
			</report>
			<report>
				<misses>129500001</misses>
				<total>0</total>
				<timestamp>818.572039</timestamp>
			</report>
			<report>
				<misses>129600001</misses>
				<total>0</total>
				<timestamp>819.196499</timestamp>
			</report>
			<report>
				<misses>129700001</misses>
				<total>0</total>
				<timestamp>819.826727</timestamp>
			</report>
			<report>
				<misses>129800001</misses>
				<total>0</total>
				<timestamp>820.453303</timestamp>
			</report>
			<report>
				<misses>129900001</misses>
				<total>0</total>
				<timestamp>821.082769</timestamp>
			</report>
			<report>
				<misses>130000001</misses>
				<total>0</total>
				<timestamp>821.712226</timestamp>
			</report>
			<report>
				<misses>130100001</misses>
				<total>0</total>
				<timestamp>822.338601</timestamp>
			</report>
			<report>
				<misses>130200001</misses>
				<total>0</total>
				<timestamp>822.967198</timestamp>
			</report>
			<report>
				<misses>130300001</misses>
				<total>0</total>
				<timestamp>823.598210</timestamp>
			</report>
			<report>
				<misses>130400001</misses>
				<total>0</total>
				<timestamp>824.228055</timestamp>
			</report>
			<report>
				<misses>130500001</misses>
				<total>0</total>
				<timestamp>824.860903</timestamp>
			</report>
			<report>
				<misses>130600001</misses>
				<total>0</total>
				<timestamp>825.490107</timestamp>
			</report>
			<report>
				<misses>130700001</misses>
				<total>0</total>
				<timestamp>826.113136</timestamp>
			</report>
			<report>
				<misses>130800001</misses>
				<total>0</total>
				<timestamp>826.736038</timestamp>
			</report>
			<report>
				<misses>130900001</misses>
				<total>0</total>
				<timestamp>827.361504</timestamp>
			</report>
			<report>
				<misses>131000001</misses>
				<total>0</total>
				<timestamp>827.996144</timestamp>
			</report>
			<report>
				<misses>131100001</misses>
				<total>0</total>
				<timestamp>828.624235</timestamp>
			</report>
			<report>
				<misses>131200001</misses>
				<total>0</total>
				<timestamp>829.252059</timestamp>
			</report>
			<report>
				<misses>131300001</misses>
				<total>0</total>
				<timestamp>829.883120</timestamp>
			</report>
			<report>
				<misses>131400001</misses>
				<total>0</total>
				<timestamp>830.508668</timestamp>
			</report>
			<report>
				<misses>131500001</misses>
				<total>0</total>
				<timestamp>831.135666</timestamp>
			</report>
			<report>
				<misses>131600001</misses>
				<total>0</total>
				<timestamp>831.767382</timestamp>
			</report>
			<report>
				<misses>131700001</misses>
				<total>0</total>
				<timestamp>832.391470</timestamp>
			</report>
			<report>
				<misses>131800001</misses>
				<total>0</total>
				<timestamp>833.022403</timestamp>
			</report>
			<report>
				<misses>131900001</misses>
				<total>0</total>
				<timestamp>833.657192</timestamp>
			</report>
			<report>
				<misses>132000001</misses>
				<total>0</total>
				<timestamp>834.281834</timestamp>
			</report>
			<report>
				<misses>132100001</misses>
				<total>0</total>
				<timestamp>834.904424</timestamp>
			</report>
			<report>
				<misses>132200001</misses>
				<total>0</total>
				<timestamp>835.525961</timestamp>
			</report>
			<report>
				<misses>132300001</misses>
				<total>0</total>
				<timestamp>836.147603</timestamp>
			</report>
			<report>
				<misses>132400001</misses>
				<total>0</total>
				<timestamp>836.774882</timestamp>
			</report>
			<report>
				<misses>132500001</misses>
				<total>0</total>
				<timestamp>837.405683</timestamp>
			</report>
			<report>
				<misses>132600001</misses>
				<total>0</total>
				<timestamp>838.030060</timestamp>
			</report>
			<report>
				<misses>132700001</misses>
				<total>0</total>
				<timestamp>838.667337</timestamp>
			</report>
			<report>
				<misses>132800001</misses>
				<total>0</total>
				<timestamp>839.294942</timestamp>
			</report>
			<report>
				<misses>132900001</misses>
				<total>0</total>
				<timestamp>839.931832</timestamp>
			</report>
			<report>
				<misses>133000001</misses>
				<total>0</total>
				<timestamp>840.567516</timestamp>
			</report>
			<report>
				<misses>133100001</misses>
				<total>0</total>
				<timestamp>841.192675</timestamp>
			</report>
			<report>
				<misses>133200001</misses>
				<total>0</total>
				<timestamp>841.825084</timestamp>
			</report>
			<report>
				<misses>133300001</misses>
				<total>0</total>
				<timestamp>842.456135</timestamp>
			</report>
			<report>
				<misses>133400001</misses>
				<total>0</total>
				<timestamp>843.082918</timestamp>
			</report>
			<report>
				<misses>133500001</misses>
				<total>0</total>
				<timestamp>843.704623</timestamp>
			</report>
			<report>
				<misses>133600001</misses>
				<total>0</total>
				<timestamp>844.332833</timestamp>
			</report>
			<report>
				<misses>133700001</misses>
				<total>0</total>
				<timestamp>844.968143</timestamp>
			</report>
			<report>
				<misses>133800001</misses>
				<total>0</total>
				<timestamp>845.606391</timestamp>
			</report>
			<report>
				<misses>133900001</misses>
				<total>0</total>
				<timestamp>846.241659</timestamp>
			</report>
			<report>
				<misses>134000001</misses>
				<total>0</total>
				<timestamp>846.867664</timestamp>
			</report>
			<report>
				<misses>134100001</misses>
				<total>0</total>
				<timestamp>847.492980</timestamp>
			</report>
			<report>
				<misses>134200001</misses>
				<total>0</total>
				<timestamp>848.122621</timestamp>
			</report>
			<report>
				<misses>134300001</misses>
				<total>0</total>
				<timestamp>848.757843</timestamp>
			</report>
			<report>
				<misses>134400001</misses>
				<total>0</total>
				<timestamp>849.385828</timestamp>
			</report>
			<report>
				<misses>134500001</misses>
				<total>0</total>
				<timestamp>850.024215</timestamp>
			</report>
			<report>
				<misses>134600001</misses>
				<total>0</total>
				<timestamp>850.647587</timestamp>
			</report>
			<report>
				<misses>134700001</misses>
				<total>0</total>
				<timestamp>851.275149</timestamp>
			</report>
			<report>
				<misses>134800001</misses>
				<total>0</total>
				<timestamp>851.906632</timestamp>
			</report>
			<report>
				<misses>134900001</misses>
				<total>0</total>
				<timestamp>852.546776</timestamp>
			</report>
			<report>
				<misses>135000001</misses>
				<total>0</total>
				<timestamp>853.183485</timestamp>
			</report>
			<report>
				<misses>135100001</misses>
				<total>0</total>
				<timestamp>853.812811</timestamp>
			</report>
			<report>
				<misses>135200001</misses>
				<total>0</total>
				<timestamp>854.445203</timestamp>
			</report>
			<report>
				<misses>135300001</misses>
				<total>0</total>
				<timestamp>855.082189</timestamp>
			</report>
			<report>
				<misses>135400001</misses>
				<total>0</total>
				<timestamp>855.714246</timestamp>
			</report>
			<report>
				<misses>135500001</misses>
				<total>0</total>
				<timestamp>856.339351</timestamp>
			</report>
			<report>
				<misses>135600001</misses>
				<total>0</total>
				<timestamp>856.964860</timestamp>
			</report>
			<report>
				<misses>135700001</misses>
				<total>0</total>
				<timestamp>857.599679</timestamp>
			</report>
			<report>
				<misses>135800001</misses>
				<total>0</total>
				<timestamp>858.223677</timestamp>
			</report>
			<report>
				<misses>135900001</misses>
				<total>0</total>
				<timestamp>858.850071</timestamp>
			</report>
			<report>
				<misses>136000001</misses>
				<total>0</total>
				<timestamp>859.476610</timestamp>
			</report>
			<report>
				<misses>136100001</misses>
				<total>0</total>
				<timestamp>860.111077</timestamp>
			</report>
			<report>
				<misses>136200001</misses>
				<total>0</total>
				<timestamp>860.740885</timestamp>
			</report>
			<report>
				<misses>136300001</misses>
				<total>0</total>
				<timestamp>861.366325</timestamp>
			</report>
			<report>
				<misses>136400001</misses>
				<total>0</total>
				<timestamp>861.997061</timestamp>
			</report>
			<report>
				<misses>136500001</misses>
				<total>0</total>
				<timestamp>862.634000</timestamp>
			</report>
			<report>
				<misses>136600001</misses>
				<total>0</total>
				<timestamp>863.270285</timestamp>
			</report>
			<report>
				<misses>136700001</misses>
				<total>0</total>
				<timestamp>863.897694</timestamp>
			</report>
			<report>
				<misses>136800001</misses>
				<total>0</total>
				<timestamp>864.527550</timestamp>
			</report>
			<report>
				<misses>136900001</misses>
				<total>0</total>
				<timestamp>865.162147</timestamp>
			</report>
			<report>
				<misses>137000001</misses>
				<total>0</total>
				<timestamp>865.789278</timestamp>
			</report>
			<report>
				<misses>137100001</misses>
				<total>0</total>
				<timestamp>866.419646</timestamp>
			</report>
			<report>
				<misses>137200001</misses>
				<total>0</total>
				<timestamp>867.049502</timestamp>
			</report>
			<report>
				<misses>137300001</misses>
				<total>0</total>
				<timestamp>867.688571</timestamp>
			</report>
			<report>
				<misses>137400001</misses>
				<total>0</total>
				<timestamp>868.314556</timestamp>
			</report>
			<report>
				<misses>137500001</misses>
				<total>0</total>
				<timestamp>868.940679</timestamp>
			</report>
			<report>
				<misses>137600001</misses>
				<total>0</total>
				<timestamp>869.563773</timestamp>
			</report>
			<report>
				<misses>137700001</misses>
				<total>0</total>
				<timestamp>870.198720</timestamp>
			</report>
			<report>
				<misses>137800001</misses>
				<total>0</total>
				<timestamp>870.833409</timestamp>
			</report>
			<report>
				<misses>137900001</misses>
				<total>0</total>
				<timestamp>871.467021</timestamp>
			</report>
			<report>
				<misses>138000001</misses>
				<total>0</total>
				<timestamp>872.105558</timestamp>
			</report>
			<report>
				<misses>138100001</misses>
				<total>0</total>
				<timestamp>872.742831</timestamp>
			</report>
			<report>
				<misses>138200001</misses>
				<total>0</total>
				<timestamp>873.367179</timestamp>
			</report>
			<report>
				<misses>138300001</misses>
				<total>0</total>
				<timestamp>873.994342</timestamp>
			</report>
			<report>
				<misses>138400001</misses>
				<total>0</total>
				<timestamp>874.620926</timestamp>
			</report>
			<report>
				<misses>138500001</misses>
				<total>0</total>
				<timestamp>875.246304</timestamp>
			</report>
			<report>
				<misses>138600001</misses>
				<total>0</total>
				<timestamp>875.881736</timestamp>
			</report>
			<report>
				<misses>138700001</misses>
				<total>0</total>
				<timestamp>876.516800</timestamp>
			</report>
			<report>
				<misses>138800001</misses>
				<total>0</total>
				<timestamp>877.144093</timestamp>
			</report>
			<report>
				<misses>138900001</misses>
				<total>0</total>
				<timestamp>877.772027</timestamp>
			</report>
			<report>
				<misses>139000001</misses>
				<total>0</total>
				<timestamp>878.404786</timestamp>
			</report>
			<report>
				<misses>139100001</misses>
				<total>0</total>
				<timestamp>879.030271</timestamp>
			</report>
			<report>
				<misses>139200001</misses>
				<total>0</total>
				<timestamp>879.667254</timestamp>
			</report>
			<report>
				<misses>139300001</misses>
				<total>0</total>
				<timestamp>880.317436</timestamp>
			</report>
			<report>
				<misses>139400001</misses>
				<total>0</total>
				<timestamp>880.945139</timestamp>
			</report>
			<report>
				<misses>139500001</misses>
				<total>0</total>
				<timestamp>881.571408</timestamp>
			</report>
			<report>
				<misses>139600001</misses>
				<total>0</total>
				<timestamp>882.198533</timestamp>
			</report>
			<report>
				<misses>139700001</misses>
				<total>0</total>
				<timestamp>882.828649</timestamp>
			</report>
			<report>
				<misses>139800001</misses>
				<total>0</total>
				<timestamp>883.465783</timestamp>
			</report>
			<report>
				<misses>139900001</misses>
				<total>0</total>
				<timestamp>884.091695</timestamp>
			</report>
			<report>
				<misses>140000001</misses>
				<total>0</total>
				<timestamp>884.719276</timestamp>
			</report>
			<report>
				<misses>140100001</misses>
				<total>0</total>
				<timestamp>885.358453</timestamp>
			</report>
			<report>
				<misses>140200001</misses>
				<total>0</total>
				<timestamp>885.987683</timestamp>
			</report>
			<report>
				<misses>140300001</misses>
				<total>0</total>
				<timestamp>886.631708</timestamp>
			</report>
			<report>
				<misses>140400001</misses>
				<total>0</total>
				<timestamp>887.261748</timestamp>
			</report>
			<report>
				<misses>140500001</misses>
				<total>0</total>
				<timestamp>887.888225</timestamp>
			</report>
			<report>
				<misses>140600001</misses>
				<total>0</total>
				<timestamp>888.516299</timestamp>
			</report>
			<report>
				<misses>140700001</misses>
				<total>0</total>
				<timestamp>889.146472</timestamp>
			</report>
			<report>
				<misses>140800001</misses>
				<total>0</total>
				<timestamp>889.785740</timestamp>
			</report>
			<report>
				<misses>140900001</misses>
				<total>0</total>
				<timestamp>890.412919</timestamp>
			</report>
			<report>
				<misses>141000001</misses>
				<total>0</total>
				<timestamp>891.055205</timestamp>
			</report>
			<report>
				<misses>141100001</misses>
				<total>0</total>
				<timestamp>891.686687</timestamp>
			</report>
			<report>
				<misses>141200001</misses>
				<total>0</total>
				<timestamp>892.319983</timestamp>
			</report>
			<report>
				<misses>141300001</misses>
				<total>0</total>
				<timestamp>892.942400</timestamp>
			</report>
			<report>
				<misses>141400001</misses>
				<total>0</total>
				<timestamp>893.579251</timestamp>
			</report>
			<report>
				<misses>141500001</misses>
				<total>0</total>
				<timestamp>894.213527</timestamp>
			</report>
			<report>
				<misses>141600001</misses>
				<total>0</total>
				<timestamp>894.839375</timestamp>
			</report>
			<report>
				<misses>141700001</misses>
				<total>0</total>
				<timestamp>895.462848</timestamp>
			</report>
			<report>
				<misses>141800001</misses>
				<total>0</total>
				<timestamp>896.091140</timestamp>
			</report>
			<report>
				<misses>141900001</misses>
				<total>0</total>
				<timestamp>896.732939</timestamp>
			</report>
			<report>
				<misses>142000001</misses>
				<total>0</total>
				<timestamp>897.370831</timestamp>
			</report>
			<report>
				<misses>142100001</misses>
				<total>0</total>
				<timestamp>898.002984</timestamp>
			</report>
			<report>
				<misses>142200001</misses>
				<total>0</total>
				<timestamp>898.648935</timestamp>
			</report>
			<report>
				<misses>142300001</misses>
				<total>0</total>
				<timestamp>899.279767</timestamp>
			</report>
			<report>
				<misses>142400001</misses>
				<total>0</total>
				<timestamp>899.910429</timestamp>
			</report>
			<report>
				<misses>142500001</misses>
				<total>0</total>
				<timestamp>900.542816</timestamp>
			</report>
			<report>
				<misses>142600001</misses>
				<total>0</total>
				<timestamp>901.169856</timestamp>
			</report>
			<report>
				<misses>142700001</misses>
				<total>0</total>
				<timestamp>901.799353</timestamp>
			</report>
			<report>
				<misses>142800001</misses>
				<total>0</total>
				<timestamp>902.434423</timestamp>
			</report>
			<report>
				<misses>142900001</misses>
				<total>0</total>
				<timestamp>903.058416</timestamp>
			</report>
			<report>
				<misses>143000001</misses>
				<total>0</total>
				<timestamp>903.685963</timestamp>
			</report>
			<report>
				<misses>143100001</misses>
				<total>0</total>
				<timestamp>904.318954</timestamp>
			</report>
			<report>
				<misses>143200001</misses>
				<total>0</total>
				<timestamp>904.955823</timestamp>
			</report>
			<report>
				<misses>143300001</misses>
				<total>0</total>
				<timestamp>905.582561</timestamp>
			</report>
			<report>
				<misses>143400001</misses>
				<total>0</total>
				<timestamp>906.225437</timestamp>
			</report>
			<report>
				<misses>143500001</misses>
				<total>0</total>
				<timestamp>906.863378</timestamp>
			</report>
			<report>
				<misses>143600001</misses>
				<total>0</total>
				<timestamp>907.494603</timestamp>
			</report>
			<report>
				<misses>143700001</misses>
				<total>0</total>
				<timestamp>908.122249</timestamp>
			</report>
			<report>
				<misses>143800001</misses>
				<total>0</total>
				<timestamp>908.753531</timestamp>
			</report>
			<report>
				<misses>143900001</misses>
				<total>0</total>
				<timestamp>909.374920</timestamp>
			</report>
			<report>
				<misses>144000001</misses>
				<total>0</total>
				<timestamp>910.002151</timestamp>
			</report>
			<report>
				<misses>144100001</misses>
				<total>0</total>
				<timestamp>910.631663</timestamp>
			</report>
			<report>
				<misses>144200001</misses>
				<total>0</total>
				<timestamp>911.253653</timestamp>
			</report>
			<report>
				<misses>144300001</misses>
				<total>0</total>
				<timestamp>911.885780</timestamp>
			</report>
			<report>
				<misses>144400001</misses>
				<total>0</total>
				<timestamp>912.510664</timestamp>
			</report>
			<report>
				<misses>144500001</misses>
				<total>0</total>
				<timestamp>913.137694</timestamp>
			</report>
			<report>
				<misses>144600001</misses>
				<total>0</total>
				<timestamp>913.772342</timestamp>
			</report>
			<report>
				<misses>144700001</misses>
				<total>0</total>
				<timestamp>914.408686</timestamp>
			</report>
			<report>
				<misses>144800001</misses>
				<total>0</total>
				<timestamp>915.048644</timestamp>
			</report>
			<report>
				<misses>144900001</misses>
				<total>0</total>
				<timestamp>915.687718</timestamp>
			</report>
			<report>
				<misses>145000001</misses>
				<total>0</total>
				<timestamp>916.317349</timestamp>
			</report>
			<report>
				<misses>145100001</misses>
				<total>0</total>
				<timestamp>916.945738</timestamp>
			</report>
			<report>
				<misses>145200001</misses>
				<total>0</total>
				<timestamp>917.575201</timestamp>
			</report>
			<report>
				<misses>145300001</misses>
				<total>0</total>
				<timestamp>918.210451</timestamp>
			</report>
			<report>
				<misses>145400001</misses>
				<total>0</total>
				<timestamp>918.833208</timestamp>
			</report>
			<report>
				<misses>145500001</misses>
				<total>0</total>
				<timestamp>919.465178</timestamp>
			</report>
			<report>
				<misses>145600001</misses>
				<total>0</total>
				<timestamp>920.097826</timestamp>
			</report>
			<report>
				<misses>145700001</misses>
				<total>0</total>
				<timestamp>920.725411</timestamp>
			</report>
			<report>
				<misses>145800001</misses>
				<total>0</total>
				<timestamp>921.353739</timestamp>
			</report>
			<report>
				<misses>145900001</misses>
				<total>0</total>
				<timestamp>921.980984</timestamp>
			</report>
			<report>
				<misses>146000001</misses>
				<total>0</total>
				<timestamp>922.607556</timestamp>
			</report>
			<report>
				<misses>146100001</misses>
				<total>0</total>
				<timestamp>923.238926</timestamp>
			</report>
			<report>
				<misses>146200001</misses>
				<total>0</total>
				<timestamp>923.864167</timestamp>
			</report>
			<report>
				<misses>146300001</misses>
				<total>0</total>
				<timestamp>924.492377</timestamp>
			</report>
			<report>
				<misses>146400001</misses>
				<total>0</total>
				<timestamp>925.128656</timestamp>
			</report>
			<report>
				<misses>146500001</misses>
				<total>0</total>
				<timestamp>925.766564</timestamp>
			</report>
			<report>
				<misses>146600001</misses>
				<total>0</total>
				<timestamp>926.399265</timestamp>
			</report>
			<report>
				<misses>146700001</misses>
				<total>0</total>
				<timestamp>927.029422</timestamp>
			</report>
			<report>
				<misses>146800001</misses>
				<total>0</total>
				<timestamp>927.654076</timestamp>
			</report>
			<report>
				<misses>146900001</misses>
				<total>0</total>
				<timestamp>928.284229</timestamp>
			</report>
			<report>
				<misses>147000001</misses>
				<total>0</total>
				<timestamp>928.909188</timestamp>
			</report>
			<report>
				<misses>147100001</misses>
				<total>0</total>
				<timestamp>929.535788</timestamp>
			</report>
			<report>
				<misses>147200001</misses>
				<total>0</total>
				<timestamp>930.165116</timestamp>
			</report>
			<report>
				<misses>147300001</misses>
				<total>0</total>
				<timestamp>930.794709</timestamp>
			</report>
			<report>
				<misses>147400001</misses>
				<total>0</total>
				<timestamp>931.431061</timestamp>
			</report>
			<report>
				<misses>147500001</misses>
				<total>0</total>
				<timestamp>932.057896</timestamp>
			</report>
			<report>
				<misses>147600001</misses>
				<total>0</total>
				<timestamp>932.692091</timestamp>
			</report>
			<report>
				<misses>147700001</misses>
				<total>0</total>
				<timestamp>933.326231</timestamp>
			</report>
			<report>
				<misses>147800001</misses>
				<total>0</total>
				<timestamp>933.961934</timestamp>
			</report>
			<report>
				<misses>147900001</misses>
				<total>0</total>
				<timestamp>934.592400</timestamp>
			</report>
			<report>
				<misses>148000001</misses>
				<total>0</total>
				<timestamp>935.238808</timestamp>
			</report>
			<report>
				<misses>148100001</misses>
				<total>0</total>
				<timestamp>935.879750</timestamp>
			</report>
			<report>
				<misses>148200001</misses>
				<total>0</total>
				<timestamp>936.504986</timestamp>
			</report>
			<report>
				<misses>148300001</misses>
				<total>0</total>
				<timestamp>937.127658</timestamp>
			</report>
			<report>
				<misses>148400001</misses>
				<total>0</total>
				<timestamp>937.763336</timestamp>
			</report>
			<report>
				<misses>148500001</misses>
				<total>0</total>
				<timestamp>938.398882</timestamp>
			</report>
			<report>
				<misses>148600001</misses>
				<total>0</total>
				<timestamp>939.030912</timestamp>
			</report>
			<report>
				<misses>148700001</misses>
				<total>0</total>
				<timestamp>939.658551</timestamp>
			</report>
			<report>
				<misses>148800001</misses>
				<total>0</total>
				<timestamp>940.291592</timestamp>
			</report>
			<report>
				<misses>148900001</misses>
				<total>0</total>
				<timestamp>940.926865</timestamp>
			</report>
			<report>
				<misses>149000001</misses>
				<total>0</total>
				<timestamp>941.554300</timestamp>
			</report>
			<report>
				<misses>149100001</misses>
				<total>0</total>
				<timestamp>942.188815</timestamp>
			</report>
			<report>
				<misses>149200001</misses>
				<total>0</total>
				<timestamp>942.811207</timestamp>
			</report>
			<report>
				<misses>149300001</misses>
				<total>0</total>
				<timestamp>943.451611</timestamp>
			</report>
			<report>
				<misses>149400001</misses>
				<total>0</total>
				<timestamp>944.076858</timestamp>
			</report>
			<report>
				<misses>149500001</misses>
				<total>0</total>
				<timestamp>944.709261</timestamp>
			</report>
			<report>
				<misses>149600001</misses>
				<total>0</total>
				<timestamp>945.342057</timestamp>
			</report>
			<report>
				<misses>149700001</misses>
				<total>0</total>
				<timestamp>945.973021</timestamp>
			</report>
			<report>
				<misses>149800001</misses>
				<total>0</total>
				<timestamp>946.609391</timestamp>
			</report>
			<report>
				<misses>149900001</misses>
				<total>0</total>
				<timestamp>947.238876</timestamp>
			</report>
			<report>
				<misses>150000001</misses>
				<total>0</total>
				<timestamp>947.865698</timestamp>
			</report>
			<report>
				<misses>150100001</misses>
				<total>0</total>
				<timestamp>948.493910</timestamp>
			</report>
			<report>
				<misses>150200001</misses>
				<total>0</total>
				<timestamp>949.120621</timestamp>
			</report>
			<report>
				<misses>150300001</misses>
				<total>0</total>
				<timestamp>949.753756</timestamp>
			</report>
			<report>
				<misses>150400001</misses>
				<total>0</total>
				<timestamp>950.385621</timestamp>
			</report>
			<report>
				<misses>150500001</misses>
				<total>0</total>
				<timestamp>951.033652</timestamp>
			</report>
			<report>
				<misses>150600001</misses>
				<total>0</total>
				<timestamp>951.673104</timestamp>
			</report>
			<report>
				<misses>150700001</misses>
				<total>0</total>
				<timestamp>952.300968</timestamp>
			</report>
			<report>
				<misses>150800001</misses>
				<total>0</total>
				<timestamp>952.927244</timestamp>
			</report>
			<report>
				<misses>150900001</misses>
				<total>0</total>
				<timestamp>953.550238</timestamp>
			</report>
			<report>
				<misses>151000001</misses>
				<total>0</total>
				<timestamp>954.184773</timestamp>
			</report>
			<report>
				<misses>151100001</misses>
				<total>0</total>
				<timestamp>954.812227</timestamp>
			</report>
			<report>
				<misses>151200001</misses>
				<total>0</total>
				<timestamp>955.447680</timestamp>
			</report>
			<report>
				<misses>151300001</misses>
				<total>0</total>
				<timestamp>956.076709</timestamp>
			</report>
			<report>
				<misses>151400001</misses>
				<total>0</total>
				<timestamp>956.703846</timestamp>
			</report>
			<report>
				<misses>151500001</misses>
				<total>0</total>
				<timestamp>957.328233</timestamp>
			</report>
			<report>
				<misses>151600001</misses>
				<total>0</total>
				<timestamp>957.955561</timestamp>
			</report>
			<report>
				<misses>151700001</misses>
				<total>0</total>
				<timestamp>958.582896</timestamp>
			</report>
			<report>
				<misses>151800001</misses>
				<total>0</total>
				<timestamp>959.208984</timestamp>
			</report>
			<report>
				<misses>151900001</misses>
				<total>0</total>
				<timestamp>959.838501</timestamp>
			</report>
			<report>
				<misses>152000001</misses>
				<total>0</total>
				<timestamp>960.463087</timestamp>
			</report>
			<report>
				<misses>152100001</misses>
				<total>0</total>
				<timestamp>961.089260</timestamp>
			</report>
			<report>
				<misses>152200001</misses>
				<total>0</total>
				<timestamp>961.726467</timestamp>
			</report>
			<report>
				<misses>152300001</misses>
				<total>0</total>
				<timestamp>962.378708</timestamp>
			</report>
			<report>
				<misses>152400001</misses>
				<total>0</total>
				<timestamp>963.007422</timestamp>
			</report>
			<report>
				<misses>152500001</misses>
				<total>0</total>
				<timestamp>963.637183</timestamp>
			</report>
			<report>
				<misses>152600001</misses>
				<total>0</total>
				<timestamp>964.273803</timestamp>
			</report>
			<report>
				<misses>152700001</misses>
				<total>0</total>
				<timestamp>964.904208</timestamp>
			</report>
			<report>
				<misses>152800001</misses>
				<total>0</total>
				<timestamp>965.531122</timestamp>
			</report>
			<report>
				<misses>152900001</misses>
				<total>0</total>
				<timestamp>966.156017</timestamp>
			</report>
			<report>
				<misses>153000001</misses>
				<total>0</total>
				<timestamp>966.782527</timestamp>
			</report>
			<report>
				<misses>153100001</misses>
				<total>0</total>
				<timestamp>967.408521</timestamp>
			</report>
			<report>
				<misses>153200001</misses>
				<total>0</total>
				<timestamp>968.037118</timestamp>
			</report>
			<report>
				<misses>153300001</misses>
				<total>0</total>
				<timestamp>968.663667</timestamp>
			</report>
			<report>
				<misses>153400001</misses>
				<total>0</total>
				<timestamp>969.291825</timestamp>
			</report>
			<report>
				<misses>153500001</misses>
				<total>0</total>
				<timestamp>969.924401</timestamp>
			</report>
			<report>
				<misses>153600001</misses>
				<total>0</total>
				<timestamp>970.550937</timestamp>
			</report>
			<report>
				<misses>153700001</misses>
				<total>0</total>
				<timestamp>971.185393</timestamp>
			</report>
			<report>
				<misses>153800001</misses>
				<total>0</total>
				<timestamp>971.815816</timestamp>
			</report>
			<report>
				<misses>153900001</misses>
				<total>0</total>
				<timestamp>972.443444</timestamp>
			</report>
			<report>
				<misses>154000001</misses>
				<total>0</total>
				<timestamp>973.072573</timestamp>
			</report>
			<report>
				<misses>154100001</misses>
				<total>0</total>
				<timestamp>973.699102</timestamp>
			</report>
			<report>
				<misses>154200001</misses>
				<total>0</total>
				<timestamp>974.340247</timestamp>
			</report>
			<report>
				<misses>154300001</misses>
				<total>0</total>
				<timestamp>974.969542</timestamp>
			</report>
			<report>
				<misses>154400001</misses>
				<total>0</total>
				<timestamp>975.611311</timestamp>
			</report>
			<report>
				<misses>154500001</misses>
				<total>0</total>
				<timestamp>976.238438</timestamp>
			</report>
			<report>
				<misses>154600001</misses>
				<total>0</total>
				<timestamp>976.862853</timestamp>
			</report>
			<report>
				<misses>154700001</misses>
				<total>0</total>
				<timestamp>977.525488</timestamp>
			</report>
			<report>
				<misses>154800001</misses>
				<total>0</total>
				<timestamp>978.156920</timestamp>
			</report>
			<report>
				<misses>154900001</misses>
				<total>0</total>
				<timestamp>978.788934</timestamp>
			</report>
			<report>
				<misses>155000001</misses>
				<total>0</total>
				<timestamp>979.423734</timestamp>
			</report>
			<report>
				<misses>155100001</misses>
				<total>0</total>
				<timestamp>980.050045</timestamp>
			</report>
			<report>
				<misses>155200001</misses>
				<total>0</total>
				<timestamp>980.680404</timestamp>
			</report>
			<report>
				<misses>155300001</misses>
				<total>0</total>
				<timestamp>981.315639</timestamp>
			</report>
			<report>
				<misses>155400001</misses>
				<total>0</total>
				<timestamp>981.942629</timestamp>
			</report>
			<report>
				<misses>155500001</misses>
				<total>0</total>
				<timestamp>982.568156</timestamp>
			</report>
			<report>
				<misses>155600001</misses>
				<total>0</total>
				<timestamp>983.192510</timestamp>
			</report>
			<report>
				<misses>155700001</misses>
				<total>0</total>
				<timestamp>983.825979</timestamp>
			</report>
			<report>
				<misses>155800001</misses>
				<total>0</total>
				<timestamp>984.453836</timestamp>
			</report>
			<report>
				<misses>155900001</misses>
				<total>0</total>
				<timestamp>985.096046</timestamp>
			</report>
			<report>
				<misses>156000001</misses>
				<total>0</total>
				<timestamp>985.722579</timestamp>
			</report>
			<report>
				<misses>156100001</misses>
				<total>0</total>
				<timestamp>986.358263</timestamp>
			</report>
			<report>
				<misses>156200001</misses>
				<total>0</total>
				<timestamp>986.992403</timestamp>
			</report>
			<report>
				<misses>156300001</misses>
				<total>0</total>
				<timestamp>987.631275</timestamp>
			</report>
			<report>
				<misses>156400001</misses>
				<total>0</total>
				<timestamp>988.264794</timestamp>
			</report>
			<report>
				<misses>156500001</misses>
				<total>0</total>
				<timestamp>988.900952</timestamp>
			</report>
			<report>
				<misses>156600001</misses>
				<total>0</total>
				<timestamp>989.529739</timestamp>
			</report>
			<report>
				<misses>156700001</misses>
				<total>0</total>
				<timestamp>990.163011</timestamp>
			</report>
			<report>
				<misses>156800001</misses>
				<total>0</total>
				<timestamp>990.792661</timestamp>
			</report>
			<report>
				<misses>156900001</misses>
				<total>0</total>
				<timestamp>991.424016</timestamp>
			</report>
			<report>
				<misses>157000001</misses>
				<total>0</total>
				<timestamp>992.057705</timestamp>
			</report>
			<report>
				<misses>157100001</misses>
				<total>0</total>
				<timestamp>992.686714</timestamp>
			</report>
			<report>
				<misses>157200001</misses>
				<total>0</total>
				<timestamp>993.332464</timestamp>
			</report>
			<report>
				<misses>157300001</misses>
				<total>0</total>
				<timestamp>993.961957</timestamp>
			</report>
			<report>
				<misses>157400001</misses>
				<total>0</total>
				<timestamp>994.590637</timestamp>
			</report>
			<report>
				<misses>157500001</misses>
				<total>0</total>
				<timestamp>995.215217</timestamp>
			</report>
			<report>
				<misses>157600001</misses>
				<total>0</total>
				<timestamp>995.849574</timestamp>
			</report>
			<report>
				<misses>157700001</misses>
				<total>0</total>
				<timestamp>996.481891</timestamp>
			</report>
			<report>
				<misses>157800001</misses>
				<total>0</total>
				<timestamp>997.108314</timestamp>
			</report>
			<report>
				<misses>157900001</misses>
				<total>0</total>
				<timestamp>997.740192</timestamp>
			</report>
			<report>
				<misses>158000001</misses>
				<total>0</total>
				<timestamp>998.372817</timestamp>
			</report>
			<report>
				<misses>158100001</misses>
				<total>0</total>
				<timestamp>999.000783</timestamp>
			</report>
			<report>
				<misses>158200001</misses>
				<total>0</total>
				<timestamp>999.634014</timestamp>
			</report>
			<report>
				<misses>158300001</misses>
				<total>0</total>
				<timestamp>1000.271396</timestamp>
			</report>
			<report>
				<misses>158400001</misses>
				<total>0</total>
				<timestamp>1000.901202</timestamp>
			</report>
			<report>
				<misses>158500001</misses>
				<total>0</total>
				<timestamp>1001.530052</timestamp>
			</report>
			<report>
				<misses>158600001</misses>
				<total>0</total>
				<timestamp>1002.161646</timestamp>
			</report>
			<report>
				<misses>158700001</misses>
				<total>0</total>
				<timestamp>1002.801969</timestamp>
			</report>
			<report>
				<misses>158800001</misses>
				<total>0</total>
				<timestamp>1003.427331</timestamp>
			</report>
			<report>
				<misses>158900001</misses>
				<total>0</total>
				<timestamp>1004.053366</timestamp>
			</report>
			<report>
				<misses>159000001</misses>
				<total>0</total>
				<timestamp>1004.676219</timestamp>
			</report>
			<report>
				<misses>159100001</misses>
				<total>0</total>
				<timestamp>1005.300081</timestamp>
			</report>
			<report>
				<misses>159200001</misses>
				<total>0</total>
				<timestamp>1005.928235</timestamp>
			</report>
			<report>
				<misses>159300001</misses>
				<total>0</total>
				<timestamp>1006.562072</timestamp>
			</report>
			<report>
				<misses>159400001</misses>
				<total>0</total>
				<timestamp>1007.191842</timestamp>
			</report>
			<report>
				<misses>159500001</misses>
				<total>0</total>
				<timestamp>1007.820984</timestamp>
			</report>
			<report>
				<misses>159600001</misses>
				<total>0</total>
				<timestamp>1008.446076</timestamp>
			</report>
			<report>
				<misses>159700001</misses>
				<total>0</total>
				<timestamp>1009.083946</timestamp>
			</report>
			<report>
				<misses>159800001</misses>
				<total>0</total>
				<timestamp>1009.719114</timestamp>
			</report>
			<report>
				<misses>159900001</misses>
				<total>0</total>
				<timestamp>1010.357383</timestamp>
			</report>
			<report>
				<misses>160000001</misses>
				<total>0</total>
				<timestamp>1010.985572</timestamp>
			</report>
			<report>
				<misses>160100001</misses>
				<total>0</total>
				<timestamp>1011.611095</timestamp>
			</report>
			<report>
				<misses>160200001</misses>
				<total>0</total>
				<timestamp>1012.234429</timestamp>
			</report>
			<report>
				<misses>160300001</misses>
				<total>0</total>
				<timestamp>1012.859262</timestamp>
			</report>
			<report>
				<misses>160400001</misses>
				<total>0</total>
				<timestamp>1013.493327</timestamp>
			</report>
			<report>
				<misses>160500001</misses>
				<total>0</total>
				<timestamp>1014.122011</timestamp>
			</report>
			<report>
				<misses>160600001</misses>
				<total>0</total>
				<timestamp>1014.748241</timestamp>
			</report>
			<report>
				<misses>160700001</misses>
				<total>0</total>
				<timestamp>1015.377072</timestamp>
			</report>
			<report>
				<misses>160800001</misses>
				<total>0</total>
				<timestamp>1016.006831</timestamp>
			</report>
			<report>
				<misses>160900001</misses>
				<total>0</total>
				<timestamp>1016.636401</timestamp>
			</report>
			<report>
				<misses>161000001</misses>
				<total>0</total>
				<timestamp>1017.263914</timestamp>
			</report>
			<report>
				<misses>161100001</misses>
				<total>0</total>
				<timestamp>1017.893488</timestamp>
			</report>
			<report>
				<misses>161200001</misses>
				<total>0</total>
				<timestamp>1018.527149</timestamp>
			</report>
			<report>
				<misses>161300001</misses>
				<total>0</total>
				<timestamp>1019.166226</timestamp>
			</report>
			<report>
				<misses>161400001</misses>
				<total>0</total>
				<timestamp>1019.802706</timestamp>
			</report>
			<report>
				<misses>161500001</misses>
				<total>0</total>
				<timestamp>1020.429902</timestamp>
			</report>
			<report>
				<misses>161600001</misses>
				<total>0</total>
				<timestamp>1021.058454</timestamp>
			</report>
			<report>
				<misses>161700001</misses>
				<total>0</total>
				<timestamp>1021.693442</timestamp>
			</report>
			<report>
				<misses>161800001</misses>
				<total>0</total>
				<timestamp>1022.321960</timestamp>
			</report>
			<report>
				<misses>161900001</misses>
				<total>0</total>
				<timestamp>1022.955120</timestamp>
			</report>
			<report>
				<misses>162000001</misses>
				<total>0</total>
				<timestamp>1023.590435</timestamp>
			</report>
			<report>
				<misses>162100001</misses>
				<total>0</total>
				<timestamp>1024.225091</timestamp>
			</report>
			<report>
				<misses>162200001</misses>
				<total>0</total>
				<timestamp>1024.855222</timestamp>
			</report>
			<report>
				<misses>162300001</misses>
				<total>0</total>
				<timestamp>1025.491598</timestamp>
			</report>
			<report>
				<misses>162400001</misses>
				<total>0</total>
				<timestamp>1026.122006</timestamp>
			</report>
			<report>
				<misses>162500001</misses>
				<total>0</total>
				<timestamp>1026.751212</timestamp>
			</report>
			<report>
				<misses>162600001</misses>
				<total>0</total>
				<timestamp>1027.397944</timestamp>
			</report>
			<report>
				<misses>162700001</misses>
				<total>0</total>
				<timestamp>1028.029886</timestamp>
			</report>
			<report>
				<misses>162800001</misses>
				<total>0</total>
				<timestamp>1028.665387</timestamp>
			</report>
			<report>
				<misses>162900001</misses>
				<total>0</total>
				<timestamp>1029.292535</timestamp>
			</report>
			<report>
				<misses>163000001</misses>
				<total>0</total>
				<timestamp>1029.943432</timestamp>
			</report>
			<report>
				<misses>163100001</misses>
				<total>0</total>
				<timestamp>1030.572206</timestamp>
			</report>
			<report>
				<misses>163200001</misses>
				<total>0</total>
				<timestamp>1031.204616</timestamp>
			</report>
			<report>
				<misses>163300001</misses>
				<total>0</total>
				<timestamp>1031.833050</timestamp>
			</report>
			<report>
				<misses>163400001</misses>
				<total>0</total>
				<timestamp>1032.461357</timestamp>
			</report>
			<report>
				<misses>163500001</misses>
				<total>0</total>
				<timestamp>1033.085790</timestamp>
			</report>
			<report>
				<misses>163600001</misses>
				<total>0</total>
				<timestamp>1033.714280</timestamp>
			</report>
			<report>
				<misses>163700001</misses>
				<total>0</total>
				<timestamp>1034.338674</timestamp>
			</report>
			<report>
				<misses>163800001</misses>
				<total>0</total>
				<timestamp>1034.970424</timestamp>
			</report>
			<report>
				<misses>163900001</misses>
				<total>0</total>
				<timestamp>1035.595698</timestamp>
			</report>
			<report>
				<misses>164000001</misses>
				<total>0</total>
				<timestamp>1036.228121</timestamp>
			</report>
			<report>
				<misses>164100001</misses>
				<total>0</total>
				<timestamp>1036.857313</timestamp>
			</report>
			<report>
				<misses>164200001</misses>
				<total>0</total>
				<timestamp>1037.484830</timestamp>
			</report>
			<report>
				<misses>164300001</misses>
				<total>0</total>
				<timestamp>1038.107359</timestamp>
			</report>
			<report>
				<misses>164400001</misses>
				<total>0</total>
				<timestamp>1038.732460</timestamp>
			</report>
			<report>
				<misses>164500001</misses>
				<total>0</total>
				<timestamp>1039.366771</timestamp>
			</report>
			<report>
				<misses>164600001</misses>
				<total>0</total>
				<timestamp>1039.997837</timestamp>
			</report>
			<report>
				<misses>164700001</misses>
				<total>0</total>
				<timestamp>1040.624885</timestamp>
			</report>
			<report>
				<misses>164800001</misses>
				<total>0</total>
				<timestamp>1041.259742</timestamp>
			</report>
			<report>
				<misses>164900001</misses>
				<total>0</total>
				<timestamp>1041.891425</timestamp>
			</report>
			<report>
				<misses>165000001</misses>
				<total>0</total>
				<timestamp>1042.524346</timestamp>
			</report>
			<report>
				<misses>165100001</misses>
				<total>0</total>
				<timestamp>1043.153553</timestamp>
			</report>
			<report>
				<misses>165200001</misses>
				<total>0</total>
				<timestamp>1043.779021</timestamp>
			</report>
			<report>
				<misses>165300001</misses>
				<total>0</total>
				<timestamp>1044.400903</timestamp>
			</report>
			<report>
				<misses>165400001</misses>
				<total>0</total>
				<timestamp>1045.028720</timestamp>
			</report>
			<report>
				<misses>165500001</misses>
				<total>0</total>
				<timestamp>1045.656195</timestamp>
			</report>
			<report>
				<misses>165600001</misses>
				<total>0</total>
				<timestamp>1046.288135</timestamp>
			</report>
			<report>
				<misses>165700001</misses>
				<total>0</total>
				<timestamp>1046.917829</timestamp>
			</report>
			<report>
				<misses>165800001</misses>
				<total>0</total>
				<timestamp>1047.545232</timestamp>
			</report>
			<report>
				<misses>165900001</misses>
				<total>0</total>
				<timestamp>1048.174467</timestamp>
			</report>
			<report>
				<misses>166000001</misses>
				<total>0</total>
				<timestamp>1048.801839</timestamp>
			</report>
			<report>
				<misses>166100001</misses>
				<total>0</total>
				<timestamp>1049.429840</timestamp>
			</report>
			<report>
				<misses>166200001</misses>
				<total>0</total>
				<timestamp>1050.060210</timestamp>
			</report>
			<report>
				<misses>166300001</misses>
				<total>0</total>
				<timestamp>1050.687942</timestamp>
			</report>
			<report>
				<misses>166400001</misses>
				<total>0</total>
				<timestamp>1051.310010</timestamp>
			</report>
			<report>
				<misses>166500001</misses>
				<total>0</total>
				<timestamp>1051.936873</timestamp>
			</report>
			<report>
				<misses>166600001</misses>
				<total>0</total>
				<timestamp>1052.563279</timestamp>
			</report>
			<report>
				<misses>166700001</misses>
				<total>0</total>
				<timestamp>1053.193044</timestamp>
			</report>
			<report>
				<misses>166800001</misses>
				<total>0</total>
				<timestamp>1053.822761</timestamp>
			</report>
			<report>
				<misses>166900001</misses>
				<total>0</total>
				<timestamp>1054.452009</timestamp>
			</report>
			<report>
				<misses>167000001</misses>
				<total>0</total>
				<timestamp>1055.077946</timestamp>
			</report>
			<report>
				<misses>167100001</misses>
				<total>0</total>
				<timestamp>1055.709100</timestamp>
			</report>
			<report>
				<misses>167200001</misses>
				<total>0</total>
				<timestamp>1056.336195</timestamp>
			</report>
			<report>
				<misses>167300001</misses>
				<total>0</total>
				<timestamp>1056.958999</timestamp>
			</report>
			<report>
				<misses>167400001</misses>
				<total>0</total>
				<timestamp>1057.585705</timestamp>
			</report>
			<report>
				<misses>167500001</misses>
				<total>0</total>
				<timestamp>1058.216221</timestamp>
			</report>
			<report>
				<misses>167600001</misses>
				<total>0</total>
				<timestamp>1058.849625</timestamp>
			</report>
			<report>
				<misses>167700001</misses>
				<total>0</total>
				<timestamp>1059.483624</timestamp>
			</report>
			<report>
				<misses>167800001</misses>
				<total>0</total>
				<timestamp>1060.117088</timestamp>
			</report>
			<report>
				<misses>167900001</misses>
				<total>0</total>
				<timestamp>1060.752663</timestamp>
			</report>
			<report>
				<misses>168000001</misses>
				<total>0</total>
				<timestamp>1061.386033</timestamp>
			</report>
			<report>
				<misses>168100001</misses>
				<total>0</total>
				<timestamp>1062.014369</timestamp>
			</report>
			<report>
				<misses>168200001</misses>
				<total>0</total>
				<timestamp>1062.640873</timestamp>
			</report>
			<report>
				<misses>168300001</misses>
				<total>0</total>
				<timestamp>1063.268842</timestamp>
			</report>
			<report>
				<misses>168400001</misses>
				<total>0</total>
				<timestamp>1063.897283</timestamp>
			</report>
			<report>
				<misses>168500001</misses>
				<total>0</total>
				<timestamp>1064.524077</timestamp>
			</report>
			<report>
				<misses>168600001</misses>
				<total>0</total>
				<timestamp>1065.150183</timestamp>
			</report>
			<report>
				<misses>168700001</misses>
				<total>0</total>
				<timestamp>1065.782599</timestamp>
			</report>
			<report>
				<misses>168800001</misses>
				<total>0</total>
				<timestamp>1066.411222</timestamp>
			</report>
			<report>
				<misses>168900001</misses>
				<total>0</total>
				<timestamp>1067.047009</timestamp>
			</report>
			<report>
				<misses>169000001</misses>
				<total>0</total>
				<timestamp>1067.680505</timestamp>
			</report>
			<report>
				<misses>169100001</misses>
				<total>0</total>
				<timestamp>1068.308592</timestamp>
			</report>
			<report>
				<misses>169200001</misses>
				<total>0</total>
				<timestamp>1068.941471</timestamp>
			</report>
			<report>
				<misses>169300001</misses>
				<total>0</total>
				<timestamp>1069.569794</timestamp>
			</report>
			<report>
				<misses>169400001</misses>
				<total>0</total>
				<timestamp>1070.197100</timestamp>
			</report>
			<report>
				<misses>169500001</misses>
				<total>0</total>
				<timestamp>1070.822554</timestamp>
			</report>
			<report>
				<misses>169600001</misses>
				<total>0</total>
				<timestamp>1071.449963</timestamp>
			</report>
			<report>
				<misses>169700001</misses>
				<total>0</total>
				<timestamp>1072.072860</timestamp>
			</report>
			<report>
				<misses>169800001</misses>
				<total>0</total>
				<timestamp>1072.694160</timestamp>
			</report>
			<report>
				<misses>169900001</misses>
				<total>0</total>
				<timestamp>1073.324710</timestamp>
			</report>
			<report>
				<misses>170000001</misses>
				<total>0</total>
				<timestamp>1073.953779</timestamp>
			</report>
			<report>
				<misses>170100001</misses>
				<total>0</total>
				<timestamp>1074.587145</timestamp>
			</report>
			<report>
				<misses>170200001</misses>
				<total>0</total>
				<timestamp>1075.226875</timestamp>
			</report>
			<report>
				<misses>170300001</misses>
				<total>0</total>
				<timestamp>1075.859649</timestamp>
			</report>
			<report>
				<misses>170400001</misses>
				<total>0</total>
				<timestamp>1076.505990</timestamp>
			</report>
			<report>
				<misses>170500001</misses>
				<total>0</total>
				<timestamp>1077.133911</timestamp>
			</report>
			<report>
				<misses>170600001</misses>
				<total>0</total>
				<timestamp>1077.761408</timestamp>
			</report>
			<report>
				<misses>170700001</misses>
				<total>0</total>
				<timestamp>1078.394735</timestamp>
			</report>
			<report>
				<misses>170800001</misses>
				<total>0</total>
				<timestamp>1079.027701</timestamp>
			</report>
			<report>
				<misses>170900001</misses>
				<total>0</total>
				<timestamp>1079.655380</timestamp>
			</report>
			<report>
				<misses>171000001</misses>
				<total>0</total>
				<timestamp>1080.285176</timestamp>
			</report>
			<report>
				<misses>171100001</misses>
				<total>0</total>
				<timestamp>1080.909977</timestamp>
			</report>
			<report>
				<misses>171200001</misses>
				<total>0</total>
				<timestamp>1081.537291</timestamp>
			</report>
			<report>
				<misses>171300001</misses>
				<total>0</total>
				<timestamp>1082.167505</timestamp>
			</report>
			<report>
				<misses>171400001</misses>
				<total>0</total>
				<timestamp>1082.805177</timestamp>
			</report>
			<report>
				<misses>171500001</misses>
				<total>0</total>
				<timestamp>1083.450388</timestamp>
			</report>
			<report>
				<misses>171600001</misses>
				<total>0</total>
				<timestamp>1084.080633</timestamp>
			</report>
			<report>
				<misses>171700001</misses>
				<total>0</total>
				<timestamp>1084.709035</timestamp>
			</report>
			<report>
				<misses>171800001</misses>
				<total>0</total>
				<timestamp>1085.345460</timestamp>
			</report>
			<report>
				<misses>171900001</misses>
				<total>0</total>
				<timestamp>1085.976071</timestamp>
			</report>
			<report>
				<misses>172000001</misses>
				<total>0</total>
				<timestamp>1086.614851</timestamp>
			</report>
			<report>
				<misses>172100001</misses>
				<total>0</total>
				<timestamp>1087.247751</timestamp>
			</report>
			<report>
				<misses>172200001</misses>
				<total>0</total>
				<timestamp>1087.882935</timestamp>
			</report>
			<report>
				<misses>172300001</misses>
				<total>0</total>
				<timestamp>1088.505376</timestamp>
			</report>
			<report>
				<misses>172400001</misses>
				<total>0</total>
				<timestamp>1089.145110</timestamp>
			</report>
			<report>
				<misses>172500001</misses>
				<total>0</total>
				<timestamp>1089.775412</timestamp>
			</report>
			<report>
				<misses>172600001</misses>
				<total>0</total>
				<timestamp>1090.404353</timestamp>
			</report>
			<report>
				<misses>172700001</misses>
				<total>0</total>
				<timestamp>1091.030372</timestamp>
			</report>
			<report>
				<misses>172800001</misses>
				<total>0</total>
				<timestamp>1091.657919</timestamp>
			</report>
			<report>
				<misses>172900001</misses>
				<total>0</total>
				<timestamp>1092.287958</timestamp>
			</report>
			<report>
				<misses>173000001</misses>
				<total>0</total>
				<timestamp>1092.917326</timestamp>
			</report>
			<report>
				<misses>173100001</misses>
				<total>0</total>
				<timestamp>1093.552717</timestamp>
			</report>
			<report>
				<misses>173200001</misses>
				<total>0</total>
				<timestamp>1094.181394</timestamp>
			</report>
			<report>
				<misses>173300001</misses>
				<total>0</total>
				<timestamp>1094.803919</timestamp>
			</report>
			<report>
				<misses>173400001</misses>
				<total>0</total>
				<timestamp>1095.432573</timestamp>
			</report>
			<report>
				<misses>173500001</misses>
				<total>0</total>
				<timestamp>1096.061822</timestamp>
			</report>
			<report>
				<misses>173600001</misses>
				<total>0</total>
				<timestamp>1096.695349</timestamp>
			</report>
			<report>
				<misses>173700001</misses>
				<total>0</total>
				<timestamp>1097.324273</timestamp>
			</report>
			<report>
				<misses>173800001</misses>
				<total>0</total>
				<timestamp>1097.951229</timestamp>
			</report>
			<report>
				<misses>173900001</misses>
				<total>0</total>
				<timestamp>1098.581024</timestamp>
			</report>
			<report>
				<misses>174000001</misses>
				<total>0</total>
				<timestamp>1099.204476</timestamp>
			</report>
			<report>
				<misses>174100001</misses>
				<total>0</total>
				<timestamp>1099.832810</timestamp>
			</report>
			<report>
				<misses>174200001</misses>
				<total>0</total>
				<timestamp>1100.468442</timestamp>
			</report>
			<report>
				<misses>174300001</misses>
				<total>0</total>
				<timestamp>1101.092206</timestamp>
			</report>
			<report>
				<misses>174400001</misses>
				<total>0</total>
				<timestamp>1101.718457</timestamp>
			</report>
			<report>
				<misses>174500001</misses>
				<total>0</total>
				<timestamp>1102.348284</timestamp>
			</report>
			<report>
				<misses>174600001</misses>
				<total>0</total>
				<timestamp>1102.975786</timestamp>
			</report>
			<report>
				<misses>174700001</misses>
				<total>0</total>
				<timestamp>1103.602098</timestamp>
			</report>
			<report>
				<misses>174800001</misses>
				<total>0</total>
				<timestamp>1104.227795</timestamp>
			</report>
			<report>
				<misses>174900001</misses>
				<total>0</total>
				<timestamp>1104.850559</timestamp>
			</report>
			<report>
				<misses>175000001</misses>
				<total>0</total>
				<timestamp>1105.499344</timestamp>
			</report>
			<report>
				<misses>175100001</misses>
				<total>0</total>
				<timestamp>1106.142414</timestamp>
			</report>
			<report>
				<misses>175200001</misses>
				<total>0</total>
				<timestamp>1106.778215</timestamp>
			</report>
			<report>
				<misses>175300001</misses>
				<total>0</total>
				<timestamp>1107.404837</timestamp>
			</report>
			<report>
				<misses>175400001</misses>
				<total>0</total>
				<timestamp>1108.034177</timestamp>
			</report>
			<report>
				<misses>175500001</misses>
				<total>0</total>
				<timestamp>1108.662216</timestamp>
			</report>
			<report>
				<misses>175600001</misses>
				<total>0</total>
				<timestamp>1109.290333</timestamp>
			</report>
			<report>
				<misses>175700001</misses>
				<total>0</total>
				<timestamp>1109.920511</timestamp>
			</report>
			<report>
				<misses>175800001</misses>
				<total>0</total>
				<timestamp>1110.545368</timestamp>
			</report>
			<report>
				<misses>175900001</misses>
				<total>0</total>
				<timestamp>1111.179157</timestamp>
			</report>
			<report>
				<misses>176000001</misses>
				<total>0</total>
				<timestamp>1111.808927</timestamp>
			</report>
			<report>
				<misses>176100001</misses>
				<total>0</total>
				<timestamp>1112.451888</timestamp>
			</report>
			<report>
				<misses>176200001</misses>
				<total>0</total>
				<timestamp>1113.080436</timestamp>
			</report>
			<report>
				<misses>176300001</misses>
				<total>0</total>
				<timestamp>1113.715197</timestamp>
			</report>
			<report>
				<misses>176400001</misses>
				<total>0</total>
				<timestamp>1114.346809</timestamp>
			</report>
			<report>
				<misses>176500001</misses>
				<total>0</total>
				<timestamp>1114.978017</timestamp>
			</report>
			<report>
				<misses>176600001</misses>
				<total>0</total>
				<timestamp>1115.615735</timestamp>
			</report>
			<report>
				<misses>176700001</misses>
				<total>0</total>
				<timestamp>1116.254509</timestamp>
			</report>
			<report>
				<misses>176800001</misses>
				<total>0</total>
				<timestamp>1116.892037</timestamp>
			</report>
			<report>
				<misses>176900001</misses>
				<total>0</total>
				<timestamp>1117.526726</timestamp>
			</report>
			<report>
				<misses>177000001</misses>
				<total>0</total>
				<timestamp>1118.167654</timestamp>
			</report>
			<report>
				<misses>177100001</misses>
				<total>0</total>
				<timestamp>1118.794627</timestamp>
			</report>
			<report>
				<misses>177200001</misses>
				<total>0</total>
				<timestamp>1119.423722</timestamp>
			</report>
			<report>
				<misses>177300001</misses>
				<total>0</total>
				<timestamp>1120.047641</timestamp>
			</report>
			<report>
				<misses>177400001</misses>
				<total>0</total>
				<timestamp>1120.675464</timestamp>
			</report>
			<report>
				<misses>177500001</misses>
				<total>0</total>
				<timestamp>1121.299033</timestamp>
			</report>
			<report>
				<misses>177600001</misses>
				<total>0</total>
				<timestamp>1121.923190</timestamp>
			</report>
			<report>
				<misses>177700001</misses>
				<total>0</total>
				<timestamp>1122.552286</timestamp>
			</report>
			<report>
				<misses>177800001</misses>
				<total>0</total>
				<timestamp>1123.186406</timestamp>
			</report>
			<report>
				<misses>177900001</misses>
				<total>0</total>
				<timestamp>1123.821842</timestamp>
			</report>
			<report>
				<misses>178000001</misses>
				<total>0</total>
				<timestamp>1124.446489</timestamp>
			</report>
			<report>
				<misses>178100001</misses>
				<total>0</total>
				<timestamp>1125.081202</timestamp>
			</report>
			<report>
				<misses>178200001</misses>
				<total>0</total>
				<timestamp>1125.714267</timestamp>
			</report>
			<report>
				<misses>178300001</misses>
				<total>0</total>
				<timestamp>1126.340541</timestamp>
			</report>
			<report>
				<misses>178400001</misses>
				<total>0</total>
				<timestamp>1126.971149</timestamp>
			</report>
			<report>
				<misses>178500001</misses>
				<total>0</total>
				<timestamp>1127.617204</timestamp>
			</report>
			<report>
				<misses>178600001</misses>
				<total>0</total>
				<timestamp>1128.247047</timestamp>
			</report>
			<report>
				<misses>178700001</misses>
				<total>0</total>
				<timestamp>1128.878554</timestamp>
			</report>
			<report>
				<misses>178800001</misses>
				<total>0</total>
				<timestamp>1129.505467</timestamp>
			</report>
			<report>
				<misses>178900001</misses>
				<total>0</total>
				<timestamp>1130.143613</timestamp>
			</report>
			<report>
				<misses>179000001</misses>
				<total>0</total>
				<timestamp>1130.765454</timestamp>
			</report>
			<report>
				<misses>179100001</misses>
				<total>0</total>
				<timestamp>1131.403055</timestamp>
			</report>
			<report>
				<misses>179200001</misses>
				<total>0</total>
				<timestamp>1132.033214</timestamp>
			</report>
			<report>
				<misses>179300001</misses>
				<total>0</total>
				<timestamp>1132.660296</timestamp>
			</report>
			<report>
				<misses>179400001</misses>
				<total>0</total>
				<timestamp>1133.290688</timestamp>
			</report>
			<report>
				<misses>179500001</misses>
				<total>0</total>
				<timestamp>1133.920373</timestamp>
			</report>
			<report>
				<misses>179600001</misses>
				<total>0</total>
				<timestamp>1134.561183</timestamp>
			</report>
			<report>
				<misses>179700001</misses>
				<total>0</total>
				<timestamp>1135.192729</timestamp>
			</report>
			<report>
				<misses>179800001</misses>
				<total>0</total>
				<timestamp>1135.820289</timestamp>
			</report>
			<report>
				<misses>179900001</misses>
				<total>0</total>
				<timestamp>1136.451543</timestamp>
			</report>
			<report>
				<misses>180000001</misses>
				<total>0</total>
				<timestamp>1137.076087</timestamp>
			</report>
			<report>
				<misses>180100001</misses>
				<total>0</total>
				<timestamp>1137.702816</timestamp>
			</report>
			<report>
				<misses>180200001</misses>
				<total>0</total>
				<timestamp>1138.334880</timestamp>
			</report>
			<report>
				<misses>180300001</misses>
				<total>0</total>
				<timestamp>1138.963148</timestamp>
			</report>
			<report>
				<misses>180400001</misses>
				<total>0</total>
				<timestamp>1139.588119</timestamp>
			</report>
			<report>
				<misses>180500001</misses>
				<total>0</total>
				<timestamp>1140.214623</timestamp>
			</report>
			<report>
				<misses>180600001</misses>
				<total>0</total>
				<timestamp>1140.848686</timestamp>
			</report>
			<report>
				<misses>180700001</misses>
				<total>0</total>
				<timestamp>1141.484299</timestamp>
			</report>
			<report>
				<misses>180800001</misses>
				<total>0</total>
				<timestamp>1142.117586</timestamp>
			</report>
			<report>
				<misses>180900001</misses>
				<total>0</total>
				<timestamp>1142.750677</timestamp>
			</report>
			<report>
				<misses>181000001</misses>
				<total>0</total>
				<timestamp>1143.388433</timestamp>
			</report>
			<report>
				<misses>181100001</misses>
				<total>0</total>
				<timestamp>1144.020797</timestamp>
			</report>
			<report>
				<misses>181200001</misses>
				<total>0</total>
				<timestamp>1144.655053</timestamp>
			</report>
			<report>
				<misses>181300001</misses>
				<total>0</total>
				<timestamp>1145.292299</timestamp>
			</report>
			<report>
				<misses>181400001</misses>
				<total>0</total>
				<timestamp>1145.925255</timestamp>
			</report>
			<report>
				<misses>181500001</misses>
				<total>0</total>
				<timestamp>1146.571964</timestamp>
			</report>
			<report>
				<misses>181600001</misses>
				<total>0</total>
				<timestamp>1147.200300</timestamp>
			</report>
			<report>
				<misses>181700001</misses>
				<total>0</total>
				<timestamp>1147.830153</timestamp>
			</report>
			<report>
				<misses>181800001</misses>
				<total>0</total>
				<timestamp>1148.465284</timestamp>
			</report>
			<report>
				<misses>181900001</misses>
				<total>0</total>
				<timestamp>1149.112491</timestamp>
			</report>
			<report>
				<misses>182000001</misses>
				<total>0</total>
				<timestamp>1149.736937</timestamp>
			</report>
			<report>
				<misses>182100001</misses>
				<total>0</total>
				<timestamp>1150.375146</timestamp>
			</report>
			<report>
				<misses>182200001</misses>
				<total>0</total>
				<timestamp>1151.006609</timestamp>
			</report>
			<report>
				<misses>182300001</misses>
				<total>0</total>
				<timestamp>1151.635126</timestamp>
			</report>
			<report>
				<misses>182400001</misses>
				<total>0</total>
				<timestamp>1152.267060</timestamp>
			</report>
			<report>
				<misses>182500001</misses>
				<total>0</total>
				<timestamp>1152.898791</timestamp>
			</report>
			<report>
				<misses>182600001</misses>
				<total>0</total>
				<timestamp>1153.533688</timestamp>
			</report>
			<report>
				<misses>182700001</misses>
				<total>0</total>
				<timestamp>1154.172609</timestamp>
			</report>
			<report>
				<misses>182800001</misses>
				<total>0</total>
				<timestamp>1154.799656</timestamp>
			</report>
			<report>
				<misses>182900001</misses>
				<total>0</total>
				<timestamp>1155.431906</timestamp>
			</report>
			<report>
				<misses>183000001</misses>
				<total>0</total>
				<timestamp>1156.061286</timestamp>
			</report>
			<report>
				<misses>183100001</misses>
				<total>0</total>
				<timestamp>1156.691564</timestamp>
			</report>
			<report>
				<misses>183200001</misses>
				<total>0</total>
				<timestamp>1157.319228</timestamp>
			</report>
			<report>
				<misses>183300001</misses>
				<total>0</total>
				<timestamp>1157.948147</timestamp>
			</report>
			<report>
				<misses>183400001</misses>
				<total>0</total>
				<timestamp>1158.573590</timestamp>
			</report>
			<report>
				<misses>183500001</misses>
				<total>0</total>
				<timestamp>1159.196358</timestamp>
			</report>
			<report>
				<misses>183600001</misses>
				<total>0</total>
				<timestamp>1159.826325</timestamp>
			</report>
			<report>
				<misses>183700001</misses>
				<total>0</total>
				<timestamp>1160.456395</timestamp>
			</report>
			<report>
				<misses>183800001</misses>
				<total>0</total>
				<timestamp>1161.085832</timestamp>
			</report>
			<report>
				<misses>183900001</misses>
				<total>0</total>
				<timestamp>1161.724969</timestamp>
			</report>
			<report>
				<misses>184000001</misses>
				<total>0</total>
				<timestamp>1162.363107</timestamp>
			</report>
			<report>
				<misses>184100001</misses>
				<total>0</total>
				<timestamp>1162.996652</timestamp>
			</report>
			<report>
				<misses>184200001</misses>
				<total>0</total>
				<timestamp>1163.625558</timestamp>
			</report>
			<report>
				<misses>184300001</misses>
				<total>0</total>
				<timestamp>1164.261063</timestamp>
			</report>
			<report>
				<misses>184400001</misses>
				<total>0</total>
				<timestamp>1164.908676</timestamp>
			</report>
			<report>
				<misses>184500001</misses>
				<total>0</total>
				<timestamp>1165.534504</timestamp>
			</report>
			<report>
				<misses>184600001</misses>
				<total>0</total>
				<timestamp>1166.161360</timestamp>
			</report>
			<report>
				<misses>184700001</misses>
				<total>0</total>
				<timestamp>1166.794828</timestamp>
			</report>
			<report>
				<misses>184800001</misses>
				<total>0</total>
				<timestamp>1167.426275</timestamp>
			</report>
			<report>
				<misses>184900001</misses>
				<total>0</total>
				<timestamp>1168.055517</timestamp>
			</report>
			<report>
				<misses>185000001</misses>
				<total>0</total>
				<timestamp>1168.694053</timestamp>
			</report>
			<report>
				<misses>185100001</misses>
				<total>0</total>
				<timestamp>1169.329417</timestamp>
			</report>
			<report>
				<misses>185200001</misses>
				<total>0</total>
				<timestamp>1169.970794</timestamp>
			</report>
			<report>
				<misses>185300001</misses>
				<total>0</total>
				<timestamp>1170.602239</timestamp>
			</report>
			<report>
				<misses>185400001</misses>
				<total>0</total>
				<timestamp>1171.229454</timestamp>
			</report>
			<report>
				<misses>185500001</misses>
				<total>0</total>
				<timestamp>1171.858479</timestamp>
			</report>
			<report>
				<misses>185600001</misses>
				<total>0</total>
				<timestamp>1172.493167</timestamp>
			</report>
			<report>
				<misses>185700001</misses>
				<total>0</total>
				<timestamp>1173.119887</timestamp>
			</report>
			<report>
				<misses>185800001</misses>
				<total>0</total>
				<timestamp>1173.743345</timestamp>
			</report>
			<report>
				<misses>185900001</misses>
				<total>0</total>
				<timestamp>1174.368777</timestamp>
			</report>
			<report>
				<misses>186000001</misses>
				<total>0</total>
				<timestamp>1174.996087</timestamp>
			</report>
			<report>
				<misses>186100001</misses>
				<total>0</total>
				<timestamp>1175.618874</timestamp>
			</report>
			<report>
				<misses>186200001</misses>
				<total>0</total>
				<timestamp>1176.249957</timestamp>
			</report>
			<report>
				<misses>186300001</misses>
				<total>0</total>
				<timestamp>1176.875213</timestamp>
			</report>
			<report>
				<misses>186400001</misses>
				<total>0</total>
				<timestamp>1177.511646</timestamp>
			</report>
			<report>
				<misses>186500001</misses>
				<total>0</total>
				<timestamp>1178.137545</timestamp>
			</report>
			<report>
				<misses>186600001</misses>
				<total>0</total>
				<timestamp>1178.769786</timestamp>
			</report>
			<report>
				<misses>186700001</misses>
				<total>0</total>
				<timestamp>1179.397121</timestamp>
			</report>
			<report>
				<misses>186800001</misses>
				<total>0</total>
				<timestamp>1180.032258</timestamp>
			</report>
			<report>
				<misses>186900001</misses>
				<total>0</total>
				<timestamp>1180.667622</timestamp>
			</report>
			<report>
				<misses>187000001</misses>
				<total>0</total>
				<timestamp>1181.295936</timestamp>
			</report>
			<report>
				<misses>187100001</misses>
				<total>0</total>
				<timestamp>1181.937540</timestamp>
			</report>
			<report>
				<misses>187200001</misses>
				<total>0</total>
				<timestamp>1182.568362</timestamp>
			</report>
			<report>
				<misses>187300001</misses>
				<total>0</total>
				<timestamp>1183.196133</timestamp>
			</report>
			<report>
				<misses>187400001</misses>
				<total>0</total>
				<timestamp>1183.818907</timestamp>
			</report>
			<report>
				<misses>187500001</misses>
				<total>0</total>
				<timestamp>1184.442313</timestamp>
			</report>
			<report>
				<misses>187600001</misses>
				<total>0</total>
				<timestamp>1185.064526</timestamp>
			</report>
			<report>
				<misses>187700001</misses>
				<total>0</total>
				<timestamp>1185.693996</timestamp>
			</report>
			<report>
				<misses>187800001</misses>
				<total>0</total>
				<timestamp>1186.323953</timestamp>
			</report>
			<report>
				<misses>187900001</misses>
				<total>0</total>
				<timestamp>1186.955664</timestamp>
			</report>
			<report>
				<misses>188000001</misses>
				<total>0</total>
				<timestamp>1187.590431</timestamp>
			</report>
			<report>
				<misses>188100001</misses>
				<total>0</total>
				<timestamp>1188.219202</timestamp>
			</report>
			<report>
				<misses>188200001</misses>
				<total>0</total>
				<timestamp>1188.851442</timestamp>
			</report>
			<report>
				<misses>188300001</misses>
				<total>0</total>
				<timestamp>1189.485340</timestamp>
			</report>
			<report>
				<misses>188400001</misses>
				<total>0</total>
				<timestamp>1190.127487</timestamp>
			</report>
			<report>
				<misses>188500001</misses>
				<total>0</total>
				<timestamp>1190.757894</timestamp>
			</report>
			<report>
				<misses>188600001</misses>
				<total>0</total>
				<timestamp>1191.391014</timestamp>
			</report>
			<report>
				<misses>188700001</misses>
				<total>0</total>
				<timestamp>1192.021356</timestamp>
			</report>
			<report>
				<misses>188800001</misses>
				<total>0</total>
				<timestamp>1192.651211</timestamp>
			</report>
			<report>
				<misses>188900001</misses>
				<total>0</total>
				<timestamp>1193.276278</timestamp>
			</report>
			<report>
				<misses>189000001</misses>
				<total>0</total>
				<timestamp>1193.911225</timestamp>
			</report>
			<report>
				<misses>189100001</misses>
				<total>0</total>
				<timestamp>1194.538667</timestamp>
			</report>
			<report>
				<misses>189200001</misses>
				<total>0</total>
				<timestamp>1195.165155</timestamp>
			</report>
			<report>
				<misses>189300001</misses>
				<total>0</total>
				<timestamp>1195.799480</timestamp>
			</report>
			<report>
				<misses>189400001</misses>
				<total>0</total>
				<timestamp>1196.450330</timestamp>
			</report>
			<report>
				<misses>189500001</misses>
				<total>0</total>
				<timestamp>1197.077337</timestamp>
			</report>
			<report>
				<misses>189600001</misses>
				<total>0</total>
				<timestamp>1197.711642</timestamp>
			</report>
			<report>
				<misses>189700001</misses>
				<total>0</total>
				<timestamp>1198.359191</timestamp>
			</report>
			<report>
				<misses>189800001</misses>
				<total>0</total>
				<timestamp>1198.982219</timestamp>
			</report>
			<report>
				<misses>189900001</misses>
				<total>0</total>
				<timestamp>1199.614452</timestamp>
			</report>
			<report>
				<misses>190000001</misses>
				<total>0</total>
				<timestamp>1200.240967</timestamp>
			</report>
			<report>
				<misses>190100001</misses>
				<total>0</total>
				<timestamp>1200.863333</timestamp>
			</report>
			<report>
				<misses>190200001</misses>
				<total>0</total>
				<timestamp>1201.502552</timestamp>
			</report>
			<report>
				<misses>190300001</misses>
				<total>0</total>
				<timestamp>1202.124120</timestamp>
			</report>
			<report>
				<misses>190400001</misses>
				<total>0</total>
				<timestamp>1202.752313</timestamp>
			</report>
			<report>
				<misses>190500001</misses>
				<total>0</total>
				<timestamp>1203.382910</timestamp>
			</report>
			<report>
				<misses>190600001</misses>
				<total>0</total>
				<timestamp>1204.009572</timestamp>
			</report>
			<report>
				<misses>190700001</misses>
				<total>0</total>
				<timestamp>1204.632044</timestamp>
			</report>
			<report>
				<misses>190800001</misses>
				<total>0</total>
				<timestamp>1205.258997</timestamp>
			</report>
			<report>
				<misses>190900001</misses>
				<total>0</total>
				<timestamp>1205.881660</timestamp>
			</report>
			<report>
				<misses>191000001</misses>
				<total>0</total>
				<timestamp>1206.505040</timestamp>
			</report>
			<report>
				<misses>191100001</misses>
				<total>0</total>
				<timestamp>1207.131846</timestamp>
			</report>
			<report>
				<misses>191200001</misses>
				<total>0</total>
				<timestamp>1207.755188</timestamp>
			</report>
			<report>
				<misses>191300001</misses>
				<total>0</total>
				<timestamp>1208.382576</timestamp>
			</report>
			<report>
				<misses>191400001</misses>
				<total>0</total>
				<timestamp>1209.011794</timestamp>
			</report>
			<report>
				<misses>191500001</misses>
				<total>0</total>
				<timestamp>1209.639244</timestamp>
			</report>
			<report>
				<misses>191600001</misses>
				<total>0</total>
				<timestamp>1210.263561</timestamp>
			</report>
			<report>
				<misses>191700001</misses>
				<total>0</total>
				<timestamp>1210.892196</timestamp>
			</report>
			<report>
				<misses>191800001</misses>
				<total>0</total>
				<timestamp>1211.517218</timestamp>
			</report>
			<report>
				<misses>191900001</misses>
				<total>0</total>
				<timestamp>1212.149181</timestamp>
			</report>
			<report>
				<misses>192000001</misses>
				<total>0</total>
				<timestamp>1212.779652</timestamp>
			</report>
			<report>
				<misses>192100001</misses>
				<total>0</total>
				<timestamp>1213.410675</timestamp>
			</report>
			<report>
				<misses>192200001</misses>
				<total>0</total>
				<timestamp>1214.041889</timestamp>
			</report>
			<report>
				<misses>192300001</misses>
				<total>0</total>
				<timestamp>1214.674941</timestamp>
			</report>
			<report>
				<misses>192400001</misses>
				<total>0</total>
				<timestamp>1215.302771</timestamp>
			</report>
			<report>
				<misses>192500001</misses>
				<total>0</total>
				<timestamp>1215.927180</timestamp>
			</report>
			<report>
				<misses>192600001</misses>
				<total>0</total>
				<timestamp>1216.554347</timestamp>
			</report>
			<report>
				<misses>192700001</misses>
				<total>0</total>
				<timestamp>1217.183703</timestamp>
			</report>
			<report>
				<misses>192800001</misses>
				<total>0</total>
				<timestamp>1217.817406</timestamp>
			</report>
			<report>
				<misses>192900001</misses>
				<total>0</total>
				<timestamp>1218.440470</timestamp>
			</report>
			<report>
				<misses>193000001</misses>
				<total>0</total>
				<timestamp>1219.066130</timestamp>
			</report>
			<report>
				<misses>193100001</misses>
				<total>0</total>
				<timestamp>1219.700480</timestamp>
			</report>
			<report>
				<misses>193200001</misses>
				<total>0</total>
				<timestamp>1220.328371</timestamp>
			</report>
			<report>
				<misses>193300001</misses>
				<total>0</total>
				<timestamp>1220.959163</timestamp>
			</report>
			<report>
				<misses>193400001</misses>
				<total>0</total>
				<timestamp>1221.589849</timestamp>
			</report>
			<report>
				<misses>193500001</misses>
				<total>0</total>
				<timestamp>1222.218415</timestamp>
			</report>
			<report>
				<misses>193600001</misses>
				<total>0</total>
				<timestamp>1222.850658</timestamp>
			</report>
			<report>
				<misses>193700001</misses>
				<total>0</total>
				<timestamp>1223.493582</timestamp>
			</report>
			<report>
				<misses>193800001</misses>
				<total>0</total>
				<timestamp>1224.129352</timestamp>
			</report>
			<report>
				<misses>193900001</misses>
				<total>0</total>
				<timestamp>1224.756321</timestamp>
			</report>
			<report>
				<misses>194000001</misses>
				<total>0</total>
				<timestamp>1225.391184</timestamp>
			</report>
			<report>
				<misses>194100001</misses>
				<total>0</total>
				<timestamp>1226.015887</timestamp>
			</report>
			<report>
				<misses>194200001</misses>
				<total>0</total>
				<timestamp>1226.643307</timestamp>
			</report>
			<report>
				<misses>194300001</misses>
				<total>0</total>
				<timestamp>1227.263533</timestamp>
			</report>
			<report>
				<misses>194400001</misses>
				<total>0</total>
				<timestamp>1227.892101</timestamp>
			</report>
			<report>
				<misses>194500001</misses>
				<total>0</total>
				<timestamp>1228.519848</timestamp>
			</report>
			<report>
				<misses>194600001</misses>
				<total>0</total>
				<timestamp>1229.158226</timestamp>
			</report>
			<report>
				<misses>194700001</misses>
				<total>0</total>
				<timestamp>1229.784056</timestamp>
			</report>
			<report>
				<misses>194800001</misses>
				<total>0</total>
				<timestamp>1230.411471</timestamp>
			</report>
			<report>
				<misses>194900001</misses>
				<total>0</total>
				<timestamp>1231.042052</timestamp>
			</report>
			<report>
				<misses>195000001</misses>
				<total>0</total>
				<timestamp>1231.676989</timestamp>
			</report>
			<report>
				<misses>195100001</misses>
				<total>0</total>
				<timestamp>1232.305297</timestamp>
			</report>
			<report>
				<misses>195200001</misses>
				<total>0</total>
				<timestamp>1232.928421</timestamp>
			</report>
			<report>
				<misses>195300001</misses>
				<total>0</total>
				<timestamp>1233.563912</timestamp>
			</report>
			<report>
				<misses>195400001</misses>
				<total>0</total>
				<timestamp>1234.187722</timestamp>
			</report>
			<report>
				<misses>195500001</misses>
				<total>0</total>
				<timestamp>1234.814369</timestamp>
			</report>
			<report>
				<misses>195600001</misses>
				<total>0</total>
				<timestamp>1235.454864</timestamp>
			</report>
			<report>
				<misses>195700001</misses>
				<total>0</total>
				<timestamp>1236.098070</timestamp>
			</report>
			<report>
				<misses>195800001</misses>
				<total>0</total>
				<timestamp>1236.721362</timestamp>
			</report>
			<report>
				<misses>195900001</misses>
				<total>0</total>
				<timestamp>1237.355987</timestamp>
			</report>
			<report>
				<misses>196000001</misses>
				<total>0</total>
				<timestamp>1237.985523</timestamp>
			</report>
			<report>
				<misses>196100001</misses>
				<total>0</total>
				<timestamp>1238.630160</timestamp>
			</report>
			<report>
				<misses>196200001</misses>
				<total>0</total>
				<timestamp>1239.268894</timestamp>
			</report>
			<report>
				<misses>196300001</misses>
				<total>0</total>
				<timestamp>1239.898321</timestamp>
			</report>
			<report>
				<misses>196400001</misses>
				<total>0</total>
				<timestamp>1240.526598</timestamp>
			</report>
			<report>
				<misses>196500001</misses>
				<total>0</total>
				<timestamp>1241.157145</timestamp>
			</report>
			<report>
				<misses>196600001</misses>
				<total>0</total>
				<timestamp>1241.785536</timestamp>
			</report>
			<report>
				<misses>196700001</misses>
				<total>0</total>
				<timestamp>1242.408575</timestamp>
			</report>
			<report>
				<misses>196800001</misses>
				<total>0</total>
				<timestamp>1243.037129</timestamp>
			</report>
			<report>
				<misses>196900001</misses>
				<total>0</total>
				<timestamp>1243.664867</timestamp>
			</report>
			<report>
				<misses>197000001</misses>
				<total>0</total>
				<timestamp>1244.296360</timestamp>
			</report>
			<report>
				<misses>197100001</misses>
				<total>0</total>
				<timestamp>1244.927897</timestamp>
			</report>
			<report>
				<misses>197200001</misses>
				<total>0</total>
				<timestamp>1245.556526</timestamp>
			</report>
			<report>
				<misses>197300001</misses>
				<total>0</total>
				<timestamp>1246.198921</timestamp>
			</report>
			<report>
				<misses>197400001</misses>
				<total>0</total>
				<timestamp>1246.823086</timestamp>
			</report>
			<report>
				<misses>197500001</misses>
				<total>0</total>
				<timestamp>1247.481964</timestamp>
			</report>
			<report>
				<misses>197600001</misses>
				<total>0</total>
				<timestamp>1248.113729</timestamp>
			</report>
			<report>
				<misses>197700001</misses>
				<total>0</total>
				<timestamp>1248.745625</timestamp>
			</report>
			<report>
				<misses>197800001</misses>
				<total>0</total>
				<timestamp>1249.372378</timestamp>
			</report>
			<report>
				<misses>197900001</misses>
				<total>0</total>
				<timestamp>1249.996462</timestamp>
			</report>
			<report>
				<misses>198000001</misses>
				<total>0</total>
				<timestamp>1250.622613</timestamp>
			</report>
			<report>
				<misses>198100001</misses>
				<total>0</total>
				<timestamp>1251.248289</timestamp>
			</report>
			<report>
				<misses>198200001</misses>
				<total>0</total>
				<timestamp>1251.872233</timestamp>
			</report>
			<report>
				<misses>198300001</misses>
				<total>0</total>
				<timestamp>1252.498385</timestamp>
			</report>
			<report>
				<misses>198400001</misses>
				<total>0</total>
				<timestamp>1253.125405</timestamp>
			</report>
			<report>
				<misses>198500001</misses>
				<total>0</total>
				<timestamp>1253.756936</timestamp>
			</report>
			<report>
				<misses>198600001</misses>
				<total>0</total>
				<timestamp>1254.398207</timestamp>
			</report>
			<report>
				<misses>198700001</misses>
				<total>0</total>
				<timestamp>1255.026355</timestamp>
			</report>
			<report>
				<misses>198800001</misses>
				<total>0</total>
				<timestamp>1255.651207</timestamp>
			</report>
			<report>
				<misses>198900001</misses>
				<total>0</total>
				<timestamp>1256.280956</timestamp>
			</report>
			<report>
				<misses>199000001</misses>
				<total>0</total>
				<timestamp>1256.922774</timestamp>
			</report>
			<report>
				<misses>199100001</misses>
				<total>0</total>
				<timestamp>1257.563480</timestamp>
			</report>
			<report>
				<misses>199200001</misses>
				<total>0</total>
				<timestamp>1258.205592</timestamp>
			</report>
			<report>
				<misses>199300001</misses>
				<total>0</total>
				<timestamp>1258.833819</timestamp>
			</report>
			<report>
				<misses>199400001</misses>
				<total>0</total>
				<timestamp>1259.480404</timestamp>
			</report>
			<report>
				<misses>199500001</misses>
				<total>0</total>
				<timestamp>1260.107752</timestamp>
			</report>
			<report>
				<misses>199600001</misses>
				<total>0</total>
				<timestamp>1260.730103</timestamp>
			</report>
			<report>
				<misses>199700001</misses>
				<total>0</total>
				<timestamp>1261.356013</timestamp>
			</report>
			<report>
				<misses>199800001</misses>
				<total>0</total>
				<timestamp>1261.982931</timestamp>
			</report>
			<report>
				<misses>199900001</misses>
				<total>0</total>
				<timestamp>1262.615692</timestamp>
			</report>
			<report>
				<misses>200000001</misses>
				<total>0</total>
				<timestamp>1263.263702</timestamp>
			</report>
			<report>
				<misses>200100001</misses>
				<total>0</total>
				<timestamp>1263.887992</timestamp>
			</report>
			<report>
				<misses>200200001</misses>
				<total>0</total>
				<timestamp>1264.513141</timestamp>
			</report>
			<report>
				<misses>200300001</misses>
				<total>0</total>
				<timestamp>1265.145497</timestamp>
			</report>
			<report>
				<misses>200400001</misses>
				<total>0</total>
				<timestamp>1265.774096</timestamp>
			</report>
			<report>
				<misses>200500001</misses>
				<total>0</total>
				<timestamp>1266.407539</timestamp>
			</report>
			<report>
				<misses>200600001</misses>
				<total>0</total>
				<timestamp>1267.044345</timestamp>
			</report>
			<report>
				<misses>200700001</misses>
				<total>0</total>
				<timestamp>1267.675419</timestamp>
			</report>
			<report>
				<misses>200800001</misses>
				<total>0</total>
				<timestamp>1268.302551</timestamp>
			</report>
			<report>
				<misses>200900001</misses>
				<total>0</total>
				<timestamp>1268.928897</timestamp>
			</report>
			<report>
				<misses>201000001</misses>
				<total>0</total>
				<timestamp>1269.568896</timestamp>
			</report>
			<report>
				<misses>201100001</misses>
				<total>0</total>
				<timestamp>1270.205715</timestamp>
			</report>
			<report>
				<misses>201200001</misses>
				<total>0</total>
				<timestamp>1270.829399</timestamp>
			</report>
			<report>
				<misses>201300001</misses>
				<total>0</total>
				<timestamp>1271.459071</timestamp>
			</report>
			<report>
				<misses>201400001</misses>
				<total>0</total>
				<timestamp>1272.084475</timestamp>
			</report>
			<report>
				<misses>201500001</misses>
				<total>0</total>
				<timestamp>1272.710107</timestamp>
			</report>
			<report>
				<misses>201600001</misses>
				<total>0</total>
				<timestamp>1273.335719</timestamp>
			</report>
			<report>
				<misses>201700001</misses>
				<total>0</total>
				<timestamp>1273.965856</timestamp>
			</report>
			<report>
				<misses>201800001</misses>
				<total>0</total>
				<timestamp>1274.593104</timestamp>
			</report>
			<report>
				<misses>201900001</misses>
				<total>0</total>
				<timestamp>1275.220563</timestamp>
			</report>
			<report>
				<misses>202000001</misses>
				<total>0</total>
				<timestamp>1275.848948</timestamp>
			</report>
			<report>
				<misses>202100001</misses>
				<total>0</total>
				<timestamp>1276.484438</timestamp>
			</report>
			<report>
				<misses>202200001</misses>
				<total>0</total>
				<timestamp>1277.113056</timestamp>
			</report>
			<report>
				<misses>202300001</misses>
				<total>0</total>
				<timestamp>1277.741775</timestamp>
			</report>
			<report>
				<misses>202400001</misses>
				<total>0</total>
				<timestamp>1278.364153</timestamp>
			</report>
			<report>
				<misses>202500001</misses>
				<total>0</total>
				<timestamp>1278.991745</timestamp>
			</report>
			<report>
				<misses>202600001</misses>
				<total>0</total>
				<timestamp>1279.617336</timestamp>
			</report>
			<report>
				<misses>202700001</misses>
				<total>0</total>
				<timestamp>1280.241523</timestamp>
			</report>
			<report>
				<misses>202800001</misses>
				<total>0</total>
				<timestamp>1280.872370</timestamp>
			</report>
			<report>
				<misses>202900001</misses>
				<total>0</total>
				<timestamp>1281.495359</timestamp>
			</report>
			<report>
				<misses>203000001</misses>
				<total>0</total>
				<timestamp>1282.123135</timestamp>
			</report>
			<report>
				<misses>203100001</misses>
				<total>0</total>
				<timestamp>1282.747170</timestamp>
			</report>
			<report>
				<misses>203200001</misses>
				<total>0</total>
				<timestamp>1283.375041</timestamp>
			</report>
			<report>
				<misses>203300001</misses>
				<total>0</total>
				<timestamp>1284.003486</timestamp>
			</report>
			<report>
				<misses>203400001</misses>
				<total>0</total>
				<timestamp>1284.634157</timestamp>
			</report>
			<report>
				<misses>203500001</misses>
				<total>0</total>
				<timestamp>1285.281338</timestamp>
			</report>
			<report>
				<misses>203600001</misses>
				<total>0</total>
				<timestamp>1285.907059</timestamp>
			</report>
			<report>
				<misses>203700001</misses>
				<total>0</total>
				<timestamp>1286.535844</timestamp>
			</report>
			<report>
				<misses>203800001</misses>
				<total>0</total>
				<timestamp>1287.163422</timestamp>
			</report>
			<report>
				<misses>203900001</misses>
				<total>0</total>
				<timestamp>1287.790700</timestamp>
			</report>
			<report>
				<misses>204000001</misses>
				<total>0</total>
				<timestamp>1288.420607</timestamp>
			</report>
			<report>
				<misses>204100001</misses>
				<total>0</total>
				<timestamp>1289.045164</timestamp>
			</report>
			<report>
				<misses>204200001</misses>
				<total>0</total>
				<timestamp>1289.681919</timestamp>
			</report>
			<report>
				<misses>204300001</misses>
				<total>0</total>
				<timestamp>1290.317892</timestamp>
			</report>
			<report>
				<misses>204400001</misses>
				<total>0</total>
				<timestamp>1290.947598</timestamp>
			</report>
			<report>
				<misses>204500001</misses>
				<total>0</total>
				<timestamp>1291.580282</timestamp>
			</report>
			<report>
				<misses>204600001</misses>
				<total>0</total>
				<timestamp>1292.210498</timestamp>
			</report>
			<report>
				<misses>204700001</misses>
				<total>0</total>
				<timestamp>1292.837501</timestamp>
			</report>
			<report>
				<misses>204800001</misses>
				<total>0</total>
				<timestamp>1293.463507</timestamp>
			</report>
			<report>
				<misses>204900001</misses>
				<total>0</total>
				<timestamp>1294.093400</timestamp>
			</report>
			<report>
				<misses>205000001</misses>
				<total>0</total>
				<timestamp>1294.721456</timestamp>
			</report>
			<report>
				<misses>205100001</misses>
				<total>0</total>
				<timestamp>1295.351597</timestamp>
			</report>
			<report>
				<misses>205200001</misses>
				<total>0</total>
				<timestamp>1295.973783</timestamp>
			</report>
			<report>
				<misses>205300001</misses>
				<total>0</total>
				<timestamp>1296.607176</timestamp>
			</report>
			<report>
				<misses>205400001</misses>
				<total>0</total>
				<timestamp>1297.241809</timestamp>
			</report>
			<report>
				<misses>205500001</misses>
				<total>0</total>
				<timestamp>1297.867813</timestamp>
			</report>
			<report>
				<misses>205600001</misses>
				<total>0</total>
				<timestamp>1298.506447</timestamp>
			</report>
			<report>
				<misses>205700001</misses>
				<total>0</total>
				<timestamp>1299.131440</timestamp>
			</report>
			<report>
				<misses>205800001</misses>
				<total>0</total>
				<timestamp>1299.758264</timestamp>
			</report>
			<report>
				<misses>205900001</misses>
				<total>0</total>
				<timestamp>1300.391249</timestamp>
			</report>
			<report>
				<misses>206000001</misses>
				<total>0</total>
				<timestamp>1301.021271</timestamp>
			</report>
			<report>
				<misses>206100001</misses>
				<total>0</total>
				<timestamp>1301.648783</timestamp>
			</report>
			<report>
				<misses>206200001</misses>
				<total>0</total>
				<timestamp>1302.274566</timestamp>
			</report>
			<report>
				<misses>206300001</misses>
				<total>0</total>
				<timestamp>1302.911892</timestamp>
			</report>
			<report>
				<misses>206400001</misses>
				<total>0</total>
				<timestamp>1303.541744</timestamp>
			</report>
			<report>
				<misses>206500001</misses>
				<total>0</total>
				<timestamp>1304.175380</timestamp>
			</report>
			<report>
				<misses>206600001</misses>
				<total>0</total>
				<timestamp>1304.804270</timestamp>
			</report>
			<report>
				<misses>206700001</misses>
				<total>0</total>
				<timestamp>1305.446228</timestamp>
			</report>
			<report>
				<misses>206800001</misses>
				<total>0</total>
				<timestamp>1306.077817</timestamp>
			</report>
			<report>
				<misses>206900001</misses>
				<total>0</total>
				<timestamp>1306.707783</timestamp>
			</report>
			<report>
				<misses>207000001</misses>
				<total>0</total>
				<timestamp>1307.337113</timestamp>
			</report>
			<report>
				<misses>207100001</misses>
				<total>0</total>
				<timestamp>1307.963279</timestamp>
			</report>
			<report>
				<misses>207200001</misses>
				<total>0</total>
				<timestamp>1308.590122</timestamp>
			</report>
			<report>
				<misses>207300001</misses>
				<total>0</total>
				<timestamp>1309.219737</timestamp>
			</report>
			<report>
				<misses>207400001</misses>
				<total>0</total>
				<timestamp>1309.844125</timestamp>
			</report>
			<report>
				<misses>207500001</misses>
				<total>0</total>
				<timestamp>1310.472224</timestamp>
			</report>
			<report>
				<misses>207600001</misses>
				<total>0</total>
				<timestamp>1311.101636</timestamp>
			</report>
			<report>
				<misses>207700001</misses>
				<total>0</total>
				<timestamp>1311.738536</timestamp>
			</report>
			<report>
				<misses>207800001</misses>
				<total>0</total>
				<timestamp>1312.366956</timestamp>
			</report>
			<report>
				<misses>207900001</misses>
				<total>0</total>
				<timestamp>1312.989123</timestamp>
			</report>
			<report>
				<misses>208000001</misses>
				<total>0</total>
				<timestamp>1313.614468</timestamp>
			</report>
			<report>
				<misses>208100001</misses>
				<total>0</total>
				<timestamp>1314.245467</timestamp>
			</report>
			<report>
				<misses>208200001</misses>
				<total>0</total>
				<timestamp>1314.882398</timestamp>
			</report>
			<report>
				<misses>208300001</misses>
				<total>0</total>
				<timestamp>1315.517101</timestamp>
			</report>
			<report>
				<misses>208400001</misses>
				<total>0</total>
				<timestamp>1316.154421</timestamp>
			</report>
			<report>
				<misses>208500001</misses>
				<total>0</total>
				<timestamp>1316.785530</timestamp>
			</report>
			<report>
				<misses>208600001</misses>
				<total>0</total>
				<timestamp>1317.413631</timestamp>
			</report>
			<report>
				<misses>208700001</misses>
				<total>0</total>
				<timestamp>1318.051337</timestamp>
			</report>
			<report>
				<misses>208800001</misses>
				<total>0</total>
				<timestamp>1318.683082</timestamp>
			</report>
			<report>
				<misses>208900001</misses>
				<total>0</total>
				<timestamp>1319.309919</timestamp>
			</report>
			<report>
				<misses>209000001</misses>
				<total>0</total>
				<timestamp>1319.939461</timestamp>
			</report>
			<report>
				<misses>209100001</misses>
				<total>0</total>
				<timestamp>1320.574009</timestamp>
			</report>
			<report>
				<misses>209200001</misses>
				<total>0</total>
				<timestamp>1321.201326</timestamp>
			</report>
			<report>
				<misses>209300001</misses>
				<total>0</total>
				<timestamp>1321.821607</timestamp>
			</report>
			<report>
				<misses>209400001</misses>
				<total>0</total>
				<timestamp>1322.456100</timestamp>
			</report>
			<report>
				<misses>209500001</misses>
				<total>0</total>
				<timestamp>1323.080980</timestamp>
			</report>
			<report>
				<misses>209600001</misses>
				<total>0</total>
				<timestamp>1323.718462</timestamp>
			</report>
			<report>
				<misses>209700001</misses>
				<total>0</total>
				<timestamp>1324.359907</timestamp>
			</report>
			<report>
				<misses>209800001</misses>
				<total>0</total>
				<timestamp>1324.983490</timestamp>
			</report>
			<report>
				<misses>209900001</misses>
				<total>0</total>
				<timestamp>1325.611634</timestamp>
			</report>
			<report>
				<misses>210000001</misses>
				<total>0</total>
				<timestamp>1326.232676</timestamp>
			</report>
			<report>
				<misses>210100001</misses>
				<total>0</total>
				<timestamp>1326.859981</timestamp>
			</report>
			<report>
				<misses>210200001</misses>
				<total>0</total>
				<timestamp>1327.488554</timestamp>
			</report>
			<report>
				<misses>210300001</misses>
				<total>0</total>
				<timestamp>1328.115318</timestamp>
			</report>
			<report>
				<misses>210400001</misses>
				<total>0</total>
				<timestamp>1328.745330</timestamp>
			</report>
			<report>
				<misses>210500001</misses>
				<total>0</total>
				<timestamp>1329.376397</timestamp>
			</report>
			<report>
				<misses>210600001</misses>
				<total>0</total>
				<timestamp>1330.001730</timestamp>
			</report>
			<report>
				<misses>210700001</misses>
				<total>0</total>
				<timestamp>1330.630691</timestamp>
			</report>
			<report>
				<misses>210800001</misses>
				<total>0</total>
				<timestamp>1331.254925</timestamp>
			</report>
			<report>
				<misses>210900001</misses>
				<total>0</total>
				<timestamp>1331.875752</timestamp>
			</report>
			<report>
				<misses>211000001</misses>
				<total>0</total>
				<timestamp>1332.503705</timestamp>
			</report>
			<report>
				<misses>211100001</misses>
				<total>0</total>
				<timestamp>1333.132716</timestamp>
			</report>
			<report>
				<misses>211200001</misses>
				<total>0</total>
				<timestamp>1333.759417</timestamp>
			</report>
			<report>
				<misses>211300001</misses>
				<total>0</total>
				<timestamp>1334.388196</timestamp>
			</report>
			<report>
				<misses>211400001</misses>
				<total>0</total>
				<timestamp>1335.015165</timestamp>
			</report>
			<report>
				<misses>211500001</misses>
				<total>0</total>
				<timestamp>1335.643528</timestamp>
			</report>
			<report>
				<misses>211600001</misses>
				<total>0</total>
				<timestamp>1336.265102</timestamp>
			</report>
			<report>
				<misses>211700001</misses>
				<total>0</total>
				<timestamp>1336.898706</timestamp>
			</report>
			<report>
				<misses>211800001</misses>
				<total>0</total>
				<timestamp>1337.527339</timestamp>
			</report>
			<report>
				<misses>211900001</misses>
				<total>0</total>
				<timestamp>1338.161831</timestamp>
			</report>
			<report>
				<misses>212000001</misses>
				<total>0</total>
				<timestamp>1338.806529</timestamp>
			</report>
			<report>
				<misses>212100001</misses>
				<total>0</total>
				<timestamp>1339.448224</timestamp>
			</report>
			<report>
				<misses>212200001</misses>
				<total>0</total>
				<timestamp>1340.080840</timestamp>
			</report>
			<report>
				<misses>212300001</misses>
				<total>0</total>
				<timestamp>1340.721931</timestamp>
			</report>
			<report>
				<misses>212400001</misses>
				<total>0</total>
				<timestamp>1341.361598</timestamp>
			</report>
			<report>
				<misses>212500001</misses>
				<total>0</total>
				<timestamp>1341.995105</timestamp>
			</report>
			<report>
				<misses>212600001</misses>
				<total>0</total>
				<timestamp>1342.629800</timestamp>
			</report>
			<report>
				<misses>212700001</misses>
				<total>0</total>
				<timestamp>1343.257904</timestamp>
			</report>
			<report>
				<misses>212800001</misses>
				<total>0</total>
				<timestamp>1343.885155</timestamp>
			</report>
			<report>
				<misses>212900001</misses>
				<total>0</total>
				<timestamp>1344.525492</timestamp>
			</report>
			<report>
				<misses>213000001</misses>
				<total>0</total>
				<timestamp>1345.168778</timestamp>
			</report>
			<report>
				<misses>213100001</misses>
				<total>0</total>
				<timestamp>1345.797646</timestamp>
			</report>
			<report>
				<misses>213200001</misses>
				<total>0</total>
				<timestamp>1346.438963</timestamp>
			</report>
			<report>
				<misses>213300001</misses>
				<total>0</total>
				<timestamp>1347.077682</timestamp>
			</report>
			<report>
				<misses>213400001</misses>
				<total>0</total>
				<timestamp>1347.708366</timestamp>
			</report>
			<report>
				<misses>213500001</misses>
				<total>0</total>
				<timestamp>1348.344899</timestamp>
			</report>
			<report>
				<misses>213600001</misses>
				<total>0</total>
				<timestamp>1348.970879</timestamp>
			</report>
			<report>
				<misses>213700001</misses>
				<total>0</total>
				<timestamp>1349.602741</timestamp>
			</report>
			<report>
				<misses>213800001</misses>
				<total>0</total>
				<timestamp>1350.230108</timestamp>
			</report>
			<report>
				<misses>213900001</misses>
				<total>0</total>
				<timestamp>1350.871010</timestamp>
			</report>
			<report>
				<misses>214000001</misses>
				<total>0</total>
				<timestamp>1351.496225</timestamp>
			</report>
			<report>
				<misses>214100001</misses>
				<total>0</total>
				<timestamp>1352.131376</timestamp>
			</report>
			<report>
				<misses>214200001</misses>
				<total>0</total>
				<timestamp>1352.760129</timestamp>
			</report>
			<report>
				<misses>214300001</misses>
				<total>0</total>
				<timestamp>1353.394997</timestamp>
			</report>
			<report>
				<misses>214400001</misses>
				<total>0</total>
				<timestamp>1354.018072</timestamp>
			</report>
			<report>
				<misses>214500001</misses>
				<total>0</total>
				<timestamp>1354.645571</timestamp>
			</report>
			<report>
				<misses>214600001</misses>
				<total>0</total>
				<timestamp>1355.284593</timestamp>
			</report>
			<report>
				<misses>214700001</misses>
				<total>0</total>
				<timestamp>1355.910478</timestamp>
			</report>
			<report>
				<misses>214800001</misses>
				<total>0</total>
				<timestamp>1356.540557</timestamp>
			</report>
			<report>
				<misses>214900001</misses>
				<total>0</total>
				<timestamp>1357.164923</timestamp>
			</report>
			<report>
				<misses>215000001</misses>
				<total>0</total>
				<timestamp>1357.797552</timestamp>
			</report>
			<report>
				<misses>215100001</misses>
				<total>0</total>
				<timestamp>1358.441462</timestamp>
			</report>
			<report>
				<misses>215200001</misses>
				<total>0</total>
				<timestamp>1359.068648</timestamp>
			</report>
			<report>
				<misses>215300001</misses>
				<total>0</total>
				<timestamp>1359.692837</timestamp>
			</report>
			<report>
				<misses>215400001</misses>
				<total>0</total>
				<timestamp>1360.332525</timestamp>
			</report>
			<report>
				<misses>215500001</misses>
				<total>0</total>
				<timestamp>1360.969687</timestamp>
			</report>
			<report>
				<misses>215600001</misses>
				<total>0</total>
				<timestamp>1361.598234</timestamp>
			</report>
			<report>
				<misses>215700001</misses>
				<total>0</total>
				<timestamp>1362.233546</timestamp>
			</report>
			<report>
				<misses>215800001</misses>
				<total>0</total>
				<timestamp>1362.868124</timestamp>
			</report>
			<report>
				<misses>215900001</misses>
				<total>0</total>
				<timestamp>1363.503252</timestamp>
			</report>
			<report>
				<misses>216000001</misses>
				<total>0</total>
				<timestamp>1364.129040</timestamp>
			</report>
			<report>
				<misses>216100001</misses>
				<total>0</total>
				<timestamp>1364.760324</timestamp>
			</report>
			<report>
				<misses>216200001</misses>
				<total>0</total>
				<timestamp>1365.386716</timestamp>
			</report>
			<report>
				<misses>216300001</misses>
				<total>0</total>
				<timestamp>1366.018158</timestamp>
			</report>
			<report>
				<misses>216400001</misses>
				<total>0</total>
				<timestamp>1366.650465</timestamp>
			</report>
			<report>
				<misses>216500001</misses>
				<total>0</total>
				<timestamp>1367.292078</timestamp>
			</report>
			<report>
				<misses>216600001</misses>
				<total>0</total>
				<timestamp>1367.919315</timestamp>
			</report>
			<report>
				<misses>216700001</misses>
				<total>0</total>
				<timestamp>1368.546154</timestamp>
			</report>
			<report>
				<misses>216800001</misses>
				<total>0</total>
				<timestamp>1369.168360</timestamp>
			</report>
			<report>
				<misses>216900001</misses>
				<total>0</total>
				<timestamp>1369.805896</timestamp>
			</report>
			<report>
				<misses>217000001</misses>
				<total>0</total>
				<timestamp>1370.435619</timestamp>
			</report>
			<report>
				<misses>217100001</misses>
				<total>0</total>
				<timestamp>1371.061618</timestamp>
			</report>
			<report>
				<misses>217200001</misses>
				<total>0</total>
				<timestamp>1371.690828</timestamp>
			</report>
			<report>
				<misses>217300001</misses>
				<total>0</total>
				<timestamp>1372.319942</timestamp>
			</report>
			<report>
				<misses>217400001</misses>
				<total>0</total>
				<timestamp>1372.942290</timestamp>
			</report>
			<report>
				<misses>217500001</misses>
				<total>0</total>
				<timestamp>1373.583116</timestamp>
			</report>
			<report>
				<misses>217600001</misses>
				<total>0</total>
				<timestamp>1374.205632</timestamp>
			</report>
			<report>
				<misses>217700001</misses>
				<total>0</total>
				<timestamp>1374.834410</timestamp>
			</report>
			<report>
				<misses>217800001</misses>
				<total>0</total>
				<timestamp>1375.468763</timestamp>
			</report>
			<report>
				<misses>217900001</misses>
				<total>0</total>
				<timestamp>1376.098045</timestamp>
			</report>
			<report>
				<misses>218000001</misses>
				<total>0</total>
				<timestamp>1376.721536</timestamp>
			</report>
			<report>
				<misses>218100001</misses>
				<total>0</total>
				<timestamp>1377.354714</timestamp>
			</report>
			<report>
				<misses>218200001</misses>
				<total>0</total>
				<timestamp>1377.981042</timestamp>
			</report>
			<report>
				<misses>218300001</misses>
				<total>0</total>
				<timestamp>1378.621673</timestamp>
			</report>
			<report>
				<misses>218400001</misses>
				<total>0</total>
				<timestamp>1379.245341</timestamp>
			</report>
			<report>
				<misses>218500001</misses>
				<total>0</total>
				<timestamp>1379.876843</timestamp>
			</report>
			<report>
				<misses>218600001</misses>
				<total>0</total>
				<timestamp>1380.504325</timestamp>
			</report>
			<report>
				<misses>218700001</misses>
				<total>0</total>
				<timestamp>1381.138511</timestamp>
			</report>
			<report>
				<misses>218800001</misses>
				<total>0</total>
				<timestamp>1381.769459</timestamp>
			</report>
			<report>
				<misses>218900001</misses>
				<total>0</total>
				<timestamp>1382.425705</timestamp>
			</report>
			<report>
				<misses>219000001</misses>
				<total>0</total>
				<timestamp>1383.062599</timestamp>
			</report>
			<report>
				<misses>219100001</misses>
				<total>0</total>
				<timestamp>1383.696000</timestamp>
			</report>
			<report>
				<misses>219200001</misses>
				<total>0</total>
				<timestamp>1384.318182</timestamp>
			</report>
			<report>
				<misses>219300001</misses>
				<total>0</total>
				<timestamp>1384.949821</timestamp>
			</report>
			<report>
				<misses>219400001</misses>
				<total>0</total>
				<timestamp>1385.583490</timestamp>
			</report>
			<report>
				<misses>219500001</misses>
				<total>0</total>
				<timestamp>1386.220881</timestamp>
			</report>
			<report>
				<misses>219600001</misses>
				<total>0</total>
				<timestamp>1386.865288</timestamp>
			</report>
			<report>
				<misses>219700001</misses>
				<total>0</total>
				<timestamp>1387.501140</timestamp>
			</report>
			<report>
				<misses>219800001</misses>
				<total>0</total>
				<timestamp>1388.141605</timestamp>
			</report>
			<report>
				<misses>219900001</misses>
				<total>0</total>
				<timestamp>1388.785557</timestamp>
			</report>
			<report>
				<misses>220000001</misses>
				<total>0</total>
				<timestamp>1389.420197</timestamp>
			</report>
			<report>
				<misses>220100001</misses>
				<total>0</total>
				<timestamp>1390.050256</timestamp>
			</report>
			<report>
				<misses>220200001</misses>
				<total>0</total>
				<timestamp>1390.681232</timestamp>
			</report>
			<report>
				<misses>220300001</misses>
				<total>0</total>
				<timestamp>1391.310217</timestamp>
			</report>
			<report>
				<misses>220400001</misses>
				<total>0</total>
				<timestamp>1391.944917</timestamp>
			</report>
			<report>
				<misses>220500001</misses>
				<total>0</total>
				<timestamp>1392.576566</timestamp>
			</report>
			<report>
				<misses>220600001</misses>
				<total>0</total>
				<timestamp>1393.211282</timestamp>
			</report>
			<report>
				<misses>220700001</misses>
				<total>0</total>
				<timestamp>1393.853368</timestamp>
			</report>
			<report>
				<misses>220800001</misses>
				<total>0</total>
				<timestamp>1394.479845</timestamp>
			</report>
			<report>
				<misses>220900001</misses>
				<total>0</total>
				<timestamp>1395.114840</timestamp>
			</report>
			<report>
				<misses>221000001</misses>
				<total>0</total>
				<timestamp>1395.741691</timestamp>
			</report>
			<report>
				<misses>221100001</misses>
				<total>0</total>
				<timestamp>1396.367970</timestamp>
			</report>
			<report>
				<misses>221200001</misses>
				<total>0</total>
				<timestamp>1396.997309</timestamp>
			</report>
			<report>
				<misses>221300001</misses>
				<total>0</total>
				<timestamp>1397.620790</timestamp>
			</report>
			<report>
				<misses>221400001</misses>
				<total>0</total>
				<timestamp>1398.254934</timestamp>
			</report>
			<report>
				<misses>221500001</misses>
				<total>0</total>
				<timestamp>1398.883818</timestamp>
			</report>
			<report>
				<misses>221600001</misses>
				<total>0</total>
				<timestamp>1399.524976</timestamp>
			</report>
			<report>
				<misses>221700001</misses>
				<total>0</total>
				<timestamp>1400.160382</timestamp>
			</report>
			<report>
				<misses>221800001</misses>
				<total>0</total>
				<timestamp>1400.794408</timestamp>
			</report>
			<report>
				<misses>221900001</misses>
				<total>0</total>
				<timestamp>1401.430510</timestamp>
			</report>
			<report>
				<misses>222000001</misses>
				<total>0</total>
				<timestamp>1402.065173</timestamp>
			</report>
			<report>
				<misses>222100001</misses>
				<total>0</total>
				<timestamp>1402.692720</timestamp>
			</report>
			<report>
				<misses>222200001</misses>
				<total>0</total>
				<timestamp>1403.333036</timestamp>
			</report>
			<report>
				<misses>222300001</misses>
				<total>0</total>
				<timestamp>1403.964371</timestamp>
			</report>
			<report>
				<misses>222400001</misses>
				<total>0</total>
				<timestamp>1404.598623</timestamp>
			</report>
			<report>
				<misses>222500001</misses>
				<total>0</total>
				<timestamp>1405.228943</timestamp>
			</report>
			<report>
				<misses>222600001</misses>
				<total>0</total>
				<timestamp>1405.856989</timestamp>
			</report>
			<report>
				<misses>222700001</misses>
				<total>0</total>
				<timestamp>1406.483877</timestamp>
			</report>
			<report>
				<misses>222800001</misses>
				<total>0</total>
				<timestamp>1407.113017</timestamp>
			</report>
			<report>
				<misses>222900001</misses>
				<total>0</total>
				<timestamp>1407.756631</timestamp>
			</report>
			<report>
				<misses>223000001</misses>
				<total>0</total>
				<timestamp>1408.389637</timestamp>
			</report>
			<report>
				<misses>223100001</misses>
				<total>0</total>
				<timestamp>1409.017442</timestamp>
			</report>
			<report>
				<misses>223200001</misses>
				<total>0</total>
				<timestamp>1409.644326</timestamp>
			</report>
			<report>
				<misses>223300001</misses>
				<total>0</total>
				<timestamp>1410.267167</timestamp>
			</report>
			<report>
				<misses>223400001</misses>
				<total>0</total>
				<timestamp>1410.893742</timestamp>
			</report>
			<report>
				<misses>223500001</misses>
				<total>0</total>
				<timestamp>1411.523369</timestamp>
			</report>
			<report>
				<misses>223600001</misses>
				<total>0</total>
				<timestamp>1412.158810</timestamp>
			</report>
			<report>
				<misses>223700001</misses>
				<total>0</total>
				<timestamp>1412.785378</timestamp>
			</report>
			<report>
				<misses>223800001</misses>
				<total>0</total>
				<timestamp>1413.414136</timestamp>
			</report>
			<report>
				<misses>223900001</misses>
				<total>0</total>
				<timestamp>1414.039143</timestamp>
			</report>
			<report>
				<misses>224000001</misses>
				<total>0</total>
				<timestamp>1414.663820</timestamp>
			</report>
			<report>
				<misses>224100001</misses>
				<total>0</total>
				<timestamp>1415.299152</timestamp>
			</report>
			<report>
				<misses>224200001</misses>
				<total>0</total>
				<timestamp>1415.928341</timestamp>
			</report>
			<report>
				<misses>224300001</misses>
				<total>0</total>
				<timestamp>1416.577860</timestamp>
			</report>
			<report>
				<misses>224400001</misses>
				<total>0</total>
				<timestamp>1417.206292</timestamp>
			</report>
			<report>
				<misses>224500001</misses>
				<total>0</total>
				<timestamp>1417.830748</timestamp>
			</report>
			<report>
				<misses>224600001</misses>
				<total>0</total>
				<timestamp>1418.457284</timestamp>
			</report>
			<report>
				<misses>224700001</misses>
				<total>0</total>
				<timestamp>1419.084778</timestamp>
			</report>
			<report>
				<misses>224800001</misses>
				<total>0</total>
				<timestamp>1419.723666</timestamp>
			</report>
			<report>
				<misses>224900001</misses>
				<total>0</total>
				<timestamp>1420.360017</timestamp>
			</report>
			<report>
				<misses>225000001</misses>
				<total>0</total>
				<timestamp>1420.998510</timestamp>
			</report>
			<report>
				<misses>225100001</misses>
				<total>0</total>
				<timestamp>1421.633701</timestamp>
			</report>
			<report>
				<misses>225200001</misses>
				<total>0</total>
				<timestamp>1422.261504</timestamp>
			</report>
			<report>
				<misses>225300001</misses>
				<total>0</total>
				<timestamp>1422.892990</timestamp>
			</report>
			<report>
				<misses>225400001</misses>
				<total>0</total>
				<timestamp>1423.523973</timestamp>
			</report>
			<report>
				<misses>225500001</misses>
				<total>0</total>
				<timestamp>1424.168616</timestamp>
			</report>
			<report>
				<misses>225600001</misses>
				<total>0</total>
				<timestamp>1424.792733</timestamp>
			</report>
			<report>
				<misses>225700001</misses>
				<total>0</total>
				<timestamp>1425.426446</timestamp>
			</report>
			<report>
				<misses>225800001</misses>
				<total>0</total>
				<timestamp>1426.057562</timestamp>
			</report>
			<report>
				<misses>225900001</misses>
				<total>0</total>
				<timestamp>1426.686393</timestamp>
			</report>
			<report>
				<misses>226000001</misses>
				<total>0</total>
				<timestamp>1427.309801</timestamp>
			</report>
			<report>
				<misses>226100001</misses>
				<total>0</total>
				<timestamp>1427.935090</timestamp>
			</report>
			<report>
				<misses>226200001</misses>
				<total>0</total>
				<timestamp>1428.565971</timestamp>
			</report>
			<report>
				<misses>226300001</misses>
				<total>0</total>
				<timestamp>1429.192460</timestamp>
			</report>
			<report>
				<misses>226400001</misses>
				<total>0</total>
				<timestamp>1429.821612</timestamp>
			</report>
			<report>
				<misses>226500001</misses>
				<total>0</total>
				<timestamp>1430.450995</timestamp>
			</report>
			<report>
				<misses>226600001</misses>
				<total>0</total>
				<timestamp>1431.077680</timestamp>
			</report>
			<report>
				<misses>226700001</misses>
				<total>0</total>
				<timestamp>1431.706069</timestamp>
			</report>
			<report>
				<misses>226800001</misses>
				<total>0</total>
				<timestamp>1432.346491</timestamp>
			</report>
			<report>
				<misses>226900001</misses>
				<total>0</total>
				<timestamp>1432.969450</timestamp>
			</report>
			<report>
				<misses>227000001</misses>
				<total>0</total>
				<timestamp>1433.597074</timestamp>
			</report>
			<report>
				<misses>227100001</misses>
				<total>0</total>
				<timestamp>1434.219895</timestamp>
			</report>
			<report>
				<misses>227200001</misses>
				<total>0</total>
				<timestamp>1434.846767</timestamp>
			</report>
			<report>
				<misses>227300001</misses>
				<total>0</total>
				<timestamp>1435.490132</timestamp>
			</report>
			<report>
				<misses>227400001</misses>
				<total>0</total>
				<timestamp>1436.117993</timestamp>
			</report>
			<report>
				<misses>227500001</misses>
				<total>0</total>
				<timestamp>1436.739660</timestamp>
			</report>
			<report>
				<misses>227600001</misses>
				<total>0</total>
				<timestamp>1437.380122</timestamp>
			</report>
			<report>
				<misses>227700001</misses>
				<total>0</total>
				<timestamp>1438.006854</timestamp>
			</report>
			<report>
				<misses>227800001</misses>
				<total>0</total>
				<timestamp>1438.631416</timestamp>
			</report>
			<report>
				<misses>227900001</misses>
				<total>0</total>
				<timestamp>1439.257335</timestamp>
			</report>
			<report>
				<misses>228000001</misses>
				<total>0</total>
				<timestamp>1439.880770</timestamp>
			</report>
			<report>
				<misses>228100001</misses>
				<total>0</total>
				<timestamp>1440.511466</timestamp>
			</report>
			<report>
				<misses>228200001</misses>
				<total>0</total>
				<timestamp>1441.136502</timestamp>
			</report>
			<report>
				<misses>228300001</misses>
				<total>0</total>
				<timestamp>1441.769464</timestamp>
			</report>
			<report>
				<misses>228400001</misses>
				<total>0</total>
				<timestamp>1442.400806</timestamp>
			</report>
			<report>
				<misses>228500001</misses>
				<total>0</total>
				<timestamp>1443.027088</timestamp>
			</report>
			<report>
				<misses>228600001</misses>
				<total>0</total>
				<timestamp>1443.663186</timestamp>
			</report>
			<report>
				<misses>228700001</misses>
				<total>0</total>
				<timestamp>1444.289677</timestamp>
			</report>
			<report>
				<misses>228800001</misses>
				<total>0</total>
				<timestamp>1444.919370</timestamp>
			</report>
			<report>
				<misses>228900001</misses>
				<total>0</total>
				<timestamp>1445.543569</timestamp>
			</report>
			<report>
				<misses>229000001</misses>
				<total>0</total>
				<timestamp>1446.170133</timestamp>
			</report>
			<report>
				<misses>229100001</misses>
				<total>0</total>
				<timestamp>1446.801172</timestamp>
			</report>
			<report>
				<misses>229200001</misses>
				<total>0</total>
				<timestamp>1447.434530</timestamp>
			</report>
			<report>
				<misses>229300001</misses>
				<total>0</total>
				<timestamp>1448.056766</timestamp>
			</report>
			<report>
				<misses>229400001</misses>
				<total>0</total>
				<timestamp>1448.686545</timestamp>
			</report>
			<report>
				<misses>229500001</misses>
				<total>0</total>
				<timestamp>1449.323417</timestamp>
			</report>
			<report>
				<misses>229600001</misses>
				<total>0</total>
				<timestamp>1449.947248</timestamp>
			</report>
			<report>
				<misses>229700001</misses>
				<total>0</total>
				<timestamp>1450.580824</timestamp>
			</report>
			<report>
				<misses>229800001</misses>
				<total>0</total>
				<timestamp>1451.208739</timestamp>
			</report>
			<report>
				<misses>229900001</misses>
				<total>0</total>
				<timestamp>1451.849305</timestamp>
			</report>
			<report>
				<misses>230000001</misses>
				<total>0</total>
				<timestamp>1452.482609</timestamp>
			</report>
			<report>
				<misses>230100001</misses>
				<total>0</total>
				<timestamp>1453.116671</timestamp>
			</report>
			<report>
				<misses>230200001</misses>
				<total>0</total>
				<timestamp>1453.750911</timestamp>
			</report>
			<report>
				<misses>230300001</misses>
				<total>0</total>
				<timestamp>1454.397954</timestamp>
			</report>
			<report>
				<misses>230400001</misses>
				<total>0</total>
				<timestamp>1455.026226</timestamp>
			</report>
			<report>
				<misses>230500001</misses>
				<total>0</total>
				<timestamp>1455.656628</timestamp>
			</report>
			<report>
				<misses>230600001</misses>
				<total>0</total>
				<timestamp>1456.290645</timestamp>
			</report>
			<report>
				<misses>230700001</misses>
				<total>0</total>
				<timestamp>1456.918868</timestamp>
			</report>
			<report>
				<misses>230800001</misses>
				<total>0</total>
				<timestamp>1457.558277</timestamp>
			</report>
			<report>
				<misses>230900001</misses>
				<total>0</total>
				<timestamp>1458.196665</timestamp>
			</report>
			<report>
				<misses>231000001</misses>
				<total>0</total>
				<timestamp>1458.835078</timestamp>
			</report>
			<report>
				<misses>231100001</misses>
				<total>0</total>
				<timestamp>1459.458953</timestamp>
			</report>
			<report>
				<misses>231200001</misses>
				<total>0</total>
				<timestamp>1460.093509</timestamp>
			</report>
			<report>
				<misses>231300001</misses>
				<total>0</total>
				<timestamp>1460.723355</timestamp>
			</report>
			<report>
				<misses>231400001</misses>
				<total>0</total>
				<timestamp>1461.357721</timestamp>
			</report>
			<report>
				<misses>231500001</misses>
				<total>0</total>
				<timestamp>1461.987875</timestamp>
			</report>
			<report>
				<misses>231600001</misses>
				<total>0</total>
				<timestamp>1462.634199</timestamp>
			</report>
			<report>
				<misses>231700001</misses>
				<total>0</total>
				<timestamp>1463.263065</timestamp>
			</report>
			<report>
				<misses>231800001</misses>
				<total>0</total>
				<timestamp>1463.899699</timestamp>
			</report>
			<report>
				<misses>231900001</misses>
				<total>0</total>
				<timestamp>1464.533804</timestamp>
			</report>
			<report>
				<misses>232000001</misses>
				<total>0</total>
				<timestamp>1465.160848</timestamp>
			</report>
			<report>
				<misses>232100001</misses>
				<total>0</total>
				<timestamp>1465.790152</timestamp>
			</report>
			<report>
				<misses>232200001</misses>
				<total>0</total>
				<timestamp>1466.429628</timestamp>
			</report>
			<report>
				<misses>232300001</misses>
				<total>0</total>
				<timestamp>1467.061226</timestamp>
			</report>
			<report>
				<misses>232400001</misses>
				<total>0</total>
				<timestamp>1467.689772</timestamp>
			</report>
			<report>
				<misses>232500001</misses>
				<total>0</total>
				<timestamp>1468.318810</timestamp>
			</report>
			<report>
				<misses>232600001</misses>
				<total>0</total>
				<timestamp>1468.955819</timestamp>
			</report>
			<report>
				<misses>232700001</misses>
				<total>0</total>
				<timestamp>1469.585127</timestamp>
			</report>
			<report>
				<misses>232800001</misses>
				<total>0</total>
				<timestamp>1470.220500</timestamp>
			</report>
			<report>
				<misses>232900001</misses>
				<total>0</total>
				<timestamp>1470.861033</timestamp>
			</report>
			<report>
				<misses>233000001</misses>
				<total>0</total>
				<timestamp>1471.504851</timestamp>
			</report>
			<report>
				<misses>233100001</misses>
				<total>0</total>
				<timestamp>1472.133584</timestamp>
			</report>
			<report>
				<misses>233200001</misses>
				<total>0</total>
				<timestamp>1472.759131</timestamp>
			</report>
			<report>
				<misses>233300001</misses>
				<total>0</total>
				<timestamp>1473.391243</timestamp>
			</report>
			<report>
				<misses>233400001</misses>
				<total>0</total>
				<timestamp>1474.025792</timestamp>
			</report>
			<report>
				<misses>233500001</misses>
				<total>0</total>
				<timestamp>1474.648287</timestamp>
			</report>
			<report>
				<misses>233600001</misses>
				<total>0</total>
				<timestamp>1475.281200</timestamp>
			</report>
			<report>
				<misses>233700001</misses>
				<total>0</total>
				<timestamp>1475.909091</timestamp>
			</report>
			<report>
				<misses>233800001</misses>
				<total>0</total>
				<timestamp>1476.535408</timestamp>
			</report>
			<report>
				<misses>233900001</misses>
				<total>0</total>
				<timestamp>1477.159300</timestamp>
			</report>
			<report>
				<misses>234000001</misses>
				<total>0</total>
				<timestamp>1477.793613</timestamp>
			</report>
			<report>
				<misses>234100001</misses>
				<total>0</total>
				<timestamp>1478.431272</timestamp>
			</report>
			<report>
				<misses>234200001</misses>
				<total>0</total>
				<timestamp>1479.072529</timestamp>
			</report>
			<report>
				<misses>234300001</misses>
				<total>0</total>
				<timestamp>1479.705536</timestamp>
			</report>
			<report>
				<misses>234400001</misses>
				<total>0</total>
				<timestamp>1480.345459</timestamp>
			</report>
			<report>
				<misses>234500001</misses>
				<total>0</total>
				<timestamp>1480.977408</timestamp>
			</report>
			<report>
				<misses>234600001</misses>
				<total>0</total>
				<timestamp>1481.614616</timestamp>
			</report>
			<report>
				<misses>234700001</misses>
				<total>0</total>
				<timestamp>1482.243976</timestamp>
			</report>
			<report>
				<misses>234800001</misses>
				<total>0</total>
				<timestamp>1482.873328</timestamp>
			</report>
			<report>
				<misses>234900001</misses>
				<total>0</total>
				<timestamp>1483.505311</timestamp>
			</report>
			<report>
				<misses>235000001</misses>
				<total>0</total>
				<timestamp>1484.130459</timestamp>
			</report>
			<report>
				<misses>235100001</misses>
				<total>0</total>
				<timestamp>1484.761802</timestamp>
			</report>
			<report>
				<misses>235200001</misses>
				<total>0</total>
				<timestamp>1485.387599</timestamp>
			</report>
			<report>
				<misses>235300001</misses>
				<total>0</total>
				<timestamp>1486.016765</timestamp>
			</report>
			<report>
				<misses>235400001</misses>
				<total>0</total>
				<timestamp>1486.649011</timestamp>
			</report>
			<report>
				<misses>235500001</misses>
				<total>0</total>
				<timestamp>1487.282521</timestamp>
			</report>
			<report>
				<misses>235600001</misses>
				<total>0</total>
				<timestamp>1487.918436</timestamp>
			</report>
			<report>
				<misses>235700001</misses>
				<total>0</total>
				<timestamp>1488.561338</timestamp>
			</report>
			<report>
				<misses>235800001</misses>
				<total>0</total>
				<timestamp>1489.193972</timestamp>
			</report>
			<report>
				<misses>235900001</misses>
				<total>0</total>
				<timestamp>1489.827486</timestamp>
			</report>
			<report>
				<misses>236000001</misses>
				<total>0</total>
				<timestamp>1490.466877</timestamp>
			</report>
			<report>
				<misses>236100001</misses>
				<total>0</total>
				<timestamp>1491.101414</timestamp>
			</report>
			<report>
				<misses>236200001</misses>
				<total>0</total>
				<timestamp>1491.730477</timestamp>
			</report>
			<report>
				<misses>236300001</misses>
				<total>0</total>
				<timestamp>1492.362199</timestamp>
			</report>
			<report>
				<misses>236400001</misses>
				<total>0</total>
				<timestamp>1492.989357</timestamp>
			</report>
			<report>
				<misses>236500001</misses>
				<total>0</total>
				<timestamp>1493.621963</timestamp>
			</report>
			<report>
				<misses>236600001</misses>
				<total>0</total>
				<timestamp>1494.251579</timestamp>
			</report>
			<report>
				<misses>236700001</misses>
				<total>0</total>
				<timestamp>1494.891694</timestamp>
			</report>
			<report>
				<misses>236800001</misses>
				<total>0</total>
				<timestamp>1495.518530</timestamp>
			</report>
			<report>
				<misses>236900001</misses>
				<total>0</total>
				<timestamp>1496.149365</timestamp>
			</report>
			<report>
				<misses>237000001</misses>
				<total>0</total>
				<timestamp>1496.780777</timestamp>
			</report>
			<report>
				<misses>237100001</misses>
				<total>0</total>
				<timestamp>1497.414124</timestamp>
			</report>
			<report>
				<misses>237200001</misses>
				<total>0</total>
				<timestamp>1498.055401</timestamp>
			</report>
			<report>
				<misses>237300001</misses>
				<total>0</total>
				<timestamp>1498.689315</timestamp>
			</report>
			<report>
				<misses>237400001</misses>
				<total>0</total>
				<timestamp>1499.324574</timestamp>
			</report>
			<report>
				<misses>237500001</misses>
				<total>0</total>
				<timestamp>1499.954094</timestamp>
			</report>
			<report>
				<misses>237600001</misses>
				<total>0</total>
				<timestamp>1500.588082</timestamp>
			</report>
			<report>
				<misses>237700001</misses>
				<total>0</total>
				<timestamp>1501.221626</timestamp>
			</report>
			<report>
				<misses>237800001</misses>
				<total>0</total>
				<timestamp>1501.857048</timestamp>
			</report>
			<report>
				<misses>237900001</misses>
				<total>0</total>
				<timestamp>1502.486040</timestamp>
			</report>
			<report>
				<misses>238000001</misses>
				<total>0</total>
				<timestamp>1503.119462</timestamp>
			</report>
			<report>
				<misses>238100001</misses>
				<total>0</total>
				<timestamp>1503.754039</timestamp>
			</report>
			<report>
				<misses>238200001</misses>
				<total>0</total>
				<timestamp>1504.386561</timestamp>
			</report>
			<report>
				<misses>238300001</misses>
				<total>0</total>
				<timestamp>1505.013748</timestamp>
			</report>
			<report>
				<misses>238400001</misses>
				<total>0</total>
				<timestamp>1505.645324</timestamp>
			</report>
			<report>
				<misses>238500001</misses>
				<total>0</total>
				<timestamp>1506.274185</timestamp>
			</report>
			<report>
				<misses>238600001</misses>
				<total>0</total>
				<timestamp>1506.910547</timestamp>
			</report>
			<report>
				<misses>238700001</misses>
				<total>0</total>
				<timestamp>1507.543499</timestamp>
			</report>
			<report>
				<misses>238800001</misses>
				<total>0</total>
				<timestamp>1508.176537</timestamp>
			</report>
			<report>
				<misses>238900001</misses>
				<total>0</total>
				<timestamp>1508.810494</timestamp>
			</report>
			<report>
				<misses>239000001</misses>
				<total>0</total>
				<timestamp>1509.438358</timestamp>
			</report>
			<report>
				<misses>239100001</misses>
				<total>0</total>
				<timestamp>1510.064912</timestamp>
			</report>
			<report>
				<misses>239200001</misses>
				<total>0</total>
				<timestamp>1510.693820</timestamp>
			</report>
			<report>
				<misses>239300001</misses>
				<total>0</total>
				<timestamp>1511.321718</timestamp>
			</report>
			<report>
				<misses>239400001</misses>
				<total>0</total>
				<timestamp>1511.949597</timestamp>
			</report>
			<report>
				<misses>239500001</misses>
				<total>0</total>
				<timestamp>1512.579563</timestamp>
			</report>
			<report>
				<misses>239600001</misses>
				<total>0</total>
				<timestamp>1513.209605</timestamp>
			</report>
			<report>
				<misses>239700001</misses>
				<total>0</total>
				<timestamp>1513.839915</timestamp>
			</report>
			<report>
				<misses>239800001</misses>
				<total>0</total>
				<timestamp>1514.467386</timestamp>
			</report>
			<report>
				<misses>239900001</misses>
				<total>0</total>
				<timestamp>1515.093337</timestamp>
			</report>
			<report>
				<misses>240000001</misses>
				<total>0</total>
				<timestamp>1515.719927</timestamp>
			</report>
			<report>
				<misses>240100001</misses>
				<total>0</total>
				<timestamp>1516.346930</timestamp>
			</report>
			<report>
				<misses>240200001</misses>
				<total>0</total>
				<timestamp>1516.974606</timestamp>
			</report>
			<report>
				<misses>240300001</misses>
				<total>0</total>
				<timestamp>1517.601000</timestamp>
			</report>
			<report>
				<misses>240400001</misses>
				<total>0</total>
				<timestamp>1518.237041</timestamp>
			</report>
			<report>
				<misses>240500001</misses>
				<total>0</total>
				<timestamp>1518.877147</timestamp>
			</report>
			<report>
				<misses>240600001</misses>
				<total>0</total>
				<timestamp>1519.510863</timestamp>
			</report>
			<report>
				<misses>240700001</misses>
				<total>0</total>
				<timestamp>1520.140314</timestamp>
			</report>
			<report>
				<misses>240800001</misses>
				<total>0</total>
				<timestamp>1520.776882</timestamp>
			</report>
			<report>
				<misses>240900001</misses>
				<total>0</total>
				<timestamp>1521.406241</timestamp>
			</report>
			<report>
				<misses>241000001</misses>
				<total>0</total>
				<timestamp>1522.033216</timestamp>
			</report>
			<report>
				<misses>241100001</misses>
				<total>0</total>
				<timestamp>1522.662618</timestamp>
			</report>
			<report>
				<misses>241200001</misses>
				<total>0</total>
				<timestamp>1523.295738</timestamp>
			</report>
			<report>
				<misses>241300001</misses>
				<total>0</total>
				<timestamp>1523.924830</timestamp>
			</report>
			<report>
				<misses>241400001</misses>
				<total>0</total>
				<timestamp>1524.554998</timestamp>
			</report>
			<report>
				<misses>241500001</misses>
				<total>0</total>
				<timestamp>1525.184860</timestamp>
			</report>
			<report>
				<misses>241600001</misses>
				<total>0</total>
				<timestamp>1525.816142</timestamp>
			</report>
			<report>
				<misses>241700001</misses>
				<total>0</total>
				<timestamp>1526.442341</timestamp>
			</report>
			<report>
				<misses>241800001</misses>
				<total>0</total>
				<timestamp>1527.070381</timestamp>
			</report>
			<report>
				<misses>241900001</misses>
				<total>0</total>
				<timestamp>1527.707953</timestamp>
			</report>
			<report>
				<misses>242000001</misses>
				<total>0</total>
				<timestamp>1528.336699</timestamp>
			</report>
			<report>
				<misses>242100001</misses>
				<total>0</total>
				<timestamp>1528.967289</timestamp>
			</report>
			<report>
				<misses>242200001</misses>
				<total>0</total>
				<timestamp>1529.612975</timestamp>
			</report>
			<report>
				<misses>242300001</misses>
				<total>0</total>
				<timestamp>1530.250138</timestamp>
			</report>
			<report>
				<misses>242400001</misses>
				<total>0</total>
				<timestamp>1530.894596</timestamp>
			</report>
			<report>
				<misses>242500001</misses>
				<total>0</total>
				<timestamp>1531.531009</timestamp>
			</report>
			<report>
				<misses>242600001</misses>
				<total>0</total>
				<timestamp>1532.158958</timestamp>
			</report>
			<report>
				<misses>242700001</misses>
				<total>0</total>
				<timestamp>1532.797551</timestamp>
			</report>
			<report>
				<misses>242800001</misses>
				<total>0</total>
				<timestamp>1533.427309</timestamp>
			</report>
			<report>
				<misses>242900001</misses>
				<total>0</total>
				<timestamp>1534.057302</timestamp>
			</report>
			<report>
				<misses>243000001</misses>
				<total>0</total>
				<timestamp>1534.688727</timestamp>
			</report>
			<report>
				<misses>243100001</misses>
				<total>0</total>
				<timestamp>1535.322334</timestamp>
			</report>
			<report>
				<misses>243200001</misses>
				<total>0</total>
				<timestamp>1535.951461</timestamp>
			</report>
			<report>
				<misses>243300001</misses>
				<total>0</total>
				<timestamp>1536.582144</timestamp>
			</report>
			<report>
				<misses>243400001</misses>
				<total>0</total>
				<timestamp>1537.221098</timestamp>
			</report>
			<report>
				<misses>243500001</misses>
				<total>0</total>
				<timestamp>1537.852668</timestamp>
			</report>
			<report>
				<misses>243600001</misses>
				<total>0</total>
				<timestamp>1538.485554</timestamp>
			</report>
			<report>
				<misses>243700001</misses>
				<total>0</total>
				<timestamp>1539.123035</timestamp>
			</report>
			<report>
				<misses>243800001</misses>
				<total>0</total>
				<timestamp>1539.753963</timestamp>
			</report>
			<report>
				<misses>243900001</misses>
				<total>0</total>
				<timestamp>1540.383797</timestamp>
			</report>
			<report>
				<misses>244000001</misses>
				<total>0</total>
				<timestamp>1541.011231</timestamp>
			</report>
			<report>
				<misses>244100001</misses>
				<total>0</total>
				<timestamp>1541.639203</timestamp>
			</report>
			<report>
				<misses>244200001</misses>
				<total>0</total>
				<timestamp>1542.266519</timestamp>
			</report>
			<report>
				<misses>244300001</misses>
				<total>0</total>
				<timestamp>1542.897960</timestamp>
			</report>
			<report>
				<misses>244400001</misses>
				<total>0</total>
				<timestamp>1543.529859</timestamp>
			</report>
			<report>
				<misses>244500001</misses>
				<total>0</total>
				<timestamp>1544.160135</timestamp>
			</report>
			<report>
				<misses>244600001</misses>
				<total>0</total>
				<timestamp>1544.789089</timestamp>
			</report>
			<report>
				<misses>244700001</misses>
				<total>0</total>
				<timestamp>1545.421201</timestamp>
			</report>
			<report>
				<misses>244800001</misses>
				<total>0</total>
				<timestamp>1546.049764</timestamp>
			</report>
			<report>
				<misses>244900001</misses>
				<total>0</total>
				<timestamp>1546.675989</timestamp>
			</report>
			<report>
				<misses>245000001</misses>
				<total>0</total>
				<timestamp>1547.311960</timestamp>
			</report>
			<report>
				<misses>245100001</misses>
				<total>0</total>
				<timestamp>1547.938359</timestamp>
			</report>
			<report>
				<misses>245200001</misses>
				<total>0</total>
				<timestamp>1548.566234</timestamp>
			</report>
			<report>
				<misses>245300001</misses>
				<total>0</total>
				<timestamp>1549.206063</timestamp>
			</report>
			<report>
				<misses>245400001</misses>
				<total>0</total>
				<timestamp>1549.839511</timestamp>
			</report>
			<report>
				<misses>245500001</misses>
				<total>0</total>
				<timestamp>1550.468059</timestamp>
			</report>
			<report>
				<misses>245600001</misses>
				<total>0</total>
				<timestamp>1551.094517</timestamp>
			</report>
			<report>
				<misses>245700001</misses>
				<total>0</total>
				<timestamp>1551.725728</timestamp>
			</report>
			<report>
				<misses>245800001</misses>
				<total>0</total>
				<timestamp>1552.352537</timestamp>
			</report>
			<report>
				<misses>245900001</misses>
				<total>0</total>
				<timestamp>1552.981614</timestamp>
			</report>
			<report>
				<misses>246000001</misses>
				<total>0</total>
				<timestamp>1553.610260</timestamp>
			</report>
			<report>
				<misses>246100001</misses>
				<total>0</total>
				<timestamp>1554.233720</timestamp>
			</report>
			<report>
				<misses>246200001</misses>
				<total>0</total>
				<timestamp>1554.859667</timestamp>
			</report>
			<report>
				<misses>246300001</misses>
				<total>0</total>
				<timestamp>1555.484999</timestamp>
			</report>
			<report>
				<misses>246400001</misses>
				<total>0</total>
				<timestamp>1556.119343</timestamp>
			</report>
			<report>
				<misses>246500001</misses>
				<total>0</total>
				<timestamp>1556.752212</timestamp>
			</report>
			<report>
				<misses>246600001</misses>
				<total>0</total>
				<timestamp>1557.380282</timestamp>
			</report>
			<report>
				<misses>246700001</misses>
				<total>0</total>
				<timestamp>1558.007705</timestamp>
			</report>
			<report>
				<misses>246800001</misses>
				<total>0</total>
				<timestamp>1558.632353</timestamp>
			</report>
			<report>
				<misses>246900001</misses>
				<total>0</total>
				<timestamp>1559.257023</timestamp>
			</report>
			<report>
				<misses>247000001</misses>
				<total>0</total>
				<timestamp>1559.886396</timestamp>
			</report>
			<report>
				<misses>247100001</misses>
				<total>0</total>
				<timestamp>1560.513726</timestamp>
			</report>
			<report>
				<misses>247200001</misses>
				<total>0</total>
				<timestamp>1561.143204</timestamp>
			</report>
			<report>
				<misses>247300001</misses>
				<total>0</total>
				<timestamp>1561.776629</timestamp>
			</report>
			<report>
				<misses>247400001</misses>
				<total>0</total>
				<timestamp>1562.411457</timestamp>
			</report>
			<report>
				<misses>247500001</misses>
				<total>0</total>
				<timestamp>1563.041524</timestamp>
			</report>
			<report>
				<misses>247600001</misses>
				<total>0</total>
				<timestamp>1563.666333</timestamp>
			</report>
			<report>
				<misses>247700001</misses>
				<total>0</total>
				<timestamp>1564.293854</timestamp>
			</report>
			<report>
				<misses>247800001</misses>
				<total>0</total>
				<timestamp>1564.921701</timestamp>
			</report>
			<report>
				<misses>247900001</misses>
				<total>0</total>
				<timestamp>1565.561824</timestamp>
			</report>
			<report>
				<misses>248000001</misses>
				<total>0</total>
				<timestamp>1566.194163</timestamp>
			</report>
			<report>
				<misses>248100001</misses>
				<total>0</total>
				<timestamp>1566.818477</timestamp>
			</report>
			<report>
				<misses>248200001</misses>
				<total>0</total>
				<timestamp>1567.446885</timestamp>
			</report>
			<report>
				<misses>248300001</misses>
				<total>0</total>
				<timestamp>1568.073058</timestamp>
			</report>
			<report>
				<misses>248400001</misses>
				<total>0</total>
				<timestamp>1568.695078</timestamp>
			</report>
			<report>
				<misses>248500001</misses>
				<total>0</total>
				<timestamp>1569.322479</timestamp>
			</report>
			<report>
				<misses>248600001</misses>
				<total>0</total>
				<timestamp>1569.950281</timestamp>
			</report>
			<report>
				<misses>248700001</misses>
				<total>0</total>
				<timestamp>1570.581000</timestamp>
			</report>
			<report>
				<misses>248800001</misses>
				<total>0</total>
				<timestamp>1571.211303</timestamp>
			</report>
			<report>
				<misses>248900001</misses>
				<total>0</total>
				<timestamp>1571.848477</timestamp>
			</report>
			<report>
				<misses>249000001</misses>
				<total>0</total>
				<timestamp>1572.474662</timestamp>
			</report>
			<report>
				<misses>249100001</misses>
				<total>0</total>
				<timestamp>1573.108121</timestamp>
			</report>
			<report>
				<misses>249200001</misses>
				<total>0</total>
				<timestamp>1573.735388</timestamp>
			</report>
			<report>
				<misses>249300001</misses>
				<total>0</total>
				<timestamp>1574.367767</timestamp>
			</report>
			<report>
				<misses>249400001</misses>
				<total>0</total>
				<timestamp>1575.005649</timestamp>
			</report>
			<report>
				<misses>249500001</misses>
				<total>0</total>
				<timestamp>1575.630657</timestamp>
			</report>
			<report>
				<misses>249600001</misses>
				<total>0</total>
				<timestamp>1576.261385</timestamp>
			</report>
			<report>
				<misses>249700001</misses>
				<total>0</total>
				<timestamp>1576.892222</timestamp>
			</report>
			<report>
				<misses>249800001</misses>
				<total>0</total>
				<timestamp>1577.518731</timestamp>
			</report>
			<report>
				<misses>249900001</misses>
				<total>0</total>
				<timestamp>1578.152930</timestamp>
			</report>
			<report>
				<misses>250000001</misses>
				<total>0</total>
				<timestamp>1578.781555</timestamp>
			</report>
			<report>
				<misses>250100001</misses>
				<total>0</total>
				<timestamp>1579.412166</timestamp>
			</report>
			<report>
				<misses>250200001</misses>
				<total>0</total>
				<timestamp>1580.045160</timestamp>
			</report>
			<report>
				<misses>250300001</misses>
				<total>0</total>
				<timestamp>1580.674937</timestamp>
			</report>
			<report>
				<misses>250400001</misses>
				<total>0</total>
				<timestamp>1581.306944</timestamp>
			</report>
			<report>
				<misses>250500001</misses>
				<total>0</total>
				<timestamp>1581.940050</timestamp>
			</report>
			<report>
				<misses>250600001</misses>
				<total>0</total>
				<timestamp>1582.574710</timestamp>
			</report>
			<report>
				<misses>250700001</misses>
				<total>0</total>
				<timestamp>1583.207409</timestamp>
			</report>
			<report>
				<misses>250800001</misses>
				<total>0</total>
				<timestamp>1583.847449</timestamp>
			</report>
			<report>
				<misses>250900001</misses>
				<total>0</total>
				<timestamp>1584.471705</timestamp>
			</report>
			<report>
				<misses>251000001</misses>
				<total>0</total>
				<timestamp>1585.102687</timestamp>
			</report>
			<report>
				<misses>251100001</misses>
				<total>0</total>
				<timestamp>1585.742917</timestamp>
			</report>
			<report>
				<misses>251200001</misses>
				<total>0</total>
				<timestamp>1586.375005</timestamp>
			</report>
			<report>
				<misses>251300001</misses>
				<total>0</total>
				<timestamp>1586.999779</timestamp>
			</report>
			<report>
				<misses>251400001</misses>
				<total>0</total>
				<timestamp>1587.626780</timestamp>
			</report>
			<report>
				<misses>251500001</misses>
				<total>0</total>
				<timestamp>1588.254097</timestamp>
			</report>
			<report>
				<misses>251600001</misses>
				<total>0</total>
				<timestamp>1588.883299</timestamp>
			</report>
			<report>
				<misses>251700001</misses>
				<total>0</total>
				<timestamp>1589.510520</timestamp>
			</report>
			<report>
				<misses>251800001</misses>
				<total>0</total>
				<timestamp>1590.148892</timestamp>
			</report>
			<report>
				<misses>251900001</misses>
				<total>0</total>
				<timestamp>1590.780348</timestamp>
			</report>
			<report>
				<misses>252000001</misses>
				<total>0</total>
				<timestamp>1591.407904</timestamp>
			</report>
			<report>
				<misses>252100001</misses>
				<total>0</total>
				<timestamp>1592.035266</timestamp>
			</report>
			<report>
				<misses>252200001</misses>
				<total>0</total>
				<timestamp>1592.671869</timestamp>
			</report>
			<report>
				<misses>252300001</misses>
				<total>0</total>
				<timestamp>1593.306376</timestamp>
			</report>
			<report>
				<misses>252400001</misses>
				<total>0</total>
				<timestamp>1593.932362</timestamp>
			</report>
			<report>
				<misses>252500001</misses>
				<total>0</total>
				<timestamp>1594.556495</timestamp>
			</report>
			<report>
				<misses>252600001</misses>
				<total>0</total>
				<timestamp>1595.184016</timestamp>
			</report>
			<report>
				<misses>252700001</misses>
				<total>0</total>
				<timestamp>1595.812461</timestamp>
			</report>
			<report>
				<misses>252800001</misses>
				<total>0</total>
				<timestamp>1596.447357</timestamp>
			</report>
			<report>
				<misses>252900001</misses>
				<total>0</total>
				<timestamp>1597.078891</timestamp>
			</report>
			<report>
				<misses>253000001</misses>
				<total>0</total>
				<timestamp>1597.710253</timestamp>
			</report>
			<report>
				<misses>253100001</misses>
				<total>0</total>
				<timestamp>1598.342386</timestamp>
			</report>
			<report>
				<misses>253200001</misses>
				<total>0</total>
				<timestamp>1598.968990</timestamp>
			</report>
			<report>
				<misses>253300001</misses>
				<total>0</total>
				<timestamp>1599.595760</timestamp>
			</report>
			<report>
				<misses>253400001</misses>
				<total>0</total>
				<timestamp>1600.223977</timestamp>
			</report>
			<report>
				<misses>253500001</misses>
				<total>0</total>
				<timestamp>1600.854087</timestamp>
			</report>
			<report>
				<misses>253600001</misses>
				<total>0</total>
				<timestamp>1601.479768</timestamp>
			</report>
			<report>
				<misses>253700001</misses>
				<total>0</total>
				<timestamp>1602.107545</timestamp>
			</report>
			<report>
				<misses>253800001</misses>
				<total>0</total>
				<timestamp>1602.743347</timestamp>
			</report>
			<report>
				<misses>253900001</misses>
				<total>0</total>
				<timestamp>1603.372580</timestamp>
			</report>
			<report>
				<misses>254000001</misses>
				<total>0</total>
				<timestamp>1603.999944</timestamp>
			</report>
			<report>
				<misses>254100001</misses>
				<total>0</total>
				<timestamp>1604.623452</timestamp>
			</report>
			<report>
				<misses>254200001</misses>
				<total>0</total>
				<timestamp>1605.258259</timestamp>
			</report>
			<report>
				<misses>254300001</misses>
				<total>0</total>
				<timestamp>1605.883829</timestamp>
			</report>
			<report>
				<misses>254400001</misses>
				<total>0</total>
				<timestamp>1606.517176</timestamp>
			</report>
			<report>
				<misses>254500001</misses>
				<total>0</total>
				<timestamp>1607.144232</timestamp>
			</report>
			<report>
				<misses>254600001</misses>
				<total>0</total>
				<timestamp>1607.771731</timestamp>
			</report>
			<report>
				<misses>254700001</misses>
				<total>0</total>
				<timestamp>1608.397211</timestamp>
			</report>
			<report>
				<misses>254800001</misses>
				<total>0</total>
				<timestamp>1609.025244</timestamp>
			</report>
			<report>
				<misses>254900001</misses>
				<total>0</total>
				<timestamp>1609.650100</timestamp>
			</report>
			<report>
				<misses>255000001</misses>
				<total>0</total>
				<timestamp>1610.275363</timestamp>
			</report>
			<report>
				<misses>255100001</misses>
				<total>0</total>
				<timestamp>1610.904541</timestamp>
			</report>
			<report>
				<misses>255200001</misses>
				<total>0</total>
				<timestamp>1611.532559</timestamp>
			</report>
			<report>
				<misses>255300001</misses>
				<total>0</total>
				<timestamp>1612.162146</timestamp>
			</report>
			<report>
				<misses>255400001</misses>
				<total>0</total>
				<timestamp>1612.789958</timestamp>
			</report>
			<report>
				<misses>255500001</misses>
				<total>0</total>
				<timestamp>1613.423770</timestamp>
			</report>
			<report>
				<misses>255600001</misses>
				<total>0</total>
				<timestamp>1614.058443</timestamp>
			</report>
			<report>
				<misses>255700001</misses>
				<total>0</total>
				<timestamp>1614.686082</timestamp>
			</report>
			<report>
				<misses>255800001</misses>
				<total>0</total>
				<timestamp>1615.314848</timestamp>
			</report>
			<report>
				<misses>255900001</misses>
				<total>0</total>
				<timestamp>1615.943897</timestamp>
			</report>
			<report>
				<misses>256000001</misses>
				<total>0</total>
				<timestamp>1616.572306</timestamp>
			</report>
			<report>
				<misses>256100001</misses>
				<total>0</total>
				<timestamp>1617.201971</timestamp>
			</report>
			<report>
				<misses>256200001</misses>
				<total>0</total>
				<timestamp>1617.829395</timestamp>
			</report>
			<report>
				<misses>256300001</misses>
				<total>0</total>
				<timestamp>1618.460842</timestamp>
			</report>
			<report>
				<misses>256400001</misses>
				<total>0</total>
				<timestamp>1619.088754</timestamp>
			</report>
			<report>
				<misses>256500001</misses>
				<total>0</total>
				<timestamp>1619.712917</timestamp>
			</report>
			<report>
				<misses>256600001</misses>
				<total>0</total>
				<timestamp>1620.343272</timestamp>
			</report>
			<report>
				<misses>256700001</misses>
				<total>0</total>
				<timestamp>1620.972674</timestamp>
			</report>
			<report>
				<misses>256800001</misses>
				<total>0</total>
				<timestamp>1621.598075</timestamp>
			</report>
			<report>
				<misses>256900001</misses>
				<total>0</total>
				<timestamp>1622.225086</timestamp>
			</report>
			<report>
				<misses>257000001</misses>
				<total>0</total>
				<timestamp>1622.854160</timestamp>
			</report>
			<report>
				<misses>257100001</misses>
				<total>0</total>
				<timestamp>1623.480035</timestamp>
			</report>
			<report>
				<misses>257200001</misses>
				<total>0</total>
				<timestamp>1624.110080</timestamp>
			</report>
			<report>
				<misses>257300001</misses>
				<total>0</total>
				<timestamp>1624.732644</timestamp>
			</report>
			<report>
				<misses>257400001</misses>
				<total>0</total>
				<timestamp>1625.364181</timestamp>
			</report>
			<report>
				<misses>257500001</misses>
				<total>0</total>
				<timestamp>1625.993884</timestamp>
			</report>
			<report>
				<misses>257600001</misses>
				<total>0</total>
				<timestamp>1626.623352</timestamp>
			</report>
			<report>
				<misses>257700001</misses>
				<total>0</total>
				<timestamp>1627.248717</timestamp>
			</report>
			<report>
				<misses>257800001</misses>
				<total>0</total>
				<timestamp>1627.881888</timestamp>
			</report>
			<report>
				<misses>257900001</misses>
				<total>0</total>
				<timestamp>1628.514219</timestamp>
			</report>
			<report>
				<misses>258000001</misses>
				<total>0</total>
				<timestamp>1629.141844</timestamp>
			</report>
			<report>
				<misses>258100001</misses>
				<total>0</total>
				<timestamp>1629.770110</timestamp>
			</report>
			<report>
				<misses>258200001</misses>
				<total>0</total>
				<timestamp>1630.399497</timestamp>
			</report>
			<report>
				<misses>258300001</misses>
				<total>0</total>
				<timestamp>1631.024933</timestamp>
			</report>
			<report>
				<misses>258400001</misses>
				<total>0</total>
				<timestamp>1631.658772</timestamp>
			</report>
			<report>
				<misses>258500001</misses>
				<total>0</total>
				<timestamp>1632.284906</timestamp>
			</report>
			<report>
				<misses>258600001</misses>
				<total>0</total>
				<timestamp>1632.910499</timestamp>
			</report>
			<report>
				<misses>258700001</misses>
				<total>0</total>
				<timestamp>1633.539099</timestamp>
			</report>
			<report>
				<misses>258800001</misses>
				<total>0</total>
				<timestamp>1634.168832</timestamp>
			</report>
			<report>
				<misses>258900001</misses>
				<total>0</total>
				<timestamp>1634.795483</timestamp>
			</report>
			<report>
				<misses>259000001</misses>
				<total>0</total>
				<timestamp>1635.429582</timestamp>
			</report>
			<report>
				<misses>259100001</misses>
				<total>0</total>
				<timestamp>1636.070245</timestamp>
			</report>
			<report>
				<misses>259200001</misses>
				<total>0</total>
				<timestamp>1636.694716</timestamp>
			</report>
			<report>
				<misses>259300001</misses>
				<total>0</total>
				<timestamp>1637.320042</timestamp>
			</report>
			<report>
				<misses>259400001</misses>
				<total>0</total>
				<timestamp>1637.945921</timestamp>
			</report>
			<report>
				<misses>259500001</misses>
				<total>0</total>
				<timestamp>1638.576415</timestamp>
			</report>
			<report>
				<misses>259600001</misses>
				<total>0</total>
				<timestamp>1639.206000</timestamp>
			</report>
			<report>
				<misses>259700001</misses>
				<total>0</total>
				<timestamp>1639.847671</timestamp>
			</report>
			<report>
				<misses>259800001</misses>
				<total>0</total>
				<timestamp>1640.476273</timestamp>
			</report>
			<report>
				<misses>259900001</misses>
				<total>0</total>
				<timestamp>1641.101345</timestamp>
			</report>
			<report>
				<misses>260000001</misses>
				<total>0</total>
				<timestamp>1641.726914</timestamp>
			</report>
			<report>
				<misses>260100001</misses>
				<total>0</total>
				<timestamp>1642.361114</timestamp>
			</report>
			<report>
				<misses>260200001</misses>
				<total>0</total>
				<timestamp>1642.997711</timestamp>
			</report>
			<report>
				<misses>260300001</misses>
				<total>0</total>
				<timestamp>1643.620203</timestamp>
			</report>
			<report>
				<misses>260400001</misses>
				<total>0</total>
				<timestamp>1644.249365</timestamp>
			</report>
			<report>
				<misses>260500001</misses>
				<total>0</total>
				<timestamp>1644.880728</timestamp>
			</report>
			<report>
				<misses>260600001</misses>
				<total>0</total>
				<timestamp>1645.514437</timestamp>
			</report>
			<report>
				<misses>260700001</misses>
				<total>0</total>
				<timestamp>1646.140763</timestamp>
			</report>
			<report>
				<misses>260800001</misses>
				<total>0</total>
				<timestamp>1646.764975</timestamp>
			</report>
			<report>
				<misses>260900001</misses>
				<total>0</total>
				<timestamp>1647.405436</timestamp>
			</report>
			<report>
				<misses>261000001</misses>
				<total>0</total>
				<timestamp>1648.045672</timestamp>
			</report>
			<report>
				<misses>261100001</misses>
				<total>0</total>
				<timestamp>1648.684293</timestamp>
			</report>
			<report>
				<misses>261200001</misses>
				<total>0</total>
				<timestamp>1649.322363</timestamp>
			</report>
			<report>
				<misses>261300001</misses>
				<total>0</total>
				<timestamp>1649.947946</timestamp>
			</report>
			<report>
				<misses>261400001</misses>
				<total>0</total>
				<timestamp>1650.574858</timestamp>
			</report>
			<report>
				<misses>261500001</misses>
				<total>0</total>
				<timestamp>1651.208253</timestamp>
			</report>
			<report>
				<misses>261600001</misses>
				<total>0</total>
				<timestamp>1651.836845</timestamp>
			</report>
			<report>
				<misses>261700001</misses>
				<total>0</total>
				<timestamp>1652.472226</timestamp>
			</report>
			<report>
				<misses>261800001</misses>
				<total>0</total>
				<timestamp>1653.110302</timestamp>
			</report>
			<report>
				<misses>261900001</misses>
				<total>0</total>
				<timestamp>1653.741111</timestamp>
			</report>
			<report>
				<misses>262000001</misses>
				<total>0</total>
				<timestamp>1654.374898</timestamp>
			</report>
			<report>
				<misses>262100001</misses>
				<total>0</total>
				<timestamp>1655.000935</timestamp>
			</report>
			<report>
				<misses>262200001</misses>
				<total>0</total>
				<timestamp>1655.627604</timestamp>
			</report>
			<report>
				<misses>262300001</misses>
				<total>0</total>
				<timestamp>1656.256043</timestamp>
			</report>
			<report>
				<misses>262400001</misses>
				<total>0</total>
				<timestamp>1656.880938</timestamp>
			</report>
			<report>
				<misses>262500001</misses>
				<total>0</total>
				<timestamp>1657.511240</timestamp>
			</report>
			<report>
				<misses>262600001</misses>
				<total>0</total>
				<timestamp>1658.150651</timestamp>
			</report>
			<report>
				<misses>262700001</misses>
				<total>0</total>
				<timestamp>1658.787937</timestamp>
			</report>
			<report>
				<misses>262800001</misses>
				<total>0</total>
				<timestamp>1659.420130</timestamp>
			</report>
			<report>
				<misses>262900001</misses>
				<total>0</total>
				<timestamp>1660.053887</timestamp>
			</report>
			<report>
				<misses>263000001</misses>
				<total>0</total>
				<timestamp>1660.676218</timestamp>
			</report>
			<report>
				<misses>263100001</misses>
				<total>0</total>
				<timestamp>1661.309064</timestamp>
			</report>
			<report>
				<misses>263200001</misses>
				<total>0</total>
				<timestamp>1661.943989</timestamp>
			</report>
			<report>
				<misses>263300001</misses>
				<total>0</total>
				<timestamp>1662.576932</timestamp>
			</report>
			<report>
				<misses>263400001</misses>
				<total>0</total>
				<timestamp>1663.201345</timestamp>
			</report>
			<report>
				<misses>263500001</misses>
				<total>0</total>
				<timestamp>1663.833013</timestamp>
			</report>
			<report>
				<misses>263600001</misses>
				<total>0</total>
				<timestamp>1664.466998</timestamp>
			</report>
			<report>
				<misses>263700001</misses>
				<total>0</total>
				<timestamp>1665.098262</timestamp>
			</report>
			<report>
				<misses>263800001</misses>
				<total>0</total>
				<timestamp>1665.725619</timestamp>
			</report>
			<report>
				<misses>263900001</misses>
				<total>0</total>
				<timestamp>1666.388924</timestamp>
			</report>
			<report>
				<misses>264000001</misses>
				<total>0</total>
				<timestamp>1667.018161</timestamp>
			</report>
			<report>
				<misses>264100001</misses>
				<total>0</total>
				<timestamp>1667.649130</timestamp>
			</report>
			<report>
				<misses>264200001</misses>
				<total>0</total>
				<timestamp>1668.284436</timestamp>
			</report>
			<report>
				<misses>264300001</misses>
				<total>0</total>
				<timestamp>1668.914166</timestamp>
			</report>
			<report>
				<misses>264400001</misses>
				<total>0</total>
				<timestamp>1669.540470</timestamp>
			</report>
			<report>
				<misses>264500001</misses>
				<total>0</total>
				<timestamp>1670.180001</timestamp>
			</report>
			<report>
				<misses>264600001</misses>
				<total>0</total>
				<timestamp>1670.811133</timestamp>
			</report>
			<report>
				<misses>264700001</misses>
				<total>0</total>
				<timestamp>1671.437875</timestamp>
			</report>
			<report>
				<misses>264800001</misses>
				<total>0</total>
				<timestamp>1672.064593</timestamp>
			</report>
			<report>
				<misses>264900001</misses>
				<total>0</total>
				<timestamp>1672.689993</timestamp>
			</report>
			<report>
				<misses>265000001</misses>
				<total>0</total>
				<timestamp>1673.316324</timestamp>
			</report>
			<report>
				<misses>265100001</misses>
				<total>0</total>
				<timestamp>1673.945993</timestamp>
			</report>
			<report>
				<misses>265200001</misses>
				<total>0</total>
				<timestamp>1674.571649</timestamp>
			</report>
			<report>
				<misses>265300001</misses>
				<total>0</total>
				<timestamp>1675.201294</timestamp>
			</report>
			<report>
				<misses>265400001</misses>
				<total>0</total>
				<timestamp>1675.828320</timestamp>
			</report>
			<report>
				<misses>265500001</misses>
				<total>0</total>
				<timestamp>1676.457425</timestamp>
			</report>
			<report>
				<misses>265600001</misses>
				<total>0</total>
				<timestamp>1677.084435</timestamp>
			</report>
			<report>
				<misses>265700001</misses>
				<total>0</total>
				<timestamp>1677.722363</timestamp>
			</report>
			<report>
				<misses>265800001</misses>
				<total>0</total>
				<timestamp>1678.354406</timestamp>
			</report>
			<report>
				<misses>265900001</misses>
				<total>0</total>
				<timestamp>1678.977224</timestamp>
			</report>
			<report>
				<misses>266000001</misses>
				<total>0</total>
				<timestamp>1679.601321</timestamp>
			</report>
			<report>
				<misses>266100001</misses>
				<total>0</total>
				<timestamp>1680.230427</timestamp>
			</report>
			<report>
				<misses>266200001</misses>
				<total>0</total>
				<timestamp>1680.858992</timestamp>
			</report>
			<report>
				<misses>266300001</misses>
				<total>0</total>
				<timestamp>1681.494704</timestamp>
			</report>
			<report>
				<misses>266400001</misses>
				<total>0</total>
				<timestamp>1682.125557</timestamp>
			</report>
			<report>
				<misses>266500001</misses>
				<total>0</total>
				<timestamp>1682.752849</timestamp>
			</report>
			<report>
				<misses>266600001</misses>
				<total>0</total>
				<timestamp>1683.373130</timestamp>
			</report>
			<report>
				<misses>266700001</misses>
				<total>0</total>
				<timestamp>1684.001131</timestamp>
			</report>
			<report>
				<misses>266800001</misses>
				<total>0</total>
				<timestamp>1684.632884</timestamp>
			</report>
			<report>
				<misses>266900001</misses>
				<total>0</total>
				<timestamp>1685.265839</timestamp>
			</report>
			<report>
				<misses>267000001</misses>
				<total>0</total>
				<timestamp>1685.899452</timestamp>
			</report>
			<report>
				<misses>267100001</misses>
				<total>0</total>
				<timestamp>1686.523038</timestamp>
			</report>
			<report>
				<misses>267200001</misses>
				<total>0</total>
				<timestamp>1687.147194</timestamp>
			</report>
			<report>
				<misses>267300001</misses>
				<total>0</total>
				<timestamp>1687.776972</timestamp>
			</report>
			<report>
				<misses>267400001</misses>
				<total>0</total>
				<timestamp>1688.402150</timestamp>
			</report>
			<report>
				<misses>267500001</misses>
				<total>0</total>
				<timestamp>1689.030275</timestamp>
			</report>
			<report>
				<misses>267600001</misses>
				<total>0</total>
				<timestamp>1689.653588</timestamp>
			</report>
			<report>
				<misses>267700001</misses>
				<total>0</total>
				<timestamp>1690.279509</timestamp>
			</report>
			<report>
				<misses>267800001</misses>
				<total>0</total>
				<timestamp>1690.901528</timestamp>
			</report>
			<report>
				<misses>267900001</misses>
				<total>0</total>
				<timestamp>1691.521702</timestamp>
			</report>
			<report>
				<misses>268000001</misses>
				<total>0</total>
				<timestamp>1692.148800</timestamp>
			</report>
			<report>
				<misses>268100001</misses>
				<total>0</total>
				<timestamp>1692.787184</timestamp>
			</report>
			<report>
				<misses>268200001</misses>
				<total>0</total>
				<timestamp>1693.418148</timestamp>
			</report>
			<report>
				<misses>268300001</misses>
				<total>0</total>
				<timestamp>1694.044205</timestamp>
			</report>
			<report>
				<misses>268400001</misses>
				<total>0</total>
				<timestamp>1694.674798</timestamp>
			</report>
			<report>
				<misses>268500001</misses>
				<total>0</total>
				<timestamp>1695.306136</timestamp>
			</report>
			<report>
				<misses>268600001</misses>
				<total>0</total>
				<timestamp>1695.943756</timestamp>
			</report>
			<report>
				<misses>268700001</misses>
				<total>0</total>
				<timestamp>1696.574060</timestamp>
			</report>
			<report>
				<misses>268800001</misses>
				<total>0</total>
				<timestamp>1697.209305</timestamp>
			</report>
			<report>
				<misses>268900001</misses>
				<total>0</total>
				<timestamp>1697.835899</timestamp>
			</report>
			<report>
				<misses>269000001</misses>
				<total>0</total>
				<timestamp>1698.462975</timestamp>
			</report>
			<report>
				<misses>269100001</misses>
				<total>0</total>
				<timestamp>1699.093205</timestamp>
			</report>
			<report>
				<misses>269200001</misses>
				<total>0</total>
				<timestamp>1699.722707</timestamp>
			</report>
			<report>
				<misses>269300001</misses>
				<total>0</total>
				<timestamp>1700.376633</timestamp>
			</report>
			<report>
				<misses>269400001</misses>
				<total>0</total>
				<timestamp>1701.003577</timestamp>
			</report>
			<report>
				<misses>269500001</misses>
				<total>0</total>
				<timestamp>1701.629438</timestamp>
			</report>
			<report>
				<misses>269600001</misses>
				<total>0</total>
				<timestamp>1702.261267</timestamp>
			</report>
			<report>
				<misses>269700001</misses>
				<total>0</total>
				<timestamp>1702.887098</timestamp>
			</report>
			<report>
				<misses>269800001</misses>
				<total>0</total>
				<timestamp>1703.520770</timestamp>
			</report>
			<report>
				<misses>269900001</misses>
				<total>0</total>
				<timestamp>1704.154106</timestamp>
			</report>
			<report>
				<misses>270000001</misses>
				<total>0</total>
				<timestamp>1704.775660</timestamp>
			</report>
			<report>
				<misses>270100001</misses>
				<total>0</total>
				<timestamp>1705.411127</timestamp>
			</report>
			<report>
				<misses>270200001</misses>
				<total>0</total>
				<timestamp>1706.036811</timestamp>
			</report>
			<report>
				<misses>270300001</misses>
				<total>0</total>
				<timestamp>1706.666750</timestamp>
			</report>
			<report>
				<misses>270400001</misses>
				<total>0</total>
				<timestamp>1707.291145</timestamp>
			</report>
			<report>
				<misses>270500001</misses>
				<total>0</total>
				<timestamp>1707.916972</timestamp>
			</report>
			<report>
				<misses>270600001</misses>
				<total>0</total>
				<timestamp>1708.549517</timestamp>
			</report>
			<report>
				<misses>270700001</misses>
				<total>0</total>
				<timestamp>1709.175824</timestamp>
			</report>
			<report>
				<misses>270800001</misses>
				<total>0</total>
				<timestamp>1709.801844</timestamp>
			</report>
			<report>
				<misses>270900001</misses>
				<total>0</total>
				<timestamp>1710.432208</timestamp>
			</report>
			<report>
				<misses>271000001</misses>
				<total>0</total>
				<timestamp>1711.060256</timestamp>
			</report>
			<report>
				<misses>271100001</misses>
				<total>0</total>
				<timestamp>1711.685365</timestamp>
			</report>
			<report>
				<misses>271200001</misses>
				<total>0</total>
				<timestamp>1712.322877</timestamp>
			</report>
			<report>
				<misses>271300001</misses>
				<total>0</total>
				<timestamp>1712.950250</timestamp>
			</report>
			<report>
				<misses>271400001</misses>
				<total>0</total>
				<timestamp>1713.578279</timestamp>
			</report>
			<report>
				<misses>271500001</misses>
				<total>0</total>
				<timestamp>1714.217866</timestamp>
			</report>
			<report>
				<misses>271600001</misses>
				<total>0</total>
				<timestamp>1714.845328</timestamp>
			</report>
			<report>
				<misses>271700001</misses>
				<total>0</total>
				<timestamp>1715.482913</timestamp>
			</report>
			<report>
				<misses>271800001</misses>
				<total>0</total>
				<timestamp>1716.113458</timestamp>
			</report>
			<report>
				<misses>271900001</misses>
				<total>0</total>
				<timestamp>1716.743537</timestamp>
			</report>
			<report>
				<misses>272000001</misses>
				<total>0</total>
				<timestamp>1717.381573</timestamp>
			</report>
			<report>
				<misses>272100001</misses>
				<total>0</total>
				<timestamp>1718.009991</timestamp>
			</report>
			<report>
				<misses>272200001</misses>
				<total>0</total>
				<timestamp>1718.633410</timestamp>
			</report>
			<report>
				<misses>272300001</misses>
				<total>0</total>
				<timestamp>1719.262979</timestamp>
			</report>
			<report>
				<misses>272400001</misses>
				<total>0</total>
				<timestamp>1719.888017</timestamp>
			</report>
			<report>
				<misses>272500001</misses>
				<total>0</total>
				<timestamp>1720.512995</timestamp>
			</report>
			<report>
				<misses>272600001</misses>
				<total>0</total>
				<timestamp>1721.145406</timestamp>
			</report>
			<report>
				<misses>272700001</misses>
				<total>0</total>
				<timestamp>1721.772177</timestamp>
			</report>
			<report>
				<misses>272800001</misses>
				<total>0</total>
				<timestamp>1722.400782</timestamp>
			</report>
			<report>
				<misses>272900001</misses>
				<total>0</total>
				<timestamp>1723.028332</timestamp>
			</report>
			<report>
				<misses>273000001</misses>
				<total>0</total>
				<timestamp>1723.662306</timestamp>
			</report>
			<report>
				<misses>273100001</misses>
				<total>0</total>
				<timestamp>1724.294474</timestamp>
			</report>
			<report>
				<misses>273200001</misses>
				<total>0</total>
				<timestamp>1724.921028</timestamp>
			</report>
			<report>
				<misses>273300001</misses>
				<total>0</total>
				<timestamp>1725.546644</timestamp>
			</report>
			<report>
				<misses>273400001</misses>
				<total>0</total>
				<timestamp>1726.181468</timestamp>
			</report>
			<report>
				<misses>273500001</misses>
				<total>0</total>
				<timestamp>1726.811553</timestamp>
			</report>
			<report>
				<misses>273600001</misses>
				<total>0</total>
				<timestamp>1727.439992</timestamp>
			</report>
			<report>
				<misses>273700001</misses>
				<total>0</total>
				<timestamp>1728.067771</timestamp>
			</report>
			<report>
				<misses>273800001</misses>
				<total>0</total>
				<timestamp>1728.698681</timestamp>
			</report>
			<report>
				<misses>273900001</misses>
				<total>0</total>
				<timestamp>1729.332072</timestamp>
			</report>
			<report>
				<misses>274000001</misses>
				<total>0</total>
				<timestamp>1729.959212</timestamp>
			</report>
			<report>
				<misses>274100001</misses>
				<total>0</total>
				<timestamp>1730.588348</timestamp>
			</report>
			<report>
				<misses>274200001</misses>
				<total>0</total>
				<timestamp>1731.221370</timestamp>
			</report>
			<report>
				<misses>274300001</misses>
				<total>0</total>
				<timestamp>1731.849121</timestamp>
			</report>
			<report>
				<misses>274400001</misses>
				<total>0</total>
				<timestamp>1732.480181</timestamp>
			</report>
			<report>
				<misses>274500001</misses>
				<total>0</total>
				<timestamp>1733.120990</timestamp>
			</report>
			<report>
				<misses>274600001</misses>
				<total>0</total>
				<timestamp>1733.744265</timestamp>
			</report>
			<report>
				<misses>274700001</misses>
				<total>0</total>
				<timestamp>1734.369906</timestamp>
			</report>
			<report>
				<misses>274800001</misses>
				<total>0</total>
				<timestamp>1734.995598</timestamp>
			</report>
			<report>
				<misses>274900001</misses>
				<total>0</total>
				<timestamp>1735.624073</timestamp>
			</report>
			<report>
				<misses>275000001</misses>
				<total>0</total>
				<timestamp>1736.249556</timestamp>
			</report>
			<report>
				<misses>275100001</misses>
				<total>0</total>
				<timestamp>1736.882514</timestamp>
			</report>
			<report>
				<misses>275200001</misses>
				<total>0</total>
				<timestamp>1737.519965</timestamp>
			</report>
			<report>
				<misses>275300001</misses>
				<total>0</total>
				<timestamp>1738.155723</timestamp>
			</report>
			<report>
				<misses>275400001</misses>
				<total>0</total>
				<timestamp>1738.783385</timestamp>
			</report>
			<report>
				<misses>275500001</misses>
				<total>0</total>
				<timestamp>1739.429363</timestamp>
			</report>
			<report>
				<misses>275600001</misses>
				<total>0</total>
				<timestamp>1740.059003</timestamp>
			</report>
			<report>
				<misses>275700001</misses>
				<total>0</total>
				<timestamp>1740.694130</timestamp>
			</report>
			<report>
				<misses>275800001</misses>
				<total>0</total>
				<timestamp>1741.324211</timestamp>
			</report>
			<report>
				<misses>275900001</misses>
				<total>0</total>
				<timestamp>1741.964279</timestamp>
			</report>
			<report>
				<misses>276000001</misses>
				<total>0</total>
				<timestamp>1742.594805</timestamp>
			</report>
			<report>
				<misses>276100001</misses>
				<total>0</total>
				<timestamp>1743.218287</timestamp>
			</report>
			<report>
				<misses>276200001</misses>
				<total>0</total>
				<timestamp>1743.852758</timestamp>
			</report>
			<report>
				<misses>276300001</misses>
				<total>0</total>
				<timestamp>1744.486116</timestamp>
			</report>
			<report>
				<misses>276400001</misses>
				<total>0</total>
				<timestamp>1745.114973</timestamp>
			</report>
			<report>
				<misses>276500001</misses>
				<total>0</total>
				<timestamp>1745.745328</timestamp>
			</report>
			<report>
				<misses>276600001</misses>
				<total>0</total>
				<timestamp>1746.372793</timestamp>
			</report>
			<report>
				<misses>276700001</misses>
				<total>0</total>
				<timestamp>1747.007968</timestamp>
			</report>
			<report>
				<misses>276800001</misses>
				<total>0</total>
				<timestamp>1747.640778</timestamp>
			</report>
			<report>
				<misses>276900001</misses>
				<total>0</total>
				<timestamp>1748.266179</timestamp>
			</report>
			<report>
				<misses>277000001</misses>
				<total>0</total>
				<timestamp>1748.897325</timestamp>
			</report>
			<report>
				<misses>277100001</misses>
				<total>0</total>
				<timestamp>1749.523996</timestamp>
			</report>
			<report>
				<misses>277200001</misses>
				<total>0</total>
				<timestamp>1750.151526</timestamp>
			</report>
			<report>
				<misses>277300001</misses>
				<total>0</total>
				<timestamp>1750.785311</timestamp>
			</report>
			<report>
				<misses>277400001</misses>
				<total>0</total>
				<timestamp>1751.415741</timestamp>
			</report>
			<report>
				<misses>277500001</misses>
				<total>0</total>
				<timestamp>1752.042436</timestamp>
			</report>
			<report>
				<misses>277600001</misses>
				<total>0</total>
				<timestamp>1752.679721</timestamp>
			</report>
			<report>
				<misses>277700001</misses>
				<total>0</total>
				<timestamp>1753.315615</timestamp>
			</report>
			<report>
				<misses>277800001</misses>
				<total>0</total>
				<timestamp>1753.941492</timestamp>
			</report>
			<report>
				<misses>277900001</misses>
				<total>0</total>
				<timestamp>1754.562725</timestamp>
			</report>
			<report>
				<misses>278000001</misses>
				<total>0</total>
				<timestamp>1755.189744</timestamp>
			</report>
			<report>
				<misses>278100001</misses>
				<total>0</total>
				<timestamp>1755.822252</timestamp>
			</report>
			<report>
				<misses>278200001</misses>
				<total>0</total>
				<timestamp>1756.450387</timestamp>
			</report>
			<report>
				<misses>278300001</misses>
				<total>0</total>
				<timestamp>1757.080343</timestamp>
			</report>
			<report>
				<misses>278400001</misses>
				<total>0</total>
				<timestamp>1757.713824</timestamp>
			</report>
			<report>
				<misses>278500001</misses>
				<total>0</total>
				<timestamp>1758.341931</timestamp>
			</report>
			<report>
				<misses>278600001</misses>
				<total>0</total>
				<timestamp>1758.965468</timestamp>
			</report>
			<report>
				<misses>278700001</misses>
				<total>0</total>
				<timestamp>1759.593527</timestamp>
			</report>
			<report>
				<misses>278800001</misses>
				<total>0</total>
				<timestamp>1760.224013</timestamp>
			</report>
			<report>
				<misses>278900001</misses>
				<total>0</total>
				<timestamp>1760.850856</timestamp>
			</report>
			<report>
				<misses>279000001</misses>
				<total>0</total>
				<timestamp>1761.476022</timestamp>
			</report>
			<report>
				<misses>279100001</misses>
				<total>0</total>
				<timestamp>1762.105693</timestamp>
			</report>
			<report>
				<misses>279200001</misses>
				<total>0</total>
				<timestamp>1762.736501</timestamp>
			</report>
			<report>
				<misses>279300001</misses>
				<total>0</total>
				<timestamp>1763.369399</timestamp>
			</report>
			<report>
				<misses>279400001</misses>
				<total>0</total>
				<timestamp>1763.995551</timestamp>
			</report>
			<report>
				<misses>279500001</misses>
				<total>0</total>
				<timestamp>1764.622036</timestamp>
			</report>
			<report>
				<misses>279600001</misses>
				<total>0</total>
				<timestamp>1765.251741</timestamp>
			</report>
			<report>
				<misses>279700001</misses>
				<total>0</total>
				<timestamp>1765.879227</timestamp>
			</report>
			<report>
				<misses>279800001</misses>
				<total>0</total>
				<timestamp>1766.516002</timestamp>
			</report>
			<report>
				<misses>279900001</misses>
				<total>0</total>
				<timestamp>1767.159197</timestamp>
			</report>
			<report>
				<misses>280000001</misses>
				<total>0</total>
				<timestamp>1767.786744</timestamp>
			</report>
			<report>
				<misses>280100001</misses>
				<total>0</total>
				<timestamp>1768.424032</timestamp>
			</report>
			<report>
				<misses>280200001</misses>
				<total>0</total>
				<timestamp>1769.046918</timestamp>
			</report>
			<report>
				<misses>280300001</misses>
				<total>0</total>
				<timestamp>1769.670597</timestamp>
			</report>
			<report>
				<misses>280400001</misses>
				<total>0</total>
				<timestamp>1770.304989</timestamp>
			</report>
			<report>
				<misses>280500001</misses>
				<total>0</total>
				<timestamp>1770.929505</timestamp>
			</report>
			<report>
				<misses>280600001</misses>
				<total>0</total>
				<timestamp>1771.562166</timestamp>
			</report>
			<report>
				<misses>280700001</misses>
				<total>0</total>
				<timestamp>1772.187903</timestamp>
			</report>
			<report>
				<misses>280800001</misses>
				<total>0</total>
				<timestamp>1772.816114</timestamp>
			</report>
			<report>
				<misses>280900001</misses>
				<total>0</total>
				<timestamp>1773.449455</timestamp>
			</report>
			<report>
				<misses>281000001</misses>
				<total>0</total>
				<timestamp>1774.075330</timestamp>
			</report>
			<report>
				<misses>281100001</misses>
				<total>0</total>
				<timestamp>1774.697973</timestamp>
			</report>
			<report>
				<misses>281200001</misses>
				<total>0</total>
				<timestamp>1775.324926</timestamp>
			</report>
			<report>
				<misses>281300001</misses>
				<total>0</total>
				<timestamp>1775.952884</timestamp>
			</report>
			<report>
				<misses>281400001</misses>
				<total>0</total>
				<timestamp>1776.580780</timestamp>
			</report>
			<report>
				<misses>281500001</misses>
				<total>0</total>
				<timestamp>1777.211935</timestamp>
			</report>
			<report>
				<misses>281600001</misses>
				<total>0</total>
				<timestamp>1777.839835</timestamp>
			</report>
			<report>
				<misses>281700001</misses>
				<total>0</total>
				<timestamp>1778.461421</timestamp>
			</report>
			<report>
				<misses>281800001</misses>
				<total>0</total>
				<timestamp>1779.089835</timestamp>
			</report>
			<report>
				<misses>281900001</misses>
				<total>0</total>
				<timestamp>1779.723147</timestamp>
			</report>
			<report>
				<misses>282000001</misses>
				<total>0</total>
				<timestamp>1780.353509</timestamp>
			</report>
			<report>
				<misses>282100001</misses>
				<total>0</total>
				<timestamp>1780.981501</timestamp>
			</report>
			<report>
				<misses>282200001</misses>
				<total>0</total>
				<timestamp>1781.614932</timestamp>
			</report>
			<report>
				<misses>282300001</misses>
				<total>0</total>
				<timestamp>1782.239223</timestamp>
			</report>
			<report>
				<misses>282400001</misses>
				<total>0</total>
				<timestamp>1782.879532</timestamp>
			</report>
			<report>
				<misses>282500001</misses>
				<total>0</total>
				<timestamp>1783.515838</timestamp>
			</report>
			<report>
				<misses>282600001</misses>
				<total>0</total>
				<timestamp>1784.141938</timestamp>
			</report>
			<report>
				<misses>282700001</misses>
				<total>0</total>
				<timestamp>1784.765753</timestamp>
			</report>
			<report>
				<misses>282800001</misses>
				<total>0</total>
				<timestamp>1785.395240</timestamp>
			</report>
			<report>
				<misses>282900001</misses>
				<total>0</total>
				<timestamp>1786.025365</timestamp>
			</report>
			<report>
				<misses>283000001</misses>
				<total>0</total>
				<timestamp>1786.653987</timestamp>
			</report>
			<report>
				<misses>283100001</misses>
				<total>0</total>
				<timestamp>1787.283068</timestamp>
			</report>
			<report>
				<misses>283200001</misses>
				<total>0</total>
				<timestamp>1787.905638</timestamp>
			</report>
			<report>
				<misses>283300001</misses>
				<total>0</total>
				<timestamp>1788.543908</timestamp>
			</report>
			<report>
				<misses>283400001</misses>
				<total>0</total>
				<timestamp>1789.175627</timestamp>
			</report>
			<report>
				<misses>283500001</misses>
				<total>0</total>
				<timestamp>1789.800387</timestamp>
			</report>
			<report>
				<misses>283600001</misses>
				<total>0</total>
				<timestamp>1790.427055</timestamp>
			</report>
			<report>
				<misses>283700001</misses>
				<total>0</total>
				<timestamp>1791.063824</timestamp>
			</report>
			<report>
				<misses>283800001</misses>
				<total>0</total>
				<timestamp>1791.708693</timestamp>
			</report>
			<report>
				<misses>283900001</misses>
				<total>0</total>
				<timestamp>1792.344102</timestamp>
			</report>
			<report>
				<misses>284000001</misses>
				<total>0</total>
				<timestamp>1792.972429</timestamp>
			</report>
			<report>
				<misses>284100001</misses>
				<total>0</total>
				<timestamp>1793.605274</timestamp>
			</report>
			<report>
				<misses>284200001</misses>
				<total>0</total>
				<timestamp>1794.231883</timestamp>
			</report>
			<report>
				<misses>284300001</misses>
				<total>0</total>
				<timestamp>1794.858763</timestamp>
			</report>
			<report>
				<misses>284400001</misses>
				<total>0</total>
				<timestamp>1795.495136</timestamp>
			</report>
			<report>
				<misses>284500001</misses>
				<total>0</total>
				<timestamp>1796.124367</timestamp>
			</report>
			<report>
				<misses>284600001</misses>
				<total>0</total>
				<timestamp>1796.749467</timestamp>
			</report>
			<report>
				<misses>284700001</misses>
				<total>0</total>
				<timestamp>1797.376030</timestamp>
			</report>
			<report>
				<misses>284800001</misses>
				<total>0</total>
				<timestamp>1798.004107</timestamp>
			</report>
			<report>
				<misses>284900001</misses>
				<total>0</total>
				<timestamp>1798.632795</timestamp>
			</report>
			<report>
				<misses>285000001</misses>
				<total>0</total>
				<timestamp>1799.261922</timestamp>
			</report>
			<report>
				<misses>285100001</misses>
				<total>0</total>
				<timestamp>1799.889897</timestamp>
			</report>
			<report>
				<misses>285200001</misses>
				<total>0</total>
				<timestamp>1800.520771</timestamp>
			</report>
			<report>
				<misses>285300001</misses>
				<total>0</total>
				<timestamp>1801.144977</timestamp>
			</report>
			<report>
				<misses>285400001</misses>
				<total>0</total>
				<timestamp>1801.778547</timestamp>
			</report>
			<report>
				<misses>285500001</misses>
				<total>0</total>
				<timestamp>1802.404995</timestamp>
			</report>
			<report>
				<misses>285600001</misses>
				<total>0</total>
				<timestamp>1803.035258</timestamp>
			</report>
			<report>
				<misses>285700001</misses>
				<total>0</total>
				<timestamp>1803.667798</timestamp>
			</report>
			<report>
				<misses>285800001</misses>
				<total>0</total>
				<timestamp>1804.299810</timestamp>
			</report>
			<report>
				<misses>285900001</misses>
				<total>0</total>
				<timestamp>1804.924713</timestamp>
			</report>
			<report>
				<misses>286000001</misses>
				<total>0</total>
				<timestamp>1805.553146</timestamp>
			</report>
			<report>
				<misses>286100001</misses>
				<total>0</total>
				<timestamp>1806.184343</timestamp>
			</report>
			<report>
				<misses>286200001</misses>
				<total>0</total>
				<timestamp>1806.812793</timestamp>
			</report>
			<report>
				<misses>286300001</misses>
				<total>0</total>
				<timestamp>1807.451212</timestamp>
			</report>
			<report>
				<misses>286400001</misses>
				<total>0</total>
				<timestamp>1808.083790</timestamp>
			</report>
			<report>
				<misses>286500001</misses>
				<total>0</total>
				<timestamp>1808.709755</timestamp>
			</report>
			<report>
				<misses>286600001</misses>
				<total>0</total>
				<timestamp>1809.339788</timestamp>
			</report>
			<report>
				<misses>286700001</misses>
				<total>0</total>
				<timestamp>1809.967016</timestamp>
			</report>
			<report>
				<misses>286800001</misses>
				<total>0</total>
				<timestamp>1810.597250</timestamp>
			</report>
			<report>
				<misses>286900001</misses>
				<total>0</total>
				<timestamp>1811.231770</timestamp>
			</report>
			<report>
				<misses>287000001</misses>
				<total>0</total>
				<timestamp>1811.853643</timestamp>
			</report>
			<report>
				<misses>287100001</misses>
				<total>0</total>
				<timestamp>1812.477772</timestamp>
			</report>
			<report>
				<misses>287200001</misses>
				<total>0</total>
				<timestamp>1813.110616</timestamp>
			</report>
			<report>
				<misses>287300001</misses>
				<total>0</total>
				<timestamp>1813.739629</timestamp>
			</report>
			<report>
				<misses>287400001</misses>
				<total>0</total>
				<timestamp>1814.369975</timestamp>
			</report>
			<report>
				<misses>287500001</misses>
				<total>0</total>
				<timestamp>1814.996193</timestamp>
			</report>
			<report>
				<misses>287600001</misses>
				<total>0</total>
				<timestamp>1815.638888</timestamp>
			</report>
			<report>
				<misses>287700001</misses>
				<total>0</total>
				<timestamp>1816.272943</timestamp>
			</report>
			<report>
				<misses>287800001</misses>
				<total>0</total>
				<timestamp>1816.895154</timestamp>
			</report>
			<report>
				<misses>287900001</misses>
				<total>0</total>
				<timestamp>1817.523472</timestamp>
			</report>
			<report>
				<misses>288000001</misses>
				<total>0</total>
				<timestamp>1818.151101</timestamp>
			</report>
			<report>
				<misses>288100001</misses>
				<total>0</total>
				<timestamp>1818.783600</timestamp>
			</report>
			<report>
				<misses>288200001</misses>
				<total>0</total>
				<timestamp>1819.415421</timestamp>
			</report>
			<report>
				<misses>288300001</misses>
				<total>0</total>
				<timestamp>1820.048877</timestamp>
			</report>
			<report>
				<misses>288400001</misses>
				<total>0</total>
				<timestamp>1820.684941</timestamp>
			</report>
			<report>
				<misses>288500001</misses>
				<total>0</total>
				<timestamp>1821.317109</timestamp>
			</report>
			<report>
				<misses>288600001</misses>
				<total>0</total>
				<timestamp>1821.947236</timestamp>
			</report>
			<report>
				<misses>288700001</misses>
				<total>0</total>
				<timestamp>1822.576538</timestamp>
			</report>
			<report>
				<misses>288800001</misses>
				<total>0</total>
				<timestamp>1823.217851</timestamp>
			</report>
			<report>
				<misses>288900001</misses>
				<total>0</total>
				<timestamp>1823.852325</timestamp>
			</report>
			<report>
				<misses>289000001</misses>
				<total>0</total>
				<timestamp>1824.486196</timestamp>
			</report>
			<report>
				<misses>289100001</misses>
				<total>0</total>
				<timestamp>1825.112580</timestamp>
			</report>
			<report>
				<misses>289200001</misses>
				<total>0</total>
				<timestamp>1825.741422</timestamp>
			</report>
			<report>
				<misses>289300001</misses>
				<total>0</total>
				<timestamp>1826.364809</timestamp>
			</report>
			<report>
				<misses>289400001</misses>
				<total>0</total>
				<timestamp>1826.993174</timestamp>
			</report>
			<report>
				<misses>289500001</misses>
				<total>0</total>
				<timestamp>1827.628114</timestamp>
			</report>
			<report>
				<misses>289600001</misses>
				<total>0</total>
				<timestamp>1828.270449</timestamp>
			</report>
			<report>
				<misses>289700001</misses>
				<total>0</total>
				<timestamp>1828.899463</timestamp>
			</report>
			<report>
				<misses>289800001</misses>
				<total>0</total>
				<timestamp>1829.524624</timestamp>
			</report>
			<report>
				<misses>289900001</misses>
				<total>0</total>
				<timestamp>1830.152314</timestamp>
			</report>
			<report>
				<misses>290000001</misses>
				<total>0</total>
				<timestamp>1830.778852</timestamp>
			</report>
			<report>
				<misses>290100001</misses>
				<total>0</total>
				<timestamp>1831.423103</timestamp>
			</report>
			<report>
				<misses>290200001</misses>
				<total>0</total>
				<timestamp>1832.049683</timestamp>
			</report>
			<report>
				<misses>290300001</misses>
				<total>0</total>
				<timestamp>1832.673352</timestamp>
			</report>
			<report>
				<misses>290400001</misses>
				<total>0</total>
				<timestamp>1833.303800</timestamp>
			</report>
			<report>
				<misses>290500001</misses>
				<total>0</total>
				<timestamp>1833.929170</timestamp>
			</report>
			<report>
				<misses>290600001</misses>
				<total>0</total>
				<timestamp>1834.558199</timestamp>
			</report>
			<report>
				<misses>290700001</misses>
				<total>0</total>
				<timestamp>1835.186081</timestamp>
			</report>
			<report>
				<misses>290800001</misses>
				<total>0</total>
				<timestamp>1835.821995</timestamp>
			</report>
			<report>
				<misses>290900001</misses>
				<total>0</total>
				<timestamp>1836.448065</timestamp>
			</report>
			<report>
				<misses>291000001</misses>
				<total>0</total>
				<timestamp>1837.076499</timestamp>
			</report>
			<report>
				<misses>291100001</misses>
				<total>0</total>
				<timestamp>1837.705331</timestamp>
			</report>
			<report>
				<misses>291200001</misses>
				<total>0</total>
				<timestamp>1838.328384</timestamp>
			</report>
			<report>
				<misses>291300001</misses>
				<total>0</total>
				<timestamp>1838.952948</timestamp>
			</report>
			<report>
				<misses>291400001</misses>
				<total>0</total>
				<timestamp>1839.580314</timestamp>
			</report>
			<report>
				<misses>291500001</misses>
				<total>0</total>
				<timestamp>1840.222494</timestamp>
			</report>
			<report>
				<misses>291600001</misses>
				<total>0</total>
				<timestamp>1840.858111</timestamp>
			</report>
			<report>
				<misses>291700001</misses>
				<total>0</total>
				<timestamp>1841.490283</timestamp>
			</report>
			<report>
				<misses>291800001</misses>
				<total>0</total>
				<timestamp>1842.121723</timestamp>
			</report>
			<report>
				<misses>291900001</misses>
				<total>0</total>
				<timestamp>1842.755619</timestamp>
			</report>
			<report>
				<misses>292000001</misses>
				<total>0</total>
				<timestamp>1843.380865</timestamp>
			</report>
			<report>
				<misses>292100001</misses>
				<total>0</total>
				<timestamp>1844.012011</timestamp>
			</report>
			<report>
				<misses>292200001</misses>
				<total>0</total>
				<timestamp>1844.636027</timestamp>
			</report>
			<report>
				<misses>292300001</misses>
				<total>0</total>
				<timestamp>1845.268712</timestamp>
			</report>
			<report>
				<misses>292400001</misses>
				<total>0</total>
				<timestamp>1845.902658</timestamp>
			</report>
			<report>
				<misses>292500001</misses>
				<total>0</total>
				<timestamp>1846.531746</timestamp>
			</report>
			<report>
				<misses>292600001</misses>
				<total>0</total>
				<timestamp>1847.168362</timestamp>
			</report>
			<report>
				<misses>292700001</misses>
				<total>0</total>
				<timestamp>1847.808340</timestamp>
			</report>
			<report>
				<misses>292800001</misses>
				<total>0</total>
				<timestamp>1848.440996</timestamp>
			</report>
			<report>
				<misses>292900001</misses>
				<total>0</total>
				<timestamp>1849.078181</timestamp>
			</report>
			<report>
				<misses>293000001</misses>
				<total>0</total>
				<timestamp>1849.706800</timestamp>
			</report>
			<report>
				<misses>293100001</misses>
				<total>0</total>
				<timestamp>1850.331314</timestamp>
			</report>
			<report>
				<misses>293200001</misses>
				<total>0</total>
				<timestamp>1850.954216</timestamp>
			</report>
			<report>
				<misses>293300001</misses>
				<total>0</total>
				<timestamp>1851.578701</timestamp>
			</report>
			<report>
				<misses>293400001</misses>
				<total>0</total>
				<timestamp>1852.225918</timestamp>
			</report>
			<report>
				<misses>293500001</misses>
				<total>0</total>
				<timestamp>1852.853911</timestamp>
			</report>
			<report>
				<misses>293600001</misses>
				<total>0</total>
				<timestamp>1853.478496</timestamp>
			</report>
			<report>
				<misses>293700001</misses>
				<total>0</total>
				<timestamp>1854.104883</timestamp>
			</report>
			<report>
				<misses>293800001</misses>
				<total>0</total>
				<timestamp>1854.737641</timestamp>
			</report>
			<report>
				<misses>293900001</misses>
				<total>0</total>
				<timestamp>1855.364830</timestamp>
			</report>
			<report>
				<misses>294000001</misses>
				<total>0</total>
				<timestamp>1855.999867</timestamp>
			</report>
			<report>
				<misses>294100001</misses>
				<total>0</total>
				<timestamp>1856.625664</timestamp>
			</report>
			<report>
				<misses>294200001</misses>
				<total>0</total>
				<timestamp>1857.251435</timestamp>
			</report>
			<report>
				<misses>294300001</misses>
				<total>0</total>
				<timestamp>1857.874851</timestamp>
			</report>
			<report>
				<misses>294400001</misses>
				<total>0</total>
				<timestamp>1858.526613</timestamp>
			</report>
			<report>
				<misses>294500001</misses>
				<total>0</total>
				<timestamp>1859.154724</timestamp>
			</report>
			<report>
				<misses>294600001</misses>
				<total>0</total>
				<timestamp>1859.782168</timestamp>
			</report>
			<report>
				<misses>294700001</misses>
				<total>0</total>
				<timestamp>1860.421189</timestamp>
			</report>
			<report>
				<misses>294800001</misses>
				<total>0</total>
				<timestamp>1861.055842</timestamp>
			</report>
			<report>
				<misses>294900001</misses>
				<total>0</total>
				<timestamp>1861.677969</timestamp>
			</report>
			<report>
				<misses>295000001</misses>
				<total>0</total>
				<timestamp>1862.305259</timestamp>
			</report>
			<report>
				<misses>295100001</misses>
				<total>0</total>
				<timestamp>1862.947248</timestamp>
			</report>
			<report>
				<misses>295200001</misses>
				<total>0</total>
				<timestamp>1863.577336</timestamp>
			</report>
			<report>
				<misses>295300001</misses>
				<total>0</total>
				<timestamp>1864.201973</timestamp>
			</report>
			<report>
				<misses>295400001</misses>
				<total>0</total>
				<timestamp>1864.827814</timestamp>
			</report>
			<report>
				<misses>295500001</misses>
				<total>0</total>
				<timestamp>1865.458381</timestamp>
			</report>
			<report>
				<misses>295600001</misses>
				<total>0</total>
				<timestamp>1866.096607</timestamp>
			</report>
			<report>
				<misses>295700001</misses>
				<total>0</total>
				<timestamp>1866.763149</timestamp>
			</report>
			<report>
				<misses>295800001</misses>
				<total>0</total>
				<timestamp>1867.406800</timestamp>
			</report>
			<report>
				<misses>295900001</misses>
				<total>0</total>
				<timestamp>1868.047516</timestamp>
			</report>
			<report>
				<misses>296000001</misses>
				<total>0</total>
				<timestamp>1868.673449</timestamp>
			</report>
			<report>
				<misses>296100001</misses>
				<total>0</total>
				<timestamp>1869.300419</timestamp>
			</report>
			<report>
				<misses>296200001</misses>
				<total>0</total>
				<timestamp>1869.927907</timestamp>
			</report>
			<report>
				<misses>296300001</misses>
				<total>0</total>
				<timestamp>1870.559663</timestamp>
			</report>
			<report>
				<misses>296400001</misses>
				<total>0</total>
				<timestamp>1871.198432</timestamp>
			</report>
			<report>
				<misses>296500001</misses>
				<total>0</total>
				<timestamp>1871.829465</timestamp>
			</report>
			<report>
				<misses>296600001</misses>
				<total>0</total>
				<timestamp>1872.463318</timestamp>
			</report>
			<report>
				<misses>296700001</misses>
				<total>0</total>
				<timestamp>1873.090083</timestamp>
			</report>
			<report>
				<misses>296800001</misses>
				<total>0</total>
				<timestamp>1873.716822</timestamp>
			</report>
			<report>
				<misses>296900001</misses>
				<total>0</total>
				<timestamp>1874.341822</timestamp>
			</report>
			<report>
				<misses>297000001</misses>
				<total>0</total>
				<timestamp>1874.968364</timestamp>
			</report>
			<report>
				<misses>297100001</misses>
				<total>0</total>
				<timestamp>1875.599951</timestamp>
			</report>
			<report>
				<misses>297200001</misses>
				<total>0</total>
				<timestamp>1876.223355</timestamp>
			</report>
			<report>
				<misses>297300001</misses>
				<total>0</total>
				<timestamp>1876.858666</timestamp>
			</report>
			<report>
				<misses>297400001</misses>
				<total>0</total>
				<timestamp>1877.492738</timestamp>
			</report>
			<report>
				<misses>297500001</misses>
				<total>0</total>
				<timestamp>1878.120014</timestamp>
			</report>
			<report>
				<misses>297600001</misses>
				<total>0</total>
				<timestamp>1878.755826</timestamp>
			</report>
			<report>
				<misses>297700001</misses>
				<total>0</total>
				<timestamp>1879.402467</timestamp>
			</report>
			<report>
				<misses>297800001</misses>
				<total>0</total>
				<timestamp>1880.024554</timestamp>
			</report>
			<report>
				<misses>297900001</misses>
				<total>0</total>
				<timestamp>1880.660374</timestamp>
			</report>
			<report>
				<misses>298000001</misses>
				<total>0</total>
				<timestamp>1881.292893</timestamp>
			</report>
			<report>
				<misses>298100001</misses>
				<total>0</total>
				<timestamp>1881.933648</timestamp>
			</report>
			<report>
				<misses>298200001</misses>
				<total>0</total>
				<timestamp>1882.567222</timestamp>
			</report>
			<report>
				<misses>298300001</misses>
				<total>0</total>
				<timestamp>1883.206004</timestamp>
			</report>
			<report>
				<misses>298400001</misses>
				<total>0</total>
				<timestamp>1883.842124</timestamp>
			</report>
			<report>
				<misses>298500001</misses>
				<total>0</total>
				<timestamp>1884.474844</timestamp>
			</report>
			<report>
				<misses>298600001</misses>
				<total>0</total>
				<timestamp>1885.108714</timestamp>
			</report>
			<report>
				<misses>298700001</misses>
				<total>0</total>
				<timestamp>1885.739886</timestamp>
			</report>
			<report>
				<misses>298800001</misses>
				<total>0</total>
				<timestamp>1886.374400</timestamp>
			</report>
			<report>
				<misses>298900001</misses>
				<total>0</total>
				<timestamp>1887.002402</timestamp>
			</report>
			<report>
				<misses>299000001</misses>
				<total>0</total>
				<timestamp>1887.639258</timestamp>
			</report>
			<report>
				<misses>299100001</misses>
				<total>0</total>
				<timestamp>1888.266487</timestamp>
			</report>
			<report>
				<misses>299200001</misses>
				<total>0</total>
				<timestamp>1888.898415</timestamp>
			</report>
			<report>
				<misses>299300001</misses>
				<total>0</total>
				<timestamp>1889.527265</timestamp>
			</report>
			<report>
				<misses>299400001</misses>
				<total>0</total>
				<timestamp>1890.154032</timestamp>
			</report>
			<report>
				<misses>299500001</misses>
				<total>0</total>
				<timestamp>1890.781822</timestamp>
			</report>
			<report>
				<misses>299600001</misses>
				<total>0</total>
				<timestamp>1891.408149</timestamp>
			</report>
			<report>
				<misses>299700001</misses>
				<total>0</total>
				<timestamp>1892.041328</timestamp>
			</report>
			<report>
				<misses>299800001</misses>
				<total>0</total>
				<timestamp>1892.671801</timestamp>
			</report>
			<report>
				<misses>299900001</misses>
				<total>0</total>
				<timestamp>1893.299276</timestamp>
			</report>
			<report>
				<misses>300000001</misses>
				<total>0</total>
				<timestamp>1893.925775</timestamp>
			</report>
			<report>
				<misses>300100001</misses>
				<total>0</total>
				<timestamp>1894.551735</timestamp>
			</report>
			<report>
				<misses>300200001</misses>
				<total>0</total>
				<timestamp>1895.187281</timestamp>
			</report>
			<report>
				<misses>300300001</misses>
				<total>0</total>
				<timestamp>1895.816668</timestamp>
			</report>
			<report>
				<misses>300400001</misses>
				<total>0</total>
				<timestamp>1896.457547</timestamp>
			</report>
			<report>
				<misses>300500001</misses>
				<total>0</total>
				<timestamp>1897.084288</timestamp>
			</report>
			<report>
				<misses>300600001</misses>
				<total>0</total>
				<timestamp>1897.714553</timestamp>
			</report>
			<report>
				<misses>300700001</misses>
				<total>0</total>
				<timestamp>1898.343494</timestamp>
			</report>
			<report>
				<misses>300800001</misses>
				<total>0</total>
				<timestamp>1898.987712</timestamp>
			</report>
			<report>
				<misses>300900001</misses>
				<total>0</total>
				<timestamp>1899.628395</timestamp>
			</report>
			<report>
				<misses>301000001</misses>
				<total>0</total>
				<timestamp>1900.274229</timestamp>
			</report>
			<report>
				<misses>301100001</misses>
				<total>0</total>
				<timestamp>1900.912296</timestamp>
			</report>
			<report>
				<misses>301200001</misses>
				<total>0</total>
				<timestamp>1901.547742</timestamp>
			</report>
			<report>
				<misses>301300001</misses>
				<total>0</total>
				<timestamp>1902.179210</timestamp>
			</report>
			<report>
				<misses>301400001</misses>
				<total>0</total>
				<timestamp>1902.809585</timestamp>
			</report>
			<report>
				<misses>301500001</misses>
				<total>0</total>
				<timestamp>1903.441572</timestamp>
			</report>
			<report>
				<misses>301600001</misses>
				<total>0</total>
				<timestamp>1904.071237</timestamp>
			</report>
			<report>
				<misses>301700001</misses>
				<total>0</total>
				<timestamp>1904.699449</timestamp>
			</report>
			<report>
				<misses>301800001</misses>
				<total>0</total>
				<timestamp>1905.337395</timestamp>
			</report>
			<report>
				<misses>301900001</misses>
				<total>0</total>
				<timestamp>1905.966353</timestamp>
			</report>
			<report>
				<misses>302000001</misses>
				<total>0</total>
				<timestamp>1906.592770</timestamp>
			</report>
			<report>
				<misses>302100001</misses>
				<total>0</total>
				<timestamp>1907.221517</timestamp>
			</report>
			<report>
				<misses>302200001</misses>
				<total>0</total>
				<timestamp>1907.849174</timestamp>
			</report>
			<report>
				<misses>302300001</misses>
				<total>0</total>
				<timestamp>1908.498215</timestamp>
			</report>
			<report>
				<misses>302400001</misses>
				<total>0</total>
				<timestamp>1909.124559</timestamp>
			</report>
			<report>
				<misses>302500001</misses>
				<total>0</total>
				<timestamp>1909.765256</timestamp>
			</report>
			<report>
				<misses>302600001</misses>
				<total>0</total>
				<timestamp>1910.397098</timestamp>
			</report>
			<report>
				<misses>302700001</misses>
				<total>0</total>
				<timestamp>1911.021293</timestamp>
			</report>
			<report>
				<misses>302800001</misses>
				<total>0</total>
				<timestamp>1911.653143</timestamp>
			</report>
			<report>
				<misses>302900001</misses>
				<total>0</total>
				<timestamp>1912.289665</timestamp>
			</report>
			<report>
				<misses>303000001</misses>
				<total>0</total>
				<timestamp>1912.930900</timestamp>
			</report>
			<report>
				<misses>303100001</misses>
				<total>0</total>
				<timestamp>1913.555058</timestamp>
			</report>
			<report>
				<misses>303200001</misses>
				<total>0</total>
				<timestamp>1914.189203</timestamp>
			</report>
			<report>
				<misses>303300001</misses>
				<total>0</total>
				<timestamp>1914.825200</timestamp>
			</report>
			<report>
				<misses>303400001</misses>
				<total>0</total>
				<timestamp>1915.454283</timestamp>
			</report>
			<report>
				<misses>303500001</misses>
				<total>0</total>
				<timestamp>1916.088241</timestamp>
			</report>
			<report>
				<misses>303600001</misses>
				<total>0</total>
				<timestamp>1916.725829</timestamp>
			</report>
			<report>
				<misses>303700001</misses>
				<total>0</total>
				<timestamp>1917.353381</timestamp>
			</report>
			<report>
				<misses>303800001</misses>
				<total>0</total>
				<timestamp>1917.979980</timestamp>
			</report>
			<report>
				<misses>303900001</misses>
				<total>0</total>
				<timestamp>1918.619039</timestamp>
			</report>
			<report>
				<misses>304000001</misses>
				<total>0</total>
				<timestamp>1919.245465</timestamp>
			</report>
			<report>
				<misses>304100001</misses>
				<total>0</total>
				<timestamp>1919.874203</timestamp>
			</report>
			<report>
				<misses>304200001</misses>
				<total>0</total>
				<timestamp>1920.499242</timestamp>
			</report>
			<report>
				<misses>304300001</misses>
				<total>0</total>
				<timestamp>1921.125370</timestamp>
			</report>
			<report>
				<misses>304400001</misses>
				<total>0</total>
				<timestamp>1921.757161</timestamp>
			</report>
			<report>
				<misses>304500001</misses>
				<total>0</total>
				<timestamp>1922.392218</timestamp>
			</report>
			<report>
				<misses>304600001</misses>
				<total>0</total>
				<timestamp>1923.020571</timestamp>
			</report>
			<report>
				<misses>304700001</misses>
				<total>0</total>
				<timestamp>1923.645461</timestamp>
			</report>
			<report>
				<misses>304800001</misses>
				<total>0</total>
				<timestamp>1924.281383</timestamp>
			</report>
			<report>
				<misses>304900001</misses>
				<total>0</total>
				<timestamp>1924.923425</timestamp>
			</report>
			<report>
				<misses>305000001</misses>
				<total>0</total>
				<timestamp>1925.550232</timestamp>
			</report>
			<report>
				<misses>305100001</misses>
				<total>0</total>
				<timestamp>1926.180472</timestamp>
			</report>
			<report>
				<misses>305200001</misses>
				<total>0</total>
				<timestamp>1926.824268</timestamp>
			</report>
			<report>
				<misses>305300001</misses>
				<total>0</total>
				<timestamp>1927.456641</timestamp>
			</report>
			<report>
				<misses>305400001</misses>
				<total>0</total>
				<timestamp>1928.094878</timestamp>
			</report>
			<report>
				<misses>305500001</misses>
				<total>0</total>
				<timestamp>1928.724215</timestamp>
			</report>
			<report>
				<misses>305600001</misses>
				<total>0</total>
				<timestamp>1929.349101</timestamp>
			</report>
			<report>
				<misses>305700001</misses>
				<total>0</total>
				<timestamp>1929.978612</timestamp>
			</report>
			<report>
				<misses>305800001</misses>
				<total>0</total>
				<timestamp>1930.609491</timestamp>
			</report>
			<report>
				<misses>305900001</misses>
				<total>0</total>
				<timestamp>1931.237576</timestamp>
			</report>
			<report>
				<misses>306000001</misses>
				<total>0</total>
				<timestamp>1931.865388</timestamp>
			</report>
			<report>
				<misses>306100001</misses>
				<total>0</total>
				<timestamp>1932.498207</timestamp>
			</report>
			<report>
				<misses>306200001</misses>
				<total>0</total>
				<timestamp>1933.124699</timestamp>
			</report>
			<report>
				<misses>306300001</misses>
				<total>0</total>
				<timestamp>1933.749586</timestamp>
			</report>
			<report>
				<misses>306400001</misses>
				<total>0</total>
				<timestamp>1934.381454</timestamp>
			</report>
			<report>
				<misses>306500001</misses>
				<total>0</total>
				<timestamp>1935.021217</timestamp>
			</report>
			<report>
				<misses>306600001</misses>
				<total>0</total>
				<timestamp>1935.654084</timestamp>
			</report>
			<report>
				<misses>306700001</misses>
				<total>0</total>
				<timestamp>1936.286698</timestamp>
			</report>
			<report>
				<misses>306800001</misses>
				<total>0</total>
				<timestamp>1936.925844</timestamp>
			</report>
			<report>
				<misses>306900001</misses>
				<total>0</total>
				<timestamp>1937.557568</timestamp>
			</report>
			<report>
				<misses>307000001</misses>
				<total>0</total>
				<timestamp>1938.197040</timestamp>
			</report>
			<report>
				<misses>307100001</misses>
				<total>0</total>
				<timestamp>1938.823703</timestamp>
			</report>
			<report>
				<misses>307200001</misses>
				<total>0</total>
				<timestamp>1939.452403</timestamp>
			</report>
			<report>
				<misses>307300001</misses>
				<total>0</total>
				<timestamp>1940.081578</timestamp>
			</report>
			<report>
				<misses>307400001</misses>
				<total>0</total>
				<timestamp>1940.708871</timestamp>
			</report>
			<report>
				<misses>307500001</misses>
				<total>0</total>
				<timestamp>1941.337230</timestamp>
			</report>
			<report>
				<misses>307600001</misses>
				<total>0</total>
				<timestamp>1941.968824</timestamp>
			</report>
			<report>
				<misses>307700001</misses>
				<total>0</total>
				<timestamp>1942.599678</timestamp>
			</report>
			<report>
				<misses>307800001</misses>
				<total>0</total>
				<timestamp>1943.228986</timestamp>
			</report>
			<report>
				<misses>307900001</misses>
				<total>0</total>
				<timestamp>1943.860712</timestamp>
			</report>
			<report>
				<misses>308000001</misses>
				<total>0</total>
				<timestamp>1944.496474</timestamp>
			</report>
			<report>
				<misses>308100001</misses>
				<total>0</total>
				<timestamp>1945.117845</timestamp>
			</report>
			<report>
				<misses>308200001</misses>
				<total>0</total>
				<timestamp>1945.754407</timestamp>
			</report>
			<report>
				<misses>308300001</misses>
				<total>0</total>
				<timestamp>1946.392827</timestamp>
			</report>
			<report>
				<misses>308400001</misses>
				<total>0</total>
				<timestamp>1947.018566</timestamp>
			</report>
			<report>
				<misses>308500001</misses>
				<total>0</total>
				<timestamp>1947.647852</timestamp>
			</report>
			<report>
				<misses>308600001</misses>
				<total>0</total>
				<timestamp>1948.275807</timestamp>
			</report>
			<report>
				<misses>308700001</misses>
				<total>0</total>
				<timestamp>1948.907276</timestamp>
			</report>
			<report>
				<misses>308800001</misses>
				<total>0</total>
				<timestamp>1949.535074</timestamp>
			</report>
			<report>
				<misses>308900001</misses>
				<total>0</total>
				<timestamp>1950.167945</timestamp>
			</report>
			<report>
				<misses>309000001</misses>
				<total>0</total>
				<timestamp>1950.794192</timestamp>
			</report>
			<report>
				<misses>309100001</misses>
				<total>0</total>
				<timestamp>1951.426146</timestamp>
			</report>
			<report>
				<misses>309200001</misses>
				<total>0</total>
				<timestamp>1952.050830</timestamp>
			</report>
			<report>
				<misses>309300001</misses>
				<total>0</total>
				<timestamp>1952.675569</timestamp>
			</report>
			<report>
				<misses>309400001</misses>
				<total>0</total>
				<timestamp>1953.298494</timestamp>
			</report>
			<report>
				<misses>309500001</misses>
				<total>0</total>
				<timestamp>1953.931851</timestamp>
			</report>
			<report>
				<misses>309600001</misses>
				<total>0</total>
				<timestamp>1954.560652</timestamp>
			</report>
			<report>
				<misses>309700001</misses>
				<total>0</total>
				<timestamp>1955.187739</timestamp>
			</report>
			<report>
				<misses>309800001</misses>
				<total>0</total>
				<timestamp>1955.824502</timestamp>
			</report>
			<report>
				<misses>309900001</misses>
				<total>0</total>
				<timestamp>1956.457113</timestamp>
			</report>
			<report>
				<misses>310000001</misses>
				<total>0</total>
				<timestamp>1957.086165</timestamp>
			</report>
			<report>
				<misses>310100001</misses>
				<total>0</total>
				<timestamp>1957.728824</timestamp>
			</report>
			<report>
				<misses>310200001</misses>
				<total>0</total>
				<timestamp>1958.364517</timestamp>
			</report>
			<report>
				<misses>310300001</misses>
				<total>0</total>
				<timestamp>1958.993100</timestamp>
			</report>
			<report>
				<misses>310400001</misses>
				<total>0</total>
				<timestamp>1959.621825</timestamp>
			</report>
			<report>
				<misses>310500001</misses>
				<total>0</total>
				<timestamp>1960.256669</timestamp>
			</report>
			<report>
				<misses>310600001</misses>
				<total>0</total>
				<timestamp>1960.887266</timestamp>
			</report>
			<report>
				<misses>310700001</misses>
				<total>0</total>
				<timestamp>1961.520632</timestamp>
			</report>
			<report>
				<misses>310800001</misses>
				<total>0</total>
				<timestamp>1962.159767</timestamp>
			</report>
			<report>
				<misses>310900001</misses>
				<total>0</total>
				<timestamp>1962.798306</timestamp>
			</report>
			<report>
				<misses>311000001</misses>
				<total>0</total>
				<timestamp>1963.426868</timestamp>
			</report>
			<report>
				<misses>311100001</misses>
				<total>0</total>
				<timestamp>1964.064954</timestamp>
			</report>
			<report>
				<misses>311200001</misses>
				<total>0</total>
				<timestamp>1964.699005</timestamp>
			</report>
			<report>
				<misses>311300001</misses>
				<total>0</total>
				<timestamp>1965.325675</timestamp>
			</report>
			<report>
				<misses>311400001</misses>
				<total>0</total>
				<timestamp>1965.953019</timestamp>
			</report>
			<report>
				<misses>311500001</misses>
				<total>0</total>
				<timestamp>1966.575923</timestamp>
			</report>
			<report>
				<misses>311600001</misses>
				<total>0</total>
				<timestamp>1967.205069</timestamp>
			</report>
			<report>
				<misses>311700001</misses>
				<total>0</total>
				<timestamp>1967.834570</timestamp>
			</report>
			<report>
				<misses>311800001</misses>
				<total>0</total>
				<timestamp>1968.462723</timestamp>
			</report>
			<report>
				<misses>311900001</misses>
				<total>0</total>
				<timestamp>1969.095039</timestamp>
			</report>
			<report>
				<misses>312000001</misses>
				<total>0</total>
				<timestamp>1969.729478</timestamp>
			</report>
			<report>
				<misses>312100001</misses>
				<total>0</total>
				<timestamp>1970.359469</timestamp>
			</report>
			<report>
				<misses>312200001</misses>
				<total>0</total>
				<timestamp>1970.984897</timestamp>
			</report>
			<report>
				<misses>312300001</misses>
				<total>0</total>
				<timestamp>1971.616224</timestamp>
			</report>
			<report>
				<misses>312400001</misses>
				<total>0</total>
				<timestamp>1972.252529</timestamp>
			</report>
			<report>
				<misses>312500001</misses>
				<total>0</total>
				<timestamp>1972.884765</timestamp>
			</report>
			<report>
				<misses>312600001</misses>
				<total>0</total>
				<timestamp>1973.520512</timestamp>
			</report>
			<report>
				<misses>312700001</misses>
				<total>0</total>
				<timestamp>1974.163909</timestamp>
			</report>
			<report>
				<misses>312800001</misses>
				<total>0</total>
				<timestamp>1974.788639</timestamp>
			</report>
			<report>
				<misses>312900001</misses>
				<total>0</total>
				<timestamp>1975.416614</timestamp>
			</report>
			<report>
				<misses>313000001</misses>
				<total>0</total>
				<timestamp>1976.048890</timestamp>
			</report>
			<report>
				<misses>313100001</misses>
				<total>0</total>
				<timestamp>1976.676434</timestamp>
			</report>
			<report>
				<misses>313200001</misses>
				<total>0</total>
				<timestamp>1977.304320</timestamp>
			</report>
			<report>
				<misses>313300001</misses>
				<total>0</total>
				<timestamp>1977.928191</timestamp>
			</report>
			<report>
				<misses>313400001</misses>
				<total>0</total>
				<timestamp>1978.557501</timestamp>
			</report>
			<report>
				<misses>313500001</misses>
				<total>0</total>
				<timestamp>1979.194690</timestamp>
			</report>
			<report>
				<misses>313600001</misses>
				<total>0</total>
				<timestamp>1979.825144</timestamp>
			</report>
			<report>
				<misses>313700001</misses>
				<total>0</total>
				<timestamp>1980.450896</timestamp>
			</report>
			<report>
				<misses>313800001</misses>
				<total>0</total>
				<timestamp>1981.081967</timestamp>
			</report>
			<report>
				<misses>313900001</misses>
				<total>0</total>
				<timestamp>1981.710966</timestamp>
			</report>
			<report>
				<misses>314000001</misses>
				<total>0</total>
				<timestamp>1982.344083</timestamp>
			</report>
			<report>
				<misses>314100001</misses>
				<total>0</total>
				<timestamp>1982.972631</timestamp>
			</report>
			<report>
				<misses>314200001</misses>
				<total>0</total>
				<timestamp>1983.612825</timestamp>
			</report>
			<report>
				<misses>314300001</misses>
				<total>0</total>
				<timestamp>1984.240658</timestamp>
			</report>
			<report>
				<misses>314400001</misses>
				<total>0</total>
				<timestamp>1984.868527</timestamp>
			</report>
			<report>
				<misses>314500001</misses>
				<total>0</total>
				<timestamp>1985.502100</timestamp>
			</report>
			<report>
				<misses>314600001</misses>
				<total>0</total>
				<timestamp>1986.130842</timestamp>
			</report>
			<report>
				<misses>314700001</misses>
				<total>0</total>
				<timestamp>1986.769217</timestamp>
			</report>
			<report>
				<misses>314800001</misses>
				<total>0</total>
				<timestamp>1987.408090</timestamp>
			</report>
			<report>
				<misses>314900001</misses>
				<total>0</total>
				<timestamp>1988.032179</timestamp>
			</report>
			<report>
				<misses>315000001</misses>
				<total>0</total>
				<timestamp>1988.660112</timestamp>
			</report>
			<report>
				<misses>315100001</misses>
				<total>0</total>
				<timestamp>1989.296484</timestamp>
			</report>
			<report>
				<misses>315200001</misses>
				<total>0</total>
				<timestamp>1989.923284</timestamp>
			</report>
			<report>
				<misses>315300001</misses>
				<total>0</total>
				<timestamp>1990.550290</timestamp>
			</report>
			<report>
				<misses>315400001</misses>
				<total>0</total>
				<timestamp>1991.199190</timestamp>
			</report>
			<report>
				<misses>315500001</misses>
				<total>0</total>
				<timestamp>1991.826927</timestamp>
			</report>
			<report>
				<misses>315600001</misses>
				<total>0</total>
				<timestamp>1992.449034</timestamp>
			</report>
			<report>
				<misses>315700001</misses>
				<total>0</total>
				<timestamp>1993.078065</timestamp>
			</report>
			<report>
				<misses>315800001</misses>
				<total>0</total>
				<timestamp>1993.704370</timestamp>
			</report>
			<report>
				<misses>315900001</misses>
				<total>0</total>
				<timestamp>1994.331924</timestamp>
			</report>
			<report>
				<misses>316000001</misses>
				<total>0</total>
				<timestamp>1994.953967</timestamp>
			</report>
			<report>
				<misses>316100001</misses>
				<total>0</total>
				<timestamp>1995.588103</timestamp>
			</report>
			<report>
				<misses>316200001</misses>
				<total>0</total>
				<timestamp>1996.212711</timestamp>
			</report>
			<report>
				<misses>316300001</misses>
				<total>0</total>
				<timestamp>1996.839708</timestamp>
			</report>
			<report>
				<misses>316400001</misses>
				<total>0</total>
				<timestamp>1997.468607</timestamp>
			</report>
			<report>
				<misses>316500001</misses>
				<total>0</total>
				<timestamp>1998.096927</timestamp>
			</report>
			<report>
				<misses>316600001</misses>
				<total>0</total>
				<timestamp>1998.719612</timestamp>
			</report>
			<report>
				<misses>316700001</misses>
				<total>0</total>
				<timestamp>1999.348290</timestamp>
			</report>
			<report>
				<misses>316800001</misses>
				<total>0</total>
				<timestamp>1999.991984</timestamp>
			</report>
			<report>
				<misses>316900001</misses>
				<total>0</total>
				<timestamp>2000.621686</timestamp>
			</report>
			<report>
				<misses>317000001</misses>
				<total>0</total>
				<timestamp>2001.250206</timestamp>
			</report>
			<report>
				<misses>317100001</misses>
				<total>0</total>
				<timestamp>2001.878028</timestamp>
			</report>
			<report>
				<misses>317200001</misses>
				<total>0</total>
				<timestamp>2002.515522</timestamp>
			</report>
			<report>
				<misses>317300001</misses>
				<total>0</total>
				<timestamp>2003.143071</timestamp>
			</report>
			<report>
				<misses>317400001</misses>
				<total>0</total>
				<timestamp>2003.768781</timestamp>
			</report>
			<report>
				<misses>317500001</misses>
				<total>0</total>
				<timestamp>2004.392624</timestamp>
			</report>
			<report>
				<misses>317600001</misses>
				<total>0</total>
				<timestamp>2005.021584</timestamp>
			</report>
			<report>
				<misses>317700001</misses>
				<total>0</total>
				<timestamp>2005.655613</timestamp>
			</report>
			<report>
				<misses>317800001</misses>
				<total>0</total>
				<timestamp>2006.290707</timestamp>
			</report>
			<report>
				<misses>317900001</misses>
				<total>0</total>
				<timestamp>2006.918603</timestamp>
			</report>
			<report>
				<misses>318000001</misses>
				<total>0</total>
				<timestamp>2007.543927</timestamp>
			</report>
			<report>
				<misses>318100001</misses>
				<total>0</total>
				<timestamp>2008.171335</timestamp>
			</report>
			<report>
				<misses>318200001</misses>
				<total>0</total>
				<timestamp>2008.799564</timestamp>
			</report>
			<report>
				<misses>318300001</misses>
				<total>0</total>
				<timestamp>2009.425498</timestamp>
			</report>
			<report>
				<misses>318400001</misses>
				<total>0</total>
				<timestamp>2010.061763</timestamp>
			</report>
			<report>
				<misses>318500001</misses>
				<total>0</total>
				<timestamp>2010.694166</timestamp>
			</report>
			<report>
				<misses>318600001</misses>
				<total>0</total>
				<timestamp>2011.330597</timestamp>
			</report>
			<report>
				<misses>318700001</misses>
				<total>0</total>
				<timestamp>2011.979589</timestamp>
			</report>
			<report>
				<misses>318800001</misses>
				<total>0</total>
				<timestamp>2012.609643</timestamp>
			</report>
			<report>
				<misses>318900001</misses>
				<total>0</total>
				<timestamp>2013.245056</timestamp>
			</report>
			<report>
				<misses>319000001</misses>
				<total>0</total>
				<timestamp>2013.880719</timestamp>
			</report>
			<report>
				<misses>319100001</misses>
				<total>0</total>
				<timestamp>2014.516055</timestamp>
			</report>
			<report>
				<misses>319200001</misses>
				<total>0</total>
				<timestamp>2015.138187</timestamp>
			</report>
			<report>
				<misses>319300001</misses>
				<total>0</total>
				<timestamp>2015.769729</timestamp>
			</report>
			<report>
				<misses>319400001</misses>
				<total>0</total>
				<timestamp>2016.400360</timestamp>
			</report>
			<report>
				<misses>319500001</misses>
				<total>0</total>
				<timestamp>2017.027464</timestamp>
			</report>
			<report>
				<misses>319600001</misses>
				<total>0</total>
				<timestamp>2017.665849</timestamp>
			</report>
			<report>
				<misses>319700001</misses>
				<total>0</total>
				<timestamp>2018.301123</timestamp>
			</report>
			<report>
				<misses>319800001</misses>
				<total>0</total>
				<timestamp>2018.929482</timestamp>
			</report>
			<report>
				<misses>319900001</misses>
				<total>0</total>
				<timestamp>2019.560698</timestamp>
			</report>
			<report>
				<misses>320000001</misses>
				<total>0</total>
				<timestamp>2020.201461</timestamp>
			</report>
			<report>
				<misses>320100001</misses>
				<total>0</total>
				<timestamp>2020.830806</timestamp>
			</report>
			<report>
				<misses>320200001</misses>
				<total>0</total>
				<timestamp>2021.459071</timestamp>
			</report>
			<report>
				<misses>320300001</misses>
				<total>0</total>
				<timestamp>2022.090805</timestamp>
			</report>
			<report>
				<misses>320400001</misses>
				<total>0</total>
				<timestamp>2022.726819</timestamp>
			</report>
			<report>
				<misses>320500001</misses>
				<total>0</total>
				<timestamp>2023.359993</timestamp>
			</report>
			<report>
				<misses>320600001</misses>
				<total>0</total>
				<timestamp>2024.001099</timestamp>
			</report>
			<report>
				<misses>320700001</misses>
				<total>0</total>
				<timestamp>2024.646185</timestamp>
			</report>
			<report>
				<misses>320800001</misses>
				<total>0</total>
				<timestamp>2025.296859</timestamp>
			</report>
			<report>
				<misses>320900001</misses>
				<total>0</total>
				<timestamp>2025.923388</timestamp>
			</report>
			<report>
				<misses>321000001</misses>
				<total>0</total>
				<timestamp>2026.552478</timestamp>
			</report>
			<report>
				<misses>321100001</misses>
				<total>0</total>
				<timestamp>2027.184245</timestamp>
			</report>
			<report>
				<misses>321200001</misses>
				<total>0</total>
				<timestamp>2027.816319</timestamp>
			</report>
			<report>
				<misses>321300001</misses>
				<total>0</total>
				<timestamp>2028.443759</timestamp>
			</report>
			<report>
				<misses>321400001</misses>
				<total>0</total>
				<timestamp>2029.078991</timestamp>
			</report>
			<report>
				<misses>321500001</misses>
				<total>0</total>
				<timestamp>2029.709034</timestamp>
			</report>
			<report>
				<misses>321600001</misses>
				<total>0</total>
				<timestamp>2030.340132</timestamp>
			</report>
			<report>
				<misses>321700001</misses>
				<total>0</total>
				<timestamp>2030.965871</timestamp>
			</report>
			<report>
				<misses>321800001</misses>
				<total>0</total>
				<timestamp>2031.594268</timestamp>
			</report>
			<report>
				<misses>321900001</misses>
				<total>0</total>
				<timestamp>2032.223087</timestamp>
			</report>
			<report>
				<misses>322000001</misses>
				<total>0</total>
				<timestamp>2032.863621</timestamp>
			</report>
			<report>
				<misses>322100001</misses>
				<total>0</total>
				<timestamp>2033.487819</timestamp>
			</report>
			<report>
				<misses>322200001</misses>
				<total>0</total>
				<timestamp>2034.118981</timestamp>
			</report>
			<report>
				<misses>322300001</misses>
				<total>0</total>
				<timestamp>2034.741901</timestamp>
			</report>
			<report>
				<misses>322400001</misses>
				<total>0</total>
				<timestamp>2035.372774</timestamp>
			</report>
			<report>
				<misses>322500001</misses>
				<total>0</total>
				<timestamp>2035.994843</timestamp>
			</report>
			<report>
				<misses>322600001</misses>
				<total>0</total>
				<timestamp>2036.620842</timestamp>
			</report>
			<report>
				<misses>322700001</misses>
				<total>0</total>
				<timestamp>2037.245474</timestamp>
			</report>
			<report>
				<misses>322800001</misses>
				<total>0</total>
				<timestamp>2037.874041</timestamp>
			</report>
			<report>
				<misses>322900001</misses>
				<total>0</total>
				<timestamp>2038.503328</timestamp>
			</report>
			<report>
				<misses>323000001</misses>
				<total>0</total>
				<timestamp>2039.133989</timestamp>
			</report>
			<report>
				<misses>323100001</misses>
				<total>0</total>
				<timestamp>2039.754259</timestamp>
			</report>
			<report>
				<misses>323200001</misses>
				<total>0</total>
				<timestamp>2040.384728</timestamp>
			</report>
			<report>
				<misses>323300001</misses>
				<total>0</total>
				<timestamp>2041.016959</timestamp>
			</report>
			<report>
				<misses>323400001</misses>
				<total>0</total>
				<timestamp>2041.645708</timestamp>
			</report>
			<report>
				<misses>323500001</misses>
				<total>0</total>
				<timestamp>2042.284927</timestamp>
			</report>
			<report>
				<misses>323600001</misses>
				<total>0</total>
				<timestamp>2042.911678</timestamp>
			</report>
			<report>
				<misses>323700001</misses>
				<total>0</total>
				<timestamp>2043.542224</timestamp>
			</report>
			<report>
				<misses>323800001</misses>
				<total>0</total>
				<timestamp>2044.173554</timestamp>
			</report>
			<report>
				<misses>323900001</misses>
				<total>0</total>
				<timestamp>2044.799923</timestamp>
			</report>
			<report>
				<misses>324000001</misses>
				<total>0</total>
				<timestamp>2045.430941</timestamp>
			</report>
			<report>
				<misses>324100001</misses>
				<total>0</total>
				<timestamp>2046.059109</timestamp>
			</report>
			<report>
				<misses>324200001</misses>
				<total>0</total>
				<timestamp>2046.695041</timestamp>
			</report>
			<report>
				<misses>324300001</misses>
				<total>0</total>
				<timestamp>2047.338944</timestamp>
			</report>
			<report>
				<misses>324400001</misses>
				<total>0</total>
				<timestamp>2047.967065</timestamp>
			</report>
			<report>
				<misses>324500001</misses>
				<total>0</total>
				<timestamp>2048.599091</timestamp>
			</report>
			<report>
				<misses>324600001</misses>
				<total>0</total>
				<timestamp>2049.236228</timestamp>
			</report>
			<report>
				<misses>324700001</misses>
				<total>0</total>
				<timestamp>2049.881486</timestamp>
			</report>
			<report>
				<misses>324800001</misses>
				<total>0</total>
				<timestamp>2050.517871</timestamp>
			</report>
			<report>
				<misses>324900001</misses>
				<total>0</total>
				<timestamp>2051.143927</timestamp>
			</report>
			<report>
				<misses>325000001</misses>
				<total>0</total>
				<timestamp>2051.771607</timestamp>
			</report>
			<report>
				<misses>325100001</misses>
				<total>0</total>
				<timestamp>2052.400828</timestamp>
			</report>
			<report>
				<misses>325200001</misses>
				<total>0</total>
				<timestamp>2053.038403</timestamp>
			</report>
			<report>
				<misses>325300001</misses>
				<total>0</total>
				<timestamp>2053.665715</timestamp>
			</report>
			<report>
				<misses>325400001</misses>
				<total>0</total>
				<timestamp>2054.297369</timestamp>
			</report>
			<report>
				<misses>325500001</misses>
				<total>0</total>
				<timestamp>2054.932581</timestamp>
			</report>
			<report>
				<misses>325600001</misses>
				<total>0</total>
				<timestamp>2055.571671</timestamp>
			</report>
			<report>
				<misses>325700001</misses>
				<total>0</total>
				<timestamp>2056.197620</timestamp>
			</report>
			<report>
				<misses>325800001</misses>
				<total>0</total>
				<timestamp>2056.825708</timestamp>
			</report>
			<report>
				<misses>325900001</misses>
				<total>0</total>
				<timestamp>2057.456835</timestamp>
			</report>
			<report>
				<misses>326000001</misses>
				<total>0</total>
				<timestamp>2058.090350</timestamp>
			</report>
			<report>
				<misses>326100001</misses>
				<total>0</total>
				<timestamp>2058.719371</timestamp>
			</report>
			<report>
				<misses>326200001</misses>
				<total>0</total>
				<timestamp>2059.347526</timestamp>
			</report>
			<report>
				<misses>326300001</misses>
				<total>0</total>
				<timestamp>2059.973754</timestamp>
			</report>
			<report>
				<misses>326400001</misses>
				<total>0</total>
				<timestamp>2060.607071</timestamp>
			</report>
			<report>
				<misses>326500001</misses>
				<total>0</total>
				<timestamp>2061.240173</timestamp>
			</report>
			<report>
				<misses>326600001</misses>
				<total>0</total>
				<timestamp>2061.879099</timestamp>
			</report>
			<report>
				<misses>326700001</misses>
				<total>0</total>
				<timestamp>2062.532715</timestamp>
			</report>
			<report>
				<misses>326800001</misses>
				<total>0</total>
				<timestamp>2063.161636</timestamp>
			</report>
			<report>
				<misses>326900001</misses>
				<total>0</total>
				<timestamp>2063.789953</timestamp>
			</report>
			<report>
				<misses>327000001</misses>
				<total>0</total>
				<timestamp>2064.412906</timestamp>
			</report>
			<report>
				<misses>327100001</misses>
				<total>0</total>
				<timestamp>2065.042045</timestamp>
			</report>
			<report>
				<misses>327200001</misses>
				<total>0</total>
				<timestamp>2065.675269</timestamp>
			</report>
			<report>
				<misses>327300001</misses>
				<total>0</total>
				<timestamp>2066.302252</timestamp>
			</report>
			<report>
				<misses>327400001</misses>
				<total>0</total>
				<timestamp>2066.927557</timestamp>
			</report>
			<report>
				<misses>327500001</misses>
				<total>0</total>
				<timestamp>2067.555988</timestamp>
			</report>
			<report>
				<misses>327600001</misses>
				<total>0</total>
				<timestamp>2068.197313</timestamp>
			</report>
			<report>
				<misses>327700001</misses>
				<total>0</total>
				<timestamp>2068.822830</timestamp>
			</report>
			<report>
				<misses>327800001</misses>
				<total>0</total>
				<timestamp>2069.448780</timestamp>
			</report>
			<report>
				<misses>327900001</misses>
				<total>0</total>
				<timestamp>2070.077272</timestamp>
			</report>
			<report>
				<misses>328000001</misses>
				<total>0</total>
				<timestamp>2070.707803</timestamp>
			</report>
			<report>
				<misses>328100001</misses>
				<total>0</total>
				<timestamp>2071.339237</timestamp>
			</report>
			<report>
				<misses>328200001</misses>
				<total>0</total>
				<timestamp>2071.974863</timestamp>
			</report>
			<report>
				<misses>328300001</misses>
				<total>0</total>
				<timestamp>2072.599980</timestamp>
			</report>
			<report>
				<misses>328400001</misses>
				<total>0</total>
				<timestamp>2073.222294</timestamp>
			</report>
			<report>
				<misses>328500001</misses>
				<total>0</total>
				<timestamp>2073.849952</timestamp>
			</report>
			<report>
				<misses>328600001</misses>
				<total>0</total>
				<timestamp>2074.472162</timestamp>
			</report>
			<report>
				<misses>328700001</misses>
				<total>0</total>
				<timestamp>2075.094888</timestamp>
			</report>
			<report>
				<misses>328800001</misses>
				<total>0</total>
				<timestamp>2075.725122</timestamp>
			</report>
			<report>
				<misses>328900001</misses>
				<total>0</total>
				<timestamp>2076.354729</timestamp>
			</report>
			<report>
				<misses>329000001</misses>
				<total>0</total>
				<timestamp>2076.985012</timestamp>
			</report>
			<report>
				<misses>329100001</misses>
				<total>0</total>
				<timestamp>2077.610540</timestamp>
			</report>
			<report>
				<misses>329200001</misses>
				<total>0</total>
				<timestamp>2078.236590</timestamp>
			</report>
			<report>
				<misses>329300001</misses>
				<total>0</total>
				<timestamp>2078.863306</timestamp>
			</report>
			<report>
				<misses>329400001</misses>
				<total>0</total>
				<timestamp>2079.487772</timestamp>
			</report>
			<report>
				<misses>329500001</misses>
				<total>0</total>
				<timestamp>2080.118193</timestamp>
			</report>
			<report>
				<misses>329600001</misses>
				<total>0</total>
				<timestamp>2080.751213</timestamp>
			</report>
			<report>
				<misses>329700001</misses>
				<total>0</total>
				<timestamp>2081.383766</timestamp>
			</report>
			<report>
				<misses>329800001</misses>
				<total>0</total>
				<timestamp>2082.017895</timestamp>
			</report>
			<report>
				<misses>329900001</misses>
				<total>0</total>
				<timestamp>2082.652355</timestamp>
			</report>
			<report>
				<misses>330000001</misses>
				<total>0</total>
				<timestamp>2083.280694</timestamp>
			</report>
			<report>
				<misses>330100001</misses>
				<total>0</total>
				<timestamp>2083.909685</timestamp>
			</report>
			<report>
				<misses>330200001</misses>
				<total>0</total>
				<timestamp>2084.537033</timestamp>
			</report>
			<report>
				<misses>330300001</misses>
				<total>0</total>
				<timestamp>2085.163031</timestamp>
			</report>
			<report>
				<misses>330400001</misses>
				<total>0</total>
				<timestamp>2085.794499</timestamp>
			</report>
			<report>
				<misses>330500001</misses>
				<total>0</total>
				<timestamp>2086.436152</timestamp>
			</report>
			<report>
				<misses>330600001</misses>
				<total>0</total>
				<timestamp>2087.067837</timestamp>
			</report>
			<report>
				<misses>330700001</misses>
				<total>0</total>
				<timestamp>2087.708412</timestamp>
			</report>
			<report>
				<misses>330800001</misses>
				<total>0</total>
				<timestamp>2088.335491</timestamp>
			</report>
			<report>
				<misses>330900001</misses>
				<total>0</total>
				<timestamp>2088.964418</timestamp>
			</report>
			<report>
				<misses>331000001</misses>
				<total>0</total>
				<timestamp>2089.592993</timestamp>
			</report>
			<report>
				<misses>331100001</misses>
				<total>0</total>
				<timestamp>2090.226993</timestamp>
			</report>
			<report>
				<misses>331200001</misses>
				<total>0</total>
				<timestamp>2090.857309</timestamp>
			</report>
			<report>
				<misses>331300001</misses>
				<total>0</total>
				<timestamp>2091.492112</timestamp>
			</report>
			<report>
				<misses>331400001</misses>
				<total>0</total>
				<timestamp>2092.127724</timestamp>
			</report>
			<report>
				<misses>331500001</misses>
				<total>0</total>
				<timestamp>2092.753148</timestamp>
			</report>
			<report>
				<misses>331600001</misses>
				<total>0</total>
				<timestamp>2093.379484</timestamp>
			</report>
			<report>
				<misses>331700001</misses>
				<total>0</total>
				<timestamp>2094.009577</timestamp>
			</report>
			<report>
				<misses>331800001</misses>
				<total>0</total>
				<timestamp>2094.645577</timestamp>
			</report>
			<report>
				<misses>331900001</misses>
				<total>0</total>
				<timestamp>2095.271959</timestamp>
			</report>
			<report>
				<misses>332000001</misses>
				<total>0</total>
				<timestamp>2095.900107</timestamp>
			</report>
			<report>
				<misses>332100001</misses>
				<total>0</total>
				<timestamp>2096.530907</timestamp>
			</report>
			<report>
				<misses>332200001</misses>
				<total>0</total>
				<timestamp>2097.156854</timestamp>
			</report>
			<report>
				<misses>332300001</misses>
				<total>0</total>
				<timestamp>2097.782472</timestamp>
			</report>
			<report>
				<misses>332400001</misses>
				<total>0</total>
				<timestamp>2098.407266</timestamp>
			</report>
			<report>
				<misses>332500001</misses>
				<total>0</total>
				<timestamp>2099.036916</timestamp>
			</report>
			<report>
				<misses>332600001</misses>
				<total>0</total>
				<timestamp>2099.665002</timestamp>
			</report>
			<report>
				<misses>332700001</misses>
				<total>0</total>
				<timestamp>2100.298128</timestamp>
			</report>
			<report>
				<misses>332800001</misses>
				<total>0</total>
				<timestamp>2100.934819</timestamp>
			</report>
			<report>
				<misses>332900001</misses>
				<total>0</total>
				<timestamp>2101.575081</timestamp>
			</report>
			<report>
				<misses>333000001</misses>
				<total>0</total>
				<timestamp>2102.216812</timestamp>
			</report>
			<report>
				<misses>333100001</misses>
				<total>0</total>
				<timestamp>2102.859749</timestamp>
			</report>
			<report>
				<misses>333200001</misses>
				<total>0</total>
				<timestamp>2103.491449</timestamp>
			</report>
			<report>
				<misses>333300001</misses>
				<total>0</total>
				<timestamp>2104.116771</timestamp>
			</report>
			<report>
				<misses>333400001</misses>
				<total>0</total>
				<timestamp>2104.755059</timestamp>
			</report>
			<report>
				<misses>333500001</misses>
				<total>0</total>
				<timestamp>2105.388228</timestamp>
			</report>
			<report>
				<misses>333600001</misses>
				<total>0</total>
				<timestamp>2106.024983</timestamp>
			</report>
			<report>
				<misses>333700001</misses>
				<total>0</total>
				<timestamp>2106.655383</timestamp>
			</report>
			<report>
				<misses>333800001</misses>
				<total>0</total>
				<timestamp>2107.293814</timestamp>
			</report>
			<report>
				<misses>333900001</misses>
				<total>0</total>
				<timestamp>2107.918909</timestamp>
			</report>
			<report>
				<misses>334000001</misses>
				<total>0</total>
				<timestamp>2108.545493</timestamp>
			</report>
			<report>
				<misses>334100001</misses>
				<total>0</total>
				<timestamp>2109.182950</timestamp>
			</report>
			<report>
				<misses>334200001</misses>
				<total>0</total>
				<timestamp>2109.808528</timestamp>
			</report>
			<report>
				<misses>334300001</misses>
				<total>0</total>
				<timestamp>2110.430653</timestamp>
			</report>
			<report>
				<misses>334400001</misses>
				<total>0</total>
				<timestamp>2111.057154</timestamp>
			</report>
			<report>
				<misses>334500001</misses>
				<total>0</total>
				<timestamp>2111.680413</timestamp>
			</report>
			<report>
				<misses>334600001</misses>
				<total>0</total>
				<timestamp>2112.307090</timestamp>
			</report>
			<report>
				<misses>334700001</misses>
				<total>0</total>
				<timestamp>2112.931493</timestamp>
			</report>
			<report>
				<misses>334800001</misses>
				<total>0</total>
				<timestamp>2113.562129</timestamp>
			</report>
			<report>
				<misses>334900001</misses>
				<total>0</total>
				<timestamp>2114.186056</timestamp>
			</report>
			<report>
				<misses>335000001</misses>
				<total>0</total>
				<timestamp>2114.815318</timestamp>
			</report>
			<report>
				<misses>335100001</misses>
				<total>0</total>
				<timestamp>2115.441712</timestamp>
			</report>
			<report>
				<misses>335200001</misses>
				<total>0</total>
				<timestamp>2116.068664</timestamp>
			</report>
			<report>
				<misses>335300001</misses>
				<total>0</total>
				<timestamp>2116.690044</timestamp>
			</report>
			<report>
				<misses>335400001</misses>
				<total>0</total>
				<timestamp>2117.318053</timestamp>
			</report>
			<report>
				<misses>335500001</misses>
				<total>0</total>
				<timestamp>2117.941359</timestamp>
			</report>
			<report>
				<misses>335600001</misses>
				<total>0</total>
				<timestamp>2118.567952</timestamp>
			</report>
			<report>
				<misses>335700001</misses>
				<total>0</total>
				<timestamp>2119.191388</timestamp>
			</report>
			<report>
				<misses>335800001</misses>
				<total>0</total>
				<timestamp>2119.827857</timestamp>
			</report>
			<report>
				<misses>335900001</misses>
				<total>0</total>
				<timestamp>2120.463594</timestamp>
			</report>
			<report>
				<misses>336000001</misses>
				<total>0</total>
				<timestamp>2121.102059</timestamp>
			</report>
			<report>
				<misses>336100001</misses>
				<total>0</total>
				<timestamp>2121.730919</timestamp>
			</report>
			<report>
				<misses>336200001</misses>
				<total>0</total>
				<timestamp>2122.365041</timestamp>
			</report>
			<report>
				<misses>336300001</misses>
				<total>0</total>
				<timestamp>2123.005981</timestamp>
			</report>
			<report>
				<misses>336400001</misses>
				<total>0</total>
				<timestamp>2123.640574</timestamp>
			</report>
			<report>
				<misses>336500001</misses>
				<total>0</total>
				<timestamp>2124.293107</timestamp>
			</report>
			<report>
				<misses>336600001</misses>
				<total>0</total>
				<timestamp>2124.923138</timestamp>
			</report>
			<report>
				<misses>336700001</misses>
				<total>0</total>
				<timestamp>2125.565324</timestamp>
			</report>
			<report>
				<misses>336800001</misses>
				<total>0</total>
				<timestamp>2126.199783</timestamp>
			</report>
			<report>
				<misses>336900001</misses>
				<total>0</total>
				<timestamp>2126.830771</timestamp>
			</report>
			<report>
				<misses>337000001</misses>
				<total>0</total>
				<timestamp>2127.477540</timestamp>
			</report>
			<report>
				<misses>337100001</misses>
				<total>0</total>
				<timestamp>2128.104942</timestamp>
			</report>
			<report>
				<misses>337200001</misses>
				<total>0</total>
				<timestamp>2128.734503</timestamp>
			</report>
			<report>
				<misses>337300001</misses>
				<total>0</total>
				<timestamp>2129.365457</timestamp>
			</report>
			<report>
				<misses>337400001</misses>
				<total>0</total>
				<timestamp>2129.997275</timestamp>
			</report>
			<report>
				<misses>337500001</misses>
				<total>0</total>
				<timestamp>2130.633684</timestamp>
			</report>
			<report>
				<misses>337600001</misses>
				<total>0</total>
				<timestamp>2131.266375</timestamp>
			</report>
			<report>
				<misses>337700001</misses>
				<total>0</total>
				<timestamp>2131.891790</timestamp>
			</report>
			<report>
				<misses>337800001</misses>
				<total>0</total>
				<timestamp>2132.519327</timestamp>
			</report>
			<report>
				<misses>337900001</misses>
				<total>0</total>
				<timestamp>2133.144678</timestamp>
			</report>
			<report>
				<misses>338000001</misses>
				<total>0</total>
				<timestamp>2133.778765</timestamp>
			</report>
			<report>
				<misses>338100001</misses>
				<total>0</total>
				<timestamp>2134.405371</timestamp>
			</report>
			<report>
				<misses>338200001</misses>
				<total>0</total>
				<timestamp>2135.030261</timestamp>
			</report>
			<report>
				<misses>338300001</misses>
				<total>0</total>
				<timestamp>2135.656706</timestamp>
			</report>
			<report>
				<misses>338400001</misses>
				<total>0</total>
				<timestamp>2136.280226</timestamp>
			</report>
			<report>
				<misses>338500001</misses>
				<total>0</total>
				<timestamp>2136.919466</timestamp>
			</report>
			<report>
				<misses>338600001</misses>
				<total>0</total>
				<timestamp>2137.542163</timestamp>
			</report>
			<report>
				<misses>338700001</misses>
				<total>0</total>
				<timestamp>2138.171762</timestamp>
			</report>
			<report>
				<misses>338800001</misses>
				<total>0</total>
				<timestamp>2138.797734</timestamp>
			</report>
			<report>
				<misses>338900001</misses>
				<total>0</total>
				<timestamp>2139.423524</timestamp>
			</report>
			<report>
				<misses>339000001</misses>
				<total>0</total>
				<timestamp>2140.060551</timestamp>
			</report>
			<report>
				<misses>339100001</misses>
				<total>0</total>
				<timestamp>2140.695401</timestamp>
			</report>
			<report>
				<misses>339200001</misses>
				<total>0</total>
				<timestamp>2141.322064</timestamp>
			</report>
			<report>
				<misses>339300001</misses>
				<total>0</total>
				<timestamp>2141.949354</timestamp>
			</report>
			<report>
				<misses>339400001</misses>
				<total>0</total>
				<timestamp>2142.572442</timestamp>
			</report>
			<report>
				<misses>339500001</misses>
				<total>0</total>
				<timestamp>2143.198782</timestamp>
			</report>
			<report>
				<misses>339600001</misses>
				<total>0</total>
				<timestamp>2143.828000</timestamp>
			</report>
			<report>
				<misses>339700001</misses>
				<total>0</total>
				<timestamp>2144.457253</timestamp>
			</report>
			<report>
				<misses>339800001</misses>
				<total>0</total>
				<timestamp>2145.090882</timestamp>
			</report>
			<report>
				<misses>339900001</misses>
				<total>0</total>
				<timestamp>2145.718076</timestamp>
			</report>
			<report>
				<misses>340000001</misses>
				<total>0</total>
				<timestamp>2146.352019</timestamp>
			</report>
			<report>
				<misses>340100001</misses>
				<total>0</total>
				<timestamp>2146.983049</timestamp>
			</report>
			<report>
				<misses>340200001</misses>
				<total>0</total>
				<timestamp>2147.610467</timestamp>
			</report>
			<report>
				<misses>340300001</misses>
				<total>0</total>
				<timestamp>2148.246534</timestamp>
			</report>
			<report>
				<misses>340400001</misses>
				<total>0</total>
				<timestamp>2148.877265</timestamp>
			</report>
			<report>
				<misses>340500001</misses>
				<total>0</total>
				<timestamp>2149.514387</timestamp>
			</report>
			<report>
				<misses>340600001</misses>
				<total>0</total>
				<timestamp>2150.143572</timestamp>
			</report>
			<report>
				<misses>340700001</misses>
				<total>0</total>
				<timestamp>2150.767680</timestamp>
			</report>
			<report>
				<misses>340800001</misses>
				<total>0</total>
				<timestamp>2151.403000</timestamp>
			</report>
			<report>
				<misses>340900001</misses>
				<total>0</total>
				<timestamp>2152.035412</timestamp>
			</report>
			<report>
				<misses>341000001</misses>
				<total>0</total>
				<timestamp>2152.667323</timestamp>
			</report>
			<report>
				<misses>341100001</misses>
				<total>0</total>
				<timestamp>2153.291265</timestamp>
			</report>
			<report>
				<misses>341200001</misses>
				<total>0</total>
				<timestamp>2153.922149</timestamp>
			</report>
			<report>
				<misses>341300001</misses>
				<total>0</total>
				<timestamp>2154.562000</timestamp>
			</report>
			<report>
				<misses>341400001</misses>
				<total>0</total>
				<timestamp>2155.192984</timestamp>
			</report>
			<report>
				<misses>341500001</misses>
				<total>0</total>
				<timestamp>2155.833873</timestamp>
			</report>
			<report>
				<misses>341600001</misses>
				<total>0</total>
				<timestamp>2156.458277</timestamp>
			</report>
			<report>
				<misses>341700001</misses>
				<total>0</total>
				<timestamp>2157.089568</timestamp>
			</report>
			<report>
				<misses>341800001</misses>
				<total>0</total>
				<timestamp>2157.713621</timestamp>
			</report>
			<report>
				<misses>341900001</misses>
				<total>0</total>
				<timestamp>2158.350357</timestamp>
			</report>
			<report>
				<misses>342000001</misses>
				<total>0</total>
				<timestamp>2158.989877</timestamp>
			</report>
			<report>
				<misses>342100001</misses>
				<total>0</total>
				<timestamp>2159.613995</timestamp>
			</report>
			<report>
				<misses>342200001</misses>
				<total>0</total>
				<timestamp>2160.239438</timestamp>
			</report>
			<report>
				<misses>342300001</misses>
				<total>0</total>
				<timestamp>2160.863465</timestamp>
			</report>
			<report>
				<misses>342400001</misses>
				<total>0</total>
				<timestamp>2161.488085</timestamp>
			</report>
			<report>
				<misses>342500001</misses>
				<total>0</total>
				<timestamp>2162.121927</timestamp>
			</report>
			<report>
				<misses>342600001</misses>
				<total>0</total>
				<timestamp>2162.755448</timestamp>
			</report>
			<report>
				<misses>342700001</misses>
				<total>0</total>
				<timestamp>2163.387055</timestamp>
			</report>
			<report>
				<misses>342800001</misses>
				<total>0</total>
				<timestamp>2164.018989</timestamp>
			</report>
			<report>
				<misses>342900001</misses>
				<total>0</total>
				<timestamp>2164.652351</timestamp>
			</report>
			<report>
				<misses>343000001</misses>
				<total>0</total>
				<timestamp>2165.284957</timestamp>
			</report>
			<report>
				<misses>343100001</misses>
				<total>0</total>
				<timestamp>2165.918069</timestamp>
			</report>
			<report>
				<misses>343200001</misses>
				<total>0</total>
				<timestamp>2166.546020</timestamp>
			</report>
			<report>
				<misses>343300001</misses>
				<total>0</total>
				<timestamp>2167.186881</timestamp>
			</report>
			<report>
				<misses>343400001</misses>
				<total>0</total>
				<timestamp>2167.817680</timestamp>
			</report>
			<report>
				<misses>343500001</misses>
				<total>0</total>
				<timestamp>2168.457872</timestamp>
			</report>
			<report>
				<misses>343600001</misses>
				<total>0</total>
				<timestamp>2169.083314</timestamp>
			</report>
			<report>
				<misses>343700001</misses>
				<total>0</total>
				<timestamp>2169.716125</timestamp>
			</report>
			<report>
				<misses>343800001</misses>
				<total>0</total>
				<timestamp>2170.348274</timestamp>
			</report>
			<report>
				<misses>343900001</misses>
				<total>0</total>
				<timestamp>2170.981450</timestamp>
			</report>
			<report>
				<misses>344000001</misses>
				<total>0</total>
				<timestamp>2171.618537</timestamp>
			</report>
			<report>
				<misses>344100001</misses>
				<total>0</total>
				<timestamp>2172.245716</timestamp>
			</report>
			<report>
				<misses>344200001</misses>
				<total>0</total>
				<timestamp>2172.868346</timestamp>
			</report>
			<report>
				<misses>344300001</misses>
				<total>0</total>
				<timestamp>2173.499374</timestamp>
			</report>
			<report>
				<misses>344400001</misses>
				<total>0</total>
				<timestamp>2174.125472</timestamp>
			</report>
			<report>
				<misses>344500001</misses>
				<total>0</total>
				<timestamp>2174.761888</timestamp>
			</report>
			<report>
				<misses>344600001</misses>
				<total>0</total>
				<timestamp>2175.390641</timestamp>
			</report>
			<report>
				<misses>344700001</misses>
				<total>0</total>
				<timestamp>2176.018264</timestamp>
			</report>
			<report>
				<misses>344800001</misses>
				<total>0</total>
				<timestamp>2176.647784</timestamp>
			</report>
			<report>
				<misses>344900001</misses>
				<total>0</total>
				<timestamp>2177.273446</timestamp>
			</report>
			<report>
				<misses>345000001</misses>
				<total>0</total>
				<timestamp>2177.897697</timestamp>
			</report>
			<report>
				<misses>345100001</misses>
				<total>0</total>
				<timestamp>2178.530129</timestamp>
			</report>
			<report>
				<misses>345200001</misses>
				<total>0</total>
				<timestamp>2179.181198</timestamp>
			</report>
			<report>
				<misses>345300001</misses>
				<total>0</total>
				<timestamp>2179.808802</timestamp>
			</report>
			<report>
				<misses>345400001</misses>
				<total>0</total>
				<timestamp>2180.435605</timestamp>
			</report>
			<report>
				<misses>345500001</misses>
				<total>0</total>
				<timestamp>2181.063798</timestamp>
			</report>
			<report>
				<misses>345600001</misses>
				<total>0</total>
				<timestamp>2181.686399</timestamp>
			</report>
			<report>
				<misses>345700001</misses>
				<total>0</total>
				<timestamp>2182.313541</timestamp>
			</report>
			<report>
				<misses>345800001</misses>
				<total>0</total>
				<timestamp>2182.951156</timestamp>
			</report>
			<report>
				<misses>345900001</misses>
				<total>0</total>
				<timestamp>2183.584792</timestamp>
			</report>
			<report>
				<misses>346000001</misses>
				<total>0</total>
				<timestamp>2184.224161</timestamp>
			</report>
			<report>
				<misses>346100001</misses>
				<total>0</total>
				<timestamp>2184.859968</timestamp>
			</report>
			<report>
				<misses>346200001</misses>
				<total>0</total>
				<timestamp>2185.492487</timestamp>
			</report>
			<report>
				<misses>346300001</misses>
				<total>0</total>
				<timestamp>2186.120166</timestamp>
			</report>
			<report>
				<misses>346400001</misses>
				<total>0</total>
				<timestamp>2186.758684</timestamp>
			</report>
			<report>
				<misses>346500001</misses>
				<total>0</total>
				<timestamp>2187.384434</timestamp>
			</report>
			<report>
				<misses>346600001</misses>
				<total>0</total>
				<timestamp>2188.017580</timestamp>
			</report>
			<report>
				<misses>346700001</misses>
				<total>0</total>
				<timestamp>2188.643244</timestamp>
			</report>
			<report>
				<misses>346800001</misses>
				<total>0</total>
				<timestamp>2189.268995</timestamp>
			</report>
			<report>
				<misses>346900001</misses>
				<total>0</total>
				<timestamp>2189.891685</timestamp>
			</report>
			<report>
				<misses>347000001</misses>
				<total>0</total>
				<timestamp>2190.518995</timestamp>
			</report>
			<report>
				<misses>347100001</misses>
				<total>0</total>
				<timestamp>2191.154919</timestamp>
			</report>
			<report>
				<misses>347200001</misses>
				<total>0</total>
				<timestamp>2191.791328</timestamp>
			</report>
			<report>
				<misses>347300001</misses>
				<total>0</total>
				<timestamp>2192.423286</timestamp>
			</report>
			<report>
				<misses>347400001</misses>
				<total>0</total>
				<timestamp>2193.060811</timestamp>
			</report>
			<report>
				<misses>347500001</misses>
				<total>0</total>
				<timestamp>2193.691476</timestamp>
			</report>
			<report>
				<misses>347600001</misses>
				<total>0</total>
				<timestamp>2194.320495</timestamp>
			</report>
			<report>
				<misses>347700001</misses>
				<total>0</total>
				<timestamp>2194.942026</timestamp>
			</report>
			<report>
				<misses>347800001</misses>
				<total>0</total>
				<timestamp>2195.570348</timestamp>
			</report>
			<report>
				<misses>347900001</misses>
				<total>0</total>
				<timestamp>2196.199039</timestamp>
			</report>
			<report>
				<misses>348000001</misses>
				<total>0</total>
				<timestamp>2196.831391</timestamp>
			</report>
			<report>
				<misses>348100001</misses>
				<total>0</total>
				<timestamp>2197.465367</timestamp>
			</report>
			<report>
				<misses>348200001</misses>
				<total>0</total>
				<timestamp>2198.089609</timestamp>
			</report>
			<report>
				<misses>348300001</misses>
				<total>0</total>
				<timestamp>2198.713180</timestamp>
			</report>
			<report>
				<misses>348400001</misses>
				<total>0</total>
				<timestamp>2199.338089</timestamp>
			</report>
			<report>
				<misses>348500001</misses>
				<total>0</total>
				<timestamp>2199.976169</timestamp>
			</report>
			<report>
				<misses>348600001</misses>
				<total>0</total>
				<timestamp>2200.602604</timestamp>
			</report>
			<report>
				<misses>348700001</misses>
				<total>0</total>
				<timestamp>2201.230293</timestamp>
			</report>
			<report>
				<misses>348800001</misses>
				<total>0</total>
				<timestamp>2201.859702</timestamp>
			</report>
			<report>
				<misses>348900001</misses>
				<total>0</total>
				<timestamp>2202.487346</timestamp>
			</report>
			<report>
				<misses>349000001</misses>
				<total>0</total>
				<timestamp>2203.119959</timestamp>
			</report>
			<report>
				<misses>349100001</misses>
				<total>0</total>
				<timestamp>2203.745560</timestamp>
			</report>
			<report>
				<misses>349200001</misses>
				<total>0</total>
				<timestamp>2204.379517</timestamp>
			</report>
			<report>
				<misses>349300001</misses>
				<total>0</total>
				<timestamp>2205.010899</timestamp>
			</report>
			<report>
				<misses>349400001</misses>
				<total>0</total>
				<timestamp>2205.645399</timestamp>
			</report>
			<report>
				<misses>349500001</misses>
				<total>0</total>
				<timestamp>2206.276832</timestamp>
			</report>
			<report>
				<misses>349600001</misses>
				<total>0</total>
				<timestamp>2206.903544</timestamp>
			</report>
			<report>
				<misses>349700001</misses>
				<total>0</total>
				<timestamp>2207.535188</timestamp>
			</report>
			<report>
				<misses>349800001</misses>
				<total>0</total>
				<timestamp>2208.166007</timestamp>
			</report>
			<report>
				<misses>349900001</misses>
				<total>0</total>
				<timestamp>2208.801724</timestamp>
			</report>
			<report>
				<misses>350000001</misses>
				<total>0</total>
				<timestamp>2209.429964</timestamp>
			</report>
			<report>
				<misses>350100001</misses>
				<total>0</total>
				<timestamp>2210.072107</timestamp>
			</report>
			<report>
				<misses>350200001</misses>
				<total>0</total>
				<timestamp>2210.704624</timestamp>
			</report>
			<report>
				<misses>350300001</misses>
				<total>0</total>
				<timestamp>2211.335196</timestamp>
			</report>
			<report>
				<misses>350400001</misses>
				<total>0</total>
				<timestamp>2211.969263</timestamp>
			</report>
			<report>
				<misses>350500001</misses>
				<total>0</total>
				<timestamp>2212.600822</timestamp>
			</report>
			<report>
				<misses>350600001</misses>
				<total>0</total>
				<timestamp>2213.229423</timestamp>
			</report>
			<report>
				<misses>350700001</misses>
				<total>0</total>
				<timestamp>2213.851461</timestamp>
			</report>
			<report>
				<misses>350800001</misses>
				<total>0</total>
				<timestamp>2214.487530</timestamp>
			</report>
			<report>
				<misses>350900001</misses>
				<total>0</total>
				<timestamp>2215.127506</timestamp>
			</report>
			<report>
				<misses>351000001</misses>
				<total>0</total>
				<timestamp>2215.766109</timestamp>
			</report>
			<report>
				<misses>351100001</misses>
				<total>0</total>
				<timestamp>2216.395212</timestamp>
			</report>
			<report>
				<misses>351200001</misses>
				<total>0</total>
				<timestamp>2217.027065</timestamp>
			</report>
			<report>
				<misses>351300001</misses>
				<total>0</total>
				<timestamp>2217.652079</timestamp>
			</report>
			<report>
				<misses>351400001</misses>
				<total>0</total>
				<timestamp>2218.287117</timestamp>
			</report>
			<report>
				<misses>351500001</misses>
				<total>0</total>
				<timestamp>2218.928913</timestamp>
			</report>
			<report>
				<misses>351600001</misses>
				<total>0</total>
				<timestamp>2219.558635</timestamp>
			</report>
			<report>
				<misses>351700001</misses>
				<total>0</total>
				<timestamp>2220.207105</timestamp>
			</report>
			<report>
				<misses>351800001</misses>
				<total>0</total>
				<timestamp>2220.836828</timestamp>
			</report>
			<report>
				<misses>351900001</misses>
				<total>0</total>
				<timestamp>2221.464573</timestamp>
			</report>
			<report>
				<misses>352000001</misses>
				<total>0</total>
				<timestamp>2222.093612</timestamp>
			</report>
			<report>
				<misses>352100001</misses>
				<total>0</total>
				<timestamp>2222.721455</timestamp>
			</report>
			<report>
				<misses>352200001</misses>
				<total>0</total>
				<timestamp>2223.344784</timestamp>
			</report>
			<report>
				<misses>352300001</misses>
				<total>0</total>
				<timestamp>2223.974079</timestamp>
			</report>
			<report>
				<misses>352400001</misses>
				<total>0</total>
				<timestamp>2224.600820</timestamp>
			</report>
			<report>
				<misses>352500001</misses>
				<total>0</total>
				<timestamp>2225.231040</timestamp>
			</report>
			<report>
				<misses>352600001</misses>
				<total>0</total>
				<timestamp>2225.860341</timestamp>
			</report>
			<report>
				<misses>352700001</misses>
				<total>0</total>
				<timestamp>2226.491270</timestamp>
			</report>
			<report>
				<misses>352800001</misses>
				<total>0</total>
				<timestamp>2227.142682</timestamp>
			</report>
			<report>
				<misses>352900001</misses>
				<total>0</total>
				<timestamp>2227.777152</timestamp>
			</report>
			<report>
				<misses>353000001</misses>
				<total>0</total>
				<timestamp>2228.409187</timestamp>
			</report>
			<report>
				<misses>353100001</misses>
				<total>0</total>
				<timestamp>2229.043761</timestamp>
			</report>
			<report>
				<misses>353200001</misses>
				<total>0</total>
				<timestamp>2229.668026</timestamp>
			</report>
			<report>
				<misses>353300001</misses>
				<total>0</total>
				<timestamp>2230.298490</timestamp>
			</report>
			<report>
				<misses>353400001</misses>
				<total>0</total>
				<timestamp>2230.921736</timestamp>
			</report>
			<report>
				<misses>353500001</misses>
				<total>0</total>
				<timestamp>2231.543268</timestamp>
			</report>
			<report>
				<misses>353600001</misses>
				<total>0</total>
				<timestamp>2232.169882</timestamp>
			</report>
			<report>
				<misses>353700001</misses>
				<total>0</total>
				<timestamp>2232.796084</timestamp>
			</report>
			<report>
				<misses>353800001</misses>
				<total>0</total>
				<timestamp>2233.422857</timestamp>
			</report>
			<report>
				<misses>353900001</misses>
				<total>0</total>
				<timestamp>2234.050078</timestamp>
			</report>
			<report>
				<misses>354000001</misses>
				<total>0</total>
				<timestamp>2234.675452</timestamp>
			</report>
			<report>
				<misses>354100001</misses>
				<total>0</total>
				<timestamp>2235.314325</timestamp>
			</report>
			<report>
				<misses>354200001</misses>
				<total>0</total>
				<timestamp>2235.940341</timestamp>
			</report>
			<report>
				<misses>354300001</misses>
				<total>0</total>
				<timestamp>2236.563670</timestamp>
			</report>
			<report>
				<misses>354400001</misses>
				<total>0</total>
				<timestamp>2237.196585</timestamp>
			</report>
			<report>
				<misses>354500001</misses>
				<total>0</total>
				<timestamp>2237.830056</timestamp>
			</report>
			<report>
				<misses>354600001</misses>
				<total>0</total>
				<timestamp>2238.455267</timestamp>
			</report>
			<report>
				<misses>354700001</misses>
				<total>0</total>
				<timestamp>2239.079480</timestamp>
			</report>
			<report>
				<misses>354800001</misses>
				<total>0</total>
				<timestamp>2239.707653</timestamp>
			</report>
			<report>
				<misses>354900001</misses>
				<total>0</total>
				<timestamp>2240.333486</timestamp>
			</report>
			<report>
				<misses>355000001</misses>
				<total>0</total>
				<timestamp>2240.959647</timestamp>
			</report>
			<report>
				<misses>355100001</misses>
				<total>0</total>
				<timestamp>2241.585503</timestamp>
			</report>
			<report>
				<misses>355200001</misses>
				<total>0</total>
				<timestamp>2242.215769</timestamp>
			</report>
			<report>
				<misses>355300001</misses>
				<total>0</total>
				<timestamp>2242.843581</timestamp>
			</report>
			<report>
				<misses>355400001</misses>
				<total>0</total>
				<timestamp>2243.482137</timestamp>
			</report>
			<report>
				<misses>355500001</misses>
				<total>0</total>
				<timestamp>2244.111635</timestamp>
			</report>
			<report>
				<misses>355600001</misses>
				<total>0</total>
				<timestamp>2244.744301</timestamp>
			</report>
			<report>
				<misses>355700001</misses>
				<total>0</total>
				<timestamp>2245.381603</timestamp>
			</report>
			<report>
				<misses>355800001</misses>
				<total>0</total>
				<timestamp>2246.010750</timestamp>
			</report>
			<report>
				<misses>355900001</misses>
				<total>0</total>
				<timestamp>2246.641316</timestamp>
			</report>
			<report>
				<misses>356000001</misses>
				<total>0</total>
				<timestamp>2247.271456</timestamp>
			</report>
			<report>
				<misses>356100001</misses>
				<total>0</total>
				<timestamp>2247.901969</timestamp>
			</report>
			<report>
				<misses>356200001</misses>
				<total>0</total>
				<timestamp>2248.532642</timestamp>
			</report>
			<report>
				<misses>356300001</misses>
				<total>0</total>
				<timestamp>2249.159058</timestamp>
			</report>
			<report>
				<misses>356400001</misses>
				<total>0</total>
				<timestamp>2249.784654</timestamp>
			</report>
			<report>
				<misses>356500001</misses>
				<total>0</total>
				<timestamp>2250.411655</timestamp>
			</report>
			<report>
				<misses>356600001</misses>
				<total>0</total>
				<timestamp>2251.038201</timestamp>
			</report>
			<report>
				<misses>356700001</misses>
				<total>0</total>
				<timestamp>2251.666156</timestamp>
			</report>
			<report>
				<misses>356800001</misses>
				<total>0</total>
				<timestamp>2252.299832</timestamp>
			</report>
			<report>
				<misses>356900001</misses>
				<total>0</total>
				<timestamp>2252.932622</timestamp>
			</report>
			<report>
				<misses>357000001</misses>
				<total>0</total>
				<timestamp>2253.559123</timestamp>
			</report>
			<report>
				<misses>357100001</misses>
				<total>0</total>
				<timestamp>2254.187376</timestamp>
			</report>
			<report>
				<misses>357200001</misses>
				<total>0</total>
				<timestamp>2254.822579</timestamp>
			</report>
			<report>
				<misses>357300001</misses>
				<total>0</total>
				<timestamp>2255.458855</timestamp>
			</report>
			<report>
				<misses>357400001</misses>
				<total>0</total>
				<timestamp>2256.089433</timestamp>
			</report>
			<report>
				<misses>357500001</misses>
				<total>0</total>
				<timestamp>2256.743949</timestamp>
			</report>
			<report>
				<misses>357600001</misses>
				<total>0</total>
				<timestamp>2257.372855</timestamp>
			</report>
			<report>
				<misses>357700001</misses>
				<total>0</total>
				<timestamp>2258.009405</timestamp>
			</report>
			<report>
				<misses>357800001</misses>
				<total>0</total>
				<timestamp>2258.645682</timestamp>
			</report>
			<report>
				<misses>357900001</misses>
				<total>0</total>
				<timestamp>2259.279904</timestamp>
			</report>
			<report>
				<misses>358000001</misses>
				<total>0</total>
				<timestamp>2259.914442</timestamp>
			</report>
			<report>
				<misses>358100001</misses>
				<total>0</total>
				<timestamp>2260.546872</timestamp>
			</report>
			<report>
				<misses>358200001</misses>
				<total>0</total>
				<timestamp>2261.197860</timestamp>
			</report>
			<report>
				<misses>358300001</misses>
				<total>0</total>
				<timestamp>2261.826259</timestamp>
			</report>
			<report>
				<misses>358400001</misses>
				<total>0</total>
				<timestamp>2262.448606</timestamp>
			</report>
			<report>
				<misses>358500001</misses>
				<total>0</total>
				<timestamp>2263.078328</timestamp>
			</report>
			<report>
				<misses>358600001</misses>
				<total>0</total>
				<timestamp>2263.705411</timestamp>
			</report>
			<report>
				<misses>358700001</misses>
				<total>0</total>
				<timestamp>2264.340362</timestamp>
			</report>
			<report>
				<misses>358800001</misses>
				<total>0</total>
				<timestamp>2264.998466</timestamp>
			</report>
			<report>
				<misses>358900001</misses>
				<total>0</total>
				<timestamp>2265.636017</timestamp>
			</report>
			<report>
				<misses>359000001</misses>
				<total>0</total>
				<timestamp>2266.263247</timestamp>
			</report>
			<report>
				<misses>359100001</misses>
				<total>0</total>
				<timestamp>2266.889260</timestamp>
			</report>
			<report>
				<misses>359200001</misses>
				<total>0</total>
				<timestamp>2267.522274</timestamp>
			</report>
			<report>
				<misses>359300001</misses>
				<total>0</total>
				<timestamp>2268.162232</timestamp>
			</report>
			<report>
				<misses>359400001</misses>
				<total>0</total>
				<timestamp>2268.794336</timestamp>
			</report>
			<report>
				<misses>359500001</misses>
				<total>0</total>
				<timestamp>2269.427629</timestamp>
			</report>
			<report>
				<misses>359600001</misses>
				<total>0</total>
				<timestamp>2270.061021</timestamp>
			</report>
			<report>
				<misses>359700001</misses>
				<total>0</total>
				<timestamp>2270.689391</timestamp>
			</report>
			<report>
				<misses>359800001</misses>
				<total>0</total>
				<timestamp>2271.323069</timestamp>
			</report>
			<report>
				<misses>359900001</misses>
				<total>0</total>
				<timestamp>2271.952335</timestamp>
			</report>
			<report>
				<misses>360000001</misses>
				<total>0</total>
				<timestamp>2272.579122</timestamp>
			</report>
			<report>
				<misses>360100001</misses>
				<total>0</total>
				<timestamp>2273.207169</timestamp>
			</report>
			<report>
				<misses>360200001</misses>
				<total>0</total>
				<timestamp>2273.835158</timestamp>
			</report>
			<report>
				<misses>360300001</misses>
				<total>0</total>
				<timestamp>2274.462795</timestamp>
			</report>
			<report>
				<misses>360400001</misses>
				<total>0</total>
				<timestamp>2275.090333</timestamp>
			</report>
			<report>
				<misses>360500001</misses>
				<total>0</total>
				<timestamp>2275.721323</timestamp>
			</report>
			<report>
				<misses>360600001</misses>
				<total>0</total>
				<timestamp>2276.354806</timestamp>
			</report>
			<report>
				<misses>360700001</misses>
				<total>0</total>
				<timestamp>2276.984419</timestamp>
			</report>
			<report>
				<misses>360800001</misses>
				<total>0</total>
				<timestamp>2277.627807</timestamp>
			</report>
			<report>
				<misses>360900001</misses>
				<total>0</total>
				<timestamp>2278.259697</timestamp>
			</report>
			<report>
				<misses>361000001</misses>
				<total>0</total>
				<timestamp>2278.896895</timestamp>
			</report>
			<report>
				<misses>361100001</misses>
				<total>0</total>
				<timestamp>2279.535312</timestamp>
			</report>
			<report>
				<misses>361200001</misses>
				<total>0</total>
				<timestamp>2280.170963</timestamp>
			</report>
			<report>
				<misses>361300001</misses>
				<total>0</total>
				<timestamp>2280.806402</timestamp>
			</report>
			<report>
				<misses>361400001</misses>
				<total>0</total>
				<timestamp>2281.438985</timestamp>
			</report>
			<report>
				<misses>361500001</misses>
				<total>0</total>
				<timestamp>2282.071341</timestamp>
			</report>
			<report>
				<misses>361600001</misses>
				<total>0</total>
				<timestamp>2282.697430</timestamp>
			</report>
			<report>
				<misses>361700001</misses>
				<total>0</total>
				<timestamp>2283.336413</timestamp>
			</report>
			<report>
				<misses>361800001</misses>
				<total>0</total>
				<timestamp>2283.975621</timestamp>
			</report>
			<report>
				<misses>361900001</misses>
				<total>0</total>
				<timestamp>2284.615090</timestamp>
			</report>
			<report>
				<misses>362000001</misses>
				<total>0</total>
				<timestamp>2285.254862</timestamp>
			</report>
			<report>
				<misses>362100001</misses>
				<total>0</total>
				<timestamp>2285.886856</timestamp>
			</report>
			<report>
				<misses>362200001</misses>
				<total>0</total>
				<timestamp>2286.516561</timestamp>
			</report>
			<report>
				<misses>362300001</misses>
				<total>0</total>
				<timestamp>2287.150113</timestamp>
			</report>
			<report>
				<misses>362400001</misses>
				<total>0</total>
				<timestamp>2287.776426</timestamp>
			</report>
			<report>
				<misses>362500001</misses>
				<total>0</total>
				<timestamp>2288.404456</timestamp>
			</report>
			<report>
				<misses>362600001</misses>
				<total>0</total>
				<timestamp>2289.031479</timestamp>
			</report>
			<report>
				<misses>362700001</misses>
				<total>0</total>
				<timestamp>2289.665117</timestamp>
			</report>
			<report>
				<misses>362800001</misses>
				<total>0</total>
				<timestamp>2290.297080</timestamp>
			</report>
			<report>
				<misses>362900001</misses>
				<total>0</total>
				<timestamp>2290.933540</timestamp>
			</report>
			<report>
				<misses>363000001</misses>
				<total>0</total>
				<timestamp>2291.561877</timestamp>
			</report>
			<report>
				<misses>363100001</misses>
				<total>0</total>
				<timestamp>2292.188956</timestamp>
			</report>
			<report>
				<misses>363200001</misses>
				<total>0</total>
				<timestamp>2292.817520</timestamp>
			</report>
			<report>
				<misses>363300001</misses>
				<total>0</total>
				<timestamp>2293.451258</timestamp>
			</report>
			<report>
				<misses>363400001</misses>
				<total>0</total>
				<timestamp>2294.090517</timestamp>
			</report>
			<report>
				<misses>363500001</misses>
				<total>0</total>
				<timestamp>2294.731049</timestamp>
			</report>
			<report>
				<misses>363600001</misses>
				<total>0</total>
				<timestamp>2295.364009</timestamp>
			</report>
			<report>
				<misses>363700001</misses>
				<total>0</total>
				<timestamp>2295.990928</timestamp>
			</report>
			<report>
				<misses>363800001</misses>
				<total>0</total>
				<timestamp>2296.627283</timestamp>
			</report>
			<report>
				<misses>363900001</misses>
				<total>0</total>
				<timestamp>2297.255334</timestamp>
			</report>
			<report>
				<misses>364000001</misses>
				<total>0</total>
				<timestamp>2297.887597</timestamp>
			</report>
			<report>
				<misses>364100001</misses>
				<total>0</total>
				<timestamp>2298.515846</timestamp>
			</report>
			<report>
				<misses>364200001</misses>
				<total>0</total>
				<timestamp>2299.146720</timestamp>
			</report>
			<report>
				<misses>364300001</misses>
				<total>0</total>
				<timestamp>2299.778194</timestamp>
			</report>
			<report>
				<misses>364400001</misses>
				<total>0</total>
				<timestamp>2300.402676</timestamp>
			</report>
			<report>
				<misses>364500001</misses>
				<total>0</total>
				<timestamp>2301.039679</timestamp>
			</report>
			<report>
				<misses>364600001</misses>
				<total>0</total>
				<timestamp>2301.672821</timestamp>
			</report>
			<report>
				<misses>364700001</misses>
				<total>0</total>
				<timestamp>2302.301826</timestamp>
			</report>
			<report>
				<misses>364800001</misses>
				<total>0</total>
				<timestamp>2302.934019</timestamp>
			</report>
			<report>
				<misses>364900001</misses>
				<total>0</total>
				<timestamp>2303.562633</timestamp>
			</report>
			<report>
				<misses>365000001</misses>
				<total>0</total>
				<timestamp>2304.187966</timestamp>
			</report>
			<report>
				<misses>365100001</misses>
				<total>0</total>
				<timestamp>2304.811095</timestamp>
			</report>
			<report>
				<misses>365200001</misses>
				<total>0</total>
				<timestamp>2305.439304</timestamp>
			</report>
			<report>
				<misses>365300001</misses>
				<total>0</total>
				<timestamp>2306.063099</timestamp>
			</report>
			<report>
				<misses>365400001</misses>
				<total>0</total>
				<timestamp>2306.690410</timestamp>
			</report>
			<report>
				<misses>365500001</misses>
				<total>0</total>
				<timestamp>2307.315518</timestamp>
			</report>
			<report>
				<misses>365600001</misses>
				<total>0</total>
				<timestamp>2307.947163</timestamp>
			</report>
			<report>
				<misses>365700001</misses>
				<total>0</total>
				<timestamp>2308.573641</timestamp>
			</report>
			<report>
				<misses>365800001</misses>
				<total>0</total>
				<timestamp>2309.209116</timestamp>
			</report>
			<report>
				<misses>365900001</misses>
				<total>0</total>
				<timestamp>2309.839894</timestamp>
			</report>
			<report>
				<misses>366000001</misses>
				<total>0</total>
				<timestamp>2310.466445</timestamp>
			</report>
			<report>
				<misses>366100001</misses>
				<total>0</total>
				<timestamp>2311.100636</timestamp>
			</report>
			<report>
				<misses>366200001</misses>
				<total>0</total>
				<timestamp>2311.729459</timestamp>
			</report>
			<report>
				<misses>366300001</misses>
				<total>0</total>
				<timestamp>2312.356157</timestamp>
			</report>
			<report>
				<misses>366400001</misses>
				<total>0</total>
				<timestamp>2312.983770</timestamp>
			</report>
			<report>
				<misses>366500001</misses>
				<total>0</total>
				<timestamp>2313.608714</timestamp>
			</report>
			<report>
				<misses>366600001</misses>
				<total>0</total>
				<timestamp>2314.238654</timestamp>
			</report>
			<report>
				<misses>366700001</misses>
				<total>0</total>
				<timestamp>2314.868138</timestamp>
			</report>
			<report>
				<misses>366800001</misses>
				<total>0</total>
				<timestamp>2315.495211</timestamp>
			</report>
			<report>
				<misses>366900001</misses>
				<total>0</total>
				<timestamp>2316.132856</timestamp>
			</report>
			<report>
				<misses>367000001</misses>
				<total>0</total>
				<timestamp>2316.759700</timestamp>
			</report>
			<report>
				<misses>367100001</misses>
				<total>0</total>
				<timestamp>2317.390156</timestamp>
			</report>
			<report>
				<misses>367200001</misses>
				<total>0</total>
				<timestamp>2318.020559</timestamp>
			</report>
			<report>
				<misses>367300001</misses>
				<total>0</total>
				<timestamp>2318.653343</timestamp>
			</report>
			<report>
				<misses>367400001</misses>
				<total>0</total>
				<timestamp>2319.284248</timestamp>
			</report>
			<report>
				<misses>367500001</misses>
				<total>0</total>
				<timestamp>2319.908834</timestamp>
			</report>
			<report>
				<misses>367600001</misses>
				<total>0</total>
				<timestamp>2320.536683</timestamp>
			</report>
			<report>
				<misses>367700001</misses>
				<total>0</total>
				<timestamp>2321.157488</timestamp>
			</report>
			<report>
				<misses>367800001</misses>
				<total>0</total>
				<timestamp>2321.782922</timestamp>
			</report>
			<report>
				<misses>367900001</misses>
				<total>0</total>
				<timestamp>2322.409719</timestamp>
			</report>
			<report>
				<misses>368000001</misses>
				<total>0</total>
				<timestamp>2323.040837</timestamp>
			</report>
			<report>
				<misses>368100001</misses>
				<total>0</total>
				<timestamp>2323.670766</timestamp>
			</report>
			<report>
				<misses>368200001</misses>
				<total>0</total>
				<timestamp>2324.305670</timestamp>
			</report>
			<report>
				<misses>368300001</misses>
				<total>0</total>
				<timestamp>2324.944619</timestamp>
			</report>
			<report>
				<misses>368400001</misses>
				<total>0</total>
				<timestamp>2325.577504</timestamp>
			</report>
			<report>
				<misses>368500001</misses>
				<total>0</total>
				<timestamp>2326.199613</timestamp>
			</report>
			<report>
				<misses>368600001</misses>
				<total>0</total>
				<timestamp>2326.827658</timestamp>
			</report>
			<report>
				<misses>368700001</misses>
				<total>0</total>
				<timestamp>2327.488712</timestamp>
			</report>
			<report>
				<misses>368800001</misses>
				<total>0</total>
				<timestamp>2328.110632</timestamp>
			</report>
			<report>
				<misses>368900001</misses>
				<total>0</total>
				<timestamp>2328.731851</timestamp>
			</report>
			<report>
				<misses>369000001</misses>
				<total>0</total>
				<timestamp>2329.360508</timestamp>
			</report>
			<report>
				<misses>369100001</misses>
				<total>0</total>
				<timestamp>2329.987495</timestamp>
			</report>
			<report>
				<misses>369200001</misses>
				<total>0</total>
				<timestamp>2330.611224</timestamp>
			</report>
			<report>
				<misses>369300001</misses>
				<total>0</total>
				<timestamp>2331.248255</timestamp>
			</report>
			<report>
				<misses>369400001</misses>
				<total>0</total>
				<timestamp>2331.876370</timestamp>
			</report>
			<report>
				<misses>369500001</misses>
				<total>0</total>
				<timestamp>2332.507079</timestamp>
			</report>
			<report>
				<misses>369600001</misses>
				<total>0</total>
				<timestamp>2333.133164</timestamp>
			</report>
			<report>
				<misses>369700001</misses>
				<total>0</total>
				<timestamp>2333.765785</timestamp>
			</report>
			<report>
				<misses>369800001</misses>
				<total>0</total>
				<timestamp>2334.402269</timestamp>
			</report>
			<report>
				<misses>369900001</misses>
				<total>0</total>
				<timestamp>2335.033757</timestamp>
			</report>
			<report>
				<misses>370000001</misses>
				<total>0</total>
				<timestamp>2335.672856</timestamp>
			</report>
			<report>
				<misses>370100001</misses>
				<total>0</total>
				<timestamp>2336.304763</timestamp>
			</report>
			<report>
				<misses>370200001</misses>
				<total>0</total>
				<timestamp>2336.932051</timestamp>
			</report>
			<report>
				<misses>370300001</misses>
				<total>0</total>
				<timestamp>2337.562367</timestamp>
			</report>
			<report>
				<misses>370400001</misses>
				<total>0</total>
				<timestamp>2338.187565</timestamp>
			</report>
			<report>
				<misses>370500001</misses>
				<total>0</total>
				<timestamp>2338.811301</timestamp>
			</report>
			<report>
				<misses>370600001</misses>
				<total>0</total>
				<timestamp>2339.444752</timestamp>
			</report>
			<report>
				<misses>370700001</misses>
				<total>0</total>
				<timestamp>2340.074624</timestamp>
			</report>
			<report>
				<misses>370800001</misses>
				<total>0</total>
				<timestamp>2340.700011</timestamp>
			</report>
			<report>
				<misses>370900001</misses>
				<total>0</total>
				<timestamp>2341.323185</timestamp>
			</report>
			<report>
				<misses>371000001</misses>
				<total>0</total>
				<timestamp>2341.947843</timestamp>
			</report>
			<report>
				<misses>371100001</misses>
				<total>0</total>
				<timestamp>2342.584211</timestamp>
			</report>
			<report>
				<misses>371200001</misses>
				<total>0</total>
				<timestamp>2343.225763</timestamp>
			</report>
			<report>
				<misses>371300001</misses>
				<total>0</total>
				<timestamp>2343.854649</timestamp>
			</report>
			<report>
				<misses>371400001</misses>
				<total>0</total>
				<timestamp>2344.480306</timestamp>
			</report>
			<report>
				<misses>371500001</misses>
				<total>0</total>
				<timestamp>2345.114904</timestamp>
			</report>
			<report>
				<misses>371600001</misses>
				<total>0</total>
				<timestamp>2345.745069</timestamp>
			</report>
			<report>
				<misses>371700001</misses>
				<total>0</total>
				<timestamp>2346.397888</timestamp>
			</report>
			<report>
				<misses>371800001</misses>
				<total>0</total>
				<timestamp>2347.038505</timestamp>
			</report>
			<report>
				<misses>371900001</misses>
				<total>0</total>
				<timestamp>2347.666113</timestamp>
			</report>
			<report>
				<misses>372000001</misses>
				<total>0</total>
				<timestamp>2348.311225</timestamp>
			</report>
			<report>
				<misses>372100001</misses>
				<total>0</total>
				<timestamp>2348.943174</timestamp>
			</report>
			<report>
				<misses>372200001</misses>
				<total>0</total>
				<timestamp>2349.565888</timestamp>
			</report>
			<report>
				<misses>372300001</misses>
				<total>0</total>
				<timestamp>2350.196985</timestamp>
			</report>
			<report>
				<misses>372400001</misses>
				<total>0</total>
				<timestamp>2350.830395</timestamp>
			</report>
			<report>
				<misses>372500001</misses>
				<total>0</total>
				<timestamp>2351.457363</timestamp>
			</report>
			<report>
				<misses>372600001</misses>
				<total>0</total>
				<timestamp>2352.085449</timestamp>
			</report>
			<report>
				<misses>372700001</misses>
				<total>0</total>
				<timestamp>2352.720550</timestamp>
			</report>
			<report>
				<misses>372800001</misses>
				<total>0</total>
				<timestamp>2353.355069</timestamp>
			</report>
			<report>
				<misses>372900001</misses>
				<total>0</total>
				<timestamp>2353.980604</timestamp>
			</report>
			<report>
				<misses>373000001</misses>
				<total>0</total>
				<timestamp>2354.622283</timestamp>
			</report>
			<report>
				<misses>373100001</misses>
				<total>0</total>
				<timestamp>2355.249722</timestamp>
			</report>
			<report>
				<misses>373200001</misses>
				<total>0</total>
				<timestamp>2355.883849</timestamp>
			</report>
			<report>
				<misses>373300001</misses>
				<total>0</total>
				<timestamp>2356.529858</timestamp>
			</report>
			<report>
				<misses>373400001</misses>
				<total>0</total>
				<timestamp>2357.177953</timestamp>
			</report>
			<report>
				<misses>373500001</misses>
				<total>0</total>
				<timestamp>2357.817868</timestamp>
			</report>
			<report>
				<misses>373600001</misses>
				<total>0</total>
				<timestamp>2358.452187</timestamp>
			</report>
			<report>
				<misses>373700001</misses>
				<total>0</total>
				<timestamp>2359.102860</timestamp>
			</report>
			<report>
				<misses>373800001</misses>
				<total>0</total>
				<timestamp>2359.727828</timestamp>
			</report>
			<report>
				<misses>373900001</misses>
				<total>0</total>
				<timestamp>2360.360459</timestamp>
			</report>
			<report>
				<misses>374000001</misses>
				<total>0</total>
				<timestamp>2360.987089</timestamp>
			</report>
			<report>
				<misses>374100001</misses>
				<total>0</total>
				<timestamp>2361.614364</timestamp>
			</report>
			<report>
				<misses>374200001</misses>
				<total>0</total>
				<timestamp>2362.238861</timestamp>
			</report>
			<report>
				<misses>374300001</misses>
				<total>0</total>
				<timestamp>2362.863931</timestamp>
			</report>
			<report>
				<misses>374400001</misses>
				<total>0</total>
				<timestamp>2363.483745</timestamp>
			</report>
			<report>
				<misses>374500001</misses>
				<total>0</total>
				<timestamp>2364.111468</timestamp>
			</report>
			<report>
				<misses>374600001</misses>
				<total>0</total>
				<timestamp>2364.745775</timestamp>
			</report>
			<report>
				<misses>374700001</misses>
				<total>0</total>
				<timestamp>2365.372105</timestamp>
			</report>
			<report>
				<misses>374800001</misses>
				<total>0</total>
				<timestamp>2365.994392</timestamp>
			</report>
			<report>
				<misses>374900001</misses>
				<total>0</total>
				<timestamp>2366.629383</timestamp>
			</report>
			<report>
				<misses>375000001</misses>
				<total>0</total>
				<timestamp>2367.267371</timestamp>
			</report>
			<report>
				<misses>375100001</misses>
				<total>0</total>
				<timestamp>2367.898571</timestamp>
			</report>
			<report>
				<misses>375200001</misses>
				<total>0</total>
				<timestamp>2368.534665</timestamp>
			</report>
			<report>
				<misses>375300001</misses>
				<total>0</total>
				<timestamp>2369.159804</timestamp>
			</report>
			<report>
				<misses>375400001</misses>
				<total>0</total>
				<timestamp>2369.800076</timestamp>
			</report>
			<report>
				<misses>375500001</misses>
				<total>0</total>
				<timestamp>2370.447710</timestamp>
			</report>
			<report>
				<misses>375600001</misses>
				<total>0</total>
				<timestamp>2371.086264</timestamp>
			</report>
			<report>
				<misses>375700001</misses>
				<total>0</total>
				<timestamp>2371.714033</timestamp>
			</report>
			<report>
				<misses>375800001</misses>
				<total>0</total>
				<timestamp>2372.339906</timestamp>
			</report>
			<report>
				<misses>375900001</misses>
				<total>0</total>
				<timestamp>2372.964568</timestamp>
			</report>
			<report>
				<misses>376000001</misses>
				<total>0</total>
				<timestamp>2373.594224</timestamp>
			</report>
			<report>
				<misses>376100001</misses>
				<total>0</total>
				<timestamp>2374.225314</timestamp>
			</report>
			<report>
				<misses>376200001</misses>
				<total>0</total>
				<timestamp>2374.864564</timestamp>
			</report>
			<report>
				<misses>376300001</misses>
				<total>0</total>
				<timestamp>2375.494037</timestamp>
			</report>
			<report>
				<misses>376400001</misses>
				<total>0</total>
				<timestamp>2376.120029</timestamp>
			</report>
			<report>
				<misses>376500001</misses>
				<total>0</total>
				<timestamp>2376.755038</timestamp>
			</report>
			<report>
				<misses>376600001</misses>
				<total>0</total>
				<timestamp>2377.388799</timestamp>
			</report>
			<report>
				<misses>376700001</misses>
				<total>0</total>
				<timestamp>2378.015847</timestamp>
			</report>
			<report>
				<misses>376800001</misses>
				<total>0</total>
				<timestamp>2378.645696</timestamp>
			</report>
			<report>
				<misses>376900001</misses>
				<total>0</total>
				<timestamp>2379.279378</timestamp>
			</report>
			<report>
				<misses>377000001</misses>
				<total>0</total>
				<timestamp>2379.902946</timestamp>
			</report>
			<report>
				<misses>377100001</misses>
				<total>0</total>
				<timestamp>2380.539808</timestamp>
			</report>
			<report>
				<misses>377200001</misses>
				<total>0</total>
				<timestamp>2381.167704</timestamp>
			</report>
			<report>
				<misses>377300001</misses>
				<total>0</total>
				<timestamp>2381.795082</timestamp>
			</report>
			<report>
				<misses>377400001</misses>
				<total>0</total>
				<timestamp>2382.435144</timestamp>
			</report>
			<report>
				<misses>377500001</misses>
				<total>0</total>
				<timestamp>2383.059321</timestamp>
			</report>
			<report>
				<misses>377600001</misses>
				<total>0</total>
				<timestamp>2383.682720</timestamp>
			</report>
			<report>
				<misses>377700001</misses>
				<total>0</total>
				<timestamp>2384.309465</timestamp>
			</report>
			<report>
				<misses>377800001</misses>
				<total>0</total>
				<timestamp>2384.932120</timestamp>
			</report>
			<report>
				<misses>377900001</misses>
				<total>0</total>
				<timestamp>2385.557621</timestamp>
			</report>
			<report>
				<misses>378000001</misses>
				<total>0</total>
				<timestamp>2386.213131</timestamp>
			</report>
			<report>
				<misses>378100001</misses>
				<total>0</total>
				<timestamp>2386.836979</timestamp>
			</report>
			<report>
				<misses>378200001</misses>
				<total>0</total>
				<timestamp>2387.458654</timestamp>
			</report>
			<report>
				<misses>378300001</misses>
				<total>0</total>
				<timestamp>2388.097634</timestamp>
			</report>
			<report>
				<misses>378400001</misses>
				<total>0</total>
				<timestamp>2388.721868</timestamp>
			</report>
			<report>
				<misses>378500001</misses>
				<total>0</total>
				<timestamp>2389.353283</timestamp>
			</report>
			<report>
				<misses>378600001</misses>
				<total>0</total>
				<timestamp>2389.988417</timestamp>
			</report>
			<report>
				<misses>378700001</misses>
				<total>0</total>
				<timestamp>2390.615090</timestamp>
			</report>
			<report>
				<misses>378800001</misses>
				<total>0</total>
				<timestamp>2391.246207</timestamp>
			</report>
			<report>
				<misses>378900001</misses>
				<total>0</total>
				<timestamp>2391.878696</timestamp>
			</report>
			<report>
				<misses>379000001</misses>
				<total>0</total>
				<timestamp>2392.514180</timestamp>
			</report>
			<report>
				<misses>379100001</misses>
				<total>0</total>
				<timestamp>2393.155105</timestamp>
			</report>
			<report>
				<misses>379200001</misses>
				<total>0</total>
				<timestamp>2393.784694</timestamp>
			</report>
			<report>
				<misses>379300001</misses>
				<total>0</total>
				<timestamp>2394.422293</timestamp>
			</report>
			<report>
				<misses>379400001</misses>
				<total>0</total>
				<timestamp>2395.048500</timestamp>
			</report>
			<report>
				<misses>379500001</misses>
				<total>0</total>
				<timestamp>2395.677319</timestamp>
			</report>
			<report>
				<misses>379600001</misses>
				<total>0</total>
				<timestamp>2396.303868</timestamp>
			</report>
			<report>
				<misses>379700001</misses>
				<total>0</total>
				<timestamp>2396.926296</timestamp>
			</report>
			<report>
				<misses>379800001</misses>
				<total>0</total>
				<timestamp>2397.552045</timestamp>
			</report>
			<report>
				<misses>379900001</misses>
				<total>0</total>
				<timestamp>2398.178492</timestamp>
			</report>
			<report>
				<misses>380000001</misses>
				<total>0</total>
				<timestamp>2398.805909</timestamp>
			</report>
			<report>
				<misses>380100001</misses>
				<total>0</total>
				<timestamp>2399.443964</timestamp>
			</report>
			<report>
				<misses>380200001</misses>
				<total>0</total>
				<timestamp>2400.064876</timestamp>
			</report>
			<report>
				<misses>380300001</misses>
				<total>0</total>
				<timestamp>2400.696319</timestamp>
			</report>
			<report>
				<misses>380400001</misses>
				<total>0</total>
				<timestamp>2401.326863</timestamp>
			</report>
			<report>
				<misses>380500001</misses>
				<total>0</total>
				<timestamp>2401.959428</timestamp>
			</report>
			<report>
				<misses>380600001</misses>
				<total>0</total>
				<timestamp>2402.596037</timestamp>
			</report>
			<report>
				<misses>380700001</misses>
				<total>0</total>
				<timestamp>2403.233530</timestamp>
			</report>
			<report>
				<misses>380800001</misses>
				<total>0</total>
				<timestamp>2403.861571</timestamp>
			</report>
			<report>
				<misses>380900001</misses>
				<total>0</total>
				<timestamp>2404.488546</timestamp>
			</report>
			<report>
				<misses>381000001</misses>
				<total>0</total>
				<timestamp>2405.120838</timestamp>
			</report>
			<report>
				<misses>381100001</misses>
				<total>0</total>
				<timestamp>2405.748993</timestamp>
			</report>
			<report>
				<misses>381200001</misses>
				<total>0</total>
				<timestamp>2406.385800</timestamp>
			</report>
			<report>
				<misses>381300001</misses>
				<total>0</total>
				<timestamp>2407.013560</timestamp>
			</report>
			<report>
				<misses>381400001</misses>
				<total>0</total>
				<timestamp>2407.638557</timestamp>
			</report>
			<report>
				<misses>381500001</misses>
				<total>0</total>
				<timestamp>2408.270205</timestamp>
			</report>
			<report>
				<misses>381600001</misses>
				<total>0</total>
				<timestamp>2408.899477</timestamp>
			</report>
			<report>
				<misses>381700001</misses>
				<total>0</total>
				<timestamp>2409.536525</timestamp>
			</report>
			<report>
				<misses>381800001</misses>
				<total>0</total>
				<timestamp>2410.164403</timestamp>
			</report>
			<report>
				<misses>381900001</misses>
				<total>0</total>
				<timestamp>2410.787991</timestamp>
			</report>
			<report>
				<misses>382000001</misses>
				<total>0</total>
				<timestamp>2411.425251</timestamp>
			</report>
			<report>
				<misses>382100001</misses>
				<total>0</total>
				<timestamp>2412.069824</timestamp>
			</report>
			<report>
				<misses>382200001</misses>
				<total>0</total>
				<timestamp>2412.706716</timestamp>
			</report>
			<report>
				<misses>382300001</misses>
				<total>0</total>
				<timestamp>2413.338047</timestamp>
			</report>
			<report>
				<misses>382400001</misses>
				<total>0</total>
				<timestamp>2413.965735</timestamp>
			</report>
			<report>
				<misses>382500001</misses>
				<total>0</total>
				<timestamp>2414.589271</timestamp>
			</report>
			<report>
				<misses>382600001</misses>
				<total>0</total>
				<timestamp>2415.217609</timestamp>
			</report>
			<report>
				<misses>382700001</misses>
				<total>0</total>
				<timestamp>2415.840167</timestamp>
			</report>
			<report>
				<misses>382800001</misses>
				<total>0</total>
				<timestamp>2416.460922</timestamp>
			</report>
			<report>
				<misses>382900001</misses>
				<total>0</total>
				<timestamp>2417.092627</timestamp>
			</report>
			<report>
				<misses>383000001</misses>
				<total>0</total>
				<timestamp>2417.724090</timestamp>
			</report>
			<report>
				<misses>383100001</misses>
				<total>0</total>
				<timestamp>2418.345503</timestamp>
			</report>
			<report>
				<misses>383200001</misses>
				<total>0</total>
				<timestamp>2418.971224</timestamp>
			</report>
			<report>
				<misses>383300001</misses>
				<total>0</total>
				<timestamp>2419.620840</timestamp>
			</report>
			<report>
				<misses>383400001</misses>
				<total>0</total>
				<timestamp>2420.265659</timestamp>
			</report>
			<report>
				<misses>383500001</misses>
				<total>0</total>
				<timestamp>2420.909552</timestamp>
			</report>
			<report>
				<misses>383600001</misses>
				<total>0</total>
				<timestamp>2421.558115</timestamp>
			</report>
			<report>
				<misses>383700001</misses>
				<total>0</total>
				<timestamp>2422.187838</timestamp>
			</report>
			<report>
				<misses>383800001</misses>
				<total>0</total>
				<timestamp>2422.820138</timestamp>
			</report>
			<report>
				<misses>383900001</misses>
				<total>0</total>
				<timestamp>2423.446492</timestamp>
			</report>
			<report>
				<misses>384000001</misses>
				<total>0</total>
				<timestamp>2424.074266</timestamp>
			</report>
			<report>
				<misses>384100001</misses>
				<total>0</total>
				<timestamp>2424.700759</timestamp>
			</report>
			<report>
				<misses>384200001</misses>
				<total>0</total>
				<timestamp>2425.329704</timestamp>
			</report>
			<report>
				<misses>384300001</misses>
				<total>0</total>
				<timestamp>2425.960586</timestamp>
			</report>
			<report>
				<misses>384400001</misses>
				<total>0</total>
				<timestamp>2426.593674</timestamp>
			</report>
			<report>
				<misses>384500001</misses>
				<total>0</total>
				<timestamp>2427.223651</timestamp>
			</report>
			<report>
				<misses>384600001</misses>
				<total>0</total>
				<timestamp>2427.847541</timestamp>
			</report>
			<report>
				<misses>384700001</misses>
				<total>0</total>
				<timestamp>2428.482328</timestamp>
			</report>
			<report>
				<misses>384800001</misses>
				<total>0</total>
				<timestamp>2429.123808</timestamp>
			</report>
			<report>
				<misses>384900001</misses>
				<total>0</total>
				<timestamp>2429.750592</timestamp>
			</report>
			<report>
				<misses>385000001</misses>
				<total>0</total>
				<timestamp>2430.415361</timestamp>
			</report>
			<report>
				<misses>385100001</misses>
				<total>0</total>
				<timestamp>2431.043703</timestamp>
			</report>
			<report>
				<misses>385200001</misses>
				<total>0</total>
				<timestamp>2431.676412</timestamp>
			</report>
			<report>
				<misses>385300001</misses>
				<total>0</total>
				<timestamp>2432.303050</timestamp>
			</report>
			<report>
				<misses>385400001</misses>
				<total>0</total>
				<timestamp>2432.936662</timestamp>
			</report>
			<report>
				<misses>385500001</misses>
				<total>0</total>
				<timestamp>2433.577461</timestamp>
			</report>
			<report>
				<misses>385600001</misses>
				<total>0</total>
				<timestamp>2434.215232</timestamp>
			</report>
			<report>
				<misses>385700001</misses>
				<total>0</total>
				<timestamp>2434.851275</timestamp>
			</report>
			<report>
				<misses>385800001</misses>
				<total>0</total>
				<timestamp>2435.478968</timestamp>
			</report>
			<report>
				<misses>385900001</misses>
				<total>0</total>
				<timestamp>2436.114859</timestamp>
			</report>
			<report>
				<misses>386000001</misses>
				<total>0</total>
				<timestamp>2436.739224</timestamp>
			</report>
			<report>
				<misses>386100001</misses>
				<total>0</total>
				<timestamp>2437.373496</timestamp>
			</report>
			<report>
				<misses>386200001</misses>
				<total>0</total>
				<timestamp>2438.007448</timestamp>
			</report>
			<report>
				<misses>386300001</misses>
				<total>0</total>
				<timestamp>2438.639750</timestamp>
			</report>
			<report>
				<misses>386400001</misses>
				<total>0</total>
				<timestamp>2439.272498</timestamp>
			</report>
			<report>
				<misses>386500001</misses>
				<total>0</total>
				<timestamp>2439.899139</timestamp>
			</report>
			<report>
				<misses>386600001</misses>
				<total>0</total>
				<timestamp>2440.557670</timestamp>
			</report>
			<report>
				<misses>386700001</misses>
				<total>0</total>
				<timestamp>2441.186735</timestamp>
			</report>
			<report>
				<misses>386800001</misses>
				<total>0</total>
				<timestamp>2441.811525</timestamp>
			</report>
			<report>
				<misses>386900001</misses>
				<total>0</total>
				<timestamp>2442.439627</timestamp>
			</report>
			<report>
				<misses>387000001</misses>
				<total>0</total>
				<timestamp>2443.064189</timestamp>
			</report>
			<report>
				<misses>387100001</misses>
				<total>0</total>
				<timestamp>2443.695450</timestamp>
			</report>
			<report>
				<misses>387200001</misses>
				<total>0</total>
				<timestamp>2444.321360</timestamp>
			</report>
			<report>
				<misses>387300001</misses>
				<total>0</total>
				<timestamp>2444.957663</timestamp>
			</report>
			<report>
				<misses>387400001</misses>
				<total>0</total>
				<timestamp>2445.582025</timestamp>
			</report>
			<report>
				<misses>387500001</misses>
				<total>0</total>
				<timestamp>2446.211968</timestamp>
			</report>
			<report>
				<misses>387600001</misses>
				<total>0</total>
				<timestamp>2446.833247</timestamp>
			</report>
			<report>
				<misses>387700001</misses>
				<total>0</total>
				<timestamp>2447.469535</timestamp>
			</report>
			<report>
				<misses>387800001</misses>
				<total>0</total>
				<timestamp>2448.099743</timestamp>
			</report>
			<report>
				<misses>387900001</misses>
				<total>0</total>
				<timestamp>2448.729458</timestamp>
			</report>
			<report>
				<misses>388000001</misses>
				<total>0</total>
				<timestamp>2449.360384</timestamp>
			</report>
			<report>
				<misses>388100001</misses>
				<total>0</total>
				<timestamp>2449.987737</timestamp>
			</report>
			<report>
				<misses>388200001</misses>
				<total>0</total>
				<timestamp>2450.620529</timestamp>
			</report>
			<report>
				<misses>388300001</misses>
				<total>0</total>
				<timestamp>2451.249205</timestamp>
			</report>
			<report>
				<misses>388400001</misses>
				<total>0</total>
				<timestamp>2451.877218</timestamp>
			</report>
			<report>
				<misses>388500001</misses>
				<total>0</total>
				<timestamp>2452.504073</timestamp>
			</report>
			<report>
				<misses>388600001</misses>
				<total>0</total>
				<timestamp>2453.132406</timestamp>
			</report>
			<report>
				<misses>388700001</misses>
				<total>0</total>
				<timestamp>2453.772259</timestamp>
			</report>
			<report>
				<misses>388800001</misses>
				<total>0</total>
				<timestamp>2454.400340</timestamp>
			</report>
			<report>
				<misses>388900001</misses>
				<total>0</total>
				<timestamp>2455.022208</timestamp>
			</report>
			<report>
				<misses>389000001</misses>
				<total>0</total>
				<timestamp>2455.653820</timestamp>
			</report>
			<report>
				<misses>389100001</misses>
				<total>0</total>
				<timestamp>2456.299270</timestamp>
			</report>
			<report>
				<misses>389200001</misses>
				<total>0</total>
				<timestamp>2456.931815</timestamp>
			</report>
			<report>
				<misses>389300001</misses>
				<total>0</total>
				<timestamp>2457.561246</timestamp>
			</report>
			<report>
				<misses>389400001</misses>
				<total>0</total>
				<timestamp>2458.190269</timestamp>
			</report>
			<report>
				<misses>389500001</misses>
				<total>0</total>
				<timestamp>2458.814705</timestamp>
			</report>
			<report>
				<misses>389600001</misses>
				<total>0</total>
				<timestamp>2459.444102</timestamp>
			</report>
			<report>
				<misses>389700001</misses>
				<total>0</total>
				<timestamp>2460.078460</timestamp>
			</report>
			<report>
				<misses>389800001</misses>
				<total>0</total>
				<timestamp>2460.706695</timestamp>
			</report>
			<report>
				<misses>389900001</misses>
				<total>0</total>
				<timestamp>2461.338096</timestamp>
			</report>
			<report>
				<misses>390000001</misses>
				<total>0</total>
				<timestamp>2461.969271</timestamp>
			</report>
			<report>
				<misses>390100001</misses>
				<total>0</total>
				<timestamp>2462.606975</timestamp>
			</report>
			<report>
				<misses>390200001</misses>
				<total>0</total>
				<timestamp>2463.234256</timestamp>
			</report>
			<report>
				<misses>390300001</misses>
				<total>0</total>
				<timestamp>2463.861865</timestamp>
			</report>
			<report>
				<misses>390400001</misses>
				<total>0</total>
				<timestamp>2464.488314</timestamp>
			</report>
			<report>
				<misses>390500001</misses>
				<total>0</total>
				<timestamp>2465.132133</timestamp>
			</report>
			<report>
				<misses>390600001</misses>
				<total>0</total>
				<timestamp>2465.758237</timestamp>
			</report>
			<report>
				<misses>390700001</misses>
				<total>0</total>
				<timestamp>2466.385590</timestamp>
			</report>
			<report>
				<misses>390800001</misses>
				<total>0</total>
				<timestamp>2467.018364</timestamp>
			</report>
			<report>
				<misses>390900001</misses>
				<total>0</total>
				<timestamp>2467.643783</timestamp>
			</report>
			<report>
				<misses>391000001</misses>
				<total>0</total>
				<timestamp>2468.277891</timestamp>
			</report>
			<report>
				<misses>391100001</misses>
				<total>0</total>
				<timestamp>2468.900242</timestamp>
			</report>
			<report>
				<misses>391200001</misses>
				<total>0</total>
				<timestamp>2469.526452</timestamp>
			</report>
			<report>
				<misses>391300001</misses>
				<total>0</total>
				<timestamp>2470.162543</timestamp>
			</report>
			<report>
				<misses>391400001</misses>
				<total>0</total>
				<timestamp>2470.795439</timestamp>
			</report>
			<report>
				<misses>391500001</misses>
				<total>0</total>
				<timestamp>2471.422491</timestamp>
			</report>
			<report>
				<misses>391600001</misses>
				<total>0</total>
				<timestamp>2472.047105</timestamp>
			</report>
			<report>
				<misses>391700001</misses>
				<total>0</total>
				<timestamp>2472.670060</timestamp>
			</report>
			<report>
				<misses>391800001</misses>
				<total>0</total>
				<timestamp>2473.321263</timestamp>
			</report>
			<report>
				<misses>391900001</misses>
				<total>0</total>
				<timestamp>2473.944783</timestamp>
			</report>
			<report>
				<misses>392000001</misses>
				<total>0</total>
				<timestamp>2474.574593</timestamp>
			</report>
			<report>
				<misses>392100001</misses>
				<total>0</total>
				<timestamp>2475.199548</timestamp>
			</report>
			<report>
				<misses>392200001</misses>
				<total>0</total>
				<timestamp>2475.823902</timestamp>
			</report>
			<report>
				<misses>392300001</misses>
				<total>0</total>
				<timestamp>2476.460588</timestamp>
			</report>
			<report>
				<misses>392400001</misses>
				<total>0</total>
				<timestamp>2477.087579</timestamp>
			</report>
			<report>
				<misses>392500001</misses>
				<total>0</total>
				<timestamp>2477.719462</timestamp>
			</report>
			<report>
				<misses>392600001</misses>
				<total>0</total>
				<timestamp>2478.349415</timestamp>
			</report>
			<report>
				<misses>392700001</misses>
				<total>0</total>
				<timestamp>2478.978003</timestamp>
			</report>
			<report>
				<misses>392800001</misses>
				<total>0</total>
				<timestamp>2479.605548</timestamp>
			</report>
			<report>
				<misses>392900001</misses>
				<total>0</total>
				<timestamp>2480.234040</timestamp>
			</report>
			<report>
				<misses>393000001</misses>
				<total>0</total>
				<timestamp>2480.860766</timestamp>
			</report>
			<report>
				<misses>393100001</misses>
				<total>0</total>
				<timestamp>2481.502868</timestamp>
			</report>
			<report>
				<misses>393200001</misses>
				<total>0</total>
				<timestamp>2482.137320</timestamp>
			</report>
			<report>
				<misses>393300001</misses>
				<total>0</total>
				<timestamp>2482.759332</timestamp>
			</report>
			<report>
				<misses>393400001</misses>
				<total>0</total>
				<timestamp>2483.388736</timestamp>
			</report>
			<report>
				<misses>393500001</misses>
				<total>0</total>
				<timestamp>2484.018181</timestamp>
			</report>
			<report>
				<misses>393600001</misses>
				<total>0</total>
				<timestamp>2484.654434</timestamp>
			</report>
			<report>
				<misses>393700001</misses>
				<total>0</total>
				<timestamp>2485.278971</timestamp>
			</report>
			<report>
				<misses>393800001</misses>
				<total>0</total>
				<timestamp>2485.907435</timestamp>
			</report>
			<report>
				<misses>393900001</misses>
				<total>0</total>
				<timestamp>2486.531465</timestamp>
			</report>
			<report>
				<misses>394000001</misses>
				<total>0</total>
				<timestamp>2487.169492</timestamp>
			</report>
			<report>
				<misses>394100001</misses>
				<total>0</total>
				<timestamp>2487.799128</timestamp>
			</report>
			<report>
				<misses>394200001</misses>
				<total>0</total>
				<timestamp>2488.421707</timestamp>
			</report>
			<report>
				<misses>394300001</misses>
				<total>0</total>
				<timestamp>2489.052434</timestamp>
			</report>
			<report>
				<misses>394400001</misses>
				<total>0</total>
				<timestamp>2489.681213</timestamp>
			</report>
			<report>
				<misses>394500001</misses>
				<total>0</total>
				<timestamp>2490.311254</timestamp>
			</report>
			<report>
				<misses>394600001</misses>
				<total>0</total>
				<timestamp>2490.940526</timestamp>
			</report>
			<report>
				<misses>394700001</misses>
				<total>0</total>
				<timestamp>2491.577144</timestamp>
			</report>
			<report>
				<misses>394800001</misses>
				<total>0</total>
				<timestamp>2492.202366</timestamp>
			</report>
			<report>
				<misses>394900001</misses>
				<total>0</total>
				<timestamp>2492.829382</timestamp>
			</report>
			<report>
				<misses>395000001</misses>
				<total>0</total>
				<timestamp>2493.455314</timestamp>
			</report>
			<report>
				<misses>395100001</misses>
				<total>0</total>
				<timestamp>2494.083447</timestamp>
			</report>
			<report>
				<misses>395200001</misses>
				<total>0</total>
				<timestamp>2494.714118</timestamp>
			</report>
			<report>
				<misses>395300001</misses>
				<total>0</total>
				<timestamp>2495.341937</timestamp>
			</report>
			<report>
				<misses>395400001</misses>
				<total>0</total>
				<timestamp>2495.970152</timestamp>
			</report>
			<report>
				<misses>395500001</misses>
				<total>0</total>
				<timestamp>2496.604296</timestamp>
			</report>
			<report>
				<misses>395600001</misses>
				<total>0</total>
				<timestamp>2497.229836</timestamp>
			</report>
			<report>
				<misses>395700001</misses>
				<total>0</total>
				<timestamp>2497.856979</timestamp>
			</report>
			<report>
				<misses>395800001</misses>
				<total>0</total>
				<timestamp>2498.489972</timestamp>
			</report>
			<report>
				<misses>395900001</misses>
				<total>0</total>
				<timestamp>2499.121798</timestamp>
			</report>
			<report>
				<misses>396000001</misses>
				<total>0</total>
				<timestamp>2499.750453</timestamp>
			</report>
			<report>
				<misses>396100001</misses>
				<total>0</total>
				<timestamp>2500.378834</timestamp>
			</report>
			<report>
				<misses>396200001</misses>
				<total>0</total>
				<timestamp>2501.003056</timestamp>
			</report>
			<report>
				<misses>396300001</misses>
				<total>0</total>
				<timestamp>2501.641171</timestamp>
			</report>
			<report>
				<misses>396400001</misses>
				<total>0</total>
				<timestamp>2502.271784</timestamp>
			</report>
			<report>
				<misses>396500001</misses>
				<total>0</total>
				<timestamp>2502.893520</timestamp>
			</report>
			<report>
				<misses>396600001</misses>
				<total>0</total>
				<timestamp>2503.524706</timestamp>
			</report>
			<report>
				<misses>396700001</misses>
				<total>0</total>
				<timestamp>2504.151243</timestamp>
			</report>
			<report>
				<misses>396800001</misses>
				<total>0</total>
				<timestamp>2504.775392</timestamp>
			</report>
			<report>
				<misses>396900001</misses>
				<total>0</total>
				<timestamp>2505.399427</timestamp>
			</report>
			<report>
				<misses>397000001</misses>
				<total>0</total>
				<timestamp>2506.031861</timestamp>
			</report>
			<report>
				<misses>397100001</misses>
				<total>0</total>
				<timestamp>2506.663020</timestamp>
			</report>
			<report>
				<misses>397200001</misses>
				<total>0</total>
				<timestamp>2507.289883</timestamp>
			</report>
			<report>
				<misses>397300001</misses>
				<total>0</total>
				<timestamp>2507.909718</timestamp>
			</report>
			<report>
				<misses>397400001</misses>
				<total>0</total>
				<timestamp>2508.545457</timestamp>
			</report>
			<report>
				<misses>397500001</misses>
				<total>0</total>
				<timestamp>2509.180387</timestamp>
			</report>
			<report>
				<misses>397600001</misses>
				<total>0</total>
				<timestamp>2509.815122</timestamp>
			</report>
			<report>
				<misses>397700001</misses>
				<total>0</total>
				<timestamp>2510.452318</timestamp>
			</report>
			<report>
				<misses>397800001</misses>
				<total>0</total>
				<timestamp>2511.082447</timestamp>
			</report>
			<report>
				<misses>397900001</misses>
				<total>0</total>
				<timestamp>2511.709781</timestamp>
			</report>
			<report>
				<misses>398000001</misses>
				<total>0</total>
				<timestamp>2512.334423</timestamp>
			</report>
			<report>
				<misses>398100001</misses>
				<total>0</total>
				<timestamp>2512.973912</timestamp>
			</report>
			<report>
				<misses>398200001</misses>
				<total>0</total>
				<timestamp>2513.603135</timestamp>
			</report>
			<report>
				<misses>398300001</misses>
				<total>0</total>
				<timestamp>2514.232628</timestamp>
			</report>
			<report>
				<misses>398400001</misses>
				<total>0</total>
				<timestamp>2514.859317</timestamp>
			</report>
			<report>
				<misses>398500001</misses>
				<total>0</total>
				<timestamp>2515.500907</timestamp>
			</report>
			<report>
				<misses>398600001</misses>
				<total>0</total>
				<timestamp>2516.133272</timestamp>
			</report>
			<report>
				<misses>398700001</misses>
				<total>0</total>
				<timestamp>2516.756047</timestamp>
			</report>
			<report>
				<misses>398800001</misses>
				<total>0</total>
				<timestamp>2517.384385</timestamp>
			</report>
			<report>
				<misses>398900001</misses>
				<total>0</total>
				<timestamp>2518.012273</timestamp>
			</report>
			<report>
				<misses>399000001</misses>
				<total>0</total>
				<timestamp>2518.639411</timestamp>
			</report>
			<report>
				<misses>399100001</misses>
				<total>0</total>
				<timestamp>2519.267257</timestamp>
			</report>
			<report>
				<misses>399200001</misses>
				<total>0</total>
				<timestamp>2519.902825</timestamp>
			</report>
			<report>
				<misses>399300001</misses>
				<total>0</total>
				<timestamp>2520.532298</timestamp>
			</report>
			<report>
				<misses>399400001</misses>
				<total>0</total>
				<timestamp>2521.158820</timestamp>
			</report>
			<report>
				<misses>399500001</misses>
				<total>0</total>
				<timestamp>2521.790470</timestamp>
			</report>
			<report>
				<misses>399600001</misses>
				<total>0</total>
				<timestamp>2522.419094</timestamp>
			</report>
			<report>
				<misses>399700001</misses>
				<total>0</total>
				<timestamp>2523.046653</timestamp>
			</report>
			<report>
				<misses>399800001</misses>
				<total>0</total>
				<timestamp>2523.677358</timestamp>
			</report>
			<report>
				<misses>399900001</misses>
				<total>0</total>
				<timestamp>2524.304707</timestamp>
			</report>
			<report>
				<misses>400000001</misses>
				<total>0</total>
				<timestamp>2524.931002</timestamp>
			</report>
			<report>
				<misses>400100001</misses>
				<total>0</total>
				<timestamp>2525.560167</timestamp>
			</report>
			<report>
				<misses>400200001</misses>
				<total>0</total>
				<timestamp>2526.195066</timestamp>
			</report>
			<report>
				<misses>400300001</misses>
				<total>0</total>
				<timestamp>2526.828963</timestamp>
			</report>
			<report>
				<misses>400400001</misses>
				<total>0</total>
				<timestamp>2527.455540</timestamp>
			</report>
			<report>
				<misses>400500001</misses>
				<total>0</total>
				<timestamp>2528.094838</timestamp>
			</report>
			<report>
				<misses>400600001</misses>
				<total>0</total>
				<timestamp>2528.724129</timestamp>
			</report>
			<report>
				<misses>400700001</misses>
				<total>0</total>
				<timestamp>2529.355299</timestamp>
			</report>
			<report>
				<misses>400800001</misses>
				<total>0</total>
				<timestamp>2529.983261</timestamp>
			</report>
			<report>
				<misses>400900001</misses>
				<total>0</total>
				<timestamp>2530.608746</timestamp>
			</report>
			<report>
				<misses>401000001</misses>
				<total>0</total>
				<timestamp>2531.240056</timestamp>
			</report>
			<report>
				<misses>401100001</misses>
				<total>0</total>
				<timestamp>2531.868685</timestamp>
			</report>
			<report>
				<misses>401200001</misses>
				<total>0</total>
				<timestamp>2532.498216</timestamp>
			</report>
			<report>
				<misses>401300001</misses>
				<total>0</total>
				<timestamp>2533.127998</timestamp>
			</report>
			<report>
				<misses>401400001</misses>
				<total>0</total>
				<timestamp>2533.756364</timestamp>
			</report>
			<report>
				<misses>401500001</misses>
				<total>0</total>
				<timestamp>2534.394234</timestamp>
			</report>
			<report>
				<misses>401600001</misses>
				<total>0</total>
				<timestamp>2535.024904</timestamp>
			</report>
			<report>
				<misses>401700001</misses>
				<total>0</total>
				<timestamp>2535.648821</timestamp>
			</report>
			<report>
				<misses>401800001</misses>
				<total>0</total>
				<timestamp>2536.286035</timestamp>
			</report>
			<report>
				<misses>401900001</misses>
				<total>0</total>
				<timestamp>2536.912346</timestamp>
			</report>
			<report>
				<misses>402000001</misses>
				<total>0</total>
				<timestamp>2537.544887</timestamp>
			</report>
			<report>
				<misses>402100001</misses>
				<total>0</total>
				<timestamp>2538.169507</timestamp>
			</report>
			<report>
				<misses>402200001</misses>
				<total>0</total>
				<timestamp>2538.797953</timestamp>
			</report>
			<report>
				<misses>402300001</misses>
				<total>0</total>
				<timestamp>2539.429427</timestamp>
			</report>
			<report>
				<misses>402400001</misses>
				<total>0</total>
				<timestamp>2540.059703</timestamp>
			</report>
			<report>
				<misses>402500001</misses>
				<total>0</total>
				<timestamp>2540.688570</timestamp>
			</report>
			<report>
				<misses>402600001</misses>
				<total>0</total>
				<timestamp>2541.341623</timestamp>
			</report>
			<report>
				<misses>402700001</misses>
				<total>0</total>
				<timestamp>2541.964521</timestamp>
			</report>
			<report>
				<misses>402800001</misses>
				<total>0</total>
				<timestamp>2542.594378</timestamp>
			</report>
			<report>
				<misses>402900001</misses>
				<total>0</total>
				<timestamp>2543.233002</timestamp>
			</report>
			<report>
				<misses>403000001</misses>
				<total>0</total>
				<timestamp>2543.856150</timestamp>
			</report>
			<report>
				<misses>403100001</misses>
				<total>0</total>
				<timestamp>2544.487644</timestamp>
			</report>
			<report>
				<misses>403200001</misses>
				<total>0</total>
				<timestamp>2545.126126</timestamp>
			</report>
			<report>
				<misses>403300001</misses>
				<total>0</total>
				<timestamp>2545.755449</timestamp>
			</report>
			<report>
				<misses>403400001</misses>
				<total>0</total>
				<timestamp>2546.385604</timestamp>
			</report>
			<report>
				<misses>403500001</misses>
				<total>0</total>
				<timestamp>2547.014208</timestamp>
			</report>
			<report>
				<misses>403600001</misses>
				<total>0</total>
				<timestamp>2547.639079</timestamp>
			</report>
			<report>
				<misses>403700001</misses>
				<total>0</total>
				<timestamp>2548.272377</timestamp>
			</report>
			<report>
				<misses>403800001</misses>
				<total>0</total>
				<timestamp>2548.898222</timestamp>
			</report>
			<report>
				<misses>403900001</misses>
				<total>0</total>
				<timestamp>2549.524049</timestamp>
			</report>
			<report>
				<misses>404000001</misses>
				<total>0</total>
				<timestamp>2550.158057</timestamp>
			</report>
			<report>
				<misses>404100001</misses>
				<total>0</total>
				<timestamp>2550.783117</timestamp>
			</report>
			<report>
				<misses>404200001</misses>
				<total>0</total>
				<timestamp>2551.418467</timestamp>
			</report>
			<report>
				<misses>404300001</misses>
				<total>0</total>
				<timestamp>2552.051940</timestamp>
			</report>
			<report>
				<misses>404400001</misses>
				<total>0</total>
				<timestamp>2552.672957</timestamp>
			</report>
			<report>
				<misses>404500001</misses>
				<total>0</total>
				<timestamp>2553.295339</timestamp>
			</report>
			<report>
				<misses>404600001</misses>
				<total>0</total>
				<timestamp>2553.922579</timestamp>
			</report>
			<report>
				<misses>404700001</misses>
				<total>0</total>
				<timestamp>2554.552612</timestamp>
			</report>
			<report>
				<misses>404800001</misses>
				<total>0</total>
				<timestamp>2555.179809</timestamp>
			</report>
			<report>
				<misses>404900001</misses>
				<total>0</total>
				<timestamp>2555.808835</timestamp>
			</report>
			<report>
				<misses>405000001</misses>
				<total>0</total>
				<timestamp>2556.432989</timestamp>
			</report>
			<report>
				<misses>405100001</misses>
				<total>0</total>
				<timestamp>2557.060029</timestamp>
			</report>
			<report>
				<misses>405200001</misses>
				<total>0</total>
				<timestamp>2557.680519</timestamp>
			</report>
			<report>
				<misses>405300001</misses>
				<total>0</total>
				<timestamp>2558.317009</timestamp>
			</report>
			<report>
				<misses>405400001</misses>
				<total>0</total>
				<timestamp>2558.949755</timestamp>
			</report>
			<report>
				<misses>405500001</misses>
				<total>0</total>
				<timestamp>2559.578665</timestamp>
			</report>
			<report>
				<misses>405600001</misses>
				<total>0</total>
				<timestamp>2560.215310</timestamp>
			</report>
			<report>
				<misses>405700001</misses>
				<total>0</total>
				<timestamp>2560.842594</timestamp>
			</report>
			<report>
				<misses>405800001</misses>
				<total>0</total>
				<timestamp>2561.471979</timestamp>
			</report>
			<report>
				<misses>405900001</misses>
				<total>0</total>
				<timestamp>2562.099149</timestamp>
			</report>
			<report>
				<misses>406000001</misses>
				<total>0</total>
				<timestamp>2562.730575</timestamp>
			</report>
			<report>
				<misses>406100001</misses>
				<total>0</total>
				<timestamp>2563.359691</timestamp>
			</report>
			<report>
				<misses>406200001</misses>
				<total>0</total>
				<timestamp>2563.986932</timestamp>
			</report>
			<report>
				<misses>406300001</misses>
				<total>0</total>
				<timestamp>2564.615332</timestamp>
			</report>
			<report>
				<misses>406400001</misses>
				<total>0</total>
				<timestamp>2565.240261</timestamp>
			</report>
			<report>
				<misses>406500001</misses>
				<total>0</total>
				<timestamp>2565.867009</timestamp>
			</report>
			<report>
				<misses>406600001</misses>
				<total>0</total>
				<timestamp>2566.499964</timestamp>
			</report>
			<report>
				<misses>406700001</misses>
				<total>0</total>
				<timestamp>2567.126737</timestamp>
			</report>
			<report>
				<misses>406800001</misses>
				<total>0</total>
				<timestamp>2567.759487</timestamp>
			</report>
			<report>
				<misses>406900001</misses>
				<total>0</total>
				<timestamp>2568.384591</timestamp>
			</report>
			<report>
				<misses>407000001</misses>
				<total>0</total>
				<timestamp>2569.018893</timestamp>
			</report>
			<report>
				<misses>407100001</misses>
				<total>0</total>
				<timestamp>2569.657614</timestamp>
			</report>
			<report>
				<misses>407200001</misses>
				<total>0</total>
				<timestamp>2570.282743</timestamp>
			</report>
			<report>
				<misses>407300001</misses>
				<total>0</total>
				<timestamp>2570.918614</timestamp>
			</report>
			<report>
				<misses>407400001</misses>
				<total>0</total>
				<timestamp>2571.548789</timestamp>
			</report>
			<report>
				<misses>407500001</misses>
				<total>0</total>
				<timestamp>2572.187299</timestamp>
			</report>
			<report>
				<misses>407600001</misses>
				<total>0</total>
				<timestamp>2572.821584</timestamp>
			</report>
			<report>
				<misses>407700001</misses>
				<total>0</total>
				<timestamp>2573.450877</timestamp>
			</report>
			<report>
				<misses>407800001</misses>
				<total>0</total>
				<timestamp>2574.086906</timestamp>
			</report>
			<report>
				<misses>407900001</misses>
				<total>0</total>
				<timestamp>2574.713853</timestamp>
			</report>
			<report>
				<misses>408000001</misses>
				<total>0</total>
				<timestamp>2575.339456</timestamp>
			</report>
			<report>
				<misses>408100001</misses>
				<total>0</total>
				<timestamp>2575.969284</timestamp>
			</report>
			<report>
				<misses>408200001</misses>
				<total>0</total>
				<timestamp>2576.604532</timestamp>
			</report>
			<report>
				<misses>408300001</misses>
				<total>0</total>
				<timestamp>2577.235205</timestamp>
			</report>
			<report>
				<misses>408400001</misses>
				<total>0</total>
				<timestamp>2577.864039</timestamp>
			</report>
			<report>
				<misses>408500001</misses>
				<total>0</total>
				<timestamp>2578.491764</timestamp>
			</report>
			<report>
				<misses>408600001</misses>
				<total>0</total>
				<timestamp>2579.131587</timestamp>
			</report>
			<report>
				<misses>408700001</misses>
				<total>0</total>
				<timestamp>2579.757193</timestamp>
			</report>
			<report>
				<misses>408800001</misses>
				<total>0</total>
				<timestamp>2580.384677</timestamp>
			</report>
			<report>
				<misses>408900001</misses>
				<total>0</total>
				<timestamp>2581.007183</timestamp>
			</report>
			<report>
				<misses>409000001</misses>
				<total>0</total>
				<timestamp>2581.632346</timestamp>
			</report>
			<report>
				<misses>409100001</misses>
				<total>0</total>
				<timestamp>2582.258686</timestamp>
			</report>
			<report>
				<misses>409200001</misses>
				<total>0</total>
				<timestamp>2582.889326</timestamp>
			</report>
			<report>
				<misses>409300001</misses>
				<total>0</total>
				<timestamp>2583.522088</timestamp>
			</report>
			<report>
				<misses>409400001</misses>
				<total>0</total>
				<timestamp>2584.145340</timestamp>
			</report>
			<report>
				<misses>409500001</misses>
				<total>0</total>
				<timestamp>2584.770851</timestamp>
			</report>
			<report>
				<misses>409600001</misses>
				<total>0</total>
				<timestamp>2585.397852</timestamp>
			</report>
			<report>
				<misses>409700001</misses>
				<total>0</total>
				<timestamp>2586.020840</timestamp>
			</report>
			<report>
				<misses>409800001</misses>
				<total>0</total>
				<timestamp>2586.649335</timestamp>
			</report>
			<report>
				<misses>409900001</misses>
				<total>0</total>
				<timestamp>2587.276696</timestamp>
			</report>
			<report>
				<misses>410000001</misses>
				<total>0</total>
				<timestamp>2587.903814</timestamp>
			</report>
			<report>
				<misses>410100001</misses>
				<total>0</total>
				<timestamp>2588.560361</timestamp>
			</report>
			<report>
				<misses>410200001</misses>
				<total>0</total>
				<timestamp>2589.187393</timestamp>
			</report>
			<report>
				<misses>410300001</misses>
				<total>0</total>
				<timestamp>2589.821784</timestamp>
			</report>
			<report>
				<misses>410400001</misses>
				<total>0</total>
				<timestamp>2590.446352</timestamp>
			</report>
			<report>
				<misses>410500001</misses>
				<total>0</total>
				<timestamp>2591.076436</timestamp>
			</report>
			<report>
				<misses>410600001</misses>
				<total>0</total>
				<timestamp>2591.717951</timestamp>
			</report>
			<report>
				<misses>410700001</misses>
				<total>0</total>
				<timestamp>2592.356776</timestamp>
			</report>
			<report>
				<misses>410800001</misses>
				<total>0</total>
				<timestamp>2592.984289</timestamp>
			</report>
			<report>
				<misses>410900001</misses>
				<total>0</total>
				<timestamp>2593.611248</timestamp>
			</report>
			<report>
				<misses>411000001</misses>
				<total>0</total>
				<timestamp>2594.244138</timestamp>
			</report>
			<report>
				<misses>411100001</misses>
				<total>0</total>
				<timestamp>2594.875662</timestamp>
			</report>
			<report>
				<misses>411200001</misses>
				<total>0</total>
				<timestamp>2595.513014</timestamp>
			</report>
			<report>
				<misses>411300001</misses>
				<total>0</total>
				<timestamp>2596.145468</timestamp>
			</report>
			<report>
				<misses>411400001</misses>
				<total>0</total>
				<timestamp>2596.783682</timestamp>
			</report>
			<report>
				<misses>411500001</misses>
				<total>0</total>
				<timestamp>2597.410376</timestamp>
			</report>
			<report>
				<misses>411600001</misses>
				<total>0</total>
				<timestamp>2598.037937</timestamp>
			</report>
			<report>
				<misses>411700001</misses>
				<total>0</total>
				<timestamp>2598.660834</timestamp>
			</report>
			<report>
				<misses>411800001</misses>
				<total>0</total>
				<timestamp>2599.289940</timestamp>
			</report>
			<report>
				<misses>411900001</misses>
				<total>0</total>
				<timestamp>2599.924686</timestamp>
			</report>
			<report>
				<misses>412000001</misses>
				<total>0</total>
				<timestamp>2600.557575</timestamp>
			</report>
			<report>
				<misses>412100001</misses>
				<total>0</total>
				<timestamp>2601.195413</timestamp>
			</report>
			<report>
				<misses>412200001</misses>
				<total>0</total>
				<timestamp>2601.820419</timestamp>
			</report>
			<report>
				<misses>412300001</misses>
				<total>0</total>
				<timestamp>2602.445344</timestamp>
			</report>
			<report>
				<misses>412400001</misses>
				<total>0</total>
				<timestamp>2603.075114</timestamp>
			</report>
			<report>
				<misses>412500001</misses>
				<total>0</total>
				<timestamp>2603.701900</timestamp>
			</report>
			<report>
				<misses>412600001</misses>
				<total>0</total>
				<timestamp>2604.335439</timestamp>
			</report>
			<report>
				<misses>412700001</misses>
				<total>0</total>
				<timestamp>2604.970948</timestamp>
			</report>
			<report>
				<misses>412800001</misses>
				<total>0</total>
				<timestamp>2605.610052</timestamp>
			</report>
			<report>
				<misses>412900001</misses>
				<total>0</total>
				<timestamp>2606.245397</timestamp>
			</report>
			<report>
				<misses>413000001</misses>
				<total>0</total>
				<timestamp>2606.874934</timestamp>
			</report>
			<report>
				<misses>413100001</misses>
				<total>0</total>
				<timestamp>2607.499018</timestamp>
			</report>
			<report>
				<misses>413200001</misses>
				<total>0</total>
				<timestamp>2608.134160</timestamp>
			</report>
			<report>
				<misses>413300001</misses>
				<total>0</total>
				<timestamp>2608.764420</timestamp>
			</report>
			<report>
				<misses>413400001</misses>
				<total>0</total>
				<timestamp>2609.392705</timestamp>
			</report>
			<report>
				<misses>413500001</misses>
				<total>0</total>
				<timestamp>2610.026094</timestamp>
			</report>
			<report>
				<misses>413600001</misses>
				<total>0</total>
				<timestamp>2610.651262</timestamp>
			</report>
			<report>
				<misses>413700001</misses>
				<total>0</total>
				<timestamp>2611.287650</timestamp>
			</report>
			<report>
				<misses>413800001</misses>
				<total>0</total>
				<timestamp>2611.928508</timestamp>
			</report>
			<report>
				<misses>413900001</misses>
				<total>0</total>
				<timestamp>2612.557493</timestamp>
			</report>
			<report>
				<misses>414000001</misses>
				<total>0</total>
				<timestamp>2613.198502</timestamp>
			</report>
			<report>
				<misses>414100001</misses>
				<total>0</total>
				<timestamp>2613.821946</timestamp>
			</report>
			<report>
				<misses>414200001</misses>
				<total>0</total>
				<timestamp>2614.459723</timestamp>
			</report>
			<report>
				<misses>414300001</misses>
				<total>0</total>
				<timestamp>2615.086811</timestamp>
			</report>
			<report>
				<misses>414400001</misses>
				<total>0</total>
				<timestamp>2615.715603</timestamp>
			</report>
			<report>
				<misses>414500001</misses>
				<total>0</total>
				<timestamp>2616.341003</timestamp>
			</report>
			<report>
				<misses>414600001</misses>
				<total>0</total>
				<timestamp>2616.968769</timestamp>
			</report>
			<report>
				<misses>414700001</misses>
				<total>0</total>
				<timestamp>2617.623403</timestamp>
			</report>
			<report>
				<misses>414800001</misses>
				<total>0</total>
				<timestamp>2618.248738</timestamp>
			</report>
			<report>
				<misses>414900001</misses>
				<total>0</total>
				<timestamp>2618.884768</timestamp>
			</report>
			<report>
				<misses>415000001</misses>
				<total>0</total>
				<timestamp>2619.514461</timestamp>
			</report>
			<report>
				<misses>415100001</misses>
				<total>0</total>
				<timestamp>2620.150806</timestamp>
			</report>
			<report>
				<misses>415200001</misses>
				<total>0</total>
				<timestamp>2620.787806</timestamp>
			</report>
			<report>
				<misses>415300001</misses>
				<total>0</total>
				<timestamp>2621.419306</timestamp>
			</report>
			<report>
				<misses>415400001</misses>
				<total>0</total>
				<timestamp>2622.047042</timestamp>
			</report>
			<report>
				<misses>415500001</misses>
				<total>0</total>
				<timestamp>2622.676764</timestamp>
			</report>
			<report>
				<misses>415600001</misses>
				<total>0</total>
				<timestamp>2623.313867</timestamp>
			</report>
			<report>
				<misses>415700001</misses>
				<total>0</total>
				<timestamp>2623.941411</timestamp>
			</report>
			<report>
				<misses>415800001</misses>
				<total>0</total>
				<timestamp>2624.577308</timestamp>
			</report>
			<report>
				<misses>415900001</misses>
				<total>0</total>
				<timestamp>2625.205130</timestamp>
			</report>
			<report>
				<misses>416000001</misses>
				<total>0</total>
				<timestamp>2625.841423</timestamp>
			</report>
			<report>
				<misses>416100001</misses>
				<total>0</total>
				<timestamp>2626.484602</timestamp>
			</report>
			<report>
				<misses>416200001</misses>
				<total>0</total>
				<timestamp>2627.110139</timestamp>
			</report>
			<report>
				<misses>416300001</misses>
				<total>0</total>
				<timestamp>2627.736943</timestamp>
			</report>
			<report>
				<misses>416400001</misses>
				<total>0</total>
				<timestamp>2628.367877</timestamp>
			</report>
			<report>
				<misses>416500001</misses>
				<total>0</total>
				<timestamp>2628.995531</timestamp>
			</report>
			<report>
				<misses>416600001</misses>
				<total>0</total>
				<timestamp>2629.621430</timestamp>
			</report>
			<report>
				<misses>416700001</misses>
				<total>0</total>
				<timestamp>2630.256345</timestamp>
			</report>
			<report>
				<misses>416800001</misses>
				<total>0</total>
				<timestamp>2630.883710</timestamp>
			</report>
			<report>
				<misses>416900001</misses>
				<total>0</total>
				<timestamp>2631.509330</timestamp>
			</report>
			<report>
				<misses>417000001</misses>
				<total>0</total>
				<timestamp>2632.135421</timestamp>
			</report>
			<report>
				<misses>417100001</misses>
				<total>0</total>
				<timestamp>2632.763708</timestamp>
			</report>
			<report>
				<misses>417200001</misses>
				<total>0</total>
				<timestamp>2633.392899</timestamp>
			</report>
			<report>
				<misses>417300001</misses>
				<total>0</total>
				<timestamp>2634.018063</timestamp>
			</report>
			<report>
				<misses>417400001</misses>
				<total>0</total>
				<timestamp>2634.649863</timestamp>
			</report>
			<report>
				<misses>417500001</misses>
				<total>0</total>
				<timestamp>2635.276898</timestamp>
			</report>
			<report>
				<misses>417600001</misses>
				<total>0</total>
				<timestamp>2635.906283</timestamp>
			</report>
			<report>
				<misses>417700001</misses>
				<total>0</total>
				<timestamp>2636.541270</timestamp>
			</report>
			<report>
				<misses>417800001</misses>
				<total>0</total>
				<timestamp>2637.169202</timestamp>
			</report>
			<report>
				<misses>417900001</misses>
				<total>0</total>
				<timestamp>2637.797104</timestamp>
			</report>
			<report>
				<misses>418000001</misses>
				<total>0</total>
				<timestamp>2638.441427</timestamp>
			</report>
			<report>
				<misses>418100001</misses>
				<total>0</total>
				<timestamp>2639.067724</timestamp>
			</report>
			<report>
				<misses>418200001</misses>
				<total>0</total>
				<timestamp>2639.690827</timestamp>
			</report>
			<report>
				<misses>418300001</misses>
				<total>0</total>
				<timestamp>2640.327621</timestamp>
			</report>
			<report>
				<misses>418400001</misses>
				<total>0</total>
				<timestamp>2640.951880</timestamp>
			</report>
			<report>
				<misses>418500001</misses>
				<total>0</total>
				<timestamp>2641.592551</timestamp>
			</report>
			<report>
				<misses>418600001</misses>
				<total>0</total>
				<timestamp>2642.245844</timestamp>
			</report>
			<report>
				<misses>418700001</misses>
				<total>0</total>
				<timestamp>2642.867501</timestamp>
			</report>
			<report>
				<misses>418800001</misses>
				<total>0</total>
				<timestamp>2643.495306</timestamp>
			</report>
			<report>
				<misses>418900001</misses>
				<total>0</total>
				<timestamp>2644.131787</timestamp>
			</report>
			<report>
				<misses>419000001</misses>
				<total>0</total>
				<timestamp>2644.758818</timestamp>
			</report>
			<report>
				<misses>419100001</misses>
				<total>0</total>
				<timestamp>2645.391180</timestamp>
			</report>
			<report>
				<misses>419200001</misses>
				<total>0</total>
				<timestamp>2646.028175</timestamp>
			</report>
			<report>
				<misses>419300001</misses>
				<total>0</total>
				<timestamp>2646.670063</timestamp>
			</report>
			<report>
				<misses>419400001</misses>
				<total>0</total>
				<timestamp>2647.313523</timestamp>
			</report>
			<report>
				<misses>419500001</misses>
				<total>0</total>
				<timestamp>2647.948935</timestamp>
			</report>
			<report>
				<misses>419600001</misses>
				<total>0</total>
				<timestamp>2648.576570</timestamp>
			</report>
			<report>
				<misses>419700001</misses>
				<total>0</total>
				<timestamp>2649.199787</timestamp>
			</report>
			<report>
				<misses>419800001</misses>
				<total>0</total>
				<timestamp>2649.837690</timestamp>
			</report>
			<report>
				<misses>419900001</misses>
				<total>0</total>
				<timestamp>2650.467908</timestamp>
			</report>
			<report>
				<misses>420000001</misses>
				<total>0</total>
				<timestamp>2651.091088</timestamp>
			</report>
			<report>
				<misses>420100001</misses>
				<total>0</total>
				<timestamp>2651.723472</timestamp>
			</report>
			<report>
				<misses>420200001</misses>
				<total>0</total>
				<timestamp>2652.350177</timestamp>
			</report>
			<report>
				<misses>420300001</misses>
				<total>0</total>
				<timestamp>2652.976806</timestamp>
			</report>
			<report>
				<misses>420400001</misses>
				<total>0</total>
				<timestamp>2653.600167</timestamp>
			</report>
			<report>
				<misses>420500001</misses>
				<total>0</total>
				<timestamp>2654.229608</timestamp>
			</report>
			<report>
				<misses>420600001</misses>
				<total>0</total>
				<timestamp>2654.854670</timestamp>
			</report>
			<report>
				<misses>420700001</misses>
				<total>0</total>
				<timestamp>2655.486297</timestamp>
			</report>
			<report>
				<misses>420800001</misses>
				<total>0</total>
				<timestamp>2656.116606</timestamp>
			</report>
			<report>
				<misses>420900001</misses>
				<total>0</total>
				<timestamp>2656.739115</timestamp>
			</report>
			<report>
				<misses>421000001</misses>
				<total>0</total>
				<timestamp>2657.367168</timestamp>
			</report>
			<report>
				<misses>421100001</misses>
				<total>0</total>
				<timestamp>2657.997784</timestamp>
			</report>
			<report>
				<misses>421200001</misses>
				<total>0</total>
				<timestamp>2658.622166</timestamp>
			</report>
			<report>
				<misses>421300001</misses>
				<total>0</total>
				<timestamp>2659.252098</timestamp>
			</report>
			<report>
				<misses>421400001</misses>
				<total>0</total>
				<timestamp>2659.880214</timestamp>
			</report>
			<report>
				<misses>421500001</misses>
				<total>0</total>
				<timestamp>2660.514613</timestamp>
			</report>
			<report>
				<misses>421600001</misses>
				<total>0</total>
				<timestamp>2661.148360</timestamp>
			</report>
			<report>
				<misses>421700001</misses>
				<total>0</total>
				<timestamp>2661.772918</timestamp>
			</report>
			<report>
				<misses>421800001</misses>
				<total>0</total>
				<timestamp>2662.396584</timestamp>
			</report>
			<report>
				<misses>421900001</misses>
				<total>0</total>
				<timestamp>2663.034825</timestamp>
			</report>
			<report>
				<misses>422000001</misses>
				<total>0</total>
				<timestamp>2663.674265</timestamp>
			</report>
			<report>
				<misses>422100001</misses>
				<total>0</total>
				<timestamp>2664.317398</timestamp>
			</report>
			<report>
				<misses>422200001</misses>
				<total>0</total>
				<timestamp>2664.950780</timestamp>
			</report>
			<report>
				<misses>422300001</misses>
				<total>0</total>
				<timestamp>2665.583495</timestamp>
			</report>
			<report>
				<misses>422400001</misses>
				<total>0</total>
				<timestamp>2666.215188</timestamp>
			</report>
			<report>
				<misses>422500001</misses>
				<total>0</total>
				<timestamp>2666.842520</timestamp>
			</report>
			<report>
				<misses>422600001</misses>
				<total>0</total>
				<timestamp>2667.475200</timestamp>
			</report>
			<report>
				<misses>422700001</misses>
				<total>0</total>
				<timestamp>2668.106848</timestamp>
			</report>
			<report>
				<misses>422800001</misses>
				<total>0</total>
				<timestamp>2668.735065</timestamp>
			</report>
			<report>
				<misses>422900001</misses>
				<total>0</total>
				<timestamp>2669.371651</timestamp>
			</report>
			<report>
				<misses>423000001</misses>
				<total>0</total>
				<timestamp>2669.998431</timestamp>
			</report>
			<report>
				<misses>423100001</misses>
				<total>0</total>
				<timestamp>2670.634982</timestamp>
			</report>
			<report>
				<misses>423200001</misses>
				<total>0</total>
				<timestamp>2671.276611</timestamp>
			</report>
			<report>
				<misses>423300001</misses>
				<total>0</total>
				<timestamp>2671.907442</timestamp>
			</report>
			<report>
				<misses>423400001</misses>
				<total>0</total>
				<timestamp>2672.543790</timestamp>
			</report>
			<report>
				<misses>423500001</misses>
				<total>0</total>
				<timestamp>2673.179112</timestamp>
			</report>
			<report>
				<misses>423600001</misses>
				<total>0</total>
				<timestamp>2673.803738</timestamp>
			</report>
			<report>
				<misses>423700001</misses>
				<total>0</total>
				<timestamp>2674.432654</timestamp>
			</report>
			<report>
				<misses>423800001</misses>
				<total>0</total>
				<timestamp>2675.064882</timestamp>
			</report>
			<report>
				<misses>423900001</misses>
				<total>0</total>
				<timestamp>2675.700527</timestamp>
			</report>
			<report>
				<misses>424000001</misses>
				<total>0</total>
				<timestamp>2676.334385</timestamp>
			</report>
			<report>
				<misses>424100001</misses>
				<total>0</total>
				<timestamp>2676.971271</timestamp>
			</report>
			<report>
				<misses>424200001</misses>
				<total>0</total>
				<timestamp>2677.598078</timestamp>
			</report>
			<report>
				<misses>424300001</misses>
				<total>0</total>
				<timestamp>2678.227294</timestamp>
			</report>
			<report>
				<misses>424400001</misses>
				<total>0</total>
				<timestamp>2678.850702</timestamp>
			</report>
			<report>
				<misses>424500001</misses>
				<total>0</total>
				<timestamp>2679.486901</timestamp>
			</report>
			<report>
				<misses>424600001</misses>
				<total>0</total>
				<timestamp>2680.129235</timestamp>
			</report>
			<report>
				<misses>424700001</misses>
				<total>0</total>
				<timestamp>2680.753193</timestamp>
			</report>
			<report>
				<misses>424800001</misses>
				<total>0</total>
				<timestamp>2681.379897</timestamp>
			</report>
			<report>
				<misses>424900001</misses>
				<total>0</total>
				<timestamp>2681.999917</timestamp>
			</report>
			<report>
				<misses>425000001</misses>
				<total>0</total>
				<timestamp>2682.627698</timestamp>
			</report>
			<report>
				<misses>425100001</misses>
				<total>0</total>
				<timestamp>2683.272487</timestamp>
			</report>
			<report>
				<misses>425200001</misses>
				<total>0</total>
				<timestamp>2683.900748</timestamp>
			</report>
			<report>
				<misses>425300001</misses>
				<total>0</total>
				<timestamp>2684.535532</timestamp>
			</report>
			<report>
				<misses>425400001</misses>
				<total>0</total>
				<timestamp>2685.166372</timestamp>
			</report>
			<report>
				<misses>425500001</misses>
				<total>0</total>
				<timestamp>2685.793966</timestamp>
			</report>
			<report>
				<misses>425600001</misses>
				<total>0</total>
				<timestamp>2686.432330</timestamp>
			</report>
			<report>
				<misses>425700001</misses>
				<total>0</total>
				<timestamp>2687.066317</timestamp>
			</report>
			<report>
				<misses>425800001</misses>
				<total>0</total>
				<timestamp>2687.691051</timestamp>
			</report>
			<report>
				<misses>425900001</misses>
				<total>0</total>
				<timestamp>2688.316650</timestamp>
			</report>
			<report>
				<misses>426000001</misses>
				<total>0</total>
				<timestamp>2688.946985</timestamp>
			</report>
			<report>
				<misses>426100001</misses>
				<total>0</total>
				<timestamp>2689.583740</timestamp>
			</report>
			<report>
				<misses>426200001</misses>
				<total>0</total>
				<timestamp>2690.227538</timestamp>
			</report>
			<report>
				<misses>426300001</misses>
				<total>0</total>
				<timestamp>2690.855982</timestamp>
			</report>
			<report>
				<misses>426400001</misses>
				<total>0</total>
				<timestamp>2691.485840</timestamp>
			</report>
			<report>
				<misses>426500001</misses>
				<total>0</total>
				<timestamp>2692.116166</timestamp>
			</report>
			<report>
				<misses>426600001</misses>
				<total>0</total>
				<timestamp>2692.743268</timestamp>
			</report>
			<report>
				<misses>426700001</misses>
				<total>0</total>
				<timestamp>2693.379873</timestamp>
			</report>
			<report>
				<misses>426800001</misses>
				<total>0</total>
				<timestamp>2694.010752</timestamp>
			</report>
			<report>
				<misses>426900001</misses>
				<total>0</total>
				<timestamp>2694.647511</timestamp>
			</report>
			<report>
				<misses>427000001</misses>
				<total>0</total>
				<timestamp>2695.281233</timestamp>
			</report>
			<report>
				<misses>427100001</misses>
				<total>0</total>
				<timestamp>2695.913935</timestamp>
			</report>
			<report>
				<misses>427200001</misses>
				<total>0</total>
				<timestamp>2696.538361</timestamp>
			</report>
			<report>
				<misses>427300001</misses>
				<total>0</total>
				<timestamp>2697.166412</timestamp>
			</report>
			<report>
				<misses>427400001</misses>
				<total>0</total>
				<timestamp>2697.789978</timestamp>
			</report>
			<report>
				<misses>427500001</misses>
				<total>0</total>
				<timestamp>2698.416477</timestamp>
			</report>
			<report>
				<misses>427600001</misses>
				<total>0</total>
				<timestamp>2699.047340</timestamp>
			</report>
			<report>
				<misses>427700001</misses>
				<total>0</total>
				<timestamp>2699.679043</timestamp>
			</report>
			<report>
				<misses>427800001</misses>
				<total>0</total>
				<timestamp>2700.307651</timestamp>
			</report>
			<report>
				<misses>427900001</misses>
				<total>0</total>
				<timestamp>2700.939518</timestamp>
			</report>
			<report>
				<misses>428000001</misses>
				<total>0</total>
				<timestamp>2701.573659</timestamp>
			</report>
			<report>
				<misses>428100001</misses>
				<total>0</total>
				<timestamp>2702.211855</timestamp>
			</report>
			<report>
				<misses>428200001</misses>
				<total>0</total>
				<timestamp>2702.836250</timestamp>
			</report>
			<report>
				<misses>428300001</misses>
				<total>0</total>
				<timestamp>2703.472577</timestamp>
			</report>
			<report>
				<misses>428400001</misses>
				<total>0</total>
				<timestamp>2704.105771</timestamp>
			</report>
			<report>
				<misses>428500001</misses>
				<total>0</total>
				<timestamp>2704.734331</timestamp>
			</report>
			<report>
				<misses>428600001</misses>
				<total>0</total>
				<timestamp>2705.370901</timestamp>
			</report>
			<report>
				<misses>428700001</misses>
				<total>0</total>
				<timestamp>2706.002847</timestamp>
			</report>
			<report>
				<misses>428800001</misses>
				<total>0</total>
				<timestamp>2706.631986</timestamp>
			</report>
			<report>
				<misses>428900001</misses>
				<total>0</total>
				<timestamp>2707.263237</timestamp>
			</report>
			<report>
				<misses>429000001</misses>
				<total>0</total>
				<timestamp>2707.894095</timestamp>
			</report>
			<report>
				<misses>429100001</misses>
				<total>0</total>
				<timestamp>2708.540731</timestamp>
			</report>
			<report>
				<misses>429200001</misses>
				<total>0</total>
				<timestamp>2709.172873</timestamp>
			</report>
			<report>
				<misses>429300001</misses>
				<total>0</total>
				<timestamp>2709.802239</timestamp>
			</report>
			<report>
				<misses>429400001</misses>
				<total>0</total>
				<timestamp>2710.436225</timestamp>
			</report>
			<report>
				<misses>429500001</misses>
				<total>0</total>
				<timestamp>2711.062906</timestamp>
			</report>
			<report>
				<misses>429600001</misses>
				<total>0</total>
				<timestamp>2711.688660</timestamp>
			</report>
			<report>
				<misses>429700001</misses>
				<total>0</total>
				<timestamp>2712.324627</timestamp>
			</report>
			<report>
				<misses>429800001</misses>
				<total>0</total>
				<timestamp>2712.947352</timestamp>
			</report>
			<report>
				<misses>429900001</misses>
				<total>0</total>
				<timestamp>2713.570660</timestamp>
			</report>
			<report>
				<misses>430000001</misses>
				<total>0</total>
				<timestamp>2714.194851</timestamp>
			</report>
			<report>
				<misses>430100001</misses>
				<total>0</total>
				<timestamp>2714.823596</timestamp>
			</report>
			<report>
				<misses>430200001</misses>
				<total>0</total>
				<timestamp>2715.457104</timestamp>
			</report>
			<report>
				<misses>430300001</misses>
				<total>0</total>
				<timestamp>2716.085242</timestamp>
			</report>
			<report>
				<misses>430400001</misses>
				<total>0</total>
				<timestamp>2716.710186</timestamp>
			</report>
			<report>
				<misses>430500001</misses>
				<total>0</total>
				<timestamp>2717.338143</timestamp>
			</report>
			<report>
				<misses>430600001</misses>
				<total>0</total>
				<timestamp>2717.966620</timestamp>
			</report>
			<report>
				<misses>430700001</misses>
				<total>0</total>
				<timestamp>2718.592562</timestamp>
			</report>
			<report>
				<misses>430800001</misses>
				<total>0</total>
				<timestamp>2719.222713</timestamp>
			</report>
			<report>
				<misses>430900001</misses>
				<total>0</total>
				<timestamp>2719.854668</timestamp>
			</report>
			<report>
				<misses>431000001</misses>
				<total>0</total>
				<timestamp>2720.478980</timestamp>
			</report>
			<report>
				<misses>431100001</misses>
				<total>0</total>
				<timestamp>2721.108135</timestamp>
			</report>
			<report>
				<misses>431200001</misses>
				<total>0</total>
				<timestamp>2721.739327</timestamp>
			</report>
			<report>
				<misses>431300001</misses>
				<total>0</total>
				<timestamp>2722.367168</timestamp>
			</report>
			<report>
				<misses>431400001</misses>
				<total>0</total>
				<timestamp>2722.995053</timestamp>
			</report>
			<report>
				<misses>431500001</misses>
				<total>0</total>
				<timestamp>2723.623653</timestamp>
			</report>
			<report>
				<misses>431600001</misses>
				<total>0</total>
				<timestamp>2724.252906</timestamp>
			</report>
			<report>
				<misses>431700001</misses>
				<total>0</total>
				<timestamp>2724.885254</timestamp>
			</report>
			<report>
				<misses>431800001</misses>
				<total>0</total>
				<timestamp>2725.524922</timestamp>
			</report>
			<report>
				<misses>431900001</misses>
				<total>0</total>
				<timestamp>2726.151747</timestamp>
			</report>
			<report>
				<misses>432000001</misses>
				<total>0</total>
				<timestamp>2726.784660</timestamp>
			</report>
			<report>
				<misses>432100001</misses>
				<total>0</total>
				<timestamp>2727.408987</timestamp>
			</report>
			<report>
				<misses>432200001</misses>
				<total>0</total>
				<timestamp>2728.039208</timestamp>
			</report>
			<report>
				<misses>432300001</misses>
				<total>0</total>
				<timestamp>2728.666351</timestamp>
			</report>
			<report>
				<misses>432400001</misses>
				<total>0</total>
				<timestamp>2729.293429</timestamp>
			</report>
			<report>
				<misses>432500001</misses>
				<total>0</total>
				<timestamp>2729.932325</timestamp>
			</report>
			<report>
				<misses>432600001</misses>
				<total>0</total>
				<timestamp>2730.561525</timestamp>
			</report>
			<report>
				<misses>432700001</misses>
				<total>0</total>
				<timestamp>2731.189205</timestamp>
			</report>
			<report>
				<misses>432800001</misses>
				<total>0</total>
				<timestamp>2731.819358</timestamp>
			</report>
			<report>
				<misses>432900001</misses>
				<total>0</total>
				<timestamp>2732.457993</timestamp>
			</report>
			<report>
				<misses>433000001</misses>
				<total>0</total>
				<timestamp>2733.079240</timestamp>
			</report>
			<report>
				<misses>433100001</misses>
				<total>0</total>
				<timestamp>2733.707473</timestamp>
			</report>
			<report>
				<misses>433200001</misses>
				<total>0</total>
				<timestamp>2734.334550</timestamp>
			</report>
			<report>
				<misses>433300001</misses>
				<total>0</total>
				<timestamp>2734.958849</timestamp>
			</report>
			<report>
				<misses>433400001</misses>
				<total>0</total>
				<timestamp>2735.590272</timestamp>
			</report>
			<report>
				<misses>433500001</misses>
				<total>0</total>
				<timestamp>2736.214206</timestamp>
			</report>
			<report>
				<misses>433600001</misses>
				<total>0</total>
				<timestamp>2736.845391</timestamp>
			</report>
			<report>
				<misses>433700001</misses>
				<total>0</total>
				<timestamp>2737.478809</timestamp>
			</report>
			<report>
				<misses>433800001</misses>
				<total>0</total>
				<timestamp>2738.104602</timestamp>
			</report>
			<report>
				<misses>433900001</misses>
				<total>0</total>
				<timestamp>2738.737817</timestamp>
			</report>
			<report>
				<misses>434000001</misses>
				<total>0</total>
				<timestamp>2739.374002</timestamp>
			</report>
			<report>
				<misses>434100001</misses>
				<total>0</total>
				<timestamp>2740.006731</timestamp>
			</report>
			<report>
				<misses>434200001</misses>
				<total>0</total>
				<timestamp>2740.641727</timestamp>
			</report>
			<report>
				<misses>434300001</misses>
				<total>0</total>
				<timestamp>2741.267198</timestamp>
			</report>
			<report>
				<misses>434400001</misses>
				<total>0</total>
				<timestamp>2741.899039</timestamp>
			</report>
			<report>
				<misses>434500001</misses>
				<total>0</total>
				<timestamp>2742.533730</timestamp>
			</report>
			<report>
				<misses>434600001</misses>
				<total>0</total>
				<timestamp>2743.160693</timestamp>
			</report>
			<report>
				<misses>434700001</misses>
				<total>0</total>
				<timestamp>2743.785310</timestamp>
			</report>
			<report>
				<misses>434800001</misses>
				<total>0</total>
				<timestamp>2744.414609</timestamp>
			</report>
			<report>
				<misses>434900001</misses>
				<total>0</total>
				<timestamp>2745.044484</timestamp>
			</report>
			<report>
				<misses>435000001</misses>
				<total>0</total>
				<timestamp>2745.677893</timestamp>
			</report>
			<report>
				<misses>435100001</misses>
				<total>0</total>
				<timestamp>2746.308311</timestamp>
			</report>
			<report>
				<misses>435200001</misses>
				<total>0</total>
				<timestamp>2746.937018</timestamp>
			</report>
			<report>
				<misses>435300001</misses>
				<total>0</total>
				<timestamp>2747.570581</timestamp>
			</report>
			<report>
				<misses>435400001</misses>
				<total>0</total>
				<timestamp>2748.196046</timestamp>
			</report>
			<report>
				<misses>435500001</misses>
				<total>0</total>
				<timestamp>2748.818329</timestamp>
			</report>
			<report>
				<misses>435600001</misses>
				<total>0</total>
				<timestamp>2749.444073</timestamp>
			</report>
			<report>
				<misses>435700001</misses>
				<total>0</total>
				<timestamp>2750.076382</timestamp>
			</report>
			<report>
				<misses>435800001</misses>
				<total>0</total>
				<timestamp>2750.717410</timestamp>
			</report>
			<report>
				<misses>435900001</misses>
				<total>0</total>
				<timestamp>2751.343555</timestamp>
			</report>
			<report>
				<misses>436000001</misses>
				<total>0</total>
				<timestamp>2751.969001</timestamp>
			</report>
			<report>
				<misses>436100001</misses>
				<total>0</total>
				<timestamp>2752.608237</timestamp>
			</report>
			<report>
				<misses>436200001</misses>
				<total>0</total>
				<timestamp>2753.251202</timestamp>
			</report>
			<report>
				<misses>436300001</misses>
				<total>0</total>
				<timestamp>2753.872353</timestamp>
			</report>
			<report>
				<misses>436400001</misses>
				<total>0</total>
				<timestamp>2754.497174</timestamp>
			</report>
			<report>
				<misses>436500001</misses>
				<total>0</total>
				<timestamp>2755.124099</timestamp>
			</report>
			<report>
				<misses>436600001</misses>
				<total>0</total>
				<timestamp>2755.760309</timestamp>
			</report>
			<report>
				<misses>436700001</misses>
				<total>0</total>
				<timestamp>2756.384550</timestamp>
			</report>
			<report>
				<misses>436800001</misses>
				<total>0</total>
				<timestamp>2757.024800</timestamp>
			</report>
			<report>
				<misses>436900001</misses>
				<total>0</total>
				<timestamp>2757.665137</timestamp>
			</report>
			<report>
				<misses>437000001</misses>
				<total>0</total>
				<timestamp>2758.292764</timestamp>
			</report>
			<report>
				<misses>437100001</misses>
				<total>0</total>
				<timestamp>2758.920554</timestamp>
			</report>
			<report>
				<misses>437200001</misses>
				<total>0</total>
				<timestamp>2759.550462</timestamp>
			</report>
			<report>
				<misses>437300001</misses>
				<total>0</total>
				<timestamp>2760.178875</timestamp>
			</report>
			<report>
				<misses>437400001</misses>
				<total>0</total>
				<timestamp>2760.809387</timestamp>
			</report>
			<report>
				<misses>437500001</misses>
				<total>0</total>
				<timestamp>2761.431911</timestamp>
			</report>
			<report>
				<misses>437600001</misses>
				<total>0</total>
				<timestamp>2762.071076</timestamp>
			</report>
			<report>
				<misses>437700001</misses>
				<total>0</total>
				<timestamp>2762.708136</timestamp>
			</report>
			<report>
				<misses>437800001</misses>
				<total>0</total>
				<timestamp>2763.336180</timestamp>
			</report>
			<report>
				<misses>437900001</misses>
				<total>0</total>
				<timestamp>2763.961687</timestamp>
			</report>
			<report>
				<misses>438000001</misses>
				<total>0</total>
				<timestamp>2764.596901</timestamp>
			</report>
			<report>
				<misses>438100001</misses>
				<total>0</total>
				<timestamp>2765.224951</timestamp>
			</report>
			<report>
				<misses>438200001</misses>
				<total>0</total>
				<timestamp>2765.861473</timestamp>
			</report>
			<report>
				<misses>438300001</misses>
				<total>0</total>
				<timestamp>2766.486042</timestamp>
			</report>
			<report>
				<misses>438400001</misses>
				<total>0</total>
				<timestamp>2767.113685</timestamp>
			</report>
			<report>
				<misses>438500001</misses>
				<total>0</total>
				<timestamp>2767.745133</timestamp>
			</report>
			<report>
				<misses>438600001</misses>
				<total>0</total>
				<timestamp>2768.382963</timestamp>
			</report>
			<report>
				<misses>438700001</misses>
				<total>0</total>
				<timestamp>2769.015338</timestamp>
			</report>
			<report>
				<misses>438800001</misses>
				<total>0</total>
				<timestamp>2769.640821</timestamp>
			</report>
			<report>
				<misses>438900001</misses>
				<total>0</total>
				<timestamp>2770.282321</timestamp>
			</report>
			<report>
				<misses>439000001</misses>
				<total>0</total>
				<timestamp>2770.910243</timestamp>
			</report>
			<report>
				<misses>439100001</misses>
				<total>0</total>
				<timestamp>2771.538306</timestamp>
			</report>
			<report>
				<misses>439200001</misses>
				<total>0</total>
				<timestamp>2772.160499</timestamp>
			</report>
			<report>
				<misses>439300001</misses>
				<total>0</total>
				<timestamp>2772.782298</timestamp>
			</report>
			<report>
				<misses>439400001</misses>
				<total>0</total>
				<timestamp>2773.408527</timestamp>
			</report>
			<report>
				<misses>439500001</misses>
				<total>0</total>
				<timestamp>2774.033872</timestamp>
			</report>
			<report>
				<misses>439600001</misses>
				<total>0</total>
				<timestamp>2774.662589</timestamp>
			</report>
			<report>
				<misses>439700001</misses>
				<total>0</total>
				<timestamp>2775.288904</timestamp>
			</report>
			<report>
				<misses>439800001</misses>
				<total>0</total>
				<timestamp>2775.918600</timestamp>
			</report>
			<report>
				<misses>439900001</misses>
				<total>0</total>
				<timestamp>2776.555521</timestamp>
			</report>
			<report>
				<misses>440000001</misses>
				<total>0</total>
				<timestamp>2777.188051</timestamp>
			</report>
			<report>
				<misses>440100001</misses>
				<total>0</total>
				<timestamp>2777.817746</timestamp>
			</report>
			<report>
				<misses>440200001</misses>
				<total>0</total>
				<timestamp>2778.447819</timestamp>
			</report>
			<report>
				<misses>440300001</misses>
				<total>0</total>
				<timestamp>2779.088957</timestamp>
			</report>
			<report>
				<misses>440400001</misses>
				<total>0</total>
				<timestamp>2779.722250</timestamp>
			</report>
			<report>
				<misses>440500001</misses>
				<total>0</total>
				<timestamp>2780.351125</timestamp>
			</report>
			<report>
				<misses>440600001</misses>
				<total>0</total>
				<timestamp>2781.000408</timestamp>
			</report>
			<report>
				<misses>440700001</misses>
				<total>0</total>
				<timestamp>2781.631334</timestamp>
			</report>
			<report>
				<misses>440800001</misses>
				<total>0</total>
				<timestamp>2782.276241</timestamp>
			</report>
			<report>
				<misses>440900001</misses>
				<total>0</total>
				<timestamp>2782.905320</timestamp>
			</report>
			<report>
				<misses>441000001</misses>
				<total>0</total>
				<timestamp>2783.531528</timestamp>
			</report>
			<report>
				<misses>441100001</misses>
				<total>0</total>
				<timestamp>2784.164205</timestamp>
			</report>
			<report>
				<misses>441200001</misses>
				<total>0</total>
				<timestamp>2784.792085</timestamp>
			</report>
			<report>
				<misses>441300001</misses>
				<total>0</total>
				<timestamp>2785.419145</timestamp>
			</report>
			<report>
				<misses>441400001</misses>
				<total>0</total>
				<timestamp>2786.046487</timestamp>
			</report>
			<report>
				<misses>441500001</misses>
				<total>0</total>
				<timestamp>2786.673861</timestamp>
			</report>
			<report>
				<misses>441600001</misses>
				<total>0</total>
				<timestamp>2787.300376</timestamp>
			</report>
			<report>
				<misses>441700001</misses>
				<total>0</total>
				<timestamp>2787.926105</timestamp>
			</report>
			<report>
				<misses>441800001</misses>
				<total>0</total>
				<timestamp>2788.554053</timestamp>
			</report>
			<report>
				<misses>441900001</misses>
				<total>0</total>
				<timestamp>2789.181626</timestamp>
			</report>
			<report>
				<misses>442000001</misses>
				<total>0</total>
				<timestamp>2789.812066</timestamp>
			</report>
			<report>
				<misses>442100001</misses>
				<total>0</total>
				<timestamp>2790.444075</timestamp>
			</report>
			<report>
				<misses>442200001</misses>
				<total>0</total>
				<timestamp>2791.072079</timestamp>
			</report>
			<report>
				<misses>442300001</misses>
				<total>0</total>
				<timestamp>2791.702587</timestamp>
			</report>
			<report>
				<misses>442400001</misses>
				<total>0</total>
				<timestamp>2792.335433</timestamp>
			</report>
			<report>
				<misses>442500001</misses>
				<total>0</total>
				<timestamp>2792.969054</timestamp>
			</report>
			<report>
				<misses>442600001</misses>
				<total>0</total>
				<timestamp>2793.597767</timestamp>
			</report>
			<report>
				<misses>442700001</misses>
				<total>0</total>
				<timestamp>2794.225555</timestamp>
			</report>
			<report>
				<misses>442800001</misses>
				<total>0</total>
				<timestamp>2794.862715</timestamp>
			</report>
			<report>
				<misses>442900001</misses>
				<total>0</total>
				<timestamp>2795.499427</timestamp>
			</report>
			<report>
				<misses>443000001</misses>
				<total>0</total>
				<timestamp>2796.133523</timestamp>
			</report>
			<report>
				<misses>443100001</misses>
				<total>0</total>
				<timestamp>2796.759508</timestamp>
			</report>
			<report>
				<misses>443200001</misses>
				<total>0</total>
				<timestamp>2797.393601</timestamp>
			</report>
			<report>
				<misses>443300001</misses>
				<total>0</total>
				<timestamp>2798.022585</timestamp>
			</report>
			<report>
				<misses>443400001</misses>
				<total>0</total>
				<timestamp>2798.649589</timestamp>
			</report>
			<report>
				<misses>443500001</misses>
				<total>0</total>
				<timestamp>2799.285097</timestamp>
			</report>
			<report>
				<misses>443600001</misses>
				<total>0</total>
				<timestamp>2799.914132</timestamp>
			</report>
			<report>
				<misses>443700001</misses>
				<total>0</total>
				<timestamp>2800.549951</timestamp>
			</report>
			<report>
				<misses>443800001</misses>
				<total>0</total>
				<timestamp>2801.189162</timestamp>
			</report>
			<report>
				<misses>443900001</misses>
				<total>0</total>
				<timestamp>2801.824945</timestamp>
			</report>
			<report>
				<misses>444000001</misses>
				<total>0</total>
				<timestamp>2802.459141</timestamp>
			</report>
			<report>
				<misses>444100001</misses>
				<total>0</total>
				<timestamp>2803.091103</timestamp>
			</report>
			<report>
				<misses>444200001</misses>
				<total>0</total>
				<timestamp>2803.726146</timestamp>
			</report>
			<report>
				<misses>444300001</misses>
				<total>0</total>
				<timestamp>2804.358400</timestamp>
			</report>
			<report>
				<misses>444400001</misses>
				<total>0</total>
				<timestamp>2804.998528</timestamp>
			</report>
			<report>
				<misses>444500001</misses>
				<total>0</total>
				<timestamp>2805.628111</timestamp>
			</report>
			<report>
				<misses>444600001</misses>
				<total>0</total>
				<timestamp>2806.257374</timestamp>
			</report>
			<report>
				<misses>444700001</misses>
				<total>0</total>
				<timestamp>2806.889195</timestamp>
			</report>
			<report>
				<misses>444800001</misses>
				<total>0</total>
				<timestamp>2807.524847</timestamp>
			</report>
			<report>
				<misses>444900001</misses>
				<total>0</total>
				<timestamp>2808.157137</timestamp>
			</report>
			<report>
				<misses>445000001</misses>
				<total>0</total>
				<timestamp>2808.791806</timestamp>
			</report>
			<report>
				<misses>445100001</misses>
				<total>0</total>
				<timestamp>2809.428964</timestamp>
			</report>
			<report>
				<misses>445200001</misses>
				<total>0</total>
				<timestamp>2810.057194</timestamp>
			</report>
			<report>
				<misses>445300001</misses>
				<total>0</total>
				<timestamp>2810.688041</timestamp>
			</report>
			<report>
				<misses>445400001</misses>
				<total>0</total>
				<timestamp>2811.312693</timestamp>
			</report>
			<report>
				<misses>445500001</misses>
				<total>0</total>
				<timestamp>2811.940493</timestamp>
			</report>
			<report>
				<misses>445600001</misses>
				<total>0</total>
				<timestamp>2812.567400</timestamp>
			</report>
			<report>
				<misses>445700001</misses>
				<total>0</total>
				<timestamp>2813.193656</timestamp>
			</report>
			<report>
				<misses>445800001</misses>
				<total>0</total>
				<timestamp>2813.819934</timestamp>
			</report>
			<report>
				<misses>445900001</misses>
				<total>0</total>
				<timestamp>2814.447070</timestamp>
			</report>
			<report>
				<misses>446000001</misses>
				<total>0</total>
				<timestamp>2815.075200</timestamp>
			</report>
			<report>
				<misses>446100001</misses>
				<total>0</total>
				<timestamp>2815.708845</timestamp>
			</report>
			<report>
				<misses>446200001</misses>
				<total>0</total>
				<timestamp>2816.342919</timestamp>
			</report>
			<report>
				<misses>446300001</misses>
				<total>0</total>
				<timestamp>2816.966664</timestamp>
			</report>
			<report>
				<misses>446400001</misses>
				<total>0</total>
				<timestamp>2817.603878</timestamp>
			</report>
			<report>
				<misses>446500001</misses>
				<total>0</total>
				<timestamp>2818.231436</timestamp>
			</report>
			<report>
				<misses>446600001</misses>
				<total>0</total>
				<timestamp>2818.861873</timestamp>
			</report>
			<report>
				<misses>446700001</misses>
				<total>0</total>
				<timestamp>2819.498259</timestamp>
			</report>
			<report>
				<misses>446800001</misses>
				<total>0</total>
				<timestamp>2820.121168</timestamp>
			</report>
			<report>
				<misses>446900001</misses>
				<total>0</total>
				<timestamp>2820.747780</timestamp>
			</report>
			<report>
				<misses>447000001</misses>
				<total>0</total>
				<timestamp>2821.379852</timestamp>
			</report>
			<report>
				<misses>447100001</misses>
				<total>0</total>
				<timestamp>2822.010166</timestamp>
			</report>
			<report>
				<misses>447200001</misses>
				<total>0</total>
				<timestamp>2822.642685</timestamp>
			</report>
			<report>
				<misses>447300001</misses>
				<total>0</total>
				<timestamp>2823.280152</timestamp>
			</report>
			<report>
				<misses>447400001</misses>
				<total>0</total>
				<timestamp>2823.917484</timestamp>
			</report>
			<report>
				<misses>447500001</misses>
				<total>0</total>
				<timestamp>2824.555122</timestamp>
			</report>
			<report>
				<misses>447600001</misses>
				<total>0</total>
				<timestamp>2825.188276</timestamp>
			</report>
			<report>
				<misses>447700001</misses>
				<total>0</total>
				<timestamp>2825.834321</timestamp>
			</report>
			<report>
				<misses>447800001</misses>
				<total>0</total>
				<timestamp>2826.471136</timestamp>
			</report>
			<report>
				<misses>447900001</misses>
				<total>0</total>
				<timestamp>2827.102236</timestamp>
			</report>
			<report>
				<misses>448000001</misses>
				<total>0</total>
				<timestamp>2827.730933</timestamp>
			</report>
			<report>
				<misses>448100001</misses>
				<total>0</total>
				<timestamp>2828.359849</timestamp>
			</report>
			<report>
				<misses>448200001</misses>
				<total>0</total>
				<timestamp>2828.996987</timestamp>
			</report>
			<report>
				<misses>448300001</misses>
				<total>0</total>
				<timestamp>2829.631974</timestamp>
			</report>
			<report>
				<misses>448400001</misses>
				<total>0</total>
				<timestamp>2830.266245</timestamp>
			</report>
			<report>
				<misses>448500001</misses>
				<total>0</total>
				<timestamp>2830.895825</timestamp>
			</report>
			<report>
				<misses>448600001</misses>
				<total>0</total>
				<timestamp>2831.522985</timestamp>
			</report>
			<report>
				<misses>448700001</misses>
				<total>0</total>
				<timestamp>2832.151179</timestamp>
			</report>
			<report>
				<misses>448800001</misses>
				<total>0</total>
				<timestamp>2832.778167</timestamp>
			</report>
			<report>
				<misses>448900001</misses>
				<total>0</total>
				<timestamp>2833.406135</timestamp>
			</report>
			<report>
				<misses>449000001</misses>
				<total>0</total>
				<timestamp>2834.033953</timestamp>
			</report>
			<report>
				<misses>449100001</misses>
				<total>0</total>
				<timestamp>2834.661265</timestamp>
			</report>
			<report>
				<misses>449200001</misses>
				<total>0</total>
				<timestamp>2835.292722</timestamp>
			</report>
			<report>
				<misses>449300001</misses>
				<total>0</total>
				<timestamp>2835.927691</timestamp>
			</report>
			<report>
				<misses>449400001</misses>
				<total>0</total>
				<timestamp>2836.556023</timestamp>
			</report>
			<report>
				<misses>449500001</misses>
				<total>0</total>
				<timestamp>2837.187312</timestamp>
			</report>
			<report>
				<misses>449600001</misses>
				<total>0</total>
				<timestamp>2837.820592</timestamp>
			</report>
			<report>
				<misses>449700001</misses>
				<total>0</total>
				<timestamp>2838.454457</timestamp>
			</report>
			<report>
				<misses>449800001</misses>
				<total>0</total>
				<timestamp>2839.090846</timestamp>
			</report>
			<report>
				<misses>449900001</misses>
				<total>0</total>
				<timestamp>2839.717747</timestamp>
			</report>
			<report>
				<misses>450000001</misses>
				<total>0</total>
				<timestamp>2840.352562</timestamp>
			</report>
			<report>
				<misses>450100001</misses>
				<total>0</total>
				<timestamp>2840.980177</timestamp>
			</report>
			<report>
				<misses>450200001</misses>
				<total>0</total>
				<timestamp>2841.605136</timestamp>
			</report>
			<report>
				<misses>450300001</misses>
				<total>0</total>
				<timestamp>2842.262350</timestamp>
			</report>
			<report>
				<misses>450400001</misses>
				<total>0</total>
				<timestamp>2842.909293</timestamp>
			</report>
			<report>
				<misses>450500001</misses>
				<total>0</total>
				<timestamp>2843.536436</timestamp>
			</report>
			<report>
				<misses>450600001</misses>
				<total>0</total>
				<timestamp>2844.164650</timestamp>
			</report>
			<report>
				<misses>450700001</misses>
				<total>0</total>
				<timestamp>2844.794395</timestamp>
			</report>
			<report>
				<misses>450800001</misses>
				<total>0</total>
				<timestamp>2845.428262</timestamp>
			</report>
			<report>
				<misses>450900001</misses>
				<total>0</total>
				<timestamp>2846.055280</timestamp>
			</report>
			<report>
				<misses>451000001</misses>
				<total>0</total>
				<timestamp>2846.684011</timestamp>
			</report>
			<report>
				<misses>451100001</misses>
				<total>0</total>
				<timestamp>2847.311478</timestamp>
			</report>
			<report>
				<misses>451200001</misses>
				<total>0</total>
				<timestamp>2847.944963</timestamp>
			</report>
			<report>
				<misses>451300001</misses>
				<total>0</total>
				<timestamp>2848.576958</timestamp>
			</report>
			<report>
				<misses>451400001</misses>
				<total>0</total>
				<timestamp>2849.214493</timestamp>
			</report>
			<report>
				<misses>451500001</misses>
				<total>0</total>
				<timestamp>2849.840608</timestamp>
			</report>
			<report>
				<misses>451600001</misses>
				<total>0</total>
				<timestamp>2850.470901</timestamp>
			</report>
			<report>
				<misses>451700001</misses>
				<total>0</total>
				<timestamp>2851.098871</timestamp>
			</report>
			<report>
				<misses>451800001</misses>
				<total>0</total>
				<timestamp>2851.726596</timestamp>
			</report>
			<report>
				<misses>451900001</misses>
				<total>0</total>
				<timestamp>2852.361001</timestamp>
			</report>
			<report>
				<misses>452000001</misses>
				<total>0</total>
				<timestamp>2852.987045</timestamp>
			</report>
			<report>
				<misses>452100001</misses>
				<total>0</total>
				<timestamp>2853.626852</timestamp>
			</report>
			<report>
				<misses>452200001</misses>
				<total>0</total>
				<timestamp>2854.254228</timestamp>
			</report>
			<report>
				<misses>452300001</misses>
				<total>0</total>
				<timestamp>2854.887318</timestamp>
			</report>
			<report>
				<misses>452400001</misses>
				<total>0</total>
				<timestamp>2855.532206</timestamp>
			</report>
			<report>
				<misses>452500001</misses>
				<total>0</total>
				<timestamp>2856.164304</timestamp>
			</report>
			<report>
				<misses>452600001</misses>
				<total>0</total>
				<timestamp>2856.792574</timestamp>
			</report>
			<report>
				<misses>452700001</misses>
				<total>0</total>
				<timestamp>2857.419600</timestamp>
			</report>
			<report>
				<misses>452800001</misses>
				<total>0</total>
				<timestamp>2858.045455</timestamp>
			</report>
			<report>
				<misses>452900001</misses>
				<total>0</total>
				<timestamp>2858.679969</timestamp>
			</report>
			<report>
				<misses>453000001</misses>
				<total>0</total>
				<timestamp>2859.306152</timestamp>
			</report>
			<report>
				<misses>453100001</misses>
				<total>0</total>
				<timestamp>2859.937539</timestamp>
			</report>
			<report>
				<misses>453200001</misses>
				<total>0</total>
				<timestamp>2860.573413</timestamp>
			</report>
			<report>
				<misses>453300001</misses>
				<total>0</total>
				<timestamp>2861.210180</timestamp>
			</report>
			<report>
				<misses>453400001</misses>
				<total>0</total>
				<timestamp>2861.838572</timestamp>
			</report>
			<report>
				<misses>453500001</misses>
				<total>0</total>
				<timestamp>2862.465697</timestamp>
			</report>
			<report>
				<misses>453600001</misses>
				<total>0</total>
				<timestamp>2863.101814</timestamp>
			</report>
			<report>
				<misses>453700001</misses>
				<total>0</total>
				<timestamp>2863.733025</timestamp>
			</report>
			<report>
				<misses>453800001</misses>
				<total>0</total>
				<timestamp>2864.371992</timestamp>
			</report>
			<report>
				<misses>453900001</misses>
				<total>0</total>
				<timestamp>2865.003176</timestamp>
			</report>
			<report>
				<misses>454000001</misses>
				<total>0</total>
				<timestamp>2865.639865</timestamp>
			</report>
			<report>
				<misses>454100001</misses>
				<total>0</total>
				<timestamp>2866.281964</timestamp>
			</report>
			<report>
				<misses>454200001</misses>
				<total>0</total>
				<timestamp>2866.914762</timestamp>
			</report>
			<report>
				<misses>454300001</misses>
				<total>0</total>
				<timestamp>2867.542528</timestamp>
			</report>
			<report>
				<misses>454400001</misses>
				<total>0</total>
				<timestamp>2868.174739</timestamp>
			</report>
			<report>
				<misses>454500001</misses>
				<total>0</total>
				<timestamp>2868.808227</timestamp>
			</report>
			<report>
				<misses>454600001</misses>
				<total>0</total>
				<timestamp>2869.435061</timestamp>
			</report>
			<report>
				<misses>454700001</misses>
				<total>0</total>
				<timestamp>2870.061871</timestamp>
			</report>
			<report>
				<misses>454800001</misses>
				<total>0</total>
				<timestamp>2870.699931</timestamp>
			</report>
			<report>
				<misses>454900001</misses>
				<total>0</total>
				<timestamp>2871.329008</timestamp>
			</report>
			<report>
				<misses>455000001</misses>
				<total>0</total>
				<timestamp>2871.970852</timestamp>
			</report>
			<report>
				<misses>455100001</misses>
				<total>0</total>
				<timestamp>2872.602919</timestamp>
			</report>
			<report>
				<misses>455200001</misses>
				<total>0</total>
				<timestamp>2873.232377</timestamp>
			</report>
			<report>
				<misses>455300001</misses>
				<total>0</total>
				<timestamp>2873.858788</timestamp>
			</report>
			<report>
				<misses>455400001</misses>
				<total>0</total>
				<timestamp>2874.487727</timestamp>
			</report>
			<report>
				<misses>455500001</misses>
				<total>0</total>
				<timestamp>2875.124018</timestamp>
			</report>
			<report>
				<misses>455600001</misses>
				<total>0</total>
				<timestamp>2875.750867</timestamp>
			</report>
			<report>
				<misses>455700001</misses>
				<total>0</total>
				<timestamp>2876.379666</timestamp>
			</report>
			<report>
				<misses>455800001</misses>
				<total>0</total>
				<timestamp>2877.006687</timestamp>
			</report>
			<report>
				<misses>455900001</misses>
				<total>0</total>
				<timestamp>2877.638445</timestamp>
			</report>
			<report>
				<misses>456000001</misses>
				<total>0</total>
				<timestamp>2878.270891</timestamp>
			</report>
			<report>
				<misses>456100001</misses>
				<total>0</total>
				<timestamp>2878.898591</timestamp>
			</report>
			<report>
				<misses>456200001</misses>
				<total>0</total>
				<timestamp>2879.535619</timestamp>
			</report>
			<report>
				<misses>456300001</misses>
				<total>0</total>
				<timestamp>2880.169374</timestamp>
			</report>
			<report>
				<misses>456400001</misses>
				<total>0</total>
				<timestamp>2880.802876</timestamp>
			</report>
			<report>
				<misses>456500001</misses>
				<total>0</total>
				<timestamp>2881.432054</timestamp>
			</report>
			<report>
				<misses>456600001</misses>
				<total>0</total>
				<timestamp>2882.059665</timestamp>
			</report>
			<report>
				<misses>456700001</misses>
				<total>0</total>
				<timestamp>2882.704327</timestamp>
			</report>
			<report>
				<misses>456800001</misses>
				<total>0</total>
				<timestamp>2883.333185</timestamp>
			</report>
			<report>
				<misses>456900001</misses>
				<total>0</total>
				<timestamp>2883.968987</timestamp>
			</report>
			<report>
				<misses>457000001</misses>
				<total>0</total>
				<timestamp>2884.600160</timestamp>
			</report>
			<report>
				<misses>457100001</misses>
				<total>0</total>
				<timestamp>2885.234728</timestamp>
			</report>
			<report>
				<misses>457200001</misses>
				<total>0</total>
				<timestamp>2885.863228</timestamp>
			</report>
			<report>
				<misses>457300001</misses>
				<total>0</total>
				<timestamp>2886.491173</timestamp>
			</report>
			<report>
				<misses>457400001</misses>
				<total>0</total>
				<timestamp>2887.123503</timestamp>
			</report>
			<report>
				<misses>457500001</misses>
				<total>0</total>
				<timestamp>2887.770378</timestamp>
			</report>
			<report>
				<misses>457600001</misses>
				<total>0</total>
				<timestamp>2888.399954</timestamp>
			</report>
			<report>
				<misses>457700001</misses>
				<total>0</total>
				<timestamp>2889.036757</timestamp>
			</report>
			<report>
				<misses>457800001</misses>
				<total>0</total>
				<timestamp>2889.672934</timestamp>
			</report>
			<report>
				<misses>457900001</misses>
				<total>0</total>
				<timestamp>2890.300352</timestamp>
			</report>
			<report>
				<misses>458000001</misses>
				<total>0</total>
				<timestamp>2890.944678</timestamp>
			</report>
			<report>
				<misses>458100001</misses>
				<total>0</total>
				<timestamp>2891.587339</timestamp>
			</report>
			<report>
				<misses>458200001</misses>
				<total>0</total>
				<timestamp>2892.214928</timestamp>
			</report>
			<report>
				<misses>458300001</misses>
				<total>0</total>
				<timestamp>2892.838146</timestamp>
			</report>
			<report>
				<misses>458400001</misses>
				<total>0</total>
				<timestamp>2893.468988</timestamp>
			</report>
			<report>
				<misses>458500001</misses>
				<total>0</total>
				<timestamp>2894.115054</timestamp>
			</report>
			<report>
				<misses>458600001</misses>
				<total>0</total>
				<timestamp>2894.748148</timestamp>
			</report>
			<report>
				<misses>458700001</misses>
				<total>0</total>
				<timestamp>2895.390381</timestamp>
			</report>
			<report>
				<misses>458800001</misses>
				<total>0</total>
				<timestamp>2896.024986</timestamp>
			</report>
			<report>
				<misses>458900001</misses>
				<total>0</total>
				<timestamp>2896.658586</timestamp>
			</report>
			<report>
				<misses>459000001</misses>
				<total>0</total>
				<timestamp>2897.283405</timestamp>
			</report>
			<report>
				<misses>459100001</misses>
				<total>0</total>
				<timestamp>2897.908080</timestamp>
			</report>
			<report>
				<misses>459200001</misses>
				<total>0</total>
				<timestamp>2898.535082</timestamp>
			</report>
			<report>
				<misses>459300001</misses>
				<total>0</total>
				<timestamp>2899.163184</timestamp>
			</report>
			<report>
				<misses>459400001</misses>
				<total>0</total>
				<timestamp>2899.813094</timestamp>
			</report>
			<report>
				<misses>459500001</misses>
				<total>0</total>
				<timestamp>2900.439244</timestamp>
			</report>
			<report>
				<misses>459600001</misses>
				<total>0</total>
				<timestamp>2901.066788</timestamp>
			</report>
			<report>
				<misses>459700001</misses>
				<total>0</total>
				<timestamp>2901.696901</timestamp>
			</report>
			<report>
				<misses>459800001</misses>
				<total>0</total>
				<timestamp>2902.337440</timestamp>
			</report>
			<report>
				<misses>459900001</misses>
				<total>0</total>
				<timestamp>2902.980755</timestamp>
			</report>
			<report>
				<misses>460000001</misses>
				<total>0</total>
				<timestamp>2903.615019</timestamp>
			</report>
			<report>
				<misses>460100001</misses>
				<total>0</total>
				<timestamp>2904.250928</timestamp>
			</report>
			<report>
				<misses>460200001</misses>
				<total>0</total>
				<timestamp>2904.875357</timestamp>
			</report>
			<report>
				<misses>460300001</misses>
				<total>0</total>
				<timestamp>2905.511339</timestamp>
			</report>
			<report>
				<misses>460400001</misses>
				<total>0</total>
				<timestamp>2906.167792</timestamp>
			</report>
			<report>
				<misses>460500001</misses>
				<total>0</total>
				<timestamp>2906.801076</timestamp>
			</report>
			<report>
				<misses>460600001</misses>
				<total>0</total>
				<timestamp>2907.446930</timestamp>
			</report>
			<report>
				<misses>460700001</misses>
				<total>0</total>
				<timestamp>2908.081267</timestamp>
			</report>
			<report>
				<misses>460800001</misses>
				<total>0</total>
				<timestamp>2908.706016</timestamp>
			</report>
			<report>
				<misses>460900001</misses>
				<total>0</total>
				<timestamp>2909.344305</timestamp>
			</report>
			<report>
				<misses>461000001</misses>
				<total>0</total>
				<timestamp>2909.981194</timestamp>
			</report>
			<report>
				<misses>461100001</misses>
				<total>0</total>
				<timestamp>2910.616033</timestamp>
			</report>
			<report>
				<misses>461200001</misses>
				<total>0</total>
				<timestamp>2911.244443</timestamp>
			</report>
			<report>
				<misses>461300001</misses>
				<total>0</total>
				<timestamp>2911.871340</timestamp>
			</report>
			<report>
				<misses>461400001</misses>
				<total>0</total>
				<timestamp>2912.496199</timestamp>
			</report>
			<report>
				<misses>461500001</misses>
				<total>0</total>
				<timestamp>2913.127101</timestamp>
			</report>
			<report>
				<misses>461600001</misses>
				<total>0</total>
				<timestamp>2913.754912</timestamp>
			</report>
			<report>
				<misses>461700001</misses>
				<total>0</total>
				<timestamp>2914.388194</timestamp>
			</report>
			<report>
				<misses>461800001</misses>
				<total>0</total>
				<timestamp>2915.023110</timestamp>
			</report>
			<report>
				<misses>461900001</misses>
				<total>0</total>
				<timestamp>2915.653865</timestamp>
			</report>
			<report>
				<misses>462000001</misses>
				<total>0</total>
				<timestamp>2916.292395</timestamp>
			</report>
			<report>
				<misses>462100001</misses>
				<total>0</total>
				<timestamp>2916.922172</timestamp>
			</report>
			<report>
				<misses>462200001</misses>
				<total>0</total>
				<timestamp>2917.553113</timestamp>
			</report>
			<report>
				<misses>462300001</misses>
				<total>0</total>
				<timestamp>2918.185577</timestamp>
			</report>
			<report>
				<misses>462400001</misses>
				<total>0</total>
				<timestamp>2918.821388</timestamp>
			</report>
			<report>
				<misses>462500001</misses>
				<total>0</total>
				<timestamp>2919.458391</timestamp>
			</report>
			<report>
				<misses>462600001</misses>
				<total>0</total>
				<timestamp>2920.088048</timestamp>
			</report>
			<report>
				<misses>462700001</misses>
				<total>0</total>
				<timestamp>2920.713103</timestamp>
			</report>
			<report>
				<misses>462800001</misses>
				<total>0</total>
				<timestamp>2921.340871</timestamp>
			</report>
			<report>
				<misses>462900001</misses>
				<total>0</total>
				<timestamp>2921.973431</timestamp>
			</report>
			<report>
				<misses>463000001</misses>
				<total>0</total>
				<timestamp>2922.605975</timestamp>
			</report>
			<report>
				<misses>463100001</misses>
				<total>0</total>
				<timestamp>2923.231082</timestamp>
			</report>
			<report>
				<misses>463200001</misses>
				<total>0</total>
				<timestamp>2923.871183</timestamp>
			</report>
			<report>
				<misses>463300001</misses>
				<total>0</total>
				<timestamp>2924.502998</timestamp>
			</report>
			<report>
				<misses>463400001</misses>
				<total>0</total>
				<timestamp>2925.130090</timestamp>
			</report>
			<report>
				<misses>463500001</misses>
				<total>0</total>
				<timestamp>2925.764497</timestamp>
			</report>
			<report>
				<misses>463600001</misses>
				<total>0</total>
				<timestamp>2926.404878</timestamp>
			</report>
			<report>
				<misses>463700001</misses>
				<total>0</total>
				<timestamp>2927.046139</timestamp>
			</report>
			<report>
				<misses>463800001</misses>
				<total>0</total>
				<timestamp>2927.675846</timestamp>
			</report>
			<report>
				<misses>463900001</misses>
				<total>0</total>
				<timestamp>2928.318514</timestamp>
			</report>
			<report>
				<misses>464000001</misses>
				<total>0</total>
				<timestamp>2928.959202</timestamp>
			</report>
			<report>
				<misses>464100001</misses>
				<total>0</total>
				<timestamp>2929.594278</timestamp>
			</report>
			<report>
				<misses>464200001</misses>
				<total>0</total>
				<timestamp>2930.221965</timestamp>
			</report>
			<report>
				<misses>464300001</misses>
				<total>0</total>
				<timestamp>2930.848155</timestamp>
			</report>
			<report>
				<misses>464400001</misses>
				<total>0</total>
				<timestamp>2931.500119</timestamp>
			</report>
			<report>
				<misses>464500001</misses>
				<total>0</total>
				<timestamp>2932.125690</timestamp>
			</report>
			<report>
				<misses>464600001</misses>
				<total>0</total>
				<timestamp>2932.750065</timestamp>
			</report>
			<report>
				<misses>464700001</misses>
				<total>0</total>
				<timestamp>2933.385883</timestamp>
			</report>
			<report>
				<misses>464800001</misses>
				<total>0</total>
				<timestamp>2934.016480</timestamp>
			</report>
			<report>
				<misses>464900001</misses>
				<total>0</total>
				<timestamp>2934.646753</timestamp>
			</report>
			<report>
				<misses>465000001</misses>
				<total>0</total>
				<timestamp>2935.277633</timestamp>
			</report>
			<report>
				<misses>465100001</misses>
				<total>0</total>
				<timestamp>2935.905683</timestamp>
			</report>
			<report>
				<misses>465200001</misses>
				<total>0</total>
				<timestamp>2936.530256</timestamp>
			</report>
			<report>
				<misses>465300001</misses>
				<total>0</total>
				<timestamp>2937.158871</timestamp>
			</report>
			<report>
				<misses>465400001</misses>
				<total>0</total>
				<timestamp>2937.785060</timestamp>
			</report>
			<report>
				<misses>465500001</misses>
				<total>0</total>
				<timestamp>2938.412250</timestamp>
			</report>
			<report>
				<misses>465600001</misses>
				<total>0</total>
				<timestamp>2939.045051</timestamp>
			</report>
			<report>
				<misses>465700001</misses>
				<total>0</total>
				<timestamp>2939.670404</timestamp>
			</report>
			<report>
				<misses>465800001</misses>
				<total>0</total>
				<timestamp>2940.297199</timestamp>
			</report>
			<report>
				<misses>465900001</misses>
				<total>0</total>
				<timestamp>2940.924171</timestamp>
			</report>
			<report>
				<misses>466000001</misses>
				<total>0</total>
				<timestamp>2941.552867</timestamp>
			</report>
			<report>
				<misses>466100001</misses>
				<total>0</total>
				<timestamp>2942.186809</timestamp>
			</report>
			<report>
				<misses>466200001</misses>
				<total>0</total>
				<timestamp>2942.823638</timestamp>
			</report>
			<report>
				<misses>466300001</misses>
				<total>0</total>
				<timestamp>2943.455013</timestamp>
			</report>
			<report>
				<misses>466400001</misses>
				<total>0</total>
				<timestamp>2944.079877</timestamp>
			</report>
			<report>
				<misses>466500001</misses>
				<total>0</total>
				<timestamp>2944.711302</timestamp>
			</report>
			<report>
				<misses>466600001</misses>
				<total>0</total>
				<timestamp>2945.342847</timestamp>
			</report>
			<report>
				<misses>466700001</misses>
				<total>0</total>
				<timestamp>2945.972870</timestamp>
			</report>
			<report>
				<misses>466800001</misses>
				<total>0</total>
				<timestamp>2946.599873</timestamp>
			</report>
			<report>
				<misses>466900001</misses>
				<total>0</total>
				<timestamp>2947.232588</timestamp>
			</report>
			<report>
				<misses>467000001</misses>
				<total>0</total>
				<timestamp>2947.867724</timestamp>
			</report>
			<report>
				<misses>467100001</misses>
				<total>0</total>
				<timestamp>2948.494557</timestamp>
			</report>
			<report>
				<misses>467200001</misses>
				<total>0</total>
				<timestamp>2949.122220</timestamp>
			</report>
			<report>
				<misses>467300001</misses>
				<total>0</total>
				<timestamp>2949.748668</timestamp>
			</report>
			<report>
				<misses>467400001</misses>
				<total>0</total>
				<timestamp>2950.376826</timestamp>
			</report>
			<report>
				<misses>467500001</misses>
				<total>0</total>
				<timestamp>2951.004705</timestamp>
			</report>
			<report>
				<misses>467600001</misses>
				<total>0</total>
				<timestamp>2951.638141</timestamp>
			</report>
			<report>
				<misses>467700001</misses>
				<total>0</total>
				<timestamp>2952.272025</timestamp>
			</report>
			<report>
				<misses>467800001</misses>
				<total>0</total>
				<timestamp>2952.901303</timestamp>
			</report>
			<report>
				<misses>467900001</misses>
				<total>0</total>
				<timestamp>2953.531580</timestamp>
			</report>
			<report>
				<misses>468000001</misses>
				<total>0</total>
				<timestamp>2954.171107</timestamp>
			</report>
			<report>
				<misses>468100001</misses>
				<total>0</total>
				<timestamp>2954.808769</timestamp>
			</report>
			<report>
				<misses>468200001</misses>
				<total>0</total>
				<timestamp>2955.440418</timestamp>
			</report>
			<report>
				<misses>468300001</misses>
				<total>0</total>
				<timestamp>2956.064844</timestamp>
			</report>
			<report>
				<misses>468400001</misses>
				<total>0</total>
				<timestamp>2956.696594</timestamp>
			</report>
			<report>
				<misses>468500001</misses>
				<total>0</total>
				<timestamp>2957.327406</timestamp>
			</report>
			<report>
				<misses>468600001</misses>
				<total>0</total>
				<timestamp>2957.964860</timestamp>
			</report>
			<report>
				<misses>468700001</misses>
				<total>0</total>
				<timestamp>2958.595393</timestamp>
			</report>
			<report>
				<misses>468800001</misses>
				<total>0</total>
				<timestamp>2959.251889</timestamp>
			</report>
			<report>
				<misses>468900001</misses>
				<total>0</total>
				<timestamp>2959.899355</timestamp>
			</report>
			<report>
				<misses>469000001</misses>
				<total>0</total>
				<timestamp>2960.528097</timestamp>
			</report>
			<report>
				<misses>469100001</misses>
				<total>0</total>
				<timestamp>2961.162127</timestamp>
			</report>
			<report>
				<misses>469200001</misses>
				<total>0</total>
				<timestamp>2961.792661</timestamp>
			</report>
			<report>
				<misses>469300001</misses>
				<total>0</total>
				<timestamp>2962.425664</timestamp>
			</report>
			<report>
				<misses>469400001</misses>
				<total>0</total>
				<timestamp>2963.067622</timestamp>
			</report>
			<report>
				<misses>469500001</misses>
				<total>0</total>
				<timestamp>2963.693516</timestamp>
			</report>
			<report>
				<misses>469600001</misses>
				<total>0</total>
				<timestamp>2964.322693</timestamp>
			</report>
			<report>
				<misses>469700001</misses>
				<total>0</total>
				<timestamp>2964.947369</timestamp>
			</report>
			<report>
				<misses>469800001</misses>
				<total>0</total>
				<timestamp>2965.575482</timestamp>
			</report>
			<report>
				<misses>469900001</misses>
				<total>0</total>
				<timestamp>2966.198772</timestamp>
			</report>
			<report>
				<misses>470000001</misses>
				<total>0</total>
				<timestamp>2966.826816</timestamp>
			</report>
			<report>
				<misses>470100001</misses>
				<total>0</total>
				<timestamp>2967.461433</timestamp>
			</report>
			<report>
				<misses>470200001</misses>
				<total>0</total>
				<timestamp>2968.094198</timestamp>
			</report>
			<report>
				<misses>470300001</misses>
				<total>0</total>
				<timestamp>2968.724063</timestamp>
			</report>
			<report>
				<misses>470400001</misses>
				<total>0</total>
				<timestamp>2969.352600</timestamp>
			</report>
			<report>
				<misses>470500001</misses>
				<total>0</total>
				<timestamp>2969.989885</timestamp>
			</report>
			<report>
				<misses>470600001</misses>
				<total>0</total>
				<timestamp>2970.627259</timestamp>
			</report>
			<report>
				<misses>470700001</misses>
				<total>0</total>
				<timestamp>2971.268949</timestamp>
			</report>
			<report>
				<misses>470800001</misses>
				<total>0</total>
				<timestamp>2971.895520</timestamp>
			</report>
			<report>
				<misses>470900001</misses>
				<total>0</total>
				<timestamp>2972.532759</timestamp>
			</report>
			<report>
				<misses>471000001</misses>
				<total>0</total>
				<timestamp>2973.171476</timestamp>
			</report>
			<report>
				<misses>471100001</misses>
				<total>0</total>
				<timestamp>2973.796989</timestamp>
			</report>
			<report>
				<misses>471200001</misses>
				<total>0</total>
				<timestamp>2974.420135</timestamp>
			</report>
			<report>
				<misses>471300001</misses>
				<total>0</total>
				<timestamp>2975.053079</timestamp>
			</report>
			<report>
				<misses>471400001</misses>
				<total>0</total>
				<timestamp>2975.679728</timestamp>
			</report>
			<report>
				<misses>471500001</misses>
				<total>0</total>
				<timestamp>2976.309740</timestamp>
			</report>
			<report>
				<misses>471600001</misses>
				<total>0</total>
				<timestamp>2976.938181</timestamp>
			</report>
			<report>
				<misses>471700001</misses>
				<total>0</total>
				<timestamp>2977.576329</timestamp>
			</report>
			<report>
				<misses>471800001</misses>
				<total>0</total>
				<timestamp>2978.207015</timestamp>
			</report>
			<report>
				<misses>471900001</misses>
				<total>0</total>
				<timestamp>2978.833071</timestamp>
			</report>
			<report>
				<misses>472000001</misses>
				<total>0</total>
				<timestamp>2979.464463</timestamp>
			</report>
			<report>
				<misses>472100001</misses>
				<total>0</total>
				<timestamp>2980.090861</timestamp>
			</report>
			<report>
				<misses>472200001</misses>
				<total>0</total>
				<timestamp>2980.732296</timestamp>
			</report>
			<report>
				<misses>472300001</misses>
				<total>0</total>
				<timestamp>2981.372932</timestamp>
			</report>
			<report>
				<misses>472400001</misses>
				<total>0</total>
				<timestamp>2981.997878</timestamp>
			</report>
			<report>
				<misses>472500001</misses>
				<total>0</total>
				<timestamp>2982.631946</timestamp>
			</report>
			<report>
				<misses>472600001</misses>
				<total>0</total>
				<timestamp>2983.293572</timestamp>
			</report>
			<report>
				<misses>472700001</misses>
				<total>0</total>
				<timestamp>2983.917473</timestamp>
			</report>
			<report>
				<misses>472800001</misses>
				<total>0</total>
				<timestamp>2984.545599</timestamp>
			</report>
			<report>
				<misses>472900001</misses>
				<total>0</total>
				<timestamp>2985.174774</timestamp>
			</report>
			<report>
				<misses>473000001</misses>
				<total>0</total>
				<timestamp>2985.815324</timestamp>
			</report>
			<report>
				<misses>473100001</misses>
				<total>0</total>
				<timestamp>2986.445134</timestamp>
			</report>
			<report>
				<misses>473200001</misses>
				<total>0</total>
				<timestamp>2987.073101</timestamp>
			</report>
			<report>
				<misses>473300001</misses>
				<total>0</total>
				<timestamp>2987.697120</timestamp>
			</report>
			<report>
				<misses>473400001</misses>
				<total>0</total>
				<timestamp>2988.319847</timestamp>
			</report>
			<report>
				<misses>473500001</misses>
				<total>0</total>
				<timestamp>2988.955203</timestamp>
			</report>
			<report>
				<misses>473600001</misses>
				<total>0</total>
				<timestamp>2989.581506</timestamp>
			</report>
			<report>
				<misses>473700001</misses>
				<total>0</total>
				<timestamp>2990.208318</timestamp>
			</report>
			<report>
				<misses>473800001</misses>
				<total>0</total>
				<timestamp>2990.832301</timestamp>
			</report>
			<report>
				<misses>473900001</misses>
				<total>0</total>
				<timestamp>2991.458913</timestamp>
			</report>
			<report>
				<misses>474000001</misses>
				<total>0</total>
				<timestamp>2992.082735</timestamp>
			</report>
			<report>
				<misses>474100001</misses>
				<total>0</total>
				<timestamp>2992.710526</timestamp>
			</report>
			<report>
				<misses>474200001</misses>
				<total>0</total>
				<timestamp>2993.334793</timestamp>
			</report>
			<report>
				<misses>474300001</misses>
				<total>0</total>
				<timestamp>2993.959875</timestamp>
			</report>
			<report>
				<misses>474400001</misses>
				<total>0</total>
				<timestamp>2994.597106</timestamp>
			</report>
			<report>
				<misses>474500001</misses>
				<total>0</total>
				<timestamp>2995.232417</timestamp>
			</report>
			<report>
				<misses>474600001</misses>
				<total>0</total>
				<timestamp>2995.854937</timestamp>
			</report>
			<report>
				<misses>474700001</misses>
				<total>0</total>
				<timestamp>2996.482362</timestamp>
			</report>
			<report>
				<misses>474800001</misses>
				<total>0</total>
				<timestamp>2997.107981</timestamp>
			</report>
			<report>
				<misses>474900001</misses>
				<total>0</total>
				<timestamp>2997.749705</timestamp>
			</report>
			<report>
				<misses>475000001</misses>
				<total>0</total>
				<timestamp>2998.376782</timestamp>
			</report>
			<report>
				<misses>475100001</misses>
				<total>0</total>
				<timestamp>2999.007771</timestamp>
			</report>
			<report>
				<misses>475200001</misses>
				<total>0</total>
				<timestamp>2999.644175</timestamp>
			</report>
			<report>
				<misses>475300001</misses>
				<total>0</total>
				<timestamp>3000.274479</timestamp>
			</report>
			<report>
				<misses>475400001</misses>
				<total>0</total>
				<timestamp>3000.901000</timestamp>
			</report>
			<report>
				<misses>475500001</misses>
				<total>0</total>
				<timestamp>3001.530148</timestamp>
			</report>
			<report>
				<misses>475600001</misses>
				<total>0</total>
				<timestamp>3002.152123</timestamp>
			</report>
			<report>
				<misses>475700001</misses>
				<total>0</total>
				<timestamp>3002.776629</timestamp>
			</report>
			<report>
				<misses>475800001</misses>
				<total>0</total>
				<timestamp>3003.404006</timestamp>
			</report>
			<report>
				<misses>475900001</misses>
				<total>0</total>
				<timestamp>3004.044584</timestamp>
			</report>
			<report>
				<misses>476000001</misses>
				<total>0</total>
				<timestamp>3004.682729</timestamp>
			</report>
			<report>
				<misses>476100001</misses>
				<total>0</total>
				<timestamp>3005.319054</timestamp>
			</report>
			<report>
				<misses>476200001</misses>
				<total>0</total>
				<timestamp>3005.950415</timestamp>
			</report>
			<report>
				<misses>476300001</misses>
				<total>0</total>
				<timestamp>3006.613441</timestamp>
			</report>
			<report>
				<misses>476400001</misses>
				<total>0</total>
				<timestamp>3007.249824</timestamp>
			</report>
			<report>
				<misses>476500001</misses>
				<total>0</total>
				<timestamp>3007.871911</timestamp>
			</report>
			<report>
				<misses>476600001</misses>
				<total>0</total>
				<timestamp>3008.503790</timestamp>
			</report>
			<report>
				<misses>476700001</misses>
				<total>0</total>
				<timestamp>3009.131643</timestamp>
			</report>
			<report>
				<misses>476800001</misses>
				<total>0</total>
				<timestamp>3009.765684</timestamp>
			</report>
			<report>
				<misses>476900001</misses>
				<total>0</total>
				<timestamp>3010.398325</timestamp>
			</report>
			<report>
				<misses>477000001</misses>
				<total>0</total>
				<timestamp>3011.027859</timestamp>
			</report>
			<report>
				<misses>477100001</misses>
				<total>0</total>
				<timestamp>3011.667076</timestamp>
			</report>
			<report>
				<misses>477200001</misses>
				<total>0</total>
				<timestamp>3012.310636</timestamp>
			</report>
			<report>
				<misses>477300001</misses>
				<total>0</total>
				<timestamp>3012.945866</timestamp>
			</report>
			<report>
				<misses>477400001</misses>
				<total>0</total>
				<timestamp>3013.580331</timestamp>
			</report>
			<report>
				<misses>477500001</misses>
				<total>0</total>
				<timestamp>3014.216756</timestamp>
			</report>
			<report>
				<misses>477600001</misses>
				<total>0</total>
				<timestamp>3014.851302</timestamp>
			</report>
			<report>
				<misses>477700001</misses>
				<total>0</total>
				<timestamp>3015.497813</timestamp>
			</report>
			<report>
				<misses>477800001</misses>
				<total>0</total>
				<timestamp>3016.135078</timestamp>
			</report>
			<report>
				<misses>477900001</misses>
				<total>0</total>
				<timestamp>3016.768004</timestamp>
			</report>
			<report>
				<misses>478000001</misses>
				<total>0</total>
				<timestamp>3017.397804</timestamp>
			</report>
			<report>
				<misses>478100001</misses>
				<total>0</total>
				<timestamp>3018.028294</timestamp>
			</report>
			<report>
				<misses>478200001</misses>
				<total>0</total>
				<timestamp>3018.652006</timestamp>
			</report>
			<report>
				<misses>478300001</misses>
				<total>0</total>
				<timestamp>3019.280933</timestamp>
			</report>
			<report>
				<misses>478400001</misses>
				<total>0</total>
				<timestamp>3019.902498</timestamp>
			</report>
			<report>
				<misses>478500001</misses>
				<total>0</total>
				<timestamp>3020.534391</timestamp>
			</report>
			<report>
				<misses>478600001</misses>
				<total>0</total>
				<timestamp>3021.171363</timestamp>
			</report>
			<report>
				<misses>478700001</misses>
				<total>0</total>
				<timestamp>3021.798806</timestamp>
			</report>
			<report>
				<misses>478800001</misses>
				<total>0</total>
				<timestamp>3022.421220</timestamp>
			</report>
			<report>
				<misses>478900001</misses>
				<total>0</total>
				<timestamp>3023.044429</timestamp>
			</report>
			<report>
				<misses>479000001</misses>
				<total>0</total>
				<timestamp>3023.672208</timestamp>
			</report>
			<report>
				<misses>479100001</misses>
				<total>0</total>
				<timestamp>3024.308852</timestamp>
			</report>
			<report>
				<misses>479200001</misses>
				<total>0</total>
				<timestamp>3024.937494</timestamp>
			</report>
			<report>
				<misses>479300001</misses>
				<total>0</total>
				<timestamp>3025.562193</timestamp>
			</report>
			<report>
				<misses>479400001</misses>
				<total>0</total>
				<timestamp>3026.189275</timestamp>
			</report>
			<report>
				<misses>479500001</misses>
				<total>0</total>
				<timestamp>3026.810990</timestamp>
			</report>
			<report>
				<misses>479600001</misses>
				<total>0</total>
				<timestamp>3027.435436</timestamp>
			</report>
			<report>
				<misses>479700001</misses>
				<total>0</total>
				<timestamp>3028.057626</timestamp>
			</report>
			<report>
				<misses>479800001</misses>
				<total>0</total>
				<timestamp>3028.688565</timestamp>
			</report>
			<report>
				<misses>479900001</misses>
				<total>0</total>
				<timestamp>3029.329088</timestamp>
			</report>
			<report>
				<misses>480000001</misses>
				<total>0</total>
				<timestamp>3029.965102</timestamp>
			</report>
			<report>
				<misses>480100001</misses>
				<total>0</total>
				<timestamp>3030.597867</timestamp>
			</report>
			<report>
				<misses>480200001</misses>
				<total>0</total>
				<timestamp>3031.242062</timestamp>
			</report>
			<report>
				<misses>480300001</misses>
				<total>0</total>
				<timestamp>3031.875333</timestamp>
			</report>
			<report>
				<misses>480400001</misses>
				<total>0</total>
				<timestamp>3032.501952</timestamp>
			</report>
			<report>
				<misses>480500001</misses>
				<total>0</total>
				<timestamp>3033.126900</timestamp>
			</report>
			<report>
				<misses>480600001</misses>
				<total>0</total>
				<timestamp>3033.763617</timestamp>
			</report>
			<report>
				<misses>480700001</misses>
				<total>0</total>
				<timestamp>3034.402804</timestamp>
			</report>
			<report>
				<misses>480800001</misses>
				<total>0</total>
				<timestamp>3035.032704</timestamp>
			</report>
			<report>
				<misses>480900001</misses>
				<total>0</total>
				<timestamp>3035.661244</timestamp>
			</report>
			<report>
				<misses>481000001</misses>
				<total>0</total>
				<timestamp>3036.304061</timestamp>
			</report>
			<report>
				<misses>481100001</misses>
				<total>0</total>
				<timestamp>3036.934402</timestamp>
			</report>
			<report>
				<misses>481200001</misses>
				<total>0</total>
				<timestamp>3037.562296</timestamp>
			</report>
			<report>
				<misses>481300001</misses>
				<total>0</total>
				<timestamp>3038.187595</timestamp>
			</report>
			<report>
				<misses>481400001</misses>
				<total>0</total>
				<timestamp>3038.815039</timestamp>
			</report>
			<report>
				<misses>481500001</misses>
				<total>0</total>
				<timestamp>3039.449653</timestamp>
			</report>
			<report>
				<misses>481600001</misses>
				<total>0</total>
				<timestamp>3040.076275</timestamp>
			</report>
			<report>
				<misses>481700001</misses>
				<total>0</total>
				<timestamp>3040.710084</timestamp>
			</report>
			<report>
				<misses>481800001</misses>
				<total>0</total>
				<timestamp>3041.348104</timestamp>
			</report>
			<report>
				<misses>481900001</misses>
				<total>0</total>
				<timestamp>3041.976267</timestamp>
			</report>
			<report>
				<misses>482000001</misses>
				<total>0</total>
				<timestamp>3042.606977</timestamp>
			</report>
			<report>
				<misses>482100001</misses>
				<total>0</total>
				<timestamp>3043.245286</timestamp>
			</report>
			<report>
				<misses>482200001</misses>
				<total>0</total>
				<timestamp>3043.874241</timestamp>
			</report>
			<report>
				<misses>482300001</misses>
				<total>0</total>
				<timestamp>3044.501347</timestamp>
			</report>
			<report>
				<misses>482400001</misses>
				<total>0</total>
				<timestamp>3045.124650</timestamp>
			</report>
			<report>
				<misses>482500001</misses>
				<total>0</total>
				<timestamp>3045.748870</timestamp>
			</report>
			<report>
				<misses>482600001</misses>
				<total>0</total>
				<timestamp>3046.387490</timestamp>
			</report>
			<report>
				<misses>482700001</misses>
				<total>0</total>
				<timestamp>3047.012570</timestamp>
			</report>
			<report>
				<misses>482800001</misses>
				<total>0</total>
				<timestamp>3047.639519</timestamp>
			</report>
			<report>
				<misses>482900001</misses>
				<total>0</total>
				<timestamp>3048.266856</timestamp>
			</report>
			<report>
				<misses>483000001</misses>
				<total>0</total>
				<timestamp>3048.891094</timestamp>
			</report>
			<report>
				<misses>483100001</misses>
				<total>0</total>
				<timestamp>3049.534243</timestamp>
			</report>
			<report>
				<misses>483200001</misses>
				<total>0</total>
				<timestamp>3050.171582</timestamp>
			</report>
			<report>
				<misses>483300001</misses>
				<total>0</total>
				<timestamp>3050.799963</timestamp>
			</report>
			<report>
				<misses>483400001</misses>
				<total>0</total>
				<timestamp>3051.430643</timestamp>
			</report>
			<report>
				<misses>483500001</misses>
				<total>0</total>
				<timestamp>3052.054021</timestamp>
			</report>
			<report>
				<misses>483600001</misses>
				<total>0</total>
				<timestamp>3052.684468</timestamp>
			</report>
			<report>
				<misses>483700001</misses>
				<total>0</total>
				<timestamp>3053.306317</timestamp>
			</report>
			<report>
				<misses>483800001</misses>
				<total>0</total>
				<timestamp>3053.931535</timestamp>
			</report>
			<report>
				<misses>483900001</misses>
				<total>0</total>
				<timestamp>3054.563797</timestamp>
			</report>
			<report>
				<misses>484000001</misses>
				<total>0</total>
				<timestamp>3055.191747</timestamp>
			</report>
			<report>
				<misses>484100001</misses>
				<total>0</total>
				<timestamp>3055.815452</timestamp>
			</report>
			<report>
				<misses>484200001</misses>
				<total>0</total>
				<timestamp>3056.438654</timestamp>
			</report>
			<report>
				<misses>484300001</misses>
				<total>0</total>
				<timestamp>3057.072147</timestamp>
			</report>
			<report>
				<misses>484400001</misses>
				<total>0</total>
				<timestamp>3057.697113</timestamp>
			</report>
			<report>
				<misses>484500001</misses>
				<total>0</total>
				<timestamp>3058.322237</timestamp>
			</report>
			<report>
				<misses>484600001</misses>
				<total>0</total>
				<timestamp>3058.964564</timestamp>
			</report>
			<report>
				<misses>484700001</misses>
				<total>0</total>
				<timestamp>3059.598917</timestamp>
			</report>
			<report>
				<misses>484800001</misses>
				<total>0</total>
				<timestamp>3060.235669</timestamp>
			</report>
			<report>
				<misses>484900001</misses>
				<total>0</total>
				<timestamp>3060.876241</timestamp>
			</report>
			<report>
				<misses>485000001</misses>
				<total>0</total>
				<timestamp>3061.506583</timestamp>
			</report>
			<report>
				<misses>485100001</misses>
				<total>0</total>
				<timestamp>3062.132527</timestamp>
			</report>
			<report>
				<misses>485200001</misses>
				<total>0</total>
				<timestamp>3062.764633</timestamp>
			</report>
			<report>
				<misses>485300001</misses>
				<total>0</total>
				<timestamp>3063.390136</timestamp>
			</report>
			<report>
				<misses>485400001</misses>
				<total>0</total>
				<timestamp>3064.025336</timestamp>
			</report>
			<report>
				<misses>485500001</misses>
				<total>0</total>
				<timestamp>3064.651400</timestamp>
			</report>
			<report>
				<misses>485600001</misses>
				<total>0</total>
				<timestamp>3065.278062</timestamp>
			</report>
			<report>
				<misses>485700001</misses>
				<total>0</total>
				<timestamp>3065.906412</timestamp>
			</report>
			<report>
				<misses>485800001</misses>
				<total>0</total>
				<timestamp>3066.529247</timestamp>
			</report>
			<report>
				<misses>485900001</misses>
				<total>0</total>
				<timestamp>3067.158333</timestamp>
			</report>
			<report>
				<misses>486000001</misses>
				<total>0</total>
				<timestamp>3067.785978</timestamp>
			</report>
			<report>
				<misses>486100001</misses>
				<total>0</total>
				<timestamp>3068.413725</timestamp>
			</report>
			<report>
				<misses>486200001</misses>
				<total>0</total>
				<timestamp>3069.040928</timestamp>
			</report>
			<report>
				<misses>486300001</misses>
				<total>0</total>
				<timestamp>3069.667278</timestamp>
			</report>
			<report>
				<misses>486400001</misses>
				<total>0</total>
				<timestamp>3070.298751</timestamp>
			</report>
			<report>
				<misses>486500001</misses>
				<total>0</total>
				<timestamp>3070.925772</timestamp>
			</report>
			<report>
				<misses>486600001</misses>
				<total>0</total>
				<timestamp>3071.552877</timestamp>
			</report>
			<report>
				<misses>486700001</misses>
				<total>0</total>
				<timestamp>3072.180221</timestamp>
			</report>
			<report>
				<misses>486800001</misses>
				<total>0</total>
				<timestamp>3072.808032</timestamp>
			</report>
			<report>
				<misses>486900001</misses>
				<total>0</total>
				<timestamp>3073.444941</timestamp>
			</report>
			<report>
				<misses>487000001</misses>
				<total>0</total>
				<timestamp>3074.073455</timestamp>
			</report>
			<report>
				<misses>487100001</misses>
				<total>0</total>
				<timestamp>3074.699459</timestamp>
			</report>
			<report>
				<misses>487200001</misses>
				<total>0</total>
				<timestamp>3075.325726</timestamp>
			</report>
			<report>
				<misses>487300001</misses>
				<total>0</total>
				<timestamp>3075.970878</timestamp>
			</report>
			<report>
				<misses>487400001</misses>
				<total>0</total>
				<timestamp>3076.595788</timestamp>
			</report>
			<report>
				<misses>487500001</misses>
				<total>0</total>
				<timestamp>3077.252105</timestamp>
			</report>
			<report>
				<misses>487600001</misses>
				<total>0</total>
				<timestamp>3077.890478</timestamp>
			</report>
			<report>
				<misses>487700001</misses>
				<total>0</total>
				<timestamp>3078.519771</timestamp>
			</report>
			<report>
				<misses>487800001</misses>
				<total>0</total>
				<timestamp>3079.147558</timestamp>
			</report>
			<report>
				<misses>487900001</misses>
				<total>0</total>
				<timestamp>3079.780050</timestamp>
			</report>
			<report>
				<misses>488000001</misses>
				<total>0</total>
				<timestamp>3080.409232</timestamp>
			</report>
			<report>
				<misses>488100001</misses>
				<total>0</total>
				<timestamp>3081.043952</timestamp>
			</report>
			<report>
				<misses>488200001</misses>
				<total>0</total>
				<timestamp>3081.675028</timestamp>
			</report>
			<report>
				<misses>488300001</misses>
				<total>0</total>
				<timestamp>3082.328211</timestamp>
			</report>
			<report>
				<misses>488400001</misses>
				<total>0</total>
				<timestamp>3082.956221</timestamp>
			</report>
			<report>
				<misses>488500001</misses>
				<total>0</total>
				<timestamp>3083.581380</timestamp>
			</report>
			<report>
				<misses>488600001</misses>
				<total>0</total>
				<timestamp>3084.204228</timestamp>
			</report>
			<report>
				<misses>488700001</misses>
				<total>0</total>
				<timestamp>3084.833060</timestamp>
			</report>
			<report>
				<misses>488800001</misses>
				<total>0</total>
				<timestamp>3085.471109</timestamp>
			</report>
			<report>
				<misses>488900001</misses>
				<total>0</total>
				<timestamp>3086.095506</timestamp>
			</report>
			<report>
				<misses>489000001</misses>
				<total>0</total>
				<timestamp>3086.717747</timestamp>
			</report>
			<report>
				<misses>489100001</misses>
				<total>0</total>
				<timestamp>3087.368107</timestamp>
			</report>
			<report>
				<misses>489200001</misses>
				<total>0</total>
				<timestamp>3088.006603</timestamp>
			</report>
			<report>
				<misses>489300001</misses>
				<total>0</total>
				<timestamp>3088.645072</timestamp>
			</report>
			<report>
				<misses>489400001</misses>
				<total>0</total>
				<timestamp>3089.284845</timestamp>
			</report>
			<report>
				<misses>489500001</misses>
				<total>0</total>
				<timestamp>3089.924724</timestamp>
			</report>
			<report>
				<misses>489600001</misses>
				<total>0</total>
				<timestamp>3090.558469</timestamp>
			</report>
			<report>
				<misses>489700001</misses>
				<total>0</total>
				<timestamp>3091.198431</timestamp>
			</report>
			<report>
				<misses>489800001</misses>
				<total>0</total>
				<timestamp>3091.830907</timestamp>
			</report>
			<report>
				<misses>489900001</misses>
				<total>0</total>
				<timestamp>3092.456915</timestamp>
			</report>
			<report>
				<misses>490000001</misses>
				<total>0</total>
				<timestamp>3093.086238</timestamp>
			</report>
			<report>
				<misses>490100001</misses>
				<total>0</total>
				<timestamp>3093.712442</timestamp>
			</report>
			<report>
				<misses>490200001</misses>
				<total>0</total>
				<timestamp>3094.341848</timestamp>
			</report>
			<report>
				<misses>490300001</misses>
				<total>0</total>
				<timestamp>3094.979709</timestamp>
			</report>
			<report>
				<misses>490400001</misses>
				<total>0</total>
				<timestamp>3095.634528</timestamp>
			</report>
			<report>
				<misses>490500001</misses>
				<total>0</total>
				<timestamp>3096.272720</timestamp>
			</report>
			<report>
				<misses>490600001</misses>
				<total>0</total>
				<timestamp>3096.903677</timestamp>
			</report>
			<report>
				<misses>490700001</misses>
				<total>0</total>
				<timestamp>3097.527636</timestamp>
			</report>
			<report>
				<misses>490800001</misses>
				<total>0</total>
				<timestamp>3098.164590</timestamp>
			</report>
			<report>
				<misses>490900001</misses>
				<total>0</total>
				<timestamp>3098.806052</timestamp>
			</report>
			<report>
				<misses>491000001</misses>
				<total>0</total>
				<timestamp>3099.435188</timestamp>
			</report>
			<report>
				<misses>491100001</misses>
				<total>0</total>
				<timestamp>3100.086126</timestamp>
			</report>
			<report>
				<misses>491200001</misses>
				<total>0</total>
				<timestamp>3100.724960</timestamp>
			</report>
			<report>
				<misses>491300001</misses>
				<total>0</total>
				<timestamp>3101.352516</timestamp>
			</report>
			<report>
				<misses>491400001</misses>
				<total>0</total>
				<timestamp>3101.977718</timestamp>
			</report>
			<report>
				<misses>491500001</misses>
				<total>0</total>
				<timestamp>3102.606152</timestamp>
			</report>
			<report>
				<misses>491600001</misses>
				<total>0</total>
				<timestamp>3103.249392</timestamp>
			</report>
			<report>
				<misses>491700001</misses>
				<total>0</total>
				<timestamp>3103.884372</timestamp>
			</report>
			<report>
				<misses>491800001</misses>
				<total>0</total>
				<timestamp>3104.506496</timestamp>
			</report>
			<report>
				<misses>491900001</misses>
				<total>0</total>
				<timestamp>3105.147433</timestamp>
			</report>
			<report>
				<misses>492000001</misses>
				<total>0</total>
				<timestamp>3105.773423</timestamp>
			</report>
			<report>
				<misses>492100001</misses>
				<total>0</total>
				<timestamp>3106.403141</timestamp>
			</report>
			<report>
				<misses>492200001</misses>
				<total>0</total>
				<timestamp>3107.029719</timestamp>
			</report>
			<report>
				<misses>492300001</misses>
				<total>0</total>
				<timestamp>3107.655421</timestamp>
			</report>
			<report>
				<misses>492400001</misses>
				<total>0</total>
				<timestamp>3108.278603</timestamp>
			</report>
			<report>
				<misses>492500001</misses>
				<total>0</total>
				<timestamp>3108.905509</timestamp>
			</report>
			<report>
				<misses>492600001</misses>
				<total>0</total>
				<timestamp>3109.541369</timestamp>
			</report>
			<report>
				<misses>492700001</misses>
				<total>0</total>
				<timestamp>3110.171856</timestamp>
			</report>
			<report>
				<misses>492800001</misses>
				<total>0</total>
				<timestamp>3110.805913</timestamp>
			</report>
			<report>
				<misses>492900001</misses>
				<total>0</total>
				<timestamp>3111.431264</timestamp>
			</report>
			<report>
				<misses>493000001</misses>
				<total>0</total>
				<timestamp>3112.059944</timestamp>
			</report>
			<report>
				<misses>493100001</misses>
				<total>0</total>
				<timestamp>3112.687910</timestamp>
			</report>
			<report>
				<misses>493200001</misses>
				<total>0</total>
				<timestamp>3113.311915</timestamp>
			</report>
			<report>
				<misses>493300001</misses>
				<total>0</total>
				<timestamp>3113.935864</timestamp>
			</report>
			<report>
				<misses>493400001</misses>
				<total>0</total>
				<timestamp>3114.561314</timestamp>
			</report>
			<report>
				<misses>493500001</misses>
				<total>0</total>
				<timestamp>3115.188740</timestamp>
			</report>
			<report>
				<misses>493600001</misses>
				<total>0</total>
				<timestamp>3115.813033</timestamp>
			</report>
			<report>
				<misses>493700001</misses>
				<total>0</total>
				<timestamp>3116.440386</timestamp>
			</report>
			<report>
				<misses>493800001</misses>
				<total>0</total>
				<timestamp>3117.070195</timestamp>
			</report>
			<report>
				<misses>493900001</misses>
				<total>0</total>
				<timestamp>3117.708808</timestamp>
			</report>
			<report>
				<misses>494000001</misses>
				<total>0</total>
				<timestamp>3118.345104</timestamp>
			</report>
			<report>
				<misses>494100001</misses>
				<total>0</total>
				<timestamp>3118.978176</timestamp>
			</report>
			<report>
				<misses>494200001</misses>
				<total>0</total>
				<timestamp>3119.606673</timestamp>
			</report>
			<report>
				<misses>494300001</misses>
				<total>0</total>
				<timestamp>3120.243225</timestamp>
			</report>
			<report>
				<misses>494400001</misses>
				<total>0</total>
				<timestamp>3120.870692</timestamp>
			</report>
			<report>
				<misses>494500001</misses>
				<total>0</total>
				<timestamp>3121.505843</timestamp>
			</report>
			<report>
				<misses>494600001</misses>
				<total>0</total>
				<timestamp>3122.130768</timestamp>
			</report>
			<report>
				<misses>494700001</misses>
				<total>0</total>
				<timestamp>3122.767275</timestamp>
			</report>
			<report>
				<misses>494800001</misses>
				<total>0</total>
				<timestamp>3123.406660</timestamp>
			</report>
			<report>
				<misses>494900001</misses>
				<total>0</total>
				<timestamp>3124.035270</timestamp>
			</report>
			<report>
				<misses>495000001</misses>
				<total>0</total>
				<timestamp>3124.670597</timestamp>
			</report>
			<report>
				<misses>495100001</misses>
				<total>0</total>
				<timestamp>3125.293508</timestamp>
			</report>
			<report>
				<misses>495200001</misses>
				<total>0</total>
				<timestamp>3125.936000</timestamp>
			</report>
			<report>
				<misses>495300001</misses>
				<total>0</total>
				<timestamp>3126.567511</timestamp>
			</report>
			<report>
				<misses>495400001</misses>
				<total>0</total>
				<timestamp>3127.199481</timestamp>
			</report>
			<report>
				<misses>495500001</misses>
				<total>0</total>
				<timestamp>3127.838767</timestamp>
			</report>
			<report>
				<misses>495600001</misses>
				<total>0</total>
				<timestamp>3128.470305</timestamp>
			</report>
			<report>
				<misses>495700001</misses>
				<total>0</total>
				<timestamp>3129.099624</timestamp>
			</report>
			<report>
				<misses>495800001</misses>
				<total>0</total>
				<timestamp>3129.734613</timestamp>
			</report>
			<report>
				<misses>495900001</misses>
				<total>0</total>
				<timestamp>3130.411566</timestamp>
			</report>
			<report>
				<misses>496000001</misses>
				<total>0</total>
				<timestamp>3131.049021</timestamp>
			</report>
			<report>
				<misses>496100001</misses>
				<total>0</total>
				<timestamp>3131.675028</timestamp>
			</report>
			<report>
				<misses>496200001</misses>
				<total>0</total>
				<timestamp>3132.298001</timestamp>
			</report>
			<report>
				<misses>496300001</misses>
				<total>0</total>
				<timestamp>3132.936800</timestamp>
			</report>
			<report>
				<misses>496400001</misses>
				<total>0</total>
				<timestamp>3133.564549</timestamp>
			</report>
			<report>
				<misses>496500001</misses>
				<total>0</total>
				<timestamp>3134.186341</timestamp>
			</report>
			<report>
				<misses>496600001</misses>
				<total>0</total>
				<timestamp>3134.814458</timestamp>
			</report>
			<report>
				<misses>496700001</misses>
				<total>0</total>
				<timestamp>3135.446070</timestamp>
			</report>
			<report>
				<misses>496800001</misses>
				<total>0</total>
				<timestamp>3136.075992</timestamp>
			</report>
			<report>
				<misses>496900001</misses>
				<total>0</total>
				<timestamp>3136.715835</timestamp>
			</report>
			<report>
				<misses>497000001</misses>
				<total>0</total>
				<timestamp>3137.344583</timestamp>
			</report>
			<report>
				<misses>497100001</misses>
				<total>0</total>
				<timestamp>3137.977877</timestamp>
			</report>
			<report>
				<misses>497200001</misses>
				<total>0</total>
				<timestamp>3138.607288</timestamp>
			</report>
			<report>
				<misses>497300001</misses>
				<total>0</total>
				<timestamp>3139.234018</timestamp>
			</report>
			<report>
				<misses>497400001</misses>
				<total>0</total>
				<timestamp>3139.856028</timestamp>
			</report>
			<report>
				<misses>497500001</misses>
				<total>0</total>
				<timestamp>3140.483694</timestamp>
			</report>
			<report>
				<misses>497600001</misses>
				<total>0</total>
				<timestamp>3141.115305</timestamp>
			</report>
			<report>
				<misses>497700001</misses>
				<total>0</total>
				<timestamp>3141.749776</timestamp>
			</report>
			<report>
				<misses>497800001</misses>
				<total>0</total>
				<timestamp>3142.383321</timestamp>
			</report>
			<report>
				<misses>497900001</misses>
				<total>0</total>
				<timestamp>3143.023642</timestamp>
			</report>
			<report>
				<misses>498000001</misses>
				<total>0</total>
				<timestamp>3143.652948</timestamp>
			</report>
			<report>
				<misses>498100001</misses>
				<total>0</total>
				<timestamp>3144.281191</timestamp>
			</report>
			<report>
				<misses>498200001</misses>
				<total>0</total>
				<timestamp>3144.912844</timestamp>
			</report>
			<report>
				<misses>498300001</misses>
				<total>0</total>
				<timestamp>3145.545113</timestamp>
			</report>
			<report>
				<misses>498400001</misses>
				<total>0</total>
				<timestamp>3146.172515</timestamp>
			</report>
			<report>
				<misses>498500001</misses>
				<total>0</total>
				<timestamp>3146.797923</timestamp>
			</report>
			<report>
				<misses>498600001</misses>
				<total>0</total>
				<timestamp>3147.420618</timestamp>
			</report>
			<report>
				<misses>498700001</misses>
				<total>0</total>
				<timestamp>3148.046933</timestamp>
			</report>
			<report>
				<misses>498800001</misses>
				<total>0</total>
				<timestamp>3148.674242</timestamp>
			</report>
			<report>
				<misses>498900001</misses>
				<total>0</total>
				<timestamp>3149.302295</timestamp>
			</report>
			<report>
				<misses>499000001</misses>
				<total>0</total>
				<timestamp>3149.932067</timestamp>
			</report>
			<report>
				<misses>499100001</misses>
				<total>0</total>
				<timestamp>3150.563688</timestamp>
			</report>
			<report>
				<misses>499200001</misses>
				<total>0</total>
				<timestamp>3151.191704</timestamp>
			</report>
			<report>
				<misses>499300001</misses>
				<total>0</total>
				<timestamp>3151.818943</timestamp>
			</report>
			<report>
				<misses>499400001</misses>
				<total>0</total>
				<timestamp>3152.451898</timestamp>
			</report>
			<report>
				<misses>499500001</misses>
				<total>0</total>
				<timestamp>3153.078485</timestamp>
			</report>
			<report>
				<misses>499600001</misses>
				<total>0</total>
				<timestamp>3153.709913</timestamp>
			</report>
			<report>
				<misses>499700001</misses>
				<total>0</total>
				<timestamp>3154.334631</timestamp>
			</report>
			<report>
				<misses>499800001</misses>
				<total>0</total>
				<timestamp>3154.962489</timestamp>
			</report>
			<report>
				<misses>499900001</misses>
				<total>0</total>
				<timestamp>3155.590609</timestamp>
			</report>
			<report>
				<misses>500000001</misses>
				<total>0</total>
				<timestamp>3156.223990</timestamp>
			</report>
			<report>
				<misses>500100001</misses>
				<total>0</total>
				<timestamp>3156.851295</timestamp>
			</report>
			<report>
				<misses>500200001</misses>
				<total>0</total>
				<timestamp>3157.482315</timestamp>
			</report>
			<report>
				<misses>500300001</misses>
				<total>0</total>
				<timestamp>3158.106914</timestamp>
			</report>
			<report>
				<misses>500400001</misses>
				<total>0</total>
				<timestamp>3158.736900</timestamp>
			</report>
			<report>
				<misses>500500001</misses>
				<total>0</total>
				<timestamp>3159.392575</timestamp>
			</report>
			<report>
				<misses>500600001</misses>
				<total>0</total>
				<timestamp>3160.026736</timestamp>
			</report>
			<report>
				<misses>500700001</misses>
				<total>0</total>
				<timestamp>3160.657338</timestamp>
			</report>
			<report>
				<misses>500800001</misses>
				<total>0</total>
				<timestamp>3161.284867</timestamp>
			</report>
			<report>
				<misses>500900001</misses>
				<total>0</total>
				<timestamp>3161.929461</timestamp>
			</report>
			<report>
				<misses>501000001</misses>
				<total>0</total>
				<timestamp>3162.559356</timestamp>
			</report>
			<report>
				<misses>501100001</misses>
				<total>0</total>
				<timestamp>3163.196454</timestamp>
			</report>
			<report>
				<misses>501200001</misses>
				<total>0</total>
				<timestamp>3163.823937</timestamp>
			</report>
			<report>
				<misses>501300001</misses>
				<total>0</total>
				<timestamp>3164.452724</timestamp>
			</report>
			<report>
				<misses>501400001</misses>
				<total>0</total>
				<timestamp>3165.081045</timestamp>
			</report>
			<report>
				<misses>501500001</misses>
				<total>0</total>
				<timestamp>3165.702320</timestamp>
			</report>
			<report>
				<misses>501600001</misses>
				<total>0</total>
				<timestamp>3166.329787</timestamp>
			</report>
			<report>
				<misses>501700001</misses>
				<total>0</total>
				<timestamp>3166.959308</timestamp>
			</report>
			<report>
				<misses>501800001</misses>
				<total>0</total>
				<timestamp>3167.591856</timestamp>
			</report>
			<report>
				<misses>501900001</misses>
				<total>0</total>
				<timestamp>3168.225152</timestamp>
			</report>
			<report>
				<misses>502000001</misses>
				<total>0</total>
				<timestamp>3168.855990</timestamp>
			</report>
			<report>
				<misses>502100001</misses>
				<total>0</total>
				<timestamp>3169.503799</timestamp>
			</report>
			<report>
				<misses>502200001</misses>
				<total>0</total>
				<timestamp>3170.140807</timestamp>
			</report>
			<report>
				<misses>502300001</misses>
				<total>0</total>
				<timestamp>3170.778343</timestamp>
			</report>
			<report>
				<misses>502400001</misses>
				<total>0</total>
				<timestamp>3171.412497</timestamp>
			</report>
			<report>
				<misses>502500001</misses>
				<total>0</total>
				<timestamp>3172.039908</timestamp>
			</report>
			<report>
				<misses>502600001</misses>
				<total>0</total>
				<timestamp>3172.669864</timestamp>
			</report>
			<report>
				<misses>502700001</misses>
				<total>0</total>
				<timestamp>3173.299504</timestamp>
			</report>
			<report>
				<misses>502800001</misses>
				<total>0</total>
				<timestamp>3173.926436</timestamp>
			</report>
			<report>
				<misses>502900001</misses>
				<total>0</total>
				<timestamp>3174.553573</timestamp>
			</report>
			<report>
				<misses>503000001</misses>
				<total>0</total>
				<timestamp>3175.182715</timestamp>
			</report>
			<report>
				<misses>503100001</misses>
				<total>0</total>
				<timestamp>3175.810777</timestamp>
			</report>
			<report>
				<misses>503200001</misses>
				<total>0</total>
				<timestamp>3176.432013</timestamp>
			</report>
			<report>
				<misses>503300001</misses>
				<total>0</total>
				<timestamp>3177.052485</timestamp>
			</report>
			<report>
				<misses>503400001</misses>
				<total>0</total>
				<timestamp>3177.685483</timestamp>
			</report>
			<report>
				<misses>503500001</misses>
				<total>0</total>
				<timestamp>3178.325641</timestamp>
			</report>
			<report>
				<misses>503600001</misses>
				<total>0</total>
				<timestamp>3178.962472</timestamp>
			</report>
			<report>
				<misses>503700001</misses>
				<total>0</total>
				<timestamp>3179.593791</timestamp>
			</report>
			<report>
				<misses>503800001</misses>
				<total>0</total>
				<timestamp>3180.218535</timestamp>
			</report>
			<report>
				<misses>503900001</misses>
				<total>0</total>
				<timestamp>3180.858960</timestamp>
			</report>
			<report>
				<misses>504000001</misses>
				<total>0</total>
				<timestamp>3181.490419</timestamp>
			</report>
			<report>
				<misses>504100001</misses>
				<total>0</total>
				<timestamp>3182.125278</timestamp>
			</report>
			<report>
				<misses>504200001</misses>
				<total>0</total>
				<timestamp>3182.756586</timestamp>
			</report>
			<report>
				<misses>504300001</misses>
				<total>0</total>
				<timestamp>3183.390991</timestamp>
			</report>
			<report>
				<misses>504400001</misses>
				<total>0</total>
				<timestamp>3184.028012</timestamp>
			</report>
			<report>
				<misses>504500001</misses>
				<total>0</total>
				<timestamp>3184.652979</timestamp>
			</report>
			<report>
				<misses>504600001</misses>
				<total>0</total>
				<timestamp>3185.277053</timestamp>
			</report>
			<report>
				<misses>504700001</misses>
				<total>0</total>
				<timestamp>3185.910409</timestamp>
			</report>
			<report>
				<misses>504800001</misses>
				<total>0</total>
				<timestamp>3186.570612</timestamp>
			</report>
			<report>
				<misses>504900001</misses>
				<total>0</total>
				<timestamp>3187.196614</timestamp>
			</report>
			<report>
				<misses>505000001</misses>
				<total>0</total>
				<timestamp>3187.823339</timestamp>
			</report>
			<report>
				<misses>505100001</misses>
				<total>0</total>
				<timestamp>3188.466046</timestamp>
			</report>
			<report>
				<misses>505200001</misses>
				<total>0</total>
				<timestamp>3189.092751</timestamp>
			</report>
			<report>
				<misses>505300001</misses>
				<total>0</total>
				<timestamp>3189.720204</timestamp>
			</report>
			<report>
				<misses>505400001</misses>
				<total>0</total>
				<timestamp>3190.352504</timestamp>
			</report>
			<report>
				<misses>505500001</misses>
				<total>0</total>
				<timestamp>3190.980452</timestamp>
			</report>
			<report>
				<misses>505600001</misses>
				<total>0</total>
				<timestamp>3191.605338</timestamp>
			</report>
			<report>
				<misses>505700001</misses>
				<total>0</total>
				<timestamp>3192.234216</timestamp>
			</report>
			<report>
				<misses>505800001</misses>
				<total>0</total>
				<timestamp>3192.876499</timestamp>
			</report>
			<report>
				<misses>505900001</misses>
				<total>0</total>
				<timestamp>3193.517417</timestamp>
			</report>
			<report>
				<misses>506000001</misses>
				<total>0</total>
				<timestamp>3194.142112</timestamp>
			</report>
			<report>
				<misses>506100001</misses>
				<total>0</total>
				<timestamp>3194.773098</timestamp>
			</report>
			<report>
				<misses>506200001</misses>
				<total>0</total>
				<timestamp>3195.401346</timestamp>
			</report>
			<report>
				<misses>506300001</misses>
				<total>0</total>
				<timestamp>3196.031828</timestamp>
			</report>
			<report>
				<misses>506400001</misses>
				<total>0</total>
				<timestamp>3196.654946</timestamp>
			</report>
			<report>
				<misses>506500001</misses>
				<total>0</total>
				<timestamp>3197.288061</timestamp>
			</report>
			<report>
				<misses>506600001</misses>
				<total>0</total>
				<timestamp>3197.920236</timestamp>
			</report>
			<report>
				<misses>506700001</misses>
				<total>0</total>
				<timestamp>3198.547602</timestamp>
			</report>
			<report>
				<misses>506800001</misses>
				<total>0</total>
				<timestamp>3199.191989</timestamp>
			</report>
			<report>
				<misses>506900001</misses>
				<total>0</total>
				<timestamp>3199.833522</timestamp>
			</report>
			<report>
				<misses>507000001</misses>
				<total>0</total>
				<timestamp>3200.463787</timestamp>
			</report>
			<report>
				<misses>507100001</misses>
				<total>0</total>
				<timestamp>3201.088270</timestamp>
			</report>
			<report>
				<misses>507200001</misses>
				<total>0</total>
				<timestamp>3201.715892</timestamp>
			</report>
			<report>
				<misses>507300001</misses>
				<total>0</total>
				<timestamp>3202.339351</timestamp>
			</report>
			<report>
				<misses>507400001</misses>
				<total>0</total>
				<timestamp>3202.969039</timestamp>
			</report>
			<report>
				<misses>507500001</misses>
				<total>0</total>
				<timestamp>3203.595036</timestamp>
			</report>
			<report>
				<misses>507600001</misses>
				<total>0</total>
				<timestamp>3204.231062</timestamp>
			</report>
			<report>
				<misses>507700001</misses>
				<total>0</total>
				<timestamp>3204.857092</timestamp>
			</report>
			<report>
				<misses>507800001</misses>
				<total>0</total>
				<timestamp>3205.485699</timestamp>
			</report>
			<report>
				<misses>507900001</misses>
				<total>0</total>
				<timestamp>3206.124391</timestamp>
			</report>
			<report>
				<misses>508000001</misses>
				<total>0</total>
				<timestamp>3206.756678</timestamp>
			</report>
			<report>
				<misses>508100001</misses>
				<total>0</total>
				<timestamp>3207.391995</timestamp>
			</report>
			<report>
				<misses>508200001</misses>
				<total>0</total>
				<timestamp>3208.028733</timestamp>
			</report>
			<report>
				<misses>508300001</misses>
				<total>0</total>
				<timestamp>3208.651444</timestamp>
			</report>
			<report>
				<misses>508400001</misses>
				<total>0</total>
				<timestamp>3209.282310</timestamp>
			</report>
			<report>
				<misses>508500001</misses>
				<total>0</total>
				<timestamp>3209.915255</timestamp>
			</report>
			<report>
				<misses>508600001</misses>
				<total>0</total>
				<timestamp>3210.542421</timestamp>
			</report>
			<report>
				<misses>508700001</misses>
				<total>0</total>
				<timestamp>3211.167878</timestamp>
			</report>
			<report>
				<misses>508800001</misses>
				<total>0</total>
				<timestamp>3211.798133</timestamp>
			</report>
			<report>
				<misses>508900001</misses>
				<total>0</total>
				<timestamp>3212.434270</timestamp>
			</report>
			<report>
				<misses>509000001</misses>
				<total>0</total>
				<timestamp>3213.058184</timestamp>
			</report>
			<report>
				<misses>509100001</misses>
				<total>0</total>
				<timestamp>3213.682318</timestamp>
			</report>
			<report>
				<misses>509200001</misses>
				<total>0</total>
				<timestamp>3214.314969</timestamp>
			</report>
			<report>
				<misses>509300001</misses>
				<total>0</total>
				<timestamp>3214.940618</timestamp>
			</report>
			<report>
				<misses>509400001</misses>
				<total>0</total>
				<timestamp>3215.570406</timestamp>
			</report>
			<report>
				<misses>509500001</misses>
				<total>0</total>
				<timestamp>3216.198305</timestamp>
			</report>
			<report>
				<misses>509600001</misses>
				<total>0</total>
				<timestamp>3216.832191</timestamp>
			</report>
			<report>
				<misses>509700001</misses>
				<total>0</total>
				<timestamp>3217.469743</timestamp>
			</report>
			<report>
				<misses>509800001</misses>
				<total>0</total>
				<timestamp>3218.098914</timestamp>
			</report>
			<report>
				<misses>509900001</misses>
				<total>0</total>
				<timestamp>3218.726834</timestamp>
			</report>
			<report>
				<misses>510000001</misses>
				<total>0</total>
				<timestamp>3219.355498</timestamp>
			</report>
			<report>
				<misses>510100001</misses>
				<total>0</total>
				<timestamp>3219.994081</timestamp>
			</report>
			<report>
				<misses>510200001</misses>
				<total>0</total>
				<timestamp>3220.622006</timestamp>
			</report>
			<report>
				<misses>510300001</misses>
				<total>0</total>
				<timestamp>3221.258728</timestamp>
			</report>
			<report>
				<misses>510400001</misses>
				<total>0</total>
				<timestamp>3221.886151</timestamp>
			</report>
			<report>
				<misses>510500001</misses>
				<total>0</total>
				<timestamp>3222.514582</timestamp>
			</report>
			<report>
				<misses>510600001</misses>
				<total>0</total>
				<timestamp>3223.147099</timestamp>
			</report>
			<report>
				<misses>510700001</misses>
				<total>0</total>
				<timestamp>3223.776145</timestamp>
			</report>
			<report>
				<misses>510800001</misses>
				<total>0</total>
				<timestamp>3224.404260</timestamp>
			</report>
			<report>
				<misses>510900001</misses>
				<total>0</total>
				<timestamp>3225.032378</timestamp>
			</report>
			<report>
				<misses>511000001</misses>
				<total>0</total>
				<timestamp>3225.659497</timestamp>
			</report>
			<report>
				<misses>511100001</misses>
				<total>0</total>
				<timestamp>3226.282218</timestamp>
			</report>
			<report>
				<misses>511200001</misses>
				<total>0</total>
				<timestamp>3226.911246</timestamp>
			</report>
			<report>
				<misses>511300001</misses>
				<total>0</total>
				<timestamp>3227.550282</timestamp>
			</report>
			<report>
				<misses>511400001</misses>
				<total>0</total>
				<timestamp>3228.177505</timestamp>
			</report>
			<report>
				<misses>511500001</misses>
				<total>0</total>
				<timestamp>3228.807077</timestamp>
			</report>
			<report>
				<misses>511600001</misses>
				<total>0</total>
				<timestamp>3229.432540</timestamp>
			</report>
			<report>
				<misses>511700001</misses>
				<total>0</total>
				<timestamp>3230.059004</timestamp>
			</report>
			<report>
				<misses>511800001</misses>
				<total>0</total>
				<timestamp>3230.687463</timestamp>
			</report>
			<report>
				<misses>511900001</misses>
				<total>0</total>
				<timestamp>3231.312131</timestamp>
			</report>
			<report>
				<misses>512000001</misses>
				<total>0</total>
				<timestamp>3231.938112</timestamp>
			</report>
			<report>
				<misses>512100001</misses>
				<total>0</total>
				<timestamp>3232.562805</timestamp>
			</report>
			<report>
				<misses>512200001</misses>
				<total>0</total>
				<timestamp>3233.185002</timestamp>
			</report>
			<report>
				<misses>512300001</misses>
				<total>0</total>
				<timestamp>3233.818013</timestamp>
			</report>
			<report>
				<misses>512400001</misses>
				<total>0</total>
				<timestamp>3234.445456</timestamp>
			</report>
			<report>
				<misses>512500001</misses>
				<total>0</total>
				<timestamp>3235.075072</timestamp>
			</report>
			<report>
				<misses>512600001</misses>
				<total>0</total>
				<timestamp>3235.703691</timestamp>
			</report>
			<report>
				<misses>512700001</misses>
				<total>0</total>
				<timestamp>3236.326745</timestamp>
			</report>
			<report>
				<misses>512800001</misses>
				<total>0</total>
				<timestamp>3236.965084</timestamp>
			</report>
			<report>
				<misses>512900001</misses>
				<total>0</total>
				<timestamp>3237.598601</timestamp>
			</report>
			<report>
				<misses>513000001</misses>
				<total>0</total>
				<timestamp>3238.221922</timestamp>
			</report>
			<report>
				<misses>513100001</misses>
				<total>0</total>
				<timestamp>3238.851195</timestamp>
			</report>
			<report>
				<misses>513200001</misses>
				<total>0</total>
				<timestamp>3239.476985</timestamp>
			</report>
			<report>
				<misses>513300001</misses>
				<total>0</total>
				<timestamp>3240.105619</timestamp>
			</report>
			<report>
				<misses>513400001</misses>
				<total>0</total>
				<timestamp>3240.736529</timestamp>
			</report>
			<report>
				<misses>513500001</misses>
				<total>0</total>
				<timestamp>3241.370925</timestamp>
			</report>
			<report>
				<misses>513600001</misses>
				<total>0</total>
				<timestamp>3241.998815</timestamp>
			</report>
			<report>
				<misses>513700001</misses>
				<total>0</total>
				<timestamp>3242.625731</timestamp>
			</report>
			<report>
				<misses>513800001</misses>
				<total>0</total>
				<timestamp>3243.257285</timestamp>
			</report>
			<report>
				<misses>513900001</misses>
				<total>0</total>
				<timestamp>3243.887277</timestamp>
			</report>
			<report>
				<misses>514000001</misses>
				<total>0</total>
				<timestamp>3244.512148</timestamp>
			</report>
			<report>
				<misses>514100001</misses>
				<total>0</total>
				<timestamp>3245.137962</timestamp>
			</report>
			<report>
				<misses>514200001</misses>
				<total>0</total>
				<timestamp>3245.768421</timestamp>
			</report>
			<report>
				<misses>514300001</misses>
				<total>0</total>
				<timestamp>3246.402419</timestamp>
			</report>
			<report>
				<misses>514400001</misses>
				<total>0</total>
				<timestamp>3247.033728</timestamp>
			</report>
			<report>
				<misses>514500001</misses>
				<total>0</total>
				<timestamp>3247.672137</timestamp>
			</report>
			<report>
				<misses>514600001</misses>
				<total>0</total>
				<timestamp>3248.307236</timestamp>
			</report>
			<report>
				<misses>514700001</misses>
				<total>0</total>
				<timestamp>3248.935222</timestamp>
			</report>
			<report>
				<misses>514800001</misses>
				<total>0</total>
				<timestamp>3249.575489</timestamp>
			</report>
			<report>
				<misses>514900001</misses>
				<total>0</total>
				<timestamp>3250.200574</timestamp>
			</report>
			<report>
				<misses>515000001</misses>
				<total>0</total>
				<timestamp>3250.828247</timestamp>
			</report>
			<report>
				<misses>515100001</misses>
				<total>0</total>
				<timestamp>3251.464986</timestamp>
			</report>
			<report>
				<misses>515200001</misses>
				<total>0</total>
				<timestamp>3252.093690</timestamp>
			</report>
			<report>
				<misses>515300001</misses>
				<total>0</total>
				<timestamp>3252.723179</timestamp>
			</report>
			<report>
				<misses>515400001</misses>
				<total>0</total>
				<timestamp>3253.354013</timestamp>
			</report>
			<report>
				<misses>515500001</misses>
				<total>0</total>
				<timestamp>3253.989583</timestamp>
			</report>
			<report>
				<misses>515600001</misses>
				<total>0</total>
				<timestamp>3254.616546</timestamp>
			</report>
			<report>
				<misses>515700001</misses>
				<total>0</total>
				<timestamp>3255.248447</timestamp>
			</report>
			<report>
				<misses>515800001</misses>
				<total>0</total>
				<timestamp>3255.873100</timestamp>
			</report>
			<report>
				<misses>515900001</misses>
				<total>0</total>
				<timestamp>3256.500566</timestamp>
			</report>
			<report>
				<misses>516000001</misses>
				<total>0</total>
				<timestamp>3257.125403</timestamp>
			</report>
			<report>
				<misses>516100001</misses>
				<total>0</total>
				<timestamp>3257.754162</timestamp>
			</report>
			<report>
				<misses>516200001</misses>
				<total>0</total>
				<timestamp>3258.380338</timestamp>
			</report>
			<report>
				<misses>516300001</misses>
				<total>0</total>
				<timestamp>3259.008920</timestamp>
			</report>
			<report>
				<misses>516400001</misses>
				<total>0</total>
				<timestamp>3259.641190</timestamp>
			</report>
			<report>
				<misses>516500001</misses>
				<total>0</total>
				<timestamp>3260.269505</timestamp>
			</report>
			<report>
				<misses>516600001</misses>
				<total>0</total>
				<timestamp>3260.892602</timestamp>
			</report>
			<report>
				<misses>516700001</misses>
				<total>0</total>
				<timestamp>3261.526053</timestamp>
			</report>
			<report>
				<misses>516800001</misses>
				<total>0</total>
				<timestamp>3262.156546</timestamp>
			</report>
			<report>
				<misses>516900001</misses>
				<total>0</total>
				<timestamp>3262.786426</timestamp>
			</report>
			<report>
				<misses>517000001</misses>
				<total>0</total>
				<timestamp>3263.416721</timestamp>
			</report>
			<report>
				<misses>517100001</misses>
				<total>0</total>
				<timestamp>3264.048210</timestamp>
			</report>
			<report>
				<misses>517200001</misses>
				<total>0</total>
				<timestamp>3264.678821</timestamp>
			</report>
			<report>
				<misses>517300001</misses>
				<total>0</total>
				<timestamp>3265.308216</timestamp>
			</report>
			<report>
				<misses>517400001</misses>
				<total>0</total>
				<timestamp>3265.939674</timestamp>
			</report>
			<report>
				<misses>517500001</misses>
				<total>0</total>
				<timestamp>3266.575592</timestamp>
			</report>
			<report>
				<misses>517600001</misses>
				<total>0</total>
				<timestamp>3267.207725</timestamp>
			</report>
			<report>
				<misses>517700001</misses>
				<total>0</total>
				<timestamp>3267.835288</timestamp>
			</report>
			<report>
				<misses>517800001</misses>
				<total>0</total>
				<timestamp>3268.463505</timestamp>
			</report>
			<report>
				<misses>517900001</misses>
				<total>0</total>
				<timestamp>3269.090141</timestamp>
			</report>
			<report>
				<misses>518000001</misses>
				<total>0</total>
				<timestamp>3269.717626</timestamp>
			</report>
			<report>
				<misses>518100001</misses>
				<total>0</total>
				<timestamp>3270.344815</timestamp>
			</report>
			<report>
				<misses>518200001</misses>
				<total>0</total>
				<timestamp>3270.974719</timestamp>
			</report>
			<report>
				<misses>518300001</misses>
				<total>0</total>
				<timestamp>3271.604776</timestamp>
			</report>
			<report>
				<misses>518400001</misses>
				<total>0</total>
				<timestamp>3272.241425</timestamp>
			</report>
			<report>
				<misses>518500001</misses>
				<total>0</total>
				<timestamp>3272.878686</timestamp>
			</report>
			<report>
				<misses>518600001</misses>
				<total>0</total>
				<timestamp>3273.519132</timestamp>
			</report>
			<report>
				<misses>518700001</misses>
				<total>0</total>
				<timestamp>3274.147872</timestamp>
			</report>
			<report>
				<misses>518800001</misses>
				<total>0</total>
				<timestamp>3274.774290</timestamp>
			</report>
			<report>
				<misses>518900001</misses>
				<total>0</total>
				<timestamp>3275.407598</timestamp>
			</report>
			<report>
				<misses>519000001</misses>
				<total>0</total>
				<timestamp>3276.037720</timestamp>
			</report>
			<report>
				<misses>519100001</misses>
				<total>0</total>
				<timestamp>3276.671886</timestamp>
			</report>
			<report>
				<misses>519200001</misses>
				<total>0</total>
				<timestamp>3277.300529</timestamp>
			</report>
			<report>
				<misses>519300001</misses>
				<total>0</total>
				<timestamp>3277.931000</timestamp>
			</report>
			<report>
				<misses>519400001</misses>
				<total>0</total>
				<timestamp>3278.564558</timestamp>
			</report>
			<report>
				<misses>519500001</misses>
				<total>0</total>
				<timestamp>3279.191612</timestamp>
			</report>
			<report>
				<misses>519600001</misses>
				<total>0</total>
				<timestamp>3279.816333</timestamp>
			</report>
			<report>
				<misses>519700001</misses>
				<total>0</total>
				<timestamp>3280.444356</timestamp>
			</report>
			<report>
				<misses>519800001</misses>
				<total>0</total>
				<timestamp>3281.078098</timestamp>
			</report>
			<report>
				<misses>519900001</misses>
				<total>0</total>
				<timestamp>3281.705620</timestamp>
			</report>
			<report>
				<misses>520000001</misses>
				<total>0</total>
				<timestamp>3282.342435</timestamp>
			</report>
			<report>
				<misses>520100001</misses>
				<total>0</total>
				<timestamp>3282.973348</timestamp>
			</report>
			<report>
				<misses>520200001</misses>
				<total>0</total>
				<timestamp>3283.608682</timestamp>
			</report>
			<report>
				<misses>520300001</misses>
				<total>0</total>
				<timestamp>3284.262126</timestamp>
			</report>
			<report>
				<misses>520400001</misses>
				<total>0</total>
				<timestamp>3284.892797</timestamp>
			</report>
			<report>
				<misses>520500001</misses>
				<total>0</total>
				<timestamp>3285.520615</timestamp>
			</report>
			<report>
				<misses>520600001</misses>
				<total>0</total>
				<timestamp>3286.151879</timestamp>
			</report>
			<report>
				<misses>520700001</misses>
				<total>0</total>
				<timestamp>3286.777864</timestamp>
			</report>
			<report>
				<misses>520800001</misses>
				<total>0</total>
				<timestamp>3287.425531</timestamp>
			</report>
			<report>
				<misses>520900001</misses>
				<total>0</total>
				<timestamp>3288.049880</timestamp>
			</report>
			<report>
				<misses>521000001</misses>
				<total>0</total>
				<timestamp>3288.678755</timestamp>
			</report>
			<report>
				<misses>521100001</misses>
				<total>0</total>
				<timestamp>3289.304363</timestamp>
			</report>
			<report>
				<misses>521200001</misses>
				<total>0</total>
				<timestamp>3289.930002</timestamp>
			</report>
			<report>
				<misses>521300001</misses>
				<total>0</total>
				<timestamp>3290.571272</timestamp>
			</report>
			<report>
				<misses>521400001</misses>
				<total>0</total>
				<timestamp>3291.199516</timestamp>
			</report>
			<report>
				<misses>521500001</misses>
				<total>0</total>
				<timestamp>3291.828911</timestamp>
			</report>
			<report>
				<misses>521600001</misses>
				<total>0</total>
				<timestamp>3292.462259</timestamp>
			</report>
			<report>
				<misses>521700001</misses>
				<total>0</total>
				<timestamp>3293.088103</timestamp>
			</report>
			<report>
				<misses>521800001</misses>
				<total>0</total>
				<timestamp>3293.715070</timestamp>
			</report>
			<report>
				<misses>521900001</misses>
				<total>0</total>
				<timestamp>3294.339373</timestamp>
			</report>
			<report>
				<misses>522000001</misses>
				<total>0</total>
				<timestamp>3294.967997</timestamp>
			</report>
			<report>
				<misses>522100001</misses>
				<total>0</total>
				<timestamp>3295.608001</timestamp>
			</report>
			<report>
				<misses>522200001</misses>
				<total>0</total>
				<timestamp>3296.242872</timestamp>
			</report>
			<report>
				<misses>522300001</misses>
				<total>0</total>
				<timestamp>3296.871426</timestamp>
			</report>
			<report>
				<misses>522400001</misses>
				<total>0</total>
				<timestamp>3297.503012</timestamp>
			</report>
			<report>
				<misses>522500001</misses>
				<total>0</total>
				<timestamp>3298.135265</timestamp>
			</report>
			<report>
				<misses>522600001</misses>
				<total>0</total>
				<timestamp>3298.767018</timestamp>
			</report>
			<report>
				<misses>522700001</misses>
				<total>0</total>
				<timestamp>3299.393319</timestamp>
			</report>
			<report>
				<misses>522800001</misses>
				<total>0</total>
				<timestamp>3300.023189</timestamp>
			</report>
			<report>
				<misses>522900001</misses>
				<total>0</total>
				<timestamp>3300.646924</timestamp>
			</report>
			<report>
				<misses>523000001</misses>
				<total>0</total>
				<timestamp>3301.273204</timestamp>
			</report>
			<report>
				<misses>523100001</misses>
				<total>0</total>
				<timestamp>3301.900468</timestamp>
			</report>
			<report>
				<misses>523200001</misses>
				<total>0</total>
				<timestamp>3302.533187</timestamp>
			</report>
			<report>
				<misses>523300001</misses>
				<total>0</total>
				<timestamp>3303.157035</timestamp>
			</report>
			<report>
				<misses>523400001</misses>
				<total>0</total>
				<timestamp>3303.785156</timestamp>
			</report>
			<report>
				<misses>523500001</misses>
				<total>0</total>
				<timestamp>3304.416105</timestamp>
			</report>
			<report>
				<misses>523600001</misses>
				<total>0</total>
				<timestamp>3305.043545</timestamp>
			</report>
			<report>
				<misses>523700001</misses>
				<total>0</total>
				<timestamp>3305.686063</timestamp>
			</report>
			<report>
				<misses>523800001</misses>
				<total>0</total>
				<timestamp>3306.322312</timestamp>
			</report>
			<report>
				<misses>523900001</misses>
				<total>0</total>
				<timestamp>3306.955971</timestamp>
			</report>
			<report>
				<misses>524000001</misses>
				<total>0</total>
				<timestamp>3307.580006</timestamp>
			</report>
			<report>
				<misses>524100001</misses>
				<total>0</total>
				<timestamp>3308.215907</timestamp>
			</report>
			<report>
				<misses>524200001</misses>
				<total>0</total>
				<timestamp>3308.857014</timestamp>
			</report>
			<report>
				<misses>524300001</misses>
				<total>0</total>
				<timestamp>3309.521366</timestamp>
			</report>
			<report>
				<misses>524400001</misses>
				<total>0</total>
				<timestamp>3310.154092</timestamp>
			</report>
			<report>
				<misses>524500001</misses>
				<total>0</total>
				<timestamp>3310.782659</timestamp>
			</report>
			<report>
				<misses>524600001</misses>
				<total>0</total>
				<timestamp>3311.404888</timestamp>
			</report>
			<report>
				<misses>524700001</misses>
				<total>0</total>
				<timestamp>3312.029249</timestamp>
			</report>
			<report>
				<misses>524800001</misses>
				<total>0</total>
				<timestamp>3312.655910</timestamp>
			</report>
			<report>
				<misses>524900001</misses>
				<total>0</total>
				<timestamp>3313.288303</timestamp>
			</report>
			<report>
				<misses>525000001</misses>
				<total>0</total>
				<timestamp>3313.924854</timestamp>
			</report>
			<report>
				<misses>525100001</misses>
				<total>0</total>
				<timestamp>3314.549011</timestamp>
			</report>
			<report>
				<misses>525200001</misses>
				<total>0</total>
				<timestamp>3315.181934</timestamp>
			</report>
			<report>
				<misses>525300001</misses>
				<total>0</total>
				<timestamp>3315.803317</timestamp>
			</report>
			<report>
				<misses>525400001</misses>
				<total>0</total>
				<timestamp>3316.430575</timestamp>
			</report>
			<report>
				<misses>525500001</misses>
				<total>0</total>
				<timestamp>3317.060015</timestamp>
			</report>
			<report>
				<misses>525600001</misses>
				<total>0</total>
				<timestamp>3317.686692</timestamp>
			</report>
			<report>
				<misses>525700001</misses>
				<total>0</total>
				<timestamp>3318.317366</timestamp>
			</report>
			<report>
				<misses>525800001</misses>
				<total>0</total>
				<timestamp>3318.943129</timestamp>
			</report>
			<report>
				<misses>525900001</misses>
				<total>0</total>
				<timestamp>3319.571872</timestamp>
			</report>
			<report>
				<misses>526000001</misses>
				<total>0</total>
				<timestamp>3320.202580</timestamp>
			</report>
			<report>
				<misses>526100001</misses>
				<total>0</total>
				<timestamp>3320.835039</timestamp>
			</report>
			<report>
				<misses>526200001</misses>
				<total>0</total>
				<timestamp>3321.462715</timestamp>
			</report>
			<report>
				<misses>526300001</misses>
				<total>0</total>
				<timestamp>3322.090510</timestamp>
			</report>
			<report>
				<misses>526400001</misses>
				<total>0</total>
				<timestamp>3322.716229</timestamp>
			</report>
			<report>
				<misses>526500001</misses>
				<total>0</total>
				<timestamp>3323.350472</timestamp>
			</report>
			<report>
				<misses>526600001</misses>
				<total>0</total>
				<timestamp>3323.977582</timestamp>
			</report>
			<report>
				<misses>526700001</misses>
				<total>0</total>
				<timestamp>3324.600813</timestamp>
			</report>
			<report>
				<misses>526800001</misses>
				<total>0</total>
				<timestamp>3325.233847</timestamp>
			</report>
			<report>
				<misses>526900001</misses>
				<total>0</total>
				<timestamp>3325.869546</timestamp>
			</report>
			<report>
				<misses>527000001</misses>
				<total>0</total>
				<timestamp>3326.498162</timestamp>
			</report>
			<report>
				<misses>527100001</misses>
				<total>0</total>
				<timestamp>3327.122507</timestamp>
			</report>
			<report>
				<misses>527200001</misses>
				<total>0</total>
				<timestamp>3327.743994</timestamp>
			</report>
			<report>
				<misses>527300001</misses>
				<total>0</total>
				<timestamp>3328.371766</timestamp>
			</report>
			<report>
				<misses>527400001</misses>
				<total>0</total>
				<timestamp>3328.999698</timestamp>
			</report>
			<report>
				<misses>527500001</misses>
				<total>0</total>
				<timestamp>3329.624435</timestamp>
			</report>
			<report>
				<misses>527600001</misses>
				<total>0</total>
				<timestamp>3330.252978</timestamp>
			</report>
			<report>
				<misses>527700001</misses>
				<total>0</total>
				<timestamp>3330.879526</timestamp>
			</report>
			<report>
				<misses>527800001</misses>
				<total>0</total>
				<timestamp>3331.510993</timestamp>
			</report>
			<report>
				<misses>527900001</misses>
				<total>0</total>
				<timestamp>3332.149268</timestamp>
			</report>
			<report>
				<misses>528000001</misses>
				<total>0</total>
				<timestamp>3332.771703</timestamp>
			</report>
			<report>
				<misses>528100001</misses>
				<total>0</total>
				<timestamp>3333.433017</timestamp>
			</report>
			<report>
				<misses>528200001</misses>
				<total>0</total>
				<timestamp>3334.061248</timestamp>
			</report>
			<report>
				<misses>528300001</misses>
				<total>0</total>
				<timestamp>3334.691813</timestamp>
			</report>
			<report>
				<misses>528400001</misses>
				<total>0</total>
				<timestamp>3335.314821</timestamp>
			</report>
			<report>
				<misses>528500001</misses>
				<total>0</total>
				<timestamp>3335.953854</timestamp>
			</report>
			<report>
				<misses>528600001</misses>
				<total>0</total>
				<timestamp>3336.582278</timestamp>
			</report>
			<report>
				<misses>528700001</misses>
				<total>0</total>
				<timestamp>3337.221010</timestamp>
			</report>
			<report>
				<misses>528800001</misses>
				<total>0</total>
				<timestamp>3337.850967</timestamp>
			</report>
			<report>
				<misses>528900001</misses>
				<total>0</total>
				<timestamp>3338.479770</timestamp>
			</report>
			<report>
				<misses>529000001</misses>
				<total>0</total>
				<timestamp>3339.102765</timestamp>
			</report>
			<report>
				<misses>529100001</misses>
				<total>0</total>
				<timestamp>3339.732843</timestamp>
			</report>
			<report>
				<misses>529200001</misses>
				<total>0</total>
				<timestamp>3340.357332</timestamp>
			</report>
			<report>
				<misses>529300001</misses>
				<total>0</total>
				<timestamp>3340.989212</timestamp>
			</report>
			<report>
				<misses>529400001</misses>
				<total>0</total>
				<timestamp>3341.627024</timestamp>
			</report>
			<report>
				<misses>529500001</misses>
				<total>0</total>
				<timestamp>3342.252821</timestamp>
			</report>
			<report>
				<misses>529600001</misses>
				<total>0</total>
				<timestamp>3342.881276</timestamp>
			</report>
			<report>
				<misses>529700001</misses>
				<total>0</total>
				<timestamp>3343.526277</timestamp>
			</report>
			<report>
				<misses>529800001</misses>
				<total>0</total>
				<timestamp>3344.166461</timestamp>
			</report>
			<report>
				<misses>529900001</misses>
				<total>0</total>
				<timestamp>3344.793599</timestamp>
			</report>
			<report>
				<misses>530000001</misses>
				<total>0</total>
				<timestamp>3345.422204</timestamp>
			</report>
			<report>
				<misses>530100001</misses>
				<total>0</total>
				<timestamp>3346.055200</timestamp>
			</report>
			<report>
				<misses>530200001</misses>
				<total>0</total>
				<timestamp>3346.686512</timestamp>
			</report>
			<report>
				<misses>530300001</misses>
				<total>0</total>
				<timestamp>3347.320750</timestamp>
			</report>
			<report>
				<misses>530400001</misses>
				<total>0</total>
				<timestamp>3347.950735</timestamp>
			</report>
			<report>
				<misses>530500001</misses>
				<total>0</total>
				<timestamp>3348.581996</timestamp>
			</report>
			<report>
				<misses>530600001</misses>
				<total>0</total>
				<timestamp>3349.212396</timestamp>
			</report>
			<report>
				<misses>530700001</misses>
				<total>0</total>
				<timestamp>3349.843141</timestamp>
			</report>
			<report>
				<misses>530800001</misses>
				<total>0</total>
				<timestamp>3350.471918</timestamp>
			</report>
			<report>
				<misses>530900001</misses>
				<total>0</total>
				<timestamp>3351.094968</timestamp>
			</report>
			<report>
				<misses>531000001</misses>
				<total>0</total>
				<timestamp>3351.721253</timestamp>
			</report>
			<report>
				<misses>531100001</misses>
				<total>0</total>
				<timestamp>3352.345757</timestamp>
			</report>
			<report>
				<misses>531200001</misses>
				<total>0</total>
				<timestamp>3352.972352</timestamp>
			</report>
			<report>
				<misses>531300001</misses>
				<total>0</total>
				<timestamp>3353.597610</timestamp>
			</report>
			<report>
				<misses>531400001</misses>
				<total>0</total>
				<timestamp>3354.222853</timestamp>
			</report>
			<report>
				<misses>531500001</misses>
				<total>0</total>
				<timestamp>3354.850604</timestamp>
			</report>
			<report>
				<misses>531600001</misses>
				<total>0</total>
				<timestamp>3355.474731</timestamp>
			</report>
			<report>
				<misses>531700001</misses>
				<total>0</total>
				<timestamp>3356.103179</timestamp>
			</report>
			<report>
				<misses>531800001</misses>
				<total>0</total>
				<timestamp>3356.765042</timestamp>
			</report>
			<report>
				<misses>531900001</misses>
				<total>0</total>
				<timestamp>3357.403508</timestamp>
			</report>
			<report>
				<misses>532000001</misses>
				<total>0</total>
				<timestamp>3358.035946</timestamp>
			</report>
			<report>
				<misses>532100001</misses>
				<total>0</total>
				<timestamp>3358.668873</timestamp>
			</report>
			<report>
				<misses>532200001</misses>
				<total>0</total>
				<timestamp>3359.297539</timestamp>
			</report>
			<report>
				<misses>532300001</misses>
				<total>0</total>
				<timestamp>3359.921354</timestamp>
			</report>
			<report>
				<misses>532400001</misses>
				<total>0</total>
				<timestamp>3360.547798</timestamp>
			</report>
			<report>
				<misses>532500001</misses>
				<total>0</total>
				<timestamp>3361.183235</timestamp>
			</report>
			<report>
				<misses>532600001</misses>
				<total>0</total>
				<timestamp>3361.817920</timestamp>
			</report>
			<report>
				<misses>532700001</misses>
				<total>0</total>
				<timestamp>3362.445779</timestamp>
			</report>
			<report>
				<misses>532800001</misses>
				<total>0</total>
				<timestamp>3363.082369</timestamp>
			</report>
			<report>
				<misses>532900001</misses>
				<total>0</total>
				<timestamp>3363.708278</timestamp>
			</report>
			<report>
				<misses>533000001</misses>
				<total>0</total>
				<timestamp>3364.336851</timestamp>
			</report>
			<report>
				<misses>533100001</misses>
				<total>0</total>
				<timestamp>3364.958275</timestamp>
			</report>
			<report>
				<misses>533200001</misses>
				<total>0</total>
				<timestamp>3365.589386</timestamp>
			</report>
			<report>
				<misses>533300001</misses>
				<total>0</total>
				<timestamp>3366.218305</timestamp>
			</report>
			<report>
				<misses>533400001</misses>
				<total>0</total>
				<timestamp>3366.842966</timestamp>
			</report>
			<report>
				<misses>533500001</misses>
				<total>0</total>
				<timestamp>3367.475353</timestamp>
			</report>
			<report>
				<misses>533600001</misses>
				<total>0</total>
				<timestamp>3368.118991</timestamp>
			</report>
			<report>
				<misses>533700001</misses>
				<total>0</total>
				<timestamp>3368.744552</timestamp>
			</report>
			<report>
				<misses>533800001</misses>
				<total>0</total>
				<timestamp>3369.370756</timestamp>
			</report>
			<report>
				<misses>533900001</misses>
				<total>0</total>
				<timestamp>3369.999034</timestamp>
			</report>
			<report>
				<misses>534000001</misses>
				<total>0</total>
				<timestamp>3370.623456</timestamp>
			</report>
			<report>
				<misses>534100001</misses>
				<total>0</total>
				<timestamp>3371.259356</timestamp>
			</report>
			<report>
				<misses>534200001</misses>
				<total>0</total>
				<timestamp>3371.883835</timestamp>
			</report>
			<report>
				<misses>534300001</misses>
				<total>0</total>
				<timestamp>3372.512651</timestamp>
			</report>
			<report>
				<misses>534400001</misses>
				<total>0</total>
				<timestamp>3373.134680</timestamp>
			</report>
			<report>
				<misses>534500001</misses>
				<total>0</total>
				<timestamp>3373.759375</timestamp>
			</report>
			<report>
				<misses>534600001</misses>
				<total>0</total>
				<timestamp>3374.389800</timestamp>
			</report>
			<report>
				<misses>534700001</misses>
				<total>0</total>
				<timestamp>3375.013314</timestamp>
			</report>
			<report>
				<misses>534800001</misses>
				<total>0</total>
				<timestamp>3375.643577</timestamp>
			</report>
			<report>
				<misses>534900001</misses>
				<total>0</total>
				<timestamp>3376.288982</timestamp>
			</report>
			<report>
				<misses>535000001</misses>
				<total>0</total>
				<timestamp>3376.922470</timestamp>
			</report>
			<report>
				<misses>535100001</misses>
				<total>0</total>
				<timestamp>3377.547260</timestamp>
			</report>
			<report>
				<misses>535200001</misses>
				<total>0</total>
				<timestamp>3378.178532</timestamp>
			</report>
			<report>
				<misses>535300001</misses>
				<total>0</total>
				<timestamp>3378.805897</timestamp>
			</report>
			<report>
				<misses>535400001</misses>
				<total>0</total>
				<timestamp>3379.442865</timestamp>
			</report>
			<report>
				<misses>535500001</misses>
				<total>0</total>
				<timestamp>3380.072288</timestamp>
			</report>
			<report>
				<misses>535600001</misses>
				<total>0</total>
				<timestamp>3380.700803</timestamp>
			</report>
			<report>
				<misses>535700001</misses>
				<total>0</total>
				<timestamp>3381.332006</timestamp>
			</report>
			<report>
				<misses>535800001</misses>
				<total>0</total>
				<timestamp>3381.958828</timestamp>
			</report>
			<report>
				<misses>535900001</misses>
				<total>0</total>
				<timestamp>3382.590774</timestamp>
			</report>
			<report>
				<misses>536000001</misses>
				<total>0</total>
				<timestamp>3383.222334</timestamp>
			</report>
			<report>
				<misses>536100001</misses>
				<total>0</total>
				<timestamp>3383.854540</timestamp>
			</report>
			<report>
				<misses>536200001</misses>
				<total>0</total>
				<timestamp>3384.480388</timestamp>
			</report>
			<report>
				<misses>536300001</misses>
				<total>0</total>
				<timestamp>3385.114895</timestamp>
			</report>
			<report>
				<misses>536400001</misses>
				<total>0</total>
				<timestamp>3385.748912</timestamp>
			</report>
			<report>
				<misses>536500001</misses>
				<total>0</total>
				<timestamp>3386.382048</timestamp>
			</report>
			<report>
				<misses>536600001</misses>
				<total>0</total>
				<timestamp>3387.014910</timestamp>
			</report>
			<report>
				<misses>536700001</misses>
				<total>0</total>
				<timestamp>3387.642859</timestamp>
			</report>
			<report>
				<misses>536800001</misses>
				<total>0</total>
				<timestamp>3388.269228</timestamp>
			</report>
			<report>
				<misses>536900001</misses>
				<total>0</total>
				<timestamp>3388.896431</timestamp>
			</report>
			<report>
				<misses>537000001</misses>
				<total>0</total>
				<timestamp>3389.525536</timestamp>
			</report>
			<report>
				<misses>537100001</misses>
				<total>0</total>
				<timestamp>3390.163928</timestamp>
			</report>
			<report>
				<misses>537200001</misses>
				<total>0</total>
				<timestamp>3390.795054</timestamp>
			</report>
			<report>
				<misses>537300001</misses>
				<total>0</total>
				<timestamp>3391.418038</timestamp>
			</report>
			<report>
				<misses>537400001</misses>
				<total>0</total>
				<timestamp>3392.052138</timestamp>
			</report>
			<report>
				<misses>537500001</misses>
				<total>0</total>
				<timestamp>3392.687826</timestamp>
			</report>
			<report>
				<misses>537600001</misses>
				<total>0</total>
				<timestamp>3393.311201</timestamp>
			</report>
			<report>
				<misses>537700001</misses>
				<total>0</total>
				<timestamp>3393.940256</timestamp>
			</report>
			<report>
				<misses>537800001</misses>
				<total>0</total>
				<timestamp>3394.566635</timestamp>
			</report>
			<report>
				<misses>537900001</misses>
				<total>0</total>
				<timestamp>3395.196748</timestamp>
			</report>
			<report>
				<misses>538000001</misses>
				<total>0</total>
				<timestamp>3395.826155</timestamp>
			</report>
			<report>
				<misses>538100001</misses>
				<total>0</total>
				<timestamp>3396.460501</timestamp>
			</report>
			<report>
				<misses>538200001</misses>
				<total>0</total>
				<timestamp>3397.086040</timestamp>
			</report>
			<report>
				<misses>538300001</misses>
				<total>0</total>
				<timestamp>3397.712879</timestamp>
			</report>
			<report>
				<misses>538400001</misses>
				<total>0</total>
				<timestamp>3398.343038</timestamp>
			</report>
			<report>
				<misses>538500001</misses>
				<total>0</total>
				<timestamp>3398.976180</timestamp>
			</report>
			<report>
				<misses>538600001</misses>
				<total>0</total>
				<timestamp>3399.613495</timestamp>
			</report>
			<report>
				<misses>538700001</misses>
				<total>0</total>
				<timestamp>3400.246246</timestamp>
			</report>
			<report>
				<misses>538800001</misses>
				<total>0</total>
				<timestamp>3400.873640</timestamp>
			</report>
			<report>
				<misses>538900001</misses>
				<total>0</total>
				<timestamp>3401.502113</timestamp>
			</report>
			<report>
				<misses>539000001</misses>
				<total>0</total>
				<timestamp>3402.134009</timestamp>
			</report>
			<report>
				<misses>539100001</misses>
				<total>0</total>
				<timestamp>3402.762511</timestamp>
			</report>
			<report>
				<misses>539200001</misses>
				<total>0</total>
				<timestamp>3403.394879</timestamp>
			</report>
			<report>
				<misses>539300001</misses>
				<total>0</total>
				<timestamp>3404.026240</timestamp>
			</report>
			<report>
				<misses>539400001</misses>
				<total>0</total>
				<timestamp>3404.653625</timestamp>
			</report>
			<report>
				<misses>539500001</misses>
				<total>0</total>
				<timestamp>3405.285692</timestamp>
			</report>
			<report>
				<misses>539600001</misses>
				<total>0</total>
				<timestamp>3405.917554</timestamp>
			</report>
			<report>
				<misses>539700001</misses>
				<total>0</total>
				<timestamp>3406.557094</timestamp>
			</report>
			<report>
				<misses>539800001</misses>
				<total>0</total>
				<timestamp>3407.188891</timestamp>
			</report>
			<report>
				<misses>539900001</misses>
				<total>0</total>
				<timestamp>3407.821659</timestamp>
			</report>
			<report>
				<misses>540000001</misses>
				<total>0</total>
				<timestamp>3408.450868</timestamp>
			</report>
			<report>
				<misses>540100001</misses>
				<total>0</total>
				<timestamp>3409.087047</timestamp>
			</report>
			<report>
				<misses>540200001</misses>
				<total>0</total>
				<timestamp>3409.717034</timestamp>
			</report>
			<report>
				<misses>540300001</misses>
				<total>0</total>
				<timestamp>3410.346236</timestamp>
			</report>
			<report>
				<misses>540400001</misses>
				<total>0</total>
				<timestamp>3410.975035</timestamp>
			</report>
			<report>
				<misses>540500001</misses>
				<total>0</total>
				<timestamp>3411.601069</timestamp>
			</report>
			<report>
				<misses>540600001</misses>
				<total>0</total>
				<timestamp>3412.227874</timestamp>
			</report>
			<report>
				<misses>540700001</misses>
				<total>0</total>
				<timestamp>3412.859586</timestamp>
			</report>
			<report>
				<misses>540800001</misses>
				<total>0</total>
				<timestamp>3413.502227</timestamp>
			</report>
			<report>
				<misses>540900001</misses>
				<total>0</total>
				<timestamp>3414.135781</timestamp>
			</report>
			<report>
				<misses>541000001</misses>
				<total>0</total>
				<timestamp>3414.765950</timestamp>
			</report>
			<report>
				<misses>541100001</misses>
				<total>0</total>
				<timestamp>3415.396406</timestamp>
			</report>
			<report>
				<misses>541200001</misses>
				<total>0</total>
				<timestamp>3416.031413</timestamp>
			</report>
			<report>
				<misses>541300001</misses>
				<total>0</total>
				<timestamp>3416.660048</timestamp>
			</report>
			<report>
				<misses>541400001</misses>
				<total>0</total>
				<timestamp>3417.287442</timestamp>
			</report>
			<report>
				<misses>541500001</misses>
				<total>0</total>
				<timestamp>3417.919094</timestamp>
			</report>
			<report>
				<misses>541600001</misses>
				<total>0</total>
				<timestamp>3418.552981</timestamp>
			</report>
			<report>
				<misses>541700001</misses>
				<total>0</total>
				<timestamp>3419.180319</timestamp>
			</report>
			<report>
				<misses>541800001</misses>
				<total>0</total>
				<timestamp>3419.811025</timestamp>
			</report>
			<report>
				<misses>541900001</misses>
				<total>0</total>
				<timestamp>3420.450822</timestamp>
			</report>
			<report>
				<misses>542000001</misses>
				<total>0</total>
				<timestamp>3421.076357</timestamp>
			</report>
			<report>
				<misses>542100001</misses>
				<total>0</total>
				<timestamp>3421.703970</timestamp>
			</report>
			<report>
				<misses>542200001</misses>
				<total>0</total>
				<timestamp>3422.332450</timestamp>
			</report>
			<report>
				<misses>542300001</misses>
				<total>0</total>
				<timestamp>3422.953048</timestamp>
			</report>
			<report>
				<misses>542400001</misses>
				<total>0</total>
				<timestamp>3423.581479</timestamp>
			</report>
			<report>
				<misses>542500001</misses>
				<total>0</total>
				<timestamp>3424.208281</timestamp>
			</report>
			<report>
				<misses>542600001</misses>
				<total>0</total>
				<timestamp>3424.831393</timestamp>
			</report>
			<report>
				<misses>542700001</misses>
				<total>0</total>
				<timestamp>3425.458975</timestamp>
			</report>
			<report>
				<misses>542800001</misses>
				<total>0</total>
				<timestamp>3426.089772</timestamp>
			</report>
			<report>
				<misses>542900001</misses>
				<total>0</total>
				<timestamp>3426.715080</timestamp>
			</report>
			<report>
				<misses>543000001</misses>
				<total>0</total>
				<timestamp>3427.342328</timestamp>
			</report>
			<report>
				<misses>543100001</misses>
				<total>0</total>
				<timestamp>3427.973529</timestamp>
			</report>
			<report>
				<misses>543200001</misses>
				<total>0</total>
				<timestamp>3428.609882</timestamp>
			</report>
			<report>
				<misses>543300001</misses>
				<total>0</total>
				<timestamp>3429.255039</timestamp>
			</report>
			<report>
				<misses>543400001</misses>
				<total>0</total>
				<timestamp>3429.883314</timestamp>
			</report>
			<report>
				<misses>543500001</misses>
				<total>0</total>
				<timestamp>3430.517788</timestamp>
			</report>
			<report>
				<misses>543600001</misses>
				<total>0</total>
				<timestamp>3431.152123</timestamp>
			</report>
			<report>
				<misses>543700001</misses>
				<total>0</total>
				<timestamp>3431.782123</timestamp>
			</report>
			<report>
				<misses>543800001</misses>
				<total>0</total>
				<timestamp>3432.417428</timestamp>
			</report>
			<report>
				<misses>543900001</misses>
				<total>0</total>
				<timestamp>3433.046208</timestamp>
			</report>
			<report>
				<misses>544000001</misses>
				<total>0</total>
				<timestamp>3433.677964</timestamp>
			</report>
			<report>
				<misses>544100001</misses>
				<total>0</total>
				<timestamp>3434.306247</timestamp>
			</report>
			<report>
				<misses>544200001</misses>
				<total>0</total>
				<timestamp>3434.934777</timestamp>
			</report>
			<report>
				<misses>544300001</misses>
				<total>0</total>
				<timestamp>3435.565581</timestamp>
			</report>
			<report>
				<misses>544400001</misses>
				<total>0</total>
				<timestamp>3436.189889</timestamp>
			</report>
			<report>
				<misses>544500001</misses>
				<total>0</total>
				<timestamp>3436.828020</timestamp>
			</report>
			<report>
				<misses>544600001</misses>
				<total>0</total>
				<timestamp>3437.455577</timestamp>
			</report>
			<report>
				<misses>544700001</misses>
				<total>0</total>
				<timestamp>3438.082379</timestamp>
			</report>
			<report>
				<misses>544800001</misses>
				<total>0</total>
				<timestamp>3438.722985</timestamp>
			</report>
			<report>
				<misses>544900001</misses>
				<total>0</total>
				<timestamp>3439.356265</timestamp>
			</report>
			<report>
				<misses>545000001</misses>
				<total>0</total>
				<timestamp>3439.981775</timestamp>
			</report>
			<report>
				<misses>545100001</misses>
				<total>0</total>
				<timestamp>3440.615611</timestamp>
			</report>
			<report>
				<misses>545200001</misses>
				<total>0</total>
				<timestamp>3441.244645</timestamp>
			</report>
			<report>
				<misses>545300001</misses>
				<total>0</total>
				<timestamp>3441.880931</timestamp>
			</report>
			<report>
				<misses>545400001</misses>
				<total>0</total>
				<timestamp>3442.523173</timestamp>
			</report>
			<report>
				<misses>545500001</misses>
				<total>0</total>
				<timestamp>3443.153141</timestamp>
			</report>
			<report>
				<misses>545600001</misses>
				<total>0</total>
				<timestamp>3443.781473</timestamp>
			</report>
			<report>
				<misses>545700001</misses>
				<total>0</total>
				<timestamp>3444.417157</timestamp>
			</report>
			<report>
				<misses>545800001</misses>
				<total>0</total>
				<timestamp>3445.051554</timestamp>
			</report>
			<report>
				<misses>545900001</misses>
				<total>0</total>
				<timestamp>3445.677980</timestamp>
			</report>
			<report>
				<misses>546000001</misses>
				<total>0</total>
				<timestamp>3446.301777</timestamp>
			</report>
			<report>
				<misses>546100001</misses>
				<total>0</total>
				<timestamp>3446.940413</timestamp>
			</report>
			<report>
				<misses>546200001</misses>
				<total>0</total>
				<timestamp>3447.575981</timestamp>
			</report>
			<report>
				<misses>546300001</misses>
				<total>0</total>
				<timestamp>3448.203266</timestamp>
			</report>
			<report>
				<misses>546400001</misses>
				<total>0</total>
				<timestamp>3448.834989</timestamp>
			</report>
			<report>
				<misses>546500001</misses>
				<total>0</total>
				<timestamp>3449.467719</timestamp>
			</report>
			<report>
				<misses>546600001</misses>
				<total>0</total>
				<timestamp>3450.101384</timestamp>
			</report>
			<report>
				<misses>546700001</misses>
				<total>0</total>
				<timestamp>3450.727995</timestamp>
			</report>
			<report>
				<misses>546800001</misses>
				<total>0</total>
				<timestamp>3451.366078</timestamp>
			</report>
			<report>
				<misses>546900001</misses>
				<total>0</total>
				<timestamp>3452.004509</timestamp>
			</report>
			<report>
				<misses>547000001</misses>
				<total>0</total>
				<timestamp>3452.647059</timestamp>
			</report>
			<report>
				<misses>547100001</misses>
				<total>0</total>
				<timestamp>3453.280716</timestamp>
			</report>
			<report>
				<misses>547200001</misses>
				<total>0</total>
				<timestamp>3453.907874</timestamp>
			</report>
			<report>
				<misses>547300001</misses>
				<total>0</total>
				<timestamp>3454.538462</timestamp>
			</report>
			<report>
				<misses>547400001</misses>
				<total>0</total>
				<timestamp>3455.162582</timestamp>
			</report>
			<report>
				<misses>547500001</misses>
				<total>0</total>
				<timestamp>3455.796762</timestamp>
			</report>
			<report>
				<misses>547600001</misses>
				<total>0</total>
				<timestamp>3456.427093</timestamp>
			</report>
			<report>
				<misses>547700001</misses>
				<total>0</total>
				<timestamp>3457.057065</timestamp>
			</report>
			<report>
				<misses>547800001</misses>
				<total>0</total>
				<timestamp>3457.677492</timestamp>
			</report>
			<report>
				<misses>547900001</misses>
				<total>0</total>
				<timestamp>3458.316616</timestamp>
			</report>
			<report>
				<misses>548000001</misses>
				<total>0</total>
				<timestamp>3458.943392</timestamp>
			</report>
			<report>
				<misses>548100001</misses>
				<total>0</total>
				<timestamp>3459.577080</timestamp>
			</report>
			<report>
				<misses>548200001</misses>
				<total>0</total>
				<timestamp>3460.204891</timestamp>
			</report>
			<report>
				<misses>548300001</misses>
				<total>0</total>
				<timestamp>3460.834616</timestamp>
			</report>
			<report>
				<misses>548400001</misses>
				<total>0</total>
				<timestamp>3461.460295</timestamp>
			</report>
			<report>
				<misses>548500001</misses>
				<total>0</total>
				<timestamp>3462.089852</timestamp>
			</report>
			<report>
				<misses>548600001</misses>
				<total>0</total>
				<timestamp>3462.725838</timestamp>
			</report>
			<report>
				<misses>548700001</misses>
				<total>0</total>
				<timestamp>3463.353041</timestamp>
			</report>
			<report>
				<misses>548800001</misses>
				<total>0</total>
				<timestamp>3463.982710</timestamp>
			</report>
			<report>
				<misses>548900001</misses>
				<total>0</total>
				<timestamp>3464.610520</timestamp>
			</report>
			<report>
				<misses>549000001</misses>
				<total>0</total>
				<timestamp>3465.232835</timestamp>
			</report>
			<report>
				<misses>549100001</misses>
				<total>0</total>
				<timestamp>3465.859729</timestamp>
			</report>
			<report>
				<misses>549200001</misses>
				<total>0</total>
				<timestamp>3466.489519</timestamp>
			</report>
			<report>
				<misses>549300001</misses>
				<total>0</total>
				<timestamp>3467.123548</timestamp>
			</report>
			<report>
				<misses>549400001</misses>
				<total>0</total>
				<timestamp>3467.749407</timestamp>
			</report>
			<report>
				<misses>549500001</misses>
				<total>0</total>
				<timestamp>3468.381751</timestamp>
			</report>
			<report>
				<misses>549600001</misses>
				<total>0</total>
				<timestamp>3469.006806</timestamp>
			</report>
			<report>
				<misses>549700001</misses>
				<total>0</total>
				<timestamp>3469.644517</timestamp>
			</report>
			<report>
				<misses>549800001</misses>
				<total>0</total>
				<timestamp>3470.273836</timestamp>
			</report>
			<report>
				<misses>549900001</misses>
				<total>0</total>
				<timestamp>3470.907546</timestamp>
			</report>
			<report>
				<misses>550000001</misses>
				<total>0</total>
				<timestamp>3471.544096</timestamp>
			</report>
			<report>
				<misses>550100001</misses>
				<total>0</total>
				<timestamp>3472.179202</timestamp>
			</report>
			<report>
				<misses>550200001</misses>
				<total>0</total>
				<timestamp>3472.805056</timestamp>
			</report>
			<report>
				<misses>550300001</misses>
				<total>0</total>
				<timestamp>3473.435339</timestamp>
			</report>
			<report>
				<misses>550400001</misses>
				<total>0</total>
				<timestamp>3474.058631</timestamp>
			</report>
			<report>
				<misses>550500001</misses>
				<total>0</total>
				<timestamp>3474.686508</timestamp>
			</report>
			<report>
				<misses>550600001</misses>
				<total>0</total>
				<timestamp>3475.318264</timestamp>
			</report>
			<report>
				<misses>550700001</misses>
				<total>0</total>
				<timestamp>3475.957623</timestamp>
			</report>
			<report>
				<misses>550800001</misses>
				<total>0</total>
				<timestamp>3476.613136</timestamp>
			</report>
			<report>
				<misses>550900001</misses>
				<total>0</total>
				<timestamp>3477.241930</timestamp>
			</report>
			<report>
				<misses>551000001</misses>
				<total>0</total>
				<timestamp>3477.863961</timestamp>
			</report>
			<report>
				<misses>551100001</misses>
				<total>0</total>
				<timestamp>3478.486546</timestamp>
			</report>
			<report>
				<misses>551200001</misses>
				<total>0</total>
				<timestamp>3479.116292</timestamp>
			</report>
			<report>
				<misses>551300001</misses>
				<total>0</total>
				<timestamp>3479.743589</timestamp>
			</report>
			<report>
				<misses>551400001</misses>
				<total>0</total>
				<timestamp>3480.381592</timestamp>
			</report>
			<report>
				<misses>551500001</misses>
				<total>0</total>
				<timestamp>3481.009196</timestamp>
			</report>
			<report>
				<misses>551600001</misses>
				<total>0</total>
				<timestamp>3481.649453</timestamp>
			</report>
			<report>
				<misses>551700001</misses>
				<total>0</total>
				<timestamp>3482.286408</timestamp>
			</report>
			<report>
				<misses>551800001</misses>
				<total>0</total>
				<timestamp>3482.917575</timestamp>
			</report>
			<report>
				<misses>551900001</misses>
				<total>0</total>
				<timestamp>3483.554779</timestamp>
			</report>
			<report>
				<misses>552000001</misses>
				<total>0</total>
				<timestamp>3484.194271</timestamp>
			</report>
			<report>
				<misses>552100001</misses>
				<total>0</total>
				<timestamp>3484.832224</timestamp>
			</report>
			<report>
				<misses>552200001</misses>
				<total>0</total>
				<timestamp>3485.458745</timestamp>
			</report>
			<report>
				<misses>552300001</misses>
				<total>0</total>
				<timestamp>3486.094726</timestamp>
			</report>
			<report>
				<misses>552400001</misses>
				<total>0</total>
				<timestamp>3486.733954</timestamp>
			</report>
			<report>
				<misses>552500001</misses>
				<total>0</total>
				<timestamp>3487.362739</timestamp>
			</report>
			<report>
				<misses>552600001</misses>
				<total>0</total>
				<timestamp>3487.990603</timestamp>
			</report>
			<report>
				<misses>552700001</misses>
				<total>0</total>
				<timestamp>3488.622186</timestamp>
			</report>
			<report>
				<misses>552800001</misses>
				<total>0</total>
				<timestamp>3489.249755</timestamp>
			</report>
			<report>
				<misses>552900001</misses>
				<total>0</total>
				<timestamp>3489.885328</timestamp>
			</report>
			<report>
				<misses>553000001</misses>
				<total>0</total>
				<timestamp>3490.512144</timestamp>
			</report>
			<report>
				<misses>553100001</misses>
				<total>0</total>
				<timestamp>3491.135777</timestamp>
			</report>
			<report>
				<misses>553200001</misses>
				<total>0</total>
				<timestamp>3491.765534</timestamp>
			</report>
			<report>
				<misses>553300001</misses>
				<total>0</total>
				<timestamp>3492.395407</timestamp>
			</report>
			<report>
				<misses>553400001</misses>
				<total>0</total>
				<timestamp>3493.020462</timestamp>
			</report>
			<report>
				<misses>553500001</misses>
				<total>0</total>
				<timestamp>3493.647310</timestamp>
			</report>
			<report>
				<misses>553600001</misses>
				<total>0</total>
				<timestamp>3494.296294</timestamp>
			</report>
			<report>
				<misses>553700001</misses>
				<total>0</total>
				<timestamp>3494.940605</timestamp>
			</report>
			<report>
				<misses>553800001</misses>
				<total>0</total>
				<timestamp>3495.575295</timestamp>
			</report>
			<report>
				<misses>553900001</misses>
				<total>0</total>
				<timestamp>3496.218240</timestamp>
			</report>
			<report>
				<misses>554000001</misses>
				<total>0</total>
				<timestamp>3496.845617</timestamp>
			</report>
			<report>
				<misses>554100001</misses>
				<total>0</total>
				<timestamp>3497.469043</timestamp>
			</report>
			<report>
				<misses>554200001</misses>
				<total>0</total>
				<timestamp>3498.102889</timestamp>
			</report>
			<report>
				<misses>554300001</misses>
				<total>0</total>
				<timestamp>3498.740568</timestamp>
			</report>
			<report>
				<misses>554400001</misses>
				<total>0</total>
				<timestamp>3499.382958</timestamp>
			</report>
			<report>
				<misses>554500001</misses>
				<total>0</total>
				<timestamp>3500.011991</timestamp>
			</report>
			<report>
				<misses>554600001</misses>
				<total>0</total>
				<timestamp>3500.643867</timestamp>
			</report>
			<report>
				<misses>554700001</misses>
				<total>0</total>
				<timestamp>3501.278331</timestamp>
			</report>
			<report>
				<misses>554800001</misses>
				<total>0</total>
				<timestamp>3501.924210</timestamp>
			</report>
			<report>
				<misses>554900001</misses>
				<total>0</total>
				<timestamp>3502.564116</timestamp>
			</report>
			<report>
				<misses>555000001</misses>
				<total>0</total>
				<timestamp>3503.193691</timestamp>
			</report>
			<report>
				<misses>555100001</misses>
				<total>0</total>
				<timestamp>3503.818737</timestamp>
			</report>
			<report>
				<misses>555200001</misses>
				<total>0</total>
				<timestamp>3504.445652</timestamp>
			</report>
			<report>
				<misses>555300001</misses>
				<total>0</total>
				<timestamp>3505.069406</timestamp>
			</report>
			<report>
				<misses>555400001</misses>
				<total>0</total>
				<timestamp>3505.692361</timestamp>
			</report>
			<report>
				<misses>555500001</misses>
				<total>0</total>
				<timestamp>3506.334860</timestamp>
			</report>
			<report>
				<misses>555600001</misses>
				<total>0</total>
				<timestamp>3506.962494</timestamp>
			</report>
			<report>
				<misses>555700001</misses>
				<total>0</total>
				<timestamp>3507.591888</timestamp>
			</report>
			<report>
				<misses>555800001</misses>
				<total>0</total>
				<timestamp>3508.231949</timestamp>
			</report>
			<report>
				<misses>555900001</misses>
				<total>0</total>
				<timestamp>3508.857164</timestamp>
			</report>
			<report>
				<misses>556000001</misses>
				<total>0</total>
				<timestamp>3509.484540</timestamp>
			</report>
			<report>
				<misses>556100001</misses>
				<total>0</total>
				<timestamp>3510.115635</timestamp>
			</report>
			<report>
				<misses>556200001</misses>
				<total>0</total>
				<timestamp>3510.750437</timestamp>
			</report>
			<report>
				<misses>556300001</misses>
				<total>0</total>
				<timestamp>3511.380016</timestamp>
			</report>
			<report>
				<misses>556400001</misses>
				<total>0</total>
				<timestamp>3512.010712</timestamp>
			</report>
			<report>
				<misses>556500001</misses>
				<total>0</total>
				<timestamp>3512.640581</timestamp>
			</report>
			<report>
				<misses>556600001</misses>
				<total>0</total>
				<timestamp>3513.266842</timestamp>
			</report>
			<report>
				<misses>556700001</misses>
				<total>0</total>
				<timestamp>3513.908074</timestamp>
			</report>
			<report>
				<misses>556800001</misses>
				<total>0</total>
				<timestamp>3514.541109</timestamp>
			</report>
			<report>
				<misses>556900001</misses>
				<total>0</total>
				<timestamp>3515.190003</timestamp>
			</report>
			<report>
				<misses>557000001</misses>
				<total>0</total>
				<timestamp>3515.823763</timestamp>
			</report>
			<report>
				<misses>557100001</misses>
				<total>0</total>
				<timestamp>3516.450715</timestamp>
			</report>
			<report>
				<misses>557200001</misses>
				<total>0</total>
				<timestamp>3517.075246</timestamp>
			</report>
			<report>
				<misses>557300001</misses>
				<total>0</total>
				<timestamp>3517.703509</timestamp>
			</report>
			<report>
				<misses>557400001</misses>
				<total>0</total>
				<timestamp>3518.329970</timestamp>
			</report>
			<report>
				<misses>557500001</misses>
				<total>0</total>
				<timestamp>3518.957957</timestamp>
			</report>
			<report>
				<misses>557600001</misses>
				<total>0</total>
				<timestamp>3519.586223</timestamp>
			</report>
			<report>
				<misses>557700001</misses>
				<total>0</total>
				<timestamp>3520.210138</timestamp>
			</report>
			<report>
				<misses>557800001</misses>
				<total>0</total>
				<timestamp>3520.840268</timestamp>
			</report>
			<report>
				<misses>557900001</misses>
				<total>0</total>
				<timestamp>3521.469554</timestamp>
			</report>
			<report>
				<misses>558000001</misses>
				<total>0</total>
				<timestamp>3522.095373</timestamp>
			</report>
			<report>
				<misses>558100001</misses>
				<total>0</total>
				<timestamp>3522.729649</timestamp>
			</report>
			<report>
				<misses>558200001</misses>
				<total>0</total>
				<timestamp>3523.373921</timestamp>
			</report>
			<report>
				<misses>558300001</misses>
				<total>0</total>
				<timestamp>3524.003979</timestamp>
			</report>
			<report>
				<misses>558400001</misses>
				<total>0</total>
				<timestamp>3524.629643</timestamp>
			</report>
			<report>
				<misses>558500001</misses>
				<total>0</total>
				<timestamp>3525.265516</timestamp>
			</report>
			<report>
				<misses>558600001</misses>
				<total>0</total>
				<timestamp>3525.890035</timestamp>
			</report>
			<report>
				<misses>558700001</misses>
				<total>0</total>
				<timestamp>3526.524197</timestamp>
			</report>
			<report>
				<misses>558800001</misses>
				<total>0</total>
				<timestamp>3527.158782</timestamp>
			</report>
			<report>
				<misses>558900001</misses>
				<total>0</total>
				<timestamp>3527.782140</timestamp>
			</report>
			<report>
				<misses>559000001</misses>
				<total>0</total>
				<timestamp>3528.410719</timestamp>
			</report>
			<report>
				<misses>559100001</misses>
				<total>0</total>
				<timestamp>3529.044208</timestamp>
			</report>
			<report>
				<misses>559200001</misses>
				<total>0</total>
				<timestamp>3529.671431</timestamp>
			</report>
			<report>
				<misses>559300001</misses>
				<total>0</total>
				<timestamp>3530.307634</timestamp>
			</report>
			<report>
				<misses>559400001</misses>
				<total>0</total>
				<timestamp>3530.934219</timestamp>
			</report>
			<report>
				<misses>559500001</misses>
				<total>0</total>
				<timestamp>3531.564389</timestamp>
			</report>
			<report>
				<misses>559600001</misses>
				<total>0</total>
				<timestamp>3532.205138</timestamp>
			</report>
			<report>
				<misses>559700001</misses>
				<total>0</total>
				<timestamp>3532.839196</timestamp>
			</report>
			<report>
				<misses>559800001</misses>
				<total>0</total>
				<timestamp>3533.476161</timestamp>
			</report>
			<report>
				<misses>559900001</misses>
				<total>0</total>
				<timestamp>3534.114707</timestamp>
			</report>
			<report>
				<misses>560000001</misses>
				<total>0</total>
				<timestamp>3534.749539</timestamp>
			</report>
			<report>
				<misses>560100001</misses>
				<total>0</total>
				<timestamp>3535.379815</timestamp>
			</report>
			<report>
				<misses>560200001</misses>
				<total>0</total>
				<timestamp>3536.003906</timestamp>
			</report>
			<report>
				<misses>560300001</misses>
				<total>0</total>
				<timestamp>3536.632013</timestamp>
			</report>
			<report>
				<misses>560400001</misses>
				<total>0</total>
				<timestamp>3537.257215</timestamp>
			</report>
			<report>
				<misses>560500001</misses>
				<total>0</total>
				<timestamp>3537.879769</timestamp>
			</report>
			<report>
				<misses>560600001</misses>
				<total>0</total>
				<timestamp>3538.507677</timestamp>
			</report>
			<report>
				<misses>560700001</misses>
				<total>0</total>
				<timestamp>3539.133454</timestamp>
			</report>
			<report>
				<misses>560800001</misses>
				<total>0</total>
				<timestamp>3539.763094</timestamp>
			</report>
			<report>
				<misses>560900001</misses>
				<total>0</total>
				<timestamp>3540.386420</timestamp>
			</report>
			<report>
				<misses>561000001</misses>
				<total>0</total>
				<timestamp>3541.015602</timestamp>
			</report>
			<report>
				<misses>561100001</misses>
				<total>0</total>
				<timestamp>3541.650620</timestamp>
			</report>
			<report>
				<misses>561200001</misses>
				<total>0</total>
				<timestamp>3542.287760</timestamp>
			</report>
			<report>
				<misses>561300001</misses>
				<total>0</total>
				<timestamp>3542.911243</timestamp>
			</report>
			<report>
				<misses>561400001</misses>
				<total>0</total>
				<timestamp>3543.540357</timestamp>
			</report>
			<report>
				<misses>561500001</misses>
				<total>0</total>
				<timestamp>3544.186532</timestamp>
			</report>
			<report>
				<misses>561600001</misses>
				<total>0</total>
				<timestamp>3544.829002</timestamp>
			</report>
			<report>
				<misses>561700001</misses>
				<total>0</total>
				<timestamp>3545.461622</timestamp>
			</report>
			<report>
				<misses>561800001</misses>
				<total>0</total>
				<timestamp>3546.098686</timestamp>
			</report>
			<report>
				<misses>561900001</misses>
				<total>0</total>
				<timestamp>3546.730594</timestamp>
			</report>
			<report>
				<misses>562000001</misses>
				<total>0</total>
				<timestamp>3547.362297</timestamp>
			</report>
			<report>
				<misses>562100001</misses>
				<total>0</total>
				<timestamp>3548.003452</timestamp>
			</report>
			<report>
				<misses>562200001</misses>
				<total>0</total>
				<timestamp>3548.627058</timestamp>
			</report>
			<report>
				<misses>562300001</misses>
				<total>0</total>
				<timestamp>3549.257652</timestamp>
			</report>
			<report>
				<misses>562400001</misses>
				<total>0</total>
				<timestamp>3549.886072</timestamp>
			</report>
			<report>
				<misses>562500001</misses>
				<total>0</total>
				<timestamp>3550.525743</timestamp>
			</report>
			<report>
				<misses>562600001</misses>
				<total>0</total>
				<timestamp>3551.153008</timestamp>
			</report>
			<report>
				<misses>562700001</misses>
				<total>0</total>
				<timestamp>3551.785010</timestamp>
			</report>
			<report>
				<misses>562800001</misses>
				<total>0</total>
				<timestamp>3552.410269</timestamp>
			</report>
			<report>
				<misses>562900001</misses>
				<total>0</total>
				<timestamp>3553.040795</timestamp>
			</report>
			<report>
				<misses>563000001</misses>
				<total>0</total>
				<timestamp>3553.681081</timestamp>
			</report>
			<report>
				<misses>563100001</misses>
				<total>0</total>
				<timestamp>3554.315424</timestamp>
			</report>
			<report>
				<misses>563200001</misses>
				<total>0</total>
				<timestamp>3554.940169</timestamp>
			</report>
			<report>
				<misses>563300001</misses>
				<total>0</total>
				<timestamp>3555.566540</timestamp>
			</report>
			<report>
				<misses>563400001</misses>
				<total>0</total>
				<timestamp>3556.206609</timestamp>
			</report>
			<report>
				<misses>563500001</misses>
				<total>0</total>
				<timestamp>3556.848901</timestamp>
			</report>
			<report>
				<misses>563600001</misses>
				<total>0</total>
				<timestamp>3557.483547</timestamp>
			</report>
			<report>
				<misses>563700001</misses>
				<total>0</total>
				<timestamp>3558.121034</timestamp>
			</report>
			<report>
				<misses>563800001</misses>
				<total>0</total>
				<timestamp>3558.753339</timestamp>
			</report>
			<report>
				<misses>563900001</misses>
				<total>0</total>
				<timestamp>3559.381311</timestamp>
			</report>
			<report>
				<misses>564000001</misses>
				<total>0</total>
				<timestamp>3560.012694</timestamp>
			</report>
			<report>
				<misses>564100001</misses>
				<total>0</total>
				<timestamp>3560.645813</timestamp>
			</report>
			<report>
				<misses>564200001</misses>
				<total>0</total>
				<timestamp>3561.277796</timestamp>
			</report>
			<report>
				<misses>564300001</misses>
				<total>0</total>
				<timestamp>3561.904387</timestamp>
			</report>
			<report>
				<misses>564400001</misses>
				<total>0</total>
				<timestamp>3562.530373</timestamp>
			</report>
			<report>
				<misses>564500001</misses>
				<total>0</total>
				<timestamp>3563.151742</timestamp>
			</report>
			<report>
				<misses>564600001</misses>
				<total>0</total>
				<timestamp>3563.789964</timestamp>
			</report>
			<report>
				<misses>564700001</misses>
				<total>0</total>
				<timestamp>3564.413647</timestamp>
			</report>
			<report>
				<misses>564800001</misses>
				<total>0</total>
				<timestamp>3565.041890</timestamp>
			</report>
			<report>
				<misses>564900001</misses>
				<total>0</total>
				<timestamp>3565.664547</timestamp>
			</report>
			<report>
				<misses>565000001</misses>
				<total>0</total>
				<timestamp>3566.296472</timestamp>
			</report>
			<report>
				<misses>565100001</misses>
				<total>0</total>
				<timestamp>3566.929131</timestamp>
			</report>
			<report>
				<misses>565200001</misses>
				<total>0</total>
				<timestamp>3567.566687</timestamp>
			</report>
			<report>
				<misses>565300001</misses>
				<total>0</total>
				<timestamp>3568.205489</timestamp>
			</report>
			<report>
				<misses>565400001</misses>
				<total>0</total>
				<timestamp>3568.826064</timestamp>
			</report>
			<report>
				<misses>565500001</misses>
				<total>0</total>
				<timestamp>3569.454346</timestamp>
			</report>
			<report>
				<misses>565600001</misses>
				<total>0</total>
				<timestamp>3570.080395</timestamp>
			</report>
			<report>
				<misses>565700001</misses>
				<total>0</total>
				<timestamp>3570.709693</timestamp>
			</report>
			<report>
				<misses>565800001</misses>
				<total>0</total>
				<timestamp>3571.353593</timestamp>
			</report>
			<report>
				<misses>565900001</misses>
				<total>0</total>
				<timestamp>3571.978393</timestamp>
			</report>
			<report>
				<misses>566000001</misses>
				<total>0</total>
				<timestamp>3572.623464</timestamp>
			</report>
			<report>
				<misses>566100001</misses>
				<total>0</total>
				<timestamp>3573.244528</timestamp>
			</report>
			<report>
				<misses>566200001</misses>
				<total>0</total>
				<timestamp>3573.869232</timestamp>
			</report>
			<report>
				<misses>566300001</misses>
				<total>0</total>
				<timestamp>3574.499075</timestamp>
			</report>
			<report>
				<misses>566400001</misses>
				<total>0</total>
				<timestamp>3575.133247</timestamp>
			</report>
			<report>
				<misses>566500001</misses>
				<total>0</total>
				<timestamp>3575.763985</timestamp>
			</report>
			<report>
				<misses>566600001</misses>
				<total>0</total>
				<timestamp>3576.392220</timestamp>
			</report>
			<report>
				<misses>566700001</misses>
				<total>0</total>
				<timestamp>3577.018239</timestamp>
			</report>
			<report>
				<misses>566800001</misses>
				<total>0</total>
				<timestamp>3577.639968</timestamp>
			</report>
			<report>
				<misses>566900001</misses>
				<total>0</total>
				<timestamp>3578.286357</timestamp>
			</report>
			<report>
				<misses>567000001</misses>
				<total>0</total>
				<timestamp>3578.910445</timestamp>
			</report>
			<report>
				<misses>567100001</misses>
				<total>0</total>
				<timestamp>3579.554205</timestamp>
			</report>
			<report>
				<misses>567200001</misses>
				<total>0</total>
				<timestamp>3580.187088</timestamp>
			</report>
			<report>
				<misses>567300001</misses>
				<total>0</total>
				<timestamp>3580.821506</timestamp>
			</report>
			<report>
				<misses>567400001</misses>
				<total>0</total>
				<timestamp>3581.449919</timestamp>
			</report>
			<report>
				<misses>567500001</misses>
				<total>0</total>
				<timestamp>3582.077751</timestamp>
			</report>
			<report>
				<misses>567600001</misses>
				<total>0</total>
				<timestamp>3582.702972</timestamp>
			</report>
			<report>
				<misses>567700001</misses>
				<total>0</total>
				<timestamp>3583.331962</timestamp>
			</report>
			<report>
				<misses>567800001</misses>
				<total>0</total>
				<timestamp>3583.957259</timestamp>
			</report>
			<report>
				<misses>567900001</misses>
				<total>0</total>
				<timestamp>3584.583997</timestamp>
			</report>
			<report>
				<misses>568000001</misses>
				<total>0</total>
				<timestamp>3585.212896</timestamp>
			</report>
			<report>
				<misses>568100001</misses>
				<total>0</total>
				<timestamp>3585.839206</timestamp>
			</report>
			<report>
				<misses>568200001</misses>
				<total>0</total>
				<timestamp>3586.467423</timestamp>
			</report>
			<report>
				<misses>568300001</misses>
				<total>0</total>
				<timestamp>3587.098753</timestamp>
			</report>
			<report>
				<misses>568400001</misses>
				<total>0</total>
				<timestamp>3587.731083</timestamp>
			</report>
			<report>
				<misses>568500001</misses>
				<total>0</total>
				<timestamp>3588.359293</timestamp>
			</report>
			<report>
				<misses>568600001</misses>
				<total>0</total>
				<timestamp>3588.997822</timestamp>
			</report>
			<report>
				<misses>568700001</misses>
				<total>0</total>
				<timestamp>3589.626063</timestamp>
			</report>
			<report>
				<misses>568800001</misses>
				<total>0</total>
				<timestamp>3590.263718</timestamp>
			</report>
			<report>
				<misses>568900001</misses>
				<total>0</total>
				<timestamp>3590.904152</timestamp>
			</report>
			<report>
				<misses>569000001</misses>
				<total>0</total>
				<timestamp>3591.533950</timestamp>
			</report>
			<report>
				<misses>569100001</misses>
				<total>0</total>
				<timestamp>3592.162938</timestamp>
			</report>
			<report>
				<misses>569200001</misses>
				<total>0</total>
				<timestamp>3592.790065</timestamp>
			</report>
			<report>
				<misses>569300001</misses>
				<total>0</total>
				<timestamp>3593.416581</timestamp>
			</report>
			<report>
				<misses>569400001</misses>
				<total>0</total>
				<timestamp>3594.044368</timestamp>
			</report>
			<report>
				<misses>569500001</misses>
				<total>0</total>
				<timestamp>3594.681321</timestamp>
			</report>
			<report>
				<misses>569600001</misses>
				<total>0</total>
				<timestamp>3595.315910</timestamp>
			</report>
			<report>
				<misses>569700001</misses>
				<total>0</total>
				<timestamp>3595.938786</timestamp>
			</report>
			<report>
				<misses>569800001</misses>
				<total>0</total>
				<timestamp>3596.575412</timestamp>
			</report>
			<report>
				<misses>569900001</misses>
				<total>0</total>
				<timestamp>3597.208816</timestamp>
			</report>
			<report>
				<misses>570000001</misses>
				<total>0</total>
				<timestamp>3597.837448</timestamp>
			</report>
			<report>
				<misses>570100001</misses>
				<total>0</total>
				<timestamp>3598.461802</timestamp>
			</report>
			<report>
				<misses>570200001</misses>
				<total>0</total>
				<timestamp>3599.089863</timestamp>
			</report>
			<report>
				<misses>570300001</misses>
				<total>0</total>
				<timestamp>3599.712992</timestamp>
			</report>
			<report>
				<misses>570400001</misses>
				<total>0</total>
				<timestamp>3600.349455</timestamp>
			</report>
			<report>
				<misses>570500001</misses>
				<total>0</total>
				<timestamp>3600.992765</timestamp>
			</report>
			<report>
				<misses>570600001</misses>
				<total>0</total>
				<timestamp>3601.648051</timestamp>
			</report>
			<report>
				<misses>570700001</misses>
				<total>0</total>
				<timestamp>3602.270316</timestamp>
			</report>
			<report>
				<misses>570800001</misses>
				<total>0</total>
				<timestamp>3602.909479</timestamp>
			</report>
			<report>
				<misses>570900001</misses>
				<total>0</total>
				<timestamp>3603.579255</timestamp>
			</report>
			<report>
				<misses>571000001</misses>
				<total>0</total>
				<timestamp>3604.207646</timestamp>
			</report>
			<report>
				<misses>571100001</misses>
				<total>0</total>
				<timestamp>3604.834027</timestamp>
			</report>
			<report>
				<misses>571200001</misses>
				<total>0</total>
				<timestamp>3605.458839</timestamp>
			</report>
			<report>
				<misses>571300001</misses>
				<total>0</total>
				<timestamp>3606.094513</timestamp>
			</report>
			<report>
				<misses>571400001</misses>
				<total>0</total>
				<timestamp>3606.730177</timestamp>
			</report>
			<report>
				<misses>571500001</misses>
				<total>0</total>
				<timestamp>3607.354624</timestamp>
			</report>
			<report>
				<misses>571600001</misses>
				<total>0</total>
				<timestamp>3607.982504</timestamp>
			</report>
			<report>
				<misses>571700001</misses>
				<total>0</total>
				<timestamp>3608.609647</timestamp>
			</report>
			<report>
				<misses>571800001</misses>
				<total>0</total>
				<timestamp>3609.242143</timestamp>
			</report>
			<report>
				<misses>571900001</misses>
				<total>0</total>
				<timestamp>3609.872046</timestamp>
			</report>
			<report>
				<misses>572000001</misses>
				<total>0</total>
				<timestamp>3610.515294</timestamp>
			</report>
			<report>
				<misses>572100001</misses>
				<total>0</total>
				<timestamp>3611.143241</timestamp>
			</report>
			<report>
				<misses>572200001</misses>
				<total>0</total>
				<timestamp>3611.776308</timestamp>
			</report>
			<report>
				<misses>572300001</misses>
				<total>0</total>
				<timestamp>3612.402128</timestamp>
			</report>
			<report>
				<misses>572400001</misses>
				<total>0</total>
				<timestamp>3613.038706</timestamp>
			</report>
			<report>
				<misses>572500001</misses>
				<total>0</total>
				<timestamp>3613.668889</timestamp>
			</report>
			<report>
				<misses>572600001</misses>
				<total>0</total>
				<timestamp>3614.296306</timestamp>
			</report>
			<report>
				<misses>572700001</misses>
				<total>0</total>
				<timestamp>3614.926450</timestamp>
			</report>
			<report>
				<misses>572800001</misses>
				<total>0</total>
				<timestamp>3615.556222</timestamp>
			</report>
			<report>
				<misses>572900001</misses>
				<total>0</total>
				<timestamp>3616.182279</timestamp>
			</report>
			<report>
				<misses>573000001</misses>
				<total>0</total>
				<timestamp>3616.815686</timestamp>
			</report>
			<report>
				<misses>573100001</misses>
				<total>0</total>
				<timestamp>3617.445120</timestamp>
			</report>
			<report>
				<misses>573200001</misses>
				<total>0</total>
				<timestamp>3618.072610</timestamp>
			</report>
			<report>
				<misses>573300001</misses>
				<total>0</total>
				<timestamp>3618.700198</timestamp>
			</report>
			<report>
				<misses>573400001</misses>
				<total>0</total>
				<timestamp>3619.332414</timestamp>
			</report>
			<report>
				<misses>573500001</misses>
				<total>0</total>
				<timestamp>3619.969956</timestamp>
			</report>
			<report>
				<misses>573600001</misses>
				<total>0</total>
				<timestamp>3620.617137</timestamp>
			</report>
			<report>
				<misses>573700001</misses>
				<total>0</total>
				<timestamp>3621.247396</timestamp>
			</report>
			<report>
				<misses>573800001</misses>
				<total>0</total>
				<timestamp>3621.871363</timestamp>
			</report>
			<report>
				<misses>573900001</misses>
				<total>0</total>
				<timestamp>3622.500106</timestamp>
			</report>
			<report>
				<misses>574000001</misses>
				<total>0</total>
				<timestamp>3623.122962</timestamp>
			</report>
			<report>
				<misses>574100001</misses>
				<total>0</total>
				<timestamp>3623.760526</timestamp>
			</report>
			<report>
				<misses>574200001</misses>
				<total>0</total>
				<timestamp>3624.391704</timestamp>
			</report>
			<report>
				<misses>574300001</misses>
				<total>0</total>
				<timestamp>3625.025061</timestamp>
			</report>
			<report>
				<misses>574400001</misses>
				<total>0</total>
				<timestamp>3625.652039</timestamp>
			</report>
			<report>
				<misses>574500001</misses>
				<total>0</total>
				<timestamp>3626.279686</timestamp>
			</report>
			<report>
				<misses>574600001</misses>
				<total>0</total>
				<timestamp>3626.902810</timestamp>
			</report>
			<report>
				<misses>574700001</misses>
				<total>0</total>
				<timestamp>3627.551635</timestamp>
			</report>
			<report>
				<misses>574800001</misses>
				<total>0</total>
				<timestamp>3628.194726</timestamp>
			</report>
			<report>
				<misses>574900001</misses>
				<total>0</total>
				<timestamp>3628.832137</timestamp>
			</report>
			<report>
				<misses>575000001</misses>
				<total>0</total>
				<timestamp>3629.461538</timestamp>
			</report>
			<report>
				<misses>575100001</misses>
				<total>0</total>
				<timestamp>3630.089362</timestamp>
			</report>
			<report>
				<misses>575200001</misses>
				<total>0</total>
				<timestamp>3630.714306</timestamp>
			</report>
			<report>
				<misses>575300001</misses>
				<total>0</total>
				<timestamp>3631.350696</timestamp>
			</report>
			<report>
				<misses>575400001</misses>
				<total>0</total>
				<timestamp>3631.974178</timestamp>
			</report>
			<report>
				<misses>575500001</misses>
				<total>0</total>
				<timestamp>3632.604864</timestamp>
			</report>
			<report>
				<misses>575600001</misses>
				<total>0</total>
				<timestamp>3633.239636</timestamp>
			</report>
			<report>
				<misses>575700001</misses>
				<total>0</total>
				<timestamp>3633.870299</timestamp>
			</report>
			<report>
				<misses>575800001</misses>
				<total>0</total>
				<timestamp>3634.509244</timestamp>
			</report>
			<report>
				<misses>575900001</misses>
				<total>0</total>
				<timestamp>3635.137876</timestamp>
			</report>
			<report>
				<misses>576000001</misses>
				<total>0</total>
				<timestamp>3635.766204</timestamp>
			</report>
			<report>
				<misses>576100001</misses>
				<total>0</total>
				<timestamp>3636.416867</timestamp>
			</report>
			<report>
				<misses>576200001</misses>
				<total>0</total>
				<timestamp>3637.070493</timestamp>
			</report>
			<report>
				<misses>576300001</misses>
				<total>0</total>
				<timestamp>3637.699161</timestamp>
			</report>
			<report>
				<misses>576400001</misses>
				<total>0</total>
				<timestamp>3638.338011</timestamp>
			</report>
			<report>
				<misses>576500001</misses>
				<total>0</total>
				<timestamp>3638.974245</timestamp>
			</report>
			<report>
				<misses>576600001</misses>
				<total>0</total>
				<timestamp>3639.609956</timestamp>
			</report>
			<report>
				<misses>576700001</misses>
				<total>0</total>
				<timestamp>3640.247752</timestamp>
			</report>
			<report>
				<misses>576800001</misses>
				<total>0</total>
				<timestamp>3640.886676</timestamp>
			</report>
			<report>
				<misses>576900001</misses>
				<total>0</total>
				<timestamp>3641.510627</timestamp>
			</report>
			<report>
				<misses>577000001</misses>
				<total>0</total>
				<timestamp>3642.135231</timestamp>
			</report>
			<report>
				<misses>577100001</misses>
				<total>0</total>
				<timestamp>3642.766397</timestamp>
			</report>
			<report>
				<misses>577200001</misses>
				<total>0</total>
				<timestamp>3643.419441</timestamp>
			</report>
			<report>
				<misses>577300001</misses>
				<total>0</total>
				<timestamp>3644.054381</timestamp>
			</report>
			<report>
				<misses>577400001</misses>
				<total>0</total>
				<timestamp>3644.681909</timestamp>
			</report>
			<report>
				<misses>577500001</misses>
				<total>0</total>
				<timestamp>3645.305710</timestamp>
			</report>
			<report>
				<misses>577600001</misses>
				<total>0</total>
				<timestamp>3645.933080</timestamp>
			</report>
			<report>
				<misses>577700001</misses>
				<total>0</total>
				<timestamp>3646.563717</timestamp>
			</report>
			<report>
				<misses>577800001</misses>
				<total>0</total>
				<timestamp>3647.193324</timestamp>
			</report>
			<report>
				<misses>577900001</misses>
				<total>0</total>
				<timestamp>3647.830975</timestamp>
			</report>
			<report>
				<misses>578000001</misses>
				<total>0</total>
				<timestamp>3648.466909</timestamp>
			</report>
			<report>
				<misses>578100001</misses>
				<total>0</total>
				<timestamp>3649.099877</timestamp>
			</report>
			<report>
				<misses>578200001</misses>
				<total>0</total>
				<timestamp>3649.723900</timestamp>
			</report>
			<report>
				<misses>578300001</misses>
				<total>0</total>
				<timestamp>3650.354982</timestamp>
			</report>
			<report>
				<misses>578400001</misses>
				<total>0</total>
				<timestamp>3650.982487</timestamp>
			</report>
			<report>
				<misses>578500001</misses>
				<total>0</total>
				<timestamp>3651.610717</timestamp>
			</report>
			<report>
				<misses>578600001</misses>
				<total>0</total>
				<timestamp>3652.238405</timestamp>
			</report>
			<report>
				<misses>578700001</misses>
				<total>0</total>
				<timestamp>3652.866326</timestamp>
			</report>
			<report>
				<misses>578800001</misses>
				<total>0</total>
				<timestamp>3653.503139</timestamp>
			</report>
			<report>
				<misses>578900001</misses>
				<total>0</total>
				<timestamp>3654.146618</timestamp>
			</report>
			<report>
				<misses>579000001</misses>
				<total>0</total>
				<timestamp>3654.774353</timestamp>
			</report>
			<report>
				<misses>579100001</misses>
				<total>0</total>
				<timestamp>3655.396607</timestamp>
			</report>
			<report>
				<misses>579200001</misses>
				<total>0</total>
				<timestamp>3656.021145</timestamp>
			</report>
			<report>
				<misses>579300001</misses>
				<total>0</total>
				<timestamp>3656.658354</timestamp>
			</report>
			<report>
				<misses>579400001</misses>
				<total>0</total>
				<timestamp>3657.289046</timestamp>
			</report>
			<report>
				<misses>579500001</misses>
				<total>0</total>
				<timestamp>3657.917060</timestamp>
			</report>
			<report>
				<misses>579600001</misses>
				<total>0</total>
				<timestamp>3658.562191</timestamp>
			</report>
			<report>
				<misses>579700001</misses>
				<total>0</total>
				<timestamp>3659.200949</timestamp>
			</report>
			<report>
				<misses>579800001</misses>
				<total>0</total>
				<timestamp>3659.823635</timestamp>
			</report>
			<report>
				<misses>579900001</misses>
				<total>0</total>
				<timestamp>3660.448021</timestamp>
			</report>
			<report>
				<misses>580000001</misses>
				<total>0</total>
				<timestamp>3661.075501</timestamp>
			</report>
			<report>
				<misses>580100001</misses>
				<total>0</total>
				<timestamp>3661.698789</timestamp>
			</report>
			<report>
				<misses>580200001</misses>
				<total>0</total>
				<timestamp>3662.332270</timestamp>
			</report>
			<report>
				<misses>580300001</misses>
				<total>0</total>
				<timestamp>3662.965533</timestamp>
			</report>
			<report>
				<misses>580400001</misses>
				<total>0</total>
				<timestamp>3663.591894</timestamp>
			</report>
			<report>
				<misses>580500001</misses>
				<total>0</total>
				<timestamp>3664.216003</timestamp>
			</report>
			<report>
				<misses>580600001</misses>
				<total>0</total>
				<timestamp>3664.843613</timestamp>
			</report>
			<report>
				<misses>580700001</misses>
				<total>0</total>
				<timestamp>3665.476838</timestamp>
			</report>
			<report>
				<misses>580800001</misses>
				<total>0</total>
				<timestamp>3666.105751</timestamp>
			</report>
			<report>
				<misses>580900001</misses>
				<total>0</total>
				<timestamp>3666.732212</timestamp>
			</report>
			<report>
				<misses>581000001</misses>
				<total>0</total>
				<timestamp>3667.367898</timestamp>
			</report>
			<report>
				<misses>581100001</misses>
				<total>0</total>
				<timestamp>3667.994244</timestamp>
			</report>
			<report>
				<misses>581200001</misses>
				<total>0</total>
				<timestamp>3668.632271</timestamp>
			</report>
			<report>
				<misses>581300001</misses>
				<total>0</total>
				<timestamp>3669.259359</timestamp>
			</report>
			<report>
				<misses>581400001</misses>
				<total>0</total>
				<timestamp>3669.899598</timestamp>
			</report>
			<report>
				<misses>581500001</misses>
				<total>0</total>
				<timestamp>3670.537245</timestamp>
			</report>
			<report>
				<misses>581600001</misses>
				<total>0</total>
				<timestamp>3671.159670</timestamp>
			</report>
			<report>
				<misses>581700001</misses>
				<total>0</total>
				<timestamp>3671.794830</timestamp>
			</report>
			<report>
				<misses>581800001</misses>
				<total>0</total>
				<timestamp>3672.419643</timestamp>
			</report>
			<report>
				<misses>581900001</misses>
				<total>0</total>
				<timestamp>3673.047109</timestamp>
			</report>
			<report>
				<misses>582000001</misses>
				<total>0</total>
				<timestamp>3673.674344</timestamp>
			</report>
			<report>
				<misses>582100001</misses>
				<total>0</total>
				<timestamp>3674.305234</timestamp>
			</report>
			<report>
				<misses>582200001</misses>
				<total>0</total>
				<timestamp>3674.940545</timestamp>
			</report>
			<report>
				<misses>582300001</misses>
				<total>0</total>
				<timestamp>3675.574769</timestamp>
			</report>
			<report>
				<misses>582400001</misses>
				<total>0</total>
				<timestamp>3676.213173</timestamp>
			</report>
			<report>
				<misses>582500001</misses>
				<total>0</total>
				<timestamp>3676.843871</timestamp>
			</report>
			<report>
				<misses>582600001</misses>
				<total>0</total>
				<timestamp>3677.479378</timestamp>
			</report>
			<report>
				<misses>582700001</misses>
				<total>0</total>
				<timestamp>3678.109835</timestamp>
			</report>
			<report>
				<misses>582800001</misses>
				<total>0</total>
				<timestamp>3678.740343</timestamp>
			</report>
			<report>
				<misses>582900001</misses>
				<total>0</total>
				<timestamp>3679.368255</timestamp>
			</report>
			<report>
				<misses>583000001</misses>
				<total>0</total>
				<timestamp>3679.997128</timestamp>
			</report>
			<report>
				<misses>583100001</misses>
				<total>0</total>
				<timestamp>3680.625729</timestamp>
			</report>
			<report>
				<misses>583200001</misses>
				<total>0</total>
				<timestamp>3681.254736</timestamp>
			</report>
			<report>
				<misses>583300001</misses>
				<total>0</total>
				<timestamp>3681.882987</timestamp>
			</report>
			<report>
				<misses>583400001</misses>
				<total>0</total>
				<timestamp>3682.513289</timestamp>
			</report>
			<report>
				<misses>583500001</misses>
				<total>0</total>
				<timestamp>3683.142473</timestamp>
			</report>
			<report>
				<misses>583600001</misses>
				<total>0</total>
				<timestamp>3683.770446</timestamp>
			</report>
			<report>
				<misses>583700001</misses>
				<total>0</total>
				<timestamp>3684.398056</timestamp>
			</report>
			<report>
				<misses>583800001</misses>
				<total>0</total>
				<timestamp>3685.025309</timestamp>
			</report>
			<report>
				<misses>583900001</misses>
				<total>0</total>
				<timestamp>3685.649880</timestamp>
			</report>
			<report>
				<misses>584000001</misses>
				<total>0</total>
				<timestamp>3686.277047</timestamp>
			</report>
			<report>
				<misses>584100001</misses>
				<total>0</total>
				<timestamp>3686.908100</timestamp>
			</report>
			<report>
				<misses>584200001</misses>
				<total>0</total>
				<timestamp>3687.537143</timestamp>
			</report>
			<report>
				<misses>584300001</misses>
				<total>0</total>
				<timestamp>3688.174746</timestamp>
			</report>
			<report>
				<misses>584400001</misses>
				<total>0</total>
				<timestamp>3688.807714</timestamp>
			</report>
			<report>
				<misses>584500001</misses>
				<total>0</total>
				<timestamp>3689.438165</timestamp>
			</report>
			<report>
				<misses>584600001</misses>
				<total>0</total>
				<timestamp>3690.071652</timestamp>
			</report>
			<report>
				<misses>584700001</misses>
				<total>0</total>
				<timestamp>3690.699091</timestamp>
			</report>
			<report>
				<misses>584800001</misses>
				<total>0</total>
				<timestamp>3691.331465</timestamp>
			</report>
			<report>
				<misses>584900001</misses>
				<total>0</total>
				<timestamp>3691.966922</timestamp>
			</report>
			<report>
				<misses>585000001</misses>
				<total>0</total>
				<timestamp>3692.594600</timestamp>
			</report>
			<report>
				<misses>585100001</misses>
				<total>0</total>
				<timestamp>3693.224018</timestamp>
			</report>
			<report>
				<misses>585200001</misses>
				<total>0</total>
				<timestamp>3693.860397</timestamp>
			</report>
			<report>
				<misses>585300001</misses>
				<total>0</total>
				<timestamp>3694.491363</timestamp>
			</report>
			<report>
				<misses>585400001</misses>
				<total>0</total>
				<timestamp>3695.123551</timestamp>
			</report>
			<report>
				<misses>585500001</misses>
				<total>0</total>
				<timestamp>3695.751214</timestamp>
			</report>
			<report>
				<misses>585600001</misses>
				<total>0</total>
				<timestamp>3696.376753</timestamp>
			</report>
			<report>
				<misses>585700001</misses>
				<total>0</total>
				<timestamp>3697.007296</timestamp>
			</report>
			<report>
				<misses>585800001</misses>
				<total>0</total>
				<timestamp>3697.639714</timestamp>
			</report>
			<report>
				<misses>585900001</misses>
				<total>0</total>
				<timestamp>3698.268164</timestamp>
			</report>
			<report>
				<misses>586000001</misses>
				<total>0</total>
				<timestamp>3698.894010</timestamp>
			</report>
			<report>
				<misses>586100001</misses>
				<total>0</total>
				<timestamp>3699.529465</timestamp>
			</report>
			<report>
				<misses>586200001</misses>
				<total>0</total>
				<timestamp>3700.174900</timestamp>
			</report>
			<report>
				<misses>586300001</misses>
				<total>0</total>
				<timestamp>3700.800740</timestamp>
			</report>
			<report>
				<misses>586400001</misses>
				<total>0</total>
				<timestamp>3701.425801</timestamp>
			</report>
			<report>
				<misses>586500001</misses>
				<total>0</total>
				<timestamp>3702.056129</timestamp>
			</report>
			<report>
				<misses>586600001</misses>
				<total>0</total>
				<timestamp>3702.684383</timestamp>
			</report>
			<report>
				<misses>586700001</misses>
				<total>0</total>
				<timestamp>3703.314661</timestamp>
			</report>
			<report>
				<misses>586800001</misses>
				<total>0</total>
				<timestamp>3703.937734</timestamp>
			</report>
			<report>
				<misses>586900001</misses>
				<total>0</total>
				<timestamp>3704.565716</timestamp>
			</report>
			<report>
				<misses>587000001</misses>
				<total>0</total>
				<timestamp>3705.193981</timestamp>
			</report>
			<report>
				<misses>587100001</misses>
				<total>0</total>
				<timestamp>3705.820829</timestamp>
			</report>
			<report>
				<misses>587200001</misses>
				<total>0</total>
				<timestamp>3706.453571</timestamp>
			</report>
			<report>
				<misses>587300001</misses>
				<total>0</total>
				<timestamp>3707.080291</timestamp>
			</report>
			<report>
				<misses>587400001</misses>
				<total>0</total>
				<timestamp>3707.707945</timestamp>
			</report>
			<report>
				<misses>587500001</misses>
				<total>0</total>
				<timestamp>3708.337303</timestamp>
			</report>
			<report>
				<misses>587600001</misses>
				<total>0</total>
				<timestamp>3708.963835</timestamp>
			</report>
			<report>
				<misses>587700001</misses>
				<total>0</total>
				<timestamp>3709.595548</timestamp>
			</report>
			<report>
				<misses>587800001</misses>
				<total>0</total>
				<timestamp>3710.221726</timestamp>
			</report>
			<report>
				<misses>587900001</misses>
				<total>0</total>
				<timestamp>3710.852390</timestamp>
			</report>
			<report>
				<misses>588000001</misses>
				<total>0</total>
				<timestamp>3711.486849</timestamp>
			</report>
			<report>
				<misses>588100001</misses>
				<total>0</total>
				<timestamp>3712.118013</timestamp>
			</report>
			<report>
				<misses>588200001</misses>
				<total>0</total>
				<timestamp>3712.745390</timestamp>
			</report>
			<report>
				<misses>588300001</misses>
				<total>0</total>
				<timestamp>3713.372361</timestamp>
			</report>
			<report>
				<misses>588400001</misses>
				<total>0</total>
				<timestamp>3713.998685</timestamp>
			</report>
			<report>
				<misses>588500001</misses>
				<total>0</total>
				<timestamp>3714.623352</timestamp>
			</report>
			<report>
				<misses>588600001</misses>
				<total>0</total>
				<timestamp>3715.251193</timestamp>
			</report>
			<report>
				<misses>588700001</misses>
				<total>0</total>
				<timestamp>3715.879438</timestamp>
			</report>
			<report>
				<misses>588800001</misses>
				<total>0</total>
				<timestamp>3716.513134</timestamp>
			</report>
			<report>
				<misses>588900001</misses>
				<total>0</total>
				<timestamp>3717.145435</timestamp>
			</report>
			<report>
				<misses>589000001</misses>
				<total>0</total>
				<timestamp>3717.772118</timestamp>
			</report>
			<report>
				<misses>589100001</misses>
				<total>0</total>
				<timestamp>3718.397960</timestamp>
			</report>
			<report>
				<misses>589200001</misses>
				<total>0</total>
				<timestamp>3719.024206</timestamp>
			</report>
			<report>
				<misses>589300001</misses>
				<total>0</total>
				<timestamp>3719.652071</timestamp>
			</report>
			<report>
				<misses>589400001</misses>
				<total>0</total>
				<timestamp>3720.279317</timestamp>
			</report>
			<report>
				<misses>589500001</misses>
				<total>0</total>
				<timestamp>3720.911809</timestamp>
			</report>
			<report>
				<misses>589600001</misses>
				<total>0</total>
				<timestamp>3721.539574</timestamp>
			</report>
			<report>
				<misses>589700001</misses>
				<total>0</total>
				<timestamp>3722.168552</timestamp>
			</report>
			<report>
				<misses>589800001</misses>
				<total>0</total>
				<timestamp>3722.799183</timestamp>
			</report>
			<report>
				<misses>589900001</misses>
				<total>0</total>
				<timestamp>3723.428055</timestamp>
			</report>
			<report>
				<misses>590000001</misses>
				<total>0</total>
				<timestamp>3724.058348</timestamp>
			</report>
			<report>
				<misses>590100001</misses>
				<total>0</total>
				<timestamp>3724.689125</timestamp>
			</report>
			<report>
				<misses>590200001</misses>
				<total>0</total>
				<timestamp>3725.324423</timestamp>
			</report>
			<report>
				<misses>590300001</misses>
				<total>0</total>
				<timestamp>3725.964100</timestamp>
			</report>
			<report>
				<misses>590400001</misses>
				<total>0</total>
				<timestamp>3726.591271</timestamp>
			</report>
			<report>
				<misses>590500001</misses>
				<total>0</total>
				<timestamp>3727.232956</timestamp>
			</report>
			<report>
				<misses>590600001</misses>
				<total>0</total>
				<timestamp>3727.871351</timestamp>
			</report>
			<report>
				<misses>590700001</misses>
				<total>0</total>
				<timestamp>3728.501076</timestamp>
			</report>
			<report>
				<misses>590800001</misses>
				<total>0</total>
				<timestamp>3729.130980</timestamp>
			</report>
			<report>
				<misses>590900001</misses>
				<total>0</total>
				<timestamp>3729.776142</timestamp>
			</report>
			<report>
				<misses>591000001</misses>
				<total>0</total>
				<timestamp>3730.407012</timestamp>
			</report>
			<report>
				<misses>591100001</misses>
				<total>0</total>
				<timestamp>3731.030984</timestamp>
			</report>
			<report>
				<misses>591200001</misses>
				<total>0</total>
				<timestamp>3731.660007</timestamp>
			</report>
			<report>
				<misses>591300001</misses>
				<total>0</total>
				<timestamp>3732.295894</timestamp>
			</report>
			<report>
				<misses>591400001</misses>
				<total>0</total>
				<timestamp>3732.926342</timestamp>
			</report>
			<report>
				<misses>591500001</misses>
				<total>0</total>
				<timestamp>3733.560229</timestamp>
			</report>
			<report>
				<misses>591600001</misses>
				<total>0</total>
				<timestamp>3734.197824</timestamp>
			</report>
			<report>
				<misses>591700001</misses>
				<total>0</total>
				<timestamp>3734.826920</timestamp>
			</report>
			<report>
				<misses>591800001</misses>
				<total>0</total>
				<timestamp>3735.468525</timestamp>
			</report>
			<report>
				<misses>591900001</misses>
				<total>0</total>
				<timestamp>3736.098832</timestamp>
			</report>
			<report>
				<misses>592000001</misses>
				<total>0</total>
				<timestamp>3736.725686</timestamp>
			</report>
			<report>
				<misses>592100001</misses>
				<total>0</total>
				<timestamp>3737.382885</timestamp>
			</report>
			<report>
				<misses>592200001</misses>
				<total>0</total>
				<timestamp>3738.015138</timestamp>
			</report>
			<report>
				<misses>592300001</misses>
				<total>0</total>
				<timestamp>3738.658018</timestamp>
			</report>
			<report>
				<misses>592400001</misses>
				<total>0</total>
				<timestamp>3739.284856</timestamp>
			</report>
			<report>
				<misses>592500001</misses>
				<total>0</total>
				<timestamp>3739.907272</timestamp>
			</report>
			<report>
				<misses>592600001</misses>
				<total>0</total>
				<timestamp>3740.535032</timestamp>
			</report>
			<report>
				<misses>592700001</misses>
				<total>0</total>
				<timestamp>3741.166958</timestamp>
			</report>
			<report>
				<misses>592800001</misses>
				<total>0</total>
				<timestamp>3741.793689</timestamp>
			</report>
			<report>
				<misses>592900001</misses>
				<total>0</total>
				<timestamp>3742.420743</timestamp>
			</report>
			<report>
				<misses>593000001</misses>
				<total>0</total>
				<timestamp>3743.046893</timestamp>
			</report>
			<report>
				<misses>593100001</misses>
				<total>0</total>
				<timestamp>3743.673964</timestamp>
			</report>
			<report>
				<misses>593200001</misses>
				<total>0</total>
				<timestamp>3744.303198</timestamp>
			</report>
			<report>
				<misses>593300001</misses>
				<total>0</total>
				<timestamp>3744.939998</timestamp>
			</report>
			<report>
				<misses>593400001</misses>
				<total>0</total>
				<timestamp>3745.579636</timestamp>
			</report>
			<report>
				<misses>593500001</misses>
				<total>0</total>
				<timestamp>3746.213175</timestamp>
			</report>
			<report>
				<misses>593600001</misses>
				<total>0</total>
				<timestamp>3746.843554</timestamp>
			</report>
			<report>
				<misses>593700001</misses>
				<total>0</total>
				<timestamp>3747.474726</timestamp>
			</report>
			<report>
				<misses>593800001</misses>
				<total>0</total>
				<timestamp>3748.105875</timestamp>
			</report>
			<report>
				<misses>593900001</misses>
				<total>0</total>
				<timestamp>3748.733678</timestamp>
			</report>
			<report>
				<misses>594000001</misses>
				<total>0</total>
				<timestamp>3749.366666</timestamp>
			</report>
			<report>
				<misses>594100001</misses>
				<total>0</total>
				<timestamp>3749.998646</timestamp>
			</report>
			<report>
				<misses>594200001</misses>
				<total>0</total>
				<timestamp>3750.630971</timestamp>
			</report>
			<report>
				<misses>594300001</misses>
				<total>0</total>
				<timestamp>3751.256988</timestamp>
			</report>
			<report>
				<misses>594400001</misses>
				<total>0</total>
				<timestamp>3751.884148</timestamp>
			</report>
			<report>
				<misses>594500001</misses>
				<total>0</total>
				<timestamp>3752.513638</timestamp>
			</report>
			<report>
				<misses>594600001</misses>
				<total>0</total>
				<timestamp>3753.140315</timestamp>
			</report>
			<report>
				<misses>594700001</misses>
				<total>0</total>
				<timestamp>3753.767766</timestamp>
			</report>
			<report>
				<misses>594800001</misses>
				<total>0</total>
				<timestamp>3754.396225</timestamp>
			</report>
			<report>
				<misses>594900001</misses>
				<total>0</total>
				<timestamp>3755.022760</timestamp>
			</report>
			<report>
				<misses>595000001</misses>
				<total>0</total>
				<timestamp>3755.650243</timestamp>
			</report>
			<report>
				<misses>595100001</misses>
				<total>0</total>
				<timestamp>3756.279396</timestamp>
			</report>
			<report>
				<misses>595200001</misses>
				<total>0</total>
				<timestamp>3756.913108</timestamp>
			</report>
			<report>
				<misses>595300001</misses>
				<total>0</total>
				<timestamp>3757.542070</timestamp>
			</report>
			<report>
				<misses>595400001</misses>
				<total>0</total>
				<timestamp>3758.174827</timestamp>
			</report>
			<report>
				<misses>595500001</misses>
				<total>0</total>
				<timestamp>3758.800762</timestamp>
			</report>
			<report>
				<misses>595600001</misses>
				<total>0</total>
				<timestamp>3759.427730</timestamp>
			</report>
			<report>
				<misses>595700001</misses>
				<total>0</total>
				<timestamp>3760.062879</timestamp>
			</report>
			<report>
				<misses>595800001</misses>
				<total>0</total>
				<timestamp>3760.689298</timestamp>
			</report>
			<report>
				<misses>595900001</misses>
				<total>0</total>
				<timestamp>3761.316554</timestamp>
			</report>
			<report>
				<misses>596000001</misses>
				<total>0</total>
				<timestamp>3761.945763</timestamp>
			</report>
			<report>
				<misses>596100001</misses>
				<total>0</total>
				<timestamp>3762.577516</timestamp>
			</report>
			<report>
				<misses>596200001</misses>
				<total>0</total>
				<timestamp>3763.214384</timestamp>
			</report>
			<report>
				<misses>596300001</misses>
				<total>0</total>
				<timestamp>3763.842498</timestamp>
			</report>
			<report>
				<misses>596400001</misses>
				<total>0</total>
				<timestamp>3764.470962</timestamp>
			</report>
			<report>
				<misses>596500001</misses>
				<total>0</total>
				<timestamp>3765.098743</timestamp>
			</report>
			<report>
				<misses>596600001</misses>
				<total>0</total>
				<timestamp>3765.729388</timestamp>
			</report>
			<report>
				<misses>596700001</misses>
				<total>0</total>
				<timestamp>3766.357057</timestamp>
			</report>
			<report>
				<misses>596800001</misses>
				<total>0</total>
				<timestamp>3766.980820</timestamp>
			</report>
			<report>
				<misses>596900001</misses>
				<total>0</total>
				<timestamp>3767.620357</timestamp>
			</report>
			<report>
				<misses>597000001</misses>
				<total>0</total>
				<timestamp>3768.248333</timestamp>
			</report>
			<report>
				<misses>597100001</misses>
				<total>0</total>
				<timestamp>3768.876728</timestamp>
			</report>
			<report>
				<misses>597200001</misses>
				<total>0</total>
				<timestamp>3769.503061</timestamp>
			</report>
			<report>
				<misses>597300001</misses>
				<total>0</total>
				<timestamp>3770.132418</timestamp>
			</report>
			<report>
				<misses>597400001</misses>
				<total>0</total>
				<timestamp>3770.760355</timestamp>
			</report>
			<report>
				<misses>597500001</misses>
				<total>0</total>
				<timestamp>3771.396301</timestamp>
			</report>
			<report>
				<misses>597600001</misses>
				<total>0</total>
				<timestamp>3772.021006</timestamp>
			</report>
			<report>
				<misses>597700001</misses>
				<total>0</total>
				<timestamp>3772.661064</timestamp>
			</report>
			<report>
				<misses>597800001</misses>
				<total>0</total>
				<timestamp>3773.304649</timestamp>
			</report>
			<report>
				<misses>597900001</misses>
				<total>0</total>
				<timestamp>3773.933532</timestamp>
			</report>
			<report>
				<misses>598000001</misses>
				<total>0</total>
				<timestamp>3774.562544</timestamp>
			</report>
			<report>
				<misses>598100001</misses>
				<total>0</total>
				<timestamp>3775.188041</timestamp>
			</report>
			<report>
				<misses>598200001</misses>
				<total>0</total>
				<timestamp>3775.814506</timestamp>
			</report>
			<report>
				<misses>598300001</misses>
				<total>0</total>
				<timestamp>3776.449457</timestamp>
			</report>
			<report>
				<misses>598400001</misses>
				<total>0</total>
				<timestamp>3777.083112</timestamp>
			</report>
			<report>
				<misses>598500001</misses>
				<total>0</total>
				<timestamp>3777.708135</timestamp>
			</report>
			<report>
				<misses>598600001</misses>
				<total>0</total>
				<timestamp>3778.342340</timestamp>
			</report>
			<report>
				<misses>598700001</misses>
				<total>0</total>
				<timestamp>3778.973417</timestamp>
			</report>
			<report>
				<misses>598800001</misses>
				<total>0</total>
				<timestamp>3779.609410</timestamp>
			</report>
			<report>
				<misses>598900001</misses>
				<total>0</total>
				<timestamp>3780.235840</timestamp>
			</report>
			<report>
				<misses>599000001</misses>
				<total>0</total>
				<timestamp>3780.865820</timestamp>
			</report>
			<report>
				<misses>599100001</misses>
				<total>0</total>
				<timestamp>3781.495095</timestamp>
			</report>
			<report>
				<misses>599200001</misses>
				<total>0</total>
				<timestamp>3782.132792</timestamp>
			</report>
			<report>
				<misses>599300001</misses>
				<total>0</total>
				<timestamp>3782.759666</timestamp>
			</report>
			<report>
				<misses>599400001</misses>
				<total>0</total>
				<timestamp>3783.391651</timestamp>
			</report>
			<report>
				<misses>599500001</misses>
				<total>0</total>
				<timestamp>3784.019775</timestamp>
			</report>
			<report>
				<misses>599600001</misses>
				<total>0</total>
				<timestamp>3784.661330</timestamp>
			</report>
			<report>
				<misses>599700001</misses>
				<total>0</total>
				<timestamp>3785.289320</timestamp>
			</report>
			<report>
				<misses>599800001</misses>
				<total>0</total>
				<timestamp>3785.916572</timestamp>
			</report>
			<report>
				<misses>599900001</misses>
				<total>0</total>
				<timestamp>3786.543136</timestamp>
			</report>
			<report>
				<misses>600000001</misses>
				<total>0</total>
				<timestamp>3787.169436</timestamp>
			</report>
			<report>
				<misses>600100001</misses>
				<total>0</total>
				<timestamp>3787.799429</timestamp>
			</report>
			<report>
				<misses>600200001</misses>
				<total>0</total>
				<timestamp>3788.429493</timestamp>
			</report>
			<report>
				<misses>600300001</misses>
				<total>0</total>
				<timestamp>3789.055827</timestamp>
			</report>
			<report>
				<misses>600400001</misses>
				<total>0</total>
				<timestamp>3789.682222</timestamp>
			</report>
			<report>
				<misses>600500001</misses>
				<total>0</total>
				<timestamp>3790.308882</timestamp>
			</report>
			<report>
				<misses>600600001</misses>
				<total>0</total>
				<timestamp>3790.937784</timestamp>
			</report>
			<report>
				<misses>600700001</misses>
				<total>0</total>
				<timestamp>3791.564921</timestamp>
			</report>
			<report>
				<misses>600800001</misses>
				<total>0</total>
				<timestamp>3792.190886</timestamp>
			</report>
			<report>
				<misses>600900001</misses>
				<total>0</total>
				<timestamp>3792.822697</timestamp>
			</report>
			<report>
				<misses>601000001</misses>
				<total>0</total>
				<timestamp>3793.455273</timestamp>
			</report>
			<report>
				<misses>601100001</misses>
				<total>0</total>
				<timestamp>3794.084738</timestamp>
			</report>
			<report>
				<misses>601200001</misses>
				<total>0</total>
				<timestamp>3794.718882</timestamp>
			</report>
			<report>
				<misses>601300001</misses>
				<total>0</total>
				<timestamp>3795.354326</timestamp>
			</report>
			<report>
				<misses>601400001</misses>
				<total>0</total>
				<timestamp>3795.983460</timestamp>
			</report>
			<report>
				<misses>601500001</misses>
				<total>0</total>
				<timestamp>3796.613433</timestamp>
			</report>
			<report>
				<misses>601600001</misses>
				<total>0</total>
				<timestamp>3797.239322</timestamp>
			</report>
			<report>
				<misses>601700001</misses>
				<total>0</total>
				<timestamp>3797.866276</timestamp>
			</report>
			<report>
				<misses>601800001</misses>
				<total>0</total>
				<timestamp>3798.499013</timestamp>
			</report>
			<report>
				<misses>601900001</misses>
				<total>0</total>
				<timestamp>3799.122579</timestamp>
			</report>
			<report>
				<misses>602000001</misses>
				<total>0</total>
				<timestamp>3799.749146</timestamp>
			</report>
			<report>
				<misses>602100001</misses>
				<total>0</total>
				<timestamp>3800.374440</timestamp>
			</report>
			<report>
				<misses>602200001</misses>
				<total>0</total>
				<timestamp>3801.004406</timestamp>
			</report>
			<report>
				<misses>602300001</misses>
				<total>0</total>
				<timestamp>3801.635897</timestamp>
			</report>
			<report>
				<misses>602400001</misses>
				<total>0</total>
				<timestamp>3802.265521</timestamp>
			</report>
			<report>
				<misses>602500001</misses>
				<total>0</total>
				<timestamp>3802.894823</timestamp>
			</report>
			<report>
				<misses>602600001</misses>
				<total>0</total>
				<timestamp>3803.523637</timestamp>
			</report>
			<report>
				<misses>602700001</misses>
				<total>0</total>
				<timestamp>3804.152050</timestamp>
			</report>
			<report>
				<misses>602800001</misses>
				<total>0</total>
				<timestamp>3804.812236</timestamp>
			</report>
			<report>
				<misses>602900001</misses>
				<total>0</total>
				<timestamp>3805.442727</timestamp>
			</report>
			<report>
				<misses>603000001</misses>
				<total>0</total>
				<timestamp>3806.086436</timestamp>
			</report>
			<report>
				<misses>603100001</misses>
				<total>0</total>
				<timestamp>3806.719978</timestamp>
			</report>
			<report>
				<misses>603200001</misses>
				<total>0</total>
				<timestamp>3807.350900</timestamp>
			</report>
			<report>
				<misses>603300001</misses>
				<total>0</total>
				<timestamp>3807.980073</timestamp>
			</report>
			<report>
				<misses>603400001</misses>
				<total>0</total>
				<timestamp>3808.614858</timestamp>
			</report>
			<report>
				<misses>603500001</misses>
				<total>0</total>
				<timestamp>3809.243238</timestamp>
			</report>
			<report>
				<misses>603600001</misses>
				<total>0</total>
				<timestamp>3809.872304</timestamp>
			</report>
			<report>
				<misses>603700001</misses>
				<total>0</total>
				<timestamp>3810.502224</timestamp>
			</report>
			<report>
				<misses>603800001</misses>
				<total>0</total>
				<timestamp>3811.127689</timestamp>
			</report>
			<report>
				<misses>603900001</misses>
				<total>0</total>
				<timestamp>3811.753028</timestamp>
			</report>
			<report>
				<misses>604000001</misses>
				<total>0</total>
				<timestamp>3812.382759</timestamp>
			</report>
			<report>
				<misses>604100001</misses>
				<total>0</total>
				<timestamp>3813.012967</timestamp>
			</report>
			<report>
				<misses>604200001</misses>
				<total>0</total>
				<timestamp>3813.641243</timestamp>
			</report>
			<report>
				<misses>604300001</misses>
				<total>0</total>
				<timestamp>3814.273650</timestamp>
			</report>
			<report>
				<misses>604400001</misses>
				<total>0</total>
				<timestamp>3814.905122</timestamp>
			</report>
			<report>
				<misses>604500001</misses>
				<total>0</total>
				<timestamp>3815.537045</timestamp>
			</report>
			<report>
				<misses>604600001</misses>
				<total>0</total>
				<timestamp>3816.168117</timestamp>
			</report>
			<report>
				<misses>604700001</misses>
				<total>0</total>
				<timestamp>3816.801033</timestamp>
			</report>
			<report>
				<misses>604800001</misses>
				<total>0</total>
				<timestamp>3817.428751</timestamp>
			</report>
			<report>
				<misses>604900001</misses>
				<total>0</total>
				<timestamp>3818.054735</timestamp>
			</report>
			<report>
				<misses>605000001</misses>
				<total>0</total>
				<timestamp>3818.683295</timestamp>
			</report>
			<report>
				<misses>605100001</misses>
				<total>0</total>
				<timestamp>3819.312789</timestamp>
			</report>
			<report>
				<misses>605200001</misses>
				<total>0</total>
				<timestamp>3819.945645</timestamp>
			</report>
			<report>
				<misses>605300001</misses>
				<total>0</total>
				<timestamp>3820.574347</timestamp>
			</report>
			<report>
				<misses>605400001</misses>
				<total>0</total>
				<timestamp>3821.206493</timestamp>
			</report>
			<report>
				<misses>605500001</misses>
				<total>0</total>
				<timestamp>3821.835181</timestamp>
			</report>
			<report>
				<misses>605600001</misses>
				<total>0</total>
				<timestamp>3822.462828</timestamp>
			</report>
			<report>
				<misses>605700001</misses>
				<total>0</total>
				<timestamp>3823.091143</timestamp>
			</report>
			<report>
				<misses>605800001</misses>
				<total>0</total>
				<timestamp>3823.719147</timestamp>
			</report>
			<report>
				<misses>605900001</misses>
				<total>0</total>
				<timestamp>3824.346446</timestamp>
			</report>
			<report>
				<misses>606000001</misses>
				<total>0</total>
				<timestamp>3824.975604</timestamp>
			</report>
			<report>
				<misses>606100001</misses>
				<total>0</total>
				<timestamp>3825.607682</timestamp>
			</report>
			<report>
				<misses>606200001</misses>
				<total>0</total>
				<timestamp>3826.236891</timestamp>
			</report>
			<report>
				<misses>606300001</misses>
				<total>0</total>
				<timestamp>3826.866827</timestamp>
			</report>
			<report>
				<misses>606400001</misses>
				<total>0</total>
				<timestamp>3827.494172</timestamp>
			</report>
			<report>
				<misses>606500001</misses>
				<total>0</total>
				<timestamp>3828.123711</timestamp>
			</report>
			<report>
				<misses>606600001</misses>
				<total>0</total>
				<timestamp>3828.755838</timestamp>
			</report>
			<report>
				<misses>606700001</misses>
				<total>0</total>
				<timestamp>3829.389312</timestamp>
			</report>
			<report>
				<misses>606800001</misses>
				<total>0</total>
				<timestamp>3830.016935</timestamp>
			</report>
			<report>
				<misses>606900001</misses>
				<total>0</total>
				<timestamp>3830.661250</timestamp>
			</report>
			<report>
				<misses>607000001</misses>
				<total>0</total>
				<timestamp>3831.289612</timestamp>
			</report>
			<report>
				<misses>607100001</misses>
				<total>0</total>
				<timestamp>3831.918881</timestamp>
			</report>
			<report>
				<misses>607200001</misses>
				<total>0</total>
				<timestamp>3832.554023</timestamp>
			</report>
			<report>
				<misses>607300001</misses>
				<total>0</total>
				<timestamp>3833.182190</timestamp>
			</report>
			<report>
				<misses>607400001</misses>
				<total>0</total>
				<timestamp>3833.813393</timestamp>
			</report>
			<report>
				<misses>607500001</misses>
				<total>0</total>
				<timestamp>3834.438336</timestamp>
			</report>
			<report>
				<misses>607600001</misses>
				<total>0</total>
				<timestamp>3835.067925</timestamp>
			</report>
			<report>
				<misses>607700001</misses>
				<total>0</total>
				<timestamp>3835.695844</timestamp>
			</report>
			<report>
				<misses>607800001</misses>
				<total>0</total>
				<timestamp>3836.322404</timestamp>
			</report>
			<report>
				<misses>607900001</misses>
				<total>0</total>
				<timestamp>3836.958774</timestamp>
			</report>
			<report>
				<misses>608000001</misses>
				<total>0</total>
				<timestamp>3837.599563</timestamp>
			</report>
			<report>
				<misses>608100001</misses>
				<total>0</total>
				<timestamp>3838.227395</timestamp>
			</report>
			<report>
				<misses>608200001</misses>
				<total>0</total>
				<timestamp>3838.855720</timestamp>
			</report>
			<report>
				<misses>608300001</misses>
				<total>0</total>
				<timestamp>3839.486281</timestamp>
			</report>
			<report>
				<misses>608400001</misses>
				<total>0</total>
				<timestamp>3840.115542</timestamp>
			</report>
			<report>
				<misses>608500001</misses>
				<total>0</total>
				<timestamp>3840.744595</timestamp>
			</report>
			<report>
				<misses>608600001</misses>
				<total>0</total>
				<timestamp>3841.378905</timestamp>
			</report>
			<report>
				<misses>608700001</misses>
				<total>0</total>
				<timestamp>3842.013904</timestamp>
			</report>
			<report>
				<misses>608800001</misses>
				<total>0</total>
				<timestamp>3842.644202</timestamp>
			</report>
			<report>
				<misses>608900001</misses>
				<total>0</total>
				<timestamp>3843.269328</timestamp>
			</report>
			<report>
				<misses>609000001</misses>
				<total>0</total>
				<timestamp>3843.900669</timestamp>
			</report>
			<report>
				<misses>609100001</misses>
				<total>0</total>
				<timestamp>3844.530479</timestamp>
			</report>
			<report>
				<misses>609200001</misses>
				<total>0</total>
				<timestamp>3845.162132</timestamp>
			</report>
			<report>
				<misses>609300001</misses>
				<total>0</total>
				<timestamp>3845.792318</timestamp>
			</report>
			<report>
				<misses>609400001</misses>
				<total>0</total>
				<timestamp>3846.434086</timestamp>
			</report>
			<report>
				<misses>609500001</misses>
				<total>0</total>
				<timestamp>3847.067353</timestamp>
			</report>
			<report>
				<misses>609600001</misses>
				<total>0</total>
				<timestamp>3847.714323</timestamp>
			</report>
			<report>
				<misses>609700001</misses>
				<total>0</total>
				<timestamp>3848.342722</timestamp>
			</report>
			<report>
				<misses>609800001</misses>
				<total>0</total>
				<timestamp>3848.967993</timestamp>
			</report>
			<report>
				<misses>609900001</misses>
				<total>0</total>
				<timestamp>3849.600271</timestamp>
			</report>
			<report>
				<misses>610000001</misses>
				<total>0</total>
				<timestamp>3850.232078</timestamp>
			</report>
			<report>
				<misses>610100001</misses>
				<total>0</total>
				<timestamp>3850.864015</timestamp>
			</report>
			<report>
				<misses>610200001</misses>
				<total>0</total>
				<timestamp>3851.496575</timestamp>
			</report>
			<report>
				<misses>610300001</misses>
				<total>0</total>
				<timestamp>3852.126226</timestamp>
			</report>
			<report>
				<misses>610400001</misses>
				<total>0</total>
				<timestamp>3852.759085</timestamp>
			</report>
			<report>
				<misses>610500001</misses>
				<total>0</total>
				<timestamp>3853.389676</timestamp>
			</report>
			<report>
				<misses>610600001</misses>
				<total>0</total>
				<timestamp>3854.022921</timestamp>
			</report>
			<report>
				<misses>610700001</misses>
				<total>0</total>
				<timestamp>3854.656118</timestamp>
			</report>
			<report>
				<misses>610800001</misses>
				<total>0</total>
				<timestamp>3855.290755</timestamp>
			</report>
			<report>
				<misses>610900001</misses>
				<total>0</total>
				<timestamp>3855.919512</timestamp>
			</report>
			<report>
				<misses>611000001</misses>
				<total>0</total>
				<timestamp>3856.547237</timestamp>
			</report>
			<report>
				<misses>611100001</misses>
				<total>0</total>
				<timestamp>3857.176261</timestamp>
			</report>
			<report>
				<misses>611200001</misses>
				<total>0</total>
				<timestamp>3857.813809</timestamp>
			</report>
			<report>
				<misses>611300001</misses>
				<total>0</total>
				<timestamp>3858.442951</timestamp>
			</report>
			<report>
				<misses>611400001</misses>
				<total>0</total>
				<timestamp>3859.071707</timestamp>
			</report>
			<report>
				<misses>611500001</misses>
				<total>0</total>
				<timestamp>3859.699305</timestamp>
			</report>
			<report>
				<misses>611600001</misses>
				<total>0</total>
				<timestamp>3860.332342</timestamp>
			</report>
			<report>
				<misses>611700001</misses>
				<total>0</total>
				<timestamp>3860.969154</timestamp>
			</report>
			<report>
				<misses>611800001</misses>
				<total>0</total>
				<timestamp>3861.596010</timestamp>
			</report>
			<report>
				<misses>611900001</misses>
				<total>0</total>
				<timestamp>3862.223420</timestamp>
			</report>
			<report>
				<misses>612000001</misses>
				<total>0</total>
				<timestamp>3862.854044</timestamp>
			</report>
			<report>
				<misses>612100001</misses>
				<total>0</total>
				<timestamp>3863.486941</timestamp>
			</report>
			<report>
				<misses>612200001</misses>
				<total>0</total>
				<timestamp>3864.115938</timestamp>
			</report>
			<report>
				<misses>612300001</misses>
				<total>0</total>
				<timestamp>3864.750117</timestamp>
			</report>
			<report>
				<misses>612400001</misses>
				<total>0</total>
				<timestamp>3865.383113</timestamp>
			</report>
			<report>
				<misses>612500001</misses>
				<total>0</total>
				<timestamp>3866.020445</timestamp>
			</report>
			<report>
				<misses>612600001</misses>
				<total>0</total>
				<timestamp>3866.645167</timestamp>
			</report>
			<report>
				<misses>612700001</misses>
				<total>0</total>
				<timestamp>3867.281950</timestamp>
			</report>
			<report>
				<misses>612800001</misses>
				<total>0</total>
				<timestamp>3867.907872</timestamp>
			</report>
			<report>
				<misses>612900001</misses>
				<total>0</total>
				<timestamp>3868.535488</timestamp>
			</report>
			<report>
				<misses>613000001</misses>
				<total>0</total>
				<timestamp>3869.162681</timestamp>
			</report>
			<report>
				<misses>613100001</misses>
				<total>0</total>
				<timestamp>3869.789424</timestamp>
			</report>
			<report>
				<misses>613200001</misses>
				<total>0</total>
				<timestamp>3870.416263</timestamp>
			</report>
			<report>
				<misses>613300001</misses>
				<total>0</total>
				<timestamp>3871.055410</timestamp>
			</report>
			<report>
				<misses>613400001</misses>
				<total>0</total>
				<timestamp>3871.683019</timestamp>
			</report>
			<report>
				<misses>613500001</misses>
				<total>0</total>
				<timestamp>3872.308902</timestamp>
			</report>
			<report>
				<misses>613600001</misses>
				<total>0</total>
				<timestamp>3872.935925</timestamp>
			</report>
			<report>
				<misses>613700001</misses>
				<total>0</total>
				<timestamp>3873.565306</timestamp>
			</report>
			<report>
				<misses>613800001</misses>
				<total>0</total>
				<timestamp>3874.201224</timestamp>
			</report>
			<report>
				<misses>613900001</misses>
				<total>0</total>
				<timestamp>3874.840004</timestamp>
			</report>
			<report>
				<misses>614000001</misses>
				<total>0</total>
				<timestamp>3875.473559</timestamp>
			</report>
			<report>
				<misses>614100001</misses>
				<total>0</total>
				<timestamp>3876.109101</timestamp>
			</report>
			<report>
				<misses>614200001</misses>
				<total>0</total>
				<timestamp>3876.742290</timestamp>
			</report>
			<report>
				<misses>614300001</misses>
				<total>0</total>
				<timestamp>3877.378703</timestamp>
			</report>
			<report>
				<misses>614400001</misses>
				<total>0</total>
				<timestamp>3878.009163</timestamp>
			</report>
			<report>
				<misses>614500001</misses>
				<total>0</total>
				<timestamp>3878.644306</timestamp>
			</report>
			<report>
				<misses>614600001</misses>
				<total>0</total>
				<timestamp>3879.278341</timestamp>
			</report>
			<report>
				<misses>614700001</misses>
				<total>0</total>
				<timestamp>3879.913926</timestamp>
			</report>
			<report>
				<misses>614800001</misses>
				<total>0</total>
				<timestamp>3880.548845</timestamp>
			</report>
			<report>
				<misses>614900001</misses>
				<total>0</total>
				<timestamp>3881.177190</timestamp>
			</report>
			<report>
				<misses>615000001</misses>
				<total>0</total>
				<timestamp>3881.811506</timestamp>
			</report>
			<report>
				<misses>615100001</misses>
				<total>0</total>
				<timestamp>3882.438683</timestamp>
			</report>
			<report>
				<misses>615200001</misses>
				<total>0</total>
				<timestamp>3883.076595</timestamp>
			</report>
			<report>
				<misses>615300001</misses>
				<total>0</total>
				<timestamp>3883.723022</timestamp>
			</report>
			<report>
				<misses>615400001</misses>
				<total>0</total>
				<timestamp>3884.348535</timestamp>
			</report>
			<report>
				<misses>615500001</misses>
				<total>0</total>
				<timestamp>3884.975407</timestamp>
			</report>
			<report>
				<misses>615600001</misses>
				<total>0</total>
				<timestamp>3885.629848</timestamp>
			</report>
			<report>
				<misses>615700001</misses>
				<total>0</total>
				<timestamp>3886.257999</timestamp>
			</report>
			<report>
				<misses>615800001</misses>
				<total>0</total>
				<timestamp>3886.886627</timestamp>
			</report>
			<report>
				<misses>615900001</misses>
				<total>0</total>
				<timestamp>3887.516182</timestamp>
			</report>
			<report>
				<misses>616000001</misses>
				<total>0</total>
				<timestamp>3888.144046</timestamp>
			</report>
			<report>
				<misses>616100001</misses>
				<total>0</total>
				<timestamp>3888.770544</timestamp>
			</report>
			<report>
				<misses>616200001</misses>
				<total>0</total>
				<timestamp>3889.394851</timestamp>
			</report>
			<report>
				<misses>616300001</misses>
				<total>0</total>
				<timestamp>3890.017005</timestamp>
			</report>
			<report>
				<misses>616400001</misses>
				<total>0</total>
				<timestamp>3890.641473</timestamp>
			</report>
			<report>
				<misses>616500001</misses>
				<total>0</total>
				<timestamp>3891.281073</timestamp>
			</report>
			<report>
				<misses>616600001</misses>
				<total>0</total>
				<timestamp>3891.910990</timestamp>
			</report>
			<report>
				<misses>616700001</misses>
				<total>0</total>
				<timestamp>3892.538762</timestamp>
			</report>
			<report>
				<misses>616800001</misses>
				<total>0</total>
				<timestamp>3893.173562</timestamp>
			</report>
			<report>
				<misses>616900001</misses>
				<total>0</total>
				<timestamp>3893.808653</timestamp>
			</report>
			<report>
				<misses>617000001</misses>
				<total>0</total>
				<timestamp>3894.437896</timestamp>
			</report>
			<report>
				<misses>617100001</misses>
				<total>0</total>
				<timestamp>3895.069566</timestamp>
			</report>
			<report>
				<misses>617200001</misses>
				<total>0</total>
				<timestamp>3895.699849</timestamp>
			</report>
			<report>
				<misses>617300001</misses>
				<total>0</total>
				<timestamp>3896.340527</timestamp>
			</report>
			<report>
				<misses>617400001</misses>
				<total>0</total>
				<timestamp>3896.982371</timestamp>
			</report>
			<report>
				<misses>617500001</misses>
				<total>0</total>
				<timestamp>3897.611507</timestamp>
			</report>
			<report>
				<misses>617600001</misses>
				<total>0</total>
				<timestamp>3898.241926</timestamp>
			</report>
			<report>
				<misses>617700001</misses>
				<total>0</total>
				<timestamp>3898.864981</timestamp>
			</report>
			<report>
				<misses>617800001</misses>
				<total>0</total>
				<timestamp>3899.502572</timestamp>
			</report>
			<report>
				<misses>617900001</misses>
				<total>0</total>
				<timestamp>3900.134268</timestamp>
			</report>
			<report>
				<misses>618000001</misses>
				<total>0</total>
				<timestamp>3900.766395</timestamp>
			</report>
			<report>
				<misses>618100001</misses>
				<total>0</total>
				<timestamp>3901.395279</timestamp>
			</report>
			<report>
				<misses>618200001</misses>
				<total>0</total>
				<timestamp>3902.021197</timestamp>
			</report>
			<report>
				<misses>618300001</misses>
				<total>0</total>
				<timestamp>3902.648555</timestamp>
			</report>
			<report>
				<misses>618400001</misses>
				<total>0</total>
				<timestamp>3903.286721</timestamp>
			</report>
			<report>
				<misses>618500001</misses>
				<total>0</total>
				<timestamp>3903.920805</timestamp>
			</report>
			<report>
				<misses>618600001</misses>
				<total>0</total>
				<timestamp>3904.558713</timestamp>
			</report>
			<report>
				<misses>618700001</misses>
				<total>0</total>
				<timestamp>3905.183856</timestamp>
			</report>
			<report>
				<misses>618800001</misses>
				<total>0</total>
				<timestamp>3905.817503</timestamp>
			</report>
			<report>
				<misses>618900001</misses>
				<total>0</total>
				<timestamp>3906.460307</timestamp>
			</report>
			<report>
				<misses>619000001</misses>
				<total>0</total>
				<timestamp>3907.096082</timestamp>
			</report>
			<report>
				<misses>619100001</misses>
				<total>0</total>
				<timestamp>3907.729980</timestamp>
			</report>
			<report>
				<misses>619200001</misses>
				<total>0</total>
				<timestamp>3908.355772</timestamp>
			</report>
			<report>
				<misses>619300001</misses>
				<total>0</total>
				<timestamp>3908.983799</timestamp>
			</report>
			<report>
				<misses>619400001</misses>
				<total>0</total>
				<timestamp>3909.616621</timestamp>
			</report>
			<report>
				<misses>619500001</misses>
				<total>0</total>
				<timestamp>3910.245021</timestamp>
			</report>
			<report>
				<misses>619600001</misses>
				<total>0</total>
				<timestamp>3910.878495</timestamp>
			</report>
			<report>
				<misses>619700001</misses>
				<total>0</total>
				<timestamp>3911.506642</timestamp>
			</report>
			<report>
				<misses>619800001</misses>
				<total>0</total>
				<timestamp>3912.134181</timestamp>
			</report>
			<report>
				<misses>619900001</misses>
				<total>0</total>
				<timestamp>3912.767780</timestamp>
			</report>
			<report>
				<misses>620000001</misses>
				<total>0</total>
				<timestamp>3913.400875</timestamp>
			</report>
			<report>
				<misses>620100001</misses>
				<total>0</total>
				<timestamp>3914.030603</timestamp>
			</report>
			<report>
				<misses>620200001</misses>
				<total>0</total>
				<timestamp>3914.665748</timestamp>
			</report>
			<report>
				<misses>620300001</misses>
				<total>0</total>
				<timestamp>3915.293091</timestamp>
			</report>
			<report>
				<misses>620400001</misses>
				<total>0</total>
				<timestamp>3915.918829</timestamp>
			</report>
			<report>
				<misses>620500001</misses>
				<total>0</total>
				<timestamp>3916.559699</timestamp>
			</report>
			<report>
				<misses>620600001</misses>
				<total>0</total>
				<timestamp>3917.194936</timestamp>
			</report>
			<report>
				<misses>620700001</misses>
				<total>0</total>
				<timestamp>3917.822341</timestamp>
			</report>
			<report>
				<misses>620800001</misses>
				<total>0</total>
				<timestamp>3918.450970</timestamp>
			</report>
			<report>
				<misses>620900001</misses>
				<total>0</total>
				<timestamp>3919.079776</timestamp>
			</report>
			<report>
				<misses>621000001</misses>
				<total>0</total>
				<timestamp>3919.704974</timestamp>
			</report>
			<report>
				<misses>621100001</misses>
				<total>0</total>
				<timestamp>3920.331255</timestamp>
			</report>
			<report>
				<misses>621200001</misses>
				<total>0</total>
				<timestamp>3920.960217</timestamp>
			</report>
			<report>
				<misses>621300001</misses>
				<total>0</total>
				<timestamp>3921.591048</timestamp>
			</report>
			<report>
				<misses>621400001</misses>
				<total>0</total>
				<timestamp>3922.216267</timestamp>
			</report>
			<report>
				<misses>621500001</misses>
				<total>0</total>
				<timestamp>3922.850861</timestamp>
			</report>
			<report>
				<misses>621600001</misses>
				<total>0</total>
				<timestamp>3923.486318</timestamp>
			</report>
			<report>
				<misses>621700001</misses>
				<total>0</total>
				<timestamp>3924.133072</timestamp>
			</report>
			<report>
				<misses>621800001</misses>
				<total>0</total>
				<timestamp>3924.768610</timestamp>
			</report>
			<report>
				<misses>621900001</misses>
				<total>0</total>
				<timestamp>3925.393000</timestamp>
			</report>
			<report>
				<misses>622000001</misses>
				<total>0</total>
				<timestamp>3926.023402</timestamp>
			</report>
			<report>
				<misses>622100001</misses>
				<total>0</total>
				<timestamp>3926.646457</timestamp>
			</report>
			<report>
				<misses>622200001</misses>
				<total>0</total>
				<timestamp>3927.279753</timestamp>
			</report>
			<report>
				<misses>622300001</misses>
				<total>0</total>
				<timestamp>3927.900286</timestamp>
			</report>
			<report>
				<misses>622400001</misses>
				<total>0</total>
				<timestamp>3928.520910</timestamp>
			</report>
			<report>
				<misses>622500001</misses>
				<total>0</total>
				<timestamp>3929.144809</timestamp>
			</report>
			<report>
				<misses>622600001</misses>
				<total>0</total>
				<timestamp>3929.775994</timestamp>
			</report>
			<report>
				<misses>622700001</misses>
				<total>0</total>
				<timestamp>3930.405415</timestamp>
			</report>
			<report>
				<misses>622800001</misses>
				<total>0</total>
				<timestamp>3931.027431</timestamp>
			</report>
			<report>
				<misses>622900001</misses>
				<total>0</total>
				<timestamp>3931.656603</timestamp>
			</report>
			<report>
				<misses>623000001</misses>
				<total>0</total>
				<timestamp>3932.282372</timestamp>
			</report>
			<report>
				<misses>623100001</misses>
				<total>0</total>
				<timestamp>3932.910943</timestamp>
			</report>
			<report>
				<misses>623200001</misses>
				<total>0</total>
				<timestamp>3933.541118</timestamp>
			</report>
			<report>
				<misses>623300001</misses>
				<total>0</total>
				<timestamp>3934.168557</timestamp>
			</report>
			<report>
				<misses>623400001</misses>
				<total>0</total>
				<timestamp>3934.796721</timestamp>
			</report>
			<report>
				<misses>623500001</misses>
				<total>0</total>
				<timestamp>3935.423402</timestamp>
			</report>
			<report>
				<misses>623600001</misses>
				<total>0</total>
				<timestamp>3936.051827</timestamp>
			</report>
			<report>
				<misses>623700001</misses>
				<total>0</total>
				<timestamp>3936.685894</timestamp>
			</report>
			<report>
				<misses>623800001</misses>
				<total>0</total>
				<timestamp>3937.313888</timestamp>
			</report>
			<report>
				<misses>623900001</misses>
				<total>0</total>
				<timestamp>3937.947861</timestamp>
			</report>
			<report>
				<misses>624000001</misses>
				<total>0</total>
				<timestamp>3938.573466</timestamp>
			</report>
			<report>
				<misses>624100001</misses>
				<total>0</total>
				<timestamp>3939.205750</timestamp>
			</report>
			<report>
				<misses>624200001</misses>
				<total>0</total>
				<timestamp>3939.841353</timestamp>
			</report>
			<report>
				<misses>624300001</misses>
				<total>0</total>
				<timestamp>3940.469738</timestamp>
			</report>
			<report>
				<misses>624400001</misses>
				<total>0</total>
				<timestamp>3941.104508</timestamp>
			</report>
			<report>
				<misses>624500001</misses>
				<total>0</total>
				<timestamp>3941.733494</timestamp>
			</report>
			<report>
				<misses>624600001</misses>
				<total>0</total>
				<timestamp>3942.362455</timestamp>
			</report>
			<report>
				<misses>624700001</misses>
				<total>0</total>
				<timestamp>3942.995881</timestamp>
			</report>
			<report>
				<misses>624800001</misses>
				<total>0</total>
				<timestamp>3943.630576</timestamp>
			</report>
			<report>
				<misses>624900001</misses>
				<total>0</total>
				<timestamp>3944.279940</timestamp>
			</report>
			<report>
				<misses>625000001</misses>
				<total>0</total>
				<timestamp>3944.914718</timestamp>
			</report>
			<report>
				<misses>625100001</misses>
				<total>0</total>
				<timestamp>3945.545040</timestamp>
			</report>
			<report>
				<misses>625200001</misses>
				<total>0</total>
				<timestamp>3946.173175</timestamp>
			</report>
			<report>
				<misses>625300001</misses>
				<total>0</total>
				<timestamp>3946.799257</timestamp>
			</report>
			<report>
				<misses>625400001</misses>
				<total>0</total>
				<timestamp>3947.427394</timestamp>
			</report>
			<report>
				<misses>625500001</misses>
				<total>0</total>
				<timestamp>3948.069018</timestamp>
			</report>
			<report>
				<misses>625600001</misses>
				<total>0</total>
				<timestamp>3948.711251</timestamp>
			</report>
			<report>
				<misses>625700001</misses>
				<total>0</total>
				<timestamp>3949.335550</timestamp>
			</report>
			<report>
				<misses>625800001</misses>
				<total>0</total>
				<timestamp>3949.963490</timestamp>
			</report>
			<report>
				<misses>625900001</misses>
				<total>0</total>
				<timestamp>3950.598994</timestamp>
			</report>
			<report>
				<misses>626000001</misses>
				<total>0</total>
				<timestamp>3951.231407</timestamp>
			</report>
			<report>
				<misses>626100001</misses>
				<total>0</total>
				<timestamp>3951.862314</timestamp>
			</report>
			<report>
				<misses>626200001</misses>
				<total>0</total>
				<timestamp>3952.498461</timestamp>
			</report>
			<report>
				<misses>626300001</misses>
				<total>0</total>
				<timestamp>3953.134089</timestamp>
			</report>
			<report>
				<misses>626400001</misses>
				<total>0</total>
				<timestamp>3953.769484</timestamp>
			</report>
			<report>
				<misses>626500001</misses>
				<total>0</total>
				<timestamp>3954.404680</timestamp>
			</report>
			<report>
				<misses>626600001</misses>
				<total>0</total>
				<timestamp>3955.032354</timestamp>
			</report>
			<report>
				<misses>626700001</misses>
				<total>0</total>
				<timestamp>3955.661247</timestamp>
			</report>
			<report>
				<misses>626800001</misses>
				<total>0</total>
				<timestamp>3956.297076</timestamp>
			</report>
			<report>
				<misses>626900001</misses>
				<total>0</total>
				<timestamp>3956.932220</timestamp>
			</report>
			<report>
				<misses>627000001</misses>
				<total>0</total>
				<timestamp>3957.565497</timestamp>
			</report>
			<report>
				<misses>627100001</misses>
				<total>0</total>
				<timestamp>3958.193413</timestamp>
			</report>
			<report>
				<misses>627200001</misses>
				<total>0</total>
				<timestamp>3958.820819</timestamp>
			</report>
			<report>
				<misses>627300001</misses>
				<total>0</total>
				<timestamp>3959.456061</timestamp>
			</report>
			<report>
				<misses>627400001</misses>
				<total>0</total>
				<timestamp>3960.089669</timestamp>
			</report>
			<report>
				<misses>627500001</misses>
				<total>0</total>
				<timestamp>3960.724462</timestamp>
			</report>
			<report>
				<misses>627600001</misses>
				<total>0</total>
				<timestamp>3961.355243</timestamp>
			</report>
			<report>
				<misses>627700001</misses>
				<total>0</total>
				<timestamp>3962.001058</timestamp>
			</report>
			<report>
				<misses>627800001</misses>
				<total>0</total>
				<timestamp>3962.628490</timestamp>
			</report>
			<report>
				<misses>627900001</misses>
				<total>0</total>
				<timestamp>3963.258585</timestamp>
			</report>
			<report>
				<misses>628000001</misses>
				<total>0</total>
				<timestamp>3963.886135</timestamp>
			</report>
			<report>
				<misses>628100001</misses>
				<total>0</total>
				<timestamp>3964.515384</timestamp>
			</report>
			<report>
				<misses>628200001</misses>
				<total>0</total>
				<timestamp>3965.142423</timestamp>
			</report>
			<report>
				<misses>628300001</misses>
				<total>0</total>
				<timestamp>3965.765579</timestamp>
			</report>
			<report>
				<misses>628400001</misses>
				<total>0</total>
				<timestamp>3966.394385</timestamp>
			</report>
			<report>
				<misses>628500001</misses>
				<total>0</total>
				<timestamp>3967.016892</timestamp>
			</report>
			<report>
				<misses>628600001</misses>
				<total>0</total>
				<timestamp>3967.656873</timestamp>
			</report>
			<report>
				<misses>628700001</misses>
				<total>0</total>
				<timestamp>3968.299964</timestamp>
			</report>
			<report>
				<misses>628800001</misses>
				<total>0</total>
				<timestamp>3968.928894</timestamp>
			</report>
			<report>
				<misses>628900001</misses>
				<total>0</total>
				<timestamp>3969.560490</timestamp>
			</report>
			<report>
				<misses>629000001</misses>
				<total>0</total>
				<timestamp>3970.198416</timestamp>
			</report>
			<report>
				<misses>629100001</misses>
				<total>0</total>
				<timestamp>3970.824703</timestamp>
			</report>
			<report>
				<misses>629200001</misses>
				<total>0</total>
				<timestamp>3971.455595</timestamp>
			</report>
			<report>
				<misses>629300001</misses>
				<total>0</total>
				<timestamp>3972.085954</timestamp>
			</report>
			<report>
				<misses>629400001</misses>
				<total>0</total>
				<timestamp>3972.718936</timestamp>
			</report>
			<report>
				<misses>629500001</misses>
				<total>0</total>
				<timestamp>3973.344205</timestamp>
			</report>
			<report>
				<misses>629600001</misses>
				<total>0</total>
				<timestamp>3973.972098</timestamp>
			</report>
			<report>
				<misses>629700001</misses>
				<total>0</total>
				<timestamp>3974.606881</timestamp>
			</report>
			<report>
				<misses>629800001</misses>
				<total>0</total>
				<timestamp>3975.247629</timestamp>
			</report>
			<report>
				<misses>629900001</misses>
				<total>0</total>
				<timestamp>3975.883857</timestamp>
			</report>
			<report>
				<misses>630000001</misses>
				<total>0</total>
				<timestamp>3976.510445</timestamp>
			</report>
			<report>
				<misses>630100001</misses>
				<total>0</total>
				<timestamp>3977.141195</timestamp>
			</report>
			<report>
				<misses>630200001</misses>
				<total>0</total>
				<timestamp>3977.772525</timestamp>
			</report>
			<report>
				<misses>630300001</misses>
				<total>0</total>
				<timestamp>3978.401543</timestamp>
			</report>
			<report>
				<misses>630400001</misses>
				<total>0</total>
				<timestamp>3979.028296</timestamp>
			</report>
			<report>
				<misses>630500001</misses>
				<total>0</total>
				<timestamp>3979.679998</timestamp>
			</report>
			<report>
				<misses>630600001</misses>
				<total>0</total>
				<timestamp>3980.305561</timestamp>
			</report>
			<report>
				<misses>630700001</misses>
				<total>0</total>
				<timestamp>3980.935803</timestamp>
			</report>
			<report>
				<misses>630800001</misses>
				<total>0</total>
				<timestamp>3981.556088</timestamp>
			</report>
			<report>
				<misses>630900001</misses>
				<total>0</total>
				<timestamp>3982.186343</timestamp>
			</report>
			<report>
				<misses>631000001</misses>
				<total>0</total>
				<timestamp>3982.810886</timestamp>
			</report>
			<report>
				<misses>631100001</misses>
				<total>0</total>
				<timestamp>3983.440817</timestamp>
			</report>
			<report>
				<misses>631200001</misses>
				<total>0</total>
				<timestamp>3984.067224</timestamp>
			</report>
			<report>
				<misses>631300001</misses>
				<total>0</total>
				<timestamp>3984.695578</timestamp>
			</report>
			<report>
				<misses>631400001</misses>
				<total>0</total>
				<timestamp>3985.327101</timestamp>
			</report>
			<report>
				<misses>631500001</misses>
				<total>0</total>
				<timestamp>3985.949902</timestamp>
			</report>
			<report>
				<misses>631600001</misses>
				<total>0</total>
				<timestamp>3986.580830</timestamp>
			</report>
			<report>
				<misses>631700001</misses>
				<total>0</total>
				<timestamp>3987.207879</timestamp>
			</report>
			<report>
				<misses>631800001</misses>
				<total>0</total>
				<timestamp>3987.833546</timestamp>
			</report>
			<report>
				<misses>631900001</misses>
				<total>0</total>
				<timestamp>3988.459498</timestamp>
			</report>
			<report>
				<misses>632000001</misses>
				<total>0</total>
				<timestamp>3989.087635</timestamp>
			</report>
			<report>
				<misses>632100001</misses>
				<total>0</total>
				<timestamp>3989.710241</timestamp>
			</report>
			<report>
				<misses>632200001</misses>
				<total>0</total>
				<timestamp>3990.339956</timestamp>
			</report>
			<report>
				<misses>632300001</misses>
				<total>0</total>
				<timestamp>3990.966631</timestamp>
			</report>
			<report>
				<misses>632400001</misses>
				<total>0</total>
				<timestamp>3991.600322</timestamp>
			</report>
			<report>
				<misses>632500001</misses>
				<total>0</total>
				<timestamp>3992.228221</timestamp>
			</report>
			<report>
				<misses>632600001</misses>
				<total>0</total>
				<timestamp>3992.854052</timestamp>
			</report>
			<report>
				<misses>632700001</misses>
				<total>0</total>
				<timestamp>3993.483770</timestamp>
			</report>
			<report>
				<misses>632800001</misses>
				<total>0</total>
				<timestamp>3994.116021</timestamp>
			</report>
			<report>
				<misses>632900001</misses>
				<total>0</total>
				<timestamp>3994.818759</timestamp>
			</report>
			<report>
				<misses>633000001</misses>
				<total>0</total>
				<timestamp>3995.459861</timestamp>
			</report>
			<report>
				<misses>633100001</misses>
				<total>0</total>
				<timestamp>3996.103262</timestamp>
			</report>
			<report>
				<misses>633200001</misses>
				<total>0</total>
				<timestamp>3996.736172</timestamp>
			</report>
			<report>
				<misses>633300001</misses>
				<total>0</total>
				<timestamp>3997.362455</timestamp>
			</report>
			<report>
				<misses>633400001</misses>
				<total>0</total>
				<timestamp>3997.992210</timestamp>
			</report>
			<report>
				<misses>633500001</misses>
				<total>0</total>
				<timestamp>3998.636821</timestamp>
			</report>
			<report>
				<misses>633600001</misses>
				<total>0</total>
				<timestamp>3999.267266</timestamp>
			</report>
			<report>
				<misses>633700001</misses>
				<total>0</total>
				<timestamp>3999.896798</timestamp>
			</report>
			<report>
				<misses>633800001</misses>
				<total>0</total>
				<timestamp>4000.528136</timestamp>
			</report>
			<report>
				<misses>633900001</misses>
				<total>0</total>
				<timestamp>4001.160807</timestamp>
			</report>
			<report>
				<misses>634000001</misses>
				<total>0</total>
				<timestamp>4001.788782</timestamp>
			</report>
			<report>
				<misses>634100001</misses>
				<total>0</total>
				<timestamp>4002.438399</timestamp>
			</report>
			<report>
				<misses>634200001</misses>
				<total>0</total>
				<timestamp>4003.068616</timestamp>
			</report>
			<report>
				<misses>634300001</misses>
				<total>0</total>
				<timestamp>4003.698818</timestamp>
			</report>
			<report>
				<misses>634400001</misses>
				<total>0</total>
				<timestamp>4004.344058</timestamp>
			</report>
			<report>
				<misses>634500001</misses>
				<total>0</total>
				<timestamp>4004.971773</timestamp>
			</report>
			<report>
				<misses>634600001</misses>
				<total>0</total>
				<timestamp>4005.602355</timestamp>
			</report>
			<report>
				<misses>634700001</misses>
				<total>0</total>
				<timestamp>4006.230312</timestamp>
			</report>
			<report>
				<misses>634800001</misses>
				<total>0</total>
				<timestamp>4006.855760</timestamp>
			</report>
			<report>
				<misses>634900001</misses>
				<total>0</total>
				<timestamp>4007.490814</timestamp>
			</report>
			<report>
				<misses>635000001</misses>
				<total>0</total>
				<timestamp>4008.120098</timestamp>
			</report>
			<report>
				<misses>635100001</misses>
				<total>0</total>
				<timestamp>4008.749984</timestamp>
			</report>
			<report>
				<misses>635200001</misses>
				<total>0</total>
				<timestamp>4009.389187</timestamp>
			</report>
			<report>
				<misses>635300001</misses>
				<total>0</total>
				<timestamp>4010.014017</timestamp>
			</report>
			<report>
				<misses>635400001</misses>
				<total>0</total>
				<timestamp>4010.641279</timestamp>
			</report>
			<report>
				<misses>635500001</misses>
				<total>0</total>
				<timestamp>4011.272240</timestamp>
			</report>
			<report>
				<misses>635600001</misses>
				<total>0</total>
				<timestamp>4011.899754</timestamp>
			</report>
			<report>
				<misses>635700001</misses>
				<total>0</total>
				<timestamp>4012.529413</timestamp>
			</report>
			<report>
				<misses>635800001</misses>
				<total>0</total>
				<timestamp>4013.160651</timestamp>
			</report>
			<report>
				<misses>635900001</misses>
				<total>0</total>
				<timestamp>4013.787492</timestamp>
			</report>
			<report>
				<misses>636000001</misses>
				<total>0</total>
				<timestamp>4014.411124</timestamp>
			</report>
			<report>
				<misses>636100001</misses>
				<total>0</total>
				<timestamp>4015.041403</timestamp>
			</report>
			<report>
				<misses>636200001</misses>
				<total>0</total>
				<timestamp>4015.665907</timestamp>
			</report>
			<report>
				<misses>636300001</misses>
				<total>0</total>
				<timestamp>4016.295241</timestamp>
			</report>
			<report>
				<misses>636400001</misses>
				<total>0</total>
				<timestamp>4016.920660</timestamp>
			</report>
			<report>
				<misses>636500001</misses>
				<total>0</total>
				<timestamp>4017.547443</timestamp>
			</report>
			<report>
				<misses>636600001</misses>
				<total>0</total>
				<timestamp>4018.174478</timestamp>
			</report>
			<report>
				<misses>636700001</misses>
				<total>0</total>
				<timestamp>4018.809190</timestamp>
			</report>
			<report>
				<misses>636800001</misses>
				<total>0</total>
				<timestamp>4019.442779</timestamp>
			</report>
			<report>
				<misses>636900001</misses>
				<total>0</total>
				<timestamp>4020.068124</timestamp>
			</report>
			<report>
				<misses>637000001</misses>
				<total>0</total>
				<timestamp>4020.693410</timestamp>
			</report>
			<report>
				<misses>637100001</misses>
				<total>0</total>
				<timestamp>4021.321178</timestamp>
			</report>
			<report>
				<misses>637200001</misses>
				<total>0</total>
				<timestamp>4021.941906</timestamp>
			</report>
			<report>
				<misses>637300001</misses>
				<total>0</total>
				<timestamp>4022.572590</timestamp>
			</report>
			<report>
				<misses>637400001</misses>
				<total>0</total>
				<timestamp>4023.202334</timestamp>
			</report>
			<report>
				<misses>637500001</misses>
				<total>0</total>
				<timestamp>4023.841537</timestamp>
			</report>
			<report>
				<misses>637600001</misses>
				<total>0</total>
				<timestamp>4024.468640</timestamp>
			</report>
			<report>
				<misses>637700001</misses>
				<total>0</total>
				<timestamp>4025.103582</timestamp>
			</report>
			<report>
				<misses>637800001</misses>
				<total>0</total>
				<timestamp>4025.735344</timestamp>
			</report>
			<report>
				<misses>637900001</misses>
				<total>0</total>
				<timestamp>4026.363381</timestamp>
			</report>
			<report>
				<misses>638000001</misses>
				<total>0</total>
				<timestamp>4026.988106</timestamp>
			</report>
			<report>
				<misses>638100001</misses>
				<total>0</total>
				<timestamp>4027.612969</timestamp>
			</report>
			<report>
				<misses>638200001</misses>
				<total>0</total>
				<timestamp>4028.234228</timestamp>
			</report>
			<report>
				<misses>638300001</misses>
				<total>0</total>
				<timestamp>4028.862337</timestamp>
			</report>
			<report>
				<misses>638400001</misses>
				<total>0</total>
				<timestamp>4029.498339</timestamp>
			</report>
			<report>
				<misses>638500001</misses>
				<total>0</total>
				<timestamp>4030.127689</timestamp>
			</report>
			<report>
				<misses>638600001</misses>
				<total>0</total>
				<timestamp>4030.751264</timestamp>
			</report>
			<report>
				<misses>638700001</misses>
				<total>0</total>
				<timestamp>4031.378558</timestamp>
			</report>
			<report>
				<misses>638800001</misses>
				<total>0</total>
				<timestamp>4032.002923</timestamp>
			</report>
			<report>
				<misses>638900001</misses>
				<total>0</total>
				<timestamp>4032.629659</timestamp>
			</report>
			<report>
				<misses>639000001</misses>
				<total>0</total>
				<timestamp>4033.260028</timestamp>
			</report>
			<report>
				<misses>639100001</misses>
				<total>0</total>
				<timestamp>4033.898797</timestamp>
			</report>
			<report>
				<misses>639200001</misses>
				<total>0</total>
				<timestamp>4034.524072</timestamp>
			</report>
			<report>
				<misses>639300001</misses>
				<total>0</total>
				<timestamp>4035.154403</timestamp>
			</report>
			<report>
				<misses>639400001</misses>
				<total>0</total>
				<timestamp>4035.780097</timestamp>
			</report>
			<report>
				<misses>639500001</misses>
				<total>0</total>
				<timestamp>4036.408182</timestamp>
			</report>
			<report>
				<misses>639600001</misses>
				<total>0</total>
				<timestamp>4037.037522</timestamp>
			</report>
			<report>
				<misses>639700001</misses>
				<total>0</total>
				<timestamp>4037.665214</timestamp>
			</report>
			<report>
				<misses>639800001</misses>
				<total>0</total>
				<timestamp>4038.291086</timestamp>
			</report>
			<report>
				<misses>639900001</misses>
				<total>0</total>
				<timestamp>4038.917849</timestamp>
			</report>
			<report>
				<misses>640000001</misses>
				<total>0</total>
				<timestamp>4039.543585</timestamp>
			</report>
			<report>
				<misses>640100001</misses>
				<total>0</total>
				<timestamp>4040.167956</timestamp>
			</report>
			<report>
				<misses>640200001</misses>
				<total>0</total>
				<timestamp>4040.791044</timestamp>
			</report>
			<report>
				<misses>640300001</misses>
				<total>0</total>
				<timestamp>4041.430305</timestamp>
			</report>
			<report>
				<misses>640400001</misses>
				<total>0</total>
				<timestamp>4042.054515</timestamp>
			</report>
			<report>
				<misses>640500001</misses>
				<total>0</total>
				<timestamp>4042.687381</timestamp>
			</report>
			<report>
				<misses>640600001</misses>
				<total>0</total>
				<timestamp>4043.311999</timestamp>
			</report>
			<report>
				<misses>640700001</misses>
				<total>0</total>
				<timestamp>4043.945491</timestamp>
			</report>
			<report>
				<misses>640800001</misses>
				<total>0</total>
				<timestamp>4044.577482</timestamp>
			</report>
			<report>
				<misses>640900001</misses>
				<total>0</total>
				<timestamp>4045.206907</timestamp>
			</report>
			<report>
				<misses>641000001</misses>
				<total>0</total>
				<timestamp>4045.839932</timestamp>
			</report>
			<report>
				<misses>641100001</misses>
				<total>0</total>
				<timestamp>4046.479861</timestamp>
			</report>
			<report>
				<misses>641200001</misses>
				<total>0</total>
				<timestamp>4047.122091</timestamp>
			</report>
			<report>
				<misses>641300001</misses>
				<total>0</total>
				<timestamp>4047.753339</timestamp>
			</report>
			<report>
				<misses>641400001</misses>
				<total>0</total>
				<timestamp>4048.383760</timestamp>
			</report>
			<report>
				<misses>641500001</misses>
				<total>0</total>
				<timestamp>4049.007699</timestamp>
			</report>
			<report>
				<misses>641600001</misses>
				<total>0</total>
				<timestamp>4049.641288</timestamp>
			</report>
			<report>
				<misses>641700001</misses>
				<total>0</total>
				<timestamp>4050.272189</timestamp>
			</report>
			<report>
				<misses>641800001</misses>
				<total>0</total>
				<timestamp>4050.905849</timestamp>
			</report>
			<report>
				<misses>641900001</misses>
				<total>0</total>
				<timestamp>4051.549424</timestamp>
			</report>
			<report>
				<misses>642000001</misses>
				<total>0</total>
				<timestamp>4052.186879</timestamp>
			</report>
			<report>
				<misses>642100001</misses>
				<total>0</total>
				<timestamp>4052.821180</timestamp>
			</report>
			<report>
				<misses>642200001</misses>
				<total>0</total>
				<timestamp>4053.452540</timestamp>
			</report>
			<report>
				<misses>642300001</misses>
				<total>0</total>
				<timestamp>4054.078702</timestamp>
			</report>
			<report>
				<misses>642400001</misses>
				<total>0</total>
				<timestamp>4054.708832</timestamp>
			</report>
			<report>
				<misses>642500001</misses>
				<total>0</total>
				<timestamp>4055.337672</timestamp>
			</report>
			<report>
				<misses>642600001</misses>
				<total>0</total>
				<timestamp>4055.967088</timestamp>
			</report>
			<report>
				<misses>642700001</misses>
				<total>0</total>
				<timestamp>4056.618229</timestamp>
			</report>
			<report>
				<misses>642800001</misses>
				<total>0</total>
				<timestamp>4057.249280</timestamp>
			</report>
			<report>
				<misses>642900001</misses>
				<total>0</total>
				<timestamp>4057.875205</timestamp>
			</report>
			<report>
				<misses>643000001</misses>
				<total>0</total>
				<timestamp>4058.498874</timestamp>
			</report>
			<report>
				<misses>643100001</misses>
				<total>0</total>
				<timestamp>4059.125209</timestamp>
			</report>
			<report>
				<misses>643200001</misses>
				<total>0</total>
				<timestamp>4059.748696</timestamp>
			</report>
			<report>
				<misses>643300001</misses>
				<total>0</total>
				<timestamp>4060.387818</timestamp>
			</report>
			<report>
				<misses>643400001</misses>
				<total>0</total>
				<timestamp>4061.019928</timestamp>
			</report>
			<report>
				<misses>643500001</misses>
				<total>0</total>
				<timestamp>4061.649775</timestamp>
			</report>
			<report>
				<misses>643600001</misses>
				<total>0</total>
				<timestamp>4062.293334</timestamp>
			</report>
			<report>
				<misses>643700001</misses>
				<total>0</total>
				<timestamp>4062.926338</timestamp>
			</report>
			<report>
				<misses>643800001</misses>
				<total>0</total>
				<timestamp>4063.553172</timestamp>
			</report>
			<report>
				<misses>643900001</misses>
				<total>0</total>
				<timestamp>4064.183481</timestamp>
			</report>
			<report>
				<misses>644000001</misses>
				<total>0</total>
				<timestamp>4064.809303</timestamp>
			</report>
			<report>
				<misses>644100001</misses>
				<total>0</total>
				<timestamp>4065.449937</timestamp>
			</report>
			<report>
				<misses>644200001</misses>
				<total>0</total>
				<timestamp>4066.084100</timestamp>
			</report>
			<report>
				<misses>644300001</misses>
				<total>0</total>
				<timestamp>4066.710988</timestamp>
			</report>
			<report>
				<misses>644400001</misses>
				<total>0</total>
				<timestamp>4067.334453</timestamp>
			</report>
			<report>
				<misses>644500001</misses>
				<total>0</total>
				<timestamp>4067.962933</timestamp>
			</report>
			<report>
				<misses>644600001</misses>
				<total>0</total>
				<timestamp>4068.598744</timestamp>
			</report>
			<report>
				<misses>644700001</misses>
				<total>0</total>
				<timestamp>4069.226838</timestamp>
			</report>
			<report>
				<misses>644800001</misses>
				<total>0</total>
				<timestamp>4069.869596</timestamp>
			</report>
			<report>
				<misses>644900001</misses>
				<total>0</total>
				<timestamp>4070.496534</timestamp>
			</report>
			<report>
				<misses>645000001</misses>
				<total>0</total>
				<timestamp>4071.126474</timestamp>
			</report>
			<report>
				<misses>645100001</misses>
				<total>0</total>
				<timestamp>4071.755472</timestamp>
			</report>
			<report>
				<misses>645200001</misses>
				<total>0</total>
				<timestamp>4072.386159</timestamp>
			</report>
			<report>
				<misses>645300001</misses>
				<total>0</total>
				<timestamp>4073.015296</timestamp>
			</report>
			<report>
				<misses>645400001</misses>
				<total>0</total>
				<timestamp>4073.644074</timestamp>
			</report>
			<report>
				<misses>645500001</misses>
				<total>0</total>
				<timestamp>4074.272977</timestamp>
			</report>
			<report>
				<misses>645600001</misses>
				<total>0</total>
				<timestamp>4074.901443</timestamp>
			</report>
			<report>
				<misses>645700001</misses>
				<total>0</total>
				<timestamp>4075.528321</timestamp>
			</report>
			<report>
				<misses>645800001</misses>
				<total>0</total>
				<timestamp>4076.157848</timestamp>
			</report>
			<report>
				<misses>645900001</misses>
				<total>0</total>
				<timestamp>4076.793427</timestamp>
			</report>
			<report>
				<misses>646000001</misses>
				<total>0</total>
				<timestamp>4077.418422</timestamp>
			</report>
			<report>
				<misses>646100001</misses>
				<total>0</total>
				<timestamp>4078.050136</timestamp>
			</report>
			<report>
				<misses>646200001</misses>
				<total>0</total>
				<timestamp>4078.681265</timestamp>
			</report>
			<report>
				<misses>646300001</misses>
				<total>0</total>
				<timestamp>4079.310538</timestamp>
			</report>
			<report>
				<misses>646400001</misses>
				<total>0</total>
				<timestamp>4079.944270</timestamp>
			</report>
			<report>
				<misses>646500001</misses>
				<total>0</total>
				<timestamp>4080.588935</timestamp>
			</report>
			<report>
				<misses>646600001</misses>
				<total>0</total>
				<timestamp>4081.213944</timestamp>
			</report>
			<report>
				<misses>646700001</misses>
				<total>0</total>
				<timestamp>4081.851417</timestamp>
			</report>
			<report>
				<misses>646800001</misses>
				<total>0</total>
				<timestamp>4082.482592</timestamp>
			</report>
			<report>
				<misses>646900001</misses>
				<total>0</total>
				<timestamp>4083.111532</timestamp>
			</report>
			<report>
				<misses>647000001</misses>
				<total>0</total>
				<timestamp>4083.742024</timestamp>
			</report>
			<report>
				<misses>647100001</misses>
				<total>0</total>
				<timestamp>4084.369011</timestamp>
			</report>
			<report>
				<misses>647200001</misses>
				<total>0</total>
				<timestamp>4084.996602</timestamp>
			</report>
			<report>
				<misses>647300001</misses>
				<total>0</total>
				<timestamp>4085.624323</timestamp>
			</report>
			<report>
				<misses>647400001</misses>
				<total>0</total>
				<timestamp>4086.259144</timestamp>
			</report>
			<report>
				<misses>647500001</misses>
				<total>0</total>
				<timestamp>4086.886593</timestamp>
			</report>
			<report>
				<misses>647600001</misses>
				<total>0</total>
				<timestamp>4087.515197</timestamp>
			</report>
			<report>
				<misses>647700001</misses>
				<total>0</total>
				<timestamp>4088.145138</timestamp>
			</report>
			<report>
				<misses>647800001</misses>
				<total>0</total>
				<timestamp>4088.774238</timestamp>
			</report>
			<report>
				<misses>647900001</misses>
				<total>0</total>
				<timestamp>4089.407440</timestamp>
			</report>
			<report>
				<misses>648000001</misses>
				<total>0</total>
				<timestamp>4090.030536</timestamp>
			</report>
			<report>
				<misses>648100001</misses>
				<total>0</total>
				<timestamp>4090.655966</timestamp>
			</report>
			<report>
				<misses>648200001</misses>
				<total>0</total>
				<timestamp>4091.283021</timestamp>
			</report>
			<report>
				<misses>648300001</misses>
				<total>0</total>
				<timestamp>4091.905139</timestamp>
			</report>
			<report>
				<misses>648400001</misses>
				<total>0</total>
				<timestamp>4092.530422</timestamp>
			</report>
			<report>
				<misses>648500001</misses>
				<total>0</total>
				<timestamp>4093.155075</timestamp>
			</report>
			<report>
				<misses>648600001</misses>
				<total>0</total>
				<timestamp>4093.781803</timestamp>
			</report>
			<report>
				<misses>648700001</misses>
				<total>0</total>
				<timestamp>4094.407234</timestamp>
			</report>
			<report>
				<misses>648800001</misses>
				<total>0</total>
				<timestamp>4095.032607</timestamp>
			</report>
			<report>
				<misses>648900001</misses>
				<total>0</total>
				<timestamp>4095.662048</timestamp>
			</report>
			<report>
				<misses>649000001</misses>
				<total>0</total>
				<timestamp>4096.289242</timestamp>
			</report>
			<report>
				<misses>649100001</misses>
				<total>0</total>
				<timestamp>4096.915472</timestamp>
			</report>
			<report>
				<misses>649200001</misses>
				<total>0</total>
				<timestamp>4097.544536</timestamp>
			</report>
			<report>
				<misses>649300001</misses>
				<total>0</total>
				<timestamp>4098.175559</timestamp>
			</report>
			<report>
				<misses>649400001</misses>
				<total>0</total>
				<timestamp>4098.797884</timestamp>
			</report>
			<report>
				<misses>649500001</misses>
				<total>0</total>
				<timestamp>4099.426521</timestamp>
			</report>
			<report>
				<misses>649600001</misses>
				<total>0</total>
				<timestamp>4100.063779</timestamp>
			</report>
			<report>
				<misses>649700001</misses>
				<total>0</total>
				<timestamp>4100.688628</timestamp>
			</report>
			<report>
				<misses>649800001</misses>
				<total>0</total>
				<timestamp>4101.319209</timestamp>
			</report>
			<report>
				<misses>649900001</misses>
				<total>0</total>
				<timestamp>4101.951913</timestamp>
			</report>
			<report>
				<misses>650000001</misses>
				<total>0</total>
				<timestamp>4102.583217</timestamp>
			</report>
			<report>
				<misses>650100001</misses>
				<total>0</total>
				<timestamp>4103.243762</timestamp>
			</report>
			<report>
				<misses>650200001</misses>
				<total>0</total>
				<timestamp>4103.867288</timestamp>
			</report>
			<report>
				<misses>650300001</misses>
				<total>0</total>
				<timestamp>4104.499654</timestamp>
			</report>
			<report>
				<misses>650400001</misses>
				<total>0</total>
				<timestamp>4105.129685</timestamp>
			</report>
			<report>
				<misses>650500001</misses>
				<total>0</total>
				<timestamp>4105.755675</timestamp>
			</report>
			<report>
				<misses>650600001</misses>
				<total>0</total>
				<timestamp>4106.382339</timestamp>
			</report>
			<report>
				<misses>650700001</misses>
				<total>0</total>
				<timestamp>4107.008846</timestamp>
			</report>
			<report>
				<misses>650800001</misses>
				<total>0</total>
				<timestamp>4107.634178</timestamp>
			</report>
			<report>
				<misses>650900001</misses>
				<total>0</total>
				<timestamp>4108.267695</timestamp>
			</report>
			<report>
				<misses>651000001</misses>
				<total>0</total>
				<timestamp>4108.892029</timestamp>
			</report>
			<report>
				<misses>651100001</misses>
				<total>0</total>
				<timestamp>4109.527329</timestamp>
			</report>
			<report>
				<misses>651200001</misses>
				<total>0</total>
				<timestamp>4110.151836</timestamp>
			</report>
			<report>
				<misses>651300001</misses>
				<total>0</total>
				<timestamp>4110.778802</timestamp>
			</report>
			<report>
				<misses>651400001</misses>
				<total>0</total>
				<timestamp>4111.411374</timestamp>
			</report>
			<report>
				<misses>651500001</misses>
				<total>0</total>
				<timestamp>4112.043607</timestamp>
			</report>
			<report>
				<misses>651600001</misses>
				<total>0</total>
				<timestamp>4112.683413</timestamp>
			</report>
			<report>
				<misses>651700001</misses>
				<total>0</total>
				<timestamp>4113.318957</timestamp>
			</report>
			<report>
				<misses>651800001</misses>
				<total>0</total>
				<timestamp>4113.939561</timestamp>
			</report>
			<report>
				<misses>651900001</misses>
				<total>0</total>
				<timestamp>4114.576794</timestamp>
			</report>
			<report>
				<misses>652000001</misses>
				<total>0</total>
				<timestamp>4115.219408</timestamp>
			</report>
			<report>
				<misses>652100001</misses>
				<total>0</total>
				<timestamp>4115.858943</timestamp>
			</report>
			<report>
				<misses>652200001</misses>
				<total>0</total>
				<timestamp>4116.495775</timestamp>
			</report>
			<report>
				<misses>652300001</misses>
				<total>0</total>
				<timestamp>4117.122497</timestamp>
			</report>
			<report>
				<misses>652400001</misses>
				<total>0</total>
				<timestamp>4117.749628</timestamp>
			</report>
			<report>
				<misses>652500001</misses>
				<total>0</total>
				<timestamp>4118.376696</timestamp>
			</report>
			<report>
				<misses>652600001</misses>
				<total>0</total>
				<timestamp>4119.001586</timestamp>
			</report>
			<report>
				<misses>652700001</misses>
				<total>0</total>
				<timestamp>4119.631987</timestamp>
			</report>
			<report>
				<misses>652800001</misses>
				<total>0</total>
				<timestamp>4120.261156</timestamp>
			</report>
			<report>
				<misses>652900001</misses>
				<total>0</total>
				<timestamp>4120.885196</timestamp>
			</report>
			<report>
				<misses>653000001</misses>
				<total>0</total>
				<timestamp>4121.512032</timestamp>
			</report>
			<report>
				<misses>653100001</misses>
				<total>0</total>
				<timestamp>4122.142449</timestamp>
			</report>
			<report>
				<misses>653200001</misses>
				<total>0</total>
				<timestamp>4122.772230</timestamp>
			</report>
			<report>
				<misses>653300001</misses>
				<total>0</total>
				<timestamp>4123.441410</timestamp>
			</report>
			<report>
				<misses>653400001</misses>
				<total>0</total>
				<timestamp>4124.067495</timestamp>
			</report>
			<report>
				<misses>653500001</misses>
				<total>0</total>
				<timestamp>4124.696170</timestamp>
			</report>
			<report>
				<misses>653600001</misses>
				<total>0</total>
				<timestamp>4125.332073</timestamp>
			</report>
			<report>
				<misses>653700001</misses>
				<total>0</total>
				<timestamp>4125.961023</timestamp>
			</report>
			<report>
				<misses>653800001</misses>
				<total>0</total>
				<timestamp>4126.587056</timestamp>
			</report>
			<report>
				<misses>653900001</misses>
				<total>0</total>
				<timestamp>4127.219157</timestamp>
			</report>
			<report>
				<misses>654000001</misses>
				<total>0</total>
				<timestamp>4127.847780</timestamp>
			</report>
			<report>
				<misses>654100001</misses>
				<total>0</total>
				<timestamp>4128.473618</timestamp>
			</report>
			<report>
				<misses>654200001</misses>
				<total>0</total>
				<timestamp>4129.103521</timestamp>
			</report>
			<report>
				<misses>654300001</misses>
				<total>0</total>
				<timestamp>4129.735159</timestamp>
			</report>
			<report>
				<misses>654400001</misses>
				<total>0</total>
				<timestamp>4130.357568</timestamp>
			</report>
			<report>
				<misses>654500001</misses>
				<total>0</total>
				<timestamp>4130.990087</timestamp>
			</report>
			<report>
				<misses>654600001</misses>
				<total>0</total>
				<timestamp>4131.626280</timestamp>
			</report>
			<report>
				<misses>654700001</misses>
				<total>0</total>
				<timestamp>4132.256357</timestamp>
			</report>
			<report>
				<misses>654800001</misses>
				<total>0</total>
				<timestamp>4132.878655</timestamp>
			</report>
			<report>
				<misses>654900001</misses>
				<total>0</total>
				<timestamp>4133.516036</timestamp>
			</report>
			<report>
				<misses>655000001</misses>
				<total>0</total>
				<timestamp>4134.144507</timestamp>
			</report>
			<report>
				<misses>655100001</misses>
				<total>0</total>
				<timestamp>4134.773001</timestamp>
			</report>
			<report>
				<misses>655200001</misses>
				<total>0</total>
				<timestamp>4135.406216</timestamp>
			</report>
			<report>
				<misses>655300001</misses>
				<total>0</total>
				<timestamp>4136.039945</timestamp>
			</report>
			<report>
				<misses>655400001</misses>
				<total>0</total>
				<timestamp>4136.670757</timestamp>
			</report>
			<report>
				<misses>655500001</misses>
				<total>0</total>
				<timestamp>4137.302054</timestamp>
			</report>
			<report>
				<misses>655600001</misses>
				<total>0</total>
				<timestamp>4137.927564</timestamp>
			</report>
			<report>
				<misses>655700001</misses>
				<total>0</total>
				<timestamp>4138.551369</timestamp>
			</report>
			<report>
				<misses>655800001</misses>
				<total>0</total>
				<timestamp>4139.175492</timestamp>
			</report>
			<report>
				<misses>655900001</misses>
				<total>0</total>
				<timestamp>4139.810521</timestamp>
			</report>
			<report>
				<misses>656000001</misses>
				<total>0</total>
				<timestamp>4140.436897</timestamp>
			</report>
			<report>
				<misses>656100001</misses>
				<total>0</total>
				<timestamp>4141.064629</timestamp>
			</report>
			<report>
				<misses>656200001</misses>
				<total>0</total>
				<timestamp>4141.692798</timestamp>
			</report>
			<report>
				<misses>656300001</misses>
				<total>0</total>
				<timestamp>4142.337093</timestamp>
			</report>
			<report>
				<misses>656400001</misses>
				<total>0</total>
				<timestamp>4142.963646</timestamp>
			</report>
			<report>
				<misses>656500001</misses>
				<total>0</total>
				<timestamp>4143.616215</timestamp>
			</report>
			<report>
				<misses>656600001</misses>
				<total>0</total>
				<timestamp>4144.240324</timestamp>
			</report>
			<report>
				<misses>656700001</misses>
				<total>0</total>
				<timestamp>4144.867125</timestamp>
			</report>
			<report>
				<misses>656800001</misses>
				<total>0</total>
				<timestamp>4145.494280</timestamp>
			</report>
			<report>
				<misses>656900001</misses>
				<total>0</total>
				<timestamp>4146.128890</timestamp>
			</report>
			<report>
				<misses>657000001</misses>
				<total>0</total>
				<timestamp>4146.756160</timestamp>
			</report>
			<report>
				<misses>657100001</misses>
				<total>0</total>
				<timestamp>4147.382471</timestamp>
			</report>
			<report>
				<misses>657200001</misses>
				<total>0</total>
				<timestamp>4148.009932</timestamp>
			</report>
			<report>
				<misses>657300001</misses>
				<total>0</total>
				<timestamp>4148.631403</timestamp>
			</report>
			<report>
				<misses>657400001</misses>
				<total>0</total>
				<timestamp>4149.260259</timestamp>
			</report>
			<report>
				<misses>657500001</misses>
				<total>0</total>
				<timestamp>4149.885653</timestamp>
			</report>
			<report>
				<misses>657600001</misses>
				<total>0</total>
				<timestamp>4150.513117</timestamp>
			</report>
			<report>
				<misses>657700001</misses>
				<total>0</total>
				<timestamp>4151.142768</timestamp>
			</report>
			<report>
				<misses>657800001</misses>
				<total>0</total>
				<timestamp>4151.778685</timestamp>
			</report>
			<report>
				<misses>657900001</misses>
				<total>0</total>
				<timestamp>4152.407156</timestamp>
			</report>
			<report>
				<misses>658000001</misses>
				<total>0</total>
				<timestamp>4153.034150</timestamp>
			</report>
			<report>
				<misses>658100001</misses>
				<total>0</total>
				<timestamp>4153.657550</timestamp>
			</report>
			<report>
				<misses>658200001</misses>
				<total>0</total>
				<timestamp>4154.284585</timestamp>
			</report>
			<report>
				<misses>658300001</misses>
				<total>0</total>
				<timestamp>4154.915732</timestamp>
			</report>
			<report>
				<misses>658400001</misses>
				<total>0</total>
				<timestamp>4155.541648</timestamp>
			</report>
			<report>
				<misses>658500001</misses>
				<total>0</total>
				<timestamp>4156.171609</timestamp>
			</report>
			<report>
				<misses>658600001</misses>
				<total>0</total>
				<timestamp>4156.799878</timestamp>
			</report>
			<report>
				<misses>658700001</misses>
				<total>0</total>
				<timestamp>4157.426186</timestamp>
			</report>
			<report>
				<misses>658800001</misses>
				<total>0</total>
				<timestamp>4158.057501</timestamp>
			</report>
			<report>
				<misses>658900001</misses>
				<total>0</total>
				<timestamp>4158.692272</timestamp>
			</report>
			<report>
				<misses>659000001</misses>
				<total>0</total>
				<timestamp>4159.330182</timestamp>
			</report>
			<report>
				<misses>659100001</misses>
				<total>0</total>
				<timestamp>4159.958986</timestamp>
			</report>
			<report>
				<misses>659200001</misses>
				<total>0</total>
				<timestamp>4160.604479</timestamp>
			</report>
			<report>
				<misses>659300001</misses>
				<total>0</total>
				<timestamp>4161.239904</timestamp>
			</report>
			<report>
				<misses>659400001</misses>
				<total>0</total>
				<timestamp>4161.877031</timestamp>
			</report>
			<report>
				<misses>659500001</misses>
				<total>0</total>
				<timestamp>4162.503707</timestamp>
			</report>
			<report>
				<misses>659600001</misses>
				<total>0</total>
				<timestamp>4163.130414</timestamp>
			</report>
			<report>
				<misses>659700001</misses>
				<total>0</total>
				<timestamp>4163.753235</timestamp>
			</report>
			<report>
				<misses>659800001</misses>
				<total>0</total>
				<timestamp>4164.376287</timestamp>
			</report>
			<report>
				<misses>659900001</misses>
				<total>0</total>
				<timestamp>4165.001946</timestamp>
			</report>
			<report>
				<misses>660000001</misses>
				<total>0</total>
				<timestamp>4165.632025</timestamp>
			</report>
			<report>
				<misses>660100001</misses>
				<total>0</total>
				<timestamp>4166.267244</timestamp>
			</report>
			<report>
				<misses>660200001</misses>
				<total>0</total>
				<timestamp>4166.893196</timestamp>
			</report>
			<report>
				<misses>660300001</misses>
				<total>0</total>
				<timestamp>4167.520541</timestamp>
			</report>
			<report>
				<misses>660400001</misses>
				<total>0</total>
				<timestamp>4168.150488</timestamp>
			</report>
			<report>
				<misses>660500001</misses>
				<total>0</total>
				<timestamp>4168.789206</timestamp>
			</report>
			<report>
				<misses>660600001</misses>
				<total>0</total>
				<timestamp>4169.414787</timestamp>
			</report>
			<report>
				<misses>660700001</misses>
				<total>0</total>
				<timestamp>4170.053996</timestamp>
			</report>
			<report>
				<misses>660800001</misses>
				<total>0</total>
				<timestamp>4170.679083</timestamp>
			</report>
			<report>
				<misses>660900001</misses>
				<total>0</total>
				<timestamp>4171.306356</timestamp>
			</report>
			<report>
				<misses>661000001</misses>
				<total>0</total>
				<timestamp>4171.928618</timestamp>
			</report>
			<report>
				<misses>661100001</misses>
				<total>0</total>
				<timestamp>4172.560495</timestamp>
			</report>
			<report>
				<misses>661200001</misses>
				<total>0</total>
				<timestamp>4173.191674</timestamp>
			</report>
			<report>
				<misses>661300001</misses>
				<total>0</total>
				<timestamp>4173.819289</timestamp>
			</report>
			<report>
				<misses>661400001</misses>
				<total>0</total>
				<timestamp>4174.454535</timestamp>
			</report>
			<report>
				<misses>661500001</misses>
				<total>0</total>
				<timestamp>4175.082083</timestamp>
			</report>
			<report>
				<misses>661600001</misses>
				<total>0</total>
				<timestamp>4175.707205</timestamp>
			</report>
			<report>
				<misses>661700001</misses>
				<total>0</total>
				<timestamp>4176.331719</timestamp>
			</report>
			<report>
				<misses>661800001</misses>
				<total>0</total>
				<timestamp>4176.964223</timestamp>
			</report>
			<report>
				<misses>661900001</misses>
				<total>0</total>
				<timestamp>4177.590845</timestamp>
			</report>
			<report>
				<misses>662000001</misses>
				<total>0</total>
				<timestamp>4178.220468</timestamp>
			</report>
			<report>
				<misses>662100001</misses>
				<total>0</total>
				<timestamp>4178.848829</timestamp>
			</report>
			<report>
				<misses>662200001</misses>
				<total>0</total>
				<timestamp>4179.472228</timestamp>
			</report>
			<report>
				<misses>662300001</misses>
				<total>0</total>
				<timestamp>4180.101404</timestamp>
			</report>
			<report>
				<misses>662400001</misses>
				<total>0</total>
				<timestamp>4180.734100</timestamp>
			</report>
			<report>
				<misses>662500001</misses>
				<total>0</total>
				<timestamp>4181.371372</timestamp>
			</report>
			<report>
				<misses>662600001</misses>
				<total>0</total>
				<timestamp>4182.003238</timestamp>
			</report>
			<report>
				<misses>662700001</misses>
				<total>0</total>
				<timestamp>4182.631215</timestamp>
			</report>
			<report>
				<misses>662800001</misses>
				<total>0</total>
				<timestamp>4183.257651</timestamp>
			</report>
			<report>
				<misses>662900001</misses>
				<total>0</total>
				<timestamp>4183.889627</timestamp>
			</report>
			<report>
				<misses>663000001</misses>
				<total>0</total>
				<timestamp>4184.516415</timestamp>
			</report>
			<report>
				<misses>663100001</misses>
				<total>0</total>
				<timestamp>4185.152603</timestamp>
			</report>
			<report>
				<misses>663200001</misses>
				<total>0</total>
				<timestamp>4185.782517</timestamp>
			</report>
			<report>
				<misses>663300001</misses>
				<total>0</total>
				<timestamp>4186.406305</timestamp>
			</report>
			<report>
				<misses>663400001</misses>
				<total>0</total>
				<timestamp>4187.033781</timestamp>
			</report>
			<report>
				<misses>663500001</misses>
				<total>0</total>
				<timestamp>4187.662257</timestamp>
			</report>
			<report>
				<misses>663600001</misses>
				<total>0</total>
				<timestamp>4188.286932</timestamp>
			</report>
			<report>
				<misses>663700001</misses>
				<total>0</total>
				<timestamp>4188.917334</timestamp>
			</report>
			<report>
				<misses>663800001</misses>
				<total>0</total>
				<timestamp>4189.542665</timestamp>
			</report>
			<report>
				<misses>663900001</misses>
				<total>0</total>
				<timestamp>4190.174180</timestamp>
			</report>
			<report>
				<misses>664000001</misses>
				<total>0</total>
				<timestamp>4190.802396</timestamp>
			</report>
			<report>
				<misses>664100001</misses>
				<total>0</total>
				<timestamp>4191.438088</timestamp>
			</report>
			<report>
				<misses>664200001</misses>
				<total>0</total>
				<timestamp>4192.067329</timestamp>
			</report>
			<report>
				<misses>664300001</misses>
				<total>0</total>
				<timestamp>4192.703010</timestamp>
			</report>
			<report>
				<misses>664400001</misses>
				<total>0</total>
				<timestamp>4193.345334</timestamp>
			</report>
			<report>
				<misses>664500001</misses>
				<total>0</total>
				<timestamp>4193.975584</timestamp>
			</report>
			<report>
				<misses>664600001</misses>
				<total>0</total>
				<timestamp>4194.622444</timestamp>
			</report>
			<report>
				<misses>664700001</misses>
				<total>0</total>
				<timestamp>4195.252190</timestamp>
			</report>
			<report>
				<misses>664800001</misses>
				<total>0</total>
				<timestamp>4195.882573</timestamp>
			</report>
			<report>
				<misses>664900001</misses>
				<total>0</total>
				<timestamp>4196.510298</timestamp>
			</report>
			<report>
				<misses>665000001</misses>
				<total>0</total>
				<timestamp>4197.142799</timestamp>
			</report>
			<report>
				<misses>665100001</misses>
				<total>0</total>
				<timestamp>4197.778958</timestamp>
			</report>
			<report>
				<misses>665200001</misses>
				<total>0</total>
				<timestamp>4198.405981</timestamp>
			</report>
			<report>
				<misses>665300001</misses>
				<total>0</total>
				<timestamp>4199.033129</timestamp>
			</report>
			<report>
				<misses>665400001</misses>
				<total>0</total>
				<timestamp>4199.661560</timestamp>
			</report>
			<report>
				<misses>665500001</misses>
				<total>0</total>
				<timestamp>4200.285783</timestamp>
			</report>
			<report>
				<misses>665600001</misses>
				<total>0</total>
				<timestamp>4200.917726</timestamp>
			</report>
			<report>
				<misses>665700001</misses>
				<total>0</total>
				<timestamp>4201.552561</timestamp>
			</report>
			<report>
				<misses>665800001</misses>
				<total>0</total>
				<timestamp>4202.184607</timestamp>
			</report>
			<report>
				<misses>665900001</misses>
				<total>0</total>
				<timestamp>4202.813611</timestamp>
			</report>
			<report>
				<misses>666000001</misses>
				<total>0</total>
				<timestamp>4203.442383</timestamp>
			</report>
			<report>
				<misses>666100001</misses>
				<total>0</total>
				<timestamp>4204.068216</timestamp>
			</report>
			<report>
				<misses>666200001</misses>
				<total>0</total>
				<timestamp>4204.700721</timestamp>
			</report>
			<report>
				<misses>666300001</misses>
				<total>0</total>
				<timestamp>4205.331632</timestamp>
			</report>
			<report>
				<misses>666400001</misses>
				<total>0</total>
				<timestamp>4205.955575</timestamp>
			</report>
			<report>
				<misses>666500001</misses>
				<total>0</total>
				<timestamp>4206.581485</timestamp>
			</report>
			<report>
				<misses>666600001</misses>
				<total>0</total>
				<timestamp>4207.215793</timestamp>
			</report>
			<report>
				<misses>666700001</misses>
				<total>0</total>
				<timestamp>4207.841132</timestamp>
			</report>
			<report>
				<misses>666800001</misses>
				<total>0</total>
				<timestamp>4208.468956</timestamp>
			</report>
			<report>
				<misses>666900001</misses>
				<total>0</total>
				<timestamp>4209.105581</timestamp>
			</report>
			<report>
				<misses>667000001</misses>
				<total>0</total>
				<timestamp>4209.732489</timestamp>
			</report>
			<report>
				<misses>667100001</misses>
				<total>0</total>
				<timestamp>4210.375470</timestamp>
			</report>
			<report>
				<misses>667200001</misses>
				<total>0</total>
				<timestamp>4211.018980</timestamp>
			</report>
			<report>
				<misses>667300001</misses>
				<total>0</total>
				<timestamp>4211.655244</timestamp>
			</report>
			<report>
				<misses>667400001</misses>
				<total>0</total>
				<timestamp>4212.284397</timestamp>
			</report>
			<report>
				<misses>667500001</misses>
				<total>0</total>
				<timestamp>4212.908794</timestamp>
			</report>
			<report>
				<misses>667600001</misses>
				<total>0</total>
				<timestamp>4213.535834</timestamp>
			</report>
			<report>
				<misses>667700001</misses>
				<total>0</total>
				<timestamp>4214.165817</timestamp>
			</report>
			<report>
				<misses>667800001</misses>
				<total>0</total>
				<timestamp>4214.797133</timestamp>
			</report>
			<report>
				<misses>667900001</misses>
				<total>0</total>
				<timestamp>4215.427271</timestamp>
			</report>
			<report>
				<misses>668000001</misses>
				<total>0</total>
				<timestamp>4216.057131</timestamp>
			</report>
			<report>
				<misses>668100001</misses>
				<total>0</total>
				<timestamp>4216.701362</timestamp>
			</report>
			<report>
				<misses>668200001</misses>
				<total>0</total>
				<timestamp>4217.342782</timestamp>
			</report>
			<report>
				<misses>668300001</misses>
				<total>0</total>
				<timestamp>4217.968749</timestamp>
			</report>
			<report>
				<misses>668400001</misses>
				<total>0</total>
				<timestamp>4218.590428</timestamp>
			</report>
			<report>
				<misses>668500001</misses>
				<total>0</total>
				<timestamp>4219.222493</timestamp>
			</report>
			<report>
				<misses>668600001</misses>
				<total>0</total>
				<timestamp>4219.849409</timestamp>
			</report>
			<report>
				<misses>668700001</misses>
				<total>0</total>
				<timestamp>4220.473969</timestamp>
			</report>
			<report>
				<misses>668800001</misses>
				<total>0</total>
				<timestamp>4221.096900</timestamp>
			</report>
			<report>
				<misses>668900001</misses>
				<total>0</total>
				<timestamp>4221.726206</timestamp>
			</report>
			<report>
				<misses>669000001</misses>
				<total>0</total>
				<timestamp>4222.359823</timestamp>
			</report>
			<report>
				<misses>669100001</misses>
				<total>0</total>
				<timestamp>4222.985540</timestamp>
			</report>
			<report>
				<misses>669200001</misses>
				<total>0</total>
				<timestamp>4223.610257</timestamp>
			</report>
			<report>
				<misses>669300001</misses>
				<total>0</total>
				<timestamp>4224.243616</timestamp>
			</report>
			<report>
				<misses>669400001</misses>
				<total>0</total>
				<timestamp>4224.870882</timestamp>
			</report>
			<report>
				<misses>669500001</misses>
				<total>0</total>
				<timestamp>4225.500124</timestamp>
			</report>
			<report>
				<misses>669600001</misses>
				<total>0</total>
				<timestamp>4226.127453</timestamp>
			</report>
			<report>
				<misses>669700001</misses>
				<total>0</total>
				<timestamp>4226.759878</timestamp>
			</report>
			<report>
				<misses>669800001</misses>
				<total>0</total>
				<timestamp>4227.393381</timestamp>
			</report>
			<report>
				<misses>669900001</misses>
				<total>0</total>
				<timestamp>4228.026540</timestamp>
			</report>
			<report>
				<misses>670000001</misses>
				<total>0</total>
				<timestamp>4228.658122</timestamp>
			</report>
			<report>
				<misses>670100001</misses>
				<total>0</total>
				<timestamp>4229.290611</timestamp>
			</report>
			<report>
				<misses>670200001</misses>
				<total>0</total>
				<timestamp>4229.915144</timestamp>
			</report>
			<report>
				<misses>670300001</misses>
				<total>0</total>
				<timestamp>4230.543794</timestamp>
			</report>
			<report>
				<misses>670400001</misses>
				<total>0</total>
				<timestamp>4231.171717</timestamp>
			</report>
			<report>
				<misses>670500001</misses>
				<total>0</total>
				<timestamp>4231.803642</timestamp>
			</report>
			<report>
				<misses>670600001</misses>
				<total>0</total>
				<timestamp>4232.426483</timestamp>
			</report>
			<report>
				<misses>670700001</misses>
				<total>0</total>
				<timestamp>4233.050668</timestamp>
			</report>
			<report>
				<misses>670800001</misses>
				<total>0</total>
				<timestamp>4233.678326</timestamp>
			</report>
			<report>
				<misses>670900001</misses>
				<total>0</total>
				<timestamp>4234.302643</timestamp>
			</report>
			<report>
				<misses>671000001</misses>
				<total>0</total>
				<timestamp>4234.931497</timestamp>
			</report>
			<report>
				<misses>671100001</misses>
				<total>0</total>
				<timestamp>4235.559087</timestamp>
			</report>
			<report>
				<misses>671200001</misses>
				<total>0</total>
				<timestamp>4236.201996</timestamp>
			</report>
			<report>
				<misses>671300001</misses>
				<total>0</total>
				<timestamp>4236.830878</timestamp>
			</report>
			<report>
				<misses>671400001</misses>
				<total>0</total>
				<timestamp>4237.463777</timestamp>
			</report>
			<report>
				<misses>671500001</misses>
				<total>0</total>
				<timestamp>4238.102420</timestamp>
			</report>
			<report>
				<misses>671600001</misses>
				<total>0</total>
				<timestamp>4238.726460</timestamp>
			</report>
			<report>
				<misses>671700001</misses>
				<total>0</total>
				<timestamp>4239.372780</timestamp>
			</report>
			<report>
				<misses>671800001</misses>
				<total>0</total>
				<timestamp>4240.006297</timestamp>
			</report>
			<report>
				<misses>671900001</misses>
				<total>0</total>
				<timestamp>4240.638010</timestamp>
			</report>
			<report>
				<misses>672000001</misses>
				<total>0</total>
				<timestamp>4241.264351</timestamp>
			</report>
			<report>
				<misses>672100001</misses>
				<total>0</total>
				<timestamp>4241.892312</timestamp>
			</report>
			<report>
				<misses>672200001</misses>
				<total>0</total>
				<timestamp>4242.528930</timestamp>
			</report>
			<report>
				<misses>672300001</misses>
				<total>0</total>
				<timestamp>4243.157232</timestamp>
			</report>
			<report>
				<misses>672400001</misses>
				<total>0</total>
				<timestamp>4243.789965</timestamp>
			</report>
			<report>
				<misses>672500001</misses>
				<total>0</total>
				<timestamp>4244.417435</timestamp>
			</report>
			<report>
				<misses>672600001</misses>
				<total>0</total>
				<timestamp>4245.050628</timestamp>
			</report>
			<report>
				<misses>672700001</misses>
				<total>0</total>
				<timestamp>4245.694873</timestamp>
			</report>
			<report>
				<misses>672800001</misses>
				<total>0</total>
				<timestamp>4246.332684</timestamp>
			</report>
			<report>
				<misses>672900001</misses>
				<total>0</total>
				<timestamp>4246.956011</timestamp>
			</report>
			<report>
				<misses>673000001</misses>
				<total>0</total>
				<timestamp>4247.584346</timestamp>
			</report>
			<report>
				<misses>673100001</misses>
				<total>0</total>
				<timestamp>4248.209965</timestamp>
			</report>
			<report>
				<misses>673200001</misses>
				<total>0</total>
				<timestamp>4248.834999</timestamp>
			</report>
			<report>
				<misses>673300001</misses>
				<total>0</total>
				<timestamp>4249.457234</timestamp>
			</report>
			<report>
				<misses>673400001</misses>
				<total>0</total>
				<timestamp>4250.088230</timestamp>
			</report>
			<report>
				<misses>673500001</misses>
				<total>0</total>
				<timestamp>4250.716125</timestamp>
			</report>
			<report>
				<misses>673600001</misses>
				<total>0</total>
				<timestamp>4251.355831</timestamp>
			</report>
			<report>
				<misses>673700001</misses>
				<total>0</total>
				<timestamp>4251.984114</timestamp>
			</report>
			<report>
				<misses>673800001</misses>
				<total>0</total>
				<timestamp>4252.610547</timestamp>
			</report>
			<report>
				<misses>673900001</misses>
				<total>0</total>
				<timestamp>4253.244339</timestamp>
			</report>
			<report>
				<misses>674000001</misses>
				<total>0</total>
				<timestamp>4253.879997</timestamp>
			</report>
			<report>
				<misses>674100001</misses>
				<total>0</total>
				<timestamp>4254.509296</timestamp>
			</report>
			<report>
				<misses>674200001</misses>
				<total>0</total>
				<timestamp>4255.140617</timestamp>
			</report>
			<report>
				<misses>674300001</misses>
				<total>0</total>
				<timestamp>4255.783218</timestamp>
			</report>
			<report>
				<misses>674400001</misses>
				<total>0</total>
				<timestamp>4256.409428</timestamp>
			</report>
			<report>
				<misses>674500001</misses>
				<total>0</total>
				<timestamp>4257.035249</timestamp>
			</report>
			<report>
				<misses>674600001</misses>
				<total>0</total>
				<timestamp>4257.669538</timestamp>
			</report>
			<report>
				<misses>674700001</misses>
				<total>0</total>
				<timestamp>4258.300210</timestamp>
			</report>
			<report>
				<misses>674800001</misses>
				<total>0</total>
				<timestamp>4258.931421</timestamp>
			</report>
			<report>
				<misses>674900001</misses>
				<total>0</total>
				<timestamp>4259.558338</timestamp>
			</report>
			<report>
				<misses>675000001</misses>
				<total>0</total>
				<timestamp>4260.185732</timestamp>
			</report>
			<report>
				<misses>675100001</misses>
				<total>0</total>
				<timestamp>4260.821290</timestamp>
			</report>
			<report>
				<misses>675200001</misses>
				<total>0</total>
				<timestamp>4261.448839</timestamp>
			</report>
			<report>
				<misses>675300001</misses>
				<total>0</total>
				<timestamp>4262.088377</timestamp>
			</report>
			<report>
				<misses>675400001</misses>
				<total>0</total>
				<timestamp>4262.725769</timestamp>
			</report>
			<report>
				<misses>675500001</misses>
				<total>0</total>
				<timestamp>4263.356399</timestamp>
			</report>
			<report>
				<misses>675600001</misses>
				<total>0</total>
				<timestamp>4263.988369</timestamp>
			</report>
			<report>
				<misses>675700001</misses>
				<total>0</total>
				<timestamp>4264.618753</timestamp>
			</report>
			<report>
				<misses>675800001</misses>
				<total>0</total>
				<timestamp>4265.245604</timestamp>
			</report>
			<report>
				<misses>675900001</misses>
				<total>0</total>
				<timestamp>4265.880266</timestamp>
			</report>
			<report>
				<misses>676000001</misses>
				<total>0</total>
				<timestamp>4266.515514</timestamp>
			</report>
			<report>
				<misses>676100001</misses>
				<total>0</total>
				<timestamp>4267.161013</timestamp>
			</report>
			<report>
				<misses>676200001</misses>
				<total>0</total>
				<timestamp>4267.794159</timestamp>
			</report>
			<report>
				<misses>676300001</misses>
				<total>0</total>
				<timestamp>4268.425943</timestamp>
			</report>
			<report>
				<misses>676400001</misses>
				<total>0</total>
				<timestamp>4269.051008</timestamp>
			</report>
			<report>
				<misses>676500001</misses>
				<total>0</total>
				<timestamp>4269.681885</timestamp>
			</report>
			<report>
				<misses>676600001</misses>
				<total>0</total>
				<timestamp>4270.316641</timestamp>
			</report>
			<report>
				<misses>676700001</misses>
				<total>0</total>
				<timestamp>4270.945283</timestamp>
			</report>
			<report>
				<misses>676800001</misses>
				<total>0</total>
				<timestamp>4271.579914</timestamp>
			</report>
			<report>
				<misses>676900001</misses>
				<total>0</total>
				<timestamp>4272.212441</timestamp>
			</report>
			<report>
				<misses>677000001</misses>
				<total>0</total>
				<timestamp>4272.838756</timestamp>
			</report>
			<report>
				<misses>677100001</misses>
				<total>0</total>
				<timestamp>4273.474309</timestamp>
			</report>
			<report>
				<misses>677200001</misses>
				<total>0</total>
				<timestamp>4274.111050</timestamp>
			</report>
			<report>
				<misses>677300001</misses>
				<total>0</total>
				<timestamp>4274.740676</timestamp>
			</report>
			<report>
				<misses>677400001</misses>
				<total>0</total>
				<timestamp>4275.369504</timestamp>
			</report>
			<report>
				<misses>677500001</misses>
				<total>0</total>
				<timestamp>4275.996829</timestamp>
			</report>
			<report>
				<misses>677600001</misses>
				<total>0</total>
				<timestamp>4276.624429</timestamp>
			</report>
			<report>
				<misses>677700001</misses>
				<total>0</total>
				<timestamp>4277.257664</timestamp>
			</report>
			<report>
				<misses>677800001</misses>
				<total>0</total>
				<timestamp>4277.892851</timestamp>
			</report>
			<report>
				<misses>677900001</misses>
				<total>0</total>
				<timestamp>4278.530413</timestamp>
			</report>
			<report>
				<misses>678000001</misses>
				<total>0</total>
				<timestamp>4279.155511</timestamp>
			</report>
			<report>
				<misses>678100001</misses>
				<total>0</total>
				<timestamp>4279.795505</timestamp>
			</report>
			<report>
				<misses>678200001</misses>
				<total>0</total>
				<timestamp>4280.449101</timestamp>
			</report>
			<report>
				<misses>678300001</misses>
				<total>0</total>
				<timestamp>4281.086279</timestamp>
			</report>
			<report>
				<misses>678400001</misses>
				<total>0</total>
				<timestamp>4281.714484</timestamp>
			</report>
			<report>
				<misses>678500001</misses>
				<total>0</total>
				<timestamp>4282.355118</timestamp>
			</report>
			<report>
				<misses>678600001</misses>
				<total>0</total>
				<timestamp>4282.986008</timestamp>
			</report>
			<report>
				<misses>678700001</misses>
				<total>0</total>
				<timestamp>4283.614242</timestamp>
			</report>
			<report>
				<misses>678800001</misses>
				<total>0</total>
				<timestamp>4284.252562</timestamp>
			</report>
			<report>
				<misses>678900001</misses>
				<total>0</total>
				<timestamp>4284.882311</timestamp>
			</report>
			<report>
				<misses>679000001</misses>
				<total>0</total>
				<timestamp>4285.506314</timestamp>
			</report>
			<report>
				<misses>679100001</misses>
				<total>0</total>
				<timestamp>4286.134194</timestamp>
			</report>
			<report>
				<misses>679200001</misses>
				<total>0</total>
				<timestamp>4286.761743</timestamp>
			</report>
			<report>
				<misses>679300001</misses>
				<total>0</total>
				<timestamp>4287.396159</timestamp>
			</report>
			<report>
				<misses>679400001</misses>
				<total>0</total>
				<timestamp>4288.025766</timestamp>
			</report>
			<report>
				<misses>679500001</misses>
				<total>0</total>
				<timestamp>4288.647899</timestamp>
			</report>
			<report>
				<misses>679600001</misses>
				<total>0</total>
				<timestamp>4289.275173</timestamp>
			</report>
			<report>
				<misses>679700001</misses>
				<total>0</total>
				<timestamp>4289.913221</timestamp>
			</report>
			<report>
				<misses>679800001</misses>
				<total>0</total>
				<timestamp>4290.550638</timestamp>
			</report>
			<report>
				<misses>679900001</misses>
				<total>0</total>
				<timestamp>4291.180428</timestamp>
			</report>
			<report>
				<misses>680000001</misses>
				<total>0</total>
				<timestamp>4291.826964</timestamp>
			</report>
			<report>
				<misses>680100001</misses>
				<total>0</total>
				<timestamp>4292.470387</timestamp>
			</report>
			<report>
				<misses>680200001</misses>
				<total>0</total>
				<timestamp>4293.098573</timestamp>
			</report>
			<report>
				<misses>680300001</misses>
				<total>0</total>
				<timestamp>4293.727392</timestamp>
			</report>
			<report>
				<misses>680400001</misses>
				<total>0</total>
				<timestamp>4294.361439</timestamp>
			</report>
			<report>
				<misses>680500001</misses>
				<total>0</total>
				<timestamp>4295.000637</timestamp>
			</report>
			<report>
				<misses>680600001</misses>
				<total>0</total>
				<timestamp>4295.652987</timestamp>
			</report>
			<report>
				<misses>680700001</misses>
				<total>0</total>
				<timestamp>4296.291261</timestamp>
			</report>
			<report>
				<misses>680800001</misses>
				<total>0</total>
				<timestamp>4296.924188</timestamp>
			</report>
			<report>
				<misses>680900001</misses>
				<total>0</total>
				<timestamp>4297.580771</timestamp>
			</report>
			<report>
				<misses>681000001</misses>
				<total>0</total>
				<timestamp>4298.209827</timestamp>
			</report>
			<report>
				<misses>681100001</misses>
				<total>0</total>
				<timestamp>4298.840489</timestamp>
			</report>
			<report>
				<misses>681200001</misses>
				<total>0</total>
				<timestamp>4299.476200</timestamp>
			</report>
			<report>
				<misses>681300001</misses>
				<total>0</total>
				<timestamp>4300.105303</timestamp>
			</report>
			<report>
				<misses>681400001</misses>
				<total>0</total>
				<timestamp>4300.734267</timestamp>
			</report>
			<report>
				<misses>681500001</misses>
				<total>0</total>
				<timestamp>4301.360836</timestamp>
			</report>
			<report>
				<misses>681600001</misses>
				<total>0</total>
				<timestamp>4301.985238</timestamp>
			</report>
			<report>
				<misses>681700001</misses>
				<total>0</total>
				<timestamp>4302.611819</timestamp>
			</report>
			<report>
				<misses>681800001</misses>
				<total>0</total>
				<timestamp>4303.257462</timestamp>
			</report>
			<report>
				<misses>681900001</misses>
				<total>0</total>
				<timestamp>4303.885134</timestamp>
			</report>
			<report>
				<misses>682000001</misses>
				<total>0</total>
				<timestamp>4304.523198</timestamp>
			</report>
			<report>
				<misses>682100001</misses>
				<total>0</total>
				<timestamp>4305.162607</timestamp>
			</report>
			<report>
				<misses>682200001</misses>
				<total>0</total>
				<timestamp>4305.786296</timestamp>
			</report>
			<report>
				<misses>682300001</misses>
				<total>0</total>
				<timestamp>4306.418833</timestamp>
			</report>
			<report>
				<misses>682400001</misses>
				<total>0</total>
				<timestamp>4307.049812</timestamp>
			</report>
			<report>
				<misses>682500001</misses>
				<total>0</total>
				<timestamp>4307.677207</timestamp>
			</report>
			<report>
				<misses>682600001</misses>
				<total>0</total>
				<timestamp>4308.311558</timestamp>
			</report>
			<report>
				<misses>682700001</misses>
				<total>0</total>
				<timestamp>4308.938793</timestamp>
			</report>
			<report>
				<misses>682800001</misses>
				<total>0</total>
				<timestamp>4309.561967</timestamp>
			</report>
			<report>
				<misses>682900001</misses>
				<total>0</total>
				<timestamp>4310.190149</timestamp>
			</report>
			<report>
				<misses>683000001</misses>
				<total>0</total>
				<timestamp>4310.825755</timestamp>
			</report>
			<report>
				<misses>683100001</misses>
				<total>0</total>
				<timestamp>4311.458598</timestamp>
			</report>
			<report>
				<misses>683200001</misses>
				<total>0</total>
				<timestamp>4312.087405</timestamp>
			</report>
			<report>
				<misses>683300001</misses>
				<total>0</total>
				<timestamp>4312.712832</timestamp>
			</report>
			<report>
				<misses>683400001</misses>
				<total>0</total>
				<timestamp>4313.355925</timestamp>
			</report>
			<report>
				<misses>683500001</misses>
				<total>0</total>
				<timestamp>4313.984341</timestamp>
			</report>
			<report>
				<misses>683600001</misses>
				<total>0</total>
				<timestamp>4314.610694</timestamp>
			</report>
			<report>
				<misses>683700001</misses>
				<total>0</total>
				<timestamp>4315.242465</timestamp>
			</report>
			<report>
				<misses>683800001</misses>
				<total>0</total>
				<timestamp>4315.873074</timestamp>
			</report>
			<report>
				<misses>683900001</misses>
				<total>0</total>
				<timestamp>4316.499098</timestamp>
			</report>
			<report>
				<misses>684000001</misses>
				<total>0</total>
				<timestamp>4317.128303</timestamp>
			</report>
			<report>
				<misses>684100001</misses>
				<total>0</total>
				<timestamp>4317.762963</timestamp>
			</report>
			<report>
				<misses>684200001</misses>
				<total>0</total>
				<timestamp>4318.397368</timestamp>
			</report>
			<report>
				<misses>684300001</misses>
				<total>0</total>
				<timestamp>4319.026941</timestamp>
			</report>
			<report>
				<misses>684400001</misses>
				<total>0</total>
				<timestamp>4319.654768</timestamp>
			</report>
			<report>
				<misses>684500001</misses>
				<total>0</total>
				<timestamp>4320.282561</timestamp>
			</report>
			<report>
				<misses>684600001</misses>
				<total>0</total>
				<timestamp>4320.916460</timestamp>
			</report>
			<report>
				<misses>684700001</misses>
				<total>0</total>
				<timestamp>4321.564988</timestamp>
			</report>
			<report>
				<misses>684800001</misses>
				<total>0</total>
				<timestamp>4322.201069</timestamp>
			</report>
			<report>
				<misses>684900001</misses>
				<total>0</total>
				<timestamp>4322.823500</timestamp>
			</report>
			<report>
				<misses>685000001</misses>
				<total>0</total>
				<timestamp>4323.461734</timestamp>
			</report>
			<report>
				<misses>685100001</misses>
				<total>0</total>
				<timestamp>4324.087459</timestamp>
			</report>
			<report>
				<misses>685200001</misses>
				<total>0</total>
				<timestamp>4324.716968</timestamp>
			</report>
			<report>
				<misses>685300001</misses>
				<total>0</total>
				<timestamp>4325.344626</timestamp>
			</report>
			<report>
				<misses>685400001</misses>
				<total>0</total>
				<timestamp>4325.984233</timestamp>
			</report>
			<report>
				<misses>685500001</misses>
				<total>0</total>
				<timestamp>4326.622214</timestamp>
			</report>
			<report>
				<misses>685600001</misses>
				<total>0</total>
				<timestamp>4327.256494</timestamp>
			</report>
			<report>
				<misses>685700001</misses>
				<total>0</total>
				<timestamp>4327.888657</timestamp>
			</report>
			<report>
				<misses>685800001</misses>
				<total>0</total>
				<timestamp>4328.543311</timestamp>
			</report>
			<report>
				<misses>685900001</misses>
				<total>0</total>
				<timestamp>4329.169885</timestamp>
			</report>
			<report>
				<misses>686000001</misses>
				<total>0</total>
				<timestamp>4329.797482</timestamp>
			</report>
			<report>
				<misses>686100001</misses>
				<total>0</total>
				<timestamp>4330.422088</timestamp>
			</report>
			<report>
				<misses>686200001</misses>
				<total>0</total>
				<timestamp>4331.057793</timestamp>
			</report>
			<report>
				<misses>686300001</misses>
				<total>0</total>
				<timestamp>4331.682351</timestamp>
			</report>
			<report>
				<misses>686400001</misses>
				<total>0</total>
				<timestamp>4332.309513</timestamp>
			</report>
			<report>
				<misses>686500001</misses>
				<total>0</total>
				<timestamp>4332.936444</timestamp>
			</report>
			<report>
				<misses>686600001</misses>
				<total>0</total>
				<timestamp>4333.562964</timestamp>
			</report>
			<report>
				<misses>686700001</misses>
				<total>0</total>
				<timestamp>4334.188514</timestamp>
			</report>
			<report>
				<misses>686800001</misses>
				<total>0</total>
				<timestamp>4334.815726</timestamp>
			</report>
			<report>
				<misses>686900001</misses>
				<total>0</total>
				<timestamp>4335.440821</timestamp>
			</report>
			<report>
				<misses>687000001</misses>
				<total>0</total>
				<timestamp>4336.068163</timestamp>
			</report>
			<report>
				<misses>687100001</misses>
				<total>0</total>
				<timestamp>4336.691706</timestamp>
			</report>
			<report>
				<misses>687200001</misses>
				<total>0</total>
				<timestamp>4337.317239</timestamp>
			</report>
			<report>
				<misses>687300001</misses>
				<total>0</total>
				<timestamp>4337.954496</timestamp>
			</report>
			<report>
				<misses>687400001</misses>
				<total>0</total>
				<timestamp>4338.583787</timestamp>
			</report>
			<report>
				<misses>687500001</misses>
				<total>0</total>
				<timestamp>4339.214677</timestamp>
			</report>
			<report>
				<misses>687600001</misses>
				<total>0</total>
				<timestamp>4339.842113</timestamp>
			</report>
			<report>
				<misses>687700001</misses>
				<total>0</total>
				<timestamp>4340.469711</timestamp>
			</report>
			<report>
				<misses>687800001</misses>
				<total>0</total>
				<timestamp>4341.097826</timestamp>
			</report>
			<report>
				<misses>687900001</misses>
				<total>0</total>
				<timestamp>4341.723467</timestamp>
			</report>
			<report>
				<misses>688000001</misses>
				<total>0</total>
				<timestamp>4342.361697</timestamp>
			</report>
			<report>
				<misses>688100001</misses>
				<total>0</total>
				<timestamp>4342.989376</timestamp>
			</report>
			<report>
				<misses>688200001</misses>
				<total>0</total>
				<timestamp>4343.618986</timestamp>
			</report>
			<report>
				<misses>688300001</misses>
				<total>0</total>
				<timestamp>4344.246111</timestamp>
			</report>
			<report>
				<misses>688400001</misses>
				<total>0</total>
				<timestamp>4344.874991</timestamp>
			</report>
			<report>
				<misses>688500001</misses>
				<total>0</total>
				<timestamp>4345.517435</timestamp>
			</report>
			<report>
				<misses>688600001</misses>
				<total>0</total>
				<timestamp>4346.140037</timestamp>
			</report>
			<report>
				<misses>688700001</misses>
				<total>0</total>
				<timestamp>4346.767484</timestamp>
			</report>
			<report>
				<misses>688800001</misses>
				<total>0</total>
				<timestamp>4347.395967</timestamp>
			</report>
			<report>
				<misses>688900001</misses>
				<total>0</total>
				<timestamp>4348.022716</timestamp>
			</report>
			<report>
				<misses>689000001</misses>
				<total>0</total>
				<timestamp>4348.655735</timestamp>
			</report>
			<report>
				<misses>689100001</misses>
				<total>0</total>
				<timestamp>4349.288009</timestamp>
			</report>
			<report>
				<misses>689200001</misses>
				<total>0</total>
				<timestamp>4349.917634</timestamp>
			</report>
			<report>
				<misses>689300001</misses>
				<total>0</total>
				<timestamp>4350.546904</timestamp>
			</report>
			<report>
				<misses>689400001</misses>
				<total>0</total>
				<timestamp>4351.177370</timestamp>
			</report>
			<report>
				<misses>689500001</misses>
				<total>0</total>
				<timestamp>4351.798805</timestamp>
			</report>
			<report>
				<misses>689600001</misses>
				<total>0</total>
				<timestamp>4352.434206</timestamp>
			</report>
			<report>
				<misses>689700001</misses>
				<total>0</total>
				<timestamp>4353.065411</timestamp>
			</report>
			<report>
				<misses>689800001</misses>
				<total>0</total>
				<timestamp>4353.699326</timestamp>
			</report>
			<report>
				<misses>689900001</misses>
				<total>0</total>
				<timestamp>4354.346463</timestamp>
			</report>
			<report>
				<misses>690000001</misses>
				<total>0</total>
				<timestamp>4354.987200</timestamp>
			</report>
			<report>
				<misses>690100001</misses>
				<total>0</total>
				<timestamp>4355.618424</timestamp>
			</report>
			<report>
				<misses>690200001</misses>
				<total>0</total>
				<timestamp>4356.255551</timestamp>
			</report>
			<report>
				<misses>690300001</misses>
				<total>0</total>
				<timestamp>4356.883422</timestamp>
			</report>
			<report>
				<misses>690400001</misses>
				<total>0</total>
				<timestamp>4357.513577</timestamp>
			</report>
			<report>
				<misses>690500001</misses>
				<total>0</total>
				<timestamp>4358.148385</timestamp>
			</report>
			<report>
				<misses>690600001</misses>
				<total>0</total>
				<timestamp>4358.777774</timestamp>
			</report>
			<report>
				<misses>690700001</misses>
				<total>0</total>
				<timestamp>4359.408321</timestamp>
			</report>
			<report>
				<misses>690800001</misses>
				<total>0</total>
				<timestamp>4360.045032</timestamp>
			</report>
			<report>
				<misses>690900001</misses>
				<total>0</total>
				<timestamp>4360.667417</timestamp>
			</report>
			<report>
				<misses>691000001</misses>
				<total>0</total>
				<timestamp>4361.294433</timestamp>
			</report>
			<report>
				<misses>691100001</misses>
				<total>0</total>
				<timestamp>4361.926484</timestamp>
			</report>
			<report>
				<misses>691200001</misses>
				<total>0</total>
				<timestamp>4362.580550</timestamp>
			</report>
			<report>
				<misses>691300001</misses>
				<total>0</total>
				<timestamp>4363.204551</timestamp>
			</report>
			<report>
				<misses>691400001</misses>
				<total>0</total>
				<timestamp>4363.829145</timestamp>
			</report>
			<report>
				<misses>691500001</misses>
				<total>0</total>
				<timestamp>4364.481944</timestamp>
			</report>
			<report>
				<misses>691600001</misses>
				<total>0</total>
				<timestamp>4365.106908</timestamp>
			</report>
			<report>
				<misses>691700001</misses>
				<total>0</total>
				<timestamp>4365.734362</timestamp>
			</report>
			<report>
				<misses>691800001</misses>
				<total>0</total>
				<timestamp>4366.357738</timestamp>
			</report>
			<report>
				<misses>691900001</misses>
				<total>0</total>
				<timestamp>4366.989544</timestamp>
			</report>
			<report>
				<misses>692000001</misses>
				<total>0</total>
				<timestamp>4367.615974</timestamp>
			</report>
			<report>
				<misses>692100001</misses>
				<total>0</total>
				<timestamp>4368.259675</timestamp>
			</report>
			<report>
				<misses>692200001</misses>
				<total>0</total>
				<timestamp>4368.894484</timestamp>
			</report>
			<report>
				<misses>692300001</misses>
				<total>0</total>
				<timestamp>4369.532739</timestamp>
			</report>
			<report>
				<misses>692400001</misses>
				<total>0</total>
				<timestamp>4370.158175</timestamp>
			</report>
			<report>
				<misses>692500001</misses>
				<total>0</total>
				<timestamp>4370.781430</timestamp>
			</report>
			<report>
				<misses>692600001</misses>
				<total>0</total>
				<timestamp>4371.419010</timestamp>
			</report>
			<report>
				<misses>692700001</misses>
				<total>0</total>
				<timestamp>4372.044426</timestamp>
			</report>
			<report>
				<misses>692800001</misses>
				<total>0</total>
				<timestamp>4372.675804</timestamp>
			</report>
			<report>
				<misses>692900001</misses>
				<total>0</total>
				<timestamp>4373.309078</timestamp>
			</report>
			<report>
				<misses>693000001</misses>
				<total>0</total>
				<timestamp>4373.935808</timestamp>
			</report>
			<report>
				<misses>693100001</misses>
				<total>0</total>
				<timestamp>4374.563528</timestamp>
			</report>
			<report>
				<misses>693200001</misses>
				<total>0</total>
				<timestamp>4375.196834</timestamp>
			</report>
			<report>
				<misses>693300001</misses>
				<total>0</total>
				<timestamp>4375.819255</timestamp>
			</report>
			<report>
				<misses>693400001</misses>
				<total>0</total>
				<timestamp>4376.444954</timestamp>
			</report>
			<report>
				<misses>693500001</misses>
				<total>0</total>
				<timestamp>4377.069755</timestamp>
			</report>
			<report>
				<misses>693600001</misses>
				<total>0</total>
				<timestamp>4377.693299</timestamp>
			</report>
			<report>
				<misses>693700001</misses>
				<total>0</total>
				<timestamp>4378.322061</timestamp>
			</report>
			<report>
				<misses>693800001</misses>
				<total>0</total>
				<timestamp>4378.957530</timestamp>
			</report>
			<report>
				<misses>693900001</misses>
				<total>0</total>
				<timestamp>4379.587862</timestamp>
			</report>
			<report>
				<misses>694000001</misses>
				<total>0</total>
				<timestamp>4380.219408</timestamp>
			</report>
			<report>
				<misses>694100001</misses>
				<total>0</total>
				<timestamp>4380.847921</timestamp>
			</report>
			<report>
				<misses>694200001</misses>
				<total>0</total>
				<timestamp>4381.475634</timestamp>
			</report>
			<report>
				<misses>694300001</misses>
				<total>0</total>
				<timestamp>4382.101589</timestamp>
			</report>
			<report>
				<misses>694400001</misses>
				<total>0</total>
				<timestamp>4382.727635</timestamp>
			</report>
			<report>
				<misses>694500001</misses>
				<total>0</total>
				<timestamp>4383.354515</timestamp>
			</report>
			<report>
				<misses>694600001</misses>
				<total>0</total>
				<timestamp>4383.984202</timestamp>
			</report>
			<report>
				<misses>694700001</misses>
				<total>0</total>
				<timestamp>4384.614039</timestamp>
			</report>
			<report>
				<misses>694800001</misses>
				<total>0</total>
				<timestamp>4385.244532</timestamp>
			</report>
			<report>
				<misses>694900001</misses>
				<total>0</total>
				<timestamp>4385.881613</timestamp>
			</report>
			<report>
				<misses>695000001</misses>
				<total>0</total>
				<timestamp>4386.530849</timestamp>
			</report>
			<report>
				<misses>695100001</misses>
				<total>0</total>
				<timestamp>4387.177116</timestamp>
			</report>
			<report>
				<misses>695200001</misses>
				<total>0</total>
				<timestamp>4387.804988</timestamp>
			</report>
			<report>
				<misses>695300001</misses>
				<total>0</total>
				<timestamp>4388.448593</timestamp>
			</report>
			<report>
				<misses>695400001</misses>
				<total>0</total>
				<timestamp>4389.070787</timestamp>
			</report>
			<report>
				<misses>695500001</misses>
				<total>0</total>
				<timestamp>4389.695461</timestamp>
			</report>
			<report>
				<misses>695600001</misses>
				<total>0</total>
				<timestamp>4390.323271</timestamp>
			</report>
			<report>
				<misses>695700001</misses>
				<total>0</total>
				<timestamp>4390.948958</timestamp>
			</report>
			<report>
				<misses>695800001</misses>
				<total>0</total>
				<timestamp>4391.582738</timestamp>
			</report>
			<report>
				<misses>695900001</misses>
				<total>0</total>
				<timestamp>4392.219563</timestamp>
			</report>
			<report>
				<misses>696000001</misses>
				<total>0</total>
				<timestamp>4392.849560</timestamp>
			</report>
			<report>
				<misses>696100001</misses>
				<total>0</total>
				<timestamp>4393.490145</timestamp>
			</report>
			<report>
				<misses>696200001</misses>
				<total>0</total>
				<timestamp>4394.124433</timestamp>
			</report>
			<report>
				<misses>696300001</misses>
				<total>0</total>
				<timestamp>4394.750688</timestamp>
			</report>
			<report>
				<misses>696400001</misses>
				<total>0</total>
				<timestamp>4395.389110</timestamp>
			</report>
			<report>
				<misses>696500001</misses>
				<total>0</total>
				<timestamp>4396.022705</timestamp>
			</report>
			<report>
				<misses>696600001</misses>
				<total>0</total>
				<timestamp>4396.651651</timestamp>
			</report>
			<report>
				<misses>696700001</misses>
				<total>0</total>
				<timestamp>4397.278570</timestamp>
			</report>
			<report>
				<misses>696800001</misses>
				<total>0</total>
				<timestamp>4397.908394</timestamp>
			</report>
			<report>
				<misses>696900001</misses>
				<total>0</total>
				<timestamp>4398.531972</timestamp>
			</report>
			<report>
				<misses>697000001</misses>
				<total>0</total>
				<timestamp>4399.156456</timestamp>
			</report>
			<report>
				<misses>697100001</misses>
				<total>0</total>
				<timestamp>4399.787055</timestamp>
			</report>
			<report>
				<misses>697200001</misses>
				<total>0</total>
				<timestamp>4400.418761</timestamp>
			</report>
			<report>
				<misses>697300001</misses>
				<total>0</total>
				<timestamp>4401.042170</timestamp>
			</report>
			<report>
				<misses>697400001</misses>
				<total>0</total>
				<timestamp>4401.673291</timestamp>
			</report>
			<report>
				<misses>697500001</misses>
				<total>0</total>
				<timestamp>4402.316881</timestamp>
			</report>
			<report>
				<misses>697600001</misses>
				<total>0</total>
				<timestamp>4402.955653</timestamp>
			</report>
			<report>
				<misses>697700001</misses>
				<total>0</total>
				<timestamp>4403.591012</timestamp>
			</report>
			<report>
				<misses>697800001</misses>
				<total>0</total>
				<timestamp>4404.224293</timestamp>
			</report>
			<report>
				<misses>697900001</misses>
				<total>0</total>
				<timestamp>4404.862734</timestamp>
			</report>
			<report>
				<misses>698000001</misses>
				<total>0</total>
				<timestamp>4405.493260</timestamp>
			</report>
			<report>
				<misses>698100001</misses>
				<total>0</total>
				<timestamp>4406.126447</timestamp>
			</report>
			<report>
				<misses>698200001</misses>
				<total>0</total>
				<timestamp>4406.755789</timestamp>
			</report>
			<report>
				<misses>698300001</misses>
				<total>0</total>
				<timestamp>4407.386547</timestamp>
			</report>
			<report>
				<misses>698400001</misses>
				<total>0</total>
				<timestamp>4408.015039</timestamp>
			</report>
			<report>
				<misses>698500001</misses>
				<total>0</total>
				<timestamp>4408.640839</timestamp>
			</report>
			<report>
				<misses>698600001</misses>
				<total>0</total>
				<timestamp>4409.268743</timestamp>
			</report>
			<report>
				<misses>698700001</misses>
				<total>0</total>
				<timestamp>4409.897561</timestamp>
			</report>
			<report>
				<misses>698800001</misses>
				<total>0</total>
				<timestamp>4410.523146</timestamp>
			</report>
			<report>
				<misses>698900001</misses>
				<total>0</total>
				<timestamp>4411.150364</timestamp>
			</report>
			<report>
				<misses>699000001</misses>
				<total>0</total>
				<timestamp>4411.780365</timestamp>
			</report>
			<report>
				<misses>699100001</misses>
				<total>0</total>
				<timestamp>4412.411582</timestamp>
			</report>
			<report>
				<misses>699200001</misses>
				<total>0</total>
				<timestamp>4413.039889</timestamp>
			</report>
			<report>
				<misses>699300001</misses>
				<total>0</total>
				<timestamp>4413.668431</timestamp>
			</report>
			<report>
				<misses>699400001</misses>
				<total>0</total>
				<timestamp>4414.290518</timestamp>
			</report>
			<report>
				<misses>699500001</misses>
				<total>0</total>
				<timestamp>4414.917392</timestamp>
			</report>
			<report>
				<misses>699600001</misses>
				<total>0</total>
				<timestamp>4415.562909</timestamp>
			</report>
			<report>
				<misses>699700001</misses>
				<total>0</total>
				<timestamp>4416.188472</timestamp>
			</report>
			<report>
				<misses>699800001</misses>
				<total>0</total>
				<timestamp>4416.817950</timestamp>
			</report>
			<report>
				<misses>699900001</misses>
				<total>0</total>
				<timestamp>4417.453823</timestamp>
			</report>
			<report>
				<misses>700000001</misses>
				<total>0</total>
				<timestamp>4418.080094</timestamp>
			</report>
			<report>
				<misses>700100001</misses>
				<total>0</total>
				<timestamp>4418.703559</timestamp>
			</report>
			<report>
				<misses>700200001</misses>
				<total>0</total>
				<timestamp>4419.332484</timestamp>
			</report>
			<report>
				<misses>700300001</misses>
				<total>0</total>
				<timestamp>4419.960391</timestamp>
			</report>
			<report>
				<misses>700400001</misses>
				<total>0</total>
				<timestamp>4420.589350</timestamp>
			</report>
			<report>
				<misses>700500001</misses>
				<total>0</total>
				<timestamp>4421.216199</timestamp>
			</report>
			<report>
				<misses>700600001</misses>
				<total>0</total>
				<timestamp>4421.849716</timestamp>
			</report>
			<report>
				<misses>700700001</misses>
				<total>0</total>
				<timestamp>4422.484941</timestamp>
			</report>
			<report>
				<misses>700800001</misses>
				<total>0</total>
				<timestamp>4423.124522</timestamp>
			</report>
			<report>
				<misses>700900001</misses>
				<total>0</total>
				<timestamp>4423.754558</timestamp>
			</report>
			<report>
				<misses>701000001</misses>
				<total>0</total>
				<timestamp>4424.391608</timestamp>
			</report>
			<report>
				<misses>701100001</misses>
				<total>0</total>
				<timestamp>4425.028751</timestamp>
			</report>
			<report>
				<misses>701200001</misses>
				<total>0</total>
				<timestamp>4425.656823</timestamp>
			</report>
			<report>
				<misses>701300001</misses>
				<total>0</total>
				<timestamp>4426.295933</timestamp>
			</report>
			<report>
				<misses>701400001</misses>
				<total>0</total>
				<timestamp>4426.924949</timestamp>
			</report>
			<report>
				<misses>701500001</misses>
				<total>0</total>
				<timestamp>4427.553734</timestamp>
			</report>
			<report>
				<misses>701600001</misses>
				<total>0</total>
				<timestamp>4428.193681</timestamp>
			</report>
			<report>
				<misses>701700001</misses>
				<total>0</total>
				<timestamp>4428.827233</timestamp>
			</report>
			<report>
				<misses>701800001</misses>
				<total>0</total>
				<timestamp>4429.462334</timestamp>
			</report>
			<report>
				<misses>701900001</misses>
				<total>0</total>
				<timestamp>4430.091784</timestamp>
			</report>
			<report>
				<misses>702000001</misses>
				<total>0</total>
				<timestamp>4430.720098</timestamp>
			</report>
			<report>
				<misses>702100001</misses>
				<total>0</total>
				<timestamp>4431.346509</timestamp>
			</report>
			<report>
				<misses>702200001</misses>
				<total>0</total>
				<timestamp>4431.980104</timestamp>
			</report>
			<report>
				<misses>702300001</misses>
				<total>0</total>
				<timestamp>4432.608809</timestamp>
			</report>
			<report>
				<misses>702400001</misses>
				<total>0</total>
				<timestamp>4433.251096</timestamp>
			</report>
			<report>
				<misses>702500001</misses>
				<total>0</total>
				<timestamp>4433.876649</timestamp>
			</report>
			<report>
				<misses>702600001</misses>
				<total>0</total>
				<timestamp>4434.502950</timestamp>
			</report>
			<report>
				<misses>702700001</misses>
				<total>0</total>
				<timestamp>4435.135519</timestamp>
			</report>
			<report>
				<misses>702800001</misses>
				<total>0</total>
				<timestamp>4435.762850</timestamp>
			</report>
			<report>
				<misses>702900001</misses>
				<total>0</total>
				<timestamp>4436.387190</timestamp>
			</report>
			<report>
				<misses>703000001</misses>
				<total>0</total>
				<timestamp>4437.010528</timestamp>
			</report>
			<report>
				<misses>703100001</misses>
				<total>0</total>
				<timestamp>4437.640017</timestamp>
			</report>
			<report>
				<misses>703200001</misses>
				<total>0</total>
				<timestamp>4438.266038</timestamp>
			</report>
			<report>
				<misses>703300001</misses>
				<total>0</total>
				<timestamp>4438.900684</timestamp>
			</report>
			<report>
				<misses>703400001</misses>
				<total>0</total>
				<timestamp>4439.539266</timestamp>
			</report>
			<report>
				<misses>703500001</misses>
				<total>0</total>
				<timestamp>4440.170570</timestamp>
			</report>
			<report>
				<misses>703600001</misses>
				<total>0</total>
				<timestamp>4440.812158</timestamp>
			</report>
			<report>
				<misses>703700001</misses>
				<total>0</total>
				<timestamp>4441.442839</timestamp>
			</report>
			<report>
				<misses>703800001</misses>
				<total>0</total>
				<timestamp>4442.078172</timestamp>
			</report>
			<report>
				<misses>703900001</misses>
				<total>0</total>
				<timestamp>4442.711816</timestamp>
			</report>
			<report>
				<misses>704000001</misses>
				<total>0</total>
				<timestamp>4443.346387</timestamp>
			</report>
			<report>
				<misses>704100001</misses>
				<total>0</total>
				<timestamp>4443.983459</timestamp>
			</report>
			<report>
				<misses>704200001</misses>
				<total>0</total>
				<timestamp>4444.613608</timestamp>
			</report>
			<report>
				<misses>704300001</misses>
				<total>0</total>
				<timestamp>4445.242056</timestamp>
			</report>
			<report>
				<misses>704400001</misses>
				<total>0</total>
				<timestamp>4445.881001</timestamp>
			</report>
			<report>
				<misses>704500001</misses>
				<total>0</total>
				<timestamp>4446.532417</timestamp>
			</report>
			<report>
				<misses>704600001</misses>
				<total>0</total>
				<timestamp>4447.172294</timestamp>
			</report>
			<report>
				<misses>704700001</misses>
				<total>0</total>
				<timestamp>4447.799890</timestamp>
			</report>
			<report>
				<misses>704800001</misses>
				<total>0</total>
				<timestamp>4448.429399</timestamp>
			</report>
			<report>
				<misses>704900001</misses>
				<total>0</total>
				<timestamp>4449.066598</timestamp>
			</report>
			<report>
				<misses>705000001</misses>
				<total>0</total>
				<timestamp>4449.694212</timestamp>
			</report>
			<report>
				<misses>705100001</misses>
				<total>0</total>
				<timestamp>4450.324416</timestamp>
			</report>
			<report>
				<misses>705200001</misses>
				<total>0</total>
				<timestamp>4450.966489</timestamp>
			</report>
			<report>
				<misses>705300001</misses>
				<total>0</total>
				<timestamp>4451.602640</timestamp>
			</report>
			<report>
				<misses>705400001</misses>
				<total>0</total>
				<timestamp>4452.253401</timestamp>
			</report>
			<report>
				<misses>705500001</misses>
				<total>0</total>
				<timestamp>4452.879217</timestamp>
			</report>
			<report>
				<misses>705600001</misses>
				<total>0</total>
				<timestamp>4453.507213</timestamp>
			</report>
			<report>
				<misses>705700001</misses>
				<total>0</total>
				<timestamp>4454.131709</timestamp>
			</report>
			<report>
				<misses>705800001</misses>
				<total>0</total>
				<timestamp>4454.755153</timestamp>
			</report>
			<report>
				<misses>705900001</misses>
				<total>0</total>
				<timestamp>4455.392599</timestamp>
			</report>
			<report>
				<misses>706000001</misses>
				<total>0</total>
				<timestamp>4456.029672</timestamp>
			</report>
			<report>
				<misses>706100001</misses>
				<total>0</total>
				<timestamp>4456.651833</timestamp>
			</report>
			<report>
				<misses>706200001</misses>
				<total>0</total>
				<timestamp>4457.276679</timestamp>
			</report>
			<report>
				<misses>706300001</misses>
				<total>0</total>
				<timestamp>4457.906777</timestamp>
			</report>
			<report>
				<misses>706400001</misses>
				<total>0</total>
				<timestamp>4458.533326</timestamp>
			</report>
			<report>
				<misses>706500001</misses>
				<total>0</total>
				<timestamp>4459.161029</timestamp>
			</report>
			<report>
				<misses>706600001</misses>
				<total>0</total>
				<timestamp>4459.797545</timestamp>
			</report>
			<report>
				<misses>706700001</misses>
				<total>0</total>
				<timestamp>4460.431868</timestamp>
			</report>
			<report>
				<misses>706800001</misses>
				<total>0</total>
				<timestamp>4461.074554</timestamp>
			</report>
			<report>
				<misses>706900001</misses>
				<total>0</total>
				<timestamp>4461.717376</timestamp>
			</report>
			<report>
				<misses>707000001</misses>
				<total>0</total>
				<timestamp>4462.356227</timestamp>
			</report>
			<report>
				<misses>707100001</misses>
				<total>0</total>
				<timestamp>4462.989530</timestamp>
			</report>
			<report>
				<misses>707200001</misses>
				<total>0</total>
				<timestamp>4463.623908</timestamp>
			</report>
			<report>
				<misses>707300001</misses>
				<total>0</total>
				<timestamp>4464.255074</timestamp>
			</report>
			<report>
				<misses>707400001</misses>
				<total>0</total>
				<timestamp>4464.882140</timestamp>
			</report>
			<report>
				<misses>707500001</misses>
				<total>0</total>
				<timestamp>4465.510740</timestamp>
			</report>
			<report>
				<misses>707600001</misses>
				<total>0</total>
				<timestamp>4466.139718</timestamp>
			</report>
			<report>
				<misses>707700001</misses>
				<total>0</total>
				<timestamp>4466.765231</timestamp>
			</report>
			<report>
				<misses>707800001</misses>
				<total>0</total>
				<timestamp>4467.394552</timestamp>
			</report>
			<report>
				<misses>707900001</misses>
				<total>0</total>
				<timestamp>4468.021316</timestamp>
			</report>
			<report>
				<misses>708000001</misses>
				<total>0</total>
				<timestamp>4468.647931</timestamp>
			</report>
			<report>
				<misses>708100001</misses>
				<total>0</total>
				<timestamp>4469.273221</timestamp>
			</report>
			<report>
				<misses>708200001</misses>
				<total>0</total>
				<timestamp>4469.901123</timestamp>
			</report>
			<report>
				<misses>708300001</misses>
				<total>0</total>
				<timestamp>4470.524429</timestamp>
			</report>
			<report>
				<misses>708400001</misses>
				<total>0</total>
				<timestamp>4471.155131</timestamp>
			</report>
			<report>
				<misses>708500001</misses>
				<total>0</total>
				<timestamp>4471.785812</timestamp>
			</report>
			<report>
				<misses>708600001</misses>
				<total>0</total>
				<timestamp>4472.417273</timestamp>
			</report>
			<report>
				<misses>708700001</misses>
				<total>0</total>
				<timestamp>4473.054562</timestamp>
			</report>
			<report>
				<misses>708800001</misses>
				<total>0</total>
				<timestamp>4473.692566</timestamp>
			</report>
			<report>
				<misses>708900001</misses>
				<total>0</total>
				<timestamp>4474.330568</timestamp>
			</report>
			<report>
				<misses>709000001</misses>
				<total>0</total>
				<timestamp>4474.959275</timestamp>
			</report>
			<report>
				<misses>709100001</misses>
				<total>0</total>
				<timestamp>4475.591213</timestamp>
			</report>
			<report>
				<misses>709200001</misses>
				<total>0</total>
				<timestamp>4476.217607</timestamp>
			</report>
			<report>
				<misses>709300001</misses>
				<total>0</total>
				<timestamp>4476.843418</timestamp>
			</report>
			<report>
				<misses>709400001</misses>
				<total>0</total>
				<timestamp>4477.465906</timestamp>
			</report>
			<report>
				<misses>709500001</misses>
				<total>0</total>
				<timestamp>4478.103138</timestamp>
			</report>
			<report>
				<misses>709600001</misses>
				<total>0</total>
				<timestamp>4478.735351</timestamp>
			</report>
			<report>
				<misses>709700001</misses>
				<total>0</total>
				<timestamp>4479.371102</timestamp>
			</report>
			<report>
				<misses>709800001</misses>
				<total>0</total>
				<timestamp>4479.999030</timestamp>
			</report>
			<report>
				<misses>709900001</misses>
				<total>0</total>
				<timestamp>4480.631325</timestamp>
			</report>
			<report>
				<misses>710000001</misses>
				<total>0</total>
				<timestamp>4481.263647</timestamp>
			</report>
			<report>
				<misses>710100001</misses>
				<total>0</total>
				<timestamp>4481.897932</timestamp>
			</report>
			<report>
				<misses>710200001</misses>
				<total>0</total>
				<timestamp>4482.521397</timestamp>
			</report>
			<report>
				<misses>710300001</misses>
				<total>0</total>
				<timestamp>4483.160422</timestamp>
			</report>
			<report>
				<misses>710400001</misses>
				<total>0</total>
				<timestamp>4483.789996</timestamp>
			</report>
			<report>
				<misses>710500001</misses>
				<total>0</total>
				<timestamp>4484.419956</timestamp>
			</report>
			<report>
				<misses>710600001</misses>
				<total>0</total>
				<timestamp>4485.050158</timestamp>
			</report>
			<report>
				<misses>710700001</misses>
				<total>0</total>
				<timestamp>4485.690503</timestamp>
			</report>
			<report>
				<misses>710800001</misses>
				<total>0</total>
				<timestamp>4486.321810</timestamp>
			</report>
			<report>
				<misses>710900001</misses>
				<total>0</total>
				<timestamp>4486.948374</timestamp>
			</report>
			<report>
				<misses>711000001</misses>
				<total>0</total>
				<timestamp>4487.587703</timestamp>
			</report>
			<report>
				<misses>711100001</misses>
				<total>0</total>
				<timestamp>4488.219305</timestamp>
			</report>
			<report>
				<misses>711200001</misses>
				<total>0</total>
				<timestamp>4488.848059</timestamp>
			</report>
			<report>
				<misses>711300001</misses>
				<total>0</total>
				<timestamp>4489.484701</timestamp>
			</report>
			<report>
				<misses>711400001</misses>
				<total>0</total>
				<timestamp>4490.134288</timestamp>
			</report>
			<report>
				<misses>711500001</misses>
				<total>0</total>
				<timestamp>4490.762326</timestamp>
			</report>
			<report>
				<misses>711600001</misses>
				<total>0</total>
				<timestamp>4491.390008</timestamp>
			</report>
			<report>
				<misses>711700001</misses>
				<total>0</total>
				<timestamp>4492.011626</timestamp>
			</report>
			<report>
				<misses>711800001</misses>
				<total>0</total>
				<timestamp>4492.640753</timestamp>
			</report>
			<report>
				<misses>711900001</misses>
				<total>0</total>
				<timestamp>4493.278614</timestamp>
			</report>
			<report>
				<misses>712000001</misses>
				<total>0</total>
				<timestamp>4493.913352</timestamp>
			</report>
			<report>
				<misses>712100001</misses>
				<total>0</total>
				<timestamp>4494.560996</timestamp>
			</report>
			<report>
				<misses>712200001</misses>
				<total>0</total>
				<timestamp>4495.185738</timestamp>
			</report>
			<report>
				<misses>712300001</misses>
				<total>0</total>
				<timestamp>4495.820941</timestamp>
			</report>
			<report>
				<misses>712400001</misses>
				<total>0</total>
				<timestamp>4496.451623</timestamp>
			</report>
			<report>
				<misses>712500001</misses>
				<total>0</total>
				<timestamp>4497.077989</timestamp>
			</report>
			<report>
				<misses>712600001</misses>
				<total>0</total>
				<timestamp>4497.699594</timestamp>
			</report>
			<report>
				<misses>712700001</misses>
				<total>0</total>
				<timestamp>4498.338978</timestamp>
			</report>
			<report>
				<misses>712800001</misses>
				<total>0</total>
				<timestamp>4498.967428</timestamp>
			</report>
			<report>
				<misses>712900001</misses>
				<total>0</total>
				<timestamp>4499.594237</timestamp>
			</report>
			<report>
				<misses>713000001</misses>
				<total>0</total>
				<timestamp>4500.239691</timestamp>
			</report>
			<report>
				<misses>713100001</misses>
				<total>0</total>
				<timestamp>4500.882670</timestamp>
			</report>
			<report>
				<misses>713200001</misses>
				<total>0</total>
				<timestamp>4501.514624</timestamp>
			</report>
			<report>
				<misses>713300001</misses>
				<total>0</total>
				<timestamp>4502.145858</timestamp>
			</report>
			<report>
				<misses>713400001</misses>
				<total>0</total>
				<timestamp>4502.783828</timestamp>
			</report>
			<report>
				<misses>713500001</misses>
				<total>0</total>
				<timestamp>4503.432723</timestamp>
			</report>
			<report>
				<misses>713600001</misses>
				<total>0</total>
				<timestamp>4504.055538</timestamp>
			</report>
			<report>
				<misses>713700001</misses>
				<total>0</total>
				<timestamp>4504.681831</timestamp>
			</report>
			<report>
				<misses>713800001</misses>
				<total>0</total>
				<timestamp>4505.322304</timestamp>
			</report>
			<report>
				<misses>713900001</misses>
				<total>0</total>
				<timestamp>4505.958876</timestamp>
			</report>
			<report>
				<misses>714000001</misses>
				<total>0</total>
				<timestamp>4506.596525</timestamp>
			</report>
			<report>
				<misses>714100001</misses>
				<total>0</total>
				<timestamp>4507.232695</timestamp>
			</report>
			<report>
				<misses>714200001</misses>
				<total>0</total>
				<timestamp>4507.862287</timestamp>
			</report>
			<report>
				<misses>714300001</misses>
				<total>0</total>
				<timestamp>4508.495913</timestamp>
			</report>
			<report>
				<misses>714400001</misses>
				<total>0</total>
				<timestamp>4509.127614</timestamp>
			</report>
			<report>
				<misses>714500001</misses>
				<total>0</total>
				<timestamp>4509.774267</timestamp>
			</report>
			<report>
				<misses>714600001</misses>
				<total>0</total>
				<timestamp>4510.411062</timestamp>
			</report>
			<report>
				<misses>714700001</misses>
				<total>0</total>
				<timestamp>4511.050162</timestamp>
			</report>
			<report>
				<misses>714800001</misses>
				<total>0</total>
				<timestamp>4511.679404</timestamp>
			</report>
			<report>
				<misses>714900001</misses>
				<total>0</total>
				<timestamp>4512.310039</timestamp>
			</report>
			<report>
				<misses>715000001</misses>
				<total>0</total>
				<timestamp>4512.938278</timestamp>
			</report>
			<report>
				<misses>715100001</misses>
				<total>0</total>
				<timestamp>4513.567457</timestamp>
			</report>
			<report>
				<misses>715200001</misses>
				<total>0</total>
				<timestamp>4514.194612</timestamp>
			</report>
			<report>
				<misses>715300001</misses>
				<total>0</total>
				<timestamp>4514.828943</timestamp>
			</report>
			<report>
				<misses>715400001</misses>
				<total>0</total>
				<timestamp>4515.460440</timestamp>
			</report>
			<report>
				<misses>715500001</misses>
				<total>0</total>
				<timestamp>4516.087529</timestamp>
			</report>
			<report>
				<misses>715600001</misses>
				<total>0</total>
				<timestamp>4516.713436</timestamp>
			</report>
			<report>
				<misses>715700001</misses>
				<total>0</total>
				<timestamp>4517.350822</timestamp>
			</report>
			<report>
				<misses>715800001</misses>
				<total>0</total>
				<timestamp>4517.977724</timestamp>
			</report>
			<report>
				<misses>715900001</misses>
				<total>0</total>
				<timestamp>4518.620308</timestamp>
			</report>
			<report>
				<misses>716000001</misses>
				<total>0</total>
				<timestamp>4519.272241</timestamp>
			</report>
			<report>
				<misses>716100001</misses>
				<total>0</total>
				<timestamp>4519.899051</timestamp>
			</report>
			<report>
				<misses>716200001</misses>
				<total>0</total>
				<timestamp>4520.527671</timestamp>
			</report>
			<report>
				<misses>716300001</misses>
				<total>0</total>
				<timestamp>4521.159759</timestamp>
			</report>
			<report>
				<misses>716400001</misses>
				<total>0</total>
				<timestamp>4521.790888</timestamp>
			</report>
			<report>
				<misses>716500001</misses>
				<total>0</total>
				<timestamp>4522.414004</timestamp>
			</report>
			<report>
				<misses>716600001</misses>
				<total>0</total>
				<timestamp>4523.050339</timestamp>
			</report>
			<report>
				<misses>716700001</misses>
				<total>0</total>
				<timestamp>4523.683541</timestamp>
			</report>
			<report>
				<misses>716800001</misses>
				<total>0</total>
				<timestamp>4524.310075</timestamp>
			</report>
			<report>
				<misses>716900001</misses>
				<total>0</total>
				<timestamp>4524.936869</timestamp>
			</report>
			<report>
				<misses>717000001</misses>
				<total>0</total>
				<timestamp>4525.565314</timestamp>
			</report>
			<report>
				<misses>717100001</misses>
				<total>0</total>
				<timestamp>4526.188398</timestamp>
			</report>
			<report>
				<misses>717200001</misses>
				<total>0</total>
				<timestamp>4526.817889</timestamp>
			</report>
			<report>
				<misses>717300001</misses>
				<total>0</total>
				<timestamp>4527.458647</timestamp>
			</report>
			<report>
				<misses>717400001</misses>
				<total>0</total>
				<timestamp>4528.087357</timestamp>
			</report>
			<report>
				<misses>717500001</misses>
				<total>0</total>
				<timestamp>4528.718099</timestamp>
			</report>
			<report>
				<misses>717600001</misses>
				<total>0</total>
				<timestamp>4529.349172</timestamp>
			</report>
			<report>
				<misses>717700001</misses>
				<total>0</total>
				<timestamp>4529.975537</timestamp>
			</report>
			<report>
				<misses>717800001</misses>
				<total>0</total>
				<timestamp>4530.618895</timestamp>
			</report>
			<report>
				<misses>717900001</misses>
				<total>0</total>
				<timestamp>4531.246545</timestamp>
			</report>
			<report>
				<misses>718000001</misses>
				<total>0</total>
				<timestamp>4531.883134</timestamp>
			</report>
			<report>
				<misses>718100001</misses>
				<total>0</total>
				<timestamp>4532.512254</timestamp>
			</report>
			<report>
				<misses>718200001</misses>
				<total>0</total>
				<timestamp>4533.135368</timestamp>
			</report>
			<report>
				<misses>718300001</misses>
				<total>0</total>
				<timestamp>4533.759234</timestamp>
			</report>
			<report>
				<misses>718400001</misses>
				<total>0</total>
				<timestamp>4534.386513</timestamp>
			</report>
			<report>
				<misses>718500001</misses>
				<total>0</total>
				<timestamp>4535.008953</timestamp>
			</report>
			<report>
				<misses>718600001</misses>
				<total>0</total>
				<timestamp>4535.636104</timestamp>
			</report>
			<report>
				<misses>718700001</misses>
				<total>0</total>
				<timestamp>4536.263968</timestamp>
			</report>
			<report>
				<misses>718800001</misses>
				<total>0</total>
				<timestamp>4536.901361</timestamp>
			</report>
			<report>
				<misses>718900001</misses>
				<total>0</total>
				<timestamp>4537.539545</timestamp>
			</report>
			<report>
				<misses>719000001</misses>
				<total>0</total>
				<timestamp>4538.171605</timestamp>
			</report>
			<report>
				<misses>719100001</misses>
				<total>0</total>
				<timestamp>4538.805815</timestamp>
			</report>
			<report>
				<misses>719200001</misses>
				<total>0</total>
				<timestamp>4539.434686</timestamp>
			</report>
			<report>
				<misses>719300001</misses>
				<total>0</total>
				<timestamp>4540.063269</timestamp>
			</report>
			<report>
				<misses>719400001</misses>
				<total>0</total>
				<timestamp>4540.690071</timestamp>
			</report>
			<report>
				<misses>719500001</misses>
				<total>0</total>
				<timestamp>4541.315814</timestamp>
			</report>
			<report>
				<misses>719600001</misses>
				<total>0</total>
				<timestamp>4541.944541</timestamp>
			</report>
			<report>
				<misses>719700001</misses>
				<total>0</total>
				<timestamp>4542.574109</timestamp>
			</report>
			<report>
				<misses>719800001</misses>
				<total>0</total>
				<timestamp>4543.195851</timestamp>
			</report>
			<report>
				<misses>719900001</misses>
				<total>0</total>
				<timestamp>4543.817392</timestamp>
			</report>
			<report>
				<misses>720000001</misses>
				<total>0</total>
				<timestamp>4544.446272</timestamp>
			</report>
			<report>
				<misses>720100001</misses>
				<total>0</total>
				<timestamp>4545.085413</timestamp>
			</report>
			<report>
				<misses>720200001</misses>
				<total>0</total>
				<timestamp>4545.710882</timestamp>
			</report>
			<report>
				<misses>720300001</misses>
				<total>0</total>
				<timestamp>4546.343581</timestamp>
			</report>
			<report>
				<misses>720400001</misses>
				<total>0</total>
				<timestamp>4546.971196</timestamp>
			</report>
			<report>
				<misses>720500001</misses>
				<total>0</total>
				<timestamp>4547.620651</timestamp>
			</report>
			<report>
				<misses>720600001</misses>
				<total>0</total>
				<timestamp>4548.250282</timestamp>
			</report>
			<report>
				<misses>720700001</misses>
				<total>0</total>
				<timestamp>4548.874741</timestamp>
			</report>
			<report>
				<misses>720800001</misses>
				<total>0</total>
				<timestamp>4549.506057</timestamp>
			</report>
			<report>
				<misses>720900001</misses>
				<total>0</total>
				<timestamp>4550.143470</timestamp>
			</report>
			<report>
				<misses>721000001</misses>
				<total>0</total>
				<timestamp>4550.774789</timestamp>
			</report>
			<report>
				<misses>721100001</misses>
				<total>0</total>
				<timestamp>4551.412410</timestamp>
			</report>
			<report>
				<misses>721200001</misses>
				<total>0</total>
				<timestamp>4552.039724</timestamp>
			</report>
			<report>
				<misses>721300001</misses>
				<total>0</total>
				<timestamp>4552.664787</timestamp>
			</report>
			<report>
				<misses>721400001</misses>
				<total>0</total>
				<timestamp>4553.294318</timestamp>
			</report>
			<report>
				<misses>721500001</misses>
				<total>0</total>
				<timestamp>4553.920693</timestamp>
			</report>
			<report>
				<misses>721600001</misses>
				<total>0</total>
				<timestamp>4554.550120</timestamp>
			</report>
			<report>
				<misses>721700001</misses>
				<total>0</total>
				<timestamp>4555.187736</timestamp>
			</report>
			<report>
				<misses>721800001</misses>
				<total>0</total>
				<timestamp>4555.815299</timestamp>
			</report>
			<report>
				<misses>721900001</misses>
				<total>0</total>
				<timestamp>4556.459729</timestamp>
			</report>
			<report>
				<misses>722000001</misses>
				<total>0</total>
				<timestamp>4557.096789</timestamp>
			</report>
			<report>
				<misses>722100001</misses>
				<total>0</total>
				<timestamp>4557.733001</timestamp>
			</report>
			<report>
				<misses>722200001</misses>
				<total>0</total>
				<timestamp>4558.360077</timestamp>
			</report>
			<report>
				<misses>722300001</misses>
				<total>0</total>
				<timestamp>4558.988441</timestamp>
			</report>
			<report>
				<misses>722400001</misses>
				<total>0</total>
				<timestamp>4559.612484</timestamp>
			</report>
			<report>
				<misses>722500001</misses>
				<total>0</total>
				<timestamp>4560.240592</timestamp>
			</report>
			<report>
				<misses>722600001</misses>
				<total>0</total>
				<timestamp>4560.875438</timestamp>
			</report>
			<report>
				<misses>722700001</misses>
				<total>0</total>
				<timestamp>4561.506092</timestamp>
			</report>
			<report>
				<misses>722800001</misses>
				<total>0</total>
				<timestamp>4562.132104</timestamp>
			</report>
			<report>
				<misses>722900001</misses>
				<total>0</total>
				<timestamp>4562.757539</timestamp>
			</report>
			<report>
				<misses>723000001</misses>
				<total>0</total>
				<timestamp>4563.393079</timestamp>
			</report>
			<report>
				<misses>723100001</misses>
				<total>0</total>
				<timestamp>4564.020053</timestamp>
			</report>
			<report>
				<misses>723200001</misses>
				<total>0</total>
				<timestamp>4564.646402</timestamp>
			</report>
			<report>
				<misses>723300001</misses>
				<total>0</total>
				<timestamp>4565.274945</timestamp>
			</report>
			<report>
				<misses>723400001</misses>
				<total>0</total>
				<timestamp>4565.905376</timestamp>
			</report>
			<report>
				<misses>723500001</misses>
				<total>0</total>
				<timestamp>4566.538202</timestamp>
			</report>
			<report>
				<misses>723600001</misses>
				<total>0</total>
				<timestamp>4567.168452</timestamp>
			</report>
			<report>
				<misses>723700001</misses>
				<total>0</total>
				<timestamp>4567.793801</timestamp>
			</report>
			<report>
				<misses>723800001</misses>
				<total>0</total>
				<timestamp>4568.421144</timestamp>
			</report>
			<report>
				<misses>723900001</misses>
				<total>0</total>
				<timestamp>4569.046135</timestamp>
			</report>
			<report>
				<misses>724000001</misses>
				<total>0</total>
				<timestamp>4569.680588</timestamp>
			</report>
			<report>
				<misses>724100001</misses>
				<total>0</total>
				<timestamp>4570.303728</timestamp>
			</report>
			<report>
				<misses>724200001</misses>
				<total>0</total>
				<timestamp>4570.932134</timestamp>
			</report>
			<report>
				<misses>724300001</misses>
				<total>0</total>
				<timestamp>4571.561626</timestamp>
			</report>
			<report>
				<misses>724400001</misses>
				<total>0</total>
				<timestamp>4572.185227</timestamp>
			</report>
			<report>
				<misses>724500001</misses>
				<total>0</total>
				<timestamp>4572.811116</timestamp>
			</report>
			<report>
				<misses>724600001</misses>
				<total>0</total>
				<timestamp>4573.440919</timestamp>
			</report>
			<report>
				<misses>724700001</misses>
				<total>0</total>
				<timestamp>4574.073872</timestamp>
			</report>
			<report>
				<misses>724800001</misses>
				<total>0</total>
				<timestamp>4574.699732</timestamp>
			</report>
			<report>
				<misses>724900001</misses>
				<total>0</total>
				<timestamp>4575.327535</timestamp>
			</report>
			<report>
				<misses>725000001</misses>
				<total>0</total>
				<timestamp>4575.952784</timestamp>
			</report>
			<report>
				<misses>725100001</misses>
				<total>0</total>
				<timestamp>4576.583263</timestamp>
			</report>
			<report>
				<misses>725200001</misses>
				<total>0</total>
				<timestamp>4577.220027</timestamp>
			</report>
			<report>
				<misses>725300001</misses>
				<total>0</total>
				<timestamp>4577.850018</timestamp>
			</report>
			<report>
				<misses>725400001</misses>
				<total>0</total>
				<timestamp>4578.488061</timestamp>
			</report>
			<report>
				<misses>725500001</misses>
				<total>0</total>
				<timestamp>4579.114662</timestamp>
			</report>
			<report>
				<misses>725600001</misses>
				<total>0</total>
				<timestamp>4579.741658</timestamp>
			</report>
			<report>
				<misses>725700001</misses>
				<total>0</total>
				<timestamp>4580.373694</timestamp>
			</report>
			<report>
				<misses>725800001</misses>
				<total>0</total>
				<timestamp>4580.995042</timestamp>
			</report>
			<report>
				<misses>725900001</misses>
				<total>0</total>
				<timestamp>4581.624603</timestamp>
			</report>
			<report>
				<misses>726000001</misses>
				<total>0</total>
				<timestamp>4582.258914</timestamp>
			</report>
			<report>
				<misses>726100001</misses>
				<total>0</total>
				<timestamp>4582.887022</timestamp>
			</report>
			<report>
				<misses>726200001</misses>
				<total>0</total>
				<timestamp>4583.515164</timestamp>
			</report>
			<report>
				<misses>726300001</misses>
				<total>0</total>
				<timestamp>4584.148352</timestamp>
			</report>
			<report>
				<misses>726400001</misses>
				<total>0</total>
				<timestamp>4584.772461</timestamp>
			</report>
			<report>
				<misses>726500001</misses>
				<total>0</total>
				<timestamp>4585.398257</timestamp>
			</report>
			<report>
				<misses>726600001</misses>
				<total>0</total>
				<timestamp>4586.026482</timestamp>
			</report>
			<report>
				<misses>726700001</misses>
				<total>0</total>
				<timestamp>4586.655575</timestamp>
			</report>
			<report>
				<misses>726800001</misses>
				<total>0</total>
				<timestamp>4587.283692</timestamp>
			</report>
			<report>
				<misses>726900001</misses>
				<total>0</total>
				<timestamp>4587.918889</timestamp>
			</report>
			<report>
				<misses>727000001</misses>
				<total>0</total>
				<timestamp>4588.555855</timestamp>
			</report>
			<report>
				<misses>727100001</misses>
				<total>0</total>
				<timestamp>4589.180925</timestamp>
			</report>
			<report>
				<misses>727200001</misses>
				<total>0</total>
				<timestamp>4589.810784</timestamp>
			</report>
			<report>
				<misses>727300001</misses>
				<total>0</total>
				<timestamp>4590.434933</timestamp>
			</report>
			<report>
				<misses>727400001</misses>
				<total>0</total>
				<timestamp>4591.060123</timestamp>
			</report>
			<report>
				<misses>727500001</misses>
				<total>0</total>
				<timestamp>4591.685561</timestamp>
			</report>
			<report>
				<misses>727600001</misses>
				<total>0</total>
				<timestamp>4592.325923</timestamp>
			</report>
			<report>
				<misses>727700001</misses>
				<total>0</total>
				<timestamp>4592.949624</timestamp>
			</report>
			<report>
				<misses>727800001</misses>
				<total>0</total>
				<timestamp>4593.581855</timestamp>
			</report>
			<report>
				<misses>727900001</misses>
				<total>0</total>
				<timestamp>4594.211866</timestamp>
			</report>
			<report>
				<misses>728000001</misses>
				<total>0</total>
				<timestamp>4594.837526</timestamp>
			</report>
			<report>
				<misses>728100001</misses>
				<total>0</total>
				<timestamp>4595.475577</timestamp>
			</report>
			<report>
				<misses>728200001</misses>
				<total>0</total>
				<timestamp>4596.106394</timestamp>
			</report>
			<report>
				<misses>728300001</misses>
				<total>0</total>
				<timestamp>4596.734913</timestamp>
			</report>
			<report>
				<misses>728400001</misses>
				<total>0</total>
				<timestamp>4597.364363</timestamp>
			</report>
			<report>
				<misses>728500001</misses>
				<total>0</total>
				<timestamp>4598.006250</timestamp>
			</report>
			<report>
				<misses>728600001</misses>
				<total>0</total>
				<timestamp>4598.635715</timestamp>
			</report>
			<report>
				<misses>728700001</misses>
				<total>0</total>
				<timestamp>4599.263834</timestamp>
			</report>
			<report>
				<misses>728800001</misses>
				<total>0</total>
				<timestamp>4599.889968</timestamp>
			</report>
			<report>
				<misses>728900001</misses>
				<total>0</total>
				<timestamp>4600.519330</timestamp>
			</report>
			<report>
				<misses>729000001</misses>
				<total>0</total>
				<timestamp>4601.145982</timestamp>
			</report>
			<report>
				<misses>729100001</misses>
				<total>0</total>
				<timestamp>4601.769187</timestamp>
			</report>
			<report>
				<misses>729200001</misses>
				<total>0</total>
				<timestamp>4602.399890</timestamp>
			</report>
			<report>
				<misses>729300001</misses>
				<total>0</total>
				<timestamp>4603.025222</timestamp>
			</report>
			<report>
				<misses>729400001</misses>
				<total>0</total>
				<timestamp>4603.651709</timestamp>
			</report>
			<report>
				<misses>729500001</misses>
				<total>0</total>
				<timestamp>4604.279042</timestamp>
			</report>
			<report>
				<misses>729600001</misses>
				<total>0</total>
				<timestamp>4604.908454</timestamp>
			</report>
			<report>
				<misses>729700001</misses>
				<total>0</total>
				<timestamp>4605.537876</timestamp>
			</report>
			<report>
				<misses>729800001</misses>
				<total>0</total>
				<timestamp>4606.161752</timestamp>
			</report>
			<report>
				<misses>729900001</misses>
				<total>0</total>
				<timestamp>4606.789800</timestamp>
			</report>
			<report>
				<misses>730000001</misses>
				<total>0</total>
				<timestamp>4607.420636</timestamp>
			</report>
			<report>
				<misses>730100001</misses>
				<total>0</total>
				<timestamp>4608.049321</timestamp>
			</report>
			<report>
				<misses>730200001</misses>
				<total>0</total>
				<timestamp>4608.681161</timestamp>
			</report>
			<report>
				<misses>730300001</misses>
				<total>0</total>
				<timestamp>4609.306431</timestamp>
			</report>
			<report>
				<misses>730400001</misses>
				<total>0</total>
				<timestamp>4609.941245</timestamp>
			</report>
			<report>
				<misses>730500001</misses>
				<total>0</total>
				<timestamp>4610.580779</timestamp>
			</report>
			<report>
				<misses>730600001</misses>
				<total>0</total>
				<timestamp>4611.206902</timestamp>
			</report>
			<report>
				<misses>730700001</misses>
				<total>0</total>
				<timestamp>4611.849618</timestamp>
			</report>
			<report>
				<misses>730800001</misses>
				<total>0</total>
				<timestamp>4612.479593</timestamp>
			</report>
			<report>
				<misses>730900001</misses>
				<total>0</total>
				<timestamp>4613.106722</timestamp>
			</report>
			<report>
				<misses>731000001</misses>
				<total>0</total>
				<timestamp>4613.730505</timestamp>
			</report>
			<report>
				<misses>731100001</misses>
				<total>0</total>
				<timestamp>4614.359320</timestamp>
			</report>
			<report>
				<misses>731200001</misses>
				<total>0</total>
				<timestamp>4614.983567</timestamp>
			</report>
			<report>
				<misses>731300001</misses>
				<total>0</total>
				<timestamp>4615.616774</timestamp>
			</report>
			<report>
				<misses>731400001</misses>
				<total>0</total>
				<timestamp>4616.251884</timestamp>
			</report>
			<report>
				<misses>731500001</misses>
				<total>0</total>
				<timestamp>4616.877799</timestamp>
			</report>
			<report>
				<misses>731600001</misses>
				<total>0</total>
				<timestamp>4617.515389</timestamp>
			</report>
			<report>
				<misses>731700001</misses>
				<total>0</total>
				<timestamp>4618.146628</timestamp>
			</report>
			<report>
				<misses>731800001</misses>
				<total>0</total>
				<timestamp>4618.777637</timestamp>
			</report>
			<report>
				<misses>731900001</misses>
				<total>0</total>
				<timestamp>4619.409795</timestamp>
			</report>
			<report>
				<misses>732000001</misses>
				<total>0</total>
				<timestamp>4620.039260</timestamp>
			</report>
			<report>
				<misses>732100001</misses>
				<total>0</total>
				<timestamp>4620.668495</timestamp>
			</report>
			<report>
				<misses>732200001</misses>
				<total>0</total>
				<timestamp>4621.295549</timestamp>
			</report>
			<report>
				<misses>732300001</misses>
				<total>0</total>
				<timestamp>4621.923309</timestamp>
			</report>
			<report>
				<misses>732400001</misses>
				<total>0</total>
				<timestamp>4622.546235</timestamp>
			</report>
			<report>
				<misses>732500001</misses>
				<total>0</total>
				<timestamp>4623.184232</timestamp>
			</report>
			<report>
				<misses>732600001</misses>
				<total>0</total>
				<timestamp>4623.811686</timestamp>
			</report>
			<report>
				<misses>732700001</misses>
				<total>0</total>
				<timestamp>4624.454150</timestamp>
			</report>
			<report>
				<misses>732800001</misses>
				<total>0</total>
				<timestamp>4625.082843</timestamp>
			</report>
			<report>
				<misses>732900001</misses>
				<total>0</total>
				<timestamp>4625.717349</timestamp>
			</report>
			<report>
				<misses>733000001</misses>
				<total>0</total>
				<timestamp>4626.347755</timestamp>
			</report>
			<report>
				<misses>733100001</misses>
				<total>0</total>
				<timestamp>4626.973338</timestamp>
			</report>
			<report>
				<misses>733200001</misses>
				<total>0</total>
				<timestamp>4627.600313</timestamp>
			</report>
			<report>
				<misses>733300001</misses>
				<total>0</total>
				<timestamp>4628.229545</timestamp>
			</report>
			<report>
				<misses>733400001</misses>
				<total>0</total>
				<timestamp>4628.860600</timestamp>
			</report>
			<report>
				<misses>733500001</misses>
				<total>0</total>
				<timestamp>4629.488619</timestamp>
			</report>
			<report>
				<misses>733600001</misses>
				<total>0</total>
				<timestamp>4630.115264</timestamp>
			</report>
			<report>
				<misses>733700001</misses>
				<total>0</total>
				<timestamp>4630.739302</timestamp>
			</report>
			<report>
				<misses>733800001</misses>
				<total>0</total>
				<timestamp>4631.367603</timestamp>
			</report>
			<report>
				<misses>733900001</misses>
				<total>0</total>
				<timestamp>4631.996487</timestamp>
			</report>
			<report>
				<misses>734000001</misses>
				<total>0</total>
				<timestamp>4632.625923</timestamp>
			</report>
			<report>
				<misses>734100001</misses>
				<total>0</total>
				<timestamp>4633.255640</timestamp>
			</report>
			<report>
				<misses>734200001</misses>
				<total>0</total>
				<timestamp>4633.881086</timestamp>
			</report>
			<report>
				<misses>734300001</misses>
				<total>0</total>
				<timestamp>4634.511943</timestamp>
			</report>
			<report>
				<misses>734400001</misses>
				<total>0</total>
				<timestamp>4635.146932</timestamp>
			</report>
			<report>
				<misses>734500001</misses>
				<total>0</total>
				<timestamp>4635.774070</timestamp>
			</report>
			<report>
				<misses>734600001</misses>
				<total>0</total>
				<timestamp>4636.424488</timestamp>
			</report>
			<report>
				<misses>734700001</misses>
				<total>0</total>
				<timestamp>4637.054650</timestamp>
			</report>
			<report>
				<misses>734800001</misses>
				<total>0</total>
				<timestamp>4637.687485</timestamp>
			</report>
			<report>
				<misses>734900001</misses>
				<total>0</total>
				<timestamp>4638.319575</timestamp>
			</report>
			<report>
				<misses>735000001</misses>
				<total>0</total>
				<timestamp>4638.947884</timestamp>
			</report>
			<report>
				<misses>735100001</misses>
				<total>0</total>
				<timestamp>4639.577078</timestamp>
			</report>
			<report>
				<misses>735200001</misses>
				<total>0</total>
				<timestamp>4640.211064</timestamp>
			</report>
			<report>
				<misses>735300001</misses>
				<total>0</total>
				<timestamp>4640.840859</timestamp>
			</report>
			<report>
				<misses>735400001</misses>
				<total>0</total>
				<timestamp>4641.476763</timestamp>
			</report>
			<report>
				<misses>735500001</misses>
				<total>0</total>
				<timestamp>4642.101147</timestamp>
			</report>
			<report>
				<misses>735600001</misses>
				<total>0</total>
				<timestamp>4642.735112</timestamp>
			</report>
			<report>
				<misses>735700001</misses>
				<total>0</total>
				<timestamp>4643.371806</timestamp>
			</report>
			<report>
				<misses>735800001</misses>
				<total>0</total>
				<timestamp>4644.003512</timestamp>
			</report>
			<report>
				<misses>735900001</misses>
				<total>0</total>
				<timestamp>4644.642841</timestamp>
			</report>
			<report>
				<misses>736000001</misses>
				<total>0</total>
				<timestamp>4645.268912</timestamp>
			</report>
			<report>
				<misses>736100001</misses>
				<total>0</total>
				<timestamp>4645.904162</timestamp>
			</report>
			<report>
				<misses>736200001</misses>
				<total>0</total>
				<timestamp>4646.548065</timestamp>
			</report>
			<report>
				<misses>736300001</misses>
				<total>0</total>
				<timestamp>4647.184550</timestamp>
			</report>
			<report>
				<misses>736400001</misses>
				<total>0</total>
				<timestamp>4647.812988</timestamp>
			</report>
			<report>
				<misses>736500001</misses>
				<total>0</total>
				<timestamp>4648.441653</timestamp>
			</report>
			<report>
				<misses>736600001</misses>
				<total>0</total>
				<timestamp>4649.091805</timestamp>
			</report>
			<report>
				<misses>736700001</misses>
				<total>0</total>
				<timestamp>4649.714400</timestamp>
			</report>
			<report>
				<misses>736800001</misses>
				<total>0</total>
				<timestamp>4650.342204</timestamp>
			</report>
			<report>
				<misses>736900001</misses>
				<total>0</total>
				<timestamp>4650.968804</timestamp>
			</report>
			<report>
				<misses>737000001</misses>
				<total>0</total>
				<timestamp>4651.604687</timestamp>
			</report>
			<report>
				<misses>737100001</misses>
				<total>0</total>
				<timestamp>4652.242159</timestamp>
			</report>
			<report>
				<misses>737200001</misses>
				<total>0</total>
				<timestamp>4652.877838</timestamp>
			</report>
			<report>
				<misses>737300001</misses>
				<total>0</total>
				<timestamp>4653.507231</timestamp>
			</report>
			<report>
				<misses>737400001</misses>
				<total>0</total>
				<timestamp>4654.151962</timestamp>
			</report>
			<report>
				<misses>737500001</misses>
				<total>0</total>
				<timestamp>4654.783834</timestamp>
			</report>
			<report>
				<misses>737600001</misses>
				<total>0</total>
				<timestamp>4655.407666</timestamp>
			</report>
			<report>
				<misses>737700001</misses>
				<total>0</total>
				<timestamp>4656.043481</timestamp>
			</report>
			<report>
				<misses>737800001</misses>
				<total>0</total>
				<timestamp>4656.668363</timestamp>
			</report>
			<report>
				<misses>737900001</misses>
				<total>0</total>
				<timestamp>4657.303414</timestamp>
			</report>
			<report>
				<misses>738000001</misses>
				<total>0</total>
				<timestamp>4657.939216</timestamp>
			</report>
			<report>
				<misses>738100001</misses>
				<total>0</total>
				<timestamp>4658.566548</timestamp>
			</report>
			<report>
				<misses>738200001</misses>
				<total>0</total>
				<timestamp>4659.200930</timestamp>
			</report>
			<report>
				<misses>738300001</misses>
				<total>0</total>
				<timestamp>4659.828048</timestamp>
			</report>
			<report>
				<misses>738400001</misses>
				<total>0</total>
				<timestamp>4660.464793</timestamp>
			</report>
			<report>
				<misses>738500001</misses>
				<total>0</total>
				<timestamp>4661.097162</timestamp>
			</report>
			<report>
				<misses>738600001</misses>
				<total>0</total>
				<timestamp>4661.726531</timestamp>
			</report>
			<report>
				<misses>738700001</misses>
				<total>0</total>
				<timestamp>4662.361980</timestamp>
			</report>
			<report>
				<misses>738800001</misses>
				<total>0</total>
				<timestamp>4663.000814</timestamp>
			</report>
			<report>
				<misses>738900001</misses>
				<total>0</total>
				<timestamp>4663.631262</timestamp>
			</report>
			<report>
				<misses>739000001</misses>
				<total>0</total>
				<timestamp>4664.258432</timestamp>
			</report>
			<report>
				<misses>739100001</misses>
				<total>0</total>
				<timestamp>4664.890722</timestamp>
			</report>
			<report>
				<misses>739200001</misses>
				<total>0</total>
				<timestamp>4665.517943</timestamp>
			</report>
			<report>
				<misses>739300001</misses>
				<total>0</total>
				<timestamp>4666.144869</timestamp>
			</report>
			<report>
				<misses>739400001</misses>
				<total>0</total>
				<timestamp>4666.771864</timestamp>
			</report>
			<report>
				<misses>739500001</misses>
				<total>0</total>
				<timestamp>4667.398999</timestamp>
			</report>
			<report>
				<misses>739600001</misses>
				<total>0</total>
				<timestamp>4668.039985</timestamp>
			</report>
			<report>
				<misses>739700001</misses>
				<total>0</total>
				<timestamp>4668.688169</timestamp>
			</report>
			<report>
				<misses>739800001</misses>
				<total>0</total>
				<timestamp>4669.318834</timestamp>
			</report>
			<report>
				<misses>739900001</misses>
				<total>0</total>
				<timestamp>4669.945546</timestamp>
			</report>
			<report>
				<misses>740000001</misses>
				<total>0</total>
				<timestamp>4670.572037</timestamp>
			</report>
			<report>
				<misses>740100001</misses>
				<total>0</total>
				<timestamp>4671.196279</timestamp>
			</report>
			<report>
				<misses>740200001</misses>
				<total>0</total>
				<timestamp>4671.825851</timestamp>
			</report>
			<report>
				<misses>740300001</misses>
				<total>0</total>
				<timestamp>4672.451742</timestamp>
			</report>
			<report>
				<misses>740400001</misses>
				<total>0</total>
				<timestamp>4673.078149</timestamp>
			</report>
			<report>
				<misses>740500001</misses>
				<total>0</total>
				<timestamp>4673.705691</timestamp>
			</report>
			<report>
				<misses>740600001</misses>
				<total>0</total>
				<timestamp>4674.329967</timestamp>
			</report>
			<report>
				<misses>740700001</misses>
				<total>0</total>
				<timestamp>4674.958563</timestamp>
			</report>
			<report>
				<misses>740800001</misses>
				<total>0</total>
				<timestamp>4675.592718</timestamp>
			</report>
			<report>
				<misses>740900001</misses>
				<total>0</total>
				<timestamp>4676.239132</timestamp>
			</report>
			<report>
				<misses>741000001</misses>
				<total>0</total>
				<timestamp>4676.863570</timestamp>
			</report>
			<report>
				<misses>741100001</misses>
				<total>0</total>
				<timestamp>4677.490852</timestamp>
			</report>
			<report>
				<misses>741200001</misses>
				<total>0</total>
				<timestamp>4678.116532</timestamp>
			</report>
			<report>
				<misses>741300001</misses>
				<total>0</total>
				<timestamp>4678.741893</timestamp>
			</report>
			<report>
				<misses>741400001</misses>
				<total>0</total>
				<timestamp>4679.375630</timestamp>
			</report>
			<report>
				<misses>741500001</misses>
				<total>0</total>
				<timestamp>4680.008697</timestamp>
			</report>
			<report>
				<misses>741600001</misses>
				<total>0</total>
				<timestamp>4680.638252</timestamp>
			</report>
			<report>
				<misses>741700001</misses>
				<total>0</total>
				<timestamp>4681.282021</timestamp>
			</report>
			<report>
				<misses>741800001</misses>
				<total>0</total>
				<timestamp>4681.905983</timestamp>
			</report>
			<report>
				<misses>741900001</misses>
				<total>0</total>
				<timestamp>4682.540797</timestamp>
			</report>
			<report>
				<misses>742000001</misses>
				<total>0</total>
				<timestamp>4683.172412</timestamp>
			</report>
			<report>
				<misses>742100001</misses>
				<total>0</total>
				<timestamp>4683.809151</timestamp>
			</report>
			<report>
				<misses>742200001</misses>
				<total>0</total>
				<timestamp>4684.439750</timestamp>
			</report>
			<report>
				<misses>742300001</misses>
				<total>0</total>
				<timestamp>4685.073827</timestamp>
			</report>
			<report>
				<misses>742400001</misses>
				<total>0</total>
				<timestamp>4685.700762</timestamp>
			</report>
			<report>
				<misses>742500001</misses>
				<total>0</total>
				<timestamp>4686.328733</timestamp>
			</report>
			<report>
				<misses>742600001</misses>
				<total>0</total>
				<timestamp>4686.951313</timestamp>
			</report>
			<report>
				<misses>742700001</misses>
				<total>0</total>
				<timestamp>4687.581689</timestamp>
			</report>
			<report>
				<misses>742800001</misses>
				<total>0</total>
				<timestamp>4688.208524</timestamp>
			</report>
			<report>
				<misses>742900001</misses>
				<total>0</total>
				<timestamp>4688.832797</timestamp>
			</report>
			<report>
				<misses>743000001</misses>
				<total>0</total>
				<timestamp>4689.463455</timestamp>
			</report>
			<report>
				<misses>743100001</misses>
				<total>0</total>
				<timestamp>4690.088838</timestamp>
			</report>
			<report>
				<misses>743200001</misses>
				<total>0</total>
				<timestamp>4690.714628</timestamp>
			</report>
			<report>
				<misses>743300001</misses>
				<total>0</total>
				<timestamp>4691.340709</timestamp>
			</report>
			<report>
				<misses>743400001</misses>
				<total>0</total>
				<timestamp>4691.966731</timestamp>
			</report>
			<report>
				<misses>743500001</misses>
				<total>0</total>
				<timestamp>4692.599255</timestamp>
			</report>
			<report>
				<misses>743600001</misses>
				<total>0</total>
				<timestamp>4693.225574</timestamp>
			</report>
			<report>
				<misses>743700001</misses>
				<total>0</total>
				<timestamp>4693.853667</timestamp>
			</report>
			<report>
				<misses>743800001</misses>
				<total>0</total>
				<timestamp>4694.481902</timestamp>
			</report>
			<report>
				<misses>743900001</misses>
				<total>0</total>
				<timestamp>4695.109220</timestamp>
			</report>
			<report>
				<misses>744000001</misses>
				<total>0</total>
				<timestamp>4695.736709</timestamp>
			</report>
			<report>
				<misses>744100001</misses>
				<total>0</total>
				<timestamp>4696.368191</timestamp>
			</report>
			<report>
				<misses>744200001</misses>
				<total>0</total>
				<timestamp>4697.008308</timestamp>
			</report>
			<report>
				<misses>744300001</misses>
				<total>0</total>
				<timestamp>4697.637574</timestamp>
			</report>
			<report>
				<misses>744400001</misses>
				<total>0</total>
				<timestamp>4698.269262</timestamp>
			</report>
			<report>
				<misses>744500001</misses>
				<total>0</total>
				<timestamp>4698.898525</timestamp>
			</report>
			<report>
				<misses>744600001</misses>
				<total>0</total>
				<timestamp>4699.537491</timestamp>
			</report>
			<report>
				<misses>744700001</misses>
				<total>0</total>
				<timestamp>4700.164964</timestamp>
			</report>
			<report>
				<misses>744800001</misses>
				<total>0</total>
				<timestamp>4700.788882</timestamp>
			</report>
			<report>
				<misses>744900001</misses>
				<total>0</total>
				<timestamp>4701.418763</timestamp>
			</report>
			<report>
				<misses>745000001</misses>
				<total>0</total>
				<timestamp>4702.052268</timestamp>
			</report>
			<report>
				<misses>745100001</misses>
				<total>0</total>
				<timestamp>4702.675575</timestamp>
			</report>
			<report>
				<misses>745200001</misses>
				<total>0</total>
				<timestamp>4703.313215</timestamp>
			</report>
			<report>
				<misses>745300001</misses>
				<total>0</total>
				<timestamp>4703.946950</timestamp>
			</report>
			<report>
				<misses>745400001</misses>
				<total>0</total>
				<timestamp>4704.580074</timestamp>
			</report>
			<report>
				<misses>745500001</misses>
				<total>0</total>
				<timestamp>4705.214202</timestamp>
			</report>
			<report>
				<misses>745600001</misses>
				<total>0</total>
				<timestamp>4705.842914</timestamp>
			</report>
			<report>
				<misses>745700001</misses>
				<total>0</total>
				<timestamp>4706.475979</timestamp>
			</report>
			<report>
				<misses>745800001</misses>
				<total>0</total>
				<timestamp>4707.108471</timestamp>
			</report>
			<report>
				<misses>745900001</misses>
				<total>0</total>
				<timestamp>4707.737830</timestamp>
			</report>
			<report>
				<misses>746000001</misses>
				<total>0</total>
				<timestamp>4708.367649</timestamp>
			</report>
			<report>
				<misses>746100001</misses>
				<total>0</total>
				<timestamp>4709.003140</timestamp>
			</report>
			<report>
				<misses>746200001</misses>
				<total>0</total>
				<timestamp>4709.640105</timestamp>
			</report>
			<report>
				<misses>746300001</misses>
				<total>0</total>
				<timestamp>4710.270425</timestamp>
			</report>
			<report>
				<misses>746400001</misses>
				<total>0</total>
				<timestamp>4710.904424</timestamp>
			</report>
			<report>
				<misses>746500001</misses>
				<total>0</total>
				<timestamp>4711.534512</timestamp>
			</report>
			<report>
				<misses>746600001</misses>
				<total>0</total>
				<timestamp>4712.167889</timestamp>
			</report>
			<report>
				<misses>746700001</misses>
				<total>0</total>
				<timestamp>4712.805000</timestamp>
			</report>
			<report>
				<misses>746800001</misses>
				<total>0</total>
				<timestamp>4713.434841</timestamp>
			</report>
			<report>
				<misses>746900001</misses>
				<total>0</total>
				<timestamp>4714.061090</timestamp>
			</report>
			<report>
				<misses>747000001</misses>
				<total>0</total>
				<timestamp>4714.689440</timestamp>
			</report>
			<report>
				<misses>747100001</misses>
				<total>0</total>
				<timestamp>4715.312045</timestamp>
			</report>
			<report>
				<misses>747200001</misses>
				<total>0</total>
				<timestamp>4715.939640</timestamp>
			</report>
			<report>
				<misses>747300001</misses>
				<total>0</total>
				<timestamp>4716.563638</timestamp>
			</report>
			<report>
				<misses>747400001</misses>
				<total>0</total>
				<timestamp>4717.194666</timestamp>
			</report>
			<report>
				<misses>747500001</misses>
				<total>0</total>
				<timestamp>4717.825339</timestamp>
			</report>
			<report>
				<misses>747600001</misses>
				<total>0</total>
				<timestamp>4718.451203</timestamp>
			</report>
			<report>
				<misses>747700001</misses>
				<total>0</total>
				<timestamp>4719.079480</timestamp>
			</report>
			<report>
				<misses>747800001</misses>
				<total>0</total>
				<timestamp>4719.711503</timestamp>
			</report>
			<report>
				<misses>747900001</misses>
				<total>0</total>
				<timestamp>4720.339144</timestamp>
			</report>
			<report>
				<misses>748000001</misses>
				<total>0</total>
				<timestamp>4720.969042</timestamp>
			</report>
			<report>
				<misses>748100001</misses>
				<total>0</total>
				<timestamp>4721.595891</timestamp>
			</report>
			<report>
				<misses>748200001</misses>
				<total>0</total>
				<timestamp>4722.228660</timestamp>
			</report>
			<report>
				<misses>748300001</misses>
				<total>0</total>
				<timestamp>4722.858771</timestamp>
			</report>
			<report>
				<misses>748400001</misses>
				<total>0</total>
				<timestamp>4723.488669</timestamp>
			</report>
			<report>
				<misses>748500001</misses>
				<total>0</total>
				<timestamp>4724.117078</timestamp>
			</report>
			<report>
				<misses>748600001</misses>
				<total>0</total>
				<timestamp>4724.744608</timestamp>
			</report>
			<report>
				<misses>748700001</misses>
				<total>0</total>
				<timestamp>4725.370678</timestamp>
			</report>
			<report>
				<misses>748800001</misses>
				<total>0</total>
				<timestamp>4726.001280</timestamp>
			</report>
			<report>
				<misses>748900001</misses>
				<total>0</total>
				<timestamp>4726.623260</timestamp>
			</report>
			<report>
				<misses>749000001</misses>
				<total>0</total>
				<timestamp>4727.266815</timestamp>
			</report>
			<report>
				<misses>749100001</misses>
				<total>0</total>
				<timestamp>4727.892613</timestamp>
			</report>
			<report>
				<misses>749200001</misses>
				<total>0</total>
				<timestamp>4728.519917</timestamp>
			</report>
			<report>
				<misses>749300001</misses>
				<total>0</total>
				<timestamp>4729.147727</timestamp>
			</report>
			<report>
				<misses>749400001</misses>
				<total>0</total>
				<timestamp>4729.772156</timestamp>
			</report>
			<report>
				<misses>749500001</misses>
				<total>0</total>
				<timestamp>4730.406318</timestamp>
			</report>
			<report>
				<misses>749600001</misses>
				<total>0</total>
				<timestamp>4731.046305</timestamp>
			</report>
			<report>
				<misses>749700001</misses>
				<total>0</total>
				<timestamp>4731.674050</timestamp>
			</report>
			<report>
				<misses>749800001</misses>
				<total>0</total>
				<timestamp>4732.298230</timestamp>
			</report>
			<report>
				<misses>749900001</misses>
				<total>0</total>
				<timestamp>4732.932572</timestamp>
			</report>
			<report>
				<misses>750000001</misses>
				<total>0</total>
				<timestamp>4733.562598</timestamp>
			</report>
			<report>
				<misses>750100001</misses>
				<total>0</total>
				<timestamp>4734.201078</timestamp>
			</report>
			<report>
				<misses>750200001</misses>
				<total>0</total>
				<timestamp>4734.834456</timestamp>
			</report>
			<report>
				<misses>750300001</misses>
				<total>0</total>
				<timestamp>4735.463987</timestamp>
			</report>
			<report>
				<misses>750400001</misses>
				<total>0</total>
				<timestamp>4736.100265</timestamp>
			</report>
			<report>
				<misses>750500001</misses>
				<total>0</total>
				<timestamp>4736.725597</timestamp>
			</report>
			<report>
				<misses>750600001</misses>
				<total>0</total>
				<timestamp>4737.352415</timestamp>
			</report>
			<report>
				<misses>750700001</misses>
				<total>0</total>
				<timestamp>4737.978216</timestamp>
			</report>
			<report>
				<misses>750800001</misses>
				<total>0</total>
				<timestamp>4738.605913</timestamp>
			</report>
			<report>
				<misses>750900001</misses>
				<total>0</total>
				<timestamp>4739.236552</timestamp>
			</report>
			<report>
				<misses>751000001</misses>
				<total>0</total>
				<timestamp>4739.867296</timestamp>
			</report>
			<report>
				<misses>751100001</misses>
				<total>0</total>
				<timestamp>4740.495634</timestamp>
			</report>
			<report>
				<misses>751200001</misses>
				<total>0</total>
				<timestamp>4741.129307</timestamp>
			</report>
			<report>
				<misses>751300001</misses>
				<total>0</total>
				<timestamp>4741.757876</timestamp>
			</report>
			<report>
				<misses>751400001</misses>
				<total>0</total>
				<timestamp>4742.391101</timestamp>
			</report>
			<report>
				<misses>751500001</misses>
				<total>0</total>
				<timestamp>4743.021452</timestamp>
			</report>
			<report>
				<misses>751600001</misses>
				<total>0</total>
				<timestamp>4743.658061</timestamp>
			</report>
			<report>
				<misses>751700001</misses>
				<total>0</total>
				<timestamp>4744.287890</timestamp>
			</report>
			<report>
				<misses>751800001</misses>
				<total>0</total>
				<timestamp>4744.915240</timestamp>
			</report>
			<report>
				<misses>751900001</misses>
				<total>0</total>
				<timestamp>4745.550668</timestamp>
			</report>
			<report>
				<misses>752000001</misses>
				<total>0</total>
				<timestamp>4746.177471</timestamp>
			</report>
			<report>
				<misses>752100001</misses>
				<total>0</total>
				<timestamp>4746.805397</timestamp>
			</report>
			<report>
				<misses>752200001</misses>
				<total>0</total>
				<timestamp>4747.431794</timestamp>
			</report>
			<report>
				<misses>752300001</misses>
				<total>0</total>
				<timestamp>4748.054234</timestamp>
			</report>
			<report>
				<misses>752400001</misses>
				<total>0</total>
				<timestamp>4748.683733</timestamp>
			</report>
			<report>
				<misses>752500001</misses>
				<total>0</total>
				<timestamp>4749.309586</timestamp>
			</report>
			<report>
				<misses>752600001</misses>
				<total>0</total>
				<timestamp>4749.944397</timestamp>
			</report>
			<report>
				<misses>752700001</misses>
				<total>0</total>
				<timestamp>4750.572426</timestamp>
			</report>
			<report>
				<misses>752800001</misses>
				<total>0</total>
				<timestamp>4751.200113</timestamp>
			</report>
			<report>
				<misses>752900001</misses>
				<total>0</total>
				<timestamp>4751.828954</timestamp>
			</report>
			<report>
				<misses>753000001</misses>
				<total>0</total>
				<timestamp>4752.451682</timestamp>
			</report>
			<report>
				<misses>753100001</misses>
				<total>0</total>
				<timestamp>4753.085747</timestamp>
			</report>
			<report>
				<misses>753200001</misses>
				<total>0</total>
				<timestamp>4753.710903</timestamp>
			</report>
			<report>
				<misses>753300001</misses>
				<total>0</total>
				<timestamp>4754.350580</timestamp>
			</report>
			<report>
				<misses>753400001</misses>
				<total>0</total>
				<timestamp>4754.976016</timestamp>
			</report>
			<report>
				<misses>753500001</misses>
				<total>0</total>
				<timestamp>4755.624254</timestamp>
			</report>
			<report>
				<misses>753600001</misses>
				<total>0</total>
				<timestamp>4756.263660</timestamp>
			</report>
			<report>
				<misses>753700001</misses>
				<total>0</total>
				<timestamp>4756.900395</timestamp>
			</report>
			<report>
				<misses>753800001</misses>
				<total>0</total>
				<timestamp>4757.554857</timestamp>
			</report>
			<report>
				<misses>753900001</misses>
				<total>0</total>
				<timestamp>4758.178496</timestamp>
			</report>
			<report>
				<misses>754000001</misses>
				<total>0</total>
				<timestamp>4758.813537</timestamp>
			</report>
			<report>
				<misses>754100001</misses>
				<total>0</total>
				<timestamp>4759.448123</timestamp>
			</report>
			<report>
				<misses>754200001</misses>
				<total>0</total>
				<timestamp>4760.087354</timestamp>
			</report>
			<report>
				<misses>754300001</misses>
				<total>0</total>
				<timestamp>4760.715506</timestamp>
			</report>
			<report>
				<misses>754400001</misses>
				<total>0</total>
				<timestamp>4761.341154</timestamp>
			</report>
			<report>
				<misses>754500001</misses>
				<total>0</total>
				<timestamp>4761.969513</timestamp>
			</report>
			<report>
				<misses>754600001</misses>
				<total>0</total>
				<timestamp>4762.596733</timestamp>
			</report>
			<report>
				<misses>754700001</misses>
				<total>0</total>
				<timestamp>4763.228820</timestamp>
			</report>
			<report>
				<misses>754800001</misses>
				<total>0</total>
				<timestamp>4763.854612</timestamp>
			</report>
			<report>
				<misses>754900001</misses>
				<total>0</total>
				<timestamp>4764.489354</timestamp>
			</report>
			<report>
				<misses>755000001</misses>
				<total>0</total>
				<timestamp>4765.116721</timestamp>
			</report>
			<report>
				<misses>755100001</misses>
				<total>0</total>
				<timestamp>4765.746495</timestamp>
			</report>
			<report>
				<misses>755200001</misses>
				<total>0</total>
				<timestamp>4766.377037</timestamp>
			</report>
			<report>
				<misses>755300001</misses>
				<total>0</total>
				<timestamp>4767.006248</timestamp>
			</report>
			<report>
				<misses>755400001</misses>
				<total>0</total>
				<timestamp>4767.638556</timestamp>
			</report>
			<report>
				<misses>755500001</misses>
				<total>0</total>
				<timestamp>4768.262862</timestamp>
			</report>
			<report>
				<misses>755600001</misses>
				<total>0</total>
				<timestamp>4768.890823</timestamp>
			</report>
			<report>
				<misses>755700001</misses>
				<total>0</total>
				<timestamp>4769.530528</timestamp>
			</report>
			<report>
				<misses>755800001</misses>
				<total>0</total>
				<timestamp>4770.165442</timestamp>
			</report>
			<report>
				<misses>755900001</misses>
				<total>0</total>
				<timestamp>4770.801483</timestamp>
			</report>
			<report>
				<misses>756000001</misses>
				<total>0</total>
				<timestamp>4771.432545</timestamp>
			</report>
			<report>
				<misses>756100001</misses>
				<total>0</total>
				<timestamp>4772.072319</timestamp>
			</report>
			<report>
				<misses>756200001</misses>
				<total>0</total>
				<timestamp>4772.699364</timestamp>
			</report>
			<report>
				<misses>756300001</misses>
				<total>0</total>
				<timestamp>4773.328749</timestamp>
			</report>
			<report>
				<misses>756400001</misses>
				<total>0</total>
				<timestamp>4773.957877</timestamp>
			</report>
			<report>
				<misses>756500001</misses>
				<total>0</total>
				<timestamp>4774.587654</timestamp>
			</report>
			<report>
				<misses>756600001</misses>
				<total>0</total>
				<timestamp>4775.230630</timestamp>
			</report>
			<report>
				<misses>756700001</misses>
				<total>0</total>
				<timestamp>4775.859749</timestamp>
			</report>
			<report>
				<misses>756800001</misses>
				<total>0</total>
				<timestamp>4776.488752</timestamp>
			</report>
			<report>
				<misses>756900001</misses>
				<total>0</total>
				<timestamp>4777.112091</timestamp>
			</report>
			<report>
				<misses>757000001</misses>
				<total>0</total>
				<timestamp>4777.739795</timestamp>
			</report>
			<report>
				<misses>757100001</misses>
				<total>0</total>
				<timestamp>4778.372498</timestamp>
			</report>
			<report>
				<misses>757200001</misses>
				<total>0</total>
				<timestamp>4779.000937</timestamp>
			</report>
			<report>
				<misses>757300001</misses>
				<total>0</total>
				<timestamp>4779.632832</timestamp>
			</report>
			<report>
				<misses>757400001</misses>
				<total>0</total>
				<timestamp>4780.274129</timestamp>
			</report>
			<report>
				<misses>757500001</misses>
				<total>0</total>
				<timestamp>4780.904182</timestamp>
			</report>
			<report>
				<misses>757600001</misses>
				<total>0</total>
				<timestamp>4781.533452</timestamp>
			</report>
			<report>
				<misses>757700001</misses>
				<total>0</total>
				<timestamp>4782.163701</timestamp>
			</report>
			<report>
				<misses>757800001</misses>
				<total>0</total>
				<timestamp>4782.791761</timestamp>
			</report>
			<report>
				<misses>757900001</misses>
				<total>0</total>
				<timestamp>4783.418380</timestamp>
			</report>
			<report>
				<misses>758000001</misses>
				<total>0</total>
				<timestamp>4784.049664</timestamp>
			</report>
			<report>
				<misses>758100001</misses>
				<total>0</total>
				<timestamp>4784.679717</timestamp>
			</report>
			<report>
				<misses>758200001</misses>
				<total>0</total>
				<timestamp>4785.316994</timestamp>
			</report>
			<report>
				<misses>758300001</misses>
				<total>0</total>
				<timestamp>4785.942526</timestamp>
			</report>
			<report>
				<misses>758400001</misses>
				<total>0</total>
				<timestamp>4786.571598</timestamp>
			</report>
			<report>
				<misses>758500001</misses>
				<total>0</total>
				<timestamp>4787.203732</timestamp>
			</report>
			<report>
				<misses>758600001</misses>
				<total>0</total>
				<timestamp>4787.836260</timestamp>
			</report>
			<report>
				<misses>758700001</misses>
				<total>0</total>
				<timestamp>4788.470628</timestamp>
			</report>
			<report>
				<misses>758800001</misses>
				<total>0</total>
				<timestamp>4789.108417</timestamp>
			</report>
			<report>
				<misses>758900001</misses>
				<total>0</total>
				<timestamp>4789.752280</timestamp>
			</report>
			<report>
				<misses>759000001</misses>
				<total>0</total>
				<timestamp>4790.386179</timestamp>
			</report>
			<report>
				<misses>759100001</misses>
				<total>0</total>
				<timestamp>4791.007695</timestamp>
			</report>
			<report>
				<misses>759200001</misses>
				<total>0</total>
				<timestamp>4791.644283</timestamp>
			</report>
			<report>
				<misses>759300001</misses>
				<total>0</total>
				<timestamp>4792.268379</timestamp>
			</report>
			<report>
				<misses>759400001</misses>
				<total>0</total>
				<timestamp>4792.901799</timestamp>
			</report>
			<report>
				<misses>759500001</misses>
				<total>0</total>
				<timestamp>4793.531944</timestamp>
			</report>
			<report>
				<misses>759600001</misses>
				<total>0</total>
				<timestamp>4794.173065</timestamp>
			</report>
			<report>
				<misses>759700001</misses>
				<total>0</total>
				<timestamp>4794.803540</timestamp>
			</report>
			<report>
				<misses>759800001</misses>
				<total>0</total>
				<timestamp>4795.433410</timestamp>
			</report>
			<report>
				<misses>759900001</misses>
				<total>0</total>
				<timestamp>4796.065444</timestamp>
			</report>
			<report>
				<misses>760000001</misses>
				<total>0</total>
				<timestamp>4796.698420</timestamp>
			</report>
			<report>
				<misses>760100001</misses>
				<total>0</total>
				<timestamp>4797.329119</timestamp>
			</report>
			<report>
				<misses>760200001</misses>
				<total>0</total>
				<timestamp>4797.959644</timestamp>
			</report>
			<report>
				<misses>760300001</misses>
				<total>0</total>
				<timestamp>4798.594159</timestamp>
			</report>
			<report>
				<misses>760400001</misses>
				<total>0</total>
				<timestamp>4799.224172</timestamp>
			</report>
			<report>
				<misses>760500001</misses>
				<total>0</total>
				<timestamp>4799.851777</timestamp>
			</report>
			<report>
				<misses>760600001</misses>
				<total>0</total>
				<timestamp>4800.478852</timestamp>
			</report>
			<report>
				<misses>760700001</misses>
				<total>0</total>
				<timestamp>4801.111414</timestamp>
			</report>
			<report>
				<misses>760800001</misses>
				<total>0</total>
				<timestamp>4801.741063</timestamp>
			</report>
			<report>
				<misses>760900001</misses>
				<total>0</total>
				<timestamp>4802.370099</timestamp>
			</report>
			<report>
				<misses>761000001</misses>
				<total>0</total>
				<timestamp>4802.996034</timestamp>
			</report>
			<report>
				<misses>761100001</misses>
				<total>0</total>
				<timestamp>4803.633253</timestamp>
			</report>
			<report>
				<misses>761200001</misses>
				<total>0</total>
				<timestamp>4804.258561</timestamp>
			</report>
			<report>
				<misses>761300001</misses>
				<total>0</total>
				<timestamp>4804.883927</timestamp>
			</report>
			<report>
				<misses>761400001</misses>
				<total>0</total>
				<timestamp>4805.525922</timestamp>
			</report>
			<report>
				<misses>761500001</misses>
				<total>0</total>
				<timestamp>4806.160867</timestamp>
			</report>
			<report>
				<misses>761600001</misses>
				<total>0</total>
				<timestamp>4806.789365</timestamp>
			</report>
			<report>
				<misses>761700001</misses>
				<total>0</total>
				<timestamp>4807.419905</timestamp>
			</report>
			<report>
				<misses>761800001</misses>
				<total>0</total>
				<timestamp>4808.051202</timestamp>
			</report>
			<report>
				<misses>761900001</misses>
				<total>0</total>
				<timestamp>4808.680941</timestamp>
			</report>
			<report>
				<misses>762000001</misses>
				<total>0</total>
				<timestamp>4809.321162</timestamp>
			</report>
			<report>
				<misses>762100001</misses>
				<total>0</total>
				<timestamp>4809.963821</timestamp>
			</report>
			<report>
				<misses>762200001</misses>
				<total>0</total>
				<timestamp>4810.587987</timestamp>
			</report>
			<report>
				<misses>762300001</misses>
				<total>0</total>
				<timestamp>4811.226424</timestamp>
			</report>
			<report>
				<misses>762400001</misses>
				<total>0</total>
				<timestamp>4811.858268</timestamp>
			</report>
			<report>
				<misses>762500001</misses>
				<total>0</total>
				<timestamp>4812.493398</timestamp>
			</report>
			<report>
				<misses>762600001</misses>
				<total>0</total>
				<timestamp>4813.122183</timestamp>
			</report>
			<report>
				<misses>762700001</misses>
				<total>0</total>
				<timestamp>4813.757862</timestamp>
			</report>
			<report>
				<misses>762800001</misses>
				<total>0</total>
				<timestamp>4814.388378</timestamp>
			</report>
			<report>
				<misses>762900001</misses>
				<total>0</total>
				<timestamp>4815.013861</timestamp>
			</report>
			<report>
				<misses>763000001</misses>
				<total>0</total>
				<timestamp>4815.647361</timestamp>
			</report>
			<report>
				<misses>763100001</misses>
				<total>0</total>
				<timestamp>4816.284568</timestamp>
			</report>
			<report>
				<misses>763200001</misses>
				<total>0</total>
				<timestamp>4816.924284</timestamp>
			</report>
			<report>
				<misses>763300001</misses>
				<total>0</total>
				<timestamp>4817.557654</timestamp>
			</report>
			<report>
				<misses>763400001</misses>
				<total>0</total>
				<timestamp>4818.186919</timestamp>
			</report>
			<report>
				<misses>763500001</misses>
				<total>0</total>
				<timestamp>4818.822747</timestamp>
			</report>
			<report>
				<misses>763600001</misses>
				<total>0</total>
				<timestamp>4819.463358</timestamp>
			</report>
			<report>
				<misses>763700001</misses>
				<total>0</total>
				<timestamp>4820.090910</timestamp>
			</report>
			<report>
				<misses>763800001</misses>
				<total>0</total>
				<timestamp>4820.719466</timestamp>
			</report>
			<report>
				<misses>763900001</misses>
				<total>0</total>
				<timestamp>4821.348623</timestamp>
			</report>
			<report>
				<misses>764000001</misses>
				<total>0</total>
				<timestamp>4821.984495</timestamp>
			</report>
			<report>
				<misses>764100001</misses>
				<total>0</total>
				<timestamp>4822.613701</timestamp>
			</report>
			<report>
				<misses>764200001</misses>
				<total>0</total>
				<timestamp>4823.245365</timestamp>
			</report>
			<report>
				<misses>764300001</misses>
				<total>0</total>
				<timestamp>4823.868837</timestamp>
			</report>
			<report>
				<misses>764400001</misses>
				<total>0</total>
				<timestamp>4824.496465</timestamp>
			</report>
			<report>
				<misses>764500001</misses>
				<total>0</total>
				<timestamp>4825.127084</timestamp>
			</report>
			<report>
				<misses>764600001</misses>
				<total>0</total>
				<timestamp>4825.761375</timestamp>
			</report>
			<report>
				<misses>764700001</misses>
				<total>0</total>
				<timestamp>4826.391065</timestamp>
			</report>
			<report>
				<misses>764800001</misses>
				<total>0</total>
				<timestamp>4827.030864</timestamp>
			</report>
			<report>
				<misses>764900001</misses>
				<total>0</total>
				<timestamp>4827.665986</timestamp>
			</report>
			<report>
				<misses>765000001</misses>
				<total>0</total>
				<timestamp>4828.300466</timestamp>
			</report>
			<report>
				<misses>765100001</misses>
				<total>0</total>
				<timestamp>4828.936118</timestamp>
			</report>
			<report>
				<misses>765200001</misses>
				<total>0</total>
				<timestamp>4829.562078</timestamp>
			</report>
			<report>
				<misses>765300001</misses>
				<total>0</total>
				<timestamp>4830.186947</timestamp>
			</report>
			<report>
				<misses>765400001</misses>
				<total>0</total>
				<timestamp>4830.809561</timestamp>
			</report>
			<report>
				<misses>765500001</misses>
				<total>0</total>
				<timestamp>4831.432817</timestamp>
			</report>
			<report>
				<misses>765600001</misses>
				<total>0</total>
				<timestamp>4832.060881</timestamp>
			</report>
			<report>
				<misses>765700001</misses>
				<total>0</total>
				<timestamp>4832.692685</timestamp>
			</report>
			<report>
				<misses>765800001</misses>
				<total>0</total>
				<timestamp>4833.316501</timestamp>
			</report>
			<report>
				<misses>765900001</misses>
				<total>0</total>
				<timestamp>4833.942606</timestamp>
			</report>
			<report>
				<misses>766000001</misses>
				<total>0</total>
				<timestamp>4834.577299</timestamp>
			</report>
			<report>
				<misses>766100001</misses>
				<total>0</total>
				<timestamp>4835.212299</timestamp>
			</report>
			<report>
				<misses>766200001</misses>
				<total>0</total>
				<timestamp>4835.835717</timestamp>
			</report>
			<report>
				<misses>766300001</misses>
				<total>0</total>
				<timestamp>4836.461966</timestamp>
			</report>
			<report>
				<misses>766400001</misses>
				<total>0</total>
				<timestamp>4837.089213</timestamp>
			</report>
			<report>
				<misses>766500001</misses>
				<total>0</total>
				<timestamp>4837.715069</timestamp>
			</report>
			<report>
				<misses>766600001</misses>
				<total>0</total>
				<timestamp>4838.344542</timestamp>
			</report>
			<report>
				<misses>766700001</misses>
				<total>0</total>
				<timestamp>4838.973645</timestamp>
			</report>
			<report>
				<misses>766800001</misses>
				<total>0</total>
				<timestamp>4839.601155</timestamp>
			</report>
			<report>
				<misses>766900001</misses>
				<total>0</total>
				<timestamp>4840.224716</timestamp>
			</report>
			<report>
				<misses>767000001</misses>
				<total>0</total>
				<timestamp>4840.857851</timestamp>
			</report>
			<report>
				<misses>767100001</misses>
				<total>0</total>
				<timestamp>4841.494708</timestamp>
			</report>
			<report>
				<misses>767200001</misses>
				<total>0</total>
				<timestamp>4842.122282</timestamp>
			</report>
			<report>
				<misses>767300001</misses>
				<total>0</total>
				<timestamp>4842.750598</timestamp>
			</report>
			<report>
				<misses>767400001</misses>
				<total>0</total>
				<timestamp>4843.375178</timestamp>
			</report>
			<report>
				<misses>767500001</misses>
				<total>0</total>
				<timestamp>4844.006117</timestamp>
			</report>
			<report>
				<misses>767600001</misses>
				<total>0</total>
				<timestamp>4844.637100</timestamp>
			</report>
			<report>
				<misses>767700001</misses>
				<total>0</total>
				<timestamp>4845.261171</timestamp>
			</report>
			<report>
				<misses>767800001</misses>
				<total>0</total>
				<timestamp>4845.888758</timestamp>
			</report>
			<report>
				<misses>767900001</misses>
				<total>0</total>
				<timestamp>4846.514644</timestamp>
			</report>
			<report>
				<misses>768000001</misses>
				<total>0</total>
				<timestamp>4847.139657</timestamp>
			</report>
			<report>
				<misses>768100001</misses>
				<total>0</total>
				<timestamp>4847.764314</timestamp>
			</report>
			<report>
				<misses>768200001</misses>
				<total>0</total>
				<timestamp>4848.394787</timestamp>
			</report>
			<report>
				<misses>768300001</misses>
				<total>0</total>
				<timestamp>4849.022877</timestamp>
			</report>
			<report>
				<misses>768400001</misses>
				<total>0</total>
				<timestamp>4849.655462</timestamp>
			</report>
			<report>
				<misses>768500001</misses>
				<total>0</total>
				<timestamp>4850.287344</timestamp>
			</report>
			<report>
				<misses>768600001</misses>
				<total>0</total>
				<timestamp>4850.923894</timestamp>
			</report>
			<report>
				<misses>768700001</misses>
				<total>0</total>
				<timestamp>4851.551769</timestamp>
			</report>
			<report>
				<misses>768800001</misses>
				<total>0</total>
				<timestamp>4852.180364</timestamp>
			</report>
			<report>
				<misses>768900001</misses>
				<total>0</total>
				<timestamp>4852.807378</timestamp>
			</report>
			<report>
				<misses>769000001</misses>
				<total>0</total>
				<timestamp>4853.431547</timestamp>
			</report>
			<report>
				<misses>769100001</misses>
				<total>0</total>
				<timestamp>4854.063106</timestamp>
			</report>
			<report>
				<misses>769200001</misses>
				<total>0</total>
				<timestamp>4854.691666</timestamp>
			</report>
			<report>
				<misses>769300001</misses>
				<total>0</total>
				<timestamp>4855.330142</timestamp>
			</report>
			<report>
				<misses>769400001</misses>
				<total>0</total>
				<timestamp>4855.972149</timestamp>
			</report>
			<report>
				<misses>769500001</misses>
				<total>0</total>
				<timestamp>4856.615393</timestamp>
			</report>
			<report>
				<misses>769600001</misses>
				<total>0</total>
				<timestamp>4857.242386</timestamp>
			</report>
			<report>
				<misses>769700001</misses>
				<total>0</total>
				<timestamp>4857.869207</timestamp>
			</report>
			<report>
				<misses>769800001</misses>
				<total>0</total>
				<timestamp>4858.488709</timestamp>
			</report>
			<report>
				<misses>769900001</misses>
				<total>0</total>
				<timestamp>4859.113857</timestamp>
			</report>
			<report>
				<misses>770000001</misses>
				<total>0</total>
				<timestamp>4859.747420</timestamp>
			</report>
			<report>
				<misses>770100001</misses>
				<total>0</total>
				<timestamp>4860.377128</timestamp>
			</report>
			<report>
				<misses>770200001</misses>
				<total>0</total>
				<timestamp>4861.010315</timestamp>
			</report>
			<report>
				<misses>770300001</misses>
				<total>0</total>
				<timestamp>4861.644181</timestamp>
			</report>
			<report>
				<misses>770400001</misses>
				<total>0</total>
				<timestamp>4862.270987</timestamp>
			</report>
			<report>
				<misses>770500001</misses>
				<total>0</total>
				<timestamp>4862.902961</timestamp>
			</report>
			<report>
				<misses>770600001</misses>
				<total>0</total>
				<timestamp>4863.542604</timestamp>
			</report>
			<report>
				<misses>770700001</misses>
				<total>0</total>
				<timestamp>4864.185310</timestamp>
			</report>
			<report>
				<misses>770800001</misses>
				<total>0</total>
				<timestamp>4864.822613</timestamp>
			</report>
			<report>
				<misses>770900001</misses>
				<total>0</total>
				<timestamp>4865.458600</timestamp>
			</report>
			<report>
				<misses>771000001</misses>
				<total>0</total>
				<timestamp>4866.090340</timestamp>
			</report>
			<report>
				<misses>771100001</misses>
				<total>0</total>
				<timestamp>4866.721183</timestamp>
			</report>
			<report>
				<misses>771200001</misses>
				<total>0</total>
				<timestamp>4867.344438</timestamp>
			</report>
			<report>
				<misses>771300001</misses>
				<total>0</total>
				<timestamp>4867.970609</timestamp>
			</report>
			<report>
				<misses>771400001</misses>
				<total>0</total>
				<timestamp>4868.593196</timestamp>
			</report>
			<report>
				<misses>771500001</misses>
				<total>0</total>
				<timestamp>4869.222016</timestamp>
			</report>
			<report>
				<misses>771600001</misses>
				<total>0</total>
				<timestamp>4869.855922</timestamp>
			</report>
			<report>
				<misses>771700001</misses>
				<total>0</total>
				<timestamp>4870.483996</timestamp>
			</report>
			<report>
				<misses>771800001</misses>
				<total>0</total>
				<timestamp>4871.110946</timestamp>
			</report>
			<report>
				<misses>771900001</misses>
				<total>0</total>
				<timestamp>4871.750406</timestamp>
			</report>
			<report>
				<misses>772000001</misses>
				<total>0</total>
				<timestamp>4872.388486</timestamp>
			</report>
			<report>
				<misses>772100001</misses>
				<total>0</total>
				<timestamp>4873.021691</timestamp>
			</report>
			<report>
				<misses>772200001</misses>
				<total>0</total>
				<timestamp>4873.670158</timestamp>
			</report>
			<report>
				<misses>772300001</misses>
				<total>0</total>
				<timestamp>4874.328658</timestamp>
			</report>
			<report>
				<misses>772400001</misses>
				<total>0</total>
				<timestamp>4874.957971</timestamp>
			</report>
			<report>
				<misses>772500001</misses>
				<total>0</total>
				<timestamp>4875.581281</timestamp>
			</report>
			<report>
				<misses>772600001</misses>
				<total>0</total>
				<timestamp>4876.217244</timestamp>
			</report>
			<report>
				<misses>772700001</misses>
				<total>0</total>
				<timestamp>4876.845475</timestamp>
			</report>
			<report>
				<misses>772800001</misses>
				<total>0</total>
				<timestamp>4877.477977</timestamp>
			</report>
			<report>
				<misses>772900001</misses>
				<total>0</total>
				<timestamp>4878.106022</timestamp>
			</report>
			<report>
				<misses>773000001</misses>
				<total>0</total>
				<timestamp>4878.746474</timestamp>
			</report>
			<report>
				<misses>773100001</misses>
				<total>0</total>
				<timestamp>4879.376446</timestamp>
			</report>
			<report>
				<misses>773200001</misses>
				<total>0</total>
				<timestamp>4880.014074</timestamp>
			</report>
			<report>
				<misses>773300001</misses>
				<total>0</total>
				<timestamp>4880.645380</timestamp>
			</report>
			<report>
				<misses>773400001</misses>
				<total>0</total>
				<timestamp>4881.279359</timestamp>
			</report>
			<report>
				<misses>773500001</misses>
				<total>0</total>
				<timestamp>4881.907982</timestamp>
			</report>
			<report>
				<misses>773600001</misses>
				<total>0</total>
				<timestamp>4882.542948</timestamp>
			</report>
			<report>
				<misses>773700001</misses>
				<total>0</total>
				<timestamp>4883.175002</timestamp>
			</report>
			<report>
				<misses>773800001</misses>
				<total>0</total>
				<timestamp>4883.809371</timestamp>
			</report>
			<report>
				<misses>773900001</misses>
				<total>0</total>
				<timestamp>4884.447039</timestamp>
			</report>
			<report>
				<misses>774000001</misses>
				<total>0</total>
				<timestamp>4885.079208</timestamp>
			</report>
			<report>
				<misses>774100001</misses>
				<total>0</total>
				<timestamp>4885.705906</timestamp>
			</report>
			<report>
				<misses>774200001</misses>
				<total>0</total>
				<timestamp>4886.332251</timestamp>
			</report>
			<report>
				<misses>774300001</misses>
				<total>0</total>
				<timestamp>4886.958384</timestamp>
			</report>
			<report>
				<misses>774400001</misses>
				<total>0</total>
				<timestamp>4887.591789</timestamp>
			</report>
			<report>
				<misses>774500001</misses>
				<total>0</total>
				<timestamp>4888.218417</timestamp>
			</report>
			<report>
				<misses>774600001</misses>
				<total>0</total>
				<timestamp>4888.844350</timestamp>
			</report>
			<report>
				<misses>774700001</misses>
				<total>0</total>
				<timestamp>4889.480102</timestamp>
			</report>
			<report>
				<misses>774800001</misses>
				<total>0</total>
				<timestamp>4890.109294</timestamp>
			</report>
			<report>
				<misses>774900001</misses>
				<total>0</total>
				<timestamp>4890.735450</timestamp>
			</report>
			<report>
				<misses>775000001</misses>
				<total>0</total>
				<timestamp>4891.368901</timestamp>
			</report>
			<report>
				<misses>775100001</misses>
				<total>0</total>
				<timestamp>4891.998250</timestamp>
			</report>
			<report>
				<misses>775200001</misses>
				<total>0</total>
				<timestamp>4892.624786</timestamp>
			</report>
			<report>
				<misses>775300001</misses>
				<total>0</total>
				<timestamp>4893.252968</timestamp>
			</report>
			<report>
				<misses>775400001</misses>
				<total>0</total>
				<timestamp>4893.881571</timestamp>
			</report>
			<report>
				<misses>775500001</misses>
				<total>0</total>
				<timestamp>4894.510889</timestamp>
			</report>
			<report>
				<misses>775600001</misses>
				<total>0</total>
				<timestamp>4895.141943</timestamp>
			</report>
			<report>
				<misses>775700001</misses>
				<total>0</total>
				<timestamp>4895.769378</timestamp>
			</report>
			<report>
				<misses>775800001</misses>
				<total>0</total>
				<timestamp>4896.404571</timestamp>
			</report>
			<report>
				<misses>775900001</misses>
				<total>0</total>
				<timestamp>4897.034391</timestamp>
			</report>
			<report>
				<misses>776000001</misses>
				<total>0</total>
				<timestamp>4897.662724</timestamp>
			</report>
			<report>
				<misses>776100001</misses>
				<total>0</total>
				<timestamp>4898.290588</timestamp>
			</report>
			<report>
				<misses>776200001</misses>
				<total>0</total>
				<timestamp>4898.921350</timestamp>
			</report>
			<report>
				<misses>776300001</misses>
				<total>0</total>
				<timestamp>4899.560215</timestamp>
			</report>
			<report>
				<misses>776400001</misses>
				<total>0</total>
				<timestamp>4900.190986</timestamp>
			</report>
			<report>
				<misses>776500001</misses>
				<total>0</total>
				<timestamp>4900.821825</timestamp>
			</report>
			<report>
				<misses>776600001</misses>
				<total>0</total>
				<timestamp>4901.459014</timestamp>
			</report>
			<report>
				<misses>776700001</misses>
				<total>0</total>
				<timestamp>4902.091646</timestamp>
			</report>
			<report>
				<misses>776800001</misses>
				<total>0</total>
				<timestamp>4902.722228</timestamp>
			</report>
			<report>
				<misses>776900001</misses>
				<total>0</total>
				<timestamp>4903.355371</timestamp>
			</report>
			<report>
				<misses>777000001</misses>
				<total>0</total>
				<timestamp>4903.988044</timestamp>
			</report>
			<report>
				<misses>777100001</misses>
				<total>0</total>
				<timestamp>4904.621791</timestamp>
			</report>
			<report>
				<misses>777200001</misses>
				<total>0</total>
				<timestamp>4905.249044</timestamp>
			</report>
			<report>
				<misses>777300001</misses>
				<total>0</total>
				<timestamp>4905.879349</timestamp>
			</report>
			<report>
				<misses>777400001</misses>
				<total>0</total>
				<timestamp>4906.511173</timestamp>
			</report>
			<report>
				<misses>777500001</misses>
				<total>0</total>
				<timestamp>4907.143640</timestamp>
			</report>
			<report>
				<misses>777600001</misses>
				<total>0</total>
				<timestamp>4907.770924</timestamp>
			</report>
			<report>
				<misses>777700001</misses>
				<total>0</total>
				<timestamp>4908.401569</timestamp>
			</report>
			<report>
				<misses>777800001</misses>
				<total>0</total>
				<timestamp>4909.030483</timestamp>
			</report>
			<report>
				<misses>777900001</misses>
				<total>0</total>
				<timestamp>4909.657134</timestamp>
			</report>
			<report>
				<misses>778000001</misses>
				<total>0</total>
				<timestamp>4910.286346</timestamp>
			</report>
			<report>
				<misses>778100001</misses>
				<total>0</total>
				<timestamp>4910.918419</timestamp>
			</report>
			<report>
				<misses>778200001</misses>
				<total>0</total>
				<timestamp>4911.557222</timestamp>
			</report>
			<report>
				<misses>778300001</misses>
				<total>0</total>
				<timestamp>4912.187929</timestamp>
			</report>
			<report>
				<misses>778400001</misses>
				<total>0</total>
				<timestamp>4912.815123</timestamp>
			</report>
			<report>
				<misses>778500001</misses>
				<total>0</total>
				<timestamp>4913.443939</timestamp>
			</report>
			<report>
				<misses>778600001</misses>
				<total>0</total>
				<timestamp>4914.083885</timestamp>
			</report>
			<report>
				<misses>778700001</misses>
				<total>0</total>
				<timestamp>4914.726665</timestamp>
			</report>
			<report>
				<misses>778800001</misses>
				<total>0</total>
				<timestamp>4915.360740</timestamp>
			</report>
			<report>
				<misses>778900001</misses>
				<total>0</total>
				<timestamp>4915.988468</timestamp>
			</report>
			<report>
				<misses>779000001</misses>
				<total>0</total>
				<timestamp>4916.616135</timestamp>
			</report>
			<report>
				<misses>779100001</misses>
				<total>0</total>
				<timestamp>4917.244503</timestamp>
			</report>
			<report>
				<misses>779200001</misses>
				<total>0</total>
				<timestamp>4917.871373</timestamp>
			</report>
			<report>
				<misses>779300001</misses>
				<total>0</total>
				<timestamp>4918.501598</timestamp>
			</report>
			<report>
				<misses>779400001</misses>
				<total>0</total>
				<timestamp>4919.130190</timestamp>
			</report>
			<report>
				<misses>779500001</misses>
				<total>0</total>
				<timestamp>4919.767137</timestamp>
			</report>
			<report>
				<misses>779600001</misses>
				<total>0</total>
				<timestamp>4920.394826</timestamp>
			</report>
			<report>
				<misses>779700001</misses>
				<total>0</total>
				<timestamp>4921.022081</timestamp>
			</report>
			<report>
				<misses>779800001</misses>
				<total>0</total>
				<timestamp>4921.658501</timestamp>
			</report>
			<report>
				<misses>779900001</misses>
				<total>0</total>
				<timestamp>4922.291209</timestamp>
			</report>
			<report>
				<misses>780000001</misses>
				<total>0</total>
				<timestamp>4922.925361</timestamp>
			</report>
			<report>
				<misses>780100001</misses>
				<total>0</total>
				<timestamp>4923.557718</timestamp>
			</report>
			<report>
				<misses>780200001</misses>
				<total>0</total>
				<timestamp>4924.185595</timestamp>
			</report>
			<report>
				<misses>780300001</misses>
				<total>0</total>
				<timestamp>4924.813487</timestamp>
			</report>
			<report>
				<misses>780400001</misses>
				<total>0</total>
				<timestamp>4925.448820</timestamp>
			</report>
			<report>
				<misses>780500001</misses>
				<total>0</total>
				<timestamp>4926.078385</timestamp>
			</report>
			<report>
				<misses>780600001</misses>
				<total>0</total>
				<timestamp>4926.714872</timestamp>
			</report>
			<report>
				<misses>780700001</misses>
				<total>0</total>
				<timestamp>4927.346605</timestamp>
			</report>
			<report>
				<misses>780800001</misses>
				<total>0</total>
				<timestamp>4927.974087</timestamp>
			</report>
			<report>
				<misses>780900001</misses>
				<total>0</total>
				<timestamp>4928.599249</timestamp>
			</report>
			<report>
				<misses>781000001</misses>
				<total>0</total>
				<timestamp>4929.232574</timestamp>
			</report>
			<report>
				<misses>781100001</misses>
				<total>0</total>
				<timestamp>4929.863114</timestamp>
			</report>
			<report>
				<misses>781200001</misses>
				<total>0</total>
				<timestamp>4930.497369</timestamp>
			</report>
			<report>
				<misses>781300001</misses>
				<total>0</total>
				<timestamp>4931.126351</timestamp>
			</report>
			<report>
				<misses>781400001</misses>
				<total>0</total>
				<timestamp>4931.762102</timestamp>
			</report>
			<report>
				<misses>781500001</misses>
				<total>0</total>
				<timestamp>4932.395147</timestamp>
			</report>
			<report>
				<misses>781600001</misses>
				<total>0</total>
				<timestamp>4933.032529</timestamp>
			</report>
			<report>
				<misses>781700001</misses>
				<total>0</total>
				<timestamp>4933.663168</timestamp>
			</report>
			<report>
				<misses>781800001</misses>
				<total>0</total>
				<timestamp>4934.296630</timestamp>
			</report>
			<report>
				<misses>781900001</misses>
				<total>0</total>
				<timestamp>4934.925972</timestamp>
			</report>
			<report>
				<misses>782000001</misses>
				<total>0</total>
				<timestamp>4935.555489</timestamp>
			</report>
			<report>
				<misses>782100001</misses>
				<total>0</total>
				<timestamp>4936.187877</timestamp>
			</report>
			<report>
				<misses>782200001</misses>
				<total>0</total>
				<timestamp>4936.823982</timestamp>
			</report>
			<report>
				<misses>782300001</misses>
				<total>0</total>
				<timestamp>4937.458626</timestamp>
			</report>
			<report>
				<misses>782400001</misses>
				<total>0</total>
				<timestamp>4938.090999</timestamp>
			</report>
			<report>
				<misses>782500001</misses>
				<total>0</total>
				<timestamp>4938.727723</timestamp>
			</report>
			<report>
				<misses>782600001</misses>
				<total>0</total>
				<timestamp>4939.356383</timestamp>
			</report>
			<report>
				<misses>782700001</misses>
				<total>0</total>
				<timestamp>4939.985433</timestamp>
			</report>
			<report>
				<misses>782800001</misses>
				<total>0</total>
				<timestamp>4940.613775</timestamp>
			</report>
			<report>
				<misses>782900001</misses>
				<total>0</total>
				<timestamp>4941.239994</timestamp>
			</report>
			<report>
				<misses>783000001</misses>
				<total>0</total>
				<timestamp>4941.866602</timestamp>
			</report>
			<report>
				<misses>783100001</misses>
				<total>0</total>
				<timestamp>4942.491396</timestamp>
			</report>
			<report>
				<misses>783200001</misses>
				<total>0</total>
				<timestamp>4943.117135</timestamp>
			</report>
			<report>
				<misses>783300001</misses>
				<total>0</total>
				<timestamp>4943.746206</timestamp>
			</report>
			<report>
				<misses>783400001</misses>
				<total>0</total>
				<timestamp>4944.377948</timestamp>
			</report>
			<report>
				<misses>783500001</misses>
				<total>0</total>
				<timestamp>4945.016271</timestamp>
			</report>
			<report>
				<misses>783600001</misses>
				<total>0</total>
				<timestamp>4945.647317</timestamp>
			</report>
			<report>
				<misses>783700001</misses>
				<total>0</total>
				<timestamp>4946.275824</timestamp>
			</report>
			<report>
				<misses>783800001</misses>
				<total>0</total>
				<timestamp>4946.905708</timestamp>
			</report>
			<report>
				<misses>783900001</misses>
				<total>0</total>
				<timestamp>4947.538609</timestamp>
			</report>
			<report>
				<misses>784000001</misses>
				<total>0</total>
				<timestamp>4948.166649</timestamp>
			</report>
			<report>
				<misses>784100001</misses>
				<total>0</total>
				<timestamp>4948.806873</timestamp>
			</report>
			<report>
				<misses>784200001</misses>
				<total>0</total>
				<timestamp>4949.435322</timestamp>
			</report>
			<report>
				<misses>784300001</misses>
				<total>0</total>
				<timestamp>4950.067028</timestamp>
			</report>
			<report>
				<misses>784400001</misses>
				<total>0</total>
				<timestamp>4950.693206</timestamp>
			</report>
			<report>
				<misses>784500001</misses>
				<total>0</total>
				<timestamp>4951.328035</timestamp>
			</report>
			<report>
				<misses>784600001</misses>
				<total>0</total>
				<timestamp>4951.959366</timestamp>
			</report>
			<report>
				<misses>784700001</misses>
				<total>0</total>
				<timestamp>4952.590555</timestamp>
			</report>
			<report>
				<misses>784800001</misses>
				<total>0</total>
				<timestamp>4953.218109</timestamp>
			</report>
			<report>
				<misses>784900001</misses>
				<total>0</total>
				<timestamp>4953.846089</timestamp>
			</report>
			<report>
				<misses>785000001</misses>
				<total>0</total>
				<timestamp>4954.471434</timestamp>
			</report>
			<report>
				<misses>785100001</misses>
				<total>0</total>
				<timestamp>4955.104354</timestamp>
			</report>
			<report>
				<misses>785200001</misses>
				<total>0</total>
				<timestamp>4955.733307</timestamp>
			</report>
			<report>
				<misses>785300001</misses>
				<total>0</total>
				<timestamp>4956.367089</timestamp>
			</report>
			<report>
				<misses>785400001</misses>
				<total>0</total>
				<timestamp>4956.997476</timestamp>
			</report>
			<report>
				<misses>785500001</misses>
				<total>0</total>
				<timestamp>4957.625048</timestamp>
			</report>
			<report>
				<misses>785600001</misses>
				<total>0</total>
				<timestamp>4958.256460</timestamp>
			</report>
			<report>
				<misses>785700001</misses>
				<total>0</total>
				<timestamp>4958.885906</timestamp>
			</report>
			<report>
				<misses>785800001</misses>
				<total>0</total>
				<timestamp>4959.518565</timestamp>
			</report>
			<report>
				<misses>785900001</misses>
				<total>0</total>
				<timestamp>4960.150156</timestamp>
			</report>
			<report>
				<misses>786000001</misses>
				<total>0</total>
				<timestamp>4960.782023</timestamp>
			</report>
			<report>
				<misses>786100001</misses>
				<total>0</total>
				<timestamp>4961.413478</timestamp>
			</report>
			<report>
				<misses>786200001</misses>
				<total>0</total>
				<timestamp>4962.052455</timestamp>
			</report>
			<report>
				<misses>786300001</misses>
				<total>0</total>
				<timestamp>4962.689164</timestamp>
			</report>
			<report>
				<misses>786400001</misses>
				<total>0</total>
				<timestamp>4963.317384</timestamp>
			</report>
			<report>
				<misses>786500001</misses>
				<total>0</total>
				<timestamp>4963.944685</timestamp>
			</report>
			<report>
				<misses>786600001</misses>
				<total>0</total>
				<timestamp>4964.572647</timestamp>
			</report>
			<report>
				<misses>786700001</misses>
				<total>0</total>
				<timestamp>4965.203111</timestamp>
			</report>
			<report>
				<misses>786800001</misses>
				<total>0</total>
				<timestamp>4965.832508</timestamp>
			</report>
			<report>
				<misses>786900001</misses>
				<total>0</total>
				<timestamp>4966.460981</timestamp>
			</report>
			<report>
				<misses>787000001</misses>
				<total>0</total>
				<timestamp>4967.093003</timestamp>
			</report>
			<report>
				<misses>787100001</misses>
				<total>0</total>
				<timestamp>4967.724352</timestamp>
			</report>
			<report>
				<misses>787200001</misses>
				<total>0</total>
				<timestamp>4968.355281</timestamp>
			</report>
			<report>
				<misses>787300001</misses>
				<total>0</total>
				<timestamp>4968.987977</timestamp>
			</report>
			<report>
				<misses>787400001</misses>
				<total>0</total>
				<timestamp>4969.629857</timestamp>
			</report>
			<report>
				<misses>787500001</misses>
				<total>0</total>
				<timestamp>4970.264694</timestamp>
			</report>
			<report>
				<misses>787600001</misses>
				<total>0</total>
				<timestamp>4970.912324</timestamp>
			</report>
			<report>
				<misses>787700001</misses>
				<total>0</total>
				<timestamp>4971.542236</timestamp>
			</report>
			<report>
				<misses>787800001</misses>
				<total>0</total>
				<timestamp>4972.179848</timestamp>
			</report>
			<report>
				<misses>787900001</misses>
				<total>0</total>
				<timestamp>4972.807383</timestamp>
			</report>
			<report>
				<misses>788000001</misses>
				<total>0</total>
				<timestamp>4973.434313</timestamp>
			</report>
			<report>
				<misses>788100001</misses>
				<total>0</total>
				<timestamp>4974.065152</timestamp>
			</report>
			<report>
				<misses>788200001</misses>
				<total>0</total>
				<timestamp>4974.695227</timestamp>
			</report>
			<report>
				<misses>788300001</misses>
				<total>0</total>
				<timestamp>4975.338407</timestamp>
			</report>
			<report>
				<misses>788400001</misses>
				<total>0</total>
				<timestamp>4975.978835</timestamp>
			</report>
			<report>
				<misses>788500001</misses>
				<total>0</total>
				<timestamp>4976.609467</timestamp>
			</report>
			<report>
				<misses>788600001</misses>
				<total>0</total>
				<timestamp>4977.255180</timestamp>
			</report>
			<report>
				<misses>788700001</misses>
				<total>0</total>
				<timestamp>4977.883749</timestamp>
			</report>
			<report>
				<misses>788800001</misses>
				<total>0</total>
				<timestamp>4978.511998</timestamp>
			</report>
			<report>
				<misses>788900001</misses>
				<total>0</total>
				<timestamp>4979.151080</timestamp>
			</report>
			<report>
				<misses>789000001</misses>
				<total>0</total>
				<timestamp>4979.790624</timestamp>
			</report>
			<report>
				<misses>789100001</misses>
				<total>0</total>
				<timestamp>4980.421807</timestamp>
			</report>
			<report>
				<misses>789200001</misses>
				<total>0</total>
				<timestamp>4981.053975</timestamp>
			</report>
			<report>
				<misses>789300001</misses>
				<total>0</total>
				<timestamp>4981.681529</timestamp>
			</report>
			<report>
				<misses>789400001</misses>
				<total>0</total>
				<timestamp>4982.321101</timestamp>
			</report>
			<report>
				<misses>789500001</misses>
				<total>0</total>
				<timestamp>4982.946028</timestamp>
			</report>
			<report>
				<misses>789600001</misses>
				<total>0</total>
				<timestamp>4983.575688</timestamp>
			</report>
			<report>
				<misses>789700001</misses>
				<total>0</total>
				<timestamp>4984.204744</timestamp>
			</report>
			<report>
				<misses>789800001</misses>
				<total>0</total>
				<timestamp>4984.832777</timestamp>
			</report>
			<report>
				<misses>789900001</misses>
				<total>0</total>
				<timestamp>4985.462849</timestamp>
			</report>
			<report>
				<misses>790000001</misses>
				<total>0</total>
				<timestamp>4986.092652</timestamp>
			</report>
			<report>
				<misses>790100001</misses>
				<total>0</total>
				<timestamp>4986.719525</timestamp>
			</report>
			<report>
				<misses>790200001</misses>
				<total>0</total>
				<timestamp>4987.349426</timestamp>
			</report>
			<report>
				<misses>790300001</misses>
				<total>0</total>
				<timestamp>4987.978079</timestamp>
			</report>
			<report>
				<misses>790400001</misses>
				<total>0</total>
				<timestamp>4988.606797</timestamp>
			</report>
			<report>
				<misses>790500001</misses>
				<total>0</total>
				<timestamp>4989.248958</timestamp>
			</report>
			<report>
				<misses>790600001</misses>
				<total>0</total>
				<timestamp>4989.874079</timestamp>
			</report>
			<report>
				<misses>790700001</misses>
				<total>0</total>
				<timestamp>4990.498977</timestamp>
			</report>
			<report>
				<misses>790800001</misses>
				<total>0</total>
				<timestamp>4991.123523</timestamp>
			</report>
			<report>
				<misses>790900001</misses>
				<total>0</total>
				<timestamp>4991.753740</timestamp>
			</report>
			<report>
				<misses>791000001</misses>
				<total>0</total>
				<timestamp>4992.390741</timestamp>
			</report>
			<report>
				<misses>791100001</misses>
				<total>0</total>
				<timestamp>4993.021335</timestamp>
			</report>
			<report>
				<misses>791200001</misses>
				<total>0</total>
				<timestamp>4993.651699</timestamp>
			</report>
			<report>
				<misses>791300001</misses>
				<total>0</total>
				<timestamp>4994.290032</timestamp>
			</report>
			<report>
				<misses>791400001</misses>
				<total>0</total>
				<timestamp>4994.924037</timestamp>
			</report>
			<report>
				<misses>791500001</misses>
				<total>0</total>
				<timestamp>4995.554846</timestamp>
			</report>
			<report>
				<misses>791600001</misses>
				<total>0</total>
				<timestamp>4996.182095</timestamp>
			</report>
			<report>
				<misses>791700001</misses>
				<total>0</total>
				<timestamp>4996.808116</timestamp>
			</report>
			<report>
				<misses>791800001</misses>
				<total>0</total>
				<timestamp>4997.442560</timestamp>
			</report>
			<report>
				<misses>791900001</misses>
				<total>0</total>
				<timestamp>4998.079115</timestamp>
			</report>
			<report>
				<misses>792000001</misses>
				<total>0</total>
				<timestamp>4998.717852</timestamp>
			</report>
			<report>
				<misses>792100001</misses>
				<total>0</total>
				<timestamp>4999.347110</timestamp>
			</report>
			<report>
				<misses>792200001</misses>
				<total>0</total>
				<timestamp>4999.983612</timestamp>
			</report>
			<report>
				<misses>792300001</misses>
				<total>0</total>
				<timestamp>5000.627100</timestamp>
			</report>
			<report>
				<misses>792400001</misses>
				<total>0</total>
				<timestamp>5001.253782</timestamp>
			</report>
			<report>
				<misses>792500001</misses>
				<total>0</total>
				<timestamp>5001.887487</timestamp>
			</report>
			<report>
				<misses>792600001</misses>
				<total>0</total>
				<timestamp>5002.513938</timestamp>
			</report>
			<report>
				<misses>792700001</misses>
				<total>0</total>
				<timestamp>5003.150277</timestamp>
			</report>
			<report>
				<misses>792800001</misses>
				<total>0</total>
				<timestamp>5003.777202</timestamp>
			</report>
			<report>
				<misses>792900001</misses>
				<total>0</total>
				<timestamp>5004.405566</timestamp>
			</report>
			<report>
				<misses>793000001</misses>
				<total>0</total>
				<timestamp>5005.033869</timestamp>
			</report>
			<report>
				<misses>793100001</misses>
				<total>0</total>
				<timestamp>5005.674334</timestamp>
			</report>
			<report>
				<misses>793200001</misses>
				<total>0</total>
				<timestamp>5006.315867</timestamp>
			</report>
			<report>
				<misses>793300001</misses>
				<total>0</total>
				<timestamp>5006.954878</timestamp>
			</report>
			<report>
				<misses>793400001</misses>
				<total>0</total>
				<timestamp>5007.582404</timestamp>
			</report>
			<report>
				<misses>793500001</misses>
				<total>0</total>
				<timestamp>5008.210023</timestamp>
			</report>
			<report>
				<misses>793600001</misses>
				<total>0</total>
				<timestamp>5008.844133</timestamp>
			</report>
			<report>
				<misses>793700001</misses>
				<total>0</total>
				<timestamp>5009.474405</timestamp>
			</report>
			<report>
				<misses>793800001</misses>
				<total>0</total>
				<timestamp>5010.111308</timestamp>
			</report>
			<report>
				<misses>793900001</misses>
				<total>0</total>
				<timestamp>5010.743470</timestamp>
			</report>
			<report>
				<misses>794000001</misses>
				<total>0</total>
				<timestamp>5011.370886</timestamp>
			</report>
			<report>
				<misses>794100001</misses>
				<total>0</total>
				<timestamp>5011.996814</timestamp>
			</report>
			<report>
				<misses>794200001</misses>
				<total>0</total>
				<timestamp>5012.625532</timestamp>
			</report>
			<report>
				<misses>794300001</misses>
				<total>0</total>
				<timestamp>5013.254736</timestamp>
			</report>
			<report>
				<misses>794400001</misses>
				<total>0</total>
				<timestamp>5013.888029</timestamp>
			</report>
			<report>
				<misses>794500001</misses>
				<total>0</total>
				<timestamp>5014.525521</timestamp>
			</report>
			<report>
				<misses>794600001</misses>
				<total>0</total>
				<timestamp>5015.155786</timestamp>
			</report>
			<report>
				<misses>794700001</misses>
				<total>0</total>
				<timestamp>5015.783411</timestamp>
			</report>
			<report>
				<misses>794800001</misses>
				<total>0</total>
				<timestamp>5016.429033</timestamp>
			</report>
			<report>
				<misses>794900001</misses>
				<total>0</total>
				<timestamp>5017.055341</timestamp>
			</report>
			<report>
				<misses>795000001</misses>
				<total>0</total>
				<timestamp>5017.682369</timestamp>
			</report>
			<report>
				<misses>795100001</misses>
				<total>0</total>
				<timestamp>5018.310772</timestamp>
			</report>
			<report>
				<misses>795200001</misses>
				<total>0</total>
				<timestamp>5018.938748</timestamp>
			</report>
			<report>
				<misses>795300001</misses>
				<total>0</total>
				<timestamp>5019.565623</timestamp>
			</report>
			<report>
				<misses>795400001</misses>
				<total>0</total>
				<timestamp>5020.195069</timestamp>
			</report>
			<report>
				<misses>795500001</misses>
				<total>0</total>
				<timestamp>5020.823834</timestamp>
			</report>
			<report>
				<misses>795600001</misses>
				<total>0</total>
				<timestamp>5021.452196</timestamp>
			</report>
			<report>
				<misses>795700001</misses>
				<total>0</total>
				<timestamp>5022.090760</timestamp>
			</report>
			<report>
				<misses>795800001</misses>
				<total>0</total>
				<timestamp>5022.728382</timestamp>
			</report>
			<report>
				<misses>795900001</misses>
				<total>0</total>
				<timestamp>5023.355166</timestamp>
			</report>
			<report>
				<misses>796000001</misses>
				<total>0</total>
				<timestamp>5023.998842</timestamp>
			</report>
			<report>
				<misses>796100001</misses>
				<total>0</total>
				<timestamp>5024.636897</timestamp>
			</report>
			<report>
				<misses>796200001</misses>
				<total>0</total>
				<timestamp>5025.305218</timestamp>
			</report>
			<report>
				<misses>796300001</misses>
				<total>0</total>
				<timestamp>5025.935020</timestamp>
			</report>
			<report>
				<misses>796400001</misses>
				<total>0</total>
				<timestamp>5026.566461</timestamp>
			</report>
			<report>
				<misses>796500001</misses>
				<total>0</total>
				<timestamp>5027.195564</timestamp>
			</report>
			<report>
				<misses>796600001</misses>
				<total>0</total>
				<timestamp>5027.830872</timestamp>
			</report>
			<report>
				<misses>796700001</misses>
				<total>0</total>
				<timestamp>5028.459397</timestamp>
			</report>
			<report>
				<misses>796800001</misses>
				<total>0</total>
				<timestamp>5029.087143</timestamp>
			</report>
			<report>
				<misses>796900001</misses>
				<total>0</total>
				<timestamp>5029.714743</timestamp>
			</report>
			<report>
				<misses>797000001</misses>
				<total>0</total>
				<timestamp>5030.344731</timestamp>
			</report>
			<report>
				<misses>797100001</misses>
				<total>0</total>
				<timestamp>5030.976868</timestamp>
			</report>
			<report>
				<misses>797200001</misses>
				<total>0</total>
				<timestamp>5031.607129</timestamp>
			</report>
			<report>
				<misses>797300001</misses>
				<total>0</total>
				<timestamp>5032.241748</timestamp>
			</report>
			<report>
				<misses>797400001</misses>
				<total>0</total>
				<timestamp>5032.873547</timestamp>
			</report>
			<report>
				<misses>797500001</misses>
				<total>0</total>
				<timestamp>5033.504060</timestamp>
			</report>
			<report>
				<misses>797600001</misses>
				<total>0</total>
				<timestamp>5034.133374</timestamp>
			</report>
			<report>
				<misses>797700001</misses>
				<total>0</total>
				<timestamp>5034.760605</timestamp>
			</report>
			<report>
				<misses>797800001</misses>
				<total>0</total>
				<timestamp>5035.390103</timestamp>
			</report>
			<report>
				<misses>797900001</misses>
				<total>0</total>
				<timestamp>5036.026384</timestamp>
			</report>
			<report>
				<misses>798000001</misses>
				<total>0</total>
				<timestamp>5036.663428</timestamp>
			</report>
			<report>
				<misses>798100001</misses>
				<total>0</total>
				<timestamp>5037.301582</timestamp>
			</report>
			<report>
				<misses>798200001</misses>
				<total>0</total>
				<timestamp>5037.935257</timestamp>
			</report>
			<report>
				<misses>798300001</misses>
				<total>0</total>
				<timestamp>5038.571376</timestamp>
			</report>
			<report>
				<misses>798400001</misses>
				<total>0</total>
				<timestamp>5039.198554</timestamp>
			</report>
			<report>
				<misses>798500001</misses>
				<total>0</total>
				<timestamp>5039.831480</timestamp>
			</report>
			<report>
				<misses>798600001</misses>
				<total>0</total>
				<timestamp>5040.468567</timestamp>
			</report>
			<report>
				<misses>798700001</misses>
				<total>0</total>
				<timestamp>5041.105063</timestamp>
			</report>
			<report>
				<misses>798800001</misses>
				<total>0</total>
				<timestamp>5041.732853</timestamp>
			</report>
			<report>
				<misses>798900001</misses>
				<total>0</total>
				<timestamp>5042.365763</timestamp>
			</report>
			<report>
				<misses>799000001</misses>
				<total>0</total>
				<timestamp>5042.993920</timestamp>
			</report>
			<report>
				<misses>799100001</misses>
				<total>0</total>
				<timestamp>5043.621256</timestamp>
			</report>
			<report>
				<misses>799200001</misses>
				<total>0</total>
				<timestamp>5044.257844</timestamp>
			</report>
			<report>
				<misses>799300001</misses>
				<total>0</total>
				<timestamp>5044.893593</timestamp>
			</report>
			<report>
				<misses>799400001</misses>
				<total>0</total>
				<timestamp>5045.517645</timestamp>
			</report>
			<report>
				<misses>799500001</misses>
				<total>0</total>
				<timestamp>5046.153024</timestamp>
			</report>
			<report>
				<misses>799600001</misses>
				<total>0</total>
				<timestamp>5046.779145</timestamp>
			</report>
			<report>
				<misses>799700001</misses>
				<total>0</total>
				<timestamp>5047.404382</timestamp>
			</report>
			<report>
				<misses>799800001</misses>
				<total>0</total>
				<timestamp>5048.036785</timestamp>
			</report>
			<report>
				<misses>799900001</misses>
				<total>0</total>
				<timestamp>5048.662693</timestamp>
			</report>
			<report>
				<misses>800000001</misses>
				<total>0</total>
				<timestamp>5049.291936</timestamp>
			</report>
			<report>
				<misses>800100001</misses>
				<total>0</total>
				<timestamp>5049.919640</timestamp>
			</report>
			<report>
				<misses>800200001</misses>
				<total>0</total>
				<timestamp>5050.546952</timestamp>
			</report>
			<report>
				<misses>800300001</misses>
				<total>0</total>
				<timestamp>5051.173932</timestamp>
			</report>
			<report>
				<misses>800400001</misses>
				<total>0</total>
				<timestamp>5051.804609</timestamp>
			</report>
			<report>
				<misses>800500001</misses>
				<total>0</total>
				<timestamp>5052.430222</timestamp>
			</report>
			<report>
				<misses>800600001</misses>
				<total>0</total>
				<timestamp>5053.060543</timestamp>
			</report>
			<report>
				<misses>800700001</misses>
				<total>0</total>
				<timestamp>5053.690668</timestamp>
			</report>
			<report>
				<misses>800800001</misses>
				<total>0</total>
				<timestamp>5054.321746</timestamp>
			</report>
			<report>
				<misses>800900001</misses>
				<total>0</total>
				<timestamp>5054.951543</timestamp>
			</report>
			<report>
				<misses>801000001</misses>
				<total>0</total>
				<timestamp>5055.579132</timestamp>
			</report>
			<report>
				<misses>801100001</misses>
				<total>0</total>
				<timestamp>5056.208820</timestamp>
			</report>
			<report>
				<misses>801200001</misses>
				<total>0</total>
				<timestamp>5056.840060</timestamp>
			</report>
			<report>
				<misses>801300001</misses>
				<total>0</total>
				<timestamp>5057.473220</timestamp>
			</report>
			<report>
				<misses>801400001</misses>
				<total>0</total>
				<timestamp>5058.103270</timestamp>
			</report>
			<report>
				<misses>801500001</misses>
				<total>0</total>
				<timestamp>5058.733266</timestamp>
			</report>
			<report>
				<misses>801600001</misses>
				<total>0</total>
				<timestamp>5059.360292</timestamp>
			</report>
			<report>
				<misses>801700001</misses>
				<total>0</total>
				<timestamp>5059.988256</timestamp>
			</report>
			<report>
				<misses>801800001</misses>
				<total>0</total>
				<timestamp>5060.618995</timestamp>
			</report>
			<report>
				<misses>801900001</misses>
				<total>0</total>
				<timestamp>5061.252235</timestamp>
			</report>
			<report>
				<misses>802000001</misses>
				<total>0</total>
				<timestamp>5061.883915</timestamp>
			</report>
			<report>
				<misses>802100001</misses>
				<total>0</total>
				<timestamp>5062.519244</timestamp>
			</report>
			<report>
				<misses>802200001</misses>
				<total>0</total>
				<timestamp>5063.150455</timestamp>
			</report>
			<report>
				<misses>802300001</misses>
				<total>0</total>
				<timestamp>5063.780140</timestamp>
			</report>
			<report>
				<misses>802400001</misses>
				<total>0</total>
				<timestamp>5064.409752</timestamp>
			</report>
			<report>
				<misses>802500001</misses>
				<total>0</total>
				<timestamp>5065.038089</timestamp>
			</report>
			<report>
				<misses>802600001</misses>
				<total>0</total>
				<timestamp>5065.668056</timestamp>
			</report>
			<report>
				<misses>802700001</misses>
				<total>0</total>
				<timestamp>5066.309651</timestamp>
			</report>
			<report>
				<misses>802800001</misses>
				<total>0</total>
				<timestamp>5066.942200</timestamp>
			</report>
			<report>
				<misses>802900001</misses>
				<total>0</total>
				<timestamp>5067.575104</timestamp>
			</report>
			<report>
				<misses>803000001</misses>
				<total>0</total>
				<timestamp>5068.206239</timestamp>
			</report>
			<report>
				<misses>803100001</misses>
				<total>0</total>
				<timestamp>5068.836925</timestamp>
			</report>
			<report>
				<misses>803200001</misses>
				<total>0</total>
				<timestamp>5069.464797</timestamp>
			</report>
			<report>
				<misses>803300001</misses>
				<total>0</total>
				<timestamp>5070.104830</timestamp>
			</report>
			<report>
				<misses>803400001</misses>
				<total>0</total>
				<timestamp>5070.730272</timestamp>
			</report>
			<report>
				<misses>803500001</misses>
				<total>0</total>
				<timestamp>5071.365658</timestamp>
			</report>
			<report>
				<misses>803600001</misses>
				<total>0</total>
				<timestamp>5071.995093</timestamp>
			</report>
			<report>
				<misses>803700001</misses>
				<total>0</total>
				<timestamp>5072.629677</timestamp>
			</report>
			<report>
				<misses>803800001</misses>
				<total>0</total>
				<timestamp>5073.259988</timestamp>
			</report>
			<report>
				<misses>803900001</misses>
				<total>0</total>
				<timestamp>5073.889584</timestamp>
			</report>
			<report>
				<misses>804000001</misses>
				<total>0</total>
				<timestamp>5074.532467</timestamp>
			</report>
			<report>
				<misses>804100001</misses>
				<total>0</total>
				<timestamp>5075.167373</timestamp>
			</report>
			<report>
				<misses>804200001</misses>
				<total>0</total>
				<timestamp>5075.794628</timestamp>
			</report>
			<report>
				<misses>804300001</misses>
				<total>0</total>
				<timestamp>5076.426561</timestamp>
			</report>
			<report>
				<misses>804400001</misses>
				<total>0</total>
				<timestamp>5077.054599</timestamp>
			</report>
			<report>
				<misses>804500001</misses>
				<total>0</total>
				<timestamp>5077.683695</timestamp>
			</report>
			<report>
				<misses>804600001</misses>
				<total>0</total>
				<timestamp>5078.321176</timestamp>
			</report>
			<report>
				<misses>804700001</misses>
				<total>0</total>
				<timestamp>5078.958181</timestamp>
			</report>
			<report>
				<misses>804800001</misses>
				<total>0</total>
				<timestamp>5079.588404</timestamp>
			</report>
			<report>
				<misses>804900001</misses>
				<total>0</total>
				<timestamp>5080.223764</timestamp>
			</report>
			<report>
				<misses>805000001</misses>
				<total>0</total>
				<timestamp>5080.851343</timestamp>
			</report>
			<report>
				<misses>805100001</misses>
				<total>0</total>
				<timestamp>5081.484354</timestamp>
			</report>
			<report>
				<misses>805200001</misses>
				<total>0</total>
				<timestamp>5082.115036</timestamp>
			</report>
			<report>
				<misses>805300001</misses>
				<total>0</total>
				<timestamp>5082.743186</timestamp>
			</report>
			<report>
				<misses>805400001</misses>
				<total>0</total>
				<timestamp>5083.380736</timestamp>
			</report>
			<report>
				<misses>805500001</misses>
				<total>0</total>
				<timestamp>5084.019361</timestamp>
			</report>
			<report>
				<misses>805600001</misses>
				<total>0</total>
				<timestamp>5084.642038</timestamp>
			</report>
			<report>
				<misses>805700001</misses>
				<total>0</total>
				<timestamp>5085.273130</timestamp>
			</report>
			<report>
				<misses>805800001</misses>
				<total>0</total>
				<timestamp>5085.911761</timestamp>
			</report>
			<report>
				<misses>805900001</misses>
				<total>0</total>
				<timestamp>5086.543885</timestamp>
			</report>
			<report>
				<misses>806000001</misses>
				<total>0</total>
				<timestamp>5087.170919</timestamp>
			</report>
			<report>
				<misses>806100001</misses>
				<total>0</total>
				<timestamp>5087.797027</timestamp>
			</report>
			<report>
				<misses>806200001</misses>
				<total>0</total>
				<timestamp>5088.425668</timestamp>
			</report>
			<report>
				<misses>806300001</misses>
				<total>0</total>
				<timestamp>5089.063968</timestamp>
			</report>
			<report>
				<misses>806400001</misses>
				<total>0</total>
				<timestamp>5089.692018</timestamp>
			</report>
			<report>
				<misses>806500001</misses>
				<total>0</total>
				<timestamp>5090.321160</timestamp>
			</report>
			<report>
				<misses>806600001</misses>
				<total>0</total>
				<timestamp>5090.959281</timestamp>
			</report>
			<report>
				<misses>806700001</misses>
				<total>0</total>
				<timestamp>5091.599262</timestamp>
			</report>
			<report>
				<misses>806800001</misses>
				<total>0</total>
				<timestamp>5092.235338</timestamp>
			</report>
			<report>
				<misses>806900001</misses>
				<total>0</total>
				<timestamp>5092.871767</timestamp>
			</report>
			<report>
				<misses>807000001</misses>
				<total>0</total>
				<timestamp>5093.500294</timestamp>
			</report>
			<report>
				<misses>807100001</misses>
				<total>0</total>
				<timestamp>5094.131649</timestamp>
			</report>
			<report>
				<misses>807200001</misses>
				<total>0</total>
				<timestamp>5094.762521</timestamp>
			</report>
			<report>
				<misses>807300001</misses>
				<total>0</total>
				<timestamp>5095.392035</timestamp>
			</report>
			<report>
				<misses>807400001</misses>
				<total>0</total>
				<timestamp>5096.040611</timestamp>
			</report>
			<report>
				<misses>807500001</misses>
				<total>0</total>
				<timestamp>5096.670982</timestamp>
			</report>
			<report>
				<misses>807600001</misses>
				<total>0</total>
				<timestamp>5097.296201</timestamp>
			</report>
			<report>
				<misses>807700001</misses>
				<total>0</total>
				<timestamp>5097.926313</timestamp>
			</report>
			<report>
				<misses>807800001</misses>
				<total>0</total>
				<timestamp>5098.563876</timestamp>
			</report>
			<report>
				<misses>807900001</misses>
				<total>0</total>
				<timestamp>5099.207527</timestamp>
			</report>
			<report>
				<misses>808000001</misses>
				<total>0</total>
				<timestamp>5099.832785</timestamp>
			</report>
			<report>
				<misses>808100001</misses>
				<total>0</total>
				<timestamp>5100.462467</timestamp>
			</report>
			<report>
				<misses>808200001</misses>
				<total>0</total>
				<timestamp>5101.090865</timestamp>
			</report>
			<report>
				<misses>808300001</misses>
				<total>0</total>
				<timestamp>5101.724069</timestamp>
			</report>
			<report>
				<misses>808400001</misses>
				<total>0</total>
				<timestamp>5102.362603</timestamp>
			</report>
			<report>
				<misses>808500001</misses>
				<total>0</total>
				<timestamp>5102.989262</timestamp>
			</report>
			<report>
				<misses>808600001</misses>
				<total>0</total>
				<timestamp>5103.620875</timestamp>
			</report>
			<report>
				<misses>808700001</misses>
				<total>0</total>
				<timestamp>5104.256414</timestamp>
			</report>
			<report>
				<misses>808800001</misses>
				<total>0</total>
				<timestamp>5104.885921</timestamp>
			</report>
			<report>
				<misses>808900001</misses>
				<total>0</total>
				<timestamp>5105.508169</timestamp>
			</report>
			<report>
				<misses>809000001</misses>
				<total>0</total>
				<timestamp>5106.148235</timestamp>
			</report>
			<report>
				<misses>809100001</misses>
				<total>0</total>
				<timestamp>5106.795676</timestamp>
			</report>
			<report>
				<misses>809200001</misses>
				<total>0</total>
				<timestamp>5107.431118</timestamp>
			</report>
			<report>
				<misses>809300001</misses>
				<total>0</total>
				<timestamp>5108.064466</timestamp>
			</report>
			<report>
				<misses>809400001</misses>
				<total>0</total>
				<timestamp>5108.702210</timestamp>
			</report>
			<report>
				<misses>809500001</misses>
				<total>0</total>
				<timestamp>5109.332072</timestamp>
			</report>
			<report>
				<misses>809600001</misses>
				<total>0</total>
				<timestamp>5109.965054</timestamp>
			</report>
			<report>
				<misses>809700001</misses>
				<total>0</total>
				<timestamp>5110.603336</timestamp>
			</report>
			<report>
				<misses>809800001</misses>
				<total>0</total>
				<timestamp>5111.239770</timestamp>
			</report>
			<report>
				<misses>809900001</misses>
				<total>0</total>
				<timestamp>5111.870610</timestamp>
			</report>
			<report>
				<misses>810000001</misses>
				<total>0</total>
				<timestamp>5112.507460</timestamp>
			</report>
			<report>
				<misses>810100001</misses>
				<total>0</total>
				<timestamp>5113.135132</timestamp>
			</report>
			<report>
				<misses>810200001</misses>
				<total>0</total>
				<timestamp>5113.759749</timestamp>
			</report>
			<report>
				<misses>810300001</misses>
				<total>0</total>
				<timestamp>5114.382140</timestamp>
			</report>
			<report>
				<misses>810400001</misses>
				<total>0</total>
				<timestamp>5115.008060</timestamp>
			</report>
			<report>
				<misses>810500001</misses>
				<total>0</total>
				<timestamp>5115.640419</timestamp>
			</report>
			<report>
				<misses>810600001</misses>
				<total>0</total>
				<timestamp>5116.272953</timestamp>
			</report>
			<report>
				<misses>810700001</misses>
				<total>0</total>
				<timestamp>5116.910777</timestamp>
			</report>
			<report>
				<misses>810800001</misses>
				<total>0</total>
				<timestamp>5117.541873</timestamp>
			</report>
			<report>
				<misses>810900001</misses>
				<total>0</total>
				<timestamp>5118.178749</timestamp>
			</report>
			<report>
				<misses>811000001</misses>
				<total>0</total>
				<timestamp>5118.805836</timestamp>
			</report>
			<report>
				<misses>811100001</misses>
				<total>0</total>
				<timestamp>5119.432749</timestamp>
			</report>
			<report>
				<misses>811200001</misses>
				<total>0</total>
				<timestamp>5120.075664</timestamp>
			</report>
			<report>
				<misses>811300001</misses>
				<total>0</total>
				<timestamp>5120.714756</timestamp>
			</report>
			<report>
				<misses>811400001</misses>
				<total>0</total>
				<timestamp>5121.348146</timestamp>
			</report>
			<report>
				<misses>811500001</misses>
				<total>0</total>
				<timestamp>5121.974978</timestamp>
			</report>
			<report>
				<misses>811600001</misses>
				<total>0</total>
				<timestamp>5122.601657</timestamp>
			</report>
			<report>
				<misses>811700001</misses>
				<total>0</total>
				<timestamp>5123.231663</timestamp>
			</report>
			<report>
				<misses>811800001</misses>
				<total>0</total>
				<timestamp>5123.858654</timestamp>
			</report>
			<report>
				<misses>811900001</misses>
				<total>0</total>
				<timestamp>5124.494373</timestamp>
			</report>
			<report>
				<misses>812000001</misses>
				<total>0</total>
				<timestamp>5125.137331</timestamp>
			</report>
			<report>
				<misses>812100001</misses>
				<total>0</total>
				<timestamp>5125.768107</timestamp>
			</report>
			<report>
				<misses>812200001</misses>
				<total>0</total>
				<timestamp>5126.398494</timestamp>
			</report>
			<report>
				<misses>812300001</misses>
				<total>0</total>
				<timestamp>5127.021712</timestamp>
			</report>
			<report>
				<misses>812400001</misses>
				<total>0</total>
				<timestamp>5127.654810</timestamp>
			</report>
			<report>
				<misses>812500001</misses>
				<total>0</total>
				<timestamp>5128.282264</timestamp>
			</report>
			<report>
				<misses>812600001</misses>
				<total>0</total>
				<timestamp>5128.913125</timestamp>
			</report>
			<report>
				<misses>812700001</misses>
				<total>0</total>
				<timestamp>5129.549288</timestamp>
			</report>
			<report>
				<misses>812800001</misses>
				<total>0</total>
				<timestamp>5130.176249</timestamp>
			</report>
			<report>
				<misses>812900001</misses>
				<total>0</total>
				<timestamp>5130.802521</timestamp>
			</report>
			<report>
				<misses>813000001</misses>
				<total>0</total>
				<timestamp>5131.428636</timestamp>
			</report>
			<report>
				<misses>813100001</misses>
				<total>0</total>
				<timestamp>5132.059297</timestamp>
			</report>
			<report>
				<misses>813200001</misses>
				<total>0</total>
				<timestamp>5132.695688</timestamp>
			</report>
			<report>
				<misses>813300001</misses>
				<total>0</total>
				<timestamp>5133.326825</timestamp>
			</report>
			<report>
				<misses>813400001</misses>
				<total>0</total>
				<timestamp>5133.949692</timestamp>
			</report>
			<report>
				<misses>813500001</misses>
				<total>0</total>
				<timestamp>5134.580092</timestamp>
			</report>
			<report>
				<misses>813600001</misses>
				<total>0</total>
				<timestamp>5135.211377</timestamp>
			</report>
			<report>
				<misses>813700001</misses>
				<total>0</total>
				<timestamp>5135.842353</timestamp>
			</report>
			<report>
				<misses>813800001</misses>
				<total>0</total>
				<timestamp>5136.472765</timestamp>
			</report>
			<report>
				<misses>813900001</misses>
				<total>0</total>
				<timestamp>5137.099167</timestamp>
			</report>
			<report>
				<misses>814000001</misses>
				<total>0</total>
				<timestamp>5137.733326</timestamp>
			</report>
			<report>
				<misses>814100001</misses>
				<total>0</total>
				<timestamp>5138.372134</timestamp>
			</report>
			<report>
				<misses>814200001</misses>
				<total>0</total>
				<timestamp>5139.006615</timestamp>
			</report>
			<report>
				<misses>814300001</misses>
				<total>0</total>
				<timestamp>5139.634413</timestamp>
			</report>
			<report>
				<misses>814400001</misses>
				<total>0</total>
				<timestamp>5140.264211</timestamp>
			</report>
			<report>
				<misses>814500001</misses>
				<total>0</total>
				<timestamp>5140.887835</timestamp>
			</report>
			<report>
				<misses>814600001</misses>
				<total>0</total>
				<timestamp>5141.520712</timestamp>
			</report>
			<report>
				<misses>814700001</misses>
				<total>0</total>
				<timestamp>5142.151225</timestamp>
			</report>
			<report>
				<misses>814800001</misses>
				<total>0</total>
				<timestamp>5142.773016</timestamp>
			</report>
			<report>
				<misses>814900001</misses>
				<total>0</total>
				<timestamp>5143.399386</timestamp>
			</report>
			<report>
				<misses>815000001</misses>
				<total>0</total>
				<timestamp>5144.027727</timestamp>
			</report>
			<report>
				<misses>815100001</misses>
				<total>0</total>
				<timestamp>5144.653433</timestamp>
			</report>
			<report>
				<misses>815200001</misses>
				<total>0</total>
				<timestamp>5145.283988</timestamp>
			</report>
			<report>
				<misses>815300001</misses>
				<total>0</total>
				<timestamp>5145.911302</timestamp>
			</report>
			<report>
				<misses>815400001</misses>
				<total>0</total>
				<timestamp>5146.539483</timestamp>
			</report>
			<report>
				<misses>815500001</misses>
				<total>0</total>
				<timestamp>5147.169981</timestamp>
			</report>
			<report>
				<misses>815600001</misses>
				<total>0</total>
				<timestamp>5147.806470</timestamp>
			</report>
			<report>
				<misses>815700001</misses>
				<total>0</total>
				<timestamp>5148.450163</timestamp>
			</report>
			<report>
				<misses>815800001</misses>
				<total>0</total>
				<timestamp>5149.081328</timestamp>
			</report>
			<report>
				<misses>815900001</misses>
				<total>0</total>
				<timestamp>5149.710884</timestamp>
			</report>
			<report>
				<misses>816000001</misses>
				<total>0</total>
				<timestamp>5150.333567</timestamp>
			</report>
			<report>
				<misses>816100001</misses>
				<total>0</total>
				<timestamp>5150.959080</timestamp>
			</report>
			<report>
				<misses>816200001</misses>
				<total>0</total>
				<timestamp>5151.584720</timestamp>
			</report>
			<report>
				<misses>816300001</misses>
				<total>0</total>
				<timestamp>5152.212619</timestamp>
			</report>
			<report>
				<misses>816400001</misses>
				<total>0</total>
				<timestamp>5152.837893</timestamp>
			</report>
			<report>
				<misses>816500001</misses>
				<total>0</total>
				<timestamp>5153.470714</timestamp>
			</report>
			<report>
				<misses>816600001</misses>
				<total>0</total>
				<timestamp>5154.105657</timestamp>
			</report>
			<report>
				<misses>816700001</misses>
				<total>0</total>
				<timestamp>5154.730387</timestamp>
			</report>
			<report>
				<misses>816800001</misses>
				<total>0</total>
				<timestamp>5155.379131</timestamp>
			</report>
			<report>
				<misses>816900001</misses>
				<total>0</total>
				<timestamp>5156.010749</timestamp>
			</report>
			<report>
				<misses>817000001</misses>
				<total>0</total>
				<timestamp>5156.638925</timestamp>
			</report>
			<report>
				<misses>817100001</misses>
				<total>0</total>
				<timestamp>5157.273727</timestamp>
			</report>
			<report>
				<misses>817200001</misses>
				<total>0</total>
				<timestamp>5157.905318</timestamp>
			</report>
			<report>
				<misses>817300001</misses>
				<total>0</total>
				<timestamp>5158.541852</timestamp>
			</report>
			<report>
				<misses>817400001</misses>
				<total>0</total>
				<timestamp>5159.167848</timestamp>
			</report>
			<report>
				<misses>817500001</misses>
				<total>0</total>
				<timestamp>5159.794396</timestamp>
			</report>
			<report>
				<misses>817600001</misses>
				<total>0</total>
				<timestamp>5160.425315</timestamp>
			</report>
			<report>
				<misses>817700001</misses>
				<total>0</total>
				<timestamp>5161.050275</timestamp>
			</report>
			<report>
				<misses>817800001</misses>
				<total>0</total>
				<timestamp>5161.675817</timestamp>
			</report>
			<report>
				<misses>817900001</misses>
				<total>0</total>
				<timestamp>5162.303969</timestamp>
			</report>
			<report>
				<misses>818000001</misses>
				<total>0</total>
				<timestamp>5162.935539</timestamp>
			</report>
			<report>
				<misses>818100001</misses>
				<total>0</total>
				<timestamp>5163.575188</timestamp>
			</report>
			<report>
				<misses>818200001</misses>
				<total>0</total>
				<timestamp>5164.214192</timestamp>
			</report>
			<report>
				<misses>818300001</misses>
				<total>0</total>
				<timestamp>5164.843259</timestamp>
			</report>
			<report>
				<misses>818400001</misses>
				<total>0</total>
				<timestamp>5165.477079</timestamp>
			</report>
			<report>
				<misses>818500001</misses>
				<total>0</total>
				<timestamp>5166.106091</timestamp>
			</report>
			<report>
				<misses>818600001</misses>
				<total>0</total>
				<timestamp>5166.731852</timestamp>
			</report>
			<report>
				<misses>818700001</misses>
				<total>0</total>
				<timestamp>5167.371505</timestamp>
			</report>
			<report>
				<misses>818800001</misses>
				<total>0</total>
				<timestamp>5168.000351</timestamp>
			</report>
			<report>
				<misses>818900001</misses>
				<total>0</total>
				<timestamp>5168.628545</timestamp>
			</report>
			<report>
				<misses>819000001</misses>
				<total>0</total>
				<timestamp>5169.256371</timestamp>
			</report>
			<report>
				<misses>819100001</misses>
				<total>0</total>
				<timestamp>5169.895059</timestamp>
			</report>
			<report>
				<misses>819200001</misses>
				<total>0</total>
				<timestamp>5170.518676</timestamp>
			</report>
			<report>
				<misses>819300001</misses>
				<total>0</total>
				<timestamp>5171.158308</timestamp>
			</report>
			<report>
				<misses>819400001</misses>
				<total>0</total>
				<timestamp>5171.785920</timestamp>
			</report>
			<report>
				<misses>819500001</misses>
				<total>0</total>
				<timestamp>5172.413874</timestamp>
			</report>
			<report>
				<misses>819600001</misses>
				<total>0</total>
				<timestamp>5173.053566</timestamp>
			</report>
			<report>
				<misses>819700001</misses>
				<total>0</total>
				<timestamp>5173.681730</timestamp>
			</report>
			<report>
				<misses>819800001</misses>
				<total>0</total>
				<timestamp>5174.316670</timestamp>
			</report>
			<report>
				<misses>819900001</misses>
				<total>0</total>
				<timestamp>5174.951992</timestamp>
			</report>
			<report>
				<misses>820000001</misses>
				<total>0</total>
				<timestamp>5175.580321</timestamp>
			</report>
			<report>
				<misses>820100001</misses>
				<total>0</total>
				<timestamp>5176.209962</timestamp>
			</report>
			<report>
				<misses>820200001</misses>
				<total>0</total>
				<timestamp>5176.840375</timestamp>
			</report>
			<report>
				<misses>820300001</misses>
				<total>0</total>
				<timestamp>5177.466362</timestamp>
			</report>
			<report>
				<misses>820400001</misses>
				<total>0</total>
				<timestamp>5178.092584</timestamp>
			</report>
			<report>
				<misses>820500001</misses>
				<total>0</total>
				<timestamp>5178.718853</timestamp>
			</report>
			<report>
				<misses>820600001</misses>
				<total>0</total>
				<timestamp>5179.347086</timestamp>
			</report>
			<report>
				<misses>820700001</misses>
				<total>0</total>
				<timestamp>5179.975126</timestamp>
			</report>
			<report>
				<misses>820800001</misses>
				<total>0</total>
				<timestamp>5180.633083</timestamp>
			</report>
			<report>
				<misses>820900001</misses>
				<total>0</total>
				<timestamp>5181.263873</timestamp>
			</report>
			<report>
				<misses>821000001</misses>
				<total>0</total>
				<timestamp>5181.894311</timestamp>
			</report>
			<report>
				<misses>821100001</misses>
				<total>0</total>
				<timestamp>5182.534769</timestamp>
			</report>
			<report>
				<misses>821200001</misses>
				<total>0</total>
				<timestamp>5183.167383</timestamp>
			</report>
			<report>
				<misses>821300001</misses>
				<total>0</total>
				<timestamp>5183.797604</timestamp>
			</report>
			<report>
				<misses>821400001</misses>
				<total>0</total>
				<timestamp>5184.431742</timestamp>
			</report>
			<report>
				<misses>821500001</misses>
				<total>0</total>
				<timestamp>5185.056283</timestamp>
			</report>
			<report>
				<misses>821600001</misses>
				<total>0</total>
				<timestamp>5185.687006</timestamp>
			</report>
			<report>
				<misses>821700001</misses>
				<total>0</total>
				<timestamp>5186.320832</timestamp>
			</report>
			<report>
				<misses>821800001</misses>
				<total>0</total>
				<timestamp>5186.947414</timestamp>
			</report>
			<report>
				<misses>821900001</misses>
				<total>0</total>
				<timestamp>5187.581651</timestamp>
			</report>
			<report>
				<misses>822000001</misses>
				<total>0</total>
				<timestamp>5188.208473</timestamp>
			</report>
			<report>
				<misses>822100001</misses>
				<total>0</total>
				<timestamp>5188.840792</timestamp>
			</report>
			<report>
				<misses>822200001</misses>
				<total>0</total>
				<timestamp>5189.473964</timestamp>
			</report>
			<report>
				<misses>822300001</misses>
				<total>0</total>
				<timestamp>5190.100497</timestamp>
			</report>
			<report>
				<misses>822400001</misses>
				<total>0</total>
				<timestamp>5190.732377</timestamp>
			</report>
			<report>
				<misses>822500001</misses>
				<total>0</total>
				<timestamp>5191.360677</timestamp>
			</report>
			<report>
				<misses>822600001</misses>
				<total>0</total>
				<timestamp>5191.989752</timestamp>
			</report>
			<report>
				<misses>822700001</misses>
				<total>0</total>
				<timestamp>5192.617663</timestamp>
			</report>
			<report>
				<misses>822800001</misses>
				<total>0</total>
				<timestamp>5193.268004</timestamp>
			</report>
			<report>
				<misses>822900001</misses>
				<total>0</total>
				<timestamp>5193.900069</timestamp>
			</report>
			<report>
				<misses>823000001</misses>
				<total>0</total>
				<timestamp>5194.526655</timestamp>
			</report>
			<report>
				<misses>823100001</misses>
				<total>0</total>
				<timestamp>5195.166121</timestamp>
			</report>
			<report>
				<misses>823200001</misses>
				<total>0</total>
				<timestamp>5195.788575</timestamp>
			</report>
			<report>
				<misses>823300001</misses>
				<total>0</total>
				<timestamp>5196.421257</timestamp>
			</report>
			<report>
				<misses>823400001</misses>
				<total>0</total>
				<timestamp>5197.045530</timestamp>
			</report>
			<report>
				<misses>823500001</misses>
				<total>0</total>
				<timestamp>5197.673855</timestamp>
			</report>
			<report>
				<misses>823600001</misses>
				<total>0</total>
				<timestamp>5198.318223</timestamp>
			</report>
			<report>
				<misses>823700001</misses>
				<total>0</total>
				<timestamp>5198.951062</timestamp>
			</report>
			<report>
				<misses>823800001</misses>
				<total>0</total>
				<timestamp>5199.580779</timestamp>
			</report>
			<report>
				<misses>823900001</misses>
				<total>0</total>
				<timestamp>5200.221595</timestamp>
			</report>
			<report>
				<misses>824000001</misses>
				<total>0</total>
				<timestamp>5200.848154</timestamp>
			</report>
			<report>
				<misses>824100001</misses>
				<total>0</total>
				<timestamp>5201.474765</timestamp>
			</report>
			<report>
				<misses>824200001</misses>
				<total>0</total>
				<timestamp>5202.112087</timestamp>
			</report>
			<report>
				<misses>824300001</misses>
				<total>0</total>
				<timestamp>5202.736907</timestamp>
			</report>
			<report>
				<misses>824400001</misses>
				<total>0</total>
				<timestamp>5203.361853</timestamp>
			</report>
			<report>
				<misses>824500001</misses>
				<total>0</total>
				<timestamp>5203.993357</timestamp>
			</report>
			<report>
				<misses>824600001</misses>
				<total>0</total>
				<timestamp>5204.634459</timestamp>
			</report>
			<report>
				<misses>824700001</misses>
				<total>0</total>
				<timestamp>5205.268583</timestamp>
			</report>
			<report>
				<misses>824800001</misses>
				<total>0</total>
				<timestamp>5205.898603</timestamp>
			</report>
			<report>
				<misses>824900001</misses>
				<total>0</total>
				<timestamp>5206.526105</timestamp>
			</report>
			<report>
				<misses>825000001</misses>
				<total>0</total>
				<timestamp>5207.161311</timestamp>
			</report>
			<report>
				<misses>825100001</misses>
				<total>0</total>
				<timestamp>5207.788642</timestamp>
			</report>
			<report>
				<misses>825200001</misses>
				<total>0</total>
				<timestamp>5208.421958</timestamp>
			</report>
			<report>
				<misses>825300001</misses>
				<total>0</total>
				<timestamp>5209.046937</timestamp>
			</report>
			<report>
				<misses>825400001</misses>
				<total>0</total>
				<timestamp>5209.672369</timestamp>
			</report>
			<report>
				<misses>825500001</misses>
				<total>0</total>
				<timestamp>5210.300097</timestamp>
			</report>
			<report>
				<misses>825600001</misses>
				<total>0</total>
				<timestamp>5210.929534</timestamp>
			</report>
			<report>
				<misses>825700001</misses>
				<total>0</total>
				<timestamp>5211.563841</timestamp>
			</report>
			<report>
				<misses>825800001</misses>
				<total>0</total>
				<timestamp>5212.207572</timestamp>
			</report>
			<report>
				<misses>825900001</misses>
				<total>0</total>
				<timestamp>5212.836098</timestamp>
			</report>
			<report>
				<misses>826000001</misses>
				<total>0</total>
				<timestamp>5213.465391</timestamp>
			</report>
			<report>
				<misses>826100001</misses>
				<total>0</total>
				<timestamp>5214.088547</timestamp>
			</report>
			<report>
				<misses>826200001</misses>
				<total>0</total>
				<timestamp>5214.718277</timestamp>
			</report>
			<report>
				<misses>826300001</misses>
				<total>0</total>
				<timestamp>5215.345576</timestamp>
			</report>
			<report>
				<misses>826400001</misses>
				<total>0</total>
				<timestamp>5215.969851</timestamp>
			</report>
			<report>
				<misses>826500001</misses>
				<total>0</total>
				<timestamp>5216.595159</timestamp>
			</report>
			<report>
				<misses>826600001</misses>
				<total>0</total>
				<timestamp>5217.221745</timestamp>
			</report>
			<report>
				<misses>826700001</misses>
				<total>0</total>
				<timestamp>5217.848744</timestamp>
			</report>
			<report>
				<misses>826800001</misses>
				<total>0</total>
				<timestamp>5218.481349</timestamp>
			</report>
			<report>
				<misses>826900001</misses>
				<total>0</total>
				<timestamp>5219.115103</timestamp>
			</report>
			<report>
				<misses>827000001</misses>
				<total>0</total>
				<timestamp>5219.746249</timestamp>
			</report>
			<report>
				<misses>827100001</misses>
				<total>0</total>
				<timestamp>5220.379079</timestamp>
			</report>
			<report>
				<misses>827200001</misses>
				<total>0</total>
				<timestamp>5221.009734</timestamp>
			</report>
			<report>
				<misses>827300001</misses>
				<total>0</total>
				<timestamp>5221.642913</timestamp>
			</report>
			<report>
				<misses>827400001</misses>
				<total>0</total>
				<timestamp>5222.287523</timestamp>
			</report>
			<report>
				<misses>827500001</misses>
				<total>0</total>
				<timestamp>5222.934499</timestamp>
			</report>
			<report>
				<misses>827600001</misses>
				<total>0</total>
				<timestamp>5223.579505</timestamp>
			</report>
			<report>
				<misses>827700001</misses>
				<total>0</total>
				<timestamp>5224.205217</timestamp>
			</report>
			<report>
				<misses>827800001</misses>
				<total>0</total>
				<timestamp>5224.836116</timestamp>
			</report>
			<report>
				<misses>827900001</misses>
				<total>0</total>
				<timestamp>5225.466939</timestamp>
			</report>
			<report>
				<misses>828000001</misses>
				<total>0</total>
				<timestamp>5226.107323</timestamp>
			</report>
			<report>
				<misses>828100001</misses>
				<total>0</total>
				<timestamp>5226.737713</timestamp>
			</report>
			<report>
				<misses>828200001</misses>
				<total>0</total>
				<timestamp>5227.365318</timestamp>
			</report>
			<report>
				<misses>828300001</misses>
				<total>0</total>
				<timestamp>5227.996675</timestamp>
			</report>
			<report>
				<misses>828400001</misses>
				<total>0</total>
				<timestamp>5228.631964</timestamp>
			</report>
			<report>
				<misses>828500001</misses>
				<total>0</total>
				<timestamp>5229.266139</timestamp>
			</report>
			<report>
				<misses>828600001</misses>
				<total>0</total>
				<timestamp>5229.895324</timestamp>
			</report>
			<report>
				<misses>828700001</misses>
				<total>0</total>
				<timestamp>5230.530042</timestamp>
			</report>
			<report>
				<misses>828800001</misses>
				<total>0</total>
				<timestamp>5231.154045</timestamp>
			</report>
			<report>
				<misses>828900001</misses>
				<total>0</total>
				<timestamp>5231.780772</timestamp>
			</report>
			<report>
				<misses>829000001</misses>
				<total>0</total>
				<timestamp>5232.403387</timestamp>
			</report>
			<report>
				<misses>829100001</misses>
				<total>0</total>
				<timestamp>5233.031456</timestamp>
			</report>
			<report>
				<misses>829200001</misses>
				<total>0</total>
				<timestamp>5233.654414</timestamp>
			</report>
			<report>
				<misses>829300001</misses>
				<total>0</total>
				<timestamp>5234.290560</timestamp>
			</report>
			<report>
				<misses>829400001</misses>
				<total>0</total>
				<timestamp>5234.924232</timestamp>
			</report>
			<report>
				<misses>829500001</misses>
				<total>0</total>
				<timestamp>5235.549080</timestamp>
			</report>
			<report>
				<misses>829600001</misses>
				<total>0</total>
				<timestamp>5236.173724</timestamp>
			</report>
			<report>
				<misses>829700001</misses>
				<total>0</total>
				<timestamp>5236.807429</timestamp>
			</report>
			<report>
				<misses>829800001</misses>
				<total>0</total>
				<timestamp>5237.440951</timestamp>
			</report>
			<report>
				<misses>829900001</misses>
				<total>0</total>
				<timestamp>5238.075403</timestamp>
			</report>
			<report>
				<misses>830000001</misses>
				<total>0</total>
				<timestamp>5238.703714</timestamp>
			</report>
			<report>
				<misses>830100001</misses>
				<total>0</total>
				<timestamp>5239.330308</timestamp>
			</report>
			<report>
				<misses>830200001</misses>
				<total>0</total>
				<timestamp>5239.957303</timestamp>
			</report>
			<report>
				<misses>830300001</misses>
				<total>0</total>
				<timestamp>5240.586373</timestamp>
			</report>
			<report>
				<misses>830400001</misses>
				<total>0</total>
				<timestamp>5241.221251</timestamp>
			</report>
			<report>
				<misses>830500001</misses>
				<total>0</total>
				<timestamp>5241.860663</timestamp>
			</report>
			<report>
				<misses>830600001</misses>
				<total>0</total>
				<timestamp>5242.485340</timestamp>
			</report>
			<report>
				<misses>830700001</misses>
				<total>0</total>
				<timestamp>5243.113580</timestamp>
			</report>
			<report>
				<misses>830800001</misses>
				<total>0</total>
				<timestamp>5243.742291</timestamp>
			</report>
			<report>
				<misses>830900001</misses>
				<total>0</total>
				<timestamp>5244.372535</timestamp>
			</report>
			<report>
				<misses>831000001</misses>
				<total>0</total>
				<timestamp>5245.002573</timestamp>
			</report>
			<report>
				<misses>831100001</misses>
				<total>0</total>
				<timestamp>5245.638356</timestamp>
			</report>
			<report>
				<misses>831200001</misses>
				<total>0</total>
				<timestamp>5246.270754</timestamp>
			</report>
			<report>
				<misses>831300001</misses>
				<total>0</total>
				<timestamp>5246.900037</timestamp>
			</report>
			<report>
				<misses>831400001</misses>
				<total>0</total>
				<timestamp>5247.532536</timestamp>
			</report>
			<report>
				<misses>831500001</misses>
				<total>0</total>
				<timestamp>5248.156184</timestamp>
			</report>
			<report>
				<misses>831600001</misses>
				<total>0</total>
				<timestamp>5248.785178</timestamp>
			</report>
			<report>
				<misses>831700001</misses>
				<total>0</total>
				<timestamp>5249.410923</timestamp>
			</report>
			<report>
				<misses>831800001</misses>
				<total>0</total>
				<timestamp>5250.048338</timestamp>
			</report>
			<report>
				<misses>831900001</misses>
				<total>0</total>
				<timestamp>5250.676241</timestamp>
			</report>
			<report>
				<misses>832000001</misses>
				<total>0</total>
				<timestamp>5251.304189</timestamp>
			</report>
			<report>
				<misses>832100001</misses>
				<total>0</total>
				<timestamp>5251.932047</timestamp>
			</report>
			<report>
				<misses>832200001</misses>
				<total>0</total>
				<timestamp>5252.555576</timestamp>
			</report>
			<report>
				<misses>832300001</misses>
				<total>0</total>
				<timestamp>5253.186187</timestamp>
			</report>
			<report>
				<misses>832400001</misses>
				<total>0</total>
				<timestamp>5253.811703</timestamp>
			</report>
			<report>
				<misses>832500001</misses>
				<total>0</total>
				<timestamp>5254.439273</timestamp>
			</report>
			<report>
				<misses>832600001</misses>
				<total>0</total>
				<timestamp>5255.073150</timestamp>
			</report>
			<report>
				<misses>832700001</misses>
				<total>0</total>
				<timestamp>5255.711371</timestamp>
			</report>
			<report>
				<misses>832800001</misses>
				<total>0</total>
				<timestamp>5256.349911</timestamp>
			</report>
			<report>
				<misses>832900001</misses>
				<total>0</total>
				<timestamp>5256.976280</timestamp>
			</report>
			<report>
				<misses>833000001</misses>
				<total>0</total>
				<timestamp>5257.604517</timestamp>
			</report>
			<report>
				<misses>833100001</misses>
				<total>0</total>
				<timestamp>5258.232690</timestamp>
			</report>
			<report>
				<misses>833200001</misses>
				<total>0</total>
				<timestamp>5258.862569</timestamp>
			</report>
			<report>
				<misses>833300001</misses>
				<total>0</total>
				<timestamp>5259.490799</timestamp>
			</report>
			<report>
				<misses>833400001</misses>
				<total>0</total>
				<timestamp>5260.122318</timestamp>
			</report>
			<report>
				<misses>833500001</misses>
				<total>0</total>
				<timestamp>5260.757296</timestamp>
			</report>
			<report>
				<misses>833600001</misses>
				<total>0</total>
				<timestamp>5261.391160</timestamp>
			</report>
			<report>
				<misses>833700001</misses>
				<total>0</total>
				<timestamp>5262.029579</timestamp>
			</report>
			<report>
				<misses>833800001</misses>
				<total>0</total>
				<timestamp>5262.659421</timestamp>
			</report>
			<report>
				<misses>833900001</misses>
				<total>0</total>
				<timestamp>5263.285929</timestamp>
			</report>
			<report>
				<misses>834000001</misses>
				<total>0</total>
				<timestamp>5263.914356</timestamp>
			</report>
			<report>
				<misses>834100001</misses>
				<total>0</total>
				<timestamp>5264.557457</timestamp>
			</report>
			<report>
				<misses>834200001</misses>
				<total>0</total>
				<timestamp>5265.185709</timestamp>
			</report>
			<report>
				<misses>834300001</misses>
				<total>0</total>
				<timestamp>5265.807479</timestamp>
			</report>
			<report>
				<misses>834400001</misses>
				<total>0</total>
				<timestamp>5266.440813</timestamp>
			</report>
			<report>
				<misses>834500001</misses>
				<total>0</total>
				<timestamp>5267.066587</timestamp>
			</report>
			<report>
				<misses>834600001</misses>
				<total>0</total>
				<timestamp>5267.701555</timestamp>
			</report>
			<report>
				<misses>834700001</misses>
				<total>0</total>
				<timestamp>5268.360448</timestamp>
			</report>
			<report>
				<misses>834800001</misses>
				<total>0</total>
				<timestamp>5268.987743</timestamp>
			</report>
			<report>
				<misses>834900001</misses>
				<total>0</total>
				<timestamp>5269.617152</timestamp>
			</report>
			<report>
				<misses>835000001</misses>
				<total>0</total>
				<timestamp>5270.242659</timestamp>
			</report>
			<report>
				<misses>835100001</misses>
				<total>0</total>
				<timestamp>5270.869692</timestamp>
			</report>
			<report>
				<misses>835200001</misses>
				<total>0</total>
				<timestamp>5271.502527</timestamp>
			</report>
			<report>
				<misses>835300001</misses>
				<total>0</total>
				<timestamp>5272.126892</timestamp>
			</report>
			<report>
				<misses>835400001</misses>
				<total>0</total>
				<timestamp>5272.757624</timestamp>
			</report>
			<report>
				<misses>835500001</misses>
				<total>0</total>
				<timestamp>5273.384364</timestamp>
			</report>
			<report>
				<misses>835600001</misses>
				<total>0</total>
				<timestamp>5274.017078</timestamp>
			</report>
			<report>
				<misses>835700001</misses>
				<total>0</total>
				<timestamp>5274.662824</timestamp>
			</report>
			<report>
				<misses>835800001</misses>
				<total>0</total>
				<timestamp>5275.294002</timestamp>
			</report>
			<report>
				<misses>835900001</misses>
				<total>0</total>
				<timestamp>5275.934504</timestamp>
			</report>
			<report>
				<misses>836000001</misses>
				<total>0</total>
				<timestamp>5276.565788</timestamp>
			</report>
			<report>
				<misses>836100001</misses>
				<total>0</total>
				<timestamp>5277.195565</timestamp>
			</report>
			<report>
				<misses>836200001</misses>
				<total>0</total>
				<timestamp>5277.831576</timestamp>
			</report>
			<report>
				<misses>836300001</misses>
				<total>0</total>
				<timestamp>5278.461447</timestamp>
			</report>
			<report>
				<misses>836400001</misses>
				<total>0</total>
				<timestamp>5279.108148</timestamp>
			</report>
			<report>
				<misses>836500001</misses>
				<total>0</total>
				<timestamp>5279.743582</timestamp>
			</report>
			<report>
				<misses>836600001</misses>
				<total>0</total>
				<timestamp>5280.379577</timestamp>
			</report>
			<report>
				<misses>836700001</misses>
				<total>0</total>
				<timestamp>5281.025302</timestamp>
			</report>
			<report>
				<misses>836800001</misses>
				<total>0</total>
				<timestamp>5281.648105</timestamp>
			</report>
			<report>
				<misses>836900001</misses>
				<total>0</total>
				<timestamp>5282.279382</timestamp>
			</report>
			<report>
				<misses>837000001</misses>
				<total>0</total>
				<timestamp>5282.904064</timestamp>
			</report>
			<report>
				<misses>837100001</misses>
				<total>0</total>
				<timestamp>5283.536311</timestamp>
			</report>
			<report>
				<misses>837200001</misses>
				<total>0</total>
				<timestamp>5284.163898</timestamp>
			</report>
			<report>
				<misses>837300001</misses>
				<total>0</total>
				<timestamp>5284.793728</timestamp>
			</report>
			<report>
				<misses>837400001</misses>
				<total>0</total>
				<timestamp>5285.421488</timestamp>
			</report>
			<report>
				<misses>837500001</misses>
				<total>0</total>
				<timestamp>5286.048463</timestamp>
			</report>
			<report>
				<misses>837600001</misses>
				<total>0</total>
				<timestamp>5286.676106</timestamp>
			</report>
			<report>
				<misses>837700001</misses>
				<total>0</total>
				<timestamp>5287.303356</timestamp>
			</report>
			<report>
				<misses>837800001</misses>
				<total>0</total>
				<timestamp>5287.932029</timestamp>
			</report>
			<report>
				<misses>837900001</misses>
				<total>0</total>
				<timestamp>5288.575882</timestamp>
			</report>
			<report>
				<misses>838000001</misses>
				<total>0</total>
				<timestamp>5289.211441</timestamp>
			</report>
			<report>
				<misses>838100001</misses>
				<total>0</total>
				<timestamp>5289.839642</timestamp>
			</report>
			<report>
				<misses>838200001</misses>
				<total>0</total>
				<timestamp>5290.467987</timestamp>
			</report>
			<report>
				<misses>838300001</misses>
				<total>0</total>
				<timestamp>5291.109592</timestamp>
			</report>
			<report>
				<misses>838400001</misses>
				<total>0</total>
				<timestamp>5291.733084</timestamp>
			</report>
			<report>
				<misses>838500001</misses>
				<total>0</total>
				<timestamp>5292.364073</timestamp>
			</report>
			<report>
				<misses>838600001</misses>
				<total>0</total>
				<timestamp>5292.996241</timestamp>
			</report>
			<report>
				<misses>838700001</misses>
				<total>0</total>
				<timestamp>5293.625224</timestamp>
			</report>
			<report>
				<misses>838800001</misses>
				<total>0</total>
				<timestamp>5294.272879</timestamp>
			</report>
			<report>
				<misses>838900001</misses>
				<total>0</total>
				<timestamp>5294.902017</timestamp>
			</report>
			<report>
				<misses>839000001</misses>
				<total>0</total>
				<timestamp>5295.541801</timestamp>
			</report>
			<report>
				<misses>839100001</misses>
				<total>0</total>
				<timestamp>5296.180648</timestamp>
			</report>
			<report>
				<misses>839200001</misses>
				<total>0</total>
				<timestamp>5296.808392</timestamp>
			</report>
			<report>
				<misses>839300001</misses>
				<total>0</total>
				<timestamp>5297.436551</timestamp>
			</report>
			<report>
				<misses>839400001</misses>
				<total>0</total>
				<timestamp>5298.065286</timestamp>
			</report>
			<report>
				<misses>839500001</misses>
				<total>0</total>
				<timestamp>5298.702797</timestamp>
			</report>
			<report>
				<misses>839600001</misses>
				<total>0</total>
				<timestamp>5299.330585</timestamp>
			</report>
			<report>
				<misses>839700001</misses>
				<total>0</total>
				<timestamp>5299.956468</timestamp>
			</report>
			<report>
				<misses>839800001</misses>
				<total>0</total>
				<timestamp>5300.584185</timestamp>
			</report>
			<report>
				<misses>839900001</misses>
				<total>0</total>
				<timestamp>5301.208534</timestamp>
			</report>
			<report>
				<misses>840000001</misses>
				<total>0</total>
				<timestamp>5301.832858</timestamp>
			</report>
			<report>
				<misses>840100001</misses>
				<total>0</total>
				<timestamp>5302.469510</timestamp>
			</report>
			<report>
				<misses>840200001</misses>
				<total>0</total>
				<timestamp>5303.102054</timestamp>
			</report>
			<report>
				<misses>840300001</misses>
				<total>0</total>
				<timestamp>5303.727985</timestamp>
			</report>
			<report>
				<misses>840400001</misses>
				<total>0</total>
				<timestamp>5304.350819</timestamp>
			</report>
			<report>
				<misses>840500001</misses>
				<total>0</total>
				<timestamp>5304.979261</timestamp>
			</report>
			<report>
				<misses>840600001</misses>
				<total>0</total>
				<timestamp>5305.607164</timestamp>
			</report>
			<report>
				<misses>840700001</misses>
				<total>0</total>
				<timestamp>5306.245849</timestamp>
			</report>
			<report>
				<misses>840800001</misses>
				<total>0</total>
				<timestamp>5306.874666</timestamp>
			</report>
			<report>
				<misses>840900001</misses>
				<total>0</total>
				<timestamp>5307.505301</timestamp>
			</report>
			<report>
				<misses>841000001</misses>
				<total>0</total>
				<timestamp>5308.142399</timestamp>
			</report>
			<report>
				<misses>841100001</misses>
				<total>0</total>
				<timestamp>5308.776008</timestamp>
			</report>
			<report>
				<misses>841200001</misses>
				<total>0</total>
				<timestamp>5309.416612</timestamp>
			</report>
			<report>
				<misses>841300001</misses>
				<total>0</total>
				<timestamp>5310.044678</timestamp>
			</report>
			<report>
				<misses>841400001</misses>
				<total>0</total>
				<timestamp>5310.671224</timestamp>
			</report>
			<report>
				<misses>841500001</misses>
				<total>0</total>
				<timestamp>5311.300571</timestamp>
			</report>
			<report>
				<misses>841600001</misses>
				<total>0</total>
				<timestamp>5311.935966</timestamp>
			</report>
			<report>
				<misses>841700001</misses>
				<total>0</total>
				<timestamp>5312.563047</timestamp>
			</report>
			<report>
				<misses>841800001</misses>
				<total>0</total>
				<timestamp>5313.192617</timestamp>
			</report>
			<report>
				<misses>841900001</misses>
				<total>0</total>
				<timestamp>5313.815135</timestamp>
			</report>
			<report>
				<misses>842000001</misses>
				<total>0</total>
				<timestamp>5314.442776</timestamp>
			</report>
			<report>
				<misses>842100001</misses>
				<total>0</total>
				<timestamp>5315.070305</timestamp>
			</report>
			<report>
				<misses>842200001</misses>
				<total>0</total>
				<timestamp>5315.701260</timestamp>
			</report>
			<report>
				<misses>842300001</misses>
				<total>0</total>
				<timestamp>5316.331177</timestamp>
			</report>
			<report>
				<misses>842400001</misses>
				<total>0</total>
				<timestamp>5316.956238</timestamp>
			</report>
			<report>
				<misses>842500001</misses>
				<total>0</total>
				<timestamp>5317.581823</timestamp>
			</report>
			<report>
				<misses>842600001</misses>
				<total>0</total>
				<timestamp>5318.215435</timestamp>
			</report>
			<report>
				<misses>842700001</misses>
				<total>0</total>
				<timestamp>5318.844835</timestamp>
			</report>
			<report>
				<misses>842800001</misses>
				<total>0</total>
				<timestamp>5319.486407</timestamp>
			</report>
			<report>
				<misses>842900001</misses>
				<total>0</total>
				<timestamp>5320.113217</timestamp>
			</report>
			<report>
				<misses>843000001</misses>
				<total>0</total>
				<timestamp>5320.742582</timestamp>
			</report>
			<report>
				<misses>843100001</misses>
				<total>0</total>
				<timestamp>5321.371427</timestamp>
			</report>
			<report>
				<misses>843200001</misses>
				<total>0</total>
				<timestamp>5322.008188</timestamp>
			</report>
			<report>
				<misses>843300001</misses>
				<total>0</total>
				<timestamp>5322.635620</timestamp>
			</report>
			<report>
				<misses>843400001</misses>
				<total>0</total>
				<timestamp>5323.263805</timestamp>
			</report>
			<report>
				<misses>843500001</misses>
				<total>0</total>
				<timestamp>5323.893698</timestamp>
			</report>
			<report>
				<misses>843600001</misses>
				<total>0</total>
				<timestamp>5324.532633</timestamp>
			</report>
			<report>
				<misses>843700001</misses>
				<total>0</total>
				<timestamp>5325.157994</timestamp>
			</report>
			<report>
				<misses>843800001</misses>
				<total>0</total>
				<timestamp>5325.794628</timestamp>
			</report>
			<report>
				<misses>843900001</misses>
				<total>0</total>
				<timestamp>5326.431359</timestamp>
			</report>
			<report>
				<misses>844000001</misses>
				<total>0</total>
				<timestamp>5327.064564</timestamp>
			</report>
			<report>
				<misses>844100001</misses>
				<total>0</total>
				<timestamp>5327.692243</timestamp>
			</report>
			<report>
				<misses>844200001</misses>
				<total>0</total>
				<timestamp>5328.332971</timestamp>
			</report>
			<report>
				<misses>844300001</misses>
				<total>0</total>
				<timestamp>5328.958322</timestamp>
			</report>
			<report>
				<misses>844400001</misses>
				<total>0</total>
				<timestamp>5329.588956</timestamp>
			</report>
			<report>
				<misses>844500001</misses>
				<total>0</total>
				<timestamp>5330.212174</timestamp>
			</report>
			<report>
				<misses>844600001</misses>
				<total>0</total>
				<timestamp>5330.840351</timestamp>
			</report>
			<report>
				<misses>844700001</misses>
				<total>0</total>
				<timestamp>5331.478285</timestamp>
			</report>
			<report>
				<misses>844800001</misses>
				<total>0</total>
				<timestamp>5332.101511</timestamp>
			</report>
			<report>
				<misses>844900001</misses>
				<total>0</total>
				<timestamp>5332.731782</timestamp>
			</report>
			<report>
				<misses>845000001</misses>
				<total>0</total>
				<timestamp>5333.359517</timestamp>
			</report>
			<report>
				<misses>845100001</misses>
				<total>0</total>
				<timestamp>5334.001714</timestamp>
			</report>
			<report>
				<misses>845200001</misses>
				<total>0</total>
				<timestamp>5334.625773</timestamp>
			</report>
			<report>
				<misses>845300001</misses>
				<total>0</total>
				<timestamp>5335.248812</timestamp>
			</report>
			<report>
				<misses>845400001</misses>
				<total>0</total>
				<timestamp>5335.886038</timestamp>
			</report>
			<report>
				<misses>845500001</misses>
				<total>0</total>
				<timestamp>5336.511535</timestamp>
			</report>
			<report>
				<misses>845600001</misses>
				<total>0</total>
				<timestamp>5337.150476</timestamp>
			</report>
			<report>
				<misses>845700001</misses>
				<total>0</total>
				<timestamp>5337.785286</timestamp>
			</report>
			<report>
				<misses>845800001</misses>
				<total>0</total>
				<timestamp>5338.426918</timestamp>
			</report>
			<report>
				<misses>845900001</misses>
				<total>0</total>
				<timestamp>5339.055629</timestamp>
			</report>
			<report>
				<misses>846000001</misses>
				<total>0</total>
				<timestamp>5339.685463</timestamp>
			</report>
			<report>
				<misses>846100001</misses>
				<total>0</total>
				<timestamp>5340.314985</timestamp>
			</report>
			<report>
				<misses>846200001</misses>
				<total>0</total>
				<timestamp>5340.938356</timestamp>
			</report>
			<report>
				<misses>846300001</misses>
				<total>0</total>
				<timestamp>5341.569617</timestamp>
			</report>
			<report>
				<misses>846400001</misses>
				<total>0</total>
				<timestamp>5342.206648</timestamp>
			</report>
			<report>
				<misses>846500001</misses>
				<total>0</total>
				<timestamp>5342.831676</timestamp>
			</report>
			<report>
				<misses>846600001</misses>
				<total>0</total>
				<timestamp>5343.456402</timestamp>
			</report>
			<report>
				<misses>846700001</misses>
				<total>0</total>
				<timestamp>5344.083150</timestamp>
			</report>
			<report>
				<misses>846800001</misses>
				<total>0</total>
				<timestamp>5344.713501</timestamp>
			</report>
			<report>
				<misses>846900001</misses>
				<total>0</total>
				<timestamp>5345.338432</timestamp>
			</report>
			<report>
				<misses>847000001</misses>
				<total>0</total>
				<timestamp>5345.963638</timestamp>
			</report>
			<report>
				<misses>847100001</misses>
				<total>0</total>
				<timestamp>5346.597792</timestamp>
			</report>
			<report>
				<misses>847200001</misses>
				<total>0</total>
				<timestamp>5347.222075</timestamp>
			</report>
			<report>
				<misses>847300001</misses>
				<total>0</total>
				<timestamp>5347.860994</timestamp>
			</report>
			<report>
				<misses>847400001</misses>
				<total>0</total>
				<timestamp>5348.494241</timestamp>
			</report>
			<report>
				<misses>847500001</misses>
				<total>0</total>
				<timestamp>5349.130858</timestamp>
			</report>
			<report>
				<misses>847600001</misses>
				<total>0</total>
				<timestamp>5349.762635</timestamp>
			</report>
			<report>
				<misses>847700001</misses>
				<total>0</total>
				<timestamp>5350.390136</timestamp>
			</report>
			<report>
				<misses>847800001</misses>
				<total>0</total>
				<timestamp>5351.019207</timestamp>
			</report>
			<report>
				<misses>847900001</misses>
				<total>0</total>
				<timestamp>5351.641430</timestamp>
			</report>
			<report>
				<misses>848000001</misses>
				<total>0</total>
				<timestamp>5352.271684</timestamp>
			</report>
			<report>
				<misses>848100001</misses>
				<total>0</total>
				<timestamp>5352.901459</timestamp>
			</report>
			<report>
				<misses>848200001</misses>
				<total>0</total>
				<timestamp>5353.529623</timestamp>
			</report>
			<report>
				<misses>848300001</misses>
				<total>0</total>
				<timestamp>5354.156877</timestamp>
			</report>
			<report>
				<misses>848400001</misses>
				<total>0</total>
				<timestamp>5354.780296</timestamp>
			</report>
			<report>
				<misses>848500001</misses>
				<total>0</total>
				<timestamp>5355.411207</timestamp>
			</report>
			<report>
				<misses>848600001</misses>
				<total>0</total>
				<timestamp>5356.046092</timestamp>
			</report>
			<report>
				<misses>848700001</misses>
				<total>0</total>
				<timestamp>5356.670322</timestamp>
			</report>
			<report>
				<misses>848800001</misses>
				<total>0</total>
				<timestamp>5357.296318</timestamp>
			</report>
			<report>
				<misses>848900001</misses>
				<total>0</total>
				<timestamp>5357.922765</timestamp>
			</report>
			<report>
				<misses>849000001</misses>
				<total>0</total>
				<timestamp>5358.549616</timestamp>
			</report>
			<report>
				<misses>849100001</misses>
				<total>0</total>
				<timestamp>5359.176150</timestamp>
			</report>
			<report>
				<misses>849200001</misses>
				<total>0</total>
				<timestamp>5359.810452</timestamp>
			</report>
			<report>
				<misses>849300001</misses>
				<total>0</total>
				<timestamp>5360.441974</timestamp>
			</report>
			<report>
				<misses>849400001</misses>
				<total>0</total>
				<timestamp>5361.069157</timestamp>
			</report>
			<report>
				<misses>849500001</misses>
				<total>0</total>
				<timestamp>5361.694752</timestamp>
			</report>
			<report>
				<misses>849600001</misses>
				<total>0</total>
				<timestamp>5362.321096</timestamp>
			</report>
			<report>
				<misses>849700001</misses>
				<total>0</total>
				<timestamp>5362.960445</timestamp>
			</report>
			<report>
				<misses>849800001</misses>
				<total>0</total>
				<timestamp>5363.594079</timestamp>
			</report>
			<report>
				<misses>849900001</misses>
				<total>0</total>
				<timestamp>5364.221599</timestamp>
			</report>
			<report>
				<misses>850000001</misses>
				<total>0</total>
				<timestamp>5364.846435</timestamp>
			</report>
			<report>
				<misses>850100001</misses>
				<total>0</total>
				<timestamp>5365.474877</timestamp>
			</report>
			<report>
				<misses>850200001</misses>
				<total>0</total>
				<timestamp>5366.111555</timestamp>
			</report>
			<report>
				<misses>850300001</misses>
				<total>0</total>
				<timestamp>5366.735202</timestamp>
			</report>
			<report>
				<misses>850400001</misses>
				<total>0</total>
				<timestamp>5367.385038</timestamp>
			</report>
			<report>
				<misses>850500001</misses>
				<total>0</total>
				<timestamp>5368.016923</timestamp>
			</report>
			<report>
				<misses>850600001</misses>
				<total>0</total>
				<timestamp>5368.642887</timestamp>
			</report>
			<report>
				<misses>850700001</misses>
				<total>0</total>
				<timestamp>5369.280020</timestamp>
			</report>
			<report>
				<misses>850800001</misses>
				<total>0</total>
				<timestamp>5369.908301</timestamp>
			</report>
			<report>
				<misses>850900001</misses>
				<total>0</total>
				<timestamp>5370.544083</timestamp>
			</report>
			<report>
				<misses>851000001</misses>
				<total>0</total>
				<timestamp>5371.168261</timestamp>
			</report>
			<report>
				<misses>851100001</misses>
				<total>0</total>
				<timestamp>5371.794848</timestamp>
			</report>
			<report>
				<misses>851200001</misses>
				<total>0</total>
				<timestamp>5372.425778</timestamp>
			</report>
			<report>
				<misses>851300001</misses>
				<total>0</total>
				<timestamp>5373.056310</timestamp>
			</report>
			<report>
				<misses>851400001</misses>
				<total>0</total>
				<timestamp>5373.686803</timestamp>
			</report>
			<report>
				<misses>851500001</misses>
				<total>0</total>
				<timestamp>5374.321386</timestamp>
			</report>
			<report>
				<misses>851600001</misses>
				<total>0</total>
				<timestamp>5374.944838</timestamp>
			</report>
			<report>
				<misses>851700001</misses>
				<total>0</total>
				<timestamp>5375.576300</timestamp>
			</report>
			<report>
				<misses>851800001</misses>
				<total>0</total>
				<timestamp>5376.205728</timestamp>
			</report>
			<report>
				<misses>851900001</misses>
				<total>0</total>
				<timestamp>5376.834113</timestamp>
			</report>
			<report>
				<misses>852000001</misses>
				<total>0</total>
				<timestamp>5377.464309</timestamp>
			</report>
			<report>
				<misses>852100001</misses>
				<total>0</total>
				<timestamp>5378.092128</timestamp>
			</report>
			<report>
				<misses>852200001</misses>
				<total>0</total>
				<timestamp>5378.717721</timestamp>
			</report>
			<report>
				<misses>852300001</misses>
				<total>0</total>
				<timestamp>5379.348894</timestamp>
			</report>
			<report>
				<misses>852400001</misses>
				<total>0</total>
				<timestamp>5379.980652</timestamp>
			</report>
			<report>
				<misses>852500001</misses>
				<total>0</total>
				<timestamp>5380.623273</timestamp>
			</report>
			<report>
				<misses>852600001</misses>
				<total>0</total>
				<timestamp>5381.255204</timestamp>
			</report>
			<report>
				<misses>852700001</misses>
				<total>0</total>
				<timestamp>5381.879084</timestamp>
			</report>
			<report>
				<misses>852800001</misses>
				<total>0</total>
				<timestamp>5382.509339</timestamp>
			</report>
			<report>
				<misses>852900001</misses>
				<total>0</total>
				<timestamp>5383.140812</timestamp>
			</report>
			<report>
				<misses>853000001</misses>
				<total>0</total>
				<timestamp>5383.765446</timestamp>
			</report>
			<report>
				<misses>853100001</misses>
				<total>0</total>
				<timestamp>5384.412841</timestamp>
			</report>
			<report>
				<misses>853200001</misses>
				<total>0</total>
				<timestamp>5385.036819</timestamp>
			</report>
			<report>
				<misses>853300001</misses>
				<total>0</total>
				<timestamp>5385.659420</timestamp>
			</report>
			<report>
				<misses>853400001</misses>
				<total>0</total>
				<timestamp>5386.287337</timestamp>
			</report>
			<report>
				<misses>853500001</misses>
				<total>0</total>
				<timestamp>5386.916591</timestamp>
			</report>
			<report>
				<misses>853600001</misses>
				<total>0</total>
				<timestamp>5387.552999</timestamp>
			</report>
			<report>
				<misses>853700001</misses>
				<total>0</total>
				<timestamp>5388.199745</timestamp>
			</report>
			<report>
				<misses>853800001</misses>
				<total>0</total>
				<timestamp>5388.825800</timestamp>
			</report>
			<report>
				<misses>853900001</misses>
				<total>0</total>
				<timestamp>5389.462307</timestamp>
			</report>
			<report>
				<misses>854000001</misses>
				<total>0</total>
				<timestamp>5390.103028</timestamp>
			</report>
			<report>
				<misses>854100001</misses>
				<total>0</total>
				<timestamp>5390.731275</timestamp>
			</report>
			<report>
				<misses>854200001</misses>
				<total>0</total>
				<timestamp>5391.369310</timestamp>
			</report>
			<report>
				<misses>854300001</misses>
				<total>0</total>
				<timestamp>5391.997342</timestamp>
			</report>
			<report>
				<misses>854400001</misses>
				<total>0</total>
				<timestamp>5392.624599</timestamp>
			</report>
			<report>
				<misses>854500001</misses>
				<total>0</total>
				<timestamp>5393.265657</timestamp>
			</report>
			<report>
				<misses>854600001</misses>
				<total>0</total>
				<timestamp>5393.897250</timestamp>
			</report>
			<report>
				<misses>854700001</misses>
				<total>0</total>
				<timestamp>5394.526872</timestamp>
			</report>
			<report>
				<misses>854800001</misses>
				<total>0</total>
				<timestamp>5395.154135</timestamp>
			</report>
			<report>
				<misses>854900001</misses>
				<total>0</total>
				<timestamp>5395.784323</timestamp>
			</report>
			<report>
				<misses>855000001</misses>
				<total>0</total>
				<timestamp>5396.408819</timestamp>
			</report>
			<report>
				<misses>855100001</misses>
				<total>0</total>
				<timestamp>5397.038836</timestamp>
			</report>
			<report>
				<misses>855200001</misses>
				<total>0</total>
				<timestamp>5397.666825</timestamp>
			</report>
			<report>
				<misses>855300001</misses>
				<total>0</total>
				<timestamp>5398.293860</timestamp>
			</report>
			<report>
				<misses>855400001</misses>
				<total>0</total>
				<timestamp>5398.923276</timestamp>
			</report>
			<report>
				<misses>855500001</misses>
				<total>0</total>
				<timestamp>5399.562102</timestamp>
			</report>
			<report>
				<misses>855600001</misses>
				<total>0</total>
				<timestamp>5400.191848</timestamp>
			</report>
			<report>
				<misses>855700001</misses>
				<total>0</total>
				<timestamp>5400.822809</timestamp>
			</report>
			<report>
				<misses>855800001</misses>
				<total>0</total>
				<timestamp>5401.452032</timestamp>
			</report>
			<report>
				<misses>855900001</misses>
				<total>0</total>
				<timestamp>5402.081180</timestamp>
			</report>
			<report>
				<misses>856000001</misses>
				<total>0</total>
				<timestamp>5402.708997</timestamp>
			</report>
			<report>
				<misses>856100001</misses>
				<total>0</total>
				<timestamp>5403.337029</timestamp>
			</report>
			<report>
				<misses>856200001</misses>
				<total>0</total>
				<timestamp>5403.970144</timestamp>
			</report>
			<report>
				<misses>856300001</misses>
				<total>0</total>
				<timestamp>5404.608390</timestamp>
			</report>
			<report>
				<misses>856400001</misses>
				<total>0</total>
				<timestamp>5405.241196</timestamp>
			</report>
			<report>
				<misses>856500001</misses>
				<total>0</total>
				<timestamp>5405.870069</timestamp>
			</report>
			<report>
				<misses>856600001</misses>
				<total>0</total>
				<timestamp>5406.501581</timestamp>
			</report>
			<report>
				<misses>856700001</misses>
				<total>0</total>
				<timestamp>5407.145445</timestamp>
			</report>
			<report>
				<misses>856800001</misses>
				<total>0</total>
				<timestamp>5407.777419</timestamp>
			</report>
			<report>
				<misses>856900001</misses>
				<total>0</total>
				<timestamp>5408.409841</timestamp>
			</report>
			<report>
				<misses>857000001</misses>
				<total>0</total>
				<timestamp>5409.038622</timestamp>
			</report>
			<report>
				<misses>857100001</misses>
				<total>0</total>
				<timestamp>5409.663571</timestamp>
			</report>
			<report>
				<misses>857200001</misses>
				<total>0</total>
				<timestamp>5410.301322</timestamp>
			</report>
			<report>
				<misses>857300001</misses>
				<total>0</total>
				<timestamp>5410.928825</timestamp>
			</report>
			<report>
				<misses>857400001</misses>
				<total>0</total>
				<timestamp>5411.557672</timestamp>
			</report>
			<report>
				<misses>857500001</misses>
				<total>0</total>
				<timestamp>5412.185147</timestamp>
			</report>
			<report>
				<misses>857600001</misses>
				<total>0</total>
				<timestamp>5412.813960</timestamp>
			</report>
			<report>
				<misses>857700001</misses>
				<total>0</total>
				<timestamp>5413.445818</timestamp>
			</report>
			<report>
				<misses>857800001</misses>
				<total>0</total>
				<timestamp>5414.072296</timestamp>
			</report>
			<report>
				<misses>857900001</misses>
				<total>0</total>
				<timestamp>5414.700880</timestamp>
			</report>
			<report>
				<misses>858000001</misses>
				<total>0</total>
				<timestamp>5415.336048</timestamp>
			</report>
			<report>
				<misses>858100001</misses>
				<total>0</total>
				<timestamp>5415.959176</timestamp>
			</report>
			<report>
				<misses>858200001</misses>
				<total>0</total>
				<timestamp>5416.585167</timestamp>
			</report>
			<report>
				<misses>858300001</misses>
				<total>0</total>
				<timestamp>5417.216382</timestamp>
			</report>
			<report>
				<misses>858400001</misses>
				<total>0</total>
				<timestamp>5417.846032</timestamp>
			</report>
			<report>
				<misses>858500001</misses>
				<total>0</total>
				<timestamp>5418.472861</timestamp>
			</report>
			<report>
				<misses>858600001</misses>
				<total>0</total>
				<timestamp>5419.110958</timestamp>
			</report>
			<report>
				<misses>858700001</misses>
				<total>0</total>
				<timestamp>5419.739746</timestamp>
			</report>
			<report>
				<misses>858800001</misses>
				<total>0</total>
				<timestamp>5420.368944</timestamp>
			</report>
			<report>
				<misses>858900001</misses>
				<total>0</total>
				<timestamp>5421.004854</timestamp>
			</report>
			<report>
				<misses>859000001</misses>
				<total>0</total>
				<timestamp>5421.641489</timestamp>
			</report>
			<report>
				<misses>859100001</misses>
				<total>0</total>
				<timestamp>5422.279803</timestamp>
			</report>
			<report>
				<misses>859200001</misses>
				<total>0</total>
				<timestamp>5422.911692</timestamp>
			</report>
			<report>
				<misses>859300001</misses>
				<total>0</total>
				<timestamp>5423.542870</timestamp>
			</report>
			<report>
				<misses>859400001</misses>
				<total>0</total>
				<timestamp>5424.175133</timestamp>
			</report>
			<report>
				<misses>859500001</misses>
				<total>0</total>
				<timestamp>5424.804468</timestamp>
			</report>
			<report>
				<misses>859600001</misses>
				<total>0</total>
				<timestamp>5425.441672</timestamp>
			</report>
			<report>
				<misses>859700001</misses>
				<total>0</total>
				<timestamp>5426.069975</timestamp>
			</report>
			<report>
				<misses>859800001</misses>
				<total>0</total>
				<timestamp>5426.703243</timestamp>
			</report>
			<report>
				<misses>859900001</misses>
				<total>0</total>
				<timestamp>5427.341654</timestamp>
			</report>
			<report>
				<misses>860000001</misses>
				<total>0</total>
				<timestamp>5427.981496</timestamp>
			</report>
			<report>
				<misses>860100001</misses>
				<total>0</total>
				<timestamp>5428.613602</timestamp>
			</report>
			<report>
				<misses>860200001</misses>
				<total>0</total>
				<timestamp>5429.241868</timestamp>
			</report>
			<report>
				<misses>860300001</misses>
				<total>0</total>
				<timestamp>5429.875875</timestamp>
			</report>
			<report>
				<misses>860400001</misses>
				<total>0</total>
				<timestamp>5430.515771</timestamp>
			</report>
			<report>
				<misses>860500001</misses>
				<total>0</total>
				<timestamp>5431.154540</timestamp>
			</report>
			<report>
				<misses>860600001</misses>
				<total>0</total>
				<timestamp>5431.784093</timestamp>
			</report>
			<report>
				<misses>860700001</misses>
				<total>0</total>
				<timestamp>5432.419043</timestamp>
			</report>
			<report>
				<misses>860800001</misses>
				<total>0</total>
				<timestamp>5433.059093</timestamp>
			</report>
			<report>
				<misses>860900001</misses>
				<total>0</total>
				<timestamp>5433.686166</timestamp>
			</report>
			<report>
				<misses>861000001</misses>
				<total>0</total>
				<timestamp>5434.311995</timestamp>
			</report>
			<report>
				<misses>861100001</misses>
				<total>0</total>
				<timestamp>5434.938750</timestamp>
			</report>
			<report>
				<misses>861200001</misses>
				<total>0</total>
				<timestamp>5435.568379</timestamp>
			</report>
			<report>
				<misses>861300001</misses>
				<total>0</total>
				<timestamp>5436.195763</timestamp>
			</report>
			<report>
				<misses>861400001</misses>
				<total>0</total>
				<timestamp>5436.830296</timestamp>
			</report>
			<report>
				<misses>861500001</misses>
				<total>0</total>
				<timestamp>5437.475937</timestamp>
			</report>
			<report>
				<misses>861600001</misses>
				<total>0</total>
				<timestamp>5438.102215</timestamp>
			</report>
			<report>
				<misses>861700001</misses>
				<total>0</total>
				<timestamp>5438.730377</timestamp>
			</report>
			<report>
				<misses>861800001</misses>
				<total>0</total>
				<timestamp>5439.358963</timestamp>
			</report>
			<report>
				<misses>861900001</misses>
				<total>0</total>
				<timestamp>5439.985882</timestamp>
			</report>
			<report>
				<misses>862000001</misses>
				<total>0</total>
				<timestamp>5440.615512</timestamp>
			</report>
			<report>
				<misses>862100001</misses>
				<total>0</total>
				<timestamp>5441.245180</timestamp>
			</report>
			<report>
				<misses>862200001</misses>
				<total>0</total>
				<timestamp>5441.873343</timestamp>
			</report>
			<report>
				<misses>862300001</misses>
				<total>0</total>
				<timestamp>5442.503202</timestamp>
			</report>
			<report>
				<misses>862400001</misses>
				<total>0</total>
				<timestamp>5443.130816</timestamp>
			</report>
			<report>
				<misses>862500001</misses>
				<total>0</total>
				<timestamp>5443.771278</timestamp>
			</report>
			<report>
				<misses>862600001</misses>
				<total>0</total>
				<timestamp>5444.407019</timestamp>
			</report>
			<report>
				<misses>862700001</misses>
				<total>0</total>
				<timestamp>5445.043825</timestamp>
			</report>
			<report>
				<misses>862800001</misses>
				<total>0</total>
				<timestamp>5445.681216</timestamp>
			</report>
			<report>
				<misses>862900001</misses>
				<total>0</total>
				<timestamp>5446.310109</timestamp>
			</report>
			<report>
				<misses>863000001</misses>
				<total>0</total>
				<timestamp>5446.936858</timestamp>
			</report>
			<report>
				<misses>863100001</misses>
				<total>0</total>
				<timestamp>5447.569589</timestamp>
			</report>
			<report>
				<misses>863200001</misses>
				<total>0</total>
				<timestamp>5448.211002</timestamp>
			</report>
			<report>
				<misses>863300001</misses>
				<total>0</total>
				<timestamp>5448.844188</timestamp>
			</report>
			<report>
				<misses>863400001</misses>
				<total>0</total>
				<timestamp>5449.485612</timestamp>
			</report>
			<report>
				<misses>863500001</misses>
				<total>0</total>
				<timestamp>5450.122665</timestamp>
			</report>
			<report>
				<misses>863600001</misses>
				<total>0</total>
				<timestamp>5450.765626</timestamp>
			</report>
			<report>
				<misses>863700001</misses>
				<total>0</total>
				<timestamp>5451.394409</timestamp>
			</report>
			<report>
				<misses>863800001</misses>
				<total>0</total>
				<timestamp>5452.028398</timestamp>
			</report>
			<report>
				<misses>863900001</misses>
				<total>0</total>
				<timestamp>5452.654854</timestamp>
			</report>
			<report>
				<misses>864000001</misses>
				<total>0</total>
				<timestamp>5453.281308</timestamp>
			</report>
			<report>
				<misses>864100001</misses>
				<total>0</total>
				<timestamp>5453.918957</timestamp>
			</report>
			<report>
				<misses>864200001</misses>
				<total>0</total>
				<timestamp>5454.552597</timestamp>
			</report>
			<report>
				<misses>864300001</misses>
				<total>0</total>
				<timestamp>5455.184834</timestamp>
			</report>
			<report>
				<misses>864400001</misses>
				<total>0</total>
				<timestamp>5455.816340</timestamp>
			</report>
			<report>
				<misses>864500001</misses>
				<total>0</total>
				<timestamp>5456.448552</timestamp>
			</report>
			<report>
				<misses>864600001</misses>
				<total>0</total>
				<timestamp>5457.088693</timestamp>
			</report>
			<report>
				<misses>864700001</misses>
				<total>0</total>
				<timestamp>5457.719496</timestamp>
			</report>
			<report>
				<misses>864800001</misses>
				<total>0</total>
				<timestamp>5458.356422</timestamp>
			</report>
			<report>
				<misses>864900001</misses>
				<total>0</total>
				<timestamp>5458.989205</timestamp>
			</report>
			<report>
				<misses>865000001</misses>
				<total>0</total>
				<timestamp>5459.632638</timestamp>
			</report>
			<report>
				<misses>865100001</misses>
				<total>0</total>
				<timestamp>5460.261364</timestamp>
			</report>
			<report>
				<misses>865200001</misses>
				<total>0</total>
				<timestamp>5460.902228</timestamp>
			</report>
			<report>
				<misses>865300001</misses>
				<total>0</total>
				<timestamp>5461.542559</timestamp>
			</report>
			<report>
				<misses>865400001</misses>
				<total>0</total>
				<timestamp>5462.172525</timestamp>
			</report>
			<report>
				<misses>865500001</misses>
				<total>0</total>
				<timestamp>5462.803925</timestamp>
			</report>
			<report>
				<misses>865600001</misses>
				<total>0</total>
				<timestamp>5463.434061</timestamp>
			</report>
			<report>
				<misses>865700001</misses>
				<total>0</total>
				<timestamp>5464.065993</timestamp>
			</report>
			<report>
				<misses>865800001</misses>
				<total>0</total>
				<timestamp>5464.694014</timestamp>
			</report>
			<report>
				<misses>865900001</misses>
				<total>0</total>
				<timestamp>5465.328390</timestamp>
			</report>
			<report>
				<misses>866000001</misses>
				<total>0</total>
				<timestamp>5465.958344</timestamp>
			</report>
			<report>
				<misses>866100001</misses>
				<total>0</total>
				<timestamp>5466.596904</timestamp>
			</report>
			<report>
				<misses>866200001</misses>
				<total>0</total>
				<timestamp>5467.237416</timestamp>
			</report>
			<report>
				<misses>866300001</misses>
				<total>0</total>
				<timestamp>5467.869556</timestamp>
			</report>
			<report>
				<misses>866400001</misses>
				<total>0</total>
				<timestamp>5468.504235</timestamp>
			</report>
			<report>
				<misses>866500001</misses>
				<total>0</total>
				<timestamp>5469.140051</timestamp>
			</report>
			<report>
				<misses>866600001</misses>
				<total>0</total>
				<timestamp>5469.775606</timestamp>
			</report>
			<report>
				<misses>866700001</misses>
				<total>0</total>
				<timestamp>5470.408772</timestamp>
			</report>
			<report>
				<misses>866800001</misses>
				<total>0</total>
				<timestamp>5471.043820</timestamp>
			</report>
			<report>
				<misses>866900001</misses>
				<total>0</total>
				<timestamp>5471.672720</timestamp>
			</report>
			<report>
				<misses>867000001</misses>
				<total>0</total>
				<timestamp>5472.301606</timestamp>
			</report>
			<report>
				<misses>867100001</misses>
				<total>0</total>
				<timestamp>5472.935633</timestamp>
			</report>
			<report>
				<misses>867200001</misses>
				<total>0</total>
				<timestamp>5473.564957</timestamp>
			</report>
			<report>
				<misses>867300001</misses>
				<total>0</total>
				<timestamp>5474.190551</timestamp>
			</report>
			<report>
				<misses>867400001</misses>
				<total>0</total>
				<timestamp>5474.818605</timestamp>
			</report>
			<report>
				<misses>867500001</misses>
				<total>0</total>
				<timestamp>5475.445807</timestamp>
			</report>
			<report>
				<misses>867600001</misses>
				<total>0</total>
				<timestamp>5476.076954</timestamp>
			</report>
			<report>
				<misses>867700001</misses>
				<total>0</total>
				<timestamp>5476.712300</timestamp>
			</report>
			<report>
				<misses>867800001</misses>
				<total>0</total>
				<timestamp>5477.358782</timestamp>
			</report>
			<report>
				<misses>867900001</misses>
				<total>0</total>
				<timestamp>5477.992490</timestamp>
			</report>
			<report>
				<misses>868000001</misses>
				<total>0</total>
				<timestamp>5478.626188</timestamp>
			</report>
			<report>
				<misses>868100001</misses>
				<total>0</total>
				<timestamp>5479.252807</timestamp>
			</report>
			<report>
				<misses>868200001</misses>
				<total>0</total>
				<timestamp>5479.877493</timestamp>
			</report>
			<report>
				<misses>868300001</misses>
				<total>0</total>
				<timestamp>5480.507369</timestamp>
			</report>
			<report>
				<misses>868400001</misses>
				<total>0</total>
				<timestamp>5481.137053</timestamp>
			</report>
			<report>
				<misses>868500001</misses>
				<total>0</total>
				<timestamp>5481.769710</timestamp>
			</report>
			<report>
				<misses>868600001</misses>
				<total>0</total>
				<timestamp>5482.401240</timestamp>
			</report>
			<report>
				<misses>868700001</misses>
				<total>0</total>
				<timestamp>5483.028532</timestamp>
			</report>
			<report>
				<misses>868800001</misses>
				<total>0</total>
				<timestamp>5483.652016</timestamp>
			</report>
			<report>
				<misses>868900001</misses>
				<total>0</total>
				<timestamp>5484.284516</timestamp>
			</report>
			<report>
				<misses>869000001</misses>
				<total>0</total>
				<timestamp>5484.916470</timestamp>
			</report>
			<report>
				<misses>869100001</misses>
				<total>0</total>
				<timestamp>5485.558377</timestamp>
			</report>
			<report>
				<misses>869200001</misses>
				<total>0</total>
				<timestamp>5486.192116</timestamp>
			</report>
			<report>
				<misses>869300001</misses>
				<total>0</total>
				<timestamp>5486.817413</timestamp>
			</report>
			<report>
				<misses>869400001</misses>
				<total>0</total>
				<timestamp>5487.438915</timestamp>
			</report>
			<report>
				<misses>869500001</misses>
				<total>0</total>
				<timestamp>5488.072063</timestamp>
			</report>
			<report>
				<misses>869600001</misses>
				<total>0</total>
				<timestamp>5488.705781</timestamp>
			</report>
			<report>
				<misses>869700001</misses>
				<total>0</total>
				<timestamp>5489.345439</timestamp>
			</report>
			<report>
				<misses>869800001</misses>
				<total>0</total>
				<timestamp>5489.973517</timestamp>
			</report>
			<report>
				<misses>869900001</misses>
				<total>0</total>
				<timestamp>5490.606904</timestamp>
			</report>
			<report>
				<misses>870000001</misses>
				<total>0</total>
				<timestamp>5491.230456</timestamp>
			</report>
			<report>
				<misses>870100001</misses>
				<total>0</total>
				<timestamp>5491.857932</timestamp>
			</report>
			<report>
				<misses>870200001</misses>
				<total>0</total>
				<timestamp>5492.495231</timestamp>
			</report>
			<report>
				<misses>870300001</misses>
				<total>0</total>
				<timestamp>5493.127750</timestamp>
			</report>
			<report>
				<misses>870400001</misses>
				<total>0</total>
				<timestamp>5493.773767</timestamp>
			</report>
			<report>
				<misses>870500001</misses>
				<total>0</total>
				<timestamp>5494.410928</timestamp>
			</report>
			<report>
				<misses>870600001</misses>
				<total>0</total>
				<timestamp>5495.051539</timestamp>
			</report>
			<report>
				<misses>870700001</misses>
				<total>0</total>
				<timestamp>5495.677908</timestamp>
			</report>
			<report>
				<misses>870800001</misses>
				<total>0</total>
				<timestamp>5496.308628</timestamp>
			</report>
			<report>
				<misses>870900001</misses>
				<total>0</total>
				<timestamp>5496.952829</timestamp>
			</report>
			<report>
				<misses>871000001</misses>
				<total>0</total>
				<timestamp>5497.587316</timestamp>
			</report>
			<report>
				<misses>871100001</misses>
				<total>0</total>
				<timestamp>5498.213478</timestamp>
			</report>
			<report>
				<misses>871200001</misses>
				<total>0</total>
				<timestamp>5498.840851</timestamp>
			</report>
			<report>
				<misses>871300001</misses>
				<total>0</total>
				<timestamp>5499.465058</timestamp>
			</report>
			<report>
				<misses>871400001</misses>
				<total>0</total>
				<timestamp>5500.091729</timestamp>
			</report>
			<report>
				<misses>871500001</misses>
				<total>0</total>
				<timestamp>5500.719205</timestamp>
			</report>
			<report>
				<misses>871600001</misses>
				<total>0</total>
				<timestamp>5501.347236</timestamp>
			</report>
			<report>
				<misses>871700001</misses>
				<total>0</total>
				<timestamp>5501.971038</timestamp>
			</report>
			<report>
				<misses>871800001</misses>
				<total>0</total>
				<timestamp>5502.603995</timestamp>
			</report>
			<report>
				<misses>871900001</misses>
				<total>0</total>
				<timestamp>5503.231198</timestamp>
			</report>
			<report>
				<misses>872000001</misses>
				<total>0</total>
				<timestamp>5503.855027</timestamp>
			</report>
			<report>
				<misses>872100001</misses>
				<total>0</total>
				<timestamp>5504.487477</timestamp>
			</report>
			<report>
				<misses>872200001</misses>
				<total>0</total>
				<timestamp>5505.134143</timestamp>
			</report>
			<report>
				<misses>872300001</misses>
				<total>0</total>
				<timestamp>5505.758417</timestamp>
			</report>
			<report>
				<misses>872400001</misses>
				<total>0</total>
				<timestamp>5506.388762</timestamp>
			</report>
			<report>
				<misses>872500001</misses>
				<total>0</total>
				<timestamp>5507.032846</timestamp>
			</report>
			<report>
				<misses>872600001</misses>
				<total>0</total>
				<timestamp>5507.659706</timestamp>
			</report>
			<report>
				<misses>872700001</misses>
				<total>0</total>
				<timestamp>5508.312114</timestamp>
			</report>
			<report>
				<misses>872800001</misses>
				<total>0</total>
				<timestamp>5508.947635</timestamp>
			</report>
			<report>
				<misses>872900001</misses>
				<total>0</total>
				<timestamp>5509.574463</timestamp>
			</report>
			<report>
				<misses>873000001</misses>
				<total>0</total>
				<timestamp>5510.200622</timestamp>
			</report>
			<report>
				<misses>873100001</misses>
				<total>0</total>
				<timestamp>5510.826845</timestamp>
			</report>
			<report>
				<misses>873200001</misses>
				<total>0</total>
				<timestamp>5511.459108</timestamp>
			</report>
			<report>
				<misses>873300001</misses>
				<total>0</total>
				<timestamp>5512.090101</timestamp>
			</report>
			<report>
				<misses>873400001</misses>
				<total>0</total>
				<timestamp>5512.715477</timestamp>
			</report>
			<report>
				<misses>873500001</misses>
				<total>0</total>
				<timestamp>5513.341937</timestamp>
			</report>
			<report>
				<misses>873600001</misses>
				<total>0</total>
				<timestamp>5513.967812</timestamp>
			</report>
			<report>
				<misses>873700001</misses>
				<total>0</total>
				<timestamp>5514.593768</timestamp>
			</report>
			<report>
				<misses>873800001</misses>
				<total>0</total>
				<timestamp>5515.221646</timestamp>
			</report>
			<report>
				<misses>873900001</misses>
				<total>0</total>
				<timestamp>5515.860204</timestamp>
			</report>
			<report>
				<misses>874000001</misses>
				<total>0</total>
				<timestamp>5516.506748</timestamp>
			</report>
			<report>
				<misses>874100001</misses>
				<total>0</total>
				<timestamp>5517.134317</timestamp>
			</report>
			<report>
				<misses>874200001</misses>
				<total>0</total>
				<timestamp>5517.766447</timestamp>
			</report>
			<report>
				<misses>874300001</misses>
				<total>0</total>
				<timestamp>5518.393447</timestamp>
			</report>
			<report>
				<misses>874400001</misses>
				<total>0</total>
				<timestamp>5519.028219</timestamp>
			</report>
			<report>
				<misses>874500001</misses>
				<total>0</total>
				<timestamp>5519.668957</timestamp>
			</report>
			<report>
				<misses>874600001</misses>
				<total>0</total>
				<timestamp>5520.297797</timestamp>
			</report>
			<report>
				<misses>874700001</misses>
				<total>0</total>
				<timestamp>5520.940455</timestamp>
			</report>
			<report>
				<misses>874800001</misses>
				<total>0</total>
				<timestamp>5521.573274</timestamp>
			</report>
			<report>
				<misses>874900001</misses>
				<total>0</total>
				<timestamp>5522.220842</timestamp>
			</report>
			<report>
				<misses>875000001</misses>
				<total>0</total>
				<timestamp>5522.854286</timestamp>
			</report>
			<report>
				<misses>875100001</misses>
				<total>0</total>
				<timestamp>5523.483424</timestamp>
			</report>
			<report>
				<misses>875200001</misses>
				<total>0</total>
				<timestamp>5524.132513</timestamp>
			</report>
			<report>
				<misses>875300001</misses>
				<total>0</total>
				<timestamp>5524.756338</timestamp>
			</report>
			<report>
				<misses>875400001</misses>
				<total>0</total>
				<timestamp>5525.377861</timestamp>
			</report>
			<report>
				<misses>875500001</misses>
				<total>0</total>
				<timestamp>5526.019829</timestamp>
			</report>
			<report>
				<misses>875600001</misses>
				<total>0</total>
				<timestamp>5526.663701</timestamp>
			</report>
			<report>
				<misses>875700001</misses>
				<total>0</total>
				<timestamp>5527.298553</timestamp>
			</report>
			<report>
				<misses>875800001</misses>
				<total>0</total>
				<timestamp>5527.935900</timestamp>
			</report>
			<report>
				<misses>875900001</misses>
				<total>0</total>
				<timestamp>5528.564231</timestamp>
			</report>
			<report>
				<misses>876000001</misses>
				<total>0</total>
				<timestamp>5529.191904</timestamp>
			</report>
			<report>
				<misses>876100001</misses>
				<total>0</total>
				<timestamp>5529.813330</timestamp>
			</report>
			<report>
				<misses>876200001</misses>
				<total>0</total>
				<timestamp>5530.444884</timestamp>
			</report>
			<report>
				<misses>876300001</misses>
				<total>0</total>
				<timestamp>5531.080353</timestamp>
			</report>
			<report>
				<misses>876400001</misses>
				<total>0</total>
				<timestamp>5531.708269</timestamp>
			</report>
			<report>
				<misses>876500001</misses>
				<total>0</total>
				<timestamp>5532.346894</timestamp>
			</report>
			<report>
				<misses>876600001</misses>
				<total>0</total>
				<timestamp>5532.969914</timestamp>
			</report>
			<report>
				<misses>876700001</misses>
				<total>0</total>
				<timestamp>5533.596922</timestamp>
			</report>
			<report>
				<misses>876800001</misses>
				<total>0</total>
				<timestamp>5534.241589</timestamp>
			</report>
			<report>
				<misses>876900001</misses>
				<total>0</total>
				<timestamp>5534.870252</timestamp>
			</report>
			<report>
				<misses>877000001</misses>
				<total>0</total>
				<timestamp>5535.508681</timestamp>
			</report>
			<report>
				<misses>877100001</misses>
				<total>0</total>
				<timestamp>5536.138541</timestamp>
			</report>
			<report>
				<misses>877200001</misses>
				<total>0</total>
				<timestamp>5536.776438</timestamp>
			</report>
			<report>
				<misses>877300001</misses>
				<total>0</total>
				<timestamp>5537.405240</timestamp>
			</report>
			<report>
				<misses>877400001</misses>
				<total>0</total>
				<timestamp>5538.032814</timestamp>
			</report>
			<report>
				<misses>877500001</misses>
				<total>0</total>
				<timestamp>5538.662244</timestamp>
			</report>
			<report>
				<misses>877600001</misses>
				<total>0</total>
				<timestamp>5539.292224</timestamp>
			</report>
			<report>
				<misses>877700001</misses>
				<total>0</total>
				<timestamp>5539.920147</timestamp>
			</report>
			<report>
				<misses>877800001</misses>
				<total>0</total>
				<timestamp>5540.549716</timestamp>
			</report>
			<report>
				<misses>877900001</misses>
				<total>0</total>
				<timestamp>5541.178483</timestamp>
			</report>
			<report>
				<misses>878000001</misses>
				<total>0</total>
				<timestamp>5541.807813</timestamp>
			</report>
			<report>
				<misses>878100001</misses>
				<total>0</total>
				<timestamp>5542.444793</timestamp>
			</report>
			<report>
				<misses>878200001</misses>
				<total>0</total>
				<timestamp>5543.073523</timestamp>
			</report>
			<report>
				<misses>878300001</misses>
				<total>0</total>
				<timestamp>5543.698738</timestamp>
			</report>
			<report>
				<misses>878400001</misses>
				<total>0</total>
				<timestamp>5544.326160</timestamp>
			</report>
			<report>
				<misses>878500001</misses>
				<total>0</total>
				<timestamp>5544.951796</timestamp>
			</report>
			<report>
				<misses>878600001</misses>
				<total>0</total>
				<timestamp>5545.576531</timestamp>
			</report>
			<report>
				<misses>878700001</misses>
				<total>0</total>
				<timestamp>5546.208095</timestamp>
			</report>
			<report>
				<misses>878800001</misses>
				<total>0</total>
				<timestamp>5546.833601</timestamp>
			</report>
			<report>
				<misses>878900001</misses>
				<total>0</total>
				<timestamp>5547.465405</timestamp>
			</report>
			<report>
				<misses>879000001</misses>
				<total>0</total>
				<timestamp>5548.100022</timestamp>
			</report>
			<report>
				<misses>879100001</misses>
				<total>0</total>
				<timestamp>5548.729239</timestamp>
			</report>
			<report>
				<misses>879200001</misses>
				<total>0</total>
				<timestamp>5549.355439</timestamp>
			</report>
			<report>
				<misses>879300001</misses>
				<total>0</total>
				<timestamp>5549.984122</timestamp>
			</report>
			<report>
				<misses>879400001</misses>
				<total>0</total>
				<timestamp>5550.630402</timestamp>
			</report>
			<report>
				<misses>879500001</misses>
				<total>0</total>
				<timestamp>5551.257949</timestamp>
			</report>
			<report>
				<misses>879600001</misses>
				<total>0</total>
				<timestamp>5551.880177</timestamp>
			</report>
			<report>
				<misses>879700001</misses>
				<total>0</total>
				<timestamp>5552.523472</timestamp>
			</report>
			<report>
				<misses>879800001</misses>
				<total>0</total>
				<timestamp>5553.152153</timestamp>
			</report>
			<report>
				<misses>879900001</misses>
				<total>0</total>
				<timestamp>5553.775002</timestamp>
			</report>
			<report>
				<misses>880000001</misses>
				<total>0</total>
				<timestamp>5554.399121</timestamp>
			</report>
			<report>
				<misses>880100001</misses>
				<total>0</total>
				<timestamp>5555.026333</timestamp>
			</report>
			<report>
				<misses>880200001</misses>
				<total>0</total>
				<timestamp>5555.655742</timestamp>
			</report>
			<report>
				<misses>880300001</misses>
				<total>0</total>
				<timestamp>5556.302830</timestamp>
			</report>
			<report>
				<misses>880400001</misses>
				<total>0</total>
				<timestamp>5556.930586</timestamp>
			</report>
			<report>
				<misses>880500001</misses>
				<total>0</total>
				<timestamp>5557.560102</timestamp>
			</report>
			<report>
				<misses>880600001</misses>
				<total>0</total>
				<timestamp>5558.187990</timestamp>
			</report>
			<report>
				<misses>880700001</misses>
				<total>0</total>
				<timestamp>5558.820071</timestamp>
			</report>
			<report>
				<misses>880800001</misses>
				<total>0</total>
				<timestamp>5559.447154</timestamp>
			</report>
			<report>
				<misses>880900001</misses>
				<total>0</total>
				<timestamp>5560.076329</timestamp>
			</report>
			<report>
				<misses>881000001</misses>
				<total>0</total>
				<timestamp>5560.705212</timestamp>
			</report>
			<report>
				<misses>881100001</misses>
				<total>0</total>
				<timestamp>5561.332041</timestamp>
			</report>
			<report>
				<misses>881200001</misses>
				<total>0</total>
				<timestamp>5561.963069</timestamp>
			</report>
			<report>
				<misses>881300001</misses>
				<total>0</total>
				<timestamp>5562.594763</timestamp>
			</report>
			<report>
				<misses>881400001</misses>
				<total>0</total>
				<timestamp>5563.225132</timestamp>
			</report>
			<report>
				<misses>881500001</misses>
				<total>0</total>
				<timestamp>5563.853863</timestamp>
			</report>
			<report>
				<misses>881600001</misses>
				<total>0</total>
				<timestamp>5564.487433</timestamp>
			</report>
			<report>
				<misses>881700001</misses>
				<total>0</total>
				<timestamp>5565.117340</timestamp>
			</report>
			<report>
				<misses>881800001</misses>
				<total>0</total>
				<timestamp>5565.741164</timestamp>
			</report>
			<report>
				<misses>881900001</misses>
				<total>0</total>
				<timestamp>5566.375027</timestamp>
			</report>
			<report>
				<misses>882000001</misses>
				<total>0</total>
				<timestamp>5567.022636</timestamp>
			</report>
			<report>
				<misses>882100001</misses>
				<total>0</total>
				<timestamp>5567.651235</timestamp>
			</report>
			<report>
				<misses>882200001</misses>
				<total>0</total>
				<timestamp>5568.283599</timestamp>
			</report>
			<report>
				<misses>882300001</misses>
				<total>0</total>
				<timestamp>5568.908153</timestamp>
			</report>
			<report>
				<misses>882400001</misses>
				<total>0</total>
				<timestamp>5569.532957</timestamp>
			</report>
			<report>
				<misses>882500001</misses>
				<total>0</total>
				<timestamp>5570.162001</timestamp>
			</report>
			<report>
				<misses>882600001</misses>
				<total>0</total>
				<timestamp>5570.788337</timestamp>
			</report>
			<report>
				<misses>882700001</misses>
				<total>0</total>
				<timestamp>5571.418681</timestamp>
			</report>
			<report>
				<misses>882800001</misses>
				<total>0</total>
				<timestamp>5572.046339</timestamp>
			</report>
			<report>
				<misses>882900001</misses>
				<total>0</total>
				<timestamp>5572.673288</timestamp>
			</report>
			<report>
				<misses>883000001</misses>
				<total>0</total>
				<timestamp>5573.305764</timestamp>
			</report>
			<report>
				<misses>883100001</misses>
				<total>0</total>
				<timestamp>5573.948348</timestamp>
			</report>
			<report>
				<misses>883200001</misses>
				<total>0</total>
				<timestamp>5574.583348</timestamp>
			</report>
			<report>
				<misses>883300001</misses>
				<total>0</total>
				<timestamp>5575.226266</timestamp>
			</report>
			<report>
				<misses>883400001</misses>
				<total>0</total>
				<timestamp>5575.856711</timestamp>
			</report>
			<report>
				<misses>883500001</misses>
				<total>0</total>
				<timestamp>5576.486904</timestamp>
			</report>
			<report>
				<misses>883600001</misses>
				<total>0</total>
				<timestamp>5577.110320</timestamp>
			</report>
			<report>
				<misses>883700001</misses>
				<total>0</total>
				<timestamp>5577.745621</timestamp>
			</report>
			<report>
				<misses>883800001</misses>
				<total>0</total>
				<timestamp>5578.378428</timestamp>
			</report>
			<report>
				<misses>883900001</misses>
				<total>0</total>
				<timestamp>5579.006344</timestamp>
			</report>
			<report>
				<misses>884000001</misses>
				<total>0</total>
				<timestamp>5579.638509</timestamp>
			</report>
			<report>
				<misses>884100001</misses>
				<total>0</total>
				<timestamp>5580.265857</timestamp>
			</report>
			<report>
				<misses>884200001</misses>
				<total>0</total>
				<timestamp>5580.896522</timestamp>
			</report>
			<report>
				<misses>884300001</misses>
				<total>0</total>
				<timestamp>5581.525522</timestamp>
			</report>
			<report>
				<misses>884400001</misses>
				<total>0</total>
				<timestamp>5582.159815</timestamp>
			</report>
			<report>
				<misses>884500001</misses>
				<total>0</total>
				<timestamp>5582.783929</timestamp>
			</report>
			<report>
				<misses>884600001</misses>
				<total>0</total>
				<timestamp>5583.404371</timestamp>
			</report>
			<report>
				<misses>884700001</misses>
				<total>0</total>
				<timestamp>5584.031775</timestamp>
			</report>
			<report>
				<misses>884800001</misses>
				<total>0</total>
				<timestamp>5584.660834</timestamp>
			</report>
			<report>
				<misses>884900001</misses>
				<total>0</total>
				<timestamp>5585.285508</timestamp>
			</report>
			<report>
				<misses>885000001</misses>
				<total>0</total>
				<timestamp>5585.910795</timestamp>
			</report>
			<report>
				<misses>885100001</misses>
				<total>0</total>
				<timestamp>5586.546636</timestamp>
			</report>
			<report>
				<misses>885200001</misses>
				<total>0</total>
				<timestamp>5587.176458</timestamp>
			</report>
			<report>
				<misses>885300001</misses>
				<total>0</total>
				<timestamp>5587.807055</timestamp>
			</report>
			<report>
				<misses>885400001</misses>
				<total>0</total>
				<timestamp>5588.432236</timestamp>
			</report>
			<report>
				<misses>885500001</misses>
				<total>0</total>
				<timestamp>5589.060289</timestamp>
			</report>
			<report>
				<misses>885600001</misses>
				<total>0</total>
				<timestamp>5589.692970</timestamp>
			</report>
			<report>
				<misses>885700001</misses>
				<total>0</total>
				<timestamp>5590.319786</timestamp>
			</report>
			<report>
				<misses>885800001</misses>
				<total>0</total>
				<timestamp>5590.946671</timestamp>
			</report>
			<report>
				<misses>885900001</misses>
				<total>0</total>
				<timestamp>5591.578800</timestamp>
			</report>
			<report>
				<misses>886000001</misses>
				<total>0</total>
				<timestamp>5592.212868</timestamp>
			</report>
			<report>
				<misses>886100001</misses>
				<total>0</total>
				<timestamp>5592.841441</timestamp>
			</report>
			<report>
				<misses>886200001</misses>
				<total>0</total>
				<timestamp>5593.470671</timestamp>
			</report>
			<report>
				<misses>886300001</misses>
				<total>0</total>
				<timestamp>5594.098658</timestamp>
			</report>
			<report>
				<misses>886400001</misses>
				<total>0</total>
				<timestamp>5594.726658</timestamp>
			</report>
			<report>
				<misses>886500001</misses>
				<total>0</total>
				<timestamp>5595.350969</timestamp>
			</report>
			<report>
				<misses>886600001</misses>
				<total>0</total>
				<timestamp>5595.975198</timestamp>
			</report>
			<report>
				<misses>886700001</misses>
				<total>0</total>
				<timestamp>5596.601877</timestamp>
			</report>
			<report>
				<misses>886800001</misses>
				<total>0</total>
				<timestamp>5597.236172</timestamp>
			</report>
			<report>
				<misses>886900001</misses>
				<total>0</total>
				<timestamp>5597.864016</timestamp>
			</report>
			<report>
				<misses>887000001</misses>
				<total>0</total>
				<timestamp>5598.495876</timestamp>
			</report>
			<report>
				<misses>887100001</misses>
				<total>0</total>
				<timestamp>5599.125999</timestamp>
			</report>
			<report>
				<misses>887200001</misses>
				<total>0</total>
				<timestamp>5599.752554</timestamp>
			</report>
			<report>
				<misses>887300001</misses>
				<total>0</total>
				<timestamp>5600.382942</timestamp>
			</report>
			<report>
				<misses>887400001</misses>
				<total>0</total>
				<timestamp>5601.014061</timestamp>
			</report>
			<report>
				<misses>887500001</misses>
				<total>0</total>
				<timestamp>5601.640261</timestamp>
			</report>
			<report>
				<misses>887600001</misses>
				<total>0</total>
				<timestamp>5602.270050</timestamp>
			</report>
			<report>
				<misses>887700001</misses>
				<total>0</total>
				<timestamp>5602.896643</timestamp>
			</report>
			<report>
				<misses>887800001</misses>
				<total>0</total>
				<timestamp>5603.523288</timestamp>
			</report>
			<report>
				<misses>887900001</misses>
				<total>0</total>
				<timestamp>5604.164723</timestamp>
			</report>
			<report>
				<misses>888000001</misses>
				<total>0</total>
				<timestamp>5604.798391</timestamp>
			</report>
			<report>
				<misses>888100001</misses>
				<total>0</total>
				<timestamp>5605.429492</timestamp>
			</report>
			<report>
				<misses>888200001</misses>
				<total>0</total>
				<timestamp>5606.056691</timestamp>
			</report>
			<report>
				<misses>888300001</misses>
				<total>0</total>
				<timestamp>5606.691968</timestamp>
			</report>
			<report>
				<misses>888400001</misses>
				<total>0</total>
				<timestamp>5607.321703</timestamp>
			</report>
			<report>
				<misses>888500001</misses>
				<total>0</total>
				<timestamp>5607.946463</timestamp>
			</report>
			<report>
				<misses>888600001</misses>
				<total>0</total>
				<timestamp>5608.585278</timestamp>
			</report>
			<report>
				<misses>888700001</misses>
				<total>0</total>
				<timestamp>5609.215186</timestamp>
			</report>
			<report>
				<misses>888800001</misses>
				<total>0</total>
				<timestamp>5609.853318</timestamp>
			</report>
			<report>
				<misses>888900001</misses>
				<total>0</total>
				<timestamp>5610.481611</timestamp>
			</report>
			<report>
				<misses>889000001</misses>
				<total>0</total>
				<timestamp>5611.105325</timestamp>
			</report>
			<report>
				<misses>889100001</misses>
				<total>0</total>
				<timestamp>5611.732591</timestamp>
			</report>
			<report>
				<misses>889200001</misses>
				<total>0</total>
				<timestamp>5612.356616</timestamp>
			</report>
			<report>
				<misses>889300001</misses>
				<total>0</total>
				<timestamp>5612.982691</timestamp>
			</report>
			<report>
				<misses>889400001</misses>
				<total>0</total>
				<timestamp>5613.602261</timestamp>
			</report>
			<report>
				<misses>889500001</misses>
				<total>0</total>
				<timestamp>5614.236443</timestamp>
			</report>
			<report>
				<misses>889600001</misses>
				<total>0</total>
				<timestamp>5614.865969</timestamp>
			</report>
			<report>
				<misses>889700001</misses>
				<total>0</total>
				<timestamp>5615.518776</timestamp>
			</report>
			<report>
				<misses>889800001</misses>
				<total>0</total>
				<timestamp>5616.145398</timestamp>
			</report>
			<report>
				<misses>889900001</misses>
				<total>0</total>
				<timestamp>5616.768728</timestamp>
			</report>
			<report>
				<misses>890000001</misses>
				<total>0</total>
				<timestamp>5617.395474</timestamp>
			</report>
			<report>
				<misses>890100001</misses>
				<total>0</total>
				<timestamp>5618.027702</timestamp>
			</report>
			<report>
				<misses>890200001</misses>
				<total>0</total>
				<timestamp>5618.657426</timestamp>
			</report>
			<report>
				<misses>890300001</misses>
				<total>0</total>
				<timestamp>5619.279254</timestamp>
			</report>
			<report>
				<misses>890400001</misses>
				<total>0</total>
				<timestamp>5619.902732</timestamp>
			</report>
			<report>
				<misses>890500001</misses>
				<total>0</total>
				<timestamp>5620.535789</timestamp>
			</report>
			<report>
				<misses>890600001</misses>
				<total>0</total>
				<timestamp>5621.170523</timestamp>
			</report>
			<report>
				<misses>890700001</misses>
				<total>0</total>
				<timestamp>5621.793974</timestamp>
			</report>
			<report>
				<misses>890800001</misses>
				<total>0</total>
				<timestamp>5622.416750</timestamp>
			</report>
			<report>
				<misses>890900001</misses>
				<total>0</total>
				<timestamp>5623.043183</timestamp>
			</report>
			<report>
				<misses>891000001</misses>
				<total>0</total>
				<timestamp>5623.670953</timestamp>
			</report>
			<report>
				<misses>891100001</misses>
				<total>0</total>
				<timestamp>5624.296949</timestamp>
			</report>
			<report>
				<misses>891200001</misses>
				<total>0</total>
				<timestamp>5624.933158</timestamp>
			</report>
			<report>
				<misses>891300001</misses>
				<total>0</total>
				<timestamp>5625.561826</timestamp>
			</report>
			<report>
				<misses>891400001</misses>
				<total>0</total>
				<timestamp>5626.188820</timestamp>
			</report>
			<report>
				<misses>891500001</misses>
				<total>0</total>
				<timestamp>5626.823212</timestamp>
			</report>
			<report>
				<misses>891600001</misses>
				<total>0</total>
				<timestamp>5627.445675</timestamp>
			</report>
			<report>
				<misses>891700001</misses>
				<total>0</total>
				<timestamp>5628.069443</timestamp>
			</report>
			<report>
				<misses>891800001</misses>
				<total>0</total>
				<timestamp>5628.698463</timestamp>
			</report>
			<report>
				<misses>891900001</misses>
				<total>0</total>
				<timestamp>5629.331119</timestamp>
			</report>
			<report>
				<misses>892000001</misses>
				<total>0</total>
				<timestamp>5629.964488</timestamp>
			</report>
			<report>
				<misses>892100001</misses>
				<total>0</total>
				<timestamp>5630.601449</timestamp>
			</report>
			<report>
				<misses>892200001</misses>
				<total>0</total>
				<timestamp>5631.234355</timestamp>
			</report>
			<report>
				<misses>892300001</misses>
				<total>0</total>
				<timestamp>5631.867746</timestamp>
			</report>
			<report>
				<misses>892400001</misses>
				<total>0</total>
				<timestamp>5632.497372</timestamp>
			</report>
			<report>
				<misses>892500001</misses>
				<total>0</total>
				<timestamp>5633.127301</timestamp>
			</report>
			<report>
				<misses>892600001</misses>
				<total>0</total>
				<timestamp>5633.758120</timestamp>
			</report>
			<report>
				<misses>892700001</misses>
				<total>0</total>
				<timestamp>5634.397174</timestamp>
			</report>
			<report>
				<misses>892800001</misses>
				<total>0</total>
				<timestamp>5635.029307</timestamp>
			</report>
			<report>
				<misses>892900001</misses>
				<total>0</total>
				<timestamp>5635.659677</timestamp>
			</report>
			<report>
				<misses>893000001</misses>
				<total>0</total>
				<timestamp>5636.284973</timestamp>
			</report>
			<report>
				<misses>893100001</misses>
				<total>0</total>
				<timestamp>5636.906958</timestamp>
			</report>
			<report>
				<misses>893200001</misses>
				<total>0</total>
				<timestamp>5637.544859</timestamp>
			</report>
			<report>
				<misses>893300001</misses>
				<total>0</total>
				<timestamp>5638.179778</timestamp>
			</report>
			<report>
				<misses>893400001</misses>
				<total>0</total>
				<timestamp>5638.804268</timestamp>
			</report>
			<report>
				<misses>893500001</misses>
				<total>0</total>
				<timestamp>5639.433975</timestamp>
			</report>
			<report>
				<misses>893600001</misses>
				<total>0</total>
				<timestamp>5640.069469</timestamp>
			</report>
			<report>
				<misses>893700001</misses>
				<total>0</total>
				<timestamp>5640.701282</timestamp>
			</report>
			<report>
				<misses>893800001</misses>
				<total>0</total>
				<timestamp>5641.331863</timestamp>
			</report>
			<report>
				<misses>893900001</misses>
				<total>0</total>
				<timestamp>5641.955694</timestamp>
			</report>
			<report>
				<misses>894000001</misses>
				<total>0</total>
				<timestamp>5642.579545</timestamp>
			</report>
			<report>
				<misses>894100001</misses>
				<total>0</total>
				<timestamp>5643.206872</timestamp>
			</report>
			<report>
				<misses>894200001</misses>
				<total>0</total>
				<timestamp>5643.831083</timestamp>
			</report>
			<report>
				<misses>894300001</misses>
				<total>0</total>
				<timestamp>5644.461486</timestamp>
			</report>
			<report>
				<misses>894400001</misses>
				<total>0</total>
				<timestamp>5645.082357</timestamp>
			</report>
			<report>
				<misses>894500001</misses>
				<total>0</total>
				<timestamp>5645.713866</timestamp>
			</report>
			<report>
				<misses>894600001</misses>
				<total>0</total>
				<timestamp>5646.342702</timestamp>
			</report>
			<report>
				<misses>894700001</misses>
				<total>0</total>
				<timestamp>5646.971546</timestamp>
			</report>
			<report>
				<misses>894800001</misses>
				<total>0</total>
				<timestamp>5647.603502</timestamp>
			</report>
			<report>
				<misses>894900001</misses>
				<total>0</total>
				<timestamp>5648.242734</timestamp>
			</report>
			<report>
				<misses>895000001</misses>
				<total>0</total>
				<timestamp>5648.868520</timestamp>
			</report>
			<report>
				<misses>895100001</misses>
				<total>0</total>
				<timestamp>5649.497777</timestamp>
			</report>
			<report>
				<misses>895200001</misses>
				<total>0</total>
				<timestamp>5650.134340</timestamp>
			</report>
			<report>
				<misses>895300001</misses>
				<total>0</total>
				<timestamp>5650.761805</timestamp>
			</report>
			<report>
				<misses>895400001</misses>
				<total>0</total>
				<timestamp>5651.385077</timestamp>
			</report>
			<report>
				<misses>895500001</misses>
				<total>0</total>
				<timestamp>5652.021010</timestamp>
			</report>
			<report>
				<misses>895600001</misses>
				<total>0</total>
				<timestamp>5652.651734</timestamp>
			</report>
			<report>
				<misses>895700001</misses>
				<total>0</total>
				<timestamp>5653.279083</timestamp>
			</report>
			<report>
				<misses>895800001</misses>
				<total>0</total>
				<timestamp>5653.904945</timestamp>
			</report>
			<report>
				<misses>895900001</misses>
				<total>0</total>
				<timestamp>5654.539383</timestamp>
			</report>
			<report>
				<misses>896000001</misses>
				<total>0</total>
				<timestamp>5655.182933</timestamp>
			</report>
			<report>
				<misses>896100001</misses>
				<total>0</total>
				<timestamp>5655.816212</timestamp>
			</report>
			<report>
				<misses>896200001</misses>
				<total>0</total>
				<timestamp>5656.446302</timestamp>
			</report>
			<report>
				<misses>896300001</misses>
				<total>0</total>
				<timestamp>5657.074904</timestamp>
			</report>
			<report>
				<misses>896400001</misses>
				<total>0</total>
				<timestamp>5657.696666</timestamp>
			</report>
			<report>
				<misses>896500001</misses>
				<total>0</total>
				<timestamp>5658.330741</timestamp>
			</report>
			<report>
				<misses>896600001</misses>
				<total>0</total>
				<timestamp>5658.959997</timestamp>
			</report>
			<report>
				<misses>896700001</misses>
				<total>0</total>
				<timestamp>5659.584593</timestamp>
			</report>
			<report>
				<misses>896800001</misses>
				<total>0</total>
				<timestamp>5660.218406</timestamp>
			</report>
			<report>
				<misses>896900001</misses>
				<total>0</total>
				<timestamp>5660.848203</timestamp>
			</report>
			<report>
				<misses>897000001</misses>
				<total>0</total>
				<timestamp>5661.477104</timestamp>
			</report>
			<report>
				<misses>897100001</misses>
				<total>0</total>
				<timestamp>5662.108899</timestamp>
			</report>
			<report>
				<misses>897200001</misses>
				<total>0</total>
				<timestamp>5662.742681</timestamp>
			</report>
			<report>
				<misses>897300001</misses>
				<total>0</total>
				<timestamp>5663.375844</timestamp>
			</report>
			<report>
				<misses>897400001</misses>
				<total>0</total>
				<timestamp>5664.002033</timestamp>
			</report>
			<report>
				<misses>897500001</misses>
				<total>0</total>
				<timestamp>5664.632643</timestamp>
			</report>
			<report>
				<misses>897600001</misses>
				<total>0</total>
				<timestamp>5665.265578</timestamp>
			</report>
			<report>
				<misses>897700001</misses>
				<total>0</total>
				<timestamp>5665.895729</timestamp>
			</report>
			<report>
				<misses>897800001</misses>
				<total>0</total>
				<timestamp>5666.522782</timestamp>
			</report>
			<report>
				<misses>897900001</misses>
				<total>0</total>
				<timestamp>5667.149762</timestamp>
			</report>
			<report>
				<misses>898000001</misses>
				<total>0</total>
				<timestamp>5667.781794</timestamp>
			</report>
			<report>
				<misses>898100001</misses>
				<total>0</total>
				<timestamp>5668.410243</timestamp>
			</report>
			<report>
				<misses>898200001</misses>
				<total>0</total>
				<timestamp>5669.034642</timestamp>
			</report>
			<report>
				<misses>898300001</misses>
				<total>0</total>
				<timestamp>5669.659734</timestamp>
			</report>
			<report>
				<misses>898400001</misses>
				<total>0</total>
				<timestamp>5670.294501</timestamp>
			</report>
			<report>
				<misses>898500001</misses>
				<total>0</total>
				<timestamp>5670.931666</timestamp>
			</report>
			<report>
				<misses>898600001</misses>
				<total>0</total>
				<timestamp>5671.574781</timestamp>
			</report>
			<report>
				<misses>898700001</misses>
				<total>0</total>
				<timestamp>5672.208037</timestamp>
			</report>
			<report>
				<misses>898800001</misses>
				<total>0</total>
				<timestamp>5672.844746</timestamp>
			</report>
			<report>
				<misses>898900001</misses>
				<total>0</total>
				<timestamp>5673.481256</timestamp>
			</report>
			<report>
				<misses>899000001</misses>
				<total>0</total>
				<timestamp>5674.114002</timestamp>
			</report>
			<report>
				<misses>899100001</misses>
				<total>0</total>
				<timestamp>5674.752103</timestamp>
			</report>
			<report>
				<misses>899200001</misses>
				<total>0</total>
				<timestamp>5675.379827</timestamp>
			</report>
			<report>
				<misses>899300001</misses>
				<total>0</total>
				<timestamp>5676.010581</timestamp>
			</report>
			<report>
				<misses>899400001</misses>
				<total>0</total>
				<timestamp>5676.640629</timestamp>
			</report>
			<report>
				<misses>899500001</misses>
				<total>0</total>
				<timestamp>5677.271319</timestamp>
			</report>
			<report>
				<misses>899600001</misses>
				<total>0</total>
				<timestamp>5677.906973</timestamp>
			</report>
			<report>
				<misses>899700001</misses>
				<total>0</total>
				<timestamp>5678.540268</timestamp>
			</report>
			<report>
				<misses>899800001</misses>
				<total>0</total>
				<timestamp>5679.179732</timestamp>
			</report>
			<report>
				<misses>899900001</misses>
				<total>0</total>
				<timestamp>5679.813002</timestamp>
			</report>
			<report>
				<misses>900000001</misses>
				<total>0</total>
				<timestamp>5680.443739</timestamp>
			</report>
			<report>
				<misses>900100001</misses>
				<total>0</total>
				<timestamp>5681.082746</timestamp>
			</report>
			<report>
				<misses>900200001</misses>
				<total>0</total>
				<timestamp>5681.716799</timestamp>
			</report>
			<report>
				<misses>900300001</misses>
				<total>0</total>
				<timestamp>5682.340592</timestamp>
			</report>
			<report>
				<misses>900400001</misses>
				<total>0</total>
				<timestamp>5682.962843</timestamp>
			</report>
			<report>
				<misses>900500001</misses>
				<total>0</total>
				<timestamp>5683.590894</timestamp>
			</report>
			<report>
				<misses>900600001</misses>
				<total>0</total>
				<timestamp>5684.233965</timestamp>
			</report>
			<report>
				<misses>900700001</misses>
				<total>0</total>
				<timestamp>5684.877012</timestamp>
			</report>
			<report>
				<misses>900800001</misses>
				<total>0</total>
				<timestamp>5685.507571</timestamp>
			</report>
			<report>
				<misses>900900001</misses>
				<total>0</total>
				<timestamp>5686.137225</timestamp>
			</report>
			<report>
				<misses>901000001</misses>
				<total>0</total>
				<timestamp>5686.765998</timestamp>
			</report>
			<report>
				<misses>901100001</misses>
				<total>0</total>
				<timestamp>5687.388771</timestamp>
			</report>
			<report>
				<misses>901200001</misses>
				<total>0</total>
				<timestamp>5688.017471</timestamp>
			</report>
			<report>
				<misses>901300001</misses>
				<total>0</total>
				<timestamp>5688.645285</timestamp>
			</report>
			<report>
				<misses>901400001</misses>
				<total>0</total>
				<timestamp>5689.274435</timestamp>
			</report>
			<report>
				<misses>901500001</misses>
				<total>0</total>
				<timestamp>5689.898827</timestamp>
			</report>
			<report>
				<misses>901600001</misses>
				<total>0</total>
				<timestamp>5690.545950</timestamp>
			</report>
			<report>
				<misses>901700001</misses>
				<total>0</total>
				<timestamp>5691.175938</timestamp>
			</report>
			<report>
				<misses>901800001</misses>
				<total>0</total>
				<timestamp>5691.806965</timestamp>
			</report>
			<report>
				<misses>901900001</misses>
				<total>0</total>
				<timestamp>5692.436685</timestamp>
			</report>
			<report>
				<misses>902000001</misses>
				<total>0</total>
				<timestamp>5693.079408</timestamp>
			</report>
			<report>
				<misses>902100001</misses>
				<total>0</total>
				<timestamp>5693.712052</timestamp>
			</report>
			<report>
				<misses>902200001</misses>
				<total>0</total>
				<timestamp>5694.343007</timestamp>
			</report>
			<report>
				<misses>902300001</misses>
				<total>0</total>
				<timestamp>5694.967464</timestamp>
			</report>
			<report>
				<misses>902400001</misses>
				<total>0</total>
				<timestamp>5695.592893</timestamp>
			</report>
			<report>
				<misses>902500001</misses>
				<total>0</total>
				<timestamp>5696.234379</timestamp>
			</report>
			<report>
				<misses>902600001</misses>
				<total>0</total>
				<timestamp>5696.871283</timestamp>
			</report>
			<report>
				<misses>902700001</misses>
				<total>0</total>
				<timestamp>5697.501387</timestamp>
			</report>
			<report>
				<misses>902800001</misses>
				<total>0</total>
				<timestamp>5698.129639</timestamp>
			</report>
			<report>
				<misses>902900001</misses>
				<total>0</total>
				<timestamp>5698.756926</timestamp>
			</report>
			<report>
				<misses>903000001</misses>
				<total>0</total>
				<timestamp>5699.386760</timestamp>
			</report>
			<report>
				<misses>903100001</misses>
				<total>0</total>
				<timestamp>5700.014675</timestamp>
			</report>
			<report>
				<misses>903200001</misses>
				<total>0</total>
				<timestamp>5700.648471</timestamp>
			</report>
			<report>
				<misses>903300001</misses>
				<total>0</total>
				<timestamp>5701.274540</timestamp>
			</report>
			<report>
				<misses>903400001</misses>
				<total>0</total>
				<timestamp>5701.904667</timestamp>
			</report>
			<report>
				<misses>903500001</misses>
				<total>0</total>
				<timestamp>5702.539104</timestamp>
			</report>
			<report>
				<misses>903600001</misses>
				<total>0</total>
				<timestamp>5703.169582</timestamp>
			</report>
			<report>
				<misses>903700001</misses>
				<total>0</total>
				<timestamp>5703.796063</timestamp>
			</report>
			<report>
				<misses>903800001</misses>
				<total>0</total>
				<timestamp>5704.417679</timestamp>
			</report>
			<report>
				<misses>903900001</misses>
				<total>0</total>
				<timestamp>5705.041718</timestamp>
			</report>
			<report>
				<misses>904000001</misses>
				<total>0</total>
				<timestamp>5705.669937</timestamp>
			</report>
			<report>
				<misses>904100001</misses>
				<total>0</total>
				<timestamp>5706.302826</timestamp>
			</report>
			<report>
				<misses>904200001</misses>
				<total>0</total>
				<timestamp>5706.934957</timestamp>
			</report>
			<report>
				<misses>904300001</misses>
				<total>0</total>
				<timestamp>5707.559007</timestamp>
			</report>
			<report>
				<misses>904400001</misses>
				<total>0</total>
				<timestamp>5708.191253</timestamp>
			</report>
			<report>
				<misses>904500001</misses>
				<total>0</total>
				<timestamp>5708.832012</timestamp>
			</report>
			<report>
				<misses>904600001</misses>
				<total>0</total>
				<timestamp>5709.473957</timestamp>
			</report>
			<report>
				<misses>904700001</misses>
				<total>0</total>
				<timestamp>5710.102617</timestamp>
			</report>
			<report>
				<misses>904800001</misses>
				<total>0</total>
				<timestamp>5710.733334</timestamp>
			</report>
			<report>
				<misses>904900001</misses>
				<total>0</total>
				<timestamp>5711.366056</timestamp>
			</report>
			<report>
				<misses>905000001</misses>
				<total>0</total>
				<timestamp>5711.993698</timestamp>
			</report>
			<report>
				<misses>905100001</misses>
				<total>0</total>
				<timestamp>5712.632566</timestamp>
			</report>
			<report>
				<misses>905200001</misses>
				<total>0</total>
				<timestamp>5713.257117</timestamp>
			</report>
			<report>
				<misses>905300001</misses>
				<total>0</total>
				<timestamp>5713.882437</timestamp>
			</report>
			<report>
				<misses>905400001</misses>
				<total>0</total>
				<timestamp>5714.504760</timestamp>
			</report>
			<report>
				<misses>905500001</misses>
				<total>0</total>
				<timestamp>5715.129549</timestamp>
			</report>
			<report>
				<misses>905600001</misses>
				<total>0</total>
				<timestamp>5715.757821</timestamp>
			</report>
			<report>
				<misses>905700001</misses>
				<total>0</total>
				<timestamp>5716.387358</timestamp>
			</report>
			<report>
				<misses>905800001</misses>
				<total>0</total>
				<timestamp>5717.021215</timestamp>
			</report>
			<report>
				<misses>905900001</misses>
				<total>0</total>
				<timestamp>5717.651014</timestamp>
			</report>
			<report>
				<misses>906000001</misses>
				<total>0</total>
				<timestamp>5718.280919</timestamp>
			</report>
			<report>
				<misses>906100001</misses>
				<total>0</total>
				<timestamp>5718.910832</timestamp>
			</report>
			<report>
				<misses>906200001</misses>
				<total>0</total>
				<timestamp>5719.553750</timestamp>
			</report>
			<report>
				<misses>906300001</misses>
				<total>0</total>
				<timestamp>5720.188293</timestamp>
			</report>
			<report>
				<misses>906400001</misses>
				<total>0</total>
				<timestamp>5720.819677</timestamp>
			</report>
			<report>
				<misses>906500001</misses>
				<total>0</total>
				<timestamp>5721.457669</timestamp>
			</report>
			<report>
				<misses>906600001</misses>
				<total>0</total>
				<timestamp>5722.097059</timestamp>
			</report>
			<report>
				<misses>906700001</misses>
				<total>0</total>
				<timestamp>5722.733810</timestamp>
			</report>
			<report>
				<misses>906800001</misses>
				<total>0</total>
				<timestamp>5723.367502</timestamp>
			</report>
			<report>
				<misses>906900001</misses>
				<total>0</total>
				<timestamp>5724.002414</timestamp>
			</report>
			<report>
				<misses>907000001</misses>
				<total>0</total>
				<timestamp>5724.639407</timestamp>
			</report>
			<report>
				<misses>907100001</misses>
				<total>0</total>
				<timestamp>5725.292146</timestamp>
			</report>
			<report>
				<misses>907200001</misses>
				<total>0</total>
				<timestamp>5725.932830</timestamp>
			</report>
			<report>
				<misses>907300001</misses>
				<total>0</total>
				<timestamp>5726.572132</timestamp>
			</report>
			<report>
				<misses>907400001</misses>
				<total>0</total>
				<timestamp>5727.196928</timestamp>
			</report>
			<report>
				<misses>907500001</misses>
				<total>0</total>
				<timestamp>5727.844500</timestamp>
			</report>
			<report>
				<misses>907600001</misses>
				<total>0</total>
				<timestamp>5728.475694</timestamp>
			</report>
			<report>
				<misses>907700001</misses>
				<total>0</total>
				<timestamp>5729.116930</timestamp>
			</report>
			<report>
				<misses>907800001</misses>
				<total>0</total>
				<timestamp>5729.746011</timestamp>
			</report>
			<report>
				<misses>907900001</misses>
				<total>0</total>
				<timestamp>5730.402289</timestamp>
			</report>
			<report>
				<misses>908000001</misses>
				<total>0</total>
				<timestamp>5731.033367</timestamp>
			</report>
			<report>
				<misses>908100001</misses>
				<total>0</total>
				<timestamp>5731.655577</timestamp>
			</report>
			<report>
				<misses>908200001</misses>
				<total>0</total>
				<timestamp>5732.313867</timestamp>
			</report>
			<report>
				<misses>908300001</misses>
				<total>0</total>
				<timestamp>5732.940946</timestamp>
			</report>
			<report>
				<misses>908400001</misses>
				<total>0</total>
				<timestamp>5733.566403</timestamp>
			</report>
			<report>
				<misses>908500001</misses>
				<total>0</total>
				<timestamp>5734.203464</timestamp>
			</report>
			<report>
				<misses>908600001</misses>
				<total>0</total>
				<timestamp>5734.830229</timestamp>
			</report>
			<report>
				<misses>908700001</misses>
				<total>0</total>
				<timestamp>5735.459961</timestamp>
			</report>
			<report>
				<misses>908800001</misses>
				<total>0</total>
				<timestamp>5736.082189</timestamp>
			</report>
			<report>
				<misses>908900001</misses>
				<total>0</total>
				<timestamp>5736.709503</timestamp>
			</report>
			<report>
				<misses>909000001</misses>
				<total>0</total>
				<timestamp>5737.336408</timestamp>
			</report>
			<report>
				<misses>909100001</misses>
				<total>0</total>
				<timestamp>5737.960993</timestamp>
			</report>
			<report>
				<misses>909200001</misses>
				<total>0</total>
				<timestamp>5738.595662</timestamp>
			</report>
			<report>
				<misses>909300001</misses>
				<total>0</total>
				<timestamp>5739.225813</timestamp>
			</report>
			<report>
				<misses>909400001</misses>
				<total>0</total>
				<timestamp>5739.851904</timestamp>
			</report>
			<report>
				<misses>909500001</misses>
				<total>0</total>
				<timestamp>5740.483074</timestamp>
			</report>
			<report>
				<misses>909600001</misses>
				<total>0</total>
				<timestamp>5741.111518</timestamp>
			</report>
			<report>
				<misses>909700001</misses>
				<total>0</total>
				<timestamp>5741.742061</timestamp>
			</report>
			<report>
				<misses>909800001</misses>
				<total>0</total>
				<timestamp>5742.382878</timestamp>
			</report>
			<report>
				<misses>909900001</misses>
				<total>0</total>
				<timestamp>5743.012928</timestamp>
			</report>
			<report>
				<misses>910000001</misses>
				<total>0</total>
				<timestamp>5743.655991</timestamp>
			</report>
			<report>
				<misses>910100001</misses>
				<total>0</total>
				<timestamp>5744.291636</timestamp>
			</report>
			<report>
				<misses>910200001</misses>
				<total>0</total>
				<timestamp>5744.922892</timestamp>
			</report>
			<report>
				<misses>910300001</misses>
				<total>0</total>
				<timestamp>5745.566395</timestamp>
			</report>
			<report>
				<misses>910400001</misses>
				<total>0</total>
				<timestamp>5746.194263</timestamp>
			</report>
			<report>
				<misses>910500001</misses>
				<total>0</total>
				<timestamp>5746.830638</timestamp>
			</report>
			<report>
				<misses>910600001</misses>
				<total>0</total>
				<timestamp>5747.458318</timestamp>
			</report>
			<report>
				<misses>910700001</misses>
				<total>0</total>
				<timestamp>5748.096012</timestamp>
			</report>
			<report>
				<misses>910800001</misses>
				<total>0</total>
				<timestamp>5748.735633</timestamp>
			</report>
			<report>
				<misses>910900001</misses>
				<total>0</total>
				<timestamp>5749.363412</timestamp>
			</report>
			<report>
				<misses>911000001</misses>
				<total>0</total>
				<timestamp>5749.987712</timestamp>
			</report>
			<report>
				<misses>911100001</misses>
				<total>0</total>
				<timestamp>5750.617832</timestamp>
			</report>
			<report>
				<misses>911200001</misses>
				<total>0</total>
				<timestamp>5751.247302</timestamp>
			</report>
			<report>
				<misses>911300001</misses>
				<total>0</total>
				<timestamp>5751.878361</timestamp>
			</report>
			<report>
				<misses>911400001</misses>
				<total>0</total>
				<timestamp>5752.502905</timestamp>
			</report>
			<report>
				<misses>911500001</misses>
				<total>0</total>
				<timestamp>5753.131921</timestamp>
			</report>
			<report>
				<misses>911600001</misses>
				<total>0</total>
				<timestamp>5753.771489</timestamp>
			</report>
			<report>
				<misses>911700001</misses>
				<total>0</total>
				<timestamp>5754.397072</timestamp>
			</report>
			<report>
				<misses>911800001</misses>
				<total>0</total>
				<timestamp>5755.027841</timestamp>
			</report>
			<report>
				<misses>911900001</misses>
				<total>0</total>
				<timestamp>5755.668461</timestamp>
			</report>
			<report>
				<misses>912000001</misses>
				<total>0</total>
				<timestamp>5756.305055</timestamp>
			</report>
			<report>
				<misses>912100001</misses>
				<total>0</total>
				<timestamp>5756.932405</timestamp>
			</report>
			<report>
				<misses>912200001</misses>
				<total>0</total>
				<timestamp>5757.573756</timestamp>
			</report>
			<report>
				<misses>912300001</misses>
				<total>0</total>
				<timestamp>5758.199803</timestamp>
			</report>
			<report>
				<misses>912400001</misses>
				<total>0</total>
				<timestamp>5758.829456</timestamp>
			</report>
			<report>
				<misses>912500001</misses>
				<total>0</total>
				<timestamp>5759.460377</timestamp>
			</report>
			<report>
				<misses>912600001</misses>
				<total>0</total>
				<timestamp>5760.087467</timestamp>
			</report>
			<report>
				<misses>912700001</misses>
				<total>0</total>
				<timestamp>5760.714082</timestamp>
			</report>
			<report>
				<misses>912800001</misses>
				<total>0</total>
				<timestamp>5761.350022</timestamp>
			</report>
			<report>
				<misses>912900001</misses>
				<total>0</total>
				<timestamp>5761.988536</timestamp>
			</report>
			<report>
				<misses>913000001</misses>
				<total>0</total>
				<timestamp>5762.632612</timestamp>
			</report>
			<report>
				<misses>913100001</misses>
				<total>0</total>
				<timestamp>5763.269349</timestamp>
			</report>
			<report>
				<misses>913200001</misses>
				<total>0</total>
				<timestamp>5763.899871</timestamp>
			</report>
			<report>
				<misses>913300001</misses>
				<total>0</total>
				<timestamp>5764.529904</timestamp>
			</report>
			<report>
				<misses>913400001</misses>
				<total>0</total>
				<timestamp>5765.158227</timestamp>
			</report>
			<report>
				<misses>913500001</misses>
				<total>0</total>
				<timestamp>5765.787010</timestamp>
			</report>
			<report>
				<misses>913600001</misses>
				<total>0</total>
				<timestamp>5766.409906</timestamp>
			</report>
			<report>
				<misses>913700001</misses>
				<total>0</total>
				<timestamp>5767.033235</timestamp>
			</report>
			<report>
				<misses>913800001</misses>
				<total>0</total>
				<timestamp>5767.655409</timestamp>
			</report>
			<report>
				<misses>913900001</misses>
				<total>0</total>
				<timestamp>5768.296371</timestamp>
			</report>
			<report>
				<misses>914000001</misses>
				<total>0</total>
				<timestamp>5768.922726</timestamp>
			</report>
			<report>
				<misses>914100001</misses>
				<total>0</total>
				<timestamp>5769.547964</timestamp>
			</report>
			<report>
				<misses>914200001</misses>
				<total>0</total>
				<timestamp>5770.183922</timestamp>
			</report>
			<report>
				<misses>914300001</misses>
				<total>0</total>
				<timestamp>5770.811506</timestamp>
			</report>
			<report>
				<misses>914400001</misses>
				<total>0</total>
				<timestamp>5771.438342</timestamp>
			</report>
			<report>
				<misses>914500001</misses>
				<total>0</total>
				<timestamp>5772.074241</timestamp>
			</report>
			<report>
				<misses>914600001</misses>
				<total>0</total>
				<timestamp>5772.704976</timestamp>
			</report>
			<report>
				<misses>914700001</misses>
				<total>0</total>
				<timestamp>5773.335157</timestamp>
			</report>
			<report>
				<misses>914800001</misses>
				<total>0</total>
				<timestamp>5773.958300</timestamp>
			</report>
			<report>
				<misses>914900001</misses>
				<total>0</total>
				<timestamp>5774.589716</timestamp>
			</report>
			<report>
				<misses>915000001</misses>
				<total>0</total>
				<timestamp>5775.217813</timestamp>
			</report>
			<report>
				<misses>915100001</misses>
				<total>0</total>
				<timestamp>5775.848491</timestamp>
			</report>
			<report>
				<misses>915200001</misses>
				<total>0</total>
				<timestamp>5776.495376</timestamp>
			</report>
			<report>
				<misses>915300001</misses>
				<total>0</total>
				<timestamp>5777.124174</timestamp>
			</report>
			<report>
				<misses>915400001</misses>
				<total>0</total>
				<timestamp>5777.762368</timestamp>
			</report>
			<report>
				<misses>915500001</misses>
				<total>0</total>
				<timestamp>5778.390073</timestamp>
			</report>
			<report>
				<misses>915600001</misses>
				<total>0</total>
				<timestamp>5779.021446</timestamp>
			</report>
			<report>
				<misses>915700001</misses>
				<total>0</total>
				<timestamp>5779.666211</timestamp>
			</report>
			<report>
				<misses>915800001</misses>
				<total>0</total>
				<timestamp>5780.294912</timestamp>
			</report>
			<report>
				<misses>915900001</misses>
				<total>0</total>
				<timestamp>5780.922537</timestamp>
			</report>
			<report>
				<misses>916000001</misses>
				<total>0</total>
				<timestamp>5781.555161</timestamp>
			</report>
			<report>
				<misses>916100001</misses>
				<total>0</total>
				<timestamp>5782.189484</timestamp>
			</report>
			<report>
				<misses>916200001</misses>
				<total>0</total>
				<timestamp>5782.818723</timestamp>
			</report>
			<report>
				<misses>916300001</misses>
				<total>0</total>
				<timestamp>5783.452989</timestamp>
			</report>
			<report>
				<misses>916400001</misses>
				<total>0</total>
				<timestamp>5784.082113</timestamp>
			</report>
			<report>
				<misses>916500001</misses>
				<total>0</total>
				<timestamp>5784.711113</timestamp>
			</report>
			<report>
				<misses>916600001</misses>
				<total>0</total>
				<timestamp>5785.341140</timestamp>
			</report>
			<report>
				<misses>916700001</misses>
				<total>0</total>
				<timestamp>5785.971269</timestamp>
			</report>
			<report>
				<misses>916800001</misses>
				<total>0</total>
				<timestamp>5786.599857</timestamp>
			</report>
			<report>
				<misses>916900001</misses>
				<total>0</total>
				<timestamp>5787.238850</timestamp>
			</report>
			<report>
				<misses>917000001</misses>
				<total>0</total>
				<timestamp>5787.873477</timestamp>
			</report>
			<report>
				<misses>917100001</misses>
				<total>0</total>
				<timestamp>5788.509857</timestamp>
			</report>
			<report>
				<misses>917200001</misses>
				<total>0</total>
				<timestamp>5789.144291</timestamp>
			</report>
			<report>
				<misses>917300001</misses>
				<total>0</total>
				<timestamp>5789.773141</timestamp>
			</report>
			<report>
				<misses>917400001</misses>
				<total>0</total>
				<timestamp>5790.404157</timestamp>
			</report>
			<report>
				<misses>917500001</misses>
				<total>0</total>
				<timestamp>5791.036716</timestamp>
			</report>
			<report>
				<misses>917600001</misses>
				<total>0</total>
				<timestamp>5791.674257</timestamp>
			</report>
			<report>
				<misses>917700001</misses>
				<total>0</total>
				<timestamp>5792.301572</timestamp>
			</report>
			<report>
				<misses>917800001</misses>
				<total>0</total>
				<timestamp>5792.929201</timestamp>
			</report>
			<report>
				<misses>917900001</misses>
				<total>0</total>
				<timestamp>5793.559238</timestamp>
			</report>
			<report>
				<misses>918000001</misses>
				<total>0</total>
				<timestamp>5794.188284</timestamp>
			</report>
			<report>
				<misses>918100001</misses>
				<total>0</total>
				<timestamp>5794.821016</timestamp>
			</report>
			<report>
				<misses>918200001</misses>
				<total>0</total>
				<timestamp>5795.451125</timestamp>
			</report>
			<report>
				<misses>918300001</misses>
				<total>0</total>
				<timestamp>5796.080293</timestamp>
			</report>
			<report>
				<misses>918400001</misses>
				<total>0</total>
				<timestamp>5796.713661</timestamp>
			</report>
			<report>
				<misses>918500001</misses>
				<total>0</total>
				<timestamp>5797.341742</timestamp>
			</report>
			<report>
				<misses>918600001</misses>
				<total>0</total>
				<timestamp>5797.975567</timestamp>
			</report>
			<report>
				<misses>918700001</misses>
				<total>0</total>
				<timestamp>5798.607721</timestamp>
			</report>
			<report>
				<misses>918800001</misses>
				<total>0</total>
				<timestamp>5799.237335</timestamp>
			</report>
			<report>
				<misses>918900001</misses>
				<total>0</total>
				<timestamp>5799.865761</timestamp>
			</report>
			<report>
				<misses>919000001</misses>
				<total>0</total>
				<timestamp>5800.494070</timestamp>
			</report>
			<report>
				<misses>919100001</misses>
				<total>0</total>
				<timestamp>5801.121316</timestamp>
			</report>
			<report>
				<misses>919200001</misses>
				<total>0</total>
				<timestamp>5801.756569</timestamp>
			</report>
			<report>
				<misses>919300001</misses>
				<total>0</total>
				<timestamp>5802.395461</timestamp>
			</report>
			<report>
				<misses>919400001</misses>
				<total>0</total>
				<timestamp>5803.030500</timestamp>
			</report>
			<report>
				<misses>919500001</misses>
				<total>0</total>
				<timestamp>5803.664893</timestamp>
			</report>
			<report>
				<misses>919600001</misses>
				<total>0</total>
				<timestamp>5804.301707</timestamp>
			</report>
			<report>
				<misses>919700001</misses>
				<total>0</total>
				<timestamp>5804.933273</timestamp>
			</report>
			<report>
				<misses>919800001</misses>
				<total>0</total>
				<timestamp>5805.563487</timestamp>
			</report>
			<report>
				<misses>919900001</misses>
				<total>0</total>
				<timestamp>5806.197373</timestamp>
			</report>
			<report>
				<misses>920000001</misses>
				<total>0</total>
				<timestamp>5806.838169</timestamp>
			</report>
			<report>
				<misses>920100001</misses>
				<total>0</total>
				<timestamp>5807.467652</timestamp>
			</report>
			<report>
				<misses>920200001</misses>
				<total>0</total>
				<timestamp>5808.102346</timestamp>
			</report>
			<report>
				<misses>920300001</misses>
				<total>0</total>
				<timestamp>5808.733841</timestamp>
			</report>
			<report>
				<misses>920400001</misses>
				<total>0</total>
				<timestamp>5809.362942</timestamp>
			</report>
			<report>
				<misses>920500001</misses>
				<total>0</total>
				<timestamp>5809.990663</timestamp>
			</report>
			<report>
				<misses>920600001</misses>
				<total>0</total>
				<timestamp>5810.623674</timestamp>
			</report>
			<report>
				<misses>920700001</misses>
				<total>0</total>
				<timestamp>5811.259786</timestamp>
			</report>
			<report>
				<misses>920800001</misses>
				<total>0</total>
				<timestamp>5811.885778</timestamp>
			</report>
			<report>
				<misses>920900001</misses>
				<total>0</total>
				<timestamp>5812.519519</timestamp>
			</report>
			<report>
				<misses>921000001</misses>
				<total>0</total>
				<timestamp>5813.154793</timestamp>
			</report>
			<report>
				<misses>921100001</misses>
				<total>0</total>
				<timestamp>5813.792376</timestamp>
			</report>
			<report>
				<misses>921200001</misses>
				<total>0</total>
				<timestamp>5814.429399</timestamp>
			</report>
			<report>
				<misses>921300001</misses>
				<total>0</total>
				<timestamp>5815.063919</timestamp>
			</report>
			<report>
				<misses>921400001</misses>
				<total>0</total>
				<timestamp>5815.690810</timestamp>
			</report>
			<report>
				<misses>921500001</misses>
				<total>0</total>
				<timestamp>5816.318835</timestamp>
			</report>
			<report>
				<misses>921600001</misses>
				<total>0</total>
				<timestamp>5816.948052</timestamp>
			</report>
			<report>
				<misses>921700001</misses>
				<total>0</total>
				<timestamp>5817.579833</timestamp>
			</report>
			<report>
				<misses>921800001</misses>
				<total>0</total>
				<timestamp>5818.212806</timestamp>
			</report>
			<report>
				<misses>921900001</misses>
				<total>0</total>
				<timestamp>5818.868177</timestamp>
			</report>
			<report>
				<misses>922000001</misses>
				<total>0</total>
				<timestamp>5819.503313</timestamp>
			</report>
			<report>
				<misses>922100001</misses>
				<total>0</total>
				<timestamp>5820.131165</timestamp>
			</report>
			<report>
				<misses>922200001</misses>
				<total>0</total>
				<timestamp>5820.760110</timestamp>
			</report>
			<report>
				<misses>922300001</misses>
				<total>0</total>
				<timestamp>5821.386896</timestamp>
			</report>
			<report>
				<misses>922400001</misses>
				<total>0</total>
				<timestamp>5822.023349</timestamp>
			</report>
			<report>
				<misses>922500001</misses>
				<total>0</total>
				<timestamp>5822.660768</timestamp>
			</report>
			<report>
				<misses>922600001</misses>
				<total>0</total>
				<timestamp>5823.291007</timestamp>
			</report>
			<report>
				<misses>922700001</misses>
				<total>0</total>
				<timestamp>5823.916733</timestamp>
			</report>
			<report>
				<misses>922800001</misses>
				<total>0</total>
				<timestamp>5824.544286</timestamp>
			</report>
			<report>
				<misses>922900001</misses>
				<total>0</total>
				<timestamp>5825.175888</timestamp>
			</report>
			<report>
				<misses>923000001</misses>
				<total>0</total>
				<timestamp>5825.808522</timestamp>
			</report>
			<report>
				<misses>923100001</misses>
				<total>0</total>
				<timestamp>5826.438757</timestamp>
			</report>
			<report>
				<misses>923200001</misses>
				<total>0</total>
				<timestamp>5827.073485</timestamp>
			</report>
			<report>
				<misses>923300001</misses>
				<total>0</total>
				<timestamp>5827.703708</timestamp>
			</report>
			<report>
				<misses>923400001</misses>
				<total>0</total>
				<timestamp>5828.332990</timestamp>
			</report>
			<report>
				<misses>923500001</misses>
				<total>0</total>
				<timestamp>5828.963425</timestamp>
			</report>
			<report>
				<misses>923600001</misses>
				<total>0</total>
				<timestamp>5829.615884</timestamp>
			</report>
			<report>
				<misses>923700001</misses>
				<total>0</total>
				<timestamp>5830.255558</timestamp>
			</report>
			<report>
				<misses>923800001</misses>
				<total>0</total>
				<timestamp>5830.891581</timestamp>
			</report>
			<report>
				<misses>923900001</misses>
				<total>0</total>
				<timestamp>5831.531583</timestamp>
			</report>
			<report>
				<misses>924000001</misses>
				<total>0</total>
				<timestamp>5832.159865</timestamp>
			</report>
			<report>
				<misses>924100001</misses>
				<total>0</total>
				<timestamp>5832.793887</timestamp>
			</report>
			<report>
				<misses>924200001</misses>
				<total>0</total>
				<timestamp>5833.420818</timestamp>
			</report>
			<report>
				<misses>924300001</misses>
				<total>0</total>
				<timestamp>5834.056165</timestamp>
			</report>
			<report>
				<misses>924400001</misses>
				<total>0</total>
				<timestamp>5834.697144</timestamp>
			</report>
			<report>
				<misses>924500001</misses>
				<total>0</total>
				<timestamp>5835.337988</timestamp>
			</report>
			<report>
				<misses>924600001</misses>
				<total>0</total>
				<timestamp>5835.965962</timestamp>
			</report>
			<report>
				<misses>924700001</misses>
				<total>0</total>
				<timestamp>5836.602627</timestamp>
			</report>
			<report>
				<misses>924800001</misses>
				<total>0</total>
				<timestamp>5837.241738</timestamp>
			</report>
			<report>
				<misses>924900001</misses>
				<total>0</total>
				<timestamp>5837.879807</timestamp>
			</report>
			<report>
				<misses>925000001</misses>
				<total>0</total>
				<timestamp>5838.513733</timestamp>
			</report>
			<report>
				<misses>925100001</misses>
				<total>0</total>
				<timestamp>5839.152018</timestamp>
			</report>
			<report>
				<misses>925200001</misses>
				<total>0</total>
				<timestamp>5839.784209</timestamp>
			</report>
			<report>
				<misses>925300001</misses>
				<total>0</total>
				<timestamp>5840.414964</timestamp>
			</report>
			<report>
				<misses>925400001</misses>
				<total>0</total>
				<timestamp>5841.043943</timestamp>
			</report>
			<report>
				<misses>925500001</misses>
				<total>0</total>
				<timestamp>5841.671917</timestamp>
			</report>
			<report>
				<misses>925600001</misses>
				<total>0</total>
				<timestamp>5842.299694</timestamp>
			</report>
			<report>
				<misses>925700001</misses>
				<total>0</total>
				<timestamp>5842.927601</timestamp>
			</report>
			<report>
				<misses>925800001</misses>
				<total>0</total>
				<timestamp>5843.563181</timestamp>
			</report>
			<report>
				<misses>925900001</misses>
				<total>0</total>
				<timestamp>5844.198991</timestamp>
			</report>
			<report>
				<misses>926000001</misses>
				<total>0</total>
				<timestamp>5844.824644</timestamp>
			</report>
			<report>
				<misses>926100001</misses>
				<total>0</total>
				<timestamp>5845.456470</timestamp>
			</report>
			<report>
				<misses>926200001</misses>
				<total>0</total>
				<timestamp>5846.094713</timestamp>
			</report>
			<report>
				<misses>926300001</misses>
				<total>0</total>
				<timestamp>5846.722951</timestamp>
			</report>
			<report>
				<misses>926400001</misses>
				<total>0</total>
				<timestamp>5847.352808</timestamp>
			</report>
			<report>
				<misses>926500001</misses>
				<total>0</total>
				<timestamp>5847.988239</timestamp>
			</report>
			<report>
				<misses>926600001</misses>
				<total>0</total>
				<timestamp>5848.616572</timestamp>
			</report>
			<report>
				<misses>926700001</misses>
				<total>0</total>
				<timestamp>5849.243806</timestamp>
			</report>
			<report>
				<misses>926800001</misses>
				<total>0</total>
				<timestamp>5849.885221</timestamp>
			</report>
			<report>
				<misses>926900001</misses>
				<total>0</total>
				<timestamp>5850.514526</timestamp>
			</report>
			<report>
				<misses>927000001</misses>
				<total>0</total>
				<timestamp>5851.142038</timestamp>
			</report>
			<report>
				<misses>927100001</misses>
				<total>0</total>
				<timestamp>5851.770916</timestamp>
			</report>
			<report>
				<misses>927200001</misses>
				<total>0</total>
				<timestamp>5852.405250</timestamp>
			</report>
			<report>
				<misses>927300001</misses>
				<total>0</total>
				<timestamp>5853.039212</timestamp>
			</report>
			<report>
				<misses>927400001</misses>
				<total>0</total>
				<timestamp>5853.669532</timestamp>
			</report>
			<report>
				<misses>927500001</misses>
				<total>0</total>
				<timestamp>5854.297544</timestamp>
			</report>
			<report>
				<misses>927600001</misses>
				<total>0</total>
				<timestamp>5854.940678</timestamp>
			</report>
			<report>
				<misses>927700001</misses>
				<total>0</total>
				<timestamp>5855.577345</timestamp>
			</report>
			<report>
				<misses>927800001</misses>
				<total>0</total>
				<timestamp>5856.212977</timestamp>
			</report>
			<report>
				<misses>927900001</misses>
				<total>0</total>
				<timestamp>5856.850581</timestamp>
			</report>
			<report>
				<misses>928000001</misses>
				<total>0</total>
				<timestamp>5857.491690</timestamp>
			</report>
			<report>
				<misses>928100001</misses>
				<total>0</total>
				<timestamp>5858.124644</timestamp>
			</report>
			<report>
				<misses>928200001</misses>
				<total>0</total>
				<timestamp>5858.762317</timestamp>
			</report>
			<report>
				<misses>928300001</misses>
				<total>0</total>
				<timestamp>5859.391179</timestamp>
			</report>
			<report>
				<misses>928400001</misses>
				<total>0</total>
				<timestamp>5860.017146</timestamp>
			</report>
			<report>
				<misses>928500001</misses>
				<total>0</total>
				<timestamp>5860.644370</timestamp>
			</report>
			<report>
				<misses>928600001</misses>
				<total>0</total>
				<timestamp>5861.271809</timestamp>
			</report>
			<report>
				<misses>928700001</misses>
				<total>0</total>
				<timestamp>5861.909794</timestamp>
			</report>
			<report>
				<misses>928800001</misses>
				<total>0</total>
				<timestamp>5862.543136</timestamp>
			</report>
			<report>
				<misses>928900001</misses>
				<total>0</total>
				<timestamp>5863.177622</timestamp>
			</report>
			<report>
				<misses>929000001</misses>
				<total>0</total>
				<timestamp>5863.805819</timestamp>
			</report>
			<report>
				<misses>929100001</misses>
				<total>0</total>
				<timestamp>5864.437760</timestamp>
			</report>
			<report>
				<misses>929200001</misses>
				<total>0</total>
				<timestamp>5865.068243</timestamp>
			</report>
			<report>
				<misses>929300001</misses>
				<total>0</total>
				<timestamp>5865.697103</timestamp>
			</report>
			<report>
				<misses>929400001</misses>
				<total>0</total>
				<timestamp>5866.325391</timestamp>
			</report>
			<report>
				<misses>929500001</misses>
				<total>0</total>
				<timestamp>5866.954397</timestamp>
			</report>
			<report>
				<misses>929600001</misses>
				<total>0</total>
				<timestamp>5867.587706</timestamp>
			</report>
			<report>
				<misses>929700001</misses>
				<total>0</total>
				<timestamp>5868.213903</timestamp>
			</report>
			<report>
				<misses>929800001</misses>
				<total>0</total>
				<timestamp>5868.843263</timestamp>
			</report>
			<report>
				<misses>929900001</misses>
				<total>0</total>
				<timestamp>5869.477405</timestamp>
			</report>
			<report>
				<misses>930000001</misses>
				<total>0</total>
				<timestamp>5870.119225</timestamp>
			</report>
			<report>
				<misses>930100001</misses>
				<total>0</total>
				<timestamp>5870.744433</timestamp>
			</report>
			<report>
				<misses>930200001</misses>
				<total>0</total>
				<timestamp>5871.375910</timestamp>
			</report>
			<report>
				<misses>930300001</misses>
				<total>0</total>
				<timestamp>5872.003518</timestamp>
			</report>
			<report>
				<misses>930400001</misses>
				<total>0</total>
				<timestamp>5872.640325</timestamp>
			</report>
			<report>
				<misses>930500001</misses>
				<total>0</total>
				<timestamp>5873.275565</timestamp>
			</report>
			<report>
				<misses>930600001</misses>
				<total>0</total>
				<timestamp>5873.904071</timestamp>
			</report>
			<report>
				<misses>930700001</misses>
				<total>0</total>
				<timestamp>5874.549090</timestamp>
			</report>
			<report>
				<misses>930800001</misses>
				<total>0</total>
				<timestamp>5875.184058</timestamp>
			</report>
			<report>
				<misses>930900001</misses>
				<total>0</total>
				<timestamp>5875.818551</timestamp>
			</report>
			<report>
				<misses>931000001</misses>
				<total>0</total>
				<timestamp>5876.455023</timestamp>
			</report>
			<report>
				<misses>931100001</misses>
				<total>0</total>
				<timestamp>5877.087399</timestamp>
			</report>
			<report>
				<misses>931200001</misses>
				<total>0</total>
				<timestamp>5877.717158</timestamp>
			</report>
			<report>
				<misses>931300001</misses>
				<total>0</total>
				<timestamp>5878.344888</timestamp>
			</report>
			<report>
				<misses>931400001</misses>
				<total>0</total>
				<timestamp>5878.972550</timestamp>
			</report>
			<report>
				<misses>931500001</misses>
				<total>0</total>
				<timestamp>5879.609925</timestamp>
			</report>
			<report>
				<misses>931600001</misses>
				<total>0</total>
				<timestamp>5880.249633</timestamp>
			</report>
			<report>
				<misses>931700001</misses>
				<total>0</total>
				<timestamp>5880.890814</timestamp>
			</report>
			<report>
				<misses>931800001</misses>
				<total>0</total>
				<timestamp>5881.517980</timestamp>
			</report>
			<report>
				<misses>931900001</misses>
				<total>0</total>
				<timestamp>5882.153608</timestamp>
			</report>
			<report>
				<misses>932000001</misses>
				<total>0</total>
				<timestamp>5882.784137</timestamp>
			</report>
			<report>
				<misses>932100001</misses>
				<total>0</total>
				<timestamp>5883.430998</timestamp>
			</report>
			<report>
				<misses>932200001</misses>
				<total>0</total>
				<timestamp>5884.067066</timestamp>
			</report>
			<report>
				<misses>932300001</misses>
				<total>0</total>
				<timestamp>5884.696135</timestamp>
			</report>
			<report>
				<misses>932400001</misses>
				<total>0</total>
				<timestamp>5885.322894</timestamp>
			</report>
			<report>
				<misses>932500001</misses>
				<total>0</total>
				<timestamp>5885.952355</timestamp>
			</report>
			<report>
				<misses>932600001</misses>
				<total>0</total>
				<timestamp>5886.595620</timestamp>
			</report>
			<report>
				<misses>932700001</misses>
				<total>0</total>
				<timestamp>5887.222567</timestamp>
			</report>
			<report>
				<misses>932800001</misses>
				<total>0</total>
				<timestamp>5887.851459</timestamp>
			</report>
			<report>
				<misses>932900001</misses>
				<total>0</total>
				<timestamp>5888.495297</timestamp>
			</report>
			<report>
				<misses>933000001</misses>
				<total>0</total>
				<timestamp>5889.123378</timestamp>
			</report>
			<report>
				<misses>933100001</misses>
				<total>0</total>
				<timestamp>5889.751400</timestamp>
			</report>
			<report>
				<misses>933200001</misses>
				<total>0</total>
				<timestamp>5890.384091</timestamp>
			</report>
			<report>
				<misses>933300001</misses>
				<total>0</total>
				<timestamp>5891.016831</timestamp>
			</report>
			<report>
				<misses>933400001</misses>
				<total>0</total>
				<timestamp>5891.641897</timestamp>
			</report>
			<report>
				<misses>933500001</misses>
				<total>0</total>
				<timestamp>5892.270314</timestamp>
			</report>
			<report>
				<misses>933600001</misses>
				<total>0</total>
				<timestamp>5892.898480</timestamp>
			</report>
			<report>
				<misses>933700001</misses>
				<total>0</total>
				<timestamp>5893.525670</timestamp>
			</report>
			<report>
				<misses>933800001</misses>
				<total>0</total>
				<timestamp>5894.153680</timestamp>
			</report>
			<report>
				<misses>933900001</misses>
				<total>0</total>
				<timestamp>5894.781781</timestamp>
			</report>
			<report>
				<misses>934000001</misses>
				<total>0</total>
				<timestamp>5895.407628</timestamp>
			</report>
			<report>
				<misses>934100001</misses>
				<total>0</total>
				<timestamp>5896.039806</timestamp>
			</report>
			<report>
				<misses>934200001</misses>
				<total>0</total>
				<timestamp>5896.670060</timestamp>
			</report>
			<report>
				<misses>934300001</misses>
				<total>0</total>
				<timestamp>5897.295616</timestamp>
			</report>
			<report>
				<misses>934400001</misses>
				<total>0</total>
				<timestamp>5897.930771</timestamp>
			</report>
			<report>
				<misses>934500001</misses>
				<total>0</total>
				<timestamp>5898.565598</timestamp>
			</report>
			<report>
				<misses>934600001</misses>
				<total>0</total>
				<timestamp>5899.195616</timestamp>
			</report>
			<report>
				<misses>934700001</misses>
				<total>0</total>
				<timestamp>5899.825662</timestamp>
			</report>
			<report>
				<misses>934800001</misses>
				<total>0</total>
				<timestamp>5900.454675</timestamp>
			</report>
			<report>
				<misses>934900001</misses>
				<total>0</total>
				<timestamp>5901.081380</timestamp>
			</report>
			<report>
				<misses>935000001</misses>
				<total>0</total>
				<timestamp>5901.706193</timestamp>
			</report>
			<report>
				<misses>935100001</misses>
				<total>0</total>
				<timestamp>5902.333661</timestamp>
			</report>
			<report>
				<misses>935200001</misses>
				<total>0</total>
				<timestamp>5902.960962</timestamp>
			</report>
			<report>
				<misses>935300001</misses>
				<total>0</total>
				<timestamp>5903.592140</timestamp>
			</report>
			<report>
				<misses>935400001</misses>
				<total>0</total>
				<timestamp>5904.226883</timestamp>
			</report>
			<report>
				<misses>935500001</misses>
				<total>0</total>
				<timestamp>5904.859243</timestamp>
			</report>
			<report>
				<misses>935600001</misses>
				<total>0</total>
				<timestamp>5905.496909</timestamp>
			</report>
			<report>
				<misses>935700001</misses>
				<total>0</total>
				<timestamp>5906.131829</timestamp>
			</report>
			<report>
				<misses>935800001</misses>
				<total>0</total>
				<timestamp>5906.754411</timestamp>
			</report>
			<report>
				<misses>935900001</misses>
				<total>0</total>
				<timestamp>5907.391712</timestamp>
			</report>
			<report>
				<misses>936000001</misses>
				<total>0</total>
				<timestamp>5908.027058</timestamp>
			</report>
			<report>
				<misses>936100001</misses>
				<total>0</total>
				<timestamp>5908.652332</timestamp>
			</report>
			<report>
				<misses>936200001</misses>
				<total>0</total>
				<timestamp>5909.277913</timestamp>
			</report>
			<report>
				<misses>936300001</misses>
				<total>0</total>
				<timestamp>5909.905342</timestamp>
			</report>
			<report>
				<misses>936400001</misses>
				<total>0</total>
				<timestamp>5910.533846</timestamp>
			</report>
			<report>
				<misses>936500001</misses>
				<total>0</total>
				<timestamp>5911.162134</timestamp>
			</report>
			<report>
				<misses>936600001</misses>
				<total>0</total>
				<timestamp>5911.796726</timestamp>
			</report>
			<report>
				<misses>936700001</misses>
				<total>0</total>
				<timestamp>5912.426479</timestamp>
			</report>
			<report>
				<misses>936800001</misses>
				<total>0</total>
				<timestamp>5913.062777</timestamp>
			</report>
			<report>
				<misses>936900001</misses>
				<total>0</total>
				<timestamp>5913.703139</timestamp>
			</report>
			<report>
				<misses>937000001</misses>
				<total>0</total>
				<timestamp>5914.333468</timestamp>
			</report>
			<report>
				<misses>937100001</misses>
				<total>0</total>
				<timestamp>5914.961185</timestamp>
			</report>
			<report>
				<misses>937200001</misses>
				<total>0</total>
				<timestamp>5915.588081</timestamp>
			</report>
			<report>
				<misses>937300001</misses>
				<total>0</total>
				<timestamp>5916.215593</timestamp>
			</report>
			<report>
				<misses>937400001</misses>
				<total>0</total>
				<timestamp>5916.847437</timestamp>
			</report>
			<report>
				<misses>937500001</misses>
				<total>0</total>
				<timestamp>5917.480395</timestamp>
			</report>
			<report>
				<misses>937600001</misses>
				<total>0</total>
				<timestamp>5918.111174</timestamp>
			</report>
			<report>
				<misses>937700001</misses>
				<total>0</total>
				<timestamp>5918.743268</timestamp>
			</report>
			<report>
				<misses>937800001</misses>
				<total>0</total>
				<timestamp>5919.372009</timestamp>
			</report>
			<report>
				<misses>937900001</misses>
				<total>0</total>
				<timestamp>5919.998293</timestamp>
			</report>
			<report>
				<misses>938000001</misses>
				<total>0</total>
				<timestamp>5920.626560</timestamp>
			</report>
			<report>
				<misses>938100001</misses>
				<total>0</total>
				<timestamp>5921.272774</timestamp>
			</report>
			<report>
				<misses>938200001</misses>
				<total>0</total>
				<timestamp>5921.912161</timestamp>
			</report>
			<report>
				<misses>938300001</misses>
				<total>0</total>
				<timestamp>5922.546962</timestamp>
			</report>
			<report>
				<misses>938400001</misses>
				<total>0</total>
				<timestamp>5923.172731</timestamp>
			</report>
			<report>
				<misses>938500001</misses>
				<total>0</total>
				<timestamp>5923.806464</timestamp>
			</report>
			<report>
				<misses>938600001</misses>
				<total>0</total>
				<timestamp>5924.439309</timestamp>
			</report>
			<report>
				<misses>938700001</misses>
				<total>0</total>
				<timestamp>5925.073464</timestamp>
			</report>
			<report>
				<misses>938800001</misses>
				<total>0</total>
				<timestamp>5925.700968</timestamp>
			</report>
			<report>
				<misses>938900001</misses>
				<total>0</total>
				<timestamp>5926.329811</timestamp>
			</report>
			<report>
				<misses>939000001</misses>
				<total>0</total>
				<timestamp>5926.959834</timestamp>
			</report>
			<report>
				<misses>939100001</misses>
				<total>0</total>
				<timestamp>5927.588367</timestamp>
			</report>
			<report>
				<misses>939200001</misses>
				<total>0</total>
				<timestamp>5928.211830</timestamp>
			</report>
			<report>
				<misses>939300001</misses>
				<total>0</total>
				<timestamp>5928.836580</timestamp>
			</report>
			<report>
				<misses>939400001</misses>
				<total>0</total>
				<timestamp>5929.463932</timestamp>
			</report>
			<report>
				<misses>939500001</misses>
				<total>0</total>
				<timestamp>5930.092219</timestamp>
			</report>
			<report>
				<misses>939600001</misses>
				<total>0</total>
				<timestamp>5930.719008</timestamp>
			</report>
			<report>
				<misses>939700001</misses>
				<total>0</total>
				<timestamp>5931.351535</timestamp>
			</report>
			<report>
				<misses>939800001</misses>
				<total>0</total>
				<timestamp>5931.981534</timestamp>
			</report>
			<report>
				<misses>939900001</misses>
				<total>0</total>
				<timestamp>5932.611766</timestamp>
			</report>
			<report>
				<misses>940000001</misses>
				<total>0</total>
				<timestamp>5933.239914</timestamp>
			</report>
			<report>
				<misses>940100001</misses>
				<total>0</total>
				<timestamp>5933.869743</timestamp>
			</report>
			<report>
				<misses>940200001</misses>
				<total>0</total>
				<timestamp>5934.505620</timestamp>
			</report>
			<report>
				<misses>940300001</misses>
				<total>0</total>
				<timestamp>5935.133002</timestamp>
			</report>
			<report>
				<misses>940400001</misses>
				<total>0</total>
				<timestamp>5935.759744</timestamp>
			</report>
			<report>
				<misses>940500001</misses>
				<total>0</total>
				<timestamp>5936.402190</timestamp>
			</report>
			<report>
				<misses>940600001</misses>
				<total>0</total>
				<timestamp>5937.043538</timestamp>
			</report>
			<report>
				<misses>940700001</misses>
				<total>0</total>
				<timestamp>5937.683300</timestamp>
			</report>
			<report>
				<misses>940800001</misses>
				<total>0</total>
				<timestamp>5938.323413</timestamp>
			</report>
			<report>
				<misses>940900001</misses>
				<total>0</total>
				<timestamp>5938.953625</timestamp>
			</report>
			<report>
				<misses>941000001</misses>
				<total>0</total>
				<timestamp>5939.579958</timestamp>
			</report>
			<report>
				<misses>941100001</misses>
				<total>0</total>
				<timestamp>5940.206230</timestamp>
			</report>
			<report>
				<misses>941200001</misses>
				<total>0</total>
				<timestamp>5940.843216</timestamp>
			</report>
			<report>
				<misses>941300001</misses>
				<total>0</total>
				<timestamp>5941.469696</timestamp>
			</report>
			<report>
				<misses>941400001</misses>
				<total>0</total>
				<timestamp>5942.098784</timestamp>
			</report>
			<report>
				<misses>941500001</misses>
				<total>0</total>
				<timestamp>5942.731808</timestamp>
			</report>
			<report>
				<misses>941600001</misses>
				<total>0</total>
				<timestamp>5943.365521</timestamp>
			</report>
			<report>
				<misses>941700001</misses>
				<total>0</total>
				<timestamp>5943.996116</timestamp>
			</report>
			<report>
				<misses>941800001</misses>
				<total>0</total>
				<timestamp>5944.625559</timestamp>
			</report>
			<report>
				<misses>941900001</misses>
				<total>0</total>
				<timestamp>5945.269307</timestamp>
			</report>
			<report>
				<misses>942000001</misses>
				<total>0</total>
				<timestamp>5945.897531</timestamp>
			</report>
			<report>
				<misses>942100001</misses>
				<total>0</total>
				<timestamp>5946.529852</timestamp>
			</report>
			<report>
				<misses>942200001</misses>
				<total>0</total>
				<timestamp>5947.170155</timestamp>
			</report>
			<report>
				<misses>942300001</misses>
				<total>0</total>
				<timestamp>5947.804753</timestamp>
			</report>
			<report>
				<misses>942400001</misses>
				<total>0</total>
				<timestamp>5948.465752</timestamp>
			</report>
			<report>
				<misses>942500001</misses>
				<total>0</total>
				<timestamp>5949.101210</timestamp>
			</report>
			<report>
				<misses>942600001</misses>
				<total>0</total>
				<timestamp>5949.733845</timestamp>
			</report>
			<report>
				<misses>942700001</misses>
				<total>0</total>
				<timestamp>5950.372890</timestamp>
			</report>
			<report>
				<misses>942800001</misses>
				<total>0</total>
				<timestamp>5951.005221</timestamp>
			</report>
			<report>
				<misses>942900001</misses>
				<total>0</total>
				<timestamp>5951.640369</timestamp>
			</report>
			<report>
				<misses>943000001</misses>
				<total>0</total>
				<timestamp>5952.273299</timestamp>
			</report>
			<report>
				<misses>943100001</misses>
				<total>0</total>
				<timestamp>5952.898246</timestamp>
			</report>
			<report>
				<misses>943200001</misses>
				<total>0</total>
				<timestamp>5953.529186</timestamp>
			</report>
			<report>
				<misses>943300001</misses>
				<total>0</total>
				<timestamp>5954.153037</timestamp>
			</report>
			<report>
				<misses>943400001</misses>
				<total>0</total>
				<timestamp>5954.780102</timestamp>
			</report>
			<report>
				<misses>943500001</misses>
				<total>0</total>
				<timestamp>5955.405585</timestamp>
			</report>
			<report>
				<misses>943600001</misses>
				<total>0</total>
				<timestamp>5956.034009</timestamp>
			</report>
			<report>
				<misses>943700001</misses>
				<total>0</total>
				<timestamp>5956.660826</timestamp>
			</report>
			<report>
				<misses>943800001</misses>
				<total>0</total>
				<timestamp>5957.287689</timestamp>
			</report>
			<report>
				<misses>943900001</misses>
				<total>0</total>
				<timestamp>5957.915464</timestamp>
			</report>
			<report>
				<misses>944000001</misses>
				<total>0</total>
				<timestamp>5958.543970</timestamp>
			</report>
			<report>
				<misses>944100001</misses>
				<total>0</total>
				<timestamp>5959.168171</timestamp>
			</report>
			<report>
				<misses>944200001</misses>
				<total>0</total>
				<timestamp>5959.802607</timestamp>
			</report>
			<report>
				<misses>944300001</misses>
				<total>0</total>
				<timestamp>5960.433004</timestamp>
			</report>
			<report>
				<misses>944400001</misses>
				<total>0</total>
				<timestamp>5961.086148</timestamp>
			</report>
			<report>
				<misses>944500001</misses>
				<total>0</total>
				<timestamp>5961.715346</timestamp>
			</report>
			<report>
				<misses>944600001</misses>
				<total>0</total>
				<timestamp>5962.341158</timestamp>
			</report>
			<report>
				<misses>944700001</misses>
				<total>0</total>
				<timestamp>5962.974459</timestamp>
			</report>
			<report>
				<misses>944800001</misses>
				<total>0</total>
				<timestamp>5963.604785</timestamp>
			</report>
			<report>
				<misses>944900001</misses>
				<total>0</total>
				<timestamp>5964.236897</timestamp>
			</report>
			<report>
				<misses>945000001</misses>
				<total>0</total>
				<timestamp>5964.861319</timestamp>
			</report>
			<report>
				<misses>945100001</misses>
				<total>0</total>
				<timestamp>5965.492492</timestamp>
			</report>
			<report>
				<misses>945200001</misses>
				<total>0</total>
				<timestamp>5966.130683</timestamp>
			</report>
			<report>
				<misses>945300001</misses>
				<total>0</total>
				<timestamp>5966.760831</timestamp>
			</report>
			<report>
				<misses>945400001</misses>
				<total>0</total>
				<timestamp>5967.392031</timestamp>
			</report>
			<report>
				<misses>945500001</misses>
				<total>0</total>
				<timestamp>5968.021540</timestamp>
			</report>
			<report>
				<misses>945600001</misses>
				<total>0</total>
				<timestamp>5968.660078</timestamp>
			</report>
			<report>
				<misses>945700001</misses>
				<total>0</total>
				<timestamp>5969.294445</timestamp>
			</report>
			<report>
				<misses>945800001</misses>
				<total>0</total>
				<timestamp>5969.922669</timestamp>
			</report>
			<report>
				<misses>945900001</misses>
				<total>0</total>
				<timestamp>5970.555368</timestamp>
			</report>
			<report>
				<misses>946000001</misses>
				<total>0</total>
				<timestamp>5971.187769</timestamp>
			</report>
			<report>
				<misses>946100001</misses>
				<total>0</total>
				<timestamp>5971.825333</timestamp>
			</report>
			<report>
				<misses>946200001</misses>
				<total>0</total>
				<timestamp>5972.465095</timestamp>
			</report>
			<report>
				<misses>946300001</misses>
				<total>0</total>
				<timestamp>5973.094423</timestamp>
			</report>
			<report>
				<misses>946400001</misses>
				<total>0</total>
				<timestamp>5973.721373</timestamp>
			</report>
			<report>
				<misses>946500001</misses>
				<total>0</total>
				<timestamp>5974.346319</timestamp>
			</report>
			<report>
				<misses>946600001</misses>
				<total>0</total>
				<timestamp>5974.974299</timestamp>
			</report>
			<report>
				<misses>946700001</misses>
				<total>0</total>
				<timestamp>5975.606942</timestamp>
			</report>
			<report>
				<misses>946800001</misses>
				<total>0</total>
				<timestamp>5976.231772</timestamp>
			</report>
			<report>
				<misses>946900001</misses>
				<total>0</total>
				<timestamp>5976.861023</timestamp>
			</report>
			<report>
				<misses>947000001</misses>
				<total>0</total>
				<timestamp>5977.494647</timestamp>
			</report>
			<report>
				<misses>947100001</misses>
				<total>0</total>
				<timestamp>5978.126562</timestamp>
			</report>
			<report>
				<misses>947200001</misses>
				<total>0</total>
				<timestamp>5978.755901</timestamp>
			</report>
			<report>
				<misses>947300001</misses>
				<total>0</total>
				<timestamp>5979.382006</timestamp>
			</report>
			<report>
				<misses>947400001</misses>
				<total>0</total>
				<timestamp>5980.005694</timestamp>
			</report>
			<report>
				<misses>947500001</misses>
				<total>0</total>
				<timestamp>5980.637811</timestamp>
			</report>
			<report>
				<misses>947600001</misses>
				<total>0</total>
				<timestamp>5981.286394</timestamp>
			</report>
			<report>
				<misses>947700001</misses>
				<total>0</total>
				<timestamp>5981.927265</timestamp>
			</report>
			<report>
				<misses>947800001</misses>
				<total>0</total>
				<timestamp>5982.570669</timestamp>
			</report>
			<report>
				<misses>947900001</misses>
				<total>0</total>
				<timestamp>5983.208903</timestamp>
			</report>
			<report>
				<misses>948000001</misses>
				<total>0</total>
				<timestamp>5983.838727</timestamp>
			</report>
			<report>
				<misses>948100001</misses>
				<total>0</total>
				<timestamp>5984.475677</timestamp>
			</report>
			<report>
				<misses>948200001</misses>
				<total>0</total>
				<timestamp>5985.110857</timestamp>
			</report>
			<report>
				<misses>948300001</misses>
				<total>0</total>
				<timestamp>5985.735886</timestamp>
			</report>
			<report>
				<misses>948400001</misses>
				<total>0</total>
				<timestamp>5986.376105</timestamp>
			</report>
			<report>
				<misses>948500001</misses>
				<total>0</total>
				<timestamp>5987.004185</timestamp>
			</report>
			<report>
				<misses>948600001</misses>
				<total>0</total>
				<timestamp>5987.633054</timestamp>
			</report>
			<report>
				<misses>948700001</misses>
				<total>0</total>
				<timestamp>5988.262601</timestamp>
			</report>
			<report>
				<misses>948800001</misses>
				<total>0</total>
				<timestamp>5988.896467</timestamp>
			</report>
			<report>
				<misses>948900001</misses>
				<total>0</total>
				<timestamp>5989.530398</timestamp>
			</report>
			<report>
				<misses>949000001</misses>
				<total>0</total>
				<timestamp>5990.167131</timestamp>
			</report>
			<report>
				<misses>949100001</misses>
				<total>0</total>
				<timestamp>5990.795041</timestamp>
			</report>
			<report>
				<misses>949200001</misses>
				<total>0</total>
				<timestamp>5991.440817</timestamp>
			</report>
			<report>
				<misses>949300001</misses>
				<total>0</total>
				<timestamp>5992.069558</timestamp>
			</report>
			<report>
				<misses>949400001</misses>
				<total>0</total>
				<timestamp>5992.697725</timestamp>
			</report>
			<report>
				<misses>949500001</misses>
				<total>0</total>
				<timestamp>5993.335130</timestamp>
			</report>
			<report>
				<misses>949600001</misses>
				<total>0</total>
				<timestamp>5993.963313</timestamp>
			</report>
			<report>
				<misses>949700001</misses>
				<total>0</total>
				<timestamp>5994.593383</timestamp>
			</report>
			<report>
				<misses>949800001</misses>
				<total>0</total>
				<timestamp>5995.221212</timestamp>
			</report>
			<report>
				<misses>949900001</misses>
				<total>0</total>
				<timestamp>5995.848222</timestamp>
			</report>
			<report>
				<misses>950000001</misses>
				<total>0</total>
				<timestamp>5996.477261</timestamp>
			</report>
			<report>
				<misses>950100001</misses>
				<total>0</total>
				<timestamp>5997.104742</timestamp>
			</report>
			<report>
				<misses>950200001</misses>
				<total>0</total>
				<timestamp>5997.733188</timestamp>
			</report>
			<report>
				<misses>950300001</misses>
				<total>0</total>
				<timestamp>5998.374061</timestamp>
			</report>
			<report>
				<misses>950400001</misses>
				<total>0</total>
				<timestamp>5999.005107</timestamp>
			</report>
			<report>
				<misses>950500001</misses>
				<total>0</total>
				<timestamp>5999.630700</timestamp>
			</report>
			<report>
				<misses>950600001</misses>
				<total>0</total>
				<timestamp>6000.258418</timestamp>
			</report>
			<report>
				<misses>950700001</misses>
				<total>0</total>
				<timestamp>6000.884197</timestamp>
			</report>
			<report>
				<misses>950800001</misses>
				<total>0</total>
				<timestamp>6001.516955</timestamp>
			</report>
			<report>
				<misses>950900001</misses>
				<total>0</total>
				<timestamp>6002.149785</timestamp>
			</report>
			<report>
				<misses>951000001</misses>
				<total>0</total>
				<timestamp>6002.781489</timestamp>
			</report>
			<report>
				<misses>951100001</misses>
				<total>0</total>
				<timestamp>6003.413525</timestamp>
			</report>
			<report>
				<misses>951200001</misses>
				<total>0</total>
				<timestamp>6004.042716</timestamp>
			</report>
			<report>
				<misses>951300001</misses>
				<total>0</total>
				<timestamp>6004.672537</timestamp>
			</report>
			<report>
				<misses>951400001</misses>
				<total>0</total>
				<timestamp>6005.316561</timestamp>
			</report>
			<report>
				<misses>951500001</misses>
				<total>0</total>
				<timestamp>6005.952764</timestamp>
			</report>
			<report>
				<misses>951600001</misses>
				<total>0</total>
				<timestamp>6006.581182</timestamp>
			</report>
			<report>
				<misses>951700001</misses>
				<total>0</total>
				<timestamp>6007.209611</timestamp>
			</report>
			<report>
				<misses>951800001</misses>
				<total>0</total>
				<timestamp>6007.836629</timestamp>
			</report>
			<report>
				<misses>951900001</misses>
				<total>0</total>
				<timestamp>6008.470710</timestamp>
			</report>
			<report>
				<misses>952000001</misses>
				<total>0</total>
				<timestamp>6009.102503</timestamp>
			</report>
			<report>
				<misses>952100001</misses>
				<total>0</total>
				<timestamp>6009.730554</timestamp>
			</report>
			<report>
				<misses>952200001</misses>
				<total>0</total>
				<timestamp>6010.379054</timestamp>
			</report>
			<report>
				<misses>952300001</misses>
				<total>0</total>
				<timestamp>6011.007360</timestamp>
			</report>
			<report>
				<misses>952400001</misses>
				<total>0</total>
				<timestamp>6011.636716</timestamp>
			</report>
			<report>
				<misses>952500001</misses>
				<total>0</total>
				<timestamp>6012.271043</timestamp>
			</report>
			<report>
				<misses>952600001</misses>
				<total>0</total>
				<timestamp>6012.905196</timestamp>
			</report>
			<report>
				<misses>952700001</misses>
				<total>0</total>
				<timestamp>6013.537983</timestamp>
			</report>
			<report>
				<misses>952800001</misses>
				<total>0</total>
				<timestamp>6014.164890</timestamp>
			</report>
			<report>
				<misses>952900001</misses>
				<total>0</total>
				<timestamp>6014.790103</timestamp>
			</report>
			<report>
				<misses>953000001</misses>
				<total>0</total>
				<timestamp>6015.415917</timestamp>
			</report>
			<report>
				<misses>953100001</misses>
				<total>0</total>
				<timestamp>6016.047595</timestamp>
			</report>
			<report>
				<misses>953200001</misses>
				<total>0</total>
				<timestamp>6016.677674</timestamp>
			</report>
			<report>
				<misses>953300001</misses>
				<total>0</total>
				<timestamp>6017.315360</timestamp>
			</report>
			<report>
				<misses>953400001</misses>
				<total>0</total>
				<timestamp>6017.940124</timestamp>
			</report>
			<report>
				<misses>953500001</misses>
				<total>0</total>
				<timestamp>6018.567646</timestamp>
			</report>
			<report>
				<misses>953600001</misses>
				<total>0</total>
				<timestamp>6019.190840</timestamp>
			</report>
			<report>
				<misses>953700001</misses>
				<total>0</total>
				<timestamp>6019.817194</timestamp>
			</report>
			<report>
				<misses>953800001</misses>
				<total>0</total>
				<timestamp>6020.448524</timestamp>
			</report>
			<report>
				<misses>953900001</misses>
				<total>0</total>
				<timestamp>6021.077910</timestamp>
			</report>
			<report>
				<misses>954000001</misses>
				<total>0</total>
				<timestamp>6021.714433</timestamp>
			</report>
			<report>
				<misses>954100001</misses>
				<total>0</total>
				<timestamp>6022.352542</timestamp>
			</report>
			<report>
				<misses>954200001</misses>
				<total>0</total>
				<timestamp>6022.980354</timestamp>
			</report>
			<report>
				<misses>954300001</misses>
				<total>0</total>
				<timestamp>6023.604687</timestamp>
			</report>
			<report>
				<misses>954400001</misses>
				<total>0</total>
				<timestamp>6024.232860</timestamp>
			</report>
			<report>
				<misses>954500001</misses>
				<total>0</total>
				<timestamp>6024.857914</timestamp>
			</report>
			<report>
				<misses>954600001</misses>
				<total>0</total>
				<timestamp>6025.484071</timestamp>
			</report>
			<report>
				<misses>954700001</misses>
				<total>0</total>
				<timestamp>6026.111148</timestamp>
			</report>
			<report>
				<misses>954800001</misses>
				<total>0</total>
				<timestamp>6026.739803</timestamp>
			</report>
			<report>
				<misses>954900001</misses>
				<total>0</total>
				<timestamp>6027.365271</timestamp>
			</report>
			<report>
				<misses>955000001</misses>
				<total>0</total>
				<timestamp>6028.002376</timestamp>
			</report>
			<report>
				<misses>955100001</misses>
				<total>0</total>
				<timestamp>6028.645714</timestamp>
			</report>
			<report>
				<misses>955200001</misses>
				<total>0</total>
				<timestamp>6029.276743</timestamp>
			</report>
			<report>
				<misses>955300001</misses>
				<total>0</total>
				<timestamp>6029.907539</timestamp>
			</report>
			<report>
				<misses>955400001</misses>
				<total>0</total>
				<timestamp>6030.538619</timestamp>
			</report>
			<report>
				<misses>955500001</misses>
				<total>0</total>
				<timestamp>6031.168914</timestamp>
			</report>
			<report>
				<misses>955600001</misses>
				<total>0</total>
				<timestamp>6031.811949</timestamp>
			</report>
			<report>
				<misses>955700001</misses>
				<total>0</total>
				<timestamp>6032.453148</timestamp>
			</report>
			<report>
				<misses>955800001</misses>
				<total>0</total>
				<timestamp>6033.081978</timestamp>
			</report>
			<report>
				<misses>955900001</misses>
				<total>0</total>
				<timestamp>6033.712306</timestamp>
			</report>
			<report>
				<misses>956000001</misses>
				<total>0</total>
				<timestamp>6034.337664</timestamp>
			</report>
			<report>
				<misses>956100001</misses>
				<total>0</total>
				<timestamp>6034.972694</timestamp>
			</report>
			<report>
				<misses>956200001</misses>
				<total>0</total>
				<timestamp>6035.599908</timestamp>
			</report>
			<report>
				<misses>956300001</misses>
				<total>0</total>
				<timestamp>6036.222658</timestamp>
			</report>
			<report>
				<misses>956400001</misses>
				<total>0</total>
				<timestamp>6036.868463</timestamp>
			</report>
			<report>
				<misses>956500001</misses>
				<total>0</total>
				<timestamp>6037.531962</timestamp>
			</report>
			<report>
				<misses>956600001</misses>
				<total>0</total>
				<timestamp>6038.171130</timestamp>
			</report>
			<report>
				<misses>956700001</misses>
				<total>0</total>
				<timestamp>6038.805430</timestamp>
			</report>
			<report>
				<misses>956800001</misses>
				<total>0</total>
				<timestamp>6039.447336</timestamp>
			</report>
			<report>
				<misses>956900001</misses>
				<total>0</total>
				<timestamp>6040.077663</timestamp>
			</report>
			<report>
				<misses>957000001</misses>
				<total>0</total>
				<timestamp>6040.703043</timestamp>
			</report>
			<report>
				<misses>957100001</misses>
				<total>0</total>
				<timestamp>6041.333638</timestamp>
			</report>
			<report>
				<misses>957200001</misses>
				<total>0</total>
				<timestamp>6041.964335</timestamp>
			</report>
			<report>
				<misses>957300001</misses>
				<total>0</total>
				<timestamp>6042.594405</timestamp>
			</report>
			<report>
				<misses>957400001</misses>
				<total>0</total>
				<timestamp>6043.225623</timestamp>
			</report>
			<report>
				<misses>957500001</misses>
				<total>0</total>
				<timestamp>6043.849827</timestamp>
			</report>
			<report>
				<misses>957600001</misses>
				<total>0</total>
				<timestamp>6044.500050</timestamp>
			</report>
			<report>
				<misses>957700001</misses>
				<total>0</total>
				<timestamp>6045.139945</timestamp>
			</report>
			<report>
				<misses>957800001</misses>
				<total>0</total>
				<timestamp>6045.763494</timestamp>
			</report>
			<report>
				<misses>957900001</misses>
				<total>0</total>
				<timestamp>6046.385641</timestamp>
			</report>
			<report>
				<misses>958000001</misses>
				<total>0</total>
				<timestamp>6047.009850</timestamp>
			</report>
			<report>
				<misses>958100001</misses>
				<total>0</total>
				<timestamp>6047.637753</timestamp>
			</report>
			<report>
				<misses>958200001</misses>
				<total>0</total>
				<timestamp>6048.261517</timestamp>
			</report>
			<report>
				<misses>958300001</misses>
				<total>0</total>
				<timestamp>6048.898869</timestamp>
			</report>
			<report>
				<misses>958400001</misses>
				<total>0</total>
				<timestamp>6049.536453</timestamp>
			</report>
			<report>
				<misses>958500001</misses>
				<total>0</total>
				<timestamp>6050.159104</timestamp>
			</report>
			<report>
				<misses>958600001</misses>
				<total>0</total>
				<timestamp>6050.785298</timestamp>
			</report>
			<report>
				<misses>958700001</misses>
				<total>0</total>
				<timestamp>6051.414330</timestamp>
			</report>
			<report>
				<misses>958800001</misses>
				<total>0</total>
				<timestamp>6052.039528</timestamp>
			</report>
			<report>
				<misses>958900001</misses>
				<total>0</total>
				<timestamp>6052.669040</timestamp>
			</report>
			<report>
				<misses>959000001</misses>
				<total>0</total>
				<timestamp>6053.292055</timestamp>
			</report>
			<report>
				<misses>959100001</misses>
				<total>0</total>
				<timestamp>6053.919715</timestamp>
			</report>
			<report>
				<misses>959200001</misses>
				<total>0</total>
				<timestamp>6054.543876</timestamp>
			</report>
			<report>
				<misses>959300001</misses>
				<total>0</total>
				<timestamp>6055.170781</timestamp>
			</report>
			<report>
				<misses>959400001</misses>
				<total>0</total>
				<timestamp>6055.797653</timestamp>
			</report>
			<report>
				<misses>959500001</misses>
				<total>0</total>
				<timestamp>6056.422092</timestamp>
			</report>
			<report>
				<misses>959600001</misses>
				<total>0</total>
				<timestamp>6057.054518</timestamp>
			</report>
			<report>
				<misses>959700001</misses>
				<total>0</total>
				<timestamp>6057.686990</timestamp>
			</report>
			<report>
				<misses>959800001</misses>
				<total>0</total>
				<timestamp>6058.321660</timestamp>
			</report>
			<report>
				<misses>959900001</misses>
				<total>0</total>
				<timestamp>6058.945860</timestamp>
			</report>
			<report>
				<misses>960000001</misses>
				<total>0</total>
				<timestamp>6059.571164</timestamp>
			</report>
			<report>
				<misses>960100001</misses>
				<total>0</total>
				<timestamp>6060.191608</timestamp>
			</report>
			<report>
				<misses>960200001</misses>
				<total>0</total>
				<timestamp>6060.818214</timestamp>
			</report>
			<report>
				<misses>960300001</misses>
				<total>0</total>
				<timestamp>6061.441335</timestamp>
			</report>
			<report>
				<misses>960400001</misses>
				<total>0</total>
				<timestamp>6062.070150</timestamp>
			</report>
			<report>
				<misses>960500001</misses>
				<total>0</total>
				<timestamp>6062.697441</timestamp>
			</report>
			<report>
				<misses>960600001</misses>
				<total>0</total>
				<timestamp>6063.324860</timestamp>
			</report>
			<report>
				<misses>960700001</misses>
				<total>0</total>
				<timestamp>6063.956325</timestamp>
			</report>
			<report>
				<misses>960800001</misses>
				<total>0</total>
				<timestamp>6064.584306</timestamp>
			</report>
			<report>
				<misses>960900001</misses>
				<total>0</total>
				<timestamp>6065.206851</timestamp>
			</report>
			<report>
				<misses>961000001</misses>
				<total>0</total>
				<timestamp>6065.845072</timestamp>
			</report>
			<report>
				<misses>961100001</misses>
				<total>0</total>
				<timestamp>6066.474127</timestamp>
			</report>
			<report>
				<misses>961200001</misses>
				<total>0</total>
				<timestamp>6067.107044</timestamp>
			</report>
			<report>
				<misses>961300001</misses>
				<total>0</total>
				<timestamp>6067.736136</timestamp>
			</report>
			<report>
				<misses>961400001</misses>
				<total>0</total>
				<timestamp>6068.362833</timestamp>
			</report>
			<report>
				<misses>961500001</misses>
				<total>0</total>
				<timestamp>6068.995764</timestamp>
			</report>
			<report>
				<misses>961600001</misses>
				<total>0</total>
				<timestamp>6069.627168</timestamp>
			</report>
			<report>
				<misses>961700001</misses>
				<total>0</total>
				<timestamp>6070.260015</timestamp>
			</report>
			<report>
				<misses>961800001</misses>
				<total>0</total>
				<timestamp>6070.889180</timestamp>
			</report>
			<report>
				<misses>961900001</misses>
				<total>0</total>
				<timestamp>6071.520443</timestamp>
			</report>
			<report>
				<misses>962000001</misses>
				<total>0</total>
				<timestamp>6072.171048</timestamp>
			</report>
			<report>
				<misses>962100001</misses>
				<total>0</total>
				<timestamp>6072.818583</timestamp>
			</report>
			<report>
				<misses>962200001</misses>
				<total>0</total>
				<timestamp>6073.450158</timestamp>
			</report>
			<report>
				<misses>962300001</misses>
				<total>0</total>
				<timestamp>6074.078544</timestamp>
			</report>
			<report>
				<misses>962400001</misses>
				<total>0</total>
				<timestamp>6074.712081</timestamp>
			</report>
			<report>
				<misses>962500001</misses>
				<total>0</total>
				<timestamp>6075.338718</timestamp>
			</report>
			<report>
				<misses>962600001</misses>
				<total>0</total>
				<timestamp>6075.973099</timestamp>
			</report>
			<report>
				<misses>962700001</misses>
				<total>0</total>
				<timestamp>6076.621259</timestamp>
			</report>
			<report>
				<misses>962800001</misses>
				<total>0</total>
				<timestamp>6077.257361</timestamp>
			</report>
			<report>
				<misses>962900001</misses>
				<total>0</total>
				<timestamp>6077.908413</timestamp>
			</report>
			<report>
				<misses>963000001</misses>
				<total>0</total>
				<timestamp>6078.537495</timestamp>
			</report>
			<report>
				<misses>963100001</misses>
				<total>0</total>
				<timestamp>6079.166608</timestamp>
			</report>
			<report>
				<misses>963200001</misses>
				<total>0</total>
				<timestamp>6079.796404</timestamp>
			</report>
			<report>
				<misses>963300001</misses>
				<total>0</total>
				<timestamp>6080.425622</timestamp>
			</report>
			<report>
				<misses>963400001</misses>
				<total>0</total>
				<timestamp>6081.057432</timestamp>
			</report>
			<report>
				<misses>963500001</misses>
				<total>0</total>
				<timestamp>6081.684760</timestamp>
			</report>
			<report>
				<misses>963600001</misses>
				<total>0</total>
				<timestamp>6082.312719</timestamp>
			</report>
			<report>
				<misses>963700001</misses>
				<total>0</total>
				<timestamp>6082.943320</timestamp>
			</report>
			<report>
				<misses>963800001</misses>
				<total>0</total>
				<timestamp>6083.572595</timestamp>
			</report>
			<report>
				<misses>963900001</misses>
				<total>0</total>
				<timestamp>6084.206589</timestamp>
			</report>
			<report>
				<misses>964000001</misses>
				<total>0</total>
				<timestamp>6084.839223</timestamp>
			</report>
			<report>
				<misses>964100001</misses>
				<total>0</total>
				<timestamp>6085.467177</timestamp>
			</report>
			<report>
				<misses>964200001</misses>
				<total>0</total>
				<timestamp>6086.096060</timestamp>
			</report>
			<report>
				<misses>964300001</misses>
				<total>0</total>
				<timestamp>6086.719255</timestamp>
			</report>
			<report>
				<misses>964400001</misses>
				<total>0</total>
				<timestamp>6087.345960</timestamp>
			</report>
			<report>
				<misses>964500001</misses>
				<total>0</total>
				<timestamp>6087.969657</timestamp>
			</report>
			<report>
				<misses>964600001</misses>
				<total>0</total>
				<timestamp>6088.603219</timestamp>
			</report>
			<report>
				<misses>964700001</misses>
				<total>0</total>
				<timestamp>6089.251670</timestamp>
			</report>
			<report>
				<misses>964800001</misses>
				<total>0</total>
				<timestamp>6089.885539</timestamp>
			</report>
			<report>
				<misses>964900001</misses>
				<total>0</total>
				<timestamp>6090.513172</timestamp>
			</report>
			<report>
				<misses>965000001</misses>
				<total>0</total>
				<timestamp>6091.149694</timestamp>
			</report>
			<report>
				<misses>965100001</misses>
				<total>0</total>
				<timestamp>6091.794969</timestamp>
			</report>
			<report>
				<misses>965200001</misses>
				<total>0</total>
				<timestamp>6092.423580</timestamp>
			</report>
			<report>
				<misses>965300001</misses>
				<total>0</total>
				<timestamp>6093.052826</timestamp>
			</report>
			<report>
				<misses>965400001</misses>
				<total>0</total>
				<timestamp>6093.679856</timestamp>
			</report>
			<report>
				<misses>965500001</misses>
				<total>0</total>
				<timestamp>6094.311354</timestamp>
			</report>
			<report>
				<misses>965600001</misses>
				<total>0</total>
				<timestamp>6094.945481</timestamp>
			</report>
			<report>
				<misses>965700001</misses>
				<total>0</total>
				<timestamp>6095.578605</timestamp>
			</report>
			<report>
				<misses>965800001</misses>
				<total>0</total>
				<timestamp>6096.213489</timestamp>
			</report>
			<report>
				<misses>965900001</misses>
				<total>0</total>
				<timestamp>6096.847288</timestamp>
			</report>
			<report>
				<misses>966000001</misses>
				<total>0</total>
				<timestamp>6097.482179</timestamp>
			</report>
			<report>
				<misses>966100001</misses>
				<total>0</total>
				<timestamp>6098.110170</timestamp>
			</report>
			<report>
				<misses>966200001</misses>
				<total>0</total>
				<timestamp>6098.731850</timestamp>
			</report>
			<report>
				<misses>966300001</misses>
				<total>0</total>
				<timestamp>6099.361261</timestamp>
			</report>
			<report>
				<misses>966400001</misses>
				<total>0</total>
				<timestamp>6099.986424</timestamp>
			</report>
			<report>
				<misses>966500001</misses>
				<total>0</total>
				<timestamp>6100.616622</timestamp>
			</report>
			<report>
				<misses>966600001</misses>
				<total>0</total>
				<timestamp>6101.266903</timestamp>
			</report>
			<report>
				<misses>966700001</misses>
				<total>0</total>
				<timestamp>6101.896463</timestamp>
			</report>
			<report>
				<misses>966800001</misses>
				<total>0</total>
				<timestamp>6102.535758</timestamp>
			</report>
			<report>
				<misses>966900001</misses>
				<total>0</total>
				<timestamp>6103.168357</timestamp>
			</report>
			<report>
				<misses>967000001</misses>
				<total>0</total>
				<timestamp>6103.797450</timestamp>
			</report>
			<report>
				<misses>967100001</misses>
				<total>0</total>
				<timestamp>6104.424078</timestamp>
			</report>
			<report>
				<misses>967200001</misses>
				<total>0</total>
				<timestamp>6105.051475</timestamp>
			</report>
			<report>
				<misses>967300001</misses>
				<total>0</total>
				<timestamp>6105.684639</timestamp>
			</report>
			<report>
				<misses>967400001</misses>
				<total>0</total>
				<timestamp>6106.326002</timestamp>
			</report>
			<report>
				<misses>967500001</misses>
				<total>0</total>
				<timestamp>6106.967603</timestamp>
			</report>
			<report>
				<misses>967600001</misses>
				<total>0</total>
				<timestamp>6107.596332</timestamp>
			</report>
			<report>
				<misses>967700001</misses>
				<total>0</total>
				<timestamp>6108.228390</timestamp>
			</report>
			<report>
				<misses>967800001</misses>
				<total>0</total>
				<timestamp>6108.861371</timestamp>
			</report>
			<report>
				<misses>967900001</misses>
				<total>0</total>
				<timestamp>6109.494133</timestamp>
			</report>
			<report>
				<misses>968000001</misses>
				<total>0</total>
				<timestamp>6110.120773</timestamp>
			</report>
			<report>
				<misses>968100001</misses>
				<total>0</total>
				<timestamp>6110.745912</timestamp>
			</report>
			<report>
				<misses>968200001</misses>
				<total>0</total>
				<timestamp>6111.367857</timestamp>
			</report>
			<report>
				<misses>968300001</misses>
				<total>0</total>
				<timestamp>6111.998595</timestamp>
			</report>
			<report>
				<misses>968400001</misses>
				<total>0</total>
				<timestamp>6112.625542</timestamp>
			</report>
			<report>
				<misses>968500001</misses>
				<total>0</total>
				<timestamp>6113.252812</timestamp>
			</report>
			<report>
				<misses>968600001</misses>
				<total>0</total>
				<timestamp>6113.883590</timestamp>
			</report>
			<report>
				<misses>968700001</misses>
				<total>0</total>
				<timestamp>6114.509271</timestamp>
			</report>
			<report>
				<misses>968800001</misses>
				<total>0</total>
				<timestamp>6115.136936</timestamp>
			</report>
			<report>
				<misses>968900001</misses>
				<total>0</total>
				<timestamp>6115.762759</timestamp>
			</report>
			<report>
				<misses>969000001</misses>
				<total>0</total>
				<timestamp>6116.392230</timestamp>
			</report>
			<report>
				<misses>969100001</misses>
				<total>0</total>
				<timestamp>6117.019731</timestamp>
			</report>
			<report>
				<misses>969200001</misses>
				<total>0</total>
				<timestamp>6117.654325</timestamp>
			</report>
			<report>
				<misses>969300001</misses>
				<total>0</total>
				<timestamp>6118.301745</timestamp>
			</report>
			<report>
				<misses>969400001</misses>
				<total>0</total>
				<timestamp>6118.941320</timestamp>
			</report>
			<report>
				<misses>969500001</misses>
				<total>0</total>
				<timestamp>6119.569042</timestamp>
			</report>
			<report>
				<misses>969600001</misses>
				<total>0</total>
				<timestamp>6120.194468</timestamp>
			</report>
			<report>
				<misses>969700001</misses>
				<total>0</total>
				<timestamp>6120.821011</timestamp>
			</report>
			<report>
				<misses>969800001</misses>
				<total>0</total>
				<timestamp>6121.463530</timestamp>
			</report>
			<report>
				<misses>969900001</misses>
				<total>0</total>
				<timestamp>6122.090145</timestamp>
			</report>
			<report>
				<misses>970000001</misses>
				<total>0</total>
				<timestamp>6122.714086</timestamp>
			</report>
			<report>
				<misses>970100001</misses>
				<total>0</total>
				<timestamp>6123.342379</timestamp>
			</report>
			<report>
				<misses>970200001</misses>
				<total>0</total>
				<timestamp>6123.969084</timestamp>
			</report>
			<report>
				<misses>970300001</misses>
				<total>0</total>
				<timestamp>6124.611507</timestamp>
			</report>
			<report>
				<misses>970400001</misses>
				<total>0</total>
				<timestamp>6125.244593</timestamp>
			</report>
			<report>
				<misses>970500001</misses>
				<total>0</total>
				<timestamp>6125.871539</timestamp>
			</report>
			<report>
				<misses>970600001</misses>
				<total>0</total>
				<timestamp>6126.501154</timestamp>
			</report>
			<report>
				<misses>970700001</misses>
				<total>0</total>
				<timestamp>6127.133354</timestamp>
			</report>
			<report>
				<misses>970800001</misses>
				<total>0</total>
				<timestamp>6127.766206</timestamp>
			</report>
			<report>
				<misses>970900001</misses>
				<total>0</total>
				<timestamp>6128.391742</timestamp>
			</report>
			<report>
				<misses>971000001</misses>
				<total>0</total>
				<timestamp>6129.018413</timestamp>
			</report>
			<report>
				<misses>971100001</misses>
				<total>0</total>
				<timestamp>6129.651573</timestamp>
			</report>
			<report>
				<misses>971200001</misses>
				<total>0</total>
				<timestamp>6130.275364</timestamp>
			</report>
			<report>
				<misses>971300001</misses>
				<total>0</total>
				<timestamp>6130.902539</timestamp>
			</report>
			<report>
				<misses>971400001</misses>
				<total>0</total>
				<timestamp>6131.534594</timestamp>
			</report>
			<report>
				<misses>971500001</misses>
				<total>0</total>
				<timestamp>6132.161117</timestamp>
			</report>
			<report>
				<misses>971600001</misses>
				<total>0</total>
				<timestamp>6132.781448</timestamp>
			</report>
			<report>
				<misses>971700001</misses>
				<total>0</total>
				<timestamp>6133.409074</timestamp>
			</report>
			<report>
				<misses>971800001</misses>
				<total>0</total>
				<timestamp>6134.033543</timestamp>
			</report>
			<report>
				<misses>971900001</misses>
				<total>0</total>
				<timestamp>6134.663208</timestamp>
			</report>
			<report>
				<misses>972000001</misses>
				<total>0</total>
				<timestamp>6135.296102</timestamp>
			</report>
			<report>
				<misses>972100001</misses>
				<total>0</total>
				<timestamp>6135.922841</timestamp>
			</report>
			<report>
				<misses>972200001</misses>
				<total>0</total>
				<timestamp>6136.554414</timestamp>
			</report>
			<report>
				<misses>972300001</misses>
				<total>0</total>
				<timestamp>6137.186873</timestamp>
			</report>
			<report>
				<misses>972400001</misses>
				<total>0</total>
				<timestamp>6137.818430</timestamp>
			</report>
			<report>
				<misses>972500001</misses>
				<total>0</total>
				<timestamp>6138.442394</timestamp>
			</report>
			<report>
				<misses>972600001</misses>
				<total>0</total>
				<timestamp>6139.069993</timestamp>
			</report>
			<report>
				<misses>972700001</misses>
				<total>0</total>
				<timestamp>6139.693072</timestamp>
			</report>
			<report>
				<misses>972800001</misses>
				<total>0</total>
				<timestamp>6140.321375</timestamp>
			</report>
			<report>
				<misses>972900001</misses>
				<total>0</total>
				<timestamp>6140.950221</timestamp>
			</report>
			<report>
				<misses>973000001</misses>
				<total>0</total>
				<timestamp>6141.575789</timestamp>
			</report>
			<report>
				<misses>973100001</misses>
				<total>0</total>
				<timestamp>6142.206182</timestamp>
			</report>
			<report>
				<misses>973200001</misses>
				<total>0</total>
				<timestamp>6142.837654</timestamp>
			</report>
			<report>
				<misses>973300001</misses>
				<total>0</total>
				<timestamp>6143.473010</timestamp>
			</report>
			<report>
				<misses>973400001</misses>
				<total>0</total>
				<timestamp>6144.099160</timestamp>
			</report>
			<report>
				<misses>973500001</misses>
				<total>0</total>
				<timestamp>6144.734819</timestamp>
			</report>
			<report>
				<misses>973600001</misses>
				<total>0</total>
				<timestamp>6145.367758</timestamp>
			</report>
			<report>
				<misses>973700001</misses>
				<total>0</total>
				<timestamp>6145.997091</timestamp>
			</report>
			<report>
				<misses>973800001</misses>
				<total>0</total>
				<timestamp>6146.635999</timestamp>
			</report>
			<report>
				<misses>973900001</misses>
				<total>0</total>
				<timestamp>6147.264339</timestamp>
			</report>
			<report>
				<misses>974000001</misses>
				<total>0</total>
				<timestamp>6147.895831</timestamp>
			</report>
			<report>
				<misses>974100001</misses>
				<total>0</total>
				<timestamp>6148.531984</timestamp>
			</report>
			<report>
				<misses>974200001</misses>
				<total>0</total>
				<timestamp>6149.165318</timestamp>
			</report>
			<report>
				<misses>974300001</misses>
				<total>0</total>
				<timestamp>6149.790667</timestamp>
			</report>
			<report>
				<misses>974400001</misses>
				<total>0</total>
				<timestamp>6150.415395</timestamp>
			</report>
			<report>
				<misses>974500001</misses>
				<total>0</total>
				<timestamp>6151.053888</timestamp>
			</report>
			<report>
				<misses>974600001</misses>
				<total>0</total>
				<timestamp>6151.682370</timestamp>
			</report>
			<report>
				<misses>974700001</misses>
				<total>0</total>
				<timestamp>6152.312239</timestamp>
			</report>
			<report>
				<misses>974800001</misses>
				<total>0</total>
				<timestamp>6152.938377</timestamp>
			</report>
			<report>
				<misses>974900001</misses>
				<total>0</total>
				<timestamp>6153.567979</timestamp>
			</report>
			<report>
				<misses>975000001</misses>
				<total>0</total>
				<timestamp>6154.210590</timestamp>
			</report>
			<report>
				<misses>975100001</misses>
				<total>0</total>
				<timestamp>6154.857529</timestamp>
			</report>
			<report>
				<misses>975200001</misses>
				<total>0</total>
				<timestamp>6155.488286</timestamp>
			</report>
			<report>
				<misses>975300001</misses>
				<total>0</total>
				<timestamp>6156.121522</timestamp>
			</report>
			<report>
				<misses>975400001</misses>
				<total>0</total>
				<timestamp>6156.753388</timestamp>
			</report>
			<report>
				<misses>975500001</misses>
				<total>0</total>
				<timestamp>6157.382531</timestamp>
			</report>
			<report>
				<misses>975600001</misses>
				<total>0</total>
				<timestamp>6158.013201</timestamp>
			</report>
			<report>
				<misses>975700001</misses>
				<total>0</total>
				<timestamp>6158.655672</timestamp>
			</report>
			<report>
				<misses>975800001</misses>
				<total>0</total>
				<timestamp>6159.284082</timestamp>
			</report>
			<report>
				<misses>975900001</misses>
				<total>0</total>
				<timestamp>6159.909966</timestamp>
			</report>
			<report>
				<misses>976000001</misses>
				<total>0</total>
				<timestamp>6160.538540</timestamp>
			</report>
			<report>
				<misses>976100001</misses>
				<total>0</total>
				<timestamp>6161.168885</timestamp>
			</report>
			<report>
				<misses>976200001</misses>
				<total>0</total>
				<timestamp>6161.796092</timestamp>
			</report>
			<report>
				<misses>976300001</misses>
				<total>0</total>
				<timestamp>6162.428035</timestamp>
			</report>
			<report>
				<misses>976400001</misses>
				<total>0</total>
				<timestamp>6163.062262</timestamp>
			</report>
			<report>
				<misses>976500001</misses>
				<total>0</total>
				<timestamp>6163.699573</timestamp>
			</report>
			<report>
				<misses>976600001</misses>
				<total>0</total>
				<timestamp>6164.327824</timestamp>
			</report>
			<report>
				<misses>976700001</misses>
				<total>0</total>
				<timestamp>6164.956398</timestamp>
			</report>
			<report>
				<misses>976800001</misses>
				<total>0</total>
				<timestamp>6165.582440</timestamp>
			</report>
			<report>
				<misses>976900001</misses>
				<total>0</total>
				<timestamp>6166.213768</timestamp>
			</report>
			<report>
				<misses>977000001</misses>
				<total>0</total>
				<timestamp>6166.849659</timestamp>
			</report>
			<report>
				<misses>977100001</misses>
				<total>0</total>
				<timestamp>6167.492625</timestamp>
			</report>
			<report>
				<misses>977200001</misses>
				<total>0</total>
				<timestamp>6168.122895</timestamp>
			</report>
			<report>
				<misses>977300001</misses>
				<total>0</total>
				<timestamp>6168.750833</timestamp>
			</report>
			<report>
				<misses>977400001</misses>
				<total>0</total>
				<timestamp>6169.377122</timestamp>
			</report>
			<report>
				<misses>977500001</misses>
				<total>0</total>
				<timestamp>6170.008405</timestamp>
			</report>
			<report>
				<misses>977600001</misses>
				<total>0</total>
				<timestamp>6170.640759</timestamp>
			</report>
			<report>
				<misses>977700001</misses>
				<total>0</total>
				<timestamp>6171.268479</timestamp>
			</report>
			<report>
				<misses>977800001</misses>
				<total>0</total>
				<timestamp>6171.909861</timestamp>
			</report>
			<report>
				<misses>977900001</misses>
				<total>0</total>
				<timestamp>6172.535300</timestamp>
			</report>
			<report>
				<misses>978000001</misses>
				<total>0</total>
				<timestamp>6173.172676</timestamp>
			</report>
			<report>
				<misses>978100001</misses>
				<total>0</total>
				<timestamp>6173.794774</timestamp>
			</report>
			<report>
				<misses>978200001</misses>
				<total>0</total>
				<timestamp>6174.419585</timestamp>
			</report>
			<report>
				<misses>978300001</misses>
				<total>0</total>
				<timestamp>6175.047206</timestamp>
			</report>
			<report>
				<misses>978400001</misses>
				<total>0</total>
				<timestamp>6175.672392</timestamp>
			</report>
			<report>
				<misses>978500001</misses>
				<total>0</total>
				<timestamp>6176.304300</timestamp>
			</report>
			<report>
				<misses>978600001</misses>
				<total>0</total>
				<timestamp>6176.929621</timestamp>
			</report>
			<report>
				<misses>978700001</misses>
				<total>0</total>
				<timestamp>6177.572210</timestamp>
			</report>
			<report>
				<misses>978800001</misses>
				<total>0</total>
				<timestamp>6178.198159</timestamp>
			</report>
			<report>
				<misses>978900001</misses>
				<total>0</total>
				<timestamp>6178.828646</timestamp>
			</report>
			<report>
				<misses>979000001</misses>
				<total>0</total>
				<timestamp>6179.460555</timestamp>
			</report>
			<report>
				<misses>979100001</misses>
				<total>0</total>
				<timestamp>6180.090680</timestamp>
			</report>
			<report>
				<misses>979200001</misses>
				<total>0</total>
				<timestamp>6180.718607</timestamp>
			</report>
			<report>
				<misses>979300001</misses>
				<total>0</total>
				<timestamp>6181.341259</timestamp>
			</report>
			<report>
				<misses>979400001</misses>
				<total>0</total>
				<timestamp>6181.967052</timestamp>
			</report>
			<report>
				<misses>979500001</misses>
				<total>0</total>
				<timestamp>6182.601604</timestamp>
			</report>
			<report>
				<misses>979600001</misses>
				<total>0</total>
				<timestamp>6183.236012</timestamp>
			</report>
			<report>
				<misses>979700001</misses>
				<total>0</total>
				<timestamp>6183.877606</timestamp>
			</report>
			<report>
				<misses>979800001</misses>
				<total>0</total>
				<timestamp>6184.506400</timestamp>
			</report>
			<report>
				<misses>979900001</misses>
				<total>0</total>
				<timestamp>6185.131727</timestamp>
			</report>
			<report>
				<misses>980000001</misses>
				<total>0</total>
				<timestamp>6185.761683</timestamp>
			</report>
			<report>
				<misses>980100001</misses>
				<total>0</total>
				<timestamp>6186.388718</timestamp>
			</report>
			<report>
				<misses>980200001</misses>
				<total>0</total>
				<timestamp>6187.023487</timestamp>
			</report>
			<report>
				<misses>980300001</misses>
				<total>0</total>
				<timestamp>6187.647076</timestamp>
			</report>
			<report>
				<misses>980400001</misses>
				<total>0</total>
				<timestamp>6188.287586</timestamp>
			</report>
			<report>
				<misses>980500001</misses>
				<total>0</total>
				<timestamp>6188.921719</timestamp>
			</report>
			<report>
				<misses>980600001</misses>
				<total>0</total>
				<timestamp>6189.549605</timestamp>
			</report>
			<report>
				<misses>980700001</misses>
				<total>0</total>
				<timestamp>6190.180380</timestamp>
			</report>
			<report>
				<misses>980800001</misses>
				<total>0</total>
				<timestamp>6190.820746</timestamp>
			</report>
			<report>
				<misses>980900001</misses>
				<total>0</total>
				<timestamp>6191.454177</timestamp>
			</report>
			<report>
				<misses>981000001</misses>
				<total>0</total>
				<timestamp>6192.077155</timestamp>
			</report>
			<report>
				<misses>981100001</misses>
				<total>0</total>
				<timestamp>6192.712392</timestamp>
			</report>
			<report>
				<misses>981200001</misses>
				<total>0</total>
				<timestamp>6193.350097</timestamp>
			</report>
			<report>
				<misses>981300001</misses>
				<total>0</total>
				<timestamp>6193.977258</timestamp>
			</report>
			<report>
				<misses>981400001</misses>
				<total>0</total>
				<timestamp>6194.613430</timestamp>
			</report>
			<report>
				<misses>981500001</misses>
				<total>0</total>
				<timestamp>6195.259545</timestamp>
			</report>
			<report>
				<misses>981600001</misses>
				<total>0</total>
				<timestamp>6195.898907</timestamp>
			</report>
			<report>
				<misses>981700001</misses>
				<total>0</total>
				<timestamp>6196.524041</timestamp>
			</report>
			<report>
				<misses>981800001</misses>
				<total>0</total>
				<timestamp>6197.154276</timestamp>
			</report>
			<report>
				<misses>981900001</misses>
				<total>0</total>
				<timestamp>6197.776863</timestamp>
			</report>
			<report>
				<misses>982000001</misses>
				<total>0</total>
				<timestamp>6198.402559</timestamp>
			</report>
			<report>
				<misses>982100001</misses>
				<total>0</total>
				<timestamp>6199.027552</timestamp>
			</report>
			<report>
				<misses>982200001</misses>
				<total>0</total>
				<timestamp>6199.650391</timestamp>
			</report>
			<report>
				<misses>982300001</misses>
				<total>0</total>
				<timestamp>6200.275691</timestamp>
			</report>
			<report>
				<misses>982400001</misses>
				<total>0</total>
				<timestamp>6200.914385</timestamp>
			</report>
			<report>
				<misses>982500001</misses>
				<total>0</total>
				<timestamp>6201.541022</timestamp>
			</report>
			<report>
				<misses>982600001</misses>
				<total>0</total>
				<timestamp>6202.165809</timestamp>
			</report>
			<report>
				<misses>982700001</misses>
				<total>0</total>
				<timestamp>6202.802862</timestamp>
			</report>
			<report>
				<misses>982800001</misses>
				<total>0</total>
				<timestamp>6203.432484</timestamp>
			</report>
			<report>
				<misses>982900001</misses>
				<total>0</total>
				<timestamp>6204.060776</timestamp>
			</report>
			<report>
				<misses>983000001</misses>
				<total>0</total>
				<timestamp>6204.706973</timestamp>
			</report>
			<report>
				<misses>983100001</misses>
				<total>0</total>
				<timestamp>6205.332890</timestamp>
			</report>
			<report>
				<misses>983200001</misses>
				<total>0</total>
				<timestamp>6205.961077</timestamp>
			</report>
			<report>
				<misses>983300001</misses>
				<total>0</total>
				<timestamp>6206.593479</timestamp>
			</report>
			<report>
				<misses>983400001</misses>
				<total>0</total>
				<timestamp>6207.218538</timestamp>
			</report>
			<report>
				<misses>983500001</misses>
				<total>0</total>
				<timestamp>6207.844690</timestamp>
			</report>
			<report>
				<misses>983600001</misses>
				<total>0</total>
				<timestamp>6208.506918</timestamp>
			</report>
			<report>
				<misses>983700001</misses>
				<total>0</total>
				<timestamp>6209.136960</timestamp>
			</report>
			<report>
				<misses>983800001</misses>
				<total>0</total>
				<timestamp>6209.784598</timestamp>
			</report>
			<report>
				<misses>983900001</misses>
				<total>0</total>
				<timestamp>6210.414780</timestamp>
			</report>
			<report>
				<misses>984000001</misses>
				<total>0</total>
				<timestamp>6211.062920</timestamp>
			</report>
			<report>
				<misses>984100001</misses>
				<total>0</total>
				<timestamp>6211.688605</timestamp>
			</report>
			<report>
				<misses>984200001</misses>
				<total>0</total>
				<timestamp>6212.327360</timestamp>
			</report>
			<report>
				<misses>984300001</misses>
				<total>0</total>
				<timestamp>6212.958313</timestamp>
			</report>
			<report>
				<misses>984400001</misses>
				<total>0</total>
				<timestamp>6213.585060</timestamp>
			</report>
			<report>
				<misses>984500001</misses>
				<total>0</total>
				<timestamp>6214.211526</timestamp>
			</report>
			<report>
				<misses>984600001</misses>
				<total>0</total>
				<timestamp>6214.840709</timestamp>
			</report>
			<report>
				<misses>984700001</misses>
				<total>0</total>
				<timestamp>6215.468893</timestamp>
			</report>
			<report>
				<misses>984800001</misses>
				<total>0</total>
				<timestamp>6216.102443</timestamp>
			</report>
			<report>
				<misses>984900001</misses>
				<total>0</total>
				<timestamp>6216.731875</timestamp>
			</report>
			<report>
				<misses>985000001</misses>
				<total>0</total>
				<timestamp>6217.360034</timestamp>
			</report>
			<report>
				<misses>985100001</misses>
				<total>0</total>
				<timestamp>6217.988746</timestamp>
			</report>
			<report>
				<misses>985200001</misses>
				<total>0</total>
				<timestamp>6218.619766</timestamp>
			</report>
			<report>
				<misses>985300001</misses>
				<total>0</total>
				<timestamp>6219.255004</timestamp>
			</report>
			<report>
				<misses>985400001</misses>
				<total>0</total>
				<timestamp>6219.884945</timestamp>
			</report>
			<report>
				<misses>985500001</misses>
				<total>0</total>
				<timestamp>6220.511452</timestamp>
			</report>
			<report>
				<misses>985600001</misses>
				<total>0</total>
				<timestamp>6221.140718</timestamp>
			</report>
			<report>
				<misses>985700001</misses>
				<total>0</total>
				<timestamp>6221.767936</timestamp>
			</report>
			<report>
				<misses>985800001</misses>
				<total>0</total>
				<timestamp>6222.401384</timestamp>
			</report>
			<report>
				<misses>985900001</misses>
				<total>0</total>
				<timestamp>6223.035672</timestamp>
			</report>
			<report>
				<misses>986000001</misses>
				<total>0</total>
				<timestamp>6223.664040</timestamp>
			</report>
			<report>
				<misses>986100001</misses>
				<total>0</total>
				<timestamp>6224.292249</timestamp>
			</report>
			<report>
				<misses>986200001</misses>
				<total>0</total>
				<timestamp>6224.917488</timestamp>
			</report>
			<report>
				<misses>986300001</misses>
				<total>0</total>
				<timestamp>6225.553872</timestamp>
			</report>
			<report>
				<misses>986400001</misses>
				<total>0</total>
				<timestamp>6226.185064</timestamp>
			</report>
			<report>
				<misses>986500001</misses>
				<total>0</total>
				<timestamp>6226.818689</timestamp>
			</report>
			<report>
				<misses>986600001</misses>
				<total>0</total>
				<timestamp>6227.446216</timestamp>
			</report>
			<report>
				<misses>986700001</misses>
				<total>0</total>
				<timestamp>6228.085651</timestamp>
			</report>
			<report>
				<misses>986800001</misses>
				<total>0</total>
				<timestamp>6228.720506</timestamp>
			</report>
			<report>
				<misses>986900001</misses>
				<total>0</total>
				<timestamp>6229.350547</timestamp>
			</report>
			<report>
				<misses>987000001</misses>
				<total>0</total>
				<timestamp>6229.976401</timestamp>
			</report>
			<report>
				<misses>987100001</misses>
				<total>0</total>
				<timestamp>6230.605697</timestamp>
			</report>
			<report>
				<misses>987200001</misses>
				<total>0</total>
				<timestamp>6231.241998</timestamp>
			</report>
			<report>
				<misses>987300001</misses>
				<total>0</total>
				<timestamp>6231.871945</timestamp>
			</report>
			<report>
				<misses>987400001</misses>
				<total>0</total>
				<timestamp>6232.507324</timestamp>
			</report>
			<report>
				<misses>987500001</misses>
				<total>0</total>
				<timestamp>6233.139632</timestamp>
			</report>
			<report>
				<misses>987600001</misses>
				<total>0</total>
				<timestamp>6233.776630</timestamp>
			</report>
			<report>
				<misses>987700001</misses>
				<total>0</total>
				<timestamp>6234.412968</timestamp>
			</report>
			<report>
				<misses>987800001</misses>
				<total>0</total>
				<timestamp>6235.037617</timestamp>
			</report>
			<report>
				<misses>987900001</misses>
				<total>0</total>
				<timestamp>6235.664454</timestamp>
			</report>
			<report>
				<misses>988000001</misses>
				<total>0</total>
				<timestamp>6236.297636</timestamp>
			</report>
			<report>
				<misses>988100001</misses>
				<total>0</total>
				<timestamp>6236.926636</timestamp>
			</report>
			<report>
				<misses>988200001</misses>
				<total>0</total>
				<timestamp>6237.554840</timestamp>
			</report>
			<report>
				<misses>988300001</misses>
				<total>0</total>
				<timestamp>6238.186958</timestamp>
			</report>
			<report>
				<misses>988400001</misses>
				<total>0</total>
				<timestamp>6238.818119</timestamp>
			</report>
			<report>
				<misses>988500001</misses>
				<total>0</total>
				<timestamp>6239.450750</timestamp>
			</report>
			<report>
				<misses>988600001</misses>
				<total>0</total>
				<timestamp>6240.079344</timestamp>
			</report>
			<report>
				<misses>988700001</misses>
				<total>0</total>
				<timestamp>6240.717549</timestamp>
			</report>
			<report>
				<misses>988800001</misses>
				<total>0</total>
				<timestamp>6241.370282</timestamp>
			</report>
			<report>
				<misses>988900001</misses>
				<total>0</total>
				<timestamp>6242.000330</timestamp>
			</report>
			<report>
				<misses>989000001</misses>
				<total>0</total>
				<timestamp>6242.631707</timestamp>
			</report>
			<report>
				<misses>989100001</misses>
				<total>0</total>
				<timestamp>6243.273299</timestamp>
			</report>
			<report>
				<misses>989200001</misses>
				<total>0</total>
				<timestamp>6243.913697</timestamp>
			</report>
			<report>
				<misses>989300001</misses>
				<total>0</total>
				<timestamp>6244.547890</timestamp>
			</report>
			<report>
				<misses>989400001</misses>
				<total>0</total>
				<timestamp>6245.181208</timestamp>
			</report>
			<report>
				<misses>989500001</misses>
				<total>0</total>
				<timestamp>6245.813887</timestamp>
			</report>
			<report>
				<misses>989600001</misses>
				<total>0</total>
				<timestamp>6246.443054</timestamp>
			</report>
			<report>
				<misses>989700001</misses>
				<total>0</total>
				<timestamp>6247.075817</timestamp>
			</report>
			<report>
				<misses>989800001</misses>
				<total>0</total>
				<timestamp>6247.706152</timestamp>
			</report>
			<report>
				<misses>989900001</misses>
				<total>0</total>
				<timestamp>6248.338265</timestamp>
			</report>
			<report>
				<misses>990000001</misses>
				<total>0</total>
				<timestamp>6248.968225</timestamp>
			</report>
			<report>
				<misses>990100001</misses>
				<total>0</total>
				<timestamp>6249.597974</timestamp>
			</report>
			<report>
				<misses>990200001</misses>
				<total>0</total>
				<timestamp>6250.239011</timestamp>
			</report>
			<report>
				<misses>990300001</misses>
				<total>0</total>
				<timestamp>6250.876591</timestamp>
			</report>
			<report>
				<misses>990400001</misses>
				<total>0</total>
				<timestamp>6251.532901</timestamp>
			</report>
			<report>
				<misses>990500001</misses>
				<total>0</total>
				<timestamp>6252.171433</timestamp>
			</report>
			<report>
				<misses>990600001</misses>
				<total>0</total>
				<timestamp>6252.794807</timestamp>
			</report>
			<report>
				<misses>990700001</misses>
				<total>0</total>
				<timestamp>6253.422732</timestamp>
			</report>
			<report>
				<misses>990800001</misses>
				<total>0</total>
				<timestamp>6254.056378</timestamp>
			</report>
			<report>
				<misses>990900001</misses>
				<total>0</total>
				<timestamp>6254.681835</timestamp>
			</report>
			<report>
				<misses>991000001</misses>
				<total>0</total>
				<timestamp>6255.314110</timestamp>
			</report>
			<report>
				<misses>991100001</misses>
				<total>0</total>
				<timestamp>6255.944035</timestamp>
			</report>
			<report>
				<misses>991200001</misses>
				<total>0</total>
				<timestamp>6256.569604</timestamp>
			</report>
			<report>
				<misses>991300001</misses>
				<total>0</total>
				<timestamp>6257.202790</timestamp>
			</report>
			<report>
				<misses>991400001</misses>
				<total>0</total>
				<timestamp>6257.844233</timestamp>
			</report>
			<report>
				<misses>991500001</misses>
				<total>0</total>
				<timestamp>6258.474780</timestamp>
			</report>
			<report>
				<misses>991600001</misses>
				<total>0</total>
				<timestamp>6259.103186</timestamp>
			</report>
			<report>
				<misses>991700001</misses>
				<total>0</total>
				<timestamp>6259.730539</timestamp>
			</report>
			<report>
				<misses>991800001</misses>
				<total>0</total>
				<timestamp>6260.357013</timestamp>
			</report>
			<report>
				<misses>991900001</misses>
				<total>0</total>
				<timestamp>6260.991900</timestamp>
			</report>
			<report>
				<misses>992000001</misses>
				<total>0</total>
				<timestamp>6261.625159</timestamp>
			</report>
			<report>
				<misses>992100001</misses>
				<total>0</total>
				<timestamp>6262.252545</timestamp>
			</report>
			<report>
				<misses>992200001</misses>
				<total>0</total>
				<timestamp>6262.884450</timestamp>
			</report>
			<report>
				<misses>992300001</misses>
				<total>0</total>
				<timestamp>6263.511788</timestamp>
			</report>
			<report>
				<misses>992400001</misses>
				<total>0</total>
				<timestamp>6264.138131</timestamp>
			</report>
			<report>
				<misses>992500001</misses>
				<total>0</total>
				<timestamp>6264.769497</timestamp>
			</report>
			<report>
				<misses>992600001</misses>
				<total>0</total>
				<timestamp>6265.396837</timestamp>
			</report>
			<report>
				<misses>992700001</misses>
				<total>0</total>
				<timestamp>6266.027049</timestamp>
			</report>
			<report>
				<misses>992800001</misses>
				<total>0</total>
				<timestamp>6266.652923</timestamp>
			</report>
			<report>
				<misses>992900001</misses>
				<total>0</total>
				<timestamp>6267.279068</timestamp>
			</report>
			<report>
				<misses>993000001</misses>
				<total>0</total>
				<timestamp>6267.906395</timestamp>
			</report>
			<report>
				<misses>993100001</misses>
				<total>0</total>
				<timestamp>6268.533208</timestamp>
			</report>
			<report>
				<misses>993200001</misses>
				<total>0</total>
				<timestamp>6269.168800</timestamp>
			</report>
			<report>
				<misses>993300001</misses>
				<total>0</total>
				<timestamp>6269.792922</timestamp>
			</report>
			<report>
				<misses>993400001</misses>
				<total>0</total>
				<timestamp>6270.433796</timestamp>
			</report>
			<report>
				<misses>993500001</misses>
				<total>0</total>
				<timestamp>6271.068969</timestamp>
			</report>
			<report>
				<misses>993600001</misses>
				<total>0</total>
				<timestamp>6271.704521</timestamp>
			</report>
			<report>
				<misses>993700001</misses>
				<total>0</total>
				<timestamp>6272.338438</timestamp>
			</report>
			<report>
				<misses>993800001</misses>
				<total>0</total>
				<timestamp>6272.963329</timestamp>
			</report>
			<report>
				<misses>993900001</misses>
				<total>0</total>
				<timestamp>6273.591408</timestamp>
			</report>
			<report>
				<misses>994000001</misses>
				<total>0</total>
				<timestamp>6274.231939</timestamp>
			</report>
			<report>
				<misses>994100001</misses>
				<total>0</total>
				<timestamp>6274.856381</timestamp>
			</report>
			<report>
				<misses>994200001</misses>
				<total>0</total>
				<timestamp>6275.488536</timestamp>
			</report>
			<report>
				<misses>994300001</misses>
				<total>0</total>
				<timestamp>6276.120049</timestamp>
			</report>
			<report>
				<misses>994400001</misses>
				<total>0</total>
				<timestamp>6276.748850</timestamp>
			</report>
			<report>
				<misses>994500001</misses>
				<total>0</total>
				<timestamp>6277.379965</timestamp>
			</report>
			<report>
				<misses>994600001</misses>
				<total>0</total>
				<timestamp>6278.011322</timestamp>
			</report>
			<report>
				<misses>994700001</misses>
				<total>0</total>
				<timestamp>6278.641169</timestamp>
			</report>
			<report>
				<misses>994800001</misses>
				<total>0</total>
				<timestamp>6279.271382</timestamp>
			</report>
			<report>
				<misses>994900001</misses>
				<total>0</total>
				<timestamp>6279.899342</timestamp>
			</report>
			<report>
				<misses>995000001</misses>
				<total>0</total>
				<timestamp>6280.528384</timestamp>
			</report>
			<report>
				<misses>995100001</misses>
				<total>0</total>
				<timestamp>6281.158043</timestamp>
			</report>
			<report>
				<misses>995200001</misses>
				<total>0</total>
				<timestamp>6281.784027</timestamp>
			</report>
			<report>
				<misses>995300001</misses>
				<total>0</total>
				<timestamp>6282.414046</timestamp>
			</report>
			<report>
				<misses>995400001</misses>
				<total>0</total>
				<timestamp>6283.054423</timestamp>
			</report>
			<report>
				<misses>995500001</misses>
				<total>0</total>
				<timestamp>6283.700274</timestamp>
			</report>
			<report>
				<misses>995600001</misses>
				<total>0</total>
				<timestamp>6284.326703</timestamp>
			</report>
			<report>
				<misses>995700001</misses>
				<total>0</total>
				<timestamp>6284.954403</timestamp>
			</report>
			<report>
				<misses>995800001</misses>
				<total>0</total>
				<timestamp>6285.590567</timestamp>
			</report>
			<report>
				<misses>995900001</misses>
				<total>0</total>
				<timestamp>6286.223134</timestamp>
			</report>
			<report>
				<misses>996000001</misses>
				<total>0</total>
				<timestamp>6286.854450</timestamp>
			</report>
			<report>
				<misses>996100001</misses>
				<total>0</total>
				<timestamp>6287.487855</timestamp>
			</report>
			<report>
				<misses>996200001</misses>
				<total>0</total>
				<timestamp>6288.117470</timestamp>
			</report>
			<report>
				<misses>996300001</misses>
				<total>0</total>
				<timestamp>6288.745022</timestamp>
			</report>
			<report>
				<misses>996400001</misses>
				<total>0</total>
				<timestamp>6289.371262</timestamp>
			</report>
			<report>
				<misses>996500001</misses>
				<total>0</total>
				<timestamp>6290.002976</timestamp>
			</report>
			<report>
				<misses>996600001</misses>
				<total>0</total>
				<timestamp>6290.629929</timestamp>
			</report>
			<report>
				<misses>996700001</misses>
				<total>0</total>
				<timestamp>6291.263485</timestamp>
			</report>
			<report>
				<misses>996800001</misses>
				<total>0</total>
				<timestamp>6291.896905</timestamp>
			</report>
			<report>
				<misses>996900001</misses>
				<total>0</total>
				<timestamp>6292.533290</timestamp>
			</report>
			<report>
				<misses>997000001</misses>
				<total>0</total>
				<timestamp>6293.163356</timestamp>
			</report>
			<report>
				<misses>997100001</misses>
				<total>0</total>
				<timestamp>6293.797048</timestamp>
			</report>
			<report>
				<misses>997200001</misses>
				<total>0</total>
				<timestamp>6294.432070</timestamp>
			</report>
			<report>
				<misses>997300001</misses>
				<total>0</total>
				<timestamp>6295.064147</timestamp>
			</report>
			<report>
				<misses>997400001</misses>
				<total>0</total>
				<timestamp>6295.692350</timestamp>
			</report>
			<report>
				<misses>997500001</misses>
				<total>0</total>
				<timestamp>6296.325104</timestamp>
			</report>
			<report>
				<misses>997600001</misses>
				<total>0</total>
				<timestamp>6296.953099</timestamp>
			</report>
			<report>
				<misses>997700001</misses>
				<total>0</total>
				<timestamp>6297.590617</timestamp>
			</report>
			<report>
				<misses>997800001</misses>
				<total>0</total>
				<timestamp>6298.218975</timestamp>
			</report>
			<report>
				<misses>997900001</misses>
				<total>0</total>
				<timestamp>6298.846237</timestamp>
			</report>
			<report>
				<misses>998000001</misses>
				<total>0</total>
				<timestamp>6299.474935</timestamp>
			</report>
			<report>
				<misses>998100001</misses>
				<total>0</total>
				<timestamp>6300.123550</timestamp>
			</report>
			<report>
				<misses>998200001</misses>
				<total>0</total>
				<timestamp>6300.751341</timestamp>
			</report>
			<report>
				<misses>998300001</misses>
				<total>0</total>
				<timestamp>6301.385657</timestamp>
			</report>
			<report>
				<misses>998400001</misses>
				<total>0</total>
				<timestamp>6302.016699</timestamp>
			</report>
			<report>
				<misses>998500001</misses>
				<total>0</total>
				<timestamp>6302.651429</timestamp>
			</report>
			<report>
				<misses>998600001</misses>
				<total>0</total>
				<timestamp>6303.279801</timestamp>
			</report>
			<report>
				<misses>998700001</misses>
				<total>0</total>
				<timestamp>6303.905850</timestamp>
			</report>
			<report>
				<misses>998800001</misses>
				<total>0</total>
				<timestamp>6304.528521</timestamp>
			</report>
			<report>
				<misses>998900001</misses>
				<total>0</total>
				<timestamp>6305.159632</timestamp>
			</report>
			<report>
				<misses>999000001</misses>
				<total>0</total>
				<timestamp>6305.787742</timestamp>
			</report>
			<report>
				<misses>999100001</misses>
				<total>0</total>
				<timestamp>6306.421497</timestamp>
			</report>
			<report>
				<misses>999200001</misses>
				<total>0</total>
				<timestamp>6307.052932</timestamp>
			</report>
			<report>
				<misses>999300001</misses>
				<total>0</total>
				<timestamp>6307.699008</timestamp>
			</report>
			<report>
				<misses>999400001</misses>
				<total>0</total>
				<timestamp>6308.344051</timestamp>
			</report>
			<report>
				<misses>999500001</misses>
				<total>0</total>
				<timestamp>6308.980146</timestamp>
			</report>
			<report>
				<misses>999600001</misses>
				<total>0</total>
				<timestamp>6309.607683</timestamp>
			</report>
			<report>
				<misses>999700001</misses>
				<total>0</total>
				<timestamp>6310.242304</timestamp>
			</report>
			<report>
				<misses>999800001</misses>
				<total>0</total>
				<timestamp>6310.880353</timestamp>
			</report>
			<report>
				<misses>999900001</misses>
				<total>0</total>
				<timestamp>6311.517637</timestamp>
			</report>
			<report>
				<misses>1000000001</misses>
				<total>0</total>
				<timestamp>6312.146869</timestamp>
			</report>
			<report>
				<misses>1000100001</misses>
				<total>0</total>
				<timestamp>6312.771815</timestamp>
			</report>
			<report>
				<misses>1000200001</misses>
				<total>0</total>
				<timestamp>6313.399782</timestamp>
			</report>
			<report>
				<misses>1000300001</misses>
				<total>0</total>
				<timestamp>6314.028076</timestamp>
			</report>
			<report>
				<misses>1000400001</misses>
				<total>0</total>
				<timestamp>6314.658201</timestamp>
			</report>
			<report>
				<misses>1000500001</misses>
				<total>0</total>
				<timestamp>6315.284626</timestamp>
			</report>
			<report>
				<misses>1000600001</misses>
				<total>0</total>
				<timestamp>6315.913447</timestamp>
			</report>
			<report>
				<misses>1000700001</misses>
				<total>0</total>
				<timestamp>6316.550637</timestamp>
			</report>
			<report>
				<misses>1000800001</misses>
				<total>0</total>
				<timestamp>6317.184600</timestamp>
			</report>
			<report>
				<misses>1000900001</misses>
				<total>0</total>
				<timestamp>6317.810486</timestamp>
			</report>
			<report>
				<misses>1001000001</misses>
				<total>0</total>
				<timestamp>6318.440375</timestamp>
			</report>
			<report>
				<misses>1001100001</misses>
				<total>0</total>
				<timestamp>6319.078470</timestamp>
			</report>
			<report>
				<misses>1001200001</misses>
				<total>0</total>
				<timestamp>6319.705403</timestamp>
			</report>
			<report>
				<misses>1001300001</misses>
				<total>0</total>
				<timestamp>6320.335627</timestamp>
			</report>
			<report>
				<misses>1001400001</misses>
				<total>0</total>
				<timestamp>6320.972354</timestamp>
			</report>
			<report>
				<misses>1001500001</misses>
				<total>0</total>
				<timestamp>6321.606688</timestamp>
			</report>
			<report>
				<misses>1001600001</misses>
				<total>0</total>
				<timestamp>6322.235717</timestamp>
			</report>
			<report>
				<misses>1001700001</misses>
				<total>0</total>
				<timestamp>6322.864841</timestamp>
			</report>
			<report>
				<misses>1001800001</misses>
				<total>0</total>
				<timestamp>6323.493064</timestamp>
			</report>
			<report>
				<misses>1001900001</misses>
				<total>0</total>
				<timestamp>6324.120182</timestamp>
			</report>
			<report>
				<misses>1002000001</misses>
				<total>0</total>
				<timestamp>6324.748766</timestamp>
			</report>
			<report>
				<misses>1002100001</misses>
				<total>0</total>
				<timestamp>6325.374519</timestamp>
			</report>
			<report>
				<misses>1002200001</misses>
				<total>0</total>
				<timestamp>6326.001466</timestamp>
			</report>
			<report>
				<misses>1002300001</misses>
				<total>0</total>
				<timestamp>6326.639332</timestamp>
			</report>
			<report>
				<misses>1002400001</misses>
				<total>0</total>
				<timestamp>6327.271607</timestamp>
			</report>
			<report>
				<misses>1002500001</misses>
				<total>0</total>
				<timestamp>6327.908058</timestamp>
			</report>
			<report>
				<misses>1002600001</misses>
				<total>0</total>
				<timestamp>6328.540323</timestamp>
			</report>
			<report>
				<misses>1002700001</misses>
				<total>0</total>
				<timestamp>6329.168264</timestamp>
			</report>
			<report>
				<misses>1002800001</misses>
				<total>0</total>
				<timestamp>6329.800005</timestamp>
			</report>
			<report>
				<misses>1002900001</misses>
				<total>0</total>
				<timestamp>6330.427502</timestamp>
			</report>
			<report>
				<misses>1003000001</misses>
				<total>0</total>
				<timestamp>6331.053872</timestamp>
			</report>
			<report>
				<misses>1003100001</misses>
				<total>0</total>
				<timestamp>6331.683922</timestamp>
			</report>
			<report>
				<misses>1003200001</misses>
				<total>0</total>
				<timestamp>6332.311758</timestamp>
			</report>
			<report>
				<misses>1003300001</misses>
				<total>0</total>
				<timestamp>6332.943226</timestamp>
			</report>
			<report>
				<misses>1003400001</misses>
				<total>0</total>
				<timestamp>6333.568091</timestamp>
			</report>
			<report>
				<misses>1003500001</misses>
				<total>0</total>
				<timestamp>6334.200371</timestamp>
			</report>
			<report>
				<misses>1003600001</misses>
				<total>0</total>
				<timestamp>6334.828288</timestamp>
			</report>
			<report>
				<misses>1003700001</misses>
				<total>0</total>
				<timestamp>6335.456025</timestamp>
			</report>
			<report>
				<misses>1003800001</misses>
				<total>0</total>
				<timestamp>6336.081804</timestamp>
			</report>
			<report>
				<misses>1003900001</misses>
				<total>0</total>
				<timestamp>6336.707458</timestamp>
			</report>
			<report>
				<misses>1004000001</misses>
				<total>0</total>
				<timestamp>6337.341415</timestamp>
			</report>
			<report>
				<misses>1004100001</misses>
				<total>0</total>
				<timestamp>6337.977350</timestamp>
			</report>
			<report>
				<misses>1004200001</misses>
				<total>0</total>
				<timestamp>6338.612344</timestamp>
			</report>
			<report>
				<misses>1004300001</misses>
				<total>0</total>
				<timestamp>6339.246481</timestamp>
			</report>
			<report>
				<misses>1004400001</misses>
				<total>0</total>
				<timestamp>6339.886587</timestamp>
			</report>
			<report>
				<misses>1004500001</misses>
				<total>0</total>
				<timestamp>6340.517429</timestamp>
			</report>
			<report>
				<misses>1004600001</misses>
				<total>0</total>
				<timestamp>6341.151201</timestamp>
			</report>
			<report>
				<misses>1004700001</misses>
				<total>0</total>
				<timestamp>6341.781988</timestamp>
			</report>
			<report>
				<misses>1004800001</misses>
				<total>0</total>
				<timestamp>6342.420653</timestamp>
			</report>
			<report>
				<misses>1004900001</misses>
				<total>0</total>
				<timestamp>6343.050605</timestamp>
			</report>
			<report>
				<misses>1005000001</misses>
				<total>0</total>
				<timestamp>6343.688017</timestamp>
			</report>
			<report>
				<misses>1005100001</misses>
				<total>0</total>
				<timestamp>6344.331384</timestamp>
			</report>
			<report>
				<misses>1005200001</misses>
				<total>0</total>
				<timestamp>6344.959736</timestamp>
			</report>
			<report>
				<misses>1005300001</misses>
				<total>0</total>
				<timestamp>6345.586227</timestamp>
			</report>
			<report>
				<misses>1005400001</misses>
				<total>0</total>
				<timestamp>6346.214296</timestamp>
			</report>
			<report>
				<misses>1005500001</misses>
				<total>0</total>
				<timestamp>6346.846997</timestamp>
			</report>
			<report>
				<misses>1005600001</misses>
				<total>0</total>
				<timestamp>6347.480622</timestamp>
			</report>
			<report>
				<misses>1005700001</misses>
				<total>0</total>
				<timestamp>6348.109581</timestamp>
			</report>
			<report>
				<misses>1005800001</misses>
				<total>0</total>
				<timestamp>6348.749134</timestamp>
			</report>
			<report>
				<misses>1005900001</misses>
				<total>0</total>
				<timestamp>6349.377334</timestamp>
			</report>
			<report>
				<misses>1006000001</misses>
				<total>0</total>
				<timestamp>6350.009725</timestamp>
			</report>
			<report>
				<misses>1006100001</misses>
				<total>0</total>
				<timestamp>6350.643198</timestamp>
			</report>
			<report>
				<misses>1006200001</misses>
				<total>0</total>
				<timestamp>6351.291336</timestamp>
			</report>
			<report>
				<misses>1006300001</misses>
				<total>0</total>
				<timestamp>6351.920327</timestamp>
			</report>
			<report>
				<misses>1006400001</misses>
				<total>0</total>
				<timestamp>6352.552531</timestamp>
			</report>
			<report>
				<misses>1006500001</misses>
				<total>0</total>
				<timestamp>6353.195323</timestamp>
			</report>
			<report>
				<misses>1006600001</misses>
				<total>0</total>
				<timestamp>6353.822474</timestamp>
			</report>
			<report>
				<misses>1006700001</misses>
				<total>0</total>
				<timestamp>6354.452992</timestamp>
			</report>
			<report>
				<misses>1006800001</misses>
				<total>0</total>
				<timestamp>6355.080363</timestamp>
			</report>
			<report>
				<misses>1006900001</misses>
				<total>0</total>
				<timestamp>6355.720284</timestamp>
			</report>
			<report>
				<misses>1007000001</misses>
				<total>0</total>
				<timestamp>6356.347132</timestamp>
			</report>
			<report>
				<misses>1007100001</misses>
				<total>0</total>
				<timestamp>6356.969268</timestamp>
			</report>
			<report>
				<misses>1007200001</misses>
				<total>0</total>
				<timestamp>6357.602893</timestamp>
			</report>
			<report>
				<misses>1007300001</misses>
				<total>0</total>
				<timestamp>6358.232443</timestamp>
			</report>
			<report>
				<misses>1007400001</misses>
				<total>0</total>
				<timestamp>6358.868279</timestamp>
			</report>
			<report>
				<misses>1007500001</misses>
				<total>0</total>
				<timestamp>6359.503196</timestamp>
			</report>
			<report>
				<misses>1007600001</misses>
				<total>0</total>
				<timestamp>6360.134747</timestamp>
			</report>
			<report>
				<misses>1007700001</misses>
				<total>0</total>
				<timestamp>6360.766492</timestamp>
			</report>
			<report>
				<misses>1007800001</misses>
				<total>0</total>
				<timestamp>6361.394681</timestamp>
			</report>
			<report>
				<misses>1007900001</misses>
				<total>0</total>
				<timestamp>6362.024897</timestamp>
			</report>
			<report>
				<misses>1008000001</misses>
				<total>0</total>
				<timestamp>6362.661440</timestamp>
			</report>
			<report>
				<misses>1008100001</misses>
				<total>0</total>
				<timestamp>6363.300291</timestamp>
			</report>
			<report>
				<misses>1008200001</misses>
				<total>0</total>
				<timestamp>6363.929331</timestamp>
			</report>
			<report>
				<misses>1008300001</misses>
				<total>0</total>
				<timestamp>6364.557772</timestamp>
			</report>
			<report>
				<misses>1008400001</misses>
				<total>0</total>
				<timestamp>6365.185956</timestamp>
			</report>
			<report>
				<misses>1008500001</misses>
				<total>0</total>
				<timestamp>6365.817786</timestamp>
			</report>
			<report>
				<misses>1008600001</misses>
				<total>0</total>
				<timestamp>6366.451190</timestamp>
			</report>
			<report>
				<misses>1008700001</misses>
				<total>0</total>
				<timestamp>6367.079740</timestamp>
			</report>
			<report>
				<misses>1008800001</misses>
				<total>0</total>
				<timestamp>6367.706763</timestamp>
			</report>
			<report>
				<misses>1008900001</misses>
				<total>0</total>
				<timestamp>6368.336502</timestamp>
			</report>
			<report>
				<misses>1009000001</misses>
				<total>0</total>
				<timestamp>6368.969680</timestamp>
			</report>
			<report>
				<misses>1009100001</misses>
				<total>0</total>
				<timestamp>6369.607942</timestamp>
			</report>
			<report>
				<misses>1009200001</misses>
				<total>0</total>
				<timestamp>6370.239785</timestamp>
			</report>
			<report>
				<misses>1009300001</misses>
				<total>0</total>
				<timestamp>6370.860601</timestamp>
			</report>
			<report>
				<misses>1009400001</misses>
				<total>0</total>
				<timestamp>6371.491947</timestamp>
			</report>
			<report>
				<misses>1009500001</misses>
				<total>0</total>
				<timestamp>6372.116599</timestamp>
			</report>
			<report>
				<misses>1009600001</misses>
				<total>0</total>
				<timestamp>6372.748700</timestamp>
			</report>
			<report>
				<misses>1009700001</misses>
				<total>0</total>
				<timestamp>6373.382653</timestamp>
			</report>
			<report>
				<misses>1009800001</misses>
				<total>0</total>
				<timestamp>6374.009729</timestamp>
			</report>
			<report>
				<misses>1009900001</misses>
				<total>0</total>
				<timestamp>6374.638155</timestamp>
			</report>
			<report>
				<misses>1010000001</misses>
				<total>0</total>
				<timestamp>6375.271272</timestamp>
			</report>
			<report>
				<misses>1010100001</misses>
				<total>0</total>
				<timestamp>6375.904060</timestamp>
			</report>
			<report>
				<misses>1010200001</misses>
				<total>0</total>
				<timestamp>6376.532479</timestamp>
			</report>
			<report>
				<misses>1010300001</misses>
				<total>0</total>
				<timestamp>6377.165493</timestamp>
			</report>
			<report>
				<misses>1010400001</misses>
				<total>0</total>
				<timestamp>6377.797488</timestamp>
			</report>
			<report>
				<misses>1010500001</misses>
				<total>0</total>
				<timestamp>6378.430278</timestamp>
			</report>
			<report>
				<misses>1010600001</misses>
				<total>0</total>
				<timestamp>6379.057556</timestamp>
			</report>
			<report>
				<misses>1010700001</misses>
				<total>0</total>
				<timestamp>6379.688120</timestamp>
			</report>
			<report>
				<misses>1010800001</misses>
				<total>0</total>
				<timestamp>6380.344497</timestamp>
			</report>
			<report>
				<misses>1010900001</misses>
				<total>0</total>
				<timestamp>6380.973157</timestamp>
			</report>
			<report>
				<misses>1011000001</misses>
				<total>0</total>
				<timestamp>6381.599188</timestamp>
			</report>
			<report>
				<misses>1011100001</misses>
				<total>0</total>
				<timestamp>6382.249483</timestamp>
			</report>
			<report>
				<misses>1011200001</misses>
				<total>0</total>
				<timestamp>6382.879095</timestamp>
			</report>
			<report>
				<misses>1011300001</misses>
				<total>0</total>
				<timestamp>6383.517033</timestamp>
			</report>
			<report>
				<misses>1011400001</misses>
				<total>0</total>
				<timestamp>6384.155454</timestamp>
			</report>
			<report>
				<misses>1011500001</misses>
				<total>0</total>
				<timestamp>6384.792112</timestamp>
			</report>
			<report>
				<misses>1011600001</misses>
				<total>0</total>
				<timestamp>6385.426311</timestamp>
			</report>
			<report>
				<misses>1011700001</misses>
				<total>0</total>
				<timestamp>6386.064780</timestamp>
			</report>
			<report>
				<misses>1011800001</misses>
				<total>0</total>
				<timestamp>6386.693706</timestamp>
			</report>
			<report>
				<misses>1011900001</misses>
				<total>0</total>
				<timestamp>6387.326600</timestamp>
			</report>
			<report>
				<misses>1012000001</misses>
				<total>0</total>
				<timestamp>6387.954536</timestamp>
			</report>
			<report>
				<misses>1012100001</misses>
				<total>0</total>
				<timestamp>6388.597720</timestamp>
			</report>
			<report>
				<misses>1012200001</misses>
				<total>0</total>
				<timestamp>6389.226320</timestamp>
			</report>
			<report>
				<misses>1012300001</misses>
				<total>0</total>
				<timestamp>6389.855894</timestamp>
			</report>
			<report>
				<misses>1012400001</misses>
				<total>0</total>
				<timestamp>6390.495895</timestamp>
			</report>
			<report>
				<misses>1012500001</misses>
				<total>0</total>
				<timestamp>6391.133665</timestamp>
			</report>
			<report>
				<misses>1012600001</misses>
				<total>0</total>
				<timestamp>6391.762558</timestamp>
			</report>
			<report>
				<misses>1012700001</misses>
				<total>0</total>
				<timestamp>6392.405446</timestamp>
			</report>
			<report>
				<misses>1012800001</misses>
				<total>0</total>
				<timestamp>6393.039680</timestamp>
			</report>
			<report>
				<misses>1012900001</misses>
				<total>0</total>
				<timestamp>6393.666385</timestamp>
			</report>
			<report>
				<misses>1013000001</misses>
				<total>0</total>
				<timestamp>6394.299410</timestamp>
			</report>
			<report>
				<misses>1013100001</misses>
				<total>0</total>
				<timestamp>6394.935203</timestamp>
			</report>
			<report>
				<misses>1013200001</misses>
				<total>0</total>
				<timestamp>6395.570027</timestamp>
			</report>
			<report>
				<misses>1013300001</misses>
				<total>0</total>
				<timestamp>6396.205830</timestamp>
			</report>
			<report>
				<misses>1013400001</misses>
				<total>0</total>
				<timestamp>6396.835020</timestamp>
			</report>
			<report>
				<misses>1013500001</misses>
				<total>0</total>
				<timestamp>6397.464892</timestamp>
			</report>
			<report>
				<misses>1013600001</misses>
				<total>0</total>
				<timestamp>6398.106350</timestamp>
			</report>
			<report>
				<misses>1013700001</misses>
				<total>0</total>
				<timestamp>6398.743139</timestamp>
			</report>
			<report>
				<misses>1013800001</misses>
				<total>0</total>
				<timestamp>6399.371969</timestamp>
			</report>
			<report>
				<misses>1013900001</misses>
				<total>0</total>
				<timestamp>6400.022018</timestamp>
			</report>
			<report>
				<misses>1014000001</misses>
				<total>0</total>
				<timestamp>6400.656195</timestamp>
			</report>
			<report>
				<misses>1014100001</misses>
				<total>0</total>
				<timestamp>6401.292946</timestamp>
			</report>
			<report>
				<misses>1014200001</misses>
				<total>0</total>
				<timestamp>6401.921689</timestamp>
			</report>
			<report>
				<misses>1014300001</misses>
				<total>0</total>
				<timestamp>6402.550068</timestamp>
			</report>
			<report>
				<misses>1014400001</misses>
				<total>0</total>
				<timestamp>6403.182751</timestamp>
			</report>
			<report>
				<misses>1014500001</misses>
				<total>0</total>
				<timestamp>6403.808096</timestamp>
			</report>
			<report>
				<misses>1014600001</misses>
				<total>0</total>
				<timestamp>6404.436202</timestamp>
			</report>
			<report>
				<misses>1014700001</misses>
				<total>0</total>
				<timestamp>6405.068350</timestamp>
			</report>
			<report>
				<misses>1014800001</misses>
				<total>0</total>
				<timestamp>6405.696669</timestamp>
			</report>
			<report>
				<misses>1014900001</misses>
				<total>0</total>
				<timestamp>6406.326584</timestamp>
			</report>
			<report>
				<misses>1015000001</misses>
				<total>0</total>
				<timestamp>6406.961357</timestamp>
			</report>
			<report>
				<misses>1015100001</misses>
				<total>0</total>
				<timestamp>6407.593554</timestamp>
			</report>
			<report>
				<misses>1015200001</misses>
				<total>0</total>
				<timestamp>6408.231815</timestamp>
			</report>
			<report>
				<misses>1015300001</misses>
				<total>0</total>
				<timestamp>6408.860767</timestamp>
			</report>
			<report>
				<misses>1015400001</misses>
				<total>0</total>
				<timestamp>6409.492906</timestamp>
			</report>
			<report>
				<misses>1015500001</misses>
				<total>0</total>
				<timestamp>6410.133027</timestamp>
			</report>
			<report>
				<misses>1015600001</misses>
				<total>0</total>
				<timestamp>6410.760619</timestamp>
			</report>
			<report>
				<misses>1015700001</misses>
				<total>0</total>
				<timestamp>6411.388574</timestamp>
			</report>
			<report>
				<misses>1015800001</misses>
				<total>0</total>
				<timestamp>6412.014279</timestamp>
			</report>
			<report>
				<misses>1015900001</misses>
				<total>0</total>
				<timestamp>6412.644710</timestamp>
			</report>
			<report>
				<misses>1016000001</misses>
				<total>0</total>
				<timestamp>6413.271807</timestamp>
			</report>
			<report>
				<misses>1016100001</misses>
				<total>0</total>
				<timestamp>6413.906300</timestamp>
			</report>
			<report>
				<misses>1016200001</misses>
				<total>0</total>
				<timestamp>6414.535311</timestamp>
			</report>
			<report>
				<misses>1016300001</misses>
				<total>0</total>
				<timestamp>6415.169654</timestamp>
			</report>
			<report>
				<misses>1016400001</misses>
				<total>0</total>
				<timestamp>6415.804208</timestamp>
			</report>
			<report>
				<misses>1016500001</misses>
				<total>0</total>
				<timestamp>6416.433846</timestamp>
			</report>
			<report>
				<misses>1016600001</misses>
				<total>0</total>
				<timestamp>6417.062380</timestamp>
			</report>
			<report>
				<misses>1016700001</misses>
				<total>0</total>
				<timestamp>6417.689891</timestamp>
			</report>
			<report>
				<misses>1016800001</misses>
				<total>0</total>
				<timestamp>6418.317845</timestamp>
			</report>
			<report>
				<misses>1016900001</misses>
				<total>0</total>
				<timestamp>6418.950949</timestamp>
			</report>
			<report>
				<misses>1017000001</misses>
				<total>0</total>
				<timestamp>6419.582106</timestamp>
			</report>
			<report>
				<misses>1017100001</misses>
				<total>0</total>
				<timestamp>6420.211230</timestamp>
			</report>
			<report>
				<misses>1017200001</misses>
				<total>0</total>
				<timestamp>6420.842714</timestamp>
			</report>
			<report>
				<misses>1017300001</misses>
				<total>0</total>
				<timestamp>6421.469531</timestamp>
			</report>
			<report>
				<misses>1017400001</misses>
				<total>0</total>
				<timestamp>6422.095331</timestamp>
			</report>
			<report>
				<misses>1017500001</misses>
				<total>0</total>
				<timestamp>6422.722844</timestamp>
			</report>
			<report>
				<misses>1017600001</misses>
				<total>0</total>
				<timestamp>6423.351708</timestamp>
			</report>
			<report>
				<misses>1017700001</misses>
				<total>0</total>
				<timestamp>6423.978139</timestamp>
			</report>
			<report>
				<misses>1017800001</misses>
				<total>0</total>
				<timestamp>6424.612464</timestamp>
			</report>
			<report>
				<misses>1017900001</misses>
				<total>0</total>
				<timestamp>6425.249459</timestamp>
			</report>
			<report>
				<misses>1018000001</misses>
				<total>0</total>
				<timestamp>6425.893751</timestamp>
			</report>
			<report>
				<misses>1018100001</misses>
				<total>0</total>
				<timestamp>6426.521572</timestamp>
			</report>
			<report>
				<misses>1018200001</misses>
				<total>0</total>
				<timestamp>6427.150165</timestamp>
			</report>
			<report>
				<misses>1018300001</misses>
				<total>0</total>
				<timestamp>6427.786199</timestamp>
			</report>
			<report>
				<misses>1018400001</misses>
				<total>0</total>
				<timestamp>6428.417522</timestamp>
			</report>
			<report>
				<misses>1018500001</misses>
				<total>0</total>
				<timestamp>6429.055936</timestamp>
			</report>
			<report>
				<misses>1018600001</misses>
				<total>0</total>
				<timestamp>6429.685233</timestamp>
			</report>
			<report>
				<misses>1018700001</misses>
				<total>0</total>
				<timestamp>6430.312194</timestamp>
			</report>
			<report>
				<misses>1018800001</misses>
				<total>0</total>
				<timestamp>6430.946183</timestamp>
			</report>
			<report>
				<misses>1018900001</misses>
				<total>0</total>
				<timestamp>6431.576376</timestamp>
			</report>
			<report>
				<misses>1019000001</misses>
				<total>0</total>
				<timestamp>6432.205104</timestamp>
			</report>
			<report>
				<misses>1019100001</misses>
				<total>0</total>
				<timestamp>6432.833150</timestamp>
			</report>
			<report>
				<misses>1019200001</misses>
				<total>0</total>
				<timestamp>6433.463600</timestamp>
			</report>
			<report>
				<misses>1019300001</misses>
				<total>0</total>
				<timestamp>6434.103289</timestamp>
			</report>
			<report>
				<misses>1019400001</misses>
				<total>0</total>
				<timestamp>6434.734895</timestamp>
			</report>
			<report>
				<misses>1019500001</misses>
				<total>0</total>
				<timestamp>6435.364564</timestamp>
			</report>
			<report>
				<misses>1019600001</misses>
				<total>0</total>
				<timestamp>6436.005191</timestamp>
			</report>
			<report>
				<misses>1019700001</misses>
				<total>0</total>
				<timestamp>6436.652678</timestamp>
			</report>
			<report>
				<misses>1019800001</misses>
				<total>0</total>
				<timestamp>6437.281896</timestamp>
			</report>
			<report>
				<misses>1019900001</misses>
				<total>0</total>
				<timestamp>6437.913810</timestamp>
			</report>
			<report>
				<misses>1020000001</misses>
				<total>0</total>
				<timestamp>6438.546606</timestamp>
			</report>
			<report>
				<misses>1020100001</misses>
				<total>0</total>
				<timestamp>6439.173119</timestamp>
			</report>
			<report>
				<misses>1020200001</misses>
				<total>0</total>
				<timestamp>6439.799439</timestamp>
			</report>
			<report>
				<misses>1020300001</misses>
				<total>0</total>
				<timestamp>6440.435337</timestamp>
			</report>
			<report>
				<misses>1020400001</misses>
				<total>0</total>
				<timestamp>6441.071991</timestamp>
			</report>
			<report>
				<misses>1020500001</misses>
				<total>0</total>
				<timestamp>6441.702425</timestamp>
			</report>
			<report>
				<misses>1020600001</misses>
				<total>0</total>
				<timestamp>6442.341310</timestamp>
			</report>
			<report>
				<misses>1020700001</misses>
				<total>0</total>
				<timestamp>6442.972009</timestamp>
			</report>
			<report>
				<misses>1020800001</misses>
				<total>0</total>
				<timestamp>6443.604645</timestamp>
			</report>
			<report>
				<misses>1020900001</misses>
				<total>0</total>
				<timestamp>6444.243712</timestamp>
			</report>
			<report>
				<misses>1021000001</misses>
				<total>0</total>
				<timestamp>6444.887627</timestamp>
			</report>
			<report>
				<misses>1021100001</misses>
				<total>0</total>
				<timestamp>6445.521645</timestamp>
			</report>
			<report>
				<misses>1021200001</misses>
				<total>0</total>
				<timestamp>6446.162695</timestamp>
			</report>
			<report>
				<misses>1021300001</misses>
				<total>0</total>
				<timestamp>6446.796504</timestamp>
			</report>
			<report>
				<misses>1021400001</misses>
				<total>0</total>
				<timestamp>6447.432997</timestamp>
			</report>
			<report>
				<misses>1021500001</misses>
				<total>0</total>
				<timestamp>6448.066850</timestamp>
			</report>
			<report>
				<misses>1021600001</misses>
				<total>0</total>
				<timestamp>6448.694469</timestamp>
			</report>
			<report>
				<misses>1021700001</misses>
				<total>0</total>
				<timestamp>6449.337979</timestamp>
			</report>
			<report>
				<misses>1021800001</misses>
				<total>0</total>
				<timestamp>6449.974906</timestamp>
			</report>
			<report>
				<misses>1021900001</misses>
				<total>0</total>
				<timestamp>6450.613207</timestamp>
			</report>
			<report>
				<misses>1022000001</misses>
				<total>0</total>
				<timestamp>6451.251752</timestamp>
			</report>
			<report>
				<misses>1022100001</misses>
				<total>0</total>
				<timestamp>6451.882515</timestamp>
			</report>
			<report>
				<misses>1022200001</misses>
				<total>0</total>
				<timestamp>6452.523972</timestamp>
			</report>
			<report>
				<misses>1022300001</misses>
				<total>0</total>
				<timestamp>6453.150727</timestamp>
			</report>
			<report>
				<misses>1022400001</misses>
				<total>0</total>
				<timestamp>6453.779157</timestamp>
			</report>
			<report>
				<misses>1022500001</misses>
				<total>0</total>
				<timestamp>6454.411518</timestamp>
			</report>
			<report>
				<misses>1022600001</misses>
				<total>0</total>
				<timestamp>6455.046954</timestamp>
			</report>
			<report>
				<misses>1022700001</misses>
				<total>0</total>
				<timestamp>6455.687125</timestamp>
			</report>
			<report>
				<misses>1022800001</misses>
				<total>0</total>
				<timestamp>6456.314139</timestamp>
			</report>
			<report>
				<misses>1022900001</misses>
				<total>0</total>
				<timestamp>6456.951405</timestamp>
			</report>
			<report>
				<misses>1023000001</misses>
				<total>0</total>
				<timestamp>6457.588298</timestamp>
			</report>
			<report>
				<misses>1023100001</misses>
				<total>0</total>
				<timestamp>6458.225520</timestamp>
			</report>
			<report>
				<misses>1023200001</misses>
				<total>0</total>
				<timestamp>6458.858629</timestamp>
			</report>
			<report>
				<misses>1023300001</misses>
				<total>0</total>
				<timestamp>6459.486649</timestamp>
			</report>
			<report>
				<misses>1023400001</misses>
				<total>0</total>
				<timestamp>6460.114777</timestamp>
			</report>
			<report>
				<misses>1023500001</misses>
				<total>0</total>
				<timestamp>6460.741744</timestamp>
			</report>
			<report>
				<misses>1023600001</misses>
				<total>0</total>
				<timestamp>6461.368864</timestamp>
			</report>
			<report>
				<misses>1023700001</misses>
				<total>0</total>
				<timestamp>6461.999390</timestamp>
			</report>
			<report>
				<misses>1023800001</misses>
				<total>0</total>
				<timestamp>6462.629266</timestamp>
			</report>
			<report>
				<misses>1023900001</misses>
				<total>0</total>
				<timestamp>6463.261913</timestamp>
			</report>
			<report>
				<misses>1024000001</misses>
				<total>0</total>
				<timestamp>6463.912630</timestamp>
			</report>
			<report>
				<misses>1024100001</misses>
				<total>0</total>
				<timestamp>6464.546558</timestamp>
			</report>
			<report>
				<misses>1024200001</misses>
				<total>0</total>
				<timestamp>6465.194023</timestamp>
			</report>
			<report>
				<misses>1024300001</misses>
				<total>0</total>
				<timestamp>6465.819246</timestamp>
			</report>
			<report>
				<misses>1024400001</misses>
				<total>0</total>
				<timestamp>6466.449757</timestamp>
			</report>
			<report>
				<misses>1024500001</misses>
				<total>0</total>
				<timestamp>6467.080770</timestamp>
			</report>
			<report>
				<misses>1024600001</misses>
				<total>0</total>
				<timestamp>6467.710700</timestamp>
			</report>
			<report>
				<misses>1024700001</misses>
				<total>0</total>
				<timestamp>6468.345575</timestamp>
			</report>
			<report>
				<misses>1024800001</misses>
				<total>0</total>
				<timestamp>6468.979333</timestamp>
			</report>
			<report>
				<misses>1024900001</misses>
				<total>0</total>
				<timestamp>6469.607599</timestamp>
			</report>
			<report>
				<misses>1025000001</misses>
				<total>0</total>
				<timestamp>6470.240012</timestamp>
			</report>
			<report>
				<misses>1025100001</misses>
				<total>0</total>
				<timestamp>6470.879158</timestamp>
			</report>
			<report>
				<misses>1025200001</misses>
				<total>0</total>
				<timestamp>6471.514366</timestamp>
			</report>
			<report>
				<misses>1025300001</misses>
				<total>0</total>
				<timestamp>6472.148009</timestamp>
			</report>
			<report>
				<misses>1025400001</misses>
				<total>0</total>
				<timestamp>6472.780712</timestamp>
			</report>
			<report>
				<misses>1025500001</misses>
				<total>0</total>
				<timestamp>6473.417194</timestamp>
			</report>
			<report>
				<misses>1025600001</misses>
				<total>0</total>
				<timestamp>6474.045143</timestamp>
			</report>
			<report>
				<misses>1025700001</misses>
				<total>0</total>
				<timestamp>6474.669310</timestamp>
			</report>
			<report>
				<misses>1025800001</misses>
				<total>0</total>
				<timestamp>6475.296832</timestamp>
			</report>
			<report>
				<misses>1025900001</misses>
				<total>0</total>
				<timestamp>6475.937591</timestamp>
			</report>
			<report>
				<misses>1026000001</misses>
				<total>0</total>
				<timestamp>6476.567936</timestamp>
			</report>
			<report>
				<misses>1026100001</misses>
				<total>0</total>
				<timestamp>6477.208620</timestamp>
			</report>
			<report>
				<misses>1026200001</misses>
				<total>0</total>
				<timestamp>6477.838320</timestamp>
			</report>
			<report>
				<misses>1026300001</misses>
				<total>0</total>
				<timestamp>6478.469604</timestamp>
			</report>
			<report>
				<misses>1026400001</misses>
				<total>0</total>
				<timestamp>6479.101584</timestamp>
			</report>
			<report>
				<misses>1026500001</misses>
				<total>0</total>
				<timestamp>6479.731835</timestamp>
			</report>
			<report>
				<misses>1026600001</misses>
				<total>0</total>
				<timestamp>6480.362985</timestamp>
			</report>
			<report>
				<misses>1026700001</misses>
				<total>0</total>
				<timestamp>6480.992242</timestamp>
			</report>
			<report>
				<misses>1026800001</misses>
				<total>0</total>
				<timestamp>6481.619666</timestamp>
			</report>
			<report>
				<misses>1026900001</misses>
				<total>0</total>
				<timestamp>6482.254131</timestamp>
			</report>
			<report>
				<misses>1027000001</misses>
				<total>0</total>
				<timestamp>6482.887814</timestamp>
			</report>
			<report>
				<misses>1027100001</misses>
				<total>0</total>
				<timestamp>6483.529264</timestamp>
			</report>
			<report>
				<misses>1027200001</misses>
				<total>0</total>
				<timestamp>6484.166436</timestamp>
			</report>
			<report>
				<misses>1027300001</misses>
				<total>0</total>
				<timestamp>6484.791540</timestamp>
			</report>
			<report>
				<misses>1027400001</misses>
				<total>0</total>
				<timestamp>6485.421294</timestamp>
			</report>
			<report>
				<misses>1027500001</misses>
				<total>0</total>
				<timestamp>6486.069817</timestamp>
			</report>
			<report>
				<misses>1027600001</misses>
				<total>0</total>
				<timestamp>6486.697412</timestamp>
			</report>
			<report>
				<misses>1027700001</misses>
				<total>0</total>
				<timestamp>6487.323799</timestamp>
			</report>
			<report>
				<misses>1027800001</misses>
				<total>0</total>
				<timestamp>6487.956487</timestamp>
			</report>
			<report>
				<misses>1027900001</misses>
				<total>0</total>
				<timestamp>6488.582195</timestamp>
			</report>
			<report>
				<misses>1028000001</misses>
				<total>0</total>
				<timestamp>6489.208669</timestamp>
			</report>
			<report>
				<misses>1028100001</misses>
				<total>0</total>
				<timestamp>6489.835945</timestamp>
			</report>
			<report>
				<misses>1028200001</misses>
				<total>0</total>
				<timestamp>6490.468678</timestamp>
			</report>
			<report>
				<misses>1028300001</misses>
				<total>0</total>
				<timestamp>6491.096258</timestamp>
			</report>
			<report>
				<misses>1028400001</misses>
				<total>0</total>
				<timestamp>6491.726396</timestamp>
			</report>
			<report>
				<misses>1028500001</misses>
				<total>0</total>
				<timestamp>6492.355236</timestamp>
			</report>
			<report>
				<misses>1028600001</misses>
				<total>0</total>
				<timestamp>6492.981207</timestamp>
			</report>
			<report>
				<misses>1028700001</misses>
				<total>0</total>
				<timestamp>6493.616195</timestamp>
			</report>
			<report>
				<misses>1028800001</misses>
				<total>0</total>
				<timestamp>6494.255723</timestamp>
			</report>
			<report>
				<misses>1028900001</misses>
				<total>0</total>
				<timestamp>6494.896814</timestamp>
			</report>
			<report>
				<misses>1029000001</misses>
				<total>0</total>
				<timestamp>6495.525049</timestamp>
			</report>
			<report>
				<misses>1029100001</misses>
				<total>0</total>
				<timestamp>6496.151124</timestamp>
			</report>
			<report>
				<misses>1029200001</misses>
				<total>0</total>
				<timestamp>6496.778540</timestamp>
			</report>
			<report>
				<misses>1029300001</misses>
				<total>0</total>
				<timestamp>6497.409594</timestamp>
			</report>
			<report>
				<misses>1029400001</misses>
				<total>0</total>
				<timestamp>6498.040787</timestamp>
			</report>
			<report>
				<misses>1029500001</misses>
				<total>0</total>
				<timestamp>6498.664909</timestamp>
			</report>
			<report>
				<misses>1029600001</misses>
				<total>0</total>
				<timestamp>6499.289676</timestamp>
			</report>
			<report>
				<misses>1029700001</misses>
				<total>0</total>
				<timestamp>6499.917018</timestamp>
			</report>
			<report>
				<misses>1029800001</misses>
				<total>0</total>
				<timestamp>6500.546740</timestamp>
			</report>
			<report>
				<misses>1029900001</misses>
				<total>0</total>
				<timestamp>6501.173826</timestamp>
			</report>
			<report>
				<misses>1030000001</misses>
				<total>0</total>
				<timestamp>6501.799753</timestamp>
			</report>
			<report>
				<misses>1030100001</misses>
				<total>0</total>
				<timestamp>6502.425084</timestamp>
			</report>
			<report>
				<misses>1030200001</misses>
				<total>0</total>
				<timestamp>6503.059582</timestamp>
			</report>
			<report>
				<misses>1030300001</misses>
				<total>0</total>
				<timestamp>6503.691515</timestamp>
			</report>
			<report>
				<misses>1030400001</misses>
				<total>0</total>
				<timestamp>6504.321842</timestamp>
			</report>
			<report>
				<misses>1030500001</misses>
				<total>0</total>
				<timestamp>6504.955164</timestamp>
			</report>
			<report>
				<misses>1030600001</misses>
				<total>0</total>
				<timestamp>6505.595219</timestamp>
			</report>
			<report>
				<misses>1030700001</misses>
				<total>0</total>
				<timestamp>6506.231870</timestamp>
			</report>
			<report>
				<misses>1030800001</misses>
				<total>0</total>
				<timestamp>6506.857596</timestamp>
			</report>
			<report>
				<misses>1030900001</misses>
				<total>0</total>
				<timestamp>6507.487739</timestamp>
			</report>
			<report>
				<misses>1031000001</misses>
				<total>0</total>
				<timestamp>6508.118006</timestamp>
			</report>
			<report>
				<misses>1031100001</misses>
				<total>0</total>
				<timestamp>6508.745455</timestamp>
			</report>
			<report>
				<misses>1031200001</misses>
				<total>0</total>
				<timestamp>6509.371231</timestamp>
			</report>
			<report>
				<misses>1031300001</misses>
				<total>0</total>
				<timestamp>6509.991800</timestamp>
			</report>
			<report>
				<misses>1031400001</misses>
				<total>0</total>
				<timestamp>6510.621112</timestamp>
			</report>
			<report>
				<misses>1031500001</misses>
				<total>0</total>
				<timestamp>6511.254316</timestamp>
			</report>
			<report>
				<misses>1031600001</misses>
				<total>0</total>
				<timestamp>6511.882942</timestamp>
			</report>
			<report>
				<misses>1031700001</misses>
				<total>0</total>
				<timestamp>6512.520789</timestamp>
			</report>
			<report>
				<misses>1031800001</misses>
				<total>0</total>
				<timestamp>6513.148171</timestamp>
			</report>
			<report>
				<misses>1031900001</misses>
				<total>0</total>
				<timestamp>6513.779510</timestamp>
			</report>
			<report>
				<misses>1032000001</misses>
				<total>0</total>
				<timestamp>6514.432297</timestamp>
			</report>
			<report>
				<misses>1032100001</misses>
				<total>0</total>
				<timestamp>6515.062223</timestamp>
			</report>
			<report>
				<misses>1032200001</misses>
				<total>0</total>
				<timestamp>6515.693907</timestamp>
			</report>
			<report>
				<misses>1032300001</misses>
				<total>0</total>
				<timestamp>6516.335066</timestamp>
			</report>
			<report>
				<misses>1032400001</misses>
				<total>0</total>
				<timestamp>6516.958677</timestamp>
			</report>
			<report>
				<misses>1032500001</misses>
				<total>0</total>
				<timestamp>6517.591317</timestamp>
			</report>
			<report>
				<misses>1032600001</misses>
				<total>0</total>
				<timestamp>6518.231551</timestamp>
			</report>
			<report>
				<misses>1032700001</misses>
				<total>0</total>
				<timestamp>6518.864533</timestamp>
			</report>
			<report>
				<misses>1032800001</misses>
				<total>0</total>
				<timestamp>6519.498459</timestamp>
			</report>
			<report>
				<misses>1032900001</misses>
				<total>0</total>
				<timestamp>6520.121631</timestamp>
			</report>
			<report>
				<misses>1033000001</misses>
				<total>0</total>
				<timestamp>6520.749977</timestamp>
			</report>
			<report>
				<misses>1033100001</misses>
				<total>0</total>
				<timestamp>6521.388590</timestamp>
			</report>
			<report>
				<misses>1033200001</misses>
				<total>0</total>
				<timestamp>6522.018040</timestamp>
			</report>
			<report>
				<misses>1033300001</misses>
				<total>0</total>
				<timestamp>6522.648076</timestamp>
			</report>
			<report>
				<misses>1033400001</misses>
				<total>0</total>
				<timestamp>6523.278433</timestamp>
			</report>
			<report>
				<misses>1033500001</misses>
				<total>0</total>
				<timestamp>6523.905942</timestamp>
			</report>
			<report>
				<misses>1033600001</misses>
				<total>0</total>
				<timestamp>6524.534564</timestamp>
			</report>
			<report>
				<misses>1033700001</misses>
				<total>0</total>
				<timestamp>6525.162626</timestamp>
			</report>
			<report>
				<misses>1033800001</misses>
				<total>0</total>
				<timestamp>6525.788255</timestamp>
			</report>
			<report>
				<misses>1033900001</misses>
				<total>0</total>
				<timestamp>6526.416270</timestamp>
			</report>
			<report>
				<misses>1034000001</misses>
				<total>0</total>
				<timestamp>6527.051424</timestamp>
			</report>
			<report>
				<misses>1034100001</misses>
				<total>0</total>
				<timestamp>6527.682074</timestamp>
			</report>
			<report>
				<misses>1034200001</misses>
				<total>0</total>
				<timestamp>6528.312739</timestamp>
			</report>
			<report>
				<misses>1034300001</misses>
				<total>0</total>
				<timestamp>6528.943789</timestamp>
			</report>
			<report>
				<misses>1034400001</misses>
				<total>0</total>
				<timestamp>6529.575150</timestamp>
			</report>
			<report>
				<misses>1034500001</misses>
				<total>0</total>
				<timestamp>6530.201381</timestamp>
			</report>
			<report>
				<misses>1034600001</misses>
				<total>0</total>
				<timestamp>6530.825794</timestamp>
			</report>
			<report>
				<misses>1034700001</misses>
				<total>0</total>
				<timestamp>6531.469248</timestamp>
			</report>
			<report>
				<misses>1034800001</misses>
				<total>0</total>
				<timestamp>6532.108361</timestamp>
			</report>
			<report>
				<misses>1034900001</misses>
				<total>0</total>
				<timestamp>6532.742434</timestamp>
			</report>
			<report>
				<misses>1035000001</misses>
				<total>0</total>
				<timestamp>6533.374522</timestamp>
			</report>
			<report>
				<misses>1035100001</misses>
				<total>0</total>
				<timestamp>6534.001869</timestamp>
			</report>
			<report>
				<misses>1035200001</misses>
				<total>0</total>
				<timestamp>6534.631463</timestamp>
			</report>
			<report>
				<misses>1035300001</misses>
				<total>0</total>
				<timestamp>6535.261995</timestamp>
			</report>
			<report>
				<misses>1035400001</misses>
				<total>0</total>
				<timestamp>6535.884401</timestamp>
			</report>
			<report>
				<misses>1035500001</misses>
				<total>0</total>
				<timestamp>6536.515313</timestamp>
			</report>
			<report>
				<misses>1035600001</misses>
				<total>0</total>
				<timestamp>6537.149333</timestamp>
			</report>
			<report>
				<misses>1035700001</misses>
				<total>0</total>
				<timestamp>6537.781066</timestamp>
			</report>
			<report>
				<misses>1035800001</misses>
				<total>0</total>
				<timestamp>6538.413030</timestamp>
			</report>
			<report>
				<misses>1035900001</misses>
				<total>0</total>
				<timestamp>6539.042254</timestamp>
			</report>
			<report>
				<misses>1036000001</misses>
				<total>0</total>
				<timestamp>6539.672846</timestamp>
			</report>
			<report>
				<misses>1036100001</misses>
				<total>0</total>
				<timestamp>6540.317021</timestamp>
			</report>
			<report>
				<misses>1036200001</misses>
				<total>0</total>
				<timestamp>6540.944404</timestamp>
			</report>
			<report>
				<misses>1036300001</misses>
				<total>0</total>
				<timestamp>6541.573020</timestamp>
			</report>
			<report>
				<misses>1036400001</misses>
				<total>0</total>
				<timestamp>6542.212498</timestamp>
			</report>
			<report>
				<misses>1036500001</misses>
				<total>0</total>
				<timestamp>6542.836772</timestamp>
			</report>
			<report>
				<misses>1036600001</misses>
				<total>0</total>
				<timestamp>6543.469918</timestamp>
			</report>
			<report>
				<misses>1036700001</misses>
				<total>0</total>
				<timestamp>6544.109026</timestamp>
			</report>
			<report>
				<misses>1036800001</misses>
				<total>0</total>
				<timestamp>6544.747112</timestamp>
			</report>
			<report>
				<misses>1036900001</misses>
				<total>0</total>
				<timestamp>6545.380448</timestamp>
			</report>
			<report>
				<misses>1037000001</misses>
				<total>0</total>
				<timestamp>6546.008339</timestamp>
			</report>
			<report>
				<misses>1037100001</misses>
				<total>0</total>
				<timestamp>6546.634328</timestamp>
			</report>
			<report>
				<misses>1037200001</misses>
				<total>0</total>
				<timestamp>6547.283365</timestamp>
			</report>
			<report>
				<misses>1037300001</misses>
				<total>0</total>
				<timestamp>6547.908964</timestamp>
			</report>
			<report>
				<misses>1037400001</misses>
				<total>0</total>
				<timestamp>6548.536628</timestamp>
			</report>
			<report>
				<misses>1037500001</misses>
				<total>0</total>
				<timestamp>6549.168680</timestamp>
			</report>
			<report>
				<misses>1037600001</misses>
				<total>0</total>
				<timestamp>6549.801229</timestamp>
			</report>
			<report>
				<misses>1037700001</misses>
				<total>0</total>
				<timestamp>6550.426139</timestamp>
			</report>
			<report>
				<misses>1037800001</misses>
				<total>0</total>
				<timestamp>6551.054863</timestamp>
			</report>
			<report>
				<misses>1037900001</misses>
				<total>0</total>
				<timestamp>6551.683375</timestamp>
			</report>
			<report>
				<misses>1038000001</misses>
				<total>0</total>
				<timestamp>6552.306954</timestamp>
			</report>
			<report>
				<misses>1038100001</misses>
				<total>0</total>
				<timestamp>6552.936996</timestamp>
			</report>
			<report>
				<misses>1038200001</misses>
				<total>0</total>
				<timestamp>6553.562039</timestamp>
			</report>
			<report>
				<misses>1038300001</misses>
				<total>0</total>
				<timestamp>6554.188772</timestamp>
			</report>
			<report>
				<misses>1038400001</misses>
				<total>0</total>
				<timestamp>6554.818948</timestamp>
			</report>
			<report>
				<misses>1038500001</misses>
				<total>0</total>
				<timestamp>6555.455449</timestamp>
			</report>
			<report>
				<misses>1038600001</misses>
				<total>0</total>
				<timestamp>6556.080991</timestamp>
			</report>
			<report>
				<misses>1038700001</misses>
				<total>0</total>
				<timestamp>6556.710251</timestamp>
			</report>
			<report>
				<misses>1038800001</misses>
				<total>0</total>
				<timestamp>6557.353871</timestamp>
			</report>
			<report>
				<misses>1038900001</misses>
				<total>0</total>
				<timestamp>6557.994517</timestamp>
			</report>
			<report>
				<misses>1039000001</misses>
				<total>0</total>
				<timestamp>6558.618419</timestamp>
			</report>
			<report>
				<misses>1039100001</misses>
				<total>0</total>
				<timestamp>6559.265425</timestamp>
			</report>
			<report>
				<misses>1039200001</misses>
				<total>0</total>
				<timestamp>6559.895416</timestamp>
			</report>
			<report>
				<misses>1039300001</misses>
				<total>0</total>
				<timestamp>6560.539202</timestamp>
			</report>
			<report>
				<misses>1039400001</misses>
				<total>0</total>
				<timestamp>6561.160776</timestamp>
			</report>
			<report>
				<misses>1039500001</misses>
				<total>0</total>
				<timestamp>6561.786201</timestamp>
			</report>
			<report>
				<misses>1039600001</misses>
				<total>0</total>
				<timestamp>6562.430435</timestamp>
			</report>
			<report>
				<misses>1039700001</misses>
				<total>0</total>
				<timestamp>6563.064397</timestamp>
			</report>
			<report>
				<misses>1039800001</misses>
				<total>0</total>
				<timestamp>6563.690526</timestamp>
			</report>
			<report>
				<misses>1039900001</misses>
				<total>0</total>
				<timestamp>6564.317234</timestamp>
			</report>
			<report>
				<misses>1040000001</misses>
				<total>0</total>
				<timestamp>6564.948689</timestamp>
			</report>
			<report>
				<misses>1040100001</misses>
				<total>0</total>
				<timestamp>6565.584278</timestamp>
			</report>
			<report>
				<misses>1040200001</misses>
				<total>0</total>
				<timestamp>6566.217435</timestamp>
			</report>
			<report>
				<misses>1040300001</misses>
				<total>0</total>
				<timestamp>6566.844491</timestamp>
			</report>
			<report>
				<misses>1040400001</misses>
				<total>0</total>
				<timestamp>6567.483151</timestamp>
			</report>
			<report>
				<misses>1040500001</misses>
				<total>0</total>
				<timestamp>6568.114812</timestamp>
			</report>
			<report>
				<misses>1040600001</misses>
				<total>0</total>
				<timestamp>6568.746398</timestamp>
			</report>
			<report>
				<misses>1040700001</misses>
				<total>0</total>
				<timestamp>6569.374445</timestamp>
			</report>
			<report>
				<misses>1040800001</misses>
				<total>0</total>
				<timestamp>6569.997404</timestamp>
			</report>
			<report>
				<misses>1040900001</misses>
				<total>0</total>
				<timestamp>6570.623570</timestamp>
			</report>
			<report>
				<misses>1041000001</misses>
				<total>0</total>
				<timestamp>6571.252764</timestamp>
			</report>
			<report>
				<misses>1041100001</misses>
				<total>0</total>
				<timestamp>6571.894490</timestamp>
			</report>
			<report>
				<misses>1041200001</misses>
				<total>0</total>
				<timestamp>6572.521526</timestamp>
			</report>
			<report>
				<misses>1041300001</misses>
				<total>0</total>
				<timestamp>6573.161242</timestamp>
			</report>
			<report>
				<misses>1041400001</misses>
				<total>0</total>
				<timestamp>6573.790737</timestamp>
			</report>
			<report>
				<misses>1041500001</misses>
				<total>0</total>
				<timestamp>6574.418179</timestamp>
			</report>
			<report>
				<misses>1041600001</misses>
				<total>0</total>
				<timestamp>6575.045609</timestamp>
			</report>
			<report>
				<misses>1041700001</misses>
				<total>0</total>
				<timestamp>6575.669920</timestamp>
			</report>
			<report>
				<misses>1041800001</misses>
				<total>0</total>
				<timestamp>6576.293790</timestamp>
			</report>
			<report>
				<misses>1041900001</misses>
				<total>0</total>
				<timestamp>6576.915268</timestamp>
			</report>
			<report>
				<misses>1042000001</misses>
				<total>0</total>
				<timestamp>6577.544466</timestamp>
			</report>
			<report>
				<misses>1042100001</misses>
				<total>0</total>
				<timestamp>6578.176223</timestamp>
			</report>
			<report>
				<misses>1042200001</misses>
				<total>0</total>
				<timestamp>6578.822313</timestamp>
			</report>
			<report>
				<misses>1042300001</misses>
				<total>0</total>
				<timestamp>6579.463882</timestamp>
			</report>
			<report>
				<misses>1042400001</misses>
				<total>0</total>
				<timestamp>6580.100178</timestamp>
			</report>
			<report>
				<misses>1042500001</misses>
				<total>0</total>
				<timestamp>6580.735746</timestamp>
			</report>
			<report>
				<misses>1042600001</misses>
				<total>0</total>
				<timestamp>6581.391027</timestamp>
			</report>
			<report>
				<misses>1042700001</misses>
				<total>0</total>
				<timestamp>6582.017259</timestamp>
			</report>
			<report>
				<misses>1042800001</misses>
				<total>0</total>
				<timestamp>6582.641042</timestamp>
			</report>
			<report>
				<misses>1042900001</misses>
				<total>0</total>
				<timestamp>6583.271893</timestamp>
			</report>
			<report>
				<misses>1043000001</misses>
				<total>0</total>
				<timestamp>6583.896706</timestamp>
			</report>
			<report>
				<misses>1043100001</misses>
				<total>0</total>
				<timestamp>6584.524550</timestamp>
			</report>
			<report>
				<misses>1043200001</misses>
				<total>0</total>
				<timestamp>6585.161147</timestamp>
			</report>
			<report>
				<misses>1043300001</misses>
				<total>0</total>
				<timestamp>6585.788816</timestamp>
			</report>
			<report>
				<misses>1043400001</misses>
				<total>0</total>
				<timestamp>6586.423451</timestamp>
			</report>
			<report>
				<misses>1043500001</misses>
				<total>0</total>
				<timestamp>6587.074504</timestamp>
			</report>
			<report>
				<misses>1043600001</misses>
				<total>0</total>
				<timestamp>6587.700283</timestamp>
			</report>
			<report>
				<misses>1043700001</misses>
				<total>0</total>
				<timestamp>6588.341299</timestamp>
			</report>
			<report>
				<misses>1043800001</misses>
				<total>0</total>
				<timestamp>6588.967454</timestamp>
			</report>
			<report>
				<misses>1043900001</misses>
				<total>0</total>
				<timestamp>6589.600041</timestamp>
			</report>
			<report>
				<misses>1044000001</misses>
				<total>0</total>
				<timestamp>6590.238013</timestamp>
			</report>
			<report>
				<misses>1044100001</misses>
				<total>0</total>
				<timestamp>6590.869852</timestamp>
			</report>
			<report>
				<misses>1044200001</misses>
				<total>0</total>
				<timestamp>6591.503386</timestamp>
			</report>
			<report>
				<misses>1044300001</misses>
				<total>0</total>
				<timestamp>6592.150213</timestamp>
			</report>
			<report>
				<misses>1044400001</misses>
				<total>0</total>
				<timestamp>6592.778162</timestamp>
			</report>
			<report>
				<misses>1044500001</misses>
				<total>0</total>
				<timestamp>6593.435520</timestamp>
			</report>
			<report>
				<misses>1044600001</misses>
				<total>0</total>
				<timestamp>6594.064320</timestamp>
			</report>
			<report>
				<misses>1044700001</misses>
				<total>0</total>
				<timestamp>6594.689147</timestamp>
			</report>
			<report>
				<misses>1044800001</misses>
				<total>0</total>
				<timestamp>6595.317507</timestamp>
			</report>
			<report>
				<misses>1044900001</misses>
				<total>0</total>
				<timestamp>6595.949870</timestamp>
			</report>
			<report>
				<misses>1045000001</misses>
				<total>0</total>
				<timestamp>6596.577012</timestamp>
			</report>
			<report>
				<misses>1045100001</misses>
				<total>0</total>
				<timestamp>6597.232253</timestamp>
			</report>
			<report>
				<misses>1045200001</misses>
				<total>0</total>
				<timestamp>6597.861242</timestamp>
			</report>
			<report>
				<misses>1045300001</misses>
				<total>0</total>
				<timestamp>6598.485603</timestamp>
			</report>
			<report>
				<misses>1045400001</misses>
				<total>0</total>
				<timestamp>6599.121034</timestamp>
			</report>
			<report>
				<misses>1045500001</misses>
				<total>0</total>
				<timestamp>6599.743401</timestamp>
			</report>
			<report>
				<misses>1045600001</misses>
				<total>0</total>
				<timestamp>6600.378713</timestamp>
			</report>
			<report>
				<misses>1045700001</misses>
				<total>0</total>
				<timestamp>6601.017360</timestamp>
			</report>
			<report>
				<misses>1045800001</misses>
				<total>0</total>
				<timestamp>6601.641902</timestamp>
			</report>
			<report>
				<misses>1045900001</misses>
				<total>0</total>
				<timestamp>6602.278873</timestamp>
			</report>
			<report>
				<misses>1046000001</misses>
				<total>0</total>
				<timestamp>6602.905837</timestamp>
			</report>
			<report>
				<misses>1046100001</misses>
				<total>0</total>
				<timestamp>6603.534318</timestamp>
			</report>
			<report>
				<misses>1046200001</misses>
				<total>0</total>
				<timestamp>6604.161220</timestamp>
			</report>
			<report>
				<misses>1046300001</misses>
				<total>0</total>
				<timestamp>6604.783466</timestamp>
			</report>
			<report>
				<misses>1046400001</misses>
				<total>0</total>
				<timestamp>6605.414230</timestamp>
			</report>
			<report>
				<misses>1046500001</misses>
				<total>0</total>
				<timestamp>6606.055271</timestamp>
			</report>
			<report>
				<misses>1046600001</misses>
				<total>0</total>
				<timestamp>6606.688381</timestamp>
			</report>
			<report>
				<misses>1046700001</misses>
				<total>0</total>
				<timestamp>6607.318975</timestamp>
			</report>
			<report>
				<misses>1046800001</misses>
				<total>0</total>
				<timestamp>6607.942154</timestamp>
			</report>
			<report>
				<misses>1046900001</misses>
				<total>0</total>
				<timestamp>6608.571413</timestamp>
			</report>
			<report>
				<misses>1047000001</misses>
				<total>0</total>
				<timestamp>6609.200627</timestamp>
			</report>
			<report>
				<misses>1047100001</misses>
				<total>0</total>
				<timestamp>6609.828478</timestamp>
			</report>
			<report>
				<misses>1047200001</misses>
				<total>0</total>
				<timestamp>6610.455594</timestamp>
			</report>
			<report>
				<misses>1047300001</misses>
				<total>0</total>
				<timestamp>6611.084832</timestamp>
			</report>
			<report>
				<misses>1047400001</misses>
				<total>0</total>
				<timestamp>6611.719213</timestamp>
			</report>
			<report>
				<misses>1047500001</misses>
				<total>0</total>
				<timestamp>6612.355201</timestamp>
			</report>
			<report>
				<misses>1047600001</misses>
				<total>0</total>
				<timestamp>6612.983877</timestamp>
			</report>
			<report>
				<misses>1047700001</misses>
				<total>0</total>
				<timestamp>6613.619435</timestamp>
			</report>
			<report>
				<misses>1047800001</misses>
				<total>0</total>
				<timestamp>6614.255461</timestamp>
			</report>
			<report>
				<misses>1047900001</misses>
				<total>0</total>
				<timestamp>6614.883636</timestamp>
			</report>
			<report>
				<misses>1048000001</misses>
				<total>0</total>
				<timestamp>6615.509888</timestamp>
			</report>
			<report>
				<misses>1048100001</misses>
				<total>0</total>
				<timestamp>6616.133313</timestamp>
			</report>
			<report>
				<misses>1048200001</misses>
				<total>0</total>
				<timestamp>6616.760533</timestamp>
			</report>
			<report>
				<misses>1048300001</misses>
				<total>0</total>
				<timestamp>6617.387789</timestamp>
			</report>
			<report>
				<misses>1048400001</misses>
				<total>0</total>
				<timestamp>6618.027507</timestamp>
			</report>
			<report>
				<misses>1048500001</misses>
				<total>0</total>
				<timestamp>6618.651761</timestamp>
			</report>
			<report>
				<misses>1048600001</misses>
				<total>0</total>
				<timestamp>6619.286597</timestamp>
			</report>
			<report>
				<misses>1048700001</misses>
				<total>0</total>
				<timestamp>6619.912326</timestamp>
			</report>
			<report>
				<misses>1048800001</misses>
				<total>0</total>
				<timestamp>6620.549851</timestamp>
			</report>
			<report>
				<misses>1048900001</misses>
				<total>0</total>
				<timestamp>6621.194477</timestamp>
			</report>
			<report>
				<misses>1049000001</misses>
				<total>0</total>
				<timestamp>6621.820410</timestamp>
			</report>
			<report>
				<misses>1049100001</misses>
				<total>0</total>
				<timestamp>6622.457476</timestamp>
			</report>
			<report>
				<misses>1049200001</misses>
				<total>0</total>
				<timestamp>6623.083350</timestamp>
			</report>
			<report>
				<misses>1049300001</misses>
				<total>0</total>
				<timestamp>6623.717492</timestamp>
			</report>
			<report>
				<misses>1049400001</misses>
				<total>0</total>
				<timestamp>6624.350099</timestamp>
			</report>
			<report>
				<misses>1049500001</misses>
				<total>0</total>
				<timestamp>6624.976592</timestamp>
			</report>
			<report>
				<misses>1049600001</misses>
				<total>0</total>
				<timestamp>6625.605180</timestamp>
			</report>
			<report>
				<misses>1049700001</misses>
				<total>0</total>
				<timestamp>6626.228692</timestamp>
			</report>
			<report>
				<misses>1049800001</misses>
				<total>0</total>
				<timestamp>6626.858060</timestamp>
			</report>
			<report>
				<misses>1049900001</misses>
				<total>0</total>
				<timestamp>6627.484076</timestamp>
			</report>
			<report>
				<misses>1050000001</misses>
				<total>0</total>
				<timestamp>6628.107316</timestamp>
			</report>
			<report>
				<misses>1050100001</misses>
				<total>0</total>
				<timestamp>6628.735356</timestamp>
			</report>
			<report>
				<misses>1050200001</misses>
				<total>0</total>
				<timestamp>6629.366558</timestamp>
			</report>
			<report>
				<misses>1050300001</misses>
				<total>0</total>
				<timestamp>6629.993256</timestamp>
			</report>
			<report>
				<misses>1050400001</misses>
				<total>0</total>
				<timestamp>6630.621076</timestamp>
			</report>
			<report>
				<misses>1050500001</misses>
				<total>0</total>
				<timestamp>6631.260270</timestamp>
			</report>
			<report>
				<misses>1050600001</misses>
				<total>0</total>
				<timestamp>6631.892145</timestamp>
			</report>
			<report>
				<misses>1050700001</misses>
				<total>0</total>
				<timestamp>6632.522768</timestamp>
			</report>
			<report>
				<misses>1050800001</misses>
				<total>0</total>
				<timestamp>6633.152146</timestamp>
			</report>
			<report>
				<misses>1050900001</misses>
				<total>0</total>
				<timestamp>6633.780631</timestamp>
			</report>
			<report>
				<misses>1051000001</misses>
				<total>0</total>
				<timestamp>6634.429216</timestamp>
			</report>
			<report>
				<misses>1051100001</misses>
				<total>0</total>
				<timestamp>6635.059285</timestamp>
			</report>
			<report>
				<misses>1051200001</misses>
				<total>0</total>
				<timestamp>6635.682844</timestamp>
			</report>
			<report>
				<misses>1051300001</misses>
				<total>0</total>
				<timestamp>6636.317146</timestamp>
			</report>
			<report>
				<misses>1051400001</misses>
				<total>0</total>
				<timestamp>6636.949869</timestamp>
			</report>
			<report>
				<misses>1051500001</misses>
				<total>0</total>
				<timestamp>6637.576057</timestamp>
			</report>
			<report>
				<misses>1051600001</misses>
				<total>0</total>
				<timestamp>6638.201362</timestamp>
			</report>
			<report>
				<misses>1051700001</misses>
				<total>0</total>
				<timestamp>6638.827906</timestamp>
			</report>
			<report>
				<misses>1051800001</misses>
				<total>0</total>
				<timestamp>6639.465069</timestamp>
			</report>
			<report>
				<misses>1051900001</misses>
				<total>0</total>
				<timestamp>6640.097334</timestamp>
			</report>
			<report>
				<misses>1052000001</misses>
				<total>0</total>
				<timestamp>6640.722816</timestamp>
			</report>
			<report>
				<misses>1052100001</misses>
				<total>0</total>
				<timestamp>6641.359122</timestamp>
			</report>
			<report>
				<misses>1052200001</misses>
				<total>0</total>
				<timestamp>6641.997995</timestamp>
			</report>
			<report>
				<misses>1052300001</misses>
				<total>0</total>
				<timestamp>6642.624018</timestamp>
			</report>
			<report>
				<misses>1052400001</misses>
				<total>0</total>
				<timestamp>6643.255915</timestamp>
			</report>
			<report>
				<misses>1052500001</misses>
				<total>0</total>
				<timestamp>6643.880987</timestamp>
			</report>
			<report>
				<misses>1052600001</misses>
				<total>0</total>
				<timestamp>6644.508575</timestamp>
			</report>
			<report>
				<misses>1052700001</misses>
				<total>0</total>
				<timestamp>6645.136536</timestamp>
			</report>
			<report>
				<misses>1052800001</misses>
				<total>0</total>
				<timestamp>6645.770001</timestamp>
			</report>
			<report>
				<misses>1052900001</misses>
				<total>0</total>
				<timestamp>6646.394282</timestamp>
			</report>
			<report>
				<misses>1053000001</misses>
				<total>0</total>
				<timestamp>6647.025988</timestamp>
			</report>
			<report>
				<misses>1053100001</misses>
				<total>0</total>
				<timestamp>6647.656557</timestamp>
			</report>
			<report>
				<misses>1053200001</misses>
				<total>0</total>
				<timestamp>6648.284540</timestamp>
			</report>
			<report>
				<misses>1053300001</misses>
				<total>0</total>
				<timestamp>6648.909519</timestamp>
			</report>
			<report>
				<misses>1053400001</misses>
				<total>0</total>
				<timestamp>6649.536344</timestamp>
			</report>
			<report>
				<misses>1053500001</misses>
				<total>0</total>
				<timestamp>6650.169134</timestamp>
			</report>
			<report>
				<misses>1053600001</misses>
				<total>0</total>
				<timestamp>6650.798848</timestamp>
			</report>
			<report>
				<misses>1053700001</misses>
				<total>0</total>
				<timestamp>6651.432533</timestamp>
			</report>
			<report>
				<misses>1053800001</misses>
				<total>0</total>
				<timestamp>6652.062003</timestamp>
			</report>
			<report>
				<misses>1053900001</misses>
				<total>0</total>
				<timestamp>6652.698359</timestamp>
			</report>
			<report>
				<misses>1054000001</misses>
				<total>0</total>
				<timestamp>6653.333569</timestamp>
			</report>
			<report>
				<misses>1054100001</misses>
				<total>0</total>
				<timestamp>6653.975944</timestamp>
			</report>
			<report>
				<misses>1054200001</misses>
				<total>0</total>
				<timestamp>6654.612749</timestamp>
			</report>
			<report>
				<misses>1054300001</misses>
				<total>0</total>
				<timestamp>6655.244942</timestamp>
			</report>
			<report>
				<misses>1054400001</misses>
				<total>0</total>
				<timestamp>6655.871158</timestamp>
			</report>
			<report>
				<misses>1054500001</misses>
				<total>0</total>
				<timestamp>6656.503610</timestamp>
			</report>
			<report>
				<misses>1054600001</misses>
				<total>0</total>
				<timestamp>6657.132428</timestamp>
			</report>
			<report>
				<misses>1054700001</misses>
				<total>0</total>
				<timestamp>6657.763629</timestamp>
			</report>
			<report>
				<misses>1054800001</misses>
				<total>0</total>
				<timestamp>6658.398360</timestamp>
			</report>
			<report>
				<misses>1054900001</misses>
				<total>0</total>
				<timestamp>6659.030277</timestamp>
			</report>
			<report>
				<misses>1055000001</misses>
				<total>0</total>
				<timestamp>6659.659120</timestamp>
			</report>
			<report>
				<misses>1055100001</misses>
				<total>0</total>
				<timestamp>6660.284880</timestamp>
			</report>
			<report>
				<misses>1055200001</misses>
				<total>0</total>
				<timestamp>6660.911704</timestamp>
			</report>
			<report>
				<misses>1055300001</misses>
				<total>0</total>
				<timestamp>6661.542956</timestamp>
			</report>
			<report>
				<misses>1055400001</misses>
				<total>0</total>
				<timestamp>6662.176083</timestamp>
			</report>
			<report>
				<misses>1055500001</misses>
				<total>0</total>
				<timestamp>6662.804334</timestamp>
			</report>
			<report>
				<misses>1055600001</misses>
				<total>0</total>
				<timestamp>6663.439929</timestamp>
			</report>
			<report>
				<misses>1055700001</misses>
				<total>0</total>
				<timestamp>6664.071628</timestamp>
			</report>
			<report>
				<misses>1055800001</misses>
				<total>0</total>
				<timestamp>6664.699623</timestamp>
			</report>
			<report>
				<misses>1055900001</misses>
				<total>0</total>
				<timestamp>6665.350121</timestamp>
			</report>
			<report>
				<misses>1056000001</misses>
				<total>0</total>
				<timestamp>6665.982311</timestamp>
			</report>
			<report>
				<misses>1056100001</misses>
				<total>0</total>
				<timestamp>6666.612944</timestamp>
			</report>
			<report>
				<misses>1056200001</misses>
				<total>0</total>
				<timestamp>6667.248749</timestamp>
			</report>
			<report>
				<misses>1056300001</misses>
				<total>0</total>
				<timestamp>6667.884084</timestamp>
			</report>
			<report>
				<misses>1056400001</misses>
				<total>0</total>
				<timestamp>6668.513287</timestamp>
			</report>
			<report>
				<misses>1056500001</misses>
				<total>0</total>
				<timestamp>6669.140775</timestamp>
			</report>
			<report>
				<misses>1056600001</misses>
				<total>0</total>
				<timestamp>6669.778150</timestamp>
			</report>
			<report>
				<misses>1056700001</misses>
				<total>0</total>
				<timestamp>6670.414086</timestamp>
			</report>
			<report>
				<misses>1056800001</misses>
				<total>0</total>
				<timestamp>6671.047826</timestamp>
			</report>
			<report>
				<misses>1056900001</misses>
				<total>0</total>
				<timestamp>6671.670639</timestamp>
			</report>
			<report>
				<misses>1057000001</misses>
				<total>0</total>
				<timestamp>6672.297033</timestamp>
			</report>
			<report>
				<misses>1057100001</misses>
				<total>0</total>
				<timestamp>6672.927189</timestamp>
			</report>
			<report>
				<misses>1057200001</misses>
				<total>0</total>
				<timestamp>6673.553354</timestamp>
			</report>
			<report>
				<misses>1057300001</misses>
				<total>0</total>
				<timestamp>6674.179621</timestamp>
			</report>
			<report>
				<misses>1057400001</misses>
				<total>0</total>
				<timestamp>6674.805869</timestamp>
			</report>
			<report>
				<misses>1057500001</misses>
				<total>0</total>
				<timestamp>6675.434057</timestamp>
			</report>
			<report>
				<misses>1057600001</misses>
				<total>0</total>
				<timestamp>6676.075924</timestamp>
			</report>
			<report>
				<misses>1057700001</misses>
				<total>0</total>
				<timestamp>6676.705855</timestamp>
			</report>
			<report>
				<misses>1057800001</misses>
				<total>0</total>
				<timestamp>6677.340747</timestamp>
			</report>
			<report>
				<misses>1057900001</misses>
				<total>0</total>
				<timestamp>6677.972174</timestamp>
			</report>
			<report>
				<misses>1058000001</misses>
				<total>0</total>
				<timestamp>6678.609262</timestamp>
			</report>
			<report>
				<misses>1058100001</misses>
				<total>0</total>
				<timestamp>6679.253767</timestamp>
			</report>
			<report>
				<misses>1058200001</misses>
				<total>0</total>
				<timestamp>6679.880998</timestamp>
			</report>
			<report>
				<misses>1058300001</misses>
				<total>0</total>
				<timestamp>6680.516678</timestamp>
			</report>
			<report>
				<misses>1058400001</misses>
				<total>0</total>
				<timestamp>6681.156554</timestamp>
			</report>
			<report>
				<misses>1058500001</misses>
				<total>0</total>
				<timestamp>6681.789920</timestamp>
			</report>
			<report>
				<misses>1058600001</misses>
				<total>0</total>
				<timestamp>6682.417300</timestamp>
			</report>
			<report>
				<misses>1058700001</misses>
				<total>0</total>
				<timestamp>6683.047344</timestamp>
			</report>
			<report>
				<misses>1058800001</misses>
				<total>0</total>
				<timestamp>6683.672440</timestamp>
			</report>
			<report>
				<misses>1058900001</misses>
				<total>0</total>
				<timestamp>6684.300901</timestamp>
			</report>
			<report>
				<misses>1059000001</misses>
				<total>0</total>
				<timestamp>6684.937478</timestamp>
			</report>
			<report>
				<misses>1059100001</misses>
				<total>0</total>
				<timestamp>6685.567921</timestamp>
			</report>
			<report>
				<misses>1059200001</misses>
				<total>0</total>
				<timestamp>6686.201825</timestamp>
			</report>
			<report>
				<misses>1059300001</misses>
				<total>0</total>
				<timestamp>6686.834336</timestamp>
			</report>
			<report>
				<misses>1059400001</misses>
				<total>0</total>
				<timestamp>6687.467377</timestamp>
			</report>
			<report>
				<misses>1059500001</misses>
				<total>0</total>
				<timestamp>6688.093467</timestamp>
			</report>
			<report>
				<misses>1059600001</misses>
				<total>0</total>
				<timestamp>6688.724022</timestamp>
			</report>
			<report>
				<misses>1059700001</misses>
				<total>0</total>
				<timestamp>6689.359455</timestamp>
			</report>
			<report>
				<misses>1059800001</misses>
				<total>0</total>
				<timestamp>6689.999276</timestamp>
			</report>
			<report>
				<misses>1059900001</misses>
				<total>0</total>
				<timestamp>6690.643423</timestamp>
			</report>
			<report>
				<misses>1060000001</misses>
				<total>0</total>
				<timestamp>6691.272619</timestamp>
			</report>
			<report>
				<misses>1060100001</misses>
				<total>0</total>
				<timestamp>6691.900702</timestamp>
			</report>
			<report>
				<misses>1060200001</misses>
				<total>0</total>
				<timestamp>6692.527266</timestamp>
			</report>
			<report>
				<misses>1060300001</misses>
				<total>0</total>
				<timestamp>6693.172781</timestamp>
			</report>
			<report>
				<misses>1060400001</misses>
				<total>0</total>
				<timestamp>6693.806834</timestamp>
			</report>
			<report>
				<misses>1060500001</misses>
				<total>0</total>
				<timestamp>6694.437562</timestamp>
			</report>
			<report>
				<misses>1060600001</misses>
				<total>0</total>
				<timestamp>6695.069395</timestamp>
			</report>
			<report>
				<misses>1060700001</misses>
				<total>0</total>
				<timestamp>6695.698065</timestamp>
			</report>
			<report>
				<misses>1060800001</misses>
				<total>0</total>
				<timestamp>6696.325927</timestamp>
			</report>
			<report>
				<misses>1060900001</misses>
				<total>0</total>
				<timestamp>6696.949834</timestamp>
			</report>
			<report>
				<misses>1061000001</misses>
				<total>0</total>
				<timestamp>6697.580587</timestamp>
			</report>
			<report>
				<misses>1061100001</misses>
				<total>0</total>
				<timestamp>6698.215077</timestamp>
			</report>
			<report>
				<misses>1061200001</misses>
				<total>0</total>
				<timestamp>6698.843610</timestamp>
			</report>
			<report>
				<misses>1061300001</misses>
				<total>0</total>
				<timestamp>6699.472314</timestamp>
			</report>
			<report>
				<misses>1061400001</misses>
				<total>0</total>
				<timestamp>6700.102632</timestamp>
			</report>
			<report>
				<misses>1061500001</misses>
				<total>0</total>
				<timestamp>6700.732652</timestamp>
			</report>
			<report>
				<misses>1061600001</misses>
				<total>0</total>
				<timestamp>6701.367763</timestamp>
			</report>
			<report>
				<misses>1061700001</misses>
				<total>0</total>
				<timestamp>6701.994508</timestamp>
			</report>
			<report>
				<misses>1061800001</misses>
				<total>0</total>
				<timestamp>6702.618231</timestamp>
			</report>
			<report>
				<misses>1061900001</misses>
				<total>0</total>
				<timestamp>6703.267160</timestamp>
			</report>
			<report>
				<misses>1062000001</misses>
				<total>0</total>
				<timestamp>6703.903518</timestamp>
			</report>
			<report>
				<misses>1062100001</misses>
				<total>0</total>
				<timestamp>6704.542251</timestamp>
			</report>
			<report>
				<misses>1062200001</misses>
				<total>0</total>
				<timestamp>6705.178922</timestamp>
			</report>
			<report>
				<misses>1062300001</misses>
				<total>0</total>
				<timestamp>6705.811608</timestamp>
			</report>
			<report>
				<misses>1062400001</misses>
				<total>0</total>
				<timestamp>6706.441607</timestamp>
			</report>
			<report>
				<misses>1062500001</misses>
				<total>0</total>
				<timestamp>6707.069224</timestamp>
			</report>
			<report>
				<misses>1062600001</misses>
				<total>0</total>
				<timestamp>6707.703417</timestamp>
			</report>
			<report>
				<misses>1062700001</misses>
				<total>0</total>
				<timestamp>6708.333146</timestamp>
			</report>
			<report>
				<misses>1062800001</misses>
				<total>0</total>
				<timestamp>6708.962580</timestamp>
			</report>
			<report>
				<misses>1062900001</misses>
				<total>0</total>
				<timestamp>6709.590596</timestamp>
			</report>
			<report>
				<misses>1063000001</misses>
				<total>0</total>
				<timestamp>6710.217213</timestamp>
			</report>
			<report>
				<misses>1063100001</misses>
				<total>0</total>
				<timestamp>6710.842995</timestamp>
			</report>
			<report>
				<misses>1063200001</misses>
				<total>0</total>
				<timestamp>6711.467778</timestamp>
			</report>
			<report>
				<misses>1063300001</misses>
				<total>0</total>
				<timestamp>6712.104565</timestamp>
			</report>
			<report>
				<misses>1063400001</misses>
				<total>0</total>
				<timestamp>6712.733556</timestamp>
			</report>
			<report>
				<misses>1063500001</misses>
				<total>0</total>
				<timestamp>6713.361638</timestamp>
			</report>
			<report>
				<misses>1063600001</misses>
				<total>0</total>
				<timestamp>6713.988927</timestamp>
			</report>
			<report>
				<misses>1063700001</misses>
				<total>0</total>
				<timestamp>6714.620588</timestamp>
			</report>
			<report>
				<misses>1063800001</misses>
				<total>0</total>
				<timestamp>6715.248426</timestamp>
			</report>
			<report>
				<misses>1063900001</misses>
				<total>0</total>
				<timestamp>6715.874263</timestamp>
			</report>
			<report>
				<misses>1064000001</misses>
				<total>0</total>
				<timestamp>6716.512896</timestamp>
			</report>
			<report>
				<misses>1064100001</misses>
				<total>0</total>
				<timestamp>6717.147602</timestamp>
			</report>
			<report>
				<misses>1064200001</misses>
				<total>0</total>
				<timestamp>6717.785407</timestamp>
			</report>
			<report>
				<misses>1064300001</misses>
				<total>0</total>
				<timestamp>6718.413477</timestamp>
			</report>
			<report>
				<misses>1064400001</misses>
				<total>0</total>
				<timestamp>6719.038493</timestamp>
			</report>
			<report>
				<misses>1064500001</misses>
				<total>0</total>
				<timestamp>6719.677125</timestamp>
			</report>
			<report>
				<misses>1064600001</misses>
				<total>0</total>
				<timestamp>6720.308244</timestamp>
			</report>
			<report>
				<misses>1064700001</misses>
				<total>0</total>
				<timestamp>6720.944419</timestamp>
			</report>
			<report>
				<misses>1064800001</misses>
				<total>0</total>
				<timestamp>6721.573947</timestamp>
			</report>
			<report>
				<misses>1064900001</misses>
				<total>0</total>
				<timestamp>6722.207007</timestamp>
			</report>
			<report>
				<misses>1065000001</misses>
				<total>0</total>
				<timestamp>6722.841635</timestamp>
			</report>
			<report>
				<misses>1065100001</misses>
				<total>0</total>
				<timestamp>6723.475959</timestamp>
			</report>
			<report>
				<misses>1065200001</misses>
				<total>0</total>
				<timestamp>6724.110143</timestamp>
			</report>
			<report>
				<misses>1065300001</misses>
				<total>0</total>
				<timestamp>6724.748468</timestamp>
			</report>
			<report>
				<misses>1065400001</misses>
				<total>0</total>
				<timestamp>6725.375179</timestamp>
			</report>
			<report>
				<misses>1065500001</misses>
				<total>0</total>
				<timestamp>6726.003274</timestamp>
			</report>
			<report>
				<misses>1065600001</misses>
				<total>0</total>
				<timestamp>6726.630855</timestamp>
			</report>
			<report>
				<misses>1065700001</misses>
				<total>0</total>
				<timestamp>6727.260093</timestamp>
			</report>
			<report>
				<misses>1065800001</misses>
				<total>0</total>
				<timestamp>6727.889511</timestamp>
			</report>
			<report>
				<misses>1065900001</misses>
				<total>0</total>
				<timestamp>6728.522722</timestamp>
			</report>
			<report>
				<misses>1066000001</misses>
				<total>0</total>
				<timestamp>6729.162460</timestamp>
			</report>
			<report>
				<misses>1066100001</misses>
				<total>0</total>
				<timestamp>6729.802572</timestamp>
			</report>
			<report>
				<misses>1066200001</misses>
				<total>0</total>
				<timestamp>6730.433224</timestamp>
			</report>
			<report>
				<misses>1066300001</misses>
				<total>0</total>
				<timestamp>6731.061344</timestamp>
			</report>
			<report>
				<misses>1066400001</misses>
				<total>0</total>
				<timestamp>6731.690335</timestamp>
			</report>
			<report>
				<misses>1066500001</misses>
				<total>0</total>
				<timestamp>6732.317456</timestamp>
			</report>
			<report>
				<misses>1066600001</misses>
				<total>0</total>
				<timestamp>6732.944869</timestamp>
			</report>
			<report>
				<misses>1066700001</misses>
				<total>0</total>
				<timestamp>6733.573899</timestamp>
			</report>
			<report>
				<misses>1066800001</misses>
				<total>0</total>
				<timestamp>6734.213718</timestamp>
			</report>
			<report>
				<misses>1066900001</misses>
				<total>0</total>
				<timestamp>6734.843481</timestamp>
			</report>
			<report>
				<misses>1067000001</misses>
				<total>0</total>
				<timestamp>6735.472846</timestamp>
			</report>
			<report>
				<misses>1067100001</misses>
				<total>0</total>
				<timestamp>6736.100747</timestamp>
			</report>
			<report>
				<misses>1067200001</misses>
				<total>0</total>
				<timestamp>6736.731888</timestamp>
			</report>
			<report>
				<misses>1067300001</misses>
				<total>0</total>
				<timestamp>6737.363374</timestamp>
			</report>
			<report>
				<misses>1067400001</misses>
				<total>0</total>
				<timestamp>6737.990980</timestamp>
			</report>
			<report>
				<misses>1067500001</misses>
				<total>0</total>
				<timestamp>6738.621032</timestamp>
			</report>
			<report>
				<misses>1067600001</misses>
				<total>0</total>
				<timestamp>6739.251172</timestamp>
			</report>
			<report>
				<misses>1067700001</misses>
				<total>0</total>
				<timestamp>6739.877703</timestamp>
			</report>
			<report>
				<misses>1067800001</misses>
				<total>0</total>
				<timestamp>6740.513026</timestamp>
			</report>
			<report>
				<misses>1067900001</misses>
				<total>0</total>
				<timestamp>6741.141152</timestamp>
			</report>
			<report>
				<misses>1068000001</misses>
				<total>0</total>
				<timestamp>6741.772741</timestamp>
			</report>
			<report>
				<misses>1068100001</misses>
				<total>0</total>
				<timestamp>6742.409060</timestamp>
			</report>
			<report>
				<misses>1068200001</misses>
				<total>0</total>
				<timestamp>6743.037113</timestamp>
			</report>
			<report>
				<misses>1068300001</misses>
				<total>0</total>
				<timestamp>6743.662629</timestamp>
			</report>
			<report>
				<misses>1068400001</misses>
				<total>0</total>
				<timestamp>6744.291155</timestamp>
			</report>
			<report>
				<misses>1068500001</misses>
				<total>0</total>
				<timestamp>6744.923245</timestamp>
			</report>
			<report>
				<misses>1068600001</misses>
				<total>0</total>
				<timestamp>6745.555600</timestamp>
			</report>
			<report>
				<misses>1068700001</misses>
				<total>0</total>
				<timestamp>6746.183819</timestamp>
			</report>
			<report>
				<misses>1068800001</misses>
				<total>0</total>
				<timestamp>6746.816592</timestamp>
			</report>
			<report>
				<misses>1068900001</misses>
				<total>0</total>
				<timestamp>6747.453454</timestamp>
			</report>
			<report>
				<misses>1069000001</misses>
				<total>0</total>
				<timestamp>6748.081861</timestamp>
			</report>
			<report>
				<misses>1069100001</misses>
				<total>0</total>
				<timestamp>6748.714599</timestamp>
			</report>
			<report>
				<misses>1069200001</misses>
				<total>0</total>
				<timestamp>6749.348088</timestamp>
			</report>
			<report>
				<misses>1069300001</misses>
				<total>0</total>
				<timestamp>6749.978196</timestamp>
			</report>
			<report>
				<misses>1069400001</misses>
				<total>0</total>
				<timestamp>6750.616537</timestamp>
			</report>
			<report>
				<misses>1069500001</misses>
				<total>0</total>
				<timestamp>6751.256957</timestamp>
			</report>
			<report>
				<misses>1069600001</misses>
				<total>0</total>
				<timestamp>6751.882715</timestamp>
			</report>
			<report>
				<misses>1069700001</misses>
				<total>0</total>
				<timestamp>6752.510505</timestamp>
			</report>
			<report>
				<misses>1069800001</misses>
				<total>0</total>
				<timestamp>6753.138181</timestamp>
			</report>
			<report>
				<misses>1069900001</misses>
				<total>0</total>
				<timestamp>6753.765888</timestamp>
			</report>
			<report>
				<misses>1070000001</misses>
				<total>0</total>
				<timestamp>6754.402674</timestamp>
			</report>
			<report>
				<misses>1070100001</misses>
				<total>0</total>
				<timestamp>6755.037952</timestamp>
			</report>
			<report>
				<misses>1070200001</misses>
				<total>0</total>
				<timestamp>6755.666069</timestamp>
			</report>
			<report>
				<misses>1070300001</misses>
				<total>0</total>
				<timestamp>6756.316046</timestamp>
			</report>
			<report>
				<misses>1070400001</misses>
				<total>0</total>
				<timestamp>6756.946107</timestamp>
			</report>
			<report>
				<misses>1070500001</misses>
				<total>0</total>
				<timestamp>6757.572760</timestamp>
			</report>
			<report>
				<misses>1070600001</misses>
				<total>0</total>
				<timestamp>6758.200193</timestamp>
			</report>
			<report>
				<misses>1070700001</misses>
				<total>0</total>
				<timestamp>6758.828827</timestamp>
			</report>
			<report>
				<misses>1070800001</misses>
				<total>0</total>
				<timestamp>6759.477283</timestamp>
			</report>
			<report>
				<misses>1070900001</misses>
				<total>0</total>
				<timestamp>6760.108345</timestamp>
			</report>
			<report>
				<misses>1071000001</misses>
				<total>0</total>
				<timestamp>6760.742311</timestamp>
			</report>
			<report>
				<misses>1071100001</misses>
				<total>0</total>
				<timestamp>6761.379779</timestamp>
			</report>
			<report>
				<misses>1071200001</misses>
				<total>0</total>
				<timestamp>6762.008012</timestamp>
			</report>
			<report>
				<misses>1071300001</misses>
				<total>0</total>
				<timestamp>6762.636372</timestamp>
			</report>
			<report>
				<misses>1071400001</misses>
				<total>0</total>
				<timestamp>6763.265094</timestamp>
			</report>
			<report>
				<misses>1071500001</misses>
				<total>0</total>
				<timestamp>6763.894492</timestamp>
			</report>
			<report>
				<misses>1071600001</misses>
				<total>0</total>
				<timestamp>6764.525414</timestamp>
			</report>
			<report>
				<misses>1071700001</misses>
				<total>0</total>
				<timestamp>6765.161153</timestamp>
			</report>
			<report>
				<misses>1071800001</misses>
				<total>0</total>
				<timestamp>6765.788726</timestamp>
			</report>
			<report>
				<misses>1071900001</misses>
				<total>0</total>
				<timestamp>6766.435057</timestamp>
			</report>
			<report>
				<misses>1072000001</misses>
				<total>0</total>
				<timestamp>6767.062407</timestamp>
			</report>
			<report>
				<misses>1072100001</misses>
				<total>0</total>
				<timestamp>6767.691439</timestamp>
			</report>
			<report>
				<misses>1072200001</misses>
				<total>0</total>
				<timestamp>6768.322878</timestamp>
			</report>
			<report>
				<misses>1072300001</misses>
				<total>0</total>
				<timestamp>6768.961492</timestamp>
			</report>
			<report>
				<misses>1072400001</misses>
				<total>0</total>
				<timestamp>6769.591200</timestamp>
			</report>
			<report>
				<misses>1072500001</misses>
				<total>0</total>
				<timestamp>6770.237171</timestamp>
			</report>
			<report>
				<misses>1072600001</misses>
				<total>0</total>
				<timestamp>6770.874183</timestamp>
			</report>
			<report>
				<misses>1072700001</misses>
				<total>0</total>
				<timestamp>6771.501523</timestamp>
			</report>
			<report>
				<misses>1072800001</misses>
				<total>0</total>
				<timestamp>6772.129157</timestamp>
			</report>
			<report>
				<misses>1072900001</misses>
				<total>0</total>
				<timestamp>6772.761945</timestamp>
			</report>
			<report>
				<misses>1073000001</misses>
				<total>0</total>
				<timestamp>6773.388390</timestamp>
			</report>
			<report>
				<misses>1073100001</misses>
				<total>0</total>
				<timestamp>6774.015202</timestamp>
			</report>
			<report>
				<misses>1073200001</misses>
				<total>0</total>
				<timestamp>6774.651678</timestamp>
			</report>
			<report>
				<misses>1073300001</misses>
				<total>0</total>
				<timestamp>6775.289732</timestamp>
			</report>
			<report>
				<misses>1073400001</misses>
				<total>0</total>
				<timestamp>6775.926805</timestamp>
			</report>
			<report>
				<misses>1073500001</misses>
				<total>0</total>
				<timestamp>6776.560941</timestamp>
			</report>
			<report>
				<misses>1073600001</misses>
				<total>0</total>
				<timestamp>6777.194393</timestamp>
			</report>
			<report>
				<misses>1073700001</misses>
				<total>0</total>
				<timestamp>6777.826512</timestamp>
			</report>
			<report>
				<misses>1073800001</misses>
				<total>0</total>
				<timestamp>6778.458709</timestamp>
			</report>
			<report>
				<misses>1073900001</misses>
				<total>0</total>
				<timestamp>6779.086946</timestamp>
			</report>
			<report>
				<misses>1074000001</misses>
				<total>0</total>
				<timestamp>6779.715501</timestamp>
			</report>
			<report>
				<misses>1074100001</misses>
				<total>0</total>
				<timestamp>6780.343761</timestamp>
			</report>
			<report>
				<misses>1074200001</misses>
				<total>0</total>
				<timestamp>6780.976311</timestamp>
			</report>
			<report>
				<misses>1074300001</misses>
				<total>0</total>
				<timestamp>6781.609577</timestamp>
			</report>
			<report>
				<misses>1074400001</misses>
				<total>0</total>
				<timestamp>6782.240443</timestamp>
			</report>
			<report>
				<misses>1074500001</misses>
				<total>0</total>
				<timestamp>6782.878430</timestamp>
			</report>
			<report>
				<misses>1074600001</misses>
				<total>0</total>
				<timestamp>6783.504405</timestamp>
			</report>
			<report>
				<misses>1074700001</misses>
				<total>0</total>
				<timestamp>6784.134919</timestamp>
			</report>
			<report>
				<misses>1074800001</misses>
				<total>0</total>
				<timestamp>6784.770118</timestamp>
			</report>
			<report>
				<misses>1074900001</misses>
				<total>0</total>
				<timestamp>6785.400280</timestamp>
			</report>
			<report>
				<misses>1075000001</misses>
				<total>0</total>
				<timestamp>6786.036848</timestamp>
			</report>
			<report>
				<misses>1075100001</misses>
				<total>0</total>
				<timestamp>6786.674509</timestamp>
			</report>
			<report>
				<misses>1075200001</misses>
				<total>0</total>
				<timestamp>6787.301027</timestamp>
			</report>
			<report>
				<misses>1075300001</misses>
				<total>0</total>
				<timestamp>6787.931344</timestamp>
			</report>
			<report>
				<misses>1075400001</misses>
				<total>0</total>
				<timestamp>6788.572976</timestamp>
			</report>
			<report>
				<misses>1075500001</misses>
				<total>0</total>
				<timestamp>6789.214183</timestamp>
			</report>
			<report>
				<misses>1075600001</misses>
				<total>0</total>
				<timestamp>6789.858722</timestamp>
			</report>
			<report>
				<misses>1075700001</misses>
				<total>0</total>
				<timestamp>6790.493972</timestamp>
			</report>
			<report>
				<misses>1075800001</misses>
				<total>0</total>
				<timestamp>6791.133957</timestamp>
			</report>
			<report>
				<misses>1075900001</misses>
				<total>0</total>
				<timestamp>6791.765212</timestamp>
			</report>
			<report>
				<misses>1076000001</misses>
				<total>0</total>
				<timestamp>6792.412379</timestamp>
			</report>
			<report>
				<misses>1076100001</misses>
				<total>0</total>
				<timestamp>6793.047180</timestamp>
			</report>
			<report>
				<misses>1076200001</misses>
				<total>0</total>
				<timestamp>6793.687081</timestamp>
			</report>
			<report>
				<misses>1076300001</misses>
				<total>0</total>
				<timestamp>6794.322677</timestamp>
			</report>
			<report>
				<misses>1076400001</misses>
				<total>0</total>
				<timestamp>6794.960525</timestamp>
			</report>
			<report>
				<misses>1076500001</misses>
				<total>0</total>
				<timestamp>6795.594262</timestamp>
			</report>
			<report>
				<misses>1076600001</misses>
				<total>0</total>
				<timestamp>6796.230231</timestamp>
			</report>
			<report>
				<misses>1076700001</misses>
				<total>0</total>
				<timestamp>6796.860314</timestamp>
			</report>
			<report>
				<misses>1076800001</misses>
				<total>0</total>
				<timestamp>6797.492861</timestamp>
			</report>
			<report>
				<misses>1076900001</misses>
				<total>0</total>
				<timestamp>6798.129843</timestamp>
			</report>
			<report>
				<misses>1077000001</misses>
				<total>0</total>
				<timestamp>6798.780611</timestamp>
			</report>
			<report>
				<misses>1077100001</misses>
				<total>0</total>
				<timestamp>6799.406493</timestamp>
			</report>
			<report>
				<misses>1077200001</misses>
				<total>0</total>
				<timestamp>6800.034542</timestamp>
			</report>
			<report>
				<misses>1077300001</misses>
				<total>0</total>
				<timestamp>6800.661787</timestamp>
			</report>
			<report>
				<misses>1077400001</misses>
				<total>0</total>
				<timestamp>6801.291239</timestamp>
			</report>
			<report>
				<misses>1077500001</misses>
				<total>0</total>
				<timestamp>6801.915619</timestamp>
			</report>
			<report>
				<misses>1077600001</misses>
				<total>0</total>
				<timestamp>6802.544319</timestamp>
			</report>
			<report>
				<misses>1077700001</misses>
				<total>0</total>
				<timestamp>6803.174030</timestamp>
			</report>
			<report>
				<misses>1077800001</misses>
				<total>0</total>
				<timestamp>6803.798530</timestamp>
			</report>
			<report>
				<misses>1077900001</misses>
				<total>0</total>
				<timestamp>6804.425324</timestamp>
			</report>
			<report>
				<misses>1078000001</misses>
				<total>0</total>
				<timestamp>6805.055547</timestamp>
			</report>
			<report>
				<misses>1078100001</misses>
				<total>0</total>
				<timestamp>6805.684598</timestamp>
			</report>
			<report>
				<misses>1078200001</misses>
				<total>0</total>
				<timestamp>6806.317928</timestamp>
			</report>
			<report>
				<misses>1078300001</misses>
				<total>0</total>
				<timestamp>6806.953398</timestamp>
			</report>
			<report>
				<misses>1078400001</misses>
				<total>0</total>
				<timestamp>6807.587195</timestamp>
			</report>
			<report>
				<misses>1078500001</misses>
				<total>0</total>
				<timestamp>6808.224768</timestamp>
			</report>
			<report>
				<misses>1078600001</misses>
				<total>0</total>
				<timestamp>6808.852618</timestamp>
			</report>
			<report>
				<misses>1078700001</misses>
				<total>0</total>
				<timestamp>6809.481020</timestamp>
			</report>
			<report>
				<misses>1078800001</misses>
				<total>0</total>
				<timestamp>6810.119397</timestamp>
			</report>
			<report>
				<misses>1078900001</misses>
				<total>0</total>
				<timestamp>6810.752423</timestamp>
			</report>
			<report>
				<misses>1079000001</misses>
				<total>0</total>
				<timestamp>6811.382312</timestamp>
			</report>
			<report>
				<misses>1079100001</misses>
				<total>0</total>
				<timestamp>6812.010423</timestamp>
			</report>
			<report>
				<misses>1079200001</misses>
				<total>0</total>
				<timestamp>6812.645822</timestamp>
			</report>
			<report>
				<misses>1079300001</misses>
				<total>0</total>
				<timestamp>6813.273642</timestamp>
			</report>
			<report>
				<misses>1079400001</misses>
				<total>0</total>
				<timestamp>6813.912930</timestamp>
			</report>
			<report>
				<misses>1079500001</misses>
				<total>0</total>
				<timestamp>6814.586168</timestamp>
			</report>
			<report>
				<misses>1079600001</misses>
				<total>0</total>
				<timestamp>6815.233061</timestamp>
			</report>
			<report>
				<misses>1079700001</misses>
				<total>0</total>
				<timestamp>6815.860002</timestamp>
			</report>
			<report>
				<misses>1079800001</misses>
				<total>0</total>
				<timestamp>6816.501837</timestamp>
			</report>
			<report>
				<misses>1079900001</misses>
				<total>0</total>
				<timestamp>6817.135285</timestamp>
			</report>
			<report>
				<misses>1080000001</misses>
				<total>0</total>
				<timestamp>6817.766251</timestamp>
			</report>
			<report>
				<misses>1080100001</misses>
				<total>0</total>
				<timestamp>6818.416535</timestamp>
			</report>
			<report>
				<misses>1080200001</misses>
				<total>0</total>
				<timestamp>6819.044135</timestamp>
			</report>
			<report>
				<misses>1080300001</misses>
				<total>0</total>
				<timestamp>6819.670588</timestamp>
			</report>
			<report>
				<misses>1080400001</misses>
				<total>0</total>
				<timestamp>6820.300510</timestamp>
			</report>
			<report>
				<misses>1080500001</misses>
				<total>0</total>
				<timestamp>6820.930254</timestamp>
			</report>
			<report>
				<misses>1080600001</misses>
				<total>0</total>
				<timestamp>6821.562788</timestamp>
			</report>
			<report>
				<misses>1080700001</misses>
				<total>0</total>
				<timestamp>6822.191616</timestamp>
			</report>
			<report>
				<misses>1080800001</misses>
				<total>0</total>
				<timestamp>6822.818693</timestamp>
			</report>
			<report>
				<misses>1080900001</misses>
				<total>0</total>
				<timestamp>6823.443377</timestamp>
			</report>
			<report>
				<misses>1081000001</misses>
				<total>0</total>
				<timestamp>6824.076862</timestamp>
			</report>
			<report>
				<misses>1081100001</misses>
				<total>0</total>
				<timestamp>6824.708870</timestamp>
			</report>
			<report>
				<misses>1081200001</misses>
				<total>0</total>
				<timestamp>6825.340638</timestamp>
			</report>
			<report>
				<misses>1081300001</misses>
				<total>0</total>
				<timestamp>6825.968443</timestamp>
			</report>
			<report>
				<misses>1081400001</misses>
				<total>0</total>
				<timestamp>6826.601362</timestamp>
			</report>
			<report>
				<misses>1081500001</misses>
				<total>0</total>
				<timestamp>6827.227369</timestamp>
			</report>
			<report>
				<misses>1081600001</misses>
				<total>0</total>
				<timestamp>6827.857633</timestamp>
			</report>
			<report>
				<misses>1081700001</misses>
				<total>0</total>
				<timestamp>6828.487946</timestamp>
			</report>
			<report>
				<misses>1081800001</misses>
				<total>0</total>
				<timestamp>6829.115014</timestamp>
			</report>
			<report>
				<misses>1081900001</misses>
				<total>0</total>
				<timestamp>6829.742545</timestamp>
			</report>
			<report>
				<misses>1082000001</misses>
				<total>0</total>
				<timestamp>6830.370341</timestamp>
			</report>
			<report>
				<misses>1082100001</misses>
				<total>0</total>
				<timestamp>6830.999380</timestamp>
			</report>
			<report>
				<misses>1082200001</misses>
				<total>0</total>
				<timestamp>6831.625711</timestamp>
			</report>
			<report>
				<misses>1082300001</misses>
				<total>0</total>
				<timestamp>6832.271909</timestamp>
			</report>
			<report>
				<misses>1082400001</misses>
				<total>0</total>
				<timestamp>6832.909081</timestamp>
			</report>
			<report>
				<misses>1082500001</misses>
				<total>0</total>
				<timestamp>6833.538458</timestamp>
			</report>
			<report>
				<misses>1082600001</misses>
				<total>0</total>
				<timestamp>6834.168891</timestamp>
			</report>
			<report>
				<misses>1082700001</misses>
				<total>0</total>
				<timestamp>6834.797670</timestamp>
			</report>
			<report>
				<misses>1082800001</misses>
				<total>0</total>
				<timestamp>6835.427330</timestamp>
			</report>
			<report>
				<misses>1082900001</misses>
				<total>0</total>
				<timestamp>6836.061825</timestamp>
			</report>
			<report>
				<misses>1083000001</misses>
				<total>0</total>
				<timestamp>6836.695138</timestamp>
			</report>
			<report>
				<misses>1083100001</misses>
				<total>0</total>
				<timestamp>6837.325748</timestamp>
			</report>
			<report>
				<misses>1083200001</misses>
				<total>0</total>
				<timestamp>6837.949929</timestamp>
			</report>
			<report>
				<misses>1083300001</misses>
				<total>0</total>
				<timestamp>6838.581365</timestamp>
			</report>
			<report>
				<misses>1083400001</misses>
				<total>0</total>
				<timestamp>6839.210299</timestamp>
			</report>
			<report>
				<misses>1083500001</misses>
				<total>0</total>
				<timestamp>6839.839741</timestamp>
			</report>
			<report>
				<misses>1083600001</misses>
				<total>0</total>
				<timestamp>6840.470352</timestamp>
			</report>
			<report>
				<misses>1083700001</misses>
				<total>0</total>
				<timestamp>6841.106334</timestamp>
			</report>
			<report>
				<misses>1083800001</misses>
				<total>0</total>
				<timestamp>6841.732252</timestamp>
			</report>
			<report>
				<misses>1083900001</misses>
				<total>0</total>
				<timestamp>6842.362758</timestamp>
			</report>
			<report>
				<misses>1084000001</misses>
				<total>0</total>
				<timestamp>6843.002401</timestamp>
			</report>
			<report>
				<misses>1084100001</misses>
				<total>0</total>
				<timestamp>6843.638270</timestamp>
			</report>
			<report>
				<misses>1084200001</misses>
				<total>0</total>
				<timestamp>6844.277896</timestamp>
			</report>
			<report>
				<misses>1084300001</misses>
				<total>0</total>
				<timestamp>6844.907972</timestamp>
			</report>
			<report>
				<misses>1084400001</misses>
				<total>0</total>
				<timestamp>6845.547488</timestamp>
			</report>
			<report>
				<misses>1084500001</misses>
				<total>0</total>
				<timestamp>6846.174981</timestamp>
			</report>
			<report>
				<misses>1084600001</misses>
				<total>0</total>
				<timestamp>6846.805565</timestamp>
			</report>
			<report>
				<misses>1084700001</misses>
				<total>0</total>
				<timestamp>6847.436659</timestamp>
			</report>
			<report>
				<misses>1084800001</misses>
				<total>0</total>
				<timestamp>6848.069121</timestamp>
			</report>
			<report>
				<misses>1084900001</misses>
				<total>0</total>
				<timestamp>6848.696023</timestamp>
			</report>
			<report>
				<misses>1085000001</misses>
				<total>0</total>
				<timestamp>6849.321987</timestamp>
			</report>
			<report>
				<misses>1085100001</misses>
				<total>0</total>
				<timestamp>6849.948355</timestamp>
			</report>
			<report>
				<misses>1085200001</misses>
				<total>0</total>
				<timestamp>6850.574387</timestamp>
			</report>
			<report>
				<misses>1085300001</misses>
				<total>0</total>
				<timestamp>6851.199601</timestamp>
			</report>
			<report>
				<misses>1085400001</misses>
				<total>0</total>
				<timestamp>6851.829345</timestamp>
			</report>
			<report>
				<misses>1085500001</misses>
				<total>0</total>
				<timestamp>6852.463767</timestamp>
			</report>
			<report>
				<misses>1085600001</misses>
				<total>0</total>
				<timestamp>6853.101613</timestamp>
			</report>
			<report>
				<misses>1085700001</misses>
				<total>0</total>
				<timestamp>6853.726676</timestamp>
			</report>
			<report>
				<misses>1085800001</misses>
				<total>0</total>
				<timestamp>6854.353716</timestamp>
			</report>
			<report>
				<misses>1085900001</misses>
				<total>0</total>
				<timestamp>6854.981201</timestamp>
			</report>
			<report>
				<misses>1086000001</misses>
				<total>0</total>
				<timestamp>6855.605464</timestamp>
			</report>
			<report>
				<misses>1086100001</misses>
				<total>0</total>
				<timestamp>6856.239914</timestamp>
			</report>
			<report>
				<misses>1086200001</misses>
				<total>0</total>
				<timestamp>6856.875497</timestamp>
			</report>
			<report>
				<misses>1086300001</misses>
				<total>0</total>
				<timestamp>6857.506490</timestamp>
			</report>
			<report>
				<misses>1086400001</misses>
				<total>0</total>
				<timestamp>6858.149360</timestamp>
			</report>
			<report>
				<misses>1086500001</misses>
				<total>0</total>
				<timestamp>6858.776270</timestamp>
			</report>
			<report>
				<misses>1086600001</misses>
				<total>0</total>
				<timestamp>6859.401146</timestamp>
			</report>
			<report>
				<misses>1086700001</misses>
				<total>0</total>
				<timestamp>6860.037792</timestamp>
			</report>
			<report>
				<misses>1086800001</misses>
				<total>0</total>
				<timestamp>6860.663770</timestamp>
			</report>
			<report>
				<misses>1086900001</misses>
				<total>0</total>
				<timestamp>6861.289880</timestamp>
			</report>
			<report>
				<misses>1087000001</misses>
				<total>0</total>
				<timestamp>6861.914346</timestamp>
			</report>
			<report>
				<misses>1087100001</misses>
				<total>0</total>
				<timestamp>6862.541316</timestamp>
			</report>
			<report>
				<misses>1087200001</misses>
				<total>0</total>
				<timestamp>6863.180966</timestamp>
			</report>
			<report>
				<misses>1087300001</misses>
				<total>0</total>
				<timestamp>6863.812836</timestamp>
			</report>
			<report>
				<misses>1087400001</misses>
				<total>0</total>
				<timestamp>6864.441926</timestamp>
			</report>
			<report>
				<misses>1087500001</misses>
				<total>0</total>
				<timestamp>6865.069632</timestamp>
			</report>
			<report>
				<misses>1087600001</misses>
				<total>0</total>
				<timestamp>6865.698388</timestamp>
			</report>
			<report>
				<misses>1087700001</misses>
				<total>0</total>
				<timestamp>6866.325567</timestamp>
			</report>
			<report>
				<misses>1087800001</misses>
				<total>0</total>
				<timestamp>6866.954966</timestamp>
			</report>
			<report>
				<misses>1087900001</misses>
				<total>0</total>
				<timestamp>6867.581938</timestamp>
			</report>
			<report>
				<misses>1088000001</misses>
				<total>0</total>
				<timestamp>6868.208386</timestamp>
			</report>
			<report>
				<misses>1088100001</misses>
				<total>0</total>
				<timestamp>6868.837330</timestamp>
			</report>
			<report>
				<misses>1088200001</misses>
				<total>0</total>
				<timestamp>6869.465550</timestamp>
			</report>
			<report>
				<misses>1088300001</misses>
				<total>0</total>
				<timestamp>6870.093318</timestamp>
			</report>
			<report>
				<misses>1088400001</misses>
				<total>0</total>
				<timestamp>6870.719066</timestamp>
			</report>
			<report>
				<misses>1088500001</misses>
				<total>0</total>
				<timestamp>6871.347813</timestamp>
			</report>
			<report>
				<misses>1088600001</misses>
				<total>0</total>
				<timestamp>6871.979468</timestamp>
			</report>
			<report>
				<misses>1088700001</misses>
				<total>0</total>
				<timestamp>6872.610920</timestamp>
			</report>
			<report>
				<misses>1088800001</misses>
				<total>0</total>
				<timestamp>6873.238683</timestamp>
			</report>
			<report>
				<misses>1088900001</misses>
				<total>0</total>
				<timestamp>6873.879778</timestamp>
			</report>
			<report>
				<misses>1089000001</misses>
				<total>0</total>
				<timestamp>6874.519234</timestamp>
			</report>
			<report>
				<misses>1089100001</misses>
				<total>0</total>
				<timestamp>6875.147930</timestamp>
			</report>
			<report>
				<misses>1089200001</misses>
				<total>0</total>
				<timestamp>6875.773185</timestamp>
			</report>
			<report>
				<misses>1089300001</misses>
				<total>0</total>
				<timestamp>6876.399937</timestamp>
			</report>
			<report>
				<misses>1089400001</misses>
				<total>0</total>
				<timestamp>6877.032570</timestamp>
			</report>
			<report>
				<misses>1089500001</misses>
				<total>0</total>
				<timestamp>6877.663134</timestamp>
			</report>
			<report>
				<misses>1089600001</misses>
				<total>0</total>
				<timestamp>6878.300270</timestamp>
			</report>
			<report>
				<misses>1089700001</misses>
				<total>0</total>
				<timestamp>6878.933436</timestamp>
			</report>
			<report>
				<misses>1089800001</misses>
				<total>0</total>
				<timestamp>6879.581077</timestamp>
			</report>
			<report>
				<misses>1089900001</misses>
				<total>0</total>
				<timestamp>6880.208024</timestamp>
			</report>
			<report>
				<misses>1090000001</misses>
				<total>0</total>
				<timestamp>6880.855882</timestamp>
			</report>
			<report>
				<misses>1090100001</misses>
				<total>0</total>
				<timestamp>6881.493216</timestamp>
			</report>
			<report>
				<misses>1090200001</misses>
				<total>0</total>
				<timestamp>6882.119816</timestamp>
			</report>
			<report>
				<misses>1090300001</misses>
				<total>0</total>
				<timestamp>6882.751301</timestamp>
			</report>
			<report>
				<misses>1090400001</misses>
				<total>0</total>
				<timestamp>6883.386055</timestamp>
			</report>
			<report>
				<misses>1090500001</misses>
				<total>0</total>
				<timestamp>6884.014513</timestamp>
			</report>
			<report>
				<misses>1090600001</misses>
				<total>0</total>
				<timestamp>6884.648235</timestamp>
			</report>
			<report>
				<misses>1090700001</misses>
				<total>0</total>
				<timestamp>6885.280529</timestamp>
			</report>
			<report>
				<misses>1090800001</misses>
				<total>0</total>
				<timestamp>6885.910775</timestamp>
			</report>
			<report>
				<misses>1090900001</misses>
				<total>0</total>
				<timestamp>6886.538802</timestamp>
			</report>
			<report>
				<misses>1091000001</misses>
				<total>0</total>
				<timestamp>6887.170170</timestamp>
			</report>
			<report>
				<misses>1091100001</misses>
				<total>0</total>
				<timestamp>6887.794040</timestamp>
			</report>
			<report>
				<misses>1091200001</misses>
				<total>0</total>
				<timestamp>6888.424963</timestamp>
			</report>
			<report>
				<misses>1091300001</misses>
				<total>0</total>
				<timestamp>6889.058236</timestamp>
			</report>
			<report>
				<misses>1091400001</misses>
				<total>0</total>
				<timestamp>6889.685822</timestamp>
			</report>
			<report>
				<misses>1091500001</misses>
				<total>0</total>
				<timestamp>6890.319860</timestamp>
			</report>
			<report>
				<misses>1091600001</misses>
				<total>0</total>
				<timestamp>6890.954407</timestamp>
			</report>
			<report>
				<misses>1091700001</misses>
				<total>0</total>
				<timestamp>6891.593782</timestamp>
			</report>
			<report>
				<misses>1091800001</misses>
				<total>0</total>
				<timestamp>6892.243042</timestamp>
			</report>
			<report>
				<misses>1091900001</misses>
				<total>0</total>
				<timestamp>6892.878207</timestamp>
			</report>
			<report>
				<misses>1092000001</misses>
				<total>0</total>
				<timestamp>6893.523342</timestamp>
			</report>
			<report>
				<misses>1092100001</misses>
				<total>0</total>
				<timestamp>6894.155625</timestamp>
			</report>
			<report>
				<misses>1092200001</misses>
				<total>0</total>
				<timestamp>6894.779886</timestamp>
			</report>
			<report>
				<misses>1092300001</misses>
				<total>0</total>
				<timestamp>6895.450175</timestamp>
			</report>
			<report>
				<misses>1092400001</misses>
				<total>0</total>
				<timestamp>6896.084022</timestamp>
			</report>
			<report>
				<misses>1092500001</misses>
				<total>0</total>
				<timestamp>6896.707165</timestamp>
			</report>
			<report>
				<misses>1092600001</misses>
				<total>0</total>
				<timestamp>6897.339391</timestamp>
			</report>
			<report>
				<misses>1092700001</misses>
				<total>0</total>
				<timestamp>6897.976623</timestamp>
			</report>
			<report>
				<misses>1092800001</misses>
				<total>0</total>
				<timestamp>6898.603158</timestamp>
			</report>
			<report>
				<misses>1092900001</misses>
				<total>0</total>
				<timestamp>6899.237690</timestamp>
			</report>
			<report>
				<misses>1093000001</misses>
				<total>0</total>
				<timestamp>6899.871865</timestamp>
			</report>
			<report>
				<misses>1093100001</misses>
				<total>0</total>
				<timestamp>6900.499708</timestamp>
			</report>
			<report>
				<misses>1093200001</misses>
				<total>0</total>
				<timestamp>6901.142201</timestamp>
			</report>
			<report>
				<misses>1093300001</misses>
				<total>0</total>
				<timestamp>6901.770448</timestamp>
			</report>
			<report>
				<misses>1093400001</misses>
				<total>0</total>
				<timestamp>6902.401721</timestamp>
			</report>
			<report>
				<misses>1093500001</misses>
				<total>0</total>
				<timestamp>6903.048723</timestamp>
			</report>
			<report>
				<misses>1093600001</misses>
				<total>0</total>
				<timestamp>6903.673166</timestamp>
			</report>
			<report>
				<misses>1093700001</misses>
				<total>0</total>
				<timestamp>6904.309787</timestamp>
			</report>
			<report>
				<misses>1093800001</misses>
				<total>0</total>
				<timestamp>6904.936850</timestamp>
			</report>
			<report>
				<misses>1093900001</misses>
				<total>0</total>
				<timestamp>6905.569675</timestamp>
			</report>
			<report>
				<misses>1094000001</misses>
				<total>0</total>
				<timestamp>6906.205449</timestamp>
			</report>
			<report>
				<misses>1094100001</misses>
				<total>0</total>
				<timestamp>6906.832678</timestamp>
			</report>
			<report>
				<misses>1094200001</misses>
				<total>0</total>
				<timestamp>6907.460760</timestamp>
			</report>
			<report>
				<misses>1094300001</misses>
				<total>0</total>
				<timestamp>6908.090048</timestamp>
			</report>
			<report>
				<misses>1094400001</misses>
				<total>0</total>
				<timestamp>6908.714626</timestamp>
			</report>
			<report>
				<misses>1094500001</misses>
				<total>0</total>
				<timestamp>6909.341411</timestamp>
			</report>
			<report>
				<misses>1094600001</misses>
				<total>0</total>
				<timestamp>6909.966029</timestamp>
			</report>
			<report>
				<misses>1094700001</misses>
				<total>0</total>
				<timestamp>6910.595115</timestamp>
			</report>
			<report>
				<misses>1094800001</misses>
				<total>0</total>
				<timestamp>6911.219359</timestamp>
			</report>
			<report>
				<misses>1094900001</misses>
				<total>0</total>
				<timestamp>6911.847574</timestamp>
			</report>
			<report>
				<misses>1095000001</misses>
				<total>0</total>
				<timestamp>6912.472912</timestamp>
			</report>
			<report>
				<misses>1095100001</misses>
				<total>0</total>
				<timestamp>6913.107196</timestamp>
			</report>
			<report>
				<misses>1095200001</misses>
				<total>0</total>
				<timestamp>6913.732224</timestamp>
			</report>
			<report>
				<misses>1095300001</misses>
				<total>0</total>
				<timestamp>6914.359383</timestamp>
			</report>
			<report>
				<misses>1095400001</misses>
				<total>0</total>
				<timestamp>6914.979403</timestamp>
			</report>
			<report>
				<misses>1095500001</misses>
				<total>0</total>
				<timestamp>6915.600874</timestamp>
			</report>
			<report>
				<misses>1095600001</misses>
				<total>0</total>
				<timestamp>6916.228229</timestamp>
			</report>
			<report>
				<misses>1095700001</misses>
				<total>0</total>
				<timestamp>6916.855961</timestamp>
			</report>
			<report>
				<misses>1095800001</misses>
				<total>0</total>
				<timestamp>6917.486661</timestamp>
			</report>
			<report>
				<misses>1095900001</misses>
				<total>0</total>
				<timestamp>6918.116306</timestamp>
			</report>
			<report>
				<misses>1096000001</misses>
				<total>0</total>
				<timestamp>6918.749011</timestamp>
			</report>
			<report>
				<misses>1096100001</misses>
				<total>0</total>
				<timestamp>6919.377832</timestamp>
			</report>
			<report>
				<misses>1096200001</misses>
				<total>0</total>
				<timestamp>6920.005144</timestamp>
			</report>
			<report>
				<misses>1096300001</misses>
				<total>0</total>
				<timestamp>6920.637428</timestamp>
			</report>
			<report>
				<misses>1096400001</misses>
				<total>0</total>
				<timestamp>6921.268329</timestamp>
			</report>
			<report>
				<misses>1096500001</misses>
				<total>0</total>
				<timestamp>6921.891338</timestamp>
			</report>
			<report>
				<misses>1096600001</misses>
				<total>0</total>
				<timestamp>6922.519181</timestamp>
			</report>
			<report>
				<misses>1096700001</misses>
				<total>0</total>
				<timestamp>6923.153076</timestamp>
			</report>
			<report>
				<misses>1096800001</misses>
				<total>0</total>
				<timestamp>6923.787375</timestamp>
			</report>
			<report>
				<misses>1096900001</misses>
				<total>0</total>
				<timestamp>6924.415426</timestamp>
			</report>
			<report>
				<misses>1097000001</misses>
				<total>0</total>
				<timestamp>6925.048254</timestamp>
			</report>
			<report>
				<misses>1097100001</misses>
				<total>0</total>
				<timestamp>6925.671246</timestamp>
			</report>
			<report>
				<misses>1097200001</misses>
				<total>0</total>
				<timestamp>6926.301382</timestamp>
			</report>
			<report>
				<misses>1097300001</misses>
				<total>0</total>
				<timestamp>6926.935812</timestamp>
			</report>
			<report>
				<misses>1097400001</misses>
				<total>0</total>
				<timestamp>6927.560539</timestamp>
			</report>
			<report>
				<misses>1097500001</misses>
				<total>0</total>
				<timestamp>6928.186991</timestamp>
			</report>
			<report>
				<misses>1097600001</misses>
				<total>0</total>
				<timestamp>6928.812736</timestamp>
			</report>
			<report>
				<misses>1097700001</misses>
				<total>0</total>
				<timestamp>6929.441809</timestamp>
			</report>
			<report>
				<misses>1097800001</misses>
				<total>0</total>
				<timestamp>6930.073215</timestamp>
			</report>
			<report>
				<misses>1097900001</misses>
				<total>0</total>
				<timestamp>6930.698318</timestamp>
			</report>
			<report>
				<misses>1098000001</misses>
				<total>0</total>
				<timestamp>6931.325036</timestamp>
			</report>
			<report>
				<misses>1098100001</misses>
				<total>0</total>
				<timestamp>6931.953354</timestamp>
			</report>
			<report>
				<misses>1098200001</misses>
				<total>0</total>
				<timestamp>6932.582830</timestamp>
			</report>
			<report>
				<misses>1098300001</misses>
				<total>0</total>
				<timestamp>6933.223195</timestamp>
			</report>
			<report>
				<misses>1098400001</misses>
				<total>0</total>
				<timestamp>6933.850425</timestamp>
			</report>
			<report>
				<misses>1098500001</misses>
				<total>0</total>
				<timestamp>6934.481371</timestamp>
			</report>
			<report>
				<misses>1098600001</misses>
				<total>0</total>
				<timestamp>6935.108556</timestamp>
			</report>
			<report>
				<misses>1098700001</misses>
				<total>0</total>
				<timestamp>6935.731228</timestamp>
			</report>
			<report>
				<misses>1098800001</misses>
				<total>0</total>
				<timestamp>6936.359795</timestamp>
			</report>
			<report>
				<misses>1098900001</misses>
				<total>0</total>
				<timestamp>6937.004043</timestamp>
			</report>
			<report>
				<misses>1099000001</misses>
				<total>0</total>
				<timestamp>6937.632292</timestamp>
			</report>
			<report>
				<misses>1099100001</misses>
				<total>0</total>
				<timestamp>6938.267998</timestamp>
			</report>
			<report>
				<misses>1099200001</misses>
				<total>0</total>
				<timestamp>6938.898412</timestamp>
			</report>
			<report>
				<misses>1099300001</misses>
				<total>0</total>
				<timestamp>6939.540079</timestamp>
			</report>
			<report>
				<misses>1099400001</misses>
				<total>0</total>
				<timestamp>6940.163344</timestamp>
			</report>
			<report>
				<misses>1099500001</misses>
				<total>0</total>
				<timestamp>6940.790248</timestamp>
			</report>
			<report>
				<misses>1099600001</misses>
				<total>0</total>
				<timestamp>6941.419435</timestamp>
			</report>
			<report>
				<misses>1099700001</misses>
				<total>0</total>
				<timestamp>6942.045033</timestamp>
			</report>
			<report>
				<misses>1099800001</misses>
				<total>0</total>
				<timestamp>6942.674506</timestamp>
			</report>
			<report>
				<misses>1099900001</misses>
				<total>0</total>
				<timestamp>6943.297379</timestamp>
			</report>
			<report>
				<misses>1100000001</misses>
				<total>0</total>
				<timestamp>6943.926015</timestamp>
			</report>
			<report>
				<misses>1100100001</misses>
				<total>0</total>
				<timestamp>6944.550915</timestamp>
			</report>
			<report>
				<misses>1100200001</misses>
				<total>0</total>
				<timestamp>6945.187000</timestamp>
			</report>
			<report>
				<misses>1100300001</misses>
				<total>0</total>
				<timestamp>6945.819726</timestamp>
			</report>
			<report>
				<misses>1100400001</misses>
				<total>0</total>
				<timestamp>6946.452568</timestamp>
			</report>
			<report>
				<misses>1100500001</misses>
				<total>0</total>
				<timestamp>6947.081209</timestamp>
			</report>
			<report>
				<misses>1100600001</misses>
				<total>0</total>
				<timestamp>6947.711798</timestamp>
			</report>
			<report>
				<misses>1100700001</misses>
				<total>0</total>
				<timestamp>6948.340606</timestamp>
			</report>
			<report>
				<misses>1100800001</misses>
				<total>0</total>
				<timestamp>6948.975498</timestamp>
			</report>
			<report>
				<misses>1100900001</misses>
				<total>0</total>
				<timestamp>6949.606483</timestamp>
			</report>
			<report>
				<misses>1101000001</misses>
				<total>0</total>
				<timestamp>6950.237222</timestamp>
			</report>
			<report>
				<misses>1101100001</misses>
				<total>0</total>
				<timestamp>6950.861506</timestamp>
			</report>
			<report>
				<misses>1101200001</misses>
				<total>0</total>
				<timestamp>6951.492195</timestamp>
			</report>
			<report>
				<misses>1101300001</misses>
				<total>0</total>
				<timestamp>6952.118744</timestamp>
			</report>
			<report>
				<misses>1101400001</misses>
				<total>0</total>
				<timestamp>6952.744073</timestamp>
			</report>
			<report>
				<misses>1101500001</misses>
				<total>0</total>
				<timestamp>6953.377350</timestamp>
			</report>
			<report>
				<misses>1101600001</misses>
				<total>0</total>
				<timestamp>6954.010973</timestamp>
			</report>
			<report>
				<misses>1101700001</misses>
				<total>0</total>
				<timestamp>6954.631426</timestamp>
			</report>
			<report>
				<misses>1101800001</misses>
				<total>0</total>
				<timestamp>6955.257582</timestamp>
			</report>
			<report>
				<misses>1101900001</misses>
				<total>0</total>
				<timestamp>6955.896778</timestamp>
			</report>
			<report>
				<misses>1102000001</misses>
				<total>0</total>
				<timestamp>6956.528923</timestamp>
			</report>
			<report>
				<misses>1102100001</misses>
				<total>0</total>
				<timestamp>6957.165929</timestamp>
			</report>
			<report>
				<misses>1102200001</misses>
				<total>0</total>
				<timestamp>6957.796255</timestamp>
			</report>
			<report>
				<misses>1102300001</misses>
				<total>0</total>
				<timestamp>6958.432542</timestamp>
			</report>
			<report>
				<misses>1102400001</misses>
				<total>0</total>
				<timestamp>6959.062267</timestamp>
			</report>
			<report>
				<misses>1102500001</misses>
				<total>0</total>
				<timestamp>6959.697108</timestamp>
			</report>
			<report>
				<misses>1102600001</misses>
				<total>0</total>
				<timestamp>6960.335321</timestamp>
			</report>
			<report>
				<misses>1102700001</misses>
				<total>0</total>
				<timestamp>6960.973226</timestamp>
			</report>
			<report>
				<misses>1102800001</misses>
				<total>0</total>
				<timestamp>6961.603550</timestamp>
			</report>
			<report>
				<misses>1102900001</misses>
				<total>0</total>
				<timestamp>6962.228856</timestamp>
			</report>
			<report>
				<misses>1103000001</misses>
				<total>0</total>
				<timestamp>6962.862719</timestamp>
			</report>
			<report>
				<misses>1103100001</misses>
				<total>0</total>
				<timestamp>6963.486755</timestamp>
			</report>
			<report>
				<misses>1103200001</misses>
				<total>0</total>
				<timestamp>6964.117270</timestamp>
			</report>
			<report>
				<misses>1103300001</misses>
				<total>0</total>
				<timestamp>6964.743955</timestamp>
			</report>
			<report>
				<misses>1103400001</misses>
				<total>0</total>
				<timestamp>6965.369273</timestamp>
			</report>
			<report>
				<misses>1103500001</misses>
				<total>0</total>
				<timestamp>6965.996555</timestamp>
			</report>
			<report>
				<misses>1103600001</misses>
				<total>0</total>
				<timestamp>6966.630697</timestamp>
			</report>
			<report>
				<misses>1103700001</misses>
				<total>0</total>
				<timestamp>6967.275020</timestamp>
			</report>
			<report>
				<misses>1103800001</misses>
				<total>0</total>
				<timestamp>6967.898202</timestamp>
			</report>
			<report>
				<misses>1103900001</misses>
				<total>0</total>
				<timestamp>6968.522268</timestamp>
			</report>
			<report>
				<misses>1104000001</misses>
				<total>0</total>
				<timestamp>6969.152517</timestamp>
			</report>
			<report>
				<misses>1104100001</misses>
				<total>0</total>
				<timestamp>6969.779248</timestamp>
			</report>
			<report>
				<misses>1104200001</misses>
				<total>0</total>
				<timestamp>6970.408509</timestamp>
			</report>
			<report>
				<misses>1104300001</misses>
				<total>0</total>
				<timestamp>6971.036743</timestamp>
			</report>
			<report>
				<misses>1104400001</misses>
				<total>0</total>
				<timestamp>6971.663374</timestamp>
			</report>
			<report>
				<misses>1104500001</misses>
				<total>0</total>
				<timestamp>6972.289398</timestamp>
			</report>
			<report>
				<misses>1104600001</misses>
				<total>0</total>
				<timestamp>6972.918313</timestamp>
			</report>
			<report>
				<misses>1104700001</misses>
				<total>0</total>
				<timestamp>6973.549105</timestamp>
			</report>
			<report>
				<misses>1104800001</misses>
				<total>0</total>
				<timestamp>6974.172447</timestamp>
			</report>
			<report>
				<misses>1104900001</misses>
				<total>0</total>
				<timestamp>6974.797901</timestamp>
			</report>
			<report>
				<misses>1105000001</misses>
				<total>0</total>
				<timestamp>6975.425600</timestamp>
			</report>
			<report>
				<misses>1105100001</misses>
				<total>0</total>
				<timestamp>6976.050724</timestamp>
			</report>
			<report>
				<misses>1105200001</misses>
				<total>0</total>
				<timestamp>6976.672156</timestamp>
			</report>
			<report>
				<misses>1105300001</misses>
				<total>0</total>
				<timestamp>6977.297496</timestamp>
			</report>
			<report>
				<misses>1105400001</misses>
				<total>0</total>
				<timestamp>6977.923668</timestamp>
			</report>
			<report>
				<misses>1105500001</misses>
				<total>0</total>
				<timestamp>6978.547673</timestamp>
			</report>
			<report>
				<misses>1105600001</misses>
				<total>0</total>
				<timestamp>6979.172826</timestamp>
			</report>
			<report>
				<misses>1105700001</misses>
				<total>0</total>
				<timestamp>6979.799385</timestamp>
			</report>
			<report>
				<misses>1105800001</misses>
				<total>0</total>
				<timestamp>6980.423842</timestamp>
			</report>
			<report>
				<misses>1105900001</misses>
				<total>0</total>
				<timestamp>6981.050006</timestamp>
			</report>
			<report>
				<misses>1106000001</misses>
				<total>0</total>
				<timestamp>6981.677755</timestamp>
			</report>
			<report>
				<misses>1106100001</misses>
				<total>0</total>
				<timestamp>6982.303557</timestamp>
			</report>
			<report>
				<misses>1106200001</misses>
				<total>0</total>
				<timestamp>6982.939262</timestamp>
			</report>
			<report>
				<misses>1106300001</misses>
				<total>0</total>
				<timestamp>6983.571150</timestamp>
			</report>
			<report>
				<misses>1106400001</misses>
				<total>0</total>
				<timestamp>6984.204427</timestamp>
			</report>
			<report>
				<misses>1106500001</misses>
				<total>0</total>
				<timestamp>6984.829636</timestamp>
			</report>
			<report>
				<misses>1106600001</misses>
				<total>0</total>
				<timestamp>6985.479075</timestamp>
			</report>
			<report>
				<misses>1106700001</misses>
				<total>0</total>
				<timestamp>6986.110759</timestamp>
			</report>
			<report>
				<misses>1106800001</misses>
				<total>0</total>
				<timestamp>6986.751298</timestamp>
			</report>
			<report>
				<misses>1106900001</misses>
				<total>0</total>
				<timestamp>6987.399573</timestamp>
			</report>
			<report>
				<misses>1107000001</misses>
				<total>0</total>
				<timestamp>6988.033712</timestamp>
			</report>
			<report>
				<misses>1107100001</misses>
				<total>0</total>
				<timestamp>6988.663820</timestamp>
			</report>
			<report>
				<misses>1107200001</misses>
				<total>0</total>
				<timestamp>6989.296310</timestamp>
			</report>
			<report>
				<misses>1107300001</misses>
				<total>0</total>
				<timestamp>6989.924100</timestamp>
			</report>
			<report>
				<misses>1107400001</misses>
				<total>0</total>
				<timestamp>6990.570069</timestamp>
			</report>
			<report>
				<misses>1107500001</misses>
				<total>0</total>
				<timestamp>6991.194257</timestamp>
			</report>
			<report>
				<misses>1107600001</misses>
				<total>0</total>
				<timestamp>6991.820415</timestamp>
			</report>
			<report>
				<misses>1107700001</misses>
				<total>0</total>
				<timestamp>6992.443813</timestamp>
			</report>
			<report>
				<misses>1107800001</misses>
				<total>0</total>
				<timestamp>6993.074280</timestamp>
			</report>
			<report>
				<misses>1107900001</misses>
				<total>0</total>
				<timestamp>6993.711165</timestamp>
			</report>
			<report>
				<misses>1108000001</misses>
				<total>0</total>
				<timestamp>6994.353943</timestamp>
			</report>
			<report>
				<misses>1108100001</misses>
				<total>0</total>
				<timestamp>6994.978926</timestamp>
			</report>
			<report>
				<misses>1108200001</misses>
				<total>0</total>
				<timestamp>6995.609293</timestamp>
			</report>
			<report>
				<misses>1108300001</misses>
				<total>0</total>
				<timestamp>6996.251369</timestamp>
			</report>
			<report>
				<misses>1108400001</misses>
				<total>0</total>
				<timestamp>6996.877770</timestamp>
			</report>
			<report>
				<misses>1108500001</misses>
				<total>0</total>
				<timestamp>6997.508182</timestamp>
			</report>
			<report>
				<misses>1108600001</misses>
				<total>0</total>
				<timestamp>6998.142770</timestamp>
			</report>
			<report>
				<misses>1108700001</misses>
				<total>0</total>
				<timestamp>6998.769237</timestamp>
			</report>
			<report>
				<misses>1108800001</misses>
				<total>0</total>
				<timestamp>6999.399291</timestamp>
			</report>
			<report>
				<misses>1108900001</misses>
				<total>0</total>
				<timestamp>7000.024207</timestamp>
			</report>
			<report>
				<misses>1109000001</misses>
				<total>0</total>
				<timestamp>7000.653915</timestamp>
			</report>
			<report>
				<misses>1109100001</misses>
				<total>0</total>
				<timestamp>7001.298941</timestamp>
			</report>
			<report>
				<misses>1109200001</misses>
				<total>0</total>
				<timestamp>7001.922106</timestamp>
			</report>
			<report>
				<misses>1109300001</misses>
				<total>0</total>
				<timestamp>7002.555411</timestamp>
			</report>
			<report>
				<misses>1109400001</misses>
				<total>0</total>
				<timestamp>7003.189164</timestamp>
			</report>
			<report>
				<misses>1109500001</misses>
				<total>0</total>
				<timestamp>7003.813770</timestamp>
			</report>
			<report>
				<misses>1109600001</misses>
				<total>0</total>
				<timestamp>7004.465230</timestamp>
			</report>
			<report>
				<misses>1109700001</misses>
				<total>0</total>
				<timestamp>7005.097578</timestamp>
			</report>
			<report>
				<misses>1109800001</misses>
				<total>0</total>
				<timestamp>7005.723287</timestamp>
			</report>
			<report>
				<misses>1109900001</misses>
				<total>0</total>
				<timestamp>7006.350713</timestamp>
			</report>
			<report>
				<misses>1110000001</misses>
				<total>0</total>
				<timestamp>7006.990254</timestamp>
			</report>
			<report>
				<misses>1110100001</misses>
				<total>0</total>
				<timestamp>7007.615755</timestamp>
			</report>
			<report>
				<misses>1110200001</misses>
				<total>0</total>
				<timestamp>7008.245910</timestamp>
			</report>
			<report>
				<misses>1110300001</misses>
				<total>0</total>
				<timestamp>7008.875064</timestamp>
			</report>
			<report>
				<misses>1110400001</misses>
				<total>0</total>
				<timestamp>7009.500058</timestamp>
			</report>
			<report>
				<misses>1110500001</misses>
				<total>0</total>
				<timestamp>7010.131027</timestamp>
			</report>
			<report>
				<misses>1110600001</misses>
				<total>0</total>
				<timestamp>7010.755642</timestamp>
			</report>
			<report>
				<misses>1110700001</misses>
				<total>0</total>
				<timestamp>7011.390259</timestamp>
			</report>
			<report>
				<misses>1110800001</misses>
				<total>0</total>
				<timestamp>7012.020612</timestamp>
			</report>
			<report>
				<misses>1110900001</misses>
				<total>0</total>
				<timestamp>7012.647683</timestamp>
			</report>
			<report>
				<misses>1111000001</misses>
				<total>0</total>
				<timestamp>7013.273341</timestamp>
			</report>
			<report>
				<misses>1111100001</misses>
				<total>0</total>
				<timestamp>7013.899643</timestamp>
			</report>
			<report>
				<misses>1111200001</misses>
				<total>0</total>
				<timestamp>7014.531147</timestamp>
			</report>
			<report>
				<misses>1111300001</misses>
				<total>0</total>
				<timestamp>7015.157610</timestamp>
			</report>
			<report>
				<misses>1111400001</misses>
				<total>0</total>
				<timestamp>7015.786727</timestamp>
			</report>
			<report>
				<misses>1111500001</misses>
				<total>0</total>
				<timestamp>7016.414971</timestamp>
			</report>
			<report>
				<misses>1111600001</misses>
				<total>0</total>
				<timestamp>7017.046217</timestamp>
			</report>
			<report>
				<misses>1111700001</misses>
				<total>0</total>
				<timestamp>7017.677559</timestamp>
			</report>
			<report>
				<misses>1111800001</misses>
				<total>0</total>
				<timestamp>7018.302272</timestamp>
			</report>
			<report>
				<misses>1111900001</misses>
				<total>0</total>
				<timestamp>7018.928666</timestamp>
			</report>
			<report>
				<misses>1112000001</misses>
				<total>0</total>
				<timestamp>7019.555134</timestamp>
			</report>
			<report>
				<misses>1112100001</misses>
				<total>0</total>
				<timestamp>7020.212990</timestamp>
			</report>
			<report>
				<misses>1112200001</misses>
				<total>0</total>
				<timestamp>7020.845514</timestamp>
			</report>
			<report>
				<misses>1112300001</misses>
				<total>0</total>
				<timestamp>7021.484770</timestamp>
			</report>
			<report>
				<misses>1112400001</misses>
				<total>0</total>
				<timestamp>7022.114610</timestamp>
			</report>
			<report>
				<misses>1112500001</misses>
				<total>0</total>
				<timestamp>7022.748760</timestamp>
			</report>
			<report>
				<misses>1112600001</misses>
				<total>0</total>
				<timestamp>7023.373012</timestamp>
			</report>
			<report>
				<misses>1112700001</misses>
				<total>0</total>
				<timestamp>7024.000921</timestamp>
			</report>
			<report>
				<misses>1112800001</misses>
				<total>0</total>
				<timestamp>7024.624325</timestamp>
			</report>
			<report>
				<misses>1112900001</misses>
				<total>0</total>
				<timestamp>7025.257613</timestamp>
			</report>
			<report>
				<misses>1113000001</misses>
				<total>0</total>
				<timestamp>7025.886698</timestamp>
			</report>
			<report>
				<misses>1113100001</misses>
				<total>0</total>
				<timestamp>7026.514967</timestamp>
			</report>
			<report>
				<misses>1113200001</misses>
				<total>0</total>
				<timestamp>7027.146729</timestamp>
			</report>
			<report>
				<misses>1113300001</misses>
				<total>0</total>
				<timestamp>7027.769132</timestamp>
			</report>
			<report>
				<misses>1113400001</misses>
				<total>0</total>
				<timestamp>7028.395850</timestamp>
			</report>
			<report>
				<misses>1113500001</misses>
				<total>0</total>
				<timestamp>7029.016182</timestamp>
			</report>
			<report>
				<misses>1113600001</misses>
				<total>0</total>
				<timestamp>7029.641785</timestamp>
			</report>
			<report>
				<misses>1113700001</misses>
				<total>0</total>
				<timestamp>7030.263570</timestamp>
			</report>
			<report>
				<misses>1113800001</misses>
				<total>0</total>
				<timestamp>7030.901774</timestamp>
			</report>
			<report>
				<misses>1113900001</misses>
				<total>0</total>
				<timestamp>7031.528148</timestamp>
			</report>
			<report>
				<misses>1114000001</misses>
				<total>0</total>
				<timestamp>7032.154880</timestamp>
			</report>
			<report>
				<misses>1114100001</misses>
				<total>0</total>
				<timestamp>7032.777272</timestamp>
			</report>
			<report>
				<misses>1114200001</misses>
				<total>0</total>
				<timestamp>7033.405034</timestamp>
			</report>
			<report>
				<misses>1114300001</misses>
				<total>0</total>
				<timestamp>7034.031032</timestamp>
			</report>
			<report>
				<misses>1114400001</misses>
				<total>0</total>
				<timestamp>7034.654897</timestamp>
			</report>
			<report>
				<misses>1114500001</misses>
				<total>0</total>
				<timestamp>7035.288541</timestamp>
			</report>
			<report>
				<misses>1114600001</misses>
				<total>0</total>
				<timestamp>7035.915530</timestamp>
			</report>
			<report>
				<misses>1114700001</misses>
				<total>0</total>
				<timestamp>7036.538716</timestamp>
			</report>
			<report>
				<misses>1114800001</misses>
				<total>0</total>
				<timestamp>7037.169315</timestamp>
			</report>
			<report>
				<misses>1114900001</misses>
				<total>0</total>
				<timestamp>7037.802527</timestamp>
			</report>
			<report>
				<misses>1115000001</misses>
				<total>0</total>
				<timestamp>7038.430183</timestamp>
			</report>
			<report>
				<misses>1115100001</misses>
				<total>0</total>
				<timestamp>7039.057892</timestamp>
			</report>
			<report>
				<misses>1115200001</misses>
				<total>0</total>
				<timestamp>7039.693013</timestamp>
			</report>
			<report>
				<misses>1115300001</misses>
				<total>0</total>
				<timestamp>7040.322720</timestamp>
			</report>
			<report>
				<misses>1115400001</misses>
				<total>0</total>
				<timestamp>7040.952002</timestamp>
			</report>
			<report>
				<misses>1115500001</misses>
				<total>0</total>
				<timestamp>7041.590026</timestamp>
			</report>
			<report>
				<misses>1115600001</misses>
				<total>0</total>
				<timestamp>7042.220792</timestamp>
			</report>
			<report>
				<misses>1115700001</misses>
				<total>0</total>
				<timestamp>7042.858311</timestamp>
			</report>
			<report>
				<misses>1115800001</misses>
				<total>0</total>
				<timestamp>7043.484531</timestamp>
			</report>
			<report>
				<misses>1115900001</misses>
				<total>0</total>
				<timestamp>7044.117121</timestamp>
			</report>
			<report>
				<misses>1116000001</misses>
				<total>0</total>
				<timestamp>7044.745196</timestamp>
			</report>
			<report>
				<misses>1116100001</misses>
				<total>0</total>
				<timestamp>7045.370930</timestamp>
			</report>
			<report>
				<misses>1116200001</misses>
				<total>0</total>
				<timestamp>7046.007437</timestamp>
			</report>
			<report>
				<misses>1116300001</misses>
				<total>0</total>
				<timestamp>7046.633262</timestamp>
			</report>
			<report>
				<misses>1116400001</misses>
				<total>0</total>
				<timestamp>7047.266231</timestamp>
			</report>
			<report>
				<misses>1116500001</misses>
				<total>0</total>
				<timestamp>7047.896499</timestamp>
			</report>
			<report>
				<misses>1116600001</misses>
				<total>0</total>
				<timestamp>7048.530860</timestamp>
			</report>
			<report>
				<misses>1116700001</misses>
				<total>0</total>
				<timestamp>7049.162155</timestamp>
			</report>
			<report>
				<misses>1116800001</misses>
				<total>0</total>
				<timestamp>7049.795602</timestamp>
			</report>
			<report>
				<misses>1116900001</misses>
				<total>0</total>
				<timestamp>7050.431630</timestamp>
			</report>
			<report>
				<misses>1117000001</misses>
				<total>0</total>
				<timestamp>7051.061157</timestamp>
			</report>
			<report>
				<misses>1117100001</misses>
				<total>0</total>
				<timestamp>7051.690167</timestamp>
			</report>
			<report>
				<misses>1117200001</misses>
				<total>0</total>
				<timestamp>7052.334379</timestamp>
			</report>
			<report>
				<misses>1117300001</misses>
				<total>0</total>
				<timestamp>7052.960822</timestamp>
			</report>
			<report>
				<misses>1117400001</misses>
				<total>0</total>
				<timestamp>7053.596294</timestamp>
			</report>
			<report>
				<misses>1117500001</misses>
				<total>0</total>
				<timestamp>7054.231251</timestamp>
			</report>
			<report>
				<misses>1117600001</misses>
				<total>0</total>
				<timestamp>7054.855652</timestamp>
			</report>
			<report>
				<misses>1117700001</misses>
				<total>0</total>
				<timestamp>7055.498570</timestamp>
			</report>
			<report>
				<misses>1117800001</misses>
				<total>0</total>
				<timestamp>7056.129594</timestamp>
			</report>
			<report>
				<misses>1117900001</misses>
				<total>0</total>
				<timestamp>7056.756498</timestamp>
			</report>
			<report>
				<misses>1118000001</misses>
				<total>0</total>
				<timestamp>7057.382222</timestamp>
			</report>
			<report>
				<misses>1118100001</misses>
				<total>0</total>
				<timestamp>7058.006122</timestamp>
			</report>
			<report>
				<misses>1118200001</misses>
				<total>0</total>
				<timestamp>7058.634655</timestamp>
			</report>
			<report>
				<misses>1118300001</misses>
				<total>0</total>
				<timestamp>7059.265782</timestamp>
			</report>
			<report>
				<misses>1118400001</misses>
				<total>0</total>
				<timestamp>7059.902283</timestamp>
			</report>
			<report>
				<misses>1118500001</misses>
				<total>0</total>
				<timestamp>7060.529500</timestamp>
			</report>
			<report>
				<misses>1118600001</misses>
				<total>0</total>
				<timestamp>7061.160950</timestamp>
			</report>
			<report>
				<misses>1118700001</misses>
				<total>0</total>
				<timestamp>7061.787369</timestamp>
			</report>
			<report>
				<misses>1118800001</misses>
				<total>0</total>
				<timestamp>7062.416147</timestamp>
			</report>
			<report>
				<misses>1118900001</misses>
				<total>0</total>
				<timestamp>7063.042611</timestamp>
			</report>
			<report>
				<misses>1119000001</misses>
				<total>0</total>
				<timestamp>7063.668812</timestamp>
			</report>
			<report>
				<misses>1119100001</misses>
				<total>0</total>
				<timestamp>7064.299066</timestamp>
			</report>
			<report>
				<misses>1119200001</misses>
				<total>0</total>
				<timestamp>7064.931549</timestamp>
			</report>
			<report>
				<misses>1119300001</misses>
				<total>0</total>
				<timestamp>7065.570189</timestamp>
			</report>
			<report>
				<misses>1119400001</misses>
				<total>0</total>
				<timestamp>7066.202682</timestamp>
			</report>
			<report>
				<misses>1119500001</misses>
				<total>0</total>
				<timestamp>7066.840040</timestamp>
			</report>
			<report>
				<misses>1119600001</misses>
				<total>0</total>
				<timestamp>7067.471469</timestamp>
			</report>
			<report>
				<misses>1119700001</misses>
				<total>0</total>
				<timestamp>7068.096332</timestamp>
			</report>
			<report>
				<misses>1119800001</misses>
				<total>0</total>
				<timestamp>7068.725808</timestamp>
			</report>
			<report>
				<misses>1119900001</misses>
				<total>0</total>
				<timestamp>7069.359345</timestamp>
			</report>
			<report>
				<misses>1120000001</misses>
				<total>0</total>
				<timestamp>7069.987658</timestamp>
			</report>
			<report>
				<misses>1120100001</misses>
				<total>0</total>
				<timestamp>7070.624942</timestamp>
			</report>
			<report>
				<misses>1120200001</misses>
				<total>0</total>
				<timestamp>7071.251041</timestamp>
			</report>
			<report>
				<misses>1120300001</misses>
				<total>0</total>
				<timestamp>7071.874948</timestamp>
			</report>
			<report>
				<misses>1120400001</misses>
				<total>0</total>
				<timestamp>7072.500369</timestamp>
			</report>
			<report>
				<misses>1120500001</misses>
				<total>0</total>
				<timestamp>7073.126513</timestamp>
			</report>
			<report>
				<misses>1120600001</misses>
				<total>0</total>
				<timestamp>7073.751906</timestamp>
			</report>
			<report>
				<misses>1120700001</misses>
				<total>0</total>
				<timestamp>7074.408094</timestamp>
			</report>
			<report>
				<misses>1120800001</misses>
				<total>0</total>
				<timestamp>7075.033444</timestamp>
			</report>
			<report>
				<misses>1120900001</misses>
				<total>0</total>
				<timestamp>7075.660278</timestamp>
			</report>
			<report>
				<misses>1121000001</misses>
				<total>0</total>
				<timestamp>7076.286206</timestamp>
			</report>
			<report>
				<misses>1121100001</misses>
				<total>0</total>
				<timestamp>7076.913816</timestamp>
			</report>
			<report>
				<misses>1121200001</misses>
				<total>0</total>
				<timestamp>7077.554704</timestamp>
			</report>
			<report>
				<misses>1121300001</misses>
				<total>0</total>
				<timestamp>7078.187948</timestamp>
			</report>
			<report>
				<misses>1121400001</misses>
				<total>0</total>
				<timestamp>7078.820446</timestamp>
			</report>
			<report>
				<misses>1121500001</misses>
				<total>0</total>
				<timestamp>7079.453959</timestamp>
			</report>
			<report>
				<misses>1121600001</misses>
				<total>0</total>
				<timestamp>7080.082015</timestamp>
			</report>
			<report>
				<misses>1121700001</misses>
				<total>0</total>
				<timestamp>7080.713113</timestamp>
			</report>
			<report>
				<misses>1121800001</misses>
				<total>0</total>
				<timestamp>7081.336978</timestamp>
			</report>
			<report>
				<misses>1121900001</misses>
				<total>0</total>
				<timestamp>7081.958751</timestamp>
			</report>
			<report>
				<misses>1122000001</misses>
				<total>0</total>
				<timestamp>7082.584413</timestamp>
			</report>
			<report>
				<misses>1122100001</misses>
				<total>0</total>
				<timestamp>7083.223895</timestamp>
			</report>
			<report>
				<misses>1122200001</misses>
				<total>0</total>
				<timestamp>7083.857621</timestamp>
			</report>
			<report>
				<misses>1122300001</misses>
				<total>0</total>
				<timestamp>7084.488789</timestamp>
			</report>
			<report>
				<misses>1122400001</misses>
				<total>0</total>
				<timestamp>7085.115982</timestamp>
			</report>
			<report>
				<misses>1122500001</misses>
				<total>0</total>
				<timestamp>7085.743823</timestamp>
			</report>
			<report>
				<misses>1122600001</misses>
				<total>0</total>
				<timestamp>7086.367589</timestamp>
			</report>
			<report>
				<misses>1122700001</misses>
				<total>0</total>
				<timestamp>7087.001459</timestamp>
			</report>
			<report>
				<misses>1122800001</misses>
				<total>0</total>
				<timestamp>7087.627869</timestamp>
			</report>
			<report>
				<misses>1122900001</misses>
				<total>0</total>
				<timestamp>7088.263268</timestamp>
			</report>
			<report>
				<misses>1123000001</misses>
				<total>0</total>
				<timestamp>7088.893540</timestamp>
			</report>
			<report>
				<misses>1123100001</misses>
				<total>0</total>
				<timestamp>7089.522959</timestamp>
			</report>
			<report>
				<misses>1123200001</misses>
				<total>0</total>
				<timestamp>7090.150591</timestamp>
			</report>
			<report>
				<misses>1123300001</misses>
				<total>0</total>
				<timestamp>7090.777717</timestamp>
			</report>
			<report>
				<misses>1123400001</misses>
				<total>0</total>
				<timestamp>7091.404021</timestamp>
			</report>
			<report>
				<misses>1123500001</misses>
				<total>0</total>
				<timestamp>7092.038206</timestamp>
			</report>
			<report>
				<misses>1123600001</misses>
				<total>0</total>
				<timestamp>7092.667434</timestamp>
			</report>
			<report>
				<misses>1123700001</misses>
				<total>0</total>
				<timestamp>7093.294803</timestamp>
			</report>
			<report>
				<misses>1123800001</misses>
				<total>0</total>
				<timestamp>7093.919853</timestamp>
			</report>
			<report>
				<misses>1123900001</misses>
				<total>0</total>
				<timestamp>7094.596558</timestamp>
			</report>
			<report>
				<misses>1124000001</misses>
				<total>0</total>
				<timestamp>7095.221817</timestamp>
			</report>
			<report>
				<misses>1124100001</misses>
				<total>0</total>
				<timestamp>7095.846594</timestamp>
			</report>
			<report>
				<misses>1124200001</misses>
				<total>0</total>
				<timestamp>7096.472886</timestamp>
			</report>
			<report>
				<misses>1124300001</misses>
				<total>0</total>
				<timestamp>7097.099864</timestamp>
			</report>
			<report>
				<misses>1124400001</misses>
				<total>0</total>
				<timestamp>7097.722347</timestamp>
			</report>
			<report>
				<misses>1124500001</misses>
				<total>0</total>
				<timestamp>7098.350959</timestamp>
			</report>
			<report>
				<misses>1124600001</misses>
				<total>0</total>
				<timestamp>7098.980268</timestamp>
			</report>
			<report>
				<misses>1124700001</misses>
				<total>0</total>
				<timestamp>7099.609244</timestamp>
			</report>
			<report>
				<misses>1124800001</misses>
				<total>0</total>
				<timestamp>7100.245028</timestamp>
			</report>
			<report>
				<misses>1124900001</misses>
				<total>0</total>
				<timestamp>7100.874431</timestamp>
			</report>
			<report>
				<misses>1125000001</misses>
				<total>0</total>
				<timestamp>7101.513885</timestamp>
			</report>
			<report>
				<misses>1125100001</misses>
				<total>0</total>
				<timestamp>7102.149573</timestamp>
			</report>
			<report>
				<misses>1125200001</misses>
				<total>0</total>
				<timestamp>7102.777711</timestamp>
			</report>
			<report>
				<misses>1125300001</misses>
				<total>0</total>
				<timestamp>7103.409512</timestamp>
			</report>
			<report>
				<misses>1125400001</misses>
				<total>0</total>
				<timestamp>7104.035508</timestamp>
			</report>
			<report>
				<misses>1125500001</misses>
				<total>0</total>
				<timestamp>7104.659431</timestamp>
			</report>
			<report>
				<misses>1125600001</misses>
				<total>0</total>
				<timestamp>7105.285215</timestamp>
			</report>
			<report>
				<misses>1125700001</misses>
				<total>0</total>
				<timestamp>7105.908800</timestamp>
			</report>
			<report>
				<misses>1125800001</misses>
				<total>0</total>
				<timestamp>7106.537368</timestamp>
			</report>
			<report>
				<misses>1125900001</misses>
				<total>0</total>
				<timestamp>7107.172024</timestamp>
			</report>
			<report>
				<misses>1126000001</misses>
				<total>0</total>
				<timestamp>7107.791882</timestamp>
			</report>
			<report>
				<misses>1126100001</misses>
				<total>0</total>
				<timestamp>7108.419990</timestamp>
			</report>
			<report>
				<misses>1126200001</misses>
				<total>0</total>
				<timestamp>7109.050150</timestamp>
			</report>
			<report>
				<misses>1126300001</misses>
				<total>0</total>
				<timestamp>7109.679074</timestamp>
			</report>
			<report>
				<misses>1126400001</misses>
				<total>0</total>
				<timestamp>7110.303710</timestamp>
			</report>
			<report>
				<misses>1126500001</misses>
				<total>0</total>
				<timestamp>7110.930689</timestamp>
			</report>
			<report>
				<misses>1126600001</misses>
				<total>0</total>
				<timestamp>7111.556336</timestamp>
			</report>
			<report>
				<misses>1126700001</misses>
				<total>0</total>
				<timestamp>7112.194070</timestamp>
			</report>
			<report>
				<misses>1126800001</misses>
				<total>0</total>
				<timestamp>7112.822664</timestamp>
			</report>
			<report>
				<misses>1126900001</misses>
				<total>0</total>
				<timestamp>7113.445062</timestamp>
			</report>
			<report>
				<misses>1127000001</misses>
				<total>0</total>
				<timestamp>7114.082068</timestamp>
			</report>
			<report>
				<misses>1127100001</misses>
				<total>0</total>
				<timestamp>7114.709327</timestamp>
			</report>
			<report>
				<misses>1127200001</misses>
				<total>0</total>
				<timestamp>7115.344392</timestamp>
			</report>
			<report>
				<misses>1127300001</misses>
				<total>0</total>
				<timestamp>7115.969097</timestamp>
			</report>
			<report>
				<misses>1127400001</misses>
				<total>0</total>
				<timestamp>7116.603028</timestamp>
			</report>
			<report>
				<misses>1127500001</misses>
				<total>0</total>
				<timestamp>7117.244272</timestamp>
			</report>
			<report>
				<misses>1127600001</misses>
				<total>0</total>
				<timestamp>7117.888315</timestamp>
			</report>
			<report>
				<misses>1127700001</misses>
				<total>0</total>
				<timestamp>7118.520350</timestamp>
			</report>
			<report>
				<misses>1127800001</misses>
				<total>0</total>
				<timestamp>7119.149397</timestamp>
			</report>
			<report>
				<misses>1127900001</misses>
				<total>0</total>
				<timestamp>7119.776901</timestamp>
			</report>
			<report>
				<misses>1128000001</misses>
				<total>0</total>
				<timestamp>7120.410454</timestamp>
			</report>
			<report>
				<misses>1128100001</misses>
				<total>0</total>
				<timestamp>7121.036651</timestamp>
			</report>
			<report>
				<misses>1128200001</misses>
				<total>0</total>
				<timestamp>7121.663428</timestamp>
			</report>
			<report>
				<misses>1128300001</misses>
				<total>0</total>
				<timestamp>7122.286327</timestamp>
			</report>
			<report>
				<misses>1128400001</misses>
				<total>0</total>
				<timestamp>7122.912155</timestamp>
			</report>
			<report>
				<misses>1128500001</misses>
				<total>0</total>
				<timestamp>7123.549324</timestamp>
			</report>
			<report>
				<misses>1128600001</misses>
				<total>0</total>
				<timestamp>7124.187429</timestamp>
			</report>
			<report>
				<misses>1128700001</misses>
				<total>0</total>
				<timestamp>7124.827073</timestamp>
			</report>
			<report>
				<misses>1128800001</misses>
				<total>0</total>
				<timestamp>7125.460034</timestamp>
			</report>
			<report>
				<misses>1128900001</misses>
				<total>0</total>
				<timestamp>7126.096527</timestamp>
			</report>
			<report>
				<misses>1129000001</misses>
				<total>0</total>
				<timestamp>7126.739240</timestamp>
			</report>
			<report>
				<misses>1129100001</misses>
				<total>0</total>
				<timestamp>7127.370129</timestamp>
			</report>
			<report>
				<misses>1129200001</misses>
				<total>0</total>
				<timestamp>7127.994791</timestamp>
			</report>
			<report>
				<misses>1129300001</misses>
				<total>0</total>
				<timestamp>7128.625525</timestamp>
			</report>
			<report>
				<misses>1129400001</misses>
				<total>0</total>
				<timestamp>7129.256110</timestamp>
			</report>
			<report>
				<misses>1129500001</misses>
				<total>0</total>
				<timestamp>7129.890697</timestamp>
			</report>
			<report>
				<misses>1129600001</misses>
				<total>0</total>
				<timestamp>7130.522241</timestamp>
			</report>
			<report>
				<misses>1129700001</misses>
				<total>0</total>
				<timestamp>7131.150845</timestamp>
			</report>
			<report>
				<misses>1129800001</misses>
				<total>0</total>
				<timestamp>7131.774450</timestamp>
			</report>
			<report>
				<misses>1129900001</misses>
				<total>0</total>
				<timestamp>7132.399474</timestamp>
			</report>
			<report>
				<misses>1130000001</misses>
				<total>0</total>
				<timestamp>7133.034156</timestamp>
			</report>
			<report>
				<misses>1130100001</misses>
				<total>0</total>
				<timestamp>7133.669158</timestamp>
			</report>
			<report>
				<misses>1130200001</misses>
				<total>0</total>
				<timestamp>7134.299070</timestamp>
			</report>
			<report>
				<misses>1130300001</misses>
				<total>0</total>
				<timestamp>7134.935837</timestamp>
			</report>
			<report>
				<misses>1130400001</misses>
				<total>0</total>
				<timestamp>7135.568405</timestamp>
			</report>
			<report>
				<misses>1130500001</misses>
				<total>0</total>
				<timestamp>7136.199007</timestamp>
			</report>
			<report>
				<misses>1130600001</misses>
				<total>0</total>
				<timestamp>7136.823898</timestamp>
			</report>
			<report>
				<misses>1130700001</misses>
				<total>0</total>
				<timestamp>7137.453063</timestamp>
			</report>
			<report>
				<misses>1130800001</misses>
				<total>0</total>
				<timestamp>7138.099131</timestamp>
			</report>
			<report>
				<misses>1130900001</misses>
				<total>0</total>
				<timestamp>7138.720875</timestamp>
			</report>
			<report>
				<misses>1131000001</misses>
				<total>0</total>
				<timestamp>7139.350466</timestamp>
			</report>
			<report>
				<misses>1131100001</misses>
				<total>0</total>
				<timestamp>7139.981079</timestamp>
			</report>
			<report>
				<misses>1131200001</misses>
				<total>0</total>
				<timestamp>7140.626281</timestamp>
			</report>
			<report>
				<misses>1131300001</misses>
				<total>0</total>
				<timestamp>7141.255337</timestamp>
			</report>
			<report>
				<misses>1131400001</misses>
				<total>0</total>
				<timestamp>7141.887029</timestamp>
			</report>
			<report>
				<misses>1131500001</misses>
				<total>0</total>
				<timestamp>7142.513346</timestamp>
			</report>
			<report>
				<misses>1131600001</misses>
				<total>0</total>
				<timestamp>7143.139425</timestamp>
			</report>
			<report>
				<misses>1131700001</misses>
				<total>0</total>
				<timestamp>7143.766746</timestamp>
			</report>
			<report>
				<misses>1131800001</misses>
				<total>0</total>
				<timestamp>7144.396600</timestamp>
			</report>
			<report>
				<misses>1131900001</misses>
				<total>0</total>
				<timestamp>7145.022507</timestamp>
			</report>
			<report>
				<misses>1132000001</misses>
				<total>0</total>
				<timestamp>7145.651048</timestamp>
			</report>
			<report>
				<misses>1132100001</misses>
				<total>0</total>
				<timestamp>7146.283750</timestamp>
			</report>
			<report>
				<misses>1132200001</misses>
				<total>0</total>
				<timestamp>7146.914531</timestamp>
			</report>
			<report>
				<misses>1132300001</misses>
				<total>0</total>
				<timestamp>7147.564639</timestamp>
			</report>
			<report>
				<misses>1132400001</misses>
				<total>0</total>
				<timestamp>7148.197965</timestamp>
			</report>
			<report>
				<misses>1132500001</misses>
				<total>0</total>
				<timestamp>7148.819538</timestamp>
			</report>
			<report>
				<misses>1132600001</misses>
				<total>0</total>
				<timestamp>7149.454272</timestamp>
			</report>
			<report>
				<misses>1132700001</misses>
				<total>0</total>
				<timestamp>7150.101775</timestamp>
			</report>
			<report>
				<misses>1132800001</misses>
				<total>0</total>
				<timestamp>7150.728553</timestamp>
			</report>
			<report>
				<misses>1132900001</misses>
				<total>0</total>
				<timestamp>7151.352472</timestamp>
			</report>
			<report>
				<misses>1133000001</misses>
				<total>0</total>
				<timestamp>7151.984403</timestamp>
			</report>
			<report>
				<misses>1133100001</misses>
				<total>0</total>
				<timestamp>7152.612822</timestamp>
			</report>
			<report>
				<misses>1133200001</misses>
				<total>0</total>
				<timestamp>7153.244137</timestamp>
			</report>
			<report>
				<misses>1133300001</misses>
				<total>0</total>
				<timestamp>7153.867929</timestamp>
			</report>
			<report>
				<misses>1133400001</misses>
				<total>0</total>
				<timestamp>7154.490183</timestamp>
			</report>
			<report>
				<misses>1133500001</misses>
				<total>0</total>
				<timestamp>7155.127005</timestamp>
			</report>
			<report>
				<misses>1133600001</misses>
				<total>0</total>
				<timestamp>7155.755448</timestamp>
			</report>
			<report>
				<misses>1133700001</misses>
				<total>0</total>
				<timestamp>7156.386706</timestamp>
			</report>
			<report>
				<misses>1133800001</misses>
				<total>0</total>
				<timestamp>7157.012965</timestamp>
			</report>
			<report>
				<misses>1133900001</misses>
				<total>0</total>
				<timestamp>7157.635385</timestamp>
			</report>
			<report>
				<misses>1134000001</misses>
				<total>0</total>
				<timestamp>7158.271088</timestamp>
			</report>
			<report>
				<misses>1134100001</misses>
				<total>0</total>
				<timestamp>7158.906969</timestamp>
			</report>
			<report>
				<misses>1134200001</misses>
				<total>0</total>
				<timestamp>7159.539920</timestamp>
			</report>
			<report>
				<misses>1134300001</misses>
				<total>0</total>
				<timestamp>7160.166260</timestamp>
			</report>
			<report>
				<misses>1134400001</misses>
				<total>0</total>
				<timestamp>7160.803900</timestamp>
			</report>
			<report>
				<misses>1134500001</misses>
				<total>0</total>
				<timestamp>7161.442367</timestamp>
			</report>
			<report>
				<misses>1134600001</misses>
				<total>0</total>
				<timestamp>7162.069443</timestamp>
			</report>
			<report>
				<misses>1134700001</misses>
				<total>0</total>
				<timestamp>7162.698294</timestamp>
			</report>
			<report>
				<misses>1134800001</misses>
				<total>0</total>
				<timestamp>7163.321898</timestamp>
			</report>
			<report>
				<misses>1134900001</misses>
				<total>0</total>
				<timestamp>7163.962407</timestamp>
			</report>
			<report>
				<misses>1135000001</misses>
				<total>0</total>
				<timestamp>7164.597677</timestamp>
			</report>
			<report>
				<misses>1135100001</misses>
				<total>0</total>
				<timestamp>7165.227867</timestamp>
			</report>
			<report>
				<misses>1135200001</misses>
				<total>0</total>
				<timestamp>7165.862004</timestamp>
			</report>
			<report>
				<misses>1135300001</misses>
				<total>0</total>
				<timestamp>7166.505485</timestamp>
			</report>
			<report>
				<misses>1135400001</misses>
				<total>0</total>
				<timestamp>7167.135022</timestamp>
			</report>
			<report>
				<misses>1135500001</misses>
				<total>0</total>
				<timestamp>7167.772761</timestamp>
			</report>
			<report>
				<misses>1135600001</misses>
				<total>0</total>
				<timestamp>7168.405026</timestamp>
			</report>
			<report>
				<misses>1135700001</misses>
				<total>0</total>
				<timestamp>7169.033771</timestamp>
			</report>
			<report>
				<misses>1135800001</misses>
				<total>0</total>
				<timestamp>7169.658758</timestamp>
			</report>
			<report>
				<misses>1135900001</misses>
				<total>0</total>
				<timestamp>7170.287929</timestamp>
			</report>
			<report>
				<misses>1136000001</misses>
				<total>0</total>
				<timestamp>7170.915054</timestamp>
			</report>
			<report>
				<misses>1136100001</misses>
				<total>0</total>
				<timestamp>7171.540135</timestamp>
			</report>
			<report>
				<misses>1136200001</misses>
				<total>0</total>
				<timestamp>7172.172670</timestamp>
			</report>
			<report>
				<misses>1136300001</misses>
				<total>0</total>
				<timestamp>7172.795477</timestamp>
			</report>
			<report>
				<misses>1136400001</misses>
				<total>0</total>
				<timestamp>7173.420381</timestamp>
			</report>
			<report>
				<misses>1136500001</misses>
				<total>0</total>
				<timestamp>7174.053237</timestamp>
			</report>
			<report>
				<misses>1136600001</misses>
				<total>0</total>
				<timestamp>7174.688680</timestamp>
			</report>
			<report>
				<misses>1136700001</misses>
				<total>0</total>
				<timestamp>7175.326323</timestamp>
			</report>
			<report>
				<misses>1136800001</misses>
				<total>0</total>
				<timestamp>7175.953796</timestamp>
			</report>
			<report>
				<misses>1136900001</misses>
				<total>0</total>
				<timestamp>7176.575874</timestamp>
			</report>
			<report>
				<misses>1137000001</misses>
				<total>0</total>
				<timestamp>7177.205589</timestamp>
			</report>
			<report>
				<misses>1137100001</misses>
				<total>0</total>
				<timestamp>7177.846972</timestamp>
			</report>
			<report>
				<misses>1137200001</misses>
				<total>0</total>
				<timestamp>7178.486154</timestamp>
			</report>
			<report>
				<misses>1137300001</misses>
				<total>0</total>
				<timestamp>7179.109678</timestamp>
			</report>
			<report>
				<misses>1137400001</misses>
				<total>0</total>
				<timestamp>7179.738554</timestamp>
			</report>
			<report>
				<misses>1137500001</misses>
				<total>0</total>
				<timestamp>7180.368602</timestamp>
			</report>
			<report>
				<misses>1137600001</misses>
				<total>0</total>
				<timestamp>7180.996013</timestamp>
			</report>
			<report>
				<misses>1137700001</misses>
				<total>0</total>
				<timestamp>7181.632754</timestamp>
			</report>
			<report>
				<misses>1137800001</misses>
				<total>0</total>
				<timestamp>7182.270853</timestamp>
			</report>
			<report>
				<misses>1137900001</misses>
				<total>0</total>
				<timestamp>7182.899349</timestamp>
			</report>
			<report>
				<misses>1138000001</misses>
				<total>0</total>
				<timestamp>7183.532878</timestamp>
			</report>
			<report>
				<misses>1138100001</misses>
				<total>0</total>
				<timestamp>7184.161072</timestamp>
			</report>
			<report>
				<misses>1138200001</misses>
				<total>0</total>
				<timestamp>7184.795670</timestamp>
			</report>
			<report>
				<misses>1138300001</misses>
				<total>0</total>
				<timestamp>7185.423549</timestamp>
			</report>
			<report>
				<misses>1138400001</misses>
				<total>0</total>
				<timestamp>7186.048075</timestamp>
			</report>
			<report>
				<misses>1138500001</misses>
				<total>0</total>
				<timestamp>7186.674893</timestamp>
			</report>
			<report>
				<misses>1138600001</misses>
				<total>0</total>
				<timestamp>7187.303964</timestamp>
			</report>
			<report>
				<misses>1138700001</misses>
				<total>0</total>
				<timestamp>7187.938123</timestamp>
			</report>
			<report>
				<misses>1138800001</misses>
				<total>0</total>
				<timestamp>7188.568158</timestamp>
			</report>
			<report>
				<misses>1138900001</misses>
				<total>0</total>
				<timestamp>7189.195416</timestamp>
			</report>
			<report>
				<misses>1139000001</misses>
				<total>0</total>
				<timestamp>7189.829510</timestamp>
			</report>
			<report>
				<misses>1139100001</misses>
				<total>0</total>
				<timestamp>7190.457021</timestamp>
			</report>
			<report>
				<misses>1139200001</misses>
				<total>0</total>
				<timestamp>7191.098332</timestamp>
			</report>
			<report>
				<misses>1139300001</misses>
				<total>0</total>
				<timestamp>7191.722619</timestamp>
			</report>
			<report>
				<misses>1139400001</misses>
				<total>0</total>
				<timestamp>7192.351752</timestamp>
			</report>
			<report>
				<misses>1139500001</misses>
				<total>0</total>
				<timestamp>7192.983985</timestamp>
			</report>
			<report>
				<misses>1139600001</misses>
				<total>0</total>
				<timestamp>7193.618342</timestamp>
			</report>
			<report>
				<misses>1139700001</misses>
				<total>0</total>
				<timestamp>7194.245868</timestamp>
			</report>
			<report>
				<misses>1139800001</misses>
				<total>0</total>
				<timestamp>7194.875268</timestamp>
			</report>
			<report>
				<misses>1139900001</misses>
				<total>0</total>
				<timestamp>7195.512426</timestamp>
			</report>
			<report>
				<misses>1140000001</misses>
				<total>0</total>
				<timestamp>7196.143684</timestamp>
			</report>
			<report>
				<misses>1140100001</misses>
				<total>0</total>
				<timestamp>7196.769991</timestamp>
			</report>
			<report>
				<misses>1140200001</misses>
				<total>0</total>
				<timestamp>7197.390278</timestamp>
			</report>
			<report>
				<misses>1140300001</misses>
				<total>0</total>
				<timestamp>7198.018418</timestamp>
			</report>
			<report>
				<misses>1140400001</misses>
				<total>0</total>
				<timestamp>7198.646045</timestamp>
			</report>
		</query>
	</custom>
	<ethtool_statistic>
		<rx_packets>
			<start>115653</start>
			<end>291952563</end>
		</rx_packets>
		<tx_packets>
			<start>907</start>
			<end>1140491702</end>
		</tx_packets>
		<rx_dropped>
			<start>0</start>
			<end>0</end>
		</rx_dropped>
		<tx_dropped>
			<start>0</start>
			<end>0</end>
		</tx_dropped>
		<collisions>
			<start>0</start>
			<end>0</end>
		</collisions>
		<port_tx_errors>
			<start>0</start>
			<end>0</end>
		</port_tx_errors>
		<port_rx_dropped>
			<start>0</start>
			<end>0</end>
		</port_rx_dropped>
		<port_tx_dropped_link_down>
			<start>2</start>
			<end>2</end>
		</port_tx_dropped_link_down>
	</ethtool_statistic>
	<ip_statistic>
		<mtu>
			<start>9000</start>
			<end>9000</end>
		</mtu>
		<rx_bytes>
			<start>15468016</start>
			<end>35618627888</end>
		</rx_bytes>
		<rx_packets>
			<start>115907</start>
			<end>291952563</end>
		</rx_packets>
		<rx_errors>
			<start>0</start>
			<end>0</end>
		</rx_errors>
		<rx_dropped>
			<start>0</start>
			<end>0</end>
		</rx_dropped>
		<rx_missed>
			<start>0</start>
			<end>0</end>
		</rx_missed>
		<rx_mcast>
			<start>8</start>
			<end>16</end>
		</rx_mcast>
		<tx_bytes>
			<start>114982</start>
			<end>139138907120</end>
		</tx_bytes>
		<tx_packets>
			<start>907</start>
			<end>1140491702</end>
		</tx_packets>
		<tx_errors>
			<start>0</start>
			<end>0</end>
		</tx_errors>
		<tx_dropped>
			<start>0</start>
			<end>0</end>
		</tx_dropped>
		<tx_carrier>
			<start>0</start>
			<end>0</end>
		</tx_carrier>
		<tx_collisions>
			<start>0</start>
			<end>0</end>
		</tx_collisions>
	</ip_statistic>
	<netstat_statistic>
		<udp_pkg_rec>
			<start>260111</start>
			<end>586040771</end>
		</udp_pkg_rec>
		<udp_pkg_snt>
			<start>30139</start>
			<end>2237032495</end>
		</udp_pkg_snt>
		<udp_rec_err>
			<start>0</start>
			<end>0</end>
		</udp_rec_err>
		<udp_rec_buf_err>
			<start>0</start>
			<end>0</end>
		</udp_rec_buf_err>
		<udp_snt_buf_err>
			<start>0</start>
			<end>0</end>
		</udp_snt_buf_err>
	</netstat_statistic>
</test_results>
