<?xml version="1.0"?>
<test_results>
	<status>STATUS_SUCCESS</status>
	<custom>
		<num_loss>111</num_loss>
		<num_total>2000001</num_total>
		<num_misses>2</num_misses>
		<elapsed_time>440.000230</elapsed_time>
		<query />
	</custom>
	<ethtool_statistic>
		<rx_packets>
			<start>3915250606</start>
			<end>3950532401</end>
		</rx_packets>
		<tx_packets>
			<start>6470682145</start>
			<end>6530749198</end>
		</tx_packets>
		<rx_dropped>
			<start>0</start>
			<end>0</end>
		</rx_dropped>
		<tx_dropped>
			<start>0</start>
			<end>0</end>
		</tx_dropped>
		<collisions>
			<start>0</start>
			<end>0</end>
		</collisions>
		<port_tx_errors>
			<start>0</start>
			<end>0</end>
		</port_tx_errors>
		<port_rx_dropped>
			<start>0</start>
			<end>0</end>
		</port_rx_dropped>
		<port_tx_dropped_link_down>
			<start>0</start>
			<end>0</end>
		</port_tx_dropped_link_down>
	</ethtool_statistic>
	<ip_statistic>
		<mtu>
			<start>9000</start>
			<end>9000</end>
		</mtu>
		<rx_bytes>
			<start>16007746645781</start>
			<end>16153638515543</end>
		</rx_bytes>
		<rx_packets>
			<start>3915250936</start>
			<end>3950532655</end>
		</rx_packets>
		<rx_errors>
			<start>0</start>
			<end>0</end>
		</rx_errors>
		<rx_dropped>
			<start>0</start>
			<end>0</end>
		</rx_dropped>
		<rx_missed>
			<start>0</start>
			<end>0</end>
		</rx_missed>
		<rx_mcast>
			<start>2270</start>
			<end>2276</end>
		</rx_mcast>
		<tx_bytes>
			<start>19002604534829</start>
			<end>19245447752359</end>
		</tx_bytes>
		<tx_packets>
			<start>6470682159</start>
			<end>6530749605</end>
		</tx_packets>
		<tx_errors>
			<start>0</start>
			<end>0</end>
		</tx_errors>
		<tx_dropped>
			<start>0</start>
			<end>0</end>
		</tx_dropped>
		<tx_carrier>
			<start>0</start>
			<end>0</end>
		</tx_carrier>
		<tx_collisions>
			<start>0</start>
			<end>0</end>
		</tx_collisions>
	</ip_statistic>
	<netstat_statistic>
		<udp_pkg_rec>
			<start>3289692267</start>
			<end>3320343237</end>
		</udp_pkg_rec>
		<udp_pkg_snt>
			<start>6345195880</start>
			<end>6391265753</end>
		</udp_pkg_snt>
		<udp_rec_err>
			<start>626254502</start>
			<end>630887336</end>
		</udp_rec_err>
		<udp_rec_buf_err>
			<start>626254502</start>
			<end>630887336</end>
		</udp_rec_buf_err>
		<udp_snt_buf_err>
			<start>0</start>
			<end>0</end>
		</udp_snt_buf_err>
	</netstat_statistic>
</test_results>
