<?xml version="1.0"?>
<test_results>
	<status>STATUS_SUCCESS</status>
	<custom>
		<num_loss>72</num_loss>
		<num_total>13300001</num_total>
		<num_misses>73828629</num_misses>
		<elapsed_time>217.821347</elapsed_time>
		<query>
			<report>
				<misses>100000</misses>
				<total>2</total>
				<timestamp>1.716657</timestamp>
			</report>
			<report>
				<misses>200000</misses>
				<total>1</total>
				<timestamp>3.432843</timestamp>
			</report>
			<report>
				<misses>300000</misses>
				<total>4</total>
				<timestamp>5.096785</timestamp>
			</report>
			<report>
				<misses>400000</misses>
				<total>1</total>
				<timestamp>6.717468</timestamp>
			</report>
			<report>
				<misses>500000</misses>
				<total>2</total>
				<timestamp>8.337131</timestamp>
			</report>
			<report>
				<misses>600000</misses>
				<total>1</total>
				<timestamp>10.011290</timestamp>
			</report>
			<report>
				<misses>700000</misses>
				<total>2</total>
				<timestamp>11.691403</timestamp>
			</report>
			<report>
				<misses>800000</misses>
				<total>1</total>
				<timestamp>13.378629</timestamp>
			</report>
			<report>
				<misses>900000</misses>
				<total>2</total>
				<timestamp>15.024823</timestamp>
			</report>
			<report>
				<misses>1000000</misses>
				<total>2</total>
				<timestamp>16.682993</timestamp>
			</report>
			<report>
				<misses>1100000</misses>
				<total>4</total>
				<timestamp>18.284298</timestamp>
			</report>
			<report>
				<misses>1200000</misses>
				<total>0</total>
				<timestamp>19.840043</timestamp>
			</report>
			<report>
				<misses>1300000</misses>
				<total>2</total>
				<timestamp>21.395535</timestamp>
			</report>
			<report>
				<misses>1400000</misses>
				<total>1</total>
				<timestamp>22.967042</timestamp>
			</report>
			<report>
				<misses>1500000</misses>
				<total>2</total>
				<timestamp>24.638251</timestamp>
			</report>
			<report>
				<misses>1600000</misses>
				<total>1</total>
				<timestamp>26.312553</timestamp>
			</report>
			<report>
				<misses>1700000</misses>
				<total>2</total>
				<timestamp>27.979941</timestamp>
			</report>
			<report>
				<misses>1800000</misses>
				<total>5</total>
				<timestamp>29.653968</timestamp>
			</report>
			<report>
				<misses>1900000</misses>
				<total>3</total>
				<timestamp>31.325920</timestamp>
			</report>
			<report>
				<misses>2000000</misses>
				<total>0</total>
				<timestamp>32.969244</timestamp>
			</report>
			<report>
				<misses>2100000</misses>
				<total>2</total>
				<timestamp>34.547567</timestamp>
			</report>
			<report>
				<misses>2200000</misses>
				<total>2</total>
				<timestamp>36.114212</timestamp>
			</report>
			<report>
				<misses>2300000</misses>
				<total>2</total>
				<timestamp>37.683339</timestamp>
			</report>
			<report>
				<misses>2400000</misses>
				<total>0</total>
				<timestamp>39.250810</timestamp>
			</report>
			<report>
				<misses>2500000</misses>
				<total>1</total>
				<timestamp>40.921615</timestamp>
			</report>
			<report>
				<misses>2600000</misses>
				<total>5</total>
				<timestamp>42.568841</timestamp>
			</report>
			<report>
				<misses>2700000</misses>
				<total>1</total>
				<timestamp>44.218696</timestamp>
			</report>
			<report>
				<misses>2800000</misses>
				<total>4</total>
				<timestamp>45.856590</timestamp>
			</report>
			<report>
				<misses>2900000</misses>
				<total>1</total>
				<timestamp>47.501331</timestamp>
			</report>
			<report>
				<misses>3000000</misses>
				<total>1</total>
				<timestamp>49.142213</timestamp>
			</report>
			<report>
				<misses>3100000</misses>
				<total>2</total>
				<timestamp>50.723328</timestamp>
			</report>
			<report>
				<misses>3200000</misses>
				<total>5</total>
				<timestamp>52.291120</timestamp>
			</report>
			<report>
				<misses>3300000</misses>
				<total>2</total>
				<timestamp>53.851786</timestamp>
			</report>
			<report>
				<misses>3400000</misses>
				<total>1</total>
				<timestamp>55.417891</timestamp>
			</report>
			<report>
				<misses>3500000</misses>
				<total>1</total>
				<timestamp>57.110301</timestamp>
			</report>
			<report>
				<misses>3600000</misses>
				<total>2</total>
				<timestamp>58.740903</timestamp>
			</report>
			<report>
				<misses>3700000</misses>
				<total>3</total>
				<timestamp>60.401753</timestamp>
			</report>
			<report>
				<misses>3800000</misses>
				<total>2</total>
				<timestamp>62.038055</timestamp>
			</report>
			<report>
				<misses>3900000</misses>
				<total>2</total>
				<timestamp>63.705422</timestamp>
			</report>
			<report>
				<misses>4000000</misses>
				<total>4</total>
				<timestamp>65.341604</timestamp>
			</report>
			<report>
				<misses>4100000</misses>
				<total>0</total>
				<timestamp>66.941227</timestamp>
			</report>
			<report>
				<misses>4200000</misses>
				<total>2</total>
				<timestamp>68.543557</timestamp>
			</report>
			<report>
				<misses>4300000</misses>
				<total>3</total>
				<timestamp>70.112061</timestamp>
			</report>
			<report>
				<misses>4400000</misses>
				<total>1</total>
				<timestamp>71.715913</timestamp>
			</report>
			<report>
				<misses>4500000</misses>
				<total>0</total>
				<timestamp>73.373258</timestamp>
			</report>
			<report>
				<misses>4600000</misses>
				<total>3</total>
				<timestamp>75.016649</timestamp>
			</report>
			<report>
				<misses>4700000</misses>
				<total>2</total>
				<timestamp>76.722792</timestamp>
			</report>
			<report>
				<misses>4800000</misses>
				<total>1</total>
				<timestamp>78.450594</timestamp>
			</report>
			<report>
				<misses>4900000</misses>
				<total>3</total>
				<timestamp>80.133462</timestamp>
			</report>
			<report>
				<misses>5000000</misses>
				<total>2</total>
				<timestamp>81.777872</timestamp>
			</report>
			<report>
				<misses>5100000</misses>
				<total>5</total>
				<timestamp>83.457139</timestamp>
			</report>
			<report>
				<misses>5200000</misses>
				<total>2</total>
				<timestamp>85.154301</timestamp>
			</report>
			<report>
				<misses>5300000</misses>
				<total>4</total>
				<timestamp>86.839628</timestamp>
			</report>
			<report>
				<misses>5400000</misses>
				<total>5</total>
				<timestamp>88.509592</timestamp>
			</report>
			<report>
				<misses>5500000</misses>
				<total>2</total>
				<timestamp>90.161955</timestamp>
			</report>
			<report>
				<misses>5600000</misses>
				<total>2</total>
				<timestamp>91.810940</timestamp>
			</report>
			<report>
				<misses>5700000</misses>
				<total>5</total>
				<timestamp>93.498913</timestamp>
			</report>
			<report>
				<misses>5800000</misses>
				<total>6</total>
				<timestamp>95.195214</timestamp>
			</report>
			<report>
				<misses>5900000</misses>
				<total>3</total>
				<timestamp>96.877060</timestamp>
			</report>
			<report>
				<misses>6000000</misses>
				<total>2</total>
				<timestamp>98.559960</timestamp>
			</report>
			<report>
				<misses>6100000</misses>
				<total>1</total>
				<timestamp>100.234202</timestamp>
			</report>
			<report>
				<misses>6200000</misses>
				<total>1</total>
				<timestamp>101.903640</timestamp>
			</report>
			<report>
				<misses>6300000</misses>
				<total>2</total>
				<timestamp>103.588357</timestamp>
			</report>
			<report>
				<misses>6400000</misses>
				<total>1</total>
				<timestamp>105.230629</timestamp>
			</report>
			<report>
				<misses>6500000</misses>
				<total>1</total>
				<timestamp>106.803104</timestamp>
			</report>
			<report>
				<misses>6600000</misses>
				<total>3</total>
				<timestamp>108.362608</timestamp>
			</report>
			<report>
				<misses>6700000</misses>
				<total>3</total>
				<timestamp>109.940703</timestamp>
			</report>
			<report>
				<misses>6800000</misses>
				<total>3</total>
				<timestamp>111.525709</timestamp>
			</report>
			<report>
				<misses>6900000</misses>
				<total>0</total>
				<timestamp>113.186616</timestamp>
			</report>
			<report>
				<misses>7000000</misses>
				<total>1</total>
				<timestamp>114.873102</timestamp>
			</report>
			<report>
				<misses>7100000</misses>
				<total>2</total>
				<timestamp>116.534692</timestamp>
			</report>
			<report>
				<misses>7200000</misses>
				<total>4</total>
				<timestamp>118.212585</timestamp>
			</report>
			<report>
				<misses>7300000</misses>
				<total>6</total>
				<timestamp>119.877068</timestamp>
			</report>
			<report>
				<misses>7400000</misses>
				<total>5</total>
				<timestamp>121.528146</timestamp>
			</report>
			<report>
				<misses>7500000</misses>
				<total>5</total>
				<timestamp>123.104970</timestamp>
			</report>
			<report>
				<misses>7600000</misses>
				<total>1</total>
				<timestamp>124.668095</timestamp>
			</report>
			<report>
				<misses>7700000</misses>
				<total>3</total>
				<timestamp>126.252480</timestamp>
			</report>
			<report>
				<misses>7800000</misses>
				<total>3</total>
				<timestamp>127.843776</timestamp>
			</report>
			<report>
				<misses>7900000</misses>
				<total>2</total>
				<timestamp>129.498859</timestamp>
			</report>
			<report>
				<misses>8000000</misses>
				<total>3</total>
				<timestamp>131.182317</timestamp>
			</report>
			<report>
				<misses>8100000</misses>
				<total>3</total>
				<timestamp>132.844501</timestamp>
			</report>
			<report>
				<misses>8200000</misses>
				<total>5</total>
				<timestamp>134.507569</timestamp>
			</report>
			<report>
				<misses>8300000</misses>
				<total>2</total>
				<timestamp>136.151202</timestamp>
			</report>
			<report>
				<misses>8400000</misses>
				<total>2</total>
				<timestamp>137.736824</timestamp>
			</report>
			<report>
				<misses>8500000</misses>
				<total>2</total>
				<timestamp>139.302047</timestamp>
			</report>
			<report>
				<misses>8600000</misses>
				<total>4</total>
				<timestamp>140.887395</timestamp>
			</report>
			<report>
				<misses>8700000</misses>
				<total>1</total>
				<timestamp>142.480400</timestamp>
			</report>
			<report>
				<misses>8800000</misses>
				<total>1</total>
				<timestamp>144.095518</timestamp>
			</report>
			<report>
				<misses>8900000</misses>
				<total>2</total>
				<timestamp>145.746991</timestamp>
			</report>
			<report>
				<misses>9000000</misses>
				<total>4</total>
				<timestamp>147.427103</timestamp>
			</report>
			<report>
				<misses>9100000</misses>
				<total>1</total>
				<timestamp>149.083559</timestamp>
			</report>
			<report>
				<misses>9200000</misses>
				<total>1</total>
				<timestamp>150.750318</timestamp>
			</report>
			<report>
				<misses>9300000</misses>
				<total>4</total>
				<timestamp>152.421019</timestamp>
			</report>
			<report>
				<misses>9400000</misses>
				<total>49</total>
				<timestamp>154.092091</timestamp>
			</report>
			<report>
				<misses>9500000</misses>
				<total>49</total>
				<timestamp>155.684626</timestamp>
			</report>
			<report>
				<misses>9600000</misses>
				<total>46</total>
				<timestamp>157.290925</timestamp>
			</report>
			<report>
				<misses>9700000</misses>
				<total>46</total>
				<timestamp>158.907401</timestamp>
			</report>
			<report>
				<misses>9800000</misses>
				<total>46</total>
				<timestamp>160.543981</timestamp>
			</report>
			<report>
				<misses>9900000</misses>
				<total>45</total>
				<timestamp>162.235428</timestamp>
			</report>
			<report>
				<misses>10000000</misses>
				<total>46</total>
				<timestamp>163.900249</timestamp>
			</report>
			<report>
				<misses>10100000</misses>
				<total>46</total>
				<timestamp>165.543220</timestamp>
			</report>
			<report>
				<misses>10200000</misses>
				<total>47</total>
				<timestamp>167.260734</timestamp>
			</report>
			<report>
				<misses>10300000</misses>
				<total>46</total>
				<timestamp>168.963819</timestamp>
			</report>
			<report>
				<misses>10400000</misses>
				<total>47</total>
				<timestamp>170.596512</timestamp>
			</report>
			<report>
				<misses>10500000</misses>
				<total>49</total>
				<timestamp>172.211372</timestamp>
			</report>
			<report>
				<misses>10600000</misses>
				<total>46</total>
				<timestamp>173.878956</timestamp>
			</report>
			<report>
				<misses>10700000</misses>
				<total>50</total>
				<timestamp>175.533889</timestamp>
			</report>
			<report>
				<misses>10800000</misses>
				<total>48</total>
				<timestamp>177.199273</timestamp>
			</report>
			<report>
				<misses>10900000</misses>
				<total>49</total>
				<timestamp>178.884470</timestamp>
			</report>
			<report>
				<misses>11000000</misses>
				<total>47</total>
				<timestamp>180.491904</timestamp>
			</report>
			<report>
				<misses>11100000</misses>
				<total>48</total>
				<timestamp>182.102915</timestamp>
			</report>
			<report>
				<misses>11200000</misses>
				<total>47</total>
				<timestamp>183.673387</timestamp>
			</report>
			<report>
				<misses>11300000</misses>
				<total>46</total>
				<timestamp>185.284120</timestamp>
			</report>
			<report>
				<misses>11400000</misses>
				<total>49</total>
				<timestamp>186.965857</timestamp>
			</report>
			<report>
				<misses>11500000</misses>
				<total>49</total>
				<timestamp>188.688162</timestamp>
			</report>
			<report>
				<misses>11600000</misses>
				<total>46</total>
				<timestamp>190.368183</timestamp>
			</report>
			<report>
				<misses>11700000</misses>
				<total>47</total>
				<timestamp>192.022966</timestamp>
			</report>
			<report>
				<misses>11800000</misses>
				<total>49</total>
				<timestamp>193.698129</timestamp>
			</report>
			<report>
				<misses>11900000</misses>
				<total>46</total>
				<timestamp>195.363918</timestamp>
			</report>
			<report>
				<misses>12000000</misses>
				<total>48</total>
				<timestamp>196.947245</timestamp>
			</report>
			<report>
				<misses>12100000</misses>
				<total>46</total>
				<timestamp>198.524050</timestamp>
			</report>
			<report>
				<misses>12200000</misses>
				<total>49</total>
				<timestamp>200.105253</timestamp>
			</report>
			<report>
				<misses>12300000</misses>
				<total>48</total>
				<timestamp>201.666859</timestamp>
			</report>
			<report>
				<misses>12400000</misses>
				<total>46</total>
				<timestamp>203.316454</timestamp>
			</report>
			<report>
				<misses>12500000</misses>
				<total>46</total>
				<timestamp>204.920427</timestamp>
			</report>
			<report>
				<misses>12600000</misses>
				<total>47</total>
				<timestamp>206.549134</timestamp>
			</report>
			<report>
				<misses>12700000</misses>
				<total>46</total>
				<timestamp>208.215986</timestamp>
			</report>
			<report>
				<misses>12800000</misses>
				<total>46</total>
				<timestamp>209.838865</timestamp>
			</report>
			<report>
				<misses>12900000</misses>
				<total>45</total>
				<timestamp>211.467951</timestamp>
			</report>
			<report>
				<misses>13000000</misses>
				<total>46</total>
				<timestamp>213.073191</timestamp>
			</report>
			<report>
				<misses>13100000</misses>
				<total>48</total>
				<timestamp>214.666854</timestamp>
			</report>
			<report>
				<misses>13200000</misses>
				<total>47</total>
				<timestamp>216.251285</timestamp>
			</report>
			<report>
				<misses>13300000</misses>
				<total>72</total>
				<timestamp>217.821322</timestamp>
			</report>
		</query>
	</custom>
	<ethtool_statistic>
		<rx_packets>
			<start>12646</start>
			<end>12792</end>
		</rx_packets>
		<tx_packets>
			<start>1021018979</start>
			<end>1114118201</end>
		</tx_packets>
		<rx_dropped>
			<start>0</start>
			<end>0</end>
		</rx_dropped>
		<tx_dropped>
			<start>0</start>
			<end>0</end>
		</tx_dropped>
		<collisions>
			<start>0</start>
			<end>0</end>
		</collisions>
		<port_tx_errors>
			<start>0</start>
			<end>0</end>
		</port_tx_errors>
		<port_rx_dropped>
			<start>0</start>
			<end>0</end>
		</port_rx_dropped>
		<port_tx_dropped_link_down>
			<start>0</start>
			<end>0</end>
		</port_tx_dropped_link_down>
	</ethtool_statistic>
	<ip_statistic>
		<mtu>
			<start>1500</start>
			<end>1500</end>
		</mtu>
		<rx_bytes>
			<start>824890</start>
			<end>833650</end>
		</rx_bytes>
		<rx_packets>
			<start>12646</start>
			<end>12792</end>
		</rx_packets>
		<rx_errors>
			<start>0</start>
			<end>0</end>
		</rx_errors>
		<rx_dropped>
			<start>0</start>
			<end>0</end>
		</rx_dropped>
		<rx_missed>
			<start>0</start>
			<end>0</end>
		</rx_missed>
		<rx_mcast>
			<start>1835</start>
			<end>1835</end>
		</rx_mcast>
		<tx_bytes>
			<start>124563429342</start>
			<end>246204028738</end>
		</tx_bytes>
		<tx_packets>
			<start>1021018979</start>
			<end>1114118201</end>
		</tx_packets>
		<tx_errors>
			<start>0</start>
			<end>0</end>
		</tx_errors>
		<tx_dropped>
			<start>0</start>
			<end>0</end>
		</tx_dropped>
		<tx_carrier>
			<start>0</start>
			<end>0</end>
		</tx_carrier>
		<tx_collisions>
			<start>0</start>
			<end>0</end>
		</tx_collisions>
	</ip_statistic>
	<netstat_statistic>
		<udp_pkg_rec>
			<start>421135578</start>
			<end>434637157</end>
		</udp_pkg_rec>
		<udp_pkg_snt>
			<start>1467711279</start>
			<end>1496276486</end>
		</udp_pkg_snt>
		<udp_rec_err>
			<start>91666960</start>
			<end>93500302</end>
		</udp_rec_err>
		<udp_rec_buf_err>
			<start>91666960</start>
			<end>93500302</end>
		</udp_rec_buf_err>
		<udp_snt_buf_err>
			<start>0</start>
			<end>0</end>
		</udp_snt_buf_err>
	</netstat_statistic>
</test_results>
